ини#here -з#DAT
лагь#say -ана#AOR
кхьи#write
я#scratch
гьар#every
ви#2sg.gen
девлет#country
фикир#attention -да#IN -й#EL
ваз#you
ф#go -ена#AOR
им#it
руш#girl а#OBL -з#DAT
гум#smoke
кӏан#want -зава#IMPF
са#one
аял#child
накьв#soil
атана.агакьда#REACHED.ENT
ава#cop
лугь#say -уда#ENT
лагь#say -ана#AOR
ва#and
лагь#say -ана#AOR
капаш#handful
кӏан#want -зава#IMPF
бере#time
ча#1pl.gen -з#DAT
бурулгъан#whirlpool
пел#hill -е#OBL -л#SP -NULL#ESS
иер#beautiful
кьил#head
кьве#two
акъуд#get.out -зава#IMPF
аку#look.IMPV
стха#brother -ди#OBL -в#AD -ай#EL
къакъуд#remove -на#AOR
притча#parable
кӏвач#leg -а#OBL -л#SP -NULL#ESS
кас#man
мизан#justice
мици#another
случай#event
миллет#nation -да#IN -й#EL
гьабур#them -ни#AND;FOCUS
палкан#horse
за#1sg.ERG -з#DAT
хер#wound
ина#here
кӏан#want -зава#IMPF -й#PTCP
гада#boy