and
island
ɴᴍʟᴢ1 be =ᴄᴏЅ ɴᴍʟᴢ.ᴘᴄFʟ =1ᴀᴜɢII
tree
Utupua.Is
ɴᴇɢ ɴᴍʟᴢ1 sick ɴᴍʟᴢ.ᴘᴄFʟ =1ᴀᴜɢII ɴᴇɢ
ᴅᴇᴍ2.ᴘʀᴏχ
Rʟ.3ᴀᴜɢ sleep =ᴄᴏЅ =3ᴀᴜɢIS
ᴅᴇᴍ2.ᴅɪѕᴛ
and
ᴘʀᴇᴘ
day
iRR give .BZ(PDIR.YON)=O(1MINI)
ᴅᴇᴍ2.ᴅɪѕᴛ
or
ᴘFᴠ
ᴘFᴠ
back.part
ɴᴍʟᴢ1 search ᴛR ɴᴍʟᴢ.ᴘᴄFʟ =1ᴀᴜɢII
ᴘFᴠ
Rʟ.3ᴀᴜɢ be =ᴄᴏЅ =3ᴀᴜɢIS
ᴘFᴠ
a
ѕᴜʙʀ
Baengr
ѕᴜʙʀ new
ɢᴇɴ1ᴀ =3ᴀᴜɢII
Rʟ hang GᴅiR.OUT ᴀᴘᴘʟ =1ᴍiɴII
ᴘʀᴇᴘ
yes
there
ɴᴍʟᴢ1 convert.s.o. ɴᴍʟᴢ.ᴘᴄFʟ =3ᴀᴜɢII
stand GᴅiR.IN PᴅiR.YON =3ᴍiɴIS
ᴛᴘɴʏᴍ
ᴘʀᴇᴘ
Rʟ ᴍiᴅ say =ᴄᴏЅ .BZ(PDIR.YON)=O(1MINI)
ɴᴇɢ feel.sad ɴᴇɢ
Bznwz.vil
ᴅᴇᴍ2.ᴅɪѕᴛ
where
captain
different ᴘʟ
dat=1augII
ɢᴇɴ1ᴀ
be.1ᴀᴜɢII
make iɴᴛЅ GᴅiR.UP
and
ᴅᴇᴍ2.ᴅɪѕᴛ
both
man ᴠR
ᴅᴀᴛ =3ᴍiɴII
ѕᴜʙʀ big
prayer
mind
and
Rʟ pick afterward =1ᴍiɴI
all
ɢᴇɴ1ᴀ
ᴘʀᴇᴘ
year
ᴅᴇᴍ2.ᴅɪѕᴛ
Rʟ break =ᴄᴏЅ
but
ᴘFᴠ
ѕᴜʙʀ
ᴍiᴅ say PᴅiR.HITHER =3ᴍiɴIA
there
ᴘʀᴇᴘ
ᴘᴄFʟ.drink =1ᴀᴜɢII
ᴘFᴠ
house
so.then
and
people
be.good
ᴘʀᴇᴘ
none.;.lack;.none
moon.
ᴅᴇᴍ2.ᴅɪѕᴛ
back.part =3ᴍiɴII
again
there
dislodged GᴅiR.DOWN
ѕᴜʙʀ
ѕᴜʙʀ big
chapter
peace
wave
miracle
Фɴᴛ.ᴘʟ
ᴄᴏᴍ.
ᴅᴇᴍ2.ᴅɪѕᴛ
some
bite iɴᴛЅ PᴅiR.YON =3ᴍiɴIA
iRR give .BZ(PDIR.YON)=O(1MINI)
3ᴀᴜɢ1 want =ᴄᴏЅ
ɴᴍʟᴢ1 paddling ɴᴍʟᴢ.ᴘᴄFʟ =3ᴀᴜɢII
Rʟ obey =ᴄᴏЅ also =3ᴍiɴIA
and
iRR live,.stay together =ᴄᴏЅ =1ᴀᴜɢI
ѕᴜʙʀ
ᴘFᴠ
ᴘʀᴇᴘ
creeper.climber
see GᴅiR.OUT PᴅiR.HITHER
gun
ᴘʀᴇᴘ
day
Rʟ sit around ᴀᴘᴘʟ =1ᴀᴜɢI
ɴᴇɢ fitting =ᴄᴏЅ =3ᴍiɴII ɴᴇɢ
ɴᴍʟᴢ1 go ɴᴍʟᴢ.ᴘᴄFʟ =1ᴀᴜɢII
those
dat=3augII
ɴᴍʟᴢ1 go ɴᴍʟᴢ.ᴘᴄFʟ =1ᴀᴜɢII
body =1ᴀᴜɢII
daughter =3ᴍiɴII ᴘʟ
ѕᴜʙʀ
WHAT
priest
ᴘʀᴇᴘ
ᴄᴏᴍ.
lightning
Rʟ shoot =ᴄᴏЅ ᴀᴘᴘʟ PᴅiR.HITHER =3ᴍiɴIA
ᴘʀᴇᴘ
be.like
thing
iRR feel.sad ᴀᴘᴘʟ
ship
WIRELESS
those
Rʟ be =STILL
stay iɴᴛЅ PᴅiR.YON
ᴅᴇᴍ2.ᴅɪѕᴛ
ᴅᴇᴍ2.ᴅɪѕᴛ
brother.of.a.female =3ᴍiɴII
ᴘᴄFʟ.rsbl
be.1ᴀᴜɢII
ɴᴍʟᴢ1 enter.in ɴᴍʟᴢ.ᴘᴄFʟ =1ᴍiɴII
be.1ᴀᴜɢII
be.schooled
neck =3ᴀᴜɢII
none.;.lack;.none
ɴᴍʟᴢ1 make ɴᴍʟᴢ.ᴘᴄFʟ
house
a
do.slowly;.slow
ɴᴍʟᴢ1 take =ᴄᴏЅ ɴᴍʟᴢ.ᴘᴄFʟ PᴅiR.HITHER
man
ᴘFᴠ
doctor
ship
again
be.3ᴍɪɴII
ᴘᴄFʟ.rsbl
star
time
ѕᴜʙʀ
time
day
and
Lungga
ᴘFᴠ
ᴘᴄFʟ.inherent =3ᴍiɴII
female
ᴘʀᴇᴘ
iRR go =ᴄᴏЅ first =1ᴍiɴI
needlefish
ɴᴍʟᴢ1 ᴍiᴅ exchange ɴᴍʟᴢ.ᴘᴄFʟ =1ᴀᴜɢII
ᴘFᴠ
Rʟ lying.down GᴅiR.DOWN PᴅiR.HITHER
ɢᴇɴ1ᴀ
ᴀᴄᴄ =1ᴍiɴII
morning
ɴᴍʟᴢ1 tell ɴᴍʟᴢ.ᴘᴄFʟ =3ᴀᴜɢII
TROCHUS
go PᴅiR.YON
ᴘFᴠ
time
ᴘʀᴇᴘ
ѕᴜʙʀ
ᴘFᴠ
ᴅᴇᴍ2.ᴅɪѕᴛ
base
3ᴀᴜɢ1 see =3ᴀᴜɢII
John
ᴘᴄFʟ.rsbl =1ᴀᴜɢII
ɴᴍʟᴢ1 ᴍiᴅ put ᴀᴘᴘʟ PᴅiR.YON
be.3ᴀᴜɢII.
ѕᴜʙʀ
and
and
ᴘFᴠ
iRR exchange =ᴄᴏЅ =3ᴍiɴIA
time
so.then
ᴀᴛ.фɴᴛ.ᴘʟ.ᴘʟ
ɴᴍʟᴢ1 make ɴᴍʟᴢ.ᴘᴄFʟ
ɢᴇɴ1ᴀ
a
go ᴅᴘᴠ GᴅiR.DOWN =3ᴍiɴIA
ᴘʀᴇᴘ
iRR see =1ᴀᴜɢI
ɴᴍʟᴢ1 fall.down ɴᴍʟᴢ.ᴘᴄFʟ PᴅiR.HITHER =3ᴀᴜɢIA
be.1ᴀᴜɢII
and
ᴀᴄᴄ =1ᴍiɴII
be.schooled
because
sea
and
ɢᴇɴ1ᴀ
CABBAGE.PALM
ᴄᴏᴍ.
feel iɴᴛЅ GᴅiR.IN =3ᴍiɴIA
name =3ᴍiɴII
marry GᴅiR.DOWN =3ᴍiɴIS
man
ᴘᴀЅ worship
ᴘᴀЅ restrict ᴀᴘᴘʟ
iRR become .BZ(PDIR.YON)=O(1MINI)
and
ᴛᴘɴʏᴍ
ᴘFᴠ
bush
and
bad GᴅiR.IN
Nemya'.
those
ᴄᴏᴍ.
ᴘʀᴇᴘ
Rʟ.3ᴀᴜɢ speak PᴅiR.HITHER
time
hear
Rʟ begin GᴅiR.IN =ᴄᴏЅ =3ᴍiɴIA
and
house
man
because
tsunami
Rʟ go =ᴄᴏЅ =1ᴀᴜɢI
ᴘᴀЅ know GᴅiR.IN PᴅiR.YON
none.;.lack;.none
there
little
field
class
those
Rʟ go =ᴄᴏЅ =1ᴀᴜɢI
ѕᴜʙʀ big
be.good
those
ᴘʀᴇᴘ
ᴅᴇᴍ2.ᴅɪѕᴛ
ᴘʀᴇᴘ
ᴅᴇᴍ2.ᴅɪѕᴛ
bird's.nest.fern
ѕᴜʙʀ
Rʟ remember =ᴄᴏЅ =3ᴍiɴIS
ᴍiᴅ say PᴅiR.YON
ᴘFᴠ
be.good
ᴛᴘɴʏᴍ
and
those
ѕᴜʙʀ
many
and
priest
RᴘRɴ2 ᴘᴄFʟ.rsbl =3ᴀᴜɢII
ᴅᴇᴍ2.ᴅɪѕᴛ
sleep =1ᴀᴜɢI
so.then
none.;.lack;.none
and
ᴅᴇᴍ2.ᴅɪѕᴛ
captain
ɴᴍʟᴢ1 leave afterward ɴᴍʟᴢ.ᴘᴄFʟ =3ᴀᴜɢII
many
iRR remove PᴅiR.YON =3ᴍiɴIA
female
be.1ᴀᴜɢII
wound.dresser
some
ɴᴇɢ sleep true =1ᴀᴜɢI ɴᴇɢ
ᴅᴇᴍ1.ᴅɪѕᴛ
iRR ᴄᴀᴜЅ carry =2ᴀᴜɢI
ᴘʀᴇᴘ
ɢᴇɴ1ᴀ =3ᴍiɴII
ACC.2augᵢᵢ
salt.water
Natqgu
first
day
ѕᴜʙʀ
ᴅᴇᴍ2.ᴅɪѕᴛ
ᴘʀᴇᴘ
Philip
if
Rʟ.3ᴀᴜɢ ᴍiᴅ peel =3ᴀᴜɢIS
ɢᴇɴ1ᴀ
ᴅᴀᴛ =3ᴍiɴII
ᴘᴄFʟ.rsbl
finished
or
time
ᴅᴇᴍ1.ᴅɪѕᴛ
that.one
and
ɴᴇɢ stay ᴀᴘᴘʟ GᴅiR.DOWN =ᴄᴏЅ ɴᴇɢ
image
arrow
and
ᴅᴀᴛ =3ᴍiɴII
people
GRACIOSA.BAY
bite
see GᴅiR.IN =1ᴀᴜɢI
basket
green
Bokapwr
be.1ᴀᴜɢII
ѕᴜʙʀ big
and
they.here
month
island
ᴘʀᴇᴘ
that.one
stone
gather
bay
ᴘʀᴇᴘ
Lvepx.vil
cross
ᴅᴇᴍ2.ᴅɪѕᴛ
Rʟ.3ᴀᴜɢ be.schooled ᴛR
ѕᴜʙʀ 3ᴀᴜɢ1 be.schooled
ѕᴜʙʀ
ᴘʀᴇᴘ
those
and
AFTER
3ᴀᴜɢ1 many
pull.out iɴᴛЅ GᴅiR.OUT =THEM
three.of.them
say =ᴄᴏЅ PᴅiR.YON
ɢᴇɴ1ᴀ
ᴅᴇᴍ2.ᴅɪѕᴛ
ᴅᴀᴛ =3ᴍiɴII
ᴘʀᴇᴘ
be.3ᴍɪɴII
week
Rʟ sick
and
search =3ᴍiɴIS
ᴘʀᴇᴘ
sixth
Lrlvz
Rʟ ᴄᴀᴜЅ break PᴅiR.YON =1ᴀᴜɢI
ᴘʀᴇᴘ
and
3ᴀᴜɢ1 say PᴅiR.YON =3ᴀᴜɢIA
they.here
hat
ѕᴜʙʀ
rain
and
pineapple
those
market
Rʟ see =ᴄᴏЅ =3ᴍiɴIA
ѕᴜʙʀ
and
people
year
thing
ᴄᴏᴍ.
iRR go know,.able,.can .BZ(PDIR.YON)=O(1MINI)
rope
priest
ᴅᴀᴛ =1ᴍiɴII
field
ɴᴇɢ be.good actually ᴀᴘᴘʟ =3ᴍiɴII ɴᴇɢ
ѕᴜʙʀ
name =3ᴍiɴII
ᴘʀᴇᴘ
Malay.apple ᴘᴄFʟ.drink =1ᴍiɴII
ᴘʀᴇᴘ
ᴘʀᴇᴘ
ѕᴜʙʀ 3ᴀᴜɢ1 little
there
day
iRR be
ᴀᴄᴄ =1ᴍiɴII
chicken;.bird
ᴘʀᴇᴘ
back.part
ᴅᴇᴍ2.ᴅɪѕᴛ
man
ᴘʀᴇᴘ
ɢᴇɴ1ᴀ
ɴᴍʟᴢ1 be ɴᴍʟᴢ.ᴘᴄFʟ
ᴘFᴠ
ᴘᴀЅ ᴍiᴅ say PᴅiR.YON
ᴏRᴅ three
wind.W
people
ᴘʀᴇᴘ
ᴅᴇᴍ2.ᴅɪѕᴛ
a
there
ᴘFᴠ
pot
but
if
ᴘᴄFʟ.ʙ&ɢ
father =1ᴍiɴII
Rʟ paddle =ᴄᴏЅ =1ᴀᴜɢI
doorway
ᴅᴇᴍ2.ᴅɪѕᴛ
Rʟ stand GᴅiR.OUT ᴀᴘᴘʟ PᴅiR.HITHER
brother =1ᴍiɴII
house
neck =3ᴀᴜɢII
cave
ᴅᴇᴍ2.ᴅɪѕᴛ
night
arrow
female
ᴛᴘɴʏᴍ
ɴᴍʟᴢ1 try ɴᴍʟᴢ.ᴘᴄFʟ PᴅiR.YON =1ᴀᴜɢI
stay,.live,.be first ᴀᴘᴘʟ =1ᴍiɴII
boat
ᴘʀᴇᴘ
ᴘʀᴇᴘ
alright
go =1ᴍiɴII
ᴅᴇᴍ2.ᴅɪѕᴛ
ɢᴇɴ1ᴀ
stone
ѕᴜʙʀ
RᴘRɴ2 ᴅᴇᴍ1.ᴅɪѕᴛ =3ᴍiɴII ᴘʟ
ѕᴜʙʀ
doctor
spider.web
Rʟ catch GᴅiR.OUT ᴀᴘᴘʟ =3ᴍiɴIS
ᴘʀᴇᴘ
there
ᴘᴄFʟ.hand
clam
there
food
ᴘʀᴇᴘ
put GᴅiR.IN together PᴅiR.YON =3ᴍiɴIA
and
ᴍiᴅ say PᴅiR.YON
lake
rain
go GᴅiR.DOWN PᴅiR.HITHER
Rʟ ᴍiᴅ say =ᴄᴏЅ PᴅiR.YON =3ᴍiɴIA
ᴘʀᴇᴘ
ɴᴍʟᴢ1 ᴍiᴅ see ᴛR ɴᴍʟᴢ.ᴘᴄFʟ =3ᴍiɴII
ᴘᴄFʟ.ʙ&ɢ =1ᴀᴜɢII
Rʟ go GᴅiR.UP =1ᴀᴜɢI
and
see =1ᴍiɴI
ᴄᴏᴍ.
morning
good
paddle GᴅiR.DOWN =3ᴍiɴIS
be.like also =3ᴍiɴIA
ѕᴜʙʀ many
3ᴀᴜɢ1 start =3ᴀᴜɢIS
3ᴀᴜɢ1 ᴍiᴅ say GᴅiR.UP PᴅiR.HITHER =3ᴀᴜɢIA
be
old.woman
those
ɢᴇɴ1ᴀ
and
ᴘFᴠ
go UᴅiR.PATH =ᴄᴏЅ PᴅiR.YON =1ᴀᴜɢI
because
and
two;.couple
ɴᴍʟᴢ1 vomit ɴᴍʟᴢ
ᴘFᴠ
ᴅᴀᴛ =2ᴍiɴII
3ᴀᴜɢ1 convert.s.o. also =3ᴀᴜɢIA
ѕᴜʙʀ one
ɴᴍʟᴢ1 go FOLLOW =ᴄᴏЅ ɴᴍʟᴢ.ᴘᴄFʟ =3ᴍiɴII
ᴘʀᴇᴘ
SOUTHERN.CROSS
thank iɴᴛЅ =ᴄᴏЅ
but
stand GᴅiR.IN PᴅiR.YON =3ᴍiɴIS
and
ᴘFᴠ
ѕᴜʙʀ
both
home.by.the.sea
ᴘᴀЅ see
ᴘFᴠ
and
things.of
wife ᴅᴇᴍ2.ᴅɪѕᴛ SPEC
none.;.lack;.none
little.bit
USA,.AMERICA
Rʟ.3ᴀᴜɢ throw.away ᴀᴘᴘʟ =3ᴀᴜɢII
thing
time
ѕᴜʙʀ
Rʟ sit GᴅiR.OUT ᴀᴘᴘʟ PᴅiR.HITHER
ѕᴜʙʀ
Jesus
Rʟ eat =2ᴀᴜɢI
ѕᴜʙʀ
day
and
finish GᴅiR.OUT PᴅiR.YON =3ᴍiɴIS
Rʟ ᴍiᴅ say =ᴄᴏЅ .BZ(PDIR.YON)=O(1MINI)
cross
ᴘᴀЅ ᴄᴀᴜЅ bad ᴛR
ɴᴍʟᴢ1 speak ɴᴍʟᴢ.ᴘᴄFʟ PᴅiR.YON
ѕᴜʙʀ
be.3ᴍɪɴII
ѕᴜʙʀ
road
one
Fiu,.Malaita
ɴᴍʟᴢ1 ᴍiᴅ say ɴᴍʟᴢ.ᴘᴄFʟ =.MQ(PDIR.HITHER)=Q(2MINI)
ɴᴇɢ allow ᴀᴘᴘʟ .BZ(PDIR.YON)=O(1MINI) ɴᴇɢ
ɴᴍʟᴢ1 construct GᴅiR.IN ɴᴍʟᴢ.ᴘᴄFʟ =3ᴍiɴII
ᴘʀᴇᴘ
ᴅᴇᴍ2.ᴅɪѕᴛ
ɢᴇɴ1ᴀ =3ᴍiɴII
time
ɴᴍʟᴢ1 see ɴᴍʟᴢ.ᴘᴄFʟ
both
be.happy ᴀᴘᴘʟ =1ᴀᴜɢI
ᴘʀᴇᴘ
this
give PᴅiR.HITHER =3ᴍiɴIA
ѕᴜʙʀ
because
year
area sun
ᴘʀᴇᴘ
Reef.Is
be.1ᴀᴜɢII
ᴘFᴠ
towel
3ᴀᴜɢ1 accept PᴅiR.YON =3ᴀᴜɢIA
Rʟ forbid ᴀᴘᴘʟ PᴅiR.YON =.MQ(PDIR.HITHER)=Q(2MINI)
water
image
ᴅᴇᴍ2.ᴅɪѕᴛ
priest
iRR be
ᴅᴇᴍ2.ᴅɪѕᴛ
Rʟ run =STILL
food
island
sun
NPROP
go GᴅiR.UP =1ᴀᴜɢI
Rʟ shoot FULLY =ᴄᴏЅ =3ᴍiɴIA
teach again =1ᴍiɴI
ᴘʀᴇᴘ
and
time
morning
ѕᴜʙʀ
point.of.land;.point;.point
be.1ᴀᴜɢII
Malaita
ᴅᴀᴛ =3ᴍiɴII
ᴘʀᴇᴘ
be.1ᴀᴜɢII
end
jump ᴅᴘᴠ iɴᴛЅ GᴅiR.IN true =1ᴀᴜɢI
John
ᴘʀᴇᴘ
people
ɢᴇɴ1ᴀ
do.not
ᴅᴇᴍ2.ᴅɪѕᴛ
where
ᴘFᴠ
and
prepare GᴅiR.UP =1ᴀᴜɢI
ѕᴜʙʀ
priest
ᴅᴇᴍ2.ᴅɪѕᴛ
town
ѕᴜʙʀ
ᴘFᴠ
and
bishop
people
doorway
priest
bang.against =ᴄᴏЅ
young.man
ᴘʀᴇᴘ
ѕᴜʙʀ
word
so.then
ѕᴜʙʀ white
FOREVER
name =3ᴍiɴII
time
so.then
monk
ᴛᴘɴʏᴍ
iRR die =3ᴀᴜɢIS
priest
book
ᴘʀᴇᴘ
Rʟ see =ᴄᴏЅ =3ᴍiɴIA
ѕᴜʙʀ
be.1ᴀᴜɢII
again
Ncnqmz
doctor
ɴᴍʟᴢ1 defecate ɴᴍʟᴢ
ᴍiᴅ say .BZ(PDIR.YON)=O(1MINI)
and
ѕᴜʙʀ
school
ᴀᴄᴄ =1ᴍiɴII
crew
there.it.is
ᴅᴇᴍ2.ᴅɪѕᴛ
grandfather =1ᴍiɴII
pass GᴅiR.UP far
ѕᴜʙʀ 3ᴀᴜɢ1 little ᴘʟ
ᴘʀᴇᴘ
walking.stick
village
ɴᴍʟᴢ1 fly ᴅЅᴛR ɴᴍʟᴢ.ᴘᴄFʟ =3ᴀᴜɢII
ᴘʀᴇᴘ
iRR sick =3ᴀᴜɢIS
ɢᴇɴ1ᴀ
tree
name =3ᴍiɴII
road
be.good
foreigner
jump iɴᴛЅ GᴅiR.IN =1ᴍiɴI
ᴄᴏᴍ.
ɴᴍʟᴢ1 ᴄᴀᴜЅ stop,.cease ɴᴍʟᴢ.ᴘᴄFʟ =3ᴀᴜɢII
ᴅᴇᴍ2.ᴅɪѕᴛ
stop
ᴅᴇᴍ2.ᴅɪѕᴛ
there
Bznwz.vil
road
SANTA.CRUZ
dat=1augII
be.schooled
those
ᴅᴇᴍ2.ᴅɪѕᴛ
Rʟ little =STILL ᴀᴘᴘʟ =1ᴍiɴII
tree
iRR become .BZ(PDIR.YON)=O(1MINI)
place
God
and
ѕᴜʙʀ
brother =3ᴍiɴII ᴘʟ
ᴘFᴠ
this.way
way
ᴄᴀᴜЅ reply PᴅiR.YON =3ᴍiɴIA
ѕᴜʙʀ
ѕᴜʙʀ
Rʟ.3ᴀᴜɢ ᴍiᴅ obey =3ᴀᴜɢIS
ᴘᴄFʟ.rsbl =2ᴍiɴII
knife
ᴅᴇᴍ1.ᴅɪѕᴛ
be.difficult
ᴅᴀᴛ =3ᴍiɴII
and
Good.News
chicken;.bird
throw GᴅiR.DOWN ᴀᴘᴘʟ =3ᴍiɴII
yourself
ᴘʀᴇᴘ
ѕᴜʙʀ
ᴘʀᴇᴘ
body =1ᴍiɴII
Rʟ take =ᴄᴏЅ
mat
time
ᴘᴄFʟ.ʙ&ɢ
Jesus
eye =3ᴍiɴII
ѕᴜʙʀ left.side
ᴅᴇᴍ2.ᴘʀᴏχ
year
ѕᴜʙʀ
ɴᴍʟᴢ1 clear ᴀᴘᴘʟ PᴅiR.HITHER
be =1ᴀᴜɢII
female
canoe
hold.(in.hand) =ᴄᴏЅ =1ᴍiɴI
image
those
and
side
first
ᴘFᴠ
things =3ᴀᴜɢII
ѕᴜʙʀ
ɢᴇɴ1ᴀ =3ᴍiɴII
ɢᴇɴ1ᴀ =1ᴀᴜɢII
things
monk
ᴅᴇᴍ2.ᴅɪѕᴛ
place
iRR believe =12ᴀᴜɢI
confess =3ᴍiɴIA
ɢᴇɴ1ᴀ
area
be.12ᴀᴜɢII
go PᴅiR.YON
war hidden
and
year
USA,.AMERICA
iRR die GᴅiR.IN =12ᴍiɴI
ᴘʀᴇᴘ
ɴᴍʟᴢ1 awaken ɴᴍʟᴢ.ᴘᴄFʟ PᴅiR.HITHER =3ᴍiɴIA
ѕᴜʙʀ big
ѕᴜʙʀ
and
ѕᴜʙʀ
because
ѕᴜʙʀ
sea
iRR TEST first PᴅiR.YON =3ᴀᴜɢIA
place
word =1ᴍiɴII
and
female
be.1ᴀᴜɢII
eye =3ᴍiɴII
take GᴅiR.IN =1ᴀᴜɢI
those
and
Rʟ.3ᴀᴜɢ go GᴅiR.DOWN =ᴄᴏЅ =3ᴀᴜɢIS
letter
and
all
demon
and
ѕᴜʙʀ
ancestor =1ᴍiɴII ᴘʟ
3ᴀᴜɢ1 die =3ᴀᴜɢIS
ɢᴇɴ1ᴀ
3ᴀᴜɢ1 awake PᴅiR.YON =3ᴀᴜɢIS
ᴘFᴠ
head =1ᴍiɴII
ѕᴜʙʀ
be.3ᴀᴜɢII.
tree
ᴘᴄFʟ.ʙ&ɢ =3ᴀᴜɢII
iRR paddle just ᴛR =ᴄᴏЅ =1ᴍiɴI
Rʟ.3ᴀᴜɢ be.like =3ᴀᴜɢIA
ᴘʀᴇᴘ
Daniel
3ᴀᴜɢ1 go =3ᴀᴜɢIS
moon.
ᴘFᴠ
island
and
demon
daytime
ᴏRᴅ three
but
ᴘFᴠ
ɴᴍʟᴢ1 jump GᴅiR.IN ɴᴍʟᴢ.ᴘᴄFʟ =1ᴀᴜɢII
ᴅᴇᴍ2.ᴅɪѕᴛ
those
Lrlvz
ᴘʀᴇᴘ
female
belly
ᴅᴇᴍ2.ᴅɪѕᴛ
ᴛᴘɴʏᴍ
Rʟ go GᴅiR.IN =ᴄᴏЅ =1ᴀᴜɢI
name =3ᴍiɴII
Mzdxmingr.village
ᴅᴇᴍ2.ᴅɪѕᴛ
ɴᴍʟᴢ1 jump GᴅiR.DOWN ɴᴍʟᴢ.ᴘᴄFʟ =1ᴍiɴII
take PᴅiR.HITHER
Rʟ.3ᴀᴜɢ go.out =ᴄᴏЅ =3ᴀᴜɢIS
Napr.vil
ᴘᴄFʟ.hand =3ᴀᴜɢII
ᴘFᴠ
ѕᴜʙʀ
ᴅᴇᴍ2.ᴅɪѕᴛ
Sunday
Narnztilolx.(village)
ᴘFᴠ
place
and
Фɴᴛ.Ѕɢ
ѕᴜʙʀ
ᴘʀᴇᴘ
wife ᴅᴇᴍ2.ᴅɪѕᴛ
ᴘʀᴇᴘ
ɢᴇɴ1ᴀ
rat
house
name =3ᴍiɴII
and
iRR bad much =3ᴍiɴIA
Ituku
ᴛᴘɴʏᴍ
marvel iɴᴛЅ GᴅiR.OUT =1ᴀᴜɢI
drink ᴛR =ᴄᴏЅ =3ᴍiɴIA
priest
but
ᴘʀᴇᴘ
sky
but
ᴘʀᴇᴘ
ᴅᴇᴍ2.ᴅɪѕᴛ
tsunami
ѕᴜʙʀ
ᴘFᴠ
doctor
many
thing
and
ɴᴇɢ 3ᴀᴜɢ1 know =3ᴀᴜɢIA ɴᴇɢ
and
ɢᴇɴ1ᴀ
place
ACC.2augᵢᵢ
female
be.schooled
be.3ᴍɪɴII
ᴍiᴅ hold
stay PᴅiR.HITHER =3ᴍiɴIS
ɴᴇɢ be =3ᴍiɴIS ɴᴇɢ
ѕᴜʙʀ bad
bush
who
name =3ᴍiɴII
ᴘFᴠ
some
mountain
and
neck =1ᴀᴜɢII
ѕᴜʙʀ three
ᴅᴇᴍ2.ᴅɪѕᴛ
year
3ᴀᴜɢ1 go GᴅiR.OUT PᴅiR.HITHER =3ᴀᴜɢIS
ᴘʀᴇᴘ
base
flour
Melomate
ѕᴜʙʀ
CATECHIST
ѕᴜʙʀ dry
time =3ᴍiɴII
ᴘʀᴇᴘ
but
miracle
be.1ᴀᴜɢII
be
ᴍiᴅ say PᴅiR.YON =3ᴍiɴIA
ᴘFᴠ
take GᴅiR.DOWN PᴅiR.HITHER =1ᴍiɴI
sun
ᴍiᴅ say PᴅiR.YON =3ᴍiɴIA
water
ᴅᴇᴍ2.ᴅɪѕᴛ
ᴛᴘɴʏᴍ
and
all
a
year
ɴᴍʟᴢ1 ᴅᴇᴍ1.ᴅɪѕᴛ ᴄᴀᴜЅ hot PᴅiR.YON ᴀᴘᴘʟ
both
those
ᴅᴇᴍ2.ᴅɪѕᴛ
ᴘᴄFʟ.hand =2ᴍiɴII
be.1ᴀᴜɢII
CAMP
shadow
ѕᴜʙʀ
ɢᴇɴ1ᴀ
cry iɴᴛЅ GᴅiR.DOWN =ᴄᴏЅ PᴅiR.YON
school
news
place
ᴅᴇᴍ2.ᴅɪѕᴛ
much
Rʟ look.at FOLLOW GᴅiR.UP =ᴄᴏЅ
yes
Nea
ѕᴜʙʀ
ᴅᴇᴍ1.ᴅɪѕᴛ
ᴘFᴠ
ɢᴇɴ1ᴀ
so.then
remove =2ᴍiɴI
ᴅᴇᴍ2.ᴅɪѕᴛ
Rʟ do =3ᴍiɴIA
ACC.2augᵢᵢ
be.like
back.part =1ᴀᴜɢII
iRR visit ᴛR GᴅiR.IN again PᴅiR.HITHER =1ᴀᴜɢII
way
Rʟ be
ɴᴍʟᴢ1 teach ɴᴍʟᴢ
today
ɴᴍʟᴢ1 punish ɴᴍʟᴢ.ᴘᴄFʟ =3ᴍiɴII
Jesus
different
stand GᴅiR.OUT ᴀᴘᴘʟ PᴅiR.HITHER
and
ᴀᴄᴄ =1ᴍiɴII
Rʟ hurry GᴅiR.OUT =ᴄᴏЅ =1ᴀᴜɢI
bush
ѕᴜʙʀ
travel
and
demon ᴠR
blood
breadfruit
ᴘʀᴇᴘ
pull GᴅiR.DOWN PᴅiR.HITHER =2ᴀᴜɢI
ᴘFᴠ
ᴘFᴠ
net
word =3ᴍiɴII
ᴛᴘɴʏᴍ
time
and
Neboi
take .BZ(PDIR.YON)=O(1MINI)
3ᴀᴜɢ1 put GᴅiR.IN PᴅiR.YON =3ᴀᴜɢIA
3ᴀᴜɢ1 curse =3ᴀᴜɢIA
cook iɴᴛЅ
airplane
rat
so.then
ᴅᴇᴍ2.ᴅɪѕᴛ
Solomon.Islands
back.part =3ᴍiɴII
ᴛᴘɴʏᴍ
fruiting.branch
none.;.lack;.none
be =3ᴍiɴII
ᴘᴀЅ spotted GᴅiR.DOWN
be.like
Rʟ.3ᴀᴜɢ play =ᴄᴏЅ =3ᴀᴜɢIS
base
ᴅᴇᴍ2.ᴅɪѕᴛ
ᴘʀᴇᴘ
ɴᴍʟᴢ1 lure.fowl ᴠR
work =1ᴍiɴI
field
but
iRR be.schooled =1ᴀᴜɢI
ɴᴇɢ go =1ᴀᴜɢI ɴᴇɢ
bomb
ᴘʀᴇᴘ
ᴄᴏᴍ.
ѕᴜʙʀ
be.good
ɢᴇɴ1ᴀ
Rʟ say =ᴄᴏЅ PᴅiR.HITHER =3ᴍiɴIA
one
ᴘᴄFʟ.hand
these
ѕᴜʙʀ
ᴅᴀᴛ =3ᴍiɴII
both =1ᴀᴜɢII
Daniel
Alankaula
ᴘʀᴇᴘ
ᴅᴇᴍ2.ᴅɪѕᴛ
ᴀᴛ.фɴᴛ.ᴘʟ.ᴘʟ
there
dance.ring
ᴄᴏᴍ.
lightning
do.not
name =3ᴍiɴII
die =ᴄᴏЅ =1ᴀᴜɢI
strong
ᴘʀᴇᴘ
Rʟ go GᴅiR.UP =ᴄᴏЅ =1ᴀᴜɢI
mind =3ᴍiɴII