ини#here -з#DAT
лагь#say -ана#AOR
кхьи#write
я#scratch
гьар#every
ви#2sg.gen
девлет#country
фикир#attention -да#IN -й#EL
ваз#you
ф#go -ена#AOR
им#it
руш#girl а#OBL -з#DAT
гум#smoke
кӏан#want -зава#IMPF
са#one
аял#child
накьв#soil
атана.агакьда#REACHED.ENT
ава#cop
лугь#say -уда#ENT
лагь#say -ана#AOR
ва#and
лагь#say -ана#AOR
капаш#handful
кӏан#want -зава#IMPF
бере#time
ча#1pl.gen -з#DAT
бурулгъан#whirlpool
пел#hill -е#OBL -л#SP -NULL#ESS
иер#beautiful
кьил#head
кьве#two
акъуд#get.out -зава#IMPF
аку#look.IMPV
стха#brother -ди#OBL -в#AD -ай#EL
къакъуд#remove -на#AOR
притча#parable
кӏвач#leg -а#OBL -л#SP -NULL#ESS
кас#man
мизан#justice
мици#another
случай#event
миллет#nation -да#IN -й#EL
гьабур#them -ни#AND;FOCUS
палкан#horse
за#1sg.ERG -з#DAT
хер#wound
ина#here
кӏан#want -зава#IMPF -й#PTCP
гада#boy
гила#now
кичӏ#dog
жеда#was.ENT
гейчек#beautiful
ат#come -ана#AOC
во#well
мукьвал#near
лугь#say -уда#ENT
хъсан#good
пачагь#king -ди#OBL -н#GEN
безханум#Bezkhanum
гьан#that -и#ERG -з#DAT
кхь#write -енва#PERF
тавур#NEG.make.PTP -тӏа#COND
за#1sg.ERG
экъечӏ#appear -на#AOR
ва#2sg -з#DAT
за#1sg.ERG -з#DAT
ав#make,do -уна#AOC
ибур#these -у#ERG -з#DAT -ни#AND;FOCUS
гада#boy
куь#your
кицӏ#dog -и#OBL -з#DAT -ни#AND;FOCUS
буба#grandfather -ди#OBL -з#DAT
икьван#so.much
лагь#say -ана#AOR
чун#1pl.abs
ини#here -з#DAT
бес#but
им#he -ни#AND;FOCUS
рак#door
пачагь#king -ди#OBL -н#GEN
вич#himself -и#ERG -н#GEN
лагь#say -ана#AOR
яда#hey.man
тир#was
ида#he.again -н#GEN
идан#his
мах#folktale
руш#girl
купча#bill.of.sale
тӏвар#name -чи#OBL -з#DAT
пачагь#king -ди#OBL -н#GEN
нуьк#servant -ер#PL -ди#OBL -з#DAT
са#one
лугь#say -уда#ENT
алуд#away.from
са#one
лугь#say -уда#ENT
ада#he