IMP.AV ISA.AV giling
kelmarin;.semalam
kemudian
kemudian
kelapa
dua
MO.ACY pigang
ISA.AV menanam
Stomach.Woman
awak;.engkau;.saudara;.anda
Reyda
ISA.AV say
obat
ibu;.induk;.emak
DEF
DEF
di;.ke;.pada
IMP tembakau
kemudian
enough
asal
saya;.aku
boleh
tidak
juga
DEF
babi
bercakap;.mengata;.cakap
di;.ke;.pada
DEF
ISA.AV tuang
berkata
babi
boleh
di;.ke;.pada
jejaka,.perjaka
SE LINKER separuh;.setengah
kami
seperti
kalau
MO.ACY return
one
PST.ACY datang
NPST.ACH masuk
DEF
ISA.AV hantar;.menghantar
rumah
saya
DEF
PST.UV buang
bapa;.ayah
enough
DEF
ISA.AV buang
ISA.AV ubi.kayu
ISA.AV memarut
juga
kita
ISA.AV angkasa
itu
nya
grope.for
reply
atap
dan
yet
juga
apa
fish
ranting
mata
menantu.perempuan;.menantu.laki.laki
sulit,.sukar
MO.ACY tangis
engkau;.awak;.saudara;.anda
anjing
Beleha
tidak
oleh
bung
=
lelaki
=
selamat
rumah
PST.ACY ACY.C2 mimpi;.bermimpi
tahun
one
PST.UV tandang;.menyepak
MO.ACY makan
barang,.benda
sini
bahasa
PST.ACY datang
sepuluh
dari
bau
engkau;.awak;.saudara;.anda
pagi
di.bawah
ISA.AV isteri;.suami;.bini;.laki
DEF
DEF
babi
bapa;.ayah
ular
MO.ACY bising;.bunyi
=
DEF
mulut
Lima
PST.ACH puas
itu
Banggi
orang
kemudian
DIR kepada
kalau
dari
budak,.anak
berkata
woman
ISA.AV ikut;.mengikut;.berjalan.bersama.sama
kemudian
budak,.anak
zaman.dahulu
DEF
DEF
ibu.bapa
DEF
karung
ATTR.ST tua
where
jangan
banyak
DI.DALAM
kayu
Mual
=
type.tree
hairan
itu
terka
saya;.aku
NPST.ACH pecah V.>.ADVRS
jadi
uncertainly
lelaki
orang
ISA.AV memburu.dengan.anjing
TOWARD di.sini
itu
EMPH
lama
tidak
ISA.AV tuang
kesalahan
=
2PL.POSS
sini
dari
di;.ke;.pada
juga
PST.ACH mimpi;.bermimpi
PST.ACY jam
Kota.Kinabalu
PST.UV makan
ACY.SE meratap
EMPHATIC
DEF
TOWARD kepada
penawar.racun
DEF
one
TOWARD sana
isteri;.suami;.bini;.laki
DEF
menantu.perempuan;.menantu.laki.laki
batu.kepala
PST.ACH mati;.meninggal.dunia
ATTR.ST makanan
isteri;.suami;.bini;.laki
DEF
mulut
kaki
meskipun
kami
bunglun
Teykang
ATTR.ST ketakutan
PLURAL
ranting
Seylan
awak;.engkau;.saudara;.anda
sebelum,.dahulu
kemudian
MO.ACY enter
sumbang
juga
tetapi
COMPL
MO.ACY lawan
ibu.mentua;.mertua;.bapa.mentua;.mertua
percaya
rise
bercakap;.mengata;.cakap
bahtera
kalau
=
on
sabun
DEF
tetapi
juga
kunyit
tombak
ipar
DEF
Mual
saya;.aku
juga
where
adat
DEF
=
ATTR.ST bunting;.hamil;.mengandung
kalau
budak,.anak
ATTR.ST makanan
DEF
tetapi
ISA.AV ikut;.mengikut;.berjalan.bersama.sama
DEF
=
DEF
ATTR.ST dahulu
kerana
DESIDERATIVE return
berkata
MO.ACY willing
dunia,.bumi
di;.ke;.pada
=
oleh
DEF
ATTR.ST ketakutan
ini
air
seperti
hujan
ISA.AV bundle
barang,.benda
kalau
baik
=
juga
DEF
just
=
=
kalau
Pisina
ISA.AV cuba
ISA.AV melubangi
sana
tanah
lama
kami
di.dalam
ISA.AV follow
where
ini
kita
Tundungun
OURSELVES
kunau
ATTR.ST putih
DEF
NPST.CAUS.AV CAUS.AV beli
PST.ACL MO.ACY tangis
datuk,.kakek
DEF
DEF
apa
rumah
DIR kepada
lipas,.kecoa
=SAYA;.AKU
saya;.aku
mesti
dunia,.bumi
PST.UV alah
DEF
DIR kepada
juga
DEF
berkata
tidak
aturan
=KAMI
syarif
AUX.UV ISA.UV
again
saya;.aku
mati;.meninggal.dunia
okay
DIR kepada
DEF
ISA.AV ikut;.mengikut;.berjalan.bersama.sama
orang
=SAYA;.AKU
=
EXIST ada
piring;.pinggan
EXIST ada
own
ATTR.ST much
yet
senapang
PST.ACY belajar
ISA.AV menganyam
Domon
DEF
on
DIR kepada
yet
juga
Beleha
ibu;.induk;.emak
Ponuh
CAUS.AV PST.ACL awake
MO.ACY tangis
=
ISA.AV cemburu.(orang)
dan
sangka
PST.AV ISA.AV pull
BIDAK;.BUKAN= ada
DEF
jadi
DEF
MEREKA
BIDAK;.BUKAN= ada
bung
dua
apa
kalau
Tibai
kemudian
2PL.POSS
=
play.instrument
ISA.AV memeras
Mual
where
tiga
ACL hitam
ibu;.induk;.emak
PST.ACH fall.out
di;.ke;.pada
budak,.anak
juga
air
saya;.aku
kemudian
DEF
DEF
DEF
ISA.AV pergi.ke
DI.DALAM
sana
AUX.UV ISA.UV
DEF
kepada
HAB temu
di;.ke;.pada
=
tentang
sana
NMLZR want NMLZR
MO.ACY willing
ATTR.ST kering
meet
PST.ACY MO.ACY enter
kemudian
terakhir
berhenti
PST.ACY ACY.C2 simpan;.bersembunyi
seperti
PST.UV get
kalau
reply
budak,.anak
itu
PST.ACY ACY.C2 hide.then.surprise
saya;.aku
EXIST ada
bung
sana
berkata
itu
DEF
di.sana
ini
=AWAK;.ENGKAU;.SAUDARA;.ANDA
MO.ACY pergi.jalan
work
Nending
DEF
DEF
itu
know
DEF
EMPHATIC
jari
benar
HAB temu
=
NMLZR want NMLZR
MO.ACY return
mangga
ALONE
BIDAK;.BUKAN= awak;.engkau;.saudara;.anda
tanah
zaman.dahulu
seperti
IMP.ACY ACY.C2 menunggu
di.sana
PST.ACY MO.ACY willing
DEF
2PL.POSS
tidak
jagung
DEF
penting
PST.ACH mati;.meninggal.dunia
=
BIDAK;.BUKAN= saya;.aku
saya;.aku
ACL kepanjangan
berkata
DEF
itu
DEF
sulit,.sukar
=
PST.ACH masuk
bapa;.ayah
PST.ACH abort V.>.ADVRS
bung
kemudian
PST.AV ISA.AV minta.diri
kampung;.benua
orang
di;.ke;.pada
DEF
DEF
fikir
dari
ALONE
setiap.hari
ibu;.induk;.emak
ISA.AV memeras
lama;.lampau
itu
saya;.aku
capai,.lelah
di;.ke;.pada
NPST.ACH abort V.>.ADVRS
Ombok
parang
MO.ACY lakukan
ALONE
=
oh
oh
Mual
juga
tidak
DI.DALAM
DEF
NPST.ACH terbalik
lama;.lampau
Menoon
kawan
TOWARD kepada
rumah
budak,.anak
Kusur
ISA.AV putus
tidak
ISA.AV simpan;.menaruh;.meletakkan
BALAI.RAYA,.BALAI.KOTA
mengatakan
DEF
pukul
pada.sisi.lain
tentang
PST.ACY MO.ACY descend
DEF
mengupas
=
lama;.lampau
DEF
CONT bercakap;.mengata;.cakap
DEF
on.the.contrary
berkata
=
mengatakan
BIDAK;.BUKAN= saya;.aku
=
DEF
DEF
ipar
lain
ibu;.induk;.emak
PST.IND.CAUS.UV CAUS.AV makan
ISA.AV ikut;.turun
=
on
boleh
not
saya;.aku
di;.ke;.pada
lagi
kampung;.benua
Mual
MO.ACY makan
SE LINKER day
DIR light.fire
kepala
tunas.pohon
ras,.suku
DEF
ISA.AV ikut;.mengikut;.berjalan.bersama.sama
PLURAL
enam
belajar
CONT bercakap;.mengata;.cakap
ISA.AV mengatakan
orang
seperti
itu
=
MO.ACY exit
mata
kemudian
BIDAK;.BUKAN= saya;.aku
kampung;.benua
PST.ACH mati;.meninggal.dunia
tidak
juga
itu
ATTR.ST tua
DEF
=KAMI
di;.ke;.pada
kemudian
pecah
DEF
MEREKA
ATTR.ST lama
di;.ke;.pada
nya
ISA.AV bakar
Domon
ingin
unsalty
=
MULT.NUM satu
ikan
berkata
EXIST ada
DEF
luncur,.meluncur
tinggi
Beleha
ISA.AV memanjat
mulanya
BIDAK;.BUKAN= saya;.aku
meskipun
Banggi
PST.ACH mati;.meninggal.dunia
DEF
nya
karung
dan
bukan
jangan
reply
tetapi
evaluative.exclamation.
=
=
time.of.confinement
obat
Mual
get
DEF
isteri;.suami;.bini;.laki
kayu
penyu
lagi
=
ATTR.ST hancur
PST.ACY ACY.C2 api
lakukan
DIR sini
EXIST ada
Mual
=SAYA;.AKU
kemudian
MO.ACY singgah
betul;.penting;.benar;.tepat
DEF
panas
juga
monyet
ini
PST.ACY MO.ACY makan
POSS ada
budak,.anak
ATTR.ST bunting;.hamil;.mengandung
POSS ada
ISA.AV menyumpit
orang
kami
BIDAK;.BUKAN= ada
type.of.food
ISA.AV atap
zaman.dahulu
dan
sana
Kudat
=
=
periuk
obat
DEF
Sagu.Woman
ibu;.induk;.emak
=
DEF
malam;.pada.waktu.malam
sultan
=
bapa;.ayah
dari
tentang
DEF
oh
Umpil
kalau
kalau
ouch
PST.AV ISA.AV sepupu
itu
know
Banggi
oleh
SE LINKER picah
di;.ke;.pada
banyak
ISA.AV panggil
pergi.ke ISA.UV
uncertainly
Beleha
penampilan,.tabiat
nenek
DI.DALAM
duit;.wang
belajar
orang
saya;.aku
nya
berkata
evaluative.exclamation.
asal
Kapitangan
Pisina
itu
DEF
ibu;.induk;.emak
=
itu
BIDAK;.BUKAN= engkau.sekalian
Irian
reply
di;.ke;.pada
juga
BIDAK;.BUKAN= ada
ORD.NUM satu
TOWARD kepada
enam
PST.AV ISA.AV pergi.ke
orang
tidak
pukul
there
air
ISA.AV cover
dan
air
=
DEF
kami
=
PST.ACY ISA.AV ikut;.mengikut;.berjalan.bersama.sama
hold.on
DEF
EXIST ada
Ombok
PUKUL.SEBELAS
sana
ALONE
ikan
kalau
tidak
DEF
MO.ACY willing
dan
orang
ISA.AV mengatakan
kawan
pisang
MO.ACY return
bapa;.ayah
bapa;.ayah
kemudian
di.dalam
EMPHATIC
=
TOO.BAD
garam
DEF
ATTR.ST ketakutan
nanti
kemudian
FOCUS
kemudian
NPST.ACH hancur
saya
nya
datuk,.kakek
dia
DEF
DEF
there
mesti
nineteen
DEF
PST.ACL lost
ikan
pergi
ALONE
ibu;.induk;.emak
mulut
ini
PST.UV memotong
labu
DEF
PST.ACH pecah V.>.ADVRS
ISA.AV menyumpit
DEF
CONT bercakap;.mengata;.cakap
DEF
nya
sumur
dan
tanah
tujuh
ACY.C2 rela
tapi
dengan
DEF
juga
MO.ACY willing
bercakap;.mengata;.cakap
PLURAL
engkau;.awak;.saudara;.anda
bukan
di;.ke;.pada
PST.ACY pergi.jalan
DEF
dan
=SAYA;.AKU
di;.ke;.pada
tidak
DEF
DEF
mengatakan
own
ingin
saya;.aku
yet
juga
tapi
kambing
adu
Ombok
DEF
keep.getting
di;.ke;.pada
ISA.AV surat
approximate.length
DEF
air
oh
COMPL
NMLZR want NMLZR
dua
staring
PST.UV isi
DEF
tidak
work
kemudian
=
barang,.benda
EXIST ada
ISA.AV perlihatkanlah
anjing
ibu;.induk;.emak
dari.sana
ATTR.ST atas;.di.atas
Pisina
EXIST ada
dia
hari
Pisina
pergelangan.tangan
lelaki
just
mengapa
DEF
pressure.lantern
datang
dan
datuk,.kakek
DEF
saya;.aku
DEF
ISA.AV gigit,.menggigit
DEF
BIDAK;.BUKAN= ada
manusia
itu
ikan
DEF
wah
di;.ke;.pada
oleh
juga
termasuk
PST.ACY ACY.C2 goyang
oh
tidak
tidak
=
juga
juga
tidak
MULT.NUM tiga
tidak
ISA.AV bundle
dan
tahun
PLURAL
AUX.UV ISA.UV
tapi
CAUS.AV PST.ACL awake
kami
sana
Priscilla
saya;.aku
monyet
isteri;.suami;.bini;.laki
jangan
call
kepada
PST.ACH worried
tidak
juga
kalau
HAB kumpul,.acara
ISA.AV sanggup
DIR kepada
PST.ACH mati;.meninggal.dunia
IMP.ACY ACY.C2 simpan;.bersembunyi
DEF
saya
ISA.AV menyumpit
seratus
MO.ACY tangis
engkau;.awak;.saudara;.anda
ISA.AV tahan
=
PLURAL
budak,.anak
DEF
saya;.aku
tenggorokan
MO.ACY tangis
bung
PST.AV ISA.AV percobaan
alang.alang
ATTR.ST besar
DEF
dan
DEF
reply
DEF
PST.ACY datang
Munsang
Menoon
IMP.ACY ISA.AV kotor
engkau.sekalian,.kalian
know
dari
di;.ke;.pada
jadi
PLURAL
dada
di;.ke;.pada
ISA.AV pergi.ke
air
fish
napas
MO.ACY willing
BIDAK;.BUKAN= ada
babi
tidak
dan
botol
apa
seperti
=
itu
dari
orang
=KAMI
one
helai
lama;.lampau
terus
juga
PST.UV hantar;.menghantar
MO.ACY lakukan
badan,.tubuh
engkau;.awak;.saudara;.anda
Kudat
sana
saya;.aku
=KAMI
tanya
adu
ISA.AV draw.water
plasenta
sumur
orang
pokok.padi
exit
DEF
PST.ACY MO.ACY makan
simpan;.menaruh;.meletakkan ISA.UV
DEF
yet
Balambangan
PST.UV pukulan
=
lakukan
sana
tiga
ubi.kayu
lain
bercakap;.mengata;.cakap
kemudian
ISA.AV terbakar;.membakar
dahulu
hal,.perihal
dari
arus
berkata
badan,.tubuh
hari
tidak
Mual
DEF
HAVING.XED setelah
DEF
DEF
MO.ACY return
seperti
lama
berkokok
NMLZR hidup NMLZR
ISA.AV mandi
di;.ke;.pada
mata
=KAMI
capai,.lelah
orang
EMPHATIC
=
ular
DEF
berkata
mata
kekasih,.belahan.jiwa
PST.ACY ACY.C2 menunggu
benar
=
DEF
EXIST ada
DEF
darat
=
=KAMI
DEF
nya
benar
panggung.wayang
tidak
kita
kami
ISA.AV hantar;.menghantar
rumah
DEF
di;.ke;.pada
=
PST.ACY datang
=AWAK;.ENGKAU;.SAUDARA;.ANDA
COMPL
EXIST ada
pelanduk
datuk,.kakek
ATTR.ST hitam
NPST.ACH die V.>.ADVRS
HAVING.XED setelah
kepala
DEF
isteri;.suami;.bini;.laki
DEF
Mual
=
berkata
orang
Ombok
lemak.babi
=
Menoon
MO.ACY stay
babi
esok,.besok
monyet
DI.DALAM
saya
PST.ACH tinggal
PST.UV pengangkutan
DEF
menerobos;.merempuh
engkau;.awak;.saudara;.anda
payau,.rusa
jadi
gaji;.upah
yet
ALONE
PST.ACY ISA.AV ikut;.mengikut;.berjalan.bersama.sama
DEF
COMPL
kampung;.benua
DEF
pagi
di;.ke;.pada
tangan
berkata
kecil;.sedikit
DEF
saya
=
lakukan ISA.UV
DEF
juga
kemudian
ATTR.ST buruk
jawab
air.mata
pisau
ibu;.induk;.emak
MO.ACY stay
DEF
Pisina
ibu;.induk;.emak
seperti
bung
ISA.AV mengatakan
budak,.anak
juga
DEF
oh
bercakap;.mengata;.cakap
sangat;.berlebihan;.sangat,.berlebihan
kita
ubi.kayu
leher
ATTR.ST buruk
sana
ATTR.ST bagus;.baik
bau
DEF
mata
rumah
BIDAK;.BUKAN= saya;.aku
terakhir
Michael
ISA.AV beli
bapa;.ayah
dan
bercakap;.mengata;.cakap
nama
tetapi
ini
MO.ACY pigang
besar
=
DEF
kemudian
ATTR.ST makanan
nenek
kemudian
tanaman
nanti
PST.ACH mati;.meninggal.dunia
=
DEF
=
=
POSS ada
BIDAK;.BUKAN= saya;.aku
=
ATTR.ST ketakutan
di;.ke;.pada
DEF
tembakan
from
PST.ACY MO.ACY singgah
SE setengah
saya;.aku
woman
HAVING.XED lihat;.tengok
ras,.suku
PST.UV hancur
ipar
kemudian
lagi
saya
DEF
PST.UV give ISA.MRK.UV
ini
DEF
pedang
sangat
satu
DEF
burung,.unggas
berkata
engkau.sekalian
sumbang
DEF
DEF
ISA.AV cemburu.(orang)
ATTR.ST kasar
ACL bunting;.hamil;.mengandung
BALAI.RAYA,.BALAI.KOTA
ITER LIHAT;.TENGOK lihat;.tengok
monyet
anu
DEF
BIDAK;.BUKAN= ada
obat.penawar
ALONE
dengan
engkau;.awak;.saudara;.anda
PST.AV ISA.AV pancing;.mata.kail
DEF
sana
BIDAK;.BUKAN= ada
lagi
DEF
di;.ke;.pada
kurus
suling;.bangsi;.seruling
2SG.NOM
DEF
tujuh
orang
bapa;.ayah
DEF
DEF
DEF
ringgit
MO.ACY exit
ATTR.ST dahulu
keranjang;.bakul
sini
lalu
Michael
HAVING.XED setelah
PST.UV buang
malam;.pada.waktu.malam
kalau
dan
oleh
kawan;.sahabat
penyu
ISA.AV kulit.kayu
little.curse
berkata
ibu;.induk;.emak
DEF
sikit.lagi;.hampir
DEF
kayu
=AWAK;.ENGKAU;.SAUDARA;.ANDA
lama;.lampau
tangalung
orang
tidak
BIDAK;.BUKAN= saya;.aku
ujung.damak
berkata
tetapi
DEF
DEF
budak,.anak
own
Michael
badan,.tubuh
evaluative.exclamation.
mengatakan
kemudian
ipar
=SAYA;.AKU
sultan
DEF
engkau.sekalian
ingin
baju;.kemeja
astaga
DEF
kemudian
darat
ACY.C2 tohor
DEF
saya;.aku
berkata
lain;.bukan
berkata
=
MO.ACY makan
itu
juga
lima
DEF
DEF
ujung,.pinggir
MO.ACY makan
DEF
DEF
orang
sakit
dari.mana
DEF
zaman.dahulu
sultan
saya;.aku
kemudian
PST.ACY ISA.AV ikut;.mengikut;.berjalan.bersama.sama
malam;.pada.waktu.malam
napas
Abih
in
dan
pack.things
DEF
asal
ISA.AV talak
ujung,.pinggir
ALONE
mati;.meninggal.dunia
harap;.mengharapkan
dua
yet
DEF
di.depan.rumah
seperti,.serupa..sebagai;.seperti;.seolah.olah
bapa;.ayah
api
boleh
=
dengan;.sama
Japli
NPST.ACH putus
dan
evaluative.exclamation.
doa
berkata
DEF
well
juga
BALAI.RAYA,.BALAI.KOTA
DEF
rumah
EXIST ada
MYSELF
isteri;.suami;.bini;.laki
work
tidak
CAUS.AV ISA.AV membuka.mata
mereka
DEF
nya
kita
bercakap;.mengata;.cakap
PST.ACH putus
BATU.LAYAR.DARAT
nyawa
EXIST ada
PST.ACH mati;.meninggal.dunia
EXIST ada
woman
DEF
air
langit
ISA.AV tukar
orang
tidak
tidak
monyet
ISA.AV tinggal
ISA.AV fill.hole.with.dirt
=SAYA;.AKU
woman
itu
mengatakan
ISA.AV sekolah
=
PLURAL
awak;.engkau;.saudara;.anda
mulut
batang
ISA.AV kawan
monyet
ISA.AV pakai
DEF
DEF
engkau.sekalian
parang
=
AUX.UV ISA.UV
kalau
Lotong
DEF
asal
ALL
pisang
orang
orang
TOWARD kepada
IMP.AV ISA.AV cuba
dengan
juga
jadi
kayu
Domon
barangkali
legenda
ubi.jalar,.ubi.rambat
banyak
kekasih,.belahan.jiwa
DEF
Mina
hendak
AUX.UV ISA.UV
=
NPST.CAUS.AV ISA.AV mandi
get
lebih
DEF
DIR kepada
DEF
Kusang
ALL
pun,.bahkan
=
Mual
rumah
damak
PST.ACY MO.ACY return
tree
=
DEF
DIR jalan;.denai;.jalan.kecil
cara
ABILITY dapat
itu
ISA.AV umpan
from
kemudian
air.mata
duit;.wang
DEF
sebelum,.dahulu
engkau;.awak;.saudara;.anda
Tagi
saya;.aku
ibu;.induk;.emak
sana
rambut
=
payau,.rusa
kemudian
DEF
ISA.AV tetak
berkata
BIDAK;.BUKAN= engkau.sekalian
hold.on
juga
itu
MO.ACY bersih.ladang
dari
COMPL
DEF
yet
=
EXIST ada
rela
ALONE
INSTRV memukul;.pukul
DEF
itu
TOWARD kepada
betul
lain,.sama,.seimbang,.sama.rata
kencing;.buang.air.kecil
pukul
Beleha
ABILITY dapat
yet
=
DEF
tujuh
Domon
orang
DI.ATAS
dan
kubur
DEF
itu
kami
DIR kepada
=
PLURAL
kemudian
telinga
saya
tidak
orang
pelanduk
saya;.aku
di;.ke;.pada
Kagayan
ketua.kampung,.kepala.desa
MO.ACY lakukan
betul;.penting;.benar;.tepat
MO.ACY makan
di;.ke;.pada
benar
Umpil
HAB dua.hari
PLURAL
mengatakan
tombak
order
awak;.engkau;.saudara;.anda
BIDAK;.BUKAN= ada
DEF
dengan
saya;.aku
meskipun
Umpil
lelaki
DEF
where
budak,.anak
oh
NPST.CAUS.AV CAUS.AV tidur
lelaki
PST.ACY ACY.C2 makan