1SII
1sIII
2PI
plural 1PI
die. REM.PAST
THAT
sugarcane
what?
1sIII father
make.bleed
subject:marker
just
go PST
THAT
people
cotton
with
day
do.so,.to.happen
1sIII
be:abou
wish;.want WHEN
group PART
THAT
something
go.(of.three.or.more). PST
just
COMP:PREV
work. PART
COMP:DS
just
toward
something
COMP:DS
whatever
we
do.so,.to.happen
really REM.PAST
shoes
name
DISAPPEAR TNS
come WHEN
not
subject:marker
somewhere
child
RAILROAD.TRACKS
peach
do.so,.to.happen
USED:TO REM.PAST
or
BECAUSE:DS
III
and:then:ss
that CON:AC
child
again
WHATEVER.KIND.OF
plant. PART
be:two
just
go TNS Q
be:(of.three.or.more)
stay,.live.(someplace) REM.PAST Q
COMP:SS
do.so,.to.happen
go COMP:SS
group PART
III
1sIII
arrive:there
kick
reside.(plural.subject)
wood
bead
just
USED:TO REM.PAST
day
1sIII
really REM.PAST
cousin
again
III
III
plural 1PI
and:then
kind:of
COMP:DS
COMP:DS
be:two
child
where
look.for
DEM NOM2
that CON:AC
night
where CON:AC
believe
that CON:AC
BECAUSE:DS
1sIII father
be:two
dress
group
again
1sIII
year
1sIII
people
happen:this:way IRR:DS
2PI
that CON:AC
send REM.PAST
2PI
CON:AC
and
marry REM.PAST
that CON:AC
THAT LOC
look.for WHEN
again
subject:marker
name SUBJECT:MARKER
stand. 1SI TNS
laugh
THAT LOC
cotton
go PST
snake
look
look.for TNS
that CON:AC
peanuts
people
1SII
live
STORE
still
return
COMP:SS
THAT
set:down.(two.or.more)
be:in.a.row
COMP:SS
something
ins
just
1MPIII
DEM NOM2
THAT LOC
die.
child
basket
how PART:SS
catch.up.to POT no
N
want
WHATEVER.KIND.OF
again
THAT
LOC learn 1SI
stand. 1SI TNS
1SII
move.away PART
somewhere
work. REM.PAST
be
be:aware,.to.be.conscious 1SI
edge
basket
morning
laugh
LOC arrive.(here) REM.PAST
just
woman PART
1sIII father
laugh
doctor
finally
clothes
just
understand,.to.know 1SI TNS
child
bead
BECAUSE:DS
die.
USED:TO PST
THAT
say.
that CON:AC
be:here 1SI TNS
2PI
woman
THAT LOC
woman
finally
what?
understand,.to.know 1SI TNS
be:(of.three.or.more)
USED:TO PST
wood
somewhere
that
THAT
COMP:DS
1sIII
come
look.for WHEN
say. PART
be:cold
somewhere
understand,.to.know 1SI TNS
just
live
be:here 1SI TNS
no
anything
just
COMP:DS
yes
SINCE:DS
again
YOU 1SIII
speak,.say,.talk 1SI IRR TNS
that CON:AC
arrive.(here)
plural 1PI
laugh
no
whatever
know
1sIII
THAT
not
yes
and:then
COMP:DS
plant. TNS
DEM NOM2
speak,.say,.talk PART
year
do PST Q
group
THAT
PART:DS
THAT
morning
and
say:something
stay,.live.(someplace) 1SI
tell. POT TNS Q
teach TNS
prev
do.so,.to.happen
III
stay,.live.(someplace) 1SI
just
bead
people
that CON:AC
just
just
arrive:there WHEN
do.so,.to.happen
something
DEM NOM2
mother
learn
hear,.listen
learn
bush
just
teach TNS
prev
THAT
something
work. PART
my.mother
be:here 1SI USED:TO REM.PAST
here,.this CON:AC
III
again
return
child
cow
1SII
good
people
just
plural 1PI
that CON:AC
plural 1PI
learn
just
BECAUSE:DS
fry.
good POT
people
THAT
no
THAT
do.so,.to.happen
PART:DS
CON:AC
do.so,.to.happen
people
no
TODAY,.THIS.DAY
THAT LOC
just
what?
LOC finish TNS
ins
little
be
2PI
just
THAT LOC
move.away PART
no
work. 1SI
woman PART
1SII
year
that CON:AC
laugh
you:nom2
not
just
right:now
GARDEN
really
1SII
just
say.
1MPIII
how:long LOC
no
very
morning
towards
CON:AC
you:nom2
speak,.say,.talk PART
PART:DS
my.mother
laugh
again
1MPIII
1sIII
plant. TNS
edge
COMP:PREV
1MPIII
finish:ygr
and:then:ss
only
2PI
my.mother
be:about COMP:DS
again
ACC
no
like:this
with
plural 1PI
III father
THAT
a:plant
something
just
again
female
do.so,.to.happen
which LOC
prev
USED:TO PST
2PI
good
do.so,.to.happen
1sIII
be
THAT
USED:TO PST
DEM NOM2
teach TNS
no
cry. WHEN
just
that CON:AC
child
1sIII
and:then
that CON:AC
year
just
no
THAT
ins
just
speak,.say,.talk
just
ins
just
THAT LOC
III stand:du TNS
tell. POT TNS Q
work. 1SI
morning
loc 1SII be:born. REM.PAST
get.out,.take.out IRR TNS
not
sit.(of.one)
speak,.say,.talk
dress
just
finish. 1SI REM.PAST
SINCE:DS
put.(one).in.a.row TNS
and
THAT
laugh
ENGLISH
plural 1PI
cotton
you:nom2
be:two
be:here 1SI TNS
THAT
plural 1PI
III
Pearl.River.community
1sIII
STORE
2PI
plural 1PI
go.(of.three.or.more). PST
THAT
still TNS
child
YOU 1SIII
think.(perhaps),.to.reckon TNS
want WHEN
1sIII sister.(of.a.male)
really
be
PART:DS
towards
just
no
THAT LOC
down
Pearl.River.community
that CON:AC
morning
WHATEVER.KIND.OF
not
say. TNS
III
name.
RAILROAD.TRACKS
woman PART
1sIII father
be:big,.large
do.so,.to.happen
III
and
and:then
not
THAT
when:indef
THAT
1SII
go.away 1SI REM.PAST PART:SS
COMP:DS
morning
PART:DS
no
not
think.(perhaps),.to.reckon TNS
III
woods
understand,.to.know 1SI TNS
that CON:AC
say:something
go PST
THAT LOC
and
plural 1PI
some
two.time.periods.before.or.after
teach TNS
we
that CON:AC
1MPIII
exist.(of.three.or.more). PART
PART:DS
again
USED:TO PST
and
plant. TNS
THAT
plant. TNS
III
snake
THAT
just
we OWN PART
pour.in PART
COMP:DS
COMP:DS
just
no
maker
stay:at 1SI REM.PAST
that CON:AC
be:(of.three.or.more)
COMP:DS
1sIII
N
2PI