atta -ttók -o̱
yoppa
momma
hi -hma̱
-ya̱
holisso.ápisa
hi
a̱yánaka̱
kanohmi -ttók
ik-
mo̱ma
mind
faláma -t
mm~hmm
kaniyohmi
mat
nána
ik-
-chámo
kiyo
pí
tókalhlhi
mihchi -li -h
kano
hitoko̱
chohmi
ikkanáchi̱h
hi -hma̱
hi -hma̱
siyoshi
hokchi -t
m -ako̱
sápa
-kat
attó
tahánóka̱
beadwork
ish-
uh
alhpísotoka̱
set
okl í-
m -ako̱
kiyo
okmanána
sa- shki
báno -h -o̱
-kato
-ma
o̱t
we
illít
hiyohchitokma̱
ilhko -t
-akósh
a̱
o̱t
a̱yatósh
mi̱ti -h
yamm -ako̱
hachi-
alhlhihósh
-ma
kiyo
taposhshik
am
ik-
anóti
-ano
hi
tahli -h
foli
pí
at
to
amohmi
hihóka̱
tahlicha
báno
sam-
ik-
like
school
oh
í-
miya
-ma -k
ittó
pine
to̱ksalí -li
alhíha -t
ona -hma̱
-ato
oklittibá
ish-
sister
nánih
kapassa -kma̱
a̱ya -li -ttók
-bíka -h
mat
alhtáhah
shawwa
awashli
isht
ta̱chi
nánaho̱
chokka
okla
nanih
ma̱ya
hót
kíyoho̱
ahóchi -li -tok
a̱yatósh
alhíha -t
istayyópi
ona -h
binílimo̱mah
barb
himak.nittak
pí
a̱yalikattók
-m -ato
yohmi
i̱-
himo
hito̱
oh
kano
ásh
a̱t
i̱-
hachi-
pishnáto
ábota
ish-
pa̱
hashkít
hiho̱
mule
mo̱ma
hashki
anáto
anóti
oh
basket
ayyówána
syrup
bíkattókakósh
yakni
koni.hata
river
pí
kash
i̱pa
a̱shatósh
akínih
kano
hottopah
ponola
ittahobli -t
ikma̱
mat
yohmi -sh
im-
kíyo
pí
ikb -áchi̱ -hósh
áto̱ksali̱chi
ikka̱na -li -h
okla
fokka -ttók
ahóch -ahí
hihmat
hikma
yeah
il-
chishki
nakfish
il-
hihma
mihch -ína -h
kotcha -li -ttók
áta̱pa -tok
-ma
okfat
anáto
ittónah
okla
yót
kano
im- achokmá -sh
lhopolli -h
apílalí
grade
cane
makáchi -h
yimmih
taha
pí
mm~hmm
a̱yalikattók
a̱ya -li -h
i̱-
ok
hospital
a̱
il-
i̱hohchifo
kil
momma
yohmitokmásh
okl í-
i
hitoko̱
nátah
ittanówa
at
alhlhi
ohóyo -t
cumberland
okla
asháchikma̱
on
kiyo
pí
mm~hmm
á -tok -o̱
piya
mihchikmako̱
ayína
yohmi -sh
taklaka̱
yoho̱mih
himaka̱
átoka̱
nátah
-ak
pisha̱tta
okla
bannakma
anittók
kanimmano
-tok áchíni -ttók
hoyo -kmat
freezer
ikkanali
ikkánilih
mihchi
yohmi -h
hohchifo
iláyonah
holisso.ápisa
míchih
iya -h
hikma̱
il-
il-
o̱t
thomas
-ma
-kat
okla
hókako̱
ohóyo -t
yappa̱
wiháchi -t
sa-
the
makáchi -hma̱
biníli
mm~hmm
ikkanali
á -kma̱
i̱-
á -tok -o̱
am
maká -tok -o̱
courses
uh
sa-
ilhkóli -h
yohmitokmásh
yohmi -h
ah
a̱lhitok
pí
kíyo
ikkanánah
il-
pila -ttók
at
hickory
á -ttók
chohmi
makillatok
ohóyo
pisálikmat
pí
hóka̱
mihchi -li -kmat
biyásha
hokma̱
isht
oh
chíkosassiya
-ma
ná.chinni
couldn
a̱lhi
hóyo -t
mo̱t
dorothy
uhhh
ish
okla
i̱- taka̱li -li -tok
anóti
yohmi -h
hikma̱
hash-
anno̱pa
alla
ísh
abóha
-ato
ittiwáya -ttók
áyaskachih
hitoko̱
-m -ato
nácho̱lih
ohóyo
toklo -sh
yóhmi
pearl
tokash
regular
mo̱mi̱t
á -tok -o̱
ayyásha
ish-
a̱tta -li
pí
tá
nána
anóti
átosh
tahli
ish-
tahli
a -ttók
fokkáli -ka̱
á -kma̱
ish-
kiyo
pí
i̱shitokma̱
east
-híka -ttók
ayiskachi -t
hitoko̱
hapiyassanoh
to̱ksaláchi̱
issa -ttók
isht
itti̱nokówa -h
taha
tosháli
yohmi
ano̱ti
hihma
-kat
yo̱
mihchi -h
-kat
kotcha
nokshópa -híka -ttók
alá -li -ttók
mano
kappolit
yohmi -h -o̱
alitok
okl í-
garden
á
taha -kma̱
ish-
o̱t
a -ttók
ikka̱na -li -h
-ma -k
okla
sann -o -tok
saturday
a̱ya -li -h
hiyátoko̱
á
hi -hma̱
ish-
ilhkoho̱li
hót
i̱-
pa̱
-m -ato
hi
kiyo
uh
chi̱- ki
mi̱ti -li
il-
kíya
uh
faláma -t
achonnáchi -ttók
chishnáto
kaniohmi
anóti
yohmi -h
pí
car
okla
hika̱
okmanána
oh
oh
atta -li -h
iyá -li -h
kiyo
lawa -h
í-
-ak
konihata
itti̱nokówa -h
ano̱poli -t
il-
laird
a̱
-ano
a̱t
ayyówah
makmáko̱
písalih
kíya
banna -h
banna -kma̱
ayyówah
á -kma̱
mihchi -h
okl í-
na
-ma -k
ómmi -kma̱
hiyokásh
cho̱pa -t
kiyo
oka
-ak
-ma
uh
am- achokma -h
i
kiyo
akínitoko̱
iya -tok
okl í-
iyaki̱yoho̱
ittim
o̱t
makallaho̱
hikma̱
4th
cha̱li -h
o̱t
ahni -li -h
il-
a̱yatósh
iláp
imakmanána
mo̱t
i̱pa
hicha
hapim-
anáto
ilappa̱
kiyo̱
hóka̱
kana -t
kiyo̱
ikka̱na
ahni -li -tok -okósh
okla
anáto
-chámo
hi -hma̱
kanimma
yohmi -h
hátokósh
áyo̱ba
cha̱li -h
tuscola
tomatoes
alálih
ish-
m -ako̱
a̱lhi
faláma -t
stephens
il-
of
pa̱
uh~huh
nána
-ak
-ano
ilhkóli -h
nána
uh
a̱h
oklil
ahwa -h
í-
yoppa
katohmih
jake
-kat
il-
o̱t
hopóni -t
cha̱li -h
áy- atahli -h
am
yóhmika̱
uh
yeah
náhollo.im.anno̱pa
gahlih
ano̱poli -h
-kat
okl í-
-ato
hitokako̱
iskitíni
okako̱
-m -ato
close
mómah
achokma -h
nána
sister
-ato
sh
-ma
jackson
uh~huh
sister
abohlih
pí
a̱lhi
-ma
am
hashki
kiyo
á -tok -ma̱
ano̱poli -t
maká -hma̱
hikat
amahwa
pí
wiha -t
sipokni
kíyo
freezer
máko̱
kiyo
okla
onna
aháchilikmat
tahahmat
ish-
-ma
chokkwálitok
yohmi
á -tok -ma̱
standing
sápa
peas
back
nánoka
okla
kil
yo̱
ilhkóho̱li -h
áyi̱pokáchi̱toko̱
ayi̱na
clean
má
hikakósh
okla
pí
katak
halállit
a̱sha
nakni
ikka̱na -ho̱
hash-
ikhana -h
yohmi -kma̱
toklo -t
ahwa -h
hi -hma̱
alá -li -tok
-kat
a̱lhi
ísh
anoho̱lih
shawwa
chinnah
a̱h
-ya̱
sa-
school
á -ttók
il- iya -tok
iya -t
másh
makah
hash-
i̱la
anáto
hikma̱
kanimmalhika̱
il-
kashólichih
á- mi̱ti
apísa -kma̱
cha̱li -h
o̱t
ish-
yohmi -h
il-
nani
mm~hmm
kotcha
ish-
ta- to̱klo -kat
kiyo
chishnáto
clean
chishnáto
ayyashah
hata
mm~hmm
pa̱tta
hicha
spillway
mako
hash-
then
í-
truck
yoppa
hospital
illakásh
alhpówah -li -h
a̱chi
m -ako̱
chim
yómi
kiyo
pí
hasháyachi
mihchi
i
mihchi -li -h
ittanoho̱wa
mihch -ína -h
falammi -h
siy- á -h
hash-
sa- tóhno -cha
pí
fulton
isht
kati
a̱sha -h
o̱t
-ho̱
at
habli
o̱t
4th
kano
sa-
kano
illah
ábachi -h
ish-
kiyo
nani
nána
i̱-
ma̱ya -h
-ho̱
a̱tta -li
hihátokósh
chokka
mítilitók
áchih
-m -ato
koloffi
á
-kato
i
holisso
átokás
másh
leake
last
chásh
onáfat
il-
ayyyyáshah
a̱ya -li -ttók
-ma -k
akínihósh
lish
nánakma̱
ikbi -t
himónna
il-
katimmakako̱
-kiya
im- anno̱pa
tanáchi̱
anihlikmat
a̱t
sa-
ok
makáykatok
kati -k
o̱t
degree
oh
oshi
iyálikma̱
church
akkánotokash
ish-
m -ako̱
uh~huh
ittanówa -tósh
-ma
then
bíkatók
kiyo
-ho̱
-ato
hihma
okla
pí
illi -t
ilhkóli
famáchi̱h
hattie
hitósh
ábáha̱chih
il-
nána
nokówa
ish-
komóta
kí
okl í-
-akósh
okla
ish-
okl
alhpísat
-ma
no
design
ish-
í-
anáto
ik-
toba
chinnáchi̱
willis
toko̱
bili̱ka
makosh
iyá -li -h
yohmi
á -tok -o̱
o̱t
hitokakma̱
i̱la
water
okla
july
hikít
ilhkóli -ttók
ikbi
hi -hma̱
hapi
mihchi -h
atta -tokósh
okla
yohma̱
ahni -li -h
tosháli
ano̱ti
palammi
pí
a
allat
head
waiya
itto̱natoko̱
á
kanimmakósh
hoyyokma̱
comby
homma
anokfilli -t
kiyo
ho
ittónah
iyá -li
a̱sha
á -tok -ma̱
kanit
mihchi -t
-ma -k
lion
fokka
illi -ttók
pa̱
kiyo̱
nani
á -ttók
pa̱
to̱ksalí -li
ikkanah
kotcha
mihchi -h
illah
car
an -akíni -hosh
oklímo̱t
ákmato
kani
hicha
ish-
-akósh
lhokáchiláchi̱h
aha̱tta -h
okl í-
a̱t
siy- alhpówah
okl í-
aha̱tta -li
ít
á siy- alhpówah -ttók
alhi
yoppa
dr
ta̱chi
kanímikat
a̱
yohmi -kma̱
iksho
hikanóti
hashkilli
kiyo
mihchína
hihma
yoh
pa̱
chíkosassiya
hospital
palammi
-ma
í-
ano̱ti
m -ako̱
a̱
uh~huh
ma̱ya -t
nokówa -h
yót
nani
táhat.iya -kat
attat
faláma -t
isht
i̱-
á- mi̱ti -li
allat
áha̱ttalih
ma̱ya -hmat
chá
delta
ohóyo -t
tali
kiyo
bacha̱ya
másh
hoyo -t
tomatoes
ilappat
nánah
a̱
tutwiler
ayína
thomas
hátósh
ayiskachi -t
potólahí
ayyówána
binohma̱ya -t
yohmánáh
okla
ish-
hikkíya -li -h
waiya
alhlhi
ayyashah
iya -li -h
a̱h
-ma
hi -hma̱
ano̱ti
lawa
áchih
mo̱t
wáya -h
kaníya -li -ttó -sh
ikbi -t
kaníya -li -h
pí
time
anóti
pakíniho̱
k
hikma
yót
átosh
nána
bacháli -h
uh~huh
toklo -t
ano̱ti
átokósh
hitoko̱
kómotat
katash
mihchi -h
átokósh
makma
yamm -ako̱
m -ako̱
nána
uhh
momma
-kat
mom
mihchi -hósh
anokfila
a̱sha
hokchitokma̱
kaníkano
achokma -h
atsaffaka̱
falammi -h
shikalla
ano̱ti
-ak
oh
iti
mítilitokat
himaka̱
miya
hiyohchitokma̱
ish-
onálitok
á -tok -o̱
iskali
nána.hollokchi
áyaskachih
tallahatchie
alálih
chishnáto
áyottichit
-ano
am
to̱ksalí -li -h
kani
no
yóhmi
bacha̱ya
i̱shitokma̱
pí
makátokma̱
hihma
imma
okla
fokáli
toko̱
chahta
hikma̱
chokkwáttók
ího
achokma -h
hospital
hat
okla
okla
pila -hma̱
-híka -ttók
mmm
m -ako̱
o̱t
m -ako̱
ten
mihchi -li -h
áy- atahli -h
basket
áho̱
anóti
sasso
a
náhollo.im.anno̱pa
pí
fokka
foha -chi -tok -o̱
yohmi -h
-ho̱
ok
-ya̱
táha -ttók
retire
kiyo
am
jars
were
hitoko̱
hlih
-ma
chásh
siy- assano -t
hapí
kanimma
bííííkah
il-
kanímika̱
akínittók
-kiya
ish-
hi
nani
afammi
chokka
ilahbi
oklil
-kato
foha -ttók -o̱
máko̱
imakmanána
alhlhikat
ik-
i̱-
hóka̱
taposhshik
oklil
yohm
ómih
il-
kaníyo
hihma
hikma̱
chokka
áyishi -h
konih
hokako̱
o̱t
-bíka -tok
yamma̱
-ato
tahálih
chahta
il-
ikkáno
tanówahíkiyoh
mihchi -t
míhchilikmat
katohmih
áha̱ttah
ma̱ttalitoka̱
másh
i̱-
-ano
ish-
toko̱
fokka
ilhkólánah
i̱takóbih
anót
i̱-
alhto
hicha
pilako̱
ikbi
grandma
ano̱ti
i̱-
m -ako̱
-kat
hopákino
onálikma̱
pa̱
yakni
mat
ishlakma̱
il-
makillattók
hik
nána
itto̱no
maká -tok
yohmi -h
alálih
ásh
ilhkóli -hmat
bók
-ato
osápa
yo̱kat
akínih
tok
sa-
mind
kíyoh
ohíyo
áchi -tok
walhálichit
ikbi -t
mat
ónaki̱nih
hihma
bacháya
secretarial
nánaka̱
pí
yamma̱
-ak
in
pí
omminnah
-ato
hospital
ish-
makahátosh
áchi -li -h
kaníyo
ish-
yammano
a̱talih
máyya
i̱-
okmanána
kiyo
i̱la
nanih
-bíka -tok
kiyo̱
katash
lish
kapassa
alhpisa
kililhkólo
alhtobakma
momma
sister
kiyo̱
yohmi -h
am
-kat
kapassa -kma̱
ikhana -h
hoyá
pakíniho̱
pí
nákiya
hopáki
ano̱ti
honnána
biníni̱t
wiha -t
issókih
miya
okmanána
alhíhakma̱
tana -h
famáchi̱h
hi -hma̱
kano
chi-
school
ikka̱na -li -h
west
il-
lih
pa̱
delta
ábachi -h
ikhanattók
mishsha
a̱t
hospitala̱
hikít
mo̱ma
á -kma̱
ilappa̱
ikhana
í-
achokmá -h
isht
á -tok -o̱
o̱t
achokma -h
frank
nátah
pa̱
hokma̱
okla
hót
hokako̱
á -tok -o̱
a̱sha
okl í-
apílalí
ok
nána
okla
katimma -k
-kat
faláyat
á -ttók
ahwa -h
-ma
maká -tok -o̱
iti
alitok
kiyo
tík
hicha
mako
okla
nittak
a̱
ani -t
kanitchi -sh
noshkobo
ha
am
hitoko̱
-ya̱
ahwa =tok
ónakmako
taha
iti
uh
pí
ola
nátah
hohchafo
hiyókakósh
atsot
okla
kiyo̱
okpolo
mm~hmm
yohmi
ayyyyáshah
a̱yakat
ish-
miya
ípa
oh
-kat
um
ít
ik-
ámiyaksi
mmm
nán
uh
kiyo
ish-
m -ako̱
-chámo
ilakásh
hohchifo
o̱t
á
memorial
álitokako̱
kiyo
kiyo̱
yamma̱
i̱hiyohchi
-kat
ish-
mitaffi
time
alhíha
alhíha
yóhmih
il-
il-
anakmako
ano̱ti
alla
hót
ilhkóli
kiyo̱
pí
wáya -kma̱
mihchi -h
mayya -h
kiyo
nána
á -ttók
-m -ato
yohmi
fokkáli -ka̱
ona -li -kmat
-kato
nani
á- mi̱ti
-ya̱
achokma -h
pí
okla
mihcháchíni
aha̱yakma̱
you
áyato̱ksálna
fokka.lo̱bo
ish-
mm~hmm
alitok
ikbána
-ak
-ma
hichi̱lih
mi̱ti -hma̱
ka̱ha
hi -hma̱
á
hapi̱-
i̱pa
siy- ahni -kma̱
chokka
a̱tokobih
mihchi
á
-ato
hottopah
ish-
kanah
holisso
grandma
hokchitokma̱
-akíni -kásh
pí
takshi -sh
-ato
sabbak
at
okla
mat
í-
il-
ish-
akíniko̱
at
chahta
alhihma̱
okla
ohíyo
-ma -k
himmaka̱
ta̱chi
hikma̱
míchish
ihma
clean
fokáli -km -ako̱
hi -hma̱
a̱t
kotchi -tok
ilhkóli -hmat
-ma
ish-
mat
yóhmi
toklah
m -ako̱
-kato
tahli
okl í-
ish- pa -kma̱
yohmi -h
hi
hikkiki̱ya -h
-kat
yamm -ako̱
onnahi̱li
sa-
yohmi -h
im-
ta̱chi
íyattók
ho̱t
i
assano -t
á -ttók
ho̱kli
ak- ikkán -o
kani
pí
i̱-
mule
fokáli -km -ako̱
issa -hma̱
grandma
yohmi -h
hikma̱
kanohmih
láwa
okfowátat
hokako̱
i
am- ábachi -h
kiyo
áchih
hicha
kanohmo̱násh
il-
am
ish-
i̱takóbih
uhh
pa̱
ommih
átósh
ayówa -li -ttók
miyaho̱
kiyo -kásh
chi̱
-ma
onnahi̱li
-kat
kil
nánit
malhlhih
toko̱
áha̱ttalih
pishokchi
il-
nánaho̱
tribe
hiyókásh
o̱t
nánaka̱
osápa
yakni
chishnáto
a̱lhi
a̱killit
okla
achaffa
á -tok -o̱
áy ásha -h
taposhshik
mihchi -h
okla
ít
chito
taha
okl í-
toko̱
-ma -k
ásha -hma̱
kotchákma̱
anóti
pih
-ma
i̱-
ittano̱wat
yohmi -t
faláma -t
aha̱yakako̱
ayyówána
mat
i̱pa -sh
okl í-
job
-ya̱
kaniohmi
isht
shikalla
okla
hapi̱-
ish-
survive
aunt
toko̱
yo̱ka̱
mishsha
mítilitók
hi
tóko̱
ahni -li -tok -okósh
kiyo
okla
ish-
chohmi
mm~hmm
tokwikílih
mo̱m -áchi̱ -h
anáto
ommásh
yoppa
-ma
ta̱chi
a̱
sa- shki
aha̱yah
kani
central
ilhkóli
kiyo
chibbak
ka̱chi
itto̱natoko̱
-ma
pí
osápa
use
ano̱
nánikma̱
hikít
ikhaná -li -hmat
garden
tonna
yohma̱
-híka -ttók
iskitíni -ka̱
taná -li -h
hopáki
la
siy- assano -t
kaniohmi
ruth
yakohmi
yohmi -tok -o̱
-ma -k
aha̱tta -h
á -hma̱
hohchifo -t
ta̱lih
ho
anot
yakni
hikít
a
m -ako̱
okl í-
shikalla
sabá
-ato
aha̱tta -li
ano̱póli
at
lha̱kko -t
kaníya -ttók
shóli
sista
lhipolli
iya -t
hopóni -t
hikít
hikkikí -t
i̱la
mihchísh
il-
mihchilihátosh
atta
anokfilla
ish-
ano̱ti
pí
-ato
ásh
yakómika̱
o̱t
ahwa -h
pí
ikhana
kiyosh
áto̱ksalána
ahni -li -h
garden
ikhana -h
toko̱
hikkiki̱ya -h
fámah
ruth
bíkatók
-ma
miya
ikbána
hapishnák
á mi̱ti -li -ttók
use~a
field
yohmi
ikka̱na -li -h
ahíka
á
yakni
katók
designa
takkon
uh
ábachi -h
okl í-
m -ako̱
hikít
nána
okla
-ma
yo̱ka
hi -hma̱
yo̱
name
allat
a̱sha
a -ttók
il- i̱pa
pí
ayyashah
mako
anóli -h
ilhkóli -tok -o̱
fokka
-ma
anáto
kanímikmano
-ma
kanohmi -ttók
il-
within
hi
a̱
rent
yo̱
hash-
áchih
bók
fokáli -tok
makillattók
sáp
ta̱chi
ála -hma̱
onálikma̱
á
-ma
jackson
banna -hma
oh
osápa
mayattókósh
kana -t
taposhshik
chi-
hitok -ósh
alla
hicha
ayína
kíya
oka
ikbi
rent
hapim-
okla
ómih
allát
iyá -li -ttók
o̱t
mítih
yohmihosh
garden
ásh
osápa
oklil
ma̱yya
chishnáto
átokósh
-m -ato
tallahatchie
-kat
hikma̱
pishokchi
i̱pa
chá
katiliyah
anáto
issalittók
afammi
taha
o̱t
chíkosi.alhlhi.ka̱
a̱yalishtók
ikhaná -li -hmat
o̱t
yammakosh
másh
a̱ttakat
hi -hma̱
oshta
-kato
i̱-
-ya̱
náhollósh
hókakósh
aki̱nitok
himihówa
á -tok -ma̱
sabbak
uh
-ho̱
a̱sha
ak-
o̱kih
átokósh
then
ha
bag
-kat
hospital
il-
anot
il-
hah
makáykatok
yamma̱
uh
okl í-
hikít
iskool
kiyo
yohmikano
okla
botóli -kma̱
alhtáhakma̱
alítok
imma
himak.nittak
kati -k
im-
yohmi
ano̱pmanánásh
íyokma̱
chokánit
anáto
yohmi
oka
ano̱pol -ána -ttók
hóyo -t
i̱-
im-
yako̱kako̱
okl í-
-ho̱
libíshat
yakoho̱mi
hachi-
m -ako̱
hiyokásh
hash-
shawwa
hash-
taháhínah
okla
a̱lhi
mihchi -t
ilhkólikako̱
siyo̱si
pila -hma̱
-ma
-ma
hikít
-ho̱
okl í-
yakni
í-
nánomi
biyásha
isht
hitok -ósh
á
uh~huh
sabá
átokmako̱
holba
il-
ábáha̱chi
táyyahma̱
iyátokósh
áha̱ttalih
alálihma̱
a̱tta
okla
the
ikka̱na -li -h
-ma
momma
yohmi
il-
onáchikih
hapi̱-
ta̱chi
hikít
siy- alhano
pí
mihchi
achokma -h
hikiki̱ya -li -ttók
átokás
katímina
ikkanali
ilhkóli -t
a̱ya -l -íka -ttók
boshollichi -t
lawa
sixth
mihchi -li -h
wíha -t
a̱
a̱ya -li -h
ittanówa -ttók -o̱
hi
m -ako̱
mommat
yohmikat
retire
iya -h
-akósh
apíla -h
peaches
-ma
-m -ato
ómmi -kma̱
okla
a̱lhitok
áchi̱h
uh
alhíhah
yohmi -h
-kato
hikít
ya
hikít.iyá -li -h
yoppa
yakni
banáha
il-
retire
a̱h
maka̱
-ma -k
áy
yátoko̱
bók
alla
-ma
uh
ish-
pí
á -tok -o̱
hikma̱
afammi
apísa -kma̱
yóhmi
hihátokósh
-ma -k
issabáyaskachih
im-
ikbáno̱
nátah
mm~hmm
ona -h
okla
amahwa
shohbi
ittibi -h
osápa.ittimiklanna.to̱ksali
mítih
ámiyaksi
-ano
oski
palammi
ish-
faláma -t
sa-
ohóyo
i̱-
bók.chito
kati -k
ipítá
pí
okl í-
ma̱ya
yohmay
yokáchi -h
-kato
ittatoklot
iyáchi̱h
school
ohóyo
hoka̱
hikato
yard
anóti
achoho̱kmah
wíha -t
ish-
anót
hi -hma̱
okfat
akínih
ahówatok
okla
-ma
ittanówa -h
hi -hma̱
abóli
freeze
hopáki
pishnáto
ish-
yohmikásh
hopónih
kanómi -kma̱
hiki̱ya
siy- á -chi -h
il-
áy ásha -hma
táhat.iya -h
mm~hmm
fohálittók
ta̱sh.palaska
hashki
mihchánahnih
i
anóti
alla
uh
yaha̱ya -hma̱
a̱
aha̱tta -li
issa -hma̱
mihchi -h
ayyówah -o̱
himaka̱
hihkatok
pí
í-
-ma -k
family
yimmih
hoka̱
alhtoh
tahli -hma̱
nokha̱klo
ma̱yattóka̱
hikít
hopáki
a̱yalishtók
-hósh
mo̱ma
mo̱ma -h
hikít
anóti
wishakchi