-i-#PST.UV p-#CAUS.AV inggat#makan.sirih
si==#=
ou#saya;.aku
nga#seperti
na#DEF
ki-#EXIST ara#ada
kahah#kakak
nti#ini
matakng#datang
n-#ISA.AV alak#talak
sia#3SG.NOM
singgurua#seperti,.serupa..sebagai;.seperti;.seolah.olah
bas#pernah
n-#ATTR.ST togih#bunting;.hamil;.mengandung
alih#bung
asu#anjing
na#DEF
taik#huh
buid#bukit
me-#NPST.ACH lou#malu
induh#ibu;.induk;.emak
nyawa#nyawa
-i-#PST.ACY -m-#MO.ACY duah#descend
pelanduk#pelanduk
ngi-#ISA.AV gipit#ball.of.food
onu#whatever
ina#itu
pungguah#hantu
induh#ibu;.induk;.emak
saa#isteri;.suami;.bini;.laki
ou#saya;.aku
-in-#PST.ACY m-#MO.ACY ilih#return
na#DEF
in-#PST.UV ala#alah
m-#ATTR.ST olok#ketakutan
ou#saya;.aku
==hu#=SAYA;.AKU
buh#lama;.lampau
k-#ABILITY aap#dapat
kangkukng#kangkung
m-#ISA.AV injarah#penjara
miliug#tinggi
teih#tapi
na#DEF
nti#ini
si==#=
mah#dengan;.sama
na#DEF
siga#PLURAL
induh.amah#ibu.bapa
hai#juga
na#DEF
na#DEF
k-#ABILITY aap#dapat
anggar#sirih;.daun.sirih
m-#MO.ACY ulih#return
katih#di.sini
lahi#lelaki
bali#rumah
baar-baar#sungguh
n-#ISA.AV ajah#langgar
domon#Domon
hei#juga
singgurua#seperti,.serupa..sebagai;.seperti;.seolah.olah
na#DEF
pelanduk#pelanduk
asu#anjing
i-#PST.AV ng-#ISA.AV ompuh#sepupu
ng-#LINKER omol#gumpal
na#DEF
ngin-#DIR -dihit#light.fire
pasi#lagi
ulu#kepala
m-#MO.ACY ulih#return
in-#PST.UV ei#get
na#DEF
na#DEF
lama#orang
ertah#ingin,.ambisi
sahit#sakit
kaadn#berkata
-in-#PST.AV ng-#ISA.AV -atad#hantar;.menghantar
sia#3SG.NOM
nubuh#kemudian
m-#ISA.AV asah#basah
m-#ATTR.ST olok#ketakutan
sida#PLURAL
na#DEF
sidukng#di.bawah
ou#saya;.aku
peg-#HAVING.XED punga#setelah
lama#orang
k-#ABILITY aap#dapat
na#DEF
ina#itu
pedang#pedang
adat#adat
na#DEF
ihi#kami
in-#PST.ACH ibis#selesai -adn#V.>.ADVRS
leidn#lain;.bukan
si==#= elih#anak.lelaki
na#DEF
ou#saya;.aku
ina#itu
ki-#EXIST ara#ada
mati#mati;.meninggal.dunia
meg-#HAB tomu#temu
saa#isteri;.suami;.bini;.laki
diaadn#saya
na#DEF
teih#tapi
matakng#datang
doot-doot#hantu.bangkit
na#DEF
betaan#call
m-#ISA.AV udulih#peduli
ambih#aih
==hu#=SAYA;.AKU
kerai#work
lama#orang
na#DEF
na#DEF
ringah#sebelum,.dahulu
nubuh#kemudian
di#di;.ke;.pada
be-#CONT bali#main
egas#beras
na#now
domon#Domon
n-#ATTR.ST tiligud#menoleh
na#DEF
na#DEF
nubuh#kemudian
ringah#sebelum,.dahulu
ba#EMPHATIC
m-#MO.ACY ohodn#makan
mah#dan
deirdn.na#ALONE
in-#PST.UV ohodn#makan
hei#juga
na#DEF
k-#ABILITY aap#dapat
sia#3SG.NOM
si==#=
m-#ISA.AV iaah#ikut;.mengikut;.berjalan.bersama.sama
hatih#di.sini
kuiih#sana
k-#ABILITY aap#dapat
na#DEF
nu#engkau;.awak;.saudara;.anda
alih#bung
taik#huh
onu#apa
karukng#karung
lama#orang
na#DEF
kandak#hendak
ou#saya;.aku
ndah.pa#BELUM;.BELUM.LAGI;.
duah#descend
meraah#type.of.tree
gulu#dahulu
==ga#=
teih#tapi
kaadn#berkata
kerah#monyet
n-#PST.ACH dedi#happen
==ga#=
ngai#get
ina#itu
saa#isteri;.suami;.bini;.laki
tik#beat
saa#isteri;.suami;.bini;.laki
na#DEF
subai#on.the.contrary
kipiaak#ketiak
liaag#belayar
na#DEF
mbat#evaluative.exclamation.
hei#juga
ki-#EXIST ara#ada
sarip#syarif
poroh#mengatakan
ihi#kami
kuman#pakcik;.bapa.saudara
buid#bukit
orob#belatik
iskul#sekolah
kualih#kuali
na#DEF
-em-#MO.ACY teis#tangis
biaah#ikut;.mengikut;.berjalan.bersama.sama
na#DEF
teih#tapi
ig-#ACY.C2 bajuh#baju;.kemeja
hatih#di.sini
tindiangan#persimpangan
suikng#flowerpecker
alih#bung
na#DEF
n-#ISA.AV alak#talak
g-#ACY.C2 imung#gumpul;.campur;.menghimpunkan
karukng#karung
-i-#PST.UV totok#memotong
asal#asal
bali#rumah
na.haah.na#SEKARANG
hei#juga
-m-#MO.ACY sili#replace
siga#PLURAL
ngai#get
kudat#Kudat
medoot#barang,.benda
na#DEF
sida#PLURAL
na#FOCUS
na#DEF
ngai#get
ng-#ISA.AV imun#cemburu.(orang)
pandi#know
hai#juga
dunyah#dunia,.bumi
na#DEF
beig#air
na#DEF
mulah#zaman.dahulu
dioo#di.sana
miliug#tinggi
louk#fish
ihi#kami
ki-#EXIST ara#ada
ndah#tidak
m-#ISA.AV -oli#beli
ng-#ATTR.ST koon#makanan
lahi#lelaki
set#hanya
==ga#=
alih#bung
saa#isteri;.suami;.bini;.laki
dadi#become
na#DEF
mah#dan
suad#story
tutung#terbakar;.membakar -un#ISA.UV
malik#again
n-#ATTR.ST tuah#tua
pudn#pun,.bahkan
aha#awak;.engkau;.saudara;.anda
na#DEF
lama#orang
-in-#PST.ACY panu#pergi.jalan
na#DEF
na#DEF
na#DEF
nubuh#kemudian
ina#itu
hei#juga
reyda#Reyda
nu#engkau;.awak;.saudara;.anda
==hu#=SAYA;.AKU
m-#MO.ACY ouh#willing
dei#jangan
nggien#di.mana
nubuh#kemudian
m-#ATTR.ST olok#ketakutan
na#DEF
leidn#lain;.bukan
-m-#MO.ACY sili#replace
nubuh#kemudian
siadn#penyu
linda#Linda
m-#MO.ACY ouh#willing
nge-#ISA.AV -reikng#mengerang
na#nya
ny==#=
-in-#PST.AV nge-#ISA.AV saa#isteri;.suami;.bini;.laki
hei#juga
saa#isteri;.suami;.bini;.laki
di#di;.ke;.pada
-in-#PST.AV ng-#ISA.AV iup#meniup
sangup#timun
di#di;.ke;.pada
==ga#=
bali#rumah
se-#SE n-#LINKER toudn#tahun
na#DEF
kei#juga
bas#pernah
kungguakng.buid#TYPE.OF.ANIMAL
bumbukng#bambu,.buluh
ba#EMPHATIC
nti#ini
m-#MO.ACY ien#stay
n-#ISA.AV -uruk#clean.field.after.burning
k-#MULT.NUM esa#satu
kerah#monyet
na#DEF
ndah#tidak
katih#di.sini
ringah.mulah#ZAMAN.DAHULU
mah#dengan;.sama
na#DEF
bohit#burung,.unggas
anu#anu
tidii#dari.sana
pandi#know
m-#MO.ACY ulih#return
alih#bung
-in-#PST.ACY k-#DESIDERATIVE ohodn#makan
i-#PST.AV n-#ISA.AV oluh#chase
diaadn#saya
pusud#saudara
pa#yet
di.soig#DI.DALAM
hei#juga
nge-#ISA.AV -reikng#mengerang
n-#ATTR.ST segah#merah
lama#orang
ny==#=
==ga#=
hei#juga
ndah#tidak
-lepas#dibebaskan -adn#V.>.NMLZ
si==#=
adat#adat
k-#NMLZR ingei#want -n#NMLZR
k-#MULT.NUM esa#satu
guai#kekasih,.belahan.jiwa
nge-#ISA.AV lanag#sadar
na#DEF
pekahas#parts
ulakng#ular
si==#=
na#DEF
deirdn.na#ALONE
lama#orang
sia#3SG.NOM
pa#yet
na#DEF
na#DEF
n-#ISA.AV unu#bakar
m-#MO.ACY ouh#willing
nti#ini
ig-#ACY.C2 kerai#kerja,.pekerjaan
lahi#lelaki
ndah#tidak
poroh#mengatakan
-i-#PST.ACY m-#MO.ACY ulih#return
deirdn.na#ALONE
poroh#mengatakan
ali#lain
mekul#Michael
di#di;.ke;.pada
lipa#Lipa
ngai#get
m-#MO.ACY apit#singgah
mual#Mual
na#DEF
kaadn#berkata
tina#nanti
tuni#badan,.tubuh
libudn#woman
==ga#=
na#DEF
ihi#kami
==ga#=
puudn#tree
nibalu#Gunung.Kinabalu
-in-#PST.ACY k-#DESIDERATIVE ohodn#makan
na#DEF
si==#= elih#anak.lelaki
api#api
m-#ISA.AV uun#minta.diri
suruh#direct
sarah#cara
m-#ISA.AV iaah#ikut;.mengikut;.berjalan.bersama.sama
ndah#tidak
lehad#puas
nu#AUX.UV -an#ISA.UV
pandi#know
mengin#ingin
korok#burung.merbah
utidn#pelir;.zakar
ina#itu
na#DEF
berhei#benar
ndah#tidak
nda#mereka
nge-#ISA.AV rarakng#larang
na#DEF
mual#Mual
na#DEF
se-#SE tengah#setengah
induh#ibu;.induk;.emak
na#DEF
jadi#jadi
daidn#jalan;.denai;.jalan.kecil
lama#orang
sukim#Sukim
sodokng#rata.rata
ndah#tidak
di.sodi#DI.SAMPING
ipus#ekor
ada#ada
rarukng#peti.mati
kahah#kakak
mu-#NPST.ACH tukng#terbakar;.membakar
saa#isteri;.suami;.bini;.laki
di#di;.ke;.pada
lama#orang
na#DEF
-i-#PST.ACY matakng#datang
mulah#zaman.dahulu
==ga#=
na#DEF
kiou#kayu
matakng#datang
na#DEF
tamu#tamu
siga.lama.na#MEREKA
maap#boleh
pasi#lagi
sia#3SG.NOM
nubuh#kemudian
siga.lama.na#MEREKA
lama#orang
ki-#POSS ara#ada
mah#dan
menoon#Menoon
di#di;.ke;.pada
kirab#kelmarin;.semalam
tuhad#tangga
nu#AUX.UV -an#ISA.UV
gaabm#lebih.baik;.tambahan.pula
-i-#PST.UV pusut#bungkus
ina#itu
kaadn#berkata
m-#MO.ACY panu#pergi.jalan
ihi#kami
se-#SE tengah#setengah
na#nya
si==#=
sikng#seperti
hatih#di.sini
na#DEF
na#DEF
na#DEF
kaadn#berkata
induh#ibu;.induk;.emak
barabm#banyak
ohodn#makan
na.haah.na#SEKARANG
di#di;.ke;.pada
ng-#ATTR.ST kasar#kasar
betaan#call
katih#di.sini
deirdn.na#ALONE
hei#juga
nubuh#kemudian
na#DEF
tinggalukng#tangalung
bonggi#Banggi
na#DEF
poroh#mengatakan
komit#menjaga
aa#itulah
m-#ISA.AV -intas#mudah
n-#ISA.AV oluh#chase
na#DEF
dia#sana
ny==#=
diti#sini
asu#anjing
kuiih#sana
di#di;.ke;.pada
-i-#PST.ACY m-#MO.ACY ulih#return
elih#anak.lelaki
meg-#HAB suad#bercakap;.mengata;.cakap
pe-#IMP.AV m-#ISA.AV ahi#pakai
kuiih#sana
sodi#samping,.di.samping
mati#mati;.meninggal.dunia
na#DEF
tereib#Tereib
tirima#terima
ngu-#ISA.AV duaa#doa
nga#seperti
ihi#kami
sikiou#ubi.kayu
hei#juga
tobos#pergi
nd==#BIDAK;.BUKAN= ihi#kami
mah#dengan;.sama
pihaadn#pakaian.
na.haah.na#SEKARANG
kaadn#berkata
depoordn#dapur
punga#COMPL
na#DEF
i==#=
di.soid#DI.DALAM
-i-#PST.ACY m-#MO.ACY ulih#return
berajar#belajar
kei#juga
na#DEF
lama#orang
-em-#MO.ACY teis#tangis
-i-#PST.ACH mati#mati;.meninggal.dunia
pa#yet
i==#=
pusud#saudara
-in-#PST.ACY g-#ACY.C2 isik#goyang
==hi#=KAMI
katih#di.sini
si==#=
uubm#berkata
bobo#mendukung
diaadn#saya
saa#isteri;.suami;.bini;.laki
na#DEF
tidi#dari
g-#ACY.C2 iuh#rela
naah#boleh
mengin#ingin
nge-#ISA.AV saa#isteri;.suami;.bini;.laki
hai#juga
suad#bercakap;.mengata;.cakap
mekul#Michael
ng-#ISA.AV amul#hisap
nti#ini
kaadn#berkata
hei#juga
ng-#ISA.AV ondih#buang
ndah.pa#BELUM;.BELUM.LAGI;.
siidn#duit;.wang
gu#dahulu
ndah#tidak
ina#itu
banggi#bangkai,.mayat
ng-#ISA.AV arap#harap;.mengharapkan
i==#=
g-#ACY.C2 iit#angkat
layut#Layut
bali#rumah
ngkadn#alasan
pasi#lagi
ki-#EXIST ara#ada
m-#MO.ACY ulih#return
ulakng#ular
m-#ATTR.ST oduh#jauh
m-#NPST.ACH etak#tinggal
eyrat#alam.baka
n-#ISA.AV uart#surat
peg-#IMP sigup#tembakau
ig-#RECP biakng#detached;.separated
epaat#empat
mual#Mual
-in-#PST.ACY kimuat#tanya
adi#adik
mung-#TOWARD kuiih#sana
na#DEF
irum#cari -un#ISA.UV
matakng#datang
iloodn#sangat;.berlebihan;.sangat,.berlebihan
kirab#kelmarin;.semalam
uhu#engkau.sekalian
ndah#tidak
dua#dua
dii#sana
tolu#tiga
nti#ini
hei#juga
na#now
m-#MO.ACY ohodn#makan
na#DEF
m-#MO.ACY ohodn#makan
turuh#tujuh
-i-#PST.ACY m-#MO.ACY ulih#return
adat#adat
-em-#ACL langgu#kepanjangan
mah#dan
bakng#kalau
-i-#PST.ACL -m-#MO.ACY teis#tangis
nubuh#kemudian
ina#itu
i==#=
beig#air
matakng#datang
ndah#tidak
na#DEF
odu#hari
mah#dan
ringah#sebelum,.dahulu
induh#ibu;.induk;.emak
m-#ISA.AV ahi#pakai
baar#betul;.penting;.benar;.tepat
nti#ini
sia#3SG.NOM
lama#orang
ny==#=
na#DEF
==a#=AWAK;.ENGKAU;.SAUDARA;.ANDA
ernah#tanah.datar,.dataran.rendah
dawai#pagar.kawat
kina#dahulu;.tadi
-i-#PST.ACY matakng#datang
kaadn#berkata
na#DEF
tuadn.umur#spirit.name
tidi#dari
ou#saya;.aku
nd==#BIDAK;.BUKAN= ara#ada
peg-#HAVING.XED punga#setelah
leidn#lain;.bukan
ndah#tidak
nentaadn.na#ALL
suad.tuah-mulah#CERITA.DONGENG
gulu#dahulu
nentaadn.na#ALL
==ga#=
hei#juga
ou#saya;.aku
-in-#PST.AV ng-#ISA.AV uah#pergi.ke
na#DEF
na#DEF
louk#fish
baah#well
siga#PLURAL
epaat#empat
kiou#kayu
pa#yet
i-#PST.ACY gi-#ACY.C2 libag#menghina
sultadn#sultan
na#DEF
-in-#PST.AV nge-#ISA.AV rapat#dekat
peg-#HAVING.XED datakng#datang
na#DEF
lama#orang
ina#itu
in-#PST.UV ondih#buang
m-#ATTR.ST olok#ketakutan
beranti#berhenti
m-#ISA.AV iaah#ikut;.mengikut;.berjalan.bersama.sama
==ku#=
m-#MO.ACY ohodn#makan
na#DEF
di#di;.ke;.pada
n-#ISA.AV -oog#panggil
jadi#jadi
paat#empat
ragah#keranjang;.bakul
ng-#ISA.AV kuah#pergi.ke
meg-#HAB tomu#temu
ditah#racun
susa#sulit,.sukar
ki-#POSS ara#ada
tolu#tiga
tina#nanti
kumut#sarung
egas#beras
bakng#kalau
leidn#lain;.bukan
katih#di.sini
kiti#kita
diaadn#saya
ng-#ISA.AV irah#ajar
katih#di.sini
na#DEF
na#DEF
na#DEF
na#DEF
ndah#tidak
na#DEF
diaa#darat
buna#pada.sisi.lain
lama#orang
di#di;.ke;.pada
karukng#karung
siga#PLURAL
ou#saya;.aku
ny==#=
suad#bercakap;.mengata;.cakap
punga#COMPL
kaadn#berkata
na#DEF
lima#lima
na#DEF
-in-#PST.AV ng-#ISA.AV -utuh#pick
ndah.pa#BELUM;.BELUM.LAGI;.
ba#EMPHATIC
na#DEF
induh#ibu;.induk;.emak
kiti#kita
ny==#=
-i-#PST.ACY matakng#datang
-i-#PST.UV bori#give
uai#kaki
k-#MULT.NUM esa#satu
==ga#=
lobokng#kubur
si==#=
mbat#evaluative.exclamation.
si==#=
==ga#=
dihiti#kita
mah#dan
nentaadn.na#ALL
m-#ISA.AV ori#give
ngelag#mengiris
di.libuat#ABOVE
kaadn#berkata
dei#jangan
siga#PLURAL
pe-#CAUS.AV panyap#pack.things
leidn#lain;.bukan
-um-#MO.ACY luas#exit
nti#ini
-i-#PST.ACY matakng#datang
bakng#kalau
toyuk#kecil;.sedikit
na#DEF
na.haah.na#SEKARANG
mi-#NPST.ACH sipit#sepit -adn#V.>.ADVRS
deirdn.na#ALONE
na.haah.na#SEKARANG
man#mengapa
mah#dan
na#DEF
iit#bawa;.membawa -on#ISA.UV
leidn#lain;.bukan
pudn#EMPH
nu#engkau;.awak;.saudara;.anda
==ga#=
na#DEF
diaadn#saya
ng-#ISA.AV irah#ajar
bunua#kampung;.benua
onsobm#limau,.jeruk.limun
nubuh#kemudian
toho#tiba.tiba
di#di;.ke;.pada
leidn#lain;.bukan
==ga#=
menoon#Menoon
teykang#Teykang
di#di;.ke;.pada
ina#itu
asu#anjing
na#DEF
bali#rumah
asal#asal
suruh#order
ngi#get -en#ISA.UV
nd==#BIDAK;.BUKAN= ara#ada
buat#lakukan
==ga#=
mati#mati;.meninggal.dunia
na#DEF
di.soid#DI.DALAM
na#DEF
ihi#kami
ngu-#ISA.AV duaa#doa
mulah#zaman.dahulu
hai#juga
nubuh#kemudian
ndah#tidak
ny==#=
ouu#oh
simbilikng#type.bamboo
na#DEF
na#DEF
na#DEF
deirdn.na#ALONE
m-#MO.ACY ouh#willing
na#DEF
i==#=
hei#juga
kaadn#berkata
ou#saya;.aku
mengin#ingin
sungad#terbalik
m-#ISA.AV iaah#ikut;.mengikut;.berjalan.bersama.sama
nge-#ISA.AV lana#minyak
na#DEF
diaadn#saya
kk#Kota.Kinabalu
ng-#ISA.AV ala#alah
ou#saya;.aku
nyu#2PL.POSS
pedang#pedang
ng-#ISA.AV ipah#simpan;.menaruh;.meletakkan
domon#Domon
ny==#=
hei#juga
koo#sayap
deirdn.na#ALONE
kusang#Kusang
buh#lama;.lampau
ba#EMPHATIC
ndah.pa#BELUM;.BELUM.LAGI;.
jadi#jadi
putih#putih
ng-#ISA.AV biidn#pesan
duaa#doa
ny-#ISA.AV umpakng#follow;.take.passage.on
lahi#lelaki
miribu#seribu
na#nya
nu#AUX.UV -an#ISA.UV
buh#lama;.lampau
na#DEF
saa#isteri;.suami;.bini;.laki
-im-#MO.ACY liaag#belayar
engat#reply
inubuh#kemudian
dawai#pagar.kawat
soid#di.dalam
m-#ISA.AV ihit#matrilocal.residence
na#DEF
barabm#banyak
==a#=AWAK;.ENGKAU;.SAUDARA;.ANDA
na#DEF
tapih#tetapi
nubuh#kemudian
bali#rumah
pasi#lagi
turuh#tujuh
biuh#daun.sirih
ihi#kami
na#DEF
di#di;.ke;.pada
-i-#PST.ACY matakng#datang
jadi#jadi
toyuk-toyuk#kecil;.sedikit
induh#ibu;.induk;.emak
-in-#PST.ACY panu#pergi.jalan
sampai#sampai,.hingga
hei#juga
nu#engkau;.awak;.saudara;.anda
iun#ayun -ah#ISA.UV.IMP
ragah#keranjang;.bakul
nge-#ISA.AV -reikng#mengerang
na#DEF
k-#ABILITY aap#dapat
n-#ISA.AV ouk#draw.water
padi#padi
na#DEF
intakng#napas
di#di;.ke;.pada
m-#MO.ACY abat#jawab
beig#air
urang.tuah#ketua.kampung,.kepala.desa
i==#=
punga#COMPL
na#DEF
na#DEF
nu#engkau;.awak;.saudara;.anda
bagi#bahagi;.membahagi
==ga#=
na#DEF
buat#lakukan
beg-#VBLZR -tonduh#see
barakng#barang
alakng-alakng#alang.alang
i==#=
nd==#BIDAK;.BUKAN= ara#ada
nubuh#kemudian
bonggi#Banggi
tau#know
meg-#HAB tomu#temu
libudn#woman
in-#PST.UV iit#carry
iag#air.liur
-i-#PST.ACH mati#mati;.meninggal.dunia
ou#saya;.aku
peg-#HAVING.XED punga#setelah
==ga#=
tiadn#perut
uhubm#trial
ng-#ISA.AV irah#ajar
ouu#oh
ndah#tidak
ng-#ISA.AV -engkabm#meraba;.meraba.raba;.menyentuh
na#DEF
ndah#tidak
-i-#PST.UV totok#memotong
dumah#dengan
lama#orang
kaadn#berkata
ringah#sebelum,.dahulu
m-#ATTR.ST olok#ketakutan
dii#sana
buh#lama;.lampau
di#di;.ke;.pada
ndah#tidak
nubuh#kemudian
ou#saya;.aku
na#nya
suhup#enough
bonggi#Banggi
ng-#ISA.AV biidn#pesan
ihi#kami
melik#lagi
lahi#lelaki
siga#PLURAL
m-#ISA.AV ompodn#menggumpul
mipah#bila
ina#itu
hei#juga
toyuk#kecil;.sedikit
-um-#MO.ACY suak#enter
ou#saya;.aku
dei#jangan
adat#adat
nga#seperti
iloodn#sangat;.berlebihan;.sangat,.berlebihan
se-#SE m-#LINKER belah#picah
sia#3SG.NOM
pag#HAVING.Xed datakng#datang
gagi#gaji;.upah
n-#ISA.AV utup#tudung;.penutup
tingih#Tingih
barabm#banyak
na#DEF
na#DEF
bonggi#Banggi
k-#ABILITY adak#cium
api#api
-in-#PST.ACY g-#ACY.C2 ait#menunggu
ajukng#bahtera
ba#EMPHATIC
kerai#work
turuh#tujuh
asu#anjing
robi#malam;.pada.waktu.malam
oduh#nenek
na#DEF
n-#ISA.AV otog#pasti
mutuah#beliau
mah#dan
hei#juga
su-#CONT suad#bercakap;.mengata;.cakap
na#DEF
kaadn#berkata
beig#air
na#DEF
sia#3SG.NOM
biaah#ikut;.mengikut;.berjalan.bersama.sama
leidn#bukan
-i-#PST.ACY matakng#datang
si==#=
siga.lama.na#MEREKA
m-#ATTR.ST pia#bagus;.baik
na.haah.na#SEKARANG
ndah#tidak
kerai#work
diha#engkau
bali#rumah
nd==#BIDAK;.BUKAN= ara#ada
na#DEF
ina#itu
nentaadn.na#ALL
bonggi#Banggi
na#DEF
ina#itu
bunua#kampung;.benua
bitakng#punggung
ng-#ISA.AV obuh#operate.on
-in-#PST.ACH -rogo#worried
i==#=
tundah#tansi
nubuh#kemudian
-i-#PST.ACH mati#mati;.meninggal.dunia
suhup#enough
pelanduk#pelanduk
apuh#datuk,.kakek
na#DEF
na#DEF
k-#ABILITY aap#dapat
gah#sebab
berhei#benar
hei#juga
sia#3SG.NOM
ny==#=
nd==#BIDAK;.BUKAN= ara#ada
-um-#MO.ACY suak#enter
na#DEF
mondog#hiwan.khayal
ou#saya;.aku
pa#yet
ndah#tidak
ndah.pa#BELUM;.BELUM.LAGI;.
buh#lama;.lampau
-in-#PST.AV ng-#ISA.AV ai#get
na#nya
lahi#man
apuh#datuk,.kakek
-i-#PST.ACY m-#MO.ACY ulih#return
bajuh#baju;.kemeja
nd==#BIDAK;.BUKAN= ara#ada
na#DEF
lehad#puas
==mi#=KAMI
di#di;.ke;.pada
su-#CONT suad#bercakap;.mengata;.cakap
-i-#PST.ACY m-#MO.ACY ohodn#makan
na#DEF
susa#sulit,.sukar
hei#juga
na#DEF
na#DEF
peranak#budak,.anak
pitangan#Kapitangan
sikiou#ubi.kayu
simbatu#one
tembakng#payau,.rusa
n-#ATTR.ST doot#buruk
suhat#bisa,.mampu
kaadn#berkata
na#DEF
lama#orang
aha#awak;.engkau;.saudara;.anda
si==#=
ndah#tidak
ou#saya;.aku
mual#Mual
depoordn#dapur
mulah#zaman.dahulu
-in-#PST.ACH -punggal#kupas
menoon#Menoon
hei#juga
ou#saya;.aku
suad#bercakap;.mengata;.cakap
na#DEF
di#di;.ke;.pada
sikiou#ubi.kayu
na#DEF
pe-#IMP.AV nge-#ISA.AV douh#joke.around
rua#condition
londukng#pondok
kirab#kelmarin;.semalam
-em-#MO.ACY lalu#melewati
-in-#PST.ACH buntal#throw
na#DEF
bohit#burung,.unggas
diha#engkau
apuh#datuk,.kakek
paa#paha
ou#saya;.aku
saa#isteri;.suami;.bini;.laki
m-#ISA.AV ori#give
-i-#PST.ACL km#ACL biru#biru
sultadn#sultan
engat#reply
apuh#datuk,.kakek
api#api
tingih#Tingih
mulah#zaman.dahulu
anu#anu
ngim-#DIR pelei#sihir
ndah#tidak
-in-#PST.ACL nge-#ISA.AV loos#bersi;.merambah
punga#COMPL
-i-#PST.ACY lempad#terbang
subai#on.the.contrary
n-#ISA.AV -anam#menanam
m-#ATTR.ST bisa#bisa
nggien#di.mana
ouu#oh
bilug#bulat.bulat
turuh#tujuh
kuiih#sana
hei#juga
aa#itulah
atakng#semasa;.sedang;.sambil
ba#EMPHATIC
m-#ISA.AV iaah#ikut;.mengikut;.berjalan.bersama.sama
waris#keluarga
gook#bersih.ladang
induh#ibu;.induk;.emak
mati#mati;.meninggal.dunia
nubuh#kemudian
==ku#=
nubuh#kemudian
gulu#dahulu
==ga#=
tina#nanti
piih#tangan
n-#ISA.AV -opuk#menyumpit
suub#esok,.besok
onu#apa
na#DEF
kerah#monyet
na#DEF
i==#=
mual#Mual
bakng#kalau
ndah#tidak
bakng#kalau
pasi#lagi
pitiaadn#kematian
na#DEF
aa#itulah
na#DEF
ndah#tidak
odu-odu#setiap.hari
na#DEF
goguh#lubang
m-#MO.ACY buat#lakukan
asal#asal
kuiih#sana
iloodn#sangat;.berlebihan;.sangat,.berlebihan
ou#saya;.aku
gien#where
na#DEF
sia#3SG.NOM
kaadn#berkata
libudn#woman
ki-#EXIST ara#ada
nubuh#kemudian
na#DEF
na#DEF
di#di;.ke;.pada
m-#ISA.AV uun#minta.diri
nti#ini
kerah#monyet
hei#juga
ringah#sebelum,.dahulu
m-#MO.ACY ien#stay
mah#dan
kirab#kelmarin;.semalam
ulakng#ular
engat#reply
na#nya
na.haah.na#SEKARANG
puudn#tree
nga#seperti
biaa#buaya
onu#apa
pandi#know
ombok#Ombok
buna#pada.sisi.lain
na#DEF
odu-odu#setiap.hari
-m-#MO.ACY ganti#replacement
siga#PLURAL
oid#perahu
na#DEF
nubuh#kemudian
==ga#=
mi-#ATTR.ST gia#besar
ulakng#ular
diha#engkau
sahit#sakit
na#DEF
na#now
na#DEF
i==#=
na#DEF
ngai#get
daya#pakai
engat#reply
subai#on.the.contrary
leid#lama
asal#asal
nd==#BIDAK;.BUKAN= ara#ada
m-#MO.ACY ohodn#makan
nubuh#kemudian
-m-#MO.ACY duah#descend
me-#NPST.ACH lou#malu
ou#saya;.aku
kaadn#berkata
nu#engkau;.awak;.saudara;.anda
-i-#PST.ACY -m-#MO.ACY luas#exit
lama#orang
ai#wah
m-#ATTR.ST olok#ketakutan
==ga#=
ng-#ISA.AV amad#melubangi
pasi#lagi
na#DEF
tentang#tentang
pa#yet
na#now
nubuh#kemudian
singapura#Singapura
minyen#menantu.perempuan;.menantu.laki.laki
na.haah.na#SEKARANG
diaadn#saya
suad#bercakap;.mengata;.cakap
kirab#kelmarin;.semalam
onu#apa
na#DEF
barabm#banyak
ki-#EXIST ara#ada
bakng#kalau
hei#juga
si==#=
mah#dan
ou#saya;.aku
ke-#ABILITY taadn#tahan
di#di;.ke;.pada
ihi#kami
-in-#PST.ACY gin-#ACY.C2 ohodn#makan
bulag#buta
ou#saya;.aku
noo#there
mah#dengan
mi-#ATTR.ST -rimbu#dangkal
peg-#HAVING.XED liid#lihat;.tengok
na#DEF
puhul#pukul
kidabak#tenang
diaadn#saya
mentamang#ibu.mentua;.mertua;.bapa.mentua;.mertua
lehad#puas
bunua#kampung;.benua
diti#sini
suhup#enough
sia#3SG.NOM
pandi#know
na#DEF
kei#juga
gien#where
si==#=
puudn#pokok,.pohon
mulah#zaman.dahulu
==ga#=
man#mengapa
gulu#dahulu
doot-doot#hantu.bangkit
i==#=
langgu-langgu#approximate.length
sia#3SG.NOM
lahi#lelaki
==ku#=
dumah#dengan
si==#=
na#DEF
ouu#oh
pudn#pun,.bahkan
lumbuh#labu
mah#dan
kerebi#semalam
m-#MO.ACY ouh#willing
gimbatadn#jambatan
n-#ATTR.ST doot#buruk
siga#PLURAL
kirab#kelmarin;.semalam
pem-#INSTRV pepag#kebas;.mengebaskan
sikiou#ubi.kayu
lama#orang
na#DEF
na#DEF
ndah#tidak
aal#hal,.perihal
saa#isteri;.suami;.bini;.laki
-i-#PST.UV panggat#pangkat
==a#=AWAK;.ENGKAU;.SAUDARA;.ANDA
gah#oleh
-in-#PST.ACY g-#ACY.C2 uubm#bahasa
ki-#EXIST ara#ada
nubuh#kemudian
tinggalukng#tangalung
na#DEF
meg-#HAB ramai#kumpul,.acara
==ku#=SAYA;.AKU
ki-#EXIST ara#ada
baar-baar#sungguh
asu#anjing
pungaan#finished
bakng#kalau
ki-#EXIST ara#ada
nd==#BIDAK;.BUKAN= aha#awak;.engkau;.saudara;.anda
gibiidn#petang.(lewat)
==ga#=
satu#satu
na#nya
==ku#=
musa#Musa
di#di;.ke;.pada
lama#orang
baru#baru
suad.tuah-mulah#CERITA.DONGENG
nu#engkau;.awak;.saudara;.anda
bali#rumah
dolok#hujan
na.haah.na#SEKARANG
na#DEF
sosod#menerobos;.merempuh
tulakng#tulang
rua#condition
==ga#=
tangga#dari.mana
si==#=
oid#perahu
na#nya
ponuh#Ponuh
kudaadn#dua.hari
odu#hari
belaha#Beleha
di.soid#DI.DALAM
induh#ibu;.induk;.emak
ng-#ISA.AV ali#kurik;.menggali
hei#juga
ng-#ISA.AV irah#ajar
ou#saya;.aku
mual#Mual
teih#tapi
na.haah.na#SEKARANG
ou#saya;.aku
pihit.tulakng#MATRILOCAL.RESIDENCE.UNTIL.IN.LAWS'.DEATH
na.haah.na#SEKARANG
di#di;.ke;.pada
na#DEF
domon#Domon
pusud#saudara
m-#ATTR.ST olok#ketakutan
siga.lama.na#MEREKA
buh#lama;.lampau
alih#bung
ki-#PET biri#give
bohit#burung,.unggas
gulu#dahulu
poroh#claim
ti#kita
diaadn#saya
puluh#sepuluh
sikiou#ubi.kayu
orob#belatik
-in-#PST.ACY panu#pergi.jalan
ndah#tidak
ig-#RECP bagi#bahagi;.membahagi
set#hanya
pudn#pun,.bahkan
==mi#=KAMI
mulah#zaman.dahulu
punti#pisang
ina#itu
ng-#ISA.AV kuah#pergi.ke
pitangan#Kapitangan
na#DEF
peg-#HAVING.XED datakng#datang
diaadn#saya
nti#ini
pasi#lagi
na#DEF
louk#fish
me-#ATTR.ST leid#lama
guakng#jiwa
supakng#kecambah
jadi#jadi
suala#argument
mual#Mual
ny==#=
di#di;.ke;.pada
na#DEF
kimuat#tanya
kerah#monyet
biidn#pesan
suub#esok,.besok
ou#saya;.aku
diti#sini
diti#sini
mondog#hiwan.khayal
pinsadn#saudara.sepupu
mulah#zaman.dahulu
sia#3SG.NOM
kubukng#kubung
na#now
sabudn#sabun
lama#orang
bali#rumah
ki-#POSS anak#budak,.anak
rua#condition
sikiou#ubi.kayu
==ga#=
tuhud#play.instrument
hei#juga
siga.lama.na#MEREKA
kumbal#Kumbal
diti#sini
ig-#RECP oput#tie
kimpusadn#terakhir
k-#MULT.NUM esa#satu
sia#3SG.NOM
m-#ISA.AV unuh#bergaduh
domon#Domon
puhul#pukul
m-#MO.ACY ohodn#makan
mah#dan
tengah#setengah
tina#nanti
kiou#kayu
mah#dengan
n-#PST.ACY ig-#ACY.C2 kerai#kerja,.pekerjaan
siga#PLURAL
na#DEF
m-#ISA.AV anyap#pack.things
ina#itu
pusud#saudara
ndah#tidak
nd==#BIDAK;.BUKAN= ara#ada
mulah#zaman.dahulu
==ga#=
hanah#outstanding
nubuh#kemudian
poroh#mengatakan
sia#3SG.NOM
guai#kekasih,.belahan.jiwa
ookng-ookng#atmosfir,.suasana
nu#AUX.UV -an#ISA.UV
k-#ABILITY aap#dapat
-i-#PST.UV totok#memotong
na#DEF
ng-#ATTR.ST koon#makanan
ndah#tidak
na#DEF
onu#apa
pegah#Limbuak
kibunggakng#hairan
nu#engkau;.awak;.saudara;.anda
-i-#PST.ACY m-#MO.ACY ulih#return
iskul#sekolah
mah#dan
kaadn#berkata
na#DEF
ki-#EXIST ara#ada
tidi#dari
nggien#di.mana
ina#itu
leidn#lain;.bukan
ali#lain
dii#sana
ou#saya;.aku
eyrat#alam.baka
m-#ISA.AV asah#basah
tohos#sederhana
ina#itu
tidi#dari
saa#isteri;.suami;.bini;.laki
na#DEF
m-#ISA.AV obo#mendukung
louk#fish
bubul#bulu,.bulu.roma
ubi#umbi
n-#PST.ACH togob#terbalik
nubuh#kemudian
guakng#jiwa
berosi#dayung
barabm#banyak
bunua#kampung;.benua
ihi#kami
na#DEF
na#now
ina#itu
-in-#PST.ACY g-#ACY.C2 api#api
m-#ISA.AV iaah#ikut;.mengikut;.berjalan.bersama.sama
bali#rumah
di#di;.ke;.pada
ki-#NMLZR biag#hidup -adn#NMLZR
banggi#bangkai,.mayat
duruh#sup;.sop
ndah#tidak
ndah#tidak
nubuh#kemudian
ndah#tidak
-i-#PST.ACY m-#MO.ACY uhad#leave
na#DEF
mu-#NPST.ACH tukng#terbakar;.membakar
dolok#hujan
mbat#evaluative.exclamation.
lama#orang
m-#ISA.AV iaah#ikut;.mengikut;.berjalan.bersama.sama
induh.amah#ibu.bapa
ali#lain
ulang#Ulang
wanga#daun
ngin-#DIR daidn#jalan;.denai;.jalan.kecil
obu#bau
m-#MO.ACY inggat#makan.sirih
ibal#kawan
m-#ISA.AV iaah#ikut;.mengikut;.berjalan.bersama.sama
ba#EMPHATIC
na#DEF
ig-#RECP ohodnohodn#play.tag
na#DEF
kali#kali
na.haah.na#SEKARANG
-in-#PST.ACH rari#lari
ou#saya;.aku
bali#rumah
tenggabadn#tembakan
tidii#dari.sana
ng-#ISA.AV asau#kacau;.mengganggu;.mengusik
m-#NPST.ACH id#lihat;.tengok -adn#V.>.ADVRS
na#DEF
mah#dan
ou#saya;.aku
mondog#hiwan.khayal
peg#HAVING.Xed tupa#terjun;.meloncati.ke.bawah
bakng#kalau
pudulih#peduli
==mi#=KAMI
kerah#monyet
guai#kekasih,.belahan.jiwa
n-#ISA.AV -ehat#cabut
bas#pernah
siga#PLURAL
na#DEF
ny==#=
baar-baar#sungguh
mah#dengan
kei#juga
kei#juga
pusud#saudara
siga#PLURAL
kaadn#berkata
kaadn#berkata
su-#CONT suad#bercakap;.mengata;.cakap
na#DEF
-in-#PST.AV ng-#ISA.AV inum#minum
m-#ISA.AV oroh#mengatakan
buh#lama;.lampau
aa#itulah
==ku#=
nubuh#kemudian
punga#COMPL
==ga#=
ei#adu
nerahah#neraka
pa#yet
suad#bercakap;.mengata;.cakap
ina#itu
peg-#ITER liid-#LIHAT;.TENGOK liid#lihat;.tengok
na#DEF
tolu#tiga
turuh#tujuh
malik#again
si==#=
nubuh#kemudian
dua-dua#two.by.two
kaning#Kaning
di#di;.ke;.pada
ny==#=
kaadn#berkata
na#DEF
bonggi#Banggi
==hu#=
ndah#tidak
ndah#tidak
mah#dan
na#DEF
bohit#burung,.unggas
sinsikng#cincin
guakng#jiwa
nti#ini
hei#juga
na#DEF
hatih#di.sini
na#FOCUS
putih#putih
aa#itulah
dioo#di.sana
alih#bung
nubuh#kemudian
timbeig#air
onsi#daging
nayar#Nayar
di.soig#DI.DALAM
di#di;.ke;.pada
ny-#ISA.AV umpakng#follow;.take.passage.on
mah#dengan;.sama
ou#saya;.aku
ndah#tidak
i==#=
m-#NPST.ACH uduh#biting.fish -adn#V.>.ADVRS
saa#isteri;.suami;.bini;.laki
nge-#ISA.AV lana#minyak
bali#rumah
na#DEF
mengin#ingin
tidi#dari
induh#ibu;.induk;.emak
m-#NPST.ACH pesah#pecah -adn#V.>.ADVRS
ringah#sebelum,.dahulu
teih#tapi
ki-#EXIST ara#ada
==ku#=
gook#bersih.ladang
==ga#=
dihu#engkau.sekalian,.kalian
dii#sana
na#DEF
ringah#sebelum,.dahulu
ndah#tidak
m-#ATTR.ST olok#ketakutan
dei#jangan
deirdn.na#ALONE
na#DEF
diaa#darat
na#DEF
liaag#belayar
tina#nanti
==hu#=SAYA;.AKU
si==#=
m-#ISA.AV -onsuh#mandi
hei#juga
si==#=
tina#nanti
sultadn#sultan
ki-#EXIST ara#ada
ombok#Ombok
mah#dan
midua#roh
buat#lakukan
-in-#PST.ACY panu#pergi.jalan
engat#reply
m-#ISA.AV udulih#peduli
sugah#isi
nti#ini
gook#bersih.ladang
gu-#ACY.C2 suruh#order
tinaman#tanaman
kasu#stripping.used.for.thatching
ng-#ISA.AV arap#harap;.mengharapkan
suad#bercakap;.mengata;.cakap
kaadn#datang;.pergi
ng==#=
nu#engkau;.awak;.saudara;.anda
mual#Mual
beraadn#rambat
ndah#tidak
nubuh#kemudian
dihu#engkau.sekalian,.kalian
m-#NPST.CAUS.AV pi-#CAUS.AV biaah#ikut;.mengikut;.berjalan.bersama.sama
==ga#=
nge-#ISA.AV -laas#chop.smthg
min-#TOWARD di#kepada
i==#=
-in-#PST.AV ng-#ISA.AV ai#get
nubuh#kemudian
ng-#ISA.AV kuah#pergi.ke
kei#juga
diaadn#saya
sida#PLURAL
libudn#woman
ombok#Ombok
nga#seperti
kaadn#berkata
goul#campur;.gaul
karukng#karung
sikng#seperti
mah#dengan;.sama
bakng#kalau
di#di;.ke;.pada
gandubm#jagung
nd==#BIDAK;.BUKAN= ara#ada
di#kepada
se-#SE ng-#LINKER olu#day
pudulih#peduli
bansuk#.house.post
na#now
batakng#batang
m-#ATTR.ST pia#bagus;.baik
di#di;.ke;.pada
kerah#monyet
kaadn#berkata
k-#ABILITY aap#dapat
mati#mati;.meninggal.dunia
di#di;.ke;.pada
mulah#zaman.dahulu
sia#3SG.NOM
lama#orang
jadi#jadi
tala#Allah
na#DEF
pusud#saudara
-in-#PST.ACH kompot#sampai
belaha#Beleha
sahit#sakit
sarah-sarah#cara.cara
nd==#BIDAK;.BUKAN= ara#ada
deirdn.na#ALONE
m-#ISA.AV oroh#mengatakan
lama#orang
gambidn#menggendong
kumut#sarung
ina#itu
lama#orang
kiou#kayu
==ku#=
na#DEF
==hu#=SAYA;.AKU
minyen#menantu.perempuan;.menantu.laki.laki
na#DEF
na#DEF
na#DEF
==ku#=
nubuh#kemudian
sia#3SG.NOM
mah#dan
dolok#hujan
dumah#dan
sikng#seperti
jadi#jadi
soid#di.dalam
mati#mati;.meninggal.dunia
==ku#=
si==#=
na#DEF
simbatu#one
ba#EMPHATIC
na#DEF
di#di;.ke;.pada
gulu#dahulu
pasi#lagi
penah#meskipun
se-#SE ng-#LINKER olu#day
mual#Mual
api#api
na#DEF
sikng#seperti
ou#saya;.aku
mv-#NPST.ACH udap#lapar -adn#V.>.ADVRS
jadi#jadi
simbatu#one
gah#oleh
bakng#kalau
nga#seperti
pandi#know
pa#yet
aha#awak;.engkau;.saudara;.anda
leidn#lain;.bukan
ou#saya;.aku
elaa#astaga
na#DEF
na#DEF
kuiih#sana
di#di;.ke;.pada
kaadn#berkata
ndelapas#type.of.snake
n-#ISA.AV unu#bakar
na#DEF
ponuh#Ponuh
kiou#kayu
tiga#tiga
hei#juga
mah#dan
ng-#ISA.AV -indihut#merumputi;.menyiangi
na.haah.na#SEKARANG
-in-#PST.ACY panu#pergi.jalan
na#DEF
kuman#pakcik;.bapa.saudara
atakng#semasa;.sedang;.sambil
nibalu#Gunung.Kinabalu
lama#orang
na#DEF
kaadn#berkata
buh#lama;.lampau
na#DEF
ina#itu
uubm#berkata
ki-#EXIST ara#ada
siga#PLURAL
belaha#Beleha
leid#lama
sida#PLURAL
pahat#akar
tembakng#payau,.rusa
i==#=
m-#MO.ACY ulih#return
si==#=
ki-#EXIST ara#ada
bakng#kalau
uhu#engkau.sekalian
mondog#hiwan.khayal
ndah#tidak
mentamang#ibu.mentua;.mertua;.bapa.mentua;.mertua
malik#again
kaadn#berkata
ndah#tidak
poroh#mengatakan
punga#COMPL
putus#putus
dei#jangan
ernah#tanah.datar,.dataran.rendah
==ga#=
gulu#dahulu
subai#on.the.contrary
nubuh#kemudian
ontokng#type.of.medicinal.plant
-in-#PST.ACY g-#ACY.C2 uubm#bahasa
gah#oleh
anak#kecil
na#DEF
kehaadn#oh.begitu
na#DEF
kapak#kapak
peg-#ITER liid-#LIHAT;.TENGOK liid#lihat;.tengok
k-#NMLZR ingei#want -n#NMLZR
na#DEF
libudn#woman
nu#engkau;.awak;.saudara;.anda
bakng#kalau
==hu#=
tiaah#panggilan.sayang
tigoru#tenggorokan
nubuh#kemudian
linggid#tombak
doot-doot#hantu.bangkit
tetak#tinggal
m-#ISA.AV osi#pancing;.mata.kail
pekahas#parts
lama#orang
na#DEF
nubuh#kemudian
bonti#jembatan
na#DEF
tumbuh#bertunas
-in-#PST.ACY gi-#ACY.C2 taruh#simpan;.bersembunyi
g-#ACY.C2 ipad#berhenti
ngai#get
sia#3SG.NOM
poroh#mengatakan
-in-#PST.AV ng-#ISA.AV ai#get
mati#mati;.meninggal.dunia
gien#where
na#DEF
tuhal#kurus
ng-#ISA.AV -inam#cuba
ou#saya;.aku
sia#3SG.NOM
punsut#Bukit.Sinambung
na#DEF
ng-#ISA.AV uru#obat
aa#itulah
==ga#=
mual#Mual
ngu-#ISA.AV duah#descend
i==#=
-i-#PST.ACY -m-#MO.ACY selehei#rise
==ku#=
hei#juga
nd==#BIDAK;.BUKAN= ara#ada
arus#arus
-in-#PST.ACY g-#ACY.C2 ala#alah
agih.lipa#HAJI.LIPA
nubuh#kemudian
di#di;.ke;.pada
==ku#=
di#in
bakng#kalau
na#DEF
m-#ATTR.ST peit#pahit
robi#malam;.pada.waktu.malam
ooh#okay
pelanduk#pelanduk
n-#PST.ACY ig-#ACY.C2 toluh#chase
lama#orang
na#DEF
na#DEF
-em-#MO.ACY teis#tangis
isilabm#Islam
kei#juga
mah#dan
na#DEF
na#DEF
guai#kekasih,.belahan.jiwa
m-#ATTR.ST pia#bagus;.baik
kerah#monyet
mulei#mulanya
ng-#ISA.AV -indihut#merumputi;.menyiangi
pekahas#parts
loud#laut
damak#damak
na#DEF
si==#=
deirdn.mi#OURSELVES
guakng#jiwa
siidn#duit;.wang
na#DEF
induh#ibu;.induk;.emak
ladikng#pisau
na#DEF
pa#yet
ajih#haji
kadakng-kadakng#kadang.kadang
na#DEF
diaadn#saya
uubm#berkata
n-#ATTR.ST togih#bunting;.hamil;.mengandung
sedah#ikan
kum-#ACL urakng#kurang
-in-#PST.UV pe-#CAUS.AV gemo#sambut -on#ISA.UV
umai#gadis
inagah#naga
==ku#=
ng-#ISA.AV kuah#pergi.ke
na.haah.na#SEKARANG
m-#ISA.AV -upuk#wash.(clothes)
si==#=
buid#bukit
bonggi#Banggi
m-#ISA.AV ahi#pakai
-i-#PST.ACH mati#mati;.meninggal.dunia
siga#PLURAL
doot#buruk
na#DEF
lehad#puas
nu#engkau;.awak;.saudara;.anda
na#DEF
na#DEF
hei#juga
m-#MO.ACY ouh#willing
punggah#bagaimana
pa#yet
leidn#lain;.bukan
na#DEF
na#DEF
soord.suhadn#LEBAH.BERACUN
m-#ATTR.ST omis#manis
si==#=
na#DEF
si==#=
deirdn.na#ALONE
sikng#seperti
buat#lakukan
sugut#sama,.serupa
na#DEF
nggien#where
di#di;.ke;.pada
di#in
di#di;.ke;.pada
ki-#EXIST ara#ada
bali#rumah
nu#AUX.UV -an#ISA.UV
ulu#kepala
tulakng#tulang
ng-#ISA.AV ondih#buang
robi#malam;.pada.waktu.malam
uubm#berkata
ki-#EXIST ara#ada
sanga#ranting
upak#umbut
leid-mengeleid#lama.kelamaan
si==#=
na#now
si==#=
mulah#zaman.dahulu
tentabm#explanation
dunyah#dunia,.bumi
deri.hu#MYSELF
man#mengapa
puguluadn#depan
gangguh#kecapi.mulut
suhup#enough
na#DEF
na#DEF
na#DEF
gimbatadn#jambatan
==ga#=
toyuk#kecil;.sedikit
asal#asal
diaadn#saya
-in-#PST.UV biaan#pengangkutan
malik#again
nti#ini
peranak#budak,.anak
ndah#tidak
engat#reply
mual#Mual
ndah#tidak
n-#ATTR.ST dalabm#dalam
deirdn.na#ALONE
belaha#Beleha
engat#reply
engat#reply
m-#MO.ACY ohodn#makan
kaadn#berkata
-i-#PST.ACY matakng#datang
lama#orang
aha#awak;.engkau;.saudara;.anda
na#DEF
susuh#siput,.kiong
m-#ISA.AV udah#extinguish
nd==#BIDAK;.BUKAN= ara#ada
lehad#puas
ndah#tidak
siga#PLURAL
terlepas#terlepas
na#DEF
na#DEF
hei#juga
berosi#dayung
nubuh#kemudian
siidn#duit;.wang
babi#babi
-i-#PST.UV panggat#pangkat