eyes
small
3PL.P. to
at:AR
really
person
FOC
AR.S:Ø.PFV:Ø. be:IPV
where
village
here
TERM. IT. INDF:3SG.S:INC. QUAL:AA.IPV:L. sneak:IPV:NOM
AR.S. think:IPV
that
3SG
GIRL
tent
and
white.winged.scoter
and
from
finally
1PL.O. 3PL.S. INC:DH.PFV:Ø. handle.PL.O:PFV
MED. outside:PNCT
for
creek
now
OUT. N.PFV:2SG.S:Ø. SG.go:PFV
finally
ADVZR
3SG
IT. 3SG.S:INC:Ø.IPV:D. be:IPV:CUST
ADVZR
ADMIR. 3PL.S>3SG.P. QUAL:DH.PFV:H. be.burning:IPV
3PL.S. N.PFV:Ø. PL.go:PFV
and
3SG.S>3SG.P. Ø.IPV:H. say:IPV
3PL.S:Ø.IPV:D. do:IPV:NEG
Ø.IPV:1SG.S:Ø. cry:IPV
only
NEGEX
REFL.PSR. mother
ADVZR
AND.THEN
3SG.S>3SG.P. Ø.IPV:H. say:IPV
this
3PL.P. away.from
ADVZR
1SG.P. following
how
and
GIRL
earth
still
3PL.S:Ø.IPV:H. do:IPV:CUST
AR.S:Ø.PFV:Ø. be.big:IPV
creek
the.way
AR.S:Ø.PFV:Ø. be:IPV
finally
1SG.PSR. grandmother
tracks
what
ADVZR
still
REFL.PSR. mother
AND.THEN
lake
also
village
ADVZR
3PL.P. for
ADVZR
AWAY. 3PL.S. INDF.S:QUAL:DH.PFV:L. SG.go:PFV
ball
away.from
3SG.S:Ø.IPV:H. say:IPV
also
1PL
on
3PL.S>3SG.P. PP. QUAL:DH.PFV:D. fail:PFV
1SG.P. for
and
1PL.S:INC:Ø.IPV:Ø. PL.go:IPV:CUST
also
those
IT. N.PFV:1SG.S:D. SG.go:PFV
TERM. IT. 3PL.S>3PL.O. QUAL:DH.PFV:L. handle.PL.O:IPV:CUST
all.long
1SG.P. 3SG.S:Ø.IPV:H. say:IPV
3SG.S:QUAL:DH.PFV:H. handle.AO:PFV
3SG.S>3SG.P. Ø.IPV:H. say:IPV
three
REFL.PSR. head
moose
and
finally
3PL.PSR. mother
ASRT
tree.stump
NTRL. across:PNCT
at:AR
still
CONT. 3SG.S:QUAL:Ø.IPV:L. tell.story:IPV:CUST
what
duck
INDF.O. QUAL:DH.PFV:2SG.S:H. thrust.O:PFV
one
trail
child
that
ON. 3SG.S>3SG.O. INC:DH.PFV:H. handle.PL.O:PFV
ADVZR
ADVZR
3SG
what
for
PRMB. see:IPV get.dark:PFV
PRMB. 3SG.S:QUAL:Ø.IPV:L. tell.story:IPV
3SG
3SG
3PL.PSR. grandfather
well
3SG.S>3SG.P. with
3SG.O. NEGEX
in
NTRL. down:ABL
around
QUAL:OPT:2SG.S:Ø. do:OPT
3SG.S>3SG.P. Ø.IPV:H. say:IPV
CONT. I.PFV:Ø. SG:stand:IPV
3SG
spruce.roots
1SG.PSR. husband
suddenly
old.man
NTRL. up:AR
still
where
3SG
and
IT. 3PL.O. 1PL.S:Ø.IPV:H. make.SG.O:PFV
eyes
say:IPV
2SG.PSR. maternal.uncle
mountain
3SG.S:Ø.IPV:H. holler:IPV
PRMB. WEAPON. INDF.O:3PL.S. INC:Ø.IPV:Ø. handle.LRO:IPV:CUST
big
UP. 3SG.S:DH.PFV:Ø. SG.sit:IPV
NEG
and
and
1SG
AND.THEN
and
3PL.S:Ø.IPV:Ø. know:IPV:NEG
3SG.S:INC:AA.IPV:Ø. be:FUT
the.way
hill
3SG.S>3SG.P. Ø.IPV:H. say:IPV
3PL.PSR. hearing
2PL.P. for
3PL.S. CON:Ø.IPV:Ø. be.alive:IPV:NOM
one
3SG.S:DH.PFV:Ø. SG.sleep:IPV
CON. INDF.O. 3SG.S:Ø.IPV:L. eat:IPV
FOC
to
at:AR
?. QUAL:AA.PFV:1SG.S:Ø. handle.CO:PFV
3SG
bow
hail
YAMAAGN.TEESHYAAY
3SG.P. QUAL:Ø.IPV:1SG.S:Ø. say:IPV
NTRL. down:AR
CT
CONT. AA.IPV:1SG.S:Ø. SG.go:IPV:CUST
PRMB. 3PL.S. INC:Ø.IPV:H. flaunt:IPV:CUST
1PL.S:INC:AA.IPV:Ø. do:FUT:NEG
and
say:IPV
for
3SG.S:Ø.IPV:L. appear:IPV:NOM
OPT:1SG.S:D. drink:OPT
OUT. 3PL.S:Ø.IPV:Ø. SG.go:IPV:CUST:NOM
3PL.P. INC. N.IPV:2SG.S. pray:IPV:NOM
INDF.O. 3SG.S:QUAL:DH.PFV:H. kill.SG.O:PFV
2SG.PSR. mother
different
ADVZR
1SG.PSR. grandmother
meat
trail
AND.THEN
trail
3SG
children
from
what
OUT:AWAY 1PL.S:Ø.IPV:Ø. handle.PL.O:IPV:NEG
1PL.P. PP. AR.S:DH.PFV:Ø. happen:PFV
UP. 3PL.S. QUAL:Ø.IPV:Ø. handle.PL.O:IPV:CUST:NOM
what
3SG.P. PP. 1PL.S. QUAL:DH.PFV:L. be.scared:IPV
AND.THEN
give.me
INDF:3SG.S:INC. QUAL:DH.PFV:L. hide:PFV
1SG.PSR. grandmother
bugs
IT. INC:QUAL:DH.PFV:D. PL.go:PFV
AND
TERM. IT. 1PL.S:INC:Ø.IPV:D. PL.go:IPV:CUST
last
3SG
NEG
3SG
1PL.P. following
3PL.PSR. father
3SG.S:DH.PFV:Ø. say:IPV:CUST
say:IPV
1SG.PSR. foot
to
3PL.S>3PL.P. with
1SG.O. N.IPV:2SG.S:Ø. PL.animal.moves:IPV:PROG
meat
if
across
grandmother
3PL.S:QUAL:DH.PFV:L. PL.stay:IPV:NOM
ADVZR
get.ready
willow
really
here
PRMB. down:ALL
3SG.PSR. mother
AND.THEN
well
3PL.S:AA.IPV:Ø. PL.go:IPV:PROG:NOM
finally
INTO.FIRE TO. 3SG.S>3SG.O. QUAL:AA.PFV:Ø. handle.OOC:PFV
at:AR
INDF.PSR. 3SG.S:AA.IPV:Ø. stump
and
and
rope
3PL.S>3SG.P. 3PL.S:Ø.IPV:D. know:IPV
PROH
PRMB. 3SG.S:INC:Ø.IPV:L. PL.swim:FUT
ADVZR
SHELTER
but
3SG.S:Ø.PFV:Ø. be:IPV:NOM
3SG.S>3SG.P. Ø.IPV:H. say:IPV
3SG.S:Ø.IPV:Ø. cry:IPV
and
TERM. 3PL.S:N.PFV:Ø. PL.go:PFV
1SG.P. HANDING.TO. 3SG.S>3SG.O. 3SG.S:Ø.PFV:Ø. handle.CO:PFV:NOM
NEG
PRMB. INC:OPT:1SG.S. D:SG.go:OPT:CUST:NOM
3SG.S:N.PFV:Ø. flow:IPV
1PL.O. 3PL.S:Ø.IPV:Ø. say:IPV
2PL.P. with
NTRL. up:AR
and
here
3SG
CT
3SG.S:Ø.IPV:H. say:IPV:NOM
ADVZR
RECP.P. among
around
when
here
at:AR
and
1SG.PSR. father
to
1SG.PSR. father
eye
INDF.P. before
sled
here
PRMB. 1PL.S:INC:AA.IPV:D. PL.go:FUT
3SG
again
and
3SG.S>3SG.P. for
fish.trap
rope
move.CO.quickly:PFV
3SG.S>3SG.O. Ø.IPV:H. say:IPV
oh
1SG.P. 3SG.S:Ø.IPV:H. say:IPV
here
3SG
CT
fish.trap
CT
3SG.S>3SG.P. Ø.IPV:H. say:IPV
person
3SG.PSR. name
water
what
ADVZR
3SG.PSR. nose
tent
meat
for
etc.
THERE
when:FUT
and
mountain
at:PNCT
3SG
and
1SG.P. with
who
?. PEJ. NEG.PFV:1SG.S:D. not.know:IPV
trail
3SG.S>3SG.P. Ø.IPV:H. say:IPV
1SG.P. for
1PL.S:Ø.IPV:Ø. make.PL.O:IPV
up:ALL
soup
IT. 1PL.S:INC:OPT:D. PL.go:OPT
duck
children
ADVZR
but
GIRL
rope:POSS
and
when
TERM. Ø.IPV:1SG.S:Ø. SG.go:IPV:CUST:NOM
ADVZR
FOC
PP. 1PL.S:NEG.PFV:D. know:IPV:NOM
thus
ADVZR
old.man
all.long
NEGEX
and
before
IN.CIRCLE. 3SG.S:INC:Ø.IPV:L. SG.run:IPV:CUST
finally
CONT. QUAL:OPT:1SG.S:L. tell.story:IPV:NOM
3SG
small
at:PST
only
3SG.S>3SG.P. Ø.IPV:H. say:IPV
here
PRMB. 3SG.S:INC:OPT. D:SG.go:OPT:CUST:NOM
if
NTRL. ahead:ALL
1SG.O. PP. QUAL:OPT:2SG.S:L. be.scared:OPT
down:ALL
CT
and
3SG
3SG
at
2SG.PSR. mother
when
CARE QUAL:QUAL:Ø.PFV:Ø. when:PST
ADVZR
and
small
QUAL:Ø.IPV:2PL.S:Ø. do:IPV:NOM
APPR
ADVZR
2PL.P. with
in
1SG.O. younger.brother
and
CT
INDF.O. NEGEX
3
if
QUAL:Ø.IPV:2PL.S. handle.LRO:IPV
3SG
ADJC. NTRL. up:AR
3PL.P. PP. 3SG.S:QUAL:DH.PFV:Ø. SG.go.PFV:NOM
3SG.PSR. dog:POSS
at:AR
and
IT. Ø.IPV:1SG.S:Ø. D:SG.go:IPV:CUST
IT. INDF.O. 3PL.S:Ø.IPV:H. bother:IPV
old.man
fire
INDF.PSR. older.sister
INDF.PSR. older.sister
3SG.S>3SG.P. Ø.IPV:H. say:IPV
blanket:POSS
3SG.PSR. eye
3SG.P. for
ADVZR
sympathy
there
shirt
in
fish.trap
THERE
1SG.P. for
grandmother
DUB
QUAL:Ø.PFV:1SG.S:Ø. be:IPV
old.man
and
3SG.S>3SG.P. following
REFL.PSR. tail
and
3SG
3PL.S:DH.PFV:Ø. handle.PL.O:PFV
OUT. AA.PFV:1SG.S:Ø. SG.go:PFV
trail
NTRL. downriver:ALL
about
GIRL
lake:POSS
on
DH.PFV:1SG.S:Ø. SG.stay:IPV:NOM
water
1SG.PSR. mother
small
on
up:ALL
ADVZR
3PL.S>3SG.O. wait.for:IPV
1SG.PSR. maternal.uncle
and
at:PST
IT. Ø.IPV:1SG.S:L. hunt:PFV:NOM
TERM. N.PFV:1SG.S:Ø. SG.go:PFV
3PL.P. with
hereabouts
IT. 3PL.S. QUAL:DH.PFV:L. PL.stay:IPV:CUST
at
CT
1SG.PSR. mother
say:IPV
UP. 3SG.S:DH.PFV:Ø. SG.go:PFV
water.extend:IPV
3PL.O. INC. N.IPV:2SG.S. pray:IPV:NOM
3SG.PSR. eye
NEG
QUAL:I.PFV:1SG.S:H. see:IPV
REFL.PSR. mother
person
GIRL
ADVZR
CT
night
at
and
3SG
tiny
here
3SG
DH.PFV:2PL.S:H. PL.sleep:IPV
NTRL. upriver:AR
here
here
3SG.S>3SG.P. Ø.IPV:H. say:IPV
ADVZR
1SG.PSR. father
UP. Ø.IPV:2SG.S:Ø. SG.go.toilet:IPV
now
3SG.O. NEGEX
tree.stump
3SG.S:AA.PFV:H. be.many:IPV
child
1PL.O. 3PL.S:Ø.IPV:H. bother:IPV:NEG
1PL.P. with
1SG.PSR. grandfather
be.wide:IPV
?. PEJ. 3PL.S:Ø.IPV:D. not.know:IPV
IT. 2SG.O. N.PFV:1SG.S:H. handle.AO:PFV:NOM
like
AND.THEN
small
say:IPV
?. 3PL.S:N.PFV:Ø. PL.go:PFV
ADVZR
NTRL. out:AR
say:IPV
and
also
thus
this
swan
finally
to
without
3PL.S:QUAL:Ø.IPV:D happen:PFV
to
thus
two
water
and
3PL.S. QUAL:Ø.IPV:L. play:IPV:NOM
sinew
IGN
OUT. N.PFV:2SG.S:Ø. SG.go:PFV
here
3SG
butterfly
1PL.PSR. house
INDF:3SG.S:INC. 3SG.S:AA.IPV. be:IPV:NOM
to
for
small
3SG
NEG
and
here
3PL.S. N.PFV:Ø. PL.go:PFV:NOM
thus
PP. MIND. 3SG.S:QUAL:Ø.PFV:Ø. think:IPV
3SG.S:AA.PFV:Ø. keep.PL.O:PFV
big
3SG
say:IPV
3PL.P. PP. 3PL.S. AR.S:DH.PFV:Ø. happen:PFV
PRMB. 3PL.S:INC:Ø.IPV:D. PL.go:IPV:CUST
also
with
where:PNCT
1PL.PSR. children
ADVZR
also
ADVZR
loon
squirrel
if
3PL.P. to
1PL.S:Ø.IPV:Ø. move.nomadically:IPV:NOM
CT
PP. PEJ. 3PL.S:QUAL:DH.PFV:L. keep.away?:PFV
3SG
1SG.P. 3SG.S:Ø.IPV:H. say:IPV
1SG.PSR. grandfather
3SG.S:AA.IPV:Ø. SG.go:IPV:PROG
and
spruce
3SG
in
rope
like
AND.THEN
and
and
3PL.S. QUAL:Ø.IPV:D. cry:IPV:NOM
do:IPV
fish
3PL.S>3PL.O. QUAL:QUAL:NEG.PFV:Ø. listen:IPV:NEG
2SG.PSR. woman's.son
rice
3SG.P. QUAL:Ø.IPV:2SG.S:Ø. say:IPV
YAMAAGN.TEESHYAAY
AND.THEN
3SG.S>3SG.P. Ø.IPV:H. say:IPV
Ø.IPV:2SG.S:H. smell:IPV
AR.S. N.PFV:Ø. RO.extend:IPV:NOM
and
dry.fish
QUAL:Ø.PFV:1SG.S:Ø. be:IPV
what
AR. up:ALL
be.narrow:IPV:NOM
3SG.S:Ø.IPV:H. say:IPV
IGN
when
that
to
1SG.P. in.front
one
down:ALL
3SG.S>3SG.P. for
etc.
at:AR
INC. DH.PFV:2PL.S:H. PL.go:PFV
AND.THEN
upland:ALL
finally
thus
when:FUT
3SG.S>3SG.P. over
CT
NEG
PRMB. INC:AA.IPV:2SG.S. D:SG.go:IPV:CUST
bugs
on
also
3SG.S>3SG.P. Ø.IPV:H. say:IPV
torso
1SG.PSR. grandmother
THERE
AR.S:DH.PFV:D. happen:PFV
3SG.P. PP. Ø.PFV:1SG.S:D. know:IPV
where:PNCT
GIRL
3PL.P. to
lake
3SG.S:Ø.IPV:H. SG.die:PFV
God
ADVZR
old.man
and
at
3SG.S>3SG.P. Ø.IPV:H. say:IPV
from
where:PNCT
INDF.PSR. older.sister
3PL.S. QUAL:DH.PFV:L. PL.stay:IPV
in
all.long
when
1PL.P. 3SG.S:Ø.IPV:H. say:IPV
ADVZR
IT. 3PL.S. INC:Ø.IPV:D. PL.go:PFV
SG.REFL.O. 3SG.S:QUAL:DH.PFV:D. rub:PFV??
lake
here
something
what
child
1PL.S:INC:DH.PFV:Ø. PL.go:PFV
finally
across:ALL
to
one
3PL.S>3SG.O. QUAL:DH.PFV:H. raise:PFV
1PL
morning
woman
1SG.PSR. father
HAND. 3SG.S:Ø.IPV:D. extend:IPV:CUST
at:PNCT
if
INC:AA.IPV:Ø. ADVZR
1PL.P. 3SG.S:Ø.IPV:H. say:IPV
the.way
1PL.PSR. children
IT. 1PL.S:INC:Ø.IPV:D. PL.go:IPV:NOM
two
and
at:AR
down:AR
3SG
rack
3SG.S>3SG.P. Ø.IPV:H. say:IPV
3SG.P. for
AR.S:Ø.PFV:Ø. be:IPV
INC:QUAL:AA.IPV:2PL.S:H. say:FUT:NOM
NEG
3PL.P. NEGEX
water
spring
from
IT. 3SG.S:Ø.IPV. D:SG.go:IPV:CUST
3PL.S. INC:QUAL:DH.PFV:Ø. steal:PFV
tree.stump
CT
3SG.S:AA.PFV:H. be.many:IPV
3SG.S>3SG.P. Ø.IPV:H. say:IPV
AR.P. ON?. 3PL.S:AA.IPV:Ø. PL.go:IPV:PROG:NOM
at:AR
IT. 3PL.S:AA.IPV:D. PL.go:IPV:PROG
ADVZR
ADVZR
CT
and
say:IPV
middle.of
rabbit
1SG.O. 3PL.S:AA.PFV:H. handle.AO:PFV
AR.S. INC:DH.PFV:Ø. be:PFV
3PL.S:Ø.IPV:Ø. do:IPV:NOM
on
3SG.S:Ø.IPV:Ø. cry:IPV
and
3PL.O. PRMB. INDF:INC. AA.IPV:2PL.S:Ø. PL.go:IPV
in
at
on
3SG.S:INC:AA.IPV:Ø. SG.go:IPV:PROG
suddenly
when
Q
1SG.PSR. mother
CT
grandchild
3SG.S:DH.PFV:H. SG.die:PFV
golden.eagle
CT
IT. 1PL.S:INC:DH.PFV:Ø. eat:FUT:NOM
if
small
NEGEX
AS.FAR.AS
on
at:AR
3SG.S:DH.PFV:Ø. SG.sit:IPV
3PL.S:Ø.PFV:Ø. be.many:IPV
2SG.O. do:IPV:NOM
no
3SG.S>3SG.O. AA.PFV:Ø. handle.PL.O:PFV
CT
child
IT. 1PL.S:DH.PFV:D. PL.go:PFV
?. INC. DH.PFV:1SG.S:L. forget:PFV
this
1PL.S. 3SG.S:Ø.IPV:H. trap:IPV
and
3PL.P. with
ADVZR
again
and
outside
3SG.S:AA.IPV:Ø. SG.go:IPV:PROG
what
bugs
3PL.S:Ø.IPV:Ø. say:IPV
QUAL:OPT:2SG.S:Ø. handle.RO:OPT:CUST
and
only
IT. 3PL.S>3SG.P. INC:QUAL:Ø.IPV:D. PL.go:IPV:CUST:NOM
NTRL. out:ABL
3SG.S>3SG.P. Ø.IPV:H. say:IPV
3SG
where:PNCT
PROH
1SG.PSR. paternal.uncle
at
ADVZR
if
hole
and
and
3SG.S:Ø.PFV:Ø. be.big:IPV:NOM
ADVZR
in
3SG
1SG.PSR. grandfather
CONT. I.PFV:2SG.S:Ø. SG:stand:IPV
IT. 3SG.S:OPT:L. melt:OPT
3PL.S:AA.PFV:D. grow.old:PFV
NTRL. out:AR
with
fish
3SG.O. NEGEX
with
INTENSELY. 3SG.S:QUAL:DH.PFV:Ø. spend.night:PFV
and
to
where
ADVZR
and
only
spruce
UP. 3SG.S:INC:AA.IPV:Ø. swim:FUT
2PL.P.
person
DEM
1PL.O. 3PL.S:Ø.IPV:Ø. handle.PL.O:IPV:CUST:NEG
3SG
TERM. 3PL.S:DH.PFV:Ø. PL.go:PFV
3PL.S:DH.PFV:H. classify.CO:IPV
if
NTRL. downriver:ALL
3SG.S:DH.PFV:Ø. SG.sit:IPV
devil
2SG.PSR. mother
3SG.S:AA.IPV:Ø. SG.go:IPV:PROG
old.lady
3PL.S>3SG.P. CON:DH.PFV:D. SG.go:PFV
3SG.PSR. heart
ADVZR
NTRL. out:AR
and
away:ALL
thus
when
3PL.S. QUAL:AA.IPV:D. be.black:IPV
3SG.P. PP. IT. MIND. INDF.O:Ø.IPV:1SG.S:H. think:IPV
eye
1SG.PSR. mother
3SG.S:Ø.IPV:H. say:IPV:CUST
MED. out:ABL
when
3PL.S>3SG.O. Ø.IPV:D. know:IPV:NEG
NTRL. up:ALL
truly
EMPH
CONT. I.PFV:1SG.S:Ø. SG:stand:IPV
CT
3SG.PSR. head
and
day
AA.IPV:2PL.S:Ø. PL.go:IPV:PROG
UP. Ø.IPV:1SG.S:Ø. classify.PL.O:IPV:CUST
3PL.S:QUAL:Ø.IPV:H. gather:PFV
in
to
AVERT
golden.eagle
3SG.S:Ø.IPV:Ø. cry:IPV:NOM
NEG
at:AR
TERM. AR.S:Ø.PFV:Ø. SG.experience:IPV:NOM
white.person
children
on
do:IPV
3PL.S:Ø.IPV:Ø. say:IPV
say:IPV
good
UP. 3SG.S:DH.PFV:Ø. SG.sit:IPV
trail
how
still
boat
those
out:ABL
and
at:PST
3SG.S>3SG.O. QUAL:QUAL:Ø.PFV:Ø. hear:IPV
mountain
3PL.PSR. nest
only
bugs
earth
TERM. 3SG.S:N.PFV:Ø. SG.go:PFV
AND.THEN
away:ALL
say:IPV
3PL.S>3SG.O. QUAL:Ø.IPV:H. gather:IPV:CUST
for
1SG.PSR. mother
ACROSS. IT. 3SG.S:QUAL:Ø.IPV:L. handle.PL.O:IPV:CUST
no
TERM. 3PL.S:N.PFV:Ø. PL.go:PFV
and
2PL.P. for
GIRL
NEG
3PL.S>3SG.P. OPT:Ø. eat:OPT
no
to
that
person
tru
this
rope
say:IPV
1SG.PSR. younger.brother
wood
to
to
etc.
ADVZR
3PL.S. QUAL:Ø.PFV:Ø. be.hungry:IPV:NOM
3SG
up:ALL
grass
at:AR
QUAL:Ø.IPV:2PL.S:Ø. say:IPV:NOM
old.man
3SG.S>3SG.O. N.PFV:Ø. think:IPV:NOM
ADVZR
ADVZR
and
3PL.PSR. fat
fish
AR. NTRL. downriver:ABL
for
fire
ADVZR
AR.S:AA.PFV:Ø. be:PFV:NOM
ADVZR
ADVZR
what
and
2PL.O. TRADE. INC:QUAL:AA:IPV:1SG.S:H. be:FUT
HOLE 3SG.S:QUAL:Ø.PFV:Ø. chop:PFV
AR.S. MIND. INDF.O:INC:AA.IPV:1SG.S:H. move.O.quickly:IPV?
say:IPV
APPR
PEJ. QUAL. QUAL:Ø.PFV:1SG.S:Ø. be.stupid:IPV
finally
CT
PROH
3SG.S:AA.IPV:Ø. SG.go:FUT:NOM
devil
that
INDF.PSR. name
blueberry
REFL.PSR. grandchild
MED. out:ABL
at
3PL.S>3PL.P. 3SG.S:Ø.IPV:H. say:IPV:NOM
to
TERM. 3PL.S:Ø.IPV:Ø. handle.PL.O:IPV:CUST:NOM
when
and
3SG
3SG.PSR. older.brother
also
no
1PL.PSR. hand
still
duck
3SG.S:Ø.IPV:H. say:IPV
CT
when
AR.S:Ø.PFV:Ø. be:IPV
1PL.PSR. house
3SG.P. QUAL:Ø.IPV:1SG.S:Ø. say:IPV
finally
here
in
NTRL. downriver:PNCT
ADVZR
3SG.P. for
NEG
?. 3PL.S:Ø.IPV:D. know:IPV:NOM
OUT. N.IPV:2SG.S. SG.go:IPV:IMP
3PL.P. to
suddenly
AND.THEN
3PL.P. PP. 3SG.S:QUAL:DH.PFV:Ø. happen:PFV
AS.WELL
that
thus
3PL.S>3SG.P. on
winter
3SG
CT
bugs
NEG
3SG.PSR. eye
then
old.man
do:IPV
downriver:ABL
fish
CONT. I.PFV:1SG.S:Ø. SG:stand:IPV
1SG.P. in.front
also
up:ALL
only
boat
QUAL:I.PFV:L be.scared:IPV:NEG
3SG.S>3SG.P. Ø.IPV:H. say:IPV
1SG.O. QUAL:Ø.IPV:2PL.S. see:IPV
ADVZR
ADVZR
also
AR.S. INC:QUAL:AA.IPV:Ø. experience.event:FUT
old.man
INDF.O. 3SG.S:Ø.IPV:H. handle.CO:IPV:CUST
HAIR. 3PL.S:Ø.PFV:L. be:IPV
old.man
ALL
person
now
rack
dentalium
on
PROH
3SG
2PL.P. for
3PL.P. 3SG.S:Ø.IPV:H. say:IPV
1PL.P. to
also
to
if
TERM. 3SG.S:N.PFV:Ø. SG.go:PFV
when:PST
3SG.PSR. mother
that
3SG.S:N.PFV:Ø. SG.go.PFV:NOM
for
3PL.S>3SG.P. TO. 3PL.S>3SG.O. AA.PFV:Ø. handle.PL.O:PFV:NOM
monster
plate
ON. 3PL.S:DH.PFV:Ø. classify.PL.O:IPV
hearing
2SG.P. QUAL:AA.PFV:D. say:PFV
3SG.O. NEGEX
ADVZR
ADVZR
at:AR
INDF.O. NEGEX
here
and
3SG
APPR
TERM. 3SG.S:N.PFV:Ø. SG.go:PFV
3SG.S:Ø.IPV:H. SG.die:PFV
?. PP. Ø.IPV:1SG.S:D. know:IPV:NOM
well
when
3PL.S. QUAL:DH.PFV:H. burn:PFV:NOM
ADVZR
ALL
3SG.S>3SG.P. on
3PL.S>3SG.P. Ø.IPV:H. say:IPV
like
necklace
REFL.PSR. hand
at:AR
thus
for
3SG.S>3SG.P. for
3SG.S:AA.IPV:Ø. SG.go:IPV:PROG
blueberry
on
etc.
only
when
here
1SG.PSR. grandmother
to
ADVZR
?. PRMB. PL:animal.moves:PFV
at:AR
at:PNCT
the.way
?. PEJ. NEG.PFV:1SG.S:D. not.know:IPV
finally
NTRL. upland:ALL
also
oh
3PL.S:AA.PFV:Ø. kill.PL.O:PFV:NOM
those
3PL.P. away.from
knee
still
3SG.S>3SG.O. QUAL:Ø.IPV:H. see:IPV
CT
village
thus
oh
come.in
3SG.S>3SG.O. QUAL:Ø.IPV:H. see:IPV
ADVZR
AR.S:Ø.PFV:Ø. be:IPV
ADVZR
and
3SG
blueberry
fish.trap
1SG.PSR. grandmother
REFL.PSR. wife
3PL.S:Ø.IPV:L. be.number:IPV
etc.
wood
QUAL:Ø.PFV:1SG.S:Ø. be.scared:IPV
IT. 1PL.S. Ø.IPV:L. hunt:PFV:NOM
1PL.S:QUAL:DH.PFV:L. PL.stay:IPV
water
MED. out:ABL
for
PROH
ADVZR
ADJC. MED. up:AR
and
that
say:IPV
INDF.O. 3SG.S:Ø.IPV:H. cook:IPV
old.man
CONT. 3SG.S:QUAL:Ø.IPV:L. tell.story:IPV
DH.PFV:1SG.S:H. kill.SG.O:PFV
3PL.PSR. mother
3PL.S:Ø.PFV:Ø. be:IPV
PROX. ahead:ALL
FOC
NTRL. up:AR
GIRL
Ø.IPV:2SG.S:H. taste:IPV
also
1PL.PSR. trail:POSS
rack
2SG.PSR. maternal.aunt
for
that
when
NEG
1SG.P. 3SG.S:Ø.IPV:H. say:IPV
3PL.S:Ø.IPV:Ø. do:IPV:NOM
3SG.S>3SG.O. 3SG.S:QUAL:QUAL:Ø.IPV:Ø. buy:IPV
also
OPT:1SG.S:Ø. SG.go:OPT:PROG
small
Ø.PFV:1SG.S:Ø. SG.sit:PFV
1PL.S:INC:QUAL:AA.IPV:L. PL.stay:FUT
3SG.S:QUAL:DH.PFV:Ø. spend.night:PFV:NEG
here
say:IPV
ADJC. NTRL. waterward:AR
where
IT. 1PL.S:N.PFV:D. PL.go:PFV
that's.all
and
when:FUT
algae
1SG.PSR. younger.sister
AWAY. 3SG.S:QUAL:Ø.PFV:Ø. swim:PFV
1PL.S:Ø.IPV:Ø. laugh:IPV:NOM
at:AR
AR.S:Ø.PFV:Ø. be:IPV
how
ADVZR
butterfly
small
CT
3SG.PSR. younger.sister
ADVZR
for
AND.THEN
at
MED. outside:ALL
river
AND.THEN
also
animal
AR.S:Ø.PFV:Ø. be:IPV
when:PST
ADVZR
IT. 3PL.S. INC:QUAL:DH.PFV:D. PL.go:PFV:NOM
big
for
1PL.P. 3SG.S:Ø.IPV:H. say:IPV
and
ADVZR
NEG
3SG
old.lady
at
summer
and
eye
3SG.S:OPT:Ø. be:OPT
on
etc.
?. NEG.PFV:1SG.S:L. forget:PFV:NEG
big
3PL.S:Ø.IPV:H. make.SG.O:IPV:NOM
3SG.S:N.PFV:H. heat.up:PFV
INDF.PSR. younger.sister
3SG
TERM. DH.PFV:1SG.S:Ø. grow:PFV
3PL.S:Ø.IPV:L. be.number:IPV
on
thus
here
when
3PL.PSR. mother
1SG.PSR. mother
rack
AND.THEN
PROH
3SG.S:Ø.IPV:H. say:IPV
ADVZR
if
and
TIRED. 3SG.S:AA.PFV:D. be.tired:IPV
on
3SG.S:CON. QUAL:DH.PFV:Ø. extend:IPV
women
old.man
before
meat
INTO.WATER. 3SG.S>3SG.O. 3SG.S:AA.PFV:H. LRO.moves.quickly:PFV
thus
at:AR
REFL.PSR. wife
for
IT. 3SG.S:INC:Ø.IPV:D. get.dark:IPV:CUST
etc.
sympathy
1PL.PSR. children
finally
rope
3PL.S>3SG.O. Ø.IPV:H. dry:IPV:CUST
3SG.S:AA.PFV:H. be.as.big.as:IPV
while
teapot
other.side
3SG
ADVZR
ADVZR
ADVZR
3SG.S>3SG.P. for
thus
loon
3PL.S>3SG.P. PP. handle.PL.O:IPV:CUST:NOM
QUAL:Ø.IPV:1SG.S:Ø. do:IPV
old.man
3SG.S>3SG.O. INC:DH.PFV:L. swallow:PFV
trail
flimsy
at:PNCT
INTO.WATER. N.PFV:Ø. SG.experience:PFV
in
3SG.P. QUAL:Ø.IPV:1SG.S:Ø. say:IPV
down.feather
3SG.PSR. eye
1SG.PSR. father
ADVZR
up:ALL
GIRL
in
3SG.S:OPT:Ø. be:OPT
3PL.S:INC:Ø.IPV:Ø. go.by.boat:IPV:CUST
1SG.PSR. grandfather
3SG.O. NEGEX
blueberry
thus
here
NEG
1PL.P. 3PL.S:Ø.IPV:Ø. say:IPV
etc.
AR.O. QUAL:Ø.IPV:2PL.S. look:IPV
IT. SKIN. 1PL.S:Ø.IPV:H. handle.AO:IPV:DIST
IT. WEAPON. INDF.O. 3PL.S. 3PL.S:QUAL:DH.PFV:L. handle.PL.O:IPV:CUST
at:AR
3SG.PSR. bone
1SG.PSR. father
IT. 1PL.S:INC:Ø.IPV:D. PL.go:IPV:CUST
TERM. IT. 1PL.S:N.PFV:D. PL.go:PFV
QUAL:Ø.IPV:Ø. lung
at:AR
and
DOG. small
CON. OPT:2SG.S:Ø. grab:OPT
gun
1SG.PSR. mother
3PL.P. 3SG.S:Ø.IPV:H. say:IPV
3SG.P. for
when:PST
TERM. IT. N.PFV:2PL.S:D. PL.go:PFV:NOM
say:IPV
3SG.S>3SG.O. QUAL:DH.PFV:H. kill.SG.O:PFV
ADVZR
take.it
3SG.S>3SG.P. on
CMPL. 3PL.S:Ø.PFV:L. appear:IPV:NOM
rack
3SG.S>3SG.O. from
finally
3SG.S:Ø.IPV:Ø. cry:IPV
OUT. 3PL.S:Ø.IPV:Ø. SG.go:IPV:CUST
3SG.S>3SG.P. Ø.IPV:H. say:IPV
then
nearby.place
butterfly
finally
when
3PL.S>3SG.P. PEJ. 3PL.S:Ø.IPV:D. not.know:IPV
3SG
1SG.PSR. maternal.uncle
3PL.S:AA.PFV:Ø. kill.PL.O:PFV:NOM
3SG.S:DH.PFV:Ø. be.dry:IPV:NOM
hereabouts
that
small
3SG.S:QUAL:Ø.PFV:L. be.white:IPV:NOM
1SG
only
PROH
in
AND.THEN
INC:QUAL:AA.PFV:Ø. 3SG.S>3SG.O. 3SG.S:QUAL:AA.PFV:H. PL.move:PFV:ERR
1PL.PSR. food
3PL.S:CON. QUAL:Ø.IPV:H. make.noise:IPV
small
down:AR
3SG
to
3SG.S:DH.PFV:L. seem:IPV
AR.S:Ø.PFV:Ø. be:IPV
taboo
GIRL
YAMAAGN.TEESHYAAY
spruce.roots
and
3SG.PSR. name
1PL.O. like
TO.SIDE. 3SG.S:QUAL:DH.PFV:L. extend:IPV
at:AR
IT. INC:QUAL:Ø.IPV:2PL.S:D. PL.go:IPV:CUST:NOM
CT
OUT. 3PL.S>3SG.O. Ø.IPV:Ø. handle.CO:IPV:CUST
CT
NTRL. upland:ALL
SPOT IT. INDF. AR. QUAL:Ø.IPV:2PL.S:L. watch:IPV
in
2SG.P. 3SG.S:Ø.IPV:H. say:IPV
thank.you
ADVZR
moose
3SG
but
PROH
bugs
TERM. IT. 3SG.S:N.PFV:D. SG.go:PFV
1PL.S:Ø.IPV:Ø. PL.go:IPV:CUST
3SG.S>3SG.P. Ø.IPV:H. say:IPV
3PL.S:Ø.IPV:L. be.number:IPV
ADVZR
OUT. AA.IPV:L. PL.go:IPV:CUST
CT
and
CONT. 3PL.S:Ø.IPV:Ø. PL.go:IPV:CUST
in
thus
again
3PL.S. QUAL:DH.PFV:Ø. grow:PFV
1PL.PSR. belongings:POSS
OUT. 3SG.S:QUAL:Ø.IPV:H. smoke.moves:IPV:CUST
also
3SG.S>3SG.O. PRMB. INC:DH.PFV:L. swim.on.surface:PFV
UP. 3SG.S:AA.PFV:Ø. SG.go:PFV
NEG
2SG.P. for
still
CON. 3PL.S:Ø.IPV:D. name:PASS:IPV:NOM
day
devil
NTRL. out:AR
AR.S:Ø.PFV:Ø. be:IPV
out:ABL
DH.PFV:1SG.S:H. handle.LRO:PFV
1PL.PSR. hand
and
for
and
3PL.S. QUAL:Ø.IPV:L. extend:IPV:CUST
3PL.P. 3SG.S:Ø.IPV:H. say:IPV
lake:POSS
1SG.PSR. eye
REFL.PSR. mother
INDF.PSR. older.sister
also
1SG.P. to
eye
1SG.PSR. husband
REFL.PSR. husband
at:AR
PROX. upland:ALL
still
say:IPV
and
OK
3SG.S:Ø.IPV:H. say:IPV
morning
INDF.PSR. head
from
NEGEX
3PL.P. 3SG.S:Ø.IPV:H. say:IPV
upland:ALL
ADVZR
3SG
when:FUT
OUT. AA.PFV:1SG.S:Ø. SG.go.PFV:NOM
ahead:PNCT
AR.S:NEG.PFV:Ø. be:IPV:NEG
old.lady
3SG.PSR. blanket:POSS
ASRT
3SG
3SG
3PL.S:Ø.IPV:L. be.number:IPV
INTO.WATER. 3SG.S:INC:DH.PFV:Ø. sink:PFV
QUAL:Ø.PFV:2SG.S:Ø. listen:IPV
people
1PL.PSR. food
3SG
1PL.O. 3SG.S:Ø.IPV:H. say:IPV
3SG.S>3SG.P. Ø.IPV:H. say:IPV
when
birch
3PL.S:Ø.IPV:Ø. say:IPV
3SG.S>3SG.P. Ø.IPV:H. say:IPV
if
quickly
and
AND.THEN
to
and
NEGEX
3PL.P. 1PL.S:INC:QUAL:AA.IPV:Ø. say:FUT
3SG
but
woman
QUAL. OPT:1SG.S:H. see:PFV
etc.
3SG.S:OPT:Ø. be:OPT
to
grandmother
at:PNCT
3SG.S:DH.PFV:H. make.SG.O:PFV:NOM
there
in
sled
the.way
UP. SUN. QUAL:OPT:1SG.S:Ø. handle.CO:IPV:NOM
if
where
children
1SG.PSR. grandfather
3PL.O. 3PL.S:AA.PFV:Ø. kill:PL.O:PFV
TERM. AR.S:DH.PFV:Ø. event.occurs?:IPV:CUST?
and
3PL.PSR. nest
finally
thus
2PL.P. for
fish
in
3SG
IT. DSTR. INDF.O. 1PL.S:AA.PFV:Ø. eat:PFV
here
and
3SG.S:AA.IPV:Ø. handle.LRO:IPV:PROG:NOM
TO.CHECK
3PL.S. QUAL:QUAL:Ø.IPV:Ø. hear:IPV
bald.eagle
to
under
when
white.person
small
3SG.PSR. name
1PL
ADVZR
ADVZR
come.in
smoke
CT
finally
3SG.S>3SG.O. 3SG.S:Ø.IPV:H. CO.falls:PFV:NOM
3PL.S:QUAL:DH.PFV:Ø. 3PL.S>3PL.O. say:IPV
ahead:ALL
ADVZR
NEGEX
skin
3SG.S>3SG.P. Ø.IPV:H. say:IPV
and
to
2SG.PSR. grandmother
tent
ADVZR
3SG.S:QUAL:OPT:L. PL.stay:OPT
and
ADVZR
in
and
3SG.S>3SG.P. Ø.IPV:H. say:IPV
3SG
3SG
thus
CT
3SG.PSR. name
also
NEG
finally
NTRL. ahead:ABL
and
CT
3SG
trail
that
ADVZR
ADVZR
NEG
NTRL. up:AR
blueberry
3PL.P. with
also
etc.
also
dentalium
ADVZR
old.man
what
AR.O. QUAL:Ø.IPV:2SG.S:H. look:IPV
and
3SG
Q
but
3SG
1SG.PSR. grandmother
spruce
AR.S:Ø.PFV:Ø. be:IPV
winter
INDF.PSR. fat
old.man
but
night
hee
1PL.S:INC:AA.IPV:Ø. do:FUT:NEG
3SG.S>3SG.P. Ø.IPV:H. say:IPV
3SG.PSR. beard
and
NTRL. up:ALL
and
NTRL. up:AR
all.long
upland:ALL
when
3PL.P. for
3SG.S>3SG.P. Ø.IPV:H. say:IPV
how
Ø.IPV:2SG.S:H. smell:IPV
ok
woman
3SG.S>3SG.P. with
3PL.S:Ø.IPV:Ø. say:IPV
bearberry
GIRL
NTRL. up:ALL
also
there
3SG.S>3SG.P. Ø.IPV:H. say:IPV
NTRL. down:AR
3SG.PSR. name
AR.S:Ø.PFV:Ø. be:IPV
last
ahead:ALL
3SG.PSR. eye
in
3SG.S:DH.PFV:L. seem:IPV
small
3PL.S>3SG.P. Ø.IPV:H. say:IPV
1PL.S:Ø.IPV:Ø. PL.go:IPV:CUST
IT:AR. 3SG.S:INC:AA.IPV:H. make.SG.O:FUT:NOM
also
and
3SG.S:DH.PFV:Ø. SG.stay:IPV:NOM
3SG
hereabouts
like
at:PNCT
3SG.S>3SG.O. from
white.person
ASRT
thus
even
at
and
there
3SG.PSR. eye
1PL.P. for
3SG.S:DH.PFV:Ø. SG.sit:IPV
AND.THEN
that
ADVZR
water.extend:IPV
3PL.P. 3SG.S:Ø.IPV:H. say:IPV
ADVZR
raven
to
1PL.P. long.before
and
3SG
CT
and
woman
what
and
with
at:AR
3SG.S:QUAL:DH.PFV:H. kill.SG.O:PFV
3PL.S. 3PL.S>3PL.O. CON:DH.PFV:Ø. grab:PFV
shore
3SG.S:CON:Ø.IPV:Ø. grab:PFV
OK
bone
TERM. IT. 3SG.S:N.PFV:D. SG.go:PFV
here
trail
say:IPV
rack
ADVZR
AS.WELL
spruce
from
AS.WELL
REFL.PSR. children
3SG.P. for
if
CT
3PL.O. QUAL:Ø.IPV:1SG.S:Ø. say:IPV
3SG.P. QUAL:Ø.IPV:1SG.S:Ø. say:IPV
UP. 3PL.O. 3SG.S:AA.PFV:Ø. handle.PL.O:PFV
1PL.S:INC:OPT:Ø. PL.go:OPT
here
3SG.S>3SG.P. 3SG.S:Ø.IPV:H. say:IPV
at:AR
say:IPV
ahead:ALL
for
and
here
3SG
INDF. 3SG.S:QUAL:OPT:Ø. say:PFV
moon
finally
1SG.PSR. older.brother
when
FOC
if
CT
thus
INC:AA.IPV:Ø. but
3SG
and
3SG.S:QUAL:AA.PFV. hear:IPV
wolverine
other.side
and
3SG.S:AA.IPV:Ø. crawl:PFV
2SG.PSR. eye
woman
1PL.P. to
different
pack:POSS
when:PST
and
also
well
only
QUAL:Ø.IPV:2PL.S. see:IPV
women
only
3SG.S:QUAL:AA.PFV. hear:IPV
ADVZR
now
CT
AR. out:ABL
in
big
3SG.S>3SG.P. shore
again
at:PNCT
CT
thus
people
1SG.PSR. mother
under
SPEECH. 1PL.S:OPT:Ø. figure.out:OPT
1SG.PSR. grandmother
when
PRMB. see:IPV get.dark:PFV
IT. AA.IPV:2SG.S. D:SG.go:FUT
?. 3PL.S:Ø.IPV:D. know:IPV
if
rope:POSS
3SG.S:DH.PFV:H. SG.die:IPV
cold
1PL.P. for
2PL.P. with
CT
to
1SG.PSR. eye
suddenly
ok
spruce
3SG
GIRL
finally
3SG
3SG.S:DH.PFV:H. SG.die:PFV
upland:ALL
3PL.O. DH.PFV:1SG.S:Ø. handle.PL.O:PFV
NTRL. downriver:ALL
small
3PL.S. QUAL:Ø.IPV:H. gather:IPV
3SG
say:IPV
old.man
woman
sympathy
CT
say:IPV
3SG.S:OPT:Ø. classify.PL.O:OPT
fish
NTRL. ahead:ABL
?. Ø.PFV:1SG.S:D. know:IPV
MED. up:ALL
and
and
finally
how
AA.IPV:2SG.S. swim.across:IPV
only
3SG.S:QUAL:AA.PFV:Ø. happen:PFV
1SG.PSR. grandmother
PRMB. N.PFV:1SG.S:D. SG.go.PFV:NOM
INDF.PSR. fat
that
AR.PSR. hole
and
AND.THEN
FOC
3SG.S:OPT:Ø. SG.sleep:OPT
AR.S:Ø.PFV:Ø. be:IPV
3SG
finally
village
1SG.P. about
3SG.S:QUAL:I.PFV:H. make.fire:PFV
APPR
3PL.P. to
knife
QUAL. 3SG.S:AA.IPV:Ø. ARM. 1PL.S. Ø.IPV:L. SG.go:PFV
1PL.S:QUAL:QUAL:Ø.PFV:Ø. hear:IPV
if
to
ADVZR
3SG.PSR. mouth
2PL.P. 3SG.S:CON. QUAL:DH.PFV:L. be.related:IPV:NOM
and
thus
MED. out:ALL
INDF.PSR. brisket
NEG
finally
CT
ADVZR
ADVZR
something
in
NEG
ANYTHING
like
3SG.S:INC:AA.IPV:Ø. be:FUT
on
3PL.S:Ø.IPV:L. be.number:IPV
IT. 1PL.S:INC:Ø.IPV:Ø. PL.go:IPV
INDF.PSR. ribs
3SG
YAMAAGN.TEESHYAAY
how
OUT. SLED. 3SG.S:N.PFV:Ø. handle.LRO:PFV
3SG.S>3SG.P. Ø.IPV:H. say:IPV
finally
?. PEJ. 3SG.S:Ø.IPV:D. know:IPV
3SG.S:Ø.IPV:Ø. classify.PL.O:IPV:CUST
CT
that
INTO.WATER. 3SG.S>3SG.O. Ø.IPV:L. eat:IPV
in
ADVZR
when:FUT
those
QUAL. DH.PFV:2PL.S:L. PL.live:IPV
person
?
fish
NTRL. downriver:PNCT
quickly
1SG
fire
AR.S. INC:DH.PFV:Ø. be:PFV
3PL.P. to
ADVZR
CON. DH.PFV:1SG.S:Ø. grab:PFV
2SG.P. HANDING.TO. INDF.O:3SG.S:AA.PFV:H. handle.food:PFV:NOM
3SG.S>3SG.P. Ø.IPV:H. say:IPV
OUT. HEAD. 3SG.S:AA.PFV:Ø. extend:IPV
in
on
QUAL:AA.IPV:1SG.S:H. handle.AO:PFV
REFL.PSR. head
1PL
2SG.PSR. grandfather
3SG.S>3SG.P. for
1PL.S. QUAL:QUAL:Ø.IPV:Ø. speak:IPV:NOM
in
3PL.P. 3SG.S:Ø.IPV:H. say:IPV
without
rock
3SG.S:Ø.IPV:H. say:IPV
ADVZR
1SG.PSR. mother
dentalium
IT. 3SG.S:AA.IPV:D. SG.go:PFV
INDF.S. 3SG.S:DH.PFV:Ø. handle.PL.O:PFV:NOM
old.lady
3PL.S>3PL.O. QUAL:Ø.IPV:Ø. be.called:IPV
ADJC. NTRL. ahead:ALL
to
1SG.PSR. younger.brother
ADVZR
with
AR. upland:ALL
3SG.S:QUAL:Ø.IPV:H. look:IPV
1SG
when:FUT
UP. 3PL.S:DH.PFV:Ø. SG.go:PFV
3SG.S:QUAL:AA.PFV:Ø. burn:IPV
1SG.PSR. younger.brother
TIRED. 3PL.S:AA.PFV:D. be.tired:IPV
small
blueberry
QUAL:Ø.IPV:1SG.S:Ø. want:IPV
old.man
small
and
thus
chief
really
golden.eagle
moon
at
grass
ADVZR
etc.
but
thus
fish
and
INDF.PSR. grandmother
owl
the.way
here
3SG.S:QUAL:I.PFV:H. make.fire:PFV
what
3SG.P. QUAL:Ø.IPV:1SG.S:Ø. say:IPV:NOM
that
IT. WATER. 3PL.S:INC:Ø.IPV:Ø. classify.PL.O:IPV:CUST
3SG.S>3SG.P. Ø.IPV:H. say:IPV
3SG.S:QUAL:Ø.PFV:L. be.white:IPV:NOM
1SG.P. to
1PL.PSR. house
at:PNCT
and
thus be.good:IPV
3SG
to
children
1SG.PSR. grandmother
that
3SG
at:AR
although
REFL.PSR. foot
3PL.P. for
that
and
INDF. NEGEX
3SG.P. for
REFL.PSR. leg
NTRL. ahead:ALL
IT. AA.PFV:1SG.S:D. recover:PFV
thank.you
under
OFF.TRAIL. OPT:2SG.S:Ø. SG.go:OPT
sled
here:IMP
but
1SG.PSR. older.brother
at:AR
across:ALL
in
3PL.P. with
sweets
trail
3SG.S>3SG.P. Ø.IPV:H. say:IPV
OPT:2SG.S:Ø. be:OPT
ADVZR
big
like
downriver:ALL
2SG.P. PP. CONT. 3SG.S:QUAL:Ø.IPV:L. tell.story:IPV
INDF.PSR. at
old.lady
etc.
3PL.P. up:ALL
GIRL
oh
egg
in
chickadee
1PL.PSR. child:POSS
3PL.S:Ø.IPV:Ø. say:IPV
3SG.PSR. mother
3SG.PSR. mouth
and
from
RECP.PSR. paternal.relatives
3PL.P. to
in
AR.S:Ø.PFV:Ø. be:IPV
small
also
at:AR
3SG.S>3SG.O. Ø.IPV:H. say:IPV
birch
1SG
small
really
at:PNCT
1PL.S:Ø.PFV:Ø. be:IPV
1SG
ADVZR
also
INC. DH.PFV:1SG.S:H. jump:PFV
3PL.P. PP. 3PL.S. 3SG.S:QUAL:DH.PFV:Ø. lost:PFV
old.man
blueberry
that
when
NTRL. up:ALL
3SG.S>3SG.O. CON:AA.PFV:Ø. buy:IPV
thank.you
ADVZR
ADVZR
and
this
3SG.S:N.PFV:Ø. be.long.time:IPV:NOM
3SG.S:DH.PFV:L. become:IPV:CUST
1SG
3SG
on
CONT. 3PL.S. QUAL:Ø.IPV:Ø. handle.PL.O:IPV:CUST
and
3SG.S>3SG.PSR. arm
and
quickly
nest
but
when:FUT
morning
FOC
FOR.NOTHING
PROX:AR. across:ALL
3PL.S:Ø.IPV:Ø. say:IPV:CUST
old.man
mountain
to
FOC
IT. DIST:1PL.S>INDF.O:Ø.IPV:Ø. eat:IPV:CUST:NEG
3SG.S>3SG.P. Ø.IPV:H. say:IPV
how
1SG.P. for
how
AR.O. 3SG.S:QUAL:Ø.IPV:H. look.IPV:NOM
3PL.PSR. hearing
ADJC. INDF.PSR. QUAL:Ø.IPV:Ø. QUAL:OPT:2PL.S:L. look:IPV
at
1SG.P. with
ADVZR
and
OUT. IT. 3SG.S:AA.PFV:D. SG.go:PFV
3SG.S:DH.PFV:Ø. be.dry:IPV:NOM
NTRL. up:ALL
3SG.S:Ø.PFV:Ø. be:IPV
3PL.S:Ø.IPV:Ø. say:IPV
that's.all
mountain
3SG
big
1SG.O. older.sister
side
for
in
3SG
3SG
in
well
1PL.S:Ø.IPV:Ø. PL.go:IPV:CUST
TERM. QUAL:Ø.IPV:Ø. SG.fly:IPV:CUST
MED. out:ABL
NEG
ASRT
small
NTRL. upland:AR
muskrat
3SG.S>3SG.P. Ø.IPV:H. say:IPV
3SG
muskrat.candy
at:PNCT
and
INTO.PIECES. N.PFV:Ø. chop:PFV
if
children
do:IPV
get.ready
N.IPV:2SG.S:Ø. twist:IPV