to.be.capable.of
just
this
THE.ACT.OF.... foreign THE.ACT.OF....
REPEATED.ACTION bath
expert
person
relpro
aah
such.as
king
citizen
relpro
ACTIVE.VOICE to.become
late
ACTIVE.VOICE enjoy DURATIVE?
many
feel,.to IMPERATIVE
fortune.teller
father
because
relpro
ONE child =3SG
1sg
done.(finished)
with
to.live.(be.alive)
with
CAUSATIVE to.give CAUSATIVE
body =3SG
relpro
one
teacher
stone
capital
prescription
family
relpro
child
mercy
TO.BE.... resilient
other =3SG
to.marry
to.find
younger.sibling
heart
day
child
relpro sail
how
ACTIVE.VOICE buy
relpro
CAUSATIVE IMPERATIVE resilient CAUSATIVE
yet,.not.yet
3sg
PASSIVE story PASSIVE
to,..toward.(a.place)
what.will.come
CAUSATIVE to.govern CAUSATIVE
also
seven
that,.those
root
cow
beam
what.will.come
jungle
3sg
go to.read.holy.books
to.carry CAUSATIVE return.home,.to CAUSATIVE
the.time.(that.something.happens)
to.wait.for
1sg
thought =3SG
body
GIRL
Singkil
for
CAUSATIVE to.be.certain CAUSATIVE
money
king
in,.at.(space)
night
done.(finished)
to.bow
king
top
still
feel,.to
TOWARD.(A.PERSON)
TO.DO
TO.DO.... to.carry =3SG
relpro
relpro
or
person
relpro
to.be.a.group OBJECT.OF.VERB
king
come.on =FRONTED.ELEMENT
relpro sail
PAS.TR to.invite =3SG
shaman
white
but
just
to.live.(be.alive)
cloth
3sg
participate
relpro
some
PURSE
to,..toward.(a.place)
to.fail
so.that
child
older.sibling
to.continue
Engkeran
neg
with
with
CHARACTERSTIC.OF active CHARACTERSTIC.OF
again
in,.at.(space)
TO.HAVE.... corn
such.as
many
TO.APPLY.....TO.THE.OBJECT possession TO.APPLY.....TO.THE.OBJECT
in,.at.(space)
do.not!
relpro
love
very
to,..toward.(a.place)
that,.those
PERSON.WHO.HAS.... shepherd
PAS.TR BELIEVE,.TO
king
invitation
also
depart,.to =FRONTED.ELEMENT
other
guard
1sg
from
ONE RDP day
arrange OBJECT.OF.VERB
wife =3SG
event
to.continue
thus
3sg
in,.at.(space)
first
ONE person
child
uncle
possession GIVE.X.TO
earth,.the.world
mother
citizen
neg
we.(excludes.the.one.adddressed)
GIRL
with
spirit =3SG
to.help OBJECT.OF.VERB
done.(finished)
land
alone
TO.HAVE.... school
every
to.continue
CAUSATIVE buy CAUSATIVE
land
PAS.TR kill
PLURAL child
person
hardworking,.industrious
second
3sg
sticky.rice
teacher
lazy
TO.DO.... age
Natam
to.play
confidence polite.imperative
alone
nation,.country
have.been,.ever
however
TO.GO.TO.... uterus
PAS.TR Tambah
CHARACTERSTIC.OF happy CHARACTERSTIC.OF
number
that,.those
ACTIVE.VOICE to.approach DURATIVE?
to.say
expert
1sg
TO.HAVE.... spirit
participate
return.home,.to polite.imperative
pair.of
class.person
jungle
to,..toward.(a.place)
amount
negativizer
thing
to,..toward.(a.place)
on.(of.dates)
with
CAUSATIVE to.be.certain CAUSATIVE
EIGHTTEEN
day
ONE.OF
side.(of.an.issue)
line
Gayo
with
DURATIVE? to.experience DURATIVE?
city
that,.those
with
relpro
to.intend
TO.HAVE.... energy
cloth
TO.DO.... speak
in,.at.(space)
family
a
first
TO.HAVE.... mountain
large
thing
area
father biological =3SG
quiet
even.(also)
CAUSATIVE to.fall CAUSATIVE
yard
relpro
person
uncle's.family
by =3SG
class.person
male
1sg
CAUSATIVE to.wash CAUSATIVE
ONE bline
skin
ACTIVE.VOICE to.organize
to.search.for REPEATEDLY
ACTIVE.VOICE feel,.to
not
in,.at.(space)
that,.those
even.(also)
3mp
alone
master =1SG
that,.those
uncle =3SG
relpro
CAUSATIVE to.give CAUSATIVE
relpro sail
we.(excludes.the.one.adddressed)
garden
ONE short.time,.a.moment
family =THE
year =THE
group
to.use
NOMINALIZER king RECIPRICAL
with
wealth
depart,.to
CAUSATIVE hear,.to CAUSATIVE
child =3SG
3sg
ACTIVE.VOICE to.become
some
TOWARD.(A.PERSON) =1SG
king
alone
cunning
the.time.(that.something.happens) =THE
Singkil
TOWARD.(A.PERSON)
to.play
happy
ACTIVE.VOICE try
until
1sg
who
done.(finished)
in,.at.(space)
little.(small)
PAS.TR to.pull return.home,.to
family
bamboo
face
ACTIVE.VOICE watch,.look,.see
continuing
program,.schedule
done.(finished)
even.(also)
last.request
still
PAS.TR kill
fertile
calm
disaster
jungle
from
respect =3SG
wood
expert
negativizer
while.ago
uncle's.family
3mp
to.produce OBJECT.OF.VERB
wilderness
neg
king
return.home,.to
TO.BE.... SUITABLE
but
SLOWLY
PAS.TR to.propose.(marriage)
if
in,.at.(space)
increasingly
cousin =3SG
patrilineal
PAS.TR watch,.look,.see =3SG
alone
come,.to =FRONTED.ELEMENT
3mp
nephew =3SG
to.there
area
only
but
CRAFTSMAN
under =3SG
in,.at.(space)
self =2ND.PERSON
to.marry
to,..toward.(a.place)
king
water.buffalo
WHAT
HAVING.TO.DO.WITH... barren HAVING.TO.DO.WITH...
ACTIVE.VOICE enter,.to DURATIVE?
from
big.(size)
in,.at.(space)
master =1SG
come,.to
ACTIVE.VOICE to.colonize
stand.up,.to
O
with
fortune.teller
father
relpro
neg
to.live.(be.alive)
child
with
QUEEN =THE
relpro
relpro
ACTIVE.VOICE to.build CAUSATIVE =3SG
ACTIVE.VOICE to.become
relpro
day
CAUSATIVE to.gather CAUSATIVE
will
day
reverse.side =THE
TRAN.PAS lazy TRAN.PAS
we.(excludes.the.one.adddressed)
PLURAL concubine
entire
number
behind
one
3mp
relpro
to.be.a.group OBJECT.OF.VERB
master =1SG
to.live.(be.alive)
in,.at.(space)
O
to.find
community
ACTIVE.VOICE cut,.to
three
relpro
relpro sail
PAS.TR to.arrange
3sg
vegetable
to.suffer
with
that,.those
self =3SG
relpro sail
class.person
ABILITATIVE to.become
ACTIVE.VOICE feel,.to
long.(length)
news
from
rice.(cooked)
situation
with
3mp
like.that
=3SG
TO.CAUSE.TO.BECOME... dangerous TO.CAUSE.TO.BECOME...
jin
BLANGKEJEREN
RDP amount
ONE many
nothing
day
condition
1sg
negativizer
sugar
CHARACTERSTIC.OF handsome CHARACTERSTIC.OF =3SG
only
expert
to,..toward.(a.place)
must
in,.at.(space)
again
temporarily
REPEATED.ACTION to.arrive REPEATED.ACTION
wood
prayer
HAVING.TO.DO.WITH... border,.edge HAVING.TO.DO.WITH...
PAS.TR to.call
king
relpro sail
emphasis
noise
have.been,.ever
wealth
mattress
relpro
again
CAUSATIVE to.give CAUSATIVE
heart
will
go to.read.holy.books EMPHASIS
Engkeran
heart
portion
inheritance
ACTIVE.VOICE to.continue
line
relpro
water.buffalo
niece =3SG
=3SG
done.(finished)
PAS.TR to.name
brother,.older
one
so
difficult =3SG
ONE amount
CHARACTERSTIC.OF happy CHARACTERSTIC.OF
REDUPLICATION young.man
feel,.to
return.home,.to
night
=3SG
difficult
land
so
to.be.capable.of
relpro
even.(also)
lie,.tell.a.falsehood REPEATEDLY =3SG
do.not!
done.(finished)
to.arrive
mother
jungle
this
heart =3SG
relpro sail
CAUSATIVE to.build CAUSATIVE
difficult
vile
that,.those
alone
this
relpro
ACTIVE.VOICE hear,.to
wild
CAUSATIVE finish.off,.to CAUSATIVE
just
3sg
from
3mp
king
such.as
relpro sail
relpro
reward
life
to,..toward.(a.place)
coast
3sg
thing,.item
with
in,.at.(space)
safe,.secure
in,.at.(space)
with
people
position
cloth
king
from
you.(all)
in,.at.(space)
PLURAL child =3SG
Natam
nation,.country
TO.DO.... to.carry
relpro sail
to.here
maybe
neg
so
it
relpro sail
dad
in,.at.(space)
handsome
figure
CAUSATIVE live.(stay.in.a.place) CAUSATIVE
with
on.arriving
you.(hon)
TO.APPLY.....TO.THE.OBJECT nonsense TO.APPLY.....TO.THE.OBJECT
by
by
concerned
even.(also)
news
just
we
intention
relpro
only
to.be.pregnant
to.be.capable.of
chili.pepper
that,.those
one
PASS.INTR go to.read.holy.books PASS.INTR
CHARACTERSTIC.OF far CHARACTERSTIC.OF
one
relpro
even.(also)
ACTIVE.VOICE feel,.to
relpro
to,..toward.(a.place)
because.of
but
quiet
relpro sail
WHAT
evil =3SG
2sg
baby
again
3mp
wealth
one
PAS.TR to.throw IMPERATIVE =3SG
field
YOU.(FAMILIAR)
but
TO.CARE.ABOUT
to.wait.for
relpro sail
sit.down,.to TO.HAVE.... cross.legged.position
merchant
teacher
happy
self =3SG
compose,.write
between
negativizer
with
even.(also)
TO.APPLY.....TO.THE.OBJECT respect TO.APPLY.....TO.THE.OBJECT
class.person
PENGULU.MUDE
relpro
heart
but
TO.HAVE.... result
sail
hard.(solid)
servant
to,..toward.(a.place)
relpro
king
with.the.result
king
if
3mp
relpro sail
that,.those
one
to,..toward.(a.place)
we
police
bone
Engkeran
in,.at.(space)
car that,.those
3sg
raspy
3sg
TO.DO.... to.produce
ACTIVE.VOICE to.become
other
by
with
WHAT
all
money
midvein.of.leaf
self =3SG
holy
ear
this
yet,.not.yet
to.want
do.not!
water.buffalo
nephew =3SG
first
baby
jungle
come,.to
news
relpro
again
class.person
emphasis
again
positive
IF
intensifier
all
wealth
TRAN.PAS life TRAN.PAS
happy =THE
neg
big.(size)
time
who
to.be.a.group OBJECT.OF.VERB
ACTIVE.VOICE guard,.to
rice.(cooked)
so.that
if
master
relpro
TO.HAVE.... family
class.person
TO.HAVE.... sin
what.will.come
WHAT
face =THE
ABILITATIVE to.become
NOMINALIZER king NOMINALIZER
TOWARD.(A.PERSON)
with
nothing
that,.those
is
neg
in,.at.(space)
fear
if
to,..toward.(a.place) Natam
figure
better
only emphasis
PAS.TR stand.up,.to PASS.INTR
DURATIVE? to.gather DURATIVE?
class.person
mother =3SG also
TO.DO.... result
ACTIVE.VOICE to.shift
neg
return.home,.to intensifier
person
RDP hama
to,..toward.(a.place)
fortune.teller
result
result
neg
O
in,.at.(space) in.front.of
feel,.to
entire
RDP amount
ABILITATIVE hear,.to
if
TO.DO.... to.produce
all
1sg
RDP anxiety
relpro
to.soften
master =1SG
go
relpro
that,.those
meet,.to
just
relpro
that,.those
or
WHAT
TO.STRUGGLE
entire
that,.those
with =3SG
hat
to.be.intended
to.sell
handsome
only
to,..toward.(a.place)
relpro sail
upset
relpro
negativizer
again
boat
neg
king
but
TO.HAVE.... school
relpro
to.be.a.group OBJECT.OF.VERB
boat
1sg
news
brother,.older
with
money
younger.sibling
child
1sg
thing
uncle =3SG
with
area
in,.at.(space)
because
king
person
this
PAS.TR to.produce
PLEASE.GO.AHEAD
PAS.TR to.lead
1sg
evil =3SG
king
in,.at.(space)
even.(also)
you.(hon)
to.want
from
we.(excludes.the.one.adddressed)
3sg
to.produce
just
relpro sail
all
alone
following
from
presently,.nowadays
with
in,.at.(space)
a
do.not!
relpro sail
class.person
People
point meet,.to
relpro
relpro sail
that
with
order.(command)
relpro sail
neg
only
ABILITATIVE to.become
CAN eat CAN
what.happened
heart
very,.extremely
return.home,.to
People
child
guard
to.want =3SG
RDP type,.sort
to.continue
exactly
all
poor
relpro
ACTIVE.VOICE watch,.look,.see
king
first
to.produce REPEATEDLY
news
story
but
heart =3SG
the.reason.something.happens
one
class.person
to.ask
RECIPRICAL to.cook RECIPRICAL
cousin =2ND.PERSON
news
little.(not.inch)
NOMINALIZER king NOMINALIZER =THE
to.be.able.to
because
relpro
you.(all)
will
BLANGKEJEREN
in,.at.(space)
far
jungle
very emphasis
with
not
presently,.nowadays
CAUSATIVE pick.up CAUSATIVE
police
servant
PAS.TR to.call
teacher
ONE.OF
neg
apparently
depart,.to =FRONTED.ELEMENT
that,.those
king
to.somersault to.turn
clarification
eye
time
jungle
relpro
portion
feast
ACTIVE.VOICE to.pull
from
member
will
county
TO.DO.... to.pass
that
morning =THE
by
port,.column
3sg
return.home,.to
mother
life =3SG
in,.at.(space)
supposedly
or
characteristic
but
same
neg
in,.at.(space)
negativizer
thing
relpro
TOWARD.(A.PERSON)
uncle =1SG
brave
cousin
exit
water.buffalo
THE.ACT.OF.... barren THE.ACT.OF....
ACTIVE.VOICE shepherd
strategy
difficult
again
steep
ACTIVE.VOICE to.become
embarrassed
negativizer
that,.those
PARENTS =3SG
value GIVE.X.TO
magic
PAS.TR buy =FRONTED.ELEMENT
exactly
to.arrive
you.(hon)
TO.HAVE.... rights
REDUPLICATION little.(not.inch) =3SG
PAS.TR to.pull return.home,.to
with
DURATIVE? REDUPLICATION cover,.to REPEATED.ACTION
also
must
Natam
just.right
relpro
again
PASS.INTR to.somersault to.turn CAUSATIVE
1sg
Singkil
previously.mentioned
that,.those
one
one
do.not!
because
2sg
entire
TO.DO.... to.creep
HAVING.TO.DO.WITH... condition.(pre.condition) HAVING.TO.DO.WITH...
even.though
again
alone
husband =3SG
fur
all
cry.out,.to
woman =1SG
ONE person
from
expert
3sg
rice.(uncooked.grains)
ONE to.continue =3SG
well
TO.BE.... arched.back
that,.those
ONE person
king
if
PERSON.WHO.DOES.... to.visit
only
to,..toward.(a.place)
1sg
body
family =THE
order.(command)
relpro sail
previously.mentioned
rotan
the.end =THE
even.(also)
child
joy
to.intend
to.be.capable.of
chicken
sugarcane
to,..toward.(a.place)
PARENTS =3SG
if emphasis
Engkeran
RECIPRICAL buy RECIPRICAL
even.(also)
CAUSATIVE to.interpret CAUSATIVE
ABILITATIVE to.cause
king
male
to.marry
if
direct,.non.stop
merciless
part =3SG
patient.(calm)
suffer,.to
TO.DO.... speak
to.be.visible
portion
day
RECIPRICAL to.pull RECIPRICAL
ACTIVE.VOICE request.to.(informally)
if
TO.DO.... cut,.to
wood
in,.at.(space)
to.pick.up.(something) IMPERATIVE
because
young.man
PLURAL child
expert
to.propose.(marriage) OBJECT.OF.VERB
so.that
to.be.a.group OBJECT.OF.VERB
group
relpro sail
group
from
Natam
large
to,..toward.(a.place)
go.up,.climb
that,.those
relpro
NOMINALIZER TO.GO.DOWN NOMINALIZER
THE.ACT.OF.... barren THE.ACT.OF....
ORDINAL nine
woman
NOMINALIZER worried NOMINALIZER
TOWARD.(A.PERSON)
relpro
PLURAL home
child
relpro
cloth
father =1SG
true
ABILITATIVE to.stretch.out
just.right
do.not!
sister
that,.those
neg
PAS.TR begin,.to
to.share =3SG
PROCESS.OF to.build PROCESS.OF
PASSIVE foreign PASSIVE
day
child
ACTIVE.VOICE to.follow
wife =3SG
day
on.(of.dates)
ear
to.live.(be.alive)
ACTIVE.VOICE buy
time =THE
that,.those
nation,.country
to.live.(be.alive)
school TO.CAUSE.TO.BE.A...
village
more.(comparative.quality)
TO.HAVE.... shirt
with
neg
burn,.burnt
CAUSATIVE to.become CAUSATIVE =3SG
find,.to
NOMINALIZER live.(stay.in.a.place) NOMINALIZER
even.(also)
PARENTS =3SG
that,.those
ACTIVE.VOICE uterus =3SG
sultan
yellow
relpro
ACTIVE.VOICE to.fow
king
PERSON.WHO... to.carry
zero
neg
large
happy
land
to.arise =FRONTED.ELEMENT
Engkeran
relpro sail
relpro
without
uncle =3SG
love
result
that,.those
by
TRAN.PAS possession TRAN.PAS
even.(also)
relpro
TO.DO.... to.discuss
relpro
land
mat
to,..toward.(a.place)
to,..toward.(a.place)
entire
water
participate
just
uncle =3SG
wife =2ND.PERSON
begin,.to
done.(finished)
with
do.not!
TO.HAVE.... rights
such.as
meter
body
ACTIVE.VOICE watch,.look,.see
husband
life =3SG
only
citizen
PAS.TR to.share
relpro
relpro
relpro
king
1p
again
that,.those
mat
steep
3sg
often
sit.down,.to
done.(finished)
boyfriend
alone ADVERBIALIZER
male
ACTIVE.VOICE enter,.to DURATIVE?
such.as
DURATIVE? play,.to DURATIVE?
from
family.of.guardian
Engkeran
1sg
day
relpro
TO.APPLY.....TO.THE.OBJECT possession TO.APPLY.....TO.THE.OBJECT
also
only
to,..toward.(a.place)
so
tragic
land
done.(finished)
eagle
we
again
ACTIVE.VOICE eat
because.of
again
fortune.teller
corner
THE.WAY.OF... ACTIVE.VOICE to.look THE.WAY.OF...
TO.GO.TO.... face
little.(not.inch)
relpro
3sg
prosperous
that,.those
GIRL
together
legitimate
to.remain
relpro
amount the.time.(that.something.happens)
land
ACTIVE.VOICE to.search.for
master
vegetable VARIETY
even.though
so.that
presently,.nowadays
that,.those
to.live.(be.alive)
child
TO.DO.... to.grow =3SG
relpro sail
TO.DO.... to.discuss
to,..toward.(a.place)
village
TO.HAVE.... road
behind
neg
candlenut
done.(finished)
by
to.be.able.to
ABILITATIVE to.hit
system
servant
king
THE.PROCESS.OF to.live.(be.alive)
that,.those
age
in,.at.(space)
that,.those
body
ACTIVE.VOICE to.give
sit.down,.to cross.legged.position POLITE.IMPERATIVE
to.marry
GIRL
ACTIVE.VOICE try
PASS.INTR to.kick to.lunge CAUSATIVE
will
will
automatic
PASS.INTR to.compare PASS.INTR
chasm
to.use
ABILITATIVE to.pull
we
fortune.teller
CAUSATIVE born CAUSATIVE =3SG
RECIPRICAL turn,.make.a.turn RECIPRICAL
NOMINALIZER TO.GO.DOWN NOMINALIZER
time
TO.HAVE.... boyfriend
from
TRAN.PAS blessing TRAN.PAS
that,.those
ACTIVE.VOICE to.pull
baby
that
relpro
you.(hon)
TO.GO.TO.... top
1sg
worried
also
ONE person
many
to.intend
directly
will
jin
1sg
relpro sail
relpro sail
come,.to
mercy
from
3mp
TO.BE.... sad =3SG
1sg
child
this
ACTIVE.VOICE behavior
one
to.continue
that,.those
to.have
relpro
with
TO.HAVE.... wealth
to.arrive
same
with
little.(not.inch)
relpro
portion
that,.those
relpro sail
family
because
child
day
relpro sail
is
neg
or
=3SG
boyfriend =3SG
TOWARD.(A.PERSON)
neg
in,.at.(space)
TO.DO.... reverse.side
bored
age
younger.sibling
Singkil
corn
O
in,.at.(space)
relpro
relpro
to.continue
PAS.TR SEMANTIC.ROLE:.PATIENT to.think SEMANTIC.ROLE:.PATIENT
REPEATED.ACTION drink,.to
relpro
uncle =3SG
we
intention
we
road =THE
ACTIVE.VOICE to.produce
continuing
Natam
this
from
CRAFTSMAN
go
ONE such.as =3SG
child
born
land
strong.desire
thing,.item
portion
do.not!
because
one
this
child that,.those
4.5
do.not!
also
father
mother
here
again
land
will
just
king
TO.DO.... sharia
Permanent
Engkeran
day
first
again
to.have
class.person
or
even
starting.when
child
prayer
earth,.the.world
PAS.TR strike,.hit =FRONTED.ELEMENT
again
younger.brother.or.sister =2ND.PERSON
Natam
just.right
water
to.cook
RDP type,.sort
first
fortune.teller
magical
king
entire
this
do.not!
will
male
to,..toward.(a.place)
relpro
3sg EMPHASIS
VARIETY to.travel.in.a.group NOMINALIZER
world
PAS.TR to.tie
again
by
servant
just
intention
shaman
Natam
RDP to.search.for REPEATEDLY
needle
=2ND.PERSON
to.continue
done.(finished)
PRESENT.TIME
animal
heart
AS.IF
about
relpro
useless
portion
go to.read.holy.books POLITE.IMPERATIVE
neg
joy
compost
to,..toward.(a.place)
heart =3SG
not
in,.at.(space)
then
other
king
one
family
that
to.be.able.to
that,.those
1sg
such.as
relpro
negativizer come,.to
to,..toward.(a.place)
neg
it
older.sibling
NOMINALIZER successful NOMINALIZER
to,..toward.(a.place) jungle
negativizer
merciless
class.person
relpro
PERSON.WHO.DOES.... to.visit
return.home,.to
open,.to
with
relpro
with
wife =1SG
we
self =3SG
again
a
jungle
CAUSATIVE send,.to CAUSATIVE
adult
to.appear
with
king
TO.DO.... to.carry
that,.those
worried
DURATIVE? eat DURATIVE?
class.person
child
in,.at.(space)
some
TO.DO.... speak
even.(also)
relpro
done.(finished)
relpro sail
3mp
TO.HAVE.... rank,.station.in.life
PASS.INTR value DURATIVE?
ONE person
heart
that
PAS.TR to.lead =3SG
relpro
NOMINALIZER to.arrive RECIPRICAL
what.will.come
with
TOWARD.(A.PERSON)
children
word TO.CAUSE.TO.BE.A...
by
king
PAS.TR receive
child
pickpocket
relpro sail
done.(finished)
event
to,..toward.(a.place)
to.be.out.of
god
blurry
only
heart =3SG
request.to.(informally)
news
a.living GIVE.X.TO =3SG
relpro sail
a.spoken.word VARIETY
to.use
king
love GIVE.X.TO
relpro
to.want
relpro
lose.something
PASS.TR to.pierce PASS.TR
TO.HAVE.... cheer
relpro
wood
PAS.TR to.carry ACTIVE.VOICE return.(go.back)
the.time.of
CAUSATIVE to.build CAUSATIVE
to,..toward.(a.place)
relationship =THE
TO.DO
return.home,.to
school
TO.DO.... road foot
so.that
relpro
NOMINALIZER power NOMINALIZER
male
disaster
to,..toward.(a.place)
heart
king
from
sit.down,.to cross.legged.position IMPERATIVE
1sg
ACTIVE.VOICE buy
NOMINALIZER born NOMINALIZER =3SG
this
relpro sail
child
ACTIVE.VOICE to.find
ACTIVE.VOICE to.receive
to.be.sincere
relpro
member
relpro sail
only
guardian =THE
river =THE
to.feel.at.home
to.order.something
3mp
that,.those
shaman
GIRL
relpro
male
day untuk day
ACTIVE.VOICE read
every
but
done.(finished)
HOW?
Natam
member
very.
relpro
that,.those
dark
citizen
prayer
begin,.to
until
with
not
land
PAS.TR pick.up
uncle =3SG
THERE
again
fortune.teller
story
PASS.INTR to.hold.back =3SG
CHARACTERSTIC.OF comfortable CHARACTERSTIC.OF
again
class.person
relpro
so.that
relpro
relpro sail
TO.BE.... large
fortune.teller
come,.to
Natam
previously.mentioned
that
PASSIVE word PASSIVE
with
TO.HAVE.... RDP light
that,.those
to.be.a.group OBJECT.OF.VERB
to.marry
negativizer
even.(also)
younger.brother.or.sister =2ND.PERSON
all
RDP type,.sort
RDP slowly
again
relpro
towards
ONE.OF
again
presumptious
but
feast
to,..toward.(a.place)
that,.those
expert
just
healthy
THE.PROCESS.OF to.stab
situation
we
from
one
with
3sg
NOMINALIZER born NOMINALIZER
relpro
TO.HAVE.... shirt
to.circumcise REPEATEDLY
3sg
CHARACTERSTIC.OF complicated CHARACTERSTIC.OF
sir
such.as
PARENTS
child
port,.column
Natam
true INTERROGATIVE
done.(finished)
child =3SG
NOMINALIZER great,.formidable RECIPRICAL
to,..toward.(a.place) Natam
eagle
relpro sail
speak
to,.toward.(a.person)
child
king
intention
direct,.non.stop
heart =3SG
self =2ND.PERSON
child
alone
ACTIVE.VOICE to.bother
that,.those
NOMINALIZER come,.to NOMINALIZER
ACTIVE.VOICE sure CAUSATIVE
by
TRANS to.hit =3SG
breath =3SG
with
they,.them
with
Natam
class.person
if
king
Natam
string
hope,.to OBJECT.OF.VERB
many.people
Perhaps,.probably
relpro
ancestor
CHARACTERSTIC.OF troublesome CHARACTERSTIC.OF
to.there
disaster
husband =3SG
relpro
CHARACTERSTIC.OF magical CHARACTERSTIC.OF
class.person
poor
story
mercy
all
that,.those INTENSIFIER
we.(excludes.the.one.adddressed)
actually
TO.ELOPE
TO.DO.... age
this
thing
complicated
arrange OBJECT.OF.VERB
very,.extremely
TO.GO.TO.... drug,.medicine
ACTIVE.VOICE to.help
with
alone
to.use
just
king
depart,.to =FRONTED.ELEMENT
ONLY
relpro
land
relpro sail
in,.at.(space)
relpro
one
until
so
again
we
sleep,.to
little.(small)
this
event
farmer
again
ACTIVE.VOICE get,.receive CAUSATIVE
from
ACTIVE.VOICE pick.up
chasm
in,.at.(space)
all
to.cheat.on =3SG
ONE result
to.arrive
HAVING.THE.SAME RDP will
ACTIVE.VOICE to.produce
effort
king
expert
TO.HAVE.... prayer
relpro
we
relpro sail
TO.HAVE.... ricefleld
cloth
ONE.OF
happy
relpro
harvest
king
SIXTY two
king
AS.IF
furthermore
CAUSATIVE rotate CAUSATIVE
is
to.play
to.want =3SG
increasingly
neg
one
good
ONE person
in,.at.(space)
valley
to.marry
HAVING.TO.DO.WITH... suffering HAVING.TO.DO.WITH...
from
PAS.TR to.mutilate
TO.HAVE.... rights
that,.those
3sg
little.(small) =3SG
by
NOMINALIZER come,.to NOMINALIZER
tiger
reply,.to(verbally) OBJECT.OF.VERB
neg
that,.those
to.fall =3SG
presently,.nowadays
but
ACTIVE.VOICE greet,.to.receive
PAS.TR kill
magical
IMPERATIVE to.stab
waist =3SG
disappointing
class.person
relpro
however
capital
relpro
will
bamboo
in,.at.(space)
NOMINALIZER king NOMINALIZER
fish
seven
ABILITATIVE to.cook
that,.those
from
CAUSATIVE to.build CAUSATIVE
relpro
long.(length)
ACTIVE.VOICE to.become
even.(also)
relpro sail
done.(finished)
after
THE.ACT.OF.... to.think THE.ACT.OF....
expert
only intensifier
HOWEVER
to.carry ACTIVE.VOICE return.home,.to POLITE.IMPERATIVE
relpro
to.carry ACTIVE.VOICE return.(go.back)
in,.at.(space)
entire
citizen
3sg
just
child
TO.CAUSE.TO.BECOME... foreign TO.CAUSE.TO.BECOME... =3SG
to.approach
that,.those
relpro
to.produce
PARENTS =3SG
love
relpro
ACTIVE.VOICE to.somersault to.turn
born =THE
relpro
mother
only
the.time.of
from
time
ONE day
NOMINALIZER TO.GO.DOWN NOMINALIZER
ACTIVE.VOICE to.become
city
in,.at.(space)
with
meaning
what.will.come
reward
shaman
nephew
will
relpro sail
PLURAL cry.out,.to OBJECT.OF.VERB
relpro
to.marry
clothing =1SG
relpro sail
root
this
according.to
only
done.(finished)
almost
to.carry TRANS return.home,.to POLITE.IMPERATIVE
PARENTS
class.person
to.continue
night
relpro sail
relpro sail
land
Engkeran
to.be.capable.of
if
land =THE
successful
we
because
egg
Natam
version
finish.off,.to
city =3SG
ATTRIBUTE
shaman
PERSON.WHO.DOES.... to.give.advice
desire,.to
previously.mentioned
do.not!
return.home,.to
PASS.INTR because PASS.INTR
from
previously.mentioned
the.reason.something.happens
part =3SG
brother,.older
gate
brother,.older =3SG
news
in,.at.(space)
to.arrive
from
3sg
with
that,.those
REPEATED.ACTION to.be.on.target REPEATED.ACTION
water.buffalo
even.(also)
type,.sort
to.search.for REPEATEDLY
baby
neg
to.continue
we
if
just
to.appear =FRONTED.ELEMENT
if
mother
3mp
alone
that,.those
PASSIVE word PASSIVE
Engkeran
ABILITATIVE to.carry ACTIVE.VOICE return.home,.to
land
ACTIVE.VOICE to.receive
to.know
ACTIVE.VOICE to.be.visible
HAVING.THE.SAME HOW? MEASURE.NOMINALIZER
PAS.TR watch,.look,.see
3sg
PAS.TR strike,.hit =FRONTED.ELEMENT
yesterday
1sg
ACEH.DARUSSALEM
in,.at.(space)
ABILITATIVE to.become
3sg
from
ACTIVE.VOICE try
CAUSATIVE to.get.out.of.the.way CAUSATIVE
3sg
one
CAUSATIVE live.(stay.in.a.place) CAUSATIVE
king
to,..toward.(a.place)
event
TO.HAVE.... thousand
with
ONE person
to.have
also
story
relpro
HAVING.TO.DO.WITH... border,.edge HAVING.TO.DO.WITH...
yesterday
effort
with
neg
to.search.for REPEATEDLY
also
big.(size)
servant
TO.APPLY.....TO.THE.OBJECT possession TO.APPLY.....TO.THE.OBJECT
from
wear,.to
king
to.carry INTENSIFIER return.home,.to INTENSIFIER
behind
with
will
1sg
have.been,.ever
banyak.sekali
many
YOU.(FAMILIAR)
chisel
class.person
circumcise OBJECT.OF.VERB
that,.those
participate
but
to.live.(be.alive)
is
neg
river =THE
relpro sail
that,.those
PAS.TR kill
relpro
because
display,.to
but
Permanent
THERE
indeed
ACTIVE.VOICE to.help
wife
PULAU.BIANG
presently,.nowadays
NOMINALIZER to.arrive NOMINALIZER =3SG
PASS.INTR to.circumcise PASS.INTR =3SG
compost
on.(of.dates)
big.(size)
with
to,..toward.(a.place)
worm
NOMINALIZER king NOMINALIZER
this
master =1SG
CAUSATIVE go CAUSATIVE to.read.holy.books
relpro
relpro
to.use
to.marry
PARENTS =3SG
done.(finished)
that,.those
with
come,.to =FRONTED.ELEMENT
to,..toward.(a.place)
entire
neg
poor
relpro
fate
to,..toward.(a.place)
emphasis
maybe
positive
we
feel,.to =3SG
will
have.been,.ever
in,.at.(space)
PULAU.BIANG
ape
permit,.license IMPERATIVE
come,.to
done.(finished)
birth.mother =3SG
woman =3SG
embarrassed
you.(hon)
done.(finished)
expert
expert
3sg
CAN buy CAN
1sg
do.not!
have.been,.ever
plastic
3sg
come,.to
ACTIVE.VOICE get,.receive CAUSATIVE
wilderness
heart
possession
that,.those
neg
family
this
TO.APPLY.....TO.THE.OBJECT possession TO.APPLY.....TO.THE.OBJECT
relpro
BELIEVE,.TO
PARENTS
Gayo
many
from
wear,.to VARIETY
day
on.(of.dates)
area
class.person
morning =3SG
younger.brother.or.sister =2ND.PERSON
calamity
TO.HAVE.... variety
PARENTS =3SG
TO.APPLY.....TO.THE.OBJECT possession TO.APPLY.....TO.THE.OBJECT
TATTERED
do.not!
day
weight
class.person
position =3SG
only
so
you.(hon)
only
brother,.older
RDP amount
here
difficult
TO.HAVE.... PLURAL month
even.(also)
day =THE
seven
aunt
dagger
ACTIVE.VOICE watch,.look,.see
relpro
1sg
chisel
drink,.to
will
TO.HAVE.... RDP jungle
like
very
to.(a.person) =3SG
=3SG
Singkil
that,.those
with
plant
TOWARD.(A.PERSON)
begin,.to
is
NOMINALIZER TO.GO.DOWN NOMINALIZER
if
CAUSATIVE wear,.to
to.gnaw.on
with
relpro
king
ACTIVE.VOICE to.view.as
WHAT
for
mat
hope,.to OBJECT.OF.VERB
but
HOW? also
younger.brother.or.sister =2ND.PERSON
behavior =3SG
BELIEVE,.TO
not
mutual,.mutually
Natam
palm.tree
little.(small)
moment this
land
to.threaten OBJECT.OF.VERB
husband
only
ONE person
ACTIVE.VOICE kill =3SG
wood
because
PAS.TR to.live.(be.alive)
in,.at.(space)
WHAT
place
child
king
with
relpro sail
also
wide,.width
THE.PROCESS.OF kerja =THE
jungle
but
because
push
again
negativizer
to.be.finished
SOMETHING.ASSOCIATED.WITH... sick
to.know
ACTIVE.VOICE hear,.to
land
portion
by
relpro sail
wife =3SG
3sg
less
so
shaman
only emphasis
child =THE
PAS.TR to.cook
ACTIVE.VOICE to.kick to.lunge
palm
coconut
PAS.TR get,.receive =3SG
out
negativizer
king
even.(also)
child =THE
water.buffalo
depart,.to
we
just
again
only
with
ONE team
thing
from
neg
go
where
if
to,..toward.(a.place)
body =3SG
where
go
family
we
news
with
ABILITATIVE laugh,.to smile,.to
to.search.for REPEATEDLY polite.imperative
such.as
to.use
father
eye
eagle
in,.at.(space)
relpro
to.hold IMPERATIVE
also
by
port,.column
TO.DO.... let
relpro
relpro
this
year =THE
CAUSATIVE to.give CAUSATIVE
to.use
HOW?
king
TO.HAVE.... mouth.of.a.river
that,.those INTENSIFIER
with
born =THE
jungle
will
to.be.able.to
RDP with
ACTIVE.VOICE try
so.that
PASS.INTR to.fall PASS.INTR
that,.those
relpro
filthy
to,..toward.(a.place)
O
neg
TO.HAVE.... high.emotion
3sg
magical
to,..toward.(a.place)
relpro sail
even.(also)
CAUSATIVE to.continue CAUSATIVE
class.person
TRAN.PAS drug,.medicine TRAN.PAS
with
in,.at.(space)
to.do
TO.GO.DOWN =FRONTED.ELEMENT
O
Natam
just
to.intend
ACTIVE.VOICE to.become
relpro
will
NOMINALIZER great,.formidable RECIPRICAL =3SG
king
in,.at.(space)
large
PAS.TR receive
with
persuasion NOMINALIZER
lose.money,.to
disappeared
will
water
O
king
to.like
news
3mp
will
this
relpro
to.arrive
PAS.TR to.hold.back
even.(also)
GIRL
waist
Engkeran
TO.GO.TO.... gambling
with
3sg
ABILITATIVE to.carry TRANS return.home,.to
in,.at.(space)
supposedly
that,.those
relpro
ONE person
CHARACTERSTIC.OF handsome CHARACTERSTIC.OF
NI.JAGAI
yet,.not.yet
relpro
begin,.to
brother,.older
HAVING.TO.DO.WITH... clear HAVING.TO.DO.WITH...
to.be.capable.of
we.(excludes.the.one.adddressed)
TO.HAVE.... night
behavior =3SG
relpro
RDP time
head
to.cry
ABILITATIVE kill
ABILITATIVE except
with
CAUSATIVE to.somersault to.turn CAUSATIVE
to.want
very
3sg
RESULT.OF.VERB socialize RESULT.OF.VERB
heart
old.(of.things) MEASURE.NOMINALIZER
TO.DO.... to.pass
father =3SG
TO.GO.DOWN
expensive
citizen
such.as
land
TRAN.PAS blessing TRAN.PAS
will
chicken
relpro
to.wait
to.search.for REPEATEDLY
THE.PROCESS.OF Tambah
mat
to.be.capable.of
exit
king
TRAN.PAS to.invite TRAN.PAS
family
order.(command)
not
so
PAS.TR to.send.someone polite.imperative
number
PAS.TR kill =3SG
you.(hon)
large
RDP clear
grass
CHARACTERSTIC.OF handsome CHARACTERSTIC.OF
calamity
3sg
ACTIVE.VOICE to.become
TO.GO.TO.... methamphetamine
ONE team
quickly
so.that
ONE person
uncle =3SG
ACTIVE.VOICE rotate
RDP true
from
1sg
have.been,.ever
relpro sail
ACTIVE.VOICE to.become
fortune.teller
land
return.home,.to =FRONTED.ELEMENT
strength
older.sibling
fourth
niece =3SG
neg
you.(hon)
mother
by
first
lose.money,.to
we
PLURAL child
to.lead
thing,.item
that,.those
HAVING.TO.DO.WITH... try PROCESS.OF
ACTIVE.VOICE obey,.to DURATIVE?
relpro
throughout
you.(hon)
SUPERLATIVE good SUPERLATIVE
brother,.older
to.happen
desire,.to
relpro
relpro sail
we
The.story.is.told
grilled
PAS.TR Tambah
to.kick to.lunge IMPERATIVE
if
this
ACTIVE.VOICE hold.onto,.grasp
emphasis
master =1SG
wife
GIRL
after
tomorrow
this
REDUPLICATION PERSON.WHO... young
is
to.want TRULY
sure
also
event
from
3sg
mother
more.(comparative.quality)
uncle =3SG
in,.at.(space)
school
very.
TO.APPLY.....TO.THE.OBJECT the.end TO.APPLY.....TO.THE.OBJECT
all
only
TOWARD.(A.PERSON)
Singkil
aunt
rich
Engkeran
presently,.nowadays
emphasis
neg
time
wood
if
1s
complicated
intention
TO.HAVE.... rice.(plant)
event
only
who intensifier
with
no,.not.(of.nouns)
all
this
despite
THERE
guard
=3SG
officials.(government)
magnificent
in,.at.(space)
to.help OBJECT.OF.VERB
self
heart =3SG
PASS.INTR greet,.to.receive
relpro
just emphasis
if
TOWARD.(A.PERSON)
3mp
to.arrive
relpro
relpro sail
sticky.rice
to.here
this
TO.DO.... TO.BREATH.HEAVILY
wrong,.false
PAS.TR kill =3SG
relpro sail
machete
TO.DO.... THINK,.TO
very
fish
nephew =1SG
PASS.TR buy PASS.TR
inheritance
child
ONE person
negativizer
from
to.arrive =FRONTED.ELEMENT
king
TOWARD.(A.PERSON)
male
1sg
THE.WAY.OF... ACTIVE.VOICE cut,.to THE.WAY.OF... =2ND.PERSON
later =3SG
so
even.(also)
who
that
to.be.a.group OBJECT.OF.VERB
rotan
mattress
in,.at.(space)
also
REPEATED.ACTION jump,.to
AS.IF
if
child.in.law
ACTIVE.VOICE to.produce
again
not
return.home,.to
finish.off,.to =3SG
go.up,.climb
to.use
CAN scrub,.to CAN
1p
like,.be.pleased.by =FRONTED.ELEMENT
for.me
all
RDP animal
tiger
watch,.look,.see
ACTIVE.VOICE to.send.someone
to.find
know,.to
at.the.time
while
candidate
that
PAS.TR to.kick to.lunge
2sg
HAVING.THE.SAME on.time
done.(finished)
even.(also)
competition =3SG
uncle =3SG
again
meet,.to
=3SG
by
from
ONE person
where
eye
many
cry.out,.to
ACTIVE.VOICE word CAUSATIVE
just =FRONTED.ELEMENT
wood
ACTIVE.VOICE to.give
TO.HAVE.... will
area
child
the.end =THE
just
TO.APPLY.....TO.THE.OBJECT possession TO.APPLY.....TO.THE.OBJECT
to.cry
name
but
however
THERE
from
class.person
woi
very
food.stand
Singkil
this
one
self
PAS.TR to.use
Gayo
eagle
to.be.capable.of
PAS.TR to.tie
will
that,.those
TO.DO.... play,.to
class.person
request.to.(informally) to.be.able.to
TRANS to.carry TRANS return.(go.back)
TOWARD.(A.PERSON) =3SG
2sg
so
master =1SG
again
wood =3SG
relpro
3mp
on.(of.dates)
3sg
EACH space
TO.DO.... to.struggle
the.reason.something.happens
will
very
situation
neg
TO.HAVE.... title.(of.persons)
just
once
all
THE.ACT.OF.... barren THE.ACT.OF....
meet,.to
by
land
3mp
TO.BE.... prepared,.ready
heart
evenly
relpro
day
water.buffalo
to.there.(far) to.here
seedling
continue
here
city
NOMINALIZER come,.to NOMINALIZER
fear GIVE.X.TO
relpro
TO.DO.... to.politely.request
PAS.TR certain IMPERATIVE
also
request.to.(informally)
conversation =3SG
PAS.TR to.wait.for
even.(also)
ACTIVE.VOICE to.take.care.of
do.not!
Natam
child
jungle
in,.at.(space)
little.(small)
relpro sail
ear
land
Engkeran
mother
self
relpro
again
rice.(cooked)
even.(also)
in,.at.(space)
fortune.teller
by
relpro sail
uncle =3SG
relpro
boat
PAS.TR Tambah
to.continue
PRESENT.TIME
place
NOMINALIZER to.arrive NOMINALIZER
garden
person
relpro
TO.DO.... to.produce
only
effort
if
king
NOMINALIZER innocent NOMINALIZER
officials.(government)
with
so
ONE.OF
guard,.to polite.imperative
to.use
RDP field
HAVING.THE.SAME time
negativizer
smooth.(of.surfaces)
class.person
family
officials.(government)
sad =THE
are?
GIRL
TOWARD.(A.PERSON)
must =3SG
spirit
like.that
ACTIVE.VOICE try
this
will
magic
ACTIVE.VOICE to.produce
more.(comparative.quality)
fortune.teller
with
wealth
ACTIVE.VOICE kill
VARIETY fruit VARIETY
PAS.TR to.give know,.to
3sg
PASSIVE reason PASSIVE
=3SG
fruit heart
even.(also)
to.invite =THE
TO.DO.... count,.reckon
tax
to.find
ACTIVE.VOICE kill
will
QUEEN
story
but
only intensifier
participate
father =1SG
cousin =3SG
cow
relpro
to.get.better.(health)
shaman
relpro
king
two
ACTIVE.VOICE watch,.look,.see
source =3SG
who INTERROGATIVE
again
like
in,.at.(space)
TO.HAVE.... rank,.station.in.life
again
TATTERED
TO.CAUSE.TO.BECOME... desired TO.CAUSE.TO.BECOME...
servant
finish.off,.to
by
shaman
to.live.(be.alive)
city
woman
always
also
ACTIVE.VOICE feel,.to
just.right
done.(finished)
still
ABILITATIVE Perhaps,.probably
CHARACTERSTIC.OF pretty.(of.women) CHARACTERSTIC.OF
class.person
so.that
THE.ACT.OF.... to.stand THE.ACT.OF.... =3SG
garden
3sg.Hon
that
TO.PAY.ATTENTION.TO
shirt =2ND.PERSON
school =THE
QUEEN =THE
with
first
older.sibling
from
relpro
husband =3SG
bedroom
relpro
to.want
to,..toward.(a.place)
Engkeran
relpro
3sg
to.give.a.gift
negativizer
class.person
PASSIVE doubtful PASSIVE
TRANS to.carry CAUSATIVE TRANS return.home,.to
that,.those
we.(excludes.the.one.adddressed)
=1SG
PAS.TR to.view.as
1sg
vile
Engkeran
relpro where
metal.tray
3sg
NOMINALIZER king NOMINALIZER
such.as
TO.HAVE.... thousand
WHAT
in,.at.(space)
to,..toward.(a.place)
ACTIVE.VOICE watch,.look,.see
DURATIVE? to.pull DURATIVE?
PAS.TR get,.receive
fortune.teller
ACTIVE.VOICE buy
VARIETY fruit VARIETY
salt
TO.DO.... to.tie
king
CAN to.search.for CAN
ACTIVE.VOICE to.govern CAUSATIVE
to.threaten OBJECT.OF.VERB
nation,.country
child =THE
destroyed,.ruined
day
ACTIVE.VOICE to.spread =3SG
result
about
Singkil
older.sibling
relpro sail
relpro
PAS.TR to.give
relpro
wealth
sail
child
a
many
happy
to,..toward.(a.place) Engkeran
to.be.able.to
limp
in,.at.(space)
PAS.TR to.compare
sister
alone
nation,.country
that,.those
news
all
continuing
get,.receive
Singkil
also
police
on.(of.dates)
PAS.TR to.share
PASS.INTR to.see PASS.INTR
relpro sail
old.(of.things) MEASURE.NOMINALIZER
jungle
TO.HAVE.... road
Engkeran
relpro
relpro sail
GIRL
that,.those
by
with
young.man
neg
that,.those
PARENTS
large
possession GIVE.X.TO
sit.down,.to cross.legged.position POLITE.IMPERATIVE
lazy
in,.at.(space)
in,.at.(space)
sit.down,.to
begin,.to
again
because
ABILITATIVE to.call
3sg
do.not!
to.use
jungle
ACTIVE.VOICE terjemah CAUSATIVE
presently,.nowadays this
CAUSATIVE live.(stay.in.a.place) CAUSATIVE
happy
like
dad EMPHASIS
3sg
by
child
that,.those
Natam
with
3sg
complicated
TO.DO.... THINK,.TO
day
corn
PENGULU.MUDE emphasis
EIGHTTEEN
wife
yet,.not.yet
remeh
just
class.person
if
3mp
ONE RDP intend,.to
relpro
ABILITATIVE attain,.reach
child
tomorrow
PERSON.WHO... to.continue
self
relpro
neg
relpro sail
life
city
to.continue
that,.those
PASS.INTR to.pull PASS.INTR
lose.something
3sg
if
3sg
ONE person
ACTIVE.VOICE acquainted.to
return.home,.to
with
story =THE
thing
in,.at.(space)
feast
to,..toward.(a.place)
class.person
without.exception
neg
relpro
such.as
woman =3SG
we.(excludes.the.one.adddressed)
teacher
we.(excludes.the.one.adddressed)
to.search.for REPEATEDLY
CHARACTERSTIC.OF honest CHARACTERSTIC.OF
master =1SG
with
to.intend
bandit
even.(also)
CHARACTERSTIC.OF happy CHARACTERSTIC.OF
class.person
QUEEN =3SG
order
horrified
RDP consider.(to.think.over)
not
mercy
just.right
news
to.live.(be.alive)
to.kick to.lunge REPEATEDLY
presently,.nowadays
it
negativizer
sad =THE
other
1sg
TRAN.PAS possession TRAN.PAS
coast
if
all
younger.brother.or.sister =2ND.PERSON
get,.receive REPEATEDLY
woi
ONE moon
with
RDP amount
3mp
classifier
PAS.TR to.arrange =FRONTED.ELEMENT
portion
king
HAVING.TO.DO.WITH... road HAVING.TO.DO.WITH...
younger.sibling uterus
free
ACTIVE.VOICE to.hold.back
in,.at.(space)
on.(of.dates)
CAUSATIVE scrub,.to CAUSATIVE
to.be.able.to
that
apparently
citizen
shaman
mother
story
PAS.TR to.invite
master =1SG
to.be.intended
child
AS.IF
disaster
PASS.TR to.pick.up.(someone) PASS.TR =3SG
again
child =THE
NOMINALIZER king NOMINALIZER
TO.DO.... road foot
yet,.not.yet
request =THE
NOMINALIZER king NOMINALIZER
RDP grandmother
we
relpro
but
relpro
TO.HAVE.... road
person
relpro sail
even.(also)
if
heart
in,.at.(space)
rhythm artery =3SG
continuing
with
negativizer
that,.those
to.marry
you.(hon)
CHARACTERSTIC.OF important CHARACTERSTIC.OF
where
class.person
3sg
family
TO.GO.TO.... uterus
same
even.(also)
PASS.INTR born PASS.INTR
TO.DO.... listen,.to
like.that
to.be.a.group OBJECT.OF.VERB
relpro
rich
with
only
entire
to.truly.happen
king