one
your
cut INF
say AOR
"Samur" OBL GEN
say AOR
cop
say ENT
one
knowledge
sweet
that
say ENT
is NEG
kilometer
go AOR
take AOC
COME.TILL
before
two
what
necklace PL
chapter OBL PT ESS
stay,remain IN
sit AOC
I
write IMPF
finish
say ENT
you ERG
that
throw ENT
wife
keep,defend AOR
german.person PL OBL GEN AND;FOCUS
bring.again AOR
way,.road OBL SP ESS
sea OBL GEN
2sg.abs
take ENT
and
wound
public OBL DAT AND;FOCUS
present
day
say ENT
out
matchmaker PL AND;FOCUS
say AOR
but
come AOC
go ENT
good
all
her
give
my
was
Holiday PL
how
boy OBL DAT
door
go.down AOR
say AOR
dear
grandfather OBL GEN
say AOR
himself ERG GEN
1sg.gen
cop COND
1pl.abs
two
and.amand
1pl.gen
give FUT
1pl.abs
another OBL DAT
water
appear PERF
heart OBL SP EL
bank OBL SP EL
think.much AOR think.much AOR
chapter OBL SP ESS
say AOR
thought
go INF
that
say AOR
sister
he DAT
happened PERF
give AOC
restaurant OBL DAT
was
1pl.gen
word
1pl.abs
say ENT
say ENT
public OBL DAT AND;FOCUS
valley OBL GEN
give AOR
sit AOC
say AOR
have DAT
fortress OBL GEN
say AOR
cop AND;FOCUS
encyclopedia PL
bathhouse IN ESS
FLY
stay,remain AOR
one
time PL ERG
himself ERG GEN
cop.PST.NEG
one
Bezkhanum ERG
make.extiguished AOR
go AOC
how
sen.Allah
aunt
like
girl PL OBL GEN
in.no.way AND;FOCUS
say AOR
far
go AOC
look AOP TEMP
go.again,return IMPF
say AOR
say ENT
you.know
yes
ground OBL SP ESS
Twenty
1pl.gen
that
a.lot
that
himself
sea OBL GEN
fourteen
after.all
eye PL OBL DAT
say ENT
chance
while.going
hand IN ESS
place IN ESS
down
week
like.that
ashuq ERG
after
himself ergative DAT
one
that
1sg.gen
2sg DAT
IT.WILL.BE.DONE
water DAT
go.down ENT
one
2sg.gen NEG
boy OBL DAT
1pl.abs
one
after
1sg.ERG
time
sea OBL GEN
child
cop
way
2sg.abs
found AOR
combine AOC
dog
border OBL SP ESS
robber OBL DAT AND;FOCUS
tire AOR
dear
say AOR
it
a.while.after
special
say ENT
Anadyr.from DIR DAT
he.also DAT
boy ERG
this
one
look.IMPV
my
2sg.abs
house PL
take.back
now
day OBL DAT
dig
1sg.ERG
say AOR
this
give AOC
go AOR
girl AND;FOCUS
2sg DAT
one
wound
our
say ENT
say AOR
say AOR
1pl.abs
himself ERG GEN
THANK.YOU
this
well
station
this
house IN ESS
1sg.ERG
one
there PST
Ma'am ERG
cassette
where PST
nation
one
that
if.is
1sg.gen
simple
cop COND
today
that PL
evening OBL GEN
say AOR
with DAT
bread
want FUT
happened PERF
2sg.gen
say AOR
2sg.abs ERG
ten
be.born INF
nine.hundred
girl OBL SP ESS
other
fire
boy OBL PT ESS
say ENT
advice OBL AD ESS
fall.on AOR
want IMPF
mother OBL DAT
there.from PST
Ma'am
say AOR
come AOC
more
one
2sg.abs
like.this
say AOR
say AOR
1pl.abs
girl OBL PT ESS
commonly
say AOR
give AOC COND
that
day
turn.back AOC
over
himself
he
eye PL
girl AND;FOCUS
fall,precipitate IMPF
it
balcony IN ESS
heart IN ESS
cop.NEG
head OBL PT ESS AND;FOCUS
want IMPF PTCP
hit
fellow.countryman
mount AOR
scratch
call ENT
is DAT
2sg.abs
now
great
one
more AND;FOCUS
1sg.ERG
news
himself OBL GEN
that
After AND;FOCUS
Holiday OBL SP EL
grandfather ERG AND;FOCUS
say AOR
this.one
deed PL
1sg.ERG
2sg DAT
way
bread AND;FOCUS
take PERF
outpost OBL SP ESS
2sg.abs OBL
not
him.to
child PL
here
one
1pl.erg
put! PERF
1pl.erg
boy
2sg DAT
then
house IN ESS
heart IN ESS
that
time
approximately
puppy OBL DAT
say ENT
take AOR
he.also DAT AND;FOCUS
this
come PERF PST
before
dog
give
"Samur"
the.one.after
And.but
he
want IMPF
life OBL GEN
that
mother ERG
village
already
return ENT
after
story
say AOR
2pl.abs
this
buy FUT NEG Q
nine
boy ERG
cop
19
or
go AOR
one
soil
water
this
dear
sister ERG
make IMPF
soil OBL SB EL
want ENT PTCP
you.know
put ENT
on.the.contrary
this
eye PL OBL SP ESS
one card.
tradition
catch AOC
other
with
say AOR
draw,pull INF
now
say ENT
himself ERG DAT
cop
this
1sg.ERG
say AOR
1sg.ERG
high
that
say AOR
this
or
month PL
side OBL DAT
countryside OBL DAT
one
say AOR
boy
house PL OBL ESS
mother OBL GEN
come AOC
dog
one
never
this
knowledge AOC
now
hill OBL SP ESS
that OBL DAT
so.much
say AOR
Azerbaijan
country OBL DAT
these
1sg.ERG
this
appear AOC
good
is.there
reign ENT
uncle
bring AOR
this
take AOC
one
whoever
girl AND;FOCUS
bread
appear AOR COND
this
condition OBL DAT
animal
how.much
cop.NEG
owner
like.that
five
reach ENT
all
put!
say AOR
come AOC
mother AND;FOCUS
nice
owner
and
want IMPF PTCP
himself OBL GEN
boy AND;FOCUS
house IN ESS
head
forest PL IN EL
go AOR
Sevda
dear ERG
then
castle PL
us ERG DAT
boy ERG
one
one
with.haste
great
king AND;FOCUS
here
turn.back AOC
german.person PL ERG
new
cop if
spade OBL AD ESS
my
catch FUT COND
look ENT
mother.in.law ERG AND;FOCUS
Uhm
one
want IMPF
that
be.IMPV
himself
1pl.abs
cop
come AOC
he GEN
knowledge
drink ENT
go AOC
boy
say AOR
horse
that
chapter OBL SP ESS
this