ano̱polí#speak,.say,.talk -l#1SI -áchi̱#IRR -h#TNS
mano#that:one
a̱#1sIII
a̱#1sIII
ikhana#learn
ikbi#make -t#PART
anóti#again
-kiya#KIND:OF
makáchi#say. -t#PART
hi#be -hma̱#WHEN
okmanána#WHATEVER.KIND.OF
a̱tta#exist.(of.one) -li#1SI -h#TNS
to̱ksa̱li#work
hashki#my.mother
í-#1PI
hachim-#2PIII
shokshi#watermelon
pí#just
il-#1PI
lha̱kko#be:strong. -t#PART
-ak#LOC
sa-#1SII bíshakni#nose
okla#people
anóti#again
ná#something
tahli#finish. -li#1SI -ttók#REM.PAST
am#1sIII
ná#something
yohmi#do.so,.to.happen -h#TNS
hachi-#2PII
a̱#1sIII
tohchína#be:three
ikhana#learn
kaníya#go.away -li#1SI -ttó#REM.PAST -sh#PART:SS
ikbi#make
okla#people
yohmi#do.so,.to.happen
yohmi#do.so,.to.happen
il-#1PI
chokka#house
ish-#YOU
yohmi#do.so,.to.happen
á-#LOC ikhana#learn -tok#PST
takkon#peach
hi#be -hma̱#WHEN
alhlhi#edge
í-#1PI
osápa#field
okla#people
okla#people
atta#stay,.live.(someplace)
shokshi#watermelon
na#and
to̱ksali#work
í-#1PI
ma̱ya#exist.(of.three.or.more).
cho#or
illi#die. -to#NOM2
il-#1PI
tohchína#be:three
ano̱polí#speak,.say,.talk -l#1SI -áchi̱#IRR -h#TNS
ilokka#clothes
hash-#2PI
imma#towards
tamáha#town
-ka̱#COMP:DS
-oka̱#SINCE:DS
m#that -ako̱#CON:AC
hót#look.for
ma̱ya#exist.(of.three.or.more).
ilhkóli#go.(of.three.or.more). -tok#PST -o̱#FOC:DS
am#1sIII
nátah#what?
ít#toward
il-#1PI
to̱ksali#work
tamáha#town
wák#cow
ano̱ti#again
-ato#NOM2
okla#people
hokchi#plant. -h#TNS
okla#people
ano̱ti#again
isht#ins
-kiya#KIND:OF
ano̱ti#again
iya#go -h#TNS -o̱#Q
áchi#say -tok#PST
m#that -ako̱#CON:AC
ná#something
atta#stay,.live.(someplace) -ttók#REM.PAST -o̱#Q
alla#child
iyá#go -li#1SI
bók#creek
ittiwáya#marry -hmat#WHEN
iya#go
panóla#cotton
hashki#my.mother
kanimma#somewhere
afammi#year
ano̱ti#again
ish-#YOU
-ka̱#COMP:DS
kíyo#no
koloffi#cut
pí#just
ishit#ins
nani#fish
táhli#finish:ygr
-chámo#LONG:AGO
yohmi#do.so,.to.happen
fokka.lo̱bo#SHIRT
pí#just
másh#that.one
hokchi#plant. -h#TNS
si̱ti#snake
ish-#YOU
il-#1PI
hattak#husband
mi̱ti#come
yohmi#do.so,.to.happen -h#TNS
il-#1PI
il-#1PI
ano̱ti#again
yohmi#do.so,.to.happen
íshi#get -hma̱#WHEN
tobi#beans
hi#be -hma̱#WHEN
akka#down
m#that -ako̱#CON:AC
-m#DEM -ato#NOM2
alla#child
anóti#again
ápitta#put.(more.than.one.thing).in. -h#TNS
mo̱ma#still -h#TNS
okla#people
siy-#1SII á#be -h#TNS
a̱tta#exist.(of.one) -li#1SI -h#TNS
yohmi#do.so,.to.happen -h#TNS
m#that -ako̱#CON:AC
oklil#we
ish-#YOU
-ka̱#COMP:DS
alla#child
-ato#NOM2
ná#something
-ka̱#COMP:DS
fokáli#approximately -h#TNS
alhíha#group
ná#something
okla#people
okla#people
hokchi#plant. -ttók#REM.PAST -o̱#Q
ásh#prev
m#that -ako̱#CON:AC
yimmih#believe
il-#1PI
okla#people
iya#go -h#TNS -o̱#Q
chishnáto#you:nom2
hash-#2PI
malhlhih#indeed
chokka#house
nána#something
yohmi#do.so,.to.happen
-m#DEM -ato#NOM2
ishit#ins
másh#that.one
-ako̱#CON:AC
panóla#cotton
-ato#NOM2
m#that -ako̱#CON:AC
am#1sIII
fokka#dress
ayyásha#reside.(plural.subject) -h#TNS
nani#fish
hash-#2PI
osápa#field
kíyo#no
-m#DEM -ato#NOM2
mi̱ti#come
-hátoko̱#BECAUSE:DS
isht#ins
ta̱chi#corn
bacha̱ya#be:in.a.row
okla#people
il-#1PI
ná#something
chi̱#2sIII
pa#here,.this -aki̱li#OWN -h#TNS
nani#fish
ít#toward
ta̱chi#corn
-ako̱#CON:AC
banna#want -kma̱#IRR:DS
okla#people
a̱#1sIII
iskitíni#little
pí#just
-bíka#USED:TO -tok#PST
anóti#again
hi#be -hma̱#WHEN
ano̱ti#again
onnahi̱li#morning
anól#tell.
ka̱ha#lying:down
yohmi#do.so,.to.happen -h#TNS
shawwa#bush
ná#something
ayyówah#pick.up.(off.the.ground).
himak.nittak#TODAY,.THIS.DAY
yakni#land
mishsha#two.time.periods.before.or.after
nána#something
fokka#dress
oklil#we
ná#something
-ka̱#COMP:DS
ittahobli#pick.up -t#PART
alikchi#doctor
il-#1PI
isht#ins
a̱#1sIII
hapi̱-#1MPIII
anóti#again
okla#people
wák#cow
tahli#finish. -kmat#IRR:SS
okla#people
to̱ksa̱li#work
-ako̱#CON:AC
to̱ksali#work. -sh#PART:SS
-ka̱#COMP:DS
másh#that.one
ta̱chi#corn
isht#ins
alhíha#group
a̱sha#be:(of.three.or.more)
chá#ss
okmanána#WHATEVER.KIND.OF
at#subject:marker
issa#close -hma̱#WHEN
yohmi#do.so,.to.happen
aha̱chi#say:hn.gr
ilokka#clothes
ishit#ins
chokka#house
iti#wood
-ano#ACC:TOP
fokka#dress
táha#be:finished -hma̱#WHEN
okla#people
okla#people
alhlhi#edge
ikhana#learn
haklo#hear,.listen
ka̱chak#barn
í-#1PI
alhíha#group
illa#only
il-#1PI
nána#something
panóla#cotton
anóti#again
-ano#ACC:TOP
ayyásha#reside.(plural.subject) -h#TNS
ilhkóli#go.(of.three.or.more).
kanómi#be:some:amount -kma̱#IRR:DS
chokka#house
náhollo.anno̱pa#ENGLISH:LANGUAGE
hachim-#2PIII
ish-#YOU
chi̱-#2SIII ki#father
il-#1PI
anóti#again
hasháyachi#cause.to.sulk
ka̱ha#lying:down
okla#people
okla#people
-ka̱#COMP:DS
á#be -ttók#REM.PAST
siy-#1SII á#be -h#TNS
-akíni#INDEED -tok#PST -ósh#SS
ish-#YOU
a̱#1sIII
okla#people
tahli#finish.
ishit#ins
kotcha#go.outside.
ilhkóli#go.(of.three.or.more). -kmat#IRR:SS
kani#somewhere
-ka̱#COMP:DS
-ano#ACC:TOP
ish-#YOU
-ako̱#CON:AC
okma̱#and:then
bók#creek
ilhkóli#go.(of.three.or.more).
iyá#go -li#1SI
na#and
pih#just
pilla#distance
ish-#YOU
tobi#beans
yamma#that
ish-#YOU
ikkaná#learn -li#1SI -h#TNS
a#be -ttók#REM.PAST
taposhshik#basket
-m#DEM -ato#NOM2
abíya#go:up -t#PART
ná#something
katímina#why,.how.come
chishnáto#you:nom2
malhlhih#indeed
yohmi#do.so,.to.happen -h#TNS
kani#somewhere
iti#wood
hi#be -hma̱#WHEN
-m#DEM -ato#NOM2
sa-#1SII nakfish#younger:sib
ná#something
osápa#field
alla#child
ano̱polí#speak,.say,.talk -l#1SI -áchi̱#IRR -h#TNS
il-#1PI
mo̱ma#still
bók#creek
chá#ss
ish-#YOU
pí#just
chishnáto#you:nom2
ish-#YOU
am#1sIII
hi#be -hma̱#WHEN
ahóch#find. -ahí#IRR2
alla#child
afammi#year
yohmi#do.so,.to.happen
kani#somewhere
-ano#ACC:TOP
a#be -ttók#REM.PAST
am#1sIII
mi̱ti#come -li#1SI
kati#thorn
il-#1PI
-bíka#USED:TO -tok#PST
ishit#ins
hapi̱-#1MPIII
ish-#YOU
oka#water
-ka̱#COMP:DS
am#1sIII
okla#people
-ka̱#COMP:DS
illa#only
tahli#finish.
ano̱ti#again
alhíha#group
-kiya#KIND:OF
ayyásha#reside.(plural.subject) -h#TNS
ish-#YOU
ish-#YOU
taposhshik#basket
hót#look.for
habli#kick
shilosh#shoes
ná#something
í-#1PI
yohmi#do.so,.to.happen
ish-#YOU
am#1sIII
ish-#YOU pa#eat.(a.specific.food) -kma̱#IRR:DS
taposhshik#basket
ish-#YOU
kíyo#no
ná#something
ish-#YOU
ish-#YOU
ná#something
kaníya#really -ttók#REM.PAST
iksho#zero
ano̱poli#speak,.say,.talk -h#TNS
yohmi#do.so,.to.happen -h#TNS
afammi#year
hi#be -hma̱#WHEN
anóti#again
onna#morning
í-#1PI
isht#ins
chá#ss
taklaka̱#alongside
í-#1PI
ano̱poli#speak,.say,.talk -t#PART
-ako̱#CON:AC
ittanówa#walk.together
okla#people
kanohmi#how
-ano#ACC:TOP
okla#people
iya#go
okmanána#WHATEVER.KIND.OF
okla#people
achokma#good -ána#POT
anóti#again
-hósh#PART:SS
pí#just
chokka#house
kotcha#go.outside.
yohmi#do.so,.to.happen -h#TNS
wishakchi#tip
shippa#evaporate
nani#fish
katimma#which -k#LOC
m#that -ako̱#CON:AC
m#that -ako̱#CON:AC
hopóni#cook.
nánakma̱#anything
ittatoklo#be:together.as.a.couple.or.married
nána#something
alla#child
isht#ins
-ya̱#ACC
fokáli#approximately -h#TNS
hattak#husband
anóti#again
at#subject:marker
okla#people
ish-#YOU
okla.áyásha#COMMUNITY
hi#be -hma̱#WHEN
anóti#again
to̱ksalí#work. -chi#CAUS -h#TNS
m#that -ako̱#CON:AC
m#that -ako̱#CON:AC
ano̱poli#speak,.say,.talk -t#PART
áchih#say.
hokchi#plant. -h#TNS
-ak#LOC
ish-#YOU
í-#1PI
yohmi#do.so,.to.happen -h#TNS
am#1sIII
kíyo#no
alhíha#group
iya#begin:to -t#PART
iyá#go -li#1SI
ilhkóli#go.(of.three.or.more).
ná#something
ikhaná#learn -li#1SI -hmat#WHEN
yohmi#do.so,.to.happen -h#TNS
a̱#1sIII
-ato#NOM2
hash-#2PI
hash-#2PI
okla#people
ít#toward
kíyo#no
ish-#YOU
bilásapi#sugarcane
yakni#land
bók.chito#BOGUE.CHITTO
il-#1PI
takla#near.to
í-#1PI
a̱#1sIII
-ato#NOM2
-ya̱#ACC
ná#something
hash-#2PI
okla#people
táhli#finish:ygr
-ya̱#ACC
chokka#house
nána#something
-ato#NOM2
nani#fish
m#that -ako̱#CON:AC
alhlhi#edge
pí#just
másh#that.one
a̱tta#exist.(of.one) -li#1SI
aha̱shwa#stay.at,.live.at.(of.two) -kma̱#IRR:DS
il-#1PI
hót#look.for
hót#look.for
okla#people
ish-#YOU
illi#die.
ikhana#learn
yohmi#do.so,.to.happen
il-#1PI
okla#people
isht#ins
tahli#finish. -li#1SI -ttók#REM.PAST
alla#child
-ya̱#ACC
-ato#NOM2
a̱h#yes
oshta#four -kma̱#IRR:DS
ma̱ya#exist.(of.three.or.more).
akkíya#go:down -t#PART
afammi#year
hokchi#plant. -ttók#REM.PAST -o̱#Q
shippa#evaporate
okmanána#WHATEVER.KIND.OF
am#1sIII
í-#1PI
kanómi#be:some:amount -kma̱#IRR:DS
chá#ss
kotchi#get.out,.take.out -tok#PST
faláma#return -t#PART
-ya̱#ACC
il-#1PI
-ako̱#CON:AC
ahóch#find. -ahí#IRR2
hi#be -hma̱#WHEN
iti#wood
ilhkóli#go.(of.three.or.more).
kani#somewhere
í-#1PI
hapi̱-#1MPIII
a̱#1sIII
bók.chito#BOGUE.CHITTO
nána#something
am#1sIII
ahwa#think.(perhaps),.to.reckon -h#TNS
pí#just
holisso.ápisa#SCHOOL
abóha#room
-ka̱#COMP:DS
ohóyo#woman
am#1sIII
katimma#which -k#LOC
nátah#what?
hi#be -hma̱#WHEN
ittika̱chi#be:separated.(as.a.man.and.wife). -ttók#REM.PAST
ish-#YOU
ish-#YOU
yohmi#do.so,.to.happen -h#TNS
-hátoko̱#BECAUSE:DS
ikka̱na#understand,.to.know -li#1SI -h#TNS
malhlhih#indeed
pí#just
-ano#ACC:TOP
faláma#return -t#PART
tík#female
himak.nittak#TODAY,.THIS.DAY
okla#people
il-#1PI
ikka̱na#understand,.to.know -li#1SI -h#TNS
hapim-#1MPIII
okla#people
pí#just
kati#thorn
okla#people
tahli#finish. -ttók#REM.PAST
pa#here,.this -aki̱li#OWN -h#TNS
-ak#LOC
-ka̱#COMP:DS
áchih#say.
í-#1PI
chá#ss
m#that -ako̱#CON:AC
katash#who
a̱sha#be:(of.three.or.more)
chohmi#kind:of -ttók#REM.PAST
-oka̱#SINCE:DS
il-#1PI
í-#1PI
afammi#year
to̱ksali#work
am#1sIII
apíla#help,.assist. -h#TNS
oka#water
ikbi#make
kanimma#somewhere
shokshi#watermelon
hokchi#plant. -h#TNS
ahwa#think.(perhaps),.to.reckon -h#TNS
at#subject:marker
ish-#YOU
faláma#return -t#PART
ikka̱na#understand,.to.know -li#1SI -h#TNS
il-#1PI
il-#1PI
iksho#not:exist -hma̱#WHEN
iya#go -kato#COMP:SS
foha#retire -ttók#REM.PAST -o̱#Q
ná#something
osápa#field
bacha̱ya#be:in.a.row
-ako̱#CON:AC
panóla#cotton
ittanówa#walk.together
m#that -ako̱#CON:AC
hachim-#2PIII
hi#be -hma̱#WHEN
ná#something
illi#die. -ttók#REM.PAST
m#that -ako̱#CON:AC
achokma#good -ána#POT
pí#just
anóti#again
ná#something
pí#just
ahwa#think.(perhaps),.to.reckon -h#TNS
chohmi#kind:of -ttók#REM.PAST
chishnáto#you:nom2
ná#something
yohmi#do.so,.to.happen
am#1sIII
kani#somewhere
hapim-#1MPIII
am#1sIII
am#1sIII
chokka#house
yohmi#do.so,.to.happen -h#TNS
í-#1PI
okla#people
il-#1PI
másh#that.one
siy-#1SII á#be -h#TNS
katash#who
-ka̱#COMP:DS
na#and
ohóyo#woman
m#that -ako̱#CON:AC
il-#1PI
alla#child
ná#something
la̱wa#be:many
ish-#YOU
-m#DEM -ato#NOM2
onna#morning
pisa#look -li#1SI -kmat#IRR:SS
hi#be -hma̱#WHEN
iti#wood
áchi#say -l#1SI -áchi̱#IRR -h#TNS
áchih#say.
bash#cut.(with.a.knife,.broken.glass). -t#PART
il-#1PI
-hósh#PART:SS
nána#something
a̱#1sIII
yohmi#do.so,.to.happen
ano̱ti#again
awashli#fry.
pis#look -t#PART
í-#1PI
afammi#year
hi#be -hma̱#WHEN
okmanána#WHATEVER.KIND.OF
il-#1PI
-ak#LOC
ásh#prev
hi#be -hma̱#WHEN
fíhnah#very
alhlhi#edge
il-#1PI
áchih#say.
íshi#get -hma̱#WHEN
a#be -ttók#REM.PAST
kanimmakósh#when:indef
naksika#somewhere:else
mihch#do -ína#CAN -h#TNS
kotcha#go.outside.
ayyásha#reside.(plural.subject) -h#TNS
hokchi#plant. -t#PART
anóti#again
yohmi#do.so,.to.happen -h#TNS
nakfish#younger:sib
-ano#ACC:TOP
m#that -ako̱#CON:AC
chi̱-#2SIII ki#father
alla#child
-ato#NOM2
oklil#we
haklo#hear,.listen
tahli#finish.
-híka#USED:TO -ttók#REM.PAST
hash-#2PI
nánomi#something:happen
hikkiki̱ya#walk.around -h#TNS
okla#people
at#subject:marker
yohmi#do.so,.to.happen -h#TNS
a̱tta#exist.(of.one) -li#1SI -h#TNS
illi#die.
ish-#YOU
ahwa#think.(perhaps),.to.reckon -h#TNS
taná#weave -li#1SI -h#TNS
-kiya#KIND:OF
-ato#NOM2
acho̱li#sew
-ano#ACC:TOP
chishnáto#you:nom2
í-#1PI
ola#far:off
hash-#2PI
hi#be -hma̱#WHEN
hi#be -hma̱#WHEN
chishba#unsure
afammi#year
nátah#what?
ish-#YOU
ano̱poli#speak,.say,.talk
onna#morning
to̱ksali#work
nána#something
at#subject:marker
pí#just
iyá#go -li#1SI
ano̱ti#again
atta#stay,.live.(someplace)
tahli#finish. -kmat#IRR:SS
il-#1PI
am-#1SIII ihaksi#forget
chi̱-#2SIII ki#father
píhi̱sa#see:hn -li#1SI -kmat#IRR:SS
ayína#too,.also
ish-#YOU
ilhkóli#go.(of.three.or.more). -hma̱#WHEN
-ka̱#COMP:DS
ná#something
imma#towards
hash-#2PI
iskitíni#little -ka̱#COMP:DS
yohmi#do.so,.to.happen
hashki#my.mother
m#that -ako̱#CON:AC
ít#toward
ohóyo#woman
ná#something
bacháli#put.(one).in.a.row -h#TNS
nána#something
ayyásha#reside.(plural.subject)
áta̱pa#be:more:than -tok#PST
hi#be -hma̱#WHEN
okmanána#WHATEVER.KIND.OF
ayi̱na#too,.also
okla#people
ish-#YOU
-kiya#KIND:OF
okla#people
-ato#NOM2
hi#be -hma̱#WHEN
ilhkóli#go.(of.three.or.more).
nána#something
siy-#1SII á#be -h#TNS
kiyo#no -kásh#COMP:PREV
okla.áyásha#COMMUNITY
iti#wood
onna#morning
anóti#again
il-#1PI
a̱#1sIII
pilla#distance
ittiwáya#marry -ttók#REM.PAST
ahwa#think.(perhaps),.to.reckon -h#TNS
faláma#return -t#PART
illi#die.
si̱ti#snake
chá#ss
okla#people
nonáchi#bake,.cook
chishnáto#you:nom2
ano̱poli#speak,.say,.talk -h#TNS
-chámo#LONG:AGO
il-#1PI
tahli#finish. -li#1SI -h#TNS
anóti#again
a̱ya#be:here
-ako̱#CON:AC
ish-#YOU
nátah#what?
-bíka#USED:TO -tok#PST
í-#1PI
ish-#YOU
ná#something
ahwa#think.(perhaps),.to.reckon -h#TNS
yakni#land
ish-#YOU
tahli#finish. -ttók#REM.PAST
ásh#prev
ittiwáya#marry -hmat#WHEN
atta#stay,.live.(someplace)
nána#something
tobi#beans
a#be -ttók#REM.PAST
ti.chanalli#WAGON
is-#YOU sa̱-#1SIII
chishki#your:mother
im-#III achokmá#feel.good,.happy -sh#PART:SS
m#that -ako̱#CON:AC
ayína#too,.also
nána#something
osápa#field
hapi̱-#1MPIII
bash#cut.(with.a.knife,.broken.glass). -t#PART
másh#that.one
a̱h#yes
yohmi#do.so,.to.happen -h#TNS
afammi#year
tobi#beans
afammi#year
ta̱kla#before
a̱ya#be:here -li#1SI -ttók#REM.PAST
áchih#say.
chi̱-#2SIII ki#father
isht#ins
hi#be -hma̱#WHEN
hi#be -hma̱#WHEN
á#be -ttók#REM.PAST
a̱#1sIII
ná#something
á#be -ttók#REM.PAST
í-#1PI
chi̱-#2SIII ki#father
panóla#cotton
nakfish#younger:sib
nána#something
nátah#what?
nani#fish
hohchifo#name
il-#1PI
-ano#ACC:TOP
a̱sha#be:(of.three.or.more)
ná#something
ma̱ya#exist.(of.three.or.more).
abohlih#woods
hokchi#plant. -t#PART
hi#be -hma̱#WHEN
yakni#land
okla#people
-ka̱#COMP:DS
hi#be -hma̱#WHEN
ásh#prev
hohchifo#name
-ak#LOC
panóla#cotton
panóla#cotton
ma̱ya#exist.(of.three.or.more). -t#PART
hokchi#plant. -h#TNS
ná#something
pí#just
il-#1PI
to̱ksalí#work. -l#1SI -íchi̱#IRR -kmat#IRR:SS
í-#1PI
áhokchi#garden
ano̱ti#again
ayína#too,.also
másh#that.one
m#that -ako̱#CON:AC
a̱shwa#exist.(of.two)
kiyo#no -t#PART
-ka̱#COMP:DS
ma̱ya#exist.(of.three.or.more).
hash-#2PI
anóti#again
panóla#cotton
okla#people
okla#people
ishit#ins
oshi#son
si̱ti#snake
a̱tta#exist.(of.one) -li#1SI -h#TNS
-ka̱#COMP:DS
-hátoko̱#BECAUSE:DS
at#subject:marker
bilásapi#sugarcane
m#that -ako̱#CON:AC
il-#1PI
-ka̱#COMP:DS
at#subject:marker
ásh#prev
ilhkóli#go.(of.three.or.more).
na#and
chá#ss
bók#creek
makáchi#say. -t#PART
kíyo#no
il-#1PI
ásh#prev
at#subject:marker
il-#1PI
onna#morning
himi̱tta#be:young.(sg..or.pl.).(pl..himittowa)
il-#1PI
hoyo#look.for -t#PART
mitaffi#make.bleed
faláma#return -t#PART
imma#towards
il-#1PI
chohmi#kind:of
ikbi#maker
a̱tta#exist.(of.one) -li#1SI -h#TNS
il-#1PI
hi#be -hma̱#WHEN
ta̱chi#corn
okla#people
kanimma#somewhere
-ak#LOC
-ka̱#COMP:DS
okla#people
bacháya#get.in.a.row.(of.one)
okmanána#WHATEVER.KIND.OF
chishki#your:mother
lha̱kko#be:strong. -t#PART
-ato#NOM2
yaha̱ya#cry. -hma̱#WHEN
isht#ins
okla#people
illi#die. -ttók#REM.PAST
bacháya#get.in.a.row.(of.one)
iti#wood
illi#die.
ayyásha#reside.(plural.subject)
to̱ksali#work
ta̱chi#corn
ish-#YOU
-ka̱#COMP:DS
ohóyo#woman
okla#people
a̱#1sIII
ilhkóli#go.(of.three.or.more). -kmat#IRR:SS
ish-#YOU
a̱sha#be:(of.three.or.more)
ahwa#think.(perhaps),.to.reckon -h#TNS
áhokchi#garden
okla#people
afammi#year
-ka̱#COMP:DS
yohmi#do.so,.to.happen -h#TNS
sa-#1SII shki#mother
a̱#1sIII
faláma#return -t#PART
okla#people
oshta#four
ayyásha#reside.(plural.subject) -h#TNS
ahíka#DEBT
í-#1PI
isht#ins
hokchi#plant. -h#TNS
a̱sha#be:(of.three.or.more)
nani#fish
ish-#YOU
cho̱pa#buy.
ná#something
pí#just
ikkaná#learn -li#1SI -h#TNS
iskitíni#little -ka̱#COMP:DS
ma̱ya#exist.(of.three.or.more).
okl#people
mi̱ti#come
a̱#1sIII
-m#DEM -ato#NOM2
a#be -ttók#REM.PAST
-ak#LOC
ayyówah#pick.up.(off.the.ground).
ásh#prev
ano̱ti#again
banna#want -hma#WHEN
osápa#field
kanimma#somewhere
pa#here,.this -aki̱li#OWN -h#TNS
nána#something
il-#1PI
chíkosi.alhlhi.ka̱#FOR.A.LITTLE.WHILE
ma̱ya#exist.(of.three.or.more).
alla#child
chishnáto#you:nom2
chokka#house
okla#people
am#1sIII
-ako̱#CON:AC
ikka̱na#understand,.to.know
ish-#YOU
ittiyápishi#sibling
nátah#what?
pí#just
-hátoko̱#BECAUSE:DS
pí#just
anóti#again
tahli#finish.
anóti#again
iya#go
ittonáchi#arrive:du -hma̱#WHEN
a#be -ttók#REM.PAST
okla#people
hilha#dancer
chokka#house
il-#1PI
hikkiki̱ya#walk.around -h#TNS
banna#want -kma̱#IRR:DS
komóta#be:fearful.
okla#people
na#and
taná#weave -li#1SI -h#TNS