vzmipem
tewa
dötü ==de
sade
sâ-
tü- oti ate -mü
joseph
aijz
më
tötingö
tö- na- ngi ==pe -u
ä
mnâ -ti -o -mü ==gö
të- ö- pi -bë
nâ
bia
dâkölëde
ö- pi -bë ==le
ya -ne ëvë ==kö
kä..
më
tö- në- mâ ==pe ==lö -u
- ökalë -mü ==ngü
nimu
kâ
nim
tü wz -ngö ==gö
olvë -lcpwz
vo -mü ==o
nâdö
nzmu-krde.lc
kä..
na- okatö ==ä
mölë
tü- mnâ
eu
kä..
kai
kâ
lö
ö- pi -bo
nöa
lâsu kä.. lvâ
tö- dwa -tö ==amu -u
möka
kä..
kâ
tü- vë -mi -tö ==pe -bë ==le
pöla
kâ
kio
a'
kä..
tö- öblä pwë -u
të- vë ==pe
bot
nâboi
ngö
nâte ==de
böma
du
vo ==ä
ëlwë
köka' -ne pwë ==kö
takitö -tä pwë
yököpä -bo
në- mwa -kö ==gö
kâ
ä
sâ-
da
më
kä.. etu
köa- li
kâ
kä.. etu
dötü ==de
lëbü
kâ
amölä
pötë
tü- ya -ngö kai - ==kö
george
kä.. - ela ==ng
- mnâ -tä ==pe pwë
ä
rum
ëbü
nyë ==dö
nölâkäbü
tü- ya -pä ==pe -bë ==
bagö
naü mü ==nge
olvë
kâ
- tü
ngi -tä ==
dötwö ==dö
ena
ölilö
köa- li
nea
nar
japan
tömâtu
döka'
nyë ==gö
mölâ
fiu
kä.. etu
a'
meöikol
metalo
pöla
mzdxmingr
ngö
ä
tü- vë ==pe -mü ==o
më
sâ-
ngö
kâ
më
kä..
tö- ayrkrpx -bo -u
ä
a'
sâ ==nge
në- ngini -kö ==de
tulzgi
obü -o -mü ==ä
ä
niu.yiz
mëli
ngö
tömâtu
tenaru
kä..
kâ
- mâ ==tö
kâ
nâblo
kâ
bq
lâsu
nakatxlzpemcle
mr
në- mwa -kö ==de
kä..
kapli
la
kâ
yëlu -mü ==gö
pawa
vë -bë ==kö
nomrz~ngrde
lcsu.r.vea
kâng
peto
nâ
da
na- mnâ kapü -lë -ngö -mü ==amu
nâblo
nigö
lâsu
më
ä
më
mu ==le
taea
na- ökalë ==pe -mü ==
peto
vaol
dötü ==de
skul
lö
nouöla
më
eu
sâ-
këu
më
sevenoklck
etu -tä ëlwë -ngö
ö
pi -bë
më
më
nyz'
na- kölë ==ü
mëli
wü
më
pi -tä -mü ==le
ëbë
ni- ==nge
sâ-
seleng
dâkölëde
mëli
ëbë
kä.. topwë
kâng
në- dwa -tö -kö ==de
kâ
ä
nâdö
të- apu ==lö
tö- vo -ngö -mü =mc -u
kä..
kru
kâ
bë -ti ==pe ==de
kâ
kopuria
mou
manyzkxnzyagoxng
tewa
leu
nztutrpz
tü- olväti ate ==le
nâbö
külu
ä
kä.. töka
këdü
të- mrge ==pe ==ng
mëtea
nâblo
saemon
kä..
ä
mzli.r.vea
ä
kä..
ngölö -ti -tä -lë ==ä
nide
kä..
yâ
kâng
më
nâbö
tu -ti
kä..
e
olvi
ötangö ==
dü
lälvö -ki -mü ==le
dötü ==de
kio
ä
ngö ==de
ngölä -tä -o ==
meöikol
kâ
nâblo
në- mnâ -kö ==gö
temë
ni- ==nge
ba- ==de
në- twë -tö -kö
ölilö
kâ
më
kâ
yökö -pä -bë ==le
këdü
kölâ
kä..
ö ==nge
tö- ni ==ka -mü ==le
kabxle
mëtea
mzdealwx
tü- pnz' ==pe ==le
profesz
nrngx
sâ-
dölë ==dö -ngü
në- vë -nüblü ==pe -kö ==de
ä
nzetu-krdr
më
- älö -bë
ba- ==nge
dalö
nar
tü- öpwämë
mölâde
mölâ
luekäpië
më
sâ-
kä..
tü- vo ==
kâ
në- ö- pnz' -
öda
yië
nabä
më
tü- vë -ki ==le
në- ö- kë -ngö
të- kuki -ngö ==dö
känëalvëtöng
këble -ngü
tü- yöni ==pe ==ä
bia
tü- ngi ==pe
këdü
samwi
të- lolvë ==pe ==lö
nounâ
tqalulvetipex
më
tü- wai ==pe ==ä
ngö
kölë -bë ==le
doa
kâ
müngö
më
ö- pi -bë
nâblo
- pnz' -bë ==lö
vo -mü ==o
kä..
ngi
këdü
nabä ==de
gari
më
tü- kuki ==pe -ngö ==ne
në- wü -kö ==de
yië
e
na- twë -bë ==lö
tü- vë ==pe kë ==ä
luga
pöla
yëlu -mü
ka
satqkxbzle
lâsu
kä..
madäi
kâng ==pe
amölä
ne -tä -pä == ==ä
më
nanö
të- ö- pi -bë
bwzng
ä
lâde
ä
kâng
nidö
dâ
vo -pä -bë ==kö
ä
eroplen
më
këdü
tü- ö- pi ==pe -bë ==le
a'
dapu
- ya -bë ==ng
në- mnâ -kö ==gö
tresapxka
nua'mu
olvë
na- akxlr -ngö
gëpman
dötü ==nge
yië
kä..
narnztilolx
gresosa.bei
sâ-
tü- alvâ -tö -lëbü ==pe
kâ
kru
më
dcdrade
kâ
wü
nidö
be
kä..
dese
da
kâ
mr
ö- glü ==kö
nâblo
më
ngö
inglan
töte ==nge
- ö- ka -bë
kosi
tökö âlu -u
tü- alvë -pä ==pe ==ä
ö- pi -mü ==le
skul
delâ
mwe
yëu -tö ==pe
ngö
kâ
kai
nide
kölë -mü ==le
këdü
dëtu
në- ötangö -ti -kö ==gö
volz
tü- dwa -tö ==pe ==kö
sâ-
tü- awökätö ==pe ==le
më
kâng
menabz
kâ
nesol
- ne ==pe ==ng
kâ
kâng
löpëu
lemwzlo
inglis
ëbü
pokia -bë ==kö
kâng
kä..
sâ-
mövö -ti ==pe
nidö
tü- vë -ngö -mü
köa- li
ni- ==nge
ëlwë
më
dalö
tqyrlope~alzule
vë ==ne
nzmnq
- ö- pi -lë -mü ==lö
ëbë
tü- kaputö ==pe kë -
köa- li
mëli
të- atwëlö mou ==lö
në- wë -ngö
da
yë
lâde
lâde
nöa
nzvo~krnge
ä
më
doa
pawa
ne ==de
nila
tü- vë ==pe ==ä
peto
mailë ==le
pu
trpaliki
kä..
dötü ==gö
kâ
ä
më
na- vë -mi -bë ==le
döka'
ne ==dö
mölä ==nge
në- mnâ -kö ==gö
mëli
më
lue
kä.. külu
na- atwëlö -ngö ==gö
më ==te
kä..
merikz
ngxelekrmkc
pu
sâ-
bëkü
nëöyöngö
ka -bo
asdikon
këdung
më
- ataki
niu
kä.. - yagoä ==ngü
a'
natqgu
mancu
nzrtekqtrngr
më
seleng
më
këdu
yâ -ti -tä -pwz ==le
mëtea
më
na- vo -bë ==kö
kâng
tü- wxliki -tä -pä
mëli
mwa -ti ==pe
makätö
kâng
möka
ba- ==de
kä..
kâng
kâ
ni- ==nge
nölaö
maboi
kä..
mq ==de
sâ-
lopöta
lâng
nëmu
kâ
më
olvë
nüvi
sâ-
nölâ
kölë ==pe -bë ==kö
etu -ne -pä
dëbe
më
pöla
trnginyu
- angio
nayrpungr
kru
ö- pnz' ==pe
mzneyagwengrkc
tzyrkqlvztxlzpe~pwzlr
töte ==nge
mr
ä
satqlvebuping
lâsu
tö- vë -u
lâsu
kä..
pna -ti -bë ==kö
tabâ ëvë ==kö
skul
na- ö- twë -o -bë
kä..
dötâ'
agë
doa
të- mnâ ==pe ==ng
natü
mou
të- vë ==pe ==ng
tö- mâ ==ä -u
tzsiu
ä
kä..
të- ayo -ti
ä
doa
tü- ö- mâ -ti ==pe ==ä
skul
më
samwel
sâ-
kölëu
kâ
nyë ==de
meya
kë
a'
köos
ma
blang
në- ani -tä pwë
nâblo
matemz
kätö
lâde
a- tu -bä -lë ==le
më
kai
lâde pwë
kölë -bë ==le
oti -tä ==ne
të- läküti -o
a'
sosaeti
a'
nigö
ä
ö ==de
mökâ
mëli
nöë
kâ
ëbü
tölipu
ni- ==nge
amnrpqti~moq
ncnqmz
nëwö ==de
lö
lâng
da
sop
kâ
toki
kä..
tqrpi~rn
doa
të- dwa ==pe ==ng
olvë
ba- ==de
ä
dëtu ==dö
ngö
töpnëngö
kä..
ä
ä
austrelia
mebqnr
sâ-
dakealele
mökâ
sâ-
ycom
naesz'
amölä
kâ
täpwë
ä
kâ
kä..
ëyagoä
waelas
kä..
kämu
nzrkrlzti~angidr
më
ëlwë
ngö ==dö
nagu
ä
nöâ
müngö
bq
lö
tü- vë -tö ==pe ==kö
ö
sâ-
köa- pwä
më
ëbü
këdü
ba- ==mü
na- esë'ti kë -mü
sâ-
në- ö- lë -kö ==gö
a- yëlu -mü ==le
kä..
nigö
awi -tä -ngö -bë ==kö
ö- pi -bë ==le
nakatxpx
tü- yölü -o -bo
kâ
tü- do -tö ==be
yië
menabz
më
vë
nâblo
tenru
ä
vë -bë ==kö
më
kölâng
ö ==gö
tü- pi ==pe -ngö -bo ==le
mrge ==amu
trklae
nëwö ==de
më
nea
të- ötâtä -ngö
pöla
peto
sâ ==dö
- vë -ngö -mü ==lö
banyapu
bona
amölä
ëbë
kâ
të- kuki ==ng
ngö ==de
kâ
të- lvâ -mü ==lö
dzbede
töpnëngö
kä..
tü- mnâ -ngö ==ne
tü- a- yëlu ate ==le
animol
këdü
tü- älö ==pe ==ä
të- pi ==pe -bë ==lö
mwi ==kö
na- mnâ kapü -ngö
- ale ==lö
nâbö
topla
are
të- mnâ -tä ==pe ==ng
rmu
mökâ
tü- mëblü -pä -mü =NULL
mëlwe ==de -ngü
ëbë
katkis
tü- mwi -ngö ==gö
kä..
lâng
kä.. ötâ
ö- pi -bë ==le
ä
kâ
kölë -bë ==le
ö
vanuatu
skul
kä..
tinipwru
sâ-
narnztilolx
në- köka' -kö ==de
möka
ä
japan
yö -o ==le
nepu
vöi
kâng
brenda
tü- öpi ==pe
mista
papua
mëli
nyë
kâ
kä..
siota
kä..
skul
dötü ==de
mökâ
ä
ba- ==nge
nqesa'
ö- pi ==le
doa
nöpakämölë
më
skul
nidö
naim
tü- vo -ngö ==gö
trmctu.nemya
a'
nümü
amölä
mou
ä
nzrla~krm
ä
nea
kölë -bë ==le
tü- köka' -ngö ==gö
kâ
dëbe
tü- melë ==pe mou -mü ==
kölë -bë ==le
yië
lâdeng
kxmrlz
- prtz mou -mü ==ngü
sâ-
- tu -lë -mü
sâ ==de
ä
kâ
tü- yöni ==pe ==
vöi
në- längiti -kö ==de
rum
kâ
o -mi
sâ-
ëbü
gât
ö- pi -bo
skul
na- okatö -ngö ==de
twë -tö ==le
kä..
nrklztikz
kä..
sâ-
tqpnz'
sâ-
këdü
löpëki
etu
klas
vë ==ä
dalö
doa
sâ-
kä.. möna
nabzlue
këdü
mq ==nge
na- a- bö -tö -bë ==ku
në- äpe -ngö
luekäpië
sâ ==gö
mëli
ba- ==nge
lâde
ä
kâ
ma
mwelr -tä -zlwz ==kö
lö
ö- ni ==pe ==ä
tü- mnâ -ngö ==de
këdü
ninë
mölë ==pe
më
nzrtekqtrngr
töte ==nge
nëelangö
löpëki
ä
narnztilolx
kâ
më
më
mou
mnâ pwë ==kö
nölaö
këdü
dötwö ==de
në- o -tö -ngö
a- ö- pna -tä -o -bo
doa
sâ-
ngö ==de
nölâ
më tu ==pe
mü
nya
neo
incne
- a- töka -ti
- zpqtr ==lö
vë ==le
nabzn
tulë -mü ==gö
na- pi -bë ==kö
bisop
nëökölëngö
akanipua
luli esë'ngö
këdü
lâsu
peto
më
kctiini
më
mötwë'
më
ä
ä
eu
temë
ä
loki
lâsu
ba- ==de
ä
jenwzri
na- bë ==pe -ngö ==gö
lolvë -o ==amu
sâ-
bcde
në- vë kë ==ng
në- yölwö -tö -kö -bë ==lö
fiu
në- yöle -kö ==de
nar
yië
kâ
nâ
da
mnâ ==ä
kâ
nigö
tö- löpö ==kö -u
kâma
sâ-
kâ
në- o -ëli -o -kö ==gö
tealo
ä
maluu
letë
ngö
kâ
- tabö
kä..
këdü
në- wü ëvë -kö
rum
më
lö
kë
mou
ëbë
- külu ==pe ==ngü
lâde pwë
na- ka -bo
kä..
kä..
känëakölë
mëtea
në- sikapu -kö ==de
mëli
më
- ö- pi -mü ==lö
tü- dwa -o
mëli
veronika
mölâde
auki
narnztilolx
kxayo
sade
nim
bongavë
mëli
të- wökätö ==pe ==ngü
kä.. esë'
nibö ==de
nëyâmnengö
neke
lâng
bute'
waea
vo -mü
ma -ti -ne -tö
në- pötë -kö -bë ==lö
mëtea
töpnëngö
kâng
lipz.kzbzni
ä
bq
tewa
kä.. në- siklu ==ng
amnü -tä -tö -bo
sâ-
menabz
meöikol
nim
sâ ==de
ä
mzpe
pauabu
makätö
ä
pöla
kä.. po
ëbü
a'
kä..
peto
këdü
narnztilolx
ä
ëbë
nigö
nigö
kâ
kxetu
tabao
tü- pi -ti ==kö
më.nibö
nëöyöngökätö
buk
töau
më
kâ
të- vë ==pe kai ==ng
ä
alvâ -ne -lëbü -bë ==kö
spoöt
jun
a'
kä..
më
mcx
pripekt
bokapwr
na- ngelu -ne -ngö ==dö
ä
yië
ilovz
ma
më
baengr
mnâ -tä -o pwz
ö ==de
na- vë -ngö
tqmclq
bolen
fiu
kä..
nzpnu~li~nrade~li
lika
käakölë
nyë
ngö ==de
më
annie
të- pnë -lëbü -ngö
tü- obü -tö ==pe
- ne -mi ==lö
kio
meesopxngrnrla
dötü ==dö
sâ-
kâng
ä
ä
kxnz
nigö
peto
kölë -mü ==le
kâ
më
kio
kâng
kölâng
këdung
na- lalëtü -bë ==ku
sade
na- längiti -ku
kâ
oti ==le
ä
kämu
na- yököpä -kö ==nge
ba- ==nge
më
vë -pä -bë ==kö
nölanâ
kâ
nigö
jon
nyë ==dö
etu -lë -m
kâ
kä..
në- a- yölwö -pä -lxblr -kö ==gö
kä.. plâ
kä.. - etu
ka
skul
idxwq
tqayzprope~moq
këdü
më
tö- ni -mü ==gö -u
plâ -ti -tä läblö ==pe
vë -mi -mü
nabë.nepi
skul
më
nölâkäbü ==pe
ä
sâ-
tü- vë ==pe -bë ==
sâ-
bo
në- katx -kö -bë ==le
ngxwe
- okatö kë -pq ==lö
më
vo ==ä
kxpipz -ne
ngö
na- aenëli kai ==kö
nigö
ngö ==dö
më
dakänëng
më
kru
metalo
dötü ==de
lni
kâ
sâ-
kä..
sâ-
nua'mu
më
kâ
tü- ö- pi ==pe -mü
tü- bao ==pe
ëbü
ö ==gö
ä
kä..
töau
ba- ==de
kâ
kä..
mökâ
tü- vë -nüblü -ne ==ne
më
mncnqweng
wiki
nëöyöngö
tü- vë -ngö ==gö
a'
kä..
- okatö kë -pq ==lö
ba- ==de
ä
më
inwe ==nge
kâ
kä..
mölë
mrlem
kio
boo
tö- kölë ==le -u
tü- kaputö -ngö -bë
kä..
töpengö
mëtea
kä..
ä
kä..
a
kâng
më
nëwö ==de
më
tü- pnë
tznbol
ni- ==nge
töte
kâ
nöpakämölë
nëlu
mëtea
yië
maletr ==pe ==ä
lâde
ni- ==nge
na- kü -tä -o -mü
metalo
ä
tqyrlqo
nëöyöngö
nyë
ö- yö ==kö
öaes
më
kä.. külu
ä
tqkzpe
na- mölë ==
- mnâ ==ngü
menabz
lâsu
yökö -pä -bë ==
akes
mökâ
tü- mnâ -ngö ==gö
sâ-
në- ö- plx -kö ==dö
në- vë -ngö
më
mëli
bö -ti tä
ö- pi ==le
bagö
a- mwi -ti -tä pwë ==le
tzkabong
alvëtö -ngö ==ne
ä
öblä
kâ
këdu
nigö
në- bao -kö ==de
më
kölë -mü ==le
dötwö ==dö
kölâ
më
nidö
na- vë -mi ==pe ==ä
nou ==de
döka'
- dwasë ==dö
dela
nâdö
në- tekütö -kö ==nge
tü- pnz' ==le
nyë ==dö
më
më
të- mwi -pä -ngö -mü ==lö
- pna -ti ==lö
dötwö ==nge ==le
merikz
nyë ==de
ne ==nge -ngü
mökâ
nëlu
në- wë -kö
ngö
japan
kâ
- zpqtr ==lö
da
në- mënö -kö ==dö
kâ
tömâtu
na- o -ki ==lö
ne
lö
në- a- mu kä.. tö -kö ==de
në- wz läblö -kö ==gö
ngö ==de
bwapc
kä..
maravovo
lö ==de
skul
ngö
da
twzamu
dalö
nëlu
- ötâ -o -lëbü ==ng
ä
lâng
këdü
mâ ==te
yölë -o ==
sokz
sâ-
külu
nëlu
natü ==nge
ma
maki
lrlvz
skul
sâ-
ituku
ni- ==nge
në- a- vë -kö -mü ==le
trnginyu
mölë
delape
tu -mü
vë -pä -mü ==le
nâboi
nike
da
tü- ale ==le
doa
gü
sâ-
tü- kipo ==pe ==
japan
nibö ==de
bongavë
ngö
yöni ==pe
ä
mepë
më
ötâ -lë -ngö ==de
ä
të- yâmne -tö ==pe -ngö ==dö
da
täpwë
ä
e
- ötöngö -ti alëu pwë ==lö
gât
kâ
ä
ä
kä.. külu
më
më
nzasungr
bq
kâ
kä..
në- atubü -ti -kö ==dö
ngö
lö
pawa
meya
tü- atwëlö ==pe
yâ -nöbalü
mëli
naim
ne ==de
të- a- möbö -tö ==lö
tü- ama ==pe
da
të- mnâ -ne ==be ==ng
sâ-
ma
sâ-
kä..
mâ mou ==kö
më.nibö
më
ölilö ==gö
kä.. külu
ö
nâblo
ä
ä
kâ
tö- boi -u
nidö
në- alvëtö -ngö
ulu
natü
nâblo
sâ-
ä
tü- amölë
doa
a'
kâ
ëyagoä
ba- ==nge
tü- ngi
më
nöwä
në- vë -dë -kö ==de
bqkq
- yö -bë
sâ-
kâ
kölë -mü ==le
këte ==de -ngü
- amâ -ti
nâ
më
möbö ==pe
esë' -ti
nelâ
mökâ
në- oliü -kö
ami
odati
na- vë -dë ==kö
ä
tü- mölë ==pe ==
äplö
nâ
lâsu kä.. lvâ
lemwzlo
kä..
të
nüni
lëbü
kölë -bo
ä
kä..
pöla
kâng
balo
lö ==dö
ninë
mama
sâ-
mznzmipc'
belenga
tü- ö- pi ==pe -bo
tü- pë ==le
blri ö ==de
lö
më
nzatuongr
kâng
a'
- vo -mü ==ng
ö- pi -bë ==le
mâ ==ä
në- veâ ==kö
mökâ
nepa'
luga
të- vë ==pe mou ==ng
ä
mëli
lâde
mölë
möka
ma
dötwö ==dö
xpule
- äpe ==pe -mü
mëtea
mölâ
george
da
ngö
ä
sâ ==gö
tü- yagoä ==pe ==
ne ==dö
kâ
ä
kë
banyapu
nyë
da
tenru
më
kä..
kâng
në- wë -ngö
pnz' mou ==le
nzdo -pä
kâ
newë
ö ==gö
ä
- apä -ngö
nëökölëngö
kä..
nuz'
mrkang
kä..
na- ka -bë
ä
nibö ==nge
tö- suti -u
kâng
në- öla -lë -kö ==gö
mökâ
nemya'
be.nyz.bq
- vë ==ng
kai
kâma
ni- ==nge
kâng
pawa