eyes
small
3PL.P. to
at:AR
really
person
FOC
AR.S:Ø.PFV:Ø. be:IPV
where
village
here
TERM. IT. INDF:3SG.S:INC. QUAL:AA.IPV:L. sneak:IPV:NOM
AR.S. think:IPV
that
3SG
GIRL
tent
and
white.winged.scoter
and
from
finally
1PL.O. 3PL.S. INC:DH.PFV:Ø. handle.PL.O:PFV
MED. outside:PNCT
for
creek
now
OUT. N.PFV:2SG.S:Ø. SG.go:PFV
finally
ADVZR
3SG
IT. 3SG.S:INC:Ø.IPV:D. be:IPV:CUST
ADVZR
ADMIR. 3PL.S>3SG.P. QUAL:DH.PFV:H. be.burning:IPV
3PL.S. N.PFV:Ø. PL.go:PFV
and
3SG.S>3SG.P. Ø.IPV:H. say:IPV
3PL.S:Ø.IPV:D. do:IPV:NEG
Ø.IPV:1SG.S:Ø. cry:IPV
only
NEGEX
REFL.PSR. mother
ADVZR
AND.THEN
3SG.S>3SG.P. Ø.IPV:H. say:IPV
this
3PL.P. away.from
ADVZR
1SG.P. following
how
and
GIRL
earth
still
3PL.S:Ø.IPV:H. do:IPV:CUST
AR.S:Ø.PFV:Ø. be.big:IPV
creek
the.way
AR.S:Ø.PFV:Ø. be:IPV
finally
1SG.PSR. grandmother
tracks
what
ADVZR
still
REFL.PSR. mother
AND.THEN
lake
also
village
ADVZR
3PL.P. for
ADVZR
AWAY. 3PL.S. INDF.S:QUAL:DH.PFV:L. SG.go:PFV
ball
away.from
3SG.S:Ø.IPV:H. say:IPV
also
1PL
on
3PL.S>3SG.P. PP. QUAL:DH.PFV:D. fail:PFV
1SG.P. for
and
1PL.S:INC:Ø.IPV:Ø. PL.go:IPV:CUST
also
those
IT. N.PFV:1SG.S:D. SG.go:PFV
TERM. IT. 3PL.S>3PL.O. QUAL:DH.PFV:L. handle.PL.O:IPV:CUST
all.long
1SG.P. 3SG.S:Ø.IPV:H. say:IPV
3SG.S:QUAL:DH.PFV:H. handle.AO:PFV
3SG.S>3SG.P. Ø.IPV:H. say:IPV
three
REFL.PSR. head
moose
and
finally
3PL.PSR. mother
ASRT
tree.stump
NTRL. across:PNCT
at:AR
still
CONT. 3SG.S:QUAL:Ø.IPV:L. tell.story:IPV:CUST
what
duck
INDF.O. QUAL:DH.PFV:2SG.S:H. thrust.O:PFV
one
trail
child
that
ON. 3SG.S>3SG.O. INC:DH.PFV:H. handle.PL.O:PFV
ADVZR
ADVZR
3SG
what
for
PRMB. see:IPV get.dark:PFV
PRMB. 3SG.S:QUAL:Ø.IPV:L. tell.story:IPV
3SG
3SG
3PL.PSR. grandfather
well
3SG.S>3SG.P. with
3SG.O. NEGEX
in
NTRL. down:ABL
around
QUAL:OPT:2SG.S:Ø. do:OPT
3SG.S>3SG.P. Ø.IPV:H. say:IPV
CONT. I.PFV:Ø. SG:stand:IPV
3SG
spruce.roots
1SG.PSR. husband
suddenly
old.man
NTRL. up:AR
still
where
3SG
and
IT. 3PL.O. 1PL.S:Ø.IPV:H. make.SG.O:PFV
eyes
say:IPV
2SG.PSR. maternal.uncle
mountain
3SG.S:Ø.IPV:H. holler:IPV
PRMB. WEAPON. INDF.O:3PL.S. INC:Ø.IPV:Ø. handle.LRO:IPV:CUST
big
UP. 3SG.S:DH.PFV:Ø. SG.sit:IPV
NEG
and
and
1SG
AND.THEN
and
3PL.S:Ø.IPV:Ø. know:IPV:NEG
3SG.S:INC:AA.IPV:Ø. be:FUT
the.way
hill
3SG.S>3SG.P. Ø.IPV:H. say:IPV
3PL.PSR. hearing
2PL.P. for
3PL.S. CON:Ø.IPV:Ø. be.alive:IPV:NOM
one
3SG.S:DH.PFV:Ø. SG.sleep:IPV
CON. INDF.O. 3SG.S:Ø.IPV:L. eat:IPV
FOC
to
at:AR
?. QUAL:AA.PFV:1SG.S:Ø. handle.CO:PFV
3SG
bow
hail
YAMAAGN.TEESHYAAY
3SG.P. QUAL:Ø.IPV:1SG.S:Ø. say:IPV
NTRL. down:AR
CT
CONT. AA.IPV:1SG.S:Ø. SG.go:IPV:CUST
PRMB. 3PL.S. INC:Ø.IPV:H. flaunt:IPV:CUST
1PL.S:INC:AA.IPV:Ø. do:FUT:NEG
and
say:IPV
for
3SG.S:Ø.IPV:L. appear:IPV:NOM
OPT:1SG.S:D. drink:OPT
OUT. 3PL.S:Ø.IPV:Ø. SG.go:IPV:CUST:NOM
3PL.P. INC. N.IPV:2SG.S. pray:IPV:NOM
INDF.O. 3SG.S:QUAL:DH.PFV:H. kill.SG.O:PFV
2SG.PSR. mother
different
ADVZR
1SG.PSR. grandmother
meat
trail
AND.THEN
trail
3SG
children
from
what
OUT:AWAY 1PL.S:Ø.IPV:Ø. handle.PL.O:IPV:NEG
1PL.P. PP. AR.S:DH.PFV:Ø. happen:PFV
UP. 3PL.S. QUAL:Ø.IPV:Ø. handle.PL.O:IPV:CUST:NOM
what
3SG.P. PP. 1PL.S. QUAL:DH.PFV:L. be.scared:IPV
AND.THEN
give.me
INDF:3SG.S:INC. QUAL:DH.PFV:L. hide:PFV
1SG.PSR. grandmother
bugs
IT. INC:QUAL:DH.PFV:D. PL.go:PFV
AND
TERM. IT. 1PL.S:INC:Ø.IPV:D. PL.go:IPV:CUST
last
3SG
NEG
3SG
1PL.P. following
3PL.PSR. father
3SG.S:DH.PFV:Ø. say:IPV:CUST
say:IPV
1SG.PSR. foot
to
3PL.S>3PL.P. with
1SG.O. N.IPV:2SG.S:Ø. PL.animal.moves:IPV:PROG
meat
if
across
grandmother
3PL.S:QUAL:DH.PFV:L. PL.stay:IPV:NOM
ADVZR
get.ready
willow
really
here
PRMB. down:ALL
3SG.PSR. mother
AND.THEN
well
3PL.S:AA.IPV:Ø. PL.go:IPV:PROG:NOM
finally
INTO.FIRE TO. 3SG.S>3SG.O. QUAL:AA.PFV:Ø. handle.OOC:PFV
at:AR
INDF.PSR. 3SG.S:AA.IPV:Ø. stump
and
and
rope
3PL.S>3SG.P. 3PL.S:Ø.IPV:D. know:IPV
PROH
PRMB. 3SG.S:INC:Ø.IPV:L. PL.swim:FUT
ADVZR
SHELTER
but
3SG.S:Ø.PFV:Ø. be:IPV:NOM
3SG.S>3SG.P. Ø.IPV:H. say:IPV
3SG.S:Ø.IPV:Ø. cry:IPV
and
TERM. 3PL.S:N.PFV:Ø. PL.go:PFV
1SG.P. HANDING.TO. 3SG.S>3SG.O. 3SG.S:Ø.PFV:Ø. handle.CO:PFV:NOM
NEG
PRMB. INC:OPT:1SG.S. D:SG.go:OPT:CUST:NOM
3SG.S:N.PFV:Ø. flow:IPV
1PL.O. 3PL.S:Ø.IPV:Ø. say:IPV
2PL.P. with
NTRL. up:AR
and
here
3SG
CT
3SG.S:Ø.IPV:H. say:IPV:NOM
ADVZR
RECP.P. among
around
when
here
at:AR
and
1SG.PSR. father
to
1SG.PSR. father
eye
INDF.P. before
sled
here
PRMB. 1PL.S:INC:AA.IPV:D. PL.go:FUT
3SG
again
and
3SG.S>3SG.P. for
fish.trap
rope
move.CO.quickly:PFV
3SG.S>3SG.O. Ø.IPV:H. say:IPV
oh
1SG.P. 3SG.S:Ø.IPV:H. say:IPV
here
3SG
CT
fish.trap
CT
3SG.S>3SG.P. Ø.IPV:H. say:IPV
person
3SG.PSR. name
water
what
ADVZR
3SG.PSR. nose
tent
meat
for
etc.
THERE
when:FUT
and
mountain
at:PNCT
3SG
and
1SG.P. with
who
?. PEJ. NEG.PFV:1SG.S:D. not.know:IPV
trail
3SG.S>3SG.P. Ø.IPV:H. say:IPV
1SG.P. for
1PL.S:Ø.IPV:Ø. make.PL.O:IPV
up:ALL
soup
IT. 1PL.S:INC:OPT:D. PL.go:OPT
duck
children
ADVZR
but
GIRL
rope:POSS
and
when
TERM. Ø.IPV:1SG.S:Ø. SG.go:IPV:CUST:NOM
ADVZR
FOC
PP. 1PL.S:NEG.PFV:D. know:IPV:NOM
thus
ADVZR
old.man
all.long
NEGEX
and
before
IN.CIRCLE. 3SG.S:INC:Ø.IPV:L. SG.run:IPV:CUST
finally
CONT. QUAL:OPT:1SG.S:L. tell.story:IPV:NOM
3SG
small
at:PST
only
3SG.S>3SG.P. Ø.IPV:H. say:IPV
here
PRMB. 3SG.S:INC:OPT. D:SG.go:OPT:CUST:NOM
if
NTRL. ahead:ALL
1SG.O. PP. QUAL:OPT:2SG.S:L. be.scared:OPT
down:ALL
CT
and
3SG
3SG
at
2SG.PSR. mother
when
CARE QUAL:QUAL:Ø.PFV:Ø. when:PST
ADVZR
and
small
QUAL:Ø.IPV:2PL.S:Ø. do:IPV:NOM
APPR
ADVZR
2PL.P. with
in
1SG.O. younger.brother
and
CT
INDF.O. NEGEX
3
if
QUAL:Ø.IPV:2PL.S. handle.LRO:IPV
3SG
ADJC. NTRL. up:AR
3PL.P. PP. 3SG.S:QUAL:DH.PFV:Ø. SG.go.PFV:NOM
3SG.PSR. dog:POSS
at:AR
and
IT. Ø.IPV:1SG.S:Ø. D:SG.go:IPV:CUST
IT. INDF.O. 3PL.S:Ø.IPV:H. bother:IPV
old.man
fire
INDF.PSR. older.sister
INDF.PSR. older.sister
3SG.S>3SG.P. Ø.IPV:H. say:IPV
blanket:POSS
3SG.PSR. eye
3SG.P. for
ADVZR
sympathy
there
shirt
in
fish.trap
THERE
1SG.P. for
grandmother
DUB
QUAL:Ø.PFV:1SG.S:Ø. be:IPV
old.man
and
3SG.S>3SG.P. following
REFL.PSR. tail
and
3SG
3PL.S:DH.PFV:Ø. handle.PL.O:PFV
OUT. AA.PFV:1SG.S:Ø. SG.go:PFV
trail
NTRL. downriver:ALL
about
GIRL
lake:POSS
on
DH.PFV:1SG.S:Ø. SG.stay:IPV:NOM
water
1SG.PSR. mother
small
on
up:ALL
ADVZR
3PL.S>3SG.O. wait.for:IPV
1SG.PSR. maternal.uncle
and
at:PST
IT. Ø.IPV:1SG.S:L. hunt:PFV:NOM
TERM. N.PFV:1SG.S:Ø. SG.go:PFV
3PL.P. with
hereabouts
IT. 3PL.S. QUAL:DH.PFV:L. PL.stay:IPV:CUST
at
CT
1SG.PSR. mother
say:IPV
UP. 3SG.S:DH.PFV:Ø. SG.go:PFV
water.extend:IPV
3PL.O. INC. N.IPV:2SG.S. pray:IPV:NOM
3SG.PSR. eye
NEG
QUAL:I.PFV:1SG.S:H. see:IPV
REFL.PSR. mother
person
GIRL
ADVZR
CT
night
at
and
3SG
tiny
here
3SG
DH.PFV:2PL.S:H. PL.sleep:IPV
NTRL. upriver:AR
here
here
3SG.S>3SG.P. Ø.IPV:H. say:IPV
ADVZR
1SG.PSR. father
UP. Ø.IPV:2SG.S:Ø. SG.go.toilet:IPV
now
3SG.O. NEGEX
tree.stump
3SG.S:AA.PFV:H. be.many:IPV
child
1PL.O. 3PL.S:Ø.IPV:H. bother:IPV:NEG
1PL.P. with
1SG.PSR. grandfather
be.wide:IPV
?. PEJ. 3PL.S:Ø.IPV:D. not.know:IPV
IT. 2SG.O. N.PFV:1SG.S:H. handle.AO:PFV:NOM
like
AND.THEN
small
say:IPV
?. 3PL.S:N.PFV:Ø. PL.go:PFV
ADVZR
NTRL. out:AR
say:IPV
and
also
thus
this
swan
finally
to
without
3PL.S:QUAL:Ø.IPV:D happen:PFV