kâ#ᴅᴇᴍ2.ᴅɪѕᴛ
kä..#ѕᴜʙʀ topwë#little
tü-#Rʟ mnâ#live,.stay -ngö#ᴀᴘᴘʟ ==gö#=1ᴀᴜɢII
në-#ɴᴍʟᴢ1 vë#go -kö#ɴᴍʟᴢ.ᴘᴄFʟ -mü#PᴅiR.HITHER
dapu#piece
ö-#ᴍiᴅ male#hold
bagö#dat=1augII
da#thing
kä..#ѕᴜʙʀ
ni#be ==pe#=ᴄᴏЅ -m#2ᴍiɴII
kä..#ѕᴜʙʀ
tü-#Rʟ mnâ#live,.stay -ngö#ᴀᴘᴘʟ ==gö#=1ᴀᴜɢII
-#3ᴀᴜɢ1 mnâ#be ==ngü#=3ᴀᴜɢIS
tü-#Rʟ pnz'#shoot -bü#FULLY ==pe#=ᴄᴏЅ ==le#=3ᴍiɴIA
yâ#stay -pä#GᴅiR.OUT
nâbö#cross
-#3ᴀᴜɢ1 mnâ#be ==lö#=3ᴀᴜɢIA
ba-#ᴅᴀᴛ ==nge#=1ᴍiɴII
tu#stand -tä#iɴᴛЅ pwë#just
ä#and
amölä#all
ni-#ᴀᴄᴄ ==nge#=1ᴍiɴII
këble#different -ngü#ᴘʟ
do#hang -ne#ᴅЅᴛR -lë#GᴅiR.UP ==pe#=ᴄᴏЅ kë#also -#PᴅiR.YON
zbrlxkz#thirst
ö-#ᴍiᴅ pi#say ==le#=3ᴍiɴIA
më#ᴘʀᴇᴘ
leplë#people
nyë#ᴘᴄFʟ.ʙ&ɢ ==de#=3ᴍiɴII
döka'#demon -ngü#ᴘʟ
töpapa-.(aöâhaiâ)#DOOR
mwelr#fear ==kö#=1ᴀᴜɢI
kë#also
kâ#ᴅᴇᴍ2.ᴅɪѕᴛ
kölë#reach -mü#PᴅiR.HITHER ==le#=3ᴍiɴIA
dötwö#mind ==de#=3ᴍiɴII
pasto#pastor
kä..#ѕᴜʙʀ
mâ#see ==ä#=1ᴍiɴI
në-#ɴᴍʟᴢ1 wë#make -kö#ɴᴍʟᴢ.ᴘᴄFʟ ==de#=3ᴍiɴII
nyë#ᴘᴄFʟ.ʙ&ɢ ==de#=3ᴍiɴII
kölë#know ==ku#=12ᴀᴜɢI
më#ᴘʀᴇᴘ
mëbü#day
më#ᴘʀᴇᴘ
sâ-#ᴘFᴠ
të-#Rʟ.3ᴀᴜɢ ö-#ᴍiᴅ pi#say ==pe#=ᴄᴏЅ ==lö#=3ᴀᴜɢIA
kä..#ѕᴜʙʀ -#3ᴀᴜɢ1 siklu#be.schooled
ä#and
da#thing
tü-#Rʟ ö-#ᴍiᴅ pi#say ==pe#=ᴄᴏЅ -mü#PᴅiR.HITHER
ä#and
tü-#Rʟ ya#paddle -pä#GᴅiR.OUT ==pe#=ᴄᴏЅ -bë#PᴅiR.YON ==#=3ᴍiɴIS
köa-#ᴏRᴅ li#two
në-#ɴᴍʟᴢ1 pâ#red -kö#ɴᴍʟᴢ.ᴘᴄFʟ
lâ#ᴅᴇᴍ1.ᴅɪѕᴛ
mökâ#there
lâ#ᴅᴇᴍ1.ᴅɪѕᴛ
nâ#tree
ä#and
ö-#ᴍiᴅ pi#say -bë#PᴅiR.YON ==le#=3ᴍiɴIA
delâ#this
kë#also
sâ-#ᴘFᴠ
kâ#ᴅᴇᴍ2.ᴅɪѕᴛ
tü-#Rʟ ö-#ᴍiᴅ pi#say -bo#.BZ(PDIR.YON)=O(1MINI)
ä#and
nölâ#place
vo#travel -o#GᴅiR.DOWN -mü#PᴅiR.HITHER ==ä#=1ᴍiɴI
sâ-#ᴘFᴠ
në-#ɴᴍʟᴢ1 yâmne#speak -kö#ɴᴍʟᴢ.ᴘᴄFʟ ==de#=3ᴍiɴII
pipë#little.bit
më#ᴘʀᴇᴘ
milëpü#evening
të-#Rʟ.3ᴀᴜɢ mnâ#be ==ngü#=3ᴀᴜɢIS
a'#but
-#3ᴀᴜɢ1 mwi#sleep -pä#GᴅiR.OUT -mü#PᴅiR.HITHER
tü-#Rʟ ö-#ᴍiᴅ pi#say ==pe#=ᴄᴏЅ -mü#PᴅiR.HITHER
këdü#a
më#ᴘʀᴇᴘ
këdung#ᴀᴛ.фɴᴛ.ᴘʟ.ᴘʟ
gât#God
kâng#those
awi#thank -tä#iɴᴛЅ -bo#.BZ(PDIR.YON)=O(1MINI)
më#ᴘʀᴇᴘ
më#ᴘʀᴇᴘ
nöâ#wave
nüvi#rope
në-#ɴᴍʟᴢ1 ayângölö#shake. -ti#ᴛR -kö#ɴᴍʟᴢ.ᴘᴄFʟ
käömailë#leader
a-#ᴄᴀᴜЅ glö#dry ==kö#=1ᴀᴜɢI
më#ᴘʀᴇᴘ
-#3ᴀᴜɢ1 dwasë#leave -bë#PᴅiR.YON
ä#and
tü-#Rʟ yokae#untie ==kö#=1ᴀᴜɢI
dëbö#root
nigö#be.1ᴀᴜɢII
a'#but
mü#behind
mu#desire ==le#=3ᴍiɴIA
popa'#bow
nöpakämölë#Good.News
da#thing
të-#Rʟ.3ᴀᴜɢ wökätö#baptised ==pe#=ᴄᴏЅ ==ngü#=3ᴀᴜɢIS
but#shoe
doa#child
kâ#ᴅᴇᴍ2.ᴅɪѕᴛ
lö#ᴛᴘɴʏᴍ
tü-#Rʟ oti#take ==pe#=ᴄᴏЅ -bë#PᴅiR.YON ==le#=3ᴍiɴIA
mëtea#village
bagö#dat=1augII
nâ#tree
më#ᴘʀᴇᴘ
ä#and
muöde#because
käetu#leader
ngö#ɢᴇɴ1ᴀ
në-#ɴᴍʟᴢ1 vë#go -dë#GᴅiR.UP -kö#ɴᴍʟᴢ.ᴘᴄFʟ ==de#=3ᴍiɴII
mâ#see -tä#iɴᴛЅ -mü#PᴅiR.HITHER
sâ-#ᴘFᴠ
kâ#ᴅᴇᴍ2.ᴅɪѕᴛ
-#3ᴀᴜɢ1 wäbu#sit -ti#ᴘʟᴄᴛ ==lö#=3ᴀᴜɢIA
yagoä#sick
kâ#ᴅᴇᴍ2.ᴅɪѕᴛ
ä#and
-#3ᴀᴜɢ1 vou#ignite -ne#iɴᴛЅ -o#GᴅiR.DOWN ==pe#=ᴄᴏЅ -mü#PᴅiR.HITHER
më#ᴘʀᴇᴘ
tü-#Rʟ mnâ#be ==pe#=ᴄᴏЅ ==ä#=1ᴍiɴI
maket#market
kzbznyon#companions
nemya'#Nemya'.
teomo#manioc
mökâ#there
në-#ɴᴍʟᴢ1 ngi#be töpengö#not.have;.none.anymore -kö#ɴᴍʟᴢ.ᴘᴄFʟ
kâ#ᴅᴇᴍ2.ᴅɪѕᴛ
më#ᴘʀᴇᴘ
otä#pass
==le#=3ᴍiɴIIP
wü#upper.part
kä..#ѕᴜʙʀ
stoa#STORE
të-#Rʟ.3ᴀᴜɢ ökalë#leave ==pe#=ᴄᴏЅ -mü#PᴅiR.HITHER
kâ#ᴅᴇᴍ2.ᴅɪѕᴛ
muöde#because
teomo#manioc
öngalä#dawn
lâlö#field
ö-#ᴍiᴅ pi#say -bë#PᴅiR.YON ==le#=3ᴍiɴIA
mökâ#there
më#ᴘʀᴇᴘ
vaol#vowel
dötwö#mind ==dö#=3ᴀᴜɢII
nabë#area
kä..#ѕᴜʙʀ
bokapwr#Bokapwr
kä..#ѕᴜʙʀ
tö-#ɴᴇɢ vë#feel.sad kë#also -u#ɴᴇɢ
ä#and
më#ᴘʀᴇᴘ
nâbö#cross
kâma#that.one
më#ᴘʀᴇᴘ
sâ-#ᴘFᴠ
më#ᴘʀᴇᴘ
nina#early.evening
mâ#see ==kö#=1ᴀᴜɢI
mötwë'#end
twë#take -o#GᴅiR.DOWN -mü#PᴅiR.HITHER ==ä#=1ᴍiɴI
nyö#fire
ö#ɢᴇɴ1ᴀ ==de#=3ᴍiɴII
ye#only
ä#and
më#ᴘʀᴇᴘ
ni-#ᴀᴄᴄ ==nge#=1ᴍiɴII
sâ-#ᴘFᴠ
oti#take ==amu#=2ᴀᴜɢI
nar#head
kä..#ѕᴜʙʀ
-#3ᴀᴜɢ1 pnz'#shoot -bë#PᴅiR.YON
tü-#Rʟ öpwämë#nine
sâ#ᴘᴄFʟ.hand ==gu#=12ᴀᴜɢII
sâ-#ᴘFᴠ
topwë#little
-#3ᴀᴜɢ1 pötö#enter.in mou#again -mü#PᴅiR.HITHER
müngö#image
më#ᴘʀᴇᴘ
tewa#rain
më#ᴘʀᴇᴘ
blökü#grandmother ==nge#=1ᴍiɴII
tü-#Rʟ vo#travel -pä#GᴅiR.OUT ==pe#=ᴄᴏЅ
ä#and
më#ᴘʀᴇᴘ
-#ᴘᴀЅ mâ#see
okatö#help -mü#PᴅiR.HITHER
lö#ᴛᴘɴʏᴍ
nigö#be.1ᴀᴜɢII
kâ#ᴅᴇᴍ2.ᴅɪѕᴛ
kä..#ѕᴜʙʀ
nümü#way
të-#Rʟ.3ᴀᴜɢ mâpä#choose mou#again ==lö#=3ᴀᴜɢIA
yagoä#sick -tä#iɴᴛЅ
nâblo#man
mâ#see ==le#=3ᴍiɴIA
roman#Catholic
twë#take -tä#iɴᴛЅ -bo#.BZ(PDIR.YON)=O(1MINI)
në-#ɴᴍʟᴢ1 vo#travel -mi#ᴅᴘᴠ -ne#iɴᴛЅ -kö#ɴᴍʟᴢ.ᴘᴄFʟ ==nge#=1ᴍiɴII
temë#moon.
na-#iRR twz#take mou#again ==ki#=12ᴍiɴI
sâ-#ᴘFᴠ
kä..#ѕᴜʙʀ
kä..#ѕᴜʙʀ
më#ᴘʀᴇᴘ
kä..#ѕᴜʙʀ
kâ#ᴅᴇᴍ2.ᴅɪѕᴛ
mota#Mota
nigu#be.12ᴀᴜɢII
tü-#Rʟ pi#say -bë#PᴅiR.YON ==kö#=1ᴀᴜɢI
nigö#be.1ᴀᴜɢII
tü-#Rʟ vë#go -o#GᴅiR.DOWN ==pe#=ᴄᴏЅ ==#=3ᴍiɴIS
të-#Rʟ.3ᴀᴜɢ ö-#ᴍiᴅ wë#make -ngö#ᴀᴘᴘʟ ==pe#=ᴄᴏЅ ==ng#=3ᴀᴜɢIS
julae#JULY
dwa#jump -o#GᴅiR.DOWN -bë#PᴅiR.YON ==kö#=1ᴀᴜɢI
lâsu#ship
ö-#ᴍiᴅ pi#say -mü#PᴅiR.HITHER ==le#=3ᴍiɴIA
kxbq#uncle.nephew ==gö#=1ᴀᴜɢII -ngü#ᴘʟ
leplë#people
wë#work -tä#iɴᴛЅ -ngö#ᴀᴘᴘʟ pwë#just ==kö#=1ᴀᴜɢI
ma#advrs
nümü#way
vöi#star
mnâ#be ==kö#=1ᴀᴜɢI
lâ#ᴅᴇᴍ1.ᴅɪѕᴛ
kä..#ѕᴜʙʀ në-#ɴᴍʟᴢ1 skul#be.schooled
më#ᴘʀᴇᴘ
muöde#because
köa-#ᴏRᴅ li#two
na-#iRR tekütö#exchange ==le#=3ᴍiɴIA
ö#ɢᴇɴ1ᴀ
pwökilvâ#startled -ngö#ᴀᴘᴘʟ ==gö#=1ᴀᴜɢII
vea#war
skul#be.schooled
kä..#ѕᴜʙʀ
muöde#because
më#ᴘʀᴇᴘ
lâng#these
köos#cross
të-#Rʟ.3ᴀᴜɢ a-#ᴄᴀᴜЅ ngâ#burn ==pe#=ᴄᴏЅ ==lö#=3ᴀᴜɢIA
kâ#ᴅᴇᴍ2.ᴅɪѕᴛ
lâsu#ship
kâ#ᴅᴇᴍ2.ᴅɪѕᴛ
bot#boat
më.nibö#AFTER
muöde#because
lälvö#turn -ki#UᴅiR.PATH -mü#PᴅiR.HITHER ==le#=3ᴍiɴIA
lâsu#ship
ya#paddle -pä#GᴅiR.OUT ëvë#always ==kö#=1ᴀᴜɢI
kâ#ᴅᴇᴍ2.ᴅɪѕᴛ
kâ#ᴅᴇᴍ2.ᴅɪѕᴛ
kâma#that.one
ä#and
meöikol#miracle
mëli#time
kâ#ᴅᴇᴍ2.ᴅɪѕᴛ
ngö#ɢᴇɴ1ᴀ
obü#look -pä#GᴅiR.OUT ==#=3ᴍiɴIS
ä#and
elalë#rejoice -tä#iɴᴛЅ -mü#PᴅiR.HITHER
mölëväi#extremely.good
ba-#ᴅᴀᴛ ==nge#=1ᴍiɴII
-#3ᴀᴜɢ1 vë#go -mü#PᴅiR.HITHER ==ng#=3ᴀᴜɢIS
ëbë#so.then
töte#father
skul#be.schooled
më#ᴘʀᴇᴘ
mökâ#there
delâ#this
të-#Rʟ.3ᴀᴜɢ mnâ#be ==pe#=ᴄᴏЅ -ngö#ᴀᴘᴘʟ -mü#PᴅiR.HITHER ==lö#=3ᴀᴜɢIA
tosi#torchlight
ö-#ᴍiᴅ pi#say -bë#PᴅiR.YON
kâng#those
mëli#time
elö#there
mama#priest
tü-#Rʟ yöpu#bang.against -ti#ᴛR -pä#GᴅiR.OUT -ngö#ᴀᴘᴘʟ
ö#ɢᴇɴ1ᴀ ==gö#=1ᴀᴜɢII -ngü#ᴘʟ
kä..#ѕᴜʙʀ külu#many
yëutö#begin
sâ-#ᴘFᴠ
më#ᴘʀᴇᴘ
kä..#ѕᴜʙʀ
kâ#ᴅᴇᴍ2.ᴅɪѕᴛ
ö-#ᴍiᴅ yö#write -mü#PᴅiR.HITHER
tü-#Rʟ ngi#be ni#pick -ngö#ᴀᴘᴘʟ ==gö#=1ᴀᴜɢII
kämu#be.like
yië#year
olvë#female
tu#stand
kä..#ѕᴜʙʀ
kä..#ѕᴜʙʀ
tü-#Rʟ tu#stand
mama#priest
nölâ#place
köa-#ᴏRᴅ li#two
ma#house
mübü#green
-#3ᴀᴜɢ1 köka'#pray -ngö#ᴀᴘᴘʟ -bë#PᴅiR.YON
ä#and
dötü#name ==dö#=3ᴀᴜɢII
kä..#ѕᴜʙʀ
lâde#there
kâ#ᴅᴇᴍ2.ᴅɪѕᴛ
tü-#Rʟ rlvi#be.demanding -tä#iɴᴛЅ -pä#GᴅiR.OUT ==be#=STILL
sâ-#ᴘFᴠ
tü-#Rʟ kölë#reach ate#afterward -bë#PᴅiR.YON ==kö#=1ᴀᴜɢI
ngö#ɢᴇɴ1ᴀ
kio#chicken;.bird
banyapu#pineapple
tü-#Rʟ rdatr#persevere pwë#just
më#ᴘʀᴇᴘ
kâ#ᴅᴇᴍ2.ᴅɪѕᴛ
ä#and
kä..#ѕᴜʙʀ
sâ-#ᴘFᴠ
muöde#because
sada.krus#SANTA.CRUZ
neke#who
lâ#ᴅᴇᴍ1.ᴅɪѕᴛ
päi#wear ==#=3ᴍiɴIS
të-#Rʟ.3ᴀᴜɢ läküti#spotted -o#GᴅiR.DOWN
më#ᴘʀᴇᴘ
vea#war
köanëlvün#fifth
këdü#a
yië#year
löpëki#road
kâ#ᴅᴇᴍ2.ᴅɪѕᴛ
tü-#Rʟ ö-#ᴍiᴅ pi#say ==pe#=ᴄᴏЅ -mü#PᴅiR.HITHER ==le#=3ᴍiɴIA
më#ᴘʀᴇᴘ
la#ᴅᴇᴍ1.ᴘʀᴏχ
pöla#sea
më#ᴘʀᴇᴘ
nemya'#Nemya'.
ä#and
kä..#ѕᴜʙʀ
ni-#ᴀᴄᴄ ==nge#=1ᴍiɴII
muöde#because
dâpwe#salt.water
sa#ɪᴘFᴠ
kâng#those
tü-#Rʟ yëlu#return ==pe#=ᴄᴏЅ -mü#PᴅiR.HITHER ==ä#=1ᴍiɴI
kä..#ѕᴜʙʀ
stoa#STORE
sâ-#ᴘFᴠ
-#ᴘᴀЅ mâ#see
kâ#ᴅᴇᴍ2.ᴅɪѕᴛ
nâblo#man
sâ-#ᴘFᴠ
tü-#Rʟ vë#go ==pe#=ᴄᴏЅ ==ä#=1ᴍiɴI
tü-#Rʟ wai#do
tü-#Rʟ ya#paddle -pä#GᴅiR.OUT ==pe#=ᴄᴏЅ -bë#PᴅiR.YON ==#=3ᴍiɴIS
në-#ɴᴍʟᴢ1 wë#make -ngö#ᴠR
nigö#be.1ᴀᴜɢII
vanikoro#Vanikoro.Is
ngö#ɢᴇɴ1ᴀ
kâ#ᴅᴇᴍ2.ᴅɪѕᴛ
bünâ#long.ago
kâng#those
set#sector
kä..#ѕᴜʙʀ
nibö#back.part ==de#=3ᴍiɴII
ngi#be
kxnzmnc-mrbrng#heathens
më#ᴘʀᴇᴘ
mökâ#there
twë#take -tö#GᴅiR.IN ==kö#=1ᴀᴜɢI
më#ᴘʀᴇᴘ
kâ#ᴅᴇᴍ2.ᴅɪѕᴛ
ngö#ɢᴇɴ1ᴀ ==de#=3ᴍiɴII
ö-#ᴍiᴅ pi#say ==le#=3ᴍiɴIA
kâ#ᴅᴇᴍ2.ᴅɪѕᴛ
në-#ɴᴍʟᴢ1 mâ#see -pä#GᴅiR.OUT
kâ#ᴅᴇᴍ2.ᴅɪѕᴛ
bao#blow -ngö#ᴀᴘᴘʟ ==de#=3ᴍiɴII
më#ᴘʀᴇᴘ
në-#ɴᴍʟᴢ1 wë#make -ngö#ᴠR
kä..#ѕᴜʙʀ
kä..#ѕᴜʙʀ esë'#one
seleng#they.here
löpë#cloth
kâng#those
kâ#ᴅᴇᴍ2.ᴅɪѕᴛ
kä..#ѕᴜʙʀ etu#big
kä..#ѕᴜʙʀ
dövö#umbrella -ti#ᴛR -ne#iɴᴛЅ ==pe#=ᴄᴏЅ -ngö#ᴀᴘᴘʟ ==gö#=1ᴀᴜɢII
lö#ᴛᴘɴʏᴍ
nounâ#tree
ö#ɢᴇɴ1ᴀ
nabë#area
plâ#yellowish.green
töpnëngö#none.;.lack;.none
da#thing
baengr#Baengr
merikz#USA,.AMERICA
ä#and
vo#travel -mü#PᴅiR.HITHER
ö#ɢᴇɴ1ᴀ
yëlu#return -mi#ᴅᴘᴠ -tä#iɴᴛЅ mou#again ==ä#=1ᴍiɴI
vë#go -bë#PᴅiR.YON ==kö#=1ᴀᴜɢI
-#3ᴀᴜɢ1 vë#go ëvë#always -bë#PᴅiR.YON ==ngü#=3ᴀᴜɢIS
kölë#reach -mü#PᴅiR.HITHER ==le#=3ᴍiɴIA
ö-#ᴍiᴅ pi#say -mü#PᴅiR.HITHER
ä#and
ö#ɢᴇɴ1ᴀ ==de#=3ᴍiɴII
mnâ#be ==kö#=1ᴀᴜɢI
nepi#sun
ä#and
a'#but
tzsiu#monk
-#ᴘᴀЅ tekütö#exchange kë#also
kâ#ᴅᴇᴍ2.ᴅɪѕᴛ
tölaki#wind.W
sâ-#ᴘFᴠ
kä..#ѕᴜʙʀ
këdü#a
-#3ᴀᴜɢ1 angio#worship ==lö#=3ᴀᴜɢIA
këdü#a
ä#and
la#ᴅᴇᴍ1.ᴘʀᴏχ
kölëu#wait!
ä#and
ile#sister.of.female
tewa#rain
döka'#demon
naonöä#doorway
ä#and
tu#stand -tä#iɴᴛЅ -lë#GᴅiR.UP -m#PᴅiR.HITHER
kä..#ѕᴜʙʀ
döka'#demon
läe#mother.aunt ==dö#=3ᴀᴜɢII
sâ-#ᴘFᴠ
më#ᴘʀᴇᴘ
yië#year
plökütu#overgrown
etu#big ëlwë#much ==le#=3ᴍiɴIA
në-#ɴᴍʟᴢ1 ale#do -kö#ɴᴍʟᴢ.ᴘᴄFʟ ==dö#=3ᴀᴜɢII ==le#=3ᴍiɴIA
lopöta#king.tree.greens
nar#head
më#ᴘʀᴇᴘ
në-#ɴᴍʟᴢ1 o#go -ägle#DEPEND ==lö#=3ᴀᴜɢIA
kâ#ᴅᴇᴍ2.ᴅɪѕᴛ
kxmrlz#good
leplë#people
ö#ɢᴇɴ1ᴀ ==gö#=1ᴀᴜɢII
kä..#ѕᴜʙʀ
dävo#tsunami
në-#ɴᴍʟᴢ1 wë#make -kö#ɴᴍʟᴢ.ᴘᴄFʟ ==de#=3ᴍiɴII
tü-#Rʟ plökütu#overgrown
në-#ɴᴍʟᴢ1 etu#big ==pe#=ᴄᴏЅ -kö#ɴᴍʟᴢ.ᴘᴄFʟ ==nge#=1ᴍiɴII
më#ᴘʀᴇᴘ
lâsu#ship
klas#class
kä..#ѕᴜʙʀ
na-#iRR mölë#be.good ==#=3ᴍiɴIS
më#ᴘʀᴇᴘ
nou#base
töpnëngö#none.;.lack;.none
yëlu#return -mü#PᴅiR.HITHER ==ä#=1ᴍiɴI
leu#leaf
sâ-#ᴘFᴠ
ö#ɢᴇɴ1ᴀ
këdü#a
tü-#Rʟ yëu#begin -tö#GᴅiR.IN ==pe#=ᴄᴏЅ ==le#=3ᴍiɴIA
kâng#those
më#ᴘʀᴇᴘ
nigö#be.1ᴀᴜɢII
kâ#ᴅᴇᴍ2.ᴅɪѕᴛ
klas#class
nigö#be.1ᴀᴜɢII
ä#and
në-#ɴᴍʟᴢ1 yâ#stay -o#GᴅiR.DOWN -kö#ɴᴍʟᴢ.ᴘᴄFʟ -mü#PᴅiR.HITHER ==le#=3ᴍiɴIA
ö#ɢᴇɴ1ᴀ ==de#=3ᴍiɴII
kâ#ᴅᴇᴍ2.ᴅɪѕᴛ
më#ᴘʀᴇᴘ
muöde#because
ëbë#so.then
në-#ɴᴍʟᴢ1 vë#go -kö#ɴᴍʟᴢ.ᴘᴄFʟ ==dö#=3ᴀᴜɢII
kâ#ᴅᴇᴍ2.ᴅɪѕᴛ
natü#word
löpëu#tapa.cloth
ä#and
skul#be.schooled
josip#Joseph
në-#ɴᴍʟᴢ1 ö-#ᴍiᴅ malvë#smoke aepë#near -tö#GᴅiR.IN -kö#ɴᴍʟᴢ.ᴘᴄFʟ ==gö#=1ᴀᴜɢII
ä#and
më#ᴘʀᴇᴘ
të-#Rʟ.3ᴀᴜɢ yapwä#tell -ti#ᴛR ==pe#=ᴄᴏЅ -bë#PᴅiR.YON ==lö#=3ᴀᴜɢIA
na-#iRR vë#go kai#first -bo#.BZ(PDIR.YON)=O(1MINI)
vea#war mölë#good
kä..#ѕᴜʙʀ etu#big
ä#and
a'#but
mëli#time
kâ#ᴅᴇᴍ2.ᴅɪѕᴛ
kâ#ᴅᴇᴍ2.ᴅɪѕᴛ
letë#letter
tü-#Rʟ ö-#ᴍiᴅ wëti#wash -o#GᴅiR.DOWN
në-#ɴᴍʟᴢ1 ö-#ᴍiᴅ bom#bomb -kö#ɴᴍʟᴢ.ᴘᴄFʟ
ö-#ᴍiᴅ pi#say ==le#=3ᴍiɴIA
kä..#ѕᴜʙʀ
bznwz#Bznwz.vil
katkis#CATECHIST
këdü#a
yölü#put -tö#GᴅiR.IN läblö#together -bë#PᴅiR.YON ==le#=3ᴍiɴIA
bom#bomb
ëbë#so.then
nzlvz#Reef.Is
ö#ɢᴇɴ1ᴀ ==dö#=3ᴀᴜɢII -ngü#ᴘʟ
kâ#ᴅᴇᴍ2.ᴅɪѕᴛ
më#ᴘʀᴇᴘ
kâng#those
na-#iRR mnâ#live,.stay -ngö#ᴀᴘᴘʟ ==gö#=1ᴀᴜɢII
kä..#ѕᴜʙʀ plâ#ripe
na-#iRR wäbu#sit -ngö#ᴀᴘᴘʟ
ëbë#so.then
kä..#ѕᴜʙʀ
nea#Nea
e#or
skul#be.schooled
aijz#Aijz
lue#water
meleu#Meleu
mëli#time
nyë#ᴘᴄFʟ.ʙ&ɢ ==de#=3ᴍiɴII
yökö#finish -pä#GᴅiR.OUT -bë#PᴅiR.YON ==#=3ᴍiɴIS
ne#ᴘᴄFʟ.rsbl ==dö#=3ᴀᴜɢII
kosi#course
më#ᴘʀᴇᴘ
yië#year
ä#and
tü-#Rʟ do#hang -tö#GᴅiR.IN
nâtü#half ==de#=3ᴍiɴII
kâ#ᴅᴇᴍ2.ᴅɪѕᴛ
a'#but
ni-#ᴀᴄᴄ ==nge#=1ᴍiɴII
më#ᴘʀᴇᴘ
kä..#ѕᴜʙʀ
kä..#ѕᴜʙʀ
auki#Auki
më#ᴘʀᴇᴘ
ëbë#so.then
käetu#leader
kä..#ѕᴜʙʀ
tömâtu#island
të-#Rʟ.3ᴀᴜɢ ngöla#crawl -plä#UᴅiR.THROUGH
më#ᴘʀᴇᴘ
në-#ɴᴍʟᴢ1 vë#go -kö#ɴᴍʟᴢ.ᴘᴄFʟ -bë#PᴅiR.YON
mëli#time
kä..#ѕᴜʙʀ
ncokz#Nokz
müngö#image
ä#and
sâ-#ᴘFᴠ
badö#dat=3augII
asdikon#Archdeacon
tü-#Rʟ mnâ#be
ä#and
nâ#tree
töte#father
vë#go ==le#=3ᴍiɴIA
ne#ᴘᴄFʟ.rsbl ==dö#=3ᴀᴜɢII
sâ-#ᴘFᴠ
da#thing
në-#ɴᴍʟᴢ1 asa#do.slowly;.slow -kö#ɴᴍʟᴢ.ᴘᴄFʟ
nëveângö#war
ä#and
nëelangö#dance
nâtü#point.of.land;.point;.point
nibö#back.part ==nge#=1ᴍiɴII
löpëki#road
kâ#ᴅᴇᴍ2.ᴅɪѕᴛ
nâblo#man
më#ᴘʀᴇᴘ
ä#and
ëbë#so.then
dwapä#move.out
nëlu#coconut
neboi#Neboi
më#ᴘʀᴇᴘ
lâsu#ship
ä#and
lomr#chest
aböelë#umbrella
leplë#people
kä..#ѕᴜʙʀ
skul#be.schooled
sâ-#ᴘFᴠ
bam#dat=2minII
merikz#USA,.AMERICA
në-#ɴᴍʟᴢ1 a-#ᴄᴀᴜЅ o#go -kö#ɴᴍʟᴢ.ᴘᴄFʟ -bë#PᴅiR.YON ==kö#=1ᴀᴜɢI
banyapu#pineapple
të-#Rʟ.3ᴀᴜɢ a-#ᴄᴀᴜЅ ngâ#burn ==pe#=ᴄᴏЅ -bë#PᴅiR.YON ==lö#=3ᴀᴜɢIA
na-#iRR ö-#ᴍiᴅ yëkö#peel -ngö#ᴀᴘᴘʟ ==gö#=1ᴀᴜɢII
solomon#Solomon.Islands
yö#write
me#place
saotzn.kros#SOUTHERN.CROSS
ö-#ᴍiᴅ pi#say -mü#PᴅiR.HITHER ==le#=3ᴍiɴIA
lzm#wooden.bowl
ö-#ᴍiᴅ male#hold
lâsu#ship
sâ#ᴘᴄFʟ.hand ==de#=3ᴍiɴII -ngü#ᴘʟ
na-#iRR obqlvz#watching -ti#ᴛR ëpwä#well ==ä#=1ᴍiɴI
mëli#time
mëli#time
në-#ɴᴍʟᴢ1 lalëtü#listen -kö#ɴᴍʟᴢ.ᴘᴄFʟ ==de#=3ᴍiɴII
mü#ᴘᴄFʟ.drink ==de#=3ᴍiɴII
nidö#be.3ᴀᴜɢII.
muöde#because
më#ᴘʀᴇᴘ
më#ᴘʀᴇᴘ
ä#and
muöde#because
më#ᴘʀᴇᴘ
më#ᴘʀᴇᴘ
kölâng#these
nölâ#place
tü-#Rʟ yöni#cry ==pe#=ᴄᴏЅ ==#=3ᴍiɴIS
ëbë#so.then
tü-#Rʟ yölü#put -o#GᴅiR.DOWN -bo#.BZ(PDIR.YON)=O(1MINI)
tü-#Rʟ ö-#ᴍiᴅ pi#say ==pe#=ᴄᴏЅ -bë#PᴅiR.YON
na-#iRR aelwa#show;.show;.prove -ti#ᴛR -bë#PᴅiR.YON
sâ#ᴘᴄFʟ.hand ==gö#=1ᴀᴜɢII
neboi#Neboi
tu#stand -pä#GᴅiR.OUT -ngö#ᴀᴘᴘʟ -mü#PᴅiR.HITHER
ma#advrs
nâblo#man
ayönö#first
lâde#there
gresosa.bei#GRACIOSA.BAY
tü-#Rʟ bë#die ==pe#=ᴄᴏЅ
elö#there
ngö#ɢᴇɴ1ᴀ ==de#=3ᴍiɴII
këdü#a
nölâ#place
pulis#police
në-#ɴᴍʟᴢ1 pipä#declare -lëbü#RᴇFʟ kai#first ==ng#=3ᴀᴜɢIS
ökalë#set.out -mü#PᴅiR.HITHER ==gö#=1ᴀᴜɢII
melomate#Melomate
tü-#Rʟ ölö#allow ==pe#=ᴄᴏЅ -bë#PᴅiR.YON ==le#=3ᴍiɴIA
dötü#body ==de#=3ᴍiɴII
më#ᴘʀᴇᴘ
wë#work -ti#ᴛR -tä#iɴᴛЅ -bë#PᴅiR.YON ==o#=1ᴍiɴI.ᴄᴍʙ
lâng#these
kä..#ѕᴜʙʀ
ngö#ɢᴇɴ1ᴀ
më#die tu#stand ==pe#=ᴄᴏЅ
bqkq#VINE.PAPAYA
ä#and
pöla#sea
mëli#time
tabao#papaya
kâ#ᴅᴇᴍ2.ᴅɪѕᴛ
kâ#ᴅᴇᴍ2.ᴅɪѕᴛ
tü-#Rʟ ama#stop -o#GᴅiR.DOWN ==pe#=ᴄᴏЅ ==#=3ᴍiɴIS
kä..#ѕᴜʙʀ etu#big -bë#PᴅiR.YON
ni-#ᴀᴄᴄ ==nge#=1ᴍiɴII
në-#ɴᴍʟᴢ1 ö-#ᴍiᴅ lë#carve ==ng#=3ᴀᴜɢIS
tewa#rain
këdü#a
kä..#ѕᴜʙʀ
gëpman#government.(E)
tü-#Rʟ ö-#ᴍiᴅ pi#say ==pe#=ᴄᴏЅ -bo#.BZ(PDIR.YON)=O(1MINI)
utupua#Utupua.Is
kä..#ѕᴜʙʀ
ba-#ᴅᴀᴛ ==gö#=1ᴀᴜɢII
kä..#ѕᴜʙʀ etu#big
më#ᴘʀᴇᴘ
nigö#be.1ᴀᴜɢII
tü-#Rʟ yöbü#lying.down -o#GᴅiR.DOWN -mü#PᴅiR.HITHER
lika#kite
sâ-#ᴘFᴠ
kä..#ѕᴜʙʀ
skul#be.schooled
këdü#a
ëyagoä#sickness
lötëlvë#elders
katris#cartridge
kxmrlz#good
e#or
më#ᴘʀᴇᴘ
nölâkäbü#night
kâ#ᴅᴇᴍ2.ᴅɪѕᴛ
poi#pig
yë#outside
nigö#be.1ᴀᴜɢII
da#thing
bokapwr#Bokapwr
ä#and
të-#Rʟ.3ᴀᴜɢ katx#remove ==pe#=ᴄᴏЅ
köa-#ᴏRᴅ li#two
më#ᴘʀᴇᴘ
ma#advrs
kä..#ѕᴜʙʀ
ä#and
wop#WHARF
tü-#Rʟ ngölä#daylight -o#GᴅiR.DOWN ==pe#=ᴄᴏЅ
nâdö#ᴄᴏᴍ.
-#3ᴀᴜɢ1 okatö#help ==pe#=ᴄᴏЅ ==lö#=3ᴀᴜɢIA
më#ᴘʀᴇᴘ
nar#head ==de#=3ᴍiɴII
nâbö#cross
ni-#ᴀᴄᴄ ==nge#=1ᴍiɴII
tü-#Rʟ miglü#slippery -pä#GᴅiR.OUT ==pe#=ᴄᴏЅ
kâ#ᴅᴇᴍ2.ᴅɪѕᴛ
dekâ#this
sâ#ᴘᴄFʟ.hand ==gu#=12ᴀᴜɢII
bcloa#what.is.inserted.in.pierced.septum.hole
âköle#pineapple
në-#ɴᴍʟᴢ1 yölë#marry -kö#ɴᴍʟᴢ.ᴘᴄFʟ ==nge#=1ᴍiɴII
më#ᴘʀᴇᴘ
në-#ɴᴍʟᴢ1 wë#make -kö#ɴᴍʟᴢ.ᴘᴄFʟ ==de#=3ᴍiɴII
nanyâ#foot ==de#=3ᴍiɴII
kä..#ѕᴜʙʀ
kölë#know -bë#PᴅiR.YON ==le#=3ᴍiɴIA
nâblo#man
tö-#ɴᴇɢ ngi#be ==#=3ᴍiɴIS -u#ɴᴇɢ
lâ#ᴅᴇᴍ1.ᴅɪѕᴛ
në-#ɴᴍʟᴢ1 wë#make -ngö#ᴠR
a'#but
ngö#ɢᴇɴ1ᴀ
më#ᴘʀᴇᴘ
pipë#little.bit -ne#iɴᴛЅ
kapten#captain
auki#Auki
kâ#ᴅᴇᴍ2.ᴅɪѕᴛ
suga#sugar;
kâ#ᴅᴇᴍ2.ᴅɪѕᴛ
luekäpië#medicine
në-#ɴᴍʟᴢ1 wë#make -ngö#ᴠR
tö-#ɴᴇɢ a-#ᴄᴀᴜЅ yëlu#return -pä#GᴅiR.OUT -mü#PᴅiR.HITHER ==le#=3ᴍiɴIA -u#ɴᴇɢ
kâ#ᴅᴇᴍ2.ᴅɪѕᴛ
ä#and
pöla#sea
temë#moon.
külu#many
la#ᴅᴇᴍ1.ᴘʀᴏχ
lâde#there
möka#here
tü-#Rʟ pi#say ==pe#=ᴄᴏЅ -bë#PᴅiR.YON ==kö#=1ᴀᴜɢI
pöla#sea
në-#ɴᴍʟᴢ1 abötë#be.happy ëvë#always -ngö#ᴀᴘᴘʟ
müngö#spirit
yâ#stay -äbë.ëbë#MNR -tö#GᴅiR.IN ==kö#=1ᴀᴜɢI
ale#do -ti#ᴘʟᴄᴛ ==kö#=1ᴀᴜɢI -ngü#ᴘʟ
ä#and
kölë#reach -mü#PᴅiR.HITHER ==le#=3ᴍiɴIA
tü-#Rʟ yöpu#bang.against -ti#ᴛR -pä#GᴅiR.OUT ==pe#=ᴄᴏЅ
bot#boat
bëkü#do.not
ëyagoä#sickness
amölä#all
läe#mother.aunt ==de#=3ᴍiɴII
peto#bush
ö#ɢᴇɴ1ᴀ ==de#=3ᴍiɴII
kä..#ѕᴜʙʀ tö-#ɴᴇɢ mölë#be.good -u#ɴᴇɢ
kä..#ѕᴜʙʀ
na-#iRR o#go ==pe#=ᴄᴏЅ ==kö#=1ᴀᴜɢI
na-#iRR mölë#be.good ==#=3ᴍiɴIS
doa#child
ma#house
-#3ᴀᴜɢ1 pi#say -bë#PᴅiR.YON ==lö#=3ᴀᴜɢIA ==le#=3ᴍiɴIIP
dakänëng#food
-#3ᴀᴜɢ1 vo#travel ==ng#=3ᴀᴜɢIS
kä..#ѕᴜʙʀ
tü-#Rʟ mölë#be.good ==pe#=ᴄᴏЅ ==#=3ᴍiɴIS
ä#and
möka#here
sâ#ᴘᴄFʟ.hand ==dö#=3ᴀᴜɢII
më#ᴘʀᴇᴘ
lâde#there
vë#go
na-#iRR a-#ᴄᴀᴜЅ mölë#be.good -tö#GᴅiR.IN -ngö#ᴀᴘᴘʟ -bë#PᴅiR.YON ==lö#=3ᴀᴜɢIA
na-#iRR ngi#be
tü-#Rʟ yëlu#return ==pe#=ᴄᴏЅ mou#again ==ä#=1ᴍiɴI
deka#here ==pe#=ᴄᴏЅ
ä#and
në-#ɴᴍʟᴢ1 mnâ#live,.stay -kö#ɴᴍʟᴢ.ᴘᴄFʟ ==gö#=1ᴀᴜɢII
lâde#there
muöde#because
bëkü#do.not
ä#and
më#ᴘʀᴇᴘ
në-#ɴᴍʟᴢ1 kölë#know ==lö#=3ᴀᴜɢIA
tö-#ɴᴇɢ sâ#ᴘᴄFʟ.hand -u#ɴᴇɢ
ni-#ᴀᴄᴄ ==nge#=1ᴍiɴII
kä..#ѕᴜʙʀ
sâ#ᴘᴄFʟ.hand ==dö#=3ᴀᴜɢII
makätö#church.building
kâ#ᴅᴇᴍ2.ᴅɪѕᴛ
sâ-#ᴘFᴠ
në-#ɴᴍʟᴢ1 wë#make -kö#ɴᴍʟᴢ.ᴘᴄFʟ
sâ-#ᴘFᴠ
në-#ɴᴍʟᴢ1 tao#fall -kö#ɴᴍʟᴢ.ᴘᴄFʟ
nüni#mat
na-#iRR ngelu#light.the.way -ne#iɴᴛЅ -ngö#ᴀᴘᴘʟ ==dö#=3ᴀᴜɢII
yölë#marry -ti#ᴛR ==ä#=1ᴍiɴI
kä..#ѕᴜʙʀ
kä..#ѕᴜʙʀ
kâng#those
mëli#time
bagö#dat=1augII
wisol#whistle
sâ-#ᴘFᴠ
ä#and
yökö#finish -pä#GᴅiR.OUT -bë#PᴅiR.YON ==#=3ᴍiɴIS
në-#ɴᴍʟᴢ1 tamiti#persuade -tö#GᴅiR.IN -kö#ɴᴍʟᴢ.ᴘᴄFʟ ==gu#=12ᴀᴜɢII
dwa#jump -plä#UᴅiR.THROUGH -ngö#ᴀᴘᴘʟ -ti#ᴛR ==pe#=ᴄᴏЅ ==kö#=1ᴀᴜɢI
kä..#ѕᴜʙʀ
-#3ᴀᴜɢ1 vë#go ==ng#=3ᴀᴜɢIS
köa-#ᴏRᴅ li#two
nate#his.voice
letë#letter
në-#ɴᴍʟᴢ1 nu#food.parcel ö#ɢᴇɴ1ᴀ ==de#=3ᴍiɴII
sâ-#ᴘFᴠ
na-#iRR okatö#help ==ä#=1ᴍiɴI
ngi#be
amölä#all
a'#but
na-#iRR asa#do.slowly;.slow ==pe#=ᴄᴏЅ
leplë#people
twë#take ==le#=3ᴍiɴIA
milëpü#evening
më#ᴘʀᴇᴘ
të-#Rʟ.3ᴀᴜɢ älö#hear -o#GᴅiR.DOWN ==pe#=ᴄᴏЅ ==lö#=3ᴀᴜɢIA
mwi#sleep ==kö#=1ᴀᴜɢI
na-#iRR vë#go -bë#PᴅiR.YON ==ng#=3ᴀᴜɢIS
nüni#mat
sâ-#ᴘFᴠ
elö#there
në-#ɴᴍʟᴢ1 ö-#ᴍiᴅ lë#carve -kö#ɴᴍʟᴢ.ᴘᴄFʟ -bë#PᴅiR.YON ==le#=3ᴍiɴIA
nöa#hillside;.hill
më#ᴘʀᴇᴘ
sada.krus#SANTA.CRUZ
në-#ɴᴍʟᴢ1 lvâ#fly -kö#ɴᴍʟᴢ.ᴘᴄFʟ -mü#PᴅiR.HITHER ==lö#=3ᴀᴜɢIA
më#ᴘʀᴇᴘ
löpë#cloth
të-#Rʟ.3ᴀᴜɢ vë#go -tö#GᴅiR.IN ate#afterward -mü#PᴅiR.HITHER ==ng#=3ᴀᴜɢIS
dötwö#mind
bëü#home
tö-#ɴᴇɢ yönibu#mourn -tä#iɴᴛЅ ëlwë#much ==kö#=1ᴀᴜɢI
mnëpë'#flat
külu#many
në-#ɴᴍʟᴢ1 mnâ#live,.stay -kö#ɴᴍʟᴢ.ᴘᴄFʟ ==gö#=1ᴀᴜɢII
skul#be.schooled
sâ-#ᴘFᴠ
austrelia#AUSTRALIA
ba-#ᴅᴀᴛ ==de#=3ᴍiɴII
olvi#girl
narnztilolx#Narnztilolx.(village)
mëli#time
nabë#pool
da#thing
kâng#those
nëmu#if
më#ᴘʀᴇᴘ
==kö#=1ᴀᴜɢI
olvë#female
e#yes
temë#moon.
tö-#ɴᴇɢ esaki#stop ==pe#=ᴄᴏЅ -u#ɴᴇɢ
ä#and
sâ-#ᴘFᴠ
ä#and
ami#army
sâ-#ᴘFᴠ
tü-#Rʟ do#hang -tö#GᴅiR.IN ==be#=STILL
të-#Rʟ.3ᴀᴜɢ ö-#ᴍiᴅ tekütö#exchange ==ng#=3ᴀᴜɢIS
ä#and
-#3ᴀᴜɢ1 yökö#depart läblö#each ==pe#=ᴄᴏЅ ==lö#=3ᴀᴜɢIA
më#ᴘʀᴇᴘ
më#ᴘʀᴇᴘ
nâblo#man
kä..#ѕᴜʙʀ topwë#little -ti#ᴛR -ngü#ᴘʟ
mö-#PLACE kâ#ᴅᴇᴍ2.ᴅɪѕᴛ
tü-#Rʟ kipo#wash;.bathe ==pe#=ᴄᴏЅ ==#=3ᴍiɴIS
vë#go -bë#PᴅiR.YON ==kö#=1ᴀᴜɢI
kâng#those
me#place
nabë.nepi#hour
yië#year
lö#ᴘᴄFʟ.inherent
ä#and
kä..#ѕᴜʙʀ
lâsu#ship
ä#and
milëpü#evening
doa#child
kâ#ᴅᴇᴍ2.ᴅɪѕᴛ
në-#ɴᴍʟᴢ1 alvëtö#teach -ngö#ɴᴍʟᴢ
filip#Philip
nigö#be.1ᴀᴜɢII
ä#and
më#ᴘʀᴇᴘ
möka#here
mëli#time
në-#ɴᴍʟᴢ1 ö-#ᴍiᴅ musö#treat.like.that -ti#ᴛR -kö#ɴᴍʟᴢ.ᴘᴄFʟ -bo#.BZ(PDIR.YON)=O(1MINI)
sâ-#ᴘFᴠ
amölä#all
temë#moon.
kä..#ѕᴜʙʀ
në-#ɴᴍʟᴢ1 nu#food.parcel -ngö#ɴᴍʟᴢ
ba-#ᴅᴀᴛ ==de#=3ᴍiɴII
ä#and
kâ#ᴅᴇᴍ2.ᴅɪѕᴛ
ma#house
lika#kite
yâmne#speak -ki#UᴅiR.PATH -mü#PᴅiR.HITHER ==le#=3ᴍiɴIA
ä#and
nigö#be.1ᴀᴜɢII
töpnëngö#none.;.lack;.none
jun#JUNE
ka#ᴅᴇᴍ2.ᴘʀᴏχ
ma#house
në-#ɴᴍʟᴢ1 wë#make -kö#ɴᴍʟᴢ.ᴘᴄFʟ
ba-#ᴅᴀᴛ ==de#=3ᴍiɴII
nâ#tree
ni#be ==gö#=1ᴀᴜɢII
muöde#because
në-#ɴᴍʟᴢ1 alvëtö#teach -ngö#ɴᴍʟᴢ
ëbë#so.then
të-#Rʟ.3ᴀᴜɢ aelwa#show;.show;.prove -ti#ᴛR -ngö#ᴀᴘᴘʟ -bë#PᴅiR.YON
tü-#Rʟ vë#go ==pe#=ᴄᴏЅ ==kö#=1ᴀᴜɢI
sâ#ᴘᴄFʟ.hand ==de#=3ᴍiɴII
e#or
tu#stand -ne#ᴅЅᴛR
spië#spear
da#thing
nâdö#ᴄᴏᴍ.
ö-#ᴍiᴅ pi#say ==le#=3ᴍiɴIA
nar#head
ami#army
ä#and
katris#cartridge
olvë#wife
-#3ᴀᴜɢ1 suti#want
ela#dance ==kö#=1ᴀᴜɢI
kä..#ѕᴜʙʀ
kä..#ѕᴜʙʀ
të-#Rʟ.3ᴀᴜɢ alvëtö#teach ==ng#=3ᴀᴜɢIS
nanyâ#foot ==de#=3ᴍiɴII
nëli#two;.couple
möka#here
dâkta#doctor
a'#but
mölâde#there
leplë#people
tökö#no
kä..#ѕᴜʙʀ etu#big
dëtu#things ==dö#=3ᴀᴜɢII
nigö#be.1ᴀᴜɢII
kâ#ᴅᴇᴍ2.ᴅɪѕᴛ
lö#ᴛᴘɴʏᴍ
ä#and
läe#mother.aunt ==nge#=1ᴍiɴII
luga#Lungga
kampi#CAMP
ma#house
ëbë#so.then
asa#do.slowly;.slow -ngö#ᴀᴘᴘʟ ==gö#=1ᴀᴜɢII
tü-#Rʟ lolvë#hold,.restrain ==pe#=ᴄᴏЅ mou#again ==ä#=1ᴍiɴI
lâng#these
köa-#ᴏRᴅ li#two
nyz'#ᴘᴄFʟ.ʙ&ɢ ==dö#=3ᴀᴜɢII
nëlu#coconut
këdü#a
bq#titan.triggerfish
sam#Psalm
olvë#female
më#ᴘʀᴇᴘ
më#ᴘʀᴇᴘ
më#ᴘʀᴇᴘ
kâng#those
na-#iRR mnâ#live,.stay läblö#together ==pe#=ᴄᴏЅ ==kö#=1ᴀᴜɢI
bö#net
mama#priest
löpëki#road
këdü#a
lömëtangi#foreigner
në-#ɴᴍʟᴢ1 pwö#defecate -ngö#ɴᴍʟᴢ
këdu#some
yö#write -mü#PᴅiR.HITHER
më#ᴘʀᴇᴘ
yëu#begin -tö#GᴅiR.IN ==#=ᴄᴍᴘʟ
alankaula#Alankaula
ngi#be
kä..#ѕᴜʙʀ
tü-#Rʟ twë#take ==ä#=1ᴍiɴI
nâblo#man
prcpelz#propeller
më#ᴘʀᴇᴘ
-#3ᴀᴜɢ1 ömnü#drink -tä#iɴᴛЅ ==ng#=3ᴀᴜɢIS
dâkta#doctor
ö-#ᴍiᴅ pi#say -mü#PᴅiR.HITHER ==le#=3ᴍiɴIA
kopoöa#copra ==pe#=ᴄᴏЅ ==kö#=1ᴀᴜɢI
nölâ#place
më#ᴘʀᴇᴘ
plamöi#break -lë#GᴅiR.UP -mü#PᴅiR.HITHER ==le#=3ᴍiɴIA
tü-#Rʟ mu#be.like
kä..#ѕᴜʙʀ yöngë#bent -pä#GᴅiR.OUT -mü#PᴅiR.HITHER
tü-#Rʟ mnâ#live,.stay -ngö#ᴀᴘᴘʟ ==de#=3ᴍiɴII
nëlâ#place
nyë#ᴘᴄFʟ.ʙ&ɢ ==gö#=1ᴀᴜɢII
inglis#English
kä..#ѕᴜʙʀ
në-#ɴᴍʟᴢ1 töka#bad -kö#ɴᴍʟᴢ.ᴘᴄFʟ ==de#=3ᴍiɴII
japan#JAPAN
kâng#those
yië#year
da#thing
dalö#things.of
kâ#ᴅᴇᴍ2.ᴅɪѕᴛ
töte#father ==nge#=1ᴍiɴII
më#ᴘʀᴇᴘ
pepë#paper
kâ#ᴅᴇᴍ2.ᴅɪѕᴛ
kâ#ᴅᴇᴍ2.ᴅɪѕᴛ
yölü#put -tä#iɴᴛЅ mou#again ==ä#=1ᴍiɴI
më#ᴘʀᴇᴘ
sâ-#ᴘFᴠ
më#ᴘʀᴇᴘ
sâ-#ᴘFᴠ
läe#mother.aunt
da#thing
nidö#be.3ᴀᴜɢII.
dekâ#this
ö-#ᴍiᴅ pi#say -o#GᴅiR.DOWN -mü#PᴅiR.HITHER
pöla#sea
tü-#Rʟ vë#go ==pe#=ᴄᴏЅ
nëmu#if
të-#Rʟ.3ᴀᴜɢ mnâ#to.stay,.live.(somewhere) -ngö#ᴀᴘᴘʟ ==dö#=3ᴀᴜɢII
më#ᴘʀᴇᴘ
ölilö#both ==gö#=1ᴀᴜɢII
kâ#ᴅᴇᴍ2.ᴅɪѕᴛ
kâ#ᴅᴇᴍ2.ᴅɪѕᴛ
kâ#ᴅᴇᴍ2.ᴅɪѕᴛ
töpnëngö#none.;.lack;.none
më#ᴘʀᴇᴘ
lâng#these
të-#Rʟ.3ᴀᴜɢ vo#travel ==pe#=ᴄᴏЅ ==ngü#=3ᴀᴜɢIS
ba-#ᴅᴀᴛ ==de#=3ᴍiɴII
da#thing
ö#ɢᴇɴ1ᴀ ==nge#=1ᴍiɴII
tü-#Rʟ yâmne#speak ==pe#=ᴄᴏЅ ==amu#=2ᴀᴜɢI
mama#priest
disebz#DECEMBER
kä..#ѕᴜʙʀ
nëveângö#war
vë#go -mü#PᴅiR.HITHER ==#=3ᴍiɴIS
tö-#ɴᴇɢ kölë#reach ==le#=3ᴍiɴIA -u#ɴᴇɢ
nigö#be.1ᴀᴜɢII
da#thing
kâ#ᴅᴇᴍ2.ᴅɪѕᴛ ==pe#=ᴄᴏЅ
yëuo#start mou#again ==kö#=1ᴀᴜɢI
ä#and
lâsu#ship
ö#ɢᴇɴ1ᴀ
kâ#ᴅᴇᴍ2.ᴅɪѕᴛ
tü-#Rʟ tu#stand -pä#GᴅiR.OUT -ngö#ᴀᴘᴘʟ -mü#PᴅiR.HITHER
ö#ɢᴇɴ1ᴀ
nigö#be.1ᴀᴜɢII
lâng#these
kä..#ѕᴜʙʀ
kä..#ѕᴜʙʀ
a'#but
tzsiu#monk
të-#Rʟ.3ᴀᴜɢ ötangö#search ==pe#=ᴄᴏЅ
kä..#ѕᴜʙʀ
kä..#ѕᴜʙʀ në-#ɴᴍʟᴢ1 skul#be.schooled
yië#year
nyë#ᴘᴄFʟ.ʙ&ɢ ==gö#=1ᴀᴜɢII
lö#ᴛᴘɴʏᴍ
ëlwë#much
më#ᴘʀᴇᴘ
kâ#ᴅᴇᴍ2.ᴅɪѕᴛ
sâ-#ᴘFᴠ
kä..#ѕᴜʙʀ
pö#go -o#GᴅiR.DOWN
sâ#ᴘᴄFʟ.hand
kä..#ѕᴜʙʀ
ö-#ᴍiᴅ pi#say -mü#PᴅiR.HITHER
gwalekana#Guadalcanal
topwë#little
ma#house
lâ#ᴅᴇᴍ1.ᴅɪѕᴛ
ä#and
kâ#ᴅᴇᴍ2.ᴅɪѕᴛ
amölä#all
kâ#ᴅᴇᴍ2.ᴅɪѕᴛ
kâ#ᴅᴇᴍ2.ᴅɪѕᴛ
kölë#reach -bo#.BZ(PDIR.YON)=O(1MINI)
aolvë#accept -bë#PᴅiR.YON
da#thing
mrge#play ==amu#=2ᴀᴜɢI
muöde#because
lopöta#king.tree.greens
kâ#ᴅᴇᴍ2.ᴅɪѕᴛ
më#ᴘʀᴇᴘ
ö#ɢᴇɴ1ᴀ
lâ#ᴅᴇᴍ1.ᴅɪѕᴛ
ba-#ᴅᴀᴛ ==de#=3ᴍiɴII
në-#ɴᴍʟᴢ1 melë#awaken -kö#ɴᴍʟᴢ.ᴘᴄFʟ -mü#PᴅiR.HITHER ==le#=3ᴍiɴIA
ba-#ᴅᴀᴛ ==de#=3ᴍiɴII
më#ᴘʀᴇᴘ
käetu#leader
sâ#ᴘᴄFʟ.hand ==nge#=1ᴍiɴII
tü-#Rʟ mailë#lead ==pe#=ᴄᴏЅ -bë#PᴅiR.YON ==le#=3ᴍiɴIA
tö-#ɴᴇɢ -#ᴘᴀЅ pöesin#prison -u#ɴᴇɢ
sâ-#ᴘFᴠ
ne#ᴘᴄFʟ.rsbl ==dö#=3ᴀᴜɢII -ngü#ᴘʟ
doa#child
da#thing
ä#and
ä#and
kä..#ѕᴜʙʀ
tü-#Rʟ mölë#be.good ==pe#=ᴄᴏЅ ==#=3ᴍiɴIS
mëtea#village
kâ#ᴅᴇᴍ2.ᴅɪѕᴛ
ma#house
lö#ᴛᴘɴʏᴍ
ä#and
tü-#Rʟ öke#pick ate#afterward ==ä#=1ᴍiɴI
kâ#ᴅᴇᴍ2.ᴅɪѕᴛ
kâ#ᴅᴇᴍ2.ᴅɪѕᴛ
löpëki#road
dalö#things.of
döka'#demon
ni-#ᴀᴄᴄ ==nge#=1ᴍiɴII
-#3ᴀᴜɢ1 abötë#be.happy kë#also ==ngü#=3ᴀᴜɢIS
më#ᴘʀᴇᴘ
lâde#there
dikon#deacon
ä#and
kâ#ᴅᴇᴍ2.ᴅɪѕᴛ
në-#ɴᴍʟᴢ1 yö#write -mü#PᴅiR.HITHER
ëbë#so.then
më#ᴘʀᴇᴘ
të-#Rʟ.3ᴀᴜɢ glü#carry -tö#GᴅiR.IN ==pe#=ᴄᴏЅ -mü#PᴅiR.HITHER
vöi#star
dwa#jump -sä#UᴅiR.AWAY.FROM -pä#GᴅiR.OUT kë#also -mü#PᴅiR.HITHER ==gö#=1ᴀᴜɢII
në-#ɴᴍʟᴢ1 mu#eat -ngö#ɴᴍʟᴢ
ma#house
ö-#ᴍiᴅ pi#say -bo#.BZ(PDIR.YON)=O(1MINI)
japan#JAPAN
kä..#ѕᴜʙʀ
më#ᴘʀᴇᴘ
më#ᴘʀᴇᴘ
ä#and
kâ#ᴅᴇᴍ2.ᴅɪѕᴛ
köistin#Christian
öplë#stone
elö#there
ä#and
ä#and
nepr#Nepr
vo#travel kë#also -mü#PᴅiR.HITHER
ngö#ɢᴇɴ1ᴀ
sâ-#ᴘFᴠ
nëmu-köde#this.way
samwel#Samuel
kâ#ᴅᴇᴍ2.ᴅɪѕᴛ
nidö#be.3ᴀᴜɢII.
vë#go angidö#really -tä#iɴᴛЅ
sâ-#ᴘFᴠ
kâ#ᴅᴇᴍ2.ᴅɪѕᴛ
nëyâmnengö#speaking
doa#child
nigö#be.1ᴀᴜɢII
twë#take -o#GᴅiR.DOWN -mü#PᴅiR.HITHER ==gö#=1ᴀᴜɢII
më#ᴘʀᴇᴘ
köa-#ᴏRᴅ pwä#four
muöde#because
wiki#week
olvë#female
kâ#ᴅᴇᴍ2.ᴅɪѕᴛ ==pe#=ᴄᴏЅ
nigö#be.1ᴀᴜɢII
metrkrbade#Metrkrbade
tü-#Rʟ vë#go -mi#ᴅᴘᴠ -tö#GᴅiR.IN ==pe#=ᴄᴏЅ ==le#=3ᴍiɴIA ==ng#=3ᴀᴜɢIS
-#3ᴀᴜɢ1 atwëlö#dispatch -ngö#ᴀᴘᴘʟ -mü#PᴅiR.HITHER
nyë#ᴘᴄFʟ.ʙ&ɢ ==de#=3ᴍiɴII
nyë#ᴘᴄFʟ.ʙ&ɢ
nâ.leng#CABBAGE.PALM
dü#Фɴᴛ.Ѕɢ
lötëlvë#elders
kä..#ѕᴜʙʀ
japan#JAPAN
ncyabe#wooden.stick.for.marinading.hot.pudding
kâ#ᴅᴇᴍ2.ᴅɪѕᴛ
tü-#Rʟ a-#ᴄᴀᴜЅ yëlu#return ate#afterward ==le#=3ᴍiɴIA
kä..#ѕᴜʙʀ
kâ#ᴅᴇᴍ2.ᴅɪѕᴛ
yö#write -o#GᴅiR.DOWN ==le#=3ᴍiɴIA
kä..#ѕᴜʙʀ
jon#John
tü-#Rʟ ö-#ᴍiᴅ pi#say ==pe#=ᴄᴏЅ -bo#.BZ(PDIR.YON)=O(1MINI)
yököpä#complete
kä..#ѕᴜʙʀ külu#many
ä#and
nabë#area nepi#sun
japan#JAPAN
takes#tax
lâ#ᴅᴇᴍ1.ᴅɪѕᴛ
na-#iRR yapwä#tell -ti#ᴛR -bo#.BZ(PDIR.YON)=O(1MINI)
nounâ#stick
nöpakämölë#Good.News
kxpipz#little
më#ᴘʀᴇᴘ
sade#Sunday
ba-#ᴅᴀᴛ ==de#=3ᴍiɴII
dötwö#neck ==dö#=3ᴀᴜɢII
na-#iRR vë#go ==#=3ᴍiɴIS
më#ᴘʀᴇᴘ
më#ᴘʀᴇᴘ
nigö#be.1ᴀᴜɢII
ä#and
mölâ#there
kä..#ѕᴜʙʀ esë'#one
këdü#a
ëmwälö#fear
nabë.nepi#hour
tü-#Rʟ kölë#know -lë#GᴅiR.UP ate#afterward -bë#PᴅiR.YON ==kö#=1ᴀᴜɢI
pötë#happen -bë#PᴅiR.YON
ngö#ɢᴇɴ1ᴀ
mëtea#village
töpnëngö#none.;.lack;.none
olvë#female
kâng#those
bäli#basket
ä#and
napnrx#BOW.TREE
nâblo#man
skul#be.schooled
dâkta#doctor
ba-#ᴅᴀᴛ ==de#=3ᴍiɴII
eroplen#airplane
a'#but
kâng#those
ä#and
kapten#captain
ä#and
lâde#there
luekäpië#medicine
këble#different
böma#home
mëli#time
ä#and
tutö#stand.onto
lrlvz#Lrlvz
tü-#Rʟ dâpä#remember ==pe#=ᴄᴏЅ ==#=3ᴍiɴIS
lâde#there
mou#again
kâ#ᴅᴇᴍ2.ᴅɪѕᴛ
sâ-#ᴘFᴠ
mü#ᴘᴄFʟ.drink ==mü#=2ᴍiɴII
na-#iRR tekütö#exchange ==pe#=ᴄᴏЅ ==le#=3ᴍiɴIA
muöde#because
töte#father ==nge#=1ᴍiɴII
më#ᴘʀᴇᴘ
masingan#MACHINEGUN
tü-#Rʟ vë#go -ngö#ᴀᴘᴘʟ -mü#PᴅiR.HITHER
elö#there
köa-#ᴏRᴅ li#two
ö-#ᴍiᴅ pi#say -bo#.BZ(PDIR.YON)=O(1MINI)
dëbe#group ==de#=3ᴍiɴII
ëbë#so.then
nidö#be.3ᴀᴜɢII.
kâ#ᴅᴇᴍ2.ᴅɪѕᴛ
ngö#ɢᴇɴ1ᴀ ==de#=3ᴍiɴII
kä..#ѕᴜʙʀ mu#be.like ==le#=3ᴍiɴIA
sâ#ᴘᴄFʟ.hand ==dö#=3ᴀᴜɢII
kölë#reach -mü#PᴅiR.HITHER ==le#=3ᴍiɴIA
manejë#manager
tü-#Rʟ a-#ᴄᴀᴜЅ su#cook ==pe#=ᴄᴏЅ
këdü#a
kä..#ѕᴜʙʀ etu#big
tü-#Rʟ öläti#request;.ask -tö#GᴅiR.IN ==pe#=ᴄᴏЅ -bo#.BZ(PDIR.YON)=O(1MINI)
lö#ᴛᴘɴʏᴍ
nöâ#wave
kâ#ᴅᴇᴍ2.ᴅɪѕᴛ
ba-#ᴅᴀᴛ ==de#=3ᴍiɴII
lâ#ᴅᴇᴍ1.ᴅɪѕᴛ
në-#ɴᴍʟᴢ1 wë#make -kö#ɴᴍʟᴢ.ᴘᴄFʟ ==mü#=2ᴍiɴII
döka'#demon
a'#but
më#ᴘʀᴇᴘ
sâ-#ᴘFᴠ
ötâ#throw -lë#GᴅiR.UP -ngö#ᴀᴘᴘʟ ==de#=3ᴍiɴII
në-#ɴᴍʟᴢ1 ö-#ᴍiᴅ yapwä#tell -kö#ɴᴍʟᴢ.ᴘᴄFʟ -bo#.BZ(PDIR.YON)=O(1MINI)
dötwö#neck ==gö#=1ᴀᴜɢII
ma#house
ngö#ɢᴇɴ1ᴀ
mëli#time
këdü#a
ne#ᴘᴄFʟ.rsbl ==gö#=1ᴀᴜɢII
kä..#ѕᴜʙʀ külu#many
më#ᴘʀᴇᴘ
-#3ᴀᴜɢ1 mnâ#live,.stay kapü#hidden ==ng#=3ᴀᴜɢIS
meöikol#miracle
më#ᴘʀᴇᴘ
kä..#ѕᴜʙʀ
më#ᴘʀᴇᴘ
lâng#these
lö#ᴛᴘɴʏᴍ
lvâ#fly -bë#PᴅiR.YON
në-#ɴᴍʟᴢ1 yöni#cry -tä#iɴᴛЅ ëlwë#much ==ng#=3ᴀᴜɢIS
-#3ᴀᴜɢ1 dwalë#get.up -öbö#WRONG -lë#GᴅiR.UP -ngö#ᴀᴘᴘʟ -mü#PᴅiR.HITHER
në-#ɴᴍʟᴢ1 tülvë#nail -tö#GᴅiR.IN -ngö#ᴀᴘᴘʟ
popë'#bow
muöde#because
nrngx#spider
kâ#ᴅᴇᴍ2.ᴅɪѕᴛ
leplë#people
skul#be.schooled
stoa#STORE
më#ᴘʀᴇᴘ
në-#ɴᴍʟᴢ1 öläti#request;.ask -kö#ɴᴍʟᴢ.ᴘᴄFʟ -bë#PᴅiR.YON
bagö#dat=1augII
na-#iRR abë#try -bë#PᴅiR.YON ==lö#=3ᴀᴜɢIA
nâblo#man
läe#mother.aunt ==de#=3ᴍiɴII
na-#iRR a-#ᴄᴀᴜЅ glü#carry ==pe#=ᴄᴏЅ ==kö#=1ᴀᴜɢI
skul#be.schooled
o#go -mi#ᴅᴘᴠ
katkis#CATECHIST
==le#=3ᴍiɴIIP
kölë#reach -mü#PᴅiR.HITHER ==le#=3ᴍiɴIA
në-#ɴᴍʟᴢ1 vë#go -kö#ɴᴍʟᴢ.ᴘᴄFʟ ==nge#=1ᴍiɴII
lâsu#ship
-#3ᴀᴜɢ1 aâlve#oversee pwë#just ==lö#=3ᴀᴜɢIA
kä..#ѕᴜʙʀ etu#big
kä..#ѕᴜʙʀ
tö-#ɴᴇɢ boi#long -u#ɴᴇɢ
tü-#Rʟ mâ#see ==pe#=ᴄᴏЅ ==le#=3ᴍiɴIA
më#ᴘʀᴇᴘ
tü-#Rʟ dwatö#enter ==pe#=ᴄᴏЅ -mü#PᴅiR.HITHER
tü-#Rʟ ö-#ᴍiᴅ yö#write -ngö#ᴀᴘᴘʟ ==ne#=1ᴍiɴII
më#ᴘʀᴇᴘ
natü#word
nâblo#man
ä#and
nigö#be.1ᴀᴜɢII
skul#be.schooled
sâ-#ᴘFᴠ
ngö#ɢᴇɴ1ᴀ
ä#and
sâ-#ᴘFᴠ
kâ#ᴅᴇᴍ2.ᴅɪѕᴛ
kâ#ᴅᴇᴍ2.ᴅɪѕᴛ
lâde#there
në-#ɴᴍʟᴢ1 ale#do -bë#PᴅiR.YON
etutxpxbz#much.bigger
leplë#people
këdü#a
kä..#ѕᴜʙʀ yëlo#yellow
vo#travel -mü#PᴅiR.HITHER
lâ#ᴅᴇᴍ1.ᴅɪѕᴛ
nyë#ᴘᴄFʟ.ʙ&ɢ
teomo#manioc
lâsu#ship
mëli#time
yë#outside
makätö#church.building
lö#ᴛᴘɴʏᴍ
kä..#ѕᴜʙʀ
këdü#a
töpnëngö#none.;.lack;.none
nuë#canoe
lâde#there
aijz#Aijz
më#ᴘʀᴇᴘ
sâ-#ᴘFᴠ
dalö#things.of
mëtea#village
këdü#a
skul#be.schooled
kä..#ѕᴜʙʀ -#3ᴀᴜɢ1 yagoä#sick ==ngü#=3ᴀᴜɢIS
japan#JAPAN
lâsu#ship kä..#ѕᴜʙʀ lvâ#fly
mnâ#be ==ä#=1ᴍiɴI
vë#go
auki#Auki
në-#ɴᴍʟᴢ1 wë#make -kö#ɴᴍʟᴢ.ᴘᴄFʟ ==de#=3ᴍiɴII
lë#carve -o#GᴅiR.DOWN ==kö#=1ᴀᴜɢI
kä..#ѕᴜʙʀ -#3ᴀᴜɢ1 etu#big
muöde#because
lö#ᴛᴘɴʏᴍ
olvë#wife kâ#ᴅᴇᴍ2.ᴅɪѕᴛ -ma#SPEC
töte#father ==de#=3ᴍiɴII
kâ#ᴅᴇᴍ2.ᴅɪѕᴛ
dwa#jump -mi#ᴅᴘᴠ -tä#iɴᴛЅ -tö#GᴅiR.IN ëpwä#true ==kö#=1ᴀᴜɢI
dötwö#mind ==dö#=3ᴀᴜɢII
ä#and
dakänëng#food
kä..#ѕᴜʙʀ
külu#many
më#ᴘʀᴇᴘ
kâ#ᴅᴇᴍ2.ᴅɪѕᴛ
sâ-#ᴘFᴠ
të-#Rʟ.3ᴀᴜɢ ngölö#hurry -ki#UᴅiR.PATH -o#GᴅiR.DOWN ==pe#=ᴄᴏЅ ==lö#=3ᴀᴜɢIA
sâ-#ᴘFᴠ
kâ#ᴅᴇᴍ2.ᴅɪѕᴛ
tewa#rain
ve#accompany ==ä#=1ᴍiɴI
ä#and
në-#ɴᴍʟᴢ1 mu#eat -ngö#ᴀᴘᴘʟ
bom#bomb
mëli#time
-alo#FOREVER
doa#child
këdü#a
nëli#two;.couple
-#ᴘᴀЅ ka#give -mü#PᴅiR.HITHER
na#ᴘᴄFʟ.food ==gö#=1ᴀᴜɢII
dötwö#mind
nëlu#coconut
kâ#ᴅᴇᴍ2.ᴅɪѕᴛ
kâ#ᴅᴇᴍ2.ᴅɪѕᴛ
tü-#Rʟ obü#look -ne#ᴅЅᴛR ==ne#=1ᴍiɴII
baengr#Baengr
kä..#ѕᴜʙʀ
sâ-#ᴘFᴠ
ä#and
nigö#be.1ᴀᴜɢII
kä..#ѕᴜʙʀ
nümü#way
lâsu#ship
tü-#Rʟ vë#go ==pe#=ᴄᴏЅ ==kö#=1ᴀᴜɢI
topwzne#small
më#ᴘʀᴇᴘ
tu#stand -ne#iɴᴛЅ pwë#just
ä#and
medesin#medicine
vë#go -mü#PᴅiR.HITHER ==#=3ᴍiɴIS
kâ#ᴅᴇᴍ2.ᴅɪѕᴛ
ngi#be
ö-#ᴍiᴅ glü#carry -pä#GᴅiR.OUT ==kö#=1ᴀᴜɢI
dâkta#doctor
më#ᴘʀᴇᴘ
kâ#ᴅᴇᴍ2.ᴅɪѕᴛ
ä#and
këdu#some
më#ᴘʀᴇᴘ
kâ#ᴅᴇᴍ2.ᴅɪѕᴛ
külu#many
ö-#ᴍiᴅ pi#say -bë#PᴅiR.YON ==kö#=1ᴀᴜɢI
ma#house
na#ᴘᴄFʟ.food ==dö#=3ᴀᴜɢII
të-#Rʟ.3ᴀᴜɢ yâmne#speak -ngö#ᴀᴘᴘʟ ==pe#=ᴄᴏЅ -mü#PᴅiR.HITHER ==lö#=3ᴀᴜɢIA
ä#and
më#ᴘʀᴇᴘ
öplë#stone
në-#ɴᴍʟᴢ1 ne#scream -kö#ɴᴍʟᴢ.ᴘᴄFʟ ==de#=3ᴍiɴII
lâsu#ship
topwzne#small
sâ#ᴘᴄFʟ.hand ==gö#=1ᴀᴜɢII
ba-#ᴅᴀᴛ ==nge#=1ᴍiɴII
bâ#top
kâng#those
kâ#ᴅᴇᴍ2.ᴅɪѕᴛ
nüni#mat
këdü#a
wü#high
mëli#time
doa#child
nëmu-köde#this.way
tü-#Rʟ mu#eat ==pe#=ᴄᴏЅ ==kö#=1ᴀᴜɢI
yië#year
ölilö#both ==gö#=1ᴀᴜɢII
mëli#time
kölë#know
kölë#know angidö#really ==kö#=1ᴀᴜɢI
më#ᴘʀᴇᴘ
kä..#ѕᴜʙʀ
kä..#ѕᴜʙʀ esë'#one
më#ᴘʀᴇᴘ
dëbe#group
sada.krus#SANTA.CRUZ
nâdö#ᴄᴏᴍ.
bom#bomb
yöni#cry -tä#iɴᴛЅ
esë'ködö#themselves
mölä#guy
këdü#a
kä..#ѕᴜʙʀ külu#many
na-#iRR ngölö#hurry -ki#UᴅiR.PATH -tö#GᴅiR.IN ==lö#=3ᴀᴜɢIA
nümü#way
këdu#some
më#ᴘʀᴇᴘ
mölë#be.good
kä..#ѕᴜʙʀ
ami#army
kä..#ѕᴜʙʀ -#3ᴀᴜɢ1 mu#be.like ==lö#=3ᴀᴜɢIA
jon#John
neimö#egg
më#ᴘʀᴇᴘ
töpnëngö#none.;.lack;.none
yië#year
kâ#ᴅᴇᴍ2.ᴅɪѕᴛ
yië#year
tö-#ɴᴇɢ -#3ᴀᴜɢ1 ayo#walk -ti#ᴛR ==pe#=ᴄᴏЅ ==lö#=3ᴀᴜɢIA -u#ɴᴇɢ
kâ#ᴅᴇᴍ2.ᴅɪѕᴛ
tü-#Rʟ vë#go ==pe#=ᴄᴏЅ ==kö#=1ᴀᴜɢI
këdü#a
kru#crew
jenwzri#January
metalo#Metalo
tü-#Rʟ öpwämë#nine
-#ᴘᴀЅ oliüti#prepare.for
obqlvz#watching
tü-#Rʟ vë#go -tö#GᴅiR.IN ==pe#=ᴄᴏЅ -bo#.BZ(PDIR.YON)=O(1MINI)
alfabet#alphabet
animol#animal
ä#and
më#ᴘʀᴇᴘ
kölë#know ==pe#=ᴄᴏЅ ==amu#=2ᴀᴜɢI
ngö#ɢᴇɴ1ᴀ
tü-#Rʟ ngya#angry ==pe#=ᴄᴏЅ
doa#child
kâ#ᴅᴇᴍ2.ᴅɪѕᴛ
nâte#his.nose ==de#=3ᴍiɴII
më#ᴘʀᴇᴘ
tü-#Rʟ alvë#teach -ne#START -tö#GᴅiR.IN ==pe#=ᴄᴏЅ ==ä#=1ᴍiɴI ==#=3ᴀᴜɢII
tü-#Rʟ ao#think mou#again ==le#=3ᴍiɴIA
-#3ᴀᴜɢ1 mâ#see -o#GᴅiR.DOWN -mü#PᴅiR.HITHER ==lö#=3ᴀᴜɢIA
ni-#ᴀᴄᴄ ==nge#=1ᴍiɴII
kâ#ᴅᴇᴍ2.ᴅɪѕᴛ
yëu#begin -tö#GᴅiR.IN ==pe#=ᴄᴏЅ
ö-#ᴍiᴅ pi#say -bo#.BZ(PDIR.YON)=O(1MINI)
ä#and
be.nyz.rplz#TROCHUS
kä..#ѕᴜʙʀ
këdü#a
tö-#ɴᴇɢ male#hold ==ä#=1ᴍiɴI -u#ɴᴇɢ
sâ-#ᴘFᴠ
na-#iRR kölë#know kai#first ==le#=3ᴍiɴIA
tü-#Rʟ bü#dark ==pe#=ᴄᴏЅ
kä..#ѕᴜʙʀ etu#big
më#ᴘʀᴇᴘ
kâ#ᴅᴇᴍ2.ᴅɪѕᴛ
nâdö#ᴄᴏᴍ.
kä..#ѕᴜʙʀ
abëo#start
kâ#ᴅᴇᴍ2.ᴅɪѕᴛ
dötwö#mind ==de#=3ᴍiɴII
mou#again
kä..#ѕᴜʙʀ etu#big
tü-#Rʟ vë#go ==pe#=ᴄᴏЅ -bë#PᴅiR.YON ==#=3ᴍiɴIS
natü#word
ä#and
kapten#captain
mëli#time
më#ᴘʀᴇᴘ
më#ᴘʀᴇᴘ
tabâ#hunt ëvë#always ==kö#=1ᴀᴜɢI
amölä#all
ä#and
mâpä#choose ==le#=3ᴍiɴIA
na-#iRR yagoä#sick ==ng#=3ᴀᴜɢIS
më#ᴘʀᴇᴘ
na#ᴘᴄFʟ.food ==dö#=3ᴀᴜɢII
ä#and
peto#bush
tü-#Rʟ mâ#see ==pe#=ᴄᴏЅ ==ä#=1ᴍiɴI
nëmu-köde#this.way
wai#do ==#=ᴄᴍᴘʟ ==le#=3ᴍiɴIA
më#ᴘʀᴇᴘ
döka'#demon
lrlvz#Lrlvz
müngö#image
ä#and
kä..#ѕᴜʙʀ etu#big
ne#ᴘᴄFʟ.rsbl ==de#=3ᴍiɴII
ä#and
sâ-#ᴘFᴠ
nöa#fruit
tü-#Rʟ mnâ#live,.stay läblö#together ==pe#=ᴄᴏЅ ==kö#=1ᴀᴜɢI
ä#and
bäpië#split -pä#GᴅiR.OUT ==#=3ᴍiɴIS
sâ-#ᴘFᴠ
të-#Rʟ.3ᴀᴜɢ lvâ#fly -ne#ᴅЅᴛR ==ng#=3ᴀᴜɢIS
löpë#cloth
mëngöa#honey.eater
ä#and
sâ#ᴘᴄFʟ.hand
natü#word ==de#=3ᴍiɴII
ä#and
ä#and
kâ#ᴅᴇᴍ2.ᴅɪѕᴛ
köaesë'më#sixth
ngö#ɢᴇɴ1ᴀ
mëli#time
këdü#a
ä#and
më#ᴘʀᴇᴘ
ni#be ==pe#=ᴄᴏЅ ==nge#=1ᴍiɴII
nyë#ᴘᴄFʟ.ʙ&ɢ
na-#iRR ngi#be
mökâ#there
da#thing
a'#but
abëo#start ==kö#=1ᴀᴜɢI
kä..#ѕᴜʙʀ
nöpakämölë#Good.News
kuli#dog
döka'#demon
melömü#ancestor ==nge#=1ᴍiɴII -ngü#ᴘʟ
në-#ɴᴍʟᴢ1 lömë#construct -tö#GᴅiR.IN -kö#ɴᴍʟᴢ.ᴘᴄFʟ ==de#=3ᴍiɴII
nâ#tree
më.nibö#AFTER
yöyë#wide
döka'#spirit
narnztilolx#Narnztilolx.(village)
ngi#be
na-#iRR ö-#ᴍiᴅ pnz'#shoot
bia#beer
këdu#some
kâ#ᴅᴇᴍ2.ᴅɪѕᴛ
myapxbz#important
tö-#ɴᴇɢ takitö#fitting ==pe#=ᴄᴏЅ ==de#=3ᴍiɴII -u#ɴᴇɢ
belenga#skull
lâng#these
gât#God
-#3ᴀᴜɢ1 kâti#marvel -tä#iɴᴛЅ -pä#GᴅiR.OUT esë'ngö#exceedingly
tölipu#rain.storm
wë#work -ti#ᴛR -tä#iɴᴛЅ -bë#PᴅiR.YON ==o#=1ᴍiɴI.ᴄᴍʙ
sâ-#ᴘFᴠ
nâtü#point.of.land;.point;.point
pöla#sea
aveati#summon ëvë#always -mü#PᴅiR.HITHER ==le#=3ᴍiɴIA
la#ᴅᴇᴍ1.ᴘʀᴏχ
ma#house
jon#John
nâ#tree
kä..#ѕᴜʙʀ
lâdeng#those
bëkü#do.not
vo#travel -mü#PᴅiR.HITHER
këdü#a
nounenü#cyclone
mëtea#village
kâ#ᴅᴇᴍ2.ᴅɪѕᴛ
yöpla#bang -tö#GᴅiR.IN -ngö#ᴀᴘᴘʟ
dötwö#mind
tü-#Rʟ ö-#ᴍiᴅ pnz'#shoot ==pe#=ᴄᴏЅ -bë#PᴅiR.YON
nâblo#man
neke#who
sâ-#ᴘFᴠ
këdung#ᴀᴛ.фɴᴛ.ᴘʟ.ᴘʟ
waelas#WIRELESS
lâde#there
la#ᴅᴇᴍ1.ᴘʀᴏχ -ngü#ᴘʟ
a'#but
ö-#ᴍiᴅ pi#say -o#GᴅiR.DOWN ==le#=3ᴍiɴIA
nigö#be.1ᴀᴜɢII
mâ#see angidö#really ==pe#=ᴄᴏЅ ==ä#=1ᴍiɴI
tü-#Rʟ wökätö#baptised -ngö#ᴀᴘᴘʟ ==gö#=1ᴀᴜɢII
na-#iRR ngi#be ==pe#=ᴄᴏЅ
amölä#all
ä#and
në-#ɴᴍʟᴢ1 wë#make -kö#ɴᴍʟᴢ.ᴘᴄFʟ ==de#=3ᴍiɴII
mëtea#village
temë#moon.
da#thing
yië#year
kä..#ѕᴜʙʀ
sâ-#ᴘFᴠ
ä#and
nar#head
lö#ᴘᴄFʟ.inherent
tzsiu#monk
tü-#Rʟ a-#ᴄᴀᴜЅ mei#break -bë#PᴅiR.YON ==kö#=1ᴀᴜɢI
ngö#ɢᴇɴ1ᴀ
nâblo#man
ä#and
kâ#ᴅᴇᴍ2.ᴅɪѕᴛ
yëpö#break
tzlede#Tzlede
lömëtangi#foreigner
meöikol#miracle
ä#and
a#oh!
ä#and
da#thing
sâ-#ᴘFᴠ
kâ#ᴅᴇᴍ2.ᴅɪѕᴛ
luesz'lebz#Luesaleba.School
kâ#ᴅᴇᴍ2.ᴅɪѕᴛ
lâ#ᴅᴇᴍ1.ᴅɪѕᴛ
kä..#ѕᴜʙʀ oda#destroy
të-#Rʟ.3ᴀᴜɢ mrge#play ==ng#=3ᴀᴜɢIS
ä#and
nâbö#cross
tö-#ɴᴇɢ mnâ#be ==kö#=1ᴀᴜɢI -u#ɴᴇɢ
yië#year
kâ#ᴅᴇᴍ2.ᴅɪѕᴛ
mâ#see -o#GᴅiR.DOWN -mü#PᴅiR.HITHER
në-#ɴᴍʟᴢ1 tu#stand -o#GᴅiR.DOWN -kö#ɴᴍʟᴢ.ᴘᴄFʟ -mü#PᴅiR.HITHER ==gö#=1ᴀᴜɢII
tü-#Rʟ mnë#lay,.recline -ëli#ALONG ==le#=3ᴍiɴIA
inglan#ENGLAND
ngö#ɢᴇɴ1ᴀ
na-#iRR ö-#ᴍiᴅ lë#carve
dötwö#mind ==de#=3ᴍiɴII
kâ#ᴅᴇᴍ2.ᴅɪѕᴛ
muöde#because
ö-#ᴍiᴅ pi#say -bë#PᴅiR.YON ==le#=3ᴍiɴIA
këdü#a
pi#say -bë#PᴅiR.YON ==le#=3ᴍiɴIA
këdü#a
kâng#those
kä..#ѕᴜʙʀ
lâ#ᴅᴇᴍ1.ᴅɪѕᴛ
më#ᴘʀᴇᴘ
kä..#ѕᴜʙʀ
kä..#ѕᴜʙʀ külu#many
në-#ɴᴍʟᴢ1 akxlr#roasted.greens.on.stone
mëtea#village
të-#Rʟ.3ᴀᴜɢ tave#break -tö#GᴅiR.IN kë#also ==lö#=3ᴀᴜɢIA
nyë#ᴘᴄFʟ.ʙ&ɢ ==de#=3ᴍiɴII
aogzs#AUGUST
me#place
bot#boat
kä..#ѕᴜʙʀ
ba-#ᴅᴀᴛ ==nge#=1ᴍiɴII
ä#and
a'#but
më#ᴘʀᴇᴘ
alankaula#Alankaula
kä..#ѕᴜʙʀ
sâ-#ᴘFᴠ
kâ#ᴅᴇᴍ2.ᴅɪѕᴛ
lö#ᴛᴘɴʏᴍ
sâ-#ᴘFᴠ
amölä#all
tö-#ɴᴇɢ ölö#allow -ngö#ᴀᴘᴘʟ -mü#PᴅiR.HITHER ==le#=3ᴍiɴIA -u#ɴᴇɢ
nigö#be.1ᴀᴜɢII
eprol#APRIL
më#ᴘʀᴇᴘ
kä..#ѕᴜʙʀ
aijz#Aijz
nâblo#man
töpnëngö#none.;.lack;.none
lu#wear.around.neck ==le#=3ᴍiɴIA
vë#go ==pe#=ᴄᴏЅ kai#first p#2ᴍɪɴII
vë#go ==kö#=1ᴀᴜɢI
ö-#ᴍiᴅ pi#say -mü#PᴅiR.HITHER ==le#=3ᴍiɴIA
rum#room
ä#and
tü-#Rʟ yöni#cry -ngö#ᴀᴘᴘʟ ==ne#=1ᴍiɴII
më#ᴘʀᴇᴘ
la#ᴅᴇᴍ1.ᴘʀᴏχ
naonöä#doorway
gwalekana#Guadalcanal
yökö#finish -tä#iɴᴛЅ -o#GᴅiR.DOWN ==#=3ᴍiɴIS
tu#stand
kâma#that.one
sâ#ᴘᴄFʟ.hand ==de#=3ᴍiɴII
tü-#Rʟ mwa#fish -o#GᴅiR.DOWN -mü#PᴅiR.HITHER
më#ᴘʀᴇᴘ
da#thing
ka#give -bë#PᴅiR.YON ==le#=3ᴍiɴIA
lö#ᴘᴄFʟ.inherent ==de#=3ᴍiɴII
skul#be.schooled
më#ᴘʀᴇᴘ
të-#Rʟ.3ᴀᴜɢ tave#break -tö#GᴅiR.IN ==lö#=3ᴀᴜɢIA
namu#how
ëbë#so.then
na-#iRR ipü#forgive -pä#GᴅiR.OUT -ngö#ᴀᴘᴘʟ
më#ᴘʀᴇᴘ
sâ-#ᴘFᴠ
yölë#marry -ti#ᴛR ==ä#=1ᴍiɴI
yököpä#complete -bo#.BZ(PDIR.YON)=O(1MINI)
dü#Фɴᴛ.Ѕɢ
na-#iRR bë#die ==pe#=ᴄᴏЅ -ngö#ᴀᴘᴘʟ ==gö#=1ᴀᴜɢII
tü-#Rʟ ö-#ᴍiᴅ pi#say ==pe#=ᴄᴏЅ -bë#PᴅiR.YON
bëo#army
ëbë#so.then
kâ#ᴅᴇᴍ2.ᴅɪѕᴛ
töpnëngö#none.;.lack;.none
në-#ɴᴍʟᴢ1 wölö#wet -ngö#ᴀᴘᴘʟ ==dö#=3ᴀᴜɢII
dötü#name
nëyölëngö.nëyölë#wedding
ni-#ᴀᴄᴄ ==nge#=1ᴍiɴII
leplë#people
mëli#time
më#ᴘʀᴇᴘ
këdü#a
na-#iRR dövö#cover.from.rain -ngö#ᴀᴘᴘʟ -bo#.BZ(PDIR.YON)=O(1MINI)
dötwö#mind
awi#thank -tä#iɴᴛЅ -ngö#ᴀᴘᴘʟ -bë#PᴅiR.YON ==kö#=1ᴀᴜɢI
kölë#know ==pe#=ᴄᴏЅ ==kö#=1ᴀᴜɢI
mëli#time
këdü#a
kä..#ѕᴜʙʀ
sâ-#ᴘFᴠ
më#ᴘʀᴇᴘ
pawa#Pawa.school
lö#ᴛᴘɴʏᴍ
kë#also
ä#and
muöde#because
mëli#time
kä..#ѕᴜʙʀ
këdü#a
kâ#ᴅᴇᴍ2.ᴅɪѕᴛ
më#eye ==ke'#=1ᴍiɴII
ö#ɢᴇɴ1ᴀ
nâblo#man
ngölä#daylight -tä#iɴᴛЅ -o#GᴅiR.DOWN ==#=3ᴍiɴIS
vea#ask mou#again -mü#PᴅiR.HITHER
kâma#that.one
kölë#reach -mü#PᴅiR.HITHER ==gö#=1ᴀᴜɢII
vë#go
kä..#ѕᴜʙʀ külu#many
kölë#reach -lë#GᴅiR.UP -bë#PᴅiR.YON ==kö#=1ᴀᴜɢI
mou#again
vë#go -bë#PᴅiR.YON ==kö#=1ᴀᴜɢI
nidö#be.3ᴀᴜɢII.
bäli#basket
temë#moon.
vë#go -mü#PᴅiR.HITHER ==#=3ᴍiɴIS
töpnëngö#none.;.lack;.none
koma#today
japan#JAPAN
känëalvëtöng#teachers
ä#and
ne#ᴘᴄFʟ.rsbl ==de#=3ᴍiɴII
doa#child
na-#iRR ölö#allow -ngö#ᴀᴘᴘʟ ==me#=.MQ(PDIR.HITHER)=Q(2MINI)
nidö#be.3ᴀᴜɢII.
kä..#ѕᴜʙʀ pöki#white
tü-#Rʟ osë#climb ==pe#=ᴄᴏЅ ==ä#=1ᴍiɴI
wë#make -ngö#ᴀᴘᴘʟ -mü#PᴅiR.HITHER ==le#=3ᴍiɴIA
të-#Rʟ.3ᴀᴜɢ pnz'#shoot -nüblü#FOLLOW ==pe#=ᴄᴏЅ
në-#ɴᴍʟᴢ1 vë#go -kö#ɴᴍʟᴢ.ᴘᴄFʟ -mü#PᴅiR.HITHER ==gö#=1ᴀᴜɢII
mëli#time
sâ-#ᴘFᴠ
nëpnu-esë'#ten
tü-#Rʟ vë#go -ki#UᴅiR.PATH -pä#GᴅiR.OUT
më#ᴘʀᴇᴘ
më#ᴘʀᴇᴘ
ëbë#so.then
më#ᴘʀᴇᴘ
luekäpië#medicine
kä..#ѕᴜʙʀ
ezpct#AIRPORT
jenwzri#January
kâ#ᴅᴇᴍ2.ᴅɪѕᴛ
nâblo#man
sâ-#ᴘFᴠ
kâ#ᴅᴇᴍ2.ᴅɪѕᴛ
meöikol#miracle
mama#priest
në-#ɴᴍʟᴢ1 tao#fall.down -kö#ɴᴍʟᴢ.ᴘᴄFʟ -mü#PᴅiR.HITHER ==lö#=3ᴀᴜɢIA
mama#priest
sâ-#ᴘFᴠ
ä#and
kâpwë#same
sâ-#ᴘFᴠ
kâ#ᴅᴇᴍ2.ᴅɪѕᴛ
kâ#ᴅᴇᴍ2.ᴅɪѕᴛ
käetu#Lord
kâ#ᴅᴇᴍ2.ᴅɪѕᴛ
ncnia#Ncnia
peao#torch
möka#here
kä..#ѕᴜʙʀ
të-#Rʟ.3ᴀᴜɢ mnâ#be -tä#iɴᴛЅ pwë#just
töte#father ==nge#=1ᴍiɴII
ni-#ᴀᴄᴄ ==nge#=1ᴍiɴII
yië#year
sâ-#ᴘFᴠ
ä#and
dötwö#mind
tü-#Rʟ tu#stand -tä#iɴᴛЅ -pä#GᴅiR.OUT -mü#PᴅiR.HITHER ==#=3ᴍiɴIS
na-#iRR vë#feel.sad -ngö#ᴀᴘᴘʟ
më#ᴘʀᴇᴘ
doa#child
kâ#ᴅᴇᴍ2.ᴅɪѕᴛ
tü-#Rʟ tu#stand -tö#GᴅiR.IN -mü#PᴅiR.HITHER
të-#Rʟ.3ᴀᴜɢ mailë#rule;.rule ==lö#=3ᴀᴜɢIA
da#thing
në-#ɴᴍʟᴢ1 aelwa#show;.show;.prove -kö#ɴᴍʟᴢ.ᴘᴄFʟ -mü#PᴅiR.HITHER ==le#=3ᴍiɴIA
skul#be.schooled
nüvi#rope
kâng#those
sâ-#ᴘFᴠ
kä..#ѕᴜʙʀ li#two
në-#ɴᴍʟᴢ1 a-#ᴄᴀᴜЅ ötä#leave.behind -kö#ɴᴍʟᴢ.ᴘᴄFʟ -bë#PᴅiR.YON ==lö#=3ᴀᴜɢIA
më#ᴘʀᴇᴘ
kä..#ѕᴜʙʀ
ö-#ᴍiᴅ pi#say -bë#PᴅiR.YON ==le#=3ᴍiɴIA
më#ᴘʀᴇᴘ
a'#but
mölä#guy
-#3ᴀᴜɢ1 mâ#see ==tö#=3ᴀᴜɢII
kä..#ѕᴜʙʀ pâ#red
tin#CAN
ötöngö#take.hold.of -ti#ᴛR -o#GᴅiR.DOWN ==ä#=1ᴍiɴI
në-#ɴᴍʟᴢ1 tao#fall -kö#ɴᴍʟᴢ.ᴘᴄFʟ
dzbede#group
ä#and
na-#iRR vë#go -pä#GᴅiR.OUT -kö#ɴᴍʟᴢ.ᴘᴄFʟ -mü#PᴅiR.HITHER ==le#=3ᴍiɴIA
badö#dat=3augII
baengr#Baengr
lâ#ᴅᴇᴍ1.ᴅɪѕᴛ
batrpz#cause
ba-#ᴅᴀᴛ ==de#=3ᴍiɴII
të-#ᴘᴀЅ ö-#ᴍiᴅ pi#say -bë#PᴅiR.YON
kru#crew
pöla#sea
këdung#ᴀᴛ.фɴᴛ.ᴘʟ.ᴘʟ
newë#mountain
a'#but
nâ#tree
suti#want
plëpä#confess ==le#=3ᴍiɴIA
kâng#those
tü-#Rʟ twë#take ==pe#=ᴄᴏЅ
bwa#shark
ate#previous ==#=3ᴍiɴIS
kä..#ѕᴜʙʀ
natü#word ==dö#=3ᴀᴜɢII
kölë#reach -mü#PᴅiR.HITHER ==le#=3ᴍiɴIA
në-#ɴᴍʟᴢ1 vë#go -kö#ɴᴍʟᴢ.ᴘᴄFʟ ==dö#=3ᴀᴜɢII
doa#child
kâ#ᴅᴇᴍ2.ᴅɪѕᴛ
tü-#Rʟ vë#go ==pe#=ᴄᴏЅ ==kö#=1ᴀᴜɢI
blrirde#side.of.tool
ä#and
natü#word ==nge#=1ᴍiɴII
tü-#Rʟ oti#take ==pe#=ᴄᴏЅ -bë#PᴅiR.YON ==le#=3ᴍiɴIA
kä..#ѕᴜʙʀ etu#big
ëyagoä#sickness
tü-#Rʟ wai#do
ä#and
ma#advrs
tömâtu#island
lika#kite
-alo#FOREVER
kä..#ѕᴜʙʀ
kä..#ѕᴜʙʀ
-#ᴘᴀЅ lë#carve -tö#GᴅiR.IN -ngö#ᴀᴘᴘʟ ==de#=3ᴍiɴII
nar#head ==de#=3ᴍiɴII
ä#and
ölilö#both ==mu#=2ᴀᴜɢII
müngö#image
ba-#ᴅᴀᴛ ==nge#=1ᴍiɴII
yökö#finish -mi#ᴅᴘᴠ -tä#iɴᴛЅ -pä#GᴅiR.OUT
ä#and
bo#dark.coloured -o#GᴅiR.DOWN -ngö#ᴀᴘᴘʟ
më#ᴘʀᴇᴘ
kâng#those
yië#year
kâ#ᴅᴇᴍ2.ᴅɪѕᴛ
sâ-#ᴘFᴠ
kâ#ᴅᴇᴍ2.ᴅɪѕᴛ
tü-#Rʟ tu#stand -pä#GᴅiR.OUT -ngö#ᴀᴘᴘʟ -mü#PᴅiR.HITHER
skul#be.schooled
melömü#grandfather ==nge#=1ᴍiɴII
më#ᴘʀᴇᴘ
tü-#Rʟ ötwayë#lead.from.front;.walk
këdü#a
kâ#ᴅᴇᴍ2.ᴅɪѕᴛ
lökö'#rat
më#ᴘʀᴇᴘ
sade#Sunday
kâ#ᴅᴇᴍ2.ᴅɪѕᴛ
enjin#engine
a'#but
këdung#ᴀᴛ.фɴᴛ.ᴘʟ.ᴘʟ
ö-#ᴍiᴅ pi#say -mü#PᴅiR.HITHER ==le#=3ᴍiɴIA
në-#ɴᴍʟᴢ1 tekütö#exchange -kö#ɴᴍʟᴢ.ᴘᴄFʟ ==de#=3ᴍiɴII
mnâ#be -tä#iɴᴛЅ ==pe#=ᴄᴏЅ ==#=3ᴍiɴIS
dalö#things.of
alvëtö#teach mou#again ==ä#=1ᴍiɴI
më#eye ==ke'#=1ᴍiɴII
ä#and
në-#ɴᴍʟᴢ1 ka#give -pä#GᴅiR.OUT -mü#PᴅiR.HITHER ==lö#=3ᴀᴜɢIA
doa#child
pwökilvâ#startled ==pe#=ᴄᴏЅ -ngö#ᴀᴘᴘʟ ==de#=3ᴍiɴII
kä..#ѕᴜʙʀ etu#big
nëlu#coconut
ä#and
tü-#Rʟ ta#strike -ti#ᴛR ==pe#=ᴄᴏЅ
kä..#ѕᴜʙʀ
elö#there
nëlu#coconut
tü-#Rʟ vo#travel -ne#ᴅЅᴛR
kapten#captain
tü-#Rʟ twë#take ==pe#=ᴄᴏЅ
më#ᴘʀᴇᴘ