eyes
small
3PL.P. to
at:AR
really
person
FOC
AR.S:Ø.PFV:Ø. be:IPV
where
village
here
TERM. IT. INDF:3SG.S:INC. QUAL:AA.IPV:L. sneak:IPV:NOM
AR.S. think:IPV
that
3SG
GIRL
tent
and
white.winged.scoter
and
from
finally
1PL.O. 3PL.S. INC:DH.PFV:Ø. handle.PL.O:PFV
MED. outside:PNCT
for
creek
now
OUT. N.PFV:2SG.S:Ø. SG.go:PFV
finally
ADVZR
3SG
IT. 3SG.S:INC:Ø.IPV:D. be:IPV:CUST
ADVZR
ADMIR. 3PL.S>3SG.P. QUAL:DH.PFV:H. be.burning:IPV
3PL.S. N.PFV:Ø. PL.go:PFV
and
3SG.S>3SG.P. Ø.IPV:H. say:IPV
3PL.S:Ø.IPV:D. do:IPV:NEG
Ø.IPV:1SG.S:Ø. cry:IPV
only
NEGEX
REFL.PSR. mother
ADVZR
AND.THEN
3SG.S>3SG.P. Ø.IPV:H. say:IPV
this
3PL.P. away.from
ADVZR
1SG.P. following
how
and
GIRL
earth
still
3PL.S:Ø.IPV:H. do:IPV:CUST
AR.S:Ø.PFV:Ø. be.big:IPV
creek
the.way
AR.S:Ø.PFV:Ø. be:IPV
finally
1SG.PSR. grandmother
tracks
what
ADVZR
still
REFL.PSR. mother
AND.THEN
lake
also
village
ADVZR
3PL.P. for
ADVZR
AWAY. 3PL.S. INDF.S:QUAL:DH.PFV:L. SG.go:PFV
ball
away.from
3SG.S:Ø.IPV:H. say:IPV
also
1PL
on
3PL.S>3SG.P. PP. QUAL:DH.PFV:D. fail:PFV
1SG.P. for
and
1PL.S:INC:Ø.IPV:Ø. PL.go:IPV:CUST
also
those
IT. N.PFV:1SG.S:D. SG.go:PFV
TERM. IT. 3PL.S>3PL.O. QUAL:DH.PFV:L. handle.PL.O:IPV:CUST
all.long
1SG.P. 3SG.S:Ø.IPV:H. say:IPV
3SG.S:QUAL:DH.PFV:H. handle.AO:PFV
3SG.S>3SG.P. Ø.IPV:H. say:IPV
three
REFL.PSR. head
moose
and
finally
3PL.PSR. mother
ASRT
tree.stump