metoh#know,.to
natam#Natam
meng-#ACTIVE.VOICE elem#hold.onto,.grasp
tepat#just.right
kalak#person
mbue#many
sendah#presently,.nowadays
tebhu#sugarcane
pe-#HAVING.TO.DO.WITH... khencane#plan -en#HAVING.TO.DO.WITH... ==ne#=3SG
me-#TO.HAVE.... pangkat#rank,.station.in.life
bahagie#happy
mame#uncle ==ne#=3SG
kelak#what.will.come
men-#ACTIVE.VOICE akhik#to.pull
meng-#ACTIVE.VOICE ato#watch,.look,.see
khumah#home
akhi#from
kalak#person
wahai#O
amin#only
mem-#ACTIVE.VOICE ege#hear,.to
madhe#negativizer
otomatis#automatic
te#and
pedagang#merchant
me#to,..toward.(a.place)
puhun#aunt
jekhok#conversation ==ne#=3SG
kae#WHAT
ke-#NOMINALIZER sokhokh#to.be.famous -en#NOMINALIZER
si#relpro layakh#sail
nange#again
pesisikh#coast
milik#possession -i#GIVE.X.TO
si#relpro
anak#child
sendikhi#alone -en#ADVERBIALIZER
nemu#to.be.able.to
pelin#only
pakek#to.use
ende#this
te#and
iye#3sg
pakek#to.use
alas#alas
usahe#effort
de#if
si#relpro layakh#sail
meng-#TO.GO.TO.... adep#face
dempik#cry.out,.to
te-#ABILITATIVE gusuk#scrub,.to
bumi#earth,.the.world
men-#ACTIVE.VOICE olong#to.help
dapet#get,.receive -i#REPEATEDLY
ende#this
ni-#PAS.TR khakut#to.tie
nde#this
peng-#HAVING.TO.DO.WITH... ukhus#barren -en#HAVING.TO.DO.WITH...
se-#ONE kalak#3mp
sendikhi#alone
khut#with
laki-laki#male
ngo#done.(finished)
malet#neg
ende#this
mame#uncle
motokh#car e#that,.those
si#relpro layakh#sail
oyek#no,.not.(of.nouns)
megekhogoti#to.gnaw.on
pekhintah#order.(command)
khombong#to.be.a.group -en#OBJECT.OF.VERB
selukhuh#entire
kisat#lazy
laus#go mece#to.read.holy.books -me#EMPHASIS
hakhte#wealth
pemain.sukhi#QUEEN ==ne#=THE
handhe#here
datas#top
pade#on.(of.dates)
me#to,..toward.(a.place)
akhi#from
geluh#to.live.(be.alive)
pemain.sukhi#QUEEN
iye#3sg -me#EMPHASIS
lot#be,.exist,.have
ganteng#handsome
edi#that,.those
pejabat#officials.(government)
bekhu#wife ==ne#=3SG
te#and
men-#ACTIVE.VOICE ikmat#enjoy -i#DURATIVE?
me-#TO.HAVE.... khiyut#mouth.of.a.river
alangkah#how
kabakh#news
ni#in,.at.(space)
hal#thing
sang#class.person
agup#to.be.capable.of
khang.tue#PARENTS ==ne#=3SG
si#relpro
bahagie#happy
te-#SUPERLATIVE pucat#pale pasti#very
si#relpro layakh#sail
meng-#ACTIVE.VOICE ato#watch,.look,.see
plastik#plastic
se.sikel#AS.IF
me#to,..toward.(a.place)
dalan#road
layakh#sail
kene#also
edi#that,.those
metekh#meter
me#to,..toward.(a.place)
ke-#CHARACTERSTIC.OF yaman#comfortable -en#CHARACTERSTIC.OF
kane#even.(also)
te#and
==mu#=2ND.PERSON
wali#representative ==ne#=3SG
pekhintah#order.(command)
antakhe#between
sultan#sultan
apekah#are?
ie#3sg
putus#to.break ase#hope
endak#not
m-#ACTIVE.VOICE angan#eat
iye#3sg
edi#that,.those
se-#ONE kalak#person
sukut#story ==ne#=THE
edi#that,.those
saling#mutual,.mutually
kabakh#news
tapi#but
ni#in,.at.(space) hadep#in.front.of
ni#in,.at.(space)
pinang#to.propose.(marriage) -en#OBJECT.OF.VERB
hambe#servant
ni-#PAS.TR pe-#SEMANTIC.ROLE:.PATIENT kikhe#to.think -ken#SEMANTIC.ROLE:.PATIENT
kayu#wood
mungkin#maybe
ke-#NOMINALIZER khoh#come,.to -en#NOMINALIZER
bulet#without.exception
pakhe#group
acam#to.threaten -en#OBJECT.OF.VERB
kahkhene#because
enggo#done.(finished)
khut#with
sang#class.person
amin#only
si#relpro
kase#even.(also)
kekuaten#strength
tukhun#TO.GO.DOWN ==lah#=FRONTED.ELEMENT
woi#woi
ni-#PAS.TR tambah#Tambah
khaje#king
selame#the.time.of
endhe#it
due#two
kune#HOW?
enggo#done.(finished)
amek#mother
kawin#to.marry
te#and
kane#even.(also)
tekhahikh#the.most.recent
dape#where
enggo#done.(finished)
si#relpro
natam#Natam
lawe#river
nawe#spirit
jakhum#needle
anak#child ==ne#=THE
jage#guard,.to lah#polite.imperative
kelak#what.will.come
kane#so
pakek#to.use
ni-#PAS.TR babe#to.carry m-#ACTIVE.VOICE balik#return.(go.back)
si#relpro
meba#to.(a.person) ==ne#=3SG
natam#Natam
khisau#worried
khut#with
bongi#night
uwis#cloth
si#relpro
natam#Natam
ingin#to.want
kao#you.(hon)
kane#even.(also)
te-#ABILITATIVE tandok#sit.down,.to me-#TO.HAVE.... sile#cross.legged.position
de#if
bekhu.dinam#BRU.DINAM
m-#CAUSATIVE bulak#to.collapse -ken#CAUSATIVE
bekhe#nephew
mekh-#TO.DO.... umukh#age
akhi#from
sentue#oldest.(child)
namun#but
kakhine#entire
sang#class.person
edi#that,.those
dape#where
[c^1][v^1]-#REPEATED.ACTION minum#drink,.to
daekhah#area
se-#ONE [...]--#RDP sikel#intend,.to
te#and
te#and
aku#1sg
edi#that,.those
tanoh#land
handhe#here
jumpe#meet,.to
bone#yesterday
menukhut#according.to
jukhang#chasm
amek#mother
mulai#begin,.to
ke-#CHARACTERSTIC.OF suwi#magical -en#CHARACTERSTIC.OF
si#relpro
me-#TO.DO.... lalu#to.pass
cinta#love -i#GIVE.X.TO
ni#in,.at.(space)
iye#3sg
tukang#CRAFTSMAN
edi#that,.those
ntekhen#many.people
goye#worm
akhi#from
izin#permit,.license -ken#IMPERATIVE
nange#again
de#if
bhatu#stone
edi#that,.those
wakhi#day
men-#ACTIVE.VOICE cube#try
daye#to.sell
me-#TO.DO.... daun#drug,.medicine
penduduk#citizen
anak#child ==ne#=3SG
gat#continue
me-#TO.BE.... belin#large
penghulu.mude#PENGULU.MUDE
ni-#PAS.TR angap#to.view.as
wakhi#day
ahli#expert
te-#ABILITATIVE jekhang#to.cook
hambe#servant
kao#you.(hon)
ni#in,.at.(space)
nggo#done.(finished)
kakhang#compose,.write
[...]--#RDP dempik#cry.out,.to
kase#so.that
pe#also
te#and
pakek#to.use
tebe#TOWARD.(A.PERSON)
halaman#yard
me-#TO.DO.... jolokh#to.creep
tebe#what.happened
te-#ABILITATIVE takhik#to.pull
wakhi#day
te#and
ni-#PAS.TR mutilasi#to.mutilate
jagung#corn
padahal#even.though
khut#with
wakhi#day
malet#neg
sikal#will
ng-#ACTIVE.VOICE ulah#behavior
manusie#HUMAN
kane#so
soh#to.arrive
si#relpro
edi#that,.those
panen#harvest
anak#child
setekhusne#continuing
pakhe#group
ni-#TRAN.PAS khestu#blessing -i#TRAN.PAS
kune#HOW?
si#relpro
adih#THERE
edi#that,.those
anak#child
malet#neg
mem-#ACTIVE.VOICE babe#to.carry
si#relpro layakh#sail
te#and
namun#but
khaje#king
tubuh#body
si#relpro layakh#sail
ke-#NOMINALIZER hadikh#to.arrive -en#NOMINALIZER
pengulu.mude#PENGULU.MUDE
kabakh#news
tule#again
khoh#come,.to
tukang#CRAFTSMAN
engo#have.been,.ever
men-#ACTIVE.VOICE jadi#to.become
bayi#baby
edi#that,.those
niat#intention
niwekhe#coconut
khut#participate
ni-#PAS.TR jumpa#certain -i#IMPERATIVE
sikel#will
edi#that,.those
amin#only lah#intensifier
lot#be,.exist,.have
akhi#from
si#relpro
si#relpro
manusie#HUMAN
ni-#PAS.TR ekhe#to.give
sen#money
singkil#Singkil
tule#again
ge#just
sendikhi#alone
wakhi#day
ke-#CHARACTERSTIC.OF gembikh#happy -en#CHARACTERSTIC.OF
abhang#brother,.older
lebih#more.(comparative.quality)
si#relpro
mem-#CAUSATIVE pekh-#IMPERATIVE tahan#resilient -ken#CAUSATIVE
kite#we
sikel#will
ni-#PASS.INTR tumpang#to.somersault kepaling#to.turn -ken#CAUSATIVE
nggo#done.(finished)
ni#in,.at.(space)
si#relpro
sen#money
peng-#THE.ACT.OF.... ukhus#barren -en#THE.ACT.OF....
balik#return.home,.to ==lah#=FRONTED.ELEMENT
deleng#jungle
ni-#PAS.TR lindung#to.shelter -i#DURATIVE?
saingen#competition ==e#=3SG
me#to,..toward.(a.place)
jahat#evil ==ne#=3SG
si#relpro
ke-#NOMINALIZER khaja#king -en#RECIPRICAL
pade#on.(of.dates)
kalak#3mp
manuk#chicken
keluki#eagle
m-#TRANS babe#to.carry m-#TRANS balik#return.(go.back)
lot#be,.exist,.have
bekhu#wife ==ne#=3SG
bali#same
waluh.belas#EIGHTTEEN
me#to,..toward.(a.place)
ahli#expert
ate#heart ==ne#=3SG
iye#3sg
tonge#still
se-#ONE cakhe#way,.method
laus#go mece#to.read.holy.books
tanoh#land
si#relpro
khut#with
khang.tue#PARENTS ==ne#=THE
nawe#spirit ==ne#=3SG
bekhu#wife ==ne#=3SG
mbelin#large
sang#class.person
wakhi#day
sang#class.person
pekhistiwe#event
me-#TO.HAVE.... gekhot#ticking
penjelasen#clarification
belin#large
pidon#request ==ne#=THE
khaje#king
si#relpro layakh#sail
kalaki#3mp
ahli#expert
dape#where
lahekh#born ==ne#=THE
te#and
si#relpro
kite#we
lain#other ==ne#=THE
mulai#begin,.to
edi#that,.those
iye#3sg
si#relpro layakh#sail
si#relpro layakh#sail
tuan#master ==ku#=1SG
senakhen#always
si#relpro
me-#TO.GO.TO.... daun#drug,.medicine
bahwe#that
edi#that,.those
te#and
nomokh#number
bekhu#woman ==ne#=3SG
ninik#grandmother
ni-#PAS.TR bagi#to.share
khimo#tiger
tanpa#without
akhi#from
buah#one
malet#neg
khut#with
bujuk#persuasion -en#NOMINALIZER
allah#God
pekhintah#order.(command)
nange#again
lah#emphasis
kabakh#news
cut#little.(small)
nange#again
khombong#to.be.a.group -en#OBJECT.OF.VERB
meleset#to.miss.the.mark
tekhsebut#previously.mentioned
te#and
khase#feel,.to
tebe#TOWARD.(A.PERSON)
cut#little.(small) ==ne#=3SG
malet#neg
jabu#family
nakan#rice.(cooked)
[...]--#PLURAL anak#child
mey-#ACTIVE.VOICE usul#to.organize ==lah#=FRONTED.ELEMENT
ni#in,.at.(space)
tuan#master ==ku#=1SG
wakhi#day
se-#ONE kalak#person
si#relpro
me-#TO.HAVE.... doe#prayer
penduduk#citizen
akhi#from
amin#only lah#emphasis
aku#1sg
si#relpro layakh#sail
pakek#to.use
beliau#3sg.Hon
kabakh#news
batin#inner.soul
se-#ONE kalak#person
kao#you.(hon)
lebhe#first
enggo#done.(finished)
khut#with
ame#mother
nak#child
bekhe#nephew ==ne#=3SG
madhe#negativizer
pukhih#midvein.of.leaf
aceh.dakhussalam#ACEH.DARUSSALEM
sikel#will
penangkou#pickpocket
nakan#rice.(cooked)
bayi#baby
iye#3sg
pitu#seven
cinte#love
nange#again
si#relpro layakh#sail
si#relpro
bagien#part ==ne#=3SG
tanoh#land
nange#again
mampu#to.be.capable.of
si#relpro
me-#TO.HAVE.... khiyum#high.emotion
khaje#king
akhi#from
ni-#TRAN.PAS milik#possession -i#TRAN.PAS
tandok#sit.down,.to sile#cross.legged.position -me#POLITE.IMPERATIVE
adalah#is
de#if
amin#only lah#intensifier
si#relpro
kakhene#because
me-#TO.BE.... tungkuk#arched.back
ni#in,.at.(space)
ndak#not
[...]--#PLURAL khumah#home
munyang#ancestor
tebe#TOWARD.(A.PERSON)
sulit#complicated
tading#live.(stay.in.a.place)
lain#other ==ne#=THE
kae#WHAT
si#relpro
te#and
pagakh#gate
hakhte#wealth
si#relpro
pakse#force,.to
buluh#bamboo
kane#even.(also)
me-#TO.HAVE.... baju#shirt
kalaki#3mp
kane#even.(also)
ngkekhan#Engkeran
ketang#rotan =e#THAT
wakhan#root
mem-#CAUSATIVE utus#to.be.certain -ken#CAUSATIVE
daekhah#area
madhe#negativizer
salah.sebuah#ONE.OF
akhi#from
lahekh#born ==ne#=THE
de#if
iye#3sg
aku#1sg
ke-#CHARACTERSTIC.OF gigih#active -en#CHARACTERSTIC.OF
te-#ABILITATIVE bege#hear,.to
hakhte#wealth
ni-#PAS.TR cabeng#to.throw -ken#IMPERATIVE ==ne#=3SG
ni-#PAS.TR susun#to.arrange
si#relpro
engkekhan#Engkeran
malet#neg
kalihen#very
mem-#ACTIVE.VOICE unuh#kill
tanoh#land
tuan#master ==ku#=1SG
kite#we
uwak#father ==ku#=1SG
khaje#king
miskin#poor
hakhap#hope,.to -en#OBJECT.OF.VERB
suami#husband
si#relpro
bekhat#weight
ni-#PAS.TR cindekh#stand.up,.to -ken#PASS.INTR
ahli#expert
m-#CAUSATIVE putekh#rotate -ken#CAUSATIVE
meng-#TO.APPLY.....TO.THE.OBJECT hokhmat#respect -i#TO.APPLY.....TO.THE.OBJECT
ampun#mercy
pakek#to.use
tekhsebut#previously.mentioned
telu#three
ni#in,.at.(space)
se-#ONE kelompok#team
e#that,.those
pe-#HAVING.TO.DO.WITH... dalan#road -en#HAVING.TO.DO.WITH...
pe#also
me-#TO.DO.... lalu#to.pass
te#and
sendikhi#alone
si#relpro
keluki#eagle
kabukh#blurry
sang#class.person
sekhik#difficult
sendikhi#alone
manusie#HUMAN
salah.sebuah#ONE.OF
madhe#negativizer
edi#that,.those
gegakhe#the.reason.something.happens
amek#mother
si#relpro
si#relpro layakh#sail
te#and
alas#alas
nujum#fortune.teller
ni-#TRAN.PAS kakhunia#blessing -i#TRAN.PAS
te-#ABILITATIVE lantakh#to.cause
si#relpro
aku#1sg
te#and
dukut#grass
oleh#by
khut#with
me-#CAUSATIVE soh#to.arrive -ken#CAUSATIVE
sendah#presently,.nowadays
singkil#Singkil
sebage#like
ni-#PASSIVE kate#word -ken#PASSIVE
tadi#just
jadi#so
nujum#fortune.teller
anak#child
tule#again
mejile#good
kawin#to.marry
main#to.play
pulo.biang#PULAU.BIANG
men-...-ken#CAUSATIVE ekhe#to.give -ken#CAUSATIVE
tuan#master ==ku#=1SG
te#and
oleh#by
te#and
geluh#to.live.(be.alive)
hakhus#must
masakhakat#community
tahun#year
galuh#banana
ge#just
wayang#very
ni-#PAS.TR pinpin#to.lead
me-#TO.DO.... mohon#to.politely.request
jaye#successful
kalak#person
tapi#but
deleng#jungle
mentakh#white
meng-#CAUSATIVE ekhi#finish.off,.to -ken#CAUSATIVE
lah#emphasis
tentang#about
iye#3sg
mame#uncle ==ne#=3SG
akhi#from
bhe#to,..toward.(a.place)
sang#class.person
enggo#done.(finished)
ni#in,.at.(space)
ni#in,.at.(space)
se-#ONE kalak#person
e#that,.those
melet#to.intend
kabakh#news
tangis#to.cry
anjam#to.threaten -en#OBJECT.OF.VERB
ngkhan#Engkeran
nggeluh#life
meng-#TO.APPLY.....TO.THE.OBJECT akhekh#the.end -i#TO.APPLY.....TO.THE.OBJECT
milik#possession -i#GIVE.X.TO
si#relpro
tanoh#land
me-#TO.HAVE.... hak#rights
malet#neg
kalihen#very
pakhau#raspy
oleh#by
tekh-#ABILITATIVE bunuh#kill
bekhu#wife ==mu#=2ND.PERSON
ende#this
ni-#PAS.TR tengo#to.call
kekade#thing,.item
men-#ACTIVE.VOICE cube#try
te-#PASS.TR kukhik#to.pierce -ken#PASS.TR
muncul#to.appear
nggo#done.(finished)
peng-#PERSON.WHO.HAS.... uase#power
me-#ACTIVE.VOICE bahan#to.produce
te#and
pulau.biang#PULAU.BIANG
iye#3sg
te#and
kalak#person
men-...-ken#CAUSATIVE ekhe#to.give -ken#CAUSATIVE
anak#child
mulai#begin,.to
me-#TO.HAVE.... pangkat#rank,.station.in.life
akhi#from
si#relpro
uwak#father ==ne#=3SG
khumah#home
nakhu#GIRL
si#relpro layakh#sail
khaje#king
pemain.sukhi#QUEEN ==ne#=THE
si#relpro
se-#ONE kalak#person
ke-#NOMINALIZER ekhoh#come,.to -en#NOMINALIZER
te-#ABILITATIVE bhabhe#to.carry m-#TRANS bhalik#return.home,.to
jukhang#chasm
aku#1sg
te#and
khut#with
n-#CAUSATIVE tukokh#buy -ken#CAUSATIVE
si#relpro
me#to,..toward.(a.place)
sengaje#to.be.intended
khut#with
pot#to.want
semakin#increasingly
khangtue#PARENTS
bagi#for
khut#with
si#relpro
kobo#water.buffalo
uwak#father
sendah#presently,.nowadays
ke-#CHARACTERSTIC.OF sulit#complicated -en#CHARACTERSTIC.OF
kawin#to.marry
anak.laki#BOY
akhi#from
tekh-#ABILITATIVE tandok#sit.down,.to
bakhu#just
si#relpro
malet#neg
malet#neg
ame#mother
ni-#PASS.INTR tahan#to.hold.back ==ne#=3SG
khaje#king
sebage#like
ngkran#Engkeran
natam#Natam
meng-#ACTIVE.VOICE ato#watch,.look,.see
ami#only lah#polite.imperative
natam#Natam
bekhu#woman ==ne#=3SG
ni-#PAS.TR tumpang#to.somersault kepaling#to.turn
ende#this
takkala#at.the.time
aku#1sg
khut#with
geluh#to.live.(be.alive)
de#if
khoh#come,.to
tapi#but
iye#3sg
soh#to.arrive
lebuh#quiet
iye#3sg
tangung.jawab#RESPONSIBILITY
ciduhken#display,.to
keluki#eagle
mem-#ACTIVE.VOICE opok#strike,.hit
khang.tue#PARENTS ==ne#=THE
bekhu.dinam#BRU.DINAM
kute#city
tutung#burn,.burnt
si#relpro layakh#sail
petame#first
anak#child
si#relpro layakh#sail
khumah#home
men-#CAUSATIVE ading#live.(stay.in.a.place) -ken#CAUSATIVE
khang.tue#PARENTS ==ne#=3SG
si#relpro
pesan#order
lah#emphasis
bekhu.dinam#BRU.DINAM
lah#emphasis
de#if
si#relpro layakh#sail
bekhe#nephew ==ne#=3SG
edi#that,.those
kawin#to.marry
tekhuh#under
edi#that,.those
deleng#jungle
edi#that,.those
si#relpro layakh#sail
se-#ONE bage#such.as ==ne#=3SG
meng-#ACTIVE.VOICE anut#to.follow
peng-#THE.ACT.OF.... kikha#to.think -en#THE.ACT.OF....
si#relpro layakh#sail
si#relpro
sosok#figure
me#to,..toward.(a.place)
ni-#PASS.INTR laus#go mece#to.read.holy.books -ken#PASS.INTR
akhi#from
mame#uncle ==ku#=1SG
pengulu.mude#PENGULU.MUDE
kalaki#3mp
lain#other
tekh-#ABILITATIVE jadi#to.become
te#and
oleh#by
siap#prepared,.ready
khut#also
si#relpro layakh#sail
khut#with
malet#neg
se-#ONE tekhus#to.continue ==ne#=3SG
m-#ACTIVE.VOICE ahan#to.produce
selame#the.time.of
tebe#TOWARD.(A.PERSON)
selukhuh#entire
khut#with
te#and
sitok#little.(not.inch)
te#and
me#to,..toward.(a.place)
pade#on.(of.dates)
de#if
si#relpro
ulang#do.not!
kakhene#because
pe-#PERSON.WHO.DOES.... tani#farmer
se-#HAVING.THE.SAME mase#time
jumpai#to.find
lot#be,.exist,.have
khaje#king
sang#class.person
ni-#TRAN.PAS pesulak#to.invite -i#TRAN.PAS
pe#also
edi#that,.those
pitu#seven
kite#we
kendin#you.(all)
pengulu.mude#PENGULU.MUDE
tunduk#to.bow
[...]--#RDP hewan#animal
khaje#king
ni-#PAS.TR lajang#single -i#IMPERATIVE
bekhas#rice.(uncooked.grains)
bakhang#thing
ni#in,.at.(space)
khombong#to.be.a.group -en#OBJECT.OF.VERB
pe-#HAVING.TO.DO.WITH... ngekhawang#to.weave -en#HAVING.TO.DO.WITH...
anak.bekhu#GIRL
oleh#by
amak#mat
me-#TO.HAVE.... usahe#effort
tentang#about
khang.tue#PARENTS
khaje#king
si#relpro layakh#sail
atas#because.of
ngekhan#Engkeran
me#to,..toward.(a.place)
sebenakhne#actually
bagi#for
kalak#3mp
harga#value -i#GIVE.X.TO
bekhu.dinam#BRU.DINAM
bangku#for.me
edi#that,.those
balik#return.home,.to
kalak#person
pe#also
lot#be,.exist,.have
nde#this
ngkhan#Engkeran
ulang#do.not!
de#if
ulang#do.not!
sendikhi#alone
enggo#done.(finished)
pen-#PERSON.WHO... tekhus#to.continue
khut#with ==ne#=3SG
babe#to.carry m-#TRANS balik#return.home,.to -me#POLITE.IMPERATIVE
gayo#Gayo
anak#child ==ne#=THE
bagas#variety
belang.kejekhen#BLANGKEJEREN
alas#alas
makcik#aunt
buluh#bamboo
malet#neg
si#relpro layakh#sail
bende#come.on ==lah#=FRONTED.ELEMENT
me-#TO.DO.... kembang#to.grow ==ne#=3SG
khaje#king
ucap#a.spoken.word -en#VARIETY
baik#good
gane#to.cook
ge#just
mulai#begin,.to
si#relpro layakh#sail
wayang#very
malet#neg
tek-#ABILITATIVE geletak#to.stretch.out
made#negativizer khoh#come,.to
ni#in,.at.(space)
cut#little.(small)
[...]--#RDP tanemen#field
pengulu.mude#PENGULU.MUDE
usahe#effort
nggo#done.(finished)
ie#3sg
ni-#PASSIVE kakhene#reason -ken#PASSIVE
nemu#to.be.able.to
bekhu.dinam#BRU.DINAM
gemakh#to.like
titik#point jump#meet,.to
ie#3sg
licik#cunning
kite#we
meng-#ACTIVE.VOICE ate#word -ken#CAUSATIVE
panek#upset
ni-#PAS.TR angkat#pick.up
te#and
balik#return.home,.to
khoh#come,.to
te-#ABILITATIVE tawe#laugh,.to cikhem#smile,.to
men-#ACTIVE.VOICE jadi#to.become
belantakhe#wilderness
men-#ACTIVE.VOICE andai#acquainted.to
si#relpro
te#and
kasukh#mattress
malet#neg
ni-#PAS.TR bahan#to.produce
nujum#fortune.teller
tuan#master ==ku#=1SG
ni-#TRAN.PAS geluh#life -i#TRAN.PAS
kane#also
kobo#water.buffalo
tekh-#ABILITATIVE tengo#to.call
di-#PAS.TR geluh#to.live.(be.alive)
pen-#THE.ACT.OF.... dikhi#to.stand en#THE.ACT.OF.... ==ne#=3SG
oleh#by
me-#TO.HAVE.... hak#rights
wahai#O
sikel#will
kekhet#cut,.to -i#REPEATEDLY
alas#alas
ingin#to.want -ken#TRULY
iye#3sg
nujum#fortune.teller
deleng#jungle
gembikhe#happy ==ne#=THE
si#relpro
me-#TO.HAVE.... bongi#night
dukun#shaman
te#and
akhi#from
se-#ONE sosok#figure
si#relpro
khase#feel,.to ==ne#=3SG
babe#to.carry m-#ACTIVE.VOICE balik#return.(go.back)
ni-#PAS.TR bagi#to.share
ni#in,.at.(space)
tawe#laugh,.to cikhe#smile,.to -me#EMPHASIS
tebe#TOWARD.(A.PERSON)
ke-#CHARACTERSTIC.OF mejile#pretty.(of.women) -en#CHARACTERSTIC.OF
khut#with
khaje#king
mem-#ACTIVE.VOICE ekhe#to.give
ni#in,.at.(space)
hakhap#hope,.to -en#OBJECT.OF.VERB
mame#uncle
cut#little.(small)
soh#until
dukun#shaman
te#and
sikel#will
wakhi#day
de#if
akhi#from
si#relpro
pelin#only
ahli#expert
pen-#HAVING.TO.DO.WITH... dekhite#suffering -en#HAVING.TO.DO.WITH...
kite#we
bekhu.dinam#BRU.DINAM
sedih#sad ==ne#=THE
kawin#to.marry
laki-laki#male
ni#in,.at.(space)
bayi#baby
singkil#Singkil
susah#difficult
woi#woi
kalak#3mp
imbalan#reward
khaje#king
idah#to.be.visible
te#and
abang#brother,.older ==ne#=3SG
kite#we
tandi#valley
kite#we
bekhu#wife ==ku#=1SG
pido#request.to.(informally)
khimo#tiger
ni#in,.at.(space)
akhi#from
khut#with
dakhi#from
wahai#O
sang#class.person
edi#that,.those
kau#2sg
manusie#HUMAN
khaje#king
soh#to.arrive ==lah#=FRONTED.ELEMENT
si#relpro
te#and
sang#class.person
malet#neg
me#to,..toward.(a.place)
bahwe#that
mejile#good
==ku#=1SG
cinte#love
ngo#done.(finished)
tuhan#god
kase#even.(also)
khut#with
lain#other ==ne#=THE
wakhi#day demi#untuk wakhi#day
ni-#PAS.TR tunang#to.vow.to.be.married -ken#CAUSATIVE
tegak#upright
kalak#person
n-#CAUSATIVE tumpang#to.somersault kepaling#to.turn -ken#CAUSATIVE
nangkihe#go.up,.climb
langsung#direct,.non.stop
badan#body
aku#1sg
namun#but
bebekhe#niece ==ne#=3SG