ини#here -з#DAT
лагь#say -ана#AOR
кхьи#write
я#scratch
гьар#every
ви#2sg.gen
девлет#country
фикир#attention -да#IN -й#EL
ваз#you
ф#go -ена#AOR
им#it
руш#girl а#OBL -з#DAT
гум#smoke
кӏан#want -зава#IMPF
са#one
аял#child
накьв#soil
атана.агакьда#REACHED.ENT
ава#cop
лугь#say -уда#ENT
лагь#say -ана#AOR
ва#and
лагь#say -ана#AOR
капаш#handful
кӏан#want -зава#IMPF
бере#time
ча#1pl.gen -з#DAT
бурулгъан#whirlpool
пел#hill -е#OBL -л#SP -NULL#ESS
иер#beautiful
кьил#head
кьве#two
акъуд#get.out -зава#IMPF
аку#look.IMPV
стха#brother -ди#OBL -в#AD -ай#EL
къакъуд#remove -на#AOR
притча#parable
кӏвач#leg -а#OBL -л#SP -NULL#ESS
кас#man
мизан#justice
мици#another
случай#event
миллет#nation -да#IN -й#EL
гьабур#them -ни#AND;FOCUS
палкан#horse
за#1sg.ERG -з#DAT
хер#wound
ина#here
кӏан#want -зава#IMPF -й#PTCP
гада#boy
гила#now
кичӏ#dog
жеда#was.ENT
гейчек#beautiful
ат#come -ана#AOC
во#well
мукьвал#near
лугь#say -уда#ENT
хъсан#good
пачагь#king -ди#OBL -н#GEN
безханум#Bezkhanum
гьан#that -и#ERG -з#DAT
кхь#write -енва#PERF
тавур#NEG.make.PTP -тӏа#COND
за#1sg.ERG
экъечӏ#appear -на#AOR
ва#2sg -з#DAT
за#1sg.ERG -з#DAT
ав#make,do -уна#AOC
ибур#these -у#ERG -з#DAT -ни#AND;FOCUS
гада#boy
куь#your
кицӏ#dog -и#OBL -з#DAT -ни#AND;FOCUS
буба#grandfather -ди#OBL -з#DAT
икьван#so.much
лагь#say -ана#AOR
чун#1pl.abs
ини#here -з#DAT
бес#but
им#he -ни#AND;FOCUS
рак#door
пачагь#king -ди#OBL -н#GEN
вич#himself -и#ERG -н#GEN
лагь#say -ана#AOR
яда#hey.man
тир#was
ида#he.again -н#GEN
идан#his
мах#folktale
руш#girl
купча#bill.of.sale
тӏвар#name -чи#OBL -з#DAT
пачагь#king -ди#OBL -н#GEN
нуьк#servant -ер#PL -ди#OBL -з#DAT
са#one
лугь#say -уда#ENT
алуд#away.from
са#one
лугь#say -уда#ENT
ада#he
куьн#2pl.abs
гутун#attach -на#AOC
лагь#say -ана#AOR
гьакӏан#simple
ва#2sg -з#DAT
аладар#long
за#1sg.ERG
руш#girl а#OBL -к#SB -ай#EL
хьи#that
хт#return -ана#AOC
сергьед#border -да#OBL -л#SP -NULL#ESS
кан#dear -и#ERG
къул#fireplace -а#IN -NULL#ESS
бес#but
ктаб#book
хьа#happened -нава#PERF
рекь#kill -ида#FUT
пичин#stove -а#OBL -л#SP -NULL#ESS
тир#was
са#one
лагь#say -ана#AOR
луьткве#boat
дагьа#more
лугь#say -уда#ENT
гада#boy -ди#OBL -в#AD -NULL#ESS
кьабул#take.over -на#AOR
суфре#tablecloths -яр#PL -ни#AND;FOCUS
гада#boy
са#one
за#1sg.ERG
вуч#what
ф#go -ена#AOC
кут#put.under -уна#AOC
пака#tomorrow
кӏан#want -зава#IMPF
хьа#be -ана#AOR
г#give -ана#AOR
руш#girl
везир#vizier -ди#ERG
лагь#say -ана#AOR
идани#he.also
лугь#say -уда#ENT
вун#2sg.abs а#ERG
т#leave -уна#AOC
руш#girl
лугь#say -уда#ENT
анжах#only
отказ#refusal.(rus)
саламат#well
илис.хьухь#HIDE.IMPV
ама#he -ш#NEG
вуч#what
сада#one
лагь#say -анва#PERF
хьухь#be.IMPV
къерех#side -ди#OBL -з#DAT
кьве#two
къерех#bank -ди#OBL -в#AD -NULL#ESS
мад#more
ида#him.to
свас#wife
къеле#fortress -ди#OBL -з#DAT
лагь#say -ана#AOR
чи#1pl.gen
балкӏан#horse -да#OBL -л#SP -NULL#ESS -ни#AND;FOCUS
аллагь#Allah -ди#OBL -з#DAT
ала#is.there
ахпа#then
лагь#say -ана#AOR
къирмаж#whip -ди#OBL -в#AD -NULL#ESS
лагь#say -ана#AOR
тухв#take -да#ENT
ковш#ladle
чи#1pl.gen
гьа#that,.the.same
бере#time -да#IN -NULL#ESS
тӏва#other
за#1sg.ERG -з#DAT
вал#bush -ар#PL -я#IN -й#EL
хт#return -ана#AOR
кьве#two
тахтун#throne -а#OBL -л#SP -NULL#ESS
са#one
пара#very
направление#direction.(rus)
кӏвал#house -и#OBL -з#DAT
солдат#soldier
жув#us а#ERG
гьар#every
чи#1pl.gen
анжах#only
гъваш#bring.IMPV
ибур#these -ни#AND;FOCUS
бес#but
ама#be.in.CONT -ч#NEG
хкаж#up
лугь#say -уда#ENT
за#1sg.ERG -з#DAT
ун#yes
са#one
ханум#Ma'am а#ERG
дуст#friend -ни#AND;FOCUS
гьутӏа#that.
ава#cop
къирмаж#whip -ди#OBL -в#AD -NULL#ESS
баде#grandmother -ди#OBL -з#DAT -ни#AND;FOCUS
за#1sg.ERG
икьван#so.much
ашукь#ashuq
за#1sg.ERG -з#DAT
балкӏан#horse -да#OBL -л#SP -NULL#ESS
кӏан#bottom -у#ERG -з#DAT
ф#go -ена#AOR
лугь#say -уда#ENT
инсан#man -ри#OBL -з#DAT
гила#now
хьи#that
ама#still.be,.remain
ааа#uh
кь#catch -уна#AOC
вад#five
эхир#after.all
гьуьл#sea -уь#OBL -н#GEN
лагь#say -ана#AOR
эхир#after.all
яр#sweetheart
руш#girl а#ERG
ф#go -ида#ENT
лагь#say -ана#AOR
ат#come -ана#AOR
чун#1pl.abs
гьуьл#sea -уь#OBL -н#GEN
гъ#bring -ана#AOR
аку#look.IMPV
векь#hay -ер#PL
ахъа#open -й#PST из#IMMANT
къвазра#stay
ида#him.to
яд#water
т-#NEG ак#look -урай#OPT
фу-затӏ#bread
са#one
цвез#what.for
кут#put.under -уна#AOC
жени#be.FUT.Q
ий#make -ида#FUT -й#PST
са#one
пепе#bug -йр#PL -и#OBL -к#SB -ай#EL
гада#boy
капаш#handful -да#IN -NULL#ESS
базар#market -да#OBL -л#SP -NULL#ESS
специально#special
кьве#two
хьи#that
хьи#that
буба#father
лугь#say -уда#ENT
кам#step -ни#AND;FOCUS
ктаб#book
чир#knowledge
кӏан#want -зава#IMPF -й#PTCP -ди#SBST
кицӏ#dog -и#OBL -н#GEN
къунши#neighbor
заз#I
истирагьатай#rest -да#OBL -л#SP -ай#EL
этибар#Etibar
вич#himself -и#ERG -н#GEN
фад-фад#often
руфун#stomach -а#IN -NULL#ESS
лугь#say -уда#ENT
ча#1pl.gen -з#DAT
ий#make -ин#HORT
лугь#say -уда#ENT
лагь#say -ана#AOR
садра#once
буба#grandfather -ди#OBL -н#GEN
мани#song -яр#PL
кьван#so.much
чӏулав#black
алман#the.German
ф#go -ена#AOR
линия#line
лугь#say -уда#ENT
гьафте#week
руш#girl
са#one
тӏ#eat -уьна#AOR
ава#cop
литва#Lithuania -ди#OBL -н#GEN
кьван#so.much
чун#1pl.abs
тир#was
г#give -ун#MSD
ата#coming -й#PST -ла#TEMP
хуьр#village -уь#OBL -н#GEN
кьуд#four а#OBL -з#DAT
диде#mother -ди#OBL -з#DAT
иер#beautiful
кӏан#want -зава#IMPF -й#PTCP
зи#1sg.gen
эхир#after.all
гьуьл#sea -уь#OBL -н#GEN
чна#1pl.erg
гада#boy -ди#OBL -в#AD -ай#EL
лагь#say -ана#AOR
жаван#young
ава#is -й#PST -ди#SBST
гьуьл#sea -я#IN -й#EL
а#that -бур#PL
са#one
лугь#say -уда#ENT
югъ#day
лагь#say -ана#AOR
тӏвар#name
са#one
сад#one
хабар#news
балкӏан#horse -да#OBL -л#SP -NULL#ESS
истикан#glass
ваз#you
ана#there
зи#1sg.gen
са#one
са#one
вич#himself -и#ERG -н#GEN
безханум#Bezkhanum
са#one
гевгьер#pearls -ар#PL
ада#he
ат#come -ана#AOC
бес#but
эхирни-эхир#finally
ахпа#then
акъуд#carry.up -на#AOR
има#this.one
фу#bread
ви#2sg.gen
чукур#chase -да#FUT
безханум#Bezkhanum
мугьарибе#war
кӏурцӏул#puppy -ди#OBL -з#DAT
ма#you.know
вил#eye -ер#PL -а#OBL -л#SP -NULL#ESS
гаф#word
лагь#say -ана#AOR
гвай#was -бур#PL -у#ERG -н#GEN
тамаш#look -на#AOC
за#1sg.ERG
кицӏ#dog
агъуз#down
ча#1pl.gen -з#DAT
а#that
маса#other
къуш#bird
район#countryside -ди#OBL -з#DAT
гъваш#bring.IMPV
да#yes
чна#1pl.erg
кут#put.under -унва#PERF -ш#NEG
кӏан#want -зава#IMPF
акъадар#mount -да#ENT
за#1sg.ERG -з#DAT
гьам#that
къаравул#guard -ни#AND;FOCUS
ида#him.to -н#GEN
кьве#two
са#one
г#give -ана#AOR
бес#And.but
лугь#say -уда#ENT
хъел#anger
хьуй#if.do
вич#himself -и#ERG -з#DAT
мизан#justice
вири#all
хийир#benefit -ни#AND;FOCUS
г#give -уда#ENT
вун#2sg.abs а#ERG
кьил#chapter -е#OBL -л#SP -NULL#ESS
и#this -м#ABS
ма#you.know
агъуз#down
са#one
севда#Sevda
малумат#information -ар#PL
руш#girl
хъф#go.again,return -ена#AOR
катна#run.PRF.PTP.SBST ва#2sg -й#PST -ди#DIR
вак#pig -ар#PL
вуш#what
лагь#say -ана#AOR
вилаят#country -ди#OBL -з#DAT
солдат#soldier
шикил#picture
ана#there
зи#1sg.gen
ий#make -из#INF
ф#go -ена#AOR
ви#2sg.gen
гала#with -й#PST
им#this
пат#side а#OBL -з#DAT
са#one
лагь#say -ана#AOR
иер#beautiful
крар#actions.do -да#FUT
кӏвал#house -а#OBL -л#SP -яй#EL
гафар#say -зава#IMPF
лугь#say -уда#ENT
зи#1sg.gen
экъечӏ#appear -на#AOC
лагь#say -ана#AOR
акв#look -азва#IMPF
хъв#drink -аз#INF
ада#he -н#GEN
анжах#only
акьван#enough
хуьр#village -у#OBL -з#DAT
ат#come -ана#AOC
беес#but
баки#Baku -ди#OBL -з#DAT
чуьнуьх#steal
кӏвал#house -ар#PL -и#OBL -з#DAT къар#days -и#OBL -з#DAT
ана#there
ф#go -ена#AOC
лагь#say -ана#AOR
дагъ#mountain
ина#here
экъецӏ#appear
гила#now
ви#2sg.gen
чир#knowledge -на#AOC
асул#actually
чӏал#language
чан#dear
са#one
вичал#on.itself
ну#well
гужна#hardly
аял#child -да#OBL -л#SP -NULL#ESS
ида#him.to
хьи#that
свас#wife
вун#2sg.abs а#ERG
рук#forest а#OBL -з#DAT
ават#fall -ана#AOR
лагь#say -ана#AOR
накьв#soil
бес#but
жув#us а#ERG
акӏ#like.that
чир#knowledge -на#AOC
минометчик#mortar.man -ар#PL
пуд#three
къе#today
хьа#being.AOC
буба#father
ак#look -уна#AOR
ч#know -ида#FUT -ш#NEG
са#one
ашукь#ashuq
ацукьар#cause.to.sit -да#IN
руш#girl
гьалт#meet -да#ENT
я#cop
вообще#commonly
гъ#bring -ин#HORT
ханум#Ma'am а#ERG
икьван#so.much
кут#put.under -уна#AOC
руш#girl
къарагъ#stand.up,rise -на#AOR
буба#grandfather -ди#OBL -н#GEN
ф#go -изва#IMPF
хъув#redo -уна#AOR
амукь#stay,remain -да#ENT
лугь#say -уда#ENT
ида#him.to -з#DAT
пепе#bug
чун#1pl.abs
туькӏуьр#create -на#AOR
лагь#say -ана#AOR
чӏехи#great
дуьз#great
хер#wound
гваз#with
а#that
лугь#say -уда#ENT
ээээгь#eeh
ф#go -ида#ENT
хвеши#happy
руш#girl
цай#fire
къерех#side -ди#OBL -з#DAT
ий#make -ин#HORT
са#one
вуч#what
а#that
эгер#if
гьина#where