and
island
ɴᴍʟᴢ1 be =ᴄᴏЅ ɴᴍʟᴢ.ᴘᴄFʟ =1ᴀᴜɢII
tree
Utupua.Is
ɴᴇɢ ɴᴍʟᴢ1 sick ɴᴍʟᴢ.ᴘᴄFʟ =1ᴀᴜɢII ɴᴇɢ
ᴅᴇᴍ2.ᴘʀᴏχ
Rʟ.3ᴀᴜɢ sleep =ᴄᴏЅ =3ᴀᴜɢIS
ᴅᴇᴍ2.ᴅɪѕᴛ
and
ᴘʀᴇᴘ
day
iRR give .BZ(PDIR.YON)=O(1MINI)
ᴅᴇᴍ2.ᴅɪѕᴛ
or
ᴘFᴠ
ᴘFᴠ
back.part
ɴᴍʟᴢ1 search ᴛR ɴᴍʟᴢ.ᴘᴄFʟ =1ᴀᴜɢII
ᴘFᴠ
Rʟ.3ᴀᴜɢ be =ᴄᴏЅ =3ᴀᴜɢIS
ᴘFᴠ
a
ѕᴜʙʀ
Baengr
ѕᴜʙʀ new
ɢᴇɴ1ᴀ =3ᴀᴜɢII
Rʟ hang GᴅiR.OUT ᴀᴘᴘʟ =1ᴍiɴII
ᴘʀᴇᴘ
yes
there
ɴᴍʟᴢ1 convert.s.o. ɴᴍʟᴢ.ᴘᴄFʟ =3ᴀᴜɢII
stand GᴅiR.IN PᴅiR.YON =3ᴍiɴIS
ᴛᴘɴʏᴍ
ᴘʀᴇᴘ
Rʟ ᴍiᴅ say =ᴄᴏЅ .BZ(PDIR.YON)=O(1MINI)
ɴᴇɢ feel.sad ɴᴇɢ
Bznwz.vil
ᴅᴇᴍ2.ᴅɪѕᴛ
where
captain
different ᴘʟ
dat=1augII
ɢᴇɴ1ᴀ
be.1ᴀᴜɢII
make iɴᴛЅ GᴅiR.UP
and
ᴅᴇᴍ2.ᴅɪѕᴛ
both
man ᴠR
ᴅᴀᴛ =3ᴍiɴII
ѕᴜʙʀ big
prayer
mind
and
Rʟ pick afterward =1ᴍiɴI
all
ɢᴇɴ1ᴀ
ᴘʀᴇᴘ
year
ᴅᴇᴍ2.ᴅɪѕᴛ
Rʟ break =ᴄᴏЅ
but
ᴘFᴠ
ѕᴜʙʀ
ᴍiᴅ say PᴅiR.HITHER =3ᴍiɴIA
there
ᴘʀᴇᴘ
ᴘᴄFʟ.drink =1ᴀᴜɢII
ᴘFᴠ
house
so.then
and
people
be.good
ᴘʀᴇᴘ
none.;.lack;.none
moon.
ᴅᴇᴍ2.ᴅɪѕᴛ
back.part =3ᴍiɴII
again
there
dislodged GᴅiR.DOWN
ѕᴜʙʀ
ѕᴜʙʀ big
chapter
peace
wave
miracle
Фɴᴛ.ᴘʟ
ᴄᴏᴍ.
ᴅᴇᴍ2.ᴅɪѕᴛ
some
bite iɴᴛЅ PᴅiR.YON =3ᴍiɴIA
iRR give .BZ(PDIR.YON)=O(1MINI)
3ᴀᴜɢ1 want =ᴄᴏЅ
ɴᴍʟᴢ1 paddling ɴᴍʟᴢ.ᴘᴄFʟ =3ᴀᴜɢII
Rʟ obey =ᴄᴏЅ also =3ᴍiɴIA
and
iRR live,.stay together =ᴄᴏЅ =1ᴀᴜɢI