in,.at.(space)
to.arrive
from
3sg
with
that,.those
REPEATED.ACTION to.be.on.target REPEATED.ACTION
water.buffalo
even.(also)
type,.sort
to.search.for REPEATEDLY
baby
neg
to.continue
we
if
just
to.appear =FRONTED.ELEMENT
if
mother
3mp
alone
that,.those
PASSIVE word PASSIVE
Engkeran
ABILITATIVE to.carry ACTIVE.VOICE return.home,.to
land
ACTIVE.VOICE to.receive
to.know
ACTIVE.VOICE to.be.visible
HAVING.THE.SAME HOW? MEASURE.NOMINALIZER
PAS.TR watch,.look,.see
3sg
PAS.TR strike,.hit =FRONTED.ELEMENT
yesterday
1sg
ACEH.DARUSSALEM
in,.at.(space)
ABILITATIVE to.become
3sg
from
ACTIVE.VOICE try
CAUSATIVE to.get.out.of.the.way CAUSATIVE
3sg
one
CAUSATIVE live.(stay.in.a.place) CAUSATIVE
king
to,..toward.(a.place)
event
TO.HAVE.... thousand
with
ONE person
to.have
also
story
relpro
HAVING.TO.DO.WITH... border,.edge HAVING.TO.DO.WITH...
yesterday
effort
with
neg
to.search.for REPEATEDLY
also
big.(size)
servant
TO.APPLY.....TO.THE.OBJECT possession TO.APPLY.....TO.THE.OBJECT
from
wear,.to
king
to.carry INTENSIFIER return.home,.to INTENSIFIER
behind
with
will
1sg
have.been,.ever
banyak.sekali
many
YOU.(FAMILIAR)
chisel
class.person
circumcise OBJECT.OF.VERB
that,.those
participate
but
to.live.(be.alive)
is
neg
river =THE
relpro sail
that,.those
PAS.TR kill
relpro
because
display,.to
but
Permanent
THERE
indeed
ACTIVE.VOICE to.help
wife
PULAU.BIANG
presently,.nowadays
NOMINALIZER to.arrive NOMINALIZER =3SG
PASS.INTR to.circumcise PASS.INTR =3SG
compost
on.(of.dates)
big.(size)
with
to,..toward.(a.place)
worm
NOMINALIZER king NOMINALIZER
this
master =1SG
CAUSATIVE go CAUSATIVE to.read.holy.books
relpro
relpro
to.use
to.marry
PARENTS =3SG
done.(finished)
that,.those
with
come,.to =FRONTED.ELEMENT
to,..toward.(a.place)
entire
neg
poor
relpro
fate
to,..toward.(a.place)
emphasis
maybe
positive
we
feel,.to =3SG
will
have.been,.ever
in,.at.(space)
PULAU.BIANG
ape
permit,.license IMPERATIVE
come,.to
done.(finished)
birth.mother =3SG
woman =3SG
embarrassed
you.(hon)
done.(finished)
expert
expert
3sg
CAN buy CAN
1sg
do.not!
have.been,.ever
plastic
3sg
come,.to
ACTIVE.VOICE get,.receive CAUSATIVE
wilderness
heart
possession
that,.those
neg
family
this
TO.APPLY.....TO.THE.OBJECT possession TO.APPLY.....TO.THE.OBJECT
relpro
BELIEVE,.TO
PARENTS
Gayo
many
from
wear,.to VARIETY
day
on.(of.dates)
area
class.person
morning =3SG
younger.brother.or.sister =2ND.PERSON
calamity
TO.HAVE.... variety
PARENTS =3SG
TO.APPLY.....TO.THE.OBJECT possession TO.APPLY.....TO.THE.OBJECT
TATTERED
do.not!
day
weight
class.person
position =3SG
only
so
you.(hon)
only
brother,.older
RDP amount
here
difficult
TO.HAVE.... PLURAL month
even.(also)
day =THE
seven
aunt
dagger
ACTIVE.VOICE watch,.look,.see
relpro
1sg
chisel
drink,.to
will
TO.HAVE.... RDP jungle
like
very
to.(a.person) =3SG
=3SG
Singkil
that,.those
with
plant
TOWARD.(A.PERSON)
begin,.to
is
NOMINALIZER TO.GO.DOWN NOMINALIZER
if
CAUSATIVE wear,.to
to.gnaw.on
with
relpro
king
ACTIVE.VOICE to.view.as
WHAT
for
mat
hope,.to OBJECT.OF.VERB
but
HOW? also
younger.brother.or.sister =2ND.PERSON
behavior =3SG
BELIEVE,.TO
not
mutual,.mutually
Natam
palm.tree
little.(small)
moment this
land
to.threaten OBJECT.OF.VERB
husband
only
ONE person
ACTIVE.VOICE kill =3SG
wood
because
PAS.TR to.live.(be.alive)
in,.at.(space)
WHAT
place
child
king
with
relpro sail
also
wide,.width
THE.PROCESS.OF kerja =THE
jungle
but
because
push
again
negativizer
to.be.finished
SOMETHING.ASSOCIATED.WITH... sick
to.know
ACTIVE.VOICE hear,.to
land
portion
by
relpro sail
wife =3SG
3sg
less
so
shaman
only emphasis
child =THE
PAS.TR to.cook
ACTIVE.VOICE to.kick to.lunge
palm
coconut
PAS.TR get,.receive =3SG
out
negativizer
king
even.(also)
child =THE
water.buffalo
depart,.to
we
just
again
only
with
ONE team
thing
from
neg
go
where
if
to,..toward.(a.place)
body =3SG
where
go
family
we
news
with
ABILITATIVE laugh,.to smile,.to
to.search.for REPEATEDLY polite.imperative
such.as
to.use
father
eye
eagle
in,.at.(space)
relpro
to.hold IMPERATIVE
also
by
port,.column
TO.DO.... let
relpro
relpro
this
year =THE
CAUSATIVE to.give CAUSATIVE
to.use
HOW?
king
TO.HAVE.... mouth.of.a.river
that,.those INTENSIFIER
with
born =THE
jungle
will
to.be.able.to
RDP with
ACTIVE.VOICE try
so.that
PASS.INTR to.fall PASS.INTR
that,.those
relpro
filthy
to,..toward.(a.place)
O
neg
TO.HAVE.... high.emotion
3sg
magical
to,..toward.(a.place)
relpro sail
even.(also)
CAUSATIVE to.continue CAUSATIVE
class.person
TRAN.PAS drug,.medicine TRAN.PAS
with
in,.at.(space)
to.do
TO.GO.DOWN =FRONTED.ELEMENT
O
Natam
just
to.intend
ACTIVE.VOICE to.become
relpro
will
NOMINALIZER great,.formidable RECIPRICAL =3SG
king
in,.at.(space)
large
PAS.TR receive
with
persuasion NOMINALIZER
lose.money,.to
disappeared
will
water
O
king
to.like
news
3mp
will
this
relpro
to.arrive
PAS.TR to.hold.back
even.(also)
GIRL
waist
Engkeran
TO.GO.TO.... gambling
with
3sg
ABILITATIVE to.carry TRANS return.home,.to
in,.at.(space)
supposedly
that,.those
relpro
ONE person
CHARACTERSTIC.OF handsome CHARACTERSTIC.OF
NI.JAGAI
yet,.not.yet
relpro
begin,.to
brother,.older
HAVING.TO.DO.WITH... clear HAVING.TO.DO.WITH...
to.be.capable.of
we.(excludes.the.one.adddressed)
TO.HAVE.... night
behavior =3SG
relpro
RDP time
head
to.cry
ABILITATIVE kill
ABILITATIVE except
with
CAUSATIVE to.somersault to.turn CAUSATIVE
to.want
very
3sg
RESULT.OF.VERB socialize RESULT.OF.VERB
heart
old.(of.things) MEASURE.NOMINALIZER
TO.DO.... to.pass
father =3SG
TO.GO.DOWN
expensive
citizen
such.as
land
TRAN.PAS blessing TRAN.PAS
will
chicken
relpro
to.wait
to.search.for REPEATEDLY
THE.PROCESS.OF Tambah
mat
to.be.capable.of
exit
king
TRAN.PAS to.invite TRAN.PAS
family
order.(command)
not
so
PAS.TR to.send.someone polite.imperative
number
PAS.TR kill =3SG
you.(hon)
large
RDP clear
grass
CHARACTERSTIC.OF handsome CHARACTERSTIC.OF
calamity
3sg
ACTIVE.VOICE to.become
TO.GO.TO.... methamphetamine
ONE team
quickly
so.that
ONE person
uncle =3SG
ACTIVE.VOICE rotate
RDP true
from
1sg
have.been,.ever
relpro sail
ACTIVE.VOICE to.become
fortune.teller
land
return.home,.to =FRONTED.ELEMENT
strength
older.sibling
fourth
niece =3SG
neg
you.(hon)
mother
by
first
lose.money,.to
we
PLURAL child
to.lead
thing,.item
that,.those
HAVING.TO.DO.WITH... try PROCESS.OF
ACTIVE.VOICE obey,.to DURATIVE?
relpro
throughout
you.(hon)
SUPERLATIVE good SUPERLATIVE
brother,.older
to.happen
desire,.to
relpro
relpro sail
we
The.story.is.told
grilled
PAS.TR Tambah
to.kick to.lunge IMPERATIVE
if
this
ACTIVE.VOICE hold.onto,.grasp
emphasis
master =1SG
wife
GIRL
after
tomorrow
this
REDUPLICATION PERSON.WHO... young
is
to.want TRULY
sure
also
event
from
3sg
mother
more.(comparative.quality)
uncle =3SG
in,.at.(space)
school
very.
TO.APPLY.....TO.THE.OBJECT the.end TO.APPLY.....TO.THE.OBJECT
all
only
TOWARD.(A.PERSON)
Singkil
aunt
rich
Engkeran
presently,.nowadays
emphasis
neg
time
wood
if
1s
complicated
intention
TO.HAVE.... rice.(plant)
event
only
who intensifier
with
no,.not.(of.nouns)
all
this
despite
THERE
guard
=3SG
officials.(government)
magnificent
in,.at.(space)
to.help OBJECT.OF.VERB
self
heart =3SG
PASS.INTR greet,.to.receive
relpro
just emphasis
if
TOWARD.(A.PERSON)
3mp
to.arrive
relpro
relpro sail
sticky.rice
to.here
this
TO.DO.... TO.BREATH.HEAVILY
wrong,.false
PAS.TR kill =3SG
relpro sail
machete
TO.DO.... THINK,.TO
very
fish
nephew =1SG
PASS.TR buy PASS.TR
inheritance
child
ONE person
negativizer
from
to.arrive =FRONTED.ELEMENT
king
TOWARD.(A.PERSON)
male
1sg
THE.WAY.OF... ACTIVE.VOICE cut,.to THE.WAY.OF... =2ND.PERSON
later =3SG
so
even.(also)
who
that
to.be.a.group OBJECT.OF.VERB
rotan
mattress
in,.at.(space)
also
REPEATED.ACTION jump,.to
AS.IF
if
child.in.law
ACTIVE.VOICE to.produce
again
not
return.home,.to
finish.off,.to =3SG
go.up,.climb
to.use
CAN scrub,.to CAN
1p
like,.be.pleased.by =FRONTED.ELEMENT
for.me
all
RDP animal
tiger
watch,.look,.see
ACTIVE.VOICE to.send.someone
to.find
know,.to
at.the.time
while
candidate
that
PAS.TR to.kick to.lunge
2sg
HAVING.THE.SAME on.time
done.(finished)
even.(also)
competition =3SG
uncle =3SG
again
meet,.to
=3SG
by
from
ONE person
where
eye
many
cry.out,.to
ACTIVE.VOICE word CAUSATIVE
just =FRONTED.ELEMENT
wood
ACTIVE.VOICE to.give
TO.HAVE.... will
area
child
the.end =THE
just
TO.APPLY.....TO.THE.OBJECT possession TO.APPLY.....TO.THE.OBJECT
to.cry
name
but
however
THERE
from
class.person
woi
very
food.stand
Singkil
this
one
self
PAS.TR to.use
Gayo
eagle
to.be.capable.of
PAS.TR to.tie
will
that,.those
TO.DO.... play,.to
class.person
request.to.(informally) to.be.able.to
TRANS to.carry TRANS return.(go.back)
TOWARD.(A.PERSON) =3SG
2sg
so
master =1SG
again
wood =3SG
relpro
3mp
on.(of.dates)
3sg
EACH space
TO.DO.... to.struggle
the.reason.something.happens
will
very
situation
neg
TO.HAVE.... title.(of.persons)
just
once
all
THE.ACT.OF.... barren THE.ACT.OF....
meet,.to
by
land
3mp
TO.BE.... prepared,.ready
heart
evenly
relpro
day
water.buffalo
to.there.(far) to.here
seedling
continue
here
city
NOMINALIZER come,.to NOMINALIZER
fear GIVE.X.TO
relpro
TO.DO.... to.politely.request
PAS.TR certain IMPERATIVE
also
request.to.(informally)
conversation =3SG
PAS.TR to.wait.for
even.(also)
ACTIVE.VOICE to.take.care.of
do.not!
Natam
child
jungle
in,.at.(space)
little.(small)
relpro sail
ear
land
Engkeran
mother
self
relpro
again
rice.(cooked)
even.(also)
in,.at.(space)
fortune.teller
by
relpro sail
uncle =3SG
relpro
boat
PAS.TR Tambah
to.continue
PRESENT.TIME
place
NOMINALIZER to.arrive NOMINALIZER
garden
person
relpro
TO.DO.... to.produce
only
effort
if
king
NOMINALIZER innocent NOMINALIZER
officials.(government)
with
so
ONE.OF
guard,.to polite.imperative
to.use
RDP field
HAVING.THE.SAME time
negativizer
smooth.(of.surfaces)
class.person
family
officials.(government)
sad =THE
are?
GIRL
TOWARD.(A.PERSON)
must =3SG
spirit
like.that
ACTIVE.VOICE try
this
will
magic
ACTIVE.VOICE to.produce
more.(comparative.quality)
fortune.teller
with
wealth
ACTIVE.VOICE kill
VARIETY fruit VARIETY
PAS.TR to.give know,.to
3sg
PASSIVE reason PASSIVE
=3SG
fruit heart
even.(also)
to.invite =THE
TO.DO.... count,.reckon
tax
to.find
ACTIVE.VOICE kill
will
QUEEN
story
but
only intensifier
participate
father =1SG
cousin =3SG
cow
relpro
to.get.better.(health)
shaman
relpro
king
two
ACTIVE.VOICE watch,.look,.see
source =3SG
who INTERROGATIVE
again
like
in,.at.(space)
TO.HAVE.... rank,.station.in.life
again
TATTERED
TO.CAUSE.TO.BECOME... desired TO.CAUSE.TO.BECOME...
servant
finish.off,.to
by
shaman
to.live.(be.alive)
city
woman
always
also
ACTIVE.VOICE feel,.to
just.right
done.(finished)
still
ABILITATIVE Perhaps,.probably
CHARACTERSTIC.OF pretty.(of.women) CHARACTERSTIC.OF
class.person
so.that
THE.ACT.OF.... to.stand THE.ACT.OF.... =3SG
garden
3sg.Hon
that
TO.PAY.ATTENTION.TO
shirt =2ND.PERSON
school =THE
QUEEN =THE
with
first
older.sibling
from
relpro
husband =3SG
bedroom
relpro
to.want
to,..toward.(a.place)
Engkeran
relpro
3sg
to.give.a.gift
negativizer
class.person
PASSIVE doubtful PASSIVE
TRANS to.carry CAUSATIVE TRANS return.home,.to
that,.those
we.(excludes.the.one.adddressed)
=1SG
PAS.TR to.view.as
1sg
vile
Engkeran
relpro where
metal.tray
3sg
NOMINALIZER king NOMINALIZER
such.as
TO.HAVE.... thousand
WHAT
in,.at.(space)
to,..toward.(a.place)
ACTIVE.VOICE watch,.look,.see
DURATIVE? to.pull DURATIVE?
PAS.TR get,.receive
fortune.teller
ACTIVE.VOICE buy
VARIETY fruit VARIETY
salt
TO.DO.... to.tie
king
CAN to.search.for CAN
ACTIVE.VOICE to.govern CAUSATIVE
to.threaten OBJECT.OF.VERB
nation,.country
child =THE
destroyed,.ruined
day
ACTIVE.VOICE to.spread =3SG
result
about
Singkil
older.sibling
relpro sail
relpro
PAS.TR to.give
relpro
wealth
sail
child
a
many
happy
to,..toward.(a.place) Engkeran
to.be.able.to
limp
in,.at.(space)
PAS.TR to.compare
sister
alone
nation,.country
that,.those
news
all
continuing
get,.receive
Singkil
also
police
on.(of.dates)
PAS.TR to.share
PASS.INTR to.see PASS.INTR
relpro sail
old.(of.things) MEASURE.NOMINALIZER
jungle
TO.HAVE.... road
Engkeran
relpro
relpro sail
GIRL
that,.those
by
with
young.man
neg
that,.those
PARENTS
large
possession GIVE.X.TO
sit.down,.to cross.legged.position POLITE.IMPERATIVE
lazy
in,.at.(space)
in,.at.(space)
sit.down,.to
begin,.to
again
because
ABILITATIVE to.call
3sg
do.not!
to.use
jungle
ACTIVE.VOICE terjemah CAUSATIVE
presently,.nowadays this
CAUSATIVE live.(stay.in.a.place) CAUSATIVE
happy
like
dad EMPHASIS
3sg
by
child
that,.those
Natam
with
3sg
complicated
TO.DO.... THINK,.TO
day
corn
PENGULU.MUDE emphasis
EIGHTTEEN
wife
yet,.not.yet
remeh
just
class.person
if
3mp
ONE RDP intend,.to
relpro
ABILITATIVE attain,.reach
child
tomorrow
PERSON.WHO... to.continue
self
relpro
neg
relpro sail
life
city
to.continue
that,.those
PASS.INTR to.pull PASS.INTR
lose.something
3sg
if
3sg
ONE person
ACTIVE.VOICE acquainted.to
return.home,.to
with
story =THE
thing
in,.at.(space)
feast
to,..toward.(a.place)
class.person
without.exception
neg
relpro
such.as
woman =3SG
we.(excludes.the.one.adddressed)
teacher
we.(excludes.the.one.adddressed)
to.search.for REPEATEDLY
CHARACTERSTIC.OF honest CHARACTERSTIC.OF
master =1SG
with
to.intend
bandit
even.(also)
CHARACTERSTIC.OF happy CHARACTERSTIC.OF
class.person
QUEEN =3SG
order
horrified
RDP consider.(to.think.over)
not
mercy
just.right
news
to.live.(be.alive)
to.kick to.lunge REPEATEDLY
presently,.nowadays
it
negativizer
sad =THE
other
1sg
TRAN.PAS possession TRAN.PAS
coast
if
all
younger.brother.or.sister =2ND.PERSON
get,.receive REPEATEDLY
woi
ONE moon
with
RDP amount
3mp
classifier
PAS.TR to.arrange =FRONTED.ELEMENT
portion
king
HAVING.TO.DO.WITH... road HAVING.TO.DO.WITH...
younger.sibling uterus
free
ACTIVE.VOICE to.hold.back
in,.at.(space)
on.(of.dates)
CAUSATIVE scrub,.to CAUSATIVE
to.be.able.to
that
apparently
citizen
shaman
mother
story
PAS.TR to.invite
master =1SG
to.be.intended
child
AS.IF
disaster
PASS.TR to.pick.up.(someone) PASS.TR =3SG
again
child =THE
NOMINALIZER king NOMINALIZER
TO.DO.... road foot
yet,.not.yet
request =THE
NOMINALIZER king NOMINALIZER
RDP grandmother
we
relpro
but
relpro
TO.HAVE.... road
person
relpro sail
even.(also)
if
heart
in,.at.(space)
rhythm artery =3SG
continuing
with
negativizer
that,.those
to.marry
you.(hon)
CHARACTERSTIC.OF important CHARACTERSTIC.OF
where
class.person
3sg
family
TO.GO.TO.... uterus
same
even.(also)
PASS.INTR born PASS.INTR
TO.DO.... listen,.to
like.that
to.be.a.group OBJECT.OF.VERB
relpro
rich
with
only
entire
to.truly.happen
king