vzmipem
tewa
dötü ==de
sade
sâ-
tü- oti ate -mü
joseph
aijz
më
tötingö
tö- na- ngi ==pe -u
ä
mnâ -ti -o -mü ==gö
të- ö- pi -bë
nâ
bia
dâkölëde
ö- pi -bë ==le
ya -ne ëvë ==kö
kä..
më
tö- në- mâ ==pe ==lö -u
- ökalë -mü ==ngü
nimu
kâ
nim
tü wz -ngö ==gö
olvë -lcpwz
vo -mü ==o
nâdö
nzmu-krde.lc
kä..
na- okatö ==ä
mölë
tü- mnâ
eu
kä..
kai
kâ
lö
ö- pi -bo
nöa
lâsu kä.. lvâ
tö- dwa -tö ==amu -u
möka
kä..
kâ
tü- vë -mi -tö ==pe -bë ==le
pöla
kâ
kio
a'
kä..
tö- öblä pwë -u
të- vë ==pe
bot
nâboi
ngö
nâte ==de
böma
du
vo ==ä
ëlwë
köka' -ne pwë ==kö
takitö -tä pwë
yököpä -bo
në- mwa -kö ==gö
kâ
ä
sâ-
da
më
kä.. etu
köa- li
kâ
kä.. etu
dötü ==de
lëbü
kâ
amölä
pötë
tü- ya -ngö kai - ==kö
george
kä.. - ela ==ng
- mnâ -tä ==pe pwë
ä
rum
ëbü
nyë ==dö
nölâkäbü
tü- ya -pä ==pe -bë ==
bagö
naü mü ==nge
olvë
kâ
- tü
ngi -tä ==
dötwö ==dö
ena
ölilö