atta -ttók -o̱
yoppa
momma
hi -hma̱
-ya̱
holisso.ápisa
hi
a̱yánaka̱
kanohmi -ttók
ik-
mo̱ma
mind
faláma -t
mm~hmm
kaniyohmi
mat
nána
ik-
-chámo
kiyo
pí
tókalhlhi
mihchi -li -h
kano
hitoko̱
chohmi
ikkanáchi̱h
hi -hma̱
hi -hma̱
siyoshi
hokchi -t
m -ako̱
sápa
-kat
attó
tahánóka̱
beadwork
ish-
uh
alhpísotoka̱
set
okl í-
m -ako̱
kiyo
okmanána
sa- shki
báno -h -o̱
-kato
-ma
o̱t
we
illít
hiyohchitokma̱
ilhko -t
-akósh
a̱
o̱t
a̱yatósh
mi̱ti -h
yamm -ako̱
hachi-
alhlhihósh
-ma
kiyo
taposhshik
am
ik-
anóti
-ano
hi
tahli -h
foli
pí
at
to
amohmi
hihóka̱
tahlicha
báno
sam-
ik-
like
school
oh
í-
miya
-ma -k
ittó
pine
to̱ksalí -li
alhíha -t
ona -hma̱
-ato
oklittibá
ish-
sister
nánih
kapassa -kma̱
a̱ya -li -ttók
-bíka -h