са
галаз -ни
чӏуг -нава
стха -ди
лагь -ана
гьина -л
фикирар -на фикирар -на
кицӏ
г -уда
лагь -ана
литва -ди -н
лагь -ана
са
гвай
йис
вав ай
кӏцарви -яр
кат -да
пачагь
ф -ена
чан
ида -л
жаваб
ханум а
вуч
им
кас
амукь -да
хьа -ана -ч
ибур -и -н
боеприпас
даха -ди -хъ -NULL
ахъа ай
ам -азма
служит ай -ди
за
лагь -ана
бере -да -NULL
вил -ер
и
чун
са
хьа -нава -ч
же да -ч
ина -й
лугь -уда
ак -уна
дагьи
гьин ай
чип -и -н
асул
ф -ида
за -з -ни
ибур -у в -ай
за
фи -ун
лагь -ана
велибега -н
вилаят -ди -з
хъсан
жуьт
мад
шеир -ар
экъецӏ -на
хьиз
ширин
фи -ун
г -уда
икьван
тупӏал -ар -ни
ак -уна
чава ай
гьа
гаф
хьиз
хт -ана
кӏан -да
гуьгъуь на
кут -унва -ш
са
руш -а -л -NULL
элкъв -ена
кӏан -да
сад
а
хт -ана
куьтях
безханум
кьве
акв -ада
руша
уьлуьх нава й
цӏийи
руш -ни
за
вуч -да -тӏа
лугь -уда
же да ай
ава
гъил
хьуь -из
руш
хьа йи -ла
экечӏ -зава
лугь -уда
ава зва
хабар -ар
гьуьл -я -й
чна
хьа -нава
ки
ва -з
руш -а -хъ -NULL -ни
хвеши -вил -и -в -ай
меслят
егь -ез
ида -ни
лагь -ана
вобщем
им
пата -ни
къирах -ди к
ва
хьа -ана
элкведиз
чӏал
идан
за -з
нефс
галат нава й
къенд
гьинвайда
а
гьаа
стха
тамаш -зава
ви
са
кӏани вил -и -з
зун
за
ацукьар -да
кхьи
ина
хьи
зи
лугь -уда
шад
же да -й -вал
винел
ам
кӏарас -ар
кӏанай
и
ава -ч
вил -ер
и
има
къв -ана
шумуд
эдебият -ди -з
акъат -на
са
ва к -яй
за ва
за
хт -ана
ви
алат на
и
амукъ да
ама й
булах -да -л -NULL
низ
фикир -ди -з
ава -й
и
жув а -з
пачагь -ни
юкъ -у -з
акъвазар -на
хуьр -уь -н
кӏвал
ат -ана
амукь -на
са
кве
немец -ар -и -н -ни
юкъ -у -з
къв -еда
бели
афия
къай -и
гьа
жамаат -ди -з
лугь -уда
и
хуьр -уь -н
лугь -уда
комиссоват -на
жуьт
чна
гъил -е -NULL
тридцать
ван
за -л
ма
кьве
лугь -уда
лугь -уда
векил -ар
дигишар зава -й -ди
жугъ да
кицӏ -ер
лугь -уда
са
и
стха -яр -ни
гевгьер -ар
руш -ни
и
дастан
хьа йи
им
лагь -ана
ша
за
за -з
пачагь -ри -з
къваз -на
гевгьер -ер -и -н
кӏан -зава -й
и
вилаят -ди -з
ат -ана
ва -з
фад
тӏвар -чи -з
г -уда -ни
гьуьл -уь -н
дуьз вил -и -з
дегьшет
лугь -узва
а
билет -ар
ну
хьа на -тӏа
вун
тарих -ди -н
хьи
ават -ана
хьа -нава
ацукь -да
пек -ни
ак -уна
мейдан -да -л -NULL
лугь -уда
лугь -уда
кӏвал -е -NULL
дежурный да
ахъая
гада -ди -з -ни
хъсан
гъ -ана
гьефте д -л -ай
къари
иеси
лугь -уда
хуьр -е -NULL
ибур
чара
ида
га -ана -ч
ка й -ла
лугь -уда
ктаб
вуж
сад
хагьиш ая
лугь -уда
ма
специально
хьа на
район -ди -з
фи -ун
абур -у
акъадра
и
т- ий -из
чи
гада -ди -з
хьа на
чи
чи й -вал
зи
хьи
ф -ида
гьикӏ
пата -л а й
гьана
гада
иер
къе.йиф -из
вил -ер
къвер.кьван
лугь -уда
лагь -ана
гъел
а
зун
пек -ни
лугь -уда
палкан
ва -з
къв -еда
чун
севда
лагь -ана
ма
т- ий -из
пад
вил
кӏватӏ
дамах -ар на
чӏугва -из
чӏув -а -л -NULL
ибуру
экъечӏ -нава
ф йи -ла
я
акъат
чӏехи
са
хьи
вилаят -ди -з
ун
лугь -уда
ида -ни
кӏан -и
чун
са
кицӏ
вичи -н
кӏан -зава -й
ак -ур -тӏа
лагь -ана
мад -ни
гьиниз
бала
аял -ар
диде -ди хъ
ва
ида -з @@@
ва -з
накьв
ахъая
жемят
кьуд-вад
им
гьакӏ
ф -ена
за
лугь -уда
за к -ай
ий -ида
чӏал
эцик зва -й -ди
вахгун
хьа на
гада
са
рессам -ди -н
гьуьл -уь -н
запрос
хт -ана
башламиш -зава
кван
чӏулав
няни
жаза
къаз
чун
пек -ни
гьада
муькуь
гада
ав -уна -ч
хьа на
муаллим
чӏав -у -з
руш а -з
къв -еда
пачагьвал -и -з
халкь -ди -з -ни
за -з
лагь -ана
хьир
кьуьлер на
са
текче
ава -ч
гъил
лагь -ана
кӏан зава -ч
къен
тахьа ай -тӏа
векь -и -н
же зва й -ди
серин -вал
ша
гьакӏ
хьур ай
лугь -уда
къевиз
ругуд
а -бур
ван
вуч
жи
мад -ни
тир
за -з
лагь -ана
руш
туш
белке
аку
пачагь
къулдур -ри -з -ни
кьил -е -л -NULL
чими
зун
а
же зва
алукь на
пачагь
гъваш
ава
руш
гваз
зи
вич -и
акъуд -уьн
американ -яр и
за -з
квез
чукотка да
кӏвач
же зва -ч
яхцӏур
куд на
хва -яр
це
къарши -ди -з
къерех -ди -з
лугь -уз
и
за -л
гъел
и
чукуна
са
хъф -ена
гьана -л
чан
хкаж.же зва
яман
и
тир
ахпа
ава
накьв
вуш
ида
чун
газет -ди -з
чинеба
лугь -уда
гьефте
за
руш
иеси
эвечӏ на
са
лугьу -рай
нагьахъ
кан -и
гаф -ар
кицӏ -и -н
хьа
кӏвал -и -з
абур -ни
лагь -ана
мелим -ди
лагь -ана
лугь -уда
кван
чун
гьуьл -уь -н
хвеши