buh
langgi-langgi
nou
peis
na
ndah
ndah
keng- di
-em- teis
n==
na
m- buat
nge- saa
i==
beig
apuh
na
na
anu
lama
di
tapih
mual
nubuh
-i- mati
nya
anak
-i- m- ulih
-in- ng- uah
daya
osi
ngasakng
sampai
ngai
-in- m- ahi
dumah
hita
ou
alih
m- olok
na
domon
bakng
uubm
hei
bengkali
na
alih
ki- bori
sensarah
hei
timook
malik
karukng
keng- di
pelanduk
na
m- panu
beig
siaid
na
tilina
sigup
di
in- aap
pasi
uubm
mengin
ki- ara
remombuh
hei
bakng
suhup
bilah
nd== ara
==ga
baar-baar
hei
sogokng
n- unu
na
bet
siga.lama.na
bali
deirdn.na
bigut
kabur
kiou
punga
sinapakng
n- utukng
ng- kuah
nubuh
babi
hanah
m- iaah
na
silah
engat
na