sukukhen
oleh
edhi
oyek
munyang
tubuh ==ne
kidah
oleh
kekhan
ise
angkat
si layakh
si
khumah
[...]-- sitok ==ne
khut
bhe
ni
kalak
malot
laus
meng- ato
penduduk
bahagie
kau
me- hasil
segale
mem- pekhintah -ken
kami
ngkhan
malot
ni- susun
bahan -en
ninik
me- nikah -i
ni
men- abin -i
mem- mengket -i
si layakh
tuan ==ku
khut
khombong -en
te
dempik
me- lawan ==ne
setekhusne
amek
kede
akhi
dukun
deleng
soh
kedue
mpus
ate
de
khaje
bingung
khut
tekhus
edhi
wakhi
pengulu.mude
malot
malot
se- cakhe
mem- babe
te
edhi
jeme
mame ==ne
pakcik
enggo
negekhi
me- baju
me
pitu
akhi
kalak
namun
wakhi
anak.laki
ni
mbue
sendikhi
si
compang.camping
tuan ==ku
me
nakan
tebe
khut
kakhene
sang
tandi
anak.khu
cuping
kidah
dikhi ==ne
mange
si
khut
bayak
mange
buet -ken
me- pangkat
pakhe
khaje
khumah
si
khaje
ndape
enggo
die
kalaki
enggo
si
si layakh
pe- takhik -ken ==ne
nange
layakh
kakhene
si
nujum
kekhine
me
sayukh
ke- khoh -en
sang
sendah
si layakh
tekhus
begedi
belang
[...]-- belagakh
edi
me- dalan
kekhi ==ne
niat
akhi
si
suke-cite
bekhu
lot
pe- tande
te- jekhang
gelap
di
m- angan
iye
te
me- nyekolah -ken
si
ninik
si
khumah
hal
tubuh
suku
ate
[...]-- hame
kite
iye -me
meng- asing -ken ==ne
ke- khaja -en
khut
natam
kane
kalak
se.sikel
==ne
pemain.sukhi
si
kekhine
benakh
geluh
gekhangen
se- kalak
khombong -en
kekhine
mem- asti -ken
pengulu.mude
si
buluh
khut
men- dabuh -ken
kelok lah
sebuah
tule
apekah
kalak
ke- tukhun -en
kalaki
malot
n- dabuh
geluh
khoh ==lah
enggo
malot
tekhyate
ni- tunang -ken
ni
jeme
me- hak
men- indekh -ken ==ne
tuan ==ku
khut
kane
paling
pe
nakan
deleng
bulang
m- bhabhe -ken m- bhalik
istekhi
kane
kisah
kite
te
si
imbalan
anak
amak
khut
lahekh
sultan
me- ge
nange
wakhi
kane
kite
te
mem- bunuh ==ne
atas
kabakh
laus
tekh- adep
ni- cakhe -ken
mame ==ku
akhi
me
laki-laki
tekhsebut
si
waktu
khang.tue
me- daun
salah
soh ==lah
kami
khaje
kejam -me
pakek
untuk
khase
hayak -me
tekhahikh
ni
pejabat
khut
singkil
si
edi
toh
kami
nahan ==ne
malot
si
bende
te
malot
te
khaje
dikhi ==mu
adalah
khut
pedagang
akali ==ne
tekhus
ni- tukokh ==lah
anak
bekhu.dinam
anggote
si ape
pekhistiwe
si
pekhsi
padahal
si layakh
men- jadi
ni- kate -ken
pe- tukokh -ken
manusie
tepat
kite
balik
wahai
m pangan -i
si
kalak
meng- hokhmat -i
si layakh
ng- gakhem
aku
nange
ngo
ni
khombong -en
tebe ==ku
aceh.dakhussalam
engo
edhi
gaikhah
edhi
khut
kekhang
khut
iye
ni- laus mece -ken
ulah ==ne
manusie
anak.laki
jekhok ==ne
benakh -kah
malet
pakek
kute ==ne
khaje
sang
telu
meng- une -ken
ni
anak
khoh
ni- banding -ken
mem- babe
buah
me- [...]-- deleng
meng- asing -ken
sang
edi
uwak ==ku
pe- nata -en
tule
sahung
nde
di
lain
bekhu.dinam
ame
impal ==ne
pem- babe
sosok
sendikhi
te
natam
betah
ni- segan -i
anakhu
mey- ikham -ken
se- [...]-- sikel
te
abhang
pesan
lot
kalaki
te- bege
musibah
de
hakhte
mame ==ne
meng- adep
lot
edhi
bage
andinda
bekhat
men- jadi
sendah
nde
meng- hadikh -i
gedang
khaje
dukut ==ne
anak
ni
pengulu.mude
sendikhi
nange
men- cekhite -ken
amek
plastik
bene
kae
alkisah
nujum
edi
oleh
oleh
dikhi ==ne
bayi
malot
khitan -en
aku
menukhut
de
mungkin
lupe
nange
pe
meng- ato
n- tukokh
si
me- tahan
sehat
pey- akit
me
mem- ake
[...]-- tanemen
ate ==ne
se- tekhus ==ne
namun
men- andai
deleng
me- cekhite -ken
keluki
tadi
m- putekh -ken
sikel
me- bahan
me
nakhu
uang
pido nemu
hal
bahan
nakbekhu
khase
daekhah
ate
mempekhduli.ken
si
tepat
mem- babe
uwis
peng- uase
jeme
bongi
ate ==ne
kite
geluh
madhe
khut
sah
te- tukokh -ken
lot
si
delaki
endhe
si layakh
si
si
enggo
sabakh
uan -me
lengkap -me
ni- dapet ==ne
aceh
sang
malot
babe m- balik -ken
de
mbelin
si
endak
iye
ni- mulai
te
ni- pinpin ==ne
ke- gembikh -en
anak
namun
bakhu lah
bhatu
ikan
me- pikekh
wasiat
kekhe
malot
nol
miskin
kendukhi
si
si
tetap
malet
si layakh
bekhite
laki-laki
ndak