kâ#ᴅᴇᴍ2.ᴅɪѕᴛ
kä..#ѕᴜʙʀ topwë#little
tü-#Rʟ mnâ#live,.stay -ngö#ᴀᴘᴘʟ ==gö#=1ᴀᴜɢII
në-#ɴᴍʟᴢ1 vë#go -kö#ɴᴍʟᴢ.ᴘᴄFʟ -mü#PᴅiR.HITHER
dapu#piece
ö-#ᴍiᴅ male#hold
bagö#dat=1augII
da#thing
kä..#ѕᴜʙʀ
ni#be ==pe#=ᴄᴏЅ -m#2ᴍiɴII
kä..#ѕᴜʙʀ
tü-#Rʟ mnâ#live,.stay -ngö#ᴀᴘᴘʟ ==gö#=1ᴀᴜɢII
-#3ᴀᴜɢ1 mnâ#be ==ngü#=3ᴀᴜɢIS
tü-#Rʟ pnz'#shoot -bü#FULLY ==pe#=ᴄᴏЅ ==le#=3ᴍiɴIA
yâ#stay -pä#GᴅiR.OUT
nâbö#cross
-#3ᴀᴜɢ1 mnâ#be ==lö#=3ᴀᴜɢIA
ba-#ᴅᴀᴛ ==nge#=1ᴍiɴII
tu#stand -tä#iɴᴛЅ pwë#just
ä#and
amölä#all
ni-#ᴀᴄᴄ ==nge#=1ᴍiɴII
këble#different -ngü#ᴘʟ
do#hang -ne#ᴅЅᴛR -lë#GᴅiR.UP ==pe#=ᴄᴏЅ kë#also -#PᴅiR.YON
zbrlxkz#thirst
ö-#ᴍiᴅ pi#say ==le#=3ᴍiɴIA
më#ᴘʀᴇᴘ
leplë#people
nyë#ᴘᴄFʟ.ʙ&ɢ ==de#=3ᴍiɴII
döka'#demon -ngü#ᴘʟ
töpapa-.(aöâhaiâ)#DOOR
mwelr#fear ==kö#=1ᴀᴜɢI
kë#also
kâ#ᴅᴇᴍ2.ᴅɪѕᴛ
kölë#reach -mü#PᴅiR.HITHER ==le#=3ᴍiɴIA
dötwö#mind ==de#=3ᴍiɴII
pasto#pastor
kä..#ѕᴜʙʀ
mâ#see ==ä#=1ᴍiɴI
në-#ɴᴍʟᴢ1 wë#make -kö#ɴᴍʟᴢ.ᴘᴄFʟ ==de#=3ᴍiɴII
nyë#ᴘᴄFʟ.ʙ&ɢ ==de#=3ᴍiɴII
kölë#know ==ku#=12ᴀᴜɢI
më#ᴘʀᴇᴘ
mëbü#day
më#ᴘʀᴇᴘ
sâ-#ᴘFᴠ
të-#Rʟ.3ᴀᴜɢ ö-#ᴍiᴅ pi#say ==pe#=ᴄᴏЅ ==lö#=3ᴀᴜɢIA
kä..#ѕᴜʙʀ -#3ᴀᴜɢ1 siklu#be.schooled
ä#and
da#thing
tü-#Rʟ ö-#ᴍiᴅ pi#say ==pe#=ᴄᴏЅ -mü#PᴅiR.HITHER
ä#and
tü-#Rʟ ya#paddle -pä#GᴅiR.OUT ==pe#=ᴄᴏЅ -bë#PᴅiR.YON ==#=3ᴍiɴIS
köa-#ᴏRᴅ li#two
në-#ɴᴍʟᴢ1 pâ#red -kö#ɴᴍʟᴢ.ᴘᴄFʟ
lâ#ᴅᴇᴍ1.ᴅɪѕᴛ
mökâ#there
lâ#ᴅᴇᴍ1.ᴅɪѕᴛ
nâ#tree
ä#and
ö-#ᴍiᴅ pi#say -bë#PᴅiR.YON ==le#=3ᴍiɴIA
delâ#this
kë#also
sâ-#ᴘFᴠ
kâ#ᴅᴇᴍ2.ᴅɪѕᴛ
tü-#Rʟ ö-#ᴍiᴅ pi#say -bo#.BZ(PDIR.YON)=O(1MINI)
ä#and
nölâ#place
vo#travel -o#GᴅiR.DOWN -mü#PᴅiR.HITHER ==ä#=1ᴍiɴI
sâ-#ᴘFᴠ
në-#ɴᴍʟᴢ1 yâmne#speak -kö#ɴᴍʟᴢ.ᴘᴄFʟ ==de#=3ᴍiɴII
pipë#little.bit
më#ᴘʀᴇᴘ
milëpü#evening
të-#Rʟ.3ᴀᴜɢ mnâ#be ==ngü#=3ᴀᴜɢIS
a'#but
-#3ᴀᴜɢ1 mwi#sleep -pä#GᴅiR.OUT -mü#PᴅiR.HITHER
tü-#Rʟ ö-#ᴍiᴅ pi#say ==pe#=ᴄᴏЅ -mü#PᴅiR.HITHER
këdü#a
më#ᴘʀᴇᴘ
këdung#ᴀᴛ.фɴᴛ.ᴘʟ.ᴘʟ
gât#God
kâng#those
awi#thank -tä#iɴᴛЅ -bo#.BZ(PDIR.YON)=O(1MINI)
më#ᴘʀᴇᴘ
më#ᴘʀᴇᴘ
nöâ#wave
nüvi#rope
në-#ɴᴍʟᴢ1 ayângölö#shake. -ti#ᴛR -kö#ɴᴍʟᴢ.ᴘᴄFʟ
käömailë#leader
a-#ᴄᴀᴜЅ glö#dry ==kö#=1ᴀᴜɢI
më#ᴘʀᴇᴘ
-#3ᴀᴜɢ1 dwasë#leave -bë#PᴅiR.YON
ä#and
tü-#Rʟ yokae#untie ==kö#=1ᴀᴜɢI
dëbö#root
nigö#be.1ᴀᴜɢII
a'#but
mü#behind
mu#desire ==le#=3ᴍiɴIA
popa'#bow
nöpakämölë#Good.News
da#thing
të-#Rʟ.3ᴀᴜɢ wökätö#baptised ==pe#=ᴄᴏЅ ==ngü#=3ᴀᴜɢIS
but#shoe
doa#child
kâ#ᴅᴇᴍ2.ᴅɪѕᴛ
lö#ᴛᴘɴʏᴍ
tü-#Rʟ oti#take ==pe#=ᴄᴏЅ -bë#PᴅiR.YON ==le#=3ᴍiɴIA
mëtea#village
bagö#dat=1augII
nâ#tree
më#ᴘʀᴇᴘ
ä#and
muöde#because
käetu#leader
ngö#ɢᴇɴ1ᴀ
në-#ɴᴍʟᴢ1 vë#go -dë#GᴅiR.UP -kö#ɴᴍʟᴢ.ᴘᴄFʟ ==de#=3ᴍiɴII
mâ#see -tä#iɴᴛЅ -mü#PᴅiR.HITHER
sâ-#ᴘFᴠ
kâ#ᴅᴇᴍ2.ᴅɪѕᴛ
-#3ᴀᴜɢ1 wäbu#sit -ti#ᴘʟᴄᴛ ==lö#=3ᴀᴜɢIA
yagoä#sick
kâ#ᴅᴇᴍ2.ᴅɪѕᴛ
ä#and
-#3ᴀᴜɢ1 vou#ignite -ne#iɴᴛЅ -o#GᴅiR.DOWN ==pe#=ᴄᴏЅ -mü#PᴅiR.HITHER
më#ᴘʀᴇᴘ
tü-#Rʟ mnâ#be ==pe#=ᴄᴏЅ ==ä#=1ᴍiɴI
maket#market
kzbznyon#companions
nemya'#Nemya'.
teomo#manioc
mökâ#there
në-#ɴᴍʟᴢ1 ngi#be töpengö#not.have;.none.anymore -kö#ɴᴍʟᴢ.ᴘᴄFʟ
kâ#ᴅᴇᴍ2.ᴅɪѕᴛ
më#ᴘʀᴇᴘ
otä#pass
==le#=3ᴍiɴIIP
wü#upper.part
kä..#ѕᴜʙʀ
stoa#STORE
të-#Rʟ.3ᴀᴜɢ ökalë#leave ==pe#=ᴄᴏЅ -mü#PᴅiR.HITHER
kâ#ᴅᴇᴍ2.ᴅɪѕᴛ
muöde#because
teomo#manioc
öngalä#dawn
lâlö#field
ö-#ᴍiᴅ pi#say -bë#PᴅiR.YON ==le#=3ᴍiɴIA
mökâ#there
më#ᴘʀᴇᴘ
vaol#vowel
dötwö#mind ==dö#=3ᴀᴜɢII
nabë#area
kä..#ѕᴜʙʀ
bokapwr#Bokapwr
kä..#ѕᴜʙʀ
tö-#ɴᴇɢ vë#feel.sad kë#also -u#ɴᴇɢ
ä#and
më#ᴘʀᴇᴘ
nâbö#cross
kâma#that.one
më#ᴘʀᴇᴘ
sâ-#ᴘFᴠ
më#ᴘʀᴇᴘ
nina#early.evening
mâ#see ==kö#=1ᴀᴜɢI
mötwë'#end
twë#take -o#GᴅiR.DOWN -mü#PᴅiR.HITHER ==ä#=1ᴍiɴI
nyö#fire
ö#ɢᴇɴ1ᴀ ==de#=3ᴍiɴII
ye#only
ä#and
më#ᴘʀᴇᴘ
ni-#ᴀᴄᴄ ==nge#=1ᴍiɴII
sâ-#ᴘFᴠ
oti#take ==amu#=2ᴀᴜɢI
nar#head
kä..#ѕᴜʙʀ
-#3ᴀᴜɢ1 pnz'#shoot -bë#PᴅiR.YON
tü-#Rʟ öpwämë#nine
sâ#ᴘᴄFʟ.hand ==gu#=12ᴀᴜɢII
sâ-#ᴘFᴠ
topwë#little
-#3ᴀᴜɢ1 pötö#enter.in mou#again -mü#PᴅiR.HITHER
müngö#image
më#ᴘʀᴇᴘ
tewa#rain
më#ᴘʀᴇᴘ
blökü#grandmother ==nge#=1ᴍiɴII
tü-#Rʟ vo#travel -pä#GᴅiR.OUT ==pe#=ᴄᴏЅ
ä#and
më#ᴘʀᴇᴘ
-#ᴘᴀЅ mâ#see
okatö#help -mü#PᴅiR.HITHER
lö#ᴛᴘɴʏᴍ
nigö#be.1ᴀᴜɢII
kâ#ᴅᴇᴍ2.ᴅɪѕᴛ
kä..#ѕᴜʙʀ
nümü#way
të-#Rʟ.3ᴀᴜɢ mâpä#choose mou#again ==lö#=3ᴀᴜɢIA
yagoä#sick -tä#iɴᴛЅ
nâblo#man
mâ#see ==le#=3ᴍiɴIA
roman#Catholic
twë#take -tä#iɴᴛЅ -bo#.BZ(PDIR.YON)=O(1MINI)
në-#ɴᴍʟᴢ1 vo#travel -mi#ᴅᴘᴠ -ne#iɴᴛЅ -kö#ɴᴍʟᴢ.ᴘᴄFʟ ==nge#=1ᴍiɴII
temë#moon.
na-#iRR twz#take mou#again ==ki#=12ᴍiɴI
sâ-#ᴘFᴠ
kä..#ѕᴜʙʀ
kä..#ѕᴜʙʀ
më#ᴘʀᴇᴘ
kä..#ѕᴜʙʀ
kâ#ᴅᴇᴍ2.ᴅɪѕᴛ
mota#Mota
nigu#be.12ᴀᴜɢII
tü-#Rʟ pi#say -bë#PᴅiR.YON ==kö#=1ᴀᴜɢI
nigö#be.1ᴀᴜɢII
tü-#Rʟ vë#go -o#GᴅiR.DOWN ==pe#=ᴄᴏЅ ==#=3ᴍiɴIS
të-#Rʟ.3ᴀᴜɢ ö-#ᴍiᴅ wë#make -ngö#ᴀᴘᴘʟ ==pe#=ᴄᴏЅ ==ng#=3ᴀᴜɢIS
julae#JULY
dwa#jump -o#GᴅiR.DOWN -bë#PᴅiR.YON ==kö#=1ᴀᴜɢI
lâsu#ship
ö-#ᴍiᴅ pi#say -mü#PᴅiR.HITHER ==le#=3ᴍiɴIA
kxbq#uncle.nephew ==gö#=1ᴀᴜɢII -ngü#ᴘʟ
leplë#people
wë#work -tä#iɴᴛЅ -ngö#ᴀᴘᴘʟ pwë#just ==kö#=1ᴀᴜɢI
ma#advrs
nümü#way
vöi#star
mnâ#be ==kö#=1ᴀᴜɢI
lâ#ᴅᴇᴍ1.ᴅɪѕᴛ
kä..#ѕᴜʙʀ në-#ɴᴍʟᴢ1 skul#be.schooled
më#ᴘʀᴇᴘ
muöde#because
köa-#ᴏRᴅ li#two
na-#iRR tekütö#exchange ==le#=3ᴍiɴIA
ö#ɢᴇɴ1ᴀ
pwökilvâ#startled -ngö#ᴀᴘᴘʟ ==gö#=1ᴀᴜɢII
vea#war
skul#be.schooled
kä..#ѕᴜʙʀ
muöde#because
më#ᴘʀᴇᴘ
lâng#these
köos#cross
të-#Rʟ.3ᴀᴜɢ a-#ᴄᴀᴜЅ ngâ#burn ==pe#=ᴄᴏЅ ==lö#=3ᴀᴜɢIA
kâ#ᴅᴇᴍ2.ᴅɪѕᴛ
lâsu#ship
kâ#ᴅᴇᴍ2.ᴅɪѕᴛ
bot#boat
më.nibö#AFTER
muöde#because
lälvö#turn -ki#UᴅiR.PATH -mü#PᴅiR.HITHER ==le#=3ᴍiɴIA
lâsu#ship
ya#paddle -pä#GᴅiR.OUT ëvë#always ==kö#=1ᴀᴜɢI
kâ#ᴅᴇᴍ2.ᴅɪѕᴛ
kâ#ᴅᴇᴍ2.ᴅɪѕᴛ
kâma#that.one
ä#and
meöikol#miracle
mëli#time
kâ#ᴅᴇᴍ2.ᴅɪѕᴛ
ngö#ɢᴇɴ1ᴀ
obü#look -pä#GᴅiR.OUT ==#=3ᴍiɴIS
ä#and
elalë#rejoice -tä#iɴᴛЅ -mü#PᴅiR.HITHER
mölëväi#extremely.good
ba-#ᴅᴀᴛ ==nge#=1ᴍiɴII
-#3ᴀᴜɢ1 vë#go -mü#PᴅiR.HITHER ==ng#=3ᴀᴜɢIS
ëbë#so.then
töte#father
skul#be.schooled
më#ᴘʀᴇᴘ
mökâ#there
delâ#this
të-#Rʟ.3ᴀᴜɢ mnâ#be ==pe#=ᴄᴏЅ -ngö#ᴀᴘᴘʟ -mü#PᴅiR.HITHER ==lö#=3ᴀᴜɢIA
tosi#torchlight
ö-#ᴍiᴅ pi#say -bë#PᴅiR.YON
kâng#those
mëli#time
elö#there
mama#priest
tü-#Rʟ yöpu#bang.against -ti#ᴛR -pä#GᴅiR.OUT -ngö#ᴀᴘᴘʟ
ö#ɢᴇɴ1ᴀ ==gö#=1ᴀᴜɢII -ngü#ᴘʟ
kä..#ѕᴜʙʀ külu#many
yëutö#begin
sâ-#ᴘFᴠ
më#ᴘʀᴇᴘ
kä..#ѕᴜʙʀ
kâ#ᴅᴇᴍ2.ᴅɪѕᴛ
ö-#ᴍiᴅ yö#write -mü#PᴅiR.HITHER
tü-#Rʟ ngi#be ni#pick -ngö#ᴀᴘᴘʟ ==gö#=1ᴀᴜɢII
kämu#be.like
yië#year
olvë#female
tu#stand
kä..#ѕᴜʙʀ
kä..#ѕᴜʙʀ
tü-#Rʟ tu#stand
mama#priest
nölâ#place
köa-#ᴏRᴅ li#two
ma#house
mübü#green
-#3ᴀᴜɢ1 köka'#pray -ngö#ᴀᴘᴘʟ -bë#PᴅiR.YON
ä#and
dötü#name ==dö#=3ᴀᴜɢII
kä..#ѕᴜʙʀ
lâde#there
kâ#ᴅᴇᴍ2.ᴅɪѕᴛ
tü-#Rʟ rlvi#be.demanding -tä#iɴᴛЅ -pä#GᴅiR.OUT ==be#=STILL
sâ-#ᴘFᴠ
tü-#Rʟ kölë#reach ate#afterward -bë#PᴅiR.YON ==kö#=1ᴀᴜɢI
ngö#ɢᴇɴ1ᴀ
kio#chicken;.bird
banyapu#pineapple
tü-#Rʟ rdatr#persevere pwë#just
më#ᴘʀᴇᴘ
kâ#ᴅᴇᴍ2.ᴅɪѕᴛ
ä#and
kä..#ѕᴜʙʀ
sâ-#ᴘFᴠ
muöde#because
sada.krus#SANTA.CRUZ
neke#who
lâ#ᴅᴇᴍ1.ᴅɪѕᴛ
päi#wear ==#=3ᴍiɴIS
të-#Rʟ.3ᴀᴜɢ läküti#spotted -o#GᴅiR.DOWN
më#ᴘʀᴇᴘ
vea#war
köanëlvün#fifth
këdü#a
yië#year
löpëki#road
kâ#ᴅᴇᴍ2.ᴅɪѕᴛ
tü-#Rʟ ö-#ᴍiᴅ pi#say ==pe#=ᴄᴏЅ -mü#PᴅiR.HITHER ==le#=3ᴍiɴIA
më#ᴘʀᴇᴘ
la#ᴅᴇᴍ1.ᴘʀᴏχ
pöla#sea
më#ᴘʀᴇᴘ
nemya'#Nemya'.
ä#and
kä..#ѕᴜʙʀ
ni-#ᴀᴄᴄ ==nge#=1ᴍiɴII
muöde#because
dâpwe#salt.water
sa#ɪᴘFᴠ
kâng#those
tü-#Rʟ yëlu#return ==pe#=ᴄᴏЅ -mü#PᴅiR.HITHER ==ä#=1ᴍiɴI
kä..#ѕᴜʙʀ
stoa#STORE
sâ-#ᴘFᴠ
-#ᴘᴀЅ mâ#see
kâ#ᴅᴇᴍ2.ᴅɪѕᴛ
nâblo#man
sâ-#ᴘFᴠ
tü-#Rʟ vë#go ==pe#=ᴄᴏЅ ==ä#=1ᴍiɴI
tü-#Rʟ wai#do
tü-#Rʟ ya#paddle -pä#GᴅiR.OUT ==pe#=ᴄᴏЅ -bë#PᴅiR.YON ==#=3ᴍiɴIS
në-#ɴᴍʟᴢ1 wë#make -ngö#ᴠR
nigö#be.1ᴀᴜɢII
vanikoro#Vanikoro.Is
ngö#ɢᴇɴ1ᴀ
kâ#ᴅᴇᴍ2.ᴅɪѕᴛ
bünâ#long.ago
kâng#those
set#sector
kä..#ѕᴜʙʀ
nibö#back.part ==de#=3ᴍiɴII
ngi#be
kxnzmnc-mrbrng#heathens
më#ᴘʀᴇᴘ
mökâ#there
twë#take -tö#GᴅiR.IN ==kö#=1ᴀᴜɢI
më#ᴘʀᴇᴘ
kâ#ᴅᴇᴍ2.ᴅɪѕᴛ
ngö#ɢᴇɴ1ᴀ ==de#=3ᴍiɴII
ö-#ᴍiᴅ pi#say ==le#=3ᴍiɴIA
kâ#ᴅᴇᴍ2.ᴅɪѕᴛ
në-#ɴᴍʟᴢ1 mâ#see -pä#GᴅiR.OUT
kâ#ᴅᴇᴍ2.ᴅɪѕᴛ
bao#blow -ngö#ᴀᴘᴘʟ ==de#=3ᴍiɴII
më#ᴘʀᴇᴘ
në-#ɴᴍʟᴢ1 wë#make -ngö#ᴠR
kä..#ѕᴜʙʀ
kä..#ѕᴜʙʀ esë'#one
seleng#they.here
löpë#cloth
kâng#those
kâ#ᴅᴇᴍ2.ᴅɪѕᴛ
kä..#ѕᴜʙʀ etu#big
kä..#ѕᴜʙʀ
dövö#umbrella -ti#ᴛR -ne#iɴᴛЅ ==pe#=ᴄᴏЅ -ngö#ᴀᴘᴘʟ ==gö#=1ᴀᴜɢII
lö#ᴛᴘɴʏᴍ
nounâ#tree
ö#ɢᴇɴ1ᴀ
nabë#area
plâ#yellowish.green
töpnëngö#none.;.lack;.none
da#thing
baengr#Baengr
merikz#USA,.AMERICA
ä#and
vo#travel -mü#PᴅiR.HITHER
ö#ɢᴇɴ1ᴀ
yëlu#return -mi#ᴅᴘᴠ -tä#iɴᴛЅ mou#again ==ä#=1ᴍiɴI
vë#go -bë#PᴅiR.YON ==kö#=1ᴀᴜɢI
-#3ᴀᴜɢ1 vë#go ëvë#always -bë#PᴅiR.YON ==ngü#=3ᴀᴜɢIS
kölë#reach -mü#PᴅiR.HITHER ==le#=3ᴍiɴIA
ö-#ᴍiᴅ pi#say -mü#PᴅiR.HITHER
ä#and
ö#ɢᴇɴ1ᴀ ==de#=3ᴍiɴII
mnâ#be ==kö#=1ᴀᴜɢI
nepi#sun
ä#and
a'#but
tzsiu#monk
-#ᴘᴀЅ tekütö#exchange kë#also
kâ#ᴅᴇᴍ2.ᴅɪѕᴛ
tölaki#wind.W
sâ-#ᴘFᴠ
kä..#ѕᴜʙʀ
këdü#a
-#3ᴀᴜɢ1 angio#worship ==lö#=3ᴀᴜɢIA
këdü#a
ä#and
la#ᴅᴇᴍ1.ᴘʀᴏχ
kölëu#wait!
ä#and
ile#sister.of.female
tewa#rain
döka'#demon
naonöä#doorway
ä#and
tu#stand -tä#iɴᴛЅ -lë#GᴅiR.UP -m#PᴅiR.HITHER
kä..#ѕᴜʙʀ
döka'#demon
läe#mother.aunt ==dö#=3ᴀᴜɢII
sâ-#ᴘFᴠ
më#ᴘʀᴇᴘ
yië#year
plökütu#overgrown
etu#big ëlwë#much ==le#=3ᴍiɴIA
në-#ɴᴍʟᴢ1 ale#do -kö#ɴᴍʟᴢ.ᴘᴄFʟ ==dö#=3ᴀᴜɢII ==le#=3ᴍiɴIA
lopöta#king.tree.greens
nar#head
më#ᴘʀᴇᴘ
në-#ɴᴍʟᴢ1 o#go -ägle#DEPEND ==lö#=3ᴀᴜɢIA
kâ#ᴅᴇᴍ2.ᴅɪѕᴛ
kxmrlz#good
leplë#people
ö#ɢᴇɴ1ᴀ ==gö#=1ᴀᴜɢII
kä..#ѕᴜʙʀ
dävo#tsunami
në-#ɴᴍʟᴢ1 wë#make -kö#ɴᴍʟᴢ.ᴘᴄFʟ ==de#=3ᴍiɴII
tü-#Rʟ plökütu#overgrown
në-#ɴᴍʟᴢ1 etu#big ==pe#=ᴄᴏЅ -kö#ɴᴍʟᴢ.ᴘᴄFʟ ==nge#=1ᴍiɴII
më#ᴘʀᴇᴘ
lâsu#ship
klas#class
kä..#ѕᴜʙʀ
na-#iRR mölë#be.good ==#=3ᴍiɴIS
më#ᴘʀᴇᴘ
nou#base
töpnëngö#none.;.lack;.none
yëlu#return -mü#PᴅiR.HITHER ==ä#=1ᴍiɴI
leu#leaf
sâ-#ᴘFᴠ
ö#ɢᴇɴ1ᴀ
këdü#a
tü-#Rʟ yëu#begin -tö#GᴅiR.IN ==pe#=ᴄᴏЅ ==le#=3ᴍiɴIA
kâng#those
më#ᴘʀᴇᴘ
nigö#be.1ᴀᴜɢII
kâ#ᴅᴇᴍ2.ᴅɪѕᴛ
klas#class
nigö#be.1ᴀᴜɢII
ä#and
në-#ɴᴍʟᴢ1 yâ#stay -o#GᴅiR.DOWN -kö#ɴᴍʟᴢ.ᴘᴄFʟ -mü#PᴅiR.HITHER ==le#=3ᴍiɴIA
ö#ɢᴇɴ1ᴀ ==de#=3ᴍiɴII
kâ#ᴅᴇᴍ2.ᴅɪѕᴛ
më#ᴘʀᴇᴘ
muöde#because
ëbë#so.then
në-#ɴᴍʟᴢ1 vë#go -kö#ɴᴍʟᴢ.ᴘᴄFʟ ==dö#=3ᴀᴜɢII
kâ#ᴅᴇᴍ2.ᴅɪѕᴛ
natü#word
löpëu#tapa.cloth
ä#and
skul#be.schooled
josip#Joseph
në-#ɴᴍʟᴢ1 ö-#ᴍiᴅ malvë#smoke aepë#near -tö#GᴅiR.IN -kö#ɴᴍʟᴢ.ᴘᴄFʟ ==gö#=1ᴀᴜɢII
ä#and
më#ᴘʀᴇᴘ
të-#Rʟ.3ᴀᴜɢ yapwä#tell -ti#ᴛR ==pe#=ᴄᴏЅ -bë#PᴅiR.YON ==lö#=3ᴀᴜɢIA
na-#iRR vë#go kai#first -bo#.BZ(PDIR.YON)=O(1MINI)
vea#war mölë#good
kä..#ѕᴜʙʀ etu#big
ä#and
a'#but
mëli#time
kâ#ᴅᴇᴍ2.ᴅɪѕᴛ
kâ#ᴅᴇᴍ2.ᴅɪѕᴛ
letë#letter
tü-#Rʟ ö-#ᴍiᴅ wëti#wash -o#GᴅiR.DOWN
në-#ɴᴍʟᴢ1 ö-#ᴍiᴅ bom#bomb -kö#ɴᴍʟᴢ.ᴘᴄFʟ
ö-#ᴍiᴅ pi#say ==le#=3ᴍiɴIA
kä..#ѕᴜʙʀ
bznwz#Bznwz.vil
katkis#CATECHIST
këdü#a
yölü#put -tö#GᴅiR.IN läblö#together -bë#PᴅiR.YON ==le#=3ᴍiɴIA
bom#bomb
ëbë#so.then
nzlvz#Reef.Is
ö#ɢᴇɴ1ᴀ ==dö#=3ᴀᴜɢII -ngü#ᴘʟ
kâ#ᴅᴇᴍ2.ᴅɪѕᴛ
më#ᴘʀᴇᴘ
kâng#those
na-#iRR mnâ#live,.stay -ngö#ᴀᴘᴘʟ ==gö#=1ᴀᴜɢII
kä..#ѕᴜʙʀ plâ#ripe
na-#iRR wäbu#sit -ngö#ᴀᴘᴘʟ
ëbë#so.then
kä..#ѕᴜʙʀ
nea#Nea
e#or
skul#be.schooled
aijz#Aijz
lue#water
meleu#Meleu
mëli#time
nyë#ᴘᴄFʟ.ʙ&ɢ ==de#=3ᴍiɴII
yökö#finish -pä#GᴅiR.OUT -bë#PᴅiR.YON ==#=3ᴍiɴIS
ne#ᴘᴄFʟ.rsbl ==dö#=3ᴀᴜɢII
kosi#course
më#ᴘʀᴇᴘ
yië#year
ä#and
tü-#Rʟ do#hang -tö#GᴅiR.IN
nâtü#half ==de#=3ᴍiɴII
kâ#ᴅᴇᴍ2.ᴅɪѕᴛ
a'#but
ni-#ᴀᴄᴄ ==nge#=1ᴍiɴII
më#ᴘʀᴇᴘ
kä..#ѕᴜʙʀ
kä..#ѕᴜʙʀ
auki#Auki
më#ᴘʀᴇᴘ
ëbë#so.then
käetu#leader
kä..#ѕᴜʙʀ
tömâtu#island
të-#Rʟ.3ᴀᴜɢ ngöla#crawl -plä#UᴅiR.THROUGH
më#ᴘʀᴇᴘ
në-#ɴᴍʟᴢ1 vë#go -kö#ɴᴍʟᴢ.ᴘᴄFʟ -bë#PᴅiR.YON
mëli#time
kä..#ѕᴜʙʀ
ncokz#Nokz
müngö#image
ä#and
sâ-#ᴘFᴠ
badö#dat=3augII
asdikon#Archdeacon
tü-#Rʟ mnâ#be
ä#and
nâ#tree
töte#father
vë#go ==le#=3ᴍiɴIA
ne#ᴘᴄFʟ.rsbl ==dö#=3ᴀᴜɢII
sâ-#ᴘFᴠ
da#thing
në-#ɴᴍʟᴢ1 asa#do.slowly;.slow -kö#ɴᴍʟᴢ.ᴘᴄFʟ
nëveângö#war
ä#and
nëelangö#dance
nâtü#point.of.land;.point;.point
nibö#back.part ==nge#=1ᴍiɴII
löpëki#road
kâ#ᴅᴇᴍ2.ᴅɪѕᴛ
nâblo#man
më#ᴘʀᴇᴘ
ä#and
ëbë#so.then
dwapä#move.out
nëlu#coconut
neboi#Neboi
më#ᴘʀᴇᴘ
lâsu#ship
ä#and
lomr#chest
aböelë#umbrella
leplë#people
kä..#ѕᴜʙʀ
skul#be.schooled
sâ-#ᴘFᴠ
bam#dat=2minII
merikz#USA,.AMERICA
në-#ɴᴍʟᴢ1 a-#ᴄᴀᴜЅ o#go -kö#ɴᴍʟᴢ.ᴘᴄFʟ -bë#PᴅiR.YON ==kö#=1ᴀᴜɢI
banyapu#pineapple
të-#Rʟ.3ᴀᴜɢ a-#ᴄᴀᴜЅ ngâ#burn ==pe#=ᴄᴏЅ -bë#PᴅiR.YON ==lö#=3ᴀᴜɢIA
na-#iRR ö-#ᴍiᴅ yëkö#peel -ngö#ᴀᴘᴘʟ ==gö#=1ᴀᴜɢII
solomon#Solomon.Islands
yö#write
me#place
saotzn.kros#SOUTHERN.CROSS
ö-#ᴍiᴅ pi#say -mü#PᴅiR.HITHER ==le#=3ᴍiɴIA
lzm#wooden.bowl
ö-#ᴍiᴅ male#hold
lâsu#ship
sâ#ᴘᴄFʟ.hand ==de#=3ᴍiɴII -ngü#ᴘʟ
na-#iRR obqlvz#watching -ti#ᴛR ëpwä#well ==ä#=1ᴍiɴI
mëli#time
mëli#time
në-#ɴᴍʟᴢ1 lalëtü#listen -kö#ɴᴍʟᴢ.ᴘᴄFʟ ==de#=3ᴍiɴII
mü#ᴘᴄFʟ.drink ==de#=3ᴍiɴII
nidö#be.3ᴀᴜɢII.
muöde#because
më#ᴘʀᴇᴘ
më#ᴘʀᴇᴘ
ä#and
muöde#because
më#ᴘʀᴇᴘ
më#ᴘʀᴇᴘ
kölâng#these
nölâ#place
tü-#Rʟ yöni#cry ==pe#=ᴄᴏЅ ==#=3ᴍiɴIS
ëbë#so.then
tü-#Rʟ yölü#put -o#GᴅiR.DOWN -bo#.BZ(PDIR.YON)=O(1MINI)
tü-#Rʟ ö-#ᴍiᴅ pi#say ==pe#=ᴄᴏЅ -bë#PᴅiR.YON
na-#iRR aelwa#show;.show;.prove -ti#ᴛR -bë#PᴅiR.YON
sâ#ᴘᴄFʟ.hand ==gö#=1ᴀᴜɢII
neboi#Neboi
tu#stand -pä#GᴅiR.OUT -ngö#ᴀᴘᴘʟ -mü#PᴅiR.HITHER
ma#advrs
nâblo#man
ayönö#first
lâde#there
gresosa.bei#GRACIOSA.BAY
tü-#Rʟ bë#die ==pe#=ᴄᴏЅ
elö#there
ngö#ɢᴇɴ1ᴀ ==de#=3ᴍiɴII
këdü#a
nölâ#place
pulis#police
në-#ɴᴍʟᴢ1 pipä#declare -lëbü#RᴇFʟ kai#first ==ng#=3ᴀᴜɢIS
ökalë#set.out -mü#PᴅiR.HITHER ==gö#=1ᴀᴜɢII
melomate#Melomate
tü-#Rʟ ölö#allow ==pe#=ᴄᴏЅ -bë#PᴅiR.YON ==le#=3ᴍiɴIA
dötü#body ==de#=3ᴍiɴII
më#ᴘʀᴇᴘ
wë#work -ti#ᴛR -tä#iɴᴛЅ -bë#PᴅiR.YON ==o#=1ᴍiɴI.ᴄᴍʙ
lâng#these
kä..#ѕᴜʙʀ
ngö#ɢᴇɴ1ᴀ
më#die tu#stand ==pe#=ᴄᴏЅ
bqkq#VINE.PAPAYA
ä#and
pöla#sea
mëli#time
tabao#papaya
kâ#ᴅᴇᴍ2.ᴅɪѕᴛ
kâ#ᴅᴇᴍ2.ᴅɪѕᴛ
tü-#Rʟ ama#stop -o#GᴅiR.DOWN ==pe#=ᴄᴏЅ ==#=3ᴍiɴIS
kä..#ѕᴜʙʀ etu#big -bë#PᴅiR.YON
ni-#ᴀᴄᴄ ==nge#=1ᴍiɴII
në-#ɴᴍʟᴢ1 ö-#ᴍiᴅ lë#carve ==ng#=3ᴀᴜɢIS
tewa#rain
këdü#a
kä..#ѕᴜʙʀ
gëpman#government.(E)
tü-#Rʟ ö-#ᴍiᴅ pi#say ==pe#=ᴄᴏЅ -bo#.BZ(PDIR.YON)=O(1MINI)
utupua#Utupua.Is
kä..#ѕᴜʙʀ
ba-#ᴅᴀᴛ ==gö#=1ᴀᴜɢII
kä..#ѕᴜʙʀ etu#big
më#ᴘʀᴇᴘ
nigö#be.1ᴀᴜɢII
tü-#Rʟ yöbü#lying.down -o#GᴅiR.DOWN -mü#PᴅiR.HITHER
lika#kite
sâ-#ᴘFᴠ
kä..#ѕᴜʙʀ
skul#be.schooled
këdü#a
ëyagoä#sickness
lötëlvë#elders
katris#cartridge
kxmrlz#good
e#or
më#ᴘʀᴇᴘ
nölâkäbü#night
kâ#ᴅᴇᴍ2.ᴅɪѕᴛ
poi#pig
yë#outside
nigö#be.1ᴀᴜɢII
da#thing
bokapwr#Bokapwr
ä#and
të-#Rʟ.3ᴀᴜɢ katx#remove ==pe#=ᴄᴏЅ
köa-#ᴏRᴅ li#two
më#ᴘʀᴇᴘ
ma#advrs
kä..#ѕᴜʙʀ
ä#and
wop#WHARF
tü-#Rʟ ngölä#daylight -o#GᴅiR.DOWN ==pe#=ᴄᴏЅ
nâdö#ᴄᴏᴍ.
-#3ᴀᴜɢ1 okatö#help ==pe#=ᴄᴏЅ ==lö#=3ᴀᴜɢIA
më#ᴘʀᴇᴘ
nar#head ==de#=3ᴍiɴII
nâbö#cross
ni-#ᴀᴄᴄ ==nge#=1ᴍiɴII
tü-#Rʟ miglü#slippery -pä#GᴅiR.OUT ==pe#=ᴄᴏЅ
kâ#ᴅᴇᴍ2.ᴅɪѕᴛ
dekâ#this
sâ#ᴘᴄFʟ.hand ==gu#=12ᴀᴜɢII
bcloa#what.is.inserted.in.pierced.septum.hole
âköle#pineapple
në-#ɴᴍʟᴢ1 yölë#marry -kö#ɴᴍʟᴢ.ᴘᴄFʟ ==nge#=1ᴍiɴII
më#ᴘʀᴇᴘ
në-#ɴᴍʟᴢ1 wë#make -kö#ɴᴍʟᴢ.ᴘᴄFʟ ==de#=3ᴍiɴII
nanyâ#foot ==de#=3ᴍiɴII
kä..#ѕᴜʙʀ
kölë#know -bë#PᴅiR.YON ==le#=3ᴍiɴIA
nâblo#man
tö-#ɴᴇɢ ngi#be ==#=3ᴍiɴIS -u#ɴᴇɢ
lâ#ᴅᴇᴍ1.ᴅɪѕᴛ
në-#ɴᴍʟᴢ1 wë#make -ngö#ᴠR
a'#but
ngö#ɢᴇɴ1ᴀ
më#ᴘʀᴇᴘ
pipë#little.bit -ne#iɴᴛЅ
kapten#captain
auki#Auki
kâ#ᴅᴇᴍ2.ᴅɪѕᴛ
suga#sugar;
kâ#ᴅᴇᴍ2.ᴅɪѕᴛ
luekäpië#medicine
në-#ɴᴍʟᴢ1 wë#make -ngö#ᴠR
tö-#ɴᴇɢ a-#ᴄᴀᴜЅ yëlu#return -pä#GᴅiR.OUT -mü#PᴅiR.HITHER ==le#=3ᴍiɴIA -u#ɴᴇɢ
kâ#ᴅᴇᴍ2.ᴅɪѕᴛ
ä#and
pöla#sea
temë#moon.
külu#many
la#ᴅᴇᴍ1.ᴘʀᴏχ
lâde#there
möka#here
tü-#Rʟ pi#say ==pe#=ᴄᴏЅ -bë#PᴅiR.YON ==kö#=1ᴀᴜɢI
pöla#sea
në-#ɴᴍʟᴢ1 abötë#be.happy ëvë#always -ngö#ᴀᴘᴘʟ
müngö#spirit
yâ#stay -äbë.ëbë#MNR -tö#GᴅiR.IN ==kö#=1ᴀᴜɢI
ale#do -ti#ᴘʟᴄᴛ ==kö#=1ᴀᴜɢI -ngü#ᴘʟ
ä#and
kölë#reach -mü#PᴅiR.HITHER ==le#=3ᴍiɴIA
tü-#Rʟ yöpu#bang.against -ti#ᴛR -pä#GᴅiR.OUT ==pe#=ᴄᴏЅ
bot#boat
bëkü#do.not
ëyagoä#sickness
amölä#all
läe#mother.aunt ==de#=3ᴍiɴII
peto#bush
ö#ɢᴇɴ1ᴀ ==de#=3ᴍiɴII
kä..#ѕᴜʙʀ tö-#ɴᴇɢ mölë#be.good -u#ɴᴇɢ
kä..#ѕᴜʙʀ
na-#iRR o#go ==pe#=ᴄᴏЅ ==kö#=1ᴀᴜɢI
na-#iRR mölë#be.good ==#=3ᴍiɴIS
doa#child
ma#house
-#3ᴀᴜɢ1 pi#say -bë#PᴅiR.YON ==lö#=3ᴀᴜɢIA ==le#=3ᴍiɴIIP
dakänëng#food
-#3ᴀᴜɢ1 vo#travel ==ng#=3ᴀᴜɢIS
kä..#ѕᴜʙʀ
tü-#Rʟ mölë#be.good ==pe#=ᴄᴏЅ ==#=3ᴍiɴIS
ä#and
möka#here
sâ#ᴘᴄFʟ.hand ==dö#=3ᴀᴜɢII
më#ᴘʀᴇᴘ
lâde#there
vë#go
na-#iRR a-#ᴄᴀᴜЅ mölë#be.good -tö#GᴅiR.IN -ngö#ᴀᴘᴘʟ -bë#PᴅiR.YON ==lö#=3ᴀᴜɢIA
na-#iRR ngi#be
tü-#Rʟ yëlu#return ==pe#=ᴄᴏЅ mou#again ==ä#=1ᴍiɴI
deka#here ==pe#=ᴄᴏЅ
ä#and
në-#ɴᴍʟᴢ1 mnâ#live,.stay -kö#ɴᴍʟᴢ.ᴘᴄFʟ ==gö#=1ᴀᴜɢII
lâde#there
muöde#because
bëkü#do.not
ä#and
më#ᴘʀᴇᴘ
në-#ɴᴍʟᴢ1 kölë#know ==lö#=3ᴀᴜɢIA
tö-#ɴᴇɢ sâ#ᴘᴄFʟ.hand -u#ɴᴇɢ
ni-#ᴀᴄᴄ ==nge#=1ᴍiɴII
kä..#ѕᴜʙʀ
sâ#ᴘᴄFʟ.hand ==dö#=3ᴀᴜɢII
makätö#church.building
kâ#ᴅᴇᴍ2.ᴅɪѕᴛ
sâ-#ᴘFᴠ
në-#ɴᴍʟᴢ1 wë#make -kö#ɴᴍʟᴢ.ᴘᴄFʟ
sâ-#ᴘFᴠ
në-#ɴᴍʟᴢ1 tao#fall -kö#ɴᴍʟᴢ.ᴘᴄFʟ
nüni#mat
na-#iRR ngelu#light.the.way -ne#iɴᴛЅ -ngö#ᴀᴘᴘʟ ==dö#=3ᴀᴜɢII
yölë#marry -ti#ᴛR ==ä#=1ᴍiɴI
kä..#ѕᴜʙʀ
kä..#ѕᴜʙʀ
kâng#those
mëli#time
bagö#dat=1augII
wisol#whistle
sâ-#ᴘFᴠ
ä#and
yökö#finish -pä#GᴅiR.OUT -bë#PᴅiR.YON ==#=3ᴍiɴIS
në-#ɴᴍʟᴢ1 tamiti#persuade -tö#GᴅiR.IN -kö#ɴᴍʟᴢ.ᴘᴄFʟ ==gu#=12ᴀᴜɢII
dwa#jump -plä#UᴅiR.THROUGH -ngö#ᴀᴘᴘʟ -ti#ᴛR ==pe#=ᴄᴏЅ ==kö#=1ᴀᴜɢI
kä..#ѕᴜʙʀ
-#3ᴀᴜɢ1 vë#go ==ng#=3ᴀᴜɢIS
köa-#ᴏRᴅ li#two
nate#his.voice
letë#letter
në-#ɴᴍʟᴢ1 nu#food.parcel ö#ɢᴇɴ1ᴀ ==de#=3ᴍiɴII
sâ-#ᴘFᴠ
na-#iRR okatö#help ==ä#=1ᴍiɴI
ngi#be
amölä#all
a'#but
na-#iRR asa#do.slowly;.slow ==pe#=ᴄᴏЅ
leplë#people
twë#take ==le#=3ᴍiɴIA
milëpü#evening
më#ᴘʀᴇᴘ
të-#Rʟ.3ᴀᴜɢ älö#hear -o#GᴅiR.DOWN ==pe#=ᴄᴏЅ ==lö#=3ᴀᴜɢIA
mwi#sleep ==kö#=1ᴀᴜɢI
na-#iRR vë#go -bë#PᴅiR.YON ==ng#=3ᴀᴜɢIS
nüni#mat
sâ-#ᴘFᴠ
elö#there
në-#ɴᴍʟᴢ1 ö-#ᴍiᴅ lë#carve -kö#ɴᴍʟᴢ.ᴘᴄFʟ -bë#PᴅiR.YON ==le#=3ᴍiɴIA
nöa#hillside;.hill
më#ᴘʀᴇᴘ
sada.krus#SANTA.CRUZ
në-#ɴᴍʟᴢ1 lvâ#fly -kö#ɴᴍʟᴢ.ᴘᴄFʟ -mü#PᴅiR.HITHER ==lö#=3ᴀᴜɢIA
më#ᴘʀᴇᴘ
löpë#cloth
të-#Rʟ.3ᴀᴜɢ vë#go -tö#GᴅiR.IN ate#afterward -mü#PᴅiR.HITHER ==ng#=3ᴀᴜɢIS
dötwö#mind
bëü#home
tö-#ɴᴇɢ yönibu#mourn -tä#iɴᴛЅ ëlwë#much ==kö#=1ᴀᴜɢI
mnëpë'#flat
külu#many
në-#ɴᴍʟᴢ1 mnâ#live,.stay -kö#ɴᴍʟᴢ.ᴘᴄFʟ ==gö#=1ᴀᴜɢII
skul#be.schooled
sâ-#ᴘFᴠ
austrelia#AUSTRALIA
ba-#ᴅᴀᴛ ==de#=3ᴍiɴII
olvi#girl
narnztilolx#Narnztilolx.(village)
mëli#time
nabë#pool
da#thing
kâng#those
nëmu#if
më#ᴘʀᴇᴘ
==kö#=1ᴀᴜɢI
olvë#female
e#yes
temë#moon.
tö-#ɴᴇɢ esaki#stop ==pe#=ᴄᴏЅ -u#ɴᴇɢ
ä#and
sâ-#ᴘFᴠ
ä#and
ami#army
sâ-#ᴘFᴠ
tü-#Rʟ do#hang -tö#GᴅiR.IN ==be#=STILL
të-#Rʟ.3ᴀᴜɢ ö-#ᴍiᴅ tekütö#exchange ==ng#=3ᴀᴜɢIS
ä#and
-#3ᴀᴜɢ1 yökö#depart läblö#each ==pe#=ᴄᴏЅ ==lö#=3ᴀᴜɢIA
më#ᴘʀᴇᴘ
më#ᴘʀᴇᴘ
nâblo#man
kä..#ѕᴜʙʀ topwë#little -ti#ᴛR -ngü#ᴘʟ
mö-#PLACE kâ#ᴅᴇᴍ2.ᴅɪѕᴛ
tü-#Rʟ kipo#wash;.bathe ==pe#=ᴄᴏЅ ==#=3ᴍiɴIS
vë#go -bë#PᴅiR.YON ==kö#=1ᴀᴜɢI
kâng#those
me#place
nabë.nepi#hour
yië#year
lö#ᴘᴄFʟ.inherent
ä#and
kä..#ѕᴜʙʀ
lâsu#ship
ä#and
milëpü#evening
doa#child
kâ#ᴅᴇᴍ2.ᴅɪѕᴛ
në-#ɴᴍʟᴢ1 alvëtö#teach -ngö#ɴᴍʟᴢ
filip#Philip
nigö#be.1ᴀᴜɢII
ä#and
më#ᴘʀᴇᴘ
möka#here
mëli#time
në-#ɴᴍʟᴢ1 ö-#ᴍiᴅ musö#treat.like.that -ti#ᴛR -kö#ɴᴍʟᴢ.ᴘᴄFʟ -bo#.BZ(PDIR.YON)=O(1MINI)
sâ-#ᴘFᴠ
amölä#all
temë#moon.
kä..#ѕᴜʙʀ
në-#ɴᴍʟᴢ1 nu#food.parcel -ngö#ɴᴍʟᴢ
ba-#ᴅᴀᴛ ==de#=3ᴍiɴII
ä#and
kâ#ᴅᴇᴍ2.ᴅɪѕᴛ
ma#house
lika#kite
yâmne#speak -ki#UᴅiR.PATH -mü#PᴅiR.HITHER ==le#=3ᴍiɴIA
ä#and
nigö#be.1ᴀᴜɢII
töpnëngö#none.;.lack;.none
jun#JUNE
ka#ᴅᴇᴍ2.ᴘʀᴏχ
ma#house
në-#ɴᴍʟᴢ1 wë#make -kö#ɴᴍʟᴢ.ᴘᴄFʟ
ba-#ᴅᴀᴛ ==de#=3ᴍiɴII
nâ#tree
ni#be ==gö#=1ᴀᴜɢII
muöde#because
në-#ɴᴍʟᴢ1 alvëtö#teach -ngö#ɴᴍʟᴢ
ëbë#so.then
të-#Rʟ.3ᴀᴜɢ aelwa#show;.show;.prove -ti#ᴛR -ngö#ᴀᴘᴘʟ -bë#PᴅiR.YON
tü-#Rʟ vë#go ==pe#=ᴄᴏЅ ==kö#=1ᴀᴜɢI
sâ#ᴘᴄFʟ.hand ==de#=3ᴍiɴII
e#or
tu#stand -ne#ᴅЅᴛR
spië#spear
da#thing
nâdö#ᴄᴏᴍ.
ö-#ᴍiᴅ pi#say ==le#=3ᴍiɴIA
nar#head
ami#army
ä#and
katris#cartridge
olvë#wife
-#3ᴀᴜɢ1 suti#want
ela#dance ==kö#=1ᴀᴜɢI
kä..#ѕᴜʙʀ
kä..#ѕᴜʙʀ
të-#Rʟ.3ᴀᴜɢ alvëtö#teach ==ng#=3ᴀᴜɢIS
nanyâ#foot ==de#=3ᴍiɴII
nëli#two;.couple
möka#here
dâkta#doctor
a'#but
mölâde#there
leplë#people
tökö#no
kä..#ѕᴜʙʀ etu#big
dëtu#things ==dö#=3ᴀᴜɢII
nigö#be.1ᴀᴜɢII
kâ#ᴅᴇᴍ2.ᴅɪѕᴛ
lö#ᴛᴘɴʏᴍ
ä#and
läe#mother.aunt ==nge#=1ᴍiɴII
luga#Lungga
kampi#CAMP
ma#house
ëbë#so.then
asa#do.slowly;.slow -ngö#ᴀᴘᴘʟ ==gö#=1ᴀᴜɢII
tü-#Rʟ lolvë#hold,.restrain ==pe#=ᴄᴏЅ mou#again ==ä#=1ᴍiɴI
lâng#these
köa-#ᴏRᴅ li#two
nyz'#ᴘᴄFʟ.ʙ&ɢ ==dö#=3ᴀᴜɢII
nëlu#coconut
këdü#a
bq#titan.triggerfish
sam#Psalm
olvë#female
më#ᴘʀᴇᴘ
më#ᴘʀᴇᴘ
më#ᴘʀᴇᴘ
kâng#those
na-#iRR mnâ#live,.stay läblö#together ==pe#=ᴄᴏЅ ==kö#=1ᴀᴜɢI
bö#net
mama#priest
löpëki#road
këdü#a
lömëtangi#foreigner
në-#ɴᴍʟᴢ1 pwö#defecate -ngö#ɴᴍʟᴢ
këdu#some
yö#write -mü#PᴅiR.HITHER
më#ᴘʀᴇᴘ
yëu#begin -tö#GᴅiR.IN ==#=ᴄᴍᴘʟ
alankaula#Alankaula
ngi#be
kä..#ѕᴜʙʀ
tü-#Rʟ twë#take ==ä#=1ᴍiɴI
nâblo#man
prcpelz#propeller
më#ᴘʀᴇᴘ