niign#the.way
na-#IT. tet-#INC:Ø.IPV:D. shyah#SG.go:PFV
u-#AR.S. nee-#QUAL:DH.PFV:Ø. haal#spend.night:PFV:NOM
ch'itay#old.man
eł#when
nih#say:IPV
noo'#ahead:ALL
jah#here
łįį#dog
eh-#3SG.S:Ø.IPV:H. tii#SG.die:PFV
łįį#dog
k'i-#ON.TRAIL 'ah-#Ø.IPV:2PL.S:Ø. deeł#PL.go:IPV
hih-#3PL.S. nįį-#N.PFV:Ø. deel#PL.go:PFV:NOM
na-#IT. tuu-#3SG.S:INC:OPT. daagn#D:SG.go:OPT:CUST:NOM
jah.dugn#THERE
iin#PL
shiin#summer
chih#also
hah-#NTRL. nǫǫ#ahead:ABL
t'iin#people
ch'-#INDF.PSR. aadeh#older.sister
hu-#3PL.O. u-#CON. et-#DH.PFV:D. sih#be.called:IPV
xa'#EMPH
dii#what
sh-#1SG.O. aadeh#older.sister
chih#also
tsat#wood
s-#1SG.PSR. tsǫǫ#grandmother
da-#INSIDE. nįį-#N.IPV:2SG.S:Ø. haay#SG.go:IPV:IMP
naagn'#eye
hu-#3PL.P. tah#among
shyiit#in
tih-#INC:AA.IPV:1SG.S:Ø. dįįł#do:FUT
hih-#3PL.S. deh-#QUAL:DH.PFV:H. k'an'#be.burning:IPV
ch'ale'#FOC
ay#and
sh-#1SG.PSR. nąą#mother
eh#and
dį'#do:IPV
hi-#3PL.S:Ø.IPV:Ø. dąy#do:IPV:NEG
ts'exeh#woman
na-#CONT. thuu-#SKIN. 'eh-#3SG.S:DH.PFV:H. tįį#handle.AO:PFV
k'ahmann'#morning
hǫǫ-#AR.S:Ø.PFV:Ø. łįį#be:IPV
ch'a#FOC
nuh-#2PL.P. xah#for
łįį#dog
t'eey#ADVZR
eh#and
hu-#3PL.PSR. shyi'#food
shyiign#there
s-#1SG.PSR. tsǫǫ#grandmother
hih-#3PL.S. dii-#QUAL:QUAL:Ø.IPV:Ø. tth'ak#hear:IPV
ch'i-#DIFFERENT. nts'ąą'#how
u-#QUAL:Ø.IPV:Ø. dzeh'ogn#lung
s-#1SG.PSR. tsąy#grandfather
ha-#?. dih-#QUAL:AA.PFV:1SG.S:Ø. 'ąą#handle.CO:PFV
xah#PURP
ay#3SG
ee-#3SG.S:DH.PFV:Ø. dlah#classify.PL.O:IPV
k'ahdu'#now
he-#3PL.S:Ø.IPV:Ø. nih#say:IPV
hǫǫ-#AR.S:Ø.PFV:Ø. łįį#be:IPV
ay#3SG
sta-#AWAY. a-#IT. ch'i-#INDF.O. h-#3PL.S. deh-#QUAL:DH.PFV:H. tįį#handle.LRO:PFV
t'eey#ADVZR
ch'itay#old.man
hu-#3PL.P. 'i-#PP. chi-#PRETEND. jel-#INDF.S:QUAL:DH.PFV:L. nih#say:IPV
eh#and
k'it#on
k'ahdu'#now
y-#3SG.S>3SG.O. uu-#CON:Ø.IPV:Ø. nih#think:IPV
y-#3SG.S>3SG.O. eh-#3SG.S:Ø.IPV:H. t'iah#roast:IPV
a-#ADJC. na-#MED. shyuugn#down:AR
t'ah#also
ts'ikeey#children
k'it#on
sh-#1SG.PSR. ta'#father
y-#3SG.S>3SG.P. eh-#Ø.IPV:H. nih#say:IPV
lah#NEG
sh-#1SG.P. k'eh#in.language.of
sh-#1SG.PSR. chil#younger.brother
na-#IT. tsi-#1PL.S:INC:Ø.IPV:Ø. deeł#PL.go:IPV
ay#3SG
ee-#3PL.S:DH.PFV:Ø. dlah#classify.PL.O:IPV
hǫǫ-#AR.S:Ø.PFV:Ø. łįį#be:IPV
mb-#3SG.P. aa#for
ti-#INTO.WATER. nįį-#N.PFV:Ø. that#SG.experience:PFV
hu-#3PL.P. 'i-#PP. chi-#PRETEND. jel-#INDF.S:QUAL:DH.PFV:L. nih#say:IPV
hǫǫ't'eey#still
shyiit#in
ch'a#FOC
ay.eh#AND.THEN
dheh-#QUAL:DH.PFV:H. xįį#kill.SG.O:PFV
t'eey#ADVZR
ch'iithoo#scraper
di-#REFL.PSR. chinh#stump
t'oot'eey#but
k'eh#following
jah#that
ch'itay#old.man
neexon'#1PL
nduuk#where:AR
k'a#NEG
ah-#NTRL. nogn#upland:AR
na-#PRMB. tsit-#1PL.S:INC:Ø.IPV:D. dek#PL.go:IPV:CUST
hu-#3PL.P. tah#among
hu-#3PL.P. k'aa'#gun
ch'a#FOC
ha-#ADJC. na-#IT. deg'#up:ALL
n-#2SG.O. dąy#do:IPV:NOM
hi-#?. k'eh#tracks
he-#3PL.S:Ø.IPV:Ø. tsah#cry:IPV
dąą'#thus
ha-#NTRL. dogn#up:AR
aa-#3SG.S:AA.IPV:Ø. haał#SG.go:IPV:PROG
ch'itay#old.man
ya-#CONT. he-#3PL.S:Ø.IPV:Ø. dak#PL.go:IPV:CUST
tay'#again
ay.tl'aan#AND.THEN
xał#sled
k'at'eey#NEG
eh#and
shyiit#in
ch'a#FOC
ishyiit#there
oh#oh
du'#CT
tąy#trail
hu-#3PL.P. ch'a'#away.from
hǫǫ't'eey#still
iin#PL
tįh-#INC:AA.IPV:2SG.S:H. tsayh#make.SG.O:FUT
n-#2SG.P. ttheh#in.front
t'eey#ADVZR
u-#3SG.P. xah#for
u-#3SG.PSR. da'#mouth
t'axoh#finally
k'ahdu'#now
iin#PL
kol#NEGEX
ni-#UP. ee-#3SG.S:DH.PFV:Ø. shyah#SG.go:PFV
s-#1SG.PSR. tsǫǫ#grandmother
dzi-#DANCE. hel-#3PL.S:Ø.IPV:L. shyee#PL.mourn.dance:IPV:CUST
chih#also
y-#3SG.S>3SG.P. eh-#Ø.IPV:H. nih#say:IPV
shyįį'#only
tah#at:AR
hah-#NTRL. 'ogn#out:AR
nts'aa'#what
shyiit#in
naadlįh#instead
na-#IT. 'at-#3SG.S:AA.IPV:D. shyah#SG.go:PFV
dąą'#thus
nuh-#2PL.PSR. ts'iikeey#children
ee-#3SG.S:DH.PFV:Ø. dah#SG.sit:IPV
sh-#1SG.PSR. dia'#younger.sister
chih#also
tl'uuł#rope
ch'i-#INDF.PSR. t'aa#SG.fly:IPV:NOM
tat'eey#also
nee-#1PL.P. xah#for
nah-#MED. tet-#INC:Ø.IPV:D. degn#up:ALL
ayt'oo#ok
jah#here
dineey#people
hu-#3PL.P. det-#QUAL:Ø.IPV:D. nąy#teach:PASS:IPV:NEG
k'at'eey#NEG
t'eey#ADVZR
hiiy-#3PL.S>3SG.O. uu-#CON:Ø.IPV:Ø. si'#name:IPV
hih-#3PL.S. dįį-#QUAL:Ø.PFV:Ø. tsįį#be.hungry:IPV
ee-#3SG.S:DH.PFV:Ø. dah#SG.sit:IPV
sh-#1SG.O. dhįh-#QUAL:DH.PFV:2SG.S:H. shyiiy#save:PFV:NOM
kelahdzeey#spider
t'eey#ADVZR
ch'-#INDF.PSR. aadeh#older.sister
ta-#INTO.WATER. ts'įį-#1PL.S:AA.PFV:Ø. tąą#handle.LRO:PFV
shiy#1SG
de'#if
t'aat#under
ni-#TERM. nįį-#3SG.S:QUAL:Ø.PFV:Ø. dlay#handle.PL.O:PFV:NOM
iin#PL
hii-#3PL.S>3SG.P. k'it#on
łeecheeg#łeecheeg
de'#if
ay.tl'aan#AND.THEN
shyii#in
dzänh#muskrat
sh-#1SG.PSR. ǫǫnüü#older.brother
hu-#3PL.PSR. shyi'#food
de'#if
dih-#QUAL:Ø.PFV:1SG.S:Ø. tsįį#be.hungry:IPV
du'#CT
hu-#3PL.PSR. tsǫǫ#grandmother
ch'itay#old.man
eł#and
s-#1SG.P. ts'ą̈'#to
nts'ąą#what
nah-#MED. 'aat#outside:PNCT
nuh-#2PL.O. k'i-#TRADE. tdih-#INC:QUAL:AA:IPV:1SG.S:H. łeeł#be:FUT
eł#when
dą'#at:PNCT
del-#3PL.S:QUAL:DH.PFV:L. tth'ii#PL.stay:IPV:NOM
hii-#3PL.S>3SG.P. dii-#QUAL:QUAL:Ø.PFV:Ø. tth'agn#hear:PFV
tl'a'#rear
sǫ'#PROH
tl'aan#and
u-#3SG.P. dih-#QUAL:Ø.IPV:1SG.S:Ø. nih#say:IPV
iin#PL
ch'ale'#FOC
ch'i-#INDF.PSR. dia'#younger.sister
dą'#at:PNCT
t'eey#ADVZR
ts'iikeey#children
ts'ant'ay#devil
ta-#DISTRIBUTE. ts'i-#1PL.S:Ø.IPV:Ø. łe'#handle.PL.O:IPV:DSTR
tha-#MOUTH tdagn-#INC:QUAL:AA.IPV:1SG.S:L. nąy#throw.CO:PFV:NOM
ts'ą'#to
ti-#OUT. 'uh-#OPT:1SG.S:Ø. shya'#be.smart:OPT
ay#3SG
ay.tl'aan#AND.THEN
de'#if
-#1PL.S. neh-#QUAL:Ø.IPV:H. 'įh#see:IPV
che'.t'iin#TAILED.PEOPLE
t'oot'eey#but
nts'ą'#and
gaay#small
ni-#TERM. įl-#3SG.S:N.PFV:L. tthat#SG.run:PFV
ay.tl'aan#AND.THEN
tuu#water
t'eey#ADVZR
yamaagn.teeshyaay#YAMAAGN.TEESHYAAY
hi-#3PL.S:Ø.IPV:Ø. nih#say:IPV
ishyiit#there
na-#IT. n-#DSTR. ch'-#INDF.O. ts'įį-#1PL.S:AA.PFV:Ø. 'aał#eat:PFV
ena'#no
nil-#QUAL:I.PFV:L jiidn#be.scared:IPV:NEG
iin#PL
k'eh#like
eh-#3SG.S:DH.PFV:H. tįį#SG.die:PFV
du'#CT
du'#CT
jah#here
hǫǫ'#thus
nii-#3SG.S:N.PFV:Ø. hąą#water.extend:IPV
il-#N.IPV:2SG.S:L. tthiit#SG.run:IPV
u-#CON. dak-#QUAL:I.PFV:1SG.S:H. 'ąą#find.SG.O:PFV
noodlee#white.person
hu-#AR.S. nįį-#N.PFV:Ø. t'ay#RO.extend:IPV:NOM
ee-#3SG.S:DH.PFV:Ø. day#SG.stay:IPV:NOM
i-#3SG.S>3SG.O. neh-#QUAL:Ø.IPV:H. 'įh#see:IPV
t'eey#ADVZR
tl'aan#and
nuh-#QUAL:OPT:H. deey#pray:IPV:NOM
y-#3SG.S>3SG.PSR. aadeh#older.sister
sh-#1SG.O. dia'#younger.sister
tl'aan#and
nts'ąą'#how
a-#NTRL. dogn#up:AR
eh-#3SG.S:DH.PFV:H. tsįį#make.SG.O:PFV
ayshyįį'#that's.all
nił-#RECP.O. dzet-#1PL.S:QUAL:Ø.IPV:D. nih#say:IPV
manh#lake
k'at'eey#NEG
huugn#and
na-#PRMB. tǫǫ-#INC:OPT:2SG.S:Ø. daagn#D:SG.go:IPV:CUST:NOM
dänh#at
łahtthegn.nts'¨ą'#ALL
n-#2SG.PSR. ts'iiniin#child
ch'a#FOC
ts'ant'ay#devil
ay.eh#AND.THEN
ishyiit#there
nee-#1PL.O. uu-#CON. 'et-#3PL.S:Ø.IPV:D. sii#name:PASS:IPV:NOM
ay#3SG
taagn#three
k'a#NEG
hǫǫ'#thus
iin#PL
hanteey'#quickly
k'at'eey#NEG
nahk'ade#fish.trap
t'eey#ADVZR
eh#and
na-#IT. aa-#3SG.S:AA.IPV. daał#D:SG.go:FUT
hut-#AR.S:DH.PFV:D. shyaak#happen:PFV
łuugn#fish
hǫǫ#thus
chih#also
du'#CT
jah#here
diniign#moose
eh#and
na-#PRMB. h-#3PL.S. tet-#INC:Ø.IPV:D. dak#PL.go:IPV:CUST
ha-#NTRL. 'ogn#out:AR
kon'#fire
t'eey#ADVZR
eh#and
tah#at:AR
yi-#3SG.S>3SG.O. ts'ą'#to
tl'aan#and
eh-#3SG.S:Ø.IPV:H. niik#say:IPV:CUST
ts'ayh#boat
hii-#3PL.S>3PL.P. 'eh#with
ni-#TERM. 'eeł-#TRAP. ts'e-#1PL.S:Ø.IPV:Ø. łeek#handle.PL.O:IPV:CUST
xa'#EMPH
u-#3SG.PSR. nąą#mother
niign#the.way
ch'a'#AVERT
na-#IT. tset-#1PL.S:INC:Ø.IPV:D. dek#PL.go:IPV:CUST
hiiy-#3PL.S>3SG.P. eh-#3SG.S:Ø.IPV:H. niign#say:IPV:CUST:NOM
ay#3SG
įį'eh.tah#AS.WELL
ts'iiniin'#child:POSS
nts'ąą'#how
iin#PL
hǫǫ'#thus
hu-#3PL.P. 'eh-#3SG.S:Ø.IPV:H. nih#say:IPV
ch'i-#INDF.PSR. tsǫǫ#grandmother
tl'aan#and
hǫǫsu'#well
k'ia'#on.account.of
sh-#1SG.PSR. ǫǫnüü#older.brother
ti-#INC. 'įį-#3SG.S:Ø.PFV:Ø. duuh#crawl:PFV
dii.t'eey#ANYTHING
ła'#tru
t'eey#ADVZR
iin#PL
u-#3SG.P. k'it#on
doo#who
na-#PRMB. tnet-#3PL.S:INC:QUAL:Ø.IPV:D. degn#PL.go:IPV:CUST:NOM
na-#PRMB. tsat-#1PL.S:INC:AA.IPV:D. dał#PL.go:FUT
ni-#TERM. 'i-#3SG.S:Ø.IPV:Ø. haak#SG.go:IPV:CUST
nts'aa'#what
ch'a#FOC
ch'itsanh#different
tah#at:AR
xah#PURP
t'eey#ADVZR
nee-#1PL.PSR. shyah#house
naagn'#eye
xa-#WEAPON. jet-#3SG.S:INDF.O:QUAL:DH.PFV:D. 'ąą#find.SG.O:PFV
iin#PL
ay#3SG
k'eh#like
ay#3SG
u-#3SG.PSR. tthi'#head
eh#and
nih#say:IPV
na-#CONT. chee-#INDF.O:3PL.S:INC:DH.PFV:Ø. 'aal#eat:PFV:NOM
nee-#1PL.P. 'eh-#3SG.S:Ø.IPV:H. nih#say:IPV
nee-#1PL.O. 'eh-#3SG.S:Ø.IPV:H. nih#say:IPV
jah#that
keeyjiidn#fish.camp
ay#3SG
tsät#wood
ay#3SG
du'#CT
n-#2SG.PSR. ta'#father
shyįį'#only
ay.eh#AND.THEN
dänh#at
hu-#3PL.P. shyign'#down:ALL
ni-#TERM. i-#IT. in-#3SG.S:N.PFV:D. shyah#SG.go:PFV
nee-#1PL.P. k'eh#like
y-#3SG.S>3SG.P. eh-#Ø.IPV:H. nih#say:IPV
da-#UP. ts'ee-#1PL.S:DH.PFV:Ø. dah#SG.sit:IPV
hah-#NTRL. 'ǫǫ#out:ABL
eh#and
tsät#wood
nee-#1PL.P. naattheh#long.before
nts'ą̈'#to
et-#3PL.S:Ø.IPV:D. łiin#be:IPV:NOM
nän#2SG
nts'aa'#what
dziin#day
nan'#earth
hah-#NTRL. negn'#upland:ALL
hįį-#3PL.S:Ø.PFV:Ø. t'ay#be:IPV:NOM
du'#CT
shyįį'#only
ay.tl'aan#AND.THEN
du'#CT
ay#3SG
n-#3SG.S:Ø.PFV:Ø. chaa#be.big:IPV:NOM
ch'a#FOC
hu-#3PL.P. xah#for
nts'ą̈'#to
u-#3SG.P. dih-#QUAL:Ø.IPV:1SG.S:Ø. nih#say:IPV
y-#3SG.S>3SG.P. eh-#Ø.IPV:H. nih#say:IPV
iy-#3SG.S>3SG.P. eh-#Ø.IPV:H. nih#say:IPV
u-#CON. dak-#QUAL:I.PFV:1SG.S:H. 'aan#find.CO:PFV:NOM
sh-#1SG.PSR. nąą#mother
hu-#3PL.P. 'eh#with
ch'a#FOC
ishyiit#there
hii-#3PL.S>3SG.P. da-#INSIDE. ch'įį-#INDF.O:AA.PFV:Ø. 'ąą#handle.CO:PFV
aa-#3SG.S:AA.IPV:Ø. haał#SG.go:IPV:PROG
iin#PL
hi-#?. het-#3PL.S:Ø.IPV:D. nąy#know:IPV:NOM
ch'itay#old.man
i-#3SG.S>3SG.O. deh-#QUAL:DH.PFV:H. nąyh#move.CO.quickly:PFV
jah#here
diniign#moose
iin#PL
tleegn#rotten
tsayh#ochre
s-#1SG.P. ts'ą̈'#to
di-#REFL.PSR. che'#tail
ay.tl'aan#AND.THEN
ts'įį-#1PL.S:Ø.PFV:Ø. łįį#be:IPV
t'eey#ADVZR
nts'ą̈'#to
hu-#3PL.P. 'eh#with
hu-#3PL.P. 'eh#with
tah#when
u-#3SG.PSR. ts'iiniin#child
n-#3SG.S:Ø.PFV:Ø. t'ay#be:IPV:NOM
tah#at:AR
nee-#1PL.O. neh-#3SG.S:QUAL:Ø.IPV:H. 'įh#see:IPV
ts'ant'ay#devil
dänh#at
ina'#no
naxat#those
hu-#3PL.P. 'eh#with
du'#CT
dii#what
ishyiit#there
m-#3SG.PSR. ǫǫsi'#name
jah#here
taagn#three
jahxan#suddenly
di-#REFL.PSR. ts'ayy'#boat:POSS
xayh#spruce.roots
dįį-#3SG.S:QUAL:AA.PFV:Ø. k'ąą#burn:IPV
ts'anh#from
ch'itay#old.man
ch'ale#FOC
k'it#on
eh#and
nan'#earth
chinh#flat
hǫǫ-#AR.S:Ø.PFV:Ø. łįį#be:IPV
sh-#1SG.P. eh-#3SG.S:Ø.IPV:H. nih#say:IPV
s-#1SG.PSR. tsǫǫ#grandmother
du'#CT
hǫǫsǫǫ#well
na-#IT. nts'e-#DIST:1PL.S>INDF.O:Ø.IPV:Ø. 'iil#eat:IPV:CUST:NEG
y-#3SG.S>3SG.P. eh-#Ø.IPV:H. nih#say:IPV
tuu#water
sh-#1SG.P. eh-#3SG.S:Ø.IPV:H. nih#say:IPV
eł#and
ay#3SG
tah#at:AR
danh#at
dineh#person
sh-#1SG.PSR. 'aat#wife
hu-#3PL.P. 'eł#with
tl'aan#and
dą'#at:PNCT
nt'eh#ASRT
tay'#again
deg'#up:ALL
shyiit#in
ch'a#FOC
eł#when
k'ahdu'#now
ah-#AA.IPV:H. gąy#be.dry:IPV:NOM
degn'#up:ALL
gǫǫ#monster
sh-#1SG.PSR. ǫǫnüü#older.brother
nee-#1PL.P. he-#3PL.S:Ø.IPV:Ø. nih#say:IPV
t'axoh#finally
iin#PL
h-#?. i-#PP. 'agn-#NEG.PFV:1SG.S:L. nay#remember:IPV:NEG
ch'itay#old.man
ay#3SG
tuu#water
ena'#no
ni-#TERM. i-#PP. nin-#N.IPV:2SG.S:D. 'aay#handle.CO:IPV:IMP
hiiy-#3PL.S>3PL.P. eh-#3SG.S:Ø.IPV:H. nąy#CO.falls:PFV:NOM
įh-#3SG.S:AA.PFV:H. xąą#kill:PL.O:PFV
sh-#1SG.P. aa#for
y-#3SG.S>3SG.P. eh-#Ø.IPV:H. nih#say:IPV
ay#3SG
du'#CT
nih#say:IPV
sta-#AWAY. n-#DSTR. jeh-#INDF.O:QUAL:DH.PFV:H. chuuy#grab?:PFV:NOM
nay#say:IPV:NOM
nee-#1PL.PSR. shyah#house
eh#and
łuugn#fish
ha-#NTRL. noo'#ahead:ALL
nithoo#long.time
tthi-#OUT. hi-#3PL.S:Ø.IPV:Ø. haak#SG.go:IPV:CUST
ay#3SG
dii.xah#WHY
hi-#3PL.S. hǫǫ-#QUAL:QUAL:Ø.IPV:Ø. heey#speak:IPV:NOM
eh-#3SG.S:Ø.IPV:H. ts'ay#be.windy:IPV:NOM
na-#IT. ch'-#INDF.O. eh-#3PL.S:Ø.IPV:H. łąy#bother:IPV
dänh#at
xah#PURP
hǫǫ-#AR.S:Ø.PFV:Ø. łįį#be:IPV
ay#3SG
y-#3SG.S>3SG.P. eh-#Ø.IPV:H. nih#say:IPV
ts'anh#from
y-#3SG.S>3SG.P. eh-#Ø.IPV:H. nih#say:IPV
łąą'#really
iin#PL
ch'-#INDF.PSR. aadeh#older.sister
k'it#on
sh-#1SG.P. eh#with
y-#3SG.S>3SG.P. aa#for
ts'iniin#child
tadn#night
nee-#1PL.P. xah#for
di-#REFL.P. k'eetl'aat#behind
danh#at
uu-#3SG.S:OPT:Ø. łe'#be:OPT
sh-#1SG.P. ttheh#in.front
keey#village
hi-#3PL.S. nįį-#N.PFV:Ø. thänh#want:IPV
u-#3SG.PSR. tth'an'#bone
łąą'#really
jah.dugn#THERE
sh-#1SG.P. aa#for
eh#and
ni-#TERM. 'eh-#3SG.S:Ø.IPV:H. nay#throw.CO:PFV:NOM
tąy#trail
nih#say:IPV
ay.tl'aan#AND.THEN
shyuugn#down:AR
nts'ą'#and
hǫǫ't'eey#still
jah#here
i-#3SG.S>3SG.O. dheh-#QUAL:DH.PFV:H. xįį#kill.SG.O:PFV
ay#3SG
t'axoh#finally
nts'ą̈'#to
a-#ADJC. na-#MED. dog#up:AR
k'eh#like
di-#REFL.PSR. nąą#mother
naagn'#eye
eh#and
ts'e-#1PL.S. dlah#handle.PL.O:PFV
eh#and
dhih-#DH.PFV:1SG.S:Ø. day#SG.stay:IPV:NOM
nts'ąą'#how
du'#CT
keey#village
t'eey#ADVZR
ni-#UP. 'įį-#Ø.IPV:2SG.S:Ø. ha'#SG.go.toilet:IPV
dą'#at:PST
nts'ą̈'#ADVZR
eł#when
tuutįįł#cup
ch'-#INDF.PSR. aa-#3SG.S:AA.IPV:Ø. chinh#stump
t'eey#ADVZR
doo#who
iin#PL
du'#CT
ch'i-#INDF.PSR. dia'#younger.sister
ay#3SG
tay'#again
ay#and
tl'aan#and
ts'iikeey#children
k'įįy#birch
degn'#up:ALL
k'it#on
tl'uuł#rope
t'axoh#finally
sh-#1SG.PSR. da'#mouth
shyüh#snow
t'eey#ADVZR
iin#PL
u-#3SG.PSR. naagn'#eye
tuu#water
aa-#3SG.S:AA.IPV:Ø. haał#SG.go:IPV:PROG
s-#1SG.PSR. tsǫǫ#grandmother
tl'aan#and
dzal-#1PL.S:INC:QUAL:AA.IPV:L. tth'iił#PL.stay:FUT
k'at'eey#NEG
eh#and
nih#say:IPV
łaakeey#two
įį'eh.tah#AS.WELL
shiy#1SG
sh-#1SG.PSR. naagn'#eye
ay#3SG
shyįį'#only
nee-#1PL.P. 'eh-#3SG.S:Ø.IPV:H. nih#say:IPV
hǫǫ'#thus
ishyiit#there
i-#3SG.S>3SG.O. ee-#DH.PFV:Ø. chia#render:PFV
de'#if
t'eey#ADVZR
hu-#3PL.P. 'eh-#3SG.S:Ø.IPV:H. nih#say:IPV
ch'a#FOC
ay#3SG
ch'ale#FOC
ǫǫ-#OPT:2SG.S. haal#SG.go:OPT:PROG
hǫǫ'#thus
ts'oo#spruce
łą'#truly
sh-#1SG.PSR. ta'#father
chih#also
tl'aan#and
k'ahdu'#now
ay#3SG
ee-#3SG.S:DH.PFV:Ø. dah#SG.sit:IPV
t'eey#ADVZR
xia'#egg
hu-#AR.S. tee-#INC:DH.PFV:Ø. łe'#be:PFV
na-#IT. nat-#3PL.S:QUAL:AA.IPV:D. däł#PL.fly:IPV:PROG
hugn#etc.
sh-#1SG.P. eh-#3SG.S:Ø.IPV:H. nay#say:IPV:NOM
nee-#1PL.O. k'eh#like
shyiit#in
dhih-#DH.PFV:1SG.S:Ø. dah#SG:stay:IPV
t'eey#ADVZR
iin#PL
iin#PL
ay#and
el-#3SG.S:DH.PFV:L. tsįį#seem:IPV
s-#1SG.PSR. tsǫǫ#grandmother
di-#REFL.PSR. tthi'#head
nee-#1PL.P. ts'ayy'#boat:POSS
that#that
shyįį'#only
nee-#1PL.P. ts'ą'#to
nts'ą̈'#and
s-#1SG.PSR. tsǫǫ#grandmother
tah#at:AR
na-#IT. tset-#1PL.S:DH.PFV:D. deeł#PL.go:PFV
eh#and
ch'i-#INDF.PSR. thüh#skin
m-#3SG.P. aa#for
t'axoh#finally
doo#who
eh#and
neexon#1PL
got#punch:PFV
nee-#1PL.P. 'eh-#3SG.S:Ø.IPV:H. nih#say:IPV
ts'ist'e'#old.lady
dąy#spring
shyįį'#only
ts'ayh#boat
xah#PURP
i-#3SG.S:Ø.IPV:Ø. tsüh#cry:IPV
ts'i-#WAKE. nįį-#3SG.S:N.PFV:Ø. that#SG.experience:PFV
hii-#3PL.S>3SG.P. k'a-#CARE neh-#QUAL:Ø.IPV:H. ta'#take.care:IPV
tąy#trail
hǫǫ-#AR.S:Ø.PFV:Ø. łįį#be:IPV
i-#PP. tdah-#INC:QUAL:AA.IPV:2PL.S:H. nįįl#say:FUT:NOM
eh#and
mb-#3SG.P. aa#for
iin#PL
tah#at:AR
xay#winter
shyiit#in
k'ahdu'#now
keey#village
di-#3SG.S:QUAL:Ø.PFV:Ø. 'ay#keep.away?:PFV
sta-#AWAY. ch'-#INDF. nįl-#3SG.S:N.PFV:L. 'įį#hide:PFV
dzi-#DANCE. hel-#3PL.S:Ø.IPV:L. shyee#PL.mourn.dance:IPV:CUST
shyign'#down:ALL
k'at'eey#NEG
t'eey#ADVZR
dą'#when:PST
k'it#on
ch'a#FOC
ay#3SG
na-#IT. h-#3PL.S. tet-#INC:Ø.IPV:D. deeł#PL.go:PFV
del-#3SG.S:QUAL:Ø.PFV:L. dliad#be.shiny:IPV:NOM
ha-#NTRL. shyiit#down:PNCT
ay#3SG
da-#INSIDE. ts'ee-#IMPSL.S:DH.PFV:Ø. dlah#handle.PL.O:PFV
chih#also
hǫǫ'#thus
ay#3SG
eh#and
dii#what
iin#PL
tah#when
t'axoh#finally
choo#big
jahxan#suddenly
t'eey#ADVZR
y-#3SG.S>3SG.P. aa#for
shin#1SG
u-#QUAL:Ø.IPV:Ø. dįl-#QUAL:NEG.PFV:L. kan#be.related:IPV:NEG
xah#PURP
u-#3SG.PSR. naagn'#eye
ah-#NTRL. dogn#up:AR
nee-#1PL.PSR. ts'iikeey#children
na-#CONT. ts'e-#1PL.S:Ø.IPV:Ø. 'aal#eat:IPV:NOM
chih#also
t'eey#ADVZR
that#that
nts'ą̈'#to
tsin'įį#thank.you
jah#here
keey#village
s-#1SG.P. ts'ą̈'#to
yi-#3SG.S>3SG.O. neh-#QUAL:Ø.IPV:H. 'įh#see:IPV
hǫǫ-#AR.S:Ø.PFV:Ø. łįį#be:IPV
tlok#be.mushy:IPV
nuh-#2PL.O. 'eh#to
tthi-#INTO.FIRE i-#IT. dįį-#3SG.S:QUAL:AA.PFV:Ø. tthayh#move.LRO.quickly:PFV
hu-#AR.S:Ø.IPV:Ø. t'eegn#be:IPV:CUST:NOM
ch'a#FOC
dänh#at
s-#1SG.P. ts'ą̈'#to
tay'#again
y-#3SG.S>3SG.O. įh-#3SG.S:AA.PFV:H. kon'#be.hot:IPV
ay#3SG
jign#blueberry
iin#PL
ts'iikeey#children
sh-#1SG.P. eh#with
na-#CONT. 'ih-#I.PFV:1SG.S:Ø. thät#SG:stand:IPV
jah#here
hǫǫ-#AR.S:Ø.PFV:Ø. łįį#be:IPV
de'#when:FUT
hu-#3PL.PSR. shyi'#food
iin#PL
le'#DUB
ayaa#mean
sh-#1SG.PSR. ǫǫsi'#name
hi-#3PL.S:Ø.IPV:Ø. t'ąy#be:IPV:NOM
ay#3SG
t'eey#ADVZR
jah#here
ch'-#INDF.O. ookol#NEGEX
ch'-#INDF.PSR. aadeh#older.sister
hu-#3PL.PSR. dziit#hearing
ch'a#FOC
jah#here
iin#PL
na-#IT. hin-#3PL.S:N.PFV:D. deeł#PL.go:PFV
chih#also
gǫǫ#bugs
de'#if
da-#UP. 'eh-#3SG.S:DH.PFV:H. 'ąą#classify.CO:IPV
eh#and
dah-#QUAL:AA.IPV:2PL.S:Ø. nih#say:IPV
chaa#be.big:IPV:NOM
t'oo#however
t'eey#ADVZR
shyįį'#only
iin#PL
ch'itįįł#potlatch
ts'įį-#1PL.S:Ø.PFV:Ø. łįį#be:IPV
tah#at:AR
ha-#OUT. a-#IT. nat-#3PL.S:QUAL:AA.IPV:D. deeł#PL.go:PFV
sh-#1SG.PSR. įį-#AA.PFV:Ø. ła'#hand
shyii#in
u-#3SG.PSR. naagn'#eye
dineey#people
iin#PL
k'a'-#GUN. łah-#HAND. tth'agn#listen:IPV:NOM
iin#PL
nee-#1PL.P. k'eh#like
ee-#3SG.S:DH.PFV:Ø. dah#SG:stay:IPV
tl'aan#and
jin#this
hǫǫsǫǫ#well
nee-#3PL.S:QUAL:DH.PFV:Ø. hi-#3PL.S>3PL.O. nih#say:IPV
shyiit#in
iin#PL
t'axoh#finally
t'eey#ADVZR
ts'al#loon
d-#PROX. uh-#AR. noo'#ahead:ALL
chih#also
nih#say:IPV
ay#3SG
ay#3SG
shyiign#down:ALL
dii#what
m-#3SG.P. u-#CON. tee-#INC:DH.PFV:Ø. shyaagn#be.lost:PFV:NOM
i-#PP. tah-#3SG.S:INC:AA.IPV:H. ch'ee#keep.away:FUT
ch'-#INDF.S. i-#3SG.S>3SG.O. naa-#QUAL:AA.IPV:Ø. dał#PL.fly:IPV:PROG
mb-#3SG.PSR. elsüü#money:POSS
tuu#water
iin#PL
iin#PL
du'#CT
tah#at:AR
hih-#3PL.S. del-#QUAL:DH.PFV:L. tth'ih#PL.stay:IPV
oh#oh
du'#CT
tl'aan#and
ay#3
hiiy-#3PL.S>3SG.P. eh-#Ø.IPV:H. 'ąy#do:IPV:NOM
ay.eh#AND.THEN
danh#at
iin#PL
na-#IT. 'įl-#3SG.S:N.PFV:L. shyah#handle.PL.O:PFV
choh#big
t'eey#ADVZR
h-#3PL.S. tee-#INC:DH.PFV:Ø. nąą#move.nomadically:PFV
yi-#3SG.S>3SG.O. tet-#INC.DH.PFV:D. mbah#fight:PFV
m-#3SG.PSR. ǫǫsi'#name
tagoh#swan
y-#3SG.S>3SG.P. eh-#Ø.IPV:H. nih#say:IPV
na-#IT. tset-#1PL.S:INC:Ø.IPV:D. deeł#PL.go:IPV
ay#3SG
tl'aan#and
sh-#1SG.PSR. nąą#mother
m-#3SG.PSR. ǫǫsi'#name
kah#for
m-#3SG.PSR. ǫǫsi'#name
de'#when:FUT
eh#and
da-#UP. 'ee-#3SG.S:DH.PFV:Ø. dah#SG.sit:IPV
t'eey#ADVZR
tl'aan#and
t'eey#ADVZR
eh#and
u-#AR.O. tak-#INC:AA.IPV:1SG.S:H. tsayh#make.SG.O:FUT
tah-#INC:AA:IPV:H. tsänh#smell:FUT
ho-#AR.O. nįį-#3SG.S:N.PFV:Ø. heey#speak:IPV:NEG
gaay#small
ay.tl'aan#AND.THEN
nt'eh#ASRT
k'eh#tracks
ch'ale#FOC
ts'ist'e'#old.lady
ch'i-#INDF.PSR. dia'#younger.sister
ay#3SG
ay#3SG
hi-#3PL.S:Ø.IPV:Ø. ttheel#chop:IPV:NOM
hu-#3PL.P. tah#among
u-#3SG.PSR. łįįg'#dog:POSS
keey#village
u-#3SG.P. k'eh#following
y-#3SG.S>3SG.P. eh-#Ø.IPV:H. nih#say:IPV
łatthegn.nts'ą̈'#ALL
tsät#wood
eh#with
tag#meandering
du'#CT
that#that
tsin'įį#thank.you
iin#PL
nih#say:IPV
ch'a#FOC
de'.kah#TO.CHECK
t'oot'eey#but
eh#and
elih#cold
tl'aan#and
y-#3SG.S>3SG.P. eh-#Ø.IPV:H. nih#say:IPV
y-#3SG.S>3SG.P. aa#for
t'axoh#finally
ch'a#FOC
t'eey#ADVZR
nee-#1PL.PSR. ts'iiniin'#child:POSS
t'eey#ADVZR
t'eey#ADVZR
ni-#TERM. i-#IT. het-#3PL.S:Ø.IPV:D. dek#PL.go:IPV:CUST
shyiit#in
ha-#ADJC. dal-#3SG.S:QUAL:AA.PFV:L. nayh#know:IPV
eh#and
įį-#3SG.S:AA.PFV:Ø. dla'#keep.PL.O:PFV
ta-#INTO.WATER. nel-#QUAL:Ø.IPV:L. dok#stuff:IPV
t'eey#ADVZR
dänh#at
hǫǫ'#thus
tah#at:AR
suu#nice
nih#say:IPV
hih-#3PL.S. naa-#QUAL:AA.IPV:Ø. dał#PL.go:IPV:PROG
ay#3SG
ishyiit#there
ay#3SG
danh#at
na-#CONT. 'ih-#AA.PFV:1SG.S:Ø. te'#SG:sleep:PFV
nts'ą'#and
chih#also
nih#say:IPV
iin#PL
nee-#1PL.PSR. shyi'#food
ay#3SG
ay#3SG
hǫǫ'#thus
du'#CT
nts'ą̈'#and
t-#INC. dah-#QUAL:AA.IPV:2PL.S:Ø. niil#teach:FUT:NOM
naxat#those
eł#when
ay#3SG
nahuugn#etc.
lah#Q
hu-#3PL.P. ts'ą'#to
ch'-#INDF.PSR. aa-#3SG.S:AA.IPV:Ø. chinh#stump
nił-#RECP.P. ts'ą̈'#to
nee-#1PL.P. ttheh#in.front
neexon#1PL
di-#REFL.PSR. che'#tail
hǫǫ't'eey#still
y-#3SG.S>3SG.P. eh-#Ø.IPV:H. nih#say:IPV
eh-#3SG.S:Ø.IPV:H. nih#say:IPV
n-#2SG.PSR. nąą#mother
n-#2SG.P. łįįgn'#dog:POSS
shyiit#in
a-#PP. t-#INC. dah-#QUAL:AA.IPV:2PL.S:Ø. niil#say:FUT:NOM
u-#3SG.PSR. kąy'#husband
iin#PL
tth'ee#sinew
eh#and
tah#at:AR
k'it#on
de'#if
nts'ą'#and
ch'aldzeegn#moon
sh-#1SG.PSR. ǫǫnüü#older.brother
ǫǫ-#OPT:2SG.S:Ø. łe'#be:OPT
jah#here
k'it#on
k'eh#like
ih-#3SG.S:Ø.PFV:H. łįį#be:IPV
hǫǫ-#3SG.S:QUAL:QUAL:Ø.IPV:Ø. tl'at#be.expensive:PFV
ay#3SG
nän'#earth
t'eey#ADVZR
gaay#small
tl'aan#and
t'eey#ADVZR
noht'aagn#behind
nduugn#hereabouts
tagoh#swan
du'#CT
m-#3SG.PSR. ǫǫsi'#name
nän#2SG
k'e#like
y-#3SG.S>3SG.P. eh-#Ø.IPV:H. nih#say:IPV
u-#3SG.O. tl'a-#TO. ts'įį-#1PL.S:AA.PFV:Ø. dlay#handle.PL.O:PFV:NOM
t'eey#ADVZR
hǫǫ'#thus
noot#ahead:PNCT
ak-#Ø.IPV:1SG.S:H. tsänh#smell:IPV
nuh-#QUAL:OPT:H. deey#pray:IPV:NOM
ts'anh#from
noo-#IT:AR. tah-#3SG.S:INC:AA.IPV:H. tsay#make.SG.O:FUT:NOM
godn#knee
aanah#around
u-#3SG.S:CON. deh-#QUAL:DH.PFV:H. god#knock:PFV:NOM
dąą'#thus
huugn#and
łįį#dog
i-#3SG.S>3SG.O. tdal-#INC:QUAL:AA.IPV:L. shyah#SG.go:PFV
tsüüh#edible.root
eh#and
nih#say:IPV
iin#PL
jah#here
ts'a-#BAD. nii-#MIND. il-#3SG.S:NEG.PFV:L. t'e'#be:PFV
gaay#small
shyiit#in
ts'iikeey#children
tl'uuł#rope
tl'aan#and
ha-#OUT. hįį-#3PL.S:AA.PFV:Ø. deeł#PL.go:PFV
ay#3SG
ts'ist'e'#old.lady
da-#FULL. na-#IT. tnee-#INC:QUAL:DH.PFV:Ø. haan#water.extend:IPV:NOM
sh-#1SG.P. aa#to
kol#NEGEX
iin#PL
that#that
su'#good
iin#PL
nuh-#2PL.P. not'aagn#behind
dineh#person
aa-#3SG.S:AA.IPV:Ø. haał#SG.go:IPV:PROG
ha-#SPOT a-#IT. ch'-#INDF. uu-#AR. dal-#QUAL:Ø.IPV:2PL.S:L. 'įį#watch:IPV
hii-#3PL.S>3SG.P. deh-#QUAL:DH.PFV:H. k'an'#be.burning:IPV
chih#also
y-#3SG.S>3SG.O. įį-#AA.PFV:Ø. dlah#handle.PL.O:PFV
hǫǫ-#3SG.S:QUAL:QUAL:Ø.IPV:Ø. heey#speak:IPV:NOM
shyįį'#only
u-#3SG.P. dih-#QUAL:Ø.IPV:1SG.S:Ø. nih#say:IPV
nts'ą̈'#to
ch'a#FOC
hu-#3PL.PSR. łiign'#dog:POSS
t'eey#ADVZR
sh-#1SG.P. a-#PP. h-#3PL.S. di-#QUAL:Ø.IPV:Ø. ni'#teach:PFV
ha-#OUT. a-#IT. at-#3SG.S:AA.PFV:D. shyah#SG.go:PFV
nts'ą̈'#at
t'axo#finally
nts'ą̈'#to
hi-#3PL.S:Ø.IPV:Ø. nih#say:IPV
uu-#3SG.S:OPT:Ø. łe'#be:OPT
eh#and
hǫǫsu'#well
hiiy-#3PL.S>3SG.O. e-#Ø.IPV:Ø. łeek#handle.PL.O:IPV:CUST
łaan#truly
tah-#3SG.S:INC:AA.IPV:H. shyüü#snow:FUT:NOM
shyiit#in
ayt'oo#ok
k'a#NEG
tl'aan#and
hel-#3PL.S:Ø.IPV:L. shyiił#extend.LRO:IPV
shyi'#meat
nih#say:IPV
hu-#3PL.P. dih-#QUAL:Ø.IPV:1SG.S:Ø. nay#say:IPV:NOM
dą'#at:PNCT
tl'aan#and
mb-#3SG.PSR. aadeh#older.sister
ts'ehłegn#one
nįį-#3PL.S:N.PFV:Ø. deeł#PL.go:PFV
ha-#OUT. hįį-#3PL.S:AA.PFV:Ø. 'ąą#handle.CO:PFV
du'#CT
kol#NEGEX
ch'ah#FOC
ts'įįkeey#children
choh#big
h-#3PL.S. tee-#INC:DH.PFV:Ø. nąą#move.nomadically:PFV
t'eey#ADVZR
tthi-#OUT. nįį-#3PL.S:N.PFV:Ø. shyay#SG.go.PFV:NOM
shyi'#meat
i-#3SG.S>3SG.O. tee-#INC:DH.PFV:Ø. mbaat#swing:PFV
eh-#3SG.S:Ø.IPV:H. shyüü#snow:IPV:NOM
eh#and
t'oot'eey#but
hi-#?. ts'e-#PEJ. het-#3PL.S:Ø.IPV:D. niign#not.know:IPV
ch'ale#FOC
di-#REFL.PSR. nąą#mother
eh-#3SG.S:Ø.IPV:H. nih#say:IPV
sh-#1SG.PSR. ta'#father
hǫǫ-#AR.S:Ø.PFV:Ø. łįį#be:IPV
iin#PL
shyiign#down:ALL
shoh#black.bear
jah.dugn#THERE
yamaagn.teeshyaay#YAMAAGN.TEESHYAAY
noo'#ahead:ALL
tl'aan#and
hǫǫ'#thus
ay.tl'aan#AND.THEN
de'#if
iin#PL
hut-#3PL.O:DH.PFV:D. tsah#bury:PASS:PFV
eh#and
eh#and
di-#REFL.PSR. chaay#grandchild
shyiit#in
t'eey#ADVZR
dlegn#squirrel
k'at'eey#NEG
t'eey#ADVZR
ha-#ADJC. na-#MED. degn'#up:ALL
nih#say:IPV
ya-#CONT. 'i-#3SG.S:Ø.IPV:Ø. mbeek#swim:IPV:CUST
ni-#UP. ee-#3SG.S:DH.PFV:Ø. shyah#SG.go:PFV
t'axoh#finally
eł#because
m-#3SG.PSR. ǫǫsi'#name
iin#PL
naxat#those
hu#etc.
k'eh#like
ni-#TERM. dįį-#QUAL:Ø.IPV:2SG.S:Ø. łeey#handle.PL.O:IPV:NOM
na-#IT. y-#3SG.S>3SG.O. deh-#QUAL:Ø.IPV:H. tl'iit#pour:PFV
nah-#MED. 'ogn#out:AR
da-#ON. ee-#3PL.S:DH.PFV:Ø. dlah#classify.PL.O:IPV
he-#3PL.S:Ø.IPV:Ø. nih#say:IPV
hu-#3PL.P. 'eh#with
ayt'oo#ok
noodlee#white.person
dineey#people
jah#here
chih#also
that#that
sh-#1SG.PSR. 'aat#wife
hugn#etc.
eh#and
t'axoh#finally
hu-#3PL.P. 'eh-#3SG.S:Ø.IPV:H. nih#say:IPV
jign#blueberry
ay#3SG
tat-#3SG.S:INC:AA.IPV:D. xoł#break:FUT
hiiy-#3PL.S>3SG.P. teh-#INC:Ø.IPV:H. chuudn#grab:PFV:NOM
ch'i-#INDF.O. h-#3PL.S. dheh-#QUAL:Ø.IPV:H. xeek#kill.SG.O:IPV:CUST
kol#NEGEX
tah#at:AR
he-#3PL.S:Ø.IPV:Ø. nih#say:IPV
nah-#QUAL:Ø.IPV:2PL.S. teeyh#handle.LRO:IPV
shin#1SG
ni-#TERM. ni-#QUAL:Ø.IPV:Ø. t'ak#SG.fly:IPV:CUST
tah-#3SG.S:INC:AA.IPV:H. shyüü#snow:FUT:NOM
ch'ittheh#first
n-#2SG.P. ts'ą'#to
jah#here
gǫǫ#bugs
nih#say:IPV
kah#for
nts'ą'.t'eey#ADVZR
ni-#UP. ee-#3SG.S:DH.PFV:Ø. shyah#SG.go:PFV
hu-#3PL.P. xah#to
i-#PP. hit-#3PL.S:Ø.IPV:D. nay#know:IPV:NOM
hu'#?
shyiit#in
-#WAKE. neh-#QUAL:Ø.IPV:H. tsayh#gather:FUT
ch'ehłiign#song
iin#PL
iy-#3SG.S>3SG.P. eh-#Ø.IPV:H. nih#say:IPV
i-#3SG.S>3SG.P. tüh#over
nǫǫ-#QUAL:OPT:2SG.S:Ø. łeek#handle.RO:OPT:CUST
nih#say:IPV
ch'iliitthoo'#grizzly.bear
kon'#fire
jan#DEM
ch'ale'#FOC
shyiit#in
da-#INSIDE. nah-#N.IPV:2PL.S:Ø. deeł#PL.go:IPV
sh-#1SG.PSR. nąą#mother
chaay#grandchild
na-#PRMB. shyign#down:ALL
ch'a#FOC
dineh#person
eh#and
łaakaay#two
oh#oh
that#that
jah#here
sta-#AWAY. 'el-#3PL.S:Ø.PFV:L. thät#SG:stand:IPV
i-#3SG.S:Ø.IPV:Ø. h-#3PL.S. sǫǫ#be.good:IPV
de'#if
ch'a'#away.from
u-#3SG.P. shyiit#in
-#INDF.O:AA.PFV:D. xąą#kill.PL.O:PASS:PFV
łahtthegn.nts'ą̈'#ALL
eh#and
i-#PP. nii-#N.PFV:Ø. thįį'#love:PFV
ee-#3SG.S:DH.PFV:Ø. gąy#be.dry:IPV:NOM
nts'ąą'#how
iin#PL
ay#3SG
gǫǫ#bugs
tlodn#fat.?
a-#NTRL. shyuugn#down:AR
du'#CT
xay#winter
neexon#1PL
ak-#Ø.IPV:1SG.S:H. tsän#smell:IPV:NOM
k'it#on
kįį'#subsisting.on
oh#oh
chih#also
sh-#1SG.PSR. chil#younger.brother
nįį-#N.PFV:Ø. ts'eek#long
ts'i-#1PL.S:Ø.IPV:Ø. xąą#kill.PL.O:PASS:PFV
k'ahdu'#now
hi-#3PL.S:Ø.IPV:Ø. nih#say:IPV
hii-#3PL.S>3SG.P. tl'a-#TO. hiiy-#3PL.S>3SG.O. įį-#AA.PFV:Ø. dlay#handle.PL.O:PFV:NOM
ts'ayh#boat
xah#PURP
tuu#water
elih#cold
de'#when:FUT
t'eey#ADVZR
dahdzäł#rack
t'eey#ADVZR
eh-#3SG.S:DH.PFV:H. tįį#SG.die:PFV
t'eey#ADVZR
u-#QUAL:Ø.IPV:Ø. nak-#QUAL:Ø.IPV:1SG.S:H. 'įh#see:IPV
łiign'#dog:POSS
sta-#AWAY. a-#IT. hit-#3PL.S:Ø.IPV:D. dek#PL.go:IPV:CUST
hu-#3PL.P. ts'ą̈'#to
teejuh#sympathy
t'eey#ADVZR
dą'#at:PNCT
xah#PURP
xeel'#pack:POSS
t'eey#ADVZR
iin#PL
ishyiit#there
ch'a#FOC
ha-#OUT. a-#IT. at-#3SG.S:AA.PFV:D. shyah#SG.go:PFV
dii#what
jign#blueberry
ts'uu-#1PL.S:CON. dii-#QUAL:I.PFV:Ø. dlay#find.PL.O:PFV:NOM
kah#for
sh-#1SG.P. eh-#3SG.S:Ø.IPV:H. nih#say:IPV
hǫǫ-#AR.S:Ø.PFV:Ø. łįį#be:IPV
gaay#small
iin#PL
hu-#3PL.P. shyah#house
nts'ą'#and
ch'-#INDF.PSR. aadeh#older.sister
dą'#at:PNCT
nts'ą̈'#and
tädn#night
tal-#INC:AA.IPV:2PL.S:L. deel#eat:FUT:NEG
hii-#3PL.S>3SG.O. neh-#QUAL:Ø.IPV:H. tsiik#gather:IPV:CUST
mb-#3SG.PSR. ehtle'#pants
u-#3SG.P. dih-#QUAL:Ø.IPV:1SG.S:Ø. nih#say:IPV
dįį-#QUAL:Ø.IPV:2SG.S:Ø. tth'egn#listen:IPV:NOM
xayh#spruce.roots
eh#and
iin#PL
tah#at:AR
ay#3SG
eh#and
y-#3PL.S>3PL.O. ee-#DH.PFV:Ø. dlaag#keep.PL.O:IPV:CUST:NOM
ay#3SG
diniign#moose
sh-#1SG.PSR. nąą#mother
u-#AR.S. tdaa-#INC:QUAL:AA.IPV:Ø. thäł#experience.event:FUT
nih#say:IPV
ishyiit#there
dahdzäł#rack
sh-#1SG.P. eh-#3SG.S:Ø.IPV:H. nih#say:IPV
at-#3PL.S:AA.PFV:D. shyąą#grow.old:PFV
tah#at:AR
nän#2SG
k'it#on
sh-#1SG.PSR. ǫǫndüü#older.brother
ay#3SG
da-#ADMIR. teh-#3SG.S:INC:DH.PFV:H. tayh#be.strong:IPV
ts'i-#PEJ. hok-#AR:Ø.PFV:1SG.S:H. dąy#miss:IPV
ay.tl'aan#AND.THEN
t'eey#ADVZR
t'eey#ADVZR
ch'ik'eh#last
iin#PL
iin#PL
ts'iikeey#children
t'axoh#finally
ts'anh#from
da-#UP. 'ee-#3SG.S:DH.PFV:Ø. 'ąą#classify.CO:IPV
nih#say:IPV
xayh#spruce.roots
dhih-#DH.PFV:1SG.S:Ø. dah#SG:stay:IPV
ch'a#FOC
t'eey#ADVZR
du'#CT
tl'uuł#rope
t'eey#ADVZR
naki-#TURN.AROUND. dǫǫ-#QUAL:OPT:2SG.S:Ø. haah#go.in.circle:IPV
dzel-#1PL.S:QUAL:DH.PFV:L. tth'ii#PL.stay:IPV:NOM
iin#PL
tthee#rock
nts'ą̈'.t'eey#ADVZR
seeyh#knife
ch'itay#old.man
niik#say:IPV:CUST
ay.tl'aan#AND.THEN
y-#3SG.S>3SG.P. eh-#Ø.IPV:H. nih#say:IPV
hu-#3PL.PSR. 'elsüü'#money:POSS
keey#village
ndee#where:PNCT
oh#oh
ch'i-#INDF.PSR. thüh#skin
hu-#AR.O. hǫǫ-#3PL.S>AR.O:AA.PFV:Ø. xąą#make.PL.O:PFV
tl'aan#and
hu-#3PL.PSR. nąą#mother
ay#3SG
a-#NTRL. nogn#upland:AR
ch'iliitthoo'#grizzly.bear
ay#3SG
nts'ą'#and
kah#for
ya-#CONT. he-#3PL.S:Ø.IPV:Ø. dak#PL.go:IPV:CUST
łaakay#two
iin#PL
nuh-#2PL.P. tl'a-#TO. y-#3PL.S>3PL.O. įį-#AA.PFV:Ø. dlay#handle.PL.O:PFV:NOM
nih#say:IPV
hǫǫ'#thus
neh-#3SG.S:QUAL:Ø.IPV:H. 'įį#look:IPV
na-#PRMB. tset-#1PL.S:INC:Ø.IPV:D. neek#move.nomadically:IPV:CUST
łuugn#fish
xah#PURP
ishyiit#then
xah#PURP
ti-#TIRED. at-#3SG.S:AA.PFV:D. nak#be.tired:IPV
hu-#3PL.PSR. dziit#hearing
t'axoh#finally
jahxan#suddenly
u-#3SG.PSR. shyah#house
ay#3SG
tl'aan#and
t'eey#ADVZR
hǫǫ-#AR.S:AA.PFV:Ø. łe'#be:PFV
nahugn#there
hiy-#3PL.S>3SG.O. eh-#Ø.IPV:H. nih#say:IPV
shyuugn#down:AR
hi-#?. 'įl-#Ø.IPV:2SG.S:L. nąyh#remember:IPV
k'at'eey#NEG
eł#when
de'#when:FUT
k'i-#WAYSIDE. hel-#3PL.S:Ø.IPV:L. tth'ek#fall:IPV:CUST
ay.tl'aan#AND.THEN
shyiit#in
ay#3SG
n-#2SG.O. uu-#CON:Ø.IPV:Ø. tee-#INC:DH.PFV:Ø. kol#NEGEX
sh-#1SG.PSR. ta'#father
gaay#small
de'#if
łahtthagn.nts'ą'#ALL
u-#3SG.PSR. tth'an'#bone
tah#at:AR
k'a#NEG
nił-#RECP.P. 'eł#with
hah-#NTRL. 'ǫǫ#out:ABL
na-#PRMB. tsit-#1PL.S:INC:Ø.IPV:D. dek#PL.go:IPV:CUST
na-#IT. tet-#3SG.S:INC:DH.PFV:D. shyay#SG.go.PFV:NOM
sh-#1SG.PSR. ǫǫndüü#older.brother
tah#at:AR
ti-#OUT. na-#IT. ch'i-#INDF.O. nel-#3SG.S:QUAL:DH.PFV:L. 'įį'#sneak:PFV
niign#the.way
eh-#3SG.S:DH.PFV:H. tįį#SG.die:PFV
t'axoh#finally
na-#CONT. hol-#3SG.S:QUAL:Ø.IPV:L. nagn#tell.story:IPV:NOM
shi-#1SG.O. ch-#INDF:INC. 'ih-#Ø.IPV:1SG.S:Ø. eh-#3PL.S:Ø.IPV:H. 'aał#feed:IPV
hǫǫ'#thus
na-#PRMB. hat-#3PL.S:AA.IPV:D. däl#PL.go:IPV:PROG:NOM
tl'aan#and
sh-#1SG.P. aa#for
łat#smoke
t'eey#ADVZR
chih#also
ay.tl'aan#AND.THEN
na-#PRMB. tsi-#1PL.S:INC:Ø.IPV:Ø. tiign#handle.LRO:IPV:CUST:NEG
dii#what
eł#when
t'axoh#finally
t'aat#under
ts'a-#BAD. hǫǫ-#AR.S:Ø.PFV:Ø. tleeg#be.bad:IPV
dą'#at:PNCT
t'a-#AGAINST?. 'įį-#3SG.S:AA.PFV:Ø. xał#turn:PFV
chih#also
dih-#QUAL:Ø.PFV:1SG.S:Ø. t'eh#be:IPV
sh-#1SG.PSR. ta'#father
łą'#truly
hii-#3PL.S>3PL.P. doo#wait.for:IPV
ee-#3SG.S:DH.PFV:Ø. dah#SG.sit:IPV
hu-#3PL.O. u-#CON. et-#DH.PFV:D. sih#be.called:IPV
łaakay#two
that#that
ay#3SG
dhih-#DH.PFV:1SG.S:Ø. tįį#SG.sleep:IPV
eh.tah#AND
al-#3SG.S:AA.IPV:L. tthał#SG.run:IPV:PROG
ǫǫ-#OPT:2SG.S:Ø. łe'#be:OPT
jah#here
tsee-#1PL.S:INC:DH.PFV:Ø. naa#move.nomadically:PFV
hǫǫ-#AR.S:Ø.PFV:Ø. łįį#be:IPV
ee-#3SG.S:DH.PFV:Ø. gąy#be.dry:IPV:NOM
aa-#3SG.S:AA.IPV:Ø. haal#SG.go:FUT:NOM
u-#3SG.P. xah#for
shyi'#meat
ts'igąąk#chickadee
hu-#3PL.PSR. ts'adn'#blanket:POSS
ah-#NTRL. noo'#ahead:ALL
hu-#AR.PSR. nu'#hole
dhih-#DH.PFV:1SG.S:Ø. dah#SG:stay:IPV
ay.tl'aan#AND.THEN
nuun#animal
du'#CT
nii-#3PL.S:N.PFV:Ø. hin-#3PL.S:N.PFV:D. deeł#PL.go:PFV
u-#3SG.P. ts'ą̈'#to
y-#3SG.S>3SG.O. eh-#3SG.S:Ø.IPV:H. nąy#CO.falls:PFV:NOM
nih#say:IPV
ay#3SG
nee-#1PL.P. 'eh-#3SG.S:Ø.IPV:H. nih#say:IPV
eh-#3SG.S:Ø.IPV:H. nih#say:IPV
duu-#3SG.S:QUAL:OPT:Ø. ne'#do?:OPT
ch'itay#old.man
mba'#dry.fish
tąy#trail
eh#and
k'at'eey#NEG
eh-#3SG.S:Ø.IPV:H. nih#say:IPV
dąą'#thus
na-#CONT. 'įį-#I.PFV:2SG.S:Ø. thät#SG:stand:IPV
dii-#3SG.S:QUAL:AA.PFV. tth'ak#hear:IPV
iin#PL
hah-#NTRL. 'ǫǫ#out:ABL
ak-#Ø.IPV:1SG.S:H. tsan#smell:IPV:NOM
k'it#on
nithoo#long.time
ay#3SG
tah#at:AR
tih-#INC:AA.IPV:1SG.S:Ø. daał#SG.stay:FUT
tl'uul'#rope:POSS
t'oot'eey#but
chih#also
k'at'eey#NEG
iin#PL
eh#and
na-#IT. hin-#3PL.S:N.PFV:D. deel#PL.go:PFV:NOM
y-#3SG.S>3SG.P. aa#for
nel-#3SG.S:QUAL:DH.PFV:L. gąy#be.dry:IPV:NOM
eh#to
ch'i-#INDF.PSR. shyuutth'än#brisket
dziin#day
eh#and
sǫ'#PROH
k'ahdu'#now
ch'aachin'#tree.stump
k'eh#like
i-#3SG.S>3SG.O. neh-#QUAL:Ø.IPV:H. 'įh#see:IPV
nts'ą'#and
u-#3SG.PSR. nąą#mother
de'#when:FUT
u-#3SG.P. nuht'aagn#behind.back
nay#say:IPV:NOM
du'#CT
taanuu#island
hǫǫ-#AR.S:Ø.PFV:Ø. łįį#be:IPV
t'oot'eey#but
hi-#3PL.S:Ø.IPV:Ø. dąy#do:IPV:NEG
ay#and
hǫǫ'#thus
eh#and
nii-#N.PFV:Ø. hin-#3PL.S:N.PFV:D. deel#PL.go:PFV:NOM
łat#smoke
xah#PURP
ti-#OUT. tįį-#INC:AA.IPV:2SG.S:Ø. haal#SG.go:FUT:NOM
choh#big
nogn#upland:AR
y-#3SG.S>3SG.O. uu-#CON:Ø.IPV:Ø. nih#think:IPV
ch'a#FOC
da-#INSIDE. sh-#1SG.O. h-#3PL.S. nįh-#N.PFV:H. tįį#carry.AO:PFV
hut-#3PL.S:OPT:D. shya'#be.smart:OPT
ti-#3PL.S:INC:Ø.IPV:Ø. keek#go.by.boat:IPV:CUST
tsayh#ochre
ay#3SG
nahk'adn#fish.trap
el-#3SG.S:DH.PFV:L. tsiin#appear:IPV:NOM
t'eey#ADVZR
eł#when
aan#come.in
i-#3SG.S>3SG.PSR. xeel'#pack:POSS
ay#3SG
he-#3PL.S:Ø.IPV:Ø. nih#say:IPV
sh-#1SG.PSR. nąą#mother
hih-#3PL.S. neh-#QUAL:DH.PFV:H. shyąą#raise:PFV
u-#3SG.PSR. nąą#mother
nts'ą̈'#to
ts'ą'#to
t'eey#ADVZR
hu-#3PL.P. xah#for
tl'aan#and
eh#and
a-#NTRL. nogn#upland:AR
ts'iikeey#children
nts'ą̈'.t'eey#ADVZR
a-#NTRL. degn'#up:ALL
eh-#3SG.S:Ø.IPV:H. nih#say:IPV
dih-#QUAL:Ø.PFV:1SG.S:Ø. tth'egn#hear:IPV:NEG
du'#CT
na-#IT. n-#2SG.O. nak-#N.PFV:1SG.S:H. tiin#handle.AO:PFV:NOM
ay#3SG
t'axoh#finally
shyiit#in
hii-#3PL.S>3SG.P. kah#for
that#that
tthii-#INTO.FIRE tl'a-#TO. y-#3SG.S>3SG.O. dįį-#QUAL:AA.PFV:Ø. kąą#handle.OOC:PFV
ay#3
oh#oh
dänh#at
jign#blueberry
t'eey#ADVZR
noo-#IT:AR. tet-#INC.DH.PFV:D. łe'#be:PFV
na-#IT. el-#Ø.IPV:L. soo#be.rime:IPV:NOM
na-#DOWN. del-#QUAL:DH.PFV:L. thayh#move.CO.quickly:PFV
eh#with
ts'iikeey#children
dąą'#thus
sh-#1SG.P. aa#about
eh#and
sh-#1SG.P. k'eh#following
ddhał#mountain
ta-#UPLAND. 'įį-#3SG.S:Ø.PFV:Ø. 'ah#extend:IPV
di-#REFL.PSR. dia'#younger.sister
u-#AR.O. neh-#3SG.S:QUAL:Ø.IPV:H. 'ąy#look.IPV:NOM
uu-#3SG.S:OPT:Ø. łe'#be:OPT
ih-#AA.IPV:1SG.S:Ø. haał#SG.go:IPV:PROG
dia#why
hi-#3PL.S:Ø.IPV:Ø. hu-#QUAL:Ø.IPV:Ø. nayh#be.alive:IPV
k'at'eey#NEG
ee-#3SG.S:DH.PFV:Ø. niik#say:IPV:CUST
ehdänh#without
du'#CT
tl'uuł#rope
ay.eh#AND.THEN
manh#lake
tädn#night
shyiit#there
tąy#trail
hanteey'#quickly
k'üdn#fish.weir
diniign#moose
hǫǫ-#AR.S:Ø.PFV:Ø. t'eh#be:IPV