vzmipem
tewa
dötü ==de
sade
sâ-
tü- oti ate -mü
joseph
aijz
më
tötingö
tö- na- ngi ==pe -u
ä
mnâ -ti -o -mü ==gö
të- ö- pi -bë
nâ
bia
dâkölëde
ö- pi -bë ==le
ya -ne ëvë ==kö
kä..
më
tö- në- mâ ==pe ==lö -u
- ökalë -mü ==ngü
nimu
kâ
nim
tü wz -ngö ==gö
olvë -lcpwz
vo -mü ==o
nâdö
nzmu-krde.lc
kä..
na- okatö ==ä
mölë
tü- mnâ
eu
kä..
kai
kâ
lö
ö- pi -bo
nöa
lâsu kä.. lvâ
tö- dwa -tö ==amu -u
möka
kä..
kâ
tü- vë -mi -tö ==pe -bë ==le
pöla
kâ
kio
a'
kä..
tö- öblä pwë -u
të- vë ==pe
bot
nâboi
ngö
nâte ==de
böma
du
vo ==ä
ëlwë
köka' -ne pwë ==kö
takitö -tä pwë
yököpä -bo
në- mwa -kö ==gö
kâ
ä
sâ-
da
më
kä.. etu
köa- li
kâ
kä.. etu
dötü ==de
lëbü
kâ
amölä
pötë
tü- ya -ngö kai - ==kö
george
kä.. - ela ==ng
- mnâ -tä ==pe pwë
ä
rum
ëbü
nyë ==dö
nölâkäbü
tü- ya -pä ==pe -bë ==
bagö
naü mü ==nge
olvë
kâ
- tü
ngi -tä ==
dötwö ==dö
ena
ölilö
köa- li
nea
nar
japan
tömâtu
döka'
nyë ==gö
mölâ
fiu
kä.. etu
a'
meöikol
metalo
pöla
mzdxmingr
ngö
ä
tü- vë ==pe -mü ==o
më
sâ-
ngö
kâ
më
kä..
tö- ayrkrpx -bo -u
ä
a'
sâ ==nge
në- ngini -kö ==de
tulzgi
obü -o -mü ==ä
ä
niu.yiz
mëli
ngö
tömâtu
tenaru
kä..
kâ
- mâ ==tö
kâ
nâblo
kâ
bq
lâsu
nakatxlzpemcle
mr
në- mwa -kö ==de
kä..
kapli
la
kâ
yëlu -mü ==gö
pawa
vë -bë ==kö
nomrz~ngrde
lcsu.r.vea
kâng
peto
nâ
da
na- mnâ kapü -lë -ngö -mü ==amu
nâblo
nigö
lâsu
më
ä
më
mu ==le
taea
na- ökalë ==pe -mü ==
peto
vaol
dötü ==de
skul
lö
nouöla
më
eu
sâ-
këu
më
sevenoklck
etu -tä ëlwë -ngö
ö
pi -bë
më
më
nyz'
na- kölë ==ü
mëli
wü
më
pi -tä -mü ==le
ëbë
ni- ==nge
sâ-
seleng
dâkölëde
mëli
ëbë
kä.. topwë
kâng
në- dwa -tö -kö ==de
kâ
ä
nâdö
të- apu ==lö
tö- vo -ngö -mü =mc -u
kä..
kru
kâ
bë -ti ==pe ==de
kâ
kopuria
mou
manyzkxnzyagoxng
tewa
leu
nztutrpz
tü- olväti ate ==le
nâbö
külu
ä
kä.. töka
këdü
të- mrge ==pe ==ng
mëtea
nâblo
saemon
kä..
ä
mzli.r.vea
ä
kä..
ngölö -ti -tä -lë ==ä
nide
kä..
yâ
kâng
më
nâbö
tu -ti
kä..
e
olvi
ötangö ==
dü
lälvö -ki -mü ==le
dötü ==de
kio
ä
ngö ==de
ngölä -tä -o ==
meöikol
kâ
nâblo
në- mnâ -kö ==gö
temë
ni- ==nge
ba- ==de
në- twë -tö -kö
ölilö
kâ
më
kâ
yökö -pä -bë ==le
këdü
kölâ
kä..
ö ==nge
tö- ni ==ka -mü ==le
kabxle
mëtea
mzdealwx
tü- pnz' ==pe ==le
profesz
nrngx
sâ-
dölë ==dö -ngü
në- vë -nüblü ==pe -kö ==de
ä
nzetu-krdr
më
- älö -bë
ba- ==nge
dalö
nar
tü- öpwämë
mölâde
mölâ
luekäpië
më
sâ-
kä..
tü- vo ==
kâ
në- ö- pnz' -
öda
yië
nabä
më
tü- vë -ki ==le
në- ö- kë -ngö
të- kuki -ngö ==dö
känëalvëtöng
këble -ngü
tü- yöni ==pe ==ä
bia
tü- ngi ==pe
këdü
samwi
të- lolvë ==pe ==lö
nounâ
tqalulvetipex
më
tü- wai ==pe ==ä
ngö
kölë -bë ==le
doa
kâ
müngö
më
ö- pi -bë
nâblo
- pnz' -bë ==lö
vo -mü ==o
kä..
ngi
këdü
nabä ==de
gari
më
tü- kuki ==pe -ngö ==ne
në- wü -kö ==de
yië
e
na- twë -bë ==lö
tü- vë ==pe kë ==ä
luga
pöla
yëlu -mü
ka
satqkxbzle
lâsu
kä..
madäi
kâng ==pe
amölä
ne -tä -pä == ==ä
më
nanö
të- ö- pi -bë
bwzng
ä
lâde
ä
kâng
nidö
dâ
vo -pä -bë ==kö
ä
eroplen
më
këdü
tü- ö- pi ==pe -bë ==le
a'
dapu
- ya -bë ==ng
në- mnâ -kö ==gö
tresapxka
nua'mu
olvë
na- akxlr -ngö
gëpman
dötü ==nge
yië
kä..
narnztilolx
gresosa.bei
sâ-
tü- alvâ -tö -lëbü ==pe
kâ
kru
më
dcdrade
kâ
wü
nidö
be
kä..
dese
da
kâ
mr
ö- glü ==kö
nâblo
më
ngö
inglan
töte ==nge
- ö- ka -bë
kosi
tökö âlu -u
tü- alvë -pä ==pe ==ä
ö- pi -mü ==le
skul
delâ
mwe
yëu -tö ==pe
ngö
kâ
kai
nide
kölë -mü ==le
këdü
dëtu
në- ötangö -ti -kö ==gö
volz
tü- dwa -tö ==pe ==kö
sâ-
tü- awökätö ==pe ==le
më
kâng
menabz
kâ
nesol
- ne ==pe ==ng
kâ
kâng
löpëu
lemwzlo
inglis
ëbü
pokia -bë ==kö
kâng
kä..
sâ-
mövö -ti ==pe
nidö
tü- vë -ngö -mü
köa- li
ni- ==nge
ëlwë
më
dalö
tqyrlope~alzule
vë ==ne
nzmnq
- ö- pi -lë -mü ==lö
ëbë
tü- kaputö ==pe kë -
köa- li
mëli
të- atwëlö mou ==lö
në- wë -ngö
da
yë
lâde
lâde
nöa
nzvo~krnge
ä
më
doa
pawa
ne ==de
nila
tü- vë ==pe ==ä
peto
mailë ==le
pu
trpaliki
kä..
dötü ==gö
kâ
ä
më
na- vë -mi -bë ==le
döka'
ne ==dö
mölä ==nge
në- mnâ -kö ==gö
mëli
më
lue
kä.. külu
na- atwëlö -ngö ==gö
më ==te
kä..
merikz
ngxelekrmkc
pu
sâ-
bëkü
nëöyöngö
ka -bo
asdikon
këdung
më