ф -ена
цӏийи
дуьзмуьш ай -ди
лагь -ана
чун
лагь -ана
ф -ена
гъ -ана
акъваз -нава
кӏурцӏул -ар
жув а
ив -и -з
сив -и -з
чун
руш
халкь -ди -з
лагь -ай -вал
гьуьл -уь -н
ча -з
за -з
ала -ди -ла -й
самур
за
кӏан -зава
газет -ди -н
пат а -л
чун
хьуй
хъсан
йис
хьи
алцурар -на
ида -з
гъил
ракъ -уда
ван
вуч
элкв -ена
кӏан да
хер
пака
ата нава гу да
пӏуз -арар
дереже -ди -з
икьван
са
цӏай -ини -к -ай
вач
ара да
вич -и -н
лугь -уда
кьуьзуь
дуьз
луьтквечи -ни
инанмиш
гьакъикъет да
ки
лугь -уда
ча -з
хьа на -тӏа
гьунар
куьтӏ
лугь -уда
кӏватӏ
гьакьван
фи -из хкве зва й
эциг
ф -ена
хкве -р -ла
къачу зва -й
са
ктад -мир
мес -е -NULL
зун
бере
хьуй
хкв -еда
за -ни
вуч
гьуьл -уь -н
чан
ханум а
ала й
назир
тир
за -ни
акъат -на
юкъ -у -з
затӏа й -ла
тӏванлай
къарагъ -на
гила
хуьлуьхъ
экъецӏ -на
галаз
инсан
кӏан -да -ни
ч -ида -ш
пачагь
экъецӏ
и
лагь -ана
фадамаз
вуч -и -н
цве -з
алцур -ар -мир
сала
туш
ида -ни
буба -ди -ни
гьадисе
лугь -уда
ам
ахпа.хьиз да
кицӏ
гьа
гала -з
кхь -анва
кьил -е -л -NULL
же зва -ч
муаллим -ди
муаллим
лугь -уда
са
яд
а
хьа -ана
гьич
вуч
куьне
няни хъ -ди
руш
чӏехи
са
балкӏан -ди
лагь -ана
ч -ида -ш
гьелбет да
са
акъат -да
лагь
са
хала -ди
хт -ана
межлис
туш
вуш -да
лагь -ана
вун
лагь -ана
ив -и -з
лугь -уда
ама туш
лугь -уда
ам
им -ни
ф -изва
за -з
са
хьи
къулдур
и
ф -ена
на
за -з
филан
горе
вич -и -н
гъенел
лагь -ана
эвер -ана
ки
вилик
джафер
бес
хта -й -ла
чан
г -ана
гьуьл -уь -н
свас
тир
фе -й -ла
гъил -е -NULL -ни
за
лугь -уда
гила
за -з
лагь -ана
къаравул
пепе -йр -и к -ай
зид
са
са
а
буба -ди -хъ -NULL
г -уз
хьа на
кицӏ
кам -ни
чун
дастан
гьым
ф -изва -й
за -з
иер
къазах
чӏав -ар
гада -ди -ни
такси -ди -з
ахпа.хьиз да
гаф -ар
хьа -ана
са
и
ибур -у -ни
мукьвал
рази
руш а -з
жув а -з -ни
эээ
юкъ -у -з
тир
пачагь -ди -н
гъавур -да -NULL
гада -ди -ни
гьутӏа
илисар -да
автобус
хьи
кӏалуб -ар
аял -ар -и -з
ава й -ла
кичӏе
агат -из
фе -ин
шикил
и
са
качал -ди в ай
чун
чи да
ий -ида -тир
гъваш
хъиж -еда
ну
дуьз
кван
эхьир
ак -ур -тӏа
зи
гъ -ида
вуч
буба
ама -ш
чан
ви
юкъ -у -з
лагь -ана
къвед а -н
жи
гада -ди -з
мина
сонракиз
сарах
кьимет
ибур
хьа на
тӏимил
гала -з
пуд.лагьа -й
а -бур
хьи
зи
къахчу -нава
къажгъан -ар
лагь -ана
хьа на
чӏав -у -з
ала -й -ла
лугь -уз
за -з
лугь -уда
х -уьз
гьагьам
за -з
лугь -узва
ина -й
ат
зу
ибур -у
кицӏ
ана
польша -ди -з
хьиз
и
г -уз
тур
са
лянет
тамаш -из
ма
и
сят -ди -н
аладар на
къе
ида
къв -еда
ахпа.хьиз да
гада -ди -ни
бес
вуна
тек
ида -ни
зун
гада
ахъа
им
кӏвал -е -NULL
гада
туш ир
югъ
ида
авуд -на
лагь -ана
бес а
ф -ида -й -ла
ф -ена
галаз
гаф
лагь -ана
и
игила
чӏав -у -з
сонра
хт -ана
фикирайдалай
кӏан -зава
мад -ни
гьикӏ
мугьарибе
ани -з
мицӏид-тӏвад
а
лагь -ана
им
шиле-куьле
рикӏ -е -NULL
ма
фикир -да -й
и
лагь -ана
иддихат -из
мугьубат -ди -к -ай
эвицӏ.хъуву на
гьахь -на
вун
машин -даваз
цӏуд
лугь -уда
руш
и
йис
руш
ава -ч -из
хьа на
кумаз -ни
худат
лугь -уда
пата -л а й
яда
хьа
хва
гьелелик
рикӏ -е -NULL
зун
гьада
и
и
кьве
гьуьзуьр -ди -н
ф -ена
ада -н
хьа йи
ун
нек -еди -к -ай
патав
къил е -л
ида -н
къейд -на
къвазара
къеле -яр
и
лугь -уда
плотина -да -л -NULL
сада
анал
агъуз
фикир -ди -з
ина -л
кӏвал
гьакӏ
а
алман
немец -ар -и -н -ни
вуч
ярх хьа на
за -л
белке
яру
зун
има
сакӏани
са
гьинватӏа @@@
кӏан
ава -ч -ир -ни
хьа йи
инал
ашукь -ди
ана
лагь -ана
гада -ди
са
луьтквечи -ди -з
ий -из
зенг -на
лугь -уда
ашукь
за
кӏан -зава
лагь -ана
и
са
ив -и -з
къужахтава -з
лагь -ана
мин
руш
винел
а
мурад
гьар
ф -ена
ида @@@
гьар
руш -ни
амукь зава й -ди
чир
пата
бере -да -NULL
мина -яр
ав -уна
за -з
кьил -и -к -NULL
фе -нава
къуш
же зва -ч
граница -ди -з
хьа на
цӏуьлуь
акъуд -на
хъий -ида
пачагь
хкаж.же зва
а -бур
лагь -ана
гада
хва
баки -да -NULL
лагь -ана
руш -а -ни
къвегь -изва
кицӏ
фикир
лугь -уда
за -з
багъиш на
луьтквечи -ди -ни
лугь -уда
гьана
гьада в
акӏ
ф -ена
къулдур -ар
сентябр -ди -з
яхцӏур
бустан -ди -з
булах -ар
вун
ида -ни
лугь -уда
им -ни
ама
мама -ди -з
чна
канивал
са
бес
пачагь -ри -з
стха -ди
алукь на
шумуд
къерар
паекни
ва -з
урус
яд
фад-фад
лагь -ана
за -л
и
жеда -ч
хкер -ла
хъсан -вил -ер
лугь -уда
за
седакъет
вучиз лагьайтӏа
зун
эрмени -ди -н
ва -з
лагьа на -й -ни
пачагь -ни
ава
юкъ -у -з
хьа -ана
яд-затӏ
лагьа -й -тӏа
аладри -з
ва -з
лагь -ана
са
хер
руш а -к -ай
ахпахъизда
чун
алукӏ на
акур
шемседдин а -н
хъф -ин
эвер -да
дугъридан -ни
са
ма
эскервил -е
лагь -ана
гьейет да -л
галукь
ава -тӏа
инсан -ри -з
вич
ахътин
лагь -ана
а
вине -л а ай
ктӏун -ана
лугь -уда
гьейет -да -л -NULL
лагь -ана
фе -нава
за
тамам -ар на
куьч кума -ни
гада
къвалах а -л
ина
гаф -ар
та- хьур -ай
руш
ма
чка
ида -з
чирхчи -р -и -з
юлдаш -ди -н
киши -н зва
къари -ди -з
сергьед да
кӏил
объект -ди -л -яй
тӏвар -ар
гьина
вич -и -н
ахпа.хьиз да
хкв -еда
вич @@@
чна
ибурни
юкъ -у -з
лугь -уда
да
вил -ер -а -л -NULL
куьче -да -NULL
вегь -ида
гьат.тавур -ди
ф -ида
сер -ди -з
ибур -у
ада
лугь -уда
беса
са
диде
кьил -е -л -NULL
гьан а л -ай
галаз
чи
чун
и
икьван
кьве
алукӏ на
ахпа
ама -ч
хьуй
ыы
гьа
ви
пака
ф -ена
и
гьуьл -уь -н
в.общем
са
жаван
мад -ни
ава -з
лугь -уда
ак -ур -тӏа
ихьтин
за
баде -ди -з -ни
гьагъа да -л
гагьат -зава
гьабур -и
ак -уна
муаллим -ди
хьайи -ла
балкӏан -ди -н
да
а -бур
дили
гъ -ана
суфре -яр -ни
балкӏан -да -л -NULL
ну
гьа да -н
лагь -ана
хьайитӏа
йиф -и -з
за
жаваб
ламрал
пат а -з
граница -ди -з
каф
хьи
гьахьтин
пачагь -ди -н
къерех да
вахт
ийизвай тир
г -анва -й
са
гьуьл -уь -н
эхир
за -з
вири
оказывается
жи
са
седакъет
по-русски
иер
кьиса
эчӏир на
вири
бухгалтер
ида
ада
агакь -на
лагь -ана
мизан
ваъ
ида -з
зун
кат -да
хьи
дин -ди -хъ -NULL
хвеши
лугь -узва -й
лагь -ана
стха
лугь -уда
гелкъв на
кьвед лагь -й
турба -яр
туш
жамаат -ди
акъве узва
вац -ра -NULL
ахпа
лагь -ана
ма
са
натаван
балкӏан
сакӏани
акв -ада
чир
хкв -еда
са
йиф -и -з
вич -и -н
руш
имни
гъиш -ни
пара
кӏвач
мад -ни
ам
ида -ни
кхь -енва
лугь -уда
вич и -з
абур -у -з
зи
гуьзел бур
вич -и -н
иер
фирвал
агъи да й
за
кӏан -да -ни
ккӏ
имкан
лугь -уда
литва -да -NULL
кӏватӏ
маса да -з
къейд
аква да -й
ки
лугь -уда
са
ф -ена
буба -ди
ибур -из
а
чун -ни
вак -ар
за
инсан -ар
гьуьл -уь -н
шад
кут -ада
части -н -и -з
муьжуьд
эвер -на
са
за
хъсан
за
гевгьер -ер -и -н
са
лагь -ана
зун
балкӏан
югъ
хьухь
гъваш
чӏалах
за
гьуьл -уь -н
анадыр -ди -з
передовой -ди -з
тӏарамар -на
лугь -уда
лугь -уда
амукь -на
тахтун -а -л -NULL
вичал
къулухъ
мехъерар -да
лагь -ана
терсина
лугь -уда
аллагь -ди -з
лугь -уда
вун
за
истирагьатай -да -л -ай
жуьре
балкӏан -ди
идан
къач -уда
шуьбяддин
бала
вири да
мад
я -тӏа
къач -уна
гьуьл -е -л -ай
гьа.бере да
руш
хуь зва -ч -ир -ни
хьиз
гада -ди -з
гаф -ар
лагь -ана
къам -ни
арадлай
ава -й -ди
фи -ин
шив
лугь -уз
гъ -ана
акъах -да
варц -ар -л -ай
лугь -уда
мама
тухв -да
патал
хьуй
польша -ди -з
вири да -ла ай
ала -й
зи
ацукь а -й -тӏа
кӏарас -ар -ни
аламукьнава
руш
цав -а -л -ай
вахт
гьуьл и -н кӏан -у -з
киши -н -ни
куьтни
немец -ар -и -з
бес
къатк -ана
кьвед лагьай
дуьня -да -NULL
са
ида -ни
зун
за
ак -ур -тӏа
хъий -ида -й
а -бур
и
немец -ар -и -н
за
чна
рекьи да -й
нормально
аял -ар -и -хъ -NULL
кьегьел
чун
эверир.кьван
акӏ
багъишламишатӏани
ваъ
ида -з
же зва -й
ф -ена
ава
шагьвар
лугь -уда
гила
са
и
кичӏе
лугь -узва
къенд -ер
зун -ни
къуьне -л
гужна
диде -ди -н
же зва
са
вуч -и -н
инихъ -ди
ну
са
ала
ша
и
кӏурцӏул -ар
лугьу -ун
лагь -ай -ла
ацукь а -й -ла
гваз
же да -ч
хьу -й
им
мама -ди -ни
ада -з
цӏай -ни
лугь -уда
хьа на
са
гваз
ида -з
инсан -ар
ва -з
фу
лугь -уда
гьа
чан
фе на й
ина
кьил -я -й
ана
пуд
и
эвер -да
ф -ена
лагь -ана
кьил -е -л -NULL
пата хъ
лагь -ана
ахкъач
хьа на
и да
хьи
и
кӏан да
за
муаллим -ди
и
гьикӏ
яргун
пачагь -ни
за
и
застава -л -NULL
тӏарар -да
кьулухъ
тамаш -на
вуч
и
же зва -ш
ва -з
акв -ада
ки
ки
мани
и
за -н -ни
са
ондокъкъуз -ди -з
алат -да
са
гада
область
лагь -ана
кь -уна
ава
пачагь -ди
хьа на
ана -й @@@
им
ун
и
лугь -узва
са
лугь -уда
и да -л
чун
сакӏани
гьеле
ама -ни
экъечӏ -на
гьуьл -уь -н
чун
сонра
хуьр ре
гъалиб
цӏыцӏ
вун
гала -з
ваъ
лугь -уда
кицӏ
хьа на
гьакӏ
вилик
за хъ
чка -ди -з
кӏан -зава
стха
зун
гевгьер -ар -ни
къарагъ -на
г -ана
ив -и -з
яд
луьткве
вич -и
кӏан.хьа -нава -й -ди
фе -й -ла
алат -ана
декьикьа
хьуй
бес
лагь -ана
ва -з
за
вахга -нава
ацукь -на
за -з
ида -н
ф -ена
лугь -уда
кьулухъ
ахъай -да
шив
анжах
уьчуьн
гьайван -ар
жаван
гила
чан
буба -ди
чун -ни
къийи
зу
а -бур
вири
га -й -ди
чан
патакай
гьибур
ва
лугь -уда
на
сев
ашукь -ди
кӏвал -е -NULL
вич
лугь -уда
по
ата -й
гила
лагь -ана
шеъ
хьи
кран
имни
безханум
гъилев а -з
чи
къалур на
хвеши
пушкин
же зва
са
гьам
за
жи
техминен
сонра
ахпадаказ
йис -а -л -ай
ва в
эвер -на
хьа на
чи
ида -з
хт -ана
хуьр ре
ида @@@
эхтилат
тир
кат -ана
лагь -ана
еке -з
чун
къирех -ди -з
лагь -ана
ибур -у -з
са
халкь -да -л -NULL
хв -ена
лагь -ана
фе н -ун
за хъ
югъ
лайих
цӏуд
гьар
кьуьзуь
кьиса
вич -и -н
и
инсан -ар
ак -ур -тӏа
за
ва -з
йетмиш
крар
ци
гьа
садра -ни
аку
гьамам -да -NULL
дербент -ди -н
хьа на
икьван
бес
ибурни
диван -ди -н
вуч
ибуру
чи да
а
жи
кат -да
мукьва -л
гьаа
ки
гагьат -на
ибур
ван
кӏан -зава -й -ди
гьикӏ
эхир -ни
кар
зи
ашкъи -ни
кьуд-вад
хьи
чи
лагь -ана
лугь -узва
мертебе -да -NULL
гьинватӏа @@@
са
бес
дарман
ам
кицӏ
зун -ни
ф -из
асул
жуваз
чун
чан
дастан -ар
ях
бебир
кӏан -зава
вегь -ена
бес
лагь -ана
за -з
инсан -ри -н
хт -ана
худат
са
тахьай -тӏа
къач -уна
эгекь ай -ла
гьада
лугь -уда
гьа
къапина
оператор -ди
фикир
афия
а
вун
туькӏуьр ай -ла
и
куьмек -да -тӏа
артух
ибур уз
зун
эскервил -и -з
юлдаш -ар -и -к -ай
кӏан -у -з
гьинвайди
ихьтин
гьуьл -уь -н
лагер -ди -з
гада
лагь -ана
вуч -и -з
хъв -ана
руш
ам
ама
калтуг-гагьат
ахпа
лугь -уда
чун
кӏвал -е -NULL
руш
къвалах -ар
гьужум
хьа
яхцӏур
ак -уна
дуьз
са
ав -уна
ча в
а
чил а -л -NULL
чир -на
земляк
сутка
кьве
вуч
яда
г -ун
ктаб да
американ -яр и
диде -ди -н
ф -ена
гьам
вун а
ша
има
гьуьл -уь -н
гъ -ида
за -з
югъ
т -мир
ковш
рекь -ер
демели
гада -ди -н
ярх.хьа ай
гьи-гьин
ялама -ди @@@
за
ана -й
кьве
хьа -ана
и
пуд
ф -ена
лугь -уда
къач -уна
эхирни-эхир
рук -ар а -й
за
бес
ий да
хер
аладрайтӏа
аладар -да
къачу
лагь -ана
ци
фи- да й
седакъет
ахпа
зун
хъф -ена
багъишламиш -зава
чун
сада
чӏулав
элкъв -еда
и
фе нава -ч
луьтквечи -ди -з -ни
зак а -й
иникъ
безханум
са
лугь -уда
кь -ада
вине -л
тӏ -уьна
лагь -ана
куьне
кузнечик -ар
гъил -и -к -ай
хъиж -еда
буба -ди
вич -и -н
пенжер -е -NULL
отдыхат -из
хъф -ена
им
ма
вуч
жаза
ама -ни
са
тӏвар -ар
нян -и -н
высоковольтный
къв -езва
чи да
цӏувад
къени -вал
цӏийи
иер
ф -ида
хъсан
кь -ада -тӏа
винел
а
патав
в
сонра
вич -и
кут -ада
гевгьер -ар
буба
жув а хъ
хва
хьи
мес -е -NULL
буба
юкьв -а -й
ф -ена
за -ни
гьалт на
яр
и
шикил
лагь -ана
лугь -уз
катна ва -й -ди
цӏурцӏа зва
хт -анва
же зва
фе -й -ла
и
туш
чун
саламат
са
къарагъ -да
ибуру -н
ида
палкан
ф -ена
жува -з
фин
и
дин
гат -ана
лугь -уда
пака
агь
безханум
гьар
хьуй
зун
уьчуьн
лугь -уда
кӏан -да
гъил -я -й
тир
экуьн -е л -ди
ахпа
чна
хьайи -тӏа -ни
акв -азва -й
зун
анжах
мад
чна
кь -ада
балкӏан -ди -н
зи
лугь -уда
конечно
гала -з
цӏуьлуь
са
луьткве
ада
шикил
къач -уна
пачагь
за
бес
ина
и
х -адалди
дяве
кабинка -да -NULL
нефер
жаваб
мад
ахвариз.фейи -ла
акв -азва
элкъв -ена
ам
магаданский
хьу -рай
вилаят -ди -з
элягъ -на
гьин
са
лугь -уда
агь
са
ф -ена
ат -ана
хейли
и
вич -и -н
хьа на
ча -з
миллет
цве -з
польша -да -й
гьуьл -уь -н
жени
а бур а -л
сувар -и -н
ваъ
регьет
эрекь
ахпа
тир
агакь -ар да
руш -а -л -NULL
купча
хьи
певица -яр -ни
яни
эдалет
хкв -еда
а
садан
чун
хьи
лагь -ана
акв -ада
г -узва
куьмекар -да
г -узва -й
вахт
акъуд -на
и
ф -ида
кӏвач -а -л -NULL
зу
лугь -уда
хуьр ре
са
хьухь
чукотка
лугь -уда
руш
гьикӏин
квез
хер
вац -ра -NULL
афия
лагь -ана
са
кӏвал -е -NULL
вич -и -н
ахпа
а
жаваб
винел
хьайи -ла
ва
уюн -ар
хьа -нава
са
лугь -узва
руш а -к -ай
фидин
хв -ена
гьарай
гила
ава
вун а
лугь -уда
ф -из
кхьа на
лугь -уда
вири
ада -л
хьи
хъсан
юкъ -у -з
ки
запис -ар
гьайван -ар
бес
рехъ
лугь -уда
хъий -ида
тир
лагь -ана
ахъай -зава
хъсан
ама -ч
ф -изва
гьикӏ
хьа на
вун
хьа -нава
и.арада
патака ай -ни
ибур -уьн
тир
гъил -и -н
а
ча -з
ат -ана
гьеле-меле
къач -уна
вуганва
ада -н
лагь -ана
метлеб
ф -ена
идани
жеш
кь -унва
са
лугь -уда
ярар дуст -ар -и -з
лугь -уда
пачагь
яр
вири да
папа -з
лугь -уда
сад -ни
чӏав а -л -ди
гьа
гада
ама й
куд -нава -й
башламиш -на
рук -ар -и -з
и
гъил -и -к -ай
эвецӏ -да
ва -з
има -ни
лагь -ана
и
гьан -и -з
кьиса -ди -н
зун -ни
ина
гала -з
вун
буба -ди -з
гада
газет -ди -з
кутӏур
и
акван
ки
за -з
са
и
а
гьада к ай
хъсан
г -уда -ш -ни
марф
кӏевиз
чна
тахтун -а -л -NULL
дуьз
оператор
за
за
лугь -уз
лугьу да -й
са
руш а -н
хьур ай
азербайджан -ни
папа -з
къеле -ди -н
гъиш -ни
туш
хьа -нава
мектеб -ди -л -ай
вун
пара
ацукьарна
и
къагъ -ана
чпин
куьтях -на
ви
цехер
мухох -да -й
ат -ана
лагь -ана
дуьмуьш зава -ди
къач -уда -ч -ни
гьарайзу
кьил -и -хъ -NULL -ни
белке
гьамиша
ван
туш
кагъаз
гьарад
таран
кь -ада
зун
лагь
са
служит на
им
кӏарас -ар
кичӏе зва
луьтквечи
зун
военный
лагь -ана
агакь -на
яхцӏур
сад
отпуска
за -з
мугьарибе
юкъ -у -з
лагь -ана
фикир на фикир на
илисар -да
сефер
пачагьвализ
лугь -уда
яр -ди -з
аял -ар
лагь -ана
лугь -уда
къал ай
чун
сад
гаф -ни
алукӏ -да
и
мад -ни
дерд -и -н -ай
юкъ -у -з
шей
вил -ер
къен
ча -з
вич -и -н
сарах
яхцӏур
руш
седакъет
зун @@@
гьуьл -уь -н
пара
гъ -ин
зу
и
аква -ин
ф -ена
къач -уна
бес
кьулухь
шей
чна
вуч -и -н
за
и
пачагь
мина -яр
гьикӏ
гьамам -да -NULL
чи
тӏвар-ван
ун
ва -з
руш а -н
кӏвал а
хуьр -уь -з
хъая
бере
лагь -ана
ав -уна
лагь -ана
за -з
мурдар
вири
хъийи -з
чна
газет -ди -н
ана -й
лугьу да
ама
гьим
и
за
гьам
пад
зун
отпуска
экъв -езва -й -тир
г -уда
а
ви
им
ягъ -ана
ида -ни
балкӏан -да -л -NULL
хъсан
вич -и -н
хъ -ада
ив -и -з
гьуьл -уь -н
хьи
и
гу да -й -ла
и
кут -ада
тӏ -уьна
ваъ
вич -и -н
ва -з
лагь -ана
багъиш на
купча
за -з
г -анва
рекь -из
вири
хьи
ава й -ди
хъфе -нава -ч
са
гаф
сад.лагьа на
ф -изва
балкӏан -да -л -NULL
лугь -узва
и
ам
немец -ар -и -хъ -NULL
чи -з
хт -ана
ина -л ай
ва -з
немец -ар
ат -ана
и
сакӏа -ни
тхв -ана
руш а -н
а
и -м
жува -з
икьван
зун
къв -езва -й -тир
ава -ш
чка -да -NULL
хкве -р -ла
кан -зава
кьумек -ар
ава -й -ди
самур
гьат -на -ч
гьан
къач -уна
абур -и к -ай
чинеба
ак -ур -тӏа
чи
гьалт на
десте
пачагь -ди -н
г -ана
рук а -н
аял -ар
балкӏан -да -л -NULL
эхир
капаш
хьир
жаза
чуьхуь -из
эхъве на
чи да
лагь -ана
куь
сад.лагьа на
лагь -ана
лагь -ана
жемят -ди -з -ни
лагь -ана
са
гаф
къвазара
буба -ди
экъецӏ -на
ава -з
чна
регьмет -ди -з фе на
кьил -е -л -NULL
вич
акв -азва
лугь -узва
бес
вутӏ
г -ун
экъецӏ -на
рикӏ -а -л -NULL
шумуд
чка -д -л -яй
зун
лагь -ана
иви
хьа -ана
пара
вич -и -н
ат -ана
гьа
хьа нва
вун
башламиш -да
кван
чир
муькуь
тир
гьуьл -уь -н
гада
фасон
значит
стха
бес
саягъ
лагь -ана
патак ай
хкаж.хьа на
бере -да -NULL
кьве
къуллугъ зава -ч -ир -ни
лугь -уда
луьтквечи
яргъай
руш
акъах -на
хер
са
чка
кь -уна
йетмиш
тир
ак -уна
ф -ида
лагь -ана
патав
за -л -яй
ибур -ни
гьа
ша
ахъа -й да -й
хьа на
ф -ена
югъ
и
са
гьаниз
хсуси
ибур -у -з -ни
им
куьч-кума
туш
са
вуч
гила
ахъай зава ай
хъф -ена
инсан -р -и -к -ай
нур
хьухь
зу
американ -яр и
лагь -ана
дар да
кӏалуб
са
гу да -й -ла
вич
мици
ви
буьркьуь
бала
буба -ни
акъат
лугьу да -й
динжар -на
хъел
физвайди
вири
къулдур -ар
лугь -уда
акв -азва -ни
ават -ана
ана
а
материал -ни
лугьу да
чӏавуз
раз
кӏанай
шуькӏуь
ам
винел
тамаш -из
и
балкӏан
я зва
амукь -да
хуьр -уь -з
ша
юкьв -а -й
ат -ана
же да -й
игила
вили
кьве
са
лагь -ана
вун
кӏан а
ф -изва
ви
и
цона
гьикӏ
гада -ди -хъ -NULL
бес
исабала -ди
кьин
по-русски
мад
шехь -ана
т -ада
эгьтибарсуз
исят да
кӏан -у -з
хьи
муькуьбур -у -ни
ахпа
гьадисе ни
къач -уда
къенфет
чун
шагьдагъ -ди -н
ина
кӏарас -ар
кьве
кӏарас -ар
вири
и.ара да
гьикӏ
гвай -бур -у -н
шеъ -ни
и
къери
вак
ма
шеъ
са
чан
сад а -н
вири
аладар -да
т- ав -унва -й
ава -й
пепе
акӏ
яр -ди -з
тучир
и
лугь -уда
аял
зун
за
туш
са
лайих
квека й
а
а
хьа на
нуьмре.къве -з
им
ара да
акъат -на
авур -ла
лагь -ана
къванж а -л ай
къачу
хьуьруьнви -йр -и -з
вуч -и -н
ф -ена
ав -уна
кьин
ашукь -ди
гила
вах -вал -ни
къерехда -л
са
бала
руш
къазанмиш -из
вич и -н
къ -уна
са
азербайжанли -яр
ида @@@
лагь -ана
кӏвал -и -з
вич -и -ни
къваз -на
са
лопатка
инай
та- г -ана
же зва -ч ма
ну
къач -умир
ваъ
руш
фу
ахпа
и
рехъ
вири
чна
таран
им
фу
вахт
за
кӏан -да -ни
чун
стха -яр
чун
луьтквечи -ди -з
а -бур
месела
кьве
гва -з
ида -ни
лагь -ана
икӏа
саат -ди -н
хъсан -ди к
лагь -ана
хьа -нава -й тир
ибур
арада
хьа -ана
кут -уна
ва -з
куьтях
ий -ин
газет -ди -з
руш а -з
повреждения -р
зун
башламиш -на
балкӏан -да -л -NULL
аяр бур
г -ун -и -к -ай
лагь -ана
хьу й
гъил -е -NULL
гаф -уна -л -NULL -ди
баки -да -NULL
гаф
атана.агакьда
ат -ана
и
зун
вуш
гъ -ана
чна
алуд
ида
рессам
ала
тухурла
вун
ки
цӏыцӏ
амукь -да
сувар -и -н
къалур зава -ч
къерех -ди -з
лугь -уда
чип -и -н
ф -изва
ала -й -ла
ат -ана
солдат -ар
хьи
куьмек
гьана -ни
аваридиз
пачагь
хьа на
гьиниз
вун
вич -и
катдай
авария -ди -з
га -ана -ч
лугь -уда
пул
пачагьвал -да
тапарар -мир
а
лугь -уда
юкъ -у -з
хьа на
ахпа
ацукь -на
патав
х
са
эхъве на
вуч
аял -ар -и
хкадар -да
балкӏан -да -л -NULL
зун
хьуй
къуш
иер
же зва
интересный
кӏвал -ар -и -з къар -и -з
зу
лугь -уда
ибур
къатка -нава
ки
ибур уз
зи
жен
руш
руш а
хуьр -уь -з
комиссоват -на
рази
ахъа -й зва -й -ди
жеда -ч
безханум а -хъ -NULL
ви
гьаджи
эциг -да
тӏвар
къарши -ди -з
шей -ни
лугь -узва
чна
лагь -ана
вич -и -з
же -мир
муаллим -ди -з
кицӏ
гада -ни
хта -нава
эвве
кӏан -да
гьам
ча -з
лагь -ана
экъецӏ
руш
къвед пуд
балкӏан
чукотский
баде -ди -з -ни
чибриз
ида -з
зун
девлет -ар -и
за
лагь -анва
руш
кьуд а -з
безханумаз
лагь -ана
тушир @@@
паспорт
чна
американ р и
ида -н
кӏвал -и -н
назад
има @@@
ругь -ди -з -ни
вилаят -ди -з
ки
лугь -уда
хьи
и да -н
ча -з
къач -уна
гьайван -ар
юкъ -у -з
лагь -ана
ана -й
вилик
за
къарагъ -на
баки -ди -з
чна
къулухъ
значит
къахч -уна
ва
лугь -уда
лагь -ана
чан
пара
лугь -уда
чка да -л
ижаза
кӏан -зава
гьаят -да -л -NULL
кьил -я -й
хкадар
пек -ни
и
кӏан -зава -ч
зи
ина -ни
къ -уна
вич -и -н
итем -ди -з
вутӏ
хьир
же зва -ш
пачагь
алцурар -да
ахпа
везир -ди -з
агь
немец -ар -и -хъ -NULL
пачагь -ди -з
и
хьа -ана
тир
нуьсрет
къв -еда
руш а -н
къван
шеъ -ни
кювет -ди -з
кве в -яй
я -тӏа -ни
рекъ -е -л -ай
ив а -н
гьи
пачагь -ди -з
балкӏан -да -л -NULL
хъсан -ди к
гада
хва
за
луьткве -да -NULL
г -узва -й
лугь -уда
за в -яй
кӏвал -е -NULL
уже
ча в
тагиев а
ф -ена
куьтях
яд
са
имни
лагь -ана
дагъ -лар -и -л -ай
ак -уна
гевгьер -ар
саат -ди -н
ида -ни
а -бур
виликай
вообще
кьве
инихъ
седакъетли
сонра -ни
агь
руш
югъ
самур
ида
буба
гьязим
са
алифб -ар -а -л -NULL
и бур
бес
руш а
гьуьл -уь -н
хара -да -л -NULL
гъил -я -й
дуьз
ам
са
рикӏ -е -NULL
ф -ида
руш
патав
къазах -ди -н
а
негъе
акъуд -зава
зи
эвеца
ава й -ди
атурай
сонра
кьвед лагь -й
хкадар -зава -й
и
бес
гъил
чан
чун
галама й
дастан
ял
безханум
лагь -ана
имни
хьайи -тӏа -ни
гьакӏа
за в
хьа на
ма
хьа на
хьуй
са
аламукьнава
квез
чан
чун
хуьррем
гада
гагьат -на
рекьи да -й
пачагь
и
концерт
я -тӏа
ада к ай
халу
талыш
лугь -уда
са
угъурсуз
лув.гана
кь -ада
ф -енва
ма
къав -ар и -ла -й
и
лугь -уда
и
иеси
паб
ама
гъил -я -й
зу
эхир
фад
хкве -р -ла
руша
гьа.бере да -ни
кь -ена
ахъй -зава -тир
лагь -ана
и
ина
икьван
ат -ана
гьава
ма
илис -ана
акв -ада
иер
муаллим
идан
и
югъ
хъув -уна
тахтун -а -л -NULL
къач -уз
ча -з
шумуд
юлдаш -ар -и
накьв -ар
къвед ай
кӏан -зава
зун
жув а
акунгаз
ф -ида
ам
къул -а -NULL
кан -зава
руш -ни
гевгьер -ер -и -н
зун -ни
пачагь
гьикӏ
инсан
зун -ни
чукур -да
йиф
югъ
бес
ахпа
кицӏ
галаз
вахг -ана
са
акъадар -на
вад
граница -яр
нян -и -н
вири
ихьтин
эрзе
кьакьан
кӏан -да -ни
зи
ана -й
ханум а
диде -л -ай
рус
кицӏ
хьа на
хьа на
ибур
руш а
хуьр -уь -н
этибар
къв -езва
за
арадай
рук а -з
кь -уна
къачу да -й -ди
гьаят
ахпа
агакь -да
гьа на
куь
акьван
турба -яр
диде -ди
вич и -з
жаван
кьил -е -л -NULL
акъудир
хта -нава
ат -ана
акъат -на
ада -н
ви
гьа
жув а
муькуьбур -у -ни
хьа йи -ла
зун
ахпа
лугь -уда
гьа-гьам
чан
ина -л
рази
хьиз
ана -й @@@
къуьн -е -л -NULL -ни
гьуьл -уь -н
вич -и -з
кӏвач
лагь -ана
егье на
сада
пилте
чи
вахт
амал -ди -в -NULL
жуьйуьр
район -ди -з
виня -й
гьабур -ни
ча -з
кичӏе
чун
хьа йи -ди -ла ай
къвалах зава
завай -ни
за
чун
икьван
са
чи
га -й да -л ай
граница -ди -з
ф -ена
зи
ф -ида
цвез
чун
@@@ да -л -ай
ф -ена
сагъ -ар на
къугъв -ни
са
гьада -ни
ида
къвед-пуд
элягъ -на
гъ -ана
руш
са
лугь -уда
же зва
кьил -е -л -NULL
эвицӏ.хъийа -на
куьмек -ай -ди
ибур -у @@@
ихьтин
вилаят -ди -н
гьахьтин
ибур
гьавайи
жув а
къв -еда
тир
зун
лагь -ана
дакъикъа
руш
амни
ки
гьикьван
ча -з
гада -йр -и -з
ят -ар
и
кицӏ
цва на
йифиз-юкъуз
руш
баку да
ама -ч
кутӏ -уна
са
чи
хьа на
0ӏ
чун
ахпа
иер -ди
лугь -уда
а да -з
лагь -ана
анаг
акв -ада
мехъерарна
ацукь -на
ша
тунва
бере -да -NULL
я @@@
кӏватӏ -зава -й -ди
юкъ -у -з
им
зун
накьв
г -анва
сонра
къач -уна
лугь -уда
кут -ада
вун
лугь -уда
вич
ша
гьабур -у
ава -з
хьа -ана
хьа на
лагь -ана
ат -ана
хьуь -из
пачагь -ди -з
ката -й -ди
жибин -да -ай
зун
снег
ида -н
анжах
ам
тас
ава зва
зун
бацӏ
са
къерех -да -л -NULL
хуьр -уь -н
безханум
кӏан -зава
лугь -уда
ам
гъ -ана
стха
руш -ни
лугь -уда
къгъа нава
ава -й
ки
вутӏ -ана -тӏа -ни
са
лугь -уда
гевгьер -ар
явашдак
рехъ
са
и
гада -ни
къв -еда
гьи
чая -р
фикир -да
и
къерех -ди -з
ва -з
ама
лагь -ана
ани хъ
зун
им
ибур -и -н
дуьз
пака
рази
зун
акв -азва -ни
акъадар -да
са
ава -й
мехъер -ар на
гада
ала -й
тир
акьах -на
кь -ена
мугьарибе
за
ни
гьагь
туш
ида
базар -ри -з
адаз
са
сер -ди -з
ада в
балкӏан -да -л -NULL
себеб -ри -к -ай
ханум а
лугь -уда
лагь -ана
зун
сегьне -да -NULL
хьа -нава
са
хьа на
шикил
за
вак
яр -ди -з
буба -ди -з
тир
вич и -з
агакьара
куда
ф -ена
вуч -из
рекъ е
самур
журналист
гва ай тир
фикир -да
чна
гьижран
хъв -аз
вичин
мама -ди -з -ни
ибур -у @@@
йит -ар
гьа
лугь -узва
агъ -ана
гада -ди -н
бес
тапарар зава -тӏа
ахку на
истикан
руш
ша
ци
гьикӏ
гъ -ида
лугь -уз
гьафте -да -NULL
экъецӏ -на
я тӏа
жаван
буьркьуь
вил -ер -а -л -NULL
гада
кӏарас -ар
чан
ф -ена
же да -ш
йашамиш -зава
ахъай -да
диде -ди -н
рикӏ -е -NULL
зун
вуч -и -н
и
са
шуькуьр
самур
гаф
къеле -ди -в -NULL
са
им
ашукь -ди
гада -ди
кь -уна
вичин
а
сад
ккӏ
зун -ни
лугь -уда
валлагь
дуьз -вал
чӏехи
лагь -ана
гаф
суьгьбет
зун
тхв -ана
муаллим -ни
лугь -уда
азербайжанлы
яр
ак -ур -ла
яшайиш
къваз -на
вахт -ар а
буй
чаз
ама
са
чун
свободный
чка
винел
кь -ена
чна
ибурузни
а
лагь -ана
гъил -я -й
ацукь -зава -ч
и
а
сев -р -хъ -NULL
патай
халу
са
йиф
рахк -уда
гада -ди -в -ай
пачагь
балкӏан -да -л -NULL
и
и
балкӏан -да -л -NULL
гада -ди
тхв -ана
лагь -ана
хуьр яй
жаза
бес
лугь -уда
къазахстан -да -NULL
мехъерар -да
ибурни
жер
иеси
ак -уна
къуьн е -л
тавур -тӏа
алим -ри -н
гада
лагь -ай -ла
вун а
лагь -ана
безен
дуьнья
гада -ди -ни
хьа на
ва
къванж -и к ай
зи
кӏватӏ
кицӏ
це
докъкъузюз
ван
эрзе
ими -ни
жаза
туш ир
ацӏур -на
пара
чубан -ди -н
кӏватӏ
ф -ена
акъах -на
лагь -ана
руш а -н
кьуьзуь
чи
севда
ат -анва -й
лугь -уз
ида
экъв -ена
къизил
ф -из
гъ -ида
кӏан -зава
лугь -узва
севастополь -ди -з
гьи
хванахво
хьа -ана
ава
ам
и
зун
са
хъувур
жув а
буба -ни
гила
къерех ай
гьуьл -уь -н
фе -й -ла
гьал -ар -и -к -ай
лагь -ана
къачихъ
ф -из
кьве
ахпа
ви
конфет -ди -л -ай
за
са
ама -ни
лугь -уда
ида -н
зи
зун
и
хьи
ки
вил
кӏан -зава -й
польша -да -й
йиф
ида @@@
гьи-гьин
же д -е
къеле -ди -н
икӏ
гьуьл -уь -н
за -ни
са
алцурар -да
ун
яхцӏур
жагъи зва -й
а
яратмиша
экъецӏ -на
гъ -ана
операция -ни
гьуьл -уь -н
мад
жемят -ди -з -ни
шикил
хер
и да
шей -ни
гада -ни
жамаат -ди -н
пуд
экв -ез
эхир
рук а -з
гада -ди -хъ -NULL
гада
за -з
къв -еда
палкан
ак -уна
чпин
хер
гевгьер -ар -ни
польша -ди -з
ани -з
и -м
лагь -ана
галаз
юкъ -у -з
ахпа
хъсан
ят -ар
эциг -нава
зун
стрела -ди -н
гьайван -ар
гъил -я -й
фикир -ар @@@
идаз
чун
патаг
самур
незначительный
исят да
жагъур на
кьве
и
ки
ки
килиг ай -ла
ида -з
кӏурцӏул -ар
вири
лугь -уда
и
ф -ена
лагь -ана
баки -ди -з
кь -ена
ну
галаз
ковш
вич
кицӏ
акъатайди
вад-ругуд
чара
а
ава
има
кам -ни
ам
застава -да -л -NULL
нагьахъ
саламат
иеси
зун -ни
инал -ни
шумуд
хк -езва
къв -езва
лугь -уда
къуш
кӏвалах
я -тӏа
хьа -нава
за -з
лугь -уда
девлет
хер
лепе -яр
гьат -на -ч
ун
кӏан -зава -й
гада
ки
лугь -уда
вич -и -з
г -уда
йиф -е -н
ина
жаза
терези -ди -н
къен я й
ат -ана
чи
эчӏир -да -й -тир
хьу на -л
принцип -ри -з
и
зун
гада -ди -з
кӏвал -е -NULL
лугь -уда
икӏ
агат -на
вич -и -н
къе
лайих -ди
меденият -ди -н
кьве
лагь -ана
гьич
ф -ида
диде -ни
ибуру
ма
гада -ди -з
а -бур
тек
зун
хъсан
ахпа
эвлендирмиш на
тир
чун
хьиз
ана -й @@@
лугь -уда
цӏай -ни
за -з
исят да
за
рессам -ди -з
лагь -ана
я -ни
фе на й
са
ахпа
им
анжах
мектеб -да -й
хьи
зу
хьа на
руш
руш -ни
лагь -ана
тур
вич
ахпа.хьиз да
экъечӏ -на
вич -и -н
жаза
пачагь
са
ахъай -зава
имни
мейил
къваз -зава
ив -и -з
фи -зава
ф -ена
ун
гафар -зава
балкӏан -ди -н
галукь
кӏвал -е -NULL
ви
ча -з
характер
кь -ада
гада -ди
немец -ди
ида -з -ни
же зва -й тир
зун
кицӏ -и -з
зун
фу
асвальт -да -л -NULL
сада
лугь -уз
ваъ
ава -й
ашукъ -ди
хъсан
разивил -ер
вилик
гада -ди -н
гьада -л ай
ма
кӏанчӏ -ина -л -NULL
хуьр ре
гевгьер -ди -н
лугь -уда
гьагьа
са
вуч -и -з
и
гада -йр -и
интернет
гьутӏа
юлдаш
ичӏи
лугь -уда
фикир -ар @@@
эвеца
хьа на
лугь -уда
тӏвар
за -з
ан -яй
хьи
арадлай
ахпа
ида
гевгьер -ар
ида @@@
руш
лагь -ана
ччувуд -ни
руш
ибур
це
чка -ди -л -ай
гьуьл -уь -н
кӏан да
линия
накьв
руш
хьа -нава
лугь -уда
ат -ана
за
шив -ди -хъ -NULL
арадлай
жув а -з
тӏва
иер
патакай
санал
ки
яру
и
гьа гьа да
фикир -ар
руш
гьуьл -уь -н
ч -изва
чка -ди -к -яй
пепе
бигьуш
и
ма
и
кума
хьухь
ша
зун
ак -ур -тӏа
же зва -ч
бина
чун
ак на -ни
ахъа -й
тир
кьадар
вун
и.ара да
хт -анва
гьа да -н
геодезист
концерт -ни
чубан -ди в -ай
це
седакъет
къв -еда
ата -й
ида -з
кӏан да
тухв -да
суьгьбет да
ама
гада -ди -ни
ав -унва
случайно
ибурун
эвер -да
ви
зун
боеприпас
вине -л ай
ала -й
ну
лагь -ана
хьи
военные
къулдур
г -ана
бахширвал
ава
лагь -ана
вич
сен-аллагь
на
яхцӏур
ина -й
гьаа
луьтквечи -ди -ни
катдай
им
диде -ди хъ
гьикӏ
тӏимил
кӏвач
къерех -ди -з
дастан -ар
халкь
инсан -ди -хъ -NULL
гьаят -ди -н
га -ана -ч
лагь -анва
гила
цуьлуь
гьа
лагь -ана
кицӏ
къе.йиф -из
ки
чун
свас
жемят -ди -з
дуьз
чка да -л
ава -й -ди
руш
ибур
и
зун
туш
къапу
фейи -ла
мад -ни
хырдалан да
сырой
къарагъ -на
игила
сонра
там
зак ай
гьабур -и к -ай
седакъет
гьакӏ
эхьир
за -з
хъф -ин
за
гуьре
чун
ааа
ов
хкер -ла
яран
гъил -я -й
ихьтин
бес
инал
ам -азма
чӏехи
лагь -ана
гада -ни
гьамам -да -NULL
гъил
ф -изва
хьи
мугьубат
лугь -уда
хьа на
лагь -ана
экъечӏ -на
экеч а
гьадисе ни
кӏвал -е -NULL
дуьз
лагь -ана
каспи -ди -н
лугь -уда
лугь -уда
сад
ф -ида
лагь -ана
история
ат -ана
хьуй
порядок
са
яхцӏур
за -з
гьа
дамах -ар на
гвай
ида
зи
чӏал -алди
иер
ама
ана -й
маставай
руш -ар -и
хьи
руш
чан
ат -ана
лугь -уда
хталахъ -ди
ну
сонра
хт -анва
вич и -з
гада
за -з
ахъай -зава
хьайитӏа
пачагь -ди -з -ни
сонра
зунжур -ди -в -NULL
хкв -еда
гьуьл -уь -н
ибур -уьн
ава -й -чир
мад
ва -з
мукьвал
ч -ида -ш
кь -ада
сад
ида -ни
кас
гьа
куьтягь.хьа на
къачу да -й -ди
гъ -ана
россия
фин
ибур
зи
гьайван -ар -и -н
чи
буш
лугь -уда
ава -з
шив -ре -хъ -NULL
ида
къари
кьимет
зур -ар
чай -ди -з
къерех -ди -з -ди
шей -ни
ий -изва -й -тир
агъзур
же зва -ч
къв -езва
ат -анва -й
къвед-пуд
цай
за -з
ыыы
яд
хьиз
а бур -у в -яй
инсан -ар
руш
тӏвар -ци -з
гьа
вил -ер
кавалерар
ибуруни
хьа на
лагь -ана
пӏуз -ар а -л
фин
къач -уна
лугь -уда
сад лагьай
и
чун -ни
вич и -з
ида @@@
вич -и -н
ада
лепе -яр
яхцур
белке
бирден -ни
лагь -ана
гила
лугь -уда
ав -уна -ч
экеча
жедач
вири да -з
лагь -ана
шей -ни
зун
лугь -уда
гьетта
къунши -да -л -NULL
и
хвеши
йедди -ди -з
лугь -уда
чая -р
за
ругь
чна
ават -ана
фикир на
саниз
гьафте д -л -ай
хьуй
лугьу да ай
зун
къ -уна
ааа
лугь -уда
лагь -ана
къизил
жаза
са
хкве да й
за
гада
гьич
туш
белке
лагь -ана
ихьтин
чан
акъуд -на
чна
са
шуьбяддин
но
вири да -н
зи
руш
тир
чун
гъил -я -й
баде
за
яран
вилаят -ди -з
диде
лагь -ана
кицӏ -и -н
тир
зун
чун
къач -уна
тавур -тӏа
шикил
жуьйуьр -ар -ни
рази
зак а -й
чна
луьткве -да -NULL
кӏурцӏул
кӏан -зава
им
абур -у -з
а
ат -ана
ава зва
ф -ена
и
руш а
кьиса
ий -изва
кӏан -зава
межлис
тфенг -ар -ни
къачихъ
чи
хабар -ар
са
кӏан -зава
хьа на
къахч -уз
гваз
куьтях
халу
ава -ч
мелим -ди
за
кхьа на
дуьзар -на
гила
кӏвал -и -з
за
хкягъа
лугь -уда
бере
лагь -ана
хъфе -й да -ла -й
ихьти -н
агъ -ана
инсан -ди
лагь
са
лагь -ана
лугь -уз
зун
г -ана
зун -ни
лугь -уда
ат -ана
гьакӏ
и
ягъ -ада
элкъв -ена
хьа на
чпи в -ай
а -бур
адет -ар
хуш
ч -изва
чи
вич
ахъай -да
алад
ваъ
иеси
эгекь ай -ла
ахпа
акъах -на
туш
винел
яд
зи
лугь -уда
гъанва
аку
ма
чун
кӏан -зава -й
вун
межнун
за
хтул -ни
и
кьил -е -л -NULL
кӏар
и
г -ана
ки
ама й -ла
ӏ6
кӏадар
гуд-гуд
и
балкӏан -ди -н
гьам
бебир
за -з
ий да
хуьр -у -з
кь -уна
ката -й
лугь -уда
накьв
ф -из
яд
хьа -нава -ди
я -тӏа
галкӏ -анва
къуват
зун
она.гуьре
и
ви
ктӏан
лагь -ана
лугь -уда
балкӏан -да -л -NULL -ни
галаз
америка -ди -н
саниз
лагь -ана
са
йикъ а -л -NULL
ада
гила
жи
има
лугь -уда
рушан бур
чун -ни
ван
был
пачагь
цуьн -и -з
гада -ди
муькуь
шуькуьр
лугь -уда
вич и -з
ат -ана
лугь -уда
сергьед -да -л -NULL
тамаш -на
ва -з
и
са
чаз
гуржистан -ди -з
вун а
зу
г -уда
лугь -уда
лагь -ана
къиямат
вун
буба -ни
вун а
кьве
тамаш
лагь
4ӏ
ашкъи -ди к -ай
са
сагье -ди -з
и
ина
лагь -ана
ахъай -на
са
ида к
вич -и -ни
руш
и
хьа на
тир
ават -ана
къерехда -л
йис -и -з
и
са
гьа
ша
къерех -да -NULL -ни
мегьрибан
зун
стха
свасни
икьван
лув.гана
вун
лагьа -нава
гелягъ на
американ -яр и
гада -ди -ни
хъф -ена
сегьне -да -NULL
а
ракъайтӏа
гьа
ина
шей
лугь -узва
ф -из
са
застава
ала й
хьа -ана
паб
хир
шуьше
аладар на
вун
са
за
элкъве -из
инсан
кӏан -да
ооо
ава -ч
г -уз
самур
кь -ада
са
пачагь
ида -н
чи
йаймиш на
диване
ибур
фидамаз
т- ав -унва -й
хьухь
кьвед
чан
шап -на
гьана
за -з
жаван
н -ез
хуьр -уь -н
руш -ар -и -н
кӏан -зава -ч
мелим -ди
уьлуьхъар -на
яхцур @@@
жагъур на
эйиб
къван
ма
сен
яц -ар
ша
ида
кьил -е -л -NULL
за
кьуьруьдаказ
накьв
кӏвалах
къаравул
телефон -ар
садни
хъсан
ат -ана
агакь -ар на
г -узва
аку
минут
и
руш а
совет -ди -н
чуьгъвена
сонра
руш
гала -з
гада -ди -ни
ада -з -ди
и
сагъ.хьурай
тар а -NULL
зун
лугь -уда
зи
михьи -вал
совпадение
ша
ф -ена
джагьан
ф -ена
пепе
лугь -узва
кӏан -зава -ч
териф
ун
за
фи зва -й
хуьр -уь -н
тир
пачагь
лугь -уда
ана
гада -ди -ни
ахьтин
тахтун -а -л -NULL
себри
ма
яхцӏур
ак -ур -тӏа
кӏвач
ви
он
ам
алата -й -ла
жи
хьуй
ават -ана
гевгьер -ар
г -ана
къерар -ди -з
же зва
икӏа
диде -ди
ихтилат да
агакь -да
хъий -ида
буба -ди -з
каф
ки
югъ
и
гьарад
хур
жув а -н
къал ай
сад
къар -л а
кӏан -зава -й
чи
хьа на
всегда
са
да
гада -ди -хъ -NULL
ктаб -да -й
амукь -да
хьа на
фикирайдалай
и
эхир
мез
хъ -ада
шуькуьр
чан
зеллер
гьуьл -уь -н
кичӏе
лагь -ана
квез
г -ана
гва
ва -з
стрелка
кьуд-вад
жи
ат -анва -й
исят да
же зва -й -ди
чна
лагь
гада
кицӏ -и -з
ф -ида
къач -уна
са
юкъ -у -з
чна
за
зун
ава
а
лагь -ана
лагь -ана
къач -уна
ки
ина -й
атана.агакь
польша дай
икьрар -ди -л -ай
гьабур -и -н
бере -да -NULL
йиф
рикӏ -а -л -NULL
гъил -я -й
азербайджан
ки
низ
за -н -ни
гьикӏ
чна -ни
къач -уна
гада -ди -з
элкъв -ена
хвеши
руш -ни
маса да -н
лугь -уда
худат -ди -з
и
лугь -уда
гьада
эгер
лагь -ана
кицӏ
лугь -узва
накьв -ни
марф
югъ
аку
балкӏан -ди -н
кӏан -да
юкъ -у -з
и -м
лагь -ана
и
рессам
ссср
дуст -ни
алат -да
къач -уз
ругуд
ругь -ди -з
чир
хьа на
ама -й -ди
хъсан
гьамам -ди -з
фе -нава -тир
зи
икьван
гъ -ана
гьан а -л
ида
жамаат -ди -н
балкӏан -да -л -NULL
лагь -ана
пачагь -ди -н
пенжер
эцек -на
лагь -ана
рикӏ -е -NULL
диде
чи
мад -ни
же зва -ч
ида
им
ки
квез
гада
лагь -ана
хутах
абур
акакь -да
за
сонра
лугь -уда
вутӏ
гала -й
икӏ -на
чка да -л
ала
дарман
гьана ра
и
гъил
зун
луьткве
бес
лугь -уда
затӏ
вахт
халу
тӏвар @@@
лагь -ана
гила
сабурлу
хьа на
акьа -из
палкан
шагьдагъ -ди -н
фейила
сонра
элчи -яр -ни
ава
и
ва -з
ида @@@
т -ана
кичӏ
лугь -уда
хьи
мици
ча в
балкӏан -ди -н
къвалах -ар
ава -ч -из
хан
ибур -у @@@
хьи
и
ида
яхъ
гьикӏ
чир -на
гьар
лагь -ана
мах -ни
жаваб
за
ава
вине -л
эхтилатар -на
стха -яр
бала
ида
а
ава -й тир
зун
буба
гада
кьиса
ондокъкъуз -ди -з
ахпа
уже
кьве
кан -и
кь -енва
хьайитӏа
яру
йис
сонра
кхь -анва
ката -й
са
лугь -уда
гада
цай
чан
рессам -ди -з
хъф -ида
ягъ -ан
г -ана
вич
ахпа
инсан
ма
хт -ана
ида -ни
исабала -ди
ат -ана
нуьк -ер -ди -з
санал
ала й
руш
лагь -ана
ашукь же да
эциг -да
вири да
лагь -анва
лагь -ана
им
руш
тӏимил.кьван
машин да ва -з
кьвед лагь -й
муьжуьд
лагь -ана
асул
дуьз
азербайджан
и
ала
галукь
булах -ди -н
ээээгь
берлин -да -й
зун
ктаб да
хьа на
лугь -уда
машин -ни
вине
са
хьи
ф -ена
г -уз
ак -уна
эвер -ана
семь
вич -и -н
кафирдилайни
вич
безханум а
вил -ер
яргъал
хт -ана
ва -з
лагь -ана
и
хьа -нава
за -з
пат а -з
муаллим
вун а
са
кӏараб -ни
пад
ата -й -ди
гьа.бере да
за
кьил -е -л -NULL
эчӏир на
же да -й
ара да
дагьа
лагь -ана
куз-куз
хьа на
уборка
гьана
лугь -уда
кьве
за
хьи
терсина
киник
крар
кор-пешман
кӏан -зава
гада -ди -н
гевгьер -ар
кӏурцӏул -ди -хъ -NULL
вак
эгер
гьим
га -ана -ч
зу
за -з
руш -ни
ма
чун
чун
къв -езва
ак -ур -ла
уьлуьхътав -уни -н
накьв -ни
лагь -ана
ава -з
тир
лугь -уда
гагьат -на
лугь -уда
ханум
атӏу -из
накьв -ар
яшамиш
г -анва
цӏуьд
ки
югъ
им -ни
хьи
лагь -ана
зи
ава ай
къапу -ди -н
квез
хкадар -зава
кӏвал -е -NULL
хийир -ни
гъил -я -й
вегь -из
инал
гьа
гада -ни
ф -ена
гада -йр -и
фена-фена
пака
зун
чан
гьантӏ зва
лагь -ана
руш а -з
хьа на
градус
кӏан -у -з
гат -ди -ун
гъ -ана
иер
кутва зва -й -ди
жуьре
история -р
жув а -н
чна
къунши
вилик
и
вун а
ма
кьве
бес
берлин -да -й
къ -унва
гьурмет -ди к
дарман
адахлу
балкӏан -ди
варц -ар
ф -из
гевгьер -ар
кӏел ай -ди
къулдур -ри -з -ни
къач -уда
хкве да й
мад
кьиса
лугь -уда
больница -ди -з
за -з
тахминан
къван га на
т -ада
инрай
ибур
агь
за
кьил -е -л -NULL
къалур
пака
чна
хъф -ена
жумледен
г -ун
фу
вил -ер -а -л -NULL
трамплин
смена
кьуьзуь
стха -ни
лугь -узва
ина -й
кӏан да
са
къвазара
лагь -ана
сагъ -ар на
кӏан а
руш -яр
им
эциг -нава
галаз
же зва
ты
аку
ак -ур -тӏа
хкв -еда
ахпа
пачагь -ди -з
ида -н
капаш -ди -н
зерна
ваъ
бес
кьисмет -да -NULL
кӏан -зава
им
ээээгь
фикирар -зава
гьада к ай
кӏвал -е -NULL
дерт
хуьр ей
ахпа
имни
сад
франция дай
гьуьл -уь -н
цай
и
хьа на
чан
лугь -уда
лугь -уда
экъ -еда -й -тир
арадлай
жеда
ма
чуг ай
къве -ди -й
гуьзел-гуьрчек
цав -ар -и -з
тир
пара
вун
вобщем
лугь -уда
кан -и
мад
ханум
хьа -нава й
ки
гъваш
кцӏи
сура
ихьтин
игъ -ин
лугь -уда
ф -ена
ки
къен -ай
чай
ак -ур -тӏа
зун
ат -ана
хта на -ни
ви
г -узва
има
туш
ягъайтавур
чун
ина
рекь -из
дастан
ада -з
чӏехид
руш -а -л -NULL
тухва -нава
г -уда
икьван
къалай
ибур
кӏвал -и -з
лагь -ана
ф -ена
хуь да -й
рекь -е -NULL
чун
за -з
руш а
бес
гьамиша
вич -и -н
ак -ур -ла
са
хьа на
кицӏ
эхир
патав
эээ
вич
и
азербайджан да
ма
за
гевгьер -ар
и
верегъ -ар
яд
хъсан
агь
къач -уна
гада -ди -з -ни
кицӏ
экъецӏ -на
яхцӏур
тӏва
рессам -ди -в -NULL
хьи
лугь -уда
чӏуг -урай
хт -ана
уьч
гьутӏа
яхцӏур
гат -ана
кӏватӏ на
ам
лугь -уда
я ни
хкве -р -ла
вири да -з
и
рахк -ана
са
ва -з
пенжер -да -й
хьа на -тӏа
лагь -ана
булах
кесиб
и
воо
хьа на
за -з
кь -уна
са
пек
рекь -е -NULL
ала й
же зва -ч
гат да -уьнмаз
руш
накьв
мурдар
вахт -ар @@@
а
ала й
вушата -ни
хт -ана
гуьгъуьна
вич -и -н
сад
жанавур -ди
хьа на
къв -едамаз
лагь -ана
вуш
вич и -з
за
экъве да
чил -е -л -NULL
дагъыстан -ди -н
ви
зун
мани -яр
муаллим
джагьан
мукьва
за
зи
руш
вуш
хъий -ида
хьа
ф -ена
и.ара да
ун
атӏ
буба -ди -з
алукӏ -да
вири да -з
олмагла
чи
вири
зи
яр
за
ви -ч
кат -да
гъа -нава -й -ди
гваз
эх
ваъ
белке
аллагь -ди -з
агъуз
огонь.копида
хил -ер
хъсан
руш -ни
гьада -л ай
гъил -е -NULL -ни
вуч -ун
г -ана
лагь -ана
гъа -нава -й
вун
чи
ина
мах
же да -й
бес
гафариз
вилаят -ди -н
иер
саягъ да
бала
ая
лугь -уда
зун
ахпа.хьиз да
не.исе
вуч
гудайла
има
ада -з
гьисаб -зава
ала -тӏа
акъах -на
истифаде
лугь -уда
хьа нва
руш
има
икьван
ата й
гат -из
ф -ей -да -л -ай
башламиш -да
а
гала -з
къаравул -ни
и
ракъу зва
ахъат -ай -ди -л -ай
лугь -уда
руш
ава -й -ди
лагь -ана
кӏев нава й
чун
буба -ди -з
мици
гьа
лагь -ана
ф -ена
капитан
са
акъв -енва
и
хьа йи -ла
папа -р а -л -NULL
палкан
къари
кӏан -зава -й
эвер -на
вун
хъсан
лагь -ана
кут -уна
калтуг-гагьат
гьах на
мад
эскервил -и -з
ат -ана
векил -ар
ата -й -ла
бере -да -NULL
акӏ
вун а -ни
къвазра
ибур -и -н
и
хкве зва -ч
ацукьарна
икӏа
чара
накьв
булах -да -л -NULL
эвер а
за
аниз
хта -нава
тафаат -ни
дишегьли -яр -ни
лугь -уда
ана
гьакӏан
т -ана
ван хьа на
пачагьвал -да
же да -й -валди
зи
ак -ур -ла
гада
ида
гъил
ацукь -на
мейил
яратмиш -ана
ак -унва
накьв
и
накьв
чи
гада -ди -ни
лагь
кве -з -ни
са
и
гьабур -у -н
кас
хьа на -ч
лугь -уда
дагъ -лар -и -в -NULL
жув а
зун
литва -ди -н
хъсан
а -бур
жи бур -и
хъф -ена
гьим
яргъа -з тир
галаз
лув
хьа на
муькуь
бала -яр
лагь
лагь -ана
кьве -да ни
къул -а -NULL
кхь -ида -й
кут -унва
гьамам -ди -з
а
хъсан
г -ун
балкӏан -да -л -NULL
са
адани
ина -ни
чир
туькӏуьр -на
им
за
вил -ер
манат
лагь -ана
гьабур @@@
акьуллу -вал
югъ
руш
са
и
кас
лагь -ана
бебир
зун
гьуьл и -н кӏан -у -з
агакь -на
са
вири
и
а
иер
ак -уна
ида в -ай
ий -мир
лугь -уда
анадыр -ди -з
за
кӏел -ди -ин
а
экъечӏ -ай -ла
лугь -уда
затӏ
же зва -ч -ир
кӏвал -е -NULL
за -з
има
патай
лугь -уда
ханум а
мугьарибе
къенд
ви
жив
архаин
фин
седакъет
кьил -е -л -NULL
ада -з
ф -ена
ида -ни
ина
вахт
са
межлис
паб
икӏа
жигъир -ар -ни
ида -ни
хьи
ава ай
гьич
лугь -уда
пис -вал
и
да
тӏвар
тӏа
са
буба -ди -з
вун а
за
тӏ -уьна
исят да
стха
килиг ай -ла
хьи
са
гейчек
лагь -ана
и
чун
тахьа на
инал -ни
туш
йиф -и -з
чна
руш
вич и -з
патав
а
г -уда
жеш
лагь -ана
ма
ацукьар -да
ава ай -ди
ча -з
за в -яй
кье -нава -й
ван акъуд зава й тир
авар
изат на
ф -ена
гьана -л
ламрал
лугь -уда
кӏан -у -з
цӏуьд
мани
ама
пачагь -ди -н
винел
киши -н зва
везир -ди
къулухъ
гевгьер -ар
литва -ди -н
ва -з
им
ф -ена
фейитӏа
ленинград -ди -н
балкӏан -да -л -NULL
и -м
кӏан -зава -й -ди
кӏвал -е -NULL
араб -ар
им
зун
дугъридан -ни
туху зва -й
алукӏир -ла
вун а
ви
кӏвал -ар
лагь -ана
гьар
жемят
и
франция -ди -з
хьа -ана
им
инихъ -ди
жи
ибурни
ини -з
вун
патай
район -ди -з
чун
тир
лугь -уда
ий -изва
хъсан
агъуз
машин
абур -у -з
къапу
лугь -уда
лагь -ана
аял -ар
кӏан хьа й ила
тӏва
и
икьван
са
за
тир
къач -уна
шофер
капаш
тхв -ана
чирад а -з
мороз
чинеба
лагь -ана
руш -ни
хъийи -з
лагь -ана
зун
я -тӏа -ни
къеле -ди -в -NULL
эхир
йис
кицӏ
ибур
зун
булах
шикил
жемят -ди -з -ни
руш
и
кӏан зва
къуш
ну
пай
лагь -ай
сад лагьана
вегьи да -й
амна
миграгъ а -л
лагь -ана
гъил -е -NULL
ма
ахпа
хьа на
ама
кӏан -тӏа -ни
хъф -ида
кцӏар -и -з
за -з
бере
пуд
ак -уна
ата -й -ди
лагь -ана
хвеши
лугь -уда
вад
са
немец -ар -и
са
ана
шуьбяддин
экъечӏа
къачал
эн
вич -и -н
гъи -з
сонра
гила
цӏукьуд
кутӏан -на
стха -ди -хъ -NULL
хьи
кут -уна
гьакӏ
са
ам
къерех ай
за -з
чир
диде -ни
гъугъ
гила
муькуь
вун
отдыхат -из
за -з
са
гьа
са
чун
гевгьер -ар
ава -й -ди
хьана-вуш
бере
фи -ун
вот
хьир
бацӏ
кьил -и -н
пӏуз -арар
ава -й
це
гата зва
зун
элчи -яр -ни
пуд.лагьа -й
къари
ина -л
акъатайди
гъваш
хутх -ана
эгекь ай -ла
къеним.къалди
тир
ацукьар -да
хуш
лагер -ди -з
-вал
ак -уна
и
за -з
цӏийи
ча -з
буба
лагь -ана
къач -умир
мисмар -ди -к -ай
тавур -тӏа
ак -уна
туькӏуьр да ай
лугь -уда
кӏан а
исят да
кьве
кӏандинди
яшамиш -да
и бур
чир
гьуьл -уь -н
ягъ -ана
лугь -уда
лагь -ана
ки
гелер -и -хъ -NULL
лугь -уда
гьаа
г -ана
къвед
ина -л ай
кар
юкъ -у -з
зи
чун
же да -ш
балкӏан -да -л -NULL
гьамам -да -NULL
лагь -ана
лугь -уз
линия -ди -н -ни
бала -яр
чун
а
зу
гьа.бере да
пака @@@
гьич
гада -ди -н
эскервил -и -з
гала -з
акъах -да
хьа на
вуч -и -н
хуьр -уь -з
яраб
тӏва
чка -да -NULL
вил -ер -а -л -NULL
за -з
пис -вал
акӏ
са
гада -ди
гада
галай
чна
ки
ида @@@
гада -ни
хьа на
яхцӏурни
чун
лагь -ана
зи
г -уз
гьар
ида -з @@@
ибуруни
ахтынский
мад -ни
лугь -уда
халу
хьа на
ф -енва -тӏа
чпин
ат -ай ф -ей
тӏун
диде -ди -з
са
хкягъи -н
жаза
тир
гада -ди
лугь -уда
лугь -узва
вуч -и -н
вири
ф -ена
бере -да -NULL
т -ана
михьи -вал
вац -р -а -л -ай
къил -е -л -NULL
хкв -еда
ина -л
ма
са
лагь -ана
ф -ена
за в -яй
ахъа -й
ф -ена
къерех -ди -з
лагь -ана
има
и
гъил
чпин
ахпа
кӏвал -е -NULL
са
мугьарибе
части
ава
гьетта
и
за
пачагь
гьа -да -н
хъф -ида
юкъ -у -з
ана -й
та зва й -ди
ва -з
ий -ида -ш
рикӏ
тӏимил.кьван
но
зи
къанни.цӏуд
шикил -да -NULL
абур -у
са
къетнен
стха -яр -ни
зун -ни
вахт
им
лугь -уда
иер
са
гагьат -зава
къвериг -из
лагь -ана
лагь -ана
ата -й -ди
вун
са
жи
лагь -ана
илис же да
г -ана
шегьер -ди -з
а -бур
руш
и
гъ -ана
тамашатӏа
ахъат на
хуьр ре
мисал
лугь -уда
къулдур
г -уз
жанавур
лагь -ана
ак -ур -тӏа
кгъ да
зун
пачагь
минометчик -ар
и
г -уда
э
са
тир
буба -ди
руш
и
тике
г -ана
узур -на
крар -ий -к -ай
санал
лишанлу
и
же да -ш
май -ди -з
лагь -ана
гьин
хуш
гьайван
балкӏан
хьа на
къвер.кьван
лагь -ана
ахпа.хьиз да
жибин -да -ай
ава -з
гьуьл -уь -н
кӏел -ай -ла
хьа на
са
ф -ида
ахпа.хьиз да
пачагь -ди -н
амукь -на
лагь -ана
хуьр
хьа на
джагьан
обед
мейдан -да -л -NULL
хьа на
диде -ди -н
пенжер -да -й
хъф -ена
гьа
вуна
ана -л -ай
са
патал
ф -енва -тӏа
гьуьл -уь -н
материал
зун
же зва
жи
къавум -ди -ни
са
а
ахъа
гьа
са
хъел
лагь -ана
къач -уна
самур
зи
са
лагь -ана
хьи
шад
вили
чна
са
цехер
гаф
застава -да -л -NULL
ял -на
лагь -ана
ацукьар -да
шуьбяддин
ки
за -з
вун а
тамаш -на
акв -азва -ч -ни
мехъер -и -хъ -NULL
фу
экъ -из экъ -из
мехъер -ар
гьамам -да -NULL
пачагь -ди -н
хтул -яр -ни
са
зун
хъухъ
кьатӏ -изва
са
иер
ун
и
югъ
вич -и -н
иер
югъ
ашукь -ди -з -ни
кӏвал -е -NULL
муаллим
булах -да -л -NULL -ни
лугь -уда
дагьи
пат а -з
хта -нава
ат -ана -че
лагь -ана
хьи
лугь -узва
им -ни
пара
зун
алат на
за -з -ни
чир -на
зун
бабат
элчи -яр -ни
газет -ди -н
хуьр -уь -з
ацукь -да
лугь -уда
миграгъ
муаллим -ди
са
хт -ана
вун а
ава -тӏа
вичин
вахч
кӏан -зава
сонра -ни
и
лагь -ана
гьада
са
т -ан
аял -ар
чна
инсан
лув.гана
эцек
чукур ай -ла
галаз
и
пара
иеси
и
ф -изва
лугьу да
ахпа
лугь -уда
гада
хъсан
ава ай
вун
акв -азва
а -бур
ки -з
гъил
алама @@@
гьикьван
пачагь -ни
аллагь
винел
же зва -ч
ва -з
тир
мертебе -ди -л -ай
гада
за -з
солдат -ди -к -яй
пачагь
цва -нава -й
буба
цл а -л -NULL
пачагь
илис же да
патак ай
патав
гафар -на
ашукь -ди -з
чара
патав
чукур -да
гада
атӏурвал
г -ана
точно.дан
ийи -зава
ида ва -й
гьуьл -я -й
хьи
анжах
чка -ди -л -ай
мицибур
стха -да -л -NULL
гъил
гьарай -зу
вил -ер
кӏватӏ на
ахпа
кьил -и -хъ -NULL
ва
и
пад
диде -вал -ни
лугь -уз
ча -з
ана
лагь -ана
ва -з
лагь -ана
лугь -ун -из
дербент -ди -з
а
тавур -тӏа
ала
йиф -и -з
ма
рук а -з
накьв
ида -з -ни
сонра
пачагь -ди -н
лагь -ана
лугь -уда
цай
а -бур
руш
лугь -уда
гьагьам
кхь -енва -й
са
са
зи
гьабур
югъ
пиларама -яр
вун а
атӏу -з
за в -яй
кан да
тамашатӏа
за
докъккъуз -ди -з
и
за -з
вири да -з
патахъ
гада -йр -и -з
и
кӏан да
вилаят -ди -з
бес
стха
кван
хьа
икьван
бацӏ
ви
лагь
жаван
чӏавуз
фи -ин
и
лугь -узва
т- ав -унва -й
а бур а -л
руш
но
затӏ -и -з
хт -ла
пачагь
за
мугьубат -ни
лугь -уда
лугь -уда
хьи
вил -ер
кьил -и -н
хьа на -ш
ида -з -ни
чи
буба -ди
калтуг на
вун а -ни
йис -ар
кицӏ
ахпа
агъур -на
ван
кӏан -тӏа -ни
хт -ана
ат -ана
са
са
шей -ни
чан
къырхбеш-элли
абур -у
дагъустанви -ди -н
направление
аяр
вад
лагь -ана
стха
и
шапӏа -яр
ида -ни
кӏвал -а -л -яй
литва -да -NULL
абур -у -н
са
хьа на
паб
ки
лагь -ана
гада -ди -ни
за
лугь -уда
терсина
юлдаш -ар -и
сонра
г -ана
а
гьа
хьа -нава
хкаж -ди -й
ахпа
ун
са
тир
къачур -ла
лугь -уда
тир
ида -з
лагь -ана
къваз -на
руш
вуч
ат -ана
везир -ри -з
вуч зава
нефер
жив
лагь -ана
фронт
за
къуьне -л
хьа на
югъ
зун
лугь -уда
сонра
лугь -уда
лугь -уда
ацӏур -на
буба
гила
ам
къ -уна
ава -й -ди -ла -й -ни
ибурузни
пара
им
са
ци
гьалт на
за -з
и
ну
къач -ун
рук а -з
гада -ди -н
лагь -ана
ада
са
кван
ва -з
имни
зу
вич -и -н
бес
чун
руш
ада
диде -ни
хъсан
хвеши
хт -ана
принцип
таниш
гила
са
истирагьатай -да -л -ай
качал -ди в ай
вуш -да
мицибур -у
гьим
куьмекар -да
жуьре
набран -ди -з
марфадикай
ида -н
икьван
лагь -ана
хъсан
ат -ана
руш
руш
гъваш
хьа на
кӏел ай -ди
и бур
араб -р -и
кицӏ
и бур
ат -ана
чна
жуьт
галаз
и
кавалерар
куд на
бала -яр
ял
гьада -з -ни
гъи -з
хъв -ан
ката
ат -ана
лагь -ана
звериз-звериз
хьи
лап
руш
тас
ида -ни
зун
ктад -мир
зун
са
гада -ди -з
ида -ни
миллет -да -й
ава
муаллим
чи
ибурни
агъ -ана
руш а -з
элкъве -из элкъве -з
къанни
руш -ни
накьв -ади -к -ай
ава -й
за в -яй
кицӏ
ахъая
лугьу -ун
балкӏан -ди
ава -тӏа
фу
ва хъ
гьадисе
яхцӏур
ча -з
хьа -нава й
жув
стха -ни
гьина -й
гила
фу-затӏ
ну
галат -нава -й -ди
вич -и -н
стӏурви -ди в
зун
чирч да й
за -з
къав -а -л -NULL
и
польша дай
капаш -ди -н
пичин -а -л -NULL
са
везир -ар
ава
лагь -ана
джуьт
вири
акъадар -да
новгород да
жуз
гьуьл -уь -н
запись
эрмени
ибурикай
гьар
акӏ
ават -да
зун
чна
са
допрос
динж -вал да
къул а -н
и
гевгьер -ар
г -анва -й
велибег а
лагь -ана
гьан а -л
хталахъ -ди
чӏав а -л -ди
ма
смена -да -л -NULL
лугь -уда
за
ки
фурумда
хъф -изва
зун
тухва -нава
са
ракъу зва
я -тӏа
хъув -уна
ахвариз.фейи -ла
чун
момент
алукӏ на
граница -яр
муеллиме
чӏуг да ай
кичӏе зва й -ди
хьа -нава
ибур
гьуьл -уь -н
а
ахъай -на
эскервил -е
къванж а -л ай
пачагь -ди -в -ай -ни
сад лагьай
ана -р -из
лугь -уда
кӏан -зава
ва
са
магадан -ди -з
ида -ни
вилаят -ди -в -NULL
чун
гъ -ана
зун
къаз
ичӏер на
чи
лугь -уда
югъ
чпин
кван
зун
гада -ди -ни
ава -й
лагь -ана
и
ахьтин
ви
тухв -да
хьа на
чубан -ди -в -NULL
балкӏан
хьи
хъф -ена
къайгъу -ди -к -NULL
газет -да -NULL -ни
ама
къен я й
хьа на
ида к -яй
лугь -уда
фирвал
чан
лугь -уда
тагиев а
фейитӏа
ки -з
везир -ри -з
хьа -нава -тӏа
вуна
къе
район -да -NULL
хъ да -й -ла
а
хъсан -ди к
кат -да
кас -ди -з
в
хъф -изва
эвер -ана
эциг -да
руш а -к -ай
мад
къеле -ди -з
и
гада
лагь -ана
кӏарас -ар
мизан
ат -анва -й
ибуру
лагь -ана
акъат -на
ф -ена
инсан -ар
хъф -ида
тарих -ди -н
къерех -ди -з
ва
жаван
вуч -да -тӏа
гьат.тавур -ди
кьил -е -л -NULL
зун
къанни.вад
виликди
яшамиш
тагиев
за
им
лагь -ана
лугь -узва
ибур
зу
буба
ва -з
руш
немец -ар -и -з
аладар -да
диде -ди -н
гила
ада
фе -нава
чун
цав -ар -и -з
ини -з
вич
экъецӏ -на
ава й -ди
куьтягь
балкӏан -ди
хьа н
русс -ар -ни
вири
набран -ди -з
хт -анва
хъсан
вуч
хт -ана
чун -ни
и
ацукь а -й -тӏа
вич и -з
ахпа
зурзун
вич а -л
ва -з
им
гада -ди -н
са
къеле -ди -з
ибур -ни
къужахда
за к -ай
галаз
игъи да -й
вахт -и -н да
им
за -з
къени -н
и
яран
ф -ена
гьа да л -ай
абур -и -з
лагь -ана
мад -ни
гила
республика -йр -и -з
сад
чуьгъвен а ай
кӏвал -е -NULL
аладри -з
имни
ки
луьтквечи
хьа йи -ди -ла ай
вахт
ковш да
ан -яй
лагь -ана
ава
и
гьарай на гьарай на
негъе -н
гьана -л ай
же зва
ий -ин
ава -й
жамаат -ди -л ай
вун а
вилаят -ди -з
агала й -ди
кьулухъди
г -ана
кагъаз
ама -зама
сонра
хьи
къуьн -е -л -NULL
дуьз -вал
кицӏ
стан
зун -ни
же зва
буран
эхир
и -м
зун
ида
сад.лагьа на
юкъ -у -з
кицӏ
зун -ни
ракъана
артух -ар -и -н
санал
ам
руш а -хъ -NULL
за
гьуьл -уь -н
лугь -уда
лугь -уда
аку
лагь -ана
руш
лагь -ана
жи
призывник
хьа на
гевгьер -ар
акв -ада
чуь
бес
машин
кӏан -зава
яман
муьтлег
руш
бес
белке
катин
пӏуз -ар а -л
куьч кума -ни
ки
гьин
ава -ни
ламрал
вад
хьи
вири
рук -а -й
фу
вуч
ама -й
юлдаш -ди
ф -из
яд
хт -анва
гила
ихьтин
ки
затӏ -на
ава
ки
ахъаюнма -з
а -бур -у к -ай
фикирар -на фикирар -на
че
чан
яхцӏур
лакин
ма
са
и
гьана
гьабур -у
пара
мугьубат -ди -н
кичӏе
лагь -ана
ав -унва
аял -р -а -л -NULL
гада
экъв -езва -й -тир
булах -да -л -NULL
лугь -уда
адан
кьвед.лагьай
а -бур
къве да -й
са
эгер
чан
безханум
зи
цӏуьгъвенай
ий -из
кӏвал -е -NULL
бебир
лув.гана
чун
т -ада -й
вегь -ена
чуьгъвена
ада
кӏвач е -л
г -айи
за
вун
лагь -ана
куьне
хъсан
элкъуьр -нин
ава -й
докъккъуз -ди -з
пачагь -ди ни
руш
гьагьа
аляска -ди -н
зун
гьи
эвел
ида
лагь -ана
бес
чун
цве -з
ашукь хьа нава
пара
тир
диде -ди -н
буба -ди
гьикӏ
акъат -на
руш
кас -ди
и
лугь -уз
за
къ -унва
хуш
хуьр -уь -н
метлеб -ди -н
са
за -з
патакай
килига й -тӏа
стӏурви
руш а -к -ай
гада
кӏвал а
фидамаз
гила
ци
хьа на
за
ча -л
операция -ни
эвецӏ -да
цӏийи
тегьер
руш а -в -NULL
нефер
къуьн -е -л -NULL
фикирар -мир
ава
хьа -нава -й
ида -н
гьа
лагь -ана
чпин
кут -уна
чун
пилте
ина
тӏвар -ни
ашукь
за -з
принцип
кака -яр
бес
эгер
дяве -ди -н
и
къе
гада -ни
лагь -ана
тухв -да
я -тӏа
руш
за
иер
газет -ди -з
къач -уда
ава -з
затӏ -ди -н
и
арадай
фи- да й
безханум а
чун
зи
ханум а
гъавурда.акьуна
хьа -нава
къерех -ди -з
лагь -ана
ма
къеле -ди -з
зур -ар -ни
лугь -уда
амукь -на
лагь -ана
цӏикьвед а -з
нефер
вири
ашукь хьанвай
вири -ни
хьа -нава -ч
ий -мир
гила
дастан
лежет
гьамам -ди -з
тир
яхцур @@@
бес
эскервил -и -з
ханум
лагь -ана
вуч
икӏ
ата й
и
дуьзар -на
а -бур
лагь -ана
и
винел
хьа на
т -ана
хьанатӏани
анжах
за
са
вообще
хт -ана
хьа на
вац -ра -NULL
ата -й -ди
шагьвар
ама
гьуьл -уь -н
жеда
тӏарар -да
са
гагьат -на
ам
ма
гада -ди
ибрагьимова
сад @@@
и
лагь -ана
гьана
гьава
ф -ида
ма
акв -ада
пачагь -ди -з
айван -ди к
чи да
ча -з
ахпа
гьиниз
хуьр -уь -з
са
а
чи
гаф -ар
ф -ена
экъецӏ
хъсан
ви
и
за
а -бур
жемят -ди
кхьа на
ат -ана
мех -ер
дастан
гада
са
бейкеф
гьазим
ракъайтӏа
ида -н
я -тӏа
чими
са
зу
и
кьвед.лагьай
зун
гегьенш тир
пара
ак -уна
ида
акъадар -на
ибур -ни
рази
экуьн -е -хъ -ди
но
ф -ида
лугь -уда
лугь -уда
ф -ена
ада -н
хьайитӏани
немец -ар
сагъ -рай
чӏавуз @@@
иер
анин
за
яратмиш -ана
же зва
гьуьл -уь -н
яргъал
ки
хкв -еда
кьил -е -л -NULL
лагь -ана
лагь -ана
има
гила
лагь -ана
темин зава й -тир
авур
шоллар -ди -з
г -уда
марф
хабар -ар
кь -енва
ва -з
севастополь да
бейкеф
ама -ч
ф -ида
гьава
вич
пара
тухв -з
чун
ахпа
гьам
ала й
г -уз
ксани -н
эвер -да
гъил -е -NULL
зун
лугь -уда
краз
казарма
кицӏ -ни
гьахь -ин
гаф
хьу на -л
за -з
кхь -анва
а
гуьре
куьч-кума
им
вич и -з
ибуру
к -ур -вал
кассет
лагь -ана
политика -ди -к -ай
лагь -ана
за
зу
чун
руш
мад
а
лагь -ана
хвеши
вообще
вун
галаз -ни
бахтавар
иер -ди
граница -да -NULL
са
гваз
касвил -и -з
иеси
чка -ди -з
ктаб да
за -ни
руш
ада
няни хъ -ди
юкъ -у -з
сад
т -ана
анжах
рази
туш
вуш
къвез
зак ай
лугь -узва
квез
ви
за
чун
им
акъадар -да
ава -ч
ахпа
за -з
буба -ди -ни
рах -азва
акьа -из
лугь -уда
стха -ни
очередь
ат -ана
т -ада
гадар
бере -да -NULL
хьа -нава
чи зва й
чун
а -бур
ча -з
хт -анва
сефер
са
ата й -ла
киши -н зва
яд
вуш
гьана
ван хьа на
г -айи
цл а -л -NULL
ма
миннетдар
чун
цӏыцӏ
лугь -узва
балхун -да -NULL
гъ -ана
ибуру в ай -ни
зи
жув а
лагь -ай -ла
шап -на
голландия -ди -з
ат -ай ф -ей
и
тӏимил.кьван
винел
фу
гила
са
лагь -ана
воо
пепе
кӏвал -и -з
мейдан -да -л -NULL
хуьр
ахъай -на
тир
гъавурда.акьу на
за
къв -езва
за -з
атӏу -з
гьан ай
ида -н
чна
и
чара
им
хьа на
эхир
лайих -ди
солдат
гьа на
экъве да
хта -нава
муаллим
за
балкӏан -ди
ав -уна
лагь -ана
сакӏани
хъф -ин
гада
эвичӏ -на
девир -ди -з
ф -ида
дуьз
ана -й
агъуз
са
йикъ -у -з
чукьуна
ахпа
аку
кьве
вич -и -н
рекъ е
сад
руш -ар -и
къари
ат -ана
лагь -ана
руш -ни
лугь -уда
хъф -изва
йит -ар
гевгьер -ар
ки
ада
паб
хьа на -ч
хьа на
чир
ахвар -из
югъ
чӏуг -урай
и
ктаб
инал
лагь -ана
лагь -ана
купча -яр
кхьи -з ай -ди
лугь -уда
хъувур
галаз
зун -ни
гъвечӏи
вич -и -з
чна
яц -ар
и
хьи
сефер да
гьина
хьи
акв -азва -ч -ни
инрай
яр
куьне
гъ -ана
же да й -ди
свасни
гьуьл -уь -н
лугь -уда
гьич
ав -уна
къил е -л
ахпахъизда
чӏар -ни
винел
зун
булах
ф -из
тухурла
кор-пешман
лагь -ана
шив
къал ай
гардан -да -л -NULL
лугь -уда
алцурар -на
хуьр -уь -н
мад
ала -ди -ла -й
вич -и хъ
ава -й -ди
хкве да й -ла
и
ана
къалуртав -мир
звериз-звериз
дуьз
ленинград -ди -н
чи
высоковольтный
яр
хъсан
юкъ -у -з
яшамиш.жез
са
дуьз
ий -ин
ааа
лугь -уда
бере -да -NULL
им
гужна
дуьз
асуьгьбетар -на
зун
гьуьл -уь -н
я -тӏа
вак
муаллим
ви
ава -ч
кицӏ
рикӏ -и в -ай -ни
месела
абур -у -н
рикӏ -и -з
аял -да -л -NULL
ва -з
ава -ч -ир да -з
вегьи -ун
лугь -узва
за -з
пата в
абур -и -н
ими -ди -ни
ф -ида
къулдур
ат -ана
кь -ена
ша
це
стха
зун
сад
гада -ди
лезги -яр -ни
вун
нефер -ди -в -ай
югъ
гъ -ин
сев
зун
чун
лугь -уда
рахкъур -нава
са
гада -ди -ни
т -ана
ий -из
пара
и
са
тӏимил
гъил -я -й
ф -ена
лугь -уда
ва -з
вак
эхир
хъий -ида
къе -н -и -н
кӏан -зава -й
и
хьи
са
рекьиз
гада -ни
сонра
икьван
рекъ е
акъуд -уьн
гьикӏ
и
гьаят -да -л -NULL
ак -унва -ч -ир
ваъ
ча -з
лагь -ана
жува
пара
гада
мад -ни
има -ни
зу
хипер
лугь -уда
за -з
вун а
фикир на фикир на
ам
шеъер
ашукь -ди -з
руш
ки
ада -з
эвецӏ -на
эскервил -е
са
а
кӏвал -а -NULL
къапина
эээ
мугьарибе
чи зва й -ди
гьиниз
эциг -нава
алат на
лагь -ана
безханум
севда
ф -ена
чун
пачагьвал -и -з
май -ди -з
вилаят -ди -з
вуш -ун
са
ша
ва к -яй
дуст -и -ни
къакъан -ди -з
ф -ена
шехь зава
ана -й
кьве
галукь
кӏан -зава
чан
экъечӏ -на
зун
балкӏан -да -л -NULL
пара
це
ая
безханум
гъваш
бес
хъф -ена
лугь -уда
лугь -уда
и
дежурный
вахчама
ава -й -ла
экуьн -е л -ди
ф -ена -ш
г -удамаз
ада -з
ада
эвер -да
са
вуч -и з лагь -й -ла
къерех -р -и в
-кве -з
чинеба
ава
им
аял
акъуд ай -ди
акъат -на
икьван
ковш
цехер а
гъ -ин
ала -й тир
хьа
лагь
хва
кӏватӏ -ана
ки
балкӏан -да -л -NULL
вакай
хьа -нава
къв -езва
хт -ана
патак а ай
и
чи
чир хьа на
беш
акв -азва
исят да
кут -ада
им
вуч -и -з
зайиф
чи
чубан -вал зава -й
гьа.бере да -ни
лув.гана
и
ама @@@
зун
и
юлдаш
кьве
хьа на
са
ацукь -зава -ч
вил -ер -а -л -NULL
ава -й -ди
хъсан
ацукь -нава
ана -й
руш
гила
уже
гуьрмет -ар на
пепе
гада
са
аладар -да
тфенг -ар
гала -з
хт -ана
же зва
къатка -нава
амма
ама -ч
суракьиз
лугь -уда
уькуьн -е -н
лагь -ана
гада -ди
себриллагь
ини -з
цӏийи
тӏвар
шумуд -р а хъ
вич и -з
гъалиб
чӏал
гзаф
жи
элягъ -на
пай
ида -н
гат
и
балкӏан -да -л -NULL
свас
эгекь ай -ла
яхцӏур
ахьай
и
ф -ена
лагь -ана
пачагь -ди -н
къапина
гьа
хъф -ена
экъецӏ -на
тамаш -из
чпи -з
тир
къач -уна
ат -ана
эциг -на
це
жервал
тухв -да
лугьу да
гада -ни
куьмек -да
чи
рук а -н
гила
и
тир
мад
къапина
тӏвар -чи -з
хьа на
а -бур
т -ада -й
им
иеси
хьа на
кӏвал -е -NULL
патав
стха -ни
хьир
фе йи -ла
кицӏ
ма
г -ана -ш
акъах -на
гудайла
лугь -уда
ахпадиказ
машин -ар
эскервил -е
тӏва
урожай
рекъ е
гьуьл -и -в -NULL
ацукь -да
элкъв -езва
баку -ди -з
бахшай бур
и
пара
гьим
лугь -уда
хагьиш -зва
за
къерех -ди -з
къахчу -нава
эвер -на
хьа нава
ак -тӏа
гевгьер -ар
инсан -ар
лугь -уда
са
дежурный -ди -з
гъ -ана
къатк -ана
сифте
чӏехи
ава -й
баде
са
фена-фена
вич -и
шумуд
зун
са
а
хьа йи -ла
це
пака
хьа на
къав -а -л -NULL
гъа -нава -й
лугь -уда
кут -унва
эвер а
патахъ
а
хьи
лугь -узва
ава
и
руш
къапина
ви
куьтях
хъув -уна
къве да -й
чна
пачагь -ди -н
кутӏан -на
гьуьл -и -в -NULL
гьа
гьа
кан -и
сад а
дуьз
и
польша -ди -з
и бур и
кичӏ
гьан а -л
агакь -на
хьа -нава
къе
акур
хт -ана
вич
юкъ -у -з
чир -на
гьикӏ
и
вуч
ча -з
юкъ -у -з
им
чун
ак -уна
г -ана
пачагь
ини -з
кьегьел
я -тӏа
руш -ни
мисал
къуш
ида -з
и
документ -ар
хьи
гада -ни
яд
лагь -ана
пачагь
кицӏ
эвичӏ -на
ина -л
анин
кӏан -зава
чурч -азва -й -ди
са
зи
пепе -яр
ава -ч
руш -а -л -NULL
авуд -на
ава -з
ф -ида
ма
сад -ни
инсан -ри -н
абур -у -з
гъел
ак -ур -тӏа
ада -з
хуьр -я -й
сад.лагьа на
паспорт -ар
ахпа.хьиз да
чна
вич -и
руш -ни
юкъ -у -з
яма
чун
семья -ди -з
сара -яр
лагь -ана
хуьр -у -з
чка
вахт
сакӏа -ни
эхьир
рекьи кь
ида
хуьр -е -й
и
гъил -е -NULL
элкъв -ена
акъат
лишанлу
руслан
акъат -на
вич -и -н
кицӏ -и -н
чӏав -у -з
лугь -уда
има @@@
граница -да -NULL
лагь -ана
газет -ди -н
и
хтар -ар
лугь -уда
ча -з
вак
лагь -ана
талыш -ди
чун
къеле -ди -з
г -узва
кӏвал -ар
кӏвач
лагь -ана
гада
чун
и
пачагь -ди ни
гьамам -ди -з
яхун
зун
гила
бес
г -уз
агъуз
ван акъуд зава й тир
гада
заз
им
хьа -нава
самур
гаф -ни
гьа
вун а
хьа на
чна
гьакӏ
са
фидамаз
бурулгъан
гьал да
вири -ни
за -з
кар
лагь -ана
кап
са
говорили
хъа на
са
и
къул -а -NULL
абуне
къв -еда
беес
очередь
лугь -уда
хьи
стха
къван
г -уда
ви
гъил -е -NULL
экечӏ зава й
яргъа -з
ада -з
акъуд зава -й -ди
вич
лагь -ана
итем
и
галаз
зун -ни
акахь нава й
хьа на
багъиш на
гьуьл -уь -н
эвицӏ.хъийа
лагь -ана
шив
магадан да
чун
къуй
ат -анва -й
иер
нуьк -ер
жагъур на
шад
агуд -ч
вач
руш а к -ай -ни
гьич
ида @@@
къ -уна
руш
ак -ур -тӏа
хьуй
бельгия -ди -з
са
туш
ат -ана
пачагь -ди -н
кьуьзуь
вун
чан
чна
ида -ни
ана
фикир -ар
гьундуьрда
гаф
са
гьисят да
и
чукур -да
ф -енва
кицӏ
лугь -уда
аку на
цав -а -л -ай
ял -на
пачагь -ди -н
кат ай
фикир -да -й
ф -ена
вуч
лугь -уда
мугьубат
район -ди -з
пата й
самур
исабала -ди
а
за -з
ашукь же да
тӏвар -чи -з
мугьарибе
жаза
ама
хьа на
лагь -ана
гафар -да
кван
ма
хъфелахъди
пачагь -ди -в -ай -ни
ида @@@
вахт
клуб да
хьа на -ч
рекъ е
воо
на
агь
къене
хвеши
машин -ди -з
им
зун
лугьу -ун
ча -л
ашкъи -ди к -ай
фе -нава -тир
амукъ зава
ибур -ни
шофер -ди -з
чӏехи
тхона
са
хьи
вич -и -н
ама @@@
яд @@@
лопатка -ди -в -NULL
эвел
за
халу
мици
бала -яр
и
гьаят -ди -л -ай
жаза
лагь -ана
хьи
ава
ф -ена
уьлкве -ди -з
чуьн
диде -ди -л -яй
гьа
истифаде
икьван
эвер -да
ва -з
нян -и -н
лагь -ана
за -з
авур
зун
она
жазаландырмиширвал
гъел
вуч -и -н
рекьиз
гьа
безхануман
руш
зи
бес
са
гьин ай
къваз -нава -й
миграгъ
гьава -яр
цӏуьд
руш
гьамиша
пата
зун
советской
гъел
еврей
ала й
гъ -ана
таможня
т -ана
хьа на
экъечӏ -нава
кицӏ
жени
ий -изва
эхир
ават -ана
къулдур -ни
за
ф -ида -й -вал
тарих -да
ава -ни
ахпа
пармак -ни
же -ди -ш
катиз
буба
гада -ди -з
тамашава
эдалет
а
ф -ена
са
чун
вири
яхцур
лагь -ана
лугь -уда
ахпа
за -з
хьа -нава -тӏа
алукӏир -ла
руш
руш
ахпа
зи
бес
пачагь
хьа на
истикан
вич -и -н
ат -ана
г -ана
же да -ш
им
гьат -нава
алцурар -на
за -з
балкӏан -да -л -NULL -ни
я -ни
и
ихьтин
лагь -ана
стха
хъф -ида
жув а
фи да ай
ахвари -з
ибур -и -н
гьада -з -ни
яран
зи
отношение
галукь
сонра
гъваш
г -уз
хьуй
а
ани -з
кьабул -на
ф -ида
зун
чун
хьа на
за
фе йи -ди
им
гила
са
са-сад
амукь -на
чун
балкӏан -ди
къуш
гевгьер -ар
автобус -да -NULL
рикӏ
руша
вердиш зава ай -ди
делил -ар
лагь -ана
муькуь
ф -ида
чна
кьил -ер -ни
сура
кӏан -зава -й
зи
лугь -уда
г -уз
вич -и -з
асул
ф -ида
хьа на
ашукь
аладар
и
са
гила
ви
инал
има @@@
кӏвал -ар -и -н
ахпа.хьиз да
къве зва ай
къен -ай
за
алат -ана
гъ -ин
чара
ана
къвед а -н
гьинвайда
вил -ер -и -з
сад.лагьа на
къунши -да -л -NULL
самур -ди -н
има
ктаб
дене
ий -изва
мад -ни
лугь -уда
кӏвал -и -н
ракъу зва
концерт
ана -й
чӏал
къанни
месела
ава -з
са
эвецӏ -на
туш
гьикӏ
руш
станция -да -л -NULL
кӏан -зава -й
къв -еда
ида
меслят -ди -в -NULL
ацукь -да
кӏан -и к
ахпа
за
за -з
ава -ч -ир
а
ахъай -ин
лагь
лугь -уда
ф -ида
анадыр да ай
за
ф -ена
патав
лугь -уда
къерех -да -NULL -ни
жув а
лагь -ана
ахъаюнма -з
чун
ви
абуне
гьуьл -уь -н
газет
пачагь
зу
лагь -ана
кьве
батальон -ди -н
ша
ида
хьа на
чи
жув а -з
лугь -уда
лугь -уда
акъуд -на
вуга нава
ибур
амукь -на
чи да
г -уда
чун
ахъай -на
са
агъур -на
хер
чӏехи д
ава -й -ди
къиямат
бес
лугь -уда
тӏарар -да
са
массаж
ат -ана
марф
солдат
ооо
кӏан
чи
гила
гада
хт -ана
за
лагь -ана
за
гьим
алат -да
и
лугь -уда
гьич
къач -уз
цӏыцӏ
пачагь
гъ -ана
чи да
хьи
кицӏ
вуна
сонра
ну
ахъа -й зва -й -ди
кӏан -зава
ахъай -на
хьи
лугь -уда
гьар
лагь -ана
чӏалах.же да
гьазим
са
лагь -ана
лагь -ана
иер
яргъал
пуд
кӏан -зава
лугь -уда
зейиф
лагь -ана
ахпа
ихьтин
икӏ
гьар
г -ана
егье на
луьквен -зава
къуру
лагь -ана
сад -ни
хвеши
и
пара
ки
вегьи да -й
хьа
гьат.тавур -ди
къари -ди -н
руш -ни
чӏулав
хт -ана
вилаят -ди -з
гуя
хер
кичӏе
ав -уна
вич -и -н
чил а -NULL
анжах
бесханум а -з
хуьр
сакит
ахпа
хьи
кьил -ина -NULL
лагь -ана
кӏан.хьа -нава -й -ди
куьмек
тир
хьа на
ам
къари
анихъ -ни
ибур
хт -анва
палкан
фидамаз
са
лугь -уда
ибуруни
гьамиша
гевгьер -ди -н
фикир
хкв -еда
има
низ
луьтквечини
ама
ат -ана
лагь -ана
инлай
куь
яд
цӏай
лагь -ана
лагь -ана
сороковой
вич
ки
хьуьр -уь -з
са
руш
жив -еди -н
ф -ена
иер
кут -уна
лагь
сонра
гила
къваз -нава -й
хьайи -ла
къ -уна
хьа на
ахпа.хьиз да
кут -уна
са
лугь -уда
вич и -з
вич -и
кицӏ
шикил
летний
хва
бес
ки
тамаш -на
са
ашкъи
ама
ина
ман
ун
къваз -нава
иеси -ни
охран а
къабагъы
къвед
юлдаш -ар -и -хъ -NULL
за -з
вич
кьил -ни
ий -изва
хуьр
куь
стха
зун
хъсан -ди к
вичи -н
пачагь
ини -з
ида -з
и
зун
ав -уна
вахт
кӏвалах -ар
вич е -л ай
за
ци
ава й -ди
зун
и
тахьана
пара
цех
ама -ч -ир
хьа -ана
кӏарас -ар
гада -ни
ини -з
лугь -уда
ида к ай
атана.агакьда
ман
диде -ди -з
къгъа нава
айи р
за -з
хьиз
ф -ида
зун
вич
за
бес
за -з -ни
хьухь
чубан
гьина -й
лугь -уда
интернет
лагь -ана
хъсан -ди к
галаз
сержант
вич -и -н
и
мелим -ди
и
ида
лагь -ана
вегь -ида
анриз
экъечӏ -на
къалай
кутунва й бур
руш -ар -и -н
магьал -да -NULL
акӏ
элягъ -на
югъ
хьа -нава -й
рикӏ -е -NULL
йис а -н
къуран -да -л -NULL
лагь -ана
лугь -уда
шеъ
и
цӏай -и -н
ча -з
ча -л
югъ
эгьтибарсуз
къалур ай -ди
ша
лагь -ана
ихьти -н
и
мейдан -да -л -NULL
руш а -н
къачур -ла
за
вуна
элкъв -ена
аллагь -ди -з
са
кӏарас -ар
ихьтин
и кьван
же зва
урус -яр
пара
егь -езва
тӏва
югъ
ава -й
о
са
лугь -уз
за
ва -з
кьве
цац -ар -и -в -NULL
пака
галаз
чи
къаз
кь -уна
войска
булах -ар
лугь -уда
гуржистан -ди -з
бере -да -NULL
мад
рекь -е -NULL
ф -ена
кассет -ар
хьи
балкӏан -ди -ни
куз-куз
муьтуьгъар -из
лугь -уда
вири
лугь -уда
чун
зун
мад
са
зун
вич -и
цӏарцӏар.язава
хкадар
ибур
пачагь
къарагъ -на
ат -ана
цац -ар -а -й
ала й
къе -ни
са
лугь -узва
идаз
гила
къагъ -ана
ий -ин
экуьн -е -хъ -ди
бацӏ
тхв -ана
за
тупӏал -ар -ни
жемят -ди -з
са
ф -ена
хьа -нава
эцек -на
жуьт
дербент -ди -н
себрилла
хьа на
ф -изва
руш
баш.уьсте
ча -з
чпин
кьвед а -з
за -з
югъ
ва -з
кӏвал -и -з
лагь -ана
руш
же зва -ч
халу
са
туш
гьа
вилаят -да -NULL
са
ида -з
вилаят -да -NULL
яшамиш -да
и
лагь -ана
ци
а
а
булах -да -л -NULL
кьве
лагь -ана
ф -ена
жаваб
къул а -з
кьвед лагь -й
ягъ -ада
ана -р -из
ава
лагь -ана
ф -ида -й -вал
гила
къазахстан -да -NULL
хва -яр
малумат -ар
рехъ
ахъах -ана
гъел
агъуз
ругуд
ибур -и -н
минет зава
рекь -ида
жазаландырмиширвал
лугь -уда
лугь -уда
кьан а -NULL
алкӏ -на
хьи
хуьр ре
мама
акъах -да
хъсан
зун @@@
хала -ди
рекъ -и -н
седакъет
яхцӏур
кӏватӏ
зенги
элягъ -на
лагь -ана
хьа на
эциг -да
аяр
и
фе -ана -тӏа
студент
гада -ди -з
ий -изва
ятӏани
лагь
газет -ди -н
лагьа й -ди л -ай
сад-садахъ
хъсан
яр
ибур -ни
сегьви
г -уда
ида -з
фин
хир
ишигъли
уже
же да -ч
кӏан -да
мама
сонра
лугь -уда
ида
а -бур
сефер -да -NULL
хуьр ей
затӏ
зун
ки
квахь а й
вичин
гутун -на
хьа на -ч
квез -ни
гада
гада
хьа на
накьв -ади -к -ай
ма
къванж -и к ай
къарагъ -из
свас
зун
и бур
хьа -нава й -ди
сонра
ф -ида
а
советрин
и кьван
чун
зун
лугь -уда
хьа на -ч
къари
чна
юкъ -у -з
авуд -на
автобусдаваз
чӏав -а -л -ай
ашукь
зун
кь -уна
гьикӏ
лугь -уда
софия -ди -з
вич -и -з
тӏимил
изат на
фи -н
куд на
эхир -ни
инсан -ар
зал -да -NULL
и
ида -ни
дере -яр
вуч
йикъ а -л -ай
ва -з
иер
ата -й -ди
галаз
зерир -ла
чуь -ди -з
таву р
хьи
ча -з
хьа на
варз
вич -и к -яй
вич и -з
дамар -ар
хва
ацакь на
ч -изва
стха -ни
гваз
хьа -ана
хъф -ена
хт -ана
винел
вирида
винел
мах
гьакӏ
шад
руш
вун
хъия
гада -ди -н
анадыр да -ни
магадан да
рекь -е -NULL
эвер -на
бебир
лугь -уда
лейли
вич -и -н
немец -ар -и
чун
пачагь -ди -з
пуд
ида -н
са
зун
им
ахпа
чун
за
катна
ковш да
лугь -уда
иеси
ида -з @@@
кӏан хьа на
кьил -ер
иер
гьимаен -да
а -бур
са
сад
ибур -у
лагь -анва
г -ана
тухв -да
хьа на
шоллар дай
са
лугь -узва
пара
са
хкадар -да
рехъ
лугь -уда
исят да
вич -и -н
ата -й -ди
ма
лугь -уда
муьстекъил
къабагъы
фикир
тек
марф
къунши
г -ана
ихьти -н
амукь -да
вири
лугьу -из лугьу -з
и
гада
инсан
гада -ди -н
акьах ай -ла
ва -з
базар -ри -з
патакай
чун
куьтях -на
са
дуьз
абур -у
къе
ана -л -ай
чна
лугь -уда
буба
хтар -ар
ида -н
стха -яр
он
за -з
и да
ма
ма
кӏвал -и -з
кӏан -у -з
ида -з
кван
и
лагьа на -й -ни
хьи
чун
кван
за -л
а
за
и
има
талыш
са
за -з
ида
накьв
ну
вич -и -н
ва -з
жув а
лугь -уда
ша
гьа да -н
туькуьр -ун
мугьарибе -йр -а -NULL
инсан -ди
къваз -на
лугь -уда
за -з
и
пачагь
балкӏан -да -л -NULL
тир
вун а
алукь нава -й -ди
вуч -и -з
са
галукь
совсем
им -ни
ида @@@
пятьдесят
кӏарас -ар
кучук на
руш -а -з ни
ф -ена
дежурни -ди -ни
ф -ена
ада к ай
пачагь -ди -з -ни
ата й -ла
чӏав -у -з
лагь -ана
гъвечӏи
пачагь
пачагь
вутӏ
стрелка -ди -з
руш
я -тӏа
яхцӏур
фе -нава -й
лугь -уда
т -ан
гада -ди -з -ни
дуст -ун -и -з
мугьарибе -йр -а -NULL
и -м
заз
пичин -а -л -NULL
меслят -ди -в -NULL
кицӏ
агь
къвалах на
сувар -и -л -ай
чан
рикӏ -е -л -NULL
хве на
ун
пата -л а ай
за -з
рехъ
чи да
мехъер -и -з
экъечӏ зва
хьа на
вун
лагь -ана
кьей
а
иеси -ни
зун
гьакъ
са
лугьу да -й
а
кутӏура
дастан
вун
вич и
пара
нупа да -л
лазим
хейлаг
абур -у
диде -ди -н
хуьррем
яхцӏур
дуьз
им
жув а -н
гьаван -ар -ни
куьтягь.хьа на
лагь -ана
и
базар -да -л -NULL
она.гуьре
ам
фикир
идрис
са
за -з
лугь -уда
гада -ди -з -ни
яраб
ама -ч
куьзар -да
цуьк
ава
ава
гьана -л
гьаят -ди -з
са
руш а
тӏарар -да
гьар
гваз
ча -з
гьуьл -уь -н
лагь -ана
чӏахмах -ди -н
кукӏар -на
аку
кьил -е -л -NULL
ну
ва к -ай
сонра
руш
вуч -из лагьа -й тӏа
руш
руш
яхцӏур
гьана
за
чир
пачагь
хъиж -еда
жи
гаф
чир хьа на
ф -ида
кӏан -зава
ман
кьакьан
лугь -уда
чир.хьа на
дастан
ма
са
чун
къалур -ана
хьир
са
вичин
зи
къачагъ -ар
гъваш
седакъет
ава
галаз
куьче -да -NULL
аллагь
вири
г -уда
хьи
хв -ена
вилаят -ди -з
лагь -ана
кӏандатӏани
рехъ
жув а -н
хьа -нава
гада -ни
са
кьил -е -л -NULL
и
къе -н -и -н
патакай
ибур -у @@@
лагь -ана
же зва -ч
ва -з
гваз
вилаят -ра -NULL
регъуьла
руш
пака
бес
ава -й -ди
зун -ни
баде
ибретани
руш а к -ай -ни
за -з
за
лагь -ана
кь зва
ф -ена
кат -да
ам
лугь -уда
гьейет да -л
гьикӏ
везият -да -NULL
хьа на
и
кӏан -зава
хкаж
акъудир
ви
г -ун
канивал
зун
вилаят -ди -н
къалур на
хкаж
жаза
абур -у
руш
исяат -ни
эгь
вич
чун
затӏна
винел
кь -енва
лагь -ана
вун
и
лугь -уда
хер
тагиев -а -з
нумайенде -яр
ва -з
алачух -ар
пуд
за ва
а
са
за
кьве
чин а
кьадар
пуд
назир
вуч
и
лугь -уда
кьве
гьуьл -е -л -ай
ат -анва -й
аш -ар
чун
пачагь -ни
зу
хурук-хурук
чубан
таран
руш
ф -ена
алукӏ на
таажублу
чан
лагь -ана
са
иер
гьутӏана -л
исабала
кӏан
ва -з
гьа
гьич
я -ни
ава
исят да
хьа на
хъсандик
хьи
гъил -я -й
гьим
за -з
лугь -уда
къач -уда
ф -ена
лагь -ана
урус -яр
лугь -уда
гьакӏ а
мама
ма
вун а
имкан
ву
вун
кӏан -зава
мадани
да
пата хъ
хьа на
же зва -ч
икӏ
ман
пачагь
ча -з
ак -ур -тӏа
на -з
гьа
сад.лагьа на
са
округ
агакь -на
цӏай
кь -уна
гьадисе
г -ана
къв -езва
ида -н
той
баде
чка да -л
пачагь
экечӏ -на
ада
дарман -ни
вил -ер
руш
гила
ахпа.хьиз да
хьа на
гьуьл -уь -н
эхир
гьанал
рекь -ида
ша
чпин
хьи
бес
за -з
г -уда -й
атана.агакь
таву р
пачагь -ди -з
са
хьи
кьехе
цӏай
имни
гьи
вич -и в -ай
накьв
вад
са
а
куту р
а
и
им
яргъара
и
жив
зейнеддин а -н
кас -ди
хьи
гьефте
руш
случай
вуна
чна
эрмени -ди -н
са
лугь -уда
хъсан
гьаят -ди -з
ихьтин
чун
цехер а
бере
вун
хьа на
сад -ни
кицӏ
къвал а -в -NULL
лагь -ана
ашукь хьа на
жи
иддихат -из
гьабур -и -н
им
вич
къерех -ди -з
ам
килиг зава
хкв -еда
вич -и -н
гьада -л ай
гьикъван
лагь -ана
ихьтин
эвер -да
руш а -з
лугь -уда
акъв -азва
и
командир -ди -з
лугь -уда
ашукь хьа на
ваъ
руш -ни
абур -у
чи
цӏай
зун
шикил
за -з
гьа
хъв -ана
паспорт
ама -ш
ат -ана
са
лагь -ай -ла
къе -н -и -н
агь
служит ай -ди
уьлуьх -нава -ч
инра
жи
гьат.тавур -ди
имкан
безханум
вилик
яргъал а ай
ат -ана
са
са
кьуд-вад
гьажуз -вал
са
ма
ибуру
сефер -ни
ийизватӏани
пачагь -ди -н
за -л
ф -ена
хтар -ар
азербайджан -ар
ават -да
берлин -ди -з
гъел -ни
чка -д -л -яй
ви
кӏвалах
инсан
къари
югъ
лагь -ана
жаза
шегьер -ди -з
сонра
лагь -ана
гила
са
ий -изва
гуьзел-гуьрчек
ий -ида
и
лагь -ана
булах -да -л -NULL -ни
вуч -и -з
вуна
ида
зун
кӏарас -ар
хьа на й
яхцур
за -з
хуш.къве да
мицид а
ахпа
акваг
руш а
руш
лагь -ана
фейи -ла
чан
вилик
са
х -уьз
ахпа
тир
лугь -уда
акв -азва
хьа на
тухв -да
ана -й
кицӏ
гада
юлдаш -ди
ина -л
къач -уна
чи да
хара
дуьз
абур
жув а -н
ва -з
къан -из
гъил -и -к -ай
галат нава й тир
цӏай -и -н
и
лагь -ана
лагь -ана
инал
катна ва -й -ди
идаз -л
бигьуш
сад
кӏанагъ
ина
эциг -да
сада
ийи да
за -з
им
рикӏ -е -NULL
бес
ф -ена
молодой
туш
хьи
дейесен
вич -и -н
куьн -е
кӏан да
са
чаз -ди
инри -з
ада
хъ да -й -ла
тарих -ди -н
ван
ракъана
зу
ва -з
лугь -уда
са
зун
хьи
за
къач -уда -ч -ни
лагь -ай
кьил -е -л -NULL
гала -з
и бур
гатфар
мехъерарна
элкъв -ена
вичин
голландия -ди -з
ӏ8
и
ашукь
кӏел -нава
це
ада -з
истифаде
са
къерех дай
рахк -уда
гьуьл -уь -н
берлин -ди -з
лугь -уда
къулдур
г -уда
кицӏ
лугь -уда
ак -уна
лагь -ана
гьа
ибур -у -з -ни
ахтынский
хкадар -зава
вун а -ни
галат -ана
къач -уда
хьуьр -уь -н
лугь -уда
руш
ракъ -уда
а
имкан
ада
зун
абур -и -з
ихьтин
шад
чуь -н е
къвед
вири да
йий -да -й
мадни
кь -уна
лугь -уда
е
са
и
вегь -ена
хьа на
век -и -н
земляк
бтр
накьв
километр
я -тӏа
акъат -на
лугь -уда
гевгьер -ар
лагь -ана
хъф -ин
сонра
лугь -узва
исят да
и бур
мехъер -и -з
аку
хьи
сувар -ар
икӏ
лугь -уда
хьа на
чи
гъ -ана
плен
эциг -на
квека й
ава
вахку да
вуч -ун
кхьа на
себрилла
ахпа
къевиз -ни
ибур
дарман -ни
рехъ
им
акъах -на
@@@ да -л -ай -ни
хьи
ат -ана
ара да
са
сад а -з -ни
гьабурузни
и
лагь -ай -ла
хт -ана
хъсан
гаф -ар
везир -ди -з
ак -уна
са
гада
хьа -нава
немец -ар -и -н
мичӏи.бере да
хьа на
яхцур
ва -з
им
дуствал
гьа гьана -ра
и
ата -й -ла
и
гьуьл -уь -н
лугь -уда
вич -и -н
кран -ди -н
зун
г -анва -й
хьи
къачу
за
за -з
гада
хьи
абур -и -з
са
лугь -уда
mугьарибе
звоник -да -л -NULL
ава -й
пака
гада -ди
вегь -ена
муьтлег
ибур -у -ни
шив
чун
са
диде -ди -н
и
анжах
аял -ар
гьикӏ
и
кье йи
имни
лугь -уда
мехъер -ар
амни
зун
агь
кичӏе -зава
им
гила
солдат
только
хвеши
чан
хурук-хурук
хьу р ай
элягъ -на
как.раз
вич -и
бельгия -ди -з
чун
пара
дегьшет
анжах
акъах
хиял -да -й
стха
сад.лагьа на
хкадар -зава -й
ана -й
къ -уна
ибурун
руш -ни
эвицӏ.хъуву на
са
гада -ди -з -ни
са
жен
чун
гьакӏан
чун
са
бес
гаф
уьмур -ди -н
лагь -ана
куьне
эляна
низ
кӏан -да
ахъай -да
ва -з
яд
лагь -ана
хьу -й
вун
ягъ -ан
кьил -е -л -NULL
за
чӏалах.же да
къе
буба
вун
лугь -уда
гъ -ида
ката -й -ди
ф -ена
эхир
за -ни
мама
билесувар -ди -з
за -з
ахъа -я -ла
са
гада -ди
хийир -ни
гада -ди
муькъве
хъф -ена
лагь -ана
ала -й
кӏвал -и -з
и бур и
хьа
ибур -у
сагъ -рай
акур -ди
лугь -уда
и
гъи -ди -ин
гьа
лагь -ана
за
кӏандатӏани
лагь -ана
и
им
а
солдат
и
лагь -ана
куьтях
дуст -и -ни
куда
сакӏани
лагь -ана
лугь -узва
къ -уна
вад-ругуд
ча -з
кӏан -зава -й -ди
гьуьл -уь -н
имран
т -ана
яраб
вуч
вич и -з
кӏан -зава
акв -азва -й
са
пуд
булах
жаза
мад
руш а -н
коме
ша
гьада к -ай
хуш
и
руш а -к -ай
къетне
ки
сонра
ман
фад-фад
хейлаг
г -айи
самур
ци
куд -нава -й
кӏвал
шей -ер
лагь -ана
къалуртав зава
кь -уна
паб -ни
лугь -уз
шумуд
лугь -уз
югъ
сад -ни
лугь -уда
и
ава -й
хьиз
ч -изва
са
ава -з
уьстуьн
акв -ада
ф -ида -й -ла
и
акъат -на
халу
за -з
рекъ е
ак -ур -тӏа
г -уда
патахъ
ахъа -й из
чка
вун
кан -зава
и
лагь -ана
рекь -е -NULL
хъф -ена
и
дахма
хьа -ана
ида @@@
хьа на
пачагь
и да -н
асеф
гьан -и -з
новгород да
миллет
хьа на
ада -л -яй
чӏав -у -з
ак -ур -тӏа
вегье да й
кьур -ла
чир хьа йи -ла
вич -и -н
эхцигкъ
кьиса -р -и -к -ай
ава -й
эрзе
парк -ина -й
уьлчуь -вилел
ф -ена
чӏал
за -л
лугь -уда
лугь -уда
им
иви -ди
чуьнуьх.хьа на
зи
гьагьана
къач -ун
а
юсуф
гьама -ни
къе
фикирар -мир
ва
кӏвал -ар а -NULL
и
са
патав
россия -ди -н
вучиз.лагьа -й -тӏа
лагь -ана
стха
юкъ -у -з
яргъал а ай
тарифара -ди
дели
клуб да
тост -ар
лугь -уда
ида -з
я -ана
гьа-гьа-гьа
гьуьл -уь -н
къ -уна
цай
ида -ни
туш
урожай
кӏан -зава -й
катиз
и
зун
лугь -уда
чна
кас -ди -з
зу ни
хьи
кӏвал -ар -и -н
эскервил -е
хъф -ена
пуд а
кьан а -NULL
туш
рагьуллагь
арзу
ф -ена
пата -ни
вич -и -н
къаравул -ни
къе
ида к -яй
са
за
ина -л
ани -з
г -ана
за
руш -а -л -NULL
за -з
вахт
ваъ
гьа.бере да
руш а -н
ф -ена
хала
эй
гьа
патав
шумуд
ки
са
са
белке
кар
ибур
ну
гьалзавай
руш
идан
ида -ни
патав
кӏан -у -з
чка -ди -л -ай
рахкъур -нава
ибур -у
вуч
ки
кьил -е -л -NULL
тупӏал -ар
я тӏа
элягъ -на
тир
хуш.къве да
вун а
а
хт -ана
алуд
стха
руш
са
гила
т -мир
гьах -нава
вакай
къе -н -и -н
чан
арадлай
хт -ана
гила
лугь -уз
хкадар -да
ашукь -ди -з
гьейет да -л
ий -ин
кӏарас -ар
йухламиш
вуч -и -з
экъецӏ -на
рекь -ер
накьв
партия -ди -з
ф -ена
лагь -ана
тӏва
на
шуьбяддин
са
жув а -з
рекь -е -NULL
ахпа
дарман
хтун -да
и
лугь -узва
са
войска
кицӏ
гъил -е -NULL
мукьвал
зун
туш
руш а -з
вахт-вахтинда
и
гьа
куьч
ама -ч
са
ф -ена
са
вуча
къулдур -ни
эскервил -е
хъуву -рай
ий -из
руш -ни
тир
чи зва -й
алат -да
кӏан -зава
гагьат зава -ди
акв -ада
гъ -ида
дуьгуь -яр
балхун -да -й
има
межлис -да -NULL
хьир
чан
чун
рехъ
х -уьда
са
са
акъах -на
зун
шикил
гевгьер -ер -и -н
кан -и
атӏурвал
кӏватӏ
иер
лугь -уда
хкв -еда
балкӏан -ди -н
жив -еда -л -NULL
тийи зва -й
ини -з
вун
и
вичи -з
чуг зава тир
фи -н
докъкъузюз
са
юкъ -у -з
чпиз.чпиз.мукьвал
идани
гьим
пачагь -ди
лагь -ана
лагь -ана
са
кьуьл
хве на
лугь -уда
лагь -ана
руш -ни
гьуьл -уь -н
ава й -ди
лугь -узва
ала -й
зун -ни
агь
ат -ана
кӏан да
са
лагь -ана
хьи -з
вун а
хъуьт -и -хъ -ай
хьа на
кьарас
ама
ат -ана
патав
хьа на
ва
ат -ана
зи
шикил
вун а
гьул
ки
эээ
игьи зва -й
солдат -ар
ахъай -да
мин
дяве
ибур -ни
ви
гьалзавай
ада
хьа на
ун
исабала -ди -н
зун -ни
ана й
сад
хьайитӏа
же да -й
ат -ана
кицӏ
ман
ибурни
патак ай
а
гила
ахпа
вуч
вач
вири
чӏув -а -л -NULL
гьуьл -уь -н
лугь -уда
хам
кӏан да
тӏвар-ван
яшамиш -да
нефер -ди -в -ай
хьа на
ви
я @@@
руш -а -хъ -NULL -ни
ф -ена
якьур -на
руш
маркинлаи
гила
руш
ида
за
гала -з
кван
гьаят -да -NULL
са
гьам
араб -р -и -н
хьи
са
я -тӏа
чка
диде
руш
къарагъ -на
руш -а -ни
хырдалан да
элкъв -ена
гъил
зи
юкъ -у -з
лагь -ана
хьа на
яд @@@
и
ваъ
пачагь -ди -н
чан
лагь -ана
яд
им
нур
лагь -ана
лагь -ана
лагь -ана
дере -да -NULL
чун
дере -ди -н
гьи
гагьат -зава
и
кӏан -зава -й
за -з
ижаза
а
пис -вал на -й
хьи
ий -ин
къулухъ
яхцӏур
ки
гьисаб -зава
куьне
я -из
шикил
рафик а -н
эхир
галаз
за
чна
нефес
вири
вахг -ана
акъадра
воо
гьеле-меле
ав -уна
гьадисе -яр
чка -да -й
яни
им
пара
лугьу да -й
руш
а
ат -ана
чашмиш хьа на
кхь -ида -й
чи -ида -й
за хъ
чӏав -а -л -ай
лугь -уда
гъел
камран а -н
ханум а
лугь -уда
хт -ана
им
икӏа
чан
са
уьлкве -ди -з
руш
же да -й
гьа
къунши -яр
зу
са
сад-садахъ
экъ -из экъ -из
гъил -и -н
хьа -ана
лугь -уда
хипер
лугь -уда
эвер -на
хьа -нава -ш
балкӏан -ди
акъат
вуч
гаф
кьве
кака -яр
дуьз
зенг на
пачагь
куьмек -да
чун
лагь -ана
гада -ди -в -NULL
са
хьуй
са
ви -ч
гьаджи
и
галаз
терсина
руш -ни
чун
вилаят -да -NULL
ава
кичӏ -и -з
и
эвер -на
са
хъфе ай -ла
чи
ибурун
гьат -да
са
ф -ида
гьарад
я -тӏа
гьафте
дагъ
са
гъил -е -NULL
вахт -ар а
гьамам -да -NULL
вун
амна
за -з
диде
лугь -уда
кьвед лагь -й
зун
язух
за
гада -ди -з
бес
лагь -ана
кь -унва
гьакъикъет да -ай
лагь -ана
чун
чукур ай -ла
гада -ди -н
цӏийи
къач -уна
ӏ9
месела
хьий бур
акьва зва
чай -ди -з
ий -ин
эвицӏдама -из
за
накьв -ни
ибур -у @@@
лугь -уз
и
ак -ур -тӏа
ив -и -з
рах -азва
гьабур -и -н
ада -н -ди
шегьер
вич -и -н
патака ай -ни
за -з
гьуьл -уь -н
вуч
чи
са
хьуьруьнви -йр -и
гьа -да -з
руш
хьа -нава
велибек
акъат -на
чин ай
хьи
йис
лагь -ана
къв -еда
иер
цай
лагь -ана
зун
ва -з
лагь -ана
баш.уьсте
пармак -ни
вахт
яр
вун а
ама
лагь -ана
ана -ни
кӏарас -ар
са
зегьле фи зава й -ди
и бур и
гьада -ни
зун
яваш-яваш
шагьдагъ -ди -н
хьа -нава
станция -ди -н
бала -ди -н
хкаж
кьве
вуна
лагь -ана
кӏарас -ар
са
эсас
ат -ана
ан а -л
гьемиша
хъ -ч
дейесен
чи
район -да -NULL
передовой -ди -з
лагь -ана
ф -ена
чан
лугь -уда
баде
ма
ва -з
патав
луьткве -да -NULL
парк -ини -з
чир -на
лайих
гада -ни
нуьк -ер -ди -з
къай -и
руш
а
иеси
машин
кхьихь
за
вил
элкъв -ена
лугь -уда
уьлуьхъ -зава
же -н
ибур -у
ида -н
кут -уна
гьиниз
гьан ай
ат -ана
гада -ди -н
и
лугь -уда
гьуьл -уь -н
сонра
вири
гада -ди
гъил -и -к -ай
июн -ди -н
эвицӏ.хъийа
сад
лугь -уда
са
зи
акъат -на
вун
чӏехи
лугь -уда
къв -еда
ацукь -на
а -бур
зи
лагь -ана
рикӏ -а -л -NULL
рехъ
араб -ар -ни
и
кака
акъат -на -тӏа
гьуьл -уь -н
зегьмет -да -л -ди
и
руша
рекь -е -NULL
хьа -ана -ч -тӏа -ни
лугь -узва
са
вич -и -н
алукӏ на
акв -аз
за
чун -ни
са
мешок -ди -н
гада -ди -н
лагь -ана
ий -мир
кицӏ
кь -уна
лугь -уда
халу
чуьнуьх
мукьвал
миграгъ -р -и -н
къачал
ча -з
т- ак -урай
вун а
вич -и
гаф -ар
атӏ
гаф
ий -изва -ш
къачу зва -й
за -з
и
атӏу -из
гьи
кицӏ -ер
фе -нава -й
кукӏар -на
вич и -з
вал -ар -я -й
за -з
йис
лагь -ана
диде -ди -н
но
и
вау
иер
къвалах а -л
къачур -ла
кард
руш а -з
чка
г -узва
чира
рекь -е -й
кака -яр
солдат
за -з
мад -ни
чна
лугь -уда
лугь -уда
кьил -е -л -NULL
гум
хуьр ре
кьвед лагьай
граница -ди -з
кӏвал -е -NULL
и бур -и -н
вири да в -ай
гваз
пепе -йр -и -к -ай
гьахьта ай
анд-аманд
вуш
къв -еда
гьат -да
анава -й
има
бере -да -NULL
гьа
бес
зун -ни
исабала
вич -и в -ай
чун
за -з
ида -з
вуч -и -з
хта -нава
хт -ана
руш
эрмени -ди -хъ -NULL
ида -ни
луьтквечини
гада
руш -а -ни
больница -ди -з
лагь -ай
це
лагь -ана
лугь -уда
гьакӏ
и
ихьтин
ф -ида
лагь -ана
эрмени
мизан -ди
фу
вах а
зун -ни
кьиса
чӏав а -л
зун
тагу да ай
чугъ -ун
са
бес
лагь -ана
ф -ида
за
рак
ваъ
ф -ена -ш
няни хъ -ди
чна
чуьнуьхар зава
тереф
яраб
гагьат -зава
къарагъ -да
руш а -ни
сегьне
за
акъв -аз
кхьа -ана
югъ
ам
луьткве -да -NULL
жи
сефер -ни
лугь -уда
чна
къерар -ди -з
эхир
седакъет
вун а
къе
ч -ида -ч
тухв -да
ацукь -на
буба
туш
ахвар -из
ф -ида -й -ла
къуьне -л
мирес
и
лугь -уда
шагьдагъ -ди -н
ават -ана
и
пара
икьван
кь -уна
сад.лагьа на
гьуьл -у -н
лугь -уда
хьир
литва -ди -з
кӏан да
за в -яй
накьв
кицӏ
проверка
лайих
къул -а -NULL
зун -ни
алцурар -на
къе в -из
а да к -ай
кӏвач -ер гъил -ер
а
насруллагь
руш
вун а
лагь -ана
той
хьа -ана
лагь -ана
иер
ча хъ
фу-затӏ
за
лагь -ана
мад -ни
има
за -з
вац -ра -NULL
хкаж на
лугь -уда
вине
хъф -ена
миннетдар
вич -и -н
сад
вун
леке
чка да -л
хьа на
акъуд -на
гьейет -да -л -NULL -ни
амукъ да
шеле-куьлени
жив
хва -ни
шегьер
кӏалуб -ди -в -NULL
вири
т- ав -унва -й
имни
къван
тир
ана -й @@@
ибур -у -ни
лугь -уда
тфу
чун
тахьа ай -тӏа
ибуру в ай -ни
хуьр ре
газет -ди -н
кукӏв а -л
ча -з
шей -ни
садан
руш
чна
хуьр
гьа на
шей -ни
тир
же зва -ч
сакӏа -ни
фу
ава
ихьтин
шив -ди -хъ -NULL
има @@@
а
т- ах -урай
чан
кхь -изва
ни
гъел
къари
за -ни
кӏар
къ -уна
гьефте да
чая -р
алукӏ на
чуьнуьх.хьа на
инлай
иер
егье -зава
ашукь -ди -з
кафирдилайни
и -м
за хъ
гьуьл -уь -н
и
чка
и
кӏватӏ
хьа -ана
йис а
ана -й
и -м
хва
инсан
ибурун
и
гьа
тир
ава -ч -ир -ни
мектеб -ди -з
им
бес
са
чи -ун
акъуд -на
ина -л
а
ара да
мад
зун
сонра
къачу
сад.лагьа на
агъуз
ча -з
гум
лагь -ана
барзу
и бур
и
гьым
мукьва кьилир -и -з
ламрал
ва -з
им -ни
чун
къваз -нава
къуьн е -л
ссср
куд на
са
вун а
гьина
ф -ей
и
куту р
жемят -ди -з
тир
къар -л -ай
ишаре
ф -ена
ф -ена
булах -ди -н
тухв -да
я -тӏа
ин -и -з
вине -л ай
акъат -зава -ч
вуч
пачагь -ди -н
лугь -уда
диде
къе йиф -и -з
ахъай -на
лугь -узва
эламет -ар
канивил -и -н
эхир
хъф -ена
шей - -и -в -NULL
аллагь -ди -з
джагьан
диде
сакӏани
тӏвек
я -ни
гада -ди -з
са
иер
ресторан -ди -з
къахч -уна
комбинироват -на
эрмени
руш
кут -унва
кут -уна
за -з
къвед
зун
лагь -ана
жамаат -ар
гафар -да
ф -ена
хьир
буба
ният
за
т -уьна
ваъ
сад
акъадар -да
ф -ена
хуьр ай
хьа на
акъат -да
девлет
зи
мичӏи.бере да
буба -ни
ахпа
хьа -нава
зун
са
зун
ичӏер на
чип -ни
лагь -ана
ибур -у
вал -ар -я -й
ахпа
окружения -да -NULL
це
чун
ина -л
нуьмре.къве -з
хта -й -ла
лагь -ана
къуш
хьи
са
накьв
жанавур -ри
квез
ахъа -я -ла
гьабур @@@
лагь -ана
хьа на
ада -н
гъ -ана
чна
фендигар -вил -е -л -ди
пачагь
хьи
кицӏ -и -хъ -NULL
станция -да -л -NULL
са
хьа на
цех
гъавурда.акьу на
хьи
дежурный -ди -з
хве на
кӏватӏ
хьа на
ты
жаза
чинеба
лугь -уда
руш
кӏан -зава -й
гала -з
дуьнья -ди -н
ф -ена
ивиц из
лагь -ана
чун
ватан -ди -з
са
ина
и да -н
гьакӏ
чинеба
чӏехи
са
лугь -узва
куьтях -на
ида
сонра
гьа
руш
кеф
яда
гафариз
ат -ана
летний
акӏ
булах -ди -н
зи
башламиш -да
баку -да -NULL
галаз
ахъай -на
ат -ана
хъф -ена
гада -ди -з
ама
и
ци
масан
кицӏ
вахтинда амаз
хъсан
ашукь -ди -з
жуьйуьр
хьи
лугь -уда
ахъай -ин
и
кас -ди -н
хьа на
ани -з
лугь -узва
молодой -ар
айван -ди к
пуд
ча -з
за
акуна
гьикӏ
экъв -ена
фергьад
лагь -ана
чун
ну
вааар-девлет
гьахь -ун
ватан -ди -з
кӏвал -е -NULL
руш
ханум а
чин а
зун
кь -ада
цин
экъечӏ -на
пуд
ча -з
им
гевгьер -ар
анжах
атӏутӏ
и
гьинвайди
ф -ена
ак на -ни
агакь -на
рушан бур
зун @@@
за -з
доггуз да
акъат -на
изагьат -ар
са
вун
лагь -ана
за -з
чая -р
лагь -ана
гьуьл -е -л -ай
чи
гьат -из
эвечӏ на
г -айи
гуд-гуд
лагь -ана
эциг -да
кицӏ
адахлу
ида -з
за -з
акъат -на -тӏа
и
зи
къеле -ди -хъ -NULL
къачагъ -ар
къван
жи
туш
хкве -р -ла
еврей -ни
трамплин
гьабур -и хъ
ф -ена
яд
винел
хъа на
вуш
абур -у -з
мама
ахпа
лугь -уда
гьар
гьикӏ
са
гьар
хьа на -ч
хьа
ам
за
акъуд -на
са
ава -й
лагь -ана
гьабур -и
жагъур на
юкъ -у -з
чун
кӏан -зава -й
чпин
вак
къанни
вири
лугь -уда
чуьнуьх
смена -ди -з
руш -а -л -NULL
ва -з
гада -ди -в -NULL
ки
артух
гьаят -ди -л ай
пара
и
булах -да -л -NULL
где-то
гьа
патав
гада -ди -н
ашукь
кь -ада -тӏа
вич -и -н
са
ча -з
чир
гьарай
белке
за
ша
це
хъий -ида
кӏан -зава
а
вуш
чка
рекь -из
чпин
ибур -и -з
чи
я зава
вун
чун
пачагь
за
вири
досрочный
хьуй
чун
фу
ибур
за
кь -ада
за -л
лугь -уда
лагь -ана
ида -ни
лугь -уда
и
дербент -да -NULL
эхир
кӏватӏ -да -й -тир
лагь -ана
хьа на -ч
гьа~гьа
кӏватӏ
и
лугь -уда
мерека -ди -л -ай
сегьви
ава
зу
тфенг
чун
пачагь -ди -з
цӏуьцӏуьд
вуш
тӏвар
дагъустан -ди -з
дейинмиш
гада -ди
кван
дуьз -ди к
вуч зва
лагь -ана
отношение
хьа на
кьве
зу
кьве
цӏийи
гьин ай
ада
вил -ер -а -л -NULL
меслят
хьа на
кхьи
фир -вал
югъ
пачагь -ди -н
ий -из
хт -ана
и
рахк -ана
акъат -на
ама й -ди
ада
ава
ва -з
хьи
ак -ур -тӏа
хьир
мама
зу ни
чун
и
яб.акал -енма
палкан -ди -в -ай
кӏвач
гьана ра
ф -ена
кут -уна
чӏал -а -л -NULL
ава -тӏа
гевгьер -ар
са
са
лагь -ана
цӏийи
лугь -уда
са
фе на -ш та
кье йи
хьи
лагь -ана
цӏийи
рук -ар а -й
ат -ана
хъсан
вач
баку да
игила
къеле -ди -з
гурвал
г -ун
ада -н
луьтквечи
девир -да -NULL
кӏвал -и -з
накьв
домкультура -да -NULL
ва -з
икьван
къ -уна
тавунмаз
хва
сакит
лугь -уда
ама ай -ди
экъецӏ -да -маз
араб -р -и -з
кан -и
ф -изва
сят -ди -н
кьеайди
жер.кьван
нупа да -л
чая -р
лагь -ана
бес
вили
хьа -нава
хкве -р -ла
шеъ -ни
балкӏан -да -л -NULL
жанавур -ар
патак а ай
кьулухъ
хьу р ай
гъил
гьал зва -й
вилик
гьа
къапина
вил -ер -а -л -NULL
дерин
лагь -ана
рехъ
шагьдагъ -ди -н
ф -изва
зун -ни
хьа на -ч
эциг -да
акъуд -на
тир
балкӏан -да -л -NULL
кьарас
кьуд-вад
чан
ат -ана
гада -ди -з
нефер
хьайи -тӏа
гьа
ф -енва
ам
чна
акъат -на
куьмек -да -тӏа
вилаят -ди -з
гада -ни
американ р и
санти
и
хъсан
ма
чира
ма
вилаят -ра -NULL
исят да
а -бур
лагь -ана
гьафте -ди -л ай
иер
чна
къарагъ -на
вахга на
тир
хьи
затӏ -ар
къазах
дахма
чун
къеле -яр
има
сегьне -да -NULL
инри -з
тунва
лагь -ана
баки -да -NULL
лагь -ана -ч
чун
г -уда
ада к ай
саягъ
гьа да
гьа
къунши -р -и -з
кь -уна
вилик
ина -л
ни
са
цац -ар -а -й
им
са
и
я -из
та- хьур -ай
хутах
мукьвал
акъат -на
элкъв -ена
цона
лагь -ана
ава -з
бес
вучиз лагь ай тӏа
и
кӏан да й -бур
пара
за -з
ава -ч -ир
руш
садра -ни
жаван
къакъат -на
свас -ни
къалур зва
хьи
сад
агат -из
ф -ена
пуд а
хьа -нава
лагь -ана
руш -ни
вахт
машин -ди -н
лугь -уда
агъуз
лагь -ана
за
ма
лагь -ана
чка
гьикӏ
ма
къалуртав зава
чун
ягъа зва й -ди
цай
инра
къари
йикъ а -л -ай
гум
ишигъли
аку на
цай
яхцӏур
шагьдагъ -ди -н
якъин
хъв -ан
къач -уна
са
чун
югъ
руш
пара
яхцӏурни
ава -з
казарма -да -л -NULL
зун
сад
гьикӏ
твах
гада -ди -з
руш а -хъ -NULL
гьул
план
баша
гьуьл -уь -н
гила
тир
пер
за -з
им -ни
амукъназ
яд
вуш -ун
лугь -уда
ида
хьа на
за @@@
пачагь
ахвар а
акьах -на
хкв -еда
им
стихотворение
вун
ваъ
пачагь
гьа
чун
ахтынский
лугь -уда
кӏан -зава
са
са
ат -ана
гьим
хьир
и
лагь -ана
игила
пачагь -ди -н
и
хьа -нава
и
кван
лугь -уда
хьуй
цӏийи
лугь -уда
лугь -уда
туш
хьа -ана
лагь -ана
земляк -ар
ада -н
ки
ихьтин
ашукь -ди
гьам
лугь -узва
ча к -ай
фикирар -зава -ни
кӏан хьа й ила
тир
гада -ди -н
хъсанди
фи -ун
хьа на
виня -й
диде
лагь -ана
къач -уна
твах
ф -ида
кӏурцӏул
лугь -уда
жеда
лугь -уда
амукь -да
кь -унва
зун
лагь -ана
са
гаф
хьа -нава
и
балкӏан -ди -ни
хта -й -ла
хтун -да
им
икьван
мекьи
хьи
арадлай
тӏварча
лугь -уда
зу
гьана
техминан
са
и
ида -ни
рикӏ -и в -ай -ни
мани -йр -и -з
югъ
за
т -мир
ида @@@
ава
хагьиш -на
кӏарас -ар
хта -й -ла
ван
кума
накьв -ни
и
чуьгъена
зун
хипреин-малар
за
ва к -яй
хьур ай
гада -ди
лугь -уда
кӏвал а
лув.гана
ава -й -ди
лагь -ана
гала -з
кӏурцӏул -ар -ни
руш
кӏвал -и -з
и
хт -ана
ама -ч
балкӏан
та зва й -ди
келле къенд -ер
са
чан
вич -и -н
и
рук -ар -и -з
лайих
ава
за -з
за -з
ам
ви
хуьлуьхъ а
фу
къач -уна
и да -н
за -ни
баде
лагь -ана
гаф -ар
кицӏ
ибур
ибуру
ам
атӏ
мици
нуьсрет а хъ
хабар -ар
гьа
г -айи
хкв -еда
ва
асул
чун
шуьше
за -з
ида -з -ни
жаза
вич -и хъ
хьа на
ахъай -да
анава -й
гьуьл -уь -н
чун
кьве
дарман
ида
руш
отпуска
ава -тир
жив
адаз
пара
атӏутӏ
гъил -я -й
чун
миллет
хьа на й
шахар абур
и
лугь -уда
гьуьл -уь -н
хве на
нян -и -н
чӏулав
яшамиш -да
чан
гьа
и
кь -уна
иви
зи
кӏан -зава
бере -да -NULL
эхир
кут -ада
направление
хьа йи да -ла -й
ча -л
за в -яй
ина -й
за хъ
лагь -ана
гада
шикил
за
ава
алат -ана
везият -ди -з
са
кӏел -да -й
шив
гваз
къван
руш
ама
ма
кӏан да
ахпа
г -ана
вич
хуьр -уь -з -ди
гьакӏ
ам
ида -з
вич
вак
сад
исят да
тӏун
за
къул
мад
цӏийи
абур -и -з
са
нуьк -ер
хьа на
асвальт -да -л -NULL
ава й -ди
жемят -ди -з
хьа на
кицӏ
гьич
ак -уна
и
хъсан -вил -ер
ки
кицӏ -и -з
зу
аву -ана -тӏа
вич -и -з
ци
вуч и з лагь ай -тӏа
эрмени -ди -хъ -NULL
филан
ваъ
са
чашмиш
са
гьайван
башда
отвечает
за
ада -н
са
къуш
икӏ
иер
кӏан -да
гила
гьикӏ
кицӏ
ман
гьикьван
лагь -ана
гьин ай
ибур -у в -ай
фургъун -ни
вилаят -да -NULL
и
ида к ай
ахку на
куьтӏ.туву на
къван га на
вич -и -н
ава -ч
чи да
руш
хъсан
тегьер
и
кӏвал а
хъиж -еда
и
гьа
ва -з
мад
ки
хт -ана
лагь -ана
вуч
лагь -ана
верци
къеле -р -и -н
са
руш
чан
агъ -ана
са
кса -нава й
лугь -уда
за -з
кӏвал -ар а -NULL
бере
тӏварча
са
газет -ди -н
и
гада
цӏай
лугь -уда
къуьне -л
гъил -ер -и -в -NULL
бурулгъан
тухв -да
гьахь из
лагь -ай
йикъ а -л -NULL
кӏан да
вич -и
адрес
ч -ида -й
лагь -ана
чна
вич
башламиш -да
рук -ар -и -н
гьан
къерех -ди -л -яй
франция дай
акьуллу
вун а
паб
и
эхир
и
эээ
за -ни
миллет -ни
хьи
кӏан -из
агат -ана
ам
къал -ди
хъсан
регьмет -ди -з
чан
вил -и -к -ай
гьеле.бил
кесиб
хьур ай
пачагь -ди -з
лагь -ана
са
амукь -на
ат -ана
чун
ава
кӏан да
и
гьисаб -зава
руш
яшамиш
къерар -ди -з
лежет
аладар
зун
пачагь
стха -ди -з -ни
акъуд -на
жеда
шеъер
чан
кӏан -у -з
лугь -уда
лагь
эхъ -из
лугь -уда
тӏ -уьна
гъа -нава -й -ди
ви
къалуртав -мир
и
гуьзлемиш -зава
тир
къари
гьабур -и -з -ни
илисар -нава
иеси
за
абур -и
ина -л
лугь -уда
алат -да
ки
са
кӏурцӏул
кӏвал -е -NULL
и
я -тӏа
са
метлеб
эвел
гада
це
ма
гъил
чан
къ -уна
ва -з
и
ибуруни
ава -ч -из
чава ай
мугьубат -ди -к -ай
ибуру
как.раз
ахьтин
зун
хьа на
жи
вири
хта -й -ла
кичӏ -и
са
эхир
лугь -уда
гьуьл -е -л -ай
ф -ена
жи
эрмени -ни
къв -езва
белке
лугь -уда
няни хъ -ди
има
лугь -уда
пуд
гъил -е -NULL
лугь -уда
гьан -и -з
лугь -уда
диде -ди
са
вац -ра -NULL
ава
кьвед а -з
кӏан -зава -й
ахпа
а
аладрайтӏа
къенд -ер
г -узва
а
чун
руш
вуч
сад а
исят да
ина
за
ван
ки
лагь -ана
сад
гьина -й
алат -ана
мад
т -мир
лугь -уда
дуьз
и
ки
хьа -нава
кӏан -да -й
лув.гана
вахтун -да -NULL
ак -ур -тӏа
са
кхьи д
гьым
ама
же зва -ч
яд
зи
ацукь а -й -ла
паекни
идаз -л
ковш
сонра
кьвед лагь -й
вич и -з
зун
къулухъ ай
за
пачагь
лугь -уда
чун
буба -ди
вири
лам -ра -н
г -уз
и.арада
а
зун -ни
лагь -ана
исабала -ди -н
кьве
чан
идан
гьамам -ди -з
вил -ер
вун а
уьлуьхъ -из
тир
ва -з
лагь -ана
талыш
шагьдагъ
вун
ат -ана
руш
ава
фамилия
руш
зун
и
ман
пара
вич -и в
хьа -ана
ав -уна
лугь -узва
гьар
ви
лагь -ана
фи -зава
тӏвар -ни
хьуй
мад -ни
ани хъ
мертеба -ди -з
гада -ни
дере -ди -н
ф -ена
руш
им
чира
билет -ар
ягъ -ана
базар -да -л -NULL
акакь -да
хуьлуьхъ ай
ча -з
ав -уна
чи
акъуд -на
пулдал -ди
куьне
туькӏуьр -на
талыш -ди -н
вун
лугь -уда
са
за -з
за
пенжер -да -й
где-то
тамаш -зава
дуьз
акъах
хъв -аз
рак
кӏвал
накьв -ни
кӏвач
хъув -уна
чун
кӏват -из
белке
яд
вуч
седакъет
ви
и бур
и
са
лугь -уда
руш
гу зва тир
лугь -уда
ци
хъф -изва -й -тир
и
ф -ена
са
акуртӏа
хкуд -на
са
ибурун
и
ма
ки
галай
ашкъи -ди -н
са
тахьу -р ай
чун
белке
зун
гада -ди -н
за
сад @@@
вун а
къизил
инжиклу
гала -з
жугва -из
йикъ а -л -ди
ки
хьайи -ла
ада
лагь -ана
има
балкӏан -ди -н
хва
кӏан -и к
бере -да -NULL
яшамиш
кам -у -з
кан -и -вил -и -н
чун
къач -уна
лайих
ахвар а
пуд
ават -ана
мертебели
хьи
ахъат -зава
минометчик -ар
регьметлу
пара
руш
чахъ
чи зва -й -ди тучир
аллагь
тир
ханум а
вич -и -н
гъваш
ак -ур -тӏа
вич -и -н
вуч и з лагь -й тӏа
за -з
хтул -яр -ни
ф -ена
тӏа
а
кьуд а -з
лагь -ана
ада -н
гьадисе -яр
сонра
маракьлы
гьикьван
вич и -н
гьан а -л
гьа
тухв -да
и
шегьер -ди -з
ван
чна
рикӏ -е -NULL
рах -аз
ша
ма
а
югъ
исят да
гала -з
алцурар -на
са
ягъай зва й -ди
гьужум -на
вуч
буба -ди -з
вун
за -з
везир -ар
тир
ихтилат
абур -и
район -ди -з
эчеӏр -зава -й -тир
ак -ур -тӏа
лагь -ана
къай -и
хьи
руш а -н
кас
пачагь
руш
эмел -нава -ш
чна
гьуьл -у -н
гьамам -ди -з
са
къв -еда
метӏигъ -ар зава ай -ди
ча -з
хьа на
чал
гада -н
за -з -ни
ибур -и -н
ий -ида
вил -ер
гьуьл -уь -н
ата -нава
ф -ида -й -тир
хьайтӏани
зу
пуд
хъсан
уьлуьхтай -ида -вал
кьулухъ
и
кӏарас -ар
къачихъ
пуд
игила
ма
накьв
хьа на
эгер
кицӏ
кӏвал -а -л -яй
тир
ма
лагь -ана
хъув -уна
чи
и да -з
аял -ар
гьагь
лугь -уда
ки
ийи -зава
чна
жаван
лугь -уда
тӏ -уьна
элкъв -ена
къал
ибур -ни
мад
вуч -из лагьа -й тӏа
гада
вине -л ай
вун
ида -ни
ибур -у
чна
кьуьзуь
ч -изва
хьа -нава
ий -ин
мама -ни
са
имни
чал
пепе -яр
лагь -ана
ава
ахпа
гъил -я -й
иштирак на
вуш
ам
ахпа
гьах -нава
туш
за
хпер
ида к ай
икьван
эвел
зу
кьумек -ар
ида
ки
и
иви -ди
галаз
эхирни-эхир
ав -уна
иер
ва -з
гурвал
иер -ди
и
талыш
ф -из
цин
и
физвайди
ида
чагъу -ун
ки
илисар -нава
бес
агь
фикирар -зава
и да -л
иер
са
газет
ат -ана
за -з
вак -ар
девир -да -NULL
кцӏ -и -н
ибур
вун а
чан
имкан
къваз -на
а
и
эх
пачагь -ди -н
ч -ида -ч
стӏур а -ни
гада -ди -ни
адан
ма
план
иер -ди
ат -анва -й
къар л -ай
къенд -ер
гьана -л
лугь -уда
хкв -еда
лагь -ана
палкан
акван
хъф -ена
къанивил -и -н
немец -ни
юзух
руш
къе -н -и -н
са
югъ
лагь -ана
и
чка
кӏвал а
ина -л
гъ -ин
велибег а -н
кӏурцӏул -ди -з
алцурар -на
руфун -а -NULL
ават
хьа
и
ф -ида
гьаджи
ма
хъфе -нава -ч
г -узва -й
цл -ар -и -в -NULL
хьа на
лагь -ана
метлеб
тир
лугь -уда
авайбур
вилаят -ди -в -NULL
гада -яр
чун
гила
дейгъе -ди -л -ай
лагь -ана
лагь -ай
гьеле.бил
франция -ди -з
безханум а -з
лагь -ана
ва -з
кӏан -зава -й
диде -ди -з
има
са
къв -еда
лугь -уда
джагьан
мехъер -ар
вил -ер -а -л -NULL
вегь -ена
себриллагьахъ
гьабурузни
лугь -уда
ч -ида -й
берейра
ва -з
мез
акъах -да
чи -ун
лагь -ана
тамаш -на
мугьубат -ди -н
чун
таву р
ам
ина -л
чун
хва
акв -азва -й
зун
эциг ай -тӏа
лугьу да -й
ки
яргъи
ахпа
фи -ун
кхьа -й -тӏа
чун
г -уз
пачагьвализ
ава -й
ида -н
кӏвалах
вич
алдатмиш -ар зава
ятӏа -ни
ва -з
хьа -ана
къ -уна
руш а -н
седакъет
вун
руш а -н
гала -з
буба -ди
капитан
г -уз
кицӏ -и -з -ни
эвленмиш
пата в
хъайа
кьил -е -л -NULL
вун а
кьимет
лагь -ана
кӏвал-югъ
чун
ава -з
хьа на -ч
тафаат -ни
за -з
ашукь хьанвай
буба
лугьу да -й
лугь -уда
хкягъа
эциг ай -тӏа
стха
са
чубан -ди в -ай
вуш
жедач
зун
ахпа
валенка -яр
гада
гила
за -з
вич -и -н
садрахъ -ни
лагь -ана
ча -з
лугь -уда
экъецӏ
вири да -з
же зва -ч
хвеши
за
ава ай -ди
са
акъуд -на
гада -ди -з -ни
сад а -з -ни
пад
кьвед
мама
жемят -ди -з -ни
адан
аку
вич -и -н
агъ -ана
сад лагьа.на
лугь -уда
гаф
яд
бала -яр
къени -н
мугьарибе
ф -ида -й -ла
тир
сад
чан
сара -яр
ахпа
ара да
пек -ни
акв -ада
аку
ф -ена
гьин ай
лагь -ана
ма
чир -на
и
им
г -ана
ахъа -й из
хьи
юкъ -у -з
фикирар -зава -ни
кӏанагъ
хъсан
анжах
цай
ава -й -ди
чун
пачагь
вич -и -н
т -ада
са
им
гъваш
лугь -уда
кат ай
ава -тӏа
диде -ни
лагь -ай -ла
и
автокасса -ди -л -ай
пачагь -ди -н
ида -з
лагь -ана
ихьтин
ф -ена
гада -ди -з
сагье -да -NULL
юкъ -у -з
лагь -ана
алад
квахь а й
лугь -узва
ам
жанавур -ри -н
лув.гана
хьа на
аку
ава -з
тӏвар @@@
вилик
вилаят -ди -з
лугь -уда
гатазва
нуьсрет
за
а
ибурун
вун
кван
кювет -ди -из
гьуьл -уь -н
терези
бес
диде
шаир -ри -н
санихъ -ни
къерех -да -NULL
кьуд
пара
кьил -е -л -NULL
авуд -на
июн -ди -н
гьейет -да -й
чун -ни
рекъ е
тамаш -на
имран
стха -ни
эвер -да
вун
шеъ
вич -и -з -ни
эхьир
ахпа.хьиз да
рекь -ида
тахьай -тӏа
тир -тӏа
ф -ена
туш
гьануз ^0 -ди
къачу
ви
лагь -ана
гьафте
и
са
гьикӏятӏана
ала -й
и
бере -да -NULL
зун -ни
архаин
яд
юкъ -у -з
вун
хуш
лагь -ана
ин -и -з
гьикӏ
стха -ни
лугь -уда
за
югъ
себриллагь
ф -ена
хьа на
зун
це
чна
гада -ди -ни
ама -ни
дуьз
и
кӏурцӏул -ди
чуьл -да -й
ма
къеле -ди -з
хьир
гьа
чна
лагь -ана
гъ -ин
метӏегъ
хпер -и -н
за
тир
лап
ки
цайлапан -ри -к -ай
уже
иер
чукотка да
винел
вич -и -н
ки
за хъ
инал
вири да -з
тахьу -рай
за -ни
за
хьа й
гада
гевгьер -ар
къуш
цуьгъвен -ла ай
йикь
ава @@@
за -з
лугьу -ун
гъ -ида
ада
и
са
ваъ
пуд
фейила
ана
лугь -узва
акъваз да й
и
асул
цӏугъвена
чи
же да й
кьве
хкв -еда
хьа йи -ла
тир
къерех -ди -л -яй
ив а -н
руш а -к -ай
гьуьл -уь -н
са
ав -уна
истрагьет на
чка да -л
жагъи зва -й
ма
тучир
ибре
ва в
лугь -уда
кьуд а -з
за
азербайджан да
айир
рикӏ
а
кӏанчӏ -ина -л -ай
лугь -уда
акъах -на
миграгъ
къулухъ ай
ф -ена
за
амукь -ин
дуьз
севастополь да
кьуьзуь
чан
абур -у -з
багъиш -на -й
ма
и
элягъ -на
километр
бала
экъ -еда -й -тир
йис
кӏвал
же зва -й тир
дагъви
луьткве
пачагь -ни
лугь -уда
акъадар -да
гъ
руш а -ни
ибур
лугь -уда
же да ча в -ай
окружения -да -NULL
лагь -ана
са
хкат ай -ла
ани -з
гьым
ма
булах -да -л -NULL
за -з
вун
ки
притча
лугь -узва
гала -з
хуьр -уь -н
гъил -е -NULL
дарман
сонра
вирида
буба
эчӏер
вич -и -з
хьа на
къахч -уна
терези
фу
хьи
за -з
кван
гила
вегьши
ф -ида
са
фад
за
ван
гъил
лагь -ана
гьиниз
стха -йр -и -з
лагь -ана
сив
йетмиш
и
хъсан
вун а -ни
хъсан
къулухъ
и
винел
хьиз
фу
руш
хъ -ада
зава
гьи
ибур
ава
тфенг
сувар -и -з
къачу
са
г -уз
она.гуьре
рессам -ди -н
лагь -ана
ф -ена
гьа
хъифи -из
кӏан -зава -й
пака @@@
исят да
ава
зи
лугь -уда
экъв -езва -й -тир
эдалет
давай
акъадар -да
ча -з
ина
рекьи -мир
гевгьер -ар
за -з
сонра
калтуг на
элкъв -ена
ана -л -ай
он
зи
четин да
фасон
туш
за -з -ни
лагь -ай -ла
хъсан
тир
экъв -ена
документ -ар
ат -ана
лугь -уда
же зва -й -ди
лагь -ана
гада
чна
це
гьикӏ
машин
за -з
ават -ана
мисмар -ди -к -ай
же зва
жи
ф -изва
къакъат -на
кас
крар
хьа на -че
кӏан -зава -й
гада -ди -з
ибур -у @@@
хкягъи -н
ани -з
ахпа -ни
экъечӏ -зама -че
пара
шеъ
руш
шеир
отуз-кьырх
са
чун
ида -ни
ф -ена
тир
кӏан -зава
са
анал
гьама -ни
ви
алат на
акур
лугь -уда
меслегьетар -на
гьат нава й -ди
жув а -н
ини -з
и
газет -ди -н
чна
рекь -е -NULL
гала -з
чӏарч -ни в
мад @@@
лугь -уда
кӏан -зава
тир
пачагь
чна
кӏан да
за
седакъет
акъв -аз
зи
имни
ава -ч
тӏва
луьтквечи -ни
вири да
руш
лагь -ана
цва на
кьил -е -л -NULL -ни
и
лугь -уда
ухшар
икӏ
ахьтин
г -ана -тӏа
совет -ди -н
кӏан -зава
ихьтин
алат -да -ч ки
ча -з
лагь -ана
фронт
назад
гьа да -н
накьв
тике
им
хкв -езва -й
крар -и -к -ай
ида
гада
пуд
гьар
ва -з
лугь -уда
стол -да -л -NULL
хьайи -тӏа
чун
кьил -я -й
акур -ди
вич -и
ида
вааар-девлет
эхир
гада -ди
илисар -нава
гъваш
луьтквечи -ди -з -ни
зун
чирад а -з
ава
талыш -ди
за
лугь -уда
чна
гъуц -ар -и -з
са
кӏан хьа й ила
кьил -ер -ни
чна
шагьдагъ
ленинградом
хуьр -уь -н
къач -уз
садни
гъил -ер -и -в -NULL
руш
хьа -нава
за -з -ни
жаза
баде
муьстекъил
хтар -ар
тфенг -ни
ки
кут -унва
мах -ни
власти
г -ана
хьи
а
гуя
гъ -ида
мад -ни
зу
къваз -нава
кӏан -да -й
накьв
пара
туху зва -й
ругь
жемят -ди
ам
ат -ана
за
хьуй
а
ама -ш
пек -ни
тӏимил
пачагь -ни
ам
ахпа.хьиз да
гьа
тарих
гила
хъф -изва
шагьдагъ -ди -н
чукотка -ди -з
балкӏан -да -л -NULL
ф -ена
са
къуш
пачагь -ди -з
давай
хьа -ана
мина
чи
ида
игирми
са
за в -яй
лугь -узва
чара
же да ай
лугь -уда
аскан да
чна
г -уда
вири
гьабур -у
вич -и -з
кан -и
ки
зу
кут -уна
ахпа
са
за -з
пачагь -ди -н
хьа -нава -й
арадлай
ий -изва
ахпа
кьил -ер
садрахъ -ни
са
диде -ди -з
ки
части -н -и -з
ак -уна
амайбур @@@
имни
чи
и
ак -уна
т- ав -урай
вилик
гьана
литва -ди -з
за -з @@@
руш а -з
лугь -уда
зи
лагь -ана
севастополь -ди -з
ашукь
а
вун а
юлдаш
вун
инсан -ди
шеъ
руш
сакӏани
вич
рикӏ -е -л -NULL
десять
ат -ана
кь -уна
гада -йр -и
ф -ена
яд
чая -р
зун -ни
за
инсан -ри -з
руш
эцек -на
аял -да -л -NULL
ааа
къагъ -ана
лугь -уда
а -бур
къв -еда
муаллим -ди
идани
русский -ни
конфет
кӏвал а
лагь -ана
куьмек
хашперест
абунечияр
зун
хьа на
отказ
тх -уз
эвичӏ да
чун
вич -и -н
руш
бес
вуч
къач -уна
пачагь
кьил -е -л -NULL
руш -ни
са
яру
ана
хьи
лугь -уда
са
буба
кӏан
ама -ш е
рикӏ е -л ала ма
хьу -й
зун
регъуьла
ида -н
игила
ф -ида
хта -й -ла
лагь -ана
ава -й -ди
ана -й
безханум
къул а -з
вич
плен
гьикӏин
чун
аял -ар
винел
хьа -ана
хьа йи -ди
ана
джагьан
вуч -и -з
а
вил -ер -и -з
и
исабала -ди в
и
хъфелахъди
за
гьин
лагь -ана
ф -ена
катна
галат -на
и
гьагьана
ида -з
къуьн -е -л -NULL -ни
вун а
залан
мехъер -ар
за -л -ай
кӏан -да
къенд -ер
шив -ре -хъ -NULL
гада -ди -н
ну
чукур -да
хьиз
туш
им
гва -ч -из
же да -ч
чна
нян -и -н
лагь -ана
пешком
чӏалах
ма
рессам -ди -в -NULL
зун -ни
акӏ
кас
накьв -ни
са
акъат ай
гада
яӏта
ягъади
философия
гьабур -у -н
и
къач -уз
балкӏан -ди
гъваш
вуч
тир
зун
ф -ида
вилаят -ди -з
и
гада -ди -ни
чӏав -ар а -й
вилик
мегьман а -н
са
лугь -уда
ката
абур -и -н
мягькем
югъ
са
тагу да ай
хьайитӏани
идани
жуваз
ашукь хьа на
ат -ана
ф -ида
ки
тагьминан
за хъ
хьа на -ч
ва -з
киник
вун а
гъвечи да -з
гада -ди -ни
г -ана
руш -ни
лугь -уда
тухв -да
кӏвал -е -NULL
ча -з
и
лугь -уда
иер
сад
пачагь -ни
гва й тир
зун
гьимаенда.йашамиш
гат на
лагь -ана
хкат -ун
балхун -да -й
зи
хьа йи -ла
нумайенде -яр
лагь -ана
кьуьзуь
юкъ -у -з
итем
сад.лагьа на
чох.сагъол
катин
лазим
вун а
кӏвал -е -NULL
за
хъф -ида
акъуд -ун
ватан -ди -з
экъецӏ -да -маз
гулят на
диде
зун
эвел
хьи
чӏехи
гъил -е -NULL
балкӏан -да -л -NULL
ава
юкъ -у -з
самур -ди -н
гъ -ин
ун
баде
г -ун
и
териф
гевгьер -ар
къве
лугь -уда
килиг -на
саша
къул а -з
лугь -уда
а
шагьдагъ -ди -н
кьил -е -л -NULL -ни
ф -ена
абунечияр
ина
марал -ди -н
тир
вил -ер
ий -изва
и
ва
шикаят да
мукьва -л
а да -з
за -з
кь -ада
руш -ар -и -в -NULL
ихьтин
за
ахпа
лугь -уз
хкадар -да
чка
гаф -ар да -й
лагь -ана
зун
сергьед да
гъ
кьве
аял -ни
чун
гъил -е -NULL
район -ди -з
бере
цай
акъат -на
лагь -ана
гьина -й
къалуртав -зава
пепе
хьа на
и
тапара зава
фин
пака
лугь -уда
ун
хьа нва
са
марф
чи
ама ай
чи -з
гьам
миграгъ
ви
мад
туху зва -й
са
гьамбал -ар
чка да -л
йикьал ай
лугь -уда
са
са
кан -и
стха -ди -в -ай
хв -ена
литва -ди -н
сабур
и да -н
ам
зи
сад сада -л ай
хьиз
жуьре
бес
ат -ана
икӏа
вич -и -н
са
гъваш
гьейет да -л
хуьр -у -з
лагь -ана
кӏвал -и -з
чан
вун
къулдур
и
ида -ни
ви
иеси
лугь -уда
аял -ар
кӏвал
зун
лугь -узва
хт -ана
балкӏан -ди
руш -ар
эвецӏ -на
кӏвал -и -з
лагь -ана
гьикӏ
чка -да -й
къв -езва
кӏвал -и -з
ихьтин -бур
везир -ди
зи
шей -ни
ибур -у
куьтӏ
исят да
ида
къар л -ай
югъ
галат нава й
чубан -ди -н
акъат
хьа нва
прямой
галаз
иер
мад
хьи
ада
хкв -еда
цай
за
чӏил -ар
галаз
лугь -уда
ишаре
хъухъ
а
кьисмет -да -NULL
вуч -и -з
тир
зун
ида
гьал зва -й
са
зи
тар а -NULL
ф -ида
сад
эвецӏ -на
ибур -у
хьи
эхир
ат -ана
зи
имран а
гьуьл -уь -н
гъ -ана
хъсан
са
талыш -ди
пепе
кут -уна
ада
хьа -нава й
бешир
сада
лугь -уда
хьа -нава -ч
накьв
ф -ена
кь -уна
гафар -и к -ай
къайинене -ди -ни
ахират -ди -н
са
ахвар а
юруьмуш
гу д ай -вал
чан
вири -ни
зу
г -ана
кам
тӏимил.кьван
ахпа
ча -з
гьиниз
туьт -ер
гада
лугь -уда
ибур
жаза
стул -ар
цай
хер
илисар -нава
ахпа
хьи
гада -ди -з
хкаж
вилаят -ди -н
къвалах -ар
гвадар -да -й
ф -ена
са
гьахьт -и -н
самур
за
галаз
ава -ни
т- ак -урай
шеле-куьлени
са
гада
яхцӏур
гъвечӏи
гъел
има
ак -ур -тӏа
мех
рекь -ида
зун -ни
ва
лугьу да -й
эхиримжи
лугь -уда
эвер -ана
гьуьл -у -н
дуьз
кӏан -да
и
самур
терези -ди -в -NULL
а
за -з
пачагь
дуст
хьур ай
хва
валлагь-биллагь
анжах
бере -да -NULL
чубан -ди
са
эрзе
диде -ни
анжах
лагь -ана
ви
чан
зун
хьи
тамаш -на
алата -й -ла
худ.га на
экъ -езва
тамаш
гада -йр -и
и
ава
диде -ни
эциг -да
зун
гьамбал -ар
хъсан
вегь -ена
и
ваъ
ваха -ни
ибур -у
гада -ди
кьил -я -й
руш
вутӏ
чӏугва -из
гьуьл -у -н
вуш
лагь -ана
шикил
лагь -ана
инсан
чна
лагь -ана
ча -л
тир
вич и -з
рекъ е
иер
гада -ди -н
лагь
гада -ди -в -ай
бебир
къванши да -л
югъ
машин -ар а
вири
за
вахку да
хьи
станция
акунгаз
куьзар -да
гьакӏ
зун -ни
сувар -и -з
а
и
яд
са
хейли
гудий.вал
лагь -ана
фи -ун
хуш
ама й
хир
кард
сонра
цӏуьд
ча -з
мици
мугьубат -ди -н
и
тир
тӏвар
лагь -ана
хкаж на
хкв -езва -й
хта -нава
а -бур
хьа на
эхир
лагь -ана
са
къарагъ -ай -ла
и
ада -з
ма
са
са
са
акван
лагь -ана
руш -а -з ни
хъв -ана
ва
абур -у
уьлуьхъар -на
лагь -ана
агъ -ана
гьа-гьа
и
ваъ
лагь -ана
гьуьузуьр -ди -з
г -анва
руш -а -л -NULL
къунши
за
гьа
ида -ни
къ -уна
гьана ра
зу
лугьу да -й
эциг
ван