and
island
ɴᴍʟᴢ1 be =ᴄᴏЅ ɴᴍʟᴢ.ᴘᴄFʟ =1ᴀᴜɢII
tree
Utupua.Is
ɴᴇɢ ɴᴍʟᴢ1 sick ɴᴍʟᴢ.ᴘᴄFʟ =1ᴀᴜɢII ɴᴇɢ
ᴅᴇᴍ2.ᴘʀᴏχ
Rʟ.3ᴀᴜɢ sleep =ᴄᴏЅ =3ᴀᴜɢIS
ᴅᴇᴍ2.ᴅɪѕᴛ
and
ᴘʀᴇᴘ
day
iRR give .BZ(PDIR.YON)=O(1MINI)
ᴅᴇᴍ2.ᴅɪѕᴛ
or
ᴘFᴠ
ᴘFᴠ
back.part
ɴᴍʟᴢ1 search ᴛR ɴᴍʟᴢ.ᴘᴄFʟ =1ᴀᴜɢII
ᴘFᴠ
Rʟ.3ᴀᴜɢ be =ᴄᴏЅ =3ᴀᴜɢIS
ᴘFᴠ
a
ѕᴜʙʀ
Baengr
ѕᴜʙʀ new
ɢᴇɴ1ᴀ =3ᴀᴜɢII
Rʟ hang GᴅiR.OUT ᴀᴘᴘʟ =1ᴍiɴII
ᴘʀᴇᴘ
yes
there
ɴᴍʟᴢ1 convert.s.o. ɴᴍʟᴢ.ᴘᴄFʟ =3ᴀᴜɢII
stand GᴅiR.IN PᴅiR.YON =3ᴍiɴIS
ᴛᴘɴʏᴍ
ᴘʀᴇᴘ
Rʟ ᴍiᴅ say =ᴄᴏЅ .BZ(PDIR.YON)=O(1MINI)
ɴᴇɢ feel.sad ɴᴇɢ
Bznwz.vil
ᴅᴇᴍ2.ᴅɪѕᴛ
where
captain
different ᴘʟ
dat=1augII
ɢᴇɴ1ᴀ
be.1ᴀᴜɢII
make iɴᴛЅ GᴅiR.UP
and
ᴅᴇᴍ2.ᴅɪѕᴛ
both
man ᴠR
ᴅᴀᴛ =3ᴍiɴII
ѕᴜʙʀ big
prayer
mind
and
Rʟ pick afterward =1ᴍiɴI
all
ɢᴇɴ1ᴀ
ᴘʀᴇᴘ
year
ᴅᴇᴍ2.ᴅɪѕᴛ
Rʟ break =ᴄᴏЅ
but
ᴘFᴠ
ѕᴜʙʀ
ᴍiᴅ say PᴅiR.HITHER =3ᴍiɴIA
there
ᴘʀᴇᴘ
ᴘᴄFʟ.drink =1ᴀᴜɢII
ᴘFᴠ
house
so.then
and
people
be.good
ᴘʀᴇᴘ
none.;.lack;.none
moon.
ᴅᴇᴍ2.ᴅɪѕᴛ
back.part =3ᴍiɴII
again
there
dislodged GᴅiR.DOWN
ѕᴜʙʀ
ѕᴜʙʀ big
chapter
peace
wave
miracle
Фɴᴛ.ᴘʟ
ᴄᴏᴍ.
ᴅᴇᴍ2.ᴅɪѕᴛ
some
bite iɴᴛЅ PᴅiR.YON =3ᴍiɴIA
iRR give .BZ(PDIR.YON)=O(1MINI)
3ᴀᴜɢ1 want =ᴄᴏЅ
ɴᴍʟᴢ1 paddling ɴᴍʟᴢ.ᴘᴄFʟ =3ᴀᴜɢII
Rʟ obey =ᴄᴏЅ also =3ᴍiɴIA
and
iRR live,.stay together =ᴄᴏЅ =1ᴀᴜɢI
ѕᴜʙʀ
ᴘFᴠ
ᴘʀᴇᴘ
creeper.climber
see GᴅiR.OUT PᴅiR.HITHER
gun
ᴘʀᴇᴘ
day
Rʟ sit around ᴀᴘᴘʟ =1ᴀᴜɢI
ɴᴇɢ fitting =ᴄᴏЅ =3ᴍiɴII ɴᴇɢ
ɴᴍʟᴢ1 go ɴᴍʟᴢ.ᴘᴄFʟ =1ᴀᴜɢII
those
dat=3augII
ɴᴍʟᴢ1 go ɴᴍʟᴢ.ᴘᴄFʟ =1ᴀᴜɢII
body =1ᴀᴜɢII
daughter =3ᴍiɴII ᴘʟ
ѕᴜʙʀ
WHAT
priest
ᴘʀᴇᴘ
ᴄᴏᴍ.
lightning
Rʟ shoot =ᴄᴏЅ ᴀᴘᴘʟ PᴅiR.HITHER =3ᴍiɴIA
ᴘʀᴇᴘ
be.like
thing
iRR feel.sad ᴀᴘᴘʟ
ship
WIRELESS
those
Rʟ be =STILL
stay iɴᴛЅ PᴅiR.YON
ᴅᴇᴍ2.ᴅɪѕᴛ
ᴅᴇᴍ2.ᴅɪѕᴛ
brother.of.a.female =3ᴍiɴII
ᴘᴄFʟ.rsbl
be.1ᴀᴜɢII
ɴᴍʟᴢ1 enter.in ɴᴍʟᴢ.ᴘᴄFʟ =1ᴍiɴII
be.1ᴀᴜɢII
be.schooled
neck =3ᴀᴜɢII
none.;.lack;.none
ɴᴍʟᴢ1 make ɴᴍʟᴢ.ᴘᴄFʟ
house
a
do.slowly;.slow
ɴᴍʟᴢ1 take =ᴄᴏЅ ɴᴍʟᴢ.ᴘᴄFʟ PᴅiR.HITHER
man
ᴘFᴠ
doctor
ship
again
be.3ᴍɪɴII
ᴘᴄFʟ.rsbl
star
time
ѕᴜʙʀ
time
day
and
Lungga
ᴘFᴠ
ᴘᴄFʟ.inherent =3ᴍiɴII
female
ᴘʀᴇᴘ
iRR go =ᴄᴏЅ first =1ᴍiɴI
needlefish
ɴᴍʟᴢ1 ᴍiᴅ exchange ɴᴍʟᴢ.ᴘᴄFʟ =1ᴀᴜɢII
ᴘFᴠ
Rʟ lying.down GᴅiR.DOWN PᴅiR.HITHER
ɢᴇɴ1ᴀ
ᴀᴄᴄ =1ᴍiɴII
morning
ɴᴍʟᴢ1 tell ɴᴍʟᴢ.ᴘᴄFʟ =3ᴀᴜɢII
TROCHUS
go PᴅiR.YON
ᴘFᴠ
time
ᴘʀᴇᴘ
ѕᴜʙʀ
ᴘFᴠ
ᴅᴇᴍ2.ᴅɪѕᴛ
base
3ᴀᴜɢ1 see =3ᴀᴜɢII
John
ᴘᴄFʟ.rsbl =1ᴀᴜɢII
ɴᴍʟᴢ1 ᴍiᴅ put ᴀᴘᴘʟ PᴅiR.YON
be.3ᴀᴜɢII.
ѕᴜʙʀ
and
and
ᴘFᴠ
iRR exchange =ᴄᴏЅ =3ᴍiɴIA
time
so.then
ᴀᴛ.фɴᴛ.ᴘʟ.ᴘʟ
ɴᴍʟᴢ1 make ɴᴍʟᴢ.ᴘᴄFʟ
ɢᴇɴ1ᴀ
a
go ᴅᴘᴠ GᴅiR.DOWN =3ᴍiɴIA
ᴘʀᴇᴘ
iRR see =1ᴀᴜɢI
ɴᴍʟᴢ1 fall.down ɴᴍʟᴢ.ᴘᴄFʟ PᴅiR.HITHER =3ᴀᴜɢIA
be.1ᴀᴜɢII
and
ᴀᴄᴄ =1ᴍiɴII
be.schooled
because
sea
and
ɢᴇɴ1ᴀ
CABBAGE.PALM
ᴄᴏᴍ.
feel iɴᴛЅ GᴅiR.IN =3ᴍiɴIA
name =3ᴍiɴII
marry GᴅiR.DOWN =3ᴍiɴIS
man
ᴘᴀЅ worship
ᴘᴀЅ restrict ᴀᴘᴘʟ
iRR become .BZ(PDIR.YON)=O(1MINI)
and
ᴛᴘɴʏᴍ
ᴘFᴠ
bush
and
bad GᴅiR.IN
Nemya'.
those
ᴄᴏᴍ.
ᴘʀᴇᴘ
Rʟ.3ᴀᴜɢ speak PᴅiR.HITHER
time
hear
Rʟ begin GᴅiR.IN =ᴄᴏЅ =3ᴍiɴIA
and
house
man
because
tsunami
Rʟ go =ᴄᴏЅ =1ᴀᴜɢI
ᴘᴀЅ know GᴅiR.IN PᴅiR.YON
none.;.lack;.none
there
little
field
class
those
Rʟ go =ᴄᴏЅ =1ᴀᴜɢI
ѕᴜʙʀ big
be.good
those
ᴘʀᴇᴘ
ᴅᴇᴍ2.ᴅɪѕᴛ
ᴘʀᴇᴘ
ᴅᴇᴍ2.ᴅɪѕᴛ
bird's.nest.fern
ѕᴜʙʀ
Rʟ remember =ᴄᴏЅ =3ᴍiɴIS
ᴍiᴅ say PᴅiR.YON
ᴘFᴠ
be.good
ᴛᴘɴʏᴍ
and
those
ѕᴜʙʀ
many
and
priest
RᴘRɴ2 ᴘᴄFʟ.rsbl =3ᴀᴜɢII
ᴅᴇᴍ2.ᴅɪѕᴛ
sleep =1ᴀᴜɢI
so.then
none.;.lack;.none
and
ᴅᴇᴍ2.ᴅɪѕᴛ
captain
ɴᴍʟᴢ1 leave afterward ɴᴍʟᴢ.ᴘᴄFʟ =3ᴀᴜɢII
many
iRR remove PᴅiR.YON =3ᴍiɴIA
female
be.1ᴀᴜɢII
wound.dresser
some
ɴᴇɢ sleep true =1ᴀᴜɢI ɴᴇɢ
ᴅᴇᴍ1.ᴅɪѕᴛ
iRR ᴄᴀᴜЅ carry =2ᴀᴜɢI
ᴘʀᴇᴘ
ɢᴇɴ1ᴀ =3ᴍiɴII
ACC.2augᵢᵢ
salt.water
Natqgu
first
day
ѕᴜʙʀ
ᴅᴇᴍ2.ᴅɪѕᴛ
ᴘʀᴇᴘ
Philip
if
Rʟ.3ᴀᴜɢ ᴍiᴅ peel =3ᴀᴜɢIS
ɢᴇɴ1ᴀ
ᴅᴀᴛ =3ᴍiɴII
ᴘᴄFʟ.rsbl
finished
or
time
ᴅᴇᴍ1.ᴅɪѕᴛ
that.one
and
ɴᴇɢ stay ᴀᴘᴘʟ GᴅiR.DOWN =ᴄᴏЅ ɴᴇɢ
image
arrow
and
ᴅᴀᴛ =3ᴍiɴII
people
GRACIOSA.BAY
bite
see GᴅiR.IN =1ᴀᴜɢI
basket
green
Bokapwr
be.1ᴀᴜɢII
ѕᴜʙʀ big
and
they.here
month
island
ᴘʀᴇᴘ
that.one
stone
gather
bay
ᴘʀᴇᴘ
Lvepx.vil
cross
ᴅᴇᴍ2.ᴅɪѕᴛ
Rʟ.3ᴀᴜɢ be.schooled ᴛR
ѕᴜʙʀ 3ᴀᴜɢ1 be.schooled
ѕᴜʙʀ
ᴘʀᴇᴘ
those
and
AFTER
3ᴀᴜɢ1 many
pull.out iɴᴛЅ GᴅiR.OUT =THEM
three.of.them
say =ᴄᴏЅ PᴅiR.YON
ɢᴇɴ1ᴀ
ᴅᴇᴍ2.ᴅɪѕᴛ
ᴅᴀᴛ =3ᴍiɴII
ᴘʀᴇᴘ
be.3ᴍɪɴII
week
Rʟ sick
and
search =3ᴍiɴIS
ᴘʀᴇᴘ
sixth
Lrlvz
Rʟ ᴄᴀᴜЅ break PᴅiR.YON =1ᴀᴜɢI
ᴘʀᴇᴘ
and
3ᴀᴜɢ1 say PᴅiR.YON =3ᴀᴜɢIA
they.here
hat
ѕᴜʙʀ
rain
and
pineapple
those
market
Rʟ see =ᴄᴏЅ =3ᴍiɴIA
ѕᴜʙʀ
and
people
year
thing
ᴄᴏᴍ.
iRR go know,.able,.can .BZ(PDIR.YON)=O(1MINI)
rope
priest
ᴅᴀᴛ =1ᴍiɴII
field
ɴᴇɢ be.good actually ᴀᴘᴘʟ =3ᴍiɴII ɴᴇɢ
ѕᴜʙʀ
name =3ᴍiɴII
ᴘʀᴇᴘ
Malay.apple ᴘᴄFʟ.drink =1ᴍiɴII
ᴘʀᴇᴘ
ᴘʀᴇᴘ
ѕᴜʙʀ 3ᴀᴜɢ1 little
there
day
iRR be
ᴀᴄᴄ =1ᴍiɴII
chicken;.bird
ᴘʀᴇᴘ
back.part
ᴅᴇᴍ2.ᴅɪѕᴛ
man
ᴘʀᴇᴘ
ɢᴇɴ1ᴀ
ɴᴍʟᴢ1 be ɴᴍʟᴢ.ᴘᴄFʟ
ᴘFᴠ
ᴘᴀЅ ᴍiᴅ say PᴅiR.YON
ᴏRᴅ three
wind.W
people
ᴘʀᴇᴘ
ᴅᴇᴍ2.ᴅɪѕᴛ
a
there
ᴘFᴠ
pot
but
if
ᴘᴄFʟ.ʙ&ɢ
father =1ᴍiɴII
Rʟ paddle =ᴄᴏЅ =1ᴀᴜɢI
doorway
ᴅᴇᴍ2.ᴅɪѕᴛ
Rʟ stand GᴅiR.OUT ᴀᴘᴘʟ PᴅiR.HITHER
brother =1ᴍiɴII
house
neck =3ᴀᴜɢII
cave
ᴅᴇᴍ2.ᴅɪѕᴛ
night
arrow
female
ᴛᴘɴʏᴍ
ɴᴍʟᴢ1 try ɴᴍʟᴢ.ᴘᴄFʟ PᴅiR.YON =1ᴀᴜɢI
stay,.live,.be first ᴀᴘᴘʟ =1ᴍiɴII
boat
ᴘʀᴇᴘ
ᴘʀᴇᴘ
alright
go =1ᴍiɴII
ᴅᴇᴍ2.ᴅɪѕᴛ
ɢᴇɴ1ᴀ
stone
ѕᴜʙʀ
RᴘRɴ2 ᴅᴇᴍ1.ᴅɪѕᴛ =3ᴍiɴII ᴘʟ
ѕᴜʙʀ
doctor
spider.web
Rʟ catch GᴅiR.OUT ᴀᴘᴘʟ =3ᴍiɴIS
ᴘʀᴇᴘ
there
ᴘᴄFʟ.hand
clam
there
food
ᴘʀᴇᴘ
put GᴅiR.IN together PᴅiR.YON =3ᴍiɴIA
and
ᴍiᴅ say PᴅiR.YON
lake
rain
go GᴅiR.DOWN PᴅiR.HITHER
Rʟ ᴍiᴅ say =ᴄᴏЅ PᴅiR.YON =3ᴍiɴIA
ᴘʀᴇᴘ
ɴᴍʟᴢ1 ᴍiᴅ see ᴛR ɴᴍʟᴢ.ᴘᴄFʟ =3ᴍiɴII
ᴘᴄFʟ.ʙ&ɢ =1ᴀᴜɢII
Rʟ go GᴅiR.UP =1ᴀᴜɢI
and
see =1ᴍiɴI
ᴄᴏᴍ.
morning
good
paddle GᴅiR.DOWN =3ᴍiɴIS
be.like also =3ᴍiɴIA
ѕᴜʙʀ many
3ᴀᴜɢ1 start =3ᴀᴜɢIS
3ᴀᴜɢ1 ᴍiᴅ say GᴅiR.UP PᴅiR.HITHER =3ᴀᴜɢIA
be
old.woman
those
ɢᴇɴ1ᴀ
and
ᴘFᴠ
go UᴅiR.PATH =ᴄᴏЅ PᴅiR.YON =1ᴀᴜɢI
because
and
two;.couple
ɴᴍʟᴢ1 vomit ɴᴍʟᴢ
ᴘFᴠ
ᴅᴀᴛ =2ᴍiɴII
3ᴀᴜɢ1 convert.s.o. also =3ᴀᴜɢIA
ѕᴜʙʀ one
ɴᴍʟᴢ1 go FOLLOW =ᴄᴏЅ ɴᴍʟᴢ.ᴘᴄFʟ =3ᴍiɴII
ᴘʀᴇᴘ
SOUTHERN.CROSS
thank iɴᴛЅ =ᴄᴏЅ
but
stand GᴅiR.IN PᴅiR.YON =3ᴍiɴIS
and
ᴘFᴠ
ѕᴜʙʀ
both
home.by.the.sea