ano̱polí#speak,.say,.talk -l#1SI -áchi̱#IRR -h#TNS
mano#that:one
a̱#1sIII
a̱#1sIII
ikhana#learn
ikbi#make -t#PART
anóti#again
-kiya#KIND:OF
makáchi#say. -t#PART
hi#be -hma̱#WHEN
okmanána#WHATEVER.KIND.OF
a̱tta#exist.(of.one) -li#1SI -h#TNS
to̱ksa̱li#work
hashki#my.mother
í-#1PI
hachim-#2PIII
shokshi#watermelon
pí#just
il-#1PI
lha̱kko#be:strong. -t#PART
-ak#LOC
sa-#1SII bíshakni#nose
okla#people
anóti#again
ná#something
tahli#finish. -li#1SI -ttók#REM.PAST
am#1sIII
ná#something
yohmi#do.so,.to.happen -h#TNS
hachi-#2PII
a̱#1sIII
tohchína#be:three
ikhana#learn
kaníya#go.away -li#1SI -ttó#REM.PAST -sh#PART:SS
ikbi#make
okla#people
yohmi#do.so,.to.happen
yohmi#do.so,.to.happen
il-#1PI
chokka#house
ish-#YOU
yohmi#do.so,.to.happen
á-#LOC ikhana#learn -tok#PST
takkon#peach
hi#be -hma̱#WHEN
alhlhi#edge
í-#1PI
osápa#field
okla#people
okla#people