niign#the.way
na-#IT. tet-#INC:Ø.IPV:D. shyah#SG.go:PFV
u-#AR.S. nee-#QUAL:DH.PFV:Ø. haal#spend.night:PFV:NOM
ch'itay#old.man
eł#when
nih#say:IPV
noo'#ahead:ALL
jah#here
łįį#dog
eh-#3SG.S:Ø.IPV:H. tii#SG.die:PFV
łįį#dog
k'i-#ON.TRAIL 'ah-#Ø.IPV:2PL.S:Ø. deeł#PL.go:IPV
hih-#3PL.S. nįį-#N.PFV:Ø. deel#PL.go:PFV:NOM
na-#IT. tuu-#3SG.S:INC:OPT. daagn#D:SG.go:OPT:CUST:NOM
jah.dugn#THERE
iin#PL
shiin#summer
chih#also
hah-#NTRL. nǫǫ#ahead:ABL
t'iin#people
ch'-#INDF.PSR. aadeh#older.sister
hu-#3PL.O. u-#CON. et-#DH.PFV:D. sih#be.called:IPV
xa'#EMPH
dii#what
sh-#1SG.O. aadeh#older.sister
chih#also
tsat#wood
s-#1SG.PSR. tsǫǫ#grandmother
da-#INSIDE. nįį-#N.IPV:2SG.S:Ø. haay#SG.go:IPV:IMP
naagn'#eye
hu-#3PL.P. tah#among
shyiit#in
tih-#INC:AA.IPV:1SG.S:Ø. dįįł#do:FUT
hih-#3PL.S. deh-#QUAL:DH.PFV:H. k'an'#be.burning:IPV
ch'ale'#FOC
ay#and
sh-#1SG.PSR. nąą#mother
eh#and
dį'#do:IPV
hi-#3PL.S:Ø.IPV:Ø. dąy#do:IPV:NEG
ts'exeh#woman
na-#CONT. thuu-#SKIN. 'eh-#3SG.S:DH.PFV:H. tįį#handle.AO:PFV
k'ahmann'#morning
hǫǫ-#AR.S:Ø.PFV:Ø. łįį#be:IPV
ch'a#FOC
nuh-#2PL.P. xah#for
łįį#dog
t'eey#ADVZR
eh#and
hu-#3PL.PSR. shyi'#food
shyiign#there
s-#1SG.PSR. tsǫǫ#grandmother
hih-#3PL.S. dii-#QUAL:QUAL:Ø.IPV:Ø. tth'ak#hear:IPV
ch'i-#DIFFERENT. nts'ąą'#how
u-#QUAL:Ø.IPV:Ø. dzeh'ogn#lung
s-#1SG.PSR. tsąy#grandfather
ha-#?. dih-#QUAL:AA.PFV:1SG.S:Ø. 'ąą#handle.CO:PFV
xah#PURP
ay#3SG
ee-#3SG.S:DH.PFV:Ø. dlah#classify.PL.O:IPV
k'ahdu'#now
he-#3PL.S:Ø.IPV:Ø. nih#say:IPV
hǫǫ-#AR.S:Ø.PFV:Ø. łįį#be:IPV
ay#3SG
sta-#AWAY. a-#IT. ch'i-#INDF.O. h-#3PL.S. deh-#QUAL:DH.PFV:H. tįį#handle.LRO:PFV
t'eey#ADVZR
ch'itay#old.man
hu-#3PL.P. 'i-#PP. chi-#PRETEND. jel-#INDF.S:QUAL:DH.PFV:L. nih#say:IPV
eh#and
k'it#on
k'ahdu'#now
y-#3SG.S>3SG.O. uu-#CON:Ø.IPV:Ø. nih#think:IPV
y-#3SG.S>3SG.O. eh-#3SG.S:Ø.IPV:H. t'iah#roast:IPV
a-#ADJC. na-#MED. shyuugn#down:AR
t'ah#also
ts'ikeey#children
k'it#on
sh-#1SG.PSR. ta'#father
y-#3SG.S>3SG.P. eh-#Ø.IPV:H. nih#say:IPV
lah#NEG
sh-#1SG.P. k'eh#in.language.of
sh-#1SG.PSR. chil#younger.brother
na-#IT. tsi-#1PL.S:INC:Ø.IPV:Ø. deeł#PL.go:IPV
ay#3SG
ee-#3PL.S:DH.PFV:Ø. dlah#classify.PL.O:IPV
hǫǫ-#AR.S:Ø.PFV:Ø. łįį#be:IPV
mb-#3SG.P. aa#for
ti-#INTO.WATER. nįį-#N.PFV:Ø. that#SG.experience:PFV
hu-#3PL.P. 'i-#PP. chi-#PRETEND. jel-#INDF.S:QUAL:DH.PFV:L. nih#say:IPV
hǫǫ't'eey#still
shyiit#in
ch'a#FOC
ay.eh#AND.THEN
dheh-#QUAL:DH.PFV:H. xįį#kill.SG.O:PFV
t'eey#ADVZR
ch'iithoo#scraper
di-#REFL.PSR. chinh#stump
t'oot'eey#but
k'eh#following
jah#that
ch'itay#old.man
neexon'#1PL
nduuk#where:AR
k'a#NEG
ah-#NTRL. nogn#upland:AR
na-#PRMB. tsit-#1PL.S:INC:Ø.IPV:D. dek#PL.go:IPV:CUST
hu-#3PL.P. tah#among
hu-#3PL.P. k'aa'#gun
ch'a#FOC
ha-#ADJC. na-#IT. deg'#up:ALL
n-#2SG.O. dąy#do:IPV:NOM
hi-#?. k'eh#tracks
he-#3PL.S:Ø.IPV:Ø. tsah#cry:IPV
dąą'#thus
ha-#NTRL. dogn#up:AR
aa-#3SG.S:AA.IPV:Ø. haał#SG.go:IPV:PROG
ch'itay#old.man
ya-#CONT. he-#3PL.S:Ø.IPV:Ø. dak#PL.go:IPV:CUST
tay'#again
ay.tl'aan#AND.THEN
xał#sled
k'at'eey#NEG
eh#and
shyiit#in
ch'a#FOC
ishyiit#there
oh#oh
du'#CT
tąy#trail
hu-#3PL.P. ch'a'#away.from
hǫǫ't'eey#still
iin#PL
tįh-#INC:AA.IPV:2SG.S:H. tsayh#make.SG.O:FUT
n-#2SG.P. ttheh#in.front
t'eey#ADVZR
u-#3SG.P. xah#for
u-#3SG.PSR. da'#mouth
t'axoh#finally
k'ahdu'#now
iin#PL
kol#NEGEX
ni-#UP. ee-#3SG.S:DH.PFV:Ø. shyah#SG.go:PFV
s-#1SG.PSR. tsǫǫ#grandmother
dzi-#DANCE. hel-#3PL.S:Ø.IPV:L. shyee#PL.mourn.dance:IPV:CUST
chih#also
y-#3SG.S>3SG.P. eh-#Ø.IPV:H. nih#say:IPV
shyįį'#only
tah#at:AR
hah-#NTRL. 'ogn#out:AR
nts'aa'#what
shyiit#in
naadlįh#instead
na-#IT. 'at-#3SG.S:AA.IPV:D. shyah#SG.go:PFV
dąą'#thus
nuh-#2PL.PSR. ts'iikeey#children
ee-#3SG.S:DH.PFV:Ø. dah#SG.sit:IPV
sh-#1SG.PSR. dia'#younger.sister
chih#also
tl'uuł#rope
ch'i-#INDF.PSR. t'aa#SG.fly:IPV:NOM
tat'eey#also
nee-#1PL.P. xah#for
nah-#MED. tet-#INC:Ø.IPV:D. degn#up:ALL
ayt'oo#ok
jah#here
dineey#people
hu-#3PL.P. det-#QUAL:Ø.IPV:D. nąy#teach:PASS:IPV:NEG
k'at'eey#NEG
t'eey#ADVZR
hiiy-#3PL.S>3SG.O. uu-#CON:Ø.IPV:Ø. si'#name:IPV
hih-#3PL.S. dįį-#QUAL:Ø.PFV:Ø. tsįį#be.hungry:IPV
ee-#3SG.S:DH.PFV:Ø. dah#SG.sit:IPV
sh-#1SG.O. dhįh-#QUAL:DH.PFV:2SG.S:H. shyiiy#save:PFV:NOM
kelahdzeey#spider
t'eey#ADVZR
ch'-#INDF.PSR. aadeh#older.sister
ta-#INTO.WATER. ts'įį-#1PL.S:AA.PFV:Ø. tąą#handle.LRO:PFV
shiy#1SG
de'#if
t'aat#under
ni-#TERM. nįį-#3SG.S:QUAL:Ø.PFV:Ø. dlay#handle.PL.O:PFV:NOM
iin#PL
hii-#3PL.S>3SG.P. k'it#on
łeecheeg#łeecheeg
de'#if
ay.tl'aan#AND.THEN
shyii#in
dzänh#muskrat
sh-#1SG.PSR. ǫǫnüü#older.brother
hu-#3PL.PSR. shyi'#food
de'#if
dih-#QUAL:Ø.PFV:1SG.S:Ø. tsįį#be.hungry:IPV
du'#CT
hu-#3PL.PSR. tsǫǫ#grandmother
ch'itay#old.man
eł#and
s-#1SG.P. ts'ą̈'#to
nts'ąą#what
nah-#MED. 'aat#outside:PNCT
nuh-#2PL.O. k'i-#TRADE. tdih-#INC:QUAL:AA:IPV:1SG.S:H. łeeł#be:FUT
eł#when
dą'#at:PNCT
del-#3PL.S:QUAL:DH.PFV:L. tth'ii#PL.stay:IPV:NOM
hii-#3PL.S>3SG.P. dii-#QUAL:QUAL:Ø.PFV:Ø. tth'agn#hear:PFV
tl'a'#rear
sǫ'#PROH
tl'aan#and
u-#3SG.P. dih-#QUAL:Ø.IPV:1SG.S:Ø. nih#say:IPV
iin#PL
ch'ale'#FOC
ch'i-#INDF.PSR. dia'#younger.sister
dą'#at:PNCT
t'eey#ADVZR
ts'iikeey#children
ts'ant'ay#devil
ta-#DISTRIBUTE. ts'i-#1PL.S:Ø.IPV:Ø. łe'#handle.PL.O:IPV:DSTR
tha-#MOUTH tdagn-#INC:QUAL:AA.IPV:1SG.S:L. nąy#throw.CO:PFV:NOM
ts'ą'#to
ti-#OUT. 'uh-#OPT:1SG.S:Ø. shya'#be.smart:OPT
ay#3SG
ay.tl'aan#AND.THEN
de'#if
-#1PL.S. neh-#QUAL:Ø.IPV:H. 'įh#see:IPV
che'.t'iin#TAILED.PEOPLE
t'oot'eey#but
nts'ą'#and
gaay#small
ni-#TERM. įl-#3SG.S:N.PFV:L. tthat#SG.run:PFV
ay.tl'aan#AND.THEN
tuu#water
t'eey#ADVZR
yamaagn.teeshyaay#YAMAAGN.TEESHYAAY
hi-#3PL.S:Ø.IPV:Ø. nih#say:IPV
ishyiit#there
na-#IT. n-#DSTR. ch'-#INDF.O. ts'įį-#1PL.S:AA.PFV:Ø. 'aał#eat:PFV
ena'#no
nil-#QUAL:I.PFV:L jiidn#be.scared:IPV:NEG
iin#PL
k'eh#like
eh-#3SG.S:DH.PFV:H. tįį#SG.die:PFV
du'#CT
du'#CT
jah#here
hǫǫ'#thus
nii-#3SG.S:N.PFV:Ø. hąą#water.extend:IPV
il-#N.IPV:2SG.S:L. tthiit#SG.run:IPV
u-#CON. dak-#QUAL:I.PFV:1SG.S:H. 'ąą#find.SG.O:PFV
noodlee#white.person
hu-#AR.S. nįį-#N.PFV:Ø. t'ay#RO.extend:IPV:NOM
ee-#3SG.S:DH.PFV:Ø. day#SG.stay:IPV:NOM
i-#3SG.S>3SG.O. neh-#QUAL:Ø.IPV:H. 'įh#see:IPV
t'eey#ADVZR
tl'aan#and
nuh-#QUAL:OPT:H. deey#pray:IPV:NOM
y-#3SG.S>3SG.PSR. aadeh#older.sister
sh-#1SG.O. dia'#younger.sister
tl'aan#and
nts'ąą'#how
a-#NTRL. dogn#up:AR
eh-#3SG.S:DH.PFV:H. tsįį#make.SG.O:PFV
ayshyįį'#that's.all
nił-#RECP.O. dzet-#1PL.S:QUAL:Ø.IPV:D. nih#say:IPV
manh#lake
k'at'eey#NEG
huugn#and
na-#PRMB. tǫǫ-#INC:OPT:2SG.S:Ø. daagn#D:SG.go:IPV:CUST:NOM
dänh#at
łahtthegn.nts'¨ą'#ALL
n-#2SG.PSR. ts'iiniin#child
ch'a#FOC
ts'ant'ay#devil
ay.eh#AND.THEN
ishyiit#there
nee-#1PL.O. uu-#CON. 'et-#3PL.S:Ø.IPV:D. sii#name:PASS:IPV:NOM
ay#3SG
taagn#three
k'a#NEG
hǫǫ'#thus
iin#PL
hanteey'#quickly
k'at'eey#NEG
nahk'ade#fish.trap
t'eey#ADVZR
eh#and
na-#IT. aa-#3SG.S:AA.IPV. daał#D:SG.go:FUT
hut-#AR.S:DH.PFV:D. shyaak#happen:PFV
łuugn#fish
hǫǫ#thus
chih#also
du'#CT
jah#here
diniign#moose
eh#and
na-#PRMB. h-#3PL.S. tet-#INC:Ø.IPV:D. dak#PL.go:IPV:CUST
ha-#NTRL. 'ogn#out:AR
kon'#fire
t'eey#ADVZR
eh#and
tah#at:AR
yi-#3SG.S>3SG.O. ts'ą'#to
tl'aan#and
eh-#3SG.S:Ø.IPV:H. niik#say:IPV:CUST
ts'ayh#boat
hii-#3PL.S>3PL.P. 'eh#with
ni-#TERM. 'eeł-#TRAP. ts'e-#1PL.S:Ø.IPV:Ø. łeek#handle.PL.O:IPV:CUST
xa'#EMPH
u-#3SG.PSR. nąą#mother
niign#the.way
ch'a'#AVERT
na-#IT. tset-#1PL.S:INC:Ø.IPV:D. dek#PL.go:IPV:CUST
hiiy-#3PL.S>3SG.P. eh-#3SG.S:Ø.IPV:H. niign#say:IPV:CUST:NOM
ay#3SG
įį'eh.tah#AS.WELL
ts'iiniin'#child:POSS
nts'ąą'#how
iin#PL
hǫǫ'#thus
hu-#3PL.P. 'eh-#3SG.S:Ø.IPV:H. nih#say:IPV
ch'i-#INDF.PSR. tsǫǫ#grandmother
tl'aan#and
hǫǫsu'#well
k'ia'#on.account.of
sh-#1SG.PSR. ǫǫnüü#older.brother
ti-#INC. 'įį-#3SG.S:Ø.PFV:Ø. duuh#crawl:PFV
dii.t'eey#ANYTHING
ła'#tru
t'eey#ADVZR
iin#PL
u-#3SG.P. k'it#on
doo#who
na-#PRMB. tnet-#3PL.S:INC:QUAL:Ø.IPV:D. degn#PL.go:IPV:CUST:NOM
na-#PRMB. tsat-#1PL.S:INC:AA.IPV:D. dał#PL.go:FUT
ni-#TERM. 'i-#3SG.S:Ø.IPV:Ø. haak#SG.go:IPV:CUST
nts'aa'#what
ch'a#FOC
ch'itsanh#different
tah#at:AR
xah#PURP
t'eey#ADVZR
nee-#1PL.PSR. shyah#house
naagn'#eye
xa-#WEAPON. jet-#3SG.S:INDF.O:QUAL:DH.PFV:D. 'ąą#find.SG.O:PFV
iin#PL
ay#3SG
k'eh#like
ay#3SG
u-#3SG.PSR. tthi'#head
eh#and
nih#say:IPV
na-#CONT. chee-#INDF.O:3PL.S:INC:DH.PFV:Ø. 'aal#eat:PFV:NOM
nee-#1PL.P. 'eh-#3SG.S:Ø.IPV:H. nih#say:IPV
nee-#1PL.O. 'eh-#3SG.S:Ø.IPV:H. nih#say:IPV
jah#that
keeyjiidn#fish.camp
ay#3SG
tsät#wood
ay#3SG
du'#CT
n-#2SG.PSR. ta'#father
shyįį'#only
ay.eh#AND.THEN
dänh#at
hu-#3PL.P. shyign'#down:ALL
ni-#TERM. i-#IT. in-#3SG.S:N.PFV:D. shyah#SG.go:PFV
nee-#1PL.P. k'eh#like
y-#3SG.S>3SG.P. eh-#Ø.IPV:H. nih#say:IPV
da-#UP. ts'ee-#1PL.S:DH.PFV:Ø. dah#SG.sit:IPV
hah-#NTRL. 'ǫǫ#out:ABL
eh#and
tsät#wood
nee-#1PL.P. naattheh#long.before
nts'ą̈'#to
et-#3PL.S:Ø.IPV:D. łiin#be:IPV:NOM
nän#2SG
nts'aa'#what
dziin#day
nan'#earth
hah-#NTRL. negn'#upland:ALL
hįį-#3PL.S:Ø.PFV:Ø. t'ay#be:IPV:NOM
du'#CT
shyįį'#only
ay.tl'aan#AND.THEN
du'#CT
ay#3SG
n-#3SG.S:Ø.PFV:Ø. chaa#be.big:IPV:NOM
ch'a#FOC
hu-#3PL.P. xah#for
nts'ą̈'#to
u-#3SG.P. dih-#QUAL:Ø.IPV:1SG.S:Ø. nih#say:IPV
y-#3SG.S>3SG.P. eh-#Ø.IPV:H. nih#say:IPV
iy-#3SG.S>3SG.P. eh-#Ø.IPV:H. nih#say:IPV
u-#CON. dak-#QUAL:I.PFV:1SG.S:H. 'aan#find.CO:PFV:NOM
sh-#1SG.PSR. nąą#mother
hu-#3PL.P. 'eh#with
ch'a#FOC
ishyiit#there
hii-#3PL.S>3SG.P. da-#INSIDE. ch'įį-#INDF.O:AA.PFV:Ø. 'ąą#handle.CO:PFV
aa-#3SG.S:AA.IPV:Ø. haał#SG.go:IPV:PROG
iin#PL
hi-#?. het-#3PL.S:Ø.IPV:D. nąy#know:IPV:NOM
ch'itay#old.man
i-#3SG.S>3SG.O. deh-#QUAL:DH.PFV:H. nąyh#move.CO.quickly:PFV
jah#here
diniign#moose
iin#PL
tleegn#rotten
tsayh#ochre
s-#1SG.P. ts'ą̈'#to
di-#REFL.PSR. che'#tail
ay.tl'aan#AND.THEN
ts'įį-#1PL.S:Ø.PFV:Ø. łįį#be:IPV
t'eey#ADVZR
nts'ą̈'#to
hu-#3PL.P. 'eh#with
hu-#3PL.P. 'eh#with
tah#when
u-#3SG.PSR. ts'iiniin#child
n-#3SG.S:Ø.PFV:Ø. t'ay#be:IPV:NOM
tah#at:AR
nee-#1PL.O. neh-#3SG.S:QUAL:Ø.IPV:H. 'įh#see:IPV
ts'ant'ay#devil
dänh#at
ina'#no
naxat#those
hu-#3PL.P. 'eh#with
du'#CT
dii#what
ishyiit#there
m-#3SG.PSR. ǫǫsi'#name
jah#here
taagn#three
jahxan#suddenly
di-#REFL.PSR. ts'ayy'#boat:POSS
xayh#spruce.roots
dįį-#3SG.S:QUAL:AA.PFV:Ø. k'ąą#burn:IPV
ts'anh#from
ch'itay#old.man
ch'ale#FOC
k'it#on
eh#and
nan'#earth
chinh#flat
hǫǫ-#AR.S:Ø.PFV:Ø. łįį#be:IPV
sh-#1SG.P. eh-#3SG.S:Ø.IPV:H. nih#say:IPV
s-#1SG.PSR. tsǫǫ#grandmother
du'#CT
hǫǫsǫǫ#well
na-#IT. nts'e-#DIST:1PL.S>INDF.O:Ø.IPV:Ø. 'iil#eat:IPV:CUST:NEG
y-#3SG.S>3SG.P. eh-#Ø.IPV:H. nih#say:IPV
tuu#water
sh-#1SG.P. eh-#3SG.S:Ø.IPV:H. nih#say:IPV
eł#and
ay#3SG
tah#at:AR
danh#at
dineh#person
sh-#1SG.PSR. 'aat#wife
hu-#3PL.P. 'eł#with
tl'aan#and
dą'#at:PNCT
nt'eh#ASRT
tay'#again
deg'#up:ALL
shyiit#in
ch'a#FOC
eł#when
k'ahdu'#now
ah-#AA.IPV:H. gąy#be.dry:IPV:NOM
degn'#up:ALL
gǫǫ#monster
sh-#1SG.PSR. ǫǫnüü#older.brother
nee-#1PL.P. he-#3PL.S:Ø.IPV:Ø. nih#say:IPV
t'axoh#finally
iin#PL
h-#?. i-#PP. 'agn-#NEG.PFV:1SG.S:L. nay#remember:IPV:NEG
ch'itay#old.man
ay#3SG
tuu#water
ena'#no
ni-#TERM. i-#PP. nin-#N.IPV:2SG.S:D. 'aay#handle.CO:IPV:IMP
hiiy-#3PL.S>3PL.P. eh-#3SG.S:Ø.IPV:H. nąy#CO.falls:PFV:NOM
įh-#3SG.S:AA.PFV:H. xąą#kill:PL.O:PFV
sh-#1SG.P. aa#for
y-#3SG.S>3SG.P. eh-#Ø.IPV:H. nih#say:IPV
ay#3SG
du'#CT
nih#say:IPV
sta-#AWAY. n-#DSTR. jeh-#INDF.O:QUAL:DH.PFV:H. chuuy#grab?:PFV:NOM
nay#say:IPV:NOM
nee-#1PL.PSR. shyah#house
eh#and
łuugn#fish
ha-#NTRL. noo'#ahead:ALL
nithoo#long.time
tthi-#OUT. hi-#3PL.S:Ø.IPV:Ø. haak#SG.go:IPV:CUST
ay#3SG
dii.xah#WHY
hi-#3PL.S. hǫǫ-#QUAL:QUAL:Ø.IPV:Ø. heey#speak:IPV:NOM
eh-#3SG.S:Ø.IPV:H. ts'ay#be.windy:IPV:NOM
na-#IT. ch'-#INDF.O. eh-#3PL.S:Ø.IPV:H. łąy#bother:IPV