са
галаз -ни
чӏуг -нава
стха -ди
лагь -ана
гьина -л
фикирар -на фикирар -на
кицӏ
г -уда
лагь -ана
литва -ди -н
лагь -ана
са
гвай
йис
вав ай
кӏцарви -яр
кат -да
пачагь
ф -ена
чан
ида -л
жаваб
ханум а
вуч
им
кас
амукь -да
хьа -ана -ч
ибур -и -н
боеприпас
даха -ди -хъ -NULL
ахъа ай
ам -азма
служит ай -ди
за
лагь -ана
бере -да -NULL
вил -ер
и
чун
са
хьа -нава -ч
же да -ч
ина -й
лугь -уда
ак -уна
дагьи
гьин ай
чип -и -н
асул
ф -ида
за -з -ни
ибур -у в -ай
за
фи -ун
лагь -ана
велибега -н
вилаят -ди -з
хъсан
жуьт
мад
шеир -ар
экъецӏ -на
хьиз
ширин
фи -ун
г -уда
икьван
тупӏал -ар -ни
ак -уна
чава ай
гьа
гаф
хьиз
хт -ана
кӏан -да
гуьгъуь на
кут -унва -ш
са
руш -а -л -NULL
элкъв -ена
кӏан -да
сад
а
хт -ана
куьтях
безханум
кьве
акв -ада
руша
уьлуьх нава й
цӏийи
руш -ни
за
вуч -да -тӏа
лугь -уда
же да ай
ава
гъил