са
галаз -ни
чӏуг -нава
стха -ди
лагь -ана
гьина -л
фикирар -на фикирар -на
кицӏ
г -уда
лагь -ана
литва -ди -н
лагь -ана
са
гвай
йис
вав ай
кӏцарви -яр
кат -да
пачагь
ф -ена
чан
ида -л
жаваб
ханум а
вуч
им
кас
амукь -да
хьа -ана -ч
ибур -и -н
боеприпас
даха -ди -хъ -NULL
ахъа ай
ам -азма
служит ай -ди
за
лагь -ана
бере -да -NULL
вил -ер
и
чун
са
хьа -нава -ч
же да -ч
ина -й
лугь -уда
ак -уна
дагьи
гьин ай
чип -и -н
асул
ф -ида
за -з -ни
ибур -у в -ай
за
фи -ун
лагь -ана
велибега -н
вилаят -ди -з
хъсан
жуьт
мад
шеир -ар
экъецӏ -на
хьиз
ширин
фи -ун
г -уда
икьван
тупӏал -ар -ни
ак -уна
чава ай
гьа
гаф
хьиз
хт -ана
кӏан -да
гуьгъуь на
кут -унва -ш
са
руш -а -л -NULL
элкъв -ена
кӏан -да
сад
а
хт -ана
куьтях
безханум
кьве
акв -ада
руша
уьлуьх нава й
цӏийи
руш -ни
за
вуч -да -тӏа
лугь -уда
же да ай
ава
гъил
хьуь -из
руш
хьа йи -ла
экечӏ -зава
лугь -уда
ава зва
хабар -ар
гьуьл -я -й
чна
хьа -нава
ки
ва -з
руш -а -хъ -NULL -ни
хвеши -вил -и -в -ай
меслят
егь -ез
ида -ни
лагь -ана
вобщем
им
пата -ни
къирах -ди к
ва
хьа -ана
элкведиз
чӏал
идан
за -з
нефс
галат нава й
къенд
гьинвайда
а
гьаа
стха
тамаш -зава
ви
са
кӏани вил -и -з
зун
за
ацукьар -да
кхьи
ина
хьи
зи
лугь -уда
шад
же да -й -вал
винел
ам
кӏарас -ар
кӏанай
и
ава -ч
вил -ер
и
има
къв -ана
шумуд
эдебият -ди -з
акъат -на
са
ва к -яй
за ва
за
хт -ана
ви
алат на
и
амукъ да
ама й
булах -да -л -NULL
низ
фикир -ди -з
ава -й
и
жув а -з
пачагь -ни
юкъ -у -з
акъвазар -на
хуьр -уь -н
кӏвал
ат -ана
амукь -на
са
кве
немец -ар -и -н -ни
юкъ -у -з
къв -еда
бели
афия
къай -и
гьа
жамаат -ди -з
лугь -уда
и
хуьр -уь -н
лугь -уда
комиссоват -на
жуьт
чна
гъил -е -NULL
тридцать
ван
за -л
ма
кьве
лугь -уда
лугь -уда
векил -ар
дигишар зава -й -ди
жугъ да
кицӏ -ер
лугь -уда
са
и
стха -яр -ни
гевгьер -ар
руш -ни
и
дастан
хьа йи
им
лагь -ана
ша
за
за -з
пачагь -ри -з
къваз -на
гевгьер -ер -и -н
кӏан -зава -й
и
вилаят -ди -з
ат -ана
ва -з
фад
тӏвар -чи -з
г -уда -ни
гьуьл -уь -н
дуьз вил -и -з
дегьшет
лугь -узва
а
билет -ар
ну
хьа на -тӏа
вун
тарих -ди -н
хьи
ават -ана
хьа -нава
ацукь -да
пек -ни
ак -уна
мейдан -да -л -NULL
лугь -уда
лугь -уда
кӏвал -е -NULL
дежурный да
ахъая
гада -ди -з -ни
хъсан
гъ -ана
гьефте д -л -ай
къари
иеси
лугь -уда
хуьр -е -NULL
ибур
чара
ида
га -ана -ч
ка й -ла
лугь -уда
ктаб
вуж
сад
хагьиш ая
лугь -уда
ма
специально
хьа на
район -ди -з
фи -ун
абур -у
акъадра
и
т- ий -из
чи
гада -ди -з
хьа на
чи
чи й -вал
зи
хьи
ф -ида
гьикӏ
пата -л а й
гьана
гада
иер
къе.йиф -из
вил -ер
къвер.кьван
лугь -уда
лагь -ана
гъел
а
зун
пек -ни
лугь -уда
палкан
ва -з
къв -еда
чун
севда
лагь -ана
ма
т- ий -из
пад
вил
кӏватӏ
дамах -ар на
чӏугва -из
чӏув -а -л -NULL
ибуру
экъечӏ -нава
ф йи -ла
я
акъат
чӏехи
са
хьи
вилаят -ди -з
ун
лугь -уда
ида -ни
кӏан -и
чун
са
кицӏ
вичи -н
кӏан -зава -й
ак -ур -тӏа
лагь -ана
мад -ни
гьиниз
бала
аял -ар
диде -ди хъ
ва
ида -з @@@
ва -з
накьв
ахъая
жемят
кьуд-вад
им
гьакӏ
ф -ена
за
лугь -уда
за к -ай
ий -ида
чӏал
эцик зва -й -ди
вахгун
хьа на
гада
са
рессам -ди -н
гьуьл -уь -н
запрос
хт -ана
башламиш -зава
кван
чӏулав
няни
жаза
къаз
чун
пек -ни
гьада
муькуь
гада
ав -уна -ч
хьа на
муаллим
чӏав -у -з
руш а -з
къв -еда
пачагьвал -и -з
халкь -ди -з -ни
за -з
лагь -ана
хьир
кьуьлер на
са
текче
ава -ч
гъил
лагь -ана
кӏан зава -ч
къен
тахьа ай -тӏа
векь -и -н
же зва й -ди
серин -вал
ша
гьакӏ
хьур ай
лугь -уда
къевиз
ругуд
а -бур
ван
вуч
жи
мад -ни
тир
за -з
лагь -ана
руш
туш
белке
аку
пачагь
къулдур -ри -з -ни
кьил -е -л -NULL
чими
зун
а
же зва
алукь на
пачагь
гъваш
ава
руш
гваз
зи
вич -и
акъуд -уьн
американ -яр и
за -з
квез
чукотка да
кӏвач
же зва -ч
яхцӏур
куд на
хва -яр
це
къарши -ди -з
къерех -ди -з
лугь -уз
и
за -л
гъел
и
чукуна
са
хъф -ена
гьана -л
чан
хкаж.же зва
яман
и
тир
ахпа
ава
накьв
вуш
ида
чун
газет -ди -з
чинеба
лугь -уда
гьефте
за
руш
иеси
эвечӏ на
са
лугьу -рай
нагьахъ
кан -и
гаф -ар
кицӏ -и -н
хьа
кӏвал -и -з
абур -ни
лагь -ана
мелим -ди
лагь -ана
лугь -уда
кван
чун
гьуьл -уь -н
хвеши
ф -ена
цӏийи
дуьзмуьш ай -ди
лагь -ана
чун
лагь -ана
ф -ена
гъ -ана
акъваз -нава
кӏурцӏул -ар
жув а
ив -и -з
сив -и -з
чун
руш
халкь -ди -з
лагь -ай -вал
гьуьл -уь -н
ча -з
за -з
ала -ди -ла -й
самур
за
кӏан -зава
газет -ди -н
пат а -л
чун
хьуй
хъсан
йис
хьи
алцурар -на
ида -з
гъил
ракъ -уда
ван
вуч
элкв -ена
кӏан да
хер
пака
ата нава гу да
пӏуз -арар
дереже -ди -з
икьван
са
цӏай -ини -к -ай
вач
ара да
вич -и -н
лугь -уда
кьуьзуь
дуьз
луьтквечи -ни
инанмиш
гьакъикъет да
ки
лугь -уда
ча -з
хьа на -тӏа
гьунар
куьтӏ
лугь -уда
кӏватӏ
гьакьван
фи -из хкве зва й
эциг
ф -ена
хкве -р -ла
къачу зва -й
са
ктад -мир
мес -е -NULL
зун
бере
хьуй
хкв -еда
за -ни
вуч
гьуьл -уь -н
чан
ханум а
ала й
назир
тир
за -ни
акъат -на
юкъ -у -з
затӏа й -ла
тӏванлай
къарагъ -на
гила
хуьлуьхъ
экъецӏ -на
галаз
инсан
кӏан -да -ни
ч -ида -ш
пачагь
экъецӏ
и
лагь -ана
фадамаз
вуч -и -н
цве -з
алцур -ар -мир
сала
туш
ида -ни
буба -ди -ни
гьадисе
лугь -уда
ам
ахпа.хьиз да
кицӏ
гьа
гала -з
кхь -анва
кьил -е -л -NULL
же зва -ч
муаллим -ди
муаллим
лугь -уда
са
яд
а
хьа -ана
гьич
вуч
куьне
няни хъ -ди
руш
чӏехи
са
балкӏан -ди
лагь -ана
ч -ида -ш
гьелбет да
са
акъат -да
лагь
са
хала -ди
хт -ана
межлис
туш
вуш -да
лагь -ана
вун
лагь -ана
ив -и -з
лугь -уда
ама туш
лугь -уда
ам
им -ни
ф -изва
за -з
са
хьи
къулдур
и
ф -ена
на
за -з
филан
горе
вич -и -н
гъенел
лагь -ана
эвер -ана
ки
вилик
джафер
бес
хта -й -ла
чан
г -ана
гьуьл -уь -н
свас
тир
фе -й -ла
гъил -е -NULL -ни
за
лугь -уда
гила
за -з
лагь -ана
къаравул
пепе -йр -и к -ай
зид
са
са
а
буба -ди -хъ -NULL
г -уз
хьа на
кицӏ
кам -ни
чун
дастан
гьым
ф -изва -й
за -з
иер
къазах
чӏав -ар
гада -ди -ни
такси -ди -з
ахпа.хьиз да
гаф -ар
хьа -ана
са
и
ибур -у -ни
мукьвал
рази
руш а -з
жув а -з -ни
эээ
юкъ -у -з
тир
пачагь -ди -н
гъавур -да -NULL
гада -ди -ни
гьутӏа
илисар -да
автобус
хьи
кӏалуб -ар
аял -ар -и -з
ава й -ла
кичӏе
агат -из
фе -ин
шикил
и
са
качал -ди в ай
чун
чи да
ий -ида -тир
гъваш
хъиж -еда
ну
дуьз
кван
эхьир
ак -ур -тӏа
зи
гъ -ида
вуч
буба
ама -ш
чан
ви
юкъ -у -з
лагь -ана
къвед а -н
жи
гада -ди -з
мина
сонракиз
сарах
кьимет
ибур
хьа на
тӏимил
гала -з
пуд.лагьа -й
а -бур
хьи
зи
къахчу -нава
къажгъан -ар
лагь -ана
хьа на
чӏав -у -з
ала -й -ла
лугь -уз
за -з
лугь -уда
х -уьз
гьагьам
за -з
лугь -узва
ина -й
ат
зу
ибур -у
кицӏ
ана
польша -ди -з
хьиз
и
г -уз
тур
са
лянет
тамаш -из
ма
и
сят -ди -н
аладар на
къе
ида
къв -еда
ахпа.хьиз да
гада -ди -ни
бес
вуна
тек
ида -ни
зун
гада
ахъа
им
кӏвал -е -NULL
гада
туш ир
югъ
ида
авуд -на
лагь -ана
бес а
ф -ида -й -ла
ф -ена
галаз
гаф
лагь -ана
и
игила
чӏав -у -з
сонра
хт -ана
фикирайдалай
кӏан -зава
мад -ни
гьикӏ
мугьарибе
ани -з
мицӏид-тӏвад
а
лагь -ана
им
шиле-куьле
рикӏ -е -NULL
ма
фикир -да -й
и
лагь -ана
иддихат -из
мугьубат -ди -к -ай
эвицӏ.хъуву на
гьахь -на
вун
машин -даваз
цӏуд
лугь -уда
руш
и
йис
руш
ава -ч -из
хьа на
кумаз -ни
худат
лугь -уда
пата -л а й
яда
хьа
хва
гьелелик
рикӏ -е -NULL
зун
гьада
и
и
кьве
гьуьзуьр -ди -н
ф -ена
ада -н
хьа йи
ун
нек -еди -к -ай
патав
къил е -л
ида -н
къейд -на
къвазара
къеле -яр
и
лугь -уда
плотина -да -л -NULL
сада
анал
агъуз
фикир -ди -з
ина -л
кӏвал
гьакӏ
а
алман
немец -ар -и -н -ни
вуч
ярх хьа на
за -л
белке
яру
зун
има
сакӏани
са
гьинватӏа @@@
кӏан
ава -ч -ир -ни
хьа йи
инал
ашукь -ди
ана
лагь -ана
гада -ди
са
луьтквечи -ди -з
ий -из
зенг -на
лугь -уда
ашукь
за
кӏан -зава
лагь -ана
и
са
ив -и -з
къужахтава -з
лагь -ана
мин
руш
винел
а
мурад
гьар
ф -ена
ида @@@
гьар
руш -ни
амукь зава й -ди
чир
пата
бере -да -NULL
мина -яр
ав -уна
за -з
кьил -и -к -NULL
фе -нава
къуш
же зва -ч
граница -ди -з
хьа на
цӏуьлуь
акъуд -на
хъий -ида
пачагь
хкаж.же зва
а -бур
лагь -ана
гада
хва
баки -да -NULL
лагь -ана
руш -а -ни
къвегь -изва
кицӏ
фикир
лугь -уда
за -з
багъиш на
луьтквечи -ди -ни
лугь -уда
гьана
гьада в
акӏ
ф -ена
къулдур -ар
сентябр -ди -з
яхцӏур
бустан -ди -з
булах -ар
вун
ида -ни
лугь -уда
им -ни
ама
мама -ди -з
чна
канивал
са
бес
пачагь -ри -з
стха -ди
алукь на
шумуд
къерар
паекни
ва -з
урус
яд
фад-фад
лагь -ана
за -л
и
жеда -ч
хкер -ла
хъсан -вил -ер
лугь -уда
за
седакъет
вучиз лагьайтӏа
зун
эрмени -ди -н
ва -з
лагьа на -й -ни
пачагь -ни
ава
юкъ -у -з
хьа -ана
яд-затӏ
лагьа -й -тӏа
аладри -з
ва -з
лагь -ана
са
хер
руш а -к -ай
ахпахъизда
чун
алукӏ на
акур
шемседдин а -н
хъф -ин
эвер -да
дугъридан -ни
са
ма
эскервил -е
лагь -ана
гьейет да -л
галукь
ава -тӏа
инсан -ри -з
вич
ахътин
лагь -ана
а
вине -л а ай
ктӏун -ана
лугь -уда
гьейет -да -л -NULL
лагь -ана
фе -нава
за
тамам -ар на
куьч кума -ни
гада
къвалах а -л
ина
гаф -ар
та- хьур -ай
руш
ма
чка
ида -з
чирхчи -р -и -з
юлдаш -ди -н
киши -н зва
къари -ди -з
сергьед да
кӏил
объект -ди -л -яй
тӏвар -ар
гьина
вич -и -н
ахпа.хьиз да
хкв -еда
вич @@@
чна
ибурни
юкъ -у -з
лугь -уда
да
вил -ер -а -л -NULL
куьче -да -NULL
вегь -ида
гьат.тавур -ди
ф -ида
сер -ди -з
ибур -у
ада
лугь -уда
беса
са
диде
кьил -е -л -NULL
гьан а л -ай
галаз
чи
чун
и
икьван
кьве
алукӏ на
ахпа
ама -ч
хьуй
ыы
гьа
ви
пака
ф -ена
и
гьуьл -уь -н
в.общем
са
жаван
мад -ни
ава -з
лугь -уда
ак -ур -тӏа
ихьтин
за
баде -ди -з -ни
гьагъа да -л
гагьат -зава
гьабур -и
ак -уна
муаллим -ди
хьайи -ла
балкӏан -ди -н
да
а -бур
дили
гъ -ана
суфре -яр -ни
балкӏан -да -л -NULL
ну
гьа да -н
лагь -ана
хьайитӏа
йиф -и -з
за
жаваб
ламрал
пат а -з
граница -ди -з
каф
хьи
гьахьтин
пачагь -ди -н
къерех да
вахт
ийизвай тир
г -анва -й
са
гьуьл -уь -н
эхир
за -з
вири
оказывается
жи
са
седакъет
по-русски
иер
кьиса
эчӏир на
вири
бухгалтер
ида
ада
агакь -на
лагь -ана
мизан
ваъ
ида -з
зун
кат -да
хьи
дин -ди -хъ -NULL
хвеши
лугь -узва -й
лагь -ана
стха
лугь -уда
гелкъв на
кьвед лагь -й
турба -яр
туш
жамаат -ди
акъве узва
вац -ра -NULL
ахпа
лагь -ана
ма
са
натаван
балкӏан
сакӏани
акв -ада
чир
хкв -еда
са
йиф -и -з
вич -и -н
руш
имни
гъиш -ни
пара
кӏвач
мад -ни
ам
ида -ни
кхь -енва
лугь -уда
вич и -з
абур -у -з
зи
гуьзел бур
вич -и -н
иер
фирвал
агъи да й
за
кӏан -да -ни
ккӏ
имкан
лугь -уда
литва -да -NULL
кӏватӏ
маса да -з
къейд
аква да -й
ки
лугь -уда
са
ф -ена
буба -ди
ибур -из
а
чун -ни
вак -ар
за
инсан -ар
гьуьл -уь -н
шад
кут -ада
части -н -и -з
муьжуьд
эвер -на
са
за
хъсан
за
гевгьер -ер -и -н
са
лагь -ана
зун
балкӏан
югъ
хьухь
гъваш
чӏалах
за
гьуьл -уь -н
анадыр -ди -з
передовой -ди -з
тӏарамар -на
лугь -уда
лугь -уда
амукь -на
тахтун -а -л -NULL
вичал
къулухъ
мехъерар -да
лагь -ана
терсина
лугь -уда
аллагь -ди -з
лугь -уда
вун
за
истирагьатай -да -л -ай
жуьре
балкӏан -ди
идан
къач -уда
шуьбяддин
бала
вири да
мад
я -тӏа
къач -уна
гьуьл -е -л -ай
гьа.бере да
руш
хуь зва -ч -ир -ни
хьиз
гада -ди -з
гаф -ар
лагь -ана
къам -ни
арадлай
ава -й -ди
фи -ин
шив
лугь -уз
гъ -ана
акъах -да
варц -ар -л -ай
лугь -уда
мама
тухв -да
патал
хьуй
польша -ди -з
вири да -ла ай
ала -й
зи
ацукь а -й -тӏа
кӏарас -ар -ни
аламукьнава
руш
цав -а -л -ай
вахт
гьуьл и -н кӏан -у -з
киши -н -ни
куьтни
немец -ар -и -з
бес
къатк -ана
кьвед лагьай
дуьня -да -NULL
са
ида -ни
зун
за
ак -ур -тӏа
хъий -ида -й
а -бур
и
немец -ар -и -н
за
чна
рекьи да -й
нормально
аял -ар -и -хъ -NULL
кьегьел
чун
эверир.кьван
акӏ
багъишламишатӏани
ваъ
ида -з
же зва -й
ф -ена
ава
шагьвар
лугь -уда
гила
са
и
кичӏе
лугь -узва
къенд -ер
зун -ни
къуьне -л
гужна
диде -ди -н
же зва
са
вуч -и -н
инихъ -ди
ну
са
ала
ша
и
кӏурцӏул -ар
лугьу -ун
лагь -ай -ла
ацукь а -й -ла
гваз
же да -ч
хьу -й
им
мама -ди -ни
ада -з
цӏай -ни
лугь -уда
хьа на
са
гваз
ида -з
инсан -ар
ва -з
фу
лугь -уда
гьа
чан
фе на й
ина
кьил -я -й
ана
пуд
и
эвер -да
ф -ена
лагь -ана
кьил -е -л -NULL
пата хъ
лагь -ана
ахкъач
хьа на
и да
хьи
и
кӏан да
за
муаллим -ди
и
гьикӏ
яргун
пачагь -ни
за
и
застава -л -NULL
тӏарар -да
кьулухъ
тамаш -на
вуч
и
же зва -ш
ва -з
акв -ада
ки
ки
мани
и
за -н -ни
са
ондокъкъуз -ди -з
алат -да
са
гада
область
лагь -ана
кь -уна
ава
пачагь -ди
хьа на
ана -й @@@
им
ун
и
лугь -узва
са
лугь -уда
и да -л
чун
сакӏани
гьеле
ама -ни
экъечӏ -на
гьуьл -уь -н
чун
сонра
хуьр ре
гъалиб
цӏыцӏ
вун
гала -з
ваъ
лугь -уда
кицӏ
хьа на
гьакӏ
вилик
за хъ
чка -ди -з
кӏан -зава
стха
зун
гевгьер -ар -ни
къарагъ -на
г -ана
ив -и -з
яд
луьткве
вич -и
кӏан.хьа -нава -й -ди
фе -й -ла