and
island
ɴᴍʟᴢ1 be =ᴄᴏЅ ɴᴍʟᴢ.ᴘᴄFʟ =1ᴀᴜɢII
tree
Utupua.Is
ɴᴇɢ ɴᴍʟᴢ1 sick ɴᴍʟᴢ.ᴘᴄFʟ =1ᴀᴜɢII ɴᴇɢ
ᴅᴇᴍ2.ᴘʀᴏχ
Rʟ.3ᴀᴜɢ sleep =ᴄᴏЅ =3ᴀᴜɢIS
ᴅᴇᴍ2.ᴅɪѕᴛ
and
ᴘʀᴇᴘ
day
iRR give .BZ(PDIR.YON)=O(1MINI)
ᴅᴇᴍ2.ᴅɪѕᴛ
or
ᴘFᴠ
ᴘFᴠ
back.part
ɴᴍʟᴢ1 search ᴛR ɴᴍʟᴢ.ᴘᴄFʟ =1ᴀᴜɢII
ᴘFᴠ
Rʟ.3ᴀᴜɢ be =ᴄᴏЅ =3ᴀᴜɢIS
ᴘFᴠ
a
ѕᴜʙʀ
Baengr
ѕᴜʙʀ new
ɢᴇɴ1ᴀ =3ᴀᴜɢII
Rʟ hang GᴅiR.OUT ᴀᴘᴘʟ =1ᴍiɴII
ᴘʀᴇᴘ
yes
there
ɴᴍʟᴢ1 convert.s.o. ɴᴍʟᴢ.ᴘᴄFʟ =3ᴀᴜɢII
stand GᴅiR.IN PᴅiR.YON =3ᴍiɴIS
ᴛᴘɴʏᴍ
ᴘʀᴇᴘ
Rʟ ᴍiᴅ say =ᴄᴏЅ .BZ(PDIR.YON)=O(1MINI)
ɴᴇɢ feel.sad ɴᴇɢ
Bznwz.vil
ᴅᴇᴍ2.ᴅɪѕᴛ
where
captain
different ᴘʟ
dat=1augII
ɢᴇɴ1ᴀ
be.1ᴀᴜɢII
make iɴᴛЅ GᴅiR.UP
and
ᴅᴇᴍ2.ᴅɪѕᴛ
both
man ᴠR
ᴅᴀᴛ =3ᴍiɴII
ѕᴜʙʀ big
prayer
mind
and
Rʟ pick afterward =1ᴍiɴI
all
ɢᴇɴ1ᴀ
ᴘʀᴇᴘ
year
ᴅᴇᴍ2.ᴅɪѕᴛ
Rʟ break =ᴄᴏЅ
but
ᴘFᴠ
ѕᴜʙʀ
ᴍiᴅ say PᴅiR.HITHER =3ᴍiɴIA
there
ᴘʀᴇᴘ
ᴘᴄFʟ.drink =1ᴀᴜɢII
ᴘFᴠ
house
so.then
and
people
be.good
ᴘʀᴇᴘ
none.;.lack;.none
moon.
ᴅᴇᴍ2.ᴅɪѕᴛ
back.part =3ᴍiɴII
again
there
dislodged GᴅiR.DOWN
ѕᴜʙʀ
ѕᴜʙʀ big
chapter
peace
wave
miracle
Фɴᴛ.ᴘʟ
ᴄᴏᴍ.
ᴅᴇᴍ2.ᴅɪѕᴛ
some
bite iɴᴛЅ PᴅiR.YON =3ᴍiɴIA
iRR give .BZ(PDIR.YON)=O(1MINI)
3ᴀᴜɢ1 want =ᴄᴏЅ
ɴᴍʟᴢ1 paddling ɴᴍʟᴢ.ᴘᴄFʟ =3ᴀᴜɢII
Rʟ obey =ᴄᴏЅ also =3ᴍiɴIA
and
iRR live,.stay together =ᴄᴏЅ =1ᴀᴜɢI
ѕᴜʙʀ
ᴘFᴠ
ᴘʀᴇᴘ
creeper.climber
see GᴅiR.OUT PᴅiR.HITHER
gun
ᴘʀᴇᴘ
day
Rʟ sit around ᴀᴘᴘʟ =1ᴀᴜɢI
ɴᴇɢ fitting =ᴄᴏЅ =3ᴍiɴII ɴᴇɢ
ɴᴍʟᴢ1 go ɴᴍʟᴢ.ᴘᴄFʟ =1ᴀᴜɢII
those
dat=3augII
ɴᴍʟᴢ1 go ɴᴍʟᴢ.ᴘᴄFʟ =1ᴀᴜɢII
body =1ᴀᴜɢII
daughter =3ᴍiɴII ᴘʟ
ѕᴜʙʀ
WHAT
priest
ᴘʀᴇᴘ
ᴄᴏᴍ.
lightning
Rʟ shoot =ᴄᴏЅ ᴀᴘᴘʟ PᴅiR.HITHER =3ᴍiɴIA
ᴘʀᴇᴘ
be.like
thing
iRR feel.sad ᴀᴘᴘʟ
ship
WIRELESS
those
Rʟ be =STILL
stay iɴᴛЅ PᴅiR.YON
ᴅᴇᴍ2.ᴅɪѕᴛ
ᴅᴇᴍ2.ᴅɪѕᴛ
brother.of.a.female =3ᴍiɴII
ᴘᴄFʟ.rsbl
be.1ᴀᴜɢII
ɴᴍʟᴢ1 enter.in ɴᴍʟᴢ.ᴘᴄFʟ =1ᴍiɴII
be.1ᴀᴜɢII
be.schooled
neck =3ᴀᴜɢII
none.;.lack;.none
ɴᴍʟᴢ1 make ɴᴍʟᴢ.ᴘᴄFʟ
house
a
do.slowly;.slow
ɴᴍʟᴢ1 take =ᴄᴏЅ ɴᴍʟᴢ.ᴘᴄFʟ PᴅiR.HITHER
man
ᴘFᴠ
doctor
ship
again
be.3ᴍɪɴII
ᴘᴄFʟ.rsbl
star
time
ѕᴜʙʀ
time
day
and
Lungga
ᴘFᴠ
ᴘᴄFʟ.inherent =3ᴍiɴII
female
ᴘʀᴇᴘ
iRR go =ᴄᴏЅ first =1ᴍiɴI
needlefish
ɴᴍʟᴢ1 ᴍiᴅ exchange ɴᴍʟᴢ.ᴘᴄFʟ =1ᴀᴜɢII
ᴘFᴠ
Rʟ lying.down GᴅiR.DOWN PᴅiR.HITHER
ɢᴇɴ1ᴀ
ᴀᴄᴄ =1ᴍiɴII
morning
ɴᴍʟᴢ1 tell ɴᴍʟᴢ.ᴘᴄFʟ =3ᴀᴜɢII
TROCHUS
go PᴅiR.YON
ᴘFᴠ
time
ᴘʀᴇᴘ
ѕᴜʙʀ
ᴘFᴠ
ᴅᴇᴍ2.ᴅɪѕᴛ
base
3ᴀᴜɢ1 see =3ᴀᴜɢII
John
ᴘᴄFʟ.rsbl =1ᴀᴜɢII
ɴᴍʟᴢ1 ᴍiᴅ put ᴀᴘᴘʟ PᴅiR.YON
be.3ᴀᴜɢII.
ѕᴜʙʀ
and
and
ᴘFᴠ
iRR exchange =ᴄᴏЅ =3ᴍiɴIA
time
so.then
ᴀᴛ.фɴᴛ.ᴘʟ.ᴘʟ
ɴᴍʟᴢ1 make ɴᴍʟᴢ.ᴘᴄFʟ
ɢᴇɴ1ᴀ
a
go ᴅᴘᴠ GᴅiR.DOWN =3ᴍiɴIA
ᴘʀᴇᴘ
iRR see =1ᴀᴜɢI
ɴᴍʟᴢ1 fall.down ɴᴍʟᴢ.ᴘᴄFʟ PᴅiR.HITHER =3ᴀᴜɢIA
be.1ᴀᴜɢII
and
ᴀᴄᴄ =1ᴍiɴII
be.schooled
because
sea
and
ɢᴇɴ1ᴀ
CABBAGE.PALM
ᴄᴏᴍ.
feel iɴᴛЅ GᴅiR.IN =3ᴍiɴIA
name =3ᴍiɴII
marry GᴅiR.DOWN =3ᴍiɴIS
man
ᴘᴀЅ worship
ᴘᴀЅ restrict ᴀᴘᴘʟ
iRR become .BZ(PDIR.YON)=O(1MINI)
and
ᴛᴘɴʏᴍ
ᴘFᴠ
bush
and
bad GᴅiR.IN
Nemya'.
those
ᴄᴏᴍ.
ᴘʀᴇᴘ
Rʟ.3ᴀᴜɢ speak PᴅiR.HITHER
time
hear
Rʟ begin GᴅiR.IN =ᴄᴏЅ =3ᴍiɴIA
and
house
man
because
tsunami
Rʟ go =ᴄᴏЅ =1ᴀᴜɢI
ᴘᴀЅ know GᴅiR.IN PᴅiR.YON
none.;.lack;.none
there
little
field
class
those
Rʟ go =ᴄᴏЅ =1ᴀᴜɢI
ѕᴜʙʀ big
be.good
those
ᴘʀᴇᴘ
ᴅᴇᴍ2.ᴅɪѕᴛ
ᴘʀᴇᴘ
ᴅᴇᴍ2.ᴅɪѕᴛ
bird's.nest.fern
ѕᴜʙʀ
Rʟ remember =ᴄᴏЅ =3ᴍiɴIS
ᴍiᴅ say PᴅiR.YON
ᴘFᴠ
be.good
ᴛᴘɴʏᴍ
and
those
ѕᴜʙʀ
many
and
priest
RᴘRɴ2 ᴘᴄFʟ.rsbl =3ᴀᴜɢII
ᴅᴇᴍ2.ᴅɪѕᴛ
sleep =1ᴀᴜɢI
so.then
none.;.lack;.none
and
ᴅᴇᴍ2.ᴅɪѕᴛ
captain
ɴᴍʟᴢ1 leave afterward ɴᴍʟᴢ.ᴘᴄFʟ =3ᴀᴜɢII
many
iRR remove PᴅiR.YON =3ᴍiɴIA
female
be.1ᴀᴜɢII
wound.dresser
some
ɴᴇɢ sleep true =1ᴀᴜɢI ɴᴇɢ
ᴅᴇᴍ1.ᴅɪѕᴛ
iRR ᴄᴀᴜЅ carry =2ᴀᴜɢI
ᴘʀᴇᴘ
ɢᴇɴ1ᴀ =3ᴍiɴII
ACC.2augᵢᵢ
salt.water
Natqgu
first
day
ѕᴜʙʀ
ᴅᴇᴍ2.ᴅɪѕᴛ
ᴘʀᴇᴘ
Philip
if
Rʟ.3ᴀᴜɢ ᴍiᴅ peel =3ᴀᴜɢIS
ɢᴇɴ1ᴀ
ᴅᴀᴛ =3ᴍiɴII
ᴘᴄFʟ.rsbl
finished
or
time
ᴅᴇᴍ1.ᴅɪѕᴛ
that.one
and
ɴᴇɢ stay ᴀᴘᴘʟ GᴅiR.DOWN =ᴄᴏЅ ɴᴇɢ
image
arrow
and
ᴅᴀᴛ =3ᴍiɴII
people
GRACIOSA.BAY
bite
see GᴅiR.IN =1ᴀᴜɢI
basket
green
Bokapwr
be.1ᴀᴜɢII
ѕᴜʙʀ big
and
they.here
month
island
ᴘʀᴇᴘ
that.one
stone
gather
bay
ᴘʀᴇᴘ
Lvepx.vil
cross
ᴅᴇᴍ2.ᴅɪѕᴛ
Rʟ.3ᴀᴜɢ be.schooled ᴛR
ѕᴜʙʀ 3ᴀᴜɢ1 be.schooled
ѕᴜʙʀ
ᴘʀᴇᴘ
those
and
AFTER
3ᴀᴜɢ1 many
pull.out iɴᴛЅ GᴅiR.OUT =THEM
three.of.them
say =ᴄᴏЅ PᴅiR.YON
ɢᴇɴ1ᴀ
ᴅᴇᴍ2.ᴅɪѕᴛ
ᴅᴀᴛ =3ᴍiɴII
ᴘʀᴇᴘ
be.3ᴍɪɴII
week
Rʟ sick
and
search =3ᴍiɴIS
ᴘʀᴇᴘ
sixth
Lrlvz
Rʟ ᴄᴀᴜЅ break PᴅiR.YON =1ᴀᴜɢI
ᴘʀᴇᴘ
and
3ᴀᴜɢ1 say PᴅiR.YON =3ᴀᴜɢIA
they.here
hat
ѕᴜʙʀ
rain
and
pineapple
those
market
Rʟ see =ᴄᴏЅ =3ᴍiɴIA
ѕᴜʙʀ
and
people
year
thing
ᴄᴏᴍ.
iRR go know,.able,.can .BZ(PDIR.YON)=O(1MINI)
rope
priest
ᴅᴀᴛ =1ᴍiɴII
field
ɴᴇɢ be.good actually ᴀᴘᴘʟ =3ᴍiɴII ɴᴇɢ
ѕᴜʙʀ
name =3ᴍiɴII
ᴘʀᴇᴘ
Malay.apple ᴘᴄFʟ.drink =1ᴍiɴII
ᴘʀᴇᴘ
ᴘʀᴇᴘ
ѕᴜʙʀ 3ᴀᴜɢ1 little
there
day
iRR be
ᴀᴄᴄ =1ᴍiɴII
chicken;.bird
ᴘʀᴇᴘ
back.part
ᴅᴇᴍ2.ᴅɪѕᴛ
man
ᴘʀᴇᴘ
ɢᴇɴ1ᴀ
ɴᴍʟᴢ1 be ɴᴍʟᴢ.ᴘᴄFʟ
ᴘFᴠ
ᴘᴀЅ ᴍiᴅ say PᴅiR.YON
ᴏRᴅ three
wind.W
people
ᴘʀᴇᴘ
ᴅᴇᴍ2.ᴅɪѕᴛ
a
there
ᴘFᴠ
pot
but
if
ᴘᴄFʟ.ʙ&ɢ
father =1ᴍiɴII
Rʟ paddle =ᴄᴏЅ =1ᴀᴜɢI
doorway
ᴅᴇᴍ2.ᴅɪѕᴛ
Rʟ stand GᴅiR.OUT ᴀᴘᴘʟ PᴅiR.HITHER
brother =1ᴍiɴII
house
neck =3ᴀᴜɢII
cave
ᴅᴇᴍ2.ᴅɪѕᴛ
night
arrow
female
ᴛᴘɴʏᴍ
ɴᴍʟᴢ1 try ɴᴍʟᴢ.ᴘᴄFʟ PᴅiR.YON =1ᴀᴜɢI
stay,.live,.be first ᴀᴘᴘʟ =1ᴍiɴII
boat
ᴘʀᴇᴘ
ᴘʀᴇᴘ
alright
go =1ᴍiɴII
ᴅᴇᴍ2.ᴅɪѕᴛ
ɢᴇɴ1ᴀ
stone
ѕᴜʙʀ
RᴘRɴ2 ᴅᴇᴍ1.ᴅɪѕᴛ =3ᴍiɴII ᴘʟ
ѕᴜʙʀ
doctor
spider.web
Rʟ catch GᴅiR.OUT ᴀᴘᴘʟ =3ᴍiɴIS
ᴘʀᴇᴘ
there
ᴘᴄFʟ.hand
clam
there
food
ᴘʀᴇᴘ
put GᴅiR.IN together PᴅiR.YON =3ᴍiɴIA
and
ᴍiᴅ say PᴅiR.YON
lake
rain
go GᴅiR.DOWN PᴅiR.HITHER
Rʟ ᴍiᴅ say =ᴄᴏЅ PᴅiR.YON =3ᴍiɴIA
ᴘʀᴇᴘ
ɴᴍʟᴢ1 ᴍiᴅ see ᴛR ɴᴍʟᴢ.ᴘᴄFʟ =3ᴍiɴII
ᴘᴄFʟ.ʙ&ɢ =1ᴀᴜɢII
Rʟ go GᴅiR.UP =1ᴀᴜɢI
and
see =1ᴍiɴI
ᴄᴏᴍ.
morning
good
paddle GᴅiR.DOWN =3ᴍiɴIS
be.like also =3ᴍiɴIA
ѕᴜʙʀ many
3ᴀᴜɢ1 start =3ᴀᴜɢIS
3ᴀᴜɢ1 ᴍiᴅ say GᴅiR.UP PᴅiR.HITHER =3ᴀᴜɢIA
be
old.woman
those
ɢᴇɴ1ᴀ
and
ᴘFᴠ
go UᴅiR.PATH =ᴄᴏЅ PᴅiR.YON =1ᴀᴜɢI
because
and
two;.couple
ɴᴍʟᴢ1 vomit ɴᴍʟᴢ
ᴘFᴠ
ᴅᴀᴛ =2ᴍiɴII
3ᴀᴜɢ1 convert.s.o. also =3ᴀᴜɢIA
ѕᴜʙʀ one
ɴᴍʟᴢ1 go FOLLOW =ᴄᴏЅ ɴᴍʟᴢ.ᴘᴄFʟ =3ᴍiɴII
ᴘʀᴇᴘ
SOUTHERN.CROSS
thank iɴᴛЅ =ᴄᴏЅ
but
stand GᴅiR.IN PᴅiR.YON =3ᴍiɴIS
and
ᴘFᴠ
ѕᴜʙʀ
both
home.by.the.sea
ᴘᴀЅ see
ᴘFᴠ
and
things.of
wife ᴅᴇᴍ2.ᴅɪѕᴛ SPEC
none.;.lack;.none
little.bit
USA,.AMERICA
Rʟ.3ᴀᴜɢ throw.away ᴀᴘᴘʟ =3ᴀᴜɢII
thing
time
ѕᴜʙʀ
Rʟ sit GᴅiR.OUT ᴀᴘᴘʟ PᴅiR.HITHER
ѕᴜʙʀ
Jesus
Rʟ eat =2ᴀᴜɢI
ѕᴜʙʀ
day
and
finish GᴅiR.OUT PᴅiR.YON =3ᴍiɴIS
Rʟ ᴍiᴅ say =ᴄᴏЅ .BZ(PDIR.YON)=O(1MINI)
cross
ᴘᴀЅ ᴄᴀᴜЅ bad ᴛR
ɴᴍʟᴢ1 speak ɴᴍʟᴢ.ᴘᴄFʟ PᴅiR.YON
ѕᴜʙʀ
be.3ᴍɪɴII
ѕᴜʙʀ
road
one
Fiu,.Malaita
ɴᴍʟᴢ1 ᴍiᴅ say ɴᴍʟᴢ.ᴘᴄFʟ =.MQ(PDIR.HITHER)=Q(2MINI)
ɴᴇɢ allow ᴀᴘᴘʟ .BZ(PDIR.YON)=O(1MINI) ɴᴇɢ
ɴᴍʟᴢ1 construct GᴅiR.IN ɴᴍʟᴢ.ᴘᴄFʟ =3ᴍiɴII
ᴘʀᴇᴘ
ᴅᴇᴍ2.ᴅɪѕᴛ
ɢᴇɴ1ᴀ =3ᴍiɴII
time
ɴᴍʟᴢ1 see ɴᴍʟᴢ.ᴘᴄFʟ
both
be.happy ᴀᴘᴘʟ =1ᴀᴜɢI
ᴘʀᴇᴘ
this
give PᴅiR.HITHER =3ᴍiɴIA
ѕᴜʙʀ
because
year
area sun
ᴘʀᴇᴘ
Reef.Is
be.1ᴀᴜɢII
ᴘFᴠ
towel
3ᴀᴜɢ1 accept PᴅiR.YON =3ᴀᴜɢIA
Rʟ forbid ᴀᴘᴘʟ PᴅiR.YON =.MQ(PDIR.HITHER)=Q(2MINI)
water
image
ᴅᴇᴍ2.ᴅɪѕᴛ
priest
iRR be
ᴅᴇᴍ2.ᴅɪѕᴛ
Rʟ run =STILL
food
island
sun
NPROP
go GᴅiR.UP =1ᴀᴜɢI
Rʟ shoot FULLY =ᴄᴏЅ =3ᴍiɴIA
teach again =1ᴍiɴI
ᴘʀᴇᴘ
and
time
morning
ѕᴜʙʀ
point.of.land;.point;.point
be.1ᴀᴜɢII
Malaita
ᴅᴀᴛ =3ᴍiɴII
ᴘʀᴇᴘ
be.1ᴀᴜɢII
end
jump ᴅᴘᴠ iɴᴛЅ GᴅiR.IN true =1ᴀᴜɢI
John
ᴘʀᴇᴘ
people
ɢᴇɴ1ᴀ
do.not
ᴅᴇᴍ2.ᴅɪѕᴛ
where
ᴘFᴠ
and
prepare GᴅiR.UP =1ᴀᴜɢI
ѕᴜʙʀ
priest
ᴅᴇᴍ2.ᴅɪѕᴛ
town
ѕᴜʙʀ
ᴘFᴠ
and
bishop
people
doorway
priest
bang.against =ᴄᴏЅ
young.man
ᴘʀᴇᴘ
ѕᴜʙʀ
word
so.then
ѕᴜʙʀ white
FOREVER
name =3ᴍiɴII
time
so.then
monk
ᴛᴘɴʏᴍ
iRR die =3ᴀᴜɢIS
priest
book
ᴘʀᴇᴘ
Rʟ see =ᴄᴏЅ =3ᴍiɴIA
ѕᴜʙʀ
be.1ᴀᴜɢII
again
Ncnqmz
doctor
ɴᴍʟᴢ1 defecate ɴᴍʟᴢ
ᴍiᴅ say .BZ(PDIR.YON)=O(1MINI)
and
ѕᴜʙʀ
school
ᴀᴄᴄ =1ᴍiɴII
crew
there.it.is
ᴅᴇᴍ2.ᴅɪѕᴛ
grandfather =1ᴍiɴII
pass GᴅiR.UP far
ѕᴜʙʀ 3ᴀᴜɢ1 little ᴘʟ
ᴘʀᴇᴘ
walking.stick
village
ɴᴍʟᴢ1 fly ᴅЅᴛR ɴᴍʟᴢ.ᴘᴄFʟ =3ᴀᴜɢII
ᴘʀᴇᴘ
iRR sick =3ᴀᴜɢIS
ɢᴇɴ1ᴀ
tree
name =3ᴍiɴII
road
be.good
foreigner
jump iɴᴛЅ GᴅiR.IN =1ᴍiɴI
ᴄᴏᴍ.
ɴᴍʟᴢ1 ᴄᴀᴜЅ stop,.cease ɴᴍʟᴢ.ᴘᴄFʟ =3ᴀᴜɢII
ᴅᴇᴍ2.ᴅɪѕᴛ
stop
ᴅᴇᴍ2.ᴅɪѕᴛ
there
Bznwz.vil
road
SANTA.CRUZ
dat=1augII
be.schooled
those
ᴅᴇᴍ2.ᴅɪѕᴛ
Rʟ little =STILL ᴀᴘᴘʟ =1ᴍiɴII
tree
iRR become .BZ(PDIR.YON)=O(1MINI)
place
God
and
ѕᴜʙʀ
brother =3ᴍiɴII ᴘʟ
ᴘFᴠ
this.way
way
ᴄᴀᴜЅ reply PᴅiR.YON =3ᴍiɴIA
ѕᴜʙʀ
ѕᴜʙʀ
Rʟ.3ᴀᴜɢ ᴍiᴅ obey =3ᴀᴜɢIS
ᴘᴄFʟ.rsbl =2ᴍiɴII
knife
ᴅᴇᴍ1.ᴅɪѕᴛ
be.difficult
ᴅᴀᴛ =3ᴍiɴII
and
Good.News
chicken;.bird
throw GᴅiR.DOWN ᴀᴘᴘʟ =3ᴍiɴII
yourself
ᴘʀᴇᴘ
ѕᴜʙʀ
ᴘʀᴇᴘ
body =1ᴍiɴII
Rʟ take =ᴄᴏЅ
mat
time
ᴘᴄFʟ.ʙ&ɢ
Jesus
eye =3ᴍiɴII
ѕᴜʙʀ left.side
ᴅᴇᴍ2.ᴘʀᴏχ
year
ѕᴜʙʀ
ɴᴍʟᴢ1 clear ᴀᴘᴘʟ PᴅiR.HITHER
be =1ᴀᴜɢII
female
canoe
hold.(in.hand) =ᴄᴏЅ =1ᴍiɴI
image
those
and
side
first
ᴘFᴠ
things =3ᴀᴜɢII
ѕᴜʙʀ
ɢᴇɴ1ᴀ =3ᴍiɴII
ɢᴇɴ1ᴀ =1ᴀᴜɢII
things
monk
ᴅᴇᴍ2.ᴅɪѕᴛ
place
iRR believe =12ᴀᴜɢI
confess =3ᴍiɴIA
ɢᴇɴ1ᴀ
area
be.12ᴀᴜɢII
go PᴅiR.YON
war hidden
and
year
USA,.AMERICA
iRR die GᴅiR.IN =12ᴍiɴI
ᴘʀᴇᴘ
ɴᴍʟᴢ1 awaken ɴᴍʟᴢ.ᴘᴄFʟ PᴅiR.HITHER =3ᴍiɴIA
ѕᴜʙʀ big
ѕᴜʙʀ
and
ѕᴜʙʀ
because
ѕᴜʙʀ
sea
iRR TEST first PᴅiR.YON =3ᴀᴜɢIA
place
word =1ᴍiɴII
and
female
be.1ᴀᴜɢII
eye =3ᴍiɴII
take GᴅiR.IN =1ᴀᴜɢI
those
and
Rʟ.3ᴀᴜɢ go GᴅiR.DOWN =ᴄᴏЅ =3ᴀᴜɢIS
letter
and
all
demon
and
ѕᴜʙʀ
ancestor =1ᴍiɴII ᴘʟ
3ᴀᴜɢ1 die =3ᴀᴜɢIS
ɢᴇɴ1ᴀ
3ᴀᴜɢ1 awake PᴅiR.YON =3ᴀᴜɢIS
ᴘFᴠ
head =1ᴍiɴII
ѕᴜʙʀ
be.3ᴀᴜɢII.
tree
ᴘᴄFʟ.ʙ&ɢ =3ᴀᴜɢII
iRR paddle just ᴛR =ᴄᴏЅ =1ᴍiɴI
Rʟ.3ᴀᴜɢ be.like =3ᴀᴜɢIA
ᴘʀᴇᴘ
Daniel
3ᴀᴜɢ1 go =3ᴀᴜɢIS
moon.
ᴘFᴠ
island
and
demon
daytime
ᴏRᴅ three
but
ᴘFᴠ
ɴᴍʟᴢ1 jump GᴅiR.IN ɴᴍʟᴢ.ᴘᴄFʟ =1ᴀᴜɢII
ᴅᴇᴍ2.ᴅɪѕᴛ
those
Lrlvz
ᴘʀᴇᴘ
female
belly
ᴅᴇᴍ2.ᴅɪѕᴛ
ᴛᴘɴʏᴍ
Rʟ go GᴅiR.IN =ᴄᴏЅ =1ᴀᴜɢI
name =3ᴍiɴII
Mzdxmingr.village
ᴅᴇᴍ2.ᴅɪѕᴛ
ɴᴍʟᴢ1 jump GᴅiR.DOWN ɴᴍʟᴢ.ᴘᴄFʟ =1ᴍiɴII
take PᴅiR.HITHER
Rʟ.3ᴀᴜɢ go.out =ᴄᴏЅ =3ᴀᴜɢIS
Napr.vil
ᴘᴄFʟ.hand =3ᴀᴜɢII
ᴘFᴠ
ѕᴜʙʀ
ᴅᴇᴍ2.ᴅɪѕᴛ
Sunday
Narnztilolx.(village)
ᴘFᴠ
place
and
Фɴᴛ.Ѕɢ
ѕᴜʙʀ
ᴘʀᴇᴘ
wife ᴅᴇᴍ2.ᴅɪѕᴛ
ᴘʀᴇᴘ
ɢᴇɴ1ᴀ
rat
house
name =3ᴍiɴII
and
iRR bad much =3ᴍiɴIA
Ituku
ᴛᴘɴʏᴍ
marvel iɴᴛЅ GᴅiR.OUT =1ᴀᴜɢI
drink ᴛR =ᴄᴏЅ =3ᴍiɴIA
priest
but
ᴘʀᴇᴘ
sky
but
ᴘʀᴇᴘ
ᴅᴇᴍ2.ᴅɪѕᴛ
tsunami
ѕᴜʙʀ
ᴘFᴠ
doctor
many
thing
and
ɴᴇɢ 3ᴀᴜɢ1 know =3ᴀᴜɢIA ɴᴇɢ
and
ɢᴇɴ1ᴀ
place
ACC.2augᵢᵢ
female
be.schooled
be.3ᴍɪɴII
ᴍiᴅ hold
stay PᴅiR.HITHER =3ᴍiɴIS
ɴᴇɢ be =3ᴍiɴIS ɴᴇɢ
ѕᴜʙʀ bad
bush
who
name =3ᴍiɴII
ᴘFᴠ
some
mountain
and
neck =1ᴀᴜɢII
ѕᴜʙʀ three
ᴅᴇᴍ2.ᴅɪѕᴛ
year
3ᴀᴜɢ1 go GᴅiR.OUT PᴅiR.HITHER =3ᴀᴜɢIS
ᴘʀᴇᴘ
base
flour
Melomate
ѕᴜʙʀ
CATECHIST
ѕᴜʙʀ dry
time =3ᴍiɴII
ᴘʀᴇᴘ
but
miracle
be.1ᴀᴜɢII
be
ᴍiᴅ say PᴅiR.YON =3ᴍiɴIA
ᴘFᴠ
take GᴅiR.DOWN PᴅiR.HITHER =1ᴍiɴI
sun
ᴍiᴅ say PᴅiR.YON =3ᴍiɴIA
water
ᴅᴇᴍ2.ᴅɪѕᴛ
ᴛᴘɴʏᴍ
and
all
a
year
ɴᴍʟᴢ1 ᴅᴇᴍ1.ᴅɪѕᴛ ᴄᴀᴜЅ hot PᴅiR.YON ᴀᴘᴘʟ
both
those
ᴅᴇᴍ2.ᴅɪѕᴛ
ᴘᴄFʟ.hand =2ᴍiɴII
be.1ᴀᴜɢII
CAMP
shadow
ѕᴜʙʀ
ɢᴇɴ1ᴀ
cry iɴᴛЅ GᴅiR.DOWN =ᴄᴏЅ PᴅiR.YON
school
news
place
ᴅᴇᴍ2.ᴅɪѕᴛ
much
Rʟ look.at FOLLOW GᴅiR.UP =ᴄᴏЅ
yes
Nea
ѕᴜʙʀ
ᴅᴇᴍ1.ᴅɪѕᴛ
ᴘFᴠ
ɢᴇɴ1ᴀ
so.then
remove =2ᴍiɴI
ᴅᴇᴍ2.ᴅɪѕᴛ
Rʟ do =3ᴍiɴIA
ACC.2augᵢᵢ
be.like
back.part =1ᴀᴜɢII
iRR visit ᴛR GᴅiR.IN again PᴅiR.HITHER =1ᴀᴜɢII
way
Rʟ be
ɴᴍʟᴢ1 teach ɴᴍʟᴢ
today
ɴᴍʟᴢ1 punish ɴᴍʟᴢ.ᴘᴄFʟ =3ᴍiɴII
Jesus
different
stand GᴅiR.OUT ᴀᴘᴘʟ PᴅiR.HITHER
and
ᴀᴄᴄ =1ᴍiɴII
Rʟ hurry GᴅiR.OUT =ᴄᴏЅ =1ᴀᴜɢI
bush
ѕᴜʙʀ
travel
and
demon ᴠR
blood
breadfruit
ᴘʀᴇᴘ
pull GᴅiR.DOWN PᴅiR.HITHER =2ᴀᴜɢI
ᴘFᴠ
ᴘFᴠ
net
word =3ᴍiɴII
ᴛᴘɴʏᴍ
time
and
Neboi
take .BZ(PDIR.YON)=O(1MINI)
3ᴀᴜɢ1 put GᴅiR.IN PᴅiR.YON =3ᴀᴜɢIA
3ᴀᴜɢ1 curse =3ᴀᴜɢIA
cook iɴᴛЅ
airplane
rat
so.then
ᴅᴇᴍ2.ᴅɪѕᴛ
Solomon.Islands
back.part =3ᴍiɴII
ᴛᴘɴʏᴍ
fruiting.branch
none.;.lack;.none
be =3ᴍiɴII
ᴘᴀЅ spotted GᴅiR.DOWN
be.like
Rʟ.3ᴀᴜɢ play =ᴄᴏЅ =3ᴀᴜɢIS
base
ᴅᴇᴍ2.ᴅɪѕᴛ
ᴘʀᴇᴘ
ɴᴍʟᴢ1 lure.fowl ᴠR
work =1ᴍiɴI
field
but
iRR be.schooled =1ᴀᴜɢI
ɴᴇɢ go =1ᴀᴜɢI ɴᴇɢ
bomb
ᴘʀᴇᴘ
ᴄᴏᴍ.
ѕᴜʙʀ
be.good
ɢᴇɴ1ᴀ
Rʟ say =ᴄᴏЅ PᴅiR.HITHER =3ᴍiɴIA
one
ᴘᴄFʟ.hand
these
ѕᴜʙʀ
ᴅᴀᴛ =3ᴍiɴII
both =1ᴀᴜɢII
Daniel
Alankaula
ᴘʀᴇᴘ
ᴅᴇᴍ2.ᴅɪѕᴛ
ᴀᴛ.фɴᴛ.ᴘʟ.ᴘʟ
there
dance.ring
ᴄᴏᴍ.
lightning
do.not
name =3ᴍiɴII
die =ᴄᴏЅ =1ᴀᴜɢI
strong
ᴘʀᴇᴘ
Rʟ go GᴅiR.UP =ᴄᴏЅ =1ᴀᴜɢI
mind =3ᴍiɴII
ᴍiᴅ say PᴅiR.HITHER
much
ᴅᴇᴍ2.ᴅɪѕᴛ
ɴᴍʟᴢ1 ᴍiᴅ take ɴᴍʟᴢ.ᴘᴄFʟ =3ᴀᴜɢII
ɢᴇɴ1ᴀ
ᴍiᴅ say .BZ(PDIR.YON)=O(1MINI)
be.3ᴍɪɴII
ᴘᴄFʟ.hand =3ᴍiɴII
image
breadfruit
village
ᴘʀᴇᴘ
ѕᴜʙʀ
Good.News
ᴘFᴠ
ɴᴍʟᴢ1 be GᴅiR.IN PᴅiR.HITHER
stand near GᴅiR.IN =3ᴍiɴIS
dat=1augII
maybe;.I.think
Aijz
ᴘʀᴇᴘ
3ᴀᴜɢ1 three
ᴘᴄFʟ.ʙ&ɢ =3ᴍiɴII
image
ᴘʀᴇᴘ
ᴘᴄFʟ.hand =3ᴀᴜɢII
ᴘʀᴇᴘ
be.3ᴍɪɴII
a
ѕᴜʙʀ
doctor
those
but
fence
not.have;.none.anymore
Rʟ call.someone =2ᴍiɴI
both =1ᴀᴜɢII
Rʟ.3ᴀᴜɢ go GᴅiR.OUT =ᴄᴏЅ PᴅiR.YON =3ᴀᴜɢIS
ᴘʀᴇᴘ
nasal
a
and
oh!
parrotfish
ɢᴇɴ1ᴀ =3ᴍiɴII
ɪɴᴛᴊ
ᴘFᴠ
ᴅᴇᴍ2.ᴅɪѕᴛ
and
ᴘʀᴇᴘ
ᴅᴇᴍ2.ᴅɪѕᴛ
tree
ɴᴍʟᴢ1 teach ɴᴍʟᴢ
shoe
fish
ᴅᴀᴛ =1ᴍiɴII
so.then
ᴘFᴠ
ᴅᴇᴍ2.ᴅɪѕᴛ
and
and
ᴘʀᴇᴘ
rope
ᴘʀᴇᴘ
ᴅᴇᴍ2.ᴅɪѕᴛ
ᴘʀᴇᴘ
bird's.nest.fern
Narnztilolx.(village)
leave PᴅiR.HITHER =3ᴍiɴIS
and
CRICKET
ᴘʀᴇᴘ
ᴅᴇᴍ2.ᴅɪѕᴛ
shore
and
prayer
ᴅᴇᴍ2.ᴘʀᴏχ
branch
iRR take =ᴄᴏЅ =1ᴍiɴI
doctor
insides
paddle GᴅiR.OUT .BZ(PDIR.YON)=O(1MINI)
home.by.the.sea
ɴᴍʟᴢ1 shake. ᴛR ɴᴍʟᴢ.ᴘᴄFʟ
ѕᴜʙʀ
ᴅᴇᴍ2.ᴅɪѕᴛ
Rʟ ᴍiᴅ say =ᴄᴏЅ PᴅiR.HITHER =3ᴍiɴIA
ɢᴇɴ1ᴀ
ᴘʀᴇᴘ
roast iɴᴛЅ =3ᴍiɴIA
high
so.then
ᴘFᴠ
ᴘʀᴇᴘ
Rʟ.3ᴀᴜɢ ᴄᴀᴜЅ make GᴅiR.IN =ᴄᴏЅ =3ᴀᴜɢIA
school
Lungga
two;.couple
room
ɴᴍʟᴢ1 PASS.EXAM
ᴘʀᴇᴘ
ᴘʀᴇᴘ
ᴅᴇᴍ2.ᴅɪѕᴛ
bush
ᴅᴇᴍ2.ᴅɪѕᴛ
and
3ᴀᴜɢ1 jump iɴᴛЅ GᴅiR.DOWN =3ᴀᴜɢIS
ᴅᴇᴍ2.ᴅɪѕᴛ
ᴍiᴅ say PᴅiR.YON
crew
female
ᴅᴇᴍ2.ᴘʀᴏχ
surpass VERY GᴅiR.OUT =3ᴍiɴIA
3ᴀᴜɢ1 go iɴᴛЅ =ᴄᴏЅ =3ᴀᴜɢIA
and
a
advrs
happen PᴅiR.YON
ᴄᴏᴍ.
Ncnqmz
ᴅᴇᴍ2.ᴅɪѕᴛ
ᴅᴇᴍ2.ᴅɪѕᴛ
ɴᴍʟᴢ1 be.difficult ɴᴍʟᴢ.ᴘᴄFʟ PᴅiR.YON
and
island
ᴅᴇᴍ2.ᴅɪѕᴛ
Rʟ.3ᴀᴜɢ ᴄᴀᴜЅ burn =ᴄᴏЅ PᴅiR.YON =3ᴀᴜɢIA
anchor
ᴅᴇᴍ1.ᴅɪѕᴛ
ᴘʀᴇᴘ back.part
Jesus
be.1ᴀᴜɢII
ᴘᴄFʟ.hand =3ᴀᴜɢII
3ᴀᴜɢ1 remove GᴅiR.UP PᴅiR.HITHER =3ᴀᴜɢIA
reach PᴅiR.HITHER =1ᴀᴜɢII
ѕᴜʙʀ
field
ɴᴍʟᴢ1 live,.stay ɴᴍʟᴢ.ᴘᴄFʟ =1ᴀᴜɢII
all
sing =3ᴍiɴII ᴘʟ
pigeon.
things
ɴᴍʟᴢ1 travel GᴅiR.IN PᴅiR.HITHER =3ᴀᴜɢIS
ᴘᴄFʟ.hand =3ᴀᴜɢII
be
Rʟ speak ᴀᴘᴘʟ =1ᴀᴜɢII
those
ᴘᴄFʟ.hand
war good
and
home =3ᴍiɴII
ɴᴍʟᴢ1 think ᴛR ɴᴍʟᴢ.ᴘᴄFʟ
ᴘᴄFʟ.food =1ᴀᴜɢII
John
ᴘFᴠ
those
Bungana
sink.down GᴅiR.DOWN =3ᴍiɴIA
hear again =1ᴀᴜɢI
and
ᴘᴀЅ restrict ᴀᴘᴘʟ PᴅiR.HITHER
ᴘʀᴇᴘ
Rʟ.3ᴀᴜɢ paddle GᴅiR.OUT =ᴄᴏЅ =3ᴀᴜɢIS
ᴘʀᴇᴘ
and
there
cloth
Rʟ break GᴅiR.OUT =3ᴍiɴIS
ᴘFᴠ
time
ᴅᴇᴍ2.ᴅɪѕᴛ
moon.
thing
pig
ѕᴜʙʀ
ᴀᴄᴄ =1ᴍiɴII
ᴍiᴅ say PᴅiR.YON =3ᴍiɴIA
a
bomb
mother.aunt =3ᴀᴜɢII
and
miracle
ᴘʀᴇᴘ
rain.storm
ᴄᴀᴜЅ be.good GᴅiR.IN =ᴄᴏЅ PᴅiR.YON =12ᴀᴜɢI
those
ɴᴍʟᴢ1 drink ɴᴍʟᴢ.ᴘᴄFʟ =3ᴀᴜɢII
miracle
be.1ᴀᴜɢII
ѕᴜʙʀ big
ᴄᴏᴍ.
but
first
ѕᴜʙʀ wet
marry
ᴘʀᴇᴘ
cross
priest
all
year
ᴘʀᴇᴘ
ᴅᴇᴍ2.ᴅɪѕᴛ
Aijz
ᴅᴇᴍ2.ᴅɪѕᴛ
ѕᴜʙʀ
person
ɴᴍʟᴢ1 ᴍiᴅ carve =3ᴀᴜɢIS
ᴘᴄFʟ.ʙ&ɢ =3ᴀᴜɢII
base =3ᴍiɴII
but
time
ᴘᴄFʟ.rsbl =3ᴍiɴII
there
ѕᴜʙʀ young
dat=3augII
sea.swell
go.up
ᴅᴇᴍ2.ᴅɪѕᴛ
be.schooled
AIRPORT
ѕᴜʙʀ one
ᴅᴇᴍ2.ᴅɪѕᴛ
ᴘᴀЅ give PᴅiR.YON
ɢᴇɴ1ᴀ =3ᴍiɴII
ѕᴜʙʀ big
sister.of.female
ɢᴇɴ1ᴀ =3ᴍiɴII
fear much =1ᴀᴜɢI
ᴘʀᴇᴘ
and
pure
water
be
Auki
Rʟ hang GᴅiR.IN =ᴄᴏЅ =1ᴍiɴI
one ᴅЅᴛR
there
Metalo
do.not
ᴅᴇᴍ2.ᴅɪѕᴛ
thing
ᴅᴀᴛ =1ᴍiɴII
and
ᴘʀᴇᴘ
ᴅᴇᴍ2.ᴅɪѕᴛ
and
ɴᴍʟᴢ1 speak ɴᴍʟᴢ.ᴘᴄFʟ
stub ᴀᴘᴘʟ
good
a
because
ѕᴜʙʀ
Sunday
wind
ѕᴜʙʀ
committee
ᴍiᴅ peel
monk
ᴘᴄFʟ.rsbl =1ᴀᴜɢII
image
none.;.lack;.none
ɢᴇɴ1ᴀ =1ᴀᴜɢII
back.part =1ᴀᴜɢII
ᴅᴇᴍ2.ᴅɪѕᴛ
and
and
eye =3ᴍiɴII
be.good
ᴘʀᴇᴘ
Rʟ shine ᴀᴘᴘʟ
ᴘFᴠ
doctor
a
day
pot
there
ᴘᴄFʟ.rsbl =3ᴀᴜɢII
room
ᴘʀᴇᴘ
these
a
so.then
but
Фɴᴛ.Ѕɢ
SANTA.CRUZ
moon.
be.3ᴀᴜɢII.
and
ɢᴇɴ1ᴀ
3ᴀᴜɢ1 desire =3ᴀᴜɢIA
there
there
house
and
Catholic
ѕᴜʙʀ
mind =3ᴍiɴII
neck =1ᴀᴜɢII
day
here
ᴅᴀᴛ =3ᴍiɴII
ɴᴍʟᴢ1 hurry GᴅiR.OUT ɴᴍʟᴢ.ᴘᴄFʟ PᴅiR.HITHER =1ᴀᴜɢII
ᴅᴇᴍ2.ᴅɪѕᴛ
same
and
3ᴀᴜɢ1 meet iɴᴛЅ =3ᴀᴜɢII
ѕᴜʙʀ
road
be.like
female
mind
but
Rʟ raise. ᴛR =ᴄᴏЅ =3ᴍiɴIA
ᴘᴄFʟ.food =1ᴀᴜɢII
be.3ᴍɪɴII
a
Rʟ rot iɴᴛЅ GᴅiR.IN
there
stone
ɴᴇɢ reach =3ᴍiɴIA ɴᴇɢ
ѕᴜʙʀ powerful
flat
ᴘʀᴇᴘ
those
man
those
be.schooled
man
dat=3augII
ᴅᴇᴍ2.ᴅɪѕᴛ
monk
and
ᴍiᴅ say PᴅiR.HITHER
Фɴᴛ.ᴘʟ
ѕᴜʙʀ
ᴅᴇᴍ2.ᴅɪѕᴛ
word
3ᴀᴜɢ1 go PᴅiR.HITHER =3ᴀᴜɢIS
iRR ᴄᴀᴜЅ dry ᴛR ᴀᴘᴘʟ =3ᴀᴜɢII
ᴅᴇᴍ2.ᴅɪѕᴛ
Tulagi
police
ᴘʀᴇᴘ
ᴘʀᴇᴘ
there
dictionary
ᴅᴇᴍ2.ᴅɪѕᴛ
Rʟ ᴍiᴅ say =ᴄᴏЅ PᴅiR.HITHER =3ᴍiɴIA
ѕᴜʙʀ 3ᴀᴜɢ1 many
God
and
ᴘʀᴇᴘ
and
none.;.lack;.none
surpass PᴅiR.YON ᴘʟ
top
be.3ᴍɪɴII
egg
and
=1ᴍiɴII =2ᴍiɴII
mind
doctor
and
ᴄᴏᴍ.
ᴄᴏᴍ.
NZLQWC
ᴅᴇᴍ2.ᴅɪѕᴛ
those
and
ᴍiᴅ give iɴᴛЅ PᴅiR.HITHER
and
house
high
Michael
iRR ᴄᴀᴜЅ go PᴅiR.HITHER =3ᴍiɴIA
also
creep iɴᴛЅ PᴅiR.YON
jump GᴅiR.UP PᴅiR.HITHER =1ᴀᴜɢII
ѕᴜʙʀ
be.good =ᴄᴏЅ
father =1ᴍiɴII
foreigner
maybe;.I.think
this.way
Rʟ ᴍiᴅ say =ᴄᴏЅ PᴅiR.HITHER =3ᴍiɴIA
war
Sunday
ɴᴍʟᴢ1 ᴄᴀᴜЅ strike ɴᴍʟᴢ.ᴘᴄFʟ =1ᴍiɴII =3ᴍiɴIA
ᴛᴘɴʏᴍ
thing
food
none.;.lack;.none
ɴᴍʟᴢ1 said ɴᴍʟᴢ.ᴘᴄFʟ 2ᴍiɴII
ѕᴜʙʀ 3ᴀᴜɢ1 big
a
be =ᴄᴏЅ =1ᴍiɴII
ᴅᴇᴍ2.ᴅɪѕᴛ
3ᴀᴜɢ1 know ᴛR
also
ɴᴍʟᴢ1 ᴍiᴅ say PᴅiR.YON
ᴘᴄFʟ.ʙ&ɢ =3ᴀᴜɢII
ѕᴜʙʀ
those
year
ᴅᴇᴍ1.ᴅɪѕᴛ
smoke iɴᴛЅ just
Rʟ be
ᴘᴀЅ dance ᴅᴘᴠ
CATECHIST
basket
Rʟ.3ᴀᴜɢ return =ᴄᴏЅ again PᴅiR.HITHER =3ᴀᴜɢIS
ᴘʀᴇᴘ
say iɴᴛЅ PᴅiR.YON
ѕᴜʙʀ
Simon
hear PᴅiR.YON =1ᴀᴜɢI
female
time
female
school
ѕᴜʙʀ
Reef.Is
ᴘʀᴇᴘ
gather together =1ᴀᴜɢI
ᴄᴏᴍ.
sea
ᴅᴇᴍ2.ᴅɪѕᴛ
none.;.lack;.none
time
dawn
female
high
ᴘʀᴇᴘ
ᴅᴇᴍ1.ᴅɪѕᴛ
a
behind
ɴᴍʟᴢ1 leave ɴᴍʟᴢ.ᴘᴄFʟ =1ᴀᴜɢII
ɴᴍʟᴢ1 cold ɴᴍʟᴢ.ᴘᴄFʟ =3ᴍiɴII
two;.couple
ɢᴇɴ1ᴀ
iRR sleep
ᴀᴛ.фɴᴛ.ᴘʟ.ᴘʟ
iRR be just
priest
ᴄᴏᴍ.
ᴘʀᴇᴘ
word
Rʟ cook ᴀᴘᴘʟ =2ᴀᴜɢI
ɴᴍʟᴢ1 pray ɴᴍʟᴢ.ᴘᴄFʟ =3ᴍiɴII
high
place
pay ᴛR =1ᴍiɴI =3ᴀᴜɢIS
day
ᴘʀᴇᴘ
Bznwz.vil
or
and
be.12ᴀᴜɢII
3ᴀᴜɢ1 three
ᴍiᴅ say PᴅiR.HITHER =3ᴍiɴIA
and
be.schooled
these
ᴘᴄFʟ.ʙ&ɢ =1ᴀᴜɢII
iRR ᴄᴀᴜЅ ripe GᴅiR.IN PᴅiR.YON =12ᴀᴜɢI
ᴘFᴠ
ᴘᴄFʟ.rsbl
village
ѕᴜʙʀ
ᴍiᴅ say PᴅiR.YON =3ᴍiɴIA
island
bush
ᴛᴘɴʏᴍ
ᴄᴏᴍ.
thing
God
ᴘFᴠ
ᴘFᴠ
little
ѕᴜʙʀ
arrow
those
Rʟ take =ᴄᴏЅ
ship
a
ɴᴍʟᴢ1 go FOLLOW ɴᴍʟᴢ.ᴘᴄFʟ =1ᴍiɴII
Rʟ.3ᴀᴜɢ go.out ᴀᴘᴘʟ
portion
first
cartridge
Narnztilolx.(village)
rescued ᴀᴘᴘʟ =1ᴍiɴII ᴘʟ
ᴅᴇᴍ1.ᴅɪѕᴛ
ѕᴜʙʀ
because
Rʟ.3ᴀᴜɢ big =3ᴀᴜɢIS
ᴘᴄFʟ.ʙ&ɢ
ᴅᴇᴍ2.ᴅɪѕᴛ
ᴘʀᴇᴘ
ѕᴜʙʀ
ᴀᴄᴄ =1ᴍiɴII
be.3ᴍɪɴII
companions
ᴅᴇᴍ1.ᴘʀᴏχ
be.1ᴀᴜɢII
ɴᴇɢ long ɴᴇɢ
branch =3ᴍiɴII
big
island
ɢᴇɴ1ᴀ
and
those
dining.hall
Lungga
iRR advrs SPHERICAL.OBJECT =ᴄᴏЅ PᴅiR.YON =3ᴍiɴIA
3ᴀᴜɢ1 go ᴀᴘᴘʟ PᴅiR.HITHER =3ᴀᴜɢIA
clear
Rʟ ᴍiᴅ say =ᴄᴏЅ .BZ(PDIR.YON)=O(1MINI)
ɢᴇɴ1ᴀ
ѕᴜʙʀ
Rʟ ᴍiᴅ say =ᴄᴏЅ PᴅiR.HITHER
course
spirit
Bznwz.vil
ɴᴇɢ go GᴅiR.DOWN ɴᴇɢ
week
but
Rʟ look ᴅЅᴛR =1ᴍiɴII
be.schooled
ᴅᴀᴛ =1ᴍiɴII
ᴅᴇᴍ2.ᴅɪѕᴛ
also
those
head =2ᴍiɴII
ᴘʀᴇᴘ
Rʟ ᴄᴀᴜЅ be.schooled
and
3ᴀᴜɢ1 shoot again PᴅiR.HITHER =3ᴀᴜɢIS
Rʟ ᴍiᴅ say =ᴄᴏЅ PᴅiR.HITHER =3ᴍiɴIA
again
even.though
thing
there
ѕᴜʙʀ
ɢᴇɴ1ᴀ =3ᴍiɴII
ѕᴜʙʀ many
doctor
Rʟ said =ᴄᴏЅ
ѕᴜʙʀ
ѕᴜʙʀ
but
because
food
those
father =1ᴍiɴII
ᴍiᴅ take together =ᴄᴏЅ =1ᴀᴜɢI
fruiting.branch
ɢᴇɴ1ᴀ
ᴍiᴅ say PᴅiR.YON
afterward =3ᴍiɴIS
ᴘʀᴇᴘ
ᴘʀᴇᴘ
time =3ᴍiɴII
ᴘʀᴇᴘ
and
ᴘʀᴇᴘ
female
ɴᴍʟᴢ1 speak ɴᴍʟᴢ.ᴘᴄFʟ =3ᴍiɴII
house
ɴᴍʟᴢ1 travel GᴅiR.OUT =1ᴀᴜɢI
Rʟ.3ᴀᴜɢ go ALONG =ᴄᴏЅ =3ᴀᴜɢIA
just
Rʟ.3ᴀᴜɢ speak ᴀᴘᴘʟ =ᴄᴏЅ PᴅiR.HITHER =3ᴀᴜɢIA
ᴘFᴠ
because
man
ɴᴍʟᴢ1 scream ɴᴍʟᴢ.ᴘᴄFʟ =3ᴍiɴII
ᴍiᴅ say PᴅiR.YON
ᴘʀᴇᴘ
ѕᴜʙʀ big
ѕᴜʙʀ
there
strong
ɢᴇɴ1ᴀ =3ᴀᴜɢII
Rʟ sink.down GᴅiR.DOWN =ᴄᴏЅ
ᴘʀᴇᴘ
titan.triggerfish
tax
cartridge
SOUTHERN.CROSS
ɴᴍʟᴢ1 make ᴠR
thing
3ᴀᴜɢ1 pray ᴀᴘᴘʟ PᴅiR.YON
bomb =3ᴍiɴIA
because
ᴘᴄFʟ.hand =3ᴍiɴII
ᴘʀᴇᴘ
people
ᴘᴀЅ shoot GᴅiR.DOWN instead PᴅiR.HITHER
those
because
name =3ᴍiɴII
ѕᴜʙʀ
single.house
Lwovz
ᴅᴇᴍ2.ᴅɪѕᴛ
ᴄᴏᴍ.
people
ɴᴍʟᴢ1 ᴄᴀᴜЅ go ɴᴍʟᴢ.ᴘᴄFʟ PᴅiR.HITHER =3ᴍiɴIA
Ncnia
dat=1augII
ᴘᴀЅ break GᴅiR.IN
because
Rʟ go FOLLOW iɴᴛЅ =1ᴍiɴII
all
Rʟ take =ᴄᴏЅ =3ᴍiɴIA
ᴘFᴠ
father =1ᴍiɴII
ᴅᴇᴍ2.ᴅɪѕᴛ =ᴄᴏЅ
finish UᴅiR.PATH GᴅiR.OUT
ᴅᴇᴍ2.ᴅɪѕᴛ
be.2ᴍɪɴII
ACC.2augᵢᵢ
ᴘʀᴇᴘ
Rʟ awaken =ᴄᴏЅ again PᴅiR.HITHER =3ᴍiɴIS
ѕᴜʙʀ
back.part =1ᴀᴜɢII
two;.couple
3ᴀᴜɢ1 be.schooled =3ᴀᴜɢIS
Baddeley
midday
3ᴀᴜɢ1 die =3ᴀᴜɢIS
ᴘᴄFʟ.rsbl =3ᴍiɴII
demon
pull =3ᴍiɴIA
and
both =1ᴀᴜɢII
ᴘʀᴇᴘ
Rʟ collect UᴅiR.THROUGH RELEASE =ᴄᴏЅ =1ᴍiɴI
ɴᴍʟᴢ1 be ɴᴍʟᴢ.ᴘᴄFʟ
dat=2minII
thing
that.one
Noole.vil
ɢᴇɴ1ᴀ
Rʟ ᴍiᴅ say .BZ(PDIR.YON)=O(1MINI)
take PᴅiR.YON =3ᴍiɴIA
basket
and
Rʟ.3ᴀᴜɢ teach =3ᴀᴜɢIS
there
tree
and
little
because
ᴘFᴠ
ɴᴍʟᴢ1 go ɴᴍʟᴢ.ᴘᴄFʟ =1ᴀᴜɢII
there
blood
and
ᴘᴄFʟ.hand =12ᴍiɴII
Rʟ go ᴀᴘᴘʟ =1ᴀᴜɢII
ᴍiᴅ pick =ᴄᴏЅ =1ᴍiɴI
be.schooled
doctor
ENGLAND
finish GᴅiR.OUT PᴅiR.YON =3ᴍiɴIS
many
ᴄᴀᴜЅ sunbathe GᴅiR.OUT RᴇFʟ =ᴄᴏЅ
rope
Ncnia
ᴅᴇᴍ2.ᴅɪѕᴛ
wild.taro
stand PᴅiR.HITHER
and
look ᴀᴘᴘʟ ᴘʟᴄᴛ =3ᴍiɴIA
iRR lead =1ᴍiɴI
so.then
wind
ᴘᴀЅ ᴍiᴅ say PᴅiR.YON
ѕᴜʙʀ many
ᴍiᴅ say PᴅiR.HITHER
there
3ᴀᴜɢ1 convert.s.o. =3ᴀᴜɢIA
ᴅᴇᴍ1.ᴘʀᴏχ
ѕᴜʙʀ
Rʟ plant ᴛR =1ᴀᴜɢI
food
ᴅᴇᴍ2.ᴅɪѕᴛ
school
those
ᴅᴇᴍ1.ᴅɪѕᴛ
time
ѕᴜʙʀ
doctor
and
Rʟ.3ᴀᴜɢ paddle together =ᴄᴏЅ =3ᴀᴜɢIS
ѕᴜʙʀ
wind
ѕᴜʙʀ
different
because
ᴘʀᴇᴘ
ɴᴍʟᴢ1 drink ɴᴍʟᴢ.ᴘᴄFʟ =3ᴀᴜɢII
here
ᴘᴄFʟ.rsbl
moon.
a
ᴘᴄFʟ.hand =1ᴀᴜɢII
MAST
Lungga
but
ᴘʀᴇᴘ
ᴍiᴅ say PᴅiR.YON
Rʟ thirsty =ᴄᴏЅ
ᴘʀᴇᴘ
ᴘFᴠ
ѕᴜʙʀ teach
ᴘʀᴇᴘ
Navy
ɴᴍʟᴢ1 hurry ᴅᴘᴠ GᴅiR.OUT PᴅiR.YON =3ᴀᴜɢIA
ᴍiᴅ say =3ᴍiɴIA
place
mountain
first
hem.nao
iRR be
ᴅᴀᴛ =3ᴍiɴII
there
ᴘᴄFʟ.food =3ᴀᴜɢII
iRR help ᴀᴘᴘʟ =3ᴍiɴII
hurry =1ᴀᴜɢI
ᴘᴄFʟ.food =1ᴀᴜɢII
SANTA.CRUZ
mountain
oh!
here
ᴄᴏᴍ.
start again =1ᴀᴜɢI
ᴘʀᴇᴘ
ᴘᴄFʟ.ʙ&ɢ =1ᴀᴜɢII
and
calamity
be.12ᴀᴜɢII
ᴘʀᴇᴘ
there
3ᴀᴜɢ1 ᴍiᴅ give ᴛR PᴅiR.HITHER =3ᴀᴜɢIS
ɴᴍʟᴢ1 ᴍiᴅ carve ɴᴍʟᴢ.ᴘᴄFʟ =1ᴀᴜɢII
church.building
ɴᴍʟᴢ.ᴘᴄFʟ =3ᴍiɴII
fence
head =3ᴍiɴII
ɴᴍʟᴢ1 see GᴅiR.OUT
and
ᴘʀᴇᴘ
ᴘʀᴇᴘ
thing
ѕᴜʙʀ
ѕᴜʙʀ big
Rʟ fear =ᴄᴏЅ =1ᴀᴜɢI
be =1ᴀᴜɢI
people
Rʟ pay =1ᴍiɴI
ᴄᴏᴍ.
there just
ѕᴜʙʀ one
cross
ᴄᴏᴍ.
ᴘʀᴇᴘ
head =1ᴍiɴII
ɢᴇɴ1ᴀ
ᴅᴇᴍ2.ᴅɪѕᴛ
doorway
a
ᴘᴄFʟ.ʙ&ɢ =3ᴀᴜɢII
Reef.Is
cooked
Vxngr.vil
ɴᴍʟᴢ1 be.happy ɴᴍʟᴢ.ᴘᴄFʟ =1ᴀᴜɢII
ᴀᴄᴄ =1ᴍiɴII
those
and
companions
be.good
ѕᴜʙʀ
Savo
ѕᴜʙʀ
word
early.evening
ᴍiᴅ say PᴅiR.YON
and
iRR become =ᴄᴏЅ =1ᴀᴜɢII
midst
a
year
his.nose =3ᴍiɴII
foreigner
ѕᴜʙʀ
thing
ᴘFᴠ
God
Bokapwr
thing
see =2ᴍiɴI
school
ᴘᴄFʟ.rsbl =3ᴍiɴII
all
monk
ɴᴍʟᴢ1 remove ɴᴍʟᴢ.ᴘᴄFʟ PᴅiR.YON =3ᴍiɴIA
sacrifice ɴᴍʟᴢ.ᴘᴄFʟ
first
ᴄᴏᴍ.
and
ѕᴜʙʀ big
only
be.difficult
ѕᴜʙʀ
ɴᴍʟᴢ1 push.over ᴛR ɴᴍʟᴢ.ᴘᴄFʟ =3ᴍiɴII =3ᴀᴜɢIIP
ᴘʀᴇᴘ
ᴅᴇᴍ2.ᴅɪѕᴛ
be.schooled
ɢᴇɴ1ᴀ
and
but
be.schooled
ɢᴇɴ1ᴀ =3ᴀᴜɢII
highest.level.in.law
thing
gun
people
Rʟ ᴍiᴅ write ᴀᴘᴘʟ =1ᴍiɴII
ɴᴍʟᴢ1 bare.the.teeth together =1ᴀᴜɢI
ᴅᴇᴍ2.ᴅɪѕᴛ
even.though
different
ᴘFᴠ
and
ɴᴍʟᴢ1 make ᴠR
village
be.3ᴀᴜɢII.
DOOR
ɪɴᴛᴊ
none.;.lack;.none
ѕᴜʙʀ
wave
female
mountain
ɴᴍʟᴢ1 go wrong ɴᴍʟᴢ.ᴘᴄFʟ =3ᴀᴜɢII
mat
ɴᴇɢ go.out ɴᴇɢ
midst
ᴅᴇᴍ2.ᴅɪѕᴛ
there
ɴᴇɢ long ɴᴇɢ
Rʟ stand
female
those
reading
this
nose.shell
3ᴀᴜɢ1 be =3ᴀᴜɢIS
and
be ᴛR =1ᴀᴜɢI
ᴘʀᴇᴘ
so.then
war hidden
man
those
ᴅᴇᴍ2.ᴅɪѕᴛ
Rʟ see =2ᴀᴜɢI
and
ᴘFᴠ
thing
Rʟ give =ᴄᴏЅ .BZ(PDIR.YON)=O(1MINI)
ᴅᴇᴍ2.ᴅɪѕᴛ
female
ᴘʀᴇᴘ
ɴᴇɢ ᴘᴀЅ wait ɴᴇɢ
ᴘʀᴇᴘ
ᴘʀᴇᴘ
also
ᴅᴇᴍ2.ᴅɪѕᴛ
place
again
Auki
iRR go =1ᴀᴜɢI
body =3ᴍiɴII
ᴏRᴅ four
3ᴀᴜɢ1 go GᴅiR.UP PᴅiR.HITHER =3ᴀᴜɢIS
ᴅᴇᴍ2.ᴅɪѕᴛ
those
those
ѕᴜʙʀ
and
name =3ᴍiɴII
SOUTHERN.CROSS
Bznwz.vil
be.3ᴀᴜɢII.
enter.in =1ᴍiɴI
time
ᴏRᴅ three
end
ᴘʀᴇᴘ
one
ѕᴜʙʀ
ɴᴍʟᴢ1 return ɴᴍʟᴢ.ᴘᴄFʟ PᴅiR.HITHER =3ᴀᴜɢIA
ɴᴍʟᴢ1 ᴄᴀᴜЅ eat ѕᴜʙʀ holy ɴᴍʟᴢ.ᴘᴄFʟ =3ᴍiɴII
SOCIETY
again
ᴘʀᴇᴘ
ᴅᴀᴛ =1ᴍiɴII
ᴅᴇᴍ2.ᴅɪѕᴛ
cyclone
ᴘʀᴇᴘ
there
but
all
ᴘʀᴇᴘ
ѕᴜʙʀ little
ᴅᴀᴛ =3ᴍiɴII
SENIOR
Pawa.school
ɴᴍʟᴢ1 dog.paddle GᴅiR.UP ɴᴍʟᴢ.ᴘᴄFʟ PᴅiR.HITHER =1ᴀᴜɢII
ѕᴜʙʀ big
Rʟ ᴄᴀᴜЅ cry =ᴄᴏЅ
ɴᴍʟᴢ1 ᴍiᴅ go ᴅᴘᴠ ᴀᴘᴘʟ
and
RᴘRɴ2 ᴅᴇᴍ1.ᴅɪѕᴛ =3ᴍiɴII ᴘʟ
marry ᴛR =1ᴍiɴI
house
ᴅᴇᴍ1.ᴅɪѕᴛ
ᴅᴇᴍ2.ᴅɪѕᴛ
Фɴᴛ.ᴘʟ
ѕᴜʙʀ
RᴘRɴ2 ᴅᴇᴍ1.ᴅɪѕᴛ =3ᴍiɴII ᴘʟ
ᴘᴄFʟ.ʙ&ɢ =1ᴀᴜɢII
and
ѕᴜʙʀ
rope
ᴘᴀЅ carve ᴛR =3ᴀᴜɢII
say iɴᴛЅ PᴅiR.HITHER =3ᴍiɴIA
chicken;.bird
ѕᴜʙʀ
colorful
ᴘFᴠ
island
ѕᴜʙʀ
stand iɴᴛЅ GᴅiR.OUT
tree
ᴅᴇᴍ2.ᴅɪѕᴛ
ᴅᴀᴛ =2ᴍiɴII
ᴅᴇᴍ2.ᴅɪѕᴛ
ᴅᴇᴍ2.ᴅɪѕᴛ
ɴᴍʟᴢ1 ᴄᴀᴜЅ break.off. GᴅiR.OUT ɴᴍʟᴢ.ᴘᴄFʟ PᴅiR.HITHER =1ᴍiɴI
also
ѕᴜʙʀ
ᴏRᴅ four
iRR go iɴᴛЅ
ᴅᴇᴍ2.ᴅɪѕᴛ
ᴅᴀᴛ =3ᴍiɴII
those
3ᴀᴜɢ1 fly =ᴄᴏЅ =3ᴀᴜɢIS
ѕᴜʙʀ
ɴᴇɢ fear =1ᴀᴜɢI ɴᴇɢ
village
dat=1augII
Pa'lz
sleep =1ᴀᴜɢI
ѕᴜʙʀ big
rule
ᴅᴀᴛ =3ᴍiɴII
Rʟ ᴍiᴅ say =ᴄᴏЅ PᴅiR.YON
wind.SW
go PᴅiR.HITHER =1ᴀᴜɢII
travel iɴᴛЅ GᴅiR.IN
quickly;.quick =ᴄᴏЅ
ᴅᴇᴍ1.ᴅɪѕᴛ
ѕᴜʙʀ
first
bow
a
return PᴅiR.HITHER
Jesus
January
ᴘᴄFʟ.ʙ&ɢ =1ᴀᴜɢII
two just
ᴘʀᴇᴘ
Nebz.vil
ᴘFᴠ
ѕᴜʙʀ dry
ᴘʀᴇᴘ
there
demon
and
and
ѕᴜʙʀ
ᴘʀᴇᴘ
where
there
ᴘᴄFʟ.rsbl =3ᴍiɴII