IMP.AV ISA.AV giling
kelmarin;.semalam
kemudian
kemudian
kelapa
dua
MO.ACY pigang
ISA.AV menanam
Stomach.Woman
awak;.engkau;.saudara;.anda
Reyda
ISA.AV say
obat
ibu;.induk;.emak
DEF
DEF
di;.ke;.pada
IMP tembakau
kemudian
enough
asal
saya;.aku
boleh
tidak
juga
DEF
babi
bercakap;.mengata;.cakap
di;.ke;.pada
DEF
ISA.AV tuang
berkata
babi
boleh
di;.ke;.pada
jejaka,.perjaka
SE LINKER separuh;.setengah
kami
seperti
kalau
MO.ACY return
one
PST.ACY datang
NPST.ACH masuk
DEF
ISA.AV hantar;.menghantar
rumah
saya
DEF
PST.UV buang
bapa;.ayah
enough
DEF
ISA.AV buang
ISA.AV ubi.kayu
ISA.AV memarut
juga
kita
ISA.AV angkasa
itu
nya
grope.for
reply
atap
dan
yet
juga
apa
fish
ranting
mata
menantu.perempuan;.menantu.laki.laki
sulit,.sukar
MO.ACY tangis
engkau;.awak;.saudara;.anda
anjing
Beleha
tidak
oleh
bung
=
lelaki
=
selamat
rumah
PST.ACY ACY.C2 mimpi;.bermimpi
tahun
one
PST.UV tandang;.menyepak
MO.ACY makan
barang,.benda
sini
bahasa
PST.ACY datang
sepuluh
dari
bau
engkau;.awak;.saudara;.anda
pagi
di.bawah