kâ#ᴅᴇᴍ2.ᴅɪѕᴛ
kä..#ѕᴜʙʀ topwë#little
tü-#Rʟ mnâ#live,.stay -ngö#ᴀᴘᴘʟ ==gö#=1ᴀᴜɢII
në-#ɴᴍʟᴢ1 vë#go -kö#ɴᴍʟᴢ.ᴘᴄFʟ -mü#PᴅiR.HITHER
dapu#piece
ö-#ᴍiᴅ male#hold
bagö#dat=1augII
da#thing
kä..#ѕᴜʙʀ
ni#be ==pe#=ᴄᴏЅ -m#2ᴍiɴII
kä..#ѕᴜʙʀ
tü-#Rʟ mnâ#live,.stay -ngö#ᴀᴘᴘʟ ==gö#=1ᴀᴜɢII
-#3ᴀᴜɢ1 mnâ#be ==ngü#=3ᴀᴜɢIS
tü-#Rʟ pnz'#shoot -bü#FULLY ==pe#=ᴄᴏЅ ==le#=3ᴍiɴIA
yâ#stay -pä#GᴅiR.OUT
nâbö#cross
-#3ᴀᴜɢ1 mnâ#be ==lö#=3ᴀᴜɢIA
ba-#ᴅᴀᴛ ==nge#=1ᴍiɴII
tu#stand -tä#iɴᴛЅ pwë#just
ä#and
amölä#all
ni-#ᴀᴄᴄ ==nge#=1ᴍiɴII
këble#different -ngü#ᴘʟ
do#hang -ne#ᴅЅᴛR -lë#GᴅiR.UP ==pe#=ᴄᴏЅ kë#also -#PᴅiR.YON
zbrlxkz#thirst
ö-#ᴍiᴅ pi#say ==le#=3ᴍiɴIA
më#ᴘʀᴇᴘ
leplë#people
nyë#ᴘᴄFʟ.ʙ&ɢ ==de#=3ᴍiɴII
döka'#demon -ngü#ᴘʟ
töpapa-.(aöâhaiâ)#DOOR
mwelr#fear ==kö#=1ᴀᴜɢI
kë#also
kâ#ᴅᴇᴍ2.ᴅɪѕᴛ
kölë#reach -mü#PᴅiR.HITHER ==le#=3ᴍiɴIA
dötwö#mind ==de#=3ᴍiɴII
pasto#pastor
kä..#ѕᴜʙʀ
mâ#see ==ä#=1ᴍiɴI
në-#ɴᴍʟᴢ1 wë#make -kö#ɴᴍʟᴢ.ᴘᴄFʟ ==de#=3ᴍiɴII
nyë#ᴘᴄFʟ.ʙ&ɢ ==de#=3ᴍiɴII
kölë#know ==ku#=12ᴀᴜɢI
më#ᴘʀᴇᴘ
mëbü#day
më#ᴘʀᴇᴘ
sâ-#ᴘFᴠ
të-#Rʟ.3ᴀᴜɢ ö-#ᴍiᴅ pi#say ==pe#=ᴄᴏЅ ==lö#=3ᴀᴜɢIA
kä..#ѕᴜʙʀ -#3ᴀᴜɢ1 siklu#be.schooled
ä#and
da#thing
tü-#Rʟ ö-#ᴍiᴅ pi#say ==pe#=ᴄᴏЅ -mü#PᴅiR.HITHER
ä#and
tü-#Rʟ ya#paddle -pä#GᴅiR.OUT ==pe#=ᴄᴏЅ -bë#PᴅiR.YON ==#=3ᴍiɴIS
köa-#ᴏRᴅ li#two
në-#ɴᴍʟᴢ1 pâ#red -kö#ɴᴍʟᴢ.ᴘᴄFʟ
lâ#ᴅᴇᴍ1.ᴅɪѕᴛ
mökâ#there
lâ#ᴅᴇᴍ1.ᴅɪѕᴛ
nâ#tree
ä#and
ö-#ᴍiᴅ pi#say -bë#PᴅiR.YON ==le#=3ᴍiɴIA
delâ#this
kë#also
sâ-#ᴘFᴠ
kâ#ᴅᴇᴍ2.ᴅɪѕᴛ
tü-#Rʟ ö-#ᴍiᴅ pi#say -bo#.BZ(PDIR.YON)=O(1MINI)
ä#and
nölâ#place
vo#travel -o#GᴅiR.DOWN -mü#PᴅiR.HITHER ==ä#=1ᴍiɴI
sâ-#ᴘFᴠ
në-#ɴᴍʟᴢ1 yâmne#speak -kö#ɴᴍʟᴢ.ᴘᴄFʟ ==de#=3ᴍiɴII
pipë#little.bit
më#ᴘʀᴇᴘ
milëpü#evening
të-#Rʟ.3ᴀᴜɢ mnâ#be ==ngü#=3ᴀᴜɢIS
a'#but
-#3ᴀᴜɢ1 mwi#sleep -pä#GᴅiR.OUT -mü#PᴅiR.HITHER
tü-#Rʟ ö-#ᴍiᴅ pi#say ==pe#=ᴄᴏЅ -mü#PᴅiR.HITHER
këdü#a
më#ᴘʀᴇᴘ
këdung#ᴀᴛ.фɴᴛ.ᴘʟ.ᴘʟ
gât#God
kâng#those
awi#thank -tä#iɴᴛЅ -bo#.BZ(PDIR.YON)=O(1MINI)
më#ᴘʀᴇᴘ
më#ᴘʀᴇᴘ
nöâ#wave
nüvi#rope
në-#ɴᴍʟᴢ1 ayângölö#shake. -ti#ᴛR -kö#ɴᴍʟᴢ.ᴘᴄFʟ
käömailë#leader
a-#ᴄᴀᴜЅ glö#dry ==kö#=1ᴀᴜɢI
më#ᴘʀᴇᴘ
-#3ᴀᴜɢ1 dwasë#leave -bë#PᴅiR.YON
ä#and
tü-#Rʟ yokae#untie ==kö#=1ᴀᴜɢI
dëbö#root
nigö#be.1ᴀᴜɢII
a'#but
mü#behind
mu#desire ==le#=3ᴍiɴIA