ts'ihotįįł
uu- dįį- nih
hiiy- uu- deel
tsin'įį
that
ay
ay
nts'ą̈'
eh
ch'aachin'
s- tsay
fish
iin
di- kąy'
hel- tsįį
choh
k'it
ch'a
danh
niign
a- dogn
people
ch'a
dänh
n- ts'ą'
ni- i- haag
na- tet- dek
e- tsaa
na- teh- xeeł
hu- shyi'
dänh
nee- ła'
ch'a'
manh
na- 'ih- te'
tah
t'eey
eh- nih
dii
ni- nįį- shyah
nelkon'
ch'a
nee- ts'iikeey
hii- eh- nih
datl'a- 'ee- mįį
village
ch'aachin'
na- hii- tnet- dek
ndehde'
nday
hįį- xąą
di- nąą
dą'
ddhuugn
hanteey'
adult
ch'ah
chih
y- eh- nih
eh
k'ahdu'
ch'itay
ch'i- nąą
chih
eh
na- tset- deeł
eh- tįį
i- dzaa- niil
shyąą
heh- 'įįk
yeah
na- ti- daak
y- eh- nih
shyi'
t'eey
dih- k'ąą
tiki- 'at- dät
ay
el- tsiin
u- tsįį'
jah
i- dįį- shyay
hǫǫ't'eey
ch- ǫǫndaa
ǫǫ- łe'
diltth'ii
hunehttheh
t'axoh
choh
h
d- aa
eh
t'axoh
hu- ta'
ts'exeh.gaay
ts'oo
do
nts'aa'
ch'itay
iin
noo- tįl- negn
el- tsiin
look
ta- ts'įį- tąą
n- tth'an'
iin
ishyiit
įį.tat'eey
ch'itay
xa'
nee- haał
na- tset- dek
y- aa
ski'- uh- shya'
di- nąą
nii- hin- deeł
na- h- tnet- deel
nah- 'ǫǫ
xah
sh- 'aat
eh- nih
not
ch'i- xia'
sh- eh
del- tth'ih
ła
dzänh
t'eey
nts'ą̈'
dit
tah
shyiit
ay
ti- 'at- nagn
tl'uuł
gǫǫ
du'
eh
xah
t'eey
eh
t'axoh
tah
i- haay
pack
nih
sǫ'
sh- ke'
iin
chih
dits'än
k'ahdu'
ah- nǫǫ
ay
duugn
ookol
shyįį'
nah- 'ogn
łą'
dii
na- hat- dal
ch'ih- t- nal- 'įįł
i'elnąy
that
dą'
eh
nts'ą̈'
hu- hi- nąy
eh
dąą'
sǫgay
t'eey
called
gaay
gah
dzänh
t'eey
łi- gaay
hugn
all
na- tih- daak
gee
suu'
ch'itay
ch'įįtįįł
tl'aan
ishyiit
hu- tee- łe'
nts'ą̈'
tl'aan
dänh
manh
jah
choh
hu- 'eh- nay
to
hǫǫ'
ch'itay
yich'oodehdiih
t'eey
tah
ts'iikeey
taa- t'eeł
natuhshya'
kessler
ay
ch'i- shyuutth'än
neh
tl'aan
charles
tl'aan
dikǫ'thüü
ay
jah
hospital
high
mänh
ay
yi- nel- jit
ts'iiniin
ina'
pull
jign
än'
eh
u- neh- 'ąy
y- eh- nih
jah
łuugn
iin
shyiit
jah
dih- t'eh
łęę'
that
ha- 'įį- shyah
tthi- nįį- shyah
d- ǫǫndaa
y- eh- nih
nel- jidn
eh
nee- 'eh
ahnuugn
ch'i- dia'
ch'i- nįį- dät
chih
t'eey
i
tl'aan
du'
xah
around
ay
t'eey
eh- tįį
shyiit
įį- haał
sh- k'eh
creek'
hǫǫ'
eł
medicine
nts'ą'
they
man
u- taa- niił
like
nih
ąąą
tth'ee
january
du'
ishyiit
dzel- tth'ih
ts'ikeey
ch'i- xia'
ch'a
tel- tthät
n- ee'eh
t'axoh
t'eey
t'eey
ay
hǫǫ't'eey
ak- tsänh
s- tsąy
da- sh- h- nįh- tįį
tl'uuł
i- tthi'
ch'ale
sh- eh- nih
ch'a
hii- huu- heek
teejuh
ch'ale'
he- nih
jah
ha- 'aat
hu
shyįį'
iitsą'
hu- ts'ą̈'
ha- noo'
ay
t'eey
dąą'
ishyiit
k'eh
ti- dhih- shyah
aandah
dǫng
łahtthegn'
mean
ch'a
ddhał
i- dhagn- nüh
ut- sǫǫ
t'eey
nak- 'įh
ǫǫ- dla'
ah- degn'
hah- 'ogn
du'
tl'aan
deh- 'įh
dii
y- eh- nih
ni- sh- ih- nįh- tįįk
xah
y- aa
xah
unintelligible
ni- ch'i- nįl- 'įį'
ni- 'eeł- ts'e- łeek
ts'at
ch'ale'
k'it
iin
u- kol
tl'uuł
ch'itay
k'it
oh
u- dagn- dįį'
u- dih- nih
tthee
hǫǫ'
hǫǫ- łįį
ee- gąy
da- nah- deeł
nak- 'įh
of
ts'iikeey
iin
hu- xah
iin
t'eey
na- tet- dagn
eł
da- h- taa- dał
ni- 'įį- ha'
d- uh- noo'
na- h- teh- mbik
dheh- xįį
that
h- tee- neeyh
t'eey
dąy
łįį
iin
nagn- tän
sǫ'
hii- tl'a- hiiy- įį- dlay
t'eey
n- nąą
hii- eh- nih
nii'iaa
udǫǫni'
eetal
village
dii
nih
call
degn'
ay
ee- dah
ts'- ee- dlah
nän'
eł
t'eey
y- eh- nih
ay
n- eh- nih
ha- na- deg'
hii- kįį'
creek
ha- dogn
gaay
tsatbaay
ts'ą̈'
u- t'ah
nee- gąy
ts'exeey
nee- xol'
hǫǫ'
s- tsǫǫ
tet- giat
naagn'
tsin'įį
eh- shyüüdn
nuun
nts'ą'
eh
hanteey'
iin
hǫǫ- łįį
hǫǫ'
jah
ddhäł
neetehmbiil'
dzel- tth'ih
nee- kat
hǫǫ'
xah
ts'exeh.gaay
y- eh
h- tee- deel
hu'- ookol
tl'aan
t'eey
t'eey
eł
i
ay.eh
he- nih
shhhhh
m- įįtsįį'
niign
dineey
da- ts'ee- dlah
uts'ihǫǫndiik
hah- nogn
today
t'oot'eey
iin
hugn
nts'ą̈'
ee- dah
ay.eł
ǫǫle'
ay.eh
gaay
sh- nąą
iin
t'eey
eh
shiy
k'it
dii
'at'eey
tsin'įį
nee- k'eh
ay
atthiit
taag
gǫǫ
ch'ishyaan
u- nts'ą̈'
ha- 'ogn
k'ahdu'
dänh
tah- 'aal
t'eey
shyiit
hǫǫ'
t'eey
eh
agnes
iin
ła'
ch'a
łahtthegn.nts'ą̈'
na- tet- shyah
dǫ
hih- del- tth'ih
nįįk'ul
hǫǫ- łįį
taht'eey
idzii'
when
paid
kol
did
yeah
ha- hii- taa- 'aał
teethäł
tl'aan
dhak~'ąą
gǫǫ
gaay
hii- dheh- xįį
du'
eł
nts'ąą'
k'ahmann
doo
ummm
tl'aan
įh- kon'
hu- ch'a'
dį'
iin
sh- dia'
ch'ale
ay.eh
that
ay
ts'anh
dih- tth'ak
hushyiit
mänh
dih- t'eh
t'eey
taa- łeeł
sh- ǫǫnüü
nee- nąą
ah- keet
ah- degn'
nuh- tsǫǫ
dąą'
hǫǫ- łįį
ee- tįį
ch'- i- naa- dał
s- ts'ą̈'
nee- 'eh
tsüü
tah
hu- tee- łe'
n- nak- 'įh
diniign
sta- a- nįį- daay
ay
josh
eh
they
tl'aan
eh
t- nay
chih
e- tsah
ładehk'ąą
tl'aan
hǫǫ't'eey
hǫǫ't'eey
i
nųh- 'iign
tsidąy
nah- 'ǫǫ
tl'aan
kon'
sta- a- in- shyay
dita'
ąąą
eh
ha- shyuugn
huh- i- h- d- el- tth'ii
y- eh- nih
ch'i- xia'
ts'almbeet
y- eh- nih
ch'ale'
sǫ'
shyįį'
da- tthi- nįį- tthayh
tl'aan
nah- tet- degn
least
territory
naagn'
shi- he- nih
those
hǫǫ- łįį
sh- k'eh
iin
ąąą
eh- tii
nts'ą'
k'it
degn'
t'axoh
na- tet- keegn
xa- jet- 'ąą
ni- i- nin- 'aay
iin
ena'
ni- i- in- shyah
du'
y- eh
ts'oo
k'ahmän'
kah
skiinįhtįį
y- eh- nih
da- dih- nay
y- eh- nih
they
nts'ą'
ts'uu- dii- dlay
łuugn
chih
hǫǫ'
dzal- tth'i'
hiiy- i- t'üü
saay
eh
hu- 'eh- nih
hih- del- tth'ii
k'ahdu'
ishyiit
ay
dzänh
du'
they
hǫǫ- łįį
ch'ah
di- xol'
avis
ishyiit
u- dih- nih
y- eh- nih
ay
du'
teeł
hi- huu- deel
ti- d- h- e- e- shyah
ohhh
hįį- xąą
hut- shyaak
ay
ts'ihnįįdeek
dineey
hah- shyiign
łaakay
ts'änh
nee- 'eh- nih
shyįį'
mb- ookol
ski- nįį- shyiił
eh- sał
el- tsiin
ts'anh
chih
kah
y- eh- nih
hu- nee- 'įį
shyi'
ee- dah
nts'ąą'
ni- nįį- shyah
h- i- 'ish- nąy
k'it
ay
ni- nįį- shyah
eh
yįį- łaak
frank
nijelnayh
dą'
ishyiit
ts'exeh.gaay
that's
t'axoh
hu- xah
i- dnin -tsay
eh- tsįį
ni- nįį- shyah
t'axoh
ay
ts'ehłag
hǫǫ- shyąą
u- dee- 'ah
yeah
hǫǫ'
i- gaan'
dia'
t'eey
ti- nįį- shyah
ay.eł
t'eey
hǫǫ't'eey
s- tsǫǫ
shyii
h
maybe
jah
ishyiit
dii.t'eey
tl'aan
nee- 'eh
tthikaan
nts'ą'
oh
hii- na- dįh- deeł
a- nogn
they
maggie
uu- ton'
gǫǫ
ahą
nithoo
hi- ttheeł
ishyiit
nän'
ts'ant'ay
ts'i'okthiidn
chih
dänh
choh
nts'ą̈'
nuh- 'eh
chih
noo'
shxol'
nat- s- u- t- deel
ti- 'uh- shya'
hii- deh- 'aagn
dia
ts'ehkah
call
eh
dadhįh'iin
tth'itu'
nǫǫgaay
h- an- ts'- uh- t'üü
natonshya'
ninįhtįį
nche'
daht'ay
di- 'aat
seeyh
yiii
doo
ishyiit
łąą'
u- ts'iiniin'
łįį
xah
that
įįjih
i- he- nih
eh
hǫǫ't'eey
nts'ą'
ay
ay.eł
nts'ą'
ishyiit
t'axoh
t'eey
soon
u- nąą
u- dhah- tsiin
nts'ąą'
ay
hii- eh- nih
ni'- uh- ha'
that
hu- 'eh- nih
hih- dii- tth'ak
hi- dąy
hi- xąą
ay
di- ts'ayy'
du'
ts'exeh
tl'aan
t'oot'eey
t'axoh
natetdaak
hu- 'eh- nih
eh
na- nat- däl
hih- nįį- naan
nee- ts'ädn'
nduuk
el- tsįį
tay'
t'eey
tahtlogn
neh
eekeh
hohneh'įį
new
tah
nee- 'eh- nih
negn'
tah
u- dih- nih
tl'aan
di- nąą
sh- įįtl'aat
na- h- tel- 'üü
dįh'ąy
ch'i- nįh- tl'ųh
nts'ąą'
yanoo
gaay
tah
na- 'aat
sh- aa
like
tudi
ni- 'įį- ha'
dzel- tth'ih
ts'ehłegn
u- dhih- niik
laughter
hi- het- nąy
dineh
jign
just
įį- tsuul
dineh
hǫǫ'
jah
dąą
nǫǫgaay
huhneh'ąy
gaay
diaa
tah
anohshyuugn
xah
chih
hǫǫ'
ay
nts'ą̈'
t'axoh
dita'
sh- ta'
tah
ch'- hįį- xąą
eh
t'eey
ski- d- įį- t- t- heey
hiinaadał
łaakeey
nt'eh
ay
hu- naan'
him
dąy
k'ąy'
du'
dziin
degn'
ni- nįį- shyay
nts'ą̈'
nih
eh- nih
hǫǫ- t'eh
taathüh
ch'i- duu- ni'
ts'iikeey
aa- haał
di- tthi'
hi- het- nay
nuun
neexon
dineh
ta- ne- dhagn- 'ah
dhįįtal
hu- nąą
łeecheeg
jah
ch'itay
burned
di- ke'
ay.eh
ti- taa- haal
iin
ts'įį- łįį
te- łąy
t'eey
ni- ee- shyah
het- dąy
u- dhih- niik
cache
t'eey
sh- dia'
ts'exeh
jah
yaatthan'
t'eey
shyiit
t'eey
na- ts'et- naan
eł
doo
shyįį'
k'ahdu'
t'axoh
nah- 'ogn
d- el- xoh
a- deg'
ni- h- taa- dał
n- nąą
eh
nii- thaat
ih- haał
ooooh
all
ay
he- nih
ts'änh
ch'- aadeh
tthe'
nurse
mb- aa
du'
ha- noo'
tsät
įį- shyah
ch'i- daa- tegn
sh- aak'ay
nts'ąą'
t'eey
tl'aan
ts'exeh
s- tsǫǫ
chih
they
dih- t'eh
eh- tįį
įį- da'
all
s- tsǫǫ
k'a
ch'a
nee- k'eh
nsüü
ch'a
du'
eh
m- ǫǫsi'
ha- įį- nak
neh
tl'aan
gįį- heey
ni- i- - nįį- deeł
y- įį- 'aał
tąy
ch'a
eł
nts'ą̈'
sh- nąą
kill
na- 'at- 'aał
hǫǫ- heey
xah
doo
tthii- tl'a- y- dįį- kąą
one
sh- tl'a- 'įį- dlah
xah
shiy
xah
hǫǫsǫǫ
eh
dineey
ts'exeh.gaay
ay
ch'ale
hu- shyah
taa- t'oo
na- tush- shya'
ch'at- xąąh
eh
uu- łe'
aanah
uu- łe'
nih
sh- aa
hǫǫ'
ay
ha- 'ǫǫ
neexon
t'eey
t'eey
na- 'ųų- 'aal
came
nih
t'eey
ch'itay
u- nįį- k'ul
that
du'
du'
hǫǫ'
manh
nts'ą'
ts'oo
ay.eł
y- įh- kon'
ay
d- aadeh
eh
ay
ch'itay
nee- ts'ayy'
xał
nts'ą'
sh- eh- nay
manh
nił- 'u- dzel- kan
dänh
na- hol- dagn
kah
dzänh
iin
łįį
xah
hedį
ch'a'
n- keey
nt'eh
laalil
ishyiit
k'it
jin
įį- shyah
ts'änh
herman
ay
hǫǫ- łįį
del- gayh
nts'ą̈'
k'it
noo'
nts'ą̈'
you
tthee
ha- na- nal- 'ah
that
y- aa
kol
s- tsǫǫ
ay.eh
high
sh- nąą
tl'aan
old
dineh
hǫǫ't'eey
hu'altthadn
hǫǫ'
i- k'it
tąy
iin
hekon'dahshyiił
tl'aan
tah
uu- te'
jah
naxat
na- 'įį- daał
niit
chih
łi- gaay
dineey
chih
na- hi- hol- negn
still
hǫǫ'
ch'itay
nts'ą'.t'eey
nts'ą'
dzįį- łįį
eh- nih
manh
nałǫǫ'idihnąy
daałal
t'eey
t'eey
eh
uu- te'
t'eey
t'eey
nts'ą'
nii- deh- xay
dąą'
na- hin- deel
iin
łįį
nts'ąą'
eeshyah
ee- dah
nah- 'ogn
du'
y- aa
november
cho
ndee
ay
ch'ale'
ch'a
ay
y- eh- nih
tnah- 'įįl
his
tat- ts'įį- dlah
k'a
mb- aa
oh
skii'etdüh
eh
ch'- aadeh
na- 'al- tth'ät
ch'a
u- 'aat
shyiign
right
hineeshyaan
hahnoogn
eh
nts'ą'
t'oot'eey
s- tsǫǫ
yįį- łaak
nee- xah
maagn
nee- 'eh
dlegn
iin
t'oot'eey
t'eey
łąą'
jah
hǫǫ- łįį
iin
ch'iliitthoo'
ch'ale
k'it
eh
ti- dhah- deeł
ntnak~'įįl
niithoo'
dzanh
ha- dzel- 'įh
tuu
ch'ik'on'
ishyiit
u- 'et- sii
ay
t'eey
xah
hiiy- i- 'aał
ha- dul- thii
dih- dį'
dahdog
hih- dat- sąyh
nuh- not'aagn
du'
tąy
hu- t'a- hee- deeł
mänh
hel- t'eh
nahk'adn
del- t'al
na- y- deh- tl'iit
ch'- aadeh
tąy
kol
k'it
tah
naagn'
hǫǫ'
ay
du'
y- eh- nih
ay
tat'eey
nts'ą̈'
hah- negn'
dheh- xįį
sh- eh- nih
dą'
de'.kah
ay
ch'a
hunh
all
dah- negn'
bah
danh
and
jahxan
hii- neh- 'įį
dįh- thädn
sh- eh- nih
hih- dįį- tsiin
shyiit
tl'aan
tthii- dįh- tthay
i- ki- nįį- shyeel
k'ahmann'
ahą
nithoo
shyii
n- t'ah
ni- nįį- shyah
iin
hǫǫ't'eey
adzu'
k'ahdu'
nts'ą'
łuugn
t'eey
don't
yi- chi- jel- nih
hu- 'eh- nih
eh
and
tagoh
įį- dlaan
t'eey
nti- dhak- xeh
aan
the
tthee
ǫǫ- łe'
dįį- łaak
ih- tsüh
hu- ta'
eh
t'eey
hih- del- xoo
nih
shyiit
ina'
dlok
duugn
uu- dįh- 'aan
call
na- nel- tl'ǫǫ
ee- gąy
yahetdak
ayt'oo
nih
di- chaa
t'axoh
keey
iin
ni- nįį- dlah
ishyiit
t'oot'eey
na- hol- nagn
ishyiit
dänh
hįh- xąą
one
s- tsǫǫ
iin
natnet~t'ah
doo
shyi'
di- el- t'ay
y- aa
sh- nąą
t'axoh
du'
t'oot'eey
łįį
ch'itay
tsüüh
ooh
eh
t'axoh
na- naa- t'ah
iin
t'eey
t'aa'
sh- ke'
niithaadn
eh
dineh
hugn
ne'
gaay
naan'
eł
įį- sǫǫ
nts'ą
iin
noo'
kon'
dįį- t'ay
dą'
ts'ą'
hu'an
ts'iikeey
ts'ist'e'
di- xeel'
yidaltsat
ch'- aadeh
tat'eey
na- tel- 'üü
hih- del- tth'ih
sh- nąą
tl'aan
eh
huugn
taag
hih- nat- sąyh
du'
iin
sh- da- nįį- gąy
manh
tl'aan
teetsaan
tuutįįł
duugn
dii.xa
na- xa- ch'ih- te- tįįk
nuh- deey
iin
ts'ant'ay
shiy
hǫǫ't'eey
ndee
ch'a
eh
ch'itsay
t'eey
xah
aan
just
ti- dhih- shyah
shyįį'
łii gaay
tuu
da'įltthat
eh- nih
nday
gaay
village
dąą
shyiit
ch'itay
'
tah
nts'aa'
tagoh
na- tuh- daagn
nił- k'i- dzal- shyah
utth'an
tuu
nih- tah
na- shyign'
nt'eh
all
nǫǫgaay
liza
łahtthagn.nts'ą'
dą'
aan
t'oot'eey
u- 'aat
ts'ihnįįdeek
andy
taathüh
dishyįį'
umm
ah- mbiah
hǫǫ'
roy
hǫǫ'
ayshyįį'
na- hat- däł
ndee
di- dia'
ya- 'eh- thak
ts'änh
hǫǫ't'eey
a- naat
eh
ha- 'ogn
dih- nih
jah
k'a'- łah- tth'agn
nan'
łahtthagn.nts'ą'
hǫǫ't'eey
iin
dineh
t'oot'eey
k'a
t'oo
ch'ale
u- ta'
mit- s'i- shniign
t'eey
nuh- xah
hi- huu- sii
na- tnet- t'ak
y- aa
n- chaa
haa- dał
ts'änh
dita'
du
shyiit
eł
that
elih
go
sǫǫ
sh- ǫǫnüü
sta- ch'- nįl- 'įį
ishyiit
hitokovich
keey
k'ahdu'
tah
t'eey
tl'aan
ha- dee- 'ah
shyiign
sick
iin
ay
tah
dit
ts'oo
nehłeeg
łuugn
ts'ist'e'
ay.eł
tąy
kah
too
dhih- dah
shi- h- d- he- h- xįį
that
įį'eh.tah
ay
hah- 'ǫǫ
thattabessa
tsǫǫ
n- eh
tl'aan
nohdįą
shyiit
k'ahdu'
sh- chil
nuh- 'eh
iin
ni- hih- del- tth'ih
dänh
maagn
y- eh- nih
eh
shyiit
nts'ą'
struck
old
männ'
gaay
back
nts'ą'
tah
tl'aan
nuh- xah
ch'a
tah- shyüüdn
y- u- dįh- tlak
come
di- ke'
laalil
nih- thänh
sta- 'ih- haak
ay
she'e
t'axoh
dii
luke
m- i- ts'- ish- niign
di- nąą
sǫ'
iin
y- eh
him
mb- aa
dheh- xįį
ts'exeh
ishyiit
nee- k'eh
nił- 'eł
dinah
ts'igąąk