niign#the.way
na-#IT. tet-#INC:Ø.IPV:D. shyah#SG.go:PFV
u-#AR.S. nee-#QUAL:DH.PFV:Ø. haal#spend.night:PFV:NOM
ch'itay#old.man
eł#when
nih#say:IPV
noo'#ahead:ALL
jah#here
łįį#dog
eh-#3SG.S:Ø.IPV:H. tii#SG.die:PFV
łįį#dog
k'i-#ON.TRAIL 'ah-#Ø.IPV:2PL.S:Ø. deeł#PL.go:IPV
hih-#3PL.S. nįį-#N.PFV:Ø. deel#PL.go:PFV:NOM
na-#IT. tuu-#3SG.S:INC:OPT. daagn#D:SG.go:OPT:CUST:NOM
jah.dugn#THERE
iin#PL
shiin#summer
chih#also
hah-#NTRL. nǫǫ#ahead:ABL
t'iin#people
ch'-#INDF.PSR. aadeh#older.sister
hu-#3PL.O. u-#CON. et-#DH.PFV:D. sih#be.called:IPV
xa'#EMPH
dii#what
sh-#1SG.O. aadeh#older.sister
chih#also
tsat#wood
s-#1SG.PSR. tsǫǫ#grandmother
da-#INSIDE. nįį-#N.IPV:2SG.S:Ø. haay#SG.go:IPV:IMP
naagn'#eye
hu-#3PL.P. tah#among
shyiit#in
tih-#INC:AA.IPV:1SG.S:Ø. dįįł#do:FUT
hih-#3PL.S. deh-#QUAL:DH.PFV:H. k'an'#be.burning:IPV
ch'ale'#FOC
ay#and
sh-#1SG.PSR. nąą#mother
eh#and
dį'#do:IPV
hi-#3PL.S:Ø.IPV:Ø. dąy#do:IPV:NEG
ts'exeh#woman
na-#CONT. thuu-#SKIN. 'eh-#3SG.S:DH.PFV:H. tįį#handle.AO:PFV
k'ahmann'#morning
hǫǫ-#AR.S:Ø.PFV:Ø. łįį#be:IPV
ch'a#FOC
nuh-#2PL.P. xah#for
łįį#dog
t'eey#ADVZR
eh#and
hu-#3PL.PSR. shyi'#food