okla
ittonáchi -hma̱
pash
chá
ohmat
palammi -h
sa- shki
á -bíka -ttók
lána
akínih
survive
m -ako̱
kíyoh
am
fokka
pí
mihchittók
hokma̱
banna -h
i̱-
hikiyotokosh
achokmahnilikma
mihchi -h
toklah
osápa
hátokósh
ma̱ya
achokma -h
-ak
pí
uh~huh
pa -aki̱li -h
okla
faláma
kanimmalhi
alálihma̱
anno̱pa
i̱-
mihchi
kanohmo̱násh
pokni
honi -h
hachim-
hopáki
katimma -k
-kat
patálit
church
abohlih
okl í-
yakni
a̱h
ámi̱tittóka̱
il-
sabbak
m -ako̱
secretary
kanómi -kma̱
dress
hikmat
taposhshik
kiyo
-ma
ayyasha
to
uh~huh
il-
ít
yamm -ako̱
ayyásha -h
hihátokósh
á -tok -o̱
itto̱la
anáto
másh
maká -tok -o̱
-ato
truck
yakómihchi
chishnáto
bissa
katiohmih
ish-
pa̱
m -ako̱
ahni -li -h
pí
pallammitok
pí
okla
i
ahni -li -h
yakni
name
akínih
pine
yohmi -h
toba
sa-
afammi
hílihma̱
ah
na
am
dress
iya -h
alhlhi
tahli -kmat
ála -li -h
onna
iti
sa-
mihchi
yakómika̱
mihchi -h
oh
hash-
hikkíya -li -h
ahni -h
móma
barb
m -ako̱
oh
siy- assano -t
yoppa
cumberland
sa-
katohmih
maiden
takla
hokako̱
iláhobi -h
momma
himak
akínittók
miya
ta̱lih
ásha -h
hikít
pí
iksho -h
ha̱klo
pí
barb
burton
taha
issabáyaskachih
nakfi
hitósh
a̱t
kakósh
talóha
pí
-ma -k
hashkít
ruth
akínih
makáto̱
ish-
í-
tah
uh
hopónáchikih
illi -ttók
yohmi
okl í-
sánnah
yamm -ako̱
am
ahíka
ayyásha -h
abohlih
hi̱lah
hichi̱lih
okla
achokmáki̱lih
tík
ikka̱na -ho̱
i̱-
hokchi -t
áchi̱hma̱
katash
ittiyaníchi -li -sh
t
nátah
uh
kíyoh
imma
holisso
iskali
tanówahíkiyoh
áha̱ttalih
ikkánattók
yohmi
ittim
taha
iyattóko̱
anót
ápitta -t
okl í-
hiyokásh
ikbi -t
hóka̱
hoyo -h
il-
ha
a -ttók
sápa
a
ta̱chi
sannatoko̱
in
ikbi -t
toko̱
to̱ksalí -chi -h
kati -k
ahni
pa̱
makattókosh
mat
pih
hóyo -h
yeah
ano̱ti
kaníya
chásh
pila -ttók
fíhnah
ma̱ya -ttók
chokka
hapi̱-
toko̱
áyyáshaka̱
nátah
i̱hiyohchih
isht
pa̱
a̱ya -li -h
onnakma̱
kanitchi -sh
pishno -áki̱ -t
ho̱t
sam-
bus
ahma̱
yohmikatok
hákma̱
náhollo.im.anno̱pa
ikkana
pishnáki̱nih
o̱t
mihchi -t
okmanána
okíyahma̱
á -tok -o̱
hikít
ninaka̱
makósh
kano
áyyásha
hókakósh
a̱
nani
okla
hikíya -t
haksichi -h
tokbá
taposhshik
yakoho̱mahíkattók
job
uh
barb
panóla
a̱ i̱tík
kano
tobi
pishnáto
a̱sha
áhakma̱
homma
a̱
ti.chanalli
katah
il-
í-
-ma
maki̱lih
ásha -kma̱
to̱ksali -sh
hikakósh
yohmi -kma̱
anáto
hikako̱
pí
-ma -k
yohmik
ilhkóli -h
okla
okla
akínittók
pí
chá
itti̱nokoho̱wah
chohmi
okla
ilhkólitokma̱
ano̱pol -áhí kiyo
il-
truck
hi -hma̱
mat
-ma
nakfish
banna -h
kalla
sa-
ishko -t
iti
ahwa -h
áha̱yakma̱
áhocháhíkiyo
hapi̱-
yo̱ka̱
cha̱li -h
taha
mi̱ti
pí
peaches
másh
o̱t
-ano
mishsha
chokkowattók
m -ako̱
mishíyatok
hi -hma̱
hash-
ishí -li
fokkáli -ka̱
spring
can
store
hinalhlhi
ilhkóli
ruth
a̱sha -h
achokma -h
il-
afammi
atokash
chokkwáttók
anóti
ha̱klo
ápat
á -hma̱
hikma̱
hashki
ish-
okma̱
shippa
siyoshi
anokfilla
-kat
to̱ksáli
í-
back
áchokkówahíkiyoh
a
ta̱klit
oná -li -ttók
pí
mihchánattók
iti
kaními
yoppa
tahli -li -sh
hi -hma̱
hihátokósh
kil
yohmi -h
wiha -t
a̱
shilosh
himak
community
-oka̱
o̱t
within
a̱sha -h
ik-
yamma
-ho̱
pine
siy- á -h
-ho̱
ikbi
nánaho̱
hash-
okla
nána
ilhkóho̱li -h
im-
wagon
áchih
man okl í- haklo kih
job
hi -hma̱
kiyo
-ma
okl í-
kiyo
á -chi -li -kma̱
áchi -tok
aba.talóli
ah
il-
ilhkóli -t
hikako̱
hokchi -ttók
ít
katit
ilhkóli
mm~hmm
sockey
á -ttók
sam-
isht
kiyoho̱
chahta
panóla
táhli
hiyáto̱
to̱ksali
hopáki
ímottókmat
katík
-ma
hika
libíshat
iya -h
hikíya -t
ahni -li -h
mo̱mi̱t
ápitta -t
am- ám- abachí
pí
ano̱polí -l -áchi̱ -h
taná -li -h
okla
ayyashah
okattola -nnah
acho̱li -hósh
átokósh
il-
óna -nnah
hikata̱lhih
a̱ya -li -h
pí
onna
am
shóbih
ish-
hi -hma̱
toko̱
hoyyot
malhlhih
alhtáhakma̱
ittanówa -tósh
á -ha̱ -chi -h
sa- bíshakni
ahma̱
yohmi
il-
achokma -h
a̱t
ayyówána
makosh
mano
ikbi
ma̱ya -h
mihchi -t
ittiyápishi
ábachínakma̱
haklo
towwih
o̱t
ahwakako̱
hicha
ittiwáya -ttók
alla
yohmi
iya -h
hashki
mihchi -t
olbal
sa-
shóli
hash-
hash-
aláchikih
kómotat
il-
okma̱
m -ako̱
nána
yohmi -sh
hi
ka̱ha
o̱t
ittanówa -h
alhlhi
pí
hikako̱
nána
ahóch -ahí
nátah
nána
anóti
takshi -sh
í-
o̱t
a̱tta -li
okla
ho̱kli
ohmi -h
illi -ttók
hapim-
á -tok -o̱
toko̱
ha̱lhánah
pila -toko̱
ary
hospital
mi̱ti -hma̱
-ma
back
o̱t
abohlih
ta̱chi
mash
okla
mike
iyakínittókósh
maká -li
mm~hmm
mm~hmm
one
-kato
á -tok -o̱
up
hihma
e
banna -h
-ma
k
másh
osápa
makmako̱
il-
haklo
na
nánit
hikma̱
mako
pí
iyatokmat
nokshópa -h
hitoko̱
tahálitok
a
change
ápitta -h
hokma̱
hash-
hitoko̱
hikít
hikako̱
foli
yohmi -t
mi̱ti -h
pí
át
am
flat
a̱killit
acho̱kmaho̱
to̱ksalí -li -h
mule
mano
ish-
hapíya
afammi
hihma
-ak
-ma
il-
á -li -tok
kil
itti̱hollo -h
k
hiyátokósh
sa-
aha̱shwa -kma̱
yoppa
-ho̱
im-
kaními
iskool
óti -h
ishtáyalihihkatok
yohmi -ka̱
malhlhih
-ato
áha̱yalih
pí
-m -ato
asháchi
kiyo
at
áchínikma̱
okla
mapillaho̱
yohmi -h
il- i̱pa
pa̱
ásh
banna -kma̱
back
ilhkólikako̱
náka
-ma -k
towwih
omakah
hókato
o̱t
ápitta -t
yo̱
ikkana
panóla
chá
itókako̱
anóti
yohmi -ka̱
shikalla
ayyásha -h
álihma̱
hash-
si̱ti
illa
ipítá
hapi̱- ki
kiyo
yohmi -hma̱
fokka -ttók
ikbáno̱
okl í-
ohóyo -t
chishnáto
shóli
á mi̱ti -h -ósh
hi -hma̱
pí
sáp
toklo -sh
í-
alhíha -t
hóyo -hma̱
mako
ah
akínih
-bíka -tok
-bíka -tok
kiyo -tok
áchi -l -áchi̱ -h
nánaho̱
-ato
banna -h
kiyo
ka
ish-
mihchi -t
-ma
nána
tuscola
panóla
old
chishnáto
hitókakósh
hapim-
il-
mm~hmm
oh
yoppa
chokánit
ish-
i̱-
sam-
m -ako̱
í-
ittanówa -h
yóhmi
fokkál
uh
chokkówato
a -ttók
yohmi -h
im- anno̱pa
makínikásh
pleasant
konihata
aunt
hapi
kiyo̱
a
bííííkah
fokka
ahni -li -h
kíyo
-ho̱
o̱t
-kat
ahwa -h -o̱
faláma -h
yappa̱
holisso
át
ha̱klo -h
alla
wintertime
chahta
okla
ilhkólo
bokko
yeah
chá
at
hikma̱
katitchi -sh
pearl
hata
back
chíkosi.alhlhi.ka̱
chim
panóla
ish-
anóti
oscar
hihátosh
a̱
alhpówah -li
na
yohmikattók
kanímika̱
-kat
paki̱liho̱
alla
táhat.iya -h
then
mo̱ma
kaniyah
hokchi -t
anól -ána -h -o̱
biníni̱t
fokáli
onálitok
hika̱
alhíha
tokósh
pí
hika -no
pí
á
yómihmak
mmhmm
áho̱
ma̱ya
kanaho̱
a̱
katíkako̱
mihchánah
job
áha̱ttalih
ayyásha
paki̱lish
nánohmiyo̱
á -tok -o̱
uhhh
hihmat
il-
áha̱ttalih
-kiya
illakásh
tohchína
ish
-ma -k
il-
-kiya
makáchi -h
ikkhanat
kakósh
miya
hiyátósh
mi̱hchísh
-ma -k
himi̱tta
m -ako̱
yoppa
pine
nátah
uhh
yohmima̱
anót
years
afammi
ayówakmato
alhpisáli -t
a̱
maká -hma̱
pih
akka
car
sassanót
hikma̱
patálit
shikalla
ásha
uh
i̱- ki -t
-ato
ittibi -h
mm~hmm
okla
nánikma̱
oh
yóhmi
-ma
aha̱tta -li -h
kíyo
iyalánah
háto̱
okl í-
-kiya
hikmat
kiyotoko̱
a̱
mat
-ma
hoyo -t
alla
ato̱litok
himak.nittak
iskali
il-
frank
tóko̱
a̱
áha̱yalikakósh
yakómikako̱
kotcha
hapi̱-
ásha -bíka -ttók
holisso
no
ikka̱na -li -h
ta̱chi
to̱ksali -li
iti
hikít
mo̱t
ta̱chi
makáshi̱lih
a̱tta -tok -o̱
im-
hikat
kanohmát
-ma
pí
a̱
to
apísa̱chi
-ma
i̱-
nánakiyo
ilap
okla
ittahóbat
íshicha
ána
ilhkóli -kmat
at
nácho̱li
iyakmat
ákfilla
nána
shahwa
híyo̱
ahni -h
yómikak
acho̱li -h
hokchittókmat
assanó -t
ápi̱ttattókmat
hopón -ána
standing
momma
-bíka -tok -o̱
hoyyot
a̱h
achit
ala -h
mat
hi -hma̱
pa -ako̱
a̱
kapassa -t
kiyo
il-
issókih
á honi -h
a̱ i̱tík
ish-
álihma̱
kaníya -ttók
tatot
fohálittók
ilhkólitokosh
oh
mo̱ma
ano̱ti
hi -hma̱
yohmi -h
himónna
ikhana
mo̱t
o̱t
kil
oná -li -ttók
o̱t
july
áchi -li -h
íyokma̱
il-
hikíya
nátah
car
hash-
ma̱ya
a -ttók
ohmat
mm~hmm
alhlhihósh
mihchichi -h
mamat
oshi
ásh
-ho̱
hihma
ano̱ti
á -ttók
makalánah
tóko̱
ohmi -h
then
to̱ksalí -chi -h
river
dorothy
apísachi -h
kíyo
itto̱la
shikalla
á- ikhana -tok
a̱
yohmi
ha
hóyo -li -kmat
iyáchi̱h
im-
mi̱ti -h
ha
-bíka -tok -o̱
nakni
ikka̱na -li -h
a̱tta
báno
maki̱t
i̱-
school
akkánoh
anáto
hi -hma̱
-ak
hattak
a̱lhi
m -ako̱
to̱ksali -li
hicha
acho̱li -kma̱
hachi̱tto̱lah
oklil
-ho̱
amót
nákiya
pine
sister
banna -kma̱
nanikiyo
il-
mo̱ma
yohmiyo̱
í-
hicha
il-
akkíya -t
m -ako̱
alla
áhoyyo
miles
hash-
wíha -t
hihma
hicha
tamáha
makínikásh
ohmikma̱
áta̱pa -t
iskitíni
yohmi -t
hi -hma̱
himak
bíkat
golden
uh
leake
á -tok -o̱
ok
ethel
mat
pí
iyakmat
-ho̱
hihmakósh
hi -hma̱
mako
iya -h
i̱-
to̱ksalí -li -h
kanah
pilako̱
táha -kma̱
m -ako̱
hiyohma̱yahma̱
ish-
sh
mommat
hikato
il-
issalittók
ikhaná -li -h
il-
a̱
tahálih
siy- á -h
mat
hopáki
iya -li -h
to̱shpat
o̱t
a̱lhi
a
yohmi
hiyátoko̱
fokka.lo̱bo
k
kanohmi -tok -ka̱
patálih
ála -li -h
-ano
kanómi
okla
nátah
akínikako
tokmat
iyá -li
to̱ksali
okla
yohmi
kaními
then
kakósh
kiyo
am- achokma -h
m -ako̱
iti
bináchi -h
anokfillilihmat
yohmi -h
a̱
ikít
bag
apíla -h
yót
a̱t
aha̱tta -h
okmanána
kano
uh
chibbak
m -ako̱
i
shóli
ttók
hohchifo
hitokako̱
ano̱polí -l -áchi̱ -h
okla
hokmanánásh
illít
phoebe
pí
ish-
canning
aho̱
ho
ikkanah
kani
makmáko̱
í-
akínittókako̱
pisa -ttók
i̱-
sanna
im-
shikalla
sa-
kallálih
nani
il-
nokshópa -híka -ttók
kiyo -tok
kemper
mihchittók
bók
yohmi -sh
pí
aha̱yyalih
to̱ksalikat
ish
yoppa
akostini̱chi -li
-bíka -tok -o̱
mat
á -tok -ma̱
m -ako̱
katiliyah
nána
-ma
átahli
a̱
a̱sha
mash
m -ako̱
sa- shki
kotcha -li -ttók
-ak
assano̱chit
chíyánah
a̱yánaka̱
yohmi
ish-
to̱ksali
ikbi
pí
we
il-
sa-
-kat
kanit
ála -kma̱
ásh
momma
ibbak
yakohmitókchá
i
ít
i̱-
ak- ikkán -o
hikít.iyá -li -h
-ak
mayya
makmako̱
carthage
kashólichih
mihchi -li -h
anóti
kíyo
ok
tayyahalih
pis -t
alálihma̱
áhoyyásh
akínih
pishnáto
hi
has- sam-
hihma
hiyókásh
i̱-
-ato
uh~huh
im-
tahálih
nánakma̱
sanna
ano̱ti
bannana
a̱ya
ho̱kopat
okl í-
barb
ok
mo̱t
nácho̱lána
alhlhikatok
chipi̱tat
issa
pishnáto
hátosh
hiyokíh
anóti
mishsha
am
pí
hopáki
-kiya
a
-ak
anóti
yohmicha
kanohmik
ábachiláchi̱nih
chokkowattók
bók
sakki -áhí kíyo
o̱t
awah
másh
ch- ibá.chokwa -t
onnahi̱li
dress
a̱shali
-ma -k
im-
hitoko̱
ta̱chi
-m -ato
á -li -h
kanahat
-ma
yo̱
o̱t
mm~hmm
il-
ano̱ti
pis -t
kani
panóla
si̱ti
hika -tok
yoho̱mih
bók.chito
lhiláffa
hikmat
chishki
másh
biníli
iya -tok
hi -hma̱
panóla -no
i̱-
memorial
kása
hína
okla
-ato
allat
takla
holisso.ápisa
nán
móma
-kiya
ilhkólitokma̱
parents
yóhmi
kil
i̱pa -t
toba
im-
kanimma
chokka
a̱ya -li -tok
ki̱sha
toba -h
mihchíchi̱
akíni
im- achokma -h
tamáha
ikbi -li -hósh
hoka̱
okla
-m -ato
ha
to
ahma̱
-ma
íshi -hma̱
tanat
il-
iyá -li -tok -o̱
wagon
chishki
hi
jake
-ato
ammona -kano
a̱h
tingle
hátósh
im- anno̱pa
to̱ksa̱li
march
ok
yako̱kako̱
nácho̱li
pí
kíyotok
lawa -h
tahli
-ma
back
íhi̱shkoh
school
ish-
chim
kotcha
hikiki̱ya -li -ttók
ahni -li -h
-kato
pisa -ttók
álittók
il-
kiyo -kásh
uh
ikbáno
thomas
na
ano̱ti
oh
yamma̱
lhokáchiláchi̱h
ittanówa
im-
foha -ttók -o̱
ish-
alhíha -t
anóti
yópalah
pa̱
makáchi -t
-ma
ahi
ikbi
a̱t
a̱lhikat
áyah
mihchán
i
míhchit
yakni
áchi -ho̱
hátokma̱
itto̱no
o̱t
-bíka -tok -o̱
kiyoho̱
okla
il-
isht
use
understand
tahli -li -ttók
anóti
tahattók
alhíha
anóti
á -tok -ma̱
nani
okl í-
híkatok
il-
okl í-
ilap
cha̱li -h
kiyotokóka̱
-tok -cha
to̱ksáli
ahni -li -sh
oh
yómi
kiyo
kiyo
ik-
ano̱póli
katohmik
pa̱
talólih
yokma
lawa
okla
kanohmi -tok -ka̱
makmako
yoppa
ayyásha -h
sabbak
hiko̱
pí
hospital
ábachíchi̱sh
ikbáno
kanitchi -sh
pí
oshi
móma
hapim-
housekeeping
il-
oh
york
hashki
m -ako̱
alhíha
íshi -hma̱
binohmáyyakma̱
-ato
áha̱yalih
hicha
á -tok -o̱
stokes
oklahoma
m -ako̱
a̱ -li
nittak
fíhnah
oh
tutwiler
kanitchi -sh
pí
at
alla
ma̱ya -t
i̱-
asháchittókmat
kaníyómikat
ik-
anáto
okla
alitok
ahwa -h
-kiya
okla
to̱ksa̱li
maká -tok
am
ta̱chi
a̱h
tahli -kmat
hopóni
hinalhlhi
onnahi̱li
katihchikásh
kanohmih
hash-
oh
píhi̱sa -li -kmat
iya -h
ikikkáno
itti̱nokoho̱wah
osápa
hi -hma̱
ahni -h
-ato
iyá -li
banna -h
atoko̱
taposhshik
am
ábachí -li -h
iyá -li
nátah
okla
pí
pí
okma̱
honni -t
í-
k
kíyoh
óka̱
hospital
iyá -li
mo̱ma
chásh
aunt
raymond
ábachi -h
-ato
i̱-
burton
ish
iskitíni
mihchíchi̱
í-
áhoyyásh
m -ako̱
secretary
ayyásha
ábachínakma̱
imma
sa- nakfish
mihchi -li -kmat
ish-
ohóyo -t
patálikma̱
pí
á
hokma̱
alla
ayyásha -h
iti
kí
áhínah
-ma -k
yamma̱
chokka
nácho̱lána
yohmi -t
hach- ishki
siyoshítík
last
hikako̱
yohmi -h
okmanána
hitósh
am
ano̱t
sa-
yamm -ako̱
il-
pine
job
yamma̱
okla
yohmima̱
ikhana
-m -ato
achokmahnih -li -h.mat
low
chahta
bíkat
hókato
apa
na
ani -t
akostini̱chi -li
ka̱chak
mihchili
yómihmak
pa̱tta
a̱lhi
alítok
hikkíya -li -h
báno -h -o̱
ilokka
kana -t
ashwa -h
wáya -h
to̱ksalí -l -íchi̱ -kmat
anóti
shikalla
a
kiyo
hash-
uh
kiyakínih
faláma -t
i̱-
mommat
ikbi -t
-ato
skoola̱
ishko -t
m -ako̱
ish-
nineteen
hokakósh
-ak
ma̱ya -h
am
yakni
á -tok -o̱
iláp
oklil
átahli
mat
iya -kma̱
alitok
hiyohma̱yahma̱
nani
yohmi -t
osápa
a̱
achonnáchi -ttók
ta̱chi
himak
kaníyah
tribe
chihosh
allat
understand
il-
il-
am
kati -k
mihchi -h
toba -h
tiwah
áfíhna
mót
mi̱ti
anóti
ma̱ttalitoka̱
kotchákma̱
-ma
ilhkóli
nána
kiyo
alhpisáli -li -tok
alla -to
íshi
uh~huh
nátah
pa̱
chína
-kato
cho̱pa -sh
uh~huh
attó
last
31st
-ma
-ma
hattie
taha
last
hihma
-ma
momma
spillway
si̱ti
mike
áha̱ttalih
ma̱ya
chá
kelly
kaníya
pí
mihchi -t
oshi
ayówakmato
isht
m -ako̱
a̱tta -tok -o̱
konihata
o
hikanóti
na
pakínika̱
hollokchi
ókano
nánaho̱
ká
okl í-
ikkánilih
afammi
á- mi̱ti
yoppa
kiyo̱
máko̱
katimma -ako̱
akkánoh
o̱t
tokwikílih
álitokako̱
hohchafo
pa -ako̱
ish-
ka
yohmikásh
uh
pí
oknána
makátokma̱
mo̱m -áchi̱ -h
carthage
á -hma̱
na
-ya̱
ahwa =tok
kíyo
wíha -t
makósh
to̱ksali
litówánah
ka̱chi -li -ttók
siy- ahni
ka̱chak
-ano
m -ako̱
kíyo
am
hiyokásh
hash-
ásh
ahwakako̱
yakni
il-
issa -tok
ma̱ya
onnahi̱li
am
hospital
pí
of
takkon
fokkáli -ka̱
konih
close
kanit
chahta
ikhanattók
wiha -t
ahni -t
siy- ahni -kma̱
i̱lakat
tahli -ttók
ah
náka
onálitok
hash-
ittanówa -híka -ttók
alla
kiyo
iyattóko̱
má
maká -tok -o̱
hospital
áha̱ttalih
hickory
a̱
makmako̱
áha̱ttalih
makosh
oscar
kiyo
nánaho̱
konih
palammi -h
mano
ato̱litok
achokma -h
makósh
amákfilla
iyáchi̱kmat
kaniohmi
a̱shali
ta̱klit
kíyo
chilokka -t
hochífo
kiyo -t
-ma -k
mihchi
assanóchi
garden
mót
uh
-ma -k
anóti
-bíka -tok
hokchi -t
yómikat
híkiyo
a̱
i̱la -h -o̱
tahahtók
delta
á to̱ksalí -chi -sh
ikbi
mat
yohmi -h
ittatoklot
i
honni -t
a̱
work
chásh
himaka
naksika
-kato
i̱-
am
hi -hma̱
mihchánah
ikhana -h
alla
nána
kapassa -t
anáto
fokkáli -ka̱
ishko -h
mihchi
nani
tali
achokma -ttók
mano
okla
-kiya
okla
uh
yamma̱
ala -h
golden
-kat
-tok áchíni -ttók
-ma -k
áyah
im- acho̱wa
p
ish-
ayiskachi -t
ohóyo
kotcha
nácho̱lih
á -ha̱ -chi -h
átósh
il-
nani
am
hapi̱kino
okla
si̱ti
to̱ksali
dress
hikmat
a̱t
ish-
shawwa
ahni -h
i̱pa -achi̱ -kmat
isht
alhlhikatok
písalih
ásh
attat
tahli -li -ttók
m -ako̱
atsot
ayínatokma̱
lawa -h
is- sa̱-
patálikma̱
másh
aki̱nitok
i̱-
tahli -kmat
ona -h
ahni
chim
mat
á -kma̱
cho
iyáchi̱tokáchíni
uh
chá
nána
to̱ksalí -chi
-m -ato
kí
paki̱lish
im-
a̱yalikattók
okl í-
íyattók
okl í-
i̱- cha̱li -h
phoebe
i
achokma -ána
okla
syrup
oka
mat
faláma -t
cho̱pa -h
achokma -h
anáto
nittak
um
i̱-
hikakósh
hi -hma̱
m -ako̱
at
il-
mat
hokma̱
atahlittók
i̱- cha̱li -h
ilhkóli
momma
tahli -ttók
kaniohmi
at
hitok -ósh
okla
-ma
kiyo
onna
kaníya -ttók
banna -kma̱
pa -aki̱li -h
makalhpówali
o̱t
tákoli
okla
oh
kano
-m -ato
courses
tana
hashki
pisálihmat
oh
hapi̱-
m -ako̱
mm~hmm
ayyashah
-ma
iti
to̱ksali
okl í-
ish-
siyahmih
o̱t
atta
ikhana
á -li -tok
ikhana -h
to̱ksa̱ni
hátósh
alhpisa
na
nána
sonny
mike
akosh
okla
uh
bi̱ka -h
hash-
katimma -k
siyahmih
míhchit
alla
táhli
i̱la
yóhmi
-ma
taha -kma̱
il-
chína
okl í-
anoho̱lih
á -ttók
-ano
il-
ittanówa
ona
a
í-
nána
-kat
ittibá
a̱h
yeah
óna -hma̱
itoka̱
kanitchi -sh
áha̱lilih
palammi
-kiya
taha
ohmikma̱
ka̱sha
il-
illi -ttók
sakki -áhí kíyo
okattola -nnah
-ak
óka̱
ayyówah -o̱
a̱ya -li -h
himak
oh
yókato
assano̱chikat
litokako̱
ikhana -h
apa -sh
p
kanímikaka̱
kiyo
-ato
na
ttók
a̱
state
siy- áchi -ttók
hilha
katiohmih
sanna -kat
fokkáli -ka̱
am
bók.chito
red
ma̱yattóka̱
fokkáli
ikkanat
yamma̱
li
work
anóli -h
oh
ikbi
alitok
ohóyo
sa-
bináchi -h
alhlhi
kani
sh
óh
am
am
imma
mm~hmm
i
ónásh
ábachíchi̱sh
red
kiyo̱hma̱
-ano
katimma -ako̱
pí
-bíka -tok
i
mm~hmm
anáto
ch- ibá.chokwa -t
hopákino
si̱tít
i̱-
kanaho̱
ish-
íy -o -ttók
dorothy
sápa
a̱t
oka
nátah
chi-
himáma
yohmi -h
sa-
-kato
yohmi -h
hicha
yo̱
-kat
ahwa =tok
imma
ápitta -t
il-
yohmi
chá
ani -t
í-
ish-
nani
siyoshítik
okíyahma̱
-m -ato
hilíchittók
kochá.balíli.ánówa
yeah
bissa
oh
kaními
hikít
secretarial
regular
átoka̱
hicha
ittatoklo
pa -ako̱
taposhshik
m -ako̱
yammat
-ma -k
maká -hma̱
a
tohchína
yimmih
issa -ttók
-ho̱
áchi -l -áchi̱ -h
makosh
a̱ttalitoka̱
the
i̱lakat
hashkilli
naksika
to̱ksálitok
pí
pila -toko̱
á -tok -ma̱
december
yamma̱
basket
il-
mihchi
ábachi -h
oshta -kma̱
imma
maká -li -h
ok
kanash
ánah
nátína
bók
óna -nnah
mash
-bíka -tok
fokka -t
mat
ít
í-
hi -hma̱
m -ako̱
ish-
a̱t
chishki
nakni
yano̱
ikbi
il-
-ma
litówánah
yót
-ma
sanna
litokako̱
m -ako̱
okako̱
haklo
chokka
a̱
il-
kiyo
oklil
apísachi -h
nani
ki̱sha
-ma
ámottók
noshkobo
kaníya
a -ttók
mómah
-ak
today
katash
osápa
lokka
a̱
oklípa
hoyóláchi̱
-ma
december
ok
pí
-ato
-bíka -tok
ábachi -h
hachim-
low
hokchi -t
wishakchi
okl í-
a̱
okla
-kat
hapi
hiki̱ya
hapi̱- ki -to
alla
school
áha̱chi
iláp
yót
ayówa -li -ttók
tanána
oklil
uh
yamm -ako̱
kiyo
kiyó
ikhana
áchih
ábannattókmat
o̱t
osápa
am
attat
áha̱hnilih
akínih
o̱t
-ma -k
lawa -t
marriage
a -ttók
á hokch -ahíka -ttók
to
iya -h
a̱tta -li
okla
hihma
aha̱chi
sa-
a -ttók
naksis
kí
himak
okla
á
siy- á -h
ikkana
-kat
nánit
acho̱li
alálih
makáshi̱lih
yakohmi -ka̱
anóti
hopáki
il-
okl í-
tanána
hóyánah
áy
kiyo
akínih
ho̱kopat
okla
álittók
himaka̱
yohmi
hiyokíh
pí
tahli
kallah
shóli -h
-kato
o̱t
nánaho̱
ikikkáno
cho
uh
pí
illa
makálli
pí
momma
himak
á -h -ókakósh
ish-
chim
hihókakosh
school
jelly
hito̱
hátokma̱
okla
isht
iksho
yoppa
nácho̱lih
of
ahóbat
pí
ahwa -h
li
fulton
patálih
ishki -t
hiyohma̱ya -ka̱
school
then
shibbih
o̱t
mo̱ma
hikít
mat
hátokma̱
uh
tahahtók
tobi
si̱ti
fokka -h
isht
hikít
-kat
ikkaná -li -hma̱
mat
-akósh
iya -h
okl í-
skool
m -ako̱
nátah
i̱-
il-
ok
aki̱nikako̱
kíyo
yohmi -ka̱
pa̱
il-
anól
ano̱ti
iyá -li -ttók
si̱ti
a̱
momma
-ato
ak- mihch -osh
i̱- hi̱li -h
m -ako̱
nána
anóti
housekeeping
east
a̱ya -li -h
sa- shki
a̱
ókano
momma
red
-ato
áchokkówahíkiyoh
river
-ma -k
ittahóbat
iya -h
tók
at
mihchichi -h
ittó
ish-
job
akínih
cane
pat
hah
il-
am
bacháya
hikma̱
a̱lhlhi
fíhnah
anóti
pih
nátah
ilhkóli -t
phoebe
chokka
like
máma
amákfilla
hika
yópalah
il-
oka
il-
il-
chahta.imma
kiyo̱
garden
maká -li
issa -tok
kíyottóko̱
yo̱ka̱
pí
yo̱ka̱
yohmi
í-
osápa -no
ano̱ti
másh
ka̱chi
tanat
hi -hma̱
iyáchi̱h
okla
kaníya -tok
á -tok -o̱
i̱la
chahta
achaffa
-kat
achit
-akósh
-ma
oka
katash
ano̱ti
iyá -li
barb
okla
-kat
okl í-
mat
assanó -t
wíha -t
kani
jars
bokko
osápa
aki̱ni
am
-ma
anáto
áchih
nána
o̱t
katimmakako̱
hash-
nánit
nána
chá
ahni -h
kiyo
átokósh
isht
-ma
iyá -li -h
uh
nani
a̱
ish-
sa- banna -h
náhollo.im.anno̱pa
hihma
nakfi
hikma̱
hihma
pih
kiyotoka̱
falammi -li -ttók
mayya -h
barb
-ma -k
il-
-ma
maká -ha̱ -chi -h
yohmi -h
á
ano̱t
kaníyómikat
-ma
náhollósh
imma
il-
ha
sa-
central
nána
a̱ya -li -tok
nani
hika̱
chi̱- ki
hach- ishki
at
ilhko -t
grandma
pleasant
iyá -li -tok -ósh
hospital
hihma
oh
to̱ksali -h
ish- pa -kma̱
water
áyinaka̱
-ato
ma̱ya -t
a̱h
a̱
hi -hma̱
hihátosh
-ma -k
-ma
pí
hopáki
banna -kma̱
ish-
tokosh
mi̱chili
kano
pa̱
an -akíni -hosh
job
sashkít
standing
ábachi -h
okla
i̱pa
-bíka -tok
apíla
yamma
ká
ish-
pí
i
-ma
ikít
central
ha
ish-
to̱ksálitok
-ano
kana -t
á -tok -o̱
afammi
íshi -li -sh
bash -t
ít
kiyo
anakmakó
óti -h
ta̱sh.palaska
acho̱t
uh~huh
sa-
amahówah
i̱-
akkattola -t
sometime
kiyo
hi -hma̱
tahli -h
kanímilih
mat
hókako̱
a̱
hika̱nóti
yohmi
il-
mihchi
chá
á hokch -ahíka -ttók
il-
onnahi̱li
í-
kaníya
kana -t
yohmi -kma̱
yakni
hika̱nóti
hachim-
illa
-ak
í- hi̱li -h
áy
isskool
iya -h
-ano
i̱pa chokma -h
okl í-
palammi -h
nówa -tok -o̱
-ma
shippa
hikma̱
iya -tok
ruth
íy -o -ttók
a̱yatósh
kanimmish
bilíya -h
chishnáto
mi̱ti -ka̱
okla
a̱
pisa -li -kmat
chinnah
yót
hikitíya -li -tok
ish-
okma̱
yohmi -h
hash-
a̱lhi
grandma
field
okla
-ma -k
áhoyyo
chá
hitoko̱
hospital
m -ako̱
hi
chi-
siy- á -chi -h
faláma -t
nána
mi̱ti -hma̱
a̱ya -li -h
yohmi
delta
osápa
ayyówah
alhlhilih
tatot
kanah
hóyo -t
sápa
hi -hma̱
í-
hóyo -h
ok
yakohmi -ka̱
hashki
yohmi -kma̱
kaníkma̱
chahta.imma
il-
áyamolánatok
i̱-
pallammitok
hikkikí -t
ha̱lhánah
á -h -ókakósh
anóti
ókat
hohchifo
afammi
biníli
banna -h
ona
ano̱poli -t
pí
-ma
isht
másh
christine
yohmi -kma̱
o̱t
kanimmakósh
rent
years
dorothy
o̱t
toko̱
chishnáto
katah
illi -t
kanah
iyakat
kaními
hót
fokkáh
áchi̱hma̱
sánnah
isht
okla
pisa
a
hi -hma̱
ikbánaho̱
áyyásha
sa-
okla
nánoka
sápa
momma
hichi̱lih
hopóni -t
okla
í-
nani
alálihma̱
okla
holisso
onna
chishnáto
iya -h
bilíya -h
hash-
akka
mihchi -li -h
aki̱ni
river
sasso
clean
a̱lhi -h
aki̱
mom
chá
kiyo -kásh
á -hma̱
kiyo̱
hokchi -ttók -o̱
a -ttók
taha
okla
tokbá
habli
-ma -k
yohmi -sh
anóti
mi̱ti
m -ako̱
iya -h
standing
yoppa
sa- shki
-bíka -tok
mm~hmm
imma
ha̱klo -h
anáto
koloffi
yohmi
-ma
skool
isso -li -h
á -ttók
nánit
thomas
í-
haklo
garden
kíyoh
táha -hma̱
kíyoh
máyyaka̱
akkánoh
álittók
ka̱ha
kanimma
chokka
si̱tít
álitoko̱
ikhana -h
okla
afammi
pí
faláma -t
ahwa -h
pa̱
apa -hósh
chishnáto
mm~hmm
hikma
hicha
nána
chi̱- ki
lawa -h
takkal
tahattók
-ma
kiyo
tahánóka̱
hachim-
yoppa
ish-
tomatoes
il-
-ano
okla
kiyo̱
na
hi
akínih
pa -aki̱li -h
hokma̱
am
wíha -t
áchi -ho̱
t
pí
oklil
okl í-
im-
im- achokmá -sh
yohmi -h -o̱
kelly
at
lih
-bíka -tok
híyo̱
i̱-
hihátokósh
il-
nána
chásh
achibba
achokma -ána
-híka -ttók
kiyo
pokni
á -li -tok
yakómikako̱
pí
yohmi
ayyásha -h
sa- bíshakni
okla
-ato
pí
acho̱li -h
achokma -h
okattola -ttók
ashki
-ma
ishí -li -tok
a̱ya -li -h
oklípí
yakih
anokfillilihmat
siy- áchi -ttók
il-
m -ako̱
grade
nátah
ásh
t
pí
fokkáli
-kiya
ikhana -h
kotcha
ikkána -t
oklahoma
onna
aho̱
sixth
i̱-
-kat
taná -li -h
shahwa
memorial
ahwa -h
kana -t
ásha -hma̱
school
lawa -h
memorial
-ma -k
i̱- hi̱li -h
-ma
today
ta̱chi
ohóyo
sometime
ittatoklo
um
okla
m -ako̱
ano̱ti
achokma -h
áchi -li -h
kano
ruth
tahahmat
íshi
nána
allat
hi -hma̱
-ma -k
makillatok
mat
ishtáyalih
il-
o̱t
makátokma̱
pí
si̱ti
nánakat
laird
hihma
ma̱ya -t
ahwa =tok
isht
áyato̱ksálna
yóhmi
nánaho̱
osh
míhi̱tihma̱
ihma̱
kiyottók
mike
yókato
kani
okl í-
hachi-
-ma -k
years
áchi -li -h
ma̱yachi̱tok
hiho̱
-ma -k
m -ako̱
máyyakato
chásh
himak.nittak
tobi
á -tok -o̱
ma̱ya -h
ikka̱na
illa
im-
pa̱
sa- nakfish
ahnili
hoyo -t
akínihósh
aha̱tta -li -h
oka
chásh
anokfihi̱likmat
ruth
mano
kotchi -tok
áha̱yalikattók
á -tok -o̱
o̱t
kíyoh
acho̱li -li -h
á -kma̱
nána
-m -ato
nána
koni.hata
hi -hma̱
lawa -h
am
sa- shki
hót
ho
anásh
il- ilhkóli -tok
store
omminnah
tobáchi
kíyoh
pearl
ittika̱chi -ttók
hikat
oh
hiki̱yatokma̱
-ho̱
okl í-
ittiyapishi
pí
ikka̱na -li -h
kiyomash
lhokáchi -h
m -ako̱
okmash
hátokosh
hi -hma̱
a̱sha
yohmi
aki̱li
okla
-ato
pa̱
ittonáchi -hma̱
pishokchi
isht
hicha
á siy- alhpówah -ttók
oski
á -tok -ma̱
áyo̱ba
m -ako̱
gahlih
o̱t
pish
nána
hikato
móma
shohbi
oklíkkáno
o̱t
nácho̱lish
kanimma
alhtoh
katah
hollokchi
o̱t
mihchíh
isso -li -h
o̱t
í-
rent
híkiyo
yohma̱
ish-
taha
kiyo
yoppa
uh
ónásh
aba.talóli
m -ako̱
tayyahalih
náhollo.im.anno̱pa
táhli
makmakon
áchih
to̱ksalí -li -h
isht
i̱-
asháchi
talóha
use~a
oklímoh
pakínika̱
á -tok -o̱
makmak
shawwat
hichi̱lih
katók
kaníyah
mano
am
nittak
ilhkóli -hma̱
sa-
mind
old
pa̱
pí
i̱-
store
sassanót
hika
ikbi -t
yohmi
okla
ikhaná -li -tok
míchih
háto̱
ma̱ya -ttók
oklímo̱t
years
mash
m -ako̱
kiyo
chim
ka̱ha
willis
water
a̱
hi -hma̱
okla
okla
il-
chokkwálitok
oshta -kma̱
yohmi -t
ohóyo
ok
okmako̱
yohmi
achokma -hma̱
sa-
a̱ya -li
yoppa
siy- alhpówah
ommih
yo̱
awah
pí
anáto
ruth
lawwat
lha̱kko -t
alla
ish-
ikkaná -li -h
álitoko̱
yohmi
-ma
-ma
oh
a̱lhi
panáha̱klolih
oh
yohmi -h
i̱-
pak
yimmih
o̱t
ah
náhollósh
iláhobbitok
chá
himaka̱
hó
fokáli -tok
á -tok -ma̱
nani
iyá -li -tok -ósh
mr
alla
lawa
kaniyohmi
a̱
-ano
-chámo
pí
sa-
ahni -h
a̱yalikattók
isht
aha̱shwa -kma̱
yohmi
pí
makáchi -t
-ma -k
tók
hi -hma̱
years
ayiskachi -t
chishnáto
hopáki
másh
kiyo
ik-
chá
-ma
nakfish
iláyonah
áyishit
pak
mat
yokíh
í-
oh
kanohmi
ittanówa
hikma̱
laird
onna
alhíha
-m -ato
yohmi
piliya
nán
-ato
pa̱
ma̱ya -ttók
i̱-
alá -li -tok
nokha̱klo
ikkaná -li -hma̱
áy- ikhaná -li
o̱t
maiden
at
uh~huh
pih
nána
lokka
yakómihchi
illa
isht
ittiyapishi
áhínah
tahlitokósh
i̱-
chíchok
lohmat
konihata
hátosh
íyattók
á siy- assano -h
kil
ma̱ya
-kat
nánaho̱
ahni -li -kmat
miyaho̱
na
-bíka -tok
atsaffaka̱
-ano
i̱- taka̱li -li -tok
tosh
ákaniya
basket
wiha -t
ittiyapishi
áchi -ho̱
hiki̱ya
im-
im-
tanáchi̱
nineteen
afammi
pí
yohmi -h
ittanówa -h
water
ta̱chi
ikka̱na -li -h
okl í-
mi̱ti -ka̱
mihchi
nána
ish-
time
á -tok -o̱
mat
himaka̱
panóla
yohmikano
chipi̱tat
kaníya -li
-ho̱
uh
atoko̱
hi
awashli
nán
anóti
na
chá
afammi
red
il- ittilawwi -h
am
i̱-
malhlhih
a̱sha
m -ako̱
afammi
iskool
okla
-ma
pa̱
at
yakni
chishba
ahwa -h -o̱
hóyo
mihchína
iyalánah
yohmi -h
uh
-ma
oklá
okla
nána
-kato
yohmi
isht
omakah
hicha
banna -kma̱
-ma
hokako̱
attat
imma
á -kma̱
atoko̱
onahokma̱
il-
anót
himáma
to̱ksali -h
mako
to̱ksalí -l -íchi̱ -kmat
kiyo
o
okla
yo̱kat
illa
oka
m -ako̱
peas
chá
uh
-ma
um
a̱t
mihchánatok
hi -hma̱
aki̱ni -h
i̱- ki -t
hash-
nani
fokkáli
ikka̱na
yohmi -h
hitoko̱
lohmat
-ano
store
ano̱poli -t
nácho̱lih
sa-
kaníya
sister
im-
pak
í-
hapinnah
chínih
a̱lhi
hoka̱
yohmi -ka̱
um
yaha̱ya -hma̱
kiyo
okla
to̱ksalí -chi
shikalla
okla
pí
i̱la
standing
okla
e
-ma
ish-
ho
oka
iyá -li
garden
chi̱- ki
man okl í- haklo kih
alhto
maká -kma̱
tomatoes
iti
am
hopónih
am
nána
mo̱t
hi
ikkanali
chishnáto
-ma
lawát
nanikiyo
am
m -ako̱
atta -ttók -o̱
komóta
faláyat
hátósh
á -li -h
kíyo
yo̱kásh
i̱pa
pí
hiyátósh
okla
kano
kanímilih
im-
hasháyachi
á -tok -ma̱
lola
makah
uh~huh
okmanána
kemper
okla.áyásha
school
bók.chito
basówa -chi -t
ahni -h
job
chim
m -ako̱
ish-
ma̱ya -ttók
ayyásha
katikako̱
áya
ála -hma̱
hiki̱ya
ikhánakako̱
áchih
-ato
a̱talih
anáto
yohmi
ano̱polí -l -áchi̱ -h
-tok -cha
to̱ksalikat
á -tok -o̱
-chámo
chi̱- ki
tahli -kmat
ish-
afammi
halállit
anásh
atta -tokósh
a -ttók
ikhana -h
ano̱pol -áhí kiyo
maká -hma̱
yohmi -h
okma̱
olbal
yakohmitókchá
nátah
naksis
hi -hma̱
ikb -áchi̱ -hósh
kíyoh
okla
okl í-
oka
alhpísat
mi̱ti -h
siyo̱si
o̱t
to̱ksali -h
ahwa -h
mm~hmm
o̱t
bash -t
ahchibat
makallaho̱
hata
taha
taha -kma̱
kaníkano
áchih
ilhkóli -h
hálla -t
a -ttók
a̱lhi
okmanána
anóti
m -ako̱
ok
hóyo -li -h
hikma̱
i
í-
il-
tokósh
chi̱- ki
i̱-
ahówatok
chi̱- ki
siy- assano
grandma
mihchánah
maká -tok
-kat
hi -hma̱
then
paki̱liho̱
á -kma̱
yakoho̱mahíkattók
nani
píhi̱salih
mi̱chili
kaníya -tok
yohmi
degree
ohóyo
-ma -k
falammi -li -ttók
alálih
anittók
-ma
la
okla
-ato
áy- ala -ttók
hospital
á -ttók
iti
uh
hót
aha̱tta -h
-ma
delta
brick
iya -h
okla
i̱.shahli -hma̱
yohmi -h
abóli
ábachi -h
áha̱yatoko̱
hashi
mommat
ruth
mat
mat
okla
nátah
anokfilla
kano
ikkáno
ahi
pisa -kmat
akkíya -t
ittimano̱polikma̱
-ma
ta̱kla
tákoli
hihma
pí
okla
chokwa -hmat
kati -k
iya -tok
hikkíya -li -h
iti
i
taháhínah
náhollo.im.anno̱pa
siy- á -h
kapassa
i̱-
kiyotoka̱
pishokchi
mat
hihma
i̱pa chokma -h
hi -hma̱
takkal
á -ttók
uh
im-
afammi
achokma -h
pish
thomas
hálla -t
báno
kiyo
aki̱li
yohmi
hi̱lah
ishko -h
mihchi
yohmi -tok -o̱
ten
hannáli -h
panóla
pí
í-
a
at
basket
katitchi -sh
hapim-
-ma
palammi -h
nán
at
mihchi -t
yo̱
oklil
alálih
yamm -ako̱
apísa̱chi
am- ihaksi
kapassa -kma̱
ilahbi
im-
hokma̱
mat
ohóyo -t
pa̱
-ma
okl í-
i
ish-
nittak
hi -hma̱
pisa
canning
anót
-ak
holihtat
anóti
tobi
míhchish
kotch -áchi̱ -h
-bíka -tok
mi
í-
a
jelly
makattókosh
onáchikih
hi
ahwa -h
yammat
tanna
-ma
hikato
standing
nána
isht
chishki
pí
anóti
pí
ikkaná -li -h
-ano
ápitta -h
tayyáhakmano
a̱h
á pi̱sa -li -kmat
pí
o̱t
áy- ikhaná -li
hohchifo
mm~hmm
siy- assano -t
óka̱
nokówa -h
alá -li -ttók
okla
issa
pisálihmat
a̱lhi
ilhkóli -tok -o̱
ano̱poli -tok
swamp
ischool
yohmi -h
bók.chito
classes
k
i̱pa -áchi̱ -kmat
freezer
itti̱nokówa -tok -o̱
ikbi -li -h
-kato
yo̱
uh~huh
illa
mi̱ti -hma̱
grandma
áta̱pa -tok
áy ásha -hma
mo̱t
-ma -k
kanitchi -sh
pis -t
uh
ittanówa -h
iyakmato
siy- ahni
nákiya
tok
ilhkóli -hma̱
oka
oka
am
tobi
taposhshik
kiyo
nokshópa -h
maká -hma̱
yohmi
ommásh
il-
á -kma̱
nani
ahwa -h
i̱-
mihchi -t
-ato
pa̱
alla
apíla
kana -t
kiyo
ishlakma̱
hohchifo -t
yohmi -h
á
i
yohmi -k -ako̱
onálitok
chokkwa
m -ako̱
a̱chi
hoyyokma̱
yómika̱
-akósh
delta
-ma
hokakósh
akínitoko̱
ti.chanalli
míhi̱tihma̱
m -ako̱
alhíha
sonny
ohóyo
phoebe
mihchi -t
hata
katit
táhli
a̱ -li
il-
toko̱
mo̱ma
ahni -h
hannáli -h
ápitta -t
okla
akkattola -t
hokchi -ttók -o̱
nani
ona
holisso.ápisa
hílihma̱
tana -h
mm~hmm
kanitchi -sh
ahóchi -li -tok
lawa
hikako̱
anakmakó
-ma
laird
tah
katit
ábachi -h
iksho
lána
hash-
hikít
kiyo
ma̱ya
hoyo -t
-ato
hi -hma̱
áhowakat
ano̱poli -h
taha
ahma̱
yakót
ábáha̱chi
toba
yoppa
kiyo
ahni -t
nána
uh
má
-ano
anóti
delta
hikít
á -ttók
a̱ya -li -h
ano̱poli -h
chohmi -ttók
áchicha
lashpattókmat
hiyáto̱
sam-
akínittók
hihmat
aki̱ni -h
mo̱t
alla
yo̱ka̱
il-
i̱-
mm~hmm
achokma -h
pí
yohmi -h
yohmi -sh
iya -kma̱
im-
hi -hma̱
ishko -t
hi
at
blade
-ma -k
ish-
ná.chinni
oh
onna
pí
hitok -ósh
oshta -h
chokka
-ya̱
isht
ahíka
-kiya
pí
joe
kiyo
couldn
hóyo -hma̱
mm~hmm
chishba
im-
okla
is- sa̱-
hikma̱
hapim-
a̱ttalitoka̱
akínih
aka̱chak
il-
sannatoko̱
shawwat
hátokosh
pí
banna -kma̱
íhi̱shkoh
anáto
aha̱yah
hi -hma̱
iksho -h
hiho̱
ihma
pí
am
okla
lhipolli
iyálikma̱
kiyo
yót
il-
ayi̱na
alla
chishnáto
ma̱ya -h
oh
basówa
-kato
afammi
hapishnák
il-
ish-
kil
m -ako̱
nánih
school
bacháli -h
-ma
ruth
ano̱ti
hiyohchih
-bíka -tok
maka̱
hapi̱-
á -tok -o̱
shibblih
nána
pa -ako̱
-ma
chishnáto
pearl
ahma̱
pisa -kmat
pa̱
kati -k
kíyoh
hokma̱
sonny
nátah
ha
tingle
áyyásha
ola
ikkánosh
abiyat
bi̱ka -h
ohóyo
ish-
fámah
banna -kma̱
ikkanat
talólih
m -ako̱
-ato
i̱-
ilhkóli -kmat
a̱
nani
mihchi
pí
nána
tahlilitok
á
ta̱kla
nanih
stephens
a̱shatósh
ik-
í-
m -ako̱
ayína
maki̱lih
chokka
o̱kih
nánatok
í-
í-
iyá -li -h
pí
il-
pí
jackson
ishí -li -tok
kanah
hihmat
lhokáchi -h
mom
itti̱hollo -h
-kiya
á siy- assano -h
nówa -tok -o̱
-ya̱
il- a̱ya -kmat
ahni -li -h
móma
mihchi -t
to̱ksali
stokes
á chito -kmat
hitoko̱
sa-
can
hashki
iya -h
panóla
hitoko̱
hattak
aha̱tta -li
ola
pí
hika
nácho̱lish
á
tokash
alikchi
fokka
peaches
m -ako̱
áyyáshah
tok
hátokma̱
yo̱
áyamolánatok
tana
yoho̱mih
-ma -k
ayínah
-ma
banna
si̱ti
ittika̱chi -ttók
a̱lhi
itto̱la
ánah
o̱t
achokma -ána
is
am
ola
ahwa -h
sockey
hikato
kanómika
yohmi -h
o̱t
okfowátat
chishnáto
yoppa
kíyo
mm~hmm
okla
ákfilla
tahli -h
nani
kiyo
akkánoh
oklim
hátokósh
pishnáto
-ato
alhlhikat
pí
basket
áyinaka̱
chokka
hiyohchih
í-
-ma
a̱tokobih
-ma
ish-
il-
bus
assano -t
-ho̱
chinnáchi̱
ahma̱
áyishit
ít
hospital
í-
oná -li -hmat
o̱t
-ho̱
tahli -h
pa̱
ruth
hihmat
hikato
a̱yakat
kí
yakohmi -ka̱
akínih
ittahobli -t
a̱lhi
konih
uh
yohmi -h
yohmi
í-
anóti
ittiápishi
chi̱- ki
m -ako̱
pí
tok
il-
hikít
illi -to
á -kma̱
mishíyatok
ahni -h
-ho̱
okla
-híka -tokash
áy- ala -ttók
yohmi -t
okl í-
m -ako̱
hikata̱lhih
uh
a̱
nána
hikma̱
ruth
ish-
himak
ischool
nána
m -ako̱
awah
á bili̱ka
anóti
chi-
kiyo
hót
ikbána
onna
pí
comby
mako
yoppa
kí
i̱-
job
at
okl í-
mat
kano
yakni
-ma
am
-ma
delta
hano
at
m -ako̱
isht
ikbi
lokka
okmanána
híkatok
school
a̱t
ikhana
yakih
oh
himaka̱
ápaka̱
hachi-
m -ako̱
basówa
hókako̱
nána
pishno -áki̱ -t
makmak
okla
ish-
ish-
hi -hma̱
yohmi -h
áha̱yah
átokósh
ohóyo
sa-
m -ako̱
ka̱chi -li -ttók
-ma
afammi
á -ttók
cane
hopáki
makáha̱yah
mm~hmm
barb
alla
acho̱li -h
hi
onna
iya -kma̱
at
m -ako̱
anóti
ábachi -h
alla
átokosh
kiyo -tok
nani
ábachi -t
anáto
il-
shawwa
ilhkóli -h
kiyo
truck
to̱ksali
hi -hma̱
-ho̱
tutwiler
on
am
yohmi -h
ikkán -o -h
mm~hmm
am- ihaksi
á
yóhmi
kani
williams
okla
alla
chahta
hiko̱
o̱t
í-
yakni
kiyo
achokma -h
ikkanah
ikkána -t
pa̱
hika
kanitchi -sh
chi̱
hitok -ósh
is
iklanna
ábachiláchi̱nih
o̱t
áy
hitoko̱
lhokáchácho
chokka
kíyo
-akíni -tok -ósh
ish-
pish
á
palammi
chá
tahli
himáka̱
okla
tamóha -t
-bíka -tok
iláhobbitok
oh
you
mítilitokat
bók.chito
faláma
áy ásha -h
m -ako̱
áchínikma̱
hikato
katimma -k
iyá -li -tok -o̱
ayyásha -h
il-
mm~hmm
-bíka -tok
anóti
pihlichit
flat
faláma
-híka -ttók
mat
night
okla
yakoho̱mi
yót
-oka̱
kanit
í-
kanikma̱
hopáki
yohmi -h
kanímikat
na
pí
store
ok
nakfish
brick
kaními
-ma
asháchih
áyyásha
-m -ato
ish-
hapi̱- ki
mihchili
akínih
central
okl í-
yohmi
banna -h
anól
makma
-ma -k
pí
am
-ma
okla.áyásha
ahni -li -h
mihchi -t
-ano
-ano
hachim-
il-
to̱ksalí -li
ayínah
okla
anáto
kanimmish
il-
pinnah
o̱t
kaníyokma̱
ibbak
-ano
ayyasha
iya -li -h
áyyáshakma̱
i̱-
kiyo
yót
okla
sipokni
year
uh
chokka
himak
kotch -áchi̱ -h
am
hikako̱
boshollichi -t
á- ikhana -tok
kati
foha -chi -tok -o̱
-ma
kíyoh
á -tok -o̱
ta̱chi
at
tok
hiho̱
ani -t
lawát
i̱pa -t
anót
pisána
-akósh
am
yoppa
pa̱
yohmi -sh
yakót
hikato
december
im-
ásha -kma̱
grandma
anáto
living
íla
anáto
anól -ána -h -o̱
retire
pí
mapillakano
alhpisáli -li -h
i̱-
kiyotokóka̱
i̱shirt
ano̱ti
ikka̱na -li -h
alhtáhah
okla
a̱ya
hikmat
iskitíni
il-
hicha
tamóha -t
hapi
ishki -t
pa -aki̱li -h
ikbi -t
nátah
amót
á -tok -o̱
-m -ato
yóhmi
hi
chínih
mihchi -li -kmat
hittókakósh
ona -h
ittiláwichilih
táha -hma̱
yo̱ka
ikbi
ish-
ma̱ya
táha -ttók
hihma
waiya
school
a̱yatokmásh
ikkaná -li -h
ish-
marriage
freezer
-bíka -tok
il-
i̱-
isht
ho
hitókakosh
istayyopi
ano̱pmanánásh
ittimáha̱chih
to̱ksali
to̱ksali
year
taná -li -h
a̱sha
li
afammi
iya -h
hicha
táhat.iya -kat
-ma -k
yokíh
nátah
ma̱yahátokósh
afammi
palammi
achokma -ána
ish-
uhh
ahni -li -h
im-
yohmi -h
sápa
tosh
mm~hmm
-ma
táha -hma̱
afammi
ma̱ya
kiyo -t
malhlhih
oklil
ano̱ti
a̱
yohmi -h
ahwa
alhlhi
ishko -t
chá
m -ako̱
panóla
alhtobakma
yohmi
aláchikih
katash
ítohchi̱na
anóti
ho
sanna
áha̱ttalih
-ma
hachi̱tto̱lah
ikkán -o -h
hitósh
to̱ksalí -li
kaníkano
-hósh
hicha
hicha
yohmi -kma̱
yohmi
wíha -t
ok
kakósh
sam-
ano̱polí -l -áchi̱ -h
isht
ha
oh
-kiya
nána.hollokchi
am
a̱tta
ano̱pol -ána -ttók
mat
im-
ma̱ya -ttók
il-
toko̱
hikít
il-
anóti
mm~hmm
oh
makáto̱
itti̱falammi -ttók
ikkanah
i̱pa -t
chim
nittak
mm~hmm
kiyo
yohmi -ka̱
hi -hma̱
hook
mm~hmm
pisha̱tta
ilhkóli -h
yohma̱
kiyo
áhochahí
ilhkólottóko̱
hika
-ma
ána
í-
tahlilitok
anóti
osápa
hi
alhpisáli -h
ilhkóli -tok -o̱
holboh
m -ako̱
im-
okla
nána
-chámo
hika̱
áchih
sa-
at
katayohmi
malhih
bók
pí
-ma
-akíni -kásh
chokmáki̱nih
hikmat
-ano
saturday
anóti
yóhmika̱
il-
hiyohli -h
iya -h
kiyo̱hma̱
iláp
yohmi
nána
-kato
leake
kaníya -ttók
alla
il-
basówa -chi -t
hi
chíyánah
kaniyah
maki̱t
kanómi
okl í-
okla
ábachí -li -h
atta
-akíni -tok -ósh
o̱t
á
tóko̱
osápa
mihchílish
im-
a̱
afammi
beadwork
okattola -ttók
-bíka -h
ittanówa -h
nátah
kanikma̱
taposhshik
ta- to̱klo -kat
lhokáchácho
west
shóli -h
no
i
yohmi -h
m -ako̱
alla
change
chito
hapim-
to̱ksali
li
iskitíni -ka̱
kaníkma̱
il-
kíyoh
-bíka -tok
anóti
ayówa -h
óti -t
anóti
anokfilla
tókalhlhi
on
hikma̱
a̱h
il-
maká -ha̱ -chi -h
pa̱
-ma
were
ona -hma̱
maká -kma̱
binohmát
í-
yo̱
faláma -t
allát
at
yohmi -h
kochá.balíli.ánówa
-ma
patát
ilhkólánaho̱
anáto
íyattók
hapim-
isht
iya -h
ayyásha -h
álachá
iti
hi
hihma
ilhkóli
ámottók
nánakat
ahni -li -h
kappolit
okla
to̱ksali -sh
toko̱
chohmi -ttók
hapim-
hihókakósh
uhh
-ak
kaníya -li -ttó -sh
kanímih
óh
afammi
ikbánaho̱
hikat
tobi
siy- á -h
pí
hikít
hót
-ma
kiyo̱
hikma̱
il-
kiyo -kásh
hoyóláchi̱
áha̱ttah
óna -hma̱
nátah
kiyo -tok
living
sonny
ano̱ti
il-
ít
il-
mat
mo̱t
osápa
mihchi
acho̱li -h
kani
siyoshítik
ish-
abiyat
á
ish-
-ya̱
ibáni -li -sh
chishki
sattiapishi
ayínah
iya -kato
hokmanánásh
akkiya
kano
yo̱ka̱
hiyátokósh
a̱t
wiháchi -t
a -ttók
o̱t
okla
-bíka -tok
ma̱ya
to̱shpat
ípa
anno̱póho̱likma̱
ásh
anóti
a̱talih
uh~huh
alhto -t
ayínah
ásha -h
okla
oklípí
okma̱
classes
katímina
ta̱chi
hihátokósh
o̱t
átokósh
chohmi
kaníya
pish
okl í-
o̱t
il-
o̱t
patát
yoho̱mih
pa̱
hi -hma̱
mitaffi
a̱ya
-kato
cumberland
peaches
íshi -li -sh
iyá -li
-kato
mako
ahnili
ah
pí
imanno̱pak
yohmi -t
hi -hma̱
ary
il-
a̱lhi -h
afammi
hikato
iyakat
ikka̱na
il-
nátah
chi-
iskalit
siyoshítík
mihchánahnih
kiyo
himi̱tta
kotcha
sashkít
iya -kato
osápa
mule
chokka
maká -tok
ásh
bók
anóti
chokkwa
mind
-ma
ittanówa -ttók -o̱
-ya̱
yohmi -kma̱
okla
tutwiler
has- sam-
kíyottóko̱
nátína
á mi̱ti -h
hachim-
nánomi
hoyo -h
hik
hachi-
pí
-kato
bash -t
head
um
i
shikalla
anáto
hash-
o̱t
il-
kíyo
k
ish-
hi -hma̱
at
pa̱
yohmi
tahli -hma̱
mako
alla
pí
okla
ilahbi -h
bili̱ka
ikilhkólokiya
okla
alhíha
-ano
itti̱falammi -ttók
iskool
cumberland
-ato
ish-
shibblih
sa-
taha
mmhmm
faláma -t
a̱tta
ílitokmash
ahóbat
nána
átokó
itti̱nokówa -tok -o̱
alla
-ato
leake
side
ano̱poli -h
cane
yohmi -ka̱
ashwa -h
yóhmih
makáykatok
pihlichit
hilíchittók
hash-
osápa
faláma
il-
sa-
ah
to̱ksalí -chi
ok
hitoko̱
to̱ksali
yoppa
ishí -li
basket
years
chokkówato
chokka
ano̱ti
design
i̱hiyohchi
toko̱
job
hikato
okla
mat
okmanána
kiyo
himak
ok
community
ano̱ti
change
yóhmi
i̱pa
okla
-ma -k
faláma -t
híkatókako̱
anno̱pa
lawa
himihówa
á -ttók
áfíhna
hashi
ilhkóli -tok -o̱
anokfilla
osápa
ikbána
kiyo
mihchi -hósh
anóti
ahwa -h
i̱la -h -o̱
yokáchi -h
pak
á -tok -o̱
williams
okla
hihóka̱
pí
ayínatokma̱
sann -o -tok
atahlittók
kani
york
katak