kane
bekhu.dinam
khaje
sendikhi -en
malot
si
sen
bahwe
si
kane
pekhintah
te
meng- ena -i
ge
me- lelou -i
okhang.tue
mame ==ne
mahal
khase ==ne
keji -ne
tekh- bunuh
buluh
bekhu.dinam
ate
si
waktu
side
edhi
khombong -en
singkil
ate ==ne
mbue
belin
edhi
adalah
sukukhen
mem- ege
tukhun ==lah
ni- kakhene -ken
te
lain
kawin
jumpe
bakhu
nange
akhi
luakh
mulai
ame ==mu
hakhte
bakhu
wahai
khaje
waktu
khoh
ke- suwi -en
ni- tekhime
pe
dapet
wakhisen ==ne
anak
edi
iye
khombong -en
pe- ngekhawang -en
telokh
ni- tekham tunjang
malot
keluki
ke- sabakh -en
binatan
te
sebuah
me- jagung
uan
biakh
laki
de
lot
edi
semenjak
endak
melaku.ken
endhe
me
me
tekhyate
kune
daekhah ==ne
me- hakhte
asal ==ne
sebuah
edi
pade
se- wakhi
pekhistiwe
dikhi ==mu
kawin
mem- unuh
madhe
akhi
malot
niat
ikan
me- lalu
si layakh
ng- gusuk -ken
khut
balik ==ne
hakhte
si
pejabat
wahai
ke- khaja -en
lebih
sikel
atau
kabakh
selukhuh
dhahi -me
namun
si layakh
tule
iye
me- bagas
tebe ==ne
malet
nasip
men [...]-- nutup -i
sendah ende
jeme
baba -i m- balik
malot
ni- tahan
me- juang
edhi
pe
khang.tue ==ne
sebagae
ni- tekham tunjang -ken
tekhagedis
polisi
pe
hasil
uwis
malet
nujum
ganteng
khaje
nomokh
si
dunie
ni
me- khupe -ken
mpus
edhi
daerah
lot
khumah
ngkran
khaje
khut
==ne
dekah
engo
khaje
nimai
bagi
tule
geluh
nomokh
si
kekhan
seban
khate
nujum
khang.tue ==ne
me- layakh
ame ==mu
pengulu.mude
nggo
abang ==ne
malet
bahan -en
mem- pekh- tahan -ken
bekhe ==ku
te
khaje
khaje
tawe cikhem -i
sendikhi
anak
malet
gukhu
me
ende
ke- hadikh -en
nujum
kekhine
lot
aku
pahakh
malet
motokh e
tekh- tandok
ni
edi
pe- tengkau
malet
sen
bebas
pe
si layakh
anak
ngekhan
te
peng- uase
[...]-- atou
sebenakhne
[...]-- timbang
engo
sakti
tandok sile -me
dabuh ==ne
untuk
men- jadi
bekhe ==ne
dukun
woi
ni- senat -ken ==ne
ke- gelisah -en
lembu
senang -ne
laus
engo
se- tegu -n
engo
deleng
khang.tue ==ne
bhe
dape
si
n- tukokh
ninik
wakhi
bahwe
anak.laki
menimpe
untuk
bante
ni
men- dapat -ken
me- milik -i
selukhuh
pikhua
sikel
khaje
se- kejap
oleh
ni- ingin -ken
tuan ==ku
sang
men- angkat -ken
si
belanja -i ==ne
se- anak ==ne
edhi
==ne
ni
ganas
mbelin
anak
si layakh
ni
ni
silah.ken
banjikh
uwak
abhang
engo
jumpai
khaje
[...]-- pige
akhi
lain
ampun
napos ==ne
bebekhe ==ne
mey- usul ==lah
babe m- balik
cinta -i
kekhine
untuk
hakhap -en
kekhine
==ne
sang
ni- daun -i
[...]-- anak ==ne
si
anak
te
luluh
khumah
edi
begedi
men- jadi
te
tekhus
gukhu
langsung
makmukh
te
tekhsebut
edi
ge
metoh
se- gijap
tuan ==ku
pemain
mame ==ne
khut
pe
bage
si
enggo
pahat
si layakh
kendukhi
ke- gembikh -en
pengulu.mude
si
belang.kejekhen
pe- ng- kekhet -ken ==mu
khaje
edi
si layakh
untuk
keluakhge
demikian
ni- undang
se.mate
kakhine
geluh
edhi
selese
pade
gukhu
panen
si
sang
niwekhe
sebuah
oyek
ng- idah
malot
kake
me- [...]-- sekhi
te
petame
pekhintah
enggo
meng- ate -ken
mende
kau
me- [...]-- bulan
geluh
si
si
khut
bekhe ==ne
kalak
khaje
lain ==ne
bahwe
anak
selukhuh
men- bantu
ni- jekhang
bibit
wakhi
akhi
men- ekhus -ken
soh ==lah
mame
n- tumpang kepaling -ken
akhi
akhi
usahe
si
bhe
paling
si layakh
te
khut
balepetake
me- milik -i
ninik
te
meleset
wakhi
untuk
aku
khut
[...]-- hanjakh
si
alangkah
ni
se- kelompok
iye
de
sikel
pakhau
hakhus ==ne
bongi
si layakh
ndak
se- kalak
se.engo
te
lahikh lah
jabate ==ne
mame ==ne
nggou
me- kehendak
[...]-- anak
uwis
sikel
tule
oleh
te
hal
[...]-- macam
si layakh
si
pakhah
mem- angku
nujum
ulah ==ne
aku
khut
anak.khu
ise
toh
[...]- ikhing -en
tule
ni
kahkhene
suntuk
nange
lebe
wakhi ==ne
khut
kelak
[...]-- sikse -ne
sendah ende
akhi
te
oleh
se- kalak
te
tekhsebut
kabakh
bahagie
megah
kane
nggo
ingin -ken
patkhilineal
si
semange
belangkejekhen
nge- lahekh -ken ==ne
kobo
layakh
mulai
[...]-- hewan
kekhan
te
tebe
anak.laki
si
ni
mem- mengket -i
ni- tekhus -i
miskin
untuk
sikel
gakham -i
sikel
se- kalak
untuk
mem- ege
mekh- umukh
khaje
aku
natam
te
aku
anak
kalake
me- khumah.tangge
minum
se- kelompok
te
si
penduduk
singkil
si
natam
kendin
me- peluah
natam
si layakh
ni
malet
ni- ekhe
nujum
soh
tepat
laki ==ne
tekhuh
si
bali
khut
me- jolokh
deleng
m- putekh
pige
khaje
saat
etoh
kite
pengulu.mude lah
si layakh
te
penamun
khaje
te
kalak
ni
bage
sebage
peng- ukhus -en
me- khamah
kalak
khut
puhun
ni- susun ==lah
untuk
anak
khut
me- lalu
khaje
belagakh
bahwe
sekali
khut
me- sokhat
uan
me- cekhok
me- siap
sang
tahun
sekolah
se- [...]-- wakhi
kawin
namun
lawe
nemu
khaje
akhi
oleh
mbue
engo
madhe
ni
ni
kane
enggo
kisat
ni
de
ke- tukhun -en
ke- ganteng -en ==ne
kute
gembikhe
nangat
se- kalak
dekah
khut
bekhu ==ku
ke- khaja -en
khombong -en
edi
si layakh
natam
dikhi
me- dalan
khut
kane
lelukhuh
me- babe ==ne
petame
engket -i
me
me- dalan
lah
si layakh
si
kalaki
kalak
men- kandung
khut
bagi
ni- tambah
dhahi -ken
toh
pekh cuba -en
hal
kemudian
te- tawe cikhem
khaje
akhi
pengulu.mude
si
si
te- gusuk
khaje
ni- lajang -i
kane
te
kite
nange
babai ==ne
mekh- awat
ami lah
angote
nakhen
positif
nak
me
jaman.sendah
khut
mungkin
edi
si
anak
pengulu.mude
hal
edi
ni- asing -ken
khut
hasil
edi -me
me- daye
ni- khestu -i
tekhus
kayue
ni
khut
lain ==ne
ende
ganteng
si
kekhi
salah.sebuah
gagal
khaje
untuk
[c^1][v^1]- khidi
keluakhge
te
me- cekhok
gembikhe ==ne
ni
ni
pot
soh ==lah
khumah
nde
nange
pekhistiwe
angote
lot
khut
ni
khakyat
belantakhe
kane
edi
me- kekhet
bakhu
deleng
jumpai
edi
pe
ni
ni
ni- babe ==lah
se.engo
khaje
nange
madhe
madhe
te
malot
untuk
tanpa
tulang
te
ukhus -en
amek
te
main
khut
panganen
jeme
sikel
[...]-- pige
men- olong
edi
tekh- jadi
si layakh
malot
laus
untuk
ni
me- jume
edi
de
babe m- balik -me
khaje
me- soh -ken
mem- aham -i
jelas
luakh
te
takhus
tukhang ==ne
mengket -ken
enggo
bhe
me
wakhan
ni- bagi
men- damba -ken
pekhistiwe
coklat
niat
oleh
sendah
kane
iye
iye
gakhis
bagien ==ne
atau
hambe
cekhe
engkekhan
bagi
si layakh
kisah
anak
pengulu.mude
senat -i
kami
me- [...]-- tahun
anak
khut
iye
me- masakhakat
impal ==mu
tubuh
biase -ne
khaje
peng- ukhus -en
pade
tukhang ==ne
si
malet
sang
si layakh
si
khaje
suami
bahaye
se- bue
lot
su
bayi
kekhine
peng- asing -en
sang
te
khang.tue ==ne
si layakh
wahai
ni- bunuh
si
mey- susul
malet
bangku
megekhogoti
khamah
te
khut
pakek
sikel
me- belin
edi
penduduk
si
gakham -i
kane
kalak
ampun
pesisikh
kute
uwak ==ne
tule
kelak
ciduhken
singkil
[...]-- idam -ken
se- kalak
deyat nadi ==ne
se- kalak
manuk
babe -ken
nange
walau
te
sepasang
kane
pinpin
amek ==ne pe
men- jage
nggo
untuk
si
milik -i
men- jadi
ni
khang.tue ==ne
tuan ==ku
iye
men- cube
me- milik -i
me- doe
mame
khaje
ende
setiap
bekhite
de
balik
ate ==ne
te
ninik.moyang
iye
tabit dukun mentakh
malot
keji
oleh
bakhu
lot
toh
agup
-em- gane
otomatis
[...]-- pige
kami
jeme
me- bahan
meng- ato
kune
namun
hakhus ==ne
kado
kane
kite
aku
dakhi
kami
jage lah
si
aku
khaje
tekh- jadi
lawe
langsung
malot
tentang
lebih
melet
si
si
oleh
batin
se- tukokh -en
selame
anak.bekhu
==ku
n- ekham tunjang
khut
lah
kane
si
pot
men- pelehjemah -ken
sendikhi
tahun ==ne
sakti
ukhus -en
bhekhas
sang
aneh
kakhene
te
tekham tunjang -i
singkil
se- kalak
sang
manusie
men- jajah
hal
te
penghulu.mude
anakhu
kite
de
bekhu.dinam
sang
si layakh
pagit -ne
ni
kurus.kekhah
ni.mai
tebe
hambe
kakhene
me- bahan
edhi
ketang
ende
pengulu.mude
bahan
[...]-- nyate
nate ==ne
malet
pakek
layakh
anak.laki
hokhmat ==ne
lot
mame ==ne
n- umpang kepaling
upah -en
senakhen
kendin
nujum
ni- ato
si
malot
malet
keluakhge
ni
tuan
kabakh
ni- tambah
m- ahan
balik
me- gelakh -ken
usahe
meng- anggu
dukun
edi
aku
terjadi
edi
ke- khaja -en
si layakh
pasti
bende ==lah
khaje
bahwe
bahwe
nange
te
gale -em- gale
khang.tue
gayo
ni
wakhisan
kalak
nange
mude
ge
kanda
kane
khut ==ne
khaje
mem- bunuh
ni- pinpin
cut
tekun
ni- sebut
bende
mange
me
kekhine
khut
me- lelou
gakham -i
bagas
edi
khaje
mem- unuh
dapet -i
kae
kukhang
cangkul
kabakh
si layakh
lekheng
wakhi
te
kanda
endak
senuan
me
nemu
khut
lebe
nggo
ni- takhik balik
tekh- cape
bulu
me
mate
==ne
kane
khaje
ke- teguh -en
bage
nujum
mate
si
akhi
wali ==ne
edi
titik jump
negekhi
ke- gembikhe -en
edi
ge
jati.dikhi
te
te
ngkekhan
due
bukai
te
si
dukut
me- bahan
ke- jaya -en
ni- popok ==lah
kae
te
bakhu
edi
buah
salah.sebuah
si
khut
edi
pengulu.mude
pido
meng- utus
si layakh
istekhi
takkala
ke- kuasa -en
lawe ==ne
untuk
si
si layakh
tandok
kekhine
pe- tani
mem- ido
meng- ato
ke- khaja -en
si
peng- uase
kane
iye
me- limpah khuah
kakhene
men-...-ken ekhe -ken
cut
keluakhge ==ne
akhi
amek
se- soh -ne
balik
mame
geluh ==ne
lot
de
sendikhi
se- kalak
sukhung
lebuh
pesisikh
tekhsebut
nde
sikel
sen
me- gewokhen
kikhe ==ne
se- akibat
abhang
kisat
menuju
manuk
si layakh
ni- tekhime
me- usahe
cut
aku
uwis
khumah
kelak
kekhine
kae
sebuah
selukhuh
lawe
nemu
bekhu.dinam
bue
gayo
malet
meng- ekhet
mbelin
te
suatu
ketang =e
malet
khut
ni- lindung -i
malet
baik
nangkih
si
me- sedih ==ne
si layakh
ndak
tekhus
edhi
anak
tetapi
panek
acam -en
khumah
me- engah.engah
si
mem- angan
ende
bagas
me- bahan
meng- adikh -i
[...]-- dempik -en
men- jadi
==ne
woi
ndape
suami
si
tule
nange
bekhu ==ne
te
soh
sakti
khaje
harga -i
oleh
laki-laki
kobo
men- jadi -ken
ni- khakut
anak.laki
nggo
kabakh
ke- khaja -en
hakhus
edi
sendah
kalak
nawe
si layakh
edhi
dape
kite
tahun
ni.mai
ng- gakhem -i
sendah
hambe
se- kalak
saat
khut
kane
pantas
me- gelakh
ni
te
me- mohon
ato
engo
men- ading -ken
bahwe
gane
ni- pekhcaye
lot
khut
senang ==lah
jume
pe- lawat
pitu
men- jadi
jumpe
sangub
me- kikhim -ken
ni
si
sendikhi
mendekhite
wakhi
amak
pe- bahan ==e
kekhi
ke- yaman -en
kendukhi
nujum
te
hasil
kekhine
balik
si
naas
khut
jahat ==ne
khaje
pudi
jahan.jakh
me
madhe
tuhan
wakhi demi wakhi
te
laus ==lah
si layakh
babe m- balik -ken
edhi
pe
kalak
pekhistiwe
mem- atuh -i
si
lot
ke- penting -en
ni- utus lah
khut
tetap
sekolah
malot
tawe cikhe -me
hakhte
bekhite
bali
datas -en
khut
macam ==ne
men-...-ken ekhe -ken
khumah
de
gukhu
miskin
mem- ege
tubuh
ni
te
pudi
te
khakyat
tukhun men- tukhun
kane
te
kelak
men- pekhintah -ken
iye
nujum
ni.hande
untuk
iye
malet
ke- bahagie -en
de
malet
kanda
ate
puket
kae
kite
lebe
ni- kakhene -ken
untuk
[...]-- benakh
ulah
pupuk
khaje
singkil
tekhus
hakhus
iye
khaje
ni
nggeluh
wahai
me
[c^1][v^1]- kasih ==ne
tentang
kalaki
me- bongi
kuling
bongi
nujum
lebe
si layakh
anak
ni- bunuh
ende
me- daun
pemain.sukhi ==ne
me
anak.laki
untuk
meng- embale
sikel
bekhangkat
khut
anak
engo
sie-sie
oyek lah
khesep
bage
soh ==lah
si
ni- dapet
negekhi
iye
sikel
geluh ==ne
endak
kau
bekhe
me- cekhok
susah
sahung
se- kalak
hebat
khut
hanjung
penjelasen
khajin
anak
si layakh
sendah
suku
bue
puket
me- dikusi
aku
si layakh
jadi
sang
tenggakhe
pen- dekhite -en
ni- jumpa -i
sebuah
khase -ken
gayo
[c^1][v^1]- pelin
saat
ni
pe
bekhu.dinam
aku
tekhuh ==ne
se- kalak
se- baik ne
te- bekhas
iye
[...]-- macam
lawe
kute
khut
me
te