IMP.AV ISA.AV giling
kelmarin;.semalam
kemudian
kemudian
kelapa
dua
MO.ACY pigang
ISA.AV menanam
Stomach.Woman
awak;.engkau;.saudara;.anda
Reyda
ISA.AV say
obat
ibu;.induk;.emak
DEF
DEF
di;.ke;.pada
IMP tembakau
kemudian
enough
asal
saya;.aku
boleh
tidak
juga
DEF
babi
bercakap;.mengata;.cakap
di;.ke;.pada
DEF
ISA.AV tuang
berkata
babi
boleh
di;.ke;.pada
jejaka,.perjaka
SE LINKER separuh;.setengah
kami
seperti
kalau
MO.ACY return
one
PST.ACY datang
NPST.ACH masuk
DEF
ISA.AV hantar;.menghantar
rumah
saya
DEF
PST.UV buang