IMP.AV ISA.AV giling
kelmarin;.semalam
kemudian
kemudian
kelapa
dua
MO.ACY pigang
ISA.AV menanam
Stomach.Woman
awak;.engkau;.saudara;.anda
Reyda
ISA.AV say
obat
ibu;.induk;.emak
DEF
DEF
di;.ke;.pada
IMP tembakau
kemudian
enough
asal
saya;.aku
boleh
tidak
juga
DEF
babi
bercakap;.mengata;.cakap
di;.ke;.pada
DEF
ISA.AV tuang
berkata
babi
boleh
di;.ke;.pada
jejaka,.perjaka
SE LINKER separuh;.setengah
kami
seperti
kalau
MO.ACY return
one
PST.ACY datang
NPST.ACH masuk
DEF
ISA.AV hantar;.menghantar
rumah
saya
DEF
PST.UV buang
bapa;.ayah
enough
DEF
ISA.AV buang
ISA.AV ubi.kayu
ISA.AV memarut
juga
kita
ISA.AV angkasa
itu
nya
grope.for
reply
atap
dan
yet
juga
apa
fish
ranting
mata
menantu.perempuan;.menantu.laki.laki
sulit,.sukar
MO.ACY tangis
engkau;.awak;.saudara;.anda
anjing
Beleha
tidak
oleh
bung
=
lelaki
=
selamat
rumah
PST.ACY ACY.C2 mimpi;.bermimpi
tahun
one
PST.UV tandang;.menyepak
MO.ACY makan
barang,.benda
sini
bahasa
PST.ACY datang
sepuluh
dari
bau
engkau;.awak;.saudara;.anda
pagi
di.bawah
ISA.AV isteri;.suami;.bini;.laki
DEF
DEF
babi
bapa;.ayah
ular
MO.ACY bising;.bunyi
=
DEF
mulut
Lima
PST.ACH puas
itu
Banggi
orang
kemudian
DIR kepada
kalau
dari
budak,.anak
berkata
woman
ISA.AV ikut;.mengikut;.berjalan.bersama.sama
kemudian
budak,.anak
zaman.dahulu
DEF
DEF
ibu.bapa
DEF
karung
ATTR.ST tua
where
jangan
banyak
DI.DALAM
kayu
Mual
=
type.tree
hairan
itu
terka
saya;.aku
NPST.ACH pecah V.>.ADVRS
jadi
uncertainly
lelaki
orang
ISA.AV memburu.dengan.anjing
TOWARD di.sini
itu
EMPH
lama
tidak
ISA.AV tuang
kesalahan
=
2PL.POSS
sini
dari
di;.ke;.pada
juga
PST.ACH mimpi;.bermimpi
PST.ACY jam
Kota.Kinabalu
PST.UV makan
ACY.SE meratap
EMPHATIC
DEF
TOWARD kepada
penawar.racun
DEF
one
TOWARD sana
isteri;.suami;.bini;.laki
DEF
menantu.perempuan;.menantu.laki.laki
batu.kepala
PST.ACH mati;.meninggal.dunia
ATTR.ST makanan
isteri;.suami;.bini;.laki
DEF
mulut
kaki
meskipun
kami
bunglun
Teykang
ATTR.ST ketakutan
PLURAL
ranting
Seylan
awak;.engkau;.saudara;.anda
sebelum,.dahulu
kemudian
MO.ACY enter
sumbang
juga
tetapi
COMPL
MO.ACY lawan
ibu.mentua;.mertua;.bapa.mentua;.mertua
percaya
rise
bercakap;.mengata;.cakap
bahtera
kalau
=
on
sabun
DEF
tetapi
juga
kunyit
tombak
ipar
DEF
Mual
saya;.aku
juga
where
adat
DEF
=
ATTR.ST bunting;.hamil;.mengandung
kalau
budak,.anak
ATTR.ST makanan
DEF
tetapi
ISA.AV ikut;.mengikut;.berjalan.bersama.sama
DEF
=
DEF
ATTR.ST dahulu
kerana
DESIDERATIVE return
berkata
MO.ACY willing
dunia,.bumi
di;.ke;.pada
=
oleh
DEF
ATTR.ST ketakutan
ini
air
seperti
hujan
ISA.AV bundle
barang,.benda
kalau
baik
=
juga
DEF
just
=
=
kalau
Pisina
ISA.AV cuba
ISA.AV melubangi
sana
tanah
lama
kami
di.dalam
ISA.AV follow
where
ini
kita
Tundungun
OURSELVES
kunau
ATTR.ST putih
DEF
NPST.CAUS.AV CAUS.AV beli
PST.ACL MO.ACY tangis
datuk,.kakek
DEF
DEF
apa
rumah
DIR kepada
lipas,.kecoa
=SAYA;.AKU
saya;.aku
mesti
dunia,.bumi
PST.UV alah
DEF
DIR kepada
juga
DEF
berkata
tidak
aturan
=KAMI
syarif
AUX.UV ISA.UV
again
saya;.aku
mati;.meninggal.dunia
okay
DIR kepada
DEF
ISA.AV ikut;.mengikut;.berjalan.bersama.sama
orang
=SAYA;.AKU
=
EXIST ada
piring;.pinggan
EXIST ada
own
ATTR.ST much
yet
senapang
PST.ACY belajar
ISA.AV menganyam
Domon
DEF
on
DIR kepada
yet
juga
Beleha
ibu;.induk;.emak
Ponuh
CAUS.AV PST.ACL awake
MO.ACY tangis
=
ISA.AV cemburu.(orang)
dan
sangka
PST.AV ISA.AV pull
BIDAK;.BUKAN= ada
DEF
jadi
DEF
MEREKA
BIDAK;.BUKAN= ada
bung
dua
apa
kalau
Tibai
kemudian
2PL.POSS
=
play.instrument
ISA.AV memeras
Mual
where
tiga
ACL hitam
ibu;.induk;.emak
PST.ACH fall.out
di;.ke;.pada
budak,.anak
juga
air
saya;.aku
kemudian
DEF
DEF
DEF
ISA.AV pergi.ke
DI.DALAM
sana
AUX.UV ISA.UV
DEF
kepada
HAB temu
di;.ke;.pada
=
tentang
sana
NMLZR want NMLZR
MO.ACY willing
ATTR.ST kering
meet
PST.ACY MO.ACY enter
kemudian
terakhir
berhenti
PST.ACY ACY.C2 simpan;.bersembunyi
seperti
PST.UV get
kalau
reply
budak,.anak
itu
PST.ACY ACY.C2 hide.then.surprise
saya;.aku
EXIST ada
bung
sana
berkata
itu
DEF
di.sana
ini
=AWAK;.ENGKAU;.SAUDARA;.ANDA
MO.ACY pergi.jalan
work
Nending
DEF
DEF
itu
know
DEF
EMPHATIC
jari
benar
HAB temu
=
NMLZR want NMLZR
MO.ACY return
mangga
ALONE
BIDAK;.BUKAN= awak;.engkau;.saudara;.anda
tanah
zaman.dahulu
seperti
IMP.ACY ACY.C2 menunggu
di.sana
PST.ACY MO.ACY willing
DEF
2PL.POSS
tidak
jagung
DEF
penting
PST.ACH mati;.meninggal.dunia
=
BIDAK;.BUKAN= saya;.aku
saya;.aku
ACL kepanjangan
berkata
DEF
itu
DEF
sulit,.sukar
=
PST.ACH masuk
bapa;.ayah
PST.ACH abort V.>.ADVRS
bung
kemudian
PST.AV ISA.AV minta.diri
kampung;.benua
orang
di;.ke;.pada
DEF
DEF
fikir
dari
ALONE
setiap.hari
ibu;.induk;.emak
ISA.AV memeras
lama;.lampau
itu
saya;.aku
capai,.lelah
di;.ke;.pada
NPST.ACH abort V.>.ADVRS
Ombok
parang
MO.ACY lakukan
ALONE
=
oh
oh
Mual
juga
tidak
DI.DALAM
DEF
NPST.ACH terbalik
lama;.lampau
Menoon
kawan
TOWARD kepada
rumah
budak,.anak
Kusur
ISA.AV putus
tidak
ISA.AV simpan;.menaruh;.meletakkan
BALAI.RAYA,.BALAI.KOTA
mengatakan
DEF
pukul
pada.sisi.lain
tentang
PST.ACY MO.ACY descend
DEF