ts'ihotįįł
uu- dįį- nih
hiiy- uu- deel
tsin'įį
that
ay
ay
nts'ą̈'
eh
ch'aachin'
s- tsay
fish
iin
di- kąy'
hel- tsįį
choh
k'it
ch'a
danh
niign
a- dogn
people
ch'a
dänh
n- ts'ą'
ni- i- haag
na- tet- dek
e- tsaa
na- teh- xeeł
hu- shyi'
dänh
nee- ła'
ch'a'
manh
na- 'ih- te'
tah
t'eey
eh- nih
dii
ni- nįį- shyah
nelkon'
ch'a
nee- ts'iikeey
hii- eh- nih
datl'a- 'ee- mįį
village
ch'aachin'
na- hii- tnet- dek
ndehde'
nday
hįį- xąą
di- nąą
dą'
ddhuugn
hanteey'
adult
ch'ah
chih
y- eh- nih
eh
k'ahdu'
ch'itay
ch'i- nąą
chih
eh
na- tset- deeł
eh- tįį
i- dzaa- niil
shyąą
heh- 'įįk
yeah
na- ti- daak
y- eh- nih
shyi'
t'eey
dih- k'ąą
tiki- 'at- dät
ay
el- tsiin
u- tsįį'
jah
i- dįį- shyay
hǫǫ't'eey
ch- ǫǫndaa
ǫǫ- łe'
diltth'ii
hunehttheh
t'axoh
choh
h
d- aa
eh
t'axoh
hu- ta'
ts'exeh.gaay
ts'oo
do
nts'aa'
ch'itay
iin