kâ#ᴅᴇᴍ2.ᴅɪѕᴛ
kä..#ѕᴜʙʀ topwë#little
tü-#Rʟ mnâ#live,.stay -ngö#ᴀᴘᴘʟ ==gö#=1ᴀᴜɢII
në-#ɴᴍʟᴢ1 vë#go -kö#ɴᴍʟᴢ.ᴘᴄFʟ -mü#PᴅiR.HITHER
dapu#piece
ö-#ᴍiᴅ male#hold
bagö#dat=1augII
da#thing
kä..#ѕᴜʙʀ
ni#be ==pe#=ᴄᴏЅ -m#2ᴍiɴII
kä..#ѕᴜʙʀ
tü-#Rʟ mnâ#live,.stay -ngö#ᴀᴘᴘʟ ==gö#=1ᴀᴜɢII
-#3ᴀᴜɢ1 mnâ#be ==ngü#=3ᴀᴜɢIS
tü-#Rʟ pnz'#shoot -bü#FULLY ==pe#=ᴄᴏЅ ==le#=3ᴍiɴIA
yâ#stay -pä#GᴅiR.OUT
nâbö#cross
-#3ᴀᴜɢ1 mnâ#be ==lö#=3ᴀᴜɢIA
ba-#ᴅᴀᴛ ==nge#=1ᴍiɴII
tu#stand -tä#iɴᴛЅ pwë#just
ä#and
amölä#all
ni-#ᴀᴄᴄ ==nge#=1ᴍiɴII
këble#different -ngü#ᴘʟ
do#hang -ne#ᴅЅᴛR -lë#GᴅiR.UP ==pe#=ᴄᴏЅ kë#also -#PᴅiR.YON
zbrlxkz#thirst
ö-#ᴍiᴅ pi#say ==le#=3ᴍiɴIA
më#ᴘʀᴇᴘ
leplë#people
nyë#ᴘᴄFʟ.ʙ&ɢ ==de#=3ᴍiɴII
döka'#demon -ngü#ᴘʟ
töpapa-.(aöâhaiâ)#DOOR
mwelr#fear ==kö#=1ᴀᴜɢI
kë#also
kâ#ᴅᴇᴍ2.ᴅɪѕᴛ
kölë#reach -mü#PᴅiR.HITHER ==le#=3ᴍiɴIA
dötwö#mind ==de#=3ᴍiɴII
pasto#pastor
kä..#ѕᴜʙʀ
mâ#see ==ä#=1ᴍiɴI
në-#ɴᴍʟᴢ1 wë#make -kö#ɴᴍʟᴢ.ᴘᴄFʟ ==de#=3ᴍiɴII
nyë#ᴘᴄFʟ.ʙ&ɢ ==de#=3ᴍiɴII
kölë#know ==ku#=12ᴀᴜɢI
më#ᴘʀᴇᴘ
mëbü#day
më#ᴘʀᴇᴘ
sâ-#ᴘFᴠ
të-#Rʟ.3ᴀᴜɢ ö-#ᴍiᴅ pi#say ==pe#=ᴄᴏЅ ==lö#=3ᴀᴜɢIA
kä..#ѕᴜʙʀ -#3ᴀᴜɢ1 siklu#be.schooled
ä#and
da#thing
tü-#Rʟ ö-#ᴍiᴅ pi#say ==pe#=ᴄᴏЅ -mü#PᴅiR.HITHER
ä#and
tü-#Rʟ ya#paddle -pä#GᴅiR.OUT ==pe#=ᴄᴏЅ -bë#PᴅiR.YON ==#=3ᴍiɴIS
köa-#ᴏRᴅ li#two
në-#ɴᴍʟᴢ1 pâ#red -kö#ɴᴍʟᴢ.ᴘᴄFʟ
lâ#ᴅᴇᴍ1.ᴅɪѕᴛ
mökâ#there
lâ#ᴅᴇᴍ1.ᴅɪѕᴛ
nâ#tree
ä#and
ö-#ᴍiᴅ pi#say -bë#PᴅiR.YON ==le#=3ᴍiɴIA
delâ#this
kë#also
sâ-#ᴘFᴠ
kâ#ᴅᴇᴍ2.ᴅɪѕᴛ
tü-#Rʟ ö-#ᴍiᴅ pi#say -bo#.BZ(PDIR.YON)=O(1MINI)
ä#and
nölâ#place
vo#travel -o#GᴅiR.DOWN -mü#PᴅiR.HITHER ==ä#=1ᴍiɴI
sâ-#ᴘFᴠ
në-#ɴᴍʟᴢ1 yâmne#speak -kö#ɴᴍʟᴢ.ᴘᴄFʟ ==de#=3ᴍiɴII
pipë#little.bit
më#ᴘʀᴇᴘ
milëpü#evening
të-#Rʟ.3ᴀᴜɢ mnâ#be ==ngü#=3ᴀᴜɢIS
a'#but
-#3ᴀᴜɢ1 mwi#sleep -pä#GᴅiR.OUT -mü#PᴅiR.HITHER
tü-#Rʟ ö-#ᴍiᴅ pi#say ==pe#=ᴄᴏЅ -mü#PᴅiR.HITHER
këdü#a
më#ᴘʀᴇᴘ
këdung#ᴀᴛ.фɴᴛ.ᴘʟ.ᴘʟ
gât#God
kâng#those
awi#thank -tä#iɴᴛЅ -bo#.BZ(PDIR.YON)=O(1MINI)
më#ᴘʀᴇᴘ
më#ᴘʀᴇᴘ
nöâ#wave
nüvi#rope
në-#ɴᴍʟᴢ1 ayângölö#shake. -ti#ᴛR -kö#ɴᴍʟᴢ.ᴘᴄFʟ
käömailë#leader
a-#ᴄᴀᴜЅ glö#dry ==kö#=1ᴀᴜɢI
më#ᴘʀᴇᴘ
-#3ᴀᴜɢ1 dwasë#leave -bë#PᴅiR.YON
ä#and
tü-#Rʟ yokae#untie ==kö#=1ᴀᴜɢI
dëbö#root
nigö#be.1ᴀᴜɢII
a'#but
mü#behind
mu#desire ==le#=3ᴍiɴIA
popa'#bow
nöpakämölë#Good.News
da#thing
të-#Rʟ.3ᴀᴜɢ wökätö#baptised ==pe#=ᴄᴏЅ ==ngü#=3ᴀᴜɢIS
but#shoe
doa#child
kâ#ᴅᴇᴍ2.ᴅɪѕᴛ
lö#ᴛᴘɴʏᴍ
tü-#Rʟ oti#take ==pe#=ᴄᴏЅ -bë#PᴅiR.YON ==le#=3ᴍiɴIA
mëtea#village
bagö#dat=1augII
nâ#tree
më#ᴘʀᴇᴘ
ä#and
muöde#because
käetu#leader
ngö#ɢᴇɴ1ᴀ
në-#ɴᴍʟᴢ1 vë#go -dë#GᴅiR.UP -kö#ɴᴍʟᴢ.ᴘᴄFʟ ==de#=3ᴍiɴII
mâ#see -tä#iɴᴛЅ -mü#PᴅiR.HITHER
sâ-#ᴘFᴠ
kâ#ᴅᴇᴍ2.ᴅɪѕᴛ
-#3ᴀᴜɢ1 wäbu#sit -ti#ᴘʟᴄᴛ ==lö#=3ᴀᴜɢIA
yagoä#sick
kâ#ᴅᴇᴍ2.ᴅɪѕᴛ
ä#and
-#3ᴀᴜɢ1 vou#ignite -ne#iɴᴛЅ -o#GᴅiR.DOWN ==pe#=ᴄᴏЅ -mü#PᴅiR.HITHER
më#ᴘʀᴇᴘ
tü-#Rʟ mnâ#be ==pe#=ᴄᴏЅ ==ä#=1ᴍiɴI
maket#market
kzbznyon#companions
nemya'#Nemya'.
teomo#manioc
mökâ#there
në-#ɴᴍʟᴢ1 ngi#be töpengö#not.have;.none.anymore -kö#ɴᴍʟᴢ.ᴘᴄFʟ
kâ#ᴅᴇᴍ2.ᴅɪѕᴛ
më#ᴘʀᴇᴘ
otä#pass
==le#=3ᴍiɴIIP
wü#upper.part
kä..#ѕᴜʙʀ
stoa#STORE
të-#Rʟ.3ᴀᴜɢ ökalë#leave ==pe#=ᴄᴏЅ -mü#PᴅiR.HITHER
kâ#ᴅᴇᴍ2.ᴅɪѕᴛ
muöde#because
teomo#manioc
öngalä#dawn
lâlö#field
ö-#ᴍiᴅ pi#say -bë#PᴅiR.YON ==le#=3ᴍiɴIA
mökâ#there
më#ᴘʀᴇᴘ
vaol#vowel
dötwö#mind ==dö#=3ᴀᴜɢII
nabë#area
kä..#ѕᴜʙʀ
bokapwr#Bokapwr
kä..#ѕᴜʙʀ
tö-#ɴᴇɢ vë#feel.sad kë#also -u#ɴᴇɢ
ä#and
më#ᴘʀᴇᴘ
nâbö#cross
kâma#that.one
më#ᴘʀᴇᴘ
sâ-#ᴘFᴠ
më#ᴘʀᴇᴘ
nina#early.evening
mâ#see ==kö#=1ᴀᴜɢI
mötwë'#end
twë#take -o#GᴅiR.DOWN -mü#PᴅiR.HITHER ==ä#=1ᴍiɴI
nyö#fire
ö#ɢᴇɴ1ᴀ ==de#=3ᴍiɴII
ye#only
ä#and
më#ᴘʀᴇᴘ
ni-#ᴀᴄᴄ ==nge#=1ᴍiɴII
sâ-#ᴘFᴠ
oti#take ==amu#=2ᴀᴜɢI
nar#head
kä..#ѕᴜʙʀ
-#3ᴀᴜɢ1 pnz'#shoot -bë#PᴅiR.YON
tü-#Rʟ öpwämë#nine
sâ#ᴘᴄFʟ.hand ==gu#=12ᴀᴜɢII
sâ-#ᴘFᴠ
topwë#little
-#3ᴀᴜɢ1 pötö#enter.in mou#again -mü#PᴅiR.HITHER
müngö#image
më#ᴘʀᴇᴘ
tewa#rain
më#ᴘʀᴇᴘ
blökü#grandmother ==nge#=1ᴍiɴII
tü-#Rʟ vo#travel -pä#GᴅiR.OUT ==pe#=ᴄᴏЅ
ä#and
më#ᴘʀᴇᴘ
-#ᴘᴀЅ mâ#see
okatö#help -mü#PᴅiR.HITHER
lö#ᴛᴘɴʏᴍ
nigö#be.1ᴀᴜɢII
kâ#ᴅᴇᴍ2.ᴅɪѕᴛ
kä..#ѕᴜʙʀ
nümü#way
të-#Rʟ.3ᴀᴜɢ mâpä#choose mou#again ==lö#=3ᴀᴜɢIA
yagoä#sick -tä#iɴᴛЅ
nâblo#man
mâ#see ==le#=3ᴍiɴIA
roman#Catholic
twë#take -tä#iɴᴛЅ -bo#.BZ(PDIR.YON)=O(1MINI)
në-#ɴᴍʟᴢ1 vo#travel -mi#ᴅᴘᴠ -ne#iɴᴛЅ -kö#ɴᴍʟᴢ.ᴘᴄFʟ ==nge#=1ᴍiɴII
temë#moon.
na-#iRR twz#take mou#again ==ki#=12ᴍiɴI
sâ-#ᴘFᴠ
kä..#ѕᴜʙʀ
kä..#ѕᴜʙʀ
më#ᴘʀᴇᴘ
kä..#ѕᴜʙʀ
kâ#ᴅᴇᴍ2.ᴅɪѕᴛ
mota#Mota
nigu#be.12ᴀᴜɢII
tü-#Rʟ pi#say -bë#PᴅiR.YON ==kö#=1ᴀᴜɢI
nigö#be.1ᴀᴜɢII
tü-#Rʟ vë#go -o#GᴅiR.DOWN ==pe#=ᴄᴏЅ ==#=3ᴍiɴIS
të-#Rʟ.3ᴀᴜɢ ö-#ᴍiᴅ wë#make -ngö#ᴀᴘᴘʟ ==pe#=ᴄᴏЅ ==ng#=3ᴀᴜɢIS
julae#JULY
dwa#jump -o#GᴅiR.DOWN -bë#PᴅiR.YON ==kö#=1ᴀᴜɢI
lâsu#ship
ö-#ᴍiᴅ pi#say -mü#PᴅiR.HITHER ==le#=3ᴍiɴIA
kxbq#uncle.nephew ==gö#=1ᴀᴜɢII -ngü#ᴘʟ
leplë#people
wë#work -tä#iɴᴛЅ -ngö#ᴀᴘᴘʟ pwë#just ==kö#=1ᴀᴜɢI
ma#advrs
nümü#way
vöi#star
mnâ#be ==kö#=1ᴀᴜɢI
lâ#ᴅᴇᴍ1.ᴅɪѕᴛ
kä..#ѕᴜʙʀ në-#ɴᴍʟᴢ1 skul#be.schooled
më#ᴘʀᴇᴘ
muöde#because
köa-#ᴏRᴅ li#two
na-#iRR tekütö#exchange ==le#=3ᴍiɴIA
ö#ɢᴇɴ1ᴀ
pwökilvâ#startled -ngö#ᴀᴘᴘʟ ==gö#=1ᴀᴜɢII
vea#war
skul#be.schooled
kä..#ѕᴜʙʀ
muöde#because
më#ᴘʀᴇᴘ
lâng#these
köos#cross
të-#Rʟ.3ᴀᴜɢ a-#ᴄᴀᴜЅ ngâ#burn ==pe#=ᴄᴏЅ ==lö#=3ᴀᴜɢIA
kâ#ᴅᴇᴍ2.ᴅɪѕᴛ
lâsu#ship
kâ#ᴅᴇᴍ2.ᴅɪѕᴛ
bot#boat
më.nibö#AFTER
muöde#because
lälvö#turn -ki#UᴅiR.PATH -mü#PᴅiR.HITHER ==le#=3ᴍiɴIA
lâsu#ship
ya#paddle -pä#GᴅiR.OUT ëvë#always ==kö#=1ᴀᴜɢI
kâ#ᴅᴇᴍ2.ᴅɪѕᴛ
kâ#ᴅᴇᴍ2.ᴅɪѕᴛ
kâma#that.one
ä#and
meöikol#miracle
mëli#time
kâ#ᴅᴇᴍ2.ᴅɪѕᴛ
ngö#ɢᴇɴ1ᴀ
obü#look -pä#GᴅiR.OUT ==#=3ᴍiɴIS
ä#and
elalë#rejoice -tä#iɴᴛЅ -mü#PᴅiR.HITHER
mölëväi#extremely.good
ba-#ᴅᴀᴛ ==nge#=1ᴍiɴII
-#3ᴀᴜɢ1 vë#go -mü#PᴅiR.HITHER ==ng#=3ᴀᴜɢIS
ëbë#so.then
töte#father
skul#be.schooled
më#ᴘʀᴇᴘ
mökâ#there
delâ#this
të-#Rʟ.3ᴀᴜɢ mnâ#be ==pe#=ᴄᴏЅ -ngö#ᴀᴘᴘʟ -mü#PᴅiR.HITHER ==lö#=3ᴀᴜɢIA
tosi#torchlight
ö-#ᴍiᴅ pi#say -bë#PᴅiR.YON
kâng#those
mëli#time
elö#there
mama#priest
tü-#Rʟ yöpu#bang.against -ti#ᴛR -pä#GᴅiR.OUT -ngö#ᴀᴘᴘʟ
ö#ɢᴇɴ1ᴀ ==gö#=1ᴀᴜɢII -ngü#ᴘʟ
kä..#ѕᴜʙʀ külu#many
yëutö#begin
sâ-#ᴘFᴠ
më#ᴘʀᴇᴘ
kä..#ѕᴜʙʀ
kâ#ᴅᴇᴍ2.ᴅɪѕᴛ
ö-#ᴍiᴅ yö#write -mü#PᴅiR.HITHER
tü-#Rʟ ngi#be ni#pick -ngö#ᴀᴘᴘʟ ==gö#=1ᴀᴜɢII
kämu#be.like
yië#year
olvë#female
tu#stand
kä..#ѕᴜʙʀ
kä..#ѕᴜʙʀ
tü-#Rʟ tu#stand
mama#priest
nölâ#place
köa-#ᴏRᴅ li#two
ma#house
mübü#green
-#3ᴀᴜɢ1 köka'#pray -ngö#ᴀᴘᴘʟ -bë#PᴅiR.YON
ä#and
dötü#name ==dö#=3ᴀᴜɢII
kä..#ѕᴜʙʀ
lâde#there
kâ#ᴅᴇᴍ2.ᴅɪѕᴛ
tü-#Rʟ rlvi#be.demanding -tä#iɴᴛЅ -pä#GᴅiR.OUT ==be#=STILL
sâ-#ᴘFᴠ
tü-#Rʟ kölë#reach ate#afterward -bë#PᴅiR.YON ==kö#=1ᴀᴜɢI
ngö#ɢᴇɴ1ᴀ
kio#chicken;.bird
banyapu#pineapple
tü-#Rʟ rdatr#persevere pwë#just
më#ᴘʀᴇᴘ
kâ#ᴅᴇᴍ2.ᴅɪѕᴛ
ä#and
kä..#ѕᴜʙʀ
sâ-#ᴘFᴠ
muöde#because
sada.krus#SANTA.CRUZ
neke#who
lâ#ᴅᴇᴍ1.ᴅɪѕᴛ
päi#wear ==#=3ᴍiɴIS
të-#Rʟ.3ᴀᴜɢ läküti#spotted -o#GᴅiR.DOWN
më#ᴘʀᴇᴘ
vea#war
köanëlvün#fifth
këdü#a
yië#year
löpëki#road
kâ#ᴅᴇᴍ2.ᴅɪѕᴛ
tü-#Rʟ ö-#ᴍiᴅ pi#say ==pe#=ᴄᴏЅ -mü#PᴅiR.HITHER ==le#=3ᴍiɴIA
më#ᴘʀᴇᴘ
la#ᴅᴇᴍ1.ᴘʀᴏχ
pöla#sea
më#ᴘʀᴇᴘ
nemya'#Nemya'.
ä#and
kä..#ѕᴜʙʀ
ni-#ᴀᴄᴄ ==nge#=1ᴍiɴII
muöde#because
dâpwe#salt.water
sa#ɪᴘFᴠ
kâng#those
tü-#Rʟ yëlu#return ==pe#=ᴄᴏЅ -mü#PᴅiR.HITHER ==ä#=1ᴍiɴI
kä..#ѕᴜʙʀ
stoa#STORE
sâ-#ᴘFᴠ
-#ᴘᴀЅ mâ#see
kâ#ᴅᴇᴍ2.ᴅɪѕᴛ
nâblo#man
sâ-#ᴘFᴠ
tü-#Rʟ vë#go ==pe#=ᴄᴏЅ ==ä#=1ᴍiɴI
tü-#Rʟ wai#do
tü-#Rʟ ya#paddle -pä#GᴅiR.OUT ==pe#=ᴄᴏЅ -bë#PᴅiR.YON ==#=3ᴍiɴIS
në-#ɴᴍʟᴢ1 wë#make -ngö#ᴠR
nigö#be.1ᴀᴜɢII
vanikoro#Vanikoro.Is
ngö#ɢᴇɴ1ᴀ
kâ#ᴅᴇᴍ2.ᴅɪѕᴛ
bünâ#long.ago
kâng#those
set#sector
kä..#ѕᴜʙʀ
nibö#back.part ==de#=3ᴍiɴII
ngi#be
kxnzmnc-mrbrng#heathens
më#ᴘʀᴇᴘ
mökâ#there
twë#take -tö#GᴅiR.IN ==kö#=1ᴀᴜɢI
më#ᴘʀᴇᴘ
kâ#ᴅᴇᴍ2.ᴅɪѕᴛ
ngö#ɢᴇɴ1ᴀ ==de#=3ᴍiɴII
ö-#ᴍiᴅ pi#say ==le#=3ᴍiɴIA
kâ#ᴅᴇᴍ2.ᴅɪѕᴛ
në-#ɴᴍʟᴢ1 mâ#see -pä#GᴅiR.OUT
kâ#ᴅᴇᴍ2.ᴅɪѕᴛ
bao#blow -ngö#ᴀᴘᴘʟ ==de#=3ᴍiɴII
më#ᴘʀᴇᴘ
në-#ɴᴍʟᴢ1 wë#make -ngö#ᴠR
kä..#ѕᴜʙʀ
kä..#ѕᴜʙʀ esë'#one
seleng#they.here
löpë#cloth
kâng#those
kâ#ᴅᴇᴍ2.ᴅɪѕᴛ
kä..#ѕᴜʙʀ etu#big
kä..#ѕᴜʙʀ
dövö#umbrella -ti#ᴛR -ne#iɴᴛЅ ==pe#=ᴄᴏЅ -ngö#ᴀᴘᴘʟ ==gö#=1ᴀᴜɢII
lö#ᴛᴘɴʏᴍ
nounâ#tree
ö#ɢᴇɴ1ᴀ
nabë#area
plâ#yellowish.green
töpnëngö#none.;.lack;.none
da#thing
baengr#Baengr
merikz#USA,.AMERICA
ä#and
vo#travel -mü#PᴅiR.HITHER
ö#ɢᴇɴ1ᴀ
yëlu#return -mi#ᴅᴘᴠ -tä#iɴᴛЅ mou#again ==ä#=1ᴍiɴI
vë#go -bë#PᴅiR.YON ==kö#=1ᴀᴜɢI
-#3ᴀᴜɢ1 vë#go ëvë#always -bë#PᴅiR.YON ==ngü#=3ᴀᴜɢIS
kölë#reach -mü#PᴅiR.HITHER ==le#=3ᴍiɴIA
ö-#ᴍiᴅ pi#say -mü#PᴅiR.HITHER
ä#and
ö#ɢᴇɴ1ᴀ ==de#=3ᴍiɴII
mnâ#be ==kö#=1ᴀᴜɢI
nepi#sun
ä#and
a'#but
tzsiu#monk
-#ᴘᴀЅ tekütö#exchange kë#also
kâ#ᴅᴇᴍ2.ᴅɪѕᴛ
tölaki#wind.W
sâ-#ᴘFᴠ
kä..#ѕᴜʙʀ
këdü#a
-#3ᴀᴜɢ1 angio#worship ==lö#=3ᴀᴜɢIA
këdü#a
ä#and
la#ᴅᴇᴍ1.ᴘʀᴏχ
kölëu#wait!
ä#and
ile#sister.of.female
tewa#rain
döka'#demon
naonöä#doorway
ä#and
tu#stand -tä#iɴᴛЅ -lë#GᴅiR.UP -m#PᴅiR.HITHER
kä..#ѕᴜʙʀ
döka'#demon
läe#mother.aunt ==dö#=3ᴀᴜɢII
sâ-#ᴘFᴠ
më#ᴘʀᴇᴘ
yië#year
plökütu#overgrown
etu#big ëlwë#much ==le#=3ᴍiɴIA
në-#ɴᴍʟᴢ1 ale#do -kö#ɴᴍʟᴢ.ᴘᴄFʟ ==dö#=3ᴀᴜɢII ==le#=3ᴍiɴIA
lopöta#king.tree.greens
nar#head
më#ᴘʀᴇᴘ
në-#ɴᴍʟᴢ1 o#go -ägle#DEPEND ==lö#=3ᴀᴜɢIA
kâ#ᴅᴇᴍ2.ᴅɪѕᴛ
kxmrlz#good
leplë#people
ö#ɢᴇɴ1ᴀ ==gö#=1ᴀᴜɢII
kä..#ѕᴜʙʀ
dävo#tsunami
në-#ɴᴍʟᴢ1 wë#make -kö#ɴᴍʟᴢ.ᴘᴄFʟ ==de#=3ᴍiɴII
tü-#Rʟ plökütu#overgrown
në-#ɴᴍʟᴢ1 etu#big ==pe#=ᴄᴏЅ -kö#ɴᴍʟᴢ.ᴘᴄFʟ ==nge#=1ᴍiɴII
më#ᴘʀᴇᴘ
lâsu#ship
klas#class
kä..#ѕᴜʙʀ
na-#iRR mölë#be.good ==#=3ᴍiɴIS
më#ᴘʀᴇᴘ
nou#base
töpnëngö#none.;.lack;.none
yëlu#return -mü#PᴅiR.HITHER ==ä#=1ᴍiɴI
leu#leaf
sâ-#ᴘFᴠ
ö#ɢᴇɴ1ᴀ
këdü#a
tü-#Rʟ yëu#begin -tö#GᴅiR.IN ==pe#=ᴄᴏЅ ==le#=3ᴍiɴIA
kâng#those
më#ᴘʀᴇᴘ
nigö#be.1ᴀᴜɢII
kâ#ᴅᴇᴍ2.ᴅɪѕᴛ
klas#class
nigö#be.1ᴀᴜɢII
ä#and
në-#ɴᴍʟᴢ1 yâ#stay -o#GᴅiR.DOWN -kö#ɴᴍʟᴢ.ᴘᴄFʟ -mü#PᴅiR.HITHER ==le#=3ᴍiɴIA
ö#ɢᴇɴ1ᴀ ==de#=3ᴍiɴII
kâ#ᴅᴇᴍ2.ᴅɪѕᴛ
më#ᴘʀᴇᴘ
muöde#because
ëbë#so.then
në-#ɴᴍʟᴢ1 vë#go -kö#ɴᴍʟᴢ.ᴘᴄFʟ ==dö#=3ᴀᴜɢII
kâ#ᴅᴇᴍ2.ᴅɪѕᴛ
natü#word
löpëu#tapa.cloth
ä#and
skul#be.schooled
josip#Joseph
në-#ɴᴍʟᴢ1 ö-#ᴍiᴅ malvë#smoke aepë#near -tö#GᴅiR.IN -kö#ɴᴍʟᴢ.ᴘᴄFʟ ==gö#=1ᴀᴜɢII
ä#and
më#ᴘʀᴇᴘ
të-#Rʟ.3ᴀᴜɢ yapwä#tell -ti#ᴛR ==pe#=ᴄᴏЅ -bë#PᴅiR.YON ==lö#=3ᴀᴜɢIA
na-#iRR vë#go kai#first -bo#.BZ(PDIR.YON)=O(1MINI)
vea#war mölë#good
kä..#ѕᴜʙʀ etu#big
ä#and