lot#be,.exist,.have
gakhis#line
usahe#effort
mem-#ACTIVE.VOICE ekhe#to.give
oleh#by
si#relpro
me-#TO.DO.... kekhet#cut,.to
sang#class.person
nange#again
iye#3sg
engo#have.been,.ever
nde#this
suke-cite#joy
sikel#will
mampu#to.be.capable.of
kalihen#very
me-#ACTIVE.VOICE khase#feel,.to
selukhuh#entire
te#and
hendak#to.intend
pakek#to.use
belang#wide,.width
bali#same
pul#after
sikel#will
muncu#to.appear ==lah#=FRONTED.ELEMENT
cindekh#stand.up,.to
ke-#CHARACTERSTIC.OF ganteng#handsome -en#CHARACTERSTIC.OF
iye#3sg
nikah#to.marry
amin#only
anak#child ==ne#=3SG
ulang#do.not!
pe-#THE.PROCESS.OF geluh#to.live.(be.alive)
aku#1sg
ni#in,.at.(space)
ni-#TRAN.PAS milik#possession -i#TRAN.PAS
pekhbuat#to.do
mem-#ACTIVE.VOICE bunuh#kill ==ne#=3SG
mem-#ACTIVE.VOICE babe#to.carry
kayu#wood
seban#wood
nate#to.want ==ne#=3SG
te#and
khumah#home
kite#we
te#and
ie#3sg
anggote#member
me-#TO.DO.... pikekh#THINK,.TO
tekhsebut#previously.mentioned
te#and
aku#1sg
dapet#get,.receive -i#REPEATEDLY
bulan#moon
khaje#king
betabe#disaster
mude#young
kabupaten#county
pe#also
men-#ACTIVE.VOICE jadi#to.become
me-#TO.DO.... juang#to.struggle
khumah#home
si#relpro layakh#sail
kakhene#because
te#juga
endak#not
si#relpro
si#relpro
kate#word -ken#TO.CAUSE.TO.BE.A...
melaku.ken#TO.DO
se-#HAVING.THE.SAME ketike#on.time
te#and
sayukh#vegetable
ni#in,.at.(space)
anak#child
deyat#rhythm nadi#artery ==ne#=3SG
amin#only
si#relpro
mange#yet,.not.yet
kemudian#then
sang#class.person
babe#to.carry m-#ACTIVE.VOICE balik#return.home,.to -me#POLITE.IMPERATIVE
belakang#back
bakhu#new
ekas#place
ngekhan#Engkeran
polisi#police
kawin#to.marry
ukhus#arrange -en#OBJECT.OF.VERB
tuan#master ==ku#=1SG
ni#in,.at.(space)
nange#again
manusie#HUMAN
ate#heart ==ne#=3SG
me#to,..toward.(a.place)
ni-#PAS.TR popok#strike,.hit ==lah#=FRONTED.ELEMENT
malet#neg
tonge#still
me#to,..toward.(a.place)
namun#but
khut#with
bekhu#wife
negkhi#nation,.country
amin#only lah#emphasis
amin#only
bali#same
me-#TO.DO.... umukh#age
bagi#to.share ==ne#=3SG
ni-#PAS.TR banding.ken#to.compare
ni-#PAS.TR pinang#to.propose.(marriage)
ahli#expert
aku#1sg
hakhte#wealth
istekhi#wife
kanda#older.sibling
se-#SUPERLATIVE baik#good ne#SUPERLATIVE
main#to.play
baginen#part ==en#=3SG
akhi#from
pe#also
men-#ACTIVE.VOICE jadi#to.become
men-#CAUSATIVE afsikh#to.interpret -ken#CAUSATIVE
ni#in,.at.(space)
iye#3sg
jahat#evil
khut#with
sistem#system
te#and
iye#3sg
ende#this
ni-#PASSIVE cakhe#way,.method -ken#PASSIVE
te#if
anak#child
nakan#rice.(cooked)
malet#neg
kembikhi#candlenut
ke-#CHARACTERSTIC.OF sabakh#patient.(calm) -en#CHARACTERSTIC.OF
luakh#exit
edi#that,.those
aku#1sg
ni#in,.at.(space)
se-#ONE kalak#person
si#relpro
lot#be,.exist,.have
mejile#good
n-#ACTIVE.VOICE tukokh#buy
cekhite#story
due#prayer
te-#ABILITATIVE kadang#Perhaps,.probably
geluh#to.live.(be.alive)
pot#to.want
men-#ACTIVE.VOICE andung#uterus ==ne#=3SG
jumpai#to.find
ni-#PAS.TR tahan#to.hold.back
seban#wood
khombong#to.be.a.group -en#OBJECT.OF.VERB
si#relpro
mem-#ACTIVE.VOICE ege#hear,.to
tenggakhe#southeast
deleng#jungle
me-#TO.HAVE.... hak#rights
nomokh#number
n-#ACTIVE.VOICE tukokh#buy
sendikhi#alone
[...]--#REDUPLICATION sitok#little.(not.inch) ==ne#=3SG
kalaki#3mp
gedang#long.(length)
me-#ACTIVE.VOICE khase#feel,.to
ni#in,.at.(space)
peng-#PERSON.WHO.HAS.... uase#power
kanda#older.sibling
tadi#just
calon#candidate
tanoh#land
te-#CAN gusuk#scrub,.to -i#CAN
khang.tue#PARENTS
nujum#fortune.teller
khaje#king
soh#to.arrive
per-#THE.PROCESS.OF tambah#Tambah
ie#3sg
alas#alas
polisi#police
ni#in,.at.(space)
kase#even.(also)
awe#face ==ne#=THE
oleh#by
se-#ONE jumlah#amount
nemu#to.be.able.to
ke-#CHARACTERSTIC.OF jujukh#honest -en#CHARACTERSTIC.OF
ni#in,.at.(space)
tekh-#ABILITATIVE singkikh#to.get.out.of.the.way
lebih#more.(comparative.quality)
anak.laki#BOY
khumah#home
ninik#grandmother
kane#so
bayi#baby
ni-#PAS.TR tengo#to.call
mende#better
mase#time ==ne#=THE
mame#uncle
pakhang#machete
khut#with
dukun#shaman
padahal#even.though
peng-#PERSON.WHO.HAS.... embale#shepherd
semenjak#since
gakham#to.search.for -i#REPEATEDLY lah#polite.imperative
ni-#PAS.TR timai#to.wait.for
te#and
khesep#prescription
edi#that,.those
khoh#come,.to ==lah#=FRONTED.ELEMENT
se-#RECIPRICAL jekhang#to.cook -en#RECIPRICAL
alas#alas
daerah#area
m#DURATIVE? pangan#eat -i#DURATIVE?
lot#be,.exist,.have
kae#WHAT
dempik#cry.out,.to
malet#neg
tule#again
khumah#home
khang.tue#PARENTS ==ne#=3SG
khoh#come,.to
jumpe#find,.to
jagung#corn
lain#other ==ne#=THE
pengulu.mude#PENGULU.MUDE
ge#just
balik#reverse.side ==ne#=THE
nakkhu#woman
tanoh#land
kanda#older.sibling
ni.hande#HERE
akhi#from
penduduk#citizen
me-#TO.HAVE.... page#rice.(plant)
si#relpro
se-#ONE kelompok#team
acakhe#program,.schedule
ie#3sg
pekhtame#first
si#relpro
kakhene#because
si#relpro
me-#TO.HAVE.... dalan#road
ni-#PASS.INTR dabuh#to.fall -ken#PASS.INTR
uwak#father ==ku#=1SG
natam#Natam
mame#uncle
madhe#negativizer
hamil#to.be.pregnant
kate#to.say
belin#large
edi#that,.those
se-#RECIPRICAL tegu#to.pull -n#RECIPRICAL
keluakhge#family
hasil#result
si#relpro
tas#PURSE
me#to,..toward.(a.place)
si#relpro
ketike#when
tapi#but
me-#TO.HAVE.... nawe#spirit
si#relpro
tuan#master ==ku#=1SG
me-#TO.HAVE.... daye#energy
khaje#king
layakh#sail
me#to,..toward.(a.place)
bangse#nation,.people
sang#class.person
patani#farmer
mejile#good
mpus#garden
ni-#PAS.TR dapet#get,.receive
si#relpro
sendah#presently,.nowadays
nange#again
adalah#is
nggeluh#life
amin#only
se-#HAVING.THE.SAME [...]--#RDP sikel#will
me-#CAUSATIVE kikhim#send,.to -ken#CAUSATIVE
si#relpro
ganteng#handsome
ni-#PAS.TR sebut#to.name
ekas#place
se.mate#ONLY
gayo#Gayo
hal#thing
edi#that,.those
mampu#to.be.capable.of
malet#neg
tule#again
lawe#river ==ne#=THE
te#and
wayang#very
ni-#PASS.INTR tekham#to.kick tunjang#to.lunge -ken#CAUSATIVE
jawab#reply,.to(verbally) -en#OBJECT.OF.VERB
impal#cousin
madhe#negativizer
alas#alas
bhekhas#rice.(uncooked.grains)
edi#that,.those
anak.laki#BOY
te#and
si#relpro
si#relpro layakh#sail
si#relpro
de#if
khang.tue#PARENTS ==ne#=THE
tanoh#land
anak#child
ke-#NOMINALIZER teguh#firm -en#NOMINALIZER
ni-#PAS.TR bunuh#kill ==ne#=3SG
pido#request.to.(informally)
soh#to.arrive
me-#TO.HAVE.... usahe#effort
pitu#seven
kondisi#condition
geluh#to.live.(be.alive)
tekhsebut#previously.mentioned
kelak#what.will.come
bahwe#that
si#relpro
nggou#done.(finished)
te#and
anak#child ==ne#=THE
oleh#by
te#and
dabuh#to.fall ==ne#=3SG
kute#city ==ne#=3SG
enggo#done.(finished)
suke.cite#joy
si#relpro layakh#sail
ate#heart ==ne#=3SG
ni#in,.at.(space)
khut#with
[...]--#PLURAL anak#child
lot#be,.exist,.have
meng-#ACTIVE.VOICE ato#watch,.look,.see
me#to,..toward.(a.place)
bedih#to.there.(far) bende#to.here
balik#return.home,.to lah#polite.imperative
kane#so
kalaki#3mp
edi#that,.those
me-#TO.HAVE.... jabu#family
mem-#CAUSATIVE utus#to.be.certain -ken#CAUSATIVE
ngulih#to.return -ken#IMPERATIVE
si#relpro
dikhi#self ==mu#=2ND.PERSON
bahan#to.produce -i#REPEATEDLY
te-#ABILITATIVE babe#to.carry m-#ACTIVE.VOICE bhalik#return.home,.to
dape#where
singkil#Singkil
pengulu.mude#PENGULU.MUDE
edi#that,.those
sitok#little.(not.inch)
pahakh#serving.tray
mahkota#crown
susah#difficult
modal#capital
segale#all
keluakhge#family
nggo#done.(finished)
alas#alas
sawit#palm
adih#THERE
[...]--#PLURAL anak#child ==ne#=3SG
si#relpro layakh#sail
lot#be,.exist,.have
tandok#sit.down,.to me-#TO.HAVE.... sile#cross.legged.position
lah#emphasis
men-...-ken#CAUSATIVE ulung#to.gather -ken#CAUSATIVE
wahai#O
engo#done.(finished)
alas#alas
lawe#river
se.engo#AFTER
ni#in,.at.(space)
deleng#jungle
lawe#river
tetap#Permanent
aku#1sg
pem-#PERSON.WHO... babe#to.carry
hebat#great,.formidable
tanoh#land
kae#WHAT
balik#return.home,.to
tanoh#land
anak#child
panganen#food
mem-#ACTIVE.VOICE babe#to.carry
kane#even.(also)
ahli#expert
manusie#HUMAN
laki#husband
sikel#will
adinda#younger.sibling
si#relpro layakh#sail
sang#class.person
sikel#will
aceh#Aceh
oleh#by
se-#ONE kalak#person
aku#1sg
kobo#water.buffalo
si#relpro
hambe#servant
me-#TO.HAVE.... jagung#corn
me#to,..toward.(a.place)
engket#enter,.to -i#REPEATEDLY
ni#in,.at.(space)
sang#class.person
bekhu.dinam#BRU.DINAM
lancang#presumptious
tebe#TOWARD.(A.PERSON)
edi#that,.those
namin#only
tetapi#but
khombong#to.be.a.group -en#OBJECT.OF.VERB
belagakh#young.man
khut#with
khaje#king
ke-#NOMINALIZER gelisah#worried -en#NOMINALIZER
pekhistiwe#event
kase#even.(also)
mem-#ACTIVE.VOICE babe#to.carry
anak.khu#GIRL
khut#with
tawe#laugh,.to cikhem#smile,.to -i#REPEATEDLY
pakek#to.use
pe#also
ke-#CHARACTERSTIC.OF hekhan#surprised -en#CHARACTERSTIC.OF
kanda#older.sibling
pengulu.mude#PENGULU.MUDE
m-#DURATIVE? ulung#to.gather -i#DURATIVE?
sang#class.person
te#and
me-#TO.HAVE.... khumah.tangge#HOUSEHOLD
alas#alas
wakhan#root
pemude#young.man
men-#ACTIVE.VOICE jadi#to.become
sikel#will
nangat#desire,.to
nimai#to.wait
di#that,.those
ni#in,.at.(space)
napos#breath ==ne#=3SG
amek#mother
hambe#servant
me-#TO.HAVE.... hasil#result
edi#that,.those
enggo#done.(finished)
meng-#ACTIVE.VOICE utus#to.send.someone
malet#neg
me-#TO.DO.... untung#count,.reckon
nujum#fortune.teller
akhi#from
iye#3sg
hambu#servant
se-#ONE wakhi#day
si#relpro
handhe#here
gakham#to.search.for -i#REPEATEDLY
bende#to.here
edi#that,.those
singkil#Singkil
ampun#mercy
pudi#behind
kalihen#very
kalihen#very
ni-#PASSIVE kisah#story -ken#PASSIVE
natam#Natam
se-#ONE kalak#person
me-#TO.DO.... dalan#road kiding#foot
enggi#younger.brother.or.sister ==mu#=2ND.PERSON
kayue#wood
se.sikel#AS.IF
pejabat#officials.(government)
namun#but
malet#neg
sepasang#pair.of
si#relpro
anak#child
se.engo#AFTER
te-#PASS.TR dhahi#to.pick.up.(someone) -ken#PASS.TR ==ne#=3SG
dukun#shaman
te#and
engekhan#Engkeran
malet#neg
akhi#from
belanja#a.living -i#GIVE.X.TO ==ne#=3SG
me-#TO.DO.... peluah#let
me#to,..toward.(a.place)
mame#uncle ==ne#=3SG
per-#RESULT.OF.VERB gaul#socialize -en#RESULT.OF.VERB
ende#this
khut#with
te#and
hendak#to.intend
salah.sebuah#ONE.OF
tonge#still
khang.tue#PARENTS ==ne#=THE
khaje#king
tempo.die#PAST.TIME
gelisah#worried
deleng#jungle
wahai#O
tanoh#land
tekh-#ABILITATIVE kecuali#except
gayo#Gayo
me-#TO.BE.... tahan#resilient
pikhua#disappeared
kado#to.give.a.gift
cekhite#story
nujum#fortune.teller
pekhtame#first
ni#in,.at.(space)
dukun#shaman
nggo#done.(finished)
tekhuh#under ==ne#=3SG
anak#child
enggo#done.(finished)
sah#legitimate
wakhi#day
keluakhge#family
tekh-#ABILITATIVE jadi#to.become
meng-#ACTIVE.VOICE ato#watch,.look,.see
pasti#sure
si#relpro layakh#sail
tekh-#ABILITATIVE cape#attain,.reach
sang#class.person
pekhistiwe#event
daekhah#area ==ne#=THE
iye#3sg
mem-#ACTIVE.VOICE unuh#kill
te#and
ate#heart ==ne#=3SG
kecewe#disappointing
soh#to.arrive
me-#TO.DO.... dalan#road kiding#foot
ni#in,.at.(space)
khombong#to.be.a.group -en#OBJECT.OF.VERB
anak#child
lain#other
ie#3sg
bagas#variety
te#and
jumpai#to.find
cekhite#story
kali#the.time.(that.something.happens) ==ne#=THE
te#and
bue#many
men-#ACTIVE.VOICE bantu#to.help
tekhagedis#tragic
sang#class.person
me#to,..toward.(a.place) natam#Natam
suku#tribe
khut#with
madhe#negativizer
ate#heart ==ne#=3SG
anak#child
si#relpro layakh#sail
kalihen#very
kase#even.(also)
tekh-#ABILITATIVE jadi#to.become
bagas#variety
gukhah#Gurah
keluakhge#family
me-#ACTIVE.VOICE bahan#to.produce
ni#in,.at.(space)
kane#even.(also)
ni#in,.at.(space)
me-#ACTIVE.VOICE khase#feel,.to
anak#child dhi#that,.those
ni#in,.at.(space)
me-#TO.DO.... lelou#play,.to
buhung#remeh
dukun#shaman
miskin#poor
khut#with
[c^1][v^1]-#REPEATED.ACTION khidi#bath
kanda#older.sibling
waktu#time
sedang#in.the.process.of
sendikhi#alone
de#if lah#emphasis
men-#ACTIVE.VOICE dapat#get,.receive -ken#CAUSATIVE
puket#sticky.rice
ende#this
si#relpro
waluh.belas#EIGHTTEEN
enggi#younger.brother.or.sister ==mu#=2ND.PERSON
khaje#king
kekhi#finish.off,.to
si#relpro
pole#palm.tree
kane#even.(also)
me#to,..toward.(a.place) khumah#home
tipu#trickery daye#energy
amak#mat
bahagie#happy
khincim#even
khaje#king
tubuh#body ==ne#=3SG
pantas#quickly
penangkau#pickpocket
lelukhuh#entire
me#to,..toward.(a.place)
khut#with
kalaki#3mp
ukhus#arrange -en#OBJECT.OF.VERB
keluakhge#family
aku#1sg
langsung#direct,.non.stop
manuk#bird
pelin#only
ni-#PAS.TR undang#to.invite ==ne#=3SG
sikel#intend,.to
se-#ONE kalak#person
meng-#ACTIVE.VOICE anggu#to.bother
hinge#until
amek#mother
peng-#THE.ACT.OF.... ukhus#barren -en#THE.ACT.OF....
si#relpro layakh#sail
alkisah#The.story.is.told
meng-#ACTIVE.VOICE hadikh#to.arrive -i#DURATIVE?
lain#other ==ne#=3SG
ahli#expert
kue.pe#HOWEVER
cangkul#hoe
bekhangkat#depart,.to
cinte#love
kakhene#because
bhatu#stone
gendang#long.(length)
ni-#PAS.TR tekhime#receive
si#relpro
sulit#complicated
malet#neg
sikel#will
ngkhan#Engkeran
oleh#by
mbelin#big.(size)
si#relpro
te#and
aman#safe,.secure
hampikh#almost
kenin#YOU.(FAMILIAR)
nange#again
engo#done.(finished)
khaje#king
cuping#ear
ulah#behavior ==ne#=3SG
te#and
kabakh#news
malet#neg
si#relpro layakh#sail
n-#ACTIVE.VOICE tukokh#buy
pinpin#to.lead
begedi#like.that
anak.bekhu#GIRL
men#DURATIVE? [...]--#REDUPLICATION nutup#cover,.to -i#REPEATED.ACTION
singkil#Singkil
khut#with
kawin.lakhi#TO.ELOPE
kakhene#because
bebekhe#niece ==ne#=3SG
tule#again
men-#ACTIVE.VOICE jumpai#to.find
nde#this
pe-#HAVING.TO.DO.WITH... sakhat#condition.(pre.condition) -en#HAVING.TO.DO.WITH...
nange#again
pengulu.mude#PENGULU.MUDE
lot#be,.exist,.have
si#relpro layakh#sail
gakham#to.search.for -i#REPEATEDLY
tanemen#field
si#relpro
edi#that,.those
meng-#REPEATED.ACTION adikh#to.arrive -i#REPEATED.ACTION
bahwe#that
khaje#king
ni#in,.at.(space)
betah#to.feel.at.home
khele#to.be.sincere
ni-#PAS.TR tekhus#to.continue -i#REPEATEDLY
me#to,..toward.(a.place) ngkekhan#Engkeran
ng-#ACTIVE.VOICE kekhet#cut,.to
bekhu#wife ==ne#=3SG
dukun#shaman
ni#in,.at.(space)
ke-#NOMINALIZER hadikh#to.arrive -en#RECIPRICAL
khut#with
sikel#will
bahwe#that
bekhe#nephew ==ne#=3SG
ogek#not
de#if
si#relpro layakh#sail
mame#uncle ==ne#=3SG
puket#sticky.rice
daekhah#area
khamah#boyfriend ==ne#=3SG
se-#ONE kejap#bline
kao#you.(hon)
khajin#hardworking,.industrious
sedang#in.the.process.of
[...]--#REPEATED.ACTION atou#to.look
ulah#behavior
se-#ONE bulan#moon
geluh#to.live.(be.alive)
engo#done.(finished)
senang#like,.be.pleased.by ==lah#=FRONTED.ELEMENT
mame#uncle ==ne#=3SG
khugi#lose.money,.to
mem-#ACTIVE.VOICE angan#eat
pakhah#serious,.severe.(of.problems,.illnesses,.etc)
bekhangkat#depart,.to
m-#TRANS bati#to.hit ==ne#=3SG
pe#also
kobo#water.buffalo
ninik#grandmother
nange#again
men-#ACTIVE.VOICE pelehjemah#terjemah -ken#CAUSATIVE
aku#1sg
nggo#done.(finished)
enggo#done.(finished)
habis#to.be.out.of
sekhik#difficult ==ne#=3SG
si#relpro
impal#cousin ==ne#=3SG
sebagae#like
lekheng#bicycle
si#relpro layakh#sail
abhang#brother,.older
amak#mat
senat#to.circumcise -i#REPEATEDLY
bongi#night
sulit#complicated
mungkin#maybe
edi#that,.those
pengulu.mude#PENGULU.MUDE
tanya#to.ask
pakse#force,.to
sang#class.person
men-#CAUSATIVE ekhus#to.continue -ken#CAUSATIVE
4-5#4.5
mbue#many
sudut#corner
iye#3sg
enggo#done.(finished)
te#and
mem-#ACTIVE.VOICE angku#to.hold.in.lap
ato#watch,.look,.see
wakhisan#inheritance
takjub#amazed
khaje#king
dage#just
te#and
ni#in,.at.(space)
me#to,..toward.(a.place)
men-#ACTIVE.VOICE ukokh#buy
si#relpro
ke-#CHARACTERSTIC.OF gembikhe#happy -en#CHARACTERSTIC.OF
uan#dad -me#EMPHASIS
ni-#PAS.TR ato#watch,.look,.see
buah#one
ni-#TRAN.PAS segan#lazy -i#TRAN.PAS
khut#with
setekhusne#continuing
kekhas#hard.(solid)
peng-#PERSON.WHO.HAS.... uase#power
ikan#fish
ketang#rotan
natam#Natam
dalan#road
kane#even.(also)
alas#alas
bencane#disaster
baba#to.carry -i#REPEATEDLY m-#TRANS balik#return.home,.to
tepat#just.right
khumah#home
mae#birth.mother ==ne#=3SG
ni#in,.at.(space)
engo#have.been,.ever
pe#however
kite#we
mem-#TO.CAUSE.TO.BECOME... bahe#dangerous -ken#TO.CAUSE.TO.BECOME...
ni#in,.at.(space)
nange#again
bakhu#just
iye#3sg
undangen#invitation
hubungen#relationship ==e#=THE
men-#ACTIVE.VOICE cube#try
wakhi#day
khut#with
si#relpro
si#relpro layakh#sail
edi#that,.those
kalak#person
amak#mat
ahli#expert
ni#in,.at.(space)
ke-#NOMINALIZER khoh#come,.to -en#NOMINALIZER
dikhi#self ==mu#=2ND.PERSON
mey-#ACTIVE.VOICE ebakh#to.spread ==ne#=3SG
madhe#negativizer
hal#thing
pengulu.mude#PENGULU.MUDE
iye#3sg
cekhok#speak
men-#CAUSATIVE dabuh#to.fall -ken#CAUSATIVE
khut#participate
pe.main.sukhine#QUEEN
megah#magnificent
se-#ONE cakhe#way,.method
gagal#to.fail
bhe#to,.toward.(a.person)
ni-#PASS.INTR lahekh#born -ken#PASS.INTR
se.engo#AFTER
nange#again
enggo#have.been,.ever
oleh#by
se-#ONE anak#child ==ne#=3SG
pemain#child.in.law
dikhi#self
se-#ONE [...]--#RDP wakhi#day
ndape#to.there
te#and
kute#city
hal#thing
khaje#king
me#for
te#and
edi#that,.those
amin#only
bue#many
atao#or
andinda#younger.sibling
pe-#THE.WAY.OF... tukokh#buy -ken#THE.WAY.OF...
de#if
te#and
kune#HOW? pe#also
tukhang#uncle ==ne#=3SG
men-#ACTIVE.VOICE bantu#to.help
lawe#water
me-#ACTIVE.VOICE khase#feel,.to
te#if
khut#participate
me-#TO.HAVE.... dalan#road
si#relpro
khaje#king
uan#father
tanoh#land
pekhistiwe#event
hakhus#must
ke-#NOMINALIZER khaja#king -en#NOMINALIZER ==ne#=THE
ni#in,.at.(space)
si#relpro
jumpai#to.find
me-#TO.DO.... khakut#to.tie
akhi#from
si#relpro
kobo#water.buffalo
malet#neg
nde#this
deleng#jungle
keluakhge#family
tekham#to.kick tunjang#to.lunge -ken#IMPERATIVE
lot#be,.exist,.have
si#relpro
pengulu.mude#PENGULU.MUDE
kane#so
aneh#strange
buah#fruit ate#heart
kede#food.stand
anak#child
ende#this
tekh-#ABILITATIVE jadi#to.become
men-#TO.GO.TO.... kandung#uterus
me-#TO.HAVE.... khamah#boyfriend
suatu#a
khumah#home
compang.camping#TATTERED
kendin#you.(all)
enggo#done.(finished)
tekh-#ABILITATIVE atou#to.look
aku#1sg
uwis#cloth
lain#other
namun#but
kisah#story
khaje#king
kao#you.(hon)
pakek#to.use
pake#wear,.to -en#VARIETY
ndape#to.there
anak#child
si#relpro layakh#sail
khut#with
manuk#chicken
men-#ACTIVE.VOICE cube#try
biakh#fear
pecaye#BELIEVE,.TO
amin#only
ge#just
bhe#to,..toward.(a.place)
men-#ACTIVE.VOICE jage#guard,.to
si#relpro
ame#mother ==mu#=2ND.PERSON
tanoh#land
uan#father
te#and
oyek#no,.not.(of.nouns)
si#relpro
iye#3sg
bakhu#new
mame#uncle ==ne#=3SG
tebe#TOWARD.(A.PERSON)
si#relpro
tebe#TOWARD.(A.PERSON)
sihikh#magic
[...]--#RDP benakh#true
edi#that,.those
abhang#brother,.older
mate#eye
mendekhite#to.suffer
khut#with
sengaje#to.be.intended
keluakhge#family
mange#yet,.not.yet
mame#uncle ==ne#=3SG
bene#lose.something
lot#be,.exist,.have
mbue#many
ke-#CHARACTERSTIC.OF susah#troublesome -en#CHARACTERSTIC.OF
deleng#jungle
waktu#time
lawe#river ==ne#=THE
anak#child
maksud#meaning
anak#child
edi#that,.those
empus#garden
desaken#push
laki-laki#male
demikian#thus
lembu#cow
madhe#negativizer
ni-#PAS.TR mulai#begin,.to
khut#with
pupuk#compost
khaje#king
mulai#begin,.to
[...]--#RDP ninik#grandmother
me#for
ni-#PASS.INTR sambut#greet,.to.receive
beliau#3sg.Hon
ni-#PAS.TR pido#request.to.(informally)
metuah#holy
malet#neg
cuping#ear
me#to,..toward.(a.place)
me-#TO.HAVE.... usahe#effort
tangis#to.cry
si#relpro
tanoh#land
suntuk#throughout
wakhi#day
ni-#PASSIVE kate#word -ken#PASSIVE
kalak#3mp
aku#1sg
pe#also
manuk#chicken
si#relpro
khut#with
lot#be,.exist,.have
anak.laki#BOY
mbue#many
ni#in,.at.(space)
suasana#situation
me-#TO.HAVE.... dose#sin
wakhi#day
anak#child
nujum#fortune.teller
keji#vile
aah#aah
nomokh#number
khumah#home
wahai#O
sesikel#AS.IF
nate#to.want ==ne#=3SG
pepagi#morning ==ne#=3SG
ogek#not
kao#you.(hon)
malepetake#calamity
me-#TO.DO.... limpah#overflow khuah#downpour
pekhcaye#BELIEVE,.TO
laki#husband ==ne#=3SG
si#relpro
[...]--#RDP gakham#to.search.for -i#REPEATEDLY
khut#with
suatu#a
me-#DURATIVE? lelou#play,.to -i#DURATIVE?
wakhisen#inheritance ==ne#=THE
keempat#fourth
si#relpro
penduduk#citizen
si#relpro
cinte#love
kalihen#very
ninik.moyang#ANCESTOR
babai#to.invite ==ne#=THE
soh#to.arrive ==lah#=FRONTED.ELEMENT
[...]--#RDP uwas#anxiety
ndak#not
si#relpro
lot#be,.exist,.have
terjadi#to.happen
soh#to.arrive
geluh#to.live.(be.alive)
pudi#behind
deleng#jungle
edi#that,.those
si#relpro
ulang#do.not!
sang#class.person
ni#in,.at.(space)
edi#that,.those
pade#on.(of.dates)
enggo#done.(finished)
tetapi#but
coklat#chocolate
khaje#king
atau#or
nange#again
iye#3sg
meng-#TO.CAUSE.TO.BECOME... asing#foreign -ken#TO.CAUSE.TO.BECOME...
tege#merciless
pepige#some
endak#not
tading#live.(stay.in.a.place)
si#relpro
malet#neg
khang.tue#PARENTS ==ne#=THE
mbelin#big.(size)
kayu#wood
hancukh#destroyed,.ruined
tebe#TOWARD.(A.PERSON) ==ne#=3SG
akhikh#the.end ==ne#=THE
se.enggo#AFTER
bantu#to.help -en#OBJECT.OF.VERB
sang#class.person
waktu#time
khitan#circumcise -en#OBJECT.OF.VERB
si#relpro
endak#not
sikel#will
si#relpro layakh#sail
mate#eye
ni#in,.at.(space)
me-#TO.DO.... masakhakat#sharia
pengulu.mude#PENGULU.MUDE
keluki#eagle
anak.khu#GIRL
pe-#PERSON.WHO.DOES.... tani#farmer
engo#done.(finished)
sipat#characteristic
natam#Natam
tukhang#sibling ==ne#=3SG
wakhi#day
sendah#presently,.nowadays
iye#3sg
khoh#come,.to ==lah#=FRONTED.ELEMENT
khoh#come,.to
ke-#NOMINALIZER lahekh#born -en#NOMINALIZER
kasukh#mattress
ulang#do.not!
kute#city
suasane#situation
bayak#rich
khumah#home
kalak#person
tubuh#body
anakhu#GIRL
sukhung#to.truly.happen
sendah#presently,.nowadays
enem.puluh#SIXTY due#two
kite#we
men-#TO.GO.TO.... kandung#uterus
natam#Natam
khut#with
sang#class.person
enggou#done.(finished)
madhe#negativizer
ise#who
ni#in,.at.(space)
buah#one
mang#indeed
cut#little.(small)
namun#but
mejile#good
ni-#PAS.TR tambah#Tambah
lahikh#born lah#intensifier
ahli#expert
me#to,..toward.(a.place)
telokh#egg
positif#positive
si#relpro
ninik#grandmother
mem-#CAUSATIVE ake#wear,.to
se-#RECIPRICAL tukokh#buy -en#RECIPRICAL
cut#little.(small)
anak.khu#GIRL
natam#Natam
ulang#do.not!
akhi#from
tahun#year
tebe#TOWARD.(A.PERSON)
kawin#to.marry
ni#in,.at.(space)
mem-#ACTIVE.VOICE bunuh#kill
cukup#enough
bakhu#just lah#emphasis
ni#in,.at.(space)
tabit#doctor dukun#shaman mentakh#white
lembakh#wide.flat.thing
khut#with
mange#yet,.not.yet
sikel#will
sendikhi#alone
iye#3sg
oleh#by
dengkil#filthy
khaje#king
[...]--#RDP nyate#clear
khut#participate
begedi#like.that
uwis#cloth
khoh#come,.to
bahwe#that
aku#1sg
kiasat#strategy
silah.ken#PLEASE.GO.AHEAD
sikel#will
bakhu#just
me-#TO.DO.... pikekh#THINK,.TO
suakhe#noise
ngkekhan#Engkeran
sikel#will
iye#3sg
mem-#ACTIVE.VOICE babe#to.carry
te#and
tanoh#land
bayak#rich
gule#sugar
luakh#exit
kalak#person
men-#ACTIVE.VOICE jadi#to.become
sikhe#salt
semange#starting.when
akhi#from
bagi#for
men-#ACTIVE.VOICE jabut#to.receive
aku#1sg
khut#with
abhang#brother,.older
ke-#CHARACTERSTIC.OF ganteng#handsome -en#CHARACTERSTIC.OF ==ne#=3SG
jelas#clear
si#relpro layakh#sail
tandok#sit.down,.to sile#cross.legged.position -ken#IMPERATIVE
gakham#to.search.for -i#REPEATEDLY
atau#or
uwis#cloth
khate#evenly
tanoh#land
me-#TO.HAVE.... baju#shirt
sesikel#AS.IF
si#relpro
bumi#earth,.the.world
si#relpro layakh#sail
pe#also
te#and
layakh#sail
ng-#ACTIVE.VOICE idah#to.be.visible
balok#beam
ngkhan#Engkeran
sendah#presently,.nowadays
anak#child
si#relpro
bahwe#that
sunyi#quiet
jin#jin
kane#even.(also)
mbelin#big.(size)
ge#just
akhi#from
alas#alas
pekhcaye#BELIEVE,.TO
kane#even.(also)
ni-#PAS.TR undang#to.invite
bantu#to.help -en#OBJECT.OF.VERB
sang#class.person
ni-#PAS.TR takhik#to.pull balik#return.home,.to
khut#with
ni-#PASS.INTR harga#value -i#DURATIVE?
belang.kejekhen#BLANGKEJEREN
tetap#Permanent
si#relpro layakh#sail
bhe#to,..toward.(a.place)
pakek#to.use
laus#go mece#to.read.holy.books -me#POLITE.IMPERATIVE
anak#child
side#previously.mentioned
khut#with
tekh-#ABILITATIVE pukul#to.hit
balik#return.home,.to
te#if
pajak#tax
kabakh#news
si#relpro
malet#neg
ni-#PAS.TR popok#strike,.hit ==lah#=FRONTED.ELEMENT
tading#live.(stay.in.a.place)
te#and
ni-#PASS.INTR ingin#to.want -ken#CAUSATIVE
kalak#person
kane#so
mem-#ACTIVE.VOICE babe#to.carry
se.engo#AFTER
khaje#king
te#and
[...]--#REDUPLICATION belagakh#young.man
aku#1sg
pangukhe#dagger
pade#on.(of.dates)
mebelin#large
ke-#CHARACTERSTIC.OF dauh#far -en#CHARACTERSTIC.OF
tuan#master ==ku#=1SG
me-#TO.BE.... cocok#SUITABLE
okhang.tue#PARENTS
amin#only
khaje#king
kenin#YOU.(FAMILIAR)
ke-#NOMINALIZER geluh#to.live.(be.alive) -en#NOMINALIZER ==ne#=THE
ulang#do.not!
ngeng#to.hold -ken#IMPERATIVE
salah.sebuah#ONE.OF
dukun#shaman
lot#be,.exist,.have
babe#to.carry m-#CAUSATIVE balik#return.home,.to -ken#CAUSATIVE
pengulu.mude#PENGULU.MUDE
musibah#disaster
suami#husband
geluh#to.live.(be.alive)
sekolah#school
kane#even.(also)
se-#ONE kalak#person
lot#be,.exist,.have
oleh#by
[...]--#REDUPLICATION idam#longing -ken#TO.CAUSE.TO.BE.A...
pulih#to.get.better.(health)
si#relpro
de#if
ise#who
kalaki#3mp
me#to,..toward.(a.place)
n-#ACTIVE.VOICE ading#live.(stay.in.a.place) -ken#CAUSATIVE ==ne#=3SG
kane#even.(also)
madhe#negativizer
balik#return.home,.to
okhang.tue#PARENTS ==ne#=3SG
ise#who
nasip#fate
kase#even.(also)
aneh#strange
[...]--#PLURAL anak#child
kane#even.(also)
deleng#jungle
doe#prayer
tahun#year