1sIII
say.
we
ENGLISH:LANGUAGE
morning
which LOC
THAT
night
THAT
1sIII father
year
cow
go
head
just
THAT
loc 1SII be:born. REM.PAST
1sIII
1sIII
III
look.for
prev
1sIII
go
just
COMP:DS
and:then:ss
not
really
COMP:DS
close WHEN
subject:marker
creek
here,.this OWN TNS
THAT
that CON:AC
plural 1PI
something
throw. WHEN
not
bush
bush
THAT LOC
year
that CON:AC
woman
kind:of REM.PAST
USED:TO PST
III
USED:TO PST
again
be
die.
wood
THAT
1SN know NEG
1sIII
just
just
you:nom2
2PII
THAT
no COMP:PREV
too,.also
no
COMP:DS
set:down.(two.or.more)
COMP:DS
ENGLISH
enter.(of.two)
here,.this CON:AC
be:(of.three.or.more)
plural 1PI
child
somewhere
1SII
laugh
DEM NOM2
toward
laugh
towards
2PI
USED:TO PST
1sIII
do.so,.to.happen
work. CAUS TNS
do.so,.to.happen
teach TNS
emph
WHATEVER.KIND.OF
die.
that CON:AC
cotton
just
which LOC
happen:this:way IRR:DS
just
THAT
year
say.
and:then
creek
COMP:DS
THAT LOC
be
and:then:ss
look PART
FOR.A.LITTLE.WHILE
stay.at,.live.at.(of.two) IRR:DS
you:nom2
toward
arrive:there WHEN
COMP:DS
come WHEN
no
COMP:DS
creek
COMP:SS
and
just
1sIII
letter
some
dress
finish. 1SI REM.PAST
arrive:there 1SI REM.PAST
something
I:want
you:nom2
get.out,.take.out PST
go:down PART
just
look.for TNS
THAT
just
just
emph
PART:DS
something
we
exist.(of.three.or.more). PART
we
how PST COMP:DS
two.time.periods.before.or.after
only
finally
woman
plural 1PI
bush
towards
that CON:AC
hardship
meet IRR:DS
LOC learn PST
how PST COMP:DS
2sIII
work
COMP:DS
do.so,.to.happen
1sIII father
BECAUSE:DS
PART:DS
1SIII good TNS
mother
BRING PART
night
snake
what?
CON:AC
just
that CON:AC
1sIII
subject:marker
exist.(of.three.or.more). PART
I INDEED
not
work.hard.at REM.PAST
just
1sIII father
2PIII
four
here,.this OWN TNS
just
son
how:long LOC
III
plural 1PI
TODAY,.THIS.DAY
LIKE 1SI WHEN
N
N
think.(perhaps),.to.reckon TNS
not
finally
somewhere:else
that CON:AC
kind:of
milk
III be.sewn
that CON:AC
reside.(plural.subject)
be:here 1SI TNS
III
your:mother
1sIII
COMP:DS
something
wood
THAT LOC
BECAUSE:DS
1sIII
really
1MPIII
group PART
where
adult
1sIII
1sIII
do.so,.to.happen
plant. PART
and:then
arrive:y.gr 1SI TNS
and:then
just
quit PST
subject:marker
1SII
people
2PI
loc plant. USED:TO REM.PAST
be
no
again
group
and:then
snake
COMP:SS
dress
III
and:then:ss
watermelon
look.for PART
be:about COMP:DS
get.out,.take.out IRR TNS
finish:ygr
THAT LOC
say. PART
hill
plant. REM.PAST Q
go
and
THAT LOC
III
understand,.to.know 1SI TNS
woman PART
say.
how
laugh
1SN know NEG
move.away PART
year
find. IRR2
somewhere
good POT
that:one
just
that CON:AC
1sIII
male
laugh
just
what?
COMP:DS
1sIII father
1sIII father
BECAUSE:DS
be:bad
1sIII
and:then
weave 1SI TNS
ACC
2PI
be
a:plant
CON:AC
again
people
III
that CON:AC
six TNS
1sIII
that CON:AC
N
altogether
COMP:SS
THAT
wood
walk.around PART
just
look PART
1sIII
and:then
plural 1PI
1sIII
be:big,.large
somewhere
how:long LOC
COMP:SS
THAT
watermelon
III
just
look.for PART
just
you:nom2
laugh
your:mother
subject:marker
you:nom2
good
THAT
subject:marker
laugh
that CON:AC
be
and:then
plural 1PI
COMP:DS
DEM NOM2
COMP:DS
you:nom2
dress
plural 1PI
CON:AC
no
be:angry,.mad
THAT LOC
1SII
THAT
where
exist.(of.one) 1SI TNS
peach
clothes
something
2PIII
not PST
COMP:SS
blanch PART
work
be
III
that CON:AC
reside.(plural.subject) WHEN
COMP:DS
THAT
BECAUSE:DS
COMP:DS
arrive.(here) 1SI REM.PAST
subject:marker
1sIII
1SII
towards
whatever
just
go 1SI REM.PAST
die.
rock,.stone,.metal
cotton
look.for
THAT
1sIII
thorn
1sIII
2PI
something
1sIII father
CON:AC
1SII
bush
no
only
subject:marker
do.so,.to.happen
CON:AC
BECAUSE:DS
edge
arrive:there
THAT LOC
noon
just
younger:sib
CON:AC
laugh
that:one
that CON:AC
finish. IRR:SS
arrive:du WHEN
somewhere
child
stay.at,.live.at.(of.two) IRR:DS
night
1sIII father
THAT
somewhere
child
1sIII father
THAT
no
just
teach TNS
ins
III
III
basket
still
that CON:AC
not
be:(of.three.or.more)
THAT
COMP:DS
what?
do:always
year
something
sugarcane
group
no COMP:PREV
USED:TO PST
speak,.say,.talk PART
1SII nose
BECAUSE:DS
something
yes
stop
1SII
DEBT
be:three
down
PART:DS
1SIII teach PART:DS
THAT
and:then
be
be:here 1SI TNS
1sIII
DEM NOM2
1sIII father
stop REM.PAST
whatever
good
SHARECROPPING
plural 1PI
COMP:SS
that CON:AC
no
say WHEN
again
say.
THAT
III
that CON:AC
year
COMP:DS
that CON:AC
child
and:then
live
THAT
DEM NOM2
tomorrow
that CON:AC
no
THAT LOC
whatever
nobody prev
too,.also
again
clothes
2PI
plural 1PI
PART:SS
1SII
go
finally
just
plural 1PI
just
go:down PART
subject:marker
what?
1sIII father
my.mother
night
learn
very
somewhere
your:mother
not
and
just
night
say.
one
group
subject:marker
woman PART
reach.(a.certain.age) 1SI TNS
THAT LOC
altogether
THAT
your:mother
speak,.say,.talk 1SI IRR TNS
watermelon
be:two
1sIII
laugh
believe
that CON:AC
wood
plural 1PI
something
III
sweet.potato
you:nom2
just
1sIII
go.outside.
III
1sIII
again
still
ins
no
die.
just
DEM NOM2
four IRR:DS
stand. 1SI TNS
FOR.A.LITTLE.WHILE
III
III
just
DEM NOM2
go.(of.three.or.more). TNS
prev
learn
bead
maker
and
not
close WHEN
go.away.(two.or.more) PART
DEM NOM2
THAT
THAT
no COMP:PREV
THAT
really
look.for
maker
not
WHATEVER.KIND.OF
subject:marker
be:more:than PST
help,.assist.
mind
THAT
just
child
do.so,.to.happen
make.bleed
dress
that CON:AC
walk.around PART
my.mother
be:here
and:then:ss
PART:DS
grandmother
not
indeed
bead
III
ACC
stop REM.PAST
go.(of.three.or.more). PST
garden
you:nom2
no
THAT
COMP:DS
plural 1PI
just
laugh
be:about COMP:DS
die.
USED:TO PST
THAT
1SII
very
COMP:DS
tell.
put.(one).in.a.row TNS
COMP:DS
something
kind:of
basket
morning
1SIII good TNS
do.so,.to.happen
plural 1PI
that CON:AC
1sIII father
understand,.to.know 1SI TNS
III
something
child
loc plant. USED:TO REM.PAST
subject:marker
and:then
plural 1PI
DEM NOM2
prev
plural 1PI
somewhere
be
maker 1SI PART:SS
make PART
just
just
not
sugarcane
III
that CON:AC
that:one
be
and
with
edge
somewhere
do.so,.to.happen
III
four IRR:DS
something
speak,.say,.talk 1SI IRR TNS
that CON:AC
do.so,.to.happen
maker
THAT
think.(perhaps),.to.reckon TNS
something
do.so,.to.happen
arrive:du WHEN
catch.up.to POT no
again
COMP:SS
really REM.PAST
plural 1PI
something
year
that CON:AC
THAT
be:separated.(as.a.man.and.wife). REM.PAST
be:about COMP:DS
1sIII
be
work. PART
think.(perhaps),.to.reckon TNS
make PART
work. REM.PAST
1sIII father
I INDEED
look.for
year
old
BECAUSE:DS
1sIII father
1sIII
and
1sIII
1sIII
really
almost
be
THAT
III
1sIII father
1sIII father
not PST
only
THAT
III
1SII
arrive.(here) 1SI PST
plural 1PI
1SII
ENGLISH
1sIII
THAT
ins
really REM.PAST
subject:marker
creek
that CON:AC
that CON:AC
III father
something
go
1sIII
and
kind:of
that CON:AC
no
go 1SI REM.PAST
younger:sib
grandmother
III
do.so,.to.happen
III
day
do.so,.to.happen
who
teach TNS
year
be
THAT
hardship
live
that CON:AC
PART:DS
just
back
THAT LOC
THAT
go.(of.three.or.more). PART
again
and:then
that:one
WHATEVER.KIND.OF
help,.assist.
indeed TNS
think.(perhaps),.to.reckon TNS
COMP:DS
people
1sIII
just
THAT LOC
be:separated.(as.a.man.and.wife). REM.PAST
1sIII
hardship
wood
younger:sib
be:here 1SI
BECAUSE:DS
THAT LOC
1sIII
we OWN PART
that CON:AC
COMP:PREV
somewhere
just
be
2PII
teach TNS
something
somewhere
people
make PART
2PI
morning
1SIII forget
catch. TNS
do.so,.to.happen
THAT
III
name
people
year
arrive:there
be
ENGLISH:LANGUAGE
subject:marker
1sIII
emph
just
COMP:DS
believe
1MPIII father NOM2
plural 1PI
not
mound
that CON:AC
back
who
get.out,.take.out PST
something
THAT
and:then
1SII LOC
be
just
understand,.to.know 1SI TNS
PART:DS
and:then
just
basket
plural 1PI
be
go PST
that:one
THAT LOC
walk.together
die.
something
BECAUSE:DS
work. PART
N
night
that CON:AC
just
say. TNS
1SII
die.
arrive.(here) 1SI PST
creek
1sIII
plural 1PI
work.hard.at REM.PAST
almost
still
not
THAT
die.
1sIII
that CON:AC
and
and:then
little
COMP:DS
THAT
not
work. 1SI IRR IRR:SS
just
just
START 1SI PST
subject:marker
altogether
that CON:AC
and:then:ss
COMP:SS
think.(perhaps),.to.reckon TNS
here,.this OWN TNS
basket
ins
plural 1PI
dress
male
yes
how:long LOC
III
something
be:(of.three.or.more)
WHATEVER.KIND.OF
plural 1PI
no
ACC
go TNS Q
1SII
meet IRR:DS
whatever
die.
that CON:AC
some
bead
THAT
be
subject:marker
1SII
that CON:AC
just
toward
no
what?
look.for
1sIII
BECAUSE:DS
something
sometimes
do.so,.to.happen
DEM NOM2
morning
do.so,.to.happen
just
you:nom2
snake
2PI
1MPIII
be:open.(PR).
THAT LOC
child
THAT
CON:AC
emph
1sIII
and:then
just
what?
1MPIII
2PIII
something
1sIII
1sIII
prev
III
finally
hardship
do:always
whatever
day
stove
THAT LOC
get WHEN
THAT
something
plural 1PI
COMP:DS
COMP:DS
do.so,.to.happen
some
DEM NOM2
III
name
THAT
exist.(of.one) 1SI TNS
USED:TO PST
2PI
go.(of.three.or.more). PART
COMP:DS
be:(of.three.or.more)
just
go.(of.three.or.more). TNS
COMP:DS
plural 1PI
my.mother
again
maker
finish:ygr
plural 1PI
that CON:AC
creek
female
ACC
be:here 1SI TNS
peanuts
find. IRR2
think.(perhaps),.to.reckon TNS Q
child
good POT
good
1sIII
THAT
THAT LOC
people
prev
COMP:SS
1SII wish;.want
just
year
towards
exist.(of.one) 1SI TNS
N
just
CON:AC
cotton
no
ACC
THAT
I:want NEG PST
group
sit.(of.one)
1sIII
subject:marker
towards
THAT LOC
LOC arrive.(here) REM.PAST
subject:marker
day
woman
THAT LOC
THAT LOC
stay,.live.(someplace) REM.PAST Q
1sIII father
again
your:mother
letter
move.away PART
1sIII
and
COMP:DS
plant. PART
woman
cousin
understand,.to.know PART:DS
THAT
PART:DS
hold.
watermelon
be
ACC
no
and
do.so,.to.happen
CON:AC
pour.in PART
finally
go
just
2PIII
1MPIII
do.so,.to.happen
indeed
COMP:DS
1sIII sister.(of.a.male)
1SII
letter
be:here 1SI TNS
1sIII
N
COMP:DS
ENGLISH
CON:AC
toward
no
THAT
creek
which:ones
just
only
THAT
2PI
III
laugh
that CON:AC
2PI
1sIII
be
just
laugh
1sIII
basket
that
1sIII
weave 1SI TNS
both TNS
exist.(of.one) 1SI TNS
just
THAT
you:nom2
little
be
mound
say WHEN
something
1SII younger:sib
do:always
walk.around 1SI USED:TO REM.PAST
be:two
CON:AC
be:together.as.a.couple.or.married
again
look.for
wood
2PII
both
not
prev
cut.(with.a.knife,.broken.glass). PART
hardship
COMP:DS
plural 1PI
THAT
do CAN TNS
which LOC
SHIRT
just
people
just
THAT
go
THAT LOC
USED:TO PST
just
just
be
COMP:DS
just
1SII
COMP:SS
just
begin:to PART
N
USED:TO PST
you:nom2
some
maker
think.(perhaps),.to.reckon TNS
too,.also
plural 1PI
ENGLISH
garden
my.mother
not
year
1sIII
1sIII
1sIII
plant. TNS
COMP:DS
COMP:DS
milk
and:then:ss
be:cold
really
COMP:DS
your:mother
CON:AC
THAT
1sIII
PART:SS
cotton
be:about COMP:DS
1sIII
understand,.to.know 1SI TNS
plural 1PI
2PIII
PART:DS
COMP:DS
woman
little COMP:DS
be
where
be
toward
work. PART
and
be
sit.(of.one)
COMP:PREV
be:in.a.row
be
believe
just
THAT
weave 1SI TNS
just
understand,.to.know 1SI TNS
people
USED:TO REM.PAST
just
1SII wish;.want
that CON:AC
1sIII
tell.
sweet.potato
bead
really
pick.
ins
day
no
that CON:AC
name SUBJECT:MARKER
kind:of
walk.together
plural 1PI
THAT
cook.
husband
too,.also
last.all.day
look PART
town
son
little COMP:DS
ACC
catch. TNS
think.(perhaps),.to.reckon TNS
plant. TNS
clothes
do.so,.to.happen
and:then
year
that CON:AC
go.(of.three.or.more). WHEN
quit PST
I:AM grow.up
adult
basket
that CON:AC
1sIII
subject:marker
THAT
just
just
some
just
and
child
still
1SII
people
III
what?
child
year
be:(of.three.or.more)
just
year
that CON:AC
COMP:SS
again
know
THAT
two.time.periods.before.or.after
not
no
THAT
letter
TOO?
USED:TO PST
make PART
do.so,.to.happen
exist.(of.one) 1SI TNS
pretend,.make.believe. TNS
1sIII father
say WHEN
here,.this OWN TNS
USED:TO PST
1sIII
try. REM.PAST
COMP:DS
cow
1sIII father
just
something
something
letter
we
THAT
COMP:DS
not
plant. TNS
something
THAT
2SII BE:INSTILLED PART
bead
THAT
hardship
not
whatever
subject:marker
PART:DS
no
COMP:DS
plant. PART
be:hungry.
not
plant. TNS
marry REM.PAST
and:then
1SII
what?
do.so,.to.happen
something
CON:AC
COMP:DS
do PST Q
what?
again
good
just
say WHEN
morning
1SII
be
year
no
woman
indeed
LOC finish TNS
that CON:AC
III
USED:TO PST
be:hungry.
something
SHIRT
not
USED:TO PST
year
try. REM.PAST
1sIII
that CON:AC
ACC
child
reside.(plural.subject) WHEN
just
III
1sIII
what?
anything
COMP:DS
subject:marker
III
die. NOM2
teach TNS
six TNS
come WHEN
just
group PART
child
COMP:DS
still
plural 1PI
1sIII
plural 1PI
that CON:AC
no
bead
COMP:DS
how:many
just
1sIII
look.for
what?
somewhere
fry.
woman
just
stay:at 1SI REM.PAST
be:three
just
arrive:y.gr 1SI TNS
come 1SI
make PART
Conehatta
snake
what?
child
you:nom2
COMP:SS
somewhere
what?
make PART
and:then
go.outside.
people
1sIII father
younger:sib
just
1sIII father
die. REM.PAST
just
yes
both TNS
THAT
1sIII father
1sIII father
just
be:two
how PART:SS
think.(perhaps),.to.reckon TNS
grow.up PART
bead
and:then
just
work. CAUS TNS
prev
husband
plural 1PI
snake
THAT
CON:AC
THAT LOC
that CON:AC
exist.(of.one) 1SI TNS
no
people
COMP:DS
ins
cut.(with.a.knife,.broken.glass). PART
COMP:DS
what?
COMP:SS
III
complete REM.PAST
people
be:two
GARDEN
son
THAT
what?
THAT LOC
just
2PI
think.(perhaps),.to.reckon TNS
just
no
go
you:nom2
be:here 1SI TNS
2PI
not
cut.(with.a.knife,.broken.glass). PART
and:then
both
III
subject:marker
yes
COMP:DS
do.so,.to.happen
red
2PI
not
something
sometimes
how:many
subject:marker
morning
yes
do.so,.to.happen
understand,.to.know 1SI TNS
III
noon
woman
hear,.listen
somewhere:else
throw. WHEN
1sIII
something
and:then
group
buy.
son
head
that CON:AC
cow
again
help,.assist. TNS
two.time.periods.before.or.after
THAT
basket
not PST
return
not
watch TNS
what?
just
cotton
where CON:AC
thorn
morning
indeed TNS
just
I:want
laugh
not
DEM NOM2
go.outside.
ACC
be:sad
just
do:always
letter
that CON:AC
woods
THAT
or
1sIII
that CON:AC
my.mother
COMP:DS
III
say.
do.so,.to.happen
arrive:there 1SI WHEN
exist.(of.one) 1SI TNS
ins
just
almost IRR:DS CON:AC
DEBT
COMP:DS
think.(perhaps),.to.reckon TNS
laugh
THAT
that CON:AC
go
something
1sIII father
just
what?
1SII
1sIII
2PI
plural 1PI
die. REM.PAST
THAT
sugarcane
what?
1sIII father
make.bleed
subject:marker
just
go PST
THAT
people
cotton
with
day
do.so,.to.happen
1sIII
be:abou
wish;.want WHEN
group PART
THAT
something
go.(of.three.or.more). PST
just
COMP:PREV
work. PART
COMP:DS
just
toward
something
COMP:DS
whatever
we
do.so,.to.happen
really REM.PAST
shoes
name
DISAPPEAR TNS
come WHEN
not
subject:marker
somewhere
child
RAILROAD.TRACKS
peach
do.so,.to.happen
USED:TO REM.PAST
or
BECAUSE:DS
III
and:then:ss
that CON:AC
child
again
WHATEVER.KIND.OF
plant. PART
be:two
just
go TNS Q
be:(of.three.or.more)
stay,.live.(someplace) REM.PAST Q
COMP:SS
do.so,.to.happen
go COMP:SS
group PART
III
1sIII
arrive:there
kick
reside.(plural.subject)
wood
bead
just
USED:TO REM.PAST
day
1sIII
really REM.PAST
cousin
again
III
III
plural 1PI
and:then
kind:of
COMP:DS
COMP:DS
be:two
child
where
look.for
DEM NOM2
that CON:AC
night
where CON:AC
believe
that CON:AC
BECAUSE:DS
1sIII father
be:two
dress
group
again
1sIII
year
1sIII
people
happen:this:way IRR:DS
2PI
that CON:AC
send REM.PAST
2PI
CON:AC
and
marry REM.PAST
that CON:AC
THAT LOC
look.for WHEN
again
subject:marker
name SUBJECT:MARKER
stand. 1SI TNS
laugh
THAT LOC
cotton
go PST
snake
look
look.for TNS
that CON:AC
peanuts
people
1SII
live
STORE
still
return
COMP:SS
THAT
set:down.(two.or.more)
be:in.a.row
COMP:SS
something
ins
just
1MPIII
DEM NOM2
THAT LOC
die.
child
basket
how PART:SS
catch.up.to POT no
N
want
WHATEVER.KIND.OF
again
THAT
LOC learn 1SI
stand. 1SI TNS
1SII
move.away PART
somewhere
work. REM.PAST
be
be:aware,.to.be.conscious 1SI
edge
basket
morning
laugh
LOC arrive.(here) REM.PAST
just
woman PART
1sIII father
laugh
doctor
finally
clothes
just
understand,.to.know 1SI TNS
child
bead
BECAUSE:DS
die.
USED:TO PST
THAT
say.
that CON:AC
be:here 1SI TNS
2PI
woman
THAT LOC
woman
finally
what?
understand,.to.know 1SI TNS
be:(of.three.or.more)
USED:TO PST
wood
somewhere
that
THAT
COMP:DS
1sIII
come
look.for WHEN
say. PART
be:cold
somewhere
understand,.to.know 1SI TNS
just
live
be:here 1SI TNS
no
anything
just
COMP:DS
yes
SINCE:DS
again
YOU 1SIII
speak,.say,.talk 1SI IRR TNS
that CON:AC
arrive.(here)
plural 1PI
laugh
no
whatever
know
1sIII
THAT
not
yes
and:then
COMP:DS
plant. TNS
DEM NOM2
speak,.say,.talk PART
year
do PST Q
group
THAT
PART:DS
THAT
morning
and
say:something
stay,.live.(someplace) 1SI
tell. POT TNS Q
teach TNS
prev
do.so,.to.happen
III
stay,.live.(someplace) 1SI
just
bead
people
that CON:AC
just
just
arrive:there WHEN
do.so,.to.happen
something
DEM NOM2
mother
learn
hear,.listen
learn
bush
just
teach TNS
prev
THAT
something
work. PART
my.mother
be:here 1SI USED:TO REM.PAST
here,.this CON:AC
III
again
return
child
cow
1SII
good
people
just
plural 1PI
that CON:AC
plural 1PI
learn
just
BECAUSE:DS
fry.
good POT
people
THAT
no
THAT
do.so,.to.happen
PART:DS
CON:AC
do.so,.to.happen
people
no
TODAY,.THIS.DAY
THAT LOC
just
what?
LOC finish TNS
ins
little
be
2PI
just
THAT LOC
move.away PART
no
work. 1SI
woman PART
1SII
year
that CON:AC
laugh
you:nom2
not
just
right:now
GARDEN
really
1SII
just
say.
1MPIII
how:long LOC
no
very
morning
towards
CON:AC
you:nom2
speak,.say,.talk PART
PART:DS
my.mother
laugh
again
1MPIII
1sIII
plant. TNS
edge
COMP:PREV
1MPIII
finish:ygr
and:then:ss
only
2PI
my.mother
be:about COMP:DS
again
ACC
no
like:this
with
plural 1PI
III father
THAT
a:plant
something
just
again
female
do.so,.to.happen
which LOC
prev
USED:TO PST
2PI
good
do.so,.to.happen
1sIII
be
THAT
USED:TO PST
DEM NOM2
teach TNS
no
cry. WHEN
just
that CON:AC
child
1sIII
and:then
that CON:AC
year
just
no
THAT
ins
just
speak,.say,.talk
just
ins
just
THAT LOC
III stand:du TNS
tell. POT TNS Q
work. 1SI
morning
loc 1SII be:born. REM.PAST
get.out,.take.out IRR TNS
not
sit.(of.one)
speak,.say,.talk
dress
just
finish. 1SI REM.PAST
SINCE:DS
put.(one).in.a.row TNS
and
THAT
laugh
ENGLISH
plural 1PI
cotton
you:nom2
be:two
be:here 1SI TNS
THAT
plural 1PI
III
Pearl.River.community
1sIII
STORE
2PI
plural 1PI
go.(of.three.or.more). PST
THAT
still TNS
child
YOU 1SIII
think.(perhaps),.to.reckon TNS
want WHEN
1sIII sister.(of.a.male)
really
be
PART:DS
towards
just
no
THAT LOC
down
Pearl.River.community
that CON:AC
morning
WHATEVER.KIND.OF
not
say. TNS
III
name.
RAILROAD.TRACKS
woman PART
1sIII father
be:big,.large
do.so,.to.happen
III
and
and:then
not
THAT
when:indef
THAT
1SII
go.away 1SI REM.PAST PART:SS
COMP:DS
morning
PART:DS
no
not
think.(perhaps),.to.reckon TNS
III
woods
understand,.to.know 1SI TNS
that CON:AC
say:something
go PST
THAT LOC
and
plural 1PI
some
two.time.periods.before.or.after
teach TNS
we
that CON:AC
1MPIII
exist.(of.three.or.more). PART
PART:DS
again
USED:TO PST
and
plant. TNS
THAT
plant. TNS
III
snake
THAT
just
we OWN PART
pour.in PART
COMP:DS
COMP:DS
just
no
maker
stay:at 1SI REM.PAST
that CON:AC
be:(of.three.or.more)
COMP:DS
1sIII
N
2PI