sukukhen
oleh
edhi
oyek
munyang
tubuh ==ne
kidah
oleh
kekhan
ise
angkat
si layakh
si
khumah
[...]-- sitok ==ne
khut
bhe
ni
kalak
malot
laus
meng- ato
penduduk
bahagie
kau
me- hasil
segale
mem- pekhintah -ken
kami
ngkhan
malot
ni- susun
bahan -en
ninik
me- nikah -i
ni
men- abin -i
mem- mengket -i
si layakh
tuan ==ku
khut
khombong -en
te
dempik
me- lawan ==ne
setekhusne
amek
kede
akhi
dukun
deleng
soh
kedue
mpus
ate
de
khaje
bingung
khut
tekhus
edhi
wakhi
pengulu.mude
malot
malot
se- cakhe
mem- babe
te
edhi
jeme
mame ==ne
pakcik
enggo
negekhi
me- baju
me
pitu
akhi
kalak
namun
wakhi
anak.laki
ni
mbue
sendikhi
si
compang.camping
tuan ==ku
me
nakan
tebe
khut
kakhene
sang
tandi
anak.khu
cuping
kidah
dikhi ==ne
mange