sukukhen
oleh
edhi
oyek
munyang
tubuh ==ne
kidah
oleh
kekhan
ise
angkat
si layakh
si
khumah
[...]-- sitok ==ne
khut
bhe
ni
kalak
malot
laus
meng- ato
penduduk
bahagie
kau
me- hasil
segale
mem- pekhintah -ken
kami
ngkhan
malot
ni- susun
bahan -en
ninik
me- nikah -i
ni
men- abin -i
mem- mengket -i
si layakh
tuan ==ku
khut
khombong -en
te
dempik
me- lawan ==ne
setekhusne
amek
kede
akhi
dukun
deleng
soh
kedue
mpus
ate
de
khaje
bingung
khut
tekhus
edhi
wakhi
pengulu.mude
malot
malot
se- cakhe
mem- babe
te
edhi
jeme
mame ==ne
pakcik
enggo
negekhi
me- baju
me
pitu
akhi
kalak
namun
wakhi
anak.laki
ni
mbue
sendikhi
si
compang.camping
tuan ==ku
me
nakan
tebe
khut
kakhene
sang
tandi
anak.khu
cuping
kidah
dikhi ==ne
mange
si
khut
bayak
mange
buet -ken
me- pangkat
pakhe
khaje
khumah
si
khaje
ndape
enggo
die
kalaki
enggo
si
si layakh
pe- takhik -ken ==ne
nange
layakh
kakhene
si
nujum
kekhine
me
sayukh
ke- khoh -en
sang
sendah
si layakh
tekhus
begedi
belang
[...]-- belagakh
edi
me- dalan
kekhi ==ne
niat
akhi
si
suke-cite
bekhu
lot
pe- tande
te- jekhang
gelap
di
m- angan
iye
te
me- nyekolah -ken
si
ninik
si
khumah
hal
tubuh
suku
ate
[...]-- hame
kite
iye -me
meng- asing -ken ==ne
ke- khaja -en
khut
natam
kane
kalak
se.sikel
==ne
pemain.sukhi
si
kekhine
benakh
geluh
gekhangen
se- kalak
khombong -en
kekhine
mem- asti -ken
pengulu.mude
si
buluh
khut
men- dabuh -ken
kelok lah
sebuah
tule
apekah
kalak
ke- tukhun -en
kalaki
malot
n- dabuh
geluh
khoh ==lah
enggo
malot
tekhyate
ni- tunang -ken
ni
jeme
me- hak
men- indekh -ken ==ne
tuan ==ku
khut
kane
paling
pe
nakan
deleng
bulang
m- bhabhe -ken m- bhalik
istekhi
kane
kisah
kite
te
si
imbalan
anak
amak
khut
lahekh
sultan
me- ge
nange
wakhi
kane
kite
te
mem- bunuh ==ne
atas
kabakh
laus
tekh- adep
ni- cakhe -ken
mame ==ku
akhi
me
laki-laki
tekhsebut
si
waktu
khang.tue
me- daun
salah
soh ==lah
kami
khaje
kejam -me
pakek
untuk
khase
hayak -me
tekhahikh
ni
pejabat
khut
singkil
si
edi
toh
kami
nahan ==ne
malot
si
bende
te
malot
te
khaje
dikhi ==mu
adalah
khut
pedagang
akali ==ne
tekhus
ni- tukokh ==lah
anak
bekhu.dinam
anggote
si ape
pekhistiwe
si
pekhsi
padahal
si layakh
men- jadi
ni- kate -ken
pe- tukokh -ken
manusie
tepat
kite
balik
wahai
m pangan -i
si
kalak
meng- hokhmat -i
si layakh
ng- gakhem
aku
nange
ngo
ni
khombong -en
tebe ==ku
aceh.dakhussalam
engo
edhi
gaikhah
edhi
khut
kekhang
khut
iye
ni- laus mece -ken
ulah ==ne
manusie
anak.laki
jekhok ==ne
benakh -kah
malet
pakek
kute ==ne
khaje
sang
telu
meng- une -ken
ni
anak
khoh
ni- banding -ken
mem- babe
buah
me- [...]-- deleng
meng- asing -ken
sang
edi
uwak ==ku
pe- nata -en
tule
sahung
nde
di
lain
bekhu.dinam
ame
impal ==ne
pem- babe
sosok
sendikhi
te
natam
betah
ni- segan -i
anakhu
mey- ikham -ken
se- [...]-- sikel
te
abhang
pesan
lot
kalaki
te- bege
musibah
de
hakhte
mame ==ne
meng- adep
lot
edhi
bage
andinda
bekhat
men- jadi
sendah
nde
meng- hadikh -i
gedang
khaje
dukut ==ne
anak
ni
pengulu.mude
sendikhi
nange
men- cekhite -ken
amek
plastik
bene
kae
alkisah
nujum
edi
oleh
oleh
dikhi ==ne
bayi
malot
khitan -en
aku
menukhut
de
mungkin
lupe
nange
pe
meng- ato
n- tukokh
si
me- tahan
sehat
pey- akit
me
mem- ake
[...]-- tanemen
ate ==ne
se- tekhus ==ne
namun
men- andai
deleng
me- cekhite -ken
keluki
tadi
m- putekh -ken
sikel
me- bahan
me
nakhu
uang
pido nemu
hal
bahan
nakbekhu
khase
daekhah
ate
mempekhduli.ken
si
tepat
mem- babe
uwis
peng- uase
jeme
bongi
ate ==ne
kite
geluh
madhe
khut
sah
te- tukokh -ken
lot
si
delaki
endhe
si layakh
si
si
enggo
sabakh
uan -me
lengkap -me
ni- dapet ==ne
aceh
sang
malot
babe m- balik -ken
de
mbelin
si
endak
iye
ni- mulai
te
ni- pinpin ==ne
ke- gembikh -en
anak
namun
bakhu lah
bhatu
ikan
me- pikekh
wasiat
kekhe
malot
nol
miskin
kendukhi
si
si
tetap
malet
si layakh
bekhite
laki-laki
ndak
kite
pade
ise
ke- ganteng -en
si
edhi
kami
se- kalak
edi -me
hadih
jumpai
ni hadep
kawin
desa
adinda
ndokhsah
iye
aku
antakhe
dukun
cemekh
ni- milik -i
meg- aksi -ken
oleh
si
si layakh
kalaki
tebe
malet
mulai
te
pulih
kute
kabakh
gule
tempo.die
pen- dikhi en ==ne
kane
bene
jukhang
pekhtame
si
nate ==ne
te
si
te
me
khumah
pas
mahkota
si layakh
si
ke- khoh -en
me- milik -i
nggo
neggekhi
si
nange
anak.laki
khaje
te
atau
mem- opok
sendikhi
ni- harga -i
akhi
malet
pe- geluh
lot
singkil
akhi
iye
mey- ambut
ende
te
wakhi
anak
penduduk
bekhas
iye
tetapi
aku
nakan
sekolah ==ne
kawin
men- ahan
uwak kandung ==ne
ni- kisah -ken
cekhok
m- bati ==ne
semakin
[c^1][v^1][c^2]- gekhit
singkil
lade
calon
mbue -ne
waluh.belas
si layakh
edi
anak
uwis
penduduk
bage
men- akhik
ninik
sendah
deleng
mame ==ne
edi
si
belang.kejekhen
se- bage ==ne
malot
iye
te- gakhem -i
mem- ekhe
oleh
[...]-- gakham -i
sebuah
adih
balik
ni
kendukhi
tetap
kanda
dapet -i
men- kandung
dikhi
tekhsebut
ngeng -ken
kami
jeme
n- tegu -i
ni- sambut
iye
balik
pekhtame
ngkhan
si
abhang
tukang
se- mase
sange
setekhusne
tukang
khut
jaman.sendah
niat
amek
te
sikel
pakhang
lebe
e
anak
me
malet
kawin
ni- bunuh ==ne
cekhite
ni- bunuh ==ne
anak
[...]- buah -en
mude
pinang -en
nanak
khoh ==lah
ende
ni- pinang
malet
ni- angkat
seban
mey- ebakh ==ne
tangung.jawab
mate
te
khaje
[c^1][v^1]- minum
kane
si
habis
ngkhan
si
cekhite
men- jabut
sebage
kakhet
penduduk
tekhsebut
adalah
ame
pe- ng- atou -ken
me- gekhot
wakhan
ni- babe m- balik
meng- ate -ken
kami
ame
khut
sebuah
lebe
baso
me- milik -i
kane
te
men- ekhpe
ke- khoh -en
de
akhi
langsung
bekhu ==ne
malet
sengaje
me deleng
cut
soh
natam
daekhah
izin -ken
khumah
edi
awe ==ne
sikel
kae
ni
soh
belantakhe
khate
bhone
si layakh
madhe
kane
sesoh
si
apelagi
si
tebe
bekhu ==ne
malet
lawe
cekhite
tebe
dukun
kekuaten
cangkul
ni
pupuk
ni- bagi
soh
ndak
si
deleng
edi
bali
ni- geluh -i
pekhbuat
khut
si
dukun
pengulu.mude
jume
pas
atau
tebe
si layakh
dengkil
meng- anut
sang
men- cube
sihikh
nemu
akhi
si
khumah
khut
kawin
kabakh
kau
edi
jumpe
si
me
khumah
bagi
bahwe
pahat
bekhu.dinam
malot
melaku.ken
buah
waktu
nemu
tule
meng- asud
ke- sulit -en
ni.jagai
nggo
men- cube
khut
suasane
peng- embale
ngkhan
wakhi
te
pakek
kute
lupe
se- jekhang -en
kane
edi
se- kalak
me- balik
ni
halaman
bulan
engekhan
men- ukokh
[...]-- pige
kune pe
gelisah
untuk
enggo
sikel
te
se- [...]-- sikel
kekhine
badan
n- tumpang kepaling -ken
kane
khut
jumpai
dhunut ==ne
gakhis
me
ke- gigih -en
kekhine
jahat
me ngkekhan
hebat
cut
edi
lebih
salah.sebuah
edhi
due
tuan ==ku
kawin
lain ==ne
pakhe
anak
ni
wahai
si
aku
me- kembang ==ne
su
si
edhi
n- datas
sang
bakhu
pakek
malot
malot
te
sesikel
pakek
pahakh
deleng
khang.tue ==ne
uwak ==ne
sistem
akhi
adih
men- afsikh -ken
sang
babe m- balik -me
me- khakut
pepagi ==ne
impal
se- cakhe
ni- tumpang kepaling
hasil
akhah
ni- ato ==ne
pemain.sukhi ==ne
jelak
hinge
si
sebuah
hakhte
malet
kakhene
posisi
tekham tunjang -ken
subukh
tandok sile -me
kalak
pade
licik
khoh
te
aku
pulo.biang
kane
mame ==ne
lot
kane
meng- ato
untuk
cut ==ne
pido
per- tambah
kobo
si layakh
idah
jumpe
akhi
si
khaje
edi
iye
[...]-- uwas
malet
si
khumah
ke- mejile -en
kasukh
tegak
se- ketike
kelak
seban ==ne
bahagie
anak.laki
balok
men- jadi
engo
si layakh
ni
ni
pe
abhang
iye
tanpa
se- kalak
se.engo
sengaje
bekhani
lebe
pot
peng- ukhus -en
muncu ==lah
penangkou
si
si
ni- takhik balik
akhi
edhi
e
wali ==ne
men- jadi
lah
tekhus
cuping
ndak
te- kadang
me- hak
pengulu.mude
[...]-- lompat
edi
sendah
ketike
mbelin
ngkekhan
lain
se- soh -ne
si layakh
[c^1][v^1]- pelin
tebe
anak.bekhu
ende
kae
khombong -en
khut
geluh
bakhang
me- hak
baginen ==en
si layakh
nemu
te
bekhu.dinam
keluakhge
hambe
si
si
balik
si
suatu
men- andung ==ne
bahwe
bekhu ==ku
pe- deleng -en
ketang
mbelin
aku
bantu -en
peng- uase
pitu
kite
tepat
pe
saingen ==e
men- ading -ken
uwak ==ne
ende
untuk
men- jadi
baju ==mu
si
natam
mame
oleh
khemeh
laus mece -me
pak
lawe
kali ==ne
iye
ate ==ne
si
keluakhge
si
untuk
ke- tukhun -en
kalaki
ninik
suatu
namun
makcik
edi
mame
dukun
oleh
selukhuh
ak
madhe
sang
lawe
kakhene
untuk
tahun ==ne
anjam -en
pade
sendikhi
mbue
bhe
bayi
laki-laki
nikah
natam
kane
si
me- limpah khuah
si
pagakh
ni
si layakh
bekhangkat
pakek
pe
suakhe
bhekhas
bakhu
si
polisi
de
mekh- asil
men- dapet -ken
malet
made khoh
sekhik
akhi
lot
me- jabu
oleh ==ne
==mu
iye
desa
malet
si
oleh
pe
sunyi
bekhu
setekhusne
malet
ke- hebat -en ==ne
debekhu
si
me- nawe
kite
si
ng- alo
me- [...]-- tahun
ke- sokhokh -en
tekh- kecuali
khase
te
cekhite
setekhusne
n- ading -ken ==ne
akhi
hakhap -en
cindekh
si
te- bhabhe m- bhalik
kane
anak
dukun
bagi ==ne
salah.sebuah
dalan
memperjuang.ken
aku
akhi
negekhi
edi
belakang
te
tangis
abhang
malet
khut
ni- milik -i
me
tentang
pengulu.mude
wakhi
lot
mame
segale
te
te- kukhik -ken
deleng
jagung
khaje
biase -ne
kalak
peng- uase
khut
pakek
empus
sikel
bungki
gendang
malet
tebhu
si
[...]-- anak
meng- ate -ken
amek
okhang.tue
madhe
meng- elem
lembakh
ni- lahekh -ken
[...]- buah -en
nange
peng- uase
khangtue
untuk
kane
wakhi
bhe
iye
me- baju
keji
m- babe m- balik
impal ==ku
lot
khut
te- dedoh
te
ngekhan
ende
kanda
akhi
khoh
si
[...]-- macam
si layakh
si
sikel
kobo
kate
adalah
iketen
lebe
goye
enggo
tebe
wakhi
n- tukokh
kane
nde
bhaju ==ku
akhi
ni
kalaki
ende
iye
kene
me- untung
kakhene
ni
dekah
tekh- tengo
peng- ukhus -en
khut
me- daun
hancukh
bungki
meng- ekhi -ken
pakhe
me- page
si
sendikhi
anak.laki
pe- tengkau
niat
pesen
iye
sedih ==ne
akhi
endak
natam
mem- bahe -ken
telat
ni- tegu -ken
namin
dempik
sang
si layakh
me
wilayah
me- bual -i
lot
waktu
hadih
untuk
edhi
khaje
bayak
ke- lugu -en
buhung
penangkau
ke- ganteng -en
manusie
me- nikah -i
ge
te
due ==ne
aku
si
ate
khaje
nange
bekhu.dinam
si
te- pucat pasti
untuk
suasane
untuk
sang
untuk
oleh
khut
ni- atou -ken
di- geluh
wahai
deleng
[...]-- anak
tahun
ni- undang ==ne
sang
balik lah
main
pe- lawat
tekh- jadi
te- tandok me- sile
bhe
wakhi
men-...-ken ekhe -ken
sikel
me
manusie
milik
natam
ape.bile
ge
ni
te
si layakh
enggo
te
khoh
mame
kalaki
bangse
wakhge
endak
me
bage
malet
te- tandok me- sile
iye
kalak
tekh- adep
imbalan
malet
gakham -i
ni
sikhe
tekh- adep
lot
tubuh ==ne
aku
pulau.biang
edhi
keluki
te
khaje
pemude
tunduk
kane
bekhu.dinam
pe
atao
edi
sebuah
anak.khu
manusie
si
enggo
amek ==ne
ke- lahekh -en ==ne
akhi
ni.hande
khumah
selame
sendikhi
khumah
pe
tekh- usik
mame ==ne
si layakh
kecewe
anakhu
ni- timai
manusie
khu
edi
dikhi ==ne
wakhi
khang.tue ==ne
dape
ng- kekhet
kobo
malet
macam
[...]-- saat
jagung
bekhu ==ne
sang
mengindah.ken
tuan ==ku
me
nggo
soh ==lah
[c^1][v^1]- pelin
bekhu ==mu
deleng
dukun
usahe
baba -i m- balik
gekhangen
bage
ekas
positif
gakham -i
mem- babe
nawe ==ne
ate
pe- dalan -en
lot
amak
aah
kite
sikel
atas
[...]-- dempik
edhi
khumah
pekh- batas -en
kite
gukhu
bekhu ==ne
ni- tambah
si layakh
ni- mutilasi
lembu
me- khupe -ken
lain ==ne
se- tahun
ate
lot
khumah
kue.pe
susah
endhe
khiwayat
sang
si
nde
geluh
te
kobo
malet
hamil
bakhu
jakhum
ni
awak ==ne
bungki
sebuah
ni- bunuh
sikal
si
jawab -en
khimo
khoh
kane
untuk
tuan ==ku
pengulu.mude
kane
pake
ate
nangkihe
ngo
kane
ni
si
negekhi
me- dose
pengulu.mude
tekhus
cekhite lah
pade
kane
dikhi
main
sekhik ==ne
keluakhge ==ne
kite
pake -en
tanemen
kane
si
madhe
khang.tue ==ne
kawin
bulan
edhi
untuk
ampun
de
namun
me- cocok
ni- kakhunia -i
dikhi ==ne
khaje
n- tukokh -ken
de
pekhtame
me
nde
mem- ekhe -ken
nomokh
lawe ==ne
luakh
pe- khencane -en ==ne
sang
ke- hebat -en
khimo
ni
anak
oleh
polisi