okla#people
sa-#1SII shki#mother
illi#die.
am#1sIII
ayyásha#reside.(plural.subject) -h#TNS
bacháli#put.(one).in.a.row -h#TNS
pí#just
m#that -ako̱#CON:AC
a̱sha#be:(of.three.or.more)
aki̱ni#indeed -h#TNS
okla#people
okla#people
at#subject:marker
ka̱chak#barn
illi#die.
yohmi#do.so,.to.happen
ohóyo#woman
ikka̱na#understand,.to.know
hi#be -hma̱#WHEN
hapim-#1MPIII
ikkanah#learn
maká#say -hma̱#WHEN
-ato#NOM2
hi#be -hma̱#WHEN
iya#go
pí#just
-bíka#USED:TO -tok#PST
achokma#good
kani#somewhere
il-#1PI
am#1sIII
mo̱ma#still
a̱#1sIII
am#1sIII
hikma#and:then
hapi̱-#1MPIII ki#father -to#NOM2
ish-#YOU
am#1sIII
m#that -ako̱#CON:AC
ola#far:off
ta̱chi#corn
ish-#YOU
-ka̱#COMP:DS
-ka̱#COMP:DS
a̱#1sIII
-hátoko̱#BECAUSE:DS
alla#child
áy-#LOC ikhaná#learn -li#1SI
a̱#1sIII
il-#1PI
hohchafo#be:hungry.
okla#people
na#and
ohóyo#woman
ahwa#think.(perhaps),.to.reckon -h#TNS
koloffi#cut
fokka#dress
hi#be -hma̱#WHEN
ishí#take,.grasp,.get -li#1SI -tok#PST
áchi#say -tok#PST
okla#people
okla#people
faláma#return
okla#people
-ano#ACC:TOP
il-#1PI
il-#1PI
a#be -ttók#REM.PAST
okla#people
átokás#because.of
-ka̱#COMP:DS
ish-#YOU
il-#1PI
pilla#distance
isht#ins
a̱#1sIII
yohmi#do.so,.to.happen
a̱#1sIII
siy-#1SII ahni#wish;.want
il-#1PI
hi#be -hma̱#WHEN
pisa#try. -ttók#REM.PAST
ikka̱na#understand,.to.know -ho̱#PART:DS
okla#people
isht#ins
sa-#1SII bíshakni#nose
il-#1PI
wák#cow
nani#fish
áy-#LOC ala#arrive.(here) -ttók#REM.PAST
oklil#we
ohóyo#woman
i̱-#III cha̱li#chop -h#TNS
másh#that.one
ikka̱na#understand,.to.know -li#1SI -h#TNS
-m#DEM -ato#NOM2
okla#people
siy-#1SII á#be -h#TNS
hót#look.for
-ato#NOM2
faláma#return -t#PART
hapim-#1MPIII
afammi#year
at#subject:marker
banna#want -kma̱#IRR:DS
wiha#move.away -t#PART
-bíka#USED:TO -tok#PST
hót#look.for
si̱ti#snake
alla#child
cho#or
ohóyo#woman
-ato#NOM2
il-#1PI
-ka̱#COMP:DS
okla#people
anóti#again
panóla#cotton
í-#1PI
hi#be -hma̱#WHEN
ittonáchi#arrive:du -hma̱#WHEN
m#that -ako̱#CON:AC
ná#something
sann#I:want -o#NEG -tok#PST
nána#something
ish-#YOU
hash-#2PI
a̱#1sIII
ta̱chi#corn
kani#somewhere
chohmi#kind:of
illi#die.
pí#just
oka#water
iti#wood
alla#child
nán#something
iláp#self
isht#ins
fíhnah#very
il-#1PI
am#1sIII
isht.ala#BRING -t#PART
-ako̱#CON:AC
á-#LOC ikhana#learn -tok#PST
í-#1PI
at#subject:marker
-ka̱#COMP:DS
-ako̱#CON:AC
na#and
biníli#sit.(of.one)
iksho#zero
m#that -ako̱#CON:AC
-ka̱#COMP:DS
hikitíya#START -li#1SI -tok#PST
anóti#again
sa-#1SII shki#mother
ikbi#make -t#PART
okla#people
oka#water
banna#want -kma̱#IRR:DS
nánoka#say:something
yohmi#do.so,.to.happen -h#TNS
il-#1PI
-ka̱#COMP:DS
a̱shwa#exist.(of.two)
il-#1PI
ayówa#pick.up.(off.the.ground). -li#1SI -ttók#REM.PAST
bók#creek
í-#1PI
anóti#again
báno#altogether
am#1sIII
a#be -ttók#REM.PAST
pisa#look
osápa#field
okla#people
í-#1PI
ta̱chi#corn
am#1sIII
-bíka#USED:TO -tok#PST
il-#1PI
okla#people
hót#look.for
táhat.iya#DISAPPEAR -kat#COMP:SS
alhíha#group
alla#child
ma̱ya#exist.(of.three.or.more). -t#PART
ano̱ti#again
-bíka#USED:TO -tok#PST
nánomi#something:happen
toklo#be:two -sh#PART:SS
okla#people
kotchi#get.out,.take.out -tok#PST
-chámo#LONG:AGO
hi#be -hma̱#WHEN
yakni#land
í-#1PI
hashki#my.mother
okmanána#WHATEVER.KIND.OF
achokma#good
chishki#your:mother
m#that -ako̱#CON:AC
okla#people
wishakchi#tip
si̱ti#snake
isht#ins
alhto#enter.(of.two)
yohmi#do.so,.to.happen -h#TNS
banna#want
yohmi#do.so,.to.happen -h#TNS
okattola#fall:into:water -ttók#REM.PAST
ikkanah#learn
ikkanah#learn
ish-#YOU
ishit#ins
hashki#my.mother
kiyo#no -kásh#COMP:PREV
-ato#NOM2
yohmi#do.so,.to.happen -h#TNS
mo̱ma#still
hikkíya#stand. -li#1SI -h#TNS
-ka̱#COMP:DS
a̱#1sIII
mómah#still
sha̱hli#do:always
okla#people
alla#child
alla#child
kanómi#cousin
-bíka#USED:TO -tok#PST
pí#just
ikbi#maker
okla#people
wáya#peanuts
í-#1PI
isht#ins
ná#something
afammi#year
ábachí#practice -li#1SI -h#TNS
okma̱#and:then
wiha#move.away -t#PART
chi̱-#2SIII ki#father
anóti#again
-ano#ACC:TOP
at#subject:marker
ná#something
yohmi#do.so,.to.happen
chá#ss
hi#be -hma̱#WHEN
m#that -ako̱#CON:AC
iláp#self
honni#blanch -t#PART
alla#child
okla#people
taposhshik#basket
pí#just
nána#something
il-#1PI
okla#people
yohmi#do.so,.to.happen
a̱ya#be:here
yohmi#do.so,.to.happen
fokkáli#be:abou
pí#just
isht#ins
illi#die.
mihch#do -ína#CAN -h#TNS
-bíka#USED:TO -tok#PST
chishnáto#you:nom2
il-#1PI
il-#1PI
nátah#what?
nanih#hill
oka#water
il-#1PI
-tok#PST -cha#UNSURE
-ya̱#ACC
il-#1PI
il-#1PI
a#be -ttók#REM.PAST
sa-#1SII nakfish#younger:sib
osápa#field
nani#fish
ano̱pol#speak,.say,.talk -áhí#POT kiyo#no
ahwa#think.(perhaps),.to.reckon -h#TNS
yakni#land
il-#1PI
ilhkóli#go.(of.three.or.more). -tok#PST
oshi#son
ahwa#think.(perhaps),.to.reckon -h#TNS
yohmi#do.so,.to.happen -h#TNS
ikbi#maker -li#1SI -hósh#PART:SS
tahli#finish.
í-#1PI
il-#1PI
ish-#YOU
isht#ins
hachim-#2PIII
oka#water
ná#something
il-#1PI
-ak#LOC
a̱#1sIII
ta̱chi#corn
am#1sIII
il-#1PI
-ka̱#COMP:DS
pila#throw. -hma̱#WHEN
-ano#ACC:TOP
yimmih#believe
okla#people
hi#be -hma̱#WHEN
-ka̱#COMP:DS
m#that -ako̱#CON:AC
yakni#land
ahíka#DEBT
okla#people
-ano#ACC:TOP
to̱ksali#work
il-#1PI
chishnáto#you:nom2
ikhana#learn
am#1sIII
ha̱klo#understand
ápitta#put.(more.than.one.thing).in. -h#TNS
afammi#year
ábachí#practice -li#1SI -h#TNS
ikbi#make -t#PART
hash-#2PI
nána#something
pí#just
chá#ss
yohmi#do.so,.to.happen -h#TNS
okla#people
a#be -ttók#REM.PAST
ano̱ti#again
at#subject:marker
m#that -ako̱#CON:AC
ahni#know
fíhnah#very
hót#look.for
okla#people
másh#that.one
il-#1PI
illi#die.
ásh#prev
katímina#why,.how.come
nána#something
ish-#YOU
-m#DEM -ato#NOM2
si̱ti#snake
pis#look -t#PART
yohmi#do.so,.to.happen
anóti#again
okla#people
na#and
a̱#1sIII
kotcha#go.outside.
m#that -ako̱#CON:AC
ásh#prev
am#1sIII
-ano#ACC:TOP
ayyásha#reside.(plural.subject) -h#TNS
-híka#USED:TO -ttók#REM.PAST
áta̱pa#be:more:than -tok#PST
-ako̱#CON:AC
isht#ins
-hátoko̱#BECAUSE:DS
okla#people
hapim-#1MPIII
-hátoko̱#BECAUSE:DS
íshi#get
ná#something
okma̱#and:then
-ako̱#CON:AC
yakni#land
katimma#which -k#LOC
alla#child
yohmi#do.so,.to.happen -h#TNS
nani#fish
a̱#1sIII
ilhkóli#go.(of.three.or.more). -tok#PST
m#that -ako̱#CON:AC
hi#be -hma̱#WHEN
il-#1PI
-ka̱#COMP:DS
m#that -ako̱#CON:AC
chá#ss
na#and
ka̱ha#lying:down
hash-#2PI
okla#people
yohmi#do.so,.to.happen -h#TNS
ishit#ins
a#be -ttók#REM.PAST
ano̱pol#speak,.say,.talk -ána#POT -ttók#REM.PAST
okla#people
hikkíya#stand. -li#1SI -h#TNS
il-#1PI
-hátoko̱#BECAUSE:DS
am-#1SIII ihaksi#forget
okla#people
il-#1PI
il-#1PI
osápa#field
nátah#what?
am#1sIII
yohmi#do.so,.to.happen
maká#say -hma̱#WHEN
yakni#land
fokka#dress
ná#something
okla#people
okla#people
oklil#we
komóta#be:fearful.
ish-#YOU
malhlhih#indeed
ano̱ti#again
-ka̱#COMP:DS
isht#ins
am#1sIII
katash#who
bash#cut.(with.a.knife,.broken.glass). -t#PART
siy-#1SII á#be -h#TNS
il-#1PI
hapim-#1MPIII
apíla#help,.assist. -h#TNS
ná#something
ano̱ti#again
-ka̱#COMP:DS
ish-#YOU
kanohmi#how -tok#PST -ka̱#COMP:DS
m#that -ako̱#CON:AC
ta̱chi#corn
í-#1PI
yakni#land
chá#ss
mo̱ma#still
a̱sha#be:(of.three.or.more)
-ato#NOM2
il-#1PI
ish-#YOU
aba.talóli#STORE
taposhshik#basket
imma#towards
chokka#house
oklil#we
il-#1PI
at#subject:marker
a̱h#yes
faláma#return -t#PART
alhíha#group -t#PART
iya#go
nani#fish
to̱ksali#work
ish-#YOU
faláma#return
illa#only
pí#just
ona#arrive:there
m#that -ako̱#CON:AC
panóla#cotton
anóti#again
í-#1PI
osápa#field
okla#people
ish-#YOU
yakni#land
-ato#NOM2
anóti#again
nána#something
okla#people
okla#people
-ka̱#COMP:DS
il-#1PI
mihchi#do -li#1SI -kmat#IRR:SS
oná#arrive:there -li#1SI -ttók#REM.PAST
-ano#ACC:TOP
iya#go -tok#PST
-ato#NOM2
nátah#what?
ná#something
kiyo#no -kásh#COMP:PREV
iya#begin:to -t#PART
ná#something
aba.talóli#STORE
ná#something
yamma#that
-ako̱#CON:AC
yakni#land
bók#creek
m#that -ako̱#CON:AC
-ato#NOM2
olbal#back
alla#child
sa-#1SII shki#mother
anóti#again
nani#fish
nán#something
afammi#year
pí#just
m#that -ako̱#CON:AC
hash-#2PI
okla#people
kani#somewhere
nána#something
illa#only
yakni#land
ikhana#learn
oka#water
-m#DEM -ato#NOM2
ish-#YOU
másh#that.one
wáya#peanuts
sha̱hli#do:always
hachi-#2PII
-hátoko̱#BECAUSE:DS
oka#water
hoyo#look.for -t#PART
nána#something
alhíha#group
hash-#2PI
á#be -ttók#REM.PAST
hachi-#2PII
am#1sIII
afammi#year
a̱tta#exist.(of.one) -li#1SI -h#TNS
iskitíni#little
á#be -ttók#REM.PAST
chishnáto#you:nom2
afammi#year
at#subject:marker
sanna#I:want -kat#COMP:SS
illi#die.
ish-#YOU
-ano#ACC:TOP
ano̱poli#speak,.say,.talk -t#PART
a̱#1sIII
okla#people
il-#1PI
nána#something
at#subject:marker
-bíka#USED:TO -tok#PST -o̱#Q
nána#something
hi#be -hma̱#WHEN
to̱ksali#work. -sh#PART:SS
ilhkóli#go.(of.three.or.more).
a̱#1sIII
il-#1PI
iti#wood
okla#people
ikka̱na#understand,.to.know -li#1SI -h#TNS
m#that -ako̱#CON:AC
ikkanah#learn
fokáli#approximately -h#TNS
ásh#prev
ish-#YOU
fokáli#approximately -tok#PST
iti#wood
ahwa#think.(perhaps),.to.reckon -h#TNS
naksika#somewhere:else
yohmi#do.so,.to.happen
kotcha#go.outside.
-ato#NOM2
hi#be -hma̱#WHEN
-ka̱#COMP:DS
m#that -ako̱#CON:AC
ish-#YOU
a̱tta#exist.(of.one) -li#1SI -h#TNS
makah#say.
akkíya#go:down -t#PART
-m#DEM -ato#NOM2
okla#people
bók#creek
nátah#what?
okla#people
m#that -ako̱#CON:AC
to̱ksalí#work. -chi#CAUS -h#TNS
ayyásha#reside.(plural.subject)
ano̱ti#again
anóti#again
yohmi#do.so,.to.happen
chi̱-#2SIII ki#father
táhli#finish:ygr
a̱#1sIII
-ano#ACC:TOP
a̱tta#exist.(of.one) -li#1SI -h#TNS
iya#go -tok#PST
íy#go -o#NEG -ttók#REM.PAST
fokka#dress
osápa#field
afammi#year
nána#something
ish-#YOU
il-#1PI
faláma#return
foha#retire -ttók#REM.PAST -o̱#Q
m#that -ako̱#CON:AC
mo̱ma#still
to̱ksalí#work. -l#1SI -íchi̱#IRR -kmat#IRR:SS
nátah#what?
mano#that:one
-hátoko̱#BECAUSE:DS
-ka̱#COMP:DS
ta̱chi#corn
has-#2PI sam-#1SIII
-híka#USED:TO -ttók#REM.PAST
m#that -ako̱#CON:AC
-ako̱#CON:AC
hachim-#2PIII
issa#stop -ttók#REM.PAST
-ato#NOM2
hokchi#plant. -h#TNS
il-#1PI
ilhkóli#go.(of.three.or.more). -hma̱#WHEN
anóti#again
il-#1PI
anóti#again
ayyásha#reside.(plural.subject) -h#TNS
-ak#LOC
tobi#beans
í-#1PI
ak-#1SN
anól#tell.
a̱#1sIII
at#subject:marker
nána#something
ish-#YOU
alhíha#group -t#PART
ma̱ya#exist.(of.three.or.more).
a̱tta#exist.(of.one) -li#1SI -h#TNS
iya#go
katayohmi#which:ones
talólih#set:down.(two.or.more)
ikbi#maker
sa-#1SII shki#mother
hapim-#1MPIII
yakni#land
ála#arrive.(here)
himak.nittak#TODAY,.THIS.DAY
hi#be -hma̱#WHEN
ilahbi#pretend,.make.believe.
illa#only
anóti#again
sann#I:want -o#NEG -tok#PST
oshi#son
-híka#USED:TO -ttók#REM.PAST
-hátoko̱#BECAUSE:DS
-ka̱#COMP:DS
okla#people
nána#something
nána#something
ná#something
okmanána#WHATEVER.KIND.OF
-ka̱#COMP:DS
m#that -ako̱#CON:AC
anóti#again
chokka#house
m#that -ako̱#CON:AC
ayówa#pick.up.(off.the.ground). -li#1SI -ttók#REM.PAST
-ka̱#COMP:DS
ít#toward
kanohmi#how -tok#PST -ka̱#COMP:DS
mihchi#do -li#1SI -kmat#IRR:SS
sa-#1SII tóhno#hire. -cha#SS
m#that -ako̱#CON:AC
a̱tta#exist.(of.one) -li#1SI -h#TNS
í-#1PI
am#1sIII
hashki#my.mother
at#subject:marker
a̱tta#exist.(of.one) -li#1SI -h#TNS
alhto#enter.(of.two)
ano̱poli#speak,.say,.talk -h#TNS
il-#1PI
ilhkóli#go.(of.three.or.more). -tok#PST
ish-#YOU
hóyo#look.for -hma̱#WHEN
chá#ss
pokni#grandmother
hi#be -hma̱#WHEN
pí#just
másh#that.one
ittanówa#walk.together
nána#something
m#that -ako̱#CON:AC
-ak#LOC
anóti#again
oka#water
illi#die.
il-#1PI
ish-#YOU
il-#1PI
kanómi#cousin
iti#wood
ásh#prev
-ako̱#CON:AC
okla#people
hash-#2PI
ona#arrive:there
ohóyo#woman
achokma#good
tík#female
ikbi#maker
onnahi̱li#morning
ish-#YOU
táhat.iya#DISAPPEAR -kat#COMP:SS
-ka̱#COMP:DS
a̱tta#exist.(of.one) -li#1SI
nátah#what?
ayína#too,.also
il-#1PI
shawwa#bush
okla#people
banna#want -kma̱#IRR:DS
afammi#year
hikkíya#stand. -li#1SI -h#TNS
ná#something
oka#water
hóyo#look.for -h#TNS
-bíka#USED:TO -tok#PST
atta#stay,.live.(someplace) -ttók#REM.PAST -o̱#Q
to̱ksali#work
anóti#again
í-#1PI
sha̱hli#do:always
a̱#1sIII
a̱shwa#exist.(of.two)
mo̱ma#still
chá#ss
hi#be -hma̱#WHEN
nani#fish
il-#1PI
okmanána#WHATEVER.KIND.OF
áchih#say.
ikka̱na#understand,.to.know -li#1SI -h#TNS
holisso.ápisa#SCHOOL
-ak#LOC
pí#just
pih#just
hokchi#plant. -t#PART
onna#morning
maká#say -hma̱#WHEN
ilhkóli#go.(of.three.or.more).
yohmi#do.so,.to.happen -h#TNS
-bíka#USED:TO -tok#PST
yohmi#do.so,.to.happen
kiyo#no -kásh#COMP:PREV
ásha#reside.(plural.subject) -hma̱#WHEN
ma̱ya#exist.(of.three.or.more).
habli#kick
ano̱ti#again
-ato#NOM2
yohmi#do.so,.to.happen -h#TNS
chokka#house
nána#something
abíya#go:up -t#PART
apísachi#watch -h#TNS
nánakma̱#anything
iti#wood
nána#something
am#1sIII
hash-#2PI
okla#people
mano#that:one
á-#LOC mi̱ti#come -li#1SI
nánoka#say:something
iyá#go -li#1SI
iti#wood
kani#somewhere
m#that -ako̱#CON:AC
nanih#hill
ikhana#learn
am#1sIII
oka#water
katash#who
tana#string -h#TNS
shokshi#watermelon
i̱-#III hi̱li#stand:du -h#TNS
am#1sIII
yohmi#do.so,.to.happen -h#TNS
biníli#sit.(of.one)
pokni#grandmother
chá#ss
a̱h#yes
okmanána#WHATEVER.KIND.OF
hannáli#six -h#TNS
m#that -ako̱#CON:AC
á#be -ttók#REM.PAST
ta̱chi#corn
hikiki̱ya#stay:at -li#1SI -ttók#REM.PAST
yohmi#do.so,.to.happen
im-#III achokmá#feel.good,.happy -sh#PART:SS
il-#1PI
yohmi#do.so,.to.happen -h#TNS
iskitíni#little
áy-#LOC ikhaná#learn -li#1SI
hikiki̱ya#stay:at -li#1SI -ttók#REM.PAST
mano#that:one
-ato#NOM2
osápa#field
ikhaná#learn -li#1SI -hmat#WHEN
ásh#prev
is-#YOU sa̱-#1SIII
m#that -ako̱#CON:AC
okla#people
hikma#and:then
il-#1PI
-ka̱#COMP:DS
okla#people
mishsha#two.time.periods.before.or.after
m#that -ako̱#CON:AC
nátah#what?
il-#1PI
ikkaná#learn -li#1SI -h#TNS
ola#far:off
si̱ti#snake
il-#1PI
ish-#YOU pa#eat.(a.specific.food) -kma̱#IRR:DS
ibbak#hand
-ato#NOM2
yohmi#do.so,.to.happen
yohmi#do.so,.to.happen
ano̱pol#speak,.say,.talk -ána#POT -ttók#REM.PAST
-bíka#USED:TO -tok#PST -o̱#Q
ish-#YOU
mihchi#do -li#1SI -kmat#IRR:SS
hi#be -hma̱#WHEN
afammi#year
-bíka#USED:TO -tok#PST -o̱#Q
hash-#2PI
áchih#say.
onnahi̱li#morning
hohchifo#name
taná#weave -li#1SI -h#TNS
ishit#ins
ná#something
ohóyo#woman
yohmi#do.so,.to.happen -h#TNS
kanimma#somewhere
-ka̱#COMP:DS
fokáli#almost -km#IRR:DS -ako̱#CON:AC
aki̱ni#indeed -h#TNS
yohmi#do.so,.to.happen
ish-#YOU
-hátoko̱#BECAUSE:DS
á#be -ttók#REM.PAST
il-#1PI
il-#1PI
-ak#LOC
hapim-#1MPIII
alhlhi#edge
il-#1PI
-híka#USED:TO -ttók#REM.PAST
m#that -ako̱#CON:AC
okla#people
a̱ya#be:here
táha#be:finished -hma̱#WHEN
ish-#YOU
pí#just
nána#something
ná#something
alhíha#group -t#PART
pisa#try. -ttók#REM.PAST
ná#something
okla#people
ála#arrive:y.gr -li#1SI -h#TNS
okla#people
il-#1PI
osápa#field
ish-#YOU
kiyo#no -t#PART
fokáli#approximately -tok#PST
ayi̱na#too,.also
-tok#PST -cha#UNSURE
ittika̱chi#be:separated.(as.a.man.and.wife). -ttók#REM.PAST
chokka#house
iya#go
mo̱ma#still
hót#look.for
ásha#reside.(plural.subject) -bíka#USED:TO -ttók#REM.PAST
nakfish#younger:sib
siy-#1SII ahni#wish;.want
a̱h#yes
hash-#2PI
achokma#good -ána#POT
ti.chanalli#WAGON
il-#1PI
nani#fish
il-#1PI
il-#1PI
iya#go
hi#be -hma̱#WHEN
tobi#beans
hash-#2PI
achokma#good
-ak#LOC
sha̱hli#do:always
m#that -ako̱#CON:AC
akka#down
at#subject:marker
nána#something
iya#go
na#and
í-#1PI
pih#just
sa-#1SII shki#mother
ish-#YOU
a̱#1sIII
ikbi#make
m#that -ako̱#CON:AC
mitaffi#make.bleed
chishnáto#you:nom2
-ato#NOM2
-ka̱#COMP:DS
ola#far:off
honni#blanch -t#PART
ahíka#DEBT
to̱ksali#work
isht#ins
kanimmakósh#when:indef
-bíka#USED:TO -tok#PST -o̱#Q
okla#people
m#that -ako̱#CON:AC
okla#people
áchih#say.
pí#just
illi#die.
ano̱t#again
ittatoklo#be:together.as.a.couple.or.married
hoyo#look.for -t#PART
bók.chito#BOGUE.CHITTO
a̱#1sIII
il-#1PI
-ka̱#COMP:DS
nátah#what?
ish-#YOU
nani#fish
ano̱ti#again
chá#ss
ish-#YOU
illa#only
m#that -ako̱#CON:AC
ikbi#make -t#PART
mano#that:one
nána#something
iya#go -tok#PST
oklil#we
-ako̱#CON:AC
-ato#NOM2
-ato#NOM2
ikbi#maker
ibbak#hand
yohmi#do.so,.to.happen -h#TNS
illi#die.
pih#just
tahli#finish.
anóti#again
a̱#1sIII
a̱tta#exist.(of.one) -li#1SI
hokchi#plant. -h#TNS
chokka#house
pí#just
illi#die.
at#subject:marker
a̱#1sIII
taposhshik#basket
am#1sIII
bilásapi#sugarcane
nána#something
i̱-#III hi̱li#stand:du -h#TNS
hapim-#1MPIII
assano#adult
il-#1PI
ná#something
m#that -ako̱#CON:AC
il-#1PI
anóti#again
taposhshik#basket
a̱#1sIII
oka#water
-m#DEM -ato#NOM2
chá#ss
-chámo#LONG:AGO
am#1sIII
homma#red
chokka#house
iláp#self
yohmi#do.so,.to.happen
ish-#YOU
ná#something
iya#go
í-#1PI
m#that -ako̱#CON:AC
yohmi#do.so,.to.happen -h#TNS
chishnáto#you:nom2
-ato#NOM2
-ka̱#COMP:DS
ásha#reside.(plural.subject)
isht#ins
nána#something
okla#people
anokfila#mind
a̱#1sIII
faláma#return -t#PART
nána#something
ít#toward
yohmi#do.so,.to.happen -h#TNS
ná#something
anóti#again
hohchafo#be:hungry.
imma#towards
am#1sIII
iya#go -kato#COMP:SS
-kiya#KIND:OF
at#subject:marker
chishnáto#you:nom2
okla#people
ikka̱na#understand,.to.know -li#1SI -h#TNS
-akíni#INDEED -tok#PST -ósh#SS
katash#who
í-#1PI
alla#child
ná#something
yaha̱ya#cry. -hma̱#WHEN
-ato#NOM2
másh#that.one
sa-#1SII shki#mother
onna#morning
-ako̱#CON:AC
mo̱ma#still
a̱h#yes
nani#fish
m#that -ako̱#CON:AC
kíyo#no
tana#string -h#TNS
nána#something
iyá#go -li#1SI
íshi#get
ishit#ins
pí#just
m#that -ako̱#CON:AC
am#1sIII
ná#something
kíyo#no
imma#towards
hi#be -hma̱#WHEN
ilahbi#pretend,.make.believe. -h#TNS
-ka̱#COMP:DS
a̱sha#be:(of.three.or.more)
ano̱ti#again
okla#people
toffa#summer
-ka̱#COMP:DS
ikka̱na#understand,.to.know
yohmi#do.so,.to.happen
illi#die. -ttók#REM.PAST
ano̱ti#again
hapi̱-#1MPIII
iyá#go -li#1SI -ttók#REM.PAST
okla#people
ná#something
oná#arrive:there -li#1SI -hmat#WHEN
oklil#we
okla#people
hash-#2PI
ná#something
okla#people
hokchi#plant. -h#TNS
ma̱ya#exist.(of.three.or.more).
okma̱#and:then
shawwa#bush
na#and
nátah#what?
-ato#NOM2
nátah#what?
-ya̱#ACC
iya#go
yakni#land
osápa#field
mano#that:one
takkon#peach
ish-#YOU
oná#arrive:there -li#1SI -ttók#REM.PAST
-ato#NOM2
á#be -ttók#REM.PAST
nátah#what?
-ako̱#CON:AC
-ak#LOC
á#be -ttók#REM.PAST
pa#here,.this -aki̱li#OWN -h#TNS
hashki#my.mother
hapim-#1MPIII
tahli#finish. -kmat#IRR:SS
hi#be -hma̱#WHEN
onna#morning
chokka#house
pih#just
issa#close -hma̱#WHEN
tobáchi#turn:on.
nán#something
isht#ins
hokchi#plant. -h#TNS
ish-#YOU
-kiya#KIND:OF
hachim-#2PIII
a̱#1sIII
hokchi#plant. -h#TNS
ná#something
á#be -ttók#REM.PAST
anóti#again
ta̱chi#corn
ít#toward
-bíka#USED:TO -tok#PST
pisa#look
kíyo#no
isht#ins
pih#just
isht#ins
illi#die. -ttók#REM.PAST
chishnáto#you:nom2
il-#1PI
banna#want -kma̱#IRR:DS
il-#1PI
ahwa#think.(perhaps),.to.reckon -h#TNS
awashli#fry.
ish-#YOU
ittiwáya#marry -ttók#REM.PAST
-ka̱#COMP:DS
ikbi#make -t#PART
kíyo#no
il-#1PI
-kiya#KIND:OF
ish-#YOU
ikbi#make -t#PART
kaníya#really -ttók#REM.PAST
-bíka#USED:TO -tok#PST
at#subject:marker
nána#something
ma̱ya#exist.(of.three.or.more). -t#PART
chi̱#2sIII
táhli#finish:ygr
-kiya#KIND:OF
a̱sha#be:(of.three.or.more)
a̱h#yes
am#1sIII
a̱#1sIII
yokáchi#catch. -h#TNS
anóti#again
á#be -ttók#REM.PAST
í-#1PI
átokás#because.of
mómah#still
m#that -ako̱#CON:AC
ilhkóli#go.(of.three.or.more). -tok#PST -o̱#FOC:DS
hash-#2PI
ano̱poli#speak,.say,.talk -h#TNS
kíyo#no
-bíka#USED:TO -tok#PST
il-#1PI
nána#something
shahwa#bush
nána#something
yohmi#do.so,.to.happen
í-#1PI
bók#creek
nani#fish
am#1sIII
ikka̱na#understand,.to.know -li#1SI -h#TNS
hikma#and:then
okma̱#and:then
okla#people
a̱#1sIII
hi#be -hma̱#WHEN
hash-#2PI
fokka.lo̱bo#SHIRT
-ato#NOM2
yohmi#do.so,.to.happen -h#TNS
wiha#move.away -t#PART
hash-#2PI
anóti#again
il-#1PI
-bíka#USED:TO -tok#PST
m#that -ako̱#CON:AC
nakfish#younger:sib
m#that -ako̱#CON:AC
yohmi#do.so,.to.happen -h#TNS
si̱ti#snake
haklo#hear,.listen
ish-#YOU
ná#something
-ka̱#COMP:DS
hikkíya#stand. -li#1SI -h#TNS
m#that -ako̱#CON:AC
hi#be -hma̱#WHEN
pila#throw. -hma̱#WHEN
ish-#YOU
am#1sIII
imma#towards
nátah#what?
-kiya#KIND:OF
anóti#again
nána#something
am#1sIII
yohmi#do.so,.to.happen
achokma#good -ána#POT
hapi̱-#1MPIII
chíkosi.alhlhi.ka̱#FOR.A.LITTLE.WHILE
oklil#we
il-#1PI
ha̱klo#understand
pí#just
bók.chito#BOGUE.CHITTO
yohmi#do.so,.to.happen
chá#ss
okla#people
nána#something
pí#just
hikít.iyá#BEGIN -li#1SI -h#TNS
okla#people
okla#people
ikhaná#learn -li#1SI -h#TNS
-ka̱#COMP:DS
isht#ins
ish-#YOU
ná#something
hohchifo#name
pí#just
at#subject:marker
a̱tta#exist.(of.one) -li#1SI
ikbi#maker
hohchifo#name
nani#fish
pí#just
áchi#say -l#1SI -áchi̱#IRR -h#TNS
ishit#ins
am#1sIII
-ka̱#COMP:DS
tamóha#go.away.(two.or.more) -t#PART
katimma#which -k#LOC
chishki#your:mother
nátah#what?
am#1sIII
yohmi#do.so,.to.happen -h#TNS
m#that -ako̱#CON:AC
achokma#good
hóyo#look.for -hma̱#WHEN
ná#something
-ka̱#COMP:DS
okla#people
hachi-#2PII
at#subject:marker
a̱#1sIII
-ak#LOC
-ka̱#COMP:DS
na#and
mo̱ma#still
ná#something
okla#people
ikka̱na#understand,.to.know -li#1SI -h#TNS
ta̱chi#corn