buh
langgi-langgi
nou
peis
na
ndah
ndah
keng- di
-em- teis
n==
na
m- buat
nge- saa
i==
beig
apuh
na
na
anu
lama
di
tapih
mual
nubuh
-i- mati
nya
anak
-i- m- ulih
-in- ng- uah
daya
osi
ngasakng
sampai
ngai
-in- m- ahi
dumah
hita
ou
alih
m- olok
na
domon
bakng
uubm
hei
bengkali
na
alih
ki- bori
sensarah
hei
timook
malik
karukng
keng- di
pelanduk
na
m- panu
beig
siaid
na
tilina
sigup
di
in- aap
pasi
uubm
mengin
ki- ara
remombuh
hei
bakng
suhup
bilah
nd== ara
==ga
baar-baar
hei
sogokng
n- unu
na
bet
siga.lama.na
bali
deirdn.na
bigut
kabur
kiou
punga
sinapakng
n- utukng
ng- kuah
nubuh
babi
hanah
m- iaah
na
silah
engat
na
diti
i- k- aap
ou
lama
kei
diaadn
nti
nd== ara
==ku
nubuh
n- ig- biakng
keng- di
gibiidn
na
na
gulu
-in- ngin- onong
i- piti -aadn
muri
tenggabadn
nubuh
alih
ina
ina
==mi
hei
domon
penah
==ku
tuakng
bali
totog
ndah
m- inggat
ombok
buh
n==
ngai
mah
ou
kii
in- uhubm
ng- upadn
daidn
keng- di
m- -intut
di
kuakng
-in- g- iit
kumpugadn
sama
na
ajukng
siga.lama.na
ba
na
maap
m- -onsuh
mual
libu
ng- uru
urang.tuah
keng- di
nu
anu
katih
bitakng
==ga
ouu
gambar
asal
kei
subai
m- be- bali
-i- taruh
biag
kuntil
na
tolu
kei
bohit
==ga
na
suhi
tuadn.umur
nd== ara
-in- ng- ai
pusud
kiou
na
na
api
ou
nubuh
deirdn.na
sood
engat
pandi
m- uduh -adn
gangguh
siga.lama.na
na
tidi
ou
na
pinsadn
dii
n- togih
na
aha
gulu
mual
ouu
na
nubuh
leidn
tidi
ou
bakng
mah
tapih
bas
romu
ny==
-im- tiligud
raah
na
ndah
n==
-in- n- ambakng
lamun
meleid-meleid
singgurua
maap
nubuh
midua
-m- bajuh
hei
na
diaadn
-in- rari
na
pisinah
ke- benar -an
m- aksah
ndah.pa
alakng-alakng
na
di
na
m- oroh
di
peg- surndukng
-in- guluu
-i- km- ponuh
kirab
ki- biag -adn
na
di
bilah
sarah-sarah
i- gi- libag
surugah
mintohog
libudn
nti
ponuh
bakng
mual
di
siidn
longon
poroh
apuh
bali
ng- ohol
hei
kenggamang
piih
mu- lumak
peg- togih
==ga
na
toidn
sisih
m- ohodn
asu
diti
hei
mondog
na
ndah
-in- m- ongol
keng- di
odu
dumah
keng- di
api
==ga
na
nu
buat
na
i- k- aap
keng- di
tindiangan
nga
di
upadn
amah
mah
di
na
garat
languh
i- k- aap
k- iid
==hu
na
ki- pida -adn
di
asal
tidi
tentobodn
pudulih
engat
ou
punga
ina
keng- di
n- igat
di
na
pandah
ndah
lama
sia
kandak
punti
na
-i- -m- teronos
ndah
inubuh
amah
-in- ng- uah
punga
na
g- iit
ina
ihi
iniaan
punga
na
pusud
hei
na
mbeih
na
tampa
poukng
ina
na.haah.na
domon
di
pe- nge- ladu
mah
hiti
sinsei
maap
di
na
buh
di
orob
kiou
na
ou
maap
besta
mual
ndah
aa
mual
-in- ge- rapat
tanah
na
di
diaadn
usbadn
min- di
nubuh
tengis
bakng
sei
na
dua
ina
punti
nubuh
di
mulah
uubm
-i- mati
nd== ara
n- -tatakng
penggorokng
genggi
bas
na
asal
m- odobm
siga
lanjakng
i==
na
menongil
nubuh
gulu
diaadn
sikng
ina
ihi
kilibuan
m- piti -aadn
dii
mah
ng- kuah
pandi
tinuug
tuurdn-munuurdn
gulu
i==
ina
mistiih
-in- n- -uruk
uhu
-in- ke- sobit
dia
nu -an
na
di
kunuh
amah
tuhad
langan~langan
kuiih
tentang
sia
diti
buh
punga
ou
ndah
mati
==ga
ihi
mahad
diaadn
ndah
meg- kuang- kuang
nge- rapat
m- iag
na.haah.na
buh
ndah
==ku
-i- -m- abat
mual
biag
induh
puhi
induh
louk
na
languh
k- epat -adn
na
ng- ge- -rampus
min- di
n- indoidn
==ga
m- obo
na
su- suad
bonggi
k- intabm
ke- -door
muluali
rua
ihi
ng- -uhut
hei
ndah
berhei
gigiu
in- ohodn
kiou
mbat
sensorodn
na