one
your
cut INF
say AOR
"Samur" OBL GEN
say AOR
cop
say ENT
one
knowledge
sweet
that
say ENT
is NEG
kilometer
go AOR
take AOC
COME.TILL
before
two
what
necklace PL
chapter OBL PT ESS
stay,remain IN
sit AOC
I
write IMPF
finish
say ENT
you ERG
that
throw ENT
wife
keep,defend AOR
german.person PL OBL GEN AND;FOCUS
bring.again AOR
way,.road OBL SP ESS
sea OBL GEN
2sg.abs
take ENT
and
wound
public OBL DAT AND;FOCUS
present
day
say ENT
out
matchmaker PL AND;FOCUS
say AOR
but
come AOC
go ENT
good
all
her
give
my
was
Holiday PL
how
boy OBL DAT
door
go.down AOR
say AOR
dear
grandfather OBL GEN
say AOR
himself ERG GEN
1sg.gen
cop COND
1pl.abs
two
and.amand
1pl.gen
give FUT
1pl.abs
another OBL DAT
water
appear PERF
heart OBL SP EL
bank OBL SP EL
think.much AOR think.much AOR
chapter OBL SP ESS
say AOR
thought
go INF
that
say AOR
sister
he DAT
happened PERF
give AOC
restaurant OBL DAT
was
1pl.gen
word
1pl.abs
say ENT
say ENT
public OBL DAT AND;FOCUS
valley OBL GEN
give AOR
sit AOC
say AOR
have DAT
fortress OBL GEN
say AOR
cop AND;FOCUS
encyclopedia PL
bathhouse IN ESS
FLY
stay,remain AOR
one
time PL ERG
himself ERG GEN
cop.PST.NEG
one
Bezkhanum ERG
make.extiguished AOR
go AOC
how
sen.Allah
aunt
like
girl PL OBL GEN
in.no.way AND;FOCUS
say AOR
far
go AOC
look AOP TEMP
go.again,return IMPF
say AOR
say ENT
you.know
yes
ground OBL SP ESS
Twenty
1pl.gen
that
a.lot
that
himself
sea OBL GEN
fourteen
after.all
eye PL OBL DAT
say ENT
chance
while.going
hand IN ESS
place IN ESS
down
week
like.that
ashuq ERG
after
himself ergative DAT
one
that
1sg.gen
2sg DAT
IT.WILL.BE.DONE
water DAT
go.down ENT
one
2sg.gen NEG
boy OBL DAT
1pl.abs
one
after
1sg.ERG
time
sea OBL GEN
child
cop
way
2sg.abs
found AOR
combine AOC
dog
border OBL SP ESS
robber OBL DAT AND;FOCUS
tire AOR
dear
say AOR
it
a.while.after
special
say ENT
Anadyr.from DIR DAT
he.also DAT
boy ERG
this
one
look.IMPV
my
2sg.abs
house PL
take.back
now
day OBL DAT
dig
1sg.ERG
say AOR
this
give AOC
go AOR
girl AND;FOCUS
2sg DAT
one
wound
our
say ENT
say AOR
say AOR
1pl.abs
himself ERG GEN
THANK.YOU
this
well
station
this
house IN ESS
1sg.ERG
one
there PST
Ma'am ERG
cassette
where PST
nation
one
that
if.is
1sg.gen
simple
cop COND
today
that PL
evening OBL GEN
say AOR
with DAT
bread
want FUT
happened PERF
2sg.gen
say AOR
2sg.abs ERG
ten
be.born INF
nine.hundred
girl OBL SP ESS
other
fire
boy OBL PT ESS
say ENT
advice OBL AD ESS
fall.on AOR
want IMPF
mother OBL DAT
there.from PST
Ma'am
say AOR
come AOC
more
one
2sg.abs
like.this
say AOR
say AOR
1pl.abs
girl OBL PT ESS
commonly
say AOR
give AOC COND
that
day
turn.back AOC
over
himself
he
eye PL
girl AND;FOCUS
fall,precipitate IMPF
it
balcony IN ESS
heart IN ESS
cop.NEG
head OBL PT ESS AND;FOCUS
want IMPF PTCP
hit
fellow.countryman
mount AOR
scratch
call ENT
is DAT
2sg.abs
now
great
one
more AND;FOCUS
1sg.ERG
news
himself OBL GEN
that
After AND;FOCUS
Holiday OBL SP EL
grandfather ERG AND;FOCUS
say AOR
this.one
deed PL
1sg.ERG
2sg DAT
way
bread AND;FOCUS
take PERF
outpost OBL SP ESS
2sg.abs OBL
not
him.to
child PL
here
one
1pl.erg
put! PERF
1pl.erg
boy
2sg DAT
then
house IN ESS
heart IN ESS
that
time
approximately
puppy OBL DAT
say ENT
take AOR
he.also DAT AND;FOCUS
this
come PERF PST
before
dog
give
"Samur"
the.one.after
And.but
he
want IMPF
life OBL GEN
that
mother ERG
village
already
return ENT
after
story
say AOR
2pl.abs
this
buy FUT NEG Q
nine
boy ERG
cop
19
or
go AOR
one
soil
water
this
dear
sister ERG
make IMPF
soil OBL SB EL
want ENT PTCP
you.know
put ENT
on.the.contrary
this
eye PL OBL SP ESS
one card.
tradition
catch AOC
other
with
say AOR
draw,pull INF
now
say ENT
himself ERG DAT
cop
this
1sg.ERG
say AOR
1sg.ERG
high
that
say AOR
this
or
month PL
side OBL DAT
countryside OBL DAT
one
say AOR
boy
house PL OBL ESS
mother OBL GEN
come AOC
dog
one
never
this
knowledge AOC
now
hill OBL SP ESS
that OBL DAT
so.much
say AOR
Azerbaijan
country OBL DAT
these
1sg.ERG
this
appear AOC
good
is.there
reign ENT
uncle
bring AOR
this
take AOC
one
whoever
girl AND;FOCUS
bread
appear AOR COND
this
condition OBL DAT
animal
how.much
cop.NEG
owner
like.that
five
reach ENT
all
put!
say AOR
come AOC
mother AND;FOCUS
nice
owner
and
want IMPF PTCP
himself OBL GEN
boy AND;FOCUS
house IN ESS
head
forest PL IN EL
go AOR
Sevda
dear ERG
then
castle PL
us ERG DAT
boy ERG
one
one
with.haste
great
king AND;FOCUS
here
turn.back AOC
german.person PL ERG
new
cop if
spade OBL AD ESS
my
catch FUT COND
look ENT
mother.in.law ERG AND;FOCUS
Uhm
one
want IMPF
that
be.IMPV
himself
1pl.abs
cop
come AOC
he GEN
knowledge
drink ENT
go AOC
boy
say AOR
horse
that
chapter OBL SP ESS
this
that PL
fireplace IN ESS
say ENT
bush PL IN EL
possible
paper
border. DIR DAT
catch ENT
say AOR
Holiday OBL DAT
soil
before
after.all
town.square OBL SP ESS
today
even
one
happy
small
he AND;FOCUS
twelve OBL DAT
that DAT
great
say AOR
young
this OBL DAT AND;FOCUS
one
king OBL GEN
want IMPF
1sg.ERG AND;FOCUS
one
easy
1sg.ERG
say AOR
say ENT
grandfather ERG
was
this
maybe
what
with DAT
this
it
stone PL OBL GEN
more
give AOC
come AOC
say AOR
blind
puppy PL
this
say AOR
eye PL OBL SP ESS
with DAT
jewish
say AOR
brother
read SBST HORT
no
one
steed OBL PT ESS
it
no
be PST TEMP
dog
that
say IMPF
catch AOC
pour
was
word PL
more AND;FOCUS
with
come PERF PST
example
word
bird
friend ERG AND;FOCUS
father
say ENT
go AOR
wow
1sg.ERG
head
brother OBL DAT AND;FOCUS
look.IMPV
wound
1sg.ERG
dog
one
him.to DAT
1pl.erg
say AOR
these ERG GEN
1sg.ERG AND;FOCUS
eat AOC
return AOC
you.know
mount ENT
now
after.all
money
how
2sg DAT
this
on
king
you
start ENT
poor
exceed
fur
one
newspaper OBL GEN
beautiful
say AOR
a.lot
red
say ENT
this
day OBL SP EL
say AOR
say IMPF
say AOR
this
stay,remain ENT
you
herself
armenian OBL GEN
want IMPF NEG
sit AOC
1sg.ERG
now
here
man
buy HORT
go PERF
but
front
tomorrow
appear
want IMPF PTCP
1sg.ERG
war
it
one
fortress
all
crane OBL GEN
black
boy OBL DAT
say AOR
with
buy AOR
praise SBST
1pl.abs
one
say ENT
take FUT
these ERG
bank IN ESS
dog
that
king AND;FOCUS
together
want ERG DAT
he DAT
owner
light
return PERF
say AOR
country OBL DAT
THIS
say ENT
this
but
armenian
after
no
one
ladle
very
2sg.gen
there
that
chance
one
village OBL GEN
all
this
evening OBL GEN
that
voice
say ENT
day
but
all
oh
throne OBL SP ESS
go.again,return AOR
no
1pl.gen DAT
1sg.gen
1sg.ERG
arrow OBL DAT
happened PST TEMP
appear AOR
one AND;FOCUS
air OBL SP EL
girl ERG
our
sweetheart OBL DAT
this
bird
him.to AND;FOCUS
there PST
a.while.after
water
on
king OBL DAT
say ENT
say AOC
another OBL DAT
go ENT
dear ERG
say IMPF
go ENT
kind
tie AOR
dog
but
make,do AOR
tea PL
moaning;.ahh
cop
german.person PL OBL PT ESS
fourty
1sg.ERG AND;FOCUS
one
son
want IMPF
beautiful DIR
sea OBL GEN
take AOC
like
hide ENT
Jahan
owner AND;FOCUS
today
very
good
with
2sg.gen
girl OBL DAT
like.that
1sg.ERG
up
come AOC
that
girl ERG AND;FOCUS
say AOP
him.to DAT
give ENT
side OBL AD ESS
time OBL SP EL
Christian
WANTED PERF PST SBST
make ENT
put.in PERF PST
but
day
after
disaster
1pl.gen
say ENT
our
that,.the.same
girl PL ERG AD ESS
1pl.abs
"Samur'
this
them OBL GEN
thing
1pl.gen DAT
me.from ERG PST
king OBL GEN
village
say AOR
boat IN ESS
1pl.gen
say ENT
heart
escape IMPF
springboard
one
head
here.you.go
want IMPF
return AOR
like.that
say AOR
only
stay AOR
I.wonder
king
on
say AOR
go AOC
that
picture
help FUT COND
dog
leave AOC
it
now
will.be
give IMPF PTCP
new
2sg.abs
cold
after.all
2sg.abs
Isi
mountain PL OBL AD ESS
1pl.gen DAT
boatman
1sg.ERG
military.service ERG
mountain.person PL OBL DAT
happened AOP
soldier PL
down
group
2sg DAT
nation IN EL
bank OBL AD ESS
beautiful
one
say AOR
grumble
2sg.gen
please.do
there
now
say ENT
that
that,.the.same
this
business OBL DAT
say AOR
Nabran.to OBL DAT
1pl.erg
my
my
this
take ENT
that,.the.same OBL GEN
friend PL ERG
go AOR
Tagiyev OBL DAT
house IN ESS
one
go FUT
night OBL DAT
son
brother
return ENT
chapter OBL SP ESS
hand IN EL
but
nineteen.in DIR DAT
boy AND;FOCUS
that,.the.same
make HORT
think.much AOR think.much AOR
son
he DAT
king OBL DAT
newspaper
after
take PERF
knowledge AOR
go IMPF
owner
deceive ENT
that,.the.same
look AOC
fall FUT
everybody
2sg.gen
this
long IN
one
one
rest OBL SP EL
that
side PL OBL ESS
operator ERG
was
dog
so.much
this
dog
jump IMPF PTCP
place IN EL
one
say ENT
beautiful
you.know
say AOR
shoot.down AOR
put.under AOC
one
three
man PL
good
one
Zeller
name
these
these
good
oh
that
great
time IN ESS
oh
agreement
say ENT
is NEG
girl OBL DAT
that
teacher
what HORT
robber
1sg.gen
here
jump FUT
way IN ESS
you.know
1sg.gen
fall,precipitate IMPF
say AOR
bull PL OBL AD EL
1sg.ERG
like
say AOR
he
word AND;FOCUS
girl PL OBL GEN
cop
young
Nusret
throw AOC
what
person ERG
after.all
after
say AOR
drink HORT
picture
son
that
dear
punishment
like.that
this
half PL AND;FOCUS
one
here DAT
1pl.erg
that
girl OBL GEN
sea OBL DAT
brother
that
courage
say AOR
knowledge
this
come AOC
took.care OBL SB ESS
news
way PL
say ENT
one
what
normal
say ENT
PURP
catch AOC
in.no.way
2sg.abs
even
I.wonder
this
well
cop
thing PL
go AOR
Sedaget
say AOR
one
give IMC
brother PL AND;FOCUS
small OBL DAT
say AOR
storm
sweetheart
how
himself OBL GEN
say AOR
quickly
how.Q
hand IN EL
grateful
was
grief
return FUT
character
give AOC
come AOR
here PST
this
king
smoke
either
king
send FUT
decision OBL DAT
down
five.six
never
cop.NEG
come ENT
then
one
himself this GEN
fifty
that
himself
that
fall AOR
this
1pl.abs
time
it
place OBL SP EL
small
1pl.gen DAT
one
send PERF
here PST
with
fate,destiny IN ESS
tomorrow
where
say ENT
boy AND;FOCUS
that
buy INF
one
say ENT
1sg.ERG
boy
say ENT
more AND;FOCUS
king AND;FOCUS
love AND;FOCUS
look.IMPV
then
country
us ERG DAT AND;FOCUS
sea OBL GEN
voice
make,do AOR NEG
after.all
happened PERF
go FUT PTCP TEMP
buy IMC
side OBL SP ESS
give AOC
2sg.abs
picture
one
reach AOR
today there ERG
1sg.gen
say IMPF
but
market OBL DAT
return AOC
actions.do FUT
this
king
or
come AOC
cop.NEG
what
even
fire
"Samur"
friendship
where.being.PTP.SBST
say IMC
happened PERF
one
reach AOC
was
one
chapter OBL SP ESS
cop.Q
return AOR
country OBL DAT
bill.of.sale
say AOR
hand IN EL
bring AOR
now
one
uncle ERG AND;FOCUS
make IMPF
this
himself
give AOP
is PST DIR
and
go AOC
come AOC
wish
say AOR
beautiful
Rafik's OBL GEN
boy
that
one
punishment
give
bathhouse IN ESS
that
one
want ERG
now
fortress PL OBL GEN
this
say ENT
buy PROH
take ENT
it.also GEN
say ENT
two
say AOR
after
basin
why
say AOR
dog OBL PT ESS
1pl.gen DAT
province IN ESS
here.you.go
knock AOR
horse OBL GEN
it.also AND;FOCUS
return FUT
one
good
that,.the.same
rain
your
go AOC
like GEN DIR
then
day
that
look AOC
decision
2sg.abs ERG
there PST
hang.PFT.PTP PERF PST
mother OBL GEN
FRAUD DAT
two
want IMPF
say ENT
2sg.gen
1sg.ERG
very
come ENT
today
great
what
open ENT
person
say AOR
talis OBL GEN
scholar OBL GEN
forty
say AOR
say ENT
stand.up,rise ENT
ashuq OBL DAT
snow
valenka PL
one
say ENT
go AOR
time
story
say AOC
bank OBL SP EL
1pl.gen DAT
1pl.abs
go.again,return AOR
2sg.abs
say ENT
and
that,.the.same
say AOR
one
open ENT
fall.on AOC
heart IN ESS
thing AND;FOCUS
look.IMPV
say ENT
this
get.out AOC
mother
1pl.abs
week
think.much IMPF
one
2sg.gen
call AOC
1sg.gen
say AOC
1sg.ERG
say IMPF
good
And.but
window IN EL
say ENT
he AND;FOCUS
now
ibrahimova
brother AND;FOCUS
today
Beshir
IN.TIME have
owner
dear
dear
all
here PST
that
man PL
finish AOR
leave AOR
make HORT
go FUT PTCP TEMP
time PL ERG
house IN ESS
king OBL DAT
passport
it
them
2sg.abs
handful IN ESS
1sg.ERG
this
one
moaning;.ahh
two OBL DAT
that
day
say AOR
one
where.being.PTP.SBST
Five
drink INF
each.other
Shirin
give AOR
say ENT
you
disaster
this
harvest
give HORT
king AND;FOCUS
was
ashuq ERG
but
sea OBL GEN
more
2pl.abs
happened PERF
sea OBL SP EL
say AOR
Khudat
that DAT
come AOP go AOP
1pl.erg
open IMPF
remake,redo ENT
one
say AOR
buy AOC
if.do OPT
grandfather OBL DAT
war
what
him.to AND;FOCUS
friend HORT ERG DAT
him.to GEN
bread
him.to
stay
is
here.from
spring OBL SP ESS
plough
this
"Samur"
give AOR NEG
hand
well
plan
fall.on AOR
artist OBL AD ESS
one
take AOC
minute
say AOR
praise
live IMPF
outpost
that
owner
fall AOR
one
sugarcube
one
this
thing
father
three
cuting.PTP.MAN
after.all
can't OPT
one
pearls PL OBL GEN
shame
say AOR
this
go AOC
one
go FUT PTCP TEMP
just
say AOR
say AOP
these
on..duty OBL DAT
great
come AOR
her DAT
still.be,.remain
that
that
1pl.erg
make INF
fire
here
say ENT
her
fireplace IN ESS
go AOC
Shahdag OBL GEN
year
answer
look AOC
son
one
put HORT
son
look
say AOC
child PL OBL PT ESS
neighbor PL OBL DAT
german.person ERG
Jahan
it
be PERF NEG
say ENT
high
one
one
our
say AOC
great DAT
meet ENT
you.know
one
dear
1pl.gen DAT
direction.(rus)
2sg.abs ERG
it
ha
make HORT
moon
leg OBL SP ESS
dear
other
say ENT
go FUT
1sg.ERG
this.one
water
dog
sea IN EL
from.far
lip PL
after
this
say ENT
chance
up SBST PST
other
by.cunning .NESS OBL SP DIR
say AOR
that PL
sheep
king OBL GEN
say ENT
with DAT
say ENT
that
go ENT
buy AOR
return PERF
he GEN DIR
is
himself
son
2sg DAT
after
happen DAT
himself ERG GEN
say AOR
say AOR
was
say AOR
wood PL
this.one
brother
uh
was
boy PL ERG
1pl.abs
well
punishment
himself ERG DAT
hand IN ESS
say ENT
stay AOR
hand OBL SB EL
themselves DAT
is PST
one
boy OBL DAT AND;FOCUS
go INF
start ENT
be AOR
one
gym PL
say AOR
one
with
1pl.gen
wife AND;FOCUS
Sedaget
one
say AOR
king
dog
two
your
girl OBL SB EL
himself ERG AND;FOCUS
himself
1sg.ERG
child AND;FOCUS
catch AOC
want IMPF PTCP
1sg.ERG DAT AND;FOCUS
leave AOC
happen PERF NEG
this
uh