come AOC
go ENT
good
all
her
give
my
was
Holiday PL
how
boy OBL DAT
door
go.down AOR
say AOR
dear
grandfather OBL GEN
say AOR
himself ERG GEN
1sg.gen
cop COND
1pl.abs
two
and.amand
1pl.gen
give FUT
1pl.abs
another OBL DAT
water
appear PERF
heart OBL SP EL
bank OBL SP EL
think.much AOR think.much AOR
chapter OBL SP ESS
say AOR
thought
go INF
that
say AOR
sister
he DAT
happened PERF
give AOC
restaurant OBL DAT
was
1pl.gen
word
1pl.abs
say ENT
say ENT
public OBL DAT AND;FOCUS
valley OBL GEN
give AOR
sit AOC
say AOR
have DAT
fortress OBL GEN
say AOR
cop AND;FOCUS
encyclopedia PL
bathhouse IN ESS
FLY
stay,remain AOR
one
time PL ERG
himself ERG GEN
cop.PST.NEG
one
Bezkhanum ERG
make.extiguished AOR
go AOC
how
sen.Allah
aunt
like
girl PL OBL GEN
in.no.way AND;FOCUS
say AOR
far
go AOC
look AOP TEMP
go.again,return IMPF
say AOR
say ENT
you.know
yes
ground OBL SP ESS
Twenty
1pl.gen
that
a.lot
that
himself
sea OBL GEN
fourteen
after.all
eye PL OBL DAT
say ENT
chance
while.going
hand IN ESS
place IN ESS
down
week
like.that
ashuq ERG
after
himself ergative DAT
one
that
1sg.gen
2sg DAT
IT.WILL.BE.DONE
water DAT
go.down ENT
one
2sg.gen NEG
boy OBL DAT
1pl.abs
one
after
1sg.ERG
time
sea OBL GEN
child
cop
way
2sg.abs
found AOR
combine AOC
dog
border OBL SP ESS
robber OBL DAT AND;FOCUS
tire AOR
dear
say AOR
it
a.while.after
special
say ENT
Anadyr.from DIR DAT
he.also DAT
boy ERG
this
one
look.IMPV
my
2sg.abs
house PL
take.back
now
day OBL DAT
dig
1sg.ERG
say AOR
this
give AOC
go AOR
girl AND;FOCUS
2sg DAT
one
wound
our
say ENT
say AOR
say AOR
1pl.abs
himself ERG GEN
THANK.YOU
this
well
station
this
house IN ESS
1sg.ERG
one
there PST
Ma'am ERG
cassette
where PST
nation
one
that
if.is
1sg.gen
simple
cop COND
today
that PL
evening OBL GEN
say AOR
with DAT
bread
want FUT
happened PERF
2sg.gen
say AOR
2sg.abs ERG
ten
be.born INF
nine.hundred
girl OBL SP ESS
other
fire
boy OBL PT ESS
say ENT
advice OBL AD ESS
fall.on AOR
want IMPF
mother OBL DAT
there.from PST
Ma'am
say AOR
come AOC
more
one
2sg.abs
like.this
say AOR
say AOR
1pl.abs
girl OBL PT ESS
commonly
say AOR
give AOC COND
that
day
turn.back AOC
over
himself
he
eye PL
girl AND;FOCUS
fall,precipitate IMPF
it
balcony IN ESS
heart IN ESS
cop.NEG
head OBL PT ESS AND;FOCUS
want IMPF PTCP
hit
fellow.countryman
mount AOR
scratch
call ENT
is DAT
2sg.abs
now
great
one
more AND;FOCUS
1sg.ERG
news
himself OBL GEN
that
After AND;FOCUS
Holiday OBL SP EL
grandfather ERG AND;FOCUS
say AOR
this.one
deed PL
1sg.ERG
2sg DAT
way
bread AND;FOCUS
take PERF
outpost OBL SP ESS
2sg.abs OBL
not
him.to
child PL
here
one
1pl.erg
put! PERF
1pl.erg
boy
2sg DAT
then
house IN ESS
heart IN ESS
that
time
approximately
puppy OBL DAT
say ENT
take AOR
he.also DAT AND;FOCUS
this
come PERF PST
before
dog
give
"Samur"
the.one.after
And.but
he
want IMPF
life OBL GEN
that
mother ERG
village
already
return ENT
after
story
say AOR
2pl.abs
this
buy FUT NEG Q
nine
boy ERG
cop
19
or
go AOR
one
soil
water
this
dear
sister ERG
make IMPF
soil OBL SB EL
want ENT PTCP
you.know
put ENT
on.the.contrary
this
eye PL OBL SP ESS
one card.
tradition
catch AOC
other
with
say AOR
draw,pull INF
now
say ENT
himself ERG DAT
cop
this
1sg.ERG
say AOR
1sg.ERG
high
that
say AOR
this
or
month PL
side OBL DAT
countryside OBL DAT
one
say AOR
boy
house PL OBL ESS
mother OBL GEN
come AOC
dog
one
never
this
knowledge AOC
now
hill OBL SP ESS
that OBL DAT
so.much
say AOR
Azerbaijan
country OBL DAT
these
1sg.ERG
this
appear AOC
good
is.there
reign ENT
uncle
bring AOR
this
take AOC
one
whoever
girl AND;FOCUS
bread
appear AOR COND
this
condition OBL DAT
animal
how.much
cop.NEG
owner
like.that
five
reach ENT
all
put!
say AOR
come AOC
mother AND;FOCUS
nice
owner
and
want IMPF PTCP
himself OBL GEN
boy AND;FOCUS
house IN ESS
head
forest PL IN EL
go AOR
Sevda
dear ERG
then
castle PL
us ERG DAT
boy ERG
one
one
with.haste
great
king AND;FOCUS
here
turn.back AOC
german.person PL ERG
new
cop if
spade OBL AD ESS
my
catch FUT COND
look ENT
mother.in.law ERG AND;FOCUS
Uhm
one
want IMPF
that
be.IMPV
himself
1pl.abs
cop
come AOC
he GEN
knowledge
drink ENT
go AOC
boy
say AOR
horse
that
chapter OBL SP ESS
this
that PL
fireplace IN ESS
say ENT
bush PL IN EL
possible
paper
border. DIR DAT
catch ENT
say AOR
Holiday OBL DAT
soil
before
after.all
town.square OBL SP ESS
today
even
one
happy
small
he AND;FOCUS
twelve OBL DAT
that DAT
great
say AOR
young
this OBL DAT AND;FOCUS
one
king OBL GEN
want IMPF
1sg.ERG AND;FOCUS
one
easy
1sg.ERG
say AOR
say ENT
grandfather ERG
was
this
maybe
what
with DAT
this
it
stone PL OBL GEN
more
give AOC
come AOC
say AOR
blind
puppy PL
this
say AOR
eye PL OBL SP ESS
with DAT
jewish
say AOR
brother
read SBST HORT
no
one
steed OBL PT ESS
it
no
be PST TEMP
dog
that
say IMPF
catch AOC
pour
was
word PL
more AND;FOCUS
with
come PERF PST
example
word
bird
friend ERG AND;FOCUS
father
say ENT
go AOR
wow
1sg.ERG
head
brother OBL DAT AND;FOCUS
look.IMPV
wound
1sg.ERG
dog
one
him.to DAT
1pl.erg
say AOR
these ERG GEN
1sg.ERG AND;FOCUS
eat AOC
return AOC
you.know
mount ENT
now
after.all
money
how
2sg DAT
this
on
king
you
start ENT
poor
exceed
fur
one
newspaper OBL GEN
beautiful
say AOR
a.lot
red
say ENT
this
day OBL SP EL
say AOR
say IMPF
say AOR
this
stay,remain ENT
you
herself
armenian OBL GEN
want IMPF NEG
sit AOC
1sg.ERG
now
here
man
buy HORT
go PERF
but
front
tomorrow
appear
want IMPF PTCP
1sg.ERG
war
it
one
fortress
all
crane OBL GEN
black
boy OBL DAT
say AOR
with
buy AOR
praise SBST
1pl.abs
one
say ENT
take FUT
these ERG
bank IN ESS
dog
that
king AND;FOCUS
together
want ERG DAT
he DAT
owner
light
return PERF
say AOR
country OBL DAT
THIS
say ENT
this
but
armenian
after
no
one
ladle
very
2sg.gen
there
that
chance
one
village OBL GEN
all
this
evening OBL GEN
that
voice
say ENT
day
but
all
oh
throne OBL SP ESS
go.again,return AOR
no
1pl.gen DAT
1sg.gen
1sg.ERG
arrow OBL DAT
happened PST TEMP
appear AOR
one AND;FOCUS
air OBL SP EL
girl ERG
our
sweetheart OBL DAT
this
bird
him.to AND;FOCUS
there PST
a.while.after
water
on
king OBL DAT
say ENT
say AOC
another OBL DAT
go ENT
dear ERG
say IMPF
go ENT
kind
tie AOR
dog
but
make,do AOR
tea PL
moaning;.ahh
cop
german.person PL OBL PT ESS
fourty
1sg.ERG AND;FOCUS
one
son
want IMPF
beautiful DIR
sea OBL GEN
take AOC
like
hide ENT
Jahan
owner AND;FOCUS
today
very
good
with
2sg.gen
girl OBL DAT
like.that
1sg.ERG
up
come AOC
that
girl ERG AND;FOCUS
say AOP
him.to DAT
give ENT
side OBL AD ESS
time OBL SP EL
Christian
WANTED PERF PST SBST
make ENT
put.in PERF PST
but
day
after
disaster
1pl.gen
say ENT
our
that,.the.same
girl PL ERG AD ESS
1pl.abs
"Samur'
this
them OBL GEN
thing
1pl.gen DAT
me.from ERG PST
king OBL GEN
village
say AOR
boat IN ESS
1pl.gen
say ENT
heart
escape IMPF
springboard
one
head
here.you.go
want IMPF
return AOR
like.that
say AOR
only
stay AOR
I.wonder
king
on
say AOR
go AOC
that
picture
help FUT COND
dog
leave AOC
it
now
will.be
give IMPF PTCP
new
2sg.abs
cold
after.all
2sg.abs
Isi
mountain PL OBL AD ESS
1pl.gen DAT
boatman
1sg.ERG
military.service ERG
mountain.person PL OBL DAT
happened AOP
soldier PL
down
group
2sg DAT
nation IN EL
bank OBL AD ESS
beautiful
one
say AOR
grumble
2sg.gen
please.do
there
now
say ENT
that
that,.the.same
this
business OBL DAT
say AOR
Nabran.to OBL DAT
1pl.erg
my
my
this
take ENT
that,.the.same OBL GEN
friend PL ERG
go AOR
Tagiyev OBL DAT
house IN ESS
one
go FUT
night OBL DAT
son
brother
return ENT
chapter OBL SP ESS
hand IN EL
but
nineteen.in DIR DAT
boy AND;FOCUS
that,.the.same
make HORT
think.much AOR think.much AOR
son
he DAT
king OBL DAT
newspaper
after
take PERF
knowledge AOR
go IMPF
owner
deceive ENT
that,.the.same
look AOC
fall FUT
everybody
2sg.gen
this
long IN
one
one
rest OBL SP EL
that
side PL OBL ESS
operator ERG
was
dog
so.much
this
dog
jump IMPF PTCP
place IN EL
one
say ENT
beautiful
you.know
say AOR
shoot.down AOR
put.under AOC
one
three
man PL
good
one
Zeller
name
these
these
good
oh
that
great
time IN ESS
oh
agreement
say ENT
is NEG
girl OBL DAT
that
teacher
what HORT
robber
1sg.gen
here
jump FUT
way IN ESS
you.know
1sg.gen
fall,precipitate IMPF
say AOR
bull PL OBL AD EL
1sg.ERG
like
say AOR
he
word AND;FOCUS
girl PL OBL GEN
cop
young
Nusret
throw AOC
what
person ERG
after.all
after
say AOR
drink HORT
picture
son
that
dear
punishment
like.that
this
half PL AND;FOCUS
one
here DAT
1pl.erg
that
girl OBL GEN
sea OBL DAT
brother
that
courage
say AOR
knowledge
this
come AOC
took.care OBL SB ESS
news
way PL
say ENT
one
what
normal
say ENT
PURP
catch AOC
in.no.way
2sg.abs
even
I.wonder
this
well
cop
thing PL
go AOR
Sedaget
say AOR
one
give IMC
brother PL AND;FOCUS
small OBL DAT
say AOR
storm
sweetheart
how
himself OBL GEN
say AOR
quickly
how.Q
hand IN EL
grateful
was
grief
return FUT
character
give AOC
come AOR
here PST
this
king
smoke
either
king
send FUT
decision OBL DAT
down
five.six
never
cop.NEG
come ENT
then
one
himself this GEN
fifty
that
himself
that
fall AOR
this
1pl.abs
time
it
place OBL SP EL
small
1pl.gen DAT
one
send PERF
here PST
with
fate,destiny IN ESS
tomorrow
where
say ENT
boy AND;FOCUS
that
buy INF
one
say ENT
1sg.ERG
boy
say ENT
more AND;FOCUS
king AND;FOCUS
love AND;FOCUS
look.IMPV
then
country
us ERG DAT AND;FOCUS
sea OBL GEN
voice
make,do AOR NEG
after.all
happened PERF
go FUT PTCP TEMP
buy IMC
side OBL SP ESS
give AOC
2sg.abs
picture
one
reach AOR
today there ERG
1sg.gen
say IMPF
but
market OBL DAT
return AOC
actions.do FUT
this
king
or
come AOC
cop.NEG
what
even
fire
"Samur"
friendship
where.being.PTP.SBST
say IMC
happened PERF
one
reach AOC
was
one
chapter OBL SP ESS
cop.Q
return AOR
country OBL DAT
bill.of.sale
say AOR
hand IN EL
bring AOR
now
one
uncle ERG AND;FOCUS
make IMPF
this
himself
give AOP
is PST DIR
and
go AOC
come AOC
wish
say AOR
beautiful
Rafik's OBL GEN
boy
that
one
punishment
give
bathhouse IN ESS
that
one
want ERG
now
fortress PL OBL GEN
this
say ENT
buy PROH
take ENT
it.also GEN
say ENT
two
say AOR
after
basin
why
say AOR
dog OBL PT ESS
1pl.gen DAT
province IN ESS
here.you.go
knock AOR
horse OBL GEN
it.also AND;FOCUS
return FUT
one
good
that,.the.same
rain
your
go AOC
like GEN DIR
then
day
that
look AOC
decision
2sg.abs ERG
there PST
hang.PFT.PTP PERF PST
mother OBL GEN
FRAUD DAT
two
want IMPF
say ENT
2sg.gen
1sg.ERG
very
come ENT
today
great
what
open ENT
person
say AOR
talis OBL GEN
scholar OBL GEN
forty
say AOR
say ENT
stand.up,rise ENT
ashuq OBL DAT
snow
valenka PL
one
say ENT
go AOR
time
story
say AOC
bank OBL SP EL
1pl.gen DAT
1pl.abs
go.again,return AOR
2sg.abs
say ENT
and
that,.the.same
say AOR
one
open ENT
fall.on AOC
heart IN ESS
thing AND;FOCUS
look.IMPV
say ENT
this
get.out AOC
mother
1pl.abs
week
think.much IMPF
one
2sg.gen
call AOC
1sg.gen
say AOC
1sg.ERG
say IMPF
good
And.but
window IN EL
say ENT
he AND;FOCUS
now
ibrahimova
brother AND;FOCUS
today
Beshir
IN.TIME have
owner
dear
dear
all
here PST
that
man PL
finish AOR
leave AOR
make HORT
go FUT PTCP TEMP
time PL ERG
house IN ESS
king OBL DAT
passport
it
them
2sg.abs
handful IN ESS
1sg.ERG
this
one
moaning;.ahh
two OBL DAT
that
day
say AOR
one
where.being.PTP.SBST
Five
drink INF
each.other
Shirin
give AOR
say ENT
you
disaster
this
harvest
give HORT
king AND;FOCUS
was
ashuq ERG
but
sea OBL GEN
more
2pl.abs
happened PERF
sea OBL SP EL
say AOR
Khudat
that DAT
come AOP go AOP
1pl.erg
open IMPF
remake,redo ENT
one
say AOR
buy AOC
if.do OPT
grandfather OBL DAT
war
what
him.to AND;FOCUS
friend HORT ERG DAT
him.to GEN
bread
him.to
stay
is
here.from
spring OBL SP ESS
plough
this
"Samur"
give AOR NEG
hand
well
plan
fall.on AOR
artist OBL AD ESS
one
take AOC
minute
say AOR
praise
live IMPF
outpost
that
owner
fall AOR
one
sugarcube
one
this
thing
father
three
cuting.PTP.MAN
after.all
can't OPT
one
pearls PL OBL GEN
shame
say AOR
this
go AOC
one
go FUT PTCP TEMP
just
say AOR
say AOP
these
on..duty OBL DAT
great
come AOR
her DAT
still.be,.remain
that
that
1pl.erg
make INF
fire
here
say ENT
her
fireplace IN ESS
go AOC
Shahdag OBL GEN
year
answer
look AOC
son
one
put HORT
son
look
say AOC
child PL OBL PT ESS
neighbor PL OBL DAT
german.person ERG
Jahan
it
be PERF NEG
say ENT
high
one
one
our
say AOC
great DAT
meet ENT
you.know
one
dear
1pl.gen DAT
direction.(rus)
2sg.abs ERG
it
ha
make HORT
moon
leg OBL SP ESS
dear
other
say ENT
go FUT
1sg.ERG
this.one
water
dog
sea IN EL
from.far
lip PL
after
this
say ENT
chance
up SBST PST
other
by.cunning .NESS OBL SP DIR
say AOR
that PL
sheep
king OBL GEN
say ENT
with DAT
say ENT
that
go ENT
buy AOR
return PERF
he GEN DIR
is
himself
son
2sg DAT
after
happen DAT
himself ERG GEN
say AOR
say AOR
was
say AOR
wood PL
this.one
brother
uh
was
boy PL ERG
1pl.abs
well
punishment
himself ERG DAT
hand IN ESS
say ENT
stay AOR
hand OBL SB EL
themselves DAT
is PST
one
boy OBL DAT AND;FOCUS
go INF
start ENT
be AOR
one
gym PL
say AOR
one
with
1pl.gen
wife AND;FOCUS
Sedaget
one
say AOR
king
dog
two
your
girl OBL SB EL
himself ERG AND;FOCUS
himself
1sg.ERG
child AND;FOCUS
catch AOC
want IMPF PTCP
1sg.ERG DAT AND;FOCUS
leave AOC
happen PERF NEG
this
uh
1pl.gen DAT
this ERG
this
anger
agree
1sg.gen
start ENT
make IMPF
say AOR
dog
that
happening PL
her
these OBL DAT
these
this
1pl.erg
folktale
with DAT
but
stay,remain AOR
root OBL SP ESS
agreement
call ENT
father
this
say ENT
homeland OBL DAT
this
come ENT
put ENT
this
remake,redo FUT
other
go.again,return AOR
fireplace IN ESS
him.to AND;FOCUS
want ERG
house PL OBL GEN
public
that
1pl.gen
I.wonder
morning OBL PT DIR
happened PERF
beautiful
sea OBL GEN
precipitate
girl OBL PT ESS AND;FOCUS
say AOR
one
NEG make,do PERF PTCP
this
war
king OBL DAT
mother
2sg.gen
that
my
country IN ESS
say ENT
one
one
dear
say AOR
house IN ESS
military
go AOR
1pl.abs
beautiful
chapter PL
will.be
1pl.erg
there
aunt ERG
stay,remain IN
head
boy OBL GEN
she
look AOP COND
house PL OBL GEN
boy ERG
catch ENT
news PL
choose FUT
long ENT
group
public ERG
today
1sg.ERG
make IMPF
1pl.erg
worthy
hide HORT
why
one
look AOR
want IMPF PTCP
fall,precipitate IMPF
go ENT
eye PL
1pl.abs
1pl.erg
Afiya
send.PTP.COND
2pl.abs ERG
look AOP COND
time IN ESS
stay,remain AOR
Akhtinsky
2sg DAT
1sg.ERG
say AOR
say AOR
bathe INF
fall AOR
go AOR
return AOC
say AOR
buy AOR
boy ERG
better
come AOR NEG
1pl.abs
say ENT
give MSD
this
yes
1pl.gen
bear
himself this
night OBL GEN
come AOC
man ERG
finish
open HORT
this
cop COND
say AOR
he NEG
nine.hundred
but
but
look AOC
eye PL
always
well
say AOC
throne OBL SP ESS
1sg.ERG and
house IN ESS
say ENT
Baku IN ESS
was
bank OBL AD ESS
stone
catch ENT
be
oh
two card.
comfort
only
here
now
say ENT
look AOC
stove OBL SP ESS
fire
what
2sg.gen
he
now
wasn't
go FUT PTCP PURP
this
say ENT
her
boy PL ERG
concert
say PERF
book
drink AOC
minor
tea PL
attention OBL DAT
like
servant PL
bug PL OBL SB EL
export
with DAT
scale
himself ERG
house
say AOR
boat
1pl.erg
one
say ENT
only
fire
crane
brother AND;FOCUS
that
one
1sg.ERG AND;FOCUS
heavy
day
say ENT
how
himself ERG GEN
whoever
this
village OBL GEN
whip OBL AD ESS
that
good
bug
sit!
take ENT
wind
beautiful
after
you.know
that PL
organize FUT
there PST
more
this
say ENT
TILL
that.one
sea OBL GEN
then
one
that
pig
Tagiyev ERG
he GEN
king OBL GEN
say ENT
now
2sg.abs
boy
sea OBL GEN
himself ERG GEN
ashamed
good
take AOC
come.out AOR
dog
2sg.abs
say AOR
him.to GEN
whip OBL AD ESS
good
is.there
there DAT
say PERF
beautiful
that
city
say IMC
there PST
now
look IMPF
take ENT
he AND;FOCUS
go AOR
buy AOC
house IN ESS
robber
open AOR
his
time
go AOR
throw ENT PST
that
three
stove OBL SP ESS
mother
glass
and
return PERF
say EL PURP
this ABS
give AOR
pity
stay,remain AOR
come.out AOR
village OBL GEN
present
that ERG DAT
six
king OBL DAT
boy
say AOR
gold
thing AND;FOCUS
cop
man
appear ENT
please.do
look ENT
reign ERG DAT
1pl.erg
that
house OBL DAT
now
1pl.abs
say ENT
2sg.abs ERG AND;FOCUS
catch PERF
hand
say AOR
one
plough
doing.AOP TEMP
return AOR
three
1sg.ERG
this
you.know
wood PL
say ENT
know IMPF
Kazakhstan IN ESS
1sg.gen
this
word
1pl.erg
say ENT
baby
give PERF
one
fire OBL SB EL
house IN ESS
say ENT
Allah OBL DAT
go ENT
fear
time
only
this
enter HORT
demand
time IN ESS
draw,pull INF
slowly
1sg.gen
boy
nail OBL SB EL
boy
that
where
was
one
say PERF
say ENT
word
say ENT
then
BROUGHT.UP
is.there PST
look AOP TEMP
it
knowledge
bring AOC
night OBL DAT
go IMPF
that
1sg.ERG
everybody
aunt ERG
what
father
say AOR
it.seems
young
month PL SP EL
thing AOR
2sg.abs
dear
ashuq
dog
one
this
say AOR
after
always
go.again,return FUT
these ERG
king OBL GEN
with PST
this
eye PL OBL DAT
near
more
want ERG DAT
that
front.line OBL DAT
oh
that
your
but
HEARD PERF.CONT
themselves AND;FOCUS
know IMPF NEG
go AOC
in
is PST SBST
here DAT
more
village
boy
say IMPF
you.know
go AOC
boy
say AOR
fourty
where PST
1pl.gen
them ERG GEN
good
1sg.ERG
go IMPF PTCP
unit
goods.and.chattels
where
give IMC
June OBL GEN
1pl.gen
come AOC
Berlin IN EL
grandfather OBL DAT
TO.GIVE
attention IN EL
1pl.gen
footprint OBL PT ESS
that
is PST SBST
fight
very
Khudat
you.know
2sg.abs
that
say ENT
cop
I
is PST SBST TEMP PST AND;FOCUS
two
boy OBL DAT
1sg.ERG
spring OBL GEN
owner
sea OBL GEN
come.out
himself
1pl.erg
son
being.AOC
but
one
village OBL GEN
come ENT
before
wife DAT
king
other
1pl.abs
cloth AND;FOCUS
boy
cop
About
this
place OBL SP EL
1pl.erg
say ENT
stomach IN ESS
one
ashuq ERG
1sg.ERG
then
that
say AOR
himself ERG GEN
turn.back AOC
wall OBL SP ESS
water FUT PTCP
chapter PL AND;FOCUS
whoever
good
how
fear
take AOC
hand
cause.to.sit ENT
you.know
cop
look AOP COND
that
give HORT
boy OBL DAT AND;FOCUS
themselves ERG GEN
that
go AOC
happened PERF
like.that
recording
king OBL DAT AND;FOCUS
my
send AOR
say ENT
2sg.abs ERG
one
say AOR
give.PTP.MAN
while.getting.down INF
say AOR
2sg DAT
1sg.gen
2sg.erg
aforementioned.they.to.also
then
look AOC
voice
knowledge AOC
before
like.that
good
approach NEG
direct
wish
that
say ENT
was
1sg.ERG
say AOR
1pl.gen DAT
speak IMPF
she DAT
believe
say AOR
say ENT
1pl.gen
that,.the.same
these ERG
one
this
one
say ENT
sea OBL GEN
1pl.erg
appear IMPF
this.one
this
this
cab IN ESS
now
dog
him.to AND;FOCUS
create AOR
put.under AOR
come AOC
come.out AOR
family OBL DAT
give AOC
American PL this
spring OBL SP ESS
cut INF
take ENT
go.IMPV
that
1pl.erg
cloth AND;FOCUS
come
say ENT
this.one
Ma'am ERG
heart OBL SP ESS
then
say ENT
1pl.gen
kill FUT
boy OBL GEN
1sg.ERG DAT AND;FOCUS
one
be.born POSTR
say AOR
say ENT
boy OBL AD EL
happened PERF
that
one
1pl.abs
one
say AOR
soil
turn.back ENT
two
COME.TILL
2sg DAT
give PERF PST
1pl.gen
1sg.ERG
rain
this
neighbor PL
himself ERG GEN
exceed
this AND;FOCUS
king
open HORT
this.night
more
right NESS
say AOR
sit IMPF NEG
say AOR
it
today
one
kill INF
one
one
opposite.side OBL DAT
on
one
bring AOC
king
that.on
2sg.abs
sea OBL GEN
die!
one
head
falcon
go.again,return AOR
say AOR
that,.the.same
pearls OBL GEN
is PST
hill OBL SP ESS
captain
go INF
very
border. DIR DAT
eeh
say AOR
he DAT
stone
here
you ERG
there
with
cold ERG
bathhouse IN ESS
teacher
homeland OBL DAT
very
shepherd
you.know
want IMPF
buy AOR
here.to DAT
year
say ENT
2sg.erg
one
day
say ENT
story
fortress PL
flake
this
he.from 2sg PST
two
say ENT
or
what
come.out AOR
her
stay,remain AOR
want IMPF PTCP SBST
day OBL SP EL
this
amazement
more
teacher AND;FOCUS
want IMPF
1sg.ERG
that PL
bring HORT
eat AOC
this
dog
climb(up),mount AOC
enter PERF
alone
fourty
give ENT
say ENT
say AOR
enough
internet
be.will
this
cop COND AND;FOCUS
say ENT
that
that
remove AOR
secretly
big
say IMPF
eye PL
now
word
three four
dog OBL DAT
walk AOR
way
blue
these ERG GEN
keep,defend AOR
not
one
say AOR
soil AND;FOCUS
fortress OBL DAT
him.to
that OBL DAT
say AOR
say ENT
say AOR
my
mountain
say ENT
be.FUT.Q
statement
him.to
thanks
so.much
what
alone
tradition
say AOR
uncle
with DAT
all
this
root PL this TEMP PST
town.square OBL SP ESS
catch AOC
this
shack
GOING.TO.SLEEP.TEMP TEMP
this
tea PL
that
was
1pl.abs
1pl.gen
beat INF
one
brother
one
run AOR
cop.NEG
one
flower
say AOR
cloth PL
NEG do HORT
but
DIDN'T.GET.NEG.SBST SBST
here DAT
him.to AND;FOCUS
three
2sg.abs ERG
still.be,.remain
grandfather ERG AND;FOCUS
say ENT
side
1sg.ERG
tire
wood PL
want ERG
himself ERG
one
this
thing AND;FOCUS
one
new
1pl.erg
fortress PL
here
jump IMPF PTCP
let.it.be
agreement
climb(up),mount AOC
himself ERG GEN
open PST IMMANT
himself
one
oh
soil PL
dog OBL GEN
mount ENT
remake,redo ENT
1pl.abs
village OBL GEN
come AOC
what
house OBL SP EL
good
happened PERF
gold
three ERG
now
take AOR
give.as.gift IMPF
plough
hardly
what
Ledjet
king OBL DAT
one
return TEMP
one
take.down AOC
come PERF
1pl.erg
more
well
cop.NEG
this
one
2sg.gen
fall,precipitate IMPF
then
1pl.erg
falcon
1pl.erg
house IN ESS
was
go AOC
king OBL GEN
that
there.from
there.to AND;FOCUS
say AOR
hardly
say AOR
thing OBL DAT
this
recently
eye PL
before
you
say AOC
this
bug
with DAT
help FUT
2sg DAT
sea OBL GEN
two say PST
house OBL DAT
then
2sg DAT
1sg.gen
2sg.abs ERG
king
cop COND
brother
then
1pl.erg
go AOR
boy OBL DAT
exemplary
make IMPF
year OBL SP EL
bring.IMPV
way IN ESS
Nasrullah
time OBL SP DIR
two
public OBL DAT
go ENT
this
where.being.PTP.SBST
say ENT
one
country OBL GEN
one
boy
two.three
go.again,return ENT
call ENT
book
valley OBL GEN
that,.the.same
dog OBL DAT
one
himself ERG GEN
this
go.again,return IMPF
king ERG
other
one
say ENT
good
one
say AOR
soil AND;FOCUS
2sg.gen
on
again
earlier
that
And.but
our
one
walk INF walk INF
say ENT
these
this
similar
this
after
1pl.erg
1sg.ERG
1sg.ERG
means
already
2sg.gen
bring.IMPV
one
say AOR
this
NEG make,do OPT
hand
ooh
this
himself ERG
you
say IMC
break
1pl.gen DAT
cop
Derbent.in IN ESS
be.IMPV
being
time
after
give AOC
there
brother
now
after
himself ERG GEN
boy ERG
actually
handful IN ESS
picture
is PST
tomorrow
say ENT
was
this
anyway
relative ERG AND;FOCUS
country IN ESS
1sg.ERG
you
wound
girl OBL PT ESS AND;FOCUS
time
Derbent.in OBL GEN
dear IMPF
conscript
say AOR
fireplace
say ENT
us ERG
Yaran
go AOC
girl AND;FOCUS
look IMPF
there
Azerbaijan PL
justice ERG
REACHED
say ENT
bathhouse OBL DAT
one
reflxv AND;FOCUS
month OBL ESS
cop
throw AOC
2sg.gen
happened AOR
boy OBL DAT
dog
say ENT
say AOR
Berlin IN EL
that,.the.same
chapter OBL SP ESS
jump AOC
king OBL AD EL AND;FOCUS
then
say ENT
climb(up),mount AOC
drink AOR
bug
him.to AND;FOCUS
say AOC
wood PL
1sg.ERG
say AOR
barrack OBL SP ESS
great
that
us ERG
thing AND;FOCUS
time IN ESS
buy AOR
it
philosopy
this
one
want IMPF
with
cop
that
call AOC
wall OBL SP EL
this
with
there EL
say ENT
while.going
newspaper OBL GEN
material
handful IN ESS
one
Sedaget
put AOR
that
what
this
eight
say ENT
1pl.gen DAT
hand IN ESS AND;FOCUS
lawyer PL
man
how
eight
was
say ENT
was
uncle
export
him.to GEN
go AOR
say AOR
look AOP COND
kind
say ENT
red
great
dear
say AOR
year
say ENT
one
is DAT
say ENT
1pl DAT
say IMPF
wild
king
vodka
make FUT NEG
king OBL GEN
then
it
another
2sg.gen
statement
her
take AOR
then
what ERG DAT
althought AND;FOCUS
this
was
here.from
hand IN ESS
2sg.gen
there
this
herself
say ENT
he.also
well
wedding PL
german.person PL OBL PT ESS
this
what
very
like.that
well
good
approach ENT
that PL
Isabala ERG
more
isn't
one
give PERF PST
was
if
public OBL DAT AND;FOCUS
dog
cloth PL
stage
time IN ESS
that
1pl.abs
punishment
cop
this
friend DIR
her
then
use
king
air PL ERG DAT
boy PL OBL DAT
day
king OBL DAT
him.to DAT
1pl.abs
therefore
language
come AOC
dog
1pl.abs
eeh
eye PL
egg
eye PL
mother OBL DAT
he
"Samur"
before
all
name OBL DAT
attention PL
Isi
say AOR
chapter IN EL
was
(historical).story IN
say AOR
ration
one
that
man
one
give AOR
sea OBL SP EL
now
oh
is IMMANT
king
that
with
one
1sg.gen
car AND;FOCUS
open IMPF
say AOR
he.and
want ERG DAT
bring AOC
help FUT
bag PL
go PERF PST
knowledge
time AND;FOCUS
war
buy AOC
thing AND;FOCUS
turn.back AOC
song PL OBL DAT
that
three
my
guard
one
how
other.one
go FUT PTCP PURP
go AOR
beautiful
himself ERG
these ERG AND;FOCUS
wave,wag AOR
her
still.be,.remain
today
that
hospital IN ESS AND;FOCUS
2sg DAT
this
mainly
this
1sg.ERG
hand IN ESS AND;FOCUS
say ENT
2sg.gen
1sg.ERG
take AOR
captivity(rus)
HIDE.IMPV
catch AOC
separated
him.to AND;FOCUS
go IMPF
take AOR
boy OBL PT ESS
say AOR
think.much PROH
our
form
cloth AND;FOCUS
give
one
valley IN ESS
other
mine
if.do
1pl.erg
take ENT
say AOR
wife
cloth PL
child PL
beautiful
write PERF
well
cop.NEG
Aah
that
sea OBL GEN
Shollar.from DIR DAT
chair PL
go AOR
make IMPF
2sg DAT
sea OBL GEN
dam IN SP ESS
she DAT
go AOR
say AOR
now
today
cop
stone
1pl.abs
go AOC
water
hand
2sg DAT
each.other
this
word AND;FOCUS
say AOR
soul OBL DAT AND;FOCUS
punishment
show
keep,defend AOR
two
happened PERF
mourn DIR DAT
nice
attract
say AOR
side OBL DAT
Migrah
animal PL
boy
sister
heart OBL SP ESS
other
this
this
walk AOR
never
voice
look.IMPV
moment
sea OBL GEN
open
give AOR
house PL
here DAT
before
head
1pl.gen
this
window
say AOR
go IMPF
look AOP COND
1sg.ERG
that
oh
this
screaming.AOP
chapter OBL SP ESS
place OBL SP EL
new
two
after.all
this
fall.on AOR
1sg.ERG AND;FOCUS
say ENT
dear
horse OBL SP ESS AND;FOCUS
wound
say ENT
cleanless PURP
public
o'clock OBL GEN
sea OBL GEN
that
other
cop
spring OBL SP ESS
say ENT
Bezkhanum OBL PT ESS
2sg.abs
say IMPF
one
1pl.abs
look AOR
1pl.gen DAT
new DAT
fire AND;FOCUS
catch AOC
Poland IN EL
great
after
village OBL GEN
eye PL OBL SP ESS
phone
this
or
punishment
one
that
say AOR
moaning;.ahh
never AND;FOCUS
commonly
1sg.ERG
longing.PTP.COND
news PL
that
say ENT
this
1sg.gen
one AND;FOCUS
but
put.under ENT
september OBL DAT
cop AND;FOCUS
very
soil
Russia
make.extiguished AOC
mother
vein PL
red
say AOR
him.to AND;FOCUS
him.to GEN
Anadyr.from ERG DAT
cop
come AOR
why
marrie
2sg.gen
breath
A.LITTLE
agree
is NEG INF
Georgia DIR DAT
one
there
say ENT
but
close AOR
week IN SP EL
2sg.abs ERG
child PL ERG
boy
2sg.gen
cop COND
ticket PL
go AOR
year OBL DAT
go AOR
my
grandfather ERG
fortress OBL AD ESS
himself ERG DAT
look AOC
say AOC
this
hay OBL GEN
that
that
bush PL IN EL
tsits
hit
1pl.erg
that
amazing
make.filled AOC
appear ENT
here PST
say AOR
this
this
that,.the.same
this
house IN ESS
very.sad
price
hand IN EL
horse
step
appear
oh
give
night OBL DAT
dear
drink INF
ashuq
ashuq
you.know
cart AND;FOCUS
these ERG
patience
now
accountant
what
say AOR
one
one
take AOC
he
Allah
that,.the.same
2sg.abs ERG AND;FOCUS
day
tablecloths PL AND;FOCUS
dear IMPF
two
boy AND;FOCUS
2pl.abs
village OBL GEN
one
uncle
return AOC
drink.IMPV
one
bring.IMPV
this
hat AND;FOCUS
one
want IMPF PTCP
boy
mother OBL GEN
appear
here.you.go
man
now
this
say ENT
cold ERG
say ENT
even
middle IN EL
side OBL DAT
Poland DIR DAT
cop.NEG
he
fall.on AOR
Ma'am ERG
us ERG
person
two
king
beautiful
more
say ENT
king
say AOR
Lezgi
sack OBL GEN
give AOR
bird
that
say ENT
come PERF
1sg.ERG
2sg.abs ERG
dead
on
go.again,return AOR
go AOR
1sg.gen
hand
girl OBL SB EL
Derbent.in OBL DAT
this
go AOC
get.out AOC
that
owner
he.also AND;FOCUS
sugarcube PL
say ENT
wed FUT
grandfather AND;FOCUS
that
other
say AOR
that
get.out AOC
always
mother AND;FOCUS
name
day
that
1pl.erg
boy ERG
go AOC
say AOR
moaning;.ahh
plough
2sg.abs
countryside IN ESS
him.to DAT AND;FOCUS
or
fight
market OBL SP ESS
return ENT
encirclement IN ESS
soil
1pl.abs
die INF
fortress OBL DAT
cop.NEG
sugarcube PL
arrow
one
help COND
story
boy AND;FOCUS
there
more AND;FOCUS
mother AND;FOCUS
you.know
say AOR
these
want IMPF
house IN ESS
be GEN
boy OBL DAT AND;FOCUS
that
upset
beautiful
cold ERG
one
king OBL DAT
backwards
this
but
say AOR
tsits
was
spring PL
horse ERG AND;FOCUS
blood ERG
say AOR
king
chapter OBL SP ESS
now
teacher ERG
1pl.erg
say ENT
give AOP
catch PERF
which.ones
baby
1pl.erg
his
that
can.be.NEG
boy
but
spring PL
three
one
himself ERG
look PERF
happy
this
one
secretly
that
hand
want IMPF PTCP
boy OBL GEN
mother AND;FOCUS
this
one
go.again,return AOR
boy OBL DAT AND;FOCUS
1sg.ERG AND;FOCUS
cop.NEG
very
this
show IMPF
make IMPF
small
grandfather OBL GEN
year
king
know FUT NEG
take ENT
say AOR
look AOP COND
sweet
is AND;FOCUS
girl OBL SP ESS
he GEN
country OBL DAT
story OBL GEN
he.again
hold
make PROH
punishment
questioning
2pl DAT
that
himself ERG
one
cop
2sg DAT
is
give FUT
take AOR
like
water
phone PL
1sg.gen
sea OBL GEN
1sg.ERG
it
sweetheart OBL DAT
1pl.erg
lenght
unconcious
chapter
Yaran
leave PROH
return ENT
1pl.abs
that
make.ache ENT
buy PERF PTCP
sea OBL GEN
agree
one
1sg.ERG
son PL
draw,pull PERF
there
ground IN ESS
way
give IMC
love OBL GEN
cop INF
want IMPF
fortress OBL DAT
put! AOR
breath
of.course
o'clock OBL DAT
party OBL DAT
good
look ENT
two say PST
girl AND;FOCUS
say AOR
all
be SBST NEG
redo AOR
great
say ENT
24.hour.period
then
form PL
here
more
language
happened PERF
2sg.abs ERG
girl AND;FOCUS
say AOR
once AND;FOCUS
1pl.erg
well
happy
more AND;FOCUS
grandmother OBL DAT AND;FOCUS
water
turn.back IMPF
go ENT
wife DAT
catch AOC
wound
this
2sg DAT
war
year OBL GEN
that
mount ENT
say IMPF
Everything AND;FOCUS
border. PL
NEG make,do PERF PTCP
punishment
beautiful
return PERF
make,do PERF
it
this
eye PL OBL SP ESS
call AOR
here
him.to
will.not.be
last
in.the.arms
return FUT
say AOR
was
she DAT
say ENT
love,dear.one ERG GEN
go AOR
appear
"Samur"
father
1sg.gen
brother AND;FOCUS
say ENT
remove AOC
say AOR
Migrah PL OBL GEN
her
vizier PL
Jahan
2sg.abs
nine
him.to AND;FOCUS
bring AOR
one
all
girl OBL GEN
hand IN EL
give ENT
that,.the.same
then
great
stone
this
boy OBL DAT AND;FOCUS
say IMC
Sebrilla
this ABS
say IMPF
jewish AND;FOCUS
happened PERF COND
then
turn.back AOC
that
look.IMPV
please.do
high.to DIR DAT
say ENT
hospital IN ESS AND;FOCUS
himself ERG GEN
1sg.gen
military.service OBL DAT
us ERG
Shemseddin OBL GEN
great
then
say ENT
roe PL AND;FOCUS
then
say ENT
no
after.all
1pl.abs
say AOR
look ENT
1pl.abs
red
return PERF
use
catch ENT
give AOC
these
boy
buy AOR
throw IMC
only
us ERG DAT
him.to DAT
this.one
make,do AOR COND
say ENT
one
this
18
horse ERG AND;FOCUS
take PERF
1pl.gen DAT
dear
girl ERG
water
himself
this.that
after
Magaan ERG DAT
come PERF PST
that PL
evil PURP
here DAT
one
one
Holiday OBL DAT
three
say ENT
1sg.ERG
thing
decide AOR
child PL OBL AD ESS AND;FOCUS
this
kill INF
catch AOC
1pl.gen
cop COND
say ENT
say AOR
fear IMPF
think.much IMPF
cop if
say ENT
was
well
oh
recording PL
that
one
time IN ESS
two
say ENT
commander OBL DAT
1pl.abs
two OBL DAT
go FUT
say AOR
uncle
spring
1pl.erg
what
was
very
say IMC
say AOR
and
1pl.abs
on
water
send.PTP.COND
look AOC
buy FUT NEG Q
more
that
side
what.for
return AOR
stuff
1pl.erg
her
say ENT
come ENT
put.under PERF
still.be,.remain AND;FOCUS
1sg
divide
make,do PERF
there PST
this
basically
beautiful
that
come AOC
say ENT
Ma'am ERG
give
himself OBL GEN
NEG look OPT
jump
newspaper OBL GEN
forest PL IN EL
chapter OBL SP ESS
brother OBL SP ESS
forty.five.fifty
heart IN ESS
dastan PL
"Samur"
buy AOC
bring.IMPV
one
this
give IMC
puppy
like.this
german.person PL ERG
he DAT
beautiful
wedding PL
this
country OBL DAT
that
"Samur" OBL GEN
before
mother
time
sea OBL GEN
go AOR
that
1sg.ERG
time
give
was
himself ERG DAT
night OBL GEN
that
say ENT
so.much
say AOR
plov PL
girl AND;FOCUS
land
Bats
2sg.gen
so.much
end
sea OBL GEN
go AOC
water DAT
this
happened PERF
screaming.AOP
one
say IMPF
battalion DIR GEN
one
that
pig
car PL
dear
fear
that,.the.same
one
one
wood PL
chapter OBL SP ESS
take FUT
say AOR
say IMC
these OBL DAT
look ENT
happened PERF
fortress OBL DAT
bug
now
fire
bread
this
say AOR
return AOR
being
two
bring
student
this
son DAT
scale
buy AOR
be.will
2sg.abs
scale OBL GEN
to.gather
on
2sg.abs
wood PL
this
say AOR
that
that
still.be,.remain IMPF.CONT
come AOC
decision OBL DAT
happened AOR
concert AND;FOCUS
chapter OBL SP ESS
take AOC
married
soil
him.to AND;FOCUS
beautiful
shoulder OBL SP ESS AND;FOCUS
take AOC
faithful
fire
boy
one
baby PL
country
then
these
time OBL SP ESS
is INF
picture
that
Sedaget
if.do
that
remake,redo ENT
look MSD
already
that
say ENT
give INF
glass
come AOC
say ENT
take ENT
that
this
say ENT
night OBL DAT
sister NESS AND;FOCUS
say AOR
that,.the.same
newspaper OBL GEN
animal PL
sea OBL DAT
1pl.abs
hand
cop
one
make ENT
king
relative
ring.button,doorbell OBL SP ESS
this
2sg.gen
come ENT
how.much
cuting.PTP.MAN
say IMC
time
what
look PST COND
how
cavalry
beautiful DIR
put.under AOR
go GEN
because
2sg.abs
news
snow
four
go FUT
say ENT
come AOC
come AOC
himself
training IN ESS
one
dinner
good
front.line OBL DAT
say AOR
very
then
that
say AOR NEG
this
cool PURP
wolk ERG
like
boy AND;FOCUS
AT.THIS.MOMENT
one
1pl.abs
come ENT
you.know
chapter IN SP ESS
1pl.erg
baby PL
fourty
you.know
this
now
o'clock OBL DAT
side OBL DAT
2sg DAT
1sg.ERG
1sg.ERG
look IMPF PST
brother AND;FOCUS
1pl.abs
tea OBL DAT
appear IMPF NEG
June OBL GEN
these
worry
that.aforementioned
stage IN ESS
dog
time IN ESS
military.service OBL DAT
2sg DAT
bring FUT
who
go ENT
you.know
2sg.erg
him.to GEN
1pl.abs
plough
kind
that
how
that
want IMPF
maybe
mother ERG
was.ENT
two
elder.brother OBL PT ESS
although
1sg.ERG
cop
say ENT
what ERG DAT
but
1sg.ERG
spring OBL GEN
water PL
why
that
say ENT
order
that
with
village OBL GEN
you.know
enter HORT
evil PURP
this
so.much
1sg.gen
Sedaget
book
chapter PL
king
go.again,return FUT
that
like.that
one
one
very
go IMPF
king OBL GEN
beautiful
think.much IMPF Q
turned.out
military.service ERG
there PL DAT
burning
very
minute
say ENT
say ENT
2sg.abs ERG
then
1sg.ERG
then
horse
return PERF
boy OBL GEN
that,.the.same
like.that
see IMPF
boy OBL GEN
was
she DAT AND;FOCUS
1pl.abs
man
this
say ENT
himself ERG GEN
after
thought
you.know
cloth PL
like.this
how
still.be,.remain AND;FOCUS
say AOC
that
Everything AND;FOCUS
say ENT
oh
return ENT
is PST
mother OBL GEN
it
king
wedding OBL PT ESS
one
no
him.to AND;FOCUS
concert
what
after
but
puppy ERG
before
one
shift OBL SP ESS
Sevastopol ERG DAT
my
here
1pl.abs
one
1pl.gen DAT
like.that
well
say AOR
vacation
say ENT
voice
NEG give AOC
say ENT
this OBL GEN
actually
Sedaget
look AOP COND
opposite.side OBL DAT
arrow OBL GEN
wedding
anyway
dog
go FUT
one
mount AOR
draw OPT
turn.back AOC
old.woman OBL GEN
wood PL
you.know
other
1pl.abs
come AOC
go FUT
massage
her
happened PERF
answer
say AOR
this
say AOR
force
chain OBL AD ESS
say AOR
strong
meet ENT
very
give IMC
address
time OBL DAT
there PST
artist OBL DAT
this ABS
Ma'am ERG
man OBL DAT
us OBL GEN
go AOC
1pl.abs
thing OBL DAT
come FUT
say ENT
maybe
king
day
happy
go AOP OBL SP EL
take ENT
with
one
help AOP SBST
Lezgi PL AND;FOCUS
this
say AOC
return AOR
this
book IN EL
Baku OBL DAT
catch AOR
girl OBL GEN
take AOC
childhood
call AOC
leather
be.IMPV
here
love
say AOR
go.IMPV
1pl.abs
was
my
another
word
singer PL AND;FOCUS
happening.AOC
boat.in.being.IMC
ashuq
girl OBL GEN
what ERG DAT
boy AND;FOCUS
1sg.gen
then
moaning;.ahh
beautiful
our
that
other
were.speaking
take AOC
and
say AOC
this
1sg.ERG
hand
him.to GEN
maybe
this
wood PL
what
in.Russian
these
say ENT
say AOR
in.no.way
return PERF
after
that
him.to AND;FOCUS
there
sea IN EL
1pl.abs
house OBL DAT
good
1pl.abs
this
picture
Chukotka
say AOR
boy OBL GEN
is NEG
world OBL GEN
one
he
ask AOR
go IMC
pearls OBL GEN
want IMPF
winter OBL PT EL
more
wood PL
that
you.know
one
come AOR
happy
this
house PL OBL ESS
Everything AND;FOCUS
soldier
house PL OBL DAT days OBL DAT
well
go AOC
uncle
one
say AOR
that,.the.same
two
1pl.erg
them AND;FOCUS
1pl.abs
school OBL SP EL
say AOR
approach AOR
this
say IMPF
sea OBL GEN
weather PL
one
village OBL DAT DIR
king
put.under AOC
that
is NEG
exist.doesn't
himself ergative DAT
2sg DAT
bread
one
remake,redo ENT
one
go AOR
you.know
needing.AOP
is DAT
flake
unit GEN ERG DAT
say ENT
make.ache IN
that
how
girl ERG AND;FOCUS
spring OBL SP ESS AND;FOCUS
actually
go PERF
one
kind
say ENT
call,ring AOR
ha.ha.ha
after
fall.on AOR NEG
wedding PL
literature OBL DAT
that
himself ERG
he DAT
more AND;FOCUS
Shahdag OBL GEN
quickly
this
1sg.ERG
you.know
comfort
soil
get.out AOC
say ENT
go.again,return AOR
these ERG AND;FOCUS
go ENT
that
Christian
plough
take.off AOR
one
simple
to.gather IMPF PTCP SBST
time IN ESS
that OBL DAT
what
enter FUT
this
where
Lithuania OBL GEN
wolk ERG
house
friend PL ERG
say AOR
dear
whip OBL AD ESS
himself ERG GEN
say AOP
one
that
one
piece
more
say ENT
say AOR
far DAT was
want IMPF
fortress OBL DAT
give ENT
spring
that
our
come ENT
1sg.ERG
come AOR
praise
go.again,return AOR
say AOR
aproximatly
boy PL ERG
DIED OBL DAT
open AOC
fall.on AOR
him.to GEN
IT.WILL.BE.DONE
go ENT
this
sadness AND;FOCUS
word
this
what
all
this
one
1pl.gen
say AOR
end AND;FOCUS
go AOR
soil
give IMPF
seven
1pl.abs
pass ENT
Isabala ERG
sea OBL GEN
previously.mentioned.one
day
one
one
out
say ENT
this
knowledge
him.to DAT
know ENT NEG
it
2sg DAT
water PL
after
nation
dear
after.all
Lezgi
picture
that
go IMPF
tomorrow
hand OBL SB EL
still.be,.remain NEG
is PST
hand IN ESS
1pl.abs
go ENT
what
2sg.gen
boatman OBL AND;FOCUS
But
difference AND;FOCUS
never
cop.NEG
create
that
country OBL DAT
say AOR
secretly
Muxox IN EL
dog
hand IN EL
attention ENT
cop
leave AOC
cloth AND;FOCUS
say ENT
Imran ERG
that
beautiful
high.voltage
give IMC
fire
shack
king
here ERG
king AND;FOCUS
new
this
after
Sabrillah
dear
say ENT
hand IN EL
girl OBL SP ESS
THIRD PST
desire
more AND;FOCUS
with DAT
uncle
say ENT
put AOR
because.of
tea PL
way,.road OBL DAT
say IMPF
want IMPF PTCP
Rahulla
with DAT
show PROH
what
1pl.gen DAT
take INF
vizier OBL DAT
happened PERF
degree OBL DAT
Belgium DIR DAT
1pl.gen
this
german.person PL OBL DAT
however.COND.FOC
sit ENT
today GEN
let.it.be
then
forest OBL DAT
puppy PL
deceive ENT
say AOR
stick AOR
was
look you AND;FOCUS
us ERG
three
what
2sg.gen
USSR
oh
2sg.abs
2sg DAT
1sg.gen
that
NEG make,do PERF PTCP
thing AND;FOCUS
wood PL
there
pass ENT
say AOR
it.also
A.LITTLE
know IMPF
one
this
boy
mine PL
say ENT
tire AOR
chapter ERG GEN
2sg DAT
one
say AOR
call ENT
one
1sg.ERG
2sg.erg
wasn't
riches
there
one
however.COND.FOC
girl PL
these ERG GEN
give IMC
girl OBL GEN
go AOC
doing.AOP
dog ERG
wood PL
make FUT
encirclement IN ESS
look AOC
then
ashuq OBL DAT
oneself
event
1pl.abs
boy
ground PL
that
village OBL DAT
boy
you.know
three
king
1sg.gen
story
1pl.erg
bathhouse OBL DAT
that
NEG be.will EL
turn.back AOC
one
this
open ENT
forest IN EL
one
wish
kazakh
2sg DAT
say ENT
heart OBL SP EL
teacher
that PL
is.there SBST TEMP PST
one
say AOR
heart
grandfather OBL DAT
but
way IN EL
put.under AOC
what ERG GEN
help FUT
say AOR
that
uncle
say ENT
this
look AOC
move hut AND;FOCUS
make,do AOR NEG
after
say AOR
man PL
make FUT PST
please.do
bring AOR
was
after AND;FOCUS
want IMPF
father
cop.NEG
outpost OBL SP ESS
nation AND;FOCUS
nice PL
THERFORE
write FUT PST
say AOR
he GEN
that
that,.the.same
take.down AOR
NEG.make.PTP COND
can NEG AND;FOCUS
one
keep AOR
word
celebrate AOR
who
this
mount ENT
this
bread
boy ERG
2sg.gen
she DAT
goods.and.chattels
after
girl OBL PT ESS
buy INF
wife
look AOC
come ENT
bring AOC
fire
taxi OBL DAT
say AOR
yes
then
want IMPF
this
coming PST SBST
this
you.know
this
say IMPF
say ENT
hand IN ESS
this
woman PL AND;FOCUS
boy OBL DAT
good
what
two
cop COND
climb(up),mount AOC
1pl.gen
good
NEG look OPT
say IMC
that PL
2sg DAT
him.to DAT
one
oneself
boat IN ESS
finally
2sg.abs
better
unconcious
twenty
grandfather OBL GEN
send.away.IMPV
1pl.erg
extinguish PERF NEG
this
write PERF
2sg DAT
he.also DAT
1sg.ERG
yard OBL SP ESS AND;FOCUS
after.all
say AOR
this
1pl.abs
fall AOR
say AOR
seen
dog
one
himself AND;FOCUS
send ENT
militaries
after
that
bird
make FUT PST
say IMPF
countryside IN ESS
steed
come AOC
you
give IMPF
himself
go ENT
1sg.ERG
1sg.ERG
eye PL
hay OBL GEN
come PERF PST
say ENT
dog
mother
say AOR
start AOR
then
now
say ENT
thought
this
say ENT
often
word
and
day OBL SP ESS
try IMPF
one
man
ashuq ERG
word PL
before
1pl.abs
say ENT
look AOP COND
three
look.IMPV
knowledge
chapter OBL SP ESS
this
2sg DAT
open AOC
sweetheart
if.do
make INF
say ENT
chapter OBL SP ESS
us ERG
1pl.gen
hand IN EL
say AOR
call AOC
girl AND;FOCUS
cop AND;FOCUS
is
this
thousand
now
that
boy
her
this
say AOR
us OBL GEN
agreement
say AOR
great
that
one
1sg.ERG
boy OBL GEN
1sg.ERG
reason OBL SB EL
hang ENT
wish
say ENT
1pl.abs
fellow.countryman PL
snow
or
1sg.gen
or
school OBL GEN
owner AND;FOCUS
cook IMPF PST SBST
day
refusal.(rus)
Tagiyev
say AOR
fourty
she AND;FOCUS
one
leave HORT
with
side IN ESS AND;FOCUS
more
town.square OBL SP ESS
soil AND;FOCUS
go AOR
or
say INF
girl AND;FOCUS
1sg.ERG
give MSD
(historical).story OBL GEN
give AOR
this
time
horse OBL GEN
take AOC
come ENT
a.while.after
teacher ERG
happened PERF
him.to AND;FOCUS
oh
eye PL
man
one
this
way PL
balcony IN EL
child PL OBL DAT
bread
say IMC
say AOR
bring.IMPV
robber AND;FOCUS
catch ENT
that
all
is DAT
say ENT
this
our
way
walk PERF
Isabala
that
countryside OBL DAT
wedding PL
boy AND;FOCUS
1pl.gen DAT
brother PL AND;FOCUS
occasional
poem
hey.man
just ERG
how
1pl.gen
take AOC
three
want ENT PTCP
say ENT
dear
untrusted
heart OBL SP EL
dog
Sabri
him.to AND;FOCUS
this
happened PERF
cop.NEG
one
king
that,.the.same
time OBL DAT
fireplace OBL GEN
like
one
himself ERG GEN
armenian AND;FOCUS
writer OBL GEN
was
say ENT
sea OBL SP EL
Berlin DIR DAT
come ENT
song
soldier
Isabala
he.also AND;FOCUS
stick
sea OBL GEN
that.one
grandfather OBL GEN
one
beat
boy OBL GEN
is PST DIR
sea OBL GEN
this
castle PL
buy AOC
fire
tree IN ESS
say IMPF
he DAT
vizier OBL DAT
say ENT
open ENT
cow PL
one
city
one
say ENT
that
this
soil OBL SB EL
is NEG
day
one
this
want IMPF PTCP SBST
boy OBL DAT
happening.AOC
put.under ENT
say ENT
fall,precipitate AOR
agree
say ENT
1pl.gen DAT
being.AOC
two
say AOR
news
very
Aah
one
rise
say AOR
house IN ESS
cop.NEG
look
this
boat IN ESS
happy
happened PERF COND
soil PL
go AOR
fireplace OBL DAT
say IMPF
come AOC
go AOR
that
baby
with
other
sea OBL GEN
being.AOC
window IN EL
cop.NEG
himself OBL GEN
girl OBL GEN
like.that
Ma'am ERG
moaning;.ahh
this
boatman
say AOR
that,.the.same
1pl.abs
this
please.do
Sedaget
worthy
sit ENT
say ENT
milk OBL SB EL
boy AND;FOCUS
come PERF
every.time
owner
take AOC
separate AOR
small
agree
one
where
what HORT
give IMPF
make IMPF NEG
snow OBL GEN
himself ERG GEN
escape AOR
you
that PL
today
sea OBL GEN
pig PL
2sg DAT
surname
man PL
is.there PST
sea OBL GEN
one
sit ENT
say AOR
THERFORE
2sg.abs
night OBL DAT
this
Idris
blood
like
go AOC
newspaper OBL DAT
you.know
that
climb(up),mount AOR
grandfather OBL GEN
look IMPF Q
one
go PERF PST
grandfather OBL GEN
yourself
1pl.abs
say AOR
how.Q
1pl.abs
move hut AND;FOCUS
dog ERG
this
there
hat AND;FOCUS
1pl.abs
want COND AND;FOCUS
one ERG
was DAT
good
pass ENT
this
these
name
brother OBL AD EL
say AOR
eeh
that,.the.same
1sg.ERG
boy
servant PL
say ENT
moaning;.ahh
november december ERG GEN
guns AND;FOCUS
this
come AOC
go.again,return AOR
principle
say ENT
return PERF
other.one
face ERG
year
give FUT
keep AOR
home
say AOR
that,.the.same
he
he DAT DIR
love
it
one
water
one
well
she GEN
information PL
say AOC
really AND;FOCUS
after
is.there COND
girl OBL DAT
lot.of
happened PERF
say AOR
give AOR
say ENT
himself
say ENT
that
horse
mother
say ENT
is PST SBST
Shahdag OBL GEN
driver OBL DAT
1sg.ERG
there
call AOR
dear
say ENT
give.PTP.MAN
mouth
redo AOR
sea OBL GEN
he
her
good .NESS PL
the.same
man
one ERG
that
say AOR
one
2sg.abs ERG
great
handful IN ESS
that
1sg.ERG
girl ERG
more
now
way
friend ERG AND;FOCUS
soldier
where
this
is NEG
buy PERF PTCP
say AOR
soil
say AOR
province IN ESS
grandfather ERG
go AOR
that
this
be DAT
American PL this
you
uh
say AOR
please.do
one
pig
say ENT
say AOR
all
fireplace OBL DAT
place IN ESS
say ENT
young PL
aformentioned.place
grandfather ERG
this ABS
time OBL SP DIR
there
one
take AOC
sea OBL GEN
open IMPF
house IN ESS
mood
fear
say AOR
But
sea OBL GEN
that PL
boy ERG
fire
say AOR
boy
branch,one.of.a.pair PL
is PST
swear
create AOR
one
cop COND
1sg.ERG
say ENT
fight ENT
1sg.ERG
go INF
catch ENT
say AOR
bring HORT
reach AOC
bring AOR
in.Russian
like.that
roar
her
1pl.gen
go AOC
wife AND;FOCUS
foam
mother
hit AOC
snow OBL SP ESS
village OBL DAT
say ENT
fall,precipitate IMPF
door
one
Jahan
pass ENT
forest OBL GEN
please.do
one
say ENT
exist.doesn't
who
decision OBL SP EL
some
(historical).story OBL GEN
knowledge AOR
boy
bird
two
untrusted
beautiful
village OBL DAT
give AOR
boy OBL GEN
more
1sg.gen
is NEG
market OBL DAT
please.do
then
but
find MSD
say AOC
fight FUT
owner
this
let.it.be
bed IN ESS
arab PL ERG
border. DIR DAT
ladle
come PERF PST
you.know
betrothed
2sg DAT
happen
owner
return PERF
kick
these
like.this
there PST
happy
maybe
is
day
never
say ENT
1pl.abs
girl AND;FOCUS
this
mother
Isi
hand IN ESS
girl ERG
then
name
bring.IMPV
one
war PL IN ESS
day
say AOR
then
that
want IMPF
one
with
this
say ENT
say AOR
drink NEG
girl ERG AND;FOCUS
owner
Leningrad ERG GEN
cop COND
friend
this
week IN SP EL
play INF
you.know
horse OBL GEN
one
take.off AOR
he DAT
today
sea OBL SP EL
say AOR
1pl.abs
outdoors
calm
minute OBL SP EL
say AOR
what
ooh
enter FUT
say ENT
knock AOR
take.off ENT
fire AND;FOCUS
1pl.gen
him.to
clever
say AOR
dog
hand
1sg.gen
fire OBL GEN
with
but
say IMPF
say ENT
him.to AND;FOCUS
go ENT
more
tree IN ESS
NEG.make.PTP COND
give
2sg.abs ERG
say AOR
animal PL OBL GEN
put.on ENT
fall,precipitate IMPF
more
chapter IN EL
more
say AOR
cop
what OBL DAT
1pl.gen DAT
cop.NEG
tongue
one
one
give
father
boy OBL DAT AND;FOCUS
yard OBL SP ESS
after
one
give ENT
that
all
spring OBL GEN
minute
fire
go INF
one
one
one
1sg.gen
cop AOR
Lithuania OBL GEN
chapter
say ENT
long ENT
May OBL DAT
separate AOR
bottom ERG DAT
more
child OBL SP ESS
pans PL
say ENT
week
you ERG
attack
victorious
want IMPF PTCP
reach AOP TEMP
those.and
say ENT
cloth PL
this
my
1pl.erg
barrack
say ENT
say AOR
one
you.know
one
house IN ESS
But
this
girl AND;FOCUS
robber OBL DAT AND;FOCUS
go ENT
Baku IN ESS
summer
was
so.much
piece
now
this
this
time IN ESS
1pl.gen
say AOR
Soviet ERG GEN
why
ashuq
newspaper OBL GEN
often
teacher
one
1sg.ERG
go AOC
with
man
three
1sg.ERG
fifteen
it
but
boy
eye OBL SB EL
himself ERG GEN
village OBL DAT
2sg.abs
say ENT
sit ENT
love OBL GEN
then
Sevda
OGON.KOPY.IN
grumble IMPF
say AOR
sea OBL GEN
go.IMPV
that
please.do
mountain.person
boy OBL DAT
school IN EL
pass ENT NEG that
cop
jewish.also AND;FOCUS
say ENT
more
say ENT
one
that
her
very.sad
nineteen.in DIR DAT
one
take.down AOC
this
one
picture
come AOC
girl OBL SP ESS
was
boy AND;FOCUS
then
man PL
this
2sg.abs ERG
time IN ESS
look ENT
agreement
Poland DIR DAT
say ENT
return PERF
go AOC
lawyer PL
think.much IMPF Q
king ERG
give PERF PST
boy
ha
soil AND;FOCUS
say ENT
beautiful
on
1sg.ERG
in.no.way AND;FOCUS
say ENT
there PST
say ENT
bring AOR
amazing
she
actually
1pl.abs
go HORT
one
bring.IMPV
2sg.abs
that
but
fire
this
2sg.abs
why
on..duty
know IMPF NEG
brother AND;FOCUS
voice
Shahdag OBL GEN
calm
after
look AOP COND
one
is DAT
want
say AOR
king OBL DAT
warm
line OBL GEN AND;FOCUS
shoulder OBL SP ESS AND;FOCUS
boat
say AOR
song PL
after.all
one
ground OBL SP ESS
one
this
give IMPF
house
how
your
day
this
once
move PL
wood PL
what
all
happy
pig
on
again
never
himself ERG GEN
news
hand IN EL
one
deer OBL GEN
two
this.one
ladle
1pl.gen
hill OBL SP ESS
brother
on
catch AOC
one
uh
province IN ESS
say ENT
wear,put.on PERF PST SBST
heart IN ESS
say AOR
2sg DAT
that
then
say AOR
return AOC
one
province IN ESS
coming PST TEMP
1sg.gen
one AND;FOCUS
bread
before
sing PL
himself ergative DAT
give MSD
finish AOR
after
that
him.to DAT
most
that
dear
himself ERG GEN
come PERF
father
newspaper OBL DAT
say AOR
then
one
say AOR
1sg.ERG
say ENT
himself
more
this
our
great
here.from
cop
1pl.erg
after.all
girl OBL AD ESS
is DAT
these ERG
thousand
talis
let.it.be.OPT
three ERG
take AOC
1sg.ERG
say AOR
two card.
that
get.out AOC
grandfather ERG
he GEN
go AOR
count IMPF
you.know
great
her GEN
with DAT
that
then
villager PL OBL DAT
NEG do HORT
look.IMPV
good
go IMPF
one
go AOC
bring AOR
country OBL DAT
coming PST SBST
dear
hand OBL GEN
newspaper OBL GEN
king AND;FOCUS
today
her
grandfather OBL DAT
bring.IMPV
like.this
still.be,.remain NEG
kill FUT
2sg DAT
now
put.under PERF
put! PERF
one
boy OBL PT ESS
2sg.gen
go AOR
ring PL AND;FOCUS
return AOR
leave HORT
today
dog
four
warm
water
one
mother OBL DAT AND;FOCUS
look.IMPV
medicine AND;FOCUS
country OBL DAT
house
say ENT
stay,remain AOR
2sg.abs ERG
GO.DOWN AOR
wife
armenian OBL GEN
my
cloth PL
this
one
if
and
was
1sg.ERG
say AOR
that
five.six
there PST
folktale
yes
stay,remain IN
one
say ENT
news
2sg DAT
bread AND;FOCUS
all
young
wall OBL SP ESS
bring.IMPV
keep,defend FUT
king OBL GEN
boy OBL DAT
speak INF
head
return AOR
look AOR
eye
time
Ferhad
this.one
go AOR
boy OBL DAT
want IMPF
you
side OBL DAT
what
he.also DAT
famous
ration
say AOR
look AOR
give ENT
now
one
now
was
stone PL OBL GEN
fourty
how.much
forty
one
how
say AOR
that
boy OBL DAT
means
say ENT
1sg.ERG
other
stone
say IMC
1sg.gen
girl PL ERG
1sg.ERG
make HORT
2sg.gen
was
say AOR
sweetheart
catch AOC
even
buy AOR
dear
that
animal PL
picture
dear
jump FUT
boy ERG
king OBL DAT AND;FOCUS
is AND;FOCUS
baby PL
now
this
1sg.gen
himself
about
name AND;FOCUS
2sg DAT
boy OBL AD EL
good
say IMC
1sg.ERG
king OBL GEN
wife
say AOR
look AOP COND
say AOR
that,.the.same
king OBL GEN
coming PST
there PST
friend PL OBL PT ESS
say AOR
dear
give
say IMPF
return FUT
word PL
go FUT
1sg.ERG
now
ashamed
was
forma
my
say AOR
but
say IMPF
say AOR
two
bring AOR
1sg.ERG AND;FOCUS
1pl.erg
that
two
one
stuff
go GEN
but
1pl.abs
boy OBL DAT
1pl.gen DAT
father
why
leave AOC
new
say ENT
escape IMPF
leave PROH
hand IN ESS
pocket IN EL
there
approach ENT
is DAT
boy
that.
isn't
say ENT
fire
then
father
that
say AOR
say ENT
house OBL DAT
bring AOC
here ERG
go AOC
cop
return AOR
like.that
beautiful
sea OBL GEN
help FUT
want ERG DAT
look ENT
say IMPF
come AOC
say IMC
give AOP
go AOP
bring FUT
that
say ENT
boy
go AOC
one
root OBL SP ESS
get.out AOC
right NESS
cloth PL
himself
way
Allah DIR DAT
that
stage IN ESS
beautiful
but
brother
say IMC
happening
attach AOC
say ENT
was
this
great
1sg.ERG AND;FOCUS
100
look AOP COND
come AOC
german.person PL OBL GEN
what
this
cop COND
say ENT
two
being.AOC
1pl.erg
look PST COND
here DAT
say AOR
dear
with.haste
come PERF
brother
brother PL
great
life OBL DAT
thing AND;FOCUS
say AOR
one
name OBL DAT
1pl.gen DAT
handful IN ESS
chapter OBL SP ESS
1pl.erg
go AOC
mount ENT
what ERG DAT
here.you.go
actions.do FUT
news
village IN ESS
where
maybe
he
was
fall.on AOR
more
love OBL SB EL
say PERF
2sg.abs
field IN ESS
look AOP TEMP
finish
other.one
Too
is PST
here
go AOC
say AOR
he GEN
say ENT
1pl.abs
lie.down AOR
say ENT
one
what ERG DAT
now
one
say ENT
separation
say AOR
catch AOR
ashuq ERG
boy
hand IN ESS
that DAT
authorities
1sg.ERG
how
say AOR
wood PL
come AOC
say AOR
friend
two say PST
teacher OBL DAT
more AND;FOCUS
he
all
this
say ENT
betrothed
2sg.gen
steal
please.do
appear AOC
that
night OBL DAT
that
that
our
he DAT
say ENT
one
king
2pl.abs
dog AND;FOCUS
story
say AOR
say ENT
dog
house IN ESS
1pl.abs
2sg.abs
After
finish
put.under AOC
say AOR
say ENT
wound
fall,precipitate IMPF
boy ERG
return AOR
himself
one
one
girl AND;FOCUS
come.out
live ENT
one
with.slyness OBL AD ESS
him.to
say ENT
give
be DAT
is PST
line
is.there PST
come AOR
say AOR
cop
wood PL
those.and
word
only
child PL
he
1sg.ERG
that
ditch OBL DAT
take AOC
1sg.ERG
mother
robber AND;FOCUS
girl PL ERG
him.to GEN
talk
handful
boy ERG
say ENT
return AOC
father OBL PT ESS
good .NESS PL
Ey
kilometer
himself OBL GEN
put.under AOC
cop
say AOR
say AOR
1pl.abs
king OBL AD EL AND;FOCUS
only
TWENTY.FIVE
happy
more AND;FOCUS
shepherd OBL AD ESS
one
is PST
this
that
happy
knowledge
you.know
say AOR
one
more
victorious
go AOR NEG
appear AOC
2sg.gen
our
1sg.ERG
punishment
take FUT
song
Sedaget
outdoors
say ENT
this
water
1sg.ERG
this
house OBL DAT
you
1pl.gen
was
Ma'am
boy
say ENT
with
say ENT
say ENT
house IN ESS
down
Isabala ERG
him.to AND;FOCUS
he AND;FOCUS
1sg.ERG
say AOR
is.there PST
day
say AOR
uncle
say IMPF
girl OBL GEN
return AOC
but
be AOR
1sg.ERG
already
write PERF PTCP
going.PTP.COND
russian PL AND;FOCUS
cop
Shahdag OBL GEN
or
one
two
oh
open AOC
bread
say AOR
happened PERF
REACHED.ENT
deed
come.out AOR
it
sea OBL GEN
count IMPF
say ENT
that
say AOR
door OBL GEN
you.know
amazement
two
torn.to.pieces
himself ERG GEN
politics OBL SB EL
soil
catch AOR
already
this
go AOC
Akhtinsky
one
slam AOR
drink AOC
beautiful
child PL
1sg.ERG
language
wolk PL
is.there
say AOR
she GEN
form
on
vallah.billah
form
bring AOC
touch PROH
say ENT
say ENT
go.again,return AOR
this
Bilesuvar.to OBL DAT
house
forest OBL DAT
say ENT
here
cut
stay,remain ENT
fortress OBL AD ESS
forty
child PL
this.one
hand PL OBL AD ESS
four OBL DAT
boatman AND;FOCUS
down
is NEG
one
can.be.NEG
please.do
month IN ESS
long
fourty
robber PL
man
her
these ERG DAT AND;FOCUS
case
here
hand IN ESS
teacher
look IMPF
believe
that
country OBL GEN
young
here
one
1sg.ERG AND;FOCUS
1pl.erg
say AOR
go.down AOC
2sg.erg
way,.road OBL SP EL
air OBL SP EL
oh
beauty
say AOR
she DAT
1sg.ERG
why
a.while.after
1sg.ERG
1sg.ERG
dog
man
black
after
NEG.make.PTP COND
that
say AOR
sleep AOC
say AOR
with
steed OBL PT ESS
leave PROH
even
go.again,return FUT
news PL
say AOR
son DAT
but
captivity(rus)
ditch SBST INF
he.again
still.be,.remain
soil
pile
one
chance
but
her
dog
Bezkhanum ERG
these ERG
sea OBL GEN
look IMPF
that
sergeant
you
girl ERG AND;FOCUS
that
he
that
himself ERG GEN
journalist
1sg.ERG
you.know
uhr
king OBL GEN
1pl.abs
1sg.ERG
girl OBL DAT
start AOR
empty
NEG be.will EL
great
return AOR
1sg.gen
say ENT
that PL
speak IMPF
1pl.abs
brother
heart IN ESS
say.a.word
send AOR
grandfather OBL GEN
today AND;FOCUS
1sg.ERG
right
military.service ERG
you.know
return AOR
all
tsits
happened PERF
come AOP go AOP
fourty
feild IN EL
was
two
he DAT
leave AOC
count IMPF
can NEG
say ENT
bread
happened PERF
1pl.abs
just
backwards
throne OBL SP ESS
no
what ERG GEN
come AOR
maybe
mortar.man PL
that PL
where AOR COND AND;FOCUS
buy AOC
pearls PL OBL GEN
girl AND;FOCUS
water
one
2sg.gen
ask
there
rank
1sg.ERG
"Samur"
good
one
buy AOR
appear AOP TEMP
that
himself ERG GEN
1pl.abs
boy
that
summer
is PST
riches
2sg DAT
these ERG GEN
word PL
1sg.ERG
water
this
see.IMP
handful OBL GEN
young
answer
go.again,return AOR
say AOR
2sg.abs ERG
between
evening GEN
say AOR
how
son AND;FOCUS
but
sea OBL GEN
1sg.ERG
armenian
servant PL
this
go.down AOR NEG
put!
2sg DAT
there PST
that PL
snow
return AOR
so.much
But
this
there
catch AOC
man OBL DAT
2sg.abs
she
say AOR
time OBL SP ESS
hang.PFT.PTP PERF PST
put.under AOC
was
want ERG
dog PL
1pl.abs
sea OBL GEN
owner
he
say AOR
this
one
she AND;FOCUS
now
school OBL DAT
her
but
this
even
wall OBL SP EL
great
go AOC
how
this
one
relationship
with DAT
that
but
this
evidence PL
sea OBL GEN
1pl.erg
commonly
say ENT
if
sister
you.know
say AOR
no
Uhm
this
come AOC
up
who
be.born
this
stay AOR
ashuq
COME.DOWN
bird
say AOR
him.to
this.one
person
want IMPF PTCP
time AND;FOCUS
look AOP COND
say AOR
Uhm
this
way
king
boat.in.being.IMC
grandchild PL AND;FOCUS
was
more
boy
create
house IN ESS
dear ERG
fourty
himself ERG GEN
sweetheart
statement
king
look IMPF
Sevda
our
soil
happening PL
scream IMPF
you
good
after.all
day
1sg.ERG
thorn PL OBL AD ESS
head
oh
house OBL DAT
but
1pl.gen
merry
1pl.gen
punishment
father
ha
escape IMPF
want IMPF PTCP
he AND;FOCUS
there
buy AOR
grandfather OBL GEN
that DAT
happy
this
a.lot
two
come AOC
send.back;send.again AOR
2sg.abs
throne OBL SP ESS
this
want IMPF PTCP
this
And.but
this
make INF
healthy.be OPT
behind
nail OBL SB EL
hand OBL GEN
very
upset
necese
export
UNDERSTAND.AOR
soil AND;FOCUS
new
oh
where
no
side OBL DAT
show PROH
appear AOR COND
1pl.abs
remove AOR
that
Belgium DIR DAT
oh
picture
1pl.gen DAT
house IN ESS
himself ERG AND;FOCUS
this
one
1pl.gen DAT
himself ERG GEN
but
one
this
1sg.ERG
three
village OBL GEN
please.do
catch PERF
commmissurate AOC
way
go.again,return AOR
one
fire
run ENT
culture OBL GEN
beautiful
say ENT
mother AND;FOCUS
2sg.abs ERG
now
believe
2sg.gen
say ENT
weather
after
my
want ERG DAT
country OBL DAT
put
come AOC
one
still
say ENT
story
hang ENT
1pl.gen DAT
after
talk AOR
was
that
vizier ERG
say ENT
on
drink.IMPV
steed OBL PT ESS
buy AOR
dog
separated
name PL
Kazakhstan IN ESS
bank OBL DAT DIR
return AOC
one
say AOR
bring AOC
1pl.erg
take AOR
say ENT
dog
boy
call ENT
near
look AOP COND
empty
that
my
these
1sg.ERG
wound
girl PL
so.much
wing
you
building
return ENT
take AOC
young
fall,precipitate IMPF
is PST SBST
arab PL
say AOR
come AOC
unfaithful
her
this
buy INF
say AOC
head
2sg.gen NEG
five
say IMPF
my
this
all
dream IMC
generation
pig PL
2sg.abs
vizier OBL DAT
these
go AOR
fight FUT
baby
take AOC
please.do
life OBL DAT
here
was
on
donkey ERG GEN
USSR
them ERG
2sg.abs
but
go AOC
night OBL DAT
sugarcube PL
robber PL
seventy
running.FUT.PTP
hand IN EL
1sg.gen
keep AOR
soldier OBL SB EL
that,.the.same
Isabala DIR GEN
Allah
breath
GOING.TO.SLEEP.TEMP TEMP
catch ENT
but
then
that,.the.same
cop
say ENT
agreement
house OBL DAT
village OBL DAT
plantation OBL DAT
look IMPF PST
was PL ERG GEN
come AOC
that,.the.same
say ENT
send PERF
middle IN EL
sea OBL GEN
story PL OBL SB EL
fourty
think.much PROH
head
catch AOC
there
that
these OBL GEN
that
there.to
thing PL OBL AD ESS
chapter OBL SP ESS
my
these
way IN ESS
there
year
alone
one
1sg.gen
seventy
even
fate,destiny IN ESS
1pl.abs
say ENT
bug PL
then
what
say ENT
boy
leave AOC
never
then
come AOC
tie AOC
say ENT
name OBL DAT
carry IMC
it.also AND;FOCUS
two three
today
king
say ENT
him.to DAT
now
boy
now
say ENT
chapter OBL SP ESS
district
water
cry
language
come AOC
give
beautiful PL
after.all
1sg.ERG
1sg.gen
2sg.abs
take
look AOP COND
dear
throw ENT
sweet
him.to DAT AND;FOCUS
say ENT
say AOR
leader
Yaran
come.out AOR
you.know
one
chapter OBL SP ESS
town.square OBL SP ESS
mistake
Derbent.in OBL GEN
one
twenty
say IMC
three
and
fall,precipitate IMPF
three
that
himself ERG GEN
that,.the.same
that
that.one
look ENT
go.again,return AOR
chapter OBL SP ESS
sit PERF
them ERG
say AOR
say AOR
all
talis
say ENT
cloth PL
house OBL DAT
2sg.abs ERG
want IMPF
say AOR
teacher ERG
celebrate
soil
my which
that
start IMPF
find MSD
one
go AOC
get.out AOC
1sg/2g.rflx ERG
you.know
cop.NEG
1sg.gen
say ENT
after
this
say ENT
say AOR
story
merry
sea OBL GEN
soldier
go ENT
1pl.erg
wound
was
Ma'am OBL AD ESS
give
reign ERG DAT
that
return ENT
o'clock OBL DAT
bring.again AOR
1pl.erg
say IMPF
boy
document PL
Ma'am
good
hut
himself ERG DAT
WANTED PERF PST SBST
country OBL DAT
1sg.gen
go.again,return IMPF
ANYWAY
german.person PL OBL DAT
what
on.foot
five
floor OBL SP EL
is DAT
say IMPF
one
group
one
happy
return IMPF PTCP
great
grandfather OBL GEN
come AOC
wedding OBL DAT
this
stain
beautiful
Barzy
1pl.erg
say ENT
he GEN
1pl.erg
say AOR
one
him.to DAT
one
king
look AOP COND
other.one
say AOR
kind
one
go FUT
this
buy AOC
pig
catch AOC
bring AOR
Allah OBL DAT
that
one
hand PL OBL AD ESS
outpost SP ESS
buy PROH
rest INF
give IMC
say AOR
this
say AOR
that
this
2sg DAT
grandfather ERG
one
say AOR
2sg DAT
2sg.abs
after
arab PL OBL GEN
stand.up,rise ENT
drink ENT
place OBL SB EL
go AOR
this so.much
that
man OBL GEN
REACHED
this ABS
everybody ERG
say MSD DAT
oh
this
one
take.over AOR
villager PL ERG
will.not.be
time AND;FOCUS
look INF
that
man PL
paths PL AND;FOCUS
is COND
give AOP
take AOC
what DAT
is DAT
attention PL
then
time OBL DAT
public ERG
two ERG GEN
stand.up,rise INF
other
1sg.gen
come AOC
please.do
take ENT
good
is PST
secretly
must
a.while.after
house.of.culture IN ESS
then
grandfather OBL GEN
one
take.back
say AOR
this ABS
beautiful
a.while.after
say ENT
1sg.ERG
answer
accidentally
Everything
old.woman OBL DAT
you.know
boy OBL GEN
1pl.abs
time
advice
say ENT
after
go AOC
look IMPF
long
away.from
say AOR
king
is DAT
patience
this
but
look AOP COND
no
there PST
car
thing
handful
wound
her
boatman
sea OBL GEN
one
is.shouting
live ENT
himself
boy OBL DAT
wife PL OBL SP ESS
here
wave PL
girl AND;FOCUS
cloth PL
house
one
you.know
say ENT
tea PL
where
happening.AOC
station OBL GEN
himself
paper PL
say AOR
say AOR
fourty
bread
hospital OBL DAT
what
2sg.abs
wolk OBL GEN
means
son
king AND;FOCUS
near
fight ENT
reach AOC
say AOR
himself ERG GEN
door
1pl.erg
dear
village OBL DAT
border. IN ESS
Ma'am ERG
hide PERF
after
bring AOC
that,.the.same
month OBL ESS
look MSD
2sg DAT
beautiful
here AND;FOCUS
eye PL OBL SP ESS
say AOC
that PL
was
that
that
hit
make IMPF
word
say AOR
light
say ENT
appear AOC
that
himself OBL GEN
other
what ERG GEN
time OBL SP EL
that
tomorrow
but
say ENT
TODAY.TILL
catch ENT
homeland OBL DAT
good
agree
king OBL GEN
two
remove AOR
time IN ESS
one
But
say ENT
himself ERG GEN
2sg.abs ERG
say ENT
this
bug
us
boy
this
it
oh
mother OBL DAT
military.service ERG
cloth PL
say IMPF
make.ache ENT
"Samur"
there
vizier OBL DAT
say ENT
Etibar
go AOC
it
1pl.erg
water
down
well
return AOR
boy AND;FOCUS
cop COND
attack AOR
come AOC
keep AOR
Baku IN ESS
this
that
german.person PL OBL GEN AND;FOCUS
nation
father
look INF
other
but
pearls PL AND;FOCUS
return ENT
2sg.abs
face ERG
bathhouse OBL DAT
but
neighbor PL AND;FOCUS
place OBL DAT
that
say ENT
1pl.abs
other
king
go INF
one
two
one
Chukotka OBL DAT
steed
never
know FUT NEG
write FUT PST
read FUT PTCP
me.from ERG PST
that PL
boy OBL GEN
plough
with
coming PST SBST
that
another
direction.(rus)
this
himself ERG GEN
look ENT
great
girl AND;FOCUS
2sg DAT
what
so.much
new
want ERG DAT
one
fall
that
very
night OBL DAT
sea OBL GEN
2sg.abs ERG
1pl.erg
you.know
dear IMPF
year
before
2sg.abs
dog
call AOR
this
remake,redo FUT
this
After
right
where.to
that
wife
is PST
ammunition
soul
earn IMC
child PL
return PERF
voice
himself ERG GEN
take FUT
1pl.abs
then
1sg.ERG
organize FUT
man OBL GEN
fourty
1pl.gen
this
that
girl OBL GEN
he NEG
this
three
girl OBL SB EL
this
that
come AOC
1sg.ERG DAT AND;FOCUS
that,.the.same
black
one
dear
come.out AOR
1pl.abs
floor IN ESS
day
1sg.ERG
my
in.no.way
soldier PL
steed OBL PT ESS
behind
bring AOR
king OBL GEN
then
say ENT
buy AOC
come AOC
now
very
1pl.gen DAT
say ENT
1pl.gen DAT
give IMPF
picture IN ESS
1pl.abs
bring AOR
bring AOR
hour OBL GEN
mother AND;FOCUS
that.happing.AOC
you.know
say AOR
where
climb(up),mount AOC
love
this
sea OBL AD ESS
say ENT
my
side
six
kill FUT
burn AOP PURP
dog
say AOR
boy OBL GEN
beautiful
don't.be
mortar.man PL
mother AND;FOCUS
take ENT
say AOR
stay IMPF
good
Alyaska's ERG GEN
day
this
all
1pl.gen
vizier PL
this
him.to AND;FOCUS
say AOR
one
one
night OBL DAT
but
put.under AOC
lie.down AOR
say AOR
secure AOR
dog
1pl.abs
country PL ERG
every.time
this
say AOR
one
run ENT
one
go AOR
after.all
1pl.abs
story
was
just
finish
our
wife
away.from
thanks
steal
1sg.gen
with
military.service ERG
say ENT
small
night OBL DAT
approach INF
that
sign
1pl.erg
bring FUT
say AOR
deceive AOC
was
bring FUT
only
car PL IN
sister
1sg.ERG
1sg.ERG
say AOR
1pl.abs
dear ERG .NESS ERG GEN
she DAT
say ENT
Bebir
way,.road OBL SP ESS
that
liking
go ENT
this
1sg.gen
how.much
all
evening OBL GEN
only
say ENT
girl AND;FOCUS
1sg.ERG DAT AND;FOCUS
beautiful
her AND;FOCUS
here DAT
car OBL DAT
lie.down PERF
robber
2sg.abs ERG
still.be,.remain
by.crawling
war PL IN ESS
why
say AOR
very
"Samur"
say ENT
he.also DAT AND;FOCUS
where.being.PTP.SBST
1sg.ERG
dog OBL DAT AND;FOCUS
cut
horse OBL GEN
was
interesting
house IN ESS
that
come AOR
stage IN ESS
well
say IMPF
king OBL DAT
such
say ENT
one
that,.the.same
hit
that,.the.same
one
one
not.a.word
hide PERF
manat.(azer)
car
he.and
one
but
time
you.know
but
look AOP TEMP
that.one
city IN ESS
one
boat IN ESS
boy ERG
come AOC
open AOR
two
now
horse
was
acquainted
is COND
case
young
very
remake,redo FUT PST
this ABS
say IMPF
mad
1pl.abs
us OBL GEN
himself ergative DAT
A.LITTLE
my
2sg DAT
you
look.IMPV
one
make HORT
2sg.abs ERG AND;FOCUS
very
say AOR
me.to
here
this
us OBL GEN
still.be,.remain
turn.back AOC
hand IN EL
still.be,.remain NEG
look ENT
border. IN ESS
fourty
ashuq happened PERF
o'clock OBL GEN
deep
dagistanish OBL GEN
that PL
horse OBL GEN
himself ERG GEN
maybe
this
say ENT
this
he GEN
dear
himself ERG DAT
Sedaget
fellow.countryman
time OBL DAT
give AOR
day
that
tea OBL DAT
reign ENT
catch AOC
horse OBL AD EL
being.AOC
bread
well
moaning;.ahh
these ERG
say ENT
1sg.ERG
cop.NEG
return PERF
but
thing
time
punishment
for
girl ERG
no
himself ERG GEN
time OBL DAT
2pl.abs
day OBL SP ESS
one
mine PL
go FUT
was
why
with
like
very
say ENT
rain
newspaper OBL GEN
2sg DAT
country OBL DAT
things
slowly
it
one
day
buy HORT
girl OBL GEN
today
hour OBL GEN
this so.much
can NEG
say ENT
hand
himself ERG GEN
word
after AND;FOCUS
France DIR DAT
boy
one
boy
man ERG
soil
1sg.gen
himself ergative GEN
want IMPF
say ENT
secretly
you.know
write PERF
1sg.gen
animal
all
on
2sg DAT
going.PTP.COND
himself OBL GEN
say ENT
house IN ESS
2sg DAT
buy PERF
one
truth
give AOR
thought
happened PERF
wheel OBL SP ESS
was
son
was
passport PL
look AOP COND
over
1sg.gen
1pl.abs
my
two
boy
2sg DAT
1pl.abs
say ENT
rain
now AND;FOCUS
keep,defend AOR
escape AOR
heart OBL SP ESS
1sg.ERG
himself
one
this
these AND;FOCUS
it
this
say AOR
go AOR
day
1sg.ERG
1sg.ERG
stand.up,rise AOP TEMP
king
bed IN ESS
2sg.gen
brother AND;FOCUS
give MSD
say ENT
say IMPF
one
way IN ESS
catch ENT
was
return AOR
say AOR
say ENT
principle OBL DAT
1sg.ERG
house OBL DAT
clean
Uhm
he.also DAT
this
attention ENT
two ERG GEN
say AOR
wave PL
2sg.abs
one
and
fourty
boy OBL GEN
2sg.abs
that PL
lean
go.IMPV
side IN ESS AND;FOCUS
burning
army.(rus)
thirty.forty
that,.the.same
be.IMPV
this
voice
what ERG GEN
go AOR
call ENT
fall FUT
puppy OBL PT ESS
way,.road OBL GEN
1pl.gen DAT
servant PL OBL DAT
take AOC
one
say FUT
week IN ESS
that
1pl.gen
go ENT
what ERG DAT
call AOC
these ERG
house IN ESS
this
1sg.ERG
mother OBL GEN
handful
And.but
sister
hand IN EL
want IMPF PTCP SBST
phone
that DAT
boy PL
Berlin DIR DAT
1pl.abs
evening
my
Bats
say AOR
girl AND;FOCUS
village OBL DAT
eat INF
this.one
dear
say ENT
you
here.to
1sg.ERG
captain
soil
us OBL GEN
that,.the.same
say ENT
person OBL AD EL
man PL
she.and
one
NEG make,do PERF PTCP
say ENT
say AOR
Shahdag OBL GEN
baby PL
go AOR
say ENT
one
elder
open ENT
go.down ENT
climb(up),mount AOC
cop AND;FOCUS
that
say ENT
father
house OBL DAT
baby OBL GEN
these
doomsday DIR GEN
here AND;FOCUS
this
return ENT
go AOC
girl AND;FOCUS
tomorrow
teacher
no
1pl.abs
say IMC
person
this
you ERG
Sasha
Imran
evening OBL GEN
steed
1sg.ERG
take AOC
fear
became.ENT
where
come AOC
word
say AOR
voice
girl OBL DAT
was
say AOR
became.ENT
take IMC
say AOR
one
oh
man OBL GEN
boy PL OBL DAT
what.is
that,.the.same
bug PL
military.service ERG
say ENT
this
moaning;.ahh
one
say ENT
up
say ENT
here
fortress OBL PT ESS
like
1sg.gen
great
if
say AOR
you.know
say ENT
THANK.YOU
country OBL GEN
this
girl ERG AND;FOCUS
vacation
this
poem
1pl.erg
where.to
hand IN ESS
help FUT COND
one
this
NEG do IMC
1sg.gen
1pl.gen
bring HORT
the.German
put.out AOR
weather
say ENT
2sg.gen
great
or
himself ergative DAT
there
military.service OBL DAT
what
cloth PL
with
say AOR
that
but
ring PL
buy AOR
happened PERF
all
day
mother OBL GEN
this
light
way IN ESS
give ENT
girl AND;FOCUS
deceive AOC
cop COND
Velibeg GEN
beautiful
relative OBL DAT
so.much
all
say ENT
very
say AOR
flint.from DIR GEN
two
stone OBL GEN
turn.back AOC
say ENT
neighbor OBL SP ESS
2sg DAT
him.to AND;FOCUS
appear.PTP.SBST
say AOR
then
let.it.be.OPT
brother PL
blue
1sg.ERG
person
start ENT
voice
fall.on AOC
make INF
1pl.abs
forgive AOC PTCP
our
eye PL OBL SP ESS
handful OBL GEN
enter OBL GEN
and
in.no.way
one
catch AOC
this
doing.AOP
behind
give AOC
two say PST
house OBL DAT
plough
know IMPF
Sedaget
but ERG
alphabet PL IN SP ESS
wolk
but
want IMPF
say ENT
separated
time IN ESS
girl OBL SP ESS
go AOR
1pl.abs
THERFORE
was
sea OBL GEN
now
then
that
picture
very
man
that
way IN ESS
say AOR
cop.PST.NEG
enough
time
one
say ENT
say AOR
sit AOC
say ENT
also
that
make HORT
want IMPF
1pl.gen
spring OBL SP ESS AND;FOCUS
head
come.on
say ENT
say ENT
one
ashuq OBL DAT
deceive AOC
2sg.abs ERG
I.wonder
1pl.erg
2sg DAT
chapter IN ESS
there EL
artist OBL DAT
one
himself
in.no.way
this
one
want IMPF PTCP
that
give AOR
our
being
return ENT
say ENT
1sg.gen
Azerbaijan AND;FOCUS
oh
area OBL ESS
say AOR
what
say ENT
spring OBL SP ESS
1pl.gen
small
he AND;FOCUS
say ENT
with
head
happy
sea OBL GEN
vacation
quickly
1sg.ERG
this
Ma'am ERG
field OBL DAT
that
time IN ESS
with DAT
tomorrow
now
that
spring
and
document PL
say ENT
say AOR
open ENT
blue
boy AND;FOCUS
that,.the.same
being
sea OBL DAT
her
attention OBL DAT
beautiful
ticket PL
this
these
say ENT
very
one
say ENT
here AND;FOCUS
Lithuania IN ESS
cop
more
happening
friend
today OBL GEN
2sg.gen
absolutely
is.there
say ENT
year ERG DAT
give AOC
he
basin
that
2sg DAT
pig
draw OPT
say ENT
talis
window IN ESS
happened PERF
this.one
still.be,.remain
give AOR
want ERG
together
twenty
king
1sg.ERG
robber
America's ERG GEN
one
say AOR
well
happy .NESS OBL AD EL
put! PERF
water
whirlpool
what ERG DAT
he.again AND;FOCUS
now
one
this
good
more AND;FOCUS
1sg.ERG
he AND;FOCUS
that
make IMPF
word OBL SP ESS OBL
one
house OBL SP EL
you
NEG do IMC
1pl.gen DAT
pearls PL AND;FOCUS
countryside OBL DAT
say AOR
puppy
village
say ENT
this
picture
boy
wood PL
catch PERF
matchmaker PL AND;FOCUS
you.know
heart OBL DAT
say ENT
Lithuania OBL DAT
like.that
boy AND;FOCUS
himself ERG GEN
want IMPF
happy
name OBL DAT
bring FUT
know ENT NEG
Ma'am ERG
2sg DAT
his
give IMC
2sg.gen
love OBL GEN
king
mother OBL DAT
torn.to.pieces
you
baby PL
village IN EL
boy ERG
month OBL ESS
high
bill.of.sale
newspaper
market OBL SP ESS
where
or
walk IMPF
a.lot
come AOC
sea OBL GEN
with
Kuran OBL SP ESS
one
help COND
go.down AOR
say AOR
like.this
call AOC
Asef
come.out AOR
weak
cop.Q
1pl.abs
was
fourty
sea OBL GEN
here.to DAT
himself ERG
make IMPF
Caspia OBL GEN
1pl.gen
boy
one
DIDN'T.GET.NEG.SBST SBST
sea
open PST IMMANT
one
worthy
artist OBL AD ESS
set AOR
sheep OBL GEN
well
fortress OBL GEN
say ENT
testomony PL
give INF
these
or
girl ERG
sea OBL GEN
say AOR
cop.NEG
say AOR
day
example
one
call ENT
carry.up AOR
this
good
cop
say AOR
who
grateful
wood OBL SP ESS
go.again,return AOR
himself ERG GEN
coming PST TEMP
story
thing
time IN ESS
throw AOC
dog OBL DAT
say AOR
fourty
that DAT
say AOR
cloth PL
side
village IN EL
what
near
give INF
bathhouse OBL DAT
he.from
say ENT
be
"Samur"
mountain PL OBL SP EL
1pl.gen
hall IN ESS
city OBL DAT
two
end AND;FOCUS
bring AOC
1sg.gen
heart IN ESS
what ERG DAT
no
open
say AOR
girl AND;FOCUS
night OBL DAT
hand IN EL
wound
punishment
hand OBL SB EL
go.again,return AOR
country OBL DAT
that
raw
knowledge AOC
chapter
punishment
that
dear
day
what
suddenly AND;FOCUS
what ERG GEN
one
that,.the.same
one
horse
teacher ERG
this
man
girl OBL SP ESS
go AOC
this
1sg.ERG
quickly
1pl.abs
no
this
name
come ENT
is COND
1sg.ERG
escape AOR
1sg.gen
oh
inside
only
say.a.word
1pl.gen
that
then
then
him.to DAT
this
him.to
sea OBL GEN
1pl.abs
one
soil
this
say AOR
then
say AOR
approach AOC
chapter OBL SP ESS
public OBL DAT
that
one
that
1pl.abs
or
heart
Russia OBL GEN
go AOR
then
2sg.gen
far
new
before
father
forest OBL DAT
him.to
this
remove AOC
Bats
say AOR
bring FUT
1sg.ERG
one
name
forty
more
and
1sg.ERG
chapter OBL SP ESS
give ENT
say AOR
say AOR
for
one
that
on.the.contrary
this
wow
say AOR
permision
horse
then
say AOR
today
after
go ENT
this
say AOR
chapter
appear AOR
put AOR
thing OBL SB EL
how
smoke
village OBL DAT
go IMPF
say AOC
operator
say ENT
tea PL
say ENT
this
go AOR
say ENT
2sg.abs
mistake
look AOR
glass
child PL
1pl.erg
2sg.abs
in.this.way
go AOR
ashuq
intention
where PST
bull PL
slam AOR
Imran
2sg.abs ERG
1sg.ERG
boy
say AOR
1sg.ERG
camp OBL DAT
sea OBL DAT
2sg.abs
hut
name AND;FOCUS
child PL
boy OBL GEN
buy PERF
fire OBL GEN
one
one
girl AND;FOCUS
say AOR
there
what
escape IMPF
one AND;FOCUS
2sg.gen
happened PERF SBST
son
this
get.out AOC
look AOC
say IMPF
sea OBL GEN
2sg.gen
go IMC
turn.back AOC
is.there PST
labour OBL SP DIR
hand
day
go.again,return IMPF
while.going
longing.PTP.COND
2sg.abs
go PERF COND
Isabala DIR GEN
bathhouse IN ESS
soil
reach AOC
know IMPF
young
give ENT
other
side OBL DAT
1pl.erg
go AOR
say AOR
say ENT
head
pocket IN EL
city OBL DAT
boatman OBL DAT
language OBL SP ESS
all
near
gold
1pl.abs
this
this
2sg.abs ERG AND;FOCUS
know IMPF NEG
ring PL AND;FOCUS
Sedaget
cop
child OBL SP ESS
is COND
after
boatman OBL AND;FOCUS
word PL
Khudat DIR DAT
jump
one
what FUT
previously.mentioned.one
bread
that
sweetheart OBL DAT
snow
dog OBL GEN
Lithuania OBL GEN
there
yard IN EL
that
one
on
countryside OBL DAT
benefit AND;FOCUS
2sg.abs
hit AOC
phone
medicine AND;FOCUS
1sg.gen
he.again GEN
happy
one
wall OBL SP EL
drink HORT
2sg DAT
cut
this
that,.the.same
today
that
keep AOR
say ENT
And.but
look AOR
one
the.same
say AOR
this
after
with
and
say ENT
one
happy
is NEG
kill FUT
give FUT AND;FOCUS
1sg.ERG
pass ENT
himself ERG
this
Poland DIR DAT
thing
1sg.ERG
bag PL
this
grandfather ERG
this AND;FOCUS
say AOR
enter PERF
come ENT
worthy
1pl.gen
know IMPF
newspaper OBL DAT
you
deceive AOC
beautiful
courage OBL DAT
1sg.gen
1pl.abs
all
in.vain
that
agree
2sg.gen
public OBL DAT
robber
high.voltage
dear
that
say IMPF
that
by.money DIR
countryside OBL DAT
is.if
dog
dog
this
from.here
say IMPF PTCP
put.under PERF
after
1sg.ERG
say IMPF
this
be
say ENT
principle
you.know
sit IMPF NEG
one
cling PERF
take ENT
girl OBL SP ESS
king OBL DAT
1sg.ERG
like.this
ride AOR
one
now
two
go.IMPF.PTC.SUBT
then
and
go AOC
look ENT
great
2sg.abs
fortress
boy
balcony IN EL
dastan PL
2pl.abs
Lezgi
one
he PST
say ENT
1pl.gen DAT
say AOR
reach AOC
one
her DAT
eye PL
say AOR
but
say AOR
him.to AND;FOCUS
place OBL DAT
himself ERG GEN
this
teacher
here DAT
with
but
then
time IN ESS
want IMPF PTCP
that PL
say AOR
one card.
other.one
Georgia DIR DAT
only
approach INF
other
and
baby
good
village
1sg.ERG and
country OBL DAT
anywhere AND;FOCUS
nine
window IN EL
soul
boat
want FUT
carry.up AOR
want IMPF
look COND
this
want IMPF PTCP
picture
time IN ESS
2sg DAT
Lezgi
far
touch PROH
jump IMPF
1sg.ERG DAT AND;FOCUS
that
eat AOR
chapter ERG GEN
secretly
today GEN
them ERG GEN
Yaran
now
some
cavalry
"Samur"
is.there
say AOR
himself OBL GEN
right
Aah
scale OBL AD ESS
say AOR
good
this
one
Natavan
girl OBL SB EL
check,verification
lovesick
just
this ABS
is AND;FOCUS
come AOC
concert PL
cause.to.sit IN
pair
cop.PST.NEG
punishment
moaning;.ahh
like.this
Jahan
dog ERG
1pl.abs
HIDE.IMPV
this
behind
leave HORT
his
this
1sg.ERG
very
in.vain
say AOR
one ERG GEN
boatman
story
sign
1sg.ERG
say ENT
foam
1sg.ERG
say AOR
1sg.ERG
want IMPF PTCP
be
dear
dog
justice
this OBL DAT
only
she DAT
one
cause.to.sit IN
return ENT
give
sweetheart
bird
her
rain
1pl.gen
this
wife
his
like.that
boy OBL GEN
say AOR
stay AOR
all
hit FUT
turn.back AOC
what.do FUT COND
leave PROH
frost OBL DAT
say AOR
take AOC
statement
love's OBL GEN
come PERF PST
vizier ERG
that
1pl.abs
this
himself ERG
"Samur"
cop.NEG
himself
country OBL DAT
say ENT
be AOR
that
catch AOR
that
boatman AND;FOCUS
brave
appear AOC
week
that
take AOR
Yalama's DIR AND;FOCUS
bring FUT
whip OBL AD ESS
boy OBL DAT
more AND;FOCUS
send FUT
this.one
voice
needing.AOP
this
this
come FUT
one
spring
2sg.abs ERG
blood
like
1sg.ERG
say ENT
2sg.abs
give IMPF PTCP
these ERG
another
2sg.gen
you.know
good
these ERG
say AOR
dog OBL DAT
1sg.ERG
cop which
2sg.abs
aforementioned.they.to.also
these ERG
strong
say ENT
carry AOR
boy
was
here
picture
boy
say AOR
choose FUT
one
that
after
then
1pl.gen DAT
1pl.gen
person OBL AD EL
dear
car OBL GEN
grandchild PL AND;FOCUS
grandfather AND;FOCUS
remove AOR
hit AOR
say AOR
us ERG
month PL OBL SP EL
that,.the.same
take ENT
lip PL
appear AOR
return ENT
mine
1pl.erg
wateror.something.else
one
before
one
Akhtinsky
hide PERF
well
where
1sg.ERG
say AOR
run ENT
get.out IMPF
king
say ENT
2sg.abs ERG
So,
DIDN'T.GET.NEG.SBST SBST
1pl.abs
say ENT
say ENT
chapter OBL SP ESS
say ENT
one
newspaper IN ESS AND;FOCUS
asking
this
2sg.abs ERG
one
1sg.ERG
weakness NESS
happen PERF NEG
cause.to.sit ENT
that,.the.same
here PST
then
area
public OBL DAT AND;FOCUS
front.line
cop
here ERG
Shahdag
happened PERF
dog
one
look IMPF PST
come AOC
that
cop
word PL
wed FUT
go AOC
more
say ENT
sweet OBL SP EL
open AOR
wound
great
1sg.ERG AND;FOCUS
king OBL GEN
be AOR
ammunition
now
go AOR
get.out IMPF.CONT NEG
sea OBL AD ESS
group
girl OBL GEN
more
DIDN'T.GET.NEG.SBST SBST
say ENT
say AOR
then
price
her
another
sea OBL GEN
say AOR
eye PL OBL SP ESS
finally
because.of
really AND;FOCUS
punishment
look INF
famous
one
say ENT
1pl.erg
say ENT
be.FUT.Q
that,.the.same
oh
come AOC
come AOC
six
degree
return AOR
two
fourty
say AOR
2sg.abs
as.soon.as AND;FOCUS
well
that
go AOC
boy AND;FOCUS
take.down AOR
is DAT
village OBL GEN
day OBL SP DIR
agreement PL
love
that.one
business OBL DAT
Lithuania OBL DAT
go FUT
here ERG
relative OBL DAT
car
say IMPF
there PST
1pl.abs
public OBL DAT
finish AOR
he AND;FOCUS
one
keep AOR
it
behind
word
buy AOC
my which
say ENT
brother ERG
king
together
go AOC
black
1pl.abs
year PL
moaning;.ahh
love
weather
so.much
great
one
wedding OBL DAT
water
himself ERG DAT
like.that
say AOP
go INF
set AOR
then
you.know
one
himself ERG GEN
her
go AOR
baby
say ENT
want IMPF
cloth PL
1pl.abs
one
group IMC
come PERF
you
redo AOR
that
boy
friend DIR
girl OBL DAT
more
cop
water
say AOR
beautiful
she GEN
fourty
that.aforementioned
poor
one
grandfather OBL DAT
say AOR
one
is PST
1pl.gen DAT
you.know
bring AOC
mother
ladle
live ENT
return AOR
us ERG
1pl.abs
one
2sg DAT
one
what HORT
city OBL DAT
how
be.IMPV
this
dog
that,.the.same
this
bathhouse IN ESS
send.away.IMPV
say ENT
water
cop
how
man OBL DAT
2sg.abs
say AOR
good
way IN ESS
say AOR
1pl.gen DAT
king
this
is NEG INF
our
that
cop
that
head
running.FUT.PTP
one
put.under ENT
give FUT
is PST
say AOR
on
tie AOC
choose FUT
all
spring OBL SP ESS
this.one
answers
brother PL OBL DAT
with
step OBL DAT
sea OBL GEN
this.one
give ENT
these
on
then
2pl.abs
after
chapter OBL SP ESS
while.going
1sg.ERG
call ENT
he.also
with
himself ERG
commmissurate AOC
girl AND;FOCUS
look AOP COND
one
concert PL
was
this
what
mother
this
this
answer
keep AOR
Shahdag
good
other
time
deed
guns
go.again,return AOR
servant PL
hand IN ESS
still.be,.remain
like.that
there
sea OBL GEN
say AOR
boy OBL GEN
country OBL DAT
way
toast PL
spade
be AOR
great
brother ERG
1pl.abs
eat AOR
who
say ENT
bone AND;FOCUS
great
young
high
heart OBL SP EL
that
well
dog
sit AOC
pearls PL OBL GEN
Isi
say AOR
say ENT
say AOR
that DAT
yes
say AOR
great
time
time OBL DAT
call AOR
boy AND;FOCUS
Avar
escape AOR
matchmaker PL AND;FOCUS
father
1pl.abs
well
hide ENT
not
himself ERG GEN
two.three
neighbor OBL SP ESS
it
catch ENT
it
2sg DAT
actually
Medjnun
boy
this
that PL
was
month OBL ESS
want
it OBL GEN
it
run ENT
frost
fall.on AOR NEG
jump IMPF
kazakh OBL GEN
him.to
say AOR
grandfather ERG
artist
russian
these AND;FOCUS
bread
grandfather OBL GEN
come ENT
on.itself
1pl.abs
say AOR
side OBL DAT
go ENT
dear
himself ERG GEN
healthy.be OPT
down
now
this
look INF
1pl.gen DAT
me.from AND;FOCUS
go FUT
soil
like.that
another
chapter OBL SB ESS
Lezgi
come.out AOR
catch PERF
together
sugarcube PL
fortress OBL DAT
this
behind
happy
independent
is COND
soil AND;FOCUS
then
2sg.erg
AT.THIS.MOMENT
this
don't.be PROH
stay AOR
internet
2sg.abs ERG
free
1sg.ERG
love OBL SB EL
thing OBL GEN
word PL
group
say AOC
happy
paper
himself ERG
bread
man
here
France DIR DAT
newspaper OBL DAT
himself ergative DAT
one
this
them ERG
1pl.abs
extinguish INF
or
that PL
my
1pl.gen
come AOC
or
coming PST
thorn PL IN EL
1sg.ERG
with DAT
ahh
good
maybe
here
come.out AOR
this
with
Soviet ERG GEN
Keyseddin
moaning;.ahh
what ERG GEN
say IMPF
you
bug
this
adhere PERF NEG
pig
friend
put.under PERF NEG
Everything ERG
oh
give IMPF
me.to
you.know
before
brother
happened PERF
that
say ENT
want IMPF
permision
never
one
punishment
child
say AOR
thirty
thanks
this
thing AND;FOCUS
one
look IMPF Q
1sg.gen
wood OBL SP EL
THERFORE
look AOC
soil
Shahdag OBL GEN
hand
necklace PL
come ENT
that
bag
1sg.gen
bread
this
other.one
give AOC
then
this
day
this
give
now
1sg.ERG
these AND;FOCUS
say AOR
1pl.abs
this
take FUT
one
this
news
chapter IN EL
reach AOP TEMP
this
there.from PST
say IMPF
go AOR
CALL.TILL
advice OBL AD ESS
you.know
go.again,return ENT
2sg.gen
that
happening.AOC
great
bring.again AOR
here
forest PL OBL DAT
was
one
was
dear
let.it.be.OPT
house OBL DAT
say AOR
these ERG GEN
king
bird
Lithuania IN ESS
1sg.gen
brother
dear
say AOR
give PERF
all
war
with DAT
like.that
stay,remain AOR
happened PERF
now
come AOC
one AND;FOCUS
dear
1pl.abs
water
go AOR
send.back;send.again AOR
2sg DAT
isn't
strip PL
other
this
say ENT
one
new
be AOR
you.know
dog
benefit AND;FOCUS
guns PL AND;FOCUS
one
what
punishment
one
condition IN ESS
he
solution PL ERG SB EL
here
1sg.ERG
say AOR
himself
heart OBL SP ESS
soil
drink ENT
say ENT
say AOR
is PST SBST
that
more AND;FOCUS
turn.back AOR
sea OBL GEN
brother AND;FOCUS
one
this
know FUT PTCP
her
king AND;FOCUS
that
one
eye PL
himself ERG DAT AND;FOCUS
like.this
say AOR
Baku OBL DAT
still.be,.remain
say ENT
russian
voice
say ENT
even
eye PL
read AOP TEMP
dog
2sg.abs
times
stay,remain IN
only
thorn PL IN EL
happened PST TEMP
go.again,return AOR
this
one
out
some
rain
say AOR
say ENT
come.on
always
1sg.ERG
where
great
by.crawling
come PERF
1sg.gen
that
this
chapter OBL SP ESS
son PL
justice
very
dog OBL GEN
brought.up ENT
was
go IMPF
door
it
tongue
wait IMPF
our
one
dog
village OBL GEN
2sg DAT
side
say AOR
what ERG GEN
go HORT
border. DIR DAT
means
half PL
say AOR
2sg DAT
that DAT
nineteen
one
2sg.abs ERG
beautiful
anger
one
1sg.ERG
is.there SBST TEMP PST
one
maybe
1sg.gen
house OBL DAT
boy
after
1sg.gen
smoke
girl AND;FOCUS
bring HORT
cloth PL
1pl.erg
boy
dear
this
be AOR
hand IN ESS
climb(up),mount AOC
after.all
this
boy OBL DAT
on
make FUT PST
1pl.gen DAT
move
cop.PST.NEG
throw AOC
with
steed
sea OBL GEN
was
look AOC
say AOR
how
this
say ENT
evening OBL GEN
man
go AOR
mother OBL GEN
that
2sg.gen
Aah
himself ergative DAT
oh
yes
bear
stone
bathhouse OBL DAT
say ENT
this
boy ERG
this
dear
one
what
chapter PL AND;FOCUS
then
himself ERG DAT
THIS
say AOR
dream IMC
here
say AOR
Sevastopol ERG DAT
1pl.abs
himself ergative DAT
say AOR
do.what FUT
one
this
parable
leg PL hand PL
thing AND;FOCUS
he.also AND;FOCUS
one
say AOR
independent
fire
this
say AOR
write PERF
king
never
oh
Holland ERG DAT
thing AND;FOCUS
live ENT
ten
go IMPF
beautiful
say AOR
two say PST
maybe
one
return AOR
go AOC
such
hit
make PROH
with DAT
king OBL GEN
the.are.not.any
that PL
horse OBL SP ESS AND;FOCUS
worthy
1sg.gen
sea
go IMPF
tire PERF PTCP SBST
say ENT
he AND;FOCUS
2sg.abs
them ERG DAT AND;FOCUS
say AOR
play AND;FOCUS
look AOP COND
it
her AND;FOCUS
great
what
was
put.under AOC
him.to GEN
army.(rus)
take FUT
say ENT
bring HORT
1pl.erg AND;FOCUS
night OBL GEN
say IMC
1sg.ERG
coming PST SBST
Sedaget
say ENT
actually
with
you.know
slowly
king
way IN ESS
that OBL DAT
him.to
1sg.ERG
beautiful DIR
being.AOC
look AOP COND
engagament
is PST TEMP
2sg.erg
he
no
necklace PL
put! AOR
thing AND;FOCUS
this
steed
put.under ENT
give AOR
make.mistakes
time
tomorrow
this
step AND;FOCUS
FRAUD DAT
1pl.abs
boatman OBL DAT
little
air PL ERG DAT
say ENT
day
you
sometimes
this
So,
sea OBL GEN
far
pronouncment.of.punishment.PTP.MAN
form
mistake
2sg.erg
before
say IMPF
this
bring.IMPV
it
take AOC
district IN ESS
great
go FUT PTCP TEMP
this.one
1pl.abs
sugarcube
fall AOR
war
aformentioned.place
brother
Nusret
bird
summer
two
folktale AND;FOCUS
chance
there
1sg.ERG
two
take AOC
wife
forma
1pl.abs
king
come PERF
son
himself ERG GEN
say ENT
still
give AOR
you
mother ERG
that PL
say ENT
cleanless PURP
buy AOR
want IMPF PTCP
this
boy
hit FUT
how
us ERG
go AOC
is DAT
friend AND;FOCUS
write
1pl.gen
king OBL GEN
this.one
go.IMPF.PTC.SUBT
if.do
springboard
go IMPF
these
could't
return AOR
boy
say ENT
mount ENT
robber PL
unfaithful
himself ERG GEN
rest INF
everybody
1pl.abs
king OBL GEN
let.it.be.OPT
great
go PERF COND
2sg.abs
mother
1sg.ERG
1pl.abs
like.this
king OBL GEN
1pl.erg
May OBL DAT
say ENT
blood ERG
very
1pl.erg
want IMPF
grandfather AND;FOCUS
then
this
2sg DAT
say AOC
wedding
2sg.gen
down
this
say AOR
one
After
hide PERF
folktale AND;FOCUS
say AOR
say ENT
was
sister
1pl.abs
beautiful
newspaper OBL GEN
1pl.abs
soldier
seventy
dear
make HORT
go AOR
one
driver
say ENT
on
four
return AOC
love ERG
say AOR
yes
give
after.all
1pl.abs
what
fourty
fall.on AOR
fall AOR
1pl.gen DAT
1sg.ERG
even
say AOR
one
1pl.abs
good
forest PL OBL GEN
way
liking
this
how
dear
say ENT
seven ERG DAT
that
from.here
say AOR
this
happened PERF
brave
put.under ENT
day
1pl.abs
this
fire
marry
go ENT
azerbaijanian PL
head
now
make INF
evening
this
Jahan
head
after
in.no.way AND;FOCUS
this
my
on..duty OBL DAT
word
jump AOC
how
1pl.gen
and
put.under PERF
grandfather OBL DAT
means
king
him.to AND;FOCUS
say ENT
want COND AND;FOCUS
say AOR
these
horse OBL GEN
these INF
bathhouse OBL DAT
1sg.gen
jump FUT
is PST
come AOC
good
here
please.do
sister
TOTALY
go.again,return FUT
then
him.to
himself AND;FOCUS
wind
this
himself ergative DAT
walk AOR
coming PST DIR
this
say AOR
1pl.abs
you DAT
one
go.down AOC
this
say ENT
plan
sea OBL GEN
and
put.under AOC
happened PERF
put ENT
boy ERG
more
that
dog
more AND;FOCUS
snow
wish OBL GEN
have NEG DAT
these ERG DAT AND;FOCUS
say ENT
say ENT
azerbaijanian
there AND;FOCUS
say AOR
him.to AND;FOCUS
he
absolutely
Bats
return PERF
passport
her
mother OBL DAT
Lithuania OBL GEN
1sg.ERG
say ENT
say AOR
still.be,.remain
say ENT
child PL
say AOR
Sabrillah
day
go ENT
boat
1pl.abs
animal PL
chase FUT
he.from
very
guard
day
up
2sg.abs
curse
himself ERG GEN
bring FUT
say AOR
reach ENT
go ENT
dishes PL
forest OBL DAT
say AOR
from.there AND;FOCUS
Poland IN EL
ashuq OBL DAT
girl ERG
cop INF
make.filled AOC
boy OBL DAT
say ENT
sit!
father
you.know
he.again
fall AOR
himself ergative DAT
shepherd
Afiya
this
robber
go AOC
just
friend OBL GEN
one
want IMPF NEG
sea OBL GEN
1sg.ERG
animal PL AND;FOCUS
you
attention IN EL
so.much
bread
dear
happening
you.know
go ENT
mother
cassette PL
one
two
come AOC
give MSD
sweetheart
house IN ESS
hungry.also GEN AND;FOCUS
1pl.abs
give PERF
that.happing.AOC
bring AOR
call AOC
over
that
like.this GEN
engagament
his
one
shake AOR
say ENT
tomorrow
that.on
1pl.gen DAT
1sg.ERG
get.out MSD
that
1pl.abs
buy AOR
one
2sg DAT
say AOR
after
buy AOC
relationship
that
language
king
come AOC
bring AOC
him.to
say AOR
long
what HORT
war
return AOR
eye PL
this
chase FUT
redo AOR
give AOP
it
take PERF
1pl.abs
new
that.
turn.back AOC
after.all
happened PERF NEG
sea OBL GEN
first
Holland ERG DAT
do
with
buy INF
close
help
die
our
spring OBL SP ESS
enter INF
fur PL
thing
this
one
this
dog
get.out AOC
him.to DAT
Bebir
eeh
after.all
yes
say AOR
girl OBL DAT
he GEN
mother
where PST
buy AOC
this
return AOR
year
one
know FUT NEG
Nabran.to DIR DAT
appear PERF
catch AOC
run ENT
down
news PL
before
sweetheart
all
one
that
1pl.gen
he
he DAT
1pl DAT
bring HORT
love OBL GEN
day.and.night
is DAT
man
to.gather
dog OBL GEN
come AOC
with
know IMPF NEG
give PERF
long IN
she DAT
say ENT
1pl.abs
today PURP
these
one
go.again,return AOR
dog
want IMPF
1pl.abs
time OBL DAT
throw AOC
decision OBL DAT
2sg.abs ERG
grandmother OBL DAT AND;FOCUS
1pl.erg
this
ashuq OBL DAT
bring.IMPV
put.on ENT
very
bull PL
boy
1pl.abs
go AOC
look AOC
go AOC
displeasure
go IMPF
baby
chapter IN EL
look AOP COND
that,.the.same
water
light
girl ERG
that
dear
beautiful
rest INF
go AOR
neck
now
one
say ENT
chase FUT
give ENT
artist OBL GEN
see AOR
good
like.that
thing PL
throw AOC
say ENT
say ENT
good
1pl.erg
there
war OBL GEN
car
five
one
village OBL DAT
wife
1pl.abs
girl OBL GEN
say ENT
one
her GEN
say AOR
that
it
give ENT
religion OBL PT ESS
king
say ENT
1sg.gen
say ENT
one
sofa OBL GEN
say ENT
THIRTY
this
boy
make HORT
one
war
return AOR
down
mother OBL GEN
stay AOR
father
say AOR
catch PERF
give MSD OBL SB EL
cop
step AND;FOCUS
country OBL DAT
Tagiyev ERG
harvest
language
blind
grandfather ERG
1sg.ERG
isn't
come.out AOR
teacher
this
is
hand OBL SB EL
that
arab PL OBL DAT
rest OBL SP EL
man
read PERF
cop PST
fall.on AOR
boy PL ERG
say ENT
say AOR
in.no.way
after
1pl.abs
wall OBL SP EL
plough AND;FOCUS
want IMPF NEG
fall AOR
that
1sg.ERG
enter AOR
say ENT
if.be
time
hit
go AOC
hole
new
price
one
even
come.out AOR
no
put INF
time IN ESS
one
he GEN
sea OBL GEN
so.much
1sg.ERG
say ENT
say AOR
want ERG
handful IN ESS
girl OBL SB EL
go AOR NEG
bring.IMPV
1pl.abs
say AOR
what
2sg DAT
1sg.gen
choose FUT
take AOR
more AND;FOCUS
two
hill OBL SP ESS
that,.the.same
morning OBL PT DIR
artist
1pl.abs
Afiya
child OBL GEN
go AOR
say ENT
look you AND;FOCUS
one
that
once
then
her
A.LITTLE
beautiful
very
that
shoot.down AOR
three
now
what
cop
bird
with
guns PL
brother
this
one
well
say AOR
why
like
say AOR
chapter OBL SP ESS
hospital OBL DAT
whirlpool
good
cold
eye PL OBL SP ESS
good
cop.NEG
one
return AOR
give AOR
2sg DAT
time
here PST
Ledjet
say ENT
fireplace IN ESS
another
hide HORT
that
fall,precipitate IMPF
robber PL
1pl.gen DAT
forest PL OBL DAT
plough
attention
take AOR
time PL IN EL
open AOC
knowledge
this.night AND;FOCUS
dear
bring AOR
chase FUT
1pl.gen DAT
dead
but
these ERG AND;FOCUS
give
valley PL
house IN ESS
remove AOR
mouth OBL DAT
him.to GEN
there.from
me
even
how
but
coming PERF
give IMC
border. PL
table OBL SP ESS
2sg DAT
grandfather OBL DAT
2sg DAT
if
himself
run.PRF.PTP.SBST 2sg PST DIR
provide AOR
after
1sg.ERG
say AOR
himself ERG GEN
this
say ENT
girl OBL DAT
use
himself
sea OBL GEN
also
one
brother PL
hay OBL DAT
war
this
dear
Baku IN ESS
say AOR
go INF
child PL OBL SP ESS
like.this
advice
village OBL DAT
wife OBL DAT
him.to DAT
king OBL GEN
give IMC
before
means
say ENT
1sg.ERG
this
enter PERF
he.also DAT
one
time
send.away.IMPV
eye
this
friend
this
say AOP
these
catch AOC
these INF
king OBL DAT
send ENT
these DAT
here
put ENT
here AND;FOCUS
sea OBL GEN
sea OBL GEN
man OBL PT ESS
say ENT
more
grandfather OBL GEN
you.know
lot.of
that,.the.same
1sg.ERG
want IMPF
1pl.erg
1sg.ERG
say AOR
word
one
what
must
this
dear
after
that
life OBL SP EL
place IN EL
mother SP EL
more AND;FOCUS
dear
sit AOC
one
front.line
ten
guns
boy
that,.the.same
under
say IMPF
1sg.ERG
if
day
before
thing
is.there PST
answer
bring AOC
go ENT
glass
say AOR
armenian
beautiful DIR
boy ERG
that
forest OBL GEN
you
puppy PL
there PL DAT
ahh
heart OBL SP ESS
look AOP COND
Sedaget
sea OBL GEN
run.PRF.PTP.SBST 2sg PST DIR
REACHED.ENT
bring AOC
pronouncment.of.punishment.PTP.MAN
still.be,.remain
king
dear
soil
if.do
or
her
brother
say AOR
water
cop
no
make.ache IN
fear
look IMPF
lightning OBL SB EL
sweetheart
that PL
beautiful
voice
put.under ENT
throat PL
say IMC
go AOR
well
that
horse OBL GEN
look AOC
that
say ENT
necklace PL
THIRD PST
world
Azerbaijan
more
look.IMPV
time
this
steed
that
no
two
say ENT
himself ERG DAT
camp OBL DAT
how
catch FUT COND
always
grandfather AND;FOCUS
where
wave,wag AOR
say IMPF
return AOR
want IMPF PTCP
himself ERG GEN
artist OBL GEN
say ENT
1pl.gen
was
was
village
themselves ERG GEN
shift OBL DAT
is PST
happy
go AOC
what ERG GEN
with DAT
one
1pl.abs
stick
it.seems
bug
pearls PL OBL GEN
case
go.again,return AOR
countries PL OBL DAT
fall AOR
kazakh
dear
eye
cop
servant PL OBL DAT
say ENT
friend PL OBL SB EL
good
he
dear
one
punishment
eat AOR
burn AOR
walk IMPF
say AOC
king
water
want IMPF
say ENT
bring HORT
this
take.off ENT
heart IN ESS
this
this
1sg.ERG
have
girl OBL SB EL
swear
shepherd ERG
1pl.abs
very
return AOR
COME.DOWN
put IMPF
her
NEG.make.PTP COND
unit GEN ERG DAT
two say PST
1sg.ERG
that
that,.the.same OBL GEN
say ENT
soul OBL DAT
say ENT
that.one
great
more
wall PL OBL AD ESS
1pl.gen
keep AOR
word PL
grandchild AND;FOCUS
this
now
was.ENT
1sg.ERG DAT AND;FOCUS
2sg.erg
king
1pl.abs
german.person PL OBL GEN
say AOR
say ENT
make PROH
one
sea OBL GEN
one
girl OBL DAT
countryside OBL DAT
cop.NEG
knowledge AOC
great
with
do
return PERF
say AOR
that
how
he isn't
case
ask TEMP
more AND;FOCUS
go AOR
one
that
Allah OBL DAT
from.there
us OBL GEN
name PL
these
once
far DAT
but
chapter AND;FOCUS
head
1pl.gen DAT
say AOR
happened PERF
finish
come AOR
say IMPF
this
give IMPF PTCP
a.while.after
1pl.gen
know FUT PTCP
so.much
go AOR
come PERF PST
1pl.gen DAT
come AOC
1pl.abs
so.much
two
himself AND;FOCUS
one
boy
1pl.abs
here.you.go
in.no.way
that
custom.office
military.service OBL DAT
1sg.ERG
go AOR
side OBL DAT
horse OBL GEN
make IMPF
finish
boy OBL GEN
fireplace OBL DAT
appear.PTP.SBST
get.out MSD
very
want IMPF
maybe
go AOR
man PL ERG SB EL
say ENT
teacher
redo AOR
that
one
go PERF
this
this
say AOR
five
2pl.abs
say ENT
1sg.gen
difference AND;FOCUS
boy ERG
dog PL
say ENT
she DAT
2sg.abs
if
here.you.go
say IMPF
end
here
1sg.ERG
1pl.gen DAT
it
one
bill.of.sale PL
but
talk AOR
she DAT AND;FOCUS
2sg.abs ERG
that
this
spring
front
jump FUT
very
bathhouse IN ESS
that
country OBL GEN
give ENT
then
this
soil
lie.down PERF
return IMPF PTCP
rest INF
that PL
other
hand
1sg.ERG
say ENT
time IN ESS
that
time
go AOR
one
tradition PL
one
say ENT
that
return AOR
Dagestan's DIR GEN
mother OBL GEN
no
run ENT
one
brother
Poland DIR DAT
(historical).story OBL GEN
1sg.gen
this
bring.IMPV
so.much
bring.IMPV
give FUT NEG AND;FOCUS
worthy
Allah
very
love AND;FOCUS
walk INF walk INF
what.do FUT COND
give AOR
say ENT
other
after.all