-i-#PST.UV p-#CAUS.AV inggat#makan.sirih
si==#=
ou#saya;.aku
nga#seperti
na#DEF
ki-#EXIST ara#ada
kahah#kakak
nti#ini
matakng#datang
n-#ISA.AV alak#talak
sia#3SG.NOM
singgurua#seperti,.serupa..sebagai;.seperti;.seolah.olah
bas#pernah
n-#ATTR.ST togih#bunting;.hamil;.mengandung
alih#bung
asu#anjing
na#DEF
taik#huh
buid#bukit
me-#NPST.ACH lou#malu
induh#ibu;.induk;.emak
nyawa#nyawa
-i-#PST.ACY -m-#MO.ACY duah#descend
pelanduk#pelanduk
ngi-#ISA.AV gipit#ball.of.food
onu#whatever
ina#itu
pungguah#hantu
induh#ibu;.induk;.emak
saa#isteri;.suami;.bini;.laki
ou#saya;.aku
-in-#PST.ACY m-#MO.ACY ilih#return
na#DEF
in-#PST.UV ala#alah
m-#ATTR.ST olok#ketakutan
ou#saya;.aku
==hu#=SAYA;.AKU
buh#lama;.lampau
k-#ABILITY aap#dapat
kangkukng#kangkung
m-#ISA.AV injarah#penjara
miliug#tinggi
teih#tapi
na#DEF
nti#ini
si==#=
mah#dengan;.sama
na#DEF
siga#PLURAL
induh.amah#ibu.bapa
hai#juga
na#DEF
na#DEF
k-#ABILITY aap#dapat
anggar#sirih;.daun.sirih
m-#MO.ACY ulih#return
katih#di.sini
lahi#lelaki
bali#rumah
baar-baar#sungguh
n-#ISA.AV ajah#langgar
domon#Domon
hei#juga
singgurua#seperti,.serupa..sebagai;.seperti;.seolah.olah
na#DEF
pelanduk#pelanduk
asu#anjing
i-#PST.AV ng-#ISA.AV ompuh#sepupu
ng-#LINKER omol#gumpal
na#DEF
ngin-#DIR -dihit#light.fire
pasi#lagi
ulu#kepala
m-#MO.ACY ulih#return
in-#PST.UV ei#get
na#DEF
na#DEF
lama#orang
ertah#ingin,.ambisi
sahit#sakit
kaadn#berkata
-in-#PST.AV ng-#ISA.AV -atad#hantar;.menghantar
sia#3SG.NOM
nubuh#kemudian
m-#ISA.AV asah#basah
m-#ATTR.ST olok#ketakutan
sida#PLURAL
na#DEF
sidukng#di.bawah
ou#saya;.aku
peg-#HAVING.XED punga#setelah
lama#orang
k-#ABILITY aap#dapat
na#DEF
ina#itu
pedang#pedang
adat#adat
na#DEF
ihi#kami
in-#PST.ACH ibis#selesai -adn#V.>.ADVRS
leidn#lain;.bukan
si==#= elih#anak.lelaki
na#DEF
ou#saya;.aku
ina#itu
ki-#EXIST ara#ada
mati#mati;.meninggal.dunia
meg-#HAB tomu#temu
saa#isteri;.suami;.bini;.laki
diaadn#saya
na#DEF
teih#tapi
matakng#datang
doot-doot#hantu.bangkit
na#DEF
betaan#call
m-#ISA.AV udulih#peduli
ambih#aih
==hu#=SAYA;.AKU
kerai#work
lama#orang
na#DEF
na#DEF
ringah#sebelum,.dahulu
nubuh#kemudian
di#di;.ke;.pada
be-#CONT bali#main
egas#beras
na#now
domon#Domon
n-#ATTR.ST tiligud#menoleh
na#DEF
na#DEF
nubuh#kemudian
ringah#sebelum,.dahulu
ba#EMPHATIC
m-#MO.ACY ohodn#makan
mah#dan
deirdn.na#ALONE
in-#PST.UV ohodn#makan
hei#juga
na#DEF
k-#ABILITY aap#dapat
sia#3SG.NOM
si==#=
m-#ISA.AV iaah#ikut;.mengikut;.berjalan.bersama.sama
hatih#di.sini
kuiih#sana
k-#ABILITY aap#dapat
na#DEF
nu#engkau;.awak;.saudara;.anda
alih#bung
taik#huh
onu#apa
karukng#karung
lama#orang
na#DEF
kandak#hendak
ou#saya;.aku
ndah.pa#BELUM;.BELUM.LAGI;.
duah#descend
meraah#type.of.tree
gulu#dahulu
==ga#=
teih#tapi
kaadn#berkata
kerah#monyet
n-#PST.ACH dedi#happen
==ga#=
ngai#get
ina#itu
saa#isteri;.suami;.bini;.laki
tik#beat
saa#isteri;.suami;.bini;.laki
na#DEF
subai#on.the.contrary
kipiaak#ketiak
liaag#belayar
na#DEF
mbat#evaluative.exclamation.
hei#juga
ki-#EXIST ara#ada
sarip#syarif
poroh#mengatakan
ihi#kami
kuman#pakcik;.bapa.saudara
buid#bukit
orob#belatik
iskul#sekolah
kualih#kuali
na#DEF
-em-#MO.ACY teis#tangis
biaah#ikut;.mengikut;.berjalan.bersama.sama
na#DEF
teih#tapi
ig-#ACY.C2 bajuh#baju;.kemeja
hatih#di.sini
tindiangan#persimpangan
suikng#flowerpecker
alih#bung
na#DEF
n-#ISA.AV alak#talak
g-#ACY.C2 imung#gumpul;.campur;.menghimpunkan
karukng#karung
-i-#PST.UV totok#memotong
asal#asal
bali#rumah
na.haah.na#SEKARANG
hei#juga
-m-#MO.ACY sili#replace
siga#PLURAL
ngai#get
kudat#Kudat
medoot#barang,.benda
na#DEF
sida#PLURAL
na#FOCUS
na#DEF
ngai#get
ng-#ISA.AV imun#cemburu.(orang)
pandi#know
hai#juga
dunyah#dunia,.bumi
na#DEF
beig#air
na#DEF
mulah#zaman.dahulu
dioo#di.sana
miliug#tinggi
louk#fish
ihi#kami
ki-#EXIST ara#ada
ndah#tidak
m-#ISA.AV -oli#beli
ng-#ATTR.ST koon#makanan
lahi#lelaki
set#hanya
==ga#=
alih#bung
saa#isteri;.suami;.bini;.laki
dadi#become
na#DEF
mah#dan
suad#story
tutung#terbakar;.membakar -un#ISA.UV
malik#again
n-#ATTR.ST tuah#tua
pudn#pun,.bahkan
aha#awak;.engkau;.saudara;.anda
na#DEF
lama#orang
-in-#PST.ACY panu#pergi.jalan
na#DEF
na#DEF
na#DEF
nubuh#kemudian
ina#itu
hei#juga
reyda#Reyda
nu#engkau;.awak;.saudara;.anda
==hu#=SAYA;.AKU
m-#MO.ACY ouh#willing
dei#jangan
nggien#di.mana
nubuh#kemudian
m-#ATTR.ST olok#ketakutan
na#DEF
leidn#lain;.bukan
-m-#MO.ACY sili#replace
nubuh#kemudian
siadn#penyu
linda#Linda
m-#MO.ACY ouh#willing
nge-#ISA.AV -reikng#mengerang
na#nya
ny==#=
-in-#PST.AV nge-#ISA.AV saa#isteri;.suami;.bini;.laki
hei#juga
saa#isteri;.suami;.bini;.laki
di#di;.ke;.pada
-in-#PST.AV ng-#ISA.AV iup#meniup
sangup#timun
di#di;.ke;.pada
==ga#=
bali#rumah
se-#SE n-#LINKER toudn#tahun
na#DEF
kei#juga
bas#pernah
kungguakng.buid#TYPE.OF.ANIMAL
bumbukng#bambu,.buluh
ba#EMPHATIC
nti#ini
m-#MO.ACY ien#stay
n-#ISA.AV -uruk#clean.field.after.burning
k-#MULT.NUM esa#satu
kerah#monyet
na#DEF
ndah#tidak
katih#di.sini
ringah.mulah#ZAMAN.DAHULU
mah#dengan;.sama
na#DEF
bohit#burung,.unggas
anu#anu
tidii#dari.sana
pandi#know
m-#MO.ACY ulih#return
alih#bung
-in-#PST.ACY k-#DESIDERATIVE ohodn#makan
i-#PST.AV n-#ISA.AV oluh#chase
diaadn#saya
pusud#saudara
pa#yet
di.soig#DI.DALAM
hei#juga
nge-#ISA.AV -reikng#mengerang
n-#ATTR.ST segah#merah
lama#orang
ny==#=
==ga#=
hei#juga
ndah#tidak
-lepas#dibebaskan -adn#V.>.NMLZ
si==#=
adat#adat
k-#NMLZR ingei#want -n#NMLZR
k-#MULT.NUM esa#satu
guai#kekasih,.belahan.jiwa
nge-#ISA.AV lanag#sadar
na#DEF
pekahas#parts
ulakng#ular
si==#=
na#DEF
deirdn.na#ALONE
lama#orang
sia#3SG.NOM
pa#yet
na#DEF
na#DEF
n-#ISA.AV unu#bakar
m-#MO.ACY ouh#willing
nti#ini
ig-#ACY.C2 kerai#kerja,.pekerjaan
lahi#lelaki
ndah#tidak
poroh#mengatakan
-i-#PST.ACY m-#MO.ACY ulih#return
deirdn.na#ALONE
poroh#mengatakan
ali#lain
mekul#Michael
di#di;.ke;.pada
lipa#Lipa
ngai#get
m-#MO.ACY apit#singgah
mual#Mual
na#DEF
kaadn#berkata
tina#nanti
tuni#badan,.tubuh
libudn#woman
==ga#=
na#DEF
ihi#kami
==ga#=
puudn#tree
nibalu#Gunung.Kinabalu
-in-#PST.ACY k-#DESIDERATIVE ohodn#makan
na#DEF
si==#= elih#anak.lelaki
api#api
m-#ISA.AV uun#minta.diri
suruh#direct
sarah#cara
m-#ISA.AV iaah#ikut;.mengikut;.berjalan.bersama.sama
ndah#tidak
lehad#puas
nu#AUX.UV -an#ISA.UV
pandi#know
mengin#ingin
korok#burung.merbah
utidn#pelir;.zakar
ina#itu
na#DEF
berhei#benar
ndah#tidak
nda#mereka
nge-#ISA.AV rarakng#larang
na#DEF
mual#Mual
na#DEF
se-#SE tengah#setengah
induh#ibu;.induk;.emak
na#DEF
jadi#jadi
daidn#jalan;.denai;.jalan.kecil
lama#orang
sukim#Sukim
sodokng#rata.rata
ndah#tidak
di.sodi#DI.SAMPING
ipus#ekor
ada#ada
rarukng#peti.mati
kahah#kakak
mu-#NPST.ACH tukng#terbakar;.membakar
saa#isteri;.suami;.bini;.laki
di#di;.ke;.pada
lama#orang
na#DEF
-i-#PST.ACY matakng#datang
mulah#zaman.dahulu
==ga#=
na#DEF
kiou#kayu
matakng#datang
na#DEF
tamu#tamu
siga.lama.na#MEREKA
maap#boleh
pasi#lagi
sia#3SG.NOM
nubuh#kemudian
siga.lama.na#MEREKA
lama#orang
ki-#POSS ara#ada
mah#dan
menoon#Menoon
di#di;.ke;.pada
kirab#kelmarin;.semalam
tuhad#tangga
nu#AUX.UV -an#ISA.UV
gaabm#lebih.baik;.tambahan.pula
-i-#PST.UV pusut#bungkus
ina#itu
kaadn#berkata
m-#MO.ACY panu#pergi.jalan
ihi#kami
se-#SE tengah#setengah
na#nya
si==#=
sikng#seperti
hatih#di.sini
na#DEF
na#DEF
na#DEF
kaadn#berkata
induh#ibu;.induk;.emak
barabm#banyak
ohodn#makan
na.haah.na#SEKARANG
di#di;.ke;.pada
ng-#ATTR.ST kasar#kasar
betaan#call
katih#di.sini
deirdn.na#ALONE
hei#juga
nubuh#kemudian
na#DEF
tinggalukng#tangalung
bonggi#Banggi
na#DEF
poroh#mengatakan
komit#menjaga
aa#itulah
m-#ISA.AV -intas#mudah
n-#ISA.AV oluh#chase
na#DEF
dia#sana
ny==#=
diti#sini
asu#anjing
kuiih#sana
di#di;.ke;.pada
-i-#PST.ACY m-#MO.ACY ulih#return
elih#anak.lelaki
meg-#HAB suad#bercakap;.mengata;.cakap
pe-#IMP.AV m-#ISA.AV ahi#pakai
kuiih#sana
sodi#samping,.di.samping
mati#mati;.meninggal.dunia
na#DEF
tereib#Tereib
tirima#terima
ngu-#ISA.AV duaa#doa
nga#seperti
ihi#kami
sikiou#ubi.kayu
hei#juga
tobos#pergi
nd==#BIDAK;.BUKAN= ihi#kami
mah#dengan;.sama
pihaadn#pakaian.
na.haah.na#SEKARANG
kaadn#berkata
depoordn#dapur
punga#COMPL
na#DEF
i==#=
di.soid#DI.DALAM
-i-#PST.ACY m-#MO.ACY ulih#return
berajar#belajar
kei#juga
na#DEF
lama#orang
-em-#MO.ACY teis#tangis
-i-#PST.ACH mati#mati;.meninggal.dunia
pa#yet
i==#=
pusud#saudara
-in-#PST.ACY g-#ACY.C2 isik#goyang
==hi#=KAMI
katih#di.sini
si==#=
uubm#berkata
bobo#mendukung
diaadn#saya
saa#isteri;.suami;.bini;.laki
na#DEF
tidi#dari
g-#ACY.C2 iuh#rela
naah#boleh
mengin#ingin
nge-#ISA.AV saa#isteri;.suami;.bini;.laki
hai#juga
suad#bercakap;.mengata;.cakap
mekul#Michael
ng-#ISA.AV amul#hisap
nti#ini
kaadn#berkata
hei#juga
ng-#ISA.AV ondih#buang
ndah.pa#BELUM;.BELUM.LAGI;.
siidn#duit;.wang
gu#dahulu
ndah#tidak
ina#itu
banggi#bangkai,.mayat
ng-#ISA.AV arap#harap;.mengharapkan
i==#=
g-#ACY.C2 iit#angkat
layut#Layut
bali#rumah
ngkadn#alasan
pasi#lagi
ki-#EXIST ara#ada
m-#MO.ACY ulih#return
ulakng#ular
m-#ATTR.ST oduh#jauh
m-#NPST.ACH etak#tinggal
eyrat#alam.baka
n-#ISA.AV uart#surat
peg-#IMP sigup#tembakau
ig-#RECP biakng#detached;.separated
epaat#empat
mual#Mual
-in-#PST.ACY kimuat#tanya
adi#adik
mung-#TOWARD kuiih#sana
na#DEF
irum#cari -un#ISA.UV
matakng#datang
iloodn#sangat;.berlebihan;.sangat,.berlebihan
kirab#kelmarin;.semalam
uhu#engkau.sekalian
ndah#tidak
dua#dua
dii#sana
tolu#tiga
nti#ini
hei#juga
na#now
m-#MO.ACY ohodn#makan
na#DEF
m-#MO.ACY ohodn#makan
turuh#tujuh
-i-#PST.ACY m-#MO.ACY ulih#return
adat#adat
-em-#ACL langgu#kepanjangan
mah#dan
bakng#kalau
-i-#PST.ACL -m-#MO.ACY teis#tangis
nubuh#kemudian
ina#itu
i==#=
beig#air
matakng#datang
ndah#tidak
na#DEF
odu#hari
mah#dan
ringah#sebelum,.dahulu
induh#ibu;.induk;.emak
m-#ISA.AV ahi#pakai
baar#betul;.penting;.benar;.tepat
nti#ini
sia#3SG.NOM
lama#orang
ny==#=
na#DEF
==a#=AWAK;.ENGKAU;.SAUDARA;.ANDA
ernah#tanah.datar,.dataran.rendah
dawai#pagar.kawat
kina#dahulu;.tadi
-i-#PST.ACY matakng#datang
kaadn#berkata
na#DEF
tuadn.umur#spirit.name
tidi#dari
ou#saya;.aku
nd==#BIDAK;.BUKAN= ara#ada
peg-#HAVING.XED punga#setelah
leidn#lain;.bukan
ndah#tidak
nentaadn.na#ALL
suad.tuah-mulah#CERITA.DONGENG
gulu#dahulu
nentaadn.na#ALL
==ga#=
hei#juga
ou#saya;.aku
-in-#PST.AV ng-#ISA.AV uah#pergi.ke
na#DEF
na#DEF
louk#fish
baah#well
siga#PLURAL
epaat#empat
kiou#kayu
pa#yet
i-#PST.ACY gi-#ACY.C2 libag#menghina
sultadn#sultan
na#DEF
-in-#PST.AV nge-#ISA.AV rapat#dekat
peg-#HAVING.XED datakng#datang
na#DEF
lama#orang
ina#itu
in-#PST.UV ondih#buang
m-#ATTR.ST olok#ketakutan
beranti#berhenti
m-#ISA.AV iaah#ikut;.mengikut;.berjalan.bersama.sama
==ku#=
m-#MO.ACY ohodn#makan
na#DEF
di#di;.ke;.pada
n-#ISA.AV -oog#panggil
jadi#jadi
paat#empat
ragah#keranjang;.bakul
ng-#ISA.AV kuah#pergi.ke
meg-#HAB tomu#temu
ditah#racun
susa#sulit,.sukar
ki-#POSS ara#ada
tolu#tiga
tina#nanti
kumut#sarung
egas#beras
bakng#kalau
leidn#lain;.bukan
katih#di.sini
kiti#kita
diaadn#saya
ng-#ISA.AV irah#ajar
katih#di.sini
na#DEF
na#DEF
na#DEF
na#DEF
ndah#tidak
na#DEF
diaa#darat
buna#pada.sisi.lain
lama#orang
di#di;.ke;.pada
karukng#karung
siga#PLURAL
ou#saya;.aku
ny==#=
suad#bercakap;.mengata;.cakap
punga#COMPL
kaadn#berkata
na#DEF
lima#lima
na#DEF
-in-#PST.AV ng-#ISA.AV -utuh#pick
ndah.pa#BELUM;.BELUM.LAGI;.
ba#EMPHATIC
na#DEF
induh#ibu;.induk;.emak
kiti#kita
ny==#=
-i-#PST.ACY matakng#datang
-i-#PST.UV bori#give
uai#kaki
k-#MULT.NUM esa#satu
==ga#=
lobokng#kubur
si==#=
mbat#evaluative.exclamation.
si==#=
==ga#=
dihiti#kita
mah#dan
nentaadn.na#ALL
m-#ISA.AV ori#give
ngelag#mengiris
di.libuat#ABOVE
kaadn#berkata
dei#jangan
siga#PLURAL
pe-#CAUS.AV panyap#pack.things
leidn#lain;.bukan
-um-#MO.ACY luas#exit
nti#ini
-i-#PST.ACY matakng#datang
bakng#kalau
toyuk#kecil;.sedikit
na#DEF
na.haah.na#SEKARANG
mi-#NPST.ACH sipit#sepit -adn#V.>.ADVRS
deirdn.na#ALONE
na.haah.na#SEKARANG
man#mengapa
mah#dan
na#DEF
iit#bawa;.membawa -on#ISA.UV
leidn#lain;.bukan
pudn#EMPH
nu#engkau;.awak;.saudara;.anda
==ga#=
na#DEF
diaadn#saya
ng-#ISA.AV irah#ajar
bunua#kampung;.benua
onsobm#limau,.jeruk.limun
nubuh#kemudian
toho#tiba.tiba
di#di;.ke;.pada
leidn#lain;.bukan
==ga#=
menoon#Menoon
teykang#Teykang
di#di;.ke;.pada
ina#itu
asu#anjing
na#DEF
bali#rumah
asal#asal
suruh#order
ngi#get -en#ISA.UV
nd==#BIDAK;.BUKAN= ara#ada
buat#lakukan
==ga#=
mati#mati;.meninggal.dunia
na#DEF
di.soid#DI.DALAM
na#DEF
ihi#kami
ngu-#ISA.AV duaa#doa
mulah#zaman.dahulu
hai#juga
nubuh#kemudian
ndah#tidak
ny==#=
ouu#oh
simbilikng#type.bamboo
na#DEF
na#DEF
na#DEF
deirdn.na#ALONE
m-#MO.ACY ouh#willing
na#DEF
i==#=
hei#juga
kaadn#berkata
ou#saya;.aku
mengin#ingin
sungad#terbalik
m-#ISA.AV iaah#ikut;.mengikut;.berjalan.bersama.sama
nge-#ISA.AV lana#minyak
na#DEF
diaadn#saya
kk#Kota.Kinabalu
ng-#ISA.AV ala#alah
ou#saya;.aku
nyu#2PL.POSS
pedang#pedang
ng-#ISA.AV ipah#simpan;.menaruh;.meletakkan
domon#Domon
ny==#=
hei#juga
koo#sayap
deirdn.na#ALONE
kusang#Kusang
buh#lama;.lampau
ba#EMPHATIC
ndah.pa#BELUM;.BELUM.LAGI;.
jadi#jadi
putih#putih
ng-#ISA.AV biidn#pesan
duaa#doa
ny-#ISA.AV umpakng#follow;.take.passage.on
lahi#lelaki
miribu#seribu
na#nya
nu#AUX.UV -an#ISA.UV
buh#lama;.lampau
na#DEF
saa#isteri;.suami;.bini;.laki
-im-#MO.ACY liaag#belayar
engat#reply
inubuh#kemudian
dawai#pagar.kawat
soid#di.dalam
m-#ISA.AV ihit#matrilocal.residence
na#DEF
barabm#banyak
==a#=AWAK;.ENGKAU;.SAUDARA;.ANDA
na#DEF
tapih#tetapi
nubuh#kemudian
bali#rumah
pasi#lagi
turuh#tujuh
biuh#daun.sirih
ihi#kami
na#DEF
di#di;.ke;.pada
-i-#PST.ACY matakng#datang
jadi#jadi
toyuk-toyuk#kecil;.sedikit
induh#ibu;.induk;.emak
-in-#PST.ACY panu#pergi.jalan
sampai#sampai,.hingga
hei#juga
nu#engkau;.awak;.saudara;.anda
iun#ayun -ah#ISA.UV.IMP
ragah#keranjang;.bakul
nge-#ISA.AV -reikng#mengerang
na#DEF
k-#ABILITY aap#dapat
n-#ISA.AV ouk#draw.water
padi#padi
na#DEF
intakng#napas
di#di;.ke;.pada
m-#MO.ACY abat#jawab
beig#air
urang.tuah#ketua.kampung,.kepala.desa
i==#=
punga#COMPL
na#DEF
na#DEF
nu#engkau;.awak;.saudara;.anda
bagi#bahagi;.membahagi
==ga#=
na#DEF
buat#lakukan
beg-#VBLZR -tonduh#see
barakng#barang
alakng-alakng#alang.alang
i==#=
nd==#BIDAK;.BUKAN= ara#ada
nubuh#kemudian
bonggi#Banggi
tau#know
meg-#HAB tomu#temu
libudn#woman
in-#PST.UV iit#carry
iag#air.liur
-i-#PST.ACH mati#mati;.meninggal.dunia
ou#saya;.aku
peg-#HAVING.XED punga#setelah
==ga#=
tiadn#perut
uhubm#trial
ng-#ISA.AV irah#ajar
ouu#oh
ndah#tidak
ng-#ISA.AV -engkabm#meraba;.meraba.raba;.menyentuh
na#DEF
ndah#tidak
-i-#PST.UV totok#memotong
dumah#dengan
lama#orang
kaadn#berkata
ringah#sebelum,.dahulu
m-#ATTR.ST olok#ketakutan
dii#sana
buh#lama;.lampau
di#di;.ke;.pada
ndah#tidak
nubuh#kemudian
ou#saya;.aku
na#nya
suhup#enough
bonggi#Banggi
ng-#ISA.AV biidn#pesan
ihi#kami
melik#lagi
lahi#lelaki
siga#PLURAL
m-#ISA.AV ompodn#menggumpul
mipah#bila
ina#itu
hei#juga
toyuk#kecil;.sedikit
-um-#MO.ACY suak#enter
ou#saya;.aku
dei#jangan
adat#adat
nga#seperti
iloodn#sangat;.berlebihan;.sangat,.berlebihan
se-#SE m-#LINKER belah#picah
sia#3SG.NOM
pag#HAVING.Xed datakng#datang
gagi#gaji;.upah
n-#ISA.AV utup#tudung;.penutup
tingih#Tingih
barabm#banyak
na#DEF
na#DEF
bonggi#Banggi
k-#ABILITY adak#cium
api#api
-in-#PST.ACY g-#ACY.C2 ait#menunggu
ajukng#bahtera
ba#EMPHATIC
kerai#work
turuh#tujuh
asu#anjing
robi#malam;.pada.waktu.malam
oduh#nenek
na#DEF
n-#ISA.AV otog#pasti
mutuah#beliau
mah#dan
hei#juga
su-#CONT suad#bercakap;.mengata;.cakap
na#DEF
kaadn#berkata
beig#air
na#DEF
sia#3SG.NOM
biaah#ikut;.mengikut;.berjalan.bersama.sama
leidn#bukan
-i-#PST.ACY matakng#datang
si==#=
siga.lama.na#MEREKA
m-#ATTR.ST pia#bagus;.baik
na.haah.na#SEKARANG
ndah#tidak
kerai#work
diha#engkau
bali#rumah
nd==#BIDAK;.BUKAN= ara#ada
na#DEF
ina#itu
nentaadn.na#ALL
bonggi#Banggi
na#DEF
ina#itu
bunua#kampung;.benua
bitakng#punggung
ng-#ISA.AV obuh#operate.on
-in-#PST.ACH -rogo#worried
i==#=
tundah#tansi
nubuh#kemudian
-i-#PST.ACH mati#mati;.meninggal.dunia
suhup#enough
pelanduk#pelanduk
apuh#datuk,.kakek
na#DEF
na#DEF
k-#ABILITY aap#dapat
gah#sebab
berhei#benar
hei#juga
sia#3SG.NOM
ny==#=
nd==#BIDAK;.BUKAN= ara#ada
-um-#MO.ACY suak#enter
na#DEF
mondog#hiwan.khayal
ou#saya;.aku
pa#yet
ndah#tidak
ndah.pa#BELUM;.BELUM.LAGI;.
buh#lama;.lampau
-in-#PST.AV ng-#ISA.AV ai#get
na#nya
lahi#man
apuh#datuk,.kakek
-i-#PST.ACY m-#MO.ACY ulih#return
bajuh#baju;.kemeja