metoh#know,.to
natam#Natam
meng-#ACTIVE.VOICE elem#hold.onto,.grasp
tepat#just.right
kalak#person
mbue#many
sendah#presently,.nowadays
tebhu#sugarcane
pe-#HAVING.TO.DO.WITH... khencane#plan -en#HAVING.TO.DO.WITH... ==ne#=3SG
me-#TO.HAVE.... pangkat#rank,.station.in.life
bahagie#happy
mame#uncle ==ne#=3SG
kelak#what.will.come
men-#ACTIVE.VOICE akhik#to.pull
meng-#ACTIVE.VOICE ato#watch,.look,.see
khumah#home
akhi#from
kalak#person
wahai#O
amin#only
mem-#ACTIVE.VOICE ege#hear,.to
madhe#negativizer
otomatis#automatic
te#and
pedagang#merchant
me#to,..toward.(a.place)
puhun#aunt
jekhok#conversation ==ne#=3SG
kae#WHAT
ke-#NOMINALIZER sokhokh#to.be.famous -en#NOMINALIZER
si#relpro layakh#sail
nange#again
pesisikh#coast
milik#possession -i#GIVE.X.TO
si#relpro
anak#child
sendikhi#alone -en#ADVERBIALIZER
nemu#to.be.able.to
pelin#only
pakek#to.use
ende#this
te#and
iye#3sg
pakek#to.use
alas#alas
usahe#effort
de#if
si#relpro layakh#sail
meng-#TO.GO.TO.... adep#face
dempik#cry.out,.to
te-#ABILITATIVE gusuk#scrub,.to
bumi#earth,.the.world
men-#ACTIVE.VOICE olong#to.help
dapet#get,.receive -i#REPEATEDLY
ende#this
ni-#PAS.TR khakut#to.tie
nde#this
peng-#HAVING.TO.DO.WITH... ukhus#barren -en#HAVING.TO.DO.WITH...
se-#ONE kalak#3mp
sendikhi#alone
khut#with
laki-laki#male
ngo#done.(finished)
malet#neg
ende#this
mame#uncle
motokh#car e#that,.those
si#relpro layakh#sail
oyek#no,.not.(of.nouns)
megekhogoti#to.gnaw.on
pekhintah#order.(command)
khombong#to.be.a.group -en#OBJECT.OF.VERB
selukhuh#entire
kisat#lazy
laus#go mece#to.read.holy.books -me#EMPHASIS
hakhte#wealth
pemain.sukhi#QUEEN ==ne#=THE
handhe#here
datas#top
pade#on.(of.dates)
me#to,..toward.(a.place)
akhi#from
geluh#to.live.(be.alive)
pemain.sukhi#QUEEN
iye#3sg -me#EMPHASIS
lot#be,.exist,.have
ganteng#handsome
edi#that,.those
pejabat#officials.(government)
bekhu#wife ==ne#=3SG
te#and
men-#ACTIVE.VOICE ikmat#enjoy -i#DURATIVE?
me-#TO.HAVE.... khiyut#mouth.of.a.river
alangkah#how
kabakh#news
ni#in,.at.(space)
hal#thing
sang#class.person
agup#to.be.capable.of
khang.tue#PARENTS ==ne#=3SG
si#relpro
bahagie#happy
te-#SUPERLATIVE pucat#pale pasti#very
si#relpro layakh#sail
meng-#ACTIVE.VOICE ato#watch,.look,.see
plastik#plastic
se.sikel#AS.IF
me#to,..toward.(a.place)
dalan#road
layakh#sail
kene#also
edi#that,.those
metekh#meter
me#to,..toward.(a.place)
ke-#CHARACTERSTIC.OF yaman#comfortable -en#CHARACTERSTIC.OF
kane#even.(also)
te#and
==mu#=2ND.PERSON
wali#representative ==ne#=3SG
pekhintah#order.(command)
antakhe#between
sultan#sultan
apekah#are?
ie#3sg
putus#to.break ase#hope
endak#not
m-#ACTIVE.VOICE angan#eat
iye#3sg
edi#that,.those
se-#ONE kalak#person
sukut#story ==ne#=THE
edi#that,.those
saling#mutual,.mutually
kabakh#news
tapi#but
ni#in,.at.(space) hadep#in.front.of
ni#in,.at.(space)
pinang#to.propose.(marriage) -en#OBJECT.OF.VERB
hambe#servant
ni-#PAS.TR pe-#SEMANTIC.ROLE:.PATIENT kikhe#to.think -ken#SEMANTIC.ROLE:.PATIENT
kayu#wood
mungkin#maybe
ke-#NOMINALIZER khoh#come,.to -en#NOMINALIZER
bulet#without.exception
pakhe#group
acam#to.threaten -en#OBJECT.OF.VERB
kahkhene#because
enggo#done.(finished)
khut#with
sang#class.person
amin#only
si#relpro
kase#even.(also)
kekuaten#strength
tukhun#TO.GO.DOWN ==lah#=FRONTED.ELEMENT
woi#woi
ni-#PAS.TR tambah#Tambah
khaje#king
selame#the.time.of
endhe#it
due#two
kune#HOW?
enggo#done.(finished)
amek#mother
kawin#to.marry
te#and
kane#even.(also)
tekhahikh#the.most.recent
dape#where
enggo#done.(finished)
si#relpro
natam#Natam
lawe#river
nawe#spirit
jakhum#needle
anak#child ==ne#=THE
jage#guard,.to lah#polite.imperative
kelak#what.will.come
kane#so
pakek#to.use
ni-#PAS.TR babe#to.carry m-#ACTIVE.VOICE balik#return.(go.back)
si#relpro
meba#to.(a.person) ==ne#=3SG
natam#Natam
khisau#worried
khut#with
bongi#night
uwis#cloth
si#relpro
natam#Natam
ingin#to.want
kao#you.(hon)
kane#even.(also)
te-#ABILITATIVE tandok#sit.down,.to me-#TO.HAVE.... sile#cross.legged.position
de#if
bekhu.dinam#BRU.DINAM
m-#CAUSATIVE bulak#to.collapse -ken#CAUSATIVE
bekhe#nephew
mekh-#TO.DO.... umukh#age
akhi#from
sentue#oldest.(child)
namun#but
kakhine#entire
sang#class.person
edi#that,.those
dape#where
[c^1][v^1]-#REPEATED.ACTION minum#drink,.to
daekhah#area
se-#ONE [...]--#RDP sikel#intend,.to
te#and
te#and
aku#1sg
edi#that,.those
tanoh#land
handhe#here
jumpe#meet,.to
bone#yesterday
menukhut#according.to
jukhang#chasm
amek#mother
mulai#begin,.to
ke-#CHARACTERSTIC.OF suwi#magical -en#CHARACTERSTIC.OF
si#relpro
me-#TO.DO.... lalu#to.pass
cinta#love -i#GIVE.X.TO
ni#in,.at.(space)
iye#3sg
tukang#CRAFTSMAN
edi#that,.those
ntekhen#many.people
goye#worm
akhi#from
izin#permit,.license -ken#IMPERATIVE
nange#again
de#if
bhatu#stone
edi#that,.those
wakhi#day
men-#ACTIVE.VOICE cube#try
daye#to.sell
me-#TO.DO.... daun#drug,.medicine
penduduk#citizen
anak#child ==ne#=3SG
gat#continue
me-#TO.BE.... belin#large
penghulu.mude#PENGULU.MUDE
ni-#PAS.TR angap#to.view.as
wakhi#day
ahli#expert
te-#ABILITATIVE jekhang#to.cook
hambe#servant
kao#you.(hon)
ni#in,.at.(space)
nggo#done.(finished)
kakhang#compose,.write
[...]--#RDP dempik#cry.out,.to
kase#so.that
pe#also
te#and
pakek#to.use
tebe#TOWARD.(A.PERSON)
halaman#yard
me-#TO.DO.... jolokh#to.creep
tebe#what.happened
te-#ABILITATIVE takhik#to.pull
wakhi#day
te#and
ni-#PAS.TR mutilasi#to.mutilate
jagung#corn
padahal#even.though
khut#with
wakhi#day
malet#neg
sikal#will
ng-#ACTIVE.VOICE ulah#behavior
manusie#HUMAN
kane#so
soh#to.arrive
si#relpro
edi#that,.those
panen#harvest
anak#child
setekhusne#continuing
pakhe#group
ni-#TRAN.PAS khestu#blessing -i#TRAN.PAS
kune#HOW?
si#relpro
adih#THERE
edi#that,.those
anak#child
malet#neg
mem-#ACTIVE.VOICE babe#to.carry
si#relpro layakh#sail
te#and
namun#but
khaje#king
tubuh#body
si#relpro layakh#sail
ke-#NOMINALIZER hadikh#to.arrive -en#NOMINALIZER
pengulu.mude#PENGULU.MUDE
kabakh#news
tule#again
khoh#come,.to
tukang#CRAFTSMAN
engo#have.been,.ever
men-#ACTIVE.VOICE jadi#to.become
bayi#baby
edi#that,.those
niat#intention
niwekhe#coconut
khut#participate
ni-#PAS.TR jumpa#certain -i#IMPERATIVE
sikel#will
edi#that,.those
amin#only lah#intensifier
lot#be,.exist,.have
akhi#from
si#relpro
si#relpro
manusie#HUMAN
ni-#PAS.TR ekhe#to.give
sen#money
singkil#Singkil
tule#again
ge#just
sendikhi#alone
wakhi#day
ke-#CHARACTERSTIC.OF gembikh#happy -en#CHARACTERSTIC.OF
abhang#brother,.older
lebih#more.(comparative.quality)
si#relpro
mem-#CAUSATIVE pekh-#IMPERATIVE tahan#resilient -ken#CAUSATIVE
kite#we
sikel#will
ni-#PASS.INTR tumpang#to.somersault kepaling#to.turn -ken#CAUSATIVE
nggo#done.(finished)
ni#in,.at.(space)
si#relpro
sen#money
peng-#THE.ACT.OF.... ukhus#barren -en#THE.ACT.OF....
balik#return.home,.to ==lah#=FRONTED.ELEMENT
deleng#jungle
ni-#PAS.TR lindung#to.shelter -i#DURATIVE?
saingen#competition ==e#=3SG
me#to,..toward.(a.place)
jahat#evil ==ne#=3SG
si#relpro
ke-#NOMINALIZER khaja#king -en#RECIPRICAL
pade#on.(of.dates)
kalak#3mp
manuk#chicken
keluki#eagle
m-#TRANS babe#to.carry m-#TRANS balik#return.(go.back)
lot#be,.exist,.have
bekhu#wife ==ne#=3SG
bali#same
waluh.belas#EIGHTTEEN
me#to,..toward.(a.place)
ahli#expert
ate#heart ==ne#=3SG
iye#3sg
tonge#still
se-#ONE cakhe#way,.method
laus#go mece#to.read.holy.books
tanoh#land
si#relpro
khut#with
khang.tue#PARENTS ==ne#=THE
nawe#spirit ==ne#=3SG
bekhu#wife ==ne#=3SG
mbelin#large
sang#class.person
wakhi#day
sang#class.person
pekhistiwe#event
me-#TO.HAVE.... gekhot#ticking
penjelasen#clarification
belin#large
pidon#request ==ne#=THE
khaje#king
si#relpro layakh#sail
kalaki#3mp
ahli#expert
dape#where
lahekh#born ==ne#=THE
te#and
si#relpro
kite#we
lain#other ==ne#=THE
mulai#begin,.to
edi#that,.those
iye#3sg
si#relpro layakh#sail
si#relpro layakh#sail
tuan#master ==ku#=1SG
senakhen#always
si#relpro
me-#TO.GO.TO.... daun#drug,.medicine
bahwe#that
edi#that,.those
te#and
nomokh#number
bekhu#woman ==ne#=3SG
ninik#grandmother
ni-#PAS.TR bagi#to.share
khimo#tiger
tanpa#without
akhi#from
buah#one
malet#neg
khut#with
bujuk#persuasion -en#NOMINALIZER
allah#God
pekhintah#order.(command)
nange#again
lah#emphasis
kabakh#news
cut#little.(small)
nange#again
khombong#to.be.a.group -en#OBJECT.OF.VERB
meleset#to.miss.the.mark
tekhsebut#previously.mentioned
te#and
khase#feel,.to
tebe#TOWARD.(A.PERSON)
cut#little.(small) ==ne#=3SG
malet#neg
jabu#family
nakan#rice.(cooked)
[...]--#PLURAL anak#child
mey-#ACTIVE.VOICE usul#to.organize ==lah#=FRONTED.ELEMENT
ni#in,.at.(space)
tuan#master ==ku#=1SG
wakhi#day
se-#ONE kalak#person
si#relpro
me-#TO.HAVE.... doe#prayer
penduduk#citizen
akhi#from
amin#only lah#emphasis
aku#1sg
si#relpro layakh#sail
pakek#to.use
beliau#3sg.Hon
kabakh#news
batin#inner.soul
se-#ONE kalak#person
kao#you.(hon)
lebhe#first
enggo#done.(finished)
khut#with
ame#mother
nak#child
bekhe#nephew ==ne#=3SG
madhe#negativizer
pukhih#midvein.of.leaf
aceh.dakhussalam#ACEH.DARUSSALEM
sikel#will
penangkou#pickpocket
nakan#rice.(cooked)
bayi#baby
iye#3sg
pitu#seven
cinte#love
nange#again
si#relpro layakh#sail
si#relpro
bagien#part ==ne#=3SG
tanoh#land
nange#again
mampu#to.be.capable.of
si#relpro
me-#TO.HAVE.... khiyum#high.emotion
khaje#king
akhi#from
ni-#TRAN.PAS milik#possession -i#TRAN.PAS
tandok#sit.down,.to sile#cross.legged.position -me#POLITE.IMPERATIVE
adalah#is
de#if
amin#only lah#intensifier
si#relpro
kakhene#because
me-#TO.BE.... tungkuk#arched.back
ni#in,.at.(space)
ndak#not
[...]--#PLURAL khumah#home
munyang#ancestor
tebe#TOWARD.(A.PERSON)
sulit#complicated
tading#live.(stay.in.a.place)
lain#other ==ne#=THE
kae#WHAT
si#relpro
te#and
pagakh#gate
hakhte#wealth
si#relpro
pakse#force,.to
buluh#bamboo
kane#even.(also)