si#relpro
bahagie#happy
te-#SUPERLATIVE pucat#pale pasti#very
si#relpro layakh#sail
meng-#ACTIVE.VOICE ato#watch,.look,.see
plastik#plastic
se.sikel#AS.IF
me#to,..toward.(a.place)
dalan#road
layakh#sail
kene#also
edi#that,.those
metekh#meter
me#to,..toward.(a.place)
ke-#CHARACTERSTIC.OF yaman#comfortable -en#CHARACTERSTIC.OF
kane#even.(also)
te#and
==mu#=2ND.PERSON
wali#representative ==ne#=3SG
pekhintah#order.(command)
antakhe#between
sultan#sultan
apekah#are?
ie#3sg
putus#to.break ase#hope
endak#not
m-#ACTIVE.VOICE angan#eat
iye#3sg
edi#that,.those
se-#ONE kalak#person
sukut#story ==ne#=THE
edi#that,.those
saling#mutual,.mutually
kabakh#news
tapi#but
ni#in,.at.(space) hadep#in.front.of
ni#in,.at.(space)
pinang#to.propose.(marriage) -en#OBJECT.OF.VERB
hambe#servant
ni-#PAS.TR pe-#SEMANTIC.ROLE:.PATIENT kikhe#to.think -ken#SEMANTIC.ROLE:.PATIENT
kayu#wood
mungkin#maybe
ke-#NOMINALIZER khoh#come,.to -en#NOMINALIZER
bulet#without.exception
pakhe#group
acam#to.threaten -en#OBJECT.OF.VERB
kahkhene#because
enggo#done.(finished)
khut#with
sang#class.person
amin#only
si#relpro
kase#even.(also)
kekuaten#strength
tukhun#TO.GO.DOWN ==lah#=FRONTED.ELEMENT
woi#woi
ni-#PAS.TR tambah#Tambah
khaje#king
selame#the.time.of
endhe#it
due#two
kune#HOW?
enggo#done.(finished)
amek#mother
kawin#to.marry
te#and
kane#even.(also)
tekhahikh#the.most.recent
dape#where
enggo#done.(finished)
si#relpro
natam#Natam
lawe#river
nawe#spirit
jakhum#needle
anak#child ==ne#=THE
jage#guard,.to lah#polite.imperative
kelak#what.will.come
kane#so
pakek#to.use
ni-#PAS.TR babe#to.carry m-#ACTIVE.VOICE balik#return.(go.back)
si#relpro
meba#to.(a.person) ==ne#=3SG
natam#Natam
khisau#worried
khut#with
bongi#night
uwis#cloth
si#relpro
natam#Natam
ingin#to.want
kao#you.(hon)
kane#even.(also)
te-#ABILITATIVE tandok#sit.down,.to me-#TO.HAVE.... sile#cross.legged.position
de#if
bekhu.dinam#BRU.DINAM
m-#CAUSATIVE bulak#to.collapse -ken#CAUSATIVE
bekhe#nephew
mekh-#TO.DO.... umukh#age
akhi#from
sentue#oldest.(child)
namun#but
kakhine#entire
sang#class.person
edi#that,.those
dape#where
[c^1][v^1]-#REPEATED.ACTION minum#drink,.to
daekhah#area
se-#ONE [...]--#RDP sikel#intend,.to
te#and
te#and
aku#1sg
edi#that,.those
tanoh#land
handhe#here
jumpe#meet,.to
bone#yesterday
menukhut#according.to
jukhang#chasm
amek#mother
mulai#begin,.to
ke-#CHARACTERSTIC.OF suwi#magical -en#CHARACTERSTIC.OF
si#relpro
me-#TO.DO.... lalu#to.pass
cinta#love -i#GIVE.X.TO
ni#in,.at.(space)
iye#3sg
tukang#CRAFTSMAN
edi#that,.those
ntekhen#many.people
goye#worm
akhi#from
izin#permit,.license -ken#IMPERATIVE
nange#again
de#if
bhatu#stone
edi#that,.those
wakhi#day
men-#ACTIVE.VOICE cube#try
daye#to.sell
me-#TO.DO.... daun#drug,.medicine
penduduk#citizen
anak#child ==ne#=3SG
gat#continue
me-#TO.BE.... belin#large
penghulu.mude#PENGULU.MUDE
ni-#PAS.TR angap#to.view.as
wakhi#day
ahli#expert
te-#ABILITATIVE jekhang#to.cook
hambe#servant
kao#you.(hon)
ni#in,.at.(space)
nggo#done.(finished)
kakhang#compose,.write
[...]--#RDP dempik#cry.out,.to
kase#so.that
pe#also
te#and
pakek#to.use
tebe#TOWARD.(A.PERSON)
halaman#yard
me-#TO.DO.... jolokh#to.creep
tebe#what.happened
te-#ABILITATIVE takhik#to.pull
wakhi#day
te#and
ni-#PAS.TR mutilasi#to.mutilate
jagung#corn
padahal#even.though
khut#with
wakhi#day
malet#neg
sikal#will
ng-#ACTIVE.VOICE ulah#behavior
manusie#HUMAN
kane#so
soh#to.arrive
si#relpro
edi#that,.those
panen#harvest
anak#child
setekhusne#continuing
pakhe#group
ni-#TRAN.PAS khestu#blessing -i#TRAN.PAS
kune#HOW?
si#relpro
adih#THERE
edi#that,.those
anak#child
malet#neg
mem-#ACTIVE.VOICE babe#to.carry
si#relpro layakh#sail
te#and
namun#but
khaje#king
tubuh#body
si#relpro layakh#sail
ke-#NOMINALIZER hadikh#to.arrive -en#NOMINALIZER
pengulu.mude#PENGULU.MUDE
kabakh#news
tule#again
khoh#come,.to
tukang#CRAFTSMAN
engo#have.been,.ever
men-#ACTIVE.VOICE jadi#to.become
bayi#baby
edi#that,.those
niat#intention
niwekhe#coconut
khut#participate
ni-#PAS.TR jumpa#certain -i#IMPERATIVE
sikel#will
edi#that,.those
amin#only lah#intensifier
lot#be,.exist,.have
akhi#from
si#relpro
si#relpro
manusie#HUMAN
ni-#PAS.TR ekhe#to.give
sen#money
singkil#Singkil
tule#again
ge#just
sendikhi#alone
wakhi#day
ke-#CHARACTERSTIC.OF gembikh#happy -en#CHARACTERSTIC.OF
abhang#brother,.older
lebih#more.(comparative.quality)
si#relpro
mem-#CAUSATIVE pekh-#IMPERATIVE tahan#resilient -ken#CAUSATIVE
kite#we
sikel#will
ni-#PASS.INTR tumpang#to.somersault kepaling#to.turn -ken#CAUSATIVE
nggo#done.(finished)
ni#in,.at.(space)
si#relpro
sen#money
peng-#THE.ACT.OF.... ukhus#barren -en#THE.ACT.OF....
balik#return.home,.to ==lah#=FRONTED.ELEMENT
deleng#jungle
ni-#PAS.TR lindung#to.shelter -i#DURATIVE?
saingen#competition ==e#=3SG
me#to,..toward.(a.place)
jahat#evil ==ne#=3SG
si#relpro
ke-#NOMINALIZER khaja#king -en#RECIPRICAL
pade#on.(of.dates)
kalak#3mp
manuk#chicken
keluki#eagle
m-#TRANS babe#to.carry m-#TRANS balik#return.(go.back)
lot#be,.exist,.have
bekhu#wife ==ne#=3SG
bali#same
waluh.belas#EIGHTTEEN
me#to,..toward.(a.place)
ahli#expert
ate#heart ==ne#=3SG
iye#3sg
tonge#still
se-#ONE cakhe#way,.method
laus#go mece#to.read.holy.books
tanoh#land
si#relpro
khut#with
khang.tue#PARENTS ==ne#=THE
nawe#spirit ==ne#=3SG
bekhu#wife ==ne#=3SG
mbelin#large
sang#class.person
wakhi#day
sang#class.person
pekhistiwe#event
me-#TO.HAVE.... gekhot#ticking
penjelasen#clarification
belin#large
pidon#request ==ne#=THE
khaje#king
si#relpro layakh#sail
kalaki#3mp
ahli#expert
dape#where
lahekh#born ==ne#=THE
te#and
si#relpro
kite#we
lain#other ==ne#=THE
mulai#begin,.to
edi#that,.those
iye#3sg
si#relpro layakh#sail
si#relpro layakh#sail
tuan#master ==ku#=1SG
senakhen#always
si#relpro
me-#TO.GO.TO.... daun#drug,.medicine
bahwe#that
edi#that,.those
te#and
nomokh#number
bekhu#woman ==ne#=3SG
ninik#grandmother
ni-#PAS.TR bagi#to.share
khimo#tiger
tanpa#without
akhi#from
buah#one
malet#neg
khut#with
bujuk#persuasion -en#NOMINALIZER
allah#God
pekhintah#order.(command)
nange#again
lah#emphasis
kabakh#news
cut#little.(small)
nange#again
khombong#to.be.a.group -en#OBJECT.OF.VERB
meleset#to.miss.the.mark
tekhsebut#previously.mentioned
te#and
khase#feel,.to
tebe#TOWARD.(A.PERSON)
cut#little.(small) ==ne#=3SG
malet#neg
jabu#family
nakan#rice.(cooked)
[...]--#PLURAL anak#child
mey-#ACTIVE.VOICE usul#to.organize ==lah#=FRONTED.ELEMENT
ni#in,.at.(space)
tuan#master ==ku#=1SG
wakhi#day
se-#ONE kalak#person
si#relpro
me-#TO.HAVE.... doe#prayer
penduduk#citizen
akhi#from
amin#only lah#emphasis
aku#1sg
si#relpro layakh#sail
pakek#to.use
beliau#3sg.Hon
kabakh#news
batin#inner.soul
se-#ONE kalak#person
kao#you.(hon)
lebhe#first
enggo#done.(finished)
khut#with
ame#mother
nak#child
bekhe#nephew ==ne#=3SG
madhe#negativizer
pukhih#midvein.of.leaf
aceh.dakhussalam#ACEH.DARUSSALEM
sikel#will
penangkou#pickpocket
nakan#rice.(cooked)
bayi#baby
iye#3sg
pitu#seven
cinte#love
nange#again
si#relpro layakh#sail
si#relpro
bagien#part ==ne#=3SG
tanoh#land
nange#again
mampu#to.be.capable.of
si#relpro
me-#TO.HAVE.... khiyum#high.emotion
khaje#king
akhi#from
ni-#TRAN.PAS milik#possession -i#TRAN.PAS
tandok#sit.down,.to sile#cross.legged.position -me#POLITE.IMPERATIVE
adalah#is
de#if
amin#only lah#intensifier
si#relpro
kakhene#because
me-#TO.BE.... tungkuk#arched.back
ni#in,.at.(space)
ndak#not
[...]--#PLURAL khumah#home
munyang#ancestor
tebe#TOWARD.(A.PERSON)
sulit#complicated
tading#live.(stay.in.a.place)
lain#other ==ne#=THE
kae#WHAT
si#relpro
te#and
pagakh#gate
hakhte#wealth
si#relpro
pakse#force,.to
buluh#bamboo
kane#even.(also)
me-#TO.HAVE.... baju#shirt
kalaki#3mp
kane#even.(also)
ngkekhan#Engkeran
ketang#rotan =e#THAT
wakhan#root
mem-#CAUSATIVE utus#to.be.certain -ken#CAUSATIVE
daekhah#area
madhe#negativizer
salah.sebuah#ONE.OF
akhi#from
lahekh#born ==ne#=THE
de#if
iye#3sg
aku#1sg
ke-#CHARACTERSTIC.OF gigih#active -en#CHARACTERSTIC.OF
te-#ABILITATIVE bege#hear,.to
hakhte#wealth
ni-#PAS.TR cabeng#to.throw -ken#IMPERATIVE ==ne#=3SG
ni-#PAS.TR susun#to.arrange
si#relpro
engkekhan#Engkeran
malet#neg
kalihen#very
mem-#ACTIVE.VOICE unuh#kill
tanoh#land
tuan#master ==ku#=1SG
kite#we
uwak#father ==ku#=1SG
khaje#king
miskin#poor
hakhap#hope,.to -en#OBJECT.OF.VERB
suami#husband
si#relpro
bekhat#weight
ni-#PAS.TR cindekh#stand.up,.to -ken#PASS.INTR
ahli#expert
m-#CAUSATIVE putekh#rotate -ken#CAUSATIVE
meng-#TO.APPLY.....TO.THE.OBJECT hokhmat#respect -i#TO.APPLY.....TO.THE.OBJECT
ampun#mercy
pakek#to.use
tekhsebut#previously.mentioned
telu#three
ni#in,.at.(space)
se-#ONE kelompok#team
e#that,.those
pe-#HAVING.TO.DO.WITH... dalan#road -en#HAVING.TO.DO.WITH...
pe#also
me-#TO.DO.... lalu#to.pass
te#and
sendikhi#alone
si#relpro
keluki#eagle
kabukh#blurry
sang#class.person
sekhik#difficult
sendikhi#alone
manusie#HUMAN
salah.sebuah#ONE.OF
madhe#negativizer
edi#that,.those
gegakhe#the.reason.something.happens
amek#mother
si#relpro
si#relpro layakh#sail
te#and
alas#alas
nujum#fortune.teller
ni-#TRAN.PAS kakhunia#blessing -i#TRAN.PAS
te-#ABILITATIVE lantakh#to.cause
si#relpro
aku#1sg
te#and
dukut#grass
oleh#by
khut#with
me-#CAUSATIVE soh#to.arrive -ken#CAUSATIVE
sendah#presently,.nowadays
singkil#Singkil
sebage#like
ni-#PASSIVE kate#word -ken#PASSIVE
tadi#just
jadi#so
nujum#fortune.teller
anak#child
tule#again
mejile#good
kawin#to.marry
main#to.play
pulo.biang#PULAU.BIANG
men-...-ken#CAUSATIVE ekhe#to.give -ken#CAUSATIVE
tuan#master ==ku#=1SG
te#and
oleh#by
te#and
geluh#to.live.(be.alive)
hakhus#must
masakhakat#community
tahun#year
galuh#banana
ge#just
wayang#very
ni-#PAS.TR pinpin#to.lead
me-#TO.DO.... mohon#to.politely.request
jaye#successful
kalak#person
tapi#but
deleng#jungle
mentakh#white
meng-#CAUSATIVE ekhi#finish.off,.to -ken#CAUSATIVE
lah#emphasis
tentang#about
iye#3sg
mame#uncle ==ne#=3SG
akhi#from
bhe#to,..toward.(a.place)
sang#class.person
enggo#done.(finished)
ni#in,.at.(space)
ni#in,.at.(space)
se-#ONE kalak#person
e#that,.those
melet#to.intend
kabakh#news
tangis#to.cry
anjam#to.threaten -en#OBJECT.OF.VERB
ngkhan#Engkeran
nggeluh#life
meng-#TO.APPLY.....TO.THE.OBJECT akhekh#the.end -i#TO.APPLY.....TO.THE.OBJECT
milik#possession -i#GIVE.X.TO
si#relpro
tanoh#land
me-#TO.HAVE.... hak#rights
malet#neg
kalihen#very
pakhau#raspy
oleh#by
tekh-#ABILITATIVE bunuh#kill
bekhu#wife ==mu#=2ND.PERSON
ende#this
ni-#PAS.TR tengo#to.call
kekade#thing,.item
men-#ACTIVE.VOICE cube#try
te-#PASS.TR kukhik#to.pierce -ken#PASS.TR
muncul#to.appear
nggo#done.(finished)
peng-#PERSON.WHO.HAS.... uase#power
me-#ACTIVE.VOICE bahan#to.produce
te#and
pulau.biang#PULAU.BIANG
iye#3sg
te#and
kalak#person
men-...-ken#CAUSATIVE ekhe#to.give -ken#CAUSATIVE
anak#child
mulai#begin,.to
me-#TO.HAVE.... pangkat#rank,.station.in.life
akhi#from
si#relpro
uwak#father ==ne#=3SG
khumah#home
nakhu#GIRL
si#relpro layakh#sail
khaje#king
pemain.sukhi#QUEEN ==ne#=THE
si#relpro
se-#ONE kalak#person
ke-#NOMINALIZER ekhoh#come,.to -en#NOMINALIZER
te-#ABILITATIVE bhabhe#to.carry m-#TRANS bhalik#return.home,.to
jukhang#chasm
aku#1sg
te#and
khut#with
n-#CAUSATIVE tukokh#buy -ken#CAUSATIVE
si#relpro
me#to,..toward.(a.place)
sengaje#to.be.intended
khut#with
pot#to.want
semakin#increasingly
khangtue#PARENTS
bagi#for
khut#with
si#relpro
kobo#water.buffalo
uwak#father
sendah#presently,.nowadays
ke-#CHARACTERSTIC.OF sulit#complicated -en#CHARACTERSTIC.OF
kawin#to.marry
anak.laki#BOY
akhi#from
tekh-#ABILITATIVE tandok#sit.down,.to
bakhu#just
si#relpro
malet#neg
malet#neg
ame#mother
ni-#PASS.INTR tahan#to.hold.back ==ne#=3SG
khaje#king
sebage#like
ngkran#Engkeran
natam#Natam
meng-#ACTIVE.VOICE ato#watch,.look,.see
ami#only lah#polite.imperative
natam#Natam
bekhu#woman ==ne#=3SG
ni-#PAS.TR tumpang#to.somersault kepaling#to.turn
ende#this
takkala#at.the.time
aku#1sg
khut#with
geluh#to.live.(be.alive)
de#if
khoh#come,.to
tapi#but
iye#3sg
soh#to.arrive
lebuh#quiet
iye#3sg
tangung.jawab#RESPONSIBILITY
ciduhken#display,.to
keluki#eagle
mem-#ACTIVE.VOICE opok#strike,.hit
khang.tue#PARENTS ==ne#=THE
bekhu.dinam#BRU.DINAM
kute#city
tutung#burn,.burnt
si#relpro layakh#sail
petame#first
anak#child
si#relpro layakh#sail
khumah#home
men-#CAUSATIVE ading#live.(stay.in.a.place) -ken#CAUSATIVE
khang.tue#PARENTS ==ne#=3SG
si#relpro
pesan#order
lah#emphasis
bekhu.dinam#BRU.DINAM
lah#emphasis
de#if
si#relpro layakh#sail
bekhe#nephew ==ne#=3SG
edi#that,.those
kawin#to.marry
tekhuh#under
edi#that,.those
deleng#jungle
edi#that,.those
si#relpro layakh#sail
se-#ONE bage#such.as ==ne#=3SG
meng-#ACTIVE.VOICE anut#to.follow
peng-#THE.ACT.OF.... kikha#to.think -en#THE.ACT.OF....
si#relpro layakh#sail
si#relpro
sosok#figure
me#to,..toward.(a.place)
ni-#PASS.INTR laus#go mece#to.read.holy.books -ken#PASS.INTR
akhi#from
mame#uncle ==ku#=1SG
pengulu.mude#PENGULU.MUDE
kalaki#3mp
lain#other
tekh-#ABILITATIVE jadi#to.become
te#and
oleh#by
siap#prepared,.ready
khut#also
si#relpro layakh#sail
khut#with
malet#neg
se-#ONE tekhus#to.continue ==ne#=3SG
m-#ACTIVE.VOICE ahan#to.produce
selame#the.time.of
tebe#TOWARD.(A.PERSON)
selukhuh#entire
khut#with
te#and
sitok#little.(not.inch)
te#and
me#to,..toward.(a.place)
pade#on.(of.dates)
de#if
si#relpro
ulang#do.not!
kakhene#because
pe-#PERSON.WHO.DOES.... tani#farmer
se-#HAVING.THE.SAME mase#time
jumpai#to.find
lot#be,.exist,.have
khaje#king
sang#class.person
ni-#TRAN.PAS pesulak#to.invite -i#TRAN.PAS
pe#also
edi#that,.those
pitu#seven
kite#we
kendin#you.(all)
pengulu.mude#PENGULU.MUDE
tunduk#to.bow
[...]--#RDP hewan#animal
khaje#king
ni-#PAS.TR lajang#single -i#IMPERATIVE
bekhas#rice.(uncooked.grains)
bakhang#thing
ni#in,.at.(space)
khombong#to.be.a.group -en#OBJECT.OF.VERB
pe-#HAVING.TO.DO.WITH... ngekhawang#to.weave -en#HAVING.TO.DO.WITH...
anak.bekhu#GIRL
oleh#by
amak#mat
me-#TO.HAVE.... usahe#effort
tentang#about
khang.tue#PARENTS
khaje#king
si#relpro layakh#sail
atas#because.of
ngekhan#Engkeran
me#to,..toward.(a.place)
sebenakhne#actually
bagi#for
kalak#3mp
harga#value -i#GIVE.X.TO
bekhu.dinam#BRU.DINAM
bangku#for.me
edi#that,.those
balik#return.home,.to
kalak#person
pe#also
lot#be,.exist,.have
nde#this
ngkhan#Engkeran
ulang#do.not!
de#if
ulang#do.not!
sendikhi#alone
enggo#done.(finished)
pen-#PERSON.WHO... tekhus#to.continue
khut#with ==ne#=3SG
babe#to.carry m-#TRANS balik#return.home,.to -me#POLITE.IMPERATIVE
gayo#Gayo
anak#child ==ne#=THE
bagas#variety
belang.kejekhen#BLANGKEJEREN
alas#alas
makcik#aunt
buluh#bamboo
malet#neg
si#relpro layakh#sail
bende#come.on ==lah#=FRONTED.ELEMENT
me-#TO.DO.... kembang#to.grow ==ne#=3SG
khaje#king
ucap#a.spoken.word -en#VARIETY
baik#good
gane#to.cook
ge#just
mulai#begin,.to
si#relpro layakh#sail
wayang#very
malet#neg
tek-#ABILITATIVE geletak#to.stretch.out
made#negativizer khoh#come,.to
ni#in,.at.(space)
cut#little.(small)
[...]--#RDP tanemen#field
pengulu.mude#PENGULU.MUDE
usahe#effort
nggo#done.(finished)
ie#3sg
ni-#PASSIVE kakhene#reason -ken#PASSIVE
nemu#to.be.able.to
bekhu.dinam#BRU.DINAM
gemakh#to.like
titik#point jump#meet,.to
ie#3sg
licik#cunning
kite#we
meng-#ACTIVE.VOICE ate#word -ken#CAUSATIVE
panek#upset
ni-#PAS.TR angkat#pick.up
te#and
balik#return.home,.to
khoh#come,.to
te-#ABILITATIVE tawe#laugh,.to cikhem#smile,.to
men-#ACTIVE.VOICE jadi#to.become
belantakhe#wilderness
men-#ACTIVE.VOICE andai#acquainted.to
si#relpro
te#and
kasukh#mattress
malet#neg
ni-#PAS.TR bahan#to.produce
nujum#fortune.teller
tuan#master ==ku#=1SG
ni-#TRAN.PAS geluh#life -i#TRAN.PAS
kane#also
kobo#water.buffalo
tekh-#ABILITATIVE tengo#to.call
di-#PAS.TR geluh#to.live.(be.alive)
pen-#THE.ACT.OF.... dikhi#to.stand en#THE.ACT.OF.... ==ne#=3SG
oleh#by
me-#TO.HAVE.... hak#rights
wahai#O
sikel#will
kekhet#cut,.to -i#REPEATEDLY
alas#alas
ingin#to.want -ken#TRULY
iye#3sg
nujum#fortune.teller
deleng#jungle
gembikhe#happy ==ne#=THE
si#relpro
me-#TO.HAVE.... bongi#night
dukun#shaman
te#and
akhi#from
se-#ONE sosok#figure
si#relpro
khase#feel,.to ==ne#=3SG
babe#to.carry m-#ACTIVE.VOICE balik#return.(go.back)
ni-#PAS.TR bagi#to.share
ni#in,.at.(space)
tawe#laugh,.to cikhe#smile,.to -me#EMPHASIS
tebe#TOWARD.(A.PERSON)
ke-#CHARACTERSTIC.OF mejile#pretty.(of.women) -en#CHARACTERSTIC.OF
khut#with
khaje#king
mem-#ACTIVE.VOICE ekhe#to.give
ni#in,.at.(space)
hakhap#hope,.to -en#OBJECT.OF.VERB
mame#uncle
cut#little.(small)
soh#until
dukun#shaman
te#and
sikel#will
wakhi#day
de#if
akhi#from
si#relpro
pelin#only
ahli#expert
pen-#HAVING.TO.DO.WITH... dekhite#suffering -en#HAVING.TO.DO.WITH...
kite#we
bekhu.dinam#BRU.DINAM
sedih#sad ==ne#=THE
kawin#to.marry
laki-laki#male
ni#in,.at.(space)
bayi#baby
singkil#Singkil
susah#difficult
woi#woi
kalak#3mp
imbalan#reward
khaje#king
idah#to.be.visible
te#and
abang#brother,.older ==ne#=3SG
kite#we
tandi#valley
kite#we
bekhu#wife ==ku#=1SG
pido#request.to.(informally)
khimo#tiger
ni#in,.at.(space)
akhi#from
khut#with
dakhi#from
wahai#O
sang#class.person
edi#that,.those
kau#2sg
manusie#HUMAN
khaje#king
soh#to.arrive ==lah#=FRONTED.ELEMENT
si#relpro
te#and
sang#class.person
malet#neg
me#to,..toward.(a.place)
bahwe#that
mejile#good
==ku#=1SG
cinte#love
ngo#done.(finished)
tuhan#god
kase#even.(also)
khut#with
lain#other ==ne#=THE
wakhi#day demi#untuk wakhi#day
ni-#PAS.TR tunang#to.vow.to.be.married -ken#CAUSATIVE
tegak#upright
kalak#person
n-#CAUSATIVE tumpang#to.somersault kepaling#to.turn -ken#CAUSATIVE
nangkihe#go.up,.climb
langsung#direct,.non.stop
badan#body
aku#1sg
namun#but
bebekhe#niece ==ne#=3SG
selukhuh#entire
ni-#TRAN.PAS daun#drug,.medicine -i#TRAN.PAS
amin#only
lawe#water
wakhi#day
ise#who -kah#INTERROGATIVE
mejile#good
anak#child
tumpang#to.somersault kepaling#to.turn
sendikhi#alone
mem-#ACTIVE.VOICE asti#sure -ken#CAUSATIVE
kite#we
pe#also
tekhyate#apparently
amek#mother
de#if
keluakhge#family ==ne#=THE
akhi#from
ni.mai#to.wait.for
ni#in,.at.(space)
delaki#male
jumpe#meet,.to
nange#again
sen#money
edi#that,.those
kakhene#because
kali#the.time.(that.something.happens) ==ne#=3SG
akhi#from
mbue#many
madhe#negativizer
ikan#fish
lot#be,.exist,.have
pekhtame#first
sikel#will
hal#thing
kisat#lazy
jumpe#meet,.to
patkhilineal#patrilineal
kane#even.(also)
kabakh#news
n-#DURATIVE? tegu#to.pull -i#DURATIVE?
sementakhe#temporarily
pe#also
anak.laki#BOY
n-#ACTIVE.VOICE tumpang#to.somersault kepaling#to.turn -ken#IMPERATIVE
ulang#do.not!
me#to,..toward.(a.place) natam#Natam
tebe#TOWARD.(A.PERSON)
mampu#to.be.capable.of
lembu#cow
balik#return.home,.to
cuping#ear
khut#with
khut#with
khaje#king
peng-#PERSON.WHO.HAS.... uase#power
men-#ACTIVE.VOICE akhik#to.pull
ni#in,.at.(space)
peng-#PERSON.WHO.HAS.... uase#power
khut#with
miskin#poor
ni-#PASS.INTR kakhene#because -ken#PASS.INTR
si#relpro
khaje#king
engo#done.(finished)
ninik#grandmother
edi#that,.those
geluh#to.live.(be.alive)
tekhjal#steep
nakhen#often
enggi#younger.brother.or.sister ==mu#=2ND.PERSON
gakham#to.search.for -i#REPEATEDLY
macam#type,.sort ==ne#=THE
kite#we
bene#lose.something
wakhi#day
setekhusne#continuing
kane#even.(also)
kobo#water.buffalo
uan#father
te-#ABILITATIVE tumpang#to.somersault kepaling#to.turn
ende#this
adalah#is
kane#so
bibit#seedling
amin#only
tule#again
engo#done.(finished)
nanak#children
wakhi#day ==ne#=THE
khang.tue#PARENTS ==ne#=3SG
sikel#will
pakhe#group
niat#intention
anak#child
balik#return.home,.to
iye#3sg
impal#cousin ==mu#=2ND.PERSON
ni-#PAS.TR pakek#to.use
me-#TO.BE.... siap#prepared,.ready
si#relpro
si#relpro
me-#TO.DO.... limpah#overflow khuah#downpour
su#very.
lot#be,.exist,.have
kao#you.(hon)
tuak#alcoholic.drink
sekolah#school
sendikhi#alone
kali#the.time.(that.something.happens)
kao#you.(hon)
khumah#home
se.enggo#AFTER
naas#disaster
dewasa#adult
si#relpro
lahekh#born
sekhik#difficult
iye#3sg
kane#so
endak#not
namun#but
men-#ACTIVE.VOICE ahan#to.hold.back
pe-#THE.WAY.OF... ng-#ACTIVE.VOICE atou#to.look -ken#THE.WAY.OF...
endhe#it
ni#in,.at.(space)
khugi#lose.money,.to
me#to,..toward.(a.place)
ame#mother ==mu#=2ND.PERSON
si#relpro
binatan#animal
uwak#father ==ne#=3SG
sedih#sad ==ne#=THE
iye#3sg
nemu#to.be.able.to
sehat#healthy
aku#1sg
anak#child
sekali#once
alas#alas
mudah#easy
nujum#fortune.teller
keji#vile
khaje#king
hasil#result
lot#be,.exist,.have
si#relpro layakh#sail
nde#this
pe-#THE.WAY.OF... takhik#to.pull -ken#THE.WAY.OF... ==ne#=THE
namun#but
bongi#night
lebih#more.(comparative.quality)
khaje#king
edi#that,.those
amek#mother
sendikhi#alone
jin#jin
khut#with
nemu#to.be.able.to
nahan#later ==ne#=3SG
si#relpro
khut#participate
kekhi#finish.off,.to
sang#class.person
sang#class.person
khaje#king
ny-#TO.GO.TO.... abu#methamphetamine
tekhsebut#previously.mentioned
si#relpro
niat#intention
gakham#to.search.for -i#REPEATEDLY
tule#again
sekolah#school -ken#TO.CAUSE.TO.BE.A...
oleh#by
khaje#king
pak#sir
natam#Natam
tukhun#TO.GO.DOWN
khut#with
si#relpro layakh#sail
setekhusne#continuing
si#relpro
wayang#very
salah.sebuah#ONE.OF
adalah#is
sukut#family.of.guardian
nemu#to.be.able.to
angkat#pick.up
amek#mother ==ne#=3SG pe#also
ni-#PAS.TR pinpin#to.lead ==ne#=3SG
lawe#river
si#relpro
nangat#desire,.to
belangkejekhen#BLANGKEJEREN
adalah#is
toh#king
tule#again
usahe#effort
mampu#to.be.capable.of
langsung#directly
wakhisen#inheritance
ng-#ACTIVE.VOICE gakhem#to.search.for
te-#ABILITATIVE tandok#sit.down,.to me-#TO.HAVE.... sile#cross.legged.position
khumah#home
pe#however
iye#3sg
suatu#a
si#relpro
mange#yet,.not.yet
khut#with
tepat#just.right
pe-#IMPERATIVE tengkau#to.stab
[...]-#VARIETY buah#fruit -en#VARIETY
ke-#NOMINALIZER hadikh#to.arrive -en#NOMINALIZER ==ne#=3SG
meng-#ACTIVE.VOICE embale#shepherd
si#relpro
endak#not
me-#TO.HAVE.... khumah.tangge#HOUSEHOLD
anak.laki#BOY
ke-#CHARACTERSTIC.OF biasa#usual -en#CHARACTERSTIC.OF
si#relpro layakh#sail
engo#have.been,.ever
iye#3sg
nol#zero
ulah#behavior ==ne#=3SG
tonge#still
tubuh#body ==ne#=3SG
compang.camping#TATTERED
te#and
khumah#home
ni-#PAS.TR ekhe#to.give etoh#know,.to
anakhu#GIRL
ampun#mercy
hasil#result
suasane#situation
kae#WHAT
awak#waist
sikel#will
tanoh#land
menimpe#banyak.sekali
atau#or
te#and
bekhu.dinam#BRU.DINAM
malet#neg
khut#with
bulan#moon
pas#exactly
enggi#younger.brother.or.sister ==mu#=2ND.PERSON
pe-#THE.PROCESS.OF tengkau#to.stab
benakh#true -kah#INTERROGATIVE
kae#WHAT
gegakhe#the.reason.something.happens
khut#with
[...]--#RDP hame#hama
te#and
bakhu#just
khut#with
te#and
me-#TO.HAVE.... bagas#variety
malet#neg
penganggukhen#unemployment
salah#wrong,.false
soh#to.arrive ==lah#=FRONTED.ELEMENT
khut#with
lot#be,.exist,.have
sang#class.person
si#relpro
khumah#home
khumah#home
khut#with
khaje#king
kae#WHAT
[...]--#RDP khut#with
pe-#THE.PROCESS.OF bahan#kerja ==e#=THE
akhi#from
ni#in,.at.(space)
khumah#home
seban#wood ==ne#=3SG
si#relpro
madhe#negativizer
meng-#REPEATED.ACTION ena#to.be.on.target -i#REPEATED.ACTION
kakhene#because
kayu#wood
si#relpro layakh#sail
kalaki#3mp
malet#neg
cangkul#hoe
tawe#laugh,.to cikhem#smile,.to -i#REPEATEDLY
mame#uncle
khut#with
cekhite#story
laki-laki#male
edi#that,.those
mame#uncle ==ne#=3SG
me-#TO.HAVE.... [...]--#RDP tahun#year
si#relpro
laki-laki#male
ni#in,.at.(space)
mem-#ACTIVE.VOICE ege#hear,.to
sekolah#school ==ne#=THE
tule#again
te#and
ndak#not
kite#we
[...]--#RDP saat#time
khumah#home
ende#this
uwak#father ==ne#=3SG
ni-#PAS.TR tekhime#receive
kalak#3mp
te#and
akali#to.cheat.on ==ne#=3SG
nde#this
engo#have.been,.ever
khut#with
bhekhas#rice.(uncooked.grains)
pake#wear,.to
me-#TO.DO.... daun#drug,.medicine
me-#TO.HAVE.... [...]--#RDP deleng#jungle
benakh#true
khiwayat#history
dunie#world
me#to,..toward.(a.place)
kawin#to.marry
lain#other
se-#EACH ekas#space
aku#1sg
malet#neg
ni-#PASS.INTR banding#to.compare -ken#PASS.INTR
melaku.ken#TO.DO
aku#1sg
te#and
pekhsi#version
ketang#rotan
ge#just
gekhangen#supposedly
lupe#to.forget
bekhu.dinam#BRU.DINAM
ulang#do.not!
akhi#from
[...]--#PLURAL selikh#concubine
si#relpro
memperjuang.ken#TO.STRUGGLE
wayang#very
enggi#younger.brother.or.sister ==mu#=2ND.PERSON
pesen#to.order.something
tukhun#TO.GO.DOWN men-#ACTIVE.VOICE tukhun#TO.GO.DOWN
malet#neg
anak.laki#BOY
kute#city
te#and
aku#1sg
khamah#boyfriend
meng-#TO.CAUSE.TO.BECOME... asing#foreign -ken#TO.CAUSE.TO.BECOME... ==ne#=3SG
meng-#ACTIVE.VOICE angkat#pick.up
madhe#negativizer
laut#sea
ni#in,.at.(space)
gekhangen#supposedly
bekhu.dinam#BRU.DINAM
tuan#master
pengulu.mude#PENGULU.MUDE
kikhe#thought ==ne#=3SG
kuling#skin
khumah#home
anak#child
amin#only
tanoh#land
mbelin#big.(size)
te#if
selukhuh#entire
sang#class.person
men-#ACTIVE.VOICE jadi#to.become
lawe#water
namun#but
si#relpro
si#relpro
ni#in,.at.(space)
natam#Natam
se-#ONE kalak#3mp
khencane#plan
n-#ACTIVE.VOICE dabuh#to.fall
pihak#side.(of.an.issue)
kane#even.(also)
walau#despite
pey-#SOMETHING.ASSOCIATED.WITH... akit#sick
bahwe#that
kekhang#clam
bahwe#that
timbul#to.arise ==ah#=FRONTED.ELEMENT
ni-#PAS.TR tekham#to.kick tunjang#to.lunge
te#and
me#to,..toward.(a.place) deleng#jungle
lot#be,.exist,.have
lemes#limp
pot#to.want
men-#TO.CAUSE.TO.BECOME... damba#desired -ken#TO.CAUSE.TO.BECOME...
iye#3sg
buah#one
laki#husband ==ne#=3SG
edi#that,.those
geluh#to.live.(be.alive)
si#relpro
medem#sleep,.to
abhang#brother,.older
nge-#CAUSATIVE lahekh#born -ken#CAUSATIVE ==ne#=3SG
pengulu.mude#PENGULU.MUDE
uwis#cloth
men-#CAUSATIVE ading#live.(stay.in.a.place) -ken#CAUSATIVE
si#relpro
ni-#PAS.TR bunuh#kill ==ne#=3SG
kalihen#very
gegakhe#the.reason.something.happens
tepat#just.right
madhe#negativizer
dukun#shaman
te#and
ni-#PAS.TR jekhang#to.cook
ni-#PASSIVE asing#foreign -ken#PASSIVE
khemeh#remeh
edi#that,.those
tapi#but
edi#that,.those
mampu#to.be.capable.of
kao#you.(hon)
suku#tribe
si#relpro
asal#source ==ne#=3SG
pige#amount
mengindah.ken#TO.CARE.ABOUT
sang#class.person
lot#be,.exist,.have
khaje#king
hanjung#bedroom
subukh#fertile
khaje#king
tandok#sit.down,.to sile#cross.legged.position -me#POLITE.IMPERATIVE
men-#ACTIVE.VOICE jadi#to.become
tule#again
dikhi#self
abhang#brother,.older
mejile#good
tebe#TOWARD.(A.PERSON)
keluakhge#family
baso#yellow
mem-#ACTIVE.VOICE atuh#obey,.to -i#DURATIVE?
edi#that,.those
ng-#ACTIVE.VOICE alo#to.receive
tekhsebut#previously.mentioned
minum#drink,.to
sesoh#on.arriving
anak#child
kalaki#3mp
pengulu.mude#PENGULU.MUDE
mampu#to.be.capable.of
m-#ACTIVE.VOICE putekh#rotate
edi#that,.those
kekhi#finish.off,.to ==ne#=3SG
sambil#while
sitok#little.(not.inch)
pengulu.mude#PENGULU.MUDE
te#and
sendikhi#alone
tege#merciless
te#and
kobo#water.buffalo
akhi#from
de#if
men-#ACTIVE.VOICE jadi#to.become
khut#also
mejile#good
kalihen#very
pido#request.to.(informally) nemu#to.be.able.to
ni#in,.at.(space)
khaje#king
edi#that,.those
me#to,..toward.(a.place)
penuh#to.be.full
pe#however
kelak#what.will.come
me-#TO.DO.... dikusi#to.discuss
anak#child ==ne#=THE
khut#with
pe-#PERSON.WHO.DOES.... nasehat#to.give.advice
ulang#do.not!
ng-#CAUSATIVE gusuk#scrub,.to -ken#CAUSATIVE
kite#we
nange#again
ganas#wild
[...]-#VARIETY buah#fruit -en#VARIETY
bende#to.here
mejile#well
hal#thing
dikhi#self
deleng#jungle
se-#ONE kalak#person
positif#positive
natam#Natam
gembikhe#happy
sahung#roof
amin#only
si#relpro
mempekhduli.ken#TO.PAY.ATTENTION.TO
mbue#many
ni.hande#HERE
iye#3sg
ninik#grandmother
te#and
tanoh#land
bale#disaster
bekhani#brave
ke-#NOMINALIZER lahekh#born -en#NOMINALIZER ==ne#=3SG
me-#TO.HAVE.... jume#ricefleld
wayang#very
se-#ONE gijap#short.time,.a.moment
se-#ONE bue#many
men-#ACTIVE.VOICE pekhintah#to.govern -ken#CAUSATIVE
pengulu.mude#PENGULU.MUDE
mame#uncle ==ne#=3SG
pade#on.(of.dates)
khut#with
pige#amount kali#the.time.(that.something.happens)
mekh-#TO.DO.... asil#result
[...]--#PLURAL dempik#cry.out,.to -en#OBJECT.OF.VERB
ni-#PASSIVE khagu#doubtful -ken#PASSIVE
khut#with
okhang.tue#PARENTS
hadi#THERE
si#relpro
panggang#grilled
mekh-#ACTIVE.VOICE awat#to.take.care.of
pemamanen#uncle's.family
tetap#to.remain
si#relpro
khut#with
ndak#not
te#and
kekade#thing,.item
tebe#TOWARD.(A.PERSON) ==ku#=1SG
ni.mai#to.wait.for
malet#neg
peng-#PERSON.WHO.HAS.... uase#power
lot#be,.exist,.have
kakhene#because
malet#neg
apelagi#furthermore
wahai#O
khut#with
akhi#from
te-#CAN pangan#eat -i#CAN
si#relpro
tekhyate#apparently
laki#husband ==ne#=3SG
men-#ACTIVE.VOICE ekhpe#to.strike
waktu#time
mahal#expensive
si#relpro
iye#3sg
tule#again
si#relpro layakh#sail
ulang#do.not!
kane#even.(also)
madhe#negativizer
kane#even.(also)
niat#intention
ni#in,.at.(space)
[...]-#VARIETY ikhing#to.travel.in.a.group -en#NOMINALIZER
ni-#PAS.TR dapet#get,.receive ==ne#=3SG
dukut#grass ==ne#=THE
penduduk#citizen
kadang#Perhaps,.probably
edi#that,.those
pot#to.want
te#and
khut#with
pul#after
edi#that,.those
soh#to.arrive ==lah#=FRONTED.ELEMENT
tekham#to.kick tunjang#to.lunge -i#REPEATEDLY
pemain.sukhi#QUEEN ==ne#=3SG
si#relpro
lot#be,.exist,.have
si#relpro layakh#sail
sang#class.person
sendah#moment ende#this
impal#cousin ==ku#=1SG
pengulu.mude#PENGULU.MUDE
si#relpro layakh#sail
men-#ACTIVE.VOICE jadi#to.become
me-#TO.HAVE.... [...]--#RDP sekhi#light
singkil#Singkil
kakhet#rubber
anak#child
si#relpro layakh#sail
me-#TO.DO.... balik#reverse.side
mate#eye
hasil#result
kase#even.(also)
takhus#then
edi#that,.those
mame#uncle
sikel#will
tanoh#land
biakh#fear -i#GIVE.X.TO
menuju#towards
mame#uncle
ke-#NOMINALIZER khoh#come,.to -en#NOMINALIZER
bekhu.dinam#BRU.DINAM
waktu#time
kalaki#3mp
semakin#increasingly
hakhte#wealth
me-#TO.APPLY.....TO.THE.OBJECT bual#nonsense -i#TO.APPLY.....TO.THE.OBJECT
senuan#plant
khang.tue#PARENTS ==ne#=3SG
ulang#do.not!
alas#alas
ke-#NOMINALIZER tukhun#TO.GO.DOWN -en#NOMINALIZER
kau#2sg
ke-#NOMINALIZER jaya#successful -en#NOMINALIZER
pekh#HAVING.TO.DO.WITH... cuba#try -en#PROCESS.OF
ke-#NOMINALIZER tading#live.(stay.in.a.place) -en#NOMINALIZER
lot#be,.exist,.have
dikhi#self
buah#classifier
peng-#PERSON.WHO.HAS.... uase#power
kalaki#3mp
segale#all
ate#heart ==ne#=3SG
main#to.play
kau#2sg
ni-#PAS.TR takhik#to.pull balik#return.home,.to
kekade#thing,.item
ni-#PAS.TR utus#to.send.someone lah#polite.imperative
edi#that,.those
kalak#person
ulang#do.not!
neggekhi#Nagari
si#relpro
kane#so
nujum#fortune.teller
si#relpro layakh#sail
aku#1sg
anak#child
ke-#NOMINALIZER hebat#great,.formidable -en#RECIPRICAL
pahakh#serving.tray
kakhne#because
kakhene#because
sang#class.person
me-#ACTIVE.VOICE bahan#to.produce
khaje#king
kao#you.(hon)
pengulu.mude#PENGULU.MUDE
deleng#jungle
pe-#PERSON.WHO.DOES.... tani#farmer
tubuh#body
me#to,..toward.(a.place)
ke-#CHARACTERSTIC.OF ganteng#handsome -en#CHARACTERSTIC.OF
hendak#to.intend
endhe#it
te#and
men-...-ken#CAUSATIVE ekhe#to.give -ken#CAUSATIVE
me-#TO.HAVE.... sokhat#cheer
si#relpro
ni#in,.at.(space)
kae#WHAT
khumah#home
si#relpro
anak.laki#BOY
khaje#king
balik#return.home,.to
se-#ONE kalak#person
ni#in,.at.(space)
amin#only
su#very.
manusie#HUMAN
khut#with
selukhuh#entire
hadih#THERE
pemamanen#uncle's.family
ni-#PAS.TR khakut#to.tie
melet#to.intend
khaje#king
ndak#not
due#prayer
kelok#very lah#emphasis
gakham#to.search.for -i#REPEATEDLY
oleh#by
ni#in,.at.(space)
begedi#like.that
bekhu.dinam#BRU.DINAM
pagi#tomorrow
selukhuh#entire
ende#this
kalihen#very
oleh#by ==ne#=3SG
pakcik#uncle
kabakh#news
kelak#what.will.come
mey-#ACTIVE.VOICE susul#to.organize
men-#ACTIVE.VOICE cube#try
si#relpro layakh#sail
nange#again
mem-#ACTIVE.VOICE ido#request.to.(informally)
khombong#to.be.a.group -en#OBJECT.OF.VERB
tapi#but
sikel#will
nangkih#go.up,.climb
si#relpro
soh#to.arrive ==lah#=FRONTED.ELEMENT
nange#again
pepige#some
khut#with
pelin#only
enggo#done.(finished)
pas#exactly
bahwe#that
sukukhen#thankfulness
jahat#evil ==ne#=3SG
ndokhsah#Muslim.house.of.worship
si#relpro layakh#sail
posisi#position
singkil#Singkil
si#relpro
mem-#CAUSATIVE ege#hear,.to -ken#CAUSATIVE
lupe#to.forget
nujum#fortune.teller
aku#1sg
me-#TO.HAVE.... layakh#sail
tonge#to.still.be
kane#even.(also)
sahung#roof
impal#cousin ==ne#=3SG
peg-#THE.ACT.OF.... ekhok#move,.to -en#THE.ACT.OF.... ==ne#=3SG
mude#young
te#and
kane#even.(also)
kao#you.(hon)
se-#HAVING.THE.SAME kune#HOW? -ne#MEASURE.NOMINALIZER
gaikhah#strong.desire
de#if
hambe#servant
me#to,..toward.(a.place)
me#to,..toward.(a.place)
peng-#THE.ACT.OF.... ukhus#barren -en#THE.ACT.OF....
si#relpro
pejabat#officials.(government)
oleh#by
malet#neg
ende#this
natam#Natam
si#relpro
kane#even.(also)
te#and
si#relpro
iye#3sg
polisi#police
kalihen#very
khut#with
natam#Natam
malet#neg
sikel#will
si#relpro
akhi#from
te#and
te-#PASS.TR tukokh#buy -ken#PASS.TR
kite#we
pesisikh#coast
si#relpro layakh#sail
si#relpro
hadih#THERE
si#relpro
nde#this
ende#this
se-#ONE kalak#person
khase#feel,.to -ken#IMPERATIVE
bakhu#just
akhi#from
amin#only
ame#mother
akhi#from
sukukhen#thankfulness
wayang#very
men-#CAUSATIVE jadi#to.become -ken#CAUSATIVE
ke-#CHARACTERSTIC.OF bahagie#happy -en#CHARACTERSTIC.OF
pe-#THE.WAY.OF... ng-#ACTIVE.VOICE kekhet#cut,.to -ken#THE.WAY.OF... ==mu#=2ND.PERSON
mange#yet,.not.yet
se.enggo#AFTER
tapi#but
imbalan#reward
me#to,..toward.(a.place)
te#and
si#relpro
bahagie#happy
me-#TO.DO.... dikusi#to.discuss
ni-#PASS.INTR senat#to.circumcise -ken#PASS.INTR ==ne#=3SG
sinine#family
hakhte#wealth
ke-#NOMINALIZER geluh#to.live.(be.alive) -en#NOMINALIZER ==ne#=THE
ni-#PAS.TR pekhcaye#BELIEVE,.TO
alas#alas
kite#we
ende#this
meng-#ACTIVE.VOICE angap#to.view.as
edi#that,.those
ni#in,.at.(space)
ni#in,.at.(space)
me-#TO.HAVE.... dalan#road
te#and
lawe#river
tule#again
tentang#calm
nujum#fortune.teller
ahli#expert
pagi#tomorrow
anakhu#GIRL
kite#we
ni.jagai#NI.JAGAI
tanpa#without
n-#TO.GO.TO.... judi#gambling
me-#TO.HAVE.... hakhte#wealth
me#to,..toward.(a.place)
baba#to.carry -i#REPEATEDLY m-#TRANS balik#return.home,.to
laki-laki#male
ndak#not
akhikh#the.end ==ne#=THE
bende#come.on ==lah#=FRONTED.ELEMENT
petame#first
jabate#position ==ne#=3SG
meng-#ACTIVE.VOICE ato#watch,.look,.see
khombong#to.be.a.group -en#OBJECT.OF.VERB
ngkhan#Engkeran
bekhu#wife
likal#head
due#two ==ne#=3SG
lot#be,.exist,.have
me-#TO.HAVE.... nyekolah#school -ken#IMPERATIVE
atau#or
te#and
anak.laki#BOY
khaje#king
kalihen#very
pahat#chisel
sosok#figure
nange#again
ni#in,.at.(space)
wilayah#area
kite#we
ni-#PAS.TR tambah#Tambah
cekhane#metal.tray
khut#with
wajah#face
semsakhe#suffer,.to
khut#from
wakhge#people
kalaki#3mp
te#and
setiap#every
si#relpro
khumah#home
si#relpro
n-#TO.GO.TO.... datas#top
pepige#some
anak#child
ndak#not
te#and
iye#3sg
si#relpro
atas#because.of
ngkhan#Engkeran
khaje#king
ndak#not
khut#with
sang#class.person
makmukh#prosperous
anak#child
aku#1s
se-#RECIPRICAL putekh#turn,.make.a.turn -en#RECIPRICAL
tulang#bone
n-#ACTIVE.VOICE dukhuk#to.shift
de#if
me-#TO.HAVE.... [...]--#RDP tahun#year
gakhis#line
sedang#in.the.process.of
pekhistiwe#event
nakbekhu#woman
si#relpro
me-#TO.DO.... gewokhen#to.throw
ni-#PASS.INTR atou#to.see -ken#PASS.INTR
pupuk#compost
khut#with
setiap#every
de#if
khaje#king
kite#we
ulang#do.not!
men-#CAUSATIVE ading#live.(stay.in.a.place) -ken#CAUSATIVE
me#to,..toward.(a.place)
kisah#story
me-#ACTIVE.VOICE bahan#to.produce
mey-#ACTIVE.VOICE ambut#greet,.to.receive
pakcik#uncle ==ne#=3SG
manusie#HUMAN
niat#intention
mame#uncle ==ne#=3SG
kane#even.(also)
sang#class.person
pudi#behind
anak.laki#BOY
si#relpro
si#relpro
khase#feel,.to
adalah#is
khencane#plan
di#that,.those
si#relpro
khaje#king
kau#2sg
bulu#fur
khut#with
belantakhe#wilderness
penduduk#citizen
nggo#done.(finished)
soh#to.arrive
bhual#lie,.tell.a.falsehood -i#REPEATEDLY ==ne#=3SG
kute#city
pekhistiwe#event
si#relpro layakh#sail
bekhe#nephew ==ku#=1SG
tepat#just.right
te#and
[...]--#RDP male#time
anak.laki#BOY
adinda#younger.sibling
modal#capital
singkil#Singkil
lot#be,.exist,.have
kane#so
iketen#tie
edi#that,.those
kalak#person
si#relpro
hebat#great,.formidable
tuan#master
si#relpro
kurus.kekhah#VERY.SKINNY
ni-#PASS.INTR tegu#to.pull -ken#PASS.INTR
sendah#presently,.nowadays
tuan#master ==ku#=1SG
kane#even.(also)
lot#be,.exist,.have
kidah#1sg
si#relpro layakh#sail
namun#but
edi#that,.those
kalak#3mp
keluakhge#family ==ne#=THE
si#relpro layakh#sail
pahat#chisel
milik#possession
banjikh#flood
penduduk#citizen
te#and
mpus#garden
suatu#a
si#relpro
bagi#for
oleh#by
pe#also
wakhi#day
nali#string
jahan.jakh#SLOWLY
penduduk#citizen
edi#that,.those
bhaju#clothing ==ku#=1SG
ajaib#magic
belin#large
khaje#king
khase#feel,.to
iye#3sg
balik#return.home,.to
tule#again
te#and
oleh#by
me-#TO.BE.... sedih#sad ==ne#=3SG
men-#ACTIVE.VOICE jajah#to.colonize
te#and
khaje#king
pade#on.(of.dates)
kite#we
ampun#mercy
n-#ACTIVE.VOICE ekham#to.kick tunjang#to.lunge
si#relpro
kawin#to.marry
gembikhe#happy
macam#type,.sort
me-#ACTIVE.VOICE lawan#opponent ==ne#=3SG
kane#also
uwak#father kandung#biological ==ne#=3SG
bakhu#just
lot#be,.exist,.have
gakhis#line
usahe#effort
mem-#ACTIVE.VOICE ekhe#to.give
oleh#by
si#relpro
me-#TO.DO.... kekhet#cut,.to
sang#class.person
nange#again
iye#3sg
engo#have.been,.ever
nde#this
suke-cite#joy
sikel#will
mampu#to.be.capable.of
kalihen#very
me-#ACTIVE.VOICE khase#feel,.to
selukhuh#entire
te#and
hendak#to.intend
pakek#to.use
belang#wide,.width
bali#same
pul#after
sikel#will
muncu#to.appear ==lah#=FRONTED.ELEMENT
cindekh#stand.up,.to
ke-#CHARACTERSTIC.OF ganteng#handsome -en#CHARACTERSTIC.OF
iye#3sg
nikah#to.marry
amin#only
anak#child ==ne#=3SG
ulang#do.not!
pe-#THE.PROCESS.OF geluh#to.live.(be.alive)
aku#1sg
ni#in,.at.(space)
ni-#TRAN.PAS milik#possession -i#TRAN.PAS
pekhbuat#to.do
mem-#ACTIVE.VOICE bunuh#kill ==ne#=3SG
mem-#ACTIVE.VOICE babe#to.carry
kayu#wood
seban#wood
nate#to.want ==ne#=3SG
te#and
khumah#home
kite#we
te#and
ie#3sg
anggote#member
me-#TO.DO.... pikekh#THINK,.TO
tekhsebut#previously.mentioned
te#and
aku#1sg
dapet#get,.receive -i#REPEATEDLY
bulan#moon
khaje#king
betabe#disaster
mude#young
kabupaten#county
pe#also
men-#ACTIVE.VOICE jadi#to.become
me-#TO.DO.... juang#to.struggle
khumah#home
si#relpro layakh#sail
kakhene#because
te#juga
endak#not
si#relpro
si#relpro
kate#word -ken#TO.CAUSE.TO.BE.A...
melaku.ken#TO.DO
se-#HAVING.THE.SAME ketike#on.time
te#and
sayukh#vegetable
ni#in,.at.(space)
anak#child
deyat#rhythm nadi#artery ==ne#=3SG
amin#only
si#relpro
mange#yet,.not.yet
kemudian#then
sang#class.person
babe#to.carry m-#ACTIVE.VOICE balik#return.home,.to -me#POLITE.IMPERATIVE
belakang#back
bakhu#new
ekas#place
ngekhan#Engkeran
polisi#police
kawin#to.marry
ukhus#arrange -en#OBJECT.OF.VERB
tuan#master ==ku#=1SG
ni#in,.at.(space)
nange#again
manusie#HUMAN
ate#heart ==ne#=3SG
me#to,..toward.(a.place)
ni-#PAS.TR popok#strike,.hit ==lah#=FRONTED.ELEMENT
malet#neg
tonge#still
me#to,..toward.(a.place)
namun#but
khut#with
bekhu#wife
negkhi#nation,.country
amin#only lah#emphasis
amin#only
bali#same
me-#TO.DO.... umukh#age
bagi#to.share ==ne#=3SG
ni-#PAS.TR banding.ken#to.compare
ni-#PAS.TR pinang#to.propose.(marriage)
ahli#expert
aku#1sg
hakhte#wealth
istekhi#wife
kanda#older.sibling
se-#SUPERLATIVE baik#good ne#SUPERLATIVE
main#to.play
baginen#part ==en#=3SG
akhi#from
pe#also
men-#ACTIVE.VOICE jadi#to.become
men-#CAUSATIVE afsikh#to.interpret -ken#CAUSATIVE
ni#in,.at.(space)
iye#3sg
jahat#evil
khut#with
sistem#system
te#and
iye#3sg
ende#this
ni-#PASSIVE cakhe#way,.method -ken#PASSIVE
te#if
anak#child
nakan#rice.(cooked)
malet#neg
kembikhi#candlenut
ke-#CHARACTERSTIC.OF sabakh#patient.(calm) -en#CHARACTERSTIC.OF
luakh#exit
edi#that,.those
aku#1sg
ni#in,.at.(space)
se-#ONE kalak#person
si#relpro
lot#be,.exist,.have
mejile#good
n-#ACTIVE.VOICE tukokh#buy
cekhite#story
due#prayer
te-#ABILITATIVE kadang#Perhaps,.probably
geluh#to.live.(be.alive)
pot#to.want
men-#ACTIVE.VOICE andung#uterus ==ne#=3SG
jumpai#to.find
ni-#PAS.TR tahan#to.hold.back
seban#wood
khombong#to.be.a.group -en#OBJECT.OF.VERB
si#relpro
mem-#ACTIVE.VOICE ege#hear,.to
tenggakhe#southeast
deleng#jungle
me-#TO.HAVE.... hak#rights
nomokh#number
n-#ACTIVE.VOICE tukokh#buy
sendikhi#alone
[...]--#REDUPLICATION sitok#little.(not.inch) ==ne#=3SG
kalaki#3mp
gedang#long.(length)
me-#ACTIVE.VOICE khase#feel,.to
ni#in,.at.(space)
peng-#PERSON.WHO.HAS.... uase#power
kanda#older.sibling
tadi#just
calon#candidate
tanoh#land
te-#CAN gusuk#scrub,.to -i#CAN
khang.tue#PARENTS
nujum#fortune.teller
khaje#king
soh#to.arrive
per-#THE.PROCESS.OF tambah#Tambah
ie#3sg
alas#alas
polisi#police
ni#in,.at.(space)
kase#even.(also)
awe#face ==ne#=THE
oleh#by
se-#ONE jumlah#amount
nemu#to.be.able.to
ke-#CHARACTERSTIC.OF jujukh#honest -en#CHARACTERSTIC.OF
ni#in,.at.(space)
tekh-#ABILITATIVE singkikh#to.get.out.of.the.way
lebih#more.(comparative.quality)
anak.laki#BOY
khumah#home
ninik#grandmother
kane#so
bayi#baby
ni-#PAS.TR tengo#to.call
mende#better
mase#time ==ne#=THE
mame#uncle
pakhang#machete
khut#with
dukun#shaman
padahal#even.though
peng-#PERSON.WHO.HAS.... embale#shepherd
semenjak#since
gakham#to.search.for -i#REPEATEDLY lah#polite.imperative
ni-#PAS.TR timai#to.wait.for
te#and
khesep#prescription
edi#that,.those
khoh#come,.to ==lah#=FRONTED.ELEMENT
se-#RECIPRICAL jekhang#to.cook -en#RECIPRICAL
alas#alas
daerah#area
m#DURATIVE? pangan#eat -i#DURATIVE?
lot#be,.exist,.have
kae#WHAT
dempik#cry.out,.to
malet#neg
tule#again
khumah#home
khang.tue#PARENTS ==ne#=3SG
khoh#come,.to
jumpe#find,.to
jagung#corn
lain#other ==ne#=THE
pengulu.mude#PENGULU.MUDE
ge#just
balik#reverse.side ==ne#=THE
nakkhu#woman
tanoh#land
kanda#older.sibling
ni.hande#HERE
akhi#from
penduduk#citizen
me-#TO.HAVE.... page#rice.(plant)
si#relpro
se-#ONE kelompok#team
acakhe#program,.schedule
ie#3sg
pekhtame#first
si#relpro
kakhene#because
si#relpro
me-#TO.HAVE.... dalan#road
ni-#PASS.INTR dabuh#to.fall -ken#PASS.INTR
uwak#father ==ku#=1SG
natam#Natam
mame#uncle
madhe#negativizer
hamil#to.be.pregnant
kate#to.say
belin#large
edi#that,.those
se-#RECIPRICAL tegu#to.pull -n#RECIPRICAL
keluakhge#family
hasil#result
si#relpro
tas#PURSE
me#to,..toward.(a.place)
si#relpro
ketike#when
tapi#but
me-#TO.HAVE.... nawe#spirit
si#relpro
tuan#master ==ku#=1SG
me-#TO.HAVE.... daye#energy
khaje#king
layakh#sail
me#to,..toward.(a.place)
bangse#nation,.people
sang#class.person
patani#farmer
mejile#good
mpus#garden
ni-#PAS.TR dapet#get,.receive
si#relpro
sendah#presently,.nowadays
nange#again
adalah#is
nggeluh#life
amin#only
se-#HAVING.THE.SAME [...]--#RDP sikel#will
me-#CAUSATIVE kikhim#send,.to -ken#CAUSATIVE
si#relpro
ganteng#handsome
ni-#PAS.TR sebut#to.name
ekas#place
se.mate#ONLY
gayo#Gayo
hal#thing
edi#that,.those
mampu#to.be.capable.of
malet#neg
tule#again
lawe#river ==ne#=THE
te#and
wayang#very
ni-#PASS.INTR tekham#to.kick tunjang#to.lunge -ken#CAUSATIVE
jawab#reply,.to(verbally) -en#OBJECT.OF.VERB
impal#cousin
madhe#negativizer
alas#alas
bhekhas#rice.(uncooked.grains)
edi#that,.those
anak.laki#BOY
te#and
si#relpro
si#relpro layakh#sail
si#relpro
de#if
khang.tue#PARENTS ==ne#=THE
tanoh#land
anak#child
ke-#NOMINALIZER teguh#firm -en#NOMINALIZER
ni-#PAS.TR bunuh#kill ==ne#=3SG
pido#request.to.(informally)
soh#to.arrive
me-#TO.HAVE.... usahe#effort
pitu#seven
kondisi#condition
geluh#to.live.(be.alive)
tekhsebut#previously.mentioned
kelak#what.will.come
bahwe#that
si#relpro
nggou#done.(finished)
te#and
anak#child ==ne#=THE
oleh#by
te#and
dabuh#to.fall ==ne#=3SG
kute#city ==ne#=3SG
enggo#done.(finished)
suke.cite#joy
si#relpro layakh#sail
ate#heart ==ne#=3SG
ni#in,.at.(space)
khut#with
[...]--#PLURAL anak#child
lot#be,.exist,.have
meng-#ACTIVE.VOICE ato#watch,.look,.see
me#to,..toward.(a.place)
bedih#to.there.(far) bende#to.here
balik#return.home,.to lah#polite.imperative
kane#so
kalaki#3mp
edi#that,.those
me-#TO.HAVE.... jabu#family
mem-#CAUSATIVE utus#to.be.certain -ken#CAUSATIVE
ngulih#to.return -ken#IMPERATIVE
si#relpro
dikhi#self ==mu#=2ND.PERSON
bahan#to.produce -i#REPEATEDLY
te-#ABILITATIVE babe#to.carry m-#ACTIVE.VOICE bhalik#return.home,.to
dape#where
singkil#Singkil
pengulu.mude#PENGULU.MUDE
edi#that,.those
sitok#little.(not.inch)
pahakh#serving.tray
mahkota#crown
susah#difficult
modal#capital
segale#all
keluakhge#family
nggo#done.(finished)
alas#alas
sawit#palm
adih#THERE
[...]--#PLURAL anak#child ==ne#=3SG
si#relpro layakh#sail
lot#be,.exist,.have
tandok#sit.down,.to me-#TO.HAVE.... sile#cross.legged.position
lah#emphasis
men-...-ken#CAUSATIVE ulung#to.gather -ken#CAUSATIVE
wahai#O
engo#done.(finished)
alas#alas
lawe#river
se.engo#AFTER
ni#in,.at.(space)
deleng#jungle
lawe#river
tetap#Permanent
aku#1sg
pem-#PERSON.WHO... babe#to.carry
hebat#great,.formidable
tanoh#land
kae#WHAT
balik#return.home,.to
tanoh#land
anak#child
panganen#food
mem-#ACTIVE.VOICE babe#to.carry
kane#even.(also)
ahli#expert
manusie#HUMAN
laki#husband
sikel#will
adinda#younger.sibling
si#relpro layakh#sail
sang#class.person
sikel#will
aceh#Aceh
oleh#by
se-#ONE kalak#person
aku#1sg
kobo#water.buffalo
si#relpro
hambe#servant
me-#TO.HAVE.... jagung#corn
me#to,..toward.(a.place)
engket#enter,.to -i#REPEATEDLY
ni#in,.at.(space)
sang#class.person
bekhu.dinam#BRU.DINAM
lancang#presumptious
tebe#TOWARD.(A.PERSON)
edi#that,.those
namin#only
tetapi#but
khombong#to.be.a.group -en#OBJECT.OF.VERB
belagakh#young.man
khut#with
khaje#king
ke-#NOMINALIZER gelisah#worried -en#NOMINALIZER
pekhistiwe#event
kase#even.(also)
mem-#ACTIVE.VOICE babe#to.carry
anak.khu#GIRL
khut#with
tawe#laugh,.to cikhem#smile,.to -i#REPEATEDLY
pakek#to.use
pe#also
ke-#CHARACTERSTIC.OF hekhan#surprised -en#CHARACTERSTIC.OF
kanda#older.sibling
pengulu.mude#PENGULU.MUDE
m-#DURATIVE? ulung#to.gather -i#DURATIVE?
sang#class.person
te#and
me-#TO.HAVE.... khumah.tangge#HOUSEHOLD
alas#alas
wakhan#root
pemude#young.man
men-#ACTIVE.VOICE jadi#to.become
sikel#will
nangat#desire,.to
nimai#to.wait
di#that,.those
ni#in,.at.(space)
napos#breath ==ne#=3SG
amek#mother
hambe#servant
me-#TO.HAVE.... hasil#result
edi#that,.those
enggo#done.(finished)
meng-#ACTIVE.VOICE utus#to.send.someone
malet#neg
me-#TO.DO.... untung#count,.reckon
nujum#fortune.teller
akhi#from
iye#3sg
hambu#servant
se-#ONE wakhi#day
si#relpro
handhe#here
gakham#to.search.for -i#REPEATEDLY
bende#to.here
edi#that,.those
singkil#Singkil
ampun#mercy
pudi#behind
kalihen#very
kalihen#very
ni-#PASSIVE kisah#story -ken#PASSIVE
natam#Natam
se-#ONE kalak#person
me-#TO.DO.... dalan#road kiding#foot
enggi#younger.brother.or.sister ==mu#=2ND.PERSON
kayue#wood
se.sikel#AS.IF
pejabat#officials.(government)
namun#but
malet#neg
sepasang#pair.of
si#relpro
anak#child
se.engo#AFTER
te-#PASS.TR dhahi#to.pick.up.(someone) -ken#PASS.TR ==ne#=3SG
dukun#shaman
te#and
engekhan#Engkeran
malet#neg
akhi#from
belanja#a.living -i#GIVE.X.TO ==ne#=3SG
me-#TO.DO.... peluah#let
me#to,..toward.(a.place)
mame#uncle ==ne#=3SG
per-#RESULT.OF.VERB gaul#socialize -en#RESULT.OF.VERB
ende#this
khut#with
te#and
hendak#to.intend
salah.sebuah#ONE.OF
tonge#still
khang.tue#PARENTS ==ne#=THE
khaje#king
tempo.die#PAST.TIME
gelisah#worried
deleng#jungle
wahai#O
tanoh#land
tekh-#ABILITATIVE kecuali#except
gayo#Gayo
me-#TO.BE.... tahan#resilient
pikhua#disappeared
kado#to.give.a.gift
cekhite#story
nujum#fortune.teller
pekhtame#first
ni#in,.at.(space)
dukun#shaman
nggo#done.(finished)
tekhuh#under ==ne#=3SG
anak#child
enggo#done.(finished)
sah#legitimate
wakhi#day
keluakhge#family
tekh-#ABILITATIVE jadi#to.become
meng-#ACTIVE.VOICE ato#watch,.look,.see
pasti#sure
si#relpro layakh#sail
tekh-#ABILITATIVE cape#attain,.reach
sang#class.person
pekhistiwe#event
daekhah#area ==ne#=THE
iye#3sg
mem-#ACTIVE.VOICE unuh#kill
te#and
ate#heart ==ne#=3SG
kecewe#disappointing
soh#to.arrive
me-#TO.DO.... dalan#road kiding#foot
ni#in,.at.(space)
khombong#to.be.a.group -en#OBJECT.OF.VERB
anak#child
lain#other
ie#3sg
bagas#variety
te#and
jumpai#to.find
cekhite#story
kali#the.time.(that.something.happens) ==ne#=THE
te#and
bue#many
men-#ACTIVE.VOICE bantu#to.help
tekhagedis#tragic
sang#class.person
me#to,..toward.(a.place) natam#Natam
suku#tribe
khut#with
madhe#negativizer
ate#heart ==ne#=3SG
anak#child
si#relpro layakh#sail
kalihen#very
kase#even.(also)
tekh-#ABILITATIVE jadi#to.become
bagas#variety
gukhah#Gurah
keluakhge#family
me-#ACTIVE.VOICE bahan#to.produce
ni#in,.at.(space)
kane#even.(also)
ni#in,.at.(space)
me-#ACTIVE.VOICE khase#feel,.to
anak#child dhi#that,.those
ni#in,.at.(space)
me-#TO.DO.... lelou#play,.to
buhung#remeh
dukun#shaman
miskin#poor
khut#with
[c^1][v^1]-#REPEATED.ACTION khidi#bath
kanda#older.sibling
waktu#time
sedang#in.the.process.of
sendikhi#alone
de#if lah#emphasis
men-#ACTIVE.VOICE dapat#get,.receive -ken#CAUSATIVE
puket#sticky.rice
ende#this
si#relpro
waluh.belas#EIGHTTEEN
enggi#younger.brother.or.sister ==mu#=2ND.PERSON
khaje#king
kekhi#finish.off,.to
si#relpro
pole#palm.tree
kane#even.(also)
me#to,..toward.(a.place) khumah#home
tipu#trickery daye#energy
amak#mat
bahagie#happy
khincim#even
khaje#king
tubuh#body ==ne#=3SG
pantas#quickly
penangkau#pickpocket
lelukhuh#entire
me#to,..toward.(a.place)
khut#with
kalaki#3mp
ukhus#arrange -en#OBJECT.OF.VERB
keluakhge#family
aku#1sg
langsung#direct,.non.stop
manuk#bird
pelin#only
ni-#PAS.TR undang#to.invite ==ne#=3SG
sikel#intend,.to
se-#ONE kalak#person
meng-#ACTIVE.VOICE anggu#to.bother
hinge#until
amek#mother
peng-#THE.ACT.OF.... ukhus#barren -en#THE.ACT.OF....
si#relpro layakh#sail
alkisah#The.story.is.told
meng-#ACTIVE.VOICE hadikh#to.arrive -i#DURATIVE?
lain#other ==ne#=3SG
ahli#expert
kue.pe#HOWEVER
cangkul#hoe
bekhangkat#depart,.to
cinte#love
kakhene#because
bhatu#stone
gendang#long.(length)
ni-#PAS.TR tekhime#receive
si#relpro
sulit#complicated
malet#neg
sikel#will
ngkhan#Engkeran
oleh#by
mbelin#big.(size)
si#relpro
te#and
aman#safe,.secure
hampikh#almost
kenin#YOU.(FAMILIAR)
nange#again
engo#done.(finished)
khaje#king
cuping#ear
ulah#behavior ==ne#=3SG
te#and
kabakh#news
malet#neg
si#relpro layakh#sail
n-#ACTIVE.VOICE tukokh#buy
pinpin#to.lead
begedi#like.that
anak.bekhu#GIRL
men#DURATIVE? [...]--#REDUPLICATION nutup#cover,.to -i#REPEATED.ACTION
singkil#Singkil
khut#with
kawin.lakhi#TO.ELOPE
kakhene#because
bebekhe#niece ==ne#=3SG
tule#again
men-#ACTIVE.VOICE jumpai#to.find
nde#this
pe-#HAVING.TO.DO.WITH... sakhat#condition.(pre.condition) -en#HAVING.TO.DO.WITH...
nange#again
pengulu.mude#PENGULU.MUDE
lot#be,.exist,.have
si#relpro layakh#sail
gakham#to.search.for -i#REPEATEDLY
tanemen#field
si#relpro
edi#that,.those
meng-#REPEATED.ACTION adikh#to.arrive -i#REPEATED.ACTION
bahwe#that
khaje#king
ni#in,.at.(space)
betah#to.feel.at.home
khele#to.be.sincere
ni-#PAS.TR tekhus#to.continue -i#REPEATEDLY
me#to,..toward.(a.place) ngkekhan#Engkeran
ng-#ACTIVE.VOICE kekhet#cut,.to
bekhu#wife ==ne#=3SG
dukun#shaman
ni#in,.at.(space)
ke-#NOMINALIZER hadikh#to.arrive -en#RECIPRICAL
khut#with
sikel#will
bahwe#that
bekhe#nephew ==ne#=3SG
ogek#not
de#if
si#relpro layakh#sail
mame#uncle ==ne#=3SG
puket#sticky.rice
daekhah#area
khamah#boyfriend ==ne#=3SG
se-#ONE kejap#bline
kao#you.(hon)
khajin#hardworking,.industrious
sedang#in.the.process.of
[...]--#REPEATED.ACTION atou#to.look
ulah#behavior
se-#ONE bulan#moon
geluh#to.live.(be.alive)
engo#done.(finished)
senang#like,.be.pleased.by ==lah#=FRONTED.ELEMENT
mame#uncle ==ne#=3SG
khugi#lose.money,.to
mem-#ACTIVE.VOICE angan#eat
pakhah#serious,.severe.(of.problems,.illnesses,.etc)
bekhangkat#depart,.to
m-#TRANS bati#to.hit ==ne#=3SG
pe#also
kobo#water.buffalo
ninik#grandmother
nange#again
men-#ACTIVE.VOICE pelehjemah#terjemah -ken#CAUSATIVE
aku#1sg
nggo#done.(finished)
enggo#done.(finished)
habis#to.be.out.of
sekhik#difficult ==ne#=3SG
si#relpro
impal#cousin ==ne#=3SG
sebagae#like
lekheng#bicycle
si#relpro layakh#sail
abhang#brother,.older
amak#mat
senat#to.circumcise -i#REPEATEDLY
bongi#night
sulit#complicated
mungkin#maybe
edi#that,.those
pengulu.mude#PENGULU.MUDE
tanya#to.ask
pakse#force,.to
sang#class.person
men-#CAUSATIVE ekhus#to.continue -ken#CAUSATIVE
4-5#4.5
mbue#many
sudut#corner
iye#3sg
enggo#done.(finished)
te#and
mem-#ACTIVE.VOICE angku#to.hold.in.lap
ato#watch,.look,.see
wakhisan#inheritance
takjub#amazed
khaje#king
dage#just
te#and
ni#in,.at.(space)
me#to,..toward.(a.place)
men-#ACTIVE.VOICE ukokh#buy
si#relpro
ke-#CHARACTERSTIC.OF gembikhe#happy -en#CHARACTERSTIC.OF
uan#dad -me#EMPHASIS
ni-#PAS.TR ato#watch,.look,.see
buah#one
ni-#TRAN.PAS segan#lazy -i#TRAN.PAS
khut#with
setekhusne#continuing
kekhas#hard.(solid)
peng-#PERSON.WHO.HAS.... uase#power
ikan#fish
ketang#rotan
natam#Natam
dalan#road
kane#even.(also)
alas#alas
bencane#disaster
baba#to.carry -i#REPEATEDLY m-#TRANS balik#return.home,.to
tepat#just.right
khumah#home
mae#birth.mother ==ne#=3SG
ni#in,.at.(space)
engo#have.been,.ever
pe#however
kite#we
mem-#TO.CAUSE.TO.BECOME... bahe#dangerous -ken#TO.CAUSE.TO.BECOME...
ni#in,.at.(space)
nange#again
bakhu#just
iye#3sg
undangen#invitation
hubungen#relationship ==e#=THE
men-#ACTIVE.VOICE cube#try
wakhi#day
khut#with
si#relpro
si#relpro layakh#sail
edi#that,.those
kalak#person
amak#mat
ahli#expert
ni#in,.at.(space)
ke-#NOMINALIZER khoh#come,.to -en#NOMINALIZER
dikhi#self ==mu#=2ND.PERSON
mey-#ACTIVE.VOICE ebakh#to.spread ==ne#=3SG
madhe#negativizer
hal#thing
pengulu.mude#PENGULU.MUDE
iye#3sg
cekhok#speak
men-#CAUSATIVE dabuh#to.fall -ken#CAUSATIVE
khut#participate
pe.main.sukhine#QUEEN
megah#magnificent
se-#ONE cakhe#way,.method
gagal#to.fail
bhe#to,.toward.(a.person)
ni-#PASS.INTR lahekh#born -ken#PASS.INTR
se.engo#AFTER
nange#again
enggo#have.been,.ever
oleh#by
se-#ONE anak#child ==ne#=3SG
pemain#child.in.law
dikhi#self
se-#ONE [...]--#RDP wakhi#day
ndape#to.there
te#and
kute#city
hal#thing
khaje#king
me#for
te#and
edi#that,.those
amin#only
bue#many
atao#or
andinda#younger.sibling
pe-#THE.WAY.OF... tukokh#buy -ken#THE.WAY.OF...
de#if
te#and
kune#HOW? pe#also
tukhang#uncle ==ne#=3SG
men-#ACTIVE.VOICE bantu#to.help
lawe#water
me-#ACTIVE.VOICE khase#feel,.to
te#if
khut#participate
me-#TO.HAVE.... dalan#road
si#relpro
khaje#king
uan#father
tanoh#land
pekhistiwe#event
hakhus#must
ke-#NOMINALIZER khaja#king -en#NOMINALIZER ==ne#=THE
ni#in,.at.(space)
si#relpro
jumpai#to.find
me-#TO.DO.... khakut#to.tie
akhi#from
si#relpro
kobo#water.buffalo
malet#neg
nde#this
deleng#jungle
keluakhge#family
tekham#to.kick tunjang#to.lunge -ken#IMPERATIVE
lot#be,.exist,.have
si#relpro
pengulu.mude#PENGULU.MUDE
kane#so
aneh#strange
buah#fruit ate#heart
kede#food.stand
anak#child
ende#this
tekh-#ABILITATIVE jadi#to.become
men-#TO.GO.TO.... kandung#uterus
me-#TO.HAVE.... khamah#boyfriend
suatu#a
khumah#home
compang.camping#TATTERED
kendin#you.(all)
enggo#done.(finished)
tekh-#ABILITATIVE atou#to.look
aku#1sg
uwis#cloth
lain#other
namun#but
kisah#story
khaje#king
kao#you.(hon)
pakek#to.use
pake#wear,.to -en#VARIETY
ndape#to.there
anak#child
si#relpro layakh#sail
khut#with
manuk#chicken
men-#ACTIVE.VOICE cube#try
biakh#fear
pecaye#BELIEVE,.TO
amin#only
ge#just
bhe#to,..toward.(a.place)
men-#ACTIVE.VOICE jage#guard,.to
si#relpro
ame#mother ==mu#=2ND.PERSON
tanoh#land
uan#father
te#and
oyek#no,.not.(of.nouns)
si#relpro
iye#3sg
bakhu#new
mame#uncle ==ne#=3SG
tebe#TOWARD.(A.PERSON)
si#relpro
tebe#TOWARD.(A.PERSON)
sihikh#magic
[...]--#RDP benakh#true
edi#that,.those
abhang#brother,.older
mate#eye
mendekhite#to.suffer
khut#with
sengaje#to.be.intended
keluakhge#family
mange#yet,.not.yet
mame#uncle ==ne#=3SG
bene#lose.something
lot#be,.exist,.have
mbue#many
ke-#CHARACTERSTIC.OF susah#troublesome -en#CHARACTERSTIC.OF
deleng#jungle
waktu#time
lawe#river ==ne#=THE
anak#child
maksud#meaning
anak#child
edi#that,.those
empus#garden
desaken#push
laki-laki#male
demikian#thus
lembu#cow
madhe#negativizer
ni-#PAS.TR mulai#begin,.to
khut#with
pupuk#compost
khaje#king
mulai#begin,.to
[...]--#RDP ninik#grandmother
me#for
ni-#PASS.INTR sambut#greet,.to.receive
beliau#3sg.Hon
ni-#PAS.TR pido#request.to.(informally)
metuah#holy
malet#neg
cuping#ear
me#to,..toward.(a.place)
me-#TO.HAVE.... usahe#effort
tangis#to.cry
si#relpro
tanoh#land
suntuk#throughout
wakhi#day
ni-#PASSIVE kate#word -ken#PASSIVE
kalak#3mp
aku#1sg
pe#also
manuk#chicken
si#relpro
khut#with
lot#be,.exist,.have
anak.laki#BOY
mbue#many
ni#in,.at.(space)
suasana#situation
me-#TO.HAVE.... dose#sin
wakhi#day
anak#child
nujum#fortune.teller
keji#vile
aah#aah
nomokh#number
khumah#home
wahai#O
sesikel#AS.IF
nate#to.want ==ne#=3SG
pepagi#morning ==ne#=3SG
ogek#not
kao#you.(hon)
malepetake#calamity
me-#TO.DO.... limpah#overflow khuah#downpour
pekhcaye#BELIEVE,.TO
laki#husband ==ne#=3SG
si#relpro
[...]--#RDP gakham#to.search.for -i#REPEATEDLY
khut#with
suatu#a
me-#DURATIVE? lelou#play,.to -i#DURATIVE?
wakhisen#inheritance ==ne#=THE
keempat#fourth
si#relpro
penduduk#citizen
si#relpro
cinte#love
kalihen#very
ninik.moyang#ANCESTOR
babai#to.invite ==ne#=THE
soh#to.arrive ==lah#=FRONTED.ELEMENT
[...]--#RDP uwas#anxiety
ndak#not
si#relpro
lot#be,.exist,.have
terjadi#to.happen
soh#to.arrive
geluh#to.live.(be.alive)
pudi#behind
deleng#jungle
edi#that,.those
si#relpro
ulang#do.not!
sang#class.person
ni#in,.at.(space)
edi#that,.those
pade#on.(of.dates)
enggo#done.(finished)
tetapi#but
coklat#chocolate
khaje#king
atau#or
nange#again
iye#3sg
meng-#TO.CAUSE.TO.BECOME... asing#foreign -ken#TO.CAUSE.TO.BECOME...
tege#merciless
pepige#some
endak#not
tading#live.(stay.in.a.place)
si#relpro
malet#neg
khang.tue#PARENTS ==ne#=THE
mbelin#big.(size)
kayu#wood
hancukh#destroyed,.ruined
tebe#TOWARD.(A.PERSON) ==ne#=3SG
akhikh#the.end ==ne#=THE
se.enggo#AFTER
bantu#to.help -en#OBJECT.OF.VERB
sang#class.person
waktu#time
khitan#circumcise -en#OBJECT.OF.VERB
si#relpro
endak#not
sikel#will
si#relpro layakh#sail
mate#eye
ni#in,.at.(space)
me-#TO.DO.... masakhakat#sharia
pengulu.mude#PENGULU.MUDE
keluki#eagle
anak.khu#GIRL
pe-#PERSON.WHO.DOES.... tani#farmer
engo#done.(finished)
sipat#characteristic
natam#Natam
tukhang#sibling ==ne#=3SG
wakhi#day
sendah#presently,.nowadays
iye#3sg
khoh#come,.to ==lah#=FRONTED.ELEMENT
khoh#come,.to
ke-#NOMINALIZER lahekh#born -en#NOMINALIZER
kasukh#mattress
ulang#do.not!
kute#city
suasane#situation
bayak#rich
khumah#home
kalak#person
tubuh#body
anakhu#GIRL
sukhung#to.truly.happen
sendah#presently,.nowadays
enem.puluh#SIXTY due#two
kite#we
men-#TO.GO.TO.... kandung#uterus
natam#Natam
khut#with
sang#class.person
enggou#done.(finished)
madhe#negativizer
ise#who
ni#in,.at.(space)
buah#one
mang#indeed
cut#little.(small)
namun#but
mejile#good
ni-#PAS.TR tambah#Tambah
lahikh#born lah#intensifier
ahli#expert
me#to,..toward.(a.place)
telokh#egg
positif#positive
si#relpro
ninik#grandmother
mem-#CAUSATIVE ake#wear,.to
se-#RECIPRICAL tukokh#buy -en#RECIPRICAL
cut#little.(small)
anak.khu#GIRL
natam#Natam
ulang#do.not!
akhi#from
tahun#year
tebe#TOWARD.(A.PERSON)
kawin#to.marry
ni#in,.at.(space)
mem-#ACTIVE.VOICE bunuh#kill
cukup#enough
bakhu#just lah#emphasis
ni#in,.at.(space)
tabit#doctor dukun#shaman mentakh#white
lembakh#wide.flat.thing
khut#with
mange#yet,.not.yet
sikel#will
sendikhi#alone
iye#3sg
oleh#by
dengkil#filthy
khaje#king
[...]--#RDP nyate#clear
khut#participate
begedi#like.that
uwis#cloth
khoh#come,.to
bahwe#that
aku#1sg
kiasat#strategy
silah.ken#PLEASE.GO.AHEAD
sikel#will
bakhu#just
me-#TO.DO.... pikekh#THINK,.TO
suakhe#noise
ngkekhan#Engkeran
sikel#will
iye#3sg
mem-#ACTIVE.VOICE babe#to.carry
te#and
tanoh#land
bayak#rich
gule#sugar
luakh#exit
kalak#person
men-#ACTIVE.VOICE jadi#to.become
sikhe#salt
semange#starting.when
akhi#from
bagi#for
men-#ACTIVE.VOICE jabut#to.receive
aku#1sg
khut#with
abhang#brother,.older
ke-#CHARACTERSTIC.OF ganteng#handsome -en#CHARACTERSTIC.OF ==ne#=3SG
jelas#clear
si#relpro layakh#sail
tandok#sit.down,.to sile#cross.legged.position -ken#IMPERATIVE
gakham#to.search.for -i#REPEATEDLY
atau#or
uwis#cloth
khate#evenly
tanoh#land
me-#TO.HAVE.... baju#shirt
sesikel#AS.IF
si#relpro
bumi#earth,.the.world
si#relpro layakh#sail
pe#also
te#and
layakh#sail
ng-#ACTIVE.VOICE idah#to.be.visible
balok#beam
ngkhan#Engkeran
sendah#presently,.nowadays
anak#child
si#relpro
bahwe#that
sunyi#quiet
jin#jin
kane#even.(also)
mbelin#big.(size)
ge#just
akhi#from
alas#alas
pekhcaye#BELIEVE,.TO
kane#even.(also)
ni-#PAS.TR undang#to.invite
bantu#to.help -en#OBJECT.OF.VERB
sang#class.person
ni-#PAS.TR takhik#to.pull balik#return.home,.to
khut#with
ni-#PASS.INTR harga#value -i#DURATIVE?
belang.kejekhen#BLANGKEJEREN
tetap#Permanent
si#relpro layakh#sail
bhe#to,..toward.(a.place)
pakek#to.use
laus#go mece#to.read.holy.books -me#POLITE.IMPERATIVE
anak#child
side#previously.mentioned
khut#with
tekh-#ABILITATIVE pukul#to.hit
balik#return.home,.to
te#if
pajak#tax
kabakh#news
si#relpro
malet#neg
ni-#PAS.TR popok#strike,.hit ==lah#=FRONTED.ELEMENT
tading#live.(stay.in.a.place)
te#and
ni-#PASS.INTR ingin#to.want -ken#CAUSATIVE
kalak#person
kane#so
mem-#ACTIVE.VOICE babe#to.carry
se.engo#AFTER
khaje#king
te#and
[...]--#REDUPLICATION belagakh#young.man
aku#1sg
pangukhe#dagger
pade#on.(of.dates)
mebelin#large
ke-#CHARACTERSTIC.OF dauh#far -en#CHARACTERSTIC.OF
tuan#master ==ku#=1SG
me-#TO.BE.... cocok#SUITABLE
okhang.tue#PARENTS
amin#only
khaje#king
kenin#YOU.(FAMILIAR)
ke-#NOMINALIZER geluh#to.live.(be.alive) -en#NOMINALIZER ==ne#=THE
ulang#do.not!
ngeng#to.hold -ken#IMPERATIVE
salah.sebuah#ONE.OF
dukun#shaman
lot#be,.exist,.have
babe#to.carry m-#CAUSATIVE balik#return.home,.to -ken#CAUSATIVE
pengulu.mude#PENGULU.MUDE
musibah#disaster
suami#husband
geluh#to.live.(be.alive)
sekolah#school
kane#even.(also)
se-#ONE kalak#person
lot#be,.exist,.have
oleh#by
[...]--#REDUPLICATION idam#longing -ken#TO.CAUSE.TO.BE.A...
pulih#to.get.better.(health)
si#relpro
de#if
ise#who
kalaki#3mp
me#to,..toward.(a.place)
n-#ACTIVE.VOICE ading#live.(stay.in.a.place) -ken#CAUSATIVE ==ne#=3SG
kane#even.(also)
madhe#negativizer
balik#return.home,.to
okhang.tue#PARENTS ==ne#=3SG
ise#who
nasip#fate
kase#even.(also)
aneh#strange
[...]--#PLURAL anak#child
kane#even.(also)
deleng#jungle
doe#prayer
tahun#year