ts'ihotįįł
uu- dįį- nih
hiiy- uu- deel
tsin'įį
that
ay
ay
nts'ą̈'
eh
ch'aachin'
s- tsay
fish
iin
di- kąy'
hel- tsįį
choh
k'it
ch'a
danh
niign
a- dogn
people
ch'a
dänh
n- ts'ą'
ni- i- haag
na- tet- dek
e- tsaa
na- teh- xeeł
hu- shyi'
dänh
nee- ła'
ch'a'
manh
na- 'ih- te'
tah
t'eey
eh- nih
dii
ni- nįį- shyah
nelkon'
ch'a
nee- ts'iikeey
hii- eh- nih
datl'a- 'ee- mįį
village
ch'aachin'
na- hii- tnet- dek
ndehde'
nday
hįį- xąą
di- nąą
dą'
ddhuugn
hanteey'
adult
ch'ah
chih
y- eh- nih
eh
k'ahdu'
ch'itay
ch'i- nąą
chih
eh
na- tset- deeł
eh- tįį
i- dzaa- niil
shyąą
heh- 'įįk
yeah
na- ti- daak
y- eh- nih
shyi'
t'eey
dih- k'ąą
tiki- 'at- dät
ay
el- tsiin
u- tsįį'
jah
i- dįį- shyay
hǫǫ't'eey
ch- ǫǫndaa
ǫǫ- łe'
diltth'ii
hunehttheh
t'axoh
choh
h
d- aa
eh
t'axoh
hu- ta'
ts'exeh.gaay
ts'oo
do
nts'aa'
ch'itay
iin
noo- tįl- negn
el- tsiin
look
ta- ts'įį- tąą
n- tth'an'
iin
ishyiit
įį.tat'eey
ch'itay
xa'
nee- haał
na- tset- dek
y- aa
ski'- uh- shya'
di- nąą
nii- hin- deeł
na- h- tnet- deel
nah- 'ǫǫ
xah
sh- 'aat
eh- nih
not
ch'i- xia'
sh- eh
del- tth'ih
ła
dzänh
t'eey
nts'ą̈'
dit
tah
shyiit
ay
ti- 'at- nagn
tl'uuł
gǫǫ
du'
eh
xah
t'eey
eh
t'axoh
tah
i- haay
pack
nih
sǫ'
sh- ke'
iin
chih
dits'än
k'ahdu'
ah- nǫǫ
ay
duugn
ookol
shyįį'
nah- 'ogn
łą'
dii
na- hat- dal
ch'ih- t- nal- 'įįł
i'elnąy
that
dą'
eh
nts'ą̈'
hu- hi- nąy
eh
dąą'
sǫgay
t'eey
called
gaay
gah
dzänh
t'eey
łi- gaay
hugn
all
na- tih- daak
gee
suu'
ch'itay
ch'įįtįįł
tl'aan
ishyiit
hu- tee- łe'
nts'ą̈'
tl'aan
dänh
manh
jah
choh
hu- 'eh- nay
to
hǫǫ'
ch'itay
yich'oodehdiih
t'eey
tah
ts'iikeey
taa- t'eeł
natuhshya'
kessler
ay
ch'i- shyuutth'än
neh
tl'aan
charles
tl'aan
dikǫ'thüü
ay
jah
hospital
high
mänh
ay
yi- nel- jit
ts'iiniin
ina'
pull
jign
än'
eh
u- neh- 'ąy
y- eh- nih
jah
łuugn
iin
shyiit
jah
dih- t'eh
łęę'
that
ha- 'įį- shyah
tthi- nįį- shyah
d- ǫǫndaa
y- eh- nih
nel- jidn
eh
nee- 'eh
ahnuugn
ch'i- dia'
ch'i- nįį- dät
chih
t'eey
i
tl'aan
du'
xah
around
ay
t'eey
eh- tįį
shyiit
įį- haał
sh- k'eh
creek'
hǫǫ'
eł
medicine
nts'ą'
they
man
u- taa- niił
like
nih
ąąą
tth'ee
january
du'
ishyiit
dzel- tth'ih
ts'ikeey
ch'i- xia'
ch'a
tel- tthät
n- ee'eh
t'axoh
t'eey
t'eey
ay
hǫǫ't'eey
ak- tsänh
s- tsąy
da- sh- h- nįh- tįį
tl'uuł
i- tthi'
ch'ale
sh- eh- nih
ch'a
hii- huu- heek
teejuh
ch'ale'
he- nih
jah
ha- 'aat
hu
shyįį'
iitsą'
hu- ts'ą̈'
ha- noo'
ay
t'eey
dąą'
ishyiit
k'eh
ti- dhih- shyah
aandah
dǫng
łahtthegn'
mean
ch'a
ddhał
i- dhagn- nüh
ut- sǫǫ
t'eey
nak- 'įh
ǫǫ- dla'
ah- degn'
hah- 'ogn
du'
tl'aan
deh- 'įh
dii
y- eh- nih
ni- sh- ih- nįh- tįįk
xah
y- aa
xah
unintelligible
ni- ch'i- nįl- 'įį'
ni- 'eeł- ts'e- łeek
ts'at
ch'ale'
k'it
iin
u- kol
tl'uuł
ch'itay
k'it
oh
u- dagn- dįį'
u- dih- nih
tthee
hǫǫ'
hǫǫ- łįį
ee- gąy
da- nah- deeł
nak- 'įh
of
ts'iikeey
iin
hu- xah
iin
t'eey
na- tet- dagn
eł
da- h- taa- dał
ni- 'įį- ha'
d- uh- noo'
na- h- teh- mbik
dheh- xįį
that
h- tee- neeyh
t'eey
dąy
łįį
iin
nagn- tän
sǫ'
hii- tl'a- hiiy- įį- dlay
t'eey
n- nąą
hii- eh- nih
nii'iaa
udǫǫni'
eetal
village
dii
nih
call
degn'
ay
ee- dah
ts'- ee- dlah
nän'
eł
t'eey
y- eh- nih
ay
n- eh- nih
ha- na- deg'
hii- kįį'
creek
ha- dogn
gaay
tsatbaay
ts'ą̈'
u- t'ah
nee- gąy
ts'exeey
nee- xol'
hǫǫ'
s- tsǫǫ
tet- giat
naagn'
tsin'įį
eh- shyüüdn
nuun
nts'ą'
eh
hanteey'
iin
hǫǫ- łįį
hǫǫ'
jah
ddhäł
neetehmbiil'
dzel- tth'ih
nee- kat
hǫǫ'
xah
ts'exeh.gaay
y- eh
h- tee- deel
hu'- ookol
tl'aan
t'eey
t'eey
eł
i
ay.eh
he- nih
shhhhh
m- įįtsįį'
niign
dineey
da- ts'ee- dlah
uts'ihǫǫndiik
hah- nogn
today
t'oot'eey
iin
hugn
nts'ą̈'
ee- dah
ay.eł
ǫǫle'
ay.eh
gaay
sh- nąą
iin
t'eey
eh
shiy
k'it
dii
'at'eey
tsin'įį
nee- k'eh
ay
atthiit
taag
gǫǫ
ch'ishyaan
u- nts'ą̈'
ha- 'ogn
k'ahdu'
dänh
tah- 'aal
t'eey
shyiit
hǫǫ'
t'eey
eh
agnes
iin
ła'
ch'a
łahtthegn.nts'ą̈'
na- tet- shyah
dǫ
hih- del- tth'ih
nįįk'ul
hǫǫ- łįį
taht'eey
idzii'
when
paid
kol
did
yeah
ha- hii- taa- 'aał
teethäł
tl'aan
dhak~'ąą
gǫǫ
gaay