ини#here -з#DAT
лагь#say -ана#AOR
кхьи#write
я#scratch
гьар#every
ви#2sg.gen
девлет#country
фикир#attention -да#IN -й#EL
ваз#you
ф#go -ена#AOR
им#it
руш#girl а#OBL -з#DAT
гум#smoke
кӏан#want -зава#IMPF
са#one
аял#child
накьв#soil
атана.агакьда#REACHED.ENT
ава#cop
лугь#say -уда#ENT
лагь#say -ана#AOR
ва#and
лагь#say -ана#AOR
капаш#handful
кӏан#want -зава#IMPF
бере#time
ча#1pl.gen -з#DAT
бурулгъан#whirlpool
пел#hill -е#OBL -л#SP -NULL#ESS
иер#beautiful
кьил#head
кьве#two
акъуд#get.out -зава#IMPF
аку#look.IMPV
стха#brother -ди#OBL -в#AD -ай#EL
къакъуд#remove -на#AOR
притча#parable
кӏвач#leg -а#OBL -л#SP -NULL#ESS
кас#man
мизан#justice
мици#another
случай#event
миллет#nation -да#IN -й#EL
гьабур#them -ни#AND;FOCUS
палкан#horse
за#1sg.ERG -з#DAT
хер#wound
ина#here
кӏан#want -зава#IMPF -й#PTCP
гада#boy
гила#now
кичӏ#dog
жеда#was.ENT
гейчек#beautiful
ат#come -ана#AOC
во#well
мукьвал#near
лугь#say -уда#ENT
хъсан#good
пачагь#king -ди#OBL -н#GEN
безханум#Bezkhanum
гьан#that -и#ERG -з#DAT
кхь#write -енва#PERF
тавур#NEG.make.PTP -тӏа#COND
за#1sg.ERG
экъечӏ#appear -на#AOR
ва#2sg -з#DAT
за#1sg.ERG -з#DAT
ав#make,do -уна#AOC
ибур#these -у#ERG -з#DAT -ни#AND;FOCUS
гада#boy
куь#your
кицӏ#dog -и#OBL -з#DAT -ни#AND;FOCUS
буба#grandfather -ди#OBL -з#DAT
икьван#so.much
лагь#say -ана#AOR
чун#1pl.abs
ини#here -з#DAT
бес#but
им#he -ни#AND;FOCUS
рак#door
пачагь#king -ди#OBL -н#GEN
вич#himself -и#ERG -н#GEN
лагь#say -ана#AOR
яда#hey.man
тир#was
ида#he.again -н#GEN
идан#his
мах#folktale
руш#girl
купча#bill.of.sale
тӏвар#name -чи#OBL -з#DAT
пачагь#king -ди#OBL -н#GEN
нуьк#servant -ер#PL -ди#OBL -з#DAT
са#one
лугь#say -уда#ENT
алуд#away.from
са#one
лугь#say -уда#ENT
ада#he
куьн#2pl.abs
гутун#attach -на#AOC
лагь#say -ана#AOR
гьакӏан#simple
ва#2sg -з#DAT
аладар#long
за#1sg.ERG
руш#girl а#OBL -к#SB -ай#EL
хьи#that
хт#return -ана#AOC
сергьед#border -да#OBL -л#SP -NULL#ESS
кан#dear -и#ERG
къул#fireplace -а#IN -NULL#ESS
бес#but
ктаб#book
хьа#happened -нава#PERF
рекь#kill -ида#FUT
пичин#stove -а#OBL -л#SP -NULL#ESS
тир#was
са#one
лагь#say -ана#AOR
луьткве#boat
дагьа#more
лугь#say -уда#ENT
гада#boy -ди#OBL -в#AD -NULL#ESS
кьабул#take.over -на#AOR
суфре#tablecloths -яр#PL -ни#AND;FOCUS
гада#boy
са#one
за#1sg.ERG
вуч#what
ф#go -ена#AOC
кут#put.under -уна#AOC
пака#tomorrow
кӏан#want -зава#IMPF
хьа#be -ана#AOR
г#give -ана#AOR
руш#girl
везир#vizier -ди#ERG
лагь#say -ана#AOR
идани#he.also
лугь#say -уда#ENT
вун#2sg.abs а#ERG
т#leave -уна#AOC
руш#girl
лугь#say -уда#ENT
анжах#only
отказ#refusal.(rus)
саламат#well
илис.хьухь#HIDE.IMPV
ама#he -ш#NEG
вуч#what
сада#one
лагь#say -анва#PERF
хьухь#be.IMPV
къерех#side -ди#OBL -з#DAT
кьве#two
къерех#bank -ди#OBL -в#AD -NULL#ESS
мад#more
ида#him.to
свас#wife
къеле#fortress -ди#OBL -з#DAT
лагь#say -ана#AOR
чи#1pl.gen
балкӏан#horse -да#OBL -л#SP -NULL#ESS -ни#AND;FOCUS
аллагь#Allah -ди#OBL -з#DAT
ала#is.there
ахпа#then
лагь#say -ана#AOR
къирмаж#whip -ди#OBL -в#AD -NULL#ESS
лагь#say -ана#AOR
тухв#take -да#ENT
ковш#ladle
чи#1pl.gen
гьа#that,.the.same
бере#time -да#IN -NULL#ESS
тӏва#other
за#1sg.ERG -з#DAT
вал#bush -ар#PL -я#IN -й#EL
хт#return -ана#AOR
кьве#two
тахтун#throne -а#OBL -л#SP -NULL#ESS
са#one
пара#very
направление#direction.(rus)
кӏвал#house -и#OBL -з#DAT
солдат#soldier
жув#us а#ERG
гьар#every
чи#1pl.gen
анжах#only
гъваш#bring.IMPV
ибур#these -ни#AND;FOCUS
бес#but
ама#be.in.CONT -ч#NEG
хкаж#up
лугь#say -уда#ENT
за#1sg.ERG -з#DAT
ун#yes
са#one
ханум#Ma'am а#ERG
дуст#friend -ни#AND;FOCUS
гьутӏа#that.
ава#cop
къирмаж#whip -ди#OBL -в#AD -NULL#ESS
баде#grandmother -ди#OBL -з#DAT -ни#AND;FOCUS
за#1sg.ERG
икьван#so.much
ашукь#ashuq
за#1sg.ERG -з#DAT
балкӏан#horse -да#OBL -л#SP -NULL#ESS
кӏан#bottom -у#ERG -з#DAT
ф#go -ена#AOR
лугь#say -уда#ENT
инсан#man -ри#OBL -з#DAT
гила#now
хьи#that
ама#still.be,.remain
ааа#uh
кь#catch -уна#AOC
вад#five
эхир#after.all
гьуьл#sea -уь#OBL -н#GEN
лагь#say -ана#AOR
эхир#after.all
яр#sweetheart
руш#girl а#ERG
ф#go -ида#ENT
лагь#say -ана#AOR
ат#come -ана#AOR
чун#1pl.abs
гьуьл#sea -уь#OBL -н#GEN
гъ#bring -ана#AOR
аку#look.IMPV
векь#hay -ер#PL
ахъа#open -й#PST из#IMMANT
къвазра#stay
ида#him.to
яд#water
т-#NEG ак#look -урай#OPT
фу-затӏ#bread
са#one
цвез#what.for
кут#put.under -уна#AOC
жени#be.FUT.Q
ий#make -ида#FUT -й#PST
са#one
пепе#bug -йр#PL -и#OBL -к#SB -ай#EL
гада#boy
капаш#handful -да#IN -NULL#ESS
базар#market -да#OBL -л#SP -NULL#ESS
специально#special
кьве#two
хьи#that
хьи#that
буба#father
лугь#say -уда#ENT
кам#step -ни#AND;FOCUS
ктаб#book
чир#knowledge
кӏан#want -зава#IMPF -й#PTCP -ди#SBST
кицӏ#dog -и#OBL -н#GEN
къунши#neighbor
заз#I
истирагьатай#rest -да#OBL -л#SP -ай#EL
этибар#Etibar
вич#himself -и#ERG -н#GEN
фад-фад#often
руфун#stomach -а#IN -NULL#ESS
лугь#say -уда#ENT
ча#1pl.gen -з#DAT
ий#make -ин#HORT
лугь#say -уда#ENT
лагь#say -ана#AOR
садра#once
буба#grandfather -ди#OBL -н#GEN
мани#song -яр#PL
кьван#so.much
чӏулав#black
алман#the.German
ф#go -ена#AOR
линия#line
лугь#say -уда#ENT
гьафте#week
руш#girl
са#one
тӏ#eat -уьна#AOR
ава#cop
литва#Lithuania -ди#OBL -н#GEN
кьван#so.much
чун#1pl.abs
тир#was
г#give -ун#MSD
ата#coming -й#PST -ла#TEMP
хуьр#village -уь#OBL -н#GEN
кьуд#four а#OBL -з#DAT
диде#mother -ди#OBL -з#DAT
иер#beautiful
кӏан#want -зава#IMPF -й#PTCP
зи#1sg.gen
эхир#after.all
гьуьл#sea -уь#OBL -н#GEN
чна#1pl.erg
гада#boy -ди#OBL -в#AD -ай#EL
лагь#say -ана#AOR
жаван#young
ава#is -й#PST -ди#SBST
гьуьл#sea -я#IN -й#EL
а#that -бур#PL
са#one
лугь#say -уда#ENT
югъ#day
лагь#say -ана#AOR
тӏвар#name
са#one
сад#one
хабар#news
балкӏан#horse -да#OBL -л#SP -NULL#ESS
истикан#glass
ваз#you
ана#there
зи#1sg.gen
са#one
са#one
вич#himself -и#ERG -н#GEN
безханум#Bezkhanum
са#one
гевгьер#pearls -ар#PL
ада#he
ат#come -ана#AOC
бес#but
эхирни-эхир#finally
ахпа#then
акъуд#carry.up -на#AOR
има#this.one
фу#bread
ви#2sg.gen
чукур#chase -да#FUT
безханум#Bezkhanum
мугьарибе#war
кӏурцӏул#puppy -ди#OBL -з#DAT
ма#you.know
вил#eye -ер#PL -а#OBL -л#SP -NULL#ESS
гаф#word
лагь#say -ана#AOR
гвай#was -бур#PL -у#ERG -н#GEN
тамаш#look -на#AOC
за#1sg.ERG
кицӏ#dog
агъуз#down
ча#1pl.gen -з#DAT
а#that
маса#other
къуш#bird
район#countryside -ди#OBL -з#DAT
гъваш#bring.IMPV
да#yes
чна#1pl.erg
кут#put.under -унва#PERF -ш#NEG
кӏан#want -зава#IMPF
акъадар#mount -да#ENT
за#1sg.ERG -з#DAT
гьам#that
къаравул#guard -ни#AND;FOCUS
ида#him.to -н#GEN
кьве#two
са#one
г#give -ана#AOR
бес#And.but
лугь#say -уда#ENT
хъел#anger
хьуй#if.do
вич#himself -и#ERG -з#DAT
мизан#justice
вири#all
хийир#benefit -ни#AND;FOCUS
г#give -уда#ENT
вун#2sg.abs а#ERG
кьил#chapter -е#OBL -л#SP -NULL#ESS
и#this -м#ABS
ма#you.know
агъуз#down
са#one
севда#Sevda
малумат#information -ар#PL
руш#girl
хъф#go.again,return -ена#AOR
катна#run.PRF.PTP.SBST ва#2sg -й#PST -ди#DIR
вак#pig -ар#PL
вуш#what
лагь#say -ана#AOR
вилаят#country -ди#OBL -з#DAT
солдат#soldier
шикил#picture
ана#there
зи#1sg.gen
ий#make -из#INF
ф#go -ена#AOR
ви#2sg.gen
гала#with -й#PST
им#this
пат#side а#OBL -з#DAT
са#one
лагь#say -ана#AOR
иер#beautiful
крар#actions.do -да#FUT
кӏвал#house -а#OBL -л#SP -яй#EL
гафар#say -зава#IMPF
лугь#say -уда#ENT
зи#1sg.gen
экъечӏ#appear -на#AOC
лагь#say -ана#AOR
акв#look -азва#IMPF
хъв#drink -аз#INF
ада#he -н#GEN
анжах#only
акьван#enough
хуьр#village -у#OBL -з#DAT
ат#come -ана#AOC
беес#but
баки#Baku -ди#OBL -з#DAT
чуьнуьх#steal
кӏвал#house -ар#PL -и#OBL -з#DAT къар#days -и#OBL -з#DAT
ана#there
ф#go -ена#AOC
лагь#say -ана#AOR
дагъ#mountain
ина#here
экъецӏ#appear
гила#now
ви#2sg.gen
чир#knowledge -на#AOC
асул#actually
чӏал#language
чан#dear
са#one
вичал#on.itself
ну#well
гужна#hardly
аял#child -да#OBL -л#SP -NULL#ESS
ида#him.to
хьи#that
свас#wife
вун#2sg.abs а#ERG
рук#forest а#OBL -з#DAT
ават#fall -ана#AOR
лагь#say -ана#AOR
накьв#soil
бес#but
жув#us а#ERG
акӏ#like.that
чир#knowledge -на#AOC
минометчик#mortar.man -ар#PL
пуд#three
къе#today
хьа#being.AOC
буба#father
ак#look -уна#AOR
ч#know -ида#FUT -ш#NEG
са#one
ашукь#ashuq
ацукьар#cause.to.sit -да#IN
руш#girl
гьалт#meet -да#ENT
я#cop
вообще#commonly
гъ#bring -ин#HORT
ханум#Ma'am а#ERG
икьван#so.much
кут#put.under -уна#AOC
руш#girl
къарагъ#stand.up,rise -на#AOR
буба#grandfather -ди#OBL -н#GEN
ф#go -изва#IMPF
хъув#redo -уна#AOR
амукь#stay,remain -да#ENT
лугь#say -уда#ENT
ида#him.to -з#DAT
пепе#bug
чун#1pl.abs
туькӏуьр#create -на#AOR
лагь#say -ана#AOR
чӏехи#great
дуьз#great
хер#wound
гваз#with
а#that
лугь#say -уда#ENT
ээээгь#eeh
ф#go -ида#ENT
хвеши#happy
руш#girl
цай#fire
къерех#side -ди#OBL -з#DAT
ий#make -ин#HORT
са#one
вуч#what
а#that
эгер#if
гьина#where
ф#go -изва#IMPF
цӏыцӏ#tsits
са#one
яргъи#long
ф#go -ена#AOR
иер#beautiful -ди#DIR
гьакӏ#like.that
пачагь#king -ди#OBL -н#GEN
са#one
фикир#attention -ди#OBL -з#DAT
бес#but
чун#1pl.abs
тӏ#eat -уьна#AOR
за#1sg.ERG -н#GEN -ни#AND;FOCUS
лагь#say -ана#AOR
икьван#so.much
арада#between
хванахво#friend
лугь#say -уда#ENT
кагъаз#paper
руш#girl
гьа#that,.the.same
гъил#hand -и#OBL -к#SB -ай#EL
за#1sg.ERG
кан#want -и#ERG
сувар#Holiday -ар#PL
окружения#encirclement -да#IN -NULL#ESS
башда#in.the
яргъа#far -з#DAT
гада#boy -ди#OBL -хъ#PT -NULL#ESS
ава#cop
агь#moaning;.ahh
руш#girl -ни#AND;FOCUS
ма#you.know
чан#dear
гьеле-меле#every.time
балкӏан#horse
буба#father
кутӏ#tie -уна#AOR
багъиш#forgive -на#AOC -й#PTCP
акъат#come.out -на#AOR
ав#make,do -уна#AOR
а#that
стха#brother -ни#AND;FOCUS
кӏвач#leg -ер#PL гъил#hand -ер#PL
кьил#head
лугь#say -уда#ENT
гъил#hand
ви#2sg.gen
зи#1sg.gen
чӏулав#black
алукь#wear,put.on нава#PERF -й#PST -ди#SBST
лагь#say -ана#AOR
мех#fur
эвер#call -да#ENT
лагь#say -ана#AOR
кьве#two
инал#here -ни#AND;FOCUS
чи#1pl.gen
са#one
къвед#two
ат#come -ана#AOR -че#NEG
ва#2sg -з#DAT
лугь#say -уда#ENT
гевгьер#pearls -ар#PL
дастан#dastan -ар#PL
сонра#after
гьикӏин#how.Q
тир#was
хкадар#jump -зава#IMPF -й#PTCP
лугь#say -уда#ENT
ккӏ#fight -ида#ENT
исабала#Isabala
я#oh
гада#boy -ди#ERG -ни#AND;FOCUS
буба#grandfather -ди#ERG -ни#AND;FOCUS
кь#catch -унва#PERF
хьти#like -н#GEN -ди#DIR
мехъер#wedding -ар#PL
къахч#take -уз#INF
яран#Yaran
ф#go -ена#AOC
вич#reflxv -ни#AND;FOCUS
хъв#drink -ана#AOC
вилаят#country -ди#OBL -з#DAT
жув#us а#ERG
вефасуз#untrusted
больница#hospital -ди#OBL -з#DAT
анай#there.from
капаш#handful -да#IN -NULL#ESS
хт#return -ана#AOR
безханум#Bezkhanum
набран#Nabran.to -ди#DIR -з#DAT
лагь#say -ана#AOR
за#1sg.ERG
сакӏа#in.no.way -ни#AND;FOCUS
эвицӏ.хъийа#COME.DOWN
са#one
вич#himself
вуч#what -и#ERG -з#DAT
рекь#way -е#IN -NULL#ESS
гевгьер#pearls -ар#PL
вилаят#province -да#IN -NULL#ESS
лагь#say -ана#AOR
са#one
лугь#say -уда#ENT
чуьнуьх#steal
ини#here -з#DAT
гъ#bring -ин#HORT
хуьр#village -уь#OBL -н#GEN
маса#other
ана#there -й#PST
пачагь#king
ама#be.in.CONT -ч#NEG
фергьад#Ferhad
мина#mine
лугь#say -уда#ENT
шегьер#city -ди#OBL -з#DAT
случайно#accidentally
куьн#2pl.abs
где-то#somewhere
чун#1pl.abs
жува#yourself
гьуьл#sea -е#OBL -л#SP -ай#EL
лагь#say -ана#AOR
хъф#go.again,return -ена#AOR
руш#girl
дерин#deep
баде#grandmother
г#give -уда#ENT
чун#1pl.abs
гумир#export
ваз#you
акв#look -ада#ENT
гада#boy
чан#dear
чун#1pl.abs
ааа#ahh
а#that
ава#cop
буба#grandfather -ди#OBL -н#GEN
кьил#chapter -е#OBL -л#SP -NULL#ESS
вич#himself
кьатӏ#see -изва#IMPF
югъ#day
къв#come -еда#ENT
ава#cop
лугь#say -уда#ENT
амукь#stay,remain -на#AOR
хьуй#let.it.be.OPT
вахт#time
ацукьра#sit!
дагьи#great
има#this.one
кицӏ#dog -ни#AND;FOCUS
гьинвайди#where.being.PTP.SBST
чна#1pl.erg
гьикӏ#how
накьв#soil -ади#OBL -к#SB -ай#EL
хьайитӏани#however.COND.FOC
са#one
илисар#hide -нава#PERF
ада#he
чукур#chase -да#FUT
кума#hut
хьтин#like
рекь#kill -из#INF
хьи#that
чун#1pl.abs
эвер#call -да#ENT
чи#1pl.gen
гъуьл#sea -и#OBL -н#GEN
лагь#say -ана#AOR
трамплин#springboard
чан#dear
са#one
солдат#soldier -ди#OBL -к#SB -яй#EL
сер#business -ди#OBL -з#DAT
ама#still.be,.remain
лагь#say -ана#AOR
хейлаг#a.lot
ацукьар#cause.to.sit -да#ENT
гевгьер#pearls -ар#PL
вич#himself -ни#AND;FOCUS
за#1sg.ERG -з#DAT
гъил#hand
агь#moaning;.ahh
са#one
за#1sg.ERG ва#and
ава#cop
за#1sg.ERG
луьтквечи#boatman -ди#OBL -з#DAT -ни#AND;FOCUS
чара#means
меслят#advice
гьефте#week
ва#2sg -з#DAT
кут#put.under -уна#AOC
хуьррем#merry
фикирар#think.much -на#AOR фикирар#think.much -на#AOR
лагь#say -ана#AOR
лугь#say -уда#ENT
гада#boy
ина#here
шуьше#glass
инал#here
тӏва#other
ак#look -ур#AOP -тӏа#COND
чи#1pl.gen
зу#1sg.gen
ида#he.also -ни#AND;FOCUS
икьван#so.much
ваъ#no
чун#1pl.abs
има#this.one
хкв#return -еда#ENT
афия#Afiya
лугь#say -уда#ENT
иер#beautiful
чун#1pl.abs
за#1sg.ERG -з#DAT
цл#wall а#OBL -л#SP -NULL#ESS
галаз#with
югъ#day
лугь#say -уда#ENT
вич#himself -и#ERG -н#GEN
рекь#way -е#IN -NULL#ESS
са#one
сад#one а#ERG -н#GEN
вахтинда#IN.TIME амаз#have
лугь#say -уда#ENT
хъсан#good -вил#.NESS -ер#PL
кӏан#want -у#ERG -з#DAT
диде#mother
кӏурцӏул#puppy
гъил#hand -я#IN -й#EL
гада#boy
зи#1sg.gen
вуч#what -и#ERG -н#GEN
ив#night а#OBL -н#GEN
канивил#love,dear.one -и#ERG -н#GEN
кӏан#want -зава#IMPF
са#one
чун#1pl.abs
хьи#that
минометчик#mortar.man -ар#PL
вуч#what
мехъер#wedding -ар#PL
ат#come -ана#AOR
сонра#after
жаза#punishment
лагь#say -ана#AOR
юлдаш#friend -ар#PL -и#ERG
ам#that
руш#girl
лугь#say -уда#ENT
кӏан#want -да#FUT
ваъ#no
чукьуна#cause
са#one
т#leave -мир#PROH
гьакӏ#in.this.way
дуьз#great
г#give -уда#ENT
гада#boy -йр#PL -и#OBL -з#DAT
гада#boy
эвер#call -ана#AOR
има#this.one
эхир#after.all
за#1sg.ERG
ахпа#then
са#one
ви#2sg.gen
балхун#balcony -да#IN -й#EL
лугь#say -уда#ENT
са#one
нефс#desire
лугь#say -узва#IMPF
бельгия#Belgium -ди#DIR -з#DAT
лагь#say -ана#AOR
ада#it
ибур#these
эрмени#armenian
хъсан#good
зу#1sg.gen
ала#is.there -тӏа#COND
ви#2sg.gen
руш#girl -ни#AND;FOCUS
пачагь#king
жаза#punishment
къул#fireplace -а#IN -NULL#ESS
а#that
г#give -ана#AOC
ча#1pl.gen -з#DAT
кран#crane -ди#OBL -н#GEN
лагь#say -ана#AOR
вал#bush -ар#PL -я#IN -й#EL
авуд#take.down -на#AOC
галаз#with
лагь#say -ана#AOR
килиг#see -на#AOR
ф#go -ида#FUT
ф#go -ена#AOC
лугь#say -уда#ENT
гьайван#animal
лежет#Ledjet
мад#more -ни#AND;FOCUS
экъечӏ#appear -на#AOC
яр#sweetheart
фу-затӏ#bread
ви#2sg.gen
ама#still.be,.remain -ч#NEG
эдалет#justice
бес#but
югъ#day
гьагьа#previously.mentioned.one
гьиниз#where.to
чая#tea -р#PL
руш#girl
гада#boy
маса#another
и#this да#ERG
чун#1pl.abs
чун#1pl.abs
шеъ#thing
балкӏан#horse -да#OBL -л#SP -NULL#ESS
стол#table -да#OBL -л#SP -NULL#ESS
гила#now
чун#1pl.abs
вуч#what -и#OBL -з#DAT
лагь#say -ана#AOR
вил#eye -ер#PL -а#OBL -л#SP -NULL#ESS
ф#go -ена#AOR
вахт#time
хуьр#village -уь#OBL -н#GEN
руш#girl а#OBL -н#GEN
лагь#say -ана#AOR
мад#more
хьа#happened -ана#AOR
балкӏан#horse -да#OBL -л#SP -NULL#ESS
кицӏ#dog
кӏан#want -зава#IMPF -ч#NEG
пилте#flake
пара#very
къайинене#mother.in.law -ди#ERG -ни#AND;FOCUS
яхцӏур#fourty
гьа#that,.the.same
хьа#being.AOC
лугь#say -уда#ENT
фу#bread
лагь#say.IMPV
анин#his
вилаят#country -ди#OBL -з#DAT
жув#us а#ERG
сад#one -ни#AND;FOCUS
исабала#Isabala
лагь#say -ай#AOP
за#1sg.ERG
са#one
за#1sg.ERG -ни#AND;FOCUS
ида#him.to -н#GEN
жумледен#Too
тӏва#other
пара#very
арадлай#a.while.after
гада#boy -ни#AND;FOCUS
а#that
вун#2sg.abs а#ERG
лагь#say -ана#AOR
са#one
ашукь#ashuq -ди#ERG
ва#2sg -з#DAT
экъецӏ#reach -ай#AOP -ла#TEMP
вири#Everything да#ERG
руш#girl -ар#PL
аку#look.IMPV
балкӏан#horse -да#OBL -л#SP -NULL#ESS
ава#is -з#DAT
балкӏан#horse -да#OBL -л#SP -NULL#ESS -ни#AND;FOCUS
пара#very
ви#2sg.gen
тир#was
ятӏа#althought -ни#AND;FOCUS
дере#valley -ди#OBL -н#GEN
ида#him.to -н#GEN
къеле#fortress -ди#OBL -з#DAT
алат#pass -да#ENT
мама#mother
за#1sg.ERG -з#DAT
комиссоват#commmissurate -на#AOC
лугь#say -уда#ENT
жув#us а#ERG
лагь#say -ана#AOR
гьикӏ#how
меслят#advice -ди#OBL -в#AD -NULL#ESS
кӏвал#house -е#IN -NULL#ESS
хъсан#good
за#1sg.ERG
чна#1pl.erg
лугь#say -уда#ENT
кӏвал#house -е#IN -NULL#ESS
гьикӏ#how
г#give -уз#INF
за#1sg.ERG
руш#girl
руш#girl -ар#PL -и#ERG -в#AD -NULL#ESS
лугь#say -уда#ENT
къуш#bird
агъуз#down
ак#look -ур#AOP -тӏа#COND
акӏ#like.that
акв#look -азва#IMPF -ни#Q
хуш#like
кӏвал#house -ар#PL а#OBL -NULL#ESS
чӏав#time -а#OBL -л#SP -ай#EL
гъ#bring -ида#FUT
буба#grandfather -ди#ERG
пачагь#king
ахьтин#like.that
хуьр#village -уь#OBL -н#GEN
кьил#chapter -ер#PL
а#that -бур#PL
хагьиш#ask -на#AOR
сада#one
за#1sg.ERG -з#DAT -ни#AND;FOCUS
ина#here -й#PST
белке#maybe
г#give -уда#ENT
цай#fire
кь#catch -ада#FUT -тӏа#COND
лагь#say -ана#AOR
фу#bread -ни#AND;FOCUS
истифаде#use
седакъет#Sedaget
гаф#word
има#this -ни#AND;FOCUS
лугь#say -уда#ENT
са#one
ф#go -ена#AOC
хъф#go.again,return -ена#AOR
ини#here -з#DAT
агат#approach -из#INF
ханум#Ma'am а#ERG
вил#eye -ер#PL
сефер#time -ни#AND;FOCUS
кьве#two
ина#here
зи#1sg.gen
лугь#say -уда#ENT
шей#thing
буба#father
им#he
алуд#away.from
ида#him.to -ни#AND;FOCUS
са#one
акъат#come.out -на#AOR
лугь#say -узва#IMPF
нуьсрет#Nusret
са#one
тухв#take -ана#AOC
яд#water
хьа#happening.AOC
гьах#enter -нава#PERF
хт#return -ана#AOR
кӏватӏ#group
концерт#concert -ар#PL
галаз#with
лагь#say -ана#AOR
ф#go -ена#AOC
мад#more
за#1sg.ERG -ни#AND;FOCUS
вуш#what
тир#was
ашукь#ashuq -ди#OBL -з#DAT
гада#boy
лугь#say -уда#ENT
руш#girl -ар#PL -и#ERG
ашукь#ashuq
ваъ#no
эсас#mainly
пачагь#king
мелим#teacher -ди#ERG
руш#girl
ибур#these
я#cop -ана#AOR
ава#cop
сегьне#stage -да#IN -NULL#ESS
иер#beautiful
хьи#that
накьв#soil
иер#beautiful
пат#side а#OBL -з#DAT
вичин#her
хабар#news
галаз#with
хабар#news
куьн#2pl.abs
сонра#after
направление#direction.(rus)
мороз#frost -ди#OBL -з#DAT
руш#girl а#ERG -ни#AND;FOCUS
гада#boy
жи#our
сят#o'clock -ди#OBL -н#GEN
са#one
бала#baby -яр#PL
иер#beautiful
тир#was
г#give -узва#IMPF
пара#very
балкӏан#horse
гаф#word
шикил#picture
ва#2sg -з#DAT
эвли#married
ида#him.to -з#DAT
вак#pig -ар#PL
ибур#these
лагь#say -ана#AOR
за#1sg.ERG
вич#himself -и#OBL -н#GEN
севастополь#Sevastopol -ди#ERG -з#DAT
лагь#say -ана#AOR
чун#1pl.abs
паб#wife
шикил#picture
яр#sweetheart
пек#cloth -ер#PL
кь#catch -ада#ENT
пек#cloth -ер#PL
узур#shake -на#AOR
дуьнья#world
кицӏ#dog
за#1sg.ERG
хъсан#good
ф#go -ена#AOC
къулдур#robber -ни#AND;FOCUS
ават#fall -ана#AOR
а#that -бур#PL
гада#boy -ди#ERG -ни#AND;FOCUS
вири#all
тӏвар#name -чи#OBL -з#DAT
ма#you.know
лугь#say -уда#ENT
учебка#training -да#IN -NULL#ESS
боеприпас#ammunition
жив#snow
лагь#say -ана#AOR
хъф#go.again,return -изва#IMPF
им#he
хкв#return -еда#ENT
гьа#Yes
лагь#say -ана#AOR
шив#steed
за#1sg.ERG -з#DAT
хъсан#good
вич#himself и#ergative -з#DAT
вич#himself -и#ERG -н#GEN
вич#himself -и#ERG -н#GEN
галаз#with
чун#1pl.abs
лугь#say -уда#ENT
отдыхат#rest -из#INF
кьве#two
окружения#encirclement -да#IN -NULL#ESS
вун#2sg.abs а#ERG
итем#man
чукур#chase -да#FUT
са#one
чил#ground -е#OBL -л#SP -NULL#ESS
эвицӏ.хъийа#GO.DOWN -на#AOR
ма#here.you.go
ва#2sg -з#DAT
вад#five
ава#is -ч#NEG
къв#fall,precipitate -езва#IMPF
уьлкве#country -ди#OBL -з#DAT
ак#look -ур#AOP -тӏа#COND
ата#coming -й#PST
лагь#say -ана#AOR
кӏан#want -зава#IMPF -й#PTCP
лагь#say -ана#AOR
има#this.one
зи#1sg.gen
гъил#hand -я#IN -й#EL
ида#him.to -ни#AND;FOCUS
са#one
ва#2sg -з#DAT
чӏав#time -у#OBL -з#DAT
чка#place -ди#OBL -к#SB -яй#EL
анава#there.from -й#PST
кӏан#want -зава#IMPF
тир#was
ругуд#six
хьа#happened -нава#PERF
чи#1pl.gen
руш#girl
гьабур#them -у#ERG -н#GEN
рекь#die -из#INF
туш#isn't
лезги#Lezgi
ида#her -ни#AND;FOCUS
элкъв#turn.back -езва#IMPF
кьве#two
крар#thing -и#OBL -к#SB -ай#EL
тӏвар#name -ци#OBL -з#DAT
лайих#worthy
лугь#say -уда#ENT
гила#now
агуд#approach -ч#NEG
руш#girl а#OBL -хъ#PT -NULL#ESS
са#one
ак#look -уна#AOC
кицӏ#dog
куда#where
авур#doing.AOP
мама#mother
са#one
са#one
за#1sg.ERG -з#DAT
алцурар#deceive -да#ENT
ава#is
арадлай#a.while.after
къакъуд#remove -на#AOC
яран#Yaran
яд#water
фикирар#think.much -мир#PROH
галаз#with
жен#being
хьи#that
гьам#he
гьи#this
хт#return -ана#AOC
буба#grandfather -ди#ERG
са#one
галат#tire -ана#AOR
гьикӏ#how
вах#sister
са#one
завай#me.from -ни#AND;FOCUS
ма#you.know
лугь#say -узва#IMPF
сакӏа#in.no.way -ни#AND;FOCUS
балкӏан#horse -ди#ERG
ина#here -й#PST
маса#other
г#give -айи#AOP
ахьтин#like.that
цай#fire
къарагъ#stand.up,rise -на#AOR
кӏан#want -зава#IMPF
иер#beautiful
ахъай#open -на#AOC
хва#son -ни#AND;FOCUS
гьикӏ#how
кхьи#write
иси#Isi
эскервил#military.service -и#OBL -з#DAT
къе#today
асуьгьбетар#talk -на#AOR
са#one
руш#girl
ф#go -ена#AOR
мах#folktale -ни#AND;FOCUS
муаллим#teacher -ди#ERG
фу#bread
сабур#patience
инал#here
за#1sg.ERG
пиларама#saw.mill -яр#PL
са#one
эциг#put! -нава#PERF
кьил#chapter -е#OBL -л#SP -NULL#ESS
кьвед#two лагь#say -й#PST
лугь#say -ун#MSD -из#DAT
сад#one
гьуьл#sea -уь#OBL -н#GEN
ф#go -из#IMC
за#1sg.ERG
тир#was
ида#her
польша#Poland -ди#DIR -з#DAT
руш#girl
ида#her -н#GEN
вун#2sg.abs а#ERG
са#one
ф#go -ида#ENT
са#one
аку#look.IMPV
за#1sg.ERG -з#DAT
ааа#uh
и#this -м#ABS
пек#cloth -ни#AND;FOCUS
ак#look -ур#AOP -тӏа#COND
галаз#with
чна#1pl.erg
гьабур#them -у#ERG
гьа#today
гьат#fall.on -на#AOR
берлин#Berlin -ди#DIR -з#DAT
лугь#say -уда#ENT
кьуьзуь#old
гьа#that,.the.same
ава#is -з#DAT
ф#go -ида#FUT -й#PTCP -ла#TEMP
къач#buy -уна#AOC
ав#make,do -уна#AOC
рикӏ#heart а#OBL -л#SP -ай#EL
лугь#say -уда#ENT
нян#evening -и#OBL -н#GEN
руш#girl
эвер#call -ана#AOR
чун#1pl.abs
вилаят#country -ди#OBL -з#DAT
къай#cold -и#ERG
лагь#say -ана#AOR
чна#1pl.erg
луьткве#boat
ат#come -ана#AOC
кӏарас#wood -ар#PL
кс#sleep -ана#AOC
ат#come
кицӏ#dog
лагь#say -ай#AOP -ла#TEMP
лугь#say -уда#ENT
гьам#he
ида#him.to -ни#AND;FOCUS
им#he
чан#dear
вак#pig
вуч#what.do -да#FUT -тӏа#COND
къеле#fortress -ди#OBL -з#DAT
хьтин#like
гада#boy -ди#OBL -хъ#PT -NULL#ESS
ма#you.know
сонра#after
бес#but
лугь#say -уда#ENT
хъсан#good
ат#come -ана#AOC
ибур#these -и#OBL -н#GEN
ак#look -ур#AOP -тӏа#COND
лагь#say -ана#AOR
лагь#say -ана#AOR
са#one
чубан#shepherd
къенд#sugarcube -ер#PL
ава#is -з#DAT
отношение#relationship
чип#themselves -и#ERG -н#GEN
сад#one
лагь#say -ана#AOR
бес#but
йетмиш#seventy
ина#here -й#PST
стха#brother
кьарас#wood
вун#2sg.abs а#ERG
са#one
тагиев#Tagiyev -а#OBL -з#DAT
мугьубат#love
сад#one
а#that -бур#PL
лугь#say -уда#ENT
ахъая#send.away.IMPV
ида#him.to -н#GEN
за#1sg.ERG
хва#son
къван#stone -ер#PL -и#OBL -н#GEN
гъваш#bring.IMPV
ф#go -ида#FUT
яран#Yaran
гъ#bring -ана#AOC
ва#2sg -з#DAT
гала#with -з#DAT
лугь#say -уда#ENT
лугь#say -уда#ENT
тӏва#other
ч#know -изва#IMPF
ф#go -ена#AOR
за#1sg.ERG -з#DAT
туш#cop.PST.NEG
са#one
гьар#every
ава#is -й#PST
жи#our
ахпа#then
лагь#say -ай#AOP -ла#TEMP
лагь#say -ана#AOR
май#May -ди#OBL -з#DAT
хт#return -ана#AOC
а#that
гьуьл#sea -уь#OBL -н#GEN
хт#return -ана#AOR
вааар-девлет#riches
шей#thing -ни#AND;FOCUS
вуч#what -и#ERG -н#GEN
балкӏан#horse -ди#ERG
сефер#time
ф#go -ена#AOC
экъечӏ#appear -нава#PERF
акв#look -азва#IMPF -ни#Q
са#one
литва#Lithuania -ди#OBL -н#GEN
лагь#say -ана#AOR
руш#girl
негъе#evening
за#1sg.ERG -з#DAT
акв#look -азва#IMPF
ибур#these -и#OBL -з#DAT
ви#2sg.gen
кьил#chapter
хт#return -ана#AOC
булах#spring
са#one
гваз#with
виликди#before
чун#1pl.abs
гьама#it.also -ни#AND;FOCUS
лагь#say -ана#AOR
атана.агакь#REACHED
тир#was
арадай#among
гваз#with
ани#that -з#DAT
тир#was
ий#make -изва#IMPF
уьлуьх#extinguish -нава#PERF -ч#NEG
чӏав#time -у#OBL -з#DAT
я#cop -тӏа#COND -ни#AND;FOCUS
чун#1pl.abs
ава#is -з#DAT
къв#come -еда#ENT
са#one
ма#you.know
пара#very
анаг#there
терсина#backwards
шив#steed
тир#was
им#he
ф#go -ена#AOC
везият#condition -ди#OBL -з#DAT
са#one
са#one
эхир#after.all
руш#girl
вич#himself
лагь#say -ана#AOR
къач#buy -уз#IMC
са#one
лугь#say -узва#IMPF
нефер#person
вири#all
гьужум#attack
лугь#say -уда#ENT
лугь#say -уда#ENT
ф#go -изва#IMPF
паекни#ration
им#this
пачагь#king
ава#is
г#give -уда#FUT
са#one
лугь#say -уда#ENT
хейлаг#a.lot
иси#Isi
ктӏун#close -ана#AOR
гуя#as.if
тас#basin
гала#with -з#DAT
авур#doing.AOP
г#give -ана#AOR
хуш#pleasant
гва#have -з#DAT
гьа#today
иеси#owner
агакь#reach -на#AOC
хтар#necklace -ар#PL
сонра#after
ваъ#no
зи#1sg.gen
градус#degree
хьа#be -й#PST -ла#TEMP
хуьр#village -е#IN -NULL#ESS
т-#NEG ав#make,do -унва#PERF -й#PTCP
ва#2sg -з#DAT
вич#himself -и#ERG
жемят#public -ди#ERG
къил#chapter -е#IN -л#SP -NULL#ESS
застава#outpost
ида#he.also -ни#AND;FOCUS
руш#girl
яхцӏур#fourty
лугь#say -уда#ENT
шагьдагъ#Shahdag -ди#OBL -н#GEN
агакь#approach -да#ENT
сутка#24.hour.period
чна#1pl.erg
хабар#news
хъухъ#drink.IMPV
ава#is -з#DAT
т-#NEG ав#make,do -унва#PERF -й#PTCP
эхир#end
польша#Poland -ди#DIR -з#DAT
жив#snow
сифте#first
эвли#marrie
лугь#say -узва#IMPF
хьа#happened -нава#PERF
за#1sg.ERG -з#DAT
гьан#that
ак#look -ун#MSD
сад#one
лагь#say -ана#AOR
рекь#way -е#IN -NULL#ESS
ив#night -и#OBL -з#DAT
чун#1pl.abs
къач#buy -уз#INF
гьа#that,.the.same
лугь#say -узва#IMPF
чун#1pl.abs
галукь#hit
са#one
ковш#ladle
зи#1sg.gen
лакин#but
чна#1pl.erg
кьве#two
са#one
яр#sweetheart
жемят#public -ди#OBL -з#DAT
анжах#only
ф#go -изва#IMPF -й#PTCP
тахтун#throne -а#OBL -л#SP -NULL#ESS
ат#come -анва#PERF -й#PST
т#leave -мир#PROH
ахътин#like.that
пек#cloth -ер#PL
пушкин#Pushkin
гьа#that,.the.same
чими#warm
а#that
жи#our
ида#her
экъецӏ#appear -на#AOC
хва#son
фи#go -ун#MSD
ви#2sg.gen
къунши#neighbor -яр#PL
дахма#shack
ибур#these -у#ERG
ва#2sg -з#DAT
за#1sg.ERG -з#DAT
цай#fire
им#he
лугь#say -уда#ENT
элягъ#take.off -на#AOC
мисмар#nail -ди#OBL -к#SB -ай#EL
кицӏ#dog
къачагъ#robber -ар#PL
лагь#say -ана#AOR
дяве#war
им#he -ни#AND;FOCUS
ваъ#no
сонра#after
чун#1pl.abs
кут#put.under -ада#ENT
пара#very
югъ#day
шагьдагъ#Shahdag -ди#OBL -н#GEN
вич#himself
руш#girl
туьт#throat -ер#PL
ибур#these
лагь#say -ана#AOR
ва#2sg -з#DAT
руш#girl
са#one
гьа#that,.the.same
ма#you.know
акъв#walk -азва#IMPF
вун#2sg.abs а#ERG
лугь#say -уда#ENT
мад#more
уъ#yes
больница#hospital -да#IN -NULL#ESS -ни#AND;FOCUS
немец#german.person -ар#PL -и#OBL -хъ#PT -NULL#ESS
за#1sg.ERG
има#this.one
са#one
има#this.one
тӏва#other
мугьарибе#war
за#1sg.ERG -з#DAT
инсан#man -ри#OBL -з#DAT
ими#uncle -ди#ERG -ни#AND;FOCUS
лугь#say -уда#ENT
хъф#go.again,return -ена#AOR
ахпа#then
сакӏани#in.no.way