niign#the.way
na-#IT. tet-#INC:Ø.IPV:D. shyah#SG.go:PFV
u-#AR.S. nee-#QUAL:DH.PFV:Ø. haal#spend.night:PFV:NOM
ch'itay#old.man
eł#when
nih#say:IPV
noo'#ahead:ALL
jah#here
łįį#dog
eh-#3SG.S:Ø.IPV:H. tii#SG.die:PFV
łįį#dog
k'i-#ON.TRAIL 'ah-#Ø.IPV:2PL.S:Ø. deeł#PL.go:IPV
hih-#3PL.S. nįį-#N.PFV:Ø. deel#PL.go:PFV:NOM
na-#IT. tuu-#3SG.S:INC:OPT. daagn#D:SG.go:OPT:CUST:NOM
jah.dugn#THERE
iin#PL
shiin#summer
chih#also
hah-#NTRL. nǫǫ#ahead:ABL
t'iin#people
ch'-#INDF.PSR. aadeh#older.sister
hu-#3PL.O. u-#CON. et-#DH.PFV:D. sih#be.called:IPV
xa'#EMPH
dii#what
sh-#1SG.O. aadeh#older.sister
chih#also
tsat#wood
s-#1SG.PSR. tsǫǫ#grandmother
da-#INSIDE. nįį-#N.IPV:2SG.S:Ø. haay#SG.go:IPV:IMP
naagn'#eye
hu-#3PL.P. tah#among
shyiit#in
tih-#INC:AA.IPV:1SG.S:Ø. dįįł#do:FUT
hih-#3PL.S. deh-#QUAL:DH.PFV:H. k'an'#be.burning:IPV
ch'ale'#FOC
ay#and
sh-#1SG.PSR. nąą#mother
eh#and
dį'#do:IPV
hi-#3PL.S:Ø.IPV:Ø. dąy#do:IPV:NEG
ts'exeh#woman
na-#CONT. thuu-#SKIN. 'eh-#3SG.S:DH.PFV:H. tįį#handle.AO:PFV
k'ahmann'#morning
hǫǫ-#AR.S:Ø.PFV:Ø. łįį#be:IPV
ch'a#FOC
nuh-#2PL.P. xah#for
łįį#dog
t'eey#ADVZR
eh#and
hu-#3PL.PSR. shyi'#food
shyiign#there
s-#1SG.PSR. tsǫǫ#grandmother
hih-#3PL.S. dii-#QUAL:QUAL:Ø.IPV:Ø. tth'ak#hear:IPV
ch'i-#DIFFERENT. nts'ąą'#how
u-#QUAL:Ø.IPV:Ø. dzeh'ogn#lung
s-#1SG.PSR. tsąy#grandfather
ha-#?. dih-#QUAL:AA.PFV:1SG.S:Ø. 'ąą#handle.CO:PFV
xah#PURP
ay#3SG
ee-#3SG.S:DH.PFV:Ø. dlah#classify.PL.O:IPV
k'ahdu'#now
he-#3PL.S:Ø.IPV:Ø. nih#say:IPV
hǫǫ-#AR.S:Ø.PFV:Ø. łįį#be:IPV
ay#3SG
sta-#AWAY. a-#IT. ch'i-#INDF.O. h-#3PL.S. deh-#QUAL:DH.PFV:H. tįį#handle.LRO:PFV
t'eey#ADVZR
ch'itay#old.man
hu-#3PL.P. 'i-#PP. chi-#PRETEND. jel-#INDF.S:QUAL:DH.PFV:L. nih#say:IPV
eh#and
k'it#on
k'ahdu'#now
y-#3SG.S>3SG.O. uu-#CON:Ø.IPV:Ø. nih#think:IPV
y-#3SG.S>3SG.O. eh-#3SG.S:Ø.IPV:H. t'iah#roast:IPV
a-#ADJC. na-#MED. shyuugn#down:AR
t'ah#also
ts'ikeey#children
k'it#on
sh-#1SG.PSR. ta'#father
y-#3SG.S>3SG.P. eh-#Ø.IPV:H. nih#say:IPV
lah#NEG
sh-#1SG.P. k'eh#in.language.of
sh-#1SG.PSR. chil#younger.brother
na-#IT. tsi-#1PL.S:INC:Ø.IPV:Ø. deeł#PL.go:IPV
ay#3SG
ee-#3PL.S:DH.PFV:Ø. dlah#classify.PL.O:IPV
hǫǫ-#AR.S:Ø.PFV:Ø. łįį#be:IPV
mb-#3SG.P. aa#for
ti-#INTO.WATER. nįį-#N.PFV:Ø. that#SG.experience:PFV
hu-#3PL.P. 'i-#PP. chi-#PRETEND. jel-#INDF.S:QUAL:DH.PFV:L. nih#say:IPV
hǫǫ't'eey#still
shyiit#in
ch'a#FOC
ay.eh#AND.THEN
dheh-#QUAL:DH.PFV:H. xįį#kill.SG.O:PFV
t'eey#ADVZR
ch'iithoo#scraper
di-#REFL.PSR. chinh#stump
t'oot'eey#but
k'eh#following
jah#that