-i-#PST.UV p-#CAUS.AV inggat#makan.sirih
si==#=
ou#saya;.aku
nga#seperti
na#DEF
ki-#EXIST ara#ada
kahah#kakak
nti#ini
matakng#datang
n-#ISA.AV alak#talak
sia#3SG.NOM
singgurua#seperti,.serupa..sebagai;.seperti;.seolah.olah
bas#pernah
n-#ATTR.ST togih#bunting;.hamil;.mengandung
alih#bung
asu#anjing
na#DEF
taik#huh
buid#bukit
me-#NPST.ACH lou#malu
induh#ibu;.induk;.emak
nyawa#nyawa
-i-#PST.ACY -m-#MO.ACY duah#descend
pelanduk#pelanduk
ngi-#ISA.AV gipit#ball.of.food
onu#whatever
ina#itu
pungguah#hantu
induh#ibu;.induk;.emak
saa#isteri;.suami;.bini;.laki
ou#saya;.aku
-in-#PST.ACY m-#MO.ACY ilih#return
na#DEF
in-#PST.UV ala#alah
m-#ATTR.ST olok#ketakutan
ou#saya;.aku
==hu#=SAYA;.AKU
buh#lama;.lampau
k-#ABILITY aap#dapat
kangkukng#kangkung
m-#ISA.AV injarah#penjara
miliug#tinggi
teih#tapi
na#DEF
nti#ini
si==#=
mah#dengan;.sama
na#DEF
siga#PLURAL
induh.amah#ibu.bapa
hai#juga
na#DEF
na#DEF
k-#ABILITY aap#dapat
anggar#sirih;.daun.sirih
m-#MO.ACY ulih#return
katih#di.sini
lahi#lelaki
bali#rumah
baar-baar#sungguh
n-#ISA.AV ajah#langgar
domon#Domon
hei#juga
singgurua#seperti,.serupa..sebagai;.seperti;.seolah.olah
na#DEF
pelanduk#pelanduk
asu#anjing
i-#PST.AV ng-#ISA.AV ompuh#sepupu
ng-#LINKER omol#gumpal
na#DEF
ngin-#DIR -dihit#light.fire
pasi#lagi
ulu#kepala
m-#MO.ACY ulih#return
in-#PST.UV ei#get
na#DEF
na#DEF
lama#orang
ertah#ingin,.ambisi
sahit#sakit
kaadn#berkata
-in-#PST.AV ng-#ISA.AV -atad#hantar;.menghantar
sia#3SG.NOM
nubuh#kemudian
m-#ISA.AV asah#basah
m-#ATTR.ST olok#ketakutan
sida#PLURAL
na#DEF
sidukng#di.bawah
ou#saya;.aku
peg-#HAVING.XED punga#setelah
lama#orang
k-#ABILITY aap#dapat
na#DEF
ina#itu
pedang#pedang
adat#adat
na#DEF
ihi#kami
in-#PST.ACH ibis#selesai -adn#V.>.ADVRS
leidn#lain;.bukan
si==#= elih#anak.lelaki
na#DEF
ou#saya;.aku
ina#itu
ki-#EXIST ara#ada
mati#mati;.meninggal.dunia
meg-#HAB tomu#temu
saa#isteri;.suami;.bini;.laki
diaadn#saya
na#DEF
teih#tapi
matakng#datang
doot-doot#hantu.bangkit
na#DEF
betaan#call
m-#ISA.AV udulih#peduli
ambih#aih
==hu#=SAYA;.AKU
kerai#work
lama#orang
na#DEF
na#DEF
ringah#sebelum,.dahulu
nubuh#kemudian
di#di;.ke;.pada
be-#CONT bali#main
egas#beras
na#now
domon#Domon
n-#ATTR.ST tiligud#menoleh
na#DEF
na#DEF
nubuh#kemudian
ringah#sebelum,.dahulu
ba#EMPHATIC
m-#MO.ACY ohodn#makan
mah#dan
deirdn.na#ALONE
in-#PST.UV ohodn#makan
hei#juga
na#DEF
k-#ABILITY aap#dapat
sia#3SG.NOM
si==#=
m-#ISA.AV iaah#ikut;.mengikut;.berjalan.bersama.sama
hatih#di.sini
kuiih#sana
k-#ABILITY aap#dapat
na#DEF
nu#engkau;.awak;.saudara;.anda
alih#bung
taik#huh
onu#apa
karukng#karung
lama#orang
na#DEF
kandak#hendak
ou#saya;.aku
ndah.pa#BELUM;.BELUM.LAGI;.
duah#descend
meraah#type.of.tree
gulu#dahulu
==ga#=
teih#tapi
kaadn#berkata
kerah#monyet
n-#PST.ACH dedi#happen
==ga#=
ngai#get
ina#itu
saa#isteri;.suami;.bini;.laki
tik#beat
saa#isteri;.suami;.bini;.laki
na#DEF
subai#on.the.contrary
kipiaak#ketiak
liaag#belayar
na#DEF
mbat#evaluative.exclamation.
hei#juga
ki-#EXIST ara#ada
sarip#syarif
poroh#mengatakan
ihi#kami
kuman#pakcik;.bapa.saudara
buid#bukit
orob#belatik
iskul#sekolah
kualih#kuali
na#DEF
-em-#MO.ACY teis#tangis
biaah#ikut;.mengikut;.berjalan.bersama.sama
na#DEF
teih#tapi
ig-#ACY.C2 bajuh#baju;.kemeja
hatih#di.sini
tindiangan#persimpangan
suikng#flowerpecker
alih#bung
na#DEF
n-#ISA.AV alak#talak
g-#ACY.C2 imung#gumpul;.campur;.menghimpunkan
karukng#karung
-i-#PST.UV totok#memotong
asal#asal
bali#rumah
na.haah.na#SEKARANG
hei#juga
-m-#MO.ACY sili#replace
siga#PLURAL
ngai#get
kudat#Kudat
medoot#barang,.benda
na#DEF
sida#PLURAL
na#FOCUS
na#DEF
ngai#get
ng-#ISA.AV imun#cemburu.(orang)
pandi#know
hai#juga
dunyah#dunia,.bumi
na#DEF
beig#air
na#DEF
mulah#zaman.dahulu
dioo#di.sana
miliug#tinggi
louk#fish
ihi#kami
ki-#EXIST ara#ada
ndah#tidak
m-#ISA.AV -oli#beli
ng-#ATTR.ST koon#makanan
lahi#lelaki
set#hanya
==ga#=
alih#bung
saa#isteri;.suami;.bini;.laki
dadi#become
na#DEF
mah#dan
suad#story
tutung#terbakar;.membakar -un#ISA.UV
malik#again
n-#ATTR.ST tuah#tua
pudn#pun,.bahkan
aha#awak;.engkau;.saudara;.anda
na#DEF
lama#orang
-in-#PST.ACY panu#pergi.jalan
na#DEF
na#DEF
na#DEF
nubuh#kemudian
ina#itu
hei#juga
reyda#Reyda
nu#engkau;.awak;.saudara;.anda
==hu#=SAYA;.AKU
m-#MO.ACY ouh#willing
dei#jangan
nggien#di.mana
nubuh#kemudian
m-#ATTR.ST olok#ketakutan
na#DEF
leidn#lain;.bukan
-m-#MO.ACY sili#replace
nubuh#kemudian
siadn#penyu
linda#Linda
m-#MO.ACY ouh#willing
nge-#ISA.AV -reikng#mengerang
na#nya
ny==#=
-in-#PST.AV nge-#ISA.AV saa#isteri;.suami;.bini;.laki
hei#juga
saa#isteri;.suami;.bini;.laki
di#di;.ke;.pada
-in-#PST.AV ng-#ISA.AV iup#meniup
sangup#timun
di#di;.ke;.pada
==ga#=
bali#rumah
se-#SE n-#LINKER toudn#tahun
na#DEF
kei#juga
bas#pernah
kungguakng.buid#TYPE.OF.ANIMAL
bumbukng#bambu,.buluh
ba#EMPHATIC
nti#ini
m-#MO.ACY ien#stay
n-#ISA.AV -uruk#clean.field.after.burning
k-#MULT.NUM esa#satu
kerah#monyet
na#DEF
ndah#tidak
katih#di.sini
ringah.mulah#ZAMAN.DAHULU
mah#dengan;.sama
na#DEF
bohit#burung,.unggas
anu#anu
tidii#dari.sana
pandi#know
m-#MO.ACY ulih#return
alih#bung
-in-#PST.ACY k-#DESIDERATIVE ohodn#makan
i-#PST.AV n-#ISA.AV oluh#chase
diaadn#saya
pusud#saudara
pa#yet
di.soig#DI.DALAM
hei#juga
nge-#ISA.AV -reikng#mengerang
n-#ATTR.ST segah#merah
lama#orang
ny==#=
==ga#=
hei#juga
ndah#tidak
-lepas#dibebaskan -adn#V.>.NMLZ
si==#=
adat#adat
k-#NMLZR ingei#want -n#NMLZR
k-#MULT.NUM esa#satu
guai#kekasih,.belahan.jiwa
nge-#ISA.AV lanag#sadar
na#DEF
pekahas#parts
ulakng#ular
si==#=
na#DEF
deirdn.na#ALONE
lama#orang
sia#3SG.NOM
pa#yet
na#DEF
na#DEF
n-#ISA.AV unu#bakar
m-#MO.ACY ouh#willing
nti#ini
ig-#ACY.C2 kerai#kerja,.pekerjaan
lahi#lelaki
ndah#tidak
poroh#mengatakan
-i-#PST.ACY m-#MO.ACY ulih#return
deirdn.na#ALONE
poroh#mengatakan
ali#lain
mekul#Michael
di#di;.ke;.pada
lipa#Lipa
ngai#get
m-#MO.ACY apit#singgah
mual#Mual
na#DEF
kaadn#berkata
tina#nanti
tuni#badan,.tubuh
libudn#woman
==ga#=
na#DEF
ihi#kami
==ga#=
puudn#tree
nibalu#Gunung.Kinabalu
-in-#PST.ACY k-#DESIDERATIVE ohodn#makan
na#DEF
si==#= elih#anak.lelaki
api#api
m-#ISA.AV uun#minta.diri
suruh#direct
sarah#cara
m-#ISA.AV iaah#ikut;.mengikut;.berjalan.bersama.sama
ndah#tidak
lehad#puas
nu#AUX.UV -an#ISA.UV
pandi#know
mengin#ingin
korok#burung.merbah
utidn#pelir;.zakar
ina#itu
na#DEF
berhei#benar
ndah#tidak
nda#mereka
nge-#ISA.AV rarakng#larang
na#DEF
mual#Mual
na#DEF
se-#SE tengah#setengah
induh#ibu;.induk;.emak
na#DEF
jadi#jadi
daidn#jalan;.denai;.jalan.kecil
lama#orang
sukim#Sukim
sodokng#rata.rata
ndah#tidak
di.sodi#DI.SAMPING
ipus#ekor
ada#ada
rarukng#peti.mati
kahah#kakak
mu-#NPST.ACH tukng#terbakar;.membakar
saa#isteri;.suami;.bini;.laki
di#di;.ke;.pada
lama#orang
na#DEF
-i-#PST.ACY matakng#datang
mulah#zaman.dahulu
==ga#=
na#DEF
kiou#kayu
matakng#datang
na#DEF
tamu#tamu
siga.lama.na#MEREKA
maap#boleh
pasi#lagi
sia#3SG.NOM
nubuh#kemudian
siga.lama.na#MEREKA
lama#orang
ki-#POSS ara#ada
mah#dan
menoon#Menoon
di#di;.ke;.pada
kirab#kelmarin;.semalam
tuhad#tangga
nu#AUX.UV -an#ISA.UV
gaabm#lebih.baik;.tambahan.pula
-i-#PST.UV pusut#bungkus
ina#itu
kaadn#berkata
m-#MO.ACY panu#pergi.jalan
ihi#kami
se-#SE tengah#setengah
na#nya
si==#=
sikng#seperti
hatih#di.sini
na#DEF
na#DEF
na#DEF
kaadn#berkata
induh#ibu;.induk;.emak
barabm#banyak
ohodn#makan
na.haah.na#SEKARANG
di#di;.ke;.pada
ng-#ATTR.ST kasar#kasar
betaan#call
katih#di.sini
deirdn.na#ALONE
hei#juga
nubuh#kemudian
na#DEF
tinggalukng#tangalung
bonggi#Banggi
na#DEF
poroh#mengatakan
komit#menjaga
aa#itulah
m-#ISA.AV -intas#mudah
n-#ISA.AV oluh#chase
na#DEF
dia#sana
ny==#=
diti#sini
asu#anjing
kuiih#sana
di#di;.ke;.pada
-i-#PST.ACY m-#MO.ACY ulih#return
elih#anak.lelaki
meg-#HAB suad#bercakap;.mengata;.cakap
pe-#IMP.AV m-#ISA.AV ahi#pakai
kuiih#sana
sodi#samping,.di.samping
mati#mati;.meninggal.dunia
na#DEF
tereib#Tereib
tirima#terima
ngu-#ISA.AV duaa#doa
nga#seperti
ihi#kami
sikiou#ubi.kayu
hei#juga
tobos#pergi
nd==#BIDAK;.BUKAN= ihi#kami
mah#dengan;.sama
pihaadn#pakaian.
na.haah.na#SEKARANG
kaadn#berkata
depoordn#dapur
punga#COMPL
na#DEF