kâ#ᴅᴇᴍ2.ᴅɪѕᴛ
kä..#ѕᴜʙʀ topwë#little
tü-#Rʟ mnâ#live,.stay -ngö#ᴀᴘᴘʟ ==gö#=1ᴀᴜɢII
në-#ɴᴍʟᴢ1 vë#go -kö#ɴᴍʟᴢ.ᴘᴄFʟ -mü#PᴅiR.HITHER
dapu#piece
ö-#ᴍiᴅ male#hold
bagö#dat=1augII
da#thing
kä..#ѕᴜʙʀ
ni#be ==pe#=ᴄᴏЅ -m#2ᴍiɴII
kä..#ѕᴜʙʀ
tü-#Rʟ mnâ#live,.stay -ngö#ᴀᴘᴘʟ ==gö#=1ᴀᴜɢII
-#3ᴀᴜɢ1 mnâ#be ==ngü#=3ᴀᴜɢIS
tü-#Rʟ pnz'#shoot -bü#FULLY ==pe#=ᴄᴏЅ ==le#=3ᴍiɴIA
yâ#stay -pä#GᴅiR.OUT
nâbö#cross
-#3ᴀᴜɢ1 mnâ#be ==lö#=3ᴀᴜɢIA
ba-#ᴅᴀᴛ ==nge#=1ᴍiɴII
tu#stand -tä#iɴᴛЅ pwë#just
ä#and
amölä#all
ni-#ᴀᴄᴄ ==nge#=1ᴍiɴII
këble#different -ngü#ᴘʟ
do#hang -ne#ᴅЅᴛR -lë#GᴅiR.UP ==pe#=ᴄᴏЅ kë#also -#PᴅiR.YON
zbrlxkz#thirst
ö-#ᴍiᴅ pi#say ==le#=3ᴍiɴIA
më#ᴘʀᴇᴘ
leplë#people
nyë#ᴘᴄFʟ.ʙ&ɢ ==de#=3ᴍiɴII
döka'#demon -ngü#ᴘʟ
töpapa-.(aöâhaiâ)#DOOR
mwelr#fear ==kö#=1ᴀᴜɢI
kë#also
kâ#ᴅᴇᴍ2.ᴅɪѕᴛ
kölë#reach -mü#PᴅiR.HITHER ==le#=3ᴍiɴIA
dötwö#mind ==de#=3ᴍiɴII
pasto#pastor
kä..#ѕᴜʙʀ
mâ#see ==ä#=1ᴍiɴI
në-#ɴᴍʟᴢ1 wë#make -kö#ɴᴍʟᴢ.ᴘᴄFʟ ==de#=3ᴍiɴII
nyë#ᴘᴄFʟ.ʙ&ɢ ==de#=3ᴍiɴII
kölë#know ==ku#=12ᴀᴜɢI
më#ᴘʀᴇᴘ
mëbü#day
më#ᴘʀᴇᴘ
sâ-#ᴘFᴠ
të-#Rʟ.3ᴀᴜɢ ö-#ᴍiᴅ pi#say ==pe#=ᴄᴏЅ ==lö#=3ᴀᴜɢIA
kä..#ѕᴜʙʀ -#3ᴀᴜɢ1 siklu#be.schooled
ä#and
da#thing