atta -ttók -o̱
yoppa
momma
hi -hma̱
-ya̱
holisso.ápisa
hi
a̱yánaka̱
kanohmi -ttók
ik-
mo̱ma
mind
faláma -t
mm~hmm
kaniyohmi
mat
nána
ik-
-chámo
kiyo
pí
tókalhlhi
mihchi -li -h
kano
hitoko̱
chohmi
ikkanáchi̱h
hi -hma̱
hi -hma̱
siyoshi
hokchi -t
m -ako̱
sápa
-kat
attó
tahánóka̱
beadwork
ish-
uh
alhpísotoka̱
set
okl í-
m -ako̱
kiyo
okmanána
sa- shki
báno -h -o̱
-kato
-ma
o̱t
we
illít
hiyohchitokma̱
ilhko -t
-akósh
a̱
o̱t
a̱yatósh
mi̱ti -h
yamm -ako̱
hachi-
alhlhihósh
-ma
kiyo
taposhshik
am
ik-
anóti
-ano
hi
tahli -h
foli
pí
at
to
amohmi
hihóka̱
tahlicha
báno
sam-
ik-
like
school
oh
í-
miya
-ma -k
ittó
pine
to̱ksalí -li
alhíha -t
ona -hma̱
-ato
oklittibá
ish-
sister
nánih
kapassa -kma̱
a̱ya -li -ttók
-bíka -h
mat
alhtáhah
shawwa
awashli
isht
ta̱chi
nánaho̱
chokka
okla
nanih
ma̱ya
hót
kíyoho̱
ahóchi -li -tok
a̱yatósh
alhíha -t
istayyópi
ona -h
binílimo̱mah
barb
himak.nittak
pí
a̱yalikattók
-m -ato
yohmi
i̱-
himo
hito̱
oh
kano
ásh
a̱t
i̱-
hachi-
pishnáto
ábota
ish-
pa̱
hashkít
hiho̱
mule
mo̱ma
hashki
anáto
anóti
oh
basket
ayyówána
syrup
bíkattókakósh
yakni
koni.hata
river
pí
kash
i̱pa
a̱shatósh
akínih
kano
hottopah
ponola
ittahobli -t
ikma̱
mat
yohmi -sh
im-
kíyo
pí
ikb -áchi̱ -hósh
áto̱ksali̱chi
ikka̱na -li -h
okla
fokka -ttók
ahóch -ahí
hihmat
hikma
yeah
il-
chishki
nakfish
il-
hihma
mihch -ína -h
kotcha -li -ttók
áta̱pa -tok
-ma
okfat
anáto
ittónah
okla
yót
kano
im- achokmá -sh
lhopolli -h
apílalí
grade
cane
makáchi -h
yimmih
taha
pí
mm~hmm
a̱yalikattók
a̱ya -li -h
i̱-
ok
hospital
a̱
il-
i̱hohchifo
kil
momma
yohmitokmásh
okl í-
i
hitoko̱
nátah
ittanówa
at
alhlhi
ohóyo -t
cumberland
okla
asháchikma̱
on
kiyo
pí
mm~hmm
á -tok -o̱
piya
mihchikmako̱
ayína
yohmi -sh
taklaka̱
yoho̱mih
himaka̱
átoka̱
nátah
-ak
pisha̱tta
okla
bannakma
anittók
kanimmano
-tok áchíni -ttók
hoyo -kmat
freezer
ikkanali
ikkánilih
mihchi
yohmi -h
hohchifo
iláyonah
holisso.ápisa
míchih
iya -h
hikma̱
il-
il-
o̱t
thomas
-ma
-kat
okla
hókako̱
ohóyo -t
yappa̱
wiháchi -t
sa-
the
makáchi -hma̱
biníli
mm~hmm
ikkanali
á -kma̱
i̱-
á -tok -o̱
am
maká -tok -o̱
courses
uh
sa-
ilhkóli -h
yohmitokmásh
yohmi -h
ah
a̱lhitok
pí
kíyo
ikkanánah
il-
pila -ttók
at
hickory
á -ttók
chohmi
makillatok
ohóyo
pisálikmat
pí
hóka̱
mihchi -li -kmat
biyásha
hokma̱
isht
oh
chíkosassiya
-ma
ná.chinni
couldn
a̱lhi
hóyo -t
mo̱t
dorothy
uhhh
ish
okla
i̱- taka̱li -li -tok
anóti
yohmi -h
hikma̱
hash-
anno̱pa
alla
ísh
abóha
-ato
ittiwáya -ttók
áyaskachih
hitoko̱
-m -ato
nácho̱lih
ohóyo
toklo -sh
yóhmi
pearl
tokash
regular
mo̱mi̱t
á -tok -o̱
ayyásha
ish-
a̱tta -li
pí
tá
nána
anóti
átosh
tahli
ish-
tahli
a -ttók
fokkáli -ka̱
á -kma̱
ish-
kiyo
pí
i̱shitokma̱
east
-híka -ttók
ayiskachi -t
hitoko̱
hapiyassanoh
to̱ksaláchi̱
issa -ttók
isht
itti̱nokówa -h
taha
tosháli
yohmi
ano̱ti
hihma
-kat
yo̱
mihchi -h
-kat
kotcha
nokshópa -híka -ttók
alá -li -ttók
mano
kappolit
yohmi -h -o̱
alitok
okl í-
garden
á
taha -kma̱
ish-
o̱t
a -ttók
ikka̱na -li -h
-ma -k
okla
sann -o -tok
saturday
a̱ya -li -h
hiyátoko̱
á
hi -hma̱
ish-
ilhkoho̱li
hót
i̱-
pa̱
-m -ato
hi
kiyo
uh
chi̱- ki
mi̱ti -li
il-
kíya
uh
faláma -t
achonnáchi -ttók
chishnáto
kaniohmi
anóti
yohmi -h
pí
car
okla
hika̱
okmanána
oh
oh
atta -li -h
iyá -li -h
kiyo
lawa -h
í-
-ak
konihata
itti̱nokówa -h
ano̱poli -t
il-
laird
a̱
-ano
a̱t
ayyówah
makmáko̱
písalih
kíya
banna -h
banna -kma̱
ayyówah
á -kma̱
mihchi -h
okl í-
na
-ma -k
ómmi -kma̱
hiyokásh
cho̱pa -t
kiyo
oka
-ak
-ma
uh
am- achokma -h
i
kiyo
akínitoko̱
iya -tok
okl í-
iyaki̱yoho̱
ittim
o̱t
makallaho̱
hikma̱
4th
cha̱li -h
o̱t
ahni -li -h
il-
a̱yatósh
iláp
imakmanána
mo̱t
i̱pa
hicha
hapim-
anáto
ilappa̱
kiyo̱
hóka̱
kana -t
kiyo̱
ikka̱na
ahni -li -tok -okósh
okla
anáto
-chámo
hi -hma̱
kanimma
yohmi -h
hátokósh
áyo̱ba
cha̱li -h