-i-#PST.UV p-#CAUS.AV inggat#makan.sirih
si==#=
ou#saya;.aku
nga#seperti
na#DEF
ki-#EXIST ara#ada
kahah#kakak
nti#ini
matakng#datang
n-#ISA.AV alak#talak
sia#3SG.NOM
singgurua#seperti,.serupa..sebagai;.seperti;.seolah.olah
bas#pernah
n-#ATTR.ST togih#bunting;.hamil;.mengandung
alih#bung
asu#anjing
na#DEF
taik#huh
buid#bukit
me-#NPST.ACH lou#malu
induh#ibu;.induk;.emak
nyawa#nyawa
-i-#PST.ACY -m-#MO.ACY duah#descend
pelanduk#pelanduk
ngi-#ISA.AV gipit#ball.of.food
onu#whatever
ina#itu
pungguah#hantu
induh#ibu;.induk;.emak
saa#isteri;.suami;.bini;.laki
ou#saya;.aku
-in-#PST.ACY m-#MO.ACY ilih#return
na#DEF
in-#PST.UV ala#alah
m-#ATTR.ST olok#ketakutan
ou#saya;.aku
==hu#=SAYA;.AKU
buh#lama;.lampau
k-#ABILITY aap#dapat
kangkukng#kangkung
m-#ISA.AV injarah#penjara
miliug#tinggi
teih#tapi
na#DEF
nti#ini
si==#=
mah#dengan;.sama
na#DEF
siga#PLURAL
induh.amah#ibu.bapa
hai#juga
na#DEF
na#DEF
k-#ABILITY aap#dapat
anggar#sirih;.daun.sirih
m-#MO.ACY ulih#return
katih#di.sini
lahi#lelaki
bali#rumah
baar-baar#sungguh
n-#ISA.AV ajah#langgar
domon#Domon
hei#juga
singgurua#seperti,.serupa..sebagai;.seperti;.seolah.olah
na#DEF
pelanduk#pelanduk
asu#anjing
i-#PST.AV ng-#ISA.AV ompuh#sepupu
ng-#LINKER omol#gumpal
na#DEF
ngin-#DIR -dihit#light.fire
pasi#lagi
ulu#kepala
m-#MO.ACY ulih#return
in-#PST.UV ei#get
na#DEF
na#DEF
lama#orang
ertah#ingin,.ambisi
sahit#sakit
kaadn#berkata
-in-#PST.AV ng-#ISA.AV -atad#hantar;.menghantar
sia#3SG.NOM
nubuh#kemudian
m-#ISA.AV asah#basah
m-#ATTR.ST olok#ketakutan
sida#PLURAL
na#DEF
sidukng#di.bawah
ou#saya;.aku
peg-#HAVING.XED punga#setelah
lama#orang
k-#ABILITY aap#dapat
na#DEF
ina#itu
pedang#pedang
adat#adat
na#DEF
ihi#kami
in-#PST.ACH ibis#selesai -adn#V.>.ADVRS