one
your
cut INF
say AOR
"Samur" OBL GEN
say AOR
cop
say ENT
one
knowledge
sweet
that
say ENT
is NEG
kilometer
go AOR
take AOC
COME.TILL
before
two
what
necklace PL
chapter OBL PT ESS
stay,remain IN
sit AOC
I
write IMPF
finish
say ENT
you ERG
that
throw ENT
wife
keep,defend AOR
german.person PL OBL GEN AND;FOCUS
bring.again AOR
way,.road OBL SP ESS
sea OBL GEN
2sg.abs
take ENT
and
wound
public OBL DAT AND;FOCUS
present
day
say ENT
out
matchmaker PL AND;FOCUS
say AOR
but
come AOC
go ENT
good
all
her
give
my
was
Holiday PL
how
boy OBL DAT
door
go.down AOR
say AOR
dear
grandfather OBL GEN
say AOR
himself ERG GEN
1sg.gen
cop COND
1pl.abs
two
and.amand
1pl.gen
give FUT
1pl.abs
another OBL DAT
water
appear PERF
heart OBL SP EL
bank OBL SP EL
think.much AOR think.much AOR
chapter OBL SP ESS
say AOR
thought
go INF
that
say AOR
sister
he DAT
happened PERF
give AOC
restaurant OBL DAT
was
1pl.gen
word
1pl.abs
say ENT
say ENT
public OBL DAT AND;FOCUS