ano̱polí#speak,.say,.talk -l#1SI -áchi̱#IRR -h#TNS
mano#that:one
a̱#1sIII
a̱#1sIII
ikhana#learn
ikbi#make -t#PART
anóti#again
-kiya#KIND:OF
makáchi#say. -t#PART
hi#be -hma̱#WHEN
okmanána#WHATEVER.KIND.OF
a̱tta#exist.(of.one) -li#1SI -h#TNS
to̱ksa̱li#work
hashki#my.mother
í-#1PI
hachim-#2PIII
shokshi#watermelon
pí#just
il-#1PI
lha̱kko#be:strong. -t#PART
-ak#LOC
sa-#1SII bíshakni#nose
okla#people
anóti#again
ná#something
tahli#finish. -li#1SI -ttók#REM.PAST
am#1sIII
ná#something
yohmi#do.so,.to.happen -h#TNS
hachi-#2PII
a̱#1sIII
tohchína#be:three
ikhana#learn
kaníya#go.away -li#1SI -ttó#REM.PAST -sh#PART:SS
ikbi#make
okla#people
yohmi#do.so,.to.happen
yohmi#do.so,.to.happen
il-#1PI
chokka#house
ish-#YOU
yohmi#do.so,.to.happen
á-#LOC ikhana#learn -tok#PST
takkon#peach
hi#be -hma̱#WHEN
alhlhi#edge
í-#1PI
osápa#field
okla#people
okla#people
atta#stay,.live.(someplace)
shokshi#watermelon
na#and
to̱ksali#work
í-#1PI
ma̱ya#exist.(of.three.or.more).
cho#or
illi#die. -to#NOM2
il-#1PI
tohchína#be:three
ano̱polí#speak,.say,.talk -l#1SI -áchi̱#IRR -h#TNS
ilokka#clothes
hash-#2PI
imma#towards
tamáha#town
-ka̱#COMP:DS
-oka̱#SINCE:DS
m#that -ako̱#CON:AC
hót#look.for
ma̱ya#exist.(of.three.or.more).
ilhkóli#go.(of.three.or.more). -tok#PST -o̱#FOC:DS
am#1sIII
nátah#what?
ít#toward
il-#1PI
to̱ksali#work
tamáha#town
wák#cow
ano̱ti#again
-ato#NOM2
okla#people
hokchi#plant. -h#TNS
okla#people
ano̱ti#again
isht#ins
-kiya#KIND:OF
ano̱ti#again
iya#go -h#TNS -o̱#Q
áchi#say -tok#PST
m#that -ako̱#CON:AC
ná#something
atta#stay,.live.(someplace) -ttók#REM.PAST -o̱#Q
alla#child
iyá#go -li#1SI
bók#creek
ittiwáya#marry -hmat#WHEN
iya#go
panóla#cotton
hashki#my.mother
kanimma#somewhere