ano̱polí#speak,.say,.talk -l#1SI -áchi̱#IRR -h#TNS
mano#that:one
a̱#1sIII
a̱#1sIII
ikhana#learn
ikbi#make -t#PART
anóti#again
-kiya#KIND:OF
makáchi#say. -t#PART
hi#be -hma̱#WHEN
okmanána#WHATEVER.KIND.OF
a̱tta#exist.(of.one) -li#1SI -h#TNS
to̱ksa̱li#work
hashki#my.mother
í-#1PI
hachim-#2PIII
shokshi#watermelon
pí#just
il-#1PI
lha̱kko#be:strong. -t#PART
-ak#LOC
sa-#1SII bíshakni#nose
okla#people
anóti#again
ná#something
tahli#finish. -li#1SI -ttók#REM.PAST
am#1sIII
ná#something
yohmi#do.so,.to.happen -h#TNS
hachi-#2PII
a̱#1sIII
tohchína#be:three
ikhana#learn
kaníya#go.away -li#1SI -ttó#REM.PAST -sh#PART:SS
ikbi#make
okla#people
yohmi#do.so,.to.happen
yohmi#do.so,.to.happen
il-#1PI
chokka#house
ish-#YOU
yohmi#do.so,.to.happen
á-#LOC ikhana#learn -tok#PST
takkon#peach
hi#be -hma̱#WHEN
alhlhi#edge
í-#1PI
osápa#field
okla#people
okla#people
atta#stay,.live.(someplace)
shokshi#watermelon
na#and
to̱ksali#work
í-#1PI
ma̱ya#exist.(of.three.or.more).
cho#or
illi#die. -to#NOM2
il-#1PI
tohchína#be:three
ano̱polí#speak,.say,.talk -l#1SI -áchi̱#IRR -h#TNS
ilokka#clothes
hash-#2PI
imma#towards
tamáha#town
-ka̱#COMP:DS
-oka̱#SINCE:DS
m#that -ako̱#CON:AC
hót#look.for
ma̱ya#exist.(of.three.or.more).
ilhkóli#go.(of.three.or.more). -tok#PST -o̱#FOC:DS
am#1sIII
nátah#what?
ít#toward
il-#1PI
to̱ksali#work
tamáha#town
wák#cow
ano̱ti#again
-ato#NOM2
okla#people
hokchi#plant. -h#TNS
okla#people
ano̱ti#again
isht#ins
-kiya#KIND:OF
ano̱ti#again
iya#go -h#TNS -o̱#Q
áchi#say -tok#PST
m#that -ako̱#CON:AC
ná#something
atta#stay,.live.(someplace) -ttók#REM.PAST -o̱#Q
alla#child
iyá#go -li#1SI
bók#creek
ittiwáya#marry -hmat#WHEN
iya#go
panóla#cotton
hashki#my.mother
kanimma#somewhere
afammi#year
ano̱ti#again
ish-#YOU
-ka̱#COMP:DS
kíyo#no
koloffi#cut
pí#just
ishit#ins
nani#fish
táhli#finish:ygr
-chámo#LONG:AGO
yohmi#do.so,.to.happen
fokka.lo̱bo#SHIRT
pí#just
másh#that.one
hokchi#plant. -h#TNS
si̱ti#snake
ish-#YOU
il-#1PI
hattak#husband
mi̱ti#come
yohmi#do.so,.to.happen -h#TNS
il-#1PI
il-#1PI
ano̱ti#again
yohmi#do.so,.to.happen
íshi#get -hma̱#WHEN
tobi#beans
hi#be -hma̱#WHEN
akka#down
m#that -ako̱#CON:AC
-m#DEM -ato#NOM2
alla#child
anóti#again
ápitta#put.(more.than.one.thing).in. -h#TNS
mo̱ma#still -h#TNS
okla#people
siy-#1SII á#be -h#TNS
a̱tta#exist.(of.one) -li#1SI -h#TNS
yohmi#do.so,.to.happen -h#TNS
m#that -ako̱#CON:AC
oklil#we
ish-#YOU
-ka̱#COMP:DS
alla#child
-ato#NOM2
ná#something
-ka̱#COMP:DS
fokáli#approximately -h#TNS
alhíha#group
ná#something
okla#people
okla#people
hokchi#plant. -ttók#REM.PAST -o̱#Q
ásh#prev
m#that -ako̱#CON:AC
yimmih#believe
il-#1PI
okla#people
iya#go -h#TNS -o̱#Q
chishnáto#you:nom2
hash-#2PI
malhlhih#indeed
chokka#house
nána#something
yohmi#do.so,.to.happen
-m#DEM -ato#NOM2
ishit#ins
másh#that.one
-ako̱#CON:AC
panóla#cotton
-ato#NOM2
m#that -ako̱#CON:AC
am#1sIII
fokka#dress
ayyásha#reside.(plural.subject) -h#TNS
nani#fish
hash-#2PI
osápa#field
kíyo#no
-m#DEM -ato#NOM2
mi̱ti#come
-hátoko̱#BECAUSE:DS
isht#ins
ta̱chi#corn
bacha̱ya#be:in.a.row
okla#people
il-#1PI
ná#something
chi̱#2sIII
pa#here,.this -aki̱li#OWN -h#TNS
nani#fish
ít#toward
ta̱chi#corn
-ako̱#CON:AC
banna#want -kma̱#IRR:DS
okla#people
a̱#1sIII
iskitíni#little
pí#just
-bíka#USED:TO -tok#PST
anóti#again
hi#be -hma̱#WHEN
ano̱ti#again
onnahi̱li#morning
anól#tell.
ka̱ha#lying:down
yohmi#do.so,.to.happen -h#TNS
shawwa#bush
ná#something
ayyówah#pick.up.(off.the.ground).
himak.nittak#TODAY,.THIS.DAY
yakni#land
mishsha#two.time.periods.before.or.after
nána#something
fokka#dress
oklil#we
ná#something
-ka̱#COMP:DS
ittahobli#pick.up -t#PART
alikchi#doctor
il-#1PI
isht#ins
a̱#1sIII
hapi̱-#1MPIII
anóti#again
okla#people
wák#cow
tahli#finish. -kmat#IRR:SS
okla#people
to̱ksa̱li#work
-ako̱#CON:AC
to̱ksali#work. -sh#PART:SS
-ka̱#COMP:DS
másh#that.one
ta̱chi#corn
isht#ins
alhíha#group
a̱sha#be:(of.three.or.more)
chá#ss
okmanána#WHATEVER.KIND.OF
at#subject:marker
issa#close -hma̱#WHEN
yohmi#do.so,.to.happen
aha̱chi#say:hn.gr
ilokka#clothes
ishit#ins
chokka#house
iti#wood
-ano#ACC:TOP
fokka#dress
táha#be:finished -hma̱#WHEN
okla#people
okla#people
alhlhi#edge
ikhana#learn
haklo#hear,.listen
ka̱chak#barn
í-#1PI
alhíha#group
illa#only
il-#1PI
nána#something
panóla#cotton
anóti#again
-ano#ACC:TOP
ayyásha#reside.(plural.subject) -h#TNS
ilhkóli#go.(of.three.or.more).
kanómi#be:some:amount -kma̱#IRR:DS
chokka#house
náhollo.anno̱pa#ENGLISH:LANGUAGE
hachim-#2PIII
ish-#YOU
chi̱-#2SIII ki#father
il-#1PI
anóti#again
hasháyachi#cause.to.sulk
ka̱ha#lying:down
okla#people
okla#people
-ka̱#COMP:DS
á#be -ttók#REM.PAST
siy-#1SII á#be -h#TNS
-akíni#INDEED -tok#PST -ósh#SS
ish-#YOU
a̱#1sIII
okla#people
tahli#finish.
ishit#ins
kotcha#go.outside.
ilhkóli#go.(of.three.or.more). -kmat#IRR:SS
kani#somewhere
-ka̱#COMP:DS
-ano#ACC:TOP
ish-#YOU
-ako̱#CON:AC
okma̱#and:then
bók#creek
ilhkóli#go.(of.three.or.more).
iyá#go -li#1SI
na#and
pih#just
pilla#distance
ish-#YOU
tobi#beans
yamma#that
ish-#YOU
ikkaná#learn -li#1SI -h#TNS
a#be -ttók#REM.PAST
taposhshik#basket
-m#DEM -ato#NOM2
abíya#go:up -t#PART
ná#something
katímina#why,.how.come
chishnáto#you:nom2
malhlhih#indeed
yohmi#do.so,.to.happen -h#TNS
kani#somewhere
iti#wood
hi#be -hma̱#WHEN
-m#DEM -ato#NOM2
sa-#1SII nakfish#younger:sib
ná#something
osápa#field
alla#child
ano̱polí#speak,.say,.talk -l#1SI -áchi̱#IRR -h#TNS
il-#1PI
mo̱ma#still
bók#creek
chá#ss
ish-#YOU
pí#just
chishnáto#you:nom2
ish-#YOU
am#1sIII
hi#be -hma̱#WHEN
ahóch#find. -ahí#IRR2
alla#child
afammi#year
yohmi#do.so,.to.happen
kani#somewhere
-ano#ACC:TOP
a#be -ttók#REM.PAST
am#1sIII
mi̱ti#come -li#1SI
kati#thorn
il-#1PI
-bíka#USED:TO -tok#PST
ishit#ins
hapi̱-#1MPIII
ish-#YOU
oka#water
-ka̱#COMP:DS
am#1sIII
okla#people
-ka̱#COMP:DS
illa#only
tahli#finish.
ano̱ti#again
alhíha#group
-kiya#KIND:OF
ayyásha#reside.(plural.subject) -h#TNS
ish-#YOU
ish-#YOU
taposhshik#basket
hót#look.for
habli#kick
shilosh#shoes
ná#something
í-#1PI
yohmi#do.so,.to.happen
ish-#YOU
am#1sIII
ish-#YOU pa#eat.(a.specific.food) -kma̱#IRR:DS
taposhshik#basket
ish-#YOU
kíyo#no
ná#something
ish-#YOU
ish-#YOU
ná#something
kaníya#really -ttók#REM.PAST
iksho#zero
ano̱poli#speak,.say,.talk -h#TNS
yohmi#do.so,.to.happen -h#TNS
afammi#year
hi#be -hma̱#WHEN
anóti#again
onna#morning
í-#1PI
isht#ins
chá#ss
taklaka̱#alongside
í-#1PI
ano̱poli#speak,.say,.talk -t#PART
-ako̱#CON:AC
ittanówa#walk.together
okla#people
kanohmi#how
-ano#ACC:TOP
okla#people
iya#go
okmanána#WHATEVER.KIND.OF
okla#people
achokma#good -ána#POT
anóti#again
-hósh#PART:SS
pí#just
chokka#house
kotcha#go.outside.
yohmi#do.so,.to.happen -h#TNS
wishakchi#tip
shippa#evaporate
nani#fish
katimma#which -k#LOC
m#that -ako̱#CON:AC
m#that -ako̱#CON:AC
hopóni#cook.
nánakma̱#anything
ittatoklo#be:together.as.a.couple.or.married
nána#something
alla#child
isht#ins
-ya̱#ACC
fokáli#approximately -h#TNS
hattak#husband
anóti#again
at#subject:marker
okla#people
ish-#YOU
okla.áyásha#COMMUNITY
hi#be -hma̱#WHEN
anóti#again
to̱ksalí#work. -chi#CAUS -h#TNS
m#that -ako̱#CON:AC
m#that -ako̱#CON:AC
ano̱poli#speak,.say,.talk -t#PART
áchih#say.
hokchi#plant. -h#TNS
-ak#LOC
ish-#YOU
í-#1PI
yohmi#do.so,.to.happen -h#TNS
am#1sIII
kíyo#no
alhíha#group
iya#begin:to -t#PART
iyá#go -li#1SI
ilhkóli#go.(of.three.or.more).
ná#something
ikhaná#learn -li#1SI -hmat#WHEN
yohmi#do.so,.to.happen -h#TNS
a̱#1sIII
-ato#NOM2
hash-#2PI
hash-#2PI
okla#people
ít#toward
kíyo#no
ish-#YOU
bilásapi#sugarcane
yakni#land
bók.chito#BOGUE.CHITTO
il-#1PI
takla#near.to
í-#1PI
a̱#1sIII
-ato#NOM2
-ya̱#ACC
ná#something
hash-#2PI
okla#people
táhli#finish:ygr
-ya̱#ACC
chokka#house
nána#something
-ato#NOM2
nani#fish
m#that -ako̱#CON:AC
alhlhi#edge
pí#just
másh#that.one
a̱tta#exist.(of.one) -li#1SI
aha̱shwa#stay.at,.live.at.(of.two) -kma̱#IRR:DS
il-#1PI
hót#look.for
hót#look.for
okla#people
ish-#YOU
illi#die.
ikhana#learn
yohmi#do.so,.to.happen
il-#1PI
okla#people
isht#ins
tahli#finish. -li#1SI -ttók#REM.PAST
alla#child
-ya̱#ACC
-ato#NOM2
a̱h#yes
oshta#four -kma̱#IRR:DS
ma̱ya#exist.(of.three.or.more).
akkíya#go:down -t#PART
afammi#year
hokchi#plant. -ttók#REM.PAST -o̱#Q
shippa#evaporate
okmanána#WHATEVER.KIND.OF
am#1sIII
í-#1PI
kanómi#be:some:amount -kma̱#IRR:DS
chá#ss
kotchi#get.out,.take.out -tok#PST
faláma#return -t#PART
-ya̱#ACC
il-#1PI
-ako̱#CON:AC
ahóch#find. -ahí#IRR2
hi#be -hma̱#WHEN
iti#wood
ilhkóli#go.(of.three.or.more).
kani#somewhere
í-#1PI
hapi̱-#1MPIII
a̱#1sIII
bók.chito#BOGUE.CHITTO
nána#something
am#1sIII
ahwa#think.(perhaps),.to.reckon -h#TNS
pí#just
holisso.ápisa#SCHOOL
abóha#room
-ka̱#COMP:DS
ohóyo#woman
am#1sIII
katimma#which -k#LOC
nátah#what?
hi#be -hma̱#WHEN
ittika̱chi#be:separated.(as.a.man.and.wife). -ttók#REM.PAST
ish-#YOU
ish-#YOU
yohmi#do.so,.to.happen -h#TNS
-hátoko̱#BECAUSE:DS
ikka̱na#understand,.to.know -li#1SI -h#TNS
malhlhih#indeed
pí#just
-ano#ACC:TOP
faláma#return -t#PART
tík#female
himak.nittak#TODAY,.THIS.DAY
okla#people
il-#1PI
ikka̱na#understand,.to.know -li#1SI -h#TNS
hapim-#1MPIII
okla#people
pí#just
kati#thorn
okla#people
tahli#finish. -ttók#REM.PAST
pa#here,.this -aki̱li#OWN -h#TNS
-ak#LOC
-ka̱#COMP:DS
áchih#say.
í-#1PI
chá#ss
m#that -ako̱#CON:AC
katash#who
a̱sha#be:(of.three.or.more)
chohmi#kind:of -ttók#REM.PAST
-oka̱#SINCE:DS
il-#1PI
í-#1PI
afammi#year
to̱ksali#work
am#1sIII
apíla#help,.assist. -h#TNS
oka#water
ikbi#make
kanimma#somewhere
shokshi#watermelon
hokchi#plant. -h#TNS
ahwa#think.(perhaps),.to.reckon -h#TNS
at#subject:marker
ish-#YOU
faláma#return -t#PART
ikka̱na#understand,.to.know -li#1SI -h#TNS
il-#1PI
il-#1PI
iksho#not:exist -hma̱#WHEN
iya#go -kato#COMP:SS
foha#retire -ttók#REM.PAST -o̱#Q
ná#something
osápa#field
bacha̱ya#be:in.a.row
-ako̱#CON:AC
panóla#cotton
ittanówa#walk.together
m#that -ako̱#CON:AC
hachim-#2PIII
hi#be -hma̱#WHEN
ná#something
illi#die. -ttók#REM.PAST
m#that -ako̱#CON:AC
achokma#good -ána#POT
pí#just
anóti#again
ná#something
pí#just
ahwa#think.(perhaps),.to.reckon -h#TNS
chohmi#kind:of -ttók#REM.PAST
chishnáto#you:nom2
ná#something
yohmi#do.so,.to.happen
am#1sIII
kani#somewhere
hapim-#1MPIII
am#1sIII
am#1sIII
chokka#house
yohmi#do.so,.to.happen -h#TNS
í-#1PI
okla#people
il-#1PI
másh#that.one
siy-#1SII á#be -h#TNS
katash#who
-ka̱#COMP:DS
na#and
ohóyo#woman
m#that -ako̱#CON:AC
il-#1PI
alla#child
ná#something
la̱wa#be:many
ish-#YOU
-m#DEM -ato#NOM2
onna#morning
pisa#look -li#1SI -kmat#IRR:SS
hi#be -hma̱#WHEN
iti#wood
áchi#say -l#1SI -áchi̱#IRR -h#TNS
áchih#say.
bash#cut.(with.a.knife,.broken.glass). -t#PART
il-#1PI
-hósh#PART:SS
nána#something
a̱#1sIII
yohmi#do.so,.to.happen
ano̱ti#again
awashli#fry.
pis#look -t#PART
í-#1PI
afammi#year
hi#be -hma̱#WHEN
okmanána#WHATEVER.KIND.OF
il-#1PI
-ak#LOC
ásh#prev
hi#be -hma̱#WHEN
fíhnah#very
alhlhi#edge
il-#1PI
áchih#say.
íshi#get -hma̱#WHEN
a#be -ttók#REM.PAST
kanimmakósh#when:indef
naksika#somewhere:else
mihch#do -ína#CAN -h#TNS
kotcha#go.outside.
ayyásha#reside.(plural.subject) -h#TNS
hokchi#plant. -t#PART
anóti#again
yohmi#do.so,.to.happen -h#TNS
nakfish#younger:sib
-ano#ACC:TOP
m#that -ako̱#CON:AC
chi̱-#2SIII ki#father
alla#child
-ato#NOM2
oklil#we
haklo#hear,.listen
tahli#finish.
-híka#USED:TO -ttók#REM.PAST
hash-#2PI
nánomi#something:happen
hikkiki̱ya#walk.around -h#TNS
okla#people
at#subject:marker
yohmi#do.so,.to.happen -h#TNS
a̱tta#exist.(of.one) -li#1SI -h#TNS
illi#die.
ish-#YOU
ahwa#think.(perhaps),.to.reckon -h#TNS
taná#weave -li#1SI -h#TNS
-kiya#KIND:OF
-ato#NOM2
acho̱li#sew
-ano#ACC:TOP
chishnáto#you:nom2
í-#1PI
ola#far:off
hash-#2PI
hi#be -hma̱#WHEN
hi#be -hma̱#WHEN
chishba#unsure
afammi#year
nátah#what?
ish-#YOU
ano̱poli#speak,.say,.talk
onna#morning
to̱ksali#work
nána#something
at#subject:marker
pí#just
iyá#go -li#1SI
ano̱ti#again
atta#stay,.live.(someplace)
tahli#finish. -kmat#IRR:SS
il-#1PI
am-#1SIII ihaksi#forget
chi̱-#2SIII ki#father
píhi̱sa#see:hn -li#1SI -kmat#IRR:SS
ayína#too,.also
ish-#YOU
ilhkóli#go.(of.three.or.more). -hma̱#WHEN
-ka̱#COMP:DS
ná#something
imma#towards
hash-#2PI
iskitíni#little -ka̱#COMP:DS
yohmi#do.so,.to.happen
hashki#my.mother
m#that -ako̱#CON:AC
ít#toward
ohóyo#woman
ná#something
bacháli#put.(one).in.a.row -h#TNS
nána#something
ayyásha#reside.(plural.subject)
áta̱pa#be:more:than -tok#PST
hi#be -hma̱#WHEN
okmanána#WHATEVER.KIND.OF
ayi̱na#too,.also
okla#people
ish-#YOU
-kiya#KIND:OF
okla#people
-ato#NOM2
hi#be -hma̱#WHEN
ilhkóli#go.(of.three.or.more).
nána#something
siy-#1SII á#be -h#TNS
kiyo#no -kásh#COMP:PREV
okla.áyásha#COMMUNITY
iti#wood
onna#morning
anóti#again
il-#1PI
a̱#1sIII
pilla#distance
ittiwáya#marry -ttók#REM.PAST
ahwa#think.(perhaps),.to.reckon -h#TNS
faláma#return -t#PART
illi#die.
si̱ti#snake
chá#ss
okla#people
nonáchi#bake,.cook
chishnáto#you:nom2
ano̱poli#speak,.say,.talk -h#TNS
-chámo#LONG:AGO
il-#1PI
tahli#finish. -li#1SI -h#TNS
anóti#again
a̱ya#be:here
-ako̱#CON:AC
ish-#YOU
nátah#what?
-bíka#USED:TO -tok#PST
í-#1PI
ish-#YOU
ná#something
ahwa#think.(perhaps),.to.reckon -h#TNS
yakni#land
ish-#YOU
tahli#finish. -ttók#REM.PAST
ásh#prev
ittiwáya#marry -hmat#WHEN
atta#stay,.live.(someplace)
nána#something
tobi#beans
a#be -ttók#REM.PAST
ti.chanalli#WAGON
is-#YOU sa̱-#1SIII
chishki#your:mother
im-#III achokmá#feel.good,.happy -sh#PART:SS
m#that -ako̱#CON:AC
ayína#too,.also
nána#something
osápa#field
hapi̱-#1MPIII
bash#cut.(with.a.knife,.broken.glass). -t#PART
másh#that.one
a̱h#yes
yohmi#do.so,.to.happen -h#TNS
afammi#year
tobi#beans
afammi#year
ta̱kla#before
a̱ya#be:here -li#1SI -ttók#REM.PAST
áchih#say.
chi̱-#2SIII ki#father
isht#ins
hi#be -hma̱#WHEN
hi#be -hma̱#WHEN
á#be -ttók#REM.PAST
a̱#1sIII
ná#something
á#be -ttók#REM.PAST
í-#1PI
chi̱-#2SIII ki#father
panóla#cotton
nakfish#younger:sib
nána#something
nátah#what?
nani#fish
hohchifo#name
il-#1PI
-ano#ACC:TOP
a̱sha#be:(of.three.or.more)
ná#something
ma̱ya#exist.(of.three.or.more).
abohlih#woods
hokchi#plant. -t#PART
hi#be -hma̱#WHEN
yakni#land
okla#people
-ka̱#COMP:DS
hi#be -hma̱#WHEN
ásh#prev
hohchifo#name
-ak#LOC
panóla#cotton
panóla#cotton
ma̱ya#exist.(of.three.or.more). -t#PART
hokchi#plant. -h#TNS
ná#something
pí#just
il-#1PI
to̱ksalí#work. -l#1SI -íchi̱#IRR -kmat#IRR:SS
í-#1PI
áhokchi#garden
ano̱ti#again
ayína#too,.also
másh#that.one
m#that -ako̱#CON:AC
a̱shwa#exist.(of.two)
kiyo#no -t#PART
-ka̱#COMP:DS
ma̱ya#exist.(of.three.or.more).
hash-#2PI
anóti#again
panóla#cotton
okla#people
okla#people
ishit#ins
oshi#son
si̱ti#snake
a̱tta#exist.(of.one) -li#1SI -h#TNS
-ka̱#COMP:DS
-hátoko̱#BECAUSE:DS
at#subject:marker
bilásapi#sugarcane
m#that -ako̱#CON:AC
il-#1PI
-ka̱#COMP:DS
at#subject:marker
ásh#prev
ilhkóli#go.(of.three.or.more).
na#and
chá#ss
bók#creek
makáchi#say. -t#PART
kíyo#no
il-#1PI
ásh#prev
at#subject:marker
il-#1PI
onna#morning
himi̱tta#be:young.(sg..or.pl.).(pl..himittowa)
il-#1PI
hoyo#look.for -t#PART
mitaffi#make.bleed
faláma#return -t#PART
imma#towards
il-#1PI
chohmi#kind:of
ikbi#maker
a̱tta#exist.(of.one) -li#1SI -h#TNS
il-#1PI
hi#be -hma̱#WHEN
ta̱chi#corn
okla#people
kanimma#somewhere
-ak#LOC
-ka̱#COMP:DS
okla#people
bacháya#get.in.a.row.(of.one)
okmanána#WHATEVER.KIND.OF
chishki#your:mother
lha̱kko#be:strong. -t#PART
-ato#NOM2
yaha̱ya#cry. -hma̱#WHEN
isht#ins
okla#people
illi#die. -ttók#REM.PAST
bacháya#get.in.a.row.(of.one)
iti#wood
illi#die.
ayyásha#reside.(plural.subject)
to̱ksali#work
ta̱chi#corn
ish-#YOU
-ka̱#COMP:DS
ohóyo#woman
okla#people
a̱#1sIII
ilhkóli#go.(of.three.or.more). -kmat#IRR:SS
ish-#YOU
a̱sha#be:(of.three.or.more)
ahwa#think.(perhaps),.to.reckon -h#TNS
áhokchi#garden
okla#people
afammi#year
-ka̱#COMP:DS
yohmi#do.so,.to.happen -h#TNS
sa-#1SII shki#mother
a̱#1sIII
faláma#return -t#PART
okla#people
oshta#four
ayyásha#reside.(plural.subject) -h#TNS
ahíka#DEBT
í-#1PI
isht#ins
hokchi#plant. -h#TNS
a̱sha#be:(of.three.or.more)
nani#fish
ish-#YOU
cho̱pa#buy.
ná#something
pí#just
ikkaná#learn -li#1SI -h#TNS
iskitíni#little -ka̱#COMP:DS
ma̱ya#exist.(of.three.or.more).
okl#people
mi̱ti#come
a̱#1sIII
-m#DEM -ato#NOM2
a#be -ttók#REM.PAST
-ak#LOC
ayyówah#pick.up.(off.the.ground).
ásh#prev
ano̱ti#again
banna#want -hma#WHEN
osápa#field
kanimma#somewhere
pa#here,.this -aki̱li#OWN -h#TNS
nána#something
il-#1PI
chíkosi.alhlhi.ka̱#FOR.A.LITTLE.WHILE
ma̱ya#exist.(of.three.or.more).
alla#child
chishnáto#you:nom2
chokka#house
okla#people
am#1sIII
-ako̱#CON:AC
ikka̱na#understand,.to.know
ish-#YOU
ittiyápishi#sibling
nátah#what?
pí#just
-hátoko̱#BECAUSE:DS
pí#just
anóti#again
tahli#finish.
anóti#again
iya#go
ittonáchi#arrive:du -hma̱#WHEN
a#be -ttók#REM.PAST
okla#people
hilha#dancer
chokka#house
il-#1PI
hikkiki̱ya#walk.around -h#TNS
banna#want -kma̱#IRR:DS
komóta#be:fearful.
okla#people
na#and
taná#weave -li#1SI -h#TNS
ná#something
isht#ins
himak.nittak#TODAY,.THIS.DAY
yohmi#do.so,.to.happen
okla#people
nána#something
-ako̱#CON:AC
illi#die.
kotcha#go.outside.
hapi̱-#1MPIII
ano̱ti#again
oshta#four -kma̱#IRR:DS
ná#something
m#that -ako̱#CON:AC
a̱h#yes
hi#be -hma̱#WHEN
hash-#2PI
himáka̱#now
il-#1PI
a̱h#yes
yohmi#do.so,.to.happen
okla#people
anóti#again
-ka̱#COMP:DS
-ano#ACC:TOP
ikka̱na#understand,.to.know -li#1SI -h#TNS
í-#1PI
ish-#YOU
áy-#LOC ala#arrive.(here) -ttók#REM.PAST
il-#1PI
am#1sIII
a̱ya#be:here -l#1SI -íka#USED:TO -ttók#REM.PAST
imma#towards
nátah#what?
m#that -ako̱#CON:AC
taposhshik#basket
ma̱ya#exist.(of.three.or.more). -t#PART
báno#altogether
alla#child
ít#toward
alla#child
ano̱ti#again
-ako̱#CON:AC
-ano#ACC:TOP
hi#be -hma̱#WHEN
malhlhih#indeed
okla#people
hashki#my.mother
ma̱ya#exist.(of.three.or.more).
chishki#your:mother
-bíka#USED:TO -tok#PST
iyá#go -li#1SI
shahwa#bush
-bíka#USED:TO -tok#PST
-ka̱#COMP:DS
nána#something
-ak#LOC
ano̱poli#speak,.say,.talk -t#PART
-chámo#LONG:AGO
anóti#again
ná#something
okla#people
yohmi#do.so,.to.happen
a̱#1sIII
-m#DEM -ato#NOM2
yohmi#do.so,.to.happen -h#TNS
nána#something
iksho#zero
nani#fish
banna#want -kma̱#IRR:DS
yohmi#do.so,.to.happen
okla#people
afammi#year
ayyówah#pick.up.(off.the.ground).
foli#switch
a̱h#yes
tahli#finish. -kmat#IRR:SS
ta̱chi#corn
m#that -ako̱#CON:AC
hi#be -hma̱#WHEN
ish-#YOU
bilásapi#sugarcane
nátah#what?
na#and
okla#people
ála#arrive:y.gr -li#1SI -h#TNS
mishsha#two.time.periods.before.or.after
-hátoko̱#BECAUSE:DS
nátah#what?
il-#1PI
yohmi#do.so,.to.happen -h#TNS
okla#people
ná#something
kaníya#really -ttók#REM.PAST
il-#1PI
ahwa#think.(perhaps),.to.reckon -h#TNS
takla#near.to
fokáli#approximately -h#TNS
ish-#YOU
-ka̱#COMP:DS
ná#something
onna#morning
aha̱shwa#stay.at,.live.at.(of.two) -kma̱#IRR:DS
at#subject:marker
himi̱tta#be:young.(sg..or.pl.).(pl..himittowa)
ná#something
yohmi#do.so,.to.happen -h#TNS
apísachi#watch -h#TNS
ish-#YOU
issa#stop -ttók#REM.PAST
a̱#1sIII
a#be -ttók#REM.PAST
yokáchi#catch. -h#TNS
achokma#good
to̱ksali#work
ahni#know
ikbi#maker
i̱-#III cha̱li#chop -h#TNS
oka#water
imma#towards
náhollo.anno̱pa#ENGLISH:LANGUAGE
iyá#go -li#1SI
chokka#house
ano̱ti#again
ish-#YOU
íy#go -o#NEG -ttók#REM.PAST
okla#people
makah#say.
í-#1PI
-ka̱#COMP:DS
hóyo#look.for
ít#toward
-ako̱#CON:AC
m#that -ako̱#CON:AC
chishba#unsure
osápa#field
nani#fish
imma#towards
á#be -ttók#REM.PAST
-ka̱#COMP:DS
il-#1PI
kaníya#go.away -li#1SI -ttó#REM.PAST -sh#PART:SS
pis#look -t#PART
alhíha#group -t#PART
ná#something
chokka#house
alla#child
anóti#again
hash-#2PI
yimmih#believe
osápa#field
bók.chito#BOGUE.CHITTO
hikíya#stand.
nani#fish
-ano#ACC:TOP
afammi#year
-ka̱#COMP:DS
taná#weave -li#1SI -h#TNS
iksho#not:exist -hma̱#WHEN
nonáchi#bake,.cook
biníli#sit.(of.one)
kaníya#really -ttók#REM.PAST
ka̱ha#lying:down
m#that -ako̱#CON:AC
ish-#YOU
ishit#ins
iti#wood
í-#1PI
nána#something
taposhshik#basket
himo#right:now
isht#ins
ma̱ya#exist.(of.three.or.more).
pí#just
il-#1PI
sanna#I:want
im-#III acho̱wa#be.sewn
hachi-#2PII
-hátoko̱#BECAUSE:DS
hikít.iyá#BEGIN -li#1SI -h#TNS
isht.ala#BRING -t#PART
-ato#NOM2
í-#1PI
bók.chito#BOGUE.CHITTO
ilahbi#pretend,.make.believe.
-m#DEM -ato#NOM2
il-#1PI
at#subject:marker
hachi-#2PII
okla#people
anóti#again
olbal#back
hokchi#plant. -t#PART
alla#child
m#that -ako̱#CON:AC
ohóyo#woman
ish-#YOU
áchih#say.
okla#people
m#that -ako̱#CON:AC
-bíka#USED:TO -tok#PST
homma#red
kanímih#some
kani#somewhere
holisso.ápisa#SCHOOL
tákoli#noon
táhat.iya#DISAPPEAR -h#TNS
pí#just
m#that -ako̱#CON:AC
afammi#year
a̱sha#be:(of.three.or.more)
yohmi#do.so,.to.happen
il-#1PI
-ak#LOC
hi#be -hma̱#WHEN
ano̱pol#speak,.say,.talk -áhí#POT kiyo#no
nátah#what?
ilhkóli#go.(of.three.or.more). -tok#PST -o̱#FOC:DS
il-#1PI
apa#eat.(a.specific.food)
nanih#hill
haklo#hear,.listen
okla#people
okla#people
á#be -ttók#REM.PAST
hasháyachi#cause.to.sulk
oklil#we
-ka̱#COMP:DS
ittahobli#pick.up -t#PART
toklo#be:two -sh#PART:SS
ayyásha#reside.(plural.subject)
mano#that:one
ná#something
okla#people
-ato#NOM2
chá#ss
-ya̱#ACC
il-#1PI
ná#something
-ya̱#ACC
ona#arrive:there
yimmih#believe
nán#something
il-#1PI
hannáli#six -h#TNS
nána#something
il-#1PI
to̱ksali#work
to̱ksali#work
yakni#land
hoyo#look.for -t#PART
-ak#LOC
akostini̱chi#be:aware,.to.be.conscious -li#1SI
il-#1PI
í-#1PI
m#that -ako̱#CON:AC
hapi̱-#1MPIII
yohmi#do.so,.to.happen -h#TNS
fokka#dress
ano̱ti#again
yohmi#do.so,.to.happen
ná#something
okla#people
akkiya#too,.also
ishí#take,.grasp,.get -li#1SI -tok#PST
ná#something
-ka̱#COMP:DS
ikbi#make -t#PART
ano̱ti#again
chishnáto#you:nom2
assano#adult
nátah#what?
hi#be -hma̱#WHEN
a̱ya#be:here -li#1SI -ttók#REM.PAST
-ato#NOM2
hi#be -hma̱#WHEN
hi#be -hma̱#WHEN
am#1sIII
a̱#1sIII
a̱h#yes
osápa#field
chishki#your:mother
-ato#NOM2
nán#something
másh#that.one
ano̱ti#again
ná#something
foli#switch
kíyo#no
ish-#YOU
a̱h#yes
onnahi̱li#morning
nána#something
yohmi#do.so,.to.happen -h#TNS
í-#1PI
-ka̱#COMP:DS
pilla#distance
il-#1PI
hóyo#look.for -h#TNS
a̱sha#be:(of.three.or.more)
ta̱chi#corn
ish-#YOU
yohmi#do.so,.to.happen
kíyo#no
ná#something
-ato#NOM2
-ako̱#CON:AC
yohmi#do.so,.to.happen
at#subject:marker
hashki#my.mother
faláma#return
ish-#YOU
ilokka#clothes
-ya̱#ACC
okla#people
alla#child
yohmi#do.so,.to.happen -h#TNS
ish-#YOU
chishnáto#you:nom2
oklil#we
isht#ins
akostini̱chi#be:aware,.to.be.conscious -li#1SI
ish-#YOU
okla#people
a̱#1sIII
has-#2PI sam-#1SIII
wák#cow
alhlhi#edge
-ano#ACC:TOP
onna#morning
achokma#good
ná#something
banna#want -kma̱#IRR:DS
anóti#again
-kiya#KIND:OF
kani#somewhere
il-#1PI
-ka̱#COMP:DS
osápa#field
nani#fish
faláma#return -t#PART
hi#be -hma̱#WHEN
iskitíni#little
il-#1PI
am#1sIII
okla#people
kíyo#no
másh#that.one
yohmi#do.so,.to.happen -h#TNS
m#that -ako̱#CON:AC
anóti#again
chi̱-#2SIII ki#father
í-#1PI
hi#be -hma̱#WHEN
á#be -ttók#REM.PAST
yohmi#do.so,.to.happen
fokáli#almost -km#IRR:DS -ako̱#CON:AC
iti#wood
il-#1PI
m#that -ako̱#CON:AC
ásha#reside.(plural.subject) -hma̱#WHEN
-ato#NOM2
katash#who
pí#just
iya#go -tok#PST
nani#fish
alhíha#group
nána#something
ikbi#make -t#PART
ano̱poli#speak,.say,.talk
ish-#YOU
afammi#year
ish-#YOU
ahwa#think.(perhaps),.to.reckon -h#TNS
-ya̱#ACC
hi#be -hma̱#WHEN
hash-#2PI
osápa#field
onnahi̱li#morning
wiha#move.away -t#PART
ta̱kla#before
ná#something
-m#DEM -ato#NOM2
okattola#fall:into:water -ttók#REM.PAST
ponola#cotton
hi#be -hma̱#WHEN
ish-#YOU
okla#people
il-#1PI
oshi#son
ikka̱na#understand,.to.know -ho̱#PART:DS
m#that -ako̱#CON:AC
okma̱#and:then
hokchi#plant. -t#PART
ish-#YOU
taposhshik#basket
kotcha#go.outside.
-m#DEM -ato#NOM2
-ya̱#ACC
nani#fish
-ano#ACC:TOP
ná#something
okla#people
osápa#field -no#AC2
báno#altogether
ish-#YOU
talólih#set:down.(two.or.more)
-ano#ACC:TOP
ta̱chi#corn
ishit#ins
táhat.iya#DISAPPEAR -h#TNS
ta̱chi#corn
nani#fish
á#be -ttók#REM.PAST
nátah#what?
okla#people
ish-#YOU
il-#1PI
holisso.ápisa#SCHOOL
tamóha#go.away.(two.or.more) -t#PART
okla#people
-ak#LOC
ohóyo#woman
-bíka#USED:TO -tok#PST
okla#people
ilhkóli#go.(of.three.or.more). -tok#PST -o̱#FOC:DS
a̱#1sIII
kíyo#no
-ka̱#COMP:DS
at#subject:marker
faláma#return -t#PART
isht#ins
-kiya#KIND:OF
pí#just
ish-#YOU
afammi#year
ilhkóli#go.(of.three.or.more). -tok#PST
illa#only
ikbi#maker
il-#1PI
wiha#move.away -t#PART
kotcha#go.outside.
anóti#again
iyá#go -li#1SI -ttók#REM.PAST
áchih#say.
okla#people
yohmi#do.so,.to.happen -h#TNS
shawwa#bush
a#be -ttók#REM.PAST
hi#be -hma̱#WHEN
isht#ins
-m#DEM -ato#NOM2
-m#DEM -ato#NOM2
faláma#return -t#PART
nána#something
-kiya#KIND:OF
chishnáto#you:nom2
áchih#say.
alla#child
ish-#YOU
-ano#ACC:TOP
mishsha#two.time.periods.before.or.after
sanna#I:want
ná#something
chishnáto#you:nom2
ikbi#make
onnahi̱li#morning
ano̱polí#speak,.say,.talk -l#1SI -áchi̱#IRR -h#TNS
yohmi#do.so,.to.happen -h#TNS
iláp#self
-ato#NOM2
faláma#return -t#PART
chá#ss
il-#1PI
-chámo#LONG:AGO
ahwa#think.(perhaps),.to.reckon
m#that -ako̱#CON:AC
shawwa#bush
il-#1PI
il-#1PI
ano̱t#again
a̱shwa#exist.(of.two)
na#and
ittanówa#walk.together
alla#child
hash-#2PI
tahli#finish. -li#1SI -h#TNS
ikka̱na#understand,.to.know
m#that -ako̱#CON:AC
táha#be:finished -hma̱#WHEN
kani#somewhere
maká#say -hma̱#WHEN
ít#toward
alla#child
abohlih#woods
tákoli#noon
hash-#2PI
-m#DEM -ato#NOM2
yohmi#do.so,.to.happen
mo̱ma#still
okla#people
sa-#1SII shki#mother
illi#die.
am#1sIII
ayyásha#reside.(plural.subject) -h#TNS
bacháli#put.(one).in.a.row -h#TNS
pí#just
m#that -ako̱#CON:AC
a̱sha#be:(of.three.or.more)
aki̱ni#indeed -h#TNS
okla#people
okla#people
at#subject:marker
ka̱chak#barn
illi#die.
yohmi#do.so,.to.happen
ohóyo#woman
ikka̱na#understand,.to.know
hi#be -hma̱#WHEN
hapim-#1MPIII
ikkanah#learn
maká#say -hma̱#WHEN
-ato#NOM2
hi#be -hma̱#WHEN
iya#go
pí#just
-bíka#USED:TO -tok#PST
achokma#good
kani#somewhere
il-#1PI
am#1sIII
mo̱ma#still
a̱#1sIII
am#1sIII
hikma#and:then
hapi̱-#1MPIII ki#father -to#NOM2
ish-#YOU
am#1sIII
m#that -ako̱#CON:AC
ola#far:off
ta̱chi#corn
ish-#YOU
-ka̱#COMP:DS
-ka̱#COMP:DS
a̱#1sIII
-hátoko̱#BECAUSE:DS
alla#child
áy-#LOC ikhaná#learn -li#1SI
a̱#1sIII
il-#1PI
hohchafo#be:hungry.
okla#people
na#and
ohóyo#woman
ahwa#think.(perhaps),.to.reckon -h#TNS
koloffi#cut
fokka#dress
hi#be -hma̱#WHEN
ishí#take,.grasp,.get -li#1SI -tok#PST
áchi#say -tok#PST
okla#people
okla#people
faláma#return
okla#people
-ano#ACC:TOP
il-#1PI
il-#1PI
a#be -ttók#REM.PAST
okla#people
átokás#because.of
-ka̱#COMP:DS
ish-#YOU
il-#1PI
pilla#distance
isht#ins
a̱#1sIII
yohmi#do.so,.to.happen
a̱#1sIII
siy-#1SII ahni#wish;.want
il-#1PI
hi#be -hma̱#WHEN
pisa#try. -ttók#REM.PAST
ikka̱na#understand,.to.know -ho̱#PART:DS
okla#people
isht#ins
sa-#1SII bíshakni#nose
il-#1PI
wák#cow
nani#fish
áy-#LOC ala#arrive.(here) -ttók#REM.PAST
oklil#we
ohóyo#woman
i̱-#III cha̱li#chop -h#TNS
másh#that.one
ikka̱na#understand,.to.know -li#1SI -h#TNS
-m#DEM -ato#NOM2
okla#people
siy-#1SII á#be -h#TNS
hót#look.for
-ato#NOM2
faláma#return -t#PART
hapim-#1MPIII
afammi#year
at#subject:marker
banna#want -kma̱#IRR:DS
wiha#move.away -t#PART
-bíka#USED:TO -tok#PST
hót#look.for
si̱ti#snake
alla#child
cho#or
ohóyo#woman
-ato#NOM2
il-#1PI
-ka̱#COMP:DS
okla#people
anóti#again
panóla#cotton
í-#1PI
hi#be -hma̱#WHEN
ittonáchi#arrive:du -hma̱#WHEN
m#that -ako̱#CON:AC
ná#something
sann#I:want -o#NEG -tok#PST
nána#something
ish-#YOU
hash-#2PI
a̱#1sIII
ta̱chi#corn
kani#somewhere
chohmi#kind:of
illi#die.
pí#just
oka#water
iti#wood
alla#child
nán#something
iláp#self
isht#ins
fíhnah#very
il-#1PI
am#1sIII
isht.ala#BRING -t#PART
-ako̱#CON:AC
á-#LOC ikhana#learn -tok#PST
í-#1PI
at#subject:marker
-ka̱#COMP:DS
-ako̱#CON:AC
na#and
biníli#sit.(of.one)
iksho#zero
m#that -ako̱#CON:AC
-ka̱#COMP:DS
hikitíya#START -li#1SI -tok#PST
anóti#again
sa-#1SII shki#mother
ikbi#make -t#PART
okla#people
oka#water
banna#want -kma̱#IRR:DS
nánoka#say:something
yohmi#do.so,.to.happen -h#TNS
il-#1PI
-ka̱#COMP:DS
a̱shwa#exist.(of.two)
il-#1PI
ayówa#pick.up.(off.the.ground). -li#1SI -ttók#REM.PAST
bók#creek
í-#1PI
anóti#again
báno#altogether
am#1sIII
a#be -ttók#REM.PAST
pisa#look
osápa#field
okla#people
í-#1PI
ta̱chi#corn
am#1sIII
-bíka#USED:TO -tok#PST
il-#1PI
okla#people
hót#look.for
táhat.iya#DISAPPEAR -kat#COMP:SS
alhíha#group
alla#child
ma̱ya#exist.(of.three.or.more). -t#PART
ano̱ti#again
-bíka#USED:TO -tok#PST
nánomi#something:happen
toklo#be:two -sh#PART:SS
okla#people
kotchi#get.out,.take.out -tok#PST
-chámo#LONG:AGO
hi#be -hma̱#WHEN
yakni#land
í-#1PI
hashki#my.mother
okmanána#WHATEVER.KIND.OF
achokma#good
chishki#your:mother
m#that -ako̱#CON:AC
okla#people
wishakchi#tip
si̱ti#snake
isht#ins
alhto#enter.(of.two)
yohmi#do.so,.to.happen -h#TNS
banna#want
yohmi#do.so,.to.happen -h#TNS
okattola#fall:into:water -ttók#REM.PAST
ikkanah#learn
ikkanah#learn
ish-#YOU
ishit#ins
hashki#my.mother
kiyo#no -kásh#COMP:PREV
-ato#NOM2
yohmi#do.so,.to.happen -h#TNS
mo̱ma#still
hikkíya#stand. -li#1SI -h#TNS
-ka̱#COMP:DS
a̱#1sIII
mómah#still
sha̱hli#do:always
okla#people
alla#child
alla#child
kanómi#cousin
-bíka#USED:TO -tok#PST
pí#just
ikbi#maker
okla#people
wáya#peanuts
í-#1PI
isht#ins
ná#something
afammi#year
ábachí#practice -li#1SI -h#TNS
okma̱#and:then
wiha#move.away -t#PART
chi̱-#2SIII ki#father
anóti#again
-ano#ACC:TOP
at#subject:marker
ná#something
yohmi#do.so,.to.happen
chá#ss
hi#be -hma̱#WHEN
m#that -ako̱#CON:AC
iláp#self
honni#blanch -t#PART
alla#child
okla#people
taposhshik#basket
pí#just
nána#something
il-#1PI
okla#people
yohmi#do.so,.to.happen
a̱ya#be:here
yohmi#do.so,.to.happen
fokkáli#be:abou
pí#just
isht#ins
illi#die.
mihch#do -ína#CAN -h#TNS
-bíka#USED:TO -tok#PST
chishnáto#you:nom2
il-#1PI
il-#1PI
nátah#what?
nanih#hill
oka#water
il-#1PI
-tok#PST -cha#UNSURE
-ya̱#ACC
il-#1PI
il-#1PI
a#be -ttók#REM.PAST
sa-#1SII nakfish#younger:sib
osápa#field
nani#fish
ano̱pol#speak,.say,.talk -áhí#POT kiyo#no
ahwa#think.(perhaps),.to.reckon -h#TNS
yakni#land
il-#1PI
ilhkóli#go.(of.three.or.more). -tok#PST
oshi#son
ahwa#think.(perhaps),.to.reckon -h#TNS
yohmi#do.so,.to.happen -h#TNS
ikbi#maker -li#1SI -hósh#PART:SS
tahli#finish.
í-#1PI
il-#1PI
ish-#YOU
isht#ins
hachim-#2PIII
oka#water
ná#something
il-#1PI
-ak#LOC
a̱#1sIII
ta̱chi#corn
am#1sIII
il-#1PI
-ka̱#COMP:DS
pila#throw. -hma̱#WHEN
-ano#ACC:TOP
yimmih#believe
okla#people
hi#be -hma̱#WHEN
-ka̱#COMP:DS
m#that -ako̱#CON:AC
yakni#land
ahíka#DEBT
okla#people
-ano#ACC:TOP
to̱ksali#work
il-#1PI
chishnáto#you:nom2
ikhana#learn
am#1sIII
ha̱klo#understand
ápitta#put.(more.than.one.thing).in. -h#TNS
afammi#year
ábachí#practice -li#1SI -h#TNS
ikbi#make -t#PART
hash-#2PI
nána#something
pí#just
chá#ss
yohmi#do.so,.to.happen -h#TNS
okla#people
a#be -ttók#REM.PAST
ano̱ti#again
at#subject:marker
m#that -ako̱#CON:AC
ahni#know
fíhnah#very
hót#look.for
okla#people
másh#that.one
il-#1PI
illi#die.
ásh#prev
katímina#why,.how.come
nána#something
ish-#YOU
-m#DEM -ato#NOM2
si̱ti#snake
pis#look -t#PART
yohmi#do.so,.to.happen
anóti#again
okla#people
na#and
a̱#1sIII
kotcha#go.outside.
m#that -ako̱#CON:AC
ásh#prev
am#1sIII
-ano#ACC:TOP
ayyásha#reside.(plural.subject) -h#TNS
-híka#USED:TO -ttók#REM.PAST
áta̱pa#be:more:than -tok#PST
-ako̱#CON:AC
isht#ins
-hátoko̱#BECAUSE:DS
okla#people
hapim-#1MPIII
-hátoko̱#BECAUSE:DS
íshi#get
ná#something
okma̱#and:then
-ako̱#CON:AC
yakni#land
katimma#which -k#LOC
alla#child
yohmi#do.so,.to.happen -h#TNS
nani#fish
a̱#1sIII
ilhkóli#go.(of.three.or.more). -tok#PST
m#that -ako̱#CON:AC
hi#be -hma̱#WHEN
il-#1PI
-ka̱#COMP:DS
m#that -ako̱#CON:AC
chá#ss
na#and
ka̱ha#lying:down
hash-#2PI
okla#people
yohmi#do.so,.to.happen -h#TNS
ishit#ins
a#be -ttók#REM.PAST
ano̱pol#speak,.say,.talk -ána#POT -ttók#REM.PAST
okla#people
hikkíya#stand. -li#1SI -h#TNS
il-#1PI
-hátoko̱#BECAUSE:DS
am-#1SIII ihaksi#forget
okla#people
il-#1PI
il-#1PI
osápa#field
nátah#what?
am#1sIII
yohmi#do.so,.to.happen
maká#say -hma̱#WHEN
yakni#land
fokka#dress
ná#something
okla#people
okla#people
oklil#we
komóta#be:fearful.
ish-#YOU
malhlhih#indeed
ano̱ti#again
-ka̱#COMP:DS
isht#ins
am#1sIII
katash#who
bash#cut.(with.a.knife,.broken.glass). -t#PART
siy-#1SII á#be -h#TNS
il-#1PI
hapim-#1MPIII
apíla#help,.assist. -h#TNS
ná#something
ano̱ti#again
-ka̱#COMP:DS
ish-#YOU
kanohmi#how -tok#PST -ka̱#COMP:DS
m#that -ako̱#CON:AC
ta̱chi#corn
í-#1PI
yakni#land
chá#ss
mo̱ma#still
a̱sha#be:(of.three.or.more)
-ato#NOM2
il-#1PI
ish-#YOU
aba.talóli#STORE
taposhshik#basket
imma#towards
chokka#house
oklil#we
il-#1PI
at#subject:marker
a̱h#yes
faláma#return -t#PART
alhíha#group -t#PART
iya#go
nani#fish
to̱ksali#work
ish-#YOU
faláma#return
illa#only
pí#just
ona#arrive:there
m#that -ako̱#CON:AC
panóla#cotton
anóti#again
í-#1PI
osápa#field
okla#people
ish-#YOU
yakni#land
-ato#NOM2
anóti#again
nána#something
okla#people
okla#people
-ka̱#COMP:DS
il-#1PI
mihchi#do -li#1SI -kmat#IRR:SS
oná#arrive:there -li#1SI -ttók#REM.PAST
-ano#ACC:TOP
iya#go -tok#PST
-ato#NOM2
nátah#what?
ná#something
kiyo#no -kásh#COMP:PREV
iya#begin:to -t#PART
ná#something
aba.talóli#STORE
ná#something
yamma#that
-ako̱#CON:AC
yakni#land
bók#creek
m#that -ako̱#CON:AC
-ato#NOM2
olbal#back
alla#child
sa-#1SII shki#mother
anóti#again
nani#fish