metoh#know,.to
natam#Natam
meng-#ACTIVE.VOICE elem#hold.onto,.grasp
tepat#just.right
kalak#person
mbue#many
sendah#presently,.nowadays
tebhu#sugarcane
pe-#HAVING.TO.DO.WITH... khencane#plan -en#HAVING.TO.DO.WITH... ==ne#=3SG
me-#TO.HAVE.... pangkat#rank,.station.in.life
bahagie#happy
mame#uncle ==ne#=3SG
kelak#what.will.come
men-#ACTIVE.VOICE akhik#to.pull
meng-#ACTIVE.VOICE ato#watch,.look,.see
khumah#home
akhi#from
kalak#person
wahai#O
amin#only
mem-#ACTIVE.VOICE ege#hear,.to
madhe#negativizer
otomatis#automatic
te#and
pedagang#merchant
me#to,..toward.(a.place)
puhun#aunt
jekhok#conversation ==ne#=3SG
kae#WHAT
ke-#NOMINALIZER sokhokh#to.be.famous -en#NOMINALIZER
si#relpro layakh#sail
nange#again
pesisikh#coast
milik#possession -i#GIVE.X.TO
si#relpro
anak#child
sendikhi#alone -en#ADVERBIALIZER
nemu#to.be.able.to
pelin#only
pakek#to.use
ende#this
te#and
iye#3sg
pakek#to.use
alas#alas
usahe#effort
de#if
si#relpro layakh#sail
meng-#TO.GO.TO.... adep#face
dempik#cry.out,.to