buh
langgi-langgi
nou
peis
na
ndah
ndah
keng- di
-em- teis
n==
na
m- buat
nge- saa
i==
beig
apuh
na
na
anu
lama
di
tapih
mual
nubuh
-i- mati
nya
anak
-i- m- ulih
-in- ng- uah
daya
osi
ngasakng
sampai
ngai
-in- m- ahi
dumah
hita
ou
alih
m- olok
na
domon
bakng
uubm
hei
bengkali
na
alih
ki- bori
sensarah
hei
timook
malik
karukng
keng- di
pelanduk
na
m- panu
beig
siaid
na
tilina
sigup
di
in- aap
pasi
uubm
mengin
ki- ara
remombuh
hei
bakng
suhup
bilah
nd== ara
==ga
baar-baar
hei
sogokng
n- unu
na
bet
siga.lama.na
bali
deirdn.na
bigut
kabur
kiou
punga
sinapakng
n- utukng
ng- kuah
nubuh
babi
hanah
m- iaah
na
silah
engat
na
diti
i- k- aap
ou
lama
kei
diaadn
nti
nd== ara
==ku
nubuh
n- ig- biakng
keng- di
gibiidn
na
na
gulu
-in- ngin- onong
i- piti -aadn
muri
tenggabadn
nubuh
alih
ina
ina
==mi
hei
domon
penah
==ku
tuakng
bali
totog
ndah
m- inggat
ombok
buh
n==
ngai
mah
ou
kii
in- uhubm
ng- upadn
daidn
keng- di
m- -intut
di
kuakng
-in- g- iit
kumpugadn
sama
na
ajukng
siga.lama.na
ba
na
maap
m- -onsuh
mual
libu
ng- uru
urang.tuah
keng- di
nu
anu
katih
bitakng
==ga
ouu
gambar
asal
kei
subai
m- be- bali
-i- taruh
biag
kuntil
na
tolu
kei
bohit
==ga
na
suhi
tuadn.umur
nd== ara
-in- ng- ai
pusud
kiou
na
na
api
ou
nubuh
deirdn.na
sood
engat
pandi
m- uduh -adn
gangguh
siga.lama.na
na
tidi
ou
na
pinsadn
dii
n- togih
na
aha
gulu
mual
ouu
na
nubuh
leidn
tidi
ou
bakng
mah
tapih
bas
romu
ny==
-im- tiligud
raah
na
ndah
n==
-in- n- ambakng
lamun
meleid-meleid
singgurua
maap
nubuh
midua
-m- bajuh
hei
na
diaadn
-in- rari
na
pisinah
ke- benar -an
m- aksah
ndah.pa
alakng-alakng
na
di
na
m- oroh
di
peg- surndukng
-in- guluu
-i- km- ponuh
kirab
ki- biag -adn
na
di
bilah
sarah-sarah
i- gi- libag
surugah
mintohog
libudn
nti
ponuh
bakng
mual
di
siidn
longon
poroh
apuh
bali
ng- ohol
hei
kenggamang
piih
mu- lumak
peg- togih
==ga
na
toidn
sisih
m- ohodn
asu
diti
hei
mondog
na
ndah
-in- m- ongol
keng- di
odu
dumah
keng- di
api
==ga
na
nu
buat
na
i- k- aap
keng- di
tindiangan
nga
di
upadn
amah
mah
di
na
garat
languh
i- k- aap
k- iid
==hu
na
ki- pida -adn
di
asal
tidi
tentobodn
pudulih
engat
ou
punga
ina
keng- di
n- igat
di
na
pandah
ndah
lama
sia
kandak
punti
na
-i- -m- teronos
ndah
inubuh
amah
-in- ng- uah
punga
na
g- iit
ina
ihi
iniaan
punga
na
pusud
hei
na
mbeih
na
tampa
poukng
ina
na.haah.na
domon
di
pe- nge- ladu
mah
hiti
sinsei
maap
di
na
buh
di
orob
kiou
na
ou
maap
besta
mual
ndah
aa
mual
-in- ge- rapat
tanah
na
di
diaadn
usbadn
min- di
nubuh
tengis
bakng
sei
na
dua
ina
punti
nubuh
di
mulah
uubm
-i- mati
nd== ara
n- -tatakng
penggorokng
genggi
bas
na
asal
m- odobm
siga
lanjakng
i==
na
menongil
nubuh
gulu
diaadn
sikng
ina
ihi
kilibuan
m- piti -aadn
dii
mah
ng- kuah
pandi
tinuug
tuurdn-munuurdn
gulu
i==
ina
mistiih
-in- n- -uruk
uhu
-in- ke- sobit
dia
nu -an
na
di
kunuh
amah
tuhad
langan~langan
kuiih
tentang
sia
diti
buh
punga
ou
ndah
mati
==ga
ihi
mahad
diaadn
ndah
meg- kuang- kuang
nge- rapat
m- iag
na.haah.na
buh
ndah
==ku
-i- -m- abat
mual
biag
induh
puhi
induh
louk
na
languh
k- epat -adn
na
ng- ge- -rampus
min- di
n- indoidn
==ga
m- obo
na
su- suad
bonggi
k- intabm
ke- -door
muluali
rua
ihi
ng- -uhut
hei
ndah
berhei
gigiu
in- ohodn
kiou
mbat
sensorodn
na
gah
gulu
na
surugah
nubuh
kerah
me- g- meykap
m- udulih
siga
pasi
iup -udn
m- ohodn
bonggi
rua
beig
mekul
uai
di
-i- m- ulih
pirinta
babi
na
ng- irah
kuakng
jadi
ou
tolu
ngai
siga.lama.na
topor
k- ingei -n
punga
-in- m- iaah
==hu
leid- leid
penah
hei
n- tutukng
buh
na
bitakng
domon
mah
==ga
ny==
na
amah
nd== uhu
gimbatadn
singia
sia
nd== ara
na
suad
uubm
urang.tuah
na
amah
i- ng- elag
nge- ramut
nti
bas
ina
nu -an
m- ohodn
pa
dara
ohodn
nondip
-supuh -adn
batakng
m- -upuk
pandi
nu -an
nd== uhu
orob
n- ig- su- suad
sikng
-i- mati
sia
k- ompot
satu
kiro -odn
lama
engat
patih
piasu
na
kiou
leid-mengeleid
irah
adat
-i- lempad
mah
kuiih
sigup
suad
tuni
na
ba
pe- g- api
aha
siga
kiaardn.na
noo
di
bunua
==ga
epaat puluh epaat
senang
diha
keng- di
k- aap
nd== ou
mual
nti
maap-aap
-i- matakng
ke- tolu
pa
ihi
ny==
kiti
na
m- olok
deirdn.na
esak
piasu
==mi
ki- ara
ou
k- aap
lama
-in- n- undi
na
toos
ut -ah
anak
ny==
na.haah.na
keng- di
na
-in- ng- ai
min- di
ki- ara
buh
rumunsur
m- ulih
induh
na
adat
na
==hu
baar-baar
m- -oli
hei
asu
nubuh
lama
==ga
pa
aa
leidn
mual
diti
pusud
-i- matakng
ina
uubm
nu
buh
dihu
nge- jaga
baar
mah
na
na
nubuh
pe- g- ait
na
sia
aha
ng- irah
i==
ng- ompuh
peg- liid
tohos
anu
m- oroh
berhei
sirib
kudat
dii
na
p- beranja -adn
kapak
ina
nya
gulu
na
ina
ou
lahi
bas
bakng
ng- aas
siga
ookng-ookng
na
na
piih
nubuh
i==
na
bali
==ku
ki- ara
odu
gilin
na
ou
-i- p- luas
k- odop
-in- nge- dahap
na
di
diaadn
-i- -m- apit
amah
na
ihi
pirinta
gimbatadn
kudat
pe- nge- reikng
nulud
kum- urakng
ny==
m- osi
api
ndah
m- erosi
maap
ihi
epaat
soort
m- ahi
mah
sabah
na
onu-onu.ga
louk
ei
min- di
di.soid
n- urus
bali
==ga
nuruhub
reyda
uai
anak
sikiou
mual
siga
pasi
na
luas
tagak
nd== ara
n==
-in- n- -iag
engat
putih
na
pusud
kentangan
nubuh
timindag
peg- ruas- ruas
ndah
na
nubuh
ngi- riaak
asu
buh
mah
-um- luas
m- pihir- m- pihir
tei
bu- buat
-in- ng- uhubm
anu
nubuh
m- ouh
rati
uubm
lama
nuak
solup
nya
omol
ng- amul
suala
n- oluh
diti
buh
pitik
ig- loon
ingolok
tapih
ndah
languh
uhad
di
ouu
dihi
na.haah.na
punga
nd== ou
uhu
na
bakng
leidn
ndah
-in- pi- biaar
mbat
me- dabuh
na
amah
keladih
na
kerah
gatakng
mogo
nti
bakng
anak
lama
==ku
n- -tubung -an
-in- g- anak
ina
mekul
binatang
na
ng- -engkabm
ou
engat
amah
ndah
ada
ndah
-i- bori
diaadn
ku- tulu -adn
siga
diti
na
buh-buh
belaha
hei
gah
ki- biaah
==ga
nu
==ga
na.haah.na
siga
ouu
haah.na
i==
peranak
m- egat
n==
diti
suhi
na
ringah
ndah
ba
nubuh
na
ndah
apuh.oduh
ng- gulu
ndah
in- adak
nya
elaa
na
teih
ina
nd== ara
tuni
burumbangan
ou
bonggi
odu
ke- tomu
ponuh
berosi
indonisia
suruh
mulah
tupuyu~tupuyu
tapih
kiristiadn
bakng
na
taik
kuub
belaha
gaabm
m- -atur
punggah
bori
koon
na
m- iaah
pudn
kerah
kudat
walu-mpuluh
pelanduk
m- iag
sumpa
mual
robi
ina
robi
diaadn
mual
kiristiadn
pandi
alih
aa
na
na
pah
nu
kuiih
ina
nga
buaidn.sebelas
derami
na
mengin
tidi
hei
m- iaah
m- ohodn
lama
ndah
m- irik m- irik
siidn
m- buat
bakng
hina
uru
gulu
-um- tulak
ngai
ina
anak
peg- punga
na
pa
mah
sia
na
na
-in- kompot
ny==
m- barabm
-i- -m- suak
kulab
ilal
na
bunua
tuba
lama
gandubm
penggorokng
nubuh
ki- liid
sia
sei
na
na
na
hatih
k- iid
lehad
m- ohodn
na
bali
taik
onu
mintohog