metoh#know,.to
natam#Natam
meng-#ACTIVE.VOICE elem#hold.onto,.grasp
tepat#just.right
kalak#person
mbue#many
sendah#presently,.nowadays
tebhu#sugarcane
pe-#HAVING.TO.DO.WITH... khencane#plan -en#HAVING.TO.DO.WITH... ==ne#=3SG
me-#TO.HAVE.... pangkat#rank,.station.in.life
bahagie#happy
mame#uncle ==ne#=3SG
kelak#what.will.come
men-#ACTIVE.VOICE akhik#to.pull
meng-#ACTIVE.VOICE ato#watch,.look,.see
khumah#home
akhi#from
kalak#person
wahai#O
amin#only
mem-#ACTIVE.VOICE ege#hear,.to
madhe#negativizer
otomatis#automatic
te#and
pedagang#merchant
me#to,..toward.(a.place)
puhun#aunt
jekhok#conversation ==ne#=3SG
kae#WHAT
ke-#NOMINALIZER sokhokh#to.be.famous -en#NOMINALIZER
si#relpro layakh#sail
nange#again
pesisikh#coast
milik#possession -i#GIVE.X.TO
si#relpro
anak#child
sendikhi#alone -en#ADVERBIALIZER
nemu#to.be.able.to
pelin#only
pakek#to.use
ende#this
te#and
iye#3sg
pakek#to.use
alas#alas
usahe#effort
de#if
si#relpro layakh#sail
meng-#TO.GO.TO.... adep#face
dempik#cry.out,.to
te-#ABILITATIVE gusuk#scrub,.to
bumi#earth,.the.world
men-#ACTIVE.VOICE olong#to.help
dapet#get,.receive -i#REPEATEDLY
ende#this
ni-#PAS.TR khakut#to.tie
nde#this
peng-#HAVING.TO.DO.WITH... ukhus#barren -en#HAVING.TO.DO.WITH...
se-#ONE kalak#3mp
sendikhi#alone
khut#with
laki-laki#male
ngo#done.(finished)
malet#neg
ende#this
mame#uncle
motokh#car e#that,.those
si#relpro layakh#sail
oyek#no,.not.(of.nouns)
megekhogoti#to.gnaw.on
pekhintah#order.(command)
khombong#to.be.a.group -en#OBJECT.OF.VERB
selukhuh#entire
kisat#lazy
laus#go mece#to.read.holy.books -me#EMPHASIS
hakhte#wealth
pemain.sukhi#QUEEN ==ne#=THE
handhe#here
datas#top
pade#on.(of.dates)
me#to,..toward.(a.place)
akhi#from
geluh#to.live.(be.alive)
pemain.sukhi#QUEEN
iye#3sg -me#EMPHASIS
lot#be,.exist,.have
ganteng#handsome
edi#that,.those
pejabat#officials.(government)
bekhu#wife ==ne#=3SG
te#and
men-#ACTIVE.VOICE ikmat#enjoy -i#DURATIVE?
me-#TO.HAVE.... khiyut#mouth.of.a.river
alangkah#how
kabakh#news
ni#in,.at.(space)
hal#thing
sang#class.person
agup#to.be.capable.of
khang.tue#PARENTS ==ne#=3SG