land
PASSIVE way,.method PASSIVE
PAS.TR to.somersault to.turn
serious,.severe.(of.problems,.illnesses,.etc)
mother =3SG
that,.those
HAVING.TO.DO.WITH... plan HAVING.TO.DO.WITH... =3SG
in,.at.(space)
3sg
relpro
come.on =FRONTED.ELEMENT
NOMINALIZER to.live.(be.alive) NOMINALIZER =THE
HAVING.TO.DO.WITH... jungle HAVING.TO.DO.WITH...
oldest.(child)
NOMINALIZER to.live.(be.alive) NOMINALIZER =THE
member
ANCESTOR
citizen
NOMINALIZER to.be.famous NOMINALIZER
NOMINALIZER come,.to NOMINALIZER
person
love
relpro
we
from
we
type,.sort =THE
food
THE.WAY.OF... buy THE.WAY.OF...
to.produce OBJECT.OF.VERB
1p
child
ACTIVE.VOICE eat
also
ACTIVE.VOICE cut,.to
area =THE
even.(also)
in,.at.(space)
3sg
but
when
still
in,.at.(space)
history
news
even.(also)
TO.DO.... to.throw
very
chicken
without
previously.mentioned
to.divorce
BLANGKEJEREN
3sg.Hon
no,.not.(of.nouns)
to,..toward.(a.place)
king
the.time.(that.something.happens) =3SG
the.most.recent
to,..toward.(a.place)
ACTIVE.VOICE to.produce
life =3SG
cousin =1SG
presently,.nowadays
you.(hon)
effort
relpro
relpro
ACTIVE.VOICE strike,.hit
class.person
CHARACTERSTIC.OF usual CHARACTERSTIC.OF
sail
in,.at.(space)
only polite.imperative
to.carry REPEATEDLY TRANS return.home,.to
PAS.TR request.to.(informally)
get,.receive REPEATEDLY
relpro
Aceh
we
Engkeran
to.still.be
ACTIVE.VOICE hear,.to
feast
class.person
all
stone
PARENTS
uncle =3SG
to.carry REPEATEDLY TRANS return.home,.to
THERE
little.(small)
1p
to.search.for REPEATEDLY
even.(also)
from
grime =THE
must =3SG
many
NOMINALIZER firm NOMINALIZER
to.be.capable.of
just
this
THE.ACT.OF.... foreign THE.ACT.OF....
REPEATED.ACTION bath
expert
person
relpro
aah
such.as
king
citizen
relpro
ACTIVE.VOICE to.become
late
ACTIVE.VOICE enjoy DURATIVE?
many
feel,.to IMPERATIVE
fortune.teller
father
because
relpro
ONE child =3SG
1sg
done.(finished)
with
to.live.(be.alive)
with
CAUSATIVE to.give CAUSATIVE
body =3SG
relpro
one
teacher
stone
capital
prescription
family
relpro
child
mercy
TO.BE.... resilient
other =3SG
to.marry
to.find
younger.sibling
heart
day
child
relpro sail
how
ACTIVE.VOICE buy
relpro
CAUSATIVE IMPERATIVE resilient CAUSATIVE
yet,.not.yet
3sg
PASSIVE story PASSIVE
to,..toward.(a.place)
what.will.come
CAUSATIVE to.govern CAUSATIVE
also
seven
that,.those
root
cow
beam
what.will.come
jungle
3sg
go to.read.holy.books
to.carry CAUSATIVE return.home,.to CAUSATIVE
the.time.(that.something.happens)
to.wait.for
1sg
thought =3SG
body
GIRL
Singkil
for
CAUSATIVE to.be.certain CAUSATIVE
money
king
in,.at.(space)
night
done.(finished)
to.bow
king
top
still
feel,.to
TOWARD.(A.PERSON)
TO.DO
TO.DO.... to.carry =3SG
relpro
relpro
or
person
relpro
to.be.a.group OBJECT.OF.VERB
king
come.on =FRONTED.ELEMENT
relpro sail
PAS.TR to.invite =3SG
shaman
white
but
just
to.live.(be.alive)
cloth
3sg
participate
relpro
some
PURSE
to,..toward.(a.place)
to.fail
so.that
child
older.sibling
to.continue
Engkeran
neg
with
with
CHARACTERSTIC.OF active CHARACTERSTIC.OF
again
in,.at.(space)
TO.HAVE.... corn
such.as
many
TO.APPLY.....TO.THE.OBJECT possession TO.APPLY.....TO.THE.OBJECT
in,.at.(space)
do.not!
relpro
love
very
to,..toward.(a.place)
that,.those
PERSON.WHO.HAS.... shepherd
PAS.TR BELIEVE,.TO
king
invitation
also
depart,.to =FRONTED.ELEMENT
other
guard
1sg
from
ONE RDP day
arrange OBJECT.OF.VERB
wife =3SG
event
to.continue
thus
3sg
in,.at.(space)
first
ONE person
child
uncle
possession GIVE.X.TO
earth,.the.world
mother
citizen
neg
we.(excludes.the.one.adddressed)
GIRL
with
spirit =3SG
to.help OBJECT.OF.VERB
done.(finished)
land
alone
TO.HAVE.... school
every
to.continue
CAUSATIVE buy CAUSATIVE
land
PAS.TR kill
PLURAL child
person
hardworking,.industrious
second
3sg
sticky.rice
teacher
lazy
TO.DO.... age
Natam
to.play
confidence polite.imperative
alone
nation,.country
have.been,.ever
however
TO.GO.TO.... uterus
PAS.TR Tambah
CHARACTERSTIC.OF happy CHARACTERSTIC.OF
number
that,.those
ACTIVE.VOICE to.approach DURATIVE?
to.say
expert
1sg
TO.HAVE.... spirit
participate
return.home,.to polite.imperative
pair.of
class.person
jungle
to,..toward.(a.place)
amount
negativizer
thing
to,..toward.(a.place)
on.(of.dates)
with
CAUSATIVE to.be.certain CAUSATIVE
EIGHTTEEN
day
ONE.OF
side.(of.an.issue)
line
Gayo
with
DURATIVE? to.experience DURATIVE?
city
that,.those
with
relpro
to.intend
TO.HAVE.... energy
cloth
TO.DO.... speak
in,.at.(space)
family
a
first
TO.HAVE.... mountain
large
thing
area
father biological =3SG
quiet
even.(also)
CAUSATIVE to.fall CAUSATIVE
yard
relpro
person
uncle's.family
by =3SG
class.person
male
1sg
CAUSATIVE to.wash CAUSATIVE
ONE bline
skin
ACTIVE.VOICE to.organize
to.search.for REPEATEDLY
ACTIVE.VOICE feel,.to
not
in,.at.(space)
that,.those
even.(also)
3mp
alone
master =1SG
that,.those
uncle =3SG
relpro
CAUSATIVE to.give CAUSATIVE
relpro sail
we.(excludes.the.one.adddressed)
garden
ONE short.time,.a.moment
family =THE
year =THE
group
to.use
NOMINALIZER king RECIPRICAL
with
wealth
depart,.to
CAUSATIVE hear,.to CAUSATIVE
child =3SG
3sg
ACTIVE.VOICE to.become
some
TOWARD.(A.PERSON) =1SG
king
alone
cunning
the.time.(that.something.happens) =THE
Singkil
TOWARD.(A.PERSON)
to.play
happy
ACTIVE.VOICE try
until
1sg
who
done.(finished)
in,.at.(space)
little.(small)
PAS.TR to.pull return.home,.to
family
bamboo
face
ACTIVE.VOICE watch,.look,.see
continuing
program,.schedule
done.(finished)
even.(also)
last.request
still
PAS.TR kill
fertile
calm
disaster
jungle
from
respect =3SG
wood
expert
negativizer
while.ago
uncle's.family
3mp
to.produce OBJECT.OF.VERB
wilderness
neg
king
return.home,.to
TO.BE.... SUITABLE
but
SLOWLY
PAS.TR to.propose.(marriage)
if
in,.at.(space)
increasingly
cousin =3SG
patrilineal
PAS.TR watch,.look,.see =3SG
alone
come,.to =FRONTED.ELEMENT
3mp
nephew =3SG
to.there
area
only
but
CRAFTSMAN
under =3SG
in,.at.(space)
self =2ND.PERSON
to.marry
to,..toward.(a.place)
king
water.buffalo
WHAT
HAVING.TO.DO.WITH... barren HAVING.TO.DO.WITH...
ACTIVE.VOICE enter,.to DURATIVE?
from
big.(size)
in,.at.(space)
master =1SG
come,.to
ACTIVE.VOICE to.colonize
stand.up,.to
O
with
fortune.teller
father
relpro
neg
to.live.(be.alive)
child
with
QUEEN =THE
relpro
relpro
ACTIVE.VOICE to.build CAUSATIVE =3SG
ACTIVE.VOICE to.become
relpro
day
CAUSATIVE to.gather CAUSATIVE
will
day
reverse.side =THE
TRAN.PAS lazy TRAN.PAS
we.(excludes.the.one.adddressed)
PLURAL concubine
entire
number
behind
one
3mp
relpro
to.be.a.group OBJECT.OF.VERB
master =1SG
to.live.(be.alive)
in,.at.(space)
O
to.find
community
ACTIVE.VOICE cut,.to
three
relpro
relpro sail
PAS.TR to.arrange
3sg
vegetable
to.suffer
with
that,.those
self =3SG
relpro sail
class.person
ABILITATIVE to.become
ACTIVE.VOICE feel,.to
long.(length)
news
from
rice.(cooked)
situation
with
3mp
like.that
=3SG
TO.CAUSE.TO.BECOME... dangerous TO.CAUSE.TO.BECOME...
jin
BLANGKEJEREN
RDP amount
ONE many
nothing
day
condition
1sg
negativizer
sugar
CHARACTERSTIC.OF handsome CHARACTERSTIC.OF =3SG
only
expert
to,..toward.(a.place)
must
in,.at.(space)
again
temporarily
REPEATED.ACTION to.arrive REPEATED.ACTION
wood
prayer
HAVING.TO.DO.WITH... border,.edge HAVING.TO.DO.WITH...
PAS.TR to.call
king
relpro sail
emphasis
noise
have.been,.ever
wealth
mattress
relpro
again
CAUSATIVE to.give CAUSATIVE
heart
will
go to.read.holy.books EMPHASIS
Engkeran
heart
portion
inheritance
ACTIVE.VOICE to.continue
line
relpro
water.buffalo
niece =3SG
=3SG
done.(finished)
PAS.TR to.name
brother,.older
one
so
difficult =3SG
ONE amount
CHARACTERSTIC.OF happy CHARACTERSTIC.OF
REDUPLICATION young.man
feel,.to
return.home,.to
night
=3SG
difficult
land
so
to.be.capable.of
relpro
even.(also)
lie,.tell.a.falsehood REPEATEDLY =3SG
do.not!
done.(finished)
to.arrive
mother
jungle
this
heart =3SG
relpro sail
CAUSATIVE to.build CAUSATIVE
difficult
vile
that,.those
alone
this
relpro
ACTIVE.VOICE hear,.to
wild
CAUSATIVE finish.off,.to CAUSATIVE
just
3sg
from
3mp
king
such.as
relpro sail
relpro
reward
life
to,..toward.(a.place)
coast
3sg
thing,.item
with
in,.at.(space)
safe,.secure
in,.at.(space)
with
people
position
cloth
king
from
you.(all)
in,.at.(space)
PLURAL child =3SG
Natam
nation,.country
TO.DO.... to.carry
relpro sail
to.here
maybe
neg
so
it
relpro sail
dad
in,.at.(space)
handsome
figure
CAUSATIVE live.(stay.in.a.place) CAUSATIVE
with
on.arriving
you.(hon)
TO.APPLY.....TO.THE.OBJECT nonsense TO.APPLY.....TO.THE.OBJECT
by
by
concerned
even.(also)
news
just
we
intention
relpro
only
to.be.pregnant
to.be.capable.of
chili.pepper
that,.those
one
PASS.INTR go to.read.holy.books PASS.INTR
CHARACTERSTIC.OF far CHARACTERSTIC.OF
one
relpro
even.(also)
ACTIVE.VOICE feel,.to
relpro
to,..toward.(a.place)
because.of
but
quiet
relpro sail
WHAT
evil =3SG
2sg
baby
again
3mp
wealth
one
PAS.TR to.throw IMPERATIVE =3SG
field
YOU.(FAMILIAR)
but
TO.CARE.ABOUT
to.wait.for
relpro sail
sit.down,.to TO.HAVE.... cross.legged.position
merchant
teacher
happy
self =3SG
compose,.write
between
negativizer
with
even.(also)
TO.APPLY.....TO.THE.OBJECT respect TO.APPLY.....TO.THE.OBJECT
class.person
PENGULU.MUDE
relpro
heart
but
TO.HAVE.... result
sail
hard.(solid)
servant
to,..toward.(a.place)
relpro
king
with.the.result
king
if
3mp
relpro sail
that,.those
one
to,..toward.(a.place)
we
police
bone
Engkeran
in,.at.(space)
car that,.those
3sg
raspy
3sg
TO.DO.... to.produce
ACTIVE.VOICE to.become
other
by
with
WHAT
all
money
midvein.of.leaf
self =3SG
holy
ear
this
yet,.not.yet
to.want
do.not!
water.buffalo
nephew =3SG
first
baby
jungle
come,.to
news
relpro
again
class.person
emphasis
again
positive
IF
intensifier
all
wealth
TRAN.PAS life TRAN.PAS
happy =THE
neg
big.(size)
time
who
to.be.a.group OBJECT.OF.VERB
ACTIVE.VOICE guard,.to
rice.(cooked)
so.that
if
master
relpro
TO.HAVE.... family
class.person
TO.HAVE.... sin
what.will.come
WHAT
face =THE
ABILITATIVE to.become
NOMINALIZER king NOMINALIZER
TOWARD.(A.PERSON)
with
nothing
that,.those
is
neg
in,.at.(space)
fear
if
to,..toward.(a.place) Natam
figure
better
only emphasis
PAS.TR stand.up,.to PASS.INTR
DURATIVE? to.gather DURATIVE?
class.person
mother =3SG also
TO.DO.... result
ACTIVE.VOICE to.shift
neg
return.home,.to intensifier
person
RDP hama
to,..toward.(a.place)
fortune.teller
result
result
neg
O
in,.at.(space) in.front.of
feel,.to
entire
RDP amount
ABILITATIVE hear,.to
if
TO.DO.... to.produce
all
1sg
RDP anxiety
relpro
to.soften
master =1SG
go
relpro
that,.those
meet,.to
just
relpro
that,.those
or
WHAT
TO.STRUGGLE
entire
that,.those
with =3SG
hat
to.be.intended
to.sell
handsome
only
to,..toward.(a.place)
relpro sail
upset
relpro
negativizer
again
boat
neg
king
but
TO.HAVE.... school
relpro
to.be.a.group OBJECT.OF.VERB
boat
1sg
news
brother,.older
with
money
younger.sibling
child
1sg
thing
uncle =3SG
with
area
in,.at.(space)
because
king
person
this
PAS.TR to.produce
PLEASE.GO.AHEAD
PAS.TR to.lead
1sg
evil =3SG
king
in,.at.(space)
even.(also)
you.(hon)
to.want
from
we.(excludes.the.one.adddressed)
3sg
to.produce
just
relpro sail
all
alone
following
from
presently,.nowadays
with
in,.at.(space)
a
do.not!
relpro sail
class.person
People
point meet,.to
relpro
relpro sail
that
with
order.(command)
relpro sail
neg
only
ABILITATIVE to.become
CAN eat CAN
what.happened
heart
very,.extremely
return.home,.to
People
child
guard
to.want =3SG
RDP type,.sort
to.continue
exactly
all
poor
relpro
ACTIVE.VOICE watch,.look,.see
king
first
to.produce REPEATEDLY
news
story
but
heart =3SG
the.reason.something.happens
one
class.person
to.ask
RECIPRICAL to.cook RECIPRICAL
cousin =2ND.PERSON
news
little.(not.inch)
NOMINALIZER king NOMINALIZER =THE
to.be.able.to
because
relpro
you.(all)
will
BLANGKEJEREN
in,.at.(space)
far
jungle
very emphasis
with
not
presently,.nowadays
CAUSATIVE pick.up CAUSATIVE
police
servant
PAS.TR to.call
teacher
ONE.OF
neg
apparently
depart,.to =FRONTED.ELEMENT
that,.those
king
to.somersault to.turn
clarification
eye
time
jungle
relpro
portion
feast
ACTIVE.VOICE to.pull
from
member
will
county
TO.DO.... to.pass
that
morning =THE
by
port,.column
3sg
return.home,.to