woman
cousin
understand,.to.know PART:DS
THAT
PART:DS
hold.
watermelon
be
ACC
no
and
do.so,.to.happen
CON:AC
pour.in PART
finally
go
just
2PIII
1MPIII
do.so,.to.happen
indeed
COMP:DS
1sIII sister.(of.a.male)
1SII
letter
be:here 1SI TNS
1sIII
N
COMP:DS
ENGLISH
CON:AC
toward
no
THAT
creek
which:ones
just
only
THAT
2PI
III
laugh
that CON:AC
2PI
1sIII
be
just
laugh
1sIII
basket
that
1sIII
weave 1SI TNS
both TNS
exist.(of.one) 1SI TNS
just
THAT
you:nom2
little
be
mound
say WHEN
something
1SII younger:sib
do:always
walk.around 1SI USED:TO REM.PAST
be:two
CON:AC
be:together.as.a.couple.or.married
again
look.for
wood
2PII
both
not
prev
cut.(with.a.knife,.broken.glass). PART
hardship
COMP:DS
plural 1PI
THAT
do CAN TNS
which LOC
SHIRT
just
people
just
THAT
go
THAT LOC
USED:TO PST
just
just
be
COMP:DS
just
1SII
COMP:SS
just
begin:to PART
N
USED:TO PST
you:nom2
some
maker
think.(perhaps),.to.reckon TNS
too,.also
plural 1PI
ENGLISH
garden
my.mother
not
year
1sIII
1sIII
1sIII
plant. TNS
COMP:DS
COMP:DS
milk
and:then:ss
be:cold
really
COMP:DS
your:mother
CON:AC
THAT
1sIII
PART:SS
cotton
be:about COMP:DS
1sIII
understand,.to.know 1SI TNS
plural 1PI
2PIII
PART:DS
COMP:DS
woman
little COMP:DS
be
where
be
toward
work. PART
and
be
sit.(of.one)
COMP:PREV
be:in.a.row
be
believe
just
THAT
weave 1SI TNS
just
understand,.to.know 1SI TNS
people
USED:TO REM.PAST
just
1SII wish;.want
that CON:AC
1sIII
tell.
sweet.potato
bead
really
pick.
ins
day
no
that CON:AC
name SUBJECT:MARKER
kind:of
walk.together
plural 1PI
THAT
cook.
husband
too,.also
last.all.day
look PART
town
son
little COMP:DS
ACC
catch. TNS
think.(perhaps),.to.reckon TNS
plant. TNS
clothes
do.so,.to.happen
and:then
year
that CON:AC
go.(of.three.or.more). WHEN
quit PST
I:AM grow.up
adult
basket
that CON:AC
1sIII
subject:marker
THAT
just
just
some
just
and
child
still
1SII
people
III
what?
child
year
be:(of.three.or.more)
just
year
that CON:AC
COMP:SS
again
know
THAT
two.time.periods.before.or.after
not
no
THAT
letter
TOO?
USED:TO PST
make PART
do.so,.to.happen
exist.(of.one) 1SI TNS
pretend,.make.believe. TNS
1sIII father
say WHEN
here,.this OWN TNS
USED:TO PST
1sIII
try. REM.PAST
COMP:DS
cow
1sIII father
just
something
something
letter
we
THAT
COMP:DS
not
plant. TNS
something
THAT
2SII BE:INSTILLED PART
bead
THAT
hardship
not
whatever
subject:marker
PART:DS
no
COMP:DS
plant. PART
be:hungry.
not
plant. TNS
marry REM.PAST
and:then
1SII
what?
do.so,.to.happen
something
CON:AC
COMP:DS
do PST Q
what?
again
good
just
say WHEN
morning
1SII
be
year
no
woman
indeed
LOC finish TNS
that CON:AC
III
USED:TO PST
be:hungry.
something
SHIRT
not
USED:TO PST
year
try. REM.PAST
1sIII
that CON:AC
ACC
child
reside.(plural.subject) WHEN
just
III
1sIII
what?
anything
COMP:DS
subject:marker
III
die. NOM2
teach TNS
six TNS
come WHEN
just
group PART
child
COMP:DS
still
plural 1PI
1sIII
plural 1PI
that CON:AC
no
bead
COMP:DS
how:many
just
1sIII
look.for
what?
somewhere
fry.
woman
just
stay:at 1SI REM.PAST
be:three
just
arrive:y.gr 1SI TNS
come 1SI
make PART
Conehatta
snake
what?
child
you:nom2
COMP:SS
somewhere
what?
make PART
and:then
go.outside.
people
1sIII father
younger:sib
just
1sIII father
die. REM.PAST
just
yes
both TNS
THAT
1sIII father
1sIII father
just
be:two
how PART:SS
think.(perhaps),.to.reckon TNS
grow.up PART
bead
and:then
just
work. CAUS TNS
prev
husband
plural 1PI
snake
THAT
CON:AC
THAT LOC
that CON:AC
exist.(of.one) 1SI TNS
no
people
COMP:DS
ins
cut.(with.a.knife,.broken.glass). PART
COMP:DS
what?
COMP:SS
III
complete REM.PAST
people
be:two
GARDEN
son
THAT
what?
THAT LOC
just
2PI
think.(perhaps),.to.reckon TNS
just
no
go
you:nom2
be:here 1SI TNS
2PI
not
cut.(with.a.knife,.broken.glass). PART
and:then
both
III
subject:marker
yes
COMP:DS
do.so,.to.happen
red
2PI
not
something
sometimes
how:many
subject:marker
morning
yes
do.so,.to.happen
understand,.to.know 1SI TNS
III
noon
woman
hear,.listen
somewhere:else
throw. WHEN
1sIII
something
and:then
group
buy.
son
head
that CON:AC
cow
again
help,.assist. TNS
two.time.periods.before.or.after
THAT
basket
not PST
return
not
watch TNS
what?
just
cotton
where CON:AC
thorn
morning
indeed TNS
just
I:want
laugh
not
DEM NOM2
go.outside.
ACC
be:sad
just
do:always
letter
that CON:AC
woods
THAT
or
1sIII
that CON:AC
my.mother
COMP:DS
III
say.
do.so,.to.happen
arrive:there 1SI WHEN
exist.(of.one) 1SI TNS
ins
just
almost IRR:DS CON:AC
DEBT
COMP:DS
think.(perhaps),.to.reckon TNS
laugh
THAT
that CON:AC
go
something
1sIII father
just
what?
1SII
1sIII
2PI
plural 1PI
die. REM.PAST
THAT
sugarcane
what?
1sIII father
make.bleed
subject:marker
just
go PST
THAT
people
cotton
with
day
do.so,.to.happen
1sIII
be:abou
wish;.want WHEN
group PART
THAT
something
go.(of.three.or.more). PST
just
COMP:PREV
work. PART
COMP:DS
just
toward
something
COMP:DS
whatever
we
do.so,.to.happen
really REM.PAST
shoes
name
DISAPPEAR TNS
come WHEN
not
subject:marker
somewhere
child
RAILROAD.TRACKS
peach
do.so,.to.happen
USED:TO REM.PAST
or
BECAUSE:DS
III
and:then:ss
that CON:AC
child
again
WHATEVER.KIND.OF
plant. PART
be:two
just
go TNS Q
be:(of.three.or.more)
stay,.live.(someplace) REM.PAST Q
COMP:SS
do.so,.to.happen
go COMP:SS
group PART
III
1sIII
arrive:there
kick
reside.(plural.subject)
wood
bead
just
USED:TO REM.PAST
day
1sIII
really REM.PAST
cousin
again
III
III
plural 1PI
and:then
kind:of
COMP:DS
COMP:DS
be:two
child
where
look.for
DEM NOM2
that CON:AC
night
where CON:AC
believe
that CON:AC
BECAUSE:DS
1sIII father
be:two
dress
group
again
1sIII
year
1sIII
people
happen:this:way IRR:DS
2PI
that CON:AC
send REM.PAST
2PI
CON:AC
and
marry REM.PAST
that CON:AC
THAT LOC
look.for WHEN
again
subject:marker
name SUBJECT:MARKER
stand. 1SI TNS
laugh
THAT LOC
cotton
go PST
snake
look
look.for TNS
that CON:AC
peanuts
people
1SII
live
STORE
still
return
COMP:SS
THAT
set:down.(two.or.more)
be:in.a.row
COMP:SS
something
ins
just
1MPIII
DEM NOM2
THAT LOC
die.
child
basket
how PART:SS
catch.up.to POT no
N
want
WHATEVER.KIND.OF
again
THAT
LOC learn 1SI
stand. 1SI TNS
1SII
move.away PART
somewhere
work. REM.PAST
be
be:aware,.to.be.conscious 1SI
edge
basket
morning
laugh
LOC arrive.(here) REM.PAST
just
woman PART
1sIII father
laugh
doctor
finally
clothes
just
understand,.to.know 1SI TNS
child
bead
BECAUSE:DS
die.
USED:TO PST
THAT
say.
that CON:AC
be:here 1SI TNS
2PI
woman
THAT LOC
woman
finally
what?
understand,.to.know 1SI TNS
be:(of.three.or.more)
USED:TO PST
wood
somewhere
that
THAT
COMP:DS
1sIII
come
look.for WHEN
say. PART
be:cold
somewhere
understand,.to.know 1SI TNS
just
live
be:here 1SI TNS
no
anything
just
COMP:DS
yes
SINCE:DS
again
YOU 1SIII
speak,.say,.talk 1SI IRR TNS
that CON:AC
arrive.(here)
plural 1PI
laugh
no
whatever
know
1sIII
THAT
not
yes
and:then
COMP:DS
plant. TNS
DEM NOM2
speak,.say,.talk PART
year
do PST Q
group
THAT
PART:DS
THAT
morning
and
say:something
stay,.live.(someplace) 1SI
tell. POT TNS Q
teach TNS
prev
do.so,.to.happen
III
stay,.live.(someplace) 1SI
just
bead
people
that CON:AC
just
just
arrive:there WHEN
do.so,.to.happen
something
DEM NOM2
mother
learn
hear,.listen
learn
bush
just
teach TNS
prev
THAT
something
work. PART
my.mother
be:here 1SI USED:TO REM.PAST
here,.this CON:AC
III
again
return
child
cow
1SII
good
people
just
plural 1PI
that CON:AC
plural 1PI
learn
just
BECAUSE:DS
fry.
good POT
people
THAT
no
THAT
do.so,.to.happen
PART:DS
CON:AC
do.so,.to.happen
people
no
TODAY,.THIS.DAY
THAT LOC
just
what?
LOC finish TNS
ins
little
be
2PI
just
THAT LOC
move.away PART
no
work. 1SI
woman PART
1SII
year
that CON:AC
laugh
you:nom2
not
just
right:now
GARDEN
really
1SII
just
say.
1MPIII
how:long LOC
no
very
morning
towards
CON:AC
you:nom2
speak,.say,.talk PART
PART:DS
my.mother
laugh
again
1MPIII
1sIII
plant. TNS
edge
COMP:PREV
1MPIII
finish:ygr
and:then:ss
only
2PI
my.mother
be:about COMP:DS
again
ACC
no
like:this
with
plural 1PI
III father
THAT
a:plant
something
just
again
female
do.so,.to.happen
which LOC
prev
USED:TO PST
2PI
good
do.so,.to.happen
1sIII
be
THAT
USED:TO PST
DEM NOM2
teach TNS
no
cry. WHEN
just
that CON:AC
child
1sIII
and:then
that CON:AC
year
just
no
THAT
ins
just
speak,.say,.talk
just
ins
just
THAT LOC
III stand:du TNS
tell. POT TNS Q
work. 1SI
morning
loc 1SII be:born. REM.PAST
get.out,.take.out IRR TNS
not
sit.(of.one)
speak,.say,.talk
dress
just
finish. 1SI REM.PAST
SINCE:DS
put.(one).in.a.row TNS
and
THAT
laugh
ENGLISH
plural 1PI
cotton
you:nom2
be:two
be:here 1SI TNS
THAT
plural 1PI
III
Pearl.River.community
1sIII
STORE
2PI
plural 1PI
go.(of.three.or.more). PST
THAT
still TNS
child
YOU 1SIII
think.(perhaps),.to.reckon TNS
want WHEN
1sIII sister.(of.a.male)
really
be
PART:DS
towards
just
no
THAT LOC
down
Pearl.River.community
that CON:AC
morning
WHATEVER.KIND.OF
not
say. TNS
III
name.
RAILROAD.TRACKS
woman PART
1sIII father
be:big,.large
do.so,.to.happen
III
and
and:then
not
THAT
when:indef
THAT
1SII
go.away 1SI REM.PAST PART:SS
COMP:DS
morning
PART:DS
no
not
think.(perhaps),.to.reckon TNS
III
woods
understand,.to.know 1SI TNS
that CON:AC
say:something
go PST
THAT LOC
and
plural 1PI
some
two.time.periods.before.or.after
teach TNS
we
that CON:AC
1MPIII
exist.(of.three.or.more). PART
PART:DS
again
USED:TO PST
and
plant. TNS
THAT
plant. TNS
III
snake
THAT
just
we OWN PART
pour.in PART
COMP:DS
COMP:DS
just
no
maker
stay:at 1SI REM.PAST
that CON:AC
be:(of.three.or.more)
COMP:DS
1sIII
N
2PI