ACTIVE.VOICE to.become
from
child
3sg
ACTIVE.VOICE to.carry
like.that
fate
year
ACTIVE.VOICE to.help
relpro sail
BELIEVE,.TO
night
finish.off,.to
what.will.come
even.(also)
for
ORDINAL nine
that,.those
from
rich
cloth
CHARACTERSTIC.OF happy CHARACTERSTIC.OF
police
AFTER
to.bow
citizen
and
to.carry ACTIVE.VOICE return.(go.back)
to,..toward.(a.place)
handsome
possession GIVE.X.TO
TO.HAVE.... road
ACTIVE.VOICE enter,.to DURATIVE?
again
port,.column
with
Engkeran
ACTIVE.VOICE try
from
to.marry
ACTIVE.VOICE to.produce
the.time.(that.something.happens) =THE
laugh,.to smile,.to REPEATEDLY
alone ADVERBIALIZER
child
Engkeran
because
PAS.TR to.tie
by
towards
just
relpro sail
that,.those
to.cheat.on =3SG
be,.exist,.have
NOMINALIZER power NOMINALIZER
cousin =3SG
day
alas
to.produce
O
3mp
fish
3mp
BELIEVE,.TO
more.(comparative.quality)
know,.to
day
neg
to,..toward.(a.place)
ACTIVE.VOICE try
be,.exist,.have
alcoholic.drink
garden
and
ONE way,.method
ACTIVE.VOICE pick.up
will
to,..toward.(a.place)
that,.those
result
nation,.country
fortune.teller
that,.those
neg
lazy
go to.read.holy.books POLITE.IMPERATIVE
uncle =1SG
little.(small) =3SG
TRANS to.carry CAUSATIVE TRANS return.home,.to
disaster
expert
Singkil
very
even.(also)
prayer
if
relpro sail
and
3sg
Engkeran
mattress
neg
RDP hama
king
person
so
THE.PROCESS.OF Tambah
TO.HAVE.... prayer
QUEEN =THE
patient.(calm)
PAS.TR begin,.to
ACTIVE.VOICE watch,.look,.see
RDP time
king
3sg
however
one
ACTIVE.VOICE to.fall
uncle =3SG
Engkeran
ACTIVE.VOICE feel,.to
that,.those
to.marry
PASS.TR to.pierce PASS.TR
begin,.to
school TO.CAUSE.TO.BE.A...
to.use
ACTIVE.VOICE kill
expert
to.continue
water.buffalo
PASS.INTR to.hold.back =3SG
to.use
heart
entire
to.(a.person) =3SG
and
negativizer
alone
number
ONE way,.method
PERSON.WHO.DOES.... farmer
bedroom
ONE year
free
PASSIVE story PASSIVE
BOY
TO.HAVE.... RDP jungle
done.(finished)
harvest
father
TO.HAVE.... road
People
to.continue
you.(hon)
PARENTS
CAUSATIVE to.collapse CAUSATIVE
born =THE
one
RDP amount
1sg
neg
guard
ACTIVE.VOICE enter,.to DURATIVE?
NOMINALIZER TO.GO.DOWN NOMINALIZER
day
that,.those
with
relpro sail
neg
alone
neg
child =3SG
to.here
from
to.marry
to,..toward.(a.place)
REDUPLICATION PERSON.WHO... young
entire
relpro sail
TO.CAUSE.TO.BECOME... foreign TO.CAUSE.TO.BECOME...
be,.exist,.have
nation,.country
PAS.TR to.kick to.lunge
story =THE
line
to.there.(far) to.here
that,.those
PAS.TR Tambah
competition =3SG
3sg
strong.desire
behavior =3SG
relpro sail
and
alone
to,..toward.(a.place)
AS.IF
ACTIVE.VOICE to.produce
and
relpro sail
HAVING.TO.DO.WITH... jungle HAVING.TO.DO.WITH...
and
again
NOMINALIZER come,.to NOMINALIZER
the.reason.something.happens
Perhaps,.probably
fear GIVE.X.TO
that,.those
WHAT
self =3SG
maybe
cousin
tax
AFTER
will
to.arrive =FRONTED.ELEMENT
thing
thing
three
feel,.to IMPERATIVE
by
water.buffalo
neg
from
evil =3SG
GIRL
amount
that,.those
done.(finished)
O
PAS.TR to.give
alas
REPEATED.ACTION to.arrive REPEATED.ACTION
THE.ACT.OF.... barren THE.ACT.OF....
thing,.item
CAUSATIVE to.be.certain CAUSATIVE
just
PLURAL child
happy
to.wait
sail
one
family.of.guardian
RDP anxiety
3mp
to.be.able.to
PENGULU.MUDE
under
and
that,.those
prayer
go to.read.holy.books
that,.those
police
PASS.INTR to.see PASS.INTR
continue
old.(of.things)
to.there
even.(also)
old.(of.things)
smooth.(of.surfaces)
magic
one
very
with
and
relpro sail
to.arrive
by
to.be.full
master =1SG
1sg
heart
to.marry
wealth
sleep,.to
and
gate
to.be.pregnant
for
that,.those
CHARACTERSTIC.OF honest CHARACTERSTIC.OF
again
PAS.TR kill
also
TO.HAVE.... COOPERATION
Gayo
husband
DURATIVE? play,.to DURATIVE?
to.live.(be.alive)
to.find
for
until
do.not!
child
must =3SG
they,.them
county
Engkeran
relpro sail
relpro sail
TO.HAVE.... high.emotion
many
for
be,.exist,.have
PARENTS =THE
that,.those
3sg
with
neg
year
strange
jungle
from
again
QUEEN
PLURAL child
mother =2ND.PERSON
order.(command)
=2ND.PERSON
Singkil
wood
from
3sg.Hon
yet,.not.yet
poor
Engkeran
REPEATED.ACTION jump,.to
one
nation,.country
alone
that,.those
will
because.of
great,.formidable
child
magical
neg
heart =3SG
that,.those
and
begin,.to
order
3mp
servant
root
useless
PASS.INTR to.circumcise PASS.INTR =3SG
relpro sail
relpro sail
and
very
river =THE
ACTIVE.VOICE to.build CAUSATIVE =3SG
to.want
until
that,.those
neg
that,.those
be,.exist,.have
only intensifier
palm.tree
to,..toward.(a.place)
GIRL
ACTIVE.VOICE read
relpro sail
wear,.to
ACTIVE.VOICE strike,.hit
Natam
joy
from
bamboo
wife
neg
just
we.(excludes.the.one.adddressed)
from
just
TO.DO.... drug,.medicine
and
on.arriving
nephew =3SG
BRU.DINAM
to.break hope
CAUSATIVE scrub,.to CAUSATIVE
only
done.(finished)
ONE person
RDP amount
RDP amount
PERSON.WHO... to.continue
ACTIVE.VOICE to.become
have.been,.ever
do.not!
TO.HAVE.... RDP light
with
HUMAN
done.(finished)
and
even.(also)
mat
also
chasm
neg
that,.those INTENSIFIER
yard
alas
CHARACTERSTIC.OF surprised CHARACTERSTIC.OF
PENGULU.MUDE
to.invite =THE
VARIETY fruit VARIETY
cry.out,.to
HAVING.TO.DO.WITH... border,.edge HAVING.TO.DO.WITH...
to,..toward.(a.place)
ACTIVE.VOICE to.carry
ACTIVE.VOICE eat
ACTIVE.VOICE to.view.as
with
again
TO.DO
to.arrive =FRONTED.ELEMENT
from
we
ACTIVE.VOICE to.organize
come.on =FRONTED.ELEMENT
to.find
request.to.(informally) to.be.able.to
meet,.to
prosperous
TO.HAVE.... thousand
TO.GO.TO.... methamphetamine
neg
we.(excludes.the.one.adddressed)
king
previously.mentioned
so
entire
to.use
2sg
all
NOMINALIZER TO.GO.DOWN NOMINALIZER
alas
ACTIVE.VOICE to.help
king
alone
ONE.OF
with
with
father =3SG
with
husband
to.intend
by
Natam
expert
AS.IF
uncle =3SG
just
to.want
weight
this
condition
do.not!
situation
relpro sail
day untuk day
emphasis
even.(also)
to.be.a.group OBJECT.OF.VERB
young
expert
TOWARD.(A.PERSON) =2ND.PERSON
for
to.arrive
ONE person
if
ATTRIBUTE
to,..toward.(a.place)
person
water.buffalo
all
on.(of.dates)
AFTER
do.not!
person
king
garden
1sg
PAS.TR to.continue REPEATEDLY
HUMAN
BRU.DINAM
alone
and
to.live.(be.alive)
relpro sail
by
that,.those
difficult
NOMINALIZER come,.to NOMINALIZER
that,.those
worried
fortune.teller
land
but
TO.HAVE.... school IMPERATIVE
with
the.reason.something.happens
intention
cunning
grilled
CHARACTERSTIC.OF far CHARACTERSTIC.OF
CAN scrub,.to CAN
presently,.nowadays
that,.those
child
with
PAS.TR to.pull return.home,.to
that,.those
ACTIVE.VOICE to.somersault to.turn IMPERATIVE
PENGULU.MUDE
return.home,.to
3mp
negativizer
by
NOMINALIZER to.arrive NOMINALIZER =3SG
be,.exist,.have
1sg
strange
3mp
to.search.for REPEATEDLY
only
shirt =2ND.PERSON
NOMINALIZER worried NOMINALIZER
and
that,.those
very
to.be.able.to
jungle
lazy
TO.GO.TO.... uterus
jungle
like
neg
to.propose.(marriage) OBJECT.OF.VERB
magical
3sg
day
again
boyfriend =3SG
PAS.TR to.shelter DURATIVE?
boat
sit.down,.to
TO.DO.... THINK,.TO
ACTIVE.VOICE to.approach DURATIVE?
PARENTS
Singkil
one
will
that
and
find,.to
child
exactly
that,.those
Permanent
be,.exist,.have
so
come,.to =FRONTED.ELEMENT
presently,.nowadays
relpro sail
neg
ONE person
will
so.that
child
top
DURATIVE? to.pull DURATIVE?
PAS.TR to.give know,.to
to,..toward.(a.place)
do.not!
day
that,.those
less
land
concerned
with
neg
relpro sail
mother
self =3SG
ACTIVE.VOICE to.become
BRU.DINAM
CHARACTERSTIC.OF pretty.(of.women) CHARACTERSTIC.OF
ACTIVE.VOICE to.colonize
many
news
and
drink,.to
from
banana
land
entire
negativizer
king
also
for
to.lead
3mp
just.right
if
participate
one
relpro sail
that,.those
TO.HAVE.... sail
and
TO.BE.... prepared,.ready
almost
to.produce OBJECT.OF.VERB
TO.BE.... large
NOMINALIZER innocent NOMINALIZER
ACTIVE.VOICE to.take.care.of
from
disaster
large
to.threaten OBJECT.OF.VERB
person
3sg
with
PARENTS =3SG
3sg
rice.(cooked)
will
water.buffalo
day
to.continue
to,..toward.(a.place)
PAS.TR to.arrange =FRONTED.ELEMENT
and
to.have
complicated
and
GIRL
RDP time
ACTIVE.VOICE to.strike
Engkeran
meaning
Karo
king
HUMAN
because
to.do
that,.those
only
Engkeran
wife =3SG
alone
with
to,..toward.(a.place)
HAVING.TO.DO.WITH... border,.edge HAVING.TO.DO.WITH...
ABILITATIVE except
go
result
TO.DO.... age
to.carry REPEATEDLY TRANS return.home,.to
wood
vegetable
fortune.teller
king
unemployment
and
CAUSATIVE to.wash CAUSATIVE
that,.those
plant
3mp
relpro sail
TO.BE.... SUITABLE
such.as
even.(also)
member
that,.those
and
to,..toward.(a.place)
neg
wrong,.false
and
1sg
lie,.tell.a.falsehood REPEATEDLY =3SG
NOMINALIZER born NOMINALIZER =3SG
TRAN.PAS possession TRAN.PAS
pair.of
old.(of.things) MEASURE.NOMINALIZER
type,.sort
we
day
vegetable VARIETY
RDP slowly
and
juga
big.(size)
lose.money,.to
THERE
person
ONE.OF
1sg
alone
uncle =3SG
return.home,.to
magical
program,.schedule
dad
just =FRONTED.ELEMENT
very
QUEEN =3SG
BRU.DINAM
day
previously.mentioned
ABILITATIVE kill
to.like
age
for
body
and
TRANS to.hit =3SG
begin,.to
even.(also)
we.(excludes.the.one.adddressed)
citizen
1sg
to.intend
and
cousin =2ND.PERSON
to,..toward.(a.place)
sad =THE
ONE person
PAS.TR Tambah
other =3SG
thus
stand.up,.to
land
finish.off,.to =3SG
very
depart,.to =FRONTED.ELEMENT
servant
relpro sail
neg
disappointing
only
even.(also)
to.want =3SG
to.be.a.group OBJECT.OF.VERB
actually
that,.those
behavior
to.arrive
again
do.not!
children
PAS.TR to.carry ACTIVE.VOICE return.(go.back)
that,.those
O
just
Engkeran
fortune.teller
thing
ONE RDP intend,.to
or
land
PAST.TIME
HAVING.TO.DO.WITH... plan HAVING.TO.DO.WITH... =3SG
tragic
for
SLOWLY
again
self
sir
love
again
very
for
3sg
seven
relpro sail
relpro sail
after
from
thing,.item
little.(not.inch)
city
relpro sail
to.search.for REPEATEDLY
=3SG
a
this
but
maybe
presently,.nowadays
neg
TO.GO.TO.... drug,.medicine
heart =3SG
very
we
go.up,.climb
big.(size)
plan
yet,.not.yet
to.kick to.lunge REPEATEDLY
PERSON.WHO.HAS.... power
one
BOY
3sg
PASS.INTR to.kick to.lunge CAUSATIVE
what.will.come
compost
rice.(cooked)
coast
REPEATED.ACTION drink,.to
jungle
that,.those INTENSIFIER
sticky.rice
jungle
very
we.(excludes.the.one.adddressed)
this
PARENTS
happy
if
relpro sail
just
heart
again
ABILITATIVE to.cause
to,..toward.(a.place)
Natam
neg
with
field
and
aah
TO.HAVE.... school
PERSON.WHO... to.carry
and
first
so.that
PASSIVE foreign PASSIVE
CAUSATIVE send,.to CAUSATIVE
time
city
and
be,.exist,.have
to.be.visible
we
ONE person
TO.DO.... to.produce
PENGULU.MUDE
PLURAL concubine
guardian =THE
ABILITATIVE to.pull
intention
nation,.country
to.use
we.(excludes.the.one.adddressed)
wife =3SG
noise
child
PENGULU.MUDE emphasis
older.sibling
to,..toward.(a.place)
one
that,.those
also
BRU.DINAM
only
king
even.(also)
neg
again
emphasis
two
BRU.DINAM
child
king
relpro sail
PASS.INTR to.want CAUSATIVE
where
needle
again
rice.(uncooked.grains)
TO.DO.... THINK,.TO
from
GIRL
part =3SG
heart
ONE 3mp
bamboo
if
salt
3mp
ONE 3mp
even.(also)
to.live.(be.alive)
PENGULU.MUDE
to.continue
mother =3SG also
thankfulness
person
entire
for
PERSON.WHO.DOES.... to.visit
depart,.to =FRONTED.ELEMENT
to,..toward.(a.place) Engkeran
self
that,.those
Engkeran
also
3sg
PENGULU.MUDE
large
1sg
TO.HAVE.... mouth.of.a.river
1sg
mother
CHARACTERSTIC.OF active CHARACTERSTIC.OF
NOMINALIZER to.live.(be.alive) NOMINALIZER =THE
and
effort
later =3SG
to.intend
with
ACTIVE.VOICE kill
PERSON.WHO.HAS.... power
will
child
PAS.TR strike,.hit =FRONTED.ELEMENT
stone
PAS.TR to.hold.back
to.be.able.to
boyfriend
older.sibling
nation,.country
for
other =THE
neg
PAS.TR to.invite
this
3sg
this
with
3sg
Gurah
to.use
value GIVE.X.TO
ACTIVE.VOICE kill =3SG
to.hold IMPERATIVE
IF
ACTIVE.VOICE to.become
to,..toward.(a.place)
with
grass =THE
magic
BOY
news
just
ACTIVE.VOICE get,.receive CAUSATIVE
only
vile
we
that,.those
PASS.INTR to.compare PASS.INTR
true
with
child =3SG
that
all
ACTIVE.VOICE to.carry
if
TO.DO.... to.grow =3SG
chasm
NOMINALIZER TO.GO.DOWN NOMINALIZER
that,.those
relpro sail
every
all
birth.mother =3SG
previously.mentioned
if
CAUSATIVE to.somersault to.turn CAUSATIVE
because
neg
have.been,.ever
done.(finished)
seven
what.will.come
PASS.INTR to.pull PASS.INTR
to.continue
ACTIVE.VOICE watch,.look,.see
woman
farmer
PULAU.BIANG
self
and
ACTIVE.VOICE to.spread =3SG
neg
also
O
again
ABILITATIVE sit.down,.to TO.HAVE.... cross.legged.position
previously.mentioned
ACTIVE.VOICE live.(stay.in.a.place) CAUSATIVE =3SG
to.appear =FRONTED.ELEMENT
Natam
ACTIVE.VOICE terjemah CAUSATIVE
better
to.marry
that,.those
ACTIVE.VOICE to.be.visible
also
finish.off,.to
so.that
land
dad EMPHASIS
get,.receive REPEATEDLY
master =1SG
effort
3sg
wood
and
with
school =THE
be,.exist,.have
who INTERROGATIVE
must
you.(all)
HAVING.THE.SAME time
PENGULU.MUDE
PAS.TR Tambah
river =THE
good
that,.those
time
ACTIVE.VOICE cut,.to
PAS.TR to.name
like
ACTIVE.VOICE to.become
ACTIVE.VOICE try
to.be.a.group OBJECT.OF.VERB
disaster
morning =3SG
child
to.be.intended
number
relpro sail
machete
HUMAN
3sg
neg
wood
water.buffalo
neg
that,.those
rubber
with
city
with
very
ACTIVE.VOICE watch,.look,.see
1sg
DURATIVE? eat DURATIVE?
behind
quiet
PLURAL child
master
TOWARD.(A.PERSON) =3SG
only
uncle =3SG
3mp
just.right
rotan THAT
to.want
be,.exist,.have
area
THERE
Natam
3sg
and
heart
3sg
king
cloth
news
king
only polite.imperative
water
alas
to,..toward.(a.place) jungle
PERSON.WHO.HAS.... shepherd
to,..toward.(a.place)
master =1SG
PAS.TR to.mutilate
king
force,.to
HOW?
with
even.(also)
=3SG
poor
however
PENGULU.MUDE
fortune.teller
we.(excludes.the.one.adddressed)
body
according.to
ACTIVE.VOICE obey,.to DURATIVE?
to.continue
neg
life =3SG
be,.exist,.have
neg
Engkeran
that,.those
big.(size)
niece =3SG
bone
age
neg
you.(hon)
with
late
also
jungle
worried
and
indeed
on.(of.dates)
jungle
very
HOW? also
person
CAUSATIVE live.(stay.in.a.place) CAUSATIVE
if
HERE
to,..toward.(a.place)
again
ABILITATIVE sit.down,.to TO.HAVE.... cross.legged.position
CAUSATIVE hear,.to CAUSATIVE
3mp
waist
king
so.that
father
king
ONE result
and
for
chisel
CAUSATIVE to.build CAUSATIVE
in.the.process.of
body
again
PASS.INTR go to.read.holy.books PASS.INTR
if
Permanent
TO.HAVE.... rights
return.home,.to polite.imperative
water
as.if
easy
BLANGKEJEREN
again
to.be.capable.of
again
day
ACTIVE.VOICE eat
TO.HAVE.... RDP year
be,.exist,.have
Gayo
and
TO.HAVE.... effort
grass
ONE moon
ACTIVE.VOICE watch,.look,.see
like
king
but
danger
to.carry INTENSIFIER return.home,.to INTENSIFIER
People
and
with
wife =2ND.PERSON
to.carry REPEATEDLY TRANS return.home,.to
ACTIVE.VOICE try
QUEEN =THE
fortune.teller
even.(also)
king
neg
go to.read.holy.books EMPHASIS
father biological =3SG
portion
RECIPRICAL turn,.make.a.turn RECIPRICAL
you.(all)
Natam
merchant
relpro sail
father
heart
PLURAL child =3SG
neg
ACTIVE.VOICE to.receive
for
roof
heart
CHARACTERSTIC.OF complicated CHARACTERSTIC.OF
CHARACTERSTIC.OF happy CHARACTERSTIC.OF
land
intend,.to
neg
ONE person
heart
ACTIVE.VOICE to.bother
we
with
same
CAN to.search.for CAN
large
to,..toward.(a.place)
PAS.TR to.produce
life =3SG
bicycle
if
about
apparently
heart
bored
and
WHAT
city
happy
and
woman
TRAN.PAS possession TRAN.PAS
thing
THE.ACT.OF.... to.stand THE.ACT.OF.... =3SG
BOY
neg
portion
even.(also)
even.(also)
TO.DO.... to.throw
just
without
legitimate
water
lose.money,.to
relpro sail
speak
but
news
to,..toward.(a.place)
4.5
feel,.to
that,.those
port,.column
for
only
ABILITATIVE to.become
mother
from
not
so.that
wife
that
order.(command)
to.intend
PULAU.BIANG
to.continue
and
TO.HAVE.... mountain
following
HUMAN
child
on.(of.dates)
not
king
because
back
that,.those
to,..toward.(a.place)
with
so
that,.those
root
that,.those
to.leave =FRONTED.ELEMENT
CHARACTERSTIC.OF important CHARACTERSTIC.OF
relpro sail
RDP grandmother
only intensifier
rice.(uncooked.grains)
representative =3SG
do.not!
push
ACTIVE.VOICE opponent =3SG
3sg
to.divorce
but
sail
to.be.capable.of
negativizer
PERSON.WHO.DOES.... to.visit
RDP type,.sort
even.(also)
master =1SG
such.as
you.(hon)
have.been,.ever
laugh,.to smile,.to REPEATEDLY
BOY
ONE person
very
again
what.will.come
PLURAL cry.out,.to OBJECT.OF.VERB
that
Singkil
order.(command)
king
all
TO.HAVE.... ricefleld
Singkil
also
and
nephew =3SG
we
TO.CARE.ABOUT
because
have.been,.ever
not
enter,.to REPEATEDLY
PLURAL home
child =3SG
feel,.to =3SG
fortune.teller
to,..toward.(a.place) home
ONE person
all
reward
fortune.teller
from
desire,.to
but
situation
body
CAUSATIVE go CAUSATIVE to.read.holy.books
that,.those
only
and
ONE person
or
again
PAS.TR certain IMPERATIVE
and
we
steep
exit
CRAFTSMAN
older.sibling
relpro sail
ONE day
that,.those
citizen
to,..toward.(a.place)
ACTIVE.VOICE to.send.someone
from
food
hat
the.most.recent
neg
presently,.nowadays
difficult
cry.out,.to
younger.brother.or.sister =2ND.PERSON
request.to.(informally)
rotan
ONLY
PLEASE.GO.AHEAD
disaster
to.intend
mother
so
that
good
food.stand
child =3SG
king
then
that,.those
child
land
by
for
QUEEN
or
ABILITATIVE to.hit
GIRL
and
that
joy
one
with
but
such.as
ACTIVE.VOICE to.hold.back
hope,.to OBJECT.OF.VERB
to.pick.up.(something) IMPERATIVE
with
entire
king
dagger
PARENTS =THE
first
sibling =3SG
confidence polite.imperative
neg
TRAN.PAS blessing TRAN.PAS
done.(finished)
TO.STRUGGLE
relpro sail
ACTIVE.VOICE to.search.for
portion
first
intention
PASSIVE word PASSIVE
Engkeran
god
neg
to.order.something
to.arrive =FRONTED.ELEMENT
PARENTS =3SG
child
but
ABILITATIVE to.somersault to.turn
just
that,.those
nation,.country
calm
CAN eat CAN
no,.not.(of.nouns)
without
Natam
with
sail
for
desire,.to
to,..toward.(a.place)
ACTIVE.VOICE sure CAUSATIVE
fertile
that,.those
not
figure
every
you.(hon)
PENGULU.MUDE
king
such.as
TO.GO.DOWN ACTIVE.VOICE TO.GO.DOWN
BOY
safe,.secure
head
TO.DO.... speak
younger.brother.or.sister =2ND.PERSON
ABILITATIVE to.look
many
despite
relpro sail
be,.exist,.have
suffer,.to
get,.receive
and
only
father =3SG
NOMINALIZER to.arrive NOMINALIZER
fruit heart
serving.tray
PAS.TR pick.up
day
TO.HAVE.... family
cloth
PAS.TR to.tie
this
where
tribe
3sg
PAS.TR to.lead
to.find
master =1SG
2sg
fortune.teller
and
coconut
behind
ACTIVE.VOICE greet,.to.receive
PENGULU.MUDE
with
live.(stay.in.a.place)
embarrassed
ACTIVE.VOICE hear,.to
presently,.nowadays
that,.those
TO.HAVE.... rank,.station.in.life
neg
this
only
neg
even.(also)
to.marry
previously.mentioned
fish
to.marry
with
brother,.older
uncle =3SG
negativizer
wealth
be,.exist,.have
mother
niece =3SG
that,.those
alas
again
go
ACTIVE.VOICE to.carry
first
group
since
PARENTS =THE
BRU.DINAM
very,.extremely
ACTIVE.VOICE to.become
THE.ACT.OF.... move,.to THE.ACT.OF.... =3SG
again
and
negativizer
one
remeh
sit.down,.to cross.legged.position IMPERATIVE
person
master =1SG
TO.DO.... TO.BREATH.HEAVILY
will
with
child
love
for.me
ACTIVE.VOICE to.find
to.give TRULY
animal
good
only
and
that,.those
guard
mother =2ND.PERSON
cloth
sad =THE
difficult
for
thing
also
king
valley
to.be.able.to
ONE child =3SG
also
jungle
woi
and
even.though
that,.those
happy
heart
person
system
watch,.look,.see
king
1sg
prepared,.ready
always
even.(also)
who
news
THE.ACT.OF.... to.think THE.ACT.OF....
with
ACTIVE.VOICE request.to.(informally)
inheritance
white
CAUSATIVE to.become CAUSATIVE =3SG
SIXTY two
relpro sail
and
participate
ACTIVE.VOICE to.pull
1sg
this
you.(hon)
with =3SG
night
PASSIVE way,.method PASSIVE
child that,.those
garden
inner.soul
if
but
that,.those
TO.GO.TO.... top
go.up,.climb
with
by
TO.HAVE.... road
EACH space
such.as
sit.down,.to cross.legged.position POLITE.IMPERATIVE
TO.BE.... sad =3SG
EIGHTTEEN
younger.brother.or.sister =2ND.PERSON