белке#maybe
кумаз#as.soon.as -ни#AND;FOCUS
за#1sg.ERG -з#DAT
бала#baby -яр#PL
жув#us а#ERG
гада#boy
руш#girl
как.раз#THIS
за#1sg.ERG -з#DAT
и#this
за#1sg.ERG -з#DAT
лугь#say -уда#ENT
къач#buy -уна#AOC
хъсан#good -вил#.NESS -ер#PL
руш#girl -а#OBL -л#SP -NULL#ESS
гада#boy -ди#OBL -з#DAT
аниз#there.to
экъецӏ#appear -на#AOC
са#one
бес#but
гъил#hand -и#OBL -к#SB -ай#EL
тухв#take -ана#AOC
са#one
вуч#what
зу#my
иеси#owner
лепе#wave -яр#PL
югъ#day
лагь#say -ана#AOR
зурзун#tremor
вад#five
са#one
жаза#punishment
ф#go -ена#AOR
лезги#Lezgi
шап#slam -на#AOR
лагь#say -ана#AOR
руш#girl а#ERG -ни#AND;FOCUS
куьмек#help -да#FUT
кьве#two
пачагь#king -ди#OBL -з#DAT
сонра#after
пара#very
гаф#word -ар#PL
жеш#will.not.be
гада#boy
ава#is -ч#NEG
руш#girl
свас#wife
им#he
ини#here -з#DAT
фикир#thought
гьах#enter -нава#PERF
и#this
ф#go -изва#IMPF
гьана#there -ни#AND;FOCUS
и#this
хъф#go.again,return -ида#FUT
за#1sg.ERG -з#DAT
жаван#young
хьайтӏани#if.is
иер#beautiful
вуч#what -и#ERG -з#DAT
эцек#put -на#AOR
хт#return -ана#AOR
пачагь#king
чун#1pl.abs
сакӏани#in.no.way
гада#boy -ди#ERG -ни#AND;FOCUS
вад#five
яхцӏур#fourty
шоллар#Shollar.from -ди#DIR -з#DAT
гада#boy -ди#OBL -з#DAT -ни#AND;FOCUS
къалуртав#show -мир#PROH
а#that
пек#cloth -ер#PL
пачагь#king
къвед#two
вун#2sg.abs а#ERG -ни#AND;FOCUS
г#give -ана#AOR
зу#1sg.gen
хам#leather
туш#cop.NEG
лугь#say -уда#ENT
ашкъи#love -ди#OBL -н#GEN
лагь#say -ана#AOR
и#this
вири#all
и#this
вилаят#country -ди#OBL -з#DAT
ва#2sg -з#DAT
самур#"Samur"
ахпа#then
отдыхат#rest -из#INF
фронт#front.line
чун#1pl.abs
хъсан#good
хьа#happened -нава#PERF
ки#that
лугь#say -узва#IMPF -й#PTCP
мукьвад#relative
ч#know -ида#FUT -й#PTCP
икьван#so.much
лагь#say -ана#AOR
кь#catch -уна#AOC
дербент#Derbent.in -ди#OBL -з#DAT
гутун#attach -на#AOC
гъ#bring -ана#AOR
ккӏ#fight -ида#FUT
лугь#say -уда#ENT
лугь#say -уда#ENT
жи#1pl.gen
кан#dear -и#ERG -вил#.NESS -и#ERG -н#GEN
ча#1pl.gen -з#DAT
жив#snow
ийизватӏани#if.be
бес#but
ий#make -ида#FUT -й#PST
кӏвал#house
юлдаш#friend -ар#PL -и#OBL -к#SB -ай#EL
гьейет#yard -да#OBL -л#SP -NULL#ESS
кван#please.do
вуч#what -и#ERG -н#GEN
халу#uncle
руш#girl
ий#make -изва#IMPF
пачагь#king
станция#station -да#OBL -л#SP -NULL#ESS
эвер#call -ана#AOR
палкан#horse
за#1sg.ERG
агат#approach -из#INF
пачагь#king -ди#OBL -н#GEN
къалуртав#show -мир#PROH
вун#2sg.abs а#ERG
шеъ#thing
мад#more -ни#AND;FOCUS
кьил#chapter -е#OBL -л#SP -NULL#ESS
са#one
ида#be
лугь#say -уда#ENT
пачагь#king
за#1sg.ERG -з#DAT
за#1sg.ERG
негъе#evening
лугь#say -уда#ENT
ама#still.be,.remain
ван#voice
са#one
хъв#drink -ан#HORT
ф#go -ена#AOC
и#this
отношение#relationship
гьадисе#happening
жи#our
кӏвал#house -е#IN -NULL#ESS
балкӏан#horse -ди#OBL -н#GEN
вун#you
тир#was
балхун#balcony -да#IN -й#EL
жув#us а#ERG
гьеле-меле#every.time
граница#border. -ди#DIR -з#DAT
ну#well
за#1sg.ERG
къулухъ#after
кӏвал#house
ада#he
галукь#hit
немец#german.person -ар#PL -и#OBL -з#DAT
за#1sg.ERG -з#DAT
са#one
туш#cop.NEG
рикӏ#heart
и#this
фикир#thought
ф#go -ена#AOR
це#give
пачагь#king
са#one
лагь#say -ана#AOR
тамаш#look -на#AOC
лагь#say -ана#AOR
хир#is
и#this
са#one
кӏан#want -зава#IMPF
вич#himself -и#ERG -н#GEN
хт#return -ана#AOR
икӏа#like.this
къерех#side -ди#OBL -з#DAT
чи#1pl.gen
галаз#with
тухв#take -ана#AOC
эрмени#armenian -ди#OBL -хъ#PT -NULL#ESS
къач#buy -уна#AOR
къе#today
сувар#Holiday -и#OBL -л#SP -ай#EL
мама#mother
башламиш#start -да#ENT
са#one
он#ten
лугь#say -уда#ENT
чан#dear
кӏвалах#deed
лугь#say -уда#ENT
свас#wife
а#that
и#this
лугь#say -уда#ENT
дугъридан#really -ни#AND;FOCUS
цӏай#fire -и#OBL -н#GEN
са#one
ф#go -ида#FUT -й#PTCP -ла#TEMP
къул#fireplace -а#IN -NULL#ESS
и#this
югъ#day
рикӏ#heart
т#put -ада#ENT
ак#look на#you -ни#AND;FOCUS
сер#business -ди#OBL -з#DAT
кве#two
лагь#say -ана#AOR
куьтях#finish -на#AOR
къе#today
гъел#plough
за#1sg.ERG
лагь#say -ана#AOR
рахк#send -ана#AOR
г#give -ун#HORT
лугь#say -уда#ENT
чна#1pl.erg
кӏан.хьа#WANTED -нава#PERF -й#PST -ди#SBST
тост#toast -ар#PL
пачагь#king
ада#he -н#GEN
элкъв#turn.back -ена#AOC
лагь#say -ана#AOR
са#one
ф#go -ена#AOC
хъув#redo -уна#AOR
кӏан#want -зава#IMPF
г#give -ана#AOR
гъил#hand
лугь#say -уда#ENT
шуькӏуь#thin
ахпа#then
кван#please.do
шикил#picture
алат#pass -да#ENT
и#this
гужна#hardly
я#oh
я#cop -тӏа#COND
а#that
за#1sg.ERG
гада#boy
ина#here -й#PST
руш#girl
ина#here -ни#AND;FOCUS
сят#o'clock -ди#OBL -з#DAT
г#give -ана#AOR
хъсан#good
лугь#say -уда#ENT
лайих#worthy
пуд#three
мугьубат#love -ди#OBL -н#GEN
къари#old.woman
вилик#before
буба#father
лугь#say -уда#ENT
са#one
гъ#bring -ида#FUT
агъуз#down
чи#1pl.gen
ягъ#hit -ана#AOC
чан#dear
зу#my
лугь#say -уда#ENT
къалур#show
за#1sg.ERG
тфенг#guns
ф#go -ида#FUT -й#PTCP -вал#PURP
гьада#then
ви#2sg.gen
газет#newspaper -да#IN -NULL#ESS -ни#AND;FOCUS
за#1sg.ERG
гада#boy -ди#OBL -з#DAT -ни#AND;FOCUS
хьтин#like
башламиш#start -на#AOR
лугь#say -уда#ENT
г#give -уз#IMC
вуч#what
кард#falcon
лугь#say -уда#ENT
баки#Baku -ди#OBL -з#DAT
пек#cloth -ер#PL
пара#very
къач#buy -уна#AOR
вааар-девлет#riches
лугь#say -уда#ENT
ава#cop
чи#1pl.gen
зи#1sg.gen
гада#boy -ди#OBL -з#DAT
а#that
кицӏ#dog
ам#that
ф#go -ена#AOR
са#one
са#one
куьмек#help -да#FUT -тӏа#COND
гада#boy
лагь#say -ана#AOR
хвеши#happy
лагь#say -ана#AOR
ругь#soul
лугь#say -уда#ENT
алцурар#deceive -на#AOC
зи#1sg.gen
цӏуьлуь#small
стха#brother
вуч#what
стрелка#arrow
за#1sg.ERG
ханум#Ma'am
дуьнья#world -ди#OBL -н#GEN
гала#with -з#DAT
куьтях#finish -на#AOR
чун#1pl.abs
вич#himself -и#OBL -н#GEN
хабар#news
инсан#man
и#this
йис#year а#OBL -н#GEN
ибур#these -у#ERG
мад#more
за#1sg.ERG
уже#already
ягъ#hit -ада#FUT
диде#mother -ди#OBL -н#GEN
гила#now
ягъ#hit -ана#AOC
передовой#front.line -ди#OBL -з#DAT
г#give -анва#PERF
кут#put.under -ада#ENT
и#this
шагьдагъ#Shahdag -ди#OBL -н#GEN
шикил#picture -да#IN -NULL#ESS
буба#father
мад#more
кут#put.under -уна#AOC
къач#buy -уда#FUT -ч#NEG -ни#Q
урожай#harvest
гьич#never
рекь#way -е#IN -NULL#ESS
шумуд#more
аку#look.IMPV
лугь#say -уда#ENT
стха#brother -р#PL -и#OBL -хъ#PT -NULL#ESS
иер#beautiful
вефасуз#untrusted
вегь#throw -ена#AOC
пачагь#king -ди#OBL -н#GEN
ахъай#open -на#AOR
жи#our
ки#that
руш#girl
вуч#what
икьрар#agreement
са#one
ама#still.be,.remain
ат#come -ана#AOC
сад#one
я#either
и#this -м#ABS
анжах#only
са#one
къерех#side -ди#OBL -з#DAT
вуч#what -ун#HORT
хьа#happened -ана#AOR
лугь#say -уда#ENT
са#one
тӏвар#name -чи#OBL -з#DAT
цав#air -ар#PL -и#ERG -з#DAT
вегь#throw -ида#ENT
ахпа#After
за#1sg.ERG
туш#cop.NEG
кьвед#two лагь#say -й#PST
гъ#bring -ана#AOR
лугь#say -уда#ENT
гьам#that
на#you
хьа#happened -нава#PERF
дегьшет#disaster
и#this
хьа#happened нва#PERF
вичи#he -н#GEN
пачагь#king -ни#AND;FOCUS
вири#all
ийи#make -зава#IMPF
цвез#what.for
са#one
и#this
вич#himself -и#ERG -н#GEN
хьа#happened -нава#PERF
нефс#desire
лугь#say -уз#IMC
муаллим#teacher
за#1sg.ERG -з#DAT
са#one
акъат#appear -да#ENT
граница#border. -яр#PL
рикӏ#heart -е#OBL -л#SP -ай#EL
кь#catch -уна#AOC
я#cop -ни#AND;FOCUS
вилик#before
агъур#wave,wag -на#AOR
и#this
алцурар#deceive -да#ENT
амукь#stay,remain -на#AOR
кузнечик#grasshoppers -ар#PL
руш#girl а#OBL -к#SB -ай#EL
и#this
буба#grandfather -ди#OBL -з#DAT
пармак#hat -ни#AND;FOCUS
гаф#word
тар#tree а#IN -NULL#ESS
уъ#yes
пачагь#king
вун#2sg.abs
гьуьл#sea -уь#OBL -н#GEN
кӏвалах#deed
жаза#punishment
ф#go -ида#FUT -й#PTCP -вал#PURP
лагь#say -ана#AOR
ак#look -уна#AOC
ина#here
им#he
кьван#so.much
ават#fall
руш#girl
ма#you.know
тӏвек#hole
комиссоват#commmissurate -на#AOC
гьина#where -й#PST
ана#there
и#this
звериз-звериз#with.haste
гъваш#bring.IMPV
кичӏ#dog -и#OBL -з#DAT
гада#boy -ди#OBL -н#GEN
рази#agree
къеним.къалди#TODAY.TILL
аладар#long
буба#grandfather -ни#AND;FOCUS
икьван#so.much
са#one
кван#please.do
рук#forest а#OBL -н#GEN
фи#go -н#GEN
пепе#bug -яр#PL
шеир#poem
ам#it
кь#catch -уна#AOC
балкӏан#horse -да#OBL -л#SP -NULL#ESS
иер#beautiful -ди#DIR
ина#here -й#PST
кицӏ#dog
тӏвар-ван#famous
диде#mother -ди#OBL -з#DAT
за#1sg.ERG -з#DAT
са#one
чи#1pl.gen
х#be.born -адалди#POSTR
винел#on
ф#go -ида#ENT
хьа#happened -нава#PERF -тӏа#COND
гала#with -з#DAT
кхь#write -енва#PERF
руш#girl
ахпа#then
ам#it
киник#down
хуьр#village -уь#OBL -н#GEN
мейдан#town.square -да#OBL -л#SP -NULL#ESS
хъф#go.again,return -ена#AOR
лагь#say -ана#AOR
бели#yes