atau
ndak
te
khut
sang
==ne
me- lalu
bali
kalake
kabupaten
me- gelakh
kite
tadi
mem- ege
ende
ulang
kalaki
kobo
khumah
kendukhi
tekhuh
padahal
calon
te
sang
ke- jujukh -en
n- tukokh
edi
niat
panek
me
adalah
madhe
me
wayang
lawe
sang
ke- khoh -en
sakti
sikel
bekhu ==mu
soh ==lah
setekhusne
madhe
mbue
mebelin
te
madhe
malot
megekhogoti
se- mase
te
jume
tekh- jadi
te
ie
edi
kidah
pahakh
nali
pahakh
ndokhsah
me- milik -i
iye
khut
tading
pupuk
uwak ==ne
khut
lot
pot
ahli
se- kalak
wakhi
nemu
untuk
lot
khut
kekhang
kakhene
keluakhge
miskin
iye
kekade
layakh
aku
ndak
waktu
kite
me- bahan
sendah
tetap
pe- bahan ==e
edhi
edi
sang
tekhus
pagi
khut
men- ading -ken
ucap -en
kalaki
ke- ganteng -en
sedang
me
men- kandung
edhi
mame
ke- bahagie -en
negekhi
m pangan -i
edhi
uan
kekhine
khut
toh
kite
khut
madhe
anak
kendukhi
kanda
jumpai
milik
dhahi -me
made khoh
te
pade
men- olong
men- cube
susah
me- balik
dukun
kukhang
kakhne
bene
akhi
ate
edi
tule
lot
me- khakut
anakhu
khaje
anak
nde
khumah
abhang
ame ==mu
khut
cukup
kao
me- bace
te
te
laki ==ne
ulang
me
akhi
tekhus
toh
edi
datas
lebe
bhual -i ==ne
n- tegu -i
khoh
wayang
sang
malet
nangat
khaje
peng- uase
cuping
men- ekhpe
buah
bahan
te- jekhang
ni- tegu -ken
dhahi -ken
me natam
ingin
kekhine
te
mbue
ny- abu
wakhi
polisi
bhe
aku
anak
tihang
aku
se- kalak
kasukh
ke- ganteng -en ==ne
soh ==lah
mahkota
me natam
wahai
pakek
langsung
lot
singkil
sambil
kite
te
sulit
daerah
khimo
wakhisen
me- khase
pelin
ngkran
se- jumlah
milik -i
uan -me
lot
malot
bukai
khaje
soh
khaje
khut
mende
tekhsebut
pe- ng- atou -ken
tangis
semange
acam -en
tahun
sikel
keluakhge
pepige
bahagie
khut
me
gembikhe
cuping
bahwe
otomatis
edhi
kalihen
tule
seban
edi
pangukhe
me
te
alas
tepat
lot
me
me- masakhakat
edi
tanoh
kekade
se- tegu -n
tuak
khaje
me- jolokh
kalihen
bagi
ke- khaja -en
kakho
khombong -en
n- tukokh
te
ahli
edi
khencane
bekhu
me
malot
malet
hambe
sebuah
gat
debekhu
tihang
kalihen
kute
menuju
deleng
n- tukokh -ken
men- ikmat -i
te
cekhe
aku
peng- ukhus -en
me- milik -i
se- kalak
me- hak
malet
nemu
lelukhuh
ate
ie
akhi
khumah
ninik
ganteng
ende
sang
pen- ekhus
kao
kekhas
khugi
bayi
bayi
kekade
kekhine
penganggukhen
kanda
tadi
khase
anak
te
tepat
kakhene
khaje
me- khiyut
singkil
gagal
edi
pe- deleng -en
aku
ende
jaye
sebuah
ke- khaja -en
bantu -en
tepat
anak
tekh- pukul
aku
khut
coklat
iye
te
anak
ende
tekhsebut
sendikhi
me- cekhok
malet
ulang
ulang
men- ahan
pe- nindekh -en
meng- utus
untuk
anak
sendikhi
usahe
bebas
te
bekhani
nomokh
lot
akhi
akhi
bekhangkat
==ne
sikel
gedang
sendikhi
kite
aku
khut
ulang
untuk
lebe
uan
untuk
lot
te
mulai
te
deleng
hendak
aman
kami
kite
aceh
lebhe
kite
malet
tapi
oleh
mame
lot
kase
men- jage
istekhi
akhi
iye
ate
mange
se- kalak
khumah
ogek
kenin
edi
tebe
pakek
khut
ngekhan
oleh
te
men- dohokh -i
pudi
lot
men- andai
kembikhi
abhang
me- bahan
bagas
atas
sang
me
sang
me- bahan
se- kalak
awak
kekhine
men- jumpai
gakham -i
tading
setekhusne
pot
tule
tangis
kondisi
iye
oleh
tekhus
keluakhge
te
wahai
malet
andinda
malet
wakhi
me- peluah
iye
khut
nde
khut
ni- timai
edi
te
tanya
plastik
akhi
me deleng
me- khase
engket -i
mejile
sikel
sendikhi
usahe
beliau
jeme
men- jajah
impal
ate
tule
khut
bangku
oleh
bage
n- judi
te
jadi
men- jabut
anakhu
abhang
ame
khaje
tanemen
mulai
nemu
mange
pade
m- ahan
malot
tekhyate
edi
buah
ngkhan
me- hakhte
jeme
me- hak
imbalan
ate
m- putekh -ken
edi
posisi
khut
kite
meng- angkat
edi
me- sokhat
mem- opok
se- kelompok
meng- ekhet
setekhusne
khiwayat
pe- tengkau
anak
tandok
dukun
edi
keluki
lot
untuk
ekas
lot
khut
edhi
te
khaje
balepetake
kobo
edhi
ahli
untuk
aku
akhi
kalaki
me- pikekh
waktu
cekhane
malot
bhe
meng- hadikh -i
pakek
sikel
lawe
telu
bagas
me
sebuah
angote
hamil
pade
se- putekh -en
bage
te
se- kalak
ndak
dikhi ==ne
aku
dauh
alas
tekhus
kite
lahekh
sebuah
lawe
te
paling
malet
me- bahan
gayo
saat
jahat
manusie
khut
ke- jaya -en
senang ==lah
ise -kah
sekali
te
enggi ==mu
kalaki
sang
mampu
imbalan
oleh
lemes
bende
deleng
me- nawe
sikel
pekhistiwe
tepat
oleh
edi
mate
cindekh
dikhi ==mu
kite
hakhap -en
suatu
main
deleng
tapi
kao
madhe
tekh- jadi
kalihen
singkil
edi
positif
lade
me- daye
lot
pekhintah
oleh
khumah
laki
te
ndak
untuk
malot
te
toh
untuk
mange
kanda
malet
ulang
pekhtame
kase
kite
telat
se- wakhi
ulang
soh
khumah
pepige
geluh
sendah
enggi ==mu
aku
semakin
ngo
lebe
me
menukhut
malet
bage
sepasang
khut
tegak
akhi
alas
pajak
pe- ng- kekhet -ken ==mu
ninik
habis
tanoh
antakhe
khaje
tapi
penangkau
tanoh
tekhus
khut
pidon ==ne
luakh
se- kalak
suatu
malet
khate
pe- tani
tentang
edhi
khut
oleh
ganteng
sikel
keluki
te- gusuk -i
suasana
edi
waktu
mampu
selukhuh
alas
khaje
ke- sokhokh -en
sendah
tanoh
khajin
tebe ==ku
bahan -en
kekuaten
ke- tukhun -en
dapet
ulang
umukh
hendak
untuk
sendikhi -en
bahan -i
namin
babai ==ne
pey- akit
atau
tek- geletak
men- dapet -ken
kekhine
mampu
kalihen
mampu
untuk
suatu
bungki
me- milik -i
meba ==ne
edi
me- cekhok
bhaju ==ku
dukun
lebuh
anak
iye
te
kede
kakhet
keluakhge
kami
khut
bue
belin
alas
kelak
akhi
ulang
pe- geluh
angkat
amek
anak
kado
balik
wakhi
khaje
gayo
gegakhe
me
edi
oleh
ke- teguh -en
oleh
senat -i
cut
adalah
lain
khut
meng- ena -i
khu
kakhene
dukun
khut
kekhine
khut
bulang
khaje
due
kobo
me- milik -i
uwis
wayang
sikel
edi
te
dapet -i
tuan
kao
laut
se- kelompok
khut
bekhe
pake
te- gakhem -i
pelin
niat
malet
lebe
sang
men- cube
[c^1][v^1]- khidi
soh
ende
mekh- awat
su
ngkhan
sang
luakh
mange
handhe
aku
khut
ndak
mame
aku
tekhsebut
kali ==ne
megah
keluakhge
pe- ngekhawang -en
sang
mbelin
wakhi ==ne
iye
te
khut
keluki
tule
ampun
me- jume
se- kejap
mey- ikham -ken
cut
baik
manuk
mey- usul ==lah
sitok
sosok
khase
te
bahan
jukhang
sang
amak
wakhi
jin
kecewe
sikel
sang
akhi
me- daun
edi
malot
bage
me- cocok
pelin
nangat
delaki
edi
te
mbue
mate
enggi ==mu
pade
madhe
amek
wilayah
belang
khaje
sengaje
untuk
bahagie
me- baju
uwis
kidah
mey- ambut
madhe
sikel
khaje
tukhun
me
nihil
mpus
untuk
sendikhi
kau
ie
anak
uang
layakh
mulai
kalaki
sebuah
makcik
likal
meny- ingkikh -ken
timbul ==ah
dukun
tenggakhe
cekhok
kate
sendah
pihak
khut
edi
me- layakh
sehat
amin -lah
kekhine
kami
hambe
edi
khut
suatu
malot
telokh
mame
dekah
khumah
ahli
meng- angap
ate
se- kalak
belantakhe
untuk
pesen
sikel
ke- khaja -en
nde
pinpin
dakhi
kakhene
mejile
atas
dekah
nde
se- kalak
lebe
tekh- bunuh
pengawal
khut
kakhine
khaje
khumah
jeme
sudut
ame
madhe
gakham -i
tapi
dukun
bage
atau
ke- lahekh -en
akhi
edhi
keluakhge
tebhu
malepetake
akhi
khumah
tanoh
langsung
balik
kalihen
idah
ke- susah -en
pe- takhik -ken ==ne
sendah
kao
pido
masakhakat
edi
malet
tebe
me- dalan
tege
sikel
selukhuh
men- kandung
anak
gendang
pakek
engkekhan
umukh
edhi
penangkou
sebuah
lawe
dape
mame
khaje
me- dalan
mbelin
kami
salah
pige
amek
te
anak
ntekhen
allah
aneh
hanjung
cinte
anak
tebe
tanoh
benakh -kah
mem- ege -ken
die
pulih
bagi
ng- idah
pekhtame
ate ==ne
akhi
ulang
pekhistiwe
khut
bekhu
manusie
khut
peng- uase
me- deleng
edi
edi
me
tekhsebut
benakh
keluakhge
ate
khangtue
sipat
amek
malot
khut
bhekhas
uwis
pe- tukokh -ken
betabe
balik
tekh- atou
khaje
nawe
nggeluh
men-...-ken ulung -ken
iye
dikhi
gekhangen
hasil
untuk
mem- ege
seban
-lah
se- kalak
ng- gakhem
aku
balik
kendukhi
bhe
nomokh
macam
khesep
selukhuh
te
cuping
tentang
pekhistiwe
iye
ende
miskin
abhang
malet
khencane
semange
me- milik -i
khombong -en
khut
khut
bulet
aku
ende
kekhine
te
sebagae
khaje
untuk
kite
khaje
edhi
tanoh
iye
pe- sakhat -en
bulan
bungki
khut
keluakhge
geluh
lot
edhi
jeme
ciduhken
kali
edi
iye
khut
kabukh
suku
me- mohon
selese
lebe
mate
peng- ukhus -en
malet
bekhite
bage
akhi
te
me- dalan
khaje
me- jabu
su
wakhi
kakhene
nemu
malet
aku
manuk
me
kelak
ke- dauh -en
ukhus -en
beliau
hakhus
soh
te
mejile
tebe
amin -lah
sakti
khaje
edhi
lawe ==ne
meng- adikh -i
khut
ngkekhan
mbelin
me
iye
ie
wahai
wahai
pudi
kase
dikhi
setekhusne
edhi
sikel
khut
iye
meng- anut
kelak
bulan
anak
edhi
ke- tading -en
selukhuh
sulit
mem- ekhe -ken
kakhene
demikian
gelakh
susah
se- kalak
khaje
khumah
meng- alam -i
iye
ke- sabakh -en
sang
buluh
hampikh
ahli
pelin
akhi
peng- uase
ke- tukhun -en
akhi
sendikhi
wakhan
gakham -i
mem- ake
nde
tetap
ketang ==e
khumah
kekhet -i
sendikhi
tekhus
kao
ende
uan
tutung
balik
terjadi
kite
nakan
akhi
atau
kau
lot
kami
bujuk -en
jumpai
te
banjikh
se- kalak
tulang
sengaje
pekhintah
belantakhe
sang
sedang
me
bahwe
kute
pe- dalan -en
sesikel
pot
soh ==lah
iye
ulang
tanoh
kami
kase
se- bage ==ne
pe- lawat
edi
untuk
belagakh
layakh
tule
sebuah
gakham -i
toh
lebe
ukhus -en
te
khombong -en
untuk
nakan
madhe
bhatu
kao
malot
untuk
mendekhite
manusie
te
bayi
nak
hadi
alas
untuk
khase ==ne
tapi
pepige
selukhuh
ampun
penamun
lot
tule
bhone
bale
bagi
iye
te
me- daun
bali
minum
pagi
due
meng- alikh
lekheng
jawab -en
sang
padahal
ni- atou -ken
oleh
nimai
baju ==mu
me- sekolah
amak
madhe
sikel
me
ngkhan
kute
bagi
ahli
manuk
ke- khoh -en
dempik
malet
se- jekhang -en
kao
malet
wahai
nanak
mampu
edhi
kute
dukun
khombong -en
ie
te
ndak
mey- susul
se- ketike
anjam -en
batin
edhi
untuk
==ne
bangse
khumah
gelap
kayu
men- ukokh
te
khut
me- dikusi
deleng
deleng
khaje
khaje
edhi
sulit
kakho
sekolah
pekhistiwe
tentang
kelak
te- pangan -i
khaje
angote
khaje
jakhum
tebe
untuk
geluh
ndape
khaje
kayue
pakse
pemamanen
kakhene
te
n- datas
angote
ulang
oleh
gegakhe
khut
akhi
kakhene
te- lantakh
sesoh
sitok
iye
tanoh
akhi
jume
pesisikh
tanoh
==ku
khimo
selukhuh
akhi
anak
kenin
geluh
khaje
ulah
khut
setiap
me
negekhi
kao
n- tukokh
te
kalihen
sikel
me- pangkat
waktu
khaje
nemu
malot
wakhi
tekh- cape
sendikhi
gakham -i
aku
sang
untuk
lot
khut
penjelasen
==ne
tule
sebuah
sang
me
kekhi
sebuah
nakan
tebe ==ne
ngo
manusie
te
doe
khut
tekhus
aku
iye
khoh
men- akhik
me- khiyum
tanpa
tanoh
manusie
kase
khaje
sebuah
khumah
pido
nde
betah
belangkejekhen
malet
-lah
tebe
pengawal
me- khibu
te
anak
madhe
apekah
jeme
badan
te
me- bahan
abhang
ke- khaja -en
me
peng- embale
tanoh
oleh
lebe
tanoh
gembikhe
tanoh
anggote
alas
dapet -i
kalihen
kite
se- cakhe
amek
malet
khaje
te
edi
bahagie
malot
me
kayu
mem- unuh
deleng
main
pemude
belin
sang
malot
bungki
dalan ==e
bahwe
ke- gigih -en
soh
khe -ken
tahun
gegakhe
sukhung
ke- mejile -en
kobo
se- cakhe
adinda
[c^1][v^1]- minum
sendah
tanoh
untuk
geluh
pekhintah
khut
khaje
khugi
muncul
melet
kasukh
singkil
hasil
malet
pem- babe
madhe
alas
sendikhi
pagakh
khut
bahwe
khaje
khut
patkhilineal
khut
bhatu
pak
ni- pinpin
aku
wayang
sang
lot
me
tihang
sikel
men- akhik
untuk
binatan
kami
sukut
sikel
tekhus
kekhine
sendikhi
malet
ie
senuan
anak
untuk
me- lalu
bahwe
malet
ende
me- milik -i
jelas
ndape
khut
kekhe
aku
tule
khele
lot
jeme
tekh- jadi
ke- khoh -en
aku
malot
wakhi
bantu -en
khumah
aku
khaje
te
te
ke- gembikh -en
sebuah
hadih
jeme
pakek
ende
side
khaje
goye
me- jagung
edi
khut
malot
edi
sikel
tekhyate
khut
geluh
suku
iye
te
me- bahan
iye -me
naas
bumi
se- tahun
iye
bakhang
ke- khaja -en
ulang
te
sedang
dewasa
pade
sebenakhne
kayu
enggou
khaje
laki ==ne
nangkih
tekhsebut
kalihen
wahai
segale
khut
malet
halaman
acakhe
menimpe
pe- nasehat
tas
malet
mejile
geluh
kite
gaikhah
akhi
te
ninik
niat
pade
lembu
lebih
balok
geluh
pemamanen
pitu
sikel
sebuah
aku
edi
te
tuhan
mbue
kau
ame ==mu
te
edi
aku
engekhan
kune
te
khaje
kekhine
ke- hadikh -en
mampu
lot
sang
petame
bahaye
bahwe
lot
khaje
lot
kekhine
ahli
wayang
se- gijap
kekhine
uwis
pudi
lot
me- cekhok
undangen
me
mekh- umukh
te
bumi
buah
kisah
te
ngkhan
alas
balik
nde
balik
wakhan
anak
me
akhi
baso
edi
amak
uwak ==ku
bahan -en
oleh
khaje
kendin
lot
khut
hinge
sikel
khaje
khut
tanpa
khut
khut
usahe
bage
malot
khaje
lain
kalihen
deleng
iye
iye
edi
modal
pas
te
wakhi
sakti
bongi
anak
agup
malot
deleng
jumpai
sikel
tule
akhi
alas
anak
tekh- tengo
desa
keji
khaje
khisau
m- bati ==ne
dekah
saat
edi
sahung
malet
sikel
te
sahung
edi
bakhu -lah
pakek
edhi
cinte
tebe
aneh
me
edi
edhi
khut
khut
medem
te
melet
khamah
ke- yaman -en
cinte
sendah
me
ekas
modal
khut
mampu
tebe
singkil
untuk
sebuah
bagas
metoh
madhe
wakhi
me- hak
wajah
te
te
suami
kau
khaje
iketen
tapi
malot
balik
tule
pe- tengkau
pinang -en
ke- gelisah -en
kene
segale
pasti
bage
te
hambu
te
soh ==lah
malot
tepat
te
me- khibu
pekhistiwe
singkil
saat
kekhine
buluh
sebuah
se- kalak
cukup ==lah
m- angan
peng- uase
untuk
te- bege
alas
dikhi ==ne
te
te
bekhe ==ne
geluh
dape
ende
akhi
polisi
khaje
bongi
dohokh
nggou
ende
iye
miskin
metuah
handhe
muncu ==lah
ke- khaja -en
oleh
hakhus
tebe
bali
mulai
nde
hambe
khaje
mulai
khaje
iye
pekhtame
me- dikusi
iye
oleh
pukhih
negekhi
tanoh
mame
khaje
gukhah
khut
kalihen
me- bagas
pedagang
handhe
kite
khumah
takhus
main
n- dukhuk
ke- sulit -en
cut
-lah
se- sosok
nggeluh
untuk
sangub
panen
sendikhi
kase
tandi
lain
pejabat
pade
kite
oleh
ninik
sange
lebih
lebe
ate
malet
me- doe
manusie
mange
malet
edi
keji
balik
dikhi ==ne
te- gusuk
kase
se- kalak
positif
jeme
mpus
men- bantu
malot
lot
tuan
suami
pekhistiwe
dunie
te
takkala
tanoh
ninik
balik -lah
bekhe ==ne
untuk
soh
edi
dape
gayo
pe- lawat
mate
malot
sayukh
anak
sultan
iye
me
geluh
lawe
bayi
pantas
khaje
men- cube
kobo
tebe
edhi
nomokh
luakh
edhi
bone
sah
ate
kite
munyang
malot
wakhi
te
sosok
bahwe
dikhi ==ne
bahwe
lot
jeme
keluki
me
mem- ege
lawe
tekhagedis
malot
khut
ahli
akhi
te
ajaib
khumah
kendukhi
setekhusne
wayang
hambe
deleng
anak
khut
mbue
mem- bunuh
niat
bende
aku
iye
ngkekhan
aku
kakhene
edi
ie
mem- unuh
wakhi
te
tule
amek
mbue
malot
edi
tading
deleng
me- sekolah
khut
te
pengawal
adalah
cemekh
lembu
khumah
kobo
lancang
iye
lot
pesisikh
==ne
dempik
khoh
te
pitu
edi
me
langsung
kayu
edi
khoh
singkil
mbelin
me- babe
amak
enggi ==mu
dikhi ==mu
hasil
hasil
sistem
te
pakek
men- ading -ken
dukun
belin
mejile
ende
jume
khut
te
te
iye
hambe
malet
tetapi
kelak
lot
n- dabuh
tukhun ==lah
tekhsebut
gakham -i
peng- uase
dage
deleng
negekhi
peng- ukhus -en
te
ngekhan
sabakh
tetapi
dikhi
panganen
wakhi
bage
me
ninik
kuling
edi
mampu
kute
balik ==ne
khut
singkil
pejabat
akhi
me ngkekhan
bahwe
mbelin
te
iye
men- cube
meng- elem
kami
dukun
te
tule
me- khamah
kekhi
mentakh
adinda
men- bantu
ganas
gelisah
buah
malot
sikal
untuk
malot
anak
adalah
tekh- jadi
ulang
khumah
te
lain
wakhi
peng- kikha -en
khut
mem- angan
mejile
bongi
belin
cinte
ke- hekhan -en
sinine
tebe ==mu
bekhas
ke- gembikh -en
nangkihe
khut
pejabat
pekhbuat
alas
bue
te- dhahi -ken ==ne
dikhi
dukut
madhe
malot
anak
madhe
me- hasil
malet
ng- kekhet
tebe
kanda
wakhi
ngkhan
lembakh
me- bahan
lot
ngkhan
dengkil
edi
penuh
men- cube
tapi
akhah
kendin
untuk
anakhu
edi
pakhau
khoh
alkisah
kao
tekhahikh
khakyat
kami
pekh- batas -en
peng- uase
pe- nata -en
akhi
kite
gane
ami -lah
khut
edi
puhun
tule
waktu
sang
nemu
negekhi
milik -i
tekh- singkikh
jumpai
pot
tekun
pekh- batas -en
-lah
mudah
pakek
edi
petame
manusie
mejile
hadih
tanoh
te
tanoh
te
jukhang
kekhine
semsakhe
malot
bage
khumah
mekh- asil
akhi
me khumah
khaje
biakh
bage
ahli
sendah
pitu
te
te
malet
me- pangkat
khate
mem- ido
sang
tekhus
ni- jekhang
jin
manuk
balik
ndak
me- usahe
anak
khoh
mampu
khumah
pige kali
madhe
amek
sayukh -en
tege
akhi
untuk
gekhangen
te
alas
soh
uwis
untuk
enggi ==mu
te
me
kite
kobo
soh
manusie
kase
sitok
due
hendak
edi
bene
untuk
malet
buah
akhi
-lah
te
nihil
peng- ukhus -en
siap
bhekhas
sekolah
bahagie
deleng
iye
khakyat
bante
bekhangkat
dhunut ==ne
wasiat
sang
dape
niwekhe
alas
ahli
biakh -i
kalihen
khut
aku
aku
me- khase
mame
me- khase
edi
me
malot
adalah
khombong -en
te
cut
anak
khut
m- ulung -i
lebih
bulu
niat
ende
kakhene
edi
untuk
abhang
anak
khitan -en
ogek
takjub
==ne
anak
ampun
paling
lawe
ahli
sesikel
sikel
iye
sang
kite
selame
me- babe
ke- tukhun -en
sawit
sendikhi
tetap
ndak
desa
edhi
nol
tekhus
pakek
me- pikekh
anak
panggang
oleh
khumah
kao
licik
khut
iye
te
mejile
akhi
oleh
malet
malet
lawe
me- baju
ampun
te
pesan
me
edhi
pupuk
==ne
sang
te
men- ekhus
sang
nikah
gembikhe ==ne
khaje
me- untung
polisi
ame
kune
tandok
kanda
tekhus
sang
ende
alas
lahikh -lah
sang
khut
amin -lah
malet
sang
edhi
selame
==ne
alangkah
iye
iye
ate
hakhap -en
se- kalak
wahai
pakse
edi
khut
peng- uase
te
sihikh