ибур -у
и
ван
квез
гьакӏ
я
лугь -уда
фидамаз
яру
вич -и к -яй
ацукьарна
сад
имкан
и
ана -л -ай
ават -ана
хъсан
къв -езва
ата й -ла
къул а -з
ида -з -ни
ини -з
къунши -да -л -NULL
вири да -з
и
г -ана
гада -ди -н
хъия
лагь -ана
ракъу зва
им
акъуд -на
лугь -уда
хьа
хкв -еда
тухв -да
хуш.къве да
советской
тир
я
а
анжах
стха -ни
пепе
гьуьл -у -н
гьада -з
гъ -ана
жи
за -л
метлеб
же да
са
кьван
эвецӏ -да
гъи -з
гьакӏ
чил -е -л -NULL
са
абур -у -з
хьа на
пуд
акьва зва
ман
са
чи -ун
лугь -уда
ча
ацукьра
за
са
лагь -ана
кичӏе
гъваш
яхцӏурни
пачагь
диде -ди -н
кӏан.хьа -нава -й -ди
бере -да -NULL
лугь -уда
гьамам -ди -з
гьейет -да -л -NULL -ни
лугь -уда
тир
а
са
геодезист
польша -да -й
ф -ида
зав
гьа
луьткве
и
за -з @@@
хъсан
миннетдар
ида @@@
гьуьл -уь -н
ки
ахпа
къырхбеш-элли
хьа на
я
насруллагь
аку
балкӏан
чан
халу
асул
гъил -е -NULL
ида
вилаят -ди -з
къач -уна
гьар
случай
ханум а
ида -ни
ча -з
хьа -нава
хтун -да
делил -ар
г -ана
куьн
шей -ни
чӏуг -урай
са
юкъ -у -з
кьуьзуь
къуз
зи
севда
къари
галат -на
машин
фи -ун
ки
исят да
гьа
чип -и -н
ахпа
пачагь -ди ни
и
тӏарар -да
ий -из
седакъет
рикӏ -е -NULL
къав -а -л -NULL
инсан -ар
лагь -ана
чубан -ди -н
лугь -уда
я
вилаят -ди -з
чуьгъвена
вун а
докъккъуз -ди -з
са
къуьн -е -л -NULL -ни
лугь -уда
гьи
кицӏ -ни
буба -ни
чан
пачагь -ди -з
пата в
диде -ди -н
зи
хьур ай
же да
безханум а
терези
чна
къе
ат -ана
урус
шуькуьр
чун
куьн -е
им
вахт
ида -н
чара
ма
и
агъ -ана
бес
и
ида -з
свасни
икӏа
гьуьл -уь -н
алата -й -ла
и
вун
акваг
массаж
я
ада -з
за
ава
къерех -ди -з
чна
а
ф -ида
ама туш
хьа на
ида к ай
луьтквечи -ни
я
хьа на
хьа на
хьа на
и
хт -ана
гада -ди -н
вад
гъ -ана
чӏехи
гутун -на
ара да
сонра
район -ди -з
хъсан
ахпа.хьиз да
гада
са
ак -ур -тӏа
кутва зва -й -ди
вич -и
я
арадай
жугва -из
тхв -ана
я
вилик
руш а -н
диде -ди -н
ихьтин
юкъ -у -з
лагь -ана
кицӏ
гьуьл -я -й
са
вилаят -ди -з
вил -ер
кӏан -и
ашукь -ди
къенд -ер
каф
абур -и -н
г -ана
диде -ди
ава
ва -з
я
кӏан -да -ни
ви
гелкъв на
ама -ш е
кьвед а -з
це
я
фикирар -на фикирар -на
ида -ни
са
им
лугь -уда
гьада -з -ни
къуран -да -л -NULL
хьур ай
ашкъи -ди к -ай
а
ф -енва -тӏа
руш
чун
лагь -ана
къгъа нава
артух
кӏан -зава
и
себеб -ри -к -ай
паекни
и
кьиса
вич -и
ава -ч -из
лугь -уда
къвалах а -л
ки
кьуьзуь
зун -ни
хьа на
ида -з @@@
кавалерар
ялама -ди @@@
вун а
куьтӏ.туву на
тир
рази
ида -з
ама -ш
винел
хьа на
же да
бере -да -NULL
тӏ -уьна
жеш
ам
гьикӏ
са
за
и
лап
балкӏан -ди -н
миллет
девир -да -NULL
шагьдагъ -ди -н
хкв -еда
бес
къулдур
пек -ер
жув а -з
а -бур
лугь -уда
ви
за -з
кьван
ийи да
патакай
чун
и
хъ да -й -ла
ашкъи -ди -н
пер
къач -уна
ава й -ди
къен
ибурун
ма
чка да -л
кьуд а -з
хуш
ша
эляна
эгер
ф -ида -й -тир
и
куд на
а
ибур -и -н
балкӏан -да -л -NULL
гелягъ на
за -з
вуч -и -н
кӏвал -е -NULL
гьич
и
ма
ви
лагь -ана
кицӏ -и -н
са
г -ана
америка -ди -н
вич и -з
са
я
зу
са
ч -изва
къалур
чна
зи
кхьа -ана
гумир
вегь -ена
и
пата -л а й
же д -е
яшамиш
лагь -ана
за
эрмени -ди -хъ -NULL
йиф
лагь -ана
руш
вил
пепе
рахк -уда
лугь -уда
аллагь
ф -ена
вун
вахга -нава
са
гьа
мал -ар
кас -ди -з
пачагьвал -и -з
къай -и
ат -ана
ава
кьуд-вад
давай
ана -й
ашукь же да
тахьа на
г -анва
гьа
хкаж.хьа на
ф -ена
гьуьл -уь -н
я
гьи
г -анва
хтар -ар
чун
ча -з
атӏу -з
юкъ -у -з
кӏурцӏул
ма
бес
лугь -уда
лугь -уда
гьар
йис -ар
аку
билесувар -ди -з
буба -ди
чун
чи -ида -й
метлеб
кицӏ
за
цл -ар -и -в -NULL
са
аниз
лугь -уда
рикӏ -е -NULL
хъф -ида
пӏуз -ар а -л
гила
гила
ида -з
арадлай
сергьед -да -л -NULL
и
джагьан
шумуд
къванж а -л ай
ахпа
ибуру
цӏувад
яратмиш -ана
за -л
тӏвар -ци -з
ки -з
ада -з
же зва -ш
кӏалуб -ди -в -NULL
гьар
ял -на
ф -ена
ахъа -я -ла
гъил -е -NULL -ни
кьил
гада -ни
эхтилат
литва -ди -з
за
бес
гьуьл -уь -н
шеъ
баки -да -NULL
чирад а -з
вун
ки
гада -ди -з
гьисят да
са
анриз
къвалах а -л
чара
анжах
цл а -л -ай
къач -уна
яр -ди -з
самур
лугь -уда
кьвед лагь -й
вач
киник
тике
за -з
палкан
пара
чун
руш -ни
акъуд -на
ат -ана
пачагь -ди -н
гьуьл -уь -н
зенг -на
ахътин
жемят -ди -з -ни
кут -уна
кьве
вун
им
гьым
миллет -да -й
лагь -ана
сегьне -да -NULL
лугь -уда
зу ни
лугь -уда
за
экъ -из экъ -из
руш
хьи
ида
самур
рекь -ер
им
лугь -уда
ва -з
кӏвал -е -NULL
хта -нава
лугь -уда
къач -уна
хьтин
не
кицӏ
хъф -ида
солдат -ди -к -яй
руш
гада -н
гъел
ф -ена
и
диде -ни
и
а да к -ай
руш
лугьу -ун
гьина
за -ни
ама @@@
юкъ -у -з
гьеле-меле
а
анадыр -ди -з
балкӏан
руш
и
ава -з
гьа гьа да
луьткведаваз
кӏанагъ
вав ай
буба -ди
чун
туш
ша
пачагь -ди -н
хъув -уна
ф -ида
и
хци -з
хв -ена
ахпа
зу
лугь -уда
иеси
седакъет
гьи
гьабур -у -н
хьи
бала -яр
кар
куьтни
хта -нава
лагь -ана
тухв -ана
балкӏан -да -л -NULL
район -ди -з
чӏулав
ам
кӏанай
кьве
ама -ни
анихъ -ни
са
муаллим -ди
седакъет
лугь -уда
рикӏ а -л -ай
винел
фу -ни
вахт
кьван
за
джагьан
ви
куьтягь
гьамиша
ф -ида
газет -ди -з
за -з
я
бес
ф -из
вац -ра -NULL
ихьтин
хьайи -тӏа
лагь -ана
жув а -н
къакъат -на
ина
пад
за -з
лагь -ана
затӏ -ар
гъил -е -NULL
гьар
жемят -ди -з
хырдалан да
лагь -ана
паекни
зи
пуд
чпин
за в -ай
пачагьвал -да
вун
жуваз
пачагь
и
вун а
пенжер -да -й
пепе -яр
а -бур
а
къеле -яр
бере -да -NULL
акъат -да
и
накьв
гьикӏ
лугь -уда
ава
чубан -ди
гьа да -н
хьа -нава
дуьз
накьв
за
чи
накьв -ни
ва
лугь -уда
мад -ни
кьил -я -й
пара
но
ман
ва
вуч -и -з
и
чан
хьу -й
лугь -уда
амукь -да
дуьз
акъах -на
назад
лугь -узва
гала -з
ида -з
сегьне -да -NULL
лагь -ана
хер
гъавурда.акьу на
вич
фикир
руш
лагь -ана
ча -з
гьада в
вутӏ -ана -тӏа -ни
ана
са
дере -ди -н
акъуд -на
зу
чун
ада
ви
эхир
лагь
а
же да
амни
лугь -уда
кь -уна
пек -ни
чка а -л ай
галат -нава -й -ди
им
хьа на
агакь -на
муаллим -ди
дежурный
ма
руша
и
са
гала -з
акв -ада
ада
чуьнуьхар зава
тӏвек
ама
гъвечи
хкат -ун
вич -и -н
са
я
ибур
лугь -уда
хьайи -тӏа
ат -ана
чна
къвазара
регьмет фе на
гада -ди -ни
чна
чахъ
кван
ак -ур -тӏа
лагь -ана
им
гьа
диде -ди
ида -ни
гьикӏ
зи
за
ак -унва -ч -ир
лагь -ана
ва -з
ф -ена
кӏан -тӏа -ни
за
са
хва -яр
ван
чан
ф -из
я тӏа
кицӏ -и
дейгъе -ди -л -ай
ката -й -ди
за -з
ругь
ава
лагь -ана
иер
гьуьл -уь -н
везир -ди -з
хьа на
руш
зак ай
стха -ни
жив
и
гьикӏ
къетне
чун
вич -ни
вилаят -ди -в -NULL
дяве -ди -н
рекъ е
им
гьабур
хва -ни
адан
ини -з
лагь -ана
гевгьер -ер -и -н
лагь -ана
акъат -на
пачагь
хьухь
фикирайдалай
ф -ена
за
лугь -уда
пел -е -л -NULL
лагь -ана
къанни
зак а -й
чи
абур
вун
лагь -ана
руш
лугь -уда
дамар -ар
ат -анва
вун
ава -й
ибур -ни
кӏан да
и
эвер -да
яхцӏур
же да
жув а
лугь -уда
же зва
лагь -ана
ава
ала -й
лугь -уда
касвил -и -з
алцурар -на
юсуф
вун
къве да -й
гаф
хьа на
кӏан -зава
нуьсрет
руш
са
шегьер -ди -з
са
хьа на
мукьва -л
вич -и -н
жер.кьван
тир
и
руш
кь -уна
хкв -еда
къуш
гада
экъецӏ
пачагь
яхцӏур
мад
бере -да -NULL
яхцӏур
патакай
туш
сонра
пара
туькӏуьр -на
ахпа.хьиз да
вил -ер
ссср
а
я
вахтинда амаз
я
къейд -на
шикил
за -з
серин -вал
къерехда -л
стӏур а -ни
гьабур -и хъ
франция -ди -з
чка
лугьу да
эвер -на
ида -ни
комиссоват -на
лугь -уда
ва -з
сонра
ахпа.хьиз да
лагь -ана
ки
кьве
ф -ена
г -ун
лагь -ана
же да
буба -ди
чка -ди -л -ай
лугь -уда
ф -изва
руш -ар -и
шумуд
чукур ай -ла
муькуьбур -у -ни
руш
ини -з
вакай
лагь -ана
а
хьухь
и бур
игила
за -ни
кьуд
пара
вахт -ар @@@
суьгьбет
гьана
вич -и -н
агъуз
кь -уна
са
яргъа -з тир
ф -ида
кӏвал -е -NULL
юкъ -у -з
катдай
хта -й -ла
ча
гъвечӏи
тир
кьве
пачагь
ава -й -ди
чна
вич -и -н
кӏан -зава -й
зи
седакъет
ф -ена
за
лугь -уз
са
и
хьа на
чи да
пачагь
хванахво
ават -да
балкӏан
а
вилаят -ди -з
са
истрагьет на
са
лагь -ана
гевгьер -ар
са
лагь -ана
кӏвал а
г -узва
чка -да -й
чуьнуьх.хьа на
досрочный
а
къугьум -ди -з
фейитӏа
марф
а
ам
са
дербент -ди -н
хуьр
а -бур -у к -ай
рази
руш
ат -ана
къунши -р -и -з
ци
и
экъв -ена
патав
километр
юкъ -у -з
къазанмиш -из
лагь -ана
санти
икьрар
куд на
чун
лугь -уда
лагь -ана
гьутӏана -л
гада
чка -д -л -яй
аладар -да
руш
чи
ки
ий -ин
ф -ена
дугъридан -ни
американ р и
т -ана
уьчуьн
ин -и -з
лагь -ана
ида -ни
патав
лугь -уда
экъечӏ -ай -ла
хъсан
пек -ер
гьагьам
кӏвал -а -NULL
чун
це
къваз -нава
а
кьегьел
хьа -ана
руш
са
вегь -ида
г -уда
ф -ена
ина -л ай
и
лугь -уда
хьа на й
мах
ада
ава й
акъуд -на
арадлай
зур -ар
чун
пачагь
г -уда -й
хкаж
чуьл -да -й
лугь -уда
чна
чара
адахлу
сада
ча -з
къизил
квез
ий да
везир -ар
ам
сада
пачагь
застава -ди -л -яй
адани
куьтях -на
рахк -ана
стха -яр -ни
сефер
чун
и
лагь -ана
вун
са
чун
ида
балкӏан -да -л -NULL
пачагь
са
къатка -нава
лугь -уда
яшамиш -да
гала -з
ида
хьа -нава
къач -уна
са
гъваш
лугь -уда
вич и -з
лагь -ана
им -ни
ихьтин
кьван
хкве да й
цӏай
ч -изва -ч
лагь -ана
чи зва й -ди
лагь -ана
булах -да -л -NULL -ни
хьа на
я
руш а -з
куьмек
гъалиб
тийи зва -й
балкӏан -да -л -NULL
хьайи -тӏа -ни
элягъ -на
са
вич и -з
це
и
мертебе -да -NULL
я -тӏа
рессам -ди -н
бес
эвера
оператор
за -з
идаз -л
очередь
ягъ
мад -ни
эвицӏ.хъуву на
хьи
ахпадаказ
я
а
ча
рук а -з
бере -да -NULL
ав -уна
седакъет
чна
и
запис -ар
я
ф -ида
лагь -ана
@@@ да -л -ай
акъат
гъил -ер -и -в -NULL
эвер -ана
цай
пачагь -ди -н
ама й
ида -н
чӏуг -нава
вуч
джафер
дерт
са
чна
са
маракьлы
хт -ана
башламиш -да
чубан
абур -у
акв -ада
асуьгьбетар -на
г -анва -й
хкадар -зава
самур
и -м
лугь -уда
алукӏ на
эн
ам
пара
ахпа
гужна
лугь -уда
и
чна
асул
лугь -уда
гаф
ада к ай
я
белке
чун
кьил -е -л -NULL
кӏурцӏул -ар -ни
вуч -и -н
я
за
ида
муаллим -ди
лугь -уда
ават -ана
мугьарибе
а
газет -ди -н
къвер.кьван
къачагъ -ар
эвер -на
же зва
я
хейли
яргъал
дуьз
кут -унва
халу
лагь -ана
вун
гьуьл -уь -н
гада -ди -ни
я
а
са
им
руш
руш
гьи
къач -уз
газет -ди -з
отношение
ак -ур -тӏа
патахъ
аладар -да
иер
чи
ханум а
тухв -ана
тафаат -ни
за
за в
ада -н
и
а
чир
цӏуьд
вичи -н
лагь -ана
хабар -ар
я
гьар
патав
дегьшет
леке
лугь -уда
бес
лугь -уда
югъ
ахпа
варз
станция -ди -н
лагь -ана
акъах -на
вуч
къв -ана
агакь -на
зу
кьил -е -л -NULL
галат нава й
еке
эдалет
ф -изва
я
има -ни
конфет -ди -л -ай
лугь -уда
хьа на
я -ни
ибур -у
чӏулав
сад
хъув -уна
чка да -л
рикӏ
гада -ди -н
смена -ди -з
це
йикъ а -л -ай
стха -ни
икьван
чӏав -ар а -й
вине
инай
жанавур -ри -н
гьакӏ а
лугь -уда
чка да -л
капаш -да -NULL
гьазим
лагь -ана
она.гуьре
ягъ
вич -и -н
талыш
лагь -ана
жервал
буба -ди -н
пуд
архаин
ат -анва
а
вил -ер -а -л -NULL
гъил
вири да
лугь -узва
руш а -н
са
граница -ди -з
кицӏ
лагь -ана
ф -ена
хкве -р -ла
девир -ди -з
яд
кьван
винел
булах
зейналабдин
г -уда
я -тӏа -ни
ава й
ибур
хьа на
лагь -ана
балкӏан -да -л -NULL
хьа -й -ла
юруьмуш
за -з
хьухь
х -уьз
хъая
кӏан а
лагь -ана
лагь -ана
хьи
ида
иси
ма
кӏан да
я
кичӏ
вахт
чая -р
са
гъ -ана
руш
ат -ана
акат да
гьакӏ
пек -ер
ибур -у
я
за -з
ав -уна
кран
са
гудий.вал
лугь -узва
ки
лагь -ана
зак ай
ава й
севастополь -ди -з
вал -ар -я -й
кран -ди -н
гьуьл -уь -н
ахпа
хер
хьа н
уъ
лугь -уда
хам
хьи
къерех -ди -з
зу
инал
лугь -уда
за -з
лугь -уда
зи
кьвед лагьай
кас
вун
къенд -ер
хьи
чна
пачагь -ди ни
туш
са
за в -яй
ий -ин
чи зва -й
катиз
им
кван
кӏан -зава -й
запись
назад
накьв
ада -н
вац -р -а -л -ай
зу
гьикӏ
лугь -уда
ихтилат
а
доггуз да
кицӏ
руш
къе -н -и -н
вуч
алад
кӏвал -е -NULL
вун а
сад
ида
гьава
ки
немец -ар
руш -ни
чаз -ди
хьа -нава й
икьван
лагь -ана
и
я
шив
жув а
гьуьл -уь -н
ава -з
руш -ни
кӏвал -а -л -яй
са
за
затӏа й -ла
американ -яр и
хъсан
лугь -уда
юкъ -у -з
я
вуш -ун
гьана
ий -ин
рикӏ а -л -ай
чпин
амукь -да
гила
за
ина
ат -ай ф -ей
вири да
гурвал
я
муаллим -ди -з
гьайван -ар
а -бур
кьве
хкв -еда
фи -ун
лагь -ана
ктаб да
ина -й
чпин
ча -з
ат -ана
лугь -уда
шикил
тегьер
акъат -на
шемседдин а -н
ктаб
абуне
кьулухъди
эвер -да
кицӏ -и
юкъ -у -з
хкв -еда
са
вуж
за
гьакӏ
хьи
чун
за
и
къв -еда
акьах -на
са
регьметлу
калтуг на
хкаж на
чуьхуь -из
къунши
гьамам -да -NULL
имкан
къапина
пек -ер
ктӏан
рикӏ -а -л -NULL
гъ -ида
чка да -л
уже
ва -з
къерех -ди -з
ракъу зва
оператор -ди
гаф
жив -еда -л -NULL
гевгьер -ар
са
чава ай
руш
и
гьим
къеле -ди -н
за
-кве -з
мад
части -н -и -з
къерар -ди -з
лугь -уда
руш -ар -и
ма
руш
гьич
эгер
са
вообще
лугь -уда
я
бигьуш
ктад -мир
тир
са
гада -ди -н
иеси
це
хьайи -ла
рах -аз
ковш да
таниш
лугь -уда
къван
кицӏ
кицӏ
материал
жув а -н
гьетта
чӏехи
лагь -ана
чӏав -а -л -ай
ф -изва
станция -да -л -NULL
я
я
чна
и
лагь -ана
лугь -уда
сада
ат -ана
мад -ни
за
ви
цай
балкӏан -да -л -NULL
кицӏ
накьв
ва -з
чӏехи
маса
каф
им
лугь -уда
за -з
вун а
проверка
бес
ав -уна
лагь -ана
югъ
и
куьтях
гъуьл -и -н
капаш -ди -н
ак -ур -тӏа
ва -з
гевгьер -ар
буба -ди -ни
вири
ам
я
яраб
амукь -да
хьиз
са
ибурун
гьана
гада -ди -н
я
кьил
аку
юкъ -у -з
я -тӏа -ни
за в -яй
хьа на
талыш
винел
ва -з
кхьихь
алат -да
луьтквечи
ки
гьа.бере да
хъсан
чӏав -у -з
молодой -ар
ат -анва
ак -ур -тӏа
лагь -ана
югъ
чи
мад
гафар -зава
я
гада
жеда -ч
и
гала -з
джагьан
хва
жазаландырмиширвал
лагь -ана
гаф
а
куьмек -ай -ди
кьве
нян -и -н
им
гьадисе -яр
чан
ада
всегда
гьуьл -и -в -NULL
вун а
гьат -на
кь -ена
асул
кьил
чан
на
за
г -уда
тир
гала -з
ат -ана
лагь -ана
хьуй
хьа йи
и
за хъ
хьиз
я
вун а -ни
бахширвал
гьаа
кве в -яй
машин -ди -н
стрела -ди -н
ван акъуд зава й тир
ида -л
ида
дарман
къул а -з
за
ава й
шегьер
са
куда
я
г -уз
лугь -уда
гъавурда.акьуна
гьикӏ
са
ибурни
са
гумир
къванж а -л ай
вич и -з
хта -нава
ина
лагь -ана
чна -ни
лугь -уда
имран
лагь -ана
стха -ди -хъ -NULL
арадлай
гада
докъкъузюз
гала -й
къе -н -и -н
вич -и -н
гада -ди
хъф -ена
къари
хьи
ама
чӏавуз @@@
зи
гила
г -уз
тагиев -а -з
ибур
лагь -ана
ки
кӏукӏв а -л
лугь -уда
алдатмиш -ар зава
ахпа
яргъал
ам
хъийи -з
ат -ана
ат -ана
джагьан
ахвар -из
ковш
я
гуьре
ида -з
дерин
фадамаз
та- г -ана
тир
фу -ни
къачу зва -й
я тӏа
къеле -ди -з
лугь -уда
мад
же да
и
югъ
гьахь -на
и
акӏ
хьа на
негъе -н
шоллар -ди -з
ва -з
саягъ
за
кхьи -з ай -ди
хьи
свободный
шеъер
хьи
я
къарагъ -на
чукуна
кван
винел
чун
и
за -з
гада
ан а -л
ина -й
хьа на
лагь -ана
лагь -ана
гала -з
килиг -на
амал -ди -в -NULL
ав -уна
акъадар -да
сегьви
жагъи зва -й
алат -да -ч ки
инихъ -ди
вич -и
кьуд а -з
же зва -ч
ава -й
дагъ -лар -и -в -NULL
ахпахъизда
ф -ена
гьа на
им
лагьа й -ди л -ай
велибег а -н
рекъ е
къв -еда
экъецӏ -на
чка
ахъай -на
ава -з
бере
кӏвал -и -з
т- ав -унва -й
киши -н -ни
лагь -ана
ашкъи -ни
крар -да
хъсан
лув.гана
лугь -уда
гьат.тавур -ди
тир
хуь да -й
гада -ни
и
са
чун
анадыр -ди -з
я
чир
сонра
ида -з
тар а -NULL
хуь зва -ч -ир -ни
ата -й -ди
лугь -уда
ани -з
и бур
тӏвар
за
километр
садра -ни
ава
ина -ра
мад
ида -н
хуьр ре
за
лугь -уда
вуч -ун
шуьбяддин
хт -ана
эрмени -ди -хъ -NULL
хьа на -ч
ахъа -й из
къар л -ай
кь -унва
ма
и
вун
гьуьл -уь -н
ам
пара
ки
гьа-гьа-гьа
еке
ф -изва
са
эвер -да
на
вич
хьиз
вилик
гьагь
я
кӏанчӏ -ина -л -NULL
кьван
г -уз
ида
руш
чи
имни
алат -ана
безханум
гьааа
цай
гвай
чпин
г -ана
хт -анва
хьа -ана
ф -ена
са
тӏ -уьна
вак
ам
гада -ди -н
кӏвал -е -NULL
сакӏани
кӏан -зава -й
шуьбяддин
къарши -ди -з
сакӏа -ни
г -ана -тӏа
рулун а -л -NULL
эвера
я
эвер -ана
пачагь -ди -з
ибур
тир
ци
за
лугь -уда
гьуьл -уь -н
лагь -ана
чи
чан
ават -ана
балкӏан -да -л -NULL
къалай
ава -з
пек -ер
вич и -з
са
ахъай -зава
лугьу -ун
амукь -на
лежет
лагь -ана
исабала -ди
я -ни
кицӏ -и -з
кам -ни
гада -ди -з
жи
кьин
тӏимил.кьван
твах
са
ида -н
хьуй
лагь -ана
иеси -ни
гьар
лагь -ана
руш
акъат
ашкъи
къеле
вич -и -н
жи бур -и
я
вич -и -з
лагь -ана
къизил
эвер -да
лугь -уда
руш
аял -ар
хьи
ат -ана
вун а
же зва
за -з
и
кӏвал -е -NULL
са
же зва -ч
чуь
маса
руш
икӏ -на
ханум
фе на @@@
рук а -з
кицӏ -и -з
цех
же да
ван
ма
лув
пачагь
хкв -еда
рехъ
жазаландырмиширвал
атӏу -з
вуч
къеле -ди -хъ -NULL
урус -яр
ф -ена
руш а -н
зи
же да -й
ама
лагь
ава ай -ди
хъуьт -и -хъ -ай
туькуьр -ун
ну
са
ахъа -я -ла
ша
а
пек -ни
вич -и -ни
лайих -ди
лугь -уда
гада
элчи -яр -ни
бацӏ
гьуьл -уь -н
юкъ -у -з
больница -ди -з
и
мехъер -и -з
эцек -на
гьамам -да -NULL
вич -и -з
ни
са
дежурный -ди -з
ида к ай
ида
ат -ана
ида -з -ни
ат -ана
чи
а
за -з
чӏав а -л -ди
гада -ни
са
ини -з
къахчу -нава
отдыхат -из
ат -ана
элягъ -на
вуч -и -н
хьа на
къе йиф -и -з
хъф -ида
яхцӏур
элчи -яр -ни
ава й
передовой -ди -з
же да й
я
лугь -уда
йикьал ай
чи
булах -да -л -NULL
гъил -е -NULL
я
иеси
ама
ки
вич -и -н
мягьтел
чун
юкъ -у -з
шуьше
им
лугь -уда
хабар
ида -ни
ам
хьуьр -уь -з
гъил
аладрайтӏа
за -з
къв -езва
рекьи кь
лугь -уда
хабар
агъ -ана
лагь
вун а
и
буба -ди -н
хъсан
и
исабала
йетмиш
ида -н
туш
ки
экъечӏ -на
са
ахпа
лугь -уда
цехер
лагь -ана
квез
и
къуват
лагь -ана
хьи
пачагь
игила
ий -изва -й -тир
верци
за
же да
хъсан -ди к
игила
кӏватӏ -зава -й -ди
вичин
сонра
куь
къач -уз
кӏвал -е -NULL
са
ак -ур -тӏа
ва -з
руш -ар -и -в -NULL
а
къиямат
а
за
уьлуьхътав -уни -н
буба -ни
лагь -ана
гьайван -ар
къалур на
яр
гьа да
гьуьл -уь -н
тек
гьикӏ
ава -й
къиямат
и
стул -ар
за -з
юлдаш -ди -н
къвериг -из
йий -да -й
лугь -уда
яшамиш -да
и
экъецӏ -на
же зва -й -ди
гъ -ана
лагь -ана
ана -ни
ва -з
пачагь
ятӏа -ни
яц -ар
кӏан -зава
марфадикай
бес
яраб
вуч
за
и
ава
вири
гила
рекь -ида
къирех -ди -з
ча
кьван
за
ва -з
вич -и -н
шап -на
ава -ч -ир -ни
хир
диде
лагь -ана
вич
гъил -я -й
чун
за -л
ф -ида
и
зи
кӏвал -е -NULL
лагь -ана
хъф -ин
цона
ну
ацукьар -да
за
югъ
интернет
рази
ашукь хьа нава
гъил -я -й
руш -ни
ат -ана
къачихъ
т -ан
пачагь -ди -н
белке
акӏ
анжах
жамаат -ар
эцек -на
и бур
г -узва
пел -е -л -NULL
акат да
и
кӏвал -и -з
ибурун
же -мир
и
къари -ди -з
булах -ди -н
чун
чӏуг -урай
ат -анва
вуна
патакай
вуч
мад -ни
за
рахкъур -нава
акв -ада
чна
хер
шей - -и -в -NULL
туш
боеприпас
совет -ди -н
пуд
гада -ди -ни
са
хьа -нава й
ви
муькъве
ибурикай
ихьтин
са
ракъана
эй
кӏарас -ар
вич -и -н
лугь -уда
кас
лагь -ана
власти
ракъана
гьабур -ни
ак -уна
къ -уна
диде -ни
аку
ягъ
къенд -ер
хьи
ма
и
векь -и -з
бес
вири
хьи
шикил -да -NULL
ахпа
ава й
руш
хъиж -еда
ва
зун -ни
руш -ни
вуш
вак
са
кумаз -ни
ат -анва
луьтквечи
сад
вааар-девлет
са
ахъй -зава -тир
гьа
гьа
лагь -ана
ашукь -ди -з
тамаш -на
шив
вун а
гъ -ана
ида -ни
хьа -ана -ч
и
дишегьли -яр -ни
тахьай -тӏа
ван
ида -ни
са
гьада
талыш
хъ -ада
а
кӏватӏ
лагь -ана
ида -з
зи
анжах
югъ
чна
къуьн е -л
ф -ена
рессам -ди -з
саниз
телефон -ар
идан
лам -ра -н
акъат -на
лугь -узва
ковш да
ада в
ана
за -з
къура -з
автобус
ида -з
муькуь
чил -ер
са
вич -и
руш
чуг ай
пака
гада
ида -н
же зва й -ди
яхцур
шив
иеси
гьанай -ни
тӏвар
хьи
зун -ни
гевгьер -ар
и кьван
лугь -узва
диде
эцек
лугь -уда
лагь -ана
вакай
партия -ди -з
гьада -з -ни
зи
гьикӏ
хва
ацукь а -й -тӏа
очередь
ваъ
ф -ена
я
лагь -ана
булах -ар
за -з
ада
тучир
къ -уна
гада -ди -в -ай
гьич
паспорт -ар
и
лагь -ана
буба -ди -з -ни
къари
кьве
я
са
пара
линия -ди -н -ни
лугь -уда
рекъ е
ваъ
буба -ди -з -ни
ахпа.хьиз да
итем -ди -з
лагь -ана
къач -уз
гъил -я -й
н -ез
пачагь
пара
мина -яр
кь -ена
ада -з
бацӏ
гада
куд -нава -й
гьикӏ
анин
тир
экъв -езва -й -тир
инсан -ар
гьа
мехъер -ар на
къейседдин
ахпа
гевгьер -ди -н
цай
кьван
завай -ни
лагь -ана
лагь -ана
же зва -ч -ир
кь -ада -тӏа
къачал
чун
ки
хьа -ана
за
къач -уна
гада -ни
къе в -из
чна
чка
пепе -йр -и к -ай
зи
бере
лагь -ана
дарман
мейил
я -из
гвай
кьве
дуьгуь -яр
белке
ва в
ки
э
туькӏуьр ай -ла
руш
и
инсан
лугь -уда
дегьшет
кьил -я -й
я
эхир
лагь
лагь -ай -ла
гьарад
авуд -на
гьич
гваз
наразивал
руш
арадлай
эхир
лагь -ана
руш а к -ай -ни
жеда
руш -ар
газет -ди -н
амукь -да
аку
вич -и -н
гада -ди -н
градус
миграгъ -р -и -н
шеъ
регъуьла
мектеб -ди -л -ай
ида
цве -з
лепе -яр
гевгьер -ер -и -н
хъ -ада
акъат -на
гуьре
лугь -уда
ида -н
гьах -нава
солдат
йифиз-юкъуз
лугьу да
нупа да -л
кьиса
ки
ават -ана
шофер
са
кӏан -у -з
ибур -из
гьинватӏа @@@
жи
тир
чи да
хьа на
больница -ди -з
ана
бала
хьа -ана
гьана -ни
гваз
гаф
гьаа
са
абур -у -з
я
и
агъ -ана
къеле -р -и -н
гьабур -у -н
эхир
накьв -ни
же зва
мукьва -л
вич
кӏан -зава
асвальт -да -л -NULL
мад -ни
ахпа
зенг на
куьч кума -ни
лагь -ай -ла
гуя
лугь -уда
хьа на
кхь -анва
ма
ва -з
я
тир
алахъ -зава
югъ
я -тӏа
гьа на
яргъал а ай
г -уда
чан
кӏвал -и -з
гада -йр -и
пара
за -з
гьазим
къеле -ди -в -NULL
дар да
пачагь
вич -и -н
и
исяат -ни
югъ
винел
шив -ди -хъ -NULL
яраб
са
вахг -ана
туш
тир
са
чир
ина -л ай
са
дейесен
муькуь
инсан
пара
г -уда
мани
гила
шеъ -ни
за -з
къач -уда
акъат -на
ф -ена
вушата -ни
хт -ана
я
тир
лугь -уда
экъецӏ -на
ибур
чун
кума
чун
за хъ
це
а
чӏуг да ай
тир
ва
руш
туш
эхир
чӏехи
ава й
аладар
куьтях
чна
чан
лагь -ана
вине
чи да
сад.лагьа на
алим -ри -н
кӏан.хьа -нава -й -ди
ида @@@
гъил -е -NULL
лагь -ана
дагъви
кӏвач
зу
къапу -ди -н
цехер
вилаят -ди -н
за в -яй
гьах -нава
ида -ни
и
лугь -уда
лугь -уда
я
тӏ -уьна
вичин
мисал
ф -ена
тавур -тӏа
акӏ
исят да
лугь -уда
ф -ена
и
хьа -нава -й
кӏватӏ
хьа -нава
къач -умир
лишанлу
где-то
же да -й
жи
ак -ур -тӏа
ви
лагь -ана
да
лагь -ана
лагь -ана
хкягъи -н
за -з
кӏан -у -з
я
гада -йр -и
къерех -ди -в -NULL
бере
хъсан
за -з
гьин ай
хьа -нава -ш
ина -ни
са
гьа
луьткве -да -NULL
сад
ашукь -ди -з
са
я
руш -а -з ни
лугь -узва
пачагь -ди -з
шад
юкъ -у -з
сергьед да
миграгъ
кьиса
лугь -уда
г -ана
чун
пис -вал
са
зи
элкъв -ена
гьикӏ
гаф
я
вац -ра -NULL
кӏан
хьа -нава
ф -ена
хан
ала
хер
лугь -уда
гат на
г -ун -и -к -ай
тахтун -а -л -NULL
лугь -уда
капаш -да -NULL
тир
ида -з
ихьтин
бустан -ди -з
сегьви
лагь -ана
лагь -ана
ф -ена
же да
же зва
руш
ф -ида
кӏан -зава
чир -на
лугь -уда
шеъ
гьалт -да
патакай
гьуьл -уь -з
гьан ай
къанни
чан
лагь -ана
ман
чан
канивал
лагь -ана
и
ам
я
дуьзар -на
хьа на
эхир
хьа на
буба -ди -з
лугь -уз
гьаят -ди -з
я
хьи
сад лагьай
има
чна
я
кӏвал -е -NULL
гьам
ак -ур -тӏа
кван
пака
вилаят -да -NULL
аламукьнава
ахъа -й из
тир
алцур -ар -мир
гва -ч -из
я
атӏутӏ
има
гьафте
чун
и
кӏан -зава
сакӏани
гьа
гада -ди -з
я
гьар
ава й -ди
гада
кьве
юлдаш
гъил -я -й
ихьтин
ча -з
и
кицӏ
кицӏ
гада -ди -з
ава -з
яшамиш -да
гьикӏ
вуганва
чан
чагъу -ун
гада
яхцур @@@
нефер -ди -в -ай
иер
тир
воо
ф -ена
зун -ни
ама
са
чна
и
ий -из
мичӏи.бере да
парк -ина -й
кума
фе -нава
пака
лугь -уда
ана -й
кьулухъ
ва -з
я
кьил
ак -ур -тӏа
ватан -ди -з
яшамиш
рехъ
гьефте
пачагь
хъф -ида
лугь -уда
югъ
сад.лагьа на
аяр
лагь -ана
халу
ф -ена
исят да
область
кӏан хьа й ила
яшамиш
ви
и да -л
гата зва
а
лугь -уда
цӏурцӏа зва
мисмар -ди -к -ай
жув а
балкӏан -ди
чи
экъецӏ -да -маз
за
руш
са
исабала -ди -н
я
чун
ава
за
сад @@@
я
гьич
гьуьл -уь -н
има
ахпа
и
вич -и -н
ина
патал
яман
винел
вич и к -яй
им
ма
ибур
югъ
гала -з
и
дин -ди -хъ -NULL
гада
кас -ди -н
лагь -ана
чун
чи
объект -ди -л -яй
лугьу -ун
хъел
катдай
самур
ана
кхь -ида -й
гьа
ина
гаф
ханум а
гьарайзу
бебир
гъил -я -й
за -з
кьил -я -й
лугь -узва
за
летний
ат -ана
кицӏ
къ -унва
лугь -уда
къам -ни
я
ки
эвичӏ -на
ава й
гада
цӏай -и -н
ваъ
гьим
кьве
хъф -ин
дереже -ди -з
кве -з
са
куьн
кӏан -да
бес
ва в
хкягъа
ваъ
гьат.тавур -ди
гьи
тир
хьир
кьван
еке
аял -ар
якъин
ча -з
юкъ -у -з
лагь -ана
вак -ар
ибуру в ай -ни
абуне
чубан -ди -в -NULL
кӏватӏ -да -й -тир
ва -з
ван хьа на
ма
лагь -ана
ахпа
ий -ида -й
кӏалуб -ар
сят -ди -з
жаван
фе н -ун
ада -з
куд на
а
ва -з
за
чуг зава тир
лугь -уда
лагь -ана
за
ма
да
сад
квахь а й
руш
гьадисе
чин а
ви
вахку да
кьве -да ни
вичал
за -з
хьу й
и
ф -ена
чӏав -у -з
хьа -ана
са
ивиц из
гаф
лагь -ана
и
кцӏи
гьикӏ
кӏанай
гъил -ер -и -в -NULL
ава -ч -ир
везир -ди -з
арадай
къени -н
девлет
къв -езва -й -тир
лагь -ана
хци -з
гьат -на
муаллим
шад
са
пата -ни
акъат -на
гъ -ана
хьа на
гьижран
межлис
къачу зва -й
пис -вал на -й
же да -ш
ида -ни
мукьвал
туьт -ер
хкв -еда
рук а -з
лугь -уда
ярх.хьа ай
гьаят -ди -н
кас -ди
араб -р -и
им
хьа на
лугь -уда
г -узва -й
ван
аку
къавум -ди -ни
диде -ни
безханум
адаз
ихьтин
гьутӏа
имни
стха -ди -з -ни
итем
пешком
тир
къвед а -н
бере -да -NULL
лугь -уда
ий -изва
гьа
кӏан да
литва -да -NULL
иси
баде
эвер -ана
ва -з
цӏийи -з
хъухъ
гъвечид
илис же да
къерех -ди -л -яй
бигьуш
къанни.вад
жамаат -ди -н
и
ахвариз.фейи -ла
жибин -да -ай
са
вуч
конфет
хьи
хьи
лагь -ана
тӏарар -да
земляк
ини -з
гьуьл -у -н
къарагъ -на
гада
алцурар -на
вич
къач -уна
десять
ида @@@
гьа
нуьсрет
гьаджи
ат -ана
жив
башламиш -да
и
руш
отпуска
кан -и
ава
ша
за -з -ни
пап а -з
накьв
турба -яр
еке
тӏвар @@@
кьве
марф
ак -уна
аку
игила
алама @@@
гьиниз
киши -н зва
тухв -ана
кьил -е -л -NULL
за -з
нефер -ди
ава -ч
буба -ди -з
лагь -ана
я
хъсан
вуч и з лагь -й тӏа
за -з
эвеца
да
гьа
гьакӏ
гьуьл -уь -н
нагьахъ
хьтин
экъечӏ -на
хьайитӏани
за -з
смена
хьуй
йис
лагь -ана
ви -ч
буба -ди -з
ава й
винел
къачур -ла
гъ -ана
вучиз.лагьа -й -тӏа
булах -ди -н
хвеши
кицӏ
булах -да -л -NULL
гада
лугь -уда
ресторан -ди -з
вич -и -н
фе -нава -тир
аладар на
ама
г -ана
гат -ана
руш а -н
лугь -уда
ам
эскервил -е
ф -ена
энциклопедия йар
мад
ва к -яй
гва ай тир
чир
ф -ена
кӏан -зава -й
ви
гила
ф -ена
ма
инал -ни
балкӏан
я
я
вуга нава
лагь -ана
са
гьам
аял -ар -и -з
плен
хт -ана
кут -ада
и
кӏан
бебир
я
ша
и
са
пачагь -ди
т- ав -унва -й
руш
ягъа зва й -ди
вири
йиф
имни
я
лугь -уда
вегь -ена
къен
сад а -з -ни
руш
за
са
кьарас
кьимет
хъий -ида
кӏватӏ
и
жанавур -ди
хьа на
са
затӏ
кьве
ф -ида
вич -и -н
а
сер -ди -з
мици
экъечӏа
сонра -ни
накьв
кьил -и -к -NULL
я
в.общем
чукур -да
чи
ат -ана
лагь -ана
я
хуьр -уь -н
ат -ана
и
хил -ер
са
же да
ава й -ди
буба -ди
сагье -да -NULL
мани -йр -и -з
же да
балкӏан -ди
ф -ена
ава
ч -ида -й
атӏурвал
за -з
зи
акъадар -да
лугь -узва
къач -уна
са
идан
чан
лагь -ана
за -з
яргъай
а
лагь -ана
ава й -ди
ка й -ла
уьлчуь -вилел
амукъ да
хьи
са
хвеши
къерех -ди -з
сад сада -л ай
я
вуна
мад
немец -ни
хвеши
бере
канивил -и -н
вине -л
гъвечӏи
чан
же да ча в -ай
пара
акъудир
дуст -и -ни
юкъ -у -з
ина
буба -ди -н
паб -ни
кьан а -NULL
а
ий -ида
вири
гевгьер -ар
я
купча
ва -з
немец -ар -и -з
сад
къв -едамаз
я
мин
кӏан а
гагьат -на
алцурар -да
гъуьл -и -н
къари
къугъв -ни
акакь -да
дере -да -NULL
кьумек -ар
я
ша
польша -ди -з
ава
кьил -е -л -NULL
садрахъ -ни
рук -ар -и -з
тӏва
буба -ди
чна
лагь -ана
абур -и -н
ашукь хьа на
ат -ана
ча -з
хта -й -ла
дастан
гьада -л ай
за
адан
шей -ни
ида
има
эвера
ман
ида
къ -уна
элягъ -на
чи
кьумек -ар
лагь -ана
лагь -ана
кӏуьд
ав -уна
лагь -ана
меслят -ди -в -NULL
хкадар -да
тфенг -ар -ни
гада -ни
ф -ена
и
кван
пушкин
лагь -анва
зу
югъ
эвера
эчӏир -да -й -тир
ана -л -ай
и
къач -ун
вири да -з
этибар
чи
пӏуз -арар
гьадисе
вахтила
шеле-куьлени
пӏуз -арар
гьинвайда
эвер -да
лагь -ана
винел
и
пара
чи
гьуьл -уь -н
лагь -ана
вач
казарма
кӏан -зава -й
пуд
кьуьзуь
диде -ди -н
акъат -на
кьакьан
яц -ар -и -в -ай
хт -ана
мумкин
жи
руш
ма
са
туш
ибур -у @@@
гьуьл -уь -н
лагь -ана
гьамиша
эгь
инсан
по-русски
гьуьл -уь -н
кицӏ
цӏай -ни
ни
лугь -уда
крар -ий -к -ай
ина
жуьре
тухва -нава
ава -й -ди
ханум а
а
еке
вич -и в
чан
за -з
пачагь
килиг ай -тӏа
ина
азербайжанлы
къапина
ф -ена
и
гада -ди -з
ат -ана
накьв
хьи
эрмени
багъишламишатӏани
вуч
стӏурви -ди в
сонра
эхир
абур -у -з
хва
я
экъве да
гада -ди -ни
лугь -уда
ак -уна
чун
югъ
са
сад -ни
кьве
кӏел -нава
пек -ер
къакъуд -на
ахпа
хьи
сад
фин
балкӏан -да -л -NULL
тарифара -ди
я
концерт
шуьбяддин
вил -ер -а -л -NULL
тамаш
хъв -аз
лагь -ана
акъваз -нава
за -з
севда
ях
кӏвалах
яд
буран
къв -еда
же зва -ш
чан
лагь -ана
лугь -уда
им
кьил
мад
тӏарар -да
гевгьер -ар
хьи
немец -ар -и
лагь -ана
ваз
гила
мукьвал
иер
и
ибур -и -н
чи
чка
кь -енва
стха -ни
хьа -ана
вахку да
гъил -и -н
хъсан
ма
гьабур -у
лугь -уда
г -ун
исят да
къерех -ди -з
за
са
я
не
кицӏ
ки
пара
хурук-хурук
пара
ибурни
чун
я
ма
а
жуьйуьр
я
кут -ада
вун
вау
ида -з
лугь -уда
я -тӏа
идрис
са
ахьтин
гъил
ахъай -да
вах
муьтлег
цве -з
кьил -ер
вач
патай
инсан
хьа на
кӏвал -ар
лагь -ана
за
и
я
лугь -уда
лугь -уда
ава -й -ди
чун
хабар
къерех -да -NULL
ама
ана -л -ай
ша
вун
гьелелик
тридцать
ий -из
вун
агъва зва
кьван
сада
амукь -на
зи
ругь
туш ир
ф -ена
за
лагь -ана
акъат -на
район -да -NULL
экъ -из экъ -из
пачагь
не
месела
я
и
са
гьейет да -л
кьил
папа -з
лугь -уда
хъсан
са
гьааа
гьа.бере да
хъсан
вич
стан
комиссоват -на
за
ини -з
иер
тагу да ай
чун
дагъыстан -ди -н
чка -да -NULL
бешир
ва к -ай
чая -р
лугь -уда
лагь -ана
абур -у -з
ахпа
семь
за -з
тӏва
са
инлай
ракъ -уда
гьар
пек -ни
яхцӏурни
кӏан -да
диде -ди -н
ахпа
под
польша дай
ам
гъ -ида
вири да -з
мици
къерар -ди -з
хьи
гада -ди -ни
вич -и -н
им
и
ки
ак -уна
хъсан
къач -уда
ат -ана
и
ат -ана
бебир
регъуьла
гьамам -да -NULL
чун
гьуьл -уь -н
рук -ар -и -з
яр
за
ина -ра
ават -да
идан
чан
бейкеф
за
и
халкь -ди -з
же зва
вуч
акъадар -на
мертебе -ди -л -ай
гьамам -да -NULL
хьа на
гьа
лагь -ана
таран
и
ата й -ла
пачагь -ди -н
къвед ай
лагь -ана
ашукь -ди
гьуьл -уь -н
тир
гала -з
тир
хьа -ана
и
ава
гьа
иер
ва -з
ф -изва -й
я
ма
т -ада -й
лугь -уда
и
кӏвал -и -з
аял -р -и -в -NULL -ни
чан
мукьвал
т -мир
я
ана -й
ава
я
са
хьтин
вил -ер
лагь -ана
чир хьа на
ада -з
хьа на
са
эвер а
солдат
т -ана
луьтквечи -ни
вуч
вине -л а ай
назир
ф -ена
сад
разивил -ер
ат -ана
баку -ди -з
гьафте
эциг -да
а
ида
ида
гуьзел-гуьрчек
хъуву -рай
регьбер
вил -ер -а -л -NULL
ма
зейналабдин
югъ
бес
гьан а -л
ф -ена
хьа на
гваз
гьабур -и -ла ай
хьу -рай
къач -умир
я
т -уна
ида -з
американ р и
мад
вил -ер
вич и -з
пуд
тир
гъил
гьакӏ
ламрал
баша
гада -ди -ни
ак -унва
лагь -ана
я
ида
а -бур
дамах -ар на
къалур -ана
ваз
къетнен
икӏ
чун
михьи -вал
лагь -ана
вил -ер -а -л -NULL
лагь -ана
ава й -ди
иддихат -из
элягъ -на
чара
руш
и
лугь -уда
хьи
за в -яй
тапарар -мир
къахч -уна
кӏвал -е -NULL
эскервил -и -з
нефер -ди -в -ай
жув а
ки
лагь -ана
цӏуьцӏуьд
гьада -з
она
ат -ана
ихьти -н
лагь -ана
вилик
кӏан -да -й
аллагь -ди -з
за
хер
эйиб
ацукь -на
яр
са
вичин
не.исе
фидин
им -ни
тир
лугь -уда
гъенел
за
балкӏан -ди
мад -ни
эскервил -е
же да й -ди
гъа -нава -й -ди
хьа -нава
зу
вич -и -н
хьа на
жеда -ч
за
ава -й
ф -ена
рехъ
хсуси
ну
алуд
вил -ер -а -л -NULL
чуьх тир
мугьубат
са
гагьат -на
абур -у -з
зерна
кӏвал -е -NULL
тост -ар
икьрар
са
сад
иер
а
ха
са
г -анва -й
же да -ч
стха -ни
кӏватӏ
лагь -ана
вуч
базар -ри -з
къвед а -н
экъецӏ -да -маз
хер
солдат -ар
уже
эрмени -ди -н
идан
лугь -уз
хьа на
вилик
алат -ана
гьуьл -уь -н
ам
ибурун
ам
ацукь а -й -тӏа
алукӏ на
ава -й
валлагь
ф -ена
са
зу
вири
кӏарас -ар
гъавур -да -NULL
вич -и
ина
г -ана
аладрайтӏа
вааар-девлет
инсан -ри -з
кьве
эхъ -из
мейдан -да -л -NULL
буба -ди -з
хьа на
гьуьл -уь -н
чна
хьи
лагь -ана
иеси -ни
гьакӏ
хкве -р -ла
г -узва
ацукь -да
и да -л
эхьир
гевгьер -ар
и
я
за
миграгъ
за
лугь -уда
за
талыш -ди
балкӏан -да -л -NULL
хьтин
къач -уна
кӏарас -ар
мад @@@
чӏехи
хьа
хвеши
фейи -ла
зегьле фи зава й -ди
куту р
фирвал
хьтин
гьан
пичин -а -л -NULL
чка
инал
векь -ер
ахпа
авуд -на
ибуру
чун
шикил
мешок -ди -н
тир
ахвар а
чун
меслегьетар -на
я
я
гьым
за -з
гьи-гьин
са
хьи
акъуд -на
ат -ана
халкь -ар -ни
рикӏ
эвер -ана
ф -ена
ибур -у -з -ни
пачагь
ада -з
экъецӏ -на
ана й
за
мягькем
тӏварча
ана -й
лагь
тир
лугь -уда
лугь -узва
мама
фи -ун
куьтях
тамаш -на
яд
за
я
ам
баки -ди -з
йедди -ди -з
яру
ада
жемят -ди -з
жеда
кӏватӏ -ана
хабар
хва
лагь -ана
линия
мегьрибан
гьабурузни
вун
чи да
ва -з
чка -ди -з
къеле -ди -з
а да -з
ам
ви
лагь -ана
лугь -уда
вич -и -н
руш -ни
ваъ
вун
ана -й @@@
хъий -ида
гъил
гардан -да -л -NULL
за
лугь -уда
хъв -ан
пачагь -ди -н
къарагъ -да
эчӏир на
лагь -ана
кьил -ни
буба -ди
я
лугь -уда
же да
хьа -нава
гьама -ни
гада -яр
и
руш
ча -з
пата -ни
ав -уна
кӏан -зава
я
гьайван -ар -и -н
вуч зва
уьлкве -ди -з
чи
лугь -уда
руш
адет
гат -ана
негъе
кӏан
год -ди -з
ам
шив -ре -хъ -NULL
къ -уна
сад
лугь -уда
за
руш
гьава -яр
бала
хур
и
ва
жанавур
югъ
ала
ну
я
ида в -ай
а
кӏвал -и -з
чан
гада -ди -ни
гьа да -н
маса
за
я
гуд-гуд
руш -ни
ф -ена
идаз
ава
руш
акъуд -на
хуьр -у -з
руш
руш
а
же зва -ч
лагь -ана
балкӏан -да -л -NULL
за
лагь -ана
чка
экъецӏ -на
патав
къваз -на
лугь -уда
гъ -ана
застава -да -л -NULL
къенд
ава -тӏа
экъв -ена
дуьзар -на
ф -ида
са
лянет
вуна
хтун -да
шив
я -тӏа
гада -ди -ни
я
как.раз
са
лугь -уда
хкве -р -ла
к -ана
эхир
лугь -уда
ф -ена
гьуьл -уь -н
ида -ни
вуна
и
са
кӏан -зава
са
и
къарагъ -на
хве на
абур -и -з
лагь -ана
сарах
хк -ана
вун
июн -ди -н
лугь -уда
бере
жемят -ди -з -ни
кьил -е -л -NULL
пачагь
ава й
вилик
кучук на
сарах
концерт -ни
инал
чуьгъвена
жаван
са
и
ахвар а
экеча
лугь -уда
ава й
амма
са
мугьарибе
гада -ни
ава -й
гевгьер -ар
гила
яхцӏур
за -з
чка -д -л -яй
гаф -ар
гила
са
ша
има
гъил -я -й
самур
халу
бере -да -NULL
гила
вилаят -ди -з
ша
хт -ана
кӏан -зава -й
эскервил -и -з
гьаа
иддихат -из
хьа на
са
май -ди -з
хьи
гъ -ана
лугь -уда
вири
ани -з
ават -ана
лежет
эхир
кицӏ -и
гьин
яхцӏур
а
документ -ар
лугь -уда
лугь -уда
эчӏир на
гьи
тунва
са
рахк -уда
куьне
ааа
лагь -ана
ктаб
хъф -ин
хьа на
экъецӏ
вич -и -н
вич -и -н
лагь -ана
ат -ана
къул
за
хьтин
лугь -уда
и
эвера
вуч
руш
эскервил -е
гьада -з
вири
руш
ягъ -ана
луьтквечи
ци
чан
ахпа.хьиз да
яхцӏур
ашукь
вун
ви
ӏ9
эвли
лугь -уда
г -узва
ахпа
отвечает
им
пачагь -ни
са
вич -и -н
чан
машин
ма
луьтквечи -ди -з -ни
къуш
вич -и -н
чун
гьуьл -я -й
мугьарибе
и
лугь -уда
лугь -уда
чи зва -й -ди тучир
юкъ -у -з
атӏу -из
чна
хьа на -тӏа
ат -анва
гьа да -н
шагьдагъ -ди -н
вич и -з
вун
тир
ава -й -ла
эвецӏ -да
гъавурда.акьу на
гъвечи
вич
кьуьзуь
са
ада -з -ди
вун а
куьне
пачагь -ни
и
жи
и бур
бейкеф
ава -й -ди
кас
къерех -ди -в -NULL
лагь -ана
воо
газет
амукь -ин
эциг -да
гьа
за в -яй
нефер
шеир
ат -ана
къанни
июн -ди -н
кӏвал а
дагъ -лар -и -л -ай
лагь -ана
вич и -з
гьат -да
ктаб да
т -ада
за хъ
къерех ай
ахъай -на
ат -ана
има
шеъер
ки
и
хталахъ -ди
я
руш
зи
хьи
я -ни
кьве
тахминан
гада -ди -з -ни
гада -ди
лугь -уда
хьа йи да -ла -й
эрзе
за в -яй
къанивил -и -н
гада
гафар -да
мех
диде -ди хъ
куьн
къач -уна
са
ф -ей
вак
хьа на
чка -да -й
ида
фикирар -зава
кӏан
а
гьамам -да -NULL
ада -з
чи
киши -н зва
къари
ки
гьар
ава -й -ди
хьа -нава
гафар -да
хьа на
ван хьа на
балкӏан -да -л -NULL
хьа на
ф -ида
ви
чи
я зава
йетмиш
яхун
лагь -ана
лугь -уда
хьа -нава
лугь -узва
хуьр -у -з
на -з
гада -ди -в -NULL
лагь -ана
балкӏан -ди
къулдур
фин
лагь -ана
ки
лагь -ана
гьанал
зи
лугь -уда
ракъу зва
акв -аз
къул -а -NULL
цӏикьвед а -з
пуд.лагьа -й
и
хвеши
кицӏ -и -з
сен
фе -нава
свас
хъсан
анадыр да -ни
ахъай -на
лугь -уда
лугь -уда
алукӏ на
вегь -из
къар -л а
баш.уьсте
архаин
летний
ина -й
ки
кӏан -у -з
туш
лугь -уда
ки
им
за -з
ибур
вуч -и -з
хкв -еда
руш -ни
хъий -ида -й
ида @@@
чуьн
сонра -ни
къурмиш -да
цӏуьгъвенай
маса
гъил -я -й
са
кьве
гьим
хьа -ана
гада -йр -и -з
хьир
седакъет
абур -и
ава й
ширин
туш
лагь -ана
хтар -ар
къачу
тхона
за -з
ф -ена
дейесен
мад -ни
чаз
къвед
межлис
трамплин
жаван
чӏалах
ида
къвазара
амукъ да
я
йикъ а -л -NULL
шап -на
гуржистан -ди -з
за -з
чан
гьикӏ
г -ун
чун
вуш
я
яни
ч -ида -ш
ну
кӏан -зава
куда
ава й
пачагь -ни
рехъ
гьа
ф -енва
лугь -уда
за -з
за
гьуьл -уь -н
къулдур -ри -з -ни
маса да -з
амукь -на
хьа на
и
шикил
иер
зи
хьа -нава
за -з
тамашатӏа
вун
гьат.тавур -ди
за
патай
лагь -ана
а -бур
лугь -узва
вахт
дуьз
ча -з
гьуьл -уь -н
и
куьн
ккӏ -ида
пачагь
гила
американ -яр и
чун
акьуллу -вал
хуьррем
кичӏе -зава
гила
лагь -ана
ягъади
гьич
жагъур на
кӏан -у -з
гьа-гьа
къанни.цӏуд
кӏвал
эвер -на
лагь -ана
чир
ам
ада
буба -ди -н
чун
эциг -да
лагь -ана
чугъ -ун
и
винел
ахпа
бабат
ижаза
я
хьи
лагь -ана
миграгъ а -л
вилаят -ди -з
гьагьана
гьада
за к -ай
ваъ
лагь -ана
и
жагъур на
ида
гада -ди -з
изат на
им
ламрал
ий -ин
кӏан -зава
лагь -ана
гада
ида @@@
куьтягь.хьа на
за -з
гьар
сонра
икӏа
кӏан -да
са
ва -з
фена-фена
вич и -з
т -ада
ондокъкъуз -ди -з
кӏел -да -й
маса
хуьр
ак -уна
къул а -з
а
еврей
кӏан да
ки
има @@@
гъ -ида
гьажуз -вал
элкъв -ена
гу зва тир
ци
я
шофер -ди -з
ааа
хуьр -уь -н
хкаж
руфун -а -NULL
гьа
куьмек -да
и
лугь -уда
кь -уна
акв -ада
пара
гьуьл и -н кӏан -у -з
инлай
хьи
акунгаз
чан
ий -изва
кичӏе зва
виня -й
лагь -ана
эвера
дуьз
бере -да -NULL
пуд.лагьа -й
акв -ада
гьейет -да -л -NULL
тӏва
гужна
за
хт -ана
ф -ена
кака -яр
ван
стха -йр -и -з
багъиш на
къв -еда
хъсан
лугьу да -й
кювет -ди -из
руш
иер
кӏвач
г -ана
сонра
кӏан -зава -й -ди
са
аял -ар
къужахтава -з
и
элкъв -ена
лагь -ана
кхь -изва
хуьр ре
рекьи -мир
и
лугь -уда
хъф -ена
и
зи
фирвал
бельгия -ди -з
но
ламрал
вах
чка
гада
диване
и
ида
ат -ана
вуч и з лагь ай -тӏа
и
шив -ре -хъ -NULL
г -уз
лугь -уз
тир
за -з
патав
хва
лугь -уда
и
ви
а
икьван
и
же да
лугь -узва
хуьр -уь -н
имни
къулдур
гьина
кут -уна
хьи
худ.га на
чи
ида @@@
рессам
уьлуьхъ -зава
са
цӏай
чип -ни
руш
са
ида -з -ни
хъфелахъди
нормально
вири -ни
везир -ди
пачагь
вил -ер
же да -й
лугьу да -й
рахк -ана
гада
диде
зак а -й
ихъти -н
гада
себриллагь
балкӏан -да -л -NULL
г -уда
ма
ида
катна ва -й -ди
нефер
вуш
за
ахпа -ни
кицӏ
маркинлаи
вун
дене
г -уда
балкӏан -да -л -NULL
я
башламиш -зава
гуьгъуь на
лагь -ана
кӏан -зава
четин да
чукотка
за -з
юлдаш -ди
ваз
чна
гьалт на
акур
къач -уда
куьн
балкӏан -да -л -NULL
хъсан
я
ада
галаз -ни
им
патав
лагь -ана
йис
ф -ида
ки
за -з -ни
къвал а -в -NULL
кӏуьд
газет -ди -з
софия -ди -з
лагь -ана
лугь -уз
са
инанмиш
гьин ай
гила
куьтях -на
югъ
ибур -у @@@
агакь -ар да
зу
гьинвайди
эвел
рук -ар -и -н
кичӏе
руш
хуьлуьхъ а
хуьр -уь -з -ди
г -уда -ш -ни
чӏав -а -л -ай
чун
за -з
руш
аладар на
ава -ч -из
къач -уна
лугь -уда
кьве
лагь -ана
эхир -ни
сифте
шегьер -ди -з
ала -ди -ла -й
хкадар -зава -й
лагь -ана
шегьер -ди -з
им
кассет -ар
вине -л ай
руш
гьуьл -уь -н
зи
пад
чӏулав
и
ак -уна
яд
хьир
юкъ -у -з
хьа на -ч
я
кь -уна
шагьдагъ
кь -унва
безханум
са
югъ
къугьум -ди -з
за -з
накьв
иви -ди
лагь -ана
ибур
ви
а -бур
жуьйуьр -ар -ни
ата -й -ди
гъ -ана
солдат
гьана
элкъв -езва
голландия -ди -з
къван -жи -н
им
хьа на
за
диде
накьв
хкаж
ахъай -да
гада
къв -езва
жув а
ида -н
машин -ар а
галкӏ -анва
за -з
пата хъ
акъат -да
ат -ана
за
ида -з
уьмур -ди -н
трамплин
ида -ни
солдат
куд -нава -й
фасон
хьайи -тӏа -ни
шив
гъ -ана
станция -да -л -NULL
къатка -нава
экеч а
хьа на
ацукь а -й -ла
са
хьиз
за -з
гьар
ча -з
гала -з
руш
лагь -ана
са
франция дай
фикир
аку
са
низ
шуьше
багъиш -на -й
хьа -нава
и
за -з
гьуьузуьр -ди -з
ава зва
и
хырдалан да
жумледен
йиф -и -з
акъуд -ун
ван
ида
ки
хьа на -че
и
ида
вун
хк -езва
инсан -ди -хъ -NULL
граница -яр
нефер
ватан -ди -з
лугь -уда
явашдак
вуш
ава -з
ида к -яй
терсина
чуьнуьх.хьа на
са
гьат -на
я
хт -анва
вуш
икӏ
яр
са
пара
и
лагь
гьикӏ
гъваш
ф -ена
чка да -л
эциг -да
луьквен -зава
рекъ е
физвайди
лагь -ана
седакъет
я
ваъ
ваъ
рессам -ди -н
гьа
агакь -на
гевгьер -ар
йис
дуьз
ида -н
хьа йи -ла
чан
хта -й -ла
кьил
лагь -ана
зи
вун
патал
т -ана
хьи
г -уз
гила
чун
кӏевиз
ибуру
гъ -ида
яхцӏур
чна
вири
рази
хуьр ре
седакъет
гада
буба -ди -н
лагь -ана
алукӏ на
са
вич -и -н
ата -й -ди
дуьзмуьш ай -ди
лагь -ана
фронт
и
таможня
амна
сакӏа -ни
марал -ди -н
стха -ди -в -ай
ава -из
гьакӏ
лугь -уда
эциг -нава
ф -ена
ибурун
ф -ида
руш -а -з ни
туш
кӏан -зава
лугь -узва
цӏыцӏ
хьи
кьил
гъваш
тир
къв -еда
зун -ни
лугь -уда
чи
немец -ар -и -н
бес
лагь -ана
къач -уна
са
за
мад -ни
буба -ди -з
фи- да й
лагь -анва
пачагь -ни
ама
къачу
яд @@@
ахъаюнма -з
ката -й
чара
за -з
ахпа
чара
граница -ди -з
я
за
хт -ана
г -уз
кӏвалах
ава -ч
икьван
ф -ена
чун
хьи
чна
ван
квез
дигишар зава -й -ди
ви
бес
къваз -нава -й
балкӏан -ди -н
лагь -ана
патав
хьа йи -ла
лагь -ана
гада -ди -з -ни
вич и -з
чир -на
са
ма
за
за -з
ацукь -на
икьван
литва -ди -н
а
миграгъ
яшамиш
и
лагь -ана
мизан
хъсан
окружения -да -NULL
лагь -ана
ив -и -з
сара -яр
пенжер -да -й
руш
булах -да -л -NULL -ни
шагьвар
ракъайтӏа
къ -ада
лагь -ана
ибур -у
руш -а -хъ -NULL -ни
дагьа
гьаджи
гьа
жув а -з
гьагьа
за -з
я
лагь -ана
руш
лугь -уда
луьткве -да -NULL
пара
балкӏан -ди -н
кут -уна
чӏехи
тӏвар @@@
ф йи -ла
ча -з
и
вегь -ена
вири
акьах ай -ла
мугьарибе
безханум
чпин
и
жи
вуш -ун
хкер -ла
идаз
има
же зва -ч
балкӏан -ди -н
ида -н
чи
инсан -ри -з
кицӏ
муеллиме
лагь -ана
атӏу -из
гъел
хьа на
акӏ
лагь -ана
и
кьур -ла
са
вич -и -з
эциг -да
гада -ди
ада -з
къунши -яр
ва -з
элкъв -ена
адет -ар
гада -ди
вилаят -ди -з
акъах
и
мороз
гьуьл -уь -н
шагьдагъ
ккӏ
рук -а -й
къул -а -NULL
польша дай
гевгьер -ар
гьарай -зу
лугь -уз
лагь -ана
ата -й -ла
икьван
лагь -ана
иви
имни
лагь
фикирар -мир
таву р
цӏуд
гъваш
има
и
ида -з
лагь -ана
рикӏ -и в -ай -ни
же зва -ч
а
кве -з
ф -из
им -ни
хъифи -из
лагь -ана
мертебели
ава -з
пуд а
ава й -бур
вил -ер -и -з
бес
рикӏ -и в -ай -ни
ида @@@
руш
кӏвал -е -NULL
са
яхцӏур
истирагьатай -да -л -ай
башламиш -да
дамах -ар на
гьарад
акӏ
чир
вуш -да
лагь -ана
дяве
я
руш
кӏцарви -яр
кӏан -да
кӏватӏ
ва
кӏани вил -и -з
белке
за -з -ни
баде
ма
булах
истикан
къве зва ай
яд
русс -ар -ни
икьван
хьа -ана
г -уда
гьан а -л
за к -ай
и
хьа на
за в -яй
абур -и -з
кван
мицибур -у
гьим
балхун -да -й
лишанлу
г -уда
лагь -ана
зи
я
ан -яй
са
тагиев а
лув.гана
са
куьч
тахьай -тӏа
ада
илис -ана
еке -з
кӏвал -и -з
тухв -да
ша
лагь -ана
гила
яхцур
пек -ер
лагь -ай -ла
къерех -ди -з
хер
хъиж -еда
куьч-кума
на
ки
еке
цл а -л -ай
са
ов
чи
седакъет
лугь -уда
чун
гат -ди -ун
хъфе -нава -ч
иер
кьил -е -л -NULL
рикӏ -е -л -NULL
маса
гьуьл -уь -н
хьи
лув.гана
шад
сят -ди -з
фи да ай
ф -ена
тӏимил.кьван
чай -ди -з
гила
юкъ -у -з
хьа на
лугь -уда
хьа на
пачагьвализ
гьин ай
каспи -ди -н
гада -ди -ни
олмагла
и
анд-аманд
ша
кьве
гьат -из
чна
шахар абур
ацукь а -й -ла
ат -ана
гьин
ама й -ди
т -ада
фена-фена
са
тухв -да
ча -з
ки
а -бур
дежурни -ди -ни
вири да
гьануз ^0 -ди
гу да -й -ла
лагь -ана
ак -ур -тӏа
джагьан
за -л
са
къул -а -NULL
кан -и
гьабур @@@
гьах на
тир
гада -ди -з -ни
са
пӏуз -ар а -л
кат -да
эвецӏ -на
гила
чун
г -ун
ну
бебир
са
шад
ацукьарна
лагь -ана
я
вуч -ун
ава -й -ди
хьир
экъецӏ -на
халу
къарагъ -из
къв -еда
им
кь -ена
ак -ур -тӏа
зи
чна
алцурар -на
за
мад
ида -ни
еке бур
аку на
алцурар -на
чан
чна
ана
ву
ф -енва -тӏа
журналист
хъсан
ката -й
гевгьер -ер -и -н
ава
къвазара
сакӏани
туху зва -й
г -узва
за -з
вучиз лагь ай тӏа
зу
патав
гьи
са
къеле
сад-садахъ
дагъустанви -ди -н
чан
винел
гила
за -з
ахъай -на
хьа нва
фад
кьил -е -л -NULL
цай
оказывается
вун
гьым
безханум
лагь -ана
пачагь -ди -з
седакъет
са
вири
хьа на -тӏа
кьехе
кас
концерт
туш
вуч
игъ -ин
лепе -яр
вун
ак -уна
хала -ди
элягъ -на
хьи
дастан -ар
я
руш -ни
же да
ва -з
ими -ни
мес -е -NULL
гьейет да -л
ккӏ
хкв -езва -й