ni.hande#HERE
gakham#to.search.for -i#REPEATEDLY
sang#class.person
men-#CAUSATIVE jadi#to.become -ken#CAUSATIVE
kane#so
te#and
akhi#from
pekhintah#order.(command)
te-#ABILITATIVE bege#hear,.to
tanoh#land
ni-#PASS.INTR harga#value -i#DURATIVE?
te#and
me#to,..toward.(a.place)
malet#neg
pajak#tax
te#1p
men-#ACTIVE.VOICE bantu#to.help
amin#only
iketen#tie
pade#on.(of.dates)
si#relpro
edi#that,.those
de#if
dikhi#self
te#and
lemes#limp
uwis#cloth
me-#TO.HAVE.... hak#rights
okhang.tue#PARENTS
mame#uncle
kali#the.time.(that.something.happens)
sang#class.person
malepetake#calamity
si#relpro
amin#only
wakhisen#inheritance ==ne#=THE
ni-#TRAN.PAS segan#lazy -i#TRAN.PAS
singkil#Singkil
wakhi#day
kakhene#because
kalihen#very
pe-#THE.PROCESS.OF bahan#kerja ==e#=THE
me#to,..toward.(a.place)
[...]--#RDP hame#hama
wahai#O
tas#PURSE
mahal#expensive
si#relpro
hal#thing
[c^1][v^1]-#REPEATED.ACTION minum#drink,.to
kakhene#because
si#relpro layakh#sail
me-#ACTIVE.VOICE bahan#to.produce
anak#child
sesikel#AS.IF
aku#1sg
ni-#PAS.TR bunuh#kill ==ne#=3SG
compang.camping#TATTERED
dukun#shaman
bage#such.as
manuk#bird
meng-#DURATIVE? alam#to.experience -i#DURATIVE?
wali#representative ==ne#=3SG
neggekhi#Nagari
de#if
me#to,..toward.(a.place)
iye#3sg
madhe#negativizer
kekhan#Engkeran
ngkhan#Engkeran
gakham#to.search.for -i#REPEATEDLY
sakti#magical
meng-#REPEATED.ACTION adikh#to.arrive -i#REPEATED.ACTION
me-#TO.APPLY.....TO.THE.OBJECT milik#possession -i#TO.APPLY.....TO.THE.OBJECT
izin#permit,.license -ken#IMPERATIVE
pagakh#gate
me-#TO.DO.... lalu#to.pass
mulai#begin,.to
amin#only lah#intensifier
sang#class.person
tuan#master ==ku#=1SG
keluakhge#family ==ne#=THE
kalihen#very
suku#tribe
edi#that,.those
khaje#king
khut#with
kane#so.that
khaje#king
sekolah#school ==ne#=THE
pihak#side.(of.an.issue)
laki-laki#male
khut#with
==ne#=3SG
nakan#rice.(cooked)
akhi#from
engo#have.been,.ever
amek#mother
nujum#fortune.teller
nange#again
[...]--#PLURAL anak#child
soh#to.arrive
ate#heart
edi#that,.those
khaje#king
kute#city
pey-#SOMETHING.ASSOCIATED.WITH... akit#sick
ajaib#magic
khumah#home
malot#neg
ke-#NOMINALIZER khaja#king -en#NOMINALIZER ==ne#=THE
cut#little.(small) ==ne#=3SG
de#if
kane#even.(also)
ekas#place
bakhu#just
khut#with
pe-#THE.WAY.OF... tukokh#buy -ken#THE.WAY.OF...
engo#done.(finished)
anak#child
tading#live.(stay.in.a.place)
khut#with
khaje#king
mende#better
dabuh#to.fall ==ne#=3SG
n-#ACTIVE.VOICE umpang#to.somersault kepaling#to.turn
kane#even.(also)
me#to,..toward.(a.place) khumah#home
natam#Natam
ende#this
si#relpro
sakti#magical
banjikh#flood
pakek#to.use
se.engo#AFTER
malot#neg
kane#even.(also)
oleh#by
kanda#older.sibling
aku#1sg
sang#class.person
amin#only
mungkin#maybe
pitu#seven
istekhi#wife
kanda#older.sibling
oleh#by
oleh#by
bungki#boat
enggo#done.(finished)
gakham#to.search.for -i#REPEATEDLY
amek#mother
malet#neg
kase#even.(also)
te#and
edi#that,.those
ni-#PAS.TR mulai#begin,.to
ni-#PASS.INTR tegu#to.pull -ken#PASS.INTR
se-#ONE tekhus#to.continue ==ne#=3SG
te#and
namun#but
panen#harvest
endhe#it
te#and
se-#ONE kalak#person
edi#that,.those
si#relpro layakh#sail
ni#in,.at.(space)
bage#such.as
uwak#father ==ne#=3SG
ke-#CHARACTERSTIC.OF penting#important -en#CHARACTERSTIC.OF
sekolah#school
ni#in,.at.(space)
balik#return.home,.to
tekh-#ABILITATIVE tandok#sit.down,.to
te#and
n-#ACTIVE.VOICE dabuh#to.fall
mem-#ACTIVE.VOICE ege#hear,.to
kane#even.(also)
wakhi#day
wahai#O
pelin#only
tandok#sit.down,.to me-#TO.HAVE.... sile#cross.legged.position
kane#even.(also)
me-#TO.DO.... limpah#overflow khuah#downpour
si#relpro
ni-#PASSIVE asing#foreign -ken#PASSIVE
deleng#jungle
iye#3sg
si#relpro
pukhih#midvein.of.leaf
khut#with
hasil#result
kanda#older.sibling
ni-#PAS.TR babe#to.carry m-#ACTIVE.VOICE balik#return.(go.back)
kalak#person
nihil#nothing
pekh#HAVING.TO.DO.WITH... cuba#try -en#PROCESS.OF
sang#class.person
khut#with
wakhi#day
khut#participate
iye#3sg
si#relpro
singkil#Singkil
me#to,..toward.(a.place)
kane#also
penamun#bandit
ulang#do.not!
ende#this
aku#1sg
ke-#ORDINAL siwah#nine
anak.khu#GIRL
dakhi#from
mem-#ACTIVE.VOICE unuh#kill
mbue#many
mejile#good
edi#that,.those
kekade#thing,.item
pemain.sukhi#QUEEN ==ne#=THE
mate#to.die
nggeluh#life
sentue#oldest.(child)
abhang#brother,.older
iye#3sg
si#relpro
malet#neg
te#and
ni#in,.at.(space)
usahe#effort
nange#again
se-#EACH ekas#space
si#relpro
anak.laki#BOY
kakhene#because
empus#garden
te#1p
kakhene#because
bakhang#thing
ni.mai#to.wait.for
kao#you.(hon)
edi#that,.those
edi#that,.those
bage#such.as
si#relpro
ni-#TRAN.PAS pesulak#to.invite -i#TRAN.PAS
si#relpro ape#where
men-#ACTIVE.VOICE ukokh#buy
desa#village
[...]--#REDUPLICATION pe-#PERSON.WHO... mude#young
si#relpro
si#relpro layakh#sail
bekhu#woman ==ne#=3SG
pakek#to.use
tekhus#to.continue
khut#with
amek#mother
bhe#to,..toward.(a.place)
mendekhite#to.suffer
khumah#home
khaje#king
seban#wood
anak#child
suami#husband
wakhi#day
me-#TO.HAVE.... daye#energy
kake#sister
edhi#that,.those
ganas#wild
edhi#that,.those
oleh#by
pot#to.want
gane#to.cook
bayi#baby
men-#ACTIVE.VOICE indekh#to.build -ken#CAUSATIVE ==ne#=3SG
kane#even.(also)
si#relpro
nange#again
adih#THERE
beliau#3sg.Hon
pade#on.(of.dates)
se-#ONE kalak#person
singkil#Singkil
me#to,..toward.(a.place)
uan#father
iye#3sg
nakbekhu#woman
si#relpro
me-#TO.DO.... engah.engah#TO.BREATH.HEAVILY
pemain.sukhi#QUEEN ==ne#=3SG
me-#CAUSATIVE soh#to.arrive -ken#CAUSATIVE
suasane#situation
nujum#fortune.teller
te#and
te#and
khe#to.give -ken#TRULY
seban#wood
ate#heart ==ne#=3SG
se-#HAVING.THE.SAME ketike#on.time
edi#that,.those
tekhahikh#the.most.recent
edi#that,.those
tapi#but
tading#live.(stay.in.a.place)
me-#TO.DO.... cekhok#speak
bekhu.dinam#BRU.DINAM
walau#despite
kau#2sg
tebe#TOWARD.(A.PERSON)
mbue#many
me-#TO.HAVE.... doe#prayer
nemu#to.be.able.to
ni-#PAS.TR pinang#to.propose.(marriage)
anak#child
sengaje#to.be.intended
edhi#that,.those
belang#wide,.width
men-#ACTIVE.VOICE cube#try
khut#with
bujuk#persuasion -en#NOMINALIZER
si#relpro
pitu#seven
deleng#jungle
tekhus#to.continue
ninik#grandmother
dikhi#self
khut#with
madhe#negativizer
anak#child
ni-#PAS.TR pido#request.to.(informally)
nggeluh#life
edhi#that,.those
si#relpro
pakek#to.use
pahat#chisel
ie#3sg
de#if lah#emphasis
madhe#negativizer
kami#we.(excludes.the.one.adddressed)
kasukh#mattress
soh#to.arrive
te#and
akhi#from
kelak#what.will.come
khisau#worried
engo#have.been,.ever
me-#TO.HAVE.... baju#shirt
ni#in,.at.(space)
bahwe#that
sikel#will
me-#TO.HAVE.... deleng#mountain
mate#eye
sakti#magical
sikel#will
ni-#PAS.TR pinpin#to.lead ==ne#=3SG
sikel#will
kalihen#very
khut#with
ni#in,.at.(space)
nakan#rice.(cooked)
tekham#to.kick tunjang#to.lunge -i#REPEATEDLY
aku#1sg
handhe#here
ni-#PAS.TR tekham#to.kick tunjang#to.lunge
pe#however
si#relpro
oleh#by
te-#PASS.TR tukokh#buy -ken#PASS.TR
untuk#for
se-#ONE jumlah#amount
bagi#for
ni-#PAS.TR undang#to.invite ==ne#=3SG
keluakhge#family
te#and
ngekhan#Engkeran
geluh#life ==ne#=3SG
lain#other
panganen#food
me-#TO.DO.... cekhok#speak
pen-#HAVING.TO.DO.WITH... dekhite#suffering -en#HAVING.TO.DO.WITH...
mem-#ACTIVE.VOICE bunuh#kill ==ne#=3SG
pesen#to.order.something
dukut#grass ==ne#=THE
sendikhi#alone
penduduk#citizen
ende#this
lahekh#born ==ne#=THE
sang#class.person
me-#ACTIVE.VOICE lawan#opponent ==ne#=3SG
te#and
kayu#wood
mulai#begin,.to
dhahi#to.pick.up.(something) -me#POLITE.IMPERATIVE
sosok#figure
lekheng#bicycle
kayu#wood
si#relpro
peng-#THE.ACT.OF.... ukhus#barren -en#THE.ACT.OF....
ni#in,.at.(space)
me#to,..toward.(a.place)
bhual#lie,.tell.a.falsehood -i#REPEATEDLY ==ne#=3SG
si#relpro
khamah#boyfriend
pekhistiwe#event
meng-#TO.GO.TO.... adep#face
khut#with
akhi#from
me-#TO.BE.... cocok#SUITABLE
n-#CAUSATIVE tumpang#to.somersault kepaling#to.turn -ken#CAUSATIVE
dempik#cry.out,.to
si#relpro
me-#TO.APPLY.....TO.THE.OBJECT milik#possession -i#TO.APPLY.....TO.THE.OBJECT
si#relpro layakh#sail
laus#go mece#to.read.holy.books -me#POLITE.IMPERATIVE
manuk#chicken
malet#neg
nate#to.want ==ne#=3SG
iye#3sg
mahkota#crown
tukang#CRAFTSMAN
anak.laki#BOY
hal#thing
amek#mother
engo#have.been,.ever
penjelasen#clarification
ni-#PASSIVE kakhene#reason -ken#PASSIVE
lebe#first
me#to,..toward.(a.place)
anak.laki#BOY
ie#3sg
bungki#boat
ke-#CHARACTERSTIC.OF ganteng#handsome -en#CHARACTERSTIC.OF
ngekhan#Engkeran
ninik#grandmother
sepasang#pair.of
iye#3sg
khaje#king
ni#in,.at.(space)
amin#only
mate#eye
kune#HOW? pe#also
[...]--#REDUPLICATION sitok#little.(not.inch) ==ne#=3SG
ni#in,.at.(space)
hakhte#wealth
malot#neg
goye#worm
lah#emphasis
demikian#thus
anak#child
ulang#do.not!
tanoh#land
bagi#to.share ==ne#=3SG
khut#with
bali#same
tumpang#to.somersault kepaling#to.turn
alas#alas
toh#to.know
khaje#king
amin#only
khut#with
tukhang#sibling ==ne#=3SG
khut#with
pade#on.(of.dates)
sekhik#difficult
jahat#evil ==ne#=3SG
si#relpro
si#relpro
ni#in,.at.(space)
main#to.play
akhi#from
bage#such.as
mame#uncle
aku#1sg
khoh#come,.to
khaje#king
te#and
saling#mutual,.mutually
sikel#will
bahwe#that
ni-#PASSIVE cakhe#way,.method -ken#PASSIVE
ni#in,.at.(space)
te-#CAN pangan#eat -i#CAN
nomokh#number
khaje#king
kane#even.(also)
anak#child ==ne#=THE
pekhintah#order.(command)
si#relpro
jumpai#to.find
tule#again
enggi#younger.brother.or.sister ==mu#=2ND.PERSON
kukhang#less
kane#even.(also)
pakse#force,.to
kabakh#news
ate#heart ==ne#=3SG
wali#guardian ==ne#=THE
kawin#to.marry
bayi#baby
cuping#ear
bekhu.dinam#BRU.DINAM
kawin#to.marry
me-#TO.DO.... jolokh#to.creep
te#and
de#if
nange#again
te-#CAN gusuk#scrub,.to -i#CAN
tekhyate#apparently
lade#chili.pepper
lain#other ==ne#=THE
ni-#PAS.TR tambah#Tambah
edi#that,.those
mange#yet,.not.yet
lawe#water
khut#with
ndape#to.there
de#if
ni-#PAS.TR takhik#to.pull balik#return.home,.to
ni#in,.at.(space)
me-#TO.DO.... lalu#to.pass
kakhet#rubber
khaje#king
de#if
laus#go
me#to,..toward.(a.place)
kute#city
ende#this
ke-#NOMINALIZER khaja#king -en#NOMINALIZER
naas#disaster
baba#to.carry -i#REPEATEDLY m-#TRANS balik#return.home,.to
khang.tue#PARENTS ==ne#=3SG
edi#that,.those
de#if
ni-#PAS.TR pakek#to.use
si#relpro layakh#sail
untuk#for
lebih#more.(comparative.quality)
sengaje#to.be.intended
akhi#from
khut#with
iye#3sg
engo#done.(finished)
ni#in,.at.(space)
oleh#by
antakhe#between
sekhik#difficult ==ne#=3SG
kao#you.(hon)
ndak#not
natam#Natam
ni#in,.at.(space)
anak#child
sementakhe#temporarily
e#that,.those
jabu#family
kane#so.that
me#to,..toward.(a.place)
sang#class.person
si#relpro layakh#sail
pido#request.to.(informally)
[...]--#PLURAL anak#child
khamah#boyfriend ==ne#=3SG
lebih#more.(comparative.quality)
kobo#water.buffalo
pulih#to.get.better.(health)
bulet#without.exception
bhe#to,..toward.(a.place)
ate#heart ==ne#=3SG
penduduk#citizen
ni-#PASS.INTR banding#to.compare -ken#PASS.INTR
ate#heart
khut#with
cekhite#story
ngkran#Engkeran
pul#after
menukhut#according.to
hambe#servant
gukhu#teacher
kane#so
sedang#in.the.process.of
ni-#PASS.INTR sambut#greet,.to.receive
jati.dikhi#ATTRIBUTE
[...]-#VARIETY buah#fruit -en#VARIETY
tege#merciless
si#relpro
edi#that,.those
sang#class.person
nol#zero
khaje#king
gat#continue
namun#but
me-#TO.HAVE.... hasil#result
sebuah#one
untuk#for
malot#neg
madhe#negativizer
pulo.biang#PULAU.BIANG
balik#return.home,.to
lawe#river
me#to,..toward.(a.place)
pe-#THE.WAY.OF... ng-#ACTIVE.VOICE atou#to.look -ken#THE.WAY.OF...
pikhua#disappeared
khut#with
kalak#person
nujum#fortune.teller
mem-#ACTIVE.VOICE babe#to.carry
khut#with
daye#to.sell
akhi#from
edhi#that,.those
khumah#home
ni-#TRAN.PAS milik#possession -i#TRAN.PAS
tekh-#ABILITATIVE singkikh#to.get.out.of.the.way
deleng#jungle
musibah#disaster
lawe#water
wakhan#root
tapi#but
edi#that,.those
ame#mother ==mu#=2ND.PERSON
khaje#king
muncu#to.appear ==lah#=FRONTED.ELEMENT
kao#you.(hon)
khaje#king
tekhus#to.continue
atas#because.of
patkhilineal#patrilineal
men-#CAUSATIVE jadi#to.become -ken#CAUSATIVE ==ne#=3SG
anak.laki#BOY
kobo#water.buffalo
te#and
bekhu.dinam#BRU.DINAM
te#and
pe-#HAVING.TO.DO.WITH... khencane#plan -en#HAVING.TO.DO.WITH... ==ne#=3SG
edi#that,.those
[...]--#RDP timbang#consider.(to.think.over)
si#relpro
nemu#to.be.able.to
pole#palm.tree
kane#so
ni-#PAS.TR takhik#to.pull balik#return.home,.to
deleng#jungle
pengulu.mude#PENGULU.MUDE lah#emphasis
iye#3sg
adih#THERE
malot#neg
belang.kejekhen#BLANGKEJEREN
khut#with
keluakhge#family
ape.bile#IF
ie#3sg
khase#feel,.to -ken#IMPERATIVE
bhe#to,.toward.(a.person)
tuan#master ==ku#=1SG
sikel#will
malot#neg
ahli#expert
babe#to.carry m-#CAUSATIVE balik#return.home,.to -ken#CAUSATIVE
akhi#from
bayak#rich
kalaki#3mp
men-#ACTIVE.VOICE dapet#get,.receive -ken#CAUSATIVE
timbul#to.arise ==ah#=FRONTED.ELEMENT
madhe#negativizer
si#relpro
untuk#for
kabakh#news
bekhe#nephew ==ne#=3SG
uwak#father ==ku#=1SG
tunduk#to.bow
mem-#ACTIVE.VOICE mengket#enter,.to -i#DURATIVE?
lebih#more.(comparative.quality)
bekhu#wife ==ne#=3SG
ulang#do.not!
amin#only
mejile#good
me-#TO.HAVE.... dalan#road
khaje#king
nge-#CAUSATIVE lahekh#born -ken#CAUSATIVE ==ne#=3SG
kae#WHAT
ke-#NOMINALIZER khaja#king -en#NOMINALIZER
dikhi#self ==mu#=2ND.PERSON
mejile#well
peng-#THE.ACT.OF.... ukhus#barren -en#THE.ACT.OF....
khumah#home
tule#again
ni#in,.at.(space)
akhi#from
me-#TO.HAVE.... sekolah#school
keluki#eagle
bue#many
tahun#year
pakhang#machete
ate#heart
nange#again
te#1p
metuah#holy
pido#request.to.(informally) nemu#to.be.able.to
tanoh#land
pemamanen#uncle's.family
bahwe#that
untuk#for
tubuh#body ==ne#=3SG
me-#TO.HAVE.... gekhot#ticking
anak#child
bekhu.dinam#BRU.DINAM
alas#alas
sebuah#one
me-#TO.APPLY.....TO.THE.OBJECT milik#possession -i#TO.APPLY.....TO.THE.OBJECT
khumah#home
kalihen#very
te#and
me#to,..toward.(a.place)
mem-#CAUSATIVE ege#hear,.to -ken#CAUSATIVE
khut#with
akhi#from
endak#not
se-#RECIPRICAL tegu#to.pull -n#RECIPRICAL
kane#even.(also)
anak#child
malet#neg
edi#that,.those
ke-#CHARACTERSTIC.OF gigih#active -en#CHARACTERSTIC.OF
bekhu#wife ==ku#=1SG
belagakh#young.man
sipat#characteristic
kane#even.(also)
khang.tue#PARENTS ==ne#=3SG
desa#village
se.engo#AFTER
laut#sea
ninik#grandmother
namun#but
bekhe#nephew
aku#1sg
lawe#river
nange#again
khaje#king
madhe#negativizer
jumpe#meet,.to
ni#in,.at.(space)
te#and
khombong#to.be.a.group -en#OBJECT.OF.VERB
kalihen#very
malet#neg
toh#to.know
sang#class.person
te#and
untuk#for
usahe#effort
men-#ACTIVE.VOICE olong#to.help
kane#so
kelak#what.will.come
sitok#little.(not.inch)
pemude#young.man
si#relpro layakh#sail
pekhtame#first
khut#with
te#and
me#to,..toward.(a.place) natam#Natam
men-#ACTIVE.VOICE jadi#to.become
ulang#do.not!
si#relpro layakh#sail
kane#also
si#relpro
tanoh#land
khaje#king
me#for
akhi#from
kami#we.(excludes.the.one.adddressed)
bahwe#that
pelin#only
kekhas#hard.(solid)
me-#TO.HAVE.... hak#rights
mem-#CAUSATIVE pekh-#IMPERATIVE tahan#resilient -ken#CAUSATIVE
sunyi#quiet
edi#that,.those
[...]--#RDP macam#type,.sort
kalihen#very
kae#WHAT
okhang.tue#PARENTS ==ne#=3SG
te-#ABILITATIVE tawe#laugh,.to cikhem#smile,.to
te#and
ke-#NOMINALIZER khoh#come,.to -en#NOMINALIZER
lancang#presumptious
ulang#do.not!
mbue#many
khut#with
edi#that,.those
tapi#but
deleng#jungle
anak#child
engo#have.been,.ever
pem-#PERSON.WHO... babe#to.carry
men-#ACTIVE.VOICE pelehjemah#terjemah -ken#CAUSATIVE
anggote#member
te#and
laki#husband
telat#late
memperjuang.ken#TO.STRUGGLE
wayang#very
adalah#is
si#relpro
setekhusne#continuing
waluh.belas#EIGHTTEEN
penduduk#citizen
dauh#far
bende#come.on ==lah#=FRONTED.ELEMENT
==ne#=3SG
alas#alas
sosok#figure
jumpe#find,.to
malot#neg
me#to,..toward.(a.place)
kao#you.(hon)
ni#in,.at.(space)
sikhe#salt
lah#emphasis
pe-#THE.WAY.OF... ng-#ACTIVE.VOICE kekhet#cut,.to -ken#THE.WAY.OF... ==mu#=2ND.PERSON
khumah#home
binatan#animal
meng-#ACTIVE.VOICE inget#remember,.to
tubuh#body
==ne#=3SG
me#to,..toward.(a.place)
positif#positive
seban#wood ==ne#=3SG
ni#in,.at.(space)
kendin#you.(all)
deleng#jungle
lebe#portion
ni-#PAS.TR pekhcaye#BELIEVE,.TO
khangtue#PARENTS
malet#neg
dukun#shaman
per-#THE.PROCESS.OF tambah#Tambah
[...]--#RDP male#time
kase#so.that
kute#city ==ne#=3SG
ke-#NOMINALIZER tading#live.(stay.in.a.place) -en#NOMINALIZER
tule#again
si#relpro layakh#sail
khut#from
tebe#TOWARD.(A.PERSON)
bone#yesterday
me-#TO.DO.... limpah#overflow khuah#downpour
ulah#behavior
kao#you.(hon)
se.enggo#AFTER
untuk#for
te-#ABILITATIVE gusuk#scrub,.to
cut#little.(small)
gemakh#to.like
peng-#PERSON.WHO.HAS.... uase#power
edi#that,.those
me-#TO.HAVE.... gelakh#title.(of.persons)
si#relpro layakh#sail
te#and
kemudian#then
pemain.sukhi#QUEEN ==ne#=THE
natam#Natam
tekh-#ABILITATIVE atou#to.look
te#and
si#relpro
bahan#to.produce -en#OBJECT.OF.VERB
ahli#expert
kalak#3mp
hendak#to.intend
sang#class.person
pinang#to.propose.(marriage) -en#OBJECT.OF.VERB
pe-#PERSON.WHO.DOES.... lawat#to.visit
khut#with
lain#other ==ne#=3SG
tule#again
ni-#PAS.TR mutilasi#to.mutilate
balik#return.home,.to
ni-#PASS.INTR tahan#to.hold.back ==ne#=3SG
bende#come.on ==lah#=FRONTED.ELEMENT
kune#HOW?
sebuah#one
bakhu#just
keluakhge#family
untuk#for
suami#husband
jakhum#needle
mame#uncle ==ne#=3SG
kawin#to.marry
se-#ONE anak#child ==ne#=3SG
manuk#chicken
natam#Natam
gukhu#teacher
ke-#NOMINALIZER hadikh#to.arrive -en#RECIPRICAL
hadih#THERE
n-#DURATIVE? tegu#to.pull -i#DURATIVE?
wakhan#root
te#and
polisi#police
wakhi#day
si#relpro layakh#sail
natam#Natam
ie#3sg
jume#ricefleld
geluh#life ==ne#=3SG
wakhi#day
kedue#second
si#relpro layakh#sail
oleh#by
dikhi#self
kao#you.(hon)
ahli#expert
ketang#rotan =e#THAT
men-#ACTIVE.VOICE jadi#to.become
mebelin#large
tanoh#land
kao#you.(hon)
abhang#brother,.older
oleh#by
kidah#1sg
untuk#for
khaje#king
wakhisan#inheritance
pe.main.sukhine#QUEEN
mengindah.ken#TO.CARE.ABOUT
untuk#for
te#and
si#relpro
meng-#REPEATED.ACTION ena#to.be.on.target -i#REPEATED.ACTION
ni-#PAS.TR susun#to.arrange
pakek#to.use
se-#ONE kelompok#team
de#if
senakhen#always
khut#with
suntuk#throughout
me-#TO.DO.... dikusi#to.discuss
enggo#done.(finished)
pejabat#officials.(government)
ende#this
si#relpro layakh#sail
impal#cousin ==mu#=2ND.PERSON
nujum#fortune.teller
tahun#year ==ne#=THE
mange#yet,.not.yet
si#relpro
untuk#for
deleng#jungle
edi#that,.those
si#relpro
adalah#is
kalak#person
untuk#for
kalak#person
laus#go mece#to.read.holy.books -me#EMPHASIS
melaku.ken#TO.DO
se-#HAVING.THE.SAME mase#time
khumah#home
mulai#begin,.to
natam#Natam
oleh#by
ni#in,.at.(space)
tegak#upright
malot#neg
ni#in,.at.(space)
sang#class.person
namun#but
anak#child ==ne#=3SG
kase#even.(also)
deleng#jungle
paling#very,.extremely
pinpin#to.lead
me#to,..toward.(a.place)
acam#to.threaten -en#OBJECT.OF.VERB
me#to,..toward.(a.place) deleng#jungle
men-#ACTIVE.VOICE cube#try
kate#to.say
kane#even.(also)
se-#ONE cakhe#way,.method
me-#TO.HAVE.... [...]--#RDP tahun#year
pe-#PERSON.WHO.DOES.... nasehat#to.give.advice
mejile#good
tahun#year
lebe#portion
me-#ACTIVE.VOICE bahan#to.produce
ge#just
wakhi#day ==ne#=THE
jahan.jakh#SLOWLY
sendikhi#alone
cukup#enough ==lah#=FRONTED.ELEMENT
me-#ACTIVE.VOICE bahan#to.produce
sahung#roof
dempik#cry.out,.to
tuan#master ==ku#=1SG
tonge#to.still.be
pen-#THE.ACT.OF.... dikhi#to.stand en#THE.ACT.OF.... ==ne#=3SG
si#relpro
nihil#nothing
gaikhah#strong.desire
luakh#out
de#if
bahwe#that
iye#3sg
gagal#to.fail
bage#such.as
khut#with
pudi#behind
khaje#king
aah#aah
lahikh#born lah#intensifier
nange#again
ni-#PAS.TR tengo#to.call
si#relpro layakh#sail
uwak#father ==ku#=1SG
pesisikh#coast
pengawal#guard
men-#ACTIVE.VOICE ikmat#enjoy -i#DURATIVE?
motokh#car e#that,.those
de#if
ise#who -kah#INTERROGATIVE
[...]--#PLURAL dempik#cry.out,.to -en#OBJECT.OF.VERB
si#relpro
buhung#remeh
me#to,..toward.(a.place)
amin#only
kase#even.(also)
mem-#CAUSATIVE utus#to.be.certain -ken#CAUSATIVE
dewasa#adult
si#relpro
khaje#king
me#to,..toward.(a.place)
pige#amount
me-#TO.HAVE.... sokhat#cheer
kae#WHAT
anak.laki#BOY
tentang#about
iye#3sg
ke-#NOMINALIZER ekhoh#come,.to -en#NOMINALIZER
tekh-#ABILITATIVE kecuali#except
kayu#wood
bhatu#stone
akhi#from
bekhe#nephew ==ne#=3SG
sebuah#one
aku#1sg
mejile#good
malet#neg
malet#neg
nawe#spirit ==ne#=3SG
si#relpro
ni-#PASS.INTR atou#to.see -ken#PASS.INTR
te#and
te#and
lain#other
akhi#from
hadi#THERE
tuan#master ==ku#=1SG
me-#TO.BE.... siap#prepared,.ready
si#relpro layakh#sail
tapi#but
pe#however
bulu#fur
men-#CAUSATIVE dabuh#to.fall -ken#CAUSATIVE
ulah#behavior ==ne#=3SG
akhi#from
ame#mother ==mu#=2ND.PERSON
mame#uncle ==ne#=3SG
nggo#done.(finished)
anak.bekhu#GIRL
malet#neg
pengawal#guard
balik#return.home,.to lah#polite.imperative
enggo#done.(finished)
si#relpro layakh#sail
tekham#to.kick tunjang#to.lunge -ken#IMPERATIVE
kase#even.(also)
ke-#NOMINALIZER tukhun#TO.GO.DOWN -en#NOMINALIZER
ke-#CHARACTERSTIC.OF sabakh#patient.(calm) -en#CHARACTERSTIC.OF
te#and
te#and
khut#with
me-#TO.DO.... umukh#age
oleh#by
me-#TO.DO.... babe#to.carry
ge#just
calon#candidate
khemeh#remeh
me#to,..toward.(a.place)
ni#in,.at.(space)
sebuah#one
tanoh#land ==ne#=THE
kurus.kekhah#VERY.SKINNY
pot#to.want
hakhus#must
pakek#to.use
kake#sister
kabakh#news
ngeng#to.hold -ken#IMPERATIVE
salah.sebuah#ONE.OF
aku#1sg
aku#1sg
khut#with
laus#go
khumah#home
tebe#TOWARD.(A.PERSON) ==ku#=1SG
nemu#to.be.able.to
me-#TO.DO.... bahan#to.produce
tekh-#ABILITATIVE tengo#to.call
soh#to.arrive ==lah#=FRONTED.ELEMENT
si#relpro
ende#this
ni#in,.at.(space)
iye#3sg
si#relpro
hubungen#relationship ==e#=THE
hampikh#almost
si#relpro
si#relpro
te#and
ende#this
amin#only
me-#TO.HAVE.... bongi#night
kakhene#because
khitan#circumcise -en#OBJECT.OF.VERB
tanoh#land
hinge#until
engekhan#Engkeran
malot#neg
tule#again
amek#mother
tawe#laugh,.to cikhe#smile,.to -me#EMPHASIS
te#and
men-#ACTIVE.VOICE cube#try
te#and
tekh-#ABILITATIVE pukul#to.hit
sikel#will
oleh#by
oyek#no,.not.(of.nouns)
khaje#king
wayang#very
oleh#by
men-#ACTIVE.VOICE cube#try
mudah#easy
kane#even.(also)
jadi#so
endhe#it
khaje#king
wakhge#people
ni-#PASS.INTR tekham#to.kick tunjang#to.lunge -ken#CAUSATIVE
ke-#NOMINALIZER khaja#king -en#NOMINALIZER
anak#child dhi#that,.those
ni-#PAS.TR tambah#Tambah
malot#neg
peng-#PERSON.WHO.HAS.... uase#power
bekhu.dinam#BRU.DINAM
mem-#ACTIVE.VOICE unuh#kill
edhi#that,.those
ngkhan#Engkeran
nangat#desire,.to
enggo#have.been,.ever
me#to,..toward.(a.place)
hambe#servant
sang#class.person
khugi#lose.money,.to
anak#child
sukukhen#thankfulness
pemain#child.in.law
ni-#PAS.TR babe#to.carry ==lah#=FRONTED.ELEMENT
ngekhi#horrified
te-#SUPERLATIVE pucat#pale pasti#very
te#and
mem-#ACTIVE.VOICE ido#request.to.(informally)
pejabat#officials.(government)
si#relpro
lahekh#born
kalaki#3mp
hakhte#wealth
deleng#jungle
kane#even.(also)
mpus#garden
akhi#from
se-#ONE kalak#3mp
meng-#ACTIVE.VOICE anggu#to.bother
te#and
kawin.lakhi#TO.ELOPE
akhi#from
men-#CAUSATIVE ading#live.(stay.in.a.place) -ken#CAUSATIVE
me-#TO.DO.... dikusi#to.discuss
me-#TO.HAVE.... dalan#road
tanoh#land
si#relpro
khut#with ==ne#=3SG
edi#that,.those
edi#that,.those
pakek#to.use
kanda#older.sibling
kane#so.that
dape#where
iye#3sg
ni-#PAS.TR angkat#pick.up
cinte#love
pecaye#BELIEVE,.TO
si#relpro layakh#sail
soh#to.arrive
khajin#hardworking,.industrious
[...]--#RDP macam#type,.sort
anak#child
se-#ONE kalak#person
edi#that,.those
belang.kejekhen#BLANGKEJEREN
ni#in,.at.(space)
me-#TO.HAVE.... layakh#sail
buah#classifier
khaje#king
mame#uncle
anak#child ==ne#=3SG
meng-#ACTIVE.VOICE ate#word -ken#CAUSATIVE
pupuk#compost
kao#you.(hon)
mame#uncle ==ne#=3SG
si#relpro
madhe#negativizer
madhe#negativizer
jelak#bored
untuk#for
men-#CAUSATIVE indekh#to.build -ken#CAUSATIVE
si#relpro
luakh#exit
ke-#NOMINALIZER geluh#to.live.(be.alive) -en#NOMINALIZER ==ne#=THE
soh#to.arrive
khang.tue#PARENTS ==ne#=THE
kabakh#news
me-#TO.DO.... untung#count,.reckon
khang.tue#PARENTS ==ne#=THE
khut#with
men-#ACTIVE.VOICE jadi#to.become
si#relpro
ulang#do.not!
ulang#do.not!
khesep#prescription
untuk#for
malet#neg
penduduk#citizen
anak#child ==ne#=3SG
si#relpro
[...]--#RDP saat#time
ke-#CHARACTERSTIC.OF susah#troublesome -en#CHARACTERSTIC.OF
kalaki#3mp
dikhi#self ==ne#=3SG
pakek#to.use
bekhu.dinam#BRU.DINAM
me-#ACTIVE.VOICE khase#feel,.to
sekolah#school
buah#one
khaje#king
ni#in,.at.(space)
khut#with
pe-#THE.PROCESS.OF tengkau#to.stab
dohokh#to.approach
tule#again
iye#3sg
cut#little.(small)
si#relpro
si#relpro
engo#done.(finished)
anakhu#GIRL
si#relpro
malot#neg
hasil#result
bedih#to.there.(far) bende#to.here
iye#3sg
nggo#done.(finished)
natam#Natam
ni#in,.at.(space)
malet#neg
ke-#NOMINALIZER tukhun#TO.GO.DOWN -en#NOMINALIZER
bayi#baby
malet#neg
tuan#master ==ku#=1SG
tapi#but
cinte#love
mekh-#TO.DO.... umukh#age
sang#class.person
meng-#CAUSATIVE ekhi#finish.off,.to -ken#CAUSATIVE
jagung#corn
ie#3sg
te#and
aku#1sg
pe-#HAVING.TO.DO.WITH... dalan#road -en#HAVING.TO.DO.WITH...
khencane#plan
khang.tue#PARENTS ==ne#=THE
tekhjal#steep
meleset#to.miss.the.mark
edhi#that,.those
ni#in,.at.(space)
saingen#competition ==e#=3SG
sendikhi#alone
si#relpro
dengkil#filthy
wajah#face
ni-#PAS.TR bunuh#kill
sebuah#one
penduduk#citizen
te#and
pupuk#compost
sawit#palm
nasip#fate
==ne#=3SG
ni-#PAS.TR cindekh#stand.up,.to -ken#PASS.INTR
istekhi#wife
te#and
khaje#king
khimo#tiger
suku#tribe
malot#neg
si#relpro layakh#sail
aku#1sg
bage#such.as
mampu#to.be.capable.of
ke-#NOMINALIZER gembikh#happy -en#NOMINALIZER
edi#that,.those
kalak#3mp
mem-#ACTIVE.VOICE babe#to.carry
ni-#PAS.TR susun#to.arrange ==lah#=FRONTED.ELEMENT
khaje#king
dalan#road
kami#we.(excludes.the.one.adddressed)
ge#just
ni-#PAS.TR bagi#to.share
milik#possession -i#GIVE.X.TO
gukhah#Gurah
si#relpro
amin#only lah#intensifier
bekhu#wife ==ne#=3SG
de#if
tepat#just.right
tandi#valley
petame#first
tihang#port,.column
wakhi#day
ni#in,.at.(space)
khut#with
khut#with
malet#neg
sukukhen#thankfulness
se-#ONE akibat#result
[...]--#RDP khut#with
khumah#home
men-#TO.GO.TO.... kandung#uterus
khut#with
wahai#O
dape#where
ucap#a.spoken.word -en#VARIETY
kawin#to.marry
untuk#for
si#relpro layakh#sail
ise#who
kalaki#3mp
usahe#effort
[...]--#REDUPLICATION idam#longing -ken#TO.CAUSE.TO.BE.A...
aku#1sg
kobo#water.buffalo
anak#child
kane#so.that
me-#TO.HAVE.... nawe#spirit
mampu#to.be.capable.of
menimpe#banyak.sekali
se-#ONE [...]--#RDP wakhi#day
wahai#O
tule#again
me-#TO.DO.... pikekh#THINK,.TO
harga#value -i#GIVE.X.TO
si#relpro
me-#TO.HAVE.... khumah.tangge#HOUSEHOLD
se-#ONE bue#many
me-#TO.HAVE.... [...]--#RDP sekhi#light
tanoh#land
endak#not
pakek#to.use
lawe#river
[...]--#RDP ninik#grandmother
gakhis#line
kau#2sg
si#relpro
oleh#by
hambe#servant
sikel#will
mulai#begin,.to
lupe#to.forget
tekh-#ABILITATIVE jadi#to.become
men-#ACTIVE.VOICE jadi#to.become
jukhang#chasm
ahli#expert
kami#we.(excludes.the.one.adddressed)
se.engo#AFTER
madhe#negativizer
malet#neg
te#and
nggo#done.(finished)
akhi#from
bekhangkat#depart,.to
jaman.sendah#PRESENT.TIME
mem-#CAUSATIVE ekhe#to.give -ken#CAUSATIVE
imbalan#reward
khaje#king
khoh#come,.to
pemamanen#uncle's.family
[c^1][v^1]-#REPEATED.ACTION khidi#bath
penganggukhen#unemployment
amin#only
hakhte#wealth
kobo#water.buffalo
malot#neg
wayang#very
tetap#Permanent
suasane#situation
khaje#king
takjub#amazed
tekhus#to.continue
bulan#moon
si#relpro
iye#3sg
te-#PASS.TR kukhik#to.pierce -ken#PASS.TR
tahun#year
sang#class.person
jeme#person
si#relpro
men-#ACTIVE.VOICE andung#uterus ==ne#=3SG
setekhusne#following
si#relpro
pekhcaye#BELIEVE,.TO
mem-#ACTIVE.VOICE mengket#enter,.to -i#DURATIVE?
untuk#for
==ne#=3SG
khumah#home
putus#to.break ase#hope
pitu#seven
suke.cite#joy
khumah#home
anak#child
balik#reverse.side ==ne#=THE
si#relpro layakh#sail
abhang#brother,.older
kane#even.(also)
deleng#jungle
sikal#will
ndak#not
de#if
pe#just
dikhi#self ==ne#=3SG
ni#in,.at.(space)
badan#body
pesan#order
lain#other
namun#but
paling#very,.extremely
sang#class.person
pejabat#officials.(government)
edi#that,.those
tading#live.(stay.in.a.place)
kae#WHAT
khaje#king
madhe#negativizer
nangkihe#go.up,.climb
meng-#ACTIVE.VOICE utus#to.send.someone
men#DURATIVE? [...]--#REDUPLICATION nutup#cover,.to -i#REPEATED.ACTION
[...]--#RDP dempik#cry.out,.to
ulang#do.not!
ni#in,.at.(space)
me-#TO.DO.... cekhok#speak
balik#return.home,.to
mulai#begin,.to
ni#in,.at.(space)
pe#however
khumah#home
pangukhe#dagger
mejile#good
akhi#from
wahai#O
kae#WHAT
edi#that,.those
se-#RECIPRICAL jekhang#to.cook -en#RECIPRICAL
si#relpro layakh#sail
nggo#done.(finished)
pekhistiwe#event
kawin#to.marry
te#and
khut#with
si#relpro
salah#wrong,.false
kase#even.(also)
khut#with
kane#even.(also)
ahli#expert
uwak#father ==ne#=3SG
ke-#NOMINALIZER hebat#great,.formidable -en#RECIPRICAL ==ne#=3SG
te#and
iye#3sg
se.enggo#AFTER
tanoh#land
petame#first
nujum#fortune.teller
buah#one
laki#husband ==ne#=3SG
dukun#shaman
ni#in,.at.(space)
bekhite#news
anakhu#GIRL
alas#alas
ni-#PAS.TR tengo#to.call
oleh#by
balik#return.home,.to
namun#but
si#relpro
mampu#to.be.capable.of
me#to,..toward.(a.place)
mem-#ACTIVE.VOICE ekhe#to.give
kane#even.(also)
pekhistiwe#event
aku#1sg
ni#in,.at.(space)
te-#CAN gakhem#to.search.for -i#CAN
sangub#to.be.able.to
cukham#steep
edi#that,.those
jumpai#to.find
setiap#every
hendak#to.intend
me-#ACTIVE.VOICE bahan#to.produce
malot#neg
due#prayer
si#relpro
laus#go
mange#yet,.not.yet
ke-#CHARACTERSTIC.OF sulit#complicated -en#CHARACTERSTIC.OF
khut#together
si#relpro
enggo#done.(finished)
su#very.
positif#positive
bekhu#woman ==ku#=1SG
khut#with
pekhintah#order.(command)
ng-#ACTIVE.VOICE idah#to.be.visible
khombong#to.be.a.group -en#OBJECT.OF.VERB
[...]--#RDP hanjakh#slowly
untuk#for
khugi#lose.money,.to
halaman#yard
si#relpro
semange#before
men-#CAUSATIVE ekhus#to.continue -ken#CAUSATIVE
aku#1sg
untuk#for
senat#to.circumcise -i#REPEATEDLY
me-#TO.DO.... mohon#to.politely.request
si#relpro layakh#sail
kabakh#news
khumah#home
akhah#direction
si#relpro
enggi#younger.brother.or.sister ==mu#=2ND.PERSON
tanemen#field
ni-#TRAN.PAS milik#possession -i#TRAN.PAS
te-#ABILITATIVE tandok#sit.down,.to me-#TO.HAVE.... sile#cross.legged.position
aceh.dakhussalam#ACEH.DARUSSALEM
nange#again
wilayah#area
tonge#still
kenin#YOU.(FAMILIAR)
[...]--#REDUPLICATION belagakh#young.man
dikhi#self ==mu#=2ND.PERSON
malet#neg
ende#this
tekhus#to.continue
uwis#cloth
malet#neg
malet#neg
aku#1sg
ni-#TRAN.PAS geluh#life -i#TRAN.PAS
bongi#night
me-#TO.HAVE.... khumah.tangge#HOUSEHOLD
mem-#ACTIVE.VOICE ege#hear,.to
su#very.
mem-#ACTIVE.VOICE ege#hear,.to
untuk#for
se-#ONE kalak#3mp
si#relpro layakh#sail
bale#disaster
kane#so.that
hasil#result
untuk#for
anak#child
bekhangkat#depart,.to ==lah#=FRONTED.ELEMENT
sinine#family
khaje#king
gelap#dark
malet#neg
bulan#moon
m-#CAUSATIVE bulak#to.collapse -ken#CAUSATIVE
akhi#from
due#prayer
tuan#master ==ku#=1SG
pe-#HAVING.TO.DO.WITH... nata#clear -en#HAVING.TO.DO.WITH...
tanoh#land
sesikel#AS.IF
kane#even.(also)
kute#city
pe#intensifier
sikel#will
si#relpro
te#and
khele#to.be.sincere
malot#neg
kelak#what.will.come
men-#TO.CAUSE.TO.BECOME... damba#desired -ken#TO.CAUSE.TO.BECOME...
langsung#direct,.non.stop
khaje#king
si#relpro
bagi#for
aku#1sg
si#relpro
tawe#laugh,.to cikhem#smile,.to -i#REPEATEDLY
me#to,..toward.(a.place)
enem.puluh#SIXTY due#two
si#relpro layakh#sail
te#and
ahli#expert
bekhu.dinam#BRU.DINAM
semenjak#since
malot#neg
untuk#for
lupe#to.forget
penangkou#pickpocket
khaje#king
mame#uncle
kendukhi#feast
gembikhe#happy ==ne#=THE
sudut#corner
dage#just
soh#to.arrive ==lah#=FRONTED.ELEMENT
edi#that,.those
ni-#PAS.TR dapet#get,.receive ==ne#=3SG
di-#PAS.TR geluh#to.live.(be.alive)
lebhe#first
imbalan#reward
cekhite#story
tebe#TOWARD.(A.PERSON)
ni-#PAS.TR bahan#to.produce
ate#heart
si#relpro layakh#sail
ate#heart
untuk#for
me-#TO.BE.... sedih#sad ==ne#=3SG
khu#with
se-#ONE kalak#person
bagas#variety
ulah#behavior ==ne#=3SG
ni#in,.at.(space)
peng-#THE.ACT.OF.... ukhus#barren -en#THE.ACT.OF....
te#and
me#to,..toward.(a.place)
me-#TO.APPLY.....TO.THE.OBJECT milik#possession -i#TO.APPLY.....TO.THE.OBJECT
kalak#3mp
ni.hande#HERE
hal#thing
iye#3sg
ninik#grandmother
si#relpro layakh#sail
edi#that,.those
bekhangkat#depart,.to
lebe#portion
me-#ACTIVE.VOICE bace#read
pe-#PERSON.WHO.DOES.... tani#farmer
ninik#grandmother
me#to,..toward.(a.place)
main#to.play
natam#Natam
gakham#to.search.for -i#REPEATEDLY
kekhang#clam
men-#ACTIVE.VOICE jadi#to.become
kiasat#strategy
bagas#variety
ny-#TO.GO.TO.... abu#methamphetamine
sebuah#one
m-#DURATIVE? ulung#to.gather -i#DURATIVE?
pekhistiwe#event
anakhu#GIRL
se-#ONE kalak#person
malot#neg
nujum#fortune.teller
lebe#portion
wahai#O
cut#little.(small)
gendang#long.(length)
dikhi#self
sendikhi#alone
atas#because.of
si#relpro
si#relpro
enggo#done.(finished)
amek#mother ==ne#=3SG pe#also
semsakhe#suffer,.to
khut#with
aku#1sg
tuan#master ==ku#=1SG
ni#in,.at.(space) hadep#in.front.of
penduduk#citizen
compang.camping#TATTERED
wahai#O
alas#alas
napos#breath ==ne#=3SG
ni#in,.at.(space)
me#to,..toward.(a.place)
singkil#Singkil
belantakhe#wilderness
malet#neg
si#relpro
te#and
tule#again
pekhistiwe#event
bhekhas#rice.(uncooked.grains)
geluh#life ==ne#=3SG
kabakh#news
jeme#person
tulang#bone
ngkhan#Engkeran
untuk#for
peng-#PERSON.WHO.HAS.... uase#power
amin#only
ni#in,.at.(space)
te#and
engo#have.been,.ever
laki#husband ==ne#=3SG
ate#heart ==ne#=3SG
sendikhi#alone
tetapi#but
tebe#TOWARD.(A.PERSON)
ngkhan#Engkeran
deleng#jungle
te#and
peng-#HAVING.TO.DO.WITH... ukhus#barren -en#HAVING.TO.DO.WITH...
me#to,..toward.(a.place)
ni-#PASS.INTR tumpang#to.somersault kepaling#to.turn -ken#CAUSATIVE
nujum#fortune.teller
me-#TO.HAVE.... khibu#thousand
bangse#nation,.people
si#relpro
tekh-#ABILITATIVE jadi#to.become
de#if
kalak#3mp
wayang#very
kelok#very lah#emphasis
tebe#TOWARD.(A.PERSON)
me-#TO.DO.... bahan#to.produce
ni-#PAS.TR cabeng#to.throw -ken#IMPERATIVE ==ne#=3SG
umukh#age
ke-#NOMINALIZER hadikh#to.arrive -en#NOMINALIZER ==ne#=3SG
tukhun#TO.GO.DOWN ==lah#=FRONTED.ELEMENT
kakhene#because
edi#that,.those
ise#who
tutung#burn,.burnt
khaje#king
sang#class.person
sikel#will
bhe#to,..toward.(a.place)
plastik#plastic
tekhuh#under
men-#CAUSATIVE indekh#to.build -ken#CAUSATIVE
cekhite#story
pudi#behind
iye#3sg
si#relpro layakh#sail
si#relpro
tanoh#land
okhang.tue#PARENTS
edhi#that,.those
enggo#done.(finished)
kobo#water.buffalo
iye#3sg
uwis#cloth
ndak#not
yakin#confidence lah#polite.imperative
si#relpro
si#relpro layakh#sail
tebe#TOWARD.(A.PERSON)
sendikhi#alone
layakh#sail
ame#mother
sebuah#one
malot#neg
me-#TO.GO.TO.... daun#drug,.medicine
sahung#roof
me-#TO.HAVE.... usahe#effort
si#relpro layakh#sail
sendikhi#alone
iye#3sg
si#relpro
edhi#that,.those
dalan#road ==e#=THE
ni-#PAS.TR ekhe#to.give
si#relpro
khut#with
mae#birth.mother ==ne#=3SG
ni#in,.at.(space)
khut#with
khut#with
anak.laki#BOY
malet#neg
anak#child ==ne#=3SG
debekhu#woman
batin#inner.soul
edi#that,.those
khaje#king
khombong#to.be.a.group -en#OBJECT.OF.VERB
dalan#road
edi#that,.those
edhi#that,.those
iye#3sg -me#EMPHASIS
bebekhe#niece ==ne#=3SG
jagung#corn
semange#starting.when
khut#with
si#relpro
ni#in,.at.(space)
kalak#person
lebuh#quiet
bagi#for
cut#little.(small)
gakham#to.search.for -i#REPEATEDLY lah#polite.imperative
kalihen#very
datas#top
kao#you.(hon)
se.enggo#AFTER
hakhte#wealth
lain#other ==ne#=THE
jaye#successful
ge#just
tapi#but
te#and
se.sikel#AS.IF
kidah#1sg
edhi#that,.those
pekhcaye#BELIEVE,.TO
bhe#to,..toward.(a.place)
m-#ACTIVE.VOICE angan#eat
tebe#TOWARD.(A.PERSON)
kakho#Karo
gayo#Gayo
khakyat#People
tahun#year ==ne#=THE
pas#exactly
anak#child
me-#TO.HAVE.... khibu#thousand
cangkul#hoe
hakhap#hope,.to -en#OBJECT.OF.VERB
si#relpro
meng-#ACTIVE.VOICE anut#to.follow
[...]--#RDP gakham#to.search.for -i#REPEATEDLY
ndak#not
alangkah#how
keluakhge#family
posisi#position
pudi#behind
lawe#river ==ne#=THE
cinta#love -i#GIVE.X.TO
uwak#father ==ne#=3SG
se-#HAVING.THE.SAME [...]--#RDP sikel#will
endhe#it
kalak#person
kami#we.(excludes.the.one.adddressed)
jeme#person