3SG.PSR. older.sister
and
3SG.S:Ø.PFV:Ø. be:IPV
NTRL. up:AR
ADVZR
at
person
if
trail
3SG
CT
OUT. IT. 1PL.S:AA.PFV:D. PL.go:PFV
CT
if
dirt
UP. 3PL.S. QUAL:AA.PFV:L. PL.sit:PFV:CUST:NOM
TERM. be.far:IPV:NOM
AND.THEN
do:IPV
ADVZR
where
say:IPV
also
3PL.S:Ø.IPV:Ø. do:IPV:NOM
3SG.S:QUAL:Ø.PFV:Ø. be.big:IPV:NOM
TO. INC. DH.PFV:1SG.S:H. handle.FD:PFV
3SG.S:N.PFV:Ø. SG.go.PFV:NOM
CT
ADVZR
raven
3PL.PSR. food
meat
3SG
1PL.P. in.front
thank.you
ALL
all
NEG
3SG.S>3SG.P. for
person
from
TERM. 3SG.S:Ø.IPV:L. SG.run:IPV:CUST
grass
1SG.PSR. grandmother
the.way
say:IPV
CONT. INDF.O. 3PL.S:Ø.IPV:Ø. eat:IPV:CUST
3SG.S>3SG.P. with
3PL.S:DH.PFV:H. make.SG.O:PFV
FOC
REFL.PSR. clothes
under
if
on
that's.all
AND.THEN
AR.S:Ø.PFV:Ø. be.big:IPV
ASRT
3PL.P. QUAL:Ø.IPV:1SG.S:Ø. say:IPV:NOM
rope:POSS
1SG.PSR. mother
what
1SG.PSR. grandfather
PL
1SG.PSR. child:POSS
PL
1SG
CT
1PL.S:INC:DH.PFV:Ø. PL.go:PFV:NOM
2SG.P. for
there
CONT. 3PL.S:Ø.IPV:Ø. PL.go:IPV:CUST
CT
and
3PL.S:Ø.PFV:Ø. be.small:IPV
trail
ADVZR
INDF.O. QUAL:DH.PFV:2SG.S:H. save:PFV
for
only
swan
MED. out:AR
small
AR.S:AA.PFV:Ø. be:PFV
3SG.P. in
3PL.S>3SG.P. CON:Ø.IPV:Ø. call.name:IPV:CUST
CT
AR.S. QUAL:Ø.IPV:2SG.S:H. see:IPV
3SG.P. QUAL:Ø.IPV:1SG.S:Ø. say:IPV
for
3SG
PRMB. 3PL.S:AA.IPV:D. go.by.boat:IPV:PROG
1PL.S:INC:DH.PFV:Ø. move.nomadically:PFV
AR. the.way
NTRL. up:AR
TERM. 3SG.S:AA.IPV. SG.go:IPV:PROG:NOM
PL
at:AR
ADVZR
tree.stump
IT. 3SG.S:Ø.IPV. D:SG.go:IPV:CUST
3SG.S:AA.PFV:H. kill:PL.O:PFV
bugs
3SG.P. in
say:IPV
thus
3SG.S:Ø.IPV:H. say:IPV
2PL.PSR. grandmother
there
1PL.S:INC:QUAL:AA.IPV:L. PL.stay:FUT
river
TURN.AROUND. 3SG.S:QUAL:DH.PFV:D. animal.runs:PFV
1PL.PSR. children
squirrel
FOC
at:AR
all.long
AR.O. INC:QUAL:AA.IPV:2PL.S:H. see:FUT:NEG
THERE
also
1SG.PSR. mother
and
NEG
OUT. IT. 3SG.S:AA.PFV:D. SG.go:PFV
to
FOC
PL
and
MED. out:AR
3PL.P. 3PL.S:Ø.IPV:Ø. say:IPV
if
night
QUAL:Ø.IPV:2SG.S:Ø. say:IPV
3PL.S:Ø.IPV:L. eat:IPV:NOM
on
QUAL:Ø.PFV:1SG.S:Ø. hear:IPV:NEG
REFL.PSR. boat:POSS
CT
PL
with
UP. 3SG.S:DH.PFV:Ø. classify.CO:IPV
RECP.P. TRADE. 1PL.S:QUAL:DH.PFV:L. handle.PL.O:PFV
3SG.S:QUAL:Ø.IPV:L. PL.stay:IPV:CUST
CT
what
for
PRMB. WEAPON. INDF.O:3PL.S. INC:Ø.IPV:Ø. handle.LRO:IPV:CUST
3SG.S>3SG.P. Ø.IPV:H. say:IPV
thus
3SG.S:CON:Ø.IPV:Ø. grab:PFV
when
TO.CHECK
1SG
?. AA.PFV:1SG.S:L. forget:PFV:NEG
hereabouts
SPEECH. 1PL.S:OPT:Ø. figure.out:OPT
to
3SG.S:QUAL:AA.PFV:Ø. burn:IPV
if
from
and
still
AR.S:Ø.PFV:Ø. be:IPV
1SG.P. 3SG.S:Ø.IPV:H. say:IPV:NOM
what
at
to
CT
downriver:ALL
PL
AND.THEN
downriver:ABL
in
and
MED. outside:ALL
FOC
and
NEG
3SG.S>3SG.P. Ø.IPV:H. say:IPV
TERM. IT. 3PL.S:Ø.IPV:D. PL.go:IPV:CUST
also
big
ADJC. IT. 3SG.S:QUAL:AA.PFV:L. extend:IPV
spider
there
3PL.P. 3PL.S:AA.IPV:Ø. handle.PL.O:FUT
PP. 3PL.S. INC:QUAL:AA.IPV:Ø. say:FUT
NTRL. upland:AR
3PL.S. N.PFV:Ø. move.nomadically:PFV
person
3SG.P. with
DH.PFV:1SG.S:Ø. SG.sleep:IPV
REFL.PSR. mother
AR.PSR. hole
about
moose
thus
3SG.S>3SG.O. DH.PFV:Ø. render:PFV
DES
3SG
3SG.S:DH.PFV:Ø. be.dry:IPV:NOM
and ADVZR
IT. 3SG.S:INC:DH.PFV:D. SG.go.PFV:NOM
and
finally
finally
INDF.O. 3PL.S:AA.PFV:Ø. kill:PL.O:PFV
water
AND.THEN
3PL.S:Ø.IPV:L. be.number:IPV
1SG.P. with
three
moose
AND.THEN
and
3SG.S>3SG.P. Ø.IPV:H. say:IPV
ADVZR
rope
MED. out:AR
3PL.S:Ø.IPV:D. do:IPV:NEG
3SG.S:QUAL:DH.PFV:H. kill.SG.O:PFV
REFL.PSR. older.sister
3PL.S>3SG.P. CON:DH.PFV:D. SG.go:PFV
1SG.O. QUAL:DH.PFV:H. crave:PFV
NEGEX
ADVZR
1SG.P. with
1PL.P. boat:POSS
morning
3SG
CT
old.lady
and
only
rope
and
CT
3SG.S:Ø.IPV:Ø. laugh:IPV:NOM
people
and
because
AND.THEN
and
1SG
for
oh
1PL.PSR. house
3PL.S:Ø.IPV:Ø. say:IPV:CUST
3SG.S:DH.PFV:Ø. be.dry:IPV:NOM
AND.THEN
and
3SG.S:QUAL:Ø.PFV:L. be.white:IPV:NOM
say:IPV
what
NEG
PRMB. CON. INC:QUAL:AA.IPV:2PL.S:H. find.CO:FUT
3SG.S>3SG.P. Ø.IPV:H. say:IPV
PRMB. 3PL.S:INC:QUAL:Ø.IPV:D. PL.go:IPV:CUST:NOM
3SG.P. to
really
TERM. INDF:3SG.S:INC. AA.PFV:H. handle.RO:PFV
RECP.P. with
PEJ. N.PFV:Ø. 3PL.S:Ø.IPV:L. be:IPV
when:PST
NEG
ADJC. 3SG.S:N.PFV:Ø. SG.fly:PFV
dog
and
Ø.IPV:2SG.S:H. smell:IPV
where:PNCT
3SG.S>3SG.O. CON:Ø.IPV:Ø. think:IPV
1SG.O. QUAL:DH.PFV:2SG.S:H. save:PFV:NOM
necklace
3SG.S>3SG.P. 3SG.S:Ø.IPV:H. say:IPV
3SG.S>3SG.O. CON:AA.PFV:Ø. buy:IPV
etc.
3SG.S>3SG.P. Ø.IPV:H. say:IPV
WAKE. 3SG.S:N.PFV:Ø. SG.experience:PFV
there
FOC
CT
QUAL:Ø.IPV:1SG.S:Ø. want:IPV
3SG.S:N.PFV:Ø. be.far:IPV
3SG.PSR. younger.sister
food
finally
3SG.S>3SG.O. QUAL:Ø.IPV:H. see:IPV
from
blueberry
1SG.PSR. mother
?. PEJ. NEG.PFV:1SG.S:D. not.know:IPV
and
1SG.PSR. younger.brother
in
old.man
etc.
QUAL:Ø.IPV:Ø. 3SG.S:QUAL:AA.PFV:H. hide:PFV
ALL
oh
and
here
ADVZR
at:PST
thus
etc.
UP. QUAL:DH.PFV:L. SG.experience:PFV
winter
AND.THEN
PL
and
NTRL. up:ALL
old.man
3SG.PSR. mother
that's.all
3PL.S:Ø.IPV:Ø. say:IPV
3SG.S:QUAL:DH.PFV:Ø. be.burning:IPV
small
3SG
water
1PL.P. through.fault
FOC
AR.S. N.PFV:Ø. be.long:IPV:NOM
wood
NEG
INDF.O:3SG.S:Ø.IPV:Ø. eat:IPV
up:ALL
to
GIRL
3SG
fish
but
at:AR
AR.S. INC:DH.PFV:Ø. be:PFV
grandchild
3SG.S:Ø.PFV:Ø. be:IPV
1PL.S:INC:DH.PFV:Ø. PL.go:PFV
children
TERM. 3PL.S:N.PFV:Ø. SG.go.PFV:NOM
UP. 3SG.S:AA.PFV:H. rip:PFV
CT
3SG.PSR. mother
3SG
FOC
1PL.S:INC:Ø.IPV:Ø. PL.go:IPV:CUST
thus
for
down:ALL
3PL.S>3SG.O. QUAL:Ø.IPV:H. sing:IPV:CUST:NOM
blueberry
water
to
3PL.S:QUAL:Ø.IPV:D happen:PFV
really
CT
woman
ADVZR
loon
3PL.S. QUAL:DH.PFV:Ø. spend.night:PFV:NEG
where
morning
WHY
if
when
fish
cache
ADVZR
3SG.PSR. stomach
3SG
INDF.O. 3SG.S:QUAL:DH.PFV:H. kill.SG.O:PFV
blueberry
ON.TRAIL Ø.IPV:2PL.S:Ø. PL.go:IPV
3PL.P. 3PL.S:Ø.IPV:Ø. say:IPV
animal
PL
3SG
DANCE. 3PL.S:Ø.IPV:L. do.mourning.dance:IPV
when
like
who
thus
to
ADVZR
CT
how
ADVZR
now
TERM. be.far:IPV:NOM
thus
DISTRIBUTE. 1PL.S:Ø.IPV:Ø. handle.PL.O:IPV:DSTR
thank.you
wood
1PL
also
3SG
?. 3PL.S:Ø.IPV:D. know:IPV:NOM
NTRL. across:PNCT
who
like
at
OK
to
3PL.S:Ø.IPV:Ø. say:IPV
ONTO.SHORE. 3SG.S:DH.PFV:Ø. swim:PFV
3SG
but
birch
old.lady
QUAL:Ø.IPV:2SG.S:Ø. listen:IPV:NOM
1SG.PSR. grandmother
for
3PL.S:Ø.IPV:L. be.number:IPV
give.me
down:AR
like
quickly
REFL.PSR. head
and
tracks
3SG.S>3SG.P. Ø.IPV:H. say:IPV
there
what
ADVZR
1PL.P. with
only
and
TERM. IT. 1PL.S:INC:Ø.IPV:D. PL.go:IPV:CUST
thus
long.time
3SG.S>3SG.P. Ø.IPV:H. say:IPV
NTRL. downriver:PNCT
if
and
PROH
REFL.PSR. grandchild
TERM. 3PL.S. N.PFV:Ø. move.nomadically:PFV
3SG.P. with
1SG.PSR. name
QUAL:Ø.PFV:1SG.S:Ø. be.hungry:IPV
OUT. INDF:3SG.S:INC. AA.PFV:Ø. tear.off:PFV
what
AR. upland:ALL
ADVZR
also
the.way
water
ADVZR
3SG
only
and
ADVZR
IT. INC:QUAL:AA.IPV:2PL.S. D:spend.night:FUT
small
bugs
then
3SG
no
PRMB. INC:OPT:2SG.S. D:SG.go:OPT:CUST:NOM
and
2PL.P. for
2SG.P. for
3SG.S:QUAL:Ø.IPV:H. look:IPV
and
in
animal
to
ALL
now
TO.CHECK
1SG.PSR. mother
AR.S:Ø.PFV:Ø. be:IPV
children
out:ABL
ASRT
bush
ADVZR
three
3SG.S:QUAL:DH.PFV:L. be.scared:IPV
from
1PL.S:INC:DH.PFV:Ø. go.by.boat:PFV
3SG
trail
and
TO.CHECK
3SG
ADVZR
PL
AR.S:AA.PFV:Ø. be:PFV
1SG.P. for
because
meat
to
1SG.O. QUAL:DH.PFV:2SG.S:H. save:PFV:NOM
PL
surprise!
TERM. 3SG.S:N.PFV:Ø. SG.go:PFV
ADVZR
1SG.O. older.brother
but
that
2PL.P. with
those
fire
here
QUAL:Ø.PFV:1SG.S:Ø. be:IPV
when:FUT
like
3SG.S:QUAL:Ø.IPV:Ø. INC:AA.IPV:Ø. D:SG.go:FUT
there
3SG.S>3SG.P. for
rock
PROX:AR. across:ALL
woman
PROX. ahead:ALL
small
oh
3SG.S>3SG.O. 3PL.S:Ø.IPV:Ø. say:IPV
1SG.P. 3SG.S:Ø.IPV:H. say:IPV
who
here
at:AR
there
3SG.S>3SG.O. 3SG.S:QUAL:QUAL:Ø.IPV:Ø. buy:IPV
3SG.S:QUAL:QUAL:Ø.IPV:Ø. speak:IPV:NOM
ADVZR
?. INC. DH.PFV:1SG.S:L. forget:PFV
black.bear
AR. MED. up:ALL
if
3SG.S>3SG.PSR. older.sister
3SG.S:DH.PFV:Ø. SG:stay:IPV
3SG
food
still
1SG.PSR. mother
CT
on
PL
lake
PL
3PL.PSR. younger.sister
and
at
3SG.S:INC:DH.PFV:Ø. SG.go:PFV
finally
?. 1PL.S:Ø.IPV:D. say:IPV:NOM
water
AR.S:Ø.PFV:Ø. be:IPV
thus
Q
3SG.S>3SG.P. with
FOC
at:AR
old.man
thus
what
lake
3PL.S:Ø.IPV:Ø. do:IPV:NOM
3PL.P. house
hail
say:IPV
FOC
and
3SG
3PL.PSR. nest
at:AR
and
thus
PROX. AR. side
NTRL. down:ALL
1PL.P. following
and
PL
PRMB. WAKE. QUAL:DH.PFV:L. look:IPV:CUST
3SG
to
and
also
hereabouts
under
1PL.P. with
and
DOWN. 3SG.S>3SG.O. AA.PFV:H. hang:IPV
ball
finally
CONT. QUAL:OPT:1SG.S:L. tell.story:IPV:NOM
ADVZR
CT
3SG.S:Ø.IPV:H. say:IPV
people
3PL.P. to
at:AR
in
and
3PL.S>3SG.O. Ø.IPV:D. know:IPV:NEG
3SG.S:DH.PFV:H. SG.die:PFV
3SG.P. behind.back
and
hereabouts
IT. 1PL.S:INC:Ø.IPV:D. PL.go:IPV:CUST
good
PURP
finally
sled
ADVZR
GIRL
PL
IT. 1PL.S:INC:Ø.IPV:D. PL.go:IPV:NOM
FOC
really
IT. 1PL.S:N.PFV:D. PL.go:PFV:NOM
2PL.P. for
ADVZR
1PL.S:Ø.IPV:Ø. laugh:IPV:NOM
3PL.S>3SG.O. QUAL:Ø.IPV:Ø. speak:IPV:CUST
AND.THEN
dirt
PL
still
before
3SG
3PL.S. QUAL:DH.PFV:L. PL.stay:IPV:CUST
?. Ø.PFV:1SG.S:D. know:IPV
CT
meat
finally
PL
1SG.PSR. grandmother
AR.O. QUAL:Ø.IPV:1SG.S:H. see:IPV
NEG
UP. 3SG.S:DH.PFV:Ø. SG.sit:IPV
FOC
water
people
and
quickly
what
lake
lake
outside:ALL
and
no
spider
AND
3SG.S:QUAL:AA.PFV:Ø. burn:IPV
QUAL:Ø.IPV:Ø. QUAL:Ø.IPV:1SG.S:H. see:IPV
PL
1PL.P. boat:POSS
tru
here
spruce
3PL.S:AA.PFV:Ø. kill.PL.O:PFV:NOM
1SG.PSR. older.brother
AS.WELL
spruce
3PL.S>3PL.P. with
ADVZR
when
dentalium
CT
who
beside
at:AR
for
3SG.P. QUAL:Ø.IPV:1SG.S:Ø. say:IPV
INDF.PSR. grandmother
QUAL. INC:AA.IPV:2PL.S:Ø. name:FUT
ADVZR
AR.S:Ø.PFV:Ø. be:IPV
well
big
there
trail
when
suddenly
OUT. 1PL.S:Ø.IPV:Ø. handle.PL.O:IPV:NOM
trail
child
3PL.S:QUAL:DH.PFV:L. PL.sit:IPV
and
lake:POSS
and
and
INSIDE. PP. D:SG.go:IPV:CUST
3SG
to
INDF:3SG.S:INC. QUAL:DH.PFV:L. hide:PFV
still
oh
PURP
cold
3PL.PSR. father
devil
CT
spruce
and
at
and
3SG.S>3SG.P. Ø.IPV:H. say:IPV
ADVZR
on
PL
white.person
ahead:PNCT
truly
rope
if
2SG
grass
3SG.S:DH.PFV:L. seem:IPV
MED. out:AR
QUAL:DH.PFV:H. kill.SG.O:PFV
3SG.S:Ø.IPV:H. say:IPV
if
FOC
thus
AR.O. 3SG.S:N.PFV:Ø. speak:IPV:NEG
3SG
1SG.PSR. father
3SG.S:INC:DH.PFV:L. SG.run:PFV
?. PEJ. 3PL.S:Ø.IPV:D. not.know:IPV
3PL.PSR. hearing
3PL.S>3SG.P. Ø.IPV:H. say:IPV
ADVZR
3PL.S>3SG.O. CON:Ø.IPV:Ø. name:IPV
2SG.PSR. grandfather
3SG
when:FUT
for
at:AR
CT
dog
NEG
3SG
and
AR.S:Ø.PFV:Ø. be:IPV
OUT. OPT:1SG.S:Ø. crawl:OPT
ADVZR
knife
if
morning
2PL.P. with
on
2SG.PSR. maternal.uncle
FOC
now
3SG
3PL.S:AA.IPV:D. be.old:PFV
and
those
from
INC. 3SG.S:QUAL:Ø.PFV:Ø. swim:PFV
and
eye
MED. out:AR
in
and
ADVZR
1SG.PSR. maternal.uncle
3SG
mother
AR.S:Ø.PFV:Ø. be:IPV
NEG
and
PRMB. 1PL.S:INC:AA.IPV:D. PL.go:FUT
TERM. AR.S:DH.PFV:Ø. event.occurs?:IPV:CUST?
FOC
AR.S:DH.PFV:D. happen:PFV:NOM
person
CT
3PL.P. for
bird
AWAY. IT. 3SG.S:QUAL:DH.PFV:D. SG.fly:PFV
head
3PL.PSR. pocket
3SG.S>3SG.O. QUAL:DH.PFV:H. kill.SG.O:PFV
FOC
ADVZR
at:AR
1PL.S:DH.PFV:H. PL.sleep:IPV
PROH
FOC
old.man
DH.PFV:1SG.S:Ø. SG:stay:IPV
PROH
AR.S:Ø.PFV:Ø. be:IPV
AR.S:ø.PFV:ø. be:IPV:NOM
when
WEAPON. 3PL.S. INDF.S:QUAL:DH.PFV:L. handle.PL.O:PFV
PL
WHY
the.way
PL
blueberry
DOG. small
for
for
3SG.S:DH.PFV:Ø. say:IPV:CUST
PL
1SG.PSR. grandmother
rack
1SG.PSR. maternal.uncle
and
3SG
there
in
3PL.P. for
no
1SG.P. with
at:AR
2SG
IT. 1PL.S. Ø.IPV:L. hunt:PFV:NOM
PL
FOC
PL
REFL.PSR. dog:POSS
winter
ADVZR
NEG
3PL.P. with
ALL
3PL.S>3PL.O. QUAL:QUAL:NEG.PFV:Ø. listen:IPV:NEG
3PL.S>3SG.P. in
IT. 3SG:INC:QUAL:DH:PFV:Ø. SG.fly:IPV:NOM
1PL.PSR. children
for
CONT. INDF.O:Ø.IPV:2PL.S:Ø. eat:IPV
thus
and
really
TO.CHECK
3SG.S:AA.IPV:L. SG.run:IPV:PROG
ADVZR
REFL.PSR. children
on
night
up:ALL
and
1PL.O. 3SG.S:Ø.IPV:H. say:IPV:NEG
and
2SG.PSR. pack:POSS
there
ADVZR
3PL.P. 3SG.S:Ø.IPV:H. say:IPV
while
FOC
for
ADVZR
CONT. QUAL:OPT:2SG.S:L. tell.story:IPV:NEG
finally
3PL.P. food
PP. 3SG.S:QUAL:DH.PFV:Ø. happen:PFV
muskrat
1SG.PSR. grandfather
water
at:AR
do:IPV:NOM
1SG.P. to
ADVZR
1PL.P. long.before
blueberry
3SG.PSR. child:POSS
1SG.PSR. grandmother
REFL.PSR. mother
FOC
to
truly
1PL.P. long.before
NTRL. out:AR
black.bear
PL
ADVZR
3SG
AR.O. among
sympathy
AND.THEN
3SG.S:DH.PFV:H. SG.die:IPV
and
what
bugs
ADVZR
3PL.S:Ø.IPV:Ø. say:IPV
ADVZR
3SG.S>3SG.O. 3SG.S:INC:AA.IPV:Ø. fight:FUT
CT
INSIDE. 1SG.O. 3PL.S. N.PFV:H. carry.AO:PFV
3SG.S>3SG.P. Ø.IPV:H. say:IPV
and
dog
when
3SG.PSR. dog:POSS
like
3SG.S>3SG.PSR. face
2SG.PSR. mother
hereabouts
3SG.S>3SG.P. Ø.IPV:H. say:IPV
women
the.way
rope
rabbit
and
down:ALL
thank.you
IT. QUAL:Ø.IPV:L. look:IPV:CUST
here
when
SPOT IT. INDF. AR. QUAL:Ø.IPV:2PL.S:L. watch:IPV
ADJC. across:PNCT
now
and
big
3SG.PSR. name
but
here
3SG.S:DH.PFV:H. SG.die:PFV
fish
ADVZR
because
1SG.PSR. mother
at:AR
OPT:1SG.S:L. eat.PL.O:OPT:NOM
children
on
YAMAAGN.TEESHYAAY
suddenly
INTO.WATER. 3SG.S:INC:DH.PFV:Ø. sink:PFV
3PL.P. for
what
and
and
3SG.S:INC:AA.IPV:H. snow:FUT:NOM
CT
3SG
to
ADVZR
only
PRMB. INC:Ø.IPV:H. get.dark:PFV
in
at:PNCT
3SG.P. QUAL:Ø.IPV:1SG.S:Ø. say:IPV
at
AND.THEN
3PL.P. for
AWAY. INC:AA:IPV:H. PL.go:FUT:CUST
WATER. shore
ADVZR
NEG
eye
winter
1PL.O. 3PL.S:Ø.IPV:Ø. handle.PL.O:IPV:CUST:NEG
1SG.PSR. mother
among
IT. DIST:1PL.S>INDF.O:Ø.IPV:Ø. eat:IPV:CUST:NEG
3PL.S:Ø.IPV:Ø. know:IPV:NEG
3SG.S:DH.PFV:Ø. SG.sleep:IPV
3PL.S:DH.PFV:H. PL.sleep:IPV
to
dog
TERM. 3SG.S:N.PFV:Ø. SG.go:PFV
?. 3SG.S:QUAL:Ø.IPV:H. see:IPV:NOM
precious
and
AA.IPV:1SG.S:Ø. SG.go:IPV:PROG
at
and
water
NTRL. up:AR
and
again
3SG.S:QUAL:DH.PFV:Ø. grab:PFV:NOM
there
thus
AWAY. 3SG.S:N.PFV:Ø. SG.fly:PFV
GIRL
AR.S:Ø.IPV:Ø. be:IPV:CUST:NOM
NTRL. upriver:AR
plate
also
CONT. 3PL.S. N.PFV:Ø. handle.PL.O:IPV:CUST
1PL
to
3SG.S:INC:DH.PFV:L. SG.run:PFV
QUAL:Ø.IPV:1SG.S:Ø. do:IPV
3PL.S:AA.PFV:Ø. be.dry:PFV:NOM
for
ADVZR
OUT. 3PL.S>3SG.O. AA.PFV:Ø. handle.CO:PFV
1SG.PSR. mother
ADVZR
here:IMP
at:AR
3SG.S>3SG.P. with
children
1SG.PSR. older.brother
INDF.PSR. older.sister
child
CONT. 1PL.S. QUAL. 3PL.S:INC:AA.IPV:L. tell.story:IPV
Ø.PFV:1SG.S:Ø. SG.sit:PFV
PL
3SG.S>3SG.O. PRMB. INC:DH.PFV:L. swim.on.surface:PFV
TERM. 3SG.S:N.PFV:Ø. SG.go:PFV
and
PL
PROH
3SG.P. to
3SG.S:DH.PFV:H. SG.die:PFV
beside
this
REFL.PSR. wife
INDF.PSR. younger.sister
3SG.PSR. wife
AA.IPV:2PL.S:Ø. PL.go:IPV:PROG
3PL.P. to
ON.TRAIL. 3SG.S:AA.PFV:H. handle.AO:PFV
NTRL. ahead:ABL
in.its.place
NEG
PL
to
GIRL
when
also
PL
no
AR.S. QUAL:Ø.IPV:1SG.S:H. see:IPV:NOM
fire
and
for
and
PROX. AR. ahead:ALL
INDF.PSR. older.sister
QUAL:OPT:2SG.S:Ø. handle.RO:OPT:CUST
INC. DH.PFV:1SG.S:Ø. SG:sleep:PFV
thus
2SG.P. PP. CONT. 3SG.S:QUAL:Ø.IPV:L. tell.story:IPV
PRMB. INC:OPT:1SG.S. D:SG.go:OPT:CUST:NOM
and
3SG.S:Ø.IPV:H. filet:PFV:NOM
3SG.S:Ø.IPV:Ø. 3PL.S. INC:QUAL:AA.IPV:Ø. say:FUT:NOM
water
3SG.S:Ø.PFV:Ø. be:IPV:NOM
only
where:AR
when
AND.THEN
NTRL. up:ALL
rock
INC:QUAL:AA.IPV:2PL.S:H. say:FUT:NOM
water
still
two
1PL.PSR. hand
etc.
on
and
1SG.P. following
1SG.PSR. father
3PL.S:Ø.IPV:D. be:IPV:NOM
well
some
out:ABL
2SG
also
like
when
3PL.P. 3SG.S:Ø.IPV:H. say:IPV
in
MED. out:ABL
SPOT QUAL:DH.PFV:L. spot:PFV
OUT. 3SG.S>3SG.O. QUAL:AA.PFV:H. handle.AO:PFV
3SG.PSR. mother
REFL.PSR. wife
3PL.S:AA.PFV:D. grow.old:PFV
3PL.S. QUAL:Ø.IPV:H. gather:IPV
QUAL:OPT:2SG.S:Ø. do:OPT
1PL.S:QUAL:QUAL:Ø.PFV:Ø. hear:IPV
IT. OPT:2SG.S. D:SG.go:FUT
at:PNCT
NEG
thus
1SG.P. PP. QUAL:OPT:2SG.S:L. be.scared:OPT
truly
3SG.S:QUAL:AA.PFV. hear:IPV
and
1SG.PSR. grandmother
people
dog
1PL.S:Ø.IPV:Ø. string:IPV
for
3SG
1SG.PSR. mother
PL
INDF.PSR. 3SG.S:QUAL:AA.PFV:H. club:PFV
finally
3PL.S. INC:DH.PFV:Ø. PL.go:PFV
there
moose
OUT. 3PL.S. QUAL:Ø.PFV:Ø. PL.go:PFV:NOM
like
AR.S:Ø.PFV:Ø. be:IPV:CUST
ADVZR
WAKE. 3SG.S:N.PFV:Ø. SG.experience:PFV
at
ADVZR
PL
TERM. 3SG.S:N.PFV:Ø. SG.go:PFV
3SG.S>3SG.O. QUAL:DH.PFV:H. kill.SG.O:PFV
PL
PL
ADVZR
1PL.S:OPT:Ø. cut:IPV
3SG
here
at:AR
DH.PFV:1SG.S:Ø. SG:stay:IPV
here
for
3SG.S:AA.IPV:L. SG.run:IPV:PROG
also
at
and
1PL.P. for
thank.you
fire
say:IPV
AND
3PL.P. 3PL.S:Ø.IPV:Ø. say:IPV:CUST
AR.S:AA.PFV:Ø. be:PFV:NOM
spruce
TERM. IT. N.PFV:1SG.S:D. SG.go:PFV
FOC
3SG
IT. INDF:3SG.S:INC. Ø.IPV:2SG.S:Ø. eat:IPV
willow
thus
big
here
when
3SG
and
3SG
old.man
3SG
when:FUT
IGN
thus
OFF.TRAIL. OPT:2SG.S:Ø. SG.go:OPT
3PL.S:Ø.IPV:H. SG.die:IPV:CUST:NOM
trail:POSS
thus
AR.S:Ø.PFV:Ø. be:IPV
3SG.S:INC:DH.PFV:L. SG.run:PFV
and
IT. 3SG.S:OPT:L. melt:OPT
thus
ADVZR
and
CT
DH.PFV:2SG.S:Ø. SG:stay:IPV
finally
person
1SG.O. 3PL.S:Ø.IPV:Ø. say:IPV
at
down:AR
1SG.P. younger.sister
FOC
trail
3SG.S:AA.PFV:Ø. SG.go:PFV
long.time
ADVZR
also
child
and
spring
MED:AR. down:ALL
at:AR
QUAL:Ø.IPV:Ø. lung
and
bugs
quickly
AR.S:Ø.PFV:Ø. be:IPV
at
3SG
NEG
3SG.S>3SG.P. for
yes
1SG.O. older.sister
tent
3SG.S:Ø.PFV:Ø. be.big:IPV:NOM
NEG
and
1SG.O. NEGEX
here
eye
white.person
small
3SG.S:QUAL:DH.PFV:H. kill.SG.O:PFV
AND.THEN
3SG
1SG.PSR. grandmother
tent
3SG.S>3SG.P. Ø.IPV:H. say:IPV
AND.THEN
only
3SG.S:QUAL:DH.PFV:Ø. spend.night:PFV:NEG
and
Ø.IPV:1SG.S:D. work:IPV
for
3SG.S:QUAL:DH.PFV:Ø. spend.night:PFV
3SG.S:Ø.PFV:Ø. be:IPV:NOM
IT. 1PL.S:QUAL. INC:AA.IPV:L. tell.story:IPV:NOM
where:AR
ADVZR
ACROSS. IT. 3SG.S:QUAL:Ø.IPV:L. handle.PL.O:IPV:CUST
finally
3PL.S>3SG.O. QUAL:Ø.IPV:H. gather:IPV:CUST
3SG.S:INC:DH.PFV:Ø. SG.go:PFV
3SG.S>3SG.P. Ø.IPV:H. say:IPV
RECP.P. TRADE. 1PL.S:AA.PFV:L. handle.PL.O:PFV
3SG.S:AA.IPV:Ø. SG.go:IPV:PROG
old.man
children
INDF.PSR. younger.sister
3SG.PSR. PP. INC:QUAL:AA.IPV:2PL.S:L. PL.stand:IPV
SURROUNDING ?. INC:QUAL:AA.IPV:1SG.S:Ø. handle.PL.O:FUT
rabbit
hole
ASHORE. IT. 1PL.S:INC:Ø.IPV:Ø. go.by.boat:IPV:CUST
3SG.S:Ø.IPV:H. make.SG.O:PFV
3SG.S:QUAL:Ø.IPV:Ø. grow:IPV
knee
3SG
ADVZR
3SG.S:QUAL:Ø.IPV:H. gather:IPV
rack
where:AR
PL
UP. 3SG.S:DH.PFV:Ø. classify.CO:IPV
FOC
good
also
from
while
what
AND.THEN
black.bear
say:IPV
2SG.O. 3PL.S. INC:AA.IPV:Ø. cut:IPV
NTRL. upriver:AR
and
upland:AR
now
in
NTRL. out:AR
1PL.S:CON. QUAL:I.PFV:Ø. find.PL.O:PFV:NOM
3SG
AR.O. INC:QUAL:AA.IPV:1SG.S:H. look:FUT:NEG
3SG.O. NEGEX
finally
IT. 2SG.O. 1PL.S:INC. QUAL:AA.IPV:H. kill.SG.O:FUT
child
INTO.HOLE. 3PL.S>3SG.O. Ø.IPV:Ø. handle.PL.O:IPV:CUST
3SG.P. in
finally
ADVZR
when
3SG.S>3SG.P. Ø.IPV:H. say:IPV
PL
3SG.S:Ø.IPV:H. say:IPV
TO.TRAIL. IT. 1PL.S:N.PFV:D. PL.go:PFV:NOM
3PL.S>3SG.P. Ø.IPV:H. say:IPV
at:AR
because
INDF.S. AR. QUAL:DH.PFV:L. rustle:PFV
for
lake
say:IPV
what
rice
CT
on
AND.THEN
at:AR
?. 3PL.S:Ø.IPV:D. know:IPV:NEG
thus
thus
3PL.P. 3SG.S:QUAL:AA.PFV:Ø. say:PFV
CONT. 3PL.S. QUAL:Ø.IPV:Ø. handle.PL.O:IPV:CUST
trail
truly
DROWN. 3SG.S:N.PFV:Ø. SG.experience:PFV
3SG.S:NEG.PFV:Ø. be:IPV:NOM
when
TERM. be.far:IPV:NOM
UP. 3PL.S:Ø.IPV:H. extend:IPV
without
person
scraper
and
AR.S:Ø.PFV:Ø. be:IPV
at:PNCT
at:AR