nomprt
@@@
post 3PL.P.
v 3SG.S:N.PFV:Ø.
n
inter
n 3SG.PSR.
post
n 3SG.PSR.
coordconn
DM
@@@ 3PL.PSR.
adv
n INDF:3SG.S:INC.
post
n 1SG.PSR.
post
coordconn
post
n
@@@
n INDF.PSR.
coordconn
n
coordconn
dir
DM
v PP. 1PL.S:INC:QUAL:AA.IPV:Ø.
post
@@@
post 1SG.P.
v OUT. IT. 3PL.S:QUAL:AA.IPV:D.
post 3PL.P.
proform
adv
n
adv
post 1PL.P.
dir NTRL.
nomprt
post 1SG.P.
n 1SG.PSR.
interj
n
n 1SG.PSR.
v AR.S:Ø.PFV:Ø.
v AR.O. INC:QUAL:AA.IPV:1SG.S:H.
v IT. 3SG.S:N.PFV:D.
dir NTRL.
n INDF:3SG.S:INC.
verbprt
DM
inter
v OPT:2SG.S:Ø.
v 3PL.O. 3PL.S:AA.PFV:Ø.
v AR.S:Ø.PFV:Ø.
nomprt
v CONT. 3SG.S>3SG.O. 3SG.S:Ø.IPV:Ø.
post
nvp 3SG.O.
advlizer
post
advlizer
adv DIFFERENT.
DM
advlizer
v 3PL.S>3SG.O. QUAL:Ø.IPV:H.
adv
@@@
post
proform
advlizer
v TERM. 3SG.S>3SG.O. Ø.IPV:H.
coordconn AND.THEN
adv
v 3SG.S:QUAL:QUAL:Ø.IPV:Ø.
n REFL.PSR.
v PRMB. INC:AA.IPV:1SG.S:Ø.
v OUT. IT. HEARING. 3PL.S. INC:Ø.IPV:D.
advlizer
v
v 3SG.PSR. PP. INC:QUAL:AA.IPV:2PL.S:L.
adv
proform
@@@ NTRL.
n 3PL.P.
advlizer
post
adv
v INTO.HOLE. 3PL.S>3SG.O. Ø.IPV:Ø.
v TERM. 3SG.S:N.PFV:Ø.
v 3PL.S. QUAL:Ø.IPV:H.
n 3PL.P.
nvp 3PL.O.
v PRMB. 1PL.S:INC:Ø.IPV:D.
v 3SG.S>3SG.P. Ø.IPV:H.
n
nvp
n
n
coordconn
@@@ 3SG.S:DH.PFV:Ø.
nomprt
adv
n 1PL.P.
n
v INC:OPT:1SG.S:Ø.
post
adv
coordconn
nomprt
n 2PL.PSR.
adj AR.S. N.PFV:Ø.
advlizer
v 1PL.S:Ø.IPV:H.
n
v
n
n INDF.PSR.
v 3PL.S:OPT:D.
v 3SG.S:INC:AA.IPV:Ø.
DM
n
dir NTRL.
DM
nomprt
adv
DM
v CONT. I.PFV:1SG.S:Ø.
post
n 1SG.PSR.
v AR.O. 1PL.S:DH.PFV:H.
v ADMIR. 3PL.S>3SG.P. QUAL:DH.PFV:H.
advlizer
n
v 3SG.S:Ø.PFV:Ø.
adv
@@@ 3SG.S:DH.PFV:Ø.
DM
@@@
v 3PL.P. PP. 3PL.S. AR.S:DH.PFV:Ø.
v 3SG.P.
n 1SG.PSR.
v QUAL:Ø.IPV:2PL.S:Ø.
post
post
v INDF.S:AA.PFV:D.
nvp 3PL.O.
inter
post 3SG.S>3SG.P.
adv
v 3SG.S>3SG.P. Ø.IPV:H.
v AWAY. IT. N.IPV:2SG.S.
post
@@@ REFL.PSR.
@@@ REFL.PSR.
advlizer
n
mod
adv DIFFERENT.
post
n REFL.PSR.
@@@ UP. INC:AA.IPV:1SG.S:Ø.
adv
post
dir
adv
n
v AR.S:Ø.PFV:Ø.
mod
@@@ 3PL.PSR.
v SEVERING. 3SG.S:Ø.IPV:Ø.
adv
mod
advlizer
@@@ INSIDE. INTO.FIRE N.PFV:Ø.
verbprt
v
n 3SG.PSR.
coordconn
proform
dir
inter
v
coordconn
adv
v I.IPV:2SG.S:Ø.
adv
v 3PL.S>3SG.P. Ø.IPV:Ø.
mod
adv
coordconn
proform
post
v IT. WATER. 3PL.S:INC:Ø.IPV:Ø.
n
advlizer ADVZR
n
post 1SG.P.
n 1SG.PSR.
post
n
v
n REFL.PSR.
@@@ INC:AA.IPV:1SG.S:Ø.
n
adv
post 3PL.S>3PL.O.
post
advlizer
v 1PL.S:Ø.PFV:Ø.
@@@ 3SG.S:AA.PFV:H.
nomprt
n
n
mod
@@@
v INC:AA.IPV:1SG.S:Ø.
@@@ 1SG.PSR.
advlizer
proform
post
post
@@@
advlizer
@@@
post
proform
coordconn
v INDF.O. 3SG.S:I.PFV?:D.
v IT. 3SG.S:INC:OPT.
proform
post
v CONT. QUAL:OPT:2SG.S:L.
DM
verbprt
v 3SG.S:QUAL:I.PFV:H.
advlizer
advlizer
n 3PL.S>3SG.P.
advlizer
advlizer
n
DM
proform
advlizer
v 3SG.S>3SG.P. Ø.IPV:H.
n
v 1SG.P. PP. QUAL:OPT:2SG.S:L.
n
nprop YAMAAGN.TEESHYAAY
v QUAL:Ø.IPV:1SG.S:L.
post
v WAKE. 3SG.S:N.PFV:Ø.
v PRMB. 3PL.S. 3PL.S:INC:DH.PFV:L.
n
post
advlizer
n
nomprt
adv
inter
n
mod
v QUAL. DH.PFV:2PL.S:L.
dir MED.
n
v AR.S:Ø.PFV:Ø.
dem
interj
DM
v INDF. 3PL.S. QUAL:DH.PFV:Ø.
advlizer
n 1SG.PSR.
coordconn
@@@
coordconn
proform
coordconn
v DANCE. 3PL.S:Ø.IPV:L.
post
adv
inter 1PL.S:CON. QUAL:I.PFV:Ø.
v 3SG.S>3SG.O. CON:Ø.IPV:Ø.
n
n 1SG.PSR.
n
@@@
@@@
v PRMB.
v AR.S:Ø.PFV:Ø.
coordconn AND.THEN
proform
proform
coordconn
v UP. DH.PFV:2SG.S:Ø.
v 3SG.S>3SG.P. Ø.IPV:H.
v 3PL.S:Ø.IPV:Ø.
proform
v
n
post
coordconn
n
post
post 3PL.S>3SG.P.
verbprt
n INDF.PSR.
@@@
v
n
n 1PL.PSR.
DM
advlizer
advlizer
coordconn
adv
post
post
n
@@@ PRMB.
DM
n
coordconn
adv
verbprt
coordconn
dir
@@@ 1PL.S. 3SG.S:DH.PFV:Ø.
post
v 3PL.P. 3SG.S:Ø.IPV:H.
n
adv
v TERM. 3SG.S:N.PFV:Ø.
n
v DROWN. 3SG.S:N.PFV:Ø.
post 3PL.P.
pro
v 3SG.S>3SG.P. Ø.IPV:H.
proform
mod
v N.PFV:Ø. OPT:2SG.S:D.
verbprt
adv
pro
post
proform
n
coordconn
n
adv
post
nomprt
v 3SG.S>3SG.P. Ø.IPV:H.
v Ø.IPV:2SG.S:H.
v 3PL.O. AA.IPV:2PL.S:Ø.
v OUT. 3SG.S:INC:AA.IPV:Ø.
v CONT. 1PL.S. QUAL:Ø.IPV:L.
n 1SG.PSR.
coordconn
cardnum
post 3SG.S>3SG.P.
v 3PL.S. QUAL:DH.PFV:L.
dir NTRL.
n
advlizer
v IT. AA.IPV:2SG.S.
adv
coordconn
@@@
v 3PL.S. QUAL:Ø.IPV:L.
n 1PL.PSR.
adv
proform
post 1SG.P.
advlizer
v TERM. 1PL.S. N.PFV:Ø.
post 3SG.S>3SG.P.
adv
post
n
advlizer
coordconn AND.THEN
n INDF.PSR.
v 3SG.S:DH.PFV:Ø.
post
proform
advlizer
DM
DM
dir
advlizer ADVZR
adv
nomprt
n
adv
verbprt
coordconn
mod
proform
nomprt
n
n 3SG.PSR.
n REFL.PSR.
post 3PL.P.
@@@
n
coordconn
pro
v 3SG.S>3SG.P. Ø.IPV:H.
proform
cardnum
v QUAL:Ø.IPV:2SG.S:Ø.
v 3PL.P. INC:AA.IPV:1SG.S:Ø.
n 3SG.PSR.
n
nvp
n
verbprt
nomprt
n
coordconn
quant ALL
coordconn
adv
verbprt
@@@ 1PL.P.
DM
v 3SG.S>3SG.P. Ø.IPV:H.
v QUAL:AA.IPV:1SG.S:H.
@@@
post
n 2PL.PSR.
advlizer
v IT. 2PL.O. INC:QUAL:AA.IPV:1SG.S:L.
v 3PL.S. INC:DH.PFV:Ø.
coordconn
post 1SG.P.
v 3SG.S:INC:DH.PFV:L.
v 3SG.S:INC:AA.IPV:H.
advlizer
post
adv
post
interj
coordconn AND.THEN
n
adv
v IT. 3SG.S:N.PFV:D.
coordconn
post
post
coordconn AND.THEN
v IT. 3SG.S:INC:Ø.IPV:D.
v 3SG.S:INC:AA.IPV:Ø.
@@@
coordconn AND.THEN
post
nomprt
mod
v TERM. INC:AA.IPV:2SG.S:Ø.
advlizer
v 1PL.S:INC:DH.PFV:Ø.
post 3SG.P.
post
v 1SG.O. 3SG.S:QUAL:Ø.IPV:H.
adv
v TERM. IT. 3PL.S>3PL.O. Ø.IPV:L.
advlizer
post
mod
advlizer
v PRMB. 1PL.S:INC:Ø.IPV:Ø.
dir
v 3SG.S:QUAL:Ø.PFV:Ø.
v AR.O. QUAL:AA.PFV:1SG.S:L.
dir MED.
adv
advlizer
dir NTRL.
@@@ 3PL.S>3SG.P.
post
n
n
n
@@@
adv
nomprt
@@@ REFL.PSR.
post 3PL.P.
DM
advlizer
v
coordconn
adv
v INSIDE. AR.O. INC:QUAL:OPT:2SG.S:H.
v PEJ. 3SG.S:DH.PFV:L.
v 2PL.P. TO. 3PL.S>3PL.O. AA.PFV:Ø.
v 3PL.O. QUAL:Ø.IPV:1SG.S:Ø.
v 1PL.O. QUAL:Ø.IPV:2SG.S:H.
coordconn
n
DM
v IT. INC:Ø.IPV:D.
v IT. 3PL.S:QUAL:AA.IPV:D.
n
post 1SG.P.
advlizer
n 2PL.PSR.
n
advlizer
n
inter
coordconn AND.THEN
v
n 3SG.PSR.
v 3SG.S:AR.O:Ø.IPV:H.
mod
v 3SG.S:Ø.PFV:Ø.
v 1SG.P. PP. QUAL:OPT:2SG.S:L.
@@@ 1PL.P.
n
adv
coordconn
advlizer
n
coordconn AND.THEN
adv
adv
@@@
adv
coordconn AND.THEN
adv
adv
v Ø.IPV:1SG.S:D.
v AR.S:Ø.PFV:Ø.
DM
advlizer
nomprt
proform
@@@
advlizer ADVZR
@@@ 1SG.O. 3PL.S:Ø.IPV:Ø.
v 3SG.S:Ø.IPV:Ø.
dir
n 1SG.PSR.
n
n
adv
n
quant
coordconn
coordconn
n 3SG.S:QUAL:Ø.PFV:Ø.
@@@ NTRL.
n 3SG.PSR.
v 3SG.P. QUAL:Ø.IPV:1SG.S:Ø.
v 1PL.S:Ø.IPV:H.
advlizer
@@@
post
@@@
advlizer
v
n 1PL.PSR.
v AR.S:Ø.PFV:Ø.
advlizer
post
v DH.PFV:1SG.S:Ø.
v INC:Ø.IPV:D.
v CONT. 3PL.S:Ø.IPV:Ø.
post
v 3PL.O. 3PL.S:QUAL:Ø.IPV:H.
n
DM
v 3PL.S. QUAL:QUAL:Ø.IPV:Ø.
dir AR.
post
v AR.S:Ø.PFV:Ø.
mod
n INDF.PSR.
n 3SG.P.
coordconn
DM
adv
v IT. 3PL.S:N.PFV:D.
post
v 1SG.P. 3SG.S:Ø.IPV:H.
post
@@@ WHY
@@@ ADJC. MED.
post
advlizer
v WASH. 3SG.S:QUAL:Ø.IPV:H.
nomprt
@@@ 1PL.P.
v 3SG.S:DH.PFV:Ø.
n
n 1PL.PSR.
v AR.O. QUAL:Ø.IPV:1SG.S:H.
v 1PL.S:Ø.IPV:Ø.
n 1SG.PSR.
coordconn
n REFL.PSR.
verbprt
post 2PL.P.
v 1PL.S:INC:Ø.IPV:Ø.
n
n
n GIRL
post 3PL.S>3SG.P.
v INSIDE. 1SG.O. 3PL.S. N.PFV:H.
post
n
n
nvp
v 3SG.S:QUAL:QUAL:Ø.IPV:Ø.
adv
post
dir
n TAILED.PEOPLE
v DH.PFV:2SG.S:Ø.
verbprt
v 1PL.S:QUAL:DH.PFV:L.
mod
coordconn
post
post
v 3PL.S:QUAL:Ø.IPV:H.
@@@
cardnum
dir NTRL.
v QUAL:Ø.PFV:1SG.S:Ø.
coordconn
advlizer
v OUT. 1PL.S:Ø.IPV:Ø.
@@@
v HOLE OPT:2SG.S:Ø.
post
v CON. Ø.IPV:D.
n
v 3PL.S>3SG.P. Ø.IPV:H.
adv
v 3PL.P. 3SG.S:QUAL:AA.PFV:Ø.
coordconn AND.THEN
advlizer
n
post
advlizer
post
v 3PL.S. INC:DH.PFV:Ø.
inter
advlizer
coordconn AND.THEN
adv
v 3PL.P. 3SG.S:QUAL:AA.PFV:Ø.
proform
post 1SG.P.
v QUAL:Ø.IPV:1SG.S:H.
n
adv
v 3PL.S>3SG.P. 3PL.S:Ø.IPV:H.
@@@
post
v 3PL.S. QUAL:DH.PFV:Ø.
n
post
v QUAL:Ø.PFV:1SG.S:Ø.
advlizer
coordconn
adv
imp
advlizer
@@@
n
n
verbprt
mod
advlizer
n
v 3SG.S:INC:DH.PFV:L.
@@@ 3SG.S:DH.PFV:Ø.
verbprt
coordconn
coordconn AND.THEN
v OUT. IT. 1PL.S:AA.PFV:D.
v TERM. DH.PFV:1SG.S:Ø.
@@@ 3PL.P. N.PFV:Ø.
advlizer
n
proform
v 3PL.S. QUAL:Ø.PFV:Ø.
coordconn
adv
pro
v ?. Ø.PFV:1SG:L.
dir ADJC.
adv
post
verbprt
v IT. CON. INC:QUAL:AA.IPV:2PL.S:H.
adv
advlizer
n
inter
proform
coordconn
v PRMB. 3PL.S. INC:QUAL:Ø.IPV:D.
n
n
v 3SG.S:DH.PFV:L.
v NECK. 3PL.O. CON.
advlizer
n
post
v AA.IPV:1SG.S:Ø.
adv
verbprt
post
nomprt
coordconn
post
n
@@@
cardnum
post
v 3SG.S>3SG.P. Ø.IPV:H.
advlizer ADVZR
n
adv
v
n
DM
adv
advlizer
v 3PL.S>3PL.P. 3SG.S:Ø.IPV:H.
post
coordconn
DM
n
coordconn
advlizer
n 3SG.PSR.
dir
inter
v 3PL.S:Ø.IPV:Ø.
n 2SG.P.
v AWAY. 3SG.S:N.PFV:Ø.
coordconn
n
n REFL.PSR.
mod
adv
proform
advlizer
advlizer
n
nomprt
n
nomprt
adv
v OUT. 3SG.S:QUAL:AA.PFV:Ø.
adv
adv
n
post
post
proform
coordconn
proform
v 1SG.P. 3SG.S:Ø.IPV:H.
dir
n REFL.PSR.
v
v 1PL.S. QUAL:QUAL:Ø.IPV:Ø.
post 1PL.P.
adv
post
DM
post
v CONT. I.PFV:1SG.S:Ø.
advlizer
post
advlizer
advlizer
n
v DOWN. 3SG.S:INC:QUAL:DH.PFV:H.
v 3SG.S:N.PFV:Ø. QUAL:DH.PFV:H.
coordconn
v UP. 3SG.S:INC:AA.IPV:Ø.
post
coordconn AND.THEN
v PRMB. INC:AA.IPV:1SG.S:H.
@@@ 1PL.S:QUAL:DH.PFV:L.
interj
post 2PL.P.
n GIRL
v IT. SKIN. 1PL.S:Ø.IPV:H.
@@@ IT. 3PL.S. QUAL:DH.PFV:H.
v IT. 3PL.S:QUAL:AA.IPV:D.
mod
coordconn
advlizer
coordconn
advlizer
v 1SG.PSR.
@@@ 3PL.P.
v AR.S:Ø.PFV:Ø.
dir NTRL.
adv THERE
dir NTRL.
coordconn
coordconn
dir
proform
advlizer 3PL.P.
adv
adv
nvp 3SG.S:QUAL:DH.PFV:Ø.
v DANCE. IT. 3SG.S:AA.PFV:L.
v UP. SUN. QUAL:OPT:1SG.S:Ø.
coordconn
@@@ REFL.PSR.
v AR.S:Ø.PFV:Ø. 3PL.S:AA.PFV:Ø.
coordconn
pro
v PRMB. INC:AA.IPV:1SG.S:Ø.
adv
post
v INSIDE. N.IPV:2SG.S:Ø.
cardnum
adv
v 3PL.S:Ø.IPV:L.
post REFL.P.
v PRMB. INC:OPT:1SG.S.
advlizer
n
post
v 1PL.S:INC:DH.PFV:Ø.
v ?. Ø.PFV:1SG.S:D.
@@@
post
post
dir MED.
mod
nomprt
dir
post
n GIRL
v 3PL.PSR.
nomprt
n 3SG.PSR.
inter WHY
dem
coordconn AND.THEN
dem
DM
post
v CONT. AA.PFV:1SG.S:Ø.
v IT. 3SG.S:OPT:L.
post
v TERM. IT. WAKE. N.PFV:Ø.
v
post
advlizer
nomprt
v 3SG.S:DH.PFV:L.
verbprt
v 3PL.S:AA.IPV:Ø.
v QUAL:I.PFV:1SG.S:H.
proform
dir NTRL.
proform
post
n
post
v 3SG.S>3SG.O. AA.PFV:Ø.
adv
proform
coordconn
v 3SG.S:Ø.IPV:H.
n
n
adv
v 3SG.S>3SG.O. INC. QUAL:Ø.IPV:H.
v
advlizer
n
n
v 3PL.S>3SG.O. Ø.IPV:H.
adv
v
adv
nomprt
coordconn
advlizer
advlizer
verbprt
@@@ NTRL.
advlizer
coordconn
v FIGHTING. 3SG.S:INC:DH.PFV:H.
@@@
adv
nomprt
n
coordconn
v AR.O. QUAL:Ø.IPV:1SG.S:H.
adv
post 3SG.P.
v QUAL:I.PFV:L
adv
coordconn
v 3SG.S:DH.PFV:H.
v 3PL.S. QUAL:AA.PFV:D.
coordconn
n
v AR.S:Ø.PFV:Ø.
verbprt
v 1SG.P. 3SG.S:Ø.IPV:H.
v CONT. 3PL.S:Ø.IPV:Ø.
n
adv
v 3SG.S>3SG.O. INC:DH.PFV:L.
@@@
post 1PL.P.
n
v CONT. 3PL.S:Ø.IPV:Ø.
nomprt
@@@ 3SG.PSR.
n
n
advlizer
v CON. 3PL.S:Ø.IPV:D.
post
n
n
adv
post
verbprt
post 2PL.P.
post
nomprt
n
advlizer
v DOWN. 3SG.S:INC:AA.IPV:Ø.
@@@
v INDF.O. OPT:1SG.S:Ø.
@@@
v IT. 3SG.S:AA.IPV.
n
adv
v 3SG.S:DH.PFV:Ø.
DM
advlizer
n 3SG.S:N.PFV:Ø.
post
v DOWN. 3SG.S>3SG.O. QUAL:DH.PFV:H.
@@@ AS.WELL
n GIRL
v TERM. 3PL.S:N.PFV:Ø.
pro
n
v 3SG.S:DH.PFV:Ø.
v CON. DH.PFV:1SG.S:Ø.
v 3SG.S:QUAL:QUAL:Ø.IPV:Ø.
v 3SG.P. QUAL:Ø.IPV:1SG.S:Ø.
adv
post
v 3PL.S>3SG.P. 3PL.S:QUAL:Ø.IPV:H.
v DOWN. 3PL.S:INC:DH.PFV:Ø.
v IT. 3SG.S:INC:OPT.
v 3SG.S>3SG.P. Ø.IPV:H.
inter
n
@@@
v 3PL.S:Ø.IPV:Ø.
post
DM
advlizer
post
v 3PL.S. QUAL:DH.PFV:Ø.
proform
post 1SG.P.
coordconn
v
interj
coordconn
v 3SG.S:INC:REFL:DH.PFV:L.
n
n
dir
n DOG.
n
advlizer
n
adv
post
post
mod
v AR.O. 3SG.S:QUAL:Ø.IPV:H.
proform
post
advlizer
adv
n
adv
advlizer
v IT. QUAL:AA.PFV:2SG.S:D.
post
v INC:AA.IPV:2PL.S:Ø.
proform
proform
v QUAL:Ø.PFV:1SG.S:Ø.
v 3PL.S:QUAL:DH.PFV:L.
n
v
@@@ ADJC. 3SG.S:QUAL:AA.PFV:L.
post
post
@@@ 3SG.S:QUAL:Ø.IPV:H.
n 1SG.PSR.
proform
n 3SG.S>3SG.PSR.
v AR.S:Ø.PFV:Ø.
v
proform
adv
n 1PL.PSR.
v 3PL.S. INC:DH.PFV:Ø.
n
post
v 3SG.S:QUAL:DH.PFV:H.
n
proform
nomprt
post
n
n
n
v 3SG.S>3SG.O. 3SG.S:Ø.IPV:H.
adv
v 3SG.PSR.
n
advlizer
dir
v 3SG.P.
post
coordconn
pro
advlizer
v 3SG.P. PP. 1PL.S>INDF.O:QUAL:AA.PFV:H.
proform
adv
proform
v 3SG.P. PP. AR.S:Ø.PFV:Ø.
advlizer
post 3SG.P.
nomprt
n
v OPT:2SG.S:Ø.
@@@ 3PL.P.
n
dir NTRL.
@@@ AND
v 1PL.O. 3PL.S:Ø.IPV:Ø.
DM
quant ALL
@@@
v
n
n
post
advlizer
@@@ 3SG.S:AA.PFV:H.
n
v TO.SIDE. 3SG.S:QUAL:DH.PFV:L.
v 3SG.S>3SG.P. Ø.IPV:H.
post
v 3PL.P. 3SG.S:Ø.IPV:H.
n DIFFERENT.
advlizer
advlizer
dir
coordconn
v PP. 3PL.S:QUAL:DH.PFV:L.
DM
inter
n 3SG.PSR.
nprop YAMAAGN.TEESHYAAY
post 1SG.P.
n 2SG.PSR.
verbprt
DM
post
n
post 3SG.S>3SG.O.
dir
coordconn
adv
v 3PL.S:Ø.IPV:Ø. INDF.PSR. 3SG.S:QUAL:I.PFV:H.
v AR.S. INC:DH.PFV:Ø.
@@@ 2SG.P.
adv
advlizer
v 3SG.S>3SG.O. DH.PFV:Ø.
v 3SG.S:QUAL:DH.PFV:Ø.
post
v 1SG.PSR.
coordconn
post
v DOWN. IT. 3SG.S:INC:AA.IPV:H.
@@@ NTRL.
post
advlizer
advlizer
@@@
v TIRED. 3SG.S:AA.PFV:D.
v IT. 1PL.S:Ø.IPV:Ø.
v
proform
@@@ 3PL.S>3SG.P. QUAL:Ø.IPV:H.
v 3SG.S:N.PFV:Ø.
n
n 3SG.PSR.
nomprt
n
v HAIR. 3PL.S:Ø.PFV:L.
adv
v
v
n
adv
@@@
coordconn
nomprt
adv
coordconn
v 3PL.S:Ø.IPV:Ø.
advlizer
v 3SG.S>3SG.O. QUAL:AA.PFV:Ø.
n
post
proform
cardnum
v 1PL.S:DH.PFV:H.
n
v AR.P. SURROUNDING 3PL.S:N.PFV:Ø.
@@@ 1SG.PSR.
adv
v 3SG.S:QUAL:DH.PFV:L.
DM
v IT. 3SG.S:AA.IPV:D.
coordconn
coordconn
v 3SG.S:QUAL:DH.PFV:Ø.
post
dir
v 3SG.S:INC:AA.IPV:H.
coordconn
v 3SG.S:Ø.IPV:H.
adv
proform
v 1PL.S:QUAL:Ø.PFV:Ø.
n INDF.PSR. 3SG.S:AA.IPV:Ø.
@@@
@@@
advlizer
n 3SG.S>3SG.PSR.
n
n
@@@
nomprt
coordconn
n
n 2SG.PSR.
v 3SG.S:Ø.IPV:Ø.
proform
dem
coordconn
coordconn
adv
advlizer
advlizer
adv
v
v 3SG.S:QUAL:Ø.PFV:L.
coordconn
@@@ 3PL.P.
n
adv
adj IT. 3PL.S:Ø.PFV:L.
v 3PL.P. PP. PRETEND. INDF.S:QUAL:DH.PFV:L.
n 1PL.PSR.
v IT. 3SG.S:QUAL:AA.IPV:Ø.
v 3SG.S>3SG.O. CON.
interj
v TERM. 1PL.S. N.PFV:Ø.
dir MED.
DM
post 1SG.P.
n
DM
@@@
v 3PL.P. 3SG.S:Ø.IPV:H.
dir
n
post
advlizer
n
mod
DM
advlizer
verbprt
post
post
n 3PL.PSR.
inter
advlizer
coordconn
quant ALL
v TERM. 3PL.S:N.PFV:Ø.
DM
v QUAL:Ø.PFV:1SG.S:Ø.
coordconn
inter
nomprt
n
dir MED.
v IT. INC:QUAL:DH.PFV:D.
v 1PL.O. 3PL.S:Ø.IPV:Ø.
n
v 3SG.S:Ø.IPV:Ø. Ø.IPV:D.
v 3SG.S:Ø.PFV:Ø.
advlizer ADVZR
post 1SG.P.
@@@ 3SG.S:DH.PFV:Ø.
@@@ 3SG.S:QUAL:DH.PFV:Ø. INC.
advlizer
proform
DM
n 1PL.PSR.
n
v
n
post
v 3SG.S>3SG.O. 3SG.S:Ø.PFV:Ø.
v
v 1SG.P. 3SG.S:Ø.IPV:H.
nomprt
v 3SG.S:AA.IPV:L.
v 3SG.S:Ø.IPV:H.
dir
post 3SG.S>3SG.P.
n 1SG.PSR.
v ?. 1PL.S:Ø.IPV:D.
advlizer
v 3PL.S:Ø.IPV:H.
v 1PL.P. 3SG.S:Ø.IPV:H.
post
v IT. 3SG.S:N.PFV:D.
coordconn AND.THEN
coordconn
v 3SG.S:DH.PFV:H.
pro
adv
n 2PL.P.
n 1SG.PSR.
n
v AR.S:Ø.PFV:Ø.
adv
advlizer
v TERM. 3SG.S:QUAL:Ø.PFV:Ø.
advlizer
n
n 3SG.PSR.
DM
advlizer
coordconn
coordconn
v 3PL.S:Ø.IPV:Ø.
n
n 3SG.S>3SG.PSR.
n
n
post 3SG.S>3SG.P.
proform
n
advlizer
v
n
v 3SG.S:QUAL:AA.PFV:D. QUAL:DH.PFV:L.
post
DM
n
coordconn AND.THEN
@@@ 3PL.P.
v 3SG.O.
n
v ?. PEJ. 3PL.S:Ø.IPV:D.
n
coordconn
@@@ ACROSS. N.PFV:1SG.S:Ø.
n
post
v 1PL.S:Ø.IPV:Ø. QUAL:Ø.IPV:Ø.
coordconn
n
v 3PL.S>3SG.O. Ø.IPV:H.
post
adv
post 1SG.P.
v INDF.
DM
n
n 3SG.PSR.
adv
v 3SG.S>3SG.O. QUAL:DH.PFV:H.
coordconn
v Ø.PFV:1SG.S:Ø.
coordconn
v PRMB.
adv
v IT. 3PL.S>3SG.P. INC:QUAL:Ø.IPV:D.
advlizer
advlizer
dir
v 3PL.S:Ø.IPV:Ø.
proform
v 3SG.PSR.
v 3PL.P.
v SPEECH. 3SG.S:QUAL:Ø.IPV:L.
@@@ QUAL:Ø.PFV:1SG.S:Ø.
v ?. 3PL.S:Ø.IPV:D.
@@@ NTRL.
post 1PL.P.
proform
v 1SG.P. 3SG.S:Ø.IPV:H.
n
dir
@@@
v 3SG.S>3SG.P. Ø.IPV:H.
DM
v
DM
v 3PL.P. 3SG.S:Ø.IPV:H.
dir
n 1SG.PSR.
post
adv
n
v 2SG.O. INC:AA.IPV:1SG.S:H.
post
@@@ NTRL.
n
v 1SG.O. QUAL:OPT:2SG.S:Ø.
coordconn
adv
@@@ IT. INC:AA.IPV:1SG.S:Ø.
n
v TERM. 3SG.S:N.PFV:Ø.
coordconn
advlizer
post
post
n
adv
pro
n
v 3SG.S:Ø.IPV:Ø.
v 3PL.S:Ø.IPV:Ø.
v 3SG.S:DH.PFV:Ø.
quant ALL
n 3SG.PSR.
inter
advlizer
n
nvp
dir MED.
advlizer
adv
advlizer
adv
nvp 3SG.O.
post
v DOWN. 3SG.S:QUAL:Ø.IPV.
adv
n
n
adv
n
advlizer
n
adv
mod
v AR.S:Ø.PFV:Ø.
@@@ 3SG.S:N.PFV:Ø.
v IT. 3PL.S:N.PFV:D.
mod
coordconn
inter
n 1PL.PSR.
n
proform
v 3SG.S:QUAL:QUAL:Ø.IPV:Ø.
DM
v 1SG.P. 3SG.S:Ø.IPV:H.
v 3SG.S:Ø.IPV:H.
adv
coordconn
v INDF.S. 3SG.S>3SG.O. QUAL:AA.IPV:Ø.
@@@
coordconn
v TERM. 3SG.S:N.PFV:Ø.
n
proform
dir MED.
dir
n
post
adv
n
n
n 3SG.PSR.
adv MED.
n
n 3SG.P.
n
post 1SG.P.
@@@
n
@@@ 1PL.P.
v 3SG.S:Ø.IPV:H.
coordconn
n
advlizer
@@@
v 3SG.S:INC:Ø.IPV:Ø.
proform
post
n 3SG.PSR.
adv
v 2SG.P. HANDING.TO. INDF.O:3SG.S:AA.PFV:H.
advlizer
nomprt
n
post 1SG.P.
v QUAL:Ø.IPV:1SG.S:H.
v
post 1SG.P.
v 3SG.S:INC:DH.PFV:Ø.
verbprt
nomprt
dir
post
n REFL.PSR.
coordconn
n
adv
nomprt
v INC:AA.IPV:1SG.S:Ø.
n
v 3SG.S:Ø.IPV:H.
v 3SG.S:CON. QUAL:DH.PFV:L.
coordconn
v
verbprt
v 3PL.S. QUAL:DH.PFV:L.
v 3SG.S>3SG.O. 3PL.S:Ø.IPV:Ø.
DM
advlizer
nomprt
coordconn
dir PROX.
post 2PL.P.
@@@ 1PL.S:QUAL:DH.PFV:L.
coordconn
n 1SG.PSR.
post
interj
adv
n
post
DM
nomprt
DM
v 3PL.PSR.
@@@ REFL.PSR.
nomprt
DM
@@@
adv
n
v 3PL.S>3SG.P. CARE QUAL:Ø.IPV:H.
v AWAY. IT. 3SG.S:INC:DH.PFV:D.
post
v 1PL.O. 3PL.S:Ø.IPV:H.
@@@
post 3SG.S>3SG.P.
post
post
post
DM
advlizer
coordconn
v 3SG.S>3SG.P. Ø.IPV:H.
n
@@@ QUAL:Ø.IPV:Ø. INC:AA.IPV:Ø.
nomprt
post
v QUAL:Ø.PFV:1SG.S:Ø.
nomprt
adv
post
@@@
advlizer
v 1PL.S:Ø.PFV:Ø.
n
v 1SG.P. TO. 3PL.S:AA.PFV:Ø.
coordconn
dem
DM
DM
v AR.S:Ø.PFV:Ø.
inter
coordconn AND.THEN
n
post
adv
adv
n
proform
adv
DM
coordconn
n
n
post
DM
n
v AR.S:DH.PFV:D.
post
post
advlizer
proform
v 3SG.S>3SG.P. 3SG.S:Ø.IPV:H.
advlizer
post
advlizer
@@@
@@@ NTRL.
n
post
v 3PL.S>3PL.O. QUAL:QUAL:NEG.PFV:Ø.
post
post
v 3PL.P. QUAL:Ø.IPV:D.
v INC:AA.IPV:2PL.S:Ø.
post
@@@ 1PL.P.
verbprt
n
v AR.O. INC:AA.IPV:2PL.S:Ø.
adv
n
n
v 3PL.S. QUAL:DH.PFV:L.
v OUT. 3PL.S:AA.PFV:Ø.
@@@ 1SG.O.
v TERM. IT. INDF:3SG.S:INC. QUAL:AA.IPV:L.
cardnum
advlizer
@@@ 3PL.P.
DM
v 3PL.S:Ø.IPV:Ø.
adv
v IT. 1PL.S:DH.PFV:D.
v 3PL.S>3SG.P. TO. 3PL.S>3SG.O. AA.PFV:Ø.
coordconn
DM
n
n
v OUT. IT. HEARING. 3PL.S. INC:Ø.IPV:D.
@@@
advlizer
v TERM. IT. 3PL.S:Ø.IPV:D.
adv
v
coordconn
DM
n
n
n
advlizer
v AR.S:Ø.PFV:Ø.
v 3PL.S:Ø.IPV:L.
adv
n
v 3SG.P. PP. NEG.PFV:1SG.S:D.
adv
v COMPLETELY. 3SG.S:QUAL:DH.PFV:Ø.
post
pro
DM
DM
@@@ 2PL.P.
@@@
post RECP.P.
DM
n 2SG.PSR.
@@@
adv
v 3SG.S:QUAL:Ø.IPV:H.
v 3PL.S. QUAL:DH.PFV:L.
DM
n
post
proform
coordconn AND.THEN
v 3SG.S>3SG.P. Ø.IPV:H.
mod
adv
nprop YAMAAGN.TEESHYAAY
v 3SG.S:AA.IPV:Ø.
nomprt
advlizer
post 3PL.P.
nomprt
v 1PL.S:QUAL:DH.PFV:L.
v 1PL.P. PP. INDF.O:3SG.S:Ø.IPV:H.
post
v AR.S:Ø.PFV:Ø.
adv
mod
v 3PL.S:Ø.IPV:Ø.
dir NTRL.
post 1SG.P.
v 3PL.P. 3SG.S:Ø.IPV:H.
coordconn AND.THEN
v 3SG.S:DH.PFV:L.
dir
mod ADMIR. AR.S. INC:DH.PFV:H.
v WAKE. 3SG.S:N.PFV:Ø.
v PP. 1PL.S:INC:QUAL:AA.IPV:Ø.
v 3PL.S:Ø.IPV:Ø.
advlizer
adv
v QUAL:Ø.IPV:2SG.S:Ø.
n
post
v
post
advlizer
v 3PL.S:QUAL:DH.PFV:L.
n
inter
advlizer
n INDF.PSR.
adv
advlizer
inter
v 1PL.S:Ø.IPV:Ø. QUAL:Ø.IPV:Ø.
n
v 2SG.P. TO. 3PL.S>3SG.O. INC:AA.IPV:Ø.
n
n
advlizer
adv
post
n 3PL.PSR.
n
n
n 3SG.PSR.
v 3SG.S:DH.PFV:L.
coordconn
@@@ AS.WELL
n
coordconn
v CONT. I.PFV:2SG.S:Ø.
dir NTRL.
@@@ 3SG.S:N.PFV:Ø.
n
proform
adv
n 3SG.PSR.
n 3SG.PSR.
advlizer
advlizer
n
v AR.S. INC:DH.PFV:Ø.
DM
v DH.PFV:2PL.S:H.
post 1SG.P.
n GIRL
adv
n
n
v 3SG.PSR.
coordconn
nomprt
dir MED.
v
nomprt
v AR.S. INC:DH.PFV:Ø.
v IT. INC:QUAL:AA.IPV:2PL.S.
advlizer
@@@
@@@ NTRL.
v
v QUAL:Ø.IPV:1SG.S:Ø.
inter 1PL.S:CON. QUAL:I.PFV:Ø.
coordconn AND.THEN
coordconn AND.THEN
n
dir NTRL.
@@@
quant
coordconn
DM
post 3SG.P.
advlizer
verbprt
DM
v 3PL.P. PP. 3PL.S. 3SG.S:QUAL:DH.PFV:Ø.
v 1SG.PSR.
n
advlizer
v 3SG.S>3SG.P. Ø.IPV:H.
v AWAY. 3PL.S:QUAL:DH.PFV:D.
n
coordconn
advlizer
n REFL.PSR.
dir
v 2SG.O.
post
adv
v OUT. 3SG.S:QUAL:OPT:L.
DM
coordconn
@@@
v 3SG.P. QUAL:Ø.IPV:2SG.S:Ø.
v INC:QUAL:AA.IPV:1SG.S:Ø.
v OFF.TRAIL. OPT:2SG.S:Ø.
mod
post
v
@@@
n
post
adv
v
post
v 3PL.P. 3SG.S:Ø.IPV:H.
v 3SG.S:AA.PFV:Ø.
v TERM. 3PL.S:N.PFV:Ø.
adv
verbprt
advlizer
v 3SG.S>3SG.P. Ø.IPV:H.
n
inter
nomprt
n INDF.PSR.
DM
v 3SG.S:Ø.IPV:H.
nomprt
advlizer
v AR.O. QUAL:Ø.IPV:1SG.S:H.
n 1SG.PSR.
v
verbprt
n
proform
n
adv
@@@ AS.WELL
adv
dir
v 3PL.S>3SG.P. Ø.IPV:H.
n
v 3PL.S>3SG.O. Ø.IPV:H.
adv
nomprt
dir
v OUT. 3SG.S:N.PFV:Ø.
adv
pro
advlizer
adv
adv
n
n
advlizer
v 3SG.S:QUAL:DH.PFV:L.
nomprt
post 1PL.P.
dir
n 3SG.PSR.
inter
v IT. 3SG.S:INC:OPT.
nomprt
v CONT. 3SG.S:Ø.IPV:H.
nvp 3SG.O.
advlizer
v
n
proform
post
v 3PL.S:AA.PFV:H.
n
n
coordconn
v 3PL.S:Ø.IPV:L.
post
v AR.S:Ø.PFV:Ø.
adv
n
v TIRED. 3SG.S:AA.PFV:D.
n
advlizer
v AWAY. Ø.IPV:1SG.S:Ø.
@@@
v ADJC. IT. 3SG.S:QUAL:AA.PFV:L.
post
n
n
dir NTRL.
n
n
@@@
n
nvp
adv
inter
n
inter
n 1SG.PSR.
n 1SG.PSR.
v 3SG.S:N.PFV:Ø.
@@@
n
@@@
v INDF.O. 3SG.S:Ø.IPV:Ø. QUAL:Ø.IPV:L.
v TERM. 1PL.S. N.PFV:Ø.
coordconn
DM
n
v QUAL:Ø.PFV:2SG.S:L.
@@@ UP. 3PL.S. INC:AA.IPV:Ø.
n
advlizer
v
@@@
v
inter
@@@ NTRL.
n
adv
v QUAL:OPT:2SG.S:Ø.
n 3PL.P.
nomprt
v Ø.PFV:1SG.S:Ø.
v CON. DH.PFV:D.
v
adv
@@@
n
nomprt
dir AR.
coordconn
v OUT. 3SG.S:AA.PFV:Ø.
pro
advlizer
n
proform
DM
proform
v IT. 3PL.S:N.PFV:D.
nomprt
v 3PL.S. QUAL:DH.PFV:L.
dir NTRL.
post
v RECP.P. TRADE. 1PL.S:QUAL:DH.PFV:L.
v
v 3PL.S:Ø.IPV:H.
post
v QUAL:Ø.PFV:1SG.S:Ø.
advlizer
n
post 2SG.PSR.
adv
DM
post 3SG.S>3SG.P.
n GIRL
coordconn
@@@ 1PL.P.
v TERM. 3PL.S. INC:AA.IPV:Ø.
@@@
n 3SG.PSR.
dir
v
coordconn
proform
post 1PL.O.
verbprt
v 1PL.P. 3SG.S:Ø.IPV:H.
v 2SG.P.
coordconn
v 1SG.PSR.
n
n 1SG.PSR.
inter
post
dir PROX. AR.
proform
interj
dir ADJC. MED.
DM
@@@ 3SG.P.
advlizer ADVZR
nomprt
v TO. INC. DH.PFV:1SG.S:H.
DM
v
coordconn
adv
n
v 3SG.S>3SG.O. Ø.IPV:H.
nomprt
post
coordconn
adv
v IT. INDF:3SG.S:INC. Ø.IPV:2SG.S:Ø.
coordconn
v IT. INC:OPT:1SG.S:D.
proform
adv
coordconn
v 3SG.S:QUAL:Ø.IPV:H.
post
v
advlizer
adv
v 3PL.S. QUAL:QUAL:Ø.IPV:Ø.
coordconn
n
post 3SG.P.
post 1SG.P.
inter
n AR.S. N.PFV:Ø.
post
n 1SG.PSR.
quant
v 1PL.S:Ø.IPV:Ø.
adv
v CONT. 3SG.S:I.PFV:Ø.
@@@ WHY
n 3SG.PSR.
proform
n
advlizer
v 3PL.S. QUAL:Ø.IPV:L.
advlizer
n
n
v IT. AR.S:DH.PFV:D.
n 3SG.S>3SG.PSR.
v CONT. 3PL.S. QUAL:Ø.IPV:Ø.
post 1PL.P.
nomprt
n 1SG.PSR.
adv
n 3SG.PSR.
adv
v QUAL:Ø.PFV:2SG.S:Ø.
n 3SG.S:INC:AA.IPV:D.
@@@
quant
post
n
n
@@@ 3PL.P.
n 1SG.PSR.
adv
advlizer
post
dir
n
pro
adv
adv
v 3SG.S:Ø.PFV:Ø.
v OUT. 3PL.S:Ø.IPV:Ø.
coordconn AND.THEN
advlizer
adv
post 1SG.P.
post 3SG.P.
@@@ AND
post
advlizer
n
verbprt
post 3PL.P.
advlizer
adv
advlizer
n
adv
DM
post
nomprt
v 3SG.S:DH.PFV:L.
adv
v 3SG.P. PP. 1PL.S. QUAL:DH.PFV:L.
advlizer
v
nvp
adv
v 3SG.S:CON:Ø.IPV:Ø.
v 3PL.S>3SG.P. PP.
coordconn
dir NTRL.
@@@ TERM.
n
v 3SG.S:DH.PFV:L.
adv
v 3SG.S>3SG.P. Ø.IPV:H.
coordconn
v
v 3PL.O. CON. Ø.IPV:D.
n 2SG.PSR.
v 3SG.S:Ø.IPV:H.
advlizer
adv
n
coordconn
adv
adv
v IT. 3SG.S:N.PFV:D.
v 3PL.S. QUAL:Ø.IPV:L.
dir
coordconn
advlizer
dir NTRL.
v AR.S:Ø.PFV:Ø.
nprop YAMAAGN.TEESHYAAY
dir
v ?. INC:AA.IPV:1SG.S:D.
v CONT. 3PL.S. QUAL:Ø.IPV:Ø.
DM
n
proform
quant
inter
v QUAL:Ø.IPV:2SG.S:Ø.
v 3SG.S:QUAL:I.PFV:Ø.
nomprt
n
adv
dir
n
post
advlizer
v 3PL.S:Ø.IPV:Ø.
dir NTRL.
DM
n
v 3SG.S:Ø.IPV:H.
v AR.S:Ø.PFV:Ø.
dir
coordconn
dir MED.
dir PROX. AR.
nomprt
advlizer
coordconn
n
adv
post
advlizer
advlizer
inter
v HOLE 3SG.S:QUAL:Ø.PFV:Ø.
advlizer ADVZR
verbprt
coordconn
v 3SG.S:QUAL:Ø.PFV:L.
advlizer
coordconn
v OUT. 3PL.S>3SG.O. AA.PFV:Ø.
advlizer
n INDF.PSR.
proform
coordconn
DM
@@@ 1PL.S:QUAL:DH.PFV:L.
n GIRL
coordconn
@@@ RECP.P.
adv
advlizer
v IT. WEAPON. INDF.O. 3PL.S. 3PL.S:QUAL:DH.PFV:L.
n 1SG.PSR.
@@@ 3SG.S:N.PFV:Ø.
@@@ MED.
adv
dir NTRL.
coordconn
post 1SG.P.
@@@ 3SG.S>3SG.O.
n
n
@@@ 1SG.O. 3PL.S:AA.PFV:H.
v INDF.O. QUAL:DH.PFV:2SG.S:H.
post 1PL.P.
DM
v IT. 3PL.S. INC:Ø.IPV:D.
DM
n
n
adv
coordconn
@@@ 2PL.PSR.
post
n
@@@ QUAL:DH.PFV:H.
n 3SG.PSR.
n 3SG.PSR.
v IT. AA.IPV:2SG.S.
n
v 3SG.S:DH.PFV:L.
v AR.S:Ø.PFV:Ø.
n 1SG.PSR.
post
advlizer
v ?. PEJ. 3PL.S:Ø.IPV:D.
n
n PROX. AR.
post 3SG.S>3SG.P.
verbprt
adv
v OPT:2SG.S:Ø.
adv
post
adv
adv
dir NTRL.
v INSIDE. QUAL:Ø.IPV:2SG.S:Ø.
n
dir NTRL.
inter
coordconn AND.THEN
post
v 3SG.S:AA.PFV:Ø.
v 1PL.S:Ø.IPV:Ø.
n
n 1SG.PSR.
v
post
dir NTRL.
advlizer
v 3PL.S:Ø.IPV:L.
post
nomprt
v CONT. I.PFV:Ø.
v ?. 3PL.S:Ø.IPV:D.
v 3SG.S:QUAL:Ø.IPV:H.
v Ø.IPV:1SG.S:H.
v REFL.P. PP. INDF.O. Ø.IPV:1SG.S:L.
n
proform
adv
post 2PL.P.
v 3SG.O. TO. 1PL.S:AA.PFV:Ø.
n
n
v TERM. IT. 3SG.S:N.PFV:D.
advlizer
v 3SG.S:AA.IPV:Ø.
verbprt
n 3PL.PSR.
advlizer
proform
v INDF.O. 3SG.S:QUAL:DH.PFV:H.
nomprt
v 3SG.S:QUAL:DH.PFV:L.
post 1PL.P.
v OUT. 1PL.S:QUAL:DH.PFV:L.
v IT. INC:Ø.IPV:2SG.S:Ø.
coordconn
adv
advlizer
pro
v 1PL.S:QUAL:QUAL:Ø.PFV:Ø.
dem
@@@
post
v QUAL:Ø.IPV:1SG.S:Ø.
v
adv
v 3PL.S. N.PFV:Ø.
advlizer
v 3SG.S:DH.PFV:Ø.
n
n
nomprt
coordconn
@@@ ADJC. IT.
@@@
n 1SG.PSR.
v
@@@
coordconn AND.THEN
adv
n 1SG.PSR.
post
n DOG.
n
mod
advlizer
post
@@@ REFL.PSR.
mod
v CONT. 3PL.S. N.PFV:Ø.
dir
verbprt
@@@ 3SG.S:DH.PFV:Ø.
post
dir
@@@
v INTO.WATER. 3SG.S>3SG.O. Ø.IPV:L.
v 1SG.PSR.
@@@ REFL.PSR.
adv
verbprt
v RECP.P. 1PL.S:QUAL:Ø.IPV:D.
n
advlizer
advlizer
coordconn AND.THEN
nomprt
post 1PL.P.
adv
post 3PL.P.
post 1PL.P.
post
v 3PL.S>3SG.O. Ø.IPV:D.
n REFL.PSR.
adv
post REFL.P.
post
post
coordconn
n
proform
post 3SG.P.
n PROX. AR.
coordconn
advlizer
v 3SG.S:QUAL:DH.PFV:Ø.
advlizer
v IT. 3SG.S:AA.IPV:D.
v OUT. 3SG.S:QUAL:DH.PFV:Ø.
post
advlizer
advlizer
dir MED.
v IT. 3PL.S. QUAL:Ø.IPV:Ø.
n
mod
DM
post
advlizer
coordconn
v 3SG.S:Ø.PFV:Ø.
inter
inter
n
v PP. INC:QUAL:AA.IPV:2PL.S:H.
proform
n
DM
v 3PL.S. QUAL:Ø.PFV:Ø.
post
n 1SG.PSR.
n
post
post
inter
proform
DM
dir NTRL.
DM
advlizer
n
mod
@@@
@@@
n 1SG.PSR.
@@@ REFL.PSR.
nomprt
coordconn
coordconn
v 3PL.S:Ø.IPV:Ø. QUAL:Ø.IPV:Ø.
dir IT. AR.S:DH.PFV:D.
n REFL.PSR.
adv
v 3PL.S. QUAL:DH.PFV:H.
n
n 1SG.PSR.
advlizer
advlizer
proform
v 3SG.S:QUAL:QUAL:Ø.IPV:Ø.
n
v 3PL.S>3PL.O. QUAL:Ø.IPV:H.
proform
v PRMB. 1PL.S:INC:Ø.IPV:D.
n
@@@
v 3PL.S>3PL.P.
post
post
adv
advlizer
post
nomprt
n 3SG.PSR.
advlizer
v 1PL.O. 3SG.S:QUAL:Ø.IPV:H.
DM
n
proform
advlizer
v 2SG.P. QUAL:Ø.IPV:1SG.S:Ø.
n
mod
n
v 3PL.S:N.PFV:Ø. 3PL.S:N.PFV:D.
nvp
coordconn
n INDF:3SG.S:INC.
coordconn
proform
mod
v IT. 3SG:INC:QUAL:DH:PFV:Ø.
proform
adv
dir
@@@ 3SG.S:DH.PFV:Ø.
v 3SG.S:Ø.IPV:H.
n
coordconn
n
@@@ PRMB. 3PL.S:AA.IPV:D.
n
v IT. 3PL.S:N.PFV:D.
advlizer
post
v OUT. INDF.O:INC:AA.IPV:1SG.S:H.
@@@ PRMB.
pro
post
v 3PL.O. 3SG.S:QUAL:DH.PFV:Ø.
cardnum
adv
adv
v QUAL:Ø.IPV:2PL.S.
n
v TURN.AROUND. QUAL:OPT:2SG.S:Ø.
coordconn AND.THEN
@@@ 3SG.S:QUAL:OPT:Ø.
v AR.S:Ø.PFV:Ø.
@@@ 1PL.S:QUAL:DH.PFV:L.
post
adv
n
verbprt
v 3SG.O. DH.PFV:D.
v HAND. 3SG.S:Ø.IPV:D.
n 3SG.PSR.
@@@
proform
DM
adv
advlizer
post
post
n 1SG.PSR.
post 3SG.P.
n
inter
nomprt
post
v 2SG.P. QUAL:Ø.IPV:1SG.S:Ø.
@@@ 3PL.P.
DM
nomprt
post
n
nomprt
adv
@@@
coordconn
adv
coordconn
coordconn AND.THEN
inter WHY
@@@ 1PL.P.
dir
post
v AR.S:Ø.PFV:Ø.
adv
post AR.O.
coordconn
post
post
nomprt
adv
post
v PRMB. 3SG.S:QUAL:Ø.IPV:L.
n
@@@ 3SG.S:Ø.IPV:Ø.
coordconn
post 2PL.P.
nvp
v 2PL.P. PP. INDF.O. CON. INC. QUAL:AA.IPV:1SG.S:H.
v
adv
nomprt
v
v 1PL.P. 3PL.S:Ø.IPV:Ø.
post
v 3SG.S:Ø.PFV:Ø.
verbprt
post
n 1SG.PSR.
dir NTRL.
v UP. Ø.IPV:2SG.S:Ø.
v 3SG.S>3SG.P. Ø.IPV:H.
post 1PL.P.
advlizer
n
mod
post
advlizer
proform
advlizer
@@@ 1SG.O.
post 3SG.S>3SG.P.
v 3SG.S:DH.PFV:L.
n 1SG.PSR.
coordconn
post
adv
v 3PL.S. QUAL:DH.PFV:L.
dir MED.
n
proform
@@@ 1SG.PSR.
v ?. 3PL.S:Ø.IPV:D.
dir
coordconn
v QUAL:Ø.IPV:1SG.S:H.
coordconn
n GIRL
adv
proform
coordconn
adv
v
n 1SG.PSR.
v OUT. N.IPV:2SG.S.
v 3PL.S. QUAL:Ø.IPV:Ø.
post
coordconn
n
advlizer
n
post 1SG.P.
n
nvp
n
v AR.S:Ø.PFV:L.
DM
post 3PL.P.
adv
DM
advlizer
v INDF. 3PL.S. QUAL:DH.PFV:H.
adv
v CONT. 3SG.S:QUAL:Ø.IPV:L.
post
n
proform
v 3PL.S>3PL.P. 3SG.S:Ø.IPV:H.
n
@@@ NTRL.
post 3PL.S>3PL.P.
v 3SG.S:Ø.PFV:Ø.
v 3SG.S:CON. QUAL:DH.PFV:L.
v OUT. IT. 3SG.S:AA.PFV:D.
post
v INC. 3SG.S:QUAL:Ø.PFV:Ø.
adv
nomprt
adv
v 3PL.S:Ø.IPV:Ø.
v ?. 3PL.S:Ø.IPV:D.
DM
v 3SG.S>3SG.O. Ø.IPV:D.
advlizer
dir
verbprt
n
DM
advlizer
n 1SG.PSR.
v 1PL.P. 3SG.S:Ø.IPV:H.
dir NTRL.
v 1PL.S. QUAL:DH.PFV:L.
v CONT. FIGHTING. 3SG.S:Ø.IPV:H.
v 3PL.S. QUAL:DH.PFV:L.
n
coordconn AND.THEN
n
n
n REFL.PSR.
@@@ QUAL:Ø.PFV:1SG.S:Ø.
v SPOT IT. INDF. AR. QUAL:Ø.IPV:2PL.S:L.
adv
advlizer
coordconn AND.THEN
inter
n 1SG.PSR.
@@@ 1PL.S. 3SG.S:DH.PFV:Ø.
adv
n
v 3PL.S:Ø.IPV:Ø.
inter
post
nomprt
v 3SG.S>3SG.P. Ø.IPV:H.
dir NTRL.
proform
mod
nomprt
v PRMB. INC:Ø.IPV:H.
v 3SG.S:N.PFV:Ø.
adv
nomprt
post
v 3PL.S>3PL.O. QUAL:Ø.IPV:H.
proform
n 1PL.PSR.
n
interj
v TERM. 3PL.S. N.PFV:Ø.
adv
nomprt
proform
v INDF.PSR. QUAL:QUAL:NEG.PFV:Ø.
adv
advlizer
DM
n
n 3SG.PSR.
@@@
coordconn
adv
n
DM
v
n
v 3PL.P. 3SG.S:Ø.IPV:H.
post
v TERM. N.PFV:Ø.
@@@ QUAL:DH.PFV:H.
proform
@@@ 3PL.S. N.PFV:Ø.
n
n 3SG.PSR.
n 1SG.PSR.
coordconn
v 3PL.S:Ø.IPV:L.
adv
v 3SG.S:QUAL:DH.PFV:Ø.
post
nomprt
nomprt
adv
n
n
v 1PL.P. 3SG.S:Ø.IPV:H.
advlizer
@@@
v OUT. OPT:1SG.S:Ø.
n GIRL
n
coordconn
advlizer
v AR.O. QUAL:Ø.IPV:2PL.S.
nomprt
@@@
v 3SG.S>3SG.P. INTO.WATER. N.PFV:H.
advlizer
v
n
coordconn AND.THEN
DM
v 3SG.O. QUAL:Ø.IPV:1SG.S:H.
post
v AR.S:Ø.PFV:Ø.
v 3PL.S. INC:DH.PFV:Ø.
n
n
v
v 3PL.S. INC:QUAL:AA.IPV:H.
dir NTRL.
post
inter
n
proform
n 3SG.PSR.
advlizer
coordconn
cardnum
adv
v 1PL.S:Ø.IPV:Ø. QUAL:Ø.IPV:L.
v 3SG.S:OPT:Ø.
@@@
coordconn
v 3SG.S:N.PFV:Ø.
n
advlizer
n 3SG.S>3SG.PSR.
adv ADJC. MED.
v 3PL.O:DH.PFV:D.
adv
coordconn AND.THEN
v 3SG.S:AA.IPV:Ø.
n
adv
n 3PL.PSR.
advlizer
v DH.PFV:1SG.S:Ø.
dir ADJC. NTRL.
coordconn
@@@
@@@ 3PL.P.
adv
n
coordconn
coordconn
coordconn
advlizer
n GIRL
v AR.S. INC:DH.PFV:Ø.
v 3PL.P. PP. PRETEND. INDF.S:QUAL:DH.PFV:L.
DM
post
verbprt
DM
coordconn AND.THEN
adj
nomprt
v 1PL.S:INC:DH.PFV:Ø.
coordconn
coordconn
v QUAL:NEG.PFV:1SG.S:Ø.
post
v 3SG.S>3SG.P. Ø.IPV:H.
mod
adv
v AR.S:Ø.PFV:Ø.
advlizer
v OUT. 3SG.S:QUAL:AA.PFV:Ø.
v AA.IPV:2SG.S:Ø.
coordconn
v TERM. IT. 1PL.S:NEG.PFV:D.
v 3SG.S:QUAL:Ø.IPV:Ø.
post
adv
@@@
adv
v 3PL.S:Ø.IPV:L.
v 3PL.S:Ø.IPV:Ø.
DM
n
post
DM
@@@ 1PL.S:INC:Ø.IPV:Ø.
v 1SG.P. 3PL.S:Ø.IPV:Ø.
dir MED.
post
v AR.S:Ø.PFV:Ø.
v AR.O. INC:AA.IPV:1SG.S:Ø.
v OUT. 3SG.S:AA.PFV:Ø.
post 1SG.P.
post
coordconn
@@@
nomprt
coordconn AND.THEN
dir AR.
post
@@@ PRMB. INC:AA.IPV:2SG.S:H.
n
nomprt
@@@
nomprt INDF.PSR.
@@@ 3PL.P.
advlizer ADVZR
n
dir NTRL.
v 3SG.S:QUAL:QUAL:Ø.IPV:Ø.
DM
n
advlizer
coordconn
dir MED.
n
advlizer
dir
v
v 3SG.P. QUAL:Ø.IPV:1SG.S:Ø.
nomprt
v 1SG.PSR.
n 1PL.P.
n
adv
v QUAL:Ø.PFV:1SG.S:Ø.
advlizer
adv
post
v CONT. 3SG.S:I.PFV:Ø.
n
adv
n
pro
n 1SG.PSR.
v IT. AR.S:DH.PFV:D.
v I.IPV:2SG.S:Ø.
n
v INDF.O:AA.PFV:D.
v Ø.PFV:1SG.S:Ø.
@@@ ACROSS. IT. 3SG.S:QUAL:Ø.IPV:L.
coordconn
DM
n INDF.PSR.
v
v INC:AA.IPV:2SG.S:Ø.
n
mod
proform
v 3SG.S:CON:Ø.IPV:Ø.
@@@ NTRL.
v 3SG.S>3SG.P. Ø.IPV:H.
post
verbprt
v AR.S:DH.PFV:D.
quant ALL
@@@ AND
v INTO.WATER. 3SG.S:AA.PFV:Ø.
mod
@@@
DM
advlizer ADVZR
post
v
n
adv
adv
DM
coordconn
advlizer
coordconn
proform
v ?. 3SG.S:Ø.IPV:D.
DM
v TERM. 3SG.S:N.PFV:Ø.
n 1SG.PSR.
post
@@@ 1SG.O.
nomprt
v OUT. N.PFV:Ø.
n
verbprt
adv
inter
post
n AR.S:Ø.PFV:Ø.
@@@ ADJC. MED:AR.
v 3PL.S:Ø.IPV:Ø.
v TERM. 3PL.S:N.PFV:Ø.
v WAKE. 3SG.S:N.PFV:Ø.
pro
v 1SG.PSR.
n
v 3PL.S:Ø.PFV:Ø.
v 3PL.S:Ø.PFV:Ø.
coordconn
advlizer
proform
nomprt
v OUT. 3SG.S:QUAL:AA.PFV:Ø.
v 3SG.S:AA.PFV:Ø.
post
coordconn AND.THEN
coordconn AND.THEN
coordconn AND.THEN
v SPEECH. AR.S. QUAL:DH.PFV:L.
post 3SG.P.
adv
post 3SG.P.
@@@ 1PL.P.
@@@ 1PL.P.
v QUAL:Ø.IPV:2SG.S:Ø.
nvp
nomprt
post
v AR.S:Ø.PFV:Ø.
adv
n 1SG.PSR.
advlizer
DM
n
v 3SG.P.
advlizer
n
n
adv
DM
proform
v 1PL.S. QUAL:QUAL:Ø.IPV:Ø.
n
n
adv
advlizer
v
proform
n 3SG.PSR.
n
adv
coordconn
advlizer
coordconn
v OPT:2SG.S:Ø.
v ADMIR. 3SG.S:INC:DH.PFV:H.
proform
n
nvp
n 1SG.PSR.
v DH.PFV:2SG.S:Ø.
n
adv
post
@@@ AS.WELL
v 3SG.S:N.PFV:Ø.
v ?. PP. Ø.IPV:1SG.S:L.
dir NTRL.
post
nprop YAMAAGN.TEESHYAAY
n
v 3PL.P. QUAL:Ø.IPV:D.
post
v 3SG.S:AA.IPV:L.
advlizer
dir NTRL.
v 3SG.S>3SG.P. Ø.IPV:H.
v OUT. N.PFV:2SG.S:Ø.
nomprt
post INDF.PSR.
post
@@@ 1PL.P.
n 2SG.PSR.
n
adv
coordconn
@@@ IT:AR. 3SG.S:INC:DH.PFV:D.
coordconn
@@@ PRMB.
dir AR.
v DH.PFV:1SG.S:Ø.
dir
v
post
v UP. 3PL.O. 3SG.S:AA.PFV:Ø.
v IT. Ø.IPV:L.
coordconn
advlizer
adv
advlizer
verbprt
n
n REFL.PSR.
v
advlizer
adv
v IT. 1PL.S:DH.PFV:D.
DM
v OUT. 1PL.O. 3PL.S:AA.PFV:Ø.
advlizer
adv
@@@
adv
adv
v 3PL.P. 3PL.S:Ø.IPV:Ø.
v 3SG.S:QUAL:DH.PFV:Ø.
advlizer ADVZR
v TERM. 3SG.S:N.PFV:Ø.
adv
cardnum
n
advlizer
@@@ INDF.PSR.
mod
@@@ QUAL:Ø.IPV:Ø.
dir
adv
verbprt
advlizer
adv
coordconn
inter
nomprt
v UP. 3SG.S:DH.PFV:Ø.
post
advlizer
n
v 3SG.P. PP. AR.S:Ø.PFV:Ø.
v 3SG.S:Ø.PFV:Ø.
coordconn
adv
n
n
v AR.S:Ø.PFV:Ø.
n 1SG.PSR.
advlizer
post
v 3SG.S:DH.PFV:L.
n
adv
advlizer
coordconn
coordconn
n
v QUAL:OPT:H.
@@@
n
advlizer
v QUAL:Ø.IPV:2PL.S:Ø.
n
n
v AR.S:Ø.PFV:Ø.
dir
advlizer
n
advlizer
post
v
v
@@@
coordconn
DM
interj
coordconn AND.THEN
DM
n INDF.PSR.
n
n
v 3SG.S:INC:DH.PFV:Ø.
v OUT. IT. 3PL.S:QUAL:AA.IPV:D.
adv
post
v 3SG.S:AA.IPV:L.
v
adv
coordconn
@@@ WHY
n INDF.PSR.
v QUAL:Ø.IPV:1SG.S:Ø.
v 3SG.S:Ø.IPV:H.
adv
adv
proform
nomprt
@@@ 2SG.P.
post 1PL.P.
v 3SG.S>3SG.P. Ø.IPV:H.
v 3SG.S:QUAL:AA.PFV:Ø.
nomprt
adv
pro
verbprt
proform
advlizer
adv
DM
v TERM. 3SG.S:N.PFV:Ø.
v 1PL.S:INC:AA.IPV:Ø.
advlizer
n INDF.PSR.
nomprt
@@@
n
v 3SG.S:DH.PFV:H.
v MOUTH 3SG.S:QUAL:Ø.PFV:L.
post
v IT. 3PL.S>3PL.O. 3SG.S:Ø.IPV:Ø.
n WATER
proform
advlizer
v OPT:1SG.S:Ø.
v IT. 3PL.S:N.PFV:D.
post
v 3SG.S>3SG.O. 3SG.S:Ø.IPV:H.
n
v 3PL.S>3SG.P. Ø.IPV:H.
inter
advlizer
@@@
n 2SG.PSR.
n
coordconn
adv THERE
verbprt
n
n
v QUAL:AA.PFV:2SG.S:H.
post 1SG.P.
@@@
v 3SG.S:QUAL:DH.PFV:L.
post
post 3PL.P.
DM
@@@
n REFL.PSR.
nprop YAMAAGN.TEESHYAAY
v 1SG.P. 3SG.S:Ø.IPV:H.
proform
coordconn AND.THEN
v CONT. QUAL:OPT:2SG.S:L.
n
v 1PL.S:DH.PFV:H.
dir MED.
v 3SG.S>3SG.P. Ø.IPV:H.
proform
v
dir NTRL.
v IT. 3SG.S:QUAL:Ø.IPV:L.
post 3SG.S>3SG.P.
dir
post
v IT. 1PL.S:DH.PFV:D.
advlizer
v 1SG.PSR.
v 3PL.S. QUAL:AA.PFV:L.
post
v CONT. 1PL.S:Ø.IPV:Ø.
@@@ 1SG.PSR.
coordconn
n 1SG.PSR.
dir NTRL.
v INDF:INC. 3SG.S:DH.PFV:H.
coordconn
v AR.S:Ø.PFV:Ø.
coordconn
n
post
proform
n 3SG.PSR.
@@@ QUAL:DH.PFV:L.
v 3PL.P. 3SG.S:Ø.IPV:H.
post
@@@ 3PL.P.
n
advlizer
v DOWN. 3SG.S:AA.PFV:L.
n
post
@@@
v 2PL.O. AA.IPV:1SG.S:Ø. OPT:1SG.S:Ø.
v 3SG.S:AA.IPV:L.
dir
dir
n
v 3PL.P. 3SG.S:Ø.IPV:H.
post
mod
v
dir ADJC. MED:AR.
v 3PL.S:Ø.PFV:Ø.
v 3PL.S>3PL.O. DH.PFV:Ø.
post
v AR.S:Ø.PFV:Ø.
coordconn AND.THEN
advlizer
dir NTRL.
post 1SG.P.
@@@
n 2SG.PSR.
n
v AWAY. 3PL.S:Ø.PFV:L.
n INDF.PSR.
v 3PL.S>3SG.O. QUAL:DH.PFV:H.
v
n
n
advlizer
dir NTRL.
n
@@@
v
v IT. 3PL.S:QUAL:AA.IPV:D.
post 3SG.S>3SG.P.
DM
advlizer
n
verbprt
v WAKE. QUAL:Ø.IPV:H.
v 3SG.S:Ø.IPV:H.
advlizer
post
coordconn
DM
n
advlizer
inter WHY
v IT. AR.S:DH.PFV:D.
v 3SG.S>3SG.P. Ø.IPV:H.
coordconn
advlizer
n 2SG.PSR.
verbprt
adv
post
coordconn
DM
nomprt
adv
post
v TERM. QUAL:Ø.IPV:2SG.S:Ø.
v IT. 3SG.S:Ø.IPV.
n
n REFL.PSR.
n
advlizer
v 3SG.S:Ø.PFV:Ø.
@@@
@@@
adv
n
n
coordconn
post
post
@@@
adv THERE
n
n
pro
v ACROSS. 3SG.S:Ø.IPV:D.
advlizer
v AR.S:Ø.PFV:Ø.
v 3SG.S>3SG.P. Ø.IPV:H.
n
mod
n
@@@ ACROSS. IT. 3SG.S:QUAL:Ø.IPV:L.
v 3PL.S. N.PFV:Ø.
v 3PL.PSR.
coordconn
n
adv
inter WHY
n
coordconn
DM
@@@ NTRL.
v 2PL.P. PP. PEJ. Ø.PFV:1SG.S:D.
adv
post
post 3SG.S>3SG.P.
nomprt
adv
v PRMB. INC:Ø.IPV:1SG.S.
adv
@@@ 1SG.PSR.
n 1SG.PSR.
coordconn
verbprt
post
n
v AA.IPV:1SG.S:Ø.
adv
coordconn
v QUAL:Ø.IPV:2PL.S:Ø.
post 3SG.S>3SG.O.
@@@
coordconn
n
@@@
proform
v 3PL.S:Ø.IPV:Ø.
proform
adv
advlizer
v IT. AR.S:DH.PFV:D.
v PRMB. INC:Ø.IPV:1SG.S.
n
coordconn
verbprt
n 3PL.PSR.
@@@
v INSIDE. N.IPV:2PL.S:Ø.
@@@ 3PL.P.
v 3PL.S>3SG.O. CON:Ø.IPV:Ø.
advlizer
post
v IT. 3SG.S:AA.IPV.
v INDF.O. 3PL.S:Ø.IPV:H.
coordconn
coordconn AND.THEN
advlizer
n
adv
coordconn
post
v 3SG.S:Ø.IPV:H.
post
n 3SG.S:N.PFV:Ø.
v 3SG.S>3SG.P. Ø.IPV:H.
post
v 3SG.S>3SG.O. CON:Ø.IPV:Ø.
v 3PL.S. QUAL:QUAL:Ø.IPV:Ø.
n
adv
n
n
nomprt
coordconn
adv
n
v 3SG.S:QUAL:Ø.PFV:Ø.
advlizer
proform
coordconn
post
n INDF.PSR.
dir
v GUN. HAND.
v 3SG.S>3SG.P. Ø.IPV:H.
v 3SG.S>3SG.P. Ø.IPV:H.
v 1PL.S:INC:AA.IPV:Ø.
v IT. 3SG.S:AA.IPV.
adv
v
post
n
nvp
n
n
n
n
v INC:QUAL:AA.PFV:Ø. 3SG.S>3SG.O. 3SG.S:QUAL:AA.PFV:H.
adv
n REFL.PSR.
v ?. 3PL.S:Ø.IPV:D.
advlizer
n
proform
proform
advlizer
adv
coordconn
v 3PL.S. QUAL:Ø.IPV:H.
proform
v IT:AR. 3SG.S:INC:AA.IPV:H.
advlizer
advlizer
post
coordconn
n
post
v 3SG.S>3SG.O. AA.PFV:H.
verbprt
@@@ 1PL.P. 3PL.S:Ø.IPV:Ø.
coordconn
v DISTRIBUTE. 1PL.S:Ø.IPV:Ø.
v IT. 3PL.S:QUAL:AA.IPV:D.
v D.
v CONT. 3SG.S:QUAL:Ø.IPV:L.
verbprt
v 2SG.O. 3PL.S. INC:AA.IPV:Ø.
v
adv
nomprt
@@@
inter
advlizer
v 3PL.S:QUAL:DH.PFV:L.
v INDF:INC. 3SG.S:DH.PFV:H.
dir NTRL.
post 1PL.P.
@@@ 1PL.S:QUAL:DH.PFV:L.
adv
v 3PL.S:AA.IPV:H.
n 1SG.PSR.
v 3PL.O. 3PL.S. QUAL:DH.PFV:Ø.
adv
post 3SG.S>3SG.P.
verbprt
post
proform
n 3SG.PSR.
v 1SG.P. 3SG.S:Ø.IPV:H.
adv
proform
v 3SG.S:QUAL:Ø.IPV:Ø.
adv THERE
n
n
n
inter
adv
v 3SG.S:DH.PFV:L.
quant
adv
advlizer
v 3SG.S:DH.PFV:L.
n 3SG.PSR.
nomprt
advlizer
n
@@@
v 3SG.S>3SG.P. Ø.IPV:H.
n 1PL.PSR.
advlizer
v AR.O. 3SG.S:QUAL:Ø.IPV:H.
v 1SG.O. 3SG.S:Ø.IPV:H.
advlizer
post
v
post 3SG.S>3SG.O.
advlizer
post
advlizer
adv
n
v 1SG.O. QUAL:Ø.IPV:2PL.S.
dir
v 3SG.S:AA.PFV:Ø.
v 1PL.S. QUAL:Ø.IPV:H.
verbprt
n
nomprt
n
dir MED.
v INSIDE. N.IPV:2SG.S:Ø.
DM
v IT. 3PL.S. QUAL:AA.IPV:D.
adv
v 3SG.S>3SG.P. Ø.IPV:H.
advlizer
n
v PRMB. 3PL.S. INC:Ø.IPV:D.
v 1SG.P. 3SG.S:Ø.IPV:H.
@@@
adv
n REFL.PSR.
v OPT:2SG.S:Ø.
advlizer
n 1SG.PSR.
coordconn
n
n 1SG.PSR.
adv
@@@ 3SG.S>3SG.O.
inter
DM
nomprt
advlizer
coordconn
coordconn
n
coordconn
n 3PL.PSR.
adv
v 3SG.S:Ø.PFV:Ø.
v AR.S. N.PFV:Ø.
v QUAL:Ø.IPV:1SG.S:Ø.
@@@
nomprt
v 3PL.S:Ø.IPV:Ø.
nomprt
v PRMB. 3SG.S:INC:Ø.IPV.
proform
post
n
nomprt
v DOWN. IT. 3SG.S>3SG.O. QUAL:Ø.IPV:H.
v AR.S:Ø.PFV:Ø.
v 1SG.P. 3SG.S:Ø.IPV:H.
@@@
v UP. 3SG.S:DH.PFV:Ø.
verbprt
advlizer
post
post INDF.PSR.
advlizer
v N.PFV:1SG.S:Ø.
adj
coordconn
nvp 3PL.P.
v 3PL.S:NEG.PFV:Ø.
DM
n
adv
coordconn AND.THEN
coordconn
v PRMB. 3PL.S>3SG.P. INC:QUAL:Ø.IPV:D.
post
@@@ 3SG.S:DH.PFV:Ø.
n
advlizer
advlizer
post
proform
@@@ INDF.PSR.
post 3SG.P.
nomprt
coordconn
adv
post
v
n
n
v AR.S:Ø.PFV:Ø.
coordconn
v 3SG.S:INC:AA.IPV:Ø.
coordconn
coordconn AND.THEN
n
v 3PL.S:Ø.IPV:Ø.
n
adv
nomprt
proform
n
dir NTRL.
n
v INDF.O. 3PL.S:Ø.IPV:H.
coordconn
v 3PL.S:Ø.IPV:Ø.
post 3PL.P.
n
n
DM
v IT. 3SG.S:Ø.IPV:H.
@@@ ADJC.
@@@
@@@ 3SG.S:DH.PFV:Ø.
coordconn
post
v 1PL.P. 3SG.S:Ø.IPV:H.
pro
post
DM
post 3PL.P.
n
v QUAL:Ø.PFV:1SG.S:Ø.
inter
n
advlizer
v TERM. INC:AA.IPV:2PL.S:Ø.
coordconn
v 3PL.S. QUAL:Ø.IPV:Ø.
v 3PL.S>3PL.O. OPT:Ø.
adv
v 3SG.PSR.
v ?. NEG.PFV:1SG.S:L.
proform
proform
post
v
v
adv
n
v 3SG.S:DH.PFV:Ø.
n
v N.PFV:Ø. OPT:2SG.S:D.
advlizer
v IT. 3PL.S. QUAL:DH.PFV:L.
post
post
n
n
adv
v 1SG.PSR.
pro
n
DM
advlizer
post
advlizer
DM
v OUT. 3SG.S>3SG.O. 3SG.S:Ø.PFV:Ø.
mod
v AR.O. 3SG.S:QUAL:Ø.IPV:H.
proform
n
mod
v
v 3PL.S>3SG.P. OPT:Ø.
v 3SG.S:CON. QUAL:DH.PFV:H.
adv
v 3PL.S:Ø.IPV:Ø.
n ADJC. NTRL.
post 3PL.S>3PL.O.
coordconn AND.THEN
n
coordconn AND.THEN
adv
post
proform
n
dir
v 3SG.S:DH.PFV:L.
adv
@@@
advlizer
v INDF. 3SG.S:QUAL:OPT:Ø.
v PRMB. 3PL.S:INC:Ø.IPV:D.
adv
coordconn AND.THEN
v PP. INC. QUAL:AA.IPV:2PL.S:Ø.
v AWAY. DSTR. INDF.O:QUAL:DH.PFV:H.
@@@ 3PL.P.
post
advlizer
v QUAL:Ø.PFV:1SG.S:Ø.
verbprt
v IT. 1PL.S:INC:Ø.IPV:D.
proform
nomprt
v 3PL.S:Ø.IPV:H.
adv
v 3SG.S>3SG.O. 3SG.S:QUAL:QUAL:Ø.IPV:Ø.
v 1PL.S.
nvp 3SG.O.
verbprt
v 3SG.P.
n REFL.PSR.
v
v
n
DM
@@@ 1PL.S:AA.PFV:L.
n
advlizer
v INC:AA.IPV:2PL.S:Ø.
advlizer
v 1PL.O. 3PL.S. INC:DH.PFV:Ø.
coordconn
v DH.PFV:2SG.S:Ø.
coordconn
v 3SG.S:AA.IPV:Ø.
proform
advlizer
n
v
nomprt
dir NTRL.
quant ALL
v OUT. 3SG.S:QUAL:AA.PFV:Ø.
DM
n
n 1SG.PSR.
dir NTRL.
v AR.S:Ø.PFV:Ø.
inter
@@@
adv
v TERM. 3SG.S:N.PFV:L.
coordconn
v OUT. 3PL.S>3SG.P. QUAL:AA.PFV:H.
coordconn
@@@
adv
v Ø.IPV:1SG.S:Ø.
coordconn
post
proform
n
verbprt
n
v INDF:INC. 3PL.S:DH.PFV:Ø.
n 1SG.PSR.
mod
coordconn
DM
n
adj
n
v OUT. N.PFV:Ø.
n DOG.
n 3PL.PSR.
dir NTRL.
n
v ?. INC. DH.PFV:1SG.S:L.
interj
post
v INC:AA.IPV:1SG.S:Ø.
advlizer
v
@@@
dir NTRL.
post
n
post
n
post
adv
n
v CONT. 3SG.S:Ø.IPV:H.
@@@ 1SG.PSR.
v INSIDE. 3PL.S:N.PFV:Ø.
@@@
n
@@@ 3PL.S.
post 3SG.S>3SG.P.
adv
n
mod
verbprt
adv
v 3SG.S:Ø.IPV:H.
v 3SG.S>3SG.P. Ø.IPV:H.
v INDF.PSR.
n
post
adv
post 3SG.P.
coordconn AND.THEN
n
nomprt
proform
post 1PL.P.
v QUAL:Ø.IPV:1SG.S:Ø.
advlizer
v 3SG.P. QUAL:Ø.IPV:1SG.S:Ø.
nomprt
dir
advlizer
coordconn AND.THEN
nomprt
v IT. QUAL:Ø.IPV:L.
@@@
post
adj 3SG.S:Ø.IPV:Ø.
n
quant
v ?. Ø.IPV:2SG.S:D.
n
post
nvp
coordconn
post
n 2SG.PSR.
DM
adv
v 3SG.S:Ø.PFV:Ø.
v ON?. Ø.IPV:2PL.S:Ø.
adv
v 3SG.S:DH.PFV:H.
n
post
dir MED.
adv
post
advlizer
post
proform
advlizer
adv
v 1PL.S:Ø.IPV:Ø.
v 3SG.S:QUAL:Ø.PFV:L.
advlizer
v INDF:3SG.S:INC. QUAL:AA.IPV:L.
DM
v IT. 3SG.S:INC:DH.PFV:D.
n
DM
@@@
coordconn
v
@@@
@@@
mod
advlizer
coordconn
v INDF.O. QUAL:DH.PFV:2SG.S:H.
v AR.S:Ø.PFV:Ø.
@@@ 2PL.PSR.
v AWAY. IT. 3SG.S:N.PFV:D.
coordconn
@@@
post 3SG.S>3SG.P.
@@@
advlizer
n 3PL.PSR.
post 3SG.S>3SG.O.
v 3PL.S:Ø.IPV:Ø.
post
proform
n
post
post
inter
dir PROX.
n 3PL.PSR.
n
coordconn
v AR.S:Ø.PFV:Ø.
advlizer
post
n
post
post 3SG.P.
n
v 3SG.S>3SG.P. Ø.IPV:H.
v INSIDE. N.IPV:2PL.S:Ø.
nomprt
adv
dir
v 3SG.P.
coordconn
post
dir AR. NTRL.
v 3SG.S:Ø.PFV:H.
@@@
v 3SG.S:QUAL. DH.PFV:Ø.
dir NTRL.
dir NTRL.
post
n
@@@
v 3SG.S:AA.PFV:Ø.
proform
post
v AR.P. ON?. 3PL.S:AA.IPV:Ø.
advlizer
proform
dir NTRL.
verbprt
adv
dir
dir
v
n
n
adv
v 3PL.S. QUAL:DH.PFV:L.
nomprt
v DH.PFV:2SG.S:Ø.
post
n
coordconn
v INC:AA.IPV:2PL.S:L.
n 2SG.PSR.
adv
advlizer
post
v
post
nomprt
n 1PL.PSR.
v 3SG.S:INC:DH.PFV:Ø.
coordconn
advlizer
coordconn
dir NTRL.
n
n
v 3PL.S:DH.PFV:H.
n
v IT. 3SG.S:INC:DH.PFV:D.
n INDF.PSR.
DM
coordconn
verbprt
adv
v IT. 3SG.S>3SG.O. AA.PFV:H.
post 3SG.S>3SG.P.
dir NTRL.
inter
n 1SG.PSR.
adv
v 1PL.O. 3PL.S:Ø.IPV:Ø.
adv
n 1SG.PSR.
mod
v TERM. INDF:3SG.S:INC. AA.PFV:H.
v
coordconn
n REFL.PSR.
@@@ QUAL:Ø.IPV:1SG.S:H.
adv
n
inter
post
inter
advlizer
n
n
advlizer ADVZR
v UP. Ø.IPV:2SG.S:Ø.
v 1PL.S:QUAL:Ø.IPV:L.
post
v OUT. N.IPV:2SG.S:L.
post
post
DM
v ON.TRAIL. 3PL.S:AA.PFV:Ø.
coordconn
@@@ 3SG.S:N.PFV:Ø.
v 1PL.S:Ø.IPV:D.
mod
dir AR.
n
dir NTRL.
@@@
adv
@@@ NTRL.
post
dir ADJC. MED.
v AR.O. QUAL:Ø.IPV:2PL.S.
advlizer
coordconn
n 1SG.PSR.
adv
v 3SG.S>3SG.O. AA.PFV:Ø.
interj
v 3PL.S:INC:AA.IPV:Ø.
n
interj
DM
@@@
coordconn
advlizer
n
@@@ AND
nvp
n
v CONT. 3PL.S:N.IPV:L.
v 3SG.S:DH.PFV:Ø.
v AR.O. INC:AA.IPV:2PL.S:Ø.
DM
DM
coordconn AND.THEN
nvp INDF.O.
adv
@@@
coordconn
n
DM
adv
adv
advlizer
v 1PL.S:Ø.IPV:Ø.
v 3SG.S:Ø.IPV:H.
coordconn
v 1PL.O. 3SG.S:Ø.IPV:H.
dir
mod
v INDF.O:AA.PFV:D.
v QUAL:AA.PFV:2SG.S:H.
@@@
n
v 3PL.S>3SG.O. INC:AA.IPV:Ø.
DM
adv
coordconn
v 3SG.S:DH.PFV:H.
v 3PL.S>3SG.P. Ø.IPV:Ø.
v AR.S:Ø.PFV:Ø.
n
v CONT. INDF.O. 3PL.S:OPT:Ø.
v IT. INDF:3SG.S:INC. Ø.IPV:2SG.S:Ø.
advlizer ADVZR
adv
adv
v PRMB.
v 3SG.S>3SG.P. Ø.IPV:H.
coordconn
v 3SG.S>3SG.O. CON. QUAL:AA.PFV:2SG.S:H.
n
v TO.SIDE. 3SG.S:QUAL:DH.PFV:L.
adv
n
post 3SG.P.
dir NTRL.
proform
@@@
verbprt
nomprt
adv
DM
@@@ AS.WELL
coordconn AND.THEN
post
n
v RECP.P. TRADE. 1PL.S:AA.PFV:L.
post
v 3SG.S:QUAL:QUAL:Ø.IPV:Ø.
post
v 3PL.S. QUAL:DH.PFV:L.
post
v DISTRIBUTE. 3SG.S:Ø.IPV:H.
adv
v 3SG.S:QUAL:I.PFV:H.
v HEARING. 3SG.S:INC:DH.PFV:H.
DM
adv
v 3SG.S>3SG.O. QUAL:DH.PFV:L.
v ACROSS. 3SG.S:QUAL:Ø.PFV:Ø.
coordconn
coordconn
DM
adv
nomprt
@@@
nomprt
adv
n 1PL.PSR.
v 3PL.S:Ø.PFV:Ø.
n
v 3SG.S:DH.PFV:H.
post
v 3SG.P. QUAL:Ø.IPV:1SG.S:Ø.
adv
DM
n REFL.PSR.
proform
proform
v 3SG.S>3SG.P. Ø.IPV:H.
verbprt
nomprt
adv
post
post
nomprt
inter
v PRMB. 3PL.S:INC:DH.PFV:L.
adv
@@@ ACROSS. N.PFV:Ø.
adv
v AR.S:Ø.PFV:Ø.
v 3SG.S:Ø.PFV:Ø.
v DOWN. 3SG.S:QUAL:Ø.PFV:Ø.
coordconn
adv
n 3SG.PSR.
advlizer
v AA.IPV:2SG.S.
post 3PL.S>3SG.P.
coordconn AND.THEN
v AR.S:DH.PFV:Ø.
n
post
v
v AR.O. INC:AA.IPV:1SG.S:H.
DM
n
v INC:AA.IPV:1SG.S:Ø.
DM
post
post AGAINST?. INDF.PSR. 3SG.S:AA.PFV:Ø.
post
coordconn
v AR.O. 3SG.S:QUAL:AA.PFV:H.
adv
v 3SG.P.
ad
verbprt
nomprt
mod
v 3PL.P. 1PL.S:INC:QUAL:AA.IPV:Ø.
coordconn AND.THEN
coordconn
v 3SG.P. QUAL:Ø.IPV:1SG.S:Ø.
v PRMB. 3SG.S:INC:Ø.IPV:L.
v 3SG.S:Ø.IPV:L.
DM
dir
@@@ 3SG.S:AA.PFV:H.
@@@
advlizer
n
DM
adv
DM
n
v 3SG.S>3SG.P. TERM. 3SG.S:INC:DH.PFV:L.
v 1SG.PSR.
v
adv
v OUT. N.PFV:2SG.S:Ø.
adv
adv
coordconn
n
@@@
adv
v 3SG.S:QUAL:QUAL:Ø.IPV:Ø.
n 1SG.PSR.
nvp
@@@ ADJC. MED:AR.
n
advlizer
nomprt
inter
advlizer
n
DM
post
adv
post
adv
coordconn
v 1PL.S:INC:Ø.IPV:Ø.
v UP. 3PL.S. QUAL:AA.IPV:Ø.
v TERM. 3SG.S:AA.IPV.
v 3SG.S:Ø.IPV:H.
adv
v 3PL.S>3SG.P. QUAL:QUAL:Ø.PFV:Ø.
adv
dir AR. MED.
v 3SG.S:Ø.IPV:H.
nomprt
n 1PL.PSR.
n
DM
post
adv
v IT. DSTR. INDF.O:1PL.S:OPT:Ø.
v 3PL.S>3SG.P. Ø.IPV:H.
post
v QUAL:OPT:2SG.S:Ø.
post
advlizer
inter
coordconn
DM
n
n GIRL
advlizer
adv
v 3PL.P. INC. N.IPV:2SG.S.
coordconn
v
v IT. 1PL.S:INC:Ø.IPV:D.
dir NTRL.
adv
@@@ TERM. 3PL.S. QUAL:DH.PFV:L.
n 1SG.PSR.
v 3PL.S:OPT:D. TERM.
v AR.O. 3SG.S:QUAL:Ø.IPV:H.
coordconn
adv
proform
post
n
n
coordconn
@@@ WHY
v 3PL.O. QUAL:Ø.IPV:1SG.S:H.
DM
v CONT. OPT:2SG.S:Ø.
@@@ 3SG.S:DH.PFV:Ø.
adv
adv
post
v
@@@ 3PL.S. N.PFV:Ø.
adv
v 3PL.S. QUAL:DH.PFV:L.
@@@
v UP. 3PL.S:Ø.IPV:H.
@@@ 1SG.PSR.
n 3SG.PSR.
n 3SG.S>3SG.PSR.
dir ADJC. NTRL.
adv
adv
proform
nomprt
mod
coordconn
@@@ INDF.PSR.
coordconn
adv
advlizer
v IT. 3PL.O. 1PL.S:Ø.IPV:H.
proform
coordconn
v INC. 3PL.S:N.PFV:Ø.
v AR.S. QUAL:DH.PFV:Ø.
coordconn
nomprt
n
post 3SG.P.
adv
advlizer
n
v UP. 3SG.S:DH.PFV:Ø.
n INDF.PSR. 3SG.S:AA.IPV:Ø.
n 2SG.PSR.
post
post 3SG.S>3SG.P.
n
DM
n
post 1SG.P.
n
n
DM
n 1SG.PSR.
n
advlizer
@@@ WHY
post
n 1PL.PSR.
adv
n
interj
v DOWN. 3SG.S>3SG.O. AA.PFV:H.
post
advlizer
coordconn
v 3PL.S:AA.PFV:D.
advlizer
advlizer
adv
DM
n
nvp
post
v 1SG.PSR.
proform
coordconn
@@@
n
advlizer
DM
post AGAINST?. INDF.PSR. 3SG.S:AA.PFV:Ø.
adv
@@@ 3PL.S>3SG.P. 3PL.S:Ø.IPV:D.
n
advlizer
nomprt
@@@
@@@ 1PL.P.
adv
v IT. 3PL.S:INC:Ø.IPV:D.
n
n REFL.PSR.
n
coordconn
nomprt
DM
verbprt
nomprt
n
n 1SG.PSR.
v 3PL.P. CATCH. 3PL.S:DH.PFV:Ø.
v IT. 1PL.S:N.PFV:D.
mod
interj
nomprt
adv
@@@
n 3SG.PSR.
adv
nomprt
v 3SG.S:QUAL:DH.PFV:H.
dem
v 1PL.S:INC:DH.PFV:Ø.
n 1SG.PSR.
advlizer
advlizer
post
proform
adv
coordconn
v INDF.O. 3SG.S:Ø.IPV:H.
adv
v 3SG.S:DH.PFV:Ø.
coordconn
v 3SG.S:AA.IPV:Ø.
coordconn
post
v TERM. IT. 3PL.S:Ø.IPV:D.
@@@ 1SG.PSR.
v PRMB. INC:AA.IPV:2SG.S.
v TIRED. 3PL.S:AA.PFV:D.
n
adv
post 1SG.P.
n
v QUAL:Ø.IPV:1SG.S:Ø.
post
mod
advlizer
coordconn
@@@ REFL.PSR.
adv
@@@ TERM.
post 1SG.P.
n
advlizer
v 1PL.S:Ø.PFV:Ø.
post
adv
n
DM
pro
inter
n
v
coordconn AND.THEN
advlizer
adv
verbprt
proform
advlizer
n
nomprt
DM
v AR.S:AA.PFV:Ø.
v 1SG.PSR.
v UP. 3SG.S:DH.PFV:Ø.
dir MED.
v PRMB. 1PL.S:INC:Ø.IPV:D.
n
v OUT. INC:AA.IPV:2SG.S:Ø.
v 3PL.S:Ø.IPV:Ø.
proform
nomprt
nomprt
v 3PL.S. N.PFV:Ø.
post 1PL.P.
DM
inter WHY
adv
adj
n 1SG.PSR.
v AR.S:Ø.PFV:Ø.
quant ALL
advlizer
post
dir
nomprt
v 3PL.P. 3PL.S:Ø.IPV:Ø.
nomprt
adv
DM
coordconn
v 3PL.S:Ø.IPV:Ø.
@@@
@@@ PEJ. N.PFV:Ø. 3PL.S:Ø.IPV:L.
dir
adv
coordconn AND.THEN
advlizer
v 3SG.S:DH.PFV:L.
n
dir NTRL.
nomprt
post
v AR.S:Ø.PFV:Ø.
v IT. 1PL.S:DH.PFV:D.
v AR.S:Ø.PFV:Ø.
n
proform
post
n
nprop YAMAAGN.TEESHYAAY
n
nomprt
v CON. INC:QUAL:AA.IPV:2PL.S:H.
v 3SG.S>3SG.P. Ø.IPV:H.
nomprt
@@@
dir NTRL.
DM
post
@@@ 1SG.O.
coordconn
n
coordconn
DM
post
n
post
adv
post
dem
proform
advlizer
v 3SG.S>3SG.O. QUAL:Ø.IPV:H.
v UP. 3SG.S:AA.PFV:Ø.
v 1SG.P. 3SG.S:Ø.IPV:H.
nomprt
v QUAL. OPT:1SG.S:H.
adv TERM. IT. 3PL.S:Ø.IPV:D.
coordconn
n
coordconn
adv
post 1PL.P.
v 3PL.S:DH.PFV:H.
n
adv
dir
mod
n
dir
v 3SG.S:DH.PFV:H.
advlizer
proform
adv
@@@
advlizer
v 3PL.S>3PL.O. I.PFV:Ø.
n
@@@ 3PL.S:DH.PFV:H.
post
@@@
v IT. 1SG.O. 3PL.S. QUAL:DH.PFV:H.
coordconn AND.THEN
adv
adv
coordconn AND.THEN
dir MED.
post 3SG.S>3SG.P.
nomprt
v INDF.PSR. 3SG.S:QUAL:AA.PFV:H.
DM
v 3SG.S:AA.IPV:Ø.
adv
advlizer
n
dem
adv
n
v 3PL.P. 3SG.S:Ø.IPV:H.
n 2SG.PSR.
post
coordconn
v IT. N.PFV:1SG.S:D.
v INTO.FIRE 3SG.S:QUAL:AA.PFV:H.
coordconn
v 3PL.S>3SG.P. QUAL:Ø.IPV:H.
v 3PL.S>3SG.O. INC:AA:IPV:H.
adv
post
DM
post 2SG.P.
advlizer ADVZR
v INSIDE. IMPSL.S:DH.PFV:Ø.
advlizer
advlizer
v 1SG.P. PP. 3PL.S. QUAL:Ø.IPV:Ø.
v
n
v
DM
dir MED.
v 3SG.S:Ø.IPV:Ø.
n GIRL
coordconn
verbprt
adv
v 3PL.P. PP. 3PL.S. 3SG.S:QUAL:DH.PFV:Ø.
v CONT. Ø.PFV:1SG.S:Ø.
pro
v
mod
v 1PL.S:Ø.IPV:Ø.
v AR.S:Ø.PFV:Ø.
coordconn
post
dir
verbprt
dir
nomprt
n
n GIRL
proform
dir
nvp
v PEJ. AR:Ø.PFV:1SG.S:H.
dir NTRL.
v PP. MIND. 3SG.S:QUAL:Ø.PFV:Ø.
v
coordconn
n REFL.PSR.
proform
adv
advlizer
adv
@@@ PRMB. 3PL.S:AA.IPV:D.
v 3SG.S>3SG.O. Ø.IPV:H.
v AA.IPV:2PL.S:Ø.
adv
adv
dir NTRL.
advlizer
n 1SG.PSR.
dir NTRL.
n
adv
verbprt
n 1SG.PSR.
v QUAL:OPT:2SG.S:Ø.
inter
nomprt
n
post
v
v 3PL.S:Ø.IPV:L.
coordconn
v
advlizer
v CON. DH.PFV:1SG.S:Ø.
v TERM. TRAP. 1PL.S:Ø.IPV:Ø.
nomprt
post 3PL.P.
coordconn AND.THEN
dem
@@@ COMPLETELY. QUAL:DH.PFV:H.
inter
v 3SG.PSR.
n
post 1PL.P.
verbprt
nomprt
post 1SG.P.
n
post
@@@
v 3SG.S:QUAL:DH.PFV:H.
n
proform
advlizer
DM
nvp
coordconn
advlizer
proform
v
proform
n 3PL.PSR.
post
v 1SG.P. 3PL.S:Ø.IPV:Ø.
post
n 1SG.PSR.
post
DM
v 3SG.S>3SG.P. Ø.IPV:H.
v 3SG.S:DH.PFV:L.
adv
coordconn
n
v 3PL.S:N.PFV:Ø.
v 1SG.O. QUAL:DH.PFV:H.
v 1PL.S:INC:QUAL:AA.IPV:L.
v PRMB. INC:Ø.IPV:2SG.S:Ø.
n 1PL.PSR.
DM
mod
post 1SG.P.
dir
n
post
coordconn AND.THEN
v Ø.IPV:L.
v INDF:3SG.S:INC. QUAL:DH.PFV:L.
nomprt
n
n
n
v
post
n INDF.PSR.
@@@
advlizer
nomprt
n GIRL
advlizer
@@@ 3PL.S:DH.PFV:H.
post
post
DM
n
n INDF.PSR.
adv
n
v 3PL.S:Ø.IPV:Ø.
n 2SG.P.
v AR.S. QUAL:Ø.IPV:2SG.S:H.
adv
v 3PL.S>3SG.P. Ø.IPV:H.
verbprt
v CONT. 3SG.S:QUAL:Ø.IPV:L.
coordconn
v 3PL.S. INC:DH.PFV:Ø.
adv
quant ALL
mod
DM
@@@
@@@
dir PROX:AR.
cardnum
v IT. 3SG.S>3SG.O. AA.PFV:H.
n
advlizer
v
v 3PL.S>3SG.P. CON:Ø.IPV:Ø.
coordconn AND.THEN
n 2PL.PSR.
n
post
mod
@@@
mod
post 3SG.S>3SG.P.
v 3SG.S:Ø.PFV:Ø.
n
adv
@@@ 3SG.S>3SG.O. QUAL:QUAL:Ø.PFV:Ø.
adv
v AR.S:Ø.IPV:Ø.
advlizer
v SURROUNDING ?. INC:QUAL:AA.IPV:1SG.S:Ø.
post 1PL.P.
v QUAL:Ø.PFV:1SG.S:Ø.
verbprt
post
n
nomprt
v 3PL.S>3SG.P. Ø.IPV:H.
verbprt
v 3SG.P.
coordconn
n 3SG.S>3SG.PSR.
v 3SG.S>3SG.P. Ø.IPV:H.
proform
post
advlizer
proform
adv
proform
advlizer
v 3SG.S:CON:Ø.IPV:Ø.
nomprt
post
n
n
n REFL.PSR.
advlizer
v ACROSS. 3SG.S:AA.IPV:D.
post
coordconn
n 1SG.PSR.
v 3PL.S:QUAL:DH.PFV:L.
DM
DM
post
n
n 3PL.PSR.
n
adv
dir MED.
coordconn
DM
post
post 3PL.S>3SG.P.
v 3SG.S:AA.IPV:Ø.
v 3PL.S:Ø.IPV:L.
v AR.S:DH.PFV:D.
n
n
n
@@@ 1SG.PSR.
v 3SG.S>3SG.P. Ø.IPV:H.
v
@@@ ACROSS. IT. 3SG.S:QUAL:Ø.IPV:L.
adv
inter
n 1SG.P.
adv
advlizer
adv
post
nomprt
post 1SG.P.
v 3SG.S>3SG.P. Ø.IPV:H.
v IT. 3SG.S:Ø.IPV.
adv
adv
advlizer
verbprt
n 3SG.PSR.
post
v AR.S:Ø.PFV:Ø.
quant ALL
post
v 3SG.S>3SG.P. Ø.IPV:H.
advlizer
advlizer ADVZR
advlizer
n 1SG.PSR.
v 3PL.S:QUAL:DH.PFV:L.
n
post
v IT. AR.S:DH.PFV:D.
advlizer
coordconn
v 3SG.S:AA.IPV:Ø.
quant ALL
advlizer
proform
proform
dir NTRL.
dir NTRL.
adv
v
nomprt
coordconn
v
v 3SG.S>3SG.O. QUAL:QUAL:Ø.IPV:Ø.
advlizer
mod
n
n
adv
coordconn AND.THEN
mod
v
proform
post 3PL.S>3PL.P.
nomprt
coordconn AND.THEN
v 3PL.S. QUAL:DH.PFV:L.
advlizer
coordconn
proform
coordconn
post
advlizer
adv
n
adv
proform
post
advlizer
DM
n 1PL.PSR.
v AR.S:Ø.PFV:Ø.
n
advlizer ADVZR
post 3PL.P.
adv
v INDF.O. 3PL.S. CON:Ø.IPV:Ø.
@@@ 3PL.S:QUAL:Ø.IPV:D
dem
adv
quant ALL
v 1PL.S:QUAL:Ø.IPV:L.
n
post 3SG.S>3SG.P.
v 3PL.S>3SG.O.
dir
n
n 1SG.PSR.
v DH.PFV:1SG.S:Ø.
v 3SG.S>3SG.O. INC:DH.PFV:Ø.
v AR.S:Ø.PFV:Ø.
pro
advlizer
nvp
post
v PRMB. 3PL.S. INC:Ø.IPV:H.
@@@ QUAL:Ø.IPV:Ø. QUAL:Ø.IPV:1SG.S:H.
v
v 3SG.S:Ø.IPV:H.
nomprt
DM
n
post
proform
n
n
n
@@@
advlizer
proform
nomprt
post
advlizer
@@@
adv
coordconn AND.THEN
v QUAL. DH.PFV:2PL.S:L.
n REFL.PSR.
v ?. PEJ. 3PL.S:Ø.IPV:D.
adj 3SG.S:NEG.PFV:Ø.
advlizer
post
nomprt
coordconn
v 1PL.S:INC:DH.PFV:H.
@@@
v QUAL. DH.PFV:1SG.S:Ø.
mod
proform
v 3SG.S:AA.IPV:Ø.
n
v 3PL.P. CATCH. 3PL.S. INC:DH.PFV:Ø.
DM
v INSIDE. N.IPV:2PL.S:Ø.
v 3PL.S:Ø.IPV:Ø.
n
coordconn 2SG.P.
proform
v IT. Ø.IPV:1SG.S:L.
post INDF.PSR.
advlizer
post
DM
v IT. 3SG.S:INC:QUAL:DH.PFV:D
adv
v
dir NTRL.
dir NTRL.
v INDF.S. 3SG.S:DH.PFV:Ø.
v 3SG.S>3SG.P. Ø.IPV:H.
v UP. 3SG.S:DH.PFV:Ø.
@@@ 3SG.S:Ø.IPV:Ø.
v AA.IPV:1SG.S:Ø.
advlizer
dir NTRL.
v 3SG.S:OPT:Ø.
post
proform
DM
coordconn
v
post
v PRMB. 1PL.S:INC:AA.IPV:D.
nprop YAMAAGN.TEESHYAAY
v DH.PFV:1SG.S:Ø.
n
post 1SG.P.
adv
adv
v 3SG.S>3SG.O. 3SG.S:QUAL:QUAL:Ø.IPV:Ø.
post
adv
v 3SG.S:OPT:Ø.
coordconn
adv
v 1PL.S:Ø.PFV:Ø.
@@@ 1PL.S:QUAL:DH.PFV:L.
DM
v 3SG.S:Ø.PFV:H.
verbprt
n 1SG.PSR.
v 3SG.S:QUAL:DH.PFV:L.
proform
n
post
adv CARE QUAL:QUAL:Ø.PFV:Ø.
proform
v ?. Ø.IPV:2SG.S:D.
dir
v DH.PFV:1SG.S:Ø.
adv
v 3SG.S:QUAL:QUAL:Ø.IPV:Ø.
adv
n
v TERM. INDF.S:QUAL:DH.PFV:L.
advlizer ADVZR
v UP. 3SG.S:DH.PFV:Ø.
v
proform
interj
n 3SG.PSR.
mod
advlizer ADVZR
dir
@@@
advlizer
@@@
v QUAL:NEG.PFV:1SG.S:L.
advlizer
DM
v 3SG.S:INC:Ø.IPV:Ø
advlizer
v 1SG.O. 3SG.S:QUAL:Ø.IPV:H.
v 3PL.S>3SG.P. 3SG.S:INC:Ø.IPV:L.
n
nomprt
coordconn
n
n
v
v
@@@
v AR.O. QUAL:Ø.IPV:1SG.S:H.
n
post 3SG.S>3SG.P.
coordconn AND.THEN
post
n
adv
v 3PL.S:Ø.PFV:Ø.
n
post
v PRMB. WEAPON. INDF.O:3PL.S. INC:Ø.IPV:Ø.
@@@
advlizer
n
v 3SG.S:QUAL:Ø.PFV:Ø.
v UP. 3SG.S:AA.PFV:Ø.
v 3PL.S:DH.PFV:Ø.
n
pro
dir MED.
n
v OUT. 3SG.S:QUAL:Ø.IPV:H.
advlizer
post
verbprt
post 1PL.P.
v ?. PP. 1PL.S:NEG.PFV:D.
n 1SG.PSR.
post
dir NTRL.
n
v AR.S:Ø.PFV:Ø.
n
advlizer
n
n GIRL
DM
post
adv
v 3SG.S>3SG.P. 3SG.S:Ø.IPV:H.
@@@ 3PL.P.
coordconn AND.THEN
v 3PL.S>3SG.O. CON. 3PL.S:QUAL:Ø.IPV:H.
post REFL.P.
v PP. 1PL.S:NEG.PFV:D.
advlizer
adv INDF.O. QUAL:DH.PFV:2SG.S:H.
v 3SG.S:Ø.PFV:Ø.
cardnum
n
n
post
post
advlizer
DM
advlizer
@@@ ON.TRAIL. Ø.IPV:2PL.S:Ø.
n
n
nomprt
v 3PL.P. PP. 3SG.S:QUAL:DH.PFV:Ø.
coordconn
dir
coordconn
dir MED.
coordconn
@@@ 2PL.PSR.
n
v
DM
v 3SG.S>3SG.P. Ø.IPV:H.
adv
coordconn
coordconn
post
adv
post 3SG.P.
n 3PL.S.
interj
proform
n 2SG.PSR.
@@@ ADJC.
advlizer
v 1SG.PSR.
v OPT:2SG.S:Ø.
v CONT. DSTR. INDF.O. 1PL.S:Ø.IPV:Ø.
v 1SG.PSR.
n
nomprt
v OPT:2SG.S:Ø.
nvp 3SG.O.
post
post
v IT. 3SG.S:AA.IPV:D.
DM
v 1PL.P. PP. AR.S:DH.PFV:Ø.
n
adv
post
coordconn
n
nomprt
inter
v INTO.WATER. N.PFV:Ø.
n
v CONT. QUAL:OPT:1SG.S:L.
dir PROX. AR.
quant ALL
@@@ 3PL.P.
v PRMB.
@@@
coordconn
v 3SG.S:QUAL:Ø.PFV:Ø.
post
v TIRED. 3SG.S:AA.PFV:D.
advlizer ADVZR
advlizer ADVZR
n
quant ALL
v 2SG.P. QUAL:Ø.IPV:1SG.S:Ø.
DM
adv
v AA.IPV:2PL.S:Ø.
n
post 3SG.P.
adv
nomprt
@@@
dir
n 1PL.PSR.
v 3SG.S>3SG.P. Ø.IPV:H.
coordconn
v 3PL.S:QUAL:DH.PFV:Ø.
advlizer
DM
nomprt
post
post
dir AR. PROX.
v 1PL.S:Ø.PFV:Ø.
post
v 3SG.S:Ø.PFV:H.
post
v PRMB. 3PL.S:INC:Ø.IPV:Ø.
coordconn
@@@ INC:AA.IPV:1SG.S:Ø.
@@@
post
mod
v DH.PFV:1SG.S:H.
v INTO.FIRE 3PL.S>3SG.P. QUAL:AA.PFV:H.
post 1PL.P.
post
post
n
@@@ 3PL.P.
@@@
post
n 1SG.PSR.
inter
n
@@@ NTRL.
v OUT. 1PL.S:AA.PFV:Ø.
adv
n
adv
advlizer
v MOUTH INC:QUAL:AA.IPV:1SG.S:L.
@@@ AND
nomprt
adv
coordconn
adv
adv
v TERM. 3PL.S:N.PFV:Ø.
@@@
dem
n WATER.
v 3SG.S:QUAL:DH.PFV:L.
mod
v 1SG.O. QUAL:DH.PFV:2SG.S:H.
@@@
n
coordconn
n GIRL
@@@ 1SG.PSR.
n
v 3SG.S:DH.PFV:H.
DM
advlizer
v IT. 3PL.S. QUAL:AA.IPV:D.
advlizer
post
adv
post
v 1SG.P. 3PL.S:Ø.IPV:Ø.
post
coordconn AND.THEN
v BAD. MIND. 3SG.S:NEG.PFV:L.
@@@ INC:AA.IPV:Ø.
n REFL.PSR.
nvp 3SG.O.
adv
v
v 3PL.P. 3SG.S:Ø.IPV:H.
nomprt
coordconn
post
v 1PL.S. AA.PFV:1SG.S:Ø.
nvp
n INDF:3SG.S:INC.
interj
adv
v ?. 3SG.S:QUAL:Ø.IPV:H.
n
v AR.S. QUAL:DH.PFV:Ø.
advlizer
proform
n
nvp 3SG.O.
advlizer
dir ADJC. NTRL.
post RECP.P.
n
n
proform
v 3SG.S>3SG.P. Ø.IPV:H.
v
advlizer
adv
n 1PL.PSR.
n
DM
v CONT. 3SG.S:QUAL:Ø.IPV:L.
n INDF.PSR. 3SG.S:AA.IPV:Ø.
nomprt
advlizer
dir NTRL.
adv
nomprt
adv
advlizer
post
post 3SG.P.
v QUAL:AA.IPV:1SG.S:H.
coordconn
dir
nomprt
coordconn
v INDF.PSR.
nomprt
n
coordconn
dir PROX.
dir NTRL.
v TERM. IT. N.PFV:2PL.S:D.
proform
n
nomprt
DM
@@@ REFL.PSR.
DM
coordconn
coordconn
coordconn AND.THEN
adv
v 3PL.S>3SG.P. 3SG.S:Ø.IPV:H.
v
coordconn
v
advlizer
n
coordconn
n 3SG.PSR.
n REFL.PSR.
v
dir NTRL.
v
n
adv
n
post
proform
@@@
DM
adv
n
post
post
v 3PL.S:Ø.IPV:Ø.
v 3SG.S:QUAL:DH.PFV:L.
adv
v 3SG.S>3SG.O. CON:AA.PFV:Ø.
coordconn
post 3SG.S>3SG.P.
DM
v 3SG.S>3SG.O. Ø.IPV:L.
coordconn
DM
n INDF.PSR.
proform
inter
n 1PL.PSR.
n 3SG.S>3SG.PSR.
v 3PL.P. 3SG.S:Ø.IPV:H.
coordconn
n 1SG.PSR.
coordconn AND.THEN
n
coordconn
@@@ MED.
proform
adv
n
coordconn
v 3PL.S:QUAL:DH.PFV:L.
post
proform
@@@ 1PL.P.
@@@
advlizer
n 1SG.PSR.
v OUT. 3PL.S:Ø.IPV:Ø.
proform
@@@ 3PL.S.
@@@ 3SG.S>3SG.O. QUAL:QUAL:Ø.PFV:Ø.
post
DM
v TERM. 3PL.S:N.PFV:Ø.
v ACROSS. 3SG.S:N.PFV:Ø.
advlizer
DM
adv
advlizer
v OUT. 3SG.S:Ø.IPV:Ø.
coordconn
post
n
v PP. INC. QUAL:AA.IPV:2PL.S:Ø.
v 3SG.S>3SG.P. Ø.IPV:H.
@@@ 1PL.S. CON. QUAL:Ø.IPV:H.
adv
advlizer
v 3SG.S>3SG.P. Ø.IPV:H.
adv
n
n
coordconn
coordconn
post
coordconn AND.THEN
inter
n
n
post
advlizer
n 3PL.PSR.
advlizer
v 1SG.P. PP. QUAL:OPT:2SG.S:L.
mod
n
post 1SG.P.
v AR.S:Ø.PFV:Ø.
post 2SG.PSR.
n
v DANCE. 3PL.S:Ø.IPV:L.
v TERM. 3PL.S:N.PFV:Ø.
n REFL.PSR.
n
post
post
v INDF.O:3PL.S. INC. QUAL:AA.IPV:L.
n 1SG.PSR.
post
n 3SG.PSR.
n
n
DM
n
post
@@@ NTRL.
dir NTRL.
post
DM
n
advlizer
proform
v 3SG.S>3SG.P. Ø.IPV:H.
dir NTRL.
advlizer
v CONT. 3PL.S:Ø.IPV:Ø.
DM
n
@@@
@@@ 3PL.P.
n
advlizer
n
inter
n GIRL
v AR.S. INC:DH.PFV:Ø.
coordconn
post
dir NTRL.
n
post
coordconn
proform
dir PROX.
proform
coordconn
@@@
advlizer
n
n 2SG.PSR.
v 3SG.S:INC:AA.IPV:Ø.
n INDF.PSR.
v PRMB. CON. INC:QUAL:AA.IPV:2PL.S:H.
n REFL.PSR.
advlizer
advlizer
nomprt
n
advlizer
n
n GIRL
adv
post 1PL.P.
interj
cardnum
DM
dem
n
n
v 3PL.P. 3PL.S:Ø.IPV:Ø.
advlizer
adv
post
proform
n
v 1PL.P. TO. 3SG.S>3SG.O. INC:AA:IPV:H.
post
DM
advlizer
post
nvp
advlizer
advlizer
adv
advlizer
proform
v 3PL.S>3SG.P. Ø.IPV:H.
n
n
v CONT. 1PL.S. QUAL:Ø.IPV:L.
proform
v UP. 3PL.S. QUAL:Ø.IPV:Ø.
adv
advlizer
v
n
adv
v ?. PEJ. 3PL.S:Ø.IPV:D.
n
n REFL.PSR.
post 2PL.P.
n
v QUAL:Ø.IPV:2SG.S:Ø.
coordconn
n 1SG.PSR.
post
n
nomprt
proform
nvp 3SG.O.
v 3PL.P. 3SG.S:Ø.IPV:H.
adv
@@@ REFL.PSR.
verbprt
dir NTRL.
v 3SG.S>3SG.P. Ø.IPV:H.
coordconn
coordconn
n
post 3SG.S>3SG.P.
n
coordconn
v
advlizer
nomprt
post 1PL.P.
mod
advlizer ADVZR
post
coordconn AND.THEN
cardnum
post
n
n 1SG.PSR.
v 3PL.S>AR.O:AA.PFV:Ø.
n
n SHELTER
post 3SG.P.
v 1SG.P. 3SG.S:Ø.IPV:H.
post 1SG.P.
v
advlizer ADVZR
n
DM
v 3SG.S:QUAL:AA.PFV.
mod
dir NTRL.
n
DM
proform
n
nomprt
adv
inter
adv THERE
mod
DM
coordconn
v UP. IT. 3SG.S:QUAL:AA.IPV:Ø.
interj
adv
dir NTRL.
proform
v CONT. 3PL.S:Ø.IPV:Ø. QUAL:Ø.IPV:L.
v AR.S. QUAL:Ø.IPV:1SG.S:H.
advlizer
v 3PL.S:NEG.PFV:Ø.
@@@
adv
@@@
n
v UP. 3SG.S:AA.PFV:H.
mod
coordconn
post 2PL.P.
n 1SG.PSR.
proform
inter
post
n 3SG.S>3SG.P.
v AA.IPV:1SG.S:Ø.
verbprt
v 3SG.S:INC:Ø.IPV:Ø
v QUAL:Ø.IPV:2PL.S:Ø.
v
advlizer
v AWAY. IT. 3PL.S:Ø.IPV:D.
v AWAY. IT. 3PL.S:Ø.IPV:D.
v QUAL:Ø.IPV:1SG.S:Ø.
post
adv
n 3PL.PSR.
adv
@@@ 1PL.P.
coordconn AND.THEN
v QUAL:Ø.PFV:1SG.S:Ø.
v 1PL.S:Ø.IPV:Ø.
verbprt
@@@ NTRL.
v 3SG.S:Ø.PFV:Ø.
advlizer
v
v IT. QUAL:Ø.PFV:Ø.