i̱-
áha̱ttalih
o̱t
katah
yakni
-ma
ona -hma̱
akínih
ittanówa
okla
ásh
chihosh
yeah
o̱t
pí
to̱ksali -h
achokmahnih -li -h.mat
i̱-
-ma
anáto
katík
il-
pí
pisa -kmat
a̱ ki
náhollo
a̱t
mat
-kat
katihchikásh
pí
a̱
garden
alítok
yohmi -t
makosh
tah
á
a̱tta -li -h
-kato
hikít
assanóchi
hapi̱-
tayyahat
yohmi
akostini̱chi -li
nákiya
hihátoko̱
foha -ttók -o̱
banna -h
alálihma̱
-ma
lha̱kko -t
himaka̱
yohmihosh
were
ashwa -h
truck
il-
ná
a̱ ki
i̱-
basówa
ish-
kanitchi -sh
mi̱ti
ohmi -h
yohmi -h
chafo
kanimmish
i̱-
okmanána
aha̱shwa -kma̱
á
ittonáchi -hma̱
m -ako̱
ittiwáya -hmat
momma
alhlhihósh
sha̱hli
m -ako̱
hokako̱
kiyo
a̱ya -t
hikako̱
anóti
kaníya -tok
anóti
-ato
o
i
ábachi -h
mihchán
kano
oh
fámakatok
hihma
a̱tokobih
il-
ano̱poli -h
hashkilli
abiyat
kelly
óti -h
okla
hapi
kanohmi -ttók
átoka̱
tuscola
kaními
yamm -ako̱
pit
o̱t
sabbak
nátah
ma̱ya -t
-ma
pa̱
mi̱hchísh
at
am
in
í-
a̱
pa̱
yóhmi
am- ábachi -h
anokfilli -t
hihma
m -ako̱
okla
-ma
hapishno -ato
i̱-
miya
bilásapi
ti.chanalli
anáto
barbara
ishit
anóti
hokchi -h
nána
másh
am
mihchi -h
-ano
anót
ik-
acho̱li -h
issa -ttók
yakni
-ho̱
oka
taha -kma̱
-ho̱
pí
pine
mary
pí
-bíka -tok
hihma
kiyo
hóyánah
mihchi -li -kmat
hashkilli
mommat
hihma
hiyátoko̱
chá
iya -kato
chahta
cucumber
ikkánosh
ta̱chi
anokfilla
hi -hma̱
il-
tanána
á -tok -ma̱
iya -hma̱
pish
makáykatok
delta
a̱ya -li -h
hash-
garden
ma̱ya -h
chishnáto
okmanána
yoppa
ok
mm~hmm
hína
-ka̱
mihchi -li -h
áy
okl í-
patát
áha̱ttalih
ábachi -h
ishí -li -tok
hoyyokma̱
táyyahma̱
okla
hospital
chahta
pí
am- ihaksi
anóti
ish-
am
hikma̱
-bíka -tok
pak
hiyoka̱
am
t
ná
o̱t
uh
hi
hihátoko̱
basket
pa -ako̱
wáya -h
-ak
nána
afammi
ish- pa -kma̱
issabáyaskachih
iya -h
okla
ma̱ya -h
a̱sha
mat
a̱
at
hokma̱
im-
yakómikako̱
july
ano̱ti
í-
anakmakó
hihátoko̱
taklaka̱
dress
iskool
hihma
láwa
m -ako̱
mítilitók
kíyo
ikbi -t
allat
a̱ ki
secretary
ano̱ti
ohíyo
hitok -ósh
itti̱hollo -h
pí
i̱pa -h
mat
pishno -áki̱ -t
o̱t
tahánóka̱
á- mi̱ti
yót
to̱ksali
ka̱chi -li -ttók
a̱yatósh
ho̱t
-ma -k
ikhana
amahwa
ayyásha -h
aha̱tta -h
ahwa -h
-ho̱
-ma
o̱t
achokma -h
garden
-ma
akka
tahli -li -h
mm~hmm
il-
ikkaná -li -hma̱
konih
yómikak
fokka -ttók
o̱t
ilhkóli
mihchi -hósh
chishnáto
a̱killit
-ma
maka̱
-bíka -tok
achokma -h
chishnáto
ikbi -li -h
ná
pí
ána
a̱t
chokkówato
farm
-ma
nakfish
-ka̱
iti
patálikma̱
yohmikano
banna -kma̱
chibbak
ohíyo̱
alhtáhakma̱
honnána
im-
alla
kíyottóko̱
hi -hma̱
a̱ttalitoka̱
katimma -k
maká -tok -o̱
á -tok -ma̱
sonny
yakni
mm~hmm
hót
-kiya
kotcha
nána
pit
á -li -h
yót
ak-
then
fokkáli -ka̱
hoyá
kiyo
yót
hikít
mm~hmm
pí
a̱ya -li -h
itto̱no
at
osápa
alla
mihchittók
hicha
siyoshítik
pí
uh
shikalla
chaffa
designa
il-
hash-
chátok
kiyo
i̱- ki -t
násh
áchih
osápa
am
afammi
ilhkoláhí
tokosh
yohmánáh
mítilitokat
pa̱
-ma
-kato
atok
faláma -t
il-
ishit
á -ttók
mitaffi
achokma
-kiya
itt- ittapíha -toko̱
kíyoh
nátah
iti
-ho̱
i̱-
okla
aki̱
oh
hi -hma̱
a̱lhi
then
á to̱ksalí -chi -sh
hokchi -t
naksika
o̱t
-ma
to̱ksálitok
i̱-
nácho̱lih
ano̱ti
um
akínih
afammi
kanómi
chokwa -hmat
nátah
achíba
hi -hma̱
il-
sassanót
a̱lhi
táhat.iya -kat
time
yo̱ka
ish-
im-
um
ta̱chi
lha̱kko -t
ki̱sha
momma
á -tok -o̱
at
hash-
ayínah
-ak
banna -kma̱
mihchi -h
am
pí
á -tok -o̱
sixth
ikkanali
si̱tít
chokka
ish-
mano
-ma
faláma
m -ako̱
sixth
kasha̱blik
ahni -li -h
ik-
a̱lhi
o̱t
dorothy
i̱hiyohchi
ásh
kiyo -kásh
-kat
hóyo -h
i
hapishno -ato
kiyo
hót
hiyókakósh
hi -hma̱
hashki
achokma -ána
ona
katohmih
-ma
mat
ahni -t
akínih
wiháchi -t
-hósh
a̱lhlhi
anáto
ninaka̱
yohmi
ahni -li -h
nátah -o̱
yohmi -h
a̱
pí
chi̱
achokma
ish-
pila -toko̱
ish-
to̱ksali -sh
sápa
makmásh
-akíni -kásh
onáchikih
akíni
ishit
mi̱ti -h
himaka̱
taha
ilayyoka̱
itto̱natoko̱
standing
hokchi -ttók -o̱
átósh
taha
-bíka -tok -o̱
iti
ish-
pí
náhollo
ish-
ápitta -t
okpolo
hikma̱
akostini̱chi -li
illah
katikako̱
kanohmih
hah
ano̱pol -ána -ttók
hitoko̱
hikma
okl í-
ittanoho̱wah
aha̱chih
mihchi -h
a̱yalikattók
iyakáyyahmano
anáto
kanohmi -tok -ka̱
ish-
siyo̱si
yohmi -h
chohmi
himáka̱
achit
áha̱ttalih
yohmi
a̱shwa
máyyaka̱
hokma̱
chahta
kano
pí
-kato
oka
alá -li -ttók
himakano
-ka̱
issa -hma̱
chim
iyyikowa
wíha -t
ish-
mamat
makillattók
then
ma̱ya -h
kiyo
job
kiyo
il-
yohmi -h
chibbak
pakíniho̱
ittanówa -ttók -o̱
oh
-ka̱
tayyáhakmano
palammi -h
mitaffi
iya -h
-ma -k
-kat
a̱tta -li -h
the
to̱ksalí -chi -h
makáchi -h
ittahobli -t
mo̱t
awah
pí
basówa -chi -t
-chámo
osápa
hikkiki̱ya -h
hokchi -ttók -o̱
chahta.imma
taposhshik
kanímikat
faláyat
yoppa
chi-
nátah
-kat
yohmi -h
okla
-kato
átokósh
an -akínih
yohmi
-ako̱
náhollo
-ma
o̱t
okl í-
ish-
iksho -hma̱
a̱ i̱tík
pí
móma
oshta
a̱ ki
il-
barb
osápa
mihchichi -h
alhíha
awashli
chahta
il-
biníni̱t
-ho̱
á -h -ókakósh
hikmat
ikbi
ikkanah
o̱t
afammi
tomatoes
pa̱
tobáchi
peas
náhollo
fokka
-ato
ího
átokó
a̱shatósh
-kat
á -ha̱ -chi -h
nácho̱lána
at
á
ásha -hma̱
alitok
lawa -h
kiyo
náhollo
yakih
pa̱
i
o̱t
iti
ish-
-ma -k
imma
alhihma̱
ishko -h
osápa
banna -kma̱
faláma -t
kí
á siy- alhpówah
yako̱kako̱
yohmáhíkiyoh
hoyóláchi̱
píhi̱sa -li -kmat
ilayyoka̱
pa -ako̱
-ak
makmáko̱
ohóyo
í-
ahwa -h
hi -hma̱
áchínikma̱
hi -hma̱
o
m -ako̱
faláma -t
náhollósh
á -tok -o̱
palammi -h
kiyo
ikbánaho̱
huh
mi̱ti -hma̱
náhollo
kiyo̱
il-
stokes
sa-
bók
afammi
ma̱ya -ttók
hikásh
makosh
siy- á -chi -h
nánaho̱
mmm
mm~hmm
ha
pa̱
uh
chaffa
toba
chaffa
ittiwáya -hmat
áhopóni
spillway
im-
í-
í-
achokma -h
name
yohmi -ka̱
iyakáyyahmano
oka
wíha -t
-ho̱
okla
náhollo
il-
alla
yo̱ka
apísa̱chi
ála -hma̱
hicha
á
a̱ya -t
i̱- ki
ti.chanalli
change
am
yoppa
makáha̱yah
am
kaníya
imakmanána
kiyo
hopáki
hihátoko̱
nána
m -ako̱
makáykatok
tahli -kmat
kiyo̱
nánikíyaki̱nih
hicha
alhpisa
hash-
okmash
chishnáto
álitoko̱
o̱t
i̱-
hi -hma̱
fokka
hilíchittók
ish-
ná
kanikma̱
ish-
hospital
áy
-ma
ámiyaksi
store
abíya -t
áy ohmi
hash-
sista
míhi̱tihma̱
kiyo̱
anóti
sasso
kíyoh
-ma
oshta -kma̱
ano̱poli
skool
ha
kanit
fokkáli -ka̱
í-
alhíha
áha̱ttatokako̱
clean
áchi -li -h
to̱ksali -t
hachim-
íshi -li -sh
ásh
falámowat
átokás
a̱ ki
ikkána -t
taposhshik
k
hospital
hopákino
nátah
a̱
makmako
ishit
hihkatok
kani -ma
iya -t
toklah
hokakósh
himakano
chishnáto
ittanoho̱wah
talóha
-ak
tahli -li -ttók
am
ish-
alla
ayyówána
oná -li -ttók
mihchi -li -h
mihchánahnih
yimmih
okla
katit
uh~huh
náhollo
a̱ -li
ruth
ámottók
hi -hma̱
jackson
kanimmish
ok
anóti
-tok -cha
il-
ayyásha
kíyo
yohmi -h
hachi̱tto̱lah
yoppa
anóli -h
ish-
iyáchi̱h
ála -li -h
patálih
living
mm~hmm
bók.chito
grandma
anóti
á -bíka -ttók
-ka̱
kil
july
east
-ano
mat
ilhkóli -h
illi -ttók
m -ako̱
o̱t
yoppa
truck
apíla -h
a̱ ki
hót
hikásh
hapishnák
hiki̱ya
náhollo
chíkosassiya
toba -h
aha̱tta -li
okl í-
-ka̱
kaníyómikat
yohmi -h
mihchi -t
hi -hma̱
hittókakósh
-ma
alhtobakma
uh
-ya̱
to
atta
yohmi -h
mi̱ti -hma̱
-chámo
mihchi -tok -o̱
himakano
issa -tok
uh
anokfilla
il-
nittak
siyoshi
i̱-
yohmikatok
hashki
kiyo
mingo
hospitala̱
ruth
hihma
kotcha
okla
á -tok -ma̱
barb
mihchánahnih
ohóyo
i̱-
wák
a̱sha
holisso
at
yo̱kásh
wák
tokwikílih
oh
-ka̱
river
kiyo
a̱lhi
hik
kiyo̱
ná
mo̱ma
ish-
ittiápishi
to̱ksalí -chi
ilahbi
paki̱lish
mash
ninak
a̱shwa
hi -hma̱
hapim-
a̱sha
táha -hma̱
-ma
earl
iksho
il-
osápa -no
sápa
pa̱
pa̱
im-
akínittók
hapim-
ish-
-ano
cumberland
ish-
a̱ya -t
yohmi -ka̱
malhlhih
chokka
nanih
ná
náhollo
i̱-
yimmih
hikato
mm~hmm
a̱
il-
á -ttók
kanohmih
am
willis
ná
kiyo
uh
ná
hapim-
pishokchi
yakómika̱
sa- shki
tahahtók
okattola -ttók
anásh
ná
fokka.lo̱bo
ít
ona -hma̱
sonny
pí
then
pí
mihchi
chokkwálitok
ttók
haksichi -h
-ak
áyamolánatok
-ka̱
okla
at
ná
nán
á -ttók
iya -tok
kiyo
pí
okfowátat
aunt
illi -to
hihma
ilhkóli
yakni
il-
anóti
tanna
yamma̱
k
okla
a̱yalishtók
himónna
ha
mike
-ma
hikakósh
chokkwa
-ma
alálih
pí
pí
hikít
hicha
taha -kma̱
hokli -h
li
kelly
ahóchi -li -tok
nána
yohmikásh
m -ako̱
-ato
anóti
-ato
mako
shikalla
íyattók
álihma̱
ná
wáya -h
-ato
oklil
okla
il-
am
il-
ano̱ti
yohmi -sh
iya -h
mihchi
-kat
kómotat
dress
óka̱
kanaho̱
-m -ato
hika
hátósh
il-
mihchi -li -h
ná
ná
il-
pí
kil
allat
yo̱kat
háto̱
nána
a̱tta -li -h
olbal
nátah
bali̱t
kanitchi -sh
achokma
jake
mako
a̱ ki
bannakma
ary
ano̱ti
tohchína
hapi
-bíka -tok
tokósh
i̱-
chishnáto
okl í-
omminnah
sánnah
anóti
chokkówato
-ma
il-
patálikma̱
a̱ya -li -ttók
mat
á siy- alhpówah -ttók
a̱yakat
oh
chokka
mihchili
má
pih
hash-
hikma̱
il-
okla
e
a̱
il-
achonnáchi -ttók
-ak
anáto
hikako̱
hopákino
il-
hóyo -hma̱
il-
pí
ik-
hash-
a̱sha
a̱ya -h
hash-
mo̱ma
a̱ i̱tík
ato̱litok
hót
hash-
man okl í- haklo kih
afammi
imma
yammat
maká -kma̱
chishnáto
móma
oshi
shilosh
shawwa
imma
aláchikih
ish-
how
nanih
ha
december
á
hopáki
náhollo
ishko -t
-kásh
binohmát
oklísht
-kiya
anót
okla
siy- á -h
courses
áy
i̱-
hiná
apísa -kma̱
-ma -k
hi̱lah
-ma
mihchíh
-ak
chíkosi.alhlhi.ka̱
áha̱yalih
a̱ ki
flat
hannáli -h
ish-
pí
mihchánattók
im-
tahli -kma̱
hitoko̱
hikkíya -li -h
náhollo
yohmi -ka̱
áchih
ahwa =tok
ano̱t
-ma
á -ttók
-m -ato
iya -ttók
a̱ya -li -tok
-ano
okla
násh
í-
oklil
aba.talóli
ta̱chi
á -tok -ma̱
ayyásha -h
sanna
ála -hma̱
uh
shawwa
fokka
pishnáto
an -akíni -hosh
pat
hi
iyá -li -h
tahahmat
mike
taposhshik
anóti
í-
a
bináchi -h
hikít
illi
okla
mano
ikka̱na -li -h
-kiya
ish-
kíyo
il-
amo
am- achokma -h
áha̱ttalih
pine
alá -li -tok
ómmi -kma̱
ok
mihchi
il-
pinnah
aho̱
bók
-ma
á -kma̱
hi
náhollo
yammano
hill
mm~hmm
kano
yohmi -h
á -ttók
uh
uh
okla
lawa
ikhánakako̱
kanohmo̱násh
kanitchi -sh
áyo̱ba
willis
nánaho̱
okla
alhlhi
yohmi -kma̱
il-
yohmi -tok -o̱
thomas
ilhkólitokma̱
hashki
yohmi
-kat
-ak
a̱lhi
ilhkólottóko̱
ikka̱na -li -h
á
-ma
a̱
issalittók
makáchi -hma̱
hokakósh
i̱la
á -kma̱
maká -ha̱ -chi -h
rent
car
hikít.iyá -li -h
i̱la
áchi -l -áchi̱ -h
ahni -li -kmat
ít
apílali
yóhmi
tali
lhiláffa
á -kma̱
ta̱chi
nówa -tok -o̱
m -ako̱
to
ahóbat
il-
am
pit
yohmi
ána
áchi -li -h
katah
kiyo -t
taha
hika
-ka̱
il-
nakni
-ma
pa̱
-ma
chahta.imma
head
-ka̱
-ka̱
acho̱li
store
áy- ikhaná -li
yohmi
achokma -h
kiyo
-ma -k
ninak
to̱ksalí -l -íchi̱ -kmat
to̱ksali -ttók
-ka̱
iya
í-
nána
iya
okla
pit
á -tok -o̱
choctaw
átokósh
tanówahíkiyoh
chá
ta̱klit
iláp
ohóyo
bát
okla
shóbih
o̱t
ma̱ya -h
biyásha
mihchi -t
tókalhlhi
ittatoklot
ta̱chi
lhipolli
osápa
bus
sáp
osápa
to̱ksalí -li
mihchi
yohmihchi
okla
í-
oh
okl í-
ani -t
ho
áfíhna
pa̱
a̱ya -li -h
uh
chá
hitok -ósh
ilhkóli -h
shahwa
aha̱chih
anóti
anno̱pa
a̱ya -h
ikkanah
ámi̱tikakósh
kiyo̱
itti̱falammi -ttók
á
si̱ti
like
ásha -kma̱
alhíha -t
anáto
istayyópi
anóti
ruth
okl í-
o̱t
-ak
apílali
uh
hikma̱
i̱-
ít
tatot
okla
ayyashah
ahni -h
ohíyo
hapí
ohóyo
mómah
iskitíni -ka̱
ruth
lawa
kanómi -kma̱
yamm -ako̱
o̱t
sa-
shóli -h
-ma
pisa -ttók
chokánit
nátah
alhlhihósh
yókato
náhollo
chohmi
o̱t
aha̱yah
yohmi
fokáli -tok
tóko̱
achokma -ána
anokfillilihmat
il-
okla.áyásha
tanáchi̱
uh~huh
tahálih
o̱t
istayyopi
ná
m -ako̱
banna -h
pallammitok
himaka
ilhkóli -tok
kano
kiyo
okl í-
áchi -li -h
nátah -o̱
a̱ ki
ish- pa -kma̱
ittika̱chi -ttók
á
banna -h
mihchittók
-ka̱
ímottókmat
biníli
ish-
okla
kanohmi
retire
hikakósh
uh
pleasant
yohmik
makmako̱
afammi
sa-
á -kma̱
chi̱- ki
mash
kíyotok
-akósh
nonáchi
yakohmi
hátokma̱
time
akkíya -t
makáchi -h
ano̱pol -áhí kiyo
ábáha̱chi
hikata̱lhih
a̱ ki
secretarial
nána
iya -h
a̱ ki
afammi
cucumber
a̱tta -li -h
basket
lawa
store
job
housekeeping
-kásh
náhollo
nána
iyatokmat
siy- á -h
ammona -kano
afammi
i̱-
lawa
ítohchi̱na
tomatoes
pihlichit
anáto
anáto
nówa -tok -o̱
ola
in
alla
holisso.ápisa
yohmima̱
át
hiná
il-
tohchína
miya
pa̱
kíyoh
-ma
m -ako̱
á -tok -o̱
ayínah
beadwork
átokósh
hi -hma̱
chá
hókato
freeze
kiyo -t
pí
tahli -hma̱
tayyahalih
shawwat
to̱ksali -t
ápat
hi -hma̱
m -ako̱
hi
toba -h
ashwa -h
anóti
kiyo
uh
-ano
pisa
hikíya -t
himakano
mm~hmm
áyyáshakma̱
siy- ahni
hapishno -ato
illi -ttók
hi -hma̱
hannáli -h
flat
oh
ittónah
hi
pa̱
yo̱kat
yohmi -h
á chito -kmat
il-
ikbillihosh
hopóni -t
-ho̱
a -ttók
tahli -h
ik-
ikka̱na -li -h
okla
a̱t
bíkatók
hokmanánásh
an -akíni -hosh
am- ábachi -ho̱
okla
okla
afammi
kano
pí
okl í-
has- sam-
kan ásh
o̱t
yakni
tokbá
towwih
kiyo
ok
am
-ma -k
hátokma̱
-ma
taha
choctaw
m -ako̱
hikma̱
hoyo -t
uh
kati -k
óna -hma̱
hokako̱
-chámo
hókih
hiná
alla
í-
im-
banna -h
kaníkano
tanána
á -tok -o̱
miya
míhchish
-ma
okla
-ka̱
ayínah
ma̱ttalitoka̱
takkon
shokshi
híkiyoh
miya
waiya
ábachi -h
á -chi -li -kma̱
okla
yamma̱
pí
kíyo
táha -h
is
himmaka̱
áha̱ttalih
tahlitokósh
a̱ya -li -h
m -ako̱
híka
peaches
ikkana
-m -ato
barb
míhi̱tihma̱
hi -hma̱
nána
nánakma̱
hi -hma̱
pí
himak
brick
o̱t
anót
il-
march
yo̱
bók
central
il-
a -ttók
ikkanali
ahni -li -h
night
a
áha̱ttalih
hikít
chokkwálitok
ok
achokma -h
illi
hikato
tahlicha
kíyo
a̱
bus
akínikattók
olbal
oka
nineteen
nokówa -h
-bíka -tok -o̱
tomatoes
uh
tamóha -t
okla
na
i̱- hi̱li -h
bók
-ano
hi -hma̱
mítilitók
mako
hihátoko̱
himak
-m -ato
yót
á -tok -o̱
pí
ittanówa -tósh
oka
wáya
-kato
il-
to̱ksalí -li
osápa
hiyohchih
-ano
ato̱bbi -hma̱
tók
áha̱ttah
hihmat
hitoko̱
ma̱ya -ttók
huh
chilokka -t
-ato
yómika̱
achokma
-ka̱
i̱-
illi
okla
o̱t
nokówa
nátah
iya -ttók
nánohmiyo̱
pí
ná
a̱ ki
nána
kiyo
tahli -li -sh
illah
náhollo
illít
ano̱póli
-akósh
uh~huh
kiyo
ayyashah
hika
paki̱lish
hót
anót
ittanówa -h
a̱
katímina
faláma -t
tana -h
pí
ishlakma̱
toko̱
móma
okattola -ttók
il-
okla
mat
uh~huh
ittanówa -h
a̱
anóti
yohmi -h
freezer
pí
sa-
tokma̱
banna -h
ka̱ha
ayyashah
holisso
nánih
m -ako̱
ano̱ti
hiyáto̱
nánakat
-akósh
hikít
yohmi
ruth
makillattók
hihátoko̱
illi
uh~huh
chokánit
at
il-
í-
-ma
mihchi -t
hicha
-ak
-ka̱
mm~hmm
iyáchi̱tokáchíni
-ma
hátokósh
-bíka -tok
ayyashah
malhlhih
kiyo
okla
pí
mat
ishi -h
-ho̱
kiyo̱
ish-
momma
im-
okla
hochífo
ish-
m -ako̱
yohmi
yo̱
oski
-ato
ish-
ábachi -h
iskali
ná
-ato
malhlhih
aki̱ni -h
pa̱
faláma -t
yoppa
-kato
iyá -li -tok -o̱
áhínah
okla
hokma̱
biníli
tanaho̱wa
mr
nittak
afammi
-ka̱
pí
hi
hikma̱
yohmi -h
ilhkólitokma̱
akínih
mat
ikka̱na
himakano
ilokka
áyishit
uh~huh
pí
hikít
m -ako̱
tana
náhollo.anno̱pa
okl í-
okla
ahóch -ahí
-ma
nánatok
oklá
kanikma̱
ano̱poli -h
ish-
mihchi -t
ala -h
kallálih
katash
ittiwáya -ttók
kashólichih
yohmi -kma̱
i
i̱-
a̱ya -t
ola
achokma -h
hashi
ano̱ti
yoho̱mih
alhlhi
atoko̱
-ma
delta
am
peaches
hash-
farm
family
yohma̱
nátah
hi -hma̱
-kat
holisso.ápisa
acho̱t
-m -ato
chá
hospital
chokka
o̱t
yakohmitókchá
assano
hihma
o̱t
hílihma̱
k
i̱-
nátah -o̱
siy- á-
kanímih
ano̱
okla
a̱t
ábachitokchih
náhollo
secretarial
alla
ta̱chi
nánit
báno
yohmi -h
ish-
-m -ato
i̱lakat
íshicha
iyakínittókósh
-kat
ano̱poli -t
iksho -h
mind
afammi
m -ako̱
ábachi -h
hót
ta- to̱klo -kat
chishnáto
pí
ta̱klit
il-
ilappat
na
á siy- alhpówah -ttók
pish
aha̱tta -li
hihmat
makátokma̱
il-
am
hash-
okl í-
anáto
itti̱falammi -ttók
grandma
hapim-
ná
hokmanánásh
abóli
job
ábachi -t
bag
bacháli -h
ohmat
mat
-akósh
sa-
tali
tingle
mihch -ína -h
-ka̱
-bíka -tok
i̱- taka̱li -li -tok
-ako̱
ok
yohmi -ka̱
áy- ikhaná -li
nána
pí
il-
a̱shwa
hi -hma̱
am
yópalah
fokáli
il-
íshi -hma̱
yót
átokósh
hikako̱
kanitchi -sh
binohma̱ya -t
okla
ho
il-
tahli -h
okl í-
o̱t
yohmiyo̱
a̱ya -h
katash
ittika̱chi -ttók
last
tokash
ma̱yachi̱tok
-ka̱
ikkiki̱ya -l -ahíka -ttók
ilhkóli -h
o̱t
anokfilla
brick
use~a
ish-
at
okmanána
nán
il-
at
wiha -t
himakano
to̱ksali -sh
anáto
okl í-
im- anno̱pa
to̱shpat
a̱ya
hi
tá
nátah
pí
hohchifo
ok
ásh
delta
anokfilla
táha -ttók
hitoko̱
ahni -li -h
yohmi -k -ako̱
yohmi
kako̱
á -ttók
kiyoho̱
car
to̱ksali
-ka̱
grandma
ikbána
itti̱nokówa -tok -o̱
yohmi -t
kanómika
katimma -ako̱
mat
skool
o̱t
nána.hollokchi
makáshi̱lih
áyaskachih
pilla
saturday
yohmi -h
o̱t
i
hokchi -h
alhíha
bacháli -h
pisa -kmat
nán
im-
-ho̱
-ma
-ma
hóka̱
ábachiláchi̱nih
il-
hokchitokma̱
pí
ikhana
itti̱nokówa -h
bók.chito
-bíka -h
at
oh
-ma
earl
pí
nanikiyo
ikhana
maká -tok
lawa -h
áchi -li -h
ish-
hapi̱- ki
ishtáyalih
áha̱ttalih
okfat
parents
yohmi
-ako̱
-akósh
ikhana
beadwork
kil
mat
katash
yimmih
ittanówa -ttók -o̱
ho
litokako̱
anóti
alla
fokkáh
mihchína
himi̱tta
ohmat
to̱ksáli
to̱ksali -t
okla
ahni -li -h
-ma -k
job
okl í-
ishko -t
yóhmi
nittak
a̱lhitok
basket
im-
ittim
tribe
okla
á- ikhana -tok
set
iyá -li -tok -o̱
m -ako̱
hapishno -ato
ilhkóli -tok
chishnáto
i̱pa -t
katohmik
apa
yoh
pa -aki̱li -h
ishit
yohmi
hitok -ósh
a̱yalikattók
ikkanáchi̱h
hah
okla
ho̱kopat
ahwa -h
yoppa
marriage
wishakchi
sápa
pilla
achíba
im-
áchih
oka
náhollo.im.anno̱pa
hospital
okako̱
alla
ilhkóli -tok -o̱
hi -hma̱
okla
hikakósh
chishnáto
ná
-ano
íla
years
-ma -k
halállit
ayyyyáshah
a̱tta -li -h
osápa.ittimiklanna.to̱ksali
pí
ikbána
-ka̱
osh
itchoshshak
taná -li -h
nán
ahnikat
uh~huh
ha̱klo
-ma
hachi-
sabbak
hókako̱
ittanoho̱wa
faláma -t
yohmi -h
i̱pánakako̱
-ako̱
iya -h
pí
ná
hót
kiyakínih
óti -h
ruth
chito
ná
anokfihi̱likmat
litokako̱
ikbi
ásh
áyo̱ba
nácho̱lih
nokshópa -h
oh
náhollósh
-ato
-ma
hoyyokma̱
toklo -t
hikma̱
ohóyo
ayyówána
pí
lish
i̱-
iláhobbitok
nánaho̱
iskitíni
ona -h
hiho̱
máko̱
lhokáchácho
iláyonah
hi -hma̱
uh
ikkaná -li -hma̱
ish-
talólih
alhpísotoka̱
maki̱t
ha̱klo -h
i̱- ki
hat
il- iya -tok
makah
oklil
pí
-ma
pa̱
oh
yoppa
hicha
sam-
náka
ish-
oklil
oh
ischool
tonna
pí
mihchili
iskitíni
oh
job
okla
bók
hikkíya -li -h
am
ano̱ti
banna -kma̱
oski
yohma̱
-ak
to̱ksali
hopáki
hikít
hasháyachi
grandma
head
wintertime
kiyo
ishko -h
yakohmi -ka̱
hikma̱
at
kiyo
ch- ibá.chokwa -t
kano
m -ako̱
to
lhokáchoh
holboh
nána
am
mihchi -h
i
christine
a̱
ilhkóli -t
ahni -h
kiyotoko̱
pí
sápa
oh
kashólichih
náhollo
ilhkóli -tok
makósh
mmmm
falámowat
illi
anól -ána -h -o̱
mi
mingo
mo̱ma
taposhshik
ak- mihch -osh
-kat
yoppa
pa̱
mat
ohóyo
siy- ahni
a
a̱
iyá -li -ttók
a̱tta -li -h
to̱ksali
il-
ponola
momma
nánaho̱
sa-
kil
ahni -hma
mind
il-
achibba
-ka̱
siy- alhano
ilhkólánaho̱
ilhkólikako̱
hikma̱
áha̱yatoko̱
kotcha
4th
híkatok
ahówatok
kano
pí
hihma
tahli -hma̱
í-
piya
hokma̱
chim
yohmi -t
field
ná
i̱-
alhtoh
-ma
ná
momma
hókako̱
-bíka -tok
makósh
kíya
oh
náhollo
pí
ná
kiyotoka̱
taha
hichi̱lih
okla
im-
-ato
pí
okla
kotch -áchi̱ -h
tana
ákfilla
apísachi -h
hopóni -t
retire
iskitíni
ano̱ti
sanna
yo̱
yóhmika̱
afammi
ikka̱na -li -h
okla
hash-
toklah
nánaho̱
faláma
pit
siy- assano
sa-
ok
ná
hikiyotokosh
-kato
hicha
-ma
ná
iláyonah
pih
himakano
áta̱pa -tok
chohmi
iskitíni
alálihma̱
mo̱t
ka̱chi
kíyo
pí
nána
yakni
-m -ato
shokshi
maká -tok -o̱
il-
kí
ka̱chak
íy -o -ttók
toko̱
ásha -bíka -ttók
hachi-
a̱t
afammi
ish
á -h -ókakósh
atta -ttók -o̱
-ya̱
okla
a̱tta -li -h
sassanót
másh
ayyásha -h
o̱t
o̱t
okla
fokáli -h
pilako̱
mihchi -li -kmat
ilappa̱
assano̱chit
nánit
to̱ksálitok
hi -hma̱
chinnah
kanah
toko̱
shóli
himak
pila -hma̱
rent
-ma
o̱t
shawwat
ano̱ti
am
iláhobi -h
kiyo
pí
pisah
kano
náhollo
mapillaho̱
ikbána
ano̱poli
ta̱chi
am
hi
ki̱sha
holisso
yaha̱ya -hma̱
chi-
hihma
assano
mo̱ma
mom
i̱-
-kiya
makáto̱
ikka̱na -li -h
anóti
siyoshítik
alhlhi -ttók
chá
nánakma̱
illi
ahni -li -tok -okósh
á -tok
ish-
iya -h
alhlhi
-ma -k
áha̱chi
mayínah
nána
sa- shki
mat
pilako̱
dorothy
hopónih
-ma
ít
bacha̱ya
yoppa
ayi̱na
shibblih
awah
ikbi -t
sa- nakfish
ábachitokchih
foli
-bíka -tok
anásh
alla
nácho̱li
yakómihchi
ikkána -t
kaníya
hátokma̱
á -tok -o̱
banna -h
katimmakako̱
mm~hmm
hi -hma̱
í-
áya
yohmi -sh
hika̱
ilhkóli -hma̱
yohmi -h
taha
hikít
-ato
í-
okl í-
híka
-ma
a̱
kiyo
á -li -h
pishnáto
ok
ohmikma̱
then
-ma
iya -h
á -tok -o̱
hihma
-ho̱
west
akínih
náhollo
sa- shki
áyah
a̱yatósh
ánah
hihátoko̱
jackson
itti̱nokoho̱wah
hikít
a̱
yamma̱
water
yohmay
okl í-
alhlhikat
hi -hma̱
ikka̱na -li -h
koni.hata
faláma -t
ihma̱
a̱killit
chokka
okla
saturday
i̱la
mihchi -h
-ma
cha̱li -h
chokka
bannana
ilhkóli -hma̱
ano̱ti
miyaho̱
í-
pishnáto
yakoho̱mi
illi
-bíka -h
sa- shki
la
mike
nokshópa -h
ittim
ohíyo̱
hika̱nóti
okmanána
-kat
ilhkóli -t
ano̱ti
katíkako̱
mihchi -h
thomas
mihchi
-ya̱
amákfilla
last
uh
yoppa
áchokkówahíkiyoh
áchínikma̱
yohmáhíkiyoh
you
hash-
ápaka̱
kanímikaka̱
ok
katiohmih
foha -ttók -o̱
achokma -h
ish-
-ma -k
ish-
ikkaná -li -h
áyinaka̱
-ako̱
yohmi -h
-ka̱
yohmi
hash-
í-
a̱tta -li -h
mi̱ti -h
-kato
to̱shpat
alla
m -ako̱
másh
memorial
uh
a̱t
áyamolánatok
okl í-
mm~hmm
-ako̱
-ato
yohmi
im-
taháhínah
katash
anihlikmat
hapi̱-
mo̱ma
walhálichit
ná
alhlhi
tóko̱
náhollo.im.anno̱pa
i̱pa -h
i̱-
-ma -k
a̱talih
ta̱chi
ikikkáno
palammi -h
-ma
á- ikhana -tok
ik-
banna -h
il-
yohmi -tok -o̱
hikít
i
sh
-ka̱
na
m -ako̱
m -ako̱
taha
ná
tokósh
hihma
ahnili
máko̱
delta
nittak
okl í-
náhollo.im.anno̱pa
á siy- assano -h
december
ah
-ako̱
hihókakosh
-tok -cha
a̱yánaka̱
grandma
ahni -li -h
i̱hohchifo
ná
pí
makátokósh
hi -hma̱
iya
taposhshik
chá
ikkanali
nánit
mako
o̱t
kiyo̱
then
hikma̱
-ka̱
íyattók
-kat
nána
store
alálih
m -ako̱
sattiapishi
okla
a̱lhitok
john
il-
oscar
-kat
yohmi
ma̱ya -ttók
im-
iskool
-ato
ahwa =tok
at
makilla
ano̱pmanánásh
mm~hmm
chaffa
a̱ ki
m -ako̱
fokkáli
pí
-kásh
-kat
á mi̱ti -h -ósh
ná
okla
pa̱
ikbi
-ka̱
syrup
ano̱ti
ná
katash
hóyo
bát
m -ako̱
degree
hi
chokka
okmanána
back
bacháya
íyatósh
kanimmakósh
náhollo
katimma -k
alla
ahwa -h
okla
anóli -h
lokka
hottopah
kiyo
shikalla
yakni
ayyásha
yohmi -h
hohchifo -t
-ma
kiyo
-ano
illi
i̱la
ná
hikma̱
iti
shikalla
áyyáshah
á
il-
ikka̱na -ho̱
chokka
ho̱kli
yohmi
mihchikmako̱
kanitchi -sh
toklo -sh
i̱-
ná.chinni
nonáchi
nakfi
am
bííííkah
wíha -t
-kiya
sa- shki
amoláhínatok
il- ittilawwi -h
ta̱kla
hitoko̱
patálit
oh
li
á -tok
okla
pakínika̱
a̱sha
pí
naksis
ta̱chi
a̱tta
oh
himihówa
a̱tokobih
john
at
il-
ahni -t
i̱-
kiyo
á -ttók
himak
assano -t
himaka̱
yappa̱
cho̱pa -h
-ka̱
jar
mihchi -h
il-
state
jar
a̱ya -h
il-
ilhkóli -hmat
m -ako̱
basówa -chi -t
a
íla̱chit
kiyo
pit
nácho̱lih
alálih
mihchi
ish
fulton
ano̱poli -t
bacha̱ya
ano̱poli -t
ibá
náhollo
akínih
mihchánah
-ya̱
fíhnah
pí
ásh
ona -h
hóyo -t
-ma
il-
ta̱kla
pí
o̱t
iti
á mi̱ti -h
yóhmi
kaními
á -tok -ma̱
kanímikat
hospital
anáto
iskalit
oh
anóti
delta
pisha̱tta
pit
cha̱li -h
hickory
yohmi -sh
hikato
sa-
yohmi -h
yohmi -kma̱
alla
-ano
-ato
hopón -ána
mihcháchíni
yo̱
mapillakano
yo̱ka̱
mihchína
ikka̱na -ho̱
ípa
katitchi -sh
ilokka
chíchok
hokchi -h
ibáni -li -sh
housekeeping
okla
-m -ato
m -ako̱
pishokchi
áy- ala -ttók
a̱ ki
anáto
m -ako̱
a̱sha -h
-bíka -tok
iya -li -h
ábáha̱chi
mi̱ti
-kat
-ma -k
yohmicha
hitokako̱
chishnáto
-ma
nátah
nána
kiyo
ish-
míhchit
mat
pí
hachi-
ómih
ilhkóli -h
sa-
a̱
aha̱tta -h
na
í-
famáchi̱h
hátosh
-ma -k
hachi-
-kato
-bíka -tok
apílalí
pí
sa-
mat
ta- to̱klo -kat
hihmat
car
nána
pí
hokchi -h
yóhmi
si̱ti
hóyo -h
okl í-
-kato
jelly
lawát
áha̱yah
ish-
yamma̱
kaníya -ttók
ittanówa
yohmi -h
chishnáto
ayyásha
kíyo
ayínatokma̱
kanohmát
-ma
náhollo
makma
i̱la -h -o̱
-kat
amoláhínatok
of
hash-
náhollo
falammi -h
ikilhkólokiya
chi̱- ki
a̱
-ma
ibá
a
tatot
okl í-
siy- á -h
farm
yohmi -sh
í-
himaka̱
hokchi -h
sa-
á -tok -o̱
yakni
-akíni -tok -ósh
akkíya -t
hihma
ahi
náhollo.im.anno̱pa
yamm -ako̱
i̱pa -achi̱ -kmat
i̱-
oh
himak.nittak
mo̱t
mm~hmm
sabá
hikato
chokmáki̱nih
kiyo
il-
pak
míchish
oh
ahni -h
oh
hiyohma̱yahma̱
hohchifo -t
o̱t
kaníkano
sann -o -tok
a̱lhi
ha̱klo -h
oka
central
mat
ná
omminnah
balíli -li -h
hapi̱kino
áchih
okla
man okl í- haklo kih
sa-
ano̱ti
hopáki
mm~hmm
kiyomash
regular
okla
ikbi
a̱
yakni
week
ikbillihosh
ah
hapi̱-
attat
honni -t
hichi̱lih
design
bók
á -tok -o̱
kiyo̱
il-
yohmi
háto̱
nána
himakano
oka
hikít
m -ako̱
ishi -h
oklil
iksho -h
ayiskachi -t
pa̱tta
am
yakómi
imanno̱pak
iya -h
fokáli -h
yohmitokósh
a̱shali
náhollo
hoyo
hash-
pí
himakano
mit
pa̱
yokíh
pa̱
-ma -k
am
cane
hicha
pí
a̱ ki
mítih
mítih
-ak
sa-
akínittók
oklahoma
kaníya -ttók
míchih
anáto
chafo
atta -ttók -o̱
to̱ksalí -l -íchi̱ -kmat
hiki̱ya
kaníya
himónna
pa̱
afammi
katímina
-ho̱
cane
iya -h -o̱
pí
itto̱no
áyinaka̱
shóli
yoppa
ninak
nátah
ish-
pihlichit
hóka̱
-ma
hiyókásh
basket
car
ayyásha -h
illi
a̱ ki
tík
okma̱
sann -o -tok
i̱- ki -t
í-
chi-
sa-
ít
a̱tta
mihchi -t
pí
á -ttók
hapi̱-
ilhkóli -tok
yakoho̱mahíkattók
-kato
ta̱chi
yohmi -h
okl í-
we
áy ásha -h
-ato
kiyo
m -ako̱
áchih
oh
la̱wa
years
ish-
ít
ná
kiyosh
-chámo
il-
himakano
uhh
pí
spillway
uh
alla
ónásh
iyyikowa
m -ako̱
il-
il-
-ka̱
toklo
burton
akkattola -t
hikít
hohchifo
pí
pa̱
fokkáli -ka̱
shawwa
áyi̱pokáchi̱toko̱
can
áchicha
hokako̱
ahni -h
achonnáchi -ttók
ahwa =tok
stokes
sonny
hi -hma̱
il-
náka
tokma̱
anáto
o̱t
chi̱- ki
a̱
makilla
toko̱
has- sam-
oknána
il-
ta̱chi
abiyat
ish-
a̱
lawa -t
-ma -k
hikma̱
to̱ksalí -li
a̱ya -t
-ako̱
biníni̱t
-kat
hapim-
ish-
mihchi
uh
allát
náhollo
a̱ ki
pí
í-
ahni -h
toko̱
a̱ ki
-kat
use
pish
hopóni
oklímo̱t
alhíha -t
maká -hma̱
okla
-ka̱
chishba
yohmi -t
aha̱yakako̱
á -tok -ma̱
kíyoh
akosh
siy- á-
anóti
itti̱hollo -h
ishki
anóti
hihma
á -li -tok
mat
taposhshik
-ka̱
wiha -t
ok
ah
makosh
kiyo̱
mm~hmm
-ka̱
a̱lhi
hi -hma̱
móma
okla
okl í-
nátah
o̱t
makillatok
oscar
ahni -li -h
hika̱nóti
momma
kíyoh
hi -hma̱
kanah
á
ittano̱wat
hospital
hash-
áhínah
tahahmat
náhollo
yakoho̱mi
chá
chá
iti
ásh
john
áchih
am
hóyo -hma̱
okl í-
iláp
sa-
o̱t
na
hikitíya -li -tok
kaními
-bíka -tok
pí
fíhnah
m -ako̱
back
okla
hash-
hikkíya -li -h
kaníya -ttók
anokfillilihmat
chaffa
átokósh
ayyówána
yóhmi
hik
i̱-
-ya̱
bíkatók
m -ako̱
a
kiyo̱
ish-
áyyásha
pisah
pí
sam-
alálih
chíkosassiya
pilla
kiyo
-ma -k
uh
ha̱klo
hikmat
hikít
am- ám- abachí
hitoko̱
hospital
hopónih
-ma -k
ikkánilih
í-
oh
okla
degree
iya -h
ikbáno̱
oka
mat
potólahí
yard
bili̱ka
tokmat
nána
kanimma
yeah
-ako̱
abohlih
im-
im- anno̱pa
ta̱chi
hicha
oshi
amákfilla
kiyo
mommat
yohmi -h -o̱
ka̱chak
kíyo
hoyo -h
uh
i
to̱ksalí -chi
m -ako̱
hálla -t
lohmat
i
il-
ahni -li -sh
kiyo
mind
áchi̱h
áha̱ttah
ittanówa -h
hikata̱lhih
im-
itti̱nokówa -tok -o̱
mako
ish-
mo̱m -áchi̱ -h
í-
náhollo
pa -ako̱
-ma
hokma̱
m -ako̱
uhh
iya -tok
ha
sonny
ittahobli -t
kiyo
kiyo
nána
-ato
kanit
kakósh
okla
mm~hmm
mishíyatok
okla
pí
ikbáno
oklil
ish-
-ato
itoka̱
áha̱yalikako̱
hilíchittók
hi -hma̱
uh~huh
alhtoh
a̱sha
yohmi -h -o̱
hokchi -t
yómihmak
i̱-
achokma -hma̱
himakano
anáto
um
ish-
mo̱t
himakano
kiyo
a̱lhi
kiyo
pishno -áki̱ -t
ilhkóli
tahli -kma̱
ná
í-
-ka̱
hiyátokósh
okmanána
yohmi -sh
ayínah
áyyásha
sakki -áhí kíyo
mom
isht.ala -t
iya -h
mihchi
pit
a̱lhi
i̱.shahli -hma̱
i
ok
nátah
a̱
a̱sha
áchi -tok
sometime
ikbi -t
hokchi -t
-ma -k
másh
chinnah
hokako̱
iti
kiyokma̱
il-
náhollo
mom
hoyóláchi̱
iyalánah
oklahoma
anáto
chi-
im- achokmá -sh
yohmi
hohchafo
alhpísat
yohmi -ka̱
ma̱ya -t
ibbak
uh~huh
to̱ksaláchi̱
á- mi̱ti
anóti
ikhaná -li -h
to̱ksalí -chi -h
imma
m -ako̱
í-
ikma̱
im-
thomas
-ma
ikka̱na
aki̱li
ípa
átokosh
pishnáki̱nih
yót
mako
ruth
il-
alla
pisa -ttók
mihchi -t
yakómi
m -ako̱
achokma -h
aki̱li
ano̱poli -h
-ka̱
i̱-
taná -li -h
-ak
banna -kma̱
hokchi -t
ona -h
ikbi
uh
im-
ná
hokma̱
ish-
-ka̱
mo̱m -áchi̱ -h
hi -hma̱
ikkánattók
ikbi
a̱ -li
bíkat
tanówahíkiyoh
pí
akínih
ámi̱tittóka̱
a̱ttalitoka̱
-ma
yohmi
ápitta -t
nána
hikkiki̱ya -h
bók.chito
-ma -k
ta̱chi
sáp
kiyo -tok
kaníkma̱
nána
kiyo
sanna
okl í-
am- ihaksi
to̱ksalikat
ano̱ti
issa
lola
konih
il-
i
ikkanah
okl í-
nána
-kato
central
banna -h
gahlih
yo̱ka̱
sa-
a -ttók
si̱ti
siyoshítík
-kat
pí
himaka̱
iyá -li -tok -ósh
siy- áchi -ttók
ittanówa -tósh
mm~hmm
hiyohma̱yahma̱
a
alitok
nokha̱klo
imma
chokkwáttók
hiná
hi -hma̱
delta
-ato
-ak
i̱-
sa- shki
nánaho̱
oklil
holisso
á -tok -o̱
yako̱kako̱
hiki̱ya
lawa
pisákmakósh
a̱
mihchi
m -ako̱
ona
kíyoh
mo̱ma
m -ako̱
ikka̱na -li -h
miya
oklípí
i̱hiyohchi
ná
hiyohli -h
yohmima̱
alá -li -tok
kakósh
alitok
ná
na
nanikiyo
akínih
anóti
to̱ksali
á -ttók
to̱ksali
a̱ ki
nánit
mihchi -t
yamma
iko̱la
yoppa
am
kaníkma̱
i̱-
-ma -k
iya -h
kanah
-ato
anóti
hash-
ma̱yattóka̱
ókih
tokwikílih
ayiskachi -t
back
kotcha
mihchánatok
uhh
a -ttók
tokáchínitok
táha -h
mano
óna -nnah
á hokch -ahíka -ttók
hapi̱- ki -to
siy- á -h
a̱ya -li -tok
ayyásha -h
-ako̱
hashi
ish-
earl
okla
a̱ ki
hátokósh
o̱t
years
itókako̱
ayyówah -o̱
i̱shitokma̱
siy- ahni -kma̱
á -ttók
kíyoh
alálihma̱
ná.chinni
na
kanohmik
anóti
church
hihátoko̱
pí
-ka̱
sipokni
ayówa -li -ttók
ishlakma̱
sh
illa
lohmat
iskali
i̱-
nákiya
mihchi -t
-ato
oklíkkáno
chá
-ka̱
ahni -h
a̱ ki
makátokma̱
-ma
hill
nána
chokka
barb
am
má
hokma̱
ik-
afammi
ásha
ruth
táhli
chito
to̱ksalí -li
a̱
-ato
standing
alitok
fokka.lo̱bo
a -ttók
amahówah
áha̱yakma̱
the
ahni -li -h
attó
iya -kma̱
tahlilitok
másh
ná
oklil
a̱yakat
of
hospital
yohmi -ka̱
sa- bíshakni
hapinnah
hapi
makilla
ikbi -t
a̱tta -li -h
il-
yohmi
i̱- taka̱li -li -tok
ta̱lih
a̱
hiho̱
ish-
ishí -li -tok
ikkanánah
nána
i̱-
pí
okla
i̱-
osápa
akíniko̱
mat
job
nátah
um
-m -ato
katiohmih
hihókakósh
k
a̱t
a̱ya -h
fokáli -tok
lhokáchi -h
chahta
a̱
chi-
í-
yókato
chá
nokha̱klo
pit
yeah
chishba
hihma
báno
-ma
imma
-kiya
anáto
yohmikásh
nána
il-
standing
katah
mm~hmm
pí
ilhkóli -h
hitoko̱
makmak
alhpisáli -li -tok
cha̱li -h
-ma -k
il-
a̱lhi
i̱- cha̱li -h
joe
kotchákma̱
yoppa
hikiki̱ya -li -ttók
i̱pa chokma -h
im-
nána
kako̱
á honi -h
yakót
jar
pí
uh~huh
kaníya -li -ttók
ató
hihmat
garden
anóti
oh
hlih
momma
m -ako̱
íy -o -ttók
kiyo̱hma̱
yómi
ano̱ti
áyat
hi -hma̱
tók
i̱- hi̱li -h
pí
alla
achokma
is- sa̱-
m -ako̱
hi
ohóyo
hichi̱lih
chishnáto
táhat.iya -kat
a̱lhi -h
siyoshi
uh
ishki -t
a̱
maká -tok
sa-
katak
oh
oh
cumberland
fíhnah
mind
i̱-
tahálih
laird
lawa -h
a̱talih
living
il-
anáto
maki̱lih
í-
iyá -li -h
m -ako̱
mat
pí
mm~hmm
toffa
o̱t
up
okl í-
yohmi -h
oshta -h
-ma -k
táhli
á
óna -nnah
kanimmalhi
á -tok
hikato
kíyo
íyattók
chá
issa -ttók
kililhkólo
a̱
i̱pa -sh
pishnáto
-ako̱
fokka
ilhkóli
iya -ttók
ittimáha̱chih
ála -li -h
-ma -k
mo̱t
tallahatchie
o̱t
attat
yohmi
mm~hmm
-kat
im-
kiyo
anoho̱lih
átósh
hikít
iyakmato
balíli -li -h
shikalla
mm~hmm
-ano
mule
ta̱chi
ta̱sh.palaska
ishi -h
sashkít
m -ako̱
hasháyachi
binohmáyyakma̱
ok
wák
-ka̱
á -ttók
chátok
mo̱t
the
chokkowattók
okl í-
alhi
acho̱li -h
to̱ksali
ít
áto̱ksalána
á -tok -o̱
hiyokíh
ná
hilha
onáfat
fokkáli -ka̱
a -ttók
-ka̱
taná -li -h
back
atsot
hospital
hicha
to̱ksali
pa -ako̱
iti
áchi̱
á hokch -ahíka -ttók
náhollo
nánoka
palammi -h
pí
kapassa -t
makilla
o̱t
am
áta̱pa -tok
m -ako̱
issókih
himak
ish-
má
holisso.ápisa
garden
-ato
kano
si̱ti
áha̱yalikattók
pishnáto
hihátoko̱
hikít
-kiya
years
you
kiyo
illi -ttók
iksho -hma̱
nittak
ilokka
yamm -ako̱
i̱-
mishsha
akínih
m -ako̱
yohmi
anóti
li
báno
basket
taháhínah
miyaho̱
yoppa
ka̱sha
okla
mat
kiyottók
okl í-
iya -h
mihchi -li -h
memorial
-ma -k
ilhkólánah
ok
chokka
ahówatok
sa-
-ma
óka̱
alhíha
iya -ttók
kotcha
a̱ ki
maiden
-m -ato
a̱t
am
chátok
okla
yoppa
áhoyyo
bííííkah
achokma -h
á -tok -o̱
okmanána
okl í-
kil
vegetables
bók
hapi̱-
hapim-
á -tok
yappa̱
kanohmi -tok -ka̱
-ka̱
-kato
yakót
hohchifo
anoho̱lih
chim
okla.áyásha
móma
central
sam-
náhollo
-ma
mat
i̱hiyohchih
okla
wíha -t
hi -hma̱
i
himakano
pis -t
áyah
taposhshik
williams
basket
-ka̱
uh
pí
ish-
pí
a -ttók
hapim-
i
na
a
ámiyaksi
ayínatokma̱
mo̱ma
hikmat
hokchi -h
okl í-
tahlilitok
shawwa
áy
i̱pa -t
í-
faláma -t
il-
bók.chito
-ma -k
kiyo
hikít
anokfilla
pash
bili̱ka
mihchi -hósh
fokka
iti
ishit
kí
pí
choctaw
okla
atta
bash -t
uh
kanohmo̱násh
pa̱
-ato
kiyotokóka̱
shóli
a̱t
hito̱
makahátosh
nátah -o̱
okl í-
m -ako̱
anóti
anól -ána -h -o̱
ilhkóho̱li -h
-ka̱
uh
last
yamm -ako̱
ayiskachi -t
kiyo̱
freezer
pí
okla
nánah
grade
okla
ona
abohlih
iya
miya
i̱shirt
-hósh
ikka̱na -li -h
mano
attat
dress
á -ttók
hash-
áto̱ksali̱chi
nineteen
marriage
áyyásha
a̱yatósh
hihátoko̱
am
akkiya
iya -h
achokmá -h
a̱ ki
okla
ákmato
ashki
pí
o̱t
courses
west
i̱pa -h
ittibá
kanimmalhika̱
tamóha -t
pí
mihchi -h
ma̱ya -t
garden
mm~hmm
á -tok -ma̱
a̱ya -t
-kat
barb
ayyówah
á pi̱sa -li -kmat
im- acho̱wa
pishokchi
ahwa
uh
ilhkóho̱li -h
clean
im-
alla
granddaughter
ábachi -h
okla
basówa
nanih
híkatókako̱
-ma -k
a̱t
kotchi -tok
chi̱- ki
ayyówah -o̱
yakih
-kato
-ma
hapíya
máko̱
a
táhli
ano̱pmanánásh
am
mihchi -t
-kat
nakfish
á -tok
yohmi -h
yo̱
hiná
á -tok -o̱
kiyo
makáchi -t
yamma̱
mihchi -h
a̱sha
yo̱
pí
áchásh
katayohmi
chokkwa
toklo -sh
yohmi
makilla
shohbittók
i
ashit
im-
abohlih
ikbi
-ma
másh
chá
nakfish
kaními
mishíyatok
-ako̱
m -ako̱
himakano
hapi
chokka
áchih
miyama
-ak
oklil
alla
toklo
alhíha
truck
alhlhi
taposhshik
toko̱
ak- ikkán -o
kíyoh
alla
ish-
john
oka
mat
atta -li -h
afammi
fokkáli -kma̱
okla
a -ttók
kómotat
okla
anáto
okla
sa-
iskool
hi̱lah
m -ako̱
a̱sha
katók
kaniyah
á -tok
kanímikmano
makmak
nátah
kiyo
nána
yammat
atoko̱
ano̱poli -tok
-m -ato
hiyátokósh
to
bissa
i
á -kma̱
náhollo.im.anno̱pa
hi -hma̱
hapishno -ato
im-
-ka̱
okla
ch- ibá.chokwa -t
achokma -ána
freezer
hitósh
yamma
ahni -h
o̱t
iláp
fokkáli -ka̱
yokma
-ma
uh~huh
akínih
ibá
bát
ninak
kaníya
hihma
hitokakma̱
clean
yohmi -t
chokka
ola
i̱-
oshi
mash
-ho̱
kiyo -kásh
kochá.balíli.ánówa
ayówakmato
then
pih
tahli -h
-ma
t
ish-
ná
tahli -kmat
hi -hma̱
to̱ksali -t
a̱sha -h
a̱
alhtáhah
kaníya -li -ttó -sh
achokma
im- anno̱pa
hitókakosh
granddaughter
hicha
hokchi -h
-ka̱
il-
ilhkóli -ttók
hashki
makálli
iko̱la
il- a̱ya -kmat
a̱ ki
alálih
makátokma̱
barb
alla
hi -hma̱
hash-
banna -kma̱
hi
hátósh
ittanoho̱wah
ha
lawát
fokkáli
hikanóti
to̱ksali -h
yammakosh
falammi -li -ttók
a̱ya -li -h
okla
oklil
ta̱chi
alhlhikat
-kat
hi -hma̱
áchi̱hma̱
alhpisáli -li -h
ayyásha -h
m -ako̱
sha̱hli
nánaho̱
m -ako̱
tákoli
ikbi -t
hokchi -h
pí
i̱-
á -kma̱
anóti
mano
-ma -k
á siy- assano -h
-akósh
yohmi
kiyo
átosh
á -tok -ma̱
ohóyo
oh
mash
ish-
áhowakat
hoyo -t
lokka
á -tok -o̱
iya -ttók
chokkowattók
a̱lhi
chishnáto
ámottók
o̱t
malhlhih
mihchichi -h
pí
pisa
ilhkólikako̱
ohóyo
á -tok -o̱
áy- atahli -h
bokko
ómmi -kma̱
chíyánah
pak
uh
-ano
maká -tok -o̱
okla
holisso.ápisa
ittatoklot
himo
il-
okla
anóti
áha̱yalikako̱
-ma
hílihma̱
ho
ish-
náhollo
kanah
mo̱mi̱t
ayyówah
nána
ka
pí
ish-
kochá.balíli.ánówa
iyáchi̱h
chá
pilla
shokshi
híkiyo
a̱ya -li -ttók
kiyo
mmhmm
patát
iyá -li -ttók
i
illi -ttók
okla
kaníya -li -ttó -sh
makalánah
yohmi -kma̱
a̱yatokmásh
o̱t
-kat
hika̱
pa -aki̱li -h
anóti
e
mat
years
nátah
áy- atahli -h
yo̱ka̱
mishsha
iti
cane
la
-ka̱
afammi
hashkít
yohma̱
i̱la
tahattók
hi
ish-
binílimo̱mah
i̱pa chokma -h
pit
himak.nittak
ná
siy- á -h
táhat.iya -h
yohmi -h
ha̱lhánah
kotcha
okl í-
másh
ábachi -h
pallammitok
i̱la
mm~hmm
ish-
yohmi -h
pit
ábachi -h
hicha
back
pine
áha̱ttatokako̱
secretary
ná
famáchi̱h
time
lhokáchácho
ná
understand
okla
chi-
okla
yohmi
hó
yamma̱
okl í-
chokka
a̱t
-ya̱
á -tok -o̱
yakohmi -ka̱
hicha
hitoko̱
hikásh
ónásh
makáchi -t
ikkánilih
faláma -t
acho̱kmaho̱
standing
iti
iskali
yohmi
ikbáno
-ma
ít
mm~hmm
tokma̱
i̱-
hi -hma̱
chá
ik-
at
ish-
ikikkáno
tík
cha̱li -h
ahóchi -li -tok
k
yamm -ako̱
ikhaná -li -tok
hi -hma̱
yoppa
yohmihchi
kati -k
omakah
a̱t
áy ásha -hma
ábachílánah
okla
hook
o̱t
can
nátína
oh
nátah
ta̱chi
hash-
hapim-
ilahbi -h
á -ttók
yóhmi
ish-
-ka̱
hiná
kano
im-
hospital
kí
ahni -li -h
-bíka -tok
himakano
m -ako̱
lhokáchiláchi̱h
mmm
huh
bilásapi
ish-
sabbak
ná
mike
nána
-kat
hihátosh
kano
hicha
anóti
ayyásha -h
hiko̱
áha̱lilih
taha -kma̱
chokka
ish-
sa- tóhno -cha
ma̱ttalitoka̱
alla
garden
bíkakató
alhlhilih
hi
il- i̱pa
pa̱
ok
a̱
am
-ako̱
biníli -li -h
job
hitósh
ahwa -h -o̱
anakít
ish-
mm~hmm
tamáha
peaches
pí
hi
ná
atahlittók
-ma -k
okla
ona -li -kmat
kaniyohmi
to̱ksalí -chi
botóli -kma̱
óti -t
achokma
okla
okma̱
íyatósh
hottopah
kakósh
imma
anno̱póho̱likma̱
mm~hmm
mo̱mi̱t
ittibi -h
maká -li -h
ikkán -o -h
náhollo
oh
ish-
á -hma̱
nakfi
-ma
chína
yohm
panáha̱klolih
im-
í-
pila -ttók
patóláhíkiyoh
alítok
to̱ksali -li
katók
á -li -tok
-ka̱
nokówa -h
mayya -h
iya
am
iya -h
-ya̱
kiyo
a -ttók
kati -k
tahahtók
chokkwáttók
momma
kiyo
kil
-ma
bíkat
vegetables
-chámo
hi
il-
old
allat
hashki
waiya
anóti
il-
change
nána
hi -hma̱
sa- bíshakni
ano̱póli
a̱lhi
hokma̱
a̱yalikattók
ittiláwichilih
ashit
nánaka̱
okla
i
osápa
a̱lhi
yót
yokíh
-ka̱
alhto
okla
ikbi -t
a̱t
í-
hihátoko̱
il-
tokbá
-ako̱
áyyásha
kiyo
carthage
á -tok -o̱
mómah
ish-
m -ako̱
store
oná -li -ttók
mi̱ti -hma̱
chahta
kiyo̱hma̱
pa̱
yoppa
tahli -kmat
kano
á
kiyo
ani -t
understand
anóti
m -ako̱
ilhkoho̱li
ano̱pol -áhí kiyo
malhlhih
hika
nátah
m -ako̱
hata
ikkáno
-ano
sápa
hospital
ano̱ti
-ak
phoebe
á -tok -o̱
-kato
okla
kiyo̱
banáha
a̱ya -li -h
earl
aki̱nikako̱
m -ako̱
il- ilhkóli -tok
uh
atoko̱
á -tok -ma̱
-ako̱
hoyo -t
am
áchi -ho̱
ilhkóli
okattola -nnah
chíkosi.alhlhi.ka̱
himihówa
i
pa̱
uh
ilhkóli -kmat
yo̱
pa̱
-ma -k
yohmi -h
ittimano̱polikma̱
lhokáchi -h
á -kma̱
yoppa
kiyo -kásh
kaníya
ná
at
kotcha
okla
a̱
hash-
a̱ya -li -h
a -ttók
yohmi
maká -hma̱
okla
-ka̱
pishnáto
couldn
áhopóni
hata
ómih
kakósh
alhlhikatok
york
afammi
yaha̱ya -hma̱
hi
-ano
pí
acho̱li -h
ma̱ya -ttók
mihchilihátosh
tamáha
pit
ishi -h
mo̱t
mo̱ma
hapim-
-m -ato
noshkobo
survive
mat
okla
yamm -ako̱
hihmakósh
ato̱litok
ikhana
hikako̱
hitok -ósh
hachim-
makáshi̱lih
to̱ksa̱li
il-
shikalla
okla
m -ako̱
a̱ ki
-ho̱
-ya̱
atta
akínittók
lih
tahli -h
were
imakmanána
afáma -kma̱
halállit
alikchi
anóti
okattola -nnah
mako
hitósh
táha -hma̱
yohmi -h
áchi -ho̱
hi
ít
sabbak
ani -t
chína
ano̱poli -h
mm~hmm
hapim-
ábachiláchi̱nih
hikmat
alla -to
a̱sha
kil
kanah
ho
yakni
il-
falammi -li -ttók
mako
hoyo -h
-ma
yohmi -t
nána
-ka̱
job
ittanówa
a̱t
il-
yohmi
-ako̱
yohmi -h
binohma̱ya -h
sa-
chá
o̱t
huh
stephens
anóti
áhocháhíkiyo
ma̱yya
mo̱t
yo̱
mihchánah
-ho̱
ola
il-
á -hma̱
kiyo
kiyotoka̱
hikásh
anóti
chokka
mat
ish-
toba
am
ish-
ikkana
-ka̱
másh
fulton
hikma̱
chim
kano
ná
náhollo
o̱t
í-
pa̱
-ato
hikít
kati
iya -tok
tahli -li -h
anáto
okl í-
a -ttók
a̱tta
anóti
survive
kiyo
makma
hiko̱
fokka
hospital
ná
okfat
hokchi -h
ápitta -t
át
akínittókako̱
áha̱ttalih
ílitokmash
pit
ná
a
ano̱poli -t
okl í-
nána
kanímilih
pakínika̱
-ato
hátósh
na
a̱
a̱ ki
achokma -h
kil
áta̱pa -t
i
-kato
pí
garden
áyaskachih
iskitíni -ka̱
-ma
oh
pit
písalih
hollokchi
to̱ksali -li -h
híkatok
sometime
á -tok -o̱
mo̱t
syrup
ma̱ya -t
pearl
alhtáhakma̱
bag
fokáli -h
ilhkólitokosh
hicha
táha -ttók
4th
hikma̱
á -ha̱ -chi -h
hi -hma̱
achokma -h
á- mi̱ti -li
ish-
dr
chinnáchi̱
-ya̱
old
illi
kanómi
i̱shitokma̱
katimma -k
i̱pa -áchi̱ -kmat
a̱
tahálih
issa -hma̱
kaníya -tok
tanat
iya -li -h
oklípí
kanimmano
to̱ksali -li -h
okla
a̱yatósh
hikma
golden
-ho̱
tahli -ttók
ikkán -o -h
yohmi -h
tákoli
mat
okl í-
apísachi -h
wiha -t
hikmat
ilhkóli -hmat
water
yakni
másh
yohmi -sh
um
áyottichit
hokchitokma̱
is- sa̱-
toklo
ahwa -h
a
lawa -h
okma̱
i̱-
aha̱shwa -kma̱
grandma
hikako̱
ahni -h
ikkanah
si̱ti
hach- ishki
il- i̱pa
hano
yoppa
ohóyo
il-
osápa
m -ako̱
ná
a̱
anóti
il-
hikít
uh
okla
am
alhlhi
yoppa
ona -h
-ano
mayattókósh
-ma
mano
pa̱
ayi̱na
nákiya
-ma
-ka̱
skoola̱
kano
close
himi̱tta
aki̱ni -h
sa- nakfish
mat
hitoko̱
hicha
i̱- cha̱li -h
yohmi
hikato
yakni
himak
nána
katohmih
i̱-
hikma
ahni -li -h
am
peaches
uh~huh
kaníya -ttók
náhollo
okla
ano̱ti
ish-
am
issalittók
ishit
-ma
kano
alla
hitoko̱
last
il-
akínih
ato̱bbi -hma̱
toklo
pish
mihchi -h
hóka̱
comby
momma
il-
takla
hach- ishki
ish-
-ma -k
nána
grandma
yót
talólih
phoebe
ish-
chi̱- ki
apa -hósh
o̱t
tingle
issa
kiyo
kotchi -tok
-ka̱
áchih
a̱ya -t
afáma -kma̱
hokma̱
si̱ti
ishki
kanimma
ruth
-ato
á -tok -o̱
hikásh
sabá
yo̱ka̱
hiyáto̱
okla
si̱ti
hash-
okl í-
toklo
osápa
hapi̱-
il-
pine
mit
a̱ya -t
illa
ma̱ya -ttók
-chámo
comby
panóla -no
hiyohchih
okma̱
bilásapi
hopáki
makmáko̱
hachi̱tto̱lah
takshi -sh
-ato
chahta
hihma
ilhkóli -tok -o̱
kaníya -li -h
wáya -kma̱
burton
ikka̱na -li -h
-kat
-kásh
-akíni -kásh
alhto
itto̱natoko̱
grandma
ik-
a̱
nána
ano̱ti
i̱-
-ato
máma
hika -no
-ako̱
ish
kiyo
to̱ksali -li
phoebe
-ato
malhih
kiyo
sakki -áhí kíyo
-híka -tokash
ikka̱na
kiyo -tok
hopáki
it
oklímo̱t
mi̱ti
-ma
pisa -li -kmat
kaniyohmi
okla
hapi̱- ki
kapassa
chá
field
okla
ishit
ruth
nána
yeah
amót
atsaffaka̱
il-
-ako̱
hopáki
-m -ato
chá
pí
ayyówah
aba.talóli
to̱ksali -t
ha
ano̱t
óna -hma̱
mule
ikbi -li -hósh
alhpísat
ahwa -h
pí
wagon
ná
bacháya
hót
yakni
ilhkóli -kmat
afammi
ít
yohmi -h
cha
iya -h
anáto
il-
yamm -ako̱
ókat
kalla
chinnáchi̱
taná -li -h
ná
oh
ish-
oná -li -hmat
kiyo
m -ako̱
ano̱ti
makósh
-kato
hikma̱
-ano
pila -toko̱
iya -h -o̱
cha
hi -hma̱
am
sam-
mat
faláma
ikkáno
litówánah
iláhobbitok
pit
sha̱hli
iti
31st
-ma
alla
hashki
hót
ish-
il-
ala -h
ik-
nácho̱lána
yimmih
uh
mi̱ti -ka̱
-ato
iyáchi̱h
-ma
hóyo -t
hátokósh
ishko -t
hi -hma̱
-ma -k
holisso
assanó -t
taposhshik
-ak
oshi
ho
átokósh
uh
ah
-bíka -tok -o̱
osápa
ná
iya
ilhko -t
ná
ahwa -h
ak- ikkán -o
konih
-ma
si̱tít
m -ako̱
i
hopáki
kiyo
ikkiki̱ya -l -ahíka -ttók
aláchikih
pí
pí
míhchit
pí
a -ttók
í-
-ma
hihma
mm~hmm
hitókakósh
kiyo
naksika
yohmi
hapishno -ato
sa- shki
hitok -ósh
faláma -h
naksis
shibbih
lawwat
áha̱yalikakósh
ka̱ha
ikbána
himaka̱
fámakatok
canning
sa-
o̱t
ary
pí
-ya̱
chá
freezer
ha
náhollo
hihma
yópalah
river
-ano
swamp
yohmi -h
okla
illi
kíyoko̱
toba
-kato
ohmi -h
á -li -tok
-akósh
cumberland
shohbittók
áha̱ttalih
am
mihch -ína -h
hikkíya -li -h
hiyátósh
lawa -h
áha̱yalih
m -ako̱
ninak
water
m -ako̱
illít
í-
ilappa̱
okmako̱
-bíka -tok
chohmi
chi̱- ki
mo̱t
achokma -h
tana -h
faláyat
-oka̱
ákaniya
kanahat
áchásh
delta
atahlittók
kaníya
ittanówa -h
of
kiyokma̱
bi̱ka -h
-ka̱
hikako̱
í-
hihátoko̱
ikkanali
il-
okla
ta̱chi
ittanówa -h
ilhkóli -h
áchina
mary
pearl
ná
river
náhollo
kiyo
mm~hmm
kaními
anáto
ikka̱na -li -h
toko̱
pila -ttók
áchih
hihmat
yoppa
pila -hma̱
il-
pí
uh
ho̱kopat
makmako̱
i̱-
achokma -h
i̱lakat
hikiki̱ya -li -ttók
akínih
yoho̱mih
íshi
achokma -h
a̱ya -li
á bili̱ka
o̱t
kiyo
-kiya
ná
atokash
ish-
bilásapi
pih
ho̱kli
im-
-ma
work
tayyahalih
á -hma̱
iyá -li -tok -ósh
hi -hma̱
attó
i̱-
-ma
il-
tahánóka̱
hiho̱
táhli
alhlhi -ttók
ikbi -t
okmanána
fokkáli -ka̱
mm~hmm
ókano
-ato
mi̱chili
náhollo
osápa
laird
kíyoho̱
ish-
kiyotokóka̱
afammi
a̱tta -li -h
yakohmi -ka̱
kaníya -li -ttók
waiya
hókakósh
a̱ya -t
nátah
ihma
hi
-kiya
mihchi
yómi
ahnili
kapassa
á -tok
si̱ti
kati -k
water
nátah
uh
áhokchi
year
-ano
anáto
himaka̱
kiyo
a̱ ki
li
alhíha
a̱shali
at
i
ikkaná -li -h
-ka̱
o̱t
il-
-ma
ahwakako̱
ná
yohmi
makillatok
yokáchi -h
mihchi -t
pit
a̱
ayówakmato
to̱ksali
áhoyyásh
pih
a̱ya -t
-kat
mayínah
apísa -kma̱
ka
íshi
chi̱
náhollo
yóhmi
taha
sha̱hli
-ma
rent
nána
to̱ksali
íshi -li -sh
uh~huh
kiyo
sa-
retire
ála
yohmi -t
yo̱
nána
ahni -li -tok -okósh
alhíha -t
o̱t
okíyahma̱
how
ábachílánah
-ka̱
mihchánah
hokchi -h
áho̱
yohmi -h
mat
nácho̱li
thomas
hikít.iyá -li -h
i̱-
kati -k
hito̱
uh~huh
nánikma̱
shawwa
i̱la -h -o̱
sa-
siy- alhpówah
dress
yohmi -hma̱
lána
okl í-
uhh
truck
hiki̱ya
okla
yohmi