nts'ą̈'
i- ts'e- het- niign
ts'iikeey
dee- k'an'
tädn
hǫǫ- łįį
tatlogn
nah- 'än
hǫǫ- heey
u- dzag
hǫǫ- ts'eek
kol
de'
na- aa- daał
hǫǫ- łįį
le'
dineey
mänh
nił- k'i- dzal- shyah
nuh- shyah
sǫǫ
dįį- nih
sh- ta'
sh- dia'
ndehde'
dzi- hel- shyeeh
t'oot'eey
uudih
sh- eh- nih
m- ǫǫsi'
an
na- ti- daak
eh
dą'
hǫǫ- shyąą
doo
na- ts'e- 'aal
nąą
k'ahdu'
ee- dah
sh- ee'eh
dhah- tiat
tat'eey
tay'
ay
di- shyah
tsüh
ti- degn
nts'ąą'
iin
xah
ts'ist'e'
hu- ne'
duugn
ha- 'įh- chuut
t'eey
u- nįh- 'įį
t'eey
xah
hǫǫ'
degn'
u- ts'ą̈'
tagoh
tsǫǫ
t'eey
männ'
tl'aan
t'aat
s- tsǫǫ
haa- däl
u- nii- tthaad
ts'iikeey
jign
k'eh
ch'ale'
k'it
ch'a
s- tsǫǫ
eh
chee- xąą
tah
d- aadeh
tuu
chih
u- u- niik
noo'
sh- eh- nih
ha- y- įį- łuuh
tl'aan
t'axoh
jah
shyiit
de'
sh- dǫǫ- ni'
i- ch'ol
ay
xay
tnee- t'ak
dą'
iin
k'it
eh
u- tüh
ch'ale
nih
el- tsįį
k'ii- deh- tsał
sh- eh
ena'
ha- a- dogn
chih
hah- ne'
ay
da'
el- tsįį
hih- del- tth'iik
k'at'eey
dil- k'ąą
mb- eh
dih- dį'
y- eh- nih
y- eh
chi- ch'i- del- tįį
huugn
choh
t'axoh
t'oot'eey
nithoo
t'eey
u- dih- nih
sh- 'aat
ay
ogn
ay
nih
t'eey
ay
y- uu- ton'
iin
ena'
t'eey
y- eh- nih
na- h- nat- däł
n- łįį
tseeyniik
shyįį'
t'eey
dineh
ishyiit
di- tthi'
hǫ- nih
kah
eh- ts'iik
na- tset- naa
jan
iin
ts'i- dloo
eh
gaay
na- htet- dek
y- eh- nih
s- tsǫǫ
dänh
dänh
suu
eh
chih
nts'ą̈'
hu- ah- dǫǫ
ha- 'ah- da'
ay
hǫǫ'
tthii- tl'a- y- dįį- kąą
hii- eh- nih
al- tthał
dįį- t'ay
jah
nih
dinah
niithaadn
tnąy
hu- 'eh
du'
nuh- tsay
hah- 'ogn
ch'itay
ts'igąąk
iin
hanteey'
dah- nįh
shyiit
le'
ch'a
manh
tah
ski- i- hol- shyeek
hii- neh- tsay
s- ts'ą̈'
ee- gąy
shyiit
gaay
ch'a
nts'ąą'
hi- het- nąy
m- ǫǫsi'
k'eh
ch- aa- łąy
he- dąy
t'eey
heh- xaan
iin
n- t'ah
i- k'eh
t'eey
tl'oh
chih
tl'uuł
ni- huu- thek
u- k'it
xah
na- 'įh xeeł
ay
dheh- xįį
ts'ayh
ay
ay
t'oot'eey
nah- 'ogn
de'
tsin'įį
u- ke'
i- ts'it- nąy
eh- tįį
eh
t'eey
ti- dhih- shyah
duugn
n- ttheh
ina'
y- eh- nih
ti- dhih- te'
di- dhal- tth'ih
t'eey
ti- tee- łaat
iy- eh- nih
ts'ant'ay
kol
įį- dla'
du'
na- 'ih- thät
nee- 'i- ch'- eh- 'aał
yi- tet- mbah
kah
da- 'ee- dah
hǫǫ- łii
nts'ą̈'
neh- 'įį
ch'- uh- 'aal
eh
gąy
ay
nih
neexon
y- eh- nih
de'
dą'
laalil
iin
hǫǫ'
dą'
ha- a- tthuugn
nuugn
nts'ą̈'
naan'
duugn
łįį
hah- noo'
in- nay
mb- aa
na- xał- tih- tįįk
tay'
nan
tah
nuh- 'eh
xah
xah
ch'a
s- tsǫǫ
eh- shyüü
nih
n- dia'
tl'aan
ts'- ee- dlah
that
i- nįį'
eh
iin
na- 'i- thät
hih- neh- shyąą
łįį
nih
ay
sta- hnet- deeł
that
tsin'įį
k'a'
chih
łįį
ay
shyign'
iin
iin
mb- i- 'ish- nayh
iin
y- uu- nih
ina'
gaay
tsaa- dįįl
nih
tleegn
ya- thaa- 'eh- thaak
sh- 'aat
hu- xah
k'a
ts'iikeey
shyign'
ch'eładn
ch'ale
naan'
eh
degn'
tat'eey
tl'aan
tah
eh
sh- ta'
sh- aa
ni- nįį- shyah
hih- dii- tth'ak
kah
ay
nee- 'eh- nih
noołuut
ee- gąy
chih
ishyiit
n- ta'
ahugn
tuu
dänh
eh
tah
hut- shyaak
du'
iin
tąy
hǫǫ'
tadziił
eh
k'at'eey
mb- aa
dänh
nih
sh- dia'
da- nįį- shyah
shyįį'
u- dįį- nih
teeł
gaay
ts'exeh
d- aa
ay
hǫǫ't'eey
ts'adn'
ishyiit
hǫǫ'
na- tset- dek
tay'
ts'iiniin
degn'
nel- jidn
nts'ą̈'
hi- ch'- nih- that
ni- h- nįį- deel
tsǫǫ
hel- tsįį
ay
di- tl'adn
ch'ishyaan
hii- dii- tth'agn
t'eey
na- ch- 'įį- 'aał
nu'
iin
manh
el- tsįį
k'a
eh
hu- xah
diniign
t'axoh
ch'iliitthoo'
ts'anh
tįį- xaan
jah
tah
dą'
jign
tąy
tuu
tl'aan
le'
dį'
i- tsüh
ch'ih- t- nal- 'įįł
nts'ąą'
u- k'ia'
ya- he- dak
ishyiit
t'eey
nił- dzet- nih
du'
dlegn
dii
ch'ale
de'
sh- aa
t'eey
a- na- shyuugn
ni- nįį- shyah
nih
jah
tthi- hi- haak
m- i- dhagn- nüh
jahxan
shiin
jign
łaakaay
du'
k'a'
ch'itay
n- tsay
iin
niign
sta- nuh- taa- łeel
chih
ch'a
t'eey
k'a
nts'ą̈'
xa- jet- taan
iin
ay
ee- gąy
taathüh
na- h- tet- dek
hu- tih- nak
ch'inłuut
tįh- tsayh
xah
that
t'eey
ch'itay
hu
nįį- shyah
ts'ist'e'
hi- ttheeł
ts'ist'e'
dį'
s- tsay
ay
t'eey
tuu
jah
ishyiit
ts'ayy'
ee- dah
he- niik
tthi- nįį- haay
y- eh- nih
choh
nithoo
n- nąą
hi- 'et- nayh
y- eh- nih
neexon
t'eey
dii
jahxan
ch'i- thüh
ehdanh
sh- nąą
xia'
ts'ał
ay
nay
u- tl'a- ts'įį- dlay
eh
ts'iikeey
t'axoh
ch'itay
t'eey
diniign
na- tset- deeł
nah- 'ogn
ti- tįį- haal
ha- da'
jign
ni- thaad
gaay
kah
naan'
chih
hii- eh- nih
y- aa
u- dayaan'
dihthaad
nts'ą̈'
negn'
huh- shya'
hǫǫ'
hu- dhih- dlah
łąą'
ah- tthǫǫ
sh- nąą
xa- jet- 'ąą
tah
lah
hǫǫ't'eey
sta- a- het- dek
nah- 'ogn
ntl'at
įh- dlaan
t'eey
na- hat- dal
ay
iin
y- eh- nih
t'eey
yi- hǫǫ- keet
hugn
hugn
kah
neexon
chih
de'
t'ǫǫt'eey
sh- aa
tih- dįįł
ay
shyiit
thaa- hih- teh- degn
dzinah
ay
hii- tsuul
n- tsǫǫ
hii- neh- tsiik
ts'ikeey
ay
jah
dhih- day
jah
ndee
mb- i- na- nii- ch'ak- thät
n- h- taa- t'üü
shyiign
nan- tah- shye'
hii- k'it
i- dii- tth'ak
ch'- aadeh
uu- łe'
ch'įįk'on'
t'eey
du'
u- k'it
ni- nįį- shyah
sh- aa
m- ǫǫnüü
t'eey
da- 'ee- dah
chih
ishyiit
tl'aan
dih- k'ąąy
ishyiit
eh
ch'udzüüt
t'eey
na- tsat- dał
ts'i- dloo
łaakeey
i- dih- nąy
t'eey
ch'itay
kol
t'axoh
k'it
hǫǫ't'eey
na- ts'in- deel
ch'a
nts'ą̈'
dits'än
nih
ha- 'ogn
na- tset- deeł
t'eey
eh
godn
nįį- ts'eek
t'eey
t'aat
ih- t'üü
hǫǫ- łįį
shyiit
jah
hu- xah
shyiit
chih
eh
k'it
y- eh- nih
na- shyign
tay'
degn'
t'eey
ay
shyah
hǫǫ'
de'
gǫǫ
nił- 'eh
i- h- tdaa- niił
t'axoh
nts'aa'
ch'iduugn
eh
dǫǫ- dį'
de'
tah
s- tsǫǫ
hǫǫ- łįį
a- deg'
nih
ts'i- dloo
dzänh
u- neh- 'ąy
shyiign
tl'aan
oh
le'
nts'ą̈'
na- 'aat
nts'ąą'
nee- shyi'
k'it
ch'a
ts'änh
hii- dheh- xįį
ni- nįį- shyah
kah
le'e
tah
ch'i- thüh
ee- day
ch'i- dheh- xįį
le'
uu- łe'
hii- taa- łeel
chih
hąą
na- tset- deeł
jah
tl'aan
männ'
hǫǫ'
de'
ch'a
doo
nts'ą̈'
shiin
t'eey
tiki- 'at- dät
hu- dziit
da- dįį- nih
mba'
hiiy- teh- chuudn
dą'
tth'ee
eh
ay
hǫǫ- łįį
nee- hi- dlaag
oh
dziin
ti- na- ch'i- nel- 'įį'
na- ts'- hol- negn
tthi- nįį- shyah
u- shyah
eh
jah
jign
xah
hel- t'eh
na- h- tnet- dak
hi- nih
tl'aan
t'eey
ch'- aadeh
hiiy- uu- deel
tat'eey
t'axoh
t'eey
hah- 'än
di- nąą
u- xah
ndegn'
hiiy- i- xąą
k'a
hu- shyah
de'
nan'
nee- ts'ą'
ch'itay
tsǫǫ
hǫǫ- łįį
hah- nugn
hu- shyign'
nee- 'eh
sh- ǫǫnüü
nah- nel- shyeek
įį- mbeeł
hu- ts'ą'
na- aa- daał
t'eey
tthi'
tsaa- xąą
shyįį'
u- nąą
nił- 'i- h- det- nih
tl'aan
el- tsiin
k'it
t'eey
t'axoh
k'at'eey
tl'aan
na- dogn
hǫǫ'
jah
nän'
na- hat- keeł
ts'ehłag
iin
chih
s- tsǫǫ
nee- 'eh
tah
nee- xah
eh
u- k'i- haa- däl
k'a'
ishyiit
eh
naan'
na- nat- däł
ay
na- 'eh- tsįį
di- nąą
tsät
ch'- i- nel- 'įįk
u- naagn'
shyiit
ha- taa- mbeeł
ti- taa- haal
t'eey
t'eey
nan'
ay
le'
nih
m- aa
t'axoh
tl'aan
nah- 'ǫǫ
ta- del- gayh
teejuh
sh- eh- nih
ch'idanh
ti- dįį- duuh
hi- t'ąy
t'eey
ch'- aa- chinh
k'eh
k'at'eey
eh
hi- het- nay
dįį- 'ąą
di- chaa
huh- negn'
nee- 'eh- nih
ay
eh
le'
t'axoh
gǫǫ
k'a
ch'itay
ishyiit
hut- shyaagn
eh
ts'ist'e'
sh- įį- ła'
u- dhih- niik
s- tsǫǫ
sh- ih- tee- t'üüdn
hu- nįį- t'ay
jin
t'axoh
ay
hįį- łįį
dänh
hu- ah- dǫǫ
tuu
kol
tay'
di- 'aat
ła- da- t- dak- nąy
tuu
sh- nąą
t'eey
k'at'eey
kah
ay
ni- i- nat- deel
naxat
sh- dia'
nił- xa
nuh- tl'a- tsaa- łeeł
tl'aan
t'eey
chuyh
hu- gaay
ay
ha- nįį- t'ak
di- ts'įįkeey
k'it
nah- 'aat
y- eł
shyiit
ts'iikeey
ay
naagn'
xay
eh- gąy
al- tthał
n- dia'
ts'ehłagn
tąy
tah
hǫǫ't'eey
eh
ndee
tl'aan
i- dhagn- nüh
de'
k'a
ts'- neh- 'įh
eh- tįį
k'e- 'įh- tįį
iin
dhak- ts'iik
ishyiit
ay
eh- nih
diniign
ch'a
niign
i- t- dah- nil
du'
dą'
hǫǫ'
nee- ts'iikeey
tl'uuł
eh- k'aay
ishyiit
tah
deg'
t'eey
chih
jah
hǫǫ't'eey
hu- tah
naxat
nan'
t'eey
nah- 'ǫǫ
t'oot'eey
ni- nįį- shyay
tan
ay
tsat
du'
ishyiit
gaay
tl'uuł
naxat
nih
hǫǫ't'eey
ts'exeey
dahdzäł
mb- ookol
ch'ale
hu- ts'ą'
ts'anh
na- a- ch'i- h- ni- kąą'
t'eey
t'eey
jah
ch'ale'
hu- tah
łaakay
du'
shyiit
ch'a
dii
dih- dį'
t'eey
ah- shyuugn
ts'iikeey
nts'ą̈'
xah
dahdzäł
dii
hi- dąy
xah
chih
k'ahdu'
tl'aan
ch'ale
t'eey
t'axoh
iin
tah
t'eey
eh- nih
sh- 'eh
ay
ha- hiiy- įį- 'ąą
k'it
dineh
ay
he- hu- tįįł
nee- shyah
ndee
dineey
sh- ta'
na- tuu- daagn
du'
t'eey
shoh
choh
hǫǫ'
y- eh- nih
sh- chil
ah- dogn
niign
ee- gąy
hǫǫ- t'eh
na- tnee- t'aa
ay
sh- ttheh
duugn
tthee
choo
tl'aan
iin
dih- nih
i- h- del- 'ay
shyįį'
t'eey
sta- a- 'in- shyah
nel- jit
di- dhal- tth'ih
d- uh- noo'
n- ts'uu- 'aal
gaay
k'at'eey
ts'ayh
ts'ehłegn
ay
eh
gaay
hah- na- daat
ishyiit
łi- gaay
tah
hǫǫ- heey
soon
tuu
k'a
du'
tee- shyah
jahxan
dih- dį'
duk
hu- t'a- h- tee- deel
gaay
choh
y- eh- nih
d- uh- noo'
mb- aa
hǫǫ- tl'at
gaay
n- shyaats'e'
di- xeel'
hii- xah
hah- 'ogn
s- tsay
na- chee- 'aal
ch'a
nithoo
ti- taa- haal
ts'exeey
iin
dih- tth'egn
nee- 'eh- nih
nih
det- shyaak
ni- nįį- shyay
ishyiit
dhih- dah
iin
gǫǫ
hii- neh- tsiik
ch'i- thüh
na- h- tet- dak
aa- haal
iin
tah
hah- nogn
hu- xah
iin
na- hat- dał
ay
ch'a
h- i- 'agn- nay
nih
t'eey
kon'
ch'a
nee- k'eh
hu- ookol
ishyiit
nih
hǫǫ- łe'
ch'a
xah
shyįį'
dą'
y- eh- nih
niign
t'axoh
ch'itay
k'eh
chih
na- el- soo
nts'ą̈'
du'
xah
nih
jign
ishyiit
nts'ą̈'
ts'i- xąą
tah
tah
tthi'
e- tsaa
xah
di- chinh
h- u- ts'e- nih
that
ay
ts'änh
nih
de'
s- tsay
ch'ale
uu- niik
ch'- aa- chinh
du'
tagoh
t'eey
ishyiit
lah
k'at'eey
h- i- d- ish- niih
he- tsaa
t'eey
xay
tuu
jign
hii- dal
hu- ch'a'
hi- ts'e- het- niign
nts'ą̈'
ah- ne'
dih- tth'ak
ya- he- dak
hugn
dhih- day
t'eey
godn
hu- xah
dih- nay
tuu
iin
k'at'eey
n- aa
sh- i- nol- jidn
xay
tthi- dzįį- deeł
gaay
hǫǫ'
u- nįh- 'įh
tl'aan
hanteey'
k'eh
eeł
jah
ch'- aadeh
shyiit
jahxan
tagoh
ch'a
da- 'ah- dlaak
hǫǫ- łe'
nts'ą̈'
ay
nts'ą̈'
t'axoh
da'
tl'aan
shyiit
ay
hu- h- tdaa- niił
t'axoh
k'ąy
tah
ay
t'axoh
ch'i- hu- ha'
xayh
tuuthał
s- tsǫǫ
di- xol'
ti- dhih- shyah
na- n- ch'- ts'įį- 'aał
ǫǫ- dla'
ay
xah
de'
dąą'
eh
eh
hįį- xaan
hu- na- degn'
hǫǫ't'eey
xay
del- tth'ih
ena'
eh
nts'ą̈'
sh- da- nįį- gąy
y- eh- nih
tl'aan
di- dia'
n- ts'ą'
ch'įįk'on'
t'oot'eey
na- tset- dek
k'ah
hu- xah
ts'exeh
taa- t'oo
ay
eh
iin
na- tet- shyah
del- dziit
na- hi- hol- negn
y- aa
that
sh- nąą
du'
di- shyah
ay
i- dlaak
sh- chil
hii- doo
y- eh- nih
eh
eh
ts'ehłegn
y- eh- nih
xah
tah
kah
ay
jin
dineey
tąy
eh
iin
noo'
hǫǫ- teel
ah- dǫǫ
le'e
hii- 'i- det- niih
ch'itay
ishyiit
ha- daat
dheh- xįį
ay
iin
dii
t'axoh
ch'ah
du'
na- h- dheh- xįį
sh- k'eh
sh- 'aat
eh
taag
el- tsįį
iin
ts'anh
hiiy- i- 'aal
dänh
iin
tl'aan
nee- haal
tsee- neey
choo
y- eh- nąy
y- eh- nih
t'eey
t'eey
de'
oh
tah
hi- hu- nay
ti- nįį- łeey
ndugn
de'
hu- ts'adn'
xah
dąą'
ch'ale
tah
na- tset- dek
dindeh
k'at'eey
tąy
iin
t'eey
eh
del- tth'ii
hih- del- xoo
di- 'eł
t'eey
iy- eh- nih
aan
k'it
t'oot'eey
shyiit
dąą'
k'at'eey
nih
s- ts'ą̈
t'ay
kah
duk
ch'itay
u- k'eh
shyiit
u- dih- nih
ch'a
sh- i- nǫl- jidn
nįį- shyay
hiiy- uu- si'
mb- aan
ts'ehłegn
ch'a
chih
hu- nah- 'įh
t'eey
heh- teegn
y- u- dįh- tlak
sh- ǫǫnüü
di- dia'
tl'aan
hǫǫ- łe'
ha- 'ǫǫ
iin
de'
ishyiit
mänh
nu'
ch'itay
hǫǫ- łįį
dänh
hugn
tl'aan
du'
eh
tl'aan
ts'al
hah- 'üh
na- htet- neegn
jin
ay
de'
eh
hǫǫ- heey
xah
mba'
taathüh
neh- 'įh
hǫǫ'
ch'itay
aa- haał
noo'
t'eey
na- 'at- shyah
mänh
tah
i- gaan'
tl'aan
noodlee
oh
dzel- tth'iik
t'eey
t'oot'eey
tuu
hih- naa- dał
ay
na- tset- deel
ah- noo'
eh
eh
ay
t'eey
iin
tl'aan
ni- na- taa- łeeł
eh
y- įį- 'aał
eh
na- tsat- dał
iin
hǫǫ't'eey
hǫǫ'
ndehde'
le'e
hugn
i- xeel'
chuyh
na- n- ts'uu- 'aal
tat'eey
chaay
ts'i- dek
ts'iikeey
tl'aan
t'eey
k'it
ndee
ne'
n- tsay
tąy
dii
y- aa
tl'aan
na- tǫǫ- daagn
i- dheh- xįį
y- eh- nih
du'
iin
hǫǫ- t'eh
nii- taa- daał
ch'a
m- ǫǫsi'
na- h- tet- deeł
ch'a
hut- shyaak
ni- thaad
na- 'i- that
hǫǫ
di- chee- t- 'aa
ch'itay
ay
dih- nih
ha- shyuugn
degn'
ho- hįį- xaan
ni- i- in- shyah
ts'iikeey
nday
łįį
sh- nąą
taathüh
nan'
manh
that
tsin'įį
ay
nih
shyįį'
iin
hu- nąą
t'eey
iin
tah
gaay
he- nih
k'ąy'
ay
nts'ą̈'
iin
y- eh- nih
dzinal'iin
ay
hii- tal- shyeek
doo
i- te- dheh- xąy
dii
nįį- dat
he- tsah
dih- t'eh
iy- eh- nih
yi- nel- jit
k'at'eey
tsät
ts'iikeey
eh
t'eey
tl'aan
mb- i- hǫǫ- łįį
shin
y- eh- nih
iin
hiiy- eh- nąy
dįį- 'ah
hu- 'eh
sh- ke'
dhih- dah
hǫǫ- łįį
da- hiiy- ih- dlaak
ch'- aadeh
eh
i- dichinh
hǫǫ- łįį
k'it
t'eey
chih
udzih
łahtthegn'
eh
di- łįįg'
na- hol- nek
ts'anh
ddhäł
ishyiit
nih
hǫǫ'
chi- nogn- 'įį'
k'it
nee- k'įįl
ee- dlah
ch'ale
sh- eh
na- tet- łeek
tl'uuł
na- h- del- tth'ih
ay
dzel- tth'ih
ła- hii- tnah- ch'ił
ay
gaay
xah
tah
hi- ts'i- et- nayh
nts'ą̈'
kon'
än'
hi- nih
i- neh- 'įh
dindeh
sǫ'
t'eey
shyuugn
shyii
k'at'eey
nih
dahdzäł
ah- noo'
eh
shyiit
s- tsąy
tl'aan
nee- shyi'
ch'ale
hu- k'ah
de'
k'a
ay
t'eey
t'oot'eey
chinh
de'
tah- däł
tah
eh
a- daat
mb- aa
tl'aan
ni- hee- deeł
del- gay
shyiit
chuyh
hǫǫsǫǫ
tsǫǫ
eh
shyiit
tl'aan
ch'a
ch'itay
sdzi- hǫǫ- 'ah
hi- xąą
nil- jit
jah
nih
ch'a
t'eey
iin
du'
hi- dąy
hǫǫ't'eey
hǫǫ'
k'it
nts'ą̈'
tl'uuł
ch'- aadeh
ha- sa- huh- 'aay
nts'ą̈'
tii- haak
na- a- tah- nek
tah
shyii
jah
ch'a
k'it
shi- he- nih
kelahdzeey
iy- eh- nih
ch'a
sǫ'
naagn'
hǫǫ'
ha- dogn
shyiit
łįį
k'at'eey
t'eey
tl'aan
du'
heh- xąą
ay
k'a
eh- shyüü
nuh- 'eh
ay
eh
de'
chih
chih
ay
na- 'in- shyah
t'axoh
iin
hu- hi- nąy
di- dhal- tth'ih
n- uu- tee- kol
ch'itay
ts'änh
eh
yi- hǫǫ- keet
eh
eh
tse- neek
sǫ'
ay
shiin
ch'a
xa'
tuu
tah
xał
ha- hįį- deeł
hǫǫ- heey
ta- ts'i- łe'
sh- nąą
hu- dii- dlay
nih
nih
jah
ishyiit
sh- ǫǫsi'
hu- ǫǫsi'
eh
tah
shyiit
t'aat
t'eey
ch'aachin'
du'
nįį- thaat
jign
he- nay
du'
heh- 'ąą
łįį
k'at'eey
sh- ee'eh
ay
nan'
uu- łe'
tl'aan
ch'ale'
tah
du'
t'a- ch'- įį- shyiił
ch'- i- naa- dał
kah
kah
ha- na- ts'at- deeł
hugn
da- nah- deel
du'
xayh
t'eey
tl'uul'
hu- nįh- 'įh
ih- dloh
iin
tl'aan
ts'i- dloo
iin
noo'
nee- he- nih
ay
iin
hiy- uu- nih
kon' nia'
jah
ch'a
ǫǫ
tl'aan
jah
įį- da'
de'
hut- gaayh
ah- dogn
shyįį'
hǫǫ't'eey
nee- 'eh- nih
hii- huu- heek
dih- t'eh
tl'aan
tädn
hugn
noo'
degn'
tl'uuł
t'oot'eey
iin
degn'
ch'a
doo
eh
łįį
y- eh- nih
t'eey
u- tah- sih
u- tįh- tsay
jah
oh
ya- 'i- mbeek
ch'i- ts'ą̈'
k'eh
nįh- 'įh
tl'aan
ni- 'eeł- ts'e- łeek
jah
k'a
iy- eh- nih
t'eey
ee- dah
hu- xah
nah- dą'
sh- ttheh
k'at'eey
na- hat- däł
dineh
di- dia'
thüh
dih- tth'ak
du'
hǫǫ'
tat- xoł
m- i- hǫǫ- łiin
jign
na- 'ǫǫ- daał
teejuh
ch'a
įį- sǫǫ
tl'uuł
hu- t- dįį- nįįł
tah- dak
iin
sh- įįtl'aat
u- dįl- kan
tay'
nįį- deeł
dąą
sh- noht'aagn
dindeey
jin
tsi- dek
tl'aan
hul- 'įh
doo
tsee- kįį
na- tet- shyah
shyiit
hu- he- nih
du'
i- ts'e- het- niign
eh
nįį- dlay
nts'ą̈'
k'įįy
hah- 'ogn
t'eey
nih
nįį- shyah
tl'uuł
dii
ha- no- shyugn
na- h- del- tth'iik
nsüü
da- h- dal- tth'iign
ch'a
ddhał
dänh
hǫǫ- łįį
t'eey
k'i- 'ah- deel
aan
aa- haał
manh
de'
doo
tsǫǫ
hu- ts'eh- 'įh
eh- ts'ayh
shyįį'
t'eey
dindeh
tah
du'
sh- eh
ts'änh
k'it
ay
tnih- hoł
shyii
neexon
ch'itay
t'eey
de'
hu- 'eh
tsaal
iin
da- nįį- shyah
dąy
ni- i- in- shyah
kah
ahą
chih
nts'ą̈'
iin
kol
t'eey
ay
hu- kah
n- tl'a- hii- taa- 'aal
nts'ą̈'
k'ahmänn'
na- 'eh- tsayh
ti- dhih- shyah
k'a
da- ts'ee- dlah
t'eey
hugn
ah- dogn
del- tth'ih
ishyiit
sh- nąą
tah
eh- nih
k'it
y- eh- nih
gaay
nuh- xah
iin
nįį- deeł
ay
n- t'ay
k'at'eey
ch'a
ishyiit
nee- shyaan
ch'itay
nee- 'eh- nih
uh- łe'
nił- ts'- u- del- kanh
gǫǫ
dah- k'aay
iin
dą'
nts'ą̈'
y- eh- nih
n- t'ay
u- tth'an'
t'eey
hii- 'et- nayh
de'
eh
ina'
kol
ni- i- in- shyah
shyii
dį'
t'eey
hǫǫ't'eey
s- tsay
jan
ts'aht'udn
t'eey
nee- ts'iikeey
ee- dlay
t'eey
tl'aan
chih
dineey
xay
ay
dą'
dänh
noodlee
y- eh- nih
nih
eh
ay
hanteey'
dąą'
y- eh- nih
shyiit
da- na- tnee- haan
keeyjiidn
jin
t'eey
iin
ts'exeh
t'eey
tthi- nįį- shyah
hiiy- eh- niign
u- neh- 'ąy
n- t'ay
nu'
ts'iikeey
k'a
iin
na- h- tet- deeł
that
ay
de'
nts'ąą'
a- nogn
dą'
ha- naat
ha- 'ogn
jahxan
tl'aan
di- ts'ayy'
iin
hi- nįį- deeł
tah
t'axoh
niign
na- 'ih- thät
tah
nts'ą̈'
e- tsaa
shyah
ch'iithoo
ha- 'ogn
eh
ch'itįįł
ch'aachin'
ch'a
nah- 'ogn
ch'a'
y- įh- kaan
hǫǫ- heey
shyiit
ay
he- nay
k'eh
dineh
eh
nts'ą̈'
sh- ta'
nah- dǫǫ
tet- dät
du'
k'üdn
sh- eh- nih
tl'aan
ah- naat
ni- hnįį- naa
hu- nąą
dǫǫ- dįį'
nee- kah
t'eey
eh
įį- tsuul
hu- 'eh
ni- i- het- dek
ii- łąy
kelahdzeey
eh
hat- shyąą
na- nat- däł
nday
t'axoh
nih
iin
iin
iin
nan- tah- tsayh
ay
hu- 'elsüü'
k'at'eey
gaay
hǫǫ'
sh- eł
ay
t'oot'eey
ch'a
shyiign
jah
tąy
teejuh
dineey
u- dia'
t'eey
ha- 'ogn
k'a
ch'ale
t'eey
tąy
ts'iikeey
hu- det- nąy
tuu
hih- huh- 'üü
nee- k'eh
ha- hįį- deeł
nee- 'eh
ay
hu t'eey
sh- da'
teejuh
hu- 'i- chi- jel- nih
nee- 'eh
s- tsǫǫ
al- deeł
jah
nts'ą̈'
nts'ąą'
tuutįįł
nee- k'eh
s- tsǫǫ
hu- dziit
nithoo
ła'
iin
dzįį- tsįį
hu- chil
ch'iik'on
eh
ay
neexon
hi- in- nay
iin
xah
sh- ǫǫnüü
männ'
ishyiit
ni- hnįį- naa
sh- tayy'
hul- tsįį
hah- 'ogn
ena'
hel- t'eh
dineey
y- eh- nih
dį'
u- ts'iiniin'
hu- tah- nąy
tthi- hi- haagn
ti- dhih- te'
t'eey
di- 'aat
hanteey'
ih- chah
iin
dindeh
t'eey
ay
ts'exeh
nts'ą̈'
du'
ah- nǫǫ
tay'
tuu
dindeey
uu- te'
t'eey
manh
choh
hah- 'ogn
na- ch- 'įį- 'aał
tsät
eh
jah
m- ǫǫsi'
dii
ki- 'įį- haay
shyiit
dą'
t'eey
xah
nih
iin
nday
aa- haał
hi- huu- sih
y- aa
ts'e- dį'
hǫǫ- heeyh
ni- i- 'in- shyah
sta- 'el- thät
de'
hu'
u- kol
eh
ha- aa- tthiit
ay
k'ahmann'
dlegn
łįį
ch'itay
oh
chih
k'at'eey
t'oh
u- taa- łeel
dziin
eh
iin
sh- aa
dąą'
ay
ts'änh
nuh- 'u- del- kan
u- nąą
ena'
mb- aa
dii
sǫ'
y- eh- nih
nel- jit
nithoo
hǫǫ- łįį
ni- nįį- shyah
ts'ehłagn
ch'ik'eh
jah
huu- kol
shyiit
eh
xeel'
hih- dįį- tsįį
u- dih- nih
nuh- 'eh
xah
nee- tąy'
niign
ti- haak
du'
eh- ts'iik
eh
dhak- tąą
nih
ch'aachin'
nįį- shyay
du'
na- 'įh- xeel
k'at'eey
huu- suuy
mänh
ti- 'at- nagn
na- hat- däł
eh
t'eey
xah
chih
t'eey
ehdanh
hi- xąą
kelahdzeey
nii- hin- deel
u- shyiit
hu- t'eegn
ay
chih
hih- nįį- deel
kol
n- łįį
nee- 'eh- nih
ttheh
įįjih
ts'exeh
eh
s- tsǫǫ
doo
dąą'
dą'
jah
thüh
eh
ay
heh- tsįį
k'ahmann'
ch'i- h- dheh- xeek
nił- 'eh
ay
y- eh
ay
neexon
dahdzäł
tl'aan
xah
dog
k'it
naht'ag
t'eey
tsin'įį
taathüh
nee- ts'iikeey
k'at'eey
tl'aan
t'eey
el- tsiin
ah- da'
ee- dlah
ts'oo
łaakeey
iin
iin
iin
t'eey
łi- gaay
hǫǫ't'eey
u- dia'
nee- xah
iin
shin
k'įį
tuu
ay
t'eey
that
ay
t'eey
t'axoh
ishyiit
shyįį'
nay
du'
na- 'įh xeeł
u- dzeh'ogn
niign
dziin
hǫǫ'
that
ch'ale'
da- 'ee- dah
ski- 'at- dät
ch'a
ay
du'
tah
dih- t'eh
u- t'ah
eh
de'
u- shyiit
eh
na- teh- xeeł
nts'ą̈'
jan
da- tnel- dok
ha- noo'
shiy
hu- xah
nił- 'i- h- det- nih
tsee- deeł
hi- tish- nay
t'eey
tth'itu'
ay
hu- dzaa- nił
ay
iin
m- ǫǫndaa
nts'ą̈'
na- y- ti- łeey
ts'ist'e'
ni- įl- tthat
t'eey
t'eey
ay
tl'aan
nuh- 'ih- uh- keedn
ch'itay
iin
dąą'
ay
ts'igąąk
doo
hu
ch'itay
ay
t'eey
dii
sta- ch'- nįl- 'įį
ay
ch'ishyoon
ut- sįį
ch'a
hii- k'eh
iin
de'
iin
ay
y- eh
chih
tat'eey
t'eey
shyiit
iin
ha- hii- taa- 'aał
na- hal- nek
ts'ehłag
du'
nii- 'et- dayh
hǫǫ't'eey
jah
eh
hah- 'ogn
ts'exeh
m- ǫǫsi'
nuun
t'eey
ina'
ch'a
nts'ą̈'
sh- naagn'
hul- tsįį
tl'aan
laalil
hǫǫ'
t'eey
nts'ą̈'
k'at'eey
tthi- nįį- shyay
u- xah
nuh- 'eh
jah
t'eey
ts'exeh
k'it
hi- 'et- nayh
tat'eey
t'axoh
ni- 'eh- 'ah
ay
hu- nah- 'įh
du'
hu
taatsąą
tah
that
ee- dah
tsee- naa
xay
k'it
nih- thänh
ayt'oo
t'aat
- neh- tsayh
hǫǫ- łįį
hu- ǫǫsi'
shyii
tąy
uu- niik
nih
ch'- hįį- xąą
dindiign
s- tsay
dzii- tth'ak
ts'ist'e'
ch'ale
hah- 'ǫǫ
u- nts'ą̈'
ts'exeey
nuh- xah
naxat
ts'oo
t'oot'eey
iin
dii
hįį- xaan
ni- hnįį- deeł
nih
du'
uudih
ee- dah
d- uh- noo'
hiiy- uusi'
he- nih
hǫǫ'
mb- aa
ayaah
iy- eh- nih
k'a
ha- al- dayh
ch'a
tl'aan
ch'ale'
nee- 'eh- nih
chih
id- net- t'iah
da'
chih
iin
ni- thaad
that
jah
dį'
tah
shyiit
nah- 'ogn
eh
ch'i- nuh- 'įį
ee- gąy
dą'
sǫ'
hǫǫ- łįį
ta- nel- 'ah
nday
eh- tįį
t'eey
yi- nįį- than
dąą
nił- ts'e- het- niign
gah
de'
hǫǫ'
ts'oo
k'at'eey
sh- ee'eh
nah- 'ǫǫ
mb- ehtle'
ay
dzih- k'ąą
a- dogn
e- tsaa
hǫǫ- łįį
de'
y- eh- nih
kon'
negn'
idzii'
hu- ta'
jah
hǫǫ'
ts'anh
t'axoh
ti- tet- nak
dah- nąy
ni- i- haag
da- nah- deeł
eh
tąy
łaakay
i- dii- tth'ak
noo'
gaay
dhįį- dah
ta- dhih- dah
ishyiit
diniign
k'eh
ay
nts'ą̈'
sta- nįį- t'ak
ch- ǫǫndaa
ts'i- neey
tah
taa- maagn
teeł
sh- eh
de'
t'eey
tak- shyik
hanteey'
tlodn
k'a
taa- łeeł
doo
shyįį'
tag
nee- he- niik
dhįį- dah
ts'įį- łįį
s- ts'ą̈'
shyiit
da- heh- tiadn
du'
ne'
ch- aa- łąy
tsat
du'
hǫǫ- łįį
ts'anh
ch'ah
dee- k'an'
hu- ch'a'
nday
'eh
y- eh- nih
ina'
jah
olga
chih
d- aadeh
k'at'eey
t'eey
dishyįį'
dänh
iin
t'eey
eh
i- nii- thįį'
t'a- y- įh- tl'iit
ts'ą'
de'
nih
de'
t'eey
jah
chih
ts'oo
naxat
nts'ąą'
nih
xah
nts'ąą'
ay
su'
nan'
he- dąy
ni- nįį- shyay
xah
nel- jit
t'eey
ay
that
ishyiit
eh
tl'aan
ay
laalil
dineh
doo
sh- ee'eh
shyiit
y- eh
iin
nahugn
ay
ts'änh
ch'a
y- eh- nih
gǫǫ
na- n- ch'- ts'e- 'aał
dänh
tl'uuł
hǫǫ- heey
nee- naattheh
ch'a
tl'aan
eh
hu- ch'a'
ch'inłuut
ishyiit
na- 'ogn
na- - nel- 'įįk
na- shyuugn
t'aat
ishyiit
heh- mbia
eh
jah
ishyiit
du'
iin
hugn
ena'
that
teek'ät
hu'- ookol
t'eey
hǫǫsu'
ni- nak- tįį
chih
hu- ut- shyah
ch'a
ay
ay
ddhał
hu- ǫǫsi'
huugn
ishyiit
ts'ayh
ch'i- h- dheh- xeek
y- eh- nih
t'eey
dänh
hu- ch'a'
chih
t'eey
ay
y- eh- nih
tth'aak
nah- 'ǫǫ
ay
tah- 'aal
dih- t'eh
choh
ya- he- dak
ch'- uu- del- tl'įą
hu- xah
nee- ts'ą'
dąą'
gąy
jah
ts'i- xąą
k'ii- nįį- ttheeł
hel- t'eh
iin
that
y- eh- nih
nee- 'eh
eh
nän'
t'eey
eek
chih
s- tsǫǫ
eh- nih
ch'a
n- łiin
iin
sh- eh- nih
i- dzaa- niił
k'eht'aa
that
tlok
du'
shyąą
t'eey
ah- noo'
hugn
ch'a
t'eey
iin
iy- eh- nih
y- eh- nih
ishyiit
k'at'eey
t'oot'eey
nts'ą̈'
nan'
sh- ookol
t'eey
nih
dih- di'
hǫǫ'
ch'įįk'on'
dineh
m- i- hǫǫ- łiin
dih- tth'ek
jah
nts'ąą'
k'a
tthee
uh- ha'
ay
xah
y- eh- nih
t'eey
t'eey
de'
deh- 'įh
di- ts'iiniin'
k'it
ay
nee- ła'
na- h- teh- mbik
tl'a- hiiy- įh- tįį
hiiy- eh- nąy
tädn
ay
dindeh
choh
taa- t'eey
įh- xąą
iin
ay
di- nąą
ts'änh
ts'i- dloo
te- łąy
ch'itsay
ay
hǫǫ'
sh- nąą
sh- k'eh
aa- duuh
y- aa
iin
du'
i- k'it
thüh
eh- nih
jahxan
nah- 'ogn
iin
k'at'eey
sh- ta'
ne'
dänh
ch'a'
t'eey
tl'aan
nts'aa'
tah
ch'ale'
eh
uh- te'
nih
ddhał
k'at'eey
ina'
ni- taa- haal
chih
įį- 'ąą
t'eey
heh- teek
tah
uudih
ay
m- ǫǫsi'
ch'- aa- chinh
ay
ch'a
t'oot'eey
u- shyiit
tah
iin
ch'- duh- łeey
hel- tsįį
xah
ts'oo
xayh
ła- nįį- that
na- tush- shya'
u- ts'ą'
hǫǫ
nuun
tah- tiadn
ina'
nts'ą̈'
hǫǫ'
nts'ą̈'
ch'a
s- ts'iniin'
di- 'aat
choh
t'eey
iin
ttheh
tl'uuł
t'eey
tah
tsaa- dįįl
dąą'
gaay
tayh
tl'aan
ch'a
eh
ch'a
k'it
that
m- uu- tee- łe'
hu'- ǫǫnüü
hǫǫ'
t'eey
k'at'eey
elih
t'axoh
el- tsiin
ni- shyeeh
dąą'
du'
t'oot'eey
ch'a
chih
nih
hiiy- uu- siik
ch'aldzeek
kon'
ha'
dineey
k'it
da- dih- nay
ay
le'
ttheh
ni- na- ts'in- deeł
i- säł
ch'i- dänh
ni- nįį- shyay
il- tthiit
k'ahdu'
that
huh- negn'
noo'
de'
hǫǫ't'eey
nts'aa'
jah
ch'ale
na- hogn- ndagn
dlegn
hu- xah
na- 'ųų- 'aal
jah
naadlįh
ch'a
tthee
eh
nee- 'eh
ch'itay
t'eey
ay
shyah
eh
gaay
uh- haal
ch'idanh
dąą'
ena'
k'it
tsat
nee- tsay
dineey
hu- doo
choh
ts'igąąk
na- 'įh xeeł
ts'ist'e'
tl'aan
du'
nuh- shyah
ts'exeh
ee- dah
t'eey
k'at'eey
ay
du'
na'
sh- k'eh
ah- dał
na- hat- däl
ay
diniign
iin
sh- chil
įh- dlaan
t'eey
u- he- nih
dzel- tth'ih
ch'a
dzänh
tah
taag
ch'ishyaan
de'
k'it
ay
t'eey
taathüh
ts'ät
u- k'eh
t'eey
k'ąy
dih- nih
na- hol- ndegn
iin
kah
shyiit
tah
k'ahjil
hih- del- tth'ii
hii- ttheh
gaay
na- teh- xeeł
n- tak- dayh
nił- dzet- nih
gǫǫ
tah
ch'itay
xah
y- aa
uudih
mb- i- ts'et- nayh
taa- 'aal
ay
di- nąą
hǫǫ'
jah
sh- ta'
ishyiit
chih
tthee
ts'anh
du'
sta- a- in- shyay
dii
du'
dänh
u- h- dih- 'aan
ts'ät
dineh
na- tal- 'oh
xah
hu'- ah- xąą
na- huh- shyiign
nee- ts'iikeey
nii- deh- xay
dhih- dah
ch'i- h- dee- 'aagn
that
hǫǫ'
ch'i- dänh
mb- aa
degn'
iin
t'axoh
s- tsǫǫ
ishyiit
that
ya- 'e- mbeek
nih
nts'ąą'
na- uu- n- dayh
del- tth'ii
i- tel- tät
dänh
iin
hu- 'i- huu- shyay
iin
ts'exeh
eh
nts'ąą'
dih- shyaak
kol
ch'iithoo
ch'a
nts'aa'
dzi- hel- shyeeh
üh
m- i- ts'i- ish- niign
iin
dį'
t'axoh
nee- 'eh
ay
ła- dee- k'ąą
dzinah
hǫǫ'
diniign
degn'
łįį
ee- dah
de'
hu- ta'
ay
nił- 'u- dzel- kan
hih- del- tth'iig
duugn
hǫǫsǫǫ
ts'- nįį- deeł
that
dineh
jah
ts'įį- łįį
sh- nąą
nee- xah
iin
le'
s- tsąy
teeł
hu- degn
nts'ą̈'
dzänh
ih- dloo
eh
eh
tel- tthät
degn'
eh
hu- h- naa- dał
s- tsay
nts'ą̈'
eh
tsät
hi- nąy
hǫǫ't'eey
ishyiit
tl'aan
na- it- deeh
dzänh
na- ti- daagn
t'oo
dąą'
ay
sh- nąą
hǫǫ'
du'
s- tsǫǫ
ch'a
eh
na- ut- kuy
mb- ookol
t'eey
tthee'
eh
dą'
eh
sh- a- h- di- ni'
hǫǫsǫǫ
m- ǫǫndaa
ndee
di- 'aat
du'
gǫǫ
a- dogn
eh
ts'ayh
nįh- 'įh
nah- 'ogn
a- shyuugn
iin
jign
diniign
hih- teejuh
laalil
t'eey
i- k'it
tah
xa- jet- 'ąą
tädn
ina'
tah
gǫǫ
dii
xia'
k'it
nee- 'eh
nįį- shyah
t'eey
eh
dineh
y- eh- nih
ishyiit
mbeetsal
hah- ne'
tsin'įį
hu- shyi'
u- shyiit
nih
na- ti- dįh- deel
nee- i- ch'ih- 'aał
xah
nuun
nts'ą̈'
dzii- teh- 'ah
u- dih- nih
ti- at- nak
heh- tsay
ch'a
ti- keek
łaakay
hiiy- i- dlaak
t'eey
ya- h- nįį- shyeek
nduu
ni- aa- haal
de'
de'
iin
t'eey
jah
eh- nih
iin
di- xol'
łaakay
hu- xah
t'oo
tah
tsat
ni- nįį- shyah
k'it
ch'i- ttheh
iin
na- tet- shyah
na- t- nal- 'įįl
nuh- xah
shi- hįh- tįį
that
shyįį'
nee- shyi'
n- ee'eh
łaan
hǫǫ- ts'eegn
kon'
dheh- xiin
huu- t- shyaagn
kol
tl'aan
u- nąą
ch'a
eh- tsįį
ch'i- chąągn
dul- tth'i'
ch'itay
ǫǫ
ch'i- nts'ąą'
nday
ch'ale
nee- ts'ą̈'
hu
kon'
xah
ts'exeey
ishyiit
ehdanh
suu
ishyiit
jah
hu
ts'änh
na- n- ts- dhah- xeh
ch'a
dzii- tth'ak
na- ta- te- łeek
ha'
iin
tiki- 'ǫǫ- shya'
du'
t'oot'eey
łakaay
iin
iin
i- tah- ch'ee
ay
sh- eh
įh- dląą
di- tl'adn
sǫ'
nts'ą̈'
ya- he- dak
k'it
ts'al
hǫǫ'
jahxan
uu- niik
tuh- shya'
aan
dii
ay
chinh
ts'exeh
ch'a
ch'ale
k'a
tuu- shya'
ddhał
de'
s- tsǫǫ
hu- he- nąy
xay
sh- ǫǫnüü
na- y- deh- xay
u- del- kan
t'eey
ishyiit
naalil
uudih
ti- in- dat
mb- i- - nil- jidn
y- eh- nih
na- 'in- shyaay
t'axoh
na- tįį- daąy
n- tsay
k'it
shyiit
taag
jah
du'
nday
ay
ts'exeh
hǫǫ'
t'eey
t'eey
dineey
k'a
sta- a- het- dek
nts'ą̈'
łįį
kah
ts'eh- k'aay
xah
naxat
ay
m- eł
eh
ts'exeey
ch'a
u- dih- nih
i- xol'
n- ts'iniin'
eh
ay
gaay
t'axoh
jah
nee- k'eexaagn
a- dogn
ha- a- 'il- tthiit
noo'
he- nih
iin
ch'itay
t'eey
an'
hǫǫ- heeyh
dąą
tl'aan
ch'itay
nee- shyah
de'
i- teh- day
eh- niik
tee- shyah
na- dzal- tth'i'
eh
nah- 'ǫǫ
eh
hǫǫ'
k'eh
ay
tl'aan
an
eh
ch'a
eh
hii- shyiit
oh
t'axoh
di- che'
chih
ay
gǫǫ
na- hol- nagn
tl'aan
sh- ta'
hii- eh- nih
noot
sh- lįįgn'
hǫǫ- t'eh
nay
eh
ts'iikeey
nee- k'eh
ay
t'oot'eey
hąą
de'
t'axoh
k'ahdu'
chih
hii- eh- nih
t'eey
niit
ne'
thaa- teh- thad
guuy
hih- nįį- nąą
u- tsįį'
du'
ahą
ła'
ddhał
hugn
chįį'aay
tih- haał
laalil
ishyiit
n- naagn'
k'ahdu'
jah
ch'eh- teek
hih- deh- k'an'
hǫǫ't'eey
noht'aagn
nee- xah
dhih- dah
dii
shyiit
na- tsut- deeł
t'eey
tüh
tsin'įį
du'
xah
tl'aan
ts'įį- łįį
eh
u- tth'an'
hǫǫ'
chih
shyiit
xah
hu- xah
sh- aa
k'ahdu'
nts'ą̈'
jign
s- tsǫǫ
hǫǫ'
nuh- xah
hugn
du'
hih- nįį- deel
tuu
n- keey
n- tth'an'
t'eey
uudih
na- tih- daał
ah- mbiah
jah
iin
ddhäł
ts'ayh
eh
tet- shyoh
ay
hah- 'ǫǫ
ah- degn'
tuu
dogn
dzįį- tsįį
taa- t'oo
kelahdzeey
ni- thaad
duugn
ddhał
nįį- dat
hah- degn'
sh- chil
kitl'a- ee- duu
dhįį- dah
noodlee
tah
hu- ts'ade'
huugn
du'
ch'etl'aa
k'at'eey
ts'iikeey
shyüh
tthee
iin
k'ąy'
xah
ni- 'įį- ha'
tay'
iin
hu- t- nįį- deey
hu- degn'
hǫǫ't'eey
eh
dineey
hii- eh- nih
t'eey
k'it
ah- degn'
hah- dogn
tth'a- ts'ih- łeey
shyiit
tah
u- dayaan'
na- na- y- deh- tl'ek
ch'a
that
niign
nee- xah
mb- aa
dą'
hu- nu'
na- tdal- nąy
he- sal
ay
xah
ishyiit
duu- t'e'
nih
sh- nąą
t'eey
dziin
tl'aan
tuu
tagoh
k'ahmanh
hu- tee- łe'
t'eey
ay
sǫ'
ts'exeh
nän'
hii- k'eh
tl'oh
iin
t'eey
ts'almbeet
ee- dodn
chih
t'eey
ch'- i- naa- dał
in- nay
eh
aa- haał
jah
t'aa'
naagn'
tąy
ni- ts'- nįį- nah
m- oondaa
nelsüü
ni- i- hiiy- el- shyeek
t'eey
xah
iin
hu- 'i- h- huu- shyaak
shyįį'
jah
shyiit
ni- įl- tthat
hu'- ookol
shyiit
sh- ta'
k'a- dii- dą'
niign
u- nąą
mb- eh
tsüü
ay
na- tįį- daak
hu- nąą
k'it
eh- tįį
y- eh- nih
nts'ąą'
nih
tąy
m- ǫǫnüü
dzel- tth'ih
ch'i- thüh
t'oot'eey
näl
dänh
y- eh- nih
nee- 'eh- nih
ts'eegn
ch'ale
u- dįį- nih
sh- ta'
tah
nee- naattheh
tah
ha- ni- t'ah
shyiign
ti- y- nįh- tįį
tagoh
xah
i- ch'a
dineey
ch'itay
laa
nuh- xah
ay
tl'aan
i- neh- 'įh
tl'aan
hi- ts'et- nąy
hǫǫ'
ttheh
du'
mb- ookol
t'eey
ts'änh
gaay
niit
k'at'eey
t'oh
eh- nih
jan
tsihtąy
ha- a- ch'- uu- dal- 'įį
tl'aan
s- tsǫǫ
ha'
gaay
neexon
ay
godn
di- 'aat
nihts'įįł
iin
ldil
na- tǫǫ- daagn
eh- tįį
gaay
hi- 'et- nąy
m- i- hǫǫ- łįį
dą'
ah- tthuugn
jah
s- tsǫǫ
tthuugn
tl'aan
t'eey
ishyiit
ni- i- taa- daał
t'aat
eh
dänh
da- hu- teh- su'
ts'ehłegn
tl'aan
k'ahdu'
he- nih
hih- neh- 'įh
sh- eh
männ'
k'it
del- xoo
iy- eh- nih
ay
ishyiit
ti- nįį- dlah
k'at'eey
ha- del- 'įh
da- hu- tnųh- 'įį'
t- dah- niil
tah
hǫǫ- łįį
nahugn
shyįį'
hǫǫ'
y- et- nąą
dįį- t'ay
ch'a
iin
k'ahdu'
gǫǫ
t'axoh
tah
dhak- ts'iik
iin
jan
dziin
k'a
manh
k'a
sh- nąą
kon'
tl'uuł
t'axoh
ay
ts'įį- łįį
ya- h- ni- shyeek
tah
dits'än
tay'
eh
that
eh
nts'ą̈'
eh
eh
neexon
du'
ay
s- tsǫǫ
tthi- gąą'- dzel- shyah
ch'i- k'a'
de'
nduu
łatthegn'
iin
niign
hǫǫ'
ni- thaat
huugn
hǫǫ'
eh- tsįį
du'
dineey
chih
jah
ay
eh
nih
dih- k'ąą
ha- 'ih- shyay
ina'
ishyiit
k'it
ay
ee- dah
dineey
ch'a
ndee
t'axo
et- shyiiyh
ha- dzel- 'įh
hi- 'et- nayh
choh
hih- tee- deel
ha- noo
y- aa
ts'iikeey
chih
k'at'eey
tah
ch'ale'
t'axoh
u- dih- nih
sǫ'
choh
nih
na- tnet- degn
eh
xeel'
iin
tthee
uu- dįh- 'aan
hǫǫ- heeyh
iin
ay
m- ǫǫsi'
tl'aan
ishyiit
iin
nǫǫ
eh
eh- nih
xah
ay
diniign
ch'itay
chih
sh- ta'
hǫǫ't'eey
nuh- xah
sh- chil
thüh
k'ahmänh
na- tset- neey
xah
dąą
t'axoh
ay
hi- neh- 'ąy
ina'
dzal- tth'iił
nih
k'e- 'ah- deeł
eh
xayh
nah- 'įh
s- tsǫǫ
laalil
y- įį- got
tl'aan
tsin'įį
de'
t'eey
ts'ist'e'
ch'itay
nee- k'eh
ishyiit
eh
dį'
ts'änh
ha- hiiy- įh- tiin
del- gay
k'ahdu'
įį- tsah
du'
säk
du'
ya- he- dak
tąy
- xąą
t'oot'eey
t'eey
shyįį'
nah- degn'
t'oot'eey
iin
da- ts'ee- dah
ay
ha- na- 'üüt
mb- aa
dineh
y- eh- nih
iin
ay
na- 'ih- thät
chih
nts'ą̈'
sta- 'ih- haak
t'eey
hǫǫ- łįį
nagn- jidn
iin
na- 'el- k'ah
t'eey
gaay
ay
tsaa
xay
ah- nǫǫ
tah- shyüü
t'eey
shi- ch- 'ih- eh- 'aał
iin
sh- nąą
i- tl'adn
tl'aan
hel- t'eh
di- k'ąy
dą'
nee- 'eh
hǫǫ
iin
le'
uu- te'
tuu
nee- xol'
k'at'eey
ni- i- het- dek
di- chaay
de'
ts'iikeey
eh- nih
įį- shyah
d- aa- gąą'- ts'- el- shyah
di- ts'änh
na- tush- shya'
he- nay
eh
shyiit
that
di- kąy'
t'eey
de'
sh- eh
dänh
na- dįį- dlah
ay
iin
t'eey
ch'- aa- chinh
noodlee
di- nąą
ay
na- hii- tnet- dek
godn
ay
du'
sh- eh- nih
nts'ąą'
nts'ą̈'
t'eey
nts'ą̈'
tl'aan
ha- ts'įį- deeł
ch'i- nįh- tl'ųh
ta- 'įį- taal
na- te- tįįgn
iin
na- din- dį'
u- dia'
ahą
tl'aan
dąą
tag
dheh- xįį
t'eey
t'axoh
degn'
tah
ch'- aadeh
tl'aan
du'
noo- tįl- negn
tah
t'eey
įh- tsänh
ts'änh
del- xoo
de'
k'i- na- ts'in- deel
that
tsin'įį
k'a
t'axoh
ts'iikeey
uu- niik
hiiy- i- dlaag
tl'aan
tah
doo
sh- ta'
hǫǫ- łįį
hu- dziit
t'oot'eey
u- shyiit
na- tnet- deeł
tuu
ch'a
oh
diniign
iin
dąy
y- eh- nih
k'ahmänh
du'
mb- aa
eh
xa- 'el- t'eh
ch'i- deh- xįį
jahxan
shyign'
nts'ą̈'
xah
hugn
gaay
jah
shyiit
nah- degn'
chih
sh- chil
dą'
ee- gąy
nii- 'ǫn- shya'
de'
tsin'įį
k'ąy'
iin
ay
kah
n- t'ayh
gaay
du'
ay
dii
t'eey
eekeh
gǫǫ
tah- tsänh
eh- tii
di- che'
t'eey
iin
hah- 'ogn
na- tet- shyay
da- nįį- deel
ts'anh
xayh
nih- tee- dak
u- shyiit
hǫǫ'
dal- than
ts'anh
du'
shyiit
hǫǫ'
de'
t'axoh
tl'aan
iin
k'i- 'ah- deeł
tsin'įį
hu- xah
tah
niit
sh- nąą
iin
jign
u- nąą
hu- 'eh
xah
eh
shyiit
tat- xoł
u- dih- nih
dineh
el- tsįį
dheh- xįį
hih- del- tth'ih
ishyiit
chih
da- degn'
shyii
iin
eh
nts'ą̈'
sh- nąą
hii- tl'a- hiiy- įį- dlay
t'axoh
iin
eh
u- ts'ädn'
ch'ik'eh
gǫǫ
hǫǫ'
xah
eh
shyii
xah
diign
kelahdzeey
shyįį'
hii- taa- 'aał
chih
nee- 'eh- nih
na- 'i- daak
k'at'eey
m- aadeh
kol
naak
m- ǫǫsi'
that
dzel- tth'ih
ch'itay
nee- he- nih
dii
ih- dloo
ah- nayh
t'eey
ch'a
du'
ttheh
tah
hu- tee- łe'
naxat
na- u- dah- 'aał
sh- eh- nąy
na- tet- shyah
nts'ą̈'
t'aat
nuun
t'eey
xah
ha- a- nat- deeł
na- ch'i- hi- 'įįł
that
dänh
k'it
sh- aa
dineh
mb- ookol
hugn
ch'itay
hu- ts'ą̈'
dąą'
xah
iin
dishyįį'
ha- 'ogn
ho- h- neh- 'ąy
k'at'eey
jah
ay
iin
nah- 'ogn
uu- niik
eh
- hǫǫ- heey
di- tthi'
he- nih
chih
jah
de'
gaay
jah
hǫǫ'
nts'ą̈'
nih
ha- naat
hu- dziit
t'eey
ch'a
choh
tuuthał
tąy
u- tthi'
de'
nuh- xah
tl'aan
gaay
t'eey
n- nąą
ke- huu- 'įį- dlah
sh- taay
i- t- dah- nił
tah
na- y- e- 'aał
ih- dloo
iy- eh- nih
n- xah
shyiit
hi- ts'e- het- niign
chuyh
ts'ist'e'
ts'oo
ay
tah
tl'oh
nee- shyah
ts'įįkeey
dzel- tth'iik
iin
dineey
ah- 'ogn
nih
de'
tl'aan
ay
dahdzäł
t'ah
hi- ts'i- ish- niign
shoh
xah
t'eey
ts'änh
i- tdah- nįįl
ch'a'
ni- i- tįį- daał
hǫǫ't'eey
hih- deh- k'aan
taathüh
sh- ee'eh
ch'i- k'ah
hu- dhak- tsiin
ay
a- dogn
tl'aan
tah
yi- nel- jit
di- 'aat
łaakeey
ch'i- dänh
du'
jah
huh- tsįį
sh- 'aat
na- tih- daay
tsihtąy
u- nįh- 'ąy
t'axoh
nee- ts'änh
n- dat- ni'
sǫ'
diniign
ha- dogn
ayt'oo
nih
het- dąy
n- tl'a- ch'ih- chuudn
ay
eh
naxat
ah- keet
s- tsǫǫ
y- eh
hugn
nts'ąą'
ay
nts'ą̈'
łąą'
sh- aa
ay
nithoo
ni- 'įį- ha'
łįį
dih- dį'
nel- jit
taathüh
jah
y- eh- nih
t'oot'eey
t'oot'eey
nday
hanteey'
jah
chih
jah
al- tthał
łįį
uu- te'
kah
xah
shyįį'
t'a- a- ch'- įį- shyiił
eh- nih
u- dzeey
ishyiit
ch'ale
tl'aan
dih- t'eh
diniign
ishyiit
ah- degn'
na- teh- xeel
sh- ǫǫnüü
da- del- shyak
huugn
hah- 'ogn
doo
t'eey
hǫǫ'
tsayh
ay
ishyiit
oh
tah
dzänh
sh- oonüü
gǫǫ
ch'itay
hih- neh- tsiik
nts'ą̈'
xah
k'it
iin
t'ah
hiy- eh- nih
ishyiit
dzanh
aan
ne'
łąą'
ch'a
tl'aan
sh- aa
ch'ah
na- nel- 'įįk
neexon'
hiiy- eh- gąy
hugn
y- eh- nih
ishyiit
hah- nugn
ah- noo'
sta- a- ts'i- łeegn
tth'änh
ts'e- dlah
t'eey
iin
eh
nts'ąą'
ni- na- ts'it- dek
k'eh
shyįį'
noh- shyign
ha- nugn
t'eey
iin
de'
ni- tįį- haał
łii gaay
ch'ale
dį'
de'
tat'eey
tl'aan
hi- nih
ay
du'
na- tset- deeł
t'eey
u- nah- 'įh
i- he- nih
tuu
du'
dineh
hel- t'eh
hii- kah
t'oot'eey
sh- dia'
hii- 'eh
eh
hǫǫ
du'
di- el- t'ay
ay
hih- nee- haal
ndlaan
t'oot'eey
ch'aachin'
chih
hǫǫ- łįį
iin
k'ahdu'
jah
t'eey
dindeh
tl'aan
ts'ehłegn
s- tsąy
ay
du'
na- y- įh- tįį
łatthegn'
ni- nįį- shyay
ti- i- dzii- h- tet- dak
u- ts'anh
na- 'ih- daak
dąą'
na- h- tet- deeł
i- neh- 'įh
t'eey
hi- agn- niiy
hu- ts'ą̈'
hǫǫ'
eeł
ay
m- ǫǫsi'
dii
hi- huu- sii
he- nih
jign
t'eey
ch'ishyuuy
sh- uu- dįį- tsiin
ay
iin
u- kol
ntl'at
teejuh
na- 'i- thät
hu- degn'
nuh- nąą
hu- tah- nąy
chih
ts'iikeey
t'oot'eey
u- naagn'
ch'ale
di- chaay
ts'exeh
u- tthi'
ha- hiiy- i- 'aak
hugn
'eh
du'
tthi- hiiy- dįh- xal
dänh
ts'iikeey
ha- shyign'
le'
nił- 'ehłaadn
ch'- aadeh
tee- shyah
k'it
de'
na- hiiy- e- 'aał
a- dogn
na- tįį- 'aagn
hǫǫ'
ts'ist'e'
hǫǫsǫǫ
hih- neh- tsayh
eh
hii- ki- ch- 'įh- xał
ay
ay
u- dih- nih
du'
tl'aan
na- y- deh- tl'iit
d- uh- ts'ąy
dineey
tah
iy- eh- nih
hah- 'ogn
t'oot'eey
noo'
tah
hǫǫ
sh- nąą
ay
t'eey
xah
iin
tah
xah
naxat
t'eey
nąą
tl'aan
dii
t'eey
mb- aa
tth'ee
i- h- sǫǫ
nee- neh- 'įh
tah
iin
na- hat- dal
hu- ts'ą'
ah- da'
n- nąą
hii- na- dįh- deeł
łįį
t'eey
s- tsǫǫ
tah
eh
ch'a
tl'aan
ha- hu- h- del- 'įh
na- tsit- dek
dänh
da- nįį- shyah
ch'a
uu- łe'
k'a'
hǫǫ- łįį
hah- degn'
ah- degn'
hi- ts'e- het- niign
eh
hah- shyign'
nah- 'än
ishyiit
dzih- k'ąą
t'eey
ay
mb- ookol
hǫǫ- teel
nih
t'eey
gaay
shoh
s- tsǫǫ
eh- ts'ayh
hu- ts'ą̈'
tah
ay
tl'oh
tah
k'eh
tadn
nuh- xah
shyiit
manh
ła- nįį- that
oh
iin
hǫǫsu'
shin
k'at'eey
t'eey
s- tsǫǫ
hut- nel- tänh
ay
hu- t'ah
t'eey
chuyh
hu- nu'
nih
łįį
ch'i- t'aa
ti- hat- nak
mänh
nee- shyah
ay
k'ąy
de'
choh
ch'i- shyuutth'än
chih
t'eey
nee- ts'iikeey
y- aa
ch'ah
k'at'eey
t'eey
łat
ttheh
ła- jeh- nąy
łįį
t'eey
nee- k'eh
tsǫǫ
dineh
ena'
t'eey
ch'ale
eh
na- nish- shyah
nts'ą̈'
tagoh
lah
ts'a- nii- hel- t'eh
ch'- hįį- xąą
de'
ch'itay
ha- 'įį- shyah
tah
ha- a- nat- deeł
iin
du'
k'a
ay
dahdzäł
sh- nąą
ts'i- dloo
ndäl
t'eey
tah
de'
dii- tth'ak
ch'a
that
hii- taa- 'aal
łįį
aandah
t'eey
t'eey
nuun
ndee
ti- xał- nįį- tąą
y- aa
ay
ena'
nuun
niithaadn
ts'ikeey
ch'itay
k'a
ts'iiniin
nih
na- 'uh- thädn
ne'
n- ts'iikeey
du'
t'eey
ch'ale'
chih
t'eey
- xąą
ishyiit
y- eh- nih
godn
eh
a- dogn
ishyiit
y- eh- nih
tthi- dįį- duuh
eh
degn'
nän'
dǫǫ
mb- ookol
ch'ale
tsee- deel
iin
t'eey
ne'
tl'aan
dhak- tįį
łąą'
hǫǫ- łįį
yi- maagn
dįį- nih
choh
sh- hi- nih
di- che'
xał
ts'änh
iin
ndee
shyįį'
sh- k'eh
shyįį'
iin
hi- ttheel
ts'exeh
nee- ts'ą̈'
tl'aan
hǫǫ'
tleegn
diniign
ch'a
shyįį'
ay
k'üdn
nän'
ay
huu- neh- ttheh
aa- 'aał
tay'
k'ąy
u- dih- nih
ay
u- naagn'
hu- degn'
sh- nąą
ishyiit
nts'ą̈'
dį'
hii- ts'änh
nee- 'eh- nay
m- ǫǫsi'
a- dogn
iin
iin
xah
ee- nih
mänh
eh- shyüü
n- ełegn'
nih- shyaay
sh- ǫǫnüü
ch'i- duu- ni'
ishyiit
degn'
nih
manh
nts'ą̈'
tah
jign
t'eey
sh- dia'
ay
ah- degn'
du'
du'
u- naagn'
aayh
duugn
ch'ale
jign
i- k'eh
ah- noo'
ay
dineey
ts'iikeey
t'eey
ishyiit
jah
iin
shyįį'
ch'ale'
teejuh
dlegn
tl'aan
de'
m- aa
hii- k'a- neh- ta'
ay
du'
gǫǫ
i- ǫǫ- keet
k'at'eey
de'
nts'ąą'
m- ǫǫsi'
nts'ąą'
dziin
aa- haal
ch'a
dineh
ch'- i- łeek
eh- tįį
chih
ła- deh- k'an'
eh
t'eey
eh
ch'i- tsǫǫ
ishyiit
doo
xah
nts'ą̈'
y- eh- nih
he- nih
n- ts'iikeey
k'eh
tah
tl'aan
dindeh
ts'a- 'el- tsiin
na- tset- deeł
neexon
ishyiit
sh- ta'
ch'ale
jign
iin
hi- ts'e- het- niign
du'
tayh
hanteey'
el- tsįį
ts'iikeey
ne'
that
iin
eh- tsįį
ay
noo'
t'eey
ni- nįį- shyah
sh- neh- 'ąy
huh- negn'
sh- nąą
i- dloh
m- ǫǫsi'
tl'aan
lah
a- nogn
ay
xah
na- tset- xeek
that
hu- 'eh
nah- 'ǫǫ
nts'ą̈'
tl'aan
s- tsay
y- eh- nih
ta- nel- 'ah
xah
sta- a- net- t'ak
ih- tsuul
diniign
hǫǫ't'eey
dishyįį'
noodlee
ay
ishyiit
nts'ą̈'
da- ee- dlah
aa- haał
t'eey
t'eey
łąą'
nahk'adn
i- t'oh
ch'itay
hu- da'
dą'
ha- dǫǫ
ay
nih
ch'a
laalil
di- k'e
nee- xa
ts'iiniin
hu- xah
eh
hah- nugn
dii- tth'ak
ch'aldzeegn
ch'ah
haskeh
t'eey
nee- nįh- 'įh
i- düü
ch'ale'
įį- shyah
hoh- tsįį
ni- hnįį- deeł
tl'aan
mänh
hǫǫ't'eey
i- dzeey
eh- tįį
dąą'
ch'itay
he- nih
dinah
nuh- nąą
na- tet- dek
nee- k'eexaagn
s- tsay
y- eh- nih
dįį- nay
laalil
dih- tsįį
eh
ts'iiniin'
nee- ts'ayy'
nuh- xah
de'
t'eey
di- nąą
k'eh
du'
di- tthi'
sh- nah- 'įh
nee- shyah
jign
hu- shyi'
ts'exeh
du'
ha- na- degn'
laalil
doo
t'eey
di- che'
k'ii- hi- łeek
xah
a- shyuugn
eh
łaakaay
ch'ale'
tthee
t'axo
ni- na- taa- łeeł
dänh
hih- del- tth'iik
iin
du'
u- dih- nih
tuu
ch'ale'
del- tth'ih
hi- nayh
ay
hah- 'ǫǫ
eh
manh
sǫ'
hel- t'eh
dzii
tl'aan
duugn
i- k'it
xah
sh- eh- nih
ah- naat
iin
dį'
het- dąy
iy- eh- nih
iin
n- ts'ą'
t'eey
uudih
nts'ą̈'
hǫǫ
ishyiit
na- nat- däl
dah
ch'itay
guuy
nts'ą̈'
tąy
ch'a
ts'ist'e'
tah
y- eh- nih
dänh
u- xah
a- shyign'
ts'anh
eh
dąy
ee- dah
that
hǫǫ- t'eh
tl'aan
na- tset- deeł
chih
n- t'ay
chih
na- y- įh- t'ayh
u- ke'
y- eh- nih
tuu
that
k'at'eey
tsin'įį
mb- aa
del- tth'iik
ay
tl'uul'
eh- t'iah
hǫǫ- łįį
u- k'eh
nts'ą̈'
na- nish- shyay
jah
dineey
ch'udzüüt
ni- el- tthak
ay
haskeh
hih- tnee- 'įį
ch'itay
chih
k'at'eey
ch'itay
ts'iniin
u- kol
t'eey
hǫǫ'
chih
tąy
ch'a
nii- 'ǫn- shya'
ts'iikeey
t'axoh
nts'ą̈'
nih
t'eey
de'
ishyiit
naat
hi- t'üü
i- k'eh
hu- nak- 'ąy
ts'exeh
hǫǫ't'eey
nts'ą̈'
y- eh- nih
sh- ta'
eh
hu- ch'oonįį'
eh
ay
hih- uu- nąy
eh
nän'
du'
hǫǫ- łįį
sh- ee'eh
niit
hih- nįį- nąą
k'it
tah
hel- t'eh
ay
eh
n- uu- tee- kol
tl'aan
hu- tnah- 'iil
xah
t'axoh
sh- eh- nih
da'
tl'aan
da- 'ih- dlaak
k'at'eey
da- 'ee- 'ąą
tah
u- ts'ą'
dineey
du'
eh
hu
di- dia'
oh
u- ts'ą̈'
gǫǫ
du'
a- degn'
ay
taa- łeel
nan'
tuu
k'a'
y- įį- dlah
hu- k'aa'
dhih- dah
du'
chih
eh
shyiit
t'eey
iin
huu- dlah
n- t'ay
shyiit
k'a
ina'
k'a
tl'aan
eh
iin
eh
ina'
ayt'oo
eh
aa
ni- h- nak- nąyh
łaakay
sh- eh- nay
shyįį'
tl'aan
choh
niign
hǫǫ'
shyii
iin
hǫǫ'
hu- 'eh- nay
tiki- 'ǫǫ- shya'
na- degn
hi- nih
shoh
nday
t'oot'eey
ts'įį- łįį
hǫǫ'
ay
t'eey
da- sh- h- nįh- tįį
iin
tah
łįį
nii- thoo
tsee- deel
s- tsǫǫ
tuu
le'
n- łįį
noo'
hah- nǫǫ
kah
na- n- nak- tiin
ay
na- tet- shyah
tsin'įį
ch'a
s- tsǫǫ
da- dogn
kol
gaay
dih- t'eh
tsat
gaay
jah
dii
eh- sał
n- aa
naxat
du'
t'eey
t'eey
łat
ni- i- dįl- nąyh
ch'a
ni- taa- łeeł
eh
na- 'įį- thät
di- dia'
tel- tįį
tl'aan
eh
dänh
ih- tsüh
tl'aan
ay
sǫǫ
nee- daategn
sǫ'
el- tsįį
t'eey
sh- eh- nih
n- tsay
hah- 'ogn
y- eh- nih
tee- deeł
ts'ayh
hįį- łįį
ts'iikeey
i- ts'ą̈'
u- shyiit
ni- nįį- shyah
niig
sh- i- nǫl- jidn
ts'anh
gǫǫ
ina'
sh- ee'eh
dii- 'a'
k'a
eh
huh- heey
k'at'eey
y- eh- nih
u- naagn'
u- nuht'aagn
tih- daał
k'e
tah
y- eh- nih
xah
hi- 'įl- nąyh
eh- tįį
uu- łe'
doo
hu- nąą
sh- nąą
del- tth'ih
ts'ełegn
u- nah- 'įį
ch'i- dhįh- xįį
da- nįį- shyah
ni- i- nat- deel
jah
teejuh
ishyiit
k'e
ch'idanh
k'at'eey
hu- łiign'
ts'ant'ay
that
sh- kąy'
ha'
ishyiit
hǫǫ't'eey
tet- dät
eh
ni- i- tset- dek
eh
sh- deh- tląą
hiiy- eh- gąy
tsät
niign
iin
da- nįį- haayh
ts'exeh
shyiit
t'eey
t'eey
tl'aan
hu- nii- thaadn
sh- ǫǫnüü
tay'
t'axoh
sh- eh
t'axoh
u- shyii
hu- nąą
ay
t'eey
he- nih
ts'i- ni- shyeeh
hu- ch'a'
jah
ni- hǫǫ- thädn
hįį- dląą
u- kol
hah- shyiign
kon'
ay
tuh- shya'
dih- nąy
niign
hih- tat- nayh
hi- ts'i- ts'et- niign
k'at'eey
sh- oonüü
mänh
shi- he- nih
iin
su'
na'
iin
t'eey
u- thaat
t'eey
hǫǫ't'eey
ch'a
k'it
chuyh
tl'aan
t'eey
t'eey
jah
iin
łaakeey
iin
t- nay
t'axoh
k'eh
ts'ehłegn
dii- tth'ak
t'eey
ay
iin
ts'oo
ish- nah
ch'i- kon'
t'eey
du'
t'axoh
ch'a
ch'- aa- chinh
duugn
ch'a'
ay
t'eey
hįį- t'ay
gǫǫ
k'ahdu'
eh
ishyiit
dįį- nih
naagn'
ni- 'eh- nay
hǫǫ- heey
dii
t'eey
ts'ant'ay
jan
güh
hǫǫ't'eey
jah
t'eey
hah- noo'
del- tth'ii
hu- tee- łe'
xa'
tl'aan
dzi- hel- shyee
dą'
hǫǫ't'eey
eh
ni- 'įį- ha'
eh
hu- ke'
iin
nts'ą̈'
y- eh- nih
ay
shi- he- niik
ni- nįį- shyah
ch'itay
xah
sh- chil
jin
n- eh
naalil
t'eey
sh- lįįgn'
sh- aa
aa- haał
nts'ą̈'
an
ch'a
t'oh
ch'a'
tl'aan
hǫǫ'
n- xu'
t'oot'eey
nih
ha- na- 'at- shyay
ih- t'üü'
hu- nąą
iin
iin
tsät
ch'i- dheh- xįį
tl'aan
na- hol- negn
ts'įį- łįį
na- h- dįį- tįįk
iin
nįį- shyah
gaay
kon'
tah
eh
he- nih
i- k'it
iin
nił- k'i- dzal- shyah
ay
jah
tahtlogn
ts'ist'e'
hǫǫ'
tel- tthat
shyįį'
na- teh- tsiin
hu- ta'
sh- ǫǫnüü
dänh
ch'ishyaan
ch'a
eh
ha- dugn
sh- ta'
hii- ut- shyah
t'eey
tl'aan
shyiit
ih- łįį
dih- t'eh
dzel- tth'ii
tl'aan
t'eey
nee- xa
tl'aan
ni- 'i- haak
nduugn
nithoo
na- 'įį- daał
duugn
ch'ale
tah
hǫǫ- teeł
hu- dįį- ni'
ch'a
ch'ihłįįk
hu- xah
mb- aadeh
n- dih- nih
iin
m- ǫǫsi'
jah
ay
guuy
k'it
dįh- thädn
naxat
hǫǫ'
shyiign
t'eey
da- h- di- łeegn
k'ii- nųų- ttheeł
t'eey
sh- eh- nih
del- tth'ii
that
sǫ'
ni- hih- del- tth'ih
s- tsǫǫ
naan'
hu- ch'a'
hu- ts'ą'
tl'uuł
nįį- shyah
ts'- ee- dlah
tsat
shyiit
dąą
sh- eh- nih
hǫǫ't'eey
ay
nee- ts'iiniin'
tl'aan
nąyh
na- hǫl- ndegn
kol
n- tsay
t'oo
hah- 'ogn
na- 'įį- 'ąą
įh- dlaan
ni- i- - nįį- deeł
ch'a
hu- he- niik
t'eey
ishyiit
dindeey
u- shyiit
ayt'oo
ch'itsay
kon'nia
hǫǫ
dänh
a- shyiign
ts'eegn
nts'ą̈'
tsi 'ah- dek
nts'ąą'
hu- shyah
k'at'eey
uu- łe'
łįį
kol
sh- eh- nih
nih
taa- 'aał
dzi- hel- shyee
da- tthii- nįį- tthayh
hu- xah
nee- 'eh- nih
t'oot'eey
ch'a
u- nąą
t'eey
ha- ch- 'įį- gąąt
k'ahmann'
nee- t'ak
ah- dogn
hiiy- eh- gąy
yi- dįį- tsät
eh- nih
shyiit
xah
du'
ti- dhih- shyah
ch'i- dänh
kon'
nee- shyi'
na- nat- däł
ch'iliitthoo'
teejuh
hii- neh- shyąą
tl'aan
nts'ą̈'
ishyiit
dänh
tl'aan
yiii
t'axoh
t'eey
ch- eh- dayh
nän'
tih- diil
che'
eh
xah
di- shyi'
sh- ttheh
nih
na- tnet- deeł
dąą'
iin
hu- dziit
chih
ha- noo
jah
dineh
jah
laalil
nee- k'aa'
el- tsįį
sh- 'aat
na- 'at- keel
nuh- 'eh
ni- i- da- y- del- thät
y- eh- nih
dą'
t'eey
gaay
hįh- dląą
tay'
xah
sǫ'
hǫǫ't'eey
shoh
dzanh
nuun
k'it
du'
chih
ay
ts'iniin
na- hnįį- naa
na- 'i- daak
xah
de'
i- tüh
tal- deel
tąy
t'eey
shyįį'
chi- nel- 'įį
tah
du'
hu- xah
nuh- ch'il'
tah
ch'a'
ch'a
nih- shyeey
tuu
nts'ą̈'
gaay
tah
hih- dii- tth'ak
manh
t'eey
hu- ts'ą̈'
na- h- del- tth'ih
y- eh- nih
d- uh- noo'
t'axoh
ch'a
ts'ant'ay
hu- del- donh
tl'uuł
hǫǫ
eh
hii- doo
hu- nąą
nel- gąy
tayh
dih- dlaał
i- k'it
ih- da'
k'ąy'
hu- tee- łe'
hǫǫsǫǫ
na- hol- nek
hel- t'eh
eh
that
dahdzäł
k'a
he- dąy
du'
iin
du'
de'
ay
t'eey
u- dee- 'ah
ni- hnįį- deeł
de'
t'eey
dii
gaay
det- shyaak
hu- 'i- chi- jel- nih
manh
ay
choh
eh
ishyiit
hǫǫ't'eey
iin
t'eey
dzel- tth'ih
nee- 'i- huu- shyaak
sta- dįį- 'aan
t'eey
s- tsay
hǫǫ'
suu
manh
ohįį
dineey
tl'aan
eh
nih
dąą'
nah- 'ǫǫ
tädn
ah- degn'
neh- 'įh
nahugn
ch'a
u- dzeey
u- tsaal'
dąą'
tl'aan
ch'- aadeh
sh- ta'
ch'ale
dänh
jah
iin
h- huu- nay
haa- dał
hǫǫ't'eey
sh- eh- nih
ay
ndee
iin
gaay
eh
y- eh- nih
ay
u- shyiit
iin
k'ahdu'
hǫǫ'
ch'- aadeh
sdzi- hǫǫ- 'ah
nuh- 'i- ts'- ish- niign
xah
k'at'eey
ch'aachin'
sh- hi- nay
ay
du'
eh
dą'
ahugn
tuu
tah
thüh
sh- nąą
hǫǫ'
ch'ishyaan
tąy
dänh
id- dish- nih
eh
hǫǫ't'eey
hu- ta'
tth'aak
sh- nąą
ch'- ee- dlay
ha- shyuugn
ch'a
eh
sh- aa
ak- tsän
ch'- eh- mbiat
t'eey
heh- tsįį
s- tsay
na- u- tdah- 'aał
eh
s- ts'ą̈'
sh- aa
noodlee
ts'ayh
hih- del- tth'ii
tah
hu
ch'itay
t'eey
tuu
ni- ni- t'ak
tsayh
manh
dii
jah
iin
ha- shyign
eh
t'eey
hǫǫ- łįį
hii- eh- nih
ya- 'eh- shyiik
hu- xah
ts'äł
na- tsee- 'aal
na- tset- dek
doo
ts'i- huu- heek
hii- eh- nih
le'
mb- ookol
łąą'
t'eey
hu- nąą
ch'i- tl'aa'
ch'itay
shyiign
nuh- ts'iikeey
neexon
shyiit
nat- h- nat- däl
k'eh
iin
gaay
eh
t'oot'eey
xah
ay
na- tnat- dagn
xay
sh- ttheh
i- h- düü
dąą
ła'
t'eey
a- nogn
t'eey
y- eh- nih
ni- - nįį- deel
nee- 'eh- nih
eeł
sh- nąą
t'eey
t'eey
łąą'
hǫǫ- heey
nee- k'eh
eh- mbia
de'
u- dih- nąy
da- 'įį- łaak
dzįį- łįį
k'a
jah
ishyiit
ha- noo'
ch'a
nts'ąą'
hah- 'än'
s- tsay
shyįį'
iin
nee- naattheh
i- agn- ndayh
ch'itay
t'oot'eey
ch'itay
dą'
t'eey
tąy
jah
nih
ah- da'
n- nąą
tl'aan
eh- nih
k'ahdu'
hiiy- e- łeek
ha'
i- tdal- shyah
tl'aan
na- tuu- daagn
el- tsiin
jah
k'it
t'axoh
hǫǫsǫǫ
taa- łeeł
u- nee- haal
k'a
da- 'ee- shyah
dįį- tth'egn
u- shyah
t'eey
da- nįį- haay
iin
eh
iin
i- tee- mbaat
łaakay
eh
dah- dąy
nts'ą̈'
eh
tsee- naa
dii
shyiit
eh
chih
nił- ts'et- niik
guuy
tsat
hah- 'ogn
nee- shyah
u- dii- tth'ak
nts'aa'
ts'exeey
t'eey
y- eh- nih
tl'aan
hǫǫ'
diniign
gaay
k'at'eey
tl'aan
ay
de'
du'
du'
dineey
tah
ishyiit
ch'itay
chuyh
di- dia'
eh
sh- nąą
xah
ts'e- dį'
ch'a
ay
sh- ta'
nii- thoo
jahxan
hu- ts'ą̈'
eh
ch'a
iin
hǫǫ't'eey
dąą'
u- nąą
sh- dia'
noo'
niig
sh- chil
ay
na- h- del- tth'ih
tah
tuu
tet- shyoo
ski- i- hol- shyeek
ishyiit
iin
t'axoh
jah
nih- tah
dänh
kon'
ha- dul- thii
ts'anh
m- eł
iin
nih
sta- tah- dek
k'eh
na- de- łeey
jan
shyii
ina'
na- tih- daagn
hu- mbät
sh- naagn'
iin
łeecheeg
shyiit
niign
hih- tee- t'üüt
ch'a'
dį'
na- thuu- heh- te'
na- aa- daał
na- tel- 'oł
jah
łaan
ishyiit
ni- y- eh- 'aak
hǫǫ't'eey
ch'- aadeh
t'eey
he- nih
uu- niik
hi- dį'
nts'ąą'
tl'aan
aan
nee- kah
n- dih- nih
iin
ts'i- dek
sh- įh- tįį
nts'ą̈'
de'
hǫǫ't'eey
hugn
ookol
ts'anh
tah
sta- h- jel- shyah
tthi- i- dįį- tthayh
iin
nih
łąą
ts'- u- neh- 'iign
da'
eh
eh- k'aay
ii'eh
łįį
t'oot'eey
y- aa
dii
ts'ehłegn
du'
dineey
niign
gaay
ne'
k'a
ee- niik
t'axoh
gaay
i- tthi'
hel- deel
sh- taay
ha- a- at- shyah
doo
tl'aan
hu- 'eh
dąą'
ch'et- niign
xah
dziin
t'eey
hǫǫ- łįį
ni- nįį- shyah
nuh- shyah
nts'ą̈'
he- nih
ndee
sh- ǫǫsi'
nts'ąą'
ni- thoo
de'
t'axoh
ni- h- nįį- naa
eh
tth'itu'
u- ǫǫ- niiy
y- aa
dziin
da- nah- deeł
xah
eh- tįį
xa- h- jel- shyah
that
sh- chil
ishyiit
shyiit
tl'oh
yaa
tl'aan
taathüh
choh
ch'a
h- tee- neeyh
nił- 'eh
shyįį'
that
nih
shyiit
u- dia'
h- i- 'ish- nąy
eh
ch'a
mb- eh
t'axoh
hih- del- tth'iik
ni- i- nish- shyah
n- chaa
hǫǫsǫǫ
k'eh
t'eey
ay
shoh
hǫǫ- łįį
t'eey
na- ti- daak
tl'aan
eh
ishyiit
ii- suuy
dineey
nuun
ayt'oo
shyiit
eh
sǫ'
k'at'eey
ha- shyǫǫ
dą'
na- ts'u- tal- negn
t- at- nih
nts'¨ą'
ni- hnįį- deel
nchǫǫ
chih
sh- nąą
ch'itay
ch'itay
iin
ee- tįį
shyah
tl'uuł
i- he- nih
ay
jah
ts'al
k'at'eey
ha- ah- niit
ishyiit
ch'a
nts'ąą'
shyiit
dänh
hel- t'eh
iin
nts'ą̈'
s- dzeh'ogn
noo'
hih- tnah- tsayh
hǫǫ- łįį
ay
sh- nąą
nts'ą̈'
de'
tagoh
uu- łe'
ch'ah
na- taa- deeh
tthi- ch'i- nel- 'iin
iin
t'aat
hii- neh- tsay
tl'aan
tah
du'
du'
na- y- tnee- 'aak
tl'aan
dineey
diniign
nih
shyiit
u- nąą
dąą'
t'eey
t'eey
ts'i- dek
al- tthał
k'ahdu'
de'
hǫǫ't'eey
k'eh
tsät
nts'ą̈'
ishyiit
hih- tee- deeł
tl'aan
u- shyii
tat'eey
'än
di- nąą
ay
ski- nii- haan
mb- aa
kelahdzeey
dziin
tl'aan
nił- tah
laalil
u- del- kan
gǫǫ
hanteey'
dąy
t'axoh
nee- xah
dhih- dah
k'ąy'
sh- ǫǫnüü
t'eey
xay
hu
that
ay
xah
hi- nih
hu- ch'a'
t'eey
hǫǫ'
sh- aa
na- dhagn- chuut
y- eh- nih
ehdanh
na- nuh- tnagn- 'įįł
hǫǫsu'
łąą'
dii
dah- shyuugn
de'
hǫǫ'
s- tsay
degn'
oh
ay
n- shüü
t'eey
luke
hu- 'ǫǫ
na- tset- diik
jign
gǫǫ
na- tet- dagn
tl'aan
eh
ya- h- nįį- shyeek
sh- eh
t'axoh
hugn
hi- ts'i- ish- niign
ts'ą'
nih
tthi'
dhih- dah
dih- dį'
hu- ts'ą̈'
ay
taag
ndee
tsät
tsüü
ch'aachin'
ha- al- dak
na- 'ih- thät
hi- 'et- nayh
ni- ee- shyah
shyüh
nah- 'ogn
hǫǫ'
sǫ'
ch'i- thüh
t'oot'eey
gaay
łįį
tah
ch'i- tthi'
ee- dah
ts'änh
na'
s- tsǫǫ
tl'aan
i- he- nih
nah- 'aat
naak
nee- xa
niign
hǫǫ'
tuutįįł
ay
ch'a
tl'uuł
tah
t'eey
tädn
tüh
nuh- ts'iikeey
nts'ą̈'
taag
tsaa- łeel
eh
k'a
hanteey'
naadlih
ti- at- nak
nts'ą̈'
t'eey
i- na- tel- 'ok
łahtthegn'
tl'aan
dindeey
y- eh- nih
he- hu- tįįł
ah- noo'
łąą'
ts'iiniin'
łaakay
di- nąą
ch'a
ti- 'uh- duu
xah
ha- dzel- 'įh
łaan
tah
manh
hǫǫ'
hii- eh- nih
sh- aa
de'
dheh- xįį
teejuh
t'eey
sh- eh
łįį
shyiit
dįh- kąąyh
hǫǫ'
nts'aa'
hǫǫ- chaa
oh
ch'- it- nąą'
iin
i- kah
hǫǫ't'eey
nän'
ay
that
ch'ale
hugn
tah
duk
na- taa- daal
elih
hi- hnįį- deeł
ee- tįį
de'
ch- ǫǫndaa
dhih- tįį
iin
hii- tan
hih- del- tth'iik
k'it
tah
iin
ts'iikeey
łaakeey
ti- dhah- deeł
dits'än
i- xeel'
jign
eh
ch'at- xąąh
dį'
hu- shyi'
shyiit
u- taa- dįįł
nee- tįį
ki- tih- haał
shyiit
hih- nee- 'įį
hugn
nih
ch'a
hiiy- et- nąy
nee- ts'ą̈'
sh- aa
k'at'eey
n- łįį
łiat
ts'igąąk
k'it
t'eey
dih- 'ąy
duk
ts'iikeey
ts'ant'ay
ts'exeh
dänh
a- shyign'
ǫǫ
łat
ay
t'eey
hǫǫ'
tsee- naan
t'axoh
sta- a- hit- dek
de'
hi- 'et- nayh
t'eey
ay
iin
chih
xah
ah- dogn
y- eh- nih
nih- tthiił
ntl'ät
tuh- shya'
s- tsay
ts'änh
nii- hąą
kol
u- ts'iiniin
di- ke'
da- hu- del- tsįį
k'at'eey
ay
dih- tth'egn
taag
hǫǫ'
hugn
diniign
ni- na- hii- del- shyeek
nan
shyah
t'eey
duugn
tah
n- dąy
iin
t'eey
ohts'ąy
tsät
da- nįį- shyah
ookol
dee- gąy
hi- huu- deel
ishyiit
ts'änh
shyiit
ha- dogn
iin
iin
ishyiit
nts'ą̈'
hǫǫ't'eey
ay
k'e
s- tsǫǫ
xah
n- tsǫǫ
that
sh- ch'a'
łą'
udzih
e- dloo
ddhał
kelahdzeey
i- gąy
ay
t'eey
hi- y- uu- niik
ay
ǫǫ
eh- nih
k'a
tsin'įį
y- eh- nih
huugn
sh- ta'
tąy
u- nah- 'įh
ishyiit
guuy
tąy
ch'a
dzel- tth'iik
ch'itsay
ha- shyign
hu- shyi'
nahugn
tuu
sh- ǫǫnüü
dą'
chih
tuh- shya'
mb- aa
that
ts'iiniin
ha'
xał
iin
tah
noo'
ch'a
nih
mb- aandah
shyiit
da- del- shyak
ni- nįį- shyah
hǫǫ'
i- theegn
i- ch'a
eh
t'axoh
ishyiit
ay
ishyiit
ayah
ay
y- eh
hi- 'et- nay
hih- dįį- tsiin
nee- xah
sh- ta'
ts'anh
ch'itay
chinhshyiit
na- hin- deel
eh
shyiit
tah
dits'än
sh- dia'
nts'ą̈'
dzil- than
ts'iikeey
a- nogn
ishyiit
dahdzäł
łįį
k'ahdu'
t'eey
tah
hah- 'ogn
y- eh- nih
t'eey
iin
hii- kah
dą'
t'eey
ay
ayt'oo
k'ahdu'
łįį
iin
t'eey
k'it
chih
nts'ą̈'
sts'aki- tel- tthak
di- che'
nduugn
nah- teeyh
sh- aa
iin
n- kah
eh
del- tth'ii
du'
tah
ha- a- hi- łeek
kon'
t'eey
duugn
eh- tįį
nuun
ch'- uh- 'aal
ha- noh- shyuugn
dąą
dą'
shyiit
ch'- aadeh
hiiy- i- tsah
t'axoh
tl'aan
s- tsǫǫ
nuhts'ąy'
nee- k'eh
nak- säł
nat- h- nat- däl
chih
kol
įį- gąy
dą'
ch'itay
k'įįy
hii- eh- nih
sh- nąą
jahxan
n- xeel'
na- tsut- deeł
haa- däł
iin
t'eey
shyah
ha- na- deg'
tay'
nan'
le'
noo'
sǫ'
de'
hih- neh- shyąą
shyiit
na- net- shyeey
niithaadn
iin
ishyiit
ski- 'et- düh
ch- ǫǫndaa
xah
hoh- tsiik
t'eey
hiiy- i- t'üü
na- 'in- shyah
nts'ą̈'
kah
t'oh
aanah
i- tel- tät
t'eey
eekeh
s- tsay
a- na- dog
noodlee
k'at'eey
tah
chih
dänh
sh- ǫǫnüü
sh- nąą
neexon
shiin
ay
elih
ak- tsan
nee- gąyh
tih- dįįł
iin
ha- dee- 'aa
ts'i- xąą
de'
na- tnet- t'aay
t'eey
hįh- xąą
hǫǫ'
nih
taanuu
ha- shyiit
įh- kon'
ch'inłuut
ay
y- eh- nih
ah- degn'
hu- 'i- huu- shyaak
t'eey
na- tih- daak
that
ay
dih- t'eh
y- eh- nih
nee- shyah
nee- 'eh- nih
t'axoh
sh- eł
ch'i- k'ah
n- eh
shyiit
nah- 'an
xah
ni- shyeeh
shyįį'
eh
ih- daagn
ha- noh- shyuugn
dįį- nay
di- nąą
na- ul- xįį
tah
k'at'eey
na- 'ih- thät
ch'ishyuuy
na- thuu- 'eh- tįį
iin
di- dia'
ha- 'a- noo
de'
iin
eh
eh
mänh
iin
du'
naagn'
hu- taagn
ts'iiniin
eh
t'eey
nee- naattheh
m- eł
mb- ookol
hǫǫ'
t'oot'eey
i- k'it
t'eey
ay
i- dheh- xįį
le'
y- eh- nih
ay
tthee'
ay
ay
eh
hu- na- chi- 'ah- deeł
i- dįį- dlah
sh- eh- nih
k'ahmänn'
tuu
nee- shyąąn
k'a
jah
t'eey
nii- hin- deeł
k'it
nogn
ay
ts'a- hǫǫ- tleeg
k'ahdu
eh
s- tsay
tah
na- ah- degn'
elih
hiiy- i- łeegn
dii
sh- aa
k'e- 'ah- deel
a- deg'
niithaadn
s- tsǫǫ
tsät
nts'ąą'
k'eh
sh- ee'eh
shyiit
n- soon
kah
de'
ni- ts'et- neek
iin
eh
k'a
s- ts'ą̈'
na- degn'
mb- aandah
tah
nee- ttheh
sh- chil
hu- det- nąy
ts'- eh- tiadn
hǫǫ- łįį
di- ts'ayy'
t'eey
na- taa- dah
y- eh- nih
dineh
chih
tel- tthät
y- eh- nih
iin
u- shyi'
an
ch'ale
iin
tsayh
na- tak- tįįk
dzi- na- al- tthat
hǫǫ- łįį
ay
tah
t'eey
gaay
hu- tsaa- heel
tadn
taag
y- eh- nih
aa- haał
ts'iiniin
iin
sh- eh- nih
iin
t'eey
dhah- tiat
eh
sh- nąą
choh
t'eey
k'ahdu'
hee- dlah
nih
hiiy- eh- gąy
y- eh- nih
nee- gąy
ts'ayh
noodlee
shyiign
aa- haał
sh- dia'
that
nił- k'i- dzel- shyah
s- tsǫǫ
ch'a
dii
tl'aan
ay
t'eey
hugn
a- nogn
xah
dzi- hel- shyee
ddhał
hu- nįį- t'ay
nts'¨ą'
d- ǫǫndaa
dǫǫ
ina'
y- eh- nih
nts'¨ą'
elih
heh- tiadn
ay
ay
ee- dah
nee- 'eh
tl'aan
hanteey'
shyah
da- 'eh- 'ąą
tl'aan
eh
shyįį'
na- n- ch'- ts'įį- 'aał
k'įįy
dii
shyiit
niign
dą'
sh- ch'anoo'
ay
sh- chil
hǫǫ'
jah
du- shyiign
tl'aan
gǫǫ
k'eh
that
i- deh- nąy
ay
nah- 'ogn
k'it
t'eey
iin
tah
na- 'įh xeeł
nahugn
da- na- ts'el- shyeek
t'ąy
xay
ayaa
hǫǫ- heey
tl'aan
ttheek'ät
k'eh
doo
k'ahdu'
ch- 'ee- xąą
- neh- 'įh
t'eey
dal- thek
la'
nee- 'eh
dą'
y- aa
łą'
teejuh
ah- dogn
ay
de'
a- naat
t'eey
ay
ts'exeh
that
oh
hǫǫ'
dahdzäł
chi- nal- 'įįl
shyah
eh
sh- tl'a- y- įį- 'aan
ay
hih- dįį- tsįį
y- eh
jign
ts'oo
kon'
ts'ą'
na- 'i- thät
gaay
dii
nih
na- 'in- kįį
t'eey
hǫǫ
udzih
ha- shyuugn
łaan
eh
ts'inįį- taan
tleegn
ay
k'at'eey
hǫǫ- t'eh
chi- ch'i- del- tįį
shyign
xał
tee- shyah
eh
ay
xah
duu- ne'
tah
du'
ch'a
na- tsut- deeł
iin
dįį- t'ay
doo
k'a
t'eey
ishyiit
än'
xah
sh- eh- nih
ha- ch'- u- dal- 'įį
tah
y- eh
t'axoh
saa
nday
hut- shyaak
eh
chih
hu'- ookol
tet- dät
tah
ay
neexon
dzįį- tsįį
t'eey
ay
hǫǫ't'eey
that
hii- eh- nih
neexon
ishyiit
kon'
iin
tl'oh
ishyiit
du'
chaa
tah
mb- aa
t'eey
el- tsįį
ni- - nįį- deeł
y- aa
dą'
da- dee- dlah
k'ahdu'
nts'ą̈'
tah- shyüü
dii
kah
kah
duugn
xah
ch'a
k'at'eey
hǫǫ- ts'eek
nduugn
tl'aan
s- tsǫǫ
de'
k'at'eey
got
t'oot'eey
xah
nee- 'eh
na- 'įį- thät
choh
hiiy- eh- 'ąy
that
t'eey
nųh- 'iign
sh- eł
k'a
diniign
shyiit
eh
n- ee'eh
e- tsah
jah
t'eey
oh
m- oondaa
shi- hi- nih
h- i- agn- nüh
tah
m- ǫǫsi'
ay
t'ah
tah
ay
ts'ist'e'
shyiit
nee- ts'ayy'
na- 'ih- thät
u- shyiit
y- uu- nih
shyii
sh- įį- ła'
gǫǫ
hǫǫ't'eey
sh- dia'
hih- del- tth'ii
naan'
nih- thänh
xah
nee- shyah
shyiit
ay
ch'a
ch'a
u- xah
t'eey
t'eey
duk
ni- i- y- nįl- shyah
nts'ą̈'
iin
ni- thaad
gaay
hu- nįį- thaadn
hel- shyiił
dzanh
ts'exeh
hu- shyah
hu- dzeey
sh- įįtl'aat
chih
sh- nąą
nts'ą̈'
eh
ts'eh- tiat
ti- haak
ta- 'el- tsiin
gaay
hǫǫ't'eey
hǫǫ't'eey
u- k'it
hi- nih
ishyiit
tah
gaay
that
nil- jidn
shyiit
ay
dą'
noodlee
ts'ą̈'
ch'ehłaan
t'eey
tuu
y- įį- dlah
k'at'eey
gǫǫ
ts'ist'e'
uudih
hi- dąy
he- nay
tl'aan
ni- nįį- shyah
eh
ina'
įh- xąą
that
u- tl'a- 'ih- 'ąą
na- hat- dał
u- tdįį- nįįl
t'eey
dąą'
na- tsat- dał
t'eey
nił- 'eł
dineey
ay
ha- noo'
nahtsįą
ay
eh
t'eey
tsin'įį
mb- i- - nel- jit
xah
du'
kon'
ts'iikeey
k'eh
hǫǫ'
de'
hǫǫ- chaa
nįį- thänh
taa- heey
tädn
de'
du'
tah
ch'i- 'aał
tl'aan
na- naa- t'ah
t'eey
t'aat
di- 'aat
k'a
ay
t'eey
nts'ą̈'
eh
dänh
mb- aa
k'ii- 'e- ttheeł
eh
nts'ą̈'
datl'a- 'ee- mįį
nee- xa
du'
tah
na- xa- ch'ih- te- tįįk
tl'aan
łehchin
shyii
tąy
dii
iin
y- eh- nih
n- chaay
mb- eł
sh- ǫǫnüü
nih
na- hin- deel
s- tsay
tl'aan
y- eh- nih
nts'ą̈'
tthän'
elih
k'at'eey
ch'uukagn
tat'eey
ch'i- heh- k'aay
na- tdeh- nąyh
hu- hi- nay
iin
du'
ni- nih- shyah
hu- tah
ehdanh
k'at'eey
ts'änh
iin
tsin'įį
na- heh- tiat
t'axo
ti- nįl- tthiit
t'oot'eey
taathüh
t'axoh
t'axoh
ch'ale'
du'
jah
ch'a
doo
ta- y- el- deeł
iin
s- tsǫǫ
dänh
teejuh
įh- tsayh
xah
dii
iin
chih
tl'aan
eh
t'axoh
tl'aan
ts'exeey
el- dayh
dį'
dah- dąy
ti- nįį- shyah
tuu
chih
din
le'
tah
chih
dzįį- tsįį
ts'i- ni- shyeeh
dzanh
ho- nįį- heey
dzi- hel- shyee
y- aa
tah
u- dagn- dįį'
k'ia'
naan'
shyiit
chih
tuu
u- dhih- niik
hut- shyaak
y- eh- nih
el- k'aa
ts'änh
de'
na- aa- daał
ch'a
hah- nogn
ay
t'axoh
sh- nąą
dänh
įį- dloh
n- ta'
di- 'eel'
t'oot'eey
t'axoh
ay
ts'ist'e'
ay
sǫ'
iin
t'eey
dąą'
dąą'
du'
sǫ'
k'eh
eh
ni- nįį- shyah
ch'a
chaay
än'
sh- aa
dzel- tth'ih
eekeh
ay
tih- dįįł
t'eey
xah
ni- nįį- dlah
dih- tth'eey
u- shyiit
nts'ąą'
ni- thaad
sh- aa
dą'
hu- ts'ą̈'
ch'ale
haa- dał
daa- yi- nįh- deeł
k'e- hįį- deeł
s- ts'ą'
t'eey
s- tsǫǫ
sh- chil
shiin
hih- tee- deeł
ay
tsi- dek
nįį- shyah
k'at'eey
nah- 'an'
taathüh
t'eey
m- i- ish- nay
he- nih
ha- a- at- shyah
dänh
tleegn
dineh
hiiy- i- 'aał
hut- shyaak
tah
t'eey
eh- ts'iik
eh
ay
nįį- łąy
s- tsǫǫ
shyįį'
ch'ale
al- tthał
i- t'oh
le'
t'eey
ee- gąy
t'eey
naxat
nuh- k'i- tdih- łeeł
hu- nee- 'įį
that
tth'aak
hi- ts'i- ish- niign
a- niit
m- aa
y- eh- nih
ch'ale
ina'
jah
eh
neexon
ch'įįtįįł
aanah
ch'aachin'
shyiit
t'eey
nts'ą̈'
t'eey
y- eh- nih
iin
hih- del- tth'ii
hǫǫsu'
hah- 'ogn
ha- e- łeey
hi- ts'i- ish- niign
k'it
s- tsay
xah
t'oo
ch'a
duk
ts'ą̈'
ch'- aadeh
dahdzäł
hut- shyaak
t'eey
choh
u- neh- 'ąy
łą'
tthi- dįį- duuh
xah
y- eh
ishyiit
na- tset- neek
diniign
shiin
ni- h- nįį- deel
n- dih- nay
y- eh- nih
dąą
shyiit
hǫǫ'
t'axoh
shiin
y- eh- nih
hii- xah
chih
nih
hǫǫ- teeł
ch'a
hugn
shyign
hugn
chih
sta- na- tet- shyah
shyįį'
det- shyaak
iin
id- net- t'iah
jah
du'
ts'iniin
ts'änh
ha- a- at- shyah
al- deel
ha- nee- 'įį- dlah
tagoh
xia'
tl'a'
ch'itay
jin
ts'iikeey
ch'įįk'on'
hu- nįh- 'įh
sh- nąą
dih- t'eh
n- t'ay
sh- ta'
k'at'eey
tih- daał
ha- 'ogn
nii- thaat
da- ts'uu- niih
ay
xah
ishyiit
t'eey
n- chaa
u- tee- kol
dįį- tsįį
hǫǫ'
k'at'eey
hǫǫ- teeł
t'eey
tąy
eh
hii- shyiit
nah- 'ogn
iin
dindiign
chinh
t'oot'eey
eh
chih
du'
ch'ale
niithaadn
k'it
hǫǫ- łįį
t'eey
naki- det- dät
ch'a
u- ts'iniin'
tah
tah- 'aal
ts'ant'ay
dąą'
ti- nįį- mįį
na- tuu- daagn
na- hǫl- ndegn
ishyiit
jahxan
xah
that
s- tsay
na- hol- ndegn
n- eh- nih
dhįį- dah
hi- k'eh
nee- shyi'
kah
ts'ät
jah
t'eey
shin
t'eey
tl'aan
ts'änh
ha- sa- 'įį- shyah
ee- gąy
noo'
ti- at- nak
t'eey
nee- 'eh
chih
hii- taa- 'aał
ts'- hǫǫ- heey
hi- nih
hii- 'eh
u- nee- haal
ts'iniin
dhak- xįį
hįį- xaan
ay
tleegn
sǫ'
got
ishyiit
sh- hi- nih
t'eey
ena'
hǫǫ- łįį
t'eey
ina'
nee- hi- nih
s- ts'ą̈'
nah- 'ǫǫ
na- h- tnih- łeeł
negn'
gǫǫ
t'eey
le'
nił- dzet- nih
iin
ishyiit
tl'aan
ah- naat
ni- - nįį- deeł
dänh
m- oondaa
t'axoh
he- nih
ch'a
ts'ayh
dineey
sh- aa
eh- tįį
nee- k'įįl
nän'
hǫǫ'
le'
sh- k'a- neh- ta'
jah
el- tsiik
eh
ch'- ookol
hi- 'agn- nąy
n- ttheh
ishyiit
eh
tthee
t'eey
sh- eh- nih
u- dih- nih
shyiit
iin
eh
ya- he- dak
y- eh- nih
ndee
ch'- ookol
ts'äł
na- ts'u- tal- negn
that
łi- gaay
ts'anh
that
gaay
na- ts'- hol- negn
tsin'įį
k'ahmann'
k'ahjil
t'eey
hǫǫ
dzänh
ay
nih
a- daat
du'
na- tee- deek
s- tsǫǫ
ts'änh
t'eey
gaay
shyįį'
manh
jan
huugn
k'at'eey
ch'aldzeek
nts'ą̈'
nuh- tsǫǫ
ts'exeh
u- ts'ayy'
kon'
hǫǫ- chaa
dineh
hugn
ts'eegn
negn'
gǫǫ
du'
gǫǫ
kol
ya- h- ni- shyeek
hanteey'
neexon
hǫǫ't'eey
teethäł
ahugn
hi- ts'e- het- niign
t'axoh
tay'
ch'i- bät
tth'an'
y- eh- nih
noo'
taa- łeeł
ch'ishyaan
hii- 'eh
eh
dzel- xoh
łaakaay
n- chaa
hi- ts'e- het- niign
kon'
laalil
nts'ą̈'
iin
nah- 'ogn
na- hol- nak
k'ahmänn'
na- h- tet- naa
sǫ'
negn'
ni- dnįį- dlah
nts'ąą'
tl'aan
jah
nee- k'eh
nii- shyeey
hǫǫ t'ay
t'eey
xah
ah- noo'
de'
tah
hu- 'eh
de'
tadn
choh
sh- ta'
chih
ni- ts'e- nįį- deeł
eh
t'eey
ay
i- h- tdaa- nil
gah
ay
hu- naan'
tl'aan
dii
ts'ist'e'
chih
eh- sał
hu- dįį- ni'
ishyiit
tl'aan
n- ts'iiniin
t'eey
ch'- i- naa- dał
ch'ehłiik
sh- nąą
k'a
hu- tee- łe'
ch'a
nuh- deey
jign
na- 'įį- thät
eh
ts'oo
hu- xah
tan
iin
nts'aa'
sta- nįį- mįį
nts'ą̈'
ch'itay
n- łįįgn'
hǫǫsu'
xayh
k'e
thaa
ay
ts'ą'
nan'
hǫǫsǫǫ
s- tsay
xah
nts'ą̈'
na- hin- deel
du'
eh
shyįį'
dą'
tth'a- ts'i- łeey
ha- deh- jik
tah
t'aat
nee- 'eh- nih
di- dia'
t'axoh
hugn
tl'aan
tąy
na- 'in- shyah
hǫǫ'
gǫǫ
tl'aan
k'ahmann'
mb- ookol
dhah- tiat
hugn
noodlee
y- ee- dlaag
nts'aa'
sh- aa
hu- 'eh
sǫ'
nts'ą
nahtän
kelahdzeey
suu
u- neh- 'ąy
dee- dlah
de'
hǫǫ't'eey
hǫǫ- łįį
de'
t'axoh
t'oot'eey
xah
du'
iin
hu- ta'
jin
tąy
de'
k'it
that
huu- niign
tl'aan
t'eey
chih
nuh- xah
y- eh- nih
k'ąy'
t'eey
chih
hah- 'ogn
tah
sh- chil
ch'uukagn
niit
i- taa- mbah
de'
k'ahdu'
aa- haał
łįį
t'oh
naxat
k'a'
hii- dii- tth'agn
t'eey
xah
y- eh- nih
iin
hǫǫ't'eey
k'eh
t'eey
ch'itay
that
ti- 'uh- shya'
xah
i- ts'ą̈'
t'eey
iin
u- ts'iniin'
neh- tsįį
sta- a- ch'i- h- deh- tįį
shin
tl'aan
nuh-
ay
tah
hu- haa- łeeł
diniign
nts'ąą'
hǫǫ't'eey
eh- chuut
ddhał
tsee- deeł
ch'i- thüh
ch'inłuut
ni- thoo
nts'ąą'
tädn
tl'aan
nąą
ts'ąy
shyiit
ay
nih
tl'aan
iin
iin
iin
he- tsaa
e- tsah
tet- dät
ch'a
t'axoh
shyuugn
dänh
ts'ant'ay
hǫǫ'
jahxan
aa- haał
ch'a
a- nogn
hǫǫ'
dą'
gaay
aan
nts'ą̈'
ay
sh- aa
eh
na- tset- dek
nuh- ts'iikeey
nduugn
dineey
nts'ą̈'
nee- 'eh- nih
k'e
s- tsąy
tl'aan
kol
nee- 'eh- nih
ay
du'
t'eey
t'eey
hii- eh- nih
hugn
hǫǫ'
i- chah- 'aal
hu- xah
nan'
ha- hįį- deeł
de'
le'
chih
xah
na- 'at- keeł
u- neh- 'ąy
iin
shyiit
tl'oh
ay
ee- dah
hǫǫ'
iin
hu- shyi'
hu- negn'
dii
k'a
n- t'ayy'
sh- dia'
ena'
ndlaan
dinah
jin
chih
ts'igąąk
t'eey
na- 'eh- gąy
hugn
uu- łe'
tl'aan
ts'ayh
neexon
t'eey
eh
ch'a
na- hol- nagn
dänh
y- eh- nih
ay
eh
k'it
hu- t- nįį- deey
sh- nąą
ay
ih- łįį
du'
ya- 'ih- haak
t'eey
iin
du'
dzel- tth'ih
u- ts'ą̈'
na- ish- shye'
n- elsüü'
iin
hǫǫ- łįį
ay
ay
shyign'
shyįį'
na- 'at- keeł
tsihtąy
nuh- xah
na- shyign'
tädn
du'
saayh
da- del- thoo
tah
tąy
el- k'aa
xah
aa- haał
s- tsǫǫ
kah
ni- h- taa- dał
sh- nąą
xah
na- shyign'
shyiit
nee- 'eh
shyįį'
ch'ale'
dą'
ch'a
yi- ts'ą'
k'a'
ni- nįį- shyah
jah
na- 'in- shyah
ni- ch- 'įh- dlah
tay'
ay
i- tsi del- 'ay
ts'almbeet
niign
nih
shyįį'
nii- thoo
hih- del- tth'iik
hi- agn- niiy
tuu
tah
du'
he- niik
hu- hįį- xąą
jah
ts'exeh
hugn
iin
u- nįį'
du'
sh- eh- nih
na- tset- dek
ee- day
diniign
jahxan
ch'i- k'ah
t'eey
tl'aan
choh
tah
t'eey
jah
chih
t'eey
hi- d- hįh- xay
ts'änh
ts'el- deel
tah
doo
shyiit
hǫǫ'
gaay
tl'aan
ketl'a- a- tsi- keek
hii- da- ch'įį- 'ąą
k'eh
hu- dih- nay
da- 'ee- dah
dhįį- dah
sh- ǫǫndaa
u- nii- chak- tlah
ay
t'eey
na- tih- daał
tah
kon'
chih
dih- tth'ek
t'eey
de'
nih
nee- łiign'
mb- ookol
eh
ts'oo
nts'ą̈'
na- tsi- deeł
di- dia'
aan
nuh- tl'a- y- įį- dlay
ndee
hii- aanah
jah
y- aa
noo- tah- tsay
na- tset- deeł
ay
hǫǫ'
s- tsǫǫ
nan'
hǫǫ'
ay
he- nih
ehdanh
ay
nee- 'eh- nih
del- tth'ih
hah- noo'
sǫ'
tl'aan
chih
n- t'ay
tah
tlodn
ch'a
choh
ts'- ee- dlah
k'üdn
eh
k'ahdu'
sh- ǫǫnüü
sh- eh- nih
eh
ih- tsuul
ski- nįį- tthayh
įh- tsayh
he- nih
du'
du'
ǫǫ- haal
ch'ale'
tl'aan
k'at'eey
noo'
nee- he- nih
neexon
tąy
ay
n- dia'
k'it
iin
sh- dia'
le'
łaakeey
na- nish- shyah
sh- dhįh- shyiy
ha- 'ih- shyah
a- dogn
du'
t'eey
tąy
tl'aan
nts'ą̈'
hii- tel- shyeek
na- 'ǫǫ
tüh
dįį- dąy
ts'ant'ay
kelahdzeeh
jah
k'at'eey
ski- nįį- tthayh
dzel- tth'ih
dii- tl'adn
h- tee- deel
mänh
t'eey
u- tnah- 'iil
y- aa
de'
hii- ts'ą'
dąą'
eh
da- 'i- daak
tl'aan
t'axoh
d- aa
ay
ay
shyįį'
ts'exeh
sh- k'eh
chih
tah- shyüü
du'
t'aat
ay
tah
hu- 'i- h- huu- shyaak
doo
ski- nįį- 'ah
nuh- shyah
gaay
tha- tdagn- nąy
nän'
ta- 'įį- 'ah
ch'iliitthoo'
ti- 'uh- shya'
tl'aan
gǫǫ
tuu
k'it
jahxan
noołuut
u- nąą
u- naagn'
dzi- hel- shyeeh
ha- 'ogn
hi- ti- dhag- ndaa
tah
hǫǫ'
ha- na- hu- h- taa- łeeł
choh
nee- naattheh
shyiit
hu- tah
that
tthee
iin
tsǫǫ
tl'aan
tsee- deeł
tl'aan
įįjih
ak- nayh
dänh
negn'
nee- shyah
mb- eh
hǫǫ- łįį
nts'ą̈'
tah
k'eh
hut- shyaagn
y- aa
tthi- nįį- shyah
ee- dah
ni- tah- łeeł
nah- tet- degn
ch'at- nąy
xah
tah
hel- deel
nih
dǫǫ
eh
dą'
dits'än
that
na- nih- shyay
t'eey
na- 'įį- daał
n- düüh
chih
s- tsǫǫ
du'
m- ǫǫsi'
aan
t'eey
įį- shyah
el- tsįį
huugn
iin
y- eh- nih
ǫǫ
ddhał
t'eey
dineh
iin
m- ǫǫsi'
nts'ą̈'
tah
nuun
ła'
nts'ą̈'
ch'i- kąy'
mb- aa
de'
nak- tįį
that
noo'
chih
hu- he- nih
eh
nee- 'eh- nih
t'eey
da- nįį- shyah
nih
iin
naan'
n- t'ay
t'oo
tl'aan
taag
ndehde'
nts'ą̈'
nee- k'eh
nuh- 'eh
kon'nia
hih- dii- tth'ak
än'
chaay
dineh
noo'
da- nįį- shyah
ts'i- dloo
neexon
hanteey'
k'e
hǫǫ- łįį
nah- 'ogn
y- eh- nih
hu- h- nee- 'įį
ee- gąy
łaakaay
hi- het- nayh
t'oot'eey
iin
t'eey
t'eey
chih
hǫǫ'
hugn
heh- 'įįk
t'axoh
ay
ay
chih
dii
du'
iin
ti- 'uh- shya'
diniign
du'
choh
ayt'oo
t'eey
dąą
tl'aan
jahxan
m- i- ts'i- ish- niign
ishyiit
de'
k'it
ddhäł
łąą'
ay
dii
tse- neey
du'
sh- ta'
ts'ikeey
k'at'eey
ay
shyiit
niign
dzänh
noo'
ay
kelältseey
t'eey
kon'
shyiign
nts'ąą'
duugn
tl'aan
ishyiit
hu- nts'ą̈'
hugn
ch'ale
tuu
n- t'ay
nih
i- tthi'
i- neh- 'įh
taathüh
da- nįį- shyah
k'at'eey
shyįį'
suu'
nii- hąą
tah
shin
na- tset- dek
ts'oo
ay
shyii
y- įį- 'aał
a- deg'
du'
ts'uu- dii- dlay
ts'iiniin
tat'eey
dzįį- tsįį
dąą'
nts'ą̈'
du'
sh- eł
mb- ookol
chih
ntl'at
hah- negn'
tl'uuł
iin
ay
na- tuh- daagn
naxat
tnah- 'įįl
na- het- dak
gǫǫ
ha- shyign'
manh
ch'a
xay
du'
shyįį'
t'eey
le'
łįį
t'eey
naan'
xah
du'
dog
shyiign
tleegn
haskeh
iin
k'a'
hǫǫ'
iin
he- nih
doo
m- i- ts'- ish- niign
dineh
y- eh- nąy
eeł
ay
hǫǫ't'eey
ay
taa- dlaał
nih
iin
iin
n- nąą
s- tsay
that
iin
xay
ch'ale
sh- eh- nih
iin
hu- 'eh
e- tsah
eh
- xąą
kol
nii- thoo
ch'ale'
nih
ts'oo
manh
shyiit
dą'
iin
güh
mb- i- 'ish- nayh
łįį
u- deh- god
hu'- ǫǫnüü
nts'ą̈'
hǫǫ'
nts'aa'
hǫǫ- łįį
tl'aan
hu- ts'ą'
mb- eh
tay'
ay
t'ǫǫt'eey
įį- da'
ishyiit
ni- nįį- mįį
t- nay
dą'
shyiit
gaay
ts'i- dek
nee- haal
noodlee
nih
ch'a'
hǫǫ't'eey
y- eh- nih
hah- 'ogn
chih
t'eey
eh
nee- h- tee- dlah
hǫǫ'
choh
t'oot'eey
ishyiit
eh- tįį
ts'- eh- 'eel
dą'
ni- i- tih- daał
manh
eedzee'
hugn
y- eh- nih
hu- 'i- chi- jel- nih
xah
sh- eh
ch'i- dänh
ch'a
huugn
nuh- 'eh
ha- ch'- uu- dal- 'įį
ch'ale
hih- tee- deeł
hǫǫ- 'įį- dląą
t'oot'eey
y- eh- nih
hǫǫsu'
y- eh- nih
t'axoh
shi- nee- haał
sh- dia'
hu- thät
sh- nąą
ay
tsǫǫ
nts'ąą'
hah- noo'
u- łįįg'
na- 'eh- tsał
aa- haał
shyįį'
he- nih
t'eey
u- tsaal'
k'at'eey
kelahdzeey
mb- eh
iin
ay
tl'aan
eh
di- tthi'
ts'ist'e'
hii- k'it
t'axo
dzänh
jahxan
ishyiit
sh- ta'
ch'- uusi'
mb- elsüü
mb- i- tdal- dee
ay
manh
m- ǫǫsi'
teejuh
chih
u- t'ayy'
du'
an
t'eey
s- tsǫǫ
ay
t'eey
hǫǫ't'eey
t'eey
nii- 'ee- 'ah
tl'aan
iin
ch'a
dą'
sh- dia'
hǫǫ'
eh
ch'ik'eh
tl'aan
t'eey
hǫǫ- łįį
ta- nel- dok
nee- 'eh- nih
hu- ke'
eh
kol
sh- ǫǫnüü
tl'aan
hah- degn'
tleegn
ni- 'įį- ha'
nił- xa
nee- xah
tl'aan
eh- ts'ay
he- nih
shyįį'
nah- 'ogn
nts'aa'
iin
chih
tl'aan
ni- i- tset- degn
nts'ą̈'
nih
tah
ishyiit
hih- taa- dįįl
d- uh- ts'ąy
ah- dǫǫ
t'eey
na- tset- dek
u- dih- nih
di- che'
du'
tsǫǫ
u- tthi'
s- tsay
sh- dia'
nts'ą̈'
shyii
ni- nįį- shyah
dziin
choh
ne'
hǫǫ- łįį
di- łeek
iin
ha- hugn
tah
shyiit
ch'a
dzänh
s- tsǫǫ
ch'a
ay
mb- ookol
ya- nel- xoot
tl'aan
ay
s- tsǫǫ
eh- tįį
dänh
ts'iikeey
t'a- 'įį- xał
nee- k'aa'
jign
chuyh
t'axoh
shyign'
hugn
hiy- eh- nih
y- eh
hǫǫ- łįį
dinah
diniign
ts'exeh
t'eey
hih- tee- deeł
nts'ą̈'
hǫǫ'
kol
ch'itay
ch'ale
di- ke'
tl'aan
du'
tth'ee
łą'
t'eey
y- eł
- xąą
ni- i- het- dek
dǫǫ
u- dia'
hi- dąy
dii
tah
ch'- ookol
k'ąy'
na- naa- t'ah
xał
ishyiit
u- ch'- el- deeł
shi- he- nih
shin
k'üh
na- hat- dal
sǫ'
gaay
du'
du'
eh
eh- tsįį
ahą
ch'- aadeh
tah
na- nah- daał
ni- i- ts'- nįį- naa
sh- aa
ch'a
ch'a
ttheek'ät
t'eey
t'eey
ch'i- k'ah
xah
xah
t'eey
u- tih- nak
tl'aan
ts'änh
tl'aan
m- ǫǫsi'
na- tih- daak
du'
ay
y- aa
ts'uu- t'üü
y- aa
teejuh
na- tset- neek
dii
dąą'
ih- da'
k'it
yi- hǫǫ- keet
eh
tl'aan
iin
hii- eh- nih
dii
de'
ay
choh
niign
t'eey
del- gay
nee- xah
ha- noo'
hii- kah
hu- ts'ą̈'
ay
iin
tagoh
ch'a
chih
sh- eł
mänh
t'eey
t'eey
tah
sh- ch'a'
eh
a- hugn
ts'i- 'aał
naagn'
iin
hǫǫ'
shyiit
nee- ła'
na- ts'in- deeł
hǫǫ- nąy
uu- łe'
xah
t'eey
nahuugn
hǫǫsǫǫ
ha- shyign
e- ts'üh
t'axoh
u- nąą
tha- tdagn- nąy
hi- xąą
nii- thoo
ay
ay
t'oot'eey
iin
ts'oo
tah
de'
łą'
ishyiit
xa- 'el- t'eh
nuh- xah
na- tset- dek
na- tih- daag
k'ahman'
eh
ch'ale
ay
du'
ishyiit
nithoo
hǫǫ'
iin
hu- 'įį- shyah
sh- nąą
y- el- deeł
hah- 'än
shyii
mb- aa
ishyiit
sǫ'
łahtthegn'
shyįį'
u- tak- tsayh
chih
hu'- ǫǫnüü
nuh- xah
i- ch'a
ay
ts'ist'e'
da- tthuugn
ay
eh
iin
eh
eh
ski- nii- hąą
de'
dii
nee- nuht'aagn
tel- tthät
tl'a- ti- dhak- chuut
dineey
hu- kah
k'at'eey
t'axoh
eh
de'
y- aadeh
k'at'eey
dii
hǫǫ- łįį
hǫǫ'
al- tthał
eh- tsįį
du'
dį'
n- ts'iiniin
gaay
ni- he- łeegn
dii
ay
t'eey
hu- degn'
jah
diniign
na- h- di- tįįk
jin
hih- del- xoo
nuun
kol
t'eey
da- 'ee- dah
t'axoh
dih- dį'
shyiit
nah- 'ogn
t'eey
ha- shyuugn
xah
t'eey
hǫǫ'
du'
t'eey
ndee
nagn- tän
a- t- dah- niil
xah
įh- dląą
tąy
niign
eh
tthi- hi- haak
hįį- dląą
hǫǫ- heey
noo'
männ'
nah- 'ogn
ch'a
k'at'eey
jin
eh
nts'ą̈'
na- un- shya'
hǫǫ'
ts'e- nee- haal
u- tee- łe'
t'eey
hi- agn- nayh
t'eey
hee
eh
iin
heh- tsįį
noodlee
tah
k'ahdu'
chih
eh- nih
k'eh
ch'- h- deh- 'ąą
ch'ale
na- ts'e- 'aal
ddhał
di- 'ay
k'ahdu'
t'axo
ch'i- h- uu- keedn
łaakeey
tl'aan
a- dogn
dineh
sh- oonüü
nts'ą̈'
ch'a
nah- shyiił
nahugn
k'a
du'
t'eey
hǫǫsu'
gaay
tay'
sh- nąą
nahugn
tah
gǫǫ
ch'ishyuuy
ts'ayh
ts'igąąk
got
na- ch'ah- 'aał
that
nts'ą̈'
nan
chih
ishyiit
tay'
sǫ'
ts'ikeey
hu- tl'a- 'įį- kąą
negn'
sh- nąą
u- neh- 'ąy
ch'uh- mbia
tay'
tsät
įįjih
i- nii- nįį- thänh
na- 'i- thät
eh- nih
ay
chih
ch'itay
iin
ti- tet- nay
d- i- ch'- agn- 'aal
k'at'eey
tl'uuł
nee- hih- tdaa- tth'egn
noo'
dits'än
gaay
ts'änh
t'eey
doo
taa- 'aal
adzu'
y- eh- nih
t'eey
di- tthi'
nih
nah- shyugn
t'oot'eey
dzel- tth'ih
k'ii- hiiy- i- łeek
ch'itay
hǫǫ't'eey
e- tsah
t'eey
ch'itay
dih- t'eh
chinhshyiit