ni- tambah
ni- pinpin ==ne
anak
balepetake
me- lalu
napos ==ne
dikhi ==ne
si layakh
te
me- khumah.tangge
pakhah
sange
mbelin
nate ==ne
khase
ahli
waktu
ni- banding.ken
kane
nde
deleng
pe
ate ==ne
me- page
me
men- jadi
kobo
tuan
[...]-- belagakh
namun
sendikhi
untuk
gukhu
tebe
tanoh
lot
meng- ato
anak
me- masakhakat
tuan ==ku
me- daun
edi
gembikhe
si layakh
kalaki
cuping
si layakh
madhe
iye
pepige
hasil
ke- bahagie -en
men- afsikh -ken
kalihen
men- pekhintah -ken
khut
atau
ke- khaja -en
me- lalu
enggo
soh ==lah
gakham -i
patani
gembikhe
manusie
nujum
ingin
edi
anak
jeme
te
namun
ise
ge
penamun
si layakh
kekhang
wakhi
me- bace
singkil
buluh
khut
mbelin
iye
usahe
kenin
oleh
khaje
bujuk -en
dikhi ==ne
edi
sikel
anakhu
te
kekade
malet
ni- senat -ken ==ne
oleh
untuk
sawit
iye
jati.dikhi
laut
deleng
tipu daye
khut
tekh- adep
ni
untuk
nggo
dalan ==e
desa
khase
soh ==lah
==ne
ie
iye
ni- cindekh -ken
penuh
kalaki
te
mentakh
nate ==ne
imbalan
kelak
akhi
hakhus ==ne
te
kakhene
mejile
ate
sukukhen
se- kalak
ni
men- jadi
kalaki
pe
ni
niat
pas
nawe
malet
[...]-- saat
kane
pecaye
edi
gaikhah
jeme
akhi
nde
kane
te
me- dikusi
sedih ==ne
sendikhi
aku
endak
te
ni
adalah
==ne
edi
se- bulan
jukhang
bhual -i ==ne
ni- dapet
pe- tukokh -ken
me- deleng
ate ==ne
edi -me
me- kehendak
wasiat
se- kalak
khesep
madhe
agup
khaje
untuk
ni- sambut
nujum
te
pul
aneh
sang
nde
madhe
sendikhi
kite
edi
buhung
cekhite
makcik
tonge
lelukhuh
khaje
ni- undang
dikhi ==ne
cekhok
khugi
medem
anak
kane
me
namin
ke- gembikh -en
jeme
mekh- awat
tebe
plastik
cut
pahakh
aku
si layakh
anak
me- daye
sang
te
ni- khakut
ninik.moyang
me- jolokh
mem- babe
belantakhe
segale
abhang
pe
kane
bage
khaje
ak
khut
edi
sendikhi
ende
khombong -en
kite
ni
tebe
uwis
mang
me
sendikhi
kami
ni
tentang
deleng
nasip
meny- ingkikh -ken
anak
ni- popok ==lah
uwak ==ku
sang
men- jabut
lawe ==ne
tanoh
khaje
tubuh ==ne
khaje
nde
jume
oleh
kalak
iye
kau
amek
ate ==ne
akhi
balik
mate
mate
wakhi
lot
iye
kecewe
tadi
anak
anak ==ne
iye
sang
ni- pekhcaye
wakhi demi wakhi
ndape
kate -ken
asal ==ne
meng- ekhet
tonge
ng- kekhet
jage lah
ende
tuhan
iye
lawe
anak.laki
untuk
m- bulak -ken
khaje
me- bahan
nakan
ni- kate -ken
aku
sendah
anak
ke- teguh -en
khut
[c^1][v^1]- khidi
anak.laki
lot
untuk
salah.sebuah
meng- asing -ken
iye
peng- ukhus -en
men- cube
tubuh
bakhu
jumpai
peng- uase
bekhu
madhe
ise pe
ke- lahekh -en
tekhus
ni
akhah
cut
tanemen
gelakh
me- sedih ==ne
untuk
khate
sesikel
nahan ==ne
mem- bahe -ken
woi
me- khumah.tangge
me khumah
kite
hambu
ge
pengulu.mude
tekhsebut
kidah
te- tukokh -ken
kekhi
ke- jaya -en
ni- pinang
ni
ni- kakhunia -i
pengulu.mude
me- goto.khoyong
me- [...]-- sekhi
dapet -i
hakhap -en
halaman
tonge
lawe
me
keluakhge
nde
ganas
endak
niat
pakek
me- gelakh -ken
ni- ekhe etoh
si layakh
pengulu.mude
tanoh ==ne
lebe
begedi
kau
khaje
pepige
langsung
semsakhe
pagi
pige
si layakh
adalah
ni- pe- kikhe -ken
iye
abhang
mame ==ne
kado
suasana
kekade
sikel
khut
kane
kalihen
khut
dekah
ke- gigih -en
jelas
te- bekhas
edi
te
me- khase
pengulu.mude
khut
ng- gakhem -i
me
saat
mem- asti -ken
pemain.sukhi
khut
me
ketang
kute
laus
aku
pengulu.mude
untuk
ni
n- datas
abhang
me natam
te
aku
tepat
edi
akhi
me- bahan
keji
atau
mame
tekhsebut
n- dabuh
ke- khaja -en ==ne
hakhus ==ne
edi
babe m- balik
malet
ke- dauh -en
kelak
seban
untuk
mbue
khaje
ni- angkat
pahat
kalaki
kobo
mame ==ne
se- bue
n- tumpang kepaling -ken
[...]-- sikse -ne
mbue
te
ni hadep
kakhene
bayak
meng- elem
nde
gane
mem- angan
tubuh
nangat
khut
malet
untuk
deleng
khang.tue ==ne
lebe
enggi ==mu
sang
lot
te
wakhisen ==ne
mengket -ken
wakhi
ni.hande
khut
bahan -en
edi
laki-laki
menukhut
te
khut
ng- idah
ape.bile
miskin
sedih ==ne
lancang
kune pe
ni- segan -i
khut
jahat
ni- bunuh ==ne
laus mece -me
ke- ekhoh -en
te
pe- takhik -ken ==ne
men [...]-- nutup -i
penangkau
soh ==lah
ketang =e
ise -kah
sebuah
khaje
meng- ate -ken
khut
namun
me- khiyut
lot
bekhu.dinam
bagien ==ne
enggo
se- baik ne
cekhe
alas
te
kalak
akhikh ==ne
enggo
enggi ==mu
mem- ege
bahaye
sikel
ni- susun
alas
pot
puket
te- kukhik -ken
lahekh ==ne
pinpin
benakh
metoh
iye
se- cakhe
tuan ==ku
bekhas
mem- unuh
bage
pemamanen
pe- lawat
kisat
kalak
tanoh
sikel
men- akhik
akhi
belin
buah
mejile
pe- tengkau
kane
men-...-ken ekhe -ken
tuan ==ku
se- kalak
kane
kite
tanoh
edi
daekhah
miskin
te
penangkou
biakh -i
mebelin
pe- tani
peng- uase
me- babe ==ne
bekhu ==ne
tumpang kepaling
suatu
ate ==ne
ni- harga -i
kane
gakham -i
tebe ==ku
deleng
bongi
kite
dikhi
patkhilineal
edi
oleh
kite
[...]-- hewan
tubuh ==ne
melaku.ken
untuk
gayo
akhi
me- sekolah
hampikh
ni.jagai
pekhistiwe
aku
me- kekhet
babe m- balik -me
kate
untuk
lahikh lah
meng- alikh
sitok
ni
pekhistiwe
aku
men- ading -ken
khut
pekhintah
malet
manusie
enggou
me
te
kite
se.engo
si layakh
bulet
suatu
atao
se- kalak
tangung.jawab
wayang
men- abin -i
gukhu
cukham
ni- bunuh
ni- sebut
malet
madhe
me- umukh
si layakh
mbue -ne
edi
untuk
tekhsebut
ni
lot
khut
cut
bale
kalihen
oleh
sendah
bakhu
anak
[...]-- dempik
ulah
te- bhabhe m- bhalik
te
me- dose
si layakh
lot
[...]-- ninik
pake
pulau.biang
salah
bene
tekhus
minum
kalak
khangtue
uwak ==ne
ni- tukokh ==lah
si layakh
me- usahe
engo
men- dapet -ken
doe
mame ==ne
nihil
khaje
se- kalak
tekh- atou
pakek
cinte
te
te
tandi
namun
pe
pe- ngekhawang -en
bukai
te
hendak
putus ase
bekhu ==ne
nggo
kekhe
oleh
keluakhge
senang -ne
endak
te
khaje
sang
bekhu ==mu
si layakh
si layakh
madhe
lot
lot
men- cube
engo
bhe
ende
mele
sendikhi
edi
tanpa
dage
pagi
iye
me- belin
deleng
ni- pesulak -i
nak
jaman.sendah
edi
wayang
se- tekhus ==ne
balik lah
sang
laki ==ne
amak
cinte
wayang
sikel
ke- khaja -en
tekun
amek
me ngkekhan
te
posisi
umukh
se- bage ==ne
sebuah
jeme
pesen
kami
bayak
ahli
kane
ni- popok ==lah
bakhu
pakek
n- tukokh
laus
kalaki
bakhu
pe
se- kalak
aku
uwis
untuk
gukhu
ke- khoh -en
m- babe m- balik
khugi
me- cocok
kobo
malet
mulai
se- kalak
edi
edi
te
te
cekhane
te- bege
cangkul
tulang
sang
meng- ena -i
hadih
bhe
men- bantu
mame ==ne
tuan ==ku
sekali
babe m- balik -me
ni- kakhene -ken
kanda
sikel
[...]-- macam
baju ==mu
me
nakan
untuk
khoh ==lah
abhang
mame ==ne
dhahi -me
me- kembang ==ne
uwak ==ne
malet
ni- takhik balik
malet
aku
delaki
anak
anak
untuk
nangat
ke- tading -en
pakhe
se- jekhang -en
negekhi
te
men- jadi
mahal
positif
saingen ==e
kune
malet
tekh- usik
ke- lahekh -en ==ne
uwak
sekolah
sendah
pe
setiap
sikel
me
tanoh
mame
endak
bage
akhi
ni- tekham tunjang
tebe
gekhangen
bekhu ==ku
te
khaje
mbelin
si layakh
ke- lugu -en
kute
laus mece
ni
suasane
jaman.sendah
ni- bunuh
me- khakut
iye
atau
kahkhene
me- yakin -ken
wahai
[...]-- khumah
se- tahun
edi
musibah
balik
amek
bayi
oleh
pade
aman
kakhene
anak
akhi
kane
te
modal
kikhe ==ne
wakhi
mame
wakhi
bayi
me- limpah khuah
ngo
hakhte
men- jadi
polisi
tandok
bekhu ==ne
me- gewokhen
gegakhe
malet
khaje
coklat
sang
istekhi
kane
lembakh
te- gusuk
sang
==ne
aku
ke- hadikh -en ==ne
untuk
khut
mame
mem- pekh- tahan -ken
main
aku
tuan ==ku
ngekhan
men- dohokh -i
aku
enggo
cekhite
pak
tihang
mem- ekhe -ken
ni- takhik balik
manusie
[...]- buah -en
suami
badan
dhunut ==ne
ahli
due
si layakh
awe ==ne
kendukhi
iye
khoh ==lah
ahli
ni
babe m- balik -ken
daekhah
te- jekhang
tekhus
ni
salah.sebuah
ni
ngo
ogek
pikhua
ke- yaman -en
jumpe
ni- jumpa -i
amin lah
bantu -en
kekade
kalaki
malet
khut
tetapi
amek
khut
se- kalak
sebuah
ogek
tekhjal
mampu
ni- lajang -i
se.enggo
amek ==ne pe
penduduk
ie
me- bahan
amek
men- jadi
te- takhik
me- cekhite -ken
terjadi
ate
khut
bekhe ==ne
pot
kakhet
sahung
me
khaje
me
handhe
si layakh
mbue -me
khut
ke- khoh -en
puket
compang.camping
khincim
kite
mampu
manusie
khaje
per- tambah
men- cube
tenggakhe
sebuah
jume
mem- ekhe
nujum
pe
nihil
ate ==ne
tapi
khut
mame ==ne
ni- kakhene -ken
mame ==ne
uan
alas
ahli
bagas
kane
kalak
lengkap -me
dapet
sendikhi
anak
men- indekh -ken ==ne
pe
ende
kami
lain ==ne
penduduk
kakhene
ni- khakut
me- pangkat
khut ==ne
penganggukhen
me- tungkuk
si layakh
pekhtame
pakek
akhikh ==ne
ge
m- bati ==ne
si layakh
impal ==mu
untuk
lain ==ne
pe- khencane -en ==ne
lot
tapi
singkil
me
setekhusne
namun
bekhani
sang
khut
si layakh
desaken
se- kalak
ndokhsah
tanoh
lot
pagit -ne
[...]-- benakh
bakhu ==lah
me- lawan ==ne
senuan
laki-laki
sikel
kabakh
me- [...]-- bulan
malet
jekhok ==ne
ni- tambah
enggo
buah
baba -i m- balik
toh
tonge
bibit
sang
pengulu.mude
meng- ekhi -ken
ni- bunuh
lebe
akhi
kelak
se- kalak
biakh
[...]-- uwas
adalah
bungki
anak
tawe cikhem -i
begedi
enem.puluh due
malet
kane
keluakhge
pe- nindekh -en
==ne
sendah
malet
gembikhe ==ne
me- layakh
tebhu
penduduk
ni
alas
pengulu.mude
te
kayu
te
lawe
khut
khaje
lot
dekah
due
edi
me- nyekolah -ken
se- putekh -en
buluh
pekhistiwe
aku
edi
salah.sebuah
pepagi ==ne
ni
khut
sie-sie
kalihen
tanoh
-em- gane
ende
nakhen
suke.cite
nujum
te
pe- ng- kekhet -ken ==mu
men- ekhpe
tahun
ni- tahan ==ne
bahagie
ni
geluh
anak.bekhu
me- dikusi
laus mece -me
tuan ==ku
akhi
khut
pe
se.engo
[...]-- atou
meng- ate -ken
khut
kane
khaje
men-...-ken ekhe -ken
sang
geluh ==ne
men- ukokh
dikhi ==mu
iye
meng- inget
kayu
te
wahai
engket -i
lot
mulai
ni- bagi
ni- tekham tunjang -ken
me- hasil
bekhangkat
sikel
neggekhi
awak
kane
tentang
amak
men- jadi -ken ==ne
namun
khut
tapi
negekhi
munyang
nde
kane
main
ke- ganteng -en
akhi
pe
tanoh
tek- geletak
pakse
khut
de lah
pige kali
bante
menuju
sebuah
kane
mpus
bebekhe ==ne
pelin
me- dalan
mampu
meng- asing -ken ==ne
ate
pe
iye
tanya
bongi
meng- hadikh -i
tandok sile -me
kalihen
sengaje
tanoh
bekhu.dinam
me- milik -i
untuk
mame
khaje
dalan
gagal
ke- khaja -en
mengindah.ken
mulai
untuk
khut
me
ni
ni
tekhyate
bekhu ==ku
men- ading -ken
si layakh
me
meng- utus
nggo
te
lawe
untuk
enggo
iye
sikel
kalaki
tekhagedis
sen
alas
baba -i m- balik
pade
kakhine
si layakh
bhe
khut ==ne
toh
ingin -ken
anakhu
ke- gembikhe -en
enggo
kabakh
tebe
penduduk
adinda
belang.kejekhen
jukhang
lot
sang
sang
anak.laki
m- angan
suami
te
edi -me
malet
sikel
te
ni- lahekh -ken
dikhi ==mu
amak
angote
ekas
ni- lindung -i
sang
layakh
lade
sambil
pe.main.sukhine
tuan ==ku
khut
me- jabu
khaje
kabakh
pe- tani
balik
mejile
bakhu
anak
pesisikh
pengulu.mude
tebe
ke- hadikh -en
anakhu
pengulu.mude
due
mungkin
pengulu.mude
sikel
ate
me- bahan
mejile
khut
dukut ==ne
aah
kekhi
khut
ni- tumpang kepaling -ken
undangen
amin lah
khut
umukh
n- tukokh
hadih
pe
tanoh
ke- penting -en
kekhi ==ne
men- bantu
bahan -en
bone
tepat
kite
iye
pakhe
ende
me- khiyum
kalak
ame ==mu
tekhuh ==ne
mem- ege
pahakh
te
antakhe
meng- ato
mampu
edi
akhi
mem- babe
me
pengulu.mude lah
pe
kalake
mbue
si layakh
pelin
ni- dabuh -ken
men- damba -ken
edi
te
khut
gakham -i
laki-laki
ate
tepat
malet
namun
ni
mem- ege
pen- dekhite -en
mame ==ku
meng- asud
te- tandok me- sile
edi
iye
kakhene
khaje
seban ==ne
ahli
bekhu.dinam
bungki
kendukhi
kami
me- balik
mekh- ayu
setekhusne
peng- embale
mekh- ayu
ni- dapet ==ne
aku
amek ==ne
ketang
si layakh
sengaje
cangkul
ulah ==ne
malet
ajaib
alangkah
lebe
me- daun
kobo
ni- bunuh
pe- tani
khang.tue ==ne
manusie
tanoh
jumpai
pepige
bekhe
takkala
ate
kanda
lain ==ne
kalihen
oleh
kasukh
sebuah
salah.sebuah
mem- ido
hasil
hakhus
te
benakh -kah
bhe
baso
nomokh
se- gijap
jagung
wakhi
kisat
geluh
nggo
edi
dekah
kalaki
main
malepetake
mekh- ayu
abhang
kekhan
iye
khate
ke- khaja -en
khencane
jin
desa
enggi ==mu
me- nikah -i
hasil
sang
tekhsebut
ni
kayu
dekah
uan -me
enggo
balik ==lah
su
sekolah -ken
tihang
khaje
nujum
setekhusne
ate
me
n- ekham tunjang
sepasang
ende
wali ==ne
[...]-- nyate
panen
anak
ende
walau
si layakh
jahan.jakh
ganteng
alas
te- pangan -i
bekhe ==ne
bulan
edi
oyek
si layakh
awak ==ne
sang
tekham tunjang -i
jeme
belin
pem- babe
me- milik -i
men- cube
akhi
laki-laki
angote
tas
lot
ni- cakhe -ken
oleh
akhi
enggo
iye
te
tekhahikh
sebuah
ie
te
cukup
edi
edi
si layakh
m- ulung -i
sen
ke- hekhan -en
khut
te
madhe
nakan
wayang
niat
ni.hande
pakek
me- mohon
khombong -en
pekhintah
peng- uase
me natam
calon
impal ==ku
meng- embale
[...]-- anak ==ne
yakin lah
wakhi
sebuah
hubungen ==e
abhang
balik
ni
khaje
hendak
untuk
men- jadi -ken
mem- mengket -i
anak
sebage
hakhte
kane
madhe
bagi ==ne
lawe
iye
mem- ekhe
suasane
pahat
khang.tue ==ne
khang.tue ==ne
keluakhge ==ne
pekhcaye
jumpai
iye
me- [...]-- tahun
se.sikel
iye
niat
kalihen
ie
me- jume
namun
lot
sang
te
tukhun ==lah
khaje
si ape
soh ==lah
telat
si layakh
se.mate
bene
me- hakhte
edi
bhe
pengawal
kekhet -i
khaje
[...]-- pige
te
me- peluah
ni
me
nujum
anak ==ne
aku
ke- khaja -en
jawab -en
nujum
ie
nge- laus -ken mece
me
endhe
compang.camping
me
sakit -ne
pe
se- soh -ne
pengulu.mude
mame ==ne
khut
laus
meng- ato
madhe
madhe
pengulu.mude
toh
tuan
kakhene
akhi
malet
dewasa
kite
lebe
pekh- batas -en
pitu
dikhi
madhe
te
ni
kane
pakek
sebuah
se.engo
ni
akhi
sentue
timbul ==ah
deleng
meng- hokhmat -i
ni
aku
khombong -en
ni- mutilasi
khut
men- kandung
pengulu.mude
me- bahan
nge- lahekh -ken ==ne
babai ==ne
te
sukut ==ne
me- sekolah
lebe
mase ==ne
nanak
me- hak
layakh
meng- ato
si layakh
bangse
se- ketike
luakh
khase -ken
sebage
kane
si layakh
[...]-- gakham -i
untuk
meng- ato
cinte
kane
luakh
dauh
tawe cikhem -i
si layakh
pitu
panek
te
luakh
te
me- dalan
khaje
okhang.tue
hakhte
te
nujum
te- tukokh -i
pekhistiwe
uwis
nakbekhu
telu
wayang
untuk
kau
pihak
dikhi ==ne
edi
khut
ukhus -en
me- khamah
ni
kukhang
peng- ukhus -en
balik
edi
tanoh
engo
ni- milik -i
me- bahan
mbue
suakhe
amek
ni
nujum
laki
tetap
beliau
==ne
me- hak
nggo
men- andung ==ne
sang
sekhik ==ne
ni
kendin
men- jadi
kalaki
ni- tunang -ken
cekhite lah
mude
me- khupe -ken
ni
ate ==ne
kake
khakyat
geluh ==ne
madhe
kane
[...]-- selikh
akhi
kute
khaje
m- putekh
dape
sayukh -en
daekhah
bakhu
tangis
lot
me- khibu
ngekhan
se- kalak
tanoh
mpus
te
pe- nasehat
dohokh
pulih
ni
layakh
anak
keluakhge
te
tuan ==ku
makmukh
hakhus
te- pucat pasti
enggi ==mu
[...]-- hanjakh
handhe
bage
mem- bunuh
mahkota
kute
malet
deleng
men- jage
nakhu
balik
balik ==ne
anak.laki
akhi
laus ==lah
sang
pengulu.mude
hancukh
kami
kane
memperjuang.ken
ni
pakhau
khombong -en
mem- babe
men- jadi
te
bhe
me- hak
malet
pesisikh
wakhi
mem- aham -i
bekhu.dinam
si layakh
edi
pudi
mem- babe
tanoh
pe- sakhat -en
engo
kakhene
kane
ni- milik -i
hebat
sekolah
oleh ==ne
men- jadi
ciduhken
peng- kikha -en
te
tekhsebut
gegakhe
untuk
ni- banding -ken
tandok me- sile
me
lebe
ni- ato
me
khaje
akhi
n- tukokh
sebuah
enggi ==mu
se- [...]-- sikel
anak.bekhu
buah ate
ende
kakhang
mem- bunuh ==ne
pemain.sukhi ==ne
sebenakhne
ni
peng- ukhus -en
gakham -i
te
khut
kue.pe
mem- unuh
alas
wakhi ==ne
bende ==lah
[...]-- lompat
mem- babe
mange
me- babe
iye
ke- hebat -en ==ne
tebe ==ne
tebe
ni
singkil
n- tukokh -ken
gakham -i
kane
waktu
aceh.dakhussalam
setekhusne
licik
khang.tue ==ne
mbelin
khombong -en
bhe
izin -ken
tukang
wahai
bakhang
woi
edi
malet
khut
ahli
manusie
nomokh
geluh ==ne
pengawal
laki-laki
ami lah
kane
kabakh
bahan -i
bantu -en
tuak
titik jump
si layakh
ni
untuk
tekhsebut
muncul
bulu
milik -i
oyek
semenjak
kalihen
keluakhge
hayak -me
pudi
khang.tue ==ne
pade
se- kalak
amak
usahe
kekhan
namun
aku
kute ==ne
engkekhan
gekhangen
milik
untuk
te
abang ==ne
madhe
kuling
pagakh
bage
malet
me
te- tandok me- sile
keluakhge
khut
bekhu ==ne
iye
kalak
anak
kanda
te
te
khang.tue ==ne
kane
kurus.kekhah
sendikhi -en
khut
bekhe ==ku
waktu
se- kalak
te
anak
kane
me
lot
ie
pot
malet
te
akhi
[...]-- sitok ==ne
ende
ende
me- dalan kiding
wakhisan
anak dhi
hadi
oleh
[...]-- male
khamah
ng- gusuk -ken
uwak ==ku
mungkin
kami
sang
apelagi
kite
me- cekhok
ngkekhan
me
ni- kisah -ken
e
ni
men- ahan
enggo
khaje
kite
pemamanen
edi
sendah
untuk
kalak
geluh
ge
geluh
ke- hadikh -en
ate
anak.laki
tuan ==ku
gat
khut
endhe
tihang
==ne
toh
lembu
tekh- bunuh
pinang -en
kalihen
edi
pekh cuba -en
menimpe
uwak ==ne
se- jumlah
cuping
khut
lebih
men- jajah
allah
ke- khaja -en
te
tanoh
bagas
khut
kendin
khaje
pakhe
sabakh
edi
singkil
khut
kelak
khombong -en
miskin
me- [...]-- tahun
nol
pelin
edi
te
meleset
oleh
mbue
tekhus
nggo
idah
si layakh
khamah ==ne
kute
lebih
gelap
pengulu.mude
ge
sendikhi
si layakh
handhe
me- bual -i
khaje
me- khase
babe -ken
me- nikah -i
kiasat
te
kakho
adalah
sang
bage
khut
tekhus
khut
edi
wakhi
te- dhahi -ken ==ne
si layakh
anak.laki
oleh
iye
hanjung
khut
bekhu ==ne
tapi
khaje
ni- daun -i
ni
tanpa
anak.laki
buah
senang ==lah
kene
daerah
oleh
uwis
kalak
kalihen
macam
baik
begedi
keji
si layakh
kabakh
kalak
edi
sinine
pe- tande
kite
khaje
khut
bahagie
te
singkil
si layakh
ni- tekhus -i
me- kikhim -ken
[...]- buah -en
ng- gakhem
sang
gukhu
deleng
khaje
deleng
anak
tekh- adep
tetap
te
pido nemu
dikhi
pakek
tepat
lebuh
n- tumpang kepaling -ken
bumi
wakhi
geluh
aku
me- doe
tanoh
pemain.sukhi ==ne
mate
te
wajah
deyat nadi ==ne
ate
nggeluh
kali ==ne
cukup ==lah
geluh
setekhusne
se- kejap
khaje
usahe
biase -ne
adalah
tekhus
ke- biasa -en
kane
singkil
tapi
imbalan
mejile
ni
si layakh
ie
malet
acam -en
se.engo
mey- ebakh ==ne
ge
bungki
oleh
sang
edi
mame ==ne
kemudian
enggo
malet
kelok lah
alkisah
khut
amin lah
ni- laus mece -ken
bhe
lahekh ==ne
wakhi
bulan
khut
dengkil
men- kandung
otomatis
cinte
pasti
malet
lawe ==ne
jeme
angkat
tahun
aku
ketike
bongi
khut
me- dalan kiding
khut
men-...-ken ulung -ken
te
n- judi
ni- mulai
ni- geluh -i
mejile
kali
kune
ni
tekh- pukul
edi
bahan
ucap -en
gukhu
bakhu
te
mem- babe
akhi
tebe
ke- geluh -en ==ne
laus
niwekhe
me
meng- une -ken
tahun
adalah
motokh e
bangku
ni
upah -en
anak.laki
baba -i m- balik
goye
negekhi
khakyat
me- milik -i
khaje
sen
pen- dikhi en ==ne
se- cakhe
sikel
ni
ende
sikel
balik lah
jume
khut
[...]-- pe- mude
biase -ne
dempik
kite
lembu
sikel
kalak
pe
iye
ni- tengo
habis
pajak
tabit dukun mentakh
khut
khase
si layakh
jagung
daye
te- tawe cikhem
te
khut
mejile
malet
khut
akhi
bekhu ==ne
te
jumpe
padahal
enggo
kami
pidon ==ne
khisau
bende ==lah
pade
wilayah
anak
sikel
khase ==ne
men- jadi
kalak
tebe
dalan
[...]-- pige
[...]-- dempik -en
belang
[...]-- hame
nujum
deleng
belin
bekhu.dinam
susah
te
ni
silah.ken
dakhi
engo
bahagie
[...]-- pige
khiwayat
kite
gendang
jelak
khang.tue ==ne
khut
sekolah ==ne
sebuah
pekhtame
mame
megekhogoti
waktu
kane
hamil
khele
enggo
buah
aku
polisi
te
ise
me- juang
ni
buah
balik
sosok
khaje
cuping
susah
tebe ==mu
belang.kejekhen
kalihen
setiap
mejile
te
impal
selese
engo
ni- ato ==ne
me- tahan
khut
anjam -en
dape
se- kalak
pekhintah
bage
pemain
si layakh
lot
impal ==ne
jadi
kite
si layakh
sayukh
senakhen
mulai
sementakhe
mem- mengket -i
oleh
tandok sile -me
si layakh
dape
sendah ende
kite
bayi
anak.laki
mange
lot
jumpe
kalak
sehat
akhi
kendukhi
me- sokhat
negekhi
ahli
malet
se.sikel
sang
bue
khut
peg- ekhok -en ==ne
==ku
aku
kite
adih
kite
tunduk
deleng
atau
sipat
kobo
datas -en
edi
sendah
kondisi
iye
kabakh
khaje
kejam -me
me- bahan
engo
sendikhi
penduduk
balok
se- [...]-- wakhi
oleh
ke- gelisah -en
khajin
pekhistiwe
hendak
kakhene
bekhangkat ==lah
sendikhi
ke- hebat -en
te
sang
wakhan
tekhus
sudut
edi
peng- uase
ndape
panggang
akhi
untuk
kakhne
bekhu.dinam
kane
se- kalak
mem- angku
pupuk
sang
gedang
kekhas
alas
iye
aku
me- dalan
ni- pinpin
gakham -i lah
khaje
engo
sikel
lekheng
angote
impal ==ne
aku
keluakhge
khaje
khut
se- anak ==ne
n- dukhuk
tapi
ni
endak
tangis
si layakh
due ==ne
dabuh ==ne
saat
per- gaul -en
men- ikmat -i
edi
tegak
pido
sang
te
meng- akhekh -i
malet
salah.sebuah
pade
akali ==ne
tekhus
me- khase
pake -en
sikel
ni
kalak
ni- undang ==ne
keji -ne
edi
likal
pitu
ni- tegu -ken
lawe
n- tegu -i
me
malet
kadang
men- cekhite -ken
akhi
me
me- pangkat
men- olong
bekhu.dinam
mampu
ende
edi
akhi
bagas
ni- bagi
nujum
khut
sebuah
wakhi
meng- alam -i
tandok sile -ken
anggote
khencane
te
te
lain ==ne
ke- kuasa -en
si layakh
te
bage
kane
ni
[...]-- khut
sendah
khut
mange
kasukh
kalak
wakhi
oleh
sikel
kami
khut
bakhu lah
[...]-- macam
edi
khut
wayang
sahung
[c^1][v^1]- kasih ==ne
me- [...]-- deleng
sang
belangkejekhen
ng- alo
tutung
khut
kane
mende
namun
akhi
untuk
te
madhe
pengulu.mude
pido
bahagie
siap
meng- ato
kane
mange
te
ngekhi
n- umpang kepaling
uan
pekh- batas -en
milik -i
m- ahan
pade
se- kune -ne
me- nawe
kalak
kakho
iye
bulang
dikhi
belakang
ni
tempo.die
penghulu.mude
petame
bebas
sang
tege
tadi
tubuh
geluh
[c^1][v^1]- minum
te- lantakh
malet
malet
ngkekhan
kabukh
kake
untuk
sikel
deleng
geluh
pengulu.mude
lot
banjikh
enggo
mampu
ni- tengo
[c^1][v^1][c^2]- gekhit
mude
me
te
untuk
khombong -en
ni- tekhime
balik
me- khibu
mampu
hakhte
peng- uase
hebat
khaje
bayi
pas
padahal
hakhte
anak.laki
anak.laki
gayo
pekhistiwe
anak
anak
khaje
te
edi
cindekh
te
pesan
jahat ==ne
okhang.tue ==ne
wakhi
lot
belagakh
jabu
akhi
buet -ken
edi
pelin
bekhangkat ==lah
sikel
tonge
me- siap
kane
ukhus -en
saat
te
engo
ni
tandok
bekhangkat
iye
balik
seban
tepat
men- akhik
nggo
ni- pakek
sosok
kakhene
ahli
pot
tebe
nali
untuk
akhi
me- limpah khuah
pul
ke- tukhun -en
te
sendikhi
te
mudah
lawe
kane
hakhte
khang.tue ==ne
meng- adep
bekhu.dinam
pe- geluh
negekhi
belin
si layakh
gale -em- gale
ni- babe ==lah
tukang
me- ge
sukut
pen- tekhus
oleh
ke- khoh -en
waktu
tekhus
alas
uwak kandung ==ne
mate
bebekhe ==ne
ngkran
ke- siwah
langsung
kayue
kabakh
keluakhge
cut
==ne
engo
khut
pakse
lain ==ne
bekhe ==ne
saling
pulo.biang
babe m- balik -ken
belantakhe
pukhih
sukhung
meng- anut
belanja -i ==ne
te
mekh- asil
ise
ate
sah
hakhap -en
kanda
adinda
sendah ende
si layakh
selame
khut
ni
edi
khaje
ke- mejile -en
pakcik
mem- ake
empus
laki-laki
ni
khut
endak
meng- angap
bue
ni
si layakh
semakin
te- dedoh
khut
enggo
engo
penduduk
baginen ==en
die
ahli
hasil
khut
iye
petame
amek
singkil
ni- khagu -ken
pengulu.mude
tetapi
alas
men- pelehjemah -ken
pupuk
mey- ambut
ng- ulah
madhe
aku
ge
khombong -en
aneh
bhone
sikhe
ni- utus lah
==mu
iye
ni
dunie
kabakh
si layakh
tanoh
edi
keempat
polisi
penduduk
wahai
khitan -en
kite
positif
peng- ukhus -en
me- milik -i
men- cube
engekhan
khaje
wali ==ne
malet
4-5
akhi
e
kane
iye
ngulih -ken
ulah ==ne
edi
mampu
kane
te
tebe
te- gusuk -i
ke- geluh -en ==ne
kane
kau
ni- atou -ken
telokh
te
nujum
dempik
me deleng
tentang
ke- gembikh -en
binatan
pakek
anak
engek kandung
uwis
langsung
jeme
men-...-ken ekhe -ken
aceh
cekhite
me- lelou -i
bekhu.dinam
negkhi
pe
wahai
tekh- adep
wahai
peng- asing -en
se- mase
sendikhi
kabakh
dhahi -ken
lot
suatu
subukh
sistem
pekhbuat
sendah
pe- nata -en
==ne
ke- khaja -en
tetap
sikel
ni- tambah
sekhik
tekham tunjang -ken
ende
sang
singkil
kane
metekh
usahe
lot
khaje
iye
lawe
me- babe
bhaju ==ku
kalaki
ni
me- cekhok
gakham -i
aku
sebuah
alas
ganteng
kede
si layakh
ni
jumpai
pengulu.mude
tekhus
sebagae
tapi
men- andai
se.enggo
pe
mem- utus -ken
adih
ni- tekhime
mey- usul ==lah
tebe
anak
anak
pakhang
apekah
meng- angkat
pedagang
jabate ==ne
si layakh
me
datas
kalaki
malet
jahat ==ne
te
mem- utus -ken
akhi
bumi
kekhan
ate
dape
te
selame
khaje
te
mejile
edi
ni
geluh
kendukhi
te
[...]-- macam
tukhun men- tukhun
harga -i
wakhisen
sihikh
iye
alas
alas
kalihen
pade
maksud
tanoh
melaku.ken
mame
men- jumpai
kobo
endhe
muncu ==lah
made khoh
akhi
ni- bahan
kali ==ne
soh ==lah
ate
jin
me
nggo
sesoh
cinta -i
se- soh -ne
mem- ege -ken
kayu
ni- pido
bage
niat
sehinge
wahai
m- bhabhe -ken m- bhalik
betabe
nikah
ni- tumpang kepaling
meng- inget
wakhan
si layakh
khaje
singkil
manusie
sebuah
pe- bahan ==e
pekhtame
ni- asing -ken
bekhu.dinam
khut
malet
untuk
me- gelakh
anak
bekhu.dinam
bekhu.dinam
bakhu
lot
edi
tanoh
si layakh
nangkihe
mbelin
ke- susah -en
peng- uase
manusie
mbakhu -me
mbue
kalak
nawe ==ne
se.enggo
me
gemakh
ende
pakek
segale
te
kami
me- milik -i
khaje
pengulu.mude
kane
jeme
anak
pakcik ==ne
akhi
peng- uase
kanda
khe -ken
mem- opok
bekhu
khang.tue ==ne
sukukhen
khut
uan
me
mele
wakhi
kabupaten
beliau
ni- cabeng -ken ==ne
tekhyate
edi
me- bagas
kenin
khaje
gelisah
kobo
tebe
namun
si layakh
sekhik
khaje
kite
edi
lebe
cut
bage
jumpe
tege
me- khase
ni
[...]-- timbang
ni
pakek
tanoh
suatu
bahan
untuk
pantas
ame ==mu
sikal
pekhcaye
gegakhe