be WHEN
just
you:nom2
1SII
just
YOU
1PI
again
1sIII father
WHITE:PERSON
I:nom
1sIII
1MPIII
and
WHATEVER.KIND.OF
do.so,.to.happen TNS
that CON:AC
1PI
be:here 1SI TNS
1sIII
corn
do.so,.to.happen
START
make PART
reside.(plural.subject) TNS
reside.(plural.subject)
be REM.PAST
1SII mother
COMP:DS
USED:TO PST
1PI
speak,.say,.talk POT REM.PAST
do
exist.(of.one) PST
1PI
1sIII
that CON:AC
KIND:OF
something
do.so,.to.happen
1PI
something
YOU 1SIII
USED:TO REM.PAST
USED:TO TNS
just
1SIII
exist.(of.three.or.more). PART
USED:TO REM.PAST
be
walk.around TNS
YOU
that CON:AC
people
1sIII
1sIII
YOU
something
plural 1PI
that CON:AC
two.time.periods.before.or.after
put.(one).in.a.row TNS
CON:AC
LOC arrive.(here) REM.PAST
ss
III
ACC:TOP
COMP:DS
turn:on.
exist.(of.three.or.more).
1sIII
just
no
again
just
just
be:here 1SI TNS
come
who
go.away.(two.or.more) PART
be:two PART:SS
1PI
barn
speak,.say,.talk 1SI IRR TNS
III
be:real
I:want
1PI
1sIII
house
WHITE:PERSON
Conehatta
1sIII
go.(of.three.or.more). PST FOC:DS
START
III
corn
1PI
again
1PI
where
2SIII father
START
female
be:real
that CON:AC
YOU
almost
2PI
river:cane
corn
laugh
again
1MPIII
plural 1PI
no
be WHEN
be:striped CAUS PART
look.for
do.so,.to.happen
USED:TO REM.PAST
clean.(house) PART
1sIII
again
prev
people
ins
speak,.say,.talk 1SI IRR TNS
do.so,.to.happen
do
1SII mother
YOU
III
just
1PI
and:then:ss
be
1PI
be:real
do.so,.to.happen TNS
work
toward
BOGUE.CHITTO
and
learn 1SI PST
get.out,.take.out IRR TNS
say.
just
YOU
be:young.(sg..or.pl.).(pl..himittowa)
exist.(of.one) 1SI TNS
near.to
2SIII father
1PI
people
do PST Q
YOU
just
yes
1sIII
THAT LOC
WHITE:PERSON
just
1PI
THAT LOC
USED:TO REM.PAST
distance
reside.(plural.subject)
I:AM adult
go.(of.three.or.more).
walk.together TNS
go.(of.three.or.more). WHEN
what? Q
exist.(of.one) 1SI TNS
COMP:SS
WHATEVER.KIND.OF
people
learn
COMP:DS
DEM NOM2
DEM NOM2
walk.together
want IRR:DS
think.(perhaps),.to.reckon TNS
1SII
DEM NOM2
name
go 1SI
YOU
that CON:AC
how:long LOC
that CON:AC
fish
people
do:always
people
woods
die.
live
how
learn 1SI WHEN
only
people
be:real
be
III
weave 1SI TNS
be WHEN
2PI
somewhere
YOU
III
COMP:DS
1PI
1SIII
1SII
1SII
no
1PI
people
be:young.(sg..or.pl.).(pl..himittowa)
START
die.
fish
III
again
work. PART
1sIII father
work. PART
go 1SI REM.PAST
BOGUE.CHITTO
no
think.(perhaps),.to.reckon TNS
1PI
no
go.(of.three.or.more). PST FOC:DS
1PI
1sIII
learn
people
learn 1SI TNS
be WHEN
be:angry,.mad
Conehatta
WHITE:PERSON
finally
again
people
my.mother
no
1PI
LOC learn 1SI
walk.together
because.of
walk.together TNS
be WHEN
YOU
COMP:DS
basket
YOU
watch
THAT LOC
go.(of.three.or.more).
mind
plural 1PI
1PI
and
that CON:AC
something
CON:AC
I:nom
somewhere
how PST COMP:DS
WHITE:PERSON
live
CORNBREAD
1sIII
ENGLISH
live
become
CON:AC
YOU
III
SHARECROPPING
be:two
2PI
fish
something
woman
DEM NOM2
go
USED:TO PST
edge
be WHEN
that CON:AC
1PI
no
TODAY,.THIS.DAY
again
people
just
good
be REM.PAST
no
far:off
COMP:DS
III
just
III
again
you:nom2
pick.
people
and
people
just
just
go:up PART
that CON:AC
2PI
DEM NOM2
III father SUBJECT:MARKER
III
go.(of.three.or.more). TNS
fish
go
no
laugh
1SII
people
just
COMP:SS
YOU
2PI
people
we
that CON:AC
just
PART:DS
grow.up PART
be
just
that CON:AC
just
we
THAT LOC
YOU
look.for
people
that CON:AC
year
THAT LOC
1PI
speak,.say,.talk
and
laugh
look.for
exist.(of.three.or.more).
be:here
people
only
evaporate
do.so,.to.happen
COMP:SS
START
just
plural 1PI
exist.(of.one) 1SI TNS
hold PART
be:two
plural 1PI
be:strong. PART
I:nom
ins
no
1SII
1PI
cut.(with.a.knife,.broken.glass). PART
be
work
USED:TO REM.PAST
too,.also
and
that CON:AC
think.(perhaps),.to.reckon TNS
just
PST seem REM.PAST
just
and:then:ss
1sIII father
happen:this:way IRR:DS
THAT LOC
not:exist TNS
people
USED:TO REM.PAST
ins
USED:TO PST
COMP:DS
that.one
do.so,.to.happen
be WHEN
2PI
work. CAUS TNS
live
1SII
COMP:DS
that CON:AC
before
WHITE:PERSON
who
plant. PART
1SN know NEG
year
1sIII father
we
just
1PI
name
III
become
how:long LOC
exist.(of.three.or.more).
ss
TODAY,.THIS.DAY
people
work. REM.PAST
do
just
again
1sIII
only
here,.this OWN TNS
just
DEM NOM2
somewhere
1PI
THAT LOC
just
ss
2PI
plural 1PI
be REM.PAST
understand,.to.know 1SI TNS
plant. PART
YOU
really
die.
towards
no
people
towards
laugh
YOU
no
finish.
1PI
go.(of.three.or.more). PST FOC:DS
III
somewhere
towards
1sIII
no
COMP:DS
COMP:DS
peanuts
no
just
1PI
RAILROAD.TRACKS
milk
want IRR:DS
just
finally
YOU 1SIII
CON:AC
make PART
enter.(of.two)
no
YOU
sugarcane
1SIII
I:nom
finally
1PI
woman
clothes
1PI
people
speak,.say,.talk
no
finally
want IRR:DS
look.for TNS
far:off
no
that CON:AC
that CON:AC
really
ins
just
cut.(with.a.knife,.broken.glass). PART
CON:AC
people
people
laugh
1SII
cook.
plural 1PI
1sIII
COMP:DS
WHITE:PERSON
and
toward
do:always
hear,.listen
USED:TO REM.PAST
do.so,.to.happen
USED:TO REM.PAST
LONG:AGO
COMP:SS
woman
somewhere
die. NOM2
just
laugh
go REM.PAST
toward
people
1SII mother
letter
that CON:AC
just
1SII be TNS
be WHEN
again
house
something
I:nom
1PI
THAT LOC
WHADDYACALLIT
do.so,.to.happen TNS
prev
ins
pretend,.make.believe. TNS
1SII
1sIII
be:together.as.a.couple.or.married
people
stay,.live.(someplace)
WHITE:PERSON
understand,.to.know 1SI TNS
do.so,.to.happen
laugh
you:nom2
pretend,.make.believe.
do.so,.to.happen
near.to
house
be WHEN
people
go
milk
something
want IRR:DS
1sIII