ам
ава -з
чи да
за
гуьре
пара
са
иер
чип -ни
и
агъуз
са
вуна
ида -ни
ваъ
ина -ни
горе
гьам
гьана ра
хьи
къулухъ
пара
а -бур
был
и
ви
жи
шад
са
са
бели
ааа
эвечӏ на
ана -й
жени
зун
са
ахку на
хьайи -тӏа
ки
гьа
но
чи
икьван
ахтынский
гьин
я
кан -и
ленинградом
и
гваз
нуьсрет а хъ
жува
инанмиш
са
инал
чава ай
ахъат на
за к -ай
зун
и
патал
уже
вун а
зерир -ла
зи
и
зи
седакъет
гьат нава й -ди
имран
хьи
вич -и -з
безханум
вич -и -н
къе -ни
им
эвел
вуч -и -н
за
я
чира
гьабур -и -н
я
са
же зва -ч
хьиз
ава
вун
мукьвал
ада
вич -и -н
кран
ама
гьабур -ни
им
чӏехи
и
кӏел -ди -ин
патав
хъсан
луьткведаваз
куьтягь
хьа -ана
ахпа
и
ама -ч
гьизяхъине
чна -ни
и
вуна
хьа на -тӏа
гьан -и -з
кьве
чи
семь
аку на
кӏани вил -и -з
хьи
ам
я
зун
ада -н
ягъ -уьн
зун
чак
пара
эгь
са
чи
и
агъуз
демели
гьиниз
ча -з
йикьал ай
кван
и
и
вуч
хьи
зу
жи
вич -и -з
операция -ни
бес
им
я
са
са
акьван
зун
я -тӏа
ахпа
мурдар
йаймиш на
чан
миграгъ
вун
куьне
са
лагь -ай -бур -ни
хьурай
аяр бур
чан
а -бур
инрай
алат на
ки
ва
вичин
ахпа
гьакӏ
ва -з
вуч -и -н
йикъан
са
агуд -ч
гьабур -и -ла ай
ва -з
хьи
за
вири да -з
бес
са
ава й
чан
ва к -ай
чун
бебир
хьу на -л
ида -з
гьа
ава -ни
инал -ни
чип -и -н
же да ай
аладар
и
ки
гьа
чими
ха
туш
лежет
вич -и -н
в
хьа -ана
хьа йи -ла
яхцӏур
зун
ки
са
ахьтин
тамам -ар на
за
чун
акьах ай -ла
кьван
авур -ла
ала й
бес
къач -уна
патав
хъсан
хьи
ихьтин
жаван
ана -й
аку
и
къве
катин
чун -ни
чун
вуч
хьи
зи
гьикӏ
ибурни
белке
асвальт -да -л -NULL
хьир
и
дамах -ар на
гьарад
винел
и
за в
иер
ада -н
гьин ай
вуш
и
хир
чи
ида
ва -з
яхцур
гила
и бур
за хъ
ихьтин
маса
ибур -у
чун
ибур -у @@@
0ӏ
сад
цӏыцӏ
хьайитӏа
са
сад
иер
ида
бесханум а -з
служит ай -ди
хьи
са
хъсан
чи
сад -ни
ана -й
вич -и -н
ихьтин
са
хьи
ида -н
седакъет
ибурни
во
яргун
тийи зва -й
кӏан зава -ч
бес
за
къгъа нава
чи
темин зава й -тир
ахпа
ва
и
хъсан
вуч -и -н
зун
сонра
голландия -ди -з
хуьлуьхъ
фейила
кӏан зва
абур -у
кесиб
ама -ч
гьа
вич -и
цона
са
за
хьиз
и
мад
гьада -л ай
са
им
ава -з
ата й -ла
ча
чпин
чун
и
ина -л
качал -ди в ай
къене
ама
са
има
са
кан -и -вил -и -н
ава -ч -из
белке
са
вич -и -н
и
гьа
пара
куьн
чи
за
седакъетли
седакъет
вуч -и -н
вуч
къужахда
куд -нава -й
иси
чун
эвли
гьам
чуь -н е
и да -н
гваз
жи
ана
бес
ву
исят да
жагъи зва -й
и
гьич
зу
акъатайди
хвеши
къалур на
ида -н
ада -л
жагъур на
мад -ни
кьулухь
цӏугъвена
севастополь да
са
кьван
фейитӏа
и
са
ам
хьи
беса
вуна
ида в -ай
и
жи
зава
игьи зва -й
фе на й
ки
и
джагьан
къачу зва -й
а -бур
зун
са
и
са
себрилла
абур -у
хьа -й -ла
патакай
кьеайди
ваъ
вич -и -з
куда
за -ни
ида
вич -и -н
зун
ки
ада
за хъ
еке
суракьиз
ала -й
и
ава й
архаин
исят да
чи да
и
сонра
чи
вообще
са
ана
садрахъ -ни
гьакӏа
са
ида -н
я
вуш -ун
са
во
хъсан
галаз -ни
им
исят да
чи
са
сад -ни
и да -л
сонра
са
за
и
ибур -ни
служит на
лугьу да -й
хьи
къай -и
инихъ -ди
винел
же да ай
ама
хьи
за
сад @@@
бейкеф
ида
мици
вуч
за
бес
гала -з
ваз
гьамам -да -NULL
ама -й -ди
я
ала й
хъувур
зи
и
бес
ам
къерех -да -л -NULL
ча -з
ваъ
им
чун
цуьгъвен -ла ай
хьтин
мад
луьткведаваз
ам
и
миграгъ
за
седакъет
кӏватӏ на
вуганва
чун
абур -у -з
чаз
таажублу
ва -з
са
вун
квез
хъсан
за
гьамиша
гьа
галат нава й
ида @@@
за -ни
за
бахтавар
и
еке -з
зун
амна
физвайди
ава й
за
мад -ни
са
лайих
гьада -з
кат -ана
цӏуьгъвенай
ви
ам
тӏва
гьада -з
адаз
и
вич и -з
ки
вич -и
ва -з
новгород да
хта -й -ла
тӏва
и
са
зун
эгер
ки
ава -й
гала -з
са
ибур -у -ни
гьада -з
аладри -з
саниз
гала -з
зайиф
гваз
ва -з
ида -н
и
и
ахпа
ча -з
шад
ина
ида
са
кьвед а -з
цӏуьд
за к -ай
ахъа
гьич
за
ци
ки
за
ча
хьиз
и бур
гьар
ча хъ
исят да
гьиниз
бес
ахпа
виликди
къач -уна
ахпа
хвеши
белке
има
кьван
за
вич и -з
иер
на
са
са
сакӏани
ата -й -ди
ки
юруьмуш
вуч
ани -з
гьиниз
и
гьагьам
вегье да й
аскан да
хьа йи -ди
хъсан
седакъет
гьа
ина -л ай
чун
кьуьруьдаказ
вуч
са
ийи да
эхиримжи
кьван
чун
ибуру -н
ва -з
вун а -ни
цӏувад
гьа
и бур
са
магадан -ди -з
яма
и
хъсан
и
и
иер
шад
яшамиш
хьа -ана
кван
а -бур
сонра
безен
са
зун -ни
им
ахпа
кьуд а -з
и
ви
ки
хьи
зи
чун -ни
чи да
зун
миграгъ
ида -з
кичӏе зва й -ди
километр
лазим
ооо
низ
хъухъ
ча -з
мин
яраб
и
чун
зун
винел
ваъ
зи
ида -л
и
тухурла
гьикӏ
зу
ругуд
зи
и
гьавайи
са
тӏва
са
гьикӏ
са
чӏехид
чун -ни
фад
и
и
гурвал
хта -й -ла
са
ая
идан
хьуй
гумир
вун
са
ва -з
гьамам -да -NULL
ягъади
чара
гьа
кьван
а -бур
ина -ра
за
иер -ди
ина
а -бур
гьи
са
зун
дуьз
за -л -ай
зун
вуш
агъуз
ва -з
и
уже
са
ахпа
са
за -л
за
са
гьа
е
а -бур
а -бур
вахку да
насруллагь
вуч -и -н
за
незначительный
зи
вич -и -з
гьар
ибур
тахьай -тӏа
вуш
ибур -у
чун
галама й
зун
и
са
чуьгъенал
гьар
са
чуьнуьхар зава
мад -ни
ви
са
мад
вун
ара да
дуст -и -ни
зун
за
зун
яхцӏур
за
икьван
кван
и
и
баку да
ибур -у -з -ни
за -ни
джагьан
я
хъсан -ди к
вичин
ана -й
ан -яй
ина -л
ваъ
патака ай -ни
гьан
хьи
кьуд
чка да -л
и да
гьалзавай
ва -з
ава й
хьи
ада -з
ибурун
же зва -ч -ир
ам
чукуна
ава -ш
сонра
ара да
са
и
има
гьикӏ
са
къвед ай
же зва
качал -ди в ай
сада
ва -з
ваъ
вич -и -н
лагьа на -й -ни
чаз -ди
атӏу -з
гьемиша
не
гила
и
зейнеддин а -н
иер
назир
чи
ибурун
ама
ви -ч
вун
има
къулухъ
ва -з
чун
буш
вич -и -з
къач -уна
ин -и -з
же да й -ди
са
безханум а
гваз
цона
эхир
случайно
са
ну
са
гьа
гьада -з -ни
и
са
кван
хьи
хьа
кӏандатӏани
гьан
вич -и -н
ваз
куьн
во
за
я
асул
вун
тек
и
хьи
и -м
чун
идани
пара
ваъ
за
са
я
яраб
эвве
абур -и
пара
гьа да -н
хьи
лугь -ун -из
вахт -ар а
яргъал
бес
гила
и
ата -й -ди
игила
и
гелкъв на
къалур -ана
хьи
бес
ки
я
пака @@@
и
има @@@
вич -и
и
чип -и -н
са
и
чӏал -алди
вун
яхцӏур
яхцӏур
гила
гьана -л ай
ибур -и -з
и
ам
тучир
вуш
и
шумуд
эциг
агъзур
пара
чун
ча
худат -ди -з
бес
хьи
хьу -й
чун
кьван
ки
яман
и
цӏийи
за в -яй
жи
хьа -нава -й
са
гьикӏ
гьал зва -й
ина -л
ча
артух
ида -н
фе -ана -тӏа
са
ва
хвеши
гила
са
ча -з
ада -з
гуьгъуь на
зун
я
эхир
вирида
хьа -нава й
за -з -ни
хъсан
чира
чун
я
са
хьи
фидамаз
чи да
кьулухъ
са
сада
исят да
алукӏ на
ида
вахт -ар а
кӏан -у -з
ихьтин
я -ана
са
вири -ни
ча в
ча в
хьа
квека й
тухва -нава
назад
зун -ни
я
ам
чун
и
миннетдар
чун
гуя
са
нуьсрет
чка да -л
ки
айир
гьада -н
садни
хьа -ана
сад -ни
са
эвичӏ да
има
чахъ
и
вун
чун
и
са
винел
вун
и
за
дамах -ар на
зун
арадай
са
са
са
гьам
катин
ава -й
садра
вич -и -ни
ва -з
ина
ви
арадлай
гьагьа
баку -ди -з
имни
фад
вине -л а ай
да
хьи
ээээгь
ам
зун
анихъ -ни
ва -з
за
гьалзавай
ина
ки
зу
э
за
вич -и -н
иер
са
къвазара
хьи
са
и
элягъ -на
са
са
ава -ч
ида -ни
тапарар зава -тӏа
муькуь
дуьз вил -и -з
ам
экъецӏ
ини -з
ида -н
гьадисе
дагьа
са
ада -з
уьчуьн
вири -ни
вун
аяр
зун
бес
ки
хьи -з
ам
цӏыцӏ
ча -з
чун
гвай -бур -у -н
аяр
и
гьар
ава й
ки
же зва -ч
са
гьинвайда
вич -и -н
и
гьа
чӏахмах -ди -н
вун а -ни
за
рекьи да -й
чун
дуьз
са
патак а ай
са
хьи
хьиз
истифаде
гала -з
и
ада
вакай
ки
вич -и -н
ааа
ава -й
вири да -з
гьиниз
са
ва хъ
вад
и
анадыр -ди -з
и
са
вун
эхир
куьн
же да -ч
х
кван
и
гьар
я
са
беес
за
яхцӏур
ина -л
гила
и
ча -з
хъсан -ди к
вав ай
арадлай
гуьгъуьна
за -з -ни
бес
зу
ида -н
бес
зак ай
иер
цӏийи -з
я
терсина
чун
ахъа -й да -й
гьина
сонра
и
иер
гьагь
и
са
хьи
багъиш на
я
вун а
ихьтин -бур
абур -у -з
шагьдагъ
са
вуч
ваъ
инрай
зу
патав
чи -ун
мад -ни
гьа да -н
пара
ана -й
ам
квез
туху зва -й
гьикӏ
тагу да ай
гьа да
са
им
хьир
ада -з
гьада -з
чун
хьи
хъифи -из
жув а -н
тридцать
рекьи -мир
гала -з
муькуь
дежурный
вилик
и
эвел
бес
ки
килиг ай -тӏа
ибур уз
тунва
кесиб
чун
вуч
яхцур
йис -и -з
эвецӏ -да
им
хъсан
са
гьам
и
ва
ва -з
гьикӏ
ссср
ала й
ва -з
анай
кван
ваз
вуш
гила
ида @@@
бес
хьи
вуна
хьу -й
къваз -нава -й
атӏурвал
ада
ава й
за
дуьз
а да -з
и
и
мад -ни
вич -и -н
кьакьан
зун
кьван
са
баша
са
и
ида -н
ана -й
вич -и -н
эвел
зун
тамашатӏа
чӏехи
зун
за -з -ни
ибретани
ава
гила
са
ахпа
саламат
чӏулав
зу
сада
хъсан -ди к
зун
я
ида
аллагь -ди -з
ида
хъсан
хьа
кьве
ибуру
лезги
эвлендирмиш на
вобщем
ну
са
и
им
хьа на й
пара
стӏурви -ди в
дуьз
гьязим
къванж а -л ай
зун
муьтлег
аку на
чун
бес
шумуд
инал -ни
зун
сакӏани
и
гьана ра
гьа
за
вилик
хьа йи -ла
эхир
къабагъы
яргъа -з
са
ибур -у @@@
зун
беш
ман
чи
гьабур @@@
хьа на -ч
хир
вири да -з
я
я
са
за
ки
ава
кьве
вич -и хъ
верци
ахъаюнма -з
са
гьа
ча -з
тӏимил
гъа -нава -й
абур -у -з
куьне
гила
хьтин
и
им
сад
ини -з
хъсан
шехь зава
чими
кьве
вич и -з
шумуд
ина
чка да -л
зи
анин
бес
гьикӏ
ада
чӏулав
кӏандатӏани
абур -у -з
гьич
набран -ди -з
куьн
игила
им
им -ни
чун
хьи
за
ини -з
икьван
и
эгьтибарсуз
вич -и -н
са
фин
ида -н
идан
хьтин
и
аллагь
экъве да
голландия -ди -з
пер
патав
им
зун
гьикӏ
има
за
гала -з
гьан -и -з
хьайитӏани
за -з @@@
и
вичи -н
ина -ни
за в -яй
зи
и
хкаж -ди -й
са
вуч -и -з
са
зи
самур
са
гьамам -да -NULL
вилик
бес
бес
фин
вун
ибре
чи
акъатайди
а -бур
цве -з
чун
гьим
я
за ва
я
гьым
са
ида
хьа на -тӏа
ава й
куда
и бур и
за
за
вун
за
са
зун
зи
кьван
эхир
ахъах -ана
яхцӏур
жи
ибур -у @@@
чун
эциг
я
же да -й
безханум
лугьу да -й
хьа -нава -й
а -бур
инихъ
ая
лугьу да -й
зун -ни
хъухъ
и
има @@@
ата -й -ди
лугьу да -й
яхцур
фин
са
уьстуьн
вун
им
ахтынский
и
и
тамашава
лап
ида -ни
зун
ыы
гьабур -и -з -ни
ама
чӏехи
фирвал
зун
гьа
гьин ай
гила
акахь нава й
зун
вакай
чун
и
сад
икьван
вун а
зу
и
ида -з
имни
кьве
ча -з
гила
алат -ана
я
пата -л а ай
за
вун
ида -ни
эвел
зун -ни
лугьу да -й
и
вообще
са
иер -ди
докъккъуз -ди -з
ада -з
ида -ни
ракъайтӏа
са
асеф
ахпа
и
гила
са
иер
сад а
хьа -й -ла
мягькем
мад
гьи
и
вич -и
кьван
гьабур -у -н
къулухъ
и
барзу
гьа
жагъур на
къевиз
ава й
гьан -и -з
вун
дуьз
чи
къирех -ди -з
вун
ча -з
чи
сакӏани
гаф -ар да -й
ибур -у
къав -ар и -ла -й
чпин
хьи
я
гьа
зи
рекьи кь
белке
икӏ
чӏугва -из
къач -уна
туш
има
са
аладри -з
хьайи -тӏа
хьа -ана
зи
гъвечи
гъенел
ва -з
чи
яратмиш -ана
ки
гьа
ибур -у
и
иер
аладар на
чун
я
дуьз
белке
за @@@
и
са
вуш
са
за
ида -з
вутӏ -ана -тӏа -ни
ча -з
нормально
имни
куьн
эхьир
анжах
ви
я
магаданский
и
ыыы
зи
шумуд
и
са
ина -л
жуз
муькуь
ки
хьа -нава
белке
кьван
чун
дуьз
акъудир
чи
вич -и
ви
са
и
самур
самур
вун
зу
хьи
ва
фад
ибурни
гьа
зун -ни
мумкин
я
операция -ни
кве -з -ни
я
я
вуч
ава -й -ди
ва -з
са
зун
ана -р -из
ахпа
ада
ибур -ни
зу ни
ида @@@
ки
икьван
ахпа
ала -й
чун
зун
акат да
сонра
ата й
сагъ -ар на
хьи
ахтынский
гала -з
служит ай -ди
жеда -ш -ни
кьван
желб
ча в
вич -и -н
пара
ки
и
я
има
са
хъсан
хьа
гьакӏ
кьве
чара
вич и -з
кӏанай
хъсан
ча -з
хьи
ацукьарна
суьгьбет да
хир
къачихъ
ки
и
дугъридан -ни
къачур -ла
гьикӏин
са
са
виня -й
тагьминан
гила
ина -й
им -ни
бес
зун
и
ибурни
и
тир
и
гу зва тир
жув а -з
гваз
зейналабдин
иер
он
хьи
асул
за
велибег
ава -з
им
и
я
са
алукӏ на
кьве
ава -й -ди
и
жагъур на
тапарар -мир
я
и
ки
са
эхир
элягъ -на
винел
алат -ана
за
са
хъая
гьана -л
ида -ни
са
зи
ава й
ида ва -й
ки
сад
зун
хьи
гат -ана
ада -н
за
гьич
са
ата -й -ди
за
ибур -у -ни
къач -уна
за
са
жазаландырмиширвал
вуч
мурдар
чун
има @@@
шикаят да
винел
вуч
са
ани -з
но
са
ава -й
гваз
урус
жазаландырмиширвал
ава -й -ди
и
вичин
эциг ай -тӏа
и
ихьтин
зун
гьа
ибурикай
абур -у
мин
ибур -у @@@
вун а
эвечӏ на
куь
зун
къуру
ну
еке
зун
ча -з
гьи
зи
мад
чира
са
я
ибур
къвазара
патав
игила
фикир на
гила
нагьахъ
хьи
лугьу -ун
ада
зун
жаван
ана
са
зун
фе -й -ла
ара да
лайих
вич -и -н
ани -з
бес
зун
вири да -ла ай
хьайитӏа
еке
кса -нава й
и
ви -ч
ава -тӏа
им
сад
зу
гьахьт ай
гьам
игила
ки
и
са
фе н -ун
зи
гьанай -ни
ана -й
маса
жув а -з
вуш
гила
вун а
тӏварча
сад
са
ам
эхъве на
вич -и -н
вуч -и -з
франция дай
вуч
ви
яру
ни
са
ибур -у
пара
са
во
зун
ида
ча -з
минет зава
та зва й -ди
исяат -ни
гьич
пара
са
и
хьир
лугьу -ун
хъсан
специально
са
са
ва -з
чуьхуь -из
вун
чун
зун
ча -з
ам
кьулухъ
ида -з @@@
анжах
и
гьадисе
ихьтин
катна
жи
кьван
ва
хьа йи -ла
хьи
ида -з -ни
са
хьи
терсина
айи р
ва -з
кьуьлер на
гьа
са
фикирайдалай
хъсан
кьве
ибур -у -з -ни
ва -з
кан да
зун
са
и
и
чӏехи
и
тагиев
винел
ида -з
хъсан -ди к
зун
гьикӏ
хьайтӏани
ки
ки
вобщем
мад -ни
чан
гьим
чун
чи
са
вердиш зава ай -ди
фидамаз
ала й
зун
туькӏуьр да ай
за
вау
гьам
диване
дуьз
цӏуьд
эхир
арадлай
яхцӏур
гьалт на
гьа
мад -ни
хьи
ида -ни
пара
ягъай зва й -ди
и
мегьрибан
яраб
къейседдин
исабала -ди
мад -ни
ахпа
ама
хьа -нава
зун -ни
гьа
ча -з
за хъ
гьим
кьегьел
са
исят да
муькуь
и
и -м
чӏулав
вуч
ахпа
бес
имни
гьинвайди
за
вуш
гила
я
дербент -ди -н
хкве -р -ла
зун
туькӏуьр ай -ла
вич -и -з
ва -з
ама
и
чун
алукӏ на
но
инал
зун
за
сакӏани
вич и -з
садан
патав
чун
кьве
раз
им
къванж а -л ай
га -ана -ч
чун
са
эгекь ай -ла
ава й
я
я
ки
сакӏа -ни
вуна
са
ибуру
зу
и
ви
тавунмаз
ава й
вири да
са
тӏварча
гьакӏан
и
мекьи
зун
тахьай -тӏа
за хъ
имран
ибурузни
ида к -яй
чӏуг -нава
ки
тӏа
истифаде
зу
я
и
яхцӏур
са
ина -й
аниз
ам
идан
шуькӏуь
ибур -у
са
и
жи
зу
гьина -й
ну
ман
ви
вун а
момент
хьайи -тӏа -ни
гьамиша
яхъ
вич -и -н
вич -и -н
ибур -и -н
кат ай
тухва -нава
чи
сад
хьа -ана
цӏыцӏ
ахпа
гьабур -у -н
я
са
гъанва
за
ахпа
гьа
зак а -й
вуч
ида -н
и
аллагь -ди -з
вун
хъсан
гала -з
чун
инал
мукьвал
сад
са
са
гила
хьи
чун
кьвед а -з
зун
ибур
за
жи
гьа
вич и -з
йетмиш
сад
за
сакӏани
и да -л
имни
ама
вач
са
дуьз
са
и
ада -н
зун
гьарад а
им
вахгун
я
муькуь
дагъыстан -ди -н
са
винел
ибур
ида -н
ава й
чун -ни
зун
са
сонра
мад -ни
и
за
зи
ибрагьимова
икьван
вуш -ун
и
чун
бес
амна
ава -й -ди
безханум
тамаш -й -тӏа
килиг ай -тӏа
гъа -нава -й -ди
вач
ааа
хьи
за
са
гзаф
абур -у
гала -з
санал
сакӏани
алукӏ на
эгер
за
икьван
къетне
икьван
ха
ахпа
гьан ай
пара
вун
таву р
хьа йи
ава -й
за -ни
багъиш на
хьиз
яру
и
ибур -и -н
я
вун
натаван
ида @@@
чун
кве в -яй
афия
вич -и -н
икӏ
ида -з
хьтин
садра -ни
ам
гьинватӏа @@@
чпин
зу
ци
гьалт на
ида
гьеле
и да
и -м
са
ама -ш
и
гьа
идан
зун
гьелбет да
гила
гьалт на
и
ви
са
пара
патав
вич -и
гьа на
и
им
ки
анава -й
чӏавуз @@@
ам
зу
чуьгъвена
зи
за
за
зун
чара
за
вад
къачур -ла
вун а
эхир
анжах
вич -и -н
за
къачу зва -й
къачал
я
чи
чи
и
кӏан -да
седакъет
ида к ай
сонра
хкер -ла
мад
адаз
и
гьакъикъет да -ай
зи
вич @@@
ибур -у -з
икӏа
яхцӏур
са
гьана -л
низ
сонра
акур
за
икьван
са
има
чкадал
таниш
са
за
зун
мукьва -л
ава й
ихьтин
цӏийи
зун
ахпа
са
лежет
вун
кӏевиз
има
ихьтин
гьагь
има -ни
чпи -з
ки
са
эгер
экъецӏ
и
хьи
ина -л
ваъ
акур
куьне
ава й
са
зун
сонра
пара
чун
гьам
къачу да -й -ди
гьа
и
вуш
цӏийи
ибур
куд на
арада
гала -з
зи
ва -з
са
чун
и бур
сонра
са
акьа -из
хьи
ида -ни
им -ни
им -ни
зун -ни
ида -н
гьуьузуьр -ди -з
эхьир
и
за
ана -й
са
вич -и -н
хъ да -й -ла
ибур
же да -й
зун
за
дежурный да
гьа да -н
зун
буьркьуь
жени
гьада -з
икӏ
туш
бейкеф
куд на
гьабур -и
агала й -ди
патал
ина -ра
ва -з
гваз
ивиц из
калтуг на
авария -ди -з
вич -и -н
къанни
кан -и
чун
сад
иер
гила
фирвал
ида -ни
зун
гьа
маса
са
и
гъи -з
алат на
ида @@@
джагьан
цӏуьд
вун
дерин
чун
ялама -ди -ни
вуч
ида -ни
са
им
самур
и
за -ни
гьундуьрда
яхцур
сонра
къен е
ида @@@
вун а
ях
ахпа
эвицӏдама -из
ибур -у @@@
са
за
гьарад
хъсан
чун
ида
дуьз
къвед а -н
за
кьве
кьве
зун
и -м
ацукь а -й -ла
са
я
гила
и
за -н -ни
са
я
гьибур
хъсан
ада
хьи
ахъа -й зва -й -ди
ибур -и -н
чун
ама
ва -з
и
исят да
ва -з
за -л
хьи
чун
только
я
гьикӏ
иер
цӏийи
са
ава й
вахку да
акваг
вуна
ийизвай тир
кӏан да й -бур
чун
сонра
эциг ай -тӏа
за
чун
ала -й
къар -л а
ча -з
и
ава й
хьайитӏа
хъфе -й да -ла -й
им
ам
бес
ида
вич -и в -ай
и
ида -з
им
шад
хьи
са
ам
за ва
за
гат -ана
чи
са
са
мици
еке
зун
ибур
ида
хьа на й
ана -й
нагьахъ
чи да
и
зейналабдин
зун
са
талыш
тушир @@@
ида
ина -л ай
за
я
зун
акъве узва
за
и
са
и
са
физвайди
вуч -и -н
са
ини -з
патакай
ибур
мад
къен е
сонра
куд на
ава -з
вич -и -н
икӏа
вичи -з
са
хьу на -л
патак ай
вич и -з
мадани
ну
са
и
уже
хьир
мад -ни
ибурузни
ида
ида @@@
сонра
анадыр да ай
чи
и
бес
за
ва
зейналабдин
чун
и
и
ва
за
гьи
яратмиша
ида
мад
абур -и -з
гьа да л -ай
ну
абур
зейналабдин
и
вич -и -н
гила
муькуьбур -у -ни
за -ни
бешир
хьи
ахпа
самур
идани
къулухъ
и
и
вун а
са
ида
къачихъ
ава -й
ава й
хьиз
за -л
эй
икьван
и
туш
къвалах на
ци
исабала -ди -н
икӏа
сура
абур -и -з
зак ай
зун
ахпа
я
гьикӏ
им
акъуд -уьн
хуь да -й
хьи
чун
пара
за
яргъара
чи -ун
за
ина
ада
ви
им
са
да
мейдан -да -л -NULL
зун
ви
сонра -ни
иси
кӏцар
пата в
и
сонра
ава -тӏа
вун а
арадай
килиг ай -ла
ибур -у @@@
и
амма
муьтуьгъар -из
са
ана
за -ни
куьтӏ
ина -ра
чун
хьа -ана
гьакӏан
кьве
хкве -р -ла
бес
и
гьикӏ
гила
ва
вуч -и -н
чун
ам
мукьва
таву р
къач -уна
зи
ихьтин
ама -ч
кьве
и
жен
бес
зи
ада -н
ча -з
га -ана -ч
зу
са
и
зун
уьчуьн
са
къач -уна
и кьван
ида -ни
кван
за
и
вун
а -бур
бельгия -ди -з
куьн
чуьгъвена
тегьер
гъвечи
вун а
пара
эсас
имни
я
чун
ахпа
къачихъ
я
гваз
ци
сонра
куьне
са
вич -и -н
и
ини -з
да
яман
им
за в -ай
ибур
магадан да
элягъ -на
гьинватӏа @@@
гужна
са
чуьнуьх
къерех да
ида -ни
идрис
хъфе -нава -ч
анжах
гьагьа
и
са
пара
сакӏа -ни
им
ина
сонра
жи
и
велибег а -н
эхир -ни
ида -з
исят да
еке
винел
сад
и
ахпа
и
атӏурвал
адан
а -бур
хъсан
са
абур -и -н
вун
и
вич и -з
садни
ахпа
я
гила
чи
им
дуьз
ки
гьан ай
кьве
хьи
гила
ви
и
са
вун а
за
чун
ада -з
километр
хъфе ай -ла
чун
за
аква -ин
гьин
са
ну
са
идани
вуш
са
еке бур
маса
са
хьа йи
гила
и
хьи
ви
и
кван
са
ахпа
дуьз
чубан -вал зава -й
патак а ай
за
безханум
са
дуьз
ахпа
алат -ана
ихьтин
гьамиша
ам
са
вуч
цӏийи
ада
ама ай -ди
я
исят да
безханум
хьа -ана
ибур
я
кӏватӏ
ава -й
вине -л
ада
истифаде
гьи
ки
и
за
пара
анжах
иер
ча -з
гата зва
им
чӏалах
гала -з
са
вуч
патака ай -ни
хъсан
зун
чун
вахч
къен е
ада -н
дар да
чун
ида -н
лугьу да -й
ваъ
тӏва
туху зва -й
гат да -уьнмаз
чан
ава -тӏа
за -л
алцур -ар -мир
винел
ибур -у в -ай
ацакь на
къиямат
сад
ида
икӏ
им
гьамиша
сада
ибур -ни
тӏванлай
регъуьла
им
зу
и
виня -й
гулят на
са
вич -и -н
гьабурузни
пака @@@
зун
гьым
и
ада -н
и
са
за -ни
зид
бес
ибур -у -ни
кьве
миннетдар
чун
кьван
цӏукьуд
ви
ама -ч
иер
ана
севда
но
вич -и -н
ида -з
са
гъвечид
зун
ки
са
и
и
идаз -л
мукьвал
зун
са
я
ам
ваз
ахпа
са
са
еке
катна
са
кьакьан
абур -и -з
къанни
затӏ -на
и бур -и -н
икьван
талыш
вун а
кӏан -да
алата -й -ла
и
хьа йи -ла
зун
хьир
фе -ин
вуч
вилик
абур -ни
ада -з
ва -з
ида
американ -яр и
им -ни
кьве
ээээгь
гьи
и
цӏуьд
ава -з
им
хьир
и
винел
са
ихьтин
хьи
гат -ди -ун
икьван
ам
гьаа
чун
седакъет
ибур уз
ава й
дуьз
бес
кьвед
абур -и -н
зун -ни
гъа -нава -й -ди
бес
сад
назир
безханум
има
са
руслан
акъат
таву р
ида -ни
мад -ни
низ
вич -и в -ай
за
вилик
чи
вич -ни
вич -и -н
вири да
са
зу
и
гатазва
мукьвал
гьада -з
вилик
икӏ
назад
вун
и
ви
ви
бес
им
я
зи
шемседдин а -н
са
севастополь -ди -з
ава -й -ди
гьа
ида -ни
ада к ай
ча -з
хъ да -й -ла
вегьи -ун
чукьуна
вун а
гьама -ни
и
са
икӏ
са
ахпа
вири да -н
гьа
анжах
ци
зун
за
зун
са
иер -ди
за
фи да ай
берейра
винел
игъи да -й
давай
маса
зу
ида -ни
им
а -бур
ала й
кьве
гьич
са
са
чи
акван
чун
ида -з
ина
мертебели
хьи
ваъ
анай
мад @@@
ава ай
зеллер
ви
вун а
вич -и -н
зи
са
чӏехи
зун
хьи
яргъи
гила
мад
ибур
анжах
вич и
хъсан
кьуд а -з
польша дай
чун
зи
экъецӏ -да -маз
гьада к ай
маса
за
ида -з
жуваз
гьар
за -ни
дердинлай
са
гьикӏ
зун
алата -й -ла
ам
чӏугва -из
хьа на -ч
са
ичӏер на
ада -н
сонра
вун
илис -ана
ама ай
ида -з @@@
инал
ада
вуч
им
ки
я
хъсан
са
им
атӏу -из
туш
за
ки
ида
яда
и
жув а -н
чун
патакай
и
зун
и
я
вун а
гьар
хьу -й
тавур -тӏа
лугьу -ун
анжах
ибур -и -н
къвед а -н
ва -з
ихьтин
за
самур
са
им
зу
вун а
за
яргъай
за
им
патав
са
са
тахьа ай -тӏа
анжах
зун
чи
са
за
ни
твах
са
вине
зун -ни
зу
ибур -у
ида -з
фин
вуч -и -н
белке
асул
вуч
мад
къач -уна
чи
акъуд -уьн
зун
зи
зи
хьи
я
са
кьегьел
маса
там
шумуд
ида
докъккъуз -ди -з
хуш
чун
яратмиш -ана
ибур
къач -уна
я
вич -ни
хьиз
и
эхир
за
са
на
ибуру
вичин
ама -ч
чун
са
мад -ни
са
и
гьантӏ зва
чун
за
ман
чи
ленинград -ди -н
и
яру
и
гужна
мад
са
баку да
чукотка да
шагьдагъ
ам
ина
бес
са
оказывается
ида -ни
са
кучук на
чун
а -бур
тавур -тӏа
зун
са
гьикӏ
ида -з
абур -у -н
ан -яй
за
ахпа
цӏийи
и
фе -й -ла
за
чун
адан
и
куьне
вичин
гьа
акъат
гила
ичӏи
вегьи да -й
ахпа
патакай
вун
мад
хьиз
гьи
яда
игила
и
безханум
кьулухъ
зун
седакъет
ви
же зва -ч ма
ча -з
хьи
хутх -ана
вич -и
гуя
и
гьутӏана -л
гьин ай
абур -и -з
ча -з
гьикӏ
жув а -н
ва -з
хьи
ида @@@
хьи
анадыр да -ни
и
ча -з
-вал
вич -и -н
цӏурцӏа зва
ӏ8
ина -л
за
и
ооо
да
са
зун
софия -ди -з
ана -й
вахчама
за хъ
я
ва -з
алдатмиш -ар зава
сад
жи
регъуьла
вун
сонра
гьал зва -й
са
куд -нава -й
анаг
и
ана -й
зун -ни
са
и
вич -ни
къачу да -й -ди
бес
и
за
кхьи
чуьгъвен а ай
хьи
зун
дуьзмуьш ай -ди
хуш
ава й
вун а
гьарай -зу
зун -ни
франция дай
акьуллу -вал
кӏандинди
са
са
ва -з
ки
хьа
ибур
ракъайтӏа
ама -й
хъа на
хьа -й -ла
садан
им
винел
и
та зва й -ди
себри
вуч
яшамиш
вич -и -н
яхцӏур
гьа
и
регьметлу
техминен
хъсан
чун
имни
маракьлы
за
лейли
им
за
зав
маса
ибурун
яхцӏур
дуьз -ди к
алуд
вич -и
за
чпин
за -л
чун
вун а
зу
алат на
са
алат на
эхир
и
ахпахъизда
хъсан
пара
и
агъуз
зун -ни
ибур
зу
ты
имни
гьах на
зун
туш
кьван
агъуз
ваъ
же -мир
ава й -бур
са
чукотка да
цӏийи
има
уьлуьх нава й
и
за
ибур
ки
са
са
цӏийи
сонра
сен
кьван
аллагь
хутах
и -м
ихьтин
зун
ки
за
са
хьуь -из
ани -з
абур -и
зак а -й
абур -у -з
авайбур
зун -ни
ки
санихъ -ни
чун
за
ва
ӏ9
ккӏ
сарах
зун
чун
и
ава й
пара
и
жув а -з
са
вун
и
эгекь ай -ла
и
гьар
ибур -и -н
говорили
са
мад
ина
ки
вуч
кьей
гила
са
са
кан -и
са
ида
са
кьве
са
киши -н -ни
гьакӏ
и
яхцӏур
явашдиказ
зун
за
ама
ча -з
пара
и
тир
вич -и -н
са
гьым
цӏыцӏ
ахпа
аладар
има
акунгаз
ну
чун
ахпа
кафирдилайни
им
сад @@@
хьиз
пятьдесят
лайих
рус
хъсан
къве зва ай
вун
зун
ки
къве -ди -й
и
ибуру
сонра
самур
ки
ва -з
вич -и -н
шуькуьр
чун
са
винел
ча -з
ам
сад
гьам
ци
гьин ай
регьмет -ди -з
я
гьа
са
зун
гьада -ла й
эхир
бес
чи да
хъсан
и
вич -и -н
ам
им
хуьррем
са
я
са
и
ибур -из
квез
икьван
гьана ра
садрахъ -ни
вич -и -н
гьан а л -ай
чун
вич -и -н
ча -з
яхцӏур
чун
тӏимил
за -л
хъсан
ини -з
севастополь да
иер
ки
и
терсина
гьакьван
фе -й -ла
вич -и -з
мад -ни
яргъал
хьир
ондокъкъуз -ди -з
и бур и
мад
гьа
хъсандик
самур
высоковольтный
гьанал
вад
хьи
ида -з
агакь -ар на
кьур -ла
метӏигъ -ар зава ай -ди
кхьи
чӏехи
санал
вич -и -н
гила
иер
пара
анава -й
чан
са
безханум а
ва -з
са
зун -ни
жув а -з -ни
бес
фир -вал
вуж
фикирайдалай
има
чашмиш хьа на
вун а
къач -уна
им
зун
жи
ондокъкъуз -ди -з
зун -ни
высоковольтный
чка да -л
куьне
са
фи- да й
ам
ты
кан -и
тӏва
я -тӏа
исабала -ди
чи зва -й
гуржистан -ди -з
вилик
суьгьбет
низ
уже
икьван
кат ай
и
вуч
амукъ зава
мад -ни
ида -ни
хуш
жув а -н
сонра
хьтин
ви
яшайиш
ама й
ана -р -из
гьарайзу
а -бур
кӏуьд
къалур на
хьи
игила
бес а
жи
а -бур
гьабур -и хъ
не
и бур
ихьтин
ида -ни
за в -яй
са
яхцӏур
фе на й
ида
им
зун -ни
а -бур
этибар
агъуз
са
бес
ина
ида -з -ни
калтуг на
хьа -ана
я
и
вич и -з
са
пара
хьир
гьана -ни
сонра
вирида
ахпа
чун
севастополь -ди -з
я
жен
седакъет
безханум
хьи
исят да
ибур
ида
гьина -й
маса
лагьа й -ди л -ай
хьиз
зун
са
себриллагь
безханум
вуч -и -з
и
гьакъикъет да
вири да -з
патав
дербент -ди -н
им
зун
са
гьада -л ай
летний
кье -нава -й
кхьа -ана
хъа на
гьабур -и -н
шоллар дай
и
и
ва -з
ахпа
шагьдагъ -ди -н
вуш
и
ада
къвез
абур -у
зун
чка да -л
ибур -уьн
вуч
ви
икьван
кутунва й бур
и
ахпахъизда
лайих
маса
пек
хъсан
за
им
и
кумаз -ни
самур
зун
чан
вуч
са
са
са
и
вич и -з
ата -й -ди
ссср
ата й -ла
чун
за
гала -з
чка да -л
и
и
ида -ни
элягъ -на
зун
вине
зун
дугъридан -ни
вич и -з
пара
гьа
има
экъецӏ
куьн
ки
ви
чукотка
чун
и
хвеши
метӏегъ
и
ам
и
ихьтин
виликай
зун -ни
кьве
туху зва -й
уьч
ахпа
ам
иси
ви
ида -ни
ида -з
чун
са
дагьи
ахпа
ни
гвай
кцӏар -и -з
камран а -н
вич и -з
ки
а -бур
вуч
гьикӏ
адан
ава -з
га -ана -ч
ава @@@
фи зва -й
я
анал
хъсанди
шехь -ана
ман
хьайитӏани
вун
ана
ам
кӏватӏ на
чун
хьайи -тӏа -ни
дуьз
гьа
къачал
хьи
ибуру в ай -ни
хьи
отвечает
бес
и
са
са
асвальт -да -л -NULL
алукӏ на
хьи
кьве
ида
ида -з -ни
хъсан
чун
шумуд
гьануз ^0 -ди
вири да в -ай
вич -и -з
анжах
докъкъузюз
сонра
ана -й
гьетта
гат -из
дуьз
кьве
и
и
анжах
ци
са
вун а
ва -з
ина -л
зун -ни
саламат
гала -з
тухв -з
са
им
зейиф
пуд а
алуд
хкве -р -ла
чун
зи
гьана -л
за
вун
са
ида -ни
и
чи
кьве
и
и
ава й
техминан
гила
ибурун
кьве
хьи
асул