na- y- deh- xay
chih
long
iin
he's
uudih
iin
ne- h'įh
t'eey
mb- aa
nts'ą'
u- nąą
iin
tįį haal
ay
they
shyiit
ts'änh
ch'i- dhįh- shyił
ch'a
some
hu- 'i- chi- jel- nih
his
ni- įl- tthat
niign
nih
diniign
ta- dhih- dah
mean
t'eey
dįį- t'ay
ishyiit
iin
jah.dugn
u- nuht'aagn
ts'i- dloo
same
dii
tl'aan
dooteh
sh- hi- nih
i- teh- day
jah
t'eey
del- tth'ii
tthee'
na- 'in- shyah
hǫǫ- łįį
taagn
t'eey
al- deeł
nday
ni- i- 'in- shyay
dą'
doo
kah
nee- 'eh
k'at'eey
tsin'įį
dziin
tl'aan
naht'ag
eh
dziin
nts'ą'
t'eey
ina'
nah- 'ogn
nuh- xah
dąą
u- 'aat
ts'iikeey
ts'iikeey
bit
dindeey
nee- h- tee- dlah
ch'itay
dänh
ha- no- shyugn
struck
hǫǫ't'eey
ay
mb- aa
t'eey
handog
dineey
ay
tuu
ina'
e- tsaa
ne'
hǫǫ- heey
u- ta'
da- nįį- shyah
hii- kįį'
k'įįy
del- tth'ii
chih
shyign'
ay
hah- 'ogn
na- teh- xeeł
hii- yįh- mbiah
ts'exeey
ay.tl'aan
tsin'įį
eh
k'at'eey
ha- deh- jik
u- del- kan
ee- tįį
ts'i- dloo
ay.tl'aan
tl'aan
shi'- el- nay
doo
sh- nąą
feather
hii- eh- nih
long
dą'
and
sitka
hugn
hǫǫ- łiin
na- 'įį- daał
xah
stahunįįdlah
stuff
laughter
u- tsįį'
dii
iin
y- aa
dą'
kelahdzeey
ay
nche'
and
ch'- aadeh
uu- łe'
jan
godn
na- ti- dįh- deel
ch'i- hu- ha'
tsuhchuut
eh
ayah
ay
nih
nii- thoo
hineeshyaan
nts'ą'
hah- 'ogn
taałuut
jan
one
ya- he- dak
xah
sh- lįįgn'
translate
tsee- deel
tsuu- deel
ay
dą'
sh- ǫǫnüü
hǫǫ- łįį
da- 'ee- dah
nih
t'axo
dahdzäł
da- ts'ee- dlah
kon'
ski- i- hol- shyeek
nee- nuht'aagn
dineh
feather
k'ahmann'
hu- 'i- chi- jel- nih
teeł
dih- t'eh
y- aa
nts'ą̈'.t'eey
nts'ą'
``hǫǫ'
eh
eh
t'oot'eey
you
taadziił
eh
ch'itay
ay
t'eey
ay
tthi- ch'i- nel- 'iin
tah
and
t'eey
sh- chil
chih
i- säł
ts'ikeey
jah
ch'ah
huk'ihiideeł
shinete'
jah
hǫǫ'
taa'edaak
i- ǫǫ- keet
tl'aan
ha- na- nal- 'ah
tl'aan
sh- k'eh
laura
ay
y- aa
ts'almbeet
t'axoh
iin
eh
t'axoh
ntl'at
uu- niik
tthi- dįį- duuh
tl'aan
t'eey
xah
ay
mb- eh
nih
martha
tąy
y- u- dįh- tlak
tl'aan
k'üdn
uchil
il- tthiit
neexon
ch'itay
xayh
u- ts'iniin'
tthee
tuu
t'axoh
ts'iniithanh
i- deh- nąyh
de'.kah
them
way
ts'exeh
noo'
tl'aan
t'eey
ch'itay
t'eey
yahetdak
du'
diixa
hii- eh- nih
anohshyuugn
ch'įhkadn
y- eh- nih
hii- neh- tsiik
tl'aan
ts'ihnįįdeek
na- xał- tih- tįįk
k'ahmann
łahtthegn.nts'ą̈'
ts'įį- łįį
cache
dąy
hul- tsįį
ǫǫ- łe'
ay.tl'aan
u- shyah
dih- dį'
ch'- i- naa- dał
story
neexon
chih
hiiyuuniik
john
iin
eh
łaakaay
ts'anh
just
m- i- hǫǫ- łiin
sǫ'
iin
ch'a
he- niik
tsuu- łeey
neh- tsįį
dąą
dih- 'ąy
iin
hǫǫ'
u- k'i- haa- däl
call
iin
ay.tl'aan
ch'i- chąągn
ee- dah
tay'
hu- shyah
hii- tsuul
ch'ah
nahuhdet~sih
i- dih- nąy
shyiit
du'
eh
hu- mbät
shi- he- nih
shyiit
na- shyuugn
tsǫǫ
ts'oo
heh- 'įįk
ya- 'eh- shyiik
chih
y- eh- nih
nee- 'eh
taathüh
from
s- tsay
hǫǫ'
ch'ishyoon
n- nąą
ne'
sh- aa
yh
eh
dits'än
ay.tl'aan
ch'i- dia'
y- eh- nih
del- dliad
ay
nih
tl'aan
tah
k'at'eey
t'eey
sh- ǫǫndaa
nahk'ade
nił- dzet- nih
k'a
k'at'eey
shinelte'
dii
i- h- del- 'ay
tet- giat
tl'a'
u- k'eh
neexon
ni- nįį- shyah
nih
nday
a- dogn
įį- 'ąą
dhįį- dah
sh- ǫǫnüü
oh
hǫǫ't'eey
di- nąą
november
tthee
u- nah- 'įh
m- aa
ts'ist'e'
k'it
ch'a
le'
di- 'aat
ts'- eh- tiadn
kǫ't- hüh
t'odįht'ay
nelsüü
ts'exeh.gaay
t'eey
ah- tthǫǫ
xah
xah
know
du- naan'
ni- nįį- shyay
t'eey
okay
iin
hu- 'eh
ha- hugn
shyįį'
dą'
iin
that
del- tth'ih
sht'ah
di- che'
ay
n- ts'iikeey
anohshyuugn
hu- tsǫǫ
t'eey
staach'inog'įį
naaxąy
tadn
ishyiit
t'eey
m- ǫǫsi'
s- tsay
dii
na- ts'- el- moo
tth'ee
that
chih
xah
way
hǫǫ- chaa
choh
k'i- 'ah- deel
t'eey
sh- oonüü
ch'i- dia'
xah
i- tin- nayh
chih
tthuugn
ay
ay
n- łįį
ay
dhįį- dah
ts'exeh
uu- łe'
hii- yįh- mbiah
iin
ay.eh
ch'i- bät
means
ti- nįį- shyah
dii
nelkon'
shyign'
da- hu- tnųh- 'įį'
s- tsǫǫ
sh- nąą
du'
let
t'eey
shyiit
tah
t'akidagthayh
di- el- t'ay
choh
du'
ch'itay
eh- chuut
tl'aan
ay
na- ti- daagn
manh
nee- xah
jign
ha- dogn
ts'almbeet
chi- nel- 'įį
da- del- thoo
just
nuh- xah
dį'
uts'ihǫǫndiik
ha- del- 'įh
ch'a
kinįįshyah
güh
du'
ee- gąy
ha- hįį- deeł
a
ha'
hu- he- nih
hi- nih
hǫǫ- łįį
hǫǫ't'eey
i
ay
ne'
they
ishyiit
dänh
k'a
taanuu
t'oot'eey
t'axoh
diniign
duka'
got
hii- neh- tsay
iin
y- eh- nih
ts'iniin
eh
kessler
kol
right
put
chįį'aay
na- tset- neey
diit'ah
k'ahmann'
hu- 'eh- nih
cache'
is
hi- k'eh
iin
danh
sta'in- dät
ch'- uh- 'aal
ay
ts'at
hįįt'eh
dak- 'įh
y- eh- nih
on
iin
eh- nih
nee- gąy
dą'
u- ts'ą̈'
tąy
na- 'ih- 'iił
he- nay
neh
kol
xay
di- dia'
nts'ą'
but
s- tsǫǫ
ts'e- dek
ts'exeh.gaay
duka'
ti- dhal- tth'ih
hǫǫ't'eey
t'eey
nah- 'ogn
ay
ch'a
ay
ch'itay
hǫǫ'
ih- łįį
ni- 'įį- ha'
mb- aa
mǫǫdaa
jah
k'ahmanh
teejuh
nts'aa'
nee- 'eh- nih
ch'a
ee- dah
t'aat
ts'exeh.gaay
iin
dhak- tąą
y- eh- nih
u- tee- thädn
ay
ts'ihųhdąy
t'eey
shta- thi- nak- shyay
ts'ät
our
hu- neh- tthay
hǫǫ'
hǫǫ'
dii
nän'
ts'anh
ha- noh- shyuugn
ts'iikeey
i- ti- nnay
na- 'e- daak
i
iin
hi- 'ish- nąyh
nak- 'įįgn
t'axoh
ay
buzzer
sh- aa
from
chi- ch'i- del- tįį
hu- ta'
sh- nąą
stay
sh- nąą
manh
iin
danh
güh
huh
t'eey
įį- da'
u- neh- 'ąy
dzal- tth'i'
kon'
k'a
u- mbät
hǫǫ'
ts'almbeet
m- ǫǫsi'
burned
shyįį'
tl'aan
hu- ttheh
k'at'eey
dineh
nih
y- aa
t'eey
to
hǫǫ- łįį
tl'aan
u- k'it
nii- thoo
hu- tah
y- aa
s- tsǫǫ
back
sh- dia'
tl'aan
nts'ą'.t'eey
t'eey
uhsi'
du'
chih
ǫǫ
tthee
ah- naan'
ts'exeh.gaay
tah- däł
na- 'uh- thädn
ts'oo
u- shyiit
hǫǫ'
na- 'issu'
hee- tiat
hi- det- tsaa
na- hin- deel
neh
hii- kah
t'axoh
ut- sǫǫ
ts'iiniin
nił- k'i- dzal- shyah
bah
sh- aa
ay
na- h- del- tth'ih
sǫ'
mit- s'i- shniign
nih
thanks
ee- gąy
ay.tl'aan
language
łuugn
jign
ay.eł
sta- hnet- deeł
haskeh
hah- nǫǫ
k'ahmann'
y- eh- nih
s- tsǫǫ
y- eh
tsüüh
iin
nighttime
dii.xah
and
s- ts'ą'
t'eey
ts'iiniin'
don't
taatsąą'
t'eey
shyiit
ni- dįį'ah
n- dih- nih
nee- k'eh
ay
na- h- tet- dek
ti- na- ch'i- nel- 'įį'
ch'a
nagn- jidn
t'eey
iin
ch'itay
t'oot'eey
nts'ą'
u- dzeh'ogn
hu- tsay
dii.t'eey
ch'itay
tah
iin
him
hǫǫ- shyąą
s- tsay
eh- k'aay
they
dich'il
and
ch'i- k'ah
nee- ts'ą̈'
na- hat- dał
xah
hut- shyaak
ay
negn'
t'eey
high
nee- shyah
jahxan
ay.tl'aan
atthuugn
łaakaay
yatthan'
tl'oh
eh
after
du'
dänh
dineh
hu- 'eh
tah
hadil'įh
łaakay
choh
ay
degn'
taagn
dänh
hunįį'ah
ay.tl'aan
ts'iikeey
ts'i- dek
ha- 'ogn
udǫǫni'
nih
del- tth'ih
t'eey
ch'ale
k'ąy'
ts'änh
ay
iin
ts'adn'
hu- k'ah
taatsąą'
tah
ay.tl'aan
dih- t'eh
hu- 'i- shyiit
tah
hu- shyi'
taa- t'eeł
de'.kah
eh
tädn
u- ke'
łaakeey
įį- gąy
tay'
xah
magic
n- tsay
ttheh
northway
dąą'
te- łąy
iin
nih
ch'eh- teek
t'oot'eey
tl'uuł
tat'eey
tah
u- ch'- el- deeł
ntl'at
eh
haa'įįdaay
laa
tah
ni- thaad
du'
hǫǫ'
that's
ha- nǫǫ
t'axoh
hi- neh- 'ąy
u- ta'
was
dänh
nts'ąą'
oh
sh- oonüü
tl'uuł
ndehdą'
tetda
chih
u- nąą
hu- dziit
kah
n- eh- nih
y- eh- nih
sh- ee'eh
nts'ą'
tagoh
da- nįį- deel
tąy
na- ts'- hol- negn
dänh
eh
x~ray
t'eey
ni- i- hiiy- el- shyeek
chi- ch'i- del- tįį
ti- haak
na- na- y- deh- tl'ek
dzal- tth'iił
iin
ts'- ee- dlah
t'eey
jin
tl'aan
tl'aan
noo'
eh
hah- nogn
y- eh- nih
tuu
eh
łi- gaay
t'eey
hut- shyaagn
shin
iin
ti- in- dat
taadziił
ch'i- dänh
xah
iin
dineh
kol
ti- 'at- nagn
and
a- hugn
na- un- shya'
tay'
ch'a'
nuh- xah
xah
t'eey
u- dįį- nih
taag
jah
y- eh- nih
nee- shyah
ni- i- nin- 'aay
dzänh
ina'
nee- k'eh
hu- ts'änh
hospital
u- shyiit
na- tǫǫ- daagn
t'eey
jah
hu- he- nąy
dǫ
t'eey
tthi- nįį- ttheeł
hii- xah
dąą'
männ'
ch'i- shyuuy
nts'ą'
dhak- ts'iik
tah
ena'
k'ąy
ay
nts'ąą
y- eh- nih
hugn
udzih
that
josh
na- nish- shyay
sh- aak'ay
ina'
hih- nįį- nąą
hugn
sh- eh
eh
sh- nąą
guuy
jasper
t'eey
jah
dindeh
t'eey
n- t'ayy'
deg
na- hat- dal
sh- eh- nih
k'it
tl'aan
ishyiit
le'
eh
eh
ni- na- ts'in- deeł
ay
maagn
m- ǫǫsi'
ee- day
noo'
di- 'ay
eh
huh- tsįį
tth'an
tsaa- xąą
mb- aa
iin
iin
mb- ookol
ah- tthän'
dheh- xįį
kol
k'i- i- et- łuuk
ay
ch'i- ts'ą̈'
dindeh
del- gay
ay
dii.xa
kon'
he
that
hǫǫ'
that
ayt'oo
tthee
chih
ni- thaad
hu- t'eegn
xah
hu- nąą
tl'aan
ih- tsuul
ts'exeh.gaay
u- dih- nih
ee- gąy
du'
h
iin
huu
ts'ehłegn
na- ch- 'įį- 'aał
nił- dzet- nih
u- ts'iiniin
nahnǫǫ
t'eey
hu- 'eh- nih
hah- 'ogn
xah
xah
k'at'eey
du'
nuh- xah
eh
tl'aan
eh
el- tsįį
sick
sh- aak'ay
t'oot'eey
eh
ts'ist'e'
t'eey
łat
iin
dlegn
jign
tl'aan
da- nįį- shyah
smart
uhdih'ąą
dits'än
m- eł
a
jign
choh
jah
jign
xah
sh- eh- nih
s- tsay
t'eey
keey
iin
staanehhu'
hih- deh- k'an'
sh- nąą
hu'- ookol
u- nii- chak- tlah
tl'aan
calvin
t'eey
chaay
t'eey
tl'aan
hiy- eh- nih
le'
ay
na- tet- shyah
łatthegn'
hu'idatdeemaak
tuu
hii- tl'a- hiiy- įį- dlay
gold
di- keey
s- tsąy
hǫǫ'
u- shyi'
na- ts'e- 'aal
u- nak- 'įh
idzii'
ch'i- dhįh- shyił
ch'ale
teejuh
ha- a- at- shyah
kol
huug
łahtthegn.nts'ą̈'
n- t'ay
kah
tthi- nįį- shyay
ha- 'ih- shyah
łuugn
k'eh
łaakaay
ay
creek
ay
chuyh
ay
ts'exeh.gaay
hu- 'eh- nih
ay
k'it- det- xol
degn'
k'eh
ay
hu- nak- 'įh
n- tsay
m- oondaa
huu- t- shyaagn
ch- ǫǫndaa
shyiit
t'eey
shxol'
ih'aal
ts'at
ch'i- di- ła'
iin
ti'inshyah
nts'ą̈'.t'eey
s- ts'ą̈'
dii
ski- nįį- tthayh
dą'
ih- dloo
ts'al
ay
hu- t'a- hee- deeł
shiy
tudi
shin
dį'
hugn
nuh- xah
tah
du'
t'eey
na- t- e- daak
him
mark
shyiit
shyii
m- ǫǫnüü
nee- ts'ayy'
nih
hat~jakthak
dii- tth'ak
dinah
ni- nįį- shyah
k'at'eey
ch'a
nuh- shyah
łuugn
t'eey
ch'ale'
dii
k'it
tsihtąy
i- k'it
tah
eh
ts'ą̈'
huugn
tah
xah
dzi- hel- shyee
tl'aan
eh
ay
chih
sh- ǫǫnüü
sh- 'aat
ts'uu- dii- dlay
kill
u- shyiit
i- dįį- dlah
hu'ich'eh'aał
t'axoh
xah
hih- nįį- naan
nee- k'eh
ts'ist'e'
utshyaak
ch'- aadeh
tadn
nee- ła'
nt'eh
tah
dzįį- tsįį
da- tthuugn
iin
y- eh- nih
ts'ist'e'
y- eh- nih
nee- 'i- huu- shyaak
to
ti'uhhaał
h- tee- nąą
aan
ts'i- nįį- that
ay.tl'aan
hǫǫ- łįį
ha- noo
t'eey
ay
tsihtąy
ch'a
nuh- xah
hu- hi- nąy
hi- ts'i- et- nayh
t'eey
įį- da'
ch'a
gąy
nts'anh
ishyiit
kol
dzinateeshyaay
dänh
ts'i'okthiidn
tat'eey
y- eh- nih
tah
last
ay.tl'aan
dahdzäł
ch'ishyaan
sh- a- h- di- ni'
eh- tsįį
du'
eh
di- dia'
ay
nih
di- łįįgn
dah- nįh
sǫgay
shyiit
įį- tsuul
tahtlogn
duugn
įį'eh.tah
nah- 'ǫǫ
ishyiit
na- y- įh- tįį
du'
ch'ale
a- dogn
jah
ch'a
hu- 'u- 'et- sii
na- naa- t'ah
hih- del- tth'ih
huh- da- negn'
yanih'ąy
nts'ą'
y- eh- nih
įh- tsanh
du'
ki- 'įį- haay
łą'
eh
hǫǫ'
dheh- xįį
ay
ay
tah
t'oot'eey
got
eh
na- 'i- daak
eh
doo
maggie
k'ąy'
u- shyiit
u- ts'anh
ah- dogn
ha- ni- t'ah
hu- del- donh
ay
da- 'ee- dah
hu- shyign'
t'oot'eey
xah
u- naagn'
łaakaay
ch'a
ishyiit
hii'ǫǫndąyh
choh
hu- 'i- h- huu- shyaak
tthee'
dzänh
ti- degn
t'eey
naxat
shyüh
nįį- thaat
y- uu- ton'
na- htet- łag
nih
t'axoh
u- nąą
t'eey
tuh- shya'
na- hat- däl
du'
tl'aan
t'eey
yaatthan'
sh- aa
niign
e- tsaa
s- tsǫǫ
ay
ay.tl'aan
hu- haa- łeeł
k'at'eey
da- na- naa- t'ah
hǫǫ- łįį
ay
that
atdüü
ts'exeey
sh- ke'
nday
t'eey
tsin'įį
k'it
tl'aan
dą'
manh
nii- thoo
shyįį'
shtl'a- tįį'- aał
nee- 'eh- nih
k'it
ts'änh
ts'exeh
ch'oo- kol
like
na- tuu- daagn
dineh
du'
jah
tuu
ch'iduugn
u- nįh'- įh
chaay
dindeey
ts'änh
a
ch'a
iin
tthe'
tl'oh
nih
łahtthegn
ch'aldzeek
du'
naxat
sh- nąą
iin
iin
sh- 'aat
k'it
eh
tl'aan
nee- 'eh- nih
nee- 'i- chi- nįl- 'įį
et- łiin
sh- tl'a- y- įį- 'aan
dihthaad
ha- 'a- noo
nahugn
t'aa'
na- tet- keegn
chinh
mänh
nän'
k'eh
dzįį- tsįį
k'üü
u- xah
hu- nąą
tah
ch'ishyoon
ch'aachin'
t'eey
įį- mbeeł
t'aat
naagn'
jasper
sh- nąą
mark
jah
hįį- dlaan
ah- da'
el- tsįį
dineh
ła'
yįh- tsiin
doo
du'
nts'ą'
choh
d- uh- ts'ąy
du'
tįh- dįįł
dhih- tįį
ni- nįį- shyah
al- deel
ch'iitsay
nts'ą'
hįį- dląą
taa- thüh
tah
łahtthagn.nts'ą'
hǫǫ- heeyh
- xąą
na- teh- tsiin
hiiy- i- dlaag
carl
sh- nąą
ch'ale
eh- teek
ay
yich'oodehdiih
huh- i- h- d- el- tth'ii
ch'itay
teejuh
they
ch'i- 'aał
da'uh- shya'
ni- thaad
over
kǫhthüh
shyiit
nee- haal
ak- tsan
ayt'oo
ay
meh
dii
choh
tsaa- xąą
ch'ehłiig
tthi- hi- haak
nts'ą'
nee- ts'iikeey
ndlaan
sta- nįį- t'ak
ch'inłuut
sh- ttheh
dąą'
t'oot'eey
jah
eh- mbiah
ski- nįį- tthey
saan
tiki- 'ǫǫ- shya'
carl
hu- he- niik
hįį- xąą
tsät
hihdelxoh
aa- haał
ch'a
eh
ts'ehłegn
u- k'ia'
hu- 'elsüü'
hu- ta'
na- a- ch'i- hi- 'aał
jah
ya- he- dak
hahnde'
t'oot'eey
mb- ookol
na- h- tnet- deel
t'oot'eey
u- ts'ą'
take
di- dhal- tth'ih
chih
naninshyay
na'aay
iin
dee'ah
tah
k'a
and
sta- dįį- 'aan
this
laughs
hah- 'ogn
nts'ą'
di- tthi'
taag
ch'įįk'on'
ay
xayh
kon'
t'eey
that
y- eh- nih
nts'ą'
ha- 'ogn
dii.xah
ts'i- ni- shyeeh
iin
chief
ch'a
dhih- dah
tsin'įį
dheh- xįį
y- eh- nih
nts'ąą'
eh- shyüü
tl'aan
ee- dlah
ay.tl'aan
y- eh
t'eey
ts'aht'udn
iche'
iin
shyįį'
hiiy- eh- gąy
hǫǫ- heey
hu- ke'
and
na- ntak- teeł
t'eey
t'eey
ts'eegn
nts'ą'
na- ch'- eh- łąy
shiy
u- dih
line
eh- ts'iik
hah- nǫǫ
skin
ǫǫle'
na- hogn- ndagn
du'
nuun
huh
titus
jin
tah
nee- i- ch'ih- 'aał
ay
shiichetkayh
manh
hugn
nih
jan
kah
dii
how
ts'exeh.gaay
tl'uuł
eh- ts'ay
ay
ch'a
ta- 'įį- taal
s- tsǫǫ
iin
ts'- eh- 'eel
tl'aan
nee- haał
dänh
ya'eltthak
kah
dih- t'eh
hi- huu- sih
shdineey
hu- nįh- 'įh
diniign
chih
shyiit
łąą
t'eey
na- y- deh- tl'iit
t'eey
ch'- aadeh
ǫǫ- haal
ishyiit
ay
k'i- cheh- niik
hah- 'ogn
sh- dhįh- shyiiy
dii
ay
s- tsǫǫ
not
ch'a'
du'
dich'e
eh- sał
k'eht'aa
taag
dheh- xįį
ay
ch'i- dia'
sh- chil
u'ǫǫnüü
duugn
nee- hti- łeek
jah
hǫǫ- łįį
ch'iliitthoo'
yi- nįį- dät
we
xah
u- naagn'
ha- ts'- uh- t'üüdn
nak- įh
nts'ą'
gąy
shiy
ay
k'ahdu'
h- i- agn- nüh
chaay
nuun
ay.tl'aan
k'eh
dih- t'eh
guuy
ut- l'ąą
duk
hu- t'ah
degn'
eh
du'
hu- nįį- thaadn
uułe
come
ch'- uh- 'aal
kill
hii- ts'eh- tseek
dąą'
hel- t'eh
jah
gah
hu- 'eh
'
ch'a
shyii
dits'än
t'oot'eey
k'it
ts'- ee- dlah
gǫǫ
tl'aan
iin
dii
ch'- hįį- xąą
ay.tl'aan
tuh- shya'
s- tsǫǫ
shi- he- nih
nįį- shyay
choh
ishyiit
nii'oo
le'
ch'ehłiign
hu- kah
m- ǫǫsi'
- hǫǫ- heey
ts'exeh.gaay
nih
ch'itay
chih
hǫǫ'
dänh
nts'änh
ts'änh
k'it
t'eey
sh- nąą
tl'aan
nts'aa'
nts'ąą'
ni- nįį- shyay
dąy
k'at'eey
nah- 'ǫǫ
iin
they
hik'üü
sh- k'eh
sts'iikeey
heh- tsįį
taag
dih- dį'
slingshot
nts'ąą'
nduu
gǫǫ
they
roy
hugn
eh
tl'aan
dzih- k'ąą
nts'ą'
t'eey
the
s- tsǫǫ
sh- eł
tagoh
neexon
t'eey
hǫǫ'
kol
k'it
dah- dǫǫ
eh
hu- dii- dlay
ddhał
k'a
ski- nįį- tthayh
ay
bothering
nan'
nii- hin- deel
choh
łęę'
ay
ta- y- el- deeł
t'eey
i
chih
ay
t'eey
hii'utdat
nts'ą'
mb- aa
t'axoh
jign
ch'- uusi'
noo'
a- dogn
het- dąy
ndäl
t'eey
chee- xąą
you
t'eey
t'eey
ta- 'el- tsiin
dinah
t'eey
t'eey
t'oot'eey
hǫǫ- łįį
ay
ni- ee- shyah
tthi- i- dįį- tthayh
ti- nįl- tthiit
niign
- nel- thänh
na'
t'eey
hiitl'a'įįdlah
i- k'it
nän
ǫǫ
nts'ąą'
t'eey
ch'ik'eh
dįį- nay
ay.tl'aan
uu- te'
y- eh- nih
nts'ą'
anuugn
nts'ąą'
naht'aagn
įh- xąą
ay
el- tsiin
eh
i- neh- 'įh
dii
ch'inłuut
al- tthał
nche'
ladue
eh
t'oot'eey
hunh
s- tsay
t'eey
ch'ale
łą'
k'a
u- dih- nąy
kind
tell
shyiit
tah
hǫǫ- łįį
i- dichinh
di- ke'
ts'iikeey
ts'iikeey
ni- thaad
ni- dhih- shyąą
ni- i- tset- dek
le'
eh
t- nay
ne'
k'ahdu'
jah
tih- dįįł
tl'aan
manh
na- tuu- daagn
nts'aa'
can
that's
tet- deek
dziin
bessie
eh- nih
hii- ki- ch- 'įh- xał
na- u- dah- 'aał
ishyiit
hǫǫ- shyąą
t'eey
y- įh- kaan
e- tsah
hu- xah
mb- i- - nil- jidn
t'oot'eey
an
hu
ni- thaad
chih
ti- nįį- that
t'eey
u- kol
hiiy- i- tsah
hah- 'ogn
nanuhtagnshyeeł
i- neh- 'įh
tseeyniik
na- it- deeh
shyiit
ch'a
choh
titus
diniign
nįį- shyah
k'it
ch- eh- dayh
laalil
naan'
nih
'
na- ch- 'įį- 'aał
chih
ła'
sh- 'aat
nat'aa'įįdeek
hu- neh- tthay
t'eey
hǫǫ- heey
ts'ą̈'
t'oot'eey
know
u- 'et- sih
ah- dał
noo'
hǫǫ'
eh
jesus
t'eey
ay
hih- del- tth'iik
tl'a- dįį -łay
dǫǫ
dii
dead
hih- dat- sąyh
k'eh
nee- tsay
u- 'et- sii
d- aa
na- ts'in- deel
s- tsay
eh
ay.tl'aan
ta- t'a- tdal- nay
nih
iin
nadetnih
u- tth'an'
iin
y- eh
jah
hǫǫ- teeł
don't
diixa
u- dak- 'aan
dįį- k'ąą
du'
ts'- neh- 'įį
that
tth'änh
choh
da- 'ee- shyah
negn'
you
some
ts'anh
dagn- xoh
tth'itu'
hii- yel- deel
y- eh
jah.dugn
t'eey
eh
i- tel- tät
kon'
back
different
da- nįį- shyah
da- ts'uu- niih
nǫǫgaay
tah
shoh
ts'ist'e'
jah
łuugn
k'at'eey
jahxan
ishyiit
nak- 'įh
k'it
łuugn
ch'a
tl'aan
haa- dał
y- aa
tat- xoł
k'it
duuł
jign
hǫǫ- t'eh
shchaay
taatsąą'
dineey
iin
ts'exeh
ts'al
nsüü
dįį- dąy
shoondaa
sh- ke'
hu- ch'a'
jah
t'aat
back
dzįį- tsįį
ni- i- y- nįl- shyah
teeł
t'eey
nts'ą'
seeyh
y- eh- nih
iin
nah- nel- shyeek
alkał
nts'ąą'
h- huu- nay
ni- i- chi- nal- 'įįl
dahdzäł
ch'a
eh
tl'oh
that
doot- nįh- thoo
and
ch'itay
t'eey
ishyiit
nuh- xah
hii- neh- tsiik
ch'a
dänh
sh- ǫǫnüü
ts'ihotįįł
nts'ą'.t'eey
uts'iikeey
tah
duugn
eh
sǫ'
sh- nąą
k'i- ts'at deeł
eekeh
hi- nih
ch'- aadeh
manh
eh
nee- neh- 'įh
ay
t'eey
hih- del- tth'ih
utth'an
dhah- tiat
het- sįį
tah
nee- shyah
taatsąą
shyiit
ay
dänh
chih
xayh
dheh- xįį
ni- - nįį- deeł
tthi- hiiy- dįh- xal
t'eey
nih
t'eey
t
yamaagn.teeshyaay
t'aat
eh
ay
ts'eh- k'aay
just
ay.eh
sh- aa
nu'
nee- he- nih
nah- 'ogn
and
neexon
ishyiit
ddhał
dii
na- aa- daał
da'
din
ddhał
xah
du'
iy- eh- nih
ts'exeh.gaay
nts'ą'
ay
i- 'et- nayh
ch'- i- naa- dał
iin
įį'eh.tah
i- chi- jel- nih
jah
aan
song
tl'aan
dlegn
jah
nił- ts'e- het- niign
ich'ah
m- ǫǫsi'
du'
ishyiit
hu- ta'
it'aa
na- thuu- ts'eh- te'
įh- tsänh
ch'i- xia'
hiiy- i- łeegn
dit
ya- 'i- mbeek
ninįįthan
ch'a
t'eey
nät
hiiy- i- 'aał
ay.tl'aan
ena'
nahk'adn
hi- 'in- dayh
tay'
eh
ne'
hi- 'et- nayh
eh
naan'
ay
sh- eh- nih
kol
tl'aan
hǫǫsu'
i
ayt'oo
dii
t'oot'eey
that's
ch'i- nąą
ee- gąy
lah
n- ta'
ch'itay
n- nąą
e- tsah
s- ts'ą̈'
naxat
ts'änh
k'a
shyįį'
shyįį'
that
i- k'eh
time
tl'oh
łaakay
guuy
a- nogn
lah
yoonehshyąą
dąą'
tl'aan
ti- taa- haal
t'aat
u- tee- kol
sǫ'
du'
hih- nįį- deel
nee- 'eh
tel- tthät
t'eey
chih
shyįį'
dzi- hel- shyee
łi- gaay
t'eey
du'
y- eh- nih
hih- dįį- tsįį
shiy
na- 'eh- tsayh
ay.eh
na- htet- neegn
chiidhįhxee
i- ts'e- het- niign
na- tset- deeł
ch'itay
that
sh- ǫǫndüü
hǫǫ- chaa
hǫǫ- tl'at
tl'uuł
diniign
nche'
hu'an
s- tsay
iin
hih- dat- sąyh
dįį- t'ay
k'it
hǫǫ'
iin
ts'ihǫhday
ay
du- naan'
i- agn- ndayh
na- 'agn- süü
s- tsǫǫ
na- 'i- thät
k'it
hih- uu- nąy
nih
ch'udzüüt
hǫǫ't'eey
eh
a
da- h- dal- tth'iign
ayshįį'
gǫǫ
k'at'eey
hi- d- hįh- xay
ay.eh
t'eey
nił- 'eh
thüh
k'ąy'
hugn
iin
just
keey
na- hut- łįį
tthikaan
gah
shyiit
ch'itay
k'a
n- nąą
ch'- aadeh
sh- eh
dįła'
tthi'
hǫǫ't'eey
they
dih- nąy
hǫǫ'
xah
ee- dah
hǫǫ
dih- dį'
iin
t'axoh
n- dia'
tsihtąy
ch'ale
tl'uuł
tl'aan
hih- dal- shyah
that's
dih- di'
shyiit
ishyiit
t'eey
dänh
a- nogn
on
tah
shti- dheh- xiin
ni- taa- haal
s- tsay
tüh
ni- thaat
dineey
k'a
t'a'akdeeł
łuugn
ha- shyuugn
bothering
du'
chih
poison
i- k'it
chih
hah- nugn
deh- taan
sh- hi- nay
chih
ih- tsuul
hel- t'eh
y- eh- nih
tuh- shya'
t'axoh
eh
eh
k'eh
nt'eh
s- ts'ą̈'
tsǫǫ
nts'aa'
ishyiit
ishyiit
nt'eh
ch'aldzeegn
hii- kįį'
kol
degn'
da- nįį- haay
him
seeyh
k'it
k'e- 'ah- deeł
na dee- xał
ay.tl'aan
mb- aa
sh- naagn'
degn'
t'axoh
k'it
nah- dǫǫ
xah
huugn
mb- i- 'ish- nąy
ha- ch'- u- dal- 'įį
nah- shyugn
hǫǫ'
hiy- uu- nih
tah
hǫǫ'
yahetdak
nee'ihuushyaagn
y- eh- nih
skagway
haa
huh- negn'
na- ts'e- 'aal
gee
ddhuugn
sta- nuh- taa- łeel
kon'
stove
y- aa
ni- hnįį- deeł
taadhüh
y- eh
da- nįį- shyah
kol
ay
hinaał
dogn
dineey
datl'a- 'ee- mįį
ntsąą'
chih
ti- d- h- e- e- shyah
k'at'eey
ee- dah
cho
xeel'
nts'ą'
tl'aan
ha- nǫǫ
xah
hǫǫ'
ay.eh
tsin'įį
nts'ą'
nts'ą'
iin
hu- dzeey
xah
ndugn
du'
n- tsuul
ts'e- dį'
łaakay
nts'ą'
nih
y- eh- nih
ay.tl'aan
nday
hǫǫ
na'- įį- daay
it
hǫǫ't'eey
hugn
he- nay
one
u- 'aat
ay.tl'aan
da'įltthat
tribe
chih
big
got
al- tthäł
tth'än'
k'iidįįttheeł
jign
eh
gǫǫ
tthi- dįh- xał
k'at'eey
ts'iniin
u- dih- nih
sǫ'
kon'
chih
maggie
shhhhh
dii
ha- noo'
hu- dhih- dlah
ts'ihnįįdeek
tah
neenahǫlndak
oh
ben
- xąą
eh
d- uh- noo'
ay
nts'ą̈'.t'eey
ay
tal- deel
sh- nąą
t'aat
nįį- dat
ddhäł
hǫǫ'
ayaah
kol
hii- tan
shyiit
y- eh
iin
ay.tl'aan
nithoo
na- hiiy- e- 'aał
iin
shinįhchüh
and
ta- 'įį- 'ah
įį- dla'
ishyiit
chih
already
eh
tah
iin
just
but
maagn
skii'etdüh
dą'
ay.eł
tl'aan
el- tsįį
ch'i- xia'
tah
na- ki- del- teek
chih
hǫǫ- łiin
jin
łoo- taa- tįįł
ntsą'
sta- 'ih- haak
ishyiit
hu- xah
ina'
t'eey
they
iin
t'axo
nee- shyah
iin
teeł
niit
hii- shyiit
na- 'i- haay
eh
sh- ch'anoo'
nee- neh- 'įh
hǫǫ- łįį
ch'itay
ts'iiniin
shyiit
ts'exeh.gaay
eh
tet- dät
männ'
iin
ch'a
t'eey
t'eey
jahxan
deh- 'ąy
hǫǫ't'eey
t'eey
ch'a
ay
ishyiit
tąy
haa'
that's
nił- ts'ą̈'
sǫ'
hu'- ookol
tuu
ah
that
ogn- deel
tsayh
t'eey
ay
a- deg'
tl'uuł
įį- dla'
ch'- aa- chinh
du- negn'
dų
tah
dįį- 'ąą
tąy
ni- nįį- dlah
andy
ndee
nel- jit
k'ahdu
t'oot'eey
y- eh- nih
kol
hu- tsǫǫ
naxat
jah
eh
y- eh
du'
kon'
tąy
ndehde'
neexon'
da'aay
tuu
le'
di- tthi'
ih- haał
t'oot'eey
tl'aan
dimbee
iin
shyign
tah
xah
el- dayh
tnih- hoł
ch'a
u- u- niik
t'eey
dineey
eh
xah
xah
du'
ti- at- nak
him
i- dzaa- niil
ntnak~'įįl
december
chih
na- 'ǫǫ- daał
ch'itsay
du'
hǫǫ't'eey
na- hol- negn
t'eey
dineh
huugn
chih
carl
t'eey
huu- t- nii- deey
ch'at- nąy
hudį'
huugn
du'
du'
da- tthi- nįį- tthayh
she
'naxat
łaa
dänh
heh- xąą
i- neh- 'įh
ay.tl'aan
nįį- shyah
oh
gǫǫ
naagn'
shiy
na- shih- ti- dhah- xeh
iin
k'it
na- tih- daay
ii'eh
tah
du- naan'
tthi- i- tet- thak
ts'iikeey
ay
ay
ch'a
tl'oh
shyiit
ch'ita'
k'it
h
shyiit
ts'i- dek
tsin'įį
that
ts'ät
ha- 'än
na- tset- dek
k'at'eey
t'axoh
ay.tl'aan
eh
yamaagn.teeshyaay
eh
hu- ts'ą̈'
k'at'eey
na- hot- lįį
ha- shyign
mänh
m- i- ts'- ish- niign
y- eh- nih
du'
nuh- 'eh
nts'ą̈'.t'eey
t'eey
ay
dą'
ts'exeh
duugn
di- shyah
tąy
you
neh- tsayh
h
k'at'eey
ay
eh
ne'
ddhał
hu- he- nih
tl'aan
huhneh'ąy
hu- h- tdaa- niił
k'a- nįh- ta'
hu- 'eh- nih
y- eh- nih
hǫǫ't'eey
laughter
ay.tl'aan
k'ahdu'
tsǫǫ
nuh- 'eh
ǫǫ- dloo
iin
k'ahdu'
choo
taagn
ch'itay
freezer
ch'ale
ni- na- hii- del- shyeek
hanteey'
łaakeey
dii
s- tsǫǫ
jah
come
y- eh- nih
uts'inih
unänht'agn
ay.tl'aan
hu- xah
a- shyign'
hugn
jign
na- taa- daal
dįh- kąąyh
ts'änh
n- chaa
iin
xa- jet- taan
ch'inąy
jan
hu- kah
s- tsǫǫ
k'a
iin
ahdįįde'
tsee- naa
shiy
iin
jah
hu- tee- łe'
they
eh
xah
dit
dhah- tiat
ni- nįį- dlay
na'ettsah
hǫǫ'
tąy
u- ts'iniin'
hi- 'ish- nayh
hǫǫ- heey
nee- ła'
na- tet- shyah
hǫǫ'
jah.dugn
łuugn
xah
uu- dįį- nih
du'
ndee
du'
smell
keey
tse- neek
nuh- xah
ay.tl'aan
ha
gąyh
guuy
neh
jah
ǫǫ
nak- 'įh
'at'eey
sarah
hi- ts'e- het- niign
nts'ą'
duu- t'e'
nįį
ay
datthinįįthay
burns
i- tsüh
shyiit
ch'a
nuh- xah
hu- shyah
t'eey
du'
iy- eh- nih
t'eey
n- dat- ni'
ts'i- dek
eh- tsįį
skagway
eek
and
danh
al- tthał
nuh- 'eh
andeg'
tl'aan
he's
nii- thaat
uu- niik
i- dii- tth'ak
t'oot'eey
ay
tl'aan
ta'al- tth'ät
ni- i- in- shyah
tah
hǫǫ't'eey
gǫǫ
ha- aa- tthiit
chih
łuugn
shyiit
än'
t'axoh
dänh
hi- ts'it- nay
na- h- tet- deeł
ni- thoo
wood
uu- ton'
ay
da- nįį- shyah
shyiit
nįį- shyah
ah- dogn
iin
nee- naattheh
chinh
kon- thüh
na- hel- süü
hǫǫ'
s- tsǫǫ
ena'
n- t'ay
chaay
k'ahdu'
ya- he- dak
t'axoh
iin
dii.xa
ak- tsänh
danh
t'eey
doo
dį'
atdüh
laura
ni- nįį- shyah
łąą'
ts'oo
ut- sǫǫ
t'eey
sh- ǫǫnüü
ts'ihǫǫdąy
tthi- nįį- shyah
skin
noodlee
ts'exeh.gaay
tl'aan
k'at'eey
kon'
nii- shyeey
ts'igąągn
ketl'a- a- tsi- keek
dii.xah
ay
ah- däł
eh
ch'ale
that's
eh- tsįį
na- hol- nek
na- hol- nagn
a- na- dog
ki- 'įį- shyah
uh- haal
so
dii.xa
the
hu- 'eh- nih
hǫǫ'
k'įįy
nts'ąą
tah
tl'aan
nee'ihuushyaak
tuu
ay
iin
k'it
ch'- h- deh- 'ąą
hąą
ay
ayt'oo
ay
k'it
shįtl'aa
sh- 'aat
n- t'ay
k'įį
danh
hugn
ki- 'ih- shyah
ts'exeh.gaay
nuh- shyah
that
duugn
t'eey
gǫǫ
nah- 'ogn
u- shyiit
hu- ts'- įį- xąą
tat
uu- te'
ch'oondaa
xah
teejuh
t'oot'eey
dzelt'eh
of
taathüh
k'at'eey
n- kah
ch'i- k'ah
ishyiit
yamaagn.teeshyaay
saay
choh
i- dzeey
du'
sǫǫ
eh
translate
di- dhal- tth'ih
noo'
yi- neh- 'įh
tadziił
nan'
danh
eh
doo
ha- 'ogn
įh- tsänh
k'e
hǫǫ'
tthitu'
ay.tl'aan
y- uu- nih
that's
tuu
sh- aadeh
chih
a- degn'
ay
t'axoh
hih- neh- tsayh
you
nay
na- tset- dek
na- hii- tnet- dagn
m- ǫǫndaa
hih- del- tth'ii
dziin
ts'änh
sh- ǫǫnüü
tsin'įį
mb- i- 'ish- nayh
ninįįdeel
t'oot'eey
s- tsǫǫ
dzi- hel- shyeeh
his
t'eey
de
everyone
nee- k'įįl
dį'
tl'uul'
language
ena'
iin
sh- aa
ee- dlah
nee- k'eexaagn
yamaagn.teeshyaay
suu
nts'ą'
jah
hįį- tsuul
dear
ay
doo
tah
hii- taa- 'aal
mb- eh
yamaagn.teeshyaay
shyiit
ta- ne- dhagn- 'ah
nih
k'eh
noo- tet- łe'
ch'i- thüh
mean
eh
ay
ay
ch'a
ts'exeh
nił- 'eh
nak- 'įh
eh
n- t'ay
yįį- łaak
diniign
nsǫǫ
t'eey
u- nts'ą̈'
ishyiit
roy
ts'ist'e'
i- tah
ch'uljüüd
he
ts'änh
hįį- dląą
it
ah- shyuugn
t'eey
s- tsǫǫ
hii- eh- nih
choh
hospital
hunh
na- ah- degn'
nt'eh
hedį
natlüh
hii- taa- 'aał
xay
hǫǫ't'eey
hii- k'eh
dits'än
laalil
chih
na- n- ch'- ts'įį- 'aał
dhįį- dah
hih- del- tth'iik
tah
na- tuu- daagn
t'axoh
ih- haał
t'eey
k'ahdu'
hu- tsay
maggie
yi- nįį- dät
pack
s- tsay
įį- haay
łoohtedak
hitokovich
t'eey
hi- y- uu- niik
ha'
du'
nts'ąą'
jah
hanteey'
hǫǫ- łįį
is
hu- 'eh- nih
n- t'eh
ni- nįį- shyay
el- tsiin
hǫǫ't'eey
one
hii- teh- chuudn
ogn
sh- chil
eh
jonesie
ni- 'eh- nay
sǫ'
t'axoh
ch'itay
nts'ą'
maybe
yehniik
u- nįh- 'įh
ki- 'ih- shyah
ǫǫ
t'oh
ts'iikeey
jah
łi- gaay
du
yii- got
ki- 'įį- shyah
ee- tįį
ch'a
łahtthagn.nts'ą'
łaakay
u- ts'iniin'
ha- noo'
t'eey
na- nih- shyay
s- tsǫǫ
hi- nih
iin
t'eey
t'eey
hu- nąą
tsǫǫ
na- tįį- daag
and
ch'įį- thoh
di- kąy'
tąy
tah
yehniik
na- hut- łįį
naxat
and
tatlogn
tat'eey
ay
du'
dą'
nįį- deeł
hiiy- eh- niik
don't
ch'- hįį- xąą
natnįl'įįł
ts'įį- łįį
ch'i- tl'aa'
du'
tee- shyah
ch'a
sh- i- nǫl- jidn
el- tsįį
ha'
u- ts'iiniin'
dą'
medicine
jah
na- h- tet- deeł
ena'
i'm
deh- tįį
ch'i- dheh- xeek
ayt'oo
heh- xaan
dǫng
ha- įį- nak
ch'a
ǫǫ- łe'
hi- 'et- nąy
u- del- kan
nii'iaa
u- neh- 'ąy
k'a
tah
yaatthan'
my
iin
taag
tthi- gąą'- dzel- shyah
s- tsǫǫ
m- ǫǫsi'
ay
eh
ay
i
ush- naan
k'ahdu'
keey
and
kind
na- 'įh xeeł
n- naagn'
dzįį- tsįį
nts'ąą'
hih- dii- tth'ak
tet- dät
įį.tah
hu- łiign'
tsät
an
k'ahdu'
ch'a
łaakeey
heh- tiadn
k'i- na- ts'in- deel
hii- shyiit
ch'idiitth'ak
tl'aan
iin
ndee
n- soon
nts'ą'
hǫǫ't'eey
tah
ishyiit
u- nąą
hu- nąą
ts'iikeey
na- hǫl- ndegn
eh
nih
m- aa
eh
ay.tl'aan
ch'a
chih
k'eh
dzelxoo
ay
iin
skidǫǫtiiy
s- tsǫǫ
na- huh- shyiign
nduu
du'
t'eey
t'eey
eh
tak- teeł
tįį- xaan
di- dia'
did
ch'i- dia'
ee- dah
it
sh- nąą
how
tl'aan
know
sta- 'el- thät
e- tsah
t'eey
shyah
ch'a
josh
hu- xol'
k'at'eey
aadał
ch'ale
hi- 'et- nayh
tah
tagoh
än'
ch'i- duu- ni'
nän'
tah
hih- tee- t'üüt
come
save
ay.tl'aan
t'eey
jah
dänh
hih- dii- tth'ak
maagn
hu- t'a- hee- deeł
i- nii- nįį- thänh
ay
tah
shyąą
k'at'eey
tthee
k'eh
na
eh
sh- dia'
t'eey
kind
hǫǫ'
sh- dia'
du'
ch'a'
life
xah
ch'itay
ha- dih- 'ąą
hugn
ts'exeh
shyįį'
t'eey
hǫǫ- łįį
eh
tah
na- hnįį- naa
nee- tąy'
iin
ay
y- aa
xan
ch'a'
iin
t'eey
naan'
łąą
kah
dänh
ts'a- 'el- tsiin
nee- xah
iin
tl'uuł
du'
jah
degn'
ch'ale'
ishyiit
k'ąy'
taathüh
ąąą
k'a
tsin'įį
because
there
sǫ'
dąą'
eeł
hįį- xaan
shoh
iin
and
'
ta- dhih- tįį
įh- tsayh
ha- na- ts'at- deeł
tuu
iin
du'
na- hol- ndegn
chih
eh
potlatch
shyiit
hǫǫ- t'eh
ts'anh
t'eey
xah
that's
di- ts'įįkeey
u- neh- 'ąy
neexon
hǫǫ- łeek
shin
when
ni- hnįį- naa
na- nel- tl'ǫǫ
dą'
na- hol- ndii
łahtthagn.nts'ą'
shyah
t'axoh
maggie
duugn
tsǫǫ
tl'aan
dįį- łaak
ni- nįį- shyah
sh- nąą
ay.eh
t'eey
nił- 'eh
t'odįht'ay
gǫǫ
s- tsǫǫ
hu- dzaa- nił
shyįį'
t'axoh
ni- nįį- shyah
time
ti- haak
u- k'eh
hu- 'eh- nih
nts'ąą'
ch'- aadeh
eh- dayh
u- 'aat
du'
doo
ch'ah
jahxan
you
tl'oh
chih
nadįhtįį
ła- et- 'aak
ts'i- dį'
na- teh- xeel
dziin
a
eh
n- shüü
paid
łat
chi- nogn- 'įį'
tah
t'eey
t'eey
hu- na- degn'
degn'
uu- niik
john
jah
ishyiit
scottie
kol
na- tsee- 'aal
ti- dhih- te'
taatsąą'
ishyiit
ha- ts'i- łeey
łąą'
ay
nts'aa'
du'
xah
ha
ch'- i- naa- dał
ee- nih
sh- nąą
call
hih- neh- tsiik
neexon
know
jahxan
taathüh
xah
ładehk'ąą
ch'aldzeek
hu- taagn
sh- aa
t'eey
eh
man
u- neh- 'ąy
tl'aan
gǫǫ
hi- 'įl- nąyh
eh
manh
hǫǫ- heey
t'axoh
ts'änh
tl'aan
nih
tl'aan
ah- naat
eh- tsįį
hǫǫ'
łahtthagn.nts'ą'
t'eey
y- eh- nih
ay
tl'aan
nt'eh
ah- shyuugn
sh- dia'
dąą'
nts'ą'
hu- ta'
jah
sh- 'aat
t'eey
na- h- di- tįįk
ee- 'ąą
y- eh- nih
ch'a
shyįį'
daa- yi- nįh- deeł
ch'udzüüt
ch'ale
tl'aan
įįjih
u- ts'ą'
iy- eh- nih
ee- dah
ts'e- dlah
tat
kahol'įį
ts'exeh.gaay
him
t'eey
keey
tl'aan
iin
tayh
u- ts'ädn'
choh
nih
hah- 'ogn
dii
sh- dahdzäl'
y- aa
ts'exeh.gaay
na- hol- ndegn
y- eh- nih
t'eey
'
dak- 'įįgn
ts'ayy'
ts'iikeey
hu- hįį- xąą
hi- nih
t'oodįht'ąy
nee- tl'a- yi- tah- chik
du'
n- t'ay
įį- da'
hedloo
we
dii.t'eey
ch'i- xia'
k'ehohdet~tsak
tay'
ch'i- tah
hǫǫ't'eey
n- shyaats'e'
tah
naan'
tsat
danįįmbaal
ts'i- dloo
ay.eł
k'eh
nih
naki- det- dät
mb- elsüü
hii- eh- nih
iin
jin
ni- hǫǫ- thädn
na- thuu- 'eh- tįį
u- neh- 'ąy
ts'įį- łįį
t'eey
na- ts'at- keel
įį'eh.tah
y- aa
shche'
nelkon'
nįį- shyah
people
iin
nįį- shyah
ay
h- an- ts'- uh- t'üü
ti- nįį- mįį
annie
hiiy- eh- gąy
tl'aan
where
nǫǫgaay
niit
nurse
nel- jit
t'axoh
n- chaa
na- 'įį- thät
k'i- det- xoł
talk
lunch
nee- 'eh
ay
k'ahmänh
kah
e- säl
jin
t'eey
k'a
uu- te'
nay
hah- ne'
tl'aan
hugn
t'axoh
u- dayaan'
hǫǫ'
aa- haał
jah
eh
hi- hǫǫ- heey
tah
tl'oh
ąą
nts'ą̈'.t'eey
hǫǫ'
nįh- 'įh
ha- dee- 'aa
hah- degn'
nǫǫgaay
t'eey
mb- ookol
anohshyuugn
xah
eh
chih
ni- nįį- shyah
eh- niik
translate
na- thuu- heh- te'
hah- noo'
ay
nih
tuu
ay
end
where's
t'eey
iin
hǫǫ- łįį
t'eey
ay.tl'aan
na- tak- tįįk
hah- 'ogn
ts'exeh
tsin'įį
m- aa
na- nel- 'įįk
ch'ik'on'
and
shyįį'
t'axoh
hah- 'ogn
id- dish- nih
hǫǫ't'eey
tah
shin
mb- i- 'ish- nayh
tah
little
eh
chih
na- tset- xeek
ishyiit
nii- thaadn
tah
eh
ts'- nįį- deeł
ts'ät
aa- haał
su'
t'eey
na- shyign
tsiyuhthiit
hǫǫ
da'ehhaagn
iin
kah
hu- t- nįį- deey
niimbaal.shyah
iin
än'
oh
bible
ay
hugn
k'at'eey
ay
ay
nigger
t'eey
h- a- h- jel- shyah
tree
shin
tl'aan
eh
t'eey
sh- ih- nay
hu- ts'ą̈'
nǫǫgaay
hu- ts'ą'
na- 'ih- te'
na'
ni- 'i- haak
iin
chih
hi- ts'i- ts'et- niign
tah- dak
tl'aan
shiin
tsin'įį
ch'a
t'eey
ts'ist'e'
southeast
hii- dheh- xįį
ts'i- hok- dąy
łaan
- neh- tsayh
ay
tl'aan
ts'iniljidn
nän'
dih- dlaał
ch'a
n- dia'
xia'
sh- aak'ay
ts'ist'e'
di- shyah
nahugn
eh
k'ahdu'
hu- 'eh
or
ch'uljüüdn
sh- aadeh
del- gayh
tah
shin
sh- ee'eh
dineh
s- tsay
xah
dǫng
ddhał
ti- keek
k'įįy
dįh- tüü
ts'änh
n- ts'iiniin
eh
ti- nįį- dlah
łakaay
nts'ą'
hii- 'eh
ch'i- dhįh- xįį
t'eey
ts'igąąk
want
around
nts'ą̈'.t'eey
shiin
hi- hǫǫ- heey
where
nee- kah
dah- k'aay
ch'itay
ts'įį- łiin
dzina'įįshyah
shiy
xeeł
sta- a- ch'i- h- deh- tįį
nän
du'
da'
ee- day
tl'aan
shyii
tl'aan
hu- naan'
''
keeyjiidn
ts'exeh.gaay
dą'
n- t'ay
iin
jah.dugn
ntl'a'ihdlah
hi- het- nay
s- tsǫǫ
ah- tthän'
t'ǫǫt'eey
dhelxiin
s- tsǫǫ
iin
niign
hah- noo'
chih
ts'ehotįįl
northway
ts'oo
nday
ya- thaa- 'eh- thaak
dzänh
tl'aan
tuu
just
t'eey
t'oot'eey
nahtsayh
u- dzeey
k'at'eey
s- tsay
ninįhshyaał
they
ay
xah
k'ii- hiiy- i- łeek
tl'aan
shnaahaał
hu- 'eh- nih
nts'ąą
ts'ą̈'
sh- nįį- 'üh
nee- hih- tdaa- tth'egn
k
tat
du'
ay
le'
nuun
n- xah
like
ut- sįį
ay
y- eh- nih
ni- ch'i- nįl- 'įį'
eh
łahtthegn
k'eh
xah
hǫǫ- łiin
du- naan'
eh
ni'į- h'aay
di- ts'iiniin'
ay
charlie
di- chaay
they
ah- ne'
nił- tah
shiy
ch'a
eh
and
nił- 'eł
hi- ts'et- nąy
marie
dänh
sh- lįįgn'
dlok
naak
nih- thänh
dįį- 'ah
iin
dah- negn'
doo
tah
and
ch'a
üh
iy- eh- nih
gǫǫ
nił- 'i- h- det- nih
nts'ą'
nche'
ddhał
shyiit
k'ii- deh- tsał
sh- įh- tįį
t'oot'eey
ay.tl'aan
chih
ah- tthän'
ts'iiniin
sh- ee'eh
ee- dah
nih
t'eey
da- degn'
ch'itay
ch'a
chih
dį'
neexon
jign
hǫǫ'
k'it
hǫǫ- 'įį- dląą
na- xa- ch'- ih- del- shyeek
xah
du'
ohįį
hįį- t'ay
ts'änh
shyįį'
m- uu- tee- łe'
eh
dah- dąy
na- h- dįį- tįįk
eh
sh- nąą
nah- degn'
that
ay.eh
nih
hel- tąy
di- chaa
tatxol
they
iin
u- neh- 'ąy
chuyh
dį'
taa- 'aał
ts'at
iin
gee
just
sh- naa- haal
ch'i- kon'
daht'ay
k'ahdu'
iin
t'eey
nts'ąą'
nah- 'ogn
hu'an
ay
tl'aan
ho- h- neh- 'ąy
ts'exeey
never
eh
u- naagn'
t'axoh
hǫǫ- heey
du'
hiiy- i- t'üü
tah
sh- ǫǫndaa
jah
hut- tsah
na- tnat- dagn
tthi'
bothering
ay.eh
dą'
na- tih- daał
tl'aan
sh- ttheh
oh
t'eey
carl
ay
hasaa'įį'ąą
negn'
hugn
ay.eł
jah
hiiy- i- dlaak
s- ts'ą̈'
ni- i- nat- deel
ch'itay
nat- set- keek
hut- shya'
hǫǫ
daanįįdaayh
na- aa- daał
hah- nǫǫ
nuhxon
nih
hih- nee- haal
duka'
shyiit
ch'a
tah
shyiit
yet
k'eh
a- degn'
ay.eh
iin
joe
dzi- na- al- tthat
nuh- ts'ąy
sh- ttheh
k'it
nih
hanteey'
right
hih- del- tth'ii
nts'ąą'
danh
di- dia'
taag
chih
ts'itakthał
hospital
hu- chil
ch'- ookol
ahąą
dadhįh'iin
mosquito
nii- dii'- ąą
hu- naan'
chih
di- dhal- tth'ih
eh- nąy
nih
ts'änh
nti- dhak- xeh
ay
ha- noo'
d- aa
yenih
t'eey
ay.eł
tl'aan
y- eh- nih
ch'ehłaan
tl'aan
iin
hah- dogn
t'eey
you
or
xayh
he
noht'aagn
naagn'
t'eey
tl'aan
shdįį- nay
eh
ch'i- dheh- xįį
hel- t'eh
hu- ǫǫsi'
ni- ee- shyah
too
įį dah
t'axoh
sh- eh
dashyign
shnänh- t'agn
ch'ishyuuy
nduugn
xah
deg'
mänh
łaan
kon'
chih
t'eey
naagn'
t'axoh
dąą'
du'
ay
ya- h- nįį- shyeek
da- 'ee- dah
ah- dogn
aa
choh
nat- set- keek
noodlee
dii- tth'ak
it's
noodlee
ch'aa'imbeek
ts'iiniin
tl'aan
ha- na- 'at- shyay
tuh- shya'
n- h- taa- t'üü
iin
gǫǫ
du'
ay
ts'a- nii- il- t'e'
u- tih- nak
shyah
ts'idąy
ch'a
xay
na- h- tet- naa
mb- aa
nts'ą'
t'eey
itsü
įį.tat'eey
na- tset- dek
ddhał
hi- in- nay
du'
eh
xah
tl'aan
t'eey
ts'exeh.gaay
ay
that's
naynehkon'
an
n- düüh
hu- nak- 'ąy
ih- dloh
danh
ch'a
na- tel- 'oł
xah
eh
t'eey
t'eey
jah
hih- t- e- e- dak
ni- h- nak- nąyh
ch'a
ishyiit
nih
sh- nąą
ay
naagn'
t'eey
aanah
ha- nugn
huug
that's
łaakay
da- nįį- shyah
ne'
nił- k'i- dzal- shyah
ch'ishyaan
ah- negn'
i- neh- 'įh
dą'
chih
eh
noo- tat- łeel
ts'iiniin
hi- xaan
huhneh'įh
hahnoogn
noot
ski'- įį- mbįį
ha- jel- shyah
hu- xah
n- łiin
tah
ts'oo
hanteey'
ishyiit
iin
t'eey
keey
ni- nįį- shyah
titus
why
niit
tee- shyah
sh- ee'eh
nee- he- niik
dii
eh
iin
thaa- hih- taa- dał
le'
ch'ale
eha'
dih- t'eh
k'a
ha- a- nat- deeł
t'oot'eey
i'ishnayh
s- tsąy
t'eey
daa'- in- shyah
ts'at
k'eh
k'at'eey
ch'- hih- k'aay
y- eh- nih
nan
laughs
nts'ąą'
ih- haał
xah
t'eey
hu- tee- łe'
u- naagn'
du'
shyiit
aa- haał
mänh
noo'
alkał
i- ch'a
chih
tl'aan
t'oh
udzih
hih- del- tth'iik
k'at'eey
he
ch'a
tih- daał
sh- ǫǫsi'
carl
man
laalil
ch'įį- dlah
ch'- it- nąą'
k'a
chih
u- thaat
hǫǫ- nąy
y- eh- nih
ts'änh
k'at'eey
tüh
na- h- tet- deeł
k'ąy
like
ski- nuh- ttheeyh
k'at'eey
ahugn
na- hat- keeł
ch'ah
ski- i- hol- shyeek
time
chih
ay.tl'aan
ch'a
shyiign
hugn
ha- noo'
ee- dlay
i- haay
łahtthegn'
hiiy- uu- si'
nts'įį- ni'
ay.tl'aan
sǫ'
gǫǫ
k'eh
i'm
hi- tish- nay
iin
shyįį'
hǫǫsǫǫ
sta- a- hit- dek
del- tth'ii
ndegn'
nih
a- nogn
nah- dą'
ch'uukagn
di- 'aat
ch'i- dänh
dzänh
nih
na- ts'in- deeł
shyiit
hu- ts'ą̈'
dǫhtüü
łahtthagn.nts'ą'
h- i- in- nay
sh- eh
diaa
ay
ch'a
na- huu- ts'eh- tsįį
ay.tl'aan
duugn
tat'eey
tuu
- xąą
jah.dugn
nts'ą̈'.t'eey
tah
hu- ts'adn'
eh
hǫǫ't'eey
t'eey
k'ahdu'
iin
eh
deh- tąą
tay'
di- tthi'
hu- 'a- tdah- niil
hu'- ah- xąą
dąą
hih- del- tth'iik
negn'
hǫǫ
hu- ts'eh- 'įh
ol
n- t'ay
hu- 'i- huu- shyaak
di- keey
hanteey'
nän'
shyiit
he- sal
ha- 'ogn
they
hǫǫ'
iin
kol
a
ha- ah- niit
ay.eh
sh- nąą
hǫǫ'
s- tsay
t'eey
hedetsah
kon'
ishyiit
kǫ't- hüh
hǫǫ'
diniign
dheh- xįį
ay
iin
nahtän
du'
ch'a
ch'i- xia'
ah- tthuugn
t'axoh
hudįįkeet
naltthał
tth'it- oh- tl'ädn
t'eey
martha
t'axoh
ch'ale'
na- 'įį- daał
du'
t'eey
sh- eh- nih
ch'- i- łeek
hii- eh- nih
sh- hi- nih
eekeh
sǫ'
chih
nee- shyah
m- eł
ts'įį- łįį
tl'aan
ay.eh
įį- mbeeł
ch'i- thüh
shyįį'
delt'äl
niithaadn
hu'an
ay.tl'aan
shyiit
what
mb- aa
they
'än
k'at'eey
eh
nee- naattheh
k'e
noo'
di- 'eel'
jah
doo
mb- aa
na- tee- xeel
sh- aa
keey
ay
tuu
nah- 'ogn
hih- dįį- tsįį
xah
jiyh
jah
deh- taag
ay.tl'aan
shiy
nia'
tah
s- tsǫǫ
gǫǫ
shyiit
įh- kon'
tah
n- aak'ay
tah
ch'- aadeh
tl'aan
nak- įh
ishyiit
k'at'eey
nee- 'eh
hǫǫsu'
ti'atnda
t'eey
tl'aan
sh- nąą
idehtsiit
ena'
ch'itay
tthee
oh
creek
hǫǫ'
nee- ts'ą'
- hǫh- dąy
t'eey
nts'ą'
nduuk
ch'a
tuu
xah
shyįį'
k'at'eey
dii
k'it
y- aa
hu- h- naa- dał
t'eey
k'u- dal- nąy
hu- ch'a'
dok~'įį'
hu- 'eh
nts'ąą
laughs
s- tsǫǫ
iin
in- nay
hat- shyąą
jin
sh- nąą
ee- dah
nahk'ade
sh- ttheh
sh- nąą
dänh
hu- 'eh- nih
keey
ch'itįįł
ni- hnįį- deeł
t'ah
mb- ookol
yi- hǫǫ- keet
du'
ih- dloo
'
scottie
hǫǫ- łįį
k'at'eey
tl'aan
t'oh
mann'
t'axoh
hu- 'eh
ts'uu- dį'
kah
jah
che'.t'iin
t'axoh
noogn
k'a
na- tset- deeł
ch'a
hu- 'eł
įį'eh.tah
ay
eh- nih
t'eey
y- eh- nih
t'eey
ts'exeh.gaay
įįłįį
dii
iin
s- tsǫǫ
ee- tlayh
taa- haał
xał
dhindah
ch'ikol
tsüü
hah- 'ogn
dänh
kahdu'
nithoo
hǫǫ'
u- tüh
natetdaak
i
tsin'įį
jah
du'
nts'ą'
ay
ła- dee- k'ąą
ay
tah
nįįdia
ni- nįį- mįį
nil- jiidn
ts'exeh.gaay
y- eh
ts'i- dloo
ay
ęę
aa- tiil
tsǫǫ
na- n- nak- tiin
hǫǫ- łįį
nee- ts'ą'
m- ǫǫndaa
nts'ą'
dąą
t'eey
xah
sh- chil
shyįį'
feather
ts'ąy
john
doo
sh- nąą
ay
shinaltthał
le'
nduugn
t'axoh
ay
iin
ay
nee- 'eh
hihdetsiik
lah
s- tsay
ay
carl
ch'ale
mb- aandah
hǫǫ'
hu- u- et- sih
ch'itay
an
hǫǫ- łįį
shyįį'
ishyiit
duk
dzi- hel- shyeeh
nts'ą'
uu- łe'
sh- ee'eh
ishyiit
u- dagn- dįį'
ts'almbeet
ts'anh
sh- chil
ay
but
u- k'eh
bus
t'eey
nih
dia
ay
t'eey
ay.tl'aan
u- del- kan
that
no
'high
he- dąy
hǫǫ- chaa
nuh- 'eh
ts'igąąk
uudih
jah
u- dia'
t'eey
teek'ät
s- tsay
tleegn
sh- eh- nih
aa- haał
mb- ookol
i- neh- 'įh
du'
utth'an
k'it
nok~'įį
hiiy- uu- deel
chih
dahdzäł
k'it
chinhshyiit
łuugn
tthitohnia
that
shyii
i'elnąy
ishyii
hįį- łįį
ts'iikeey
hǫǫ'
shdineey
na- hut- łįį
mb- aa
tel- tįį
ena'
that
naa- 'aa- daał
ch'a
mb- eh
k'it
tl'aan
sh- ǫǫnüü
ch'a'
hu- 'eh
tuu
hǫǫ- t'eh
sh- aadeh
tl'aan
t'eey
ah- naat
i- gaan'
hadel'ąy
tth'an'
tthi- dįį- duuh
ti- dhih- te'
łą
that
na- dįh- nay
nts'ą'
nee'eł
know
al- tthäł
chih
du'
tąy
ch'itay
t'eey
hu- ne'
tthee
t'axoh
tl'aan
ts'etnaa
ay.eh
or
respect
ndee
xah
jah
aan
t'oot'eey
na- n- ts'uu- 'aal
at- shyąą
doctor
i- theegn
h- i- agn- nayh
sdzi- hǫǫ- 'ah
shyiit
eh- tsiin
dänh
nuh- 'eh
tah
keey
tah
nee- 'eh
ch'i- nįį- dät
neetehmbiil'
come
eh
ts'eegn
tuu
hǫǫ't'eey
taagn
hugn
u- kol
nuh- 'i- ch'- u- t- nak- 'įįł
ttheh
na- uu- nayh
aa- haal
taatsąą'
ch'i- xia'
ch'a
du'
ah- ne
ih- dloo
hii- yil- deel
sh- nąą
ee- dah
yidaltsat
dineh
hǫǫsǫǫ
nee- shyi'
n- ts'iniin'
natuhshya'
hǫǫ- shyąą
daay- nįį- łeeyh
yi- maagn
tl'uuł
ch'a
dų
noknia
hu- nąą
nt'eh
łuugn
da'ihhaay
chih
t'aat
di- k'ąy
nee- he- nih
ch'itay
ch'iliitthoo'
nǫǫgaay
iin
jin
u- nįį- k'ul
hiikooneta'
shyiit
aanah
yi- chi- jel- nih
sh- eł
hǫǫ'
t'eey
tat'eey
nt'eh
sh- kąy'
sh- dia'
y- eh- nih
iin
hu- ch'a'
ni- dįį- łeey
noo'
i- na- h- dįh- 'üüt
y- eh
da'
m- ǫǫsi'
ch'ale
hih- neh- shyąą
k'ahdu'
an
t'eey
nahk'ade
uts'įį'
nithoo
eh
ch'itay
ch'iithoo
hǫǫ't'eey
neexon'
dal- than
eh
it'anįltthat
chih
sh- nąą
nǫǫgay
hah- 'ogn
saak
xah
na'
nee- shyah
t'axoh
sh- chil
k'it
eeł
i- dhagn- nüh
t'a- ch'- įį- shyiił
jign
dį'
y- eh- nih
tth'idhalt'ay
hadil'įh
charles
hi- dąy
tah
chih
t'axoh
ay
du'
dą'
look
eh
di- k'e
little
uułe
jah.dugn
ishyiit
jah
hǫǫ'
eh
ts'ist'e'
mann'
eh
tuutįįł
jahxan
hu- xah
hǫǫ'
ishyiit
tsin'įį
''
dan
nee- 'eh- nih
ch'a
nih- tee- dak
hi- ch'- nih- that
shyįį'
du'
ts'ist'e'
nts'aa'
diniign
tah
dah
k'it
tąy
shiin
shiy
ch'i- dänh
nche'
na- tuu- daagn
nee- xah
ni- na- ts'it- dek
it
and
t'eey
n- łįį
du'
tah
nih
hugn
mänh
ay
du'
hǫǫ'
u- naagn'
łuugn
di- nąą
gee
xah
eh
y- aa
my
da- dįį- nih
hu- tih- haał
le'
hǫǫ'
k'e
know
u- nah- 'įh
na'i- thädn
na- ts'u- tal- negn
tuu
carl
k'it
dą'
hu- 'i- h- huu- shyaak
y- eh
du'
sh- oonüü
tat'eey
hi- agn- niiy
m- ǫǫndaa
ch'a
ch'ishyaan
ya- he- dak
t'eey
i- ee- chia
i
tthi- dįį- duuh
ch- ǫǫndaa
nts'ą̈'.t'eey
ay
hu- xah
naa- tdįl- shyeeł
ay
shi- nee- haał
įį'eh.tah
ch'a
le'
tah- 'aal
heh- tsay
sh- dia'
d- uh- ts'ąy
łoo- dzaa- łeeł
kol
na'atdał
teełąy
with
k'eh
dą'
iin
du'
di- ke'
łąy
ch'i- dia'
y- aa
nah- 'ǫǫ
leave
eh
nateltthat
u- di- dhįl- kan
sh- eh- niign
sh- dia'
de'.kah
ts'exeh.gaay
nah- 'ogn
ts'eh- łegn
ddhäł
jahxan
tthee
u- shyii
nts'ą̈'.t'eey
chi- ch'i- del- tįį
el- tsiin
oh
nee- 'eh
hu- shyi'
ay
xah
hǫǫ't'eey
t'eey
hu- shyi'
hǫǫ- łįį
iin
hǫǫ't'eey
oh
nahiitnetdak
dzel- tth'iik
ch'idanh
tl'aan
t'eey
they
usak
tsee- deel
my
ay
na- t- nal- 'įįl
ii- suuy
u- shyiit
ay
ihtay
sh- i- nol- jidn
ay
jahxan
hiinaadał
oh
taathüh
hu- nts'ą̈'
t'axoh
eh
ch'at- nąy
ts'iiniin
ay
ut- sǫǫ
da- 'ee- dah
hǫǫ- łįį
dąą'
hǫǫ- łįį
ts'ikeey
na- del- thayh
na- tset- deel
they
ch'itay
sitka
nän
k'at'eey
dih- k'ąą
sh- aa
ǫǫ- dla'
high
ts'ist'e'
na- 'al- tth'ät
n- dih- nay
xah
y- eh- nih
eh
įh- tsayh
swan
sh- eh- nih
ts'axoh
du'
iin
a- negn'
ay
ishyiit
ay
he
dineey
y- eh- nih
t'oot'eey
kon'
t'axoh
nts'ą̈'.t'eey
sh- nąą
ts'eh- tiat
tthi- hi- haak
hǫǫ'
ay
ndee
k'ina'el'įį
t'eey
ishyiit
tah
di- xa
kon'nia
eh
ch'at- xąąh
ts'exeh
dits'än
el- tsiin
hu- 'eh
ch'iliitthoo'
ts'ist'e'
natnet~t'ah
ay
eh
xa'
nän'
uu- łe'
u- tdįį- nįįl
degn'
gǫǫ
dii
tah
t'eey
shoh
a- shyign'
ch'aachin'
k'at'eey
ch'a'
ch'a
t'eey
huu- kol
tah
hǫǫ- t'eh
tay'
du'
nan- tah- shye'
kelahdzeeh
call
shyiit
tl'uuł
da- nįį- haay
iin
ch'a
jign
xah
song
eh
t'eey
iin
let
albert
ishyiit
łuugn
ts'iiniin
nił- 'i- ts'e- het- niign
t'eey
iin
taagn
f
ts'exeh
tah
hǫǫ- łįį
na- ch'ah- 'aał
de'.kah
hǫǫ- łįį
hel- t'eh
t'axoh
ay.eł
shyįį'
del- gay
ditsǫǫ
nee- 'eh- nih
ch'ale
du'
uh- ha'
dąą'
he- hu- tįįł
ay.tl'aan
k'at'eey
chih- day
eh
ski- i- hol- shyeek
tuu
ch'itay
k'įįy
iin
oh
nts'ą'
na- 'in- kįį
ni- ee- shyah
nah- i- t- n- e- t- dak
bird
tah
chih
noodlee
k'it
ay.eł
hi- ts'e- het- niign
u- taa- łeel
łąą'
da'
di- kąy'
tth'aak
eh
bad
ha- a- dogn
ay.eh
hi- hǫǫ- heey
ay.tl'aan
tl'aan
sh- ch'a'
t'eey
ch'- ookol
yeah
ts'exeh.gaay
noo'
shti- dhįį -xeey
ukah
ay
t'eey
nee- xah
shyah
ts'exeey
hǫǫ'
ahnuugn
mb- i- hǫǫ- łįį
ay
eh
tay'
mänh
just
ts'exeh
ha'an
kon'
nuh- 'u- del- kan
hǫǫsǫǫ
nts'ą'.t'eey
tąy
k'ahman'
du'
ch'a'
tay'
hǫǫ- łiin
di- che'
teejuh
dǫǫ- dįį'
hi- 'et- nayh
ch'i- t'aa
t'ąy
of
hah- 'ogn
dąą'
tl'aan
ch'a'
still
ah- 'ogn
tl'uuł
olga
tah
guuy
hih- del- xoo
t'eey
sh- naa- haal
eh- shyüü
k'it
hu- ah- dǫǫ
t'oo
eeł
manh
na- tnet- degn
doo
xah
ch'i- ttheh
neh'ąy
a- na- shyuugn
tiki- 'at- dät
hih- tnee- 'įį
t'eey
ee- dah
ch'itay
nih
ishyiit
al- tthał
dahdzäł
shyiit
iin
eh
nee- 'eh- nih
saan
you
hu- dįį- ni'
ts'igąąk
diniign
nts'aa'
jah
diaa
sta- a- net- t'ay
nah- 'ogn
niithaadn
u- dzeh'ogn
na- ti- daagn
tih- dįįł
niign
hǫǫ- heey
ay
ts'exeh
i- tthi'
na- 'at- shyah
hayįįshyiił
ay
eh
xah
ch'itay
net- tl'ät
save
arrow
y- uu- nih
ay
m- ǫǫnüü
eh
hǫǫ- heey
k'at'eey
du'
łuugn
jahxan
tl'aan
sh- ǫǫnüü
tsi- dek
doo
di- 'aat
t'eey
yeah
ha- dul- thii
ni- ee- shyah
hiiy- teh- chuudn
he- tsaa
dänh
dindeey
ch'a
eagle's
nts'ą'
ts'oo
chih
back