nide
nâblo
lâ
nou
ba- ==nge
nâblo
ëbë
këdung
lâde
luga
pât
kä..
ngi
nâblo -kz
muöde
mölâ
lolvë -o ==kö
më
kâ
yagoä ëvë -ngö ==gö
badö
ä
mü ==mü
mëli
nyë ==dö
nëlu
kâ
tü- mâ ==pe ==kö
dapu.nâ
öpi mou -bë
mwä
më
te -o ==ä
lâ
yrlopele
lâ
da kâ
sâ-
badö
nwei'
kä.. - etu
ni- ==nge
waea
letë
nzrlwxngr
veranaso
kxxble
kâ
dötâ'
esë'täu
doa
na- mâ ==kö
ö- pi -bë
lâde
boksing
me
bäpië -pä ==
të- ö- längiti kai ==ngü
na- mölë ==
këdung
ä
skul
temë
sade
tü- ö- yö ==pe -bë
kâ
ö- pi -mü ==le
sâ-
ä
më
lëbü
dâkta
ölasë ==kö
mou
kâ
ibzti
- lvâ -ne ==ngü
tü- mei ==pe
më
sâ-
nâu
më
roman
mnâ -lë -ngö -m
kâ
kä..
elö
dâkta
më
na- ngü ==dö
kopuria
tu -ti -pä -ngö -mü ==
mr
nea
kio
tü- pi ==pe -mü ==le
muöde
nëwö ==de
da
tü- mâ ate ==kö
mepë
ä
më
xkcmule
amölä
da
skul
dëbe ==dö
nidö
sâ ==gö
muöde
vë -mü ==
mëli
badle
kâ
ne ==de
në- tao -kö
mwekati
sâ ==dö
bia
dzbede
yâ -ngö
ini
pawa
mölâde
nölâ
yëlu -pä -m ==le
nëwö ==de
tü- vë -tö ==pe ==kö
naonöä
na- yëutö ==pe
kâ
më
na- aelwa -ti -bë
dekâ
ä
kâ
bq
- okatö kë -pq ==lö
ëyagoä
rik
na- mâ ==kö
tü- yagoä
kio
kä..
elö
në- vë -kö ==gö
draea
më
të- ö- längiti ayönö
nyë ==dö
nëlu
kâ
- oliüti
ä
bznwz
kä..
kai
mölâde
lâ
në- siklu -ngö
ä
böngë -tä -tö
nouöla
mëli
ngö ==dö
tü- kipo ==pe ==
doa
kä..
saotzn.kros
kâ
sâ-
nëmu
mëli
älö
ble -ti -pä läblö -ngü
badö
të- ö- pi ==pe ==lö
löpë
ä
ma
ngö
më
dâkta
mëli
na- ka -bë
a'
mökâ
tü- pâ -o -bë
nike
ëbü
më
mölä
kä..
muöde
vë -mi -tö ==pe ==le
olvë kâ -ma
dötübö
saemons
nigö
doa
kio
tü- yâ -ngö
paumalepc
tö- në- aolvë pwë -u
nidö
më
lö nea
kä..
tü- ö- pi ==pe -mü ==le
ayönö
ä
në- mâ -kö ==nge ==le
ä
lâng
në- ö- pi ==lö
doa
gü
nide
sâ-
dekâ
nea
ö ==de
tü- do -tö ==be
në- wë -kö
mëli
kâng
doa
bom
ä
- öpwa' -ngö -mü ==lö
bagö
bxn
muöde
lapelzq
dëtu
kä..
kä.. topwë -ne
nëlu
më
külu -tä
këdo ==nge
kâ
tü- abë ==le
a- yëlu -mü ==le
kä..
tü- dwa -tö ==pe
kä..
bonego
ä
ä
dötwö ==gö
rik
sâ-
kä.. etu
ö ==gö
ulu
kâng
daniel
kä.. tü
kä..
ä
kä..
më
kä.. etu
kä.. möna
më
më
në- apütö -kö -bë ==lö
prkitq
löpë
jenwzri
kâng
tzngarare
nâblo
sâ-
tü- yökö -pä ==kö
ä
kä..
mëli
yëlu
töte ==nge
sâ ==de
këdung
a- mya
sâ-
lö
la -ngü
në- vë -kö ==gö
ncipx
kä..
topwë
satqlvebuping
ä
kä..
tü- tu -o -ngö -mü
më
më
doa
nöwä
läe ==nge
sâ-
kâ
tö- yâmne ==ka ==kö
kâ
tü- twë ==pe
kä..
badö
nölaö
në- skul -ngö
ne -tä -pä == ==ä
më
më
kxpipz
ä
sâ-
a'
tewa
boerger
kë
kxbq ==gö
kä..
tü- vë ==pe ==ä
peao
olman
kä..
nrngzte
atq
ni- ==nge
ma
temë
ä
- aki -ti -tö ==lö
na- ne ==ng
tö- tü- ka ==pe -mü ==le -u
elö
sâ-
a'
tü- etu
a'
kä..
bznwz
a'
më
peao
nëköka'ngö
töpnëngö
tü- lu -ngö ==gu
ä
nüvi
më
mëli
ä
kâ
da kâ
ni- ==nge
ä
muöde
leu
më
në- mnâ -lë -bë
leplë
roklip
tü- vë -mi -tö ==pe -bë ==le
ba- ==nge
yöpu ==pe
kâ
mübü
më
kâ
bagö
kâ
na- li ==kö
kä.. në- siklu ==ng
doa
ä
më
nar ==nge
josip
në- vë kë ==ng
etutxpxbz
neepipeelr
pöla
nenü
möka
töte
möka
köa- pwä
skul
oti ==amu
dötwö
kâ
tü- vë -ngö ==gö
müngö
kâ
peto
sâ-
tü- pöngei -tö
manyzkxnzyagoxng
këdu
badö
ëbü
yië
vë -o ==ä
milogo
vë
më ==te
- mâ ==pe kë -
köaesë'më
në- wë -kö ==gö
skul
bäki
kä..
në- atubü -ti -kö ==dö
më
mëli
sâ-
ä
leplë
tü- ya mou ==kö
këu
neke
lcglz
tü- ö- pi ==pe -mü
apu ==le
tü- ö- pi ==pe -bë ==le
tü- tu -pä -ngö -mü
bznwz
kä.. etu
kâng
bom
mökâ
-ngö ==gö
ngö
më
na- ma -pu ==pe -bë ==le
sâ-
ä
mzte.opx
wë -ngö -mü ==le
ëbë
popë'
nâte ==de
batrpz
me
nüvi
ma
dötwö ==de
nölâkäbü
sâ-
sâ-
dalö
enümi
sâ-
dzbede
lö
ä
kä..
nzbite
kâ
më
bznwz
yapwä -ti ëpwä -mü ==amu
ncnqmz
böma
yië
mâ -mü ==ä
mëli
newë
trpnz'~ngrde
në- rpna' -ki -pä -ngö
tü- vë ==pe
olvë
tö- wë ==pe ==le -u
kâ
xmrle
më
sâ-
flawa
meöikol
të- yölwö -ti -ne ==be
dâkta
lzpli
kä..
luga
mökâ
temë
töi
da
kä..
hou ==kö
më
bagö
vë -tä ==
mëtea
ä
ni- ==nge
ne
në- mnâ -pwz ==ngü
kâ
ä
më
- mâ
mzli.r.vea
më
tö- kü -o -mü ==le -u
ö- pi -bo
sâ-
trmctu.nci
etu
muöde
kâ
mnâ-kapü
tü- vo ==pe ==ä
kä..
täpwë
ökalë -mü ==gö
badö
ngöla -plä -pä ==kö
kâng
kâ
nâblo
tü- ale ==pe ==ü
mailë ==le
nibö ==gö
sâ ==gö
alankaula
esë'täu
tü- tu -lvë ==pe
ngö
bë
kä..
më
mr
kâ
ba- ==nge
kâ
kâ
ma
dötü ==gö
ami
yâ -äbë.ëbë -tö ==kö
më
ä
vë
lö
në- veati -ngö -mü
vaol
tü- yëlu ==pe mou ==ä
nide
filip
rlatir
muöde
ngö
tü- ö- yö -ngö ==ne
metrkrbade
na- mnü ==ü
boe
ö- ni ==pe ==ä
poi
dckta.foks
sâ-
naölue
kâng
doa
ayzprpeq
mnâ -ti ==ä
vë -mü ==
meöikol
kalë -mü ==amu
ngö
nzvo~krnge
ka ==pe
më
më
kcoporetiv.sosaeti
mëtea
të- yökö -o ==pe -mü ==ng
topwë
na- mnâ kapü -tö ==ng
ka
amu
në- pipä -lëbü kai ==ng
tü- yöni ==pe ==
a'
nëlu
badö
aâlve ==le
të- vë -o ==pe ==ng
kai
mâ -pä -mü
tü- wxliki -tä -pä
tölipu
kâng
më
ä
vo ==ä
sâ-
nigö
mzdealwx
da
më
më
më
mëli
nëlu
nigö
në- dwatö -kö ==dö
kâng
ä
ö ==de
inyä
tü- mâ ==pe -bë ==kö
kë
newë
sâ ==gö
këdu
mëtea
nâte ==de
vë
ä
ilede
më
elö
ä
nëelangö
mëli
nouöla
tü- pi -bo
nöla
la
nidö
ëbë
tü- vo -ngö
loule
- ataki
nöla
ä
këte ==de -ngü
tü- ngya ==pe
nibq
kâng
ma -tä -bë
lâdeng
mnâ -tä ==pe ==
nibö ==de
kä..
vea mou -mü
lâde
kâ
sâ-
më
kâ
në- ö- nibü -ngö
elizabeth
në- melë -kö ==me
töpengö
ä
nâte ==de
më
tü- ö- pi ==pe -mü ==le
kâma
ä
esë'
oti -bë ==le
nâbö
kä..
tü- mu ==pe ==kö
isabel
ä
lâ
më
tolo
ökapu
lâ ==pe
bznwz
leplë
c
löpëu
lö
- okatö kë -pq ==lö
yâpü -tä -pä ==ä
lö
kâ
natü
naonöä
badö
- bë ==ng
në- ti -alo -kö
boo
nëkü
kä..
dötü ==gö
më
mëli
käetu
mölë
- lë
dötwö
të- pe -o -ngö
dwa -o -bë ==kö
lâ
ëbü
sâ-
sâ-
yöpë -bë
dötü ==mü
- pna' -ki -pä mou ==lö
mëli
kâng ==pe
më
sâ ==de
esë'täu
sâ-
kä..
leu
kâ
kâ
da
töte ==dö
ayönö
këdung
olvë
kâ
tü- ngi ni -ngö ==gö
e
në- yapwä -kö ==dö
tü- vë -ki ==le
më
tü- ya -pä ==pe ==kö
në- köka' -kö ==de
jos
muöde
nâdö
peto
ä
nöla
të- tave -tö ==pe ==lö
milogo
kä..
më
më
teka -tö -tä -bë ==le
më
kä.. esë'
në- bü -tö -kö ==de
mrge ==kö
ä
paumalepc
meya
ne
ëbë
brenda
ka
tü- yövi -lä
na- prpx -ngö ==ne
nâtü
më
dakänëng
kâ
të- alvëtö ==ng
mëli
sâ-
tü- pi -ti ==kö
nar ==de
kâng
nide
mista
ayöplapä
ei
sâ ==gö
menabz
yati
taol
nyë
nu -ti -tä ==kö
balq
të- lolvë ==pe ==lö
dötü ==de
sâ-
sadrak
lâde
kâ
ä
na- vë -nüblü -tä pwë ==kö
kä..
lâsu
sâ-
banyapu
elö
ölilö ==gö
- vë ==ng
kölë -bë ==le
dötwö ==dö
nekulung
käkë
nëmu
julae
eke
tü- ö- pi ==pe -bë ==le
në- tekütö -lëbü ==ng
öläti -tö -ngö -bo ==le
lâsu
ä
pöla
asa
- pna ==ng
tü- vea ==pe -mü
ö- ngi batö -mü ==
ngzxbaukrbaule
nigö
ä
doa
läkü
ëbë
më
tü- pö -o -ngö ==gö
sâ-
kü -o -mü ==le
etu
lue
yië
dâkta
kâ
sâ-
kâng
nanyâ ==de
doa
ngö
vë -bo
tqtutrpem
älö -bë ==le
mëtea
kä..
tü- matü esë'ngö
jon
mölëväi -tä
ö- pi ==pe -mü ==le
ngö
ä
kâma
tö- mwi ëpwä ==kö -u
kä..
saotzn.kros
lue
sâ ==de -ngü
kâng
më
ni- ==nge
lâsu
kä..
sâ-
kâ
më
në- yököpä -kö -bë ==lö
mzlo.skul
tü- vo -tä -ngö pwë
kâ
ö- pi -mü ==le
kä..
ma
sâ ==gö
poi
badö
natqgu
më
kâng
në- glü -tö -mü
tü- ö- pi ==pe -mü
në- öyapwä -kö ==dö
da
vo -mü ==o
yölü -tä -bë ==le ==le
ka
nöâ
köa- li
mëlwe ==de
tü- yëlu -mi ==pe mou ==ä
blëmö
kâ
ne
ä
kâ
pöla
në- ö- lë -kö -bë ==le
nüvi
veranaso
nëpnu-esë'
ëbü
ä
kä..
ngö
na- ökalë ==pe -mü ==
sâ-
ö ==dö
kä..
kâ
na- ngelu -bo
mrlxkcmz'
niu.yiz
- kölë -tö -
më
nigö
më
kâ
elö
vxngr
ma
bwzng
leplë
a'
- älö -bë
bagö
tü- kawi - ==pe ==kö
ba- ==nge
na- mnâ -ngö ==gö
kä..
tü- mâ ==pe ==le
biukan
pulis
lqtx~atwrnrpengr
nöanâpo
nigö
ngö
kâ
sâ ==dö
më
mëtea
sâ-
mëli
menabz
wrtrpem
e
bokapwr
milëpü
më
kâ
të- angio ==lö
ngö
në- älö -kö ==gö
kä..
ni- ==nge
kâng
da
lâde
sâ-
a'
da
ëbü
- rpna' -o alëu -mü
mëtea
doa
melömü ==nge
ni- ==nge
ka
kä..
më
nanö
më
mya -së -pä ==le
kä..
nöpakämölë
tü- amölë
naonöä
tü- vëtö ==pe
nim
käetu
tü- ka -bë ==kö
vë -tö mou -mü ==ä
dölë ==de
- pötö kë -mü ==ng
mzdxmingr
mögâ
kämu
jon
kä..
eke
nëlu
angidö
yië
lâ
apu ==le
na- ale kai - ==ngü
önëlvë -o ==le
sâ-
natqgu
tü- do -tö ==pe
kâ
opäm
temë
ä
yököpä -bo
japan
nëmü
kä..
blökü ==nge
nge' -tä -bo
mële ==de
takitö -tä pwë ==le
nryagew -ngö
tü- yöni -ne ==pe kë -mü
muöde
badö
kä..
kâ
kâ
ngö
- tü -ngü
- ötöngö -ti -bë
kä..
katin
kä..
ita ==nge
mr
sâ ==dö
ma
- abötë -lvë ==lö
sâ-
lika
ngö
më
kâng
këdu
vëtö ==le
nëwö ==de
ä
më
nyë ==dö
ö- längiti
kä..
skul
lâng
ëbü
kä..
dötwö ==nge
dötü ==de
ne ==gu -ngü
möka
vë -bo
- vë -ki -o ==pe kë ==lö
vaol
tikopia
ka
naü
dötwö
kä..
dâkölëde
nâblo
kxnzmnc-mrbrng
läe ==de
tü- olë ==pe -bë
- mnâ ==ngü
kä..
ëlwë
savo
në- dwa -tö -kö ==gö
badö
amölä
oki
ngö
josip
kä..
kä..
më
më
nekeng
ka
bë
më
lore
nüvi
nâblo
paumalepc
yrpusz
kâ
nâblo
lâ
kâng
wë -tä -ngö pwë ==kö
kölâ
scbale
kâ
peto
ayönö
në- tao -kö
temë
nea
tö- mölë ëpwä -ngö ==de -u
kä..
nzo
kâng
ä
olvë
ma
ngxpipepwem
kâ
mou
sâ-
meayo
ö ==gö
maket
töpnëngö
kä..
nar
köanëlvün
kâ
dakänëng
dalö
kâ
dela
nigö
yëlu -mü ==ä
a'
mölë
mü ==dö
tzngarare
nöa
lâ
ami
muöde
nöpakämölë
merikz
lâde
ilztrkalr
banyapu
letë
të- angölo ==le
vëtö -ngö
mökâ
yökö -bë ==kö
kâ
thomas
boo
da
ngi
nounâ
ngö
kä..
neimö
a'
nigö
sâ-
löpëki
nide
dakänëng
muöde
mnâ
tömâtu
ä
në- wë -ngö
në- ayo -ne ==pe -kö ==dö
ä
abötë ==kö
kâ
mu -lë ==pe ==kö
badö
mëli
ëbü
kä..
kio
kâng
tqakya'bz
në- ö- tekütö -kö ==gö
ëbë
lâ
sâ-
kâ
parapolo
mëli
- mnâ täpwë
testimcne
dötü ==nge
sâ-
të- mnâ ==pe ==ng
nâblo
na ==gö
kâng
më
doa
mölë
na- ngi ==pe
këdung
yië
më
temë
peto
nüni
kai
nepa'
baengr
la
sâ-
më
ä
da
josis
lâ
në- wë -ngö
na- mnâ -ngö ==ne
kä..
në- ngini -kö ==nge
kâ
në- yâmne -kö ==gö
na- ngi
ä
xpikz
sâ-
mwa ==kö
ä
ä
mou
më
më
ukëlele
më
belo
në- ö- malvë -kö ==gö
nrngx
sâ ==dö
elö
nouöla
tü- kuki ==pe -ngö ==ne
këble
më
kä..
të- mnâ -ngö
dü
të- ö- tekütö ==ng
nzvzkinengr
ëbü
kä..
balo
kâ
dâkta
ëbë
merikz
bia
lö
nanyâ ==de
badö
tü- pnz' -bü ==pe ==le
kâ
- siklu -ne ==ng
lökö'
kâ
bötale
nëköka'ngö
- vë -tö ==ng
satqrpipebale
mölâ
ä
nëlungö
lö ==dö
me
amölä ==pe
ni- ==nge
kä.. möna
kä..
sâ-
na- esë'më ==ng
në- vë rbr -kö ==dö
-alo
më
dötwö ==gö
waelas
olvi
mini
ä
na- pi -mü ==le
yököpe
nölâ
dü
në- ötangö -kö ==dö
dckta.foks
tü- vëtö ==pe
mëtea
më
nâblo
aijz
nar ==de
më
kâ
kä..
ba- ==nge
dötü ==de
sâ-
nöpa
ni- ==nge
doa
bokapwr
kölë -mü ==gö
kâ
kâ
naü
më
nzlvz
na- köka' -bo
kâ
ëbë
mnâ -ti -o -mü ==gö
ö- pi -bo
ma
vë mou -bë ==kö
sâ-
natqgu
nöla
bäli
nc.saliki
mëli
ä
nölâ
lcsu.r.vea
lâsu
kâng
ä
ä
ne ==de
më
- mnâ täpwë
kâ
kä.. në- skul
na- vë -mü
dalö
ä
dötü ==de
mökâ
tö- në- aenëli ==lö -u
temë
kâng
nyë
tü- lvâ -nüblü mou ==le
lâng
mölëväi
kâ
tzsiu
në- yâmne -kö -mü ==le
mëli
dötwö ==nge
më
lâsu kä.. lvâ
kabotipele
meöikol
në- wë -ngö
lâng
dötü ==de
älö -bë
na- vë ==pe ==lö
mou
badle
në- längiti -kö ==dö
ä
ä
nëmu
kä..
ëbü
në- bao -kö ==de
më
ä
ngö
skul
kä..
kä..
ëbü
kä..
sölöni
mökâ
etu
su -tä
ö- ka -mü
ä
nemya'
da
tü- vë ==pe ==kö
amölä
më
kâ
kä..
më
datxde
mëlwe ==de
kë
mona.skul
- pötö kë -mü ==ng
më
nâboi
boi -pä -mü
tü- wölö -ngö -bë ==le
ëyagoä
narnztilolx
tü- ngrli
ö- pi -bë ==le
mëli
ä
tü- köka' ==pe -bë ==
ngö
mya -së -pä kë ==le
ngi
naniga
kâ
kâng
soöe
tü- ngi
yë
lâsu kä.. lvâ
ötâ -tä -o kë -mü ==le
alwënü ==le
alvëtö -ngö ==ne
tü- ö- pi ==pe -bë
kâng
në- dwa -o ==pe kë -mü
a- su -mi ==pe -bo
tü- pi ==pe -bë ==le
tü- ngü ==amu
- vë ëvë -bë ==ngü
dakänëng
lâde pwë
badö
ä
kâ
- mu ==lö
takes
në- pi -pä -kö
na- ölasë ==pe ==lö
ökalë -mü ==gö
bot
në- vë -kö ==gö
abötë -tä -ngö ==ne
dalö -ngö
nigö
mwelr -ti ëlwë ==kö
kä..
doa
pripekt
töte
kâ
ä
opäm
muöde
kâ
yrtrpzle
mwi -ngö ==gö
më
namu
mnâ ==ä
ä
dapu
möka
kâ
ngü -ti ==pe ==le
a- bö -tö -bo
kâ
ö ==gö -ngü
mölâ
në- ö- pi ani -kö -mü ==le
tü- vë -bo
kâ
mzpe
kä.. - topwë
ellen
në- mnâ -kö ==nge
lö
nzatrkati-krbzlr
ni- ==nge
në- ötangö -ti -kö ==gö
vë -mü ==
nanyâ ==de
takitö
dötwö ==nge
mëli
kä..
tü- mâ ==amu
bagö
nabë
yökö -pä ==ä
da
ngö
lrtrpa'
pilip
më
ö- pi -o -mü
ngö
dwa -tö ==kö
nemya'
nyë ==gö
mâ -o -mü
muöde
amölä
- obü mou -mü ==ng
kä..
kâ
kâ
në- abötë -tä ëlwë -ngö
ma
kâ
kä..
bot
nyë
më
ne ==de -ngü
doa
a- glü -tö -mü ==gö
kä..
më
pwë
kä..
ölapä -ngö ==ne -ngü
vöi
nëöyöngö
më
tö- - pöesin -u
la pwë
tü- ö- pi ==pe -mü ==le
bë
sâ ==dö
më
ngö
kio
kalo
më
tü- mölë ==pe ==
ma
tqpi~atele
na- dwa -tö -bë ==kö
dâkta
aolvë -bë
sâ-
nigö
skul
leplë
na- mnâ läblö ==pe ==kö
bëlu -tä ==le
dötü ==de
ngö ==de
kâ
kâ
më
kä..
vo -mü
ba- ==gö
më
bli ==pe -bë
a'
na- ngü -tä ==kö
sâ ==dö
badö
rum
kang
në- vë -pä ==ng
pripekt
na- vë ==ng
nâblo
dwa -mi -tä -tö ëpwä ==kö
ö- pi -mü ==le
aâlve ==le
tangtalau
popë'
suting
kä..
dötwö
lâde
sâ-
meleu
selwin
ö- pi ==le
döka'
ngö
- pna' -ki -pä ==lö
nölâ
kâ
olvë
mëli
yë
lâde
boerger
më
yökö -mi -tä -pä
nabë.nepi
menzq
dävo
kä..
tü- ya -pä ==pe -bë ==
ngö
mzdxmingr
alankaula
më
ö ==gö
lâde pwë
letë
më
nar ==de
lâsu
bë
ngi
kxmrlz
la
yölë
kâ
badö
mncmzlika
doa
- ya ëvë ==ng
- äpe -ngö
bwzng
kru
badö
kâ
kâ
tü- mötu -ngö ==de
ä
menabz
sa
ä
bö ==nge
kâ
dötü ==de
nide
më
në- vzne -kö ==dö
më
wü
kâng
poodo
në- opöta -pä -kö -mü ==amu
temë
mökâ
yëlu -tä ==pe
kä..
müngö
muöde
ngö ==de
ka -mü
sâ-
të- angölvë -ne -o ==pe ==lö
më
na- esë'ti kë -mü
kâ
kökâ
ni- ==nge
nëöyöngökätö
kâ
këte ==nge
kcmnryagwekr
kä..
ni- ==nge
ä
në- pöpä -ngö
dwa -tö -bë ==kö
köka' -tä ==kö
tu -mü
tqvz~ngrmc
kä..
ä
më
kâ
në- a- mëblü -pä -kö -mü ==ä
natü
mëli
ä
ma
tü- wai
lö
neke
të- lvâ -mü ==lö
- prtz mou -mü ==ngü
da
kâ
dötwö
më
a'
- pilë ==lö
më
dani
yagoä -tä ëlwë ==pe ==le
më
tü- vë ==pe mou ==ku
tö- mâ ==ä -u
më
rlilrdr
öaes
nigö
kâ
të- yöbü -ti läblö ==ng
töte ==nge
tö- boi -u
nigö
bë -tä ==
më
ivaio
naü
bë
më
dalö
sâ-
mëtea
mële ==nge
dakänëng
kxmrlz
ä
e
nüni
lâdeng
kä.. - etu
më
ä
kio
- zpqtr ==lö
kökâng
më ==te
ëbë
më
yië
dötwö
mista
- obü -pä -bë
sâ-
mâ ==ä
öla
kämu
skul
ka
në- mu -ngö
kio
nou
nâdö
trklae
ëyagoä
da
të- ötâtä -ngö
xpipele
pwökilvâ -ngö ==gö
sef
lâ
lâ
bznwz
ma
älö -bo
temë
esë'
mya -së -pä ==le
kâ
rum
ëbë
nâblo
në- ö- malvë aepë -tö -kö ==gö
saemons
dövö -ngö ==gö
esë'
kâti -tä -pä ==kö
töpnëngö
kâ ==pe
ä
sâ-
töpnëngö
mwelea
tü- ama ate ==kö
dckta.foks
tqrkrlxlz~ngrpwzle
më
yöbu
tü- mnâ -ne -tö ==pe -mü ==gö
ëbü
dora
kä..
bongavz
rtlrdr
ö- pi -bë
doa
ö- pi -bë ==le
në- yâlwë ëvë -kö ==de
nâtü
natü ==dö
br.nr.mc
më
sâ-
navz~nqblqtxpwzku
pulis
ö- pi -o -mü
elö
sâ-
kä.. etu
bot
löpëki
a'
ä
ngö
tü- öpi ==pe
tü- tu -tö -mü
eroplen
kâng
mona.skul
kxsqki
sâ-
peto
döka'
kâ
më
më
neqyapwe -ngö
da.kâ.tüwai
ngö ==de
mnâ
ä
twë -ki -pä ==le ==le
ä
kä..
nyë ==gö
kio
nigö
mökâ
mölâde
më
aölapä ==le
kä..
samarin
muöde
ëbë
nyë ==de
skul
temë
newë
köistin
ö- pi -bë ==le
natü ==gö
sa
gât
skul
kâ
ä
pu
mönyë ==dö
kâ
be
ä
löpëki
na- dwa -së ==pe ==lö
këdu
lâng
tö- tü- wë ==pe -u
lâde pwë
paeli
nëmu
gwalekana
müngö
yië
mnâ -ne mou -ngö ==gö
ä
a'
më
kâ
vea kapü
kä..
müngö ==de
sâ-
- kâti -tä -pä esë'ngö
tü- bao ==pe
dxvo
yökö -tä -o ==
rum
kâng
dwa ==kö
vz-kzpq
kâng
badö
kâ
kä..
sâ-
kâ
më
ni- ==nge
ä
lâde
meöikol
kâ
- yâblü ==ng
tü- oti -mü ==le
të- vo -së ==pe ==lö
luesz'lo
köa- pwä
ä
më
enümi
lika
më
la
ëbü
badö
- a- dâpä lëbü -ngö -bë
në- böka -pä -mü ==lö
ba- =gu
kölë -bë ==le
nëöyöngökätö
lâdeng
kë
dâkta
dapu
ni- ==nge
tü- älö ==pe ==ä
töpnëngö pwë
ökü -tä ==kö
të- äpe -ngö ==dö
bea
- ölö -ngö -bë
ä
sevenoklok
tötäpnëngö
nzpnu~li~nrade~li
tö- na- mwi -u
nike
ä
taol
nöla
tü- bë ==ü
kampi
kä..
ëbë
tawa
më
tü- vë -o ==pe ==kö
na- ngölö -ki -tö ==lö
të- atwëlö mou ==lö
kä.. külu
ngö
nëyâmnengö
më
tqyrlope~alzule
doa
döka'
sents
mölä
më
na- a- oti
më
sâ-
nabë.nepi
töpnëngö
kâ
kâ
töpnëngö
në- abötë ==kö
në- längiti -kö ==de
tö- në- längiti ==ka ==lö
pöla
mötu -tä =NULL
lâdeng
- esë'më ==ng
vë -ki ==pe -bë ==kö
lâng
wü
peto
läe ==nge
aijz
nâtü
trnginyu
badö
bagö
sâ
tewa
da
nounâ
kalë -mü ==le
tzsiu
tü- mnâ -ngö ==gö
kä..
ä
sâ ==de
në- ngini -kö ==de
esë'
kai
ëbë
bagö
kâ
daniel
tü- dwalë ==pe -mü ==gö
kâ
tü- mâ ==pe ==le
kâ
nzkipo~krde
mökâ
të- mâ ==pe ==lö
ngö
dötwö
luk
doa
tötingö
wili
lö ==de
apu ==le
kä..
na- asa ==pe
yië
më
ëbü
ä
më
me
amölä
mzleibla
nyë ==gö
luga
lore
älö -mü ==le
mëli
ma
sâ-
këdung
da
blzpo
japan
lopäi ==le
newë
ä
nigö
tü- töka ==pe -mü
lâdeng
olvë
këdung
nipna'
ka
në- vë -ne -kö ==gö
na- a- glü kë ==ng
tü- abötë ëvë -ngö ==gö
-ngö ==gö
kä..
më
na- vë -mi -bë ==le
sâ-
në- mnâ -kö
ne ==de -ngü
kä..
ä
meabr
lâsu
ä
aijz
doa
a'
ä
sâ
esë'
nimu
na- o -ki ==lö
ä
ä
më
nanyâ
ëbë
sâ ==dö
asa -ngö ==gö
më
na- mölë ==
në- ö- teka -ngö
kölë -o ==le
mzli.r.vea
ngö
tqalulvetipex
twzamu
ni kë ==de
doa
bagö
lâ
nâdö
kâ
meamupa
tü- oti ==pe -mü ==le
nâboi
kä.. etu
twë ==ü
==le
madäi
olvë
skul
tü- vo ==
ellen
kâ
kö.- lâ ==de -ngü
- vë -bë ==ng
köa- tü
nâblo
nâdö
nyë ==de
në- ngüba -ngö
nzvitx
kai
bë -ngö ==de
tü- tu ==pe ==ä
kölâ
nimu
të- yâmne -mü
vea
popa'
boi -tä
kä..
- köka' -ngö -bë
amölä
më
më
mëli
wü
- tu -lë -mü
yrpusz
ncole
kapä.ka -tä -lë -mü ==le
mncbe
tealo
këble
tü- mâ -ti ==amu
ëbë
kä..
a'
ncnqmz
lâ
në- pas
më
në- olväti -kö ==de
ä
ä
më
kä..
müngö
lâng
më
fox
kâma
tü- wäbu -o -ngö -mü
sâ-
mâ -pä ==kö
na- li
ne
më
mötu ==pe
kxnz
älö ==kö
më
yolx -o -mü ==amu
nzrkrlzti~angidr
dwanede
kä..
kë
- katx ==pe
tapu -tä -bë ==le
kä..
në- mnâ -kö ==gö
tü- yâmne -ki -mü
ma
kä.. külu
taon
nö
ngö
nâ.nökö
nouöla
lapu -pä ==le
nâblo
tü- mibi -tä -tö
gela
tü- vë -ki -lë ==pe ==kö
töte ==nge
ma
lrlvz
mëlwe ==de
nea
nâbö
kä..
më
lö
spoöt
- ökalë -mü ==ngü
natwzm
lömëtangi
sâ-
ä
të- vë ==be ==ng
kxayo
ä
trpulu
kâ
sâ ==dö
ä
në- a- mu kä.. tö -kö ==de
të- öpi ==pe -mü
a'
- mnâ ==pe ==ng
në- wë -kö
më
seleng
nâblo
më
mökâ
sâ-
nyë ==dö
ka
lâde
në- yëlu -kö -mü ==gö
wë ==ä
ä
ni- ==nge
newë
ngi
lâde
kâ
kâng
tu
nâblo
sâ-
ä
vo -mü ==o
bë ==pe ==kö
guadolkana
kä..
distrik.ofisz
mökâ
në- köka' -kö ==de
lâ
nide
ä
dötâ'
pepë
kung
nüvi
në- nu ö
kâ
ëbë
tölaki
doa
yöni -ne -o ==pe -bë
nide
ä
ä
akanipua
dötü ==de
ma
ä
kâ
george
kuri
nabë
badö
nyë
nâdö
badö
naü ==pü ==nge
vë -tö -
sâ-
tü- vë -tö ==pe -bo
müngö
kölë ==ä
tü- dâ ==pe
lue
kä..
mzlo
muöde
ma
delape
të- yëlu ==pe mou -mü ==ngü
yië
bia
nigö
ö ==nge
yië
aogzs
primiz
mâ ==pe kë ==le
- mâ
sade
läe ==gö
më
më
kru
- mnâ kapü ==ng
ä
ä
nidö
nâblo
të- odu -tö läblö mou ==ngü
tewa
nigö
lö
krscdr
makä ==pe ==le
leplë
më ==te
kä..
këdu
mëli kâ
yâ -lë kë - ==
mökâ
kxini
nigö
ni- ==nge
më
sâ-
älö
kâ
nabë kä.. tö -ngü
kä..
veranaso
mewz
muöde
tü- ö- pi -bo
lâng
lö
na- mnâ -ngö ==gö
ä
më
nölaö
kâ
këte ==nge -ngü
kâ
ëbë
kä.. pwä
ötalvë
skul
ëbü
mëtea
nâblo
bülö
nea
më
möbâ taki -ne
nea
më
më
më
temë
kä..
aijz
dalö
kä..
leuwaga
- yâmne -tö ==ng
leonard
bäli
sâ-
töpnëngö
tü- mnâ
kâ
- aokë ==ng
töte ==nge
jisës
nidö
e
nëöyöngökätö
skul
yöpla -tö -ngö
yâ -tä -bë
më
ä
tö- ni ==ka -mü ==le
da
ni- ==nge
tö- boi -u
mâ -pä -mü
ba- ==mü
në- dwa -o ëvë -kö -bë
lesile
nâblo
ma
kä..
mökâ
dötü ==mü
nëlu
më
na- kilë -bë ==le
lilvcti -tä -o ==pe kë -mü ==le
ilrmztangi
këdung
badö
më
ö- vë -mi -mü
më
kölâ
etu
oti -tä ==ne
kä..
sâ ==gu
ani -tä pwë
trtqki-li-nrade-nzpnu-nzlvqn
më
ä
kâ
mökâ
më
ngö
ma
nigu
xlr- bë ==le
dxi
ile~lzbqng
kä..
më
ä
këte
ëbü
apu ==kö
kä..
da
dela
twë -tä -bo
ka -bë ==le
mznanq
ölwä ==kö
kä..
mölë
kä..
käetu
lâng
na- ngini -bo
më
makätö
nëmu
käöpalë
tü- väu -tö ==pe ==le
tü- ölö ==pe -bë ==le
blökü ==gö
ä
mëtea
ami
kä..
në- wë -kö ==de
të- rmcti ==pe ==lö
mou
nëmu-köde
nölâ
läkü
më
sâ-
tü- alvëtö ==pe ==kö
skul
skul
sâ-
yc
tewa
bia
ngö ==de
muöde
më
yië
më
köos
teao
ngölö -ti -tä -lë ==ä
lrkr'
ngö
mâ -tö ==kö
sâ-
ä
nounâ
dölve
fox
ncnia
më
bzlzm
mâ ==ä
yâmne -ki -mü ==le
nâblo
- veâ pwë ==ngü
nëlu
nide
tökla
vaol
neimö
lâdeng
blë
ö- pi -mü ==le
amölä
këble -ngü
tü- yö
lö
kâ
kâ
kâng
kâ
bia
nemya'
kë
ö- pi -bo
mëli
kämu
kä..
leplë
nâbö
töpnëngö
olvë
tü- tu -tä ==pe
ngö
nimu
pa'lz
muöde
tü- töka ==pe
nelâ
më ==ke'
të- pötö mou -mü
skul
nznu'ti
të- siklu -ti
muöde
pötë -tä -bë ==kö
dävo
mzdealwx
sâ-
twë ==ü
kä..
topwë
elö
ä
të- vë ==pe mou ==ng
wiki
sâ-
në- mwi -ngö
twz
lâsu kä.. lvâ
yië
nea
la
kä..
ö- pi mou po
ka
lö
në- ka -pä -mü ==lö
badö
nëmu-köde
ngö
bq
tü- vë ==pe ==kö
mcki
lö
nide
tü- ö- pi ==pe -bë ==le
- ka -mü
tü- ngi
lea
skul
nrepi
në- vë -kö -bë ==kö
në- ngini -kö ==nge
kë
yövi -tä kë ==le
kölë -mü ==le
kâ
leplë
kxpipz
mölëväi
tü- öke ate ==ä
ëbë
nâblo
ma
ma
dötwö ==de
mâ ==ü
në- ö- kë -ngö
- pnuti -tä
në- köka' -kö ==gö
mëngöa
klas
ketosin
tü- plökütu
diksonare
yökö -pä -bë ==
nide.esz'.krde
japan
nigö
menabz
sâ-
më
amölä
në- kölë -mü ==lö
alankaulz
kâng
kâ
bea
nenü
kâ
natü
mölä ==nge
a'
dötü ==de
döta'
na- okla -ti -tö mou -mü ==gö
tü- dâpä ==pe ==
ngö
kä..
ni- ==nge
ä
mölâ
lö
muöde
auki
möka
ä
sâ ==dö
letë
möla
nâboi
kâ
satqkrlabale
obü -o -mü ==ä
lâde
dötwö ==de
mou
o -mi -tä -pä -bë ==le
tü- ö- pi ==pe -bë ==le
të- ötâtä -ngö
nyë ==gö
ëbü
kä..
kä..
më
kâ
bë pö -lë ==pe -mü
më
delape
sâ-
më
më
wiki
tzngarare
mapz.nyz.dalvzo
sâ-
ö- pi -mü ==le
töka ==pe
rum
ä
ä
wiki
ö- pi -bo
kölâ
melomate
sada.krus
wili
skul
lâsu
amölä
kä..
kau
na- aenëli -tä ==ki
peto
leplë
lâng
nagu
kä..
doa
tü- mölë ==pe ==
kâ
nëelangö
kämule-esë'
nëmu
në- pöpä -kö
dâkta
vë ==kö
öngalä
nim
- mâ -o -mü ==lö
se -ä.
tü- yëlu ==pe -mü ==ä
sâ ==dö
lâde
sâ-
sâ ==dö
mr
obla
më
ngö
pöla
nëlu
vë -bë ==kö
ö- pi -tö -mü
tü- kuki -ngö ==amu
natü
dëbe
ale ==ä
tü- yöplë -ti ==lö
jon
tü- öpi ==pe
a'
tü- mnâ ==pe ==ku
yië
nâblo
muöde
dekâ
dzbede
yölü -tä
kä.. etu
ni- ==nge
pe -ti ==kö
newë
lälvö -ki -mü ==le
ëbë
newë
lö
kxleke
sâ-
kë
ni- ==nge
në- mwi ==pe -kö ==nge
më
tu
kâ
köa- li
më
a'
skul
myapxbz
kâng
këdung
olvë
sâ-
vo -mü
- bë -ti läblö ==ngü
më.nibö
kâ
kä..
boka'
ëbë
pötö ==ä
kä..
lâde
na- twë ==pe ==ä
kxpipz
töpnëngö
kä..
ycpe.pipz
ela ==kö
kâ
ö ==gö
nya
kä..
në- vë -kö -mü ==gö
ä
kölâ
kä..
mölë
möka
kä..
sâ-
tü wz -ngö ==gö
më
wxliki -tä -pä ==
ngö
më
nabä
ngö
kä..
lâ
lesile
döka'
tü- vo -ti -tö ==pe -mü ==le
me
muöde
buk
sâ-
kä..
ëbü
nidö
kä..
këdung
esë'-köm
blaopu
tü- vë -ne ==kö
kâng
lika
tu aepë -tö ==
ëbü
merikz
më
ba- ==nge
kâ
kâ
na- obqlvz -ti ëpwä ==ä
nâblo
nyz'
kâ
dötwö ==nge
bla
enre
më
medisin
tü- mu ==pe kë ==kö
më
në- wë -kö ==gö
imzli
sâ-
ä
na- vë -nüblü ==le
ma
më
ä
a'
bölömei
menaip
toki
nëyâmnengö
sâ-
në- ayo -ngö
ne ==nge
etu
a'
ä
mëli
të- wölö ==pe -ngö ==dö
bot
muöde
ä
tü- yâmne -ngö ==gö
lâ
ba- ==nge
soöe
älö mou ==kö
mëtea
da
nigö
pe -tö ==le
më
më
ni- ==nge
kölë -mü ==le
më
ä
enjin
ä
vë
mö
më
yölë ==ä
më
tökö
kâ
ä
në- längiti -kö ==gö
klas
tü- öblä -ti ==le
natqgu
ngö
töpnëngö
vea
pipë
skul
sâ-
lalëtü
esë'
doa
skul
peto
newë
më
ëbë
më
badö
- vë -mü ==ng
ngq'
më
ä
merikz
suti
ä
nar ==de
na- pipä -lëbü
mou
të- vë -o ==ng
më
rik
lö
sâ-
ä
dötü ==de
nemya'
në- mwx'lr -ti lëbü ==ng
twë ==le
më
tü- ale ==le
daniel
ä
ä
lâpwë
provins
tü- ngölö -pä ==pe -mü ==
- mnâ ==ngü
na- abë -bë ==lö
nouöla
döka'
da
kâ
nëlu
sâ ==dö
yölë -ti ==ä
në- vë -nüblü -kö ==nge
kä..
më
mölâde
mëli
nigö
në- ö- tekütö -kö ==nge
ngi
lâde
në- pna -ti -kö ==gö
nounâ
töte ==de
në- o -kö ==de
kä..
më
sâ-
vë -bë ==kö
lö
sâ-
në- a- mu kä.. tö -kö ==de
bqkq
tü- aenëli -ti -ngö ==gö
ä
më
ate ==
mölëväi
ä
ö- pi -bo
tü- vë ==pe -mü
kâng
tü- böläkë ==pe
lâ
ä
älö ==kö ==le
më.nibö
ma
nâbö
nâu
wzmi ==ä
töpue
lö ==de
më
kä..
ä
më
ö- pi -mü
döka'
kastom
mölâde
läe ==de
teomo
kâng
dötü ==de
bia
kxbq ==gö -ngü
më
kä.. külu
ä
jisës
më
badö
ne ==gö
mr
flxk
yangrngaq
tzsiu
ä
kâ ==pe
katx -pä ==le
në- lâ a- pü -bë -ngö
suti
të- wë ==ng
la
nâdö
meya
- angio ==lö
kâ
sâ-
tü- obü -ne ==ne
lâng
mü
kâ
tömâtu
kä.. ngi
në- rtwz -ngö
kâ ==pe
ä
ä
kio
ä
kâpwë
jon
sâ-
më
abë kë ==le
lue
ma
nigö
tu
txrbrtr -ngö
mista
gresosa.bei
në- yöni -tä ëlwë ==ng
të- päi -ngö ==dö
badö
ata läblö ==kö
tü- ötangö -ne
sada.krus
a'
olvë
dela
sâ ==dö
sâ-
më
mökâ
kä.. yagoä
mëli
kä..
kä..
twë -tö ==kö
kâ
da
kä..
mâ ==ä
newë
lâ
etu
mnâ
ä
kä..
nurda
nemya'
böngë
bcloa
mzlo.skul
ökalë -mü ==gö
më
mëli
kâ
nëöyapwätöngö
tü- ängi ate -bë ==kö
nâbö
dövö -mi -ne -mü ==le
jon
mëtea
mëli
lâde
pö -o
sâ-
dötwö ==de
nyë ==gö
kä..
su -tä
kölâ
- älö -mü ==lö
olvë
töte ==nge
mölë ==pe
- mnâ -tä ==pe pwë
gela
ëbüka
kâ
ä
mübü
nigö
më
töte ==nge
ngölä -tä -o ==
a- yame -mü ==ä ==le
tzsiu
mölâ
masingan
doa
sâ-
tü- rpna' -ngö -mü
kâ
mou
natü ==nge
ä
ä
të
a'
da
topla
kâ
töte ==nge
më
kä.. etu
muöde
në- ölasë ate -kö ==dö
ä
naonöä
më
më
tömâtu
dâkölëde
kâng
da
kâ
nëli
ma
tü- dâ
kâ
köa- li
dötwö ==de
tü- bë ==pe
nölâkäbü
fox
yökö -pä -bë ==
ëbë
kä.. etu
nëöyöngökätö
bcde
në- wë -ngö
mëli
ä
la
në- lvâ -ngö
doa
ve ==ä
ne ==de -ngü
në- tu ëvë -kö ==de
peto
käakölë
öplë
mële ==de -ngü
nëlu
më
nzrtangrtingr
ä
müngö
uta
lö ==de
kä.. etu
kä..
vo -mü ==le
na- okatö kai ==ä
kölë -mü ==le
ma
kä..
- ölimë ==ng
löpëu
në- a- vë -kö -mü ==le
më
kâ
lâ
më
ö- pi -bë
la
kâ
më
kä..
kâ
badö
këdung
yëuo
nesol
muvi
mëli
kä..
në- katx -pä -kö -bë ==le
nülvi
kä..
mrkang
doa
tü- wai ==pe ==le
në- a- obü läblö -bë ==lö
skul
këdu
kä..
tü- mnâ -ngö ==ne
e la
kä..
ngölä -o -bë ==le
nina
ä
medisin
nümü
ne ==dö -ngü
ä
në- yagoä -kö ==de
skul
dötü ==de
të- wz -ngö ==pe -bë ==lö
bia
sâ-
nöâ
në- wökätö -ngö
dötwö ==de tü- ao ==le
desele
tü- wü -tä ëlwë ==be
esë'
më
ä
leplë
kä.. mü
pu
möka
tü- yagoä
lâ
na- mnâ kapü -lë -ngö -mü ==amu
në- vë -kö -mü
ä
dötwö ==gu
okatö -mü
ni- ==nge
akes
mölë
në- ngini -kö ==nge
tqnibqpele
natqgu
ä
- ö- pi -bë
lika
bagö
ulu
doa
nölanâ
kâng
më
angidö
nigö
ä
ni- ==nge
kölë -lë -bo
pauabu
nëlu
më
ate ==
delâ
töte ==nge
töau
lâng
mou
gât
më
ö- pi -bë
melzk
kä..
kâ
newë
ä
më
aböelë
tö- ngi == -u
ä
më
tü- ö- pi ==pe -bë ==le
kä.. esë'
tö- tü- vë ëpwä -u
më
mökâ -ngü
ä
tü- yâ -o -ngö
ä
da
të- yâmne ==pe -bë
mëtea
lwovz
tögalö
- bë -së -ngü
kä..
opä
-ngö ==gö
nâblo
dakrnz ==ng
lâde
muöde
nigö
kâ
zbrlxkz
äka
na- twë ==le
nöla
nibö ==de
të- ngölö -ki -o ==pe ==lö
kä..
këble -ngü
tü- mnâ ==be
sâ-
kâ
ä
lâng
ä
më
mu ==le
mâ ==ä -ngü
mökâ
na- olë
lâde
natü ==nge
na- ngi
tü- kipo ==pe ==
- kapä.ka -lë -ngö -mü ==lö ==le
tö- - mnâ ==pe -u
lö
tü- oti -mü ==le
nar ==nge
ëbüköanëlvün
të- aelwa -ti -ngö -bë
mancu
nzlvz
mnrdr
da
bagö
në- vzne -kö ==dö
döka'
nëlu
kä..
mzte.opx
ëbë
kölâ
vo -mi
yië
tö- töka ëlwë pwë -u
nâblo
në- ö- lë ==ng
olvë
tü- ö- pi ==pe -bo
badö
lö ==de
ä
ä
lâsu
badö
- dwalë -öbö -lë -ngö -mü
tabao
mwi ==kö
lâsu
ini
më
skul
letë
kölë -bë ==kö
öla
nöâ
lö
nryagwengrlc
vë
badö
në- öpi -kö -m
nzrwzngr
më
hill
bagö
nöa.soli
në- lalëtü -kö ==de
në- dwa -tö mou -kö ==gö
kâ
badö
këdung
imztq
nigu
bagö
ä
kä..
sâ-
tö- ölö -ngö -mü ==le -u
kä.. etu
badö
tü- ö- pi ==pe -mü ==le
kâ
mökâ
lâde pwë
mölë
në- abötë -kö ==gö
mnabzlzkoko
rtwayzpe~kaip
mâ -pä -mü ==le
më
esctr ==pe -m
pöla
nigö
vea
kâblë -pä
më
mathias
da
kâ
letë
tö- mâ ==le -u
saloko
ä
pripekt
kâ
më
kölë -bë ==kö
töau
känëakölë
tü- ötwayë -bë
kâ
dëbe
na- ka -bo
të- ve -o ==pe -bë
mzdxmingr
ëbë
lâng
täpwë
na- längiti ==le
këdu
da
me
tü- ö- pi ==pe -bë
këdung
vea kapü
në- mnâ -kö ==gö
residen.komisina
lesile
yöbü ==le
më
mya -së -pä ==le
- eso -ne -bë ==ng
tzalepe
lötëlvë
kio
da
myxkcmnqlvakrde
kâng
ä
pöki
läe
brkrlrlvz
waea
buk
ä
na- alvëtö -ngö ==dö
- lë -ti -ngü
gât
ä
amok
më
sâ-
mëli
ä
badle
më
trobq~ngxlrleu
mëli
böma
lâ
kä..
mökâ
në- mnâ -kö ==nge
vë -mü ==le
na- längiti -ku
toki
tenaru
muöde
kâ
nibö ==de
mëli
më
töte ==gö -ngü
- mâ
lika
kâ
kölë ==le
leplë
da
kio
ne
nâbö
narnztilolx
kâ
dötwö ==de
më
lâ
palio
të- mnâ -ne ==be ==ng
blë
yëutö
nzyane~krmle
sâ-
më
të- vë -pä ==pe -bë ==ng
sâ-
naoti
tömâtu
luga
gü
kâng
kâ
tqveatipebzleng
köka' ==le -blr ==ku
yië
nim
kâ
mzlo
apu ==le
më
kâma
skul
nzrtekqtrngr
ä
ëbë
rum
a'
doa
muöde
kä..
mölë
tü- vë -o ==pe ==kö
böka -o
sâ-
doa
nâdö
doa
neboi
mëli
ä
namu
buk
- yâblü ==ng
sâ-
ö- pi -bë ==le
bü
kâma
kä..
tö- pna -pä -u
saotzn.kros
më
kä..
lrmz
kâ
skul
nzlvz
ngi
mëli
këdung
na- a- glü ==pe ==kö
në- öläti -kö -mü ==lö
etu -pä -bë
në- öpwa' -ngö -bë ==lö
na- vë ==ng
pu
badö
lâ
mnâ ==ku
tü- vë ==pe -mü ==o
të- mwi ==pe ==ng
doa
mökâ
kä..
nigö
muöde
kä..
sâ-
töpnëngö
olman
salome
esë'
ami
kä..
kâ
nâ.leng
- tü
kä.. külu
ä
nzvzpx~krmle
sâ-
olvë
nabäbë
kä..
ä
nâblo
tü- tu -tö -mü
kâng
në- vo -kö -mü
muöde
okatrx
kä..
vë mou ==ä
më
ngö
mëli
ba- ==nge
lâsu
kalöla
tü- vë ==pe ==kö
na- mâ kai ==le
nigö
tü- a- siklu
- yölü -bë
tü- mnâ -ngö ==gö
- lxplz -tä
në- wë -ngö
më ==ke'
tü- kaputö -ngö -m
köa- li
nëlâ
ye
kä..
më ==te
- eso -ne -bë ==ng
më
mas
mâ
badö
nyë ==dö
nigö
tü- ayëu -tä -tö
kâ
kâ
muöde
wë -ti -tä ==kö
ëbë
kansöl
tü- ngi
mëli
më
më
letë
du
lö
ni ==gö
nemya'
në- dwa -o -kö ==nge
töpengö
nüvi
tü- lälvö -ki -pä
dâkta
- abötë -lvë ==lö
kä..
me
tö- kölë ==le -u
mwi -tä ==
srpi
böma
ä
katkis
bëü
amölä
mrnzq
eroplen
të- pi ==pe -bë ==lö
skul
jisës
mökâ
topwë
lâ
tö- tu ==pe -u
kxayo
kâ
==le
ä
- kuki ==ng
kâng
tü- do -tö ==pe ==ä
më
prpx
nimu
të- kölë ==pe ate ==lö
ä
kölâ ==de
amölä
naesz'
na- takitrde
sâ-
badö
kä.. etu
kä..
älö ==ä
ä
më
në- glö ==pe -kö ==dö
- külu
ei
ma
kä..
ngö ==de
të- tekütö ==pe -ngü
kä..
nöâ
doa
nöbâ
- vë -ki ==lö
a'
niu.yiz
vo -lë ==kö
të- aolvë ate -bë
kâ
ä
doa
në- ö- twë -kö ==dö
ö- pi -bo
nyë ==dö
be
a'
nyë ==gö
më
ä
kapä.ka ==kö
vë ëvë ==ä
skul
ate ==
auki
yöngë -pä -m
nrlcde
buk
në- bäli lvâ -o -kö -mü ==lö
menqvi
skul
yâ -ti -tä -pwz ==le
ä
më
elö
- yö -bë
dâkta
töte ==nge
në- ngölö -mi -pä -bë ==lö
tö- opä -u
kâ
yâ -lë kë - ==
në- a- ötä -kö -bë ==lö
nyë
kä..
tö- - mâ ==lö -u
lö
me
më
më
badö
ö- pi -bo
muöde
në- pötö -kö ==nge
tü- öpi ==pe
gât
suti
kä..
alvâ -ne -lëbü -bë ==kö
josip
kölë -bo
dwa -tä -tö ==ä
müngö
ngö
kâ
ä
ngö
delâ
kâng
ma
buk
dâkölëde
nëmu
nigö
a- mu kä.. tö -tä
ö- nibü ==pe ==
- ya -bë ==ng
lâng
tqakya'pebzle
nzyrlwrmqng
ä
kölâ
myä
nea
kä..
këte ==gö
lâ
muöde
kölâng
në- ö- pi -kö ==me
kâ
na- pötë ==lö
dü
më
kâng
tü- yëlu ==pe
tü- lvâ -lë läblö ==pe
newë
tzsiu
ö- längiti ==le
kosi
më
mathias
o -mi
kâ
ni- ==nge
seleng
kä.. alvëtö
ö ==dö
na- pi mou -mü ==ä
badö
nyzmu
mëli
dwa -tö -mü
käetu
nëwö ==de
da
mwi -tä ==kö
në- ö- pi -kö -bo
ya -o ==
olvë kâ
bäki
lue
- mnâ ==pe ==ng
na- alvâ -tö -lëbü ==gö
ëbë
lötëlvë
tü- alvc -lzbq -ngö ==gö
utupua
esë'
kâ
kä.. külu
kâ
tü- mwa -ti -o -mü ==le
vë ==pe -mü ==
ëbë
lâsu
sâ-
tü- mnâ
tü- oliü -ti ==pe -bë ==le
kâ
këdung
töpnëngö
nzrtwzng
tu -tö - ==
da
sâ-
amölä
elö
muöde
lö
mrge ==amu
kâ
kä..
tulzgi
ä
li läblö
mwelr ëlwë ==kö
kä..
twë -bo
ä
më
dalö
nigö
nemya'
kä.. etu
mögâ
më
kâng
yököpä
kä..
kä..
veranaso
delape
mnö ==gö -ngü
në- asa -kö
na- möbö -ti -tö
bisop
kâ
muöde
mnâ -mi ==pe ==amu
badö
na- vë -dë -bo
nigö
ä
tzyrlxpe
më
menapi
më
badö
kä.. külu
tü- mwi ==pe ==kö
më
tü- dâ ëlwë -ngö
leplë
döka'
ma
ä
ni- ==nge
vë ==de
ä
sâ-
kâ
be
müngö
dcwa
ami
kölë -mü ==le
kä..
tü- tu -pä -ngö -mü
mölë ==pe
bq
kâ
nöë
më
më
tü- yölë -ngö ==ne
da
nëlu
kâ
në- yëu -kö
më
nide
kâ
naü
kä.. etu
të- ayo -ti
tqlzopeq
läe ==de
ä
tö- në- siklu -zpwx -kö ==gö -u
më
tö- ölö -ngö -bo -u
më
ä
nidö
kxmrlz
më
më
tü- yëlu ==pe mou ==ä
më
dötwö ==dö
yië
e
kä..
tü- dâ
sâ ==gö
nigö
dâkölëde
doa
dötwö
tewa
bia
kä..
buk
tü- yöni ==pe mou -mü ==ä
mengalu
gât
doa
në- oti -kö -mü ==le
alankaula
tü- vo -ne
tötingö
ä
ä
në- ölasë -kö ==gö
kâ
kä..
doa
më
dâ
më
sâ-
ka
gât
lâde
më
tzsiu
nibö
nibö ==de
ö ==de
kâng
nyë ==dö
nyë ==dö
kämu
tögalö
katkis
tzlede
älö -bë ==kö
kä.. yëlo
tü- a- siklu ==pe ==le ==
kämule-esë'
ëbë
ani
yëu -tö ==ä
lö
töte ==nge
töpnëngö
kä..
bagö
nölâkäbü
na- ö- yëkö -ngö ==gö
më
dâkta
dötü ==de
sâ-
doa
ä
töte ==de
sâ-
yëu -tö ==ä
kâ
tü- tu -pä -mü ==
ngö
rik
kxaonrwx
möka
trpaliki
kä.. topwë
në ötöngö -ti -tö -kö ==nge
tü- ayëutö -ngö ==ne
- telvë ==lö
lâ
sâ ==dö
dötü ==de
kâ
nzrtwz~zvzng
na ==gö
kâ
makätö
në- ale -bë
në- ö- pi ==lö
sâ-
nölâkäbü
ö- pnz' ==pe
kâ
tü- ö- pi ==pe -bë ==le
tü- amü-löpi ==pe ==le
ö- pi -bë ==le
na- wëti
möbö -ti -tö ==pe
më
këdu
sâ-
luga
më
nigö
ä
nyë ==de
mëli
nâbö
mötwë'
a'
nesökö
ba- ==nge
nelâ
nölaö
töpapa-.(aöâhaiâ)
nina
ä
kâ
nöla
ani ==pe
të- -ö pi -ngö -bë
fom
këdung
lesile
pötë
më
yië
- pötö mou -mü
në- rleti -ngö
tü- a- mingö -ngö ==gö
vë -bë
trpnr -ngö
nimu
peto
dela
ä
ngö ==de -ngü
ölilö ==mu
nzrtekqtrngr
kä..
mëtea
töpü
tü- alvëtö ==pe ==ä
kâ
dapu.nâ
kâ
ba- ==nge
na- ve ==ä
- vë -bë ==ng
na- vë kai -bo
maket
ka
ni- ==nge
menckzpo
në- ngini -kö ==dö
në- lvâ -ne -kö ==dö
ä
kzmiti
öngalä
da
dävo
sâ-
nâblo
ëlwë
teomo
kä..
nâbö
kâ
plou
kä..
kâng
këdung
kölë -bo
kä..
tutö ==ng
ngö
nâblo
kâ
më
nölâ
kru
temë
kä..
bot
kâ
meöikol
sâ-
meöikol
tü- yöpla -tö -ngö
nide
të- ayrni kë -mü ==ng
dötwö ==nge
muli
skul
ne ==gö
leu
më
ni- ==nge
mëtea
biukan
natqgu
kä..
stibad
kâ
mële ==nge
më.nibö
tü- yökö ==pe
kä.. ötâ
kä..
nabzlue
kâng
nidö
më
më
më
ä
- pi -bë ==lö
löpëki
mëli
na- pötö ==pe kë ==ng
sâ-
töte ==dö
- ne ==pe ==ng
më ==te
vea
kë
mölâ
vaol
ä
kä..
mü ==gö
da
ä
kä..
yië
kä..
ä
mzdealwx
kâng
lö
lore
kä..
yië
dötü
kâma
lâ
mövö -ti ==pe
töpnëngö
nedr
nâboi
këte ==nge -ngü
më
ä
tü- dâ ==pe
aelwa -pä
në- li -kö ==gö
ä
a'
tü- pnz' ==le
- ö- pilë -ngö
të- mnâ -ngö
popë'
në- mwa -ngö
vë
muöde
kä.. ngi
nide
tqyrlope~alzule
të- ya ==pe ==ng
më
nâu
më
mölë
doa
kâ
më
sâ
ba- ==nge
kâng
baengr
tzngarare
kâ
mou
sâ-
nge' -tä ==pe -mü ==o
meöikol
wop
të- ka mou -bë ==lö
sâ ==dö
ma
kâ
sâ-
kölë -bë ==le
më
tu -pä -ngö -mü
yölü -bë ==kö
më
këte ==dö
a'
kâ
sâ-
leplë
aböelë
olvë
trklae
tqkzsilenide
nidö
da
suti
më
ni- ==nge
dâkta
veranaso
kä..
tu -tö - ==
tü- a- yöni ==pe
tü- ö- pi ==pe -bë
më
dâkta
më
käakölë
kâ
më
lâ
më
ä
nyë
më
nyö
dötwö
nëöyöngökätö
lö
nëöyöngö
nüvi
döka'
ni- ==nge
ä
më
ä
kä..
të- ka -bë
yapwä -ti ëvë -bë ==kö
më
tü- a- mei -bë ==kö
metrkrbade
kä..
kio
nabë
kä.. etu
më
kâ
töpnëngö
kâ
kâ
në- alvëtö -kö ==nge
nöanâpo
në- kölë ==lö
vë -mü ==
se
ba- ==nge
nigö
mökâ
köa- tü
elö
dalö
ma
badö
nigö
më
mökâ
lâ
a'
kä.. - topwë
kâ
më
müngö
tö- kölë ==amu -u
më ==ke'
nâbö
më
ma
tutx
mwä
kä..
yië
në- glü -o ==lö
inyä
tü- vë ==pe -mü
tü- pi ==pe -bo
kâ
ka
yöbü ==ä
nigö
më
badö
melömü ==nge
-ngö ==gö
animol
täpwë
nâblo
lr.japan
nâte ==de
më
nouöla
kä..
- mwi -ngö ==dö
ëbü
më
nraleng
ma
mnâ ayönö -ngö ==ne
kä..
më
kä..
ëbü
tü- ngi
kâ
nabakxenga
kölëu
kâng
öpwa' -tä -ngö -bo
däi
veranaso
ä
kä..
na- mnâ löpi
ba- ==nge
të- öpi ==pe
tö- myati -tö ==ä -u
temë
lore
sâ-
tü- vë ==be
ncokz
nëlu
lâsu
na- ikla -ngö ==de
nëalvëngö
bznwz
ä
nüni
na- mnâ pwë
kä..
mou
lâ
lâde
më
lrlvz
kä..
ä
dwa -libü -tä -o ==ä
nou ==de
tü- vë -o ==pe ==
sâ-
wü
më
- pe -ti
ni- ==nge
dwanem
dötü ==de
më
ö- pi -bë ==le
dötü ==de
dötü ==gö
pulis
kölë ==pe ==amu
sâ-
natü
doa
kä..
kâ
vaol
ngö
dckta.foks
lâde
më
töpengö
nc.saliki
a'
pöla
tömilo
- tü -ngü
kä..
ni kë -mü ==ä
ninë
elö
nëlu
kä..
tömami
ö- pi -bë ==le
kö.- ne ==dö
kâ
kä..
kä..
kâng
nyë
mëtea
mou
bë
müngö
wili
sâ-
kxetu
më
lore
sâ-
këdung
nyë ==gö
në- obü kapü -ngö
ngxwe
ngö ==dö
lö
tü- ama ==pe
tü- a- ta -tö ==pe ==le
lr.japan
nea
mnëpë'
sâ-
lâde
meöikol
në- ö- mâ -ti -kö ==de
ëbü
nenü
tzsiu
mnâ
bagö
tü- olväti ==pe ==le
kä..
kämule-esë'
ö- pi ==le
badö
tqvecpxpemle
tömâtu
sâ-
la -ngü
bznwz
na- ngi
külu
badö
peto
tömâtu
ä
nurda
më
doa
müngö
roman
pë -ti -tä ==kö
dxi
sâ-
mëtea
në- abëpä -kö -bë ==le
më
muöde
bute'
nâblo
ayönö
ä
në- ö- yölü -ngö -bë
ä
në- vo -kö ==gö
dötü ==dö
olman
delâ
tü- vë -bë ==kö
dötü ==de
vo -mü
ngi ==pe
ä
më
nigö
na- bë -mi ==pe ==le
më
nounenü
më
mölë
ilede
më
tü- ngi
dese
ami
kä..
tö- plökütu -u
pi ==pe -bë
yökö -pä -bë ==
wiki
noli
dëbö
a- yëlu -bë ==le
ma
nabë
a- mëblü -tä -pä -mü ==ä
dötü ==de
tzsiu
nüngi ==dö
lika
malaita
sâ ==de
nzoliqngr
kä.. möna
ami
obü -tö -
na- a- glü ==amu
më
në- vë -ne -kö ==gö
radqgad
kölë
kä..
nüni
rasia
në- ka -o -bë ==lö ==le
në- ngini -kö ==nge
nepwzli
kâ
yagoä -tä
tö- kölë ==le -u
na- mâ ==le
kx- mölä
ö- pi -bo
ngö
ëbü
badö
skul
ä
tü- ö- wëti -o
maletr ==ü
ä
filip
ä
tü- ö- pi ==pe -bo
nëlungö
vea
ne ==gö -ngü
ä
më
tqmane
a- lüli -o ==le
nâblo
ö- pi -bë ==le
- ötabö ==ng
kâng
tü- vo -pä ==pe
nzrvz
e
ma
veronika
baengr
lö
doa
badö
lâdeng
tü- mnâ
në- pwö -ngö
xpqbrlr~ngrde
kâ
ëbë
më
dü
tö- në- pi -kö -bë ==ä -u
dalö
në- mâ -kö
ami
ä
tü- a- yagoä ==le
koma
myapxbz
dötü ==nge
ä
provins
meya
möla
seleng
ä
kio
mëli
clq
vë -tä ==pe -ngö ==de
e
nidö
mëbü
më
nenü
pöla
kâng
dâkta
kâ
të- mrge ==ng
më
lâde
kë
kâ
oda -ti -tä atwönö -ngö ==de
skul
älö -bë ==kö
më
tö- kölë ==ä -u
badö
gât
më
da
vo -tö - ==kö
poi
në- a- yölwö -pä -lxblr -kö ==gö
naniga
töte ==de
nyë ==dö
më ==ke'
tü- ö- yö -ngö ==ne
töte ==nge
në- tao -kö -mü ==lö
nâblo
- atwëlö ==nge
narnztilolx
tö- pä -ngö -ne -u
kâng
li ==pe
- ö- twë kë -mü ==ng
mötwë'
kä.. pwä
peto
muöde
nâblo
nenü
ma
ä
lömëtangi
rlilrdr
bö
nëli
doa
da
ngölä
ëbë
amölä
ä
më
töpnëngö
öplë
nar
- mâ ==tö
tzsiu
yëlu -mü ==gö
doa
më
në- wë -ngö
kâ
tzsiu
li -tä -tö
lika
kë
më
kâ
kä.. topwë -ne
köanëlvün
bot
digi
muöde
më
më
tö
kä..
löpë
kai
mëli
të- po -o ==pe ==ngü
kä..
ö- pi ==ä
tü- pö -të
löpë
käkë
melömü ==dö -ngü
ncyabe
bagö
më
ostrelia
elizabeth
më
ö- pi ==le
c
kâ
ä
öda
tü- vë ==pe -bë ==
ä
alvëtö -tä -ngö ==ne
köa- li
kä.. etu
tzsiu
natqgu
sâ-
mölë
nëli
ä
nim
dötü
lvztx
älö -bë ==kö
japan
kâ
käetu
sâ-
yökö -pä -bë ==
kâ
medisin
dötwö ==nge
doa
të- male -bë ==lö
në- mnâ -kö ==gö
bia
mzte.opx
më
nigö
në- wz läblö -kö ==gö
madäi
muöde
kâng
kä..
tzsiu
ö- yapwä ëvë ==kö
kä..
päi ==
tzyrkqlvztxlzpe~pwzlr
të- yökö ==pe mou ==ng
në- köka' -kö ==de
du
sâ-
sâ-
rik
yâ
bagö
narnztilolx
bot
më
këdung
në- siklu -kö ==nge
neimö
ye
nölâkäbü
lons
në- wü -kö
kâ
sâ-
kë
këte ==gö
më
badö
- ötâ -o -ngö ==dö
kä..
badö
inglan
ölilö ==gö
në- a- mëblü -pä -kö -mü ==ä
kä.. etu
kâ
kâ
lâ
të- vz ==pe ==ng
elö
dötwö
döta'
dötü ==de
në- ani -tä pwë ==ngü
kâ
yëlu -mü ==le
në- abë -kö -bë ==kö
në- a- vo -bë ==lö
dötü ==de
kâng
në- vë -kö
më
kâng
tqpiba
nrngx
tü- öpwämë
nzrlwxngr
yië
na- ka -bo
në- bom ==lö
tekütö ==le
mölä ==mü
më
në- wë -ngö
më
më
tü- obü -lë ==pe ==ä
sâ-
nepwzli
ma
ma
dwa rbr -lë -ngö -mü ==gö
më
kä..
sâ-
më
skul
tu
satqycmnepe
lâng
sâ-
mëli
dwa -o ëvë ==le
nzmnq
izlupem
esë'
ma
nëmu-köde
sâ-
të- mailë ==lö
më
satqkxbzle
lâ
mëtea
mëli
nivë
tü- vë ==pe
nyë
vë -mü ==
këdu
të- tave -tö ==lö
mü
ngö ==de
na- längiti ==ku
kä.. etu
më
dävo
na- o ==pe
luekäpië
buk
kä..
ö- makä ëlwë -ngö
yöpu ==pe
naonöä
nëlu
mëli
wë -tä -lë
në- yâmne -kö -bë
tü- ö- mâ -ti ==pe ==ä
mökâ
brngr
butübö
tqma~nqblqpeku
kä..
kä..
kä..
kâng
na- yâ ==pe -mü
më
ä
më
kâng
pawa
sâ-
jon
sâ-
nâblo
pi -bë
käkë
nar ==nge
ä
ä
mëli
yölë
kë
ni- ==nge
nounâ
ncnia
stanley
kâ
dötü ==mü
pokia -bë ==kö
deyagwengr
ö- pi -bë ==le
më
nabö.nabë
lâlö
kâ
kâng
dötü ==de
ö ==de
nyë ==dö
nouöla
kä..
jos
më
në- ö- pi -mü
ä
sâ-
ba- ==gi
mzdealwx
na- kölë kai ==le
nibö ==de
sâ-
dckta.foks
sâ-
yâ -äbë.ëbë -tö ==kö
doa
më
veranaso
më
delâ
ä
ä
vë -bë ==kö
milëpü
yâ
kâ
kaputrpq
sikaiana
ä
sâ-
ngö ==de
në- mënö -kö ==de
abötë -lvë ==kö
sâ-
dzbede
ömnö -ngö -tä -bë ==le
skul
nidö
ä
tü- vo -lë ==pe mou ==ä
yrpusz
löpëki
kä..
ä
peto
ö ==gö
sadzs
lö
köa- li
lâng
- ka -mü
mr
ikë ==kö
dötü ==dö
merikz
doa
ëbë
nzrtekqtrngr
yië
nadcpx
ä
ö- pi -bë ==le
më
kâ
nepa'
mëli
wü
ä
tü- rlvi -tä -pä ==be
kâpwë
wü
amölä
da
sâ-
më
mölë
nëmu
teomo
tqtemele
bagö
nemya'
badö
ngö
tzsiu
e
dwanem
ölilö ==mu
muöde
tü- tu -ne pwë
a'
tü- ela ==pe -bë
vo -ngö mou ==kö
kâng
- pi -bë ==lö ==le
nepu
tü- wai ==ki
nëmu
elö
yölë -ti ==le
ate ==
më
vë ==ne
nibö
kä..
sâ-
në- o -ägle ==lö
- ikla pwë
më
ni ==gö
töpnëngö
na- o ==pe kai ==ä
- vë ==pe ==ng
kölë -mü ==gö
lâng
kâ
lâ
ukëlele
nouöla
kâ
vea kapü
na- vë kai ==kö
töpnëngö
vea
kalö
ä
ngö ==gu
tü- alilvâ -ne ==pe
ä
nidö
më
ä
kâ
në- a- tolwa -ngö -ngü
pöla
vo -mü
nzamr-lzu
ä
lö
muöde
tewa
tü- li ==pe ==kö
më
kä..
suti
yië
muöde
merikz
na- a- mingö -ti -ngö ==dö
ëbë
mëtea
ä
kë
mölâde
më
më ==tö
-kö ==de
në- pöpä -kö ==dö
bingaö
kâ
kä..
na- vë -pä -kö -mü ==le
a'
ö ==de
kâ
tü- bü ==pe
tü- vë -ki -pä
- ne -mi ==lö
na- ngi täpwë
a'
doa
bznwz
belenga
kâ
në- oliü -kö
yagoä -tä
yöbü -ti ==kö
badö
pä -ngö ==de
ëbü
dötwö ==gö
më
muöde
glö -ti ==pe -ngq
më.nibö
kâ
më
mepë
emily
kâng
nar
më
ölilö ==gö
në- vë -ki -o ==lö
kâ
kâ
lö
më
mztq
nëlu
kä..
tü- ö- ka -bë
skul
ä
kä..
ya -pä ==kö
alankaulz
nöâ
nabë
dötü ==de
a'
kä..
yöbu -ti ==pe ==ng
ä
ä
- tekütö -ngö
taon
kâng
kâ
kâ
nepr
matemz
kä..
nâdö
gëpman
kâng
dötü ==de
në- köka' -kö ==de
kâ
yië
odati
brbqlia
na- ayökö -pä ==ä
vanikoro
në- vë -pä -bë ==ng
isabel
mrkang
nar
yië
më
skul
nina
ne ==nge -ngü
aijz
lâ
boo
ä
saotzn.kros
tzsiu
josis
nölâkäbü
nâdö
täpwë
lökö'
nouöla
- kapä.ka -lë -mü ==lö
loëbü
këdung
ä
më
kâ
ni- ==nge
nigö
nesökö
nide
më
nëöyöngö
du
pöla
në- abötë -kö ==gö
merikz
kâ
në- amâ -ti kë ==lö
mzdealwx
nigö
dötwö ==dö
olvë
mölë -r -tä == -ngö
tü- vo pwë
e
müngö
më
muöde
ä
kä..
nidö
tqngrlrpe~kzp
me
në- siklu -ngö
sâ-
kä.. etu
meabr
tü- mu -ngö ==gö
ëbü
olvi
ä
töau
wü
më
kzbznyon
nzatuongr
kä.. pöki
töpnëngö
më
më
tü- yëlu ==pe -ngö -mü ==gö
mölâ
tü- vë -pä ==pe
mou
twztrpqlele
na- o -mü
- ikla täpwë ==ng
në- ale -kö ==dö ==le
esë'-köm
kä.. yagoä
profesz
më
ngö ==de -ngü
kâng
ä
më
më
kö.- lâ ==de -ngü
yölü -bë ==le
mëtea
tömâtu
- ö- pi -bë
tö- öpwa' -ngö pwë ==le -u
ëbë
tabao
kä..
olvë
a'
ni- ==nge
kâ
ëbë
silas
ngö
nabäbë
katx -pä -mü ==ä
- veâ -o -mü ==lö ==le
ä
medesin
tü- o ==pe
na- vë ==
veronika
ä
në- nu -ngö
lö
ä
möka
më
badö
ka
mëli
angölo -ti ==le
kâ
kâ
më
myä
dötü ==de
vë
ngö ==de
nâblo
mâ ==ä
wü
na- yapwä -ti -mü ==le
ö- pi -mü
kä.. külu
mwä
polykap
më
më
kä..
leplë
nölâkäbü
në- ölwä -kö ==dö
oti kz - ==le
==ü
banyapu
kâ
mnâ löpi ==amu
nzrwzngr
nyë ==gö
ä
merikz
ö ==de
kâ
lö
kä..
më
ä
merikz
më
në- mwi -ngö
srpi
skul
tü- pwä -nüblü -lë ==pe
nigö
blë
lore
kä..
dötwö ==gö
xmla
novebz
ä
tü- vë ==pe ==ä
tö- mnâ -ne ëpwä ==pe ==kö -u
keneyagwe
waelas
ötâ -tä -ngö ==gö
dake
mökâ
ä
joses
më
nzrla~krm
kä..
tömötao
nölâkängölä
kä..
nöa
më
më
yië
dötü ==de
bagö
kâ
kä..
abä
nabäbë
ami
esë'
temë
tü- a- mëblü -pä -mü ==ä
doa
japan
nidö
prcpelz
më
tö- pi -mü ==ü -u
vë -mü ==
bot
ngö ==mu
ä
badö
tü- vë ==pe ==kö
köa- li
më
olvi
etu -ne -pä
nigö
tü- yöni ==pe ==
në- lala -ti -kö
nzlvz
a'
bagö
na ==gö
tewa
kâ
më
ä
ni- ==nge
në- wëtö ==ng
sâ-
kâ
më
kâ
nide
më
bokapwr
kâ
sâ-
këble
ni ==gu
më
nölâ
tü- atwëlö ==pe
ataküti lëbü -tä ==kö
blrirde
ä
bxn
lëbü
pistol
prcpelz
kâng
ö ==dö
në- pö -pä -kö ==nge
töpnëngö
a'
tö- rtwz ==ä -u
a'
a'
kë
e
ba- ==nge
ka ëvë -bo
tö- löpö ==kö -u
tresapxka
yâ -o kë -mü
kâ
tü- vë -bë
awi -tä -bo
më
nigö
dâkta
lopi
mëli
twë ==ä
në- vë -kö -mü ==gö
ngö
tü- male ==ä
kâ
aböelë
mztq
badö
kâ
dötwö
pulis
kâ
në- pötë -kö -bë ==lö
lâ a- pü -bë ==le
tü- ngi
mëtea
në- ö- mwible -kö ==nge
më
kä..
më
na ==dö
mëtea
nigö
- lvâ ==ng
müngö ==de
në- aölapä -kö
ba- ==nge
tü- pi -bo
më
kâ
nö
muöde
nekeng
kai
tü- të ==le
kämu kë ==le
ä
tü- ö- pi ==pe -mü
kâ
nekeng
taplersrding
vo
në- ka -kö -mü ==le
tü- vo -ngö ==gö
na- öläti -bo
skul
më
të- kuki -ngö ==dö
nëli
mëtea
kâ
amölä
sâ-
a'
toki
meöikol
sâ-
ä
kâ
tewa
vë -tö -bë ==le
të- ölä -ti -mü ==lö
letë
na- ngi
më
dölë ==dö
lö
sâ-
amölä
lrkr'
më
ä
lr.japan
rum
ä
kâng
ma
kâ
nyö
më
jenwzri
rpitrpqle
zmio
nar
pi kë -mü ==le
kä..
kâ
ä
kâng
tü- vë ==pe
lömëtangi
nëokatöngö
muli ==de
tö- vo -ngö -mü =mc -u
kä.. topwë -ne
nâdö
lömëtangi
doa
kä..
në- vë -ti -tä -kö
tö- tü- dwa -o ==pe -ngö ==de -u
ä
plamöi -lë -mü ==le
ami
lika
bagö
lvemibz
doa
na ==gö
na- mnâ -tä -mü ==ä
ä
kä.. etu
mölë
kâng
nuzmu
bagö
jenwzri
kä..
bute'
rik
tö- vë -u
ba- ==nge
më
tü- ö- pi ==pe -bo
mou
në- ale -ngö
na- ngü ==amu
käöpalë
kâ
mznzmipc'
më.nibö
- pnz'
töte ==nge
jane
löpëu
awi -tä -ngö -bë ==kö
kâng
pnz' -bë ==le
skul
kä..
kâti -tä -pä ==ä
nöa
të- zpqtr ==ngü
nigö
mëli
dckta.foks
sâ-
kä.. po
në- ngini -kö ==de
kâ
ngö ==dö
kâ
tü- vë -ngö ==ne
ä
du
balq
tü- vo -ngö ==gö
tü- alvë -pä ==pe ==ä
da
doa
dëbe
mëtea
mökâ
kä..
tzsiu
në- yâmne abötë -ngö
në- kölë -tö mou -mü ==lö
kâ
lâng
dötwö ==nge
ä
në- mqlrpi -kö ==nge
mcnika
ä
wili
lore
kâ
ba- ==nge
të- lë -tö
mëli
skul
nyë ==gö
mëli
lesile
ngö
të- vë -tö ate -mü ==ng
kâ
xmrle
a'
olvë
töte ==nge
kä.. esë' -ne
më ==ke'
ngö ==de
na- tes kai - ==lö
nesökö
ä
sâ-
saemons
nar ==de
sâ-
na- vë -mü ==gö
në- wë -ngö
elö
- apä -ngö -bë
më
mnâ ayönö -ngö ==ne
tü- dwa -pä ==pe
kâ
dâkta
mcnika
ëbü
tapläsö ==gö
kölâ
elö
da
më
amölä
aijz
lâlö
nölâ
ëbü kä.. tö
tö- ngi == -u
muöde
leplë
në- längiti -kö ==de
nöë
më
muöde
tewa
nâbö
në- ö- katx -ngö
ä
lâde
nzale
tü- wü ==pe ==
të- ö- wë -ngö ==pe ==ng
mwi ==kö
bagö
kâ
ö- pi -mü ==le
kâ
pö -tö -mü
kâ
- apä -ngö
kâng
rik
da
më
- lvâ ==pe ==ng
leplë
ä
mökâ
më
mölâde
nyë
kä.. esë'
gini
më
kä..
da
külu
na- öläti -bë ==me
më
- yöbü kë ==ng
gresosa.bei
kä.. etu
yië
nzetu-krdr
butai
ö- pi -ö ==de
më
mista
luekäpië
tö- ngi == -u
löpë
mëlwe -ngü
bwzng
më
vzne ==kö
sosaeti
kâ
kxaonrwx
ä
vöi
tö- esaki ==pe -u
më
kä.. etu
kâ
kä..
tü- a- su ==pe -bë ==
lö
badö
skul
köka' -ne pwë ==kö
lika
më
sâ ==gö
känëakölë
sâ-
tü- ela ==pe -bë
më
mëli
kä..
kâ
krikit
tü- vë ==pe -bo
më
mëli
më
nrlxngiti
alankaula
ni ==pe ==nge
ä
läe ==nge
ba- =gu
kâ
mou
kä..
më
nâ.tea
nölâkäbü
nyë ==de
na- vë ==ne
lâde
ëbü
kä.. etu
ä
në- yëlu -kö -mü ==o
amölä
më
tö- mnâ ==kö -u
yölü -tä -bo
nide
nide
ö- pi -mü ==le
kä..
sâ-
mnâ -lvë -ngö
në- mu -kö ==gö
ba- ==nge
ä
ä
kâ
nzmkidr
mökâ
älö ==kö
ä
badö
kâ
sâ ==de
tu -tä -lë -m
esë'
nide
böma
në- mâ -kö ==de
tü- a- yökö ==pe ==ä
badö
kä..
yrngao
më
kä..
nar ==mü
lâdeng
wü
kä.. - etu
lrlvz
lö
më
nidö
bâ
më
sâ-
në- mingö -kö ==gö
kä..
toki
muöde
ebio
maplxle
nâblo
mnâ -ti -tä pwë ==kö
ö ==gö
në- wë -ngö
dötü ==de
dakänëng
nenü
sade
tö- kölë ==kö -u
daniel
kä..
mzlq -ki -tö ==le
tü- lolvë ==pe ==ä
mökâ
kâng
kä..
sâ-
më
sâ-
tqlz~zpwxpe~moq
- mu ==lö
nqyagwengr
më
elö
nöwä
ä
të- ö- twë -ti ==pe kë ==ng
kä..