COMP:DS
that CON:AC
no
and
want IRR:DS
something
THAT LOC
finish. 1SI TNS
go REM.PAST
be
YOU
WHITE:PERSON
I:want
letter
YOU
WHITE:PERSON
house
cry. WHEN
plural 1PI
people
III
just
do
how PST COMP:DS
just
that CON:AC
just
go REM.PAST
something
make PART
I:nom
morning
go.(of.three.or.more). WHEN
somewhere
III
COMP:DS
ins
be:real
finish.
be:three
1PI
be
beans
1SIII
and
1SII
I:nom
find. IRR2
1sIII
and:then:ss
YOU
YOU
WHITE:PERSON
ins
year
do.so,.to.happen
good POT
THAT LOC
COMP:SS
GARDEN
ins
retire REM.PAST Q
begin:to PART
really
work
YOU
LONG:AGO
III
get WHEN
who
be WHEN
ins
go.as.far.as REM.PAST
CON:AC
before
just
COMP:DS
do.so,.to.happen
again
YOU
1PI
exist.(of.three.or.more). PART
COMP:SS
year
woods
do.so,.to.happen TNS
be WHEN
that CON:AC
people
1sIII
1PI
1PI
work. PART:SS
that CON:AC
some
just
ACC:TOP
YOU
do.so,.to.happen TNS
I:nom
ACC:TOP
1sIII
START
somewhere
be WHEN
work. 1SI
just
just
no
four IRR:DS
two.time.periods.before.or.after
III
THAT LOC
how:long LOC
corn
work. 1SI
pay. WHEN
something
2PI 1SIII
understand,.to.know 1SI TNS
something
be REM.PAST
COMP:SS
USED:TO PST
1PI
WHATEVER.KIND.OF
III
III
emph
1PI
1sIII
put.(one).in.a.row TNS
be REM.PAST
corn
house
1sIII
1sIII
DEM NOM2
fish
be WHEN
no
1sIII
and:then
just
basket
teach TNS
1PI
1sIII father
people
learn
1sIII father
corn
WHITE:PERSON
COMP:DS
that CON:AC
that.one
be WHEN
do.so,.to.happen TNS
do.so,.to.happen
exist.(of.three.or.more).
that CON:AC
2PI
self
1PI
that CON:AC
one
really
four IRR:DS
people
really
1PI
eat.(a.specific.food)
something
prev
pour.in PART
do PST Q
ss
something
something
DEM NOM2
be WHEN
III stand:du TNS
DEM NOM2
fish
COMP:DS
1PI
make PART
1PI
1sIII father
edge
III
COMP:DS
go REM.PAST
ins
basket
be:here
people
cut
morning
want IRR:DS
work
USED:TO REM.PAST
WHITE:PERSON
do.so,.to.happen
YOU
THAT LOC
just
that CON:AC
that CON:AC
1SII be TNS
you
that CON:AC
return
DISAPPEAR TNS
work
1SII be TNS
2PI
finish.
do.so,.to.happen TNS
WHITE:PERSON
say:hn.gr
that CON:AC
think.(perhaps),.to.reckon TNS
YOU
throw. WHEN
be:about
fish
and
reside.(plural.subject) TNS
something
that CON:AC
be
say PST
fish
ss
START
do.so,.to.happen TNS
and
practice 1SI TNS
just
somewhere
laugh
we
START
year
do.so,.to.happen
1sIII
be
1PI
INDEED PST SS
1PI
ENGLISH
DEM NOM2
people
1PI
you:nom2
go REM.PAST
understand
1PI
no
that CON:AC
be:here 1SI TNS
III
towards
1sIII
1PI
YOU
1sIII father
die.
III
yes
be
some
and:then:ss
just
2PI
laugh
something
be
say. TNS
think.(perhaps),.to.reckon TNS
N
1PI
be WHEN
just
ins
towards
WHITE:PERSON
1PI
look.for WHEN
USED:TO REM.PAST
go 1SI
fish
stove
PART:DS
1sIII
be
people
day
work
PART:DS
YOU
because.of
just
yes
plural 1PI
look.for PART
marry WHEN
KIND:OF
go REM.PAST
PART:DS
just
1PI
stove
1sIII father
1PI
WHATEVER.KIND.OF
1SIII good TNS
1PI
exist.(of.two)
1sIII father
both TNS
fish
1PI
emph
yes
USED:TO REM.PAST
1PI
basket
KIND:OF
be:cold PART
die.
why,.how.come
III
fall:into:water REM.PAST
THAT LOC
learn
1PI
1PI
good
good POT
return
stay,.live.(someplace) 1SI
YOU
again
that.one
basket
yes
again
get WHEN
yes
ss
again
be:real
ss
1PI
PST UNSURE
1MPIII
again
COMP:DS
be
think.(perhaps),.to.reckon TNS
yes
START
go.(of.three.or.more). PART
be
good POT
just
1PI
PART:SS
WHITE:PERSON
1PI
right:now
be WHEN
hear,.listen
2PII
2PI
COMP:DS
go:up PART
sit.(of.one)
go
and
do.so,.to.happen
III
people
woman
go.away 1SI REM.PAST PART:SS
be:about
YOU
do.so,.to.happen TNS
become
weave
self
WHITE:PERSON
WHITE:PERSON
PART:DS
COMP:DS
that.one
I:nom
COMP:DS
1sIII father
1sIII
WHITE:PERSON
2PI
no
finish.
alongside
WHITE:PERSON
something
COMP:DS
III
III
some
1sIII
and:then
little COMP:DS
START
good
people
exist.(of.two)
work. CAUS TNS
only
1PI
III
that CON:AC
1SII be TNS
ACC:TOP
exist.(of.three.or.more).
just
again
understand,.to.know
plural 1PI
1sIII
year
USED:TO REM.PAST
sit.(of.one)
people
laugh
1sIII
go REM.PAST
1SII be TNS
that CON:AC
bush
go.outside.
that CON:AC
THAT LOC
people
look.for PART
1sIII
do:always
people
1PI
somewhere
evaporate
exist.(of.one) 1SI TNS
do.so,.to.happen TNS
laugh
do.so,.to.happen TNS
say 1SI IRR TNS
that CON:AC
PART:DS
woman
male
work. PART
be WHEN
husband
people
III
cousin
be:hungry.
understand,.to.know 1SI TNS
be
go.outside.
get.out,.take.out PST
1PI
YOU
go REM.PAST
be REM.PAST
that CON:AC
just
be:here 1SI TNS
plural 1PI
too,.also
ss
again
1sIII
walk.together TNS
1sIII
weave 1SI TNS
1PI
that CON:AC
prev
something
people
CON:AC
do.so,.to.happen TNS
walk.together
and:then
that CON:AC
DEM NOM2
be
no
III
LOC learn PST
something
really
1SII
USED:TO PST
plural 1PI
1sIII
something
try. REM.PAST
USED:TO PST
WHITE:PERSON
people
III
reside.(plural.subject) TNS
DEM NOM2
DEM NOM2
people
make.bleed
PART:DS
self
1SII
beans
hardship
THAT LOC
1SII wish;.want
and
think.(perhaps),.to.reckon TNS
2PI
do
self
that CON:AC
be
down
die.
RAILROAD.TRACKS
LOC arrive.(here) REM.PAST
peach
fish
and:then:ss
you:nom2
work.hard.at REM.PAST
1sIII father
people
1SIII good TNS
want
basket
finally
some
just
try. REM.PAST
III
1sIII
people
again
something
go.(of.three.or.more). PST
1PI
son
be WHEN
1MPIII
and:then:ss
COMP:SS
DEM NOM2
house
that CON:AC
son
III
just
something
my.mother
2PI 1SIII
be WHEN
understand
and
DEM NOM2
laugh
work. REM.PAST
START
be
practice 1SI TNS
just
you:nom2
corn
we OWN PART
laugh
look.for PART
YOU
fish
do.so,.to.happen TNS
USED:TO PST
and
1PI
yes
YOU
we
USED:TO PST
work
do
again
sugarcane
send REM.PAST
COMP:DS
be WHEN
do.so,.to.happen
1PI
exist.(of.three.or.more). PART
WHITE:PERSON
something
people
exist.(of.three.or.more).
year
that CON:AC
indeed
walk.around TNS
I:nom
1PI
no
1SII
just
look.for
just
just
be WHEN
woman
only
PART:DS
people
III
go COMP:SS
go.(of.three.or.more). PST FOC:DS
YOU
people
PART:DS
something
THAT LOC
YOU
help,.assist. TNS
name SUBJECT:MARKER
be:aware,.to.be.conscious 1SI
YOU
somewhere
teach TNS
just
just
do
that CON:AC
N
and
people
think.(perhaps),.to.reckon TNS
something
1sIII
COMP:DS
again
arrive:there
I:AM grow.up
again
go.away 1SI REM.PAST
plural 1PI
teach TNS
again
1sIII father
USED:TO TNS
ACC:TOP
1sIII
cow
people
III
2PI
be:real
ins
1PI
be REM.PAST
name
again
1SII mother
COMP:DS
WHATEVER.KIND.OF
COMP:DS
sugarcane
that CON:AC
again
2PII
1PI
YOU
somewhere
THAT LOC
learn
1sIII
we
just
exist.(of.three.or.more).
adult
ins
1PI
be:two
YOU
understand,.to.know 1SI TNS
go 1SI
be WHEN
YOU
learn
WHITE:PERSON
year
I:nom
go 1SI
be WHEN
understand,.to.know PART:DS
no
somewhere
both
just
house
I:want
somewhere
1SII mother
that CON:AC
go.(of.three.or.more).
plural 1PI
ins
III
toward
people
no
year
1SII be TNS
how PART:SS
go 1SI
YOU
go REM.PAST
again
ss
just
people
III
just
III stand:du TNS
shoes
I:nom
LONG:AGO
1sIII
year
be:fearful.
2PI
and
corn
YOU
woods
mother PART
be WHEN
again
people
COMP:DS
1SII
people
and
plural 1PI
COMP:DS
YOU
I:want
1SII
START
and
ins
plural 1PI
fish
laugh
exist.(of.one) 1SI TNS
and
III father SUBJECT:MARKER
COMP:DS
string TNS
again
WHATEVER.KIND.OF
PART:DS
YOU
just
hardship
do.so,.to.happen
day
tell.
teach TNS
hand
that CON:AC
still
LOC come 1SI
1sIII father
BEGIN 1SI TNS
somewhere
INDEED PST SS
people
WHITE:PERSON
house
PART:DS
be:here 1SI TNS
be:real
something
finally
again
just
1PI
neck
1sIII
my.mother
year
1PI
think.(perhaps),.to.reckon TNS
happen:this:way IRR:DS
YOU
1PI
fish
1PI
go.(of.three.or.more). IRR:SS
that CON:AC
1PI
my.mother
that.one
prev
1PI
III
START
again
again
people
1sIII
that.one
DEM NOM2
1PI
THAT LOC
CON:AC
1sIII
COMP:DS
1PI
be:about
WHITE:PERSON
COMP:DS
do.so,.to.happen
letter
START
LONG:AGO
KIND:OF
prev
arrive:du WHEN
only
KIND:OF
stay:at 1SI REM.PAST
prev
and:then
fish
die.
people
WHITE:PERSON
2SIII father
go
say PST
ins
THAT LOC
you
YOU
TODAY,.THIS.DAY
1PI
go
ins
1MPIII father NOM2
laugh
no
BEGIN 1SI TNS
bush
1PI
THAT LOC
that.one
people
hardship
do.so,.to.happen
just
do.so,.to.happen
COMP:DS
pour.in PART
do.so,.to.happen TNS
something
be:two
SCHOOL
no
just
people
no
pick.up.(off.the.ground).
just
say. TNS
complete REM.PAST
only
THAT LOC
do.so,.to.happen TNS
do.so,.to.happen
be:here
WHITE:PERSON
again
and:then
1sIII father
1sIII father
house
finish.
fish
1PI
again
1sIII father
people
plural 1PI
exist.(of.three.or.more).
year
people
COMP:DS
go PST
go.outside.
watch TNS
something
be REM.PAST
laugh
COMP:DS
that.one
III
look PART
indeed
plural 1PI
just
THAT LOC
USED:TO PST
people
get
1sIII
work. PART
LOC learn PST
COMP:DS
kick
DISAPPEAR TNS
III
1sIII father
1PI
USED:TO PST
just
you:nom2
just
1sIII
be
and
exist.(of.one) 1SI TNS
here,.this OWN TNS
something
USED:TO REM.PAST
learn
2sIII
you:nom2
again
N
1PI
sit.(of.one)
plural 1PI
watch
THAT LOC
COMP:DS
do.so,.to.happen
1sIII father
exist.(of.one) PST
YOU
too,.also
1sIII
reside.(plural.subject) TNS
plural 1PI
think.(perhaps),.to.reckon TNS
and:then:ss
1sIII
COMP:SS
beans
and
WHITE:PERSON
teach TNS
2PII mother
1PI
go.(of.three.or.more).
again
milk
just
YOU
people
COMP:DS
still
exist.(of.three.or.more).
do
1PI
maker 1SI PART:SS
that CON:AC
and
fish
do.so,.to.happen TNS
go REM.PAST
1SIII forget
who
be WHEN
just
you:nom2
1SII
just
YOU
1PI
again
1sIII father
WHITE:PERSON
I:nom
1sIII
1MPIII
and
WHATEVER.KIND.OF
do.so,.to.happen TNS
that CON:AC
1PI
be:here 1SI TNS
1sIII
corn
do.so,.to.happen
START
make PART
reside.(plural.subject) TNS
reside.(plural.subject)
be REM.PAST
1SII mother
COMP:DS
USED:TO PST
1PI
speak,.say,.talk POT REM.PAST
do
exist.(of.one) PST
1PI
1sIII
that CON:AC
KIND:OF
something
do.so,.to.happen
1PI
something
YOU 1SIII
USED:TO REM.PAST
USED:TO TNS
just
1SIII
exist.(of.three.or.more). PART
USED:TO REM.PAST
be
walk.around TNS
YOU
that CON:AC
people
1sIII
1sIII
YOU
something
plural 1PI
that CON:AC
two.time.periods.before.or.after
put.(one).in.a.row TNS
CON:AC
LOC arrive.(here) REM.PAST
ss
III
ACC:TOP
COMP:DS
turn:on.
exist.(of.three.or.more).
1sIII
just
no
again
just
just
be:here 1SI TNS
come
who
go.away.(two.or.more) PART
be:two PART:SS
1PI
barn
speak,.say,.talk 1SI IRR TNS
III
be:real
I:want
1PI
1sIII
house
WHITE:PERSON
Conehatta
1sIII
go.(of.three.or.more). PST FOC:DS
START
III
corn
1PI
again
1PI
where
2SIII father
START
female
be:real
that CON:AC
YOU
almost
2PI
river:cane
corn
laugh
again
1MPIII
plural 1PI
no
be WHEN
be:striped CAUS PART
look.for
do.so,.to.happen
USED:TO REM.PAST
clean.(house) PART
1sIII
again
prev
people
ins
speak,.say,.talk 1SI IRR TNS
do.so,.to.happen
do
1SII mother
YOU
III
just
1PI
and:then:ss
be
1PI
be:real
do.so,.to.happen TNS
work
toward
BOGUE.CHITTO
and
learn 1SI PST
get.out,.take.out IRR TNS
say.
just
YOU
be:young.(sg..or.pl.).(pl..himittowa)
exist.(of.one) 1SI TNS
near.to
2SIII father
1PI
people
do PST Q
YOU
just
yes
1sIII
THAT LOC
WHITE:PERSON
just
1PI
THAT LOC
USED:TO REM.PAST
distance
reside.(plural.subject)
I:AM adult
go.(of.three.or.more).
walk.together TNS
go.(of.three.or.more). WHEN
what? Q
exist.(of.one) 1SI TNS
COMP:SS
WHATEVER.KIND.OF
people
learn
COMP:DS
DEM NOM2
DEM NOM2
walk.together
want IRR:DS
think.(perhaps),.to.reckon TNS
1SII
DEM NOM2
name
go 1SI
YOU
that CON:AC
how:long LOC
that CON:AC
fish
people
do:always
people
woods
die.
live
how
learn 1SI WHEN
only
people
be:real
be
III
weave 1SI TNS
be WHEN
2PI
somewhere
YOU
III
COMP:DS
1PI
1SIII
1SII
1SII
no
1PI
people
be:young.(sg..or.pl.).(pl..himittowa)
START
die.
fish
III
again
work. PART
1sIII father
work. PART
go 1SI REM.PAST
BOGUE.CHITTO
no
think.(perhaps),.to.reckon TNS
1PI
no
go.(of.three.or.more). PST FOC:DS
1PI
1sIII
learn
people
learn 1SI TNS
be WHEN
be:angry,.mad
Conehatta
WHITE:PERSON
finally
again
people
my.mother
no
1PI
LOC learn 1SI
walk.together
because.of
walk.together TNS
be WHEN
YOU
COMP:DS
basket
YOU
watch
THAT LOC
go.(of.three.or.more).
mind
plural 1PI
1PI
and
that CON:AC
something
CON:AC
I:nom
somewhere
how PST COMP:DS
WHITE:PERSON
live
CORNBREAD
1sIII
ENGLISH
live
become
CON:AC
YOU
III
SHARECROPPING
be:two
2PI
fish
something
woman
DEM NOM2
go
USED:TO PST
edge
be WHEN
that CON:AC
1PI
no
TODAY,.THIS.DAY
again
people
just
good
be REM.PAST
no
far:off
COMP:DS
III
just
III
again
you:nom2
pick.
people
and
people
just
just
go:up PART
that CON:AC
2PI
DEM NOM2
III father SUBJECT:MARKER
III
go.(of.three.or.more). TNS
fish
go
no
laugh
1SII
people
just
COMP:SS
YOU
2PI
people
we
that CON:AC
just
PART:DS
grow.up PART
be
just
that CON:AC
just
we
THAT LOC
YOU
look.for
people
that CON:AC
year
THAT LOC
1PI
speak,.say,.talk
and
laugh
look.for
exist.(of.three.or.more).
be:here
people
only
evaporate
do.so,.to.happen
COMP:SS
START
just
plural 1PI
exist.(of.one) 1SI TNS
hold PART
be:two
plural 1PI
be:strong. PART
I:nom
ins
no
1SII
1PI
cut.(with.a.knife,.broken.glass). PART
be
work
USED:TO REM.PAST
too,.also
and
that CON:AC
think.(perhaps),.to.reckon TNS
just
PST seem REM.PAST
just
and:then:ss
1sIII father
happen:this:way IRR:DS
THAT LOC
not:exist TNS
people
USED:TO REM.PAST
ins
USED:TO PST
COMP:DS
that.one
do.so,.to.happen
be WHEN
2PI
work. CAUS TNS
live
1SII
COMP:DS
that CON:AC
before
WHITE:PERSON
who
plant. PART
1SN know NEG
year
1sIII father
we
just
1PI
name
III
become
how:long LOC
exist.(of.three.or.more).
ss
TODAY,.THIS.DAY
people
work. REM.PAST
do
just
again
1sIII
only
here,.this OWN TNS
just
DEM NOM2
somewhere
1PI
THAT LOC
just
ss
2PI
plural 1PI
be REM.PAST
understand,.to.know 1SI TNS
plant. PART
YOU
really
die.
towards
no
people
towards
laugh
YOU
no
finish.
1PI
go.(of.three.or.more). PST FOC:DS
III
somewhere
towards
1sIII
no
COMP:DS
COMP:DS
peanuts
no
just
1PI
RAILROAD.TRACKS
milk
want IRR:DS
just
finally
YOU 1SIII
CON:AC
make PART
enter.(of.two)
no
YOU
sugarcane
1SIII
I:nom
finally
1PI
woman
clothes
1PI
people
speak,.say,.talk
no
finally
want IRR:DS
look.for TNS
far:off
no
that CON:AC
that CON:AC
really
ins
just
cut.(with.a.knife,.broken.glass). PART
CON:AC
people
people
laugh
1SII
cook.
plural 1PI
1sIII
COMP:DS
WHITE:PERSON
and
toward
do:always
hear,.listen
USED:TO REM.PAST
do.so,.to.happen
USED:TO REM.PAST
LONG:AGO
COMP:SS
woman
somewhere
die. NOM2
just
laugh
go REM.PAST
toward
people
1SII mother
letter
that CON:AC
just
1SII be TNS
be WHEN
again
house
something
I:nom
1PI
THAT LOC
WHADDYACALLIT
do.so,.to.happen TNS
prev
ins
pretend,.make.believe. TNS
1SII
1sIII
be:together.as.a.couple.or.married
people
stay,.live.(someplace)
WHITE:PERSON
understand,.to.know 1SI TNS
do.so,.to.happen
laugh
you:nom2
pretend,.make.believe.
do.so,.to.happen
near.to
house
be WHEN
people
go
milk
something
want IRR:DS
1sIII