dem
n
n MEASURE.NOMINALIZER
n CHARACTERSTIC.OF CHARACTERSTIC.OF
n
adj
relpro
nprop
vt ACTIVE.VOICE
Prep
pro =3SG
vt
Prep
vi
n
adj
n
n
adv
pro
existmrkr
adv
n
Conj
adj
vi
n ONE
n =3SG
pro
vt CAUSATIVE CAUSATIVE
adj
Conj
adv
adv
adj
adv
nprop
n
Prep
relpro
adj
relpro
n =3SG
cardnum
pro
pro
n GIRL
pro
n
n EACH
adv
n
n
Prep
n
vt PAS.TR
vt
vt
vi TO.HAVE....
adj
n NOMINALIZER NOMINALIZER
n =3SG
relpro
n ONE
pro
clf
relpro
pro
pro
relpro
adv
vi
vi
adv
n
n
n =THE
pro
dem
Conj
adv
clf
dem
vi TO.DO....
vt
cop
Prep
n =3SG
n
adj
vt
nprop BRU.DINAM
refl =2ND.PERSON
nprop BRU.DINAM
adj
n RDP
vt ACTIVE.VOICE
n
n GIRL
Prep
relpro
adv
adv
vi TO.DO....
adv
pro
vt
cop
vt TO.CARE.ABOUT
n
adv
v ABILITATIVE
adv RDP
Conj
relpro
n
vt ACTIVE.VOICE
Prep
adj
vt
adj
vt PAS.TR =3SG
pro
n
vt PAS.TR
n
Prep TOWARD.(A.PERSON)
adv AFTER
vt IMPERATIVE
Prep
n
adj
Conj
n
n =3SG
vt ACTIVE.VOICE
pro
relpro
Prep
adv
Prep
vt
n NOMINALIZER NOMINALIZER =THE
vt =FRONTED.ELEMENT
cop
n SUPERLATIVE SUPERLATIVE
adv
relpro
vt
Prep TOWARD.(A.PERSON)
pro
Prep
n
vt ACTIVE.VOICE CAUSATIVE
vt
nprop
relpro
vt ACTIVE.VOICE
adj
vt ACTIVE.VOICE
cardnum
vi
adv
vi
adv
vt CAUSATIVE CAUSATIVE
n
Prep
nprop
vt ACTIVE.VOICE
Conj
n
nprop
vt CAUSATIVE
adj
n HAVING.TO.DO.WITH... HAVING.TO.DO.WITH...
adv
pro
vt =3SG
n =3SG
n NOMINALIZER RECIPRICAL
n =3SG
vt
vt PASS.INTR PASS.INTR =3SG
vt TO.DO
adv
vt
vt PASSIVE PASSIVE
Conj
adj
existmrkr
n
n
n
adv
adj
n
nprop
Aux
relpro
n PARENTS
adv
adv
Prep
vt CAUSATIVE CAUSATIVE
n
Conj
n CHARACTERSTIC.OF CHARACTERSTIC.OF =3SG
Prep
Conj
n
clf
Prep
n
nprop
existmrkr
adv
Conj
n
relpro
n
distrnum
n
adv
n PARENTS =3SG
dem
adv
n
pro
relpro
vi =FRONTED.ELEMENT
existmrkr
n
n
n
n
Conj
nprop
relpro
n =3SG
vi
n
n =3SG
distrnum
Prep
Prep
n HAVING.TO.DO.WITH... HAVING.TO.DO.WITH...
adv
Prep
pro
n =3SG
vi
n
adj
Prep
vt REPEATEDLY
n BOY
pro
dem
vt
adj
clf
adj
nprop
pro
pro WHAT
adv
adv
vt
adv
adv
adv
nprop BRU.DINAM
n
adj
adv THERE
nprop
n =2ND.PERSON
adj
vt IMPERATIVE
n
vt PASS.INTR CAUSATIVE
n
n RDP
Prep
n =THE
Prep
n
vt ACTIVE.VOICE
n
n =1SG
adj
n
adv
Prep
n =3SG
n
vt ACTIVE.VOICE
Conj
n BOY
n
adv
adj
adv
Prep TOWARD.(A.PERSON)
relpro
Prep
n =THE
dem
vt CAUSATIVE CAUSATIVE
adj
n
Prep
vi TO.HAVE....
pro WHAT
adv
vi TO.DO....
n ONE
n
Conj
vi
nprop BRU.DINAM
n NOMINALIZER NOMINALIZER
adv
vi
adj
Prep
pro
v
Conj
adv
vi TO.HAVE....
vt
n =1SG
adj
Prep
Prep
relpro
vt TO.PAY.ATTENTION.TO
n CHARACTERSTIC.OF CHARACTERSTIC.OF
adj
Conj
pro
Prep
adv
adv
n PARENTS =THE
pro
n =THE
vt PAS.TR
n
pro WHAT
n =1SG
Conj
nprop
vt ACTIVE.VOICE
pro YOU.(FAMILIAR)
n
adv
vt PAS.TR
Prep
n
n
n
relpro
vi
n
relpro
pro
n HAVING.TO.DO.WITH... HAVING.TO.DO.WITH...
clf
pro
Prep
vt CAUSATIVE CAUSATIVE
Conj
adv
n
vt
vt REPEATEDLY TRANS
dem
vt PAS.TR
relpro
pro
n
Conj
n
dem
n ONE
relpro
vi
nprop
relpro
n ONE
n THE.PROCESS.OF
vt CAUSATIVE CAUSATIVE
Conj
n
n NOMINALIZER RECIPRICAL
adj
n REDUPLICATION PERSON.WHO...
adj
adv
n
pro
nprop
n
Prep
Prep
adv
Prep
n
n NOMINALIZER NOMINALIZER =3SG
adv
pro
n VARIETY VARIETY
Prep
n
relpro
Prep
vi
Prep
adj
dem
n
n
adv
pro
adv
Prep
vi TO.DO....
dem
adv
adj
adv
adj
n
clf
vt PAS.TR
adv
adv
n =3SG
existmrkr
Prep
cardnum EIGHTTEEN
vt ACTIVE.VOICE
n CHARACTERSTIC.OF CHARACTERSTIC.OF
n
adv AFTER
nprop
adv
n CHARACTERSTIC.OF CHARACTERSTIC.OF
n
relpro
n
vt ACTIVE.VOICE
n BOY
vi
vt REPEATEDLY
vi
adv
relpro
cardnum
vt ACTIVE.VOICE
vt ABILITATIVE
n
n
n
adj
Aux
n =THE
adj
Conj
n
Prep
n
n
n
pro
dem
vi TO.HAVE....
nprop
vi
n PERSON.WHO...
vt ACTIVE.VOICE
Conj
dem
n
n =2ND.PERSON
vt ACTIVE.VOICE =FRONTED.ELEMENT
relpro
vi
n NOMINALIZER NOMINALIZER
adv
Prep
Prep TOWARD.(A.PERSON)
Prep
relpro
adv
existmrkr
vt
n
vt TRANS CAUSATIVE TRANS
Conj
n NOMINALIZER NOMINALIZER =3SG
n
n RDP
pro
n
vt TO.DO....
n
adv
adv
adj
relpro
n
vt ACTIVE.VOICE
vt
n
nprop
vt ACTIVE.VOICE
vi TO.BE.... =3SG
adj
n
Conj
cop
adj
pro
prt
Prep =3SG
vt
vi TO.HAVE.... PLURAL
Conj
Prep
n =3SG
n
n
Prep
n
n BOY
vt TO.APPLY.....TO.THE.OBJECT TO.APPLY.....TO.THE.OBJECT
adv
n
Conj
Prep
n =THE
n VARIETY
adv
n
n HAVING.TO.DO.WITH... HAVING.TO.DO.WITH...
ordnum
dem
n
relpro
pro
existmrkr
pro =3SG
ordnum
n
Prep
adv
n
n OBJECT.OF.VERB
n
n CHARACTERSTIC.OF CHARACTERSTIC.OF
adj
Conj
adj
adj
adv
Aux
vt
adj
n
pro
clf
vi TO.HAVE....
n
vi
vt PASS.INTR DURATIVE?
Prep
adv
vt REPEATEDLY
vt ACTIVE.VOICE CAUSATIVE
existmrkr
vt TO.APPLY.....TO.THE.OBJECT TO.APPLY.....TO.THE.OBJECT
adj
n =3SG
adv
n
adv
vt REPEATEDLY
nprop ACEH.DARUSSALEM
n
adj
n
n RDP
existmrkr
adv
clf
vi TO.DO....
Prep TOWARD.(A.PERSON)
vi TO.BE....
vt ABILITATIVE
adv
adj
n
n
Prep
n =3SG
n =3SG
adj
n
vi
n
adv
n PARENTS
n PERSON.WHO.DOES....
n
existmrkr
adv
adj
Prep
dem
n
Prep
adv
vt ACTIVE.VOICE
n CHARACTERSTIC.OF CHARACTERSTIC.OF
Conj
vt IMPERATIVE
n
adj =THE
n
Prep
vt PASS.INTR PASS.INTR
n
Prep
n =3SG
n
pro
adv
n =3SG
Prep
nprop
adv
pro
n
n
n
Prep
vt PAS.TR
Conj
adv
n RDP
vt GIVE.X.TO
nprop
n PAST.TIME
Prep
nprop
adj
adv
pro WHAT
quant
Prep
adv
n
adj
vt TO.CAUSE.TO.BECOME... TO.CAUSE.TO.BECOME... =3SG
vt CAUSATIVE CAUSATIVE
vi
vi
adj
relpro
n PARENTS =3SG
n =3SG
n NOMINALIZER NOMINALIZER
n
vi TO.DO....
n
n
adv
Prep
adj
n
n
n
Conj
n
vt PAS.TR PASS.INTR
adj
n THE.ACT.OF.... THE.ACT.OF.... =3SG
Prep
vt
adj
vi
pro
vt PASS.INTR PASS.INTR
adj
vt
n
pro
vi TO.HAVE....
adv THERE
n
Prep
n
vt ACTIVE.VOICE IMPERATIVE
vt ACTIVE.VOICE
Conj
Conj
Conj
n =1SG
adv
adv
Conj
pro INTERROGATIVE
vi TO.HAVE....
Prep
pro
n
n
n
n
n
adv
n
n ONE RDP
adj
n =THE
nprop
adv
Prep
vt ACTIVE.VOICE =3SG
clf
relpro
pro
n
n
n THE.ACT.OF.... THE.ACT.OF....
Prep
adv
vt PAS.TR
pro
pro
vt PAS.TR
Conj
Conj
vi
pro
adv
n
Prep
n
adv
vi TO.HAVE....
Prep
n
n
vt
n =THE
vi TO.HAVE....
Prep
adv
n =THE
adv
n
vt
adv
vi TO.GO.TO....
vt ACTIVE.VOICE
Conj
Prep
Prep
adj
adv
pro
adj
vi
vt
Prep
relpro
vi =3SG
adv
vi
vi EMPHASIS
nprop
n
n PURSE
n
n
adv
n
adv
Conj
dem
v
vi
n
Prep
Prep
pro
pro =2ND.PERSON
n PARENTS =3SG
vt
n
vi EMPHASIS
pro
n
n =3SG
nprop
n =3SG
vt TO.DO....
adj
cardnum
vi
nprop
vt RDP REPEATEDLY
adv
Prep
prt
Prep
adv
adv
vt GIVE.X.TO =3SG
n
vt CAUSATIVE CAUSATIVE
relpro
Prep
Prep
relpro
Conj
n
n
n =1SG
vt ABILITATIVE
dem
n
Prep
n
Conj
Prep
adv
pro
pro
Conj
refl =2ND.PERSON
vt
Prep
v
relpro
Prep
adj
Prep
adv
vi TO.GO.DOWN =FRONTED.ELEMENT
vt ACTIVE.VOICE