-kat#COMP:SS
ittanówa#walk.together
kiyo#no
a̱#1sIII ki#father
il-#1PI
kanímih#some
ná#something
hikma#and:then
a̱sha#be:(of.three.or.more)
a̱#1sIII
pí#just
nani#fish
il-#1PI
másh#that.one
a̱h#yes
ta̱kla#before
-ma#THAT -k#LOC
a̱tta#exist.(of.one) -li#1SI -h#TNS
fokáli#approximately -tok#PST
ishit#ins
cho#or
mishsha#two.time.periods.before.or.after
-ma#THAT -k#LOC
pí#just
atta#stay,.live.(someplace)
á#be -ttók#REM.PAST
katash#who
a̱#1sIII ki#father
illi#die.
ásh#prev
hikkikí#walk.around -t#PART
toklo#be:two
panóla#cotton
ikbi#make -t#PART
-ma#THAT -k#LOC
banna#want -kma̱#IRR:DS
pí#just
hash-#2PI
to̱ksali#work
afammi#year
a̱#1sIII ki#father
ik-#N
kapassa#be:cold
kiyo#not
iya#go -h#TNS -o̱#Q
-kato#COMP:SS
chá#ss
a̱#1sIII ki#father
a#be
kanómi#be:some:amount -kma̱#IRR:DS
katímina#why,.how.come
afammi#year
náhollo#WHITE:PERSON
ásha#reside.(plural.subject) -hma̱#WHEN
mihch#do -ína#CAN -h#TNS
mano#that:one
nána#something
náhollo#WHITE:PERSON
-kásh#COMP:PREV
yohmi#do.so,.to.happen
oklil#we
hi#be
í-#1PI
hash-#2PI
chishnáto#you:nom2
ishí#take,.grasp,.get -li#1SI
nána#something
hikmat#and:then:ss
afammi#year
a̱lhi#be:real
ona#arrive:there -li#1SI -kmat#IRR:SS
mo̱m#still -áchi̱#IRR -h#TNS
afammi#year
pis#look -t#PART
chishnáto#you:nom2
hihmat#and:then:ss
okmanána#WHATEVER.KIND.OF
hikít#START
a̱#1sIII ki#father
hi#be -hma̱#WHEN
yohmi#do.so,.to.happen
hi#be -hma̱#WHEN
yamm#that -ako̱#CON:AC
-ato#NOM2
himak.nittak#TODAY,.THIS.DAY
okla.áyásha#COMMUNITY
kaníya#really
kiyo#no
í-#1PI
onna#morning
nani#fish
il-#1PI
ná#something
chá#ss
-kat#COMP:SS
nána.hollokchi#GARDEN
-ato#NOM2
á#be -ttók#REM.PAST
okla#people
aha̱shwa#stay.at,.live.at.(of.two) -kma̱#IRR:DS
i̱-#III
iksho#not:exist -hma̱#WHEN
okla#people
ta̱chi#corn
ná#something
yohmi#do.so,.to.happen
nani#fish
sanna#I:want
nána#something
-ato#NOM2
osápa#field
ikbi#maker
toklo#be:two
chahta#Choctaw
il-#1PI
másh#that.one
i̱-#III
il-#1PI
kiyo#no
kati#how:long -k#LOC
pí#just
hi#be
il-#1PI
at#subject:marker
i̱-#III
il-#1PI
ahwa#think.(perhaps),.to.reckon -h#TNS
i̱-#III
hashki#my.mother
-hósh#PART:SS
íshi#get
kiyo#no
ayyásha#reside.(plural.subject) -h#TNS
ninak#night
mo̱ma#still
táhat.iya#DISAPPEAR -kat#COMP:SS
-ka̱#COMP:DS
a̱#1sIII ki#father
ná#something
hikma#and:then
hi#be -hma̱#WHEN
náhollo#WHITE:PERSON
taha#finally
faláma#return -t#PART
a̱tta#exist.(of.one) -li#1SI -h#TNS
-bíka#USED:TO -ttók#REM.PAST
-kat#COMP:SS
hikmat#and:then:ss
okla#people
ohóyo#woman
holisso#letter
kaníya#really
ka̱chak#barn
hóyo#look.for -hma̱#WHEN
ikka̱na#understand,.to.know -li#1SI -h#TNS
-ato#NOM2
másh#that.one
nána.hollokchi#GARDEN
hapi̱-#1MPIII
hikkíya#stand. -li#1SI -h#TNS
-hátoko̱#BECAUSE:DS
ít#toward
haklo#hear,.listen
kapassa#be:cold -t#PART
ábachi#teach -h#TNS
í-#1PI
-ma#THAT -k#LOC
haklo#hear,.listen
illi#die.
hapim-#1MPIII
onna#morning
okla#people
kiyo#not -tok#PST
ayyásha#reside.(plural.subject) -h#TNS
okla#people
ittanówa#walk.together
onna#morning
-ya̱#ACC
í-#1PI
illi#die.
nána#something
-bíka#USED:TO -ttók#REM.PAST
okmanána#WHATEVER.KIND.OF
nittak#day
chi̱-#2SIII ki#father
ma̱ya#exist.(of.three.or.more).
nátah#what? -o̱#Q
ittatoklo#be:together.as.a.couple.or.married
-kat#COMP:SS
í-#1PI
hi#be -hma̱#WHEN
kiyo#not
-ato#NOM2
másh#that.one
-tok#PST áchíni#seem -ttók#REM.PAST
náhollo#WHITE:PERSON
osápa#field
hicha#and
-kat#COMP:SS
-ma#THAT -k#LOC
-ka̱#COMP:DS
ishit#ins
iyá#go -li#1SI -tok#PST -ósh#CONTRASTIVE:NOMINATIVE
kiyo#not
a#be -ttók#REM.PAST
ná#something
pih#just
onna#morning
hash-#2PI
náhollo#WHITE:PERSON
hash-#2PI
kanimma#somewhere
-kato#COMP:SS
náhollo#WHITE:PERSON
hicha#and
iyá#go -li#1SI -ttók#REM.PAST
mo̱ma#still
hóyo#look.for -h#TNS
ilhkóli#go.(of.three.or.more).
pih#just
hi#be
ik-#N
mihchi#do -li#1SI -kmat#IRR:SS
hashki#my.mother
-ato#NOM2
-ka̱#COMP:DS
hicha#and
-kat#COMP:SS
i̱-#III
hapi̱-#1MPIII
hi#be
-bíka#USED:TO -ttók#REM.PAST
a̱lhi#be:real
oklil#we
okla#people
í-#1PI
hapi̱-#1MPIII
okla#people
-ako̱#CON:AC
í-#1PI
másh#that.one
ásh#prev
yamm#that -ako̱#CON:AC
kanohmi#how -ttók#REM.PAST
-kiya#KIND:OF
pí#just
alhíha#group
ishit#ins
at#subject:marker
-akíni#INDEED -tok#PST -ósh#SS
tana#weave
nátah#what?
náhollo#WHITE:PERSON
-ma#THAT -k#LOC
a̱#1sIII
kíyo#no
a̱shwa#exist.(of.two)
kíyo#no
okla#people
-kásh#COMP:PREV
at#subject:marker
hicha#and
kiyo#not
fokka#enter -ttók#REM.PAST
siy-#1SII á#be -h#TNS
pí#just
okmanána#WHATEVER.KIND.OF
yohmi#do.so,.to.happen
kiyo#no
-ako̱#CON:AC
il-#1PI
nána#something
panóla#cotton
okla#people
oná#arrive:there -li#1SI -ttók#REM.PAST
nána#something
-bíka#USED:TO -ttók#REM.PAST
afammi#year
himi̱tta#be:young.(sg..or.pl.).(pl..himittowa)
okla#people
sa-#1SII shki#mother
hapi̱-#1MPIII
a̱lhi#be:real
a̱#1sIII
chishki#your:mother
kiyo#no
áy-#LOC atahli#finish -h#TNS
-ato#NOM2
nani#fish
toklo#be:two
a̱#1sIII
hi#be -hma̱#WHEN
holisso#letter
hicha#and
to̱ksali#work. -t#PART
a̱#1sIII ki#father
i̱-#III
il-#1PI
pokni#grandmother
nittak#day
katitchi#how -sh#PART:SS
a̱lhi#be:real
yohmi#do.so,.to.happen
-ka̱#COMP:DS
ikbi#maker
hi#be -hma̱#WHEN
yohmi#do.so,.to.happen
ta̱chi#corn
ná#something
hikít#START
il-#1PI
a̱#1sIII
is-#YOU sa̱-#1SIII
a̱#1sIII i̱tík#sister.(of.a.male)
katah#who
-hósh#PART:SS
okla#people
kiyo#not
-ako̱#CON:AC
i̱-#III
-bíka#USED:TO -ttók#REM.PAST
kiyo#not
pa#here,.this -aki̱li#OWN -h#TNS
a̱#1sIII ki#father
i̱-#III
ikka̱na#understand,.to.know -li#1SI -h#TNS
pí#just
kanimma#somewhere
oná#arrive:there -li#1SI -ttók#REM.PAST
hash-#2PI
a̱ya#be:here
il-#1PI
-ma#THAT -k#LOC
pí#just
nokówa#be:angry,.mad
ola#far:off
ilhkóli#go.(of.three.or.more). -kmat#IRR:SS
-kat#COMP:SS
á#be -ttók#REM.PAST
-ma#THAT -k#LOC
í-#1PI
ná#something
-ato#NOM2
nána#something
ano̱pol#speak,.say,.talk -ána#POT -ttók#REM.PAST
il-#1PI
nani#fish
il-#1PI
hikkiki̱ya#walk.around -h#TNS
í-#1PI
kanohmi#how -tok#PST -ka̱#COMP:DS
okla#people
banna#want -kma̱#IRR:DS
a#be
okla#people
ikbi#make -t#PART
nakni#male
yimmih#believe
iya#go -kato#COMP:SS
il-#1PI
okla#people
hi#be -hma̱#WHEN
ittiwáya#marry -hmat#WHEN
ano̱poli#speak,.say,.talk -h#TNS
illi#die.
náhollo.anno̱pa#ENGLISH:LANGUAGE
im-#III
pí#just
hapi#salt
cho#or
sam-#1SIII
a̱#1sIII
hashki#my.mother
ano̱pol#speak,.say,.talk -áhí#POT kiyo#no
kiyo#not
a#be -ttók#REM.PAST
il-#1PI
-ma#THAT -k#LOC
hash-#2PI
-kiya#KIND:OF
ayyásha#reside.(plural.subject) -h#TNS
ayyásha#reside.(plural.subject) -h#TNS
katak#where
a̱tta#exist.(of.one) -li#1SI -h#TNS
kiyo#no
ninak#night
iya#go -kato#COMP:SS
iláp#self
a̱#1sIII ki#father
hihmat#and:then:ss
-ka̱#COMP:DS
-ako̱#CON:AC
afammi#year
oklil#we
chá#ss
il-#1PI
hikít#START
a̱#1sIII ki#father
-ma#THAT -k#LOC
-ka̱#COMP:DS
kiyo#not
nátah#what?
a̱#1sIII
-ka̱#COMP:DS
toklo#be:two
iyá#go -li#1SI
il-#1PI
i̱-#III
yohmi#do.so,.to.happen
áchih#say.
kíyo#no
panóla#cotton
yohmi#do.so,.to.happen
a̱sha#be:(of.three.or.more)
at#subject:marker
náhollo#WHITE:PERSON
a̱lhi#be:real
chi̱-#2SIII ki#father
hi#be
ani#pour.in -t#PART
-ma#THAT -k#LOC
átokás#because.of
pí#just
pí#just
ta̱chi#corn
pí#just
-ma#THAT -k#LOC
hoyo#look.for -t#PART
to̱ksali#work
afammi#year
ikhaná#learn -li#1SI -tok#PST
il-#1PI
-chámo#LONG:AGO
atta#stay,.live.(someplace)
ma̱ya#exist.(of.three.or.more).
at#subject:marker
katimmakako̱#where
hi#be
chishnáto#you:nom2
ta̱chi#corn
kiyo#no -kásh#COMP:PREV
nani#fish
átokás#because.of
tík#female
hicha#and
pí#just
taha#finally
-bíka#USED:TO -tok#PST
i̱-#III
hapim-#1MPIII
ayyásha#reside.(plural.subject)
okmanána#WHATEVER.KIND.OF
hi#be -hma̱#WHEN
-hátoko̱#BECAUSE:DS
-bíka#USED:TO -ttók#REM.PAST
-ato#NOM2
-ka̱#COMP:DS
a̱shwa#exist.(of.two)
holisso.ápisa#SCHOOL
-bíka#USED:TO -tok#PST
pí#just
ná#something
okla#people
nátah#what?
oshta#four -kma̱#IRR:DS
katohmih#how:many
chi̱-#2SIII ki#father
hi#be
iyá#go -li#1SI
pí#just
-kat#COMP:SS
fokáli#almost -km#IRR:DS -ako̱#CON:AC
shikalla#bead
í-#1PI
a#be
-ako̱#CON:AC
hash-#2PI
at#subject:marker
hi#be -hma̱#WHEN
to̱ksali#work. -sh#PART:SS
haklo#hear,.listen
il-#1PI
ish#you
il-#1PI
-bíka#USED:TO -ttók#REM.PAST
í-#1PI
pí#just
-ato#NOM2
-ka̱#COMP:DS
hashki#my.mother
í-#1PI
osápa#field
ishit#ins
hollokchi#a:plant
yohmi#do.so,.to.happen
hóyo#look.for -hma̱#WHEN
illi#die.
shóli#carry.
il-#1PI
a̱lhi#be:real
-híka#USED:TO -ttók#REM.PAST
assanó#grow.up -t#PART
kíyo#no
a̱#1sIII
pí#just
a#be
iyá#go -li#1SI
onna#morning
bash#cut.(with.a.knife,.broken.glass). -t#PART
pí#just
aha̱shwa#stay.at,.live.at.(of.two) -kma̱#IRR:DS
himak.nittak#TODAY,.THIS.DAY
nána#something
a̱h#yes
chahta#Choctaw
hi#be
-bíka#USED:TO -tok#PST
nána#something
ikhana#learn
hash-#2PI
katah#who
maká#say -hma̱#WHEN
a#be -ttók#REM.PAST
pí#just
ninak#night
ábachi#teach -h#TNS
yohmi#do.so,.to.happen
-kat#COMP:SS
-ka̱#COMP:DS
í-#1PI
hoyo#look.for -t#PART
ishit#ins
osápa#field
hash-#2PI
apísachi#watch -h#TNS
-kato#COMP:SS
-ato#NOM2
nána#something
a̱#1sIII
-ma#THAT -k#LOC
afammi#year
alhíha#group -t#PART
a̱shwa#exist.(of.two)
a̱#1sIII
áchih#say.
áchi#say -tok#PST
kati#how:long -k#LOC
im-#III
kiyo#no
ná#something
nána#something
í-#1PI
katak#where
-bíka#USED:TO -ttók#REM.PAST
a̱#1sIII ki#father
okla#people
i̱-#III
atta#stay,.live.(someplace) -ttók#REM.PAST -o̱#Q
yimmih#believe
kiyo#no
hapi̱-#1MPIII
ikka̱na#understand,.to.know -li#1SI -h#TNS
sanna#I:want
kanimmakósh#when:indef
afammi#year
yokáchi#catch. -h#TNS
áchi#say -tok#PST
abohlih#woods
a̱#1sIII
isht.ala#BRING -t#PART
hihmat#and:then:ss
tohchína#be:three
-ako̱#CON:AC
ná#something
ilokka#clothes
ishit#ins
holisso.ápisa#SCHOOL
pí#just
okla#people
i̱-#III
a̱#1sIII ki#father
hi#be -hma̱#WHEN
mo̱ma#still
ma̱ya#exist.(of.three.or.more).
ayyásha#reside.(plural.subject) -h#TNS
il-#1PI
il-#1PI
-ato#NOM2
ahi#sweet.potato
ná#something
kapassa#be:cold -t#PART
hi#be
il-#1PI
pa#here,.this -ako̱#CON:AC
nittak#day
í-#1PI
at#subject:marker
homma#red
an#I -akínih#INDEED
ik-#N
okla#people
illi#die.
okla#people
nátah#what?
okla#people
hi#be -hma̱#WHEN
hi#be -hma̱#WHEN
ilhkóli#go.(of.three.or.more).
chahta#Choctaw
hollokchi#a:plant
ikbi#make
im-#III
a̱lhi#be:real
ittiyápishi#sibling
ka̱chi#really
tamáha#town
ayiskachi#clean.(house) -t#PART
afammi#year
nani#fish
okla#people
hashki#my.mother
hi#be -hma̱#WHEN
a̱shwa#exist.(of.two)
il-#1PI
abíya#go:up -t#PART
osápa#field
kiyo#not
-ato#NOM2
ahwa#think.(perhaps),.to.reckon -h#TNS
at#subject:marker
hokchi#plant. -t#PART
shikalla#bead
a#be -ttók#REM.PAST
tiwah#be:open.(PR).
fokáli#approximately -h#TNS
alhto#enter.(of.two)
-ka̱#COMP:DS
ná#something
hikít#START
nána#something
ikbi#make -t#PART
hicha#and
ná#something
a#be
a̱#1sIII
ma̱ya#exist.(of.three.or.more).
-ako̱#CON:AC
ta̱chi#corn
afammi#year
i̱-#III
ná#something
illi#die.
issa#quit -tok#PST
yamm#that -ako̱#CON:AC
chá#ss
ittatoklo#be:together.as.a.couple.or.married
-kato#COMP:SS
a̱#1sIII ki#father
makah#say.
basówa#be:striped -chi#CAUS -t#PART
im-#III
náhollo#WHITE:PERSON
a̱#1sIII ki#father
a̱h#yes
iyá#go -li#1SI -ttók#REM.PAST
banna#want -kma̱#IRR:DS
-ako̱#CON:AC
-kato#COMP:SS
okla#people
siy-#1SII á#be -h#TNS
ano̱pol#speak,.say,.talk -ána#POT -ttók#REM.PAST
chá#ss
-ya̱#ACC
at#subject:marker
okla#people
am-#1SIII ihaksi#forget
ná#something
-ka̱#COMP:DS
hikít#START
áchih#say.
onna#morning
to̱ksali#work
hi#be
bacha̱ya#be:in.a.row
osápa#field
á#say -h#TNS -ókakósh#BUT:SS
í-#1PI
-ma#THAT -k#LOC
a̱tta#exist.(of.one) -li#1SI -h#TNS
pí#just
kaníya#really
bacha̱ya#be:in.a.row
a#be -ttók#REM.PAST
osápa#field
pisa#look -li#1SI -kmat#IRR:SS
yohmi#do.so,.to.happen
taha#finally
banna#want -kma̱#IRR:DS
sa-#1SII shki#mother
nána#something
ti.chanalli#WAGON
-bíka#USED:TO -ttók#REM.PAST
ahi#sweet.potato
-kat#COMP:SS
í-#1PI
áy-#LOC atahli#finish -h#TNS
a̱#1sIII
hi#be -hma̱#WHEN
ikhana#learn
ilhkóli#go.(of.three.or.more).
nátah#what?
chishki#your:mother
chishnáto#you:nom2
shawwa#bush
a̱#1sIII
okla#people
hikmat#and:then:ss
ilhkóli#go.(of.three.or.more). -hma̱#WHEN
kiyo#no
alhíha#group -t#PART
hashki#my.mother