łuugn#fish
nii-#3SG.S:N.PFV:Ø. deh-#QUAL:DH.PFV:H. xay#drop:PFV:NOM
ch'aldzeek#moon
y-#3SG.S>3SG.P. eh-#Ø.IPV:H. nih#say:IPV
y-#3SG.S>3SG.P. eh-#Ø.IPV:H. nih#say:IPV
ishyiit#there
jah#here
m-#3SG.PSR. ǫǫsi'#name
ee-#3SG.S:DH.PFV:Ø. dah#SG:stay:IPV
hu-#3PL.P. ts'ą̈'#to
gǫǫ#bugs
t'eey#ADVZR
ts'i-#PEJ. hok-#AR:Ø.PFV:1SG.S:H. dąy#miss:IPV
ishyiit#there
h-#3PL.S. tee-#INC:DH.PFV:Ø. nąą#move.nomadically:PFV
u-#3SG.PSR. ke'#foot
nahugn#there
ne'#upriver:ALL
y-#3SG.S>3SG.P. aa#for
u-#3SG.PSR. shüü#woman's.son
mb-#3SG.P. aa#for
njah.duug#THERE
łahtthegn'#ALL
sh-#1SG.PSR. dia'#younger.sister
dzänh#muskrat
k'it#on
gǫǫ#bugs
ch'a#FOC
uudih#all.long
dzįį-#1PL.S:QUAL:Ø.PFV:Ø. tsįį#be.hungry:IPV
nee-#1PL.O. he-#3PL.S:Ø.IPV:Ø. nih#say:IPV
tl'aan#and
tl'aan#and
k'ahdu'#now
ay#and
dii.xah#WHY
oh#oh
jah#here
sh-#1SG.P. eh#with
nduugn#somwhere
that#that
łeecheeg#łeecheeg
hu-#3PL.P. 'eh#with
de'#APPR
eh#to
sh-#1SG.O. aadeh#older.sister
tl'aan#and
k'a#NEG
ch'ale#FOC
ts'oo#spruce
nts'ą̈'#to
nee-#1PL.P. 'eh-#3SG.S:Ø.IPV:H. nih#say:IPV
ay#3SG
ay.tl'aan#AND.THEN
hǫǫ-#AR.S:Ø.PFV:Ø. łiin#be:IPV:NOM
eh-#3SG.S:DH.PFV:H. tįį#SG.die:PFV
sh-#1SG.P. eł#with
ay#3SG
iin#PL
jah.dugn#THERE
hugn#etc.
m-#3SG.PSR. ǫǫsi'#name
chih#also
oh#oh
dąą'#thus
naan'#across:ALL
dee-#3SG.S:QUAL:DH.PFV:Ø. k'an'#be.burning:IPV
ts'exeh.gaay#GIRL
t'eey#ADVZR
nih#say:IPV
s-#1SG.PSR. tsǫǫ#grandmother
du'#CT
ay.eh#AND.THEN
xah#for
na-#PRMB. ti-#3PL.S:INC:Ø.IPV:Ø. daagn#D:SG.go:IPV:CUST:NOM
ts'ist'e'#old.lady
eh#and
hii-#3PL.S:Ø.IPV:Ø. ttheh#bark:IPV
tat'eey#also
ts'änh#from
shyiit#there
hǫǫ-#AR.S:Ø.PFV:Ø. łįį#be:IPV
ha-#ADJC. na-#MED. degn'#up:ALL
id-#SG.REFL.O. net-#3SG.S:QUAL:DH.PFV:D. t'iah#rub:PFV??
hu-#3PL.O. hi-#3PL.S:Ø.IPV:Ø. łeegn#handle.PL.O:IPV:CUST:NOM
chih#also
jah#here
t'eey#ADVZR
y-#3SG.S>3SG.P. aa#for
iin#PL
na-#PRMB. 'įh#see:IPV xeeł#get.dark:PFV
ay.tl'aan#AND.THEN
choh#big
t'eey#ADVZR
dą'#when:PST
chi-#INDF:3SG.S:INC. nel-#QUAL:DH.PFV:L. 'įį#hide:PFV
i-#3SG.S>3SG.P. k'it#on
hiiy-#3PL.S>3PL.P. i-#Ø.IPV:Ø. dlaak#keep.PL.O:IPV:CUST
ts'ist'e'#old.lady
nah-#MED. 'ogn#out:AR
kol#NEGEX
chuyh#down.feather
sh-#1SG.O. aak'ąy#maternal.aunt
įh-#3SG.S:AA.PFV:H. kon'#glisten:IPV
aayh#snowshoe
kol#NEGEX
eh#and
ha-#NTRL. noo'#ahead:ALL
ee-#3SG.S:DH.PFV:Ø. gąy#be.dry:IPV:NOM
dii#what
nt'eh#ASRT
nts'ą'.t'eey#ADVZR
that#that
iin#PL
dih-#QUAL:Ø.IPV:1SG.S:Ø. nih#say:IPV
ti-#OUT. 'uh-#OPT:1SG.S:Ø. shya'#be.smart:OPT
-#INDF.O:AA.PFV:D. xąą#kill.PL.O:PASS:PFV
nts'ą'#and
k'at'eey#NEG
iin#PL
k'it#on
t'eey#ADVZR
ts'oo#spruce
tah#at:AR
xia'#egg
łaakay#two
di-#REFL.PSR. chaay#grandchild
hǫǫ-#AR.S:Ø.PFV:Ø. łįį#be:IPV
tl'aan#and
hih-#3PL.S. neh-#QUAL:DH.PFV:H. shyąą#raise:PFV
na-#CONT. hal-#QUAL:Ø.IPV:2PL.S:Ø. nek#tell.story:IPV
eh#and
hah-#NTRL. degn'#up:ALL
łaan#truly
ay#3SG
tl'aan#and
u-#3SG.P. dįį-#QUAL:Ø.IPV:2SG.S:Ø. nih#say:IPV
dhah-#DH.PFV:2PL.S:H. tiat#PL.sleep:IPV
k'at'eey#NEG
nts'ą̈'#ADVZR
hu-#3PL.PSR. nąą#mother
tadziił#loon
dahdzäł#rack
t'oo#however
tah#at:AR
nee-#1PL.O. he-#3PL.S:Ø.IPV:Ø. nih#say:IPV
ch'ihłįįk#song
na-#IT. t-#3SG.S:INC. nal-#QUAL:AA.IPV:L. 'įįl#see:FUT:NOM
n-#QUAL. ok-#OPT:1SG.S:H. 'įį'#see:PFV
tl'aan#and
he-#3PL.S:Ø.IPV:Ø. nih#say:IPV
t'eey#ADVZR
el-#3SG.S:DH.PFV:L. tsiik#become:IPV:CUST
choh#big
iin#PL
y-#3SG.S>3SG.P. eh-#Ø.IPV:H. nih#say:IPV
nts'ą̈'#to
ay#3SG
uh-#OPT:2SG.S:Ø. te'#SG:sleep:PFV
t'eey#ADVZR
al-#3SG.S:AA.IPV:L. tthäł#SG.run:IPV:PROG
hu-#3PL.P. dih-#QUAL:Ø.IPV:1SG.S:Ø. nih#say:IPV
ay#3SG
tl'aan#and
naak#eyes
ay#3SG
ts'exeh.gaay#GIRL
ts'iiniin#child
hu-#AR.O. tnak-#INC:QUAL:AA.IPV:1SG.S:H. 'įįl#look:FUT:NEG
łuugn#fish
ah-#NTRL. tthuugn#waterward:AR
iin#PL
tąy#trail
t'eey#ADVZR
jah#here
negn'#upland:ALL
ni-#3SG.S:N.PFV:Ø. thaat#be.far:IPV
tąy#trail
nak-#QUAL:AA.IPV:1SG.S:H. įh#see:IPV
ah-#NTRL. noo'#ahead:ALL
hǫǫ-#3SG.S:QUAL:QUAL:Ø.IPV:Ø. heey#speak:IPV:NOM
dlegn#squirrel
ts'ant'ay#devil
sh-#1SG.P. ch'a'#away.from
ishyiit#there
taathüh#tent
tah#at:AR
tsǫǫ#grandmother
eh#and
tl'aan#and
ti-#INTO.WATER. nįį-#N.PFV:Ø. that#SG.experience:PFV
dii#what
ch'i-#INDF.PSR. dia'#younger.sister
s-#RECP.P. t'a-#SNAGGING. tnel-#3SG.S:INC:QUAL:DH.PFV:L. got#punch:PFV
ay.tl'aan#AND.THEN
nts'ą̈'#to
tih-#INC:AA.IPV:1SG.S:Ø. dįįł#do:FUT
ch'ale#FOC
ts'įį-#1PL.S:Ø.PFV:Ø. łįį#be:IPV
ishyiit#there
tah#at:AR
tay'#again
a-#NTRL. negn'#upland:ALL
ts'-#1PL.S. ee-#3SG.S:DH.PFV:Ø. dlah#handle.PL.O:PFV
eh#and
ishyiit#there
nts'ąą'#how
nts'ą'#and
s-#1SG.PSR. tsǫǫ#grandmother
t'oot'eey#but
n-#3SG.S:Ø.PFV:Ø. łįį#be:IPV
ishyiit#there
nts'aa'#what
sh-#1SG.PSR. nąą#mother
ishyiit#there
eh#and
ts'-#1PL.S. įh-#AA.PFV:1SG.S:Ø. dląą#be.many:IPV
tl'aan#and
hu-#3PL.PSR. ts'adn'#blanket:POSS
ddhał#mountain
du'#CT
oh#oh
hee-#3PL.S:DH.PFV:Ø. dlah#handle.PL.O:PFV
manh#lake
ishyiit#there
dzi-#DANCE. hel-#3PL.S:Ø.IPV:L. shyee#PL.mourn.dance:IPV:CUST
n-#2SG.P. aa#for
ishyiit#there
k'ahdu'#now
negn'#upland:ALL
i-#3SG.S>3SG.O. he-#3PL.S:Ø.IPV:Ø. nih#say:IPV
shiin#summer
nts'ą'.t'eey#ADVZR
na-#PRMB. h-#3PL.S. tet-#INC:Ø.IPV:D. dak#PL.go:IPV:CUST
ih-#AA.IPV:1SG.S:Ø. haał#SG.go:IPV:PROG
nts'ą̈'#to
t'eey#ADVZR
du'#CT
tuu#water
nee-#1PL.PSR. ts'iikeey#children
gaay#small
ay.tl'aan#AND.THEN
ishyiit#there
u-#3SG.P. ts'ą̈'#to
dineh#person
jah#here
tl'uuł#rope
y-#3SG.S>3SG.P. eł#with
t'eey#ADVZR
manh#lake
jah#here
nee-#1PL.P. k'eexaagn#through.fault
u-#3SG.S:CON. tee-#INC:DH.PFV:Ø. kol#NEGEX
ee-#3SG.S:DH.PFV:Ø. dah#SG:stay:IPV
du'#CT
łahtthagn.nts'ą'#ALL
tayh#hill
hugn#etc.
ts'a-#BAD. hǫǫ-#AR.S:Ø.PFV:Ø. tleeg#be.bad:IPV
hu-#AR.S. tee-#INC:DH.PFV:Ø. łe'#be:PFV
sh-#1SG.P. eh-#3SG.S:Ø.IPV:H. nih#say:IPV
de'#when:FUT
thüh#skin
t'aat#under
noo'#ahead:ALL
chih#also
mb-#3SG.P. e-#PP. ndzįh-#1PL.S>INDF.O:QUAL:AA.PFV:H. 'ąą#name:PFV
hii-#3PL.S>3SG.O. taa-#INC:AA.IPV:Ø. 'aał#eat:FUT
noo'#ahead:ALL
ch'a#FOC
degn'#up:ALL
ina'#no
ah-#NTRL. noo'#ahead:ALL
ha-#NTRL. 'ogn#out:AR
ti-#OUT. i-#IT. dzii-#HEARING. h-#3PL.S. tet-#INC:Ø.IPV:D. dak#PL.go:IPV:CUST
sh-#1SG.P. aa#for
ha-#ADJC. hugn#there
ch'a#FOC
kon'#fire
t'eey#ADVZR
ay#3SG
jah#that
iin#PL
t'eey#ADVZR
hǫǫ'#thus
dindeey#people
shyįį'#only
k'eh#like
u-#3SG.PSR. kąy'#husband
ay.tl'aan#AND.THEN
k'ahmän'#morning
ch'ale'#FOC
i-#3SG.S>3SG.O. taa-#3SG.S:INC:AA.IPV:Ø. mbah#fight:FUT
łahtthagn.nts'ą'#ALL
nts'ą'#and
dįį-#3SG.S:QUAL:Ø.PFV:Ø. dąy#do:IPV:NOM
jign#blueberry
gǫǫ#bugs
de'#if
hu-#AR.S. 'įį-#3SG.S:AA.PFV:Ø. shyah#SG.go:PFV
y-#3SG.S>3SG.P. eh-#Ø.IPV:H. nih#say:IPV
ha-#ADJC. jel-#INDF.S:QUAL:DH.PFV:L. shyah#carry.weapons:PFV
tsin'įį#thank.you
hii-#3PL.S>3SG.P. kįį'#subsisting.on
el-#3SG.S:DH.PFV:L. tsįį#seem:IPV
t'axoh#finally
ts'ą'#to
t'eey#ADVZR
shyiit#in
na-#IT. h-#3PL.S. del-#QUAL:DH.PFV:L. tth'iik#PL.stay:IPV:CUST
ts'ant'ay#devil
hel-#3PL.S:Ø.IPV:L. t'eh#be.number:IPV
ay#3SG
chih#also
ishyiit#there
jah#here
ay#3SG
ay#3SG
nts'ą̈'.t'eey#AND
i-#PP. h-#3PL.S. del-#QUAL:DH.PFV:L. 'ay#keep.away?:PFV
na-#IT. tset-#1PL.S:INC:Ø.IPV:D. dek#PL.go:IPV:CUST
n-#2SG.P. eh#with
iin#PL
s-#1SG.PSR. tsǫǫ#grandmother
di-#REFL.PSR. nąą#mother
hi-#?. k'eh#tracks
t'eey#ADVZR
dineh#person
nee-#1PL.P. k'eh#like
ay#and
jah#here
nee-#1PL.P. he-#3PL.S:Ø.IPV:Ø. niik#say:IPV:CUST
sh-#1SG.P. k'eh#following
tuu#water
kah#for
jah#there
nee-#1PL.P. xah#for
ha-#SPOT a-#IT. ch'-#INDF. uu-#AR. dal-#QUAL:Ø.IPV:2PL.S:L. 'įį#watch:IPV
hu-#3PL.O. h-#3PL.S. nee-#QUAL:DH.PFV:Ø. 'įį#steal:PFV
le'#IGN
ay#3SG
ishyiit#there
t'eey#ADVZR
tah#at:AR
t'eey#ADVZR
nts'ą'.t'eey#ADVZR
manh#lake
nii-#3SG.S:N.PFV:Ø. thoo#be.long.time:IPV:NOM
ni-#TERM. 'eeł-#TRAP. ts'e-#1PL.S:Ø.IPV:Ø. łeek#handle.PL.O:IPV:CUST
du'#CT
de'#if
hah-#NTRL. dogn#up:AR
iy-#3SG.S>3SG.P. eh-#Ø.IPV:H. nih#say:IPV
ch'a#FOC
ah-#NTRL. degn'#up:ALL
t'eey#ADVZR
t'eey#ADVZR
nih#say:IPV
nee-#1PL.PSR. shyi'#food
chih#also
ch'i-#INDF.PSR. thüh#skin
ch'inłuut#hail
de'#if
nuh-#2PL.P. tl'a-#TO. tsaa-#1PL.S:INC:AA.IPV:Ø. łeeł#handle.PL.O:FUT
tl'aan#and
eh#and
noo'#ahead:ALL
k'at'eey#NEG
ishyiit#there
k'at'eey#NEG
t'eey#ADVZR
ya-#CONT. 'e-#3SG.S:Ø.IPV:Ø. mbeek#swim:IPV:CUST
ay#3SG
tah#at:AR
de'#APPR
xah#for
eł#when
t'eey#ADVZR
he-#3PL.S:Ø.IPV:Ø. nih#say:IPV
sh-#1SG.P. i-#PP. nǫl-#QUAL:OPT:2SG.S:L. jidn#be.scared:OPT
tnee-#3SG:INC:QUAL:DH:PFV:Ø. t'ak#SG.fly:PFV
y-#3SG.S>3SG.P. eh-#Ø.IPV:H. nih#say:IPV
hii-#3PL.S>3SG.O. doo#wait.for:IPV
nan'#earth
duk#get.ready
iin#PL
y-#3SG.S>3SG.O. įh-#3SG.S:AA.PFV:H. kaan#dawn:PFV
t'oot'eey#but
nts'aa'#what
hih-#3PL.S. nįį-#N.PFV:Ø. nąą#move.nomadically:PFV
nah-#MED. 'ǫǫ#out:ABL
du'#CT
t'oot'eey#but
ni-#TERM. taa-#3SG.S:INC:AA.IPV:Ø. haal#SG.go:FUT:NOM
eł#when
ay.eh#AND.THEN
iin#PL
danh#at
y-#3SG.S>3SG.P. eh-#Ø.IPV:H. nih#say:IPV
u-#3SG.PSR. tthi'#head
hih-#3PL.S. nee-#QUAL:DH.PFV:Ø. shyąą#grow:PFV
dänh#at
ay#3SG
hih-#3PL.S. del-#QUAL:DH.PFV:L. tth'ih#PL.stay:IPV
t'eey#ADVZR
hi-#?. het-#3PL.S:Ø.IPV:D. nąy#know:IPV:NOM
nee-#3SG.S:QUAL:DH.PFV:Ø. gąyh#be.dry:IPV
dineey#people
nt'eh#ASRT
t'eey#ADVZR
tädn#night
t-#D. nay#make.noise:IPV:NOM
hǫǫ-#AR.S:Ø.PFV:Ø. łįį#be:IPV
dzal-#1PL.S:AA.PFV:L. tth'i'#PL.stay:PFV
mänh#lake
di-#QUAL:Ø.IPV:Ø. łeek#handle.PL.O:IPV:CUST
ay#3SG
ts'exeey#women
hǫǫ'#thus
xah#because
tah#at:AR
iin#PL
he-#3PL.S. hu-#QUAL:Ø.IPV:Ø. tįįł#have.potlatch:IPV
eh#and
jahxan#suddenly
łaakeey#two
su'#good
tah#at:AR
ayt'oo#ok
ch'aachin'#tree.stump
hu-#AR.O. nah-#QUAL:Ø.IPV:2PL.S. ta'#look.for:IPV
k'a'#gun
ts'-#1PL.S. neh-#QUAL:Ø.IPV:H. 'įh#see:IPV
a-#NTRL. naat#across:PNCT
ni-#TERM. na-#IT. ts'in-#1PL.S:N.PFV:D. deeł#PL.go:PFV
tl'uuł#rope
ah-#AA.IPV:2PL.S:Ø. däł#PL.go:IPV:PROG
dheh-#3SG.S:QUAL:DH.PFV:H. xįį#kill.SG.O:PFV
ay#3SG
dąą'#thus
ah-#NTRL. dogn#up:AR
nts'ą̈'#how
ay#3SG
jah#here
dishyįį'#by.herself
įį-#3SG.S:Ø.PFV:Ø. 'ąą#classify.CO:IPV
m-#3SG.PSR. ǫǫsi'#name
na-#IT. ts'i-#1PL.S:Ø.IPV:Ø. 'aal#eat:IPV:NOM
iin#PL
ch'a#FOC
ay#3SG
jah#here
iin#PL
jign#blueberry
t'aat#under
ak-#Ø.IPV:1SG.S:H. tsän#smell:IPV:NOM
ch'itay#old.man
sh-#1SG.PSR. taay#paternal.uncle
ch'itay#old.man
shin#1SG
nts'ą̈'.t'eey#ADVZR
t'eey#ADVZR
nithoo#long.time
shyiit#in
k'ahdu'#now
dį'#do:IPV
xay#winter
tadn#night
ts'ant'ay#devil
hugn#etc.
łaakaay#two
nts'ą̈'#to
hǫǫsu'#well
noodlee#white.person
łeecheeg#łeecheeg
hugn#etc.
nts'ą'#and
ts'exeh.gaay#GIRL
nih#say:IPV
hu-#3PL.P. 'eh#with
ddhał#mountain
kelahdzeey#spider
n-#2SG.P. aa#for
hǫǫ'#thus
aa-#3SG.S:AA.IPV:Ø. duuh#crawl:PFV
nuh-#2PL.PSR. shyah#house
ay#3SG
ch'aldzeek#moon
ch'itay#old.man
du'#CT
m-#3SG.PSR. ǫǫsi'#name
ts'iikeey#children
ch'a'#AVERT
shyi'#meat
eł#when
y-#3SG.S>3SG.P. eh-#Ø.IPV:H. nih#say:IPV
eh-#3SG.S:DH.PFV:H. tįį#SG.die:PFV
du'#CT
he-#3PL.S:Ø.IPV:Ø. nih#say:IPV
iin#PL
kon'#fire
t'axoh#finally
hǫǫ't'eey#still
dänh#at
ishyiit#there
ts'ayh#boat
du'#CT
eł#when
ay.eh#AND.THEN
nts'ą'#and
hǫǫ'#thus
an#outside:ALL
ha-#OUT. chak-#INDF.O:INC:AA.IPV:1SG.S:H. thak#throw.CO:IPV:CUST
chih#also
nił-#RECP.O. 'i-#PP. h-#3PL.S. det-#QUAL:Ø.IPV:D. nih#say:IPV
ch'itay#old.man
hii-#3PL.S>3SG.P. k'it#on
ch'a#FOC
eh#with
łįį#dog
iin#PL
eh#and
ts'ą̈'#to
t'oot'eey#but
ch'itay#old.man
eh#and
u-#AR.S. tdaa-#INC:QUAL:AA.IPV:Ø. thäł#experience.event:FUT
hu-#3PL.P. xah#for
jan#DEM
nih#say:IPV
k'at'eey#NEG
iin#PL
dineey#people
łįį#dog
hǫǫ'#thus
eł#when
hu-#3PL.P. shyah#house
eh#to
tl'aan#and
hah-#NTRL. 'ogn#out:AR
kon'#fire
nuh-#2PL.P. 'eh#with
na-#IT. tnet-#INC:QUAL:DH.PFV:D. deeł#PL.go:PFV
huugn#and
dą'#at:PNCT
nįį-#3SG.S:N.PFV:Ø. dlay#handle.PL.O:PFV:NOM
dhįį-#DH.PFV:2SG.S:Ø. dah#SG:stay:IPV
ishyiit#there
nak-#QUAL:Ø.IPV:1SG.S:H. 'įh#look:IPV
i-#3SG.S>3SG.PSR. xeel'#pack:POSS
k'at'eey#NEG
ishyiit#there
t'eey#ADVZR
u-#3SG.P. dih-#QUAL:Ø.IPV:1SG.S:Ø. nih#say:IPV
ay.eh#AND.THEN
tleegn#rotten
i-#3SG.S>3SG.O. deh-#QUAL:DH.PFV:H. nąyh#move.CO.quickly:PFV
hǫǫ'#thus
dzel-#1PL.S:QUAL:Ø.IPV:L. xoh#play:IPV
chih#also
ha-#ADJC. a-#NTRL. dogn#up:AR
ch'įįk'on'#dentalium
ni-#TERM. nįį-#3PL.S:N.PFV:Ø. shyay#SG.go.PFV:NOM
dindeey#people
ǫǫ-#OPT:2SG.S:Ø. łe'#be:OPT
ay#3SG
ah-#NTRL. noo'#ahead:ALL
nah-#MED. 'ogn#out:AR
xah#for
hǫǫ-#AR.S:Ø.PFV:Ø. łiin#be:IPV:NOM
y-#3SG.S>3SG.O. įį-#3SG.S:Ø.PFV:Ø. dlay#handle.PL.O:PFV:NOM
noo'#ahead:ALL
iin#PL
iin#PL
di-#3SG.S:QUAL:Ø.PFV:Ø. chaa#be.big:IPV:NOM
łahtthagn.nts'ą'#ALL
iin#PL
na-#IT. tset-#1PL.S:INC:Ø.IPV:D. dek#PL.go:IPV:CUST
ii'eh#etc.
dąą'#thus
na-#DOWN. dįį-#3SG.S:QUAL:Ø.PFV:Ø. dlah#handle.PL.O:PFV
ts'exeh.gaay#GIRL
nän'#earth
ch'itay#old.man
t'eey#ADVZR
t'eey#ADVZR
eh#and
tl'aan#and
shyiit#in
nak-#QUAL:Ø.IPV:1SG.S:H. säł#holler:IPV
ch'a#FOC
hu-#3PL.PSR. dziit#hearing
nee-#1PL.PSR. tsay#grandfather
that#that
łaakeey#two
ayt'oo#ok
jah#here
uu-#3SG.S:OPT:Ø. łe'#be:OPT
kol#NEGEX
k'eh#like
ts'änh#from
du'#CT
t'eey#ADVZR
hǫǫ'#thus
ski-#ACROSS. nįį-#3SG.S:QUAL:Ø.PFV:Ø. 'ah#extend:IPV
iin#PL
kon'#fire
eh#and
danh#at
ǫǫ#out:ABL
chih#also
näl#white.winged.scoter
ay#3
t'eey#ADVZR
ay#3SG
nii-#3SG.S:N.PFV:Ø. thoo#be.long.time:IPV:NOM
ch'itay#old.man
nän#2SG
a-#NTRL. hugn#there
t'eey#ADVZR
dii#what
eh#and
nee-#1PL.P. xah#for
ts'exeh#woman
chih#also
noo'#ahead:ALL
eh#and
na-#IT. tnee-#3SG:INC:QUAL:DH:PFV:Ø. t'aa#SG.fly:IPV:NOM
tl'aan#and
t'eey#ADVZR
ch'a#FOC
niithaadn#long.time
mb-#3SG.P. aa#for
gaay#small
eh#and
du'#CT
du'#CT
łuugn#fish
hut-#AR.S:DH.PFV:D. shyaak#happen:PFV
nii-#N.PFV:Ø. 'ee-#3PL.S:DH.PFV:Ø. 'ah#extend:IPV
k'at'eey#NEG
noo'#ahead:ALL
tl'aan#and
iin#PL
ishyiit#there
mb-#3SG.P. aa#for
tąy'#trail:POSS
ay#3SG
iin#PL
hu-#3PL.PSR. ch'oonįį'#mind
nee-#1PL.P. 'eh-#3SG.S:Ø.IPV:H. nih#say:IPV
t'eey#ADVZR
tah#at:AR
jah#here
t'eey#ADVZR
di-#REFL.PSR. nąą#mother
ts'exeh.gaay#GIRL
iin#PL
nįį-#3SG.S:N.PFV:Ø. shyah#SG.go:PFV
įįjih#taboo
shyiit#in
nts'ą̈'#to
ishyiit#there
hǫǫ-#AR.S:Ø.PFV:Ø. chaa#be.big:IPV
ne'#upriver:ALL
łaan#truly
de'#if
tl'aan#and
nän'#earth
dih-#QUAL:Ø.PFV:1SG.S:Ø. tth'ek#hear:IPV
n-#2SG.O. nak-#QUAL:Ø.IPV:1SG.S:H. 'įh#see:IPV
nan#2SG
du'#CT
mb-#3SG.P. aa#for
nts'ą̈'#to
k'eh#like
eh#and
shyiit#in
hąą#water.extend:IPV
shyiit#in
y-#3SG.S>3SG.PSR. aadeh#older.sister
maagn#shore
i-#3SG.S>3SG.O. dzeey#heart
heh-#3PL.S:DH.PFV:H. 'ąą#classify.CO:IPV
eł#when
t'eey#even
de'#if
shiin#summer
t'oot'eey#but
hu-#3PL.P. tah#among
ts'äł#bush
ch'i-#INDF.PSR. tsǫǫ#grandmother
eh#and
eeł#traps
tsǫǫ#grandmother
di-#REFL.PSR. k'ąy#willow
ts'iikeey#children
ee-#3SG.S:DH.PFV:Ø. dah#SG.sit:IPV
dįį-#QUAL:Ø.IPV:2SG.S:Ø. nih#say:IPV
k'įįy#birch
ishyiit#then
duugn#hereabouts
iin#PL
du'#CT
dii.xa#WHY
noo'#ahead:ALL
y-#3SG.S>3SG.P. eh-#Ø.IPV:H. nih#say:IPV
ch'ishyuuy#different.person
ay.tl'aan#AND.THEN
iin#PL
eh-#3SG.S:Ø.IPV:H. nih#say:IPV
nts'ą'#and
du'#CT
chih#also
k'it#on
tl'aan#and
chih#also
iin#PL
nah-#MED. shyugn#down:AR
ch'a#FOC
y-#3SG.S>3SG.P. eh-#Ø.IPV:H. nih#say:IPV
ayshyįį'#that's.all
sdzi-#SPLIT. hǫǫ-#AR.S:Ø.PFV:Ø. 'ah#extend:IPV
ay#3SG
chi-#INDF:3SG.S:INC. nal-#QUAL:AA.IPV:L. 'įįl#sneak:IPV:NOM
dhih-#DH.PFV:1SG.S:Ø. dah#SG:stay:IPV
na-#CONT. n-#DSTR. ch'-#INDF.O. ts'e-#1PL.S:Ø.IPV:Ø. 'aał#eat:IPV
gaay#small
tl'aan#and
t'eey#ADVZR
hugn#etc.
k'įįy#birch
ak-#Ø.IPV:1SG.S:H. nayh#taste:IPV
t'eey#ADVZR
eh#with
nee-#1PL.P. ts'änh#from
tüh#over
k'a#NEG
t'eey#ADVZR
tl'uuł#rope
u-#CON. dak-#QUAL:I.PFV:1SG.S:H. 'ąą#find.SG.O:PFV
iin#PL
elih#cold
ay#3SG
hi-#3PL.S:Ø.IPV:Ø. nih#say:IPV
sh-#1SG.PSR. ee'eh#maternal.uncle
eł#when
ishyiit#there
eh#and
t'eey#ADVZR
hǫǫ#thus
k'a'#gun
hǫǫ-#AR.S:Ø.PFV:Ø. łįį#be:IPV
ts'änh#from
y-#3SG.S>3SG.O. uu-#OPT:Ø. 'aal#eat:OPT
łįį#dog
hu-#3PL.P. 'eh#with
gǫǫ#bugs
y-#3SG.S>3SG.O. u-#CON. dįh-#QUAL:AA.PFV:2SG.S:H. tlak#pinch:PFV
ts'exeh.gaay#GIRL
eł#when
a-#NTRL. daat#downriver:PNCT
noodlee#white.person
tl'aan#and
łįį#dog
nih#say:IPV
dineey#people
jign#blueberry
ch'i-#INDF.O. heh-#3PL.S:Ø.IPV:H. k'aay#filet:IPV:NOM
ay.eł#AND.THEN
ts'igąąk#chickadee
ha-#ADJC. shyuugn#down:AR
ch'i-#INDF.PSR. dia'#younger.sister
tąy#trail
he-#3PL.S:Ø.IPV:Ø. nay#say:IPV:NOM
iin#PL
įį'eh.tah#AS.WELL
k'eh#tracks
eh#and
ay#3SG
dineey#people
eh#and
na-#PRMB. shyign'#down:ALL
ishyiit#then
nts'ą'#and
e-#3SG.S:Ø.IPV:Ø. tsah#cry:IPV
łaakay#two
u-#3SG.PSR. nąą#mother
iy-#3SG.S>3SG.P. eh-#Ø.IPV:H. nih#say:IPV
gaay#small
ni-#TERM. hnįį-#3PL.S:N.PFV:Ø. naa#move.nomadically:PFV
eł#when
chih#also
chih#also
da-#UP. 'ee-#3SG.S:DH.PFV:Ø. dah#SG.sit:IPV
sh-#1SG.PSR. nąą#mother
dzänh#muskrat
įį-#3SG.S:AA.PFV:Ø. shyah#SG.go:PFV
hǫǫ't'eey#still
nts'ą'#and
nee-#1PL.P. 'eh-#3SG.S:Ø.IPV:H. nih#say:IPV
heh-#3PL.S:Ø.IPV:H. 'įįk#do:IPV:CUST
ta-#DISTRIBUTE. ts'i-#1PL.S:Ø.IPV:Ø. łe'#handle.PL.O:IPV:DSTR
dzii-#1PL.S:QUAL:QUAL:Ø.PFV:Ø. tth'ak#hear:IPV
tet-#INC:Ø.IPV:D. shyoo#splash:PFV:NOM
ch'įį-#INDF.O:3SG.S:AA.PFV:Ø. dlah#handle.PL.O:PFV
sh-#1SG.P. eh#with
k'ahdu'#now
hii-#3PL.S>3SG.O. neh-#QUAL:Ø.IPV:H. tsiik#gather:IPV:CUST
tthi-#OUT. dzįį-#1PL.S:QUAL:AA.PFV:Ø. deeł#PL.go:PFV
u-#CON. ǫǫ-#OPT:2SG.S:Ø. niiy#grab:OPT
chih#also
shin#1SG
dah-#PROX. dǫǫ#downriver:ABL
t'eey#ADVZR
du'#CT
y-#3SG.S>3SG.P. aa#for
ay.tl'aan#AND.THEN
hih-#3PL.S. tee-#INC:DH.PFV:Ø. deeł#PL.go:PFV
ay#3SG
eh#and
dänh#at
huug#and
nee-#1PL.P. xa#for
nee-#3PL.S:QUAL:DH.PFV:Ø. shyaan#grow:PFV:NOM
ch'i-#INDF.O. h-#3PL.S. dheh-#QUAL:Ø.IPV:H. xeek#kill.SG.O:IPV:CUST
na-#PRMB. hat-#3PL.S:AA.IPV:D. däł#PL.go:FUT
tah#at:AR
hu-#3PL.P. 'eh-#3SG.S:Ø.IPV:H. nih#say:IPV
shyiit#in
hu-#3PL.P. xah#for
t'oot'eey#but
k'it#on
t'eey#ADVZR
e-#3SG.S:Ø.IPV:Ø. tsaa#cry:IPV:NOM
iin#PL
łuugn#fish
hǫǫ-#AR.S:Ø.PFV:Ø. łiin#be:IPV:NOM
ch'a#FOC
dzänh#muskrat
hu#etc.
nts'ą'#and
ay#3SG
duugn#hereabouts
a-#NTRL. degn'#up:ALL
ah-#NTRL. shyuugn#down:AR
dįį-#3SG.S:QUAL:AA.PFV:Ø. k'ąą#burn:IPV
t'eey#ADVZR
įh-#3SG.S:AA.PFV:H. dląą#be.many:IPV
hu-#3PL.O. u-#CON. et-#DH.PFV:D. sih#be.called:IPV
ch'a#FOC
ndee#where:PNCT
de'#when:FUT
gǫǫ#bugs
nts'ą̈'#to
nagn-#QUAL:Ø.PFV:1SG.S:Ø. tän#freeze:PFV:NOM
dineh#person
t'eey#ADVZR
ts'exeh#woman
sh-#1SG.P. dǫǫ-#QUAL:OPT:2SG.S:Ø. ni'#say:OPT
sh-#1SG.PSR. aak'ay#maternal.aunt
hu-#3PL.P. ts'ą̈'#to
mädn#flimsy
nih#say:IPV
da-#INSIDE. na-#IT. ts'el-#1PL.S:Ø.IPV:L. shyeek#handle.PL.O:IPV:CUST
ee-#3SG.S:DH.PFV:Ø. day#SG.stay:IPV:NOM
hǫǫ'#thus
nee-#1PL.PSR. łįįgn'#dog:POSS
ay#3SG
ih-#Ø.PFV:1SG.S:Ø. da'#SG.sit:PFV
h-#?. i-#PP. in-#3SG.S:N.PFV:D. nay#know:IPV:NOM
hu-#AR.S. nak-#QUAL:Ø.IPV:1SG.S:H. 'ąy#see:IPV:NOM
that#that
ts'oo#spruce
t'axoh#finally
he-#3PL.S:Ø.IPV:Ø. nih#say:IPV
na-#DOWN. na-#IT. y-#3SG.S>3SG.O. deh-#QUAL:Ø.IPV:H. tl'ek#pour:IPV:CUST
naagn'#eye
hǫǫ-#AR.S:Ø.PFV:Ø. łįį#be:IPV
ch'i-#INDF.PSR. dia'#younger.sister
tsǫǫ#grandmother
noo'#ahead:ALL
ts'iikeey#children
sh-#1SG.PSR. ta'#father
łąą#really
na-#CONT. 'i-#3SG.S:I.PFV:Ø. thät#SG:stand:IPV
ts'exeh.gaay#GIRL
ch'i-#INDF.O. h-#3PL.S. uu-#CON:Ø.IPV:Ø. keedn#buy:IPV:NOM
k'at'eey#NEG
ch'-#INDF.PSR. aa-#3SG.S:AA.IPV:Ø. chinh#stump
t'eey#ADVZR
ts'įį-#1PL.S:Ø.PFV:Ø. łįį#be:IPV
taag#three
shyi'#meat
tl'aan#and
duugn#hereabouts
ch'a#FOC
hah-#NTRL. 'ogn#out:AR
n-#2SG.PSR. tsay#grandfather
k'at'eey#NEG
tih-#INC:AA.IPV:1SG.S:Ø. dįįł#do:FUT
s-#1SG.PSR. tsǫǫ#grandmother
shyi'#food
el-#3SG.S:DH.PFV:L. tsįį#seem:IPV
le'#IGN
nts'ą̈'.t'eey#ADVZR
aa-#3SG.S:AA.IPV:Ø. haał#SG.go:IPV:PROG
dänh#at
mb-#3SG.P. eh#with
hǫǫ-#AR.S:Ø.PFV:Ø. łiin#be:IPV:NOM
ch'a#FOC
xa-#HAIR. 'el-#3PL.S:Ø.PFV:L. t'eh#be:IPV
tl'aan#and
ih-#Ø.PFV:1SG.S:Ø. da'#SG.sit:PFV
noh-#MED:AR. shyign#down:ALL
iin#PL
i-#3SG.S>3SG.P. kah#for
güh#dirt
ch'ale#FOC
dih-#QUAL:Ø.IPV:1SG.S:Ø. nąy#say:IPV:NOM
t'axo#finally
eł#when
k'eh#like
nah-#MED. 'ogn#out:AR
y-#3SG.S>3SG.P. eh-#Ø.IPV:H. nih#say:IPV
sta-#AWAY. hnet-#3PL.S:QUAL:DH.PFV:D. deeł#PL.move:PFV:ERR
ch'i-#INDF.PSR. tl'aa'#buttocks
nts'aa'#what
dineh#person
chaa#be.big:IPV:NOM
įį-#3SG.S:AA.PFV:Ø. tsuul#be.small:PFV
kelältseey#kelaltseey
ts'ät#blanket
hǫǫ'#thus
ee-#3SG.S:DH.PFV:Ø. gąy#be.dry:IPV:NOM
ay#3SG
tah#at:AR
nts'ą̈'#to
k'at'eey#NEG
ay#3SG
eh#and
de'#when:FUT
t'oh#nest
nee-#1PL.PSR. ła'#hand
ch'a#FOC
ee-#3SG.S:DH.PFV:Ø. day#SG.stay:IPV:NOM
ay#3SG
eh#with
nih#say:IPV
t'eey#ADVZR
ni-#TERM. i-#3SG.S:Ø.IPV:Ø. haag#SG.go:IPV:CUST:NOM
yamaagn.teeshyaay#YAMAAGN.TEESHYAAY
de'#if
eh#and
nee-#1PL.PSR. ts'iikeey#children
t'axoh#finally
al-#3SG.S:AA.IPV:L. tthäł#SG.run:IPV:PROG
ch'itsay#spear
iin#PL
įį-#3SG.S:AA.PFV:Ø. da'#SG.sit:PFV
eł#when
tadn#night
su'#good
chih#also
keey#village
gaay#small
shyįį'#only
ee-#3SG.S:DH.PFV:Ø. gąy#be.dry:IPV:NOM
t'axoh#finally
tl'aan#and
tah#when
tsin'įį#thank.you
n-#2SG.P. ts'ą'#to
tl'aan#and
ay.eh#AND.THEN
ch'i-#INDF.PSR. k'ah#fat
sh-#1SG.P. eh-#3SG.S:Ø.IPV:H. nih#say:IPV
t'eey#ADVZR
ts'inįį-#1PL.S:N.PFV:Ø. taan#handle.LRO:PFV:NOM
a-#NTRL. deg'#up:ALL
shyiit#there
hǫǫ't'eey#still
u-#3SG.PSR. 'aat#wife
hu-#3PL.O. nee-#3SG.S:QUAL:DH.PFV:Ø. 'įį#steal:PFV
ta-#INTO.WATER. y-#3SG.S>3SG.O. el-#Ø.IPV:L. deeł#eat:IPV
tsihtąy#bow
u-#AR.P. k'i-#ON?. haa-#3PL.S:AA.IPV:Ø. däl#PL.go:IPV:PROG:NOM
hii-#3PL.S>3SG.P. eh-#Ø.IPV:H. nih#say:IPV
ni-#TERM. nįį-#3PL.S:N.PFV:Ø. shyay#SG.go.PFV:NOM
t'axoh#finally
sh-#1SG.PSR. naagn'#eye
k'įįy#birch
duk#get.ready
ay#3SG
y-#3SG.S>3SG.P. eh-#Ø.IPV:H. nih#say:IPV
chih#also
tah#at:AR
ay#3
t'eey#ADVZR
iin#PL
y-#3SG.S>3SG.O. uu-#CON. ton'#hold:IPV
iy-#3SG.S>3SG.P. eh-#Ø.IPV:H. nih#say:IPV
įį'eh.tah#AS.WELL
tiki-#OFF.TRAIL. 'at-#3SG.S:AA.PFV:D. dät#animal.runs:PFV
tsee-#1PL.S:INC:DH.PFV:Ø. naa#move.nomadically:PFV
nih-#3PL.S:QUAL:Ø.IPV:H. shyeey#grow:IPV:NOM
hǫǫ#thus
t'eey#ADVZR
t'eey#ADVZR
y-#3SG.S>3SG.P. eh-#Ø.IPV:H. nih#say:IPV
na-#IT. h-#3PL.S. di-#QUAL:Ø.IPV:Ø. tįįk#handle.AO:IPV:CUST
iin#PL
ni-#TERM. na-#IT. ts'it-#1PL.S:NEG.PFV:D. dek#PL.go:IPV:CUST
hu-#3PL.O. dhih-#DH.PFV:1SG.S:Ø. dlah#handle.PL.O:PFV
t'eey#ADVZR
ay#3SG
chih#also
teeł#be.wide:IPV
hǫǫ'#thus
noo'#ahead:ALL
hii-#3PL.S>3SG.P. eh-#Ø.IPV:H. nih#say:IPV
iin#PL
eh#and
ch'a#FOC
hu-#3PL.PSR. tsǫǫ#grandmother
iin#PL
na-#IT. tet-#INC:Ø.IPV:D. shyah#SG.go:PFV
güh#dirt
nah-#MED. 'ogn#out:AR
thaa#speech?
hǫǫ't'eey#still
ch'-#INDF.O. eh-#3SG.S:Ø.IPV:H. mbiat#cook:IPV
ch'a#FOC
ha-#ADJC. ah-#NTRL. niit#upland:PNCT
tl'oh#grass
u-#3SG.P. k'eh#following
nts'ą'#and
tsin'įį#thank.you
ch'i-#INDF.P. ttheh#before
ay#3SG
t'eey#ADVZR
ts'oo#spruce
gǫǫ#bugs
chinh#flat
hu#etc.
degn'#up:ALL
nts'ą'#and
iin#PL
hǫǫ'#thus
t'axoh#finally
nts'ą'#ADVZR
dii.xa#WHY
chih#also
le'#IGN
du'#CT
ts'exeh.gaay#GIRL
ya-#CONT. h-#3PL.S. nįį-#N.PFV:Ø. shyeek#handle.PL.O:IPV:CUST
eh#to
shiy#1SG
k'it#on
dzel-#1PL.S:QUAL:DH.PFV:L. tth'ii#PL.stay:IPV:NOM
di-#REFL.PSR. ts'iiniin'#child:POSS
nii-#3SG.S:N.PFV:Ø. thoo#be.long.time:IPV:NOM
ch'itay#old.man
hǫǫ'#thus
na-#IT. h-#3PL.S. del-#QUAL:DH.PFV:L. tth'ih#PL.stay:IPV
jahxan#suddenly
k'at'eey#NEG
nts'ąą'#how
i-#3SG.S>3SG.P. k'eh#following
iin#PL
ay#3SG
nay#say:IPV:NOM
i-#3SG.S>3SG.P. ta-#INTO.WATER. nįh-#N.PFV:H. tl'iit#pour:PFV
da-#UP. 'ee-#3SG.S:DH.PFV:Ø. dah#SG.sit:IPV
nän'#earth
k'it#on
keey#village
nts'ą̈'#to
ha-#UP. h-#3PL.S. naa-#QUAL:AA.IPV:Ø. t'aa#SG.fly:IPV:NOM
shyiit#in
choh#big
xay#winter
iin#PL
iin#PL
ih-#Ø.PFV:1SG.S:Ø. łįį#be:IPV
tl'oh#grass
shiy#1SG
eh-#3SG.S:DH.PFV:H. tsįį#make.SG.O:PFV
nday#where
hǫǫ-#AR.S:AA.PFV:Ø. łe'#be:PFV:NOM
eh#and
u-#CON. tnah-#INC:QUAL:AA.IPV:2PL.S:H. 'iil#see:FUT
eh-#3SG.S:Ø.IPV:H. nih#say:IPV
haskeh#chief
hu-#3PL.P. xah#to
dzel-#1PL.S:QUAL:DH.PFV:L. tth'ih#PL.stay:IPV
ch'itsay#spear
hiiy-#3PL.S>3SG.P. eh-#Ø.IPV:H. 'ąy#do:IPV:NOM
dih-#QUAL:Ø.IPV:1SG.S:Ø. dį'#do:IPV
oh#oh
tah#at:AR
tah#at:AR
k'a#NEG
nih#say:IPV
tthän'#waterward:ALL
mb-#3SG.P. i-#PP. -#1PL.S. nil-#QUAL:NEG.PFV:L. jidn#be.scared:IPV:NEG
eł#when
xah#because
aa-#3SG.S:AA.IPV:Ø. haał#SG.go:IPV:PROG
ch'-#INDF.O. hįį-#3PL.S:AA.PFV:Ø. xąą#kill:PL.O:PFV
y-#3SG.S>3SG.P. eh-#Ø.IPV:H. nih#say:IPV
chih#also
eł#when
ch'i-#INDF.PSR. dia'#younger.sister
hǫǫ-#AR.S:AA.PFV:Ø. łe'#be:PFV
hih-#3PL.S. neh-#QUAL:Ø.IPV:H. tsayh#gather:IPV
de'#if
ishyiit#there
shyiit#in
hii-#3PL.S>3SG.P. eh-#Ø.IPV:H. nih#say:IPV
ni-#TERM. i-#PP. nin-#N.IPV:2SG.S:D. 'aay#handle.CO:IPV:IMP
t'eey#ADVZR
haa-#3PL.S:AA.IPV:Ø. dał#PL.go:IPV:PROG
eł#when
ch'ale#FOC
ehdänh#without
aan#come.in
t'eey#ADVZR
ay#3SG
t'axoh#finally
shyąą.t'eey#FOR.NOTHING
t'axoh#finally
iin#PL
chih#also
tthee#rock
jign#blueberry
eł#when
sh-#1SG.PSR. ta'#father
di-#REFL.PSR. nąą#mother
jah#here
hǫǫ'#thus
nee-#1PL.P. xa#to
sh-#1SG.PSR. ǫǫnüü#older.brother
sh-#1SG.P. aa#for
k'at'eey#NEG
shiy#1SG
tah#at:AR
nah-#MED. 'ogn#out:AR
u-#3SG.P. ts'anh#from
hah-#NTRL. 'ǫǫ#out:ABL
n-#2SG.PSR. tsay#grandfather
nii-#3SG.S:N.PFV:Ø. hąą#water.extend:IPV
aan#come.in
t'oodįht'ay#God
det-#3PL.S:QUAL:Ø.IPV:D shyaak#happen:PFV
dineey#people
tädn#night
eł#when
ena'#no
tl'aan#and
hugn#etc.
ts'änh#from
dą'#at:PNCT
ch'itay#old.man
ch'itay#old.man
t'eey#ADVZR
hu-#3PL.P. 'eh#with
eh#and
yi-#3SG.S>3SG.O. ts'ą'#to
dah-#INC:QUAL:AA.IPV:2PL.S:H. niil#say:FUT:NOM
de'#when:FUT
da-#INSIDE. nįį-#3SG.S:N.PFV:Ø. shyah#SG.go:PFV
eh#and
s-#1SG.PSR. tsǫǫ#grandmother
u-#CON. dhih-#DH.PFV:1SG.S:Ø. niik#grab:PFV
dineh#person
dzanh#muskrat
ay#3SG
nts'ąą'#how
hu-#3PL.P. shyah#house
t'eey#ADVZR
seeyh#knife
hugn#and
łatthegn'#all
du'#CT
tsin'įį#thank.you
ah-#NTRL. noo'#ahead:ALL
ay#3SG
ch'udzüüt#owl
hǫǫ'#thus
tsin'įį#thank.you
hah-#NTRL. 'ǫǫ#out:ABL
nah-#MED. 'ogn#out:AR
nah-#MED. 'ogn#out:AR
kon'#fire
hǫǫ-#AR.S:Ø.PFV:Ø. chaa#be.big:IPV
jah#here
nts'ą̈'#to
ay#3SG
hel-#3PL.S:Ø.IPV:L. t'eh#be.number:IPV
k'it#on
ni-#TERM. i-#IT. in-#3SG.S:N.PFV:D. shyah#SG.go:PFV
sh-#1SG.PSR. ta'#father
nän#2SG
mänh#lake
tah#at:AR
da-#INSIDE. sh-#1SG.O. h-#3PL.S. nįh-#N.PFV:H. tįį#carry.AO:PFV
nee-#1PL.PSR. shyah#house
eeł#traps
łii#dog gaay#small
gaay#small
nih#say:IPV
ni-#TERM. ts'et-#1PL.S:Ø.IPV:D. neek#move.nomadically:IPV:CUST
tl'aan#and
nih#say:IPV
ay#3SG
ch'i-#INDF.O. dheh-#3SG.S:QUAL:DH.PFV:H. xįį#kill.SG.O:PFV
u-#3SG.P. dih-#QUAL:Ø.IPV:1SG.S:Ø. nih#say:IPV
nee-#1PL.PSR. ts'iikeey#children
ts'i-#1PL.S:Ø.IPV:Ø. ni-#QUAL:Ø.IPV:Ø. shyeeh#grow:IPV
eł#when
dahdzäł#rack
iin#PL
na-#PRMB. tih-#INC:Ø.IPV:1SG.S. daagn#D:SG.go:IPV:CUST:NOM
de'#if
da-#ADMIR. hu-#AR.S. teh-#INC:DH.PFV:H. su'#be.good:IPV
dįį-#QUAL:Ø.PFV:2SG.S:Ø. tth'ek#listen:IPV
ay#3SG
du'#CT
ch'ishyaan#golden.eagle
dahdzäł#rack
sh-#1SG.PSR. įįtl'aat#palm
iin#PL
hu-#3PL.P. xah#for
hu-#AR.S. tee-#INC:DH.PFV:Ø. łe'#be:PFV
k'įįy#birch
hii-#3PL.S>3SG.P. eh-#Ø.IPV:H. nih#say:IPV
chinh#flat
nts'ą̈'#how
sh-#1SG.PSR. nąą#mother
k'it#on
hǫǫsu'#well
nih#say:IPV
tay'#again
łaakay#two
y-#3SG.S>3SG.P. eh-#Ø.IPV:H. nih#say:IPV
tsǫǫ#grandmother
hut-#AR.S:DH.PFV:D. shyaak#happen:PFV
k'ahjil#almost
ti-#3PL.S:INC:Ø.IPV:Ø. degn#PL.go:IPV:CUST:NOM
ch'ehłįįgn#song
neexon#1PL
ah-#NTRL. da'#downriver:ALL
ti-#INTO.WATER. tee-#3SG.S:INC:DH.PFV:Ø. łaat#sink:PFV
mmm.huhuhuhu#SOUND.OF.LAUGHTER
ts'iikeey#children
eh#and
dį'#do:IPV
ła-#COMPLETELY. t-#3SG.S:INC. nįl-#N.IPV:SG.S:L. 'ah#extend:IPV
łąy#truly
nee-#1PL.PSR. ts'iiniin'#child:POSS
ishyiit#there
hǫǫ#thus
ay#3SG
ay#3SG
sh-#1SG.PSR. ta'#father
ts'ant'ay#devil
jin#this
tay'#again
nih#say:IPV
eh#and
dį'#do:IPV
dänh#at
tleegn#rotten
teejuh#kindness
tah#at:AR
ch'a#FOC
ch'ishyuuy#different.person
ch'a#FOC
i-#3SG.S>3SG.PSR. tthi'#head
hǫǫsu'#well
iin#PL
nuh-#2PL.O. k'i-#TRADE. tdih-#INC:QUAL:AA:IPV:1SG.S:H. łeeł#be:FUT
u-#3SG.PSR. ts'iniin'#child:POSS
da-#UP. na-#IT. naa-#3SG.S:QUAL:AA.IPV:Ø. t'ah#SG.fly:IPV:PROG
t'eey#ADVZR
kah#for
ah-#NTRL. naat#across:PNCT
na-#PRMB. shyuugn#down:AR
nts'ą'#and
na-#PRMB. tel-#3SG.S:INC:Ø.IPV:L. 'oł#PL.swim:FUT
dal-#QUAL:AA.PFV:L. than#want:IPV:NOM
sh-#1SG.PSR. nąą#mother
du'#CT
ay#and
ts'iikeey#children
sh-#1SG.PSR. ta'#father
nts'ąą'#how
tthi-#OUT. nįį-#3SG.S:N.PFV:Ø. shyay#SG.go.PFV:NOM
shyii#in
tl'aan#and
hu-#AR.P. ts'ą'#to
ishyiit#there
eł#when
ta-#INTO.WATER. 'įį-#3SG.S:AA.PFV:Ø. taal#burst:PFV:NOM
de'#if
el-#3SG.S:Ø.IPV:L. tsiin#appear:IPV:NOM
n-#3SG.S:Ø.PFV:Ø. t'ay#be:IPV:NOM
tl'aan#and
hu-#3PL.PSR. dziit#hearing
nagn-#QUAL:Ø.PFV:1SG.S:Ø. jit#be.scared:IPV
t'eey#ADVZR
he-#3PL.S:Ø.IPV:Ø. nih#say:IPV
ay.tl'aan#AND.THEN
iin#PL
shyi'#meat
de'#if
ay#3SG
nts'ą̈'#at
a-#NTRL. dogn#up:AR
iin#PL
eh#to
dzanh#muskrat
dziin#day
t'oot'eey#but