kelak
ke- penting -en
toh
belanja -i ==ne
akhi
mame
si
sebagae
su
anak.bekhu
si
pekhistiwe
enggo
kalak
anak
nujum
akhi
ni- tambah
se- soh -ne
manusie
belakang
khaje
amin
te
me- kehendak
umukh
nggo
te
te
dukun
me
oleh
se- tahun
se- kalak
te
pekhsi
ke- tukhun -en
sitok
khut
si
edi
bakhu
kahkhene
anak
ndokhsah
minum
lain ==ne
me- lawan ==ne
ende
tangung.jawab
me- dalan
te
layakh
te
susah
wakhan
tetap
kawin
tukang
kekhas
pekhcaye
kekhang
kane
==ku
kane
tekh- jadi
ngkekhan
cinte
pekh- batas -en
ate
mbue
tahun ==ne
khut
wayang
dekah
ni- angap
ulang
si
dempik
geluh
babe m- balik
pepige
si
tekhus
me- [...]-- deleng
ni
ni
namun
==ne
nakhu
dhunut ==ne
uan
khut
ni- tengo
tule
bekhu
kase
se- kalak
adih
dape
hanjung
[...]-- anak
imbalan
sebuah
nange
me- bahan
khincim
pe
pekh- batas -en
suami
te
laus ==lah
lebe
mpus
kawin
bekhu ==ne
tempo.die
lebih
waktu
untuk
nde
dewasa
te
edi
kekhet -i
main
si
se- kalak
pekhintah
manusie
lot
otomatis
pot
kane
nange
kae
soh
ni.mai
positif
natam
de
polisi
lemes
khaje
[...]-- male
enggo
hal
pe
melaku.ken
te
untuk
pupuk
amin
akhi
alkisah
men- indekh -ken
te
ulang
te
nange
jumpe
gukhu
khencane
mele
iye
sendah
tanoh
sendikhi
lot
men- afsikh -ken
malet
atau
kekuaten
si
si
[...]-- uwas
men- pelehjemah -ken
kekade
due
nihil
khaje
baso
te
nasip
si
se- kalak
pak
saling
due
bantu -en
me
cekhite
mey- usul ==lah
malot
nakan
n- dukhuk
meng- adikh -i
edi
tahun
malet
natam
lot
selukhuh
sebuah
kae
khaje
hinge
per- gaul -en
pade
ngekhan
mulai
de
main
me- kekhet
iye
mame ==ne
si
ge
mude
te
hal
ende
si
mem- pekhintah -ken
hebat
te- gusuk
edi
anak.bekhu
khoh
wayang
kane
lebe
kabakh
amek
[...]-- pige
gakhis
malot
akhi
tipu daye
khut
te
anak.laki
bekhite
mbelin
ni
me- babe
sekhik
padahal
sang
dukun
engek kandung
tahun ==ne
jeme
melet
te
peng- ukhus -en
ni- utus lah
bhe
tuan ==ku
te
modal
kate -ken
kayu
peng- uase
ni- bunuh
me- dikusi
me
geluh ==ne
khang.tue ==ne
tepat
me
tekham tunjang -ken
usahe
tule
kasukh
me
layakh
tule
namun
malet
si
kanda
cekhok
malot
si
iye
ni- asing -ken
n- umpang kepaling
tekhus
selame
kekhan
si
adih
kao
jeme
malet
iye
pakek
si
lot
khut
me deleng
me khumah
mpus
ate
lot
jekhok ==ne
me- khase
lot
hambe
nikah
khaje
iye
tekhus
nange
madhe
sendikhi
kabakh
paling
tuan ==ku
khut
untuk
semsakhe
wahai
ke- geluh -en ==ne
khombong -en
tawe cikhem -i
kawin
edi
kane
balik
sang
khaje
uwis
ni- laus mece -ken
cindekh
jume
si
deleng
si
jeme
aku
nujum
tanoh
men- ekhus
anak.laki
miskin
bage
me- kembang ==ne
khaje
me- usahe
[...]-- saat
ni- tegu -ken
endak
laus mece -me
tanoh
khaje
untuk
mampu
oleh
manuk
khemeh
me- jabu
hakhus ==ne
mulai
saat
me- cekhok
edi
ate ==ne
angote
n- tegu -i
malot
te
khut
belin
pejabat
ni- tukokh ==lah
lot
pekhistiwe
ni
ke- jujukh -en
hakhte
kabakh
ni
dengkil
[...]-- gakham -i
tanoh
ke- ganteng -en
kekade
akhi
deleng
==ne
tebe ==ku
mem- babe
amin
meng- ena -i
malet
uwak kandung ==ne
malot
mem- ege
sah
me- khumah.tangge
deyat nadi ==ne
lembu
sendikhi -en
aku
oleh
edi
te
si
kue.pe
suku
ke- geluh -en ==ne
tetap
selukhuh
jeme
pakhang
si
ni
ni
kate
tuan ==ku
bekhu ==mu
ni- pakek
sendah
tanoh
ato
ni- milik -i
si
sang
manuk
kane
ge
khaje
khoh ==lah
amin
biase -ne
wakhge
tuan
awak ==ne
te- gusuk -i
kute
ogek
si
aku
biase -ne
ganteng
[c^1][v^1]- kasih ==ne
makcik
ke- sulit -en
betah
kabakh
khut
ke- lahekh -en
khut
te- pangan -i
abhang
tading -ken
anak.laki
endhe
usahe
pole
te- lantakh
si
mengindah.ken
su
te
uan
ulang
khaje
nahan ==ne
pe- deleng -en
tule
[...]-- anak
pemamanen
woi
ni
babe m- balik -ken
amek
mbue
bulan
kenin
untuk
untuk
aku
si
ende
untuk
ni
lot
se- mase
kao
lawe
khut
tahun
keluki
adalah
men- ikmat -i
malet
pagi
dunie
malot
namin
khase
me- baju
khut
ngeng -ken
mbelin
si
nemu
dukun
aneh
tapi
kekade
ni
iye
nggo
gelakh
nggo
men- damba -ken
oyek
maksud
te
tekh- cape
tapi
okhang.tue ==ne
tekun
natam
khang.tue ==ne
iye -me
khut
ni- kate -ken
lain ==ne
khut
sendah ende
pe- tani
coklat
pe
deleng
oleh
lebe
mem- ekhe -ken
si
nemu
iye
me- jolokh
per- tambah
ni- ato ==ne
dukut
me- tahan
bhual -i ==ne
kakhang
ate ==ne
uwis
[...]-- tanemen
me- dalan
lot
selukhuh
n- tukokh
susah
lot
bakhu lah
khut
sang
me
cut ==ne
khaje
setekhusne
kane
geluh
atao
iye
si
semenjak
kekhe
iye
iye
keempat
bebekhe ==ne
nde
aku
puket
walau
aku
mame
namun
toh
tulang
geluh ==ne
si
si
si
pagi
keluki
edi
iye
sukukhen
bahwe
bagas
ke- khaja -en
niwekhe
se- ketike
apelagi
oleh
khaje
mem- ege
si
men- jage
jabate ==ne
setekhusne
undangen
te
si
gakham -i lah
khut
khele
uwak ==ne
abang ==ne
pesan
me- babe
tabit dukun mentakh
khut
meng- asud
kayue
tenggakhe
tegak
geluh
pe- nata -en
gukhu
tekhus
nahang -ne
men- abin -i
sen
ni
te
tihang
nde
si
anak
ak
khut
kane
desa
jahan.jakh
sendah
untuk
tapi
te
okhang.tue
cinte
khut
tukhun men- tukhun
biakh -i
enggo
pekhintah
dalan
kelak
sang
padahal
anak
tas
sedih ==ne
khang.tue ==ne
sekhik
adalah
pade
penjelasen
anak
ni- tumpang kepaling -ken
si
anak.laki
buah
mungkin
si
tekhyate
megah
kobo
namun
ame
keluakhge
bhe
apekah
pe
mate
tukhang ==ne
oyek lah
me- [...]-- bulan
te
ngkran
wayang
khut
wakhi
kae
natam
tanemen
khombong -en
oleh
mem- mengket -i
peng- asing -en
bulu
tutung
kane
ekas
te
natam
khut
sang
te
lot
si
bekhu ==ku
kanda
se- putekh -en
sekolah -ken
tanoh
me- [...]-- tahun
men- bantu
mbelin
daekhah ==ne
si
si
khajin
te
anak
si
kalak
peng- uase
hal
kekhi ==ne
khaje
kalak
malet
pe
iye
tunduk
langsung
nahang -ne
kao
me- hakhte
soh ==lah
keji
me- jagung
abhang
sendah
lupe
ni
laki ==ne
anak ==ne
luakh
khaje
nde
me
sang
bayi
si
bayi
sakti
bumi
senang ==lah
namun
kalak
uang
[...]-- ninik
te
deleng
meng- ato
sekali
keluakhge ==ne
te
atas
senuan
ni
lah
lot
ng- gakhem -i
edi
mbue
daye
si
me- daye
amin
mange
te
putus ase
bongi
khimo
pejabat
uwak ==ne
tebe ==mu
khangtue
de
pekhistiwe
ni- tekhus -i
ni- segan -i
khaje
balik
edi
kase
pahakh
si
babe m- balik -me
si
nanak
malet
kao
me- bagas
bende ==lah
akhi
ni- bunuh ==ne
bakhu
jabu
sedih ==ne
uan -me
deleng
ngkhan
tentang
malot
meng- angap
si
madhe
pade
si
sekolah
tentang
wahai
men- andung ==ne
harga -i
kane
ni- bahan
khaje
untuk
geluh
bekhu ==ku
ulah
amin
de
malet
bhone
penganggukhen
ame
sang
anak
me- cekhok
toh
petame
mejile
cangkul
penamun
te
pepige
sebage
betabe
ke- ekhoh -en
pe- tani
pudi
suami
sabakh
untuk
tapi
akhi
kane
madhe
buah
me- sedih ==ne
malot
sebuah
ke- tukhun -en
anak.laki
me- hak
soh
iye
balik
==ne
uwak
pahat
natam
akali ==ne
ngkhan
nakan
edi
megekhogoti
[...]-- hanjakh
anjam -en
[...]-- macam
ngkhan
mulai
te
belin
khut
aku
me
wahai
ketang
ni
khut
tekhjal
bekhu
me- layakh
lain
oleh
melaku.ken
ni- pesulak -i
te- gakhem -i
bhaju ==ku
si
akhi
mame
te
ni- pekhcaye
polisi
tule
tekh- jadi
mejile
tanoh
tetap
khut
ekas
khaje
tekh- atou
aku
ninik
iye
kalak
lah
se- kalak
te
ni
belantakhe
ise
ni
ni- susun
benakh -kah
ni
cuping
meng- hadikh -i
pul
kane
kao
tandok me- sile
tekhus
negkhi
tekhsebut
kelak
terjadi
mampu
asal ==ne
kabakh
te
khaje
edi -me
de
malet
ni- bunuh
wakhi
kisat
adinda
lebuh
side
te
kane
khesep
kendin
kune
usahe
se- kune -ne
kabakh
si
tahun
mate
khut
gaikhah
si
kayu
bage
nujum
nange
anak
tukhang ==ne
usahe
tetapi
me- gelakh
pakek
meng- hokhmat -i
te
kalak
pulih
untuk
malet
men [...]-- nutup -i
mame
hakhte
nujum
lelukhuh
aku
khoh
khut
meng- angkat
kawin
jeme
aku
te
laus
kae
si
kelok lah
mekh- umukh
niat
mampu
te
pengawal
sebuah
sultan
lembu
nange
allah
madhe
ni- tumpang kepaling
se- kalak
ni.hande
bhatu
sendah
bakhu
sulit
mekh- ayu
cuping
munyang
[...]-- khut
edi
soh ==lah
bage
ni
bage
me
laki
mame ==ku
si
meng- alam -i
mem- unuh
te
pedagang
khaje
sen
kane
nomokh
de
aku
mbue -me
tihang
kute ==ne
geluh
ni- bagi
acakhe
me- nikah -i
kase
edi
sahung
si
jeme
khut
pe
sendikhi
laki ==ne
balik
keluakhge
buhung
kawin
tuan
ni- tunang -ken
ni
edi
edi
bekhite
bungki
iye
anak
khencane
kute
ende
bahan
ke- kuasa -en
malot
kao
ge
nemu
pinang -en
khoh
khut
enggo
khut
ni- pinang
pe
edi
deleng
nangkih
tepat
me- daun
si
[c^1][v^1]- pelin
datas
patkhilineal
se- kalak
angkat
me
bahwe
khut
anak
debekhu
lot
untuk
malet
sukut ==ne
medem
meng- asing -ken ==ne
gane
tandok sile -me
te
sangub
ni- pido
senang -ne
me- gekhot
pe- sakhat -en
sayukh -en
si
tekh- singkikh
malet
men- ading -ken
de
kase
manusie
deleng
edi
tuan ==ku
hakhus ==ne
semakin
sang
ke- khoh -en
ngkhan
enggi ==mu
engekhan
suatu
ge
enggi ==mu
pake -en
si
bekhu ==ne
pekhcaye
mampu
si
edi
siap
cinta -i
amek ==ne pe
iye
khut
cinte
dekah
tanoh
endak
de lah
sang
ngekhi
plastik
malet
khut
due ==ne
kane
cekhane
mame ==ne
tekhus
nujum
alangkah
khut
jume
de
madhe
khakyat
meng- anggu
edi
anak ==ne
tangis
untuk
iketen
te
ni- tekhime
ke- gigih -en
malet
kane
si
lancang
ni
sesikel
me
bende
baginen ==en
te
ate
deleng
khut
ni- harga -i
se- gijap
metekh
lawe
me- peluah
peng- kikha -en
me- untung
ni- tekhime
manuk
tebe ==ne
anak
me
tekhus
mem- ido
khut
belangkejekhen
segale
ni
tekham tunjang -i
untuk
untuk
natam
si
tandi
malet
nggo
ke- khaja -en
jume
kobo
ulang
khaje
bahan -en
nakan
ke- siwah
dukun
soh ==lah
[...]-- timbang
belantakhe
ntekhen
ingin -ken
waktu
pe- ng- kekhet -ken ==mu
pe- tukokh -ken
==ne