benakh -kah
bhe
baso
nomokh
se- gijap
jagung
wakhi
kisat
geluh
nggo
edi
dekah
kalaki
main
malepetake
mekh- ayu
abhang
kekhan
iye
khate
ke- khaja -en
khencane
jin
desa
enggi ==mu
me- nikah -i
hasil
sang
tekhsebut
ni
kayu
dekah
uan -me
enggo
balik ==lah
su
sekolah -ken
tihang
khaje
nujum
setekhusne
ate
me
n- ekham tunjang
sepasang
ende
wali ==ne
[...]-- nyate
panen
anak
ende
walau
si layakh
jahan.jakh
ganteng
alas
te- pangan -i
bekhe ==ne
bulan
edi
oyek
si layakh
awak ==ne
sang
tekham tunjang -i
jeme
belin
pem- babe
me- milik -i
men- cube
akhi
laki-laki
angote
tas
lot
ni- cakhe -ken
oleh
akhi
enggo
iye
te
tekhahikh
sebuah
ie
te
cukup
edi
edi
si layakh
m- ulung -i
sen
ke- hekhan -en
khut
te
madhe
nakan
wayang
niat
ni.hande
pakek
me- mohon
khombong -en
pekhintah
peng- uase
me natam
calon
impal ==ku
meng- embale
[...]-- anak ==ne
yakin lah
wakhi
sebuah
hubungen ==e
abhang
balik
ni
khaje
hendak
untuk
men- jadi -ken
mem- mengket -i
anak
sebage
hakhte
kane
madhe
bagi ==ne
lawe
iye
mem- ekhe
suasane
pahat
khang.tue ==ne
khang.tue ==ne
keluakhge ==ne
pekhcaye
jumpai
iye
me- [...]-- tahun
se.sikel
iye
niat
kalihen
ie
me- jume
namun
lot
sang
te
tukhun ==lah
khaje
si ape
soh ==lah
telat
si layakh
se.mate
bene
me- hakhte
edi
bhe
pengawal
kekhet -i
khaje
[...]-- pige
te
me- peluah
ni
me
nujum
anak ==ne
aku
ke- khaja -en
jawab -en
nujum
ie
nge- laus -ken mece
me
endhe
compang.camping
me
sakit -ne
pe
se- soh -ne
pengulu.mude
mame ==ne
khut
laus
meng- ato
madhe
madhe
pengulu.mude
toh
tuan
kakhene
akhi
malet
dewasa
kite
lebe
pekh- batas -en
pitu
dikhi
madhe
te
ni
kane
pakek
sebuah
se.engo
ni
akhi
sentue
timbul ==ah
deleng
meng- hokhmat -i
ni
aku
khombong -en
ni- mutilasi
khut
men- kandung
pengulu.mude
me- bahan
nge- lahekh -ken ==ne
babai ==ne
te
sukut ==ne
me- sekolah
lebe
mase ==ne
nanak
me- hak
layakh
meng- ato
si layakh
bangse
se- ketike
luakh
khase -ken
sebage
kane
si layakh
[...]-- gakham -i
untuk
meng- ato
cinte
kane
luakh
dauh
tawe cikhem -i
si layakh
pitu
panek
te
luakh
te
me- dalan
khaje
okhang.tue
hakhte
te
nujum
te- tukokh -i
pekhistiwe
uwis
nakbekhu
telu
wayang
untuk
kau
pihak
dikhi ==ne
edi
khut
ukhus -en
me- khamah
ni
kukhang
peng- ukhus -en
balik
edi
tanoh
engo
ni- milik -i
me- bahan
mbue
suakhe
amek
ni
nujum
laki
tetap
beliau
==ne
me- hak
nggo
men- andung ==ne
sang
sekhik ==ne
ni
kendin
men- jadi
kalaki
ni- tunang -ken
cekhite lah
mude
me- khupe -ken
ni
ate ==ne
kake
khakyat
geluh ==ne
madhe
kane
[...]-- selikh
akhi
kute
khaje
m- putekh
dape
sayukh -en
daekhah
bakhu
tangis
lot
me- khibu
ngekhan
se- kalak
tanoh
mpus
te
pe- nasehat
dohokh
pulih
ni
layakh
anak
keluakhge
te
tuan ==ku
makmukh
hakhus
te- pucat pasti
enggi ==mu
[...]-- hanjakh
handhe
bage
mem- bunuh
mahkota
kute
malet
deleng
men- jage
nakhu
balik
balik ==ne
anak.laki
akhi
laus ==lah
sang
pengulu.mude
hancukh
kami
kane
memperjuang.ken
ni
pakhau
khombong -en
mem- babe
men- jadi
te
bhe
me- hak
malet
pesisikh
wakhi
mem- aham -i
bekhu.dinam
si layakh
edi
pudi
mem- babe
tanoh
pe- sakhat -en
engo
kakhene
kane
ni- milik -i
hebat
sekolah
oleh ==ne
men- jadi
ciduhken
peng- kikha -en
te
tekhsebut
gegakhe
untuk
ni- banding -ken
tandok me- sile
me
lebe
ni- ato
me
khaje
akhi
n- tukokh
sebuah
enggi ==mu
se- [...]-- sikel
anak.bekhu
buah ate
ende
kakhang
mem- bunuh ==ne
pemain.sukhi ==ne
sebenakhne
ni
peng- ukhus -en
gakham -i
te
khut
kue.pe
mem- unuh
alas
wakhi ==ne
bende ==lah
[...]-- lompat
mem- babe
mange
me- babe
iye
ke- hebat -en ==ne
tebe ==ne
tebe
ni
singkil
n- tukokh -ken
gakham -i
kane
waktu
aceh.dakhussalam
setekhusne
licik
khang.tue ==ne
mbelin
khombong -en
bhe
izin -ken
tukang
wahai
bakhang
woi
edi
malet
khut
ahli
manusie
nomokh
geluh ==ne
pengawal
laki-laki
ami lah
kane
kabakh
bahan -i
bantu -en
tuak
titik jump
si layakh
ni
untuk
tekhsebut
muncul
bulu
milik -i
oyek
semenjak
kalihen
keluakhge
hayak -me
pudi
khang.tue ==ne
pade
se- kalak
amak
usahe
kekhan
namun
aku
kute ==ne
engkekhan
gekhangen
milik
untuk
te
abang ==ne
madhe
kuling
pagakh
bage
malet
me
te- tandok me- sile
keluakhge
khut
bekhu ==ne
iye
kalak
anak
kanda
te
te
khang.tue ==ne
kane
kurus.kekhah
sendikhi -en
khut
bekhe ==ku
waktu
se- kalak
te
anak
kane
me
lot
ie
pot
malet
te
akhi
[...]-- sitok ==ne
ende
ende
me- dalan kiding
wakhisan
anak dhi
hadi
oleh
[...]-- male
khamah
ng- gusuk -ken
uwak ==ku
mungkin
kami
sang
apelagi
kite
me- cekhok
ngkekhan
me
ni- kisah -ken
e
ni
men- ahan
enggo
khaje
kite
pemamanen
edi
sendah
untuk
kalak
geluh
ge
geluh
ke- hadikh -en
ate
anak.laki
tuan ==ku
gat
khut
endhe
tihang
==ne
toh
lembu
tekh- bunuh
pinang -en
kalihen
edi
pekh cuba -en
menimpe
uwak ==ne
se- jumlah
cuping
khut
lebih
men- jajah
allah
ke- khaja -en
te
tanoh
bagas
khut
kendin
khaje
pakhe
sabakh
edi
singkil
khut
kelak
khombong -en
miskin
me- [...]-- tahun
nol
pelin
edi
te
meleset
oleh
mbue
tekhus
nggo
idah
si layakh
khamah ==ne
kute
lebih
gelap
pengulu.mude
ge
sendikhi
si layakh
handhe
me- bual -i
khaje
me- khase
babe -ken
me- nikah -i
kiasat
te
kakho
adalah
sang
bage
khut
tekhus
khut
edi
wakhi
te- dhahi -ken ==ne
si layakh
anak.laki
oleh
iye
hanjung
khut
bekhu ==ne
tapi
khaje
ni- daun -i
ni
tanpa
anak.laki
buah
senang ==lah
kene
daerah
oleh
uwis
kalak
kalihen
macam
baik
begedi
keji
si layakh
kabakh
kalak
edi
sinine
pe- tande
kite
khaje
khut
bahagie
te
singkil
si layakh
ni- tekhus -i
me- kikhim -ken
[...]- buah -en
ng- gakhem
sang
gukhu
deleng
khaje
deleng
anak
tekh- adep
tetap
te
pido nemu
dikhi
pakek
tepat
lebuh
n- tumpang kepaling -ken
bumi
wakhi
geluh
aku
me- doe
tanoh
pemain.sukhi ==ne
mate
te
wajah
deyat nadi ==ne
ate
nggeluh
kali ==ne
cukup ==lah
geluh
setekhusne
se- kejap
khaje
usahe
biase -ne
adalah
tekhus
ke- biasa -en
kane
singkil
tapi
imbalan
mejile
ni
si layakh
ie
malet
acam -en
se.engo
mey- ebakh ==ne
ge
bungki
oleh
sang
edi
mame ==ne
kemudian
enggo
malet
kelok lah
alkisah
khut
amin lah
ni- laus mece -ken
bhe
lahekh ==ne
wakhi
bulan
khut
dengkil
men- kandung
otomatis
cinte
pasti
malet
lawe ==ne
jeme
angkat
tahun
aku
ketike
bongi
khut
me- dalan kiding
khut
men-...-ken ulung -ken
te
n- judi
ni- mulai
ni- geluh -i
mejile
kali
kune
ni
tekh- pukul
edi
bahan
ucap -en
gukhu
bakhu
te
mem- babe
akhi
tebe
ke- geluh -en ==ne
laus
niwekhe
me
meng- une -ken
tahun
adalah
motokh e
bangku
ni
upah -en
anak.laki
baba -i m- balik
goye
negekhi
khakyat
me- milik -i
khaje
sen
pen- dikhi en ==ne
se- cakhe
sikel
ni
ende
sikel
balik lah
jume
khut
[...]-- pe- mude
biase -ne
dempik
kite
lembu
sikel
kalak
pe
iye
ni- tengo
habis
pajak
tabit dukun mentakh
khut
khase
si layakh
jagung
daye
te- tawe cikhem
te
khut
mejile
malet
khut
akhi
bekhu ==ne
te
jumpe
padahal
enggo
kami
pidon ==ne
khisau
bende ==lah
pade
wilayah
anak
sikel
khase ==ne
men- jadi
kalak
tebe
dalan
[...]-- pige
[...]-- dempik -en
belang
[...]-- hame
nujum
deleng
belin
bekhu.dinam
susah
te
ni
silah.ken
dakhi
engo
bahagie
[...]-- pige
khiwayat
kite
gendang
jelak
khang.tue ==ne
khut
sekolah ==ne
sebuah
pekhtame
mame
megekhogoti
waktu
kane
hamil
khele
enggo
buah
aku
polisi
te
ise
me- juang
ni
buah
balik
sosok
khaje
cuping
susah
tebe ==mu
belang.kejekhen
kalihen
setiap
mejile
te
impal
selese
engo
ni- ato ==ne
me- tahan
khut
anjam -en
dape
se- kalak
pekhintah
bage
pemain
si layakh
lot
impal ==ne
jadi
kite
si layakh
sayukh
senakhen
mulai
sementakhe
mem- mengket -i
oleh
tandok sile -me
si layakh
dape
sendah ende
kite
bayi
anak.laki
mange
lot
jumpe
kalak
sehat
akhi
kendukhi
me- sokhat
negekhi
ahli
malet
se.sikel
sang
bue
khut
peg- ekhok -en ==ne
==ku
aku
kite
adih
kite
tunduk
deleng
atau
sipat
kobo
datas -en
edi
sendah
kondisi
iye
kabakh
khaje
kejam -me
me- bahan
engo
sendikhi
penduduk
balok
se- [...]-- wakhi
oleh
ke- gelisah -en
khajin
pekhistiwe
hendak
kakhene
bekhangkat ==lah
sendikhi
ke- hebat -en
te
sang
wakhan
tekhus
sudut
edi
peng- uase
ndape
panggang
akhi
untuk
kakhne
bekhu.dinam
kane
se- kalak
mem- angku
pupuk
sang
gedang
kekhas
alas
iye
aku
me- dalan
ni- pinpin
gakham -i lah
khaje
engo
sikel
lekheng
angote
impal ==ne
aku
keluakhge
khaje
khut
se- anak ==ne
n- dukhuk
tapi
ni
endak
tangis
si layakh
due ==ne
dabuh ==ne
saat
per- gaul -en
men- ikmat -i
edi
tegak
pido
sang
te
meng- akhekh -i
malet
salah.sebuah
pade
akali ==ne
tekhus
me- khase
pake -en
sikel
ni
kalak
ni- undang ==ne
keji -ne
edi
likal
pitu
ni- tegu -ken
lawe
n- tegu -i
me
malet
kadang
men- cekhite -ken
akhi
me
me- pangkat
men- olong
bekhu.dinam
mampu
ende
edi
akhi
bagas
ni- bagi
nujum
khut
sebuah
wakhi
meng- alam -i
tandok sile -ken
anggote
khencane
te
te
lain ==ne
ke- kuasa -en
si layakh
te
bage
kane
ni
[...]-- khut
sendah
khut
mange
kasukh
kalak
wakhi
oleh
sikel
kami
khut
bakhu lah
[...]-- macam
edi
khut
wayang
sahung
[c^1][v^1]- kasih ==ne
me- [...]-- deleng
sang
belangkejekhen
ng- alo
tutung
khut
kane
mende
namun
akhi
untuk
te
madhe
pengulu.mude
pido
bahagie
siap
meng- ato
kane
mange
te
ngekhi
n- umpang kepaling
uan
pekh- batas -en
milik -i
m- ahan
pade
se- kune -ne
me- nawe
kalak
kakho
iye
bulang
dikhi
belakang
ni
tempo.die
penghulu.mude
petame
bebas
sang
tege
tadi
tubuh
geluh
[c^1][v^1]- minum
te- lantakh
malet
malet
ngkekhan
kabukh
kake
untuk
sikel
deleng
geluh
pengulu.mude
lot
banjikh
enggo
mampu
ni- tengo
[c^1][v^1][c^2]- gekhit
mude
me
te
untuk
khombong -en
ni- tekhime
balik
me- khibu
mampu
hakhte
peng- uase
hebat
khaje
bayi
pas
padahal
hakhte
anak.laki
anak.laki
gayo
pekhistiwe
anak
anak
khaje
te
edi
cindekh
te
pesan
jahat ==ne
okhang.tue ==ne
wakhi
lot
belagakh
jabu
akhi
buet -ken
edi
pelin
bekhangkat ==lah
sikel
tonge
me- siap
kane
ukhus -en
saat
te
engo
ni
tandok
bekhangkat
iye
balik
seban
tepat
men- akhik
nggo
ni- pakek
sosok
kakhene
ahli
pot
tebe
nali
untuk
akhi
me- limpah khuah
pul
ke- tukhun -en
te
sendikhi
te
mudah
lawe
kane
hakhte
khang.tue ==ne
meng- adep
bekhu.dinam
pe- geluh
negekhi
belin
si layakh
gale -em- gale
ni- babe ==lah
tukang
me- ge
sukut
pen- tekhus
oleh
ke- khoh -en
waktu
tekhus
alas
uwak kandung ==ne
mate
bebekhe ==ne
ngkran
ke- siwah
langsung
kayue
kabakh
keluakhge
cut
==ne
engo
khut
pakse
lain ==ne
bekhe ==ne
saling
pulo.biang
babe m- balik -ken
belantakhe
pukhih
sukhung
meng- anut
belanja -i ==ne
te
mekh- asil
ise
ate
sah
hakhap -en
kanda
adinda
sendah ende
si layakh
selame
khut
ni
edi
khaje
ke- mejile -en
pakcik
mem- ake
empus
laki-laki
ni
khut
endak
meng- angap
bue
ni
si layakh
semakin
te- dedoh
khut
enggo
engo
penduduk
baginen ==en
die
ahli
hasil
khut
iye
petame
amek
singkil
ni- khagu -ken
pengulu.mude
tetapi
alas
men- pelehjemah -ken
pupuk
mey- ambut
ng- ulah
madhe
aku
ge
khombong -en
aneh
bhone
sikhe
ni- utus lah
==mu
iye
ni
dunie
kabakh
si layakh
tanoh
edi
keempat
polisi
penduduk
wahai
khitan -en
kite
positif
peng- ukhus -en
me- milik -i
men- cube
engekhan
khaje
wali ==ne
malet
4-5
akhi
e
kane
iye
ngulih -ken
ulah ==ne
edi
mampu
kane
te
tebe
te- gusuk -i
ke- geluh -en ==ne
kane
kau
ni- atou -ken
telokh
te
nujum
dempik
me deleng
tentang
ke- gembikh -en
binatan
pakek
anak
engek kandung
uwis
langsung
jeme
men-...-ken ekhe -ken
aceh
cekhite
me- lelou -i
bekhu.dinam
negkhi
pe
wahai
tekh- adep
wahai
peng- asing -en
se- mase
sendikhi
kabakh
dhahi -ken
lot
suatu
subukh
sistem
pekhbuat
sendah
pe- nata -en
==ne
ke- khaja -en
tetap
sikel
ni- tambah
sekhik
tekham tunjang -ken
ende
sang
singkil
kane
metekh
usahe
lot
khaje
iye
lawe
me- babe
bhaju ==ku
kalaki
ni
me- cekhok
gakham -i
aku
sebuah
alas
ganteng
kede
si layakh
ni
jumpai
pengulu.mude
tekhus
sebagae
tapi
men- andai
se.enggo
pe
mem- utus -ken
adih
ni- tekhime
mey- usul ==lah
tebe
anak
anak
pakhang
apekah
meng- angkat
pedagang
jabate ==ne
si layakh
me
datas
kalaki
malet
jahat ==ne
te
mem- utus -ken
akhi
bumi
kekhan
ate
dape
te
selame
khaje
te
mejile
edi
ni
geluh
kendukhi
te
[...]-- macam
tukhun men- tukhun
harga -i
wakhisen
sihikh
iye
alas
alas
kalihen
pade
maksud
tanoh
melaku.ken
mame
men- jumpai
kobo
endhe
muncu ==lah
made khoh
akhi
ni- bahan
kali ==ne
soh ==lah
ate
jin
me
nggo
sesoh
cinta -i
se- soh -ne
mem- ege -ken
kayu
ni- pido
bage
niat
sehinge
wahai
m- bhabhe -ken m- bhalik
betabe
nikah
ni- tumpang kepaling
meng- inget
wakhan
si layakh
khaje
singkil
manusie
sebuah
pe- bahan ==e
pekhtame
ni- asing -ken
bekhu.dinam
khut
malet
untuk
me- gelakh
anak
bekhu.dinam
bekhu.dinam
bakhu
lot
edi
tanoh
si layakh
nangkihe
mbelin
ke- susah -en
peng- uase
manusie
mbakhu -me
mbue
kalak
nawe ==ne
se.enggo
me
gemakh
ende
pakek
segale
te
kami
me- milik -i
khaje
pengulu.mude
kane
jeme
anak
pakcik ==ne
akhi
peng- uase
kanda
khe -ken
mem- opok
bekhu
khang.tue ==ne
sukukhen
khut
uan
me
mele
wakhi
kabupaten
beliau
ni- cabeng -ken ==ne
tekhyate
edi
me- bagas
kenin
khaje
gelisah
kobo
tebe
namun
si layakh
sekhik
khaje
kite
edi
lebe
cut
bage
jumpe
tege
me- khase
ni
[...]-- timbang
ni
pakek
tanoh
suatu
bahan
untuk
pantas
ame ==mu
sikal
pekhcaye
gegakhe