tr lrpr ==kr -u
mrkc
kaputrpq
x
kx kqlu
rlimz
mz
amrlx
bade
r- pi -bo
nqni
a'
nz- wz -ngr
nz- mc
kx
savo
mqngr
kx
kx esz'
mou
mrlcde
murde
na- tekqtr ==le
ncdr
nide
na- rlx -tr -bz ==kr
tq- yrlq ==pe ==le
lcdeng
bq
kcng
nar
nc
x
kzpten
tzsiu
tq- male ==le
nrlar
kx
disebz
kz
nigr
mzdxmingr
x
murde
ngr
kx etu
xlr -bo
r- pi -mq
krlz -mq ==le
yiz
nourla
a'
nz- r- tekqtr -ngr
yiz
x
mz
nz- xlr -mq ==lr
mzli
a'
badr
mrkc
lc
bznwz
kcng
x
ngr
mzlir
mz
tq- yr -mq
ayrnr
x
kx
lika
lc
mz
tq- yrkr ==pe -ngr
sc==
x
ngr
nz- a- trka -ti
kx
luga
ma
tq- tu -tr -mq
esz'txu
drtq ==de
kx esz'
x
dapu
kx
ncbr
me
elr
nz- mc
jon
tzlede
josip
ma
kx
x
vz -bo
vo -tx -tr
wiki
tq- kcblz -px -ngr ==ø
nrwx
r- li -r
kx etu
r- pi -bz ==le
kx
yrkr -px -bz ==ø
mqngr
na- yapwx -ti -mq ==le
lc
metalo
da
nrlc
mz
nz- yr -bz
nibr ==de
bagr
luga
sc==
mrvr -lz ==pe -mq
merikz
kx
elr
murde
ngr ==de
sc==
bzkq ==pe
kx
tq- dwa -tr ==pe ==kr
prla
drtwr ==de
mama
kx
tq- yapwx -ti ==pe -mq ==le
lr
trlipu
melomate
sade
kr- lc
nea
mzli
mz
nigr
mz
yc
nra
kx
nz- ngq -ti -tx pwz
nidr
menabz
be
amrlx
nc
sc==
x
kzdu
mz
oti -tx ==ne
murde
mz
x
eroplen
r- pi -bz ==le
mz
bagr
kx
zyagox
tq- miglq -px ==pe
kx
murde
tq- wai ==pe ==x
nc
kx
badr
kx
kx
rpwxmz
mzli
vaol
nibr ==de
mz
kx
x
mz
dckrlzde
kx etu
x
x
ma
nqni
lcde pwz
mz
mz
dakxnzng
sc==
nz- prtilz ==lr
mz
ngr ==de
kx
tq- mc -ti ==ku -ngq
mqngr
ncbr
mz
kx prki
r- male
nzlqwc
elr
mz
lue
japan
mz
x
kx
mz
kcng
tq- mnc ==pe ==kr
mrlz
yrkr -px -bz ==ø
kalrla
tr nz- xpe ==gr -u
nabxbz
ni ==gr
nz- abrtz -ngr
rtqmz
yrpla -tr -ngr
xlr -bo
nea
tq- vz ==pe -mq
a'
mnc -tx ==pe ==ø
ne
nqmq
kx
trte ==nge
taplxsr ==gr
badr
mz
bznwz
mz
leplz
nrlar
tq- ale ==pe ==x
kros
nz- tave -tr ==lr
nigr
sc==
x
nqmq
nepi
nz- r- tekqtr -ngr
a'
me
amrlx
badr
kx
mz
kcng
tq- mznr -tx ==pe
nar
sc==
bom
x
dckrlzde
nzlvqn
nigr
da
merikol
kx tq
lwovz
lcsu
neke
na- do -tx -o -mq
skul
leplz
kx topwz -ne
mz
trmctu
x
rum
vaol
mzli
mzli
bzkq
kx
sc==
kzdq
nigr
kzdq
mz
nzryrngrkxtr
sc==
kz
nepi
murde
sc==
trmctu
x
r
x
mz
nrlc
badr
ngr
nz- a- glq -ngr
nabz kx tr
mz
sc==
zbq
japan
zbq
mzlwe ==de -ngq
bisop
r
na- ngq -tx ==kr
na- ngi
x
mz
kx
murde
boe
bq ==pe
rlru
ngr
kx nz- ela ==ng
kru
vo -tr -pz ==kr
pna -ti -bz ==kr
mnc -ti ==kr
gwalekana
mz
ma==
tr pas ==x -u
nebz
nzli
badr
drtq ==de
kx
dzbr
r- pi -bo
kio
tq- dwa -tr ==pe
kcng
skul
drtq ==de
wisol
badr
mz ==te
kio
mqngr
kru
krkc
kc ==pe
x
x
mz ==ke'
nz- mc
skul
da
leu
r ==gr
twz -tr ==kr
sc==
se
kampi
kcng
nz- r- male
lrlvz
bade
r
nz- wz -ngr
madxi
lcsu
leplz
li
badr
sezman
pxi ==ø
tq- twz ==x
lcng
na- yr
ne ==dr -ngq
mrtu ==pe
nc
tq- ale ==le
ncbr
kcng
kx
mz
zbz
skul
kcng
ncdr
tq- li -tr ==pe -bz
dxvo
krlz -bz ==le
mz
julae
mzli
ma
jiszs
mclr ==gr
kzdq
lcsu kx lvc
lika
ne ==dr -ngq
kcng
wop
nyz ==dr
na ==gr
elr
drka'
badr
badr
x
akes
na- vz ==kr
kx
zbq
x
kqlu -tx
etu
r
x
drtq ==de
badr
kai
mz
r- pi -bz
krla
pripekt
teomo
nabr
mou
nz- kapx -mq ==lr
yc
mz
lrlvz
kx etu
trte ==nge
stoa
ne ==gr
tz- lunyao -ngr
sc
leplz
x
nidr
nz- tq
tq- vz -bz ==kr
tq- vo ==pe ==kr
kcng
lr
zbz
mz
lc
nz- mnc -lz -bz
nigr
drtq ==de
na- ngi
nidr
kq
mz
mz
kipo ==pe ==kr
nyz
kzdq
kcng
nigr
ncblo
mc -bz ==kr
tabao
kx pq
mrka
nz- wz -ngr
yiz
ka
mzli
elr
na- ngi
abrelz
yaluli
kcmiti
bagr
kx
ngr
nigr
nanyc ==de
kxpipz
krlz -bo
yc -mq ==ø
tq- vz ==pe -mq
badr
tq- r- pi -mq ==le
doa
bagr
mz
merikz
tewa
kx
krlz -mq ==le
mama
tq
mqngr
tq- rlvi -tx -px ==be
yzlu -mq ==le
nz- siklu -ngr
kx
temz
dzbr ==de
menabz
mz ==tr
kx nz- a- o nrwx
dckrlzde
tz- r- pi -bz
skul
bange
zbz
yiz
drka'
kzdq
kx
mzdxmingr
lr
nide
trpnzngr
nzlu
ngr
kx
kx
x
zbz
tz- pi ==pe ==lr
kxetu
mz
nigr
tq- yrke -lvz ==x
tz- mc -px ==pe -bz ==lr
prla
kzte ==de
lc
kcng
murde
sc ==de -ngq
lrpzki
x
r- pi -bo
tq- pi ==pe -m
ncboi
xlr ==kr
x
da
ngr ==de
kx
x
kx
bingar
x
bade
roman
ncblo
sc==
lr
bade
tq- mnc
sc==
mz
tq- vz ==pe
x
x
x
xlr -bo
gct
mz
pnz' -tx ==de
mzli
nzryrngr
kzdq
leplz
na- dwasz ==pe ==kr
x
nz- r- yr -ti -ngr
bia
ngr ==de
bz
mz
kx
mrbr ==pe
tz- mailz ==lr
mz
oktobz
dakxnzng
tabao
nz- alvztr -ngr
mz
yzpr
nigr
kcng
ma
bznwz
da
dakxnzng
japan
kx
trte ==nge
bade
tzsiu
tq- kqle ==pe -bz ==le
kx
murde
mzli
na- prtz ==lr
zbq
mrbr -tx
ckrle
tq
krlz -mq ==le
kx
mrlc
zbz
prki
mz
natq
lxe ==nge
ya -px -bo
la ==pe
kx
sc==
kx
r- pi -bo
da
lcde pwz
esz'
kzdq
r
da
katris
x
ma
kx
x
lc
kx
nigr
nz- vz -tr ==ng
tq- twz ==le
kxaonrwx
ne ==nge -ngq
badr
diksonare
lcsu
mz
x
ka
tz- pr -o ==pe ==ng
ngr
amrlx
mrtwz'
kzdq
bagr
doa
nabz
mz
etu -ne -px
kcng
nabxbz
yrbq ==x
nz- vou -ne -o ==pe -mq
nz- dwalzm
nzwr ==de
kx
kx nz- etu
tz- pnati -bz ==lr
ma
mz ==te
lcde pwz
mz
kx myapxbz
japan
na- takitrde
lr
bade
kxetu
eke
badr
vea mrlz
nemya'
nigr
x
mrtwz'
skul
nz- krlz ==lr
kx
leplz
tu -tr -pz ==ø
seleng
nigr
x
olvz
nz- atwzlr
nua'mu
r- pi -bz
tz- a- ngc ==pe -bz ==lr
drka'
lue
nigr
sc==
lr
elr
trpengr
taepis
obq -bz
mnr ==nge
mz
drtq ==gr
bea
kx
rblx
kx
kx
drtq ==de
kc ==pe
badr
kosi
mz
kzdq
plastik.
mz
x
tq
mz
brngz -tx -tr
sc==
da
merikol
nzkrka'ngr
sc==
kx nz- topwz
kzdq
natq ==nge
mc
x
kx
a'
tq- tu
tq- mc ==pe ==le
mz
lrpzki
mz
kx
kx
skul
teomo
skul
kapx -tx -lz -mq ==le
zbz
tr nz- mc -u
bagr
nabzn
mz
x
sc==
tq- dc
rpwxmz
dzbr ==dr
mqngr
badle
lr
kx
kx
na- alvztr ==x
murde
dztu ==dr
doa
bzkq
na- tekqtr ==le
peto
bange
ma
x
mz
jon
kxetu
kzpten
jon
narnztilolx
ngrlr ==kr
doa
x
nz- vea -ne ==ngq
kx topwz -ne
sc==
kx
mz
r- pi -bo
kx
kzdq
dekc
x
dzbede
tq- a- mwitr ==pe -mq ==x
zbq
a'
dcbz
dckrlzde
yz
jiszs
kx
mz
nigr
kx kqlu
murde
vea
doa
nz- mu ==lr
letzlvz
kx etu
amrlx
tq- ela ==pe ==kr
badr
lr
kzpten
li
abrtz ==kr
x
mz
prla
naonrx
lue
doa
gct
ncbr
nounc
na- ngi txpwz
x
mz
kxetu
matelq
lc
sc==
nz- vz -bz ==ng
kx
nz- wz ==ng
rblx
nz- a- su ==ng
baengr
lcsu kx lvc
abrelz
sc==
mz
newz
nabz
badr
vz -bo
badr
menabz
mz
esz' -ti
kx
kx
sc==
na- ngi ==pe
tq- rlr ==pe -bz ==le
doa
x
x
mou
tq- po -o ==pe
mzli
salome
nrlc
trpengr
yiz
pu
sc ==nge
tz- vz ==be ==ng
nz- ycmne
kzdq
mz
nrpq ==de
vanuatu
kx etu
elr
rmcti ==kr
nz- obq -px -bz
se -ngq
kcng
ma
tq- lolvz ==pe ==x
trmctu
mz
x
mz
nounc
x
tq
r- pi -bz
nibr ==nge
x
zbz
yiz
dq
lr
tz- pxyq ==be ==ng
nengq
pwx
nigr
roman
ngr
kzpten
kz
ngr ==dr
kx
lcsu kx lvc
txpwz
tq- r- pi ==pe -mq
ena
nrancpo
sc==
ncblo
ninz
mrkc
kx
tzlede
lr
jiszs
x
masingan
tu
mzle ==de -ngq
sc==
ncdr
ma
auki
da
dckta
mzli
r ==nge
kcng
kr- lc ==de
mou
drtq ==de
nzelangr
jiszs
x
drtwr ==de
tq- rtqmz
da lc
tq- yr
kx
nigr
tq- wxliki -tx -px
kcpwz
ngr ==mu
newz
skul
x
leplz
mz
mz
mz
apu ==le
ma
yzuo
tq- tu -px -mq ==ø
doa
nz- aolvz -bz ==lr
rkalz -mq ==gr
lr
kx
x
badr
kx
mz
vz -tr -pz
tewa
savo
twz -o -mq ==gr
da
mz
doa
nabz nepi
ngrlx
x
mz
na- rkalz ==pe -mq ==ø
nidr
nyz ==dr
nc
bade
nyz ==dr
x
kcng
tq- asa -ngr
sc ==dr
sc==
nea
x
mrlc
x
trka
lue
alankaula
kx mrna
drka'
temz
mz
mz
narnztilolx
kcng
zbq
ngini ==nge
japan
ka -mq
kx
sc==
r- pi ==le
bagr
tq- vo -ngr
tr mc ==le -u
x
daniel
mz
nidr
kzdung
melrmq ==dr -ngq
nz- telvz ==lr
ngr
mz
tr mnc ==kr -u
nz- wz -ngr
r- pi -bz
kai
x
ncblo
skul
pwx
wz ==kr
elr
tz- dwa ==pe ==ng
skul
naonrx
sc ==gr
peto
kzpten
mz
nz- brka -px -mq ==lr
kra- li
trpnzngr
murde
tq- vz -o ==pe ==kr
da
mrkc
nrpakxmrlz
bapo
mz
kio
dq
mwi ==kr
mou
amrlx
nz- vz -kr
yiz
nar ==nge
sc ==de
lr
mz
tq- yzlu ==pe
veranaaso
ma==
tzsiu
mz
ye
kx
sc==
lc
tq- plc -o
x
lcdeng
x
mz
temz
r- pi ==le
mz
ne
veranaaso
tq- ka -bz ==kr
mzli
lrpzki
mz
nigr
rkalz -mq ==ø
na ==dr
be
r- li -r ==gr
nzrmcpxngr
mrlz
mz
tulz -mq ==gr
kx
nqngi ==dr
trlipu
tewa
bokapwr
nz- dwa -tx -c ==ng
tq- mrlz ==pe ==ø
kx kqlu
dzbede
kx oda
tq- r- pi ==pe -mq
mz
x
leplz
murde
mou
tz- ya -mi ==pe -bz ==lr
nz- ngrlr -mi -px -bz ==lr
merikz
mz
lcdeng
a'
x
drtq ==gr
kzble -ngq
ncblo
nigr
tq- r- pi -bo
kzdq
sc==
nzwr ==de
x
x
x
tq- tu -px -mq
x
yzutr
mepyr
mz
kxbq ==gr
nz- r- ka -bz
mz
kx
da
mz
nz- apx -ngr
sc ==gr
bange
nyz
takitr
tq- r- pnz' ==pe -bz
trka
mc ==x
bia
pu
bagr
doa
mama
makxtr
mz
lr
bot.
mz
alvztr ==x
kx
dzbede
ayrnr
mz
lcsu
mz
kcng
sa
na- mrbr -ti -tr
drtq ==de
zbz
kx
kx etu -bz
x
nigr
lcsu
nc
kx
sokz
mrbr -ti -tr ==pe
yiz
blz
taol
tq
milzpq
drta'
kx
a'
kx
kzdq
nz- r- pilz -ngr
nounc
x
na ==dr
mrkc
mz
bot.
elr
bagr
mz
mz
doa
mqngr
kx
krkcng
na- lalztq -bz ==ku
mz
sc==
doa
x
tq- li ==pe
x
nidr
mz
mz
zbz
nz- xpe -ngr
gct
sc==
mzli
kz
mz
katkis
mz
toki
nzlu
tu ==pe ==le
tq- lu ==x
murde
nz- r- pilz -ngr
set
badr
yc
ami
badr
sc ==de
na- ngi
mzli
kupli
mz
kz
waea
nea
r- pi -mq ==le
nzlu
nou
nrlc
leplz
nzwr ==de
na ==dr
badr
nqlvi
kcng ==pe
tq- ata -tr ==pe ==le
dcpwe
sc==
ncdr
kraesz'mz
kcng
nar ==mq
mnc
ne ==de
sc==
kqlu
ncbr
nz- ne ==pe ==ng
a'
ngr
sc==
kio
leplz
sc==
diksonare
lcng
sc==
mrkc
txpwz
lc ==pe
mzdxmingr
mz
kx etu
ba ==de
nz- vec ==kr
badr
kxmu
yiz
esz'txu
mz
jiszs
x
kx etu
sc==
kx mrna
rlilr
tewa
badr
ate ==ø
drka'
kcng
pi -bo
abzo ==kr
mz
ncblo
nabz nepi
skul
lrlvz
lxe ==de
namc
zbz
li
yiz
x
nesrkr
kcng
vri
tr krlz ==x -u
mz
sc==
wisol
zbq
mz
kio
x
newz
kzdq
nrwx
mz
natq
tz- ngrla -lvz -ti ==pe ==lr
x
natq
kapx ==kr
olvz
nounenq
pawa
yagox -tx
nz- a- lxngi -ti -kr
trpnzngr
tq
nz- angio -ngr
nz- yrlwr -mq ==ng
nidr
kx etu
natq
merikol
mz
badr
x
doa
mz
murde
zbz
samwel
nidr
digi
kzbznyon
nidr
bange
na- ngq ==amu
ne ==gr
zbq
x
ami
jenwzri
x
vztrpq
mz
mqngr
nc
lc
nz- vea -ti -ngr
mz
sc==
lr
sc==
tr vz ==kr -u
lrpzki
lclr
tq
lcsu
x
trmrtao
tq- r- pi ==pe -mq ==le
na- vz -tx
sosaeti
trlaki
ngr
ngr
r
tq- olz ==pe -bz
sc==
tq- pi -ti ==kr
kx
mq
nz- rmnq -tx ==ng
mwelea
bagr
mc ==kr
nyz
krlz -mq ==le
mz
kqlu -tx
trtingr
trmctu
da kc
tq
klas
badr
trmctu
sc==
trpnzngr
dapu
pwx
kx
kxpipz -ne
drtwr ==nge ==le
krkc
nc
kx
mz
na- ngi
pripekt
mz
kx etu
nabz
nrpa
x
nrpakxmrlz
merikol
nourla
kx
tq- mu ==pe
x
tq- mc ==pe ==le
mz
ngr
kx
x
mz
x
pe -ti ==kr
mz
kcng
tq- pi -bz
baengr
yz
bagi
a'
bzkq
olta
badr
myapx -bz -ngq
rtangr -ti -bz
nz- alvztr -ngr
trpnzngr
nounc
kx etu
kx
temz
krlz -mq ==le
mqngr
mz
kx
mznrngr
kx
mz
doa
lrtzlvz
xlr -mq ==le
tq
kros
rum
mz
sc==
tq- r- pi ==pe -bz ==le
da
kcng
mq ==nge
tq- mnc ==pe ==x
da
brma
be
badr
mrka
filip
kzdu
natq
kcng
kz
bagu
kcng
tq- etu -ne -px ==pe
ncdr
x
kx
x
dxvo
amrlx
skul
mrkc
sc==
mz
kio
drka'
skul
nz- mnc -lz -bz ==ng
x
nz- ngrlr -tr ==ng
ma
drtq ==de
ngr
nc
mz
nz- amc -ti
bom
wiki
murde
murde
kx
x
ngr
kcng
kzble
kx
zbz
veranaaso
nidr
elr
nz- yrlz ==ng
drtwr ==gr
da kc
mz
na- rlapx ==ng
mz
lr
tq- vz ==pe -mq
kx
mz
kx
nabz
x
ma
bade
nigr
sc==
da
tq
da
x
filip
ate ==ø
r- pi -o ==le
rlr ==q
me
tq- yzu -tr ==pe ==le
ncbr
nrancpo
sc==
bxki
nigr
mwi -tx ==kr
inglan
kcng
nz- alvztr -ngr
seleng
kx
aglqpz'
lc
madxi
kx
merikol
kx
nzwr ==de
nctq
kra- pwx
blrkq ==nge
mzli
x
alankaula
lcsu
tzsiu
zbrlxkz
toki r
x
ncbr
mz
mz
tq- a- yrkr ==pe ==x
r- pi -mq ==le
kcng
tewa
kzte ==nge
na- ngq ==kr
ngr
bxki
lc
sc==
dcpwe
r- pi -bz ==kr
nzryrngrkxtr
vea
zbq
mc ==x
kx nz- a- krlz ==ng
x
zvz
mz ==te
tq
kx
wisol
murde
mqngr
devet
me
gct
mnc
elr
kx
x
kzble -ngq
bute'
li
tq- vz -o ==pe ==kr
x
prtr -pz ==ø
nz- tc -ngr -lz -kr
mrlx ==mq
murde
ngi txpwz
kx
nz- mu ==lr
r ==dr
r- pi -mq ==le
mz
kx
kx
kxetu
kcng
gct
mz
ngrlx -o -bz ==le
dztu ==dr
mz
sc==
r
drtwr ==gr
drka'
kx trka
me tavao
nzlu
nz- lu -tx ==pe pwz
teomo
tz- vo ==pe ==ngq
japan
bea
kx
murde
mz
bange
tq- mc ==pe ==le
lc
ncblo
bange
mz
kcng
nz- mnc -ti -px -mq ==lr
lr
nina
tz- lz -ti ==tr
nigr
bagr
nibr
elr
kzdq
lcdeng
skul
kx
mz
kcng
tabao
malaita
mzli
r ==dr
kx nz- etu
rkalz -mq ==gr
kzdq
inglis
luekxpiz
pulis
lc
kra- tq
tq- r- pi ==pe -mq ==le
kx nz- r- tekqtr
meleu
lc
ngr
pr -lz ==kr
skul
doa
na- okatr ==x
tq
nigr
kx
bade
x
a- taplxsr ==le
tz- vz -o ==pe ==ng
lr
kx
nekeng
tq- wxbu -px ==ø
nz- mnc ==pe ==ng
kx nz- siklu ==ng
nidr
x
lika
doa
trmctu
sc==
zbq
narnztilolx
lc
nz- aokz ==ng
aglikan
tq- olvxti ==pe ==le
kx topwz -ti -ngq
elr
yiz
lcpwz
murde
li
sc==
nyz
yiz
lrpzu
kxmrlz
naonrx
nigr
sc ==de
x
sc==
aolvz
nzryrngrkxtr
tulzgi
tabao
tq- pi -bo
kx
mz
sc==
nz- mu ==lr
murde
zbq
nidr
nigr
merikol
kra- li
gzpman
amrlx ==pe
mz
x
nide
mzlir
neke
mz
murde
kzdu
mama
nea
lc
kx
kx etu
mzli
nanyc ==de
sc==
kx etu -ti -ngq
krlz -mq ==le
x
badr
x
makxtr
ate ==ø
kansrl
kcng
vo -mi
bange
kx
nidr
nide
x
kzdung
nc
lcng
diksonare
mz
mq ==gu
lcsu
mzli
vo -mi ==kr
na- vz ==ne
nzli
bot.
flawa
mz
zbz
bade
kcng
mz
tq- tz ==le
a'
pawa
metalo
mz
lrpz
dzbe
doa
kx plc
leplz
ka
murde
na- vz ==kr
x
mwa ==kr
x
nz- siklu -ngr
sc==
mz
kx mc
mz
lcsu
zbq
ncblo
tq- vo -ngr ==gr
nz- r- tekqtr -ngr
kx
bxli
trpnzngr
tzsiu
mama
nubla
natq
lcpwz
temz
skul
na ==gr
mzli
tq- pi ==pe -bz ==le
kx
tq- rblx
sc==
x
drtq ==de
mz
na- ngi
zbz
murde
sc ==dr
bagr
kzdung
mz ==ke'
kzdq
bz ==amu
tq- a- mei -bz ==kr
nya
amrlx
x
mz
nabz
me
mz
mz
sc==
x
mnc ==x
x
x
nzmu
kqle ==le
lrpzu
rum
rum
mz
bot.
nzling
sc==
jon
jiszs
kxpipz
x
ayrplapx
x
mc ==x
mz
lclr
sc==
rblx -tx ==pe ==le
kx
ncbr
letz
tq- a- siklu ==pe ==le ==lengq
murde
tq- ycmne ==pe ==amu
drka'
peto
yrbq -o ==amu
dan
kio
bagr
ncmix
r
tq- kipo ==pe ==ø
kr- la
kzdq
sc ==gr
sc ==dr
enjin
na- o -sz ==x
sc==
kx
ne ==de -ngq
nz- rleti -ngr
taepis
na- vz -mq ==gr
vz
temz
ngr
nc
kx etu
kx
dckrlzde
tr nz- presin -u
mz
olvz
-ngr ==gr
murde
mama
badr
kx
waea
pistol
kr- sc ==dr
nigr
nemya'
murde
na- esz'mz
nqmq
yrkrlzm
bongavz
merikz
trpnzngr
nigr
kra- li
kc ==pe
lrlvz
mz
peto
x
ayrnr
mrkc
kio
kcng
peto
trpnzngr pwz
na- pr -tx -px ==pe ==x
yrbu
trte ==de
mz
kxnzetung
trmctu
nc
mama
sc==
twz -o -mq ==x
x
nz- kqlu ==pe ==ngq
badr
mz
leplz
lrpzki
x
kx
tq
daniel
kz
osopx -bz ==kr
x
kx
li
nz- rmcti -ne ==dr
nyz ==dr
kx
rlimz
ma
tz- vz -o ==ng
ngr ==de
kx nz- a- krlz
tz- rmcti ==pe ==lr
r
yiz
na- mznr ==pe ==ø
r- glq -px ==kr
ngr
nea
kx
mrlz
tq- mibi -tx -tr
nigr
gct
sc==
mz
mya -tx -ngr
ami
yc
kx
mepyr
yc -px
nrz
mzlir
prla
trpnzngr
mama
tq
ne ==de
leplz
murde
tq- yrpla -tr -ngr
badr
mzli
mz
belo
kx glr
boo
nar
bzkq
mz
brma
x
ncblo
kx
asa
r- ka -tr -mq
kx
mzli
dckta
ayrnr
dzbede
x
doa
letz
mrkc
kx
kx
ezpct
mz
nar ==de
ngrlr ==kr
ncblo
male ==le
kio
sc==
tr ngi ==ø -u
li
mz
kx
aclve ==le
sc==
twz -tr ==le
trpnzngr
drta' ==dr
x
nz- yrlq -tr -bz ==lr
drtwr ==de
kx
zyagox
tq- vz -o ==pe ==kr
zbq
kio
ncboi
tzlede
zbz
nz- alvztr -ngr
nepi
yiz
tr nz- siklu ==ka ==ng
tr wz ==pe -u
ba ==de
mz
tzsiu
mz
inglan
tq- ngrlx -o ==pe
kcng
tq- ngrli
nou ==de
x
nyz
drka'
mz
nz- ycmne -tr ==ng
mrka
prtz -tx -bz ==kr
kx
kx
kqlu
temz
temz
nz- o -tr -ngr
sc ==mq
mz
kzbznyon
kru
dakxnzng
lr
mz
mz
mz
lcng
nyz ==de
vz
x
sc==
lika
mz
kc ==pe
skul
kx
rblx
mznanq
dakxnzng
bokapwr
waea
doa
x
lcng
mz
mz
esz'
ne ==de
kx
vea mrlz
murde
mzli
a'
gct
nz- wz -ngr
nou
amrlx
kzdu
mz
yiz
mz
suti
gzpman
doa
kx
x
x
lr nea
peao
tq- aclve ==x
rasia
prla
tz- prpx ==pe ==ngq
drtwr ==de
zbz
yrlq -bz ==kr
nesrkr
ami
gct
kcng
na- o -mq
mrlz
a'
kx
kzdq
tq- o ==pe
tq- ngrlr -lz ==pe
trmctu
x
kx
kx esz'
ilztrkalr
badr
mz
dzbe
mz
ka
ngr
zlwz
kx
da
drtq ==de
trpnzngr
ngr ==dr
dzu
pr -tr -mq
kx
lika
mz
dapu
tz- mnc ==pe ==ng
kx etu
nigr
tq- pi ==pe -bz ==kr
sc==
nz- pwx ==ngq
trtingr
drtwr ==dr
drtq ==dr
x
tq- vo ==be
sc==
x
li
kx
sc==
lc
kx
x
mz
x
kx
veranaaso
dapu.nc
dxvo
mzli
trau
tq- ya -px ==pe -bz ==ø
mou
tr mc ==le -u
kx
kx
elr
kx kqlu
nz- siklu -ngr
nyz ==de
tq- vz ==pe ==kr
narnztilolx
sc ==nge
siklu ==pe ==kr
br
mz
yiz
sc==
tz- katx ==pe
sc==
olvz
r
tq- mwi ==pe ==kr
na- vz ==ng
kzpznizm
lcsu kx lvc
li
kx kqlu
lr
nc
kx
x
mz
x
tq
mz
ngr ==de
badr
vea
nzryrngrkxtr
mz
ngrlx -o -bz ==le
drlz ==de
zbz
bagr
a'
badr
sc==
doa
tq- tu -tx ==pe ==kr
nz- siklu
lrpzu
du
skul
mc ==x
ye
kzdq
na- ngi ==pe
kx
na- vz ==ø
mou
doa
pwx
ncblo
glq -tx -o ==le
mz
nrkrdrtq
tq- mailz ==pe -bz ==le
mz
kcng
ba ==dr
milzpq
vz
nina
a- mzblq -tx -px -mq ==x
merikz
merikz
lrlvz
mzli
da
me
katkis
x
ka
bade
murde
nz- oti ==lr
doa
merikz
banyapu
dq
kx a- o nrwx
murde
lika
mz
mrkc
yiz
r- pi ==le
kx
kx kqlu
da
kx kqlu
yiz
x
nike
mz
lxkq
makxtr
na- r- twz -o -bz
ma
ne -tx -px ==pnz ==x
bagr
kcng
mzli
ncdr
merikol
kx
vea
natq ==de
kx
jun
nc
leplz
matq
tq- xlr ==pe ==kr
nourla
mz
trpnzngr
nzwr ==de
nigr
mz
kx
nz- rtangr -ti -ngr
kx
yiz
prla
r- pi -bz
trmctu
brlrpc
mc ==te
yrkr -px -bz ==ø
sc==
trpulu
nz- angio
ngr
tz- ya -px ==pe ==ngq
lcsu
murde
temz
nina
sa
tq- rpna' -lz -mq
nz- aki -ti -tr ==lr
krlz -bz ==le
tq- vz ==pe ==kr
mz
nzlqwc
zyagox
nz- ka -mq
mz
kzdq
trmctu
da
a'
nyz ==gr
mz
mz
kcng
mznanq
kx
nz- kqlu -tx
kzdq
na- ka -bz
r
kx
lcng
a'
sc==
da
x
sc==
metalo
nz- r- pi -mq
x
kzdq
x
kx
tz- rpi ==pe -mq
mou
sc==
tzsiu
ncblo
na- mc ==kr
a'
mz
mnc -ti ==x
mz
tewa
sc==
wiki
sc==
bot.
rum
kxmu
kx topwz
murde
sc==
krlz ==pe ==amu
kx po
boi -px -mq
disebz
nigr
asa
elr
nctoko
nyz
mz
tq- vo -px ==pe
x
japan
mzlir
nigr
nyz ==de
ngr
x
mrkc
tq- abc -ne ==ne
kzpora
lr
murde
nidr
yr -o ==le
makx ==pe ==le
ncdr
bange
alankaula
tu -tx -px -mq ==ø
mzli
mz
mz
noli
eu
kx prki
mqngr
sc==
murde
r- pi -mq ==le
nz- arlr -kr
rtrngr -ti -o ==x
nyz ==gr
nabz
kx
x
opx
tq- vo ==pe ==kr
kx
x
nz- krlz -ti
kcng
ka
nz- mc -px
kxkz
nz- xpe ==pe -mq
be
nz- krka' -kr -bz ==le
tq- aenzli ==kr
prtr -bo
mz
trte ==nge
kcng
nz- angio ==lr
badr
yiz
mz
mou
murde
dapu.nc
nou
ycpq -tx -px ==x
mz
mama
nrlar
peto
da
x
lc
kcpwz
nigr
x
doa
trmctu
kzdq
vz ==x
tewa
krlz -bz ==le
neimr
r- pi ==le
==le
ngr ==dr
dcpwe
x
nz- a- bz ==lr
fiu
x
lcdeng
yolx -o -mq ==amu
nz- bz ==ng
mama
mzli
x
skul
murde
nge' -tx -bo
lcng
ma
vo -mq
mz
skul
pulis
mz
drtq ==de
tr ngi -u
testimcne
li
mwa -ti ==pe
auki
kcng
sc==
ba ==nge
nyz ==de
kcng
metalo
sc==
nibr ==de
x
r- pnz' ==pe
sc==
x
na- yc ==pe -mq
x
kzdq
xlr -bo
trtingr
amrlx
tq- mrlz
kx
elr
bot.
kx
nigr
tr
x
r
r- li -r ==gr
nz- angio ==lr
kx kqlu
nigr
na- twz ==le
na- wxbu -ngr
merikol
skul
mz
nibr ==de
kx
sc==
mz
nrlanc
li
nrpakxmrlz
mz
sc==
lvepx
x
mz
ngr
badr
tr krlz -tr -bz -u
mzli
tq- ya ==pe ==kr
kio
da
kcng
mz
mz
etu
nzvecngr
kx
kx
tq- vz ==pe ==x
kcng
mz
nz- vz -ki
elr
mrlcde
kx nz- ngq
ncblo
mz
opx
mz
tq- yrvi -lx
nemya'
mzdxmingr
ka -bz ==le
baengr
mz
mz
nz- vz ==pe -kr
x
newz
x
kx
mrka
trte ==nge
ma
kx
tq- vo ==pe ==kr
krlz -bz ==kr
lcsu
dresz
leplz
gas
krlz -bz ==kr
nz- wz -ngr
amrlx
nrpakxmrlz
x
na- vz ==ng
r- pi -mq
nemya'
mrlzvxi
lr
glalz ==le
mz
x
doa
nz- nu r
trpnzngr
x
a'
lika
maket
a'
trpnzngr
kx
nz- mc
kx
tr nz- mc ==lr -u
trpnzngr
lcsu
nrla
nctq
kcng
mz
dckta
kzdung
angidr
nyz ==gr
krlcng
nea
nidr
ostrelia
trmrtao
nabxbz
lcsu
sc==
kio
r- li -r ==gr
x
murde
sc==
lr
mz
tz- yrpale -lvz ==pe ==lr
lolvz -o ==amu
kx
yzlu -mq ==x
nz- vz -bz ==ng
mz tu ==pe
abrtz -lvz ==q
mota
badle
tq- tu
bade
mz
nz- okatr -kr
bange
mz
xlr -bo ==le
bange
noli
ngr
ngr
samwel
kx
badr
kxakrlz
temz
bagr
badr
lcsu
a'
kx esz'
murde
zbz
ncole
zbz
x
wz -ngr
mz
mama
kx nz- a- krlz -tr ==ng
temz
muli
naonrx
nzrwzngr
badr
doa
pi -bz ==le
mnc ==kr
mzteadau
sc==
nea
x
sc==
nabz nepi
doa
amrlx
drka'
kx topwz
mz
lr
sc==
ycmne -ki -mq ==le
noli
tq- dwa -o
mz
doa
temz
tutr
prla
kx
nartrkla
x
trak
nz- dwasz ==dr
nidr
bade
dxvo
kx
be
kru
esz'
nide
olvz
be
mz
murde
murde
kzdung
mz
dzbede
tq- mei -ti -o
drtq ==de
prcpelz
x
kcng
mc -px -mq
kzdq
mz
mz
mrkc
yrlz -ti ==le
nz- prlx ==lr
rtrngr -ti -tr ==le
ncbr
tq- ngi
skul
x
da
drka'
murde
nz- tq -ngq
nua'mu
nigr
mrkc
kzdu
pwx
ngr
lzbq
bade
x
dckta
yiz
ma
buk
nz- ka -mq
yiz
lc
da
lr
tq- r- pi ==pe -mq
mz
mz
nigr
fiu
twz -tx -bo
doa
peto
ncdr
sc==
kzdung
na- ngi
lcng
a'
kx
mrlc
lcsu
mzli
skul
trmctu
mz
doa
leplz
ngi ==pe
doa
kcng
doa
lc
mz
nigr
lxlvr -ki -mq ==le
tq- prki -lz -mq
mwa -ti ==pe
kx kqlu
doa
kzdu
jenwzri
mz
mepz
ana
mzli
mwi ==kr
kx
li
kx
doa
doa
kx nz- yagox ==ngq
paeli
tq- a- mu kx tr
taol
pnz
drtq ==de
kx
x
xlr -bo
pwz
mz
leplz
kcng
opxm
==le
tq- ya -px ==pe
taol
kosi
lc
drtq ==dr
x
rngalx
lcsu
r ==nge
abx
x
leplz
doa
r
nepr
nigr
sc==
mz
badr
r ==gr
a'
trte ==nge
nz- pwx ==ngq
kx
kx
kx
kznike
enjin
bia
etu
kxrpalz
mz
pu
mz
dakxnzng
lc
nz- mwa -ngr
tq- dwati -mq ==le
x
abzo
trau
ncblo
drtq ==de
nidr
tq- r- pi ==pe -bo
tq- yr
kra- li
sc==
nyz ==gr
kzdq
tz- prc -ki -o ==pe -mq ==lr
mz
mz
krlz -bz ==kr
olvz
mz
tr na- krlz -mq ==le -u
kx
murde
nrpakxmrlz
murde
tq
mz
x
kx tr nz- yrlz -u
kx etu
narnztilolx
tq- rpi ==pe
bange
nz- oliq -kr
zyagox
badr
madxi
katris
esz'
natq ==de
kcng
a'
yiz
a- wxbu ==le
peto
na- rlxti -bz ==me
zbz
zyagox
nigr
bia
nz- lz -ti -ngq
merikol
doa
sc==
nzlu
nide
kzdung
nidr
toki
nz- yrle -kr
nqmq
nz- vz -ki -o ==lr
sc==
dxvo
mepz
mama
kzdq
dxbu
tq- pi ==pe -bz ==le
tutr -ngq
zbq
tq- rtwayz
kx etu
nibr
drngi
kx
murde
kzdq
mz
doa
bagr
x
veranaaso
a'
eke
yiz
nzrmangr
kzdu
nigr
x
mz
mz
mz
esz'txu
kx mu ==le
yiz
haosboe
sc==
ka
kcng
trpnzngr
kx etu
trka -tr
popa'
r ==gr
mz
mama
x
lcng
trau
merikz
lvc -bz
murde
mz
nzmu
nz- tu -lz -mq
lc
abrtz -tx ==pe ==kr
dzbede
esz' -ne
nz- pwx ==ngq
kcng
mrlx ==nge
bagu
nz- r- pi -mq ==lr
mz
badr
mz
mrka
kx etu
yrkr -px -bz ==ø
a'
kx li
mz
nz- tu -lz -mq
a'
tq- atwzlr ==pe
r
kx
zbz
kx
be
kx
zlwz
nwei'
r- pi -bz ==le
x
dzbe
mz
sosaeti
tq- rtangr -ne
mrkc
yrpz -bz
mrnyz ==de
mz
mz
nz- rlimz ==ng
kx
newz
lr ==dr
nyz
blrkq ==gr
x
kx topwz
tzsiu
kx
mz
mrka
mzli
mrlcde
mq ==gr
ncblo
drtq ==de
kzdq
kx nz- alvz -ti ==ng
nz- mnc -ngr
ncblo
me
kx
trte ==nge
tq- mu
sc==
nz- r- lz -ngr
nra
x
na- pr -o -mq
mz
krlz -lz -bz ==kr
x
kzdung
kzdq
x
nzlu
na- ngini -bo
nzwr ==de
nar ==mq
neke
sc==
kzdq
aolvz -bz
mz
mz ==ke'
jzmzne
bokapwr
yz
mz
nigr
x
bagr
mz
nctq ==de
kuli
tq- ngi
vo -mq ==o
nigr
temz
tq- a- yrni ==pe ==le
r- li -r
tq- mrlz ==pe ==ø
mrkc
newz
x
a'
mrlz
drlz
lue
sade
ncbr
na ==gr
kio
mz
mz
mz
x
x
drtwr
narnztilolx
kx
doa
badr
a'
ncblo
a'
naonrx
leplz
nrlc
brma
nra
inglan
x
nigu
letz
mz
vz -tx ==ø
x
mz
prla
ma
ngr
kx etu
narnztilolx
trka ==ku
katris
mz
nz- wz -ngr
mz
kcng
sc==
mz
ta -glc -tx ==de
badr
ncboi
da
bznwz
nidr
sc==
kra- pwx
tq- obq -tr ==pe
x
kx trka
sc==
nz- mc -tx pwz
ka
mznr ==ø
murde
mz
murde
banyapu
vri
mz
mz ==tr
kz
zbq
kx lrpr
mz
kx
mz
tq- yc -o -mq ==ø
nyz ==dr
badr
apu ==le
yiz
mzlir
badr
mz
nz- vz -ngr
dzbede
kx
kx topwz -ne
tz- mnc ==ngq
mz
nz- r- pi ==lr
ngr
seleng
nidr
kz
rum
x
kx
tr na- ngi ==pe -u
ya -o -mq ==gr
bokapwr
bia
doa
bade
trau
mz
mrkc -ngq
nc
kcma
sc==
batrpz
mc -lz ==kr
na- ve ==x
kzbznyon
ne ==mq
mrbrpxm
lcng
x
nz- mc -kr
drtq ==de
tikopia
mz
tq- r- pi ==pe -bo
temz
nzwr ==de
x
na- vz ==ø
tq- r- glq -ti ==kr
sc==
tewa
kx
x
mz
mz
kx
bz ==pnz ==x
prla
lcsu
tr pe ==le -u
dapu
doa
mq
tq
mz
mzdxmingr
topwz
mnc -ti ==x
tz- twz -mq ==lr
bamu
taplxsr ==gr
mrkc
nua'mu
but
x
mz
x
ngr
lr
ngr
tq- obq -lz ==pe ==x
kx
ngr
lc
ncdr
mz
boi -tx
temz
murde
merikz
nctq
r- ka -tr -mq
kx etu
ncdr
x
kzdq
mqngr ==mq
na- ngrlr -tr ==ki
mz
mz
murde
amrlx
bagr
tq- mwa -ti -o -mq ==le
tzsiu
drtq ==de
kzble
na- esz'mz
ma
kcng
trau
rngalx
makxtr
tewa
banyr
temz
bea
x
tq- vz -mi -tr ==pe ==le ==ng
kx
nyz
lr
bade
kx topwz -ne
kcng
sc==
lr
nyz ==gr
mz
arlapx ==le
sc==
bo -o -ngr
ena
nigr
a'
gct
sc==
drta'
blz
badr
mz
mzjzbxlo
bagr
mz
gct
lr
prla
x
zbz
mzli
apu ==le
kx
kosi
nz- abzo -kr
ne ==gr
taea
narnztilolx
narnztilolx
mz
drka'
blzmr
kcng
bz
zbq
x
tewa
tzlede
trpnzngr
nigr
trlaki
japan
ne ==de
ncbr
r- pi -mq ==le
yzu -tr ==x
nabxbz
mz
mcpx ==le
x
tq- r- pi ==pe -mq ==le
takitr
lr
a'
ngr
tz- angio ==lr
ma
letz
tz- r- pnz -tr -bz ==ng
r
mz
yagox -tx
nevi
nz- ycblq ==ng
kcng
r- pi -mq ==le
x
lclr
ncblo
luga
seleng
r ==dr
drtq
inyx
tq- mc -px -bz ==kr
mz
kzdu
na- vz ==ne
x
kcng
nz- bom ==lr
daniel
nz- mnc ==pe ==ng
trte ==nge
nz- arlapx -kr
ncblo
kcng
seleng
bot.
mz ==ke'
na- a- glq ==amu
mrkc
wz -ti -tx ==kr
mz
naq
ncblo
vo ==kr
lc
x
r- pi -mq ==le
olvxti ==le
tq- vo -ngr
tq- ngi
x
tz- xpe -tr -mq
nz- tq
krkc
x
trpnzngr
ba ==gr
lue
amrlx
bade
kx
drka'
a'
ka
bisket
jenwzri
tq- rblx -ti ==le
a- pq -tr ==le
kr- ne ==dr
nabxbz
nzlvz
bange
ma
temz
tz- twz -o ==pe ==lr
nagu
kcng
wiki
tq- vz -tx ==pe
sc==
nabz nepi
nz- vz -kr
ngr
ncvr
lcdeng
anuta
yrkr -px ==x
x
sc==
ma
kx
a'
trmctu
trpnzngr
abzo ==kr
ycmne ==pe
amrlx
olvz
nibr ==de
nyz ==gr
x
r- yr -mq
zbq
nyz
mz
x
nibr ==de
x
na- mu ==pe ==ku
trau
x
ami
nz- alvztr -mq ==lr
da
lc
kcng
pct
dzbede
nz- lolvz -ngr
narnztilolx
mou
wz -tx pwz ==kr
nz- r- tekqtr -ngr
tr nz- ayo -ti ==pe ==lr -u
tz- r- pi -bz
vz -mq ==ø
sc==
zbz
doa
nabz nepi
kcng
doa
x
leplz
nz- pc -ti -kr
rla
esz'
mznzmipc'
doa
tq- ryapwx ==pe -bz
sc ==dr
wop
nu -ti -tx ==kr
tq- r- pi ==pe -mq ==le
narnztilolx
prla
mznanq
da
mz ==tr
x
kx
apu ==le
kcng
li
mz
x
tq- bz ==pe
ma
x
dckta
mrkc
ami
ngr
elr
ka
mrlz
r- pi -mq
kz
agz
lcsu
na- mc -tr
x
bz
murde
nz- abrtz -lvz ==lr
kirakira
nz- mc
sc==
dwa -tr ==kr
kx
tr dwa -tr ==amu -u
nigr
zbz
trmctu
x
mqngr
drtwr
sc==
nimu
mz
na- mnc -tx -mq ==x
lr
mou
mz
kcng
tq- r- pi ==pe -mq
loprta
kxmu
bzkq
jon
kcng
sc==
mz
trte ==gr -ngq
kx
drtwr
sc==
nabz kx tr -ngq
kxetu
murde
nidr
yrkr -px -bz ==ø
nigr
yzlu -mq ==x
badr
kzdq
mzngra'
krlz ==le
x
jon
pa'lz
kx etu
mz
dwa -tx -tr ==x
kx
badr
mz
lr
mz
kx
jenwzri
kzdq
lcng
kzdq
pulis
bom ==le
na- mc ==le
li
mrvr -ti ==pe
du
newz
kx
lc
yzlu
ngr
yrbu -lz -mq
mz
x
dzbede
ne ==mu -ngq
yiz
kio
lcdeng
mwe
lc
ei
nzlu
x
na- li ==kr
a- r- pna -tx -o -bo
tosi
mz
mzli
mz
kqlu
nz- kqlu
nzlu
mz
mz
mz
mz
x
waelas
fiu
blrkq ==nge
badr
vz
mz
nigr
fiu
vz ==pe -mq ==ø
nz- r- ka -kr -bz
pi -tx -mq ==le
letz
ngr
tq- vz ==pe
mama
tq- yrbq -o -mq
ngr
bzkq
nrlc
bzkq
sc ==dr
mz
mz
kzdq
bzkq
nz- wz -ngr
tq
nounc
trpnzngr
mrka
x
nz- vo -kr
badr
tq- yrkr -px ==kr
nounc
nz- obq -bz ==ngq
nim
tq- alvztr ==pe ==kr
a'
mz
mz
r- pi -mq ==le
mnc
x
tq
yiz
kx
mz
murde
ncblo
mz
tzlede
nesol
nidr
mz
mama
bange
kx
nabr
nibr ==de
lc
mqngr
badr
bagr
tq- yrni ==pe ==x
drvr -mi -ne -mq ==le
kcng
tq- oti ==pe ==le
mc -tr ==kr
nigr
saemon
kcng
x
kx
tq- r- pi ==pe -mq
txpwz
sa
dapu.nc
drtq ==de
dzbe ==de
mz
tz- rtctx -ngr
bade
da
nigr
kx
mz
r- pi -mq ==le
x
mrkc
a'
x
mz
ncblo
a'
mz
trpnzngr
du
mz
ma==
etu -px -bz
rkq -tx ==kr
x
sc==
zbq
drtq ==de
na- ka -bz
nz- pna' -ki -px ==lr
lozbq
nyz
ma
lcng
esz'
ka -mq ==le
sokz
pct
nzling
yzlu -tx ==pe
pnz' -bz ==le
dzbr ==de
r- pi ==le
tz- vz -o ==pe ==ng
mz
x
yzu -tr ==pe
tq- twz ==pe
na- pi -ne -mq ==x
neboi
banyapu
na- ngini -bo
kx
bz
nz- r- tekqtr -ngr
kcng
krlz -mq ==le
kc -ngq
krlz -mq ==le
mz
ngr
amrlx
li
tq- prtz ==pe
nz- mwxlr ==ng
mrkc
na- dwa -tr ==kr
nz- vz -dz -mq ==ng
bange
mrlz
vea
nz- rtrngr -ti -bz
lr
katx -px -mq ==x
ngr
mama
topwz
nidr
kx
veranaaso
lr
biz
ngr
mz
mz
kx
newz
mz
mz
r- ni ==pe ==x
sc==
mrka
nzvecngr
tq- tu ==pe ==x
kzpten
lr
x
kx
skul
a'
kx
mz
sc==
tq- plrkqtu
mz
mz
mrlcde
tq- yrni ==pe ==ø
na- lxngiti ==le
sc==
nz- vec -kr
tr vz -u
vz -mq ==ø
x
elr
dzu
trka ==pe
nrpakxmrlz
mz
nc
mnc
me
enjin
x
lcsu
drtq ==de
lr
zbz
bwapc
mz
tq- r- pi -bz ==le
mnc -ti ==kr
mrkc
nide
sc==
kcng
murde
srlrni
rtqmz
olvz
toki
ma
esz'
bange
sc==
mzli
mz
nz- wztr ==ng
nzlu
kcng
mya -sz -px ==le
vea
drtwr
tz- pi ==pe -mq ==lr
nzling
vz -px -mq ==le
nrlc
na- mrlz ==ø
ncblo
mqngr
kzdq
sc==
ayrnr
nide
natq
nz- mwelr ==ng
ngr
kcng
mz
r- pi -bo
mz
xlr ==kr ==le
na- vz -dz -bo
ngr
oti ==amu
yiz
x
drtwr ==dr
nzryrngrkxtr
zbqka
mz
r- pi -bz
badr
nzpnu
kx
mz
mz
x
milzpq
mqngr
kx etu
vz
mz
mz
vaol
bagr
tq- r- pi -r ==n
nabzlue
tzsiu
na- vz -bz ==kr
kx
trmctu
mz
ye
kosi
skul
kx nz- topwz
drka'
rblx
badle
tzsiu
kx kqlu
kx
merikol
mzdxmingr
x
doa
na- vz -ngr
na ==nq
trgalr
tz- tave -tr ==pe ==lr
makxtr
pu
mz
mz
milzpq
tz- lz -tr
nina
kx
nc
lrlvz
kzdq
tz- vo ==pe ==ngq
mz
ngr
inyx ==de -ngq
skul
dckrlzde
da
sam
drtwr
kra- nzlvqn
nz- vz -ki ==lr
trmctu
x
lc
tr nz- mc ==pe ==lr -u
kra- tq
skul
kcng
lc ==pe
x
sc==
sc ==de
tq- vo ==be
mz
murde
mz
a'
tq- r- lxplz
kx
mrkc
mqngr
zbz
nz- alvztr -ngr
mz
kzdq
badr
kx
nigr
nidr
rum
gzpman
me
kx
sekaen -tx ==kr
kx
nz- ao -ti -kr
bwa
tr nz- aenzli ==lr -u
badr
kra- li
mz
bxki
kcng
nar
mz
xplr -mi -tx -mq
balo
mz
kzdq
mrlz
josip
r- pi -o -bz ==le
kzdq
ngr
na- ngi
ncipx
mrka
li
nz- apx -ngr
tewa
tz- vz -px ==pe -bz ==ng
trpengr
bisket
mz
x
suti
nz- pi -px -kr
ckrle
na- ngini ==nge
o
x
drka'
kio
nz- vo ==ng
sc==
tewa
skul
kzdq
matiu
sc==
nyz ==dr
ekq -tx ==kr
milzpq
x
kx
plc
x
kx
zbz
kqlu ==pe
leplz
kcng
x
mz
tq- apu ==le
peto
nidr
obq -lvz -ti ==le
x
tq- r- pi ==pe -mq
x
mz
nz- mu ==lr
tq- yc -o -ngr
sc==
nigr
kzdq
ngr
na- ngrlr -ki -tr ==lr
badr
vz -tr ==kr
badr
badr
tz- apu ==lr
lcng
lrpzki
luga
mqngr
kx
na- ngi
li
nz- telvz ==lr
mz ==te
mz
nrlc
yrkrpx
mrbr -lz -mq
merikol
lc
vanikoro
skul
a'
ba ==dr
tq- a- siklu
badr
olvz
pawa
r- pi -bz
elr
kx
doa
lr
mz
lika
suti
bange
lcng
nz- yr -mq
bzo
mepyr
nyz
kio
toki
tq- vo -px ==pe
mz
x
kx
mz
kuli
stoa
trte
mz
kcng
nz- ycmne -kr
nz- alvztr -ngr
nz- vz -bz ==ng
na- wzti
nidr
lc
esz'
tq- rlx -ti ==pe -bz ==kr
sef
kx
kzpten
tq- do -tr ==pe ==x
ne ==de
li
ne ==mq
yiz
mwx'
daniel
badr
a'
kx
natq
metalo
ngr ==de
lrpz
mz
manejz
mzli
mwelr ==kr
nabz
amnq -tx -tr -bo
sc==
obq -ki -mq ==x
yrpla -brtq ==pe
du
ne ==gu -ngq
be
mq
kcpwz
mclrla
amrlx
doa
sc==
nz- r- pi ==lr
tu -lz -mq ==o
mz
mzli
melomate
mou
banyapu
mrka
x
atwzlr -ngr
ncdr
kx
nzlu
drtwr ==dr
nzelangr
kx trka
kx
r- male
ngr ==de
li
ngr
leplz
mrlz
mrkc
newz
mz
badr
na- ya -ti -px ==x
tq- oti -mq ==le
mz
nyz ==de
bret
kcng
nar
drtq
eprol
tq- rlxti ==pe -bz ==le
angidr
ezpct
kx
tr tq- ka ==pe -mq ==le -u
na- yzutr ==pe
tz- mrna ==be ==ng
mzli
tq- mnc -ti ==kr
elr
bom
kx
nrz
sc ==de -ngq
kzdq
mz
r
jenwzri
drtwr
tz
a'
mnc -ti -tx pwz ==kr
nc
mz
tq- awi ==pe -bo
tu
kz
sinia
x
kzdu
x
na ==gr
ela ==kr
yz
daniel
sc ==dr
nar ==de
nigr
boksing
kzble -ngq
tewa
ncblo
merikol
nepi
bagr
x
nide
utupua
mas
ncnia
x
tz- a- wz -tr ==pe ==lr
tzsiu
kx
mama
kx
yiz
luga
tq- oliq -ti ==pe -bz ==le
kcng
r ==dr
boo
sosaeti
krlcng
mya -sz -px ==le
murde
mzli
badr
nounenq
r- li -r ==mu
nzkrka'ngr
vz
kcng
tq- tu -o -mq ==ø
sade
ncdr
sade
abzo
newz
medesin
lu
mz
lc
mz
ma==
teomo
a'
sc==
a'
kcng
tq- yrni ==pe ==ø
nz- mc
ami
mz
ma
ngr
kxrpalz
x
x
nide
x
kx
tq- vz -px ==pe
mz
tq- vz ==pe -mq
tr boi -u
mrkc
kai
da
mz
nz- yrlq
tz- mailz ==lr
drtwr
trpnzngr
alankaula
nz- dwasz -bz
kx
doa
skul
kzdq
da kc
yrlq -tx
sc==
kx
vz -mi -mq
r ==dr
li
x
ngr ==gu
nra
tq- ngq ==amu
kzdq
nzpnu
kcng
nabz
nea
mz
kx
kzdq
mc -px -mq
tq- rtrngr -ti -bz ==me
a'
nrlc
esz'txu
nide
na- yc -ngr
ma
zbz
da
nimu
na- o ==pe
trmctu
leplz
esz'
meamupa
eprol
lcsu
nz- kuki ==ng
murde
ncblo
yrlq -tx -tr ==kr
makxtr
gzpman
mz
mz
r mc -ti ==le
a'
mzli
kx nz- mnztr ==ng
kx
elr
kzdung
sc ==dr
sc==
ngr
kzdung
pi -bz
nz- mwi -ngr
ma
li
opx
kzdq
kx
ne ==de
ma
mz
a'
mq ==gr
a'
merikz
kx
x
nide
mz
mz
natq
x
tq- brlxkz ==pe
zbq
trpnzngr
kx
lcdeng
milzpq
mz
bade
nz- vec -lz -mq ==lr
mz
r- pi -bo
tzsiu
mz
mz
mz
tz- ycmne -mq
mama
bzkq
x
tqlvr
kxrpalz
na- ka -bo
mz
amrlx
r- pi -mq ==le
tq- vz -ki -lz -mq ==le
tq- oti -mq ==le
bagr
vau
dckta
lrpzu
menabz
tq- vz -dz ==kr
da
tz- yrlwr -ti -ne ==be
zbq
kai
bia
r ==gr
x
x
dakxnzng
lcng
nz- pilz ==lr
mrlz
mz
murde
eu
sc==
mz
mqngr
twz -bo
x
ncblo
nabx
x
bagr
leplz
mz
ka -bo
nz- a- trka -ti
kzdq
skul
nemya'
kx r- tekqtr
nzlvqn
narnztilolx
na- vz -bz ==ng
tq- a- glq ==pe ==kr
kx
lcng
mrlz
kx
vo -mq
sade
amrlx
kzdq
nigr
drlz ==dr -ngq
nzlu
ulu
zbq
dckrlzde
nyz ==dr
kx
ani
kx etu
mz
vo -lz ==kr
pi -bz
kirakira
kxetu
kqlu
nc
nc
r- pi -mq
kx
kcng
drtwr ==gr
skul
ngr
ne ==de -ngq
sc==
tz- ya -mi ==pe -bz ==lr
rplz
ycom
drka'
mz
kzdung
trpnzngr
mz
tr boi -u
nedr
mz
badr
kcng
nabzn
mz
a- yzlu -mq ==le
elr
ma
r
topwzne
x
nide
murde
mrkc
murde
x
lrlvz
mwi -tx ==ø
badr
nz- ngya -ti -kr
trpnzngr
nzlvqn
ne ==dr -ngq
krlz -bz ==le
mama
r- pi -bz ==le
vzdz
tq
kcng
kx etu
naq
dckta
yrlq -tx -bo
doa
a'
lomr
lcsu
na- bom ==lr
sc ==dr
nzli
zbz
kx topwz -ne
r- li -r ==gr
lcsu
ka
ni- ==nge
tq- a- mrbr -tr ==pe ==le
skul
bange
bot.
bade
kzpten
ngr
daniel
tewa
kx
kz
mz
kx
kcng
mu ==le
trau
sc==
kx
lc
nzli
aogzs
sc==
kx etu
seleng
nibr ==de
nigr
tzsiu
yrlz ==x
bade
kcma
takes
x
vea kapq
bia
vz -mq ==ø
elr
sc==
natq
nimu
tr yrni ==pe ==q -u
murde
mz
zbz
animol
tq- bx plc -o ==pe -mq
elr
yzu -tr ==pnz
nz- tu ==pe -bz
kx
mama
peto
mz
nabzlue
tq- rtangr -ti ==pe ==x
lcde pwz
nz- yc -ti ==kr
peto
kzdq
mrnyz ==de
ba ==gr
tzsiu
x
nrlarde
na- lxngiti ==ku
temz
x
dckrlzde
kcng
veranaaso
merikz
nabz
mz ==ke'
drtq ==de
tr ngi ==ø -u
sc ==de
mnc ==kr
nide
kcng
mz
lika
tq- vz -o ==pe ==ø
kzdq
tq- ya -mq ==gr
li
kx
a- tutr ==pe ==le
kx
mz
esz'
merikol
tr mwelr ==kr -u
ncbr
sc==
gq
nzmu
ngr
kx
mzli
me
x
vz -ki -mq ==le
dwa -libq -tx -o ==x
nyz ==de
lr
prla
nz- alvztr -ngr
sc ==dr
tq- vz ==pe ==x
pepz
sc==
lcglz
tq- mrlz ==x
nidr
nz- r- kz -ngr
nz- anga -ti -ngr
nounc
mzli
kzdq
x
lrpzki
sele
mz
ne
tq- tu -tx -px -mq ==ø
mrlz
ne
kzble -ngq
mzlir
vz -bz
kra- li
mz
zbz
x
krlz ==x
lc
murde
nzling
rlimz
kx yagox
nqlvi
x
drtwr ==gr
kzdq
nzlu
tq- mnc ==pe ==ku
murde
metalo
mzli
esz'
mz
dckta
kzdq
kcng
tq- ti -ngr
a'
dckta
kcng
mz
ngr
baengr
doa
x
sc==
ncdr
mz
tq- r- pi ==pe -mq ==le
sc==
nz- vz -ti -tx -kr
kzble -ngq
sc==
mzli
dckta
nim
nidr
sc==
kzdq
skul
veranaaso
nz- r- nibq -ngr
nz- r- tekqtr -ngr
mama
tewa
mr- kc
nz- r- tekqtr -ngr
ngr ==dr
mz
kx
yrlq -bz ==le
trau
mc ==x
da
doa
x
tq- tu -tr -mq
mz
nzmu
r- li -r ==gr
doa
x
tz- twz -ne ==dr
ami
bade
vz ==le
kx
kcng
x
nrla
ncblo
ne
x
nide
se
nra
mz
a'
nea
kx
takitr
mama
tq- vz -tr ==pe -bo
sc==
flxk
vz -mq ==ø
natq
x
yzutr
lrpzki
mz
nzlvz
bagr
japan
nz- wrkxtr -ngr
drtwr ==dr
tq- oti -mq ==le
tz- kuki ==ng
so
legou
mz
kzdq
kapx -o -mq ==amu
x
saemon
mz
kcng
mqngr
mc -px -mq ==le
nz- male -bz ==lr
mnc -ti -tx pwz ==kr
kra- pwx
tz- yrplz -ti ==lr
tq- krlzm ==le
pa'lz
badr
sc==
zbq
jun
mz
lr
kx nz- etu
me
li
krlcng
x
kx
ilrmztangi
tq- prngei -tr
natq
x
ngr
newz
x
mz
kx
raes
sade
na- mnc pwz
lc
tq
na- lxngiti ==le
mz
pwx
waea
mz
japan
mz
r
x
nctq
na- tekqtr
murde
mz
doa
kx pipz
mrlcde
lcde pwz
zbz
x
ngr
mz
mz
melrmq ==nge -ngq
sc==
tq
nigr
r- vz -mi -mq
mz
kcng
ncdr
nemya'
x
dzbede
badr
mz
nibr ==gr
lr
badr
badr
murde
kzdq
x
x
mz ==ke'
trmctu
sc==
nigr
lcsu
xplr
leplz
japan
kcng
natq ==nge
mz
dakxnzng
nzlu
a'
nz- amnq -lvz -ngr
maki
tq- do -tr
drka'
blri r ==de
leplz
sc==
badr
tr nz- krlz ==lr -u
mc -px -mq
mz
katkis
a'
mz
murde
tzsiu
ma
blxget
zbz
tq- a- yrni ==pe
lr
nzlu
nc
kzdung
x
a'
sc==
tr mc ==x -u
tq- vz -bo
drtq ==de
kxaonrwx
stoa
seleng
yrkr -px -bz ==ø
kx
nekeng
neboi
tzlede
mz
dckta
olvz
nigr
lr
mz
kx
kx nz- topwz
tq- wz -tr ==be ==x
x
yiz
luesz'lebz
x
skul
lr
a'
r
x
mwe
lc
sc==
nide
leplz
mzli
esz'
doa
bange
tq- r- mc -ti ==pe ==x
x
tr suti -u
kx
kx
ncokz
r
buk
etu
mz
alankaula
elr
nidr
x
na- vz -mq
murde
da
nidr
skul
mz
kx
me
x
nz- nu -ngr
sc ==de
prcpelz
mrkc
kzdq
ngr
bom
nc
mz
ikz ==kr
gzpman
ngr
tu -tx -px
nzrlwxngr
ne ==de
kx
tz- prpx -ngr
trpnzngr
tq- mnc
x
x
abzo
krla
nz- vz -mq ==ng
yiz
doa
nigr
r- pi -mq
zyagox
li
pwx pwz
nide
doa
zbz
mz
tq- alvztr ==pe ==x
kzdq
nide
mz
kx
mzli
r
kx
nzlu
mzli
a
tz- kaputr ==pe
sa
r
tr ni -mq ==gr -u
br -ti -tx
mz
eke
da
temz
tq- ngi
sc==
ne
mz
merikz
nz- mc
da
mz
raes
yrpu ==pe
kx
r- pi -mq
mz
mu -lz ==pe ==kr
amrlx
matelq
nz- yrkr -mq ==ng
skul
skul
nigr
blrkq ==gr
nide
da
ngr ==de
yiz
nzlvqn
sc==
nz
kzdung
sc ==de
tr vz -px -mq -u
kqle ==le
vo -mq ==o
sc==
nctq ==de
kxsqki
trpengr
drtq ==de
sc==
trak
prla
elr
myx
r- mika -tx ==kr
murde
da
x
ba ==nge
mz
ngq ==de
bz
mrkc
zbq
peto
yiz
ngr
kx
yzutr
badr
apu ==le
sc==
tz- vz -ki -ne ==dr
nz- vec pwz ==ngq
mz
maletr ==q
abrelz
lc
tq- vxu -tr ==pe ==le
trkrlebq
dztu
kx
mz
sc==
rngalx
nz- tao -kr
ncbr
mz
mz
nzlu
lclr
x
zlwz
x
ne ==de -ngq
bange
kx topwz
topwz
r- pi -bz ==le
nimu
mz
nepwzli
vz ==kr
kx
ne ==gr
mz
drtwr
kx
kx mrna
ma
mzli
mzli
ngrlr -mi -mq ==le
mrkc
ma
badr
elr
bagr
drtq ==de
murde
bo
badr
nzryrngr
zbqkranzlvqn
mz
dakxnzng
badr
ao -ti
ncboi
mz
me
x
kx
kc ==pe
mz
nrlc
yiz
mq
mwanzwq
mz
olvz
tq- vz ==pe -bz ==kr
li
badr
a'
zbq kx tr
ngr
peto
saemon
skul
tz- ve -o ==pe -bz
nzlvz
mou
nzyrningr
tz- alvztr ==ng
lr
makxtr
mzli
mzngra'
skul
yiz
x
mnzpz'
na- rtangr -ti ==kr
peto
doa
yrkr -tx -tr ==ku
lika
dckta
mz
dq
kx kqlu
tq- oti ==pe -bz ==le
mzli
mqngr
tq- wai
ngr ==de -ngq
wiki
x
doa
mz
vea
bokapwr
r ==dr
krlz -bz ==le
kxetu
bot.
x
skul
murde
na- r- pnz'
x
dckrlzde
tq- mc ==pe ==le
doa
kzdung
mnc -tx ==de
zbz
nz- mnc -kr
murde
bange
kzdu
lr
tq- dwa -px ==pe
drta' ==mu
klas
ezpct
suti
ngr
nigr
x
murde
da
inwe ==nge
nz- oliq -ngr
lue
mz
olvz
bade
sc==
japan
tq- r- pi ==pe -mq ==le
gct
nemya'
kcng
badr
ngr
tq- wai ==ki
kqle ==pe ==le
kx
mz
prla
tq- vz ==be
tq- wxbu -px -mq ==ø
bade
kzdq
kcng
lr
aelwa -px
tq- dwatr ==pe -mq
lcng
na- olz
mz
tq- r- pi ==pe -mq ==le
r- pi -bz
nzmq
kx esz'
sc ==dr
lr
kx etu -bz
mz
tq
sc ==de
r- pi -bz
krlz -lz -bo
natq
kx
na- mnq ==q
nc
sosaeti
zbz
tz- ayo -ti
yrvi -tx -px ==leng
nigr
badr
mnc -lvz -ngr
x
vo -mq
ma
mz
mz
mz
ilrmztangi
mz
ngr
ma
tr ni ==ka -mq ==le
drtq ==de
nrtq
x
bot.
mz
mc ==kr
mz
nz- wz -ngr
da
sc==
kx yagox
a'
mz
mama
mz
lcng
natq
ncbr
mz
kx etu
mz
krlz -bz ==le
bxki
tq- mwi ==pe ==x
a'
nz- rtwz -ngr
na- kqle txpwz
nqesa'
ncblo
nigr
nigr
mz
mz
kx etu
lc
blri r ==de
isabel
x
x
mrlx
kx
kzdung
r ==gr -ngq
kx etu
neimr
mznr ==ø
mz
a'
ngr
x
mc -px ==kr
kx
tq- trka ==pe
mzli
isabel
ncblo
sped.
mz
tr vz kz -u
skul
ao -ti
obq -px ==ø
sc==
nzlu
nc
tz- yapwx -ti ==pe -bz ==lr
lr
badr
x
kx trka
luesz'lo
da
kio
nz- vz -ngr
bange
rlwx ==kr
nzmu
takitr
mzli
nrla
mz
nyz ==de
mou
lc
amrlx
nigr
nz- katx ==pe
leplz
kx
tq- r- pi ==pe -bz ==le
mama
pi -ne -bz
kx nz- etu
kra- li
nz- r- tekqtr -ngr
kzdq
mz
x
rkalz -mq ==ø
rkx
sc ==dr
sc==
mz
luga
wiki
drtwr
kx
kzdq
murde
trmctu
amrlx
lrpzki
kzdq
tq- pi ==pe -bz
mzli
mz
a- mrbr -tr ==le
baengr
li
kx
lcng
mz
nz- mc ==tr
a'
ngr
kzdq
nourla
kx
tq- r- pi ==pe ==x
mwi ==kr
brma
la -ngq
trte ==nge
na- ngi
mz
mz
nzvecngr
doa
luekxpiz
nz- vz -ne ==pe ==lr
tq- vz ==pe
ncbr
nz- alvztr -ngr
sc==
yrni ==pe
kx etu
ncblo
inyx ==mq
badr
tz- rtwz -ti ==ng
nz- oda -ti
sc==
lcdeng
ni ==pe -m
skul
samson
pu
kx etu
vz -px -mq ==ø
a- ngc -ti ==kr
mz
nz- pwx ==ngq
vo ==x
mrlz ==pe
nz- r- yr -ngr kx tr
na- r- pz' -ngr
tq- wai ==pe ==le
tq- tu -tx ==pe
tq
dakxnzng
kx
kx
nigr
tq- rtwayz -bz
yiz
tq- vo pwz
badr
vz ==kr
ncbr
mz
doa
kx
kzdq
nrlc
yiz
sc==
nyz ==gu
na- kilz -bz ==le
nanyc ==de
kx
mz
prla
doa
kirakira
yrkrpx
dekc
alfabet
kzdq
na- mailz ==lr
sc==
mrlx ==mq
kcng
letz
sc==
mz
pwx
mama
x
prla
mou
da
nanyc
lcsu
da
vztr -ngr
mz
ncblo
kx
kx
nz- r- teka -ngr
ituku
r- pi -bz
nz- vo ==lr
na ==dr
nz- kqlu -kr
melomate
mz
nim
mz
nrlar
x
twz ==x
li
doa
x
kx
r- li -r
kx etu
bange
mz
kxetu
lcdeng
doa
kx
menckzpo
ate ==ø
suti
mz
sc ==gr
kcmiti
tq- rpwxmz
tq- vz -ki ==le
r- li -r ==dr
x
o
kx
lika
awi -tx ==pe
na -bo
trpengr
banyapu
kx
teomo
murde
lr
peto
nounc
mz
kru
sc==
rsakrlr -ngr
nigr
doa
kcng
ngr
angrlo -ti ==le
brma
drtq ==de
mz
dckta
kru
pwx
kx
nidr
yiz
nzkrka'
kz
murde
lc
buk
a'
mz
bz
tq- r- pi ==pe -mq
mz
kio
sc==
peto
krlz -o ==le
tq- ngrlr -px ==pe ==kr
nge' -tx ==pe -mq ==o
r- li -r ==gr
mz
sc==
mzli
nz- wz -ngr
doa
kx
mzlir
mz
zbq
kzpten
x
kzdq
tz- mc ==pe
tq- r- yapwx ==pe -mq ==ø
nzvecngr
mzli
nigr
nyz ==gr
kx
tq- r- pi ==pe -bo
tr boi -u
x
kcng
nc
mz
trtingr
kx
kx
lr
bange
mz
sc==
ncblo
mzli
r ==gr
nyz ==dr
nzlvz
mc ==kr
na- ngi
tq- esz' -tx -tr -bo
sc ==gr
badr
mz
ngr
kcng
gct
newz
dzbede
ngr
kzdq
tr ngi ==ø -u
stoa
mrkc
pna -ti ==kr
kx trka
x
kcng
tq- vo ==pe ==kr
ncblo
kio
badr
prla
nz- ne -mi ==lr
nz- a- glq -ngr
mzli
elr
nctq ==de
ncblo
bona
x
a'
mz
bagr
yrkr -px -bz ==le
nrlc
temz
ngr ==de
klas
gq
stoa
kx
tzsiu
maket
kx
nz- wz -ngr
lue
bot.
nibr
a'
sc==
trau
tq- vz ==pe -bo
oti -mq
mz
tq- vz ==pe ==kr
mz
kx etu
badr
newz
kcng
nide
vo -o -mq ==x
lr
jenwzri
sc==
tzsiu
mrkc
neboi
sc==
drtwr
tq- pi ==pe -mq ==le
ncblo
lcpwz
a'
x
lr
me
nigr
pasto
tzlede
nz- amc -ti
tq
mz
tq- r- pi ==pe -mq ==le
sc ==gu
r- pi -bz ==le
mz
merikz
r- pi ==le
kcpwz
zbq
x
ngrlx
letz
kz
doa
delc
aclve -bz ==le
mz
kx
bagr
doa
li -tx -tr
mz
kzpten
tq- pi
amrlx
bagr
da
newz
ngr
pi -bz
a'
kx
dckta
sc ==dr
letz
tq- mwelr ==pe ==kr
sade
nyz ==gr
kzdq
luekxpiz
dzbede
a'
utc
sc==
mz
nz- vz ==ng
ate ==ø
mz
sc==
mz
boi
kzdq
mz
ngr ==de
nyz ==dr
drtq ==de
na- vz -ki -tx pwz ==lr
ena
kxmu
mq ==de
tq- li
drtq ==de
veranaaso
bange
mz
drtq
kcng
nzli
nz- wz -ngr
kx
tewa
sc==
sc==
nz- r- katx -ngr
ka
tewa
poi
mrkc
x
x
x
lcsu kx lvc
gq
kio
ne ==de
sc==
nzycmnengr
kzdq
merikol
kcng
bade
yz
x
lr
nzryrngrkxtr
japan
lcng
zbz
ma nyz ==de -ngq
lcdeng
nourla
mz
nz- ale -bz
na- vz -dz ==kr
vea
r ==dr
ngr
merikz
dckta
dztu ==dr
tq- mc -ti ==amu
sc==
kxpipz
badr
x
nzpnu
kalr
mz
nounenq
kz
sc==
dc
mz
jiszs
x
zbz
nqmq
mz
ngr ==de -ngq
tq- lvabe -tr ==pe -bz
dckrlzde
sc==
nz- wz -ngr
tq- etu
nrlc
r- pi -mq ==le
tz- r- pi ==pe -mq ==lr
tz- mwelr ==ng
esz'
tosi
kx
kzdu
tq- mei -px ==ø
nim
x
nzlu
trte ==nge
mrkc
tz- etu ==ng
badr
mz
kra- tq
da
ngr
kzdq
da
nz- r- vz -mi -ngr
bz
mz
yzlu -mq ==gr
x
kx
tq- wq ==pe ==ø
mou
tq
li ==pe
nigr
mz
mou
leplz
mz
bade
nar ==de
badr
lr
veranaaso
na- o -mi -mq ==x
a'
traolvzu
x
lcsu
tq- twz ==pe
nc
kx
kx
lika
nzwr ==de
tq- tu -lvz ==pe
sc ==gr
nz- lu -tx pwz ==ngq
nourla
hou ==kr
alankaula
naonrx
kilz -ne ==de
sc==
tq- oti ==pe -mq ==le
kx
trpnzngr
kx etu
da
kx
mou
tq- ta -ti ==pe
r
tq- r- pi ==pe -mq ==le
kx
otx
kcng
tq- oti -tr ==pe -mq ==le
trte ==nge
na- vz ==pe ==ng
nyz ==gr
kx
nrla
luga
na ==gr
prcpelz
ma
sc==
tq- ka ==pe -bo
kx
natq
doa
yzlu -mq ==x
skul
alankaula
nrc
mz
sc==
kx
na- ngelu -ngr
ma==
jun
doa
mz
nc
eroplen
kzdq
badr
r ==nge
ne ==nge
sc==
kzdq
trte ==nge
kra- li
na- pi -tx -bz ==o
kra- li
nzlvqn
na- vz ==ng
murde
nz- siklu -ngr
tq- yrni ==pe ==ø
nz- lvc -ne ==ngq
x
tq- r- pi ==pe -bz ==le
mrka
tq- tao ==pe
pepz
kx
nz- tes ==lr
mama
drtq ==de
sc ==dr
nz- mwi -ngr
r- ka -tx -mq
skul
kzdung
mzli
mz
mz
ami
ami
tz- vz ==pe ==ng
tq- pnz' ==le
tosi
mz
veranaaso
mya -sz -px ==le
tq- bq ==pe
tq- vz ==pe -mq ==gr
mz
sc==
tr rblx pwz -u
sc==
satqde
x
imanuel
bia
badr
na ==gr
mz
kx etu
olvz
sa
mzli
kra- li
x
mz
na- vz ==pe ==lr
kz
vz -tr -bz ==le
skul
yrkr -px ==x
mz
nz- mwi -px -mq
nz- r- lxkqti -o -ngr
kx
skul
kcng
kx
nzvecngr
x
nyz ==dr
te -o ==x
tz- vz -ne ==pe ==ng
ami
bisop
tr wz ==pe ==le -u
bange
nzryrngrkxtr
drtwr ==de
mzli
kcng
jon
drtwr ==gr
murde
doa
sc==
mzlir
gct
mz
legou
kx
tq- pi ==pe -m
a'
lrpz
lcsu
trte ==nge
kx mrna
boi -tx
mq
zbz
mama
kra- tq
kx
kxmu
lcsu
mama
gct
buk
vaol
mz
ena
mz
nibr
nounc
ncbr
drtq ==de
mz
nz- lvc -ne ==ngq
kcng
kx
nide
x
bq
kx
mzli
ma
nourla
a'
nea
lcsu
fiu
elr
nyz ==mq
melomate
jenwzri
mrlzvxi
narlue
kx
nzli
ma
kx
murde
buk
nz- ani -tx pwz
x
tq- tulz -mq
nar
elr
sc==
dzu
x
veranaaso
rlasz ==kr
mz
lc
kx mrna
bade
tq- do -tr
maletr ==pe ==x
badr
tq- mc -ti ==pe ==kr
kx
a'
bznwz
x
x
bagr
tq- r- pi ==pe -mq ==le
rtqmz
x
auki
sc==
mz
a'
x
oti -bz ==le
ncblo
tewa
kx etu
mz
drtq ==de
a- lqli -o ==le
neimr
mzli
skul
bade
kx
doa
boo
dzbe ==de
nyz
nz- r- tekqtr -ngr
tz- rkalz ==pe -mq
mz
kampi
nzyrlzngr
lxe ==gr
kx
bute'
amrlx
doa
mz
kx
mz
glr -ti ==pe -ngq
da
kx
ncbr
mz
lcsu
mwa ==kr
nrla
da
kx etu
kx etu
sc==
x
a'
tulzgi
sc==
trau
nounenq
malaita
vo -bz ==kr
tq- aokz
mz
mrkc
ycpq -tx -px ==x
kx
menabz
na- twz ==pe ==x
natq
amrlx
ncblo
x
kzdu
skul
kcti -tx -px ==kr
murde
leplz
badr
zbz
dapu ==de
kx
-ngr ==gr
tq- vea ==pe -mq
kx
mzli
kzdq
trpnzngr
nz- glq -tr ==pe -mq
sc==
boo
mz
sc==
mz
kx
mzlwe -ngq
r- pi ==x
zbq
mzli
mz
tq- r- pi ==pe -mq
ma
mzle
mz
na- mnq ==q
brma
wz -tx -lz
krlz -bz ==le
kx
da
kx
lr
plrkqtu
nz- wz -ngr
lr
x
sc==
kraesz'mz
nz- wz -ngr
mz
x
kzdq
nc
mz
bade
naq
yrkr -px ==x
drtwr ==de
bange
mama
be
doa
obq -px ==ø
zbq
drtwr
ncbr
yrkr -px -bz ==ø
mepalu
jun
mz ==kr
kx
mc ==kr
lc
mzli
mz
lr
nzelangr
x
tq- ale ==x
katkis
ma==
nyz ==de
esz'
kx
mzli
mz
x
ngr
nzrpna'ngr
mama
naonrx
lr
ncdr
rum
kzdq
trau
trpnzngr
badr
murde
elr
merikz
pipz
krlz -mq ==le
nide
mz
taol
mama
drtwr ==gr
jenwzri
mz
mz
doa
nide
kx
ncboi
mzli
nyz ==gr
kzdq
nz- xlr
etu
mqngr
kzdq
tz- vo ==pe ==ngq
tq- vz -dz ==pe ==kr
x
makxtr
nqmq
tq- vz ==pe ==kr
mz
x
sc==
kx
mz
nyz ==gr
nc
lwovz
x
mz
nz- rkalz -mq ==ngq
nzryrngrkxtr
badr
nz- yc -ngr
leplz
mzjzbxlo
kzdq
kx
x
kx
nzlu
lc
kcng
krlz ==pe -bo
sade
sc==
sc==
==le
dckta
mz
kx etu -ti -ngq
da
kx etu
kcti -tx -px ==x
josip
kaputr -mq
skul
skul
nibr
skul
su -tx
dxvo
bange
trpnzngr
a'
nz- bz ==ng
kcti -tx -px
nc
tq- vz -ki -px
dztu ==dr
boo
sc ==dr
nabx
rlimz
nyz
ngr
lc
r- pi ==le
nzwr ==de
kampi
na- dwa -tr -bz ==kr
yzu -tr ==x
dq
sore
r ==gr -ngq
saemon
esz'
sc==
lcsu kx lvc
ebio
dakxnzng
dckrlzde
nz- pnz'
krlz -bo
kcng
wz -ti ==kr
mz
mz
kcng
mz
murde
yiz
a'
ngr
kzpten
tq- pi ==pe -bz ==le
kcng
tq- pi ==pe -m
skul
x
nz- ycblq ==ng
okatr -mq
murde
etu -tx
nea
mz
drka'
kcng
da kc
kx
ebio
tzsiu
nabxbz
na- wrkxtr ==ø
obq -o -mq ==x
nabz
kx
ncokz
filip
stoa
kcng
mz
kzdu
ma
doa
kx
na- ngi
zbq
r
badr
rlru
mzli
tz- mnc -ngr
lc
trpu
mrnyz ==dr
mz
nc
mzli
kx
tq- r- pi ==pe -bz ==le
tz- mcpx ==pe ==lr
mz
tq- bz ==q
a'
tq- vz -ki -px ==kr
kx esz'
da
ncblo
tz- mnc ==ngq
klas
sc==
kx
mrnyz ==dr
kx matq
doa
kx
tq
a- mu kx tr -tx
dckta
murde
sc==
murde
mzli
wz -ti -tx -bz ==o
drtwr ==dr
x
ami
gct
bagr
badr
dwalzm -mq ==gr
ncblo -ngr
kx
lcng
kzble -ngq
merikz
alankaula
digi
nzwr ==de
mzli
mz
menabz
vea
kx
pwx
da
drtq ==de
r- li -r ==dr
yapilwz -tr ==pe ==ø
mz
murde
katris
drtwr
nz- tq
a- mwi -tx -tr pwz ==o
sc==
x
lcng
x
tq- r- pi ==pe -bo
nigr
lr
tq- yrkr -ki -px ==le
mc -pz
mnc -ti ==kr
yiz
bzq
da
mz
tz- vo -sz ==pe ==lr
x
kx
sc==
nyz
tq- dc ==pe
sc==
nz- siklu -ne ==ng
nz- abrtz -lvz ==lr
tq- r- pi ==pe -mq
kzdq
trte ==nge
sc==
yiz
katris
bia
kcng
x
mz
x
mz
nz- wz -ngr
nzryrngr
mrlzvxi
tq- pz ==le
da
medesin
sore
mou
gct
trte ==nge
ncbr
trte ==gr
skul
x
ma
x
lrlvz
da
kx nz- yagox ==ngq
sc==
elr
kx
elr
myx
kx
x
kx
nzwr ==de
mz
kx
japan
sc==
mzli
nz- lz
mz
mzli
sc==
doa
mz
mz
mz
waelas
x
badr
rlapx ==x
skul
badr
mzli
tu -o -mq
r ==gr
blaopu
jon
pu
kx
lclr
maket
lcsu
yrkrpx -bo
kx etu
nz- ycmne -ngr
nabz
mzli
mrkc
ngr
nqni
r- pi -bz ==le
peto
nz- awi -tx -mq
loprta
na- esz'mz ==ng
krlcng
tq- krka' ==pe ==ø
nigr
bagr
kxkz
a'
lc
bxpiz -px ==ø
rngalx
elr
yiz
kcng
temz
rkalz -mq ==gr
dwa -tr -bz ==kr
daniel
kra- li
bqnc
amrlx
vz -px -mq ==ø
luekxpiz
mz
mz
kzdq
nz- tabc -ngr
jon
x
tawa
kxrmailz
tq- r- pi -bo
rum
nz- ataki
ulu
japan
nigr
bisop
x
mzli
gct
ngr
nzycmnengr
nemya'
bagr
wxliki -tx -px ==pnz
mz
nigr
etu -tx
nzvecngr
nz- tao -kr
kx
nz- rtrngr -ti -o ==lr
mz ==tr
olvz
kx
xlr
tq- ngi
mz
nz- lc a- pq -bz -ngr
ncblo
nz- ikla txpwz ==ng
nigr
mz
bagr
tq- lxlvr -ki -px
sc ==de
nrla
kx
lvc -bz
mrkc
skul
tu -px -mq
kx etu -ti -ngq
na- rlxlvz ==ng
sc==
kai
drtq ==de
ngr
bqlr
mz
li
ngr
esz' -ti
tq- yzlu ==pe ==kr
tonga
sade
kcng
lc
r- pi -bo
nemya'
da
elr
x
vz
doa
mz
nibr ==de
skul
leplz
xlr
x
nz- vz -bz ==ng
dcpwe
pripekt
kx etu
badr
tq- a- mzblq -tx -px ==pe -mq ==x
r
pwx
pxi ==ø
kx
inglan
li
tq- ne ==pe ==x
kx
memule
mya -sz -px ==le
nrpa
esz'
tq- awrkxtr ==pe ==le
tr krlz ==le -u
dq
tzsiu
na- okatr -mq ==lr
nepwzli
mrkc
kcng
lcng
mz
kcng
kx etu
kx
kranzlvqn
drtq ==gr
la -ngq
lr
tq- mnc -tx pwz ==kr
kx
twz ==q
kx esz'
vz -px -bz ==kr
x
murde
mz
inglan
bz
vz -o ==x
x
kx etu
tq- yrpu -ti -px ==pe
kx
sc==
drlz ==dr
li
doa
nibr
tr nz- aolvz pwz -u
lxlvr -ki -mq ==le
tq- r- pi ==pe -mq
sc==
nz- rmcti ==lr
skul
mz
doa
da
mrlx
doa
tq- vz -dz ==pe ==kr
mz
kalo
da
lxkq
drtwr ==dr
trte ==nge
lc
kcma
bia
nz- wz -ngr
x
kx
kra- li
boo
mz
sc
vz -mq ==ø
pawa
nigr
mrlc
nea
bom
mzdxmingr
murde
mz
wop
trte
bade
kx
nrlc
sc==
lxe ==gr
nz- mnc pwz ==ngq
zbz
na- ngelu -bo
x
mzli
sc==
mz
ncbr
na- vz ==ng
sc ==dr
kx
luga
a'
na- vo -bz ==kr
ncbr
tr nz- lxngiti ==ka ==lr
tq- rblx -tx ==pe
austrelia
krlzu
dq
mz
kzdq
nea
drtc'
badr
lcng
mrlcde
malaita
tq- rdatr pwz
tq- vz -dz ==pe ==kr
lcng
napr
r- male
sc==
sa
mz
ye
kx
mrkc
li
ami
lc
nz- lvc ==pe ==ng
mz
mz
ma
sc==
x
a'
kx
vo -mq
tq- r- vz -mi pwz -mq ==ø
kz
mz
kzble
matq -ne -px
mz
r
nidr
trte ==nge
zbq
badr
dxvo
sc==
kxmu
dckrlzde
drtwr
mz
tq- yzlu -lz ==pe
obq -px ==kr
nrlc
du
sc ==gu
mz
x
doa
kcng
x
tq- dwalzm ==pe -mq ==gr
sc==
tr male ==x -u
mzli
buk
x
kzdq
nz- mc ==tr
x
skul
kzdq
nz- ycblq ==ng
bzkq
nyz ==de
sc==
lcsu
sc==
mc ==x
kx etu
mz
nrpakxmrlz
nyz
nide
x
bz -ti ==pe ==de
tu -tr -pz ==ø
kx
esablq -px -mq
kx etu
trte ==nge
nz- vz -ki ==lr
lr
pulis
x
gq
kzdq
drtwr ==de
utc
suga.
dckta
drka'
nzli
kx
tq- osz ==pe ==x
kang
milzpq
tq- vz -ki -lz ==pe ==kr
lc ==de ==ng
lc
nidr
japan
mc ==x
dckrlzde
mz
glq -lz -mq ==le
enqmi
kumara
kx nz- etu
mrlz ==pe
mqngr
x
x
drtq ==de
nyz
x
drtq ==de
prki
elr
lc
sc==
mz
sc==
yrlz -o ==ø
prla
doa
nanyc
ngr ==de
nz- r- tekqtr -ngr
da
tq- ngc -ne -o -mq
kx
murde
nqmq
lcsu
ka
tz- ngrlr -ki ==pe -bz ==lr
kqlu -tx ==pe
nigr
-kr ==de
a'
kx
nz- wz -ngr
lue
tq- yrke ==x
ncbr
kz- dq
ninz
x
tin
mrlc
yiz
naq
kx
da
nzlu
mz
kqlu
da kc
ngr
ma==
ma
lrtzlvz
mz
drtq ==de
nrc
kx
nz- vo -px ==kr
tutr
kx
tz- angrlvz ==pe
sc==
li
kz
amrlx
nc
samwel
badr
nzrwzngr
ngr
mz
amrlx
mzli
kx yrlz
kcng
ya -px ==kr
fom
sc==
tz- mc ==pe
japan
mz
mz
mzli
nrwx
mqngr
trmctu
lcdeng
nidr
narnztilolx
ncblo
nzlu
tz- angrlo ==le
loprta
rlasz ==kr
ate ==ø
kc ==pe
r- pi -bo
tr boi -u
vea
sc ==dr
kx
zbq
nyz ==gr
zbq
mz
tz- lvc -mq ==ng
bot.
lr
trpnzngr
leplz
trgalr
nz- tq
kcng
pileni
tq- pi -bz ==kr
ne ==gr -ngq
nide
mz
sc==
ma nyz kx nz- yagox ==ng
nabr
li pwz
pxi ==ø
kai
nz- ayo -ngr
nc
jon
japan
katkis
ncblo
set
nc
dwa -o -bz ==kr
daniel
badr
mz
kx
mz
nidr
lc
tr na- nibq ==le -u
rum
kra- tq
nrlc
nz- wz -ngr
tq
nz- yrlq -bz
x
sc==
kx
nigu
mz ==te
mrkc
a'
lxe
kx mq
nz- vec -o -mq ==lr ==le
kx
yrkr -px -bz ==ø
nzkrka'ngr
nzli
ngr
x
nzmu
x
tq- trka -ngr
doa
melomate
nz- pwx
badr
nigr
drtwr
kcng
mqngr
sc==
bange
nz- o -tr -bz ==ng
nz- yagox -kr
tq- mwi -tx ==pe ==ø
tr a- yzlu -px -mq ==le -u
li
me
bqkq
trpengr
x
nyz
trpnzngr
kra- tq
newz
kzdq
mz
mz
nzryrngr
na- o
kx
doa
x
r ==gr
nea
sc==
x
a- yzlu -mq ==le
kros
doa
mou
skul
amrlx
nz- alvz -tr ==ngq
doa
bot.
ne
nabr
tq- kapu -tr ==pe -mq
kcng
mzli
kx
badr
trpengr
nigr
trpnzngr
doa
ngr
x
tq- dc -px -mq ==ø
murde
natq ==nge
lea
nz- vz -ngr
mzli
skul
enqmi
balo
x
mrka
fiu
nourla
mrkc
zyagox
jon
kx
nz- prtr ==ng
mz
nourla
na- pi -tx -bz ==o
sade
r- ka -mq
kzdq
kz
zbz
doa
li
x
doa
doa
mrkc
mz
mz
nz- abzo ==lr
mz
nzlvqn
gct
nz- vz ==pe ==ng
drtq ==gr
kx
murde
na- lxngiti ==ku
x
nya
nemya'
murde
ngr
bznwz
bade
drka'
kx
vo -lz ==x
bade
r- glq ==kr
tq- mrlz
tq- vz ==pe ==kr
ma
kx
dckta
ncdr
poo ==kr
nz- pwrkilvc -ngr
mz
nz- wz -ngr
mz
supe
zlwz
r ==gr -ngq
nide
kx
doa
mrnzq
kcng
kzdung
x
nz- r- tekqtr -ngr
merikz
mz
bea
nz- atwzlr ==nge
drtwr ==dr
kx etu
tewa
mz
x
mz
bagr
nrlc
kang
krlz -bz ==le
tzsiu
kx
ma
kzdq
tq- trka ==pe -mq
kx
sc==
-ngr ==gr
mz
prtr ==x
mz
kx
tq- lu -nge -o -mq ==le
ne ==de -ngq
mc ==x
zyagox
skul
nabz nepi
drtwr ==gr
bxli
eke
kzdung
mzli
tz- kuki -r ==pe ==lr
wz -ti -tx -bz ==o
kx alvztr
tq- vo ==pe ==x
kzdung
zbz
dwa -lz -mq ==gr
drtq ==de
kx
mz
tcprtr -ngr
kx
nide
eroplen
dckrlzde
da
kx
mnc ==x
murde
sc ==mq
obq -bz ==kr
mz
skul
badr
mc ==x
kzdq
lc
bom
nc
mz
baengr
tq- yzlu ==pe -mq ==x
mama
badr
bwapc
nounenq
tq- mnc
lcde pwz
mama
mz
tz- xlr -o ==pe ==lr
drtwr ==de
yz
kzble
lc
krlz -bz ==le
tq- ngi
lr
mrlz
kx
abzo
tr do -u
mrlzvxi
tq- a- mzblq -px -mq ==x
kzble
nz- mwi -ngr
nz- li ==ng
sc ==de
kcng
lrlvz
mama
trpq
mz
r
yc -tx -o ==pe ==ø
kx
mz
x
lc
nemya'
lolvz -o ==kr
tq- tu -o -mq ==ø
prla
x
josis
x
hou
a'
kcng
sc==
mrkc
mz
mz
nzryrngrkxtr
nigr
x
naonrx
yiz
kx etu
mz
nigr
lalztq
tu -ti
nide
zbq
vxngr
bxpli -ti ==pe
tq- prtr ==pe -bz ==kr
drtq
a'
mzli
spiz
mz
mrlzr -tx ==pnz -ngr
nz- lvc ==ng
hat
sc ==gr
newz
nzlu
buk
mz
kcng
trpulu
yc -ngr
tq- ngi
ncbr
mzdxmingr
nedr
tz- mnc -tx pwz
tq- a- yagox ==le
kx
zlwz
drtwr ==gr
mou
mznanq
murde
twz -ki -px ==le ==le
tr boi -u
kcng
bagr
natq ==dr
kx mrna
ami
trpnzngr
bot.
lvabe -tx pwz ==kr
ta -glc
elr
lc
x
zmio
tq- vo -ti -tr ==pe -mq ==le
alankaula
nyz ==dr
kx topwz -ne
jiszs
x
mc ==x
r ==gr -ngq
mz
x
sc==
dztu ==dr
elr
mz
mz
skul
tq- mc ==pe
zbz
tz- r- yzkr ==ng
natq ==de
sc==
mz
mzli
x
x
kx
nigr
wrkxtr ==kr
r- pi -mq ==le
a- yzlu -bz ==le
kx
lika
trpnzngr
x
ami
li
dckta
brlrpc
mnc ==x
sc==
nz- vz -ki ==lr
doa
gwalekana
bagu
ayrnr
leplz
nidr
mz
r- pi ==le
filip
tq- ngini ==pe ==nge
mz
tq- ya -px ==pe ==kr
txne
mancu
kx etu
x
kx
mrnzq
x
tq- alvz -px ==pe ==x
na- vz -mi -bz ==le
zbz
elr
zbz
doa
ka
x
pripekt
mc -mq ==x
tq
sc==
mama
x
mrkc
r- pi -mq ==le
bzkq
tz- lz -ti ==tr
txpwz
rblx
leplz
zbz
zbz
noli
mqngr
mz
lr
amrlx
ncblo
alankaula
tz- vea -ti ==pe -bz ==lr
x
teomo
elr
doa
tq- matq
li
mrkc
vea
nzmu
nrla
na- mwi -ngr
x
nz- xpe -ngr
nrlc
kx
mz
vea
nc
dckta
nzwr ==de
vaol
a'
odati
drtq ==de
tq- ama -o ==pe ==ø
tq- trka
nide
nz- mc
xlr -mq ==le
mz ==ke'
kzdq
ta -ti -tr -pz ==le
mz
a'
tz- lvc -ne ==ng
bute'
lc
nou
prla
nounc
toki
sc==
tz- angrlvz -ne -o ==pe ==lr
nounc
x
tq- ngilo
ka ==pe
kx
mak
trpnzngr
nrpakxmrlz
newz
nz- alvztr ==lr
a'
nqlvi
drka'
nrtq
nzycmnengr
x
trpengr
ncblo
nar
lr
yz
yiz
vz -tx
kio
tq- rpi ==pe
mz ==te
bagr
mz
doa
nounc
kxpipz
etu -ne -px
ngr ==de
kx
rkalz -mq ==gr
lc
ngr
yiz
nrlar
du
mz
r ==gr -ngq
xlr ==x
nim
murde
novebz
xlr -bz ==le
kx
zyagox
tzsiu
wz -tr -bz ==x
nz- alvz -ti ==ngq
fiu
suti
kio
kx
trpnzngr
kxmu
tz- matq
be
eroplen
a'
drka'
yiz
x
skul
tq- wz ==pe ==x
me
bqnc
leplz
ne ==de -ngq
mrkc
temz
mz
lr
newz
tq- amq-lrpi ==pe ==le
vaol
kx
kx
mc
kcng
mz
zlwz
nyz
mz
kx
sc==
dzbi
bade
x
kzpten
trte ==nge
kzdq
mz
nz- pi -bz ==lr ==le
kzdq
tq- pi -bo
pipz -ne
ami
kros
kx
kx
olvz
tr esaki ==pe -u
tr kipo ==kr -u
sc==
kx
kra- tq
mz
nz- asa -kr
ncmix
mrkc
aglikan
nide
kx
krlz ==pe ==kr
yiz
x
nepr
etu
tq- mc ==pe ==x
lc
bot.
neimr
badr
mz
nigr
kzdq
na- rla -lz ==kr
lrlvz
wop
nzryrngrkxtr
nz- vz -mq ==ng
kx
a- su -mi ==pe -bo
a'
x
tq- ela ==pe -bz
sc ==dr
mz
r- pi -bz
kx
kx prtz
amrlx
kx etu
mqngr
nz- mc
mzli
zlwz
peto
esz'
mz
sc==
mz
sc==
kcng
kxkz
na- ngi
x
nz- twz -tr -kr
tq- r- pi ==pe -bz ==le
mz
kio
jiszs
mz
amrlx
tq- kipo ==pe ==ø
tobaita
kx nz- etu
da
kzdq
da
aclve ==le
bungana
r
sade
bona
x
yrni -tx
x
x
x
sekondzre
sc==
x
tq- vo -ngr
ngr
x
nyz ==de
tr nz- mc ==pe ==lr -u
mz
kcng
naplosx
yrkr -px -bz ==ø
kang
lue
dakxnzng
kx kqlu
drtq ==dr
zbq
nz- wz -ngr
leplz
natq
ne
nartrkla
sc==
mz
mangr.nzmungr
mz
kcng
lue
nzlu
merikz
mzli
tq- r- yr ==pe -bz
kx r- tekqtr
lrlvz
nz- pnuti -tx
ngr
mz
nc
a'
x
kx
sc==
tq- mnc -tx ==pe -mq ==o
bot.
nz- pna ==ng
murde
tq- twz ==pe
nzwr ==de
kcng
mrlcde
sc==
mz
kx
sc ==dr
sc==
sc==
r
inglis
banyapu
nyz ==dr
mrkc
mz
sc==
jenwzri
tq- yagox
mwi ==kr
badr
mz
mz
kio
badr
kau
x
esz'
mz
mama
bange
pulis
ma
kio
tq- yr
kxaonrwx
sc==
x
trpnzngr
trau
tewa
ale ==x
kai
lcsu
zbq
nzryrngrkxtr
nesrkr
vaol
tq- wai
sc==
rum
nzmu
bia
kx
kcng
bange
nyz ==dr
kzdung
drtq ==de
mz
sc==
mz
x
x
nz- r- pi -mq ==lr
trpnzngr pwz
mz
kx
x
lc
be
ncblo
mama
lcng
nqmq
kzdq
ne ==de -ngq
nounc
na- ka -bo
lc
vz
sc==
kx
mqngr ==de
ma
mama
kx
kx topwz
sc==
kai
x
lc
nrlckxbq ==pe
kx
prtr ==x
ngr
x
zyagox
a'
sc==
x
mz
da
nrlanc
mzle ==de -ngq
olz -bo
kcng
vo -px -bz ==kr
mz
mzli
x
naonrx
tewa
amrlx
lcsu
mz
x
mz
lr
lr
kcng
nzryrngrkxtr
mz
x
kx
vo -mq
ma
r
trte ==nge
lue
lc
badr
mou
mz
mz
tz- ycmne -mq
mz
kcng
stoa
xplr
nrpakxmrlz
mz
kx
ncole
x
tq- pr -tz
tq- r- pnu'ti
nz- ngi -kr
x
mzli
x
x
leplz
bznwz
mz
x
ngr
kx
mz
tz- avo -tr
x
dq
vz
drtwr
x
lclr
kx
mzli
sc==
nea
mz
prtr ==x
kcng
r- pi ==le
nzlu
kcng
r
sa
drtwr ==dr
angidr
tq- rkalz ==pe -mq ==gr
kxbq -ngq
takitr -tx pwz ==le
newz
tq- xplr
tq- vz ==pe ==kr
x
ngr
kcng
tatxo
lxe ==nge
mz
nz- mne -ti
drka'
dckta
skul
prla
dakxnzng
sc==
bea
mq ==de
tz- pe -o -ngr
mrkc
tz- ngrla -plx
txpwz
tz- mc txpwz
japan
x
lr
x
kx
ngr
sc ==de
daniel
x
nigr
sipu
badr
kx
kx prki
nide
natq
nz- oliqti
letz
nrlc
bot.
mz
nepi
mz
kzpten
nz- r- tekqtr -ngr
kxetu
kx
nabz
lcdeng
a'
mz
manyzkxnzyagoxng
rlimz
nigr
mz
trpnzngr
ami
mz
tq- krka' ==pe ==kr
kx esz'
nqmq
nz- prpx -kr
li
dzbe
kx
tzsiu
mz
kx plc
nigr
skul
olvz
kx
mwxlr ==amu
nz- wz -ngr
ncblo
nar
tq- mc ==pe ==kr
yrlqtr -bz ==kr
ncboi
murde
yrkr -px ==x
mnc -ti -o -mq ==gr
drtq ==gr
kz
lrpzki
yiz
tz- lxkqti -o
ngr
kx
ngr
elr
trte ==nge
sc==
nea
tq- yrbq -o -mq
nemya'
dikon
dckta
temz
mzli
nibr ==de
tzsiu
ma
daniel
x
x
mrkc
nc
nz- r- pi -lz -mq ==lr
naonrx
tq- ycmne -ki -mq
kx
x
mrlcde
ncbr
nar
x
na- yc -ti -px -mq
kx
ngr ==de
kzdung
mz
nyz
tq
tz- vo -px ==ng
temz
tq- mu ==kr
na- ngi
tq- awi ==pe -bz ==kr
sc==
mzli
kra- li
bagr
kcng
sc==
nzkrka'ngr
stoa
skul
nz- vz -mq ==ng
mzli
r- pi -bz
bona
zbz
mrlz
kx
r
r- pi -bo
lcsu
tq- r- wzti -o
zbq
lc ==de
x
a'
skul
drta'
a'
tq- ngrlr -px ==pe -mq ==ø
kzte ==dr
nigr
kxrpalz
murde
mrkc
kzpten
sc==
kx
nyz ==de
mz
mz
kcng
kcng
x
ncole
zbz
sa
kxakrlz
mz
da
tq- r- pi ==pe -bz ==le
mz
la -ngq
wz -px -mq
tq- r- pi ==pe -mq ==le
ngr
emwr -ngr
mz
mz ==ke'
nar ==de
x
kx etu
drka'
sc==
nivz
mz
a'
x
dwa -lz -mq ==le
nz- prpx -ngr
r- pi -bz ==le
a'
x
dckta
pawa
tzsiu
mz
a'
nz- mnc -tx ==pe pwz
nz- r- tekqtr -ngr
x
kx
wia
mz
nc
badr
tq- vea ==pe -bz
x
nabz ==dr
nzanei
x
mz
sc==
mz
kzdq
ngr
li
r
kx
tz- r- pi ==pe ==lr
mz
nibq -ti
nra
tq- yrke -lvz ==q
sc==
mepz
jenwzri
kx
nz- wz -ngr
mama
nimu
lc
tq- yrnibu -tx
mzli
tq- rmcti ==pe ==kr
x
ma
lcsu
mz
pwx
kx ngi
skul
kcng
yrkrpx
bute'
skul
nyz ==nge
mailz ==le
gct
sc==
vz -ki ==pe -mq ==le
mq ==de
x
ka
tabao
x
mq ==gr
mrkc
letz
popz'
mzli
opxm
kx
nigr
bxli
tq- ya ==pe -mq ==gr
tq- yagox
sc
doa
nz- pnz' ==pe -m
nz- mc
murde
kio
r- ka -mq
mz
yrni -ne -o ==pe -bz
badr
r- pi -mq ==le
r ==dr
kzdq
da
teomo
mzbq
ngr
na- ne ==ng
tq- mznr -lx ==pe ==ø
kx yrngz -px -mq
kqlu
mz
vz -tx ==ø
vo -mq ==o
tz- mc ==pe ==lr
mz
tq- vz ==pe ==kr
utupua
tewa
mz
tewa
kx
na- mrlz ==ø
sc==
x
x
drtwr ==de
nea
pu
x
klas
ngi txpwz
nide
mz ==te
tz- male -bz ==lr
na- o ==pe ==kr
dq
nar
x
ne ==gr
tzsiu
dckta
tq- dc
nibr ==de
nrlc
yiz
mz
mz
mz
sc ==gr
nrlar ==gr
nz- r- nge' -ngr
murde
nz- suti
temz
neboi
ma
ma
nike
tq
tr krlz ==amu -u
lcsu
kx
tq- bz ==pe
zbq
julae
prla
nc
badr
x
bot.
lcsu
nibr ==gr
kz
ma
provins
doa
nzycmnengr
jzmzne
kx esz'
mq ==nge
tz- tave ==lr
mz
badr
drtq ==gr
etu
bagu
kz
nc
bq
z- plrkrtu
dckta
kzdung
lcng
x
skul
badr
mzli
mrkc
lrlvz
tq- mnc -ne -tr ==pe -mq ==gr
mrkc
kcng
kx
kx
nz- ngrla -ne ==ng
kx
oti -bz
esz'
x
sc==
nina
mzli
sc==
mz
draea
mzli
austrelia
mz
makxtr
elr
nz- mabr
kx
ao -ti
lr
twz
tq- yrpu -px
lr
ngr
drtwr ==gr
mz
tq- rlx -ti ==pe -bz ==kr
kz
nigr
ngr ==de
kcng
topwz
vz
lcdeng
mz
mz
nim
skul
tz- anga -ti ==pe
kcng
nz- glq -o ==lr
kx
ngr
sc ==de
kampi
nz- pi -bz ==lr
mou
drtq ==de
naonrx
x
newz
trau
mz
skul
kx
zbq
kx etu
a'
mqngr
lrlvz
sc==
ngrlr -ti -tx -lz ==x
zbz
dwa -tr -mq
ma
vea
da
lr
kcng
nabzn
dzbe
nanyc ==de
kx
a'
amrlx
tq- dwa -plx ==kr -ngq
sc==
tq- pwx
sc==
lc
tq- mrbr
x
drtwr
newz
na- ipq -px -ngr
ncbr
mz
x
tq- pi ==pe -mq ==le
taol
lcng
nigr
mz
mz
x
kx pwx
x
r- pi -mq
bot.
x
bade
bange
tq- yrpu -ti -px -ngr
mama
murde
mz
vz -mq ==gr
kx esz' -ne
gct
yiz
bange
x
tq- mrlz
nuzmu
ma
badr
bisop
kros
yiz
dzbe ==dr
kx
bange
mz
ncblo
tq- xlr ==pe ==x
ma
r- pi -mq ==le
ncblo
kzpten
doa
krka' -ne pwz ==kr
na ==dr
kx
mz
murde
lozbq
x
nz- yzlu ==ng
nz- rmcti ==lr
kcng
lcng
skul
na- yapwx -ti -bo
ngr
mz
skul
kzte ==dr
r ==dr -ngq
kcng
badr
na- katx -bz ==le
taol
bange
zyagox
luga
tq- dcpx ==pe ==ø
muli
kx
sc==
mz
kampi
merikz
x
kru
nz- siklu ==ng
tzsiu
bade
mz
a- mwi -ti -tx pwz ==le
sc==
jon
x
mas
ngr
merikz
zpwx -tx
ncboi
kx nz- etu
kcma
nz- ela -mi
skul
x
mz
kcng
la -ngq
tu
r
auki
dzbe ==dr
bznwz
nz- xlr -bz
pasto
gct
kx etu
zbz
pawa
kcng
meleu
dzu
kzte ==nge -ngq
kzdo
mz
tekqtr ==le
r
kx
vz -bz
mz
atulz -tx ==kr
nzkq
tr tu ==pe -u
nzlvz
drka'
nz- pe -ti
ngr
sc==
tq- vz ==pe -bo
r- pi -bo
mz
kx
mrlc
nz- ngelu -ti ==lr ==le
mz
lcsu
drlz ==dr
kcng
mz
narnztilolx
a'
na- vz -bz
sc==
amrlx
ne ==dr -ngq
dwa -tr ==kr
nyz ==gr
japan
sc==
sc==
leplz
alfabet
auki
mz
kra- li
yrlz
mzle ==de
x
yiz
doa
lxkq
inyx
kx
x
bznwz
murde
kx
nar ==dr
elr
lr
mrkc
kx
sc==
elr
mz
nyz ==dr
kx wz ==le
kx.namu
a- glq -tr -mq ==gr
naonrx
na- mrlz ==ø
zbz
mz
ma
vz -mq ==ø
kx
rum
badr
drtq ==de
mz
bongavz
yiz
raes
kz
tq- pnz' ==pe ==le
lc
ncdr
lc ==de
na- mwi
nigr
ngr
nz- mnc -ngr
a- yzlu ==q
mrkc
ngr
elr
mzli
x
mrla
x
pripekt
kx
blz
tz- wz ==ng
kx
nz- krlz -mq ==lr
du
tr nz- mc ==pe ==lr -u
nidr
lcng
lcsu
trpnzngr
na ==dr
mz
r- pi ==le
x
mzli
murde
kx
letz
sc==
ne ==de -ngq
leu
skul
kcmiti
kx
tq- obq -ne ==ne
nrlc
bona
tulz -mq
mz
natq
kcng
kzdq
a'
nyz ==de
mz
elr
x
skul
sc==
kx
doa
nz- ne -mi ==lr
merikol
kzdq
skul
mz
mzli
veranaaso
skul
kx etu
ncblo
x
mzli
sc ==dr
nea
kzdq
r
ngr
r- pi -mq ==le
dzbr
da
krlcng
kx
kx
drtq ==de
zlwz
kilu
a'
mz
dapu.nc
murde
lcsu
narnztilolx
kx nz- topwz -ngq
tq- a- su ==le
tu -tx pwz
lons
drtwr ==gr
r- yzkr
drtq ==de
doa
nz- mc -tr ==pe -mq ==lr
yctxo
kx
leplz
nyz
bxli
sc==
mz
krka' -tx ==kr
etu
jiszs
kx
mzli
pu
daniel
olvz
me
mz
tutr
na- mailz ==x
makxtr
kx lu
mz
drtq ==de
zbq
mz
kxnzyrlzng
nigr
a'
elr
lr
r- li -r
kz
xpe -ti ==x ==ng
mrge ==kr
bx -tr -tx pwz
peao
nz- pas
kxnzakrlz
nz- xlr -bz ==lr ==le
tq- tu -ne pwz
murde
yrlz -ti ==x
a'
mz
nepi
lr
sc==
a- mingr ==pe ==kr
bange
r- li -r ==gr
nz- r- teka -ngr
sc==
x
nyz ==de
mz
lcsu
siota
sikapu
tq- ngi
letzlvz
mnc
kxetu
kra- li
x
sc ==dr
tq- mwa -o -mq
na- tekqtr ==pe ==le
tzsiu
tz- vec ==pe ==ng
newz
mz
ma
tr lrpr ==kr -u
mz
tr na- mwi -u
yiz
katris
dckta
kx
na- bz ==ng
trte ==nge
amrlx
mz
li
badr
x
kx
ba ==gr
natq
sc==
waelas
nidr
mz
drtq ==de
kx
tq- male ==x
nz- yolx -o -mq ==lr
kcng
mr- kc
ncblo
maekol
drtq ==de
nz- ani -tx pwz
jon
drtq ==de
dakxnzng
mz
mzlq -ki -tr ==le
jon
nzrlwxngr
lrpz
brma
peto
mrkc
ngalu
kio
kx
skul
nigr
mz
toki
kx
kx
tz- mnc -ne ==be ==ng
tr a- yzlu -mq ==le -u
delc
kcng
drtwr ==mq
x
leu
kcma
nigr
wai ==le
bange
ma
nike
natq
bia
nz- wz -ngr
nzwr ==de
x
yiz
kzdu
ncblo
tq- ngi
lxe ==nge
lr
nz- pnz -bz ==lr
tq- alvz -ne -tr ==pe ==x ==lengq
nourla
tr tq- wz ==pe -u
leplz
nrc
trte ==nge
tz- mnc -tx ==pe ==ng
nz- vz -mq ==ng
badr
nigr
li
kx
tq- vz ==pe ==x
bagr
ngr
mzpq
ngr
tabao
ena
kcng
mou
nz- atwzlr pwz
kx
mzli
kx etu
mz
milzpq
ma
kx ngrlx -o -bz ==le
tz- r- tekqtr ==ng
dckrlzde
r ==dr -ngq
tq- a- taplxsr ==pe ==x
kx kqlu
mnc ==pe ==x
tr opx -u
merikol
nigr
poi
kzdung
mz
mzli
nigr
ngr
na- ngq ==dr
tq- lu ==pe ==x
nctq ==de
tq- ayzu -tx -tr
teomo
x
ngr
kz
mzli
ka
tq- ngrlr ==pe ==kr
yzlu -mq
mz
kx
tq- trka -mi
kalrla
drtwr ==de
r
mz
kros
lue
a- mya
mz
kx
kx
ngr
zbz
ipq ==pe -bo
yiz
x
bq
plou
da
x
x
bade
nounc
mou
kcng
ngr
a'
prla
bcloa
murde
tq- pnz
nz- mrlz -kr
li
nyz ==gr
na- ngi
tq
ami
mz
mz
nctq
r- pi -mq ==le
ya -o ==ø
wz ==x
lclr
ncboi
lcng
x
kx
tq- pi ==pe -bo
nidr
ngr
boi -tx
amrlx
nz- angrlvz -ne ==dr
kx
mz
nzryrngrkxtr
kx
mz
mwi -tx ==kr
ngr
tq- mc ==pe ==x
prla
kxpipz
sc==
kx
sc==
yiz
tr vz -o -u
drtq ==de
gq
bia
nibr
lcsu
nzryrngrkxtr
nc
kx
esz'
rtrngr -ti -bz
ncnia
na- rtwz -mq
mz
x
vec -o -mq ==amu
tz- pi ==pe -bz ==lr
mqngr
zbz
mz
kx na- mu
dztu ==dr
tq- dwa -sx ==kr
mrka
kcng
mrkc
mz
trte ==nge
tz- rlx -ti -mq ==lr
da
kzte ==de -ngq
sc==
mz
bagr
mz
na- ngi
trpue
drtq ==de
tq- vo ==pe ==ø
ami
mz
kampi
nz- mei -tr -pz
x
sc ==dr
nz- yr -bz
ncboi
kzdq
lika
naonrx
lcng
mz
nyz
se -x
nigr
tz- ka -mq ==lr
nzli
mou
da kc
mz
nyz
vz -mq ==ø
wz ==x
skul
sc==
nengq
mz
trmctu
ne ==mq
zbz
buk
nabxbz
mepz
lc
kx
a'
kxbq ==gr
x
mz
kxetu
aclve ==le
nzryrngr
rkapu
lcsu
nidr
kz
kx
kx
kx
maboi
mz
skul
nigr
r- pi -bz
li
dapu
kx
neawr
kzdq
tq- yrlq -o -bo
drtq ==de
daniel
nz- ycmne -kr
a'
nigr
kra- li
da
r- ngi batr -mq ==ø
sade
kx
nidr
mz ==te
kx pc
x
ngr
ka
vz
nina
ni- ==nge
ngr
eu
trak
da
nz- r- vi -ngr
x
murde
doa
mzli
kai
nidr
mz
tq- vea ==pe
tq- dc ==pe
kx
sc==
kzdq
mz
x
obq -tr -pz
malaita
ycmne -tr -bz ==kr
brma
lcsu
ale -ti ==kr -ngq
mzli
tq- vz ==pe -mq
skul
badr
nqni
tz- alvztr ==ng
nadq
mc
murde
mz
mz
dapq
tq- r- pi ==pe -bo
na- mrlz ==ø
trpnzngr
yiz
narnztilolx
badr
lrpzki
dapu
tq- rpwxmz
drkq
nz- siklu -ngr
nar
nctq
mz
tq- r- pi ==pe -mq
ngr
kx
doa
blz
x
takitr -tx pwz
tq- vo ==pe ==kr
teka -tr -tx -bz ==le
rla
tu
mz
da
letz
kz
trmctu
kcng
natq
bot.
vaol
nz- r- pi -mq
nrlar
kzpten
plzpx ==le
mzli
tq- lawi -ti -tx -ne
x
x
ma
nzelangr
mz
mz
kx etu
kx
li
ma
krlz -tr -pz ==kr
kx
mz
tq- amrlz
leplz
amrlx
r- nibq ==pe ==ø
mz
da
tq- aclve -bo
sade
tzsiu
topwz
ncboi
japan
x
x
x
ngr
sc==
nigr
badr
a'
mz ==te
ma
mq
yrbq ==le
zbz
ncblo
sc==
drtc'
kxnzmnztrng
lr
natq
mou
yrkr -bz ==kr
mz
prtz -ti -ngq
na ==dr
na- ngini ==pe ==gr
nz- wz -ngr
kx
nrlc
kzdq
murde
r- pi -bz
kx
da
drtq ==dr
lc
dzbe
mz
vaol
ayrnr
doa
skul
balo
ngr
lcsu
nz- yrpu -ti -px -kr
li
prla
x
mz
x
ninz
tq- yrkr -tr ==pe ==kr
mrlc
x
gct
bwapc
olvz
a'
trpnzngr
da
ncblo
bute'
nzwr ==de
nzmu
x
mz
skul
murde
dzbede
bange
skulboe
ngr ==de -ngq
inglan
drtwr ==dr
nz- vz ==ng
r- pi -mq ==le
mqngr
nim
buk
oliq -lz ==kr
da
mrkc
kx
zbz
tq- wai
nabxbz
kcng
kai
kzdq
sc==
x
mama
nc
bwapc
elr
ncbr
doa
mc ==kr
ne ==dr -ngq
zbz
kxetu
kz
nabz
skul
ngr ==de -ngq
lr
kxetu
ma
dztu ==dr
drtwr ==de
nivz
mqbq
nzlvz
x
nyz
opxm
nou
-ngr ==gr
zbq
jiszs
eroplen
mz
murde
da
tq- pi
lc
tq- ama ==pe
lue
mrka
krkc
mz
drtq ==de
tzsiu
vz
kx etu
brlrmei
dwa ==kr
boo
tr sc -u
lika
sc==
tq- vz ==pe ==x
krkcng
sc==
mqngr ==de
nrlckxbq ==pe
veranaaso
kx
sc==
mc ==x ==le
tz- tekqtr ==pe -ngq
mz
x
mz
mzlir
provins
a'
mz
mrkc
peto
ngr
trte ==nge
tq- tu -lz
bxki
mz
tq- vz -tx
trte ==nge
r
x
leplz
bxki
na ==nq
a'
lr
kx
kx
nabxbz
kxmu
prla
ncdr
sc==
mz
mzli
nabz
sc==
nigr
narnztilolx
abrelz
nz- pna'
pripekt
doa
ma==
pulis
sc ==de
mz
tz- wz -ngr
na- mc ==le
nz- pwx ==ngq
yrbq -ti ==kr
nc
mrlz
neboi
kx
mz
x
mz
bange
kranzlvqn
nar
mrkc
kx
lcng
x
kzpten
r- li -r ==dr
tq- pi -bo
badr
yrlq -tx ==ne
zbz
tz- lvc -mq ==lr
mzli
merikol
bokapwr
nz- siklu -kr
kio
tz- tulr -tr ==pe ==mq
kcng
kx
krlz -bo
mz
la pwz
r- pi -bo
nyz ==gr
kx
ma
murde
sade
nimu
mz
neketu
mama
nz- vo -tr -mq ==ng
natq
bagr
lc
murde
ngr
murde
tomas
banyapu
kx etu
xngi -tx -tr ==le
badr
bia
belo
sc==
mz
x
kcti -tx -px ==x
ma
klas
nz- r- pi -mq ==lr
nz- ycmne -kr -bz
temz
x
x
yu
tq- yc -o -mq ==ø
lr
kx
kcng
nigr
sc==
badr
nzryrngr
mz
bagr
amrlx
mz
tz- a- mrbr -tr ==lr
ka
tq- tu
ngr
kzdq
ngr
jon
skul
kx
nigr
vo -mq
prngei -tx -bz
x
kcng
ka
nounc
pa'lz
kz
mq
dakxnzng
kx nz- mnztr ==ng
tz- r- pi -bz
trpnzngr
bxki
kx nz- etu
kx
kxetu
lr
kcng
na- kq -tx -o -mq
x
mz
mz
kzdq
badr
tq- mwi -tx -lz -mq
japan
mwi -tx
pipz
sc==
a'
delc
ncblo
tz- siklu -ti
kio
kxetu
tq- mznr ==pe ==ø
ka
mz
r- pi -bz
tq- ne ==pe
kra- pwx
gct
prla
sc ==gi
nepi
mz
inglan
josip
nyz
nz- wz -ngr
mz ==te
na- twz -bz ==lr
mz
sc==
sc==
pokia -bz ==kr
murde
gq
li
ale ==le
zbq
r ==gr
tzsiu
kx
lu ==le
nz- pwx ==ngq
mama
kra- li
trmctu
natq
krlz -mq ==le
dwa -tr ==amu
nz- glq -lz -mq ==lr
kzdu
nigr
kx
mz
kio
legru
kxkz
badr
kx
nz- tqlvz -tr -ngr
toki
kx
mz
na- xpe
meleu
ngr ==de
mz
mz
kx esz'
me
tq- rpi ==pe
x
mz
drka'
tu
da
mz ==ke'
nidr
kzble -ngq
kx etu
badr
mz
yrlz -ti ==x
zbz
nigu
x
bznwz
x
x
melz -mq ==x
prla
mou
a'
x
rnzlvz -o ==le
li
kz ==ø
r ==gr
drtq ==gr
ngr
nzmrgengr
na- ka -mq ==le
kx nz- topwz
r- pi -bo
mrkc
kxetu
x
mc -tx -mq
kx
x
kra- li
mrkc
mz
yiz
sikapu -tx pwz
mz
nrpakxmrlz
lr
nz- r- tekqtr -ngr
mz
nigr
lue
ne ==dr -ngq
kx
mama
nea
kx esz'
kru
kx
mz
merikol
tq- yrni ==pe ==ø
vz -mq ==ø
na- yapwx -ti -px -bo
yzlu -mq ==le
dckta
kx
kx etu
tz- r- lxngiti ==ngq
lcng
ncblo
tq- ngi
nimu
lz -o ==kr
sc==
tz- po -o ==pe ==ngq
tzsiu
mzli
kzdu
lr
x
r ==gr -ngq
nigr
kzdq
tz- mcpx ==pe ==lr
kcng
waelas
x
maket
r- li -r ==mu
ami
txpwz
sc==
na- tekqtr -ngr
kzdq
sc==
prla
kosi
inglan
mrkc
pipz
nrla ==de
kx
tq- vz ==pe ==x
na- tekqtr ==le
kxmu
me
r- pi -bz
sc ==dr
r- pi -bz
mz
lc
kxpipz
badr
kx
tz- vz ==pe
tq- r- yzkr ==pe ==kr
ngr ==gu
bange
inglan
r
mz
x
tq- vo -ne
kx
krlz -mq ==le
kx
doa
merikol
r
tq- do -tr ==be
nz- siklu -ngr
na- vz -bz ==kr
mz
yiz
mz
kio
kx etu
trgalr
nigr
x
nz- vz -bz ==ng
merikz
nz- abrtz -lvz ==lr
sc
rum
ka
a'
kx
mc ==x
ka
merikol
yiz
drtq ==dr
sc==
==le
x
sc ==mq
noli
sc ==gr
tin
ncblo
rmcti ==pe ==kr
na- rlapx ==q
esz'txu
da kc
neimr
leplz
nea
li
x
male -mi ==x ==le
murde
mzli
nide
tq- r- pi ==le
kx
newz
nctq ==de
drka' -ngq
amrlx
rblx -tx ==pe
mc -o -mq
nidr
kzdq
nz- ngqba -ngr
mz
kx mu ==le
vz -mi -tr ==le
x
da
nz- r- kle -ngr
vz -ki ==pe -bz ==kr
nyz ==gr
nzmu
amrlx
peto
yz
zbq
ka
mrkc
kx etu
lue
tz- a- yzlu
rum
presiden
a'
mz
sc==
nrlc
lcsu
sc==
nz- r- ka -ti -mq ==ng
x
skul
tq- ta -px ==pe
nz- bz ==ng
mz
mz
nzlc
murde
kx
sc==
sc==
mz
kx
sc==
tq- vz -ne
skul
x
yrpu ==pe
kx
kx
mz
na- yagox ==ng
x
makxtr
kampi
be
mz
tq- mnc
bom ==le
sc
dakxnzng
sc==
mz
ne
sc==
kzdq
tq- r- ka -bz
sc==
x
nina
rla
kzdung
lcsu
bade
kx etu
ncbr
drtwr
tr kq -o -mq ==le -u
a'
ma -wi -tx ==de
trau
x
sc==
rtangr ==ø
kx
x
x
kzpten
merikz
ncblo
nourla
nigr
prla
kcng
a'
tq- vz -bz
luga
dapu.nc
mya -sz -px ==le
x
x
temz
tr ayrkrpx -bo -u
zbq
xlr ==kr
mz
nyz ==gr
nigr
nigu
x
tq- r- pi ==pe -bz ==le
tq- ya -px ==pe -bz ==ø
x
nz- vz
murde
kzdq
dckta
yrbu -ti ==pe ==ng
skul
tr mrlz -u
mz
mzli
mepyr
sc ==de
sc==
tq
nz- wz -ngr
badle
kx
mzli
lr
leu
blq
nigr
x
mz
na- yrkr -tx ==ø
trtingr
mnq -ti ==pe ==le
mou
mzli
kx etu
a'
mqngr
dckta
nar ==de
da
nz- mnc -lz -bz
ma
nra
mz
drta' ==dr
tq- opilvz
lr
profesz
nz- rlxti -bz ==lr
mz
rpwxmz
yiz
dakxnzng
mz
pripekt
mz
trte
vz
tq- kalz -ki -lz -mq ==x ==lr
bia
kzdu
narlue
trmctu
zbq
kx
x
r- pi -bz
mz
kcpwz
zbz
tq- vo ==ø
yc -px
mama
skul
murde
mz
li
nz- rmcti ==lr
ncblo
x
xlr ==le ==le
sc==
tq- ngi
ma
mz
ninz
kcng
kx
yc -tr ==pe -ngr
sc==
tq- vz -o ==kr
lq
lr
nc
mu ==kr
asa -ne
vz -mq ==ø
skul
kx
nz- blqki ==ng
kio
naonrx
alankaula
drtq ==de
vz
mzli
kx
nrla
yiz
drka'
nz- ka -mq
nz- pna ==ng
x
tz- siklu ==ng
drtwr ==de
kx
badr
sc==
x
yiz
bea
x
mama
nidr
r- pi -mq ==le
ncblo
sc==
murde
nz- mc -px -bz ==lr
natq ==de
prtr ==x
nqmq
la -ngq
kzdq
kx
trte ==nge
kzble -ngq
bisop
trpnzngr
kzdq
prtz
tulzgi
tq- r- pi ==pe -bz ==le
vz -bz
awi -tx -bo
nigr
bange
nimu
yiz
drtq ==de
ngr
x
ami
ilztrkalr
mz
skul
merikol
zbq
lcsu
rum
kx
gwalekana
mz
kx
mz
drtwr
na- ka -bo
sc==
mz
ncbr
lc
nyz
mz
leplz
x
daniel
mz
ma
sc==
r ==dr
nqmq
katin
mrkc
bz pr -lz ==pe -mq
kx mc
elr
zbz
kx
mz
tq- a- mzblq -px -mq ==x
x
dq
obla
kx
kx nz- kqlu
kcng
medesin
leplz
nea
opxm
tz- vz -px ==pe -bz ==ng
x
nrwx
mz
kx
lcsu
mz
nrz
drtwr ==gr
daniel
kx
kxmu
sc==
temz
natq ==nge
natq
tu
drka'
kx
mrkc
mz
kzdung
o -mi
r
mz
drtq ==de
kzte ==de -ngq
loprta
milzpq
bot.
mz
ycpwz
nounenq
da
lr
bia
sc==
x
mz
doa
nz- aycngrlr -ti -kr
lclr
mz
kcng
nz- lala -ti -kr
kx
apu ==le
teomo
e la
tq- dcpx ==pe ==ø
kzdq
bange
kx
mz
kzpten
tq
mz
bange
kx
sa
yiz
tz- mnc -ngr
mz
lc
x
nz- tekqtr -ngr
krlz -bz ==le
mz
mz
leu
kx
nz- suti
elr
tq- tu -tr -mq
mz
mz
lrpz
badr
nz- aclve pwz ==lr
kzdq
ayrnr
kx tr mrlz -u
kru
mz
tq- r- pi ==pe -bo
r- krlz
mz
kx
tq
x
yrbu
yzlu -mq ==x
tq- alilvc -ne ==pe
a'
mwitr
nrlc
ngr ==dr
yc -px
kz
kx
lue
x
tewa
mz
mzli
sc==
ao -ti
merikz
kx
x
kx
tq- lu ==x
kzpten
murde
praemzre
gct
skul
alvztr ==le
yrkrpx
merikol
yz
doa
pwx
kalz -mq ==amu
kx
sc==
ngr
sc ==gr
nz- nu r ==de
nz- aclve -ngr
doa
mrlzvxi -tx
sc==
pulis
animol
na- vo ==pe ==kr
kzdu
lcng
nzotangr
tr krlz ==x -u
bot.
zmwxlr
dc
menabz
malaita
buk
zbz
stol
ncbr
mz
bade
a'
nigu
sc==
tz- vz -ki -px ==lr
krikit
x
nibr ==nge
mz
skul
mz
x
nzlu
mzli
tr krlz ==kr -u
drtq ==de
nzwr
nidr
nrc
lrpz
a- yame -mq ==x ==le
kz
nyz ==de
kio
mz
kzdq
ka
lcde pwz
da
tq- ngi
dzbede
sc==
drtq
tr ya ==pe ==x -u
lc
kx rtc
naq
na- dwa ==pe ==kr
tu -mq
trpaliki
tq- ne ==pe
kzdu
dzbede
ba ==nge
mz
kzdq
nz- r- lxngi -ti -ngr
tu -o -mq
sc==
bzo
nz- vz -bz ==ng
merikol
vz
kx
tq- tu -tx -px -mq ==ø
lr
drka'
nz- wz -ngr
r- pi -mq ==le
kzdu
sc==
nyz
tq- r- pi ==pe -mq ==le
okatr -mq
x
mz
na- vz ==ng
dckta
lc
mz
nidr
leuwaga
dckta
x
a'
nz- xplr -kr
kx etu
x
nigr
nrpakxmrlz
nzlu
tzsiu
nz- tq ==ngq
dxvo
x
mz
tq- atwzlr ==pe -mq ==le
murde
mz
ofisz
kcng
mz
mz
badr
tq- li ==pe ==kr
kzdung
ka
nc
trte ==nge
murde
mz
tr yc -lvz -o ==pe -u
mz
mz
mzle ==nge
tq- oti ==pe -bz ==le
kcng
lc
kra- pwx
skul
lc
ngalu
kx
mz
nide
mnc pwz ==kr
prla
katris
kio
osz -bz ==le
mqngr
kx etu
kxetu
tq- twz ==pe -bz ==le
ma
brma
bange
tq- yagox
x
mz
lrpzki
mrkc
natq
tq- pi ==pe -bz ==le
merikz
distrik
ne
kx
na- rlxti -bo
ami
mz
x
deka ==pe
sc==
vea
mrkc
x
trte ==nge
mz
elr
x
nz- vz -bz ==ng
ngr
tabao
tzsiu
badr
amrlx
esz'
tutr
ngr
amrlx
aki -o ==kr
pa'lz
lc
kzdq
nz- krlz -tr -pz
nounenq
mz
kx esz'
kzte ==gr
ka
mz
kx
kqlu
nqni
kcng
lxe
kcng
nz- tq -ngq
a'
mou
kx
tq- mibi
nyz ==dr
r- pi -bz ==le
lozbq
kcng
amrlx
kcng
yzu -tr ==x
kx
kx
yc ==be -mq
zmatq
na- vz -bz ==ng
pulis
nar
tq- r- pi ==pe -mq ==le
skul
prla
bisop
mnc -tx pwz ==kr
mangr.nzmungr
maket
doa
mz
nigr
bange
badr
doa
kx
takes
mnr ==gr -ngq
mrlx
mz
tq- r- pi ==pe -mq ==le
mz
kcng
sc==
kcblz -px
tz- vz ==pe ==ng
kzpora ==pe ==kr
x
drtwr ==de
kai
dakxnzng
x
mzli
nz- rtangrti -ngr
kx
mrlx ==mq
kx
mz
a'
nzlvz
zbz
skul
olvz
nide
nepi
tq- xpe ==x
r- pi -bo
krlz -bz ==le
nzlvqn
mz
prla
dckta
r- pi -bz ==le
lr
trmctu
tzsiu
nqni
kx etu
kzdq
mz
x
prtrpq
mz
badr
muli ==de
nyz ==dr
nz- vz -px -bz ==ng
ycom
drka'
a'
mzli
kx
bute'
kx glr
ngr
vo
jiszs
na- r- bi -ngr
yiz
ma
mateas
wai ==pnz ==le
krlz -bz ==le
nourla
mz
waelas
lcde pwz
nrc
mz
mz
nrlc
kx
lrpzki
hedmastz
nz- r- pz -ngr
kx
nigr
a'
x
trte ==nge
ma
mz
ngr
buk
mc
kzdq
mama
neboi
x
pripekt
neboi
r- pi -bz ==le
tq- dwati -bz ==le
badr
tq- ka -wi -c ==pe ==kr
kx
trmrlzu
tq- r- pi ==pe -mq ==le
kx
male lvi -tx ==de
da
boo
sc==
nadq
x
testimcne
tu -ne
x
dabu ngr
a'
ngr
kx glr
li
trau
dckta
stoakipz
mz
na- peti
sc==
yiz
badr
badr
nigr
x
mrkc
ne ==gr
sc==
kx
kzte ==gr
murde
mou
tq- ngi ==pe
lc
pawa
kx etu
na- bz -mi ==pe ==le
kx
bade
nounc
a- tu -lz -ngr
mqngr
kcng
nigr
tr krlz ==x -u
doa
sc
da
kx
nrrle
murde
xlr -bz ==le
ka
mya -sz -px ==le
a'
kz
bade
kx
zbq
tq- r- yr -ngr ==ne
skul
kcng
lc
dckrlzde
ncbr
x
kzte ==nge -ngq
mz
drlve
x
kio
zbq
mama
badr
da
mz
x
nz- dwa -o -ngr
tewa
kx etu -ti -ngq
yrkr -px ==le
a'
x
tz- vz ==pe ==ng
nz- r- pi -bz
mz
sc==
kx esz'
kzdung
mz
lc
tq- vo -mi -tr ==pe ==kr
du
ncnia
kx nz- topwz -ngq
drka'
lr
nigr
ncblo
x
dckrlzde
nz- glx ==pe
mrlz
ncblo
tq- mc ==pe ==x
yzlu
jon
tewa
nibr
mweita ==nge
x
mz
vz -mi -o ==le
x
mznzmipc'
nz- r- tekqtr -ngr
nidr
pawi -tx ==ne
kx
kzpten
sc==
kapx -mq ==x
nigr
kzdq
trte ==nge
ngrla -plx -px ==kr
ita ==nge
nibr ==gr
pipz
mrka
zyagox
bia
mz