adv
num
pro
nprop
pro
v ENT
n
@@@ AOP PL AND;FOCUS
n DAT
n IN ESS
interrog
cop
post
adj
adv
v AOC
dem
n
pro DAT AND;FOCUS
v HORT
adj
interrog
cardnum
n
n
@@@
n OBL SP EL
pro DAT
proform
n
pers AND;FOCUS
n PL
pro
v ENT
cardnum
v AOR
num
n
adj
adv
n
num
adv AND;FOCUS
adv
pro AND;FOCUS
pro
adj
n ERG GEN
pers
dem
v IMPF
prt
n
n OBL GEN
n OBL DAT
adj
n PL
cardnum
n
v ENT
n OBL DAT
coordconn
nprop DIR AND;FOCUS
v AOC
adv
n
pers
n
v ENT
n PL
v PERF
n
cop
pers
@@@
n
interrog
prt
nprop
v PERF
pers
cop
dem
n
n
nprop
n
n OBL SP ESS
@@@ COND
n PL
adv
Vocpart
n OBL SP ESS
coordconn
n OBL GEN
num
adv
pers
pro
adj
pro
n
n OBL SP EL
pro
pro
v IMPF
n
n OBL DAT
n OBL DAT
n ERG
v IMPF PST SBST
dem
pro
adj
n
n IN EL
n
v AOC
pro
v IMPF
adv
n
pro
pro ERG
adv
pro
pers ERG AND;FOCUS
v HORT
dem
v IMPF
n PL
n OBL DAT
n OBL GEN
dem
@@@
v AOP COND
n OBL PT ESS
v AOC
adv
n
n OBL SP ESS
n OBL DAT
interrog
adv
cop
pro
n OBL GEN
dem
adv
@@@
pro
n AND;FOCUS
adj
n DIR
n OBL DAT
adv
n
v ENT
adj
v FUT
v PROH
@@@ IN ESS
n
coordconn
interrog
adv
v ENT
n
v ENT
pro
v ENT
n ERG
adv
@@@
@@@
nprop ERG
nprop
interj
n
n DAT
n DIR DAT
pro
v AOR
prt
n PL OBL PT ESS
v IMC
pers
pro
n PL
v AOR
pro
v ENT
poss
dem
n OBL GEN
v FUT
n OBL GEN
v AOR
pers
post
v ENT
n
n
n
adv
conn
n
nprop
adv
prt
pro DAT
pro
pro PL
pro
n
cardnum
adv
n IN EL
n OBL SP ESS
nprop
v AOC
n
pro
n OBL DAT
n
v FUT COND
n
n ERG
n PL
n
v AOC
n
pers
n
v AOC
interrog
n
dem
pro
n
cardnum
n OBL DAT
n
n
n OBL DAT AND;FOCUS
v ENT
adj
adj
@@@ MSD
v INF
v IMC
n IN ESS
n IN ESS
subordconn
@@@ PST DIR
dem
n
n
v ENT
cardnum
pro
adv
v ENT NEG
n
dem
cop
n
v AOC
pro
pro PL
cardnum
v INF
v AOR
n
n PL AND;FOCUS
n IN ESS
v IMPF NEG
adv
adv
v AOC
n AND;FOCUS
pers
num
adv
@@@
dem PL TEMP PST
cop AND;FOCUS
dem
adj
v AOP COND
v ENT
cardnum
pro
pro
v AOR
v FUT
cop
interrog
adv TOTALY
n
cop
adj
adj
n OBL SP ESS
n
v AOR
v IMPF
cop
verbprt DAT
dem
v AOC
@@@ DAT
n
pro
n
v ENT
v AOR
v AOC
v AOC
subordconn
v PERF
cop SBST TEMP PST
cardnum
n
dem
n OBL SP ESS
v AOC
v FUT
poss
adv
adv
cop
v AOR
n IN EL
pro
dem
@@@ NEG
v AOC
n OBL GEN
num THIRTY
@@@ AND;FOCUS
n
v ENT
n OBL DAT
pro
prep
n IN ESS AND;FOCUS
n IN ESS
n
v AOC
dem
interrog
cardnum
cop
subordconn
n OBL SP ESS
coordconn
@@@
v AOR
v AOC
dem
n OBL DAT
n OBL SP ESS
n
adv
pro DAT
n PL
n ERG
n PL ERG
@@@ NEG
n IN ESS
adv
n OBL GEN
prep AND;FOCUS
n
pro
n
pro
n
pro
subordconn
v AOC
n OBL DAT DIR
v AOR
coordconn
adv
dem PST
dem
IMPV
adv
n
v ENT
pro
cop PERF NEG
v ENT
adv
n
n
pro
interrog
prep
v AOC
@@@ DAT
v AOC
n
prt
v ENT
post
coordconn
n PL
n
v AOR
n
@@@
v ENT
adj
pro
adj
nprop DIR DAT
n PL
cardnum
v ENT
adv
@@@
n
adj
recp ERG GEN
n
cardnum
cop
cardnum
pro
v ENT
v AOR
n IN ESS
pro ERG DAT
adv THIS.NIGHT DAT
@@@
n
v AOC
@@@ AOC
n
pro
n
prt
n PL
num
pro
cardnum
pro
v AOR
adv
n
n OBL GEN AND;FOCUS
n
n AND;FOCUS
coordconn
adv
pro
v ENT
pro
adv
v ENT
v ENT
pro
pro
n PL OBL DAT
v ENT
Vocpart
v ENT
pro DAT
v PROH
adv
cardnum
n OBL DAT
pro
pers
pro DAT
pro
nprop GEN
v IMPF PTCP
prt
n OBL DAT
n
n AND;FOCUS
n PL
n OBL DAT
dem
adv
n OBL SP EL
pro
pers
dem
@@@
coordconn
pers
pro
n OBL SP EL
n OBL SB EL
n
n
v ENT
adj
n OBL AD EL AND;FOCUS
pro GEN
pro DAT
@@@
adv
n
n OBL DAT
n
n
v AOP COND
n
cardnum
dem PST
v AOC
n IN ESS
dem
@@@
adv
pro
cardnum
n
n
pro
v AOC
num
n PL
interrog
@@@
subordconn
n OBL GEN
n OBL GEN
v AOC
cop
pro
n AND;FOCUS
n PL IN EL
n PL
n OBL DAT
v GEN
coordconn
adv
n OBL GEN
adv
pro
v IMPF PTCP
v AOC
adj
v AOC
n
adv
v AOC
v AOR
@@@
n
pro DAT
prt
n
n ERG
v ENT
pro
pers
v AOC
n PL OBL SP ESS
v AOC
v IMPF.CONT NEG
n
dem
n
nprop
@@@
pro
pro
n
pers
n
dem
v PERF
pro DAT
v HORT
n AND;FOCUS
n
n ERG
dem
v ENT
pro
v MSD
adj
n ERG
adj
v AOR
v ENT
v PST
adj
cardnum
pro DAT
v ENT
n GEN ERG GEN
adv PST
dem
n IN ESS
v AOR
n OBL SP ESS
v ENT
@@@ PERF SBST
cardnum
v AOC
prt
subordconn
n
adv
dem
cardnum
adv
dem
pro DAT AND;FOCUS
post
cardnum
v IMPF
cop
n PT ESS
n IN ESS
v IMPF NEG
v AOC
v AOC
v AOC
v AOR
cardnum
adj
n OBL DAT
dem
cop PERF
pro
v AOR
interrog
coordconn
v
cardnum
n
v AOC
pers
n OBL GEN
n
n
n OBL GEN
@@@
pers
@@@ AT.THIS.MOMENT
cardnum
n
adv
prt
prt
v FUT
n SP ESS
n
n
nprop
n
n IN ESS
recp
v ENT
n PL
pro PL
pro
n
adv
v
v AOR
prt
interj
v AOR
adj
n
dem
coordconn
cardnum
@@@ AOR COND
poss GEN
n
cardnum
n
prep
v AOC
prep
n
cardnum
subordconn
adj
coordconn
nprop
n
prt
proform AND;FOCUS
cop PERF
n PL
prt
n PL
n
nprop
prt
v ENT
n
v PERF PST
n OBL GEN
v AOC
v FUT
n AND;FOCUS
dem
cop
adj
v ENT
pro DAT
n
v IMPF PTCP SBST
v INF
cardnum
n IN ESS
interrog
n OBL SP EL
v ENT
v AOC
n PL
adv
n IN ESS
@@@
cop
v AOC
n PL AND;FOCUS
dem
coordconn
dem
n
n
n
cardnum
pro
n GEN ERG GEN
n
pro
adj
v
n PL
adv A.LITTLE
dem
cardnum
pro
v ENT
interrog
v ENT
dem
n
adv DAT
cardnum
v AOR
cop
adj ERG
pers
pro
n
num
n PL OBL GEN AND;FOCUS
n DAT
@@@ PST
num DIR DAT
v FUT NEG
n PL AND;FOCUS
v HORT
pro
v ENT
n OBL SP ESS OBL
v AOC
adv
n AND;FOCUS
v
adv
v AOR
adv
n ERG
@@@ PERF
dem
adv
n
interrog
dem
cop
n OBL GEN
n
@@@ ERG GEN
poss
n OBL AD ESS
dem
adj
n
n
n
v ENT
v ENT
v ENT
pro
v IMPF
n
adj
dem PST
num
v ENT
n
v IMPF
pro
pers
n
v IMC
adj
n
cardnum
dem
v ENT
n PL
@@@
n AND;FOCUS
cop
cop
cardnum
n OBL SP EL
dem
cop
n OBL ESS
cardnum
pro
pro
v FUT
n
dem PST
cardnum
n
pro
n ERG
v ENT
conn
n
pro
n
n
post
n PL
prt
adv
pro
cop
cop
v AOP TEMP
v PERF PTCP SBST
pro
v IMPF NEG
v AOR
n
cop
proform
adv PL DAT
n
prt
v ENT
v IMC
n OBL GEN
adj ERG
v AOC
n
v ENT
subordconn
pers
pro ERG
n
n OBL DAT
v AOR
v AOC
adv DAT
n
v AOC
n DAT
n
n
pro
prt
n
n
v ENT
subordconn
post DAT
n
proform
n
adj
post
pro AND;FOCUS
v
v FUT
adj
pers AND;FOCUS
prt
@@@ REACHED
nprop
cardnum
interj
n PL
v
@@@ AOR
v PERF
dem
pers
v AOC
v COND AND;FOCUS
cardnum
post
dem
adj
conn
n OBL DAT
v AOC
dem
pro
adj
adj
n OBL GEN
n PL
v PERF
post DAT
n
n OBL DAT
v IMPF
subordconn
n
cardnum
v AOR
dem DAT
adv
nprop
adv
v PROH
prt
adv
n OBL SP ESS
pro AND;FOCUS
v AOP TEMP
adv
cop COND
v PERF
n
n PL AND;FOCUS
n
n
n AND;FOCUS
n
pro AND;FOCUS
cardnum
cop
pro
cardnum
interj
n PL ERG SB EL
n OBL DAT
v IMC
v ENT
cardnum
v ENT
cop NEG EL
n
pro
adv
pro OBL GEN
n OBL DAT
n PL OBL DAT
pers
v IMPF
v AOR
pers ERG
v AOP
pro
n ERG AND;FOCUS
n ERG AND;FOCUS
v AOC
nprop
v AOR
v AOP
v AOC
n DAT
n IN ESS
v ENT
v PERF
n
prt
v ENT
n
pro
cardnum
v AOC
n
v ENT
pro
v ENT
v PERF
nprop DIR GEN
pro
cardnum
n AND;FOCUS
dem
dem
@@@ PST
pers
n PL ESS
v FUT COND
adv
adv
@@@ PST COND
@@@ IT.WILL.BE.DONE
n OBL DAT
pers
adv
dem
pro
v AOR
adj
prt
recp AND;FOCUS
pers
n OBL GEN
adv
adv AND;FOCUS
v ENT
v ERG
prt
v AOR
n
dem
cardnum
v
v AOR
dem
adv
dem
n PL
n
n
v IMPF
pers
adj
cop
cardnum
v AOC COND
v IMPF
prep
n
n OBL DAT AND;FOCUS
n
adj
v AOC
n ERG
v ENT
num
v ENT
cardnum
cardnum
v ENT
@@@ CALL.TILL
v AOC
@@@
cardnum
adj
pro
v
n
conn COND
dem
v AOR
n
cop
adj
adv
dem
adj
v AOC
v AOR
v AOR
pers
n
v AOP
n AND;FOCUS
pro
n OBL SP ESS
v
cardnum
interj
n
n
n PL
multipnum TWENTY.FIVE
pro PL
num
n
v IMPF
n OBL GEN
dem
v AOP TEMP
v AOR
n ERG AND;FOCUS
v ENT
pro DAT
n
adv
v ENT
poss
prt
cardnum
pro DAT
pro PL
n
v AOR
cardnum
adj
v AOC
dem
n
v AOR
subordconn
n IN EL
adj
cardnum
adj
pers ERG
n OBL SP EL
adv
conn
adj
cardnum
v AOR NEG
v AOR
v AOR
conn
n
@@@
adv
dem
n IN ESS
pro
cop PERF
num
adv
pro
n PL SP ESS
n OBL GEN
prt
pro PL
coordconn
n
v ENT
v AOR
n OBL AD ESS
n
interrog
dem GEN
v AOC
v AOC
adj
dem
v AOC
n ERG
dem
cop
pro AND;FOCUS
interrog
adv
v AOC
pers
cardnum
n
n PL
pro
adv
n PL OBL DAT
v INF
v ENT
nprop DIR DAT
n
pro
v IMPF
pro AND;FOCUS
n PL
adv
n AND;FOCUS
pro
cardnum
n AND;FOCUS
n
@@@
n
v AOC
v AOP COND
pro DAT
cardnum
pro
n OBL SP EL
num
pro
poss GEN
pro
v IMPF
v ENT
v ENT
poss
n
n
pro
num
n
cop PERF
n OBL GEN
v ENT
poss
v FUT
pro
pers
adj
v IN
subordconn DAT
n IN EL
pro DAT
n OBL GEN
n OBL DAT
n OBL PT ESS AND;FOCUS
pro DAT
nprop DIR DAT
v ENT
pro
n
n
pro
n
cardnum
v AOR
v IMC
v ENT
n PL AND;FOCUS
n PL
v ENT
adj
n
dem
interj
prt
v AOC
n
v AOC
dem
coordconn
v IN
n
n
n OBL DAT
@@@ NEG
num
n
dem
n OBL AD ESS
n
pro OBL GEN
n
cardnum
cardnum
n
dem
n ERG
n OBL SB EL
n
n
n PL
v AOP TEMP
pro
n
pro
n OBL AD EL
pers
coordconn
n
n OBL AD EL
v AOC
n
pro
v AOC
n AND;FOCUS
v IMPF
n
conn
n AND;FOCUS
adj
n
n OBL SP ESS
pro ABS
v AOC
@@@ AOR
n IN ESS
n GEN ERG GEN
v FUT
n
n OBL DAT
adv
n IN EL
n OBL PT ESS AND;FOCUS
v AOR
n
n OBL DAT
pro
n
pers DAT AND;FOCUS
n AND;FOCUS
v AOC
adj
v ENT
v ENT
n
@@@ IT.WILL.BE.DONE
n OBL GEN
v FUT PST
dem
n DAT
cardnum
n AND;FOCUS
pro
v HORT
n
pers AND;FOCUS
pro ERG
adj
cop
n OBL SP ESS
pers
IMPV
pers
v
n OBL GEN
coordconn
cardnum
dem
adv PST
adv
n OBL DAT
dem
n ERG
dem PST
num
n
n OBL GEN
cardnum
adv
v ENT
v AOC
n
adv
subordconn
pro
pro
n
dem
v
n PL
v ENT
pro
v ENT
n
pro DAT
v FUT
v ENT
cardnum
v AOC
adj
prep
@@@ COND
v AOR
v AOC
adv
v AOC
poss
n OBL SP ESS
adj
n
n OBL SP ESS
dem
dem
dem
pro
cardnum
dem
n
pro
n
prep AND;FOCUS
cardnum
n PL
n
n PL AND;FOCUS
v OBL DAT
@@@
n
pro
prep AND;FOCUS
adj
n OBL GEN
n OBL GEN
n ERG
v AOR
cardnum
cardnum
v ENT
v ENT
n
v
pro
v ENT
v
adv
pro
v AOC
v AOC
n
cardnum
pro
n OBL DAT
adj
n
n
adj
n
@@@
v ENT
pro
pro
v ENT
n
n
n ERG AND;FOCUS
n
n OBL SP ESS
pro
n ERG
@@@
n OBL SP EL
v ENT
prep
v ENT
adj
cardnum
v AOC
pro
n AND;FOCUS
adv AND;FOCUS
n OBL DAT AND;FOCUS
prt
@@@ NEG
n OBL GEN
dem
pro
pers
dem
n
n PL
n PL
@@@
pers
prt
adj
nprop
pers
n PURP
adv
pers
v IMPF
v IMPF
n PL IN EL
nprop
adv
dem
pro PL
v
n OBL AD ESS
v ENT
n
adj
prt
@@@ PERF PST
coordconn
pro
n
@@@ REACHED
n
n
v HORT
n IN ESS
n AND;FOCUS
n
n OBL SP ESS
interrog
adv
v AOR COND
v ENT
dem
interrog
cardnum
n OBL SP ESS
n IN ESS
pro
@@@ COND
@@@
num
pers
n OBL DAT
n OBL GEN
nprop
IMPV
pro DAT
v AOC
prt
adv
adv
@@@
n OBL SP ESS
pro
pers
@@@ PST COND
v AOC
v IMPF
interrog
v AOP COND
n ERG
prt
adv
dem
@@@
adv
subordconn
adv
n OBL GEN
prt
n
post
n OBL GEN
pers
adv
n
pro
v AOR
n IN ESS
pro DAT
n OBL DAT
prt
@@@
dem
dem
subordconn
pro DAT AND;FOCUS
pro
n
pro
n
adv
prt
dem
cop
n OBL GEN
n IN ESS
cardnum
adv
adj
adv
v ENT
v PROH
n
dem
pro
adv
v IMPF
pro DAT
n
v IMPF
n DIR DAT
pro
cardnum
n
n PL OBL PT ESS
pers
prt DIDN'T.GET.NEG.SBST SBST
n DAT
v AOP
n
pro DAT
cop
n SP EL
v AOR
pro
n
adv AND;FOCUS
v ENT
pro
v ENT
n PL OBL SB EL
v ENT
pro DAT
n DIR DAT
adv
adv
v IMPF
dem
v AOC
n IN EL
n
n
cardnum
v PERF PST
n OBL GEN
n OBL DAT AND;FOCUS
subordconn
dem
dem
prt PST
n PL
v ENT
v FUT
n
n
n OBL SP ESS
v IMPF
n OBL SP ESS
n OBL DAT
n
n PL AND;FOCUS
cop
pro
cardnum
n PL
pers
n
v IMPF
n AND;FOCUS
v IMPF
v ENT
pro GEN
n OBL SP ESS
n PL
pro
n
n SB EL
n
n OBL SP ESS
n
cardnum
pers AND;FOCUS
n OBL SP ESS
n
pro GEN
subordconn
cardnum
v AOC
@@@ PST SBST
n PL
pro
n PL OBL GEN
v AOC
subordconn
v AOC
n ERG AND;FOCUS
n OBL SB ESS
cardnum
coordconn
cop
n PL
adj
adv
n OBL GEN
prt
n
dem
coordconn
@@@ COND
n IN ESS
v PERF
v AOC
v AOC
prt
cop AND;FOCUS
n AND;FOCUS
cardnum
n
interrog
v ENT
pro
n PL
pers
n IN EL
n
cop
v ENT
@@@
n OBL GEN
n OBL SP ESS
det
poss
pro
n
adj
pro GEN AND;FOCUS
v PROH
pro
n
n IN ESS
num
v AOC
n PL
pro DAT
pers
n
cardnum
v ENT
v ENT
cardnum
coordconn
dem
post
n
n AND;FOCUS
n SP ESS
pro
n
pro DAT
pro ABS
n OBL GEN
prep AND;FOCUS
interrog ERG DAT
adj
pro DAT
n PL
pro AND;FOCUS
n OBL DAT
dem
v IMPF PTCP
n ERG
n OBL DAT
n OBL GEN
prt
n
n PL
num
prt
n IN EL
recp OBL GEN
adj
n
pro
adv
dem
v IMPF
pro GEN
n OBL DAT
n
pers
@@@ PST SBST
num
poss ERG GEN
dem
prt
dem
cardnum
n DAT
conn
adj
ordnum THIRD PST
pro
adv
@@@ PST SBST
nprop DIR DAT
cardnum
dem
v IMPF
n OBL DAT AND;FOCUS
dem DAT
pro ERG
n OBL GEN
pro
v FUT PTCP PURP
n
n
n
pro
pro ERG
n
pro
v ENT
v AOC
@@@
dem
prep
n
v ENT
nprop OBL GEN
cop
cop
v HORT
v ENT
n
pro
adj
adj
v IMPF
adj ERG
v HORT
pro
n IN EL
v ENT
pro
n
cardnum
pro DAT
n ERG
n IN EL
n SP ESS
v AOR
poss
v AOC
n
v AOC
pro
v ENT
adj
adv AND;FOCUS
v AOR
adj
n IN EL
subordconn
prt
n
dem
cardnum
pro
dem
v AOC
n
num
cardnum
v AOR
dem
prt
n
post
v AOR
adv AND;FOCUS
cardnum
@@@
adv
dem
proform
n OBL SP ESS
v AOR
n
n
subordconn
subordconn
n
adj
v ENT
cardnum
pro
v ENT
n
n
adj
v ENT
n
n
cop
adv
v PERF
cardnum
adv
pers
v ENT
pro
v FUT
n
n ERG
pers
n PL OBL SP EL
cardnum
adv
@@@ PERF
n
v AOC
dem
dem
dem
v ENT
dem
indfpro
v IMPF
v ENT
prt
dem
dem
coordconn
n OBL DAT
n OBL DAT
num
pers
prt
adv
nprop
n IN ESS
prt
v ENT
v ENT
adj DIR
dem
v AOR
n
n OBL GEN
v ERG DAT
v AOC
nprop
v INF
adv
v INF
pro
pers
adv
pro
cop PERF
@@@
n PL
num
adj
pro
pro DAT
v IMPF NEG Q
n PL
cardnum
interj
pro
n
dem
v ENT
pro ERG GEN
coordconn
n PL
n
n
v PERF
v AOR
cardnum
v AOR
prep
n
cardnum
pro
n OBL ESS
n AND;FOCUS
v ENT
pro
adj NESS
prep
cop
v ENT
dem
num
subordconn
n
@@@
n AND;FOCUS
interrog
n
n
dem
v ENT
adv
nprop OBL DAT
v AOC
v AOR
n AND;FOCUS
pro
interrog
prt
adv
n OBL AD ESS
@@@
n PL OBL SP ESS
n AND;FOCUS
subordconn
n OBL SP EL
v IMPF
dem
pro AND;FOCUS
adj
cop
conn
pro
n
prep
n
v AOR
n
nprop
adv
cardnum
n
cop
n
n OBL PT ESS
pro DAT
adj
pro
v AOR
n OBL SP ESS AND;FOCUS
dem
@@@
cop PERF
dem
v FUT NEG
dem
v INF
pro DAT
v AOR
cardnum
v AOR
adv
dem
prt
n OBL AND;FOCUS
adj
prep
n
v AOC
n
adv
n
pro
n OBL DAT
pro
n
v PERF
cardnum
v ENT
n OBL DAT
n
n
ordnum SECOND
prt
n PL OBL GEN
pro
v ENT
n OBL GEN
num
dem
pro DAT
n
n
v ENT
v ENT
n AND;FOCUS
v AOP COND
cardnum
pro
v ENT
n
cardnum
@@@
n
dem
adv
@@@
n OBL DAT AND;FOCUS
dem
n AND;FOCUS
v AOC
pers ERG DAT
dem
n
n PL
n
cardnum
n AND;FOCUS
n
dem
n
n AND;FOCUS
interj
n OBL DAT
n
dem
n OBL DAT
v AOC
v AOR
v IMPF
dem
n
adv
dem
n AND;FOCUS
n PL
coordconn
v INF
@@@ INF
v AOP TEMP
nprop GEN
dem
n
cardnum
n IN ESS
v PERF
cardnum
interj
n
n IN ESS
n AND;FOCUS
n
v AOR
dem
n
n
v IMPF
pro
v AOC
n OBL GEN
dem
dem
pro
n PL OBL GEN
n PL
@@@
num
v ENT
v ENT
adj
n
prt PST
pro PURP
interj
adj
dem
dem
poss
n AND;FOCUS
v ENT
v AOC
n
v IN
prep
n
adv
v AOC
post
v ENT
n OBL SB EL
n OBL GEN
v AOC
v AOR
v ENT
v AOC
v AOR
nprop
adv
n
v AOC
adj
pro
coordconn
pers
interrog
n
pro DAT
dem
verbprt TEMP
n
pro
n
n OBL SB EL
v ENT
adv
v FUT
adj
n PL ERG
v ENT
recp DAT
n OBL SP ESS AND;FOCUS
n IN EL
v
@@@
pers AND;FOCUS
v PERF PST
n PL
v AOC
n
n
v ENT
cardnum
cardnum
prt
pro
n
n ERG
@@@
n OBL SP EL
n
adj
cardnum
n
adj
n OBL DAT
adj
n
v ENT
n OBL GEN
n
v FUT
n
prt
pro DAT
cardnum
adv
v ENT
n
pro
v MSD
pro ERG PST TEMP
v HORT
adv
n OBL GEN
pers
IMPV
n
n
interrog
pro
IMPV
post DAT
pro
n IN EL
dem
prt
pers
v ENT
n
n OBL DAT
@@@
dem
interrog
v AOC
adj
adv
dem
adv
subordconn
pro
n ERG
prt
adj
n
pro
n PL
pers
v AOR
n SB EL
v FUT
v AOR
@@@
v ENT
v ENT
adv
n ESS
dem
n
adj
n OBL SP ESS
num
interrog
n
pro
poss
v ENT
coordconn
n
v IMPF
n OBL GEN
n OBL DAT AND;FOCUS
pro DAT
v ENT
adv
n
n OBL DAT
n OBL SP ESS
cop
v ENT
cardnum
interrog
n OBL GEN
n
pro
adj
adv
cop
adj
coordconn
nprop OBL DAT
n OBL GEN
v AOP COND
pers
pro
n
v POSTR
n
subordconn
v AOC
IMPV
n
v IMC
v AOC
v AOC
v OPT
adv
cardnum
n
pro
v AOC
subordconn
dem DAT
dem
pro GEN
v ENT
adv
v
n ERG
v IMPF
dem
n OBL SP ESS
dem
n
n OBL GEN
pro
adv AND;FOCUS
subordconn
n
dem
dem
dem
n
pro
prt
v IMPF
v ENT
v IMPF PTCP
n PL
pro GEN
pers ERG
v PERF PST
@@@ DAT
pro
n IN ESS
n PL
v AOC
n OBL AD ESS
pers
n
nprop
num
n
n ERG
dem
v FUT
pro
n
cardnum
n GEN
v AOR
cardnum
coordconn
n
coordconn
@@@ GOING.TO.SLEEP.TEMP TEMP
v IMC
pro GEN
n AND;FOCUS
n OBL SB EL
n
n
pro DAT
pro
@@@
dem
n OBL GEN
cardnum
n
pro DAT
v ENT
pro DAT
pers
pro
adj DIR
n OBL DAT
v AOR
pro
n
cop NEG
n AND;FOCUS
v AOR
n OBL SP ESS
dem
prt
n
interrog
n ERG AND;FOCUS
dem
n SP DIR
v AOR
pro
n
pro
n AND;FOCUS
prep
poss
dem
interrog
prep
n
cardnum
n PL ERG
@@@ DAT
v AOC
@@@
n
v NEG PERF PTCP
n OBL DAT
n
cardnum
n
n
adv
n
adv
pro DAT
pro GEN
n OBL DAT
pro
v AOR
nprop ERG DAT
v ENT
v ENT PTCP
n
v FUT PST
v AOP
n OBL DAT
v AOC
n
n
interrog ERG DAT
n AND;FOCUS
adj
@@@ INF
n
n
n OBL DAT
prt
v
n
pro
n IN EL
adj
pro GEN
v ENT
v PERF
dem
n
v ENT
n SP DIR
@@@ OBL SP ESS
pro DAT
adv
n PL
n
v PERF
dem
v PERF
n OBL SP ESS
v ENT
adj
dem
pro
n PL PL
dem
v ENT
v
n PL
num
n AND;FOCUS
v ENT
n PL AND;FOCUS
pro
n OBL AND;FOCUS
@@@ IN ESS
conn
pro
n ERG AND;FOCUS
poss
dem
interj
n AND;FOCUS
nprop
n AND;FOCUS
cop
pro
v AOC
n
n
cardnum
cardnum
adv
adj GEN AND;FOCUS
post AND;FOCUS
@@@
dem
dem
v AOR
adv
n
n
n IN ESS
cardnum
adj
interrog
interrog
pro
pro
adv
adj
dem
verbprt PST
n OBL SP EL
cardnum
interrog ERG GEN
v PERF
v ENT
dem
interrog
n
v FUT PTCP TEMP
cop
prt
prt
n IN ESS
subordconn
dem
n
poss
adv
pro
cop
adv
v AOC
pro PST
cop
n
pro
n
@@@
adv
n
n
adv
pro PL
cardnum
pro
cardnum
cop COND
cardnum
cop PERF NEG
n SP EL
dem
adv
n SP EL
v PERF
adv IN.TIME
n
n SP EL
n PL
pro DAT
interrog
prt
cardnum
n OBL GEN
@@@
n OBL SP ESS
n PL
v ENT
prt
v ENT
cardnum
n
n OBL PT ESS
adj
n
adv
coordconn
adj
v AOC
pro
n
adv
pers ERG
interrog
v AOR
n ERG
prt
@@@ PST
pro AND;FOCUS
v IMPF
v IMPF
v IMPF PTCP SBST
n PL OBL DAT
n
pro
n AND;FOCUS
n OBL GEN
v ENT
adv
n
@@@
adv
pro
v ENT
adv
prt
v ENT
v INF
@@@ AND;FOCUS
n PL
n
n IN ESS
cardnum
n AND;FOCUS
adv
n IN ESS
@@@
adv
n PL OBL AD EL
pers GEN
adv
pers
dem
n PL AND;FOCUS
cardnum
n OBL DAT
dem
n OBL GEN
v MSD
pro DAT
pro DAT
cardnum
adv
n IN ESS
@@@
n DAT
cop
n PL ERG
@@@
n PL
n PL
n ERG
n IN ESS
prt
n
cardnum
dem
n
dem DAT
n
nprop
pers
n OBL SP EL
v FUT PST
pro
n
subordconn
proform
nprop DIR DAT
v AOR
pers AND;FOCUS
adv
n PL
v ENT
n
adv
@@@ GOING.TO.SLEEP.TEMP TEMP
cop
@@@ PST SBST
subordconn
pro
@@@ DAT
pro
n
n
n OBL DAT
post
v ENT
nprop ERG GEN
dem
n PL
cardnum
n OBL DAT
v AOC
adj
n OBL DAT
n
n
n
v FUT
pers
coordconn
pro DAT
@@@
v AOR
adv
adv AND;FOCUS
n
interj
pers
v IMPF
v IN
recp ERG GEN
v AOR
adv
adv
v AOC
pers
pro DAT
v ENT
pro DAT
pro
pers
n
dem GEN
adv
pro
v IMPF
n
cardnum
verbprt TEMP
adj ERG
adj
cop
dem
n OBL DAT
n
n OBL SP ESS
n ERG AND;FOCUS
v AOC
cardnum
@@@ WANTED PERF PST SBST
pro
n OBL DAT
n PL
n
n ERG
v IMPF.CONT
v IMPF NEG
pro
v ENT
adv
v ENT
n GEN
n ERG
adv
nprop
interrog
n AND;FOCUS
v AOR
v IMC
v AOR
adv
n
dem
n PL
v ENT
cardnum
n IN ESS
pro
n OBL DAT
pers
pro
n .NESS PL
n OBL GEN
adj
v AOC
n DAT
n PL OBL SP ESS
cardnum
adv
n
n SP EL
adv
pro
cardnum
v AOC
v PERF
@@@
cop
v ENT
subordconn
v AOR
n
n PL OBL SP ESS
n OBL GEN
adj
v ENT
v ENT
pro
n AND;FOCUS
coordconn
v ENT
n
n OBL DAT
n
v ENT
num
n PL
n
n
ordnum PST
adv
n OBL DAT
v AOR
n IN ESS
pro
v AOC
n
n
n
cardnum
pro
v ENT
v AOC
dem
n
cardnum
cop
pers
cop
cardnum
n AND;FOCUS
v AOC
v AOR
coordconn
n IN ESS
recp AND;FOCUS
n
n OBL DAT
dem
pers AND;FOCUS
adv
pers
nprop
n
coordconn
adv
cop NEG DAT
v IMPF
dem
n PL
pers
interrog
v ENT
ordnum
interrog
proform AND;FOCUS
n OBL GEN
pers
adv
adv
subordconn DAT
n
v ENT
n ERG
@@@ COND
cardnum
v AOR NEG
prep
v IMPF
v ENT
pers AND;FOCUS
n IN SP ESS
v IMC
adj
@@@ PST TEMP
adv
n
pro DAT AND;FOCUS
adv
adv
v AOC
cop
n
n OBL GEN
coordconn
v
adv
v FUT
pro
pro DAT
v ENT
adv
n ERG
adv
n
v AOC
pro
n PL ERG
dem
n AND;FOCUS
pers
@@@
cardnum
v
@@@
num
pers
adv
v ENT
v IMPF
n AND;FOCUS
@@@
prt
@@@
adv
recp ERG GEN
pro
cop
v IMPF
v AOR
cardnum
num
dem
n
n PL
dem
conn
v NEG PERF PTCP
cardnum
v IMPF
n
n OBL SP ESS
pro
n AND;FOCUS
n
dem
v AOR
cardnum
v ENT
adv
prt
pro
proform
v PERF
v AOR
n OBL DAT
v AOR
v AOC
pers ERG DAT AND;FOCUS
pro DAT
adv
adv
pro
adj
v ENT
dem
n AND;FOCUS
n PL OBL PT ESS
adv
@@@
cardnum
pro
v ENT
pro
pro DAT
coordconn
n
dem
v AOC
cardnum
pro DAT
v AOR
v AOC
prt
v FUT
v AOR
n OBL DAT
adv
dem
v ENT
n
n OBL PT ESS
cardnum
poss ERG GEN
pro DAT
v AOC PTCP
v ENT
v AOR
v AOR
n
v ENT
dem
pro
v AOR
v ENT
dem
v AOC
n
v AOR
adv
pers
@@@
n PL OBL DAT
n IMC
adj
subordconn
pro
pro PL
n OBL DAT
n
pro
n
v INF
dem
v ENT
n
n PL OBL SP ESS
@@@
n
pro DAT
adv
n
interrog
pro
dem
conn PST
dem
pro
dem
pro
n OBL GEN
n
verbprt
n PL
pro GEN
v ENT NEG
nprop
@@@
n
n PL
num
num
cardnum
dem
interrog
cardnum
n AND;FOCUS
cop
n PL ERG
n
pro
dem
interj
@@@ NEG INF
cardnum
n
adv
v PERF
n
v AOC
cardnum
n OBL SP ESS
pro
adv
cardnum
pro DAT AND;FOCUS
pro
pro
v
n
nprop ERG
n
n
pro
n
v ENT
v AOR
cardnum
n PL
v ENT
adv
prep
v ENT
v ENT
ordnum PST
n
adj
n OBL AD EL
v ENT
proform ERG DAT AND;FOCUS
n OBL SP EL
poss GEN
n PL
v ENT
n
n
v FUT NEG Q
v ENT
v ENT
cardnum
v AOR
cardnum
n
adv
n OBL DAT AND;FOCUS
v ENT
v PERF
cardnum
v AOC
pro DAT
n IN ESS
n AND;FOCUS
n
adv
n
v AOR
interrog
cardnum
prt
adj
v ENT
v AOP
cop
n OBL GEN
@@@
@@@
n OBL DAT
pers
nprop DIR DAT
pro
pro
n
v FUT
v IMPF
v ENT
cardnum
n
n
prt
dem AND;FOCUS
n
@@@ SBST HORT
v ENT
pro
n
dem
pro ERG DAT
cop
n OBL SP ESS
nprop
v IMPF
dem
v ENT
@@@
@@@
prep
adj
n AND;FOCUS
pers
n
v AOC
v ENT
@@@
n
poss
n PL OBL DAT
pers
n
v AOR
n
cop
subordconn
cardnum
pro DAT AND;FOCUS
dem
@@@ PST
dem
pers
n OBL SB EL
dem
n PT ESS
v
v AOR
n
n
v ENT
v AOR
cop
n
adj
pers
v
dem
v PERF
pro
n
n
prt
n OBL GEN
v ENT
dem
cop
v PERF
pers
n
n
dem
pro GEN
dem
recp AND;FOCUS
n OBL DAT AND;FOCUS
dem
coordconn
prt
n PL
dem
n
pro
n
n AND;FOCUS
pro
n
cop PERF
v ENT
v AOC
cop
n OBL DAT
recp
v IMPF
adj
nprop
@@@
n OBL DAT
v ENT
pers ERG GEN
n PL
v ENT
v AOC
pro
v
n
pers AND;FOCUS
n
pers
cardnum
@@@ PST
n OBL GEN
n OBL GEN
v AOR
n
v ENT
cardnum
interrog
v AOC
v FUT
cardnum
conn
pro
v IMPF PTCP
pro
@@@
recp ERG GEN
n IN ESS
v AOR
proform
pro GEN
n
pro
@@@ LIVE.IMC
pro AND;FOCUS
adv
v AOC
v HORT
adv
pro
n
n OBL GEN
n
cop NEG
n
cardnum
v ENT
pro
num
v PERF
pers
n ERG
n
adv
pro DAT
@@@ MSD
adv
v AOR
v AOR
v ENT
n AND;FOCUS
n
recp GEN
n PL
dem
v ENT
cop
n OBL SP ESS
n OBL SP EL
v AOR
adv AND;FOCUS
n OBL GEN
cardnum
dem
v FUT
cop
pro
v AOR
cardnum
prt
@@@ DAT
n
n AND;FOCUS
interrog
n PL
pro
n
interj THANK.YOU
n
dem
adv
n
adv
n OBL PT ESS
pro GEN
pers
n GEN
cop PERF
pro
v AOR
interrog DAT
adv
subordconn
adv
pers
pers
pro
v
cop COND
v ENT
n
v ENT
cardnum
adv AND;FOCUS
n
n
v ENT
pro
n
prt
interrog
adj
v PERF PTCP
n
n OBL GEN
v IMC
prt
interrog
n
subordconn
adv
v IMPF
n PL
v ENT
v
v ENT
n
pro DAT
n
coordconn
subordconn DAT
v AOR
v AOR
v IMPF PTCP
n
v AOR
n PL
n IN ESS
n AND;FOCUS
v FUT
cardnum
v AOR
dem
dem
dem
pers
n
prt
dem
poss
n PL
pro
pers
dem
n PL
dem
v IMPF PTCP
n PL
n
v ENT
cardnum
v ENT
pro
pers
pers
v ENT
poss OBL GEN
n PL
n ERG
v AOR
cop
v FUT
n OBL DAT
dem
v ENT
pers
n IMPF PTCP SBST
n
pro
@@@ ERG DAT
adj
cop
v PROH
nprop
@@@
n
dem
cop
n PL
adv
n PL EL
cardnum
poss ERG GEN
pro
cardnum
n
adv
pro
v ENT
adj
det
v AOR
n
v ENT
n PL
dem
adj
dem
dem
v OPT
@@@ ERG DAT
adj
n
n
dem
v ENT
dem
n OBL GEN
v AOC
adv
n AND;FOCUS
prep AND;FOCUS
cop PERF
n PL
pro
dem
n PL ERG DAT
n
pro ERG
adj
v ENT
prt
prt
pro
n
v ENT
adv
pro
n
num
adj
@@@ NEG AND;FOCUS
v AOP COND
adv
adj
v HORT
adj
pers
n PL OBL GEN
adv
adv
v AOR
subordconn
pro
n OBL SP ESS
n
v AOR
adv
pro
adj
dem
pers
pro DAT
cardnum
v AOR
pers
poss GEN
n OBL GEN
n
v AOP TEMP
v PERF
prt
adv
dem
n
cop
adv
prt
pers AND;FOCUS
adj
v ENT
n
v AOC
n OBL PT ESS
cardnum
dem
prt
n
pro
subordconn DAT
v AOR
v AOC
pers
n
v
v AOR
v ENT
pro
cop
n
n OBL SP EL
adv
v INF
adv
v AOC
v ENT
n
n
pro
dem
adv
prt
adj
nprop
coordconn
n
v FUT
n
v PERF
subordconn DAT
pro PL
n ERG
n PL
n
v IMPF
prt
v IMPF
dem
pro DAT
pro
pro
dem
n OBL DAT
n PL
v FUT
n OBL GEN
dem
pro MSD
n PL
v ENT
v PROH
proform
dem
adv
adv AND;FOCUS
pro GEN
dem
v ENT
n PL
prep TILL
cardnum
pers
v ENT
n IN ESS
interrog
n
v AOR
n OBL DAT
n PL AND;FOCUS
n
prep
n OBL DAT
n
proform AND;FOCUS
interrog
v AOR
pro DAT
v ENT
n
n
n PL ERG
cop PST SBST TEMP PST AND;FOCUS
v ENT
v ENT
@@@ PST
adj
n
cardnum
n ERG
dem
v ENT
num
n OBL DAT
interrog
n
v AOC
n
n PL IN ESS
adj
n OBL DAT AND;FOCUS
n
v AOP COND
n IN ESS
v AOP TEMP
pro
n
pro
interrog ERG GEN
pro DAT
v ENT
n OBL GEN
n OBL SB EL
adv
n
v
adv
v FUT
v ENT
cop NEG EL
prep
pro
coordconn
dem PST
adv
v AOR
n
pro
adv
n
v ENT
adv
n
n PL
v AOR
v HORT
n PL
n DAT
pers
pro
@@@ DAT
n PL
adj
pro DAT
proform
pro
n
n
pro
adj
v IMPF
cardnum
n
n OBL DAT
recp ERG GEN
n
adv
adv
dem
n OBL SP EL
v AOC
n
recp ERG GEN
dem
n DAT
pers
pro
cardnum
cardnum
pro
n
pro OBL GEN
n
cardnum
dem
pro
n
@@@ DIDN'T.GET.NEG.SBST SBST
interrog
v IMC
n OBL GEN
IMPV
n PL
v AOR
adj
nprop DIR GEN
v MSD
v IMPF NEG
cardnum
v IMPF
v PERF
n AND;FOCUS
pers
n OBL DAT
n
pers
n PL
n OBL AD ESS
v IMC
n
post
pers AND;FOCUS
Vocpart
n
v ENT
@@@ PST
IMPV
pers
n PL
adv
pro GEN
adv AND;FOCUS
n OBL DAT
prep AND;FOCUS
interrog
pro
pro DAT
interrog
n
num
dem
n OBL SP EL
dem
@@@ NEG INF
n
pro DAT
n
dem
n IN ESS
n
n
pro
pro
nprop OBL GEN
pro
n PL
adv AND;FOCUS
n
n
pro
n OBL GEN
v AOP TEMP
@@@ INF
prt
v GO.DOWN AOR
adj
v FUT
n
n OBL GEN
n PL
v ENT
pro AND;FOCUS
pro
n
n
poss
dem
v FUT
v ENT
pro PL
adv
interrog
adj
n OBL SP ESS
n
v AOC
n OBL GEN
@@@ AND;FOCUS
@@@
n PL AND;FOCUS
cop
n
pro DAT AND;FOCUS
v IMPF Q
n
v AOR
v IMPF
n
adv
v ENT
n OBL DAT
cop NEG
v AOR
n
pers AND;FOCUS
coordconn
cardnum
n OBL DAT
pro ABS
n IN ESS
n
adv A.LITTLE
pers
@@@ AOR
n OBL GEN
dem
n PL OBL AD ESS
adv
v IMPF
cop
@@@
dem
pro
n
v ENT
adv
v FUT
n
adv
pers
adv
pro
poss
nprop
n IN EL
n OBL DAT
v AOC
v IMPF PTCP
cardnum
v ENT
dem
pro
cardnum
n
coordconn
@@@ COME.DOWN
pro PL
n OBL DAT
cop
nprop PL
adv
n
n
v IMC
n
pro
n OBL PT ESS
cop
n OBL AD ESS
n IN ESS
v IMPF PTCP
cop
pro
v ENT
@@@ AOR
pro GEN
adj
n OBL DAT
v AOC
v ENT
dem
n
v PERF
adj
n IN EL
v AOR
pro
v AOC
pro
n PL AND;FOCUS
n
num
n OBL GEN
v AOR
dem
prt
v AOC
dem
v AOC
pro
n
pers
pro
cardnum
prt
n
coordconn
prt
n
n PL
v
adv
pro
dem
n
pro
pers ERG
n
dem
adv
v PL
prt
n IN ESS
interj
interrog
n OBL SP ESS
v AOC
pro NEG
v ENT
n
adj
v AOC
dem
v AOR
post
v AOR
n PL
cardnum
n PL
n SB EL
v IN
n
post
n OBL SP ESS
n IN ESS
adv
n OBL GEN
v FUT
n PL OBL GEN
n PL
n OBL DAT AND;FOCUS
pro
dem
@@@ WANTED PERF PST SBST
n IN SP ESS
dem
adv
n GEN
adv
n
dem
n AND;FOCUS
v ENT
n OBL DAT AND;FOCUS
adv THIS.NIGHT DAT
n OBL GEN
prt ANYWAY
dem
v ENT
pro
@@@
recp ERG GEN
n PL
poss ERG GEN
cop COND
pro
prt
pro
prt
n OBL SP ESS
v ENT
dem
adv
n OBL GEN
pro
dem
n PL ERG
v AOC
adv
@@@ AND;FOCUS
v ENT
pro
dem
v AOC
n OBL GEN
v IMPF
prt TEMP
cardnum
@@@
n OBL DAT
n PL
@@@
coordconn
prt
n OBL GEN
poss
dem
adj
@@@ PST SBST
v AOR
n
adv
n OBL DAT
cardnum
dem
n
dem
v FUT
v PERF
n
n
n AND;FOCUS
v IMPF
prep AND;FOCUS
n OBL GEN
adj
prt
n OBL SP ESS
adv A.LITTLE
dem
n OBL GEN
n
v FUT
v ENT
adv
interrog
n OBL DAT
n
nprop
n PL
pro AND;FOCUS
v ENT
n PL AND;FOCUS
adv
@@@
n
v ENT
pro
post DAT
v GEN
dem
adj
pro
cop
adj
n DAT
pro DAT
poss
emph ERG GEN
adj
v AOC
cop
pro ERG
adj
dem
prt
v AOR
n PL OBL DAT
adv
v IMPF
n OBL GEN
n
n ERG
pers
n OBL SB EL
@@@
v AOC
n
pro
@@@ ERG GEN
n
pers
@@@ AOR
n IN EL
v IMPF
n
n OBL DAT
n PL
v
n
cardnum
subordconn
v ENT
n DAT
n
n
n ERG AND;FOCUS
n
adv
v AOC
pro
dem
pro
n
coordconn
pro
n OBL DAT AND;FOCUS
dem
n
adj ERG
pro
n GEN
n OBL GEN
pro DAT
cardnum
v ENT
dem
v AOR NEG
n
dem
cardnum
pro
n
n
prt DAT
dem
pro DAT
n OBL GEN
pro DAT
n NESS
n PL
v ENT
prt
pers
dem PST
n OBL DAT
n PL
pro
n PL
n OBL SP ESS
pers AND;FOCUS
v ENT
adj
adv
adj
n
v ENT
cardnum
v AOR
v AOP TEMP
n IN ESS
cardnum
n
n OBL DAT
adj
dem
recp ERG GEN
recp ERG GEN
n AND;FOCUS
pro
n
n PL IN SP ESS
prt
n
pers
adv
v ENT
cop
pro
n ERG
n ERG
pro GEN AND;FOCUS
pro ERG
coordconn
nprop
v FUT PTCP
n
n
n
pro
v AOR
pro DAT
n PL
dem
n IN ESS
n AND;FOCUS
coordconn
pro
n PL
adv
adj
cardnum
v AOC
n
n ERG
cop
dem
n PL OBL GEN
pro DAT
cardnum
coordconn
v AOC
n
cardnum
interrog
interrog
n PL AND;FOCUS
n OBL AD EL
v IMPF
subordconn
v AOR
v AOR
n PL
pro
v AOC
cardnum
n ERG
@@@
n OBL SP ESS
pro DAT
pro
@@@
@@@ PST SBST
prt PST DIR
n AD ESS
adv
adv
poss ERG GEN
v HORT
n OBL PT ESS
n PL
v INF
adj
prt
dem
v HORT
v ENT
n
pers
n AND;FOCUS
n AND;FOCUS
n OBL DAT
v ENT
coordconn
interrog ERG DAT
n
n PL
adv
adv
pro PL
n
v IMPF
v ENT
n AND;FOCUS
v IMPF
adv
n
@@@
pro
v AOR
pro GEN
interrog
n OBL DAT
pro DAT
n PL
n
dem PST
v IMPF PTCP
adv
n DAT
n OBL GEN
n IN ESS
v ENT
n
n
v PERF
nprop
pro
v AOR
v ENT
adj
v AOC
n
subordconn
v AOR
v ENT
n PL
n
adv
nprop
n OBL GEN
n
cardnum
v ENT
cop PERF
adv
pers DAT
n AND;FOCUS
v AOC
v IMC
n
n
n AND;FOCUS
cop
cardnum
dem
n OBL DAT AND;FOCUS
dem
cop COND AND;FOCUS
adj
adj
interrog
n OBL GEN
v AOC
adv
cardnum
n OBL AD ESS
n
n
nprop
pro
v AOC
adj
pers
pro DAT
n IN ESS
v AOR
n
n
dem
v ENT
n
n
adv
adv
n OBL SP EL
adv DAT
adv
n PL
v ENT
v AOC
n
adv
n
n SP EL
v ENT
pro
n IN ESS
adv
n
@@@
adj
n PL
v AOP AOP
nprop
n AND;FOCUS
n PL OBL GEN
@@@
v ENT
n ERG
pro
dem
pro
n
n ERG AND;FOCUS
v AOP AOP
n OBL DAT
n OBL GEN
v AOR
pro
n OBL DAT
adj
proform AND;FOCUS
n
@@@
n PL
nprop
v ENT
n OBL DAT
@@@ PST
n OBL GEN
n
cardnum
adv
n OBL DAT
adv
v AOR
adv
n AND;FOCUS
pro
adv
prt
n DAT
interrog
pers
poss ERG GEN
v HORT
subordconn
n OBL GEN
n PL EL
adv
n
pro ERG
v AOR
adv
n
n
@@@
v AOC
n
prt
n OBL DAT
n OBL SP ESS
nprop
subordconn
n PL
n AND;FOCUS
v AOR
pro AND;FOCUS
n PL OBL AD ESS AND;FOCUS
adv
prt
v ENT
n
v AOP TEMP
n OBL PT ESS
v FUT
n
cardnum
pers
adj
v ENT
adv
v AOR NEG
n IN ESS
n
v FUT NEG
poss
pro
pro
n OBL GEN
@@@
v ENT
adv
pro DAT DIR
pro
n
n
v IMPF
pro
pro
n
interrog
dem
n
@@@ OBL DAT
adv
nprop ERG DAT
n
coordconn
n
adj
pro ERG
recp OBL GEN
coordconn
dem
@@@
v AOP COND
poss
interrog HORT
adj
adv PL DAT
v AOC
coordconn
n
v AOR
n PL OBL SP ESS
v INF
cardnum
v FUT PTCP PURP
pers
v AOC
pro
prt
dem
v AOC
v AOR
v AOR
interj
v ENT
n PL OBL DAT
v IMPF
n PL
n
pro DAT
adv
cop NEG
v ENT
v AOC
pers
adv
pers
v IMC
adj
adj
n ERG DAT
pro DAT
n OBL DAT
cop
interrog ERG DAT
pro DAT
@@@ PL ERG GEN
coordconn
pro
adv
interrog
adj
n
v AOC
adv
n SP EL
v AOC
v HORT
adj
prt
n
proform
n IN SP ESS
adv
subordconn
pro PL
n
pro
adv PST
n
cardnum
v AOR
v AOC
n
@@@
interrog
v AOC
v AOC
dem
n
cardnum
pers
n
coordconn
pro DAT
n
n PL
v AOC
prt COND
@@@
v AOR
v AOR NEG
cardnum
v ENT
n
poss
v AOP COND
cardnum
n
n OBL DAT
n
v ENT
cardnum
n
v ENT
pro DAT
v INF
pro
dem
v ENT
v OPT
n AOR
n
@@@ AOR
n GEN ERG DAT
pro PL
v AOR
pro
n
adj
n
v AOR
dem
n
v INF
n OBL DAT AND;FOCUS
n IN ESS AND;FOCUS
dem
n
v PROH
n OBL DAT
n
pro
v AOP COND
n
v IMPF
pro
n
v INF
pers
adv
v AOP COND
dem
n
adv
v
n IN EL
cop
adv DAT
n
v AOC
nprop GEN
pro
v ENT
n AND;FOCUS
adj
dem
v AOC
n PL OBL DAT
v ENT
adj ERG
n
n
v AOP COND
adj
adj
n
n AND;FOCUS
@@@ ENT
v AOR
n
n GEN
n OBL GEN
@@@
adv
prt
n PL OBL GEN
v AOR
n AND;FOCUS
n
cardnum
n IN SP ESS
n PL
cardnum
prt
subordconn DAT
v ENT
nprop
cardnum
pro DAT
v AOR
adv
n AND;FOCUS
n
cardnum
n
emph ERG GEN
n
adj
pers
pro
n PL
num ERG DAT
n IN ESS
prep
dem
dem
pro DAT
n OBL DAT
cardnum
dem
n
n OBL SB EL
adv
n AND;FOCUS
cop NEG
dem
n
n OBL AND;FOCUS
n
n
pro
subordconn
v AOC
n OBL SP ESS
cop
n OBL DAT
adv
n OBL DAT
pers
adv
adj
n
n PL OBL SP ESS
v AOC
@@@ PST
adj
n IN EL
n OBL GEN
adj
pro
poss
adj ERG
v IMPF
n OBL GEN
pro
prt COND
dem
cardnum
pro DAT
n
dem
pro DAT
v ENT
@@@
v ENT
n
v AOC
adj
v ENT
n
n OBL GEN
pers
n AND;FOCUS
@@@ PST SBST
cop
v AOR
IMPV
n IN ESS
post
v AOC
adv AND;FOCUS
n OBL GEN
n
@@@ PST
dem
pro
IMPV
v ENT
prt
v ENT
num
v
n IN EL
adv
n
n
n
pro
n OBL DAT
prt
dem
pro
cardnum
v PERF PTCP
v HORT
subordconn
v AOC
v AOR
cardnum
interrog
cardnum
dem
n
adj
v ENT
n
n ERG
pro
v INF
poss GEN
dem
n
v ENT
n PL AND;FOCUS
v AOR
adv
cardnum
cop
pers
n
prt
n
n OBL DAT
@@@
n PL
cardnum
interrog
cop NEG
dem
n AND;FOCUS
v IMPF
v AOR AOR
prt
n
adv
interrog
pro
cop
n
num
v
pers
v ENT
n
prt
pro
n
pro
n ERG
pro DAT AND;FOCUS
pro
pers
cop PERF
n
n OBL DAT
v FUT
n OBL GEN
n
n
pro
@@@ PERF PST
pro
n
dem
v AOC
adv
adj
dem
n
n OBL GEN
cardnum
pro AND;FOCUS
cardnum
n OBL DAT
n PURP
@@@ THIS
dem
n
nprop
v MSD
n
n
prep DAT
nprop
interrog
@@@ TO.GIVE
n PL
cardnum
dem
v HORT
n
cop AND;FOCUS
pro
v ENT
nprop DIR DAT
adv GEN
n
v PERF
post DAT
cardnum
v ENT
n
pro DAT
v FUT PTCP
n OBL SB ESS
n OBL SP DIR
n OBL SP ESS
cop
n OBL SP ESS
v AOR
n OBL SP EL
v FUT
v AOC
cardnum
adv
n OBL SP ESS
n OBL DAT AND;FOCUS
cardnum
adj
adv
cardnum
n
n
n PL
n OBL GEN
n OBL DAT
prep
n
indfpro
n IN ESS
adv
v AOR
pro DAT
n
pers
n OBL SB EL
adj
pro
pro
n
n
pers
n
n PL
dem
post
n OBL AD ESS
adv
n OBL DAT
pro
n PL
v HORT
v AOR
dem PST
n OBL GEN
dem PST
n PL
v IMPF
dem
v AOR
@@@ AOR
dem
n
n PL
dem ERG DAT
adj ERG
Vocpart
v AOC
v ENT
@@@ PST DIR
n OBL GEN
dem
n
n PL OBL DAT
cardnum
dem PST
pers
@@@ LIKE.WOULD.BE
n OBL DAT
cardnum
n AND;FOCUS
coordconn
v ENT
n
n
adv
n DIR GEN
prt
@@@
pro PL
cop
cardnum
v EL PURP
n
dem
adv
dem
adv
adv
v ENT
v AOR
n OBL SP ESS
v AOR
pro
v ENT
cardnum
n OBL GEN
n
cop
pro DAT
n OBL SP ESS AND;FOCUS
cardnum
adv
v ENT
pers
v AOC
n
pro
pers
n
n OBL DAT
adv
n ERG AND;FOCUS
n AND;FOCUS
adj
v ENT
n
cop PERF
n
pro
dem
pro PST
n
pro DAT
n
v ENT
pers
dem
cardnum
poss
pro
n
adv
v
cardnum
cardnum
post
v ENT
v ENT
n PL
v ENT
n PL
v AOR
n PL ERG
v ENT
adv
n OBL DAT AND;FOCUS
dem DAT
adv
@@@ PST
cop PERF
n OBL GEN
proform AND;FOCUS
pro
v FUT COND
v ENT
prt
subordconn
subordconn
n OBL DAT
nprop
recp ERG GEN
prt
n
@@@
dem
n
v AOC
adj
pro
interj
n OBL AD ESS
n PL
adv
n OBL SP ESS
pro
n PL
pro AND;FOCUS
v INF
n OBL GEN
pers AND;FOCUS
n PL
dem
adj
@@@
pro ABS
adj
@@@
recp ERG GEN
pro DAT
dem
v AOR
cardnum
n
@@@
n
conn
pers
adj ERG
n OBL GEN
n
dem
pro DAT
pro
n PL AND;FOCUS
dem
v ENT
pers
n OBL GEN
cardnum
n PL
n IN EL
v ENT
v PROH
@@@ IN ESS
n
n IN EL
poss ERG GEN
v ENT
dem
n
adv
pers
prt
v ENT
pro
prep
n PL
n OBL SP ESS
cop PERF
adj
recp DAT
n ERG
v
pro
cop
v AOR
adv
n
n IN EL
v FUT
v ENT
@@@
pro
n PL
adj
adj
cop
pro
v ENT
v FUT
n ERG AND;FOCUS
v IMPF
prt
v IMPF
@@@ PST
n
n OBL SP ESS
pro
adv
nprop ERG GEN
v AOC
n PL
n
v AOC
n PL
pro PL
v AOR
cop INF
n
pro
cop PERF
adv
v ENT
n OBL DAT AND;FOCUS
n
dem
n
cardnum
n AND;FOCUS
pro
v ENT
n OBL SP ESS
v IMPF
v
v AOC
cardnum
n
n OBL SP ESS AND;FOCUS
pro
n PL
interrog
pro GEN
n
n
v ENT
adv
v ENT
@@@
n PL
num
n
v ENT
dem
v AOC
adv
v ENT
adv
n .NESS OBL SP DIR
@@@
num
v ENT
n
n
interrog
n ERG
n
cop
n OBL DAT
v ENT
n OBL SP EL
adv AND;FOCUS
cop COND
pro DAT
prt
pro
n
pro
pro
n
cardnum
adj
n IN ESS
dem
v
cop COND
v ENT
n OBL DAT
n PL
cop
pro DAT
v ENT
cardnum
dem
dem AND;FOCUS
pro AND;FOCUS
n GEN
@@@ PST TEMP
prep
n
n IN ESS
adj
dem
pers
n
pro
num
n PL
n PL
v AOC
cop
v IMPF
v AOR
dem
pro
@@@
n
pro PL
n
num
cardnum
prt
n PL
num
v FUT PTCP TEMP
n OBL SP ESS
v
n
v AOC
prt
dem
n
pro
pro DAT
@@@
v ENT
v
nprop
v HORT
adv
v NEG PERF PTCP
v AOC
n
dem
adv INF INF
pro
adv
coordconn
dem
adv
v ENT
dem
n
dem
n
n
n
v HORT
n OBL DAT
adj
n
adv
v AOR
pro
n
pro
v
n
adj
cardnum
pro
n
pro
cardnum
@@@
adj
n
cop COND
v ENT
v AOC
pro
n OBL GEN
v AOC
dem
pro
pro
adv AND;FOCUS
v INF
n
@@@ AOR
dem
v ENT
coordconn
n
v AOR
dem
v AOC
adv
v AOC
v ENT
n OBL DAT
@@@ PST TEMP
v IMPF
adj
n
n
dem
adj
v PERF PST
n
@@@
v AOC
v IMC
dem
n
n
pro
n
n
@@@
n
v AOR
cardnum
v AOP COND
n OBL DAT
n OBL DAT
subordconn
n
cop
dem
n OBL PT ESS
n
dem
@@@ COND
cardnum
n PL OBL DAT
n PL AND;FOCUS
cardnum
@@@ PST SBST
dem
coordconn THERFORE
prt
v AOR
v ENT
pro
cardnum
v INF
prt
pro AND;FOCUS
v ENT
n OBL GEN
adv
pro DAT
prt
dem
n
prt
n OBL GEN
n
subordconn
@@@ DAT
v ENT
n AND;FOCUS
n
pro
v AOR
n
dem
v AOC
dem
cardnum
n
v AOC
v ENT
@@@
n OBL DAT AND;FOCUS
v ENT
dem
pro
n OBL SP ESS
prt
v AOC
nprop
pro
v
v ENT
n IN ESS
pro GEN
cardnum
n OBL GEN
adj
adj
cardnum
n ERG
v INF
n ERG
pro
v AOR
dem
@@@
v ENT
dem
n OBL GEN
n
v AOR
v AOC
pro
dem
pro
pers
pro
adv
n
v ENT
n IN ESS
pers
n ERG
adj
n IN ESS
pro
v IMPF
n IN ESS AND;FOCUS
adv
pro
n
n
prt
dem
adv
n
pers
cardnum
interrog
pro
v FUT
n OBL GEN
adj
v AOR
@@@
n AND;FOCUS
v FUT NEG AND;FOCUS
dem
dem DAT
v AOR
proform
n IN ESS
n OBL SP ESS
interrog
adv
cardnum
v FUT
n
v IMPF
n
n PL
dem
@@@
adj
nprop ERG GEN
cardnum
adv
cardnum
v ENT
adj
n
recp
n
v ENT
v AOR
subordconn
n OBL GEN
n OBL AD ESS
n OBL GEN
n PL
v AOC
adv
pro
n SP ESS
n
v AOC
pro
det
v ENT
n GEN ERG GEN
n
v AOC
cardnum
adv
v AOC
interrog
recp ERG GEN
cop SBST NEG
n
n OBL ESS
adj
n PL
adj
n OBL GEN
n
n AND;FOCUS
v PERF PST
n AND;FOCUS
v AOR NEG
cop
v IMPF
dem
prt
@@@
prep
pers
prt
@@@ NEG
n
dem
n
n IN ESS
prt
interrog
n
pers
n
adj
v AOC
n ERG
proform
adv
n
prt
v PERF
n
n IN ESS
@@@
adj
post
cardnum
n
n PURP
v ENT
v IMPF
adj
v ENT
n
adv
n
dem
dem
poss
adv
num
pro
n
dem
pro
adv
v FUT
pro
dem
pro
pro
n ERG
v IMPF PST
num
poss
cop
dem
v PROH
n OBL SP ESS
pro
v ENT
pro
n AND;FOCUS
pers
adj ERG
n
v AOR
pro
adv
dem
n
prep
v AOC
n
v AOC
prep
n
coordconn
v IMPF
v IMPF
n
cop
n OBL SP ESS
v NEG IMC
v PERF
prt
n
cardnum
interj
subordconn
det DAT AND;FOCUS
n IN ESS AND;FOCUS
n
prt
n OBL DAT
v AOR
n AND;FOCUS
v HORT
n OBL DAT
coordconn
n
pro
dem
n OBL SB EL
v IMPF
prt
n AND;FOCUS
prep
pro DAT
v AOC
n OBL PT DIR
adv
adv
v AOC
n OBL DAT AND;FOCUS
v PERF
v ENT
pers
adv
pro DAT
v PERF
n PL
adv
pro
n OBL DAT
n ERG
n AND;FOCUS
pro DAT
cop SBST TEMP PST
v AOR
v IMPF
n DAT
n PL AND;FOCUS
cardnum
v ENT
adv
dem
pro
n OBL GEN
n
prt
adv
n OBL GEN
interj
dem
cop
dem
n ERG
subordconn
adj
pro
interrog
n
prt
dem
@@@
subordconn
n PL AND;FOCUS
n
n
prt
v IMC
cop
prt
prep
pro DAT
pro AND;FOCUS
v AOR
n PL OBL AD ESS
n OBL GEN
dem
cardnum
cardnum
n IN ESS
n
dem
cardnum
v AOC
v HORT
n OBL DAT
adj
interrog
v ENT
v AOR
subordconn
v ENT
n
n IN ESS
pro
@@@
pers AND;FOCUS
dem
adj
v ENT
v ENT
adv
num
v AOP
prt
nprop
coordconn
n
n OBL GEN
num
n DAT
n
v IMPF
dem
cardnum
n
adj
n OBL GEN
n OBL ESS
pro PL
n
dem
@@@
v ENT
n
v AOC
pers ERG GEN
n
v IN
n OBL SP ESS
adv
pers
v AOC
n PL
prt
n PL
nprop
poss ERG GEN
subordconn
pro
n OBL GEN
pro
dem
n
v PERF
n
adv
v IMPF Q
v AOC
cardnum
adv
interj
n
v AOC
n
adj
pers
v IMPF
interrog ERG GEN
subordconn
n
n
nprop
pro
n PL OBL GEN
pro DAT AND;FOCUS
adv
n IN EL
pro
v ENT
n
v AOR
n AND;FOCUS
n OBL GEN
pro
n
n
n
cardnum
@@@ AOR
n
n
dem
cop NEG
n
n PL
n OBL PT ESS
n AOP OBL SP EL
v AOR
coordconn
adv
v NEG OPT
pro GEN
pro
n
v AOR
pro
cardnum
adv
prt
dem
n OBL DAT
v ENT
n
adv
pro DAT
recp
n
v AOR
n ERG
v ENT
nprop
v ENT
nprop
v
n
adv
n OBL SP EL
n OBL SP ESS
n OBL SP ESS
v IMPF NEG
n
dem
prt
pers
n PL ERG GEN
v AOR
pro
n
adv
v AOC
n
n PL
n
adj
@@@ PST
subordconn DAT
pro
n
dem
v AOC
n OBL GEN
adv
@@@
dem PST
n PL
n PL OBL SP ESS
@@@
pers
nprop OBL DAT
adv AND;FOCUS
v AOC
v AOC
n AND;FOCUS
n IN ESS AND;FOCUS
adv
n OBL DAT
v ENT
dem
n PL ERG
prt
coordconn THERFORE
adv
n
coordconn
n AND;FOCUS
v AOR
n AND;FOCUS
adj
coordconn
adv
@@@ INF
v INF
dem
pro
num
n
n IN EL
pro DAT
v AOC
@@@ PST
dem
@@@
n IN ESS
pers ERG DAT
adj
n
v AOP COND
n MSD OBL SB EL
nprop ERG DAT
prt
coordconn
cardnum
n
dem
adj
adv
cardnum
n
n PL
num
adv
coordconn
n
n OBL SP ESS
n
dem
cop
n PL
n IN EL
adv
n OBL GEN
n IN ESS
n
n
n OBL DAT
recp ERG GEN
n PL AND;FOCUS
nprop DIR DAT
@@@
coordconn
n PL
n ERG
adv
pro DAT
v PERF
adj DIR
v INF
post
v IMPF
cop
adv
@@@ PROH
pro
n
v
pro
v AOC
n ERG
v AOP SBST
n
pro
cardnum
pers AND;FOCUS
n PT ESS
v AOC
v AOC
v IMPF
dem
v AOR
n
adj
dem
adv
cardnum
cop
v
v AOR
n
pro
recp ERG GEN
cardnum
pro DAT
n IN EL
n GEN
pro
v ENT
n
@@@
n
n OBL DAT
n OBL GEN
v ENT
pro
n OBL DAT
adv
n AND;FOCUS
n PL AND;FOCUS
v ENT PST
v ENT PTCP
n OBL DAT
pers
adv
n
v ENT
n OBL GEN
n
poss
v ENT
n OBL GEN
@@@ NEG
pro DAT
pro
@@@ DIDN'T.GET.NEG.SBST SBST
dem
n
n
n
pro
v ENT
pro
n PL
pro
adv
dem
@@@
coordconn
v IMPF
n
pro
n IN ESS
n PL OBL SB EL
v AOC
coordconn
n ERG AND;FOCUS
@@@
v ENT
@@@ NEG
pro
pers AND;FOCUS
n SP ESS
det AND;FOCUS
v AOR
n
v ENT
cardnum
adj
pro PL
prt
n
pro GEN
n
v FUT
n OBL GEN
v PERF NEG
cardnum
n
n IN ESS
n
nprop
v ENT
n OBL DAT AND;FOCUS
dem
v ENT
v
n OBL DAT
dem
adv
prt
v NEG IMC
post
dem
v AOR
prt PST DIR
pro
pro
n ESS
v AOC
n
@@@ AOR
v IMPF
dem
@@@
n OBL SP ESS
pro DAT
n OBL GEN
n OBL DAT
post
adj
dem
cop PERF
v INF
dem
adj
recp
dem
dem
v ENT
n OBL PT ESS
adj DIR DAT
cardnum
cardnum
v AOR
cardnum
pers
prt
v AOR NEG
adv
n OBL SP ESS
adv
pro DAT
n
prep
cop
n DIR DAT
n
n
cardnum
v ENT
pro
v ENT
dem
adv
n OBL AD ESS
prt
prt
n ERG
dem
pro
v AOR
v ENT
cardnum
@@@
n
pro
n PL
pers
@@@
n DAT
n
n
prt
v IMPF
pro
coordconn
cardnum
pro DAT
pro
v IMPF PST
n NESS
n PL
cop
pro PL
adj
dem
n OBL DAT
adv
adv
cop
n PL
n
adj
poss
dem
pers AND;FOCUS
adv
cardnum
n
v PERF COND
dem
n
@@@
cop INF
cop
pro
v FUT PTCP TEMP
n
@@@ IN ESS
pro
n OBL GEN
n
n IN ESS
v ENT
v ENT
cop
v ENT
n
num
dem
n OBL SP ESS
adv
pro
subordconn
post
v IMC
v AOP TEMP
interrog
n PL
v HORT
adj
nprop
recp DAT
@@@ REACHED.ENT
v AOR
v IMPF
pro ERG
v AOC
poss
cardnum
pro DAT
v ENT
n
n
cardnum
n
subordconn
prt
v PERF
adj
dem
dem
cop NEG
n
poss
prt
n IN ESS
adj
@@@ AOR
adv
pro
adj
pro ERG AND;FOCUS
n
v ENT
cop
v AOR
proform
adv
n
v ENT
n
v AOR AOR
v IMPF
n ERG DAT
pers
n
pro DAT
dem
n IN ESS
pro DAT
adj
pers
v ENT
n
v HORT
n OBL DAT
v AOR
nprop
v ENT
n OBL GEN
n IN ESS
n OBL DAT
num
n
@@@
num
interrog
n PL
dem
dem
nprop DIR GEN
v IMC
pro
n
pro
adv
v AOR
cop PERF COND
pro
cardnum
n PURP
pers AND;FOCUS
cardnum
adj DIR
dem
pro DAT
prt
@@@ AOR
@@@
n OBL GEN
nprop ERG DAT
dem
dem
subordconn
n
cardnum
pro DAT
v ENT
v AOR
n ERG AND;FOCUS
@@@ ERG AND;FOCUS
@@@ INF
subordconn
n
n
pers
n PL
pro
adj
v INF
v
n
pro
n
pers
poss
v AOC
adj
pro
adv
pers AND;FOCUS
n
prt
adv
pro DAT
n OBL GEN
num
v IN
pro
n
@@@ SBST
n
v ENT
cardnum
v AOC
adj
@@@ AOR
cop
n
n
pro DAT
n AD ESS
pro
v IMPF
n
v AOC
subordconn
prt
n OBL DAT
n OBL GEN
n OBL GEN
n ERG
v AOC
cop
v AOR
n OBL DAT
pro
coordconn
n
@@@
v IMPF
pro
n PL
n OBL GEN
adv
n PL
coordconn
@@@ THIS
n OBL GEN
pro
n OBL PT EL
v FUT
adj
dem
dem
pro
dem
n SP EL
v IMPF
n OBL DAT
pro
n OBL DAT
cardnum
@@@
interj
cardnum
n AND;FOCUS
n
cardnum
n
cardnum
v PERF
cop
n OBL GEN
v IMPF PTCP
pro
n
v ENT
n
pers
cardnum
n
pers
adv
v INF
pro
interj
dem
n SP EL
pro
proform
n ERG
v AOR
coordconn
nprop
prt
n
dem
dem
n OBL DAT
@@@ DIED OBL DAT
n
adv
pro PST
v ENT
interj
n DAT
n
n PL
v IMPF PTCP
n ERG
n
nprop ERG GEN
v
n AND;FOCUS
n IN ESS
pro
pers
dem
v ENT
n ERG GEN
interj
n ERG
v AOP COND
adj
v IMPF
adj
v ENT
n
n ERG DAT
pers
adv
poss
dem
cardnum
n
cardnum
dem
dem
v ENT
n OBL GEN
cardnum
pro AND;FOCUS
adv
v ENT
prt
adj
v AOR
v AOR
n
n OBL GEN
poss ERG GEN
v AOR
adv
v AOC
pro DAT
n OBL GEN
v ENT
dem
n PL
pro
proform
pro
n ERG
n
n
v AOC
post DAT
dem
v PST
n
n AND;FOCUS
n PL
n PL
pers
adv
pro
v ENT
n ERG DAT
prt
pers AND;FOCUS
cop PERF
n AND;FOCUS
n OBL GEN
v IMPF
v IMPF PTCP
pers
n
pro
n OBL GEN
adv
adv
cardnum
n IN ESS
pro DAT
v AOC
dem
pro
subordconn
v AOC
n
v FUT
pro DAT
adj
interj
n PL
pro DAT
v AOR
dem
v AOR
n OBL GEN
n OBL DAT
adj
adv
nprop
n IN ESS
n
adv
v ENT
pers
v ENT
pro
@@@
pro GEN
n
n OBL SP ESS
n PL
@@@
n OBL GEN
dem PST
v AOC
n GEN
n
pro OBL GEN
n
n OBL DAT
dem
dem
pro
n
v ENT
num
n PL
v AOR
n ERG AND;FOCUS
pers
cop
n OBL DAT
cardnum
conn
@@@
adv
cop
dem
n
n ERG
n PL
cop
n
n
pro
v HORT
adj
cardnum
@@@ AOC
v IMPF PTCP
dem
cop IMMANT
n
nprop OBL GEN
pro DAT
n AND;FOCUS
n OBL DAT
n PL ERG
pro AND;FOCUS
n
dem
adj
n
pro GEN
num
num
interrog ERG DAT
v FUT PST
adv
subordconn
@@@
@@@
adv
poss
cop
n
v AOR
v IMPF
n GEN
n
n
cop
post
v IMPF PTCP
n ERG
v PROH
pro
v ENT
pro
dem
num DAT
@@@ AND;FOCUS
v AOC
n PL OBL PT ESS
dem
n OBL GEN
@@@
cardnum
@@@
n IN ESS
n
coordconn
adv
v ENT
n
dem
n
n DIR DAT
v IMPF
@@@ AOR
v AOC
num
v AOP COND
v IMPF
prt
v PERF
v AOR
cardnum
n OBL GEN
n AND;FOCUS
pro
pers
n
adj
adj
@@@ MSD DAT
n
num
cop NEG
dem
n IN ESS
n OBL SP EL
n
n OBL SP ESS
n
num
prt
n OBL GEN
n
n
adv
pro
n
n IN ESS
v AOR
num
v AOR
n
v PERF
cardnum
n ERG
pro
dem
cop
n
pers GEN
adv
v ENT
n
pro ERG
n AND;FOCUS
n OBL GEN
dem
dem EL
n
adv
n
cardnum
dem
adj
v IMPF
n
n OBL DAT
v AOR
v PERF
v ENT
n
n
cop
dem
interrog
pro DAT
pro
dem
n
n AND;FOCUS
n GEN ERG GEN
pro DAT
@@@
dem
n
v IN
n
interj
pro
v IMPF PTCP
cardnum
adv
v ENT
v IMC
n IN ESS
n
n ERG
cardnum
adv
v PROH
n DAT
n
n OBL GEN
v PERF
dem
v IMPF
subordconn
n OBL GEN
v ENT
v ENT
recp ERG GEN
pro DAT
interj
v FUT
recp ERG GEN
adj
v AOR
pro
pro DAT
n
pro DAT
cop
v FUT
adv
v PERF PST
prt
n
n
@@@ PST SBST
poss
n
v PERF
recp DAT
pro
v AOC
v ENT
v IN
interrog ERG GEN
prt
cardnum
prt
n IN SP ESS
prep AND;FOCUS
nprop ERG GEN
pers
n
coordconn
num
v AOP
interrog
v AOR
pers
n PL
v NEG AOC
pers
n OBL SP ESS
cardnum
@@@ PERF PST
n IN ESS
pro DAT
adv
adv
pro DAT
@@@
adv
adj
n PL
n
v IMPF
cop PST TEMP
n AND;FOCUS
v ENT
prt
pro ABS
n
dem
n ERG
v NEG OPT
v FUT
v IMPF
dem
adv
v MSD
v
adv
v FUT
n
n OBL SP EL
n
adj
poss ERG GEN
nprop
interrog AOR COND AND;FOCUS
n
cop
n
v
pro
interrog
n OBL DAT
n
v ENT
n OBL PT ESS
n
dem
dem
n
v AOC
adv
v ENT
dem
adv
n ERG
@@@
n OBL PT ESS
pers
n
pro
cardnum
dem
v ENT
ordnum PST
n OBL PT DIR
v IMPF
pro DAT
v OPT
cop
v AOC
coordconn
v ENT
n OBL DAT
n OBL SP EL
n
adv
n OBL SP ESS
adv
cardnum
dem
pro
@@@
@@@ OBL SP ESS
v FUT AND;FOCUS
cop
v IMC
num
prt
pers
v INF
n IN ESS
pers
n OBL DAT
interrog
v AOP TEMP
v ENT
interj
n
@@@ COND
dem
pers
v AOR
post
dem
n IN ESS
v AOR
pro
dem
n AND;FOCUS
v ENT
dem
v ENT
pro AND;FOCUS
v IMPF
n
pro
v HORT
adv
pro
interrog
dem
interrog
pro
n
v PERF
n IN ESS
n IN ESS
n PL
v ENT
nprop
@@@
adj
pro
dem
prep AND;FOCUS
dem
cop
subordconn
n
n
pro
n IN ESS
adj
v INF
pro
coordconn
n
n OBL SP ESS AND;FOCUS
interrog HORT
n PL
n OBL DAT
adv
subordconn
v IMPF
adv
n PL
recp
n
n PL
prt
n OBL DAT
n
cardnum
v ENT
v AOR
pro DAT
num
dem
v FUT
pro ERG DAT
n
n PL AND;FOCUS
n ERG
interrog
nprop
dem
n AND;FOCUS
pro DAT
cardnum
v ENT
n PL
cop
v AOR
pro
n
v AOR
adv
nprop
adv
@@@
dem
n IMC
n
post
cardnum
pro
v PERF
prt
adv
prt
adj
pro
cardnum
n
n OBL DAT
v AOR
n OBL GEN
interj
n
prt
v IMPF
num DAT
prt
v ENT
cop
dem
subordconn
pro PL
v ENT
v IMPF
adv
cardnum
adv
n
pro DAT
n
n ERG AND;FOCUS
n OBL DAT
prt
ordnum SECOND
n PL OBL AD ESS
@@@ DAT
n OBL DAT
n OBL GEN
v ENT
v AOC
adv
n OBL DAT
pers
pers
dem
adv
dem
subordconn
prt
pro DAT
n PURP
v FUT
pro DAT
@@@
coordconn
v
adj
v IMPF PTCP
v AOC
pro
pro DAT
@@@
n
n
adj
n
n PL ERG
subordconn
dem
n PL
n SP ESS
adv
v ENT
n OBL DAT
cop INF
subordconn
n
v AOC
n
n IN EL
n
pro
n OBL GEN
pro DAT
pro
adv
n
n OBL GEN
n PL IN EL
adv
n IN ESS
adv
n
n OBL GEN
n
ordnum PST
n
n PL AND;FOCUS
n OBL SB EL
v IMPF
n OBL GEN
adj
poss
v
n OBL DAT
cardnum
cop
pers AND;FOCUS
v IMPF
recp
pro
v FUT
prt
adj ERG
v ENT
pro
n AND;FOCUS
v FUT
n
pro
n
v ENT
pro
cop
v AOC
cardnum
n
pro
adv
n
n
pers
adj
post AND;FOCUS
v AOR
adj
cardnum
adv
prt
n ERG
v PERF
pro
adv
prt
pro DAT
v PERF
v INF
n IN EL
v ENT
v AOC
n PL
n
post
prt
n DAT
n
n AND;FOCUS
@@@
pro DAT
n OBL GEN
pro
n
n PL
dem
subordconn DAT
cardnum
n OBL GEN
adv
v AOR
pers
n
pro DAT
v AOR
v IMPF NEG
n
dem
pro
n
dem
nprop
n PL
adv
interrog
dem
v ENT
n
cardnum
dem
n
v AOC
cardnum
cop
prt
pro
n OBL SB EL
n
v PERF
adj
v AOC
multipnum AND;FOCUS
n
n DIR DAT
n OBL DAT
n OBL AD ESS
n OBL SP ESS
nprop GEN
v INF
pro
n OBL AD EL
n
dem
prep
cop
v PST
pers
adv
n OBL AD EL
adv
coordconn
n
prt
adv
v IMPF
dem
pro
pro
n PL OBL DAT
pro
pro
n
n IN ESS
pro
v ENT
v IMPF
pro ERG
cop PERF COND
v ENT
n ERG
v ENT
n OBL GEN
@@@
n
n GEN
v AOR
@@@ ENT
pro ABS
dem
pers
pro
n PL
dem
dem
coordconn
v PERF
v AOR
pro
cardnum
n
coordconn
n
n OBL DAT
n
@@@ PST
n
pro DAT
prt
n IN ESS
n
v IMPF
adj
n PL
n
n OBL DAT
dem
n
v AOR
coordconn
adv
dem
@@@
adv
n
v AOC
n AND;FOCUS
prt
pro
n
subordconn DAT
v AOC
dem
@@@ DAT
coordconn
adv
adv
dem
n
v AOC
coordconn
v PERF
n
cardnum
n ERG
n
v ENT
adj
n IN ESS
n
adv AND;FOCUS
pro
n
@@@
v ENT
v AOC
adv
coordconn
v AOC
pro DAT
v PERF
n OBL DAT
n OBL GEN
n OBL AD ESS
dem
proform
pro
v ENT
pro
v AOR
n OBL SP EL
n
dem
v AOR
pro DAT
v AOC
pro
coordconn
n OBL SP ESS
v NEG PERF PTCP
adv
n
n
cardnum
v IMPF
pers ERG
pers
n AND;FOCUS
@@@ DAT
v IMPF
pro
v HORT
pro
n
interj
v ENT
nprop
dem
v IMPF
dem
pro
n
cop COND
n
v ENT
n
pro
v ENT
num
pro
v ENT
pro DAT
interj
subordconn
cardnum
n
n AND;FOCUS
cardnum
@@@ LIKE.WOULD.BE
n OBL AD ESS
v ENT
n
n
v PERF
v PERF
subordconn
adv
adj
prt
cardnum
dem
v ENT
n
num
@@@
adj
v AOP TEMP
n
v AOC
v ENT
n
n ERG GEN
n
n
dem
n
n
dem
pro DAT
dem
v IN
n PL OBL SB EL
prt
recp ERG GEN
n
n
n
adj
n OBL DAT
n OBL GEN
pro
n
v FUT
prt
poss
coordconn
adj
pro
cardnum
pers
v IMPF
@@@ AOC
num
pro
dem
v ENT
n PL
n ERG AND;FOCUS
n
pro
dem
n OBL SP ESS
pro DAT
pers ERG
cardnum
dem
n ERG
adj
n AND;FOCUS
n IN ESS
n .NESS OBL AD EL
nprop DIR DAT
cardnum
n
v ENT
v ENT
cardnum
n OBL SB EL
n
n
num
@@@
n
v AOC
n IMPF PTCP SBST
n ERG
pro
n PL
n
v AOR
pro
cop
v IMPF
pro
pro
pers AND;FOCUS
adv
adv
adj
v ENT
interj
coordconn
n
v AOC
prt
adj
v AOC
prt
v ENT
v PERF PST
n PL
n
pro
n
adj ERG
cardnum
adv
n AND;FOCUS
adv
n
v AOR
@@@
n PL
adj
cardnum
adv
cardnum
adj
v ENT
n OBL GEN
proform
v ENT
n
num
v AOR
n
n OBL DAT
cardnum
cardnum
adv
v AOC
nprop
coordconn
n PL
v ENT
nprop
pro
n GEN
v PROH
dem
n IN ESS
prt
adv
n
v FUT NEG
@@@ DAT
conn COND
num
v FUT NEG Q
adv
adj
dem
pro
n AND;FOCUS
proform AND;FOCUS
interrog
v ENT
pro OBL GEN
v ENT
n
n ERG
coordconn
prt
interrog
interrog
v AOR
v FUT
pro
pro
verbprt HORT
n ERG
adj
v AOR
n PL
n OBL SP EL
n DAT
pro
dem
pro
n
dem
dem DAT
n OBL GEN
pro
v PERF
dem
cardnum
dem
adj
n
n OBL SP ESS
v IMPF
dem
n
pers ERG
dem
n AND;FOCUS
n
n
v ENT
v FUT
adv
n OBL SP ESS
n AND;FOCUS
v ENT
dem
n
prt
adj
v ENT
n
dem
poss
pro
n
nprop
cardnum
pro
prt
pro
v IMPF
adv
adv
n ERG
interrog
pro ERG GEN
pro DAT
adj
n
prt
cardnum
n
n
v AOR
pro DAT
pro
pro
pro DAT
adj DIR GEN
cardnum
n
n PL OBL PT ESS
v ENT
poss
n PL
pers
n
nprop DAT
adj
@@@
adj
n
pro
@@@ NEG
pro
n
adv
v IMPF
n
n
IMPV
pro
pro
v INF
v ENT
n
v ENT
adj
n OBL GEN
n OBL DAT
pro
pro
dem
adv
n
@@@ IN ESS
n GEN
adj
v PERF COND
adv
dem
dem
@@@ AOR
n PL
dem
cardnum
v FUT
recp ERG GEN
adv
pro
prt
prt
n OBL GEN
n PL
cardnum
pro ERG
adj
subordconn
n
v INF
@@@ FRAUD DAT
pro
pro DAT
v ENT
cardnum
pers
coordconn
n
dem
v AOR NEG
adv
v AOR
n
n AND;FOCUS
num
adv
nprop
n
@@@ AOR
v PERF
v FUT
adv PST
prep
n
v PERF PTCP
dem
adv
v ENT
v ENT
n OBL GEN
n
v IMPF
v AOC
v ENT
pro
prt
cardnum
n OBL SP ESS
v HORT
adj
v INF
v AOR
n
dem
dem
n
pro
cardnum
v IMPF
n
v IMPF
poss
pers
n AND;FOCUS
n
v AOC
v ENT
n DIR
pro
v AOC
interrog
pro GEN
v ENT
n OBL GEN
pro
pro OBL GEN
pro
poss
@@@
n PL
n OBL DAT DIR
n PL
pro ERG
n
v ENT
adv
@@@ SBST
v IMPF
n PL OBL AD ESS
prt
multipnum AND;FOCUS
n
cop
pro
adj
v ENT
dem
n OBL GEN
v AOR COND
pro DAT
n PL
interj
n
n OBL GEN
adv
cop
@@@ NEG
adj
adj ERG
adj
prt
interrog DAT
subordconn
pro
n OBL GEN
pro AND;FOCUS
n NESS AND;FOCUS
coordconn
prt
v IMC
n PL OBL DAT OBL DAT
v IMPF
v ENT
prt
pro
pro DAT
cardnum
recp
coordconn
adv
n OBL GEN
n IN ESS
adj
adv
n
pers
n PL
n ERG
adv
n
poss
adj
coordconn
interrog
adv
v IMC
cardnum
nprop
adj ERG
interrog ERG GEN
n GEN
@@@ HIDE.IMPV
n
prt
n
cop AND;FOCUS
adv
pro
n PL
adj
subordconn
n
dem
interrog ERG GEN
pro AND;FOCUS
cop
n OBL DAT
n OBL GEN
n AND;FOCUS
v AOC
v IMPF PTCP
n
v AOR
adv
n OBL GEN
pro
n
v HORT
v AOP
@@@
n IN ESS
pro
pro
v AOR
v ENT
n IN ESS
v INF
n PL
prt
v IMPF
adv
n ERG
n
v AOR
n OBL SB EL
v AOC
n
n ERG
n OBL GEN
v ENT
n
adj
v AOC
n OBL SP ESS AND;FOCUS
n OBL GEN
dem
pro DAT
@@@ HEARD PERF.CONT
pers AND;FOCUS
pro AND;FOCUS
dem
v INF
dem
n OBL GEN
n ERG AND;FOCUS
n
adj
cop
v AOR
n
n AND;FOCUS
dem
num
n
pers
adj
pers
v AOR
dem
pro
prt
n AND;FOCUS
num
n IN EL
dem
dem
cardnum
n
n
n OBL SP ESS
v IMPF
v AOC
pro
@@@ INF
adj
adv
adj
n
pro
v AOC
adv
cardnum
v ENT
n
adv
n OBL DAT
adj
@@@ INF
cop PERF
@@@ AOR
v AOC
n
adv
prt
adv
v ENT
v AOR
n IN ESS
pers
n
pro
adj
interrog
nprop
cop
post
n
n IN EL
n
cop
v IMC
@@@
v AOC
dem
v ENT
cop COND
nprop
@@@
n IN ESS
n
dem
poss
adj ERG
v IMPF PTCP
cop
adj
v HORT
@@@
dem
prt
subordconn DAT
n
n PL
n PL
@@@
coordconn
dem
pro
adj
n AND;FOCUS
pro
coordconn
pro
n
n OBL DAT
n
pro DAT
v AOC
n PL
IMPV
n PL AND;FOCUS
n
cop
adj
n
adj
v AOR
n
v ENT
prt
v AOR
n OBL DAT
dem
cop
n
nprop
dem
n OBL DAT
dem
cop
n
pro
pro
n
cardnum
n IN ESS
v PERF
n
cop
v AOC
adj DIR
@@@ UNDERSTAND.AOR
adv
adv PST
@@@
subordconn
n OBL AD ESS
pro
n
conn
n
cardnum
interrog
adj
n IN ESS
adv
n OBL DAT
v IMPF
v ENT
n ERG
n
n OBL DAT
v IMPF
n PL
v PERF
n OBL GEN
n OBL SP EL
v AOR
n
n
num
v AOR
v FUT
v IMPF
v AOC
v IMPF
dem DAT
v ENT
cop
n ERG AND;FOCUS
n
cardnum
v ERG DAT
pro ERG GEN
n PL
cop
v ENT
pro
@@@
v HORT
n
v INF
pro
recp OBL GEN
v ENT
n IN ESS
poss GEN
v ENT
poss
coordconn
pers
v AOC
n
cop AND;FOCUS
dem
v ENT
@@@ NEG
n
v AOR
@@@ PERF
adv
n
prt
adj
n
n OBL DAT
coordconn
n
adj
v AOR
v AOR
Vocpart
dem
v AOR
v ENT
n
multipnum AND;FOCUS
nprop
pro ERG
pro
@@@
adv
v IMPF
cop NEG
@@@
pro
@@@
cardnum
adj
v ENT
cop
nprop ERG DAT
n OBL GEN
n ERG
n
v PROH
n ERG
pro
v ENT
@@@
n AND;FOCUS
n PL SP EL
pro DAT
v AOC
@@@ AOR
adj
n
v ENT
pro AND;FOCUS
n OBL GEN
n
pro
pro
n OBL DAT
adv
adj
n PL OBL AD ESS
cardnum
interj
n ERG
dem
n
cardnum
v ENT
n OBL SP EL
n OBL DAT AND;FOCUS
n IN ESS
adj
interrog ERG DAT
dem
pro
v AOR
n OBL GEN
pro
n OBL GEN
n PL ERG DAT
cardnum
adv
v ENT
n OBL DAT
n OBL GEN
recp ERG GEN
dem
poss
IMPV
n OBL SP ESS
v AOR
poss
coordconn
v AOR
cop PERF
v AOC
v ENT
cop
dem
dem
v ENT
n
interrog
v ENT
coordconn
dem
v IMC
cop
adv GEN
n
dem
dem
multipnum AND;FOCUS
n
n
interrog OBL DAT
adj
v AOC
n
pro
n OBL GEN
v IMPF PTCP
adj
n
n
pers AND;FOCUS
n SP ESS
v ENT
@@@
pers ERG AND;FOCUS
v AOR
cop PERF
pro DAT
v ENT
coordconn
num GEN
v AOC
n IN ESS
prt
v ENT
num
v ENT
v IMPF NEG
conn
v AOC
v ENT
dem
cop COND
num
pro DAT
cardnum
dem
v FUT PTCP
n
n OBL DAT
v ENT
pro
n OBL SP ESS
cardnum
num
v AOC
n OBL DAT
cardnum
coordconn
pro
v AOR
n
pro
prt
v
adj
v FUT
v FUT PTCP
pers
dem
n PL
n
dem
@@@ DAT
adj
pro
v ENT
n IN ESS
v IMPF
n
num
n OBL GEN
n PL
n
n
v AOC
dem
cardnum
v IMPF PTCP
cardnum
v ENT
n
pro ABS
nprop
v ENT
n PL ERG
v OPT
interj
n DIR DAT
v AOC
dem
v FUT PST
cop
n IN ESS
poss
pers
n
cardnum
n OBL DAT
pro ERG
proform
@@@
v FUT
n PL
n PL AND;FOCUS
adv
n
pro DAT
v IMPF
cardnum
v AOC
cop
n OBL GEN
adj
dem
n
v ENT
n PL OBL AD ESS
pro
adv
pro DAT
indfpro GEN
n IN EL
n
v ENT
adj
n
cardnum
n IN EL
n
v ENT
n
adv
v AOC
n
n
dem
cop AND;FOCUS
v ENT
v ENT
n IN ESS
cardnum
v ENT
cardnum
n
n SP EL
coordconn
n OBL GEN
adv
v AOR
n OBL PT ESS
n
interrog ERG GEN
n OBL DAT
n PL ESS
v IMPF
adv
dem
@@@ AOR
n OBL SP ESS AND;FOCUS
v ENT
pro GEN
pers
pro
pro
v AOC
pro
adj
n
v ENT
n
v AOR
dem
ordnum PST
prt
n
v INF
prt
n
adv
pro
v AOP COND
n
n OBL GEN
nprop
adv
v AOC
v AOR
n DAT
pro DAT
n PL
v INF
pro
n
adj
pro
adv
n
adj
n
n PL OBL GEN
n IN ESS
pro
v FUT
pro
v PERF NEG
adv
n OBL DAT
adv
n
v ENT
n
n ERG
pro
adv
adv
subordconn
adv
n
v AOR
pro
n ESS
n
pers AND;FOCUS
adv AND;FOCUS
v ENT
v FUT
n OBL GEN
pro
prt
adv
n PL
pro
dem
pro
prt
cardnum
n OBL GEN
n ERG
n OBL GEN
n
v AOR
adv A.LITTLE
adj
v AOR
n
n
prt
dem
pers
pro
n PL
dem
adv
n
n
nprop OBL DAT
n
pro
n
n IN EL
adj
pers
pers AND;FOCUS
subordconn
v ENT
pro
v AOC
v AOC
coordconn
cardnum
n OBL GEN
proform AND;FOCUS
subordconn
v PERF
pro
pro
subordconn
n
v AOR
v ENT
v ENT
v IMPF
v ENT
prt
adv
n PL
n PL
cardnum
coordconn THERFORE
v IMPF
n OBL AD ESS
n SB EL
prt
num
interrog ERG DAT
cardnum
n OBL GEN
pro GEN
n GEN
cardnum
v AOP COND
v IMPF PTCP
adv
n OBL SP ESS
v AOC
dem DAT
coordconn
dem
dem
n OBL GEN
nprop
coordconn
adv
v ENT
interj
nprop
n OBL DAT
nprop
n AND;FOCUS
v IMC
cop NEG
pro
v ENT
nprop
n
pro
IMPV
v
v FUT PTCP TEMP
subordconn
n OBL GEN
n OBL GEN
subordconn
poss ERG GEN
v FUT
n
v FUT
v ENT
dem
cardnum
v AOR
pro PL
@@@
n
n
n
n
n
n OBL DAT
n PL
n IN EL
adv
adv AND;FOCUS
n OBL SP ESS AND;FOCUS
n
n
adj
interrog
pers
n
cardnum
n PL AND;FOCUS
pro
dem
v ENT
n
dem
n DAT
dem
pro DAT
cardnum
n AND;FOCUS
v AOR
v FUT
pro
pers
n OBL GEN
n
n
v ENT
n
cardnum
pro
n
dem
adj
cardnum
prep
n
v AOR
n OBL GEN
n
v AOC
prt
adv
v AOR
dem
adj
cop OPT
n OBL DAT
interrog
v PERF PST
v IMPF NEG
dem
n
n
pro
n OBL DAT
n
n
n
n
pers
v ENT
n
n
v
pro DAT
prt
n OBL DAT
adj
n
v IMPF
pro THERFORE
dem
n IN ESS
n
cardnum
v FUT COND
n
n
pro DAT
n OBL GEN
prt
pro
n
v IMPF NEG
pro DAT
v AOR
pro
@@@ DAT
v ENT
n OBL SP ESS
v IMPF
pro
nprop PL
n ERG
pro
pers
n OBL DAT
ordnum THIRD PST
v AOR
v AOC
n
coordconn
pro
n OBL DAT
n
num
v ENT
v IMPF
v AOR
v ENT
pro
pro DAT
v AOC
pro ERG DAT
v COND
n PL OBL GEN
n AND;FOCUS
adv
num
n OBL GEN
pers
pro
n OBL DAT
n OBL DAT AND;FOCUS
cop
n
v AOC
n OBL SP ESS
cop
prep
num
cardnum
v ENT
n
nprop
proform
adv AND;FOCUS
v AOR
@@@
Vocpart
v AOR
pro
v ENT
n
v ENT
v ENT
v HORT
adj
adj
n IN
v AOR
n
num DIR DAT
n PL
n
interrog
cop
pers
n OBL SP ESS
n PL IN EL
adv
pro
nprop
n AND;FOCUS
v ENT
interj
pro DAT
adj
n OBL SP EL
n
n PL
@@@
cop
@@@
n
recp ERG GEN
interj
n
adv
v IMPF
cop
dem
pro
pro
pro
@@@ MSD
n
prep
v
num
n
pers
v IMPF
n
dem
cardnum
v
v ENT
n PL
pro
pers
n SBST INF
n SP EL
v AOC
n
num
cardnum
v INF
n NESS
v PERF NEG
n PL
dem
v ENT
n
pro PL
n OBL DAT
n OBL DAT
pro
n PL OBL DAT
adv
dem
v AOC
recp ERG GEN
@@@
v AOR
dem
pro
cardnum
dem
v AOP PURP
n DIR DAT
n
n
dem
cardnum
pro DAT
n
n IN ESS
prt
v ENT
n
prt
dem
@@@
v AOR NEG
adj
n
v ENT
n
n OBL GEN
n
prt
n
n PL
n
n PL OBL SP ESS
cop
dem
n AD ESS
pro
adj
adj
n AND;FOCUS
interrog
n OBL GEN
cardnum
pro DAT
@@@ COME.DOWN
v AOR
n
IMPV
v AOC
n PL OBL GEN AND;FOCUS
prt
adj
adj
pro
n
pro DAT
adj
adv
adj
n OBL GEN
n
@@@
pro
n PL
n ERG
nprop
pro DAT AND;FOCUS
pro DAT
num
@@@
cardnum
n OBL DAT
n
v AOC
cardnum
n
cardnum
coordconn
v ENT
n OBL GEN
v ENT
v AOC
v AOC
pro
v ENT
pro
n
n
n
cardnum
v PERF
v AOC
n AND;FOCUS
adv PST
@@@ PST TEMP
num
n OBL SP ESS
n OBL SP ESS
pro
n OBL SP ESS
v AOR
adv
v ENT
dem
pro
v AOR
n
pro
cardnum
v ENT
pro GEN
interj
adv
interrog
pro
num
n AND;FOCUS
n OBL DAT
n PL
v IMPF
pers
pers
n
n
v AOR
v INF
v ENT
pro DAT
subordconn
n IN ESS
n OBL DAT
nprop
n
v AOC
dem
recp OBL GEN
n DIR DAT
n
v ENT
prep AND;FOCUS
n
v ENT
pro
recp ERG GEN
n
pro
n
n OBL PT ESS AND;FOCUS
pro DAT
v AOC
adv
n
n
cardnum
nprop
prt
pers
cardnum
n
pro
n
n
dem
v AOC
prep
adv
n PL
v IMPF
n PL
n IN ESS
pers
n
pro
v AOR
poss
v ENT
v ENT
cardnum
n AND;FOCUS
prt
v AOR
prt
n OBL GEN
pro DAT
prt
dem
pro
n IN ESS
n
adj
n
post
n IN ESS
cardnum
n OBL DAT
dem
n OBL AD ESS
v AOC
n
n
@@@ AOR
adj
n
n PL OBL DAT
cop
v FUT
n
v AOR
n IN ESS
v AOP TEMP
pers AND;FOCUS
recp ERG GEN
n IN ESS
n PL
prt
dem
n OBL AD EL AND;FOCUS
num
n OBL GEN
adv
adv
v FUT
pro
pers
v AOR
pro NEG
@@@ PST
v IMPF PTCP
n
num
pers
n ERG
v IMC
cardnum
n
n
num
adv
cardnum
dem
adj
pro
n IN ESS
v HORT
n DIR GEN
n
adj
v AOC
cop
v ENT
v IMPF
v AOC
v ENT
dem
IMPV
n OBL GEN
v ENT
n IN ESS AND;FOCUS
nprop
prt
n OBL GEN
interrog
pro
dem
n
pro
n OBL GEN
v AOR
cardnum
cardnum
v AOC
v AOR
@@@
n
n ERG DAT
pro
n IN ESS
adv
v IMPF
v ENT
n OBL SP ESS
n
cardnum
v PERF
dem
n AND;FOCUS
v ENT
adj
pers
adj
v ENT
cop
v AOP
adv
v AOR
n
coordconn
pro
v AOR NEG
n OBL DAT
v ENT
v AOC
n IN ESS
pro DAT
cardnum
coordconn
dem
pers
cardnum
v AOR
n OBL GEN
v AOC
n OBL DAT
v IMPF PTCP
dem
n
v AOP COND
verbprt PST
v FUT PTCP
n
num DAT
adv
pro
n OBL GEN
@@@ SBST
n OBL GEN
n
prt
pro ERG AND;FOCUS
n OBL DAT
@@@ BROUGHT.UP
adj
pro
v AOR
v ENT
v ENT
n
v AOR
adv
adj
adv
@@@ PST
adj OBL GEN
dem
dem
@@@ PST
adv
v ENT
dem
nprop PL OBL GEN
nprop
num
prt
v AOR
cop PERF
adv
coordconn
n
nprop
@@@ IN ESS
v AOC
n
v ENT
n PL ERG AD ESS
dem
pro DAT
n
v AOC
n
v ENT
@@@
v ENT
v HORT
prt
prt
n DIR DAT
adj
adv
pro
adv
coordconn
num
v PERF
dem
v AOP COND
interrog
v ENT
n IN ESS AND;FOCUS
v AOC
dem
n OBL DAT
v IMPF
v FUT COND
adv
n
subordconn
v AOR
dem
adv
n
@@@
n IN ESS
v ENT NEG
pro
pro GEN
v IMC
n
cop PERF NEG
n
pro
n ERG
num
v ENT
cop
adv
n
n DAT
cardnum
adv
dem
@@@
v ENT
@@@
v ENT
coordconn
@@@
n
cardnum
dem
cardnum
v FUT
n
v ENT
pro
dem
n OBL GEN
n
adj
n AND;FOCUS
adv
dem
v IMPF
adj
v AOC
cardnum
v AOR
dem
pro
adv
pro
subordconn
n ESS
cardnum
v IMPF NEG Q
dem
@@@
cop
num
adv
cop
dem
@@@ PST
@@@ PURP
@@@
n GEN
adv
v AOC
n
coordconn
v AOC
v AOR
v ENT
adv
pro
pro
coordconn
v IMC
adv
pro
n PL
pro
n IN ESS
adj
@@@ HIDE.IMPV
dem
n ERG
n OBL SP ESS
n AND;FOCUS
adv
v IMPF PST
pro
n
v AOC
v ENT
pro ERG
n
v AOR
nprop
coordconn
n
poss
v AOR
adj
pro
@@@ NEG
v ENT
n OBL DAT
dem
@@@ AT.THIS.MOMENT
v ENT
pro
cardnum
cardnum
@@@
v AOC
n
n AND;FOCUS
dem
n OBL GEN
dem
adv
adj
v ENT
num
dem
adj
pers
n
n OBL PT ESS
adv
pro
n ERG
pro
n PL
n PL EL
poss
dem
n
poss ERG GEN
adv
dem
adv
n
pro
v AOC
@@@ PST SBST
pro
dem
dem
@@@
pers
n
n OBL DAT
interrog ERG DAT
n OBL DAT
v ENT
prt
cardnum
v AOR
prt
n OBL GEN
dem
@@@
pro
n OBL SP ESS
n OBL SP EL
pro DAT
n OBL GEN
n
nprop
prt
n OBL GEN
n
adv
det DAT AND;FOCUS
n
v ENT
adv
v AOR
adv
dem
n PL
n
v AOC
n
n OBL SP ESS
n ERG AND;FOCUS
n
adv
n
pro ERG
n GEN
dem
adv
v AOC
n
adv
@@@ AOC
v FUT
dem
pro ERG GEN
adv
n PL
pers
n
prt
interj
pers
pers ERG
n
pers
n GEN
adv
@@@ COND
v ENT
n
adv
v IMPF
v ENT
v AOR
n PL OBL GEN
n
n SB EL
subordconn
n IN ESS
n PL
n
n
v IMPF
pro DAT
n OBL AD ESS
n IN ESS
v AOR
adv
num
subordconn DAT
n
v
cardnum
n
v MSD
v FUT PST
n AND;FOCUS
adv
v ENT
pro
n
interrog ERG GEN
IMPV
adj
adj
v FUT
dem
pro
pers
pro DAT
n OBL DAT
@@@ FRAUD DAT
v AOR
cardnum
pro
nprop
prt
adv
v COND AND;FOCUS
adv
n
pro GEN
@@@ AOC
pro
n PL
n PL
n
n PL OBL GEN
pro
n
dem
cardnum
adj
v AOC
cardnum
num
nprop ERG
pro
interrog
n IN EL
v ENT
recp ERG GEN
v AOC
pro
cardnum
n AND;FOCUS
cardnum
n
v ENT
v AOC
v AOC
n PL
cardnum
cardnum
pro ABS
n AND;FOCUS
coordconn
n OBL GEN
prt
adj
dem DAT
n PL AND;FOCUS
coordconn
v AOC
n
n OBL SP ESS AND;FOCUS
interrog
pro GEN
n
cop PERF NEG
pro
adj DIR
n
n OBL GEN
@@@
pro
n OBL PT ESS
pro PL
poss
v AOC
@@@
num
pro
n OBL GEN
num
v
n DAT
v ENT
nprop
adv
n PL
nprop
n PL ESS
cardnum
v IMPF
v AOR
interrog
v ENT
v IMPF
n
adv
pro AND;FOCUS
n ERG
cop
coordconn
n
v ENT
v AOC
v AOC
poss
pers
dem
adv
dem
adj
v ENT
pro
adv
v ENT
adv DIR
v ENT
n PL
cardnum
prt
v AOR
interrog
adv
@@@ COND
v IMC
v IMC
pro
adj
n IN ESS
v PERF
n IN EL
pers
dem
v ENT
pro
@@@
pers
n
dem
v ENT
cardnum
v AOR
interj
adv
v IMPF
v HORT
n PL
n AND;FOCUS
v ENT
coordconn
poss
adj
n OBL GEN
n OBL SP ESS
v AOR
adj
n
n
n OBL GEN
v PERF NEG PST
v AOR
cop PERF
n OBL GEN
v AOC
cop AND;FOCUS
pro
dem
n
n
n PL
pro
pers
dem
n
prt
cop
adj
n
interrog
prt
v FUT
dem
adv
num
v AOR
adj DIR DAT
dem
n AND;FOCUS
n
pro DAT
v ENT
n OBL DAT
v AOR
adv
coordconn
v ENT
pro
poss ERG GEN
n PL
pers
n ERG AND;FOCUS
pers
num
adv
@@@
adv
v INF
dem PST
n
prt DIDN'T.GET.NEG.SBST SBST
v FUT
v AOR
n
v MSD
pro
adv
v AOC
n OBL DAT
v AOR
n
interrog
adj
n
v ENT
cardnum
n OBL GEN
proform
poss
num GEN
n
pro
v ENT
interj THANK.YOU
n IN EL
v ENT
prt
v AOR
n OBL GEN
adj
v ENT
prt
cop
subordconn
n
n AND;FOCUS
cop NEG
adj
n OBL GEN
pro
dem
prt
@@@ AOR
n
pers
@@@
n
n OBL GEN
v ENT
n IN ESS
v IMPF
n
prep
n
num
n
v AOC
n
adv
multipnum AND;FOCUS
interj
adj
n
dem
dem
pro
pro
num
v INF
v AOC
v AOR
ordnum
v AOC
proform
v HORT
cop
n
pro DAT
v FUT
n
adv
n AND;FOCUS
pro
adj
n PL
coordconn
n
n
dem
v
coordconn
n
pro DAT
v ENT
@@@
v ENT
subordconn
IMPV
coordconn
v ENT
dem
n
v AOC
n IN ESS
cardnum
n
prt
adj OBL GEN
v AOR
n IN ESS
n
v HORT
n OBL DAT
v AOC
pro DAT
n
cardnum
adj
cop COND
cardnum
prep
v AOC
coordconn
v ENT
n
n
n
pro
n OBL SP ESS
proform ERG DAT AND;FOCUS
dem EL
nprop DAT
v AOC
v ENT
cardnum
pro
dem
n
n OBL SP ESS
v ENT
v NEG OPT
n OBL SP ESS
pers
v INF
n
pro
n
n
v IMPF PTCP
n AND;FOCUS
adv ERG DAT
cardnum
n
cop PERF
adv
n IN ESS
v IMPF
adj
n PL
nprop
v FUT
cop NEG
cop
v AOC
@@@
v ENT
dem
prep AND;FOCUS
n PL
v IMC
subordconn
n
n
n
n OBL DAT
n PL
v IMPF
v ENT
n
v ENT
n
n PL OBL GEN
v AOC
n AND;FOCUS
nprop DIR DAT
coordconn
pro AND;FOCUS
adv INF INF
v IMC
adj
n OBL GEN
v ENT
adj SBST PST
n PL
interrog
dem
v AOC
cardnum
pro DAT
n
dem
prt
n OBL DAT
adj
adv
adv
adj
n OBL GEN
n
nprop
n
pers
recp ERG GEN
pro GEN
adj
cop AND;FOCUS
n OBL GEN
n
n PL OBL DAT
pro ERG
subordconn
v IMPF
v PROH
nprop
n OBL GEN
adv GEN DIR
n
pro DAT
n
coordconn
n ERG
dem
v ENT
n OBL DAT
n .NESS PL
proform AND;FOCUS
n
pro AND;FOCUS
v IMPF
pro DAT
recp ERG GEN
cop
cardnum
pro ERG DAT
adv
v ENT
n OBL DAT
v ENT
v AOR
@@@ PST TEMP
n OBL SP ESS
n
@@@
dem
dem
pro
n OBL GEN
v ENT
poss GEN
nprop
adj
n AND;FOCUS
v AOC
n
cop
pro DAT
dem
n OBL DAT
num
v ENT
v AOP
n
v AOR
cop
cop GEN
recp ERG GEN
pro DAT AND;FOCUS
n
n
adv
pro ERG DAT
prep AND;FOCUS
prt
v ENT
n OBL GEN
n OBL SP ESS
prt
pro
pro ERG AND;FOCUS
pro
interrog
n
v IMPF
cardnum
adj
v HORT
dem
dem
n OBL GEN
cardnum
pro MSD
adv
v IMC
v AOP TEMP
v ENT
n PL ERG
pers
n OBL GEN
v AOC
v IMPF
n HORT ERG DAT
dem
prt
n OBL GEN
v IMPF NEG
v IMPF
v IMPF
adv
n
n OBL GEN
pro
proform
v IMPF
pro
n
conn
n OBL GEN
v ENT
v AOR
n DIR DAT
prep
n
v AOC
n
v ENT
n ERG AND;FOCUS
n IN ESS
n GEN ERG DAT
v AOP TEMP
n OBL GEN
num
n OBL DAT
cardnum
n PL IN ESS
prt
dem
cardnum
adv
n
pro
n DAT
poss GEN
n
@@@
pers
n
@@@
pro
n OBL GEN
v IMPF PTCP
nprop ERG DAT
prt ERG
n
n
dem
pro
adv
pers
n PL
n PL
cop
n IN EL
n PL
n OBL GEN
v ENT
pro
adv AND;FOCUS
n ERG AND;FOCUS
v
v PERF
dem
v AOC
n OBL DAT
dem
pro
pro
dem
v
pro
subordconn
dem
n OBL GEN
v ENT
ordnum PST
dem
n OBL DAT
cop
v IMC
n PL OBL GEN