hóka̱#emph
hapi#salt
-akósh#CON:NOM
katash#who
iti#wood
il-#1PI
-ako̱#CON:AC
a̱ya#be:here -li#1SI -h#TNS
-ka̱#COMP:DS
báno#altogether
il-#1PI
oshi#son
makáchi#say. -t#PART
okl#plural í-#1PI
iti#wood
ikbi#make
alla#child
ish-#YOU
fokka.lo̱bo#SHIRT
alikchi#doctor
kaniyah#probably
pí#just
okla#people
o̱t#go:and
okla#people
hannáli#six -h#TNS
il-#1PI
il-#1PI
-ma#THAT
okma̱#and:then
píhi̱sa#see:hn -li#1SI -kmat#IRR:SS
a#be
-m#DEM -ato#NOM2
chá#ss
yohmi#do.so,.to.happen -h#TNS
-akósh#CON:NOM
iti#wood
hi#be -hma̱#WHEN
-ako̱#CON:AC
kiyo#no
sa-#1SII
-ma#THAT
kiyo#no
okla#people
yimmih#believe
afammi#year
fokáli#almost
o̱t#go:and
-bíka#USED:TO -tok#PST
katimma#which -k#LOC
okla#people
okla#people
kiyo#no
-ka̱#COMP:DS
am#1sIII
sa-#1SII
maká#say -hma̱#WHEN
yimmih#believe
pí#just
-ato#NOM2
katash#who
a̱#1sIII ki#father
-ka̱#COMP:DS
isht#ins
anno̱pa#word
ahwa#think.(perhaps),.to.reckon -h#TNS -o̱#Q
-kat#COMP:SS
tahli#finish. -kmat#IRR:SS
am#1sIII
-bíka#USED:TO -tok#PST
í-#1PI
ná#something
yokáchi#catch. -h#TNS
nátah#what? -o̱#Q
tahli#finish.
-ma#THAT -k#LOC
chokka#house
illi#die.
ahwa#think.(perhaps),.to.reckon -h#TNS
il-#1PI
yohmi#do.so,.to.happen -h#TNS
a̱#1sIII ki#father
-ka̱#COMP:DS
yakni#land
ná#something
o̱t#go:and
-kat#COMP:SS
oka#water
áchi#say -tok#PST
ohóyo#woman
pí#just
taha#finally
hikma̱#and:then
-kat#COMP:SS
-ka̱#COMP:DS
yakni#land
-ma#THAT -k#LOC
ná#something
hi#be -hma̱#WHEN
-ka̱#COMP:DS
ayyówah#pick.up.(off.the.ground).
yohmi#do.so,.to.happen
pí#just
yamma#that
-ka̱#COMP:DS
-ano#ACC:TOP
ish-#YOU
hoyo#look.for -t#PART
oklil#we
kiyo#no
ish-#YOU
a̱lhi#be:real
ná#something
-akósh#CON:NOM
ahwa#think.(perhaps),.to.reckon -h#TNS
chokka#house
-hátoko̱#BECAUSE:DS
am-#1SIII ihaksi#forget
lokka#clothes
-ka̱#COMP:DS
o̱t#go:and
haklo#hear,.listen
-ma#THAT
ná#something
maká#say -hma̱#WHEN
apa#eat.(a.specific.food)
illi#die.
si̱ti#snake
ano̱pol#speak,.say,.talk -ána#POT -ttók#REM.PAST
ish-#YOU
pí#just
-ka̱#COMP:DS
chá#ss
-ka̱#COMP:DS
okla#people
bók.chito#BOGUE.CHITTO
chokka#house
hikma̱#and:then
isht#ins
-kat#COMP:SS
alla#child
nátah#what?
ish-#YOU
ómmi#happen:this:way -kma̱#IRR:DS
kiyo#no
hashi#month
-ma#THAT
chim#2sIII
hi#be -hma̱#WHEN
il-#1PI
il-#1PI
isht#ins
isht#ins
ish-#YOU
-ato#NOM2
a̱#1sIII ki#father
yohmi#do.so,.to.happen -h#TNS
-chámo#LONG:AGO
ohóyo#woman
issa#stop -ttók#REM.PAST
ít#toward
malhlhih#indeed
alhíha#group
siy-#1SII á-#LOC
hihmat#and:then:ss
isht#ins
-ka̱#COMP:DS
alhíha#group
nokha̱klo#be:sad
áy-#LOC ala#arrive.(here) -ttók#REM.PAST
ish-#YOU
katash#who
kochá.balíli.ánówa#RAILROAD.TRACKS
sipokni#old
ishit#ins
il-#1PI
hikmat#and:then:ss
pí#just
ná#something
-ma#THAT
a̱ya#be:here -li#1SI -h#TNS
hikitíya#START -li#1SI -tok#PST
a#be -ttók#REM.PAST
a̱#1sIII ki#father
a#be -ttók#REM.PAST
pí#just
o̱t#go:and
nittak#day
oklil#we
a̱#1sIII ki#father
alhíha#group
alla#child
il-#1PI
a#be -ttók#REM.PAST
am#1sIII
nanih#hill
sakki#catch.up.to -áhí#POT kíyo#no
yohmi#do.so,.to.happen
alla#child
katimma#which -k#LOC
táha#be:finished -hma̱#WHEN
ish-#YOU
okla#people
-ma#THAT
í-#1PI
-ma#THAT
ish-#YOU
ná#something
nanih#hill
-ako̱#CON:AC
ayiskachi#clean.(house) -t#PART
-ka̱#COMP:DS
ít#toward
homma#red
tákoli#noon
am#1sIII
ish-#YOU
toba#become
pí#just
í-#1PI
-ma#THAT
í-#1PI
afammi#year
pí#just
pí#just
-ka̱#COMP:DS
is-#YOU sa̱-#1SIII
okla#people
il-#1PI
nátah#what?
-ya̱#ACC
a#be -ttók#REM.PAST
-ka̱#COMP:DS
ish-#YOU
ittiwáya#marry -ttók#REM.PAST
ilhkóli#go.(of.three.or.more).
í-#1PI
fokkáli#be:about -ka̱#COMP:DS
chokka#house
o̱t#go:and
o̱t#go:and
mishsha#two.time.periods.before.or.after
ná#something
okla#people
-ma#THAT
am#1sIII
kanímih#some
-ma#THAT
-ma#THAT -k#LOC
ná#something
yohmi#do.so,.to.happen
il-#1PI
-ato#NOM2
ít#toward
pí#just
ná.chinni#WHADDYACALLIT
palammi#hardship
-chámo#LONG:AGO
chá#ss
-ma#THAT
-ako̱#CON:AC
pí#just
kiyo#no
ish-#YOU
chá#ss
okla#people
panóla#cotton
bi̱ka#both -h#TNS
afammi#year
ish-#YOU pa#eat.(a.specific.food) -kma̱#IRR:DS
pishno#we -áki̱#OWN -t#PART
afammi#year
sa-#1SII shki#mother
-ka̱#COMP:DS
pí#just
mano#that:one
-hósh#PART:SS
toklo#be:two
kiyo#no
-ma#THAT -k#LOC
hi#be -hma̱#WHEN
ahni#know
ohóyo#woman
nittak#day
-ma#THAT
mo̱m#still -áchi̱#IRR -h#TNS
-ako̱#CON:AC
-ma#THAT
okla#people
ish-#YOU
-ka̱#COMP:DS
-ka̱#COMP:DS
chá#ss
-ma#THAT
okla#people
pí#just
ít#toward
yohmi#do.so,.to.happen -h#TNS
ish-#YOU
kiyo#no
shóli#carry.
il-#1PI
okla#people
sa-#1SII
hi#be -hma̱#WHEN
-ma#THAT -k#LOC
pisa#try. -ttók#REM.PAST
taposhshik#basket
í-#1PI
bacha̱ya#be:in.a.row
pa#here,.this -ako̱#CON:AC
yohmi#do.so,.to.happen
hapim-#1MPIII
il-#1PI
-ako̱#CON:AC
hi#be -hma̱#WHEN
pí#just
okmanána#WHATEVER.KIND.OF
-ma#THAT