chahta
sa-
a̱
ilhkóli -tok -o̱
a̱tta -li -h
ish-
-bíka -tok
hachi-
pí
-ma -k
na
toklo
ná
pí
yohmi
tana
ish-
il-
im-
i̱-
a
im-
i̱-
hokchi -ttók -o̱
ish-
kiyo
ná
-ka̱
ish-
-ako̱
apísachi -h
pa -aki̱li -h
kiyo
hicha
-ka̱
i̱-
chishnáto
kíyo
nani
ná
yakni
apíla -h
hicha
a̱
am
i̱-
á
yohmi
i̱-
il-
-ako̱
a -ttók
-ka̱
kanohmih
náhollo
ish-
chishnáto
i̱-
nána
kati -k
iyá -li -tok -ósh
kíyo
il-
nána
a̱tta -li -h
hi -hma̱
hokchi -h
alla
mihchi
toklah
si̱ti
il-
nána
ish-
a̱ ki
ná
im-
a -ttók
nána
-hátoko̱
kiyo
sa-
-ka̱
ish-
-ma -k
-ka̱
pí
ayi̱na
hikíya
á -ttók
il-
ha̱klo
nánoka
hokchi -h
ilhko -t
hi -hma̱
hikiki̱ya -li -ttók
ná
-ako̱
i̱-
sa-
-kat
yohmi
iko̱la
ninak
hi -hma̱
hicha
-ho̱
shibbih
a̱
kanohmi -ttók
pí
il-
ná
nána
hikít
il-
hi -hma̱
yohmi
at
-ka̱
ná
i̱-
ít
am
pí
i̱-
yohmi
ninak
nátah
ábachi -h
hohchifo
-ak
pí
yohmi
ná
nátah
il-
tákoli
ilhkóli
a
chá
katimma -k
chokka
a̱ya
-ya̱
nani
pí
a̱tta -li -h
anáto
na
kiyo
ish-
ná
iya -h -o̱
á
ábachi -h
-chámo
náhollo
-kat
ahíka
pí
o̱t
nána
ish-
ma̱ya
hachi-
nátah
ano̱ti
hikít
yohmi
áchi -tok
oklil
hohchifo -t
taha
yohmi
chim
ít
bók
hicha
hikiki̱ya -li -ttók
a̱
il-
hoyo -t
á
pí
sa-
a̱ ki
hi -hma̱
wishakchi
ish-
-m -ato
hicha
shawwa
-bíka -tok -o̱
yohmi
palammi
mihchi
il-
ikbi
kiyo
á -ttók
sha̱hli
kiyo
taha
-bíka -tok
hach- ishki
malhlhih
a̱tta -tok
pí
iskitíni -ka̱
hikít
hi -hma̱
áchih
anáto
tahli -kmat
hasháyachi
nána
kati -k
toklo
hannáli -h
okmanána
sa- nakfish
ano̱poli -t
-akósh
a̱ ki
kiyo
a̱
o̱t
ish-
-m -ato
ilhkóli -tok -o̱
shawwa
pí
a̱tta -tok
o̱t
toklo -sh
a̱tta
chokka
-ka̱
oshi
katimmakako̱
onnakma̱
hi -hma̱
taná -li -h
ish-
á
ano̱ti
noshkobo
yakni
hicha
-akósh
anóti
a̱ ki
-ka̱
mihchi
kiyo
siy- assano
chishnáto
ná
-ho̱
kiyo
ma̱ya
anóti
ittatoklo
il-
pí
il-
nani
-kat
toklo
nána
nátah
-ka̱
náhollo
-ka̱
ish-
im-
kati -k
-bíka -tok
nána
a -ttók
im-
chá
kiyo
ponola
sa-
malhlhih
wák
-akósh
a
ka̱chi
akka
alla
-kat
-kat
ikbi
okma̱
náhollo
nánaho̱
atta -ttók -o̱
hikít
-ka̱
chim
-ho̱
ná
pí
kiyo
i̱-
-tok áchíni -ttók
anóti
sa- shki
hapi̱-
-tok -cha
alla
nátah
ittatoklo
á
-ako̱
maká -hma̱
wák
ano̱poli -t
-ho̱
nána
haklo
-ma -k
at
im-
-ak
abohlih
alla
a̱ ki
o̱t
pí
hachi-
abohlih
náhollo
osápa
i̱-
osápa
-ma -k
hikít
o̱t
tobi
-ma -k
-kat
-ako̱
nána
am
sa-
at
-ma -k
yohmi
anóti
ásh
i̱-
il-
anóti
nátah
sa-
anóti
i̱-
am
il-
tík
il-
náhollo
a -ttók
-ka̱
sipokni
ayína
fokkáli -ka̱
am
anóti
iskitíni
ano̱ti
a̱
am
il-
oklil
ná
pí
a -ttók
ta̱chi
-ka̱
chohmi
atta
-ka̱
am
ish-
kaníya
hi -hma̱
ish-
kiyo
chokka
chokka
yohmi
alá -li -tok
hashi
chi̱
-ak
o̱t
-ka̱
kaními
hapim-
il-
am- achokma -h
nani
ta̱chi
ano̱ti
ani -t
kiyo
ish-
ibbak
-ho̱
anóti
-kat
o̱t
náhollo
ano̱ti
ásh
ittanówa
oklil
ak- ikkán -o
ish-
ásh
-ka̱
nána
il-
á
okma̱
ish-
iya
anóti
anóti
ish- pa -kma̱
hi -hma̱
ish-
mihchi
ít
chokka
chim
nánaho̱
ná
ná
chahta
-ako̱
i̱-
pí
áchih
pí
kiyo
katah
mi̱ti
pí
a̱
palammi
il-
iya
ilokka
a̱ ki
am
yakni
o̱t
iya -ttók
am
hicha
yohmi
sanna
ish-
nána
hikít
ta̱chi
ná
o̱t
o̱t
anóti
anáto
a̱
nána
o̱t
a̱
náhollo
at
okma̱
yohmi
a̱ ki
náhollo
osápa
oná -li -ttók
pí
am
il-
il-
ná
kotchi -tok
am
ittanówa -h
atta
-ka̱
pí
osápa
a̱tta -li -h
sa-
a̱
katah
at
il-
pí
ish-
il-
anóti
hapim-
a̱ya -li -h
kiyo
bók
il-
sha̱hli
hi -hma̱
-ka̱
i̱-
o̱t
-ma -k
ná
chim
o̱t
sa-
hi -hma̱
-kat
-bíka -tok
mihchi
am
táhli
anóti
il-
nani
anóti
anóti
i̱-
áchih
olbal
kiyo
holisso
hapi̱-
pí
il-
-m -ato
pisa
yohmi
chá
kaníya
at
il-
i̱-
nána
ano̱polí -l -áchi̱ -h
nánaho̱
il-
chahta
okmanána
am
kíyo
taná -li -h
pí
hicha
ná
kiyo
chahta
chokka
tahli -li -h
kiyo
ahwa -h -o̱
nakni
ná
a̱tta -li
anóti
ano̱ti
a -ttók
kapassa -t
a̱
ish-
á
i̱- cha̱li -h
malhlhih
alá -li -tok
mano
nána
hikít
ninak
ásha -hma̱
ikbi
yakohmi
kiyo
sa-
kiyo -t
komóta
ano̱ti
yakni
ish-
wiha -t
osápa
oshta
ná
at
wiha -t
-hátoko̱
hi -hma̱
yohmi
a̱ ki
at
kotchi -tok
-ka̱
tiwah
ahi
alla
naksika
bash -t
mihchi
a̱ ki
-tok áchíni -ttók
hollokchi
-ma -k
-ma -k
ábachi -h
kiyo
basówa -chi -t
kiyo
kotcha
ano̱ti
ála -hma̱
-ma -k
ná
-bíka -tok
kaniyah
pí
ish-
issa -ttók
cho
hi -hma̱
ná
pí
tík
na
yohmi
áchi -tok
il-
a̱ya
ano̱poli -t
nani
tahli -kmat
palammi
-m -ato
a̱
toba
ásh
assanó -t
tahli -li -h
ábachi -h
ish-
il-
ná
kiyo
o̱t
ish-
il-
a̱
a̱ya -li -h
ish-
ohóyo -t
pí
yohmi
mitaffi
ít
-ka̱
mihchi
ikka̱na -li -h
im-
-kat
osápa
kíyo
-m -ato
a̱
kaními
anáto
yakni
kiyo
yohmi
hapi̱-
hi -hma̱
-bíka -tok -o̱
il-
hicha
o̱t
am
hikít
nána
taná -li -h
hochífo
ikbi -li -hósh
-ka̱
hi -hma̱
anóti
ish-
ish-
chokka
ta̱chi
siy- ahni
shawwa
nátah
o̱t
-ka̱
yohmi
okmanána
ma̱ya
ná
pí
a̱
-ka̱
mano
tobi
ábachi -h
anáto
sa-
i̱-
iláp
o̱t
mano
yohmi
wák
-chámo
il-
-híka -ttók