ASRT
FOC
1PL
DOWN. 3PL.S:INC:AA.IPV:L. fall.in.pieces:FUT
also
1SG.PSR. grandmother
this
AR.S:DH.PFV:D. happen:PFV
upland:PNCT
old.man
OK
and
TERM. ?. N.PFV:1SG.S:H. move.CO.quickly:PFV
PROH
there
Ø.PFV:1SG.S:Ø. SG.sit:PFV
and
in
small
and
3SG.S:Ø.IPV:L. eat:IPV:NOM
PL
suddenly
and
IT. 3SG.S:INC:Ø.IPV:D. get.dark:IPV:CUST
3SG.S:AR.O:Ø.IPV:H. seem:IPV
1SG.PSR. father
old.man
across:PNCT
3PL.P. away.from
IT. 1PL.S:DH.PFV:D. PL.go:PFV
3SG.S:Ø.IPV:Ø. cry:IPV
and
old.man
INDF.PSR. older.sister
and
and
FOC
2SG.PSR. grandmother
SPEECH. 3SG.S:QUAL:Ø.IPV:L. lie:IPV
ADVZR
3
FOC
1PL.S:INC:Ø.IPV:Ø. move.nomadically:IPV:CUST
and
FOC
IGN
woman
and
IT. 1PL.S:DH.PFV:D. PL.go:PFV
?. PEJ. 3SG.S:Ø.IPV:D. know:IPV
ADVZR
3PL.S>3PL.O. QUAL:Ø.IPV:H. see:IPV
IT. INDF.O. 3PL.S:Ø.IPV:H. bother:IPV
QUAL:Ø.IPV:Ø. QUAL:AA.PFV:1SG.S:L. learn:PFV
ADVZR
CT
GIRL
and
up:ALL
and
only
in
INDF.PSR. 3SG.S:AA.IPV:Ø. stump
1SG.O. 3PL.S:Ø.IPV:Ø. say:IPV
to
3PL.O. QUAL:Ø.IPV:1SG.S:Ø. say:IPV
at:PST
edible.root
CT
PL
DOWN. 3SG.S>3SG.O. QUAL:DH.PFV:H. drop:PFV:NOM
1SG.PSR. maternal.aunt
ADVZR
3PL.S:AA.IPV:Ø. PL.go:IPV:PROG
trail
halfway.up
but
oh
there
rope
RECP.P. to
NTRL. upriver:AR
animal
and
ADVZR
to
3SG
3PL.S. QUAL:DH.PFV:Ø. grow:PFV
still
there
say:IPV
3SG.S:DH.PFV:H. make.SG.O:PFV
1SG.PSR. grandfather
AND.THEN
CONT. 3SG.S:INC:DH.PFV:H. make.SG.O:PFV:NOM
TIRED. 3PL.S:AA.PFV:D. be.tired:IPV
shirt
CONT. 3PL.S:Ø.IPV:Ø. PL.go:IPV:CUST
3SG.S:AA.PFV:Ø. be.small:PFV
by.herself
thank.you
3SG.P. on
CONT. DSTR. INDF.O. 1PL.S:Ø.IPV:Ø. eat:IPV
night
blueberry
3SG
and
3PL.S:Ø.IPV:Ø. say:IPV
if
NEG
INDF.O:3SG.S:OPT:H. cook:OPT
1SG.P. 3PL.S:Ø.IPV:Ø. say:IPV:CUST
and
and
3SG
3PL.S. QUAL:DH.PFV:L. PL.live:IPV
big
one
?. Ø.PFV:1SG.S:D. know:IPV
and
people
only
still
3
ADVZR
at
upland:AR
punch:PFV
two
OUT. ARM. 1PL.S:QUAL:DH.PFV:L. handle.PL.O:PFV
PL
FOC
under
1PL.P. with
IT. 3SG.S:N.PFV:D. SG.go:PFV
here
thus
3SG.S>3SG.P. Ø.IPV:H. say:IPV
PL
meandering
fire
thus
3SG.PSR. name
ASRT
to
INDF.PSR. ribs
on
thus
3SG
at:AR
in
out:ABL
PL
the.way
meat
PLACENAME
TERM. IT. 1PL.S:NEG.PFV:D. PL.go:IPV:CUST
hereabouts
1PL.PSR. grandfather
3SG.PSR. older.brother
FOC
NTRL. up:ALL
for
ADVZR
thus
3SG
when
PL
to
to
MED. out:AR
FOC
oh
egg
AND.THEN
1PL.P. for
white.winged.scoter
1PL.S:QUAL:DH.PFV:L. PL.live:IPV
3PL.P. to
no
3PL.S:N.PFV:Ø. PL.go:PFV
person
do:IPV
INSIDE. 3PL.S:Ø.IPV:H. PL.sleep:FUT:NOM
GIRL
2SG.P. with
GIRL
3PL.S:Ø.IPV:Ø. say:IPV
2PL.P. for
OK
no
3SG.S:AA.IPV:L. SG.run:IPV:PROG
DOG. small
3SG.S:CON:Ø.IPV:Ø. grab:PFV
3PL.S>3SG.P. around
boat
caribou
at:AR
3SG
REFL.PSR. stump
1SG.P. with
CT
TERM. N.PFV:1SG.S:H. handle.AO:PFV
3SG.S:QUAL:Ø.PFV:L. be.white:IPV:NOM
1SG.O. younger.sister
3SG
ACROSS. 3SG.S:AA.IPV:D. animal.runs:PFV
ADVZR
3SG.S>3SG.P. Ø.IPV:H. say:IPV
1SG.P. for
at
MED. out:AR
NTRL. ahead:ALL
NTRL. upriver:ALL
3PL.S:Ø.IPV:Ø. say:IPV:NOM
PL
bald.eagle
at:PST
no
DUB
spider
also
1PL.P. for
because
3SG.PSR. mother
in
PL
what
only
TERM. IT. N.PFV:2PL.S:D. PL.go:PFV:NOM
TERM. 3PL.S:N.PFV:Ø. PL.go:PFV:NOM
3SG
PL
DH.PFV:2PL.S:H. PL.sleep:IPV
to
dog small
3PL.S:DH.PFV:Ø. SG.sit:IPV
3SG
and
2SG.PSR. grandfather
PL
now
QUAL. DH.PFV:2PL.S:L. PL.stay:IPV
squirrel
AR.S. INC:DH.PFV:Ø. be:PFV
at:AR
3SG.PSR. eye
3SG
HAND. 3SG.S>3SG.O. QUAL:N.PFV:Ø. slap:PFV
be.big:IPV:NOM
NEG
AR.S:Ø.PFV:Ø. be.wide:IPV
the.way
AND.THEN
at:AR
2PL.PSR. grandmother
FOC
1SG.PSR. grandfather
3SG.S:N.PFV:Ø. SG.go:PFV
2SG.PSR. mother
2SG
dog
AR. across:ALL
NEG
tent
1SG.P. with
subsisting.on
PURP
3SG.S>3SG.PSR. neck
1SG
1PL.P. PP. INDF:3SG.S:INC. N.PFV:L. hide:PFV
IGN
two
CT
3SG.S>3SG.P. Ø.IPV:H. say:IPV
CON. INDF.O. 3SG.S:Ø.IPV:L. eat:IPV
3PL.S. kindness
QUAL:Ø.PFV:1SG.S:Ø. hear:IPV
CT
in
3PL.S:Ø.IPV:L. be.number:IPV
3PL.PSR. mother
and
3SG
at
there
there
well
3SG.S:AA.PFV:H. make.SG.O:FUT
and
people
for
3SG.S:QUAL:Ø.PFV:Ø. be.hungry:IPV
ADVZR
rope
all
etc.
PURP
?. PEJ. 3PL.S:Ø.IPV:D. not.know:IPV
with
3PL.P. 1PL.S:INC:QUAL:AA.IPV:Ø. say:FUT
CON. 3PL.S. QUAL:I.PFV:H. find.CO:PFV:NOM
in
when
and
REFL.PSR. children
3SG.S>3SG.O. INC:DH.PFV:H. shoot:PFV:NOM
and
away:ALL
in
QUAL:Ø.IPV:Ø. lung
NTRL. up:ALL
3SG
ALL
and
3PL.S:OPT:D. be.smart:OPT
3SG.S>3SG.O. 3SG.S:QUAL:QUAL:Ø.IPV:Ø. buy:IPV
INDF.PSR. QUAL:OPT:H. steal:PFV
?. PP. 3SG.S:N.PFV:D. know:IPV:NOM
ADVZR
1PL.PSR. child:POSS
3SG.S>3SG.P. Ø.IPV:H. say:IPV
3SG.S:INC:Ø.IPV:Ø SG.go:IPV:CUST
etc.
say:IPV
FOC
1SG.PSR. paternal.uncle
bugs
all.long
3SG.S:AA.IPV:Ø. SG.go:IPV:PROG
PL
PL
ADVZR
AS.WELL
rock
3SG.S:AA.PFV:Ø. SG.go:PFV
ADVZR
PP. PEJ. 3PL.S:QUAL:DH.PFV:L. keep.away?:PFV
NEG
CONT. 3PL.S:Ø.IPV:Ø. PL.go:IPV:CUST
3SG.S:DH.PFV:L. seem:IPV
the.way
TERM. 3SG.S>3SG.O. Ø.IPV:H. extend:IPV:CUST
1PL.P. like
mountain
and
who
NTRL. out:AR
at
3SG.PSR. name
to
NTRL. down:AR
ALL
3SG
2SG.PSR. father
quickly
2PL.P. TO. 1PL.S:INC:AA.IPV:Ø. handle.PL.O:FUT
blanket:POSS
3SG.S:QUAL:Ø.PFV:Ø. keep.away?:PFV
FOC
FOC
rack
AND.THEN
hole
like
when
3SG.S>3SG.P. Ø.IPV:H. say:IPV
3SG.PSR. name
3PL.S:Ø.IPV:Ø. say:IPV
IT. 1PL.S:QUAL. INC:AA.IPV:L. tell.story:IPV:NOM
two
winter
creek
3SG
ADJC. NTRL. downriver:ALL
?. tracks
still
ADVZR
DH.PFV:1SG.S:H. handle.LRO:PFV
1PL
how
do:IPV
down:ALL
ADVZR
etc.
fish
3PL.S:QUAL:DH.PFV:Ø. 3PL.S>3PL.O. say:IPV
1PL.P. AR:between
RECP.P. TRADE. 1PL.S:QUAL:DH.PFV:L. handle.PL.O:PFV
3PL.S:Ø.IPV:Ø. say:IPV
AR.S:Ø.PFV:Ø. be.wide:IPV
etc.
NTRL. downriver:ABL
finally
and
at:PNCT
3SG
AR.S:Ø.PFV:Ø. be:IPV
few
NTRL. backward:ALL
thank.you
lake
3SG.P. PP. 1PL.S:Ø.IPV:D. know:IPV
and
and
winter
PURP
still
white.winged.scoter
thus
AR.S:Ø.PFV:Ø. be.big:IPV
3SG.PSR. wife
when
INTO.PIECES. N.PFV:Ø. chop:PFV
THERE
then
finally
INDF.PSR. 3SG.S:AA.IPV:Ø. stump
INTO.WATER. 3SG.S:QUAL:I.PFV:H. crawl:PFV
money
however
3SG
3SG.S:N.PFV:Ø. water.extend:IPV
here
AND.THEN
NTRL. down:AR
AR.O. 3SG.S:QUAL:Ø.IPV:H. look.IPV:NOM
3SG.S>3SG.O. QUAL:DH.PFV:L. be.scared:IPV
GIRL
3SG.P. from
1SG.PSR. grandfather
trail
here
and
only
3SG.PSR. husband
at:AR
when
when
3SG
3SG.S:DH.PFV:L. seem:IPV
PL
1SG.PSR. dog:POSS
PROH
only
PL
MOUTH 3SG.S:QUAL:Ø.PFV:L. be.long.time:IPV:NOM
2PL.P. TO. 3PL.S>3PL.O. AA.PFV:Ø. handle.PL.O:PFV:NOM
FOC
3SG.S:N.PFV:Ø. be.long.time:IPV:NOM
traps
no
PL
earth
ADVZR
PL
and
NEG
TERM. IT. INC:AA.IPV:2SG.S. D:SG.go:FUT
and
CT
CT
blueberry
AR.O. QUAL:Ø.IPV:2PL.S. look:IPV
3SG.P. PP. AR.S:Ø.PFV:Ø. be:IPV:NOM
blueberry
IT. AA.IPV:2SG.S. D:SG.go:FUT
pole.cache
also
and
and
3SG.S:DH.PFV:L. seem:IPV
small
OUT. N.IPV:2SG.S. SG.go:IPV:IMP
FOC
thus
3SG.S:QUAL:DH.PFV:L. be.white:IPV
3SG.S:DH.PFV:Ø. SG.sit:IPV
ADVZR
3SG
3SG.P. with
QUAL:Ø.PFV:1SG.S:Ø. classify.PL.O:FUT
at:AR
bone
IT. 3SG.S:INC:DH.PFV:D. SG.go:PFV
small
3SG
duck
3SG.S>3SG.P. for
Luke
CT
AR.S:DH.PFV:D. happen:PFV:NOM
PL
1SG.PSR. older.brother
and
and
AA.PFV:Ø. handle.PL.O:PFV
thank.you
pack
NTRL. ahead:ALL
QUAL:Ø.IPV:1SG.S:Ø. say:IPV
small
3SG.S:Ø.IPV:Ø. cry:IPV
3PL.S. N.PFV:Ø. move.nomadically:PFV:NOM
children
2SG.PSR. father
QUAL:Ø.IPV:1SG.S:H. holler:IPV
3PL.S. INC:DH.PFV:Ø. PL.go:PFV
ADVZR
to
suddenly
IGN
winter
ADMIR. 3PL.S>3SG.P. QUAL:DH.PFV:H. be.burning:IPV
NEG
AR.S. INC:DH.PFV:Ø. be:PFV
caribou
at:AR
AND.THEN
now
men
PL
and
three
GIRL
do:IPV
3SG
QUAL:Ø.IPV:1SG.S:Ø. think:IPV
child
QUAL:Ø.IPV:2SG.S:Ø. say:IPV:NOM
when:FUT
PL
3SG.PSR. older.brother
REFL.PSR. tail
PL
mother
IT. 3SG.S:QUAL:Ø.IPV:L. tell.story:FUT:NOM
fire
also
only
3PL.PSR. older.brother
no
INDF.O. 3PL.S:AA.PFV:Ø. kill:PL.O:PFV
1PL.S:INC:AA.IPV:Ø. do:FUT:NEG
AND.THEN
WHY
REFL.PSR. child:POSS
bugs
3SG.S:QUAL:DH.PFV:H. kill.SG.O:PFV
3SG
how
there
AR.O. QUAL:Ø.IPV:1SG.S:H. see:IPV
FOC
PL
CT
2PL.P. with
three
PL
and
and
3SG
1SG.PSR. belongings:POSS
PROH
3SG.S>3SG.P. on
PL
and
mountain
CT
1SG.P. for
like
AR.S:Ø.PFV:Ø. be:IPV
well
before
lake:POSS
TIRED. 3SG.S:AA.PFV:D. be.tired:PFV:NOM
for
and
still
DANCE. 3PL.S:Ø.IPV:L. PL.mourn.dance:IPV:CUST
and
CON. NEGEX
say:IPV
birch
1PL.O. 3PL.S. INC:DH.PFV:Ø. handle.PL.O:PFV
ADVZR
CT
still
no
1PL.S. N.PFV:Ø. PL.go:PFV
Ø.PFV:1SG.S:Ø. cut:IPV
1SG.PSR. grandmother
3SG.S>3SG.O. INC:QUAL:AA.IPV:L. SG.go:PFV
3SG.S>3SG.P. Ø.IPV:H. say:IPV
old.lady
at:AR
1PL.O. like
blueberry
ADJC. NTRL. upland:PNCT
now
and
oh
thus
from
3SG
kindness
REFL.PSR. mother
ADVZR
golden.eagle
to
when
hey!
how
REFL.PSR. pack:POSS
when
YAMAAGN.TEESHYAAY
PL
finally
ASRT
muskrat
ADVZR
and
at:AR
but
there
PURP
lake
ADVZR
spear
QUAL:Ø.IPV:Ø. AR.O. grab:PFV
also
thus
big
and
FOC
QUAL. 3SG.S:AA.IPV:Ø. ARM. 1PL.S. Ø.IPV:L. SG.go:PFV
where
say:IPV
FOC
also
thus
3SG.S>3SG.P. Ø.IPV:H. say:IPV
FOC
1SG.P. to
hearing
3PL.S:Ø.IPV:Ø. INDF.PSR. 3SG.S:QUAL:I.PFV:H. move.LRO.quickly:PFV?
1SG.P. in.front
ADVZR
CT
earth
three
NEG
when
old.man
3SG.S:N.PFV:Ø. be.far:IPV
3PL.S:Ø.IPV:Ø. chop:IPV
long.time
and
water
3SG.S:Ø.IPV:Ø. cry:IPV
1SG.O. PP. QUAL:OPT:2SG.S:L. be.scared:OPT
rice
thank.you
at:AR
at:AR
moose
when:FUT
like
3PL.S. N.PFV:Ø. move.nomadically:PFV
thus
and
3SG.O. NEGEX
small
ADVZR
suddenly
1PL.S:INC:DH.PFV:Ø. move.nomadically:IPV:NOM
but
3PL.S:QUAL:DH.PFV:L. PL.sit:IPV
thus
1SG.PSR. older.brother
3SG.PSR. name
3PL.PSR. mother
DOWN. 3PL.S:INC:DH.PFV:Ø. PL.fall:PFV
thank.you
children
NTRL. up:AR
ADVZR
QUAL:Ø.IPV:2SG.S:H. see:IPV
3SG.PSR. name
1SG.P. with
OUT. IT. 3PL.O. 3PL.S. INC:AA.IPV:Ø. be:FUT
1SG.PSR. older.brother
grizzly.bear
animal
only
hill
like
3SG
IT. Ø.IPV:L. be.rime:IPV:NOM
for
do:IPV
3PL.P. for
old.man
old.man
3SG.S:QUAL:DH.PFV:L. be.white:IPV
and
ADVZR
3SG.S>3SG.P. for
INC. DH.PFV:1SG.S:Ø. SG.go:PFV
also
finally
AR.S. QUAL:Ø.IPV:2SG.S:H. see:IPV
1SG.PSR. grandmother
REFL.PSR. mother
3PL.S:NEG.PFV:Ø. freeze:PFV:NEG
ochre
3PL.S:Ø.IPV:Ø. say:IPV
to
3PL.P. meandering.through
2SG.PSR. children
if
day
ADVZR
butterfly
YAMAAGN.TEESHYAAY
say:IPV
small
finally
CT
TERM. 3PL.S. INC:AA.IPV:Ø. PL.go:FUT
2SG
NTRL. outside:ALL
if
3SG.S:DH.PFV:Ø. SG.sit:IPV
DOG. small
PROX. waterward:AR
AR.S:DH.PFV:D. QUAL:DH.PFV:L. freeze:PFV
like
AR.S:Ø.PFV:Ø. be.good:IPV
fish
at:PNCT
and
NEG
BAD. AR.S:Ø.PFV:Ø. be.bad:IPV
INDF.PSR. younger.sister
MED. out:AR
mountain
who
at:AR
where:PNCT
FOC
at:AR
smoke
also
AND.THEN
eye
also
AND.THEN
PROX:AR. across:ALL
ADVZR
from
1PL.P. 3SG.S:Ø.IPV:H. say:IPV
NEG
AR.O. INC:AA.IPV:2PL.S:Ø. handle.CO:FUT:NOM
INSIDE. 3SG.S:N.PFV:Ø. SG.go:PFV
3SG
3SG
and
3SG.S:DH.PFV:Ø. SG.stay:IPV:NOM
trail
PL
3PL.PSR. mother
and
here
3SG.S>3SG.O. 3PL.S:Ø.IPV:Ø. say:IPV
3SG.S:QUAL:Ø.PFV:Ø. think:IPV
people
3SG.S>3SG.P. Ø.IPV:H. say:IPV
IT. 3PL.S:N.PFV:D. PL.go:PFV
although
the.way
NTRL. down:ALL
ANYTHING
3SG.P. with
AR.S:DH.PFV:D. be.white:IPV
AND.THEN
3SG.P. for
ADVZR
1PL.S:INC:DH.PFV:Ø. PL.go:PFV
there
3SG.S:N.PFV:Ø. SG.go.PFV:NOM
UP. 3PL.S:DH.PFV:Ø. SG.go:PFV
what
boat
3PL.S. INC:DH.PFV:Ø. PL.go:PFV:NOM
Q
AGAINST?. 3SG.S>3SG.O. 3SG.S:AA.PFV:H. pour:PFV
here
rock
1PL.S:INC:DH.PFV:Ø. PL.go:PFV
1SG.PSR. grandmother
to
CT
thus
there
?. PEJ. NEG.PFV:1SG.S:D. not.know:IPV
INTO.WATER. 3SG.S>3SG.O. Ø.IPV:L. eat:IPV
and
children
PP. 1PL.S:INC:QUAL:AA.IPV:Ø. say:FUT:NOM
ADVZR
say:IPV
ADVZR
with
willow
ADVZR
FOC
be.narrow:IPV:NOM
on
at:AR
AR. upland:ALL
when
there
QUAL:Ø.PFV:1SG.S:Ø. be:IPV
from
say:IPV
there
3SG.P. in
1SG.P. with
wood
if
REFL.P. 3SG.S:DH.PFV:L. stretch.out:PFV:NOM
3PL.S>3SG.P. Ø.IPV:H. do:IPV:NOM
meat
1SG.P. 3SG.S:Ø.IPV:H. say:IPV
3PL.S:Ø.PFV:Ø. be.small:IPV:NOM
NEG
YAMAAGN.TEESHYAAY
there
3SG
and
hereabouts
pack:POSS
again
CMP
3SG.S:QUAL:OPT:Ø. do?:OPT
ADVZR
3SG
and
INDF.O. 3PL.S. QUAL:Ø.IPV:H. kill.SG.O:IPV:CUST
morning
in
FOC
AR.S:Ø.PFV:Ø. be.wide:IPV:NOM
there
3PL.P. to
at
say:IPV:CUST
3PL.S:INC:Ø.IPV:Ø. go.by.boat:IPV:CUST
3SG
1SG.P. to
3PL.S:QUAL:DH.PFV:Ø. SG.sleep:PFV:ERR
skin
MED. out:ABL
small
if
away:ALL
3PL.S. QUAL:Ø.IPV:D. cry:IPV:NOM
3
INDF. 3PL.S. QUAL:DH.PFV:H. sing:IPV
FOC
ADVZR
ADVZR
etc.
moon
there
also
3PL.PSR. grandmother
TERM. 1SG.O. 3PL.S. 3SG.S:QUAL:AA.PFV:H. handle.LRO:IPV:CUST
1SG.O. 3SG.S:QUAL:Ø.IPV:H. see:IPV:NOM
but
1SG.PSR. maternal.uncle
AND.THEN
and
ADVZR
old.lady
3SG.S:Ø.IPV:D. save:PASS:PFV
in
big
down:ALL
DH.PFV:2PL.S:H. PL.sleep:IPV
trail
3PL.P. to
CT
1PL.PSR. food
lake
at:AR
person
say:IPV
1PL.S:Ø.PFV:Ø. be:IPV
how
ALL
PRMB. 1PL.S:INC:AA.IPV:D. PL.go:FUT
REFL.PSR. head
on
at:AR
TERM. 3PL.S. N.PFV:Ø. PL.go:PFV:NOM
say:IPV
and
ADVZR
devil
here
outside:ALL
NEG
when:FUT
ADVZR
REFL.PSR. children
AND.THEN
in
IT. 1PL.S:INC:Ø.IPV:D. PL.go:IPV:CUST
AR.S:Ø.PFV:Ø. be.narrow:IPV
upland:ALL
who
3SG.S>3SG.P. Ø.IPV:H. say:IPV
still
PURP
REFL.PSR. wife
ADVZR
earth
also
3SG
lots?
AR.O. 3SG.S:QUAL:AA.PFV:H. look.IPV:NOM
AVERT
3PL.PSR. mother
thus
small
dog
1SG
and
IT. INC:OPT:1SG.S:D. SG.go:OPT
song
when
there
1SG.PSR. father
FOC
bugs
to
few
3PL.S. 3SG.S:QUAL:Ø.IPV:L. PL.stay:IPV:CUST
there
from
1SG.PSR. name
PL
boat:POSS
what
thus
out:ABL
say:IPV
animal
at:PNCT
how
AA.IPV:1SG.S:Ø. SG.go:IPV:PROG
moose
3SG.S:Ø.IPV:Ø. cry:IPV
moose
oh
PL
still
1SG.PSR. grandmother
3SG.S:QUAL:Ø.IPV:H. look:IPV
OUT. N.PFV:Ø. SG.go:PFV
boat
QUAL:Ø.PFV:2SG.S:L. be.scared:IPV:NOM
for
3SG.S>3SG.O. Ø.IPV:H. feed:IPV:NEG
thus
there
PRMB. 3PL.S:INC:DH.PFV:L. PL.animal.move:IPV:NOM
etc.
WHY
small
finally
3SG
TERM. IT. 3SG.S:N.PFV:D. SG.go:PFV
say:IPV
person
1PL.S:QUAL:Ø.PFV:Ø. be.hungry:IPV
at:AR
1SG.PSR. maternal.aunt
PL
TERM. 3SG.S:N.PFV:Ø. SG.go:PFV
CONT. SKIN. 3SG.S:DH.PFV:H. handle.AO:PFV
1PL.S:Ø.IPV:Ø. laugh:IPV:NOM
because
TO.SIDE. DH.PFV:1SG.S:Ø. SG.sit:IPV
INC:AA.IPV:1SG.S:Ø. do:FUT
PL
TO.SIDE. QUAL. DH.PFV:1SG.S:L. extend:IPV
old.man
ADVZR
earth
also
REFL.PSR. leg
old.man
water
MED. outside:PNCT
NEG
3PL.S>3SG.O. QUAL:DH.PFV:H. kill.SG.O:PFV
PL
still
PL
there
ok
3SG.P. QUAL:Ø.IPV:1SG.S:Ø. say:IPV
PL
swan
AR.S:Ø.PFV:Ø. be.smart:IPV
thus
AND.THEN
CONT. I.PFV:2SG.S:Ø. SG:stand:IPV
INC:AA.IPV:2SG.S:H. make.SG.O:FUT
1SG
yucky
QUAL:Ø.IPV:2SG.S:Ø. extend:IPV
FOC
ADVZR
WHY
and
3PL.P. to
PL
3SG.S:QUAL:DH.PFV:Ø. be.dry:IPV:NOM
1SG.PSR. father
CT
and
MED. outside:PNCT
3SG
3SG.S:DH.PFV:L. seem:IPV
there
small
at:PNCT
FOC
all.long
ADVZR
AA.IPV:1SG.S:Ø. cry:IPV:NOM
to
3PL.O. NEGEX
1SG.P. 3SG.S:Ø.IPV:H. say:IPV
3PL.S:Ø.IPV:H. make.SG.O:IPV:NOM
blanket
waterwards:AR
ADVZR
TIRED. 3SG.S:AA.PFV:D. be.tired:PFV:NOM
IT. 3PL.S:Ø.IPV:D. move.nomadically:IPV:CUST
and
lake
when
thank.you
NEG
OUT. 3PL.S:Ø.IPV:Ø. SG.go:IPV:CUST
those
ADVZR
3PL.S>3SG.O. CON:DH.PFV:Ø. think:IPV
?. 3PL.S:Ø.IPV:D. know:IPV
REFL.PSR. boat:POSS
1SG.PSR. grandmother
MED. out:AR
ADVZR
meat
FOC
PL
finally
also
3SG.S:DH.PFV:H. SG.die:PFV
NEG
PRMB. down:ALL
earth
3PL.S. QUAL:DH.PFV:H. burn:PFV:NOM
in
Q
ADVZR
on
DH.PFV:1SG.S:Ø. SG.sit:IPV
FOC
FOC
1SG.P. away.from
AR.S:Ø.PFV:Ø. be:IPV
chief
2SG.PSR. younger.sister
and
ADVZR
2SG.P. for
AR.O. 3PL.S:AA.PFV:Ø. make.PL.O:IPV:NOM
FOC
CT
INSIDE. 3SG.S:N.PFV:Ø. SG.go:PFV
ADVZR
NEG
and
in
AND.THEN
QUAL:Ø.IPV:Ø. QUAL:Ø.IPV:1SG.S:H. see:IPV
and
thus
at
and
to
there
say:IPV
water
what
2SG
nice
3PL.P. 3SG.S:Ø.IPV:H. say:IPV
finally
THERE
1SG.P. 3SG.S:Ø.IPV:H. say:IPV
ADVZR
duck
to
CT
there
still
from
there
ADVZR
FOC
AWAY. INDF. 3SG.S:N.PFV:L. hide:PFV
at:AR
3PL.PSR. mind
ACROSS. 3SG.S:N.PFV:Ø. water.extend:IPV:NOM
in
AWAY. IT. 3SG.S:N.PFV:D. SG.go.PFV:NOM
and
there
at
IT. 3PL.S. INC:Ø.IPV:D. PL.go:PFV
etc.
dog
the.way
1SG.P. for
INDF.PSR. younger.sister
3SG
woman
and
3SG.S:QUAL:QUAL:Ø.IPV:Ø. speak:IPV:NOM
two
yucky
how
there
and
2PL.P. with
EMPH
ADVZR
AR.O. INC:AA.IPV:1SG.S:H. make.SG.O:FUT
ADVZR
CT
3SG.S>3SG.P. Ø.IPV:H. say:IPV
3SG.S>3SG.P. Ø.IPV:H. say:IPV
children
IGN
ADVZR
3SG.P. PP. Ø.IPV:1SG.S:D. remember:IPV:NEG
AR.S. N.PFV:Ø. be.far:IPV:NOM
DOWN. 3SG.S:INC:QUAL:AA.PFV:L. CO.falls:PFV:NOM
say:IPV
QUAL:Ø.IPV:1SG.S:L. play:IPV
oh
with
and
where:PNCT
PURP
1PL
ADVZR
and
PL
MED. out:ABL
3SG
person
when:PST
and
3PL.PSR. father
while
under
mountain
still
old.man
and
finally
at:AR
to
rope
fish.weir
1SG
3PL.PSR. mother
steel
knee
IT. 3SG.S:QUAL:Ø.IPV:L. PL.go:IPV:CUST:NOM
UP. 3SG.S:DH.PFV:Ø. SG.go:PFV
finally
3SG.P. for
3SG
QUAL:Ø.IPV:1SG.S:Ø. say:IPV
REFL.PSR. mother
if
and
ADVZR
here
3SG
INC. 3SG.S:Ø.PFV:Ø. crawl:PFV
3PL.PSR. father
FOC
what
and
PL
different
FOC
NEG
and
still
AR.S:Ø.PFV:Ø. be:IPV:NOM
1PL.S. AR.O:DH.PFV:H. make.SG.O:PFV:NOM
AWAY. 3SG.S:N.PFV:Ø. SG.fly:PFV
ADVZR
day
at:AR
etc.
hereabouts
UP. 3SG.S:AA.PFV:Ø. SG.go:PFV
trail
3SG.P. with
thus
ADVZR
for
meat
REFL.PSR. mother
small
OUT. N.PFV:Ø. SG.go:PFV
COMPLETELY. 3SG.S:INC. N.IPV:SG.S:L. extend:IPV
when
3SG.S>3SG.P. with
3SG
AR.S:Ø.PFV:Ø. be:IPV:NOM
NEG
ADVZR
here
night
3SG
1PL.PSR. house
INSIDE. INC:QUAL:DH.PFV:Ø. stuff:PASS:PFV
here
when
in
OPT:2PL.S:Ø. move.CO.quickly:PFV
big
and
if
1SG
also
3SG.S:AA.IPV:Ø. SG.go:IPV:PROG
and
1SG.PSR. mother
at:AR
IT. 3PL.S. QUAL:DH.PFV:L. PL.sit:IPV
because
thus
only
IT. 3SG.S:AA.IPV:D. handle.CO:IPV:PROG
NEG
NTRL. up:AR
INC:AA.IPV:Ø. but
say:IPV
still
then
who
because
etc.
3SG
at
and
the.way
PRMB. see:IPV get.dark:PFV
3SG.S:AA.PFV:Ø. SG.go:PFV
1PL.P. through.fault
there
1SG.PSR. maternal.uncle
ADVZR
IT. 3SG.S:N.PFV:D. SG.go:PFV
old.lady
3SG.S>3SG.O. QUAL:DH.PFV:H. throw.CO:PFV:NOM
OUT. 3SG.S:N.PFV:Ø. SG.go.PFV:NOM
FOC
1PL.S:INC:DH.PFV:Ø. move.nomadically:PFV
hail
3PL.PSR. mother
IT. OPT:2SG:S:D. SG.go:OPT
dog:POSS
INDF. NEGEX
ADVZR
AR.S:Ø.PFV:Ø. be:IPV
GIRL
earth
NEG
DH.PFV:2SG.S:Ø. SG:stay:IPV
here
animal
3SG.PSR. woman's.son
ADVZR
1PL.P. PP. INDF.O. 3PL.S:Ø.IPV:H. eat:IPV
3SG.S>3SG.O. QUAL:Ø.IPV:H. see:IPV
then
quickly
DSTL. MED. upriver:ALL
1SG.PSR. older.brother
skin
fire
HOLE OPT:2SG.S:Ø. chop:IPV
3SG
thus
3PL.S:Ø.PFV:Ø. be.many:IPV:NOM
3SG.S>3SG.P. Ø.IPV:H. say:IPV
the.way
2PL.PSR. children
3PL.PSR. hearing
still
Scottie.Creek
PURP
hereabouts
AND.THEN
finally
REFL.PSR. younger.sister
and
1PL.O. 3PL.S:INC:Ø.IPV:Ø. handle.PL.O:IPV:CUST
3SG
ADVZR
on
3PL.S>3SG.P. PP. cut:IPV
here
and
1PL.S:QUAL:Ø.PFV:Ø. be.hungry:IPV
thus
DH.PFV:1SG.S:Ø. SG.stay:IPV:NOM
OUT. AA.IPV:L. PL.go:IPV:CUST
3SG.PSR. eye
GIRL
here
3SG.S>3SG.O. Ø.IPV:H. say:IPV
3PL.S:Ø.PFV:Ø. be.many:IPV
1PL.P. 3SG.S:Ø.IPV:H. say:IPV
3SG.S:Ø.IPV:Ø. cry:IPV:NOM
PL
NTRL. downriver:ALL
APPR
3PL.S. QUAL:DH.PFV:L. PL.stay:IPV
INSIDE. HEAD. 3PL.S:N.PFV:Ø. move.quickly:PFV
1PL.P. to
also
in
this
tree.stump
FOC
3SG.S:QUAL:DH.PFV:L. be.white:IPV
finally
food
ADVZR
NEG
woman
from
at:AR
and
1PL.P. like
1SG.P. with
1SG.P. about
and
3SG
3SG
torso
3SG
AND.THEN
where:PNCT
1SG.P. PP. QUAL:OPT:2SG.S:L. be.scared:OPT
to
moose
PL
3SG
how
AR.S:Ø.PFV:Ø. be:IPV
3SG
wood
ADVZR
be.good:IPV
3SG.S:AA.IPV:L. SG.run:IPV:PROG
CONT. 3SG.S:QUAL:Ø.IPV:L. tell.story:IPV:NOM
1SG.PSR. grandmother
PRMB. 3SG.S:INC:Ø.IPV:L. PL.swim:FUT
RECP.O. PP. 3PL.S. QUAL:Ø.IPV:D. say:IPV
TIRED. 3SG.S:INC:DH.PFV:D. be.tired:IPV
3PL.S:QUAL:DH.PFV:L. PL.stay:IPV:NOM
who
UP. 3PL.S. QUAL:AA.IPV:Ø. SG.fly:IPV:NOM
for
NTRL. down:PNCT
3SG
3SG.S>3SG.P. Ø.IPV:H. say:IPV
across
and
PP. 3SG.S:INC:AA.IPV:L. be.aloof:FUT
ADVZR
only
and
in
also
1PL.S:AA.PFV:L. PL.stay:PFV
ADVZR
3SG.S:Ø.IPV:Ø. 3PL.S. be.good:IPV
1PL.S:QUAL:DH.PFV:L. PL.stay:IPV:CUST
NEG
here
grizzly.bear
3SG.S>3SG.P. Ø.IPV:H. say:IPV
say:IPV
ADVZR
again
lake
well
and
2SG.PSR. child
when
still
old.man
squirrel
and
3SG
PRMB. INC:AA.IPV:2SG.S:H. get.dark:PFV:NOM
GIRL
3SG.S>3SG.O. INC:DH.PFV:Ø. swing:PFV
also
FOC
3SG.S:Ø.IPV:H. say:IPV
2SG.P. QUAL:Ø.IPV:1SG.S:Ø. say:IPV
small
without
three
meandering
Ø.IPV:1SG.S:H. smell:IPV
PL
there
3SG
PROH
dog
dog
3SG.S:Ø.PFV:Ø. be:IPV
2PL.P. to
and
3PL.PSR. younger.brother
WHY
3SG.S:Ø.PFV:Ø. be.big:IPV:NOM
instead
1PL.P. for
3PL.P. to
FOC
PL
PL
WHY
3SG.PSR. younger.sister
3PL.S:Ø.IPV:Ø. say:IPV
3PL.S>3SG.P. Ø.IPV:H. say:IPV
there
AR.S:Ø.PFV:Ø. be:IPV
APPR
CON. 3PL.S:Ø.IPV:Ø. say:IPV
and
3PL.O. INC. N.IPV:2SG.S. pray:IPV:NOM
PL
3SG.S:Ø.PFV:H. be.small:IPV
fire
AND.THEN
ADVZR
and
3SG.PSR. eye
1SG
here
for
at:AR
TERM. 3PL.S:N.PFV:Ø. SG.go.PFV:NOM
ON.TRAIL IT. 3SG.S:Ø.IPV:D. drag:IPV:CUST
REFL.PSR. willow
1SG.PSR. mother
last
raven
INDF.PSR. skin
3PL.S. make.PL.O:PFV
rope
GIRL
now
2PL.P. to
spider
RECP.P. for
earth
and
trail
no
3SG.S:QUAL:QUAL:Ø.IPV:Ø. speak:IPV:NOM
morning
fire
INC:AA.IPV:1SG.S:Ø. SG.go:IPV:PROG
here
OUT. HEAD. 3SG.S:AA.PFV:Ø. extend:IPV
ADVZR
and
when
1SG.PSR. grandfather
OUT. 3SG.S:OPT:Ø. SG.go:OPT
3PL.S:Ø.PFV:Ø. be:IPV
children
3SG.S:Ø.IPV:H. be.windy:IPV:NOM
old.man
3SG
DSTR. INDF.O:1PL.S:OPT:Ø. eat:OPT
ADVZR
3SG.P. QUAL:Ø.IPV:1SG.S:Ø. say:IPV
when
rack
IT. 3PL.S:AA.IPV:D. PL.go:IPV:PROG:NOM
3SG.P. on.account.of
CONT. I.PFV:1SG.S:Ø. SG:stand:IPV
TERM. INC:AA.IPV:2SG.S:Ø. SG.go:FUT
2PL.P. for
ADVZR
and
FOC
sugar
PRMB. down:AR
at
3SG.PSR. pocket
tree.stump
3PL.P. 3SG.S:Ø.IPV:H. say:IPV
3SG.PSR. younger.sister
TERM. 1PL.S. N.PFV:Ø. PL.go:PFV
CT
if
CT
say:IPV
3SG
there
PL
1SG.PSR. wife
3PL.S:Ø.IPV:Ø. say:IPV
ADVZR
there
down:ALL
what
WHY
here
what
1SG.P. for
1SG
devil
3SG.S:N.PFV:Ø. SG.go:PFV
SPEECH. 3SG.S:QUAL:Ø.IPV:L. lie:IPV
CT
3SG.S:QUAL:DH.PFV:L. be.scared:IPV
ADVZR
TERM. IT. 3SG.S:N.PFV:D. SG.go.PFV:NOM
AND.THEN
what
PRMB. 3SG.S:QUAL:Ø.IPV:L. tell.story:IPV
TERM. 3SG.S:QUAL:Ø.PFV:Ø. handle.PL.O:PFV:NOM
away:ALL
3SG.S>3SG.O. Ø.IPV:L. eat:IPV
still
in
Ø.IPV:2SG.S:H. smell:IPV
3SG.S:QUAL:DH.PFV:L. be.scared:IPV
INC:QUAL:AA.IPV:1SG.S:Ø. spend.night:FUT
3PL.S>3SG.P. CARE QUAL:Ø.IPV:H. take.care:IPV
ADVZR
WHY
3SG
3SG.S:QUAL:AA.PFV. hear:IPV
ASRT
what
3SG
3SG.S>3SG.O. 3SG.S:Ø.IPV:H. CO.falls:PFV:NOM
AND.THEN
3PL.S>3SG.O. Ø.IPV:H. dry:IPV:CUST
at:AR
ADVZR
Ø.IPV:2SG.S:H. taste:IPV:NOM
PP. PEJ. 3PL.S:Ø.IPV:D. not.know:IPV
also
3PL.S>3SG.P. INC:Ø.IPV:H. grab:PFV:NOM
FOC
MED. out:AR
ADVZR
3SG.S:AA.PFV:H. glisten:IPV
here
but
3SG.S>3SG.P. Ø.IPV:H. say:IPV
3SG.S>3SG.P. Ø.IPV:H. say:IPV
tea
upland:ALL
3SG
and
children
3PL.P. 3PL.S. QUAL:AA.IPV:Ø. PL.go:IPV:PROG
ADVZR
earth
and
and
IT. 3SG.S:DH.PFV:H. fix:PFV
ADVZR
FOC
3SG
3PL.S. N.PFV:Ø. PL.go:PFV
there
PROX. up:ALL
?. Ø.IPV:2SG.S:L. remember:IPV
in
at:AR
3PL.O. NEGEX
3SG.S:QUAL:DH.PFV:H. kill.SG.O:PFV
then
1PL.P. like
like
REFL:PL. only
ADVZR
ADVZR
NTRL. down:AR
if
where:AR
INDF.PSR. at
3SG
and
PRMB. INC:Ø.IPV:H. get.dark:PFV
3SG.P. HANDING.TO. AA.IPV:1SG.S:Ø. handle.CO:PFV
under
ADVZR
there
ADVZR
trail:POSS
when
3PL.S:INC:AA.IPV:Ø. speak:IPV:NOM
and
3PL.S:QUAL:Ø.IPV:D splash:IPV
big
FOC
also
GIRL
NEG
kelaltseey
3
AVERT
at:AR
old.man
3PL.PSR. older.brother
do:IPV
ADVZR
1PL.PSR. belongings:POSS
NTRL. downriver:ALL
for
AND.THEN
long.time
if
3SG.S:CON. QUAL:DH.PFV:H. knock:PFV:NOM
to
and
3PL.S>3SG.O. INC:AA:IPV:H. dry:FUT:NEG
AND.THEN
3SG.S:DH.PFV:Ø. SG.sit:IPV
animal
REFL.PSR. pocket
3SG.S:DH.PFV:Ø. have.PL.O:IPV:NOM
also
golden.eagle
FOC
here
what
FOC
CT
AR.O. 3PL.S. QUAL:Ø.IPV:H. spot:PFV:NOM
PL
THERE
FOC
PL
IGN
to
day
small
PL
3SG.S:QUAL:AA.PFV. hear:IPV
3SG.S:Ø.IPV:Ø. be.dry:IPV:NOM
3SG.P. QUAL:Ø.IPV:1SG.S:Ø. say:IPV
to
3SG.PSR. child
when:FUT
fermented.fish
butterfly
ADVZR
TERM. N.PFV:1SG.S:Ø. SG.go:PFV
3SG
CT
FOC
finally
IT. 3SG.S:Ø.IPV. D:SG.go:IPV:CUST
thus
and
3PL.S:Ø.IPV:L. be.number:IPV
ADJC. INDF.S:QUAL:DH.PFV:L. carry.weapons:PFV
small
winter
spruce
if
INDF.P. before
and
3PL.O. CON. DH.PFV:D. be.called:IPV
well
AND.THEN
what
women
ADVZR
this
QUAL:Ø.PFV:1SG.S:Ø. be:IPV
3SG.P. in
IT. 3PL.S. QUAL:AA.IPV:D. PL.fly:IPV:PROG
tracks
old.man
thus
from
in
3SG.S:AA.IPV:Ø. SG.go:FUT:NOM
OPT:1SG.S:Ø. SG.go:OPT:PROG
INSIDE. N.IPV:2PL.S:Ø. PL.go:IPV
CT
AR.S:Ø.PFV:Ø. be:IPV
ADVZR
still
get.ready
DUB
no
ADVZR
REFL.PSR. tail
INDF.PSR. skin
QUAL:Ø.IPV:1SG.S:Ø. think:IPV
AR.S:Ø.PFV:Ø. be:IPV
fish
traps
1PL.S:INC:DH.PFV:Ø. PL.go:PFV:NOM
3SG
ADVZR
NEG
be:IPV:NOM
3SG.O. come.in
and
3SG.S:DH.PFV:L. appear:IPV:NOM
1PL.P. to
CONT. 1PL.S:Ø.IPV:Ø. eat:IPV:NOM
creek
also
3PL.P. QUAL:QUAL:Ø.PFV:Ø. handle.PL.O:PFV:NOM
3SG
swan
blueberry
2SG.PSR. grandmother
TERM. be.far:IPV:NOM
IT. 3SG.S:QUAL:AA.IPV:Ø. SG.fly:IPV:PROG
3PL.P. PP. PRETEND. INDF.S:QUAL:DH.PFV:L. say:IPV
3SG.S>3SG.P. Ø.IPV:H. say:IPV
thus
earth
1PL.P. 3SG.S:Ø.IPV:H. say:IPV
3SG.PSR. eye
when:FUT
and
morning
3SG.S>3SG.P. Ø.IPV:H. say:IPV
WHY
INTO.WATER. N.PFV:Ø. SG.experience:PFV
FOC
ADVZR
who
small
ADVZR
ADVZR
1PL.P. 3SG.S:Ø.IPV:H. say:IPV
3PL.S:Ø.IPV:Ø. chop:IPV:NOM
INDF:3SG.S:INC. older.brother
?. 3PL.S:Ø.IPV:D. know:IPV
FOC
in
3PL.S. QUAL:DH.PFV:L. PL.stay:IPV
there
3SG
3SG
say:IPV
QUAL:Ø.PFV:1SG.S:Ø. be:IPV
1PL.S:Ø.IPV:Ø. PL.go:IPV:CUST
PURP
?. PEJ. 3PL.S:Ø.IPV:D. not.know:IPV
small
IT. 3SG.S:INC:AA.IPV. D:SG.go:FUT:NOM
also
Ø.IPV:2SG.S:H. smell:IPV
QUAL. QUAL:Ø.IPV:1SG.S:Ø. speak:IPV:NOM
in
2SG.P. strength:POSS
boat
3PL.S>3PL.O. QUAL:Ø.IPV:H. steal:PFV
before
dog
ADVZR
here
what
3SG
with
in
3PL.P. with
1PL.P. with
say:IPV
ball
3PL.S>3SG.P. QUAL:DH.PFV:H. be.burning:IPV
3SG.PSR. child
3PL.P. to
moose
DOWN. IT. 3SG.S:INC:AA.IPV:H. handle:FO:FUT
TO.SIDE. 3SG.S:QUAL:DH.PFV:L. extend:IPV
about
3PL.P. 3SG.S:Ø.IPV:H. say:IPV
SG.REFL.O. 3SG.S:QUAL:DH.PFV:D. rub:PFV??
spruce
3SG.S>3SG.O. N.PFV:Ø. think:IPV:NOM
but
thus
fish
REFL.PSR. older.sister
rear
3SG.S>3SG.O. AA.PFV:H. be.burning:IPV
TERM. IT. 3PL.S:Ø.IPV:D. PL.go:IPV:CUST
ADVZR
3PL.P. 3SG.S:Ø.IPV:H. say:IPV
ADVZR
for
ADJC. NTRL. ahead:ALL
and
3PL.S:DH.PFV:H. PL.sleep:IPV
PL
muskrat
and
and
thus
IT:AR. 3SG.S:INC:DH.PFV:D. IGN
from
hail
what
3PL.S:QUAL:DH.PFV:Ø. 3PL.S>3PL.O. say:IPV
?. Ø.IPV:2SG.S:D. know:IPV:NOM
3SG.S:QUAL:DH.PFV:D. write:PFV
FOC
3SG.S:AA.IPV:Ø. SG.go:IPV:PROG
3SG.S>3SG.O. without
NTRL. out:AR
1SG.P. with
3PL.P. to
3PL.P. to
IT. 1PL.S:AA.PFV:L. PL.stay:PFV
how
PRMB. INC:AA.IPV:2SG.S. D:SG.go:IPV:CUST
rack
and
2PL.PSR. house
rack
3SG.S>3SG.O. 3SG.S:Ø.IPV:H. roast:IPV
QUAL:Ø.PFV:1SG.S:Ø. be:IPV
3SG.S>3SG.PSR. pack:POSS
1SG.PSR. grandmother
3SG.S>3SG.P. Ø.IPV:H. say:IPV
ADVZR
again
FOC
and
3SG.S:QUAL:Ø.PFV:Ø. be.expensive:IPV
1SG.PSR. wife
?. Ø.IPV:2SG.S:D. shoot:IPV
and
3SG.S:Ø.IPV:H. handle.AO:PFV:NOM
AR.S. QUAL:Ø.IPV:L. be.noise:IPV
INDF.PSR. mother
INTO.WATER. 3SG.S:N.PFV:D. dive:PFV
NEG
thus
3SG.S:QUAL:OPT:Ø. be:PFV
night
lake
3SG.P. for
shore
tru
3SG
NEG
3SG.S:DH.PFV:L. appear:PFV:NOM
QUAL:Ø.IPV:1SG.S:Ø. do:IPV
TERM. 3SG.S:N.PFV:Ø. SG.go:PFV
and
1SG.PSR. mother
at:PNCT
AR. downriver:ALL
ADVZR
here
3SG.S:CON. QUAL:DH.PFV:L. be.related:IPV:NOM
IT. DH.PFV:1SG.S:L. grab:PFV
3PL.PSR. grandmother
and
what
for
2SG.P. dog:POSS
almost
thus
ADVZR
3SG
3PL.S:Ø.IPV:L. extend.LRO:IPV
AND.THEN
REFL.PSR. house
1SG.PSR. maternal.uncle
big
I.IPV:2SG.S:Ø. swim:FUT
3PL.S:Ø.IPV:Ø. say:IPV
NTRL. upland:ALL
move.CO.quickly:PFV
PL
dog
now
when
3PL.S:Ø.IPV:Ø. cry:IPV:NOM
FOC
1SG
trail
algae
what
ADVZR
AR.S:Ø.PFV:Ø. be.wide:IPV
INDF.O. 3PL.S:Ø.IPV:H. filet:IPV:NOM
AVERT
quickly
and
ADVZR
3SG.S:CON. 3SG.S:QUAL:AA.PFV:H. find.CO:PFV:NOM
PEJ. AR:Ø.PFV:1SG.S:H. miss:IPV
if
3PL.P. PP. 3PL.S. 3SG.S:QUAL:DH.PFV:Ø. lost:PFV
3SG
1PL.S. QUAL:Ø.IPV:H. see:PFV
3PL.S. PP. QUAL. AA.PFV:1SG.S:D. fail:PFV
CT
AR.S:DH.PFV:Ø. classify.PL.O:IPV
1PL.P. with
where
AR.S:Ø.PFV:Ø. be:IPV
at:AR
IGN
meat
two
NTRL. upland:ALL
FOC
well
and
3SG.S>3SG.P. with
at:AR
CT
PL
NTRL. to.fire:ALL
3PL.S:Ø.IPV:L. be.number:IPV
ADVZR
OUT. IT. 3SG.S:N.PFV:L. SG.run:IPV
2SG.P. QUAL:AA.PFV:D. say:PFV
punch:PFV
NEG
up:ALL
3SG
2PL.P. for
meat
long.time
OUT. IT. 3PL.S:QUAL:AA.IPV:D. PL.go:PFV
IT. 3PL.S:QUAL:AA.IPV:D. PL.fly:IPV:PROG
1SG.PSR. strength
3SG.O. NEGEX
CT
1PL.S. 3SG.S:DH.PFV:Ø. handle.PL.O:PFV
ALL
and
bugs
NTRL. upland:AR
FOC
3PL.PSR. grandmother
to
although
mountain
IT. 3PL.S:AA.IPV:D. PL.go:IPV:PROG:NOM
3SG.P. around
N.PFV:1SG.S:Ø. look.for:IPV
FOC
3SG.PSR. older.sister
and
3SG.S:Ø.PFV:Ø. be:IPV
NTRL. up:AR
ADVZR
at
person
if
trail
3SG
CT
OUT. IT. 1PL.S:AA.PFV:D. PL.go:PFV
CT
if
dirt
UP. 3PL.S. QUAL:AA.PFV:L. PL.sit:PFV:CUST:NOM
TERM. be.far:IPV:NOM
AND.THEN
do:IPV
ADVZR
where
say:IPV
also
3PL.S:Ø.IPV:Ø. do:IPV:NOM
3SG.S:QUAL:Ø.PFV:Ø. be.big:IPV:NOM
TO. INC. DH.PFV:1SG.S:H. handle.FD:PFV
3SG.S:N.PFV:Ø. SG.go.PFV:NOM
CT
ADVZR
raven
3PL.PSR. food
meat
3SG
1PL.P. in.front
thank.you
ALL
all
NEG
3SG.S>3SG.P. for
person
from
TERM. 3SG.S:Ø.IPV:L. SG.run:IPV:CUST
grass
1SG.PSR. grandmother
the.way
say:IPV
CONT. INDF.O. 3PL.S:Ø.IPV:Ø. eat:IPV:CUST
3SG.S>3SG.P. with
3PL.S:DH.PFV:H. make.SG.O:PFV
FOC
REFL.PSR. clothes
under
if
on
that's.all
AND.THEN
AR.S:Ø.PFV:Ø. be.big:IPV
ASRT
3PL.P. QUAL:Ø.IPV:1SG.S:Ø. say:IPV:NOM
rope:POSS
1SG.PSR. mother
what
1SG.PSR. grandfather
PL
1SG.PSR. child:POSS
PL
1SG
CT
1PL.S:INC:DH.PFV:Ø. PL.go:PFV:NOM
2SG.P. for
there
CONT. 3PL.S:Ø.IPV:Ø. PL.go:IPV:CUST
CT
and
3PL.S:Ø.PFV:Ø. be.small:IPV
trail
ADVZR
INDF.O. QUAL:DH.PFV:2SG.S:H. save:PFV
for
only
swan
MED. out:AR
small
AR.S:AA.PFV:Ø. be:PFV
3SG.P. in
3PL.S>3SG.P. CON:Ø.IPV:Ø. call.name:IPV:CUST
CT
AR.S. QUAL:Ø.IPV:2SG.S:H. see:IPV
3SG.P. QUAL:Ø.IPV:1SG.S:Ø. say:IPV
for
3SG
PRMB. 3PL.S:AA.IPV:D. go.by.boat:IPV:PROG
1PL.S:INC:DH.PFV:Ø. move.nomadically:PFV
AR. the.way
NTRL. up:AR
TERM. 3SG.S:AA.IPV. SG.go:IPV:PROG:NOM
PL
at:AR
ADVZR
tree.stump
IT. 3SG.S:Ø.IPV. D:SG.go:IPV:CUST
3SG.S:AA.PFV:H. kill:PL.O:PFV
bugs
3SG.P. in
say:IPV
thus
3SG.S:Ø.IPV:H. say:IPV
2PL.PSR. grandmother
there
1PL.S:INC:QUAL:AA.IPV:L. PL.stay:FUT
river
TURN.AROUND. 3SG.S:QUAL:DH.PFV:D. animal.runs:PFV
1PL.PSR. children
squirrel
FOC
at:AR
all.long
AR.O. INC:QUAL:AA.IPV:2PL.S:H. see:FUT:NEG
THERE
also
1SG.PSR. mother
and
NEG
OUT. IT. 3SG.S:AA.PFV:D. SG.go:PFV
to
FOC
PL
and
MED. out:AR
3PL.P. 3PL.S:Ø.IPV:Ø. say:IPV
if
night
QUAL:Ø.IPV:2SG.S:Ø. say:IPV
3PL.S:Ø.IPV:L. eat:IPV:NOM
on
QUAL:Ø.PFV:1SG.S:Ø. hear:IPV:NEG
REFL.PSR. boat:POSS
CT
PL
with
UP. 3SG.S:DH.PFV:Ø. classify.CO:IPV
RECP.P. TRADE. 1PL.S:QUAL:DH.PFV:L. handle.PL.O:PFV
3SG.S:QUAL:Ø.IPV:L. PL.stay:IPV:CUST
CT
what
for
PRMB. WEAPON. INDF.O:3PL.S. INC:Ø.IPV:Ø. handle.LRO:IPV:CUST
3SG.S>3SG.P. Ø.IPV:H. say:IPV
thus
3SG.S:CON:Ø.IPV:Ø. grab:PFV
when
TO.CHECK
1SG
?. AA.PFV:1SG.S:L. forget:PFV:NEG
hereabouts
SPEECH. 1PL.S:OPT:Ø. figure.out:OPT
to
3SG.S:QUAL:AA.PFV:Ø. burn:IPV
if
from
and
still
AR.S:Ø.PFV:Ø. be:IPV
1SG.P. 3SG.S:Ø.IPV:H. say:IPV:NOM
what
at
to
CT
downriver:ALL
PL
AND.THEN
downriver:ABL
in
and
MED. outside:ALL
FOC
and
NEG
3SG.S>3SG.P. Ø.IPV:H. say:IPV
TERM. IT. 3PL.S:Ø.IPV:D. PL.go:IPV:CUST
also
big
ADJC. IT. 3SG.S:QUAL:AA.PFV:L. extend:IPV
spider
there
3PL.P. 3PL.S:AA.IPV:Ø. handle.PL.O:FUT
PP. 3PL.S. INC:QUAL:AA.IPV:Ø. say:FUT
NTRL. upland:AR
3PL.S. N.PFV:Ø. move.nomadically:PFV
person
3SG.P. with
DH.PFV:1SG.S:Ø. SG.sleep:IPV
REFL.PSR. mother
AR.PSR. hole
about
moose
thus
3SG.S>3SG.O. DH.PFV:Ø. render:PFV
DES
3SG
3SG.S:DH.PFV:Ø. be.dry:IPV:NOM
and ADVZR
IT. 3SG.S:INC:DH.PFV:D. SG.go.PFV:NOM
and
finally
finally
INDF.O. 3PL.S:AA.PFV:Ø. kill:PL.O:PFV
water
AND.THEN
3PL.S:Ø.IPV:L. be.number:IPV
1SG.P. with
three
moose
AND.THEN
and
3SG.S>3SG.P. Ø.IPV:H. say:IPV
ADVZR
rope
MED. out:AR
3PL.S:Ø.IPV:D. do:IPV:NEG
3SG.S:QUAL:DH.PFV:H. kill.SG.O:PFV
REFL.PSR. older.sister
3PL.S>3SG.P. CON:DH.PFV:D. SG.go:PFV
1SG.O. QUAL:DH.PFV:H. crave:PFV
NEGEX
ADVZR
1SG.P. with
1PL.P. boat:POSS
morning
3SG
CT
old.lady
and
only
rope
and
CT
3SG.S:Ø.IPV:Ø. laugh:IPV:NOM
people
and
because
AND.THEN
and
1SG
for
oh
1PL.PSR. house
3PL.S:Ø.IPV:Ø. say:IPV:CUST
3SG.S:DH.PFV:Ø. be.dry:IPV:NOM
AND.THEN
and
3SG.S:QUAL:Ø.PFV:L. be.white:IPV:NOM
say:IPV
what
NEG
PRMB. CON. INC:QUAL:AA.IPV:2PL.S:H. find.CO:FUT
3SG.S>3SG.P. Ø.IPV:H. say:IPV
PRMB. 3PL.S:INC:QUAL:Ø.IPV:D. PL.go:IPV:CUST:NOM
3SG.P. to
really
TERM. INDF:3SG.S:INC. AA.PFV:H. handle.RO:PFV
RECP.P. with
PEJ. N.PFV:Ø. 3PL.S:Ø.IPV:L. be:IPV
when:PST
NEG
ADJC. 3SG.S:N.PFV:Ø. SG.fly:PFV
dog
and
Ø.IPV:2SG.S:H. smell:IPV
where:PNCT
3SG.S>3SG.O. CON:Ø.IPV:Ø. think:IPV
1SG.O. QUAL:DH.PFV:2SG.S:H. save:PFV:NOM
necklace
3SG.S>3SG.P. 3SG.S:Ø.IPV:H. say:IPV
3SG.S>3SG.O. CON:AA.PFV:Ø. buy:IPV
etc.
3SG.S>3SG.P. Ø.IPV:H. say:IPV
WAKE. 3SG.S:N.PFV:Ø. SG.experience:PFV
there
FOC
CT
QUAL:Ø.IPV:1SG.S:Ø. want:IPV
3SG.S:N.PFV:Ø. be.far:IPV
3SG.PSR. younger.sister
food
finally
3SG.S>3SG.O. QUAL:Ø.IPV:H. see:IPV
from
blueberry
1SG.PSR. mother
?. PEJ. NEG.PFV:1SG.S:D. not.know:IPV
and
1SG.PSR. younger.brother
in
old.man
etc.
QUAL:Ø.IPV:Ø. 3SG.S:QUAL:AA.PFV:H. hide:PFV
ALL
oh
and
here
ADVZR
at:PST
thus
etc.
UP. QUAL:DH.PFV:L. SG.experience:PFV
winter
AND.THEN
PL
and
NTRL. up:ALL
old.man
3SG.PSR. mother
that's.all
3PL.S:Ø.IPV:Ø. say:IPV
3SG.S:QUAL:DH.PFV:Ø. be.burning:IPV
small
3SG
water
1PL.P. through.fault
FOC
AR.S. N.PFV:Ø. be.long:IPV:NOM
wood
NEG
INDF.O:3SG.S:Ø.IPV:Ø. eat:IPV
up:ALL
to
GIRL
3SG
fish
but
at:AR
AR.S. INC:DH.PFV:Ø. be:PFV
grandchild
3SG.S:Ø.PFV:Ø. be:IPV
1PL.S:INC:DH.PFV:Ø. PL.go:PFV
children
TERM. 3PL.S:N.PFV:Ø. SG.go.PFV:NOM
UP. 3SG.S:AA.PFV:H. rip:PFV
CT
3SG.PSR. mother
3SG
FOC
1PL.S:INC:Ø.IPV:Ø. PL.go:IPV:CUST
thus
for
down:ALL
3PL.S>3SG.O. QUAL:Ø.IPV:H. sing:IPV:CUST:NOM
blueberry
water
to
3PL.S:QUAL:Ø.IPV:D happen:PFV
really
CT
woman
ADVZR
loon
3PL.S. QUAL:DH.PFV:Ø. spend.night:PFV:NEG
where
morning
WHY
if
when
fish
cache
ADVZR
3SG.PSR. stomach
3SG
INDF.O. 3SG.S:QUAL:DH.PFV:H. kill.SG.O:PFV
blueberry
ON.TRAIL Ø.IPV:2PL.S:Ø. PL.go:IPV
3PL.P. 3PL.S:Ø.IPV:Ø. say:IPV
animal
PL
3SG
DANCE. 3PL.S:Ø.IPV:L. do.mourning.dance:IPV
when
like
who
thus
to
ADVZR
CT
how
ADVZR
now
TERM. be.far:IPV:NOM
thus
DISTRIBUTE. 1PL.S:Ø.IPV:Ø. handle.PL.O:IPV:DSTR
thank.you
wood
1PL
also
3SG
?. 3PL.S:Ø.IPV:D. know:IPV:NOM
NTRL. across:PNCT
who
like
at
OK
to
3PL.S:Ø.IPV:Ø. say:IPV
ONTO.SHORE. 3SG.S:DH.PFV:Ø. swim:PFV
3SG
but
birch
old.lady
QUAL:Ø.IPV:2SG.S:Ø. listen:IPV:NOM
1SG.PSR. grandmother
for
3PL.S:Ø.IPV:L. be.number:IPV
give.me
down:AR
like
quickly
REFL.PSR. head
and
tracks
3SG.S>3SG.P. Ø.IPV:H. say:IPV
there
what
ADVZR
1PL.P. with
only
and
TERM. IT. 1PL.S:INC:Ø.IPV:D. PL.go:IPV:CUST
thus
long.time
3SG.S>3SG.P. Ø.IPV:H. say:IPV
NTRL. downriver:PNCT
if
and
PROH
REFL.PSR. grandchild
TERM. 3PL.S. N.PFV:Ø. move.nomadically:PFV
3SG.P. with
1SG.PSR. name
QUAL:Ø.PFV:1SG.S:Ø. be.hungry:IPV
OUT. INDF:3SG.S:INC. AA.PFV:Ø. tear.off:PFV
what
AR. upland:ALL
ADVZR
also
the.way
water
ADVZR
3SG
only
and
ADVZR
IT. INC:QUAL:AA.IPV:2PL.S. D:spend.night:FUT
small
bugs
then
3SG
no
PRMB. INC:OPT:2SG.S. D:SG.go:OPT:CUST:NOM
and
2PL.P. for
2SG.P. for
3SG.S:QUAL:Ø.IPV:H. look:IPV
and
in
animal
to
ALL
now
TO.CHECK
1SG.PSR. mother
AR.S:Ø.PFV:Ø. be:IPV
children
out:ABL
ASRT
bush
ADVZR
three
3SG.S:QUAL:DH.PFV:L. be.scared:IPV
from
1PL.S:INC:DH.PFV:Ø. go.by.boat:PFV
3SG
trail
and
TO.CHECK
3SG
ADVZR
PL
AR.S:AA.PFV:Ø. be:PFV
1SG.P. for
because
meat
to
1SG.O. QUAL:DH.PFV:2SG.S:H. save:PFV:NOM
PL
surprise!
TERM. 3SG.S:N.PFV:Ø. SG.go:PFV
ADVZR
1SG.O. older.brother
but
that
2PL.P. with
those
fire
here
QUAL:Ø.PFV:1SG.S:Ø. be:IPV
when:FUT
like
3SG.S:QUAL:Ø.IPV:Ø. INC:AA.IPV:Ø. D:SG.go:FUT
there
3SG.S>3SG.P. for
rock
PROX:AR. across:ALL
woman
PROX. ahead:ALL
small
oh
3SG.S>3SG.O. 3PL.S:Ø.IPV:Ø. say:IPV
1SG.P. 3SG.S:Ø.IPV:H. say:IPV
who
here
at:AR
there
3SG.S>3SG.O. 3SG.S:QUAL:QUAL:Ø.IPV:Ø. buy:IPV
3SG.S:QUAL:QUAL:Ø.IPV:Ø. speak:IPV:NOM
ADVZR
?. INC. DH.PFV:1SG.S:L. forget:PFV
black.bear
AR. MED. up:ALL
if
3SG.S>3SG.PSR. older.sister
3SG.S:DH.PFV:Ø. SG:stay:IPV
3SG
food
still
1SG.PSR. mother
CT
on
PL
lake
PL
3PL.PSR. younger.sister
and
at
3SG.S:INC:DH.PFV:Ø. SG.go:PFV
finally
?. 1PL.S:Ø.IPV:D. say:IPV:NOM
water
AR.S:Ø.PFV:Ø. be:IPV
thus
Q
3SG.S>3SG.P. with
FOC
at:AR
old.man
thus
what
lake
3PL.S:Ø.IPV:Ø. do:IPV:NOM
3PL.P. house
hail
say:IPV
FOC
and
3SG
3PL.PSR. nest
at:AR
and
thus
PROX. AR. side
NTRL. down:ALL
1PL.P. following
and
PL
PRMB. WAKE. QUAL:DH.PFV:L. look:IPV:CUST
3SG
to
and
also
hereabouts
under
1PL.P. with
and
DOWN. 3SG.S>3SG.O. AA.PFV:H. hang:IPV
ball
finally
CONT. QUAL:OPT:1SG.S:L. tell.story:IPV:NOM
ADVZR
CT
3SG.S:Ø.IPV:H. say:IPV
people
3PL.P. to
at:AR
in
and
3PL.S>3SG.O. Ø.IPV:D. know:IPV:NEG
3SG.S:DH.PFV:H. SG.die:PFV
3SG.P. behind.back
and
hereabouts
IT. 1PL.S:INC:Ø.IPV:D. PL.go:IPV:CUST
good
PURP
finally
sled
ADVZR
GIRL
PL
IT. 1PL.S:INC:Ø.IPV:D. PL.go:IPV:NOM
FOC
really
IT. 1PL.S:N.PFV:D. PL.go:PFV:NOM
2PL.P. for
ADVZR
1PL.S:Ø.IPV:Ø. laugh:IPV:NOM
3PL.S>3SG.O. QUAL:Ø.IPV:Ø. speak:IPV:CUST
AND.THEN
dirt
PL
still
before
3SG
3PL.S. QUAL:DH.PFV:L. PL.stay:IPV:CUST
?. Ø.PFV:1SG.S:D. know:IPV
CT
meat
finally
PL
1SG.PSR. grandmother
AR.O. QUAL:Ø.IPV:1SG.S:H. see:IPV
NEG
UP. 3SG.S:DH.PFV:Ø. SG.sit:IPV
FOC
water
people
and
quickly
what
lake
lake
outside:ALL
and
no
spider
AND
3SG.S:QUAL:AA.PFV:Ø. burn:IPV
QUAL:Ø.IPV:Ø. QUAL:Ø.IPV:1SG.S:H. see:IPV
PL
1PL.P. boat:POSS
tru
here
spruce
3PL.S:AA.PFV:Ø. kill.PL.O:PFV:NOM
1SG.PSR. older.brother
AS.WELL
spruce
3PL.S>3PL.P. with
ADVZR
when
dentalium
CT
who
beside
at:AR
for
3SG.P. QUAL:Ø.IPV:1SG.S:Ø. say:IPV
INDF.PSR. grandmother
QUAL. INC:AA.IPV:2PL.S:Ø. name:FUT
ADVZR
AR.S:Ø.PFV:Ø. be:IPV
well
big
there
trail
when
suddenly
OUT. 1PL.S:Ø.IPV:Ø. handle.PL.O:IPV:NOM
trail
child
3PL.S:QUAL:DH.PFV:L. PL.sit:IPV
and
lake:POSS
and
and
INSIDE. PP. D:SG.go:IPV:CUST
3SG
to
INDF:3SG.S:INC. QUAL:DH.PFV:L. hide:PFV
still
oh
PURP
cold
3PL.PSR. father
devil
CT
spruce
and
at
and
3SG.S>3SG.P. Ø.IPV:H. say:IPV
ADVZR
on
PL
white.person
ahead:PNCT
truly
rope
if
2SG
grass
3SG.S:DH.PFV:L. seem:IPV
MED. out:AR
QUAL:DH.PFV:H. kill.SG.O:PFV
3SG.S:Ø.IPV:H. say:IPV
if
FOC
thus
AR.O. 3SG.S:N.PFV:Ø. speak:IPV:NEG
3SG
1SG.PSR. father
3SG.S:INC:DH.PFV:L. SG.run:PFV
?. PEJ. 3PL.S:Ø.IPV:D. not.know:IPV
3PL.PSR. hearing
3PL.S>3SG.P. Ø.IPV:H. say:IPV
ADVZR
3PL.S>3SG.O. CON:Ø.IPV:Ø. name:IPV
2SG.PSR. grandfather
3SG
when:FUT
for
at:AR
CT
dog
NEG
3SG
and
AR.S:Ø.PFV:Ø. be:IPV
OUT. OPT:1SG.S:Ø. crawl:OPT
ADVZR
knife
if
morning
2PL.P. with
on
2SG.PSR. maternal.uncle
FOC
now
3SG
3PL.S:AA.IPV:D. be.old:PFV
and
those
from
INC. 3SG.S:QUAL:Ø.PFV:Ø. swim:PFV
and
eye
MED. out:AR
in
and
ADVZR
1SG.PSR. maternal.uncle
3SG
mother
AR.S:Ø.PFV:Ø. be:IPV
NEG
and
PRMB. 1PL.S:INC:AA.IPV:D. PL.go:FUT
TERM. AR.S:DH.PFV:Ø. event.occurs?:IPV:CUST?
FOC
AR.S:DH.PFV:D. happen:PFV:NOM
person
CT
3PL.P. for
bird
AWAY. IT. 3SG.S:QUAL:DH.PFV:D. SG.fly:PFV
head
3PL.PSR. pocket
3SG.S>3SG.O. QUAL:DH.PFV:H. kill.SG.O:PFV
FOC
ADVZR
at:AR
1PL.S:DH.PFV:H. PL.sleep:IPV
PROH
FOC
old.man
DH.PFV:1SG.S:Ø. SG:stay:IPV
PROH
AR.S:Ø.PFV:Ø. be:IPV
AR.S:ø.PFV:ø. be:IPV:NOM
when
WEAPON. 3PL.S. INDF.S:QUAL:DH.PFV:L. handle.PL.O:PFV
PL
WHY
the.way
PL
blueberry
DOG. small
for
for
3SG.S:DH.PFV:Ø. say:IPV:CUST
PL
1SG.PSR. grandmother
rack
1SG.PSR. maternal.uncle
and
3SG
there
in
3PL.P. for
no
1SG.P. with
at:AR
2SG
IT. 1PL.S. Ø.IPV:L. hunt:PFV:NOM
PL
FOC
PL
REFL.PSR. dog:POSS
winter
ADVZR
NEG
3PL.P. with
ALL
3PL.S>3PL.O. QUAL:QUAL:NEG.PFV:Ø. listen:IPV:NEG
3PL.S>3SG.P. in
IT. 3SG:INC:QUAL:DH:PFV:Ø. SG.fly:IPV:NOM
1PL.PSR. children
for
CONT. INDF.O:Ø.IPV:2PL.S:Ø. eat:IPV
thus
and
really
TO.CHECK
3SG.S:AA.IPV:L. SG.run:IPV:PROG
ADVZR
REFL.PSR. children
on
night
up:ALL
and
1PL.O. 3SG.S:Ø.IPV:H. say:IPV:NEG
and
2SG.PSR. pack:POSS
there
ADVZR
3PL.P. 3SG.S:Ø.IPV:H. say:IPV
while
FOC
for
ADVZR
CONT. QUAL:OPT:2SG.S:L. tell.story:IPV:NEG
finally
3PL.P. food
PP. 3SG.S:QUAL:DH.PFV:Ø. happen:PFV
muskrat
1SG.PSR. grandfather
water
at:AR
do:IPV:NOM
1SG.P. to
ADVZR
1PL.P. long.before
blueberry
3SG.PSR. child:POSS
1SG.PSR. grandmother
REFL.PSR. mother
FOC
to
truly
1PL.P. long.before
NTRL. out:AR
black.bear
PL
ADVZR
3SG
AR.O. among
sympathy
AND.THEN
3SG.S:DH.PFV:H. SG.die:IPV
and
what
bugs
ADVZR
3PL.S:Ø.IPV:Ø. say:IPV
ADVZR
3SG.S>3SG.O. 3SG.S:INC:AA.IPV:Ø. fight:FUT
CT
INSIDE. 1SG.O. 3PL.S. N.PFV:H. carry.AO:PFV
3SG.S>3SG.P. Ø.IPV:H. say:IPV
and
dog
when
3SG.PSR. dog:POSS
like
3SG.S>3SG.PSR. face
2SG.PSR. mother
hereabouts
3SG.S>3SG.P. Ø.IPV:H. say:IPV
women
the.way
rope
rabbit
and
down:ALL
thank.you
IT. QUAL:Ø.IPV:L. look:IPV:CUST
here
when
SPOT IT. INDF. AR. QUAL:Ø.IPV:2PL.S:L. watch:IPV
ADJC. across:PNCT
now
and
big
3SG.PSR. name
but
here
3SG.S:DH.PFV:H. SG.die:PFV
fish
ADVZR
because
1SG.PSR. mother
at:AR
OPT:1SG.S:L. eat.PL.O:OPT:NOM
children
on
YAMAAGN.TEESHYAAY
suddenly
INTO.WATER. 3SG.S:INC:DH.PFV:Ø. sink:PFV
3PL.P. for
what
and
and
3SG.S:INC:AA.IPV:H. snow:FUT:NOM
CT
3SG
to
ADVZR
only
PRMB. INC:Ø.IPV:H. get.dark:PFV
in
at:PNCT
3SG.P. QUAL:Ø.IPV:1SG.S:Ø. say:IPV
at
AND.THEN
3PL.P. for
AWAY. INC:AA:IPV:H. PL.go:FUT:CUST
WATER. shore
ADVZR
NEG
eye
winter
1PL.O. 3PL.S:Ø.IPV:Ø. handle.PL.O:IPV:CUST:NEG
1SG.PSR. mother
among
IT. DIST:1PL.S>INDF.O:Ø.IPV:Ø. eat:IPV:CUST:NEG
3PL.S:Ø.IPV:Ø. know:IPV:NEG
3SG.S:DH.PFV:Ø. SG.sleep:IPV
3PL.S:DH.PFV:H. PL.sleep:IPV
to
dog
TERM. 3SG.S:N.PFV:Ø. SG.go:PFV
?. 3SG.S:QUAL:Ø.IPV:H. see:IPV:NOM
precious
and
AA.IPV:1SG.S:Ø. SG.go:IPV:PROG
at
and
water
NTRL. up:AR
and
again
3SG.S:QUAL:DH.PFV:Ø. grab:PFV:NOM
there
thus
AWAY. 3SG.S:N.PFV:Ø. SG.fly:PFV
GIRL
AR.S:Ø.IPV:Ø. be:IPV:CUST:NOM
NTRL. upriver:AR
plate
also
CONT. 3PL.S. N.PFV:Ø. handle.PL.O:IPV:CUST
1PL
to
3SG.S:INC:DH.PFV:L. SG.run:PFV
QUAL:Ø.IPV:1SG.S:Ø. do:IPV
3PL.S:AA.PFV:Ø. be.dry:PFV:NOM
for
ADVZR
OUT. 3PL.S>3SG.O. AA.PFV:Ø. handle.CO:PFV
1SG.PSR. mother
ADVZR
here:IMP
at:AR
3SG.S>3SG.P. with
children
1SG.PSR. older.brother
INDF.PSR. older.sister
child
CONT. 1PL.S. QUAL. 3PL.S:INC:AA.IPV:L. tell.story:IPV
Ø.PFV:1SG.S:Ø. SG.sit:PFV
PL
3SG.S>3SG.O. PRMB. INC:DH.PFV:L. swim.on.surface:PFV
TERM. 3SG.S:N.PFV:Ø. SG.go:PFV
and
PL
PROH
3SG.P. to
3SG.S:DH.PFV:H. SG.die:PFV
beside
this
REFL.PSR. wife
INDF.PSR. younger.sister
3SG.PSR. wife
AA.IPV:2PL.S:Ø. PL.go:IPV:PROG
3PL.P. to
ON.TRAIL. 3SG.S:AA.PFV:H. handle.AO:PFV
NTRL. ahead:ABL
in.its.place
NEG
PL
to
GIRL
when
also
PL
no
AR.S. QUAL:Ø.IPV:1SG.S:H. see:IPV:NOM
fire
and
for
and
PROX. AR. ahead:ALL
INDF.PSR. older.sister
QUAL:OPT:2SG.S:Ø. handle.RO:OPT:CUST
INC. DH.PFV:1SG.S:Ø. SG:sleep:PFV
thus
2SG.P. PP. CONT. 3SG.S:QUAL:Ø.IPV:L. tell.story:IPV
PRMB. INC:OPT:1SG.S. D:SG.go:OPT:CUST:NOM
and
3SG.S:Ø.IPV:H. filet:PFV:NOM
3SG.S:Ø.IPV:Ø. 3PL.S. INC:QUAL:AA.IPV:Ø. say:FUT:NOM
water
3SG.S:Ø.PFV:Ø. be:IPV:NOM
only
where:AR
when
AND.THEN
NTRL. up:ALL
rock
INC:QUAL:AA.IPV:2PL.S:H. say:FUT:NOM
water
still
two
1PL.PSR. hand
etc.
on
and
1SG.P. following
1SG.PSR. father
3PL.S:Ø.IPV:D. be:IPV:NOM
well
some
out:ABL
2SG
also
like
when
3PL.P. 3SG.S:Ø.IPV:H. say:IPV
in
MED. out:ABL
SPOT QUAL:DH.PFV:L. spot:PFV
OUT. 3SG.S>3SG.O. QUAL:AA.PFV:H. handle.AO:PFV
3SG.PSR. mother
REFL.PSR. wife
3PL.S:AA.PFV:D. grow.old:PFV
3PL.S. QUAL:Ø.IPV:H. gather:IPV
QUAL:OPT:2SG.S:Ø. do:OPT
1PL.S:QUAL:QUAL:Ø.PFV:Ø. hear:IPV
IT. OPT:2SG.S. D:SG.go:FUT
at:PNCT
NEG
thus
1SG.P. PP. QUAL:OPT:2SG.S:L. be.scared:OPT
truly
3SG.S:QUAL:AA.PFV. hear:IPV
and
1SG.PSR. grandmother
people
dog
1PL.S:Ø.IPV:Ø. string:IPV
for
3SG
1SG.PSR. mother
PL
INDF.PSR. 3SG.S:QUAL:AA.PFV:H. club:PFV
finally
3PL.S. INC:DH.PFV:Ø. PL.go:PFV
there
moose
OUT. 3PL.S. QUAL:Ø.PFV:Ø. PL.go:PFV:NOM
like
AR.S:Ø.PFV:Ø. be:IPV:CUST
ADVZR
WAKE. 3SG.S:N.PFV:Ø. SG.experience:PFV
at
ADVZR
PL
TERM. 3SG.S:N.PFV:Ø. SG.go:PFV
3SG.S>3SG.O. QUAL:DH.PFV:H. kill.SG.O:PFV
PL
PL
ADVZR
1PL.S:OPT:Ø. cut:IPV
3SG
here
at:AR
DH.PFV:1SG.S:Ø. SG:stay:IPV
here
for
3SG.S:AA.IPV:L. SG.run:IPV:PROG
also
at
and
1PL.P. for
thank.you
fire
say:IPV
AND
3PL.P. 3PL.S:Ø.IPV:Ø. say:IPV:CUST
AR.S:AA.PFV:Ø. be:PFV:NOM
spruce
TERM. IT. N.PFV:1SG.S:D. SG.go:PFV
FOC
3SG
IT. INDF:3SG.S:INC. Ø.IPV:2SG.S:Ø. eat:IPV
willow
thus
big
here
when
3SG
and
3SG
old.man
3SG
when:FUT
IGN
thus
OFF.TRAIL. OPT:2SG.S:Ø. SG.go:OPT
3PL.S:Ø.IPV:H. SG.die:IPV:CUST:NOM
trail:POSS
thus
AR.S:Ø.PFV:Ø. be:IPV
3SG.S:INC:DH.PFV:L. SG.run:PFV
and
IT. 3SG.S:OPT:L. melt:OPT
thus
ADVZR
and
CT
DH.PFV:2SG.S:Ø. SG:stay:IPV
finally
person
1SG.O. 3PL.S:Ø.IPV:Ø. say:IPV
at
down:AR
1SG.P. younger.sister
FOC
trail
3SG.S:AA.PFV:Ø. SG.go:PFV
long.time
ADVZR
also
child
and
spring
MED:AR. down:ALL
at:AR
QUAL:Ø.IPV:Ø. lung
and
bugs
quickly
AR.S:Ø.PFV:Ø. be:IPV
at
3SG
NEG
3SG.S>3SG.P. for
yes
1SG.O. older.sister
tent
3SG.S:Ø.PFV:Ø. be.big:IPV:NOM
NEG
and
1SG.O. NEGEX
here
eye
white.person
small
3SG.S:QUAL:DH.PFV:H. kill.SG.O:PFV
AND.THEN
3SG
1SG.PSR. grandmother
tent
3SG.S>3SG.P. Ø.IPV:H. say:IPV
AND.THEN
only
3SG.S:QUAL:DH.PFV:Ø. spend.night:PFV:NEG
and
Ø.IPV:1SG.S:D. work:IPV
for
3SG.S:QUAL:DH.PFV:Ø. spend.night:PFV
3SG.S:Ø.PFV:Ø. be:IPV:NOM
IT. 1PL.S:QUAL. INC:AA.IPV:L. tell.story:IPV:NOM
where:AR
ADVZR
ACROSS. IT. 3SG.S:QUAL:Ø.IPV:L. handle.PL.O:IPV:CUST
finally
3PL.S>3SG.O. QUAL:Ø.IPV:H. gather:IPV:CUST
3SG.S:INC:DH.PFV:Ø. SG.go:PFV
3SG.S>3SG.P. Ø.IPV:H. say:IPV
RECP.P. TRADE. 1PL.S:AA.PFV:L. handle.PL.O:PFV
3SG.S:AA.IPV:Ø. SG.go:IPV:PROG
old.man
children
INDF.PSR. younger.sister
3SG.PSR. PP. INC:QUAL:AA.IPV:2PL.S:L. PL.stand:IPV
SURROUNDING ?. INC:QUAL:AA.IPV:1SG.S:Ø. handle.PL.O:FUT
rabbit
hole
ASHORE. IT. 1PL.S:INC:Ø.IPV:Ø. go.by.boat:IPV:CUST
3SG.S:Ø.IPV:H. make.SG.O:PFV
3SG.S:QUAL:Ø.IPV:Ø. grow:IPV
knee
3SG
ADVZR
3SG.S:QUAL:Ø.IPV:H. gather:IPV
rack
where:AR
PL
UP. 3SG.S:DH.PFV:Ø. classify.CO:IPV
FOC
good
also
from
while
what
AND.THEN
black.bear
say:IPV
2SG.O. 3PL.S. INC:AA.IPV:Ø. cut:IPV
NTRL. upriver:AR
and
upland:AR
now
in
NTRL. out:AR
1PL.S:CON. QUAL:I.PFV:Ø. find.PL.O:PFV:NOM
3SG
AR.O. INC:QUAL:AA.IPV:1SG.S:H. look:FUT:NEG
3SG.O. NEGEX
finally
IT. 2SG.O. 1PL.S:INC. QUAL:AA.IPV:H. kill.SG.O:FUT
child
INTO.HOLE. 3PL.S>3SG.O. Ø.IPV:Ø. handle.PL.O:IPV:CUST
3SG.P. in
finally
ADVZR
when
3SG.S>3SG.P. Ø.IPV:H. say:IPV
PL
3SG.S:Ø.IPV:H. say:IPV
TO.TRAIL. IT. 1PL.S:N.PFV:D. PL.go:PFV:NOM
3PL.S>3SG.P. Ø.IPV:H. say:IPV
at:AR
because
INDF.S. AR. QUAL:DH.PFV:L. rustle:PFV
for
lake
say:IPV
what
rice
CT
on
AND.THEN
at:AR
?. 3PL.S:Ø.IPV:D. know:IPV:NEG
thus
thus
3PL.P. 3SG.S:QUAL:AA.PFV:Ø. say:PFV
CONT. 3PL.S. QUAL:Ø.IPV:Ø. handle.PL.O:IPV:CUST
trail
truly
DROWN. 3SG.S:N.PFV:Ø. SG.experience:PFV
3SG.S:NEG.PFV:Ø. be:IPV:NOM
when
TERM. be.far:IPV:NOM
UP. 3PL.S:Ø.IPV:H. extend:IPV
without
person
scraper
and
AR.S:Ø.PFV:Ø. be:IPV
at:PNCT
at:AR