say AOR
"Samur"
all
say.IMPV
horse OBL SP ESS
go ENT
say ENT
jar
paper PL
because
how
oh
take AOR
say ENT
boy
day OBL DAT
king OBL DAT
girl
a.while.after
give ENT
help FUT
girl
1sg.ERG DAT AND;FOCUS
king OBL DAT
kind
give ENT
girl
after
snow
say AOR
where.being.PTP.SBST
2sg.gen
return ENT
say ENT
2sg.abs
country
leg PL hand PL
dear
1pl.abs
1sg.ERG DAT
village OBL DAT
after.all
say AOR
once AND;FOCUS
say AOR
that
reign ERG DAT
climb(up),mount ENT
keep AOR
dog
these ERG DAT AND;FOCUS
2sg DAT
but
good
news PL
suddenly AND;FOCUS
journalist
Jahan
three four
seventy
1pl.gen
that DAT
1pl.gen DAT
come AOR
sea OBL GEN
talis ERG
whirlpool
1pl.erg
every
1sg.gen
Yaran
horse OBL SP ESS AND;FOCUS
that
sign
say ENT
side OBL DAT
there
come AOC
give
come.down AOR
doing.AOP
1sg.ERG DAT
after
that
Shahdag OBL GEN
say ENT
hand IN EL
finally
oneself
public OBL DAT
war
1sg.gen
pearls PL OBL GEN
hour OBL GEN
say AOR
say ENT
yes
so.much
say AOR
good
1pl.gen DAT
vallah.billah
chapter IN EL
know IMPF NEG
rain
vacation
cop
say AOP TEMP
sit ENT
1pl.abs
other
she AND;FOCUS
boy GEN
say AOR
what
say ENT
girl
go AOR
that
rest INF
go INF
word PL
1sg.ERG
make.mistakes
this AND;FOCUS
1pl.abs
fire
girl AND;FOCUS
village OBL DAT
say.IMPV
water
there
give IMC
harvest
previously.mentioned.one
cloth AND;FOCUS
say ENT
say AOR
soul
cop
say AOR
worthy
air PL ERG DAT
give AOP
friend DIR
1sg.ERG
look IMPF
it
that
bring HORT
him.to DAT
young
return AOC
happening
rest INF
so.much
that
mother OBL GEN
newspaper OBL DAT
animal
line
oh
boy OBL GEN
say ENT
picture
him.to AND;FOCUS
us ERG
say IMPF
every
king
this
say ENT
say ENT
evening GEN
these ERG AND;FOCUS
handful IN ESS
dog
he DAT
soldier OBL SB EL
go ENT
himself ERG GEN
Bezkhanum ERG
say ENT
one ERG GEN
go AOR
go AOR
mine
all
say AOR
tire
1pl.abs
thing AND;FOCUS
man
fortress OBL DAT
arab PL
be GEN
say AOR NEG
look.IMPV
go AOC
name AND;FOCUS
turn.back AOC
himself ERG AND;FOCUS
answer
say.IMPV
that
down
go AOC
fall.on AOC
where
today
time OBL SP EL
that
2sg.gen
now
make,do AOC
2sg.gen
girl
them ERG
say AOR
come AOC
water
night OBL DAT
know IMPF NEG
secure AOR
want IMPF
open ENT
give INF
him.to GEN
even
mother OBL GEN
german.person ERG
say ENT
go AOR
say ENT
hit FUT
bring FUT
1pl.abs
say AOR
"Samur"
beautiful
car OBL GEN
mother
him.to DAT
1sg.ERG DAT
sea OBL GEN
that OBL DAT
blood
1sg.ERG AND;FOCUS
say AOR
cop.NEG
he
book IN EL
like
time
cop.NEG
make,do AOR NEG
moaning;.ahh
relationship
boy AND;FOCUS
is PST
say ENT
dog
chapter OBL SP ESS
and
is PST SBST
hand
in.no.way
place
great
1sg.gen
appear AOC
say AOC
man OBL DAT
say AOR
that
that
boy
that
that
before
Avar
fortress OBL GEN
now
sea OBL GEN
necklace PL
go AOR
dear
cloth PL
thorn PL IN EL
give ENT
them ERG GEN
house OBL DAT
was
start ENT
come PERF
sea OBL GEN
hide PERF
newspaper OBL GEN
these
military.service ERG
pearls PL
evening
sea OBL GEN
very
say ENT
dog
baby
say AOR
us ERG
clever
dream IMC
name
Berlin DIR DAT
1pl.abs
girl AND;FOCUS
girl PL OBL GEN
look AOP COND
picture
empty
and
go AOR NEG
go.again,return FUT
hay OBL GEN
heart IN ESS
head
boy AND;FOCUS
now
look AOC
say AOR
him.to
sea OBL GEN
himself ERG GEN
girl PL
make INF
say ENT
one
it
say ENT
that
which
1pl.gen DAT
want IMPF PTCP SBST
town.square OBL SP ESS
1pl.erg
1sg.ERG DAT
with DAT
boy
these
make.filled AOC
come ENT
come AOC
down
was
my
1sg.gen
say AOR
say ENT
on
climb(up),mount AOR
open PST IMMANT
kill FUT
give AOP
give FUT AND;FOCUS
teacher
happened PERF
give MSD
say AOR
principle OBL DAT
is AND;FOCUS
1sg.ERG
good
himself ERG GEN
neighbor
1sg.ERG DAT AND;FOCUS
time
2sg.abs
grandfather ERG
fall AOR
say ENT
more
hospital OBL DAT
1sg.ERG
bring AOR
cop AOR
dog
like GEN DIR
there AND;FOCUS
Migrah PL OBL GEN
2sg DAT
say ENT
there
Derbent.in OBL GEN
sweetheart
go AOC
hey.man
Bezkhanum
knowledge
get.out AOC
new
that
happening.AOC
say ENT
deceive AOC
now
Holiday OBL SP EL
himself this DAT
say IMPF
say AOP
word PL
dear
seventy
1sg.ERG DAT
harvest
say ENT
chapter OBL SP ESS
brother AND;FOCUS
girl ERG AND;FOCUS
it
pleasant
he.also GEN
upset
what OBL DAT
that
or
yes
water
1pl.erg
stand.up,rise AOR
keep AOR
so.much
reign ENT
my which
1pl.abs
enter HORT
mother
beautiful
return AOR
eye PL
her
return AOR
themselves ERG GEN
girl
swear
him.to DAT
say AOR
all
eye PL OBL SP ESS
that
with
look AOP COND
quickly
what
but
steed
dog
2sg DAT
old
is
say AOR
mother OBL GEN
actions.do FUT
right
what
hand
go AOC
leg
coming PST SBST
1pl.abs
heart OBL SP EL
you
horse OBL GEN
buy HORT
come AOC
dog OBL DAT AND;FOCUS
actually
export
this.one
2sg DAT
boy
friend PL OBL SB EL
call.IMPV
he GEN
more AND;FOCUS
say ENT
wood PL
give
news
mother OBL GEN
keep AOR
cause
wood PL
love OBL GEN
2sg.abs
cop if
say AOR
happy
german.person AND;FOCUS
go AOR
thing AND;FOCUS
but
beautiful
walk INF walk INF
1sg.ERG DAT
say AOR
return AOC
say ENT
home
heart IN ESS
say AOR
send.back;send.again IMPF
see.IMP
that
once
my
2sg.abs
with DAT
say AOR
that
soldier PL
wound
girl
keep AOR
beautiful
catch AOC
fear IMPF
please.do
rain AOP
price
time OBL SP DIR
bring AOR
1sg.ERG DAT
deceive AOC
that
take PERF
kill INF
throw AOC
grandmother
come PERF PST
1sg.ERG
then
adhere PERF NEG
say AOP PL AND;FOCUS
eeh
redo AOR
such
himself ERG GEN
himself ERG GEN
light
if.do
chapter IN EL
Chukotka OBL DAT
war
news PL
Shahdag
return AOR
puppy
1sg.ERG
every
that
1sg.ERG
that ERG DAT
how
go AOR
more
man ERG
come AOC
two
sea OBL GEN
go HORT
now
saw.mill PL
himself ERG GEN
ahh
1sg.ERG DAT
from.here
barrack OBL SP ESS
girl
where
relative ERG AND;FOCUS
return AOC
ticket PL
advice
strip PL
pearls PL
that
say ENT
2sg.abs
know ENT NEG
boy AND;FOCUS
in.no.way
that
three
is PST
dog OBL GEN
good
there
want FUT
them ERG
is DAT
six
how
fall,precipitate IMPF
one
captain
plough
mother AND;FOCUS
he.also GEN
slowly
look AOC
get.out AOC
1sg.ERG
then
give FUT
father
grandmother
hide PERF
boy OBL GEN
look.IMPV
way IN ESS
Tagiyev
storm
time AND;FOCUS
principle
sit AOC
Bezkhanum
Asef
how
actually
girl
say ENT
boy ERG AND;FOCUS
is DAT
stove OBL SP ESS
catch AOC
old.woman
2sg.abs
Jahan
that
house PL OBL DAT days OBL DAT
1sg.gen
she DAT
hay PL
great
young
1sg.ERG DAT
stand.up,rise AOR
NEG make,do OPT
come.out AOR
2sg.abs
himself ERG GEN
hand IN EL
king
cop.PST.NEG
1sg.ERG
today
what ERG DAT
heart OBL SP ESS
that
being
himself OBL GEN
1pl.erg
soldier
like.that
other.one
mouth
fireplace OBL DAT
divide
(historical).story OBL GEN
say AOR
middle IN EL
1sg.ERG DAT
secretly
it
it
1sg.ERG
together
two.three
bring AOR
house PL OBL GEN
beautiful
say ENT
2sg.erg
look AOC
word PL
take PERF
that
is DAT
walk AOR
king
patience
that
say AOR
with
2sg.abs OBL
her
fortress OBL DAT
that
come AOC
advice OBL AD ESS
1sg.gen
it
direct
THIRTY
himself ERG GEN
vodka
boy OBL DAT
jar
COME.DOWN
say AOR
now
say AOC
two ERG GEN
stay,remain AOR
baby PL
say AOR
sea OBL DAT
please.do
dog
himself ERG DAT
hand IN EL
go FUT
every
grandmother
move hut AND;FOCUS
will.not.be
there DAT
LIKE.WOULD.BE
him.to
dog
2sg.gen
robber
think.much PROH
open
that OBL DAT
tea PL
Lezgi PL AND;FOCUS
absolutely
very
1pl.erg
one AND;FOCUS
after
deceive ENT
like.that
say ENT
fireplace IN ESS
that
very
scream IMPF
grandfather ERG
where
give AOC
say ENT
say ENT
girl PL ERG
say AOR
say ENT
very
wife AND;FOCUS
lean
1pl.abs
boy AND;FOCUS
jewish
punishment
steed
once
Berlin IN EL
say AOR
boy OBL AD ESS
new
what
wed FUT
1sg.ERG
leave AOC
dear
russian PL
hardly
girl
after
let.it.be.OPT
1pl.abs
say AOR
hay PL
cloth AND;FOCUS
say AOR
boy ERG
bread AND;FOCUS
these
is PST DIR
say AOR
eye PL OBL SP ESS
say ENT
seen SBST
say ENT
what
nation IN EL
needing.AOP
start ENT
enough
him.to GEN
he AND;FOCUS
you.know
want IMPF PTCP
play AND;FOCUS
my
want ERG
say AOR
happening.AOC
he
son AND;FOCUS
but
that
captain
1sg.ERG DAT
take HORT
1sg.ERG
horse OBL SP ESS
then
evening
goods.and.chattels
COME.DOWN
these
man
fire
know IMPF
knowledge AOC
have
buy FUT NEG Q
that
think.much IMPF
1pl.gen DAT
hand
be.born POSTR
but ERG
send.away.IMPV
hand PL OBL AD ESS
after.all
cop.Q
was
hospital IN ESS AND;FOCUS
that
1pl.gen DAT
water
Poland DIR DAT
1pl.abs
or
be DAT
say AOP
army.(rus)
dog
that
falcon
yard IN EL
grandfather OBL DAT
it
girl
artist
say IMC
Azerbaijan
say ENT
horse OBL GEN
year ERG DAT
child OBL SP ESS
say AOR
time
say ENT
she DAT
catch ENT
very
often
1pl.abs
pans PL
stone
dog
this.one
horse OBL SP ESS
us OBL GEN
oh
1pl.erg
hide ENT
boat IN ESS
feild IN EL
TOTALY
come AOC
where
day
that
approach AOR
two
newspaper OBL DAT
Yes
2sg.gen
say AOR
here
forty
how
horse ERG
two
even
sea OBL GEN
cop.NEG
wood PL
say ENT
forest OBL DAT
say AOR
good
that
now
son
sit AOC
bug
take AOR
steed OBL PT ESS
1pl.gen
bring AOR
he AND;FOCUS
rain
dream IN EL
say ENT
even
go.again,return AOR
say ENT
station
girl
eat AOR
1pl.abs
country OBL DAT
2sg.abs
say AOR
go IMPF
happening PL
USSR
bring AOC
today GEN
well
Shahdag OBL GEN
village OBL GEN
jar
say AOR
COME.TILL
she DAT AND;FOCUS
1pl.gen DAT
the.are.not.any
cop
2sg.erg
ditch SBST INF
relative
what
ashuq ERG
here
cause.to.sit ENT
dog
jar
fire
father
doing.AOP
himself ERG DAT
carry.up AOR
all
look IMPF Q
what
take AOC
two
be.IMPV
write FUT PST
girl OBL DAT
keep,defend AOR
hand IN ESS
2sg.abs
address
make IMPF
1sg.gen
girl
go ENT
help FUT
happened PERF
neighbor PL
go ENT
1pl.abs
relative OBL DAT
evening OBL GEN
say ENT
say ENT
time
say ENT
well
1pl.gen DAT
1sg.gen
1pl.abs
1sg.ERG
table OBL SP ESS
day OBL SP ESS
go AOR
that
himself ERG GEN
sea OBL GEN
Sedaget
1sg.ERG
brother
wall PL OBL AD ESS
girl OBL SP ESS
boy
say AOR
sea OBL GEN
head
2sg DAT
your
can.be.NEG
catch AOR
spring OBL SP ESS
look AOP COND
1sg.ERG DAT
is.there
girl
2sg DAT
go AOR
each.other
bank OBL AD ESS
take.off AOC
word
go AOC
eye PL
say IMPF
take FUT
2sg.gen
say ENT
you ERG
eeh
stand.up,rise AOR
probably
father
sweetheart
say AOR
child PL OBL SP ESS
Holiday OBL DAT
these
great
other
what ERG GEN
other
horse
that
kill FUT
himself
1pl.abs
pair
Lithuania OBL DAT
country OBL DAT
bread AND;FOCUS
you
form
fortress OBL AD ESS
say AOR
say ENT
soldier
2sg.abs
flake
business OBL DAT
come AOR
give AOR NEG
SECOND
this.one
thing AND;FOCUS
2sg.abs
that
hand
2sg.gen
dog PL
public OBL DAT
word
2sg DAT
that
great
girl
eat AOR
after
say AOR
give
there
boy OBL DAT
1pl.erg
steal
2sg DAT
with
him.to DAT AND;FOCUS
come AOC
my
want ERG
hang.PFT.PTP PERF PST
centimeter
make ENT
say ENT
oh
say ENT
moaning;.ahh
fall AOR
fireplace IN ESS
king OBL GEN
say ENT
time
catch ENT
look INF
girl AND;FOCUS
Afiya
name
be.AOP.COND
move hut AND;FOCUS
girl AND;FOCUS
say AOR
were.speaking
time
he
1sg.ERG DAT
my
mortar.man PL
say ENT
boy ERG
water PL
attention PL
robber PL
Soviet ERG GEN
go AOC
all
go AOR
say AOR
spring OBL SP ESS
never
happy
1pl.erg
her
that
Lithuania IN ESS
kill INF
return AOR
you
cook IMPF PST SBST
fight ENT
here PST
climb(up),mount AOC
that
armenian OBL GEN
say AOP TEMP
cut INF
2sg DAT
boy AND;FOCUS
himself ERG GEN
her
right NESS
dear
no
say ENT
encirclement IN ESS
cloth AND;FOCUS
horse
take AOC
give INF
valley PL
return AOR
other
cause.to.sit ENT
door
hand IN ESS
here PST
himself this DAT
IT.WILL.BE.DONE
make IMPF
say PERF
2sg.gen
teacher ERG
say ENT
that
remove AOR
say AOR
put.under AOC
1sg.gen
he GEN
look AOP COND
buy AOR
look.IMPV
say ENT
she DAT
strong
it
here ERG
yourself DAT
bone AND;FOCUS
call ENT
1pl.gen
that
he
story OBL GEN
place
ditch OBL DAT
2sg.abs
king
just
say ENT
REACHED.ENT
pile
sea OBL GEN
Bezkhanum OBL PT ESS
THERFORE
every
before
soul OBL DAT AND;FOCUS
them ERG GEN
say AOR
scale
can NEG AND;FOCUS
say ENT
the.German
2sg.abs ERG
what ERG GEN
brother PL
house OBL DAT
brother
appear.PTP.SBST
2sg.abs
king AND;FOCUS
go PERF COND
run AOR
cop.NEG
son
call AOR
that
catch AOC
my
fire
fall,precipitate IMPF
call AOC
say AOR
outpost SP ESS
dear
sea OBL GEN
1sg.ERG
was
soil
robber
hole
is NEG
with DAT
king OBL GEN
1pl.erg
that
be.AOP.COND
great
neighbor
1sg.ERG
say ENT
say AOR
2sg DAT
boy AND;FOCUS
catch ENT
happy
1sg.ERG
day
you.know
these
take.off AOR
appear AOP TEMP
1pl.erg
wish OBL GEN
fire
go FUT
word
1pl.gen
is
agree
1sg.ERG
catch AOC
phone PL
Hadji
great
jump
there
he
say AOR
girl OBL GEN
say AOR
with
hand IN EL
1sg.ERG DAT
himself ergative DAT
one
over
1pl.abs AND;FOCUS
say ENT
come
chair PL
stay,remain IN
make IMPF
say AOC
ticket PL
picture
boy OBL DAT
1sg.ERG DAT
me.from AND;FOCUS
even
means
then
grandchild PL AND;FOCUS
come.on
from.there
1sg.ERG
being.AOC
then
say AOR
return AOR
you.know
start AOR
kazakh
that
1sg.ERG DAT
say AOR
all
1sg.gen
crane
give FUT
good
horse
horse
that
say ENT
bring.IMPV
king OBL GEN
neck
And.but
king
who
go ENT
good
cavalry
country OBL DAT
talk
all
these ERG DAT AND;FOCUS
1pl.gen
step
cop
is DAT
say ENT
that
2sg.abs ERG
this ABS
lie.down PERF
he
Bebir
great
man
then
you.know
1sg.ERG
come.out
knowledge
side PL OBL ESS
that
mother
there.from
public OBL DAT AND;FOCUS
1pl.abs
now
was
forest PL IN EL
boy
three
here.you.go
2sg.abs
2sg.abs ERG
military.service OBL DAT
woman PL AND;FOCUS
return ENT
the.same
air PL ERG DAT
only
grandfather ERG
Tagiyev OBL DAT
beautiful
so.much
say ENT
give
these MSD
draw,pull INF
sit!
was
city OBL DAT
good
him.to AND;FOCUS
here DAT
say ENT
way
Georgia DIR DAT
want IMPF PTCP SBST
red
go AOC
now
was
heart IN ESS
you.know
stand.up,rise INF
after.all
your
dog
1pl.gen DAT
calm
want IMPF
dog
take.down AOR
go ENT
boy
friend PL ERG
untrusted
come PERF PST
more
her
that
1sg.ERG
fall FUT
give AOC
talk AOR
boy OBL DAT
king
never
girl
blind
together
like.this
buy AOR
in.vain
love OBL GEN
city OBL DAT
say ENT
more
1pl.abs
want ERG DAT
her
2sg.abs
say AOR
one
come AOC
never
picture
my
wood PL
say AOR
king
2sg.gen
say ENT
one ERG
this.one
1sg.ERG DAT
say IMPF
2sg DAT
1pl.gen DAT
son
on.foot
teacher
form PL
want
look AOC
say ENT
place OBL DAT
say AOR
want IMPF
1sg.ERG
better PL ERG GEN
you.know
2pl.abs
like
he
say AOR
you.know
year
more
time OBL SP ESS
Sedaget
boy ERG
himself ERG GEN
say ENT
then
cloth AND;FOCUS
open ENT
russian
only
knowledge AOR
what
2sg.abs
boat
1sg.gen
from.far
can't OPT
other
girl
go AOC
dear
pearls PL
these ERG AND;FOCUS
who
2pl DAT
stone OBL GEN
two
give HORT
once AND;FOCUS
want IMPF
now
go AOR
king
after
say IMPF
girl
horse
NEG give AOC
thirty.forty
great
1sg.ERG
liking
one
on
owner AND;FOCUS
is.there
himself OBL GEN
make FUT
Everything
1sg.ERG
separated
deep
cop
say AOR
look MSD
but
principle
girl
hide HORT
three
Mehman's OBL GEN
oh
mountain.person
border. DIR DAT
now
thing AND;FOCUS
boy ERG AND;FOCUS
1pl.erg
new
enter FUT
forest OBL GEN
that
Ma'am
happy
bug
that
there PST
girl
now
punishment
open ENT
screaming.AOP
is.there SBST TEMP PST
cop
plough
appear AOC
son
day
it.seems
1pl.gen
say.IMPV
1sg.ERG
more AND;FOCUS
go.IMPF.PTC.SUBT
neighbor
I
two
and
chase FUT
say AOR
yes
happy
Isabala DIR GEN
say ENT
wish
is PST SBST TEMP PST AND;FOCUS
these
clever NESS
spade OBL AD ESS
bug
fall.on AOR NEG
punishment
hospital OBL DAT
make,do AOC
1sg.ERG
say IMPF
shoulder OBL SP ESS AND;FOCUS
toast PL
say ENT
dog
say AOR
that.aforementioned
border. PL
five
now
say AOR
take AOC
beautiful
knowledge
1sg.ERG
here
these OBL DAT
puppy PL AND;FOCUS
horse OBL SP ESS
every
go.again,return AOR
that
happened PERF
then
be.born IMC
want IMPF PTCP
finish
Lithuania OBL GEN
drink.IMPV
justice
girl PL
1pl.erg AND;FOCUS
say ENT
him.to DAT
seen
is PST SBST
is DAT
1pl.abs
so.much
dog
him.to GEN
o'clock OBL GEN
about
1sg.gen
egg PL
victorious
fall.on AOR NEG
anywhere AND;FOCUS
son
every
say ENT
more
that
go.again,return AOR
boy OBL DAT AND;FOCUS
bring FUT
he
what HORT
horse
that
jewish.also AND;FOCUS
sea OBL AD ESS
and
go.again,return IMPF
go AOC
1pl.gen
commmissurate AOC
with DAT
two
say AOR
1sg.ERG DAT
that
come PERF PST
boy OBL DAT
1pl.abs AND;FOCUS
was
servant PL
say ENT
that
Shahdag OBL GEN
1sg.ERG DAT
bread
here.to
eye OBL SB EL
die!
september OBL DAT
love
so.much
grandchild PL AND;FOCUS
he
1sg.ERG
say AOR
isn't
1sg.ERG DAT
tsits
on..duty OBL DAT
2sg.abs
so.much
oh
help COND
say AOR
happened PERF
1pl.erg
friend PL OBL PT ESS
say AOR
Idris
COME.TILL
himself ERG GEN
day
was.ENT
attack
it.seems
1pl.erg
then
say AOR
here
eat INF
fireplace OBL GEN
come.out AOR
look AOP COND
go AOC
here PST
cavalry
time OBL DAT
now
child PL ERG
war
fear
that
2sg.abs ERG
voice
after
say AOR
very
great
father
1pl.abs
that
after.all
say ENT
city
himself
1sg.ERG DAT
cop
country OBL DAT
ashuq ERG
happened PERF
money
1pl.abs
that
himself ERG GEN
say AOR
2sg DAT
fall AOR
village OBL DAT
come AOC
why
soviet
2sg DAT
but
or
like.that
bring FUT
that OBL DAT
these
is PST
he NEG
girl AND;FOCUS
2sg.gen
alphabet PL IN SP ESS
girl
say ENT
teacher
Lithuania OBL GEN
"Samur"
rain
say ENT
sea OBL DAT
minute
that
put.under PERF
give AOR
maybe
after.all
say AOR
he
appear
say ENT
Shahdag OBL GEN
steed
sweet
say AOC
girl OBL GEN
maybe
1pl.abs AND;FOCUS
pearls OBL GEN
him.to
good
Sedaget
create
then
say IMC
Bezkhanum ERG DAT
love
1sg.ERG GEN AND;FOCUS
1sg.ERG
boy OBL GEN
child PL
escape IMPF
boy OBL DAT
buy INF
himself this DAT
so.much
look AOR
bird
hay OBL GEN
remove AOR
there
1pl.abs
is.there PST
say IMPF
know ENT NEG
all
grasshoppers PL
start ENT
absolutely
1pl.abs
baby
time
cloth PL
then
two
lie.down AOR
hey
come AOC
himself OBL GEN
amazing
clean
hand
blood
water
coming PST SBST
my
say AOR
escape AOR
he
sea OBL GEN
HIDE.IMPV
separate AOR
say AOR
say ENT
cop
boy OBL GEN
1sg.ERG DAT
or
that
appear ENT
want IMPF NEG
make HORT
say AOR
agreement
bread
great
day
happen
night OBL DAT
justice
with
1pl.abs
go IMPF
fire
drink NEG
horse
was
secretly
her
go AOC
grandfather OBL DAT
worthy DIR
say IMPF
happening
brother
great
himself ERG GEN
stick
is DAT
1sg.ERG DAT
what.do FUT COND
boy OBL GEN
grandfather ERG
yes
want
son
it
throw AOC
happened PERF
wedding
boy AND;FOCUS
make HORT
come ENT
down
that
say AOR
boy OBL PT ESS
girl
1sg.ERG
go IMPF
worry
1sg.ERG DAT
is DAT
knock AOR
please.do
like.that
what ERG DAT
2sg.gen
another
here
over
ashuq
Bilesuvar.to OBL DAT
heart OBL SP EL
put ENT
go ENT
boy AND;FOCUS
So,
chase FUT
1pl.abs
old
group IMC
1pl.abs
you.know
say AOR
with DAT
say AOR
come AOR
cloth PL
but
dear
call AOC
him.to
he
even
plough
want IMPF
water
come ENT
girl OBL SP ESS
together
these ERG
old.woman
say AOR
want ERG
building
1sg.ERG DAT
himself ergative DAT
boy
fall.on AOR
king
1pl.erg
country
school OBL SP EL
say FUT
1pl.abs
say AOR
1sg.ERG
five.six
1pl.erg
bus
jump AOC
you
fall FUT
1sg.gen
that
go PERF COND
1pl.abs
all
girl
know FUT NEG
paper
jump IMPF
week IN SP EL
dear
1pl.erg
today GEN ERG GEN
here
two.three
this OBL DAT AND;FOCUS
that
1pl.gen DAT
other.one
say ENT
return PERF
1pl.erg
stomach IN ESS
station OBL GEN
Lezgi
this OBL DAT
happened PERF
1pl.abs
call ENT
mother AND;FOCUS
name PL
1sg.ERG
make ENT
soil
make.ache IN
girl
open ENT
come AOC
choose FUT
girl OBL GEN
mother OBL GEN
give ENT
happened PERF
that
with DAT
1pl.gen
boy OBL GEN
sea OBL GEN
drink ENT
folktale AND;FOCUS
these INF
(historical).story IN
more
girl OBL DAT
direction.(rus)
come AOC
Yes
thorn PL OBL AD ESS
voice
all
Tagiyev ERG
blue
go ENT
say AOR
then
1pl.abs
stay,remain IN
say AOR
all
uncle
throne OBL SP ESS
can NEG
say AOR
us ERG
say ENT
on.itself
before
cop.NEG
boy ERG AND;FOCUS
tremor
appear AOC
say AOR
was
good
her
far
good
you.know
take AOR
say AOR
say AOR
say AOR
shoot.down AOR
go INF
escape AOR
fire
1sg.gen
he DAT
two OBL DAT
2sg.gen
appear IMPF NEG
fireplace IN ESS
knowledge
stone
with DAT
cop
1sg.ERG
there.from PST
1pl.abs
himself ERG GEN
hand IN ESS
want IMPF
Hadji
cop INF
place IN EL
what
come.down AOR
this.one
break
all
brother AND;FOCUS
wife
1sg.ERG DAT
say IMC
eye PL OBL SP ESS
Sedaget
what
sea OBL SP EL
take AOC
so.much
father
grandmother
say AOR
say ENT
girl OBL DAT
day
say AOR
then
moaning;.ahh
go AOR
is DAT
say AOR
it
girl
give IMPF
hand IN EL
oh
help FUT COND
voice
A.LITTLE
turn.back IMPF
interesting
wife
it
Medjnun
after
but
bring AOC
want IMPF
1sg.ERG AND;FOCUS
say ENT
poem PL
great
forest PL OBL GEN
evening OBL GEN
dear ERG
after.all
stove OBL SP ESS
1pl.erg
head
teacher
oh
party OBL DAT
attention
my
return AOR
1sg.ERG
take IMC
friend DIR
how
go ENT
happened PERF
talis ERG
think.much AOR think.much AOR
call ENT
catch AOC
king
now
1sg.ERG DAT
long
THIS.NIGHT DAT
come AOC
girl
us ERG
animal PL
eye PL
himself
village OBL GEN
ring PL
out
boy
beautiful
shack
there
word
want IMPF
come ENT
return PERF
he
pair
word PL
boy OBL DAT
it
mother
sister
that
say AOP TEMP
very
was
cop
with
he
village OBL DAT
say AOR
1sg.ERG DAT
hand IN ESS
leg
here
everybody ERG
say IMC
go ENT
villager PL OBL DAT
every
say ENT
beautiful
After
girl
dear
go.again,return ENT
return AOC
put.under AOC
I.wonder
say AOR
stuff
young PL
or
side OBL AD ESS
there
reach AOC
uh
that
1sg
go ENT
return AOR
two
Imran ERG
king AND;FOCUS
pleasant
war
start ENT
say AOR
two
she DAT
take.off ENT
dastan PL
way
say AOR
boy
that
1sg.ERG DAT
put! ENT
he
call ENT
was
Holiday OBL DAT
but
beautiful
1sg.ERG DAT
1pl.abs
Anadyr.from DIR DAT
bank OBL AD ESS
often
captivity(rus)
steal
still.be,.remain
say AOR
you
1pl.gen
grandfather ERG
glass
say ENT
long ENT
boy
way,.road OBL SP EL
water
look AOC
oh
but
this
say ENT
look AOP COND
time PL IN EL
girl AND;FOCUS
will.be
brother
folktale
bed IN ESS
that
house
come AOC
vacation
organize FUT
how
say AOR
which.ones
crane OBL GEN
hand
province IN ESS
time
go PERF
happened PERF
say AOR
say ENT
grandfather OBL DAT
dear
2sg.abs ERG
say ENT
be.will
say AOR
what
himself ergative DAT
chapter OBL SP ESS
soil
hand
anger
no
live ENT
yes
he GEN
1pl.erg
say AOR
take ENT
2sg.abs
1pl.erg
himself ERG GEN
say ENT
1sg.ERG DAT
military.service OBL DAT
house OBL DAT
moaning;.ahh
1sg.gen
wedding PL
person
themselves ERG GEN
say AOR
wood
king OBL DAT
spring
enter PERF
bank IN ESS
there
floor OBL DAT
1sg.ERG
plough
2sg DAT
is COND
her
baby
cloth PL
you
so.much
say ENT
like.this
1sg.gen
bread
us ERG DAT
recording
cry
1sg.ERG
return AOC
house
say ENT
himself AND;FOCUS
very
neighbor OBL SP ESS
go AOC
Bezkhanum
but
put.in PERF PST
necese
with
with
say AOR
boy AND;FOCUS
put! ENT
give.PTP.MAN
himself OBL GEN
say AOR
he
one AND;FOCUS
now
pocket IN EL
2sg.gen
like.that
know IMPF
give PERF
village OBL DAT DIR
newspaper
1sg.ERG DAT
say AOR
stone PL OBL GEN
attention ENT
baby PL
look AOP COND
maybe
1sg.ERG DAT
finally
him.to AND;FOCUS
dear
here
was
1sg.gen
donkey ERG GEN
say ENT
girl
then
forty.five.fifty
go AOR
Yes
1sg.ERG DAT
anyway
before
animal
1pl.erg
what ERG GEN
all
go FUT
say ENT
himself
however.COND.FOC
2sg DAT
that
open ENT
hand IN EL
such
light
cloth PL
nation
wood PL
you
king OBL GEN
open PST IMMANT
THANK.YOU
water
rice PL
2sg.gen
1pl.gen
that
more AND;FOCUS
day
1sg.ERG
1sg.ERG DAT
two card.
say ENT
how
make.extiguished AOR
dear
where PST
1pl.erg
come ENT
say AOR
1sg.ERG
say AOR
him.to
1sg.ERG DAT
countryside OBL DAT
turn.back AOC
here
take AOC
girl AND;FOCUS
say ENT
she
floor IN ESS
soil PL
want ENT PTCP
plov PL
he
that
that
passport
horse ERG
TO.GIVE
boy
is NEG INF
what
1sg.ERG
voice
enter OBL GEN
side
say AOR
water
boy OBL GEN
these
come AOR
what
look.IMPV
say IMC
man
good
1sg.ERG DAT
bread
is NEG
want IMPF
he
1sg.ERG
him.to AND;FOCUS
HIDE.IMPV
say IMPF
say ENT
voice
that
1sg.ERG
throne OBL SP ESS
agreement
that
happy
torn.to.pieces
that
great
ground IN ESS
boy ERG AND;FOCUS
bring AOC
puppy ERG
chapter OBL SP ESS
go.again,return HORT
him.to AND;FOCUS
use
give ENT
2sg.abs
now
chapter OBL SP ESS
means
After
say AOR
every
secretly
these
say ENT
go AOR
say AOR
with
say AOR
as.if
child PL
bring AOR
1pl.abs
is COND
punishment
surname
1sg.ERG DAT
let.it.be
you.know
come AOC
village
mother OBL GEN
new
family OBL DAT
middle IN EL
on
her
time OBL DAT
he GEN
attach AOC
red
hit AOC
1sg.ERG DAT
year
this
handful IN ESS
fall,precipitate IMPF
create
little
ring PL AND;FOCUS
1sg.ERG DAT
facility OBL SP EL
even
now
you.know
your
military
sea OBL GEN
eight
boatman OBL DAT AND;FOCUS
Afiya
1pl.abs
say ENT
new
call AOC
after
sister
down
voice
ashamed
village OBL DAT
Jahan
two
fortress
before
that
that
big
take.off ENT
say AOR
pearls PL
agree
say AOR
war
uncle
well
Sabrillah
1pl.abs
old.woman
was
oneself
2sg.abs
two
example
answer
great
well
you ERG
yes
cop.NEG
what
look AOC
say ENT
rest INF
say AOP
you.know
he DAT
now
THIS
before
horse OBL SP ESS
1pl.gen DAT
say IMPF
say AOR
over
you.know
that
became.ENT
leave AOR
take
wood PL
that
jar
say AOR
good
house PL OBL ESS
1pl.abs
although
mother AND;FOCUS
1pl.gen DAT
pass ENT
1sg.gen
hut
order
shepherd
well
1pl.abs
story
he
it
happened PST TEMP
Bezkhanum
person
so.much
girl
come AOC
snow
say ENT
say AOP TEMP
that
girl
look AOP COND
horse OBL SP ESS
testomony PL
that
house OBL GEN
go.again,return IMPF
happened PERF NEG
other
1sg.ERG
but
time
himself ERG GEN
difference AND;FOCUS
in.no.way AND;FOCUS
boy
soil AND;FOCUS
2pl.abs
punishment
send ENT
come ENT
was
spring
another
Bats
enter FUT
very
himself ERG GEN
say.IMPV
what
look AOC
Pushkin
bug
with AND;FOCUS
here DAT
great
horse OBL GEN
pearls PL
young
week
soil
what
dear
after
ashamed
bread
pour
these ERG GEN
1sg.ERG
now
1sg.ERG DAT
sea OBL DAT
person
that
boy OBL DAT AND;FOCUS
horse OBL GEN
every
say AOR
king OBL GEN
you.know
moaning;.ahh
town.square OBL SP ESS
boy AND;FOCUS
two
was
that
that.one
countries PL OBL DAT
after
these ERG GEN
fall.on AOR
1pl.erg
1sg.gen
boy OBL DAT AND;FOCUS
other
with
catch AOR
go INF
my
springboard
Azerbaijan PL
1pl.abs
king OBL DAT
forest PL OBL DAT
say AOR
here
say ENT
thorn PL IN EL
he
grandfather ERG
horse
burning
what
word
decision OBL DAT
a.while.after
head
boy
think.much AOR think.much AOR
girl AND;FOCUS
2sg.gen
also
group
horse OBL GEN
separate AOR
sea OBL SP EL
dear
head
say AOR
go AOR
girl
1sg.ERG
bird
precipitate
king
fire
country OBL DAT
1pl.abs
hay PL
say AOR
dastan
say AOR
send.PTP.COND
2sg DAT
horse OBL GEN
riches
put.under AOC
girl
say.IMPV
say ENT
1sg.ERG
before
was
that
dastan
gold
force
cloth PL
militaries
my
1sg.ERG DAT
what ERG DAT
hill OBL SP ESS
go AOR
2sg DAT
cut INF
look AOP TEMP
us OBL GEN
say ENT
philosopy
one
bug PL OBL SB EL
that
appear.PTP.SBST
1pl.gen
more AND;FOCUS
girl
look AOC
good
catch AOC
1sg.ERG DAT
shepherd ERG
oh
get.out AOC
Yaran
drink AOR
only
life OBL DAT
head
great
document PL
owner
wedding PL
Uhm
good
on
give FUT PTCP
fall,precipitate IMPF
homeland OBL DAT
praise
look IMPF
oh
say AOR
happy
man PL
thing
air OBL SP EL
give AOR
hand IN ESS
go.IMPF.PTC.SUBT
say AOR
chapter OBL SP ESS
these
1sg.ERG
say AOR
wood PL
night OBL DAT
give IMPF
please.do
say ENT
After
russian PL AND;FOCUS
punishment
sea OBL GEN
take FUT
say ENT
bring AOC
say AOR
young
dog
this.one
soil AND;FOCUS
internet
give
say INF
say ENT
sen.Allah
girl
come AOC
armenian AND;FOCUS
secretly
girl
go AOC
medicine
1sg.ERG DAT
black
place
him.to AND;FOCUS
say ENT
that
newspaper OBL GEN
that
Lezgi
say ENT
1sg.gen
Sedaget
was
boy OBL GEN
house OBL DAT
1sg.gen
old.woman
call.IMPV
that
say AOR
2pl.abs
girl
say AOR
bread
why
catch PERF
cloth PL
is PST
night OBL DAT
drink AOC
remove AOC
he.also
group
all
leg
him.to GEN
say AOR
now
new
1sg.ERG DAT
you.know
go AOR
Christian
heart IN ESS
milk OBL SB EL
Uhm
send ENT
get.out AOC
brother PL AND;FOCUS
say IMPF
1pl.erg
land.surviver
this
this.one
my
girl
that
say AOR
give PERF PST
1sg.ERG AND;FOCUS
Bezkhanum
king
so.much
1sg.ERG
tea OBL DAT
1sg.ERG
taxi OBL DAT
say AOC
Uhm
say AOR
fire
then
his
say AOR
cop
2sg DAT
wait IMPF
you
girl
say AOC
1sg.gen
say ENT
die INF
plan
him.to
day
anyway
say ENT
sea IN EL
please.do
eye PL
say AOR
Sasha
bring.IMPV
fireplace OBL DAT
2pl.abs
1sg.ERG DAT
wall OBL SP EL
come AOC
sea OBL GEN
come AOC
go.IMPV
was
say AOR
burn AOP PURP
appear PERF
2pl.abs ERG
go INF
escape AOR
side OBL DAT
before
2sg.abs ERG AND;FOCUS
Allah
king OBL GEN
well
courage
is NEG
plantation OBL DAT
chapter OBL SP ESS
man
more AND;FOCUS
there PST
open
kill FUT
medicine
plough
is PST
down
you.know
sit ENT
public
and
boy ERG
was
say ENT
sea OBL GEN
him.to
word
fur PL
yes
know IMPF NEG
necklace PL
it
stay AOR
there
send PERF
this
girl PL ERG
sit AOC
girl OBL GEN
say ENT
come AOR NEG
way,.road OBL GEN
after
say AOR
say ENT
call ENT
because.of
eye PL
say ENT
put.out AOR
three
give IMC
sheep OBL GEN
place
dog OBL PT ESS
cop
dastan
chapter ERG GEN
you.know
girl
side OBL DAT
throat PL
2sg.gen
that
bring FUT
very
leg OBL SP ESS
owner
say AOR
pig PL
king
was
that
very
wound
horse OBL SP ESS
day
leave AOC
here
say AOR
sea OBL AD ESS
finish
moaning;.ahh
say ENT
valenka PL
snow OBL SP ESS
say IMPF
1sg.gen
statement
boy PL ERG
village OBL GEN
look INF
1pl.abs
brother ERG
enough
speak IMPF
love's OBL GEN
handful OBL GEN
chapter PL
get.out AOC
want ERG DAT
say ENT
car
horse
give IMC
village OBL GEN
yes
1sg.gen
small
owner
girl
1sg.ERG
sleep AOC
what
himself ERG
1pl.gen DAT
go ENT
soil
quickly
Belgium DIR DAT
Kazakhstan IN ESS
1pl.erg
he.also
enter INF
sweetheart
say ENT
there
sea OBL GEN
but
Leyli
2sg DAT
dog
even
teacher ERG
so.much
2pl.abs
a.while.after
fire
boy ERG
country OBL GEN
1pl.abs
them ERG GEN
2sg.gen
wedding
day.and.night
say IMPF PTCP
there.from
1sg.ERG
no
basically
take.off AOR
horse OBL SP ESS
accidentally
line OBL GEN AND;FOCUS
then
snow
say AOP
one
boy OBL DAT
house
1sg.ERG
wife
father OBL DAT AND;FOCUS
teacher
go AOC
1pl.gen DAT
here
water
country OBL GEN
1pl.gen
window IN EL
in.no.way
approach AOC
that
king
say AOR
say AOR
1pl.gen DAT
he
horse ERG
earlier
hand OBL SB EL
that
1sg.gen
is DAT
girl
girl OBL GEN
song PL
he DAT DIR
him.to
put.under AOR
So,
1sg.ERG
go AOC
return ENT
he
he
heart OBL SP EL
is NEG
dog
say AOR
give AOC
night OBL GEN
other
pig PL
say AOR
come.out AOR
leg
bag PL
that
"Samur"
take.over AOR
cop if
this
place
king OBL DAT
is PST
flint.from DIR GEN
but
bring.IMPV
girl
was
love OBL SB EL
say AOR
pearls PL
open AOC
teacher ERG
was
that
Too
sweet OBL SP EL
1sg.ERG
1pl.abs
bread
be.born INF
or
say ENT
how
give PERF
ten
spade
fortress
countryside OBL DAT
1pl.gen
but
himself ERG GEN
get.out AOC
PURP
1pl.abs
2sg DAT
sweet
more
dog OBL DAT
boy AND;FOCUS
my
boy OBL GEN
ten
you
say AOR
him.to
cling PERF
three
put! ENT
sea OBL GEN
owner
like.that
necklace PL
say ENT
2sg.gen
where AOR COND AND;FOCUS
wedding PL
come PERF
catch AOC
say AOR
was
go AOR
but
1pl.abs
never AND;FOCUS
say ENT
boy OBL GEN
jump FUT
bring AOR
say ENT
answer
cloth PL
yes
say AOR
you.know
aformentioned.place
talis
three
say AOR
1pl.erg
she DAT
remove AOR
but
it.also
and
these INF
that,.the.same OBL GEN
say AOR
fall.on AOR
however.COND.FOC
say AOR
say ENT
that
happy
ooh
Azerbaijan
Sedaget
give FUT NEG AND;FOCUS
1sg.ERG
still.be,.remain
behind
that
1pl.abs
dear
man
way,.road OBL SP ESS
oh
go IMC
say AOR
girl AND;FOCUS
then
soil
mother OBL AND;FOCUS
you
come AOC
say AOR
boy ERG AND;FOCUS
robber OBL DAT AND;FOCUS
himself ergative DAT
say ENT
sea OBL GEN
dear
stati
exist.doesn't
want IMPF PTCP
2sg.abs
was
tradition PL
with DAT
time OBL DAT
us OBL GEN
fall,precipitate IMPF
say ENT
village
be
one
simple
say AOC
I.wonder
fall,precipitate IMPF
form
day
girl OBL AD ESS
head
time
was
vizier ERG
girl
his
1sg.ERG and
house OBL SP EL
make HORT
come.out AOR
front.line OBL DAT
one
girl
want IMPF
happened PST TEMP
two
price
bread
labour OBL SP DIR
fortress PL
but
go AOR
live ENT
operator
himself AND;FOCUS
want IMPF
1sg.ERG
night OBL DAT
put!
2sg.abs
war
say ENT
what
read FUT PTCP
him.to AND;FOCUS
is
cause.to.sit IN
handful
three
say ENT
countryside OBL DAT
1sg.ERG DAT
chapter OBL SP ESS
go AOR
the.one.after
old
child AND;FOCUS
after
go.IMPV
but
take AOR
sea OBL GEN
chapter OBL SP ESS
2sg.gen
right NESS
that
merry
happened PERF
heart OBL SP ESS
that
but
go.again,return AOR
go AOC
want IMPF PTCP
what ERG GEN
choose FUT
month PL SP EL
poem
and
tea PL
this
himself ERG GEN
engagament
outpost OBL SP ESS
spring OBL SP ESS
child PL
that
other
more AND;FOCUS
day
go AOR
robber
news PL
me.from ERG PST
water PL
breath
wife OBL DAT
Shollar.from DIR DAT
world
that
say ENT
buy PERF PTCP
Lezgi
how
one
now
say AOR
man OBL DAT
make IMPF NEG
homeland OBL DAT
nice PL
strong
after
these ERG
that
rain
long ENT
heart IN ESS
also
with
great
chance
o'clock OBL GEN
go PERF
1pl.gen DAT
look IMPF
say IMPF
week IN SP EL
man PL
1sg.ERG DAT
night OBL DAT
say ENT
1sg.ERG
dishes PL
after
18
go AOC
was
himself OBL GEN
sea OBL GEN
1sg.ERG GEN AND;FOCUS
you.know
ashuq happened PERF
story
mad
say.IMPV
bring HORT
Lezgi
language
singer PL AND;FOCUS
today
keep AOR
life OBL SP EL
say AOR
stay AOR
Lithuania IN ESS
go ENT
that
come AOP go AOP
tie AOR
answer
she DAT
2sg.abs
1pl.abs
only
pass ENT
them ERG GEN
come AOR
in.no.way AND;FOCUS
fall,precipitate AOR
paths PL AND;FOCUS
man PL
Caspia OBL GEN
Imran
say PERF
them ERG DAT AND;FOCUS
was
say AOR
that
here.you.go
say ENT
brother
but
recording PL
he DAT
1sg.ERG DAT
himself ERG GEN
water FUT PTCP
walk PERF
king
1pl.abs
wound
great
market OBL SP ESS
was
in.no.way
was
that
say ENT
turn.back AOC
himself
buy PROH
on
horse OBL GEN
take ENT
tsits
disaster
handful IN ESS
he GEN
before
boy OBL GEN
say AOR
say IMPF
plough
go.again,return AOR
on
1pl.abs
cop
make,do AOC
1pl.erg
that
time
baby PL
four
but
1pl.erg
say AOR
that.one
that
say AOR
2sg DAT
german.person PL OBL PT ESS
child
cop
bathhouse OBL DAT
1sg.ERG AND;FOCUS
exist.doesn't
now
puppy
say AOR
himself ERG DAT
there
never
1pl.abs
accountant
son
sea OBL GEN
go FUT
well
heart OBL SP EL
that
that
choose FUT
1sg.ERG
forty
say AOR
mine
girl
two
say AOR
1sg.ERG
king
high
all
look AOC
spring OBL SP ESS
moaning;.ahh
grandfather OBL DAT
call.IMPV
sea OBL GEN
girl
stand.up,rise ENT
say ENT
say ENT
say.IMPV
ammunition
stay
after.all
say AOR
go.down AOC
ashuq
say AOR
say AOR
say ENT
1pl.abs
girl OBL DAT
newspaper OBL GEN
girl
then
grief
himself ERG
young
more
wild
stay AOR
1pl.abs
with
say IMC
call.IMPV
he
armenian
but
say IMPF
how
what
2sg DAT
with
2sg.abs ERG
come AOC
go AOR
on
happened PERF
well
love AND;FOCUS
teacher
brother PL
vizier OBL DAT
say IMC
ha
make IMPF
why
owner
2sg DAT
wish
king ERG
turned.out
three
walk AOR
wound
check,verification
say ENT
But
lip PL
talis OBL GEN
what ERG DAT
go.IMPV
hall IN ESS
this
if
was
inside
leg
where PST
say ENT
say ENT
1pl.abs
Sabrillah
he AND;FOCUS
bring AOR
1pl.abs
how
say AOR
that
be.IMPV
wolk ERG
armenian
boy OBL DAT
brother OBL SP ESS
look AOC
1sg.ERG
with.slyness OBL AD ESS
say AOR
name
if
he.also AND;FOCUS
say IMPF
dog
girl ERG AND;FOCUS
king OBL GEN
side OBL SP ESS
think.much PROH
2sg DAT
like.that
boy
take AOC
now
1pl.gen
1sg.gen
robber AND;FOCUS
happened PERF
girl OBL SP ESS
boy PL OBL DAT
help COND
stay,remain AOR
but
1pl.abs
go.down ENT
like.that
head
kind
boy OBL GEN
deed
animal PL OBL GEN
girl
ground OBL SP ESS
he.again AND;FOCUS
happened PERF
bathe INF
very
tongue
newspaper OBL GEN
he PST
come ENT
say AOR
say AOC
riches
dog OBL GEN
lot.of
beautiful
Allah OBL DAT
five
say AOR
fire
go AOC
talis
horse OBL SP ESS
1sg.ERG
encirclement IN ESS
say AOR
but
worthy
jump IMPF PTCP
catch AOC
say ENT
commonly
2sg.gen
that
that
reach AOC
spring
say ENT
kick
now
opposite.side OBL DAT
wound
far DAT
village IN EL
worthy DIR
bring FUT
1sg.gen
benefit AND;FOCUS
you.know
girl AND;FOCUS
door
behind
Poland IN EL
that
this ABS
1sg.ERG DAT
that
19
up SBST PST
say ENT
province IN ESS
2sg DAT
fall.on AOR
love
girl
1sg.ERG DAT
1pl.gen
news
appear AOC
say AOR
internet
come.out AOR
chase FUT
2sg.abs ERG
1sg.ERG
whip OBL AD ESS
call AOC
take
put! ENT
her
go AOR
wall OBL SP ESS
oh
thing OBL SB EL
1sg.gen
two
marrie
say ENT
say ENT
And.but
agree
1pl.gen
water PL
not.a.word
give
time
from.there AND;FOCUS
please.do
that.happing.AOC
case
them ERG
ring.button,doorbell OBL SP ESS
that
tomorrow
red
girl
wall OBL SP EL
high.to DIR DAT
other.one
cop.NEG
REACHED.ENT
ashuq happened
what
1sg.ERG
return AOR
brother
that
ashuq OBL DAT
no
1sg.ERG
give IMC
minute
us OBL GEN
but
appear AOR COND
king AND;FOCUS
hand OBL SB EL
was
good
what
look PST COND
dear ERG .NESS ERG GEN
want IMPF PTCP
these ERG GEN
happened AOP
love,dear.one ERG GEN
look AOP COND
phone
another
actually
one
you.know
recently
cop.NEG
how
sea OBL GEN
cloth AND;FOCUS
me.from ERG PST
wheel OBL SP ESS
tea PL
buy PERF PTCP
beautiful
call AOC
remake,redo ENT
come AOC
say IMC
look.IMPV
castle PL
dog
eat AOC
day
aforementioned.they.to.also
1sg.ERG DAT
look AOP TEMP
say AOR
say AOR
go IMPF
say AOR
you.know
look AOP TEMP
two three
2sg DAT
here.from
himself ERG GEN
beautiful
climb(up),mount AOC
rise
baby
breath
say IMPF
2sg.gen
one
mood
water
he.and
amazement
village OBL GEN
horse ERG
time OBL SP EL
time
that
more
to.gather
go IMC
fear
1sg.ERG DAT
with
bring AOC
you
so.much
himself OBL GEN
1pl.abs
he
what ERG 1sg.ERG say PST TEMP
how
say AOR
sack OBL GEN
thin
unfaithful
lawyer PL
catch FUT COND
deceive AOC
he
teacher ERG
after
story PL
return AOR
now
take FUT
touch PROH
Isabala ERG
take ENT
that.one
he
beautiful
here.you.go
make FUT NEG
2sg.abs ERG
is PST SBST
all
give IMPF
boy
put ENT
down
Lithuania OBL GEN
dear
two
say AOR
2sg.abs
relationship
this ABS
house OBL DAT
2sg.gen
say AOR
other
himself ergative DAT
1pl.abs
Bats
say ENT
1pl.abs
friend
that
return PERF
way
more
2sg DAT
is.if
1pl.gen
2sg.erg
it
2sg DAT
bathhouse IN ESS
2pl.abs
son PL
bird
you.know
country OBL DAT
get.out MSD
hand IN EL
other
cop.NEG
sea OBL GEN
material
throw AOC
Baku OBL DAT
bull PL
say AOR
that
way
year OBL DAT
name OBL DAT
horse OBL SP ESS
2sg.abs ERG AND;FOCUS
1sg.ERG DAT
doing.AOP TEMP
running.FUT.PTP
dear
say AOR
say IMC
he
say AOC
make HORT
oh
say EL PURP
1sg.ERG
say ENT
good
horse ERG
wall OBL SP EL
he GEN
happy
another
himself
sister
he
manat.(azer)
person ERG
say AOR
say ENT
it
horse
window IN EL
that
song
say AOR
so.much
tradition
use
say AOR
come.out
Jahan
so.much
say ENT
2sg DAT
say IMPF
talk AOR
go FUT
come AOC
stay,remain ENT
1sg.ERG
hit AOR
1sg.ERG
make FUT PST
1sg.gen
there.from PST
now
great
man OBL PT ESS
give
say AOR
no
is AND;FOCUS
girl AND;FOCUS
after
say IMC
go MSD
ground PL
1sg.ERG
after
send.PTP.COND
maybe
that
bread
say ENT
go.again,return AOR
horse ERG
shoot.down AOR
mountain PL OBL AD ESS
stone
small
love OBL SB EL
boy ERG
was DAT
wife
father OBL DAT AND;FOCUS
eye
keep AOR
you.know
call ENT
only
open IMPF
goods.and.chattels
that
come AOC
1sg.gen
two
say ENT
that
side OBL DAT
send.back;send.again AOR
her
now
with DAT
himself this
or
victorious
that
approach ENT
after.all
say AOR
pair
he
say ENT
wear,put.on PERF PST SBST
that
chapter OBL SP ESS
sea OBL GEN
turn.back AOC
she GEN
two
thing AND;FOCUS
night OBL DAT
where
these
them ERG
slam AOR
wolk ERG
1sg.ERG
village IN ESS
boy ERG AND;FOCUS
it
patience
look AOP COND
he
guns PL AND;FOCUS
live ENT
now
right
name
document PL
country OBL DAT
baby
yes
"Samur"
himself
ashuq
child PL
say ENT
matchmaker PL AND;FOCUS
say.a.word
say AOR
bring.IMPV
here
go AOR
soil
want IMPF PTCP
2sg DAT
say ENT
fortress OBL AD ESS
in.no.way
friend
was
beautiful
wave PL
want IMPF PTCP
plough AND;FOCUS
say AOR
Akhtinsky
but
you.know
let.it.be.OPT
say AOR
1sg.ERG
that
knowledge AOR
hand IN EL
1pl.abs
him.to DAT
1pl.gen
he
1pl.gen DAT
HEARD PERF.CONT
king
be PERF
return AOR
wood OBL SP ESS
take.off AOC
was
boy ERG AND;FOCUS
once
1sg.ERG DAT
1sg.ERG
say AOR
put.under AOC
how
news
these
that
appear AOC
to.gather
long IN
girl
say AOR
reach AOR
send FUT
give AOR
mortar.man PL
statement
Barzy
hand IN ESS
take ENT
say AOR
war
say AOR
he
say ENT
man ERG
what
fire OBL GEN
there
1pl.abs
say AOR
come AOC
tie AOC
two
grumble
girl
you
under
appear AOR COND
come AOC
say ENT
2sg DAT
say ENT
say ENT
want IMPF
among
say AOR
say IMPF
country OBL DAT
him.to
look.IMPV
1sg.ERG DAT
sea OBL GEN
and
time
say ENT
catch PERF
he AND;FOCUS
uhr
mouth OBL DAT
let.it.be
turn.back AOC
chapter OBL SP ESS
you.know
nineteen
ANYWAY
wolk OBL GEN
good
say ENT
voice
yard OBL SP ESS
cop
story
independent
shepherd
wolk
good
1sg.ERG DAT
say ENT
great
alone
no
1sg.ERG DAT
cop
now
him.to AND;FOCUS
look IMPF PST
evil PURP
her DAT
that
buy AOR
night OBL DAT
today PURP
take ENT
anger
dear IMPF
1pl.abs AND;FOCUS
teacher
look AOP COND
wife
dog
2sg.abs
1pl.abs
shame
say AOR
he.from
stand.up,rise AOR
handful IN ESS
nation
is DAT
your
side IN ESS AND;FOCUS
cop
day
very
steed
stay,remain ENT
after
cloth PL
"Samur"
only
say ENT
language OBL SP ESS
heart IN ESS
say ENT
face ERG
shift OBL DAT
say AOR
outdoors
cop.NEG
say ENT
what FUT
childhood
height.from PST
two
like.this
us ERG DAT AND;FOCUS
boatman AND;FOCUS
fear
necklace PL
say AOR
1pl.abs
backwards
fall,precipitate IMPF
which
that
medicine
come PERF
girl
that
return IMPF PTCP
give.as.gift IMPF
ashuq ERG
stand.up,rise AOR
all
girl ERG AND;FOCUS
one
girl OBL GEN
sea OBL GEN
man ERG
thing AND;FOCUS
steed OBL PT ESS
beautiful
wind
say ENT
fall AOR
give
say ENT
ibrahimova
make INF
go AOC
dog
in.no.way
go INF
reign ENT
go PERF PST
1sg.ERG DAT
that
was
1pl.gen DAT
1sg.ERG DAT
him.to DAT
concert
1pl.abs
what
with
seventy
pig
military.service OBL DAT
eye
more
girl
sit IMPF NEG
1sg.ERG
look AOC
soil OBL SB EL
say ENT
say AOR
eye PL
place
look AOP COND
make.ache ENT
boat IN ESS
go AOC
say AOR
say AOR
soil
go AOR
some
one
1sg.ERG
Sebrilla
return PERF
three
dear ERG
girl
blind
cleanless PURP
redo AOR
himself this DAT
year
say ENT
after
give AOR
word AND;FOCUS
outpost
deceive AOR
2sg.abs
with
what
say AOR
head
tree IN ESS
mother
look PERF NEG PST
give AOC
shoulder IN SP ESS
chapter IN EL
you.know
boy ERG
very
he
NEG look OPT
be.will
this
she
throw IMC
say ENT
you.know
fire
his
come.on
is COND
then
say AOR
go AOR
girl
boy OBL DAT
say AOR
then
girl
it
forest OBL GEN
province IN ESS
1sg.ERG AND;FOCUS
put.under PERF
say AOR
say AOR
boy
take AOR
will.not.be
with
today GEN
please.do
soil PL
good
girl
was
throw ENT
another
2sg.gen
boy
ring PL AND;FOCUS
buy INF
go AOR
bring AOR
village OBL DAT
how
operator ERG
happened AOR
catch AOC
himself
this.one
say ENT
means
say AOR
go AOR
step OBL DAT
leave AOC
say AOR
say AOR
1sg.ERG
is NEG
go.again,return AOR
here.to DAT
Allah
look AOR
there
sister
he
child
cop.PST.NEG
say ENT
neighbor PL AND;FOCUS
say AOR
one
stay,remain AOR
two
want IMPF
America's ERG GEN
after
1pl.abs
say ENT
sweetheart OBL DAT
side
NEG make,do PERF PTCP
king
animal PL
boy OBL DAT
say IMPF
good
air OBL SP EL
girl
married
after
king OBL GEN
cold ERG
word
want IMPF NEG
drink ENT
throw AOC
unit
girl OBL SP ESS
head OBL PT ESS AND;FOCUS
tie AOC
horse OBL SP ESS
bread
like.that
1pl.abs
fire
beat INF
hat AND;FOCUS
go.again,return FUT
say ENT
cleanless PURP
and
wood PL
that
return ENT
want ERG
ashuq
king
if
separation
put! AOR
two say PST
friend ERG AND;FOCUS
go IMPF
call,ring AOR
public ERG
go.again,return HORT
after
king
Sedaget
boy
event IN ESS
this
look AOP COND
girl PL ERG AD ESS
roar
three
look.IMPV
nineteen.in DIR DAT
girl
all
wood.shop
punishment
will.be
her
hand OBL GEN
day
Yes
say AOR
want ERG
1sg.ERG
finish
still.be,.remain
more
this ABS
my
language
king
please.do
after
girl
morning OBL PT DIR
say ENT
hand IN ESS
he AND;FOCUS
two
happened PERF
1pl.abs
remake,redo ENT
what
girl
mother OBL DAT
direction.(rus)
say ENT
1pl.abs
us ERG
is PST
concert
still.be,.remain
1pl.gen DAT
bird
he
pig
with
1pl.gen DAT
him.to DAT AND;FOCUS
come.out AOR
artist OBL AD ESS
1sg.ERG
1sg.ERG DAT AND;FOCUS
boy OBL DAT
language
market OBL DAT
boy
village OBL GEN
before
is PST
vizier OBL DAT
there EL
dog OBL DAT
boy
give AOR
forty
this
escape AOR
still.be,.remain AND;FOCUS
Poland DIR DAT
it
help FUT COND
girl OBL SP ESS
folktale AND;FOCUS
Yaran
please.do
puppy OBL DAT
was
take PERF
cop
you.know
say IMPF
say AOR
live ENT
know IMPF NEG
say AOR
owner
bug PL
1pl.abs
pearls PL
say AOR
give FUT
girl
now
driver OBL DAT
handful
king OBL AD EL AND;FOCUS
beautiful PL
1sg.gen
glass
stick AOR
way,.road OBL DAT
2sg DAT
is NEG
show PROH
2sg DAT
pearls PL OBL GEN
grandfather AND;FOCUS
send AOR
go.down ENT
go AOC
language
newspaper OBL DAT
you.know
but
time AND;FOCUS
teacher
cold
boy ERG AND;FOCUS
get.out AOC
dog
fire
door OBL GEN
grandfather OBL DAT
hay PL
that
that
name
king OBL GEN
make IMPF
tire PERF PTCP SBST
story
say ENT
dear IMPF
that
like.this
but
say AOR
sea OBL GEN
old
go IMPF
want ERG DAT
soil OBL SB EL
himself ERG DAT
make HORT
himself ERG
return AOR
great
come ENT
country OBL GEN
2sg DAT
father
say AOR
return PERF
say AOR
return FUT
himself ERG GEN
ammunition
more
you.know
thing
pearls PL AND;FOCUS
mother
you
call ENT
that
was
say AOR
Derbent.in IN ESS
you DAT
bathhouse IN ESS
throne OBL SP ESS
come AOC
water
1pl.abs
my
sit PERF
dog OBL GEN
beautiful
cop
eye PL
more
fortress OBL GEN
but
time
maybe
military.service ERG
easy
reach ENT
that
on..duty
run.PRF.PTP.SBST 2sg PST DIR
friendship
oh
so.much
make,do AOR NEG
redo AOR
1pl.abs
between
enter AOR
soil
step AND;FOCUS
1sg.ERG DAT
1pl.erg
boy ERG
1pl.abs
say ENT
it
1sg.ERG
was
happened PERF
want IMPF PTCP
know FUT NEG
very
THERFORE
it
very
boatman OBL AND;FOCUS
reach AOP TEMP
hat AND;FOCUS
hour OBL GEN
punishment
front.line
1pl.erg
two say PST
2sg.abs ERG
now
cop.NEG
drink INF
Baku OBL DAT
with
cop.NEG
give IMC
asking
say AOR
BROUGHT.UP
forest OBL DAT
himself ERG
on
carry IMC
return AOR
dog
boy ERG AND;FOCUS
desire
after
Khudat
two
look AOC
be
1sg.ERG
1sg.ERG
boy
water
yes
calm
TODAY.TILL
1pl.gen DAT
advice OBL AD ESS
give ENT
say ENT
good
him.to DAT
say AOR
dead
is PST
1sg.ERG DAT
go AOR
stay AOR
military.service OBL DAT
cut
blood ERG
say ENT
puppy OBL PT ESS
voice
teacher ERG
say AOR
more
this
say AOR
boy ERG
no
say ENT
brother ERG
this
well
say ENT
better
him.to AND;FOCUS
say ENT
2sg.gen
dastan PL
that
him.to GEN
NEG be.will EL
Bezkhanum
hand IN ESS
that
wood PL
child PL
her AND;FOCUS
story
look COND
custom.office
separated
1sg.ERG
themselves DAT
old.woman
with
wife PL OBL SP ESS
he
there
here
light
sit!
he
village
say ENT
way PL
there EL
1pl.abs
dear
is DAT
you.know
say ENT
1pl.erg
fireplace
girl OBL PT ESS
newspaper OBL GEN
dog
1sg.gen
this.one
girl AND;FOCUS
girl AND;FOCUS
himself ERG GEN
that
reach AOC
girl
cut
Kazakhstan IN ESS
after
then
maybe
far
horse OBL SP ESS AND;FOCUS
come AOC
want IMPF
say AOR
say AOR
like.that
religion OBL PT ESS
ha
Bezkhanum ERG
look AOP COND
say AOR
be.IMPV
rain
wave PL
chapter AND;FOCUS
go AOR
more AND;FOCUS
side OBL DAT
these ERG
say ENT
say ENT
old.woman
with
mother
1sg.ERG
go AOC
say ENT
but
five
three
give MSD OBL SB EL
now
girl
water
say AOR
on
then
make,do AOC
make IMPF
say ENT
make HORT
good
Derbent.in OBL GEN
military.service ERG
mistake
story
girl OBL GEN
evil PURP
so.much
say AOR
girl OBL DAT
intention
say ENT
now
1pl.abs AND;FOCUS
Chukotka
1sg.ERG AND;FOCUS
make.stop AOC
picture IN ESS
take DAT
he
go MSD
1sg.ERG DAT
village OBL GEN
give
dog
eye PL OBL SP ESS
hut
information PL
want IMPF PTCP SBST
with
piece
betrothed
say AOR
happen PERF NEG
if
say ENT
this
go ENT
2sg.abs ERG
very
1sg.gen
Soviet ERG GEN
put AOR
shoulder OBL SP ESS AND;FOCUS
go AOC
1pl.gen
event OBL SP EL
and
never
bill.of.sale PL
sister
young
go AOC
himself
boy
no
want COND AND;FOCUS
1sg.ERG
mine PL
1sg.ERG AND;FOCUS
here PST
that
on
he.and
he DAT
sweetheart OBL DAT
1sg.ERG DAT
agreement PL
1sg.ERG
boy OBL DAT
look MSD
it
read PERF
1pl.abs
himself ERG DAT
don't.be PROH
story
boy OBL DAT AND;FOCUS
leave AOC
side
dear
be
Bezkhanum
near
1pl.gen DAT
she DAT
himself
she
(historical).story OBL GEN
want IMPF PTCP
medicine
he GEN
1pl.erg
one
area OBL ESS
say ENT
open IMPF
sea OBL GEN
now
school OBL DAT
that
himself ERG GEN
himself ERG GEN
cloth PL
have DAT
happy
say AOR
go AOR
himself OBL GEN
say ENT
girl AND;FOCUS
return ENT
province OBL AD ESS
want IMPF PTCP
Sevastopol ERG DAT
what
black
that
that
water
and
mother OBL DAT
grandfather ERG
egg PL
glass
buy INF
say ENT
out
chapter OBL SB ESS
fall AOR
catch IMPF
so.much
more
look IMPF NEG Q
happy
eye PL
me.to
so.much
that
these
king OBL AD EL AND;FOCUS
he.again
look PERF
pass ENT NEG that
sweetheart
dog
near
say AOR
forest PL IN EL
after.all
there PL DAT
authorities
put! ENT
you.know
more AND;FOCUS
take PERF
district
agreement
way IN ESS
is AND;FOCUS
decision OBL DAT
Yes
catch AOR
say ENT
like.this
2sg.gen
2sg.abs ERG
sea OBL GEN
look AOC
so.much
give AOC
give PERF PST
himself
girl
mother ERG
was
these
a.while.after
1sg.ERG
man
2sg.abs
say ENT
grandmother
1pl.abs
pearls PL
girl ERG AND;FOCUS
every.time
very
say ENT
say ENT
or
boy ERG
jump
1pl.gen
cop
mother OBL GEN
1sg.ERG
here
eye PL
there.to
that
say AOR
pearls PL
give MSD
hand IN ESS AND;FOCUS
1pl.gen DAT
in.this.way
word
bull PL
where
dear
say AOR
high
us OBL GEN
other
these
return PERF
that
2sg DAT
there PST
more
return AOR
then
that
isn't
Allah OBL DAT
language
himself
wound
heart OBL SP ESS
cop
wow
say AOR
head
you
turn.back AOC
1pl.gen
grandmother
wasn't
go AOC
dear IMPF
other
how
take AOC
not
alone
come AOC
moaning;.ahh
puppy PL
say ENT
sea OBL GEN
front.line OBL DAT
great
boy
root OBL SP ESS
steed
beautiful
brother OBL DAT AND;FOCUS
boy OBL GEN
no
bill.of.sale
guard AND;FOCUS
return FUT
you.know
handful OBL GEN
give IMC
house OBL DAT
try IMPF
say ENT
today AND;FOCUS
1sg.ERG
say ENT
pig
put! AOR
father
that
cop
1sg.ERG
robber AND;FOCUS
Bats
himself
her
1sg.gen
guns AND;FOCUS
say AOR
happened PERF
happy
fellow.countryman
mother OBL DAT
guard AND;FOCUS
that
religion
these
2sg.abs
send AOR
happened PERF
all
2sg.gen NEG
fight FUT
drink ENT
after
being.AOC
him.to AND;FOCUS
sit AOC
1pl.gen
then
bring FUT
aunt ERG
say ENT
come PERF
say AOR
fortress OBL DAT
see IMPF
how
1pl.erg
king
son
Isabala DIR GEN
paper
worthy
you
every
cop.NEG
say IMC
go.again,return IMPF
window
down
here.you.go
say ENT
want IMPF NEG
you
Ma'am
newspaper OBL GEN
bill.of.sale
think.much IMPF Q
sweet
but
go AOR
what
these ERG GEN
say.IMPV
half PL AND;FOCUS
look IMPF NEG Q
father
say AOR
outpost OBL SP ESS
now
pearls PL
1sg.ERG
call.IMPV
happened PERF
father OBL DAT AND;FOCUS
say AOR
2sg.abs ERG
die
brother OBL PT ESS
commander OBL DAT
marry
Sedaget
and.amand
this so.much
cut
say ENT
nice
say ENT
make IMPF
1pl.abs
hand OBL SB EL
2sg DAT
other
language
say AOR
bug
say AOR
dog
boy ERG
say AOC
say ENT
return TEMP
girl OBL DAT
2sg.abs ERG
time
make FUT PST
he
he.also GEN
mother
1sg.gen
hold
say IMPF
remake,redo FUT PST
2sg.gen
these ERG
give IMC
return AOR
bring HORT
say AOR
very.sad
jump FUT
take.down AOR
1pl.abs
put! PERF
voice
give MSD
say ENT
tea OBL DAT
town.square OBL SP ESS
1sg.ERG DAT
then
appear PERF
that
turn.back AOC
old.woman
"Samur"
good
what ERG DAT
please.do
him.to AND;FOCUS
where
boy OBL AD EL
dear
moaning;.ahh
water
WANTED PERF PST SBST
dear
happy
say ENT
king
up
climb(up),mount AOC
boy ERG AND;FOCUS
sea OBL GEN
1sg.ERG
six
but
soil
other
nine
return ENT
brother AND;FOCUS
buy AOR
he DAT
1sg.ERG
that
1sg.gen
this AND;FOCUS
thought
GOING.TO.SLEEP.TEMP TEMP
mistake
animal PL AND;FOCUS
name OBL DAT
1sg.gen
say ENT
pearls PL OBL GEN
good
that
uh
go AOR
sister ERG
you.know
1sg.gen
shift OBL SP ESS
say ENT
my which
sea OBL GEN
come PERF PST
bring.again AOR
1sg.ERG DAT
take AOC
say ENT
well
son
life OBL GEN
more
is.there PST
maybe
like.that
that
say ENT
tomorrow
all
himself ergative DAT
turn.back AOC
you.know
soil
cop.Q
go ENT
more AND;FOCUS
cuting.PTP.MAN
1sg.ERG
there PST
say AOR
boy ERG
say AOR
say ENT
then
say ENT
him.to
1sg.ERG
say ENT
that
is NEG
go FUT PTCP PURP
you
appear AOR
write FUT PST
1sg.ERG
open AOC
wife
very
really AND;FOCUS
animal PL
keep AOR
touch PROH
mother OBL SP EL
bring AOR
know IMPF
say ENT
with AND;FOCUS
1pl.erg
that
2sg DAT
sea OBL GEN
mother OBL GEN
Ferhad
buy AOR
girl AND;FOCUS
robber PL
take AOR
king
picture
then
more AND;FOCUS
you.know
artist
there PST
these
earn IMC
side OBL DAT
come AOC
say ENT
bring AOC
open ENT
sometimes
no
that
she AND;FOCUS
1pl.erg
day
side OBL DAT
say AOR
return AOR
province IN ESS
want IMPF PTCP
say ENT
say ENT
boy ERG AND;FOCUS
go.again,return AOR
bring AOC
justice
soil
fall AOR
Magaan ERG DAT
king OBL GEN
walk AOR
look
became.ENT
brother PL
call.IMPV
these MSD
1sg.ERG DAT
himself ERG GEN
1sg.ERG
he AND;FOCUS
grandmother OBL DAT AND;FOCUS
1sg.ERG
pig
thing PL
punishment
sea OBL GEN
soil
1sg.ERG DAT
he AND;FOCUS
uncle
1sg.ERG
then
escape IMPF
two
spring PL
piece
say ENT
buy IMC
nine.hundred
car PL
mother
make.filled AOC
unconcious
forgive AOC PTCP
night OBL DAT
two
or
way IN ESS
say AOR
American PL ergative
that
2sg.erg
girl
puppy PL
month PL
four
house PL
look.IMPV
go AOC
say AOR
it
no
was
1sg.ERG
pearls PL
himself
say ENT
say ENT
shoulder IN SP ESS
friend AND;FOCUS
take FUT
me.to
day OBL SP ESS
return PERF
these ERG
your
doomsday DIR GEN
sea OBL GEN
thing
open IMPF
these OBL GEN
last
amazement
actually
these
king OBL DAT AND;FOCUS
with
girl
long
he
that
again
before
1pl.abs
himself ERG
owner
boy OBL AD EL
on
2sg DAT
today
good
horse OBL SP ESS
boy
that
that
say ENT
thought
dog
wood
three
show IMPF
servant PL OBL DAT
1sg.ERG DAT
house OBL DAT
leave AOC
village OBL DAT
while.going
week IN ESS
boat
1sg.ERG
king
bring AOR
bed IN ESS
get.out AOC
cop.NEG
say ENT
agree
boat IN ESS
robber PL
good
minor
sit IMPF NEG
then
go PERF
deceive AOC
you.know
liking
place
leather
was
himself ERG GEN
friend OBL GEN
mount AOR
brother
here
fire AND;FOCUS
girl
THIS
1sg.gen
that
go.again,return AOR
interesting
matchmaker PL AND;FOCUS
that
very
now
1pl.erg
be.AOP.COND
happy .NESS OBL AD EL
1pl.abs
fate,destiny IN ESS
or
keep AOR
boy
wood PL
what
is PST
basin
child PL
Sedaget
wish
after AND;FOCUS
stuff
girl PL OBL GEN
2sg.abs
stay,remain AOR
girl OBL GEN
himself ERG GEN
climb(up),mount AOC
with
1sg.ERG DAT AND;FOCUS
open AOR
hide PERF
he NEG
chance
whip OBL AD ESS
say ENT
punishment
boy AND;FOCUS
what ERG GEN
girl
night OBL DAT
robber
man OBL GEN
matchmaker PL AND;FOCUS
is PST
form OBL AD ESS
two card.
king OBL DAT
king OBL DAT
mount ENT
countryside IN ESS
artist OBL DAT
1sg.ERG
2pl.abs
hand
beautiful
fight
with DAT
very
kilometer
king
tongue
1sg.ERG
but
1sg.ERG
put!
tomorrow
news PL
down
stand.up,rise AOR
pair
2sg.abs
say ENT
read SBST HORT
2pl.abs
you
bread
all
brave
himself ERG DAT
1sg.ERG
he
say ENT
teacher AND;FOCUS
man
bird
dear
say AOR
1sg.ERG
wing
say AOR
that
say ENT
1pl.gen
here
stage IN ESS
way IN ESS
About
thousand
cuting.PTP.MAN
say AOR
2sg DAT
A.LITTLE
this
1sg.ERG DAT
catch ENT
boy PL ERG
decision OBL DAT
exceed
soil AND;FOCUS
give INF
politics OBL SB EL
put.under AOC
return AOR
ahh
well
boy
sea OBL GEN
aforementioned.they.to.also
give AOC
say ENT
go PERF
boy ERG AND;FOCUS
healthy.be OPT
statement
2sg DAT
Allah
SECOND
picture
make INF
say ENT
mother ERG
nineteen.in DIR DAT
russian
arrow OBL DAT
say ENT
ha
pronouncment.of.punishment.PTP.MAN
never
dog
like.this
close
being.AOC
advice
boat
you.know
help
himself ERG
say AOR
that
away.from
happy
bug PL
that
four
boy
buy AOR
night OBL GEN
that
how
one
give
himself
go AOR
girl OBL GEN
say AOR
quickly
look AOC
And.but
secretly
girl
be.in.CONT NEG
while.going
how
villager PL ERG
lie.down PERF
day
hand
go IMPF
1sg.gen
want IMPF
car OBL DAT
no
1pl.abs
fireplace IN ESS
girl
Sedaget
say AOC
way
he GEN
before
public OBL DAT
say ENT
so.much
is PST SBST
father
water PL
sister
say.IMPV
there
sea OBL GEN
one
boy OBL GEN
go ENT
most
that
today GEN ERG GEN
come AOR
beautiful
running.FUT.PTP
boy
neck IN SP ESS
say AOR
say AOR
sea OBL GEN
that
Jahan
say AOR
bank OBL SP EL
king
come AOC
jar
1pl.erg
way IN EL
these
half PL
knowledge
heart IN ESS
1sg.ERG DAT
even
return FUT
girl OBL PT ESS AND;FOCUS
she.and
climb(up),mount AOC
sea OBL GEN
what
all
create AOR
three ERG
king
put! PERF
2sg DAT
near
1pl.gen DAT
he DAT
king OBL DAT
cause.to.sit IN
king
together
countryside OBL DAT
this.night AND;FOCUS
dear
1pl.abs
other
sugarcube
horse
one
we.with
love ERG
news
house OBL SP EL
himself ERG GEN
come FUT
happened PERF
brother
1pl.abs
way
this
three ERG
give FUT
2sg.erg
how
aproximatly
where PST
bring.IMPV
whoever
was
come AOP go AOP
agreement
wife
my
remove AOC
say AOR
1sg.ERG
bathhouse OBL DAT
1sg.ERG DAT
boy
father
make,do AOC
Holland ERG DAT
girl
2sg.abs ERG
boy OBL DAT
himself
2sg DAT
after
1sg.ERG
bug
that
what
girl
Afiya
girl AND;FOCUS
this
wind
that
say AOR
dog
house PL OBL ESS
pig
way PL
1pl.gen
these DAT
come ENT
gold
was
thing OBL DAT
1sg.ERG
bring AOC
armenian OBL PT ESS
him.to AND;FOCUS
return ENT
pearls PL AND;FOCUS
village IN EL
king
1pl.gen DAT
place OBL DAT
hand PL OBL AD ESS
time
which
say AOR
being.AOC
climb(up),mount ENT
Yes
look IMPF
arab PL OBL GEN
man
sing PL
buy AOR
say AOR
mother
grandmother OBL DAT AND;FOCUS
show
1sg.gen
1sg.ERG
jump FUT
go AOR
like.that
after
go AOR NEG
cop
he
more
say ENT
town.square OBL SP ESS
say AOR
before
shepherd OBL AD ESS
great
mother OBL DAT
barrack
king OBL DAT AND;FOCUS
Holiday PL
1sg.ERG
there AND;FOCUS
after
1sg.gen
remake,redo ENT
all
these
himself ERG GEN
say ENT
2sg.gen
with
so.much
nine
go ENT
whirlpool
all
now
look AOR
say ENT
that
glass
1sg.ERG
come.out AOR
friend HORT ERG DAT
this.one
that
sea OBL GEN
NEG make,do PERF PTCP
uncle
jewish AND;FOCUS
1sg.ERG
newspaper OBL GEN
king
(historical).story OBL GEN
public OBL DAT AND;FOCUS
today
picture
go.again,return HORT
dream IMC
love AND;FOCUS
shepherd OBL GEN
mount ENT
1sg.ERG
handful
he DAT
bird
give ENT
thousand
eye
bathhouse IN ESS
1sg.ERG
child PL
bring.IMPV
encyclopedia PL
Isabala
1pl.abs
more AND;FOCUS
1sg.ERG
healthy.be OPT
bull PL OBL AD EL
say ENT
say AOR
1sg.ERG DAT
girl
vizier PL
say AOR
where
be.in.CONT NEG
city
say ENT
two
month OBL ESS
1pl.erg
that
cop
1sg.ERG
say AOR
coming PST DIR
today GEN ERG GEN
with DAT
be
unconcious
dastan
1sg.ERG DAT
man ERG
1sg.ERG
go AOR
this
come AOC
him.to AND;FOCUS
he.also AND;FOCUS
2sg.gen
take AOC
car
1pl.gen
1sg.ERG DAT
but
like.this
him.to AND;FOCUS
student
either
1sg.ERG
say AOR
king OBL GEN
please.do
thing
snow
Twenty
2sg.abs
boy ERG
say IMC
dog
he.also GEN
case
say ENT
go ENT
say ENT
say ENT
not
go INF
himself ERG GEN
a.while.after
great
voice
small OBL DAT
who
1pl.erg
public OBL DAT AND;FOCUS
side OBL DAT
hand OBL GEN
say ENT
say AOR
go.IMPV
with
king
my
look AOR
father
this ABS
oh
spring OBL GEN
king OBL DAT
spring OBL SP ESS AND;FOCUS
is NEG
word PL
now
want IMPF
know FUT PTCP
arrow
baby
you
what ERG GEN
him.to
that
here AND;FOCUS
brother PL AND;FOCUS
2sg DAT
after
normal
say AOR
say ENT
house PL
come AOC
Imran
black
car
Dagestan's DIR GEN
two
just
deceive ENT
artist OBL GEN
1pl.abs
2sg.abs ERG
wound
go FUT
go GEN
after.all
fall.on AOR
1sg.ERG
village OBL GEN
go AOR
come AOC
bring.again AOR
eye PL
behind
medicine
say AOR
them AND;FOCUS
1pl.gen DAT
1pl.gen DAT
never
rank
why
1pl.abs
knowledge AOC
give AOP
dead
2sg.gen
Kuran OBL SP ESS
Isabala
horse ERG
well
her
give AOR
go.again,return AOR
is PST
boy ERG
give AOR
want IMPF
statement
slam AOR
poor
what
call.IMPV
that
wasn't
with
fall,precipitate IMPF
on..duty OBL DAT
dam IN SP ESS
return PERF
say AOR
that
beautiful
leave HORT
brother
look.IMPV
chapter OBL SP ESS
go AOC
more
before
1sg.ERG DAT
whoever
catch AOC
one
soil AND;FOCUS
permision
justice
all
But
girl
say ENT
cop
sea OBL GEN
time
after
arab PL OBL DAT
that
pearls PL
door
sea OBL GEN
place
soil AND;FOCUS
time OBL DAT
2sg DAT
come.out AOR
mother
Isi
plan
take.down AOC
talis ERG
say IMPF
with
what ERG GEN
step AND;FOCUS
boy ERG AND;FOCUS
army.(rus)
way IN ESS
appear AOR
get.out MSD
boy
him.to DAT
say AOR
artist OBL AD ESS
take AOC
1pl.abs
that
good
after
say ENT
spring OBL GEN
export
himself
pearls PL
say ENT
knowledge
hay OBL DAT
1pl.erg
day
cop
news
this
up
let.it.be.OPT
bring HORT
dear
2sg.abs
say AOR
Sedaget
1pl.abs
put AOR
be.in.CONT NEG
go AOC
then
uncle
he GEN
why
say ENT
that
2sg.abs ERG
give AOC
take ENT
put.under AOC
say ENT
Nabran.to OBL DAT
1pl.erg
so.much
say AOR
hill OBL SP ESS
other
that
say ENT
give AOR
cop.PST.NEG
kind
person OBL AD EL
cop
return ENT
public ERG
boy
girl
house OBL DAT
1pl.erg
great
uncle
fear
small
you.know
house OBL DAT
time
2sg.abs ERG
say AOR
1pl.gen DAT
newspaper OBL GEN
brother
side OBL DAT
Ey
1pl.abs
take.down AOC
A.LITTLE
beautiful
say AOR
still.be,.remain
come AOC
1pl.gen
2sg.abs
man OBL GEN
no
say ENT
give AOR
year
well
thing
go AOC
want IMPF
send FUT
coming PERF
steed
you.know
what HORT
was
happy
dog
that
homeland OBL DAT
going.PTP.COND
go.down AOR
handful IN ESS
twenty
want IMPF PTCP
take ENT
alone
king AND;FOCUS
1pl.abs
that
commmissurate AOC
be.in.CONT NEG
even
1pl DAT
village
1sg.ERG
1pl.abs
that
this
is NEG INF
plough
go AOC
must
dear
oh
say AOR
that
1sg.ERG
say AOR
2sg.erg
go FUT PTCP PURP
say ENT
say AOR
fate,destiny IN ESS
say AOR
1pl.gen
frost OBL DAT
say AOR
her
there PST
king
word PL
put.under AOC
say AOR
with DAT
go PERF
why
still.be,.remain NEG
fall.on AOR
say ENT
finish
say AOR
news
say AOC
countryside OBL DAT
there
going.PTP.COND
two say PST
there PST
say ENT
so.much
say ENT
1sg.ERG
1sg.ERG DAT
as.soon.as AND;FOCUS
say AOR
1sg.ERG DAT
public OBL DAT
that
say ENT
that.way
war PL IN ESS
say ENT
give AOR
here DAT
go.again,return AOR
look AOR
well
before
kind
say AOR
put! PERF
girl
great
himself
way,.road OBL SP ESS
her
drink AOC
say ENT
leave AOC
mountain
two
say AOR
say AOR
nine.hundred
lovesick
say AOR
cassette
him.to GEN
Everything ERG
thing
that
sea OBL GEN
then
here DAT
redo AOR
coming PST SBST
look IMPF
boy
say AOC
1pl.gen DAT
take AOR
word
ooh
time OBL DAT
a.while.after
somewhere
cop.NEG
cop
1sg.ERG
1sg.ERG DAT
1sg.ERG DAT
a.lot
cloth AND;FOCUS
was.ENT
her
in.vain
ten
it
if
there
THANK.YOU
here PST
other.one
TWENTY.FIVE
2sg.abs ERG
book
heart OBL SP ESS
difference AND;FOCUS
man
reach AOC
on
stay AOR
he
say ENT
still.be,.remain
2sg.gen
good
that
horse
come AOC
eye PL
come.out AOR
himself AND;FOCUS
why
boy ERG AND;FOCUS
with DAT
say AOR
war PL IN ESS
three
only
girl OBL GEN
still.be,.remain
king OBL DAT
1sg.ERG
carry.up AOR
hit AOC
horse
old
boy
thing
what ERG DAT
engagament
other.one
1pl.abs
dear
himself ergative DAT
jump AOC
is INF
hang.PFT.PTP PERF PST
Yalama's DIR AND;FOCUS
tree IN ESS
say AOR
1sg.ERG
grandmother
there PST
seen SBST
water
himself
24.hour.period
sweetheart
take ENT
dog
father
say ENT
day
call AOR
right
mother OBL DAT
he
blue
every
climb(up),mount ENT
bread
say AOR
go.again,return AOR
say ENT
mount ENT
catch AOC
make HORT
thing PL
say IMPF
bird
girl
there PST
there
1sg.ERG
new
that
buy AOR
say AOR
but
where
dear
found AOR
chapter OBL SP ESS
these ERG
grandfather ERG
cab IN ESS
word OBL SP ESS OBL
that
is
unfaithful
all
catch AOC
fortress OBL DAT
it
city IN ESS
go AOR
beautiful
chance
1pl.erg
great
it
2sg.gen
her
1pl.gen
girl
fireplace OBL DAT
draw,pull PERF
come PERF PST
that
country OBL DAT
good
name OBL DAT
this.one
case
name OBL DAT
more
dear
Akhtinsky
girl
being.AOC
that
phone
man OBL DAT
say ENT
1pl.gen DAT
say AOR
thing AND;FOCUS
hand IN EL
say AOR
no
pearls PL OBL GEN
wedding OBL PT ESS
each.other
say ENT
even
where PST
war
say AOR
And.but
after.all
he
was
maybe
come PERF
that.one
say AOR
bathhouse IN ESS
with
eye PL
1pl.abs
say ENT
1pl.abs
these AND;FOCUS
king OBL GEN
go.again,return AOR
want IMPF
these
stage IN ESS
say AOR
eye PL OBL SP ESS
say AOR
horse OBL GEN
1sg.ERG
1pl.gen
two say PST
thing AND;FOCUS
say ENT
himself ERG
look IMPF PST
or
chapter OBL SP ESS
her
animal PL
wife
how
wed FUT
buy AOR
then
still.be,.remain AND;FOCUS
balcony IN EL
it
he
here PST
Isi
horse ERG
house PL OBL GEN
son
1sg.ERG
appear AOC
make,do AOC
other
head
2sg.gen
boy ERG
buy PERF
give ENT
1sg.ERG DAT
dog PL
was
remove AOR
one ERG
1pl.erg
answer
1pl.erg
move
2sg.abs
means
wood.shop
other
appear AOC
dry
attention ENT
what
say AOR
things
forest PL OBL DAT
after.all
girl
girl AND;FOCUS
red
this.that
now
with
man PL
kind
boy
while.going
man
more
say.a.word
old
boy AND;FOCUS
soldier PL
cop.NEG
horse OBL SP ESS
front.line
1sg.ERG
she GEN
but
catch ENT
1pl.abs
yes
house OBL DAT
way
hide PERF
bring AOC
Alyaska's ERG GEN
week
1sg.ERG DAT
Shahdag
1pl.gen DAT
sign
fellow.countryman PL
want IMPF
1sg.ERG DAT
how
1pl DAT
happy
look IMPF
come AOR
he DAT
simple
return PERF
after
wood PL
now
say AOR
1pl.gen DAT
horse OBL SP ESS
father
was
1sg.ERG
sea
1sg.ERG
1pl.gen DAT
say AOR
degree OBL DAT
climb(up),mount AOC
look AOC
sea OBL GEN
Sevastopol ERG DAT
if
snow
approach INF
take.off AOC
take AOC
good
provide AOR
2sg.abs
day
sadness AND;FOCUS
her
these ERG
well
us ERG
But
go AOR
word PL
please.do
driver
water
month OBL ESS
ashuq
go AOC
boy
eat AOR
NEG make,do PERF PTCP
that
drink.IMPV
buy HORT
cloth PL
celebrate
thing OBL GEN
oh
say IMPF
turn.back AOR
dog ERG
1sg.ERG DAT AND;FOCUS
remake,redo ENT
"Samur"
say ENT
how
say ENT
there PST
cool PURP
say ENT
actually
come AOC
now
climb(up),mount ENT
1pl.erg
say ENT
that
fight ENT
catch AOC
lot.of
one
balcony IN EL
appear AOC
ashuq
decision OBL SP EL
pig
celebrate AOR
2sg.abs
say.IMPV
happen PERF NEG
take FUT
he
oh
medicine
other.one
say AOR
say ENT
sea OBL GEN
countryside IN ESS
say ENT
Everything AND;FOCUS
2sg.gen
that
house OBL DAT
there PST
away.from
reign ERG DAT
sweetheart
girl
return PERF
newspaper
you.know
that
wood PL
cop.PST.NEG
2sg.abs ERG
mount AOR
Keyseddin
be.FUT.Q
ten
light
that
boy OBL GEN
more
say AOR
hand
pearls PL
boatman AND;FOCUS
boy PL ERG
unit GEN ERG DAT
moon
word
still.be,.remain
say ENT
REACHED
he
make,do AOC
say AOR
that
picture
dog
say AOR
give IMPF
still.be,.remain NEG
boy
1sg.gen
teacher
that
that
girl
say AOR
go.again,return FUT
1sg.ERG
give AOP
beautiful
say AOR
write PERF
say AOR
go IMPF
2sg.gen
girl
thing OBL DAT
security ERG
after
head
come.out AOR
day
say AOR
fourteen
torn.to.pieces
eye PL OBL SP ESS
girl
stain
it
vizier PL
brave
want IMPF
two
dear
then
maybe
after
make.ache IN
mother.in.law ERG AND;FOCUS
fire
that
that
leg
appear AOC
2sg.abs
say ENT
Tagiyev ERG
time
rest OBL SP EL
what
tire AOR
in.the.arms
keep,defend AOR
two
after
say ENT
make INF
girl
fall.on AOC
knowledge AOC
place IN EL
person
put.again
business OBL DAT
give
dog ERG
say AOR
you.know
while.going
Ma'am
this
1pl.abs
agree
brother AND;FOCUS
on
say AOR
beautiful
go AOC
dear
bird
want IMPF
good
1sg.ERG DAT
for
this.one
only
end
girl OBL PT ESS AND;FOCUS
call.IMPV
come AOC
dog
car PL IN
and
side OBL DAT
make,do AOR
say AOR
say AOR
happening.AOC
restaurant OBL DAT
was
and
mother
1sg.gen
cop
year
1sg.ERG DAT
give AOR
herself
extinguish IMPF
chapter OBL SP ESS
say AOR
stone
say AOR
chapter IN ESS
very
reach ENT
day
give
say AOR
turn.back AOC
go ENT
come PERF PST
door
chance
happened PERF
neighbor OBL SP ESS
go INF
fellow.countryman
word AND;FOCUS
Yaran
wound
FRAUD DAT
boy
1pl.gen
hide ENT
say ENT
stay,remain AOR
say ENT
dog ERG
he
boy ERG AND;FOCUS
girl
1sg.ERG
dog
send PERF
tea PL
bring.IMPV
he
go.again,return ENT
he
2sg.gen
1pl.gen
him.to GEN
similar
finish
girl
free
say AOR
be.FUT.Q
hand
redo AOR
Sedaget
country OBL DAT
village OBL DAT
sea OBL GEN
2sg DAT
was
week
russian PL
1sg.ERG
must
say AOP TEMP
my
pearls PL
those.and
want ENT PTCP
like.this GEN
then
make,do PERF
after
you.know
here AND;FOCUS
was
baby PL
voice
girl
say AOR
bottom ERG DAT
good
1sg.gen
only
say ENT
put! ENT
place
look.IMPV
like.this
1pl.abs
eight
1pl.abs
return AOC
is.there
2sg DAT
what DAT
say AOR
it.also GEN
my
throw AOC
APC
coming PST TEMP
on
beautiful
that
on
here DAT
sit ENT
1pl.abs
beautiful
leave PROH
go FUT PTCP TEMP
stone PL OBL GEN
GOING.TO.SLEEP.TEMP TEMP
punishment
dog
far
rest INF
say ENT
group
public OBL DAT AND;FOCUS
say AOR
say AOR
unit GEN ERG DAT
exemplary
artist OBL DAT
beautiful
go AOR
hand IN ESS
more AND;FOCUS
1pl.abs
that
sea OBL SP EL
then
mother AND;FOCUS
him.to DAT
that
approach INF
high
heart OBL DAT
lie.down AOR
old.woman
say ENT
spring
1pl.abs
rain
fall AOR
come AOC
them OBL GEN
go MSD
there
look IMPF Q
come AOC
it
love OBL GEN
yes
spring
king AND;FOCUS
Etibar
himself ERG
say AOR
take AOR
what ERG DAT
soldier
go AOC
her
this
give AOC
that.happing.AOC
king AND;FOCUS
boy
was
what
you.know
1pl.gen
good
say ENT
old.woman OBL DAT
one AND;FOCUS
what HORT
child OBL SP ESS
say ENT
come AOC
say AOR
how.Q
like.this
give
go FUT PTCP TEMP
want IMPF
was
say ENT
but
small
1sg.ERG and
1pl.erg
punishment
1sg.ERG DAT
here
speak IMPF
uncle
me
June OBL GEN
worthy
appear ENT
say ENT
happened PERF
cop which
mainly
market OBL SP ESS
Shahdag OBL GEN
stage
thing
year
2sg.abs
boy OBL GEN
put.under AOC
give IMC
country PL ERG
really AND;FOCUS
betrothed
what
pass ENT
set AOR
Rahulla
1sg.ERG
say ENT
say IMC
get.back!
today
horse OBL SP ESS
say ENT
day
boy
say ENT
well
face ERG
very
1sg.ERG
agreement
1pl.abs
say IMPF
word
child PL OBL PT ESS
boy
cassette PL
great
country OBL DAT
five.six
way
2sg.abs
country IN ESS
himself ERG GEN
Bezkhanum
or
could't
teacher ERG
lawyer PL
want ERG DAT
see AOR
girl
say AOR
want IMPF
man ERG
1pl.erg
hospital IN ESS AND;FOCUS
guns
water
very.sad
morning OBL PT DIR
friend PL ERG
time PL ERG
happening PL
that.one
day
look AOP COND
say AOR
say ENT
village OBL GEN
girl
king
owner
dog
say AOR
1pl.abs
make IMPF
well
this ABS
take AOC
go ENT
battalion DIR GEN
say ENT
jump FUT
time OBL SP ESS
never
man PL
go AOR
time OBL DAT
say ENT
say AOR
hand
Russia OBL GEN
stone
new DAT
up
2sg.gen
be.in.CONT NEG
1sg.ERG
enter HORT
say ENT
look AOC
say ENT
you
well
boy OBL DAT AND;FOCUS
1sg.ERG DAT
give
what ERG DAT
wound
is PST
high
these
one AND;FOCUS
five
while.getting.down INF
today there ERG
that
month OBL ESS
moaning;.ahh
that
village OBL DAT
more
girl
1pl.gen
bird
say ENT
mistake
water
time OBL DAT
punishment
chapter PL
say AOR
word
it
make.ache ENT
three
tomorrow
catch AOC
look AOC
arab PL AND;FOCUS
pass ENT
this ABS
leave HORT
Berlin DIR DAT
king OBL DAT
now
But
with
knowledge AOC
beauty
side
appear
day
dog
decision
chase FUT
say ENT
beat
here DAT
can NEG
new
so.much
1sg.ERG
1pl.gen DAT
well
stone
come ENT
chapter OBL SP ESS
"Samur"
plough
buy AOR
Derbent.in OBL DAT
border. IN ESS
this ABS
make IMPF
hand IN ESS
is COND
up
every
guns PL
more
THIS.NIGHT DAT
news
robber PL
go.again,return AOR
day
2sg.abs
boatman
here.you.go
send.away.IMPV
father OBL PT ESS
folktale
grandfather ERG AND;FOCUS
what
catch PERF
enter PERF
make,do AOR COND
1sg.ERG
son PL
merry
bring AOC
story
say ENT
before
1pl.erg
roe PL AND;FOCUS
on
car
spring OBL SP ESS AND;FOCUS
put.under PERF NEG
that
present
that
then
oh
here AND;FOCUS
himself
one
be PERF NEG
then
her
night OBL DAT
stay,remain IN
great
want IMPF
1pl.gen DAT
2sg.abs
after
show PROH
these
way IN ESS
1sg.ERG DAT
now
grandmother
that
but
matter
vizier ERG
say ENT
1pl.abs
say ENT
what HORT
never
where
word
lenght
say AOR
after
speak INF
then
more
himself ergative GEN
1pl.gen
return AOR
my
example
that
go IMPF
want IMPF
time
he
was
picture
was
make,do AOC
why
he GEN DIR
bathhouse OBL DAT
backwards
is.there SBST TEMP PST
1sg.ERG AND;FOCUS
field IN ESS
say AOR
Bezkhanum
say ENT
1sg.ERG DAT
house.of.culture IN ESS
say ENT
old.woman OBL GEN
water
small
himself ERG GEN
even
bring HORT
AT.THIS.MOMENT
2sg.abs
cop
mine PL
who
CALL.TILL
2sg.erg
after AND;FOCUS
is
thing
swear
France DIR DAT
pearls PL
window IN EL
a.lot
day
himself ERG
slowly
himself
dog OBL DAT
then
Yes
boy OBL PT ESS
questioning
these ERG
nine
give ENT
school IN EL
1sg.gen
two
NEG do HORT
now
country IN ESS
say AOR
forest OBL DAT
answers
say ENT
say ENT
go AOC
but
day
say ENT
form
small
1pl.abs
himself this DAT
say ENT
two ERG GEN
give MSD
picture
very
house
go IMPF
time
chapter OBL SP ESS AND;FOCUS
enough
brother PL OBL PT ESS
give
boy OBL DAT
comfort
Bebir
that
2sg.abs
say ENT
those.and
newspaper OBL DAT
child PL
that
girl
1pl.gen
teacher ERG
1pl.gen
give AOR
that
chapter OBL PT ESS
near
talis
how
write IMPF
soldier
uncle ERG AND;FOCUS
go MSD
friend
girl
make IMPF
2sg DAT
girl AND;FOCUS
boy ERG
say AOP
girl
1pl.erg
one
with PST
with DAT
with.haste
eye PL OBL SP ESS
say AOR
say AOR
yourself DAT
one
happened PERF SBST
so.much
village
say AOR
after.all
time IN ESS
say ENT
boat
go AOP OBL SP EL
say AOR
say AOR
comfort
look AOP COND
cop
just
dog
oh
way
boy
that
punishment
say AOR
more AND;FOCUS
bring
make,do AOC
make FUT PST
fur
king
one card.
only
give PERF PST
medicine AND;FOCUS
say AOR
cop
girl
boy OBL AD ESS
boy
then
coming PST SBST
he
you.know
these
go.again,return FUT
1sg.ERG DAT
other
buy AOR
mother OBL DAT AND;FOCUS
knowledge
man
buy INF
say AOR
way
1pl.erg
beautiful
root OBL SP ESS
hang ENT
isn't
say AOR
dear
say AOR
this OBL GEN
dear
sea OBL GEN
two
soul
girl
take AOC
nice
soil
go AOC
want COND AND;FOCUS
three
on
IN.TIME have
say ENT
mother SP EL
LIVE.IMC
then
drink HORT
how
he
that
chapter IN SP ESS
2sg.erg
year
there
girl OBL SP ESS
girl OBL SP ESS
fortress OBL DAT
say IMPF
go AOC
say IMPF
he
but
go ENT
before
captivity(rus)
faithful
want IMPF
dog OBL DAT
spring OBL SP ESS
day
dinner
sheep
go AOC
two
dastan
here
border. IN ESS
there
previously.mentioned.one
bread
take AOC
burn AOC
one
great
AT.THIS.MOMENT
king AND;FOCUS
2sg.abs ERG
escape IMPF
breath
write
be.AOP.COND
"Samur"
that
say IMC
her
other
Poland DIR DAT
say AOR
say ENT
fall AOR
look PST COND
mother
say ENT
1pl.erg
say ENT
king OBL GEN
come AOR
1pl.gen DAT
even
owner AND;FOCUS
go ENT
export
truth
say ENT
king
pleasant
so.much
go FUT PTCP TEMP
himself ergative DAT
poor
her GEN
fortress PL
now
station OBL SP ESS
or
1pl.abs
1pl.abs
down
say ENT
American PL this
boy
fifty
say ENT
say IMC
that
2sg.gen
thing PL OBL AD ESS
jump IMPF
say ENT
himself ERG GEN
he
fortress PL OBL GEN
kilometer
appear IMPF
here
girl OBL GEN
2sg DAT
American PL this
happened PERF
2sg.abs ERG
side
pearls PL
finish AOR
come AOC
bring.IMPV
end AND;FOCUS
himself ergative DAT
if.do
us
say AOR
pearls PL
on.the.contrary
Shahdag OBL GEN
fall AOR
my
was
what.do FUT COND
whip OBL AD ESS
with
robber OBL DAT AND;FOCUS
wound
kill FUT
FRAUD DAT
girl
brother
himself
grandfather AND;FOCUS
cop
side OBL DAT
want ERG
1sg.ERG
girl
get.back!
1pl.abs
sea OBL GEN
agreement
this.one
bread
make,do AOC
say AOR
took.care OBL SB ESS
himself ERG
this ERG
that
not
1pl.gen DAT
now
then
worthy
one
say ENT
then
attention PL
catch AOC
say ENT
commonly
time
appear AOC
her GEN
go IMPF
water DAT
go HORT
pearls PL
1sg.ERG
still
today
just ERG
good
great
horse
2sg.abs
all
dear
turn.back AOC
come ENT
like.that
ask
vein PL
give.PTP.MAN
drink HORT
1pl.abs
occasional
say MSD DAT
here
forest IN EL
him.to DAT
say AOR
1sg.gen
and
stand.up,rise AOR
say AOR
floor OBL SP EL
armenian OBL GEN
come ENT
take ENT
place
armenian OBL PT ESS
happy
before
coming PST TEMP
girl
2sg.gen
1sg.ERG DAT
place
worthy
1pl.erg
father
dear
give PERF
hang ENT
girl
girl
more
commonly
Sedaget
come ENT
I.wonder
water
you
sea IN EL
more
now
but
new
stick
go AOR
say ENT
conscript
go.again,return AOR
two
look INF
old
hand IN EL
go.again,return AOR
1pl.abs
come AOC
say ENT
my
time
vacation
needing.AOP
do
get.out IMPF.CONT NEG
so.much
say IMPF
say AOR
you.know
brought.up ENT
night OBL GEN
create AOR
brother AND;FOCUS
son DAT
girl
1sg.ERG DAT
1sg.ERG
be PST TEMP
say AOR
day
here.to DAT
say ENT
dog
say ENT
there
leave HORT
baby
1sg.ERG DAT
then
appear AOC
baby PL
say ENT
1sg.ERG DAT
by.money DIR
attention OBL DAT
massage
here
1pl.erg
slowly
put IMPF
being
being.AOC
wedding PL
pearls OBL GEN
coincidence
enter PERF
here ERG
dastan
come.out AOR
newspaper IN ESS AND;FOCUS
means
1sg.gen
catch FUT COND
king OBL GEN
here
him.to AND;FOCUS
three
2sg DAT
like.that
say ENT
bring.IMPV
why
girl
like.this
1pl.erg
throne OBL SP ESS
stand.up,rise AOP TEMP
that
please.do
country OBL DAT
appear AOC
1pl.abs
say AOP TEMP
chapter OBL SP ESS
reason OBL SB EL
her DAT
there PST
boatman
THIRD PST
dog
that
dog
say ENT
after.all
these ERG
forest OBL DAT
girl AND;FOCUS
king
boy
king OBL GEN
say ENT
go ENT
cop
come PERF
you
brother
1pl.gen
combine AOC
1pl.abs
boy
more
say AOR
snow
great DAT
hand IN EL
after
want IMPF PTCP
return IMPF PTCP
he
cop
two
organize FUT
buy PROH
go.again,return AOR
after
1pl.erg
soil AND;FOCUS
group
"Samur"
her
him.to GEN
time IN ESS
say AOR
is.there PST
themselves AND;FOCUS
buy AOR
you.know
girl
himself ERG DAT AND;FOCUS
punishment
1sg.gen
happening.AOC
say ENT
1sg.ERG DAT
he
give ENT
bathhouse OBL DAT
that
Bats
turn.back AOC
say PERF
say ENT
put.under AOC
make.extiguished AOC
put IMPF
give AOP
that
look AOR
here
young
that,.the.same OBL GEN
horse OBL SP ESS
spring OBL SP ESS
look.IMPV
go FUT
boy
sweetheart
man PL
very
say ENT
girl
cop
these ERG
one
was
boy PL ERG
2sg.abs
he
finish AOR
but
run.PRF.PTP.SBST 2sg PST DIR
fire
say ENT
boy AND;FOCUS
twelve OBL DAT
amazing
1sg.ERG
castle PL
Russia
Christian
life OBL DAT
scale OBL AD ESS
always
say ENT
himself this DAT
is.there PST
close AOR
with
who
go AOC
year PL
friend
approach ENT
return AOC
1sg.ERG DAT
falcon
then
that.aforementioned
wateror.something.else
1sg.ERG
1pl.abs
1pl.gen
he DAT
make IMPF
fall.on AOR
finish
look AOP COND
price
say ENT
voice
1pl.abs
market OBL DAT
return AOR
But
girl
nation
look IMPF PST
say AOR
story
bring.IMPV
king
look AOC
1pl.abs
village OBL DAT
oh
think.much IMPF Q
leave PROH
fire OBL GEN
cop
say AOR
flake
punishment
that
passport PL
keep,defend AOR
hand
sea OBL GEN
look AOP COND
there
1sg.ERG
1sg.ERG DAT AND;FOCUS
make ENT PST
fight FUT
he
dog ERG
him.to
you.know
sea OBL DAT
word PL
1pl.gen
boatman OBL DAT
go AOC
is PST TEMP
dog
it.also AND;FOCUS
with DAT
here AND;FOCUS
eat AOC
some
go AOR
is.there
one
king
wall OBL SP EL
this
know FUT PTCP
2sg.abs ERG
give AOC COND
refusal.(rus)
go PERF
happened PERF
so.much
girl
take ENT
go.again,return AOR
1pl.abs
say AOR
say AOC
1sg.ERG
here.you.go
that
area
THERFORE
take AOC
good
my
mountain.person PL OBL DAT
look AOC
girl
event
yes
then
here
sister NESS AND;FOCUS
other
sea OBL GEN
1sg.gen
but
2sg.abs
he AND;FOCUS
girl
go AOC
take AOC
that
go AOC
say ENT
two say PST
that
where
only
now
go AOR
another
give IMC
you ERG
that
very
love
word
eeh
1sg.ERG DAT
great
servant PL OBL DAT
put! ENT
dear
himself ERG GEN
1sg.ERG
1pl.gen
so.much
pig
cloth PL
is PST
public
well
he
border. PL
house
warm
go AOR
teacher ERG
boy
that
beautiful
that
famous
say ENT
pass ENT
buy FUT NEG Q
And.but
is NEG
deceive AOR
was
station OBL SP ESS
boatman
city OBL DAT
Leningrad ERG GEN
thing
say AOR
boatman OBL AND;FOCUS
plough
draw,pull INF
way IN ESS
aunt ERG
1sg.ERG DAT
or
king OBL DAT
say ENT
1sg.gen
that
us ERG
very
you.know
1pl.gen
tire AOR
cop
country OBL GEN
bathhouse OBL DAT
if.do PST
you.know
say AOR
thing AND;FOCUS
dog AND;FOCUS
it
young
if.do OPT
2sg.abs
pleasant
is PST
thought
he
make,do AOC
Poland DIR DAT
her
want IMPF
say ENT
wood PL
owner
beautiful
bring AOC
hill OBL SP ESS
praise
send.back;send.again AOR
say AOR
there.to AND;FOCUS
Lithuania OBL GEN
say ENT
rest OBL SP EL
dog
he.from
was
he isn't
find MSD
because.of
want IMPF PTCP
courage OBL DAT
king
good
chance
say AOR
say AOR
you
border. DIR DAT
this
time IN ESS
say AOR
2sg.abs ERG AND;FOCUS
here DAT
hardly
return AOR
where
make,do AOC
mount ENT
say ENT
is.there COND
wife DAT
scholar OBL GEN
1pl.abs
cop
put.under PERF
oh
pile OBL SP ESS
girl
know FUT NEG
person OBL AD EL
choose FUT
chapter OBL SP ESS
sea OBL GEN
say ENT
that
return AOC
reach AOC
sea OBL GEN
but
1pl.abs AND;FOCUS
NEG be.will EL
return AOR
go FUT
2sg DAT
say ENT
brother
hand OBL SB EL
dog
say AOR
patience
root PL this TEMP PST
catch ENT
soil
draw OPT
want IMPF PTCP
where
good
stay,remain IN
way
say ENT
bag
week
boy OBL PT ESS
man
say.IMPV
fight
escape IMPF
good
but
in.no.way AND;FOCUS
behind
girl
come AOC
1pl.abs
here
beautiful
dear
well
but
there
Poland IN EL
cop.NEG
what
that
cart AND;FOCUS
cold ERG
this so.much
June OBL GEN
relative OBL DAT
say ENT
more
evening OBL GEN
grandfather OBL DAT
beautiful
with DAT
that
king OBL GEN
sergeant
very
case
girl
but
open HORT
she DAT
which
summer
so.much
another
beautiful
agree
man
say ENT
she DAT
sea OBL GEN
ashuq ERG
you.know
year
climb(up),mount AOC
yes
say AOR
himself OBL GEN
friend
pearls PL
side OBL DAT
say ENT
himself ERG
displeasure
put INF
return AOR
Jahan
look AOC
every.time
son
justice
tomorrow
twenty
GO.DOWN AOR
2sg DAT
and
ashuq OBL DAT
six
return AOR
boy OBL DAT
what
weather PL
himself ERG GEN
book
1sg.ERG DAT
boy
with DAT
minute
ten
himself ERG GEN
1sg.ERG
say ENT
is.there PST
fear
open AOC
bring AOR
return ENT
girl
two say PST
grandfather ERG AND;FOCUS
cloth PL
want IMPF
2sg DAT
chapter ERG GEN
stay,remain AOR
father
1sg.ERG DAT
2sg.abs ERG AND;FOCUS
hungry.also GEN AND;FOCUS
return ENT
do
take HORT
that
girl
you.know
water DAT
is PST
more AND;FOCUS
chapter OBL SP ESS AND;FOCUS
water
permision
mother AND;FOCUS
1sg.ERG DAT
cold ERG
solution PL ERG SB EL
go AOR
say AOR
come ENT
buy PERF
no
1sg.gen
blue
just
elder.brother OBL PT ESS
go AOC
as.if
2sg DAT
1pl.gen
soil
minute OBL SP EL
keep,defend FUT
girl
say IMPF
himself ERG GEN
dog OBL GEN
punishment
stay IMPF
Georgia DIR DAT
now
put AOR
that
1pl.gen
Isi
she GEN
day OBL SP DIR
king OBL GEN
say ENT
pronouncment.of.punishment.PTP.MAN
far DAT was
burning
after
that
good
generation
1pl.abs
chapter OBL SP ESS
what
from.here
if.do
deed PL
on.the.contrary
stage IN ESS
ride AOR
say ENT
now
man
boatman
dear
by.crawling
be.born
seven
grandfather AND;FOCUS
dear
man OBL GEN
After AND;FOCUS
so.much
say AOR
father
these AND;FOCUS
november december ERG GEN
wood PL
better
say AOR
that DAT
American PL ergative
was
young
say AOR
now
1sg.ERG
wife DAT
war
say AOR
dastan
say AOR
say AOR
fall.on AOR
after
go.down AOR NEG
us ERG
on
put ENT
this
say.IMPV
steed OBL PT ESS
Everything AND;FOCUS
say ENT
acquainted
then
girl
horse OBL SP ESS
go AOR
mount ENT
pearls PL
all
world OBL GEN
german.person PL OBL PT ESS
king OBL GEN
cop
sea OBL GEN
these AND;FOCUS
want ERG DAT
throw AOC
story
start AOR
good
be.IMPV
he AND;FOCUS
three
finish
reach AOP TEMP
1pl.abs
still.be,.remain IMPF.CONT
thing AND;FOCUS
here DAT
2sg.abs ERG
very
cop
take AOC
seven ERG DAT
say AOR
deer OBL GEN
cop
And.but
or
call.IMPV
that
hand
just
special
2sg DAT
take ENT
sit AOC
independent
now
NEG look OPT
warm
dear
that
girl AND;FOCUS
girl
bathhouse IN ESS
say AOR
country OBL DAT
move PL
happening
him.to DAT
very
girl OBL DAT
that
take FUT
2sg DAT
stay,remain AOR
summer
king AND;FOCUS
girl
leg
sea OBL SP EL
put.under AOR
bring FUT
1pl.gen DAT
moment
name
1pl.abs
military.service ERG
great
sea
by.cunning .NESS OBL SP DIR
was
play INF
that
wood PL
sofa OBL GEN
say ENT
go ENT
jump IMPF PTCP
extinguish INF
sea OBL GEN
call AOR
other
story
set AOR
again
if.do
was
come ENT
summer
go FUT
catch PERF
look INF
more
what
that
don't.be
is PST SBST
bring AOR
so.much
stand.up,rise ENT
him.to AND;FOCUS
take.off AOC
cop INF
girl
what
look AOP COND
who
news
give AOR
house OBL DAT
deed
artist OBL GEN
that
come AOR
uncle
read AOP TEMP
come AOC
it
teacher OBL DAT
THERFORE
was
whip OBL AD ESS
voice
give ENT
child PL
all
himself ERG GEN
say ENT
dear
catch AOC
that
brother AND;FOCUS
say ENT
bring FUT
say AOR
say AOR
1pl.abs
call.IMPV
then
after
that
head
him.to AND;FOCUS
come AOC
boat IN ESS
1pl.gen
that
car AND;FOCUS
what
there PST
is COND
horse OBL AD EL
draw OPT
ask AOR
word
empty
benefit AND;FOCUS
be DAT
LIKE.WOULD.BE
girl
boatman OBL DAT AND;FOCUS
dear
1pl.gen
that
1pl.gen
say PERF
give AOC
turn.back AOC
azerbaijanian PL
1pl.abs
France DIR DAT
say ENT
medicine AND;FOCUS
robber
with.haste
say AOP TEMP
himself ERG DAT
two
him.to GEN
say IMPF
say IMPF
still.be,.remain
2sg.abs ERG
throw ENT PST
catch ENT
1sg.ERG
I.wonder
eye PL OBL SP ESS
1pl.erg
still.be,.remain
1sg.ERG AND;FOCUS
border. DIR DAT
that
can.be.NEG
chapter OBL SP ESS
catch AOC
man PL ERG SB EL
he DAT
her
him.to AND;FOCUS
happened PERF
brother
look AOP TEMP
one
leg
head
bank OBL SP EL
height.from PST
throw ENT
1pl.abs
this
go AOR
2sg.abs ERG
so.much
1sg.ERG
old
1sg.ERG
here.from
he
uh
oh
mother
after.all
mother
the.same
day
no
chapter OBL SP ESS
1pl.erg
winter OBL PT EL
and
make,do PERF
man
bring.again AOR
go AOR
go AOR
he
1sg.gen
house IN ESS
leave PROH
group
pearls PL
only
month OBL ESS
Muxox IN EL
say ENT
know IMPF
1pl.gen
after
is PST DIR