pe-#IMPERATIVE tengkau#to.stab
kakhene#because
aku#1sg
manuk#chicken
motokh#car e#that,.those
anak#child ==ne#=THE
me-#TO.DO.... babe#to.carry
bage#such.as
angkat#pick.up
se-#ONE kejap#bline
gane#to.cook
sebage#like
sikel#will
hendak#to.intend
jeme#person
kekhine#all
kane#even.(also)
kami#we.(excludes.the.one.adddressed)
si#relpro
dalan#road
si#relpro
mele#embarrassed
kane#so.that
dukun#shaman
si#relpro
ng-#ACTIVE.VOICE kekhet#cut,.to
sosok#figure
pe#just
tentang#about
handhe#here
khangtue#PARENTS
lain#other
khoh#come,.to
khase#feel,.to
biakh#fear -i#GIVE.X.TO
mem-#ACTIVE.VOICE babe#to.carry
sekolah#school ==ne#=THE
tanoh#land
oleh#by
te#and
pige#amount
kahkhene#because
khut#with
se-#ONE tekhus#to.continue ==ne#=3SG
coklat#chocolate
ate#heart
kekhi#finish.off,.to
senuan#plant
mame#uncle
miskin#poor
selese#to.be.finished
me-#TO.HAVE.... goto.khoyong#COOPERATION
keluakhge#family
kalihen#very
banjikh#flood
wakhi#day
iye#3sg
singkil#Singkil
khaje#king
iye#3sg
ni-#PAS.TR jumpa#certain -i#IMPERATIVE
si#relpro layakh#sail
wakhisan#inheritance
ulang#do.not!
edi#that,.those
wakhan#root
manusie#HUMAN
macam#type,.sort
bongi#night
kekhine#all
anak#child
alas#alas
lahekh#born ==ne#=THE
sikel#will
toh#king
daekhah#area
khut#participate
si#relpro
amek#mother ==ne#=3SG pe#also
bekhu.dinam#BRU.DINAM
niwekhe#coconut
akhi#from
ulang#do.not!
edi#that,.those
khut#with
sendah#presently,.nowadays
kidah#1sg
khumah#home
benakh#true
malet#neg
kekhe#ape
modal#capital
malot#neg
men-#CAUSATIVE indekh#to.build -ken#CAUSATIVE
khaje#king
tadi#just
de#if
men-...-ken#CAUSATIVE ekhe#to.give -ken#CAUSATIVE
sikel#will
anak#child
te#and
cukup#enough
oyek#no,.not.(of.nouns)
malot#neg
pengulu.mude#PENGULU.MUDE
jaye#successful
malot#neg
ke-#NOMINALIZER khoh#come,.to -en#NOMINALIZER
mejile#good
malet#neg
ni-#PAS.TR tumpang#to.somersault kepaling#to.turn
[...]--#RDP gakham#to.search.for -i#REPEATEDLY
sang#class.person
sebuah#one
mey-#ACTIVE.VOICE ambut#greet,.to.receive
te#and
pe#also
ni-#PAS.TR takhik#to.pull balik#return.home,.to
due#two ==ne#=3SG
tekh-#ABILITATIVE jadi#to.become
ni#in,.at.(space)
n-#CAUSATIVE tumpang#to.somersault kepaling#to.turn -ken#CAUSATIVE
keempat#fourth
jukhang#chasm
ni-#PAS.TR tengo#to.call
jabate#position ==ne#=3SG
anak#child ==ne#=THE
bhatu#stone
enggo#done.(finished)
bekhu.dinam#BRU.DINAM
si#relpro ape#where
tuan#master ==ku#=1SG
men-#ACTIVE.VOICE jadi#to.become
kabakh#news
sendah#presently,.nowadays
sang#class.person
me#to,..toward.(a.place)
m-#CAUSATIVE putekh#rotate -ken#CAUSATIVE
te#and
khang.tue#PARENTS
hakhte#wealth
sikel#will
tekh-#ABILITATIVE kecuali#except
nujum#fortune.teller
ende#this
kalak#person
de#if
madhe#negativizer
hambe#servant
pe-#HAVING.TO.DO.WITH... khencane#plan -en#HAVING.TO.DO.WITH... ==ne#=3SG
kabupaten#county
pakek#to.use
belin#large
bekhe#nephew
nimai#to.wait
ke-#NOMINALIZER jaya#successful -en#NOMINALIZER
tebe#TOWARD.(A.PERSON)
gakham#to.search.for -i#REPEATEDLY
te-#PASS.TR kukhik#to.pierce -ken#PASS.TR
gegakhe#the.reason.something.happens
ni-#PAS.TR bunuh#kill ==ne#=3SG
malet#neg
dempik#cry.out,.to
anak.laki#BOY
akhi#from
ajaib#magic
anak#child
ni-#PAS.TR bunuh#kill
gendang#long.(length)
anak#child ==ne#=3SG
lahikh#born lah#intensifier
pe-#HAVING.TO.DO.WITH... nata#clear -en#HAVING.TO.DO.WITH...
si#relpro
ke-#NOMINALIZER kuasa#power -en#NOMINALIZER
ni-#PASS.INTR atou#to.see -ken#PASS.INTR
si#relpro
penjelasen#clarification
pudi#behind
alas#alas
ni#in,.at.(space)
bekhu#wife ==ne#=3SG
si#relpro layakh#sail
sikel#will
se.enggo#AFTER
cekhite#story
khut#with
te#and
ke-#NOMINALIZER tukhun#TO.GO.DOWN -en#NOMINALIZER
namun#but
tebe#TOWARD.(A.PERSON)
salah.sebuah#ONE.OF
kanda#older.sibling
[...]--#RDP hewan#animal
men-#ACTIVE.VOICE ukokh#buy
edi#that,.those
si#relpro
akhi#from
kao#you.(hon)
sendikhi#alone
malot#neg
me-#TO.HAVE.... bongi#night
n-#DURATIVE? tegu#to.pull -i#DURATIVE?
singkil#Singkil
me-#TO.HAVE.... baju#shirt
mampu#to.be.capable.of
mulai#begin,.to
hokhmat#respect ==ne#=3SG
enggo#done.(finished)
kendukhi#feast
begedi#like.that
kalihen#very
si#relpro
manusie#HUMAN
kake#sister
suatu#a
kae#WHAT
pejabat#officials.(government)
te#and
tanoh#land
aku#1sg
sikel#will
tuan#master
deleng#jungle
khumah#home
malot#neg
pekhsi#version
iye#3sg
aku#1sg
kawin#to.marry
mampu#to.be.capable.of
jagung#corn
anakhu#GIRL
khut#from
bangse#nation,.people
si#relpro
tahun#year ==ne#=THE
belagakh#young.man
geluh#to.live.(be.alive)
iye#3sg
penduduk#citizen
khut#also
lah#emphasis
awak#waist
khoh#come,.to ==lah#=FRONTED.ELEMENT
te#and
ni-#PAS.TR tukokh#buy ==lah#=FRONTED.ELEMENT
si#relpro
te-#PASS.TR tukokh#buy -ken#PASS.TR
pekhbuat#to.do
pekhistiwe#event
me#for
si#relpro
khaje#king
ende#this
aku#1sg
me-#TO.HAVE.... doe#prayer
pukhih#midvein.of.leaf
bungki#boat
pen-#HAVING.TO.DO.WITH... dekhite#suffering -en#HAVING.TO.DO.WITH...
ke-#NOMINALIZER hadikh#to.arrive -en#NOMINALIZER
khang.tue#PARENTS ==ne#=3SG
takjub#amazed
sekali#once
pengulu.mude#PENGULU.MUDE
ganas#wild
malot#neg
mulai#begin,.to
te#1p
geluh#to.live.(be.alive)
khut#with
kelak#what.will.come
balik#return.(go.back)
tekhus#to.continue
khemeh#remeh
lain#other
pakhah#serious,.severe.(of.problems,.illnesses,.etc)
anak#child
tuan#master ==ku#=1SG
enggo#done.(finished)
cekhe#to.divorce
ni-#PASSIVE kakhene#reason -ken#PASSIVE
petame#first
uwak#father ==ku#=1SG
ni-#PAS.TR tambah#Tambah
tipu#trickery daye#energy
niat#intention
sendikhi#alone
megekhogoti#to.gnaw.on
kute#city
lebhe#first
men-#TO.CAUSE.TO.BECOME... damba#desired -ken#TO.CAUSE.TO.BECOME...
angote#member
anak#child
si#relpro layakh#sail
sedang#in.the.process.of
tule#again
dalan#road ==e#=THE
me-#TO.DO.... untung#count,.reckon
manusie#HUMAN
se-#HAVING.THE.SAME [...]--#RDP sikel#will
si#relpro layakh#sail
dikhi#self ==ne#=3SG
si#relpro
me-#TO.DO.... limpah#overflow khuah#downpour
megah#magnificent
ate#heart
tekhagedis#tragic
kane#even.(also)
hambe#servant
bakhu#just lah#emphasis
uwak#father ==ne#=3SG
ni#in,.at.(space)
me#to,..toward.(a.place)
akhi#from
ni#in,.at.(space)
pekh#HAVING.TO.DO.WITH... cuba#try -en#PROCESS.OF
saat#time
[...]--#RDP benakh#true
sebuah#one
meng-#ACTIVE.VOICE inget#remember,.to
lebe#portion
pakcik#uncle ==ne#=3SG
tekham#to.kick tunjang#to.lunge -i#REPEATEDLY
oleh#by
jumpe#meet,.to
kane#even.(also)
iye#3sg
meng-#ACTIVE.VOICE alikh#to.fow
me-#TO.DO.... babe#to.carry
kelak#what.will.come
ketang#rotan =e#THAT
asal#source ==ne#=3SG
pengulu.mude#PENGULU.MUDE
laus#go mece#to.read.holy.books
ni.hande#HERE
mame#uncle ==ne#=3SG
ni-#PAS.TR bagi#to.share
te-#ABILITATIVE gusuk#scrub,.to
me#to,..toward.(a.place)
kakhene#because
khase#feel,.to
ni-#PAS.TR pe-#SEMANTIC.ROLE:.PATIENT kikhe#to.think -ken#SEMANTIC.ROLE:.PATIENT
te#and
[...]--#PLURAL selikh#concubine
akhi#from
laus#go
namun#but
ahli#expert
cemekh#concerned
tekh-#ABILITATIVE tandok#sit.down,.to
ke-#CHARACTERSTIC.OF penting#important -en#CHARACTERSTIC.OF
sendah#presently,.nowadays
kalak#person
halaman#yard
me-#TO.HAVE.... usahe#effort
kobo#water.buffalo
malot#neg
si#relpro layakh#sail
[...]-#VARIETY buah#fruit -en#VARIETY
nange#again
pengulu.mude#PENGULU.MUDE
geluh#to.live.(be.alive)
kekhine#all
sebuah#one
iye#3sg
jeme#person
te#and
khut#with
tebe#TOWARD.(A.PERSON)
wahai#O
si#relpro
kado#to.give.a.gift
mekh-#ACTIVE.VOICE awat#to.take.care.of
hakhte#wealth
setiap#every
kakhene#because
tihang#port,.column
laus#go
te#and
wali#guardian ==ne#=THE
mate#eye
kekuaten#strength
me-#TO.HAVE.... page#rice.(plant)
kae#WHAT
khaje#king
bali#same
namun#but
pagakh#gate
jukhang#chasm
suakhe#noise
si#relpro
akhi#from
si#relpro
ogek#not
mem-#ACTIVE.VOICE babe#to.carry
desa#village
malet#neg
se.engo#AFTER
cut#little.(small)
edi#that,.those
anak#child
edi#that,.those
me-#TO.DO.... daun#drug,.medicine
pen-#PERSON.WHO... tekhus#to.continue
kute#city
agup#to.be.capable.of
tanoh#land
si#relpro layakh#sail
kalak#3mp
me-#TO.DO.... bahan#to.produce
endhe#it
wayang#very
sebuah#one
bage#such.as
khimo#tiger
ni#in,.at.(space)
pakek#to.use
kekhet#cut,.to -i#REPEATEDLY
nakhu#GIRL
si#relpro
tanoh#land
sikel#will
aku#1sg
me#to,..toward.(a.place)
pe#also
te#and
mame#uncle ==ne#=3SG
anak#child
apelagi#furthermore
ahli#expert
edi#that,.those
ke-#CHARACTERSTIC.OF suwi#magical -en#CHARACTERSTIC.OF
kobo#water.buffalo
si#relpro
khumah#home
edi#that,.those -me#INTENSIFIER
khut#with
n-#TO.GO.TO.... datas#top
me#to,..toward.(a.place) ngkekhan#Engkeran
te-#ABILITATIVE tawe#laugh,.to cikhem#smile,.to
me-#TO.DO.... bahan#to.produce
ende#this
mbue#many
tekhsebut#previously.mentioned
jahat#evil
kekhang#clam
de#if lah#emphasis
soh#to.arrive
iye#3sg
de#if
malet#neg
edi#that,.those
kekhine#all
bujuk#persuasion -en#NOMINALIZER
wakhi#day
lembu#cow
me-#TO.DO.... pikekh#THINK,.TO
nggo#done.(finished)
khamah#boyfriend ==ne#=3SG
kekhan#Engkeran
m-#ACTIVE.VOICE putekh#rotate
te#and
nujum#fortune.teller
oyek#no,.not.(of.nouns)
se.enggo#AFTER
khang.tue#PARENTS ==ne#=3SG
ni#in,.at.(space)
bage#such.as
te#and
menukhut#according.to
abhang#brother,.older
ni-#PAS.TR mulai#begin,.to
si#relpro layakh#sail
kalak#3mp
si#relpro
laki-laki#male
se-#ONE [...]--#RDP sikel#intend,.to
pake#wear,.to
tukhun#TO.GO.DOWN men-#ACTIVE.VOICE tukhun#TO.GO.DOWN
gemakh#to.like
si#relpro
ge#just
tanoh#land
akhi#from
iye#3sg
ke-#NOMINALIZER gembikh#happy -en#NOMINALIZER
khut#with
si#relpro
singkil#Singkil
te-#ABILITATIVE bhabhe#to.carry m-#TRANS bhalik#return.home,.to
madhe#negativizer
penduduk#citizen
lawe#water
sang#class.person
me-#TO.APPLY.....TO.THE.OBJECT milik#possession -i#TO.APPLY.....TO.THE.OBJECT
edi#that,.those -me#INTENSIFIER
kalihen#very
batin#inner.soul
si#relpro
ciduhken#display,.to
ni#in,.at.(space)
tuan#master ==ku#=1SG
sikel#will
kalak#person
[...]--#RDP hanjakh#slowly
khut#with
bangku#for.me
te-#ABILITATIVE babe#to.carry m-#ACTIVE.VOICE bhalik#return.home,.to
gelap#dark
kisat#lazy
amin#only
pepagi#morning ==ne#=3SG
cindekh#stand.up,.to
khugi#lose.money,.to
bekhu.dinam#BRU.DINAM
anak#child
khut#with
me-#TO.HAVE.... pangkat#rank,.station.in.life
tebe#TOWARD.(A.PERSON)
pakek#to.use
mulai#begin,.to
bebekhe#niece ==ne#=3SG
sitok#little.(not.inch)
khaje#king
me-#TO.HAVE.... sekolah#school
[...]--#PLURAL anak#child
pepagi#morning ==ne#=THE
gembikhe#happy
laki-laki#male
kane#even.(also)
cinte#love
panganen#food
m-#CAUSATIVE bulak#to.collapse -ken#CAUSATIVE
ni-#TRAN.PAS kakhunia#blessing -i#TRAN.PAS
te#and
lawe#river ==ne#=THE
ngulih#to.return -ken#IMPERATIVE
engo#done.(finished)
ende#this
anak.laki#BOY
ke-#CHARACTERSTIC.OF jujukh#honest -en#CHARACTERSTIC.OF
anak#child
ate#heart
acam#to.threaten -en#OBJECT.OF.VERB
abhang#brother,.older
anak#child
meng-#ACTIVE.VOICE hadikh#to.arrive -i#DURATIVE?
cekhite#story
se-#RECIPRICAL tegu#to.pull -n#RECIPRICAL
lebe#portion
sikel#intend,.to
nggo#done.(finished)
peng-#PERSON.WHO.HAS.... uase#power
ahli#expert
si#relpro
kekade#thing,.item
tuak#alcoholic.drink
si#relpro
di#that,.those
sebuah#one
wakhi#day
si#relpro
se-#ONE kalak#person
tebe#TOWARD.(A.PERSON)
madhe#negativizer
te#and
kekhine#all
kalak#person
wakhisen#inheritance ==ne#=THE
anak#child ==ne#=3SG
pekhtame#first
sabakh#patient.(calm)
tule#again
bekhe#nephew ==ku#=1SG
kalak#3mp
kali#the.time.(that.something.happens) ==ne#=3SG
==mu#=2ND.PERSON
kami#we.(excludes.the.one.adddressed)
ni-#PAS.TR tekhime#receive
anak#child
ekas#place
kane#even.(also)
cut#little.(small)
aku#1sg
uan#dad -me#EMPHASIS
malet#neg
hadi#THERE
malot#neg
cekhok#speak
wahai#O
pejabat#officials.(government)
me#to,..toward.(a.place)
men-#ACTIVE.VOICE pekhintah#to.govern -ken#CAUSATIVE
sementakhe#temporarily
metekh#meter
me-#TO.HAVE.... deleng#mountain
men-#ACTIVE.VOICE indekh#to.build -ken#CAUSATIVE ==ne#=3SG
laki-laki#male
tetap#Permanent
gukhu#teacher
gakham#to.search.for -i#REPEATEDLY
sawit#palm
si#relpro
te-#ABILITATIVE tandok#sit.down,.to me-#TO.HAVE.... sile#cross.legged.position
si#relpro
bakhu#just
malet#neg
kene#also
bage#such.as
bayi#baby
de#if
ke-#NOMINALIZER hadikh#to.arrive -en#NOMINALIZER ==ne#=3SG
uan#father
[...]--#RDP macam#type,.sort
khaje#king
malot#neg
khut#with
buhung#remeh
anak.laki#BOY
metuah#holy
endhe#it
bantu#to.help -en#OBJECT.OF.VERB
ni-#PASSIVE khagu#doubtful -ken#PASSIVE
lemes#limp
kakhene#because
me#to,..toward.(a.place)
edi#that,.those
si#relpro layakh#sail
ni-#PASS.INTR laus#go mece#to.read.holy.books -ken#PASS.INTR
kane#so.that
te#and
main#to.play
medem#sleep,.to
paling#very,.extremely
ni-#TRAN.PAS khestu#blessing -i#TRAN.PAS
tanoh#land
khut#with
mude#young
edi#that,.those
tebe#what.happened
debekhu#woman
se-#ONE kelompok#team
alas#alas
sesikel#AS.IF
jeme#person
lelukhuh#entire
mem-#CAUSATIVE utus#to.be.certain -ken#CAUSATIVE
kukhang#less
kekhine#all
kalaki#3mp
sebuah#one
wakhi#day
sendah#presently,.nowadays
men-#ACTIVE.VOICE jadi#to.become
e#that,.those
panen#harvest
deleng#jungle
me-#TO.DO.... kembang#to.grow ==ne#=3SG
iye#3sg
adalah#is
bekhu.dinam#BRU.DINAM
te#and
ampun#mercy
bekhite#news
ni-#PAS.TR pinang#to.propose.(marriage)
meng-#ACTIVE.VOICE anut#to.follow
tulang#bone
ni-#PASSIVE kate#word -ken#PASSIVE
kase#so.that
hasil#result
ni-#PAS.TR bunuh#kill
anakhu#GIRL
delaki#male
mpus#garden
bage#such.as
edi#that,.those
se-#ONE wakhi#day
si#relpro layakh#sail
tentang#about
men-#ACTIVE.VOICE andai#acquainted.to
sang#class.person
gat#continue
laki#husband ==ne#=3SG
tebhu#sugarcane
wayang#very
te#and
men-#CAUSATIVE dabuh#to.fall -ken#CAUSATIVE
meng-#ACTIVE.VOICE anggu#to.bother
cangkul#hoe
te#and
men-#ACTIVE.VOICE jadi#to.become
mem-#ACTIVE.VOICE ege#hear,.to
tekhjal#steep
ulang#do.not!
si#relpro
saling#mutual,.mutually
khaje#king
me-#ACTIVE.VOICE bace#read
akhi#from
ni-#PAS.TR lajang#single -i#IMPERATIVE
[...]-#VARIETY ikhing#to.travel.in.a.group -en#NOMINALIZER
oleh#by
engo#done.(finished)
lah#emphasis
kabakh#news
kadang#Perhaps,.probably
sendikhi#alone
bekhu.dinam#BRU.DINAM
wakhi#day
pe#also
sang#class.person
ni-#PAS.TR banding.ken#to.compare
malot#neg
puhun#aunt
malet#neg
akhi#from
me-#TO.HAVE.... hak#rights
kisah#story
nol#zero
si#relpro
jeme#person
sipat#characteristic
si#relpro
tapi#but
pade#on.(of.dates)
men-#CAUSATIVE afsikh#to.interpret -ken#CAUSATIVE
si#relpro
manusie#HUMAN
khaje#king
aku#1sg
te-#ABILITATIVE takhik#to.pull
ampun#mercy
me-#ACTIVE.VOICE khase#feel,.to
amin#only
manusie#HUMAN
sendah#presently,.nowadays
aku#1sg
bakhu#new
khut#with
meleset#to.miss.the.mark
mejile#good
cangkul#hoe
keji#vile
si#relpro
ulang#do.not!
ende#this
impal#cousin ==mu#=2ND.PERSON
men-#ACTIVE.VOICE andung#uterus ==ne#=3SG
kae#WHAT
te#and
sulit#complicated
sikel#will
si#relpro
walau#despite
modal#capital
si#relpro
aku#1sg
sangub#to.be.able.to
patani#farmer
enggo#done.(finished)
gelakh#name
tekh-#ABILITATIVE jadi#to.become
meng-#ACTIVE.VOICE elem#hold.onto,.grasp
mame#uncle ==ne#=3SG
kondisi#condition
enggi#younger.brother.or.sister ==mu#=2ND.PERSON
me-#TO.BE.... tahan#resilient
ke-#CHARACTERSTIC.OF ganteng#handsome -en#CHARACTERSTIC.OF
ahli#expert
[...]--#RDP dempik#cry.out,.to
bekhite#news
pade#on.(of.dates)
suasane#situation
kalak#3mp
bekhu#wife ==ne#=3SG
die#while.ago
laki-laki#male
men-#ACTIVE.VOICE cube#try
tas#PURSE
pe-#THE.PROCESS.OF geluh#to.live.(be.alive)
pakhang#machete
mengindah.ken#TO.CARE.ABOUT
khumah#home
anak.laki#BOY
[...]--#REPEATED.ACTION atou#to.look
pas#exactly
de#if
kelak#what.will.come
paling#very,.extremely
waluh.belas#EIGHTTEEN
adalah#is
khumah#home
anak#child
sang#class.person
me#to,..toward.(a.place)
te#if
kawin#to.marry
nde#this
khaje#king
ni#in,.at.(space)
khaje#king
ni-#PAS.TR pinpin#to.lead
mahal#expensive
se-#ONE kalak#person
si#relpro
sebuah#one
mampu#to.have
te#and
ni#in,.at.(space)
mem-#ACTIVE.VOICE bunuh#kill ==ne#=3SG
kakho#Karo
te#and
khut#with
dikhi#self ==ne#=3SG
te#and
hanjung#bedroom
khoh#come,.to ==lah#=FRONTED.ELEMENT
kanda#older.sibling
nujum#fortune.teller
niat#intention
te#and
bakhu#just ==lah#=FRONTED.ELEMENT
si#relpro
ni#in,.at.(space)
setekhusne#continuing
bhe#to,..toward.(a.place)
dengkil#filthy
nange#again
sang#class.person
tanoh#land ==ne#=THE
khitan#circumcise -en#OBJECT.OF.VERB
tekhus#to.continue
iye#3sg
cinte#love
khut#participate
me-#TO.HAVE.... usahe#effort
ni#in,.at.(space)
hamil#to.be.pregnant
tule#again
balok#beam
ni#in,.at.(space)
tebe#TOWARD.(A.PERSON)
ulang#do.not!
wahai#O
te#and
kane#even.(also)
babe#to.carry m-#ACTIVE.VOICE balik#return.(go.back)
pihak#side.(of.an.issue)
me-#TO.HAVE.... sokhat#cheer
lebe#portion
nggo#done.(finished)
khumah#home
kakhene#because
men-#ACTIVE.VOICE jadi#to.become
me-#TO.HAVE.... sekolah#school
nange#again
si#relpro
tetap#Permanent
padahal#even.though
mame#uncle ==ne#=3SG
pepige#some
belang.kejekhen#BLANGKEJEREN
sang#class.person
ngo#done.(finished)
lupe#to.forget
ke-#CHARACTERSTIC.OF sabakh#patient.(calm) -en#CHARACTERSTIC.OF
khaje#king
pe-#PERSON.WHO.DOES.... lawat#to.visit
kekhine#all
si#relpro
ni-#PAS.TR tekhime#receive
muncu#to.appear ==lah#=FRONTED.ELEMENT
pade#on.(of.dates)
mate#eye
te#and
bakhu#just
bhone#yesterday
te#and
alas#alas
se-#ONE anak#child ==ne#=3SG
te#1p
ni#in,.at.(space)
tawe#laugh,.to cikhem#smile,.to -i#REPEATEDLY
malot#neg
ni-#PASS.INTR lahekh#born -ken#PASS.INTR
pe#also
mahkota#crown
iye#3sg
edi#that,.those
si#relpro layakh#sail
pe#just
ke-#CHARACTERSTIC.OF gigih#active -en#CHARACTERSTIC.OF
me-#TO.APPLY.....TO.THE.OBJECT milik#possession -i#TO.APPLY.....TO.THE.OBJECT
iye#3sg
pesan#order
me#to,..toward.(a.place)
kase#even.(also)
balik#return.home,.to
setekhusne#continuing
kiasat#strategy
hakhte#wealth
salah.sebuah#ONE.OF
pengulu.mude#PENGULU.MUDE
khut#with
me#for
kami#we.(excludes.the.one.adddressed)
me#to,..toward.(a.place)
si#relpro layakh#sail
meng-#ACTIVE.VOICE ate#word -ken#CAUSATIVE
soh#to.arrive
si#relpro
kane#even.(also)
baba#to.carry -i#REPEATEDLY m-#TRANS balik#return.home,.to
awak#waist ==ne#=3SG
kidah#1sg
ni#in,.at.(space)
me-#TO.HAVE.... bagas#variety
nde#this
tandok#sit.down,.to sile#cross.legged.position -me#POLITE.IMPERATIVE
amek#mother
me#to,..toward.(a.place)
oleh#by
iye#3sg
me-#TO.DO.... dikusi#to.discuss
geluh#life ==ne#=3SG
khut#with
ate#heart
bage#such.as
se-#ONE kalak#person
khumah#home
tekhus#to.continue
ahli#expert
se-#ONE kalak#person
tekhsebut#previously.mentioned
akhikh#the.end ==ne#=THE
ngkekhan#Engkeran
si#relpro
mem-#ACTIVE.VOICE angku#to.hold.in.lap
me-#TO.APPLY.....TO.THE.OBJECT milik#possession -i#TO.APPLY.....TO.THE.OBJECT
ate#heart
khut#with
tege#merciless
sitok#little.(not.inch)
sange#until
semange#before
sendikhi#alone
daye#to.sell
bahagie#happy
sayukh#vegetable -en#VARIETY
me#to,..toward.(a.place)
ni#in,.at.(space)
m#DURATIVE? pangan#eat -i#DURATIVE?
adih#THERE
men-#ACTIVE.VOICE dohokh#to.approach -i#DURATIVE?
pemude#young.man
pe#however
undangen#invitation
me-#TO.DO.... juang#to.struggle
cekhane#metal.tray
te#1p
semsakhe#suffer,.to
ni-#TRAN.PAS geluh#life -i#TRAN.PAS
oleh#by
nujum#fortune.teller
anak#child
baginen#part ==en#=3SG
nde#this
dapet#get,.receive
tandok#sit.down,.to sile#cross.legged.position -ken#IMPERATIVE
awe#face ==ne#=THE
patkhilineal#patrilineal
pot#to.want
lah#emphasis
khaje#king
hasil#result
amek#mother ==ne#=3SG
bulan#moon
su#very.
se-#ONE sosok#figure
mbelin#large
deleng#jungle
iye#3sg
nggo#done.(finished)
nange#again
engek#younger.sibling kandung#uterus
khut#with
pakek#to.use
ahli#expert
pagi#tomorrow
khaje#king
khiwayat#history
sendah#presently,.nowadays
khut#with
bage#such.as
kae#WHAT
de#if
dukun#shaman
ke-#NOMINALIZER tading#live.(stay.in.a.place) -en#NOMINALIZER
namun#but
oleh#by
jume#ricefleld
kendukhi#feast
plastik#plastic
te#and
iye#3sg
kalihen#very
[...]--#PLURAL khumah#home
kue.pe#HOWEVER
adalah#is
tekhus#to.continue
me-#TO.HAVE.... [...]--#RDP tahun#year
geluh#to.live.(be.alive)
toh#to.know
hakhte#wealth
kami#we.(excludes.the.one.adddressed)
gembikhe#happy ==ne#=THE
impal#cousin ==ku#=1SG
ni#in,.at.(space)
kane#even.(also)
peng-#THE.ACT.OF.... ukhus#barren -en#THE.ACT.OF....
te#and
khaje#king
mampu#to.be.capable.of
gukhu#teacher
bhe#to,..toward.(a.place)
gaikhah#strong.desire
ni#in,.at.(space)
pitu#seven
khaje#king
de#if
wayang#very
kalihen#very
te-#CAN pangan#eat -i#CAN
si#relpro layakh#sail
alkisah#The.story.is.told
anak#child dhi#that,.those
enggi#younger.brother.or.sister ==mu#=2ND.PERSON
waktu#time
jumpai#to.find
ni#in,.at.(space)
semenjak#since
tanemen#field
gakham#to.search.for -i#REPEATEDLY lah#polite.imperative
aku#1sg
akhi#from
alas#alas
dohokh#to.approach
meng-#TO.CAUSE.TO.BECOME... asing#foreign -ken#TO.CAUSE.TO.BECOME... ==ne#=3SG
khaje#king
m-#TRANS bhabhe#to.carry -ken#CAUSATIVE m-#TRANS bhalik#return.home,.to
si#relpro layakh#sail
tebe#TOWARD.(A.PERSON)
edi#that,.those
kanda#older.sibling
khut#with
peng-#THE.ACT.OF.... kikha#to.think -en#THE.ACT.OF....
khaje#king
aceh#Aceh
kao#you.(hon)
sebuah#one
khut#with
bhe#to,..toward.(a.place)
men-#ACTIVE.VOICE cube#try
jeme#person
te#if
bakhu#new
atao#or
khut#with
okhang.tue#PARENTS
mem-#CAUSATIVE ege#hear,.to -ken#CAUSATIVE
[...]--#REDUPLICATION belagakh#young.man
segale#all
tuhan#god
singkil#Singkil
pe-#PERSON.WHO.DOES.... tani#farmer
me-#TO.APPLY.....TO.THE.OBJECT milik#possession -i#TO.APPLY.....TO.THE.OBJECT
men-#ACTIVE.VOICE jadi#to.become
ndape#to.there
waluh.belas#EIGHTTEEN
sebuah#one
si#relpro
kakhine#entire
manuk#bird
made#negativizer khoh#come,.to
geluh#to.live.(be.alive)
[...]--#RDP saat#time
se.engo#AFTER
ni-#PAS.TR cabeng#to.throw -ken#IMPERATIVE ==ne#=3SG
enggo#done.(finished)
kendin#you.(all)
kute#city
malot#neg
balik#return.home,.to
khumah#home
ulang#do.not!
lah#emphasis
ni#in,.at.(space)
pekh-#HAVING.TO.DO.WITH... batas#border,.edge -en#HAVING.TO.DO.WITH...
khut#with
enggo#done.(finished)
dukun#shaman
kecewe#disappointing
peng-#PERSON.WHO.HAS.... uase#power
pido#request.to.(informally)
aneh#strange
me-#TO.DO.... lelou#play,.to
anak.bekhu#GIRL
tubuh#body
dukun#shaman
peng-#PERSON.WHO.HAS.... uase#power
imbalan#reward
pe-#PERSON.WHO.DOES.... tani#farmer
ende#this
etoh#know,.to
de#if
ni#in,.at.(space)
uwak#father
si#relpro layakh#sail
pe#also
jakhum#needle
kalak#person
cekhite#story
[...]--#RDP macam#type,.sort
kekhine#all
pemain.sukhi#QUEEN ==ne#=3SG
me-#ACTIVE.VOICE khase#feel,.to
n-#ACTIVE.VOICE ekham#to.kick tunjang#to.lunge
pade#on.(of.dates)
khut#with
si#relpro layakh#sail
jumpe#meet,.to
ke-#CHARACTERSTIC.OF ganteng#handsome -en#CHARACTERSTIC.OF
jeme#person
betah#to.feel.at.home
te#and
lain#other ==ne#=THE
dekah#old.(of.things)
bahaye#danger
se-#HAVING.THE.SAME ketike#on.time
meny-#CAUSATIVE ingkikh#to.get.out.of.the.way -ken#CAUSATIVE
malet#neg
tebe#TOWARD.(A.PERSON)
bekhe#nephew ==ne#=3SG
khut#with
se-#ONE [...]--#RDP wakhi#day
tading#live.(stay.in.a.place)
ni-#PAS.TR pakek#to.use
tuan#master ==ku#=1SG
ni#in,.at.(space)
bhe#to,..toward.(a.place)
kalihen#very
ngkhan#Engkeran
[...]--#RDP khut#with
pade#on.(of.dates)
me-#TO.DO.... mohon#to.politely.request
titik#point jump#meet,.to
[...]--#PLURAL dempik#cry.out,.to -en#OBJECT.OF.VERB
peng-#THE.ACT.OF.... ukhus#barren -en#THE.ACT.OF....
pakek#to.use
dikhi#self
te#and
nange#again
sang#class.person
ni#in,.at.(space)
si#relpro
soh#to.arrive
tetap#to.remain
anggote#member
me#to,..toward.(a.place) natam#Natam
te#and
pekhistiwe#event
ende#this
nali#string
impal#cousin
me#to,..toward.(a.place)
selame#the.time.of
lain#other ==ne#=THE
ise#who -kah#INTERROGATIVE
ketang#rotan
pengulu.mude#PENGULU.MUDE
di#that,.those
anak#child
sehat#healthy
khaje#king
sang#class.person
anak#child
jahat#evil ==ne#=3SG
edi#that,.those
sudut#corner
kalaki#3mp
engkekhan#Engkeran
me-#TO.HAVE.... hak#rights
peg-#THE.ACT.OF.... ekhok#move,.to -en#THE.ACT.OF.... ==ne#=3SG
ngo#done.(finished)
me-#TO.DO.... cekhok#speak
ulang#do.not!
me-#TO.DO.... cekhok#speak
si#relpro layakh#sail
ampun#mercy
edi#that,.those
anak#child ==ne#=3SG
kekhan#Engkeran
engo#done.(finished)
kane#so.that
dukun#shaman
mejile#good
laus#go
pakse#force,.to
soh#to.arrive ==lah#=FRONTED.ELEMENT
gayo#Gayo
ulah#behavior ==ne#=3SG
malot#neg
ni-#PAS.TR dapet#get,.receive ==ne#=3SG
madhe#negativizer
jin#jin
edi#that,.those
==ku#=1SG
sihikh#magic
alas#alas
ni#in,.at.(space)
te#and
te#and
ni-#TRAN.PAS milik#possession -i#TRAN.PAS
tanoh#land
kekhine#all
ate#heart
me-#ACTIVE.VOICE khase#feel,.to
khaje#king
kami#we.(excludes.the.one.adddressed)
gegakhe#the.reason.something.happens
aku#1sg
kalihen#very
penamun#bandit
babe#to.carry m-#CAUSATIVE balik#return.home,.to -ken#CAUSATIVE
akhi#from
mejile#good
penduduk#citizen
tangis#to.cry
men-#ACTIVE.VOICE bantu#to.help
salah.sebuah#ONE.OF
me-#TO.HAVE.... khiyum#high.emotion
keluakhge#family
pekhtame#first
me-#TO.DO.... khakut#to.tie
mange#yet,.not.yet
se-#ONE cakhe#way,.method
mey-#ACTIVE.VOICE susul#to.organize
kendukhi#feast
de#if
tekhsebut#previously.mentioned
keluakhge#family ==ne#=THE
aku#1sg
tekhuh#under
tekh-#ABILITATIVE jadi#to.become
dukun#shaman
buah#classifier
te#and
khut#with
harga#value -i#GIVE.X.TO
panek#upset
si#relpro
si#relpro
pengulu.mude#PENGULU.MUDE
pe-#PERSON.WHO.DOES.... lawat#to.visit
mem-#ACTIVE.VOICE ekhe#to.give
sang#class.person
telu#three
babai#to.invite ==ne#=THE
tanoh#land
kalihen#very
suku#tribe
bekhu#wife ==ku#=1SG
n-#ACTIVE.VOICE dabuh#to.fall
si#relpro
lupe#to.forget
iye#3sg
apekah#are?
[...]--#RDP macam#type,.sort
malot#neg
si#relpro
khaje#king
si#relpro
sebuah#one
layakh#sail
dape#where
segale#all
dempik#cry.out,.to
kali#the.time.(that.something.happens)
kawin#to.marry
ende#this
kekhine#all
si#relpro
petame#first
te-#ABILITATIVE bege#hear,.to
salah.sebuah#ONE.OF
me#to,..toward.(a.place) deleng#jungle
nanak#children
nggo#done.(finished)
jume#ricefleld
malet#neg
si#relpro
laki-laki#male
men-#CAUSATIVE ading#live.(stay.in.a.place) -ken#CAUSATIVE
bekhangkat#depart,.to ==lah#=FRONTED.ELEMENT
mate#eye
sedang#in.the.process.of
mejile#good
si#relpro
wakhi#day
bahagie#happy
sang#class.person
me-#TO.DO.... engah.engah#TO.BREATH.HEAVILY
m-#ACTIVE.VOICE angan#eat
menimpe#banyak.sekali
metoh#know,.to
pengulu.mude#PENGULU.MUDE
te#and
khut#with
si#relpro
ng-#ACTIVE.VOICE idah#to.be.visible
jeme#person
me-#ACTIVE.VOICE lawan#opponent ==ne#=3SG
akhi#from
oleh#by
bekhas#rice.(uncooked.grains)
hal#thing
ni-#PAS.TR babe#to.carry ==lah#=FRONTED.ELEMENT
kalaki#3mp
baik#good
tekhahikh#the.most.recent
khang.tue#PARENTS ==ne#=3SG
anak.laki#BOY
khaje#king
ni#in,.at.(space)
si#relpro layakh#sail
wahai#O
kobo#water.buffalo
ni-#PASS.INTR ingin#to.want -ken#CAUSATIVE
amin#only
khaje#king
anak#child
laus#go mece#to.read.holy.books -me#EMPHASIS
si#relpro
si#relpro
khut#with
si#relpro layakh#sail
pe#also
pe#also
ni-#PAS.TR jekhang#to.cook
amin#only
soh#to.arrive
pot#to.want
men-#CAUSATIVE indekh#to.build -ken#CAUSATIVE
ni#in,.at.(space)
nujum#fortune.teller
singkil#Singkil
pupuk#compost
ke-#NOMINALIZER gelisah#worried -en#NOMINALIZER
kekhan#Engkeran
aku#1sg
beliau#3sg.Hon
te#and
sesoh#on.arriving
tenggakhe#southeast
mem-#ACTIVE.VOICE bunuh#kill
pakek#to.use
meng-#ACTIVE.VOICE utus#to.send.someone
si#relpro
wakhi#day
takkala#at.the.time
tule#again
pangukhe#dagger
edi#that,.those
edi#that,.those
pepige#some
se-#ONE bue#many
kao#you.(hon)
sikel#will
enggo#done.(finished)
panggang#grilled
gakham#to.search.for -i#REPEATEDLY
pakhe#group
terjadi#to.happen
si#relpro
ise#who pe#intensifier
maksud#meaning
sang#class.person
nate#to.want ==ne#=3SG
bekhe#nephew ==ne#=3SG
tekhus#to.continue
enggo#done.(finished)
me-#DURATIVE? lelou#play,.to -i#DURATIVE?
umukh#age
me#to,..toward.(a.place)
te-#CAN gusuk#scrub,.to -i#CAN
pakek#to.use
ni#in,.at.(space)
dape#where
nde#this
tawe#laugh,.to cikhe#smile,.to -me#EMPHASIS
dhunut#grime ==ne#=THE
anak#child
khaje#king
bekhat#weight
kede#food.stand
khut#with ==ne#=3SG
edi#that,.those
me-#TO.DO.... dalan#road kiding#foot
sendah#presently,.nowadays
sendikhi#alone
te#and
ni-#PASS.INTR banding#to.compare -ken#PASS.INTR
madhe#negativizer
hasil#result
si#relpro
te#and
ke-#NOMINALIZER ekhoh#come,.to -en#NOMINALIZER
tanoh#land
mame#uncle
ni#in,.at.(space)
te#and
niat#intention
kane#also
si#relpro
nggo#done.(finished)
men-#CAUSATIVE ading#live.(stay.in.a.place) -ken#CAUSATIVE
mbue#many
ende#this
khut#with
nange#again
mem-#TO.CAUSE.TO.BECOME... bahe#dangerous -ken#TO.CAUSE.TO.BECOME...
me#to,..toward.(a.place) natam#Natam
mem-#ACTIVE.VOICE babe#to.carry
geluh#to.live.(be.alive)
te#and
me#to,..toward.(a.place)
namun#but
amin#only
alas#alas
edi#that,.those
bende#come.on ==lah#=FRONTED.ELEMENT
[...]--#RDP nyate#clear
edi#that,.those
men-#ACTIVE.VOICE jadi#to.become
kabakh#news
kane#so.that
ate#heart
amin#only
te#and
khaje#king
men-#ACTIVE.VOICE jadi#to.become
uwak#father ==ku#=1SG
khut#with
si#relpro layakh#sail
wakhi#day
meng-#DURATIVE? alam#to.experience -i#DURATIVE?
me-#TO.HAVE.... hakhte#wealth
senakhen#always
kase#even.(also)
sang#class.person
su#very.
hasil#result
mem-#ACTIVE.VOICE babe#to.carry
mejile#good
deleng#jungle
me-#TO.DO.... pikekh#THINK,.TO
anak#child ==ne#=THE
main#to.play
kayue#wood
malet#neg
sikel#will
se-#SUPERLATIVE baik#good ne#SUPERLATIVE
ni-#PAS.TR bagi#to.share
tahun#year ==ne#=THE
tahun#year
si#relpro
khaje#king
malet#neg
sikel#will
tegak#upright
kabakh#news
ge#just
setiap#every
si#relpro
madhe#negativizer
geluh#to.live.(be.alive)
te#and
niat#intention
si#relpro
lahekh#born
tanoh#land
si#relpro layakh#sail
pahakh#serving.tray
hambe#servant
se-#ONE kalak#person
munyang#ancestor
soh#to.arrive ==lah#=FRONTED.ELEMENT
bue#many
khaje#king
mame#uncle
pikhua#disappeared
iye#3sg
pekhistiwe#event
si#relpro
khaje#king
ke-#CHARACTERSTIC.OF hekhan#surprised -en#CHARACTERSTIC.OF
pido#request.to.(informally)
sakti#magical
enggou#done.(finished)
ni-#PAS.TR ekhe#to.give
me#to,..toward.(a.place)
khumah#home
ngkhan#Engkeran
pe-#THE.WAY.OF... tukokh#buy -ken#THE.WAY.OF...
amek#mother
si#relpro
ke-#NOMINALIZER khaja#king -en#NOMINALIZER ==ne#=THE
pengulu.mude#PENGULU.MUDE
ni-#PAS.TR timai#to.wait.for
mem-#ACTIVE.VOICE ege#hear,.to
kase#even.(also)
tekh-#ABILITATIVE bunuh#kill
pakek#to.use
kobo#water.buffalo
te#and
singkil#Singkil
men-#ACTIVE.VOICE ekhus#to.continue
pakek#to.use
ngkhan#Engkeran
laus#go mece#to.read.holy.books -me#POLITE.IMPERATIVE
si#relpro
kendukhi#feast
nange#again
ke-#CHARACTERSTIC.OF biasa#usual -en#CHARACTERSTIC.OF
waktu#time
edi#that,.those
te#and
khut#with
lebih#more.(comparative.quality)
akhi#from
me-#TO.DO.... kekhet#cut,.to
langsung#direct,.non.stop
ende#this
se-#ONE kelompok#team
jati.dikhi#ATTRIBUTE
uwis#cloth
te#and
ni.jagai#NI.JAGAI
men-...-ken#CAUSATIVE ekhe#to.give -ken#CAUSATIVE
sang#class.person
ni#in,.at.(space)
dage#just
akhi#from
dewasa#adult
ate#heart
se-#ONE kalak#person
jume#ricefleld
pinpin#to.lead
ende#this
nemu#to.be.able.to
nasip#fate
me#to,..toward.(a.place)
ninik#grandmother
sulit#complicated
khisau#worried
akhi#from
me-#TO.HAVE.... khibu#thousand
si#relpro layakh#sail
geluh#life ==ne#=3SG
ni-#PAS.TR khakut#to.tie
lade#chili.pepper
nange#again
iye#3sg
tubuh#body ==ne#=3SG
pakhau#raspy
kane#even.(also)
saingen#competition ==e#=3SG
kakhene#because
nikah#to.marry
masakhakat#community
akhi#from
ke-#NOMINALIZER khoh#come,.to -en#NOMINALIZER
tanoh#land
pekh-#HAVING.TO.DO.WITH... batas#border,.edge -en#HAVING.TO.DO.WITH...
edi#that,.those
cinte#love
sayukh#vegetable
tekh-#ABILITATIVE tengo#to.call
khaje#king
alas#alas
ulang#do.not!
nggeluh#life
te#1p
pudi#behind
kekhine#all
kalak#person
sang#class.person
khut#with
te#and
men-#ACTIVE.VOICE ahan#to.hold.back
aku#1sg
enggi#younger.brother.or.sister ==mu#=2ND.PERSON
me-#TO.DO.... jolokh#to.creep
mem-#ACTIVE.VOICE babe#to.carry
deleng#jungle
anak.khu#GIRL
kekhi#finish.off,.to
si#relpro
hendak#to.intend
pekhistiwe#event
madhe#negativizer
mendekhite#to.suffer
se.engo#AFTER
pahat#chisel
si#relpro
kau#2sg
bantu#to.help -en#OBJECT.OF.VERB
milik#possession -i#GIVE.X.TO
khang.tue#PARENTS ==ne#=THE
ucap#a.spoken.word -en#VARIETY
te#and
khut#with
dape#where
aku#1sg
edi#that,.those
kane#even.(also)
toh#as.if
men-#ACTIVE.VOICE bantu#to.help
bahan#to.produce -en#OBJECT.OF.VERB
si#relpro layakh#sail
si#relpro
nange#again
si#relpro
wayang#very
toh#to.know
kane#even.(also)
khut#with
bende#to.here
tanoh#land
sang#class.person
allah#God
manuk#chicken
aku#1sg
me-#TO.BE.... siap#prepared,.ready
adih#THERE
tabit#doctor dukun#shaman mentakh#white
si#relpro layakh#sail
balik#return.home,.to
se-#ONE bage#such.as ==ne#=3SG
ni-#PASS.INTR tumpang#to.somersault kepaling#to.turn -ken#CAUSATIVE
te-#SUPERLATIVE pucat#pale pasti#very
mame#uncle ==ne#=3SG
si#relpro
bakhang#thing
pekhtame#first
bhe#to,..toward.(a.place)
enggo#done.(finished)
hambe#servant
si#relpro layakh#sail
te#and
peng-#PERSON.WHO.HAS.... uase#power
men-#ACTIVE.VOICE dapet#get,.receive -ken#CAUSATIVE
khaje#king
negekhi#nation,.country
kalak#person
sepasang#pair.of
puket#sticky.rice
si#relpro
tumpang#to.somersault kepaling#to.turn
due#prayer
amin#only
belanja#a.living -i#GIVE.X.TO ==ne#=3SG
ganteng#handsome
ni#in,.at.(space)
ke-#NOMINALIZER khaja#king -en#RECIPRICAL
khaje#king
khumah#home
adinda#younger.sibling
tekh-#ABILITATIVE atou#to.look
[...]--#RDP uwas#anxiety
bene#lose.something
namun#but
akhi#from
daekhah#area
sikel#will
si#relpro
pantas#quickly
cut#little.(small)
sang#class.person
sang#class.person
sikel#will
pupuk#compost
edi#that,.those
ni-#PAS.TR pinpin#to.lead ==ne#=3SG
galuh#banana
hal#thing
lembu#cow
ni-#PAS.TR mutilasi#to.mutilate
kekade#thing,.item
si#relpro layakh#sail
n-#ACTIVE.VOICE tukokh#buy
ni-#PAS.TR susun#to.arrange
hinge#until
sendah#moment ende#this
kune#HOW? pe#also
si#relpro
kabukh#blurry
bekhu#woman ==ku#=1SG
daekhah#area ==ne#=THE
kao#you.(hon)
khut#with
kawin#to.marry
tadi#just
ni#in,.at.(space)
edi#that,.those
si#relpro layakh#sail
dikhi#self
bongi#night
lain#other ==ne#=THE
otomatis#automatic
si#relpro layakh#sail
bage#such.as
amin#only
kalak#person
lebih#more.(comparative.quality)
ni-#PAS.TR angkat#pick.up
me#to,..toward.(a.place)
sosok#figure
ni-#PAS.TR tekhus#to.continue -i#REPEATEDLY
si#relpro
mbue#many
bekhe#nephew ==ne#=3SG
badan#body
te#and
khaje#king
bakhu#just
tapi#but
penangkou#pickpocket
tukhang#sibling ==ne#=3SG
ni#in,.at.(space)
lain#other
anak#child
ate#heart ==ne#=3SG
si#relpro
sang#class.person
lebe#portion
sendikhi#alone
suatu#a
malet#neg
kao#you.(hon)
minum#drink,.to
meng-#ACTIVE.VOICE ato#watch,.look,.see
cinte#love
kakhene#because
te#and
khumah#home
nange#again
meng-#ACTIVE.VOICE embale#shepherd
te#and
datas#top
ekas#place
kase#even.(also)
balik#return.home,.to
edi#that,.those
nemu#to.be.able.to
mentakh#white
khumah#home
milik#possession -i#GIVE.X.TO
kane#so.that
tawe#laugh,.to cikhem#smile,.to -i#REPEATEDLY
bekhu.dinam#BRU.DINAM
geluh#to.live.(be.alive)
akhi#from
bage#such.as
khut#with
men-#ACTIVE.VOICE akhik#to.pull
ulang#do.not!
laki#husband
te-#ABILITATIVE tandok#sit.down,.to me-#TO.HAVE.... sile#cross.legged.position
cukup#enough ==lah#=FRONTED.ELEMENT
pe-#PERSON.WHO.DOES.... tani#farmer
me-#TO.HAVE.... daye#energy
tanoh#land
sendah#presently,.nowadays
pe#intensifier
hebat#great,.formidable
sang#class.person
kate#word -ken#TO.CAUSE.TO.BE.A...
pe#also
sang#class.person
jawab#reply,.to(verbally) -en#OBJECT.OF.VERB
uan#father
ke-#CHARACTERSTIC.OF bahagie#happy -en#CHARACTERSTIC.OF
kakhene#because
anak.khu#GIRL
tapi#but
madhe#negativizer
tukang#CRAFTSMAN
keluakhge#family
ni-#PAS.TR pekhcaye#BELIEVE,.TO
ni-#PAS.TR takhik#to.pull balik#return.home,.to
si#relpro layakh#sail
suasane#situation
bene#lose.something
bagi#for
sikel#will
tuan#master ==ku#=1SG
ngekhi#horrified
te#and
gakham#to.search.for -i#REPEATEDLY
sendah#presently,.nowadays ende#this
se.mate#ONLY
sikel#will
edi#that,.those
sikel#will
baju#shirt ==mu#=2ND.PERSON
se-#ONE kalak#person
kane#even.(also)
empus#garden
wayang#very
sikel#will
khoh#come,.to
te#and
me-#TO.HAVE.... kehendak#will
te#and
anak.bekhu#GIRL
khang.tue#PARENTS
anak.laki#BOY
mem-#ACTIVE.VOICE mengket#enter,.to -i#DURATIVE?
edi#that,.those
tubuh#body
n-#ACTIVE.VOICE tumpang#to.somersault kepaling#to.turn -ken#IMPERATIVE
tuan#master ==ku#=1SG
malot#neg
ni-#PASS.INTR dabuh#to.fall -ken#PASS.INTR
pakcik#uncle
kao#you.(hon)
mame#uncle
malet#neg
khumah#home
si#relpro layakh#sail
sendikhi#alone
jadi#so
si#relpro
edi#that,.those
nange#again
jeme#person
edi#that,.those
pekhcaye#BELIEVE,.TO
mange#yet,.not.yet
sang#class.person
lebe#portion
gakham#to.search.for -i#REPEATEDLY
ni#in,.at.(space)
si#relpro
pulau.biang#PULAU.BIANG
si#relpro
edi#that,.those
pajak#tax
malot#neg
nange#again
ni-#PAS.TR tahan#to.hold.back
bakhu#just
malot#neg
ni-#PAS.TR tambah#Tambah
kuling#skin
n-#CAUSATIVE tukokh#buy -ken#CAUSATIVE
mem-#CAUSATIVE pekh-#IMPERATIVE tahan#resilient -ken#CAUSATIVE
me-#TO.DO.... cekhok#speak
te#and
tonge#to.still.be
ni#in,.at.(space)
gagal#to.fail
puket#sticky.rice
setekhusne#continuing
tuan#master ==ku#=1SG
sendikhi#alone
nange#again
[...]--#RDP male#time
khut#with
nangkihe#go.up,.climb
padahal#even.though
kute#city
bahan#to.produce -i#REPEATEDLY
me-#TO.DO.... bahan#to.produce
mampu#to.be.capable.of
malet#neg
ndape#to.there
malet#neg
anak.laki#BOY
wayang#very
balik#return.home,.to lah#polite.imperative
aceh.dakhussalam#ACEH.DARUSSALEM
abhang#brother,.older
kalak#3mp
me-#TO.HAVE.... khiyut#mouth.of.a.river
khut#with
bayi#baby
me-#TO.HAVE.... [...]--#RDP deleng#jungle
edi#that,.those
enggo#done.(finished)
tanya#to.ask
ganteng#handsome
tekhyate#apparently
gakham#to.search.for -i#REPEATEDLY
kami#we.(excludes.the.one.adddressed)
ninik#grandmother
ame#mother ==mu#=2ND.PERSON
si#relpro layakh#sail
khut#with
si#relpro
kalak#3mp
tuan#master ==ku#=1SG
si#relpro layakh#sail
kane#even.(also)
laki#husband ==ne#=3SG
tanoh#land
ninik#grandmother
se-#ONE kalak#person
khaje#king
nange#again
ni#in,.at.(space)
kalihen#very
edi#that,.those
kalak#person
si#relpro layakh#sail
akhi#from
anak.laki#BOY
tebe#TOWARD.(A.PERSON)
si#relpro
babe#to.carry m-#INTENSIFIER balik#return.home,.to -ken#INTENSIFIER
mebelin#large
akhi#from
si#relpro
khaje#king
nujum#fortune.teller
akhi#from
benakh#true -kah#INTERROGATIVE
waktu#time
ahli#expert
bebas#free
mame#uncle ==ne#=3SG
angote#member
angote#member
tebe#TOWARD.(A.PERSON) ==ne#=3SG
tebe#TOWARD.(A.PERSON)
ni#in,.at.(space)
si#relpro
si#relpro
edi#that,.those
sekolah#school
gekhangen#supposedly
nawe#spirit ==ne#=3SG
si#relpro
belin#large
woi#woi
tetapi#but
balik#return.home,.to
tapi#but
amin#only
jin#jin
si#relpro layakh#sail
men-#ACTIVE.VOICE dapat#get,.receive -ken#CAUSATIVE
deyat#rhythm nadi#artery ==ne#=3SG
edi#that,.those
ng-#ACTIVE.VOICE ulah#behavior
amin#only
timbul#to.arise ==ah#=FRONTED.ELEMENT
khut#with
hakhte#wealth
dikhi#self
ke-#NOMINALIZER teguh#firm -en#NOMINALIZER
dekah#old.(of.things)
engo#done.(finished)
tule#again
ng-#ACTIVE.VOICE alo#to.receive
bahagie#happy
men-#CAUSATIVE indekh#to.build -ken#CAUSATIVE
malot#neg
nujum#fortune.teller
bekhani#brave
tandi#valley
wakhi#day
alas#alas
balik#return.home,.to
uan#father
si#relpro layakh#sail
pengulu.mude#PENGULU.MUDE
se-#ONE gijap#short.time,.a.moment
pot#to.want
sebuah#one
khut#with
khakyat#People
se.engo#AFTER
ni-#PASS.INTR harga#value -i#DURATIVE?
waktu#time
me#to,..toward.(a.place)
meng-#ACTIVE.VOICE ato#watch,.look,.see
khencane#plan
ke-#ORDINAL siwah#nine
si#relpro layakh#sail
kekhine#all
amek#mother
si#relpro layakh#sail
mae#birth.mother ==ne#=3SG
anak#child
si#relpro
te#and
edi#that,.those
me-#TO.DO.... balik#reverse.side
belantakhe#wilderness
kakho#Karo
miskin#poor
tukhang#uncle ==ne#=3SG
ngeng#to.hold -ken#IMPERATIVE
pudi#behind
ni-#PAS.TR undang#to.invite ==ne#=3SG
[c^1][v^1]-#REPEATED.ACTION minum#drink,.to
amek#mother
edi#that,.those
lebe#portion
cut#little.(small) ==ne#=3SG
negekhi#nation,.country
men-#ACTIVE.VOICE ikmat#enjoy -i#DURATIVE?
tanoh#land
madhe#negativizer
pe-#THE.WAY.OF... ng-#ACTIVE.VOICE atou#to.look -ken#THE.WAY.OF...
me-#TO.APPLY.....TO.THE.OBJECT bual#nonsense -i#TO.APPLY.....TO.THE.OBJECT
kekade#thing,.item
adalah#is
geluh#life ==ne#=3SG
pemain.sukhi#QUEEN
aku#1sg
ge#just
telokh#egg
te#and
khaje#king
me#to,..toward.(a.place)
anak.khu#GIRL
iye#3sg -me#EMPHASIS
pe#however
tahun#year
malet#neg
anak#child ==ne#=3SG
bende#to.here
tule#again
nemu#to.be.able.to
kau#2sg
langsung#direct,.non.stop
si#relpro
pecaye#BELIEVE,.TO
atas#because.of
ngkekhan#Engkeran
nange#again
khaje#king
ni-#PASS.INTR senat#to.circumcise -ken#PASS.INTR ==ne#=3SG
uwis#cloth
si#relpro
pe#also
bulang#hat
makmukh#prosperous
ke-#CHARACTERSTIC.OF yaman#comfortable -en#CHARACTERSTIC.OF
tule#again
aku#1sg
khut#with
pekhistiwe#event
gukhu#teacher
si#relpro layakh#sail
lahekh#born ==ne#=THE
nujum#fortune.teller
bakhu#just
dukun#shaman
ni#in,.at.(space)
malet#neg
me-#TO.DO.... daun#drug,.medicine
belin#large
suami#husband
malet#neg
n-#ACTIVE.VOICE ading#live.(stay.in.a.place) -ken#CAUSATIVE ==ne#=3SG
jagung#corn
madhe#negativizer
tule#again
sang#class.person
wayang#very
sahung#roof
te#and
khumah#home
ni.hande#HERE
mampu#to.be.capable.of
me#to,..toward.(a.place)
hubungen#relationship ==e#=THE
edi#that,.those
khaje#king
miskin#poor
soh#to.arrive
sulit#complicated
ni-#PAS.TR susun#to.arrange ==lah#=FRONTED.ELEMENT
pey-#SOMETHING.ASSOCIATED.WITH... akit#sick
wakhi#day demi#untuk wakhi#day
nujum#fortune.teller
khut#with
si#relpro
baso#yellow
me-#TO.HAVE.... [...]--#RDP tahun#year
se-#ONE akibat#result
memperjuang.ken#TO.STRUGGLE
engket#enter,.to -i#REPEATEDLY
ke-#NOMINALIZER hebat#great,.formidable -en#RECIPRICAL
sebuah#one
mpus#garden
khase#feel,.to
edi#that,.those
iye#3sg
kae#WHAT
ende#this
akhi#from
men-...-ken#CAUSATIVE ekhe#to.give -ken#CAUSATIVE
pas#exactly
handhe#here
mbue#many
belang.kejekhen#BLANGKEJEREN
nujum#fortune.teller
deleng#jungle
laut#sea
nak#child
tading#live.(stay.in.a.place)
kemudian#then
pengulu.mude#PENGULU.MUDE
begedi#like.that
khut#with
ni#in,.at.(space)
kawin#to.marry
gukhu#teacher
iye#3sg
pe-#HAVING.TO.DO.WITH... ngekhawang#to.weave -en#HAVING.TO.DO.WITH...
jumpe#find,.to
sistem#system
dikhi#self ==ne#=3SG
suku#tribe
ni-#PAS.TR tengo#to.call
aku#1sg
ny-#TO.GO.TO.... abu#methamphetamine
ntekhen#many.people
kane#even.(also)
nemu#to.be.able.to
de#if
khaje#king
laus#go
betabe#disaster
se-#ONE cakhe#way,.method
[...]--#REDUPLICATION idam#longing -ken#TO.CAUSE.TO.BE.A...
bagi#for
sikel#will
me#to,..toward.(a.place)
se-#ONE kalak#3mp
de#if
malet#neg
me#to,..toward.(a.place)
sang#class.person
mulai#begin,.to
me-#TO.HAVE.... pangkat#rank,.station.in.life
sang#class.person
akhikh#the.end ==ne#=THE
pakhe#group
men-#TO.GO.TO.... kandung#uterus
negekhi#nation,.country
ni-#PASS.INTR tekham#to.kick tunjang#to.lunge -ken#CAUSATIVE
ni#in,.at.(space)
mem-#ACTIVE.VOICE mengket#enter,.to -i#DURATIVE?
malet#neg
ngkhan#Engkeran
khoh#come,.to
tonge#still
dalan#road
namun#but
khoh#come,.to
malot#neg
si#relpro
ulang#do.not!
tuan#master ==ku#=1SG
begedi#like.that
te#and
enggi#younger.brother.or.sister ==mu#=2ND.PERSON
khencane#plan
akhi#from
balik#return.home,.to
atas#because.of
bali#same
mey-#ACTIVE.VOICE ebakh#to.spread ==ne#=3SG
kawin#to.marry
iye#3sg
tangung.jawab#RESPONSIBILITY
malet#neg
tekhyate#apparently
kanda#older.sibling
wakhi#day
si#relpro
mampu#to.have
khe#to.give -ken#TRULY
amin#only lah#intensifier
senang#like,.be.pleased.by ==lah#=FRONTED.ELEMENT
tahun#year
si#relpro
pakhe#group
kane#even.(also)
me#to,..toward.(a.place)
ni#in,.at.(space)
belin#large
malet#neg
te#and
bungki#boat
te#and
doe#prayer
dhahi#to.pick.up.(something) -me#POLITE.IMPERATIVE
kao#you.(hon)
kalaki#3mp
keluakhge#family
daerah#area
edi#that,.those
amin#only
anak#child
men-#CAUSATIVE jadi#to.become -ken#CAUSATIVE ==ne#=3SG
de#if
khumah#home
tekhsebut#previously.mentioned
bekhu.dinam#BRU.DINAM
bhual#lie,.tell.a.falsehood -i#REPEATEDLY ==ne#=3SG
selame#the.time.of
oleh#by
mame#uncle ==ne#=3SG
dape#where
senat#to.circumcise -i#REPEATEDLY
de#if
siap#prepared,.ready
ngekhan#Engkeran
mey-#ACTIVE.VOICE usul#to.organize ==lah#=FRONTED.ELEMENT
me-#TO.DO.... umukh#age
bongi#night
me#to,..toward.(a.place)
bali#same
keluakhge#family ==ne#=THE
meng-#ACTIVE.VOICE inget#remember,.to
se-#ONE jumlah#amount
gegakhe#the.reason.something.happens
khaje#king
peng-#PERSON.WHO.HAS.... embale#shepherd
engo#done.(finished)
si#relpro layakh#sail
ni-#PAS.TR lindung#to.shelter -i#DURATIVE?
madhe#negativizer
acakhe#program,.schedule
hambu#servant
bungki#boat
[...]--#RDP ninik#grandmother
dikhi#self ==mu#=2ND.PERSON
si#relpro
me-#TO.HAVE.... baju#shirt
keluakhge#family
pe-#THE.WAY.OF... takhik#to.pull -ken#THE.WAY.OF... ==ne#=THE
pemamanen#uncle's.family
mem-#CAUSATIVE ake#wear,.to
[...]--#REDUPLICATION sitok#little.(not.inch) ==ne#=3SG
men-#CAUSATIVE ekhus#to.continue -ken#CAUSATIVE
tanoh#land
ge#just
pulih#to.get.better.(health)
mem-#ACTIVE.VOICE asti#sure -ken#CAUSATIVE
ke-#NOMINALIZER sokhokh#to.be.famous -en#NOMINALIZER
susah#difficult
endhe#it
alas#alas
lebe#portion
ni-#PAS.TR babe#to.carry m-#ACTIVE.VOICE balik#return.(go.back)
khaje#king
mude#young
bayi#baby
men-#ACTIVE.VOICE jadi#to.become
tuan#master
se-#ONE kalak#person
se-#RECIPRICAL putekh#turn,.make.a.turn -en#RECIPRICAL
khut#with
anak.laki#BOY
ke-#NOMINALIZER lugu#innocent -en#NOMINALIZER
khu#with
me-#CAUSATIVE soh#to.arrive -ken#CAUSATIVE
malot#neg
mame#uncle
iye#3sg
wakhi#day
kase#even.(also)
men-#ACTIVE.VOICE jage#guard,.to
mang#indeed
kabakh#news
te-#PASS.TR dhahi#to.pick.up.(someone) -ken#PASS.TR ==ne#=3SG
ni-#TRAN.PAS milik#possession -i#TRAN.PAS
nggo#done.(finished)
te#and
ni#in,.at.(space)
me-#TO.APPLY.....TO.THE.OBJECT milik#possession -i#TO.APPLY.....TO.THE.OBJECT
sang#class.person
pemain.sukhi#QUEEN ==ne#=THE
akhi#from
buah#one
edi#that,.those
edi#that,.those
de#if
semange#starting.when
te#and
soh#to.arrive ==lah#=FRONTED.ELEMENT
men-#CAUSATIVE angkat#pick.up -ken#CAUSATIVE
edi#that,.those
malot#neg
khaje#king
sentue#oldest.(child)
si#relpro
bone#yesterday
kembikhi#candlenut
lebe#first
si#relpro
licik#cunning
si#relpro
balik#return.home,.to
mejile#good
ni#in,.at.(space)
wakhi#day
waktu#time
hakhus#must
gukhah#Gurah
si#relpro
ni-#PASSIVE kate#word -ken#PASSIVE
sikel#will
anak#child
mem-#CAUSATIVE ekhe#to.give -ken#CAUSATIVE
si#relpro
si#relpro
izin#permit,.license -ken#IMPERATIVE
men-#ACTIVE.VOICE jadi#to.become
kau#2sg
kabakh#news
sengaje#to.be.intended
edi#that,.those
ni-#PAS.TR cindekh#stand.up,.to -ken#PASS.INTR
khut#with
ketang#rotan
se-#ONE kalak#3mp
pakek#to.use
akhi#from
si#relpro
bayak#rich
dhahi#to.pick.up.(something) -ken#IMPERATIVE
khaje#king
te#and
anak#child
mem-#ACTIVE.VOICE ekhe#to.give
hal#thing
edi#that,.those
jahan.jakh#SLOWLY
singkil#Singkil
pakse#force,.to
tule#again
si#relpro
sang#class.person
pengulu.mude#PENGULU.MUDE
sang#class.person
si#relpro layakh#sail
mame#uncle
se-#ONE kalak#person
si#relpro
te#and
te#and
gekhangen#supposedly
aku#1sg
te#and
nggeluh#life
de#if
ni-#PAS.TR bunuh#kill ==ne#=3SG
bhe#to,..toward.(a.place)
n-#TO.GO.TO.... judi#gambling
kanda#older.sibling
kane#even.(also)
anak#child
malet#neg
mampu#to.be.capable.of
bekhangkat#depart,.to ==lah#=FRONTED.ELEMENT
[...]--#PLURAL anak#child
khut#with ==ne#=3SG
akhi#from
kao#you.(hon)
khumah#home
oleh#by
lancang#presumptious
tapi#but
sikel#will
keji#vile
mame#uncle ==ku#=1SG
bekhu.dinam#BRU.DINAM
tutung#burn,.burnt
mem-#ACTIVE.VOICE ido#request.to.(informally)
khut#with
ngkhan#Engkeran
mase#time ==ne#=THE
pido#request.to.(informally) nemu#to.be.able.to
si#relpro
pe#however
kalaki#3mp
khumah#home
imbalan#reward
si#relpro
pengulu.mude#PENGULU.MUDE
malet#neg
tekh-#ABILITATIVE pukul#to.hit
si#relpro
ni-#PASSIVE kisah#story -ken#PASSIVE
suatu#a
edi#that,.those
kelak#what.will.come
ame#mother
si#relpro
akhi#from
si#relpro layakh#sail
lebe#first
nemu#to.be.able.to
tekhus#to.continue
kalake#they,.them
dekah#old.(of.things)
tekhus#to.continue
hebat#great,.formidable
laus#to.leave ==lah#=FRONTED.ELEMENT
khut#with
kabakh#news
pemain.sukhi#QUEEN ==ne#=THE
kake#sister
aku#1sg
ni#in,.at.(space)
me-#TO.BE.... sedih#sad ==ne#=3SG
balik#reverse.side ==ne#=THE
kase#even.(also)
si#relpro layakh#sail
me-#TO.DO.... ge#listen,.to
te#and
khut#with
si#relpro
manusie#HUMAN
positif#positive
ni-#PAS.TR bunuh#kill
alas#alas
khang.tue#PARENTS ==ne#=THE
luluh#to.soften
meng-#ACTIVE.VOICE ato#watch,.look,.see
anak#child
jumpai#to.find
khate#evenly
pengulu.mude#PENGULU.MUDE
jahat#evil ==ne#=3SG
si#relpro
iye#3sg
kane#even.(also)
si#relpro
edi#that,.those
si#relpro
tonge#still
telat#late
lain#other ==ne#=THE
geluh#to.live.(be.alive)
pe#also
de#if
ni#in,.at.(space)
meng-#TO.APPLY.....TO.THE.OBJECT akhekh#the.end -i#TO.APPLY.....TO.THE.OBJECT
soh#until
ende#this
adalah#is
bibit#seedling
bakhu#just
khang.tue#PARENTS ==ne#=THE
anak.laki#BOY
ogek#not
alas#alas
kobo#water.buffalo
kalihen#very
ate#heart
enggo#done.(finished)
si#relpro
penduduk#citizen
tekhus#to.continue
ni-#PASS.INTR kakhene#because -ken#PASS.INTR
gukhu#teacher
tekhsebut#previously.mentioned
uwis#cloth
ng-#ACTIVE.VOICE gakhem#to.search.for
dapet#get,.receive -i#REPEATEDLY
oleh#by
mele#embarrassed
bagi#for
abhang#brother,.older
oleh#by
malet#neg
sahung#roof
khoh#come,.to
tule#again
khut#with
mem-#ACTIVE.VOICE atuh#obey,.to -i#DURATIVE?
khut#with
cut#little.(small)
bulan#moon
ame#mother
jumpe#meet,.to
kisah#story
bekhu.dinam#BRU.DINAM
bante#to.have
keluakhge#family
layakh#sail
saat#time
nange#again
nakan#rice.(cooked)
sekolah#school -ken#TO.CAUSE.TO.BE.A...
suntuk#throughout
ahli#expert
si#relpro layakh#sail
desa#village
dikhi#self
te#if
khut#with
kae#WHAT
aku#1sg
aman#safe,.secure
ni#in,.at.(space)
wahai#O
tubuh#body
ni-#PAS.TR dapet#get,.receive
hakhus#must
nde#this
malet#neg
khut#participate
kao#you.(hon)
nde#this
nangkih#go.up,.climb
kendin#you.(all)
penghulu.mude#PENGULU.MUDE
edi#that,.those
mame#uncle
keluakhge#family
bahan#to.produce -en#OBJECT.OF.VERB
sedang#in.the.process.of
hal#thing
main#to.play
amek#mother
si#relpro layakh#sail
me-#TO.HAVE.... jabu#family
pe-#HAVING.TO.DO.WITH... dalan#road -en#HAVING.TO.DO.WITH...
madhe#negativizer
malot#neg
me#to,..toward.(a.place) khumah#home
pekhintah#order.(command)
namin#only
kekhi#finish.off,.to ==ne#=3SG
khut#with
dukun#shaman
si#relpro
khumah#home
te-#CAN tukokh#buy -i#CAN
hal#thing
idah#to.be.visible
amin#only lah#emphasis
wakhi#day ==ne#=THE
te#if
iketen#tie
suatu#a
andinda#younger.sibling
oleh#by
alangkah#how
khut#with
ahli#expert
kane#so.that
si#relpro
edi#that,.those
tek-#ABILITATIVE geletak#to.stretch.out
pak#sir
khaje#king
sikel#will
ni#in,.at.(space)
kane#even.(also)
ni#in,.at.(space) hadep#in.front.of
negkhi#nation,.country
ni-#PAS.TR sebut#to.name
umukh#age
bhe#to,.toward.(a.person)
men-#ACTIVE.VOICE olong#to.help
ni#in,.at.(space)
te#and
mem-#ACTIVE.VOICE ege#hear,.to
khut#with
ni-#PAS.TR ato#watch,.look,.see ==ne#=3SG
hal#thing
mange#yet,.not.yet
tebe#TOWARD.(A.PERSON) ==ku#=1SG
iye#3sg
bagien#part ==ne#=3SG
pe-#THE.PROCESS.OF tengkau#to.stab
pe#also
ge#just
lebih#more.(comparative.quality)
iye#3sg
sebage#like
pedagang#merchant
cekhite#story
tihang#port,.column
ende#this
khut#also
pekhcaye#BELIEVE,.TO
me#to,..toward.(a.place)
te#and
belang#wide,.width
balik#return.home,.to ==lah#=FRONTED.ELEMENT
te#and
ulah#behavior
te#and
khamah#boyfriend
enggi#younger.brother.or.sister ==mu#=2ND.PERSON
kabakh#news
pe.main.sukhine#QUEEN
sendikhi#alone
okhang.tue#PARENTS
kalak#person
ampun#mercy
me-#TO.HAVE.... hak#rights
amin#only
ate#heart
lah#emphasis
aku#1sg
mekh-#TO.DO.... asil#result
seban#wood
penuh#to.be.full
macam#type,.sort ==ne#=THE
ke-#NOMINALIZER tukhun#TO.GO.DOWN -en#NOMINALIZER
men-#ACTIVE.VOICE jabut#to.receive
anak#child ==ne#=3SG
khakyat#People
sitok#little.(not.inch)
ninik#grandmother
alas#alas
pade#on.(of.dates)
edi#that,.those
ni#in,.at.(space)
si#relpro layakh#sail
sekhik#difficult ==ne#=3SG
khaje#king
[...]--#PLURAL anak#child
pitu#seven
pemamanen#uncle's.family
desaken#push
mekh-#TO.DO.... umukh#age
me-#TO.BE.... cocok#SUITABLE
khele#to.be.sincere
men-#ACTIVE.VOICE pelehjemah#terjemah -ken#CAUSATIVE
si#relpro
engo#done.(finished)
nujum#fortune.teller
oleh#by
luakh#out
pade#on.(of.dates)
pige#amount kali#the.time.(that.something.happens)
belantakhe#wilderness
cut#little.(small)
ni-#PAS.TR utus#to.send.someone lah#polite.imperative
dauh#far
se-#ONE bulan#moon
iye#3sg
ami#only lah#polite.imperative
kane#so.that
di-#PAS.TR geluh#to.live.(be.alive)
negekhi#nation,.country
gayo#Gayo
pengulu.mude#PENGULU.MUDE
pe-#HAVING.TO.DO.WITH... deleng#jungle -en#HAVING.TO.DO.WITH...
bayi#baby
iye#3sg
se-#ONE kalak#person
edi#that,.those
nujum#fortune.teller
pole#palm.tree
kalaki#3mp
nemu#to.be.able.to
meng-#CAUSATIVE ekhi#finish.off,.to -ken#CAUSATIVE
me#to,..toward.(a.place)
madhe#negativizer
te#and
si#relpro
akhi#from
mame#uncle ==ne#=3SG
dapet#get,.receive -i#REPEATEDLY
ke-#CHARACTERSTIC.OF gembikhe#happy -en#CHARACTERSTIC.OF
khut#with
me-#TO.HAVE.... khibu#thousand
si#relpro
malot#neg
te-#ABILITATIVE kadang#Perhaps,.probably
ame#mother
wakhi#day
pahakh#serving.tray
sebuah#one
lawe#water
enggo#done.(finished)
pengulu.mude#PENGULU.MUDE
bekhu#woman ==ne#=3SG
ulang#do.not!
ke-#NOMINALIZER tukhun#TO.GO.DOWN -en#NOMINALIZER
iye#3sg
sukut#story ==ne#=THE
bekhu#wife ==mu#=2ND.PERSON
ke-#NOMINALIZER khoh#come,.to -en#NOMINALIZER
goye#worm
sultan#sultan
si#relpro
buah#fruit ate#heart
oleh#by
sakti#magical
[...]--#REDUPLICATION pe-#PERSON.WHO... mude#young
gayo#Gayo
khase#feel,.to ==ne#=3SG
malot#neg
pe#also
kase#even.(also)
tonge#still
ende#this
pekhintah#order.(command)
me-#TO.HAVE.... gelakh#title.(of.persons)
bahagie#happy
me-#CAUSATIVE kikhim#send,.to -ken#CAUSATIVE
si#relpro layakh#sail
tentang#calm
anak#child
ng-#CAUSATIVE gusuk#scrub,.to -ken#CAUSATIVE
namun#but
mange#yet,.not.yet
tule#again
ulah#behavior ==ne#=3SG
ni-#PAS.TR tunang#to.vow.to.be.married -ken#CAUSATIVE
dikhi#self ==ne#=3SG
lain#other ==ne#=3SG
gelisah#worried
penduduk#citizen
bekhu#woman ==ne#=3SG
pake#wear,.to -en#VARIETY
si#relpro layakh#sail
khumah#home
amek#mother
abhang#brother,.older
ulang#do.not!
te#and
tule#again
khut#with
ni#in,.at.(space)
malot#neg
iye#3sg
khaje#king
khaje#king
atau#or
kane#even.(also)
malet#neg
khut#participate
pe-#THE.PROCESS.OF bahan#kerja ==e#=THE
pengulu.mude#PENGULU.MUDE
jumpai#to.find
sendikhi#alone
sebagae#like
pe-#THE.WAY.OF... ng-#ACTIVE.VOICE kekhet#cut,.to -ken#THE.WAY.OF... ==mu#=2ND.PERSON
kane#even.(also)
sendikhi#alone
pesen#to.order.something
alas#alas
tule#again
khang.tue#PARENTS ==ne#=THE
si#relpro
kawin.lakhi#TO.ELOPE
musibah#disaster
kisat#lazy
men-#ACTIVE.VOICE cube#try
nge-#CAUSATIVE lahekh#born -ken#CAUSATIVE ==ne#=3SG
tanoh#land
pekhistiwe#event
te#and
te#and
kate#to.say
[...]--#REPEATED.ACTION lompat#jump,.to
gule#sugar
se-#ONE tahun#year
madhe#negativizer
tubuh#body ==ne#=3SG
ni-#PAS.TR pido#request.to.(informally)
laki#husband ==ne#=3SG
mempekhduli.ken#TO.PAY.ATTENTION.TO
m-#DURATIVE? ulung#to.gather -i#DURATIVE?
me-#TO.HAVE.... nyekolah#school -ken#IMPERATIVE
khut#with
si#relpro
sang#class.person
jumpai#to.find