gaya
ng- k- aap
ndah
hei
garu
langga
tuah
na
-in- sipak
na
adat
goguh
ringah
ny==
dumah
na
baru
siga
batad
anak
dii
kehaadn
n- irabm
domon
ringah
poroh
-in- m- iaah
api
ngu- duah
di
dumah
langit
tentang
pa
-in- timbak
nu
mengin
ou
na
punggah
doudn
silimbatu
nubuh
koon
nubuh
odu
hei
nge- jaga
punggah
ali
di
na
peg- liid- liid
aha
kudat
katih
burumbuan
ig- kerai
lama
si== n- ilakng
nu
su- suad
nya
ke- tolu
u
di
bakng
tagi
ulakng
na
na
anak
m- ouh
ba
mas
ouu
ou
eyrat
ng- irah
i- k- aap
m- ompodn
tidi
su- suad
n- -opuk
di
onsi
mati
==a
bakng
sarah-sarah
ndah
pandi
mu- tukng
ng- igid
uhu
ringah
lama
iskul
ng- kuah
na
peidn
tidi
ombok
==hu
deirdn.na
m- ohodn
toidn
sabudn
-in- g- esak
ki- bori
pegengat~engat
tungguh
induh
siidn
nggien
leidn
mahad
ouu
nubuh
na
piasu
ndah
pitiaadn
toidn
lama
i- n- otok
na
lama
ki- ara
ou
sia
induh
m- be- bali
na
ng- uru
ng- iskul
umpil
kerai
ai
-in- puadn
bali
sahit
na
na.haah.na
leidn
ny==
pasi
-in- ng- ojobm
ombok
langit
na
gook
m- olok
na
sungad
ng- gubarah
ke- pati
hei
-em- teis
na
na
budak
guai
ti
-in- m- uun
n==
bali
anak
-in- g- olok
na
n- togih
ou
i==
deirdn.na
leidn
tembakng
k- aap
biri -adn
na
induh
kudat
tuni
mbat
rahad
sia
nubuh
pungaan
di
ku- tulu -adn
na.haah.na
bakng
di
sampai
ng- igid
teih
kiristiadn
temomu
k- aap
ngu- luput
mata
ng- k- ohodn
keng- di
ki- ara
lama
dei
mata
na
ou
==ga
leid
==ku
-m- gia
na
-em- teis
nya
pasi
-in- panu
gia
tapih
piih
k- esa
malik
bonggi
m- buat
na
linggid
n- -imbali
bali
bali
lama
g- imung
gulu
sedah
kuiih
ng- igid
kuub
goul
lama
m- ohodn
leidn
siga.lama.na
==ga
saa
ny==
kudat
-in- pe- gemo -on
m- pia
na
diaadn
keng- di
languh
diaadn
me- dadi
na.haah.na
==ku
m- buat
ndah
ponuh
gien
n- -iun
lama
ihi
m- ulih
diti
-in- biaan
nge- -reikng
ng- until
kerogobm
nu -an
na.haah.na
iskul
sedah
ki- liid
na
ba
ng- ge- saa
punti
rumbur
na.haah.na
ng- ali- ng- ali
-in- g- uubm
m- -onsuh
bakng
ouu
sida
-in- ng- uah
induh
nda
ihi
hei
rua
louk
lahi
i==
ke- rati
ndah
kusang
iloodn
bali
siga
pa
dii
ina
tolu
g- ipad
turus
dei
sei
na
sia
tingih
ou
amah
m- ahi
pandi
luan
libudn
katih
kejamat
m- olok
dua
reyda
ndah
diti
na
pandi
kuiih
su- suad
ku- tulu -adn
diaa
na
nubuh
lahi
induh
tampa
i==
kosog
induh.amah
tobu
sukng
na
na
lama
ba
kumut
timunug
biuh
ki- tiag
bagi
urang.tuah
paat
k- aap
kerai
libungan
nubuh
onu
ndah
na
-in- m- osi
m- ogot
gulu
i==
-em- teis
suad.tuah-mulah
pag datakng
sia
munusiah
kibilu
kumut
mengin
na
na
nubuh
m- ouh
buid
sampai
==ga
ou
kial
==ga
ina
di
ngasih.loobm
tolu
peg- ruas- ruas
-i- p- -tabukng
na
kuman
m- iag
me- tenda -an
m- ohodn
inagah
n==
na
induh
bakng
na
ihi
na.haah.na
osi
na
loobm
tuhad
ke- karakng
ina
kudat
gandubm
in- uhubm
barabm
inubuh
si==
induh.amah
g- iuh
naa
dua
na.haah.na
k- ompot
chin
nubuh
lama
kahah
na
in- -ipah
ou
mengin
pusud
dei
ng- koidn
na.haah.na
hei
ny==
limbag
ndah
lahi
ngim- pelei
na
isah
na
tumuai
saa
na
ta
ku- tulu -adn
nda
katih
dumah
==ga
ulu
saa
sultadn
na
di
siabm
engat
-in- m- -ati
bali
k- ohodn
di
ki- biakng
nti
asal
orob
-i- matakng
kalu
hei
nggien
mekul
na
ponuh
ndah
induh.amah
ngu- duaa
na
k- ingei -n
nongol
na
m- adul
languh
beih
padi
m- olok
==ga
leidn
tuni
meg- terai
tuadn.umur
na
ou
==ku
keng- di
sahit
kira- kira
m- ulih
na
na
ina
malik
bakng
simbatu
surugah
tapih
bakng
==ga
-i- mati
baar-baar
m- ohodn
ki- ara
==a
datag
api
==ku
m- -onsuh
na.haah.na
hei
na
na
sultadn
iit -on
di
-in- panu
induh.amah
nu
dei
ki- ara
m- buat
asal
ou
mu- -tubung -an
na
temamba
min- di
mata
na
diaadn
na
domon
na
tirima
si==
kim- inak
ng- -atad
bunua
di
egas
sengoord
ina
bakng
na
kimuat
-in- ge- lombus
ina
dia
anu
lahi
urakng
pisiaa
-in- n- uud
onu
nubuh
na
nasip
na
na
nun
boboh
di.tempak
lama
diha
na
na
nu
uai
mulah
punti
na.haah.na
rua
ulakng
ng- g- itoot
diaadn
ou
ou
kk
kuit
simbatu
deirdn.na
pa
peranak
lima
ina
ng- -anggat
-in- gubarah
na
bunua
ihi
-em- teis
m- -oli
si==
ng- g- imung
puhul
bakng
==ku
pegogot
ig- kerai
dua.atus
tidi
ndah
m- m- ohodn
mata
hei
ke- rati
nubuh
hei
m- panu
deirdn.na
baah
m- iaah
si==
nggien
pinginsodn
i==
kerah
gia
==ga
bakng
dunyah
anak
-in- tipuh
-i- -m- karakng
biuh
deirdn.na
siga
giliu
sompuh
dua
mekul
lama
na
na
pungguah
-i- matakng
deirdn.na
jadi
siadn
mi- gia
peg- punga
-in- ki- -tilik
lima
nentaadn.na
na
ny==
di
buh
totog~totog
na
deirdn.na
di
gu- suruh
bali
na
meg- leid- leid
suad
sungi
na.haah.na
gulu
nu
==ga
nge- lambi
upak
bakng
jadi
bakng
di
na
-i- mati
nubuh
na
inubuh
na
engat
sultadn
na
kem- odobm
na
g- ogot
pusud
nd== ara
miliu
nubuh
boboh
m- olok
dei
turus
in- ulug
keng- di
lama
na
na
apuh
aa
gulu
su- suad
bas
tuni
rua
m- iaah
mi- gia
maap
lama
sia
mbat
g- iuh
m- ohodn
induh
asal
ng- uhad
ki- ara
hina
di
ina
ba
apuh
nti
ajukng
ke- tomu
m- injarah
n- ambakng
deirdn.na
k- esa
asu
ng- irubm
na
ou
ulu
onu
na
mengin
berhei
nun
nti
di
pandi
-in- gin- ohodn
mual
siga
na
na
na
punsut
m- buat
mu- suma
domon
na
buat
sumbakng
kerebi
kejamat
kiuhub
induh
-um- -lunggah
api
nubuh
hatih
se- saa
na
pungguah
puni
subuidn
nd== ara
==hu
nu
m- ouh
m- olok
leidn
kirab
banggi
kudaadn
alih
nubuh
mengin
m- -onsuh
ndah
na
g- iit
ragah
tooh
n- -uruk
di
di
diaadn
pusud
kandak
rua
ihi
saha
diaadn
==ga
undakng-undakng
teih
mati
ng- gouk
lahi
teih
ig- oput
ti
in- -ipah
hatih
na
diha
kahah
gangan
na
bakng
maap-aap
bonggi
anak
gibakng
kumut
ontokng
bitakng
satu
jadi
-i- lempad
bulubug
kina
m- iag
ngi -en
dimikiadn
keng- di
kiaardn.na
-i- matakng
bakng
m- bunuh
tiaid
ki- ara
ig- suad
==ga
singgurua
nya
alih
keng- di
na
na
ou
nu -an
nui
ku- tulu -adn
nu
lama
ruub
ina
tidi
tertuh
induh
-i- -m- lompud
==ga
pe- g- ait
supakng
berhei
==ga
ihi
ki- bori
penah
nda
di
keng- di
di
n- ig- -tiag
gah
suruh
kiti
mubak
asu
ontok
==ga
di
subai
ali
hei
ndah
na
bakng
m- ohodn
-in- ng- uah
na
in- ansur
m- iaah
nubuh
domon
n==
orob
na
ubu -udn
betaan
meg- terai
si==
nubuh
hei
dioo
ombok
diaadn
-in- ng- uhubm
mirdag
tuhud
ki- ara
n- togih
toudn
hei
sarah-sarah
alih
-in- m- ouh
bakng
mual
m- id -adn
engat
ke- tomu
di
induh
aa
domon
aha
lana
mual
singgurua
siidn
ou
na
di
keng- di
na
m- iaah
lahi
sanga
-in- panu
dua
baar-baar
na
dei
na
-i- m- ulih
abag
dei
ndah
si==
nti
na
surungan
kirab
beig
di
koort
undadn
hei
ng- g- ahut
deirdn.na
jadi
-um- suak
mungu- tuah
putul
bilah
si==
m- ulih
api
-in- n- ahu
bali
ng- kerai
na
gandubm
-i- -m- apit
hei
na
-i- -m- luas
m- -insari
buh
peg- punga
na
n- tetak
kirab
peg- punga
m- olok
puluh-dua
bakng
induh
ng- g- ait
sei
-in- ng- urnas
dolok
nubuh
belaha
nu -an
na
ringgit
sei
ng- g- imung
simonsikng
hei
mbat
-in- m- iaah
ina
pegah
na
api
languh
-in- ke- doot
hita
mu- rubat -adn
asih- asih
ngi- riaak
deirdn.na
pasi
==ga
hei
==ga
ina
pusud
api
na
mentamang
ng- amad
g- ipad
na
onu
diaadn
na
na
sumping
in- ohodn
onu
mengin
ny==
ndah
soid
na
kuhut
dei
leidn
-i- mati
teih
jadi
pa
mual
na
kuiih
uhu
berhei
tumbuh
nd== uhu
piasu
-in- k- odop
topor
sedah
nya
gadah
puluh
punggah
na
ndah
amah
longon
mbat
nti
==ku
m- irik m- irik
nelayan
ki- ara
deirdn.na
pe- ge- lebas
na
lama
si==
na
hei
baru
pa
si==
ng- g- iit
==ga
-in- jaabm
kei
-in- n- igat
-in- m- iag
perangat
na
na
min- di
induh
dia
nubuh
singgurua
naah
tuaardn
ng- ala
suad
-i- mati
==ku
selamat
punti
na
ny==
na
lama
deirdn.na
ndah
m- osol
sia
bohit
puhul
ndah.totog
ali
==ga
siga
in- ei
engat
nubuh
liaag.diaa
-i- -m- duah
i==
n==
melik
m- bani
suah
ouu
hei
tuar~tuar
gien
induh.amah
onu
lama
mahad
nubuh
nentaadn.na
na
belaha
m- olok
ki- ara
ina
di.libuat
-in- ki- tiag
isilabm
piih
-in- nge- rarakng
ny==
pumpakng
di
lama
keng- di
mulah
ba
sia
lama
biri -adn
lama
ndah
bakng
di
ng- gubarah
ndah
na
ayad
soid
hei
keng- di
na
kubukng
selamat
mi- gio -odn
nu -an
ndah
na
na
ndah
na
anu
tonok
n- -opuk
ringgit
odu
na
n- tetak
tangga
ambih
na
mu- tukng
m- -urumbudn
sinapakng
ringah
ou
pelanduk
epaat puluh epaat
ina
==ga
kirab
-i- m- ulih
-um- suak
na
siga
lama
si==
apuh
na
si==
na.haah.na
aludn-aludn
bakng
m- ori
mulah
duruh
ramai
libudn.bungu
ndah
na
na
pudn
mual
mudal
pandi
elih
na
mentamang
bas
jinis- jinis
n- otog
-in- m- uun
nubuh
na
si==
tina
na
hei
m- -onsuh
ta
si==
==ga
na
nu
kotob
-i- matakng
na
==ga
kei
kilnen
deirdn.na
di
in- ohodn
bakng
na
subai
na
n- dalabm
diaadn
-in- ke- -rahit
pegna
ny==
di
ndah
dua
sungad
ba
dei
deirdn.na
na
hina
tidi
simbatu
hei
siga
ninduh
-i- -m- longi
-in- rari
m- ulih
ayad
bulei
tampa
yang
-in- panu
ngim- pelei
ringah
si==
hei
satu
ndah
==ga
kudat
na
puluh
mekul
diaadn
ng- koon
betaan
ou
anak
di
kiristiadn
na
gulu
n==
pandi
dindikng
tardak
berhei
buh-buh
n- indoidn
kumut
ronoh-ronoh
n- utukng
induh.amah
pa
ng- kerai
n==
paat
bunua
nd== ihi
n- ibas
ina
robi
n- im- bili -adn
na
na
na
guai
induh
saa
deirdn.na
-i- -m- duah
na
ng- g- onsul- -onsul
ki- ara
==ku
tinaman
dei
maap
-in- g- uhubm
mual
jadi
tidi
m- -unggal
==a
nentaadn.na
siga
na
raah
na
supaya
siga
ngi- riaak
kudat
ke- rasa
ki- biaah
-in- ki- lobokng
nge- -laas
kim- inak
leid
robi
sabudn
di
dua
ihi
-in- ke- tomu
ngai
n==
tolu
utudn
nubuh
induh.amah
diti
gonggu
simbatu
tou
mentamang
-in- ng- uah
kerah
libudn
ou
==ga
di
keng- di
mati
m- ouh
iit -on
na
bu- buat
suub
pasi
diaadn
-in- m- iaah
na
i==
engat
n- ouk
se- tengah
subai
siga.lama.na
==ku
mbat
bakng
na.haah.na
di
nu -an
si==
peg- datakng
asu
ou
na
perook
nubuh
domon
na
mulah
kusang
tulakng
pudn
poroh
soid
-in- g- anak
teih
buat
di
mulah
kuluak
di
mondog
==hu
toho
nubuh
si==
m- buat
na
anak
baar
kiou
na
duaa
-i- -m- duah
sia
hei
kiou
oduh
sei
m- panu
rigiodu
di
ook
n- -iun
ki- ara
kelopis
i==
tidi
siga.lama.na
ny==
mv- ibis -adn
ku- susa
kirab
timbeig
mien
kuhut
ina
lama
hei
man
salakng
nagah
nd== ara
buh
na
diti
gaabm
ng- irubm
mata
kiou
reburuh
na
si==
kei
tentang
n- urus
ng- uluak
pusud
na
ou
toyuk
siuru
na.haah.na
ernah
odu
montis
ng- ge- ladu
na
berhei
pudn
kei
sei
di
gien
na
ny==
tuni
naah
pah
sirib
ngompis
pisepak
pa
bakng
==ga
di
dei
keng- diti
ng- asak
ng- g- ahut
hiti
pe- panyap
in- ei
ihi
ina
induh
abat
poroh
dii
nyu
na
liaag
na
deirdn.na
ndah
==ga
uhu
saa
seha
labuh
in- ohodn
ng- eit
na
sia
tolu
na
n- -anam
na
induh
i- bomboi -dn
ina
kerah
diaadn
amah
sultadn
==ku
ipus
mondog
elih
nge- -loos
n- imbakng
ndah
induh
posok
keng- di
m- buat
dioo
nya
nimbenga
puhul
nubuh
sikng
susa
ndah
tina
na
di
sia
==ku
anak
di
i- k- aap
nuruhub
m- elah
na
kubukng
mual
ihi
kerai
na
su- suad
kerai
ihi
epaat
nubuh
simbukng
anak
n- dedi
gien
-in- g- ohodn
nelayan
nti
nu -an
-i- m- ulih
meg- panggil
nti
kiou
mulah
na
di.libuat
na
na.haah.na
pasal
odu
lehad
lama
ayad
ny==
ndah
-in- kuid
n- -anam
bonggi
kei
si==
bakng
k- epat -adn
ntebasadn
hei
==ga
di
ng- koon
nti
matakng
ina
m- ulih
asal
nayar
nu
==ga
di
ke- tolu
==ga
-in- ke- tomu
ina
induh
in- undah
==ga
ringah
tolu
peg- liid- liid
nd== aha
kina
lama
ke- pati
induh
tentabm
dumah
na.haah.na
i==
giuk
lanjakng
adat
su- suad
na
-in- ng- ai
peg sopuk
==ga
-i- matakng
asal
ihi
min- di
nubuh
dei
mv- pangan
m- iaah
na
gu- suruh
kubukng
gah
-in- m- ouh
kusur
pitangan
ng- irah
induh.amah
lana
mual
na
tobu
nubuh
na
na
saa
ansur
m- iaah
atas
gien
si==
ndah
kei
ng- irah
siungul
oduh
kunuh
hei
ou
maap-aap
-em- teis
si==
si==
se- kali
na
manggas
bali
daidn
-in- n- undi
==ku
punti
na
kiti
menongil
==a
-i- sugah
teih
hei
diha
urang.tuah
sarah
itala
waris
i- ngi- dihit
si==
==ga
ng- ompuh
barabm
na
pe- panu
lama
na
dumah
tapih
kei
sia
si==
sabul
m- aap
na
segah
surugah
keng- di
itala
mati
turuh
ouu
engat
na
kei
bonggi
lama
putih
==ku
bakng
onu
gipit
betangan
sia
se- m- belah
nti
malik
kiou
di
na
kirab
induh
lumbuh
bali
sia
-in- gi- nipi
urang.tuah
i==
ina
na
keng- di
walu-mpuluh
ina
tabakng
pasal
kadai
ou
na
poroh
bakng
baar-baar
tangis
diaa
rua
diha
n- -ingguluh
na
ari.onom
ndah
keng- di
-m- duah
hei
nya
tempak
na.haah.na
obuk
na
tina
i- n- ipuh
ou
oduh
lama
maah
di
==ga
hei
ku- tulu -adn
m- pe- -lepas
dawai
-in- m- ilih
dihiti
tinaman
na.haah.na
pandi
n- -tubung -an
-in- -punggal
meleid-meleid
kiou
==ga
kiou
==ku
mu- tukng
na
bali
hei
ou
ladikng
toyuk
kuit
di
barabm
inubuh
siga
siga
suad
oduh
-in- bori
tampa
poroh
biarus-biarus
suad
na
nubuh
tiadn
sikng
lama
na
==hu
ki- ara
nubuh
punsut
keng- di
ng- kuah
induh
==hu
pahat
ou
ou
==ku
-in- nge- labad
sultadn
na
ringah
n- ugah
mekul
di
took
-i- kemaah
ku- tulu -adn
lahi
mengin
si==
ihi
leksiadn
asal
nti
saa
ndah
onu
-in- guluu
ng- g- ori
pe- nge- saa
simbukng
kapuk
ponuh
tidi
gien
jadi
bunua
terpaksah
m- ouh
-in- sipak
semangad
na
lama
ny==
adi
mondog
n- -ehat
nubuh
be- gagi
ki- ara
suhup
abat
na
min- di
pitiaadn
teih
i- k- aap
anak
tembakng
na
goguh
i==
bakng
min- di
si==
ihi
soid
pandi
ina
lama
toudn
-i- m- ulih
surugah
asu
nubuh
k- ompot
nd== ara
na
ombok
nu -an
==hu
-in- nge- saa
kali
ou
tidi
boul
ng- g- olibm
ou
nya
ndah
m- oduh
na
simbatu
matakng
diaadn
sikng
na
==ga
lampu.pam
==ku
nggien
nggien
nge- -reikng
nubuh
tobol
saa
libudn.bungu
malik
puluh-siabm
pudn
m- ulih
na
mulai-mulai
si==
sikiou
turuh
-in- m- anggakng
pasi
hei
languh
ku- dusa
supaya
-in- n- -ihar
pah
tembakng
-in- biaan
gien
-i- matakng
atas
dioo
puudn
n==
lahi
suruh
gibiidn
amah
ke- karakng
ntotuk
rihut
su- suad
ig- puruh- puruh
lanjakng
haah.na
keng- di
==ga
-in- n- apad
kupih
==ga
ba
ba
pudn
semoub
hei
bali
siga.lama.na
beig
m- ouh
mekul
pelanduk
bali
deri.hu
kiou
amah
ajukng
ng- ipah
onu-onu.ga
ki- ara
piasu
padi
n- tutukng
na
sonu
poroh
ien
di
rubian
nagah
barakng
-in- panu- -in- panu
saa
ina
ki- bori
diti
pandi
jadi
nge- rarakng
tuhud
na
belaha
tuan
nubuh
saa
-in- puadn
kasadn
mekul
peg- punga
walu-mpuluh-tolu
toyuk
na
ke- -tonduh
n- -andar
loud
na
kiaardn.na
jadi
m- ulih
ponuh
==ga
sultadn
mulah
buid
kiou
nti
deirdn.na
na
apuh
tolu
hai
-i- matakng
bakng
lintap
mulah
dia
-i- mati
lama
bakng
medoot
na
sampai
aa
na
ou
suad.tuah-mulah
nu
n- -uhar
k- ompot
nd== ara
deirdn.na
kuman
ng- amad
-in- n- -abur
m- batu
g- ilakng
i==
ihi
aal
nge- -laak
ng- ge- -rampus
ndah
engat
su- suad
-i- mati
m- obo
nge- rarakng
uhu
tuadn.umur
libudn
induh
diaa
mual
bali
di
di
onu
lama
gien
hei
uhu
libudn.bituha
ina
nd== ara
-i- m- ulih
ouu
ringah
ndah
di
ombok
bas
ihi
nubuh
ng- kuah
gah
m- ulih
na
asal
asu
gaabm- gaabm
m- ouh
==ga
togob
nggien
libudn.bungu
toud
anu
bunua
na
-in- kimuat
dolok
na.haah.na
sei
si==
maap
kuiih
deirdn.na
hei
diaadn
==ku
adat
bakng
na
dimpingir
guai
na
ng- uhubm
puhul- puhul
gu- suruh
pa
uhu
na
ouu
di.libuat
mulah
bangsa
punggah
na
hei
bonggi
leidn
suad
bunua
ng- g- iit
adat
bali
medoot
-in- ng- uhubm
hei
-i- matakng
engat
ng- -intubakng
-in- k- odop
na
kirab
m- panu
m- apit
ndah
na
aa
daidn
-in- panu
nggien
subur
mulah
ouu
bunua
rigiodu
ng- kiligah
deirdn.na
suhup
ou
-in- m- ohodn
==ku
ladikng
na.haah.na
biag
tempopodn
nu
pegah
pisiaa
k- iid
alakng-alakng
engat
hei
languh
kilimien
k- aap
lama
na
nd== ara
nd== ara
tuug
leidn
puluh-lima
nd== ou
na
amah
hei
aap- aap
m- pangan
ng- kuah
dioo
induh
sumbakng
uhu
ngu- ruas
hei
diaadn
mual
-in- k- ulih
==a
-in- n- unu
atau
libudn
na
-in- m- oroh
nd== uhu
nubuh
hai
nubuh
nge- lampis
dunyah
m- unuh
ina
k- aap
k- iid
singgurua
di
ringgat
bonggi
m- -eraguh
tingkiih
sikiou
na
simamput
se- n- depa
kiou
saa
libudn
-in- -gumbai
bali
nti
si==
siidn
na
ina
-in- g- olok
singuh
m- iaah
ou
irian
bonggi
mondog
hei
ina
daidn
ngamah
lahi
nti
-i- matakng
m- ouh
i==
sikng
==ga
onu
na
-in- timbak
n==
rua
na
robi
mati
ou
m- ori
melik
k- ompot
ou
kita
uhad
ndah
m- ulih
na
na
asal
di
na.haah.na
mual
nubuh
domon
gambar
bonggi
dei
na
peg- liid
taik
==ga
pegogot
baar
katih
mi- gia
ai
n- toudn
na
beranti
poroh
na
naa
domon
naah
saa
ringah
-in- biaah
deirdn.na
ng- undas
minsuali
dolok
suad
-i- matakng
lama
kuub
m- ulih
g- ipad
kiou
bali
baar-baar
nentaadn.na
ng- gi- -ribuk
na
nda
gulu
ndah
api-api
na
aa
onu
na
nubuh
siga.lama.na
isilabm
==ga
nd== ara
mekul
kei
timuai
peg- punga
tumundug
man
dalabm
irum -un
mual
induh
na
botik
ng- irah
na
tangga
nti
ouu
suad
na
oid
bunua
maan
anak
toidn
kusur
dunyah
pelanduk
dedardn
si==
n==
-i- tetak
tapih
lama
pa
maap
tapih
nganggabm
bakng
ringah
na
anu
m- asah
na
ina
ng- k- ulih
nti
m- udah
m- ahi
loud
rua
anak
kuiih
==ga
rua
ukap
rigiodu
na
amah
nubuh
gibiidn
siga
kasadn
anu
ke- -door
na
pandi
-in- m- ourt
jadi
tuni
di
nubuh
==ga
ou
na
pah
iskul
lama
pegengat~engat
na
mekul
n- togih
==ga
na
deirdn.na
na
karukng
nubuh
tuadn.umur
rua
dia
bakng
ndah
ng- irubm
me- lou
na
suad
-in- n- uba
ke- tomu
na
mv- etak
nya
na
gimbatadn
doudn
na
ng- koon
saa
tui
na
mbat
nubuh
lama
==hu
-in- ng- ipah
n==
sia
na
na
k- id -adn
anu
ng- ku- pupulih
bonggi
leidn
matakng
n- sigup
sikiou
m- ohodn
ou
sia
mondog
engat
anak
nubuh
na
pungguah
m- buat
-in- panu
sia
egas
tidi
sugah
na
di
nyu
dia
reyda
-in- ke- -rahit
berhei
ouu
==hu
anak
si==
punguart
ng- irubm
oid
na
bakng
nya
-m- -bahus
-in- g- anak
si==
soo
pah
kerebi
pirinta
==ga
==ku
hai
lahi
anu
deirdn.na
ng- -ongkob
layut
nti
oid
na
ki- ara
nu -an
guakng
na
nti
mengin
kira- kira
simbatu
ringah
na
mulah
api
ayad
-in- g- ohodn
peranak
dei
ouu
munusiah
k- ompot
m- iaah
ndah
semooh
-in- k- odop
bali
n==
m- irta
na
==ga
gien
beig
maan
ombok
m- odop
nd== uhu
ou
ihi
bakng
si==
nu
selehei
su- suad
m- pe- boros
aha
me- togob
nd== ara
turuh
kuiih
hei
medoot
in- iit
na
==ga
bakng
==ku
na
ouu
punguk
misilihadn
ou
na
-i- matakng
induh.amah
jadi
me- dedi
hei
onu
nubuh
beig
dolok
g- ipad
aha
uhubm
tuadn.umur
induh
mata
pegah.diaa
midua
peis
sanga
ngu- duaa
hei
paa
apuh
kira- kira
mual
ari.buaidn
hei
==ga
ngai
jadi
ng- gubarah
sikng
anak
tiud
-i- m- ulih
nu -an
mual
deirdn.na
penah
k- iid
ombok
kudaadn
betah
ndah.bas
tidia
mu- suat -adn
koon
-in- pi- sidukng
belaha
tolu
ndah
n==
m- iaah
asal
-in- ngi- riat
-in- -punggal
mu- lumak
induh.amah
ina
hei
teih
bas
siga
==ga
nu
==ga
ndah
sensarah
hei
==ga
sia
-in- ki- tiag
duah
na
gah
-in- g- uhubm
si==
sikng
==ga
saa
-in- ke- -rahit
na
tidi
batad
uru
nubuh
kiou
na
m- pe- -boli
suad
pasi
ndah
m- panu
su- suad
na
hai
nd== ara
libudn
poroh
gien
miliug
na
uhubm
nd== ara
linggid
==ga
buid
botuh
ou
pinyahei
nentaadn.na
na
na
libudn.natak
na
n- ig- buat
letid
nubuh
==ga
rua
panu
na
in- -ipah
teykang
leid
di
sampai
nti
ina
apuh
melebak
nti
ou
==ga
ny==
nya
busu
ngai
i- k- aap
na
nd== ara
na
pasal
na
ou
pa
keng- di
mengin
na
timbuhu
barabm
==ga
na
diaadn
jadi
dolu
robi
tenggabadn
n- irabm
mengin
bakng
na
di
di
asal
mistiih
ali
diti
na
na
umpil
na
==ku
ki- liid
engat
-im- -lidik
kuiih
ki- ara
kohoi -dn
mondog
kuakng
tidi
susu
m- ulih
pa
ng- g- ibal
jadi
nd== ara
keng- di
barabm
tupi
na.haah.na
ndah
na
hei
senga
buh
leid
alab
anak
ali
pa
sia
==ga
peg luas
si==
giliu
ki- pindi -aadn
na
piliu
mekul
poroh
ndah.pa
sindoidn
na
ndah.pa
katih
kiou
ke- taadn
nu
na.haah.na
di
ali
gigiu
lehad
baar.api
engat
ina
nya
gulu
ombok
i==
nd== ara
diaadn
i==
subai
ki- ara
kerah
beig
dihi
sekom -on
kubukng
ina
hai
pe- nge- ladu
n- togih
na
nubuh
ngaardn
==ga
ringah
kudaadn
nu
-i- mati
in- ohodn
simbeit
na
dii
kualih
bali
kiou
m- ohodn
-in- g- iit
pandi
in- ei
ngai
ina
ndah
ndah
na
siga
nu -an
di
-in- g- uhubm
mu- guna -an
ndah
na
suad
sirib
panggat-memanggat
k- ulih
ndah
taah
na
poroh
tardak
tina
kei
m- panu
-m- surukng
moglon
-i- -m- abat
lohut
mual
peng- amad
n==
nu
na
sobuk
na
na
kerah
na
kerah
bakng
siga
me- lou
hei
suhup
nubuh
diaadn
ki- -liman
diaadn
nubuh
m- ulih
pa
peg- punga
ndah
ndah
in- aap
tupi
bali
japli
hita
mulah
ki- ara
ulu
n- ig- bajuh
ndah
n- togih
pirinta
induh
ndah
ndah
ou
nubuh
na
m- iaah
nubuh
na
ipus
na
induh
na
nti
liaag
eih
==ga
ulakng
ambih
hei
ouu
susa
hei
ogodn-ogodn
jera~jera
buh
kasau
m- odobm
ke- dongor
mv- pangan
keng- di
na
-in- k- ohodn
na
-i- -m- suak
n==
engat- engat
siga
na
na
hei
tinimuk
ng- oort
sinya
tobol
-i- ruas
kum- punga
minyen
tiadn
peg- liid
ng- upadn
di
peidn
nti
-em- teis
dii
ou
na
lama
na
n- dubu -adn
na
peranak
obu.pasakng
n- onduk
na
pandi
kudat
nd== ou
opod
i==
ny==
pe- nge- doot
ulu
ngin- -dihit
domon
k- ompot
kimpusadn
m- asah
ou
kereytah
mu- tukng
-em- teis
pusud
kubukng
ina
n- dedi
na
m- -upuk
si==
na
i==
bonggi
n- -ulah
ngai
ng- ibal
utidn
hei
si==
saa
ng- g- api
na.haah.na
pa
hei
induh
-in- m- uun
di
induh
na
na
na
na
tembakng
na
ina
punggah
tapih
lama
nu -an
jadi
turuh
na
peg sikng
-in- n- -osob
tina
deirdn.na
nubuh
-i- bongol
melik
na
ki- bori
na.haah.na
simpilakng
lama
engat
ombok
meg- langgar
na
bingguait
n- ajah
di
keng- di
tungguh
siga.lama.na
n- imbakng
nentaadn.na
deirdn.na
asal
bakng
-i- mati
meg- leid- leid
bonggi
i==
matakng
ng- asau
saa
lobokng
gaya
pigiit
tidi
kuiih
lama
n- imbuat
na
na
si==
robi
kuiih
iniaan
na
se- ng- gerobi
lahi
tardak
luas
ng- iskul
na
na.haah.na
na
-in- gi- -ribuk
leidn
ndah
==ga
di
na
ina
ng- g- esab
lama
ba
lama
na
diaadn
ki- ara
nentaadn.na
mv- pangan
-in- g- anak
bas
tapih
kuub
pe- g- ahut
kekap -adn
nd== ara
uru
punggah
poroh
libudn.natak
induh
le- lanag
mbat
na
ndah
esak
di
bali
n- togob
adat
mepadn
m- buat
-in- giat
pinggadn
==ga
ng- k- aap
mekul
nubuh
nu
ina
pemaduh
sia
bali
k- iid
na
mual
siga
lima
ina
putih
tigungguh
in- abis
m- ien
nu
nentaadn.na
sulikng
ng- k- ulih
kumut
ontokng
louk
-i- matakng
n- -uruk
-in- g- impoukng- impoukng
bali
nubuh
na
mu- dubu -adn
n- ig- biakng
robi
ulih
sultadn
na
nu
-i- matakng
adat
m- iaah
dolok
gatakng
m- oduh
buat
itungan
kimpusadn
induh
aha
in- antudn
petah
kiotob
asu
di
na
nubuh
potok
n- took
pudulih
pag datakng
n- -impasag
di
sigup
pa
n- togih
mekul
-in- g- obuh- obuh
saa
anak
ng- -atad
na.haah.na
kiti
ndah
bunua
padi
n- took
nubuh
na
daidn
-m- ganti
suad
na
taardn
me- leid- leid
m- panu m- panu
kusuali
di
induh
hei
pasi
hei
mual
bulei
diha
ajukng
in- ihad
na
toudn
induh
hei
nubuh
ouu
kei
na
diaadn
-in- ng- ai
==ga
na
ig- tomu
-i- panggat
guai
bunua
guai
aha
nubuh
==a
tingaman
goguh
ng- arap
n- -opuk
na
ke- taadn
peg- punga
pusud
ny==
mu- sulukng
tuan
ngai
nd== ihi
==ga
ndah
min- di
m- ouh
saa
na.haah.na
anak
teng- kuiih
nu
mulei
asu
ou
silah
mengin
mu- rubus -adn
mati
na
ku- tulu -adn
libudn
ndah
nu -an
mati
hei
barabm
si==
ndah
selamat
suad
di
beig
melik
tonok
me- dadi
na
-in- n- irib
nubuh
na
deirdn.na
m- ohodn
pangan
-em- teis
siga
tagi
lama
-i- ruas
adat
ina
lama
ouu
na
domon
na
ndah
na
bakng
nd== ara
ndah
ndah
lama
gulu
pasal
na
tuni
i==
na
induh
-in- ki- biaah
na
toudn
boog
ulu
ndah
ti
na
kiti
dihu
si==
hei
ihi
tentobodn
na
na
banggi
-i- mati
na
na
kuman
buh
==hu
lama
me- togob
ndah.pa
kilimien
min- di
biag
uhu
balik
ng- iou
gulu
na
-in- gi- nipi
na
==ga
m- pe- lempad
kira- kira
ig- loon
na
bohit
gien
ina
puan-puan
ingolob
mekul
ombok
ng- irah
m- olok
odu
hei
na
gia
mulah
piih
gien
didis
simbatu
m- barabm
anak
gah
epaat
banggi
m- -upuk
-in- ng- ohol
biuh
deirdn.na
jadi
leid-mengeleid
kuakng
n- suruadn
nd== ara
languh
sida
nd== ou
na
m- ulih
di
di
kertaadn
na
ina
tembakng
na
barabm
aha
adat
deirdn.na
na
na
inggat
loud
hei
tanah
na
se- tengah
hei
==ga
ny==
-in- k- odop
ndah
ringah
keng- di
ontokng
belaha
na
beranti
m- irik m- irik
duah
sia
ou
na
hei
na
-in- ng- uah
nggien
ng- koon
man
ibal
si==
suub
aa
==ga
gulu
ndah
buh
m- -onsuh
punggah
malu
na
ouu
-in- ng- uah
amah
gisan
peil
na
pa
-i- mati
karukng
peg- obuh- obuh
na
na
na
hei
barabm
ou
ndah
peg duah
louk
ringah
kirab
bimbi
na.haah.na
rumbur
tidi
kuid
induh
na
languh
amah
simbatu
peranak
n- togih
kimindii
-i- lahas
m- inak
keng- di
nu
iag
tiag
hei
di
kei
anu
na
teih
satu
i==
tentakng
m- buat
na
turuh
nd== ou
-m- ganti
sia
adat
peg- punga
languh
k- aap
nd== ou
ragah
n- -opuk
-i- mati
umpil
-i- m- ulih
toyuk
-in- panu
gulu
tuah
buh
berhei
sekejap
ng- ondih
berosi
gaya
m- panu
ng- ginohodn
ndah
undakng-undakng
m- -peta -ardn
belaha
bonti
amah
timpurukng
ina
rua
gigiu
nubuh
min- di
tiah
na
si==
diaadn
baru
linsag
si==
pilipin
rapah
-in- panu
biikng
matakng
siga.lama.na
na
barabm
punti
tiadn
bali
ki- ara
di
amah
datuh
pa
n- etak
mual
tapih
barabm
induh
ge- saa
na
di
m- uun
bas
tuni
na
amah
-in- bitidn
na
aa
libudn
n- ig- pihir
ndah
na
saa
sood
onu
m- piti -aadn
domon
in- aap
koo
pandi
na
si==
mengin
sia
pitik
jadi
deri.hu
kei
domon
==ku
gubarah
kerai
meg- lahi
na
ki- ara
nat
na
na
mual
ou
nggien
-supuh -adn
sida
k- iid
-in- piit
bakng
se- saa
tunuun
nd== ara
==ga
mual
selama-lama
ndah
ihi
meg- tomu
turun
g- esak
ou
waluh
si==
-i- lobokng
-i- p- luas
kerai
simbatu
n- -desadn
na
timboidn
tuhud
alih
silakng
tatakng
mbat
bakng
pelanduk
sampai
nd== ara
nge- -radu
n- took
anak
gah
mual
sei
kudaadn
seg -adn
minyen
na
si==
putih
saa
na
-i- -m- selehei
buid.bintukng
aa
pusud
sompuh
sia
lotong
n- tutukng
engat
hei
sikiou
ki- ara
dii
na
anak
ingambur
==ku
pandi
na
na
tobos
sia
ari
sugut
binatang
lahi
ndah
ponuh
di
ng- g- asi -asih
bitakng
kudat
barabm
-in- ng- uah
palabm
saa
di
anu
busu
ng- g- api
ki- pindi -aadn
ndah
nu
na
i==
keng- di
ndah
gouk
ihi
hei
mingguh
mual
latu
nu
na
mulah
domon
sia
ndah
na
ragah
-i- mati
pa
ki- ara
api
induh.amah
birdih
buh
tiambul
m- ahi
leid-mengeleid
mati
uru
==ku
ng- ueirt
n- tuah
ulakng
di
hai
se- saa
anak
mengin
-in- ng- ueirt
m- -upuk
ou
di
na
epaat puluh epaat
bohit
n- -onggukng
si==
barabm
siga
ambih
m- iaah
bakng
siga
lama
totog
na
onu
-in- ng- ai
na
na
na
==a
dia
kirab
sultadn
ng- urtak
subai
na
tidia
==ga
na
bunua
na.haah.na
nubuh
-i- -m- duah
mual
ki- liid
n- doot
dei
n==
haah.na
libu
peranak
mistiih
-in- g- ala
jadi
ng- irah
==ga
sedah
na
dua
mi- gia
-in- g- iit
di
datag
-i- m- uhad
saa
ki- ara
pugapah
hei
ontokng
ali
orob
nu
ng- kuah
gulu
buh
ngi -en
matakng
kuiih
na.haah.na
na
ng- koon
na
tual
dihi
na
ngin- damah
robi
doot-doot
n- took
gaya
bengkali
beig
ki- ara
libudn
na
nggien
-in- n- -uduk
ndah
tembakng
ny==
ihi
domon
sia
ig- balik- balik
di
nd== ara
pasi
louk
mual
==ga
m- ulih
na.haah.na
mulah
nti
me- dadi
-in- sipak
na
poroh
kimindi
asal
depoordn
-in- -m- tolop
-in- m- iaah
bali
==ku
lama
pe- g- amah
siga
sikiou
sampur
bah
ki- ara
medoot
na
-lopukng
saa
na
gangguh
muntubut
ina
ringah
mistiih
-in- m- iaah
ina
na
katih
sultadn
na
==ku
turuh
inoo
di
m- panu
leidn
sepatut
nibalu
bilah
ina
na
na
berosi
min- di
na
tangga
bunuh
deirdn.nda
ng- ueirt
na
alih
duduh
hatih
-i- m- ulih
sia
nubuh
na
nu
i- gi- libag
m- egat
hei
gulu
buat- buat
nd== ara
tinggabadn
pusut
nya
pasi
nubuh
belaha
puhul
==hu
na
di
taik
suad
ou
na
beig
induh.amah
pandi
na
banggi
-i- -m- selehei
mbat
nyu
m- ori
n- impus
na.haah.na
dii
m- ulih
p- gesab
ina
di
gimbatadn
ki- ladu
ndah
atau
punggah
di
ki- ara
supuh -udn
m- buat
nubuh
nd== ara
na
tentakng
ng- g- iit
malik
na
na
sei
giab
maap-aap
hei
ny==
amah
iuh
na
libudn
lumak
mulah
doot-doot
==ga
teih
nd== aha
jadi
ndah
umur
baar-baar
nun
m- batu
ulakng
ndah
di
-in- panu
na
taha
ng- k- ensi
sia
naah
na
na
telak
nd== ara
tuhud
se- ng- gerobi
biidn
silah
bout
-im- tiligud
siga
na
bali
leid
sarakng
m- olok
na
n- ouk
na
di
dei
bakng
m- buat
ngai- ngai
kuub
ki- bori
na
si==
mulah
in- ei
mbat
-in- g- uhubm
pudulih
na
kuiih
taik
in- uhubm
teih
si==
si==
ng- indahad
ki- ara
guai
piasu
na
kubukng
mengin
tingih
ou
nti
maap-aap
nu
buat
m- iaah
m- uhah
na
nubuh
na
na
rua
m- ayad
peg- punga
ki- ara
na
tuhal
na
nti
lama
ng- ompuh
palikng
na
ketoid
-in- ke- togih
su- suad
==ga
-in- g- amah
kiaardn.na
pem- pepag
su- sugut
-i- -m- teis
pu- tuug
ti
ki- ara
tidii
-betang -an
ki- ara
jadi
kimuat
kudat
turuh
kesadn
si==
sibonon
na
sultadn
oid
rua
keng- di
na
ke- taadn
gumbakng
na
lahi
ginis
ki- bori
pudn
dioo
na
m- olok
asal
jaruk
nya
m- buat
pitiaadn
minsodikng
m- bunuh
mual
ndah
kunu
nubuh
mulah
sida
n- ouk
nd== ou
soo
==ku
diti
ng- biidn
saa
adi
gibiidn
==ga
lehad
bangal
ooh
ngirdut
kiti
ng- irubm
-i- m- ulih
==ga
pasi
hei
domon
alih
tidi
in- -ipah
agih.lipa
ina
m- ohodn
di
simbatu
ina
na
asu
tungguh
na
deirdn.na
na
ndah
nd== ou
dii
-in- ng- uaab
pusud
kenoo
sihu
nti
diaadn
si==
lahi
pelanduk
nd== ou
libungan
simingguh~simingguh
langit
suad
dua
gah
beg- de- doot
gambar
di
m- -insari
tidi
ringah
bonggi
tina
na
pe- g- ait
di
puguluu
-i- buntal
eih
asal
si==
dei uhu
na
tolu
engat
na
na
ihi
==ga
bakng
ny==
-in- ki- biaah
pa
tetoog
set
ig- ohodnohodn
tinduk
ina
di
n- -ambukng
siga.lama.na
ng- asak
lama
n- -talu
-in- buat
amah
baar
na
posok
sultadn
domon
saa
siga
hei
kungguakng.buid
deirdn.na
sia
ng- gulu
sultadn
diaadn
nubuh
-em- teis
i- ng- uhad
nu -an
hei
aa
mual
-in- gi- limut
mbat
ihi
==hu
==ku
odu
kerebi
n- -opuk
m- iis
na
pudn
ng- ke- lou- lou
alih
bonggi
seborokng
ou
suad.tuah-mulah
sahit
na
nd== ara
depoordn
taik
pah
na
ou
keng- di
na
na
ba
nu
mi- libuat
dihi
nubuh
==hu
ingumuruh
sigia
n- -opuk
na
amah
nubuh
in- aap
toho
mati
pahi
kenahadn
tungguh
buaidn
-in- kompot
aa
dei
buh-buh
-in- panu
birta
i==
peg- ansur
ou
ndah
ibal
hei
mati
aha
mulah
gimbatadn
aa
pa
ndah
na
mula-mula
==ga
sia
punti
ina
-in- n- udukng
na
teih
noo
ng- g- iit
domon
ou
na
tanah
poroh
ihi
bunua
inagah
si==
-in- ng- irubm
na
n- damah
hei
suruh
terpaksah
na
adi
lama
suhup
nd== ou
asu
tolu m- puluh
na
lama
bunua
kimpusadn
nubuh
aa
ou
kembik
pupug
==ga
kenggaman
nya
-in- gi- nipi
kudat
siga.lama.na
-in- kimuat
toyuk
ng- -uhut
subai
ooh
subai
tetaardn
ina
-in- g- uubm
adat
obu
kigiaadn
tembakng
penggorokng
tagak
hei
goguh
na
ke- tomu
ng- ipah
pudulih
leidn
buh
==ga
nd== ou
huiih
nge- saa
rua
m- anggil
bakng
sikng
pusud
amah
diaadn
diaadn
lama
nganggabm
-in- ng- atad -in- ng- -atad
iskul
gumbakng
muin
beig
-in- loput
suruh
ndah
kerah
sia
hei
nya
puhuh
nubuh
puudn
ngai
-im- liaag
na
diaadn
ng- irubm
si==
m- panu
minggan
tolu
deirdn.na
bakng
n- aruh
lama
mi- gia
ki- ara
pitiaadn
-i- matakng
nd== ara
nd== ara
lama
si==
simbeit
ki- ara
na
hei
peg- punga
-in- g- uhubm
n- doot
na
i- k- aap
m- iaah
pasi
kei
ng- ali- ng- ali
ng- ke- lou- lou
keng- di
odu
bonggi
tidi
n- -anam
oduh
haah.na
meg- ruas- -ruas
binatang
di
hiti
na
ke- tomu
na
uhu
ki- ara
amah
muruakng
i==
simbatu
putih
k- aap
kusur
ba
mati
na.haah.na
m- -oli
-i- m- uhad
na
ku- hurakng
kuiih
ou
hei
padi
-in- ng- ayas
sei
si==
timbeig
i==
medoot
ng- ueirt
gangan
si==
-in- luput -adn
nubuh
sinah
siidn
ina
saa
labuh
nuruhub
m- ulih
hei
diti
sulikng
tuni
ou
ou
di
obu.pasakng
ina
punggah
asal
na
si==
-i- matakng
na
diaa
saa
na
meg- kinia
punti
ina
na
otud
adat
ou
nubuh
dolok
berhei
nibalu
na
ng- -ongkob
tilinga
pahadn
su- suad
dia
doudn
mual
maap
ingunsu
pag datakng
ng- kuah
asal
na
bakng
induh
saa
bas
bonggi
m- osol
louk
kerai
m- barabm
hei
ny==
sia
n- tobuk
baru
onu
na
tilina
baar-baar
ng- uhubm
sia
apuh
di
deirdn.na
naah
bali
m- ouh
lama
bitakng
na
na
si==
di
ng- gi- -ribuk
bonggi
di
pasal
suhi
pudn
ipus
di
nd== ara
kiit
asu
odu
ajukng
gi- tau
nti
nd== ou
m- etak
sidu
ruit
na
ou
gah
i- k- aap
ou
me- lou
na
kerah
ndah
g- ipad
barabm
na
m- eranjah
musa
n==
na
n- tetak
peg- liid- liid
su- sugut
me- leid- leid
ki- ara
musa
bilug
teih
mulei- mulei
bakng
nubuh
n- utukng
ringgit
anggar
n- -opuk
kudaadn
-i- mati
pusud
==ga
na
na
asal
-i- matakng
burumbuan
nubuh
nd== ou
piih
ina
keng- di
nara
na
bali
barabm
aha
liad
epaat
nti
na
nd== ou
na
na
sedah
n- entabm
na
topor
nubuh
ny==
ng- igid
nubuh
n- ig- kerai
-um- -lunggah
gah
nu -an
tulakng
bali.raya
bebaidn
==hu
ng- -inam
n- oluh
di
==ku
i- gi- libag
n- dabuh
ba
ng- ge- lebas
n- -impasag
ndah.pa
ladu
rorog
deirdn.na
bakng
poroh
nd== ara
nggien
gulu
m- iaah
diaadn
na
k- aap
==ku
arap
ndah
inagah
arap
n- tuah
na
sikiou
di
i==
bout
aa
ki- pida -adn
bunua
tembakng
buat -adn
tanah
bunua
ooh
-supuh -adn
ng- g- imung
n- dabuh
na
mbat
su- suad
na.haah.na
mulah
-i- lobokng
anak
tina
nti
-em- teis
asu
na
m- -uru
na
lama
siga
belaha
subai
ina
na
ihi
mi- sidukng
-i- m- ohodn
nda
n- ohop
ina
ouu
pitiaadn
kumbal
hei
jadi
pa
n- tuug
nelayan
na
dunguan
nubuh
ki- ara
induh
ngai
mual
tiapah
deirdn.na
dii
n- ig- toluh
tuni
nge- ramut
lama
dihu
nge- lana
hei
dioo
keng- diti
bakng
nubuh
hei
na
kenggamang
tintobodn
nd== ou
sinah
lama
nu
betaan
nubuh
ng- -atad
belaha
mv- abis
m- apit
ulakng
nubuh
togih
engat
peg duah
n==
-i- matakng
==ku
se- tengah
hei
ba
nubuh
asal
mbat
sia
suad
aha
hei
anak
su- suad
bakng
nuruhub
m- panu
api
ou
na
-in- gandakng
na
gulu
n==
kenoo
n- timpus
ombok
buat -adn
buh-buh
na
na
ki- ara
tenaman
ndah
rumbur
i- piti -aadn
binatang
urang.tuah
suad
m- buat
otud
ng- g- iit
dunyah
tidi
pandah
m- iaah
ng- ge- lebas
na
ndah
sidukng
ke- rasa
na
suad
naah
buaidn.epaat
na
bakng
hei
pe- ge- saa
ndah
kerai
m- ouh
nubuh
i==
ina
boboh
m- -onsuh
suruh
ou
nunab
ng- g- api
onu
ina
keng- di
sia
punti
nu -an
betangan
mi- gia
kerah
na
kudat
su- suad
na
==ku
abis
na
nda
ndah
na
na
ndah
na
anak
-in- gi- taruh
-i- -m- damah
na
dioo
bakng
me- leid
kuiih
masi
meraah
==ga
set
deirdn.na
nd== ara
nu -an
==ga
nya
tematah
anak
bali
ku- lungga -adn
in- ohodn
bonggi
ngu- duaa
nya
nya
popit
bunua
su- suad
tulakng
na
ari
di
ina
sahit
kelolok
gien
i==
beig
maap
loud
na
odu
bakng
bakng
n- sigup
kum- utakng
kahal
n==
poroh
tidi
hita
siga
na
midua
ny==
bali
dii
mual
sihu
nubuh
na
peg- surndukng
diti
lumak
pasi
ndah
me- lou
-i- lobokng
bakng
nubuh
penge- dahap
na
sia
na
turuh
nending
gien
tembakng
lahi
i==
-in- kiid
nti
singgurua
na
malik
nibuluah
peg- bagi
lama
nu
kuman
na
onu
ndah
nubuh
uhubm
na
apuh
rumbur
egas
mekul
na
lima
semelehei
pah
epaat puluh epaat
panyap
beg ina
mata.odu
nubuh
diaadn
jadi
==hu
aha
gigiu
ng- g- atad- -atad
nubuh
miringin
na
m- ien
pinggadn
poroh
lama.pilipin
saa
tampa
engat
mbat
lahi
-in- kompot
-i- p- inggat
bobu
-in- kiab
i==
pobok
teih
m- pe- -boli
m- bani
tapih
bonggi
bali
n- unu
kei
dioo
induh
tentabadn
na
bakng
ki- saa
nubuh
kk
ndah
tembakng
m- bani
n- -opuk
pusud
ndah
muman
raah
na
ouu
peis
nubuh
ihi
tiah
m- ohodn
tingih
==ga
di
sumpad
hei
jaruk
ng- k- ohodn
hei
nu
odu
m- iaah
nya
ndah
tinggabadn
baah
na
ou
nd== ara
na
man.rati
induh
dei
di
pusud
ndah
nd== ara
nti
onu
na
nu -an
mekul
lima
na
hei
ina
pasal
soid
ng- g- uhubm
-i- -m- teronos
ke- rati
di
suub
tibadak
lama
epaat puluh epaat
pusud
asal
ng- koon
sikiou
hei
binggi
bonggi
induh
na
ou
na
-in- g- uubm
karukng
hei
na
na
tiangam
n- -umpad
m- iaah
na
daram
mu- lumak
panas
daidn
man
-in- ng- ai
i==
na
belaha
nd== ou
beranjah
kei
m- putih
nubuh
ng- irubm
n- -tatakng
i==
undadn
ndah
ina
buh
panu
na
na
m- -oli
==hu
su- suad
i==
di
hei
mati
ngai
==ga
nubuh
ou
ke- taadn
domon
ng- iup
puhul
m- iaah
na
peidn
na.haah.na
kudat
i==
me- damat
nubuh
==ga
ina
timindag
na.haah.na
badih
purah-purah
turuh
kuhut
lama
bali
uhu
di
hei
suhup
keng- di
saa
di
menahadn
ng- -undakng
pah
lama
tilug
==hu
diaadn
-i- mati
m- olok
siidn
ng- ipah
sulikng
dioo
-in- rari
alih
ng- ali
na
suhud
ihi
bali
ndah
gah
rua
mengin
nubuh
pusud
teih
ng- -uhut
bangsa
ali
buul
ndah
diti
ng- igid
m- -onsuh
lama
ndah
-i- -m- sanggad
==ku
mengin
ei
bilah
bigah
nya
m- ohodn
ig- kerai
api
==ku
m- iaah
-in- g- uhubm
tirtik~tirtik
ny==
nubuh
ke- sampig
midua
malik
ng- kuah
==ga
nd== ara
tamu
nubuh
hei
nubuh
lama
ngigata
haah.na
diaadn
g ilang -an
ou
nubuh
pandi
daidn
diaadn
suad
leidn
na
diha
timotog
lahi
me- lou
na
se- ng- olu
mulah
sikng
na
-i- sobit
nu -an
poroh
bali
na
mintohog
g- abit
di
m- ulih
m- buat
m- -panggar
kua -adn
piliu
se- ng- gerobi
si==
eyrat
bunua
k- aap
-in- m- ilih
ke- -door
m- -upuk
su- suad
terapus
na
maap
m- ulih
n==
diha
libudn
belaha
na
na
nalug
tidi
ndah
-i- -m- duah
api
bakng
pah
m- -oli
ina
ina
se- tengah
aal
puhul
deirdn.na
mulah
pasi
nyabat
pe- m- ahi
hei
n- indoidn
ihi
ngai
-i- matakng
na
seborokng
usikng
anak
ndah
buh
kei
punti
salakng
ba
n==
belaha
na
na
si==
amah
reyda
dua
hei
-in- puadn
diha
baar-baar
na
ihi
nd== ara
nd== ara
tolu
esi-esi.ga
ngaardn
-i- m- ulih
na
pa
tou
-i- -m- selehei
tumunggakng
bakng
atau
nubuh
m- barabm
nti
na
ng- g- iit
ndah
gien
lima
genggi
pasi
n- uba
ki- ara
ng- kerai
lama
saa
matakng
ina
mopor
in- iit
m- ulih
di
n- inggurua
leidn
na
sinya
siga
induh
alih
gu- suruh
rigiodu
pah
ng- asau
le- lebas
padi
ta
berosi
n- togih
asal
dia
bakng
ali
adat
ng- g- esak
nubuh
tampa
sia
kimpusadn
na
na
lama
ihi
dii
==ga
mu- tukng
ulakng
ke- tomu
-i- -m- longis
tala
==hu
si==
nubuh
tirtib
kerah
di
ringah
na
di
amah
di
induh
onom
tembakng
ngai
diaadn
na
-in- g- iit
m- panu
hina
==hu
louk
na
n==
na
==ku
tidi
mati
na
puhul
ouu
m- -onsuh
n- tuug
urakng
kiuhub
na
tapih
k- iid
==ku
suad
ng- g- uhubm
ou
nganggubm
si==
basi-basi
batakng
alih
pinitadn
ayad
ihi
na
lihuh
louk
ou
ng- ge- saa
beig
ajih
n- dadi
dua-dua
buaidn.supuluh
kimpusadn
sinapakng
pedang
nubuh
medoot
k- esa
==hu
tetoog
beig
ina
sia
i==
na
lahi
omol
tetoog
singgurua
kerah
si==
na
ou
==ga
m- elah
gulu
bonggi
sonduk
==hu
i==
anggar
bonggi
ou
mual
aa
orob
na
simbatu
rahak
m- ohodn
na
siga
ndah
m- olok
n- ohop
aha
bonggi
-in- m- iaah
ngulud
leid-mengeleid
ou
==hu
pah
domon
amah
sia
ng- k- aap
di
gien
deirdn.na
na
simbatu
na
mi- gia
di
na
siut
sia
n- ig- tomu
nubuh
siga.lama.na
m- oduh
bali
na
suluudn-luudn
diti
saa
paat-puluh
==a
sikiou
n- ig- -tatakng
nti
n- ig- tomu
gadukng
peranggih
m- anah
mentamang
ou
ng- -guit
na.haah.na
engat
-i- pompodn
na
diaadn
mual
ki- ara
di.sodi
na.haah.na
hai
si==
peg- liid- liid
bohit
oid
suart
n- imbakng
timpuhadn
nu -an
buh
tou
di
nubuh
-in- ng- ahas
bakng
peranak
keng- di
ki- ara
na
semelehei
betangan
saa
dunguan
saa
bali
soord.suhadn
aa
deirdn.mi
kudat
sugah
ki- ara
deirdn.na
nge- -reikng
diaadn
si==
-i- mati
set
ngi -en
nge- labad
ou
peg- punga
di
==hu
obu
taha
ina
ali
punti
in- antudn
asu
belaha
si==
na
n- dito -odn
tiadn
sukim
-in- g- iit
lama
n- toudn
na
m- ouh
ou
k- esa
ndah
tidi
-in- lekas -adn
engat
na
na
sia
nda
panas
anu
ihi
i- k- aap
na
m- oduh
ringah
engat
pi- n- -iag
peg- punga
anak
libudn.bituha
supakng
na
nge- damak
nubuh
kei
keng- di
suala
koort
na
ihi
na
mati
nubuh
pa
peg tiag
nti
buh
kentangan
na
kira- kira
==ga
tampa
bonggi
uhu
si==
na
butulukng
kui
-in- m- adul
sia
ki- ara
dihiti
na
tuhah
lima
==a
su- suad
lama
na
lalakng
m- udulih
-in- panu
nubuh
hei
diaadn
k- aap
mengin
-i- -m- duah
==ga
ndah
pasi
pa
ng- k- aap
na
ng- irah
na
ig- bagi
na
lama
kibilu
m- anggil
ndah
saa
ringah
tulakng
na
in- -anggat
belaha
ou
lama
leid-mengeleid
kiou
-in- nge- loos
ngasih.loobm
tobu
-i- rohod
di
kilimien
apuh
dei
amah
n- tutukng
-in- puadn
nu -an
obuk
bonggi
ina
pah
ngai
pusud
ki- ara
nti
ou
m- pu- duah
ina
pandi
hai
na
biag
pah
haah.na
na
ndah
sonduk
siga
na
meg- suad
si==
sing
peg tunggab
perook
nti
barabm
domon
==ga
medoot
na
-in- k- odop
na
na
oid
na
na
mata
kuhu
n- -opuk
ngamah
na
uhu
sultadn
engat
asu
na
n- togih
n- dadi
sinsikng
bali
suruh
ohodn
ndah
doudn
na
kirab
n- ulukng
uhu
di
ng- kuah
ndah
m- oduh
ouu
n- -obokng
sikng
mondog
ihi
nge- saa
melik
jadi
ngu- duah
bonggol
i- ng- obuh
i- k- aap
-in- ke- rasa
bali
kirab
toyuk-toyuk
iit
mulei- mulei
keng- di
ndah
sei
peranak
==ga
kunu
gien
na.haah.na
n- -ulah
umpil
ou
hei
hei
mual
mulah
n- -impasag
uhubm
na
-in- n- uhat
adat
siadn
otud
lama
buh
jadi
bonggi
ke- tolu
-i- tohop
na
na
na
-um- suak
di
==ga
nya
si==
m- p- itoot
pandi
libudn
nentab
induh
ndah
sia
ngai
tiadn
ayad
me- loput
-i- m- ulih
na
na
mati
na
sia
na
di
m- olok
di
-em- teis
na
ndah
na
kiis
na
ki- ara
induh
tuhudih
-i- m- ulih
siga.lama.na
oid
ki- liid
daidn
na
suad.tuah-mulah
iag
n- ogih
n- sulukng
ng- ali
bakng
ari.buaidn
ng- irubm
si==
mual
anak
na
ndah
man
malik
ndah
sia
nti
in- ondih
keng- di
sia
ndah
tinaman
bunua
m- buat
onu
goguh
belaha
tuan
i- ng- ai
kii
simbatu
mati
m- ingi
lama
bali
dii
n- -anam
ndah
ng- upadn
pi- g- isik
kei
tubujungah
asal
na
==a
nu
intakng
ou
punti
sia
na
kiaardn.na
pasi
suad
ki- biri -adn
me- rabu
ndah
onu
alakng-alakng
na
hei
==ga
bali
peg- pangan
na
gulu
-in- n- opuk
m- pia
m- ouh
si==
na
arag
na
bakng
na
simuha
bas
pa
na
na
n- ig- bobo
sinsikng
engat
bunua
-in- g- ait
kei
depoordn
ombih
kuberaman
pa
-in- m- iaah
n- doot
tutung -un
ngai- ngai
kusang
kerah
i==
na
==ga
asal
urakng
ndah
ny==
kisinggil
ndah
-em- teis
sumbakng
engat
kiou
na
singia
kerah
dua
leidn
di.tempak
ndah
simbatu
romud
bakng
belaha
ku- dusa
punggah
m- panu
kurang -an
-in- panu
tinaman
ookng-ookng
na
ringah.mulah
ou
pekahas
siadn
di
lama
leid
m- inggat
engat
n- udukng
bali
ndah
sia
m- -onsuh
taha
londing
nubuh
kubukng
-in- ge- saa
ng- k- aap
ulakng
==ga
na
bakng
nggien
==ga
sida
nubuh
m- m- -onsuh
peranak
heih
belaha
sarap
sia
na
==ga
gah
==hu
mulah
engat
kei
hai
na.haah.na
sei
sia
na
pasi
bakng
na
k- iid
nubuh
uhubm
sanga
sarip
keng- di
ou
==ga
rua
m- odobm
gimbatadn
lahi
mentamang
ndah
na
tiopukng
nu
ng- g- api
n- ouk
nuak
na
lehad
nubuh
salakng
==ga
deirdn.na
m- odop
beig
nulut
-in- biaan
leid-mengeleid
bulei
sensarah
i==
alih
na
na
-i- taruh
na
ut -ah
i- k- erdah
simbatu
n- etak
languh
==ga
k- ompot
-in- ng- -atad
kerah
ugama
ringah
di
osi
ng- ohos
ina
-lepas -adn
hita
bakng
eyrat
umur
sia
bali
sudaha
-in- ku- luas
si==
na
gien
susa
na
m- ohodn
-in- ng- uah
ng- uit
ponuh
na
in- -atad
ina
na
kiou
umpil
soo
i==
nya
ou
mulah
na
-in- m- iaah
peg- g- ipad
mbat
-in- jaabm
belaha
na.haah.na
ina
na
gah
na
m- iaah
na
ndah
na
na
bonggi
na
ndah
gimbatadn
ng- ahudn
m- -insari
na
na
sia
buat
ina
ina
kuberaman
bali
petah
m- ohodn
punti
dumah
ou
m- udukng
matakng
diring
gandubm
di
ng- g- iit
dadi
nd== ou
ina
na
hei
si==
kiou.api
n- -umpad
m- iaah
sida
nya
tapih
karukng
i==
peg- tiag- tiag
==ga
silabm
sengood~ngood
tapih
mutuah
tolu
medoot
ndah
na
bakng
-i- m- uhad
ali
kentangan
di
deirdn.na
bakng
m- ouh
==ga
puhul
sikng
na
puda -adn
ulakng
ta
na
kumut
m- buat
baluh- baluh
n- -ingguluh
sikng
matakng
na
==ga
baar-baar
==ga
kerai
m- iaah
si==
na
n- togih
n- -obokng
selama-lama
onom
na
ou
kabul
kiristiadn
nd== ara
kilibuan
dia
m- ohodn
lima
ng- indahad
na
suad
ngamah
na.haah.na
aa
min- di
-in- panu
nd== ara
turuh
na
na
ntotuk
==ku
puan-puan
m- ori
na
libudn
gulu
pasi
m- -oli
na
silabm
suad
jadi
-lepas -adn
m- olok
-i- -m- karakng
na
ou
na
na
dei
turuh
bakng
obu
bakng
loud
ina
nu
di
dunyah
suub
ng- g- ahut
na
nge- lobokng
poroh
tempopodn
boboh
-i- m- ulih
peg- punga -an
tuhah
onu
onu
buh
peg- punga
saa
na.haah.na
sogokng
di
n- -opuk
domon
inasip
induh.amah
-in- nge- lobokng
-in- n- ulus
bali
na
leidn
asal
bonggi
poroh
lama
ihi
ou
anak
singgurua
tiunggal
susa
ulakng
keng- di
se- ng- olu
pelanduk
malik
m- odop
leid-mengeleid
i==
piih
nunuk
oduh
==hu
deirdn.na
n- tomu
ng- otob
sultadn
ngi- -dihit
-in- gandakng
na
pekahas
m- udap -adn
peglanag
na
na
ubudn
==ga
pasal
malik
ny==
ina
dii
na
na
hei
na
peg tupa
ou
na
na
si==
aha
-in- rari
noo
bali
ng- g- uhubm
ng- -intubakng
nubuh
nu
kelagah
hei
su- suad
-in- g- esak
n- togob
kurakng
puni
ku- susa
me- leid- leid
min- di
-im- tiligud
ali
na
sida
uhubm
hei
nayar
raah
na
m- anyap
ou
-in- nge- ramut
dii
gadur
misilima
k- esa
nge- damak
nu
libudn
subai
di
bakng
na
sinah
terapus
na
hatih
induh
ndah
mengin
gien
k- aap
n- im- bili -adn
tengah
sampai
ng- irubm
peranak
ki- ara
lahi
ihi
n- aadn
ou
poroh
==ku
na
beraadn
in- ondih
poroh
di
bakng
mual
di
matakng
k- aap
lahi
na
esak
ki- saa
saa
bunua
-in- ng- iup
tiditi
na.haah.na
kua -adn
longon
di
pontud
lundak
ng- g- olibm
ouu
soo
kerah
ngi- riaak
budak
pag datakng
sia
pungguh
mentamang
nubuh
-i- -m- -loot
i==
-in- ng- uah
lama
simpurnah
ihi
==ga
onu-onu.ga
na
sikng
tuadn.umur
na
-i- matakng
nubuh
ndah
ng- irah
m- pangan
liaag
hei
si==
si==
languh
-m- konop
nti
taha
na
teih
tapih
ai
bonggi
leidn
leid
selakng
ou
mati
pilitaadn
tardak
kurakng-kurakng
kiristiadn
na
oduh
kilibuan
ninduh
inubuh
suad
na
ina
bas
na
engat
ba
di
==ga
nti
na
nu
ng- irubm
tembakng
kemasadn
ng- iup
pupur
in- -atad
domon
matakng
bohit
==ga
tembakng
ng- gi- nipi
tulakng
n- -ehat
n- -uurdn
ng- -inggutu
deirdn.na
na
-um- suak
hei
ku- turu -adn
pandi
na
belaha
bakng
anu
ng- kuah
aha
nyawa
ng- ahudn
ki- ara
domon
ngai
ba
kuhut
jumput
bali
sidukng
jadi
n==
kei
lanjakng
-in- g- isik
di
nubuh
buat
==ku
si==
ny==
kiti
na
bakng
engat
saa
berhei
umpil
ng- irubm
si==
mondog
m- iaah
ooh
suad
beig
i- ng- indahad
mulah
serangad
ayad
m- inggat
ndah
suruh
==ga
ndah
==hu
saa
leid
kuhut
tolu
ki- bori
dua m- puluh onom
ina
na
na
di
siga
ng- aas
hei
kirab
-in- m- untal
sia
ba
ruub
pegah
kuhu
kei
m- panu
leid
sarah-sarah
ou
ou
lama
pisinah
na.haah.na
i==
min- di
ou
==a
lama
iudn
pegolok
landuh
migis
n- ugah
ng- amad
deirdn.na
tinduruh
na
bunua
diaadn
sampai
baluh
-em- loon
in- iit
==ga
si==
diaadn
ringah
ng- kasar
medoot
si==
di
api
dei
engat
diha
hita
matakng
-em- teis
-in- panu
elana
kirab
reyda
na
kirab
timalup
bakng
timobos
leidn
asal
asu
onu
buh
nubuh
si==
si==
saa
ubadn
hei
n- -iun
kunuha
berhei
diaadn
na
na
n- -tatakng
kapak
-in- tipuh
bunua
rua
tanah
mulah
na
na
ng- orob
adakng
kepudn
tempak
nu -an
-in- ke- rasa
bonggi
libudn
singgurua
bonggi
nge- saa
na
lama
m- untal
ubi
si==
ng- uhubm
na
ki- ara
orob
ndah.pa
kei
-i- tetak
gah
leid-mengeleid
nu -an
m- omis- omis
di
kudat
dolu
ng- ginohodn
asu
in- undah
rubian
elaa
rua
lama
toyuk
batag
-in- g- ohodn
siga
nge- lanag
keng- di
na
duah
induh.amah
adat
==ku
rarukng
ou
==a
siga
maap
su- suad
sinindu
nd== ou
na
ngi- linggakng
-in- buntal
leidn
aha
ng- omon
ooh
tidi
pusud
mi- gia
kuhut
m- panu
nd== ara
n- suat
==ga
naa
gulu
hei
irah
lama
tapih
buat
na
m- -eraguh
m- iaah
nubuh
n- utukng
di
n- ipuh
me- leid- leid
soid
saa
ke- -tonduh
sungulubak
m- ulih
kimuat
di
haah.na
onu
lama
tapih
na
-i- m- ulih
ba
na
ou
na
==ku
siga
sia
pandi
-in- tibas
nd== ara
m- apit
hei
dia
-in- ng- ohol
orob
siga.lama.na
ndah
ndah.bas
uhubm
anu
nubuh
tidii
nggien
aha
telaga
ndah
m- odop
tereib
saa
-in- kusut
mudadn
keng- diti
ali
-tetang -i
na
me- raga
mengin
anak
ng- gi- nipi
ina
nd== ara
==ga
nd== ara
tapih
tuni
mu- luput -adn
tutup
di
gandubm
ou
lat -adn
na
na
-um- luas
tampa
na
man
su- suad
sia
na
katih
n- entabm
keng- di
ndah
supuh
na
-in- kompot
upak
m- olok
ou
na
lemeis
-in- kuah
i==
bas
==ga
mi- gia
titimung
engat
-in- ge- saa
leidn
na
nubuh
ng- iskul
guakng
-i- kemaah
deirdn.na
sikng
subai
di
na
keladih
mv- ibis -adn
tingaman
pasi
punggah.pa
singgurua
tiadn
na
pungguah
-i- mati
-in- nge- saa
nge- -radu
bajuh
mengin
-in- m- osi
hei
nd== aha
ingolok
si==
sibiadn
bakng
ng- iou
ny==
n- -ingguluh
nubuh
keng- di
nge- doot
aa
muntubut
i==
gumbakng
na.haah.na
ina
di
simbatu
na
nubuh
na
buh
bakng
hei
na
na
ngai
burumbuan
mulah
na
ndah
na
deirdn.na
meg- balik- balik
ndah
ng- ali
ki- ara
onu
saa
nu -an
diaadn
m- buah
m- ihit
na
ina
m- -onsuh
pisinah
-i- matakng
na
maap
hei
saksih
rua
aha
na
na
reikng~reikng
sugut
gien
na
siga
-in- g- uhubm
bali
siidn
di
ina
languh
ki- ara
induh
di
tiadn
ndah
ndah
ina
n- utukng
kusang
na
diha
na
giuk
ng- -inam
ndah
bakng
nubuh
min- di
nubuh
rua
na
suad
diaadn
ponuh
tinaman
-in- -lumpung -an
dodos
n- ulus
anak
na.haah.na
induh
saa
di
na
diaadn
si==
ng- uru
libudn.bituha
adat
kuiih
kiaardn.na
kuhubudn
anak
mulei
ulu
tali
asal
siga
pu- luas
na
ndah
==hu
ou
n- ig- bobo
nubuh
ng- gubarah
gatakng
bonggi
gookng
rua
barabm
beig
ng- g- esak
ny==
dioo
mual
na
lama
ina
deirdn.na
libudn
hei
iloodn
ubu -udn
nibalu
diaa
ombok
bajuh
n- togih
buah
m- aja
salah
milik
na
punti
ina
na.haah.na
keng- di
toidn
pedang
na
lama
nentaadn.na
na
-i- kumut
nu -an
pegolok
anak
==ga
na
baar-baar
sugah
suhup
too
n- -imbali
poroh
keng- di
punti
ou
hei
tapih
i==
na
saa
gien
sia
saa
meg- rua
ng- ali
turuh
ou
na
na
di.tempak
kunuha
kirab
intakng
se- bagi
-i- totok
sei
ndah
na
leidn
guna
-i- m- uhad
induh
di
na
aha
na
topor
bubak
ou
ou
perook
ina
n- ig- suad
dua.atus
diti
kiou.balak
mulah
ari.buaidn
uhu
na.haah.na
turuh
-i- m- ulih
tual
turuh
pekahas
nu
bonggi
engat
m- biag
na
biidn
timinang
induh
na
keng- diti
malik
m- ulih
bakng
baah
nda
bunua
poroh
ndah
si==
mbat
tual
ndah
butudn
kerah
malik
na
m- odobm
kosog
si==
saa
tiaah
na
na
belaha
m- -onsuh
ndah
==ga
ilin
intakng
lama
tempak
ngu- duaa
nggien
me- lou
rapuh
hiti
ki- ara
peg- punga
si==
bonggi
pudulih
na
pungaan
kiaardn.na
leidn
m- ouh
biaa
tetak
asal
m batakng
peranak
amah
n- tuah
m- ori
ou
maap
na
su- suad
diaadn
imubal
-i- m- ulih
hei
beig
simbatu
di
hita
anak
na
ina
k- aap
na.haah.na
mati
nd== ara
kapal
na
kii
bakng
ou
n==
n==
mata
lama
-in- g- isik- isik
piasu
mbat
m- usut
siga
ina
na
ku- tulu -adn
ny==
tatak
-i- m- uhad
ihi
in- iit
puhul.sebelas
i- gu- suruh
bakng
pegka
nubuh
m- ulih
barakng
mv- abis
gibiidn
putih
asih- asih
si==
na
sedah
n- -obokng
daya
puni
nya
nti
paat
aa
mekul
nd== ara
su- suad
keng- di
rati
apuh.oduh
di
ina
diti
nubuh
deirdn.na
tulu -udn
padi
n- unu
nti
di
uhu
na
tidi
tanah
hei
liakng
di
sahit
sumpa
g- esak
tuut
na
turuh
diti
-in- m- adul
kahah
ubu -udn
ng- ipah
tiadn
na
dua-mpuluh
mual
tingguluadn
sei
man
na
lagah
susa
==ga
api
dei
oduh
pu- -gumbai
lama
-i- -m- segah
deirdn.na
in- ohodn
gimbatadn
odu-odu
kabur
bunua
ina
ng- uhubm
m- ogot
ig- buat
kunu
engat
libudn
hei
ina
ngai
na
tentobodn
ng- apah
ina
beig
k- aap
m- iaah
bohit
==ga
na
di
kei
dei
ponuh
n- damat
ombok
ouu
hei
simbiaakng
badih
tolu
pengabi
singuh
bali
onu
na
di
kuiih
semonu~monu
dei
onom
kirab
lima
ng- uhubm
aha
na
hei
ina
n- doot
==ga
dunyah
kudat
mati
diaadn
apuh
diaadn
nya
-i- matakng
se- m- belah
sulikng
ingar
tirima
g- iit
asu
na.haah.na
na
m- olok
ou
malik
kehaadn
aa
na
lahi
pandi
sia
oort-oort
induh
i- nge- goguh
boboh
na
natak
na
bakng
-in- g- anak
-in- g- api
ouu
n- -opuk
ombok
di
tina
ny==
dua
anak
ndah
n- togih
na.haah.na
hatih
anak
na
hei
kahah
ng- ondih
baluh
nubuh
ontokng
kirab
n- ouk
nubuh
deirdn.na
engat
m- ohodn
ina
ny==
beig
silah
==ku
ou
latakng
aa
pasal
==hu
ubiadn
ba
dii
egas
na
pelanduk
tapih
m- olok
si==
ge- roodn
dumah
apuh
maap
lama
leidn
na
n- isih
na
ai
i==
keng- di
poroh
saa
umpil
==hi
nd== ihi
ke- taan
na
suad.tuah-mulah
biag
lobokng
k- ingei -n
mati
dihu
bali
n==
n- doot
si==
suhup
bakng
kulubutadn
oid
api
na
pandi
pa
mengin
gulu
-i- m- uhad
==a
nya
peg- punga
tapih
di
peng- arap
puluh
m- ereit
punti
domon
birta
m- iag
na
siga
tetak
n==
na
onu
anu
m- -onsuh
i==
sahit
took
ng- g- ait
uai
ou
jadi
na.haah.na
ng- uhad
pa
peranak
ina
belaha
doudn
na
ngai
saa
m- olok
na
keng- di
munsang
bakng
-in- ngin- dua
nya
kirab
ou
barabm
ombok
turus
==ga
na
buh
ihi
timbuidn
hai
domon
girambah
n- -opuk
in- aap
==ga
si==
n==
na.haah.na
meg- leid- leid
me- dadi
na
mengin
pag datakng
-in- n- uug
siga
-um- suak
ndah
sigap
dua
singgurua
na
ng- gubarah
ragah
ookng
me- dadi
biag
sugut
anak
tei
na
bunua
su- suad
-in- m- -intut
pisinah
sedah
bakng
tina
-in- g- uubm
kerah
nd== ou
teih
keng- di
na
kaning
pa
==ga
na
n==
hei
na
koon
ng==
asu
ng- g- api
pandi
==ga
na
aa
m- -panggar
telaga
binatang
leid-mengeleid
barabm
leid
me- goguh
m- ien
na.haah.na
diha
uhu
mulah
dii
mu- dubu -adn
asal
diaadn
asal
leksiadn
ng- obuh
pajak
==hu
m- ulih
==ga
peg tuhag
ou
leidn
subai
bakng
deirdn.na
i==
i==
m- ouh
m- -intut
ndah
baar-baar
sintontuk
==a
n==
na
mual
jadi
semompok
dia
bonggi
badih
di
lama
bali
si==
tinggalukng
simbatu
buh
langgu-langgu
nti
na
induh.amah
gulu
induh
gulu
na
onom
nubuh
aludn-aludn
ndah
nubuh
-i- -m- lompud
-in- m- ien
di
ki- bori
lipiadn
na
na
ng- ali
si==
di
ngai
onsobm
malik
na
turuh
medoot
nu
louk
pusud
ndah
na
ponuh
languh
louk
lama
ny- umpakng
-in- kuah
ngai
induh.amah
biug
mengin
buat
daidn
surungan
ouu
m- ori
ki- ara
lama
gaya
-in- m- iaah
n==
susa
kei
rangang
engat
soid
bali
na
peg kalag
na
beig
mulah
i==
subai
linggid
hei
m- ohodn
kibilu
nubuh
meg- ramai
nd== uhu
lama
mi- gia
di
na
apuh
ndah
keng- di
golokng
na
ng- kuah
soid
-in- g- ohodn
m- ouh
ng- g- indur
na
ubi
andau
ina
ou
longon
m- irik m- irik
suad
piasu
deirdn.na
i==
-i- bori
soord.suhadn
si==
leid
kei
-em- teis
lama
dei
n==
na
suad
adat
na
popordn
kerah
punggah.pa
puduikng
i- k- erdah
ti
gien
nd== ara
ou
ouu
-in- ki- ligah
ng- kuah
na
in- ei
hei
==ga
-in- panu
belaha
tampa
kuman
meg- lahi- lahi
uhu
ipus
umai
suad.tuah-mulah
lama
m- unuh
hei
sirib
ng- koon
su- suad
ng- uru
ina
engat
mati
sia
ndah
ndah
na
bonggi
ngin- daidn
ndah
hei
na
m- oduk
di
domon
m- bunuh
ndah
n- umbuk
soid
m- ien
me- leid
m- -oli
m- omis
si==
n- oluh
m- ulih
pin- sigat
na
m- -intas
na
puas
deirdn.na
ina
sisih
londukng
lahi
turuh
uhu
tuah
kudat
aha
kubal
bali
na
-i- m- ulih
manggas
sia
na
meraah
tidii
n- tomu
hei
sia
libudn
ngai
si==
ng- k- aap
i- ng- elag
bali
tina
hei
mual
pa
na
-m- togih
k- aap
keng- di
hei
n- togih
nubuh
nti
tembakng
ng- iup
-m- kopol
==hu
pag datakng
peranak
pegtuhag
ke- tolu
ngai
na
leidn
i- ng- indahad
na
di
biag
i- ngi- dihit
m- -oli
k- aap
nd== ara
n- sipit -adn
kerah
anu
kira- kira
pungaan
buh
tagak
deri
-in- m- iaah
pi- biaah
keng- di
sia
ny==
ndah
nd== ara
si==
-i- -m- abat
kilimpisiu
m- ohodn
simbatu
lama
peg- sukati
n- ig- tambul
ringah
hei
lanjakng
==ga
ou
punsut
na
tik
na
uya
lama
landuh
hei
tiaah
ki- ara
ou
temobuh
anak
timinggas
m- ohodn
si==
saa
onu
bali
languh
melik
na
diaadn
leidn
na
si==
onu-onu.ga
peg- sigup
nentaadn.na
eih
ou
gangan
siga
nd== ara
ki- liid
sia
simpilakng
==hu
mati
bonggi
na
na
pusuru
siabm
baar-baar
-i- -pantuk
ouu
diaadn
sama
di
malik
g- iit
ngirih
bohit
pitik
nubuh
bali
bali
surugah
buh
nd== ara
k- ulih
kupih
tiaah
batag
n- -anam
m- panu
m- panu
bakng
berhei
odu
nubuh
ny==
dei
mistiih
biag
beig
baar-baar
keng- di
lama
buat
poroh
dii
-im- -lidik
tampa
hita
puan-puan
beig
na
-in- m- ahi
singuh
ou
ou
na
na
-in- ge- saa
ny==
ina
-in- ng- uah
bitakng
ta
domon
na
keng- di
na
na
malik
-in- k- odop
hei
nyu
dii
na
berhei
suruh
pisinah
n- igat
siga.lama.na
mati
na
man
-in- bibit
peis
engat
kiou
na
languh
asal
na
na
na
na
anak
sia
ndah
hei
mata
==a
beig
m- ulih
==ga
induh
beig
si==
pungaan
ali
na
-i- mati
ndah
onu
berhei
mutuah
na
na
-i- -m- teronos
nubuh
==ga
na
==ga
pandi
kira- kira
seronsobm
na
in- ohodn
guna
hei
na
na
munggurua
mung- kuiih
m- anggil
==ga
-i- -m- utakng
betah
libudn
na
-i- mati
n==
ou
bali
bonggi
salakng
na
bonggi
keng- di
keng- di
jadi
beig
ina
hei
derami
-in- n- -onduh
na
siga.lama.na
na
m- buat
anak
malik
n==
turuh
se- m- bali
mual
peg kimuat
==hi
ba
kerai
lama
kerahid
me- dadi
gien
nubuh
nubuh
asal
apuh
surugah
bas
manuk
i==
sompuh
eyrat
ou
-i- taruh
boul
itala
amah
n- ig- toluh
i==
==ga
maap
daidn
longon
na
nubuh
na
di
engat
nd== ou
ngi- ditah
si==
n==
-in- m- ilih
m- buat
peg- punga
si==
asal
nubuh
k- esa
gambidn
singgerobi
dei uhu
me- langgu
i- ng- ibal
kuiih
pusud
ng- -atad
m- ohodn
i==
ihi
sei
in- undah
karukng
inagah
rua
g- iit
man
ngai
nd== ara
duaa
bakng
na
dii
sikng
giliu
komit
mata
hei
me- loos
n==
kerah
leksiadn
ahal
-i- tohop
tidi
-i- tunggab
pi- n- -inggalak
kirab
kurakng
bani
saa
di
==ga
na
induh
i- k- aap
kei
na
-in- g- undas
deirdn.na
nge- dahap
kiou
gah
biri -i
na
se- ng- olu
-um- suak
tunguh
ndah
ou
datag
nya
keng- di
nu -an
ng- g- esak
mbat
in- ansur
ou
tuni
-in- ng- inum
na
n- undur
nd== ara
ina
i==
libudn
ou
mondog
nubuh
kibilu
kiou
ihi
asal
sia
hei
kiaardn.na
guai
se- m- belah
si==
di
n- tuug
na
nu
di
su- suad
kiou
sei
-i- tombol
peg- liid- liid
engat
kiou
siidn
kaah.na
petah
berhei
==ku
diaadn
sensarah
lama
si==
mengin
==ga
k- aap
i- gu- suruh
deirdn.na
peis
tampa
na
na
subai
diaa
na
m- iaah
i- ng- uhad
si==
-m- ganti
anu
==ga
na
irah
mingguh
na
nya
jadi
suad
ny==
gibiidn
na
-m- togih
tiadn
ouu
na
sia
m- -oli
ndah
tidi
siga.lama.na
na
asal
ng- g- iit
nya
-um- suak
amah
==hu
m- olok
dara
==ku
lima
tuni
gibiidn
na
pegah
pasal
keng- dii
si==
betah
n- alak
kemonu~monu
sosod
mulah
tobu
kenoo
bakng
pa
irupadn
ng- koon
sia
ng- uru
m- ohodn
tentakng
-em- longi
sodi
nubuh
piasu
ng- kasap
induh
pa
engat
daidn
si==
nubuh
na
hei
mulah
daidn
hita
na
tolu
hei
ta
libuat
sei
na
ou
bohit
nda
lobokng
peg- punga
penah
na
diti
na
si- mital
na
baar-baar
deirdn.na
na
lama
pasi
miliug
na
di
telaga
-in- pi- liid
in- undah
kerah
==ga
buh
==ga
na
kerai
lama
ng- kerai
onom
hei
paat
tobu
lama
na
m- ohodn
-em- teis
mata
ndah
nd== ara
kahah
si==
==ga
tik
m- ohodn
sumubur
louk
na
di
na
ina
berengkali
asal
-i- pompodn
kiaardn.na
ibal
lama
induh
na
mual
toud
ina
na
nuhud
mi- gia
upadn
si==
totog
m- onsobm
na
m- bisa
tuhad
ku- dua
otud
dei
naah
n- ig- terai
suad
pudn
ali
i- k- aap
linggid
amah
ndah
gulu
mekul
min- di
siga
na
nubuh
umpil
na
pah
uhu
i==
di
poroh
ou
lama
orob
nelayan
m- ulih
nd== ou
rigiodu
osi
mata
alih
peg- liid
induh
baar-baar
pandi
se- ng- olu
n- etak
na
tidi
se- saa
n- -anam
alih
i==
siga
hei
n==
bakng
tolu
domon
bonggi
kiou
==ku
nakal
dei
ki- ara
m- asah
asal
ina
-i- g- ohodn
induh
nti
engat
di
==hu
ki- ara
nd== ou
tiadn
nubuh
pa
ringah
tidi
ou
ndah
tuni
leidn
peg inum
n- ugah
ndah
si==
tolu
pandi
pekahas
saa
keng- di
m- boros
-in- ng- uhubm
==ga
si==
nti
ou
pa
==hu
na
kahah
keng- di
==hu
di
subuidn
-i- sugah
bas
lama
dihiti
guai
m- anyap
-in- n- ambakng
aha
patah
man
pasi
asal
ndah.bas
-in- ngin- onong
ny==
libungan
nubuh
hiti
mual
i==
ng- ahudn
robi
lama
ouu
leidn
==a
ngasih
ou
lama
puluh
lama
kunuha
m- ogot
in- ai
adat
undakng-undakng
-in- g- api
boros
-in- m- ilih
ei
su- suad
induh
m- iag
tolu
bunua
nubuh
libudn
tapih
gien
-in- ng- ai
m- ulih
k- ingei -n
supakng
mv- pangan
na
==ku
ndah
engat
==ga
teih
m- barabm
sikng
lama
diti
na
k- esa
na
rigiodu
daidn
ng- uhubm
pa
ng- biidn
kiou
-in- -ginas
-supuh -adn
-in- linggakng
mbat
na
meng- katih
na.haah.na
bunua
peranggih
babal -on
nd== ara
mulah
na
na
suruh
me- lou
n- udukng
g- ipad
si==
bunuh -un
mansabm
simbatu
tengah
dihi
luas
tuhad
koon
n- ouk
at
suruh
si==
lama
na
sikiou
m- barabm
tembakng
sinapakng
==ga
ohodn
ndah
-in- tibas
diaadn
keng- di
na
domon
==ga
rua
in- ompot
sia
dua
-i- matakng
tuan
na
m- ulih
nubuh
berani
gubarah
lama
bali
lama
nu
sei
m- iri
subuidn
n- oluh
bonti
na
i==
bali
na
diaadn
paya
diaadn
nu
rabas
-in- n- igat
simbatu
gandubm
gimbatadn
-in- gin- ohodn
n==
ng- g- api
tuhad
pa
lehad
nu
di
tuah-tuah
m- ulih
lima m- puluh
pah
diaadn
tilug
sia
ina
na.haah.na
na
malik
bengkali
ngai
ina
mati
suala
sia
tuah
-i- matakng
engat
na
onu
kandak
tidi
na
n- doot
tuhah
na
di
linggid
mbeih
ny==
pati-pati
bi- diukng
penat
buh
tolu
ki- ara
tunggal
ng- irah
kurungan
poroh
dihiti
mual
sikng
n- -ihar
hei
ng- ku- tudukng
-in- m- uun
m- pusud
nou
ou
bajuh
lama
ina
hei
ng- gi- nipi
hei
di
dei
engat
na
lubah
di.sodi
pah
nubuh
ndah.pa
m- iaah
na
n- -ohos
tampa
si== elih
lama
induh
na
ng- gouk
m- ogot
na
m- panu m- panu
ng- kuah
keng- di
nubuh
teih
-in- panu
urang.tuah
na
rigihih
dia
-in- tolnon
-in- panu
peg- anak
na
sida
na
ndah
di
nti
ambih
na
asu
tolu
==hu
hei
riniak
tobos
ponuh
loud
domon
i==
oid
tiernah
diaadn
i- ng- apah
engat
ngai
na
pegolok
-in- ng- ai
man
in- ei
pungaan
mu- tukng
induh
ki- ara
amah
mekul
-i- -m- lompud
diaadn
-in- ng- -uhut
siga
bigut
nge- lana
tiadn
hei
soid
ndah
adat
lama
nu
-i- matakng
toidn
mbat
lugadn
keng- di
ginis
ou
obu
domon
lama
ny==
ou
na
==ga
na
na.haah.na
tuhad
buat
beysadn
gibiidn
ki- ara
ng- g- imung
suad
min- di
-in- m- iaah
nubuh
uhu
lama
ng- ge- saa
tinggalukng
lama
-i- pusut
na
api
ombok
nya
onsi
na
bonggi
deirdn.na
ng- -anggat
dolok
na
belaha
suad
pegah
belaha
peg- luat
-in- pi- liid
na
na
ringah
soid
na
n- dedi
engat
na
isilabm
nubuh
hei
ndah
kuub
==ga
bakng
peil
senang-senang
induh
kuit
ou
ina
ta
ulakng
induh
languh
ng- ki- biaah
tenggabadn
peg- liid- liid
m- uhah
-i- m- ulih
na
penah
na
nggien
na
pusud
di
hei
tidi
ari
in- ansur
ki- liid
-in- n- uguh
ndah
telaga
ki- biaah
tapih
boog
dua-mpuluh
na
kaah.na
mual
pe- nge- douh
-em- lalu
na
ng- -indihut
k- ingei -n
atus
ke- taadn
ng- gouk
muntubut
hei
nd== ara
keng- di
di
di
na
aha
pasi
peg- liid
na
hei
ku- tulu -adn
gien
na
nubuh
puni
kuhut
piasu
lama
sinsikng
sia
-in- g- ait
indonisia
ndah.pa
na
kiou
ng- gisara
turuh
mati
mulah
si==
na
-in- loput
bakng
==ga
ooh
==hu
uhu
m- -onsuh
punggah.pa
saa
asu
lama
seha
gibiidn
sigup
==ga
gigiu
bakng
dii
anak
ina
pegka
meg- rua
teih
==ga
ig- suad
betah
nubuh
di
na
singgulub
bohit
na
m- ohodn
pelanduk
tidi
di
engat
nd== ara
keng- di
na.haah.na
biag
di
nubuh
mulah
depoordn
karukng
di
n- utukng
ng- uit
keng- di
lahi
kulab
pag datakng
ndah
ihi
buh
upadn
baar-baar
na
oduh
ou
na
ndah
na
suad
ut -ah
engat
==hu
medoot
m- asah
domon
bali
na
ina
pa
-in- m- oroh
di
onu
beig
==ga
==hu
-i- matakng
peidn
poroh
==ga
gien
m- -onsuh
ndah
==ga
na
na
na
lama
peg- taruh- taruh
m- ahi
na
kuit
bunua
tembakng
totog
hei
tembakng
-in- g- ohodn
n- -anam
lama
na
ng- guai
si==
mekul
tampa
ny==
tala
hei
ba
==ga
na
gatakng
i==
nti
na
g- ipad
sikiou
bubul
-em- teis
sirigadn
pegengat~engat
na
amah
na
bakng
==ga
na
pungueirt
aa
m- iaah
na
m- buah
diaadn
n- unu
asal
di
tobu
ninduh
di
lama
ng- g- iit
di.tempak
pinisigup
na
ng- g- iit
man
lahi
na
iloodn
ou
nubuh
malik
pasi
pegka
nutuk
beig
ba
i==
badih
m- iaah
na
nti
tapih
n==
si==
pandi
pelanduk
na
di
sia
di
alakng-alakng
egas
m- ahi
toyuk
ndah
ihi
katih
nge- ramut
di.libuat
na
ina
ou
pasal
bali
libudn
mistiih
na
me- rari
ng- irah
ki- ara
se- ng- gerobi
na
mulai
diaadn
bonggi
pa
ina
induh.amah
siga
na.haah.na
na
si==
m- ohodn
ihi
asu
me- langgu
in- iit
nanak
-in- k- odop
puluh-lima
seylan
bonggi
ina
gien
sei
na
nubuh
==ga
ny- umpakng
nubuh
toho
uru
==hu
supaya
beig
na
-i- matakng
m- odop
pibelik
na.haah.na
suhi
i==
kuiih
pa
bali
tuhakng~tuhakng
i==
sepuluh
==hu
si==
alih
odu
si==
lapik
siminggad
nya
bonggi
hei
i- m- -irik
m- iaah
langgu-langgu
libudn
lama
ba
sei
siga
na
na
kuit
nu
na
belaha
ki- ara
na
duah
saa
tuhah
suad
poroh
hai
oid
pa
ouu
na
siumpa
hei
buh
kirab
nti
m- ohodn
ina
undakng-undakng
n- ig- kamas
sisih
==a
se- tengah
gigiu
na
bakng
anak
i==
m- iaah
==ga
nd== ara
hiti
kuiih
odu
di
gambidn
buh
diaadn
leid
betangan
na
n- oruh
na
-in- g- olok
nu
bakng
diaadn
induh
di
pusud
di.tempak
biaa
pegodop
di
kuhut
domon
m- ohodn
n- ohot- n- -ohot
na
keng- di
-in- m- uun
lahi
i- n- oluh
m- ohodn
bali
bas
piasu
nd== ara
m- iaah
kuiih
mengin
na
sia
ringah
katih
bakng
ina
belaha
lugadn
saa
nu
mulah
adat
ngai
ig- bajuh
nubuh
belaha
ng- ge- -rampus
n- uart
lama
iskul
kirab
louk
ringah
na
na
i==
na
ouu
nd== ara
hei
na
ina
nge- -laak
na
ku- dua
-i- -m- teis
na
nd== ihi
na
nd== ara
induh
buh
ulakng
ndah
ali
pi- ngi- gilikng
na
diaadn
adat
riahadn
leidn
ndah
sia
hiti
mata
sia
pa
-i- m- ulih
nti
m- odop
peg tuhag
nubuh
gadukng
putih
na
purah-purah
na
tuurt
gulu
na
deirdn.na
se- ng- olu
keng- di
ou
di
hatih
ku- turu -adn
==ga
kuakng
batakng
na
meg- tomu
lama
ng- iou
nagah
bonggi
m- p- odop
kirab
tau
min- di
m- olok
na
api
na
ta
nd== ara
nd== ara
na.haah.na
suat
mv- pangan
na.haah.na
ng- kuah
kuaan
pengesoodn
ina
na
pudi
m- barabm
me- leid
punggah
-in- ng- ondih
gadukng
k- aap
alih
na
na
==a
suad
nti
suad
uai
==ga
tembakng
bakng
tiombuk
ou
ki- suad
poroh
na
be- guna
==ga
sumusut
nubuh
ng- irubm
si==
na
induh
ny==
mati
na
mulah
munsang
i==
ilab -adn
noo
mati
==a
diti
kasadn
ng- ohol
le- lelabad
==ga
api
ng- kuah
buh
anak
di
m- bunuh
m- pia
ninggiriak
mulah
ndah.bas
nd== ara
puruh~puruh
beig
ng- -undakng
-in- ge- lobokng
nubuh
in- ohodn
nd== ara
diti
aa
pakng.lima
pudulih
gien
na
lahi
di
leid
==hu
lehad
baar-baar
na
i==
toyuk
di
ina
nda
bitakng
na
ng- kuah
pa
nti
amah
hah
onu
singgurua
deirdn.na
begesidn
==hu
suub
ku- turu -adn
nubuh
puhul
nd== ou
meng- katih
-i- bori
hei
epaat puluh epaat
na
minyen
subai
na
keng- di
na.haah.na
bas
dei
bonggi
pudulih
ng- ompuh
m- asah
leing
ki- biag -adn
bakng
tangga
nu
na
m- olok
suhud
doot
ng- irubm
peg- liid
itala
-in- m- -oli
na
induh
suub
na
ki- bori
mengin
-in- guluu
ng- apah
==ga
ou
hei
gook
tembakng
na
saa
lolokng
pudn
na
matakng
lama
nti
uya
nubuh
ontokng
pandi
keng- di
pasal
keng- di
gimbatadn
rua
tuurdn-munuurdn
ki- biag -adn
m- -iak
leidn
leid
nggien
di
na
deirdn.na
na
ringgit
kira- kira
nu
siabm
ponuh
layut
suikng
asu
mulah
keng- di
n- -opuk
baar-baar
bali
kirab
pasal
louk
bakng
siga
barabm
ou
hei
sia
ba
i==
bali.raya
na
n- onduk
nu -an
na
languh
anak
siga
na
panas
anu
tidi
na
bali
keng- di
na
na
m- unggas
na.haah.na
anak
ina
na
na
tobodn
ayad
mbat
miliu~miliu
kerai
kinsadn
m- iaah
hei
na
na.haah.na
muluali
-in- g- uubm
si==
suad
di
timbeig
ku- tulu -adn
lehad
nd== uhu
baah
diti
se- m- belah
langit
gulu
ti
be- guna
gook
engat
suad
na
ki- biri -idn
poroh
na
na
aha
betangan
ou
na
hei
kudat
poroh
ndah
ina
bas
m- ouh
ndah
tapih
==ku
ki- ara
n- irima
pahir~pahir
baar-baar
di
==ga
ngai
tuni
bakng
rumunsur
ina
na
m- uduh -adn
peg- datakng- datakng
-i- sigat
i- n- ipuh
bitakng
m- ohodn
tolu
nubuh
di
kohoi -dn
m- uun
nd== ara
n==
na
-em- longis
se- bangsa
panas
na
lima
-em- langgu
poroh
ig- oput
nubuh
na
-in- ng- uah
na
nu -an
==hu
na
maap
nd== ara
==ga
bonggi
ke- tolu
dei
kusur
hei
dii
m- ohodn
pusud
katih
ng- koon
alih
na
baar-baar
g- iit
induh
tuhad
lama
nge- lanak
ai
diaadn
-i- m- ulih
na
mual
nge- roudn- ngeroudn
na
na
bangsa
peis
su- suad
==ga
diti
peg- liid- liid
pa
engat
bas
-i- -m- duah
ng- ipah
bali
ki- biag -adn
ringah
pelanduk
semohobm
na
ki- pisiaa -dn
m- ori
odu
ny- umpakng
ndah
nd== ara
turuh
na
==ku
penah
m- iag
totog
singgurua
nd== ara
asu
mengin
keng- di
api
hei
languh
louk
nubuh
-in- ge- saa
g- esak
na
sia
==ga
n- unu
asu
deirdn.na
poroh
sia
aa
lahi
na
ou
leidn
nelayan
tingih
saa
na
==ku
tilina
penah
uai
musa
na
ina
ketengoodn
dei
==hu
nubuh
nd== ara
turuh
remanggi
na
diti
tolu-tolu
bakng
batag
surugah
agih.lipa
ng- iskul
bali
tuadn.umur
na
na
ndah
bakng
nubuh
na.haah.na
epaat
m- olok
ng- gulu
lobi
nti
apug
pitaadn
induh
pasi
k- aap
tiregub
dia
buh
baris
na
diha
-i- m- ulih
nti
biag
goguh
diti
na
g- iit
ndah
kiou
na
kuiih
sida
be- gagi
induh
induh
turuh~puluh~lima
m- pu- kumut
na
koon
kumut
n- doot
totuk
mata
==ku
deirdn.na
tapih
pah
aludn-aludn
ina
ou
m- ouh
hei
hei
kuluak
saa
abag.api
dua
ou
na
gulu
nti
na
engat
ngai
nubuh
na
umpil
dadi
ndah
tenggabadn
se- ng- gotop
kuiih
sood
in- ondih
induh
nge- lolos
barabm
kelabit
gatakng
ei
totog
ei
uhu
lemeis
==ga
lama
doudn
tetak
di
pagar
si==
gien
asal
ina
peidn
bonggi
kirab
kerah
sei
tabakng
rua
alih
deirdn.mi
i- g- ahut
mekul
sia
==ga
bohit
pasar
siga
nti
sama
==ga
peg- liid- liid
na
diti
i==
kehaadn
dioo
ki- ara
hei
dalabm
tolu
ihi
na.haah.na
di
siga.lama.na
ou
hei
onsi
barabm
nu -an
pasal
set
keng- di
peg- door- door
asal
ndah
-i- m- ulih
depoordn
leid
meg- ki- biag -adn
sahit
ke- dongor
na
leidn
engat
==ku
mula-mula
hei
ngu- duah
deirdn.na
ngerahah
mati
ba
ina
ngasih
na
podikng
bunua
nubuh
lama
na
apuh
pusud
bonggi
n==
n- -ihar
na
kirab
ny==
me- leid
ng- genggi
si==
ndah
deirdn.na
amah
di
mual
p- imung
na
amah
ina
aha
na
di
-in- m- oroh
sia
gien
leidn
na
barabm
-in- k- odop
sampai
simbatu
gilin
-in- k- ulih
ndah
dii
m- ingad
n
nu -an
bonggi
lama
sia
obu
saa
tibadak
hei
k- ingei -n
puhul
m- -uru
perook
ng- koon
bunua
ngginggutu
==hu
k- aap
m- ohodn
leidn
ng- gubarah
uru
gulu
buat
kerai
-em- teis
pebalik
ali
poroh
m- iaah
induh.amah
barabm
mengin
ki- ara
ngai
ou
ny==
lubah
min- di
na
na
mata
==hu
n==
nu -an
==ga
-in- g- iit
-i- p- -gunan
nubuh
lempad
sia
m- iaah
tinaman
kendahadn
ou
na
barabm
ng- -atad
tobos
pelanduk
di
na
egas
pelanduk
ina
di
baar
anu
punti
na
tuadn.umur
aa
rigiodu
mistiih
kemalah
tapih
peg tohop
siga
pandi- pandi
bagakng
n- ouk
ng- asau
singgurua
rua
tinaman
na
na
-i- m- ulih
-in- ge- saa
pahih
ihi
si==
li- liid
na
k- aap
walu-mpuluh
hei
hei
ng- g- uhubm
m- panu
-in- ng- irubm
suad
kirab
ng- ipah
di.libuat
i- k- erdah
mulak
dua-belas
intakng
-em- teis
sahit
nd== ara
kirab
louk-louk
na
tuadn.umur
ki- ara
mbat
tuni
mulah
nggien
-i- mati
amah
nibalu
baar-baar
soid
baah
mual
sumurdukng
-i- m- ulih
na
m- aja
di.libuat
rua
dihi
oduh
si==
peng- asah
kirab
mual
ndah
pah
gulu
alih
apuh.oduh
-i- m- ulih
na
ombok
nubuh
m- udukng
ntotuk
-i- matakng
lahi
na
buh
pasi
-i- matakng
suad
beig
ku- tulu -adn
-i- -m- duah
k- esa
ngai
peranak
ihi
kuiih
anak
onom
na
ng- g- imung
m- pia
diaadn
-in- m- iaah
-i- matakng
pandi
na
m- ori
ndah.pa
n- inggulub
sarah-sarah
nubuh
poroh
minyen
buid
lama
nti
-in- k- odop
deirdn.na
onu
m- iaah
m- ohodn
muntubut
kei
nubuh
m- -onsuh
asal
nubuh
kuiih
na.haah.na
biikng
ou
na
meg- tomu
tapih
ina
siga.lama.na
dii
na
obu
ngu- duah
i==
lugang
sei
nd== aha
lama
-i- km aal
ou
-in- giaabm
si==
gulu
pasi
nubuh
m- udukng
hei
ukuman
nubuh
ke- -door
bakng
mi- gia
kaah.na
bali
-in- bori
na
engat
na
ke- tomu
si==
batakng
-in- ng- -utuh
hei
penah
timerianak
ki- ara
ina
kabur
anak
di
kiou
na
lahi
ki- ara
lahi
suruh
nubuh
medoot
ina
==ku
suad
nd== ou
na
mati
haah.na
dioo
si==
n- ipuh
na
di
di
ina
dii
-i- -m- selehei
tuni
dei
m- buat
na
kurakng
beig
teih
n- damat
na
ndah
domon
piliu
sungulud~sungulud
mulah
ny==
paa
nu -an
di
==a
nubuh
sompuh
jadi
oid
batakng
ndah
-i- -m- duah
nu -an
ki- ara
aa
pusuru
aa
kabur
deirdn.na
nubuh
berahat
nti
tiadn
na
epaat puluh epaat
n- -oog
anu
rabas
engat
na
siga
inoo
na
di
na
buh-buh
na
hei
induh
ou
mengin
nu
anak
di
toyuk
==ga
ng- ke- lou- lou
bakng
ina
na
onu
tinggabadn
pa
-i- taruh
oid
n==
g- ilakng
ina
siga.lama.na
asu
-i- m- uhad
amah
hei
ig- biaah
==hu
badih
mulah
tinun
na
-i- -m- teis
lama
m- ohodn
ou
-i- mati
pusud
gandubm
puan-puan
koon
ti
pegkusiak
rahad
na
na
bakng
su- suad
saa
bas
totog
kita
dia
kiti
di
kuiih
urakng
==hu
-i- m- ulih
na
-in- g- ait
aha
biidn
gah
baar-baar
==ga
nubuh
si==
-in- g- iit
==ku
n- im- bili -adn
ng- uru
na
deirdn.na
lobokng
simbukng
ng- g- api
pasi
na
buh
==ga
ng- ibal
pianggil
pandi
ndah
naa
bali
tobos
mengin
dihi
man
-i- m- pit
ndah.pa
na
asu
n- -anam
ndah
diha
na
kirab
lahi
biag
onu-onu.ga
ng- irah
deirdn.mi
ti
dia
na
gien
pa
epaat puluh epaat
leidn
na
m- iaah
katih
sabudn
nubuh
ndah
dei
asal
na
iit -on
diaadn
ig- tungan
sia
pudn
ny==
bansuk
pungguah
tupi
meg- rumun
n==
suub
ki- bori
odu-odu
nd== ara
-in- n- ahu
ki- ara
pah
na
ngimomos
bunua
-in- ge- saa
hei
di
ku- tulu -adn
ba
maap
kimuat
-in- ke- tomu
hai
sigia
ou
na
buid
na
sia
sida
na.haah.na
ndah
suad
suruh
kem- odobm
ina
nubuh
ina
hei
siadn
dimikiadn
n- dadi
na
sei
aa
ou
lama
mansabm
-in- m- osi
nubuh
ina
ouu
mual
mata
na
kadai
tigungguh
n- unggit
ke- santuk
di
lama
-in- pu- duh
peg- punga
ng- irah
saa
engat
seronsobm
na
dii
nya
sia
nya
nubuh
boboh
sarah-sarah
na
sinah
puhul
in- iit
m- ouh
tetoog
poroh
ombok
na.haah.na
m- barabm
man
singgurua
tilinga
ngai
m- uhad
ndah
ngi -en
penggorokng
n- doot
ke- santuk
iniaan
birniadn
pungguah
bakng
se- tengah
sobuk
siga
sabur
ada
aha
piogodn
m- abat
na
petah
lempad
timbagadn
na
na.haah.na
kai
na
eyrat
kadai
na
ngkadn
sia
na
na
ou
poroh
na
lama
hei
tapih
deirdn.na
na
nubuh
nubuh
pisinah
turus
ny==
pitiaadn
sedah
ihi
hatih
ng- ulu
hei
ndah
mbat
nya
-in- m- erosi
ihi
engat
kuaan
peg- luas
ba
deirdn.na
barabm
nti
-i- matakng
ina
m- ien
tidi
mekul
i==
mekul
ng- g- iit
me- leid
k- aap
dii
na.haah.na
api
di
n- unu
nentaadn.na
ut -adn
na
di
ina
ng- -indihut
na
bantikng
tuah
si==
na
na
-in- n- ulus
ng- uma
k- esa
talabm
nd== ara
mulah
aa
ou
n- ugah
m- olok
-in- n- irib
uhu
ng- g- uhubm
m- udukng
na.haah.na
-i- m- ulih
-in- ki- lobokng
ng- -inam
hei
m- m- ohodn
==ga
amah
api
na
iudn
tina
na
na
nu -an
anak
engat
dei
ina
mekul
nubuh
tembakng
pitangan
m- -angkit
nganggabm
-in- m- ilih
ndah
ndah
tembakng
satu
na.haah.na
tilug
-in- sipak
ng- ata
se- ng- gotop
bakng
na
m- inggat
di
i==
jadi
na
tinggalukng
anak
bali
gulu
na
bonggi
binatang
asu
ou
hei
k- aap
guakng
sahit
di
na
me- tomu
bilah
si==
ng- undas
g- imun imun
peg- sirib- sirib
na
na
pahir
si==
di
na
na
nd== ara
si==
nentaadn.na
deirdn.mi
leid
malik
na
libudn
na.haah.na
ndah
kunuh
ou
nggien
n- -ehat
ba
peidn
sodokng
simpurah
minungan
nu -an
tigungguh
sarip
mbat
n- apak
bali
di.soig
-in- -m- dolok
bobu
nelayan
languh
-in- m- oroh
bakng
diaadn
domon
siidn
-um- suak
na
na
-in- panu
keng- di
ng- indahad
buaidn
nti
na
==ga
jadi
m- ohodn
lama
me- lou
simbatu
suad.tuah-mulah
kehap -adn
m- -upuk
na
raah
tampa
nti
su- suad
n==
diaadn
nd== ou
tidi
k- esa
dua
ki- ara
rubian
ng- gubarah
anu
layut
musa
nd== ara
tayou~medayou
ouu
na
mengin
induh
bunua
ki- liid
diaadn
sia
nge- -reikng
pudulih
==ga
kei
-in- ng- inum
malik
i==
saa
-in- m- iaah
gu
in- -atad
i- k- aap
tapih
dei
ina
m- ouh
keng- di
bali
siga
na
na
nya
n- -opuk
m- onsobm
si==
iding
nd== ara
na
diaadn
ou
si==
kibirukng
ina
nelayan
m- iaah
ambal
na
buhul
linsag
lima
na
ki- ara
==ga
na
na
na
singgurua
in- aap
m- ohodn
ba
irah
nubuh
==ku
dii
teih
m- bunuh
separu-separu
na
in- aap
induh
ng- imun
kuhut
tingaman
ng- kerai
-i- totok
si- sigat
bali
sida
na
i==
-in- m- ilih
aha
na
di
tulakng
rua
ulu
-i- -m- selehei
k- aap
n- -imbali
ndah
m- erook
poroh
ina
me- dadi
tentakng
onu
-i- m- ulih
ng- ata
urabm
medoot
ndah
i==
kuhut
tinggalukng
mual
asal
ndah
ditah
-in- gin- ohodn
mulah
ndah
se- ng- olu
atau.pudn
-im- -lidik
nedah
puudn
di
-i- matakng
kupih
lama
louk
na
toudn
-in- biri -adn
na
libudn
gangan
suruh
==ga
bonggi
ke- tomu
iniaan
buh
buh
betaan
n- ugah
ndah
inagah
me- tomu
gien
languh
nge- gadah
na
kandak
na
siga
gulu
kerai
==ga
asal
kimpusadn
ny==
belaha
jadi
na
i==
si==
i- k- aap
na
malik
se- ng- olu
kirab
si== elih
arus
buh
-in- ng- ali
terlepas
na
ng- g- iit
diaadn
aal
-in- m- osi
sesandar~sandar
batakng
-in- ng- uah
ng- g- onsi
ndah
nu
ihi
ng- indahad
n==
i==
sinya
lama
ina
nd== ara
di
untuk
kirab
adat
nu -an
-i- m- ohodn
na
na
ou
matakng
kasu
nubuh
kudat
-in- ng- ai
i==
di.libuat
-i- mati
nubuh
siga
kudat
kahal
na
kk
ina
simbatu
ponuh
na
huiih
diti
ina
tupuyu~tupuyu
na
pudn
pupug
-in- suruh
na
in- aap
si==
man.rati
suub
tiaah
ke- tangis
nti
na
ba
baru
pudn
bali
suruar
katih
lama
na
di
aha
n- -uurdn
jaruk
na
buh
bas
na
m- uun
-i- matakng
-in- pe- gemo -on
k- aap
sia
ng- iup
jadi
k- ompot
nelayan
na.haah.na
nti
na
aa
silah
bonggi
leid-mengeleid
na
nd== ara
me- dengo -ordn
domon
orob
siidn
na
==a
na
be- bobod
saa
na
-i- -m- duah
bengkali
nti
tembah
putih
ke- tomu
na
na
na
-m- bajuh
taik
si==
-i- ranti
na
ki- ara
na
diaadn
nubuh
tembahuh
na
onu
na
bulei
dii
siga
pusud
pasi
poroh
me- dadi
==ga
bakng
ndah
na
libotukng
upadn
buid
g- iuh
subai
m- olok
rua
m- iaah
leidn
tertuh
ngaardn
ng- g- iit
aa
sedah
ndah
puluh-dua
m- olok
ndah
noo
bali
g- iuh
onu
peg- liid- liid
==ga
hei
ndah
loud
muin
na
pa
api
-um- suak
na
kirab
n- -anam
egas
==ku
na
nya
amah
==ku
kusang
ombok
-im- -lidik
bunua
-in- g- api
ndah
pihir
pa
ou
induh
nya
onsobm
mengin
piih
bunua
mi- gia
gulu
pinsil
simundi
ba
ou
odu
puhul.sebelas
u
tanah
na
medoot
dunyah
dioo
bori
na
na
na
di
mi- gia
oduh
ou
ai
na
lungati
di
m- -upuk
n- ursub
ng- -atad
hei
na
na.haah.na
hei
onu
hei
hei
ng- kuah
ibal
na
pati-pati
betah
ou
m- -onsuh
sayakng
itala
m- iaah
uhubm
inubuh
singapura
n- ugah
amah
lama
-in- g- ohodn
lahi
maap
tertuh
na
na
hai
ndah
-in- -bintut
ng- gulu
alih
apuh
sedah
-i- m- ulih
asal
keng- di
ki- ara
ng- -intubakng
tinaman
deirdn.na
lama
hei
n- ig- turus
pirinta
pitik
hei
-in- g- uhah
m- angkah
louk
na
maap
lama
aa
kirab
bi- -dagakng
na
si==
bigut
lama
-i- matakng
suad
pelanduk
anak
m- ogot
keladih
ou
siaid
ndah
tininggat
bonggi
m- iaah
i==
na
na
engat
togih
peg- punga
na
kusang
na
na
prisila
saa
==ga
ki- ara
tobu
bonggi
m- pu- duah
bali.raya
lama
meleid-meleid
m- putih
n- uba
ku- turu -adn
tidi
-in- suruh
lama
ina
leidn
pu- ng- uah
n- dolok
umai
tapih
bakng
ei
suad
-in- ganad
ndah
-in- g- anak
n- -iun
ali
solup
hei
ihi
saa
mata
in- ibis -adn
nu -an
-i- matakng
peg- punga
peg- esah -adn
si==
na
na
sia
kuiih
na
ihi
ou
mbat
m- olok
ayad
nubuh
kiti
na
sulikng
n- ouk
anak
tangga
minyen
==ga
siga
na
tobos
na
i==
lama
ke- -peraguh
saa
baar-baar
na
n- ajah
i==
induh
pitik
==ku
tempak
==ga
na
nd== ou
nti
pitiaadn
peg- liid- liid
na
jadi
bonggi
na
na
==ku
peg- angi
==ga
adi
na
ng- -inam
m- indukng- indukng
gubarah
na
si==
peg- door- door
simpurnah
engat
ou
puluh-siabm
baar-baar
diaadn
diaadn
ng- koon
guai
supakng
tardak
pasi
ndah
-in- m- -oli
na
ngogort
nubuh
tina
burang
na
betaan
pegudukng
berhei
nyu
hina
na
mu- sulukng
ouu
na.haah.na
min- di
ba
gu- suruh
gah
diti
si==
pioukng
turuh
di
na
keng- di
saa
undaah- undaah
sinaan
aha
buh
na
-in- ngu- -luat
me- dadi
nd== ou
mina
ng- irubm
na
na
si==
dioo
loud
m- buat
in- abis
ng- g- api
dua
m- ohodn
na
in- ohodn
ki- lima -an
m- ulih
nentaadn.na
nti
satu
-in- k- odop
na
hei
dagat
peranak
beig
siga.lama.na
-in- m- iaah
na.haah.na
berhei
nd== ara
misilipuh
meg- tahu
induh
kasadn
buh
ndah
nge- -reikng
n- irabm
intakng
n==
walau.pudn
na.haah.na
ari.buaidn
ou
ndah
urang.tuah
pasi
mata
pegna
-in- nge- rapat
anak
uai
na.haah.na
iggolok
m- peit
na.haah.na
amah
m- iaah
lompukng
lama
na
ny==
kum- urakng
lima
se- m- belah
na
romu
asu
ki- ara
ndah
deirdn.na
-in- biaan
bas
nu -an
na
bonggi
nya
na
semensakng
odu.nti
diaadn
ubudn
lama
ng- uru
keng- di
na
bali
induh.amah
bilug
pipilih
ihi
nubuh
buat
nd== ara
baar
beidn
saa
ndah
nubuh
ng- uru
pegemoon
asu
k- odop
-in- piit
m- etak
hei
deirdn.mi
pudn
ou
hei
leid-mengeleid
n- -opuk
==hu
sei
na
nubuh
-in- n- unu
ng- k- inak
na
sinah
mual
sidiah
garat
g- imung
asal
ng- uru
m- ulih
ki- ara
nggien
ndah
siga.lama.na
n- oluh
belas -adn
ng- ahap
kuiih
daidn
na
nd== ou
leidn
ringah
na
dioo
na
n- toudn
bu- buat
ng- gouk
siadn
di
na
m- m- -onsuh
lahi
libudn
na
di
na.haah.na
lubah
jadi
nubuh
ringah
ou
siga.lama.na
hei
mengin
n- ohot- n- -ohot
di
-in- buat
hei
nubuh
pinsagih
ombok
pag datakng
meng- arap
tapih
ki- ara
sapu
na
-in- m- iaah
dei
soid
jimbatadn
suart
pusud
n- -iun
gulu
m- angkah
m- iaah
na
ouu
toyuk
jadi
louk
na
hei
tardak
na
gulu
pi- gi- taruh
oid
ny==
m- inggat
lama
sabah
banggi
n- dusa -adn
-in- biaan
n==
mekul
nu
sikng
-in- n- ulus
nubuh
meng- arap
ng- ge- saa
asu
na
bangsa
nunuk
uhubm
hei
mu- tukng
ng- kuah
gah
siga
si==
-in- -ginas
leidn
punsut
di
==ga
louk
ndah
ina
maap
tuah
i==
m- buat
dia
-in- panu
medoot
lama
ina
hatih
imbuat
beg ina
sedah
ng- g- ibal- ibal
ina
gandubm
na
surunggarakng
bubul
sikiou
na
sikiou
sigibal
n- ig- tambul
di
ba
kondog
di
ai
pimihaadn
nti
mulah
ny==
punti
deirdn.mi
n==
ng- obuh
m- olok
m- batu
adat
peg- liid- liid
na
m- olok
==ga
m- buaidn
kei
ndah
kupih
tidi
ki- ara
ou
na
nubuh
siadn
urang.tuah
bakng
soid
kusur
na.haah.na
siidn
puduikng
nge- -leis
beig
ki- liid
==ga
sia
punti
na
bali
m- udulih
n- doot
nu
di
tapih
kuhut
g- iuh
min- di
n- jaabm
nd== ou
leid
toud
na
m- ahi
jadi
-in- kerai
induh
na
ou
telak
si==
na
na
iloodn
lama
jadi
pandi
silabm
tinuan
onu
domon
sipah
di
induh
api
paat
nd== ara
maap
katih
ngu- duaa
gaya
nubuh
nti
ndah
nyu
ina
gulu
nu -an
ng- upadn
bandil
kimuat
-m- sili
na
m- panu
-in- kuah
opod
korok
ki- -titil
ruub
taik
bakng
ng- ge- saa
m- buat
i==
nd== ara
dihi
gandubm
-in- gin- ohodn
ba
m- odobm
ke- -tampidn
koo
na
na
ntinduadn
atau.pudn
m- udah
diaadn
na
nggien
-in- ng- ai
aal
engat
==a
jadi
na
ng- onong
lahi
engat
di
ba
==ga
undakng
sia
na
dioo
di
mistiih
na
ihi
ng- -ansah
barabm
matakng
nu
di
==ga
ndah
saa
puluh-dua
na
delapak
duadn
sompuh
domon
lehad
na
buaidn.satu
kibilu
na
simbiaakng
keng- di
nubuh
dioo
buah
na
tembakng
ba
pungudukng
singgurua
ou
rumbur
kuiih
ou
ei
pandi
buh
-um- luas
nubuh
induh
na
jadi
peg- door- door
barabm
n==
simbatu
m- elah
mual
ndah
ouu
ernah
obu
lama
kudat
g- iuh
na
umur
terapus~terapus
suruh
ndah
ndah
nubuh
asal
dii
nd== ihi
petah
m- ouh
susa
suruh
hei
baar-baar
kimuat
na
n- tutukng
engat
ou
mati
m- ohodn
ndah
-i- matakng
saa
-em- longi
m- ulih
nubuh
ng- ahudn
g- iuh
na
induh
hei
==ga
ou
mual
siga.lama.na
ki- ara
uhu
m- ouh
bakng
==ku
onu-onu.ga
epaat
hei
==ga
ringah
pitik
linggid
na
tiaah
ou
-in- kiid
di
dolok
jadi
bakng
si==
mentamang
tapih
ndah
ouu
ngamah
mengin
saa
diha
apuh
na
m- biag
supakng
na
ng- g- api
ndah
na
mulah
ku- tulu -adn
di
anak
ouu
di
ndah
bonggi
na
min- di
na
ki- ara
mati
-im- -lidik
na
si==
tolu-tolu
medoot
iit -on
na
hah
na
tardak
lama
==ga
==ga
dioo
tulakng
dua
tapih
ki- ara
uhum -an
na
ng- kuah
lama
i==
baluh
ina
in- abis
api
tereib
ke- rasa
hatih
ngai
diaa
suad
timunung
nu
na
na.haah.na
deirdn.na
nti
legakng
di
ringah
punsut
malik
lempad
k- iid
lima
esi-esi.ga
ngi- gipit
tidi
sia
aa
leidn
di
saa
melik
ng- g- esak
induh
==ku
-in- m- iaah
longon
amah
ouu
lemani
tingih
rigiodu
gulu
ihi
-in- nge- saa
kimuat -adn
nu
siga
na
ndah
matakng
intakng
na
ku- tulu -adn
siga.lama.na
pusud
inoo
ndah
na
lama
orob
ng- k- ompot
deirdn.na
kei
kusang
birta
simbatu
dioo
na
==ku
beg- -tonduh
guakng
domon
nubuh
-i- m- ulih
kerah
ki- ara
padih
si==
ina
ng- g- ahut
guai
pah
-i- sugah
tidi
induh
pa
na
bali
na
na
-em- lalu
sikiou
na
ndah
pusud
-in- panu
na
adat
lama
kudat
-i- m- ulih
meraah
==ga
ubi
simpurah
surugah
na
n==
tanah
m- ulih
turus
kuiih
di
buh
duaa
pu- ng- uah
ng- irah
gaya
leidn
di
amah
peg- liid- liid
na
di
nubuh
uru
ou
ihi
anak
ina
anak
korok
siga
na
peg- sirib- sirib
n- dedi
na
oduh
diaadn
di
bakng
serapakng
ng- ge- saa
na
lama
toyuk
suhup
bunua
na
pegah
na
tingih
na
gah
ipus