si#relpro layakh#sail
kekhine#all
amek#mother
si#relpro layakh#sail
mae#birth.mother ==ne#=3SG
anak#child
si#relpro
te#and
edi#that,.those
me-#TO.DO.... balik#reverse.side
belantakhe#wilderness
kakho#Karo
miskin#poor
tukhang#uncle ==ne#=3SG
ngeng#to.hold -ken#IMPERATIVE
pudi#behind
ni-#PAS.TR undang#to.invite ==ne#=3SG
[c^1][v^1]-#REPEATED.ACTION minum#drink,.to
amek#mother
edi#that,.those
lebe#portion
cut#little.(small) ==ne#=3SG
negekhi#nation,.country
men-#ACTIVE.VOICE ikmat#enjoy -i#DURATIVE?
tanoh#land
madhe#negativizer
pe-#THE.WAY.OF... ng-#ACTIVE.VOICE atou#to.look -ken#THE.WAY.OF...
me-#TO.APPLY.....TO.THE.OBJECT bual#nonsense -i#TO.APPLY.....TO.THE.OBJECT
kekade#thing,.item
adalah#is
geluh#life ==ne#=3SG
pemain.sukhi#QUEEN
aku#1sg
ge#just
telokh#egg
te#and
khaje#king
me#to,..toward.(a.place)
anak.khu#GIRL
iye#3sg -me#EMPHASIS
pe#however
tahun#year
malet#neg
anak#child ==ne#=3SG
bende#to.here
tule#again
nemu#to.be.able.to
kau#2sg
langsung#direct,.non.stop
si#relpro
pecaye#BELIEVE,.TO
atas#because.of
ngkekhan#Engkeran
nange#again
khaje#king
ni-#PASS.INTR senat#to.circumcise -ken#PASS.INTR ==ne#=3SG
uwis#cloth
si#relpro
pe#also
bulang#hat
makmukh#prosperous
ke-#CHARACTERSTIC.OF yaman#comfortable -en#CHARACTERSTIC.OF
tule#again
aku#1sg
khut#with
pekhistiwe#event
gukhu#teacher
si#relpro layakh#sail
lahekh#born ==ne#=THE
nujum#fortune.teller
bakhu#just
dukun#shaman
ni#in,.at.(space)
malet#neg
me-#TO.DO.... daun#drug,.medicine
belin#large
suami#husband
malet#neg
n-#ACTIVE.VOICE ading#live.(stay.in.a.place) -ken#CAUSATIVE ==ne#=3SG
jagung#corn
madhe#negativizer
tule#again
sang#class.person
wayang#very
sahung#roof
te#and
khumah#home
ni.hande#HERE
mampu#to.be.capable.of
me#to,..toward.(a.place)
hubungen#relationship ==e#=THE
edi#that,.those
khaje#king
miskin#poor
soh#to.arrive
sulit#complicated
ni-#PAS.TR susun#to.arrange ==lah#=FRONTED.ELEMENT
pey-#SOMETHING.ASSOCIATED.WITH... akit#sick
wakhi#day demi#untuk wakhi#day
nujum#fortune.teller
khut#with
si#relpro
baso#yellow
me-#TO.HAVE.... [...]--#RDP tahun#year
se-#ONE akibat#result
memperjuang.ken#TO.STRUGGLE
engket#enter,.to -i#REPEATEDLY
ke-#NOMINALIZER hebat#great,.formidable -en#RECIPRICAL
sebuah#one
mpus#garden
khase#feel,.to
edi#that,.those
iye#3sg
kae#WHAT
ende#this
akhi#from
men-...-ken#CAUSATIVE ekhe#to.give -ken#CAUSATIVE
pas#exactly
handhe#here
mbue#many
belang.kejekhen#BLANGKEJEREN
nujum#fortune.teller
deleng#jungle
laut#sea
nak#child
tading#live.(stay.in.a.place)
kemudian#then
pengulu.mude#PENGULU.MUDE
begedi#like.that
khut#with
ni#in,.at.(space)
kawin#to.marry
gukhu#teacher
iye#3sg
pe-#HAVING.TO.DO.WITH... ngekhawang#to.weave -en#HAVING.TO.DO.WITH...
jumpe#find,.to
sistem#system
dikhi#self ==ne#=3SG
suku#tribe
ni-#PAS.TR tengo#to.call
aku#1sg
ny-#TO.GO.TO.... abu#methamphetamine
ntekhen#many.people
kane#even.(also)
nemu#to.be.able.to
de#if
khaje#king
laus#go
betabe#disaster
se-#ONE cakhe#way,.method
[...]--#REDUPLICATION idam#longing -ken#TO.CAUSE.TO.BE.A...
bagi#for
sikel#will
me#to,..toward.(a.place)
se-#ONE kalak#3mp
de#if
malet#neg
me#to,..toward.(a.place)
sang#class.person
mulai#begin,.to
me-#TO.HAVE.... pangkat#rank,.station.in.life
sang#class.person
akhikh#the.end ==ne#=THE
pakhe#group
men-#TO.GO.TO.... kandung#uterus
negekhi#nation,.country
ni-#PASS.INTR tekham#to.kick tunjang#to.lunge -ken#CAUSATIVE
ni#in,.at.(space)
mem-#ACTIVE.VOICE mengket#enter,.to -i#DURATIVE?
malet#neg
ngkhan#Engkeran
khoh#come,.to
tonge#still
dalan#road
namun#but
khoh#come,.to
malot#neg
si#relpro
ulang#do.not!
tuan#master ==ku#=1SG
begedi#like.that
te#and
enggi#younger.brother.or.sister ==mu#=2ND.PERSON
khencane#plan
akhi#from
balik#return.home,.to
atas#because.of
bali#same
mey-#ACTIVE.VOICE ebakh#to.spread ==ne#=3SG
kawin#to.marry
iye#3sg
tangung.jawab#RESPONSIBILITY
malet#neg
tekhyate#apparently
kanda#older.sibling
wakhi#day
si#relpro
mampu#to.have
khe#to.give -ken#TRULY
amin#only lah#intensifier
senang#like,.be.pleased.by ==lah#=FRONTED.ELEMENT
tahun#year
si#relpro
pakhe#group
kane#even.(also)
me#to,..toward.(a.place)
ni#in,.at.(space)
belin#large
malet#neg
te#and
bungki#boat
te#and
doe#prayer
dhahi#to.pick.up.(something) -me#POLITE.IMPERATIVE
kao#you.(hon)
kalaki#3mp
keluakhge#family
daerah#area
edi#that,.those
amin#only
anak#child
men-#CAUSATIVE jadi#to.become -ken#CAUSATIVE ==ne#=3SG
de#if
khumah#home
tekhsebut#previously.mentioned
bekhu.dinam#BRU.DINAM
bhual#lie,.tell.a.falsehood -i#REPEATEDLY ==ne#=3SG
selame#the.time.of
oleh#by
mame#uncle ==ne#=3SG
dape#where
senat#to.circumcise -i#REPEATEDLY
de#if
siap#prepared,.ready
ngekhan#Engkeran
mey-#ACTIVE.VOICE usul#to.organize ==lah#=FRONTED.ELEMENT
me-#TO.DO.... umukh#age
bongi#night
me#to,..toward.(a.place)
bali#same
keluakhge#family ==ne#=THE
meng-#ACTIVE.VOICE inget#remember,.to
se-#ONE jumlah#amount
gegakhe#the.reason.something.happens
khaje#king
peng-#PERSON.WHO.HAS.... embale#shepherd
engo#done.(finished)
si#relpro layakh#sail
ni-#PAS.TR lindung#to.shelter -i#DURATIVE?
madhe#negativizer
acakhe#program,.schedule
hambu#servant
bungki#boat
[...]--#RDP ninik#grandmother
dikhi#self ==mu#=2ND.PERSON
si#relpro
me-#TO.HAVE.... baju#shirt
keluakhge#family
pe-#THE.WAY.OF... takhik#to.pull -ken#THE.WAY.OF... ==ne#=THE
pemamanen#uncle's.family
mem-#CAUSATIVE ake#wear,.to
[...]--#REDUPLICATION sitok#little.(not.inch) ==ne#=3SG
men-#CAUSATIVE ekhus#to.continue -ken#CAUSATIVE
tanoh#land
ge#just
pulih#to.get.better.(health)
mem-#ACTIVE.VOICE asti#sure -ken#CAUSATIVE
ke-#NOMINALIZER sokhokh#to.be.famous -en#NOMINALIZER
susah#difficult
endhe#it
alas#alas
lebe#portion
ni-#PAS.TR babe#to.carry m-#ACTIVE.VOICE balik#return.(go.back)
khaje#king
mude#young
bayi#baby
men-#ACTIVE.VOICE jadi#to.become
tuan#master
se-#ONE kalak#person
se-#RECIPRICAL putekh#turn,.make.a.turn -en#RECIPRICAL
khut#with
anak.laki#BOY
ke-#NOMINALIZER lugu#innocent -en#NOMINALIZER
khu#with
me-#CAUSATIVE soh#to.arrive -ken#CAUSATIVE
malot#neg
mame#uncle
iye#3sg
wakhi#day
kase#even.(also)
men-#ACTIVE.VOICE jage#guard,.to
mang#indeed
kabakh#news
te-#PASS.TR dhahi#to.pick.up.(someone) -ken#PASS.TR ==ne#=3SG
ni-#TRAN.PAS milik#possession -i#TRAN.PAS
nggo#done.(finished)
te#and
ni#in,.at.(space)
me-#TO.APPLY.....TO.THE.OBJECT milik#possession -i#TO.APPLY.....TO.THE.OBJECT
sang#class.person
pemain.sukhi#QUEEN ==ne#=THE
akhi#from
buah#one
edi#that,.those
edi#that,.those
de#if
semange#starting.when
te#and
soh#to.arrive ==lah#=FRONTED.ELEMENT
men-#CAUSATIVE angkat#pick.up -ken#CAUSATIVE
edi#that,.those
malot#neg
khaje#king
sentue#oldest.(child)
si#relpro
bone#yesterday
kembikhi#candlenut
lebe#first
si#relpro
licik#cunning
si#relpro
balik#return.home,.to
mejile#good
ni#in,.at.(space)
wakhi#day
waktu#time
hakhus#must
gukhah#Gurah
si#relpro
ni-#PASSIVE kate#word -ken#PASSIVE
sikel#will
anak#child
mem-#CAUSATIVE ekhe#to.give -ken#CAUSATIVE
si#relpro
si#relpro
izin#permit,.license -ken#IMPERATIVE
men-#ACTIVE.VOICE jadi#to.become
kau#2sg
kabakh#news
sengaje#to.be.intended
edi#that,.those
ni-#PAS.TR cindekh#stand.up,.to -ken#PASS.INTR
khut#with
ketang#rotan
se-#ONE kalak#3mp
pakek#to.use
akhi#from
si#relpro
bayak#rich
dhahi#to.pick.up.(something) -ken#IMPERATIVE
khaje#king
te#and
anak#child
mem-#ACTIVE.VOICE ekhe#to.give
hal#thing
edi#that,.those
jahan.jakh#SLOWLY
singkil#Singkil
pakse#force,.to
tule#again
si#relpro
sang#class.person
pengulu.mude#PENGULU.MUDE
sang#class.person
si#relpro layakh#sail
mame#uncle
se-#ONE kalak#person
si#relpro
te#and
te#and
gekhangen#supposedly
aku#1sg
te#and
nggeluh#life
de#if
ni-#PAS.TR bunuh#kill ==ne#=3SG
bhe#to,..toward.(a.place)
n-#TO.GO.TO.... judi#gambling
kanda#older.sibling
kane#even.(also)
anak#child
malet#neg
mampu#to.be.capable.of
bekhangkat#depart,.to ==lah#=FRONTED.ELEMENT
[...]--#PLURAL anak#child
khut#with ==ne#=3SG
akhi#from
kao#you.(hon)
khumah#home
oleh#by
lancang#presumptious
tapi#but
sikel#will
keji#vile
mame#uncle ==ku#=1SG
bekhu.dinam#BRU.DINAM
tutung#burn,.burnt
mem-#ACTIVE.VOICE ido#request.to.(informally)
khut#with
ngkhan#Engkeran
mase#time ==ne#=THE
pido#request.to.(informally) nemu#to.be.able.to
si#relpro
pe#however
kalaki#3mp
khumah#home
imbalan#reward
si#relpro
pengulu.mude#PENGULU.MUDE
malet#neg
tekh-#ABILITATIVE pukul#to.hit
si#relpro
ni-#PASSIVE kisah#story -ken#PASSIVE
suatu#a
edi#that,.those
kelak#what.will.come
ame#mother
si#relpro
akhi#from
si#relpro layakh#sail
lebe#first
nemu#to.be.able.to
tekhus#to.continue
kalake#they,.them
dekah#old.(of.things)
tekhus#to.continue
hebat#great,.formidable
laus#to.leave ==lah#=FRONTED.ELEMENT
khut#with
kabakh#news
pemain.sukhi#QUEEN ==ne#=THE
kake#sister
aku#1sg
ni#in,.at.(space)
me-#TO.BE.... sedih#sad ==ne#=3SG
balik#reverse.side ==ne#=THE
kase#even.(also)
si#relpro layakh#sail
me-#TO.DO.... ge#listen,.to
te#and
khut#with
si#relpro
manusie#HUMAN
positif#positive
ni-#PAS.TR bunuh#kill
alas#alas
khang.tue#PARENTS ==ne#=THE
luluh#to.soften
meng-#ACTIVE.VOICE ato#watch,.look,.see
anak#child
jumpai#to.find
khate#evenly
pengulu.mude#PENGULU.MUDE
jahat#evil ==ne#=3SG
si#relpro
iye#3sg
kane#even.(also)
si#relpro
edi#that,.those
si#relpro
tonge#still
telat#late
lain#other ==ne#=THE
geluh#to.live.(be.alive)
pe#also
de#if
ni#in,.at.(space)
meng-#TO.APPLY.....TO.THE.OBJECT akhekh#the.end -i#TO.APPLY.....TO.THE.OBJECT
soh#until
ende#this
adalah#is
bibit#seedling
bakhu#just
khang.tue#PARENTS ==ne#=THE
anak.laki#BOY
ogek#not
alas#alas
kobo#water.buffalo
kalihen#very
ate#heart
enggo#done.(finished)
si#relpro
penduduk#citizen
tekhus#to.continue
ni-#PASS.INTR kakhene#because -ken#PASS.INTR
gukhu#teacher
tekhsebut#previously.mentioned
uwis#cloth
ng-#ACTIVE.VOICE gakhem#to.search.for
dapet#get,.receive -i#REPEATEDLY
oleh#by
mele#embarrassed
bagi#for
abhang#brother,.older
oleh#by
malet#neg
sahung#roof
khoh#come,.to
tule#again
khut#with
mem-#ACTIVE.VOICE atuh#obey,.to -i#DURATIVE?
khut#with
cut#little.(small)
bulan#moon
ame#mother
jumpe#meet,.to
kisah#story
bekhu.dinam#BRU.DINAM
bante#to.have
keluakhge#family
layakh#sail
saat#time
nange#again
nakan#rice.(cooked)
sekolah#school -ken#TO.CAUSE.TO.BE.A...
suntuk#throughout
ahli#expert
si#relpro layakh#sail
desa#village
dikhi#self
te#if
khut#with
kae#WHAT
aku#1sg
aman#safe,.secure
ni#in,.at.(space)
wahai#O
tubuh#body
ni-#PAS.TR dapet#get,.receive
hakhus#must
nde#this
malet#neg
khut#participate
kao#you.(hon)
nde#this
nangkih#go.up,.climb
kendin#you.(all)
penghulu.mude#PENGULU.MUDE
edi#that,.those
mame#uncle
keluakhge#family
bahan#to.produce -en#OBJECT.OF.VERB
sedang#in.the.process.of
hal#thing
main#to.play
amek#mother
si#relpro layakh#sail
me-#TO.HAVE.... jabu#family
pe-#HAVING.TO.DO.WITH... dalan#road -en#HAVING.TO.DO.WITH...
madhe#negativizer
malot#neg
me#to,..toward.(a.place) khumah#home
pekhintah#order.(command)
namin#only
kekhi#finish.off,.to ==ne#=3SG
khut#with
dukun#shaman
si#relpro
khumah#home
te-#CAN tukokh#buy -i#CAN
hal#thing
idah#to.be.visible
amin#only lah#emphasis
wakhi#day ==ne#=THE
te#if
iketen#tie
suatu#a
andinda#younger.sibling
oleh#by
alangkah#how
khut#with
ahli#expert
kane#so.that
si#relpro
edi#that,.those
tek-#ABILITATIVE geletak#to.stretch.out
pak#sir
khaje#king
sikel#will
ni#in,.at.(space)
kane#even.(also)
ni#in,.at.(space) hadep#in.front.of
negkhi#nation,.country
ni-#PAS.TR sebut#to.name
umukh#age
bhe#to,.toward.(a.person)
men-#ACTIVE.VOICE olong#to.help
ni#in,.at.(space)
te#and
mem-#ACTIVE.VOICE ege#hear,.to
khut#with
ni-#PAS.TR ato#watch,.look,.see ==ne#=3SG
hal#thing
mange#yet,.not.yet
tebe#TOWARD.(A.PERSON) ==ku#=1SG
iye#3sg
bagien#part ==ne#=3SG
pe-#THE.PROCESS.OF tengkau#to.stab
pe#also
ge#just
lebih#more.(comparative.quality)
iye#3sg
sebage#like
pedagang#merchant
cekhite#story
tihang#port,.column
ende#this
khut#also
pekhcaye#BELIEVE,.TO
me#to,..toward.(a.place)
te#and
belang#wide,.width
balik#return.home,.to ==lah#=FRONTED.ELEMENT
te#and
ulah#behavior
te#and
khamah#boyfriend
enggi#younger.brother.or.sister ==mu#=2ND.PERSON
kabakh#news
pe.main.sukhine#QUEEN
sendikhi#alone
okhang.tue#PARENTS
kalak#person
ampun#mercy
me-#TO.HAVE.... hak#rights
amin#only
ate#heart
lah#emphasis
aku#1sg
mekh-#TO.DO.... asil#result
seban#wood
penuh#to.be.full
macam#type,.sort ==ne#=THE
ke-#NOMINALIZER tukhun#TO.GO.DOWN -en#NOMINALIZER
men-#ACTIVE.VOICE jabut#to.receive
anak#child ==ne#=3SG
khakyat#People
sitok#little.(not.inch)
ninik#grandmother
alas#alas
pade#on.(of.dates)
edi#that,.those
ni#in,.at.(space)
si#relpro layakh#sail
sekhik#difficult ==ne#=3SG
khaje#king
[...]--#PLURAL anak#child
pitu#seven
pemamanen#uncle's.family
desaken#push
mekh-#TO.DO.... umukh#age
me-#TO.BE.... cocok#SUITABLE
khele#to.be.sincere
men-#ACTIVE.VOICE pelehjemah#terjemah -ken#CAUSATIVE
si#relpro
engo#done.(finished)
nujum#fortune.teller
oleh#by
luakh#out
pade#on.(of.dates)
pige#amount kali#the.time.(that.something.happens)
belantakhe#wilderness
cut#little.(small)
ni-#PAS.TR utus#to.send.someone lah#polite.imperative
dauh#far
se-#ONE bulan#moon
iye#3sg
ami#only lah#polite.imperative
kane#so.that
di-#PAS.TR geluh#to.live.(be.alive)
negekhi#nation,.country
gayo#Gayo
pengulu.mude#PENGULU.MUDE
pe-#HAVING.TO.DO.WITH... deleng#jungle -en#HAVING.TO.DO.WITH...
bayi#baby
iye#3sg
se-#ONE kalak#person
edi#that,.those
nujum#fortune.teller
pole#palm.tree
kalaki#3mp
nemu#to.be.able.to
meng-#CAUSATIVE ekhi#finish.off,.to -ken#CAUSATIVE
me#to,..toward.(a.place)
madhe#negativizer
te#and
si#relpro
akhi#from
mame#uncle ==ne#=3SG
dapet#get,.receive -i#REPEATEDLY
ke-#CHARACTERSTIC.OF gembikhe#happy -en#CHARACTERSTIC.OF
khut#with
me-#TO.HAVE.... khibu#thousand
si#relpro
malot#neg
te-#ABILITATIVE kadang#Perhaps,.probably
ame#mother
wakhi#day
pahakh#serving.tray
sebuah#one
lawe#water
enggo#done.(finished)
pengulu.mude#PENGULU.MUDE
bekhu#woman ==ne#=3SG
ulang#do.not!
ke-#NOMINALIZER tukhun#TO.GO.DOWN -en#NOMINALIZER
iye#3sg
sukut#story ==ne#=THE
bekhu#wife ==mu#=2ND.PERSON
ke-#NOMINALIZER khoh#come,.to -en#NOMINALIZER
goye#worm
sultan#sultan
si#relpro
buah#fruit ate#heart
oleh#by
sakti#magical
[...]--#REDUPLICATION pe-#PERSON.WHO... mude#young
gayo#Gayo
khase#feel,.to ==ne#=3SG
malot#neg
pe#also
kase#even.(also)
tonge#still
ende#this
pekhintah#order.(command)
me-#TO.HAVE.... gelakh#title.(of.persons)
bahagie#happy
me-#CAUSATIVE kikhim#send,.to -ken#CAUSATIVE
si#relpro layakh#sail
tentang#calm
anak#child
ng-#CAUSATIVE gusuk#scrub,.to -ken#CAUSATIVE
namun#but
mange#yet,.not.yet
tule#again
ulah#behavior ==ne#=3SG
ni-#PAS.TR tunang#to.vow.to.be.married -ken#CAUSATIVE
dikhi#self ==ne#=3SG
lain#other ==ne#=3SG
gelisah#worried
penduduk#citizen
bekhu#woman ==ne#=3SG
pake#wear,.to -en#VARIETY
si#relpro layakh#sail
khumah#home
amek#mother
abhang#brother,.older
ulang#do.not!
te#and
tule#again
khut#with
ni#in,.at.(space)
malot#neg
iye#3sg
khaje#king
khaje#king
atau#or
kane#even.(also)
malet#neg
khut#participate
pe-#THE.PROCESS.OF bahan#kerja ==e#=THE
pengulu.mude#PENGULU.MUDE
jumpai#to.find
sendikhi#alone
sebagae#like
pe-#THE.WAY.OF... ng-#ACTIVE.VOICE kekhet#cut,.to -ken#THE.WAY.OF... ==mu#=2ND.PERSON
kane#even.(also)
sendikhi#alone
pesen#to.order.something
alas#alas
tule#again
khang.tue#PARENTS ==ne#=THE
si#relpro
kawin.lakhi#TO.ELOPE
musibah#disaster
kisat#lazy
men-#ACTIVE.VOICE cube#try
nge-#CAUSATIVE lahekh#born -ken#CAUSATIVE ==ne#=3SG
tanoh#land
pekhistiwe#event
te#and
te#and
kate#to.say
[...]--#REPEATED.ACTION lompat#jump,.to
gule#sugar
se-#ONE tahun#year
madhe#negativizer
tubuh#body ==ne#=3SG
ni-#PAS.TR pido#request.to.(informally)
laki#husband ==ne#=3SG
mempekhduli.ken#TO.PAY.ATTENTION.TO
m-#DURATIVE? ulung#to.gather -i#DURATIVE?
me-#TO.HAVE.... nyekolah#school -ken#IMPERATIVE
khut#with
si#relpro
sang#class.person
jumpai#to.find