sâ-#ᴘꜰᴠ
në-#ɴᴍʟᴢ1 ö-#ᴍꞮᴅ twë#take -kö#ɴᴍʟᴢ.ᴘᴄꜰʟ ==dö#=3ᴀᴜɢII
ä#and
lemwzlo#creeper.climber
nâblo#man
ami#army
ötangö#search -ti#ᴛƦ -bë#PᴅꞮƦ.YON
lâsu#ship
nâ#tree
kä..#ѕᴜʙʀ
mü#ᴘᴄꜰʟ.drink ==de#=3ᴍꞮɴII
në-#ɴᴍʟᴢ1 alvëtö#teach -ngö#ɴᴍʟᴢ
katris#cartridge
tü-#Ʀʟ vë#go ==pe#=ᴄᴏЅ
më#ᴘʀᴇᴘ
nâte#his.nose ==de#=3ᴍꞮɴII
nëlâ#place
në-#ɴᴍʟᴢ1 alvëtö#teach -ngö#ɴᴍʟᴢ
vo#travel -ngö#ᴀᴘᴘʟ mou#again ==kö#=1ᴀᴜɢI
kâ#ᴅᴇᴍ2.ᴅɪѕᴛ
të-#Ʀʟ.3ᴀᴜɢ ö-#ᴍꞮᴅ twë#take -ti#ᴛƦ ==pe#=ᴄᴏЅ kë#also ==ng#=3ᴀᴜɢIS
më#ᴘʀᴇᴘ
ä#and
ä#and
kâ#ᴅᴇᴍ2.ᴅɪѕᴛ
tü-#Ʀʟ a-#ᴄᴀᴜЅ müngi#tight -tö#GᴅꞮƦ.IN ëlwë#much ==pe#=ᴄᴏЅ ==le#=3ᴍꞮɴIA
kâ#ᴅᴇᴍ2.ᴅɪѕᴛ
kä..#ѕᴜʙʀ
ei#ɪɴᴛᴊ
kâng#those
lika#kite
muöde#because
ba-#ᴅᴀᴛ ==de#=3ᴍꞮɴII
në-#ɴᴍʟᴢ1 ngini#become -kö#ɴᴍʟᴢ.ᴘᴄꜰʟ ==de#=3ᴍꞮɴII
lâ#ᴅᴇᴍ1.ᴅɪѕᴛ
më#ᴘʀᴇᴘ
bölömei#thunder
ëbë#so.then
sâ-#ᴘꜰᴠ
-#3ᴀᴜɢ1 tü#three
nâbö#cross
sâ-#ᴘꜰᴠ
tü-#Ʀʟ male#hold ==ä#=1ᴍꞮɴI
nâdö#ᴄᴏᴍ.
vë#go mou#again -bë#PᴅꞮƦ.YON ==kö#=1ᴀᴜɢI
në-#ɴᴍʟᴢ1 mwelr#fear -kö#ɴᴍʟᴢ.ᴘᴄꜰʟ ==gö#=1ᴀᴜɢII
tewa#rain
kâ#ᴅᴇᴍ2.ᴅɪѕᴛ
ä#and
dötwö#neck ==dö#=3ᴀᴜɢII
sâ#ᴘᴄꜰʟ.hand ==gö#=1ᴀᴜɢII
ma#house
tü-#Ʀʟ ö-#ᴍꞮᴅ pi#say ==pe#=ᴄᴏЅ -mü#PᴅꞮƦ.HITHER
nebrnz#Nebrnz
mökâ#there
më#ᴘʀᴇᴘ
më#ᴘʀᴇᴘ
nyë#ᴘᴄꜰʟ.ʙ&ɢ
në-#ɴᴍʟᴢ1 vo#travel -mi#ᴅᴘᴠ -ne#ꞮɴᴛЅ -kö#ɴᴍʟᴢ.ᴘᴄꜰʟ ==nge#=1ᴍꞮɴII
në-#ɴᴍʟᴢ1 wë#make -kö#ɴᴍʟᴢ.ᴘᴄꜰʟ ==nge#=1ᴍꞮɴII
aijz#Aijz
möka#here
më#ᴘʀᴇᴘ
nëmu-köde#this.way
kä..#ѕᴜʙʀ
sâ-#ᴘꜰᴠ
badö#ᴄᴏᴍ.
nenü#wind
möka#here
nëwö#time ==de#=3ᴍꞮɴII
sâ-#ᴘꜰᴠ
tü-#Ʀʟ mwi#sleep -tä#ꞮɴᴛЅ -lë#GᴅꞮƦ.UP -mü#PᴅꞮƦ.HITHER
töpnëngö#none.;.lack;.none
kâ#ᴅᴇᴍ2.ᴅɪѕᴛ
nibö#back.part ==de#=3ᴍꞮɴII
pöla#sea
tü-#Ʀʟ vë#go ==pe#=ᴄᴏЅ mou#again ==ku#=12ᴀᴜɢI
badö#ᴄᴏᴍ.
këdü#a
a-#ᴄᴀᴜЅ töka#bad -ti#ᴛƦ -tä#ꞮɴᴛЅ atwönö#wholly -ngö#ᴀᴘᴘʟ ==de#=3ᴍꞮɴII
-#3ᴀᴜɢ1 wë#make ==ng#=3ᴀᴜɢIS
më#ᴘʀᴇᴘ
më#ᴘʀᴇᴘ
ba-#ᴅᴀᴛ ==de#=3ᴍꞮɴII
kä..#ѕᴜʙʀ
ba-#ᴅᴀᴛ ==nge#=1ᴍꞮɴII
ö-#ᴍꞮᴅ ka#give -mü#PᴅꞮƦ.HITHER
tömâtu#island
yökö#finish -pä#GᴅꞮƦ.OUT -bë#PᴅꞮƦ.YON ==#=3ᴍꞮɴIS
nidö#be.3ᴀᴜɢII.
ngö#ɢᴇɴ1ᴀ
kâ#ᴅᴇᴍ2.ᴅɪѕᴛ
meöikol#miracle
olvë#female
nibö#back.part ==de#=3ᴍꞮɴII
isabel#Isabel
nâblo#man
doa#child
badö#ᴄᴏᴍ.
pöla#sea
da#thing
bamu#dat=2augII
tü-#Ʀʟ etu#big
dâkölëde#chapter
ä#and
më#ᴘʀᴇᴘ
në-#ɴᴍʟᴢ1 ö-#ᴍꞮᴅ pi#say ani#quickly;.quick -kö#ɴᴍʟᴢ.ᴘᴄꜰʟ -mü#PᴅꞮƦ.HITHER ==le#=3ᴍꞮɴIA
bq#titan.triggerfish
ncnqmz#Ncnqmz
kä..#ѕᴜʙʀ -#3ᴀᴜɢ1 yagoä#sick ==ngü#=3ᴀᴜɢIS
kä..#ѕᴜʙʀ
kâng#those
më#ᴘʀᴇᴘ
mëtea#village
kâ#ᴅᴇᴍ2.ᴅɪѕᴛ
ngö#ɢᴇɴ1ᴀ
më#ᴘʀᴇᴘ
ä#and
a-#ᴄᴀᴜЅ ö-#ᴍꞮᴅ pna#shine -tä#ꞮɴᴛЅ -o#GᴅꞮƦ.DOWN -bo#.BZ(PDIR.YON)=O(1MINI)
sâ-#ᴘꜰᴠ
ba-#ᴅᴀᴛ ==de#=3ᴍꞮɴII
e#yes
dötü#name ==de#=3ᴍꞮɴII
leplë#people
kä..#ѕᴜʙʀ
mâ#see ==kö#=1ᴀᴜɢI
nâ#fish
testimcne#testimony
më#ᴘʀᴇᴘ
ö#ɢᴇɴ1ᴀ
kä..#ѕᴜʙʀ
nâblo#man
badö#dat=3augII
nigö#be.1ᴀᴜɢII
këdü#a
temë#moon.
kë#also
më#ᴘʀᴇᴘ
tü-#Ʀʟ vo#travel ==pe#=ᴄᴏЅ ==kö#=1ᴀᴜɢI
ba-#ᴅᴀᴛ ==nge#=1ᴍꞮɴII
këdü#a
këdung#ᴀᴛ.фɴᴛ.ᴘʟ.ᴘʟ
me#place tavao#middle
nâ#tree
lâsu#ship
ngö#ɢᴇɴ1ᴀ
më#ᴘʀᴇᴘ
tü-#Ʀʟ kölë#reach ate#afterward -bë#PᴅꞮƦ.YON ==kö#=1ᴀᴜɢI
kä..#ѕᴜʙʀ
në-#ɴᴍʟᴢ1 ö-#ᴍꞮᴅ mâ#see -ti#ᴛƦ -kö#ɴᴍʟᴢ.ᴘᴄꜰʟ ==de#=3ᴍꞮɴII
tzsiu#monk
më#ᴘʀᴇᴘ
kä..#ѕᴜʙʀ
lâ#ᴅᴇᴍ1.ᴅɪѕᴛ ==pe#=ᴄᴏЅ
kâng#those
mnâ#be abötë#be.happy ==kö#=1ᴀᴜɢI
nepr#Nepr
sâ-#ᴘꜰᴠ
ö-#ᴍꞮᴅ pi#say ==le#=3ᴍꞮɴIA
sade#Sunday
në-#ɴᴍʟᴢ1 vë#go -pä#GᴅꞮƦ.OUT -bë#PᴅꞮƦ.YON ==ng#=3ᴀᴜɢIS
kämu#be.like
nge'#bail -tä#ꞮɴᴛЅ -bo#.BZ(PDIR.YON)=O(1MINI)
në-#ɴᴍʟᴢ1 wë#make -ngö#ᴠƦ
ö-#ᴍꞮᴅ pi#say ==le#=3ᴍꞮɴIA
bagö#dat=1augII
alvëtö#teach ==le#=3ᴍꞮɴIA
nabë.nepi#hour
tö-#ɴᴇɢ në-#ɴᴍʟᴢ1 längiti#obey ==ka#=NOT.YET ==lö#=3ᴀᴜɢIA
bea#midday
a'#but
a'#but
sâ-#ᴘꜰᴠ
-alo#FOREVER
lötëlvë#elders
leplë#people
ngi#be
dötü#name ==de#=3ᴍꞮɴII
kâ#ᴅᴇᴍ2.ᴅɪѕᴛ
në-#ɴᴍʟᴢ1 külu#many -kö#ɴᴍʟᴢ.ᴘᴄꜰʟ
më#ᴘʀᴇᴘ
taol#towel
mëtea#village
të-#Ʀʟ.3ᴀᴜɢ vë#go -tö#GᴅꞮƦ.IN ate#afterward -mü#PᴅꞮƦ.HITHER ==ng#=3ᴀᴜɢIS
a-#ᴄᴀᴜЅ pü#hot -tö#GᴅꞮƦ.IN ==le#=3ᴍꞮɴIA
kâ#ᴅᴇᴍ2.ᴅɪѕᴛ
angidö#really
ketosin#kerosene
në-#ɴᴍʟᴢ1 wë#make -kö#ɴᴍʟᴢ.ᴘᴄꜰʟ
malaita#Malaita
nounâ#tree
kä..#ѕᴜʙʀ
vo#travel -mü#PᴅꞮƦ.HITHER
rum#room
yë#outside
ni#be ==de#=3ᴍꞮɴII
töak#truck
në-#ɴᴍʟᴢ1 vë#go -kö#ɴᴍʟᴢ.ᴘᴄꜰʟ ==dö#=3ᴀᴜɢII
më#ᴘʀᴇᴘ
ä#and
kä..#ѕᴜʙʀ etu#big
këdung#ᴀᴛ.фɴᴛ.ᴘʟ.ᴘʟ
nike#what
sâ-#ᴘꜰᴠ
nide#be.3ᴍɪɴII
tö-#ɴᴇɢ ngi#be ==#=3ᴍꞮɴIS -u#ɴᴇɢ
na-#ꞮƦƦ wökätö#baptised ==#=3ᴍꞮɴIS
döka'#demon
kâpwë#same
në-#ɴᴍʟᴢ1 ö-#ᴍꞮᴅ läküti#spotted -o#GᴅꞮƦ.DOWN -ngö#ᴀᴘᴘʟ
japan#JAPAN
kä..#ѕᴜʙʀ
öpwa'#forbid -ngö#ᴀᴘᴘʟ -bo#.BZ(PDIR.YON)=O(1MINI)
në-#ɴᴍʟᴢ1 vo#travel -kö#ɴᴍʟᴢ.ᴘᴄꜰʟ ==gö#=1ᴀᴜɢII
në-#ɴᴍʟᴢ1 tao#fall.down -kö#ɴᴍʟᴢ.ᴘᴄꜰʟ ==de#=3ᴍꞮɴII
dötü#name ==de#=3ᴍꞮɴII
në-#ɴᴍʟᴢ1 a-#ᴄᴀᴜЅ vë#go -kö#ɴᴍʟᴢ.ᴘᴄꜰʟ -mü#PᴅꞮƦ.HITHER ==le#=3ᴍꞮɴIA
-#3ᴀᴜɢ1 dwalzm#wake.up
ö#ɢᴇɴ1ᴀ
më#ᴘʀᴇᴘ
-#ᴘᴀЅ bölâlvë#embrace -ne#ꞮɴᴛЅ -pä#GᴅꞮƦ.OUT kë#also -mü#PᴅꞮƦ.HITHER
ä#and
-#3ᴀᴜɢ1 mwi#sleep -pä#GᴅꞮƦ.OUT -mü#PᴅꞮƦ.HITHER
nelzde#belly
a'#but
në-#ɴᴍʟᴢ1 dwa#jump -o#GᴅꞮƦ.DOWN -kö#ɴᴍʟᴢ.ᴘᴄꜰʟ ==nge#=1ᴍꞮɴII
yië#year
mökâ#there
ä#and
koma#today
tü-#Ʀʟ ama#stop -o#GᴅꞮƦ.DOWN ==pe#=ᴄᴏЅ ==#=3ᴍꞮɴIS
peto#bush
kâng#those
më.nibö#AFTER
möbö#lose ==pe#=ᴄᴏЅ
kâ#ᴅᴇᴍ2.ᴅɪѕᴛ
da#thing
nyë#ᴘᴄꜰʟ.ʙ&ɢ ==dö#=3ᴀᴜɢII
nëöyöngö#writing
ä#and
ä#and
bznwz#Bznwz.vil
tö-#ɴᴇɢ wë#make ==pe#=ᴄᴏЅ ==le#=3ᴍꞮɴIA -u#ɴᴇɢ
leplë#people
na#ᴘᴄꜰʟ.food ==dö#=3ᴀᴜɢII
sâ-#ᴘꜰᴠ
tü-#Ʀʟ do#hang -la#WILL.HAVE -pä#GᴅꞮƦ.OUT -ngö#ᴀᴘᴘʟ ==ne#=1ᴍꞮɴII
skul#school
be#god
töpnëngö#none.;.lack;.none
nëlu#coconut
në-#ɴᴍʟᴢ1 wë#make ëlwë#much -kö#ɴᴍʟᴢ.ᴘᴄꜰʟ ==gö#=1ᴀᴜɢII
më#ᴘʀᴇᴘ
nide#be.3ᴍɪɴII
töpnëngö#none.;.lack;.none
naönâbö#price
japan#JAPAN
nëlu#coconut
sâ-#ᴘꜰᴠ
ä#and
tü-#Ʀʟ dwa#jump -sä#UᴅꞮƦ.AWAY.FROM ==kö#=1ᴀᴜɢI
muöde#because
më#ᴘʀᴇᴘ
yë#outside
yië#year
bingaö#small.red.ant
a'#but
në-#ɴᴍʟᴢ1 mwx'lr#fear -ti#ᴛƦ lëbü#ʀᴇꜰʟ ==ng#=3ᴀᴜɢIS
tapu#to.break.heads.with.an.object.(axe) -tä#ꞮɴᴛЅ -bë#PᴅꞮƦ.YON ==le#=3ᴍꞮɴIA
mëtea#village
nëling#two;.couple
dëbi#famine
kä..#ѕᴜʙʀ
kä..#ѕᴜʙʀ
kâng#those
më#ᴘʀᴇᴘ
ä#and
këdü#a
-#3ᴀᴜɢ1 ö-#ᴍꞮᴅ twë#take kë#also -mü#PᴅꞮƦ.HITHER ==ng#=3ᴀᴜɢIS
sokz#soccer
ä#and
më#ᴘʀᴇᴘ
dötü#name ==de#=3ᴍꞮɴII
peto#bush
ä#and
ölwä#count ==kö#=1ᴀᴜɢI
muöde#because
sâ-#ᴘꜰᴠ
nëyâmnengö#speaking
këte#friend ==de#=3ᴍꞮɴII -ngü#ᴘʟ
sâ-#ᴘꜰᴠ
tö-#ɴᴇɢ pä#refuse -ngö#ᴀᴘᴘʟ -ne#ꞮɴᴛЅ -u#ɴᴇɢ
loëbü#night
nëling#two;.couple
bëkü#do.not
mölâde#there
mëbü#day
kä..#ѕᴜʙʀ
tü-#Ʀʟ ö-#ᴍꞮᴅ pi#say ==le#=3ᴍꞮɴIA
këdü#a
na-#ꞮƦƦ olë#climb
badle#Baddeley
gëpman#government.(E)
a-#ᴄᴀᴜЅ tu#stand -lë#GᴅꞮƦ.UP -ngö#ᴀᴘᴘʟ
nimu#ACC.2augᵢᵢ
mzdxmingr#Mzdxmingr.village
ma#house
tö-#ɴᴇɢ mölë#be.good ëpwä#actually -ngö#ᴀᴘᴘʟ ==de#=3ᴍꞮɴII -u#ɴᴇɢ
letë#letter
-ngö#ᴀᴘᴘʟ ==gö#=1ᴀᴜɢII
kä..#ѕᴜʙʀ külu#many
më#ᴘʀᴇᴘ
ä#and
këdü#a
kä..#ѕᴜʙʀ etu#big
tü-#Ʀʟ tu#stand -pä#GᴅꞮƦ.OUT -mü#PᴅꞮƦ.HITHER ==#=3ᴍꞮɴIS
nâboi#needlefish
löpë#cloth
tewa#rain
do#hang -ne#ᴅЅᴛƦ -lë#GᴅꞮƦ.UP ==pe#=ᴄᴏЅ kë#also -#PᴅꞮƦ.YON
kä..#ѕᴜʙʀ -#3ᴀᴜɢ1 etu#big
nide#be.3ᴍɪɴII
ä#and
më#ᴘʀᴇᴘ
doa#child
auki#Auki
sâ-#ᴘꜰᴠ
a'#but
më#ᴘʀᴇᴘ
nâbö#cross
nigö#be.1ᴀᴜɢII
nivë#love
lâ#ᴅᴇᴍ1.ᴅɪѕᴛ
a'#but
ayönö#first
bzpe#has.died
seleng#they.here
na-#ꞮƦƦ bë#die ==ng#=3ᴀᴜɢIS
ëbë#so.then
elö#there
kä..#ѕᴜʙʀ
tzsiu#monk
kä..#ѕᴜʙʀ
kä..#ѕᴜʙʀ
mama#priest
ö#ɢᴇɴ1ᴀ ==gö#=1ᴀᴜɢII
lzm#wooden.bowl
nigö#be.1ᴀᴜɢII
më#ᴘʀᴇᴘ
na-#ꞮƦƦ mnâ#be pwë#just
vë#go
yë#outside
nepi#sun
kä..#ѕᴜʙʀ
külu#many
ö-#ᴍꞮᴅ pi#say -o#GᴅꞮƦ.DOWN -mü#PᴅꞮƦ.HITHER
ni-#ᴀᴄᴄ ==nge#=1ᴍꞮɴII
öaes#rice
në-#ɴᴍʟᴢ1 o#go -tö#GᴅꞮƦ.IN -ngö#ɴᴍʟᴢ
dakänëng#food
kâ#ᴅᴇᴍ2.ᴅɪѕᴛ
ka#ᴅᴇᴍ2.ᴘʀᴏχ
ö#ɢᴇɴ1ᴀ ==gö#=1ᴀᴜɢII
ni-#ᴀᴄᴄ ==nge#=1ᴍꞮɴII
kä..#ѕᴜʙʀ
kä..#ѕᴜʙʀ
külu#many
nâblo#man
sâ#ᴘᴄꜰʟ.hand
doa#child
löpë#cloth
ëbü#day
leu#leaf
këdü#a
kä..#ѕᴜʙʀ
temë#moon.
tu#stand -ne#ꞮɴᴛЅ pwë#just
këdü#a
kä..#ѕᴜʙʀ etu#big
ni#be ==gö#=1ᴀᴜɢII
kä..#ѕᴜʙʀ
natü#word
në-#ɴᴍʟᴢ1 lvâ#fly -ngö#ᴀᴘᴘʟ
olvë#female
në-#ɴᴍʟᴢ1 lu#live -tä#ꞮɴᴛЅ ==pe#=ᴄᴏЅ pwë#just
ä#and
më#ᴘʀᴇᴘ
ngö#ɢᴇɴ1ᴀ
tü-#Ʀʟ lu#spear ==pe#=ᴄᴏЅ ==ä#=1ᴍꞮɴI
tü-#Ʀʟ oti#take -tö#GᴅꞮƦ.IN ==pe#=ᴄᴏЅ -mü#PᴅꞮƦ.HITHER ==le#=3ᴍꞮɴIA
kä..#ѕᴜʙʀ
kâ#ᴅᴇᴍ2.ᴅɪѕᴛ
ö-#ᴍꞮᴅ male#hold
ani#quickly;.quick -tä#ꞮɴᴛЅ pwë#just
mancu#NPROP
löpë#cloth
të-#Ʀʟ.3ᴀᴜɢ ngölö#hurry -ki#UᴅꞮƦ.PATH ==pe#=ᴄᴏЅ -bë#PᴅꞮƦ.YON ==lö#=3ᴀᴜɢIA
kä..#ѕᴜʙʀ etu#big
tü-#Ʀʟ ngölö#hurry -pä#GᴅꞮƦ.OUT ==pe#=ᴄᴏЅ -mü#PᴅꞮƦ.HITHER ==#=3ᴍꞮɴIS
löpëki#road
ni-#ᴀᴄᴄ ==nge#=1ᴍꞮɴII
ba-#ᴅᴀᴛ ==gö#=1ᴀᴜɢII
mölë#be.good
sâ-#ᴘꜰᴠ
më#ᴘʀᴇᴘ
doa#child
bäli#basket
dötü#name ==de#=3ᴍꞮɴII
vë#go -bë#PᴅꞮƦ.YON ==kö#=1ᴀᴜɢI
möka#here
madäi#single.house
-#3ᴀᴜɢ1 telvë#ignite ==lö#=3ᴀᴜɢIA
më#ᴘʀᴇᴘ
të-#Ʀʟ.3ᴀᴜɢ vo#run ==pe#=ᴄᴏЅ ==ngü#=3ᴀᴜɢIS
tü-#Ʀʟ do#hang -tö#GᴅꞮƦ.IN ==be#=STILL
dötü#name ==de#=3ᴍꞮɴII
tö-#ɴᴇɢ opä#go.out -u#ɴᴇɢ
ni-#ᴀᴄᴄ ==nge#=1ᴍꞮɴII
më#ᴘʀᴇᴘ
doa#child
nâblo#man
a'#but
ma#advrs
dötü#body ==mü#=2ᴍꞮɴII
ëyagoä#sickness
da#thing
të-#Ʀʟ.3ᴀᴜɢ mnâ#be -tä#ꞮɴᴛЅ pwë#just
tö-#ɴᴇɢ boi#long -u#ɴᴇɢ
klas#class
peto#bush
nâblo#man
yökö#depart -pä#GᴅꞮƦ.OUT ==ä#=1ᴍꞮɴI
da#thing
mëtea#village
pileni#Pileni.Is
vë#go -bë#PᴅꞮƦ.YON ==kö#=1ᴀᴜɢI
vë#go
matiu#Matthew
lue#water
doa#person
-#ᴘᴀЅ mâ#see ==pe#=ᴄᴏЅ kë#also -#PᴅꞮƦ.YON
kalöla#tomorrow
a'#but
në-#ɴᴍʟᴢ1 twë#take -tö#GᴅꞮƦ.IN -kö#ɴᴍʟᴢ.ᴘᴄꜰʟ
-#3ᴀᴜɢ1 älö#hear -bë#PᴅꞮƦ.YON
kä..#ѕᴜʙʀ
kâ#ᴅᴇᴍ2.ᴅɪѕᴛ
pä#refuse -ngö#ᴀᴘᴘʟ ==de#=3ᴍꞮɴII
kö.-#ƦᴘƦɴ2 lâ#ᴅᴇᴍ1.ᴅɪѕᴛ ==de#=3ᴍꞮɴII -ngü#ᴘʟ
ba-#ᴅᴀᴛ ==nge#=1ᴍꞮɴII
nigö#be.1ᴀᴜɢII
kä..#ѕᴜʙʀ
-#3ᴀᴜɢ1 mnâ#live,.stay kapü#hidden ==ng#=3ᴀᴜɢIS
mama#priest
ngö#ɢᴇɴ1ᴀ
a-#ᴄᴀᴜЅ wäbu#sit ==le#=3ᴍꞮɴIA
kâ#ᴅᴇᴍ2.ᴅɪѕᴛ
më#ᴘʀᴇᴘ
ä#and
këdung#ᴀᴛ.фɴᴛ.ᴘʟ.ᴘʟ
bagö#dat=1augII
mëtea#village
mële#brother ==nge#=1ᴍꞮɴII
tömâtu#island
ngö#ɢᴇɴ1ᴀ
ö-#ᴍꞮᴅ pi#say mou#again po#move
këdü#a
ba-#ᴅᴀᴛ ==dö#=3ᴀᴜɢII
nüni#sail
në-#ɴᴍʟᴢ1 rpna'#shoot -ki#UᴅꞮƦ.PATH -pä#GᴅꞮƦ.OUT -ngö#ɴᴍʟᴢ
mölâde#there
në-#ɴᴍʟᴢ1 yëlu#return -kö#ɴᴍʟᴢ.ᴘᴄꜰʟ -mü#PᴅꞮƦ.HITHER ==lö#=3ᴀᴜɢIA
ä#and
noli#HOG.PLUM.FRUIT
nidö#be.3ᴀᴜɢII.
ate#afterward ==#=3ᴍꞮɴIS
nâblo#man
të-#Ʀʟ.3ᴀᴜɢ mnâ#be -ne#ꞮɴᴛЅ ==be#=STILL ==ng#=3ᴀᴜɢIS
në-#ɴᴍʟᴢ1 wökätö#baptised -ngö#ɴᴍʟᴢ
më#ᴘʀᴇᴘ
mepyö#blood
nar#head
sâ-#ᴘꜰᴠ
tü-#Ʀʟ mu#eat ==pe#=ᴄᴏЅ ==kö#=1ᴀᴜɢI
më#ᴘʀᴇᴘ
mökâ#there
nöë#dance.ring
ö-#ᴍꞮᴅ wë#make -ngö#ᴀᴘᴘʟ ==gö#=1ᴀᴜɢII
kä..#ѕᴜʙʀ
mëtea#village
äplö#strong
tü-#Ʀʟ awi#thank ==pe#=ᴄᴏЅ -bë#PᴅꞮƦ.YON ==kö#=1ᴀᴜɢI
ä#and
lâsu#ship
kökâng#ʀᴘʀɴ2.ᴅᴇᴍ4.ᴘʟ
më#ᴘʀᴇᴘ
olman#old.man
nâblo#man
mâ#see ==le#=3ᴍꞮɴIA
nyë#ᴘᴄꜰʟ.ʙ&ɢ ==dö#=3ᴀᴜɢII
muöde#because
më#ᴘʀᴇᴘ
tü-#Ʀʟ vë#go -o#GᴅꞮƦ.DOWN ==pe#=ᴄᴏЅ ==kö#=1ᴀᴜɢI
rlilrdr#both.of.them
kä..#ѕᴜʙʀ
mama#priest
më#ᴘʀᴇᴘ
ne#ᴘᴄꜰʟ.rsbl ==gö#=1ᴀᴜɢII
tömölëu#poorly
sâ-#ᴘꜰᴠ
nyë#ᴘᴄꜰʟ.ʙ&ɢ ==dö#=3ᴀᴜɢII
ä#and
ä#and
pötö#enter.in ==ä#=1ᴍꞮɴI
a'#but
pöla#sea
köa-#ᴏƦᴅ tü#three
tü-#Ʀʟ töka#bad ==pe#=ᴄᴏЅ
të-#Ʀʟ.3ᴀᴜɢ äpe#buy -ngö#ᴀᴘᴘʟ ==dö#=3ᴀᴜɢII
sosaeti#SOCIETY
ma#discouraged -tä#ꞮɴᴛЅ -bë#PᴅꞮƦ.YON
meleu#Meleu
töpnëngö#none.;.lack;.none
kä..#ѕᴜʙʀ pü#hot
-ngö#ᴀᴘᴘʟ ==gö#=1ᴀᴜɢII
mënöngö#empty;.empty.of.solids
nigö#be.1ᴀᴜɢII
ka#ᴅᴇᴍ2.ᴘʀᴏχ
ä#and
wäbu#sit -pä#GᴅꞮƦ.OUT -ngö#ᴀᴘᴘʟ -mü#PᴅꞮƦ.HITHER
ma#house
köaesë'më#sixth
nouöla#morning
na-#ꞮƦƦ yöbü#lying.down -tä#ꞮɴᴛЅ ==pe#=ᴄᴏЅ
küle#call.someone ==le#=3ᴍꞮɴIA
mama#priest
në-#ɴᴍʟᴢ1 bë#die -ti#ᴛƦ alëu#instead ==ngü#=3ᴀᴜɢIS
be#god
muöde#because
köanëlvün#fifth
më#ᴘʀᴇᴘ
ä#and
kâng#those
peto#bush
nâ#fish
dötü#name ==de#=3ᴍꞮɴII
lika#kite
bznwz#Bznwz.vil
ngö#ɢᴇɴ1ᴀ
ö-#ᴍꞮᴅ pi#say -o#GᴅꞮƦ.DOWN -mü#PᴅꞮƦ.HITHER
në-#ɴᴍʟᴢ1 wë#make -ngö#ᴠƦ
lâsu#ship
tü-#Ʀʟ tu#stand -o#GᴅꞮƦ.DOWN -ngö#ᴀᴘᴘʟ -mü#PᴅꞮƦ.HITHER
doa#child
tabao#papaya
leuwaga#bird's.nest.fern
kâ#ᴅᴇᴍ2.ᴅɪѕᴛ
yië#year
-#3ᴀᴜɢ1 mu#desire ==lö#=3ᴀᴜɢIA
da#thing
kä..#ѕᴜʙʀ
ä#and
në-#ɴᴍʟᴢ1 pipä#declare -lëbü#Ʀᴇꜰʟ kai#first ==ng#=3ᴀᴜɢIS
ipü#forgive ==pe#=ᴄᴏЅ -bo#.BZ(PDIR.YON)=O(1MINI)
sade#Sunday
kâ#ᴅᴇᴍ2.ᴅɪѕᴛ
dëbi#famine
më#ᴘʀᴇᴘ
nrngx#spider
këdü#a
muöde#because
më#ᴘʀᴇᴘ
lâ#ᴅᴇᴍ1.ᴅɪѕᴛ
lâde#there
më#ᴘʀᴇᴘ
në-#ɴᴍʟᴢ1 ölasë#leave ate#afterward -kö#ɴᴍʟᴢ.ᴘᴄꜰʟ ==dö#=3ᴀᴜɢII
na-#ꞮƦƦ vë#go ==kö#=1ᴀᴜɢI
më#ᴘʀᴇᴘ
kölë#reach -mü#PᴅꞮƦ.HITHER ==le#=3ᴍꞮɴIA
na-#ꞮƦƦ li#two ==kö#=1ᴀᴜɢI
sâ-#ᴘꜰᴠ
ä#and
temë#moon.
maletr#hold.(in.hand) ==pe#=ᴄᴏЅ ==ä#=1ᴍꞮɴI
më#ᴘʀᴇᴘ
a'#but
më#ᴘʀᴇᴘ
nanyâ#foot ==de#=3ᴍꞮɴII
në-#ɴᴍʟᴢ1 alvëtö#teach -kö#ɴᴍʟᴢ.ᴘᴄꜰʟ ==nge#=1ᴍꞮɴII
na-#ꞮƦƦ vë#go ==ne#=1ᴍꞮɴII
nâblo#man
mëtea#village
tölaki#wind.W
lö#ᴛᴘɴʏᴍ
nâ.tabao#PAPAYA.TREE
në-#ɴᴍʟᴢ1 aölapä#save -kö#ɴᴍʟᴢ.ᴘᴄꜰʟ ==de#=3ᴍꞮɴII
të-#Ʀʟ.3ᴀᴜɢ lvâ#fly ate#afterward ==ng#=3ᴀᴜɢIS
ä#and
takitö#fitting
ö-#ᴍꞮᴅ pi#say -bo#.BZ(PDIR.YON)=O(1MINI)
ni-#ᴀᴄᴄ ==nge#=1ᴍꞮɴII
la#ᴅᴇᴍ1.ᴘʀᴏχ
kâ#ᴅᴇᴍ2.ᴅɪѕᴛ
më#ᴘʀᴇᴘ
ukëlele#ukelele
tö-#ɴᴇɢ kölë#know ==ä#=1ᴍꞮɴI -u#ɴᴇɢ
kölë#reach -bë#PᴅꞮƦ.YON ==le#=3ᴍꞮɴIA
natqgu#Natqgu
tü-#Ʀʟ vë#go ==pe#=ᴄᴏЅ -bo#.BZ(PDIR.YON)=O(1MINI)
dwa#jump -tä#ꞮɴᴛЅ -lë#GᴅꞮƦ.UP -mü#PᴅꞮƦ.HITHER
tü-#Ʀʟ pi#say -ti#ᴛƦ ==kö#=1ᴀᴜɢI
më#ᴘʀᴇᴘ
ncole#Noole.vil
nyë#ᴘᴄꜰʟ.ʙ&ɢ ==de#=3ᴍꞮɴII
pi#say -ne#ꞮɴᴛЅ -bë#PᴅꞮƦ.YON
badö#ᴄᴏᴍ.
katris#cartridge
döka'#demon
nibö#back.part
më#ᴘʀᴇᴘ
tü-#Ʀʟ a-#ᴄᴀᴜЅ ta#strike -tö#GᴅꞮƦ.IN ==pe#=ᴄᴏЅ ==le#=3ᴍꞮɴIA
më#ᴘʀᴇᴘ
në-#ɴᴍʟᴢ1 öläti#request;.ask -bë#PᴅꞮƦ.YON ==lö#=3ᴀᴜɢIA
dapu.nâ#piece.of.wood
kâ#ᴅᴇᴍ2.ᴅɪѕᴛ
të-#Ʀʟ.3ᴀᴜɢ lë#carve -tö#GᴅꞮƦ.IN
ne#ᴘᴄꜰʟ.rsbl ==de#=3ᴍꞮɴII -ngü#ᴘʟ
tü-#Ʀʟ vë#go -ngö#ᴀᴘᴘʟ -mü#PᴅꞮƦ.HITHER
ä#and
kä..#ѕᴜʙʀ
äpe#pay -ti#ᴛƦ ==ä#=1ᴍꞮɴI ==ng#=3ᴀᴜɢIS
kâ#ᴅᴇᴍ2.ᴅɪѕᴛ
rum#room
lâ#ᴅᴇᴍ1.ᴅɪѕᴛ
më#ᴘʀᴇᴘ
doa#child
sâ-#ᴘꜰᴠ
këdü#a
anuta#Anuta.Is
këdung#ᴀᴛ.фɴᴛ.ᴘʟ.ᴘʟ
nëöyöngö#writing
ne#ᴘᴄꜰʟ.rsbl ==dö#=3ᴀᴜɢII
yölë#marry -o#GᴅꞮƦ.DOWN ==#=3ᴍꞮɴIS
këble#different
në-#ɴᴍʟᴢ1 a-#ᴄᴀᴜЅ do#hang -lë#GᴅꞮƦ.UP mou#again ==lö#=3ᴀᴜɢIA
nölâ#place
tü-#Ʀʟ a-#ᴄᴀᴜЅ su#cook ==le#=3ᴍꞮɴIA
abötë#be.happy -lvë#ᴀᴘᴘʟ ==ü#=2ᴍꞮɴI
lö#ᴛᴘɴʏᴍ
-#3ᴀᴜɢ1 tes#TEST ==lö#=3ᴀᴜɢIA
këdü#a
kâng#those
kä..#ѕᴜʙʀ
këdü#a
doa#child
ëlwë#much
kâ#ᴅᴇᴍ2.ᴅɪѕᴛ
kâ#ᴅᴇᴍ2.ᴅɪѕᴛ
ä#and
lö#ᴛᴘɴʏᴍ
kä..#ѕᴜʙʀ
më#ᴘʀᴇᴘ
la#ᴅᴇᴍ1.ᴘʀᴏχ
nc.noli#hog.plum.tree
ä#and
mëtea#village
na-#ꞮƦƦ mölë#be.good ==#=3ᴍꞮɴIS
dötü#name ==de#=3ᴍꞮɴII
peto#bush
na-#ꞮƦƦ katx#remove -bë#PᴅꞮƦ.YON ==le#=3ᴍꞮɴIA
lömëtangi#foreigner
töpnëngö#none.;.lack;.none
lue#water
köos#cross
-#3ᴀᴜɢ1 ö-#ᴍꞮᴅ pi#say -bë#PᴅꞮƦ.YON
bia#breadfruit
kâng#those
nölâ#place
lâde#there
da#thing
ya#paddle -o#GᴅꞮƦ.DOWN ==#=3ᴍꞮɴIS
tö-#ɴᴇɢ në-#ɴᴍʟᴢ1 aolvë#accept pwë#just -u#ɴᴇɢ
kä..#ѕᴜʙʀ
yölü#put -tä#ꞮɴᴛЅ mou#again ==ä#=1ᴍꞮɴI
ö-#ᴍꞮᴅ pi#say -mü#PᴅꞮƦ.HITHER
lü#pure
mölâ#there
kä..#ѕᴜʙʀ möna#new
kâng#those
më#ᴘʀᴇᴘ
du#Фɴᴛ.ᴘʟ
delâ#this
tü-#Ʀʟ mâ#see ==pe#=ᴄᴏЅ ==ä#=1ᴍꞮɴI
më#ᴘʀᴇᴘ
kä..#ѕᴜʙʀ -#3ᴀᴜɢ1 etu#big
lrlvz#Lrlvz
më#ᴘʀᴇᴘ
ä#and
sâ-#ᴘꜰᴠ
kä..#ѕᴜʙʀ
tü-#Ʀʟ vë#go -ki#UᴅꞮƦ.PATH -pä#GᴅꞮƦ.OUT ==kö#=1ᴀᴜɢI
krikit#CRICKET
sâ-#ᴘꜰᴠ
të-#ᴘᴀЅ ö-#ᴍꞮᴅ pi#say -bë#PᴅꞮƦ.YON
dikon#deacon
nöla#branch
yöpë#carry.in.back.sling -bë#PᴅꞮƦ.YON
lâsu#ship
tü-#Ʀʟ ö-#ᴍꞮᴅ pi#say ==pe#=ᴄᴏЅ -mü#PᴅꞮƦ.HITHER ==le#=3ᴍꞮɴIA
kä..#ѕᴜʙʀ
ä#and
töte#father ==nge#=1ᴍꞮɴII
kâ#ᴅᴇᴍ2.ᴅɪѕᴛ
ä#and
vea#war kapü#hidden
kâ#ᴅᴇᴍ2.ᴅɪѕᴛ
ëbü#day
sâ-#ᴘꜰᴠ
yië#year
yölü#put -tä#ꞮɴᴛЅ -bë#PᴅꞮƦ.YON ==le#=3ᴍꞮɴIA ==le#=3ᴍꞮɴIIP
kä..#ѕᴜʙʀ
skul#school
teomo#manioc
luk#Luke
lwovz#Lwovz
ba-#ᴅᴀᴛ ==nge#=1ᴍꞮɴII
ngö#ɢᴇɴ1ᴀ
yâ#stay läblö#together -bë#PᴅꞮƦ.YON
ngö#ɢᴇɴ1ᴀ
kä..#ѕᴜʙʀ
toki#knife
tü-#Ʀʟ li#two -tö#GᴅꞮƦ.IN ==pe#=ᴄᴏЅ -bë#PᴅꞮƦ.YON
da#thing
në-#ɴᴍʟᴢ1 pwi#bare.the.teeth läblö#together ==kö#=1ᴀᴜɢI
nyë#ᴘᴄꜰʟ.ʙ&ɢ ==dö#=3ᴀᴜɢII
kâ#ᴅᴇᴍ2.ᴅɪѕᴛ
tömâtu#island
tewa#rain
në-#ɴᴍʟᴢ1 pötö#enter.in -kö#ɴᴍʟᴢ.ᴘᴄꜰʟ ==nge#=1ᴍꞮɴII
na-#ꞮƦƦ ngü#eat -tä#ꞮɴᴛЅ ==kö#=1ᴀᴜɢI
kâ#ᴅᴇᴍ2.ᴅɪѕᴛ
peto#bush
ne#ᴘᴄꜰʟ.rsbl ==de#=3ᴍꞮɴII
kâ#ᴅᴇᴍ2.ᴅɪѕᴛ
lâ#ᴅᴇᴍ1.ᴅɪѕᴛ
ma#house
buk#book
vaol#vowel
kä..#ѕᴜʙʀ
kä..#ѕᴜʙʀ
të-#Ʀʟ.3ᴀᴜɢ ka#give -mü#PᴅꞮƦ.HITHER ==lö#=3ᴀᴜɢIA
ä#and
trnzmcu#unseen
kâng#those
kölë#reach -bë#PᴅꞮƦ.YON ==kö#=1ᴀᴜɢI
pöla#sea
pu#gun
më#ᴘʀᴇᴘ
më#ᴘʀᴇᴘ
badö#ᴄᴏᴍ.
na-#ꞮƦƦ obü#watch kapü#hidden -pä#GᴅꞮƦ.OUT
tü-#Ʀʟ a-#ᴄᴀᴜЅ yagoä#sick ==le#=3ᴍꞮɴIA
vo#travel -ngö#ᴀᴘᴘʟ -mü#PᴅꞮƦ.HITHER ==#=3ᴍꞮɴIS
sâ-#ᴘꜰᴠ
lö#ᴛᴘɴʏᴍ
kä..#ѕᴜʙʀ
sâ-#ᴘꜰᴠ
kâ#ᴅᴇᴍ2.ᴅɪѕᴛ
kâng#those
-#3ᴀᴜɢ1 yölü#put -bë#PᴅꞮƦ.YON
kâng#those
më#ᴘʀᴇᴘ
doa#child
në-#ɴᴍʟᴢ1 vë#feel.sad -ti#ᴛƦ -tä#ꞮɴᴛЅ -kö#ɴᴍʟᴢ.ᴘᴄꜰʟ
sâ-#ᴘꜰᴠ
ëbü#day
luekäpië#medicine
nëmu#if
töpnëngö#none.;.lack;.none
më#ᴘʀᴇᴘ
kâ#ᴅᴇᴍ2.ᴅɪѕᴛ
kâ#ᴅᴇᴍ2.ᴅɪѕᴛ
möka#here
kâ#ᴅᴇᴍ2.ᴅɪѕᴛ
në-#ɴᴍʟᴢ1 mënö#empty -kö#ɴᴍʟᴢ.ᴘᴄꜰʟ ==de#=3ᴍꞮɴII
kä..#ѕᴜʙʀ
në-#ɴᴍʟᴢ1 ö-#ᴍꞮᴅ pi#say -kö#ɴᴍʟᴢ.ᴘᴄꜰʟ -bo#.BZ(PDIR.YON)=O(1MINI)
tü-#Ʀʟ dwa#jump -tö#GᴅꞮƦ.IN ==pe#=ᴄᴏЅ ==kö#=1ᴀᴜɢI
-#3ᴀᴜɢ1 älö#hear -mü#PᴅꞮƦ.HITHER ==lö#=3ᴀᴜɢIA
sâ-#ᴘꜰᴠ
tü-#Ʀʟ tu#stand -tä#ꞮɴᴛЅ ==pe#=ᴄᴏЅ
nöâ#wave
na-#ꞮƦƦ ö-#ᴍꞮᴅ yëkö#peel -ngö#ᴀᴘᴘʟ ==gö#=1ᴀᴜɢII
bznwz#Bznwz.vil
më#ᴘʀᴇᴘ
natü#word
ölilö#both ==mu#=2ᴀᴜɢII
kâ#ᴅᴇᴍ2.ᴅɪѕᴛ
mwä#maybe;.I.think
kä..#ѕᴜʙʀ etu#big
tü-#Ʀʟ opä#go.out ==pe#=ᴄᴏЅ -ngö#ᴀᴘᴘʟ ==de#=3ᴍꞮɴII
mou#again
mökâ#there
sâ#ᴘᴄꜰʟ.hand ==dö#=3ᴀᴜɢII
möka#here
lökö'#rat
kâ#ᴅᴇᴍ2.ᴅɪѕᴛ
nöwä#peace
nabën#bay
kâ#ᴅᴇᴍ2.ᴅɪѕᴛ
ö#ɢᴇɴ1ᴀ ==dö#=3ᴀᴜɢII
yië#year
etu#big -ne#ꞮɴᴛЅ -pä#GᴅꞮƦ.OUT
narnztilolx#Narnztilolx.(village)
na-#ꞮƦƦ o#go ==pe#=ᴄᴏЅ
-#3ᴀᴜɢ1 pna#steal -ti#ᴛƦ ==lö#=3ᴀᴜɢIA
kxpipz#little
ä#and
la#ᴅᴇᴍ1.ᴘʀᴏχ pwë#just
lâde#there
sâ-#ᴘꜰᴠ
kä..#ѕᴜʙʀ
dâkta#doctor
ba-#ᴅᴀᴛ ==nge#=1ᴍꞮɴII
më#ᴘʀᴇᴘ
nëpnu-esë'#ten
menabz#Menabz
lâde#there
aglikan#Anglican
tü-#Ʀʟ längiti#obey ==pe#=ᴄᴏЅ kë#also ==le#=3ᴍꞮɴIA
twë#take ==ä#=1ᴍꞮɴI
kâ#ᴅᴇᴍ2.ᴅɪѕᴛ
tewa#rain
yâ#stay aepë#near -tö#GᴅꞮƦ.IN
wökätö#baptised ==kö#=1ᴀᴜɢI
aijz#Aijz
meöikol#miracle
mölâ#there
bagö#dat=1augII
döka'#demon
nemya'#Nemya'.
mëtea#village
mya#miss -tä#ꞮɴᴛЅ -ngö#ᴀᴘᴘʟ
ä#and
kâ#ᴅᴇᴍ2.ᴅɪѕᴛ
kâ#ᴅᴇᴍ2.ᴅɪѕᴛ
-#3ᴀᴜɢ1 vë#go -ngö#ᴀᴘᴘʟ -mü#PᴅꞮƦ.HITHER ==lö#=3ᴀᴜɢIA
ngö#ɢᴇɴ1ᴀ
olvë#female
ö-#ᴍꞮᴅ pi#say -mü#PᴅꞮƦ.HITHER ==le#=3ᴍꞮɴIA
a-#ᴄᴀᴜЅ tu#stand -bä#SUPPORT -lë#GᴅꞮƦ.UP ==le#=3ᴍꞮɴIA
lö#ᴛᴘɴʏᴍ
badö#ᴄᴏᴍ.
pu#gun
tü-#Ʀʟ lolvë#hold,.restrain ==pe#=ᴄᴏЅ ==ä#=1ᴍꞮɴI
pu#gun
kë#also
kä..#ѕᴜʙʀ
muöde#because
badö#ᴄᴏᴍ.
nigö#be.1ᴀᴜɢII
skul#school
döka'#demon
kâng#those
badö#dat=3augII
kä..#ѕᴜʙʀ
müngö#image
kâng#those
ami#army
më#ᴘʀᴇᴘ
alankaula#Alankaula
elö#there
kë#also
në-#ɴᴍʟᴢ1 vë#go -o#GᴅꞮƦ.DOWN -kö#ɴᴍʟᴢ.ᴘᴄꜰʟ ==dö#=3ᴀᴜɢII
mnâ#be -epe#LEEWARD -lë#GᴅꞮƦ.UP ==le#=3ᴍꞮɴIA
më#ᴘʀᴇᴘ
ëyagoä#sickness
ngö#ɢᴇɴ1ᴀ
ä#and
në-#ɴᴍʟᴢ1 vea#war -ti#ᴛƦ -ngö#ɴᴍʟᴢ
-#3ᴀᴜɢ1 vë#go -bë#PᴅꞮƦ.YON ==ng#=3ᴀᴜɢIS
ilztrkalr#Ilztrkalr
më#ᴘʀᴇᴘ
sa#ɪᴘꜰᴠ
be#skin
muli#bead
kâ#ᴅᴇᴍ2.ᴅɪѕᴛ
da#thing kâ#ᴅᴇᴍ2.ᴅɪѕᴛ
peto#bush
menabz#Menabz
melomate#Melomate
sâ-#ᴘꜰᴠ
dötwö#mind ==nge#=1ᴍꞮɴII
mnâ#be -ne#ᴅЅᴛƦ mou#again -ngö#ᴀᴘᴘʟ ==gö#=1ᴀᴜɢII
kâ#ᴅᴇᴍ2.ᴅɪѕᴛ
olvë#female
kâng#those
kä..#ѕᴜʙʀ
më#face ==te#=3ᴍꞮɴII
ä#and
dëbe#group
ela#dance ==kö#=1ᴀᴜɢI
bona#pigeon.
töte#father ==de#=3ᴍꞮɴII
dëtu#things ==dö#=3ᴀᴜɢII
ka#ᴅᴇᴍ2.ᴘʀᴏχ
vea#war kapü#hidden
më#ᴘʀᴇᴘ
kä..#ѕᴜʙʀ külu#many
ngö#ɢᴇɴ1ᴀ
mökâ#where
e#or
kxaonrwx#peacemaker
këdü#a
tömâtu#island
ëbë#so.then
doa#child
yökö#finish -tä#ꞮɴᴛЅ -o#GᴅꞮƦ.DOWN kë#also ==#=3ᴍꞮɴIS
tü-#Ʀʟ mnë#lay,.recline -ëli#ALONG ==le#=3ᴍꞮɴIA
lâ#ᴅᴇᴍ1.ᴅɪѕᴛ
ä#and
nëköka'#prayer
na-#ꞮƦƦ obqlvz#watching -ti#ᴛƦ ëpwä#well ==ä#=1ᴍꞮɴI
ä#and
vo#travel -mü#PᴅꞮƦ.HITHER
sâ#ᴘᴄꜰʟ.hand ==de#=3ᴍꞮɴII
të-#Ʀʟ.3ᴀᴜɢ wai#do -sö#THUSLY -ngö#ᴀᴘᴘʟ ==dö#=3ᴀᴜɢII
tö-#ɴᴇɢ ngi#be -u#ɴᴇɢ
asa#do.slowly;.slow -ngö#ᴀᴘᴘʟ ==gö#=1ᴀᴜɢII
vë#feel.sad -tä#ꞮɴᴛЅ
kä..#ѕᴜʙʀ
mnâ#be -ti#ᴛƦ ==ä#=1ᴍꞮɴI
nâ#fish
këdung#ᴀᴛ.фɴᴛ.ᴘʟ.ᴘʟ
jon#John
-#3ᴀᴜɢ1 bë#die -ti#ᴘʟᴄᴛ läblö#together ==ngü#=3ᴀᴜɢIS
nëli#two;.couple
kâ#ᴅᴇᴍ2.ᴅɪѕᴛ
ma#house
-#3ᴀᴜɢ1 mâ#see -tö#GᴅꞮƦ.IN ==pe#=ᴄᴏЅ -mü#PᴅꞮƦ.HITHER ==lö#=3ᴀᴜɢIA
në-#ɴᴍʟᴢ1 wë#make -kö#ɴᴍʟᴢ.ᴘᴄꜰʟ ==nge#=1ᴍꞮɴII
leplë#people
peto#bush
më#ᴘʀᴇᴘ
nüvi#rope
eu#yes
vaol#vowel
läe#mother.aunt ==dö#=3ᴀᴜɢII
nidö#be.3ᴀᴜɢII.
ä#and
bë#die
pötö#enter.in ==ä#=1ᴍꞮɴI
rum#room
ä#and
nim#be.2ᴍɪɴII
tö-#ɴᴇɢ öblä#be.difficult pwë#just -u#ɴᴇɢ
wë#work -ti#ᴛƦ -tä#ꞮɴᴛЅ -bë#PᴅꞮƦ.YON ==o#=1ᴍꞮɴI.ᴄᴍʙ
bëkü#do.not
këble#different
kä..#ѕᴜʙʀ
ä#and
-#3ᴀᴜɢ1 lvâ#fly ==ng#=3ᴀᴜɢIS
na-#ꞮƦƦ ölapä#rescued ==ü#=2ᴍꞮɴI
ö-#ᴍꞮᴅ pi#say -mü#PᴅꞮƦ.HITHER ==le#=3ᴍꞮɴIA
mö-#PLACE nye#ᴘᴄꜰʟ.ʙ&ɢ ==nge#=1ᴍꞮɴII
döta'#food ==dö#=3ᴀᴜɢII
tü-#Ʀʟ vo#travel -ti#ᴛƦ -tö#GᴅꞮƦ.IN ==pe#=ᴄᴏЅ -mü#PᴅꞮƦ.HITHER ==le#=3ᴍꞮɴIA
sâ-#ᴘꜰᴠ
mökâ#there
ba-#ᴅᴀᴛ ==nge#=1ᴍꞮɴII
ma#house
sâ-#ᴘꜰᴠ
dalö#things.of
töpnëngö#none.;.lack;.none
në-#ɴᴍʟᴢ1 vo#travel -tö#GᴅꞮƦ.IN -kö#ɴᴍʟᴢ.ᴘᴄꜰʟ -mü#PᴅꞮƦ.HITHER ==lö#=3ᴀᴜɢIA
kipo#get.wet ==pe#=ᴄᴏЅ ==kö#=1ᴀᴜɢI
pawa#Pawa.school
tü-#Ʀʟ ö-#ᴍꞮᴅ pi#say ==pe#=ᴄᴏЅ -mü#PᴅꞮƦ.HITHER ==le#=3ᴍꞮɴIA
kâng#those
tölaki#wind.W
mökâ#there
kâ#ᴅᴇᴍ2.ᴅɪѕᴛ
më#ᴘʀᴇᴘ
kä..#ѕᴜʙʀ
töau#money
da#thing
skul#school
muöde#because
mökâ#there
këble#different
amölä#all
lö#ᴛᴘɴʏᴍ
tö-#ɴᴇɢ ölö#allow -ngö#ᴀᴘᴘʟ -mü#PᴅꞮƦ.HITHER ==le#=3ᴍꞮɴIA -u#ɴᴇɢ
dëbö#root
kä..#ѕᴜʙʀ
nigö#be.1ᴀᴜɢII
kâ#ᴅᴇᴍ2.ᴅɪѕᴛ
të-#Ʀʟ.3ᴀᴜɢ ö-#ᴍꞮᴅ pi#say ==pe#=ᴄᴏЅ ==lö#=3ᴀᴜɢIA
da#thing
lâpwë#same
kâ#ᴅᴇᴍ2.ᴅɪѕᴛ
-#3ᴀᴜɢ1 vë#go -dë#GᴅꞮƦ.UP -mü#PᴅꞮƦ.HITHER ==ng#=3ᴀᴜɢIS
mama#priest
kä..#ѕᴜʙʀ
në-#ɴᴍʟᴢ1 älö#hear -kö#ɴᴍʟᴢ.ᴘᴄꜰʟ ==gö#=1ᴀᴜɢII
yâ#stay
këdü#a
kâ#ᴅᴇᴍ2.ᴅɪѕᴛ
nölâ#place
skul#school
glalë#lift.up ==le#=3ᴍꞮɴIA
kä..#ѕᴜʙʀ
këdu#some
älö#hear -bë#PᴅꞮƦ.YON ==le#=3ᴍꞮɴIA
alvâ#push -ne#ꞮɴᴛЅ -lëbü#Ʀᴇꜰʟ -bë#PᴅꞮƦ.YON ==kö#=1ᴀᴜɢI
delape#hem.nao
kä..#ѕᴜʙʀ
më.nibö#AFTER
milëpü#evening
në-#ɴᴍʟᴢ1 yöni#cry -tä#ꞮɴᴛЅ ëlwë#much ==ng#=3ᴀᴜɢIS
tü-#Ʀʟ ö-#ᴍꞮᴅ pi#say ==pe#=ᴄᴏЅ -bë#PᴅꞮƦ.YON ==le#=3ᴍꞮɴIA
kâma#that.one
këdü#a
vanuatu#Vanuatu
töka#bad ==ku#=12ᴀᴜɢI
lâ#ᴅᴇᴍ1.ᴅɪѕᴛ
të-#Ʀʟ.3ᴀᴜɢ yâmne#speak ==pe#=ᴄᴏЅ -bë#PᴅꞮƦ.YON
këdü#a
ba-#ᴅᴀᴛ ==de#=3ᴍꞮɴII
tü-#Ʀʟ mibi#rot
ëlwë#much
bëkü#do.not
më#ᴘʀᴇᴘ
a'#but
mëtea#village
vo#travel ==ä#=1ᴍꞮɴI
takes#tax
badö#ᴄᴏᴍ.
ma#house
kä..#ѕᴜʙʀ
kâ#ᴅᴇᴍ2.ᴅɪѕᴛ
ëbë#so.then
mama#priest
ayângölö#shake. -alo#FOREVER ==le#=3ᴍꞮɴIA
ä#and
dwa#jump -libü#FAST -tä#ꞮɴᴛЅ -o#GᴅꞮƦ.DOWN ==ä#=1ᴍꞮɴI
kä..#ѕᴜʙʀ tö-#ɴᴇɢ -#3ᴀᴜɢ1 yölë#marry -u#ɴᴇɢ
nöa#fruit ==dö#=3ᴀᴜɢII
kâng#those
tü-#Ʀʟ ö-#ᴍꞮᴅ pi#say ==pe#=ᴄᴏЅ -bë#PᴅꞮƦ.YON ==le#=3ᴍꞮɴIA
tzsiu#monk
mnâ#be -ti#ᴛƦ -tä#ꞮɴᴛЅ pwë#just ==kö#=1ᴀᴜɢI
lopi#taboo.marker
bia#breadfruit
a-#ᴄᴀᴜЅ yëlu#reply -bë#PᴅꞮƦ.YON ==le#=3ᴍꞮɴIA
ba-#ᴅᴀᴛ ==nge#=1ᴍꞮɴII
ä#and
mangrnzmungr#dining.hall
lâsu#ship
muöde#because
vëtö#enter ==le#=3ᴍꞮɴIA
në-#ɴᴍʟᴢ1 ö-#ᴍꞮᴅ yrla#shape.with.friction -ngö#ᴀᴘᴘʟ
vë#go -tö#GᴅꞮƦ.IN kë#also -#PᴅꞮƦ.YON
në-#ɴᴍʟᴢ1 mnâ#live,.stay -kö#ɴᴍʟᴢ.ᴘᴄꜰʟ ==gö#=1ᴀᴜɢII
kâti#marvel -tä#ꞮɴᴛЅ -pä#GᴅꞮƦ.OUT ==ä#=1ᴍꞮɴI
tü-#Ʀʟ pi#say ==pe#=ᴄᴏЅ -bë#PᴅꞮƦ.YON ==le#=3ᴍꞮɴIA
ngö#ɢᴇɴ1ᴀ ==de#=3ᴍꞮɴII
kä..#ѕᴜʙʀ
më#ᴘʀᴇᴘ
ba-#ᴅᴀᴛ ==nge#=1ᴍꞮɴII
në-#ɴᴍʟᴢ1 wë#make -kö#ɴᴍʟᴢ.ᴘᴄꜰʟ ==de#=3ᴍꞮɴII
sâ-#ᴘꜰᴠ
këdu#some
meöikol#miracle
kâng#those
-#3ᴀᴜɢ1 yangönga#weak -tä#ꞮɴᴛЅ ëlwë#much ==pe#=ᴄᴏЅ -ngö#ᴀᴘᴘʟ ==dö#=3ᴀᴜɢII
sâ-#ᴘꜰᴠ
badö#dat=3augII
ö-#ᴍꞮᴅ pi#say -mü#PᴅꞮƦ.HITHER ==le#=3ᴍꞮɴIA
kâ#ᴅᴇᴍ2.ᴅɪѕᴛ
ni#be ==gö#=1ᴀᴜɢII
wia#Wia
popë'#bow
dötâ'#ground
kâng#those
pöla#sea
skul#school
kâ#ᴅᴇᴍ2.ᴅɪѕᴛ
doa#child
olvë#female
më#ᴘʀᴇᴘ
kä..#ѕᴜʙʀ külu#many
kä..#ѕᴜʙʀ
tö-#ɴᴇɢ në-#ɴᴍʟᴢ1 yagoä#sick -kö#ɴᴍʟᴢ.ᴘᴄꜰʟ ==gö#=1ᴀᴜɢII -u#ɴᴇɢ
kâ#ᴅᴇᴍ2.ᴅɪѕᴛ
leplë#people
sâ#ᴘᴄꜰʟ.hand ==de#=3ᴍꞮɴII
ä#and
tolo#coconut.oil
mökâ#there
nouöla#morning
melomate#Melomate
yâpü#wash -tä#ꞮɴᴛЅ -pä#GᴅꞮƦ.OUT ==ä#=1ᴍꞮɴI
kâ#ᴅᴇᴍ2.ᴅɪѕᴛ
pawa#Pawa.school
sâ#ᴘᴄꜰʟ.hand ==gö#=1ᴀᴜɢII
më#ᴘʀᴇᴘ
tü-#Ʀʟ vo#travel -tä#ꞮɴᴛЅ -ngö#ᴀᴘᴘʟ pwë#just
tü-#Ʀʟ vë#go -tö#GᴅꞮƦ.IN ==pe#=ᴄᴏЅ -bo#.BZ(PDIR.YON)=O(1MINI)
kâng#those
sa#ɪᴘꜰᴠ
nea#Nea
töi#arrow
të-#Ʀʟ.3ᴀᴜɢ yökö#depart -o#GᴅꞮƦ.DOWN ==pe#=ᴄᴏЅ -mü#PᴅꞮƦ.HITHER ==ng#=3ᴀᴜɢIS
kä..#ѕᴜʙʀ
kä..#ѕᴜʙʀ
më#ᴘʀᴇᴘ
më#ᴘʀᴇᴘ
tü-#Ʀʟ mnë#lay,.recline -ëli#ALONG ==le#=3ᴍꞮɴIA
kâ#ᴅᴇᴍ2.ᴅɪѕᴛ
tü-#Ʀʟ ne#scream ==pe#=ᴄᴏЅ
dapu#piece
kä..#ѕᴜʙʀ
ä#and
këble#different -ngü#ᴘʟ
kä..#ѕᴜʙʀ
abötë#be.happy ==kö#=1ᴀᴜɢI
ölapä#rescued ==ä#=1ᴍꞮɴI
sâ-#ᴘꜰᴠ
ö#ɢᴇɴ1ᴀ ==gö#=1ᴀᴜɢII
lâde#there pwë#just
natü#word ==de#=3ᴍꞮɴII
ma#house
kâng#those
leu#leaf
sâ-#ᴘꜰᴠ
müngö#image
na-#ꞮƦƦ vë#go ==ng#=3ᴀᴜɢIS
kä..#ѕᴜʙʀ esë'#one
nâu#base
më#ᴘʀᴇᴘ
nabë#insides
kai#first
këdü#a
da#thing
ä#and
älö#hear mou#again ==kö#=1ᴀᴜɢI
të-#Ʀʟ.3ᴀᴜɢ a-#ᴄᴀᴜЅ möbö#lose -tö#GᴅꞮƦ.IN ==lö#=3ᴀᴜɢIA
ni-#ᴀᴄᴄ ==nge#=1ᴍꞮɴII
nidö#be.3ᴀᴜɢII.
më#ᴘʀᴇᴘ
älö#hear -bë#PᴅꞮƦ.YON ==kö#=1ᴀᴜɢI
nigö#be.1ᴀᴜɢII
yië#year
sâ-#ᴘꜰᴠ
ä#and
li#two pwë#just
kâ#ᴅᴇᴍ2.ᴅɪѕᴛ
ö#ɢᴇɴ1ᴀ ==gö#=1ᴀᴜɢII
mou#again
yâ#stay -tä#ꞮɴᴛЅ -o#GᴅꞮƦ.DOWN ==pe#=ᴄᴏЅ ==#=3ᴍꞮɴIS
kâ#ᴅᴇᴍ2.ᴅɪѕᴛ
skul#school
në-#ɴᴍʟᴢ1 mnâ#live,.stay -kö#ɴᴍʟᴢ.ᴘᴄꜰʟ ==gö#=1ᴀᴜɢII
a'#but
-#3ᴀᴜɢ1 mnâ#be täpwë#only
më#ᴘʀᴇᴘ
më#ᴘʀᴇᴘ
doa#child
bagö#dat=1augII
nëmu#if
a-#ᴄᴀᴜЅ ngâ#burn -ti#ᴛƦ ==kö#=1ᴀᴜɢI
kä..#ѕᴜʙʀ
tü-#Ʀʟ oti#take ==pe#=ᴄᴏЅ -bë#PᴅꞮƦ.YON ==le#=3ᴍꞮɴIA
ngö#ɢᴇɴ1ᴀ
kirakira#Kirakira
ela#dance ==kö#=1ᴀᴜɢI
sâ-#ᴘꜰᴠ
kä..#ѕᴜʙʀ
badö#ᴄᴏᴍ.
ma#house
merikz#USA,.AMERICA
lwovz#Lwovz
dâpwe#salt.water
kâ#ᴅᴇᴍ2.ᴅɪѕᴛ
nepi#sun
më#ᴘʀᴇᴘ
naonöä#doorway
kâng#those
ngö#ɢᴇɴ1ᴀ ==de#=3ᴍꞮɴII
yâ#stay
ä#and
dötwö#mind ==de#=3ᴍꞮɴII
ö-#ᴍꞮᴅ pi#say -bë#PᴅꞮƦ.YON
më#ᴘʀᴇᴘ
nüvi#rope
lâsu#ship
kâ#ᴅᴇᴍ2.ᴅɪѕᴛ
këdü#a
lâ#ᴅᴇᴍ1.ᴅɪѕᴛ
mölâ#there
nâbö#cross
më#ᴘʀᴇᴘ
nea#Nea
töpnëngö#none.;.lack;.none
sâ-#ᴘꜰᴠ
ä#and
kä..#ѕᴜʙʀ
ngö#ɢᴇɴ1ᴀ
nide#be.3ᴍɪɴII
më#ᴘʀᴇᴘ
ëbë#so.then
kämule-esë'#even.though
alankaula#Alankaula
kä..#ѕᴜʙʀ
badö#ᴄᴏᴍ.
-#3ᴀᴜɢ1 mu#desire ==lö#=3ᴀᴜɢIA
badle#Baddeley
yöni#cry -tä#ꞮɴᴛЅ
kâ#ᴅᴇᴍ2.ᴅɪѕᴛ
muöde#because
a'#but
mepë#shore
kölë#reach -mü#PᴅꞮƦ.HITHER ==le#=3ᴍꞮɴIA
ö-#ᴍꞮᴅ pi#say -bë#PᴅꞮƦ.YON
dzbede#group
kä..#ѕᴜʙʀ
kä..#ѕᴜʙʀ
metrkrbade#Metrkrbade
dzbede#group
esë'#one
tzsiu#monk
auki#Auki
yië#year
sâ-#ᴘꜰᴠ
-#3ᴀᴜɢ1 vo#travel -mü#PᴅꞮƦ.HITHER ==ng#=3ᴀᴜɢIS
të-#Ʀʟ.3ᴀᴜɢ ya#paddle -mi#ᴅᴘᴠ ==pe#=ᴄᴏЅ -bë#PᴅꞮƦ.YON ==lö#=3ᴀᴜɢIA
ëyagoä#sickness
kä..#ѕᴜʙʀ
kâng#those
mama#priest
këdü#a
kä..#ѕᴜʙʀ etu#big -ti#ᴛƦ -ngü#ᴘʟ
kirakira#Kirakira
lâde#there
kâ#ᴅᴇᴍ2.ᴅɪѕᴛ
nim#be.2ᴍɪɴII
tü-#Ʀʟ mnâ#be -tö#GᴅꞮƦ.IN p#2ᴍɪɴII
e#or
yië#year
na-#ꞮƦƦ pötö#enter.in ==pe#=ᴄᴏЅ kë#also ==ng#=3ᴀᴜɢIS
yâpü#wash -tä#ꞮɴᴛЅ -pä#GᴅꞮƦ.OUT ==ä#=1ᴍꞮɴI
da#thing
älö#hear -bë#PᴅꞮƦ.YON ==kö#=1ᴀᴜɢI
kä..#ѕᴜʙʀ
kä..#ѕᴜʙʀ
më#ᴘʀᴇᴘ
ëbë#so.then
mama#priest
na-#ꞮƦƦ yâ#stay ==pe#=ᴄᴏЅ -mü#PᴅꞮƦ.HITHER
lvepx#Lvepx.vil
ä#and
japan#JAPAN
ä#and
nâblo#man
kä..#ѕᴜʙʀ etu#big
sâ-#ᴘꜰᴠ
nâbö#cross
tü-#Ʀʟ mnâ#live,.stay -ngö#ᴀᴘᴘʟ ==de#=3ᴍꞮɴII
inglis#English
sâ-#ᴘꜰᴠ
temë#moon.
teomo#manioc
ma#house
këdü#a
osopx#move.someone.away -bë#PᴅꞮƦ.YON ==kö#=1ᴀᴜɢI
nabë#area
kä..#ѕᴜʙʀ
më#ᴘʀᴇᴘ
ä#and
peto#bush
ä#and
më#ᴘʀᴇᴘ
kä..#ѕᴜʙʀ
jisës#Jesus
këdung#ᴀᴛ.фɴᴛ.ᴘʟ.ᴘʟ
ma#house
yëlu#return -mü#PᴅꞮƦ.HITHER ==ä#=1ᴍꞮɴI
doa#child
nâ#fish
a'#but
yië#year
ä#and
nabë#area nepi#sun
bqkq#VINE.PAPAYA
lika#kite
doa#child
ye#instead
yöni#cry -ne#ꞮɴᴛЅ -o#GᴅꞮƦ.DOWN ==pe#=ᴄᴏЅ -bë#PᴅꞮƦ.YON
kâng#those
primiz#Premier
muöde#because
nyë#ᴘᴄꜰʟ.ʙ&ɢ ==de#=3ᴍꞮɴII
kä..#ѕᴜʙʀ
be#god
esë'#one -ti#ᴛƦ
makä#bite -tä#ꞮɴᴛЅ -bë#PᴅꞮƦ.YON ==le#=3ᴍꞮɴIA
-#ᴘᴀЅ läküti#spotted -o#GᴅꞮƦ.DOWN
-#ᴘᴀЅ läküti#spotted -o#GᴅꞮƦ.DOWN
në-#ɴᴍʟᴢ1 yâ#sorry -ngö#ᴀᴘᴘʟ
kâ#ᴅᴇᴍ2.ᴅɪѕᴛ
ä#and
dü#Фɴᴛ.Ѕɢ
këdung#ᴀᴛ.фɴᴛ.ᴘʟ.ᴘʟ
lâ#ᴅᴇᴍ1.ᴅɪѕᴛ
trpulu#fruiting.branch
ö-#ᴍꞮᴅ pi#say -bë#PᴅꞮƦ.YON
ä#and
badö#ᴄᴏᴍ.
sâ-#ᴘꜰᴠ
nëli#two;.couple
më#ᴘʀᴇᴘ
kä..#ѕᴜʙʀ esë'#one
a'#but
të-#Ʀʟ.3ᴀᴜɢ mwelr#fear ==ng#=3ᴀᴜɢIS
ycpe.pipz#ALMOST
më#ᴘʀᴇᴘ
kâ#ᴅᴇᴍ2.ᴅɪѕᴛ
da#thing
a'#but
ëbë#so.then
ka#ᴅᴇᴍ2.ᴘʀᴏχ
sâ#ᴘᴄꜰʟ.hand ==de#=3ᴍꞮɴII
na-#ꞮƦƦ pötë#happen ==lö#=3ᴀᴜɢIA
na-#ꞮƦƦ ngölö#hurry -tö#GᴅꞮƦ.IN ==ki#=12ᴍꞮɴI
öblä#be.difficult
kai#first
kä..#ѕᴜʙʀ glö#dry
nibö#back.part ==de#=3ᴍꞮɴII
më#ᴘʀᴇᴘ
yië#year
më#ᴘʀᴇᴘ
sâ-#ᴘꜰᴠ
tü-#Ʀʟ yöbü#lying.down -o#GᴅꞮƦ.DOWN -mü#PᴅꞮƦ.HITHER
ö#ɢᴇɴ1ᴀ
tu#stand -pä#GᴅꞮƦ.OUT -ngö#ᴀᴘᴘʟ -mü#PᴅꞮƦ.HITHER
lâde#there pwë#just
na-#ꞮƦƦ ayöplapä#punish ==ä#=1ᴍꞮɴI -ngü#ᴘʟ
kâ#ᴅᴇᴍ2.ᴅɪѕᴛ
sâ-#ᴘꜰᴠ
nüvi#rope
da#thing
tü-#Ʀʟ wxliki#be.in.pieces -tä#ꞮɴᴛЅ -pä#GᴅꞮƦ.OUT
-#3ᴀᴜɢ1 yökö#depart läblö#each ==pe#=ᴄᴏЅ ==lö#=3ᴀᴜɢIA
töpnëngö#none.;.lack;.none
pulis#police
peto#bush
alankaula#Alankaula
kai#first
kä..#ѕᴜʙʀ
muöde#because
ä#and
më#ᴘʀᴇᴘ
në-#ɴᴍʟᴢ1 vë#go -kö#ɴᴍʟᴢ.ᴘᴄꜰʟ ==nge#=1ᴍꞮɴII
tü-#Ʀʟ vë#go ==pe#=ᴄᴏЅ -mü#PᴅꞮƦ.HITHER
kâ#ᴅᴇᴍ2.ᴅɪѕᴛ
kâ#ᴅᴇᴍ2.ᴅɪѕᴛ
kang#these
lö#ᴛᴘɴʏᴍ
menabz#Menabz
më#ᴘʀᴇᴘ
lö#ᴛᴘɴʏᴍ
makätö#church.building
të-#Ʀʟ.3ᴀᴜɢ vë#go ==pe#=ᴄᴏЅ mou#again ==ng#=3ᴀᴜɢIS
boe#boy
baengr#Baengr
döka'#demon
në-#ɴᴍʟᴢ1 ö-#ᴍꞮᴅ lë#carve ==ng#=3ᴀᴜɢIS
tü-#Ʀʟ vë#go ==pe#=ᴄᴏЅ -mü#PᴅꞮƦ.HITHER
möka#here
sâ-#ᴘꜰᴠ
ä#and
ö-#ᴍꞮᴅ pi#say -bë#PᴅꞮƦ.YON
tömâtu#island
yië#year
në-#ɴᴍʟᴢ1 vë#go -kö#ɴᴍʟᴢ.ᴘᴄꜰʟ ==gö#=1ᴀᴜɢII
lâde#there
ngö#ɢᴇɴ1ᴀ
tü-#Ʀʟ ö-#ᴍꞮᴅ pi#say ==pe#=ᴄᴏЅ -bë#PᴅꞮƦ.YON ==le#=3ᴍꞮɴIA
nigö#be.1ᴀᴜɢII
etu#big -tä#ꞮɴᴛЅ
sâ-#ᴘꜰᴠ
-#3ᴀᴜɢ1 o#go -ägle#DEPEND alëu#instead ==lö#=3ᴀᴜɢIA
ngö#ɢᴇɴ1ᴀ
vë#go -mü#PᴅꞮƦ.HITHER ==#=3ᴍꞮɴIS
nibü#kill -ti#ᴛƦ
dötü#name ==de#=3ᴍꞮɴII
a'#but
legou#creeper.climber
lâsu#ship
na-#ꞮƦƦ mwi#sleep
pâ#red
na-#ꞮƦƦ ngi#be
vë#go ==le#=3ᴍꞮɴIA
lâ#ᴅᴇᴍ1.ᴅɪѕᴛ
dötwö#mind
ä#and
nike#what
ä#and
la#ᴅᴇᴍ1.ᴘʀᴏχ
doa#person
kä..#ѕᴜʙʀ
më#ᴘʀᴇᴘ
të-#Ʀʟ.3ᴀᴜɢ yâmne#speak -mü#PᴅꞮƦ.HITHER
më#ᴘʀᴇᴘ
tewa#rain
dötü#body ==gö#=1ᴀᴜɢII
blökü#grandmother ==nge#=1ᴍꞮɴII
amölä#all
mölä#son ==nge#=1ᴍꞮɴII
kä..#ѕᴜʙʀ
lö#ᴘᴄꜰʟ.inherent ==de#=3ᴍꞮɴII
muöde#because
nâbö#cross
mâ#see ==ä#=1ᴍꞮɴI
ba-#ᴅᴀᴛ ==nge#=1ᴍꞮɴII
kä..#ѕᴜʙʀ
töpnëngö#none.;.lack;.none
tü-#Ʀʟ ö-#ᴍꞮᴅ kawi#cross -ti#ᴛƦ ==kö#=1ᴀᴜɢI
më#ᴘʀᴇᴘ
nöwä#peace
kä..#ѕᴜʙʀ külu#many
vz-kzpq#COME.ALSO
na-#ꞮƦƦ a-#ᴄᴀᴜЅ glü#carry kë#also ==ng#=3ᴀᴜɢIS
töte#father ==nge#=1ᴍꞮɴII
eroplen#airplane
la#ᴅᴇᴍ1.ᴘʀᴏχ
më#ᴘʀᴇᴘ
ölilö#both
kâ#ᴅᴇᴍ2.ᴅɪѕᴛ
mya#surpass -së#VERY -pä#GᴅꞮƦ.OUT ==le#=3ᴍꞮɴIA
kâ#ᴅᴇᴍ2.ᴅɪѕᴛ
ö#ɢᴇɴ1ᴀ
doa#child
kâ#ᴅᴇᴍ2.ᴅɪѕᴛ
kä..#ѕᴜʙʀ
ö-#ᴍꞮᴅ pi#say ==le#=3ᴍꞮɴIA
ëbë#so.then
ngölö#hurry -ti#ᴛƦ -tä#ꞮɴᴛЅ -lë#GᴅꞮƦ.UP ==ä#=1ᴍꞮɴI
në-#ɴᴍʟᴢ1 mnâ#live,.stay -kö#ɴᴍʟᴢ.ᴘᴄꜰʟ ==gö#=1ᴀᴜɢII
ena#just
sâ-#ᴘꜰᴠ
nea#Nea
më#ᴘʀᴇᴘ
ba-#ᴅᴀᴛ ==de#=3ᴍꞮɴII
këdü#a
kölä#roof -lë#GᴅꞮƦ.UP ==pe#=ᴄᴏЅ ==le#=3ᴍꞮɴIA
-#ᴘᴀЅ mâ#see
nigö#be.1ᴀᴜɢII
mökâ#there
meleu#Meleu
kä..#ѕᴜʙʀ
kä..#ѕᴜʙʀ -#3ᴀᴜɢ1 topwë#little
disebz#DECEMBER
më#ᴘʀᴇᴘ
ëbë#so.then
tü-#Ʀʟ vëtö#enter ==pe#=ᴄᴏЅ
ëbë#so.then
këdü#a
kâ#ᴅᴇᴍ2.ᴅɪѕᴛ
kampi#CAMP
böngë#good -tä#ꞮɴᴛЅ -tö#GᴅꞮƦ.IN
ä#and
nar#head ==nge#=1ᴍꞮɴII
naonöä#doorway
ne#ᴘᴄꜰʟ.rsbl ==de#=3ᴍꞮɴII -ngü#ᴘʟ
muöde#because
kâ#ᴅᴇᴍ2.ᴅɪѕᴛ
mökâ#there
ni-#ᴀᴄᴄ ==nge#=1ᴍꞮɴII
yië#year
-#ᴘᴀЅ ötöngö#do -ngö#ᴀᴘᴘʟ -bë#PᴅꞮƦ.YON
mepyö#blood
mou#again
tü-#Ʀʟ ngi#be
josip#Joseph
älö#hear ==kö#=1ᴀᴜɢI
katkis#CATECHIST
möka#here
bë#boundary
tü-#Ʀʟ pwä#look.at -nüblü#FOLLOW -lë#GᴅꞮƦ.UP ==pe#=ᴄᴏЅ
-#3ᴀᴜɢ1 tave#break -tö#GᴅꞮƦ.IN ==lö#=3ᴀᴜɢIA
müngö#image
ä#and
yâ#stay -tä#ꞮɴᴛЅ -bë#PᴅꞮƦ.YON
kä..#ѕᴜʙʀ möna#new
kâ#ᴅᴇᴍ2.ᴅɪѕᴛ
täpwë#only
yië#year
kâng#those
mama#priest
kä..#ѕᴜʙʀ
ö-#ᴍꞮᴅ pi#say -bo#.BZ(PDIR.YON)=O(1MINI)
të-#Ʀʟ.3ᴀᴜɢ lvâ#fly -ne#ᴅЅᴛƦ ==ng#=3ᴀᴜɢIS
më#ᴘʀᴇᴘ
nâte#his.nose ==de#=3ᴍꞮɴII
më#ᴘʀᴇᴘ
amölä#all
ni-#ᴀᴄᴄ ==nge#=1ᴍꞮɴII
më#ᴘʀᴇᴘ
töte#father ==nge#=1ᴍꞮɴII
në-#ɴᴍʟᴢ1 ö-#ᴍꞮᴅ pi#say -kö#ɴᴍʟᴢ.ᴘᴄꜰʟ ==de#=3ᴍꞮɴII
tü-#Ʀʟ vë#go ==pe#=ᴄᴏЅ ==kö#=1ᴀᴜɢI
da#thing
ni-#ᴀᴄᴄ ==nge#=1ᴍꞮɴII
kâ#ᴅᴇᴍ2.ᴅɪѕᴛ
kä..#ѕᴜʙʀ
në-#ɴᴍʟᴢ1 vë#go -o#GᴅꞮƦ.DOWN -kö#ɴᴍʟᴢ.ᴘᴄꜰʟ mou#again -mü#PᴅꞮƦ.HITHER ==kö#=1ᴀᴜɢI
a'#but
ä#and
më#ᴘʀᴇᴘ
dwa#jump -o#GᴅꞮƦ.DOWN ani#quickly;.quick ==amu#=2ᴀᴜɢI
kölë#reach -mü#PᴅꞮƦ.HITHER ==le#=3ᴍꞮɴIA
kâ#ᴅᴇᴍ2.ᴅɪѕᴛ
më#ᴘʀᴇᴘ
tü-#Ʀʟ wai#do
nide#be.3ᴍɪɴII
më#ᴘʀᴇᴘ
ä#and
tü-#ᴘᴀЅ ö-#ᴍꞮᴅ ka#give -bë#PᴅꞮƦ.YON
xngibz#feeling
në-#ɴᴍʟᴢ1 yâmne#speak -kö#ɴᴍʟᴢ.ᴘᴄꜰʟ ==nge#=1ᴍꞮɴII
nüni#mat
merikz#USA,.AMERICA
kâ#ᴅᴇᴍ2.ᴅɪѕᴛ
kâ#ᴅᴇᴍ2.ᴅɪѕᴛ
doa#child
dötü#name
më#ᴘʀᴇᴘ
doa#child
më#ᴘʀᴇᴘ
nâdö#ᴄᴏᴍ.
ma#advrs
në-#ɴᴍʟᴢ1 veâ#fight ==kö#=1ᴀᴜɢI
kä..#ѕᴜʙʀ
nekeng#who
kâ#ᴅᴇᴍ2.ᴅɪѕᴛ
ä#and
dötü#name ==de#=3ᴍꞮɴII
dötwö#mind ==de#=3ᴍꞮɴII
sâ-#ᴘꜰᴠ
mökâ#there ==pe#=ᴄᴏЅ
këdü#a
kä..#ѕᴜʙʀ
nyë#ᴘᴄꜰʟ.ʙ&ɢ ==de#=3ᴍꞮɴII
muöde#because
ma#advrs
në-#ɴᴍʟᴢ1 angio#worship -kö#ɴᴍʟᴢ.ᴘᴄꜰʟ ==dö#=3ᴀᴜɢII
vo#travel -pä#GᴅꞮƦ.OUT -bë#PᴅꞮƦ.YON ==kö#=1ᴀᴜɢI
täpwë#only
kä..#ѕᴜʙʀ
në-#ɴᴍʟᴢ1 ö-#ᴍꞮᴅ teka#weave.by.loom -ngö#ᴀᴘᴘʟ
kä..#ѕᴜʙʀ
kâ#ᴅᴇᴍ2.ᴅɪѕᴛ
lâsu#ship
tö-#ɴᴇɢ kölë#reach ==le#=3ᴍꞮɴIA -u#ɴᴇɢ
obqlvz#watching
tosi#torchlight
më#ᴘʀᴇᴘ
ngö#ɢᴇɴ1ᴀ ==de#=3ᴍꞮɴII
më#eye ==ke'#=1ᴍꞮɴII
amölä#all
amölä#all
kä..#ѕᴜʙʀ
tewa#rain
në-#ɴᴍʟᴢ1 pö#go -pä#GᴅꞮƦ.OUT -kö#ɴᴍʟᴢ.ᴘᴄꜰʟ ==nge#=1ᴍꞮɴII
në-#ɴᴍʟᴢ1 yöpu#bang.against -o#GᴅꞮƦ.DOWN -kö#ɴᴍʟᴢ.ᴘᴄꜰʟ -mü#PᴅꞮƦ.HITHER ==le#=3ᴍꞮɴIA
mama#priest
këdung#ᴀᴛ.фɴᴛ.ᴘʟ.ᴘʟ
lrlvz#Lrlvz
mölëväi#extremely.good
më#ᴘʀᴇᴘ
ngö#ɢᴇɴ1ᴀ ==de#=3ᴍꞮɴII
badö#ᴄᴏᴍ.
tü-#Ʀʟ kawi#cross -#UᴅꞮƦ.ACROSS ==pe#=ᴄᴏЅ ==kö#=1ᴀᴜɢI
leu#leaf
më#ᴘʀᴇᴘ
yölë#marry -ti#ᴛƦ ==le#=3ᴍꞮɴIA
neke#who
mölâde#there
na-#ꞮƦƦ ngi#be
natü#word
dötü#name ==de#=3ᴍꞮɴII
kä..#ѕᴜʙʀ
tü-#Ʀʟ ngi#be
kä..#ѕᴜʙʀ
tü-#Ʀʟ a-#ᴄᴀᴜЅ su#cook ==pe#=ᴄᴏЅ -bë#PᴅꞮƦ.YON ==#=3ᴍꞮɴIS
kâng#those
vë#go -mü#PᴅꞮƦ.HITHER ==#=3ᴍꞮɴIS
më#ᴘʀᴇᴘ
kalë#pick.up -mü#PᴅꞮƦ.HITHER ==le#=3ᴍꞮɴIA
më#ᴘʀᴇᴘ
esë'#one
dakänëng#food
sâ-#ᴘꜰᴠ
lâ#ᴅᴇᴍ1.ᴅɪѕᴛ
në-#ɴᴍʟᴢ1 ö-#ᴍꞮᴅ plamei#break -ti#ᴛƦ -kö#ɴᴍʟᴢ.ᴘᴄꜰʟ ==de#=3ᴍꞮɴII
ä#and
nâblo#man
mnâ#be abötë#be.happy -tä#ꞮɴᴛЅ -bo#.BZ(PDIR.YON)=O(1MINI)
yëutö#begin
nöpakämölë#Good.News
ngi#be ==pe#=ᴄᴏЅ
badö#ᴄᴏᴍ.
ëbë#so.then
a'#but
dötü#name ==de#=3ᴍꞮɴII
mölë#be.good
taon#town
-kö#ɴᴍʟᴢ.ᴘᴄꜰʟ ==de#=3ᴍꞮɴII
milëpü#evening
kä..#ѕᴜʙʀ
nike#what
amölä#all
nigö#be.1ᴀᴜɢII
kâ#ᴅᴇᴍ2.ᴅɪѕᴛ
muöde#because
set#sector
ä#and
më#ᴘʀᴇᴘ
kämu#be.like
nâblo#man
-#3ᴀᴜɢ1 vë#go -ki#UᴅꞮƦ.PATH ==lö#=3ᴀᴜɢIA
ma#house
nabäbë#fence
kâng#those
mëtea#village
kä..#ѕᴜʙʀ
möka#here
kä..#ѕᴜʙʀ etu#big
tü-#Ʀʟ osë#climb ==pe#=ᴄᴏЅ ==ä#=1ᴍꞮɴI
kä..#ѕᴜʙʀ
ä#and
më#ᴘʀᴇᴘ
ol.sens#ALL.SAINTS
ä#and
etu#big
ba-#ᴅᴀᴛ ==nge#=1ᴍꞮɴII
ne#ᴘᴄꜰʟ.rsbl ==de#=3ᴍꞮɴII -ngü#ᴘʟ
tü-#Ʀʟ yagoä#sick
kä..#ѕᴜʙʀ
sâ-#ᴘꜰᴠ
na-#ꞮƦƦ vë#go -nüblü#FOLLOW ==le#=3ᴍꞮɴIA
këdü#a
vau#middle
==ne#=1ᴍꞮɴII ==mü#=2ᴍꞮɴII
elö#there
tü-#Ʀʟ mei#break ==pe#=ᴄᴏЅ
tü-#Ʀʟ yâ#stay -o#GᴅꞮƦ.DOWN -ngö#ᴀᴘᴘʟ
yölë#marry -ti#ᴛƦ ==ä#=1ᴍꞮɴI
-#3ᴀᴜɢ1 mnâ#be ==lö#=3ᴀᴜɢIA
tü-#Ʀʟ ö-#ᴍꞮᴅ pi#say ==pe#=ᴄᴏЅ -bë#PᴅꞮƦ.YON
kâng#those
ëbë#so.then
bë#bludgeon
nabö.nabë#grass
më#ᴘʀᴇᴘ
dâkta#doctor
lâ#ᴅᴇᴍ1.ᴅɪѕᴛ
nesökö#lesser.yam
ncipx#Ncipx
nëwö#time ==de#=3ᴍꞮɴII
ä#and
yië#year
dötwö#mind ==nge#=1ᴍꞮɴII
më#ᴘʀᴇᴘ
ngö#ɢᴇɴ1ᴀ
-#ᴘᴀЅ a-#ᴄᴀᴜЅ töka#bad -ti#ᴛƦ
nabë.nepi#hour
nouöla#morning
mnâ#be -ti#ᴛƦ -o#GᴅꞮƦ.DOWN -mü#PᴅꞮƦ.HITHER ==gö#=1ᴀᴜɢII
müngö#image
nyë#ᴘᴄꜰʟ.ʙ&ɢ ==dö#=3ᴀᴜɢII
olvë#wife
nâblo#man
ni-#ᴀᴄᴄ ==nge#=1ᴍꞮɴII
vo#travel -lë#GᴅꞮƦ.UP ==ä#=1ᴍꞮɴI
täne#lowly
bia#breadfruit
ä#and
kâ#ᴅᴇᴍ2.ᴅɪѕᴛ
töpnëngö#none.;.lack;.none
vë#go -pä#GᴅꞮƦ.OUT -bë#PᴅꞮƦ.YON ==kö#=1ᴀᴜɢI
kä..#ѕᴜʙʀ esë'#one
tö-#ɴᴇɢ ni#be -mü#PᴅꞮƦ.HITHER ==gö#=1ᴀᴜɢII -u#ɴᴇɢ
më#ᴘʀᴇᴘ
kä..#ѕᴜʙʀ -#3ᴀᴜɢ1 etu#big
më#ᴘʀᴇᴘ
kä..#ѕᴜʙʀ
kâ#ᴅᴇᴍ2.ᴅɪѕᴛ
muöde#so.that
nâblo#man
më#ᴘʀᴇᴘ nibr#back.part
ä#and
blëmö#myriad;.many
ngö#ɢᴇɴ1ᴀ
müngö#spirit ==mü#=2ᴍꞮɴII
letë#letter
yapwä#tell -ti#ᴛƦ ëpwä#true -mü#PᴅꞮƦ.HITHER ==amu#=2ᴀᴜɢI
dapu.nâ#piece.of.wood
öläti#request;.ask -tö#GᴅꞮƦ.IN -ngö#ᴀᴘᴘʟ -bo#.BZ(PDIR.YON)=O(1MINI) ==le#=3ᴍꞮɴIA
tü-#Ʀʟ asa#do.slowly;.slow -ngö#ᴀᴘᴘʟ
be#god
nüvi#rope
sâ-#ᴘꜰᴠ
ä#and
tü-#Ʀʟ a-#ᴄᴀᴜЅ yöni#cry ==pe#=ᴄᴏЅ
lâ#ᴅᴇᴍ1.ᴅɪѕᴛ
më#ᴘʀᴇᴘ
lâde#there
më#ᴘʀᴇᴘ
na-#ꞮƦƦ pipä#declare -lëbü#Ʀᴇꜰʟ
leplë#people
sâ-#ᴘꜰᴠ
mëli#time kâ#ᴅᴇᴍ2.ᴅɪѕᴛ
kâ#ᴅᴇᴍ2.ᴅɪѕᴛ
në-#ɴᴍʟᴢ1 plëpä#confess -kö#ɴᴍʟᴢ.ᴘᴄꜰʟ mü#ᴘᴄꜰʟ.drink ==mu#=2ᴀᴜɢII
nyë#ᴘᴄꜰʟ.ʙ&ɢ
na-#ꞮƦƦ aenëli#wait pwë#just ==lö#=3ᴀᴜɢIA
kä..#ѕᴜʙʀ
yië#year
a#oh!
digi#DINGHY
töpnëngö#none.;.lack;.none
dötü#name ==de#=3ᴍꞮɴII
ngö#ɢᴇɴ1ᴀ
mëtea#village
mou#again
kâng#those
kâng#those
a-#ᴄᴀᴜЅ mwi#sleep -tä#ꞮɴᴛЅ -tö#GᴅꞮƦ.IN pwë#just ==o#=1ᴍꞮɴI.ᴄᴍʙ
buk#book
bot#boat
kä..#ѕᴜʙʀ
kölë#know ==pe#=ᴄᴏЅ ==kö#=1ᴀᴜɢI
nüvi#rope
ne#ᴘᴄꜰʟ.rsbl ==dö#=3ᴀᴜɢII -ngü#ᴘʟ
plëpä#confess ==le#=3ᴍꞮɴIA
läe#mother.aunt ==nge#=1ᴍꞮɴII
ne#ᴘᴄꜰʟ.rsbl ==dö#=3ᴀᴜɢII
-#ᴘᴀЅ tabö#crush
në-#ɴᴍʟᴢ1 lalëtü#listen -kö#ɴᴍʟᴢ.ᴘᴄꜰʟ ==de#=3ᴍꞮɴII
më#ᴘʀᴇᴘ
kâ#ᴅᴇᴍ2.ᴅɪѕᴛ
nyë#ᴘᴄꜰʟ.ʙ&ɢ
lâsu#ship
mepyö#blood
nigö#be.1ᴀᴜɢII
ä#and
dzbede#group
ba-#ᴅᴀᴛ ==de#=3ᴍꞮɴII
ä#and
mu#eat -lë#GᴅꞮƦ.UP ==pe#=ᴄᴏЅ ==kö#=1ᴀᴜɢI
kâng#those
sade#Sunday
ä#and
ba-#ᴅᴀᴛ ==de#=3ᴍꞮɴII
menabz#Menabz
tü-#Ʀʟ vea#ask ==pe#=ᴄᴏЅ
kölâng#these
nëöyöngö#writing
sâ-#ᴘꜰᴠ
but#shoe
-#3ᴀᴜɢ1 ötabö#look.for ==ng#=3ᴀᴜɢIS
menabz#Menabz
nâ#tree
kâ#ᴅᴇᴍ2.ᴅɪѕᴛ
kä..#ѕᴜʙʀ ö-#ᴍꞮᴅ tekütö#exchange
kâng#those
ëbë#so.then
yië#year
nea#Nea
sâ-#ᴘꜰᴠ
menabz#Menabz
sâ-#ᴘꜰᴠ
mële#brother ==de#=3ᴍꞮɴII -ngü#ᴘʟ
më#ᴘʀᴇᴘ
mökâ#there
ma#house
nigö#be.1ᴀᴜɢII
kä..#ѕᴜʙʀ
këdü#a
elö#there
vea#war mölë#good
tü-#Ʀʟ mnâ#be
vë#go -bë#PᴅꞮƦ.YON
ä#and
otä#pass -lë#GᴅꞮƦ.UP ölöu#far
sâ-#ᴘꜰᴠ
sâ-#ᴘꜰᴠ
neimö#egg
uta#Uta
ukëlele#ukelele
tü-#Ʀʟ mölë#be.good ==pe#=ᴄᴏЅ ==#=3ᴍꞮɴIS
më#ᴘʀᴇᴘ
këdü#a
kâ#ᴅᴇᴍ2.ᴅɪѕᴛ
mâ#fly
nëlu#coconut
nide#be.3ᴍɪɴII
muöde#so.that
badö#ᴄᴏᴍ.
më#ᴘʀᴇᴘ
tü-#Ʀʟ vë#go ==pe#=ᴄᴏЅ ==ä#=1ᴍꞮɴI
nölâ#place
-#ᴘᴀЅ mne#wait -ti#ᴛƦ
vë#go
-#ᴘᴀЅ yö#write -bë#PᴅꞮƦ.YON
nëveângö#war
ne#ᴘᴄꜰʟ.rsbl ==dö#=3ᴀᴜɢII
yië#year
dalö#things.of
wiki#week
sâ-#ᴘꜰᴠ
abë#try kë#also ==le#=3ᴍꞮɴIA
nide#be.3ᴍɪɴII
kä..#ѕᴜʙʀ
mëlwe#brother.of.a.female ==de#=3ᴍꞮɴII
ëlwë#much
në-#ɴᴍʟᴢ1 wë#make -ti#ᴛƦ -kö#ɴᴍʟᴢ.ᴘᴄꜰʟ -bë#PᴅꞮƦ.YON ==le#=3ᴍꞮɴIA
vë#go -bë#PᴅꞮƦ.YON ==kö#=1ᴀᴜɢI
në-#ɴᴍʟᴢ1 pöpä#go.out -kö#ɴᴍʟᴢ.ᴘᴄꜰʟ
plâ#yellowish.green
më#ᴘʀᴇᴘ
më#ᴘʀᴇᴘ
tü-#Ʀʟ kipo#wash;.bathe ==pe#=ᴄᴏЅ ==#=3ᴍꞮɴIS
në-#ɴᴍʟᴢ1 vo#travel -pä#GᴅꞮƦ.OUT ==kö#=1ᴀᴜɢI
kâ#ᴅᴇᴍ2.ᴅɪѕᴛ
kâ#ᴅᴇᴍ2.ᴅɪѕᴛ
lâde#there
-#ᴘᴀЅ a-#ᴄᴀᴜЅ töka#bad -ti#ᴛƦ
-#3ᴀᴜɢ1 ani#quickly;.quick -tä#ꞮɴᴛЅ pwë#just
olvë#female
äka#this.is
tzlede#Tzlede
töte#father ==nge#=1ᴍꞮɴII
leplë#people
da#thing kâ#ᴅᴇᴍ2.ᴅɪѕᴛ
nëmu-köde#this.way
noli#HOG.PLUM.FRUIT
ngö#ɢᴇɴ1ᴀ
kâ#ᴅᴇᴍ2.ᴅɪѕᴛ
më#ᴘʀᴇᴘ
ä#and
kä..#ѕᴜʙʀ
muöde#because
më#ᴘʀᴇᴘ
nenü#wind
në-#ɴᴍʟᴢ1 wë#make -ngö#ᴠƦ
në-#ɴᴍʟᴢ1 mâ#see -kö#ɴᴍʟᴢ.ᴘᴄꜰʟ ==nge#=1ᴍꞮɴII ==le#=3ᴍꞮɴIA
në-#ɴᴍʟᴢ1 lâ#ᴅᴇᴍ1.ᴅɪѕᴛ a-#ᴄᴀᴜЅ pü#hot -bë#PᴅꞮƦ.YON -ngö#ᴀᴘᴘʟ
yâ#stay -äbë.ëbë#MNR -tö#GᴅꞮƦ.IN ==kö#=1ᴀᴜɢI
të-#Ʀʟ.3ᴀᴜɢ ö-#ᴍꞮᴅ yëkö#peel ==ng#=3ᴀᴜɢIS
kâ#ᴅᴇᴍ2.ᴅɪѕᴛ
toki#knife
kä..#ѕᴜʙʀ topwë#little -ne#ꞮɴᴛЅ
na-#ꞮƦƦ vë#go ==ng#=3ᴀᴜɢIS
na-#ꞮƦƦ vë#go ==#=3ᴍꞮɴIS
ëbë#so.then
==le#=3ᴍꞮɴIIP
nigö#be.1ᴀᴜɢII
vaol#vowel
pawa#Pawa.school
nöâ#wave
më#ᴘʀᴇᴘ
lö#ᴘᴄꜰʟ.inherent
tü-#Ʀʟ pi#say ==me#=.MQ(PDIR.HITHER)=Q(2MINI)
dötü#name ==de#=3ᴍꞮɴII
kâng#those
sâ-#ᴘꜰᴠ
na#ᴘᴄꜰʟ.food ==nü#=2MINᵢ
nâblo#man
tü-#Ʀʟ tao#fall ==pe#=ᴄᴏЅ
ä#and
mnâ#be -ti#ᴛƦ ==ä#=1ᴍꞮɴI
badö#ᴄᴏᴍ.
kä..#ѕᴜʙʀ
mübü#green
mëtea#village
nâ#tree
kâ#ᴅᴇᴍ2.ᴅɪѕᴛ
köa-#ᴏƦᴅ tü#three
kâma#that.one
dü#Фɴᴛ.Ѕɢ
ngö#ɢᴇɴ1ᴀ
kë#also
më#ᴘʀᴇᴘ
ä#and
tü-#Ʀʟ vë#go -ki#UᴅꞮƦ.PATH -lë#GᴅꞮƦ.UP -mü#PᴅꞮƦ.HITHER ==le#=3ᴍꞮɴIA
më#ᴘʀᴇᴘ
dwa#jump -mi#ᴅᴘᴠ -tä#ꞮɴᴛЅ -tö#GᴅꞮƦ.IN ëpwä#true ==kö#=1ᴀᴜɢI
të-#Ʀʟ.3ᴀᴜɢ pöpä#go.out -ngö#ᴀᴘᴘʟ
aböelë#umbrella
ka#ᴅᴇᴍ2.ᴘʀᴏχ
nâ#tree
kä..#ѕᴜʙʀ
kä..#ѕᴜʙʀ
në-#ɴᴍʟᴢ1 ayo#walk -ngö#ɴᴍʟᴢ
dapq#Duff.Is
kä..#ѕᴜʙʀ etu#big
ä#and
kâ#ᴅᴇᴍ2.ᴅɪѕᴛ
-#3ᴀᴜɢ1 ötabö#look.for ==ng#=3ᴀᴜɢIS
opäm#seems
amölä#all
yöni#cry ==pe#=ᴄᴏЅ
yië#year
töpnëngö#none.;.lack;.none
-#3ᴀᴜɢ1 rmcti#meet ==lö#=3ᴀᴜɢIA
narnztilolx#Narnztilolx.(village)
leplë#people
salome#Salome
badö#ᴄᴏᴍ.
kä..#ѕᴜʙʀ
këdü#a
muöde#because
më#ᴘʀᴇᴘ
nibö#back.part ==de#=3ᴍꞮɴII
tü-#Ʀʟ öblä#be.difficult -tä#ꞮɴᴛЅ ==pe#=ᴄᴏЅ
kâ#ᴅᴇᴍ2.ᴅɪѕᴛ ma#advrs ==ng#=3ᴀᴜɢIS
temë#moon.
na-#ꞮƦƦ a-#ᴄᴀᴜЅ glü#carry -bë#PᴅꞮƦ.YON ==lö#=3ᴀᴜɢIA
elö#there
pripekt#prefect
tü-#Ʀʟ yâmne#speak -awa#WHISPERINGLY ==pe#=ᴄᴏЅ -bë#PᴅꞮƦ.YON
kä..#ѕᴜʙʀ
na-#ꞮƦƦ tes#TEST kai#first -#PᴅꞮƦ.YON ==lö#=3ᴀᴜɢIA
më#ᴘʀᴇᴘ
ba-#ᴅᴀᴛ ==de#=3ᴍꞮɴII
kâma#that.one
më#ᴘʀᴇᴘ
löpë#cloth
-#ᴘᴀЅ yö#write -bë#PᴅꞮƦ.YON
dalö#things.of
nölâkäbü#night
tö-#ɴᴇɢ öpwa'#forbid -ngö#ᴀᴘᴘʟ pwë#just ==le#=3ᴍꞮɴIA -u#ɴᴇɢ
sâ-#ᴘꜰᴠ
ate#previous ==#=3ᴍꞮɴIS
ä#and
në-#ɴᴍʟᴢ1 wë#make -kö#ɴᴍʟᴢ.ᴘᴄꜰʟ ==mü#=2ᴍꞮɴII
nigö#be.1ᴀᴜɢII
më#eye ==te#=3ᴍꞮɴII
kä..#ѕᴜʙʀ
tü-#Ʀʟ vë#go -ki#UᴅꞮƦ.PATH -pä#GᴅꞮƦ.OUT
ö-#ᴍꞮᴅ pi#say -bë#PᴅꞮƦ.YON ==le#=3ᴍꞮɴIA
nâblo#man
të-#Ʀʟ.3ᴀᴜɢ pöpä#go.out ==pe#=ᴄᴏЅ ==ngü#=3ᴀᴜɢIS
ä#and
nöë#dance.ring
kâ#ᴅᴇᴍ2.ᴅɪѕᴛ
nigö#be.1ᴀᴜɢII
këdü#a
këdü#a
a'#but
më#ᴘʀᴇᴘ
-#3ᴀᴜɢ1 yëlu#return mou#again -mü#PᴅꞮƦ.HITHER ==ng#=3ᴀᴜɢIS
doa#child
më#ᴘʀᴇᴘ
ä#and
ä#and
kâng#those ==pe#=ᴄᴏЅ
esë'#one
nüvi#rope
tü-#Ʀʟ dâ#fall -pä#GᴅꞮƦ.OUT -mü#PᴅꞮƦ.HITHER ==#=3ᴍꞮɴIS
nibö#back.part ==de#=3ᴍꞮɴII
mwi#sleep -tä#ꞮɴᴛЅ ==kö#=1ᴀᴜɢI
mnö#ᴘᴄꜰʟ.fire ==gö#=1ᴀᴜɢII
nc.lebwao#SPIDER.LILY
yië#year
lö#ᴛᴘɴʏᴍ nea#Nea
ä#and
më#ᴘʀᴇᴘ
a'#but
kä..#ѕᴜʙʀ
mökâ#there
tü-#Ʀʟ ngi#be ni#pick -ngö#ᴀᴘᴘʟ ==gö#=1ᴀᴜɢII
ba-#ᴅᴀᴛ ==de#=3ᴍꞮɴII
olta#altar
ä#and
tü-#Ʀʟ ngölö#hurry -lë#GᴅꞮƦ.UP ==pe#=ᴄᴏЅ
aböelë#umbrella
mökâ#there
mökâ#there
kâ#ᴅᴇᴍ2.ᴅɪѕᴛ
ä#and
nabzlue#Nabzlue.vil
kä..#ѕᴜʙʀ myapxbz#important
këdü#a
a'#but
ngö#ɢᴇɴ1ᴀ
më#ᴘʀᴇᴘ
tü-#Ʀʟ yölü#put -o#GᴅꞮƦ.DOWN -bo#.BZ(PDIR.YON)=O(1MINI)
kä..#ѕᴜʙʀ
letë#letter
temë#moon.
a'#but
ëbë#so.then
nâblo#man
këdü#a
kä..#ѕᴜʙʀ
bq#titan.triggerfish
milogo#sago.arrow
döka'#demon
luga#Lungga
ngö#ɢᴇɴ1ᴀ ==de#=3ᴍꞮɴII
da#thing
të-#Ʀʟ.3ᴀᴜɢ kuki#cook ==ng#=3ᴀᴜɢIS
ö-#ᴍꞮᴅ pi#say -bë#PᴅꞮƦ.YON ==le#=3ᴍꞮɴIA
nëlu#coconut
këdü#a
sâ-#ᴘꜰᴠ
në-#ɴᴍʟᴢ1 dwatö#enter -kö#ɴᴍʟᴢ.ᴘᴄꜰʟ ==dö#=3ᴀᴜɢII
në-#ɴᴍʟᴢ1 möbö#famine -tö#GᴅꞮƦ.IN -kö#ɴᴍʟᴢ.ᴘᴄꜰʟ ==dö#=3ᴀᴜɢII
kâ#ᴅᴇᴍ2.ᴅɪѕᴛ
tü-#Ʀʟ vë#go -tö#GᴅꞮƦ.IN ==pe#=ᴄᴏЅ ==kö#=1ᴀᴜɢI
ngö#ɢᴇɴ1ᴀ
nülvi#side
kâ#ᴅᴇᴍ2.ᴅɪѕᴛ
në-#ɴᴍʟᴢ1 mnâ#stay,.live,.be -kö#ɴᴍʟᴢ.ᴘᴄꜰʟ ==nge#=1ᴍꞮɴII
në-#ɴᴍʟᴢ1 vë#go -kö#ɴᴍʟᴢ.ᴘᴄꜰʟ -mü#PᴅꞮƦ.HITHER ==gö#=1ᴀᴜɢII
ami#army
më#ᴘʀᴇᴘ
ä#and
kä..#ѕᴜʙʀ
ba-#ᴅᴀᴛ ==nge#=1ᴍꞮɴII
nim#be.2ᴍɪɴII
mou#again
ä#and
ne#ᴘᴄꜰʟ.rsbl ==de#=3ᴍꞮɴII
në-#ɴᴍʟᴢ1 abötë#be.happy -kö#ɴᴍʟᴢ.ᴘᴄꜰʟ ==gö#=1ᴀᴜɢII
ayönö#first
nounâ#tree
ä#and
tü-#Ʀʟ aokë#watch
ma#advrs
nâbö#cross
mnâ#be -tä#ꞮɴᴛЅ ==de#=3ᴍꞮɴII
nigu#be.12ᴀᴜɢII
muöde#because
mâ#see
müngö#image
lipz.kzbzni#LIVERS.COMPANY
atwëlö#dispatch -ngö#ᴀᴘᴘʟ
honiara#Honiara
olvë#wife kâ#ᴅᴇᴍ2.ᴅɪѕᴛ -ma#SPEC
takitö#fitting
nidö#be.3ᴀᴜɢII.
dötwö#mind
kä..#ѕᴜʙʀ etu#big
mwä#maybe;.I.think
kâ#ᴅᴇᴍ2.ᴅɪѕᴛ
pulis#police
në-#ɴᴍʟᴢ1 ka#give -pä#GᴅꞮƦ.OUT -mü#PᴅꞮƦ.HITHER ==lö#=3ᴀᴜɢIA
tü-#Ʀʟ ngi#be
ne#ᴘᴄꜰʟ.rsbl ==de#=3ᴍꞮɴII -ngü#ᴘʟ
të-#Ʀʟ.3ᴀᴜɢ tekütö#exchange ==pe#=ᴄᴏЅ -ngü#ᴘʟ
më#ᴘʀᴇᴘ
köos#cross
muöde#because
kä..#ѕᴜʙʀ
nigö#be.1ᴀᴜɢII
mnâ#be -ti#ᴛƦ ==ä#=1ᴍꞮɴI
yâ#stay
da#thing
kâ#ᴅᴇᴍ2.ᴅɪѕᴛ
kâ#ᴅᴇᴍ2.ᴅɪѕᴛ
a'#but
vë#go
badö#ᴄᴏᴍ.
në-#ɴᴍʟᴢ1 wë#make -ngö#ᴠƦ
nëwö#time ==de#=3ᴍꞮɴII
yië#year
kä..#ѕᴜʙʀ
mële#brother ==nge#=1ᴍꞮɴII
ö-#ᴍꞮᴅ pi#say -mü#PᴅꞮƦ.HITHER ==le#=3ᴍꞮɴIA
dötwö#mind
ä#and
aolvë#accept
tü-#Ʀʟ mâ#see ==amu#=2ᴀᴜɢI
ni-#ᴀᴄᴄ ==nge#=1ᴍꞮɴII
më#ᴘʀᴇᴘ
pwë#just
tü-#Ʀʟ a-#ᴄᴀᴜЅ mwitö#sleep ==pe#=ᴄᴏЅ -mü#PᴅꞮƦ.HITHER ==ä#=1ᴍꞮɴI
sâ-#ᴘꜰᴠ
tü-#Ʀʟ vë#go ==pe#=ᴄᴏЅ ==ä#=1ᴍꞮɴI
muöde#because
josip#Joseph
kä..#ѕᴜʙʀ etu#big
kä..#ѕᴜʙʀ
ö#ɢᴇɴ1ᴀ ==dö#=3ᴀᴜɢII
yië#year
nim#be.2ᴍɪɴII
nölâkäbü#night
alvëtö#teach ==ä#=1ᴍꞮɴI
-#3ᴀᴜɢ1 alvëtö#teach ==lö#=3ᴀᴜɢIA
më#ᴘʀᴇᴘ
të-#Ʀʟ.3ᴀᴜɢ yölwö#gather -ti#ᴛƦ -ne#ꞮɴᴛЅ ==be#=STILL
ngö#ɢᴇɴ1ᴀ ==de#=3ᴍꞮɴII
nigö#be.1ᴀᴜɢII
të-#ᴘᴀЅ pöesin#prison -ngü#ᴘʟ
kâ#ᴅᴇᴍ2.ᴅɪѕᴛ
pepë#paper
tü-#Ʀʟ vo#travel -ngö#ᴀᴘᴘʟ
bongavz#sky
la#ᴅᴇᴍ1.ᴘʀᴏχ
ngö#ɢᴇɴ1ᴀ
më#ᴘʀᴇᴘ
më#ᴘʀᴇᴘ
bëkü#do.not
mâ#see ==ä#=1ᴍꞮɴI
pötö#enter.in -mü#PᴅꞮƦ.HITHER ==ä#=1ᴍꞮɴI
tü-#Ʀʟ osë#climb ==pe#=ᴄᴏЅ ==ä#=1ᴍꞮɴI
nidö#be.3ᴀᴜɢII.
sâ-#ᴘꜰᴠ
ëbë#so.then
kâ#ᴅᴇᴍ2.ᴅɪѕᴛ
töte#father ==dö#=3ᴀᴜɢII
ycpe.pipz#ALMOST
më#ᴘʀᴇᴘ
mö-#PLACE kâ#ᴅᴇᴍ2.ᴅɪѕᴛ
ä#and
la#ᴅᴇᴍ1.ᴘʀᴏχ
badö#ᴄᴏᴍ.
mökâ#there
mëtea#village
badö#ᴄᴏᴍ.
nâbö#cross
më#ᴘʀᴇᴘ
kâng#those
tü-#Ʀʟ mâ#see ==pe#=ᴄᴏЅ ==le#=3ᴍꞮɴIA
jenwzri#January
ä#and
kä..#ѕᴜʙʀ
mëtea#village
makä#bite ==pe#=ᴄᴏЅ ==le#=3ᴍꞮɴIA
doa#person
a'#but
më#ᴘʀᴇᴘ
==le#=3ᴍꞮɴIIP
ka#ᴅᴇᴍ2.ᴘʀᴏχ
-#3ᴀᴜɢ1 mnâ#live,.stay -ngö#ᴀᴘᴘʟ ==dö#=3ᴀᴜɢII
më#ᴘʀᴇᴘ
-#ᴘᴀЅ kölë#know -tö#GᴅꞮƦ.IN -#PᴅꞮƦ.YON
leu#leaf
kä..#ѕᴜʙʀ
na-#ꞮƦƦ mnâ#stay,.live,.be kapü#hidden -tö#GᴅꞮƦ.IN ==ng#=3ᴀᴜɢIS
ä#and
tü-#Ʀʟ öläti#request;.ask ==pe#=ᴄᴏЅ -bë#PᴅꞮƦ.YON ==le#=3ᴍꞮɴIA
tü-#Ʀʟ mölë#be.good ==ä#=1ᴍꞮɴI
nëlu#coconut
ne#ᴘᴄꜰʟ.rsbl
kâ#ᴅᴇᴍ2.ᴅɪѕᴛ
pi#say -lë#GᴅꞮƦ.UP -bë#PᴅꞮƦ.YON ==le#=3ᴍꞮɴIA
-#3ᴀᴜɢ1 mnâ#stay,.live,.be ==ngü#=3ᴀᴜɢIS
në-#ɴᴍʟᴢ1 ölasë#leave -kö#ɴᴍʟᴢ.ᴘᴄꜰʟ ==gö#=1ᴀᴜɢII
-#3ᴀᴜɢ1 pna#steal ==ng#=3ᴀᴜɢIS
jon#John
kä..#ѕᴜʙʀ etu#big
popë'#bow
më#ᴘʀᴇᴘ
nrlarde#its.side
mrnzq#MRNZQ.VIL
töte#father ==nge#=1ᴍꞮɴII
dela#there.it.is
kai#first
me#place
ä#and
müngö#image
më#ᴘʀᴇᴘ
ö-#ᴍꞮᴅ yö#write ==kö#=1ᴀᴜɢI
në-#ɴᴍʟᴢ1 vo#travel -kö#ɴᴍʟᴢ.ᴘᴄꜰʟ ==gö#=1ᴀᴜɢII
sosaeti#SOCIETY
aölapä#save ==le#=3ᴍꞮɴIA
doa#child
yië#year
kâ#ᴅᴇᴍ2.ᴅɪѕᴛ
sâ-#ᴘꜰᴠ
kai#first
tü-#Ʀʟ pi#say ==pe#=ᴄᴏЅ -bë#PᴅꞮƦ.YON ==kö#=1ᴀᴜɢI
këdü#a
-#3ᴀᴜɢ1 zpqtr#convert.s.o. kë#also ==lö#=3ᴀᴜɢIA
ä#and
tü-#Ʀʟ aölö#take.leave.of. -lëbü#Ʀᴇꜰʟ ==pe#=ᴄᴏЅ ==kö#=1ᴀᴜɢI
ä#and
kä..#ѕᴜʙʀ
ni-#ᴀᴄᴄ ==nge#=1ᴍꞮɴII
dakänëng#food
mnö#ᴘᴄꜰʟ.fire ==nge#=1ᴍꞮɴII
tü-#Ʀʟ olväti#inspect ate#afterward ==le#=3ᴍꞮɴIA
tö-#ɴᴇɢ ö-#ᴍꞮᴅ mabö#chew -u#ɴᴇɢ
muöde#because
kä..#ѕᴜʙʀ
ä#and
dwa#jump rbr#wrong -lë#GᴅꞮƦ.UP -ngö#ᴀᴘᴘʟ -mü#PᴅꞮƦ.HITHER ==gö#=1ᴀᴜɢII
bagö#dat=1augII
tü-#Ʀʟ wäbu#sit -pä#GᴅꞮƦ.OUT -ngö#ᴀᴘᴘʟ -mü#PᴅꞮƦ.HITHER
na-#ꞮƦƦ vë#go ==ne#=1ᴍꞮɴII
pât#pot
nabä#branch
ne#ᴘᴄꜰʟ.rsbl
nölâkäbü#night
nidö#be.3ᴀᴜɢII.
a'#but
ngö#ɢᴇɴ1ᴀ
më#ᴘʀᴇᴘ
në-#ɴᴍʟᴢ1 ö-#ᴍꞮᴅ pi#say ==lö#=3ᴀᴜɢIA
sâ-#ᴘꜰᴠ
kâ#ᴅᴇᴍ2.ᴅɪѕᴛ
kâ#ᴅᴇᴍ2.ᴅɪѕᴛ
ma#house
nöâ#wave
në-#ɴᴍʟᴢ1 yölë#marry -kö#ɴᴍʟᴢ.ᴘᴄꜰʟ ==nge#=1ᴍꞮɴII
yâ#stay -pä#GᴅꞮƦ.OUT
jenwzri#January
nc.soli#FEMALE.KING.TREE
a'#but
tülvö#how.many
drngi#Ming.aralia.greens
më#ᴘʀᴇᴘ
bede#skin
ngi#be
nöâ#wave
nëöyapwängö#story
ni-#ᴀᴄᴄ ==nge#=1ᴍꞮɴII
peto#bush
bot#boat
madäi#single.house
kâ#ᴅᴇᴍ2.ᴅɪѕᴛ
nâ#tree
luga#Lungga
mëtea#village
tü-#Ʀʟ vë#go ==pe#=ᴄᴏЅ ==kö#=1ᴀᴜɢI
ngö#ɢᴇɴ1ᴀ ==de#=3ᴍꞮɴII -ngü#ᴘʟ
lâde#there
mou#again
ni-#ᴀᴄᴄ ==nge#=1ᴍꞮɴII
löpë#cloth
kä..#ѕᴜʙʀ
ä#and
sâ-#ᴘꜰᴠ
plastik.(e)#plastic
më#ᴘʀᴇᴘ
lika#kite
lâ#ᴅᴇᴍ1.ᴅɪѕᴛ
mëli#midst
nëlu#coconut
sâ-#ᴘꜰᴠ
nëlu#coconut
tzsiu#monk
kä..#ѕᴜʙʀ
dakänëng#food
në-#ɴᴍʟᴢ1 kölë#know ==lö#=3ᴀᴜɢIA
të-#Ʀʟ.3ᴀᴜɢ a-#ᴄᴀᴜЅ ngâ#burn ==pe#=ᴄᴏЅ -bë#PᴅꞮƦ.YON ==lö#=3ᴀᴜɢIA
ö#ɢᴇɴ1ᴀ ==nge#=1ᴍꞮɴII
të-#Ʀʟ.3ᴀᴜɢ mwi#sleep -ngö#ᴀᴘᴘʟ ==dö#=3ᴀᴜɢII
-#3ᴀᴜɢ1 ötabö#look.for ==ng#=3ᴀᴜɢIS
ëbë#so.then
ka#ᴅᴇᴍ2.ᴘʀᴏχ
päi#wear -tä#ꞮɴᴛЅ ==ne#=1ᴍꞮɴII
kâ#ᴅᴇᴍ2.ᴅɪѕᴛ
më#ᴘʀᴇᴘ
dëtu#things ==dö#=3ᴀᴜɢII
më#ᴘʀᴇᴘ
dapu#piece
ä#and
kä..#ѕᴜʙʀ
da#thing
kâ#ᴅᴇᴍ2.ᴅɪѕᴛ
ta#strike -#SHATTER
bisket#CRACKER
ö-#ᴍꞮᴅ pi#say -bo#.BZ(PDIR.YON)=O(1MINI)
löpëki#road
yëuo#start mou#again ==kö#=1ᴀᴜɢI
ba-#ᴅᴀᴛ ==de#=3ᴍꞮɴII
më#ᴘʀᴇᴘ
nâboi#needlefish
më#ᴘʀᴇᴘ
më#ᴘʀᴇᴘ
ba-#ᴅᴀᴛ ==de#=3ᴍꞮɴII
esë'könge#myself
päi#wear ==#=3ᴍꞮɴIS
mölä#guy
ngö#ɢᴇɴ1ᴀ
më#ᴘʀᴇᴘ
kä..#ѕᴜʙʀ
tü-#Ʀʟ ya#paddle -pä#GᴅꞮƦ.OUT ==pe#=ᴄᴏЅ
wü#high
a'#but
në-#ɴᴍʟᴢ1 twë#take -kö#ɴᴍʟᴢ.ᴘᴄꜰʟ ==nge#=1ᴍꞮɴII
dalö#people.of
tü-#Ʀʟ twz#take ==pe#=ᴄᴏЅ -kö#ɴᴍʟᴢ.ᴘᴄꜰʟ
dötwö#mind ==de#=3ᴍꞮɴII
a'#but
më#ᴘʀᴇᴘ
tü-#Ʀʟ pi#say -bo#.BZ(PDIR.YON)=O(1MINI)
kâ#ᴅᴇᴍ2.ᴅɪѕᴛ
më#ᴘʀᴇᴘ
a-#ᴄᴀᴜЅ titi#sunbathe -pä#GᴅꞮƦ.OUT -lëbü#Ʀᴇꜰʟ ==pe#=ᴄᴏЅ
në-#ɴᴍʟᴢ1 a-#ᴄᴀᴜЅ mëblü#break.off. -pä#GᴅꞮƦ.OUT -kö#ɴᴍʟᴢ.ᴘᴄꜰʟ -mü#PᴅꞮƦ.HITHER ==ä#=1ᴍꞮɴI
këdung#ᴀᴛ.фɴᴛ.ᴘʟ.ᴘʟ
bagö#dat=1augII
në-#ɴᴍʟᴢ1 mnâ#live,.stay -kö#ɴᴍʟᴢ.ᴘᴄꜰʟ ==gö#=1ᴀᴜɢII
tü-#Ʀʟ ö-#ᴍꞮᴅ pi#say ==pe#=ᴄᴏЅ -bë#PᴅꞮƦ.YON ==le#=3ᴍꞮɴIA
vë#go
në-#ɴᴍʟᴢ1 vë#go -pä#GᴅꞮƦ.OUT ==ng#=3ᴀᴜɢIS
kä..#ѕᴜʙʀ pipë#little.bit
kä..#ѕᴜʙʀ lu#live
nëmu-köde#this.way
nâvö#meat
dötü#name
kä..#ѕᴜʙʀ etu#big
kâ#ᴅᴇᴍ2.ᴅɪѕᴛ
këdü#a
nëköka'ngö#prayer
a'#but
na-#ꞮƦƦ mnâ#live,.stay -ngö#ᴀᴘᴘʟ ==gö#=1ᴀᴜɢII
më#ᴘʀᴇᴘ
ngö#ɢᴇɴ1ᴀ
nelâ#nose.shell
-#3ᴀᴜɢ1 mnâ#be ==ngü#=3ᴀᴜɢIS
lâ#ᴅᴇᴍ1.ᴅɪѕᴛ
köa-#ᴏƦᴅ li#two
na-#ꞮƦƦ o#go ==pe#=ᴄᴏЅ kai#first ==ä#=1ᴍꞮɴI
natü#word
esë'täu#only.one
ä#and
nâblo#man
-#3ᴀᴜɢ1 glü#carry -pä#GᴅꞮƦ.OUT -mü#PᴅꞮƦ.HITHER ==lö#=3ᴀᴜɢIA
më#ᴘʀᴇᴘ
esë'#one -kö#ɴᴍʟᴢ.ᴘᴄꜰʟ ==de#=3ᴍꞮɴII
këdü#a
tü-#Ʀʟ ö-#ᴍꞮᴅ pi#say ==pe#=ᴄᴏЅ -mü#PᴅꞮƦ.HITHER
ä#and
kä..#ѕᴜʙʀ
më#ᴘʀᴇᴘ
tü-#Ʀʟ ngi#be
sâ-#ᴘꜰᴠ
vë#go -bë#PᴅꞮƦ.YON
dëbe#group
kâng#those
tü-#Ʀʟ vë#go ==pe#=ᴄᴏЅ -mü#PᴅꞮƦ.HITHER ==gö#=1ᴀᴜɢII
tü-#Ʀʟ ngi#be
ä#and
tü-#Ʀʟ yöpu#bang.against -ti#ᴛƦ -pä#GᴅꞮƦ.OUT -ngö#ᴀᴘᴘʟ
të-#Ʀʟ.3ᴀᴜɢ angölvë#sing.praises -ne#ꞮɴᴛЅ -o#GᴅꞮƦ.DOWN ==pe#=ᴄᴏЅ ==lö#=3ᴀᴜɢIA
sâ#ᴘᴄꜰʟ.hand ==mü#=2ᴍꞮɴII
da#thing
ö#ɢᴇɴ1ᴀ
tü-#Ʀʟ yëlu#return ==pe#=ᴄᴏЅ mou#again -mü#PᴅꞮƦ.HITHER
ä#and
këdü#a
lö#ᴛᴘɴʏᴍ
nëmu#if
kä..#ѕᴜʙʀ
këdu#some
sâ-#ᴘꜰᴠ
më#ᴘʀᴇᴘ
mama#priest
në-#ɴᴍʟᴢ1 ö-#ᴍꞮᴅ ka#give -kö#ɴᴍʟᴢ.ᴘᴄꜰʟ -bë#PᴅꞮƦ.YON ==ku#=12ᴀᴜɢI
nide#be.3ᴍɪɴII
lâ#ᴅᴇᴍ1.ᴅɪѕᴛ
tü-#Ʀʟ pi#say ==pe#=ᴄᴏЅ -bo#.BZ(PDIR.YON)=O(1MINI)
töpnëngö#none.;.lack;.none
tögalö#never.yet
köa-#ᴏƦᴅ pwä#four
ä#and
ni-#ᴀᴄᴄ ==nge#=1ᴍꞮɴII
isabel#Isabel
töpnëngö#none.;.lack;.none
lâsu#ship
sâ-#ᴘꜰᴠ
kä..#ѕᴜʙʀ esë'#one
delâ#this
topwzne#small
se#here -ngü#ᴘʟ
ölasë#leave ==kö#=1ᴀᴜɢI
ö#ɢᴇɴ1ᴀ ==de#=3ᴍꞮɴII
tü-#Ʀʟ yöni#cry ëlwë#much ==pe#=ᴄᴏЅ ==kö#=1ᴀᴜɢI
tü-#Ʀʟ tu#stand
mama#priest
tutö#stand.onto
pöla#sea
yëuo#start
esë'#one
la#ᴅᴇᴍ1.ᴘʀᴏχ
tü-#Ʀʟ ö-#ᴍꞮᴅ pi#say ==pe#=ᴄᴏЅ -mü#PᴅꞮƦ.HITHER ==le#=3ᴍꞮɴIA
kä..#ѕᴜʙʀ pötë#enter
tü-#Ʀʟ amü-löpi#comfort ==pe#=ᴄᴏЅ ==le#=3ᴍꞮɴIA
saotzn.kros#SOUTHERN.CROSS
kä..#ѕᴜʙʀ
gü#hole
ne#ᴘᴄꜰʟ.rsbl ==de#=3ᴍꞮɴII
ä#and
sâ-#ᴘꜰᴠ
nöâ#wave
dötü#name ==de#=3ᴍꞮɴII
më#ᴘʀᴇᴘ
kâ#ᴅᴇᴍ2.ᴅɪѕᴛ
mökâ#there
ä#and
löpëki#road
-#ᴘᴀЅ mabö#chew
kâ#ᴅᴇᴍ2.ᴅɪѕᴛ
nâbö#cross
kâng#those
badö#ᴄᴏᴍ.
bia#breadfruit
kâ#ᴅᴇᴍ2.ᴅɪѕᴛ
tü-#Ʀʟ yöni#cry -ngö#ᴀᴘᴘʟ ==ne#=1ᴍꞮɴII
natü#word
jenwzri#January
ngini#become ==nge#=1ᴍꞮɴII
mökâ#there
kä..#ѕᴜʙʀ etu#big
lomrde#chest
ö-#ᴍꞮᴅ pi#say -bo#.BZ(PDIR.YON)=O(1MINI)
ä#and
kä..#ѕᴜʙʀ
kâ#ᴅᴇᴍ2.ᴅɪѕᴛ
kxbq#uncle.nephew -ngü#ᴘʟ
tü-#Ʀʟ mâ#see -pä#GᴅꞮƦ.OUT -bë#PᴅꞮƦ.YON ==kö#=1ᴀᴜɢI
nyë#ᴘᴄꜰʟ.ʙ&ɢ ==de#=3ᴍꞮɴII
kä..#ѕᴜʙʀ
të-#Ʀʟ.3ᴀᴜɢ mâ#see ==pe#=ᴄᴏЅ ==lö#=3ᴀᴜɢIA
në-#ɴᴍʟᴢ1 yâmne#speak -kö#ɴᴍʟᴢ.ᴘᴄꜰʟ ==de#=3ᴍꞮɴII
në-#ɴᴍʟᴢ1 köka'#pray -pä#GᴅꞮƦ.OUT -kö#ɴᴍʟᴢ.ᴘᴄꜰʟ -mü#PᴅꞮƦ.HITHER ==lö#=3ᴀᴜɢIA
pöki#white
natqgu#Natqgu
na-#ꞮƦƦ twë#take -bë#PᴅꞮƦ.YON ==lö#=3ᴀᴜɢIA
nëyâmnengö#speaking
ä#and
kâ#ᴅᴇᴍ2.ᴅɪѕᴛ ==pe#=ᴄᴏЅ
sâ#ᴘᴄꜰʟ.hand ==dö#=3ᴀᴜɢII
kä..#ѕᴜʙʀ
kä..#ѕᴜʙʀ etu#big
mama#priest
kä..#ѕᴜʙʀ etu#big -bë#PᴅꞮƦ.YON
esë'ködö#themselves
kä..#ѕᴜʙʀ
töka#bad ==pe#=ᴄᴏЅ
nyë#ᴘᴄꜰʟ.ʙ&ɢ ==gö#=1ᴀᴜɢII
në-#ɴᴍʟᴢ1 oti#take ==pe#=ᴄᴏЅ -kö#ɴᴍʟᴢ.ᴘᴄꜰʟ -mü#PᴅꞮƦ.HITHER
kä..#ѕᴜʙʀ
më#ᴘʀᴇᴘ
në-#ɴᴍʟᴢ1 pöpä#go.out -kö#ɴᴍʟᴢ.ᴘᴄꜰʟ ==dö#=3ᴀᴜɢII
ö#ɢᴇɴ1ᴀ
lâ#ᴅᴇᴍ1.ᴅɪѕᴛ
temë#moon.
kä..#ѕᴜʙʀ
kâ#ᴅᴇᴍ2.ᴅɪѕᴛ
nike#what
lue#water
gla#point -lë#GᴅꞮƦ.UP -mü#PᴅꞮƦ.HITHER ==le#=3ᴍꞮɴIA
abëo#start
dü#Фɴᴛ.Ѕɢ
nim#be.2ᴍɪɴII
da#thing
olvë#female
tü-#Ʀʟ yëlu#return -mi#ᴅᴘᴠ ==pe#=ᴄᴏЅ mou#again ==ä#=1ᴍꞮɴI
sâ-#ᴘꜰᴠ
më#ᴘʀᴇᴘ
këdü#a
takitö#fitting
elö#there
na-#ꞮƦƦ a-#ᴄᴀᴜЅ bö#ripe -tö#GᴅꞮƦ.IN -bë#PᴅꞮƦ.YON ==ku#=12ᴀᴜɢI
ä#and
në-#ɴᴍʟᴢ1 ö-#ᴍꞮᴅ malvë#smoke aepë#near -tö#GᴅꞮƦ.IN -kö#ɴᴍʟᴢ.ᴘᴄꜰʟ ==gö#=1ᴀᴜɢII
tü-#Ʀʟ wäbu#sit -o#GᴅꞮƦ.DOWN -ngö#ᴀᴘᴘʟ -mü#PᴅꞮƦ.HITHER
nâblo#man
nâblo#man
kâ#ᴅᴇᴍ2.ᴅɪѕᴛ
awi#thank -tä#ꞮɴᴛЅ -ngö#ᴀᴘᴘʟ -bë#PᴅꞮƦ.YON ==kö#=1ᴀᴜɢI
mëtea#village
leplë#people
këdü#a
tü-#Ʀʟ ngya#angry ==pe#=ᴄᴏЅ
më#ᴘʀᴇᴘ
na-#ꞮƦƦ töka#bad ëlwë#much ==le#=3ᴍꞮɴIA
më#ᴘʀᴇᴘ
më#ᴘʀᴇᴘ
më#ᴘʀᴇᴘ
mama#priest
a'#but
eke#ɪɴᴛᴊ
na-#ꞮƦƦ mâ#see ==kö#=1ᴀᴜɢI
töpnëngö#none.;.lack;.none
na-#ꞮƦƦ pö#go -tä#ꞮɴᴛЅ -pä#GᴅꞮƦ.OUT ==pe#=ᴄᴏЅ ==ä#=1ᴍꞮɴI
pö#go -tö#GᴅꞮƦ.IN -mü#PᴅꞮƦ.HITHER
tü-#Ʀʟ ölö#allow ==pe#=ᴄᴏЅ -ngö#ᴀᴘᴘʟ -mü#PᴅꞮƦ.HITHER ==le#=3ᴍꞮɴIA
tü-#Ʀʟ mâ#see ==pe#=ᴄᴏЅ ==le#=3ᴍꞮɴIA
nâ#tree
töte#father ==nge#=1ᴍꞮɴII
yëlu#return -mü#PᴅꞮƦ.HITHER ==le#=3ᴍꞮɴIA
sâ-#ᴘꜰᴠ
më#ᴘʀᴇᴘ
melömü#ancestor ==nge#=1ᴍꞮɴII -ngü#ᴘʟ
-#3ᴀᴜɢ1 mwelr#afraid ==ng#=3ᴀᴜɢIS
-#3ᴀᴜɢ1 leka#give.food ëvë#always -mü#PᴅꞮƦ.HITHER ==lö#=3ᴀᴜɢIA
doa#child
kâ#ᴅᴇᴍ2.ᴅɪѕᴛ
ulu#wind.SW
më#ᴘʀᴇᴘ
ma#house
nëlu#coconut
vë#go -tö#GᴅꞮƦ.IN -#PᴅꞮƦ.YON
ngö#ɢᴇɴ1ᴀ
në-#ɴᴍʟᴢ1 köka'#pray -kö#ɴᴍʟᴢ.ᴘᴄꜰʟ ==gö#=1ᴀᴜɢII
rmcti#meet -ngö#ᴀᴘᴘʟ ==gö#=1ᴀᴜɢII
ö-#ᴍꞮᴅ pi#say -bë#PᴅꞮƦ.YON ==le#=3ᴍꞮɴIA
tü-#Ʀʟ wölö#wet -ngö#ᴀᴘᴘʟ -bë#PᴅꞮƦ.YON ==le#=3ᴍꞮɴIA
ä#and
rum#room
lâde#there
ö-#ᴍꞮᴅ pi#say -bo#.BZ(PDIR.YON)=O(1MINI)
nea#Nea
vxngr#Vxngr.vil
ëbü#day
kölë#reach ==pe#=ᴄᴏЅ -bë#PᴅꞮƦ.YON ==kö#=1ᴀᴜɢI
-#3ᴀᴜɢ1 vë#go -bë#PᴅꞮƦ.YON ==ng#=3ᴀᴜɢIS
ne#ᴘᴄꜰʟ.rsbl ==gö#=1ᴀᴜɢII
tzsiu#monk
tü-#Ʀʟ ö-#ᴍꞮᴅ pi#say -ö#ᴀᴘᴘʟ ==n#=2MINᵢ
ma#house
në-#ɴᴍʟᴢ1 wë#make -ngö#ᴠƦ
mölâ#there
mökâ#there
na-#ꞮƦƦ tekütö#exchange ==pe#=ᴄᴏЅ ==le#=3ᴍꞮɴIA
në-#ɴᴍʟᴢ1 ö-#ᴍꞮᴅ ka#give -kö#ɴᴍʟᴢ.ᴘᴄꜰʟ -bë#PᴅꞮƦ.YON
më#ᴘʀᴇᴘ
tü-#Ʀʟ vë#go -dë#GᴅꞮƦ.UP ==pe#=ᴄᴏЅ -ngö#ᴀᴘᴘʟ -mü#PᴅꞮƦ.HITHER ==gö#=1ᴀᴜɢII
vea#war kapü#hidden
sâ-#ᴘꜰᴠ
ä#and
kâ#ᴅᴇᴍ2.ᴅɪѕᴛ
ä#and
-#3ᴀᴜɢ1 pötö#enter.in kë#also -mü#PᴅꞮƦ.HITHER ==ng#=3ᴀᴜɢIS
mëtea#village
nyë#ᴘᴄꜰʟ.ʙ&ɢ
a'#but
më#ᴘʀᴇᴘ
yâ#stay -ngö#ᴀᴘᴘʟ
kâng#those
pi#say -bo#.BZ(PDIR.YON)=O(1MINI)
lâ#ᴅᴇᴍ1.ᴅɪѕᴛ
më#ᴘʀᴇᴘ
ä#and
peto#bush
kâng#those
suti#want -tä#ꞮɴᴛЅ ëlwë#much
më#ᴘʀᴇᴘ
möka#here
kâ#ᴅᴇᴍ2.ᴅɪѕᴛ
tü-#Ʀʟ ökü#pick;.dig -ti#ᴛƦ ==pe#=ᴄᴏЅ
-#3ᴀᴜɢ1 okatö#help ==pe#=ᴄᴏЅ ==lö#=3ᴀᴜɢIA
lâde#there pwë#just
kâng#those
më#ᴘʀᴇᴘ
tü-#Ʀʟ kapu#happened -tö#GᴅꞮƦ.IN ==pe#=ᴄᴏЅ -mü#PᴅꞮƦ.HITHER
kâ#ᴅᴇᴍ2.ᴅɪѕᴛ
të-#ᴘᴀЅ pe#tie. -#UᴅꞮƦ.ACROSS -ngö#ᴀᴘᴘʟ ==de#=3ᴍꞮɴII
mötwë'#end
lâsu#ship
kä..#ѕᴜʙʀ -#3ᴀᴜɢ1 siklu#be.schooled
lö#ᴛᴘɴʏᴍ
döka'#demon
ä#and
mëli#midst
më#ᴘʀᴇᴘ
më#ᴘʀᴇᴘ
aijz#Aijz
ä#and
ö#ɢᴇɴ1ᴀ ==de#=3ᴍꞮɴII
ä#and
nâbö#cross
bao#blow -ngö#ᴀᴘᴘʟ ==de#=3ᴍꞮɴII
ö#ɢᴇɴ1ᴀ
tü-#Ʀʟ ablëo#start ate#afterward ==le#=3ᴍꞮɴIA
dâkta#doctor
këdü#a
sâ-#ᴘꜰᴠ
töpnëngö#none.;.lack;.none
nölâkäbü#night
në-#ɴᴍʟᴢ1 lvâ#fly ==pe#=ᴄᴏЅ -kö#ɴᴍʟᴢ.ᴘᴄꜰʟ ==dö#=3ᴀᴜɢII
më#ᴘʀᴇᴘ
kä..#ѕᴜʙʀ
ycom#stay.on
-#3ᴀᴜɢ1 telvë#ignite ==lö#=3ᴀᴜɢIA
kâ#ᴅᴇᴍ2.ᴅɪѕᴛ
ä#and
më#ᴘʀᴇᴘ
ëbü#day
ö-#ᴍꞮᴅ pi#say -mü#PᴅꞮƦ.HITHER
yëlu#return
nigö#be.1ᴀᴜɢII
kä..#ѕᴜʙʀ
nümü#way
kâ#ᴅᴇᴍ2.ᴅɪѕᴛ
lâ#ᴅᴇᴍ1.ᴅɪѕᴛ
ëbë#so.then
banyapu#pineapple
-#ᴘᴀЅ ö-#ᴍꞮᴅ ka#give -bë#PᴅꞮƦ.YON
tü-#Ʀʟ dâpä#remember ==pe#=ᴄᴏЅ ==#=3ᴍꞮɴIS
më#ᴘʀᴇᴘ
yökö#finish -pä#GᴅꞮƦ.OUT -bë#PᴅꞮƦ.YON ==#=3ᴍꞮɴIS
të-#Ʀʟ.3ᴀᴜɢ mwi#sleep -ngö#ᴀᴘᴘʟ ==dö#=3ᴀᴜɢII
lökö'#rat
mnâ#stay,.live,.be löpi#quiet ==amu#=2ᴀᴜɢI
në-#ɴᴍʟᴢ1 mwa#fish -kö#ɴᴍʟᴢ.ᴘᴄꜰʟ ==gö#=1ᴀᴜɢII
në-#ɴᴍʟᴢ1 pötö#enter.in -kö#ɴᴍʟᴢ.ᴘᴄꜰʟ ==nge#=1ᴍꞮɴII
sâ-#ᴘꜰᴠ
ö-#ᴍꞮᴅ pi#say -bo#.BZ(PDIR.YON)=O(1MINI)
kölë#reach -mü#PᴅꞮƦ.HITHER ==le#=3ᴍꞮɴIA
kä..#ѕᴜʙʀ etu#big
më#ᴘʀᴇᴘ
popë'#bow
më#ᴘʀᴇᴘ
naonöä#doorway
ä#and
ä#and
badö#ᴄᴏᴍ. ==dö#=3ᴀᴜɢII
ölöu#far
kâ#ᴅᴇᴍ2.ᴅɪѕᴛ
ä#and
më#ᴘʀᴇᴘ
lâ#ᴅᴇᴍ1.ᴅɪѕᴛ
kä..#ѕᴜʙʀ
nölâ#place
sâ-#ᴘꜰᴠ
kä..#ѕᴜʙʀ
këdü#a
kölë#know -bë#PᴅꞮƦ.YON ==le#=3ᴍꞮɴIA
më#ᴘʀᴇᴘ
më#ᴘʀᴇᴘ
na-#ꞮƦƦ ka#give -bë#PᴅꞮƦ.YON
tu#stand
më#ᴘʀᴇᴘ
ami#army
ya#paddle -ne#ꞮɴᴛЅ kölë#be.able pwë#just ==kö#=1ᴀᴜɢI
tü-#Ʀʟ mölë#be.good -ngö#ᴀᴘᴘʟ ==de#=3ᴍꞮɴII
a'#but
kä..#ѕᴜʙʀ topwë#little -ne#ꞮɴᴛЅ
tü-#Ʀʟ yâmne#speak -mü#PᴅꞮƦ.HITHER
ö-#ᴍꞮᴅ pi#say -o#GᴅꞮƦ.DOWN -bë#PᴅꞮƦ.YON ==le#=3ᴍꞮɴIA
nölanâ#garden
kâ#ᴅᴇᴍ2.ᴅɪѕᴛ
mölëväi#extremely.good -tä#ꞮɴᴛЅ -ngö#ᴀᴘᴘʟ ==de#=3ᴍꞮɴII
sa#ɪᴘꜰᴠ
elö#there
kä..#ѕᴜʙʀ
mökâ#there
ä#and
më#ᴘʀᴇᴘ
a'#but
kâ#ᴅᴇᴍ2.ᴅɪѕᴛ
mölâ#there
nea#Nea
më#ᴘʀᴇᴘ
be#god
nëlu#coconut
su#cook -tä#ꞮɴᴛЅ
nëling#two;.couple
töte#father ==nge#=1ᴍꞮɴII
në-#ɴᴍʟᴢ1 ale#do -ngö#ᴀᴘᴘʟ
tutö#be.struck ==ng#=3ᴀᴜɢIS
ne#ᴘᴄꜰʟ.rsbl ==gö#=1ᴀᴜɢII
ngö#ɢᴇɴ1ᴀ ==de#=3ᴍꞮɴII
nenü#wind
ngö#ɢᴇɴ1ᴀ
sâ#ᴘᴄꜰʟ.hand
tü-#Ʀʟ wäbu#sit ngale#around -lvë#ᴀᴘᴘʟ ==pe#=ᴄᴏЅ ==kö#=1ᴀᴜɢI
dâkta#doctor
kâ#ᴅᴇᴍ2.ᴅɪѕᴛ
sâ-#ᴘꜰᴠ
ä#and
ä#and
ä#and
ö#ɢᴇɴ1ᴀ
badö#ᴄᴏᴍ.
jon#John
kâ#ᴅᴇᴍ2.ᴅɪѕᴛ
kâ#ᴅᴇᴍ2.ᴅɪѕᴛ
ö#ɢᴇɴ1ᴀ ==gö#=1ᴀᴜɢII -ngü#ᴘʟ
ä#and
badö#ᴄᴏᴍ.
ni-#ᴀᴄᴄ ==nge#=1ᴍꞮɴII
böngë#good
aglüpë'#flash
këdü#a
kölë#reach -mü#PᴅꞮƦ.HITHER ==le#=3ᴍꞮɴIA
kä..#ѕᴜʙʀ etu#big
këdü#a
köa-#ᴏƦᴅ li#two
esë'ködö#themselves
tü-#Ʀʟ mwi#sleep ==pe#=ᴄᴏЅ ==ä#=1ᴍꞮɴI
dâkta#doctor
öngalä#dawn
kä..#ѕᴜʙʀ
nëveângö#war
në-#ɴᴍʟᴢ1 aölapä#save -kö#ɴᴍʟᴢ.ᴘᴄꜰʟ
öpi#said mou#again -bë#PᴅꞮƦ.YON
sâ-#ᴘꜰᴠ
tü-#Ʀʟ dâ#fall
sâ-#ᴘꜰᴠ
ni-#ᴀᴄᴄ ==nge#=1ᴍꞮɴII
ä#and
tü-#Ʀʟ twë#take ==pe#=ᴄᴏЅ
kä..#ѕᴜʙʀ
ä#and
muöde#because
kämu#be.like
kâ#ᴅᴇᴍ2.ᴅɪѕᴛ
këdü#a
kä..#ѕᴜʙʀ esë'#one
bqtc#wart
dela#there.it.is
më#ᴘʀᴇᴘ
mökâ#there
dötwö#neck ==gö#=1ᴀᴜɢII
na-#ꞮƦƦ vë#go -bë#PᴅꞮƦ.YON ==kö#=1ᴀᴜɢI
kä..#ѕᴜʙʀ esë'#one
tü-#Ʀʟ pnz'#shoot ==pe#=ᴄᴏЅ ==le#=3ᴍꞮɴIA
më#face ==ke'#=1ᴍꞮɴII
më#ᴘʀᴇᴘ
më#ᴘʀᴇᴘ
më#ᴘʀᴇᴘ
sâ#ᴘᴄꜰʟ.hand ==dö#=3ᴀᴜɢII
mama#priest
utâ#bird
në-#ɴᴍʟᴢ1 wë#work -kö#ɴᴍʟᴢ.ᴘᴄꜰʟ ==gi#=12ᴍꞮɴII
aböelë#umbrella
më#eye ==kö#=1ᴀᴜɢI
a-#ᴄᴀᴜЅ mëblü#break.off. -tä#ꞮɴᴛЅ -pä#GᴅꞮƦ.OUT -mü#PᴅꞮƦ.HITHER ==ä#=1ᴍꞮɴI
kâ#ᴅᴇᴍ2.ᴅɪѕᴛ
sâ-#ᴘꜰᴠ
nyë#ᴘᴄꜰʟ.ʙ&ɢ
ä#and
muöde#so.that
ma#house
luekäpië#medicine
kä..#ѕᴜʙʀ külu#many
nâblo#man
müngö#image
mögâ#there
kâ#ᴅᴇᴍ2.ᴅɪѕᴛ
lâ#ᴅᴇᴍ1.ᴅɪѕᴛ
tü-#Ʀʟ vë#go ==pe#=ᴄᴏЅ -mü#PᴅꞮƦ.HITHER
tü-#Ʀʟ lolvë#hold,.restrain ==pe#=ᴄᴏЅ mou#again ==ä#=1ᴍꞮɴI
kâng#those
kä..#ѕᴜʙʀ -#3ᴀᴜɢ1 etu#big
më.nibö#AFTER
yië#year
sâ-#ᴘꜰᴠ
du#Фɴᴛ.ᴘʟ
kâ#ᴅᴇᴍ2.ᴅɪѕᴛ
më#ᴘʀᴇᴘ
yëu#begin -tö#GᴅꞮƦ.IN ==ä#=1ᴍꞮɴI
meamupa#Meamupa
-#3ᴀᴜɢ1 ne#scream -mi#ᴅᴘᴠ ==lö#=3ᴀᴜɢIA
ni-#ᴀᴄᴄ ==nge#=1ᴍꞮɴII
tö-#ɴᴇɢ löpö#wet ==kö#=1ᴀᴜɢI -u#ɴᴇɢ
gëpman#government.(E)
kâng#those
kë#also
dabu#heart ngö#ɢᴇɴ1ᴀ
ni-#ᴀᴄᴄ ==nge#=1ᴍꞮɴII
mnâ#be -ti#ᴛƦ ==kö#=1ᴀᴜɢI
etu#big
öngalä#dawn
a'#but
këdü#a
belo#bell
-#ᴘᴀЅ tave#break -tö#GᴅꞮƦ.IN
saemon#Simon
sâ-#ᴘꜰᴠ
la#ᴅᴇᴍ1.ᴘʀᴏχ
lâ#ᴅᴇᴍ1.ᴅɪѕᴛ
më#ᴘʀᴇᴘ
kâ#ᴅᴇᴍ2.ᴅɪѕᴛ
kalö#later;.later,.future
nâbö#cross
lzm#wooden.bowl
dötü#name ==de#=3ᴍꞮɴII
tü-#Ʀʟ yëlu#return ==pe#=ᴄᴏЅ -ngö#ᴀᴘᴘʟ -mü#PᴅꞮƦ.HITHER ==gö#=1ᴀᴜɢII
-#3ᴀᴜɢ1 ömnü#drink -tä#ꞮɴᴛЅ ==ng#=3ᴀᴜɢIS
möka#here
më#ᴘʀᴇᴘ
në-#ɴᴍʟᴢ1 wë#make -ngö#ᴠƦ
blri#ribs ö#ɢᴇɴ1ᴀ ==de#=3ᴍꞮɴII
kâ#ᴅᴇᴍ2.ᴅɪѕᴛ
letë#letter
sop#soap
mötwë'#end
me#place
kä..#ѕᴜʙʀ
kosi#course
töpue#ocean.going.outrigger.canoe
mökâ#there
e#or
esë'#one
pöla#sea
töte#father ==nge#=1ᴍꞮɴII
kä..#ѕᴜʙʀ
këdü#a
më#ᴘʀᴇᴘ
kâ#ᴅᴇᴍ2.ᴅɪѕᴛ
kâ#ᴅᴇᴍ2.ᴅɪѕᴛ ==pe#=ᴄᴏЅ
ayöplapä#punish
nâboi#needlefish
kä..#ѕᴜʙʀ etu#big
kä..#ѕᴜʙʀ
tü-#Ʀʟ älva#fork -ngö#ᴀᴘᴘʟ ==de#=3ᴍꞮɴII
këdü#a
ö#ɢᴇɴ1ᴀ ==nge#=1ᴍꞮɴII
-#3ᴀᴜɢ1 ne#scream ==pe#=ᴄᴏЅ ==ng#=3ᴀᴜɢIS
mak#Mark
të-#Ʀʟ.3ᴀᴜɢ mnâ#be -ngö#ᴀᴘᴘʟ
prtrpq#come.inside
sâ-#ᴘꜰᴠ
ncyabe#wooden.stick.for.marinading.hot.pudding
më#ᴘʀᴇᴘ
ä#and
kökâ#ʀᴘʀɴ2.ᴅᴇᴍ2.ᴅɪѕᴛ
öda#clam
kä..#ѕᴜʙʀ
dötâ'#ground
öla#morning
lâ#ᴅᴇᴍ1.ᴅɪѕᴛ
këdü#a
nabë#insides
muöde#because
elö#there
nölanâ#garden
kâng#those
kä..#ѕᴜʙʀ
olvë#female
nâdö#ᴄᴏᴍ.
më#ᴘʀᴇᴘ
nigö#be.1ᴀᴜɢII
leplë#people
nâ#tree
da#thing
ä#and
dölë#colour ==dö#=3ᴀᴜɢII
kâng#those
lömëtangi#foreigner
nâboi#needlefish
kâ#ᴅᴇᴍ2.ᴅɪѕᴛ
tü-#Ʀʟ vë#go -ne#ꞮɴᴛЅ ==kö#=1ᴀᴜɢI
wë#make -tä#ꞮɴᴛЅ -lë#GᴅꞮƦ.UP
nëlungö#life
natü#language
nyë#ᴘᴄꜰʟ.ʙ&ɢ
të-#Ʀʟ.3ᴀᴜɢ pnë#shoot -lëbü#Ʀᴇꜰʟ -ngö#ᴀᴘᴘʟ
kâ#ᴅᴇᴍ2.ᴅɪѕᴛ
në-#ɴᴍʟᴢ1 twë#take -kö#ɴᴍʟᴢ.ᴘᴄꜰʟ -mü#PᴅꞮƦ.HITHER ==le#=3ᴍꞮɴIA
töpengö#not.have;.none.anymore
kâ#ᴅᴇᴍ2.ᴅɪѕᴛ
ö-#ᴍꞮᴅ ka#give -tö#GᴅꞮƦ.IN -mü#PᴅꞮƦ.HITHER
a'#but
nemya'#Nemya'.
ëbü#day
temë#moon.
löpëki#road
sâ-#ᴘꜰᴠ
kâng#those
jisës#Jesus
më#ᴘʀᴇᴘ
ka#ᴅᴇᴍ2.ᴘʀᴏχ
sâ-#ᴘꜰᴠ
dötü#body ==nge#=1ᴍꞮɴII
tü-#Ʀʟ tu#stand
a'#but
tü-#Ʀʟ yökö#finish -tö#GᴅꞮƦ.IN ate#afterward -mü#PᴅꞮƦ.HITHER
kâ#ᴅᴇᴍ2.ᴅɪѕᴛ
tü-#Ʀʟ wü#blow.(wind) -tä#ꞮɴᴛЅ ëlwë#much ==be#=STILL
kâ#ᴅᴇᴍ2.ᴅɪѕᴛ
kâng#those
nesol#nasal
në-#ɴᴍʟᴢ1 mwi#sleep -ngö#ɴᴍʟᴢ
në-#ɴᴍʟᴢ1 mnâ#live,.stay -kö#ɴᴍʟᴢ.ᴘᴄꜰʟ ==gö#=1ᴀᴜɢII
kâ#ᴅᴇᴍ2.ᴅɪѕᴛ
tü-#Ʀʟ ö-#ᴍꞮᴅ pi#say ==pe#=ᴄᴏЅ -bë#PᴅꞮƦ.YON ==le#=3ᴍꞮɴIA
në-#ɴᴍʟᴢ1 mu#eat -ngö#ɴᴍʟᴢ
o#go -mi#ᴅᴘᴠ -tä#ꞮɴᴛЅ -pä#GᴅꞮƦ.OUT -bë#PᴅꞮƦ.YON ==le#=3ᴍꞮɴIA
dapu#piece
ö#ɢᴇɴ1ᴀ ==gö#=1ᴀᴜɢII -ngü#ᴘʟ
yököpe#finished
tzsiu#monk
nâ#tree
toki#knife
lö#ᴛᴘɴʏᴍ
bq#titan.triggerfish
be#story
ö#ɢᴇɴ1ᴀ ==dö#=3ᴀᴜɢII
në-#ɴᴍʟᴢ1 wü#blow.(wind) -kö#ɴᴍʟᴢ.ᴘᴄꜰʟ ==de#=3ᴍꞮɴII
kâ#ᴅᴇᴍ2.ᴅɪѕᴛ
tü-#Ʀʟ mâ#see -ti#ᴛƦ ==amu#=2ᴀᴜɢI
e#that.one la#ᴅᴇᴍ1.ᴘʀᴏχ
mnâ#be -mi#ᴅᴘᴠ ==pe#=ᴄᴏЅ ==amu#=2ᴀᴜɢI
ni-#ᴀᴄᴄ ==nge#=1ᴍꞮɴII
tü-#Ʀʟ ale#do ==kö#=1ᴀᴜɢI
më#ᴘʀᴇᴘ
a'#but
jun#JUNE
lâde#there
bot#boat
muöde#because
më#ᴘʀᴇᴘ
ma#house
dâkta#doctor
të-#Ʀʟ.3ᴀᴜɢ yölwö#gather läblö#together ==pe#=ᴄᴏЅ ==ng#=3ᴀᴜɢIS
lö#ᴛᴘɴʏᴍ
vo#travel -ngö#ᴀᴘᴘʟ -mü#PᴅꞮƦ.HITHER ==le#=3ᴍꞮɴIA
-#ᴘᴀЅ ikla#whip pwë#just
ngölö#hurry ==kö#=1ᴀᴜɢI
auki#Auki
të-#ᴘᴀЅ mâ#see -ngö#ᴀᴘᴘʟ
yië#year
nölâ#place
ne#ᴘᴄꜰʟ.rsbl ==de#=3ᴍꞮɴII
yâmne#speak -tö#GᴅꞮƦ.IN -bë#PᴅꞮƦ.YON ==kö#=1ᴀᴜɢI
sâ#ᴘᴄꜰʟ.hand ==dö#=3ᴀᴜɢII
nabäbë#fence
etu#big -lë#GᴅꞮƦ.UP -m#PᴅꞮƦ.HITHER
na-#ꞮƦƦ ngi#be
la#ᴅᴇᴍ1.ᴘʀᴏχ
yië#year
kâ#ᴅᴇᴍ2.ᴅɪѕᴛ
kä..#ѕᴜʙʀ
muöde#because
kökâng#ʀᴘʀɴ2.ᴅᴇᴍ4.ᴘʟ
ö-#ᴍꞮᴅ pi#say -mü#PᴅꞮƦ.HITHER ==le#=3ᴍꞮɴIA
sâ#ᴘᴄꜰʟ.hand ==gö#=1ᴀᴜɢII
ä#and
kâ#ᴅᴇᴍ2.ᴅɪѕᴛ
kâ#ᴅᴇᴍ2.ᴅɪѕᴛ
ma#house
ncnia#Ncnia
ölilö#both
nigö#be.1ᴀᴜɢII
ä#and
tü-#Ʀʟ pi#say ==pe#=ᴄᴏЅ -m#2ᴍꞮɴII
lâsu#ship
köka'#pray kë#also ==amu#=2ᴀᴜɢI
kâ#ᴅᴇᴍ2.ᴅɪѕᴛ
a'#but
të-#Ʀʟ.3ᴀᴜɢ vea#ask -ti#ᴛƦ ==pe#=ᴄᴏЅ -bë#PᴅꞮƦ.YON ==lö#=3ᴀᴜɢIA
köa-#ᴏƦᴅ li#two
kâ#ᴅᴇᴍ2.ᴅɪѕᴛ
ëlwë#much
ä#and
peto#bush
yököpe#finished
ami#army
wü#high
-#3ᴀᴜɢ1 vë#go kai#first ==ng#=3ᴀᴜɢIS
na-#ꞮƦƦ wë#make ==pe#=ᴄᴏЅ -ngö#ᴀᴘᴘʟ ==de#=3ᴍꞮɴII
nidö#be.3ᴀᴜɢII.
kru#crew
japan#JAPAN
-#3ᴀᴜɢ1 yâblü#naked ==ng#=3ᴀᴜɢIS
mü#ᴘᴄꜰʟ.drink ==de#=3ᴍꞮɴII
më#ᴘʀᴇᴘ
kâ#ᴅᴇᴍ2.ᴅɪѕᴛ
ma#house
tö-#ɴᴇɢ mâ#see ==ä#=1ᴍꞮɴI -u#ɴᴇɢ
mzdxmingr#Mzdxmingr.village
të-#Ʀʟ.3ᴀᴜɢ yöbü#lying.down -ti#ᴛƦ läblö#together ==ng#=3ᴀᴜɢIS
letëlvë#elders
më#ᴘʀᴇᴘ
döka'#demon
në-#ɴᴍʟᴢ1 a-#ᴄᴀᴜЅ vo#travel -bë#PᴅꞮƦ.YON ==lö#=3ᴀᴜɢIA
kâ#ᴅᴇᴍ2.ᴅɪѕᴛ
ä#and
lue#water
kâ#ᴅᴇᴍ2.ᴅɪѕᴛ
ä#and
nea#Nea
ä#and
badö#ᴄᴏᴍ.
kâ#ᴅᴇᴍ2.ᴅɪѕᴛ
kä..#ѕᴜʙʀ etu#big
këdü#a
na-#ꞮƦƦ ngölö#hurry -ki#UᴅꞮƦ.PATH -tö#GᴅꞮƦ.IN ==lö#=3ᴀᴜɢIA
sâ-#ᴘꜰᴠ
elö#there
ö-#ᴍꞮᴅ pi#say -mü#PᴅꞮƦ.HITHER ==le#=3ᴍꞮɴIA
sâ-#ᴘꜰᴠ
kölë#reach -mü#PᴅꞮƦ.HITHER ==le#=3ᴍꞮɴIA
lö#ᴛᴘɴʏᴍ
-#3ᴀᴜɢ1 mâpä#choose kë#also ==lö#=3ᴀᴜɢIA
kë#also
nâ#tree
kxbq#uncle.nephew ==gö#=1ᴀᴜɢII
ngö#ɢᴇɴ1ᴀ
dakänëng#food
ö#ɢᴇɴ1ᴀ ==de#=3ᴍꞮɴII
ö-#ᴍꞮᴅ ka#give -tä#ꞮɴᴛЅ -mü#PᴅꞮƦ.HITHER
në-#ɴᴍʟᴢ1 li#two -kö#ɴᴍʟᴢ.ᴘᴄꜰʟ ==de#=3ᴍꞮɴII
kä..#ѕᴜʙʀ
ba-#ᴅᴀᴛ ==de#=3ᴍꞮɴII
kä..#ѕᴜʙʀ
badö#ᴄᴏᴍ.
kä..#ѕᴜʙʀ -#3ᴀᴜɢ1 siklu#be.schooled
ä#and
lö#ᴛᴘɴʏᴍ
satde#Saturday
muöde#because
sâ#ᴘᴄꜰʟ.hand ==de#=3ᴍꞮɴII
lâ#ᴅᴇᴍ1.ᴅɪѕᴛ
skul#school
nyë#ᴘᴄꜰʟ.ʙ&ɢ
läe#mother.aunt
të-#Ʀʟ.3ᴀᴜɢ wë#make ==ng#=3ᴀᴜɢIS
na-#ꞮƦƦ ngi#be
dëtu#things ==dö#=3ᴀᴜɢII
kâ#ᴅᴇᴍ2.ᴅɪѕᴛ
a'#but
më#eye ==ke'#=1ᴍꞮɴII
nabë#area nepi#sun
ö-#ᴍꞮᴅ pi#say -bë#PᴅꞮƦ.YON ==le#=3ᴍꞮɴIA
më#ᴘʀᴇᴘ
kâ#ᴅᴇᴍ2.ᴅɪѕᴛ
kâ#ᴅᴇᴍ2.ᴅɪѕᴛ
-#ᴘᴀЅ lë#carve -tö#GᴅꞮƦ.IN -ngö#ᴀᴘᴘʟ ==de#=3ᴍꞮɴII
nounâ#tree
da#thing
nibö#back.part
ya#paddle -pä#GᴅꞮƦ.OUT -bo#.BZ(PDIR.YON)=O(1MINI)
kö.-#ƦᴘƦɴ2 lâ#ᴅᴇᴍ1.ᴅɪѕᴛ ==de#=3ᴍꞮɴII -ngü#ᴘʟ
nide#be.3ᴍɪɴII
gwalekana#Guadalcanal
dâkta#doctor
kä..#ѕᴜʙʀ
më#ᴘʀᴇᴘ
mönyë#home ==de#=3ᴍꞮɴII
nounenü#cyclone
më#ᴘʀᴇᴘ
lö#ᴛᴘɴʏᴍ
kä..#ѕᴜʙʀ
të-#ᴘᴀЅ ö-#ᴍꞮᴅ pi#say -bë#PᴅꞮƦ.YON
-#ᴘᴀЅ ataki#injured
kä..#ѕᴜʙʀ
ä#and
nigö#be.1ᴀᴜɢII
öpi#said mou#again -mü#PᴅꞮƦ.HITHER ==le#=3ᴍꞮɴIA
më#ᴘʀᴇᴘ
ne#ᴘᴄꜰʟ.rsbl ==de#=3ᴍꞮɴII -ngü#ᴘʟ
nâblo#man
-#ᴘᴀЅ a-#ᴄᴀᴜЅ dâpä#reveal lëbü#ʀᴇꜰʟ -ngö#ᴀᴘᴘʟ -bë#PᴅꞮƦ.YON
ä#and
nigö#be.1ᴀᴜɢII
kâng#those
ä#and
nöâ#wave
më#ᴘʀᴇᴘ
ni-#ᴀᴄᴄ ==nge#=1ᴍꞮɴII
kâma#that.one
käetu#leader
më#ᴘʀᴇᴘ
topla#basket
kä..#ѕᴜʙʀ
kâng#those
ä#and
kä..#ѕᴜʙʀ
na-#ꞮƦƦ kilë#drag -bë#PᴅꞮƦ.YON ==le#=3ᴍꞮɴIA
në-#ɴᴍʟᴢ1 öyapwä#tell.a.story -kö#ɴᴍʟᴢ.ᴘᴄꜰʟ ==dö#=3ᴀᴜɢII
dwaki#break -lë#GᴅꞮƦ.UP -mü#PᴅꞮƦ.HITHER ==le#=3ᴍꞮɴIA
këdü#a
külu#many -tä#ꞮɴᴛЅ ==pe#=ᴄᴏЅ
kâ#ᴅᴇᴍ2.ᴅɪѕᴛ
abötë#be.happy -lvë#ᴀᴘᴘʟ ==kö#=1ᴀᴜɢI
temë#moon.
më#ᴘʀᴇᴘ
në#tree.bark
abë#kill
ä#and
mwx'lr#fear
vë#go -bë#PᴅꞮƦ.YON ==kö#=1ᴀᴜɢI
dâkta#doctor
temë#moon.
sâ-#ᴘꜰᴠ
ö#ɢᴇɴ1ᴀ ==de#=3ᴍꞮɴII
bute'#corner.3D
leplë#people
të-#Ʀʟ.3ᴀᴜɢ vo#travel ==pe#=ᴄᴏЅ ==ngü#=3ᴀᴜɢIS
kä..#ѕᴜʙʀ etu#big
kölâng#these
në-#ɴᴍʟᴢ1 ö-#ᴍꞮᴅ pi#say -bë#PᴅꞮƦ.YON
yö#write -mü#PᴅꞮƦ.HITHER
në-#ɴᴍʟᴢ1 bom#bomb -kö#ɴᴍʟᴢ.ᴘᴄꜰʟ ==de#=3ᴍꞮɴII
menckzpo#Menckzpo
tü-#Ʀʟ wäbu#sit -o#GᴅꞮƦ.DOWN -ngö#ᴀᴘᴘʟ -mü#PᴅꞮƦ.HITHER
nar#head
këdung#ᴀᴛ.фɴᴛ.ᴘʟ.ᴘʟ
kâ#ᴅᴇᴍ2.ᴅɪѕᴛ
nibö#back.part ==gö#=1ᴀᴜɢII
wiki#week
tü-#Ʀʟ vë#go ==pe#=ᴄᴏЅ -bo#.BZ(PDIR.YON)=O(1MINI)
pnz'#shoot mou#again ==le#=3ᴍꞮɴIA
na-#ꞮƦƦ dwasë#leave ==pe#=ᴄᴏЅ ==kö#=1ᴀᴜɢI
ötülögö#three.of.us.excl
kä..#ѕᴜʙʀ
a'#but
nëling#two;.couple
awi#thank -tä#ꞮɴᴛЅ -ngö#ᴀᴘᴘʟ -bo#.BZ(PDIR.YON)=O(1MINI)
ma#house
ä#and
menabz#Menabz
në-#ɴᴍʟᴢ1 yâmne#speak -kö#ɴᴍʟᴢ.ᴘᴄꜰʟ -mü#PᴅꞮƦ.HITHER ==le#=3ᴍꞮɴIA
nëveângö#war
möka#here
mama#priest
këdu#some
ëbü#day
ba-#ᴅᴀᴛ ==de#=3ᴍꞮɴII
ä#and
dalö#things.of
tü-#Ʀʟ mnâ#live,.stay -ngö#ᴀᴘᴘʟ ==gö#=1ᴀᴜɢII
në-#ɴᴍʟᴢ1 yâlwë#shake;.rough ëvë#always -kö#ɴᴍʟᴢ.ᴘᴄꜰʟ ==de#=3ᴍꞮɴII
-#ᴘᴀЅ apä#restrict -ngö#ᴀᴘᴘʟ -bë#PᴅꞮƦ.YON
olvë#female
mama#priest
tü-#Ʀʟ älö#hear ==pe#=ᴄᴏЅ ==kö#=1ᴀᴜɢI
eprol#APRIL
lâsu#ship
kâ#ᴅᴇᴍ2.ᴅɪѕᴛ ==pe#=ᴄᴏЅ
luga#Lungga
kosi#course
më#ᴘʀᴇᴘ
në-#ɴᴍʟᴢ1 melë#awaken -kö#ɴᴍʟᴢ.ᴘᴄꜰʟ ==me#=.MQ(PDIR.HITHER)=Q(2MINI)
më#ᴘʀᴇᴘ
yökö#depart -tä#ꞮɴᴛЅ -tö#GᴅꞮƦ.IN ==ku#=12ᴀᴜɢI
jisës#Jesus
ye#in.fact
nim#be.2ᴍɪɴII
bom#bomb ==le#=3ᴍꞮɴIA
ngölä#daylight -tä#ꞮɴᴛЅ -o#GᴅꞮƦ.DOWN ==#=3ᴍꞮɴIS
lâ#ᴅᴇᴍ1.ᴅɪѕᴛ
peto#bush
më#ᴘʀᴇᴘ
më#ᴘʀᴇᴘ
-#ᴘᴀЅ ö-#ᴍꞮᴅ pilë#curse -ngö#ᴀᴘᴘʟ
ngö#ɢᴇɴ1ᴀ
da#thing
na-#ꞮƦƦ vë#go ==kö#=1ᴀᴜɢI
nyë#ᴘᴄꜰʟ.ʙ&ɢ
kâ#ᴅᴇᴍ2.ᴅɪѕᴛ
ö#ɢᴇɴ1ᴀ ==gö#=1ᴀᴜɢII -ngü#ᴘʟ
-#3ᴀᴜɢ1 rpna'#shoot mou#again -mü#PᴅꞮƦ.HITHER ==ng#=3ᴀᴜɢIS
badö#ᴄᴏᴍ.
këdü#a
ä#and
tü-#Ʀʟ ngi#be
meöikol#miracle
nebrnz#Nebrnz
nâ.nökö#KWILA.TREE
pi#say kë#also -mü#PᴅꞮƦ.HITHER ==le#=3ᴍꞮɴIA
a'#but
alankaula#Alankaula
aijz#Aijz
kä..#ѕᴜʙʀ
topwë#little -tö#GᴅꞮƦ.IN
kâ#ᴅᴇᴍ2.ᴅɪѕᴛ
ma#advrs
nâblo#man
mölâde#there
neimö#egg
kä..#ѕᴜʙʀ töka#bad
sele#here
olvë#female
më#ᴘʀᴇᴘ
doa#child
filip#Philip
ö#ɢᴇɴ1ᴀ
ö#ɢᴇɴ1ᴀ
mökâ#there
mökâ#there
tö-#ɴᴇɢ ngi#be ==#=3ᴍꞮɴIS -u#ɴᴇɢ
mölâ#there
më#ᴘʀᴇᴘ
-#3ᴀᴜɢ1 tü#three
sâ-#ᴘꜰᴠ
ëbë#so.then
nike#what
tölipu#rain.storm
tu#stand -o#GᴅꞮƦ.DOWN -mü#PᴅꞮƦ.HITHER
rum#room
ä#and
-#3ᴀᴜɢ1 abötë#be.happy -lvë#ᴀᴘᴘʟ ==lö#=3ᴀᴜɢIA
tü-#Ʀʟ vë#go -dë#GᴅꞮƦ.UP ==pe#=ᴄᴏЅ ==kö#=1ᴀᴜɢI
ngö#ɢᴇɴ1ᴀ
më#ᴘʀᴇᴘ
sâ-#ᴘꜰᴠ
muöde#because
ngö#ɢᴇɴ1ᴀ ==de#=3ᴍꞮɴII
nölâ#place
mövö#rotten -ti#ᴛƦ ==pe#=ᴄᴏЅ
në-#ɴᴍʟᴢ1 wë#make -kö#ɴᴍʟᴢ.ᴘᴄꜰʟ ==de#=3ᴍꞮɴII
ngö#ɢᴇɴ1ᴀ
tü-#Ʀʟ tu#stand -tö#GᴅꞮƦ.IN -mü#PᴅꞮƦ.HITHER
esë'#one
muöde#because
kâng#those
kä..#ѕᴜʙʀ
ä#and
dakänëng#food
të-#Ʀʟ.3ᴀᴜɢ ngölö#hurry -lë#GᴅꞮƦ.UP mou#again -mü#PᴅꞮƦ.HITHER ==ng#=3ᴀᴜɢIS
kâ#ᴅᴇᴍ2.ᴅɪѕᴛ
tu#stand
la#ᴅᴇᴍ1.ᴘʀᴏχ
tü-#Ʀʟ ötwayë#lead.from.front;.walk -bë#PᴅꞮƦ.YON
doa#child
ö-#ᴍꞮᴅ yëkö#peel
kâ#ᴅᴇᴍ2.ᴅɪѕᴛ
ä#and
badö#ᴄᴏᴍ.
kâng#those
në-#ɴᴍʟᴢ1 mnâ#stay,.live,.be -kö#ɴᴍʟᴢ.ᴘᴄꜰʟ ==nge#=1ᴍꞮɴII
në-#ɴᴍʟᴢ1 ölasë#leave -kö#ɴᴍʟᴢ.ᴘᴄꜰʟ ==gö#=1ᴀᴜɢII
badö#ᴄᴏᴍ.
ä#and
tü-#Ʀʟ mölë#be.good ==pe#=ᴄᴏЅ ==#=3ᴍꞮɴIS
më#ᴘʀᴇᴘ
kâng#those
na-#ꞮƦƦ bë#die -ngö#ᴀᴘᴘʟ ==nü#=2MINᵢ
-#3ᴀᴜɢ1 vë#go -bë#PᴅꞮƦ.YON ==ng#=3ᴀᴜɢIS
te#pull -o#GᴅꞮƦ.DOWN ==ä#=1ᴍꞮɴI
mökâ#there
käetu#leader
nar#head
ö#ɢᴇɴ1ᴀ ==gö#=1ᴀᴜɢII
ka#ᴅᴇᴍ2.ᴘʀᴏχ
ä#and
nëling#two;.couple
dötü#name ==de#=3ᴍꞮɴII
ö-#ᴍꞮᴅ pi#say -lë#GᴅꞮƦ.UP -bë#PᴅꞮƦ.YON
-#3ᴀᴜɢ1 ölimë#seven ==ng#=3ᴀᴜɢIS
sâ-#ᴘꜰᴠ
badö#ᴄᴏᴍ.
mëli#midst
mepë#shore
këdü#a
lâsu#ship
tü-#Ʀʟ ngi#be
köa-#ᴏƦᴅ li#two
ma#house
sâ#ᴘᴄꜰʟ.hand ==de#=3ᴍꞮɴII
këble#different -ngü#ᴘʟ
më#ᴘʀᴇᴘ
kä..#ѕᴜʙʀ topwë#little -ne#ꞮɴᴛЅ
kä..#ѕᴜʙʀ külu#many
bagö#dat=1augII
ma#house
dötwö#neck ==gö#=1ᴀᴜɢII
olvë#female
nâblo#man
më#ᴘʀᴇᴘ
kä..#ѕᴜʙʀ
nëmu#if
bute'#corner.3D
më#ᴘʀᴇᴘ
mzlo#Malo
sâ-#ᴘꜰᴠ
dötü#name ==de#=3ᴍꞮɴII
në-#ɴᴍʟᴢ1 bom#bomb ==lö#=3ᴀᴜɢIA
tü-#Ʀʟ vë#go -ngö#ᴀᴘᴘʟ ==gö#=1ᴀᴜɢII
na-#ꞮƦƦ dwa#jump -ti#ᴛƦ -tä#ꞮɴᴛЅ
lika#kite
ä#and
më#ᴘʀᴇᴘ
kâ#ᴅᴇᴍ2.ᴅɪѕᴛ
të-#Ʀʟ.3ᴀᴜɢ vë#go -o#GᴅꞮƦ.DOWN ==pe#=ᴄᴏЅ ==ng#=3ᴀᴜɢIS
lö#ᴛᴘɴʏᴍ
ä#and
dötü#name ==de#=3ᴍꞮɴII
më#ᴘʀᴇᴘ
ä#and
da#thing
kä..#ѕᴜʙʀ
ne#ᴘᴄꜰʟ.rsbl ==dö#=3ᴀᴜɢII -ngü#ᴘʟ
kâ#ᴅᴇᴍ2.ᴅɪѕᴛ
më#ᴘʀᴇᴘ
nölâkäbü#night ==pe#=ᴄᴏЅ
muöde#because
kâ#ᴅᴇᴍ2.ᴅɪѕᴛ
ëbü#day
më#ᴘʀᴇᴘ
ö#ɢᴇɴ1ᴀ
ëbë#so.then
nëökölëngö#knowledge
tü-#Ʀʟ kâblë#catch -pä#GᴅꞮƦ.OUT -ngö#ᴀᴘᴘʟ ==#=3ᴍꞮɴIS
naonöä#doorway
mökâ#there
sâ-#ᴘꜰᴠ
e#or
më#ᴘʀᴇᴘ
mama#priest
kä..#ѕᴜʙʀ
lö#ᴛᴘɴʏᴍ
ba-#ᴅᴀᴛ ==nge#=1ᴍꞮɴII
ä#and
dâkta#doctor
pöla#sea
ö#ɢᴇɴ1ᴀ ==dö#=3ᴀᴜɢII
në-#ɴᴍʟᴢ1 melë#awaken -kö#ɴᴍʟᴢ.ᴘᴄꜰʟ -mü#PᴅꞮƦ.HITHER ==le#=3ᴍꞮɴIA
nyë#ᴘᴄꜰʟ.ʙ&ɢ ==gö#=1ᴀᴜɢII
nrngx#spider
mâ#see -pä#GᴅꞮƦ.OUT ==kö#=1ᴀᴜɢI
leu#leaf
ä#and
kä..#ѕᴜʙʀ
kâ#ᴅᴇᴍ2.ᴅɪѕᴛ
sâ-#ᴘꜰᴠ
kâ#ᴅᴇᴍ2.ᴅɪѕᴛ
dalö#things.of
namu#how
tü-#Ʀʟ kölä#roof -lë#GᴅꞮƦ.UP ==pe#=ᴄᴏЅ ==le#=3ᴍꞮɴIA
këdü#a
samson#Sampson
tü-#Ʀʟ a-#ᴄᴀᴜЅ su#cook ==pe#=ᴄᴏЅ
a'#but
ä#and
kâ#ᴅᴇᴍ2.ᴅɪѕᴛ
ä#and
a'#but
lue#water
doa#child
kölë#know -bë#PᴅꞮƦ.YON ==le#=3ᴍꞮɴIA
kâ#ᴅᴇᴍ2.ᴅɪѕᴛ
nidö#be.3ᴀᴜɢII.
ö#ɢᴇɴ1ᴀ
në-#ɴᴍʟᴢ1 ale#do -bë#PᴅꞮƦ.YON
tü-#Ʀʟ twë#take ==le#=3ᴍꞮɴIA
sâ#ᴘᴄꜰʟ.hand ==de#=3ᴍꞮɴII
tewa#rain
kâ#ᴅᴇᴍ2.ᴅɪѕᴛ
kâ#ᴅᴇᴍ2.ᴅɪѕᴛ
a-#ᴄᴀᴜЅ yëlu#reply -ngö#ᴀᴘᴘʟ -bo#.BZ(PDIR.YON)=O(1MINI)
tü-#Ʀʟ twë#take ==pe#=ᴄᴏЅ
mnâ#be -ti#ᴛƦ ==ä#=1ᴍꞮɴI
nibö#back.part ==de#=3ᴍꞮɴII
më#ᴘʀᴇᴘ
tü-#Ʀʟ mu#eat ==pe#=ᴄᴏЅ
më#ᴘʀᴇᴘ
-#ᴘᴀЅ atwëlö#dispatch pwë#just
mëtea#village
në-#ɴᴍʟᴢ1 angio#worship -kö#ɴᴍʟᴢ.ᴘᴄꜰʟ ==dö#=3ᴀᴜɢII
në-#ɴᴍʟᴢ1 aölö#take.leave.of. -kö#ɴᴍʟᴢ.ᴘᴄꜰʟ
kâ#ᴅᴇᴍ2.ᴅɪѕᴛ
lâ#ᴅᴇᴍ1.ᴅɪѕᴛ
ä#and
më#ᴘʀᴇᴘ
doa#child
ngi#be
ö-#ᴍꞮᴅ pi#say -bo#.BZ(PDIR.YON)=O(1MINI)
na-#ꞮƦƦ ka#give ëpwä#actually -bë#PᴅꞮƦ.YON ==le#=3ᴍꞮɴIA
nöwä#peace
më#ᴘʀᴇᴘ
lâ#ᴅᴇᴍ1.ᴅɪѕᴛ
tü-#Ʀʟ vë#go ==pe#=ᴄᴏЅ -bë#PᴅꞮƦ.YON ==#=3ᴍꞮɴIS
dötwö#mind
mou#again
këdu#some
kä..#ѕᴜʙʀ
lö#ᴛᴘɴʏᴍ
pripekt#prefect
ä#and
kä..#ѕᴜʙʀ
ö-#ᴍꞮᴅ nibü#kill ==pe#=ᴄᴏЅ ==#=3ᴍꞮɴIS
kâ#ᴅᴇᴍ2.ᴅɪѕᴛ
fiu#Fiu,.Malaita
sâ#ᴘᴄꜰʟ.hand ==dö#=3ᴀᴜɢII
tü-#Ʀʟ obü#look -lë#GᴅꞮƦ.UP ==pe#=ᴄᴏЅ ==ä#=1ᴍꞮɴI
në-#ɴᴍʟᴢ1 wë#make -kö#ɴᴍʟᴢ.ᴘᴄꜰʟ
-#3ᴀᴜɢ1 pilë#curse ==lö#=3ᴀᴜɢIA
kä..#ѕᴜʙʀ
-#3ᴀᴜɢ1 bë#die ==ng#=3ᴀᴜɢIS
më#ᴘʀᴇᴘ
ka#ᴅᴇᴍ2.ᴘʀᴏχ
nöbâ#near.top
kâ#ᴅᴇᴍ2.ᴅɪѕᴛ
në-#ɴᴍʟᴢ1 mnâ#live,.stay -kö#ɴᴍʟᴢ.ᴘᴄꜰʟ ==gö#=1ᴀᴜɢII
na-#ꞮƦƦ ngi#be
nea#Nea
ngö#ɢᴇɴ1ᴀ
kâ#ᴅᴇᴍ2.ᴅɪѕᴛ
bia#breadfruit
e#or
olvi#girl
köka'#pray -tä#ꞮɴᴛЅ ==kö#=1ᴀᴜɢI
menabz#Menabz
tü-#Ʀʟ ö-#ᴍꞮᴅ yö#write -ngö#ᴀᴘᴘʟ ==ne#=1ᴍꞮɴII
kâ#ᴅᴇᴍ2.ᴅɪѕᴛ
löpëki#road
nölâkäbü#night
më#ᴘʀᴇᴘ
dapu#piece
makätö#church.building
më#ᴘʀᴇᴘ
käetu#leader
kâ#ᴅᴇᴍ2.ᴅɪѕᴛ
këte#friend ==nge#=1ᴍꞮɴII
kä..#ѕᴜʙʀ
nâte#his.nose ==de#=3ᴍꞮɴII
nounâ#tree
më#ᴘʀᴇᴘ
vë#go -tä#ꞮɴᴛЅ -alo#FOREVER
dekâ#this
na-#ꞮƦƦ ngü#eat ==amu#=2ᴀᴜɢI
dötâ'#ground
sâ-#ᴘꜰᴠ
kä..#ѕᴜʙʀ
tewa#rain
sâ#ᴘᴄꜰʟ.hand ==dö#=3ᴀᴜɢII
më#ᴘʀᴇᴘ
taea#TIRE
gü#hole
ba-#ᴅᴀᴛ ==nge#=1ᴍꞮɴII
nyë#ᴘᴄꜰʟ.ʙ&ɢ ==dö#=3ᴀᴜɢII
nidö#be.3ᴀᴜɢII.
nö#ᴘᴄꜰʟ.feel
mökâ#there
më#ᴘʀᴇᴘ
ne#ᴘᴄꜰʟ.rsbl ==de#=3ᴍꞮɴII
külu#many
mnâ#be kapü#hidden -ngö#ᴀᴘᴘʟ ==gö#=1ᴀᴜɢII
më#ᴘʀᴇᴘ
nipna'#arrow
mepë#shore
mou#again
ëbë#so.then
na-#ꞮƦƦ pipä#declare -lëbü#Ʀᴇꜰʟ ==ng#=3ᴀᴜɢIS
në-#ɴᴍʟᴢ1 ayo#walk -ngö#ɴᴍʟᴢ
mölë#be.good
kölë#know -bë#PᴅꞮƦ.YON ==le#=3ᴍꞮɴIA
alankaula#Alankaula
muöde#because
kämu#be.like
möka#here
kä..#ѕᴜʙʀ
jun#JUNE
-#ᴘᴀЅ ka#give -mü#PᴅꞮƦ.HITHER
vë#go ==kö#=1ᴀᴜɢI
më#ᴘʀᴇᴘ
tewa#rain
yöpla#bang -bötü#SHUT ==pe#=ᴄᴏЅ
dwa#jump -tö#GᴅꞮƦ.IN ==kö#=1ᴀᴜɢI
nya#taro
kâ#ᴅᴇᴍ2.ᴅɪѕᴛ
në-#ɴᴍʟᴢ1 siklu#be.schooled -kö#ɴᴍʟᴢ.ᴘᴄꜰʟ ==nge#=1ᴍꞮɴII
më#ᴘʀᴇᴘ
bia#breadfruit
etu#big -tä#ꞮɴᴛЅ
vë#go ëvë#always ==ä#=1ᴍꞮɴI
ba-#ᴅᴀᴛ ==nge#=1ᴍꞮɴII
në-#ɴᴍʟᴢ1 wë#make -ngö#ᴠƦ
mâ#see ==le#=3ᴍꞮɴIA
më#ᴘʀᴇᴘ
katin#CARTON
mzdxmingr#Mzdxmingr.village
kä..#ѕᴜʙʀ
diksonare#dictionary
ä#and
mu#decide
döka'#demon
në-#ɴᴍʟᴢ1 a-#ᴄᴀᴜЅ obü#look läblö#together -bë#PᴅꞮƦ.YON ==lö#=3ᴀᴜɢIA
na-#ꞮƦƦ mu#eat ==pe#=ᴄᴏЅ ==ku#=12ᴀᴜɢI
lâsu#ship kä..#ѕᴜʙʀ lvâ#fly
naü#Malay.apple ==pü#=2ᴍꞮɴII ==nge#=1ᴍꞮɴII
tü-#Ʀʟ a-#ᴄᴀᴜЅ oti#take ==pe#=ᴄᴏЅ
möbö#lose -ti#ᴛƦ -tö#GᴅꞮƦ.IN ==pe#=ᴄᴏЅ
a-#ᴄᴀᴜЅ yëlu#return -mü#PᴅꞮƦ.HITHER ==le#=3ᴍꞮɴIA
tü-#Ʀʟ vë#go ==pe#=ᴄᴏЅ
dâkta#doctor
kâ#ᴅᴇᴍ2.ᴅɪѕᴛ
kâ#ᴅᴇᴍ2.ᴅɪѕᴛ
kâ#ᴅᴇᴍ2.ᴅɪѕᴛ
na-#ꞮƦƦ twë#take ==le#=3ᴍꞮɴIA
në-#ɴᴍʟᴢ1 köka'#pray -kö#ɴᴍʟᴢ.ᴘᴄꜰʟ -bë#PᴅꞮƦ.YON ==le#=3ᴍꞮɴIA
më#ᴘʀᴇᴘ
nea#Nea
na-#ꞮƦƦ mâ#see ==le#=3ᴍꞮɴIA
badö#ᴄᴏᴍ.
sâ-#ᴘꜰᴠ
yökö#finish -pä#GᴅꞮƦ.OUT -bë#PᴅꞮƦ.YON ==#=3ᴍꞮɴIS
kä..#ѕᴜʙʀ
ena#just
më#ᴘʀᴇᴘ
nâblo#man
më#ᴘʀᴇᴘ
elö#there
lâpwë#same
ä#and
nölâ#place
të-#Ʀʟ.3ᴀᴜɢ ö-#ᴍꞮᴅ längiti#obey ==ngü#=3ᴀᴜɢIS
nëmu#then
ä#and
jenwzri#January
o#or
më#ᴘʀᴇᴘ
tü-#Ʀʟ wäbu#sit -o#GᴅꞮƦ.DOWN -ngö#ᴀᴘᴘʟ -mü#PᴅꞮƦ.HITHER
në-#ɴᴍʟᴢ1 vë#go -ne#ꞮɴᴛЅ -kö#ɴᴍʟᴢ.ᴘᴄꜰʟ ==gö#=1ᴀᴜɢII
sâ-#ᴘꜰᴠ
nâdö#ᴄᴏᴍ.
buk#book
kä..#ѕᴜʙʀ
tü-#Ʀʟ mu#eat -ngö#ᴀᴘᴘʟ ==be#=STILL
kä..#ѕᴜʙʀ
në-#ɴᴍʟᴢ1 äpe#buy -ngö#ɴᴍʟᴢ
tü-#Ʀʟ rlvi#be.demanding -tä#ꞮɴᴛЅ -pä#GᴅꞮƦ.OUT ==be#=STILL
banyapu#pineapple
ä#and
nea#Nea
ëmwälö#fear
ilrmztangi#Ilrmztangi
kâ#ᴅᴇᴍ2.ᴅɪѕᴛ
kâ#ᴅᴇᴍ2.ᴅɪѕᴛ
ngölö#hurry ==kö#=1ᴀᴜɢI
ba-#ᴅᴀᴛ ==nge#=1ᴍꞮɴII
naü#Malay.apple
na-#ꞮƦƦ ka#give -bo#.BZ(PDIR.YON)=O(1MINI)
a-#ᴄᴀᴜЅ mingö#dry ==pe#=ᴄᴏЅ ==kö#=1ᴀᴜɢI
yököpä#complete
lâsu#ship
ä#and
nea#Nea
nyë#ᴘᴄꜰʟ.ʙ&ɢ
më#ᴘʀᴇᴘ
möbö#lose ==pe#=ᴄᴏЅ
bia#breadfruit
sâ#ᴘᴄꜰʟ.hand ==de#=3ᴍꞮɴII
muöde#because
sâ-#ᴘꜰᴠ
doa#child
kâ#ᴅᴇᴍ2.ᴅɪѕᴛ
dwa#jump -tä#ꞮɴᴛЅ -tö#GᴅꞮƦ.IN ==ä#=1ᴍꞮɴI
-#3ᴀᴜɢ1 mnâ#be ==ngü#=3ᴀᴜɢIS
më#ᴘʀᴇᴘ
elö#there
nigö#be.1ᴀᴜɢII
na-#ꞮƦƦ mâ#see ==kö#=1ᴀᴜɢI
a'#but
kâ#ᴅᴇᴍ2.ᴅɪѕᴛ
älö#hear -bë#PᴅꞮƦ.YON ==kö#=1ᴀᴜɢI
asdikon#Archdeacon
natqgu#Natqgu
kang#these
dakänëng#food
kâ#ᴅᴇᴍ2.ᴅɪѕᴛ
bokapwr#Bokapwr
kâ#ᴅᴇᴍ2.ᴅɪѕᴛ
kölë#know -bë#PᴅꞮƦ.YON ==kö#=1ᴀᴜɢI
ö#ɢᴇɴ1ᴀ ==gö#=1ᴀᴜɢII
në-#ɴᴍʟᴢ1 tülvë#nail -tö#GᴅꞮƦ.IN -ngö#ᴀᴘᴘʟ
vo#travel ==kö#=1ᴀᴜɢI
ö#ɢᴇɴ1ᴀ
më#ᴘʀᴇᴘ
mama#priest
dalö#things.of
në-#ɴᴍʟᴢ1 vë#go ==pe#=ᴄᴏЅ -kö#ɴᴍʟᴢ.ᴘᴄꜰʟ ==dö#=3ᴀᴜɢII
ëbë#so.then
boi#long -tä#ꞮɴᴛЅ
ngö#ɢᴇɴ1ᴀ ==dö#=3ᴀᴜɢII
kä..#ѕᴜʙʀ
nigö#be.1ᴀᴜɢII
sâ-#ᴘꜰᴠ
mou#again
dötwö#neck ==gö#=1ᴀᴜɢII
ö#ɢᴇɴ1ᴀ
nigö#be.1ᴀᴜɢII
sâ-#ᴘꜰᴠ
ba-#ᴅᴀᴛ ==mü#=2ᴍꞮɴII
kâng#those
nyë#ᴘᴄꜰʟ.ʙ&ɢ ==gö#=1ᴀᴜɢII
nedr#SANTA.CRUZ
temë#moon.
ne#ᴘᴄꜰʟ.rsbl ==dö#=3ᴀᴜɢII
dötwö#mind
më#ᴘʀᴇᴘ
kä..#ѕᴜʙʀ etu#big
tü-#Ʀʟ topwë#little ==be#=STILL -ngö#ᴀᴘᴘʟ ==ne#=1ᴍꞮɴII
kâmiti#committee
olvë#wife
oda#destroy -ti#ᴛƦ -tä#ꞮɴᴛЅ atwönö#wholly -ngö#ᴀᴘᴘʟ ==de#=3ᴍꞮɴII
badö#ᴄᴏᴍ.
dötwö#mind
më#ᴘʀᴇᴘ
këdü#a
ä#and
na-#ꞮƦƦ mölë#be.good ==#=3ᴍꞮɴIS
döta'#sand
ngö#ɢᴇɴ1ᴀ
ngö#ɢᴇɴ1ᴀ ==de#=3ᴍꞮɴII
awi#thank -tä#ꞮɴᴛЅ -bo#.BZ(PDIR.YON)=O(1MINI)
nâdö#ᴄᴏᴍ.
lapu#split -pä#GᴅꞮƦ.OUT ==le#=3ᴍꞮɴIA
ö-#ᴍꞮᴅ pi#say -mü#PᴅꞮƦ.HITHER ==le#=3ᴍꞮɴIA
më#ᴘʀᴇᴘ
dese#here.it.is
muöde#because
wü#high
më#ᴘʀᴇᴘ
ä#and
älö#hear -mü#PᴅꞮƦ.HITHER ==le#=3ᴍꞮɴIA
se#here
mölëväi#extremely.good -tä#ꞮɴᴛЅ
ä#and
lâ#ᴅᴇᴍ1.ᴅɪѕᴛ
inyä#daughter
dötü#name ==de#=3ᴍꞮɴII
kä..#ѕᴜʙʀ mâ#left.side
-#3ᴀᴜɢ1 mitin#hold.a.meeting -ngö#ᴀᴘᴘʟ ==dö#=3ᴀᴜɢII
nyë#ᴘᴄꜰʟ.ʙ&ɢ ==de#=3ᴍꞮɴII
më#ᴘʀᴇᴘ
kä..#ѕᴜʙʀ etu#big
nigö#be.1ᴀᴜɢII
ba-#ᴅᴀᴛ ==nge#=1ᴍꞮɴII
alankaula#Alankaula
më#ᴘʀᴇᴘ
inyä#daughter ==de#=3ᴍꞮɴII -ngü#ᴘʟ
nounenü#cyclone
kansöl#council
në-#ɴᴍʟᴢ1 ngini#become -kö#ɴᴍʟᴢ.ᴘᴄꜰʟ ==de#=3ᴍꞮɴII
nëmu#if
nigö#be.1ᴀᴜɢII
dwa#jump ==kö#=1ᴀᴜɢI
ä#and
muöde#because
kä..#ѕᴜʙʀ esë'#one
tü-#Ʀʟ tu#stand -o#GᴅꞮƦ.DOWN -mü#PᴅꞮƦ.HITHER ==#=3ᴍꞮɴIS
mëtea#village
ö-#ᴍꞮᴅ pi#say ==le#=3ᴍꞮɴIA
na-#ꞮƦƦ ya#paddle pwë#just -ti#ᴛƦ ==pe#=ᴄᴏЅ ==ä#=1ᴍꞮɴI
në-#ɴᴍʟᴢ1 o#go -kö#ɴᴍʟᴢ.ᴘᴄꜰʟ ==dö#=3ᴀᴜɢII
tü-#Ʀʟ melë#awaken ==pe#=ᴄᴏЅ mou#again -mü#PᴅꞮƦ.HITHER ==#=3ᴍꞮɴIS
nate#his.voice
nöpakämölë#Good.News
ä#and
ëbë#so.then
më#ᴘʀᴇᴘ
yâ#stay -pä#GᴅꞮƦ.OUT
tü-#Ʀʟ ngâ#burn -ne#ꞮɴᴛЅ -o#GᴅꞮƦ.DOWN -mü#PᴅꞮƦ.HITHER
na-#ꞮƦƦ ngi#be
tewa#rain
-#3ᴀᴜɢ1 mnâ#be ==ngü#=3ᴀᴜɢIS
nöa#hillside;.hill
të-#Ʀʟ.3ᴀᴜɢ alvëtö#teach ==ng#=3ᴀᴜɢIS
sâ-#ᴘꜰᴠ
myä#where
töte#father ==nge#=1ᴍꞮɴII
sâ-#ᴘꜰᴠ
mnâ#be -tä#ꞮɴᴛЅ pwë#just ==kö#=1ᴀᴜɢI
nebz#Nebz.vil
-#3ᴀᴜɢ1 veâ#pull -o#GᴅꞮƦ.DOWN -mü#PᴅꞮƦ.HITHER ==lö#=3ᴀᴜɢIA ==le#=3ᴍꞮɴIA
delape#hem.nao
sâ-#ᴘꜰᴠ
kä..#ѕᴜʙʀ
buk#book
ëlwë#much
kä..#ѕᴜʙʀ
në-#ɴᴍʟᴢ1 alvëtö#teach -ngö#ɴᴍʟᴢ
tö-#ɴᴇɢ kölë#know ==ä#=1ᴍꞮɴI -u#ɴᴇɢ
sâ-#ᴘꜰᴠ
nâ.ninë#NGALINUT.TREE
sâ-#ᴘꜰᴠ
-#ᴘᴀЅ mâ#see
leplë#people
ä#and
julae#JULY
bagö#dat=1augII
mou#again
doa#child
ëbü#day
nyz'#ᴘᴄꜰʟ.ʙ&ɢ ==dö#=3ᴀᴜɢII
na-#ꞮƦƦ vo#travel ==pe#=ᴄᴏЅ -ngö#ᴀᴘᴘʟ ==gö#=1ᴀᴜɢII
kä..#ѕᴜʙʀ
në-#ɴᴍʟᴢ1 aelwa#show;.show;.prove -pä#GᴅꞮƦ.OUT kë#also -ngö#ᴀᴘᴘʟ -bë#PᴅꞮƦ.YON
ä#and
nöla#branch
poo#descend ==kö#=1ᴀᴜɢI
sâ-#ᴘꜰᴠ
ä#and
ma#house
peto#bush
nâ#tree
sâ-#ᴘꜰᴠ
tü-#Ʀʟ a-#ᴄᴀᴜЅ siklu#be.schooled ==pe#=ᴄᴏЅ ==le#=3ᴍꞮɴIA ==#=3ᴀᴜɢII
ä#and
të-#Ʀʟ.3ᴀᴜɢ tave#break -tö#GᴅꞮƦ.IN ==pe#=ᴄᴏЅ ==lö#=3ᴀᴜɢIA
ni-#ᴀᴄᴄ ==nge#=1ᴍꞮɴII
muöde#because
kä..#ѕᴜʙʀ
doa#child
kä..#ѕᴜʙʀ topwë#little
të-#Ʀʟ.3ᴀᴜɢ veâ#fight ==pe#=ᴄᴏЅ ==ng#=3ᴀᴜɢIS
nölâ#place
nimu#ACC.2augᵢᵢ
ö#ɢᴇɴ1ᴀ
na-#ꞮƦƦ aenëli#wait -mü#PᴅꞮƦ.HITHER ==gö#=1ᴀᴜɢII
ba-#ᴅᴀᴛ ==nge#=1ᴍꞮɴII
ëbë#so.then
kâng#those
dwa#jump -sä#UᴅꞮƦ.AWAY.FROM -pä#GᴅꞮƦ.OUT kë#also -mü#PᴅꞮƦ.HITHER ==gö#=1ᴀᴜɢII
ö-#ᴍꞮᴅ kölë#know
më#ᴘʀᴇᴘ
leplë#people
më#ᴘʀᴇᴘ
mâ#see ==ä#=1ᴍꞮɴI
dapu#piece
pripekt#prefect
yagoä#sick ëvë#always -ngö#ᴀᴘᴘʟ ==gö#=1ᴀᴜɢII
aelwa#show;.show;.prove -pä#GᴅꞮƦ.OUT ==#=ᴄᴍᴘʟ
dötwö#mind ==nge#=1ᴍꞮɴII
lue#water
dötü#name ==de#=3ᴍꞮɴII
kâ#ᴅᴇᴍ2.ᴅɪѕᴛ
kä..#ѕᴜʙʀ külu#many
ö-#ᴍꞮᴅ pi#say -bë#PᴅꞮƦ.YON ==le#=3ᴍꞮɴIA
ä#and
a'#but
nide#be.3ᴍɪɴII
pöla#sea
kä..#ѕᴜʙʀ
doa#child
të-#Ʀʟ.3ᴀᴜɢ aelwa#show;.show;.prove -ti#ᴛƦ -ngö#ᴀᴘᴘʟ -bë#PᴅꞮƦ.YON
nâblo#man
më#ᴘʀᴇᴘ
kä..#ѕᴜʙʀ
kâ#ᴅᴇᴍ2.ᴅɪѕᴛ
elö#there
na-#ꞮƦƦ vë#go -mi#ᴅᴘᴠ ==pe#=ᴄᴏЅ ==ä#=1ᴍꞮɴI
ä#and
më#ᴘʀᴇᴘ
tö-#ɴᴇɢ mnâ#be ==kö#=1ᴀᴜɢI -u#ɴᴇɢ
nar#head ==mü#=2ᴍꞮɴII
ö-#ᴍꞮᴅ glü#carry -pä#GᴅꞮƦ.OUT ==kö#=1ᴀᴜɢI
lö#ᴛᴘɴʏᴍ
lö#ᴘᴄꜰʟ.inherent
me#place
matü#powerful -ne#ꞮɴᴛЅ -pä#GᴅꞮƦ.OUT
mölä#guy
-#3ᴀᴜɢ1 aolvë#accept -bë#PᴅꞮƦ.YON ==lö#=3ᴀᴜɢIA
nöatoki#finger
kâ#ᴅᴇᴍ2.ᴅɪѕᴛ
në-#ɴᴍʟᴢ1 olväti#inspect -kö#ɴᴍʟᴢ.ᴘᴄꜰʟ ==de#=3ᴍꞮɴII
plökütu#overgrown
mama#priest
kä..#ѕᴜʙʀ etu#big
lâ#ᴅᴇᴍ1.ᴅɪѕᴛ
ngü#eat ==de#=3ᴍꞮɴII
kâng#those
ni-#ᴀᴄᴄ ==nge#=1ᴍꞮɴII
mölä#son ==mü#=2ᴍꞮɴII
kä..#ѕᴜʙʀ
nöpakämölë#Good.News
nouöla#morning
tü-#Ʀʟ ölä#ask -ti#ᴛƦ ==pe#=ᴄᴏЅ -bë#PᴅꞮƦ.YON ==kö#=1ᴀᴜɢI
ni-#ᴀᴄᴄ ==nge#=1ᴍꞮɴII
në-#ɴᴍʟᴢ1 lvâ#fly -ne#ᴅЅᴛƦ -kö#ɴᴍʟᴢ.ᴘᴄꜰʟ ==dö#=3ᴀᴜɢII
o#or
na-#ꞮƦƦ yököpä#complete -kö#ɴᴍʟᴢ.ᴘᴄꜰʟ ==nge#=1ᴍꞮɴII
nëwö#time ==de#=3ᴍꞮɴII
ä#and
narnztilolx#Narnztilolx.(village)
ä#and
ngö#ɢᴇɴ1ᴀ
filip#Philip
sâ#ᴘᴄꜰʟ.hand ==de#=3ᴍꞮɴII
ä#and
kai#first
eu#yes
ä#and
ka#ᴅᴇᴍ2.ᴘʀᴏχ
më#ᴘʀᴇᴘ
kä..#ѕᴜʙʀ
badö#dat=3augII
dëbe#group
badö#ᴄᴏᴍ.
tü-#Ʀʟ ngi#be
nëlungö#life
në-#ɴᴍʟᴢ1 ayöplapä#punish -kö#ɴᴍʟᴢ.ᴘᴄꜰʟ ==de#=3ᴍꞮɴII
kâ#ᴅᴇᴍ2.ᴅɪѕᴛ
yöni#cry -etö#Ʀᴇᴄᴘ -tä#ꞮɴᴛЅ ==kö#=1ᴀᴜɢI
kä..#ѕᴜʙʀ
mâ#see ==ä#=1ᴍꞮɴI -ngü#ᴘʟ
ä#and
më#ᴘʀᴇᴘ
tü-#Ʀʟ yöplë#spring -ti#ᴛƦ ==lö#=3ᴀᴜɢIA
trpulu#fruiting.branch
bqtc#wart
në-#ɴᴍʟᴢ1 pna#steal -ti#ᴛƦ -kö#ɴᴍʟᴢ.ᴘᴄꜰʟ -bë#PᴅꞮƦ.YON ==mu#=2ᴀᴜɢII
ami#army
lâsu#ship kä..#ѕᴜʙʀ lvâ#fly
tü-#Ʀʟ ya#paddle -mü#PᴅꞮƦ.HITHER ==gö#=1ᴀᴜɢII
ö#ɢᴇɴ1ᴀ
angidö#really
doa#person
tü-#Ʀʟ vë#go -o#GᴅꞮƦ.DOWN ==pe#=ᴄᴏЅ ==kö#=1ᴀᴜɢI
nâbö#cross
brngr#alright
leplë#people
kâ#ᴅᴇᴍ2.ᴅɪѕᴛ
ngö#ɢᴇɴ1ᴀ ==dö#=3ᴀᴜɢII
nâ#tree
bagö#dat=1augII
kä..#ѕᴜʙʀ yagoä#sick
mëtea#village
më#ᴘʀᴇᴘ
ëbü#day
muöde#because
sâ-#ᴘꜰᴠ
da#thing kâ#ᴅᴇᴍ2.ᴅɪѕᴛ
nouöla#morning
më#ᴘʀᴇᴘ
da#thing
mölâ#there
në-#ɴᴍʟᴢ1 ka#give -o#GᴅꞮƦ.DOWN -bë#PᴅꞮƦ.YON ==lö#=3ᴀᴜɢIA ==le#=3ᴍꞮɴIIP
mökâ#there
delâ#this
leplë#people
kâ#ᴅᴇᴍ2.ᴅɪѕᴛ
mölâde#there
ö#ɢᴇɴ1ᴀ
sâ-#ᴘꜰᴠ
doa#person
olvë#female
kâ#ᴅᴇᴍ2.ᴅɪѕᴛ
më#ᴘʀᴇᴘ
buk#book
läe#mother.aunt ==nge#=1ᴍꞮɴII
më#ᴘʀᴇᴘ
kä..#ѕᴜʙʀ pwä#four
lâsu#ship
yökö#finish -pä#GᴅꞮƦ.OUT -bë#PᴅꞮƦ.YON ==#=3ᴍꞮɴIS
ä#and
ni-#ᴀᴄᴄ ==nge#=1ᴍꞮɴII
ä#and
të-#Ʀʟ.3ᴀᴜɢ vë#go -ngö#ᴀᴘᴘʟ -mü#PᴅꞮƦ.HITHER ==ng#=3ᴀᴜɢIS
kâ#ᴅᴇᴍ2.ᴅɪѕᴛ
lömötangi#foreigner
nepi#sun
mökâ#there
nöpakämölë#Good.News
lrlvz#Lrlvz
kâ#ᴅᴇᴍ2.ᴅɪѕᴛ
lolvë#hold,.restrain -o#GᴅꞮƦ.DOWN ==kö#=1ᴀᴜɢI
më#ᴘʀᴇᴘ
në-#ɴᴍʟᴢ1 a-#ᴄᴀᴜЅ tolwa#bind -ngö#ᴀᴘᴘʟ -ngü#ᴘʟ
dü#Фɴᴛ.Ѕɢ
metalo#Metalo
nrrle#Nrrle.vil
da#thing
kä..#ѕᴜʙʀ
në-#ɴᴍʟᴢ1 ya#paddle -lë#GᴅꞮƦ.UP -kö#ɴᴍʟᴢ.ᴘᴄꜰʟ ==gö#=1ᴀᴜɢII
më#ᴘʀᴇᴘ
mëbü#day
dapu.nâ#piece.of.wood
në-#ɴᴍʟᴢ1 mu#eat -ngö#ɴᴍʟᴢ
në-#ɴᴍʟᴢ1 opöta#meander -pä#GᴅꞮƦ.OUT -kö#ɴᴍʟᴢ.ᴘᴄꜰʟ -mü#PᴅꞮƦ.HITHER ==amu#=2ᴀᴜɢI
gü#hole
kä..#ѕᴜʙʀ
ni-#ᴀᴄᴄ ==nge#=1ᴍꞮɴII
nge'#bail -tä#ꞮɴᴛЅ ==pe#=ᴄᴏЅ -mü#PᴅꞮƦ.HITHER ==o#=1ᴍꞮɴI.ᴄᴍʙ
yökö#finish -pä#GᴅꞮƦ.OUT -bë#PᴅꞮƦ.YON ==#=3ᴍꞮɴIS
kä..#ѕᴜʙʀ möna#new
elö#there
tü-#Ʀʟ olväti#inspect ==pe#=ᴄᴏЅ ==le#=3ᴍꞮɴIA
kâ#ᴅᴇᴍ2.ᴅɪѕᴛ
amölä#all
dötwö#mind
nölâ#place
matelü#lean.to
ngö#ɢᴇɴ1ᴀ
kä..#ѕᴜʙʀ
mö#humid
dötwö#mind ==de#=3ᴍꞮɴII
lâde#there
nâu#base
muöde#because
loëbü#night
sâ-#ᴘꜰᴠ
më#ᴘʀᴇᴘ
bot#boat
ä#and
më#ᴘʀᴇᴘ
kä..#ѕᴜʙʀ
ncnqmz#Ncnqmz
amölä#all
ä#and
dötü#name ==de#=3ᴍꞮɴII
ö#ɢᴇɴ1ᴀ
ngö#ɢᴇɴ1ᴀ ==de#=3ᴍꞮɴII
kâng#those
inyä#daughter
më#ᴘʀᴇᴘ
olvë#female
ngö#ɢᴇɴ1ᴀ
kö.#ᴘᴄꜰʟ.canoe ==mü#=2ᴍꞮɴII
pi#say -mü#PᴅꞮƦ.HITHER
-#ᴘᴀЅ apä#restrict -ngö#ᴀᴘᴘʟ -mü#PᴅꞮƦ.HITHER
ä#and
wiki#week
ne#ᴘᴄꜰʟ.rsbl
kâng#those
kapä.ka#remove ==kö#=1ᴀᴜɢI
na-#ꞮƦƦ vë#go -dë#GᴅꞮƦ.UP ==kö#=1ᴀᴜɢI
kâ#ᴅᴇᴍ2.ᴅɪѕᴛ
ngö#ɢᴇɴ1ᴀ
në-#ɴᴍʟᴢ1 längiti#obey -kö#ɴᴍʟᴢ.ᴘᴄꜰʟ ==dö#=3ᴀᴜɢII
kâ#ᴅᴇᴍ2.ᴅɪѕᴛ
da#thing
në-#ɴᴍʟᴢ1 vë#go -kö#ɴᴍʟᴢ.ᴘᴄꜰʟ ==dö#=3ᴀᴜɢII
blökü#grandmother ==gö#=1ᴀᴜɢII
në-#ɴᴍʟᴢ1 mnâ#be -ngö#ɴᴍʟᴢ
ä#and
nigö#be.1ᴀᴜɢII
sinia#SENIOR
amölä#all
ngi#be
ngö#ɢᴇɴ1ᴀ
kä..#ѕᴜʙʀ
vë#go -ki#UᴅꞮƦ.PATH ==pe#=ᴄᴏЅ -mü#PᴅꞮƦ.HITHER ==le#=3ᴍꞮɴIA
në-#ɴᴍʟᴢ1 ö-#ᴍꞮᴅ mâ#find -kö#ɴᴍʟᴢ.ᴘᴄꜰʟ ==nge#=1ᴍꞮɴII
na-#ꞮƦƦ ngi#be
sâ-#ᴘꜰᴠ
ä#and
myapxbz#important
nyë#ᴘᴄꜰʟ.ʙ&ɢ ==gö#=1ᴀᴜɢII
na-#ꞮƦƦ yapwä#tell -ti#ᴛƦ -bo#.BZ(PDIR.YON)=O(1MINI)
yië#year
meöikol#miracle
kä..#ѕᴜʙʀ
muöde#because
kä..#ѕᴜʙʀ
ate#afterward ==#=3ᴍꞮɴIS
bë#club
sâ#ᴘᴄꜰʟ.hand
nëveângö#war
kä..#ѕᴜʙʀ
ma#house
skul#school
pöla#sea
kä..#ѕᴜʙʀ
muöde#because
ä#and
nâdö#ᴄᴏᴍ.
më#ᴘʀᴇᴘ
kâ#ᴅᴇᴍ2.ᴅɪѕᴛ
kâ#ᴅᴇᴍ2.ᴅɪѕᴛ
mölë#be.good
kâng#those
wü#high
-#ᴘᴀЅ lxplz#puncture -tä#ꞮɴᴛЅ
luga#Lungga
sipu#coconut.flower.bud
sâ-#ᴘꜰᴠ
më#ᴘʀᴇᴘ
nümü#way
ba-#ᴅᴀᴛ ==nge#=1ᴍꞮɴII
nölâkäbü#night ==pe#=ᴄᴏЅ
tü-#Ʀʟ mnâ#live,.stay -ngö#ᴀᴘᴘʟ ==gö#=1ᴀᴜɢII
ö#ɢᴇɴ1ᴀ ==nge#=1ᴍꞮɴII
mama#priest
më.nibö#AFTER
ö-#ᴍꞮᴅ pi#say -o#GᴅꞮƦ.DOWN ==le#=3ᴍꞮɴIA
dwa#jump -plä#UᴅꞮƦ.THROUGH -ngö#ᴀᴘᴘʟ -ti#ᴛƦ ==pe#=ᴄᴏЅ ==kö#=1ᴀᴜɢI
në-#ɴᴍʟᴢ1 töka#bad -kö#ɴᴍʟᴢ.ᴘᴄꜰʟ ==de#=3ᴍꞮɴII
më#ᴘʀᴇᴘ
amölä#all
tü-#Ʀʟ lu#spear -nge#MAKE.HOLE -o#GᴅꞮƦ.DOWN -mü#PᴅꞮƦ.HITHER ==le#=3ᴍꞮɴIA
sâ-#ᴘꜰᴠ
kä..#ѕᴜʙʀ etu#big
tzsiu#monk
kâ#ᴅᴇᴍ2.ᴅɪѕᴛ
da#thing
të-#Ʀʟ.3ᴀᴜɢ yâmne#speak -tö#GᴅꞮƦ.IN ==pe#=ᴄᴏЅ -ngö#ᴀᴘᴘʟ ==dö#=3ᴀᴜɢII
tü-#Ʀʟ mnâ#be -tä#ꞮɴᴛЅ ==pe#=ᴄᴏЅ -mü#PᴅꞮƦ.HITHER ==o#=1ᴍꞮɴI.ᴄᴍʙ
tü-#Ʀʟ öpi#said ==pe#=ᴄᴏЅ
skul#school
mökâ#there
kä..#ѕᴜʙʀ
ata#collect läblö#together ==kö#=1ᴀᴜɢI
kai#first
në-#ɴᴍʟᴢ1 obü#watch kapü#hidden -ngö#ᴀᴘᴘʟ
e#or
më#eye ==ke'#=1ᴍꞮɴII
më#ᴘʀᴇᴘ
kä..#ѕᴜʙʀ
mölë#be.good
töpapa-.(aöâhaiâ)#DOOR
dötwö#mind
më#ᴘʀᴇᴘ
kä..#ѕᴜʙʀ
doa#child
älö#hear ==le#=3ᴍꞮɴIA ==le#=3ᴍꞮɴIIP
nâdö#ᴄᴏᴍ.
ä#and
ä#and
këdung#ᴀᴛ.фɴᴛ.ᴘʟ.ᴘʟ
kâ#ᴅᴇᴍ2.ᴅɪѕᴛ
ngö#ɢᴇɴ1ᴀ
na-#ꞮƦƦ ö-#ᴍꞮᴅ pnz'#shoot
yëlu#return -mü#PᴅꞮƦ.HITHER
ä#and
merikz#USA,.AMERICA
naniga#coconut.mat
lâde#there
kai#first
nedr#SANTA.CRUZ
ni-#ᴀᴄᴄ ==nge#=1ᴍꞮɴII
nar#head ==de#=3ᴍꞮɴII
doa#child
ä#and
merikz#USA,.AMERICA
në-#ɴᴍʟᴢ1 a-#ᴄᴀᴜЅ ötä#leave.behind -kö#ɴᴍʟᴢ.ᴘᴄꜰʟ -bë#PᴅꞮƦ.YON ==lö#=3ᴀᴜɢIA
më#ᴘʀᴇᴘ
nidö#be.3ᴀᴜɢII.
kâng#those
öplë#stone
kâ#ᴅᴇᴍ2.ᴅɪѕᴛ
ö#ɢᴇɴ1ᴀ
kâ#ᴅᴇᴍ2.ᴅɪѕᴛ
tömâtu#island
nâblo#man
töpengö#not.have;.none.anymore
ni#be ==gö#=1ᴀᴜɢII
twë#take -tö#GᴅꞮƦ.IN ==kö#=1ᴀᴜɢI
më#ᴘʀᴇᴘ
tü-#Ʀʟ yëpö#break -lë#GᴅꞮƦ.UP -ngö#ᴀᴘᴘʟ -mü#PᴅꞮƦ.HITHER
kü#cover -o#GᴅꞮƦ.DOWN -mü#PᴅꞮƦ.HITHER ==le#=3ᴍꞮɴIA
nounâ#tree
ä#and
dötü#name ==de#=3ᴍꞮɴII
kâ#ᴅᴇᴍ2.ᴅɪѕᴛ
nuzmu#outrigger
në-#ɴᴍʟᴢ1 wë#make -kö#ɴᴍʟᴢ.ᴘᴄꜰʟ ==de#=3ᴍꞮɴII
pöla#sea
vë#go ==ä#=1ᴍꞮɴI
kä..#ѕᴜʙʀ
mëli#midst
ni-#ᴀᴄᴄ ==nge#=1ᴍꞮɴII
kâ#ᴅᴇᴍ2.ᴅɪѕᴛ
natqgu#Natqgu
-#3ᴀᴜɢ1 vo#travel ==ng#=3ᴀᴜɢIS
-#3ᴀᴜɢ1 zpqtr#convert.s.o. ==lö#=3ᴀᴜɢIA
bölömei#thunder
yapilwz#tangle -tö#GᴅꞮƦ.IN ==pe#=ᴄᴏЅ ==#=3ᴍꞮɴIS
da#thing
sâ-#ᴘꜰᴠ
nidö#be.3ᴀᴜɢII.
e#or
sâ-#ᴘꜰᴠ
ä#and
teomo#manioc
nidö#be.3ᴀᴜɢII.
ma#house
naonöä#doorway
kölë#reach -mü#PᴅꞮƦ.HITHER ==le#=3ᴍꞮɴIA
tü-#Ʀʟ kaputö#arrive -ngö#ᴀᴘᴘʟ -bë#PᴅꞮƦ.YON
nâ#tree
kä..#ѕᴜʙʀ etu#big
kä..#ѕᴜʙʀ
ä#and
më#ᴘʀᴇᴘ
letë#letter
ä#and
ä#and
pi#say -mü#PᴅꞮƦ.HITHER
të-#Ʀʟ.3ᴀᴜɢ lvâ#fly -mü#PᴅꞮƦ.HITHER ==ng#=3ᴀᴜɢIS
kä..#ѕᴜʙʀ etu#big
në-#ɴᴍʟᴢ1 vë#go -kö#ɴᴍʟᴢ.ᴘᴄꜰʟ -bë#PᴅꞮƦ.YON
më#ᴘʀᴇᴘ
ngi#be
dötwö#mind ==nge#=1ᴍꞮɴII
mama#priest
badö#dat=3augII
të-#Ʀʟ.3ᴀᴜɢ mwi#sleep ==pe#=ᴄᴏЅ ==ng#=3ᴀᴜɢIS
rum#room
boi#long;.finger.or.toe.nails -pä#GᴅꞮƦ.OUT -mü#PᴅꞮƦ.HITHER
josis#Josis
klas#class
sâ-#ᴘꜰᴠ
kâ#ᴅᴇᴍ2.ᴅɪѕᴛ
dötwö#neck ==gö#=1ᴀᴜɢII
këdü#a
maket#market
ba-#ᴅᴀᴛ ==nge#=1ᴍꞮɴII
nyë#ᴘᴄꜰʟ.ʙ&ɢ ==dö#=3ᴀᴜɢII
sâ-#ᴘꜰᴠ
doa#child
tü-#Ʀʟ bao#cold ==pe#=ᴄᴏЅ
nölâ#place
dötwö#mind ==de#=3ᴍꞮɴII
ngö#ɢᴇɴ1ᴀ
më#ᴘʀᴇᴘ
kä..#ѕᴜʙʀ
ä#and
ötâ#throw -lë#GᴅꞮƦ.UP -ngö#ᴀᴘᴘʟ ==de#=3ᴍꞮɴII
mâ#see ==ü#=2ᴍꞮɴI
të-#Ʀʟ.3ᴀᴜɢ mâ#see ==pe#=ᴄᴏЅ
në-#ɴᴍʟᴢ1 ö-#ᴍꞮᴅ pi#say -bë#PᴅꞮƦ.YON
nidö#be.3ᴀᴜɢII.
kâ#ᴅᴇᴍ2.ᴅɪѕᴛ
nar#head ==de#=3ᴍꞮɴII
në-#ɴᴍʟᴢ1 äplö#strong -kö#ɴᴍʟᴢ.ᴘᴄꜰʟ
tü-#Ʀʟ wai#do ==pe#=ᴄᴏЅ ==ä#=1ᴍꞮɴI
josis#Josis
na-#ꞮƦƦ ngini#become ==pe#=ᴄᴏЅ ==gö#=1ᴀᴜɢII
të-#Ʀʟ.3ᴀᴜɢ mâ#see ==pe#=ᴄᴏЅ ==lö#=3ᴀᴜɢIA
sâ-#ᴘꜰᴠ
käakölë#teacher
kâ#ᴅᴇᴍ2.ᴅɪѕᴛ
ba-#ᴅᴀᴛ ==de#=3ᴍꞮɴII
kä..#ѕᴜʙʀ etu#big
nabzn#Naban
në-#ɴᴍʟᴢ1 köka'#pray -kö#ɴᴍʟᴢ.ᴘᴄꜰʟ ==gö#=1ᴀᴜɢII
në-#ɴᴍʟᴢ1 mölë#be.good -kö#ɴᴍʟᴢ.ᴘᴄꜰʟ
sâ-#ᴘꜰᴠ
ni-#ᴀᴄᴄ ==nge#=1ᴍꞮɴII
këdü#a
ka#ᴅᴇᴍ2.ᴘʀᴏχ
kä..#ѕᴜʙʀ
skul#school
nâblo#man
mnâ#be -tä#ꞮɴᴛЅ -o#GᴅꞮƦ.DOWN pwz#just
-#3ᴀᴜɢ1 mâ#see -o#GᴅꞮƦ.DOWN -mü#PᴅꞮƦ.HITHER ==lö#=3ᴀᴜɢIA
koma#today
doa#child
ncnqmz#Ncnqmz
të-#Ʀʟ.3ᴀᴜɢ ölä#ask -ti#ᴛƦ -mü#PᴅꞮƦ.HITHER ==lö#=3ᴀᴜɢIA
sâ-#ᴘꜰᴠ
ni-#ᴀᴄᴄ ==nge#=1ᴍꞮɴII
kâ#ᴅᴇᴍ2.ᴅɪѕᴛ
mölâ#there
na-#ꞮƦƦ mailë#lead ==lö#=3ᴀᴜɢIA
topwë#little
nöâ#wave
në-#ɴᴍʟᴢ1 yëlu#return -kö#ɴᴍʟᴢ.ᴘᴄꜰʟ -mü#PᴅꞮƦ.HITHER ==gö#=1ᴀᴜɢII
më#ᴘʀᴇᴘ
-#3ᴀᴜɢ1 vë#go
kë#also
ä#and
më#ᴘʀᴇᴘ
muli#piece
ä#and
kä..#ѕᴜʙʀ
na-#ꞮƦƦ okatö#help kai#first ==ä#=1ᴍꞮɴI
tü-#Ʀʟ a-#ᴄᴀᴜЅ yöni#cry ==pe#=ᴄᴏЅ ==le#=3ᴍꞮɴIA
kâ#ᴅᴇᴍ2.ᴅɪѕᴛ
nyë#ᴘᴄꜰʟ.ʙ&ɢ
kâ#ᴅᴇᴍ2.ᴅɪѕᴛ
badö#ᴄᴏᴍ.
kënike#who
draea#drier.(copra,.breadfruit)
kä..#ѕᴜʙʀ
dötwö#mind ==de#=3ᴍꞮɴII
tü-#Ʀʟ tu#stand -lvë#ᴀᴘᴘʟ ==pe#=ᴄᴏЅ
blë#offering
tü-#Ʀʟ yëlu#return ==pe#=ᴄᴏЅ
dötü#name ==de#=3ᴍꞮɴII
poi#pig
da#thing
nelâ#nose.shell
kä..#ѕᴜʙʀ
ö#ɢᴇɴ1ᴀ ==dö#=3ᴀᴜɢII
-#3ᴀᴜɢ1 ya#paddle -bë#PᴅꞮƦ.YON ==ng#=3ᴀᴜɢIS
ö-#ᴍꞮᴅ pi#say -mü#PᴅꞮƦ.HITHER ==le#=3ᴍꞮɴIA
töpu#conch.shell
-#3ᴀᴜɢ1 vë#go -ki#UᴅꞮƦ.PATH -o#GᴅꞮƦ.DOWN ==pe#=ᴄᴏЅ kë#also ==lö#=3ᴀᴜɢIA
kâ#ᴅᴇᴍ2.ᴅɪѕᴛ
sâ-#ᴘꜰᴠ
lu#wear.around.neck ==le#=3ᴍꞮɴIA
ngi#be
ä#and
në-#ɴᴍʟᴢ1 wë#make -ngö#ᴠƦ
këdu#some
tu#stand -tä#ꞮɴᴛЅ pwë#just
kâ#ᴅᴇᴍ2.ᴅɪѕᴛ ==pe#=ᴄᴏЅ
kä..#ѕᴜʙʀ
bü#yesterday
tü-#Ʀʟ ö-#ᴍꞮᴅ pi#say ==pe#=ᴄᴏЅ -mü#PᴅꞮƦ.HITHER
të-#Ʀʟ.3ᴀᴜɢ mnâ#to.stay,.live.(somewhere) -ngö#ᴀᴘᴘʟ ==dö#=3ᴀᴜɢII
lrlvz#Lrlvz
köa-#ᴏƦᴅ pwä#four
nigi#be.12ᴍɪɴII
ba-#ᴅᴀᴛ ==gö#=1ᴀᴜɢII
ä#and
ä#and
kâ#ᴅᴇᴍ2.ᴅɪѕᴛ
olvë#female
nigö#be.1ᴀᴜɢII
mëtea#village
na-#ꞮƦƦ alvëtö#teach mou#again ==ä#=1ᴍꞮɴI
tü-#Ʀʟ mënö#empty -lä#OUT.AWAY.FROM ==pe#=ᴄᴏЅ ==#=3ᴍꞮɴIS
tzlede#Tzlede
tü-#Ʀʟ alvëtö#teach ==pe#=ᴄᴏЅ ==kö#=1ᴀᴜɢI
më#ᴘʀᴇᴘ
na-#ꞮƦƦ tekütö#exchange
në-#ɴᴍʟᴢ1 etu#big ==pe#=ᴄᴏЅ -kö#ɴᴍʟᴢ.ᴘᴄꜰʟ ==nge#=1ᴍꞮɴII
ä#and
dötwö#neck ==gö#=1ᴀᴜɢII
tawa#tower
më#ᴘʀᴇᴘ
badö#ᴄᴏᴍ.
be#story
tzsiu#monk
nyë#ᴘᴄꜰʟ.ʙ&ɢ ==mü#=2ᴍꞮɴII
teomo#manioc
la#ᴅᴇᴍ1.ᴘʀᴏχ
dötwö#mind ==dö#=3ᴀᴜɢII
döka'#demon
mökâ#there
na-#ꞮƦƦ bë#die -tö#GᴅꞮƦ.IN kë#also ==ä#=1ᴍꞮɴI
aijz#Aijz
mwi#sleep -tä#ꞮɴᴛЅ
ö-#ᴍꞮᴅ pi#say -mü#PᴅꞮƦ.HITHER ==le#=3ᴍꞮɴIA
bisop#bishop
yië#year
kosi#course
kâ#ᴅᴇᴍ2.ᴅɪѕᴛ
më#ᴘʀᴇᴘ
sâ-#ᴘꜰᴠ
ba-#ᴅᴀᴛ ==de#=3ᴍꞮɴII
nibö#back.part ==de#=3ᴍꞮɴII
lâ#ᴅᴇᴍ1.ᴅɪѕᴛ
nyë#ᴘᴄꜰʟ.ʙ&ɢ ==de#=3ᴍꞮɴII
ä#and
dâ#fall
ba-#ᴅᴀᴛ ==nge#=1ᴍꞮɴII
të-#Ʀʟ.3ᴀᴜɢ pötö#enter.in ==pe#=ᴄᴏЅ kë#also ==ngü#=3ᴀᴜɢIS
na-#ꞮƦƦ dövö#cover.from.rain -ngö#ᴀᴘᴘʟ -bo#.BZ(PDIR.YON)=O(1MINI)
badö#ᴄᴏᴍ.
mou#again
ni-#ᴀᴄᴄ ==nge#=1ᴍꞮɴII
bäpli#rip -ti#ᴛƦ ==pe#=ᴄᴏЅ
kä..#ѕᴜʙʀ töka#bad
ä#and
të-#Ʀʟ.3ᴀᴜɢ odu#be.friends -tö#GᴅꞮƦ.IN läblö#together mou#again ==ngü#=3ᴀᴜɢIS
tü-#Ʀʟ ö-#ᴍꞮᴅ pi#say ==pe#=ᴄᴏЅ -mü#PᴅꞮƦ.HITHER ==le#=3ᴍꞮɴIA
tö-#ɴᴇɢ myati#ashame.of -tö#GᴅꞮƦ.IN ==ä#=1ᴍꞮɴI -u#ɴᴇɢ
aâlve#oversee ==le#=3ᴍꞮɴIA
të-#Ʀʟ.3ᴀᴜɢ katx#remove ==pe#=ᴄᴏЅ
leuwaga#bird's.nest.fern
ngö#ɢᴇɴ1ᴀ
badö#ᴄᴏᴍ.
nabë.nepi#hour
lö#ᴛᴘɴʏᴍ
kä..#ѕᴜʙʀ
möka#here
yrlqtr#put.into -bë#PᴅꞮƦ.YON ==kö#=1ᴀᴜɢI
tü-#Ʀʟ a-#ᴄᴀᴜЅ mingö#dry -ngö#ᴀᴘᴘʟ ==gö#=1ᴀᴜɢII
töte#father ==nge#=1ᴍꞮɴII
rasia#RUSSIA
vë#go
më#ᴘʀᴇᴘ
kä..#ѕᴜʙʀ
-#ᴘᴀЅ ö-#ᴍꞮᴅ pi#say -bë#PᴅꞮƦ.YON
ba-#ᴅᴀᴛ ==de#=3ᴍꞮɴII
kâng#those
ä#and
da#thing
nenü#wind
kâng#those
ö-#ᴍꞮᴅ vë#go -mi#ᴅᴘᴠ -mü#PᴅꞮƦ.HITHER
narnztilolx#Narnztilolx.(village)
a'#but
kâ#ᴅᴇᴍ2.ᴅɪѕᴛ
myä#where
peto#bush
në-#ɴᴍʟᴢ1 ngini#become -kö#ɴᴍʟᴢ.ᴘᴄꜰʟ ==de#=3ᴍꞮɴII
kâ#ᴅᴇᴍ2.ᴅɪѕᴛ
ä#and
sâ#ᴘᴄꜰʟ.hand
mü#ᴘᴄꜰʟ.drink ==dö#=3ᴀᴜɢII
da#thing
dëbe#group ==de#=3ᴍꞮɴII
nar#head
meöikol#miracle
mou#again
në-#ɴᴍʟᴢ1 yâmne#speak -kö#ɴᴍʟᴢ.ᴘᴄꜰʟ
mnâ#be ==ä#=1ᴍꞮɴI
popë'#bow
bli#stick ==pe#=ᴄᴏЅ -bë#PᴅꞮƦ.YON
pöla#sea
sâ-#ᴘꜰᴠ
-#3ᴀᴜɢ1 tü#three
më#ᴘʀᴇᴘ
niu.yiz#NEW.YEAR
muöde#because
në-#ɴᴍʟᴢ1 vë#go -kö#ɴᴍʟᴢ.ᴘᴄꜰʟ -mü#PᴅꞮƦ.HITHER ==gö#=1ᴀᴜɢII
ngö#ɢᴇɴ1ᴀ
nöpö#season -ngö#ᴀᴘᴘʟ
ö-#ᴍꞮᴅ längiti#believe
kä..#ѕᴜʙʀ -#3ᴀᴜɢ1 mu#be.like ==lö#=3ᴀᴜɢIA
nâ#tree
kä..#ѕᴜʙʀ
më#ᴘʀᴇᴘ
japan#JAPAN
nimu#ACC.2augᵢᵢ
këdü#a
kâ#ᴅᴇᴍ2.ᴅɪѕᴛ
wë#work ==ä#=1ᴍꞮɴI
wü#high
kä..#ѕᴜʙʀ
më#ᴘʀᴇᴘ
dötü#name ==de#=3ᴍꞮɴII
kä..#ѕᴜʙʀ
nëöyapwätöngö#history
leplë#people
kâng#those
kölë#know angidö#really ==kö#=1ᴀᴜɢI
më#ᴘʀᴇᴘ
kä..#ѕᴜʙʀ
amölä#all
nounenü#cyclone
kâng#those
mökâ#there
nide#be.3ᴍɪɴII
tö-#ɴᴇɢ në-#ɴᴍʟᴢ1 mâ#see ==pe#=ᴄᴏЅ ==lö#=3ᴀᴜɢIA -u#ɴᴇɢ
olvë#female
sâ#ᴘᴄꜰʟ.hand ==nge#=1ᴍꞮɴII
ölilö#both
ma#bite
e#or
tü-#Ʀʟ vë#feel.sad -tä#ꞮɴᴛЅ ==pe#=ᴄᴏЅ
ëbë#so.then
suti#want
mou#again
na-#ꞮƦƦ vë#go -nüblü#FOLLOW -tä#ꞮɴᴛЅ pwë#just ==kö#=1ᴀᴜɢI
më#ᴘʀᴇᴘ
kâng#those
nümü#way
të-#Ʀʟ.3ᴀᴜɢ möna#new ==be#=STILL ==ng#=3ᴀᴜɢIS
kâ#ᴅᴇᴍ2.ᴅɪѕᴛ
tö-#ɴᴇɢ boi#long -u#ɴᴇɢ
kâng#those
kâng#those
më#ᴘʀᴇᴘ
da#thing
tögalö#never.yet
mwa#fish -ti#ᴛƦ ==pe#=ᴄᴏЅ
mëtea#village
tü-#Ʀʟ vë#go -tö#GᴅꞮƦ.IN ==pe#=ᴄᴏЅ ==kö#=1ᴀᴜɢI
më#eye ==ke'#=1ᴍꞮɴII
yöpu#bang.against ==pe#=ᴄᴏЅ
kâ#ᴅᴇᴍ2.ᴅɪѕᴛ
në-#ɴᴍʟᴢ1 yökö#gather -mü#PᴅꞮƦ.HITHER ==ng#=3ᴀᴜɢIS
lâ#ᴅᴇᴍ1.ᴅɪѕᴛ
kä..#ѕᴜʙʀ möna#new
kä..#ѕᴜʙʀ
-#3ᴀᴜɢ1 vë#go -bë#PᴅꞮƦ.YON ==ng#=3ᴀᴜɢIS
kä..#ѕᴜʙʀ
në-#ɴᴍʟᴢ1 möbö#famine -tö#GᴅꞮƦ.IN -kö#ɴᴍʟᴢ.ᴘᴄꜰʟ ==dö#=3ᴀᴜɢII
letë#letter
jon#John
tü-#Ʀʟ mâ#find ate#afterward ==kö#=1ᴀᴜɢI
natü#word
badö#ᴄᴏᴍ.
ka#ᴅᴇᴍ2.ᴘʀᴏχ
më#ᴘʀᴇᴘ
kâng#those
doa#child
sâ#ᴘᴄꜰʟ.hand ==dö#=3ᴀᴜɢII
tü-#Ʀʟ pnz'#shoot -bü#FULLY ==pe#=ᴄᴏЅ ==le#=3ᴍꞮɴIA
kä..#ѕᴜʙʀ etu#big
kä..#ѕᴜʙʀ
tü-#Ʀʟ ö-#ᴍꞮᴅ pi#say ==pe#=ᴄᴏЅ -mü#PᴅꞮƦ.HITHER ==le#=3ᴍꞮɴIA
önëlvë#step.on -o#GᴅꞮƦ.DOWN ==le#=3ᴍꞮɴIA
nümü#way
sâ-#ᴘꜰᴠ
sâ-#ᴘꜰᴠ
müngö#image
ma#advrs nyë#ᴘᴄꜰʟ.ʙ&ɢ ==de#=3ᴍꞮɴII -ngü#ᴘʟ
lâ#ᴅᴇᴍ1.ᴅɪѕᴛ
twë#take ==le#=3ᴍꞮɴIA
mökâ#there
tö-#ɴᴇɢ pe#tie. ==le#=3ᴍꞮɴIA -u#ɴᴇɢ
napr#Napr.vil
olvë#wife kâ#ᴅᴇᴍ2.ᴅɪѕᴛ
kä..#ѕᴜʙʀ
ncnqmz#Ncnqmz
ngö#ɢᴇɴ1ᴀ ==de#=3ᴍꞮɴII
öplë#stone
pöla#sea
külu#many -tä#ꞮɴᴛЅ
mökâ#there
kë#also
në-#ɴᴍʟᴢ1 aelwa#show;.show;.prove -kö#ɴᴍʟᴢ.ᴘᴄꜰʟ -mü#PᴅꞮƦ.HITHER ==le#=3ᴍꞮɴIA
badö#ᴄᴏᴍ.
älö#hear -bë#PᴅꞮƦ.YON ==kö#=1ᴀᴜɢI
ka#ᴅᴇᴍ2.ᴘʀᴏχ
lâsu#ship kä..#ѕᴜʙʀ lvâ#fly
tzsiu#monk
tü-#Ʀʟ vo#travel ==pe#=ᴄᴏЅ ==#=3ᴍꞮɴIS
ni-#ᴀᴄᴄ ==nge#=1ᴍꞮɴII
kä..#ѕᴜʙʀ etu#big
doa#child
yië#year
aijz#Aijz
në-#ɴᴍʟᴢ1 pötë#enter -kö#ɴᴍʟᴢ.ᴘᴄꜰʟ -bë#PᴅꞮƦ.YON ==kö#=1ᴀᴜɢI
älö#hear -bë#PᴅꞮƦ.YON ==kö#=1ᴀᴜɢI
awi#thank -tä#ꞮɴᴛЅ ==pe#=ᴄᴏЅ
kâ#ᴅᴇᴍ2.ᴅɪѕᴛ
ö-#ᴍꞮᴅ pi#say ==le#=3ᴍꞮɴIA
fiu#Fiu,.Malaita
kâng#those
muöde#because
kâng#those
na-#ꞮƦƦ ngü#eat ==kö#=1ᴀᴜɢI
kä..#ѕᴜʙʀ
në-#ɴᴍʟᴢ1 ngini#become -kö#ɴᴍʟᴢ.ᴘᴄꜰʟ ==de#=3ᴍꞮɴII
nigö#be.1ᴀᴜɢII
më#ᴘʀᴇᴘ
na#ᴘᴄꜰʟ.food ==dö#=3ᴀᴜɢII
ni-#ᴀᴄᴄ ==nge#=1ᴍꞮɴII
kru#crew
a'#but
lâ#ᴅᴇᴍ1.ᴅɪѕᴛ
lâ#ᴅᴇᴍ1.ᴅɪѕᴛ
në-#ɴᴍʟᴢ1 tabâ#hunt -ngö#ᴀᴘᴘʟ
yövi#pull.out -tä#ꞮɴᴛЅ kë#also ==le#=3ᴍꞮɴIA
më#ᴘʀᴇᴘ
ö-#ᴍꞮᴅ pi#say -bo#.BZ(PDIR.YON)=O(1MINI)
yölü#put -tä#ꞮɴᴛЅ ==ne#=1ᴍꞮɴII
na-#ꞮƦƦ pilvë#bandage -ti#ᴛƦ
mnö#ᴘᴄꜰʟ.fire ==gö#=1ᴀᴜɢII
ka#give -bë#PᴅꞮƦ.YON ==le#=3ᴍꞮɴIA
tulzgi#Tulagi
në-#ɴᴍʟᴢ1 wë#make -kö#ɴᴍʟᴢ.ᴘᴄꜰʟ
më#ᴘʀᴇᴘ
nölâ#place
gëpman#government.(E)
kä..#ѕᴜʙʀ
kâng#those
më#ᴘʀᴇᴘ
olvë#female
sada.krus#SANTA.CRUZ
-#3ᴀᴜɢ1 dwasë#leave -bë#PᴅꞮƦ.YON
badö#ᴄᴏᴍ.
sâ-#ᴘꜰᴠ
tö-#ɴᴇɢ ölö#allow -ngö#ᴀᴘᴘʟ -mü#PᴅꞮƦ.HITHER ==le#=3ᴍꞮɴIA -u#ɴᴇɢ
ä#and
-#3ᴀᴜɢ1 külu#many ==pe#=ᴄᴏЅ ==ngü#=3ᴀᴜɢIS
lâde#there
ao#think -ti#ᴛƦ
nike.[(bënwë.dialeât)]#WHAT
tö-#ɴᴇɢ në-#ɴᴍʟᴢ1 mâ#see ==pe#=ᴄᴏЅ ==lö#=3ᴀᴜɢIA -u#ɴᴇɢ
kâ#ᴅᴇᴍ2.ᴅɪѕᴛ
mü#ᴘᴄꜰʟ.drink ==dö#=3ᴀᴜɢII
më#ᴘʀᴇᴘ
tu#stand -ti#ᴛƦ -pä#GᴅꞮƦ.OUT -ngö#ᴀᴘᴘʟ -mü#PᴅꞮƦ.HITHER ==#=3ᴍꞮɴIS
kâ#ᴅᴇᴍ2.ᴅɪѕᴛ
mölâ#there
kä..#ѕᴜʙʀ esë'#one
bëkü#do.not
a'#but
-#3ᴀᴜɢ1 yölë#marry ==ng#=3ᴀᴜɢIS
-#3ᴀᴜɢ1 ö-#ᴍꞮᴅ pi#say -mü#PᴅꞮƦ.HITHER ==lö#=3ᴀᴜɢIA
ä#and
trpaliki#basket.without.sides
lvâ#fly alëu#instead -mü#PᴅꞮƦ.HITHER
dâkta#doctor
tzsiu#monk
bamu#dat=2augII
elö#there
be#story
sâ-#ᴘꜰᴠ
më#ᴘʀᴇᴘ
kâ#ᴅᴇᴍ2.ᴅɪѕᴛ
më#ᴘʀᴇᴘ
më#ᴘʀᴇᴘ
ö-#ᴍꞮᴅ pi#say -bë#PᴅꞮƦ.YON
kâ#ᴅᴇᴍ2.ᴅɪѕᴛ
sada.krus#SANTA.CRUZ
tu#stand
kâ#ᴅᴇᴍ2.ᴅɪѕᴛ
leplë#people
dâkölëde#chapter
nyë#ᴘᴄꜰʟ.ʙ&ɢ
na-#ꞮƦƦ o#go -mü#PᴅꞮƦ.HITHER
ö-#ᴍꞮᴅ pi#say -bë#PᴅꞮƦ.YON ==le#=3ᴍꞮɴIA
sâ#ᴘᴄꜰʟ.hand ==dö#=3ᴀᴜɢII
kâ#ᴅᴇᴍ2.ᴅɪѕᴛ
seleng#they.here
ëbü#day
mövö#rotten -lë#GᴅꞮƦ.UP ==pe#=ᴄᴏЅ -mü#PᴅꞮƦ.HITHER
sâ#ᴘᴄꜰʟ.hand ==de#=3ᴍꞮɴII
-#3ᴀᴜɢ1 rmcti#meet -ne#ꞮɴᴛЅ ==dö#=3ᴀᴜɢII
dävo#tsunami
lö#ᴛᴘɴʏᴍ
më#ᴘʀᴇᴘ
tü-#Ʀʟ tu#stand -pä#GᴅꞮƦ.OUT -ngö#ᴀᴘᴘʟ -mü#PᴅꞮƦ.HITHER
jenwzri#January
da#thing
kâ#ᴅᴇᴍ2.ᴅɪѕᴛ
kâ#ᴅᴇᴍ2.ᴅɪѕᴛ
äka#this.is
eu#yes
muöde#because
nëlungö#life
tü-#Ʀʟ oti#take ==pe#=ᴄᴏЅ -mü#PᴅꞮƦ.HITHER ==le#=3ᴍꞮɴIA
köanëlvün#fifth
sâ-#ᴘꜰᴠ
nëlu#coconut
lâsu#ship
tü-#Ʀʟ mölë#be.good ==pe#=ᴄᴏЅ ==#=3ᴍꞮɴIS
nouöla#morning
tü-#Ʀʟ oti#take ==pe#=ᴄᴏЅ -bë#PᴅꞮƦ.YON ==le#=3ᴍꞮɴIA
ëbü#day
ni#be ==gö#=1ᴀᴜɢII
të-#Ʀʟ.3ᴀᴜɢ a-#ᴄᴀᴜЅ ngâ#burn ==pe#=ᴄᴏЅ ==lö#=3ᴀᴜɢIA
nigö#be.1ᴀᴜɢII
müngö#image
tö-#ɴᴇɢ -#3ᴀᴜɢ1 ayo#walk -ti#ᴛƦ ==pe#=ᴄᴏЅ ==lö#=3ᴀᴜɢIA -u#ɴᴇɢ
kâma#that.one
në-#ɴᴍʟᴢ1 ngya#angry -ti#ᴛƦ -kö#ɴᴍʟᴢ.ᴘᴄꜰʟ
kä..#ѕᴜʙʀ
dâkta#doctor
nzoliqngr#preparing
ba-#ᴅᴀᴛ ==de#=3ᴍꞮɴII
më#ᴘʀᴇᴘ
lue#water
tü-#Ʀʟ yö#write
ni#be ==pe#=ᴄᴏЅ -m#2ᴍꞮɴII
mama#priest
badö#ᴄᴏᴍ.
jon#John
kâ#ᴅᴇᴍ2.ᴅɪѕᴛ
nuzmu#outrigger
doa#child
tö-#ɴᴇɢ ngü#eat ==#=ᴄᴍᴘʟ ==le#=3ᴍꞮɴIA -u#ɴᴇɢ
peto#bush
ngö#ɢᴇɴ1ᴀ
kë#also
dötü#name ==de#=3ᴍꞮɴII
tü-#Ʀʟ pö#go -të#GᴅꞮƦ.UP
tü-#Ʀʟ böläkë#thirsty ==pe#=ᴄᴏЅ
möböpäm#lack
ä#and
sa#ɪᴘꜰᴠ
kä..#ѕᴜʙʀ pöki#white
ba-#ᴅᴀᴛ ==de#=3ᴍꞮɴII
fiu#Fiu,.Malaita
känëakölë#teachers
ä#and
töte#father ==nge#=1ᴍꞮɴII
bam#dat=2minII
ni#be kë#also -mü#PᴅꞮƦ.HITHER ==ä#=1ᴍꞮɴI
sâ-#ᴘꜰᴠ
më#ᴘʀᴇᴘ
nar#head
dötü#body ==nge#=1ᴍꞮɴII
ä#and
nëköka'ngö#prayer
aijz#Aijz
më#ᴘʀᴇᴘ
lâ#ᴅᴇᴍ1.ᴅɪѕᴛ
ni#be ==gu#=12ᴀᴜɢII
esë'#one
sâ-#ᴘꜰᴠ
ëbë#so.then
tü-#Ʀʟ ölä#ask -ti#ᴛƦ ==pe#=ᴄᴏЅ -bë#PᴅꞮƦ.YON ==kö#=1ᴀᴜɢI
nöla#branch
doa#child
da#thing
kâ#ᴅᴇᴍ2.ᴅɪѕᴛ
nounenü#cyclone
nyë#ᴘᴄꜰʟ.ʙ&ɢ
töpnëngö#none.;.lack;.none
na-#ꞮƦƦ o#go ==pe#=ᴄᴏЅ ==kö#=1ᴀᴜɢI
kä..#ѕᴜʙʀ esë'#one
ölilö#both ==mu#=2ᴀᴜɢII
nëlu#coconut
kä..#ѕᴜʙʀ
kâ#ᴅᴇᴍ2.ᴅɪѕᴛ
më#ᴘʀᴇᴘ
mzdxmingr#Mzdxmingr.village
kâ#ᴅᴇᴍ2.ᴅɪѕᴛ
nëelangö#dance
sölöni#coin
ä#and
badö#ᴄᴏᴍ.
më#ᴘʀᴇᴘ
elö#there
dëu#portion
nâte#part,.piece ==de#=3ᴍꞮɴII
bäli#basket
tü-#Ʀʟ siklu#be.schooled ==be#=STILL -ngö#ᴀᴘᴘʟ ==ne#=1ᴍꞮɴII
bäki#bag
sâ-#ᴘꜰᴠ
në-#ɴᴍʟᴢ1 apusö#regard.as -kö#ɴᴍʟᴢ.ᴘᴄꜰʟ ==dö#=3ᴀᴜɢII
ä#and
kxsqki#sore
dötü#name ==de#=3ᴍꞮɴII
dötü#body ==de#=3ᴍꞮɴII
sâ#ᴘᴄꜰʟ.hand ==dö#=3ᴀᴜɢII