advlizer
n
DM
adv
DM
n
v 3SG.S>3SG.P. TERM. 3SG.S:INC:DH.PFV:L.
v 1SG.PSR.
v
adv
v OUT. N.PFV:2SG.S:Ø.
adv
adv
coordconn
n
@@@
adv
v 3SG.S:QUAL:QUAL:Ø.IPV:Ø.
n 1SG.PSR.
nvp
@@@ ADJC. MED:AR.
n
advlizer
nomprt
inter
advlizer
n
DM
post
adv
post
adv
coordconn
v 1PL.S:INC:Ø.IPV:Ø.
v UP. 3PL.S. QUAL:AA.IPV:Ø.
v TERM. 3SG.S:AA.IPV.
v 3SG.S:Ø.IPV:H.
adv
v 3PL.S>3SG.P. QUAL:QUAL:Ø.PFV:Ø.
adv
dir AR. MED.
v 3SG.S:Ø.IPV:H.
nomprt
n 1PL.PSR.
n
DM
post
adv
v IT. DSTR. INDF.O:1PL.S:OPT:Ø.
v 3PL.S>3SG.P. Ø.IPV:H.
post
v QUAL:OPT:2SG.S:Ø.
post
advlizer
inter
coordconn
DM
n
n GIRL
advlizer
adv
v 3PL.P. INC. N.IPV:2SG.S.
coordconn
v
v IT. 1PL.S:INC:Ø.IPV:D.
dir NTRL.
adv
@@@ TERM. 3PL.S. QUAL:DH.PFV:L.
n 1SG.PSR.
v 3PL.S:OPT:D. TERM.
v AR.O. 3SG.S:QUAL:Ø.IPV:H.
coordconn
adv
proform
post
n
n
coordconn
@@@ WHY
v 3PL.O. QUAL:Ø.IPV:1SG.S:H.
DM
v CONT. OPT:2SG.S:Ø.
@@@ 3SG.S:DH.PFV:Ø.
adv
adv
post
v
@@@ 3PL.S. N.PFV:Ø.
adv
v 3PL.S. QUAL:DH.PFV:L.
@@@
v UP. 3PL.S:Ø.IPV:H.
@@@ 1SG.PSR.
n 3SG.PSR.
n 3SG.S>3SG.PSR.
dir ADJC. NTRL.
adv
adv
proform
nomprt
mod
coordconn
@@@ INDF.PSR.
coordconn
adv
advlizer
v IT. 3PL.O. 1PL.S:Ø.IPV:H.
proform
coordconn
v INC. 3PL.S:N.PFV:Ø.
v AR.S. QUAL:DH.PFV:Ø.
coordconn
nomprt
n
post 3SG.P.
adv
advlizer
n
v UP. 3SG.S:DH.PFV:Ø.
n INDF.PSR. 3SG.S:AA.IPV:Ø.
n 2SG.PSR.
post
post 3SG.S>3SG.P.
n
DM
n
post 1SG.P.
n
n
DM
n 1SG.PSR.
n
advlizer
@@@ WHY
post
n 1PL.PSR.
adv
n
interj
v DOWN. 3SG.S>3SG.O. AA.PFV:H.
post
advlizer
coordconn
v 3PL.S:AA.PFV:D.
advlizer
advlizer
adv
DM
n
nvp
post
v 1SG.PSR.
proform
coordconn
@@@
n
advlizer
DM
post AGAINST?. INDF.PSR. 3SG.S:AA.PFV:Ø.
adv
@@@ 3PL.S>3SG.P. 3PL.S:Ø.IPV:D.
n
advlizer
nomprt
@@@
@@@ 1PL.P.
adv
v IT. 3PL.S:INC:Ø.IPV:D.
n
n REFL.PSR.
n
coordconn
nomprt
DM
verbprt
nomprt
n
n 1SG.PSR.
v 3PL.P. CATCH. 3PL.S:DH.PFV:Ø.
v IT. 1PL.S:N.PFV:D.
mod
interj
nomprt
adv
@@@
n 3SG.PSR.
adv
nomprt
v 3SG.S:QUAL:DH.PFV:H.
dem
v 1PL.S:INC:DH.PFV:Ø.
n 1SG.PSR.
advlizer
advlizer
post
proform
adv
coordconn
v INDF.O. 3SG.S:Ø.IPV:H.
adv
v 3SG.S:DH.PFV:Ø.
coordconn
v 3SG.S:AA.IPV:Ø.
coordconn
post
v TERM. IT. 3PL.S:Ø.IPV:D.
@@@ 1SG.PSR.
v PRMB. INC:AA.IPV:2SG.S.
v TIRED. 3PL.S:AA.PFV:D.
n
adv
post 1SG.P.
n
v QUAL:Ø.IPV:1SG.S:Ø.
post
mod
advlizer
coordconn
@@@ REFL.PSR.
adv
@@@ TERM.
post 1SG.P.
n
advlizer
v 1PL.S:Ø.PFV:Ø.
post
adv
n
DM
pro
inter
n
v
coordconn AND.THEN
advlizer
adv
verbprt
proform
advlizer
n
nomprt
DM
v AR.S:AA.PFV:Ø.
v 1SG.PSR.
v UP. 3SG.S:DH.PFV:Ø.
dir MED.
v PRMB. 1PL.S:INC:Ø.IPV:D.
n
v OUT. INC:AA.IPV:2SG.S:Ø.
v 3PL.S:Ø.IPV:Ø.
proform
nomprt
nomprt
v 3PL.S. N.PFV:Ø.
post 1PL.P.
DM
inter WHY
adv
adj
n 1SG.PSR.
v AR.S:Ø.PFV:Ø.
quant ALL
advlizer
post
dir
nomprt
v 3PL.P. 3PL.S:Ø.IPV:Ø.
nomprt
adv
DM
coordconn
v 3PL.S:Ø.IPV:Ø.
@@@
@@@ PEJ. N.PFV:Ø. 3PL.S:Ø.IPV:L.
dir
adv
coordconn AND.THEN
advlizer
v 3SG.S:DH.PFV:L.
n
dir NTRL.
nomprt
post
v AR.S:Ø.PFV:Ø.
v IT. 1PL.S:DH.PFV:D.
v AR.S:Ø.PFV:Ø.
n
proform
post
n
nprop YAMAAGN.TEESHYAAY
n
nomprt
v CON. INC:QUAL:AA.IPV:2PL.S:H.
v 3SG.S>3SG.P. Ø.IPV:H.
nomprt
@@@
dir NTRL.
DM
post
@@@ 1SG.O.
coordconn
n
coordconn
DM
post
n
post
adv
post
dem
proform
advlizer
v 3SG.S>3SG.O. QUAL:Ø.IPV:H.
v UP. 3SG.S:AA.PFV:Ø.
v 1SG.P. 3SG.S:Ø.IPV:H.
nomprt
v QUAL. OPT:1SG.S:H.
adv TERM. IT. 3PL.S:Ø.IPV:D.
coordconn
n
coordconn
adv
post 1PL.P.
v 3PL.S:DH.PFV:H.
n
adv
dir
mod
n
dir
v 3SG.S:DH.PFV:H.
advlizer
proform
adv
@@@
advlizer
v 3PL.S>3PL.O. I.PFV:Ø.
n
@@@ 3PL.S:DH.PFV:H.
post
@@@
v IT. 1SG.O. 3PL.S. QUAL:DH.PFV:H.
coordconn AND.THEN
adv
adv
coordconn AND.THEN
dir MED.
post 3SG.S>3SG.P.
nomprt
v INDF.PSR. 3SG.S:QUAL:AA.PFV:H.
DM
v 3SG.S:AA.IPV:Ø.
adv
advlizer
n
dem
adv
n
v 3PL.P. 3SG.S:Ø.IPV:H.
n 2SG.PSR.
post
coordconn
v IT. N.PFV:1SG.S:D.
v INTO.FIRE 3SG.S:QUAL:AA.PFV:H.
coordconn
v 3PL.S>3SG.P. QUAL:Ø.IPV:H.
v 3PL.S>3SG.O. INC:AA:IPV:H.
adv
post
DM
post 2SG.P.
advlizer ADVZR
v INSIDE. IMPSL.S:DH.PFV:Ø.
advlizer
advlizer
v 1SG.P. PP. 3PL.S. QUAL:Ø.IPV:Ø.
v
n
v
DM
dir MED.
v 3SG.S:Ø.IPV:Ø.
n GIRL
coordconn
verbprt
adv
v 3PL.P. PP. 3PL.S. 3SG.S:QUAL:DH.PFV:Ø.
v CONT. Ø.PFV:1SG.S:Ø.
pro
v
mod
v 1PL.S:Ø.IPV:Ø.
v AR.S:Ø.PFV:Ø.
coordconn
post
dir
verbprt
dir
nomprt
n
n GIRL
proform
dir
nvp
v PEJ. AR:Ø.PFV:1SG.S:H.
dir NTRL.
v PP. MIND. 3SG.S:QUAL:Ø.PFV:Ø.
v
coordconn
n REFL.PSR.
proform
adv
advlizer
adv
@@@ PRMB. 3PL.S:AA.IPV:D.
v 3SG.S>3SG.O. Ø.IPV:H.
v AA.IPV:2PL.S:Ø.
adv
adv
dir NTRL.
advlizer
n 1SG.PSR.
dir NTRL.
n
adv
verbprt
n 1SG.PSR.
v QUAL:OPT:2SG.S:Ø.
inter
nomprt
n
post
v
v 3PL.S:Ø.IPV:L.
coordconn
v
advlizer
v CON. DH.PFV:1SG.S:Ø.
v TERM. TRAP. 1PL.S:Ø.IPV:Ø.
nomprt
post 3PL.P.
coordconn AND.THEN
dem
@@@ COMPLETELY. QUAL:DH.PFV:H.
inter
v 3SG.PSR.
n
post 1PL.P.
verbprt
nomprt
post 1SG.P.
n
post
@@@
v 3SG.S:QUAL:DH.PFV:H.
n
proform
advlizer
DM
nvp
coordconn
advlizer
proform
v
proform
n 3PL.PSR.
post
v 1SG.P. 3PL.S:Ø.IPV:Ø.
post
n 1SG.PSR.
post
DM
v 3SG.S>3SG.P. Ø.IPV:H.
v 3SG.S:DH.PFV:L.
adv
coordconn
n
v 3PL.S:N.PFV:Ø.
v 1SG.O. QUAL:DH.PFV:H.
v 1PL.S:INC:QUAL:AA.IPV:L.
v PRMB. INC:Ø.IPV:2SG.S:Ø.
n 1PL.PSR.
DM
mod
post 1SG.P.
dir
n
post
coordconn AND.THEN
v Ø.IPV:L.
v INDF:3SG.S:INC. QUAL:DH.PFV:L.
nomprt
n
n
n
v
post
n INDF.PSR.
@@@
advlizer
nomprt
n GIRL
advlizer
@@@ 3PL.S:DH.PFV:H.
post
post
DM
n
n INDF.PSR.
adv
n
v 3PL.S:Ø.IPV:Ø.
n 2SG.P.
v AR.S. QUAL:Ø.IPV:2SG.S:H.
adv
v 3PL.S>3SG.P. Ø.IPV:H.
verbprt
v CONT. 3SG.S:QUAL:Ø.IPV:L.
coordconn
v 3PL.S. INC:DH.PFV:Ø.
adv
quant ALL
mod
DM
@@@
@@@
dir PROX:AR.
cardnum
v IT. 3SG.S>3SG.O. AA.PFV:H.
n
advlizer
v
v 3PL.S>3SG.P. CON:Ø.IPV:Ø.
coordconn AND.THEN
n 2PL.PSR.
n
post
mod
@@@
mod
post 3SG.S>3SG.P.
v 3SG.S:Ø.PFV:Ø.
n
adv
@@@ 3SG.S>3SG.O. QUAL:QUAL:Ø.PFV:Ø.
adv
v AR.S:Ø.IPV:Ø.
advlizer
v SURROUNDING ?. INC:QUAL:AA.IPV:1SG.S:Ø.
post 1PL.P.
v QUAL:Ø.PFV:1SG.S:Ø.
verbprt
post
n
nomprt
v 3PL.S>3SG.P. Ø.IPV:H.
verbprt
v 3SG.P.
coordconn
n 3SG.S>3SG.PSR.
v 3SG.S>3SG.P. Ø.IPV:H.
proform
post
advlizer
proform
adv
proform
advlizer
v 3SG.S:CON:Ø.IPV:Ø.
nomprt
post
n
n
n REFL.PSR.
advlizer
v ACROSS. 3SG.S:AA.IPV:D.
post
coordconn
n 1SG.PSR.
v 3PL.S:QUAL:DH.PFV:L.
DM
DM
post
n
n 3PL.PSR.
n
adv
dir MED.
coordconn
DM
post
post 3PL.S>3SG.P.
v 3SG.S:AA.IPV:Ø.
v 3PL.S:Ø.IPV:L.
v AR.S:DH.PFV:D.
n
n
n
@@@ 1SG.PSR.
v 3SG.S>3SG.P. Ø.IPV:H.
v
@@@ ACROSS. IT. 3SG.S:QUAL:Ø.IPV:L.
adv
inter
n 1SG.P.
adv
advlizer
adv
post
nomprt
post 1SG.P.
v 3SG.S>3SG.P. Ø.IPV:H.
v IT. 3SG.S:Ø.IPV.
adv
adv
advlizer
verbprt
n 3SG.PSR.
post
v AR.S:Ø.PFV:Ø.
quant ALL
post
v 3SG.S>3SG.P. Ø.IPV:H.
advlizer
advlizer ADVZR
advlizer
n 1SG.PSR.
v 3PL.S:QUAL:DH.PFV:L.
n
post
v IT. AR.S:DH.PFV:D.
advlizer
coordconn
v 3SG.S:AA.IPV:Ø.
quant ALL
advlizer
proform
proform
dir NTRL.
dir NTRL.
adv
v
nomprt
coordconn
v
v 3SG.S>3SG.O. QUAL:QUAL:Ø.IPV:Ø.
advlizer
mod
n
n
adv
coordconn AND.THEN
mod
v
proform
post 3PL.S>3PL.P.
nomprt
coordconn AND.THEN
v 3PL.S. QUAL:DH.PFV:L.
advlizer
coordconn
proform
coordconn
post
advlizer
adv
n
adv
proform
post
advlizer
DM
n 1PL.PSR.
v AR.S:Ø.PFV:Ø.
n
advlizer ADVZR
post 3PL.P.
adv
v INDF.O. 3PL.S. CON:Ø.IPV:Ø.
@@@ 3PL.S:QUAL:Ø.IPV:D
dem
adv
quant ALL
v 1PL.S:QUAL:Ø.IPV:L.
n
post 3SG.S>3SG.P.
v 3PL.S>3SG.O.
dir
n
n 1SG.PSR.
v DH.PFV:1SG.S:Ø.
v 3SG.S>3SG.O. INC:DH.PFV:Ø.
v AR.S:Ø.PFV:Ø.
pro
advlizer
nvp
post
v PRMB. 3PL.S. INC:Ø.IPV:H.
@@@ QUAL:Ø.IPV:Ø. QUAL:Ø.IPV:1SG.S:H.
v
v 3SG.S:Ø.IPV:H.
nomprt
DM
n
post
proform
n
n
n
@@@
advlizer
proform
nomprt
post
advlizer
@@@
adv
coordconn AND.THEN
v QUAL. DH.PFV:2PL.S:L.
n REFL.PSR.
v ?. PEJ. 3PL.S:Ø.IPV:D.
adj 3SG.S:NEG.PFV:Ø.
advlizer
post
nomprt
coordconn
v 1PL.S:INC:DH.PFV:H.
@@@
v QUAL. DH.PFV:1SG.S:Ø.
mod
proform
v 3SG.S:AA.IPV:Ø.
n
v 3PL.P. CATCH. 3PL.S. INC:DH.PFV:Ø.
DM
v INSIDE. N.IPV:2PL.S:Ø.
v 3PL.S:Ø.IPV:Ø.
n
coordconn 2SG.P.
proform
v IT. Ø.IPV:1SG.S:L.
post INDF.PSR.
advlizer
post
DM
v IT. 3SG.S:INC:QUAL:DH.PFV:D
adv
v
dir NTRL.
dir NTRL.
v INDF.S. 3SG.S:DH.PFV:Ø.
v 3SG.S>3SG.P. Ø.IPV:H.
v UP. 3SG.S:DH.PFV:Ø.
@@@ 3SG.S:Ø.IPV:Ø.
v AA.IPV:1SG.S:Ø.
advlizer
dir NTRL.
v 3SG.S:OPT:Ø.
post
proform
DM
coordconn
v
post
v PRMB. 1PL.S:INC:AA.IPV:D.
nprop YAMAAGN.TEESHYAAY
v DH.PFV:1SG.S:Ø.
n
post 1SG.P.
adv
adv
v 3SG.S>3SG.O. 3SG.S:QUAL:QUAL:Ø.IPV:Ø.
post
adv
v 3SG.S:OPT:Ø.
coordconn
adv
v 1PL.S:Ø.PFV:Ø.
@@@ 1PL.S:QUAL:DH.PFV:L.
DM
v 3SG.S:Ø.PFV:H.
verbprt
n 1SG.PSR.
v 3SG.S:QUAL:DH.PFV:L.
proform
n
post
adv CARE QUAL:QUAL:Ø.PFV:Ø.
proform
v ?. Ø.IPV:2SG.S:D.
dir
v DH.PFV:1SG.S:Ø.
adv
v 3SG.S:QUAL:QUAL:Ø.IPV:Ø.
adv
n
v TERM. INDF.S:QUAL:DH.PFV:L.
advlizer ADVZR
v UP. 3SG.S:DH.PFV:Ø.
v
proform
interj
n 3SG.PSR.
mod
advlizer ADVZR
dir
@@@
advlizer
@@@
v QUAL:NEG.PFV:1SG.S:L.
advlizer
DM
v 3SG.S:INC:Ø.IPV:Ø
advlizer
v 1SG.O. 3SG.S:QUAL:Ø.IPV:H.
v 3PL.S>3SG.P. 3SG.S:INC:Ø.IPV:L.
n
nomprt
coordconn
n
n
v
v
@@@
v AR.O. QUAL:Ø.IPV:1SG.S:H.
n
post 3SG.S>3SG.P.
coordconn AND.THEN
post
n
adv
v 3PL.S:Ø.PFV:Ø.
n
post
v PRMB. WEAPON. INDF.O:3PL.S. INC:Ø.IPV:Ø.
@@@
advlizer
n
v 3SG.S:QUAL:Ø.PFV:Ø.
v UP. 3SG.S:AA.PFV:Ø.
v 3PL.S:DH.PFV:Ø.
n
pro
dir MED.
n
v OUT. 3SG.S:QUAL:Ø.IPV:H.
advlizer
post
verbprt
post 1PL.P.
v ?. PP. 1PL.S:NEG.PFV:D.
n 1SG.PSR.
post
dir NTRL.
n
v AR.S:Ø.PFV:Ø.
n
advlizer
n
n GIRL
DM
post
adv
v 3SG.S>3SG.P. 3SG.S:Ø.IPV:H.
@@@ 3PL.P.
coordconn AND.THEN
v 3PL.S>3SG.O. CON. 3PL.S:QUAL:Ø.IPV:H.
post REFL.P.
v PP. 1PL.S:NEG.PFV:D.
advlizer
adv INDF.O. QUAL:DH.PFV:2SG.S:H.
v 3SG.S:Ø.PFV:Ø.
cardnum
n
n
post
post
advlizer
DM
advlizer
@@@ ON.TRAIL. Ø.IPV:2PL.S:Ø.
n
n
nomprt
v 3PL.P. PP. 3SG.S:QUAL:DH.PFV:Ø.
coordconn
dir
coordconn
dir MED.
coordconn
@@@ 2PL.PSR.
n
v
DM
v 3SG.S>3SG.P. Ø.IPV:H.
adv
coordconn
coordconn
post
adv
post 3SG.P.
n 3PL.S.
interj
proform
n 2SG.PSR.
@@@ ADJC.
advlizer
v 1SG.PSR.
v OPT:2SG.S:Ø.
v CONT. DSTR. INDF.O. 1PL.S:Ø.IPV:Ø.
v 1SG.PSR.
n
nomprt
v OPT:2SG.S:Ø.
nvp 3SG.O.
post
post
v IT. 3SG.S:AA.IPV:D.
DM
v 1PL.P. PP. AR.S:DH.PFV:Ø.
n
adv
post
coordconn
n
nomprt
inter
v INTO.WATER. N.PFV:Ø.
n
v CONT. QUAL:OPT:1SG.S:L.
dir PROX. AR.
quant ALL
@@@ 3PL.P.
v PRMB.
@@@
coordconn
v 3SG.S:QUAL:Ø.PFV:Ø.
post
v TIRED. 3SG.S:AA.PFV:D.
advlizer ADVZR
advlizer ADVZR
n
quant ALL
v 2SG.P. QUAL:Ø.IPV:1SG.S:Ø.
DM
adv
v AA.IPV:2PL.S:Ø.
n
post 3SG.P.
adv
nomprt
@@@
dir
n 1PL.PSR.
v 3SG.S>3SG.P. Ø.IPV:H.
coordconn
v 3PL.S:QUAL:DH.PFV:Ø.
advlizer
DM
nomprt
post
post
dir AR. PROX.
v 1PL.S:Ø.PFV:Ø.
post
v 3SG.S:Ø.PFV:H.
post
v PRMB. 3PL.S:INC:Ø.IPV:Ø.
coordconn
@@@ INC:AA.IPV:1SG.S:Ø.
@@@
post
mod
v DH.PFV:1SG.S:H.
v INTO.FIRE 3PL.S>3SG.P. QUAL:AA.PFV:H.
post 1PL.P.
post
post
n
@@@ 3PL.P.
@@@
post
n 1SG.PSR.
inter
n
@@@ NTRL.
v OUT. 1PL.S:AA.PFV:Ø.
adv
n
adv
advlizer
v MOUTH INC:QUAL:AA.IPV:1SG.S:L.
@@@ AND
nomprt
adv
coordconn
adv
adv
v TERM. 3PL.S:N.PFV:Ø.
@@@
dem
n WATER.
v 3SG.S:QUAL:DH.PFV:L.
mod
v 1SG.O. QUAL:DH.PFV:2SG.S:H.
@@@
n
coordconn
n GIRL
@@@ 1SG.PSR.
n
v 3SG.S:DH.PFV:H.
DM
advlizer
v IT. 3PL.S. QUAL:AA.IPV:D.
advlizer
post
adv
post
v 1SG.P. 3PL.S:Ø.IPV:Ø.
post
coordconn AND.THEN
v BAD. MIND. 3SG.S:NEG.PFV:L.
@@@ INC:AA.IPV:Ø.
n REFL.PSR.
nvp 3SG.O.
adv
v
v 3PL.P. 3SG.S:Ø.IPV:H.
nomprt
coordconn
post
v 1PL.S. AA.PFV:1SG.S:Ø.
nvp
n INDF:3SG.S:INC.
interj
adv
v ?. 3SG.S:QUAL:Ø.IPV:H.
n
v AR.S. QUAL:DH.PFV:Ø.
advlizer
proform
n
nvp 3SG.O.
advlizer
dir ADJC. NTRL.
post RECP.P.
n
n
proform
v 3SG.S>3SG.P. Ø.IPV:H.
v
advlizer
adv
n 1PL.PSR.
n
DM
v CONT. 3SG.S:QUAL:Ø.IPV:L.
n INDF.PSR. 3SG.S:AA.IPV:Ø.
nomprt
advlizer
dir NTRL.
adv
nomprt
adv
advlizer
post
post 3SG.P.
v QUAL:AA.IPV:1SG.S:H.
coordconn
dir
nomprt
coordconn
v INDF.PSR.
nomprt
n
coordconn
dir PROX.
dir NTRL.
v TERM. IT. N.PFV:2PL.S:D.
proform
n
nomprt
DM
@@@ REFL.PSR.
DM
coordconn
coordconn
coordconn AND.THEN
adv
v 3PL.S>3SG.P. 3SG.S:Ø.IPV:H.
v
coordconn
v
advlizer
n
coordconn
n 3SG.PSR.
n REFL.PSR.
v
dir NTRL.
v
n
adv
n
post
proform
@@@
DM
adv
n
post
post
v 3PL.S:Ø.IPV:Ø.
v 3SG.S:QUAL:DH.PFV:L.
adv
v 3SG.S>3SG.O. CON:AA.PFV:Ø.
coordconn
post 3SG.S>3SG.P.
DM
v 3SG.S>3SG.O. Ø.IPV:L.
coordconn
DM
n INDF.PSR.
proform
inter
n 1PL.PSR.
n 3SG.S>3SG.PSR.
v 3PL.P. 3SG.S:Ø.IPV:H.
coordconn
n 1SG.PSR.
coordconn AND.THEN
n
coordconn
@@@ MED.
proform
adv
n
coordconn
v 3PL.S:QUAL:DH.PFV:L.
post
proform
@@@ 1PL.P.
@@@
advlizer
n 1SG.PSR.
v OUT. 3PL.S:Ø.IPV:Ø.
proform
@@@ 3PL.S.
@@@ 3SG.S>3SG.O. QUAL:QUAL:Ø.PFV:Ø.
post
DM
v TERM. 3PL.S:N.PFV:Ø.
v ACROSS. 3SG.S:N.PFV:Ø.
advlizer
DM
adv
advlizer
v OUT. 3SG.S:Ø.IPV:Ø.
coordconn
post
n
v PP. INC. QUAL:AA.IPV:2PL.S:Ø.
v 3SG.S>3SG.P. Ø.IPV:H.
@@@ 1PL.S. CON. QUAL:Ø.IPV:H.
adv
advlizer
v 3SG.S>3SG.P. Ø.IPV:H.
adv
n
n
coordconn
coordconn
post
coordconn AND.THEN
inter
n
n
post
advlizer
n 3PL.PSR.
advlizer
v 1SG.P. PP. QUAL:OPT:2SG.S:L.
mod
n
post 1SG.P.
v AR.S:Ø.PFV:Ø.
post 2SG.PSR.
n
v DANCE. 3PL.S:Ø.IPV:L.
v TERM. 3PL.S:N.PFV:Ø.
n REFL.PSR.
n
post
post
v INDF.O:3PL.S. INC. QUAL:AA.IPV:L.
n 1SG.PSR.
post
n 3SG.PSR.
n
n
DM
n
post
@@@ NTRL.
dir NTRL.
post
DM
n
advlizer
proform
v 3SG.S>3SG.P. Ø.IPV:H.
dir NTRL.
advlizer
v CONT. 3PL.S:Ø.IPV:Ø.
DM
n
@@@
@@@ 3PL.P.
n
advlizer
n
inter
n GIRL
v AR.S. INC:DH.PFV:Ø.
coordconn
post
dir NTRL.
n
post
coordconn
proform
dir PROX.
proform
coordconn
@@@
advlizer
n
n 2SG.PSR.
v 3SG.S:INC:AA.IPV:Ø.
n INDF.PSR.
v PRMB. CON. INC:QUAL:AA.IPV:2PL.S:H.
n REFL.PSR.
advlizer
advlizer
nomprt
n
advlizer
n
n GIRL
adv
post 1PL.P.
interj
cardnum
DM
dem
n
n
v 3PL.P. 3PL.S:Ø.IPV:Ø.
advlizer
adv
post
proform
n
v 1PL.P. TO. 3SG.S>3SG.O. INC:AA:IPV:H.
post
DM
advlizer
post
nvp
advlizer
advlizer
adv
advlizer
proform
v 3PL.S>3SG.P. Ø.IPV:H.
n
n
v CONT. 1PL.S. QUAL:Ø.IPV:L.
proform
v UP. 3PL.S. QUAL:Ø.IPV:Ø.
adv
advlizer
v
n
adv
v ?. PEJ. 3PL.S:Ø.IPV:D.
n
n REFL.PSR.
post 2PL.P.
n
v QUAL:Ø.IPV:2SG.S:Ø.
coordconn
n 1SG.PSR.
post
n
nomprt
proform
nvp 3SG.O.
v 3PL.P. 3SG.S:Ø.IPV:H.
adv
@@@ REFL.PSR.
verbprt
dir NTRL.
v 3SG.S>3SG.P. Ø.IPV:H.
coordconn
coordconn
n
post 3SG.S>3SG.P.
n
coordconn
v
advlizer
nomprt
post 1PL.P.
mod
advlizer ADVZR
post
coordconn AND.THEN
cardnum
post
n
n 1SG.PSR.
v 3PL.S>AR.O:AA.PFV:Ø.
n
n SHELTER
post 3SG.P.
v 1SG.P. 3SG.S:Ø.IPV:H.
post 1SG.P.
v
advlizer ADVZR
n
DM
v 3SG.S:QUAL:AA.PFV.
mod
dir NTRL.
n
DM
proform
n
nomprt
adv
inter
adv THERE
mod
DM
coordconn
v UP. IT. 3SG.S:QUAL:AA.IPV:Ø.
interj
adv
dir NTRL.
proform
v CONT. 3PL.S:Ø.IPV:Ø. QUAL:Ø.IPV:L.
v AR.S. QUAL:Ø.IPV:1SG.S:H.
advlizer
v 3PL.S:NEG.PFV:Ø.
@@@
adv
@@@
n
v UP. 3SG.S:AA.PFV:H.
mod
coordconn
post 2PL.P.
n 1SG.PSR.
proform
inter
post
n 3SG.S>3SG.P.
v AA.IPV:1SG.S:Ø.
verbprt
v 3SG.S:INC:Ø.IPV:Ø
v QUAL:Ø.IPV:2PL.S:Ø.
v
advlizer
v AWAY. IT. 3PL.S:Ø.IPV:D.
v AWAY. IT. 3PL.S:Ø.IPV:D.
v QUAL:Ø.IPV:1SG.S:Ø.
post
adv
n 3PL.PSR.
adv
@@@ 1PL.P.
coordconn AND.THEN
v QUAL:Ø.PFV:1SG.S:Ø.
v 1PL.S:Ø.IPV:Ø.
verbprt
@@@ NTRL.
v 3SG.S:Ø.PFV:Ø.
advlizer
v
v IT. QUAL:Ø.PFV:Ø.