this.is
needlefish
ᴅᴇᴍ2.ᴅɪѕᴛ
village
a
ɢᴇɴ1ᴀ =3ᴀᴜɢII
ship
ѕᴜʙʀ
ѕᴜʙʀ
ᴀᴄᴄ =1ᴍꞮɴII
and
wind
ᴀᴛ.фɴᴛ.ᴘʟ.ᴘʟ
ɴᴍʟᴢ1 fly ɴᴍʟᴢ.ᴘᴄꜰʟ
thunder
a
Tzlede
ᴅᴇᴍ2.ᴅɪѕᴛ
and
ᴅᴀᴛ =3ᴍꞮɴII
island
reach PᴅꞮƦ.YON =3ᴍꞮɴIA
prefect
how.many
copra
doctor
home
ᴘꜰᴠ
go
be.1ᴀᴜɢII
Ʀʟ paddle again =1ᴀᴜɢI
ᴅᴇᴍ2.ᴅɪѕᴛ
bush
ɴᴇɢ ᴍꞮᴅ chew ɴᴇɢ
ship
ᴍꞮᴅ say .BZ(PDIR.YON)=O(1MINI)
ɴᴍʟᴢ1 go.out ɴᴍʟᴢ.ᴘᴄꜰʟ
take GᴅꞮƦ.DOWN PᴅꞮƦ.HITHER =1ᴍꞮɴI
man
God
ɢᴇɴ1ᴀ
kind
ѕᴜʙʀ
Bokapwr
Фɴᴛ.Ѕɢ
these
be.1ᴀᴜɢII
people
child
again
here
those
some
ᴅᴇᴍ2.ᴅɪѕᴛ
ᴍꞮᴅ say PᴅꞮƦ.YON =3ᴍꞮɴIA
brother.of.a.female ᴘʟ
dat=1augII
ᴘᴄꜰʟ.canoe =2ᴍꞮɴII
there
belly
ɴᴍʟᴢ1 request;.ask ɴᴍʟᴢ.ᴘᴄꜰʟ PᴅꞮƦ.HITHER =3ᴀᴜɢIA
ᴅᴇᴍ2.ᴅɪѕᴛ
be
ᴅᴇᴍ1.ᴅɪѕᴛ
Ʀʟ ᴍꞮᴅ say =3ᴍꞮɴIA
ᴍꞮᴅ say PᴅꞮƦ.HITHER =3ᴍꞮɴIA
ᴘᴄꜰʟ.rsbl =1ᴍꞮɴII
bad ᴀᴘᴘʟ =3ᴍꞮɴII
be.1ᴀᴜɢII
and
Ʀʟ eat =ᴄᴏЅ =1ᴀᴜɢI
GRACIOSA.BAY
be.1ᴀᴜɢII
Ʀʟ exclaimed ᴀᴘᴘʟ =2ᴍꞮɴI
ɴᴍʟᴢ1 ᴍꞮᴅ draw ᴛƦ ɴᴍʟᴢ
ᴘᴄꜰʟ.ʙ&ɢ =1ᴀᴜɢII
time
there just
thing
stand ᴛƦ GᴅꞮƦ.OUT ᴀᴘᴘʟ PᴅꞮƦ.HITHER =3ᴍꞮɴIS
3ᴀᴜɢ1 weak ꞮɴᴛЅ much =ᴄᴏЅ ᴀᴘᴘʟ =3ᴀᴜɢII
but
so.then
ɴᴍʟᴢ1 remove ɴᴍʟᴢ.ᴘᴄꜰʟ PᴅꞮƦ.YON =3ᴍꞮɴIA
head
ѕᴜʙʀ big
ꞮƦƦ be
3ᴀᴜɢ1 go PᴅꞮƦ.YON =3ᴀᴜɢIS
and
night
ꞮƦƦ go ᴅᴘᴠ =ᴄᴏЅ =1ᴍꞮɴI
Reef.Is
see GᴅꞮƦ.OUT =1ᴀᴜɢI
ѕᴜʙʀ
Lord
be.2ᴍɪɴII
what
go GᴅꞮƦ.DOWN PᴅꞮƦ.HITHER
Ʀʟ.3ᴀᴜɢ paddle ᴅᴘᴠ =ᴄᴏЅ PᴅꞮƦ.YON =3ᴀᴜɢIA
thing
3ᴀᴜɢ1 drink ꞮɴᴛЅ =3ᴀᴜɢIS
but
all
ᴘᴀЅ spotted GᴅꞮƦ.DOWN
ᴅᴀᴛ =1ᴍꞮɴII
ᴘᴄꜰʟ.ʙ&ɢ
stay ꞮɴᴛЅ =ᴄᴏЅ just
ᴀᴛ.фɴᴛ.ᴘʟ.ᴘʟ
Ʀʟ go =ᴄᴏЅ =1ᴍꞮɴI
ꞮƦƦ believe also =2ᴀᴜɢI
Honiara
those
ᴅᴇᴍ2.ᴅɪѕᴛ =ᴄᴏЅ
or
arrow
tree
time
money
3ᴀᴜɢ1 go
reach =ᴄᴏЅ PᴅꞮƦ.YON =1ᴀᴜɢI
save =3ᴍꞮɴIA
area
be.happy ᴀᴘᴘʟ =1ᴀᴜɢI
ship
if
ѕᴜʙʀ
and
ɴᴍʟᴢ1 lead ɴᴍʟᴢ.ᴘᴄꜰʟ =3ᴍꞮɴII
be.schooled
start again =1ᴀᴜɢI
ᴛᴘɴʏᴍ
tapa.cloth
ᴘᴀЅ ᴍꞮᴅ say PᴅꞮƦ.YON
ᴍꞮᴅ say GᴅꞮƦ.DOWN =3ᴍꞮɴIA
two;.couple
ᴘᴄꜰʟ.ʙ&ɢ
little
ᴘꜰᴠ
ɢᴇɴ1ᴀ =3ᴍꞮɴII
single.house
Ʀʟ ᴄᴀᴜЅ be.schooled =ᴄᴏЅ =3ᴍꞮɴIA =3ᴀᴜɢII
Sunday
and
ɴᴍʟᴢ1 ᴍꞮᴅ tell ɴᴍʟᴢ.ᴘᴄꜰʟ .BZ(PDIR.YON)=O(1MINI)
cut.in.two ᴛƦ GᴅꞮƦ.UP =ᴄᴍᴘʟ first =1ᴍꞮɴI
umbrella
ᴘᴄꜰʟ.ʙ&ɢ =1ᴀᴜɢII
happen PᴅꞮƦ.YON
Ʀʟ say .BZ(PDIR.YON)=O(1MINI)
Ʀʟ ᴍꞮᴅ say =ᴄᴏЅ PᴅꞮƦ.HITHER =3ᴍꞮɴIA
ѕᴜʙʀ
word =1ᴍꞮɴII
a
but
be.1ᴀᴜɢII
and
priest
ꞮƦƦ dispatch ᴀᴘᴘʟ =3ᴍꞮɴII
Ʀʟ stand GᴅꞮƦ.OUT ᴀᴘᴘʟ PᴅꞮƦ.HITHER
coconut
prefect
sick
who
ɢᴇɴ1ᴀ
ignite GᴅꞮƦ.IN ꞮɴᴛЅ PᴅꞮƦ.YON =3ᴍꞮɴIA
there
man
ɴᴍʟᴢ1 make ɴᴍʟᴢ.ᴘᴄꜰʟ
cloud
ᴘᴀЅ see
man
ɴᴍʟᴢ1 be =ᴄᴏЅ ɴᴍʟᴢ.ᴘᴄꜰʟ =1ᴀᴜɢII
hem.nao
boat
but
Nemya'.
stand PᴅꞮƦ.HITHER
ɴᴍʟᴢ1 live,.stay ɴᴍʟᴢ.ᴘᴄꜰʟ =1ᴀᴜɢII
people
there just
police
ᴘᴀЅ dispatch
neck =2ᴍꞮɴII
ᴄᴏᴍ.
ᴅᴇᴍ2.ᴅɪѕᴛ
ꞮƦƦ happen .BZ(PDIR.YON)=O(1MINI)
and
leader
base
pig
fall =ᴄᴏЅ
child
thing
ѕᴜʙʀ
ѕᴜʙʀ
those
those
Ʀʟ cross UᴅꞮƦ.ACROSS =ᴄᴏЅ =1ᴀᴜɢI
medicine
Ʀʟ paddle GᴅꞮƦ.OUT =ᴄᴏЅ PᴅꞮƦ.YON =3ᴍꞮɴIS
ɢᴇɴ1ᴀ
ᴀᴄᴄ =1ᴍꞮɴII
high
fitting
ɴᴍʟᴢ1 hear ɴᴍʟᴢ.ᴘᴄꜰʟ =1ᴀᴜɢII
3ᴀᴜɢ1 do ᴛƦ instead just =3ᴀᴜɢIA
ѕᴜʙʀ 3ᴀᴜɢ1 be.schooled
Ʀʟ two =ᴄᴏЅ =1ᴀᴜɢI
night
father
Ʀʟ.3ᴀᴜɢ look hidden GᴅꞮƦ.OUT =ᴄᴏЅ =3ᴀᴜɢIS
be.good
ACC.2augᵢᵢ
be.good
ѕᴜʙʀ many
garden
blood
jump WRONG GᴅꞮƦ.UP ᴀᴘᴘʟ PᴅꞮƦ.HITHER =1ᴀᴜɢII
ѕᴜʙʀ
be.3ᴍɪɴII
3ᴀᴜɢ1 many =ᴄᴏЅ =3ᴀᴜɢIS
3ᴀᴜɢ1 throw GᴅꞮƦ.DOWN Ʀᴇꜰʟ ᴀᴘᴘʟ =3ᴀᴜɢII
ENGLAND
ᴄᴏᴍ.
ѕᴜʙʀ big
man
go GᴅꞮƦ.DOWN
mat
ᴅᴇᴍ2.ᴅɪѕᴛ
because
think ᴛƦ
morning
and
manioc
3ᴀᴜɢ1 travel =3ᴀᴜɢIS
high
ᴅᴇᴍ2.ᴅɪѕᴛ
be.good =ᴄᴏЅ
3ᴀᴜɢ1 teach PᴅꞮƦ.HITHER =3ᴀᴜɢIA
ᴅᴇᴍ2.ᴅɪѕᴛ
ѕᴜʙʀ
ᴘᴄꜰʟ.rsbl
ᴅᴀᴛ =1ᴍꞮɴII
USA,.AMERICA
because
CRACKER
ɴᴍʟᴢ1 return ɴᴍʟᴢ.ᴘᴄꜰʟ PᴅꞮƦ.HITHER =1ᴍꞮɴI.ᴄᴍʙ
speaking
back.part =3ᴍꞮɴII
hear =2ᴍꞮɴI
thing
ᴘꜰᴠ
only.one
coconut
ᴘꜰᴠ
none.at.all
ᴘꜰᴠ
those
because
desire =3ᴍꞮɴIA
time
ꞮƦƦ ᴄᴀᴜЅ dry ᴛƦ ᴀᴘᴘʟ =3ᴀᴜɢII
ᴅᴇᴍ2.ᴅɪѕᴛ
and
and
monk
wave
be.schooled
ѕᴜʙʀ
miracle
Ʀʟ said WHISPERINGLY =ᴄᴏЅ PᴅꞮƦ.YON =3ᴍꞮɴIA
Natqgu
ᴅᴀᴛ =3ᴍꞮɴII
cross
way
make ᴛƦ =1ᴀᴜɢI
know PᴅꞮƦ.YON =3ᴍꞮɴIA
ᴅᴇᴍ2.ᴅɪѕᴛ
fish.hook
be.sick ᴛƦ always =3ᴍꞮɴIA
travel GᴅꞮƦ.OUT PᴅꞮƦ.YON =1ᴀᴜɢI
Ʀʟ see =ᴄᴏЅ =3ᴍꞮɴIA
man
ᴍꞮᴅ say PᴅꞮƦ.HITHER =3ᴍꞮɴIA
ᴘᴄꜰʟ.rsbl =3ᴀᴜɢII
miracle
first
Alankaula
maybe;.I.think
fire
time
say also .BZ(PDIR.YON)=O(1MINI)
Pa'lz
know =12ᴀᴜɢI
stay GᴅꞮƦ.UP also PᴅꞮƦ.YON =3ᴍꞮɴIS
Tzlede
ᴄᴏᴍ.
be.good =ᴄᴏЅ
little
and
ancestral.line
travel =1ᴍꞮɴI
ɴᴍʟᴢ1 ᴄᴀᴜЅ travel PᴅꞮƦ.YON =3ᴀᴜɢIA
day
ᴄᴏᴍ.
writing
ꞮƦƦ be.good =3ᴍꞮɴIS
ᴅᴇᴍ2.ᴅɪѕᴛ
CAMP
child
behind
ᴄᴀᴜЅ stand GᴅꞮƦ.UP ᴀᴘᴘʟ
return PᴅꞮƦ.HITHER
bush
shore
ѕᴜʙʀ
and
chapter
ᴅᴇᴍ2.ᴅɪѕᴛ
see ꞮɴᴛЅ PᴅꞮƦ.HITHER
Ʀʟ fall =ᴄᴏЅ
ɴᴍʟᴢ1 help =ᴄᴏЅ also =3ᴀᴜɢIA
a
ᴅᴇᴍ2.ᴅɪѕᴛ
man
friend =1ᴍꞮɴII ᴘʟ
because
man
ɴᴍʟᴢ1 ᴍꞮᴅ say =3ᴀᴜɢIA
pastor
ɴᴍʟᴢ1 feel.sad ᴛƦ ꞮɴᴛЅ ɴᴍʟᴢ.ᴘᴄꜰʟ
USA,.AMERICA
day
captain
Ʀʟ spear =ᴄᴏЅ =1ᴍꞮɴI
a
ᴅᴇᴍ2.ᴅɪѕᴛ
Ncnia
father =1ᴍꞮɴII
and
ᴅᴇᴍ2.ᴅɪѕᴛ
ᴄᴏᴍ.
manioc
again
CAMP
foot =3ᴍꞮɴII
ᴛᴘɴʏᴍ
village
thing
doctor
a
ѕᴜʙʀ
fly PᴅꞮƦ.YON =3ᴍꞮɴIA
mountain
begin GᴅꞮƦ.IN =1ᴍꞮɴI
day
WHAT
ɢᴇɴ1ᴀ
ᴘᴄꜰʟ.ʙ&ɢ =1ᴀᴜɢII
ship
Jesus
image
ᴄᴏᴍ.
stay GᴅꞮƦ.UP also PᴅꞮƦ.YON =3ᴍꞮɴIS
ᴘᴄꜰʟ.inherent =3ᴍꞮɴII
all
ɴᴍʟᴢ1 be =ᴄᴏЅ ɴᴍʟᴢ.ᴘᴄꜰʟ =1ᴀᴜɢII
Ʀʟ comfort =ᴄᴏЅ =3ᴍꞮɴIA
Ʀʟ.3ᴀᴜɢ ask ᴛƦ =ᴄᴏЅ PᴅꞮƦ.YON =3ᴀᴜɢIA
there =ᴄᴏЅ
those
ᴅᴇᴍ2.ᴅɪѕᴛ
ᴘᴀЅ chop ᴛƦ ꞮɴᴛЅ ꞮɴᴛЅ
school
and
and
point GᴅꞮƦ.UP PᴅꞮƦ.HITHER =3ᴍꞮɴIA
ᴄᴏᴍ.
bush
and
bludgeon
3ᴀᴜɢ1 ᴍꞮᴅ say PᴅꞮƦ.YON
demon ᴘʟ
sick also ᴀᴘᴘʟ
ɴᴇɢ know =1ᴍꞮɴI ɴᴇɢ
ꞮƦƦ go ꞮɴᴛЅ
ᴀᴘᴘʟ =1ᴀᴜɢII
3ᴀᴜɢ1 carry GᴅꞮƦ.UP again =3ᴀᴜɢIA
head =1ᴍꞮɴII
ѕᴜʙʀ
ᴀᴄᴄ =1ᴍꞮɴII
insides
ᴘꜰᴠ
word
hear PᴅꞮƦ.YON =1ᴀᴜɢI
doctor
name =3ᴍꞮɴII
year
so.then
Jesus
ᴅᴇᴍ2.ᴅɪѕᴛ
Ʀʟ take PᴅꞮƦ.HITHER =3ᴍꞮɴIA
child
ᴀᴄᴄ =1ᴍꞮɴII
back.part =3ᴍꞮɴII
Ʀʟ finish GᴅꞮƦ.IN afterward PᴅꞮƦ.HITHER
ᴘᴄꜰʟ.hand =3ᴀᴜɢII
image
village
those
alphabet
breadfruit
there
garden
word =3ᴍꞮɴII
be.1ᴀᴜɢII
grandfather =1ᴍꞮɴII
3ᴀᴜɢ1 throw GᴅꞮƦ.DOWN ᴀᴘᴘʟ =3ᴀᴜɢII
ѕᴜʙʀ
ST..THOMAS
and
ᴘꜰᴠ
be.1ᴀᴜɢII
ɢᴇɴ1ᴀ
and
there
collect ʀᴇꜰʟ ꞮɴᴛЅ =1ᴀᴜɢI
wave
ᴄᴏᴍ.
seems
town
spirit
be.1ᴀᴜɢII
image
wind
ᴘꜰᴠ
ɪᴘꜰᴠ
ꞮƦƦ be =ᴄᴏЅ
Aijz
Ʀʟ take PᴅꞮƦ.HITHER =3ᴍꞮɴIA
single.house
and
Ʀʟ.3ᴀᴜɢ hire ᴛƦ ᴀᴘᴘʟ =3ᴍꞮɴII
see GᴅꞮƦ.UP =1ᴀᴜɢI
mountain
and
ѕᴜʙʀ
some
ship
ᴍꞮᴅ say =3ᴍꞮɴIA
ALMOST
ѕᴜʙʀ
and
one
house
sick ꞮɴᴛЅ much =ᴄᴏЅ =3ᴍꞮɴIA
ᴅᴀᴛ =3ᴍꞮɴII
Ʀʟ ᴍꞮᴅ say =ᴄᴏЅ PᴅꞮƦ.HITHER
ᴅᴇᴍ2.ᴅɪѕᴛ
child
ᴅᴇᴍ2.ᴅɪѕᴛ
ᴍꞮᴅ say .BZ(PDIR.YON)=O(1MINI)
ɴᴍʟᴢ1 ᴍꞮᴅ put ᴀᴘᴘʟ PᴅꞮƦ.YON
adze
and
those
ꞮƦƦ go FOLLOW ꞮɴᴛЅ just =1ᴀᴜɢI
be.1ᴀᴜɢII
wave
ѕᴜʙʀ
3ᴀᴜɢ1 ᴍꞮᴅ say PᴅꞮƦ.HITHER
and
ᴘᴄꜰʟ.hand =3ᴀᴜɢII
ᴄᴏᴍ.
big ꞮɴᴛЅ GᴅꞮƦ.OUT
that.of =3ᴀᴜɢII
ɢᴇɴ1ᴀ
here
ѕᴜʙʀ
ɢᴇɴ1ᴀ
people
village
night
there
and
group
or
and
begin GᴅꞮƦ.IN =1ᴀᴜɢI
and
there
break =3ᴍꞮɴIA
ᴘᴄꜰʟ.hand =3ᴍꞮɴII
morning
ᴅᴇᴍ2.ᴅɪѕᴛ
year
there
moon.
ᴘᴄꜰʟ.rsbl =3ᴍꞮɴII ᴘʟ
say GᴅꞮƦ.UP PᴅꞮƦ.YON =3ᴍꞮɴIA
house
ᴘꜰᴠ
rope
Bokapwr
ѕᴜʙʀ
ᴅᴇᴍ2.ᴅɪѕᴛ
ѕᴜʙʀ
school
ᴅᴇᴍ2.ᴅɪѕᴛ
be =1ᴍꞮɴI
food
ѕᴜʙʀ
ᴘᴄꜰʟ.hand =3ᴀᴜɢII
priest
ѕᴜʙʀ
bush
dance
there
where
ᴅᴇᴍ2.ᴅɪѕᴛ
ᴘᴄꜰʟ.drink =3ᴍꞮɴII
Ʀʟ stand
ѕᴜʙʀ
ꞮƦƦ feel.sad ᴀᴘᴘʟ
those
only
there
child
ѕᴜʙʀ
thing ᴅᴇᴍ1.ᴅɪѕᴛ
old.man
ɢᴇɴ1ᴀ
and
stick
ngalinut
group
Ʀʟ ask ᴛƦ =ᴄᴏЅ PᴅꞮƦ.YON =1ᴀᴜɢI
stone
ᴅᴇᴍ2.ᴅɪѕᴛ
head
ᴅᴇᴍ2.ᴅɪѕᴛ
school
war
night
ᴘꜰᴠ
a
mountain
plant ᴛƦ =1ᴀᴜɢI
ѕᴜʙʀ
ᴅᴇᴍ1.ᴅɪѕᴛ
ᴏƦᴅ three
mind =3ᴍꞮɴII
3ᴀᴜɢ1 pray ᴀᴘᴘʟ PᴅꞮƦ.YON
and
Ʀʟ go UᴅꞮƦ.PATH GᴅꞮƦ.OUT
Daniel
ᴘꜰᴠ
ꞮƦƦ go =3ᴍꞮɴIS
dat=1augII
ѕᴜʙʀ one
piece.of.wood
child
ᴘꜰᴠ
go PᴅꞮƦ.YON
ɴᴍʟᴢ1 ᴍꞮᴅ squeeze ᴀᴘᴘʟ
ѕᴜʙʀ one
and
ꞮƦƦ be
ѕᴜʙʀ
doctor
ᴅᴀᴛ =3ᴀᴜɢII
Ʀʟ.3ᴀᴜɢ speak ᴀᴘᴘʟ =ᴄᴏЅ PᴅꞮƦ.HITHER =3ᴀᴜɢIA
do.not
but
ѕᴜʙʀ
Ʀʟ return =ᴄᴏЅ again =1ᴍꞮɴI
ѕᴜʙʀ
ᴛᴘɴʏᴍ
ɴᴍʟᴢ1 travel ɴᴍʟᴢ.ᴘᴄꜰʟ PᴅꞮƦ.HITHER
ɴᴇɢ be PROGRESSIVE true =ᴄᴏЅ =1ᴀᴜɢI ɴᴇɢ
ᴘꜰᴠ
cloth
ᴘꜰᴠ
Ʀʟ say .BZ(PDIR.YON)=O(1MINI)
these
be.1ᴀᴜɢII
be.3ᴀᴜɢII.
water
name =3ᴍꞮɴII
and
ɴᴍʟᴢ1 ᴍꞮᴅ be ᴘᴄꜰʟ.hand ɴᴍʟᴢ.ᴘᴄꜰʟ =3ᴍꞮɴII
year
place
3ᴀᴜɢ1 be.schooled ꞮɴᴛЅ =3ᴀᴜɢIS
truck
ѕᴜʙʀ
back.part =3ᴍꞮɴII
eye =3ᴍꞮɴII
Mzdxmingr.village
ѕᴜʙʀ
ᴅᴇᴍ2.ᴅɪѕᴛ
mind
eye =1ᴍꞮɴII
there
ѕᴜʙʀ big
ѕᴜʙʀ
priest
and
man
a
rope
time
chicken;.bird
and
ѕᴜʙʀ big
ᴘꜰᴠ
again
and
ᴄᴀᴜЅ return =2ᴍꞮɴI
play =2ᴀᴜɢI
Ʀʟ cry much =ᴄᴏЅ =1ᴀᴜɢI
Ʀʟ see =ᴄᴏЅ =1ᴍꞮɴI
dat=2minII
return ꞮɴᴛЅ =ᴄᴏЅ
person
ᴘꜰᴠ
miracle
people
ᴀᴄᴄ =1ᴍꞮɴII
afterward =3ᴍꞮɴIS
and
night
3ᴀᴜɢ1 hear PᴅꞮƦ.YON
and
those
cold =3ᴍꞮɴIA
ship
ᴅᴇᴍ2.ᴅɪѕᴛ
and
ᴘꜰᴠ
those
ꞮƦƦ sleep ᴀᴘᴘʟ
and
Ʀʟ be.in.pieces ꞮɴᴛЅ GᴅꞮƦ.OUT
ɢᴇɴ1ᴀ =3ᴍꞮɴII
time =3ᴍꞮɴII
man
people
Ʀʟ cold =ᴄᴏЅ
be.schooled
year
ᴅᴇᴍ2.ᴅɪѕᴛ
Ʀʟ arrive ᴀᴘᴘʟ 2ᴍꞮɴII
3ᴀᴜɢ1 wake.up
ѕᴜʙʀ
ᴅᴇᴍ2.ᴅɪѕᴛ
Ʀʟ hurry GᴅꞮƦ.OUT =ᴄᴏЅ =1ᴀᴜɢI
Ʀʟ take =ᴄᴏЅ PᴅꞮƦ.YON =3ᴍꞮɴIA
ᴀᴛ.фɴᴛ.ᴘʟ.ᴘʟ
Ʀʟ.3ᴀᴜɢ ᴍꞮᴅ make ᴀᴘᴘʟ =ᴄᴏЅ =3ᴀᴜɢIS
Simon
ѕᴜʙʀ
be.1ᴀᴜɢII
because
be.3ᴀᴜɢII.
towel
but
again
eye =3ᴍꞮɴII
his.nose =3ᴍꞮɴII
ᴅᴇᴍ1.ᴘʀᴏχ
but
go =3ᴍꞮɴII
ᴘᴀЅ restrict ᴀᴘᴘʟ
ashes ɢᴇɴ1ᴀ
letter
Menckzpo
group =3ᴍꞮɴII
ѕᴜʙʀ
and
ᴄᴏᴍ.
ɴᴍʟᴢ1 smoke ɴᴍʟᴢ.ᴘᴄꜰʟ =3ᴍꞮɴII
stay GᴅꞮƦ.DOWN also PᴅꞮƦ.HITHER
ᴄᴏᴍ.
doctor
and
ѕᴜʙʀ
hillside;.hill
Ʀʟ wait ᴀᴘᴘʟ =1ᴍꞮɴII
water
ᴅᴇᴍ2.ᴅɪѕᴛ
none.;.lack;.none
there.it.is
so.then
reach PᴅꞮƦ.HITHER =3ᴍꞮɴIA
vowel
Ʀʟ go =ᴄᴏЅ =1ᴀᴜɢI
Ʀʟ be =STILL
put ꞮɴᴛЅ .BZ(PDIR.YON)=O(1MINI)
rip ᴛƦ =ᴄᴏЅ
ᴅᴇᴍ2.ᴅɪѕᴛ
ɴᴍʟᴢ1 hire ᴛƦ also =3ᴀᴜɢIA
and
ᴘᴄꜰʟ.hand =1ᴀᴜɢII
but
neck =1ᴀᴜɢII
ѕᴜʙʀ right
top
ꞮƦƦ leave =ᴄᴏЅ =3ᴀᴜɢIA
Ʀʟ say =.MQ(PDIR.HITHER)=Q(2MINI)
see PᴅꞮƦ.YON =1ᴀᴜɢI
this
ѕᴜʙʀ
father =1ᴍꞮɴII
and
ᴅᴇᴍ2.ᴅɪѕᴛ
ᴅᴇᴍ1.ᴅɪѕᴛ
be.3ᴀᴜɢII.
big
doctor
because
a
cross
a
time
mother.aunt
and
ᴅᴇᴍ2.ᴅɪѕᴛ
house
ᴅᴀᴛ =1ᴍꞮɴII
there
ᴘꜰᴠ
quite.short
ɴᴍʟᴢ1 take ᴀᴘᴘʟ GᴅꞮƦ.UP ɴᴍʟᴢ.ᴘᴄꜰʟ
think ᴛƦ
ᴘᴄꜰʟ.ʙ&ɢ =3ᴀᴜɢII
ᴅᴇᴍ1.ᴅɪѕᴛ
houseboy
sacrifice
again
place
school
quickly;.quick
ᴅᴇᴍ2.ᴅɪѕᴛ
people
see =1ᴍꞮɴI =3ᴍꞮɴIIP
year
Ʀʟ.3ᴀᴜɢ go.over UᴅꞮƦ.PATH GᴅꞮƦ.DOWN =ᴄᴏЅ PᴅꞮƦ.HITHER =3ᴀᴜɢIA
ᴀᴛ.фɴᴛ.ᴘʟ.ᴘʟ
HOG.PLUM.FRUIT
and
ᴅᴇᴍ2.ᴅɪѕᴛ
ɢᴇɴ1ᴀ
those
because
finish ᴅᴘᴠ ꞮɴᴛЅ GᴅꞮƦ.OUT
food
ѕᴜʙʀ
ꞮƦƦ see =3ᴍꞮɴIA
vowel
and
shore
ᴘᴄꜰʟ.hand =1ᴀᴜɢII
wind
morning
child
ѕᴜʙʀ
road
year
ѕᴜʙʀ
ѕᴜʙʀ
ɴᴍʟᴢ1 make ɴᴍʟᴢ.ᴘᴄꜰʟ
village
NEW.ZEALAND
word
year
people
priest
a
man
ᴄᴏᴍ.
man
ᴛᴘɴʏᴍ
hospital
village
one
CAMP
school
be.3ᴀᴜɢII.
but
first
3ᴀᴜɢ1 marry =3ᴀᴜɢIS
child
cross
breadfruit
evening
ᴅᴇᴍ2.ᴅɪѕᴛ
those
be
mountain
Nea
Ʀʟ go.out =ᴄᴏЅ ᴀᴘᴘʟ =3ᴍꞮɴII
island
speak UᴅꞮƦ.PATH PᴅꞮƦ.HITHER =3ᴍꞮɴIA
so.then
and
tree
image
Ʀʟ.3ᴀᴜɢ sing.happily.about =ᴄᴏЅ
ᴅᴀᴛ =1ᴍꞮɴII
wind
tree
ᴅᴇᴍ2.ᴅɪѕᴛ
ɴᴍʟᴢ1 worship ɴᴍʟᴢ.ᴘᴄꜰʟ =3ᴀᴜɢII
Ʀʟ speak UᴅꞮƦ.PATH PᴅꞮƦ.HITHER
but
Ʀʟ.3ᴀᴜɢ steal PᴅꞮƦ.YON =3ᴀᴜɢIA
ɴᴍʟᴢ1 watch hidden =1ᴀᴜɢI
these
and
pig
umbrella
house
ᴛᴘɴʏᴍ
and
and
or
there
female
star
house
enemy
only
time
these
ᴅᴇᴍ2.ᴅɪѕᴛ
demon
and
child
child
be.3ᴀᴜɢII.
first
thing
ɢᴇɴ1ᴀ
3ᴀᴜɢ1 find GᴅꞮƦ.OUT =3ᴀᴜɢIA
ᴘꜰᴠ
hole
ᴅᴇᴍ1.ᴅɪѕᴛ
tail
fish
ɢᴇɴ1ᴀ =3ᴍꞮɴII
mountain
awaken PᴅꞮƦ.HITHER =1ᴍꞮɴI
day
Ʀʟ finish =ᴄᴏЅ
Ʀʟ.3ᴀᴜɢ sing.praises ꞮɴᴛЅ GᴅꞮƦ.DOWN =ᴄᴏЅ =3ᴀᴜɢIA
time
wind
there
tsunami
ᴍꞮᴅ say PᴅꞮƦ.HITHER =3ᴍꞮɴIA
start
ɴᴍʟᴢ1 fish ɴᴍʟᴢ.ᴘᴄꜰʟ =3ᴍꞮɴII
time
those
and
doctor
things.of
market
ᴅᴇᴍ2.ᴅɪѕᴛ
church.building
ɴᴍʟᴢ1 reach PᴅꞮƦ.HITHER =3ᴀᴜɢIA
Ʀʟ.3ᴀᴜɢ throw.away ᴀᴘᴘʟ
those
go PᴅꞮƦ.HITHER =3ᴍꞮɴIS
ᴀᴄᴄ =1ᴍꞮɴII
road
Ʀʟ.3ᴀᴜɢ hurry UᴅꞮƦ.PATH =ᴄᴏЅ PᴅꞮƦ.YON =3ᴀᴜɢIA
because
ɢᴇɴ1ᴀ
ᴘᴄꜰʟ.rsbl =1ᴍꞮɴII ᴘʟ
ᴘꜰᴠ
ɴᴍʟᴢ1 ᴍꞮᴅ smoke near GᴅꞮƦ.IN ɴᴍʟᴢ.ᴘᴄꜰʟ =1ᴀᴜɢII
those
head
ᴅᴇᴍ1.ᴅɪѕᴛ
because
be.schooled
there
needlefish
all
travel PᴅꞮƦ.HITHER
yam
ᴘꜰᴠ
and
Ʀʟ go GᴅꞮƦ.IN =ᴄᴏЅ =1ᴀᴜɢI
ɢᴇɴ1ᴀ =3ᴍꞮɴII
and
go
ꞮƦƦ go first .BZ(PDIR.YON)=O(1MINI)
people
Malay.apple
ɴᴍʟᴢ1 stand GᴅꞮƦ.DOWN ɴᴍʟᴢ.ᴘᴄꜰʟ PᴅꞮƦ.HITHER =1ᴀᴜɢII
ꞮƦƦ give .BZ(PDIR.YON)=O(1MINI)
ᴘꜰᴠ
ᴘᴄꜰʟ.rsbl =3ᴀᴜɢII ᴘʟ
ꞮƦƦ give PᴅꞮƦ.YON
and
name =3ᴍꞮɴII
rain
ѕᴜʙʀ
dance.stick
water
and
tree
ɢᴇɴ1ᴀ
what
Ʀʟ cry =ᴄᴏЅ =3ᴍꞮɴIS
ᴘꜰᴠ
break
and
be.1ᴀᴜɢII
ship
and
Ʀʟ go GᴅꞮƦ.IN =ᴄᴏЅ .BZ(PDIR.YON)=O(1MINI)
thing
because
ɢᴇɴ1ᴀ
ѕᴜʙʀ
basket.without.sides
ɴᴍʟᴢ1 ᴄᴀᴜЅ eat ѕᴜʙʀ holy ɴᴍʟᴢ.ᴘᴄꜰʟ =3ᴍꞮɴII
sister.of.female
bad
Ʀʟ lay,.recline ALONG =3ᴍꞮɴIA
year
USA,.AMERICA
manioc
group
sickness
ᴄᴏᴍ.
Ʀʟ ᴍꞮᴅ say =ᴄᴏЅ PᴅꞮƦ.HITHER
eye =3ᴍꞮɴII
ᴅᴇᴍ1.ᴘʀᴏχ
Ʀʟ.3ᴀᴜɢ ᴄᴀᴜЅ make GᴅꞮƦ.IN =ᴄᴏЅ =3ᴀᴜɢIA
go PᴅꞮƦ.HITHER =3ᴍꞮɴIA
Ʀʟ one ꞮɴᴛЅ GᴅꞮƦ.IN .BZ(PDIR.YON)=O(1MINI)
ᴛᴘɴʏᴍ
Lrlvz
ꞮƦƦ be
be.2ᴍɪɴII
ᴘꜰᴠ
wind
monk
ѕᴜʙʀ big
these
year
take ꞮɴᴛЅ .BZ(PDIR.YON)=O(1MINI)
ѕᴜʙʀ big
ѕᴜʙʀ little ꞮɴᴛЅ
ᴅᴇᴍ2.ᴅɪѕᴛ
place
be.good
year
ᴘᴄꜰʟ.ʙ&ɢ
Ʀʟ find afterward =1ᴀᴜɢI
ᴘᴄꜰʟ.hand =3ᴀᴜɢII
ɢᴇɴ1ᴀ
and
go really ꞮɴᴛЅ
LIVERS.COMPANY
father =1ᴍꞮɴII
ɴᴍʟᴢ1 stand =ᴄᴏЅ PᴅꞮƦ.YON
ᴘꜰᴠ
3ᴀᴜɢ1 live,.stay hidden =3ᴀᴜɢIS
ᴘᴄꜰʟ.hand =3ᴍꞮɴII
be
ᴘᴄꜰʟ.hand =3ᴍꞮɴII
Фɴᴛ.ᴘʟ
and
ᴅᴇᴍ2.ᴅɪѕᴛ
son =2ᴍꞮɴII
be.schooled
ᴘᴄꜰʟ.ʙ&ɢ
be
ꞮƦƦ complete ɴᴍʟᴢ.ᴘᴄꜰʟ =1ᴍꞮɴII
ᴀᴄᴄ =1ᴍꞮɴII
ᴅᴇᴍ2.ᴅɪѕᴛ
child
none.;.lack;.none
ᴘᴄꜰʟ.hand =12ᴀᴜɢII
village
Baddeley
Ʀʟ exclaimed ᴀᴘᴘʟ =1ᴍꞮɴI
be.3ᴀᴜɢII.
only
that.one
Ʀʟ stop afterward =1ᴀᴜɢI
and
ᴅᴇᴍ1.ᴘʀᴏχ
ѕᴜʙʀ
ᴘꜰᴠ
meet ᴀᴘᴘʟ =1ᴀᴜɢII
ѕᴜʙʀ 3ᴀᴜɢ1 big
do.not
and
kerosene
what
so.then
point.of.land;.point;.point
3ᴀᴜɢ1 go PᴅꞮƦ.HITHER =3ᴀᴜɢIS
brother.of.a.female =3ᴍꞮɴII
ѕᴜʙʀ
SANTA.CRUZ
ᴅᴇᴍ2.ᴅɪѕᴛ
ᴘᴄꜰʟ.ʙ&ɢ =1ᴀᴜɢII
ѕᴜʙʀ
ᴘᴀЅ tie. UᴅꞮƦ.ACROSS ᴀᴘᴘʟ =3ᴍꞮɴII
those
ᴘꜰᴠ
ѕᴜʙʀ
NMLZ overgrown
those
a
ѕᴜʙʀ
ᴅᴇᴍ2.ᴅɪѕᴛ
be.1ᴀᴜɢII
go GᴅꞮƦ.IN PᴅꞮƦ.YON =3ᴍꞮɴIA
ɴᴍʟᴢ1 ᴍꞮᴅ remove ɴᴍʟᴢ.ᴘᴄꜰʟ =3ᴍꞮɴII
so.then
and
ᴘᴄꜰʟ.ʙ&ɢ
ᴀᴄᴄ =1ᴍꞮɴII
those
ᴅᴇᴍ2.ᴅɪѕᴛ
because
sleep ᴀᴘᴘʟ =1ᴀᴜɢII
Daniel
ᴘᴄꜰʟ.drink =3ᴀᴜɢII
ѕᴜʙʀ four
those
ѕᴜʙʀ
3ᴀᴜɢ1 help =ᴄᴏЅ =3ᴀᴜɢIA
and
ᴘꜰᴠ
man
ɴᴍʟᴢ1 defecate ɴᴍʟᴢ
Ʀʟ go =1ᴀᴜɢI
STORE
a
be.1ᴀᴜɢII
man
medicine
image
mother.aunt =1ᴀᴜɢII
Melomate
a
ѕᴜʙʀ big
house
year
Ʀʟ.3ᴀᴜɢ go GᴅꞮƦ.OUT =ᴄᴏЅ PᴅꞮƦ.YON =3ᴀᴜɢIS
leader
both =2ᴀᴜɢII
bag
Ʀʟ go =ᴄᴏЅ .BZ(PDIR.YON)=O(1MINI)
be.schooled
ᴅᴇᴍ2.ᴅɪѕᴛ
they.here
Ʀʟ.3ᴀᴜɢ buy ᴀᴘᴘʟ =3ᴀᴜɢII
ᴅᴀᴛ =3ᴍꞮɴII
3ᴀᴜɢ1 teach GᴅꞮƦ.IN =3ᴀᴜɢIS
home
sickness
ᴅᴇᴍ2.ᴅɪѕᴛ
ᴅᴇᴍ1.ᴘʀᴏχ ᴘʟ
mountain
and
ᴅᴇᴍ2.ᴅɪѕᴛ
and
father =3ᴀᴜɢII
these
different ᴘʟ
spear
priest
time
Malay.apple ᴘᴄꜰʟ.drink =1ᴍꞮɴII
ALL.SAINTS
there
manioc
and
ᴅᴇᴍ2.ᴅɪѕᴛ
Ʀʟ shake;.rough =STILL
sea
tree
money
Menabz
ɴᴇɢ feel.sad also ɴᴇɢ
leader
ѕᴜʙʀ
breadfruit
there
boat
side
be.in.pieces ꞮɴᴛЅ GᴅꞮƦ.OUT =ᴄᴍᴘʟ
ѕᴜʙʀ
Malay.apple
ᴅᴇᴍ1.ᴅɪѕᴛ
those
ᴅᴇᴍ1.ᴘʀᴏχ
ѕᴜʙʀ
evening
ɢᴇɴ1ᴀ
Ʀʟ shoot
ᴅᴇᴍ2.ᴅɪѕᴛ
father =1ᴀᴜɢII ᴘʟ
moon.
a
ᴍꞮᴅ say PᴅꞮƦ.HITHER =3ᴍꞮɴIA
ᴘꜰᴠ
Ʀʟ climb ᴀᴘᴘʟ =2MINᵢ =3ᴍꞮɴIA
place
Ʀʟ paddle ᴀᴘᴘʟ first PᴅꞮƦ.YON =1ᴀᴜɢI
who
GRACIOSA.BAY
ѕᴜʙʀ
ᴘꜰᴠ
stay
because
a
year
ᴍꞮᴅ say GᴅꞮƦ.DOWN PᴅꞮƦ.YON =3ᴍꞮɴIA
ѕᴜʙʀ big
ᴍꞮᴅ say PᴅꞮƦ.HITHER =3ᴍꞮɴIA
child
Natqgu
be.2ᴍɪɴII
ѕᴜʙʀ
village
ѕᴜʙʀ bent GᴅꞮƦ.OUT PᴅꞮƦ.HITHER
ᴛᴘɴʏᴍ
father =1ᴍꞮɴII
be ᴛƦ =1ᴍꞮɴI
there
time
song ѕᴜʙʀ holy
so.that
so.then
priest
ɴᴍʟᴢ1 know =3ᴀᴜɢIA
ᴄᴏᴍ.
ᴘꜰᴠ
house
Ʀʟ see =ᴄᴏЅ PᴅꞮƦ.YON =1ᴀᴜɢI
because
be.1ᴀᴜɢII
time
village
ᴅᴇᴍ2.ᴅɪѕᴛ
ᴘꜰᴠ
and
ᴘᴄꜰʟ.ʙ&ɢ
ᴘᴀЅ whip only =3ᴀᴜɢIS
stand GᴅꞮƦ.IN PᴅꞮƦ.HITHER =3ᴍꞮɴIS
ACC.2augᵢᵢ
ɴᴍʟᴢ1 ᴍꞮᴅ say GᴅꞮƦ.UP ɴᴍʟᴢ.ᴘᴄꜰʟ PᴅꞮƦ.YON
ᴘꜰᴠ
ɴᴍʟᴢ1 make ᴠƦ
and
book
ɴᴍʟᴢ1 feel.sad ɴᴍʟᴢ.ᴘᴄꜰʟ
ship ѕᴜʙʀ fly
highest.level.in.law =1ᴍꞮɴII
ᴛᴘɴʏᴍ
and
demon
sickness
ᴅᴇᴍ2.ᴅɪѕᴛ
Ʀʟ ᴍꞮᴅ say =ᴄᴏЅ PᴅꞮƦ.HITHER
portion
ᴘꜰᴠ
and
Ʀʟ be
none.;.lack;.none
ᴀᴄᴄ =1ᴍꞮɴII
doctor
be.3ᴍɪɴII
ᴛᴘɴʏᴍ
pig
how
ѕᴜʙʀ
ᴘꜰᴠ
ɴᴍʟᴢ1 make ᴠƦ
Jesus
be.3ᴀᴜɢII.
ᴅᴇᴍ2.ᴅɪѕᴛ
Mwelea
day
female
ᴀᴄᴄ =1ᴍꞮɴII
ᴅᴀᴛ =3ᴍꞮɴII
there
what
take PᴅꞮƦ.YON
these
things.of
torch
Ʀʟ dispatch =ᴄᴏЅ PᴅꞮƦ.HITHER =3ᴍꞮɴIA
ѕᴜʙʀ
shoot
people
those
no
or
government.(E)
ɴᴇɢ ᴘᴄꜰʟ.food reach PᴅꞮƦ.HITHER =3ᴍꞮɴIA ɴᴇɢ
man
Ʀʟ sink.down GᴅꞮƦ.DOWN =ᴄᴏЅ
ѕᴜʙʀ
there
writing
ɴᴍʟᴢ1 empty ɴᴍʟᴢ.ᴘᴄꜰʟ =3ᴍꞮɴII
MRNZQ.VIL
those
those
be.1ᴀᴜɢII
house
tell ᴛƦ true PᴅꞮƦ.HITHER =2ᴀᴜɢI
ɴᴍʟᴢ1 ply.trade ɴᴍʟᴢ.ᴘᴄꜰʟ =3ᴍꞮɴII
Natqgu
ɴᴍʟᴢ1 be.schooled ɴᴍʟᴢ.ᴘᴄꜰʟ
ꞮƦƦ go =3ᴍꞮɴIS
and
Mark
ɴᴍʟᴢ1 go ɴᴍʟᴢ.ᴘᴄꜰʟ PᴅꞮƦ.HITHER
ᴅᴇᴍ2.ᴅɪѕᴛ
because
ᴅᴇᴍ2.ᴅɪѕᴛ
and
just
ɢᴇɴ1ᴀ =3ᴍꞮɴII
leave PᴅꞮƦ.HITHER =1ᴀᴜɢII
be.3ᴀᴜɢII.
house
boat
and
ᴘꜰᴠ
ᴅᴇᴍ2.ᴅɪѕᴛ
Sunday
ᴍꞮᴅ say PᴅꞮƦ.YON
bush
ꞮƦƦ help =1ᴍꞮɴI
those
ɴᴍʟᴢ1 be.difficult ɴᴍʟᴢ.ᴘᴄꜰʟ PᴅꞮƦ.YON
and
king.tree.fruit
and
Sunday
be.schooled
day
ѕᴜʙʀ big
ᴅᴀᴛ =3ᴍꞮɴII
work ꞮɴᴛЅ just =1ᴀᴜɢI
but
or
ѕᴜʙʀ
story
market
design
ᴅᴇᴍ2.ᴅɪѕᴛ
house
ᴅᴇᴍ2.ᴅɪѕᴛ
day
ᴅᴇᴍ1.ᴅɪѕᴛ
SOUTHERN.CROSS
ᴅᴇᴍ2.ᴅɪѕᴛ
Mzdxmingr.village
ᴘꜰᴠ
want ꞮɴᴛЅ much
those
sea.swell
peacemaker
island
Joseph
priest
ᴅᴇᴍ2.ᴅɪѕᴛ
ᴅᴇᴍ1.ᴅɪѕᴛ
go PᴅꞮƦ.HITHER =3ᴍꞮɴIS
ɴᴍʟᴢ1 ᴄᴀᴜЅ leave.behind ɴᴍʟᴢ.ᴘᴄꜰʟ PᴅꞮƦ.YON =3ᴀᴜɢIA
there just
married.couple
ᴘᴄꜰʟ.hand =3ᴍꞮɴII
and
those
ᴅᴇᴍ2.ᴅɪѕᴛ
ɢᴇɴ1ᴀ =3ᴍꞮɴII
and
ɴᴍʟᴢ1 ᴍꞮᴅ grate.coconut ᴀᴘᴘʟ
Nokz
no
ѕᴜʙʀ
dat=1augII
Bznwz.vil
village
a
police
ѕᴜʙʀ
thing
thing ᴅᴇᴍ2.ᴅɪѕᴛ
rain
ѕᴜʙʀ
ɴᴇɢ finish GᴅꞮƦ.OUT actually =NOT.YET
there
ᴀᴄᴄ =1ᴍꞮɴII
hillside;.hill
a
a
a
ᴅᴇᴍ2.ᴅɪѕᴛ
ɴᴇɢ hang also ɴᴇɢ
and
a
3ᴀᴜɢ1 hear PᴅꞮƦ.HITHER =3ᴀᴜɢIA
time
child
name =3ᴍꞮɴII
piece.of.wood
ɴᴍʟᴢ1 steal ᴛƦ ɴᴍʟᴢ.ᴘᴄꜰʟ PᴅꞮƦ.YON =2ᴀᴜɢII
because
ѕᴜʙʀ
ᴍꞮᴅ say PᴅꞮƦ.HITHER =3ᴍꞮɴIA
and
those
ᴍꞮᴅ say .BZ(PDIR.YON)=O(1MINI)
area
person
shark
boat
advrs
name
Lord
ᴘꜰᴠ
first
a
Metrkrbade
pool
umbrella
doctor
ɴᴍʟᴢ1 go ɴᴍʟᴢ.ᴘᴄꜰʟ PᴅꞮƦ.HITHER
ᴄᴏᴍ.
Jesus
ѕᴜʙʀ
ᴅᴇᴍ2.ᴅɪѕᴛ
those
Ʀʟ run =ᴄᴏЅ =1ᴀᴜɢI
do.not =ᴄᴏЅ
Alankaula
ɴᴍʟᴢ1 obey ɴᴍʟᴢ.ᴘᴄꜰʟ =3ᴀᴜɢII
coconut
two;.couple
dat=3augII
Ʀʟ travel UᴅꞮƦ.PATH =ᴄᴏЅ PᴅꞮƦ.HITHER =3ᴍꞮɴIA
ʀᴘʀɴ2.ᴅᴇᴍ1.ᴘʀᴏχ
little.bit
finding
ᴅᴇᴍ2.ᴅɪѕᴛ =ᴄᴏЅ
ᴅᴇᴍ1.ᴅɪѕᴛ
and
John
cross
Ʀʟ ᴍꞮᴅ say .BZ(PDIR.YON)=O(1MINI)
these
ᴅᴇᴍ1.ᴅɪѕᴛ
ᴘᴄꜰʟ.drink =3ᴍꞮɴII
and
be.good
put PᴅꞮƦ.YON =1ᴀᴜɢI
ɴᴍʟᴢ1 take ɴᴍʟᴢ
there
ѕᴜʙʀ
ѕᴜʙʀ
mat
ᴀᴄᴄ =1ᴍꞮɴII
ᴘꜰᴠ
ᴘᴀЅ ᴍꞮᴅ say PᴅꞮƦ.YON
ѕᴜʙʀ 3ᴀᴜɢ1 big
Ʀʟ.3ᴀᴜɢ run =ᴄᴏЅ =3ᴀᴜɢIS
ᴘᴄꜰʟ.ʙ&ɢ =1ᴀᴜɢII
ѕᴜʙʀ
Narnztilolx.(village)
bishop
thank ꞮɴᴛЅ =ᴄᴏЅ
some
ᴅᴇᴍ2.ᴅɪѕᴛ
garment
those
ᴅᴇᴍ2.ᴅɪѕᴛ
there
and
child
SOCIETY
ɴᴇɢ take =1ᴍꞮɴI ɴᴇɢ
army
Ʀʟ.3ᴀᴜɢ be.like =3ᴀᴜɢIA
drag ꞮɴᴛЅ =3ᴍꞮɴII
news
Neboi
a
ѕᴜʙʀ
a
ɢᴇɴ1ᴀ
ꞮƦƦ die ᴀᴘᴘʟ =2MINᵢ
leave PᴅꞮƦ.HITHER =3ᴍꞮɴIS
Alankaula
ᴘꜰᴠ
war hidden
but
January
ship
ᴅᴇᴍ2.ᴅɪѕᴛ
and
bush
again
piece.of.wood
ᴅᴇᴍ2.ᴅɪѕᴛ
hand
ɢᴇɴ1ᴀ =3ᴍꞮɴII
those
ɴᴍʟᴢ1 make ᴠƦ
there
those
be.3ᴀᴜɢII.
Ʀʟ try =3ᴍꞮɴIA
3ᴀᴜɢ1 run =3ᴀᴜɢIA
hog.plum.tree
ɢᴇɴ1ᴀ
fly PᴅꞮƦ.YON
Ʀʟ jump UᴅꞮƦ.AWAY.FROM =1ᴀᴜɢI
ꞮƦƦ declare Ʀᴇꜰʟ
ᴅᴇᴍ2.ᴅɪѕᴛ
ᴅᴇᴍ2.ᴅɪѕᴛ
return GᴅꞮƦ.OUT 2ᴍꞮɴII =3ᴍꞮɴIA
ᴘᴄꜰʟ.ʙ&ɢ
creeper.climber
COME.ALSO
ᴘᴀЅ know GᴅꞮƦ.IN PᴅꞮƦ.YON
ɴᴍʟᴢ1 ᴍꞮᴅ carve =3ᴀᴜɢIS
ᴅᴇᴍ2.ᴅɪѕᴛ
house
ꞮƦƦ find =1ᴍꞮɴI
and
ɴᴍʟᴢ1 go GᴅꞮƦ.IN ɴᴍʟᴢ
but
go PᴅꞮƦ.YON =1ᴀᴜɢI
house
Ʀʟ.3ᴀᴜɢ search =ᴄᴏЅ
ᴘᴄꜰʟ.food =1ᴀᴜɢII
Alankaula
money
place
said again PᴅꞮƦ.HITHER =3ᴍꞮɴIA
ɴᴍʟᴢ1 pray ɴᴍʟᴢ.ᴘᴄꜰʟ PᴅꞮƦ.YON =3ᴍꞮɴIA
ᴛᴘɴʏᴍ
ᴘᴄꜰʟ.food =1ᴀᴜɢII
ᴘꜰᴠ
look PᴅꞮƦ.YON =1ᴀᴜɢI
Ʀʟ bad ᴅᴘᴠ
ꞮƦƦ cover.from.rain ᴀᴘᴘʟ .BZ(PDIR.YON)=O(1MINI)
father =1ᴀᴜɢII
ᴅᴇᴍ2.ᴅɪѕᴛ
ashes
crew
ᴅᴇᴍ2.ᴅɪѕᴛ
name =3ᴍꞮɴII
room
here
ᴅᴇᴍ2.ᴅɪѕᴛ
body =1ᴍꞮɴII
Ʀʟ go =ᴄᴏЅ =1ᴍꞮɴI
Ʀʟ go =ᴄᴏЅ again =12ᴀᴜɢI
be.3ᴀᴜɢII.
ɴᴇɢ PASS.EXAM =1ᴍꞮɴI ɴᴇɢ
where
ᴘᴀЅ restrict ᴀᴘᴘʟ
and
and
and
ᴍꞮᴅ say PᴅꞮƦ.YON
ѕᴜʙʀ
Ʀʟ eat =ᴄᴏЅ
Ʀʟ.3ᴀᴜɢ play.instrument also PᴅꞮƦ.HITHER =3ᴀᴜɢIS
CATECHIST
ɴᴍʟᴢ1 awaken ɴᴍʟᴢ.ᴘᴄꜰʟ PᴅꞮƦ.HITHER =3ᴍꞮɴIA
Auki
there
child
ᴅᴇᴍ2.ᴅɪѕᴛ =ᴄᴏЅ
house
ɢᴇɴ1ᴀ
ask again PᴅꞮƦ.HITHER
those
be.1ᴀᴜɢII
child
big
ᴅᴇᴍ2.ᴅɪѕᴛ
those
3ᴀᴜɢ1 get.up WRONG GᴅꞮƦ.UP ᴀᴘᴘʟ PᴅꞮƦ.HITHER
time
ᴅᴇᴍ2.ᴅɪѕᴛ
marvel ꞮɴᴛЅ GᴅꞮƦ.OUT =1ᴍꞮɴI
tsunami
ᴍꞮᴅ believe
torchlight
those
ѕᴜʙʀ
marry GᴅꞮƦ.DOWN =3ᴍꞮɴIS
back.part =3ᴍꞮɴII
time
ᴘꜰᴠ
ship
ᴄᴏᴍ.
ᴅᴇᴍ2.ᴅɪѕᴛ
there
lost ᴛƦ =ᴄᴏЅ =3ᴍꞮɴIA
moon.
ɴᴍʟᴢ1 fall much ɴᴍʟᴢ.ᴘᴄꜰʟ
ᴅᴇᴍ2.ᴅɪѕᴛ
Pawa.school
ɴᴍʟᴢ1 sleep ɴᴍʟᴢ
be.3ᴍɪɴII
themselves
Ʀʟ finish =ᴄᴏЅ ᴀᴘᴘʟ
ѕᴜʙʀ
breadfruit
ᴘᴄꜰʟ.ʙ&ɢ =3ᴀᴜɢII
forbid ꞮɴᴛЅ ᴀᴘᴘʟ .BZ(PDIR.YON)=O(1MINI)
brother.of.a.female =3ᴍꞮɴII ᴘʟ
a
ᴅᴇᴍ2.ᴅɪѕᴛ
chicken;.bird
ᴅᴇᴍ2.ᴅɪѕᴛ
airplane
ship
army
hole
village
ᴀᴄᴄ =1ᴍꞮɴII
child
ɴᴍʟᴢ1 marry ɴᴍʟᴢ.ᴘᴄꜰʟ =1ᴍꞮɴII
ɴᴍʟᴢ1 make ᴠƦ
Ʀʟ.3ᴀᴜɢ tell ᴛƦ =ᴄᴏЅ PᴅꞮƦ.YON =3ᴀᴜɢIA
man
day
those
this.way
3ᴀᴜɢ1 convert.s.o. =3ᴀᴜɢIA
Ʀʟ know =ᴄᴏЅ =3ᴍꞮɴIA
Ʀʟ ᴄᴀᴜЅ break.off. GᴅꞮƦ.OUT PᴅꞮƦ.HITHER =1ᴍꞮɴI
plant GᴅꞮƦ.IN =3ᴍꞮɴIA
be.good
Ʀʟ die =ᴄᴏЅ
ɴᴍʟᴢ1 jump GᴅꞮƦ.DOWN =ᴄᴏЅ also PᴅꞮƦ.HITHER
Ʀʟ travel =ᴄᴏЅ =1ᴍꞮɴI
but
same
Ʀʟ be
accompany =1ᴍꞮɴI
USA,.AMERICA
ѕᴜʙʀ
be.1ᴀᴜɢII
said again PᴅꞮƦ.YON
ᴘᴀЅ break GᴅꞮƦ.IN
3ᴀᴜɢ1 dirty =3ᴀᴜɢIS
instead
village
ѕᴜʙʀ
ɴᴇɢ be =NOT.YET PᴅꞮƦ.HITHER =3ᴍꞮɴIA
sorry
thing ᴅᴇᴍ2.ᴅɪѕᴛ
Ʀʟ travel ᴅᴘᴠ GᴅꞮƦ.IN =ᴄᴏЅ =1ᴀᴜɢI
and
there
water
ꞮƦƦ eat =1ᴀᴜɢI
village
tree
ᴅᴀᴛ =1ᴍꞮɴII
ѕᴜʙʀ
dat=1augII
miracle
child
know PᴅꞮƦ.YON =1ᴀᴜɢI
Ʀʟ see =ᴄᴏЅ =3ᴍꞮɴIA
those
pool
ᴅᴇᴍ2.ᴅɪѕᴛ
3ᴀᴜɢ1 stand GᴅꞮƦ.UP PᴅꞮƦ.HITHER
because
ᴘꜰᴠ
be.1ᴀᴜɢII
Ʀʟ ᴍꞮᴅ cross ᴛƦ =1ᴀᴜɢI
ꞮƦƦ believe =12ᴀᴜɢI
all
day
afterward =3ᴍꞮɴIS
breadfruit
sea
and
people
ѕᴜʙʀ
ᴍꞮᴅ say .BZ(PDIR.YON)=O(1MINI)
Ʀʟ eye stand =ᴄᴏЅ ᴀᴘᴘʟ =3ᴍꞮɴII
ᴅᴇᴍ2.ᴅɪѕᴛ
day
ɴᴍʟᴢ1 ᴍꞮᴅ exchange ɴᴍʟᴢ.ᴘᴄꜰʟ =1ᴍꞮɴII
Ʀʟ be
ᴅᴇᴍ2.ᴅɪѕᴛ
all
bow
ᴅᴇᴍ2.ᴅɪѕᴛ
and
child
sago.arrow
extremely.good
thing
ɴᴍʟᴢ1 be.happy ꞮɴᴛЅ much ᴀᴘᴘʟ
ᴅᴇᴍ1.ᴅɪѕᴛ
Ʀʟ say
ѕᴜʙʀ
3ᴀᴜɢ1 divide ᴛƦ GᴅꞮƦ.IN =3ᴀᴜɢIA
ᴅᴇᴍ2.ᴅɪѕᴛ
ѕᴜʙʀ
Ʀʟ stand GᴅꞮƦ.OUT ᴀᴘᴘʟ PᴅꞮƦ.HITHER
Alankaula
cross
ᴘᴄꜰʟ.inherent
wind
mind =1ᴍꞮɴII
and
fifth
ᴅᴇᴍ2.ᴅɪѕᴛ
ѕᴜʙʀ
ѕᴜʙʀ
ɢᴇɴ1ᴀ
Ʀʟ eat ᴀᴘᴘʟ =1ᴀᴜɢII
ѕᴜʙʀ
there
and
Ʀʟ be
name =3ᴍꞮɴII
ѕᴜʙʀ
ѕᴜʙʀ
father =1ᴍꞮɴII
wave
ᴘʀᴇᴘ back.part
and
ɢᴇɴ1ᴀ
be.schooled
ᴅᴇᴍ2.ᴅɪѕᴛ
time
be.1ᴀᴜɢII
ѕᴜʙʀ
so.then
ѕᴜʙʀ
ᴄᴏᴍ.
army
ship ѕᴜʙʀ fly
ɴᴍʟᴢ1 ᴍꞮᴅ remove ᴛƦ GᴅꞮƦ.OUT PᴅꞮƦ.HITHER =3ᴀᴜɢIS
and
ɴᴍʟᴢ1 flow ᴛƦ ɴᴍʟᴢ.ᴘᴄꜰʟ =3ᴍꞮɴII
dining.hall
ᴅᴇᴍ2.ᴅɪѕᴛ
AIRPLANE
island
ɢᴇɴ1ᴀ
crew
but
3ᴀᴜɢ1 go PᴅꞮƦ.HITHER =3ᴀᴜɢIS
chapter
time
know PᴅꞮƦ.YON =3ᴍꞮɴIA
famine
ᴘᴄꜰʟ.ʙ&ɢ =1ᴀᴜɢII
say PᴅꞮƦ.YON
Thomas
base =3ᴍꞮɴII
brown
ᴅᴇᴍ2.ᴅɪѕᴛ
mother.aunt =3ᴍꞮɴII
be.1ᴀᴜɢII
ɴᴇɢ be =1ᴀᴜɢI ɴᴇɢ
there
pass
government.(E)
ᴘꜰᴠ
things =3ᴀᴜɢII
wave
ɢᴇɴ1ᴀ =3ᴍꞮɴII
finished,.all.gone
name =3ᴍꞮɴII
be.1ᴀᴜɢII
3ᴀᴜɢ1 be =3ᴀᴜɢIS
house
be.like
ᴘᴄꜰʟ.rsbl =1ᴀᴜɢII
Lrlvz
ᴅᴇᴍ2.ᴅɪѕᴛ
those
monk
ᴀᴄᴄ =1ᴍꞮɴII
float
3ᴀᴜɢ1 teach PᴅꞮƦ.YON
ѕᴜʙʀ
ѕᴜʙʀ 3ᴀᴜɢ1 big
be.3ᴍɪɴII
Ʀʟ shoot GᴅꞮƦ.UP PᴅꞮƦ.HITHER
Ʀʟ be.like =3ᴍꞮɴIA
ᴘꜰᴠ
there
demon
river
ᴅᴇᴍ2.ᴅɪѕᴛ
Ʀʟ.3ᴀᴜɢ travel GᴅꞮƦ.OUT =3ᴀᴜɢIS
day
dat=1augII
ᴄᴏᴍ.
declare Ʀᴇꜰʟ
ɴᴍʟᴢ1 sick ɴᴍʟᴢ.ᴘᴄꜰʟ
Ʀʟ daylight GᴅꞮƦ.DOWN =ᴄᴏЅ
ѕᴜʙʀ
ꞮƦƦ say ꞮɴᴛЅ GᴅꞮƦ.IN again .BZ(PDIR.YON)=O(1MINI)
Ʀʟ say =ᴄᴏЅ PᴅꞮƦ.YON =3ᴍꞮɴIA
ᴄᴏᴍ.
copra =ᴄᴏЅ =1ᴀᴜɢI
dat=3augII
ᴅᴇᴍ2.ᴅɪѕᴛ
and
Nea
ѕᴜʙʀ
ѕᴜʙʀ 3ᴀᴜɢ1 dance =3ᴀᴜɢIS
ᴘᴀЅ carve ᴛƦ ᴘʟ
and
ᴅᴇᴍ2.ᴅɪѕᴛ
no
house
ᴅᴇᴍ2.ᴅɪѕᴛ
big
Sunday
here ᴘʟ
ᴀᴄᴄ =1ᴍꞮɴII
Ʀʟ take PᴅꞮƦ.HITHER =3ᴍꞮɴIA
marry ᴛƦ =3ᴍꞮɴIA
Ʀʟ call.someone =2ᴍꞮɴI
build ꞮɴᴛЅ =1ᴀᴜɢI
Ʀʟ stand GᴅꞮƦ.OUT PᴅꞮƦ.HITHER =3ᴍꞮɴIS
be =1ᴀᴜɢI
Ʀʟ ᴄᴀᴜЅ return =ᴄᴏЅ =3ᴍꞮɴIA
ᴅᴇᴍ2.ᴅɪѕᴛ
ᴅᴇᴍ1.ᴅɪѕᴛ
ᴅᴇᴍ1.ᴅɪѕᴛ
ɴᴍʟᴢ1 ᴍꞮᴅ carve ᴀᴘᴘʟ
ᴘᴄꜰʟ.hand
ɢᴇɴ1ᴀ =3ᴍꞮɴII
district
ᴅᴇᴍ2.ᴅɪѕᴛ
ѕᴜʙʀ
little
nose.shell
Ʀʟ be =ᴄᴏЅ =1ᴍꞮɴI
ᴅᴇᴍ2.ᴅɪѕᴛ
be.schooled
there.it.is
ꞮƦƦ be =ᴄᴏЅ
depart PᴅꞮƦ.YON =1ᴀᴜɢI
ѕᴜʙʀ
travel PᴅꞮƦ.HITHER
Ʀʟ angry =ᴄᴏЅ
ѕᴜʙʀ
Reef.Is
ᴘᴄꜰʟ.rsbl =3ᴍꞮɴII ᴘʟ
captain
those
ʀᴘʀɴ2.ᴅᴇᴍ4.ᴘʟ
ѕᴜʙʀ ripe
bush
body =1ᴍꞮɴII
back.part
ɴᴍʟᴢ1 steal ᴛƦ ɴᴍʟᴢ.ᴘᴄꜰʟ =1ᴀᴜɢII
again
those
ᴘᴄꜰʟ.rsbl =3ᴀᴜɢII
ɢᴇɴ1ᴀ
hospital
monk
ᴍꞮᴅ say PᴅꞮƦ.YON =1ᴀᴜɢI
ᴘᴄꜰʟ.ʙ&ɢ
Anna
Ʀʟ.3ᴀᴜɢ tie. GᴅꞮƦ.DOWN ᴀᴘᴘʟ
tree
stay,.live,.be ᴀᴘᴘʟ ᴀᴘᴘʟ
here
ɴᴍʟᴢ1 fight =1ᴀᴜɢI
ɴᴍʟᴢ1 be =ᴄᴏЅ ɴᴍʟᴢ.ᴘᴄꜰʟ =1ᴀᴜɢII
ᴅᴇᴍ2.ᴅɪѕᴛ
3ᴀᴜɢ1 fight =3ᴀᴜɢIS
3ᴀᴜɢ1 naked =3ᴀᴜɢIS
sleep ꞮɴᴛЅ =1ᴀᴜɢI
and
return PᴅꞮƦ.HITHER =1ᴀᴜɢII
ѕᴜʙʀ
ɴᴍʟᴢ1 eat ɴᴍʟᴢ
ѕᴜʙʀ
moon.
MAST
mind =1ᴍꞮɴII
a
Ʀʟ ᴍꞮᴅ say =ᴄᴏЅ PᴅꞮƦ.YON =3ᴍꞮɴIA
ѕᴜʙʀ
ɴᴍʟᴢ1 eat ɴᴍʟᴢ.ᴘᴄꜰʟ =1ᴀᴜɢII
ᴘꜰᴠ
and
thing
ᴅᴇᴍ2.ᴅɪѕᴛ
female
end
3ᴀᴜɢ1 convert.s.o. =3ᴀᴜɢIA
look GᴅꞮƦ.DOWN PᴅꞮƦ.HITHER =1ᴍꞮɴI
and
high
money
ѕᴜʙʀ
but
ᴘꜰᴠ
ɴᴍʟᴢ1 pray ɴᴍʟᴢ.ᴘᴄꜰʟ =1ᴀᴜɢII
so.then
ɴᴇɢ ɴᴍʟᴢ1 many ɴᴍʟᴢ.ᴘᴄꜰʟ =ᴄᴏЅ ONLY =1ᴀᴜɢII ɴᴇɢ
Ʀʟ hurry =ᴄᴏЅ =1ᴀᴜɢI
ѕᴜʙʀ
so.then
some
head =3ᴍꞮɴII
ᴘꜰᴠ
Narnztilolx.(village)
Ʀʟ climb =ᴄᴏЅ =1ᴍꞮɴI
sand.seashell
Фɴᴛ.Ѕɢ
and
ɴᴍʟᴢ1 carry GᴅꞮƦ.IN =ᴄᴏЅ PᴅꞮƦ.HITHER
Reef.Is
behind
ᴀᴄᴄ =1ᴍꞮɴII
house
a
Ʀʟ stand
ᴅᴇᴍ2.ᴅɪѕᴛ
ѕᴜʙʀ
things.of
man
stand GᴅꞮƦ.OUT ᴀᴘᴘʟ PᴅꞮƦ.HITHER
ᴅᴇᴍ2.ᴅɪѕᴛ
all
and
ɢᴇɴ1ᴀ
ᴘꜰᴠ
chicken;.bird
bush
not.have;.none.anymore
Ʀʟ throw ꞮɴᴛЅ =ᴄᴏЅ ᴀᴘᴘʟ =3ᴍꞮɴII
mind =1ᴍꞮɴII
ɴᴍʟᴢ1 PASS.EXAM
Ʀʟ go GᴅꞮƦ.OUT =ᴄᴏЅ
ɴᴍʟᴢ1 make ᴠƦ
field
ꞮƦƦ see =1ᴀᴜɢI
ѕᴜʙʀ
egg
ᴅᴇᴍ2.ᴅɪѕᴛ
but
ѕᴜʙʀ
be.good
sickness
ѕᴜʙʀ big
one
shore
3ᴀᴜɢ1 go =ᴄᴏЅ =3ᴀᴜɢIS
and
ꞮƦƦ die =ᴄᴏЅ ᴀᴘᴘʟ =1ᴀᴜɢII
ɴᴍʟᴢ1 search ᴛƦ ɴᴍʟᴢ.ᴘᴄꜰʟ =3ᴀᴜɢII
night
doorway
Ʀʟ stand ꞮɴᴛЅ GᴅꞮƦ.OUT PᴅꞮƦ.HITHER =3ᴍꞮɴIS
split GᴅꞮƦ.OUT =3ᴍꞮɴIS
cyclone
ѕᴜʙʀ be.like =3ᴍꞮɴIA
ѕᴜʙʀ
ɴᴍʟᴢ1 go ɴᴍʟᴢ.ᴘᴄꜰʟ =3ᴀᴜɢII
and
and
priest
name =3ᴍꞮɴII
Ʀʟ inspect afterward =3ᴍꞮɴIA
eat =3ᴍꞮɴII
ᴘᴀЅ see
ꞮƦƦ call ᴀᴘᴘʟ =3ᴍꞮɴII
ɴᴍʟᴢ1 become ɴᴍʟᴢ.ᴘᴄꜰʟ =3ᴍꞮɴII
be.schooled
ѕᴜʙʀ many
ᴅᴀᴛ =3ᴍꞮɴII
fitting ꞮɴᴛЅ just =3ᴍꞮɴIA
JUNE
and
moon.
clam
time
ᴅᴀᴛ =3ᴍꞮɴII
ɴᴍʟᴢ1 ᴄᴀᴜЅ break.off. GᴅꞮƦ.OUT ɴᴍʟᴢ.ᴘᴄꜰʟ PᴅꞮƦ.HITHER =1ᴍꞮɴI
a
go UᴅꞮƦ.PATH PᴅꞮƦ.HITHER =3ᴍꞮɴIA
be.2ᴍɪɴII
high
God
ᴅᴇᴍ2.ᴅɪѕᴛ
coconut
be.1ᴀᴜɢII
here
ᴘꜰᴠ
tree
gum
female
again
that.one
ᴅᴇᴍ2.ᴅɪѕᴛ
ѕᴜʙʀ
ꞮƦƦ baptised =3ᴍꞮɴIS
cloth
Ʀʟ.3ᴀᴜɢ ask ᴛƦ PᴅꞮƦ.HITHER =3ᴀᴜɢIA
said again PᴅꞮƦ.YON
water
those
again
Ʀʟ ᴍꞮᴅ say PᴅꞮƦ.YON =3ᴍꞮɴIA
to.break.heads.with.an.object.(axe) ꞮɴᴛЅ PᴅꞮƦ.YON =3ᴍꞮɴIA
letter
PRIMARY
people
ɢᴇɴ1ᴀ =3ᴍꞮɴII
ᴘꜰᴠ
there
ᴅᴇᴍ2.ᴅɪѕᴛ
return PᴅꞮƦ.HITHER =3ᴍꞮɴIA
Ʀʟ depart GᴅꞮƦ.OUT =ᴄᴏЅ
ѕᴜʙʀ
and
and
ѕᴜʙʀ
ѕᴜʙʀ
there
ᴘꜰᴠ
group
be.happy ꞮɴᴛЅ ᴀᴘᴘʟ =1ᴍꞮɴII
ɴᴍʟᴢ1 jump GᴅꞮƦ.DOWN ɴᴍʟᴢ.ᴘᴄꜰʟ =1ᴍꞮɴII
Ʀʟ do
ᴛᴘɴʏᴍ
time
be.1ᴀᴜɢII
ᴅᴇᴍ2.ᴅɪѕᴛ
Ʀʟ.3ᴀᴜɢ see =ᴄᴏЅ
name =3ᴍꞮɴII
mind =1ᴍꞮɴII
none.;.lack;.none
ꞮƦƦ beware Ʀᴇꜰʟ =1ᴀᴜɢII
and
Samuel
DRILL
ᴅᴇᴍ2.ᴅɪѕᴛ
Ʀʟ ᴍꞮᴅ peel =ᴄᴏЅ =1ᴀᴜɢI
cross
island
ɴᴍʟᴢ1 speak ɴᴍʟᴢ.ᴘᴄꜰʟ =1ᴀᴜɢII
3ᴀᴜɢ1 desire =3ᴀᴜɢIA
JAPAN
child
ѕᴜʙʀ
advrs
uncle.nephew ᴘʟ
ᴄᴏᴍ.
punish
ᴅᴇᴍ1.ᴅɪѕᴛ
ᴅᴇᴍ1.ᴅɪѕᴛ
ɴᴍʟᴢ1 go wrong ɴᴍʟᴢ.ᴘᴄꜰʟ =3ᴀᴜɢII
ꞮƦƦ six
wind
those
mind =1ᴍꞮɴII
God
and
boat
hear .BZ(PDIR.YON)=O(1MINI)
and
ɴᴍʟᴢ1 sing.praises ᴅЅᴛƦ =3ᴀᴜɢII
chicken;.bird
word =1ᴍꞮɴII
those
ɴᴍʟᴢ1 quickly;.quick ꞮɴᴛЅ just =3ᴀᴜɢIS
ᴅᴇᴍ1.ᴅɪѕᴛ
child
good
sixth
thing
Ʀʟ go GᴅꞮƦ.DOWN =ᴄᴏЅ =1ᴀᴜɢI
there
child
child
a
miracle
pineapple
ѕᴜʙʀ
thank ꞮɴᴛЅ ᴀᴘᴘʟ .BZ(PDIR.YON)=O(1MINI)
Ʀʟ shoot =ᴄᴏЅ =3ᴍꞮɴIA
ᴘꜰᴠ
ѕᴜʙʀ
ѕᴜʙʀ
moon.
do.slowly;.slow
mind =1ᴍꞮɴII
see GᴅꞮƦ.IN =1ᴀᴜɢI
ᴄᴏᴍ.
Ʀʟ ᴍꞮᴅ say =ᴄᴏЅ PᴅꞮƦ.YON =3ᴍꞮɴIA
ѕᴜʙʀ
branch =3ᴍꞮɴII
a
because
so.then
and
but
ᴅᴀᴛ =1ᴍꞮɴII
monk
foreigner
ᴘꜰᴠ
this
reading
people
chicken;.bird
Ʀʟ eat =ᴄᴏЅ also =1ᴀᴜɢI
ᴘꜰᴠ
be.3ᴀᴜɢII.
man
ѕᴜʙʀ big
ᴅᴇᴍ2.ᴅɪѕᴛ
ѕᴜʙʀ
ѕᴜʙʀ big
these
place
do.slowly;.slow
good
tree
and
ѕᴜʙʀ ɴᴍʟᴢ1 be.schooled
oversee =3ᴍꞮɴIA
first
Ʀʟ ᴄᴀᴜЅ finish =ᴄᴏЅ =1ᴍꞮɴI
3ᴀᴜɢ1 paddle PᴅꞮƦ.YON =3ᴀᴜɢIS
and
so.then
ᴅᴇᴍ2.ᴅɪѕᴛ
ɴᴇɢ be.difficult just ɴᴇɢ
CABBAGE.PALM
ѕᴜʙʀ
Ʀʟ lying.down GᴅꞮƦ.UP ᴀᴘᴘʟ =3ᴍꞮɴII
ᴅᴇᴍ2.ᴅɪѕᴛ
Ʀʟ hurry GᴅꞮƦ.OUT =ᴄᴏЅ PᴅꞮƦ.HITHER =3ᴍꞮɴIS
letter
ship
top
3ᴀᴜɢ1 convert.s.o. =3ᴀᴜɢIA
be
name =3ᴍꞮɴII
and
and
little
ᴄᴏᴍ.
ᴘꜰᴠ
ᴅᴀᴛ =3ᴍꞮɴII
place
ᴅᴇᴍ2.ᴅɪѕᴛ
ꞮƦƦ live,.stay ᴀᴘᴘʟ =1ᴀᴜɢII
write
Ʀʟ.3ᴀᴜɢ give PᴅꞮƦ.HITHER =3ᴀᴜɢIA
ᴘᴄꜰʟ.fire =1ᴀᴜɢII ᴘʟ
depart ꞮɴᴛЅ GᴅꞮƦ.IN =12ᴀᴜɢI
be ꞮɴᴛЅ =3ᴍꞮɴII
name =3ᴀᴜɢII
house
tree
Ʀʟ.3ᴀᴜɢ ᴍꞮᴅ think =ᴄᴏЅ =3ᴀᴜɢIA
midst
Ʀʟ look.at FOLLOW GᴅꞮƦ.UP =ᴄᴏЅ
and
time
dat=3augII
tree
stay ꞮɴᴛЅ PᴅꞮƦ.YON
ɢᴇɴ1ᴀ
ᴀᴄᴄ =1ᴍꞮɴII
ɢᴇɴ1ᴀ
John
ɴᴍʟᴢ1 make ᴠƦ
ꞮƦƦ travel PᴅꞮƦ.YON =1ᴀᴜɢI
ᴅᴇᴍ1.ᴅɪѕᴛ
but
ᴅᴇᴍ2.ᴅɪѕᴛ =ᴄᴏЅ
ᴅᴇᴍ2.ᴅɪѕᴛ
marvel ꞮɴᴛЅ GᴅꞮƦ.OUT
year
go
ᴘᴀЅ ᴍꞮᴅ say PᴅꞮƦ.YON
ᴘꜰᴠ
and
ѕᴜʙʀ 3ᴀᴜɢ1 ᴍꞮᴅ exchange
Nemya'.
be.1ᴀᴜɢII
dance
ENGLAND
egg
time
ɴᴍʟᴢ1 famine GᴅꞮƦ.IN ɴᴍʟᴢ.ᴘᴄꜰʟ =3ᴀᴜɢII
ꞮƦƦ ᴄᴀᴜЅ stand GᴅꞮƦ.IN PᴅꞮƦ.YON
be.schooled
ᴘꜰᴠ
ᴘᴄꜰʟ.hand
complete
all
startled ᴀᴘᴘʟ =1ᴀᴜɢII
want
Ʀʟ depart UᴅꞮƦ.PATH GᴅꞮƦ.OUT =3ᴍꞮɴIA
ᴅᴀᴛ =1ᴍꞮɴII
body =1ᴀᴜɢII
PRESIDENT
stand GᴅꞮƦ.IN PᴅꞮƦ.YON =3ᴍꞮɴIS
one
and
Ʀʟ scream =ᴄᴏЅ
take =3ᴍꞮɴIA
here
Ʀʟ ᴄᴀᴜЅ lose GᴅꞮƦ.IN =ᴄᴏЅ =3ᴍꞮɴIA
this
sickness
one
there
ѕᴜʙʀ
ᴘꜰᴠ
doorway
Ʀʟ teach START GᴅꞮƦ.IN =ᴄᴏЅ =1ᴍꞮɴI =3ᴀᴜɢII
Baengr
ɴᴍʟᴢ1 food.parcel ɢᴇɴ1ᴀ =3ᴍꞮɴII
Auki
ꞮƦƦ make =ᴄᴏЅ ᴀᴘᴘʟ =3ᴍꞮɴII
star
ѕᴜʙʀ ꞮƦƦ be.like
ᴘᴀЅ hire ᴛƦ
foot =3ᴍꞮɴII
mountain
ᴅᴇᴍ2.ᴅɪѕᴛ
and
root
be =1ᴍꞮɴII
WHAT
SOUTHERN.CROSS
ɴᴍʟᴢ1 ᴍꞮᴅ begin GᴅꞮƦ.IN ɴᴍʟᴢ
room
ᴄᴏᴍ.
hear again =1ᴀᴜɢI
and
mind =3ᴍꞮɴII
Ʀʟ sick
stand
ᴘᴄꜰʟ.rsbl =3ᴍꞮɴII
travel PᴅꞮƦ.HITHER
jump GᴅꞮƦ.IN =2ᴀᴜɢI
Ʀʟ ᴍꞮᴅ say =ᴄᴏЅ PᴅꞮƦ.YON =3ᴍꞮɴIA
sickness
because
mother.aunt =1ᴍꞮɴII
bang.against ꞮɴᴛЅ GᴅꞮƦ.IN PᴅꞮƦ.YON
Metalo
child
be.good
thing
ѕᴜʙʀ
language
3ᴀᴜɢ1 be =3ᴀᴜɢIS
Ʀʟ fear =ᴄᴏЅ =1ᴀᴜɢI
look GᴅꞮƦ.IN PᴅꞮƦ.YON
ᴘꜰᴠ
child
wave
day
but
Nea
Ʀʟ.3ᴀᴜɢ big =3ᴀᴜɢIS
ѕᴜʙʀ
ꞮƦƦ help ᴀᴘᴘʟ =3ᴍꞮɴII
Ʀʟ go =ᴄᴏЅ .BZ(PDIR.YON)=O(1MINI)
ᴅᴀᴛ =1ᴍꞮɴII
make GᴅꞮƦ.IN PᴅꞮƦ.YON =1ᴍꞮɴI
time
ɴᴍʟᴢ1 become ɴᴍʟᴢ.ᴘᴄꜰʟ =1ᴍꞮɴII
and
there
a
and
ꞮƦƦ ᴍꞮᴅ peel ᴀᴘᴘʟ =1ᴀᴜɢII
two together
ᴄᴏᴍ.
name =3ᴍꞮɴII
go GᴅꞮƦ.DOWN
child
ACC.2augᵢᵢ
and
ᴛᴘɴʏᴍ
Ilrmztangi
mind
today
food
3ᴀᴜɢ1 die ᴘʟᴄᴛ together =3ᴀᴜɢIS
be.3ᴀᴜɢII.
there
so.then
dat=1augII
ɴᴍʟᴢ1 die ɴᴍʟᴢ.ᴘᴄꜰʟ =1ᴀᴜɢII
ѕᴜʙʀ big
there
Ʀʟ hunt ALONG ꞮɴᴛЅ =ᴄᴏЅ =1ᴀᴜɢI
village
ѕᴜʙʀ
advrs
be.3ᴍɪɴII
hold,.restrain GᴅꞮƦ.DOWN =2ᴀᴜɢI
ѕᴜʙʀ
advrs
start =1ᴀᴜɢI
man
ᴘᴀЅ ᴍꞮᴅ say PᴅꞮƦ.YON
star
know =1ᴍꞮɴI
ꞮƦƦ take PᴅꞮƦ.YON =3ᴀᴜɢIA
ꞮƦƦ ᴍꞮᴅ make.pudding ᴀᴘᴘʟ
ꞮƦƦ know first =3ᴍꞮɴIA
demon
man
Ʀʟ sleep ꞮɴᴛЅ =ᴄᴏЅ =3ᴍꞮɴIS
see =1ᴀᴜɢI
ᴍꞮᴅ say PᴅꞮƦ.HITHER =3ᴍꞮɴIA
ship
ɴᴍʟᴢ1 know =3ᴀᴜɢIA
but
sign
ѕᴜʙʀ one
January
ᴄᴀᴜЅ burn ᴛƦ =1ᴀᴜɢI
Ʀʟ.3ᴀᴜɢ baptised =ᴄᴏЅ =3ᴀᴜɢIS
house
only.one
be.1ᴀᴜɢII
time =3ᴍꞮɴII
Ʀʟ.3ᴀᴜɢ ᴄᴀᴜЅ lose GᴅꞮƦ.IN =3ᴀᴜɢIA
ɴᴍʟᴢ1 fall ɴᴍʟᴢ.ᴘᴄꜰʟ
ᴘꜰᴠ
coconut
there
ѕᴜʙʀ yellow
place
or
bone
female
there
star
and
travel PᴅꞮƦ.HITHER =1ᴍꞮɴI.ᴄᴍʙ
ᴏƦᴅ two
ᴅᴇᴍ2.ᴅɪѕᴛ
and
there
crew
be.1ᴀᴜɢII
Ʀʟ ᴍꞮᴅ say =ᴄᴏЅ PᴅꞮƦ.HITHER =3ᴍꞮɴIA
ɴᴍʟᴢ1 school ᴀᴘᴘʟ
ᴅᴇᴍ2.ᴅɪѕᴛ
ᴅᴇᴍ2.ᴅɪѕᴛ
surpass VERY GᴅꞮƦ.OUT =3ᴍꞮɴIA
ᴘꜰᴠ
ѕᴜʙʀ
all
and
ꞮƦƦ live,.stay ᴀᴘᴘʟ =1ᴀᴜɢII
ѕᴜʙʀ
ᴏƦᴅ three
ɴᴍʟᴢ1 go ꞮɴᴛЅ ɴᴍʟᴢ.ᴘᴄꜰʟ =1ᴀᴜɢII
Ʀʟ cry =ᴄᴏЅ again PᴅꞮƦ.HITHER =1ᴍꞮɴI
show;.show;.prove GᴅꞮƦ.OUT
piece.of.wood
friend =3ᴍꞮɴII ᴘʟ
ᴘꜰᴠ
church.building
AFTER
house
base
yourself
ɴᴇɢ 3ᴀᴜɢ1 see =3ᴀᴜɢIA ɴᴇɢ
3ᴀᴜɢ1 shoot again PᴅꞮƦ.HITHER =3ᴀᴜɢIS
house
ᴅᴇᴍ2.ᴅɪѕᴛ
ᴅᴇᴍ1.ᴅɪѕᴛ =ᴄᴏЅ
Ʀʟ do =ᴄᴏЅ =2ᴍꞮɴI
3ᴀᴜɢ1 convert.s.o. =3ᴀᴜɢIA
thing
remove =2ᴍꞮɴI
ᴅᴇᴍ2.ᴅɪѕᴛ
thing
stand ꞮɴᴛЅ GᴅꞮƦ.OUT PᴅꞮƦ.HITHER =3ᴍꞮɴIS
day
man
time
ᴄᴏᴍ.
head
and
tree
ѕᴜʙʀ ripe
ᴅᴇᴍ2.ᴅɪѕᴛ
ꞮƦƦ teach ᴀᴘᴘʟ
3ᴀᴜɢ1 many ꞮɴᴛЅ
ᴀᴄᴄ =1ᴍꞮɴII
home.by.the.sea
3ᴀᴜɢ1 worship =3ᴀᴜɢIA
ɢᴇɴ1ᴀ =3ᴍꞮɴII ᴘʟ
ɴᴍʟᴢ1 speak ɴᴍʟᴢ.ᴘᴄꜰʟ
ɴᴍʟᴢ1 sleep =ᴄᴏЅ ɴᴍʟᴢ.ᴘᴄꜰʟ =1ᴍꞮɴII
be
ɴᴍʟᴢ1 make ᴠƦ
go =1ᴀᴜɢI
there
ᴅᴇᴍ2.ᴅɪѕᴛ
those
Ʀʟ take =ᴄᴏЅ =3ᴍꞮɴIA
ᴘꜰᴠ
rain
and
bludgeon
Ʀʟ live,.stay ᴀᴘᴘʟ =3ᴍꞮɴII
wide
go
ѕᴜʙʀ
ᴘᴄꜰʟ.rsbl =3ᴀᴜɢII
and
ᴅᴀᴛ =1ᴍꞮɴII
medicine
Ʀʟ stop GᴅꞮƦ.DOWN =ᴄᴏЅ =3ᴍꞮɴIS
house
ᴘᴄꜰʟ.hand =3ᴀᴜɢII
child
those
neck =3ᴀᴜɢII
ship
wart
ᴅᴇᴍ1.ᴅɪѕᴛ
spirit
be =1ᴀᴜɢII
3ᴀᴜɢ1 go PᴅꞮƦ.YON =3ᴀᴜɢIS
Ʀʟ go UᴅꞮƦ.PATH GᴅꞮƦ.OUT =1ᴀᴜɢI
Ʀʟ ᴍꞮᴅ say =ᴄᴏЅ PᴅꞮƦ.HITHER
Ʀʟ travel =ᴄᴏЅ =1ᴀᴜɢI
pull.out ꞮɴᴛЅ also =3ᴍꞮɴIA
and
priest
ᴍꞮᴅ say PᴅꞮƦ.YON =3ᴍꞮɴIA
side.of.tool
Reef.Is
doorway
arrive
hear PᴅꞮƦ.HITHER =3ᴍꞮɴIA
ѕᴜʙʀ
tree
things =3ᴀᴜɢII
ɴᴍʟᴢ1 believe ɴᴍʟᴢ.ᴘᴄꜰʟ =1ᴀᴜɢII
Utupua.Is
back.part =3ᴍꞮɴII
ѕᴜʙʀ
but
road
ᴀᴛ.фɴᴛ.ᴘʟ.ᴘʟ
school
grass
be.3ᴀᴜɢII.
island
travel GᴅꞮƦ.IN PᴅꞮƦ.YON =1ᴀᴜɢI
island
school
bag
go =3ᴍꞮɴIA
ѕᴜʙʀ
his.nose =3ᴍꞮɴII
year
Aijz
AFTER
nose.shell
full
ᴀᴄᴄ =1ᴍꞮɴII
ᴅᴇᴍ2.ᴅɪѕᴛ
Ʀʟ go .BZ(PDIR.YON)=O(1MINI)
Nea
ꞮƦƦ exchange =3ᴍꞮɴIA
hat
half
ᴘꜰᴠ
but
ɴᴍʟᴢ1 write PᴅꞮƦ.HITHER
ᴄᴏᴍ.
name =3ᴍꞮɴII
first
ѕᴜʙʀ
be.schooled
3ᴀᴜɢ1 oversee really =3ᴀᴜɢIA
school
child
be.3ᴍɪɴII
ᴅᴇᴍ2.ᴅɪѕᴛ
ᴏƦᴅ two
Ʀʟ go =ᴄᴏЅ
speak =ᴄᴏЅ
ɢᴇɴ1ᴀ =1ᴀᴜɢII
dig ꞮɴᴛЅ =1ᴀᴜɢI
ѕᴜʙʀ
ɴᴍʟᴢ1 go =ᴄᴏЅ ɴᴍʟᴢ.ᴘᴄꜰʟ
those
those
war good
ɴᴍʟᴢ1 hurry GᴅꞮƦ.OUT ɴᴍʟᴢ.ᴘᴄꜰʟ PᴅꞮƦ.HITHER =1ᴀᴜɢII
be.schooled
paddle
ᴘᴄꜰʟ.hand =3ᴍꞮɴII
ѕᴜʙʀ many
Ʀʟ go FOLLOW ꞮɴᴛЅ =1ᴍꞮɴII
be.schooled
child
book
Ʀʟ go ᴀᴘᴘʟ =1ᴀᴜɢII
reach PᴅꞮƦ.YON =3ᴍꞮɴIA
ѕᴜʙʀ
a
thing ᴅᴇᴍ2.ᴅɪѕᴛ
ɢᴇɴ1ᴀ
tsunami
coconut
ᴀᴄᴄ =1ᴍꞮɴII
ɴᴍʟᴢ1 make much ɴᴍʟᴢ.ᴘᴄꜰʟ =1ᴀᴜɢII
ᴅᴇᴍ2.ᴅɪѕᴛ
ᴄᴏᴍ.
time ᴅᴇᴍ1.ᴅɪѕᴛ
Ʀʟ hang WILL.HAVE GᴅꞮƦ.OUT ᴀᴘᴘʟ =1ᴍꞮɴII
tree
ɴᴍʟᴢ1 live ꞮɴᴛЅ =ᴄᴏЅ just
bang.against =ᴄᴏЅ
offering
evening
things.of
be.difficult
sleep ꞮɴᴛЅ also =1ᴀᴜɢI
be.like =3ᴍꞮɴIA
time
ɴᴍʟᴢ1 confess ɴᴍʟᴢ.ᴘᴄꜰʟ ᴘᴄꜰʟ.drink =2ᴀᴜɢII
ᴘᴄꜰʟ.ʙ&ɢ
wooden.bowl
boat
fish
ѕᴜʙʀ many
ᴅᴇᴍ2.ᴅɪѕᴛ
ᴘꜰᴠ
a
excrement
there
ᴘᴄꜰʟ.hand =12ᴀᴜɢII
time ᴅᴇᴍ2.ᴅɪѕᴛ
Natqgu
village
be.schooled
ɴᴍʟᴢ1 travel ᴅᴘᴠ ꞮɴᴛЅ ɴᴍʟᴢ.ᴘᴄꜰʟ =1ᴍꞮɴII
those
ɢᴇɴ1ᴀ
and
village
ᴘᴀЅ eat ᴛƦ ꞮɴᴛЅ just
none.;.lack;.none
night
ᴛᴘɴʏᴍ
place
so.then
coconut
but
ᴘꜰᴠ
Ʀʟ be ꞮɴᴛЅ just =1ᴀᴜɢI
ᴘꜰᴠ
sky
boat
so.then
be.like =3ᴍꞮɴIA
do.not
ѕᴜʙʀ
ᴅᴇᴍ2.ᴅɪѕᴛ
ᴀᴄᴄ =1ᴍꞮɴII
Premier
child
ꞮƦƦ go first =1ᴀᴜɢI
priest
Ʀʟ ᴍꞮᴅ say =ᴄᴏЅ PᴅꞮƦ.YON =3ᴍꞮɴIA
ᴅᴇᴍ2.ᴅɪѕᴛ
those
that.one
tree
Ʀʟ ᴍꞮᴅ say =ᴄᴏЅ PᴅꞮƦ.YON
time
a
back.part
mark
ᴅᴇᴍ2.ᴅɪѕᴛ
be.1ᴀᴜɢII
dat=1augII
call.someone =ᴄᴏЅ =3ᴍꞮɴIA
Nemya'.
ꞮƦƦ ᴍꞮᴅ shoot
ᴘꜰᴠ
ѕᴜʙʀ
ꞮƦƦ two =1ᴀᴜɢI
hear
altar
Ʀʟ run =STILL
cloth
doctor
coconut
ѕᴜʙʀ ɴᴍʟᴢ1 be.schooled
go PᴅꞮƦ.HITHER =3ᴍꞮɴIS
Фɴᴛ.Ѕɢ
and
and
pool
pudding
grove
those
ᴅᴇᴍ2.ᴅɪѕᴛ
ɴᴍʟᴢ1 speak ɴᴍʟᴢ.ᴘᴄꜰʟ .BZ(PDIR.YON)=O(1MINI)
year
time
rain
3ᴀᴜɢ1 desire =3ᴀᴜɢIA
throw GᴅꞮƦ.UP ᴀᴘᴘʟ =3ᴍꞮɴII
ᴘᴄꜰʟ.ʙ&ɢ =1ᴀᴜɢII
ᴍꞮᴅ say =3ᴍꞮɴIA
back.part =3ᴍꞮɴII
Ʀʟ.3ᴀᴜɢ to.stay,.live.(somewhere) ᴀᴘᴘʟ =3ᴀᴜɢII
ɢᴇɴ1ᴀ =3ᴍꞮɴII
ɴᴇɢ long ɴᴇɢ
Nea
and
and
ɢᴇɴ1ᴀ =3ᴍꞮɴII
bread
ѕᴜʙʀ
because
father =1ᴍꞮɴII
ᴘᴄꜰʟ.drink =2ᴍꞮɴII
and
net
ɴᴍʟᴢ1 ᴄᴀᴜЅ fly ɴᴍʟᴢ.ᴘᴄꜰʟ =3ᴍꞮɴII
Ʀʟ.3ᴀᴜɢ enter.in again PᴅꞮƦ.HITHER
Ʀʟ pick;.dig ᴛƦ =ᴄᴏЅ
fitting ꞮɴᴛЅ just
ᴀᴄᴄ =1ᴍꞮɴII
dat=1augII
chicken;.bird
ᴄᴏᴍ.
Ʀʟ be.good =ᴄᴏЅ =3ᴍꞮɴIS
mother.aunt =1ᴍꞮɴII
a
ᴘꜰᴠ
there
doctor
3ᴀᴜɢ1 steal =3ᴀᴜɢIS
because
prefect
and
ᴘᴄꜰʟ.ʙ&ɢ =3ᴀᴜɢII
Ʀʟ.3ᴀᴜɢ jump =ᴄᴏЅ =3ᴀᴜɢIS
time
Reef.Is
Ʀʟ be.happy always ᴀᴘᴘʟ =1ᴀᴜɢII
ᴅᴇᴍ1.ᴘʀᴏχ
complete
image
ᴅᴇᴍ2.ᴅɪѕᴛ
JAPAN
ѕᴜʙʀ
ѕᴜʙʀ young
Ʀʟ see =ᴄᴏЅ =3ᴍꞮɴIA
3ᴀᴜɢ1 pull GᴅꞮƦ.UP PᴅꞮƦ.HITHER =3ᴀᴜɢIA
advrs
there
name =3ᴍꞮɴII
ѕᴜʙʀ
ᴘꜰᴠ
Ʀʟ.3ᴀᴜɢ sleep =ᴄᴏЅ =3ᴀᴜɢIS
titan.triggerfish
ɢᴇɴ1ᴀ =3ᴍꞮɴII
time
there
Alankaula
boat
basket
ѕᴜʙʀ
salt.water
things.of
war hidden
miracle
male's.sister =1ᴍꞮɴII
ᴘꜰᴠ
ѕᴜʙʀ
and
ɢᴇɴ1ᴀ
big GᴅꞮƦ.OUT PᴅꞮƦ.YON
those
ɢᴇɴ1ᴀ =3ᴀᴜɢII
ɴᴍʟᴢ1 red ɴᴍʟᴢ.ᴘᴄꜰʟ
3ᴀᴜɢ1 go PᴅꞮƦ.HITHER =3ᴀᴜɢIS
a
season ᴀᴘᴘʟ
chapter
and
see
ɢᴇɴ1ᴀ
hang ᴅЅᴛƦ GᴅꞮƦ.UP =ᴄᴏЅ also PᴅꞮƦ.YON
and
ѕᴜʙʀ daylight GᴅꞮƦ.DOWN PᴅꞮƦ.YON =3ᴍꞮɴIA
ɴᴍʟᴢ1 go ɴᴍʟᴢ.ᴘᴄꜰʟ PᴅꞮƦ.YON
wooden.stick.for.marinading.hot.pudding
coconut
a
Ʀʟ take =3ᴍꞮɴIA
portion
Ʀʟ inspect =ᴄᴏЅ =3ᴍꞮɴIA
time
CRICKET
rice
sleep ꞮɴᴛЅ =1ᴀᴜɢI
miracle
Ʀʟ ᴍꞮᴅ say =ᴄᴏЅ PᴅꞮƦ.HITHER
ᴅᴇᴍ1.ᴅɪѕᴛ
and
David
ɴᴍʟᴢ1 ᴄᴀᴜЅ trust GᴅꞮƦ.IN ɴᴍʟᴢ.ᴘᴄꜰʟ PᴅꞮƦ.YON =1ᴀᴜɢI
ᴘꜰᴠ
Anglican
because
ᴅᴇᴍ2.ᴅɪѕᴛ
brown
ꞮƦƦ see GᴅꞮƦ.IN
mind =3ᴍꞮɴII
and
ᴘᴄꜰʟ.ʙ&ɢ
there
child
coconut
little
year
CAMP
ᴅᴇᴍ2.ᴅɪѕᴛ
thing
because
ɴᴇɢ ashame.of GᴅꞮƦ.IN =1ᴍꞮɴI ɴᴇɢ
that.one
ɴᴇɢ fitting ɴᴇɢ
ѕᴜʙʀ 3ᴀᴜɢ1 ᴄᴀᴜЅ go peace
and
Ʀʟ go =ᴄᴏЅ PᴅꞮƦ.YON =1ᴀᴜɢI
ѕᴜʙʀ
maybe;.I.think
ship
village
go GᴅꞮƦ.DOWN ꞮɴᴛЅ =1ᴀᴜɢI
ɴᴍʟᴢ1 fall.down ɴᴍʟᴢ.ᴘᴄꜰʟ =3ᴍꞮɴII
ѕᴜʙʀ
midday
there
here.it.is
make =1ᴀᴜɢI
move.out
ɴᴍʟᴢ1 ᴍꞮᴅ carve ɴᴍʟᴢ.ᴘᴄꜰʟ =1ᴀᴜɢII
3ᴀᴜɢ1 look again PᴅꞮƦ.HITHER =3ᴀᴜɢIS
Ʀʟ good again =3ᴍꞮɴIA
stay near GᴅꞮƦ.IN
thing
and
ᴘꜰᴠ
ᴅᴇᴍ2.ᴅɪѕᴛ
name =3ᴀᴜɢII
ᴘᴀЅ restrict ᴀᴘᴘʟ PᴅꞮƦ.YON
big ꞮɴᴛЅ
ᴅᴇᴍ2.ᴅɪѕᴛ
breadfruit
ɢᴇɴ1ᴀ
none.;.lack;.none
ɴᴍʟᴢ1 go ɴᴍʟᴢ.ᴘᴄꜰʟ =1ᴀᴜɢII
child
Catholic
house
those
ɢᴇɴ1ᴀ =3ᴍꞮɴII
those
ɢᴇɴ1ᴀ
long.ago
feel ꞮɴᴛЅ GᴅꞮƦ.IN =3ᴍꞮɴIA
these
things.of
road
long ꞮɴᴛЅ
name =3ᴍꞮɴII
travel PᴅꞮƦ.YON =1ᴀᴜɢI
go
ꞮƦƦ visit ᴛƦ GᴅꞮƦ.IN again PᴅꞮƦ.HITHER =1ᴀᴜɢII
ɢᴇɴ1ᴀ
bludgeon ᴀᴘᴘʟ =3ᴍꞮɴII
year
ᴘꜰᴠ
ᴛᴘɴʏᴍ
wife ᴅᴇᴍ2.ᴅɪѕᴛ SPEC
ѕᴜʙʀ big
ᴅᴇᴍ2.ᴅɪѕᴛ
ᴘꜰᴠ
Ncnia
ɢᴇɴ1ᴀ =3ᴍꞮɴII
eye =1ᴍꞮɴII
be.1ᴀᴜɢII
even.though
hold ᴅᴘᴠ =1ᴍꞮɴI =3ᴍꞮɴIIP
eye =1ᴍꞮɴII
there
ᴅᴇᴍ2.ᴅɪѕᴛ
spirit
ᴍꞮᴅ say PᴅꞮƦ.YON =3ᴍꞮɴIA
stub ᴀᴘᴘʟ
bow
ᴄᴀᴜЅ break.off. ꞮɴᴛЅ GᴅꞮƦ.OUT PᴅꞮƦ.HITHER =1ᴍꞮɴI
those
and
two;.couple
see GᴅꞮƦ.OUT PᴅꞮƦ.HITHER
fruit
ᴅᴇᴍ2.ᴅɪѕᴛ
and
taro
see =1ᴍꞮɴI
a
take
ᴘꜰᴠ
class
image
man
Ʀʟ bad =ᴄᴏЅ PᴅꞮƦ.HITHER
Jesus
John
miracle
ᴍꞮᴅ give PᴅꞮƦ.HITHER
ɢᴇɴ1ᴀ
but
priest
ground
ᴘᴄꜰʟ.food =3ᴀᴜɢII
surpass VERY GᴅꞮƦ.OUT =3ᴍꞮɴIA
year
Ʀʟ.3ᴀᴜɢ ᴍꞮᴅ believe first =3ᴀᴜɢIS
body =3ᴍꞮɴII
a
and
ꞮƦƦ whip ᴀᴘᴘʟ =3ᴍꞮɴII
Ʀʟ.3ᴀᴜɢ play =3ᴀᴜɢIS
but
ᴅᴇᴍ2.ᴅɪѕᴛ
marvel ꞮɴᴛЅ GᴅꞮƦ.OUT =1ᴍꞮɴI
ɴᴍʟᴢ1 go ᴀᴘᴘʟ
ɴᴍʟᴢ1 read ɴᴍʟᴢ.ᴘᴄꜰʟ =3ᴀᴜɢII
3ᴀᴜɢ1 afraid =3ᴀᴜɢIS
Bapo
not.have;.none.anymore
ɴᴍʟᴢ1 exchange ɴᴍʟᴢ.ᴘᴄꜰʟ =3ᴍꞮɴII
fish ᴛƦ =ᴄᴏЅ
breastplate
sago.arrow
Ʀʟ shoot =3ᴍꞮɴIA
Ʀʟ.3ᴀᴜɢ do THUSLY ᴀᴘᴘʟ =3ᴀᴜɢII
vine.greens
ᴘꜰᴠ
those
coconut
ᴘᴄꜰʟ.drink =1ᴀᴜɢII
book
ᴅᴇᴍ2.ᴅɪѕᴛ
dat=1augII
chicken;.bird
and
twist GᴅꞮƦ.IN ꞮɴᴛЅ just
and
ꞮƦƦ say ꞮɴᴛЅ PᴅꞮƦ.YON =1ᴍꞮɴI.ᴄᴍʙ
and
ᴘꜰᴠ
Ʀʟ be.good =ᴄᴏЅ =3ᴍꞮɴIS
Bznwz.vil
shoot
time
Ʀʟ go =ᴄᴏЅ PᴅꞮƦ.HITHER
year
tree
Nabzlue.vil
child
dat=1augII
Ʀʟ.3ᴀᴜɢ break =3ᴀᴜɢIA
ɴᴍʟᴢ1 fear ɴᴍʟᴢ.ᴘᴄꜰʟ =1ᴀᴜɢII
sit GᴅꞮƦ.OUT ᴀᴘᴘʟ PᴅꞮƦ.HITHER
demon
Ʀʟ.3ᴀᴜɢ go GᴅꞮƦ.DOWN =ᴄᴏЅ =3ᴀᴜɢIS
egg
ᴘꜰᴠ
see
ѕᴜʙʀ
and
night
ᴅᴇᴍ1.ᴅɪѕᴛ
Ʀʟ empty =ᴄᴏЅ =3ᴍꞮɴIS
make
outside
ᴄᴏᴍ.
ᴛᴘɴʏᴍ
warm do ᴛƦ GᴅꞮƦ.IN ɴᴍʟᴢ.ᴘᴄꜰʟ =1ᴍꞮɴII
dat=3augII
needlefish
ѕᴜʙʀ
and
ᴅᴇᴍ2.ᴅɪѕᴛ
ꞮƦƦ try PᴅꞮƦ.YON =3ᴀᴜɢIA
leader
Ʀʟ.3ᴀᴜɢ sleep ᴀᴘᴘʟ =3ᴀᴜɢII
and
Ʀʟ forbid ᴀᴘᴘʟ PᴅꞮƦ.YON =.MQ(PDIR.HITHER)=Q(2MINI)
miracle
man
ᴄᴀᴜЅ lose GᴅꞮƦ.IN =3ᴍꞮɴIA
3ᴀᴜɢ1 die =3ᴀᴜɢIS
ᴅᴇᴍ2.ᴅɪѕᴛ
but
Ʀʟ go GᴅꞮƦ.UP =ᴄᴏЅ ᴀᴘᴘʟ PᴅꞮƦ.HITHER =1ᴀᴜɢII
ᴅᴀᴛ =3ᴍꞮɴII
again
people
Aijz
sago.arrow
ᴘꜰᴠ
ɢᴇɴ1ᴀ =1ᴀᴜɢII
Metalo
USA,.AMERICA
Фɴᴛ.Ѕɢ
ѕᴜʙʀ
ꞮƦƦ be
some
first
crew
ᴛᴘɴʏᴍ
doorway
ꞮƦƦ depart ꞮɴᴛЅ =3ᴍꞮɴIS
sector
Ʀʟ go =ᴄᴏЅ
police
there
those
go PᴅꞮƦ.YON
ɴᴍʟᴢ1 ᴍꞮᴅ treat.like.that ᴛƦ ɴᴍʟᴢ.ᴘᴄꜰʟ .BZ(PDIR.YON)=O(1MINI)
Noole.vil
ꞮƦƦ go PᴅꞮƦ.YON =3ᴀᴜɢIS
brideprice.event
be.3ᴀᴜɢII.
Ʀʟ see ᴛƦ =12ᴀᴜɢI ᴘʟ
Jesus
start
ᴅᴇᴍ2.ᴅɪѕᴛ
Ʀʟ stand ꞮɴᴛЅ =ᴄᴏЅ =1ᴀᴜɢI
time
return PᴅꞮƦ.HITHER =1ᴍꞮɴI
doorway
be =ᴄᴏЅ
3ᴀᴜɢ1 go DEPEND instead =3ᴀᴜɢIA
Mzdxmingr.village
surpass VERY GᴅꞮƦ.OUT =3ᴍꞮɴIA
God
ɴᴍʟᴢ1 bare.the.teeth together =1ᴀᴜɢI
ᴅᴇᴍ2.ᴅɪѕᴛ
ᴘꜰᴠ
road
ᴅᴇᴍ2.ᴅɪѕᴛ
paddle GᴅꞮƦ.DOWN =3ᴍꞮɴIS
ѕᴜʙʀ
ɴᴍʟᴢ1 make ɴᴍʟᴢ.ᴘᴄꜰʟ =1ᴍꞮɴII
child
ᴀᴛ.фɴᴛ.ᴘʟ.ᴘʟ
ᴅᴀᴛ =1ᴍꞮɴII
same
because
tree
wave
ɢᴇɴ1ᴀ
be
ᴀᴄᴄ =1ᴍꞮɴII
year
Menabz
ᴅᴇᴍ2.ᴅɪѕᴛ
ᴅᴇᴍ1.ᴅɪѕᴛ
Ʀʟ slippery GᴅꞮƦ.OUT =ᴄᴏЅ
ᴅᴇᴍ2.ᴅɪѕᴛ
ᴘꜰᴠ
ᴍꞮᴅ say =3ᴍꞮɴIA
be.schooled
and
Aijz
doctor
there
Lungga
and
there
ᴀᴄᴄ =1ᴍꞮɴII
shark
wind
be.schooled
travel also PᴅꞮƦ.HITHER
ɢᴇɴ1ᴀ =3ᴍꞮɴII
ᴘᴄꜰʟ.hand =3ᴍꞮɴII
cry Ʀᴇᴄᴘ ꞮɴᴛЅ =1ᴀᴜɢI
Ʀʟ dance =ᴄᴏЅ PᴅꞮƦ.YON
tapa.cloth
ᴍꞮᴅ say PᴅꞮƦ.YON
ᴅᴇᴍ2.ᴅɪѕᴛ
and
Фɴᴛ.ᴘʟ
same
leader
ꞮƦƦ go =3ᴍꞮɴIS
again
Narnztilolx.(village)
ѕᴜʙʀ
know really =1ᴀᴜɢI
be.12ᴀᴜɢII
ᴄᴏᴍ.
Lord
ᴘᴄꜰʟ.hand =3ᴀᴜɢII
ᴄᴏᴍ.
ꞮƦƦ lose ᴛƦ GᴅꞮƦ.IN
pray ꞮɴᴛЅ =1ᴀᴜɢI
mind =1ᴍꞮɴII
power
house
3ᴀᴜɢ1 scream ᴅᴘᴠ =3ᴀᴜɢIA
ѕᴜʙʀ
midday
ѕᴜʙʀ
ѕᴜʙʀ dry
Alankaula
little.bit
what
and
ᴅᴇᴍ2.ᴅɪѕᴛ
ɢᴇɴ1ᴀ =3ᴀᴜɢII ᴘʟ
ɢᴇɴ1ᴀ
ѕᴜʙʀ
and
so.then
be.1ᴀᴜɢII
female
army
be.1ᴀᴜɢII
Sunday
grandmother =1ᴀᴜɢII
ꞮƦƦ say ꞮɴᴛЅ PᴅꞮƦ.HITHER =1ᴍꞮɴI
Ʀʟ say =ᴄᴏЅ 2ᴍꞮɴII
stone
tapa.cloth
ѕᴜʙʀ new
ᴘᴄꜰʟ.ʙ&ɢ
ᴘꜰᴠ
man
Neboi
dat=1augII
Ncnqmz
ship
be =ᴄᴏЅ 2ᴍꞮɴII
ᴅᴇᴍ2.ᴅɪѕᴛ
Ʀʟ ᴄᴀᴜЅ cook =ᴄᴏЅ
mind
Peter
be.good
ᴅᴇᴍ2.ᴅɪѕᴛ
ᴘꜰᴠ
calamity
ᴘᴄꜰʟ.hand =12ᴀᴜɢII
ѕᴜʙʀ
be.1ᴀᴜɢII
but
big
take GᴅꞮƦ.IN =1ᴀᴜɢI
ᴛᴘɴʏᴍ
bite ꞮɴᴛЅ PᴅꞮƦ.YON =3ᴍꞮɴIA
ѕᴜʙʀ
ѕᴜʙʀ
ᴀᴛ.фɴᴛ.ᴘʟ.ᴘʟ
God
thing
and
where
do.not
crew
Tulagi
pineapple
ɴᴍʟᴢ1 take =ᴄᴏЅ ɴᴍʟᴢ.ᴘᴄꜰʟ PᴅꞮƦ.HITHER
SPIDER.LILY
those
brother
Lungga
go GᴅꞮƦ.DOWN PᴅꞮƦ.YON =3ᴍꞮɴIA
wait!
put ꞮɴᴛЅ GᴅꞮƦ.IN =1ᴀᴜɢI
ᴘꜰᴠ
ꞮƦƦ take =3ᴍꞮɴIA
show;.show;.prove GᴅꞮƦ.OUT =ᴄᴍᴘʟ
cattle
fence
3ᴀᴜɢ1 steal =3ᴀᴜɢIS
wave
time
Ʀʟ hold =3ᴍꞮɴIA
ɴᴍʟᴢ1 sleep ɴᴍʟᴢ
house
ᴅᴀᴛ =1ᴍꞮɴII
ᴅᴇᴍ1.ᴅɪѕᴛ
ᴛᴘɴʏᴍ
previous =3ᴍꞮɴIS
ѕᴜʙʀ many
and
see =1ᴍꞮɴI
ᴅᴇᴍ2.ᴅɪѕᴛ
and
man ᴠƦ
and
be.1ᴀᴜɢII
a
these
thing
there
none.;.lack;.none
ᴘᴄꜰʟ.rsbl =3ᴍꞮɴII
ɴᴇɢ paddle =ᴄᴏЅ =1ᴍꞮɴI ɴᴇɢ
Ʀʟ ᴍꞮᴅ say =ᴄᴏЅ PᴅꞮƦ.HITHER =3ᴍꞮɴIA
because
finish GᴅꞮƦ.OUT PᴅꞮƦ.YON =3ᴍꞮɴIS
back.part
sister.of.female
Ʀʟ live,.stay ᴀᴘᴘʟ =1ᴍꞮɴII
Lrlvz
ᴄᴀᴜЅ trust GᴅꞮƦ.IN .BZ(PDIR.YON)=O(1MINI)
ᴅᴇᴍ1.ᴅɪѕᴛ
ꞮƦƦ ᴄᴀᴜЅ carry =2ᴀᴜɢI
ᴍꞮᴅ say PᴅꞮƦ.HITHER =3ᴍꞮɴIA
Ʀʟ.3ᴀᴜɢ speak PᴅꞮƦ.HITHER
ѕᴜʙʀ
ᴅᴇᴍ2.ᴅɪѕᴛ
ɢᴇɴ1ᴀ
week
all
ꞮƦƦ watching ᴛƦ well =1ᴍꞮɴI
ѕᴜʙʀ
be.1ᴀᴜɢII
Ʀʟ stay GᴅꞮƦ.DOWN PᴅꞮƦ.HITHER =3ᴍꞮɴIS
ᴘꜰᴠ
two;.couple
anchor
ᴅᴇᴍ2.ᴅɪѕᴛ
year
titan.triggerfish
and
and
see GᴅꞮƦ.OUT PᴅꞮƦ.HITHER
ɢᴇɴ1ᴀ
ѕᴜʙʀ
a
ѕᴜʙʀ
so.then
Ʀʟ.3ᴀᴜɢ go GᴅꞮƦ.DOWN =3ᴀᴜɢIS
and
and
one
=3ᴍꞮɴII
ᴅᴇᴍ2.ᴅɪѕᴛ
give PᴅꞮƦ.HITHER =3ᴍꞮɴIA
ᴘᴄꜰʟ.food =3ᴀᴜɢII
not.have;.none.anymore
there
chapter
see =3ᴍꞮɴIA
group =3ᴍꞮɴII
teach ᴀᴘᴘʟ =3ᴍꞮɴII
faith
coconut
start again =1ᴀᴜɢI
ᴘꜰᴠ
ɴᴍʟᴢ1 become ɴᴍʟᴢ.ᴘᴄꜰʟ =3ᴍꞮɴII
time
ᴅᴇᴍ2.ᴅɪѕᴛ
ѕᴜʙʀ
return PᴅꞮƦ.HITHER =1ᴍꞮɴI
ᴛᴘɴʏᴍ
be.3ᴀᴜɢII.
and
neck =1ᴀᴜɢII
time
year
whole
ᴅᴇᴍ2.ᴅɪѕᴛ
none.;.lack;.none
be.good
ᴅᴀᴛ =3ᴍꞮɴII
island
Ʀʟ lose
Ʀʟ.3ᴀᴜɢ convert.s.o. =3ᴀᴜɢIS
so.then
ᴅᴀᴛ =1ᴍꞮɴII
ᴄᴏᴍ.
and
ɴᴍʟᴢ1 remove ɴᴍʟᴢ.ᴘᴄꜰʟ =3ᴍꞮɴII
village
Ʀʟ stand GᴅꞮƦ.OUT ᴀᴘᴘʟ PᴅꞮƦ.HITHER
and
there
ѕᴜʙʀ
ѕᴜʙʀ little
because
ᴘꜰᴠ
3ᴀᴜɢ1 be.schooled =3ᴀᴜɢIS
ѕᴜʙʀ
marry ᴛƦ =1ᴍꞮɴI
Ʀʟ fall ᴀᴘᴘʟ =3ᴍꞮɴII
Ʀʟ.3ᴀᴜɢ be ꞮɴᴛЅ =ᴄᴏЅ =3ᴀᴜɢIS
female
feel.sad ꞮɴᴛЅ =3ᴍꞮɴIS
ɴᴍʟᴢ1 make ᴠƦ
there
PAPAYA.TREE
time
but
ᴀᴄᴄ =1ᴍꞮɴII
Tzlede
ᴅᴇᴍ2.ᴅɪѕᴛ
3ᴀᴜɢ1 fly ᴅЅᴛƦ =3ᴀᴜɢIS
Ʀʟ be.schooled =STILL ᴀᴘᴘʟ =1ᴍꞮɴII
ɴᴇɢ reach =3ᴍꞮɴIA ɴᴇɢ
be.schooled =ᴄᴏЅ =1ᴀᴜɢI
ᴘᴄꜰʟ.hand =1ᴀᴜɢII
king.tree.greens
there
ship
again
ᴘꜰᴠ
dat=1augII
school
and
army
rain
walk =1ᴀᴜɢI
doorway
ɢᴇɴ1ᴀ =3ᴀᴜɢII
ᴅᴇᴍ2.ᴅɪѕᴛ
ᴅᴇᴍ2.ᴅɪѕᴛ
point.of.land;.point;.point
morning
Ʀʟ ᴍꞮᴅ carry ᴛƦ =1ᴀᴜɢI
cattle
throw ꞮɴᴛЅ GᴅꞮƦ.DOWN also PᴅꞮƦ.HITHER =3ᴍꞮɴIA
time
and
ᴘᴄꜰʟ.hand
John
ᴘᴀЅ die VERY ᴘʟ
year
yam
paddle PᴅꞮƦ.YON =1ᴀᴜɢI
hunt always =1ᴀᴜɢI
PRINTING.PRESS
ѕᴜʙʀ big
ѕᴜʙʀ little
manioc
stop
and
ɴᴍʟᴢ1 sorry ᴀᴘᴘʟ
ACC.2augᵢᵢ
ᴄᴏᴍ.
chicken;.bird
ᴅᴀᴛ =3ᴍꞮɴII
ᴅᴇᴍ2.ᴅɪѕᴛ
and
speaking
go GᴅꞮƦ.IN again =1ᴀᴜɢI
pudding
house
dat=1augII
and
colorful
ᴘᴀЅ dispatch just
ᴍꞮᴅ say PᴅꞮƦ.YON =3ᴍꞮɴIA
a
and
road
seems
advrs
eye =1ᴍꞮɴII
cross
time
if
go PᴅꞮƦ.YON =1ᴀᴜɢI
people
ᴀᴄᴄ =1ᴍꞮɴII
ѕᴜʙʀ behind
cross
man
but
pick.up PᴅꞮƦ.HITHER =3ᴍꞮɴIA
ᴅᴇᴍ2.ᴅɪѕᴛ
and
thing
ѕᴜʙʀ
ᴘᴄꜰʟ.hand =1ᴀᴜɢII
WIRE
image
time
ᴘᴄꜰʟ.ʙ&ɢ =1ᴀᴜɢII
ꞮƦƦ do.slowly;.slow =ᴄᴏЅ
image
ѕᴜʙʀ big
ᴍꞮᴅ write =1ᴀᴜɢI
ᴅᴀᴛ =1ᴍꞮɴII
god
be.like =3ᴍꞮɴIA
evening
truck
father =1ᴍꞮɴII
skin
ᴅᴇᴍ2.ᴅɪѕᴛ
day
ѕᴜʙʀ big
ᴅᴇᴍ1.ᴅɪѕᴛ
midst
reach PᴅꞮƦ.HITHER =3ᴍꞮɴIA
police
word =1ᴍꞮɴII
and
Pawa.school
ᴏƦᴅ two
be.2ᴍɪɴII
ɴᴍʟᴢ1 make ᴠƦ
advrs ᴘᴄꜰʟ.ʙ&ɢ =3ᴍꞮɴII ᴘʟ
neck =3ᴀᴜɢII
ᴅᴀᴛ =3ᴍꞮɴII
time
creeper.climber
ɴᴍʟᴢ1 regard.as ɴᴍʟᴢ.ᴘᴄꜰʟ =3ᴀᴜɢII
and
ᴅᴇᴍ2.ᴅɪѕᴛ
be.1ᴀᴜɢII
ɴᴍʟᴢ1 bad ɴᴍʟᴢ.ᴘᴄꜰʟ =3ᴍꞮɴII
ᴅᴇᴍ2.ᴅɪѕᴛ
bundle
SECONDARY
Melomate
ᴄᴀᴜЅ sway PᴅꞮƦ.HITHER =1ᴍꞮɴI =3ᴍꞮɴIIP
ᴄᴏᴍ.
army
female
those
ᴅᴇᴍ2.ᴅɪѕᴛ
Ʀʟ say =ᴄᴏЅ PᴅꞮƦ.YON =3ᴍꞮɴIA
travel =1ᴀᴜɢI
island
help PᴅꞮƦ.HITHER
ѕᴜʙʀ
ꞮƦƦ dispatch ᴀᴘᴘʟ =3ᴍꞮɴII
and
reach PᴅꞮƦ.HITHER =3ᴍꞮɴIA
and
ꞮƦƦ be
ꞮƦƦ stay,.live,.be hidden GᴅꞮƦ.IN =3ᴀᴜɢIS
Ʀʟ turn UᴅꞮƦ.PATH GᴅꞮƦ.OUT
time
Nemya'.
or
all
Ʀʟ go =ᴄᴏЅ
because
3ᴀᴜɢ1 say PᴅꞮƦ.YON =3ᴀᴜɢIA =3ᴍꞮɴIIP
because
doctor
cut ᴛƦ ꞮɴᴛЅ =1ᴀᴜɢI
dawn
be.3ᴀᴜɢII.
Ʀʟ go GᴅꞮƦ.DOWN ᴀᴘᴘʟ =1ᴀᴜɢII
refuse ᴀᴘᴘʟ =3ᴍꞮɴII
fitting
Ʀʟ take =ᴄᴏЅ
ᴅᴇᴍ2.ᴅɪѕᴛ
advrs
boat
ɴᴍʟᴢ1 say GᴅꞮƦ.OUT ɴᴍʟᴢ.ᴘᴄꜰʟ
these
ᴘꜰᴠ
Ʀʟ ᴍꞮᴅ say =ᴄᴏЅ PᴅꞮƦ.HITHER =3ᴍꞮɴIA
based.on
dat=1augII
root
and
no
ɴᴍʟᴢ.ᴘᴄꜰʟ =3ᴍꞮɴII
be.1ᴀᴜɢII
end
house
neck =3ᴍꞮɴII Ʀʟ think =3ᴍꞮɴIA
ᴅᴇᴍ2.ᴅɪѕᴛ
place
because
island
but
a
KWILA.TREE
these
so.then
ɴᴍʟᴢ1 show;.show;.prove ɴᴍʟᴢ.ᴘᴄꜰʟ PᴅꞮƦ.HITHER =3ᴍꞮɴIA
ɴᴇɢ sleep true =1ᴀᴜɢI ɴᴇɢ
ᴘꜰᴠ
bush
ᴅᴇᴍ2.ᴅɪѕᴛ
people.of
ᴍꞮᴅ hold
be ᴛƦ =1ᴀᴜɢI
water
ᴅᴀᴛ =3ᴍꞮɴII
be LEEWARD GᴅꞮƦ.UP =3ᴍꞮɴIA
here
ᴅᴇᴍ2.ᴅɪѕᴛ
those
mind
ꞮƦƦ paddle just ᴛƦ =ᴄᴏЅ =1ᴍꞮɴI
ѕᴜʙʀ
ɴᴍʟᴢ1 make ɴᴍʟᴢ.ᴘᴄꜰʟ =1ᴀᴜɢII
money
fall UᴅꞮƦ.THROUGH ᴛƦ =ᴄᴏЅ
ᴏƦᴅ four
ɢᴇɴ1ᴀ
and
child
and
little
3ᴀᴜɢ1 be GᴅꞮƦ.UP PᴅꞮƦ.YON =3ᴀᴜɢIS
and
church.building
ꞮƦƦ be.good =3ᴍꞮɴIS
ѕᴜʙʀ
day ѕᴜʙʀ holy
ɴᴇɢ feel.sad ɴᴇɢ
insides
ᴅᴇᴍ2.ᴅɪѕᴛ
and
day
be
ᴀᴄᴄ =1ᴍꞮɴII
GERMANY
ꞮƦƦ jump GᴅꞮƦ.IN PᴅꞮƦ.YON =1ᴀᴜɢI
ѕᴜʙʀ
ɴᴇɢ allow ᴀᴘᴘʟ PᴅꞮƦ.HITHER =3ᴍꞮɴIA ɴᴇɢ
there
cook ꞮɴᴛЅ
child
there
ᴘᴄꜰʟ.inherent
ACC.2augᵢᵢ
ѕᴜʙʀ big
pigeon.
Menabz
top
these
name =3ᴍꞮɴII
pull.out ꞮɴᴛЅ GᴅꞮƦ.OUT =THEM
Natqgu
ᴄᴏᴍ.
airplane
vowel
ѕᴜʙʀ
ᴅᴇᴍ2.ᴅɪѕᴛ
food
ᴍꞮᴅ say PᴅꞮƦ.YON =3ᴍꞮɴIA
but
and
Fiu,.Malaita
Lrlvz
ɴᴍʟᴢ1 complete ɴᴍʟᴢ.ᴘᴄꜰʟ PᴅꞮƦ.YON =3ᴀᴜɢIA
there
ᴅᴇᴍ2.ᴅɪѕᴛ
Ʀʟ ᴍꞮᴅ say =ᴄᴏЅ PᴅꞮƦ.HITHER
sea
be.1ᴀᴜɢII
Nebz.vil
sickness
Фɴᴛ.Ѕɢ
ᴅᴀᴛ =1ᴍꞮɴII
peace
and
be.2ᴍɪɴII
a
be.good
APRIL
captain
God
ᴄᴀᴜЅ ᴍꞮᴅ shine ꞮɴᴛЅ GᴅꞮƦ.DOWN .BZ(PDIR.YON)=O(1MINI)
Honiara
Ʀʟ sleep =ᴄᴏЅ =1ᴍꞮɴI
Ʀʟ say PᴅꞮƦ.YON =1ᴀᴜɢI
stay,.live,.be quiet =2ᴀᴜɢI
be.schooled
name =3ᴍꞮɴII
ᴘᴀЅ shoot GᴅꞮƦ.DOWN instead PᴅꞮƦ.HITHER
ᴀᴄᴄ =1ᴍꞮɴII
GRACIOSA.BAY
strike ᴛƦ GᴅꞮƦ.IN PᴅꞮƦ.YON =3ᴍꞮɴIA
Ilrmztangi
ѕᴜʙʀ
ᴘꜰᴠ
miracle
those
Ʀʟ.3ᴀᴜɢ be ꞮɴᴛЅ =STILL =3ᴀᴜɢIS
DOOR
ᴘᴄꜰʟ.ʙ&ɢ
and
today
ᴅᴀᴛ =1ᴍꞮɴII
3ᴀᴜɢ1 leave PᴅꞮƦ.YON
story
ᴘᴀЅ speak
Nebrnz
Ʀʟ.3ᴀᴜɢ sleep GᴅꞮƦ.OUT ᴀᴘᴘʟ PᴅꞮƦ.HITHER
ѕᴜʙʀ little ꞮɴᴛЅ
ᴘᴄꜰʟ.inherent
ꞮƦƦ say PᴅꞮƦ.HITHER =3ᴍꞮɴIA
be.12ᴀᴜɢII
ᴅᴇᴍ2.ᴅɪѕᴛ
coconut
Ʀʟ ᴍꞮᴅ say =ᴄᴏЅ .BZ(PDIR.YON)=O(1MINI)
ᴄᴏᴍ.
ɴᴍʟᴢ1 make ᴠƦ
way
ѕᴜʙʀ
army
man
Ʀʟ light.the.way again =1ᴍꞮɴI
ѕᴜʙʀ
ѕᴜʙʀ
Malaita
there
ᴅᴇᴍ2.ᴅɪѕᴛ
year
ѕᴜʙʀ
ᴀᴄᴄ =1ᴀᴜɢII
ѕᴜʙʀ
Ʀʟ stay GᴅꞮƦ.DOWN ᴀᴘᴘʟ
ѕᴜʙʀ
ɴᴍʟᴢ1 make ᴠƦ
people
ᴅᴇᴍ1.ᴅɪѕᴛ =ᴄᴏЅ
yam
know PᴅꞮƦ.YON =3ᴍꞮɴIA
Menabz
extremely.good ꞮɴᴛЅ
Ʀʟ break =ᴄᴏЅ
none.;.lack;.none
or
Ʀʟ dispatch =ᴄᴏЅ
yesterday
ᴅᴀᴛ =3ᴍꞮɴII
a
ᴅᴇᴍ2.ᴅɪѕᴛ
be =1ᴀᴜɢII
ᴘꜰᴠ
and
Narnztilolx.(village)
ᴅᴇᴍ2.ᴅɪѕᴛ
piece =3ᴍꞮɴII
name =3ᴍꞮɴII
both
ᴀᴄᴄ =1ᴍꞮɴII
and
there
rotten ᴛƦ =ᴄᴏЅ
travel ᴀᴘᴘʟ PᴅꞮƦ.HITHER =3ᴍꞮɴIA
those
Ʀʟ.3ᴀᴜɢ hold PᴅꞮƦ.YON =3ᴀᴜɢIA
ᴘꜰᴠ
ᴀᴛ.фɴᴛ.ᴘʟ.ᴘʟ
grandfather =1ᴍꞮɴII
and
Ʀʟ stand GᴅꞮƦ.OUT ᴀᴘᴘʟ PᴅꞮƦ.HITHER
face =3ᴍꞮɴII
ᴘᴄꜰʟ.ʙ&ɢ =3ᴀᴜɢII
ѕᴜʙʀ
a
time
ᴅᴇᴍ1.ᴘʀᴏχ
split GᴅꞮƦ.OUT =3ᴍꞮɴIA
all
here
group =3ᴍꞮɴII
3ᴀᴜɢ1 live,.stay hidden =3ᴀᴜɢIS
time
CAN
ᴘꜰᴠ
and
loincloth
ɴᴍʟᴢ1 empty ɴᴍʟᴢ.ᴘᴄꜰʟ =3ᴍꞮɴII
so.that
so.then
Ʀʟ converse =ᴄᴏЅ PᴅꞮƦ.YON
testimony
coconut
ʀᴇꜰʟ
word
head =2ᴍꞮɴII
unseen
ѕᴜʙʀ
midday
those
be.schooled
Ʀʟ.3ᴀᴜɢ go.out ᴀᴘᴘʟ
ѕᴜʙʀ
ѕᴜʙʀ
and
island
home =3ᴀᴜɢII
Tulagi
Ʀʟ jump UᴅꞮƦ.THROUGH =1ᴀᴜɢI ᴘʟ
ᴘꜰᴠ
go ꞮɴᴛЅ FOREVER
ᴅᴇᴍ2.ᴅɪѕᴛ
ᴅᴀᴛ =1ᴍꞮɴII
thing
name =3ᴍꞮɴII
a
JAPAN
January
ѕᴜʙʀ
so.then
and
Ʀʟ fall GᴅꞮƦ.OUT PᴅꞮƦ.HITHER =3ᴍꞮɴIS
and
father =1ᴍꞮɴII
Ʀʟ.3ᴀᴜɢ crawl UᴅꞮƦ.THROUGH
ɴᴍʟᴢ1 reach GᴅꞮƦ.IN again PᴅꞮƦ.HITHER =3ᴀᴜɢIA
3ᴀᴜɢ1 ᴍꞮᴅ say PᴅꞮƦ.HITHER =3ᴀᴜɢIA
ᴘꜰᴠ
and
Ʀʟ climb =ᴄᴏЅ =1ᴍꞮɴI
road
a
those
die ꞮɴᴛЅ =ᴄᴍᴘʟ
cyclone
people
food
ɢᴇɴ1ᴀ
go ᴅᴘᴠ GᴅꞮƦ.IN =3ᴍꞮɴIA
ɴᴇɢ understand GᴅꞮƦ.IN PᴅꞮƦ.YON ɴᴇɢ
ᴘꜰᴠ
be.1ᴀᴜɢII
big ꞮɴᴛЅ much ᴀᴘᴘʟ
ᴛᴘɴʏᴍ
ᴘᴄꜰʟ.rsbl =3ᴍꞮɴII
head
ѕᴜʙʀ
and
Ʀʟ be ꞮɴᴛЅ GᴅꞮƦ.IN =ᴄᴏЅ PᴅꞮƦ.HITHER =1ᴀᴜɢII
island
day
ᴘꜰᴠ
ᴀᴄᴄ =1ᴍꞮɴII
be.like
neck =3ᴀᴜɢII
word
those
JAPAN
demon
Ʀʟ spear MAKE.HOLE GᴅꞮƦ.DOWN PᴅꞮƦ.HITHER =3ᴍꞮɴIA
thing
ѕᴜʙʀ
jump UᴅꞮƦ.THROUGH ᴀᴘᴘʟ ᴛƦ =ᴄᴏЅ =1ᴀᴜɢI
stand ꞮɴᴛЅ GᴅꞮƦ.UP PᴅꞮƦ.HITHER
ѕᴜʙʀ
Ʀʟ live,.stay together =ᴄᴏЅ =1ᴀᴜɢI
coconut
ᴄᴏᴍ.
ѕᴜʙʀ big
there
ᴄᴏᴍ.
because
ɢᴇɴ1ᴀ
and
all
and
a
ᴅᴀᴛ =1ᴍꞮɴII
ᴘᴄꜰʟ.hand =2ᴍꞮɴII
school
and
class
go
ѕᴜʙʀ
ᴅᴇᴍ2.ᴅɪѕᴛ
ɢᴇɴ1ᴀ
sea
none.;.lack;.none
daytime
step.on GᴅꞮƦ.DOWN =3ᴍꞮɴIA
FOREVER
ᴘꜰᴠ
that.one
USA,.AMERICA
cooked
only.one
Josis
ᴅᴇᴍ2.ᴅɪѕᴛ
moon.
ᴅᴇᴍ2.ᴅɪѕᴛ
ᴅᴇᴍ2.ᴅɪѕᴛ
ᴅᴇᴍ2.ᴅɪѕᴛ
be ꞮɴᴛЅ just =1ᴀᴜɢI
road
but
ѕᴜʙʀ
Ʀʟ stand GᴅꞮƦ.OUT ᴀᴘᴘʟ PᴅꞮƦ.HITHER
BAND
night
Ʀʟ be =ᴄᴏЅ =12ᴀᴜɢI
because
ɢᴇɴ1ᴀ =3ᴀᴜɢII
both =2ᴀᴜɢII
house
ᴘꜰᴠ
know PᴅꞮƦ.YON =1ᴀᴜɢI
ɢᴇɴ1ᴀ =1ᴀᴜɢII ᴘʟ
ᴄᴏᴍ.
COWBOY
ꞮƦƦ hurry UᴅꞮƦ.PATH GᴅꞮƦ.IN =3ᴀᴜɢIA
ѕᴜʙʀ
3ᴀᴜɢ1 be =3ᴀᴜɢIS
army
rain
elders
home
house
marry ᴛƦ =1ᴍꞮɴI
ᴘꜰᴠ
ᴅᴀᴛ =1ᴍꞮɴII
ᴅᴇᴍ2.ᴅɪѕᴛ
be.3ᴀᴜɢII.
Bznwz.vil
and
because
stay GᴅꞮƦ.OUT
monk
school
side
3ᴀᴜɢ1 scream =ᴄᴏЅ =3ᴀᴜɢIS
because
ɢᴇɴ1ᴀ =1ᴀᴜɢII
be.3ᴀᴜɢII.
ɴᴇɢ powerful much ɴᴇɢ
a
important
ᴄᴏᴍ.
mind =3ᴍꞮɴII
here
ѕᴜʙʀ big
ѕᴜʙʀ
big GᴅꞮƦ.UP PᴅꞮƦ.HITHER
son =2ᴍꞮɴII
teach ᴀᴘᴘʟ =1ᴍꞮɴII
cross
man
Ʀʟ think again =3ᴍꞮɴIA
ɴᴍʟᴢ1 red ᴛƦ ɴᴍʟᴢ.ᴘᴄꜰʟ
and
dat=1augII
there
and
ꞮƦƦ be =ᴄᴏЅ
ᴄᴏᴍ.
Daniel
ɴᴍʟᴢ1 stay GᴅꞮƦ.DOWN ɴᴍʟᴢ.ᴘᴄꜰʟ PᴅꞮƦ.HITHER =3ᴍꞮɴIA
ѕᴜʙʀ
dat=2minII
enter.in =1ᴍꞮɴI
Ʀʟ paddle GᴅꞮƦ.OUT =ᴄᴏЅ
CAN
different ᴘʟ
neck =1ᴀᴜɢII
ѕᴜʙʀ dry
month
demon
ꞮƦƦ punish =1ᴍꞮɴI ᴘʟ
Ʀʟ go ᴀᴘᴘʟ PᴅꞮƦ.HITHER
be.1ᴀᴜɢII
coconut
see =3MINᵢᵢ
people
sea
ѕᴜʙʀ
year
group
Ʀʟ hang GᴅꞮƦ.IN =STILL
day
a
and
ɢᴇɴ1ᴀ
ᴘᴄꜰʟ.hand =1ᴀᴜɢII
ᴘᴀЅ allow ᴀᴘᴘʟ PᴅꞮƦ.YON
ᴘᴄꜰʟ.food .BZ(PDIR.YON)=O(1MINI)
child
rope
ᴘᴀЅ shoot =ᴄᴏЅ 2ᴍꞮɴII
and
stoll
man
ᴘꜰᴠ
none.;.lack;.none
ᴅᴇᴍ2.ᴅɪѕᴛ
and
spider.web
child
year
WHAT
3ᴀᴜɢ1 ᴍꞮᴅ give ᴛƦ PᴅꞮƦ.HITHER =3ᴀᴜɢIS
so.then
ɢᴇɴ1ᴀ =1ᴀᴜɢII
ᴅᴇᴍ2.ᴅɪѕᴛ
enter.in PᴅꞮƦ.HITHER =1ᴍꞮɴI
insides
breadfruit
ɴᴍʟᴢ1 ᴄᴀᴜЅ bind ᴀᴘᴘʟ ᴘʟ
ᴅᴇᴍ1.ᴅɪѕᴛ
ship
time
hem.nao
and
ᴅᴇᴍ2.ᴅɪѕᴛ
thing
Ʀʟ push GᴅꞮƦ.IN Ʀᴇꜰʟ =ᴄᴏЅ
ᴅᴀᴛ =1ᴍꞮɴII
Ʀʟ reach.(a.place) =3ᴍꞮɴIA
John
ᴅᴇᴍ2.ᴅɪѕᴛ
maybe;.I.think
fitting
house
sun
ᴍꞮᴅ peel
Nemya'.
ᴅᴀᴛ =3ᴍꞮɴII
ѕᴜʙʀ
eye =1ᴀᴜɢI
boat
time
and
rain
make ᴀᴘᴘʟ
ᴘᴄꜰʟ.feel
ꞮƦƦ hurry GᴅꞮƦ.IN =12ᴍꞮɴI
time
because
ᴅᴇᴍ1.ᴘʀᴏχ
Ʀʟ travel GᴅꞮƦ.OUT =ᴄᴏЅ
brother =3ᴍꞮɴII
ɴᴍʟᴢ1 ᴍꞮᴅ kill ɴᴍʟᴢ
those
and
Mzdxmingr.village
writing
letter
much.bigger
USA,.AMERICA
ѕᴜʙʀ
both.of.them
be.1ᴀᴜɢII
here
friend =3ᴍꞮɴII ᴘʟ
home =3ᴀᴜɢII
even.though
ᴄᴏᴍ.
ᴏƦᴅ two
Ʀʟ ᴍꞮᴅ say =ᴄᴏЅ PᴅꞮƦ.HITHER
ɴᴍʟᴢ1 go ɴᴍʟᴢ.ᴘᴄꜰʟ PᴅꞮƦ.HITHER =1ᴀᴜɢII
wild.taro
boxing
shaman
play =1ᴀᴜɢI
fire
ᴄᴀᴜЅ be.good GᴅꞮƦ.IN =ᴄᴏЅ PᴅꞮƦ.YON =12ᴀᴜɢI
ɢᴇɴ1ᴀ
things =3ᴀᴜɢII
ᴘꜰᴠ
ᴘᴄꜰʟ.ʙ&ɢ =1ᴀᴜɢII
English
Neboi
fish
time
because
ᴘꜰᴠ
neck =1ᴀᴜɢII
again
ᴅᴇᴍ2.ᴅɪѕᴛ
ѕᴜʙʀ
ꞮƦƦ stay,.live,.be quiet
ᴄᴏᴍ.
ɴᴍʟᴢ1 float GᴅꞮƦ.IN ɴᴍʟᴢ.ᴘᴄꜰʟ =3ᴍꞮɴII
Ʀʟ say =ᴄᴏЅ ᴀᴘᴘʟ .BZ(PDIR.YON)=O(1MINI) =3ᴍꞮɴIIP
tree
shoe
side
ɴᴍʟᴢ1 drink ɴᴍʟᴢ.ᴘᴄꜰʟ =3ᴀᴜɢII
no
ᴄᴏᴍ.
two =ᴄᴏЅ
ᴅᴇᴍ2.ᴅɪѕᴛ
write
where
ᴅᴇᴍ2.ᴅɪѕᴛ
be.good
ɴᴍʟᴢ1 meander GᴅꞮƦ.OUT ɴᴍʟᴢ.ᴘᴄꜰʟ PᴅꞮƦ.HITHER =2ᴀᴜɢI
stone
story
a
Ʀʟ go ALONG GᴅꞮƦ.DOWN =ᴄᴏЅ =1ᴀᴜɢI
dat=1augII
sea
Ʀʟ die =ᴄᴏЅ ᴀᴘᴘʟ =3ᴍꞮɴII
ѕᴜʙʀ ɴᴍʟᴢ1 be.schooled
ᴅᴇᴍ2.ᴅɪѕᴛ
ᴅᴇᴍ2.ᴅɪѕᴛ
Ʀʟ ᴍꞮᴅ say =ᴄᴏЅ PᴅꞮƦ.YON =3ᴍꞮɴIA
because
jump GᴅꞮƦ.IN =1ᴀᴜɢI
and
ᴅᴇᴍ2.ᴅɪѕᴛ
Ʀʟ jump GᴅꞮƦ.OUT =ᴄᴏЅ
ɢᴇɴ1ᴀ =3ᴍꞮɴII
moon.
Sunday
ᴅᴇᴍ2.ᴅɪѕᴛ
ᴅᴇᴍ2.ᴅɪѕᴛ
Baengr
ᴄᴏᴍ.
gust