dunie
malot
namin
khase
me- baju
khut
ngeng -ken
mbelin
si
nemu
dukun
aneh
tapi
kekade
ni
iye
nggo
gelakh
nggo
men- damba -ken
oyek
maksud
te
tekh- cape
tapi
okhang.tue ==ne
tekun
natam
khang.tue ==ne
iye -me
khut
ni- kate -ken
lain ==ne
khut
sendah ende
pe- tani
coklat
pe
deleng
oleh
lebe
mem- ekhe -ken
si
nemu
iye
me- jolokh
per- tambah
ni- ato ==ne
dukut
me- tahan
bhual -i ==ne
kakhang
ate ==ne
uwis
[...]-- tanemen
me- dalan
lot
selukhuh
n- tukokh
susah
lot
bakhu lah
khut
sang
me
cut ==ne
khaje
setekhusne
kane
geluh
atao
iye
si
semenjak
kekhe
iye
iye
keempat
bebekhe ==ne
nde
aku
puket
walau
aku
mame
namun
toh
tulang
geluh ==ne
si
si
si
pagi
keluki
edi
iye
sukukhen
bahwe
bagas
ke- khaja -en
niwekhe
se- ketike
apelagi
oleh
khaje
mem- ege
si
men- jage
jabate ==ne
setekhusne
undangen
te
si
gakham -i lah
khut
khele
uwak ==ne
abang ==ne
pesan
me- babe
tabit dukun mentakh
khut
meng- asud
kayue
tenggakhe
tegak
geluh
pe- nata -en
gukhu
tekhus
nahang -ne
men- abin -i
sen
ni
te
tihang
nde
si
anak
ak
khut
kane
desa
jahan.jakh
sendah
untuk
tapi
te
okhang.tue
cinte
khut
tukhun men- tukhun
biakh -i
enggo
pekhintah
dalan
kelak
sang
padahal
anak
tas
sedih ==ne
khang.tue ==ne
sekhik
adalah
pade
penjelasen
anak
ni- tumpang kepaling -ken
si
anak.laki
buah
mungkin
si
tekhyate
megah
kobo
namun
ame
keluakhge
bhe
apekah
pe
mate
tukhang ==ne
oyek lah
me- [...]-- bulan
te
ngkran
wayang
khut
wakhi
kae
natam
tanemen
khombong -en
oleh
mem- mengket -i
peng- asing -en
bulu
tutung
kane
ekas
te
natam
khut
sang
te
lot
si
bekhu ==ku
kanda
se- putekh -en
sekolah -ken
tanoh
me- [...]-- tahun
men- bantu
mbelin
daekhah ==ne
si
si
khajin
te
anak
si
kalak
peng- uase
hal
kekhi ==ne
khaje
kalak
malet
pe
iye
tunduk
langsung
nahang -ne
kao
me- hakhte
soh ==lah
keji
me- jagung
abhang
sendah
lupe
ni
laki ==ne
anak ==ne
luakh
khaje
nde
me
sang
bayi
si
bayi
sakti
bumi
senang ==lah
namun
kalak
uang
[...]-- ninik
te
deleng
meng- ato
sekali
keluakhge ==ne
te
atas
senuan
ni
lah
lot
ng- gakhem -i
edi
mbue
daye
si
me- daye
amin
mange
te
putus ase
bongi
khimo
pejabat
uwak ==ne
tebe ==mu
khangtue
de
pekhistiwe
ni- tekhus -i
ni- segan -i
khaje
balik
edi
kase
pahakh
si
babe m- balik -me
si
nanak
malet
kao
me- bagas
bende ==lah
akhi
ni- bunuh ==ne
bakhu
jabu
sedih ==ne
uan -me
deleng
ngkhan
tentang
malot
meng- angap
si
madhe
pade
si
sekolah
tentang
wahai
men- andung ==ne
harga -i
kane
ni- bahan
khaje
untuk
geluh
bekhu ==ku
ulah
amin
de
malet
bhone
penganggukhen
ame
sang
anak
me- cekhok
toh
petame
mejile
cangkul
penamun
te
pepige
sebage
betabe
ke- ekhoh -en
pe- tani
pudi
suami
sabakh
untuk
tapi
akhi
kane
madhe
buah
me- sedih ==ne
malot
sebuah
ke- tukhun -en
anak.laki
me- hak
soh
iye
balik
==ne
uwak
pahat
natam
akali ==ne
ngkhan
nakan
edi
megekhogoti
[...]-- hanjakh
anjam -en
[...]-- macam
ngkhan
mulai
te
belin
khut
aku
me
wahai
ketang
ni
khut
tekhjal
bekhu
me- layakh
lain
oleh
melaku.ken
ni- pesulak -i
te- gakhem -i
bhaju ==ku
si
akhi
mame
te
ni- pekhcaye
polisi
tule
tekh- jadi
mejile
tanoh
tetap
khut
ekas
khaje
tekh- atou
aku
ninik
iye
kalak
lah
se- kalak
te
ni
belantakhe
ise
ni
ni- susun
benakh -kah
ni
cuping
meng- hadikh -i
pul
kane
kao
tandok me- sile
tekhus
negkhi
tekhsebut
kelak
terjadi
mampu
asal ==ne
kabakh
te
khaje
edi -me
de
malet
ni- bunuh
wakhi
kisat
adinda
lebuh
side
te
kane
khesep
kendin
kune
usahe
se- kune -ne
kabakh
si
tahun
mate
khut
gaikhah
si
kayu
bage
nujum
nange
anak
tukhang ==ne
usahe
tetapi
me- gelakh
pakek
meng- hokhmat -i
te
kalak
pulih
untuk
malet
men [...]-- nutup -i
mame
hakhte
nujum
lelukhuh
aku
khoh
khut
meng- angkat
kawin
jeme
aku
te
laus
kae
si
kelok lah
mekh- umukh
niat
mampu
te
pengawal
sebuah
sultan
lembu
nange
allah
madhe
ni- tumpang kepaling
se- kalak
ni.hande
bhatu
sendah
bakhu
sulit
mekh- ayu
cuping
munyang
[...]-- khut
edi
soh ==lah
bage
ni
bage
me
laki
mame ==ku
si
meng- alam -i
mem- unuh
te
pedagang
khaje
sen
kane
nomokh
de
aku
mbue -me
tihang
kute ==ne
geluh
ni- bagi
acakhe
me- nikah -i
kase
edi
sahung
si
jeme
khut
pe
sendikhi
laki ==ne
balik
keluakhge
buhung
kawin
tuan
ni- tunang -ken
ni
edi
edi
bekhite
bungki
iye
anak
khencane
kute
ende
bahan
ke- kuasa -en
malot
kao
ge
nemu
pinang -en
khoh
khut
enggo
khut
ni- pinang
pe
edi
deleng
nangkih
tepat
me- daun
si
[c^1][v^1]- pelin
datas
patkhilineal
se- kalak
angkat
me
bahwe
khut
anak
debekhu
lot
untuk
malet
sukut ==ne
medem
meng- asing -ken ==ne
gane
tandok sile -me
te
sangub
ni- pido
senang -ne
me- gekhot
pe- sakhat -en
sayukh -en
si
tekh- singkikh
malet
men- ading -ken
de
kase
manusie
deleng
edi
tuan ==ku
hakhus ==ne
semakin
sang
ke- khoh -en
ngkhan
enggi ==mu
engekhan
suatu
ge
enggi ==mu
pake -en
si
bekhu ==ne
pekhcaye
mampu
si
edi
siap
cinta -i
amek ==ne pe
iye
khut
cinte
dekah
tanoh
endak
de lah
sang
ngekhi
plastik
malet
khut
due ==ne
kane
cekhane
mame ==ne
tekhus
nujum
alangkah
khut
jume
de
madhe
khakyat
meng- anggu
edi
anak ==ne
tangis
untuk
iketen
te
ni- tekhime
ke- gigih -en
malet
kane
si
lancang
ni
sesikel
me
bende
baginen ==en
te
ate
deleng
khut
ni- harga -i
se- gijap
metekh
lawe
me- peluah
peng- kikha -en
me- untung
ni- tekhime
manuk
tebe ==ne
anak
me
tekhus
mem- ido
khut
belangkejekhen
segale
ni
tekham tunjang -i
untuk
untuk
natam
si
tandi
malet
nggo
ke- khaja -en
jume
kobo
ulang
khaje
bahan -en
nakan
ke- siwah
dukun
soh ==lah
[...]-- timbang
belantakhe
ntekhen
ingin -ken
waktu
pe- ng- kekhet -ken ==mu
pe- tukokh -ken
==ne