PREP
V
Perspro ᴀᴄᴄ =1ᴀᴜɢII
@@@ GᴅꞮƦ.IN PᴅꞮƦ.YON =1ᴀᴜɢI
Det
N
CONJ
Adv
PREP
PREP
Particle
N(kxcl)
PREP
@@@ Ʀʟ PᴅꞮƦ.HITHER
N BAND
PREP
A-D-P2 =1ᴍꞮɴII
N
N
A-D-P2 =3ᴍꞮɴII
RPRN
@@@ ᴘꜰᴠ
PREP
CONJ
CONJ
PREP
CONJ
N
@@@ ɴᴍʟᴢ1 ᴀᴘᴘʟ
V
@@@ =1ᴀᴜɢI
@@@ Ʀʟ.3ᴀᴜɢ ᴍꞮᴅ =3ᴀᴜɢIS
A-D-P2 =3ᴍꞮɴII
RPRN
@@@ =1ᴀᴜɢII ᴘʟ
@@@ =1ᴍꞮɴI
N
N
@@@
CONJ
Perspro =1ᴍꞮɴII
PREP
Particle
Posspro
N
@@@ Ʀʟ ᴀᴘᴘʟ PᴅꞮƦ.YON =.MQ(PDIR.HITHER)=Q(2MINI)
RPRN
Det
Det
Adj
@@@
@@@ ᴘꜰᴠ
N
RPRN
N
@@@ ɴᴍʟᴢ.ᴘᴄꜰʟ =3ᴍꞮɴII
@@@ ɴᴍʟᴢ1 ᴄᴀᴜЅ =3ᴀᴜɢIS
CONJ
N
PREP
Adv
Adv
PN
Posspro =3ᴍꞮɴII
RPRN
RPRN
@@@ 3ᴀᴜɢ1 ᴄᴀᴜЅ =3ᴀᴜɢIA
Posspro
@@@ ꞮɴᴛЅ
Det
V
@@@ =3ᴍꞮɴII
Perspro
A-D-P2
CONJ
@@@ ᴘꜰᴠ
Det
@@@ ᴘꜰᴠ
PREP
Det
N
@@@
V
Adv
Particle
@@@ ɴᴍʟᴢ1 ɴᴍʟᴢ.ᴘᴄꜰʟ =1ᴍꞮɴII
N(kxcl)
PREP
CONJ
Adv
N
CONJ
N
RPRN
pro
@@@ Ʀʟ.3ᴀᴜɢ PᴅꞮƦ.HITHER =3ᴀᴜɢIS
N
Adv
@@@ Ʀʟ =STILL ᴀᴘᴘʟ =1ᴍꞮɴII
@@@ ᴘꜰᴠ
N
RPRN
interrog
@@@ ꞮƦƦ =3ᴀᴜɢIA
PREP
N =3ᴍꞮɴII
N
Posspro =1ᴍꞮɴII ᴘʟ
Particle
PREP
N
CONJ
CONJ
PREP
RPRN
V PᴅꞮƦ.HITHER =3ᴍꞮɴIS
CONJ
@@@ Ʀʟ =ᴄᴏЅ =1ᴀᴜɢI
CONJ
@@@ ɴᴍʟᴢ1 ɴᴍʟᴢ.ᴘᴄꜰʟ =3ᴍꞮɴII
PREP
@@@ ꞮɴᴛЅ
@@@
N
@@@ ɴᴍʟᴢ1 ᴛƦ ɴᴍʟᴢ.ᴘᴄꜰʟ
RPRN
@@@ ɴᴍʟᴢ1 ᴛƦ ɴᴍʟᴢ.ᴘᴄꜰʟ =1ᴀᴜɢII
V =1ᴀᴜɢI
CONJ
Det
N
N
Posspro =3ᴍꞮɴII
NP
Posspro =3ᴍꞮɴII
Posspro =3ᴍꞮɴII ᴘʟ
@@@
@@@ =1ᴍꞮɴII
Adv
N
@@@ PᴅꞮƦ.HITHER =3ᴍꞮɴIA
@@@ ꞮƦƦ
V ɴᴍʟᴢ1 ɴᴍʟᴢ.ᴘᴄꜰʟ =3ᴀᴜɢII
Posspro
RPRN
GEN
@@@ Ʀʟ GᴅꞮƦ.OUT =ᴄᴏЅ
DEM
Particle
V
@@@
@@@ WHARF
@@@
N
N =3ᴍꞮɴII
CONJ
N
N
N =1ᴍꞮɴII
PREP
PREP
V
N
Particle
@@@ GᴅꞮƦ.OUT PᴅꞮƦ.YON =3ᴍꞮɴIA
A-D-P2
N
N
Adv
V ɴᴍʟᴢ1 ᴄᴀᴜЅ PᴅꞮƦ.YON ɴᴍʟᴢ
@@@ ᴍꞮᴅ PᴅꞮƦ.HITHER
Ord ᴏƦᴅ
V ᴘᴀЅ
CONJ
CONJ
A-D-P2
@@@
CONJ
N
PREP
N
pro
CONJ
N
N
@@@ =ᴄᴍᴘʟ =3ᴍꞮɴIA
vt ꞮƦƦ Ʀᴇꜰʟ =1ᴀᴜɢII
C-fix-Nom
N
Det
V
CONJ
@@@ ɴᴍʟᴢ1 ɴᴍʟᴢ.ᴘᴄꜰʟ
Adv
N =3ᴀᴜɢII
interrog
@@@ Ʀʟ.3ᴀᴜɢ ᴛƦ
V ᴘᴀЅ ᴄᴀᴜЅ ᴀᴘᴘʟ
N
V Ʀʟ GᴅꞮƦ.IN PᴅꞮƦ.HITHER
@@@ ɴᴍʟᴢ1 ɴᴍʟᴢ.ᴘᴄꜰʟ =3ᴀᴜɢII
Adv
@@@ ɴᴇɢ =1ᴍꞮɴI ɴᴇɢ
Adv
@@@ Ʀʟ =ᴄᴏЅ
N ɴᴍʟᴢ1 PᴅꞮƦ.HITHER =3ᴀᴜɢIS
N
V ꞮƦƦ PᴅꞮƦ.HITHER
RPRN
@@@ ᴘꜰᴠ
N
V
V
RPRN
@@@ ɴᴍʟᴢ1 GᴅꞮƦ.UP ɴᴍʟᴢ.ᴘᴄꜰʟ PᴅꞮƦ.HITHER =3ᴍꞮɴIA
A-D-P2
V Ʀʟ GᴅꞮƦ.DOWN ᴀᴘᴘʟ PᴅꞮƦ.HITHER
RPRN
DEM
N
Particle
@@@
PREP
CONJ
@@@ Ʀʟ FOLLOW =3ᴍꞮɴIA
Particle
C-fix-Nom ɴᴍʟᴢ1 ᴠƦ
@@@ ᴀᴘᴘʟ =1ᴀᴜɢII
@@@ ɴᴍʟᴢ1 ɴᴍʟᴢ.ᴘᴄꜰʟ =1ᴍꞮɴII =3ᴍꞮɴIA
@@@ ᴘꜰᴠ
N ɴᴍʟᴢ1 PASS.EXAM
Adj
@@@ Ʀʟ =ᴄᴏЅ =1ᴀᴜɢI
PREP
CONJ
@@@ ꞮƦƦ ꞮɴᴛЅ =12ᴍꞮɴI
C-fix-Nom
@@@ 3ᴀᴜɢ1 =3ᴀᴜɢIA
CONJ
Det
Particle
Posspro
PREP
pro
PREP
@@@ ᴘꜰᴠ
V
@@@ =3ᴍꞮɴIA
@@@ ꞮƦƦ =1ᴍꞮɴI
Perspro
@@@ 3ᴀᴜɢ1 =3ᴀᴜɢIS
@@@ =1ᴀᴜɢI
CONJ
N
PCLF =3ᴀᴜɢII
@@@
CONJ
@@@ =3ᴍꞮɴII
CONJ
A-D-P2
@@@ ᴘꜰᴠ
A-D-P2
PN
@@@ ᴘꜰᴠ
@@@
N =3ᴍꞮɴII
RPRN
@@@ ꞮɴᴛЅ =ᴄᴏЅ
PREP
PREP
C-fix-Nom ɴᴍʟᴢ1 ɴᴍʟᴢ
PREP
N
V ᴍꞮᴅ PᴅꞮƦ.HITHER =3ᴍꞮɴIA
PN
@@@ Ʀʟ.3ᴀᴜɢ ᴀᴘᴘʟ
V
@@@ Ʀʟ ᴀᴘᴘʟ =1ᴀᴜɢII
N
Perspro ᴀᴄᴄ =1ᴍꞮɴII
@@@ =1ᴍꞮɴII
@@@ Ʀʟ ᴍꞮᴅ ᴛƦ =1ᴀᴜɢI
N
CONJ
V =3ᴍꞮɴIS
@@@ Ʀʟ ᴀᴘᴘʟ =3ᴍꞮɴII
@@@ ɴᴍʟᴢ1 ɴᴍʟᴢ.ᴘᴄꜰʟ PᴅꞮƦ.YON =3ᴀᴜɢIA
N
N
N
@@@ Ʀʟ START GᴅꞮƦ.IN =ᴄᴏЅ =1ᴍꞮɴI =3ᴀᴜɢII
@@@ WIRELESS
CONJ
PREP
CONJ
RPRN
N
Posspro =3ᴀᴜɢII
@@@ Ʀʟ =ᴄᴏЅ .BZ(PDIR.YON)=O(1MINI)
Phrase ALMOST
PREP
@@@
N =1ᴍꞮɴII
pro
N
@@@ ɴᴍʟᴢ1 ɴᴍʟᴢ.ᴘᴄꜰʟ =1ᴀᴜɢII
@@@
@@@ ᴀᴘᴘʟ PᴅꞮƦ.YON
N
RPRN
Nom1 =3ᴍꞮɴIA
pro
N
Adv
PN SOUTHERN.CROSS
RPRN
PN
N
@@@ Ʀʟ.3ᴀᴜɢ =ᴄᴏЅ =3ᴀᴜɢIS
@@@
N
@@@ 3ᴀᴜɢ1 ᴀᴘᴘʟ =3ᴀᴜɢIA
V ᴍꞮᴅ PᴅꞮƦ.YON
N
PREP
Particle
@@@ CAMP
PREP
@@@ Ʀʟ UᴅꞮƦ.PATH PᴅꞮƦ.HITHER
@@@ ɴᴇɢ Ʀʟ ɴᴇɢ
N
V
Particle
GEN
N
N DRILL
Posspro =1ᴀᴜɢII
@@@ ɴᴍʟᴢ1 ᴀᴘᴘʟ
PREP
Particle
PREP
N
Adv
@@@ =1ᴍꞮɴII
@@@ =1ᴀᴜɢII
V ᴘᴀЅ ᴍꞮᴅ PᴅꞮƦ.YON
N
@@@ ꞮɴᴛЅ ᴀᴘᴘʟ .BZ(PDIR.YON)=O(1MINI)
@@@
Particle
@@@ GᴅꞮƦ.DOWN =3ᴍꞮɴIA
PREP
PN
Perspro ᴀᴄᴄ =1ᴍꞮɴII
nprop
@@@ ɴᴇɢ 3ᴀᴜɢ1 ᴛƦ =ᴄᴏЅ =3ᴀᴜɢIA ɴᴇɢ
Perspro
N
Posspro =3ᴍꞮɴII
pro
Perspro
C-fix-Nom
N
@@@ ᴘꜰᴠ
PREP
@@@ ɴᴍʟᴢ1 GᴅꞮƦ.UP PᴅꞮƦ.HITHER =3ᴀᴜɢIA
@@@ ᴘꜰᴠ
@@@ PᴅꞮƦ.HITHER =3ᴍꞮɴIA
V
V ꞮƦƦ
V(caus) ᴘᴀЅ ᴀᴘᴘʟ PᴅꞮƦ.YON
N(kxcl)
Perspro
RPRN
@@@ ɴᴍʟᴢ1 ɴᴍʟᴢ.ᴘᴄꜰʟ 2ᴍꞮɴII
@@@
Particle
Adv
CONJ
N ɴᴍʟᴢ1 ᴀᴘᴘʟ PᴅꞮƦ.HITHER
N
@@@ =1ᴍꞮɴII
CONJ
A-D-P2
@@@ ɴᴍʟᴢ1 ɴᴍʟᴢ.ᴘᴄꜰʟ =3ᴀᴜɢII
Det
@@@ 3ᴀᴜɢ1 =ᴄᴏЅ =3ᴀᴜɢIA
@@@ PᴅꞮƦ.YON =3ᴍꞮɴIS
A-D-P2 =1ᴍꞮɴII
V 3ᴀᴜɢ1 ᴛƦ
@@@ Ʀʟ.3ᴀᴜɢ =ᴄᴏЅ =3ᴀᴜɢIA
@@@ ɴᴍʟᴢ1 ɴᴍʟᴢ.ᴘᴄꜰʟ .BZ(PDIR.YON)=O(1MINI)
Particle
@@@ ᴘꜰᴠ
RPRN
RPRN
N
V
N(kxcl)
N
Ncomp MAST
@@@ Ʀʟ ᴍꞮᴅ =ᴄᴏЅ PᴅꞮƦ.HITHER =3ᴍꞮɴIA
CONJ
A-D-P2
Det
PREP
@@@ ꞮƦƦ ᴀᴘᴘʟ =1ᴀᴜɢII
@@@
PREP
Ord ᴏƦᴅ
RPRN
N
Adj
Particle
N ɴᴍʟᴢ1 ᴍꞮᴅ ᴀᴘᴘʟ
Particle
Particle
A-D-P2 =3ᴍꞮɴII
N
pro
N
CONJ
@@@ =1ᴀᴜɢI
@@@ ᴀᴘᴘʟ =3ᴍꞮɴII
RPRN
N
N
N
V
@@@ ɴᴍʟᴢ1 ɴᴍʟᴢ.ᴘᴄꜰʟ =1ᴀᴜɢII
@@@ ɴᴍʟᴢ1 ᴄᴀᴜЅ ɴᴍʟᴢ
@@@ =3ᴀᴜɢII
RPRN
PREP
@@@ Ʀʟ.3ᴀᴜɢ GᴅꞮƦ.DOWN =ᴄᴏЅ =3ᴀᴜɢIS
pro
N
V
CONJ
Particle
@@@
N
N
N
V
N
nprop USA,.AMERICA
@@@
N
@@@ ᴘꜰᴠ
N
RPRN
N
PREP
PN
@@@ 3ᴀᴜɢ1 =3ᴀᴜɢIS
N
N
Posspro
pro =3ᴀᴜɢII
PREP
V
RPRN
Particle
@@@ ɴᴍʟᴢ1 ᴍꞮᴅ ɴᴍʟᴢ.ᴘᴄꜰʟ =3ᴀᴜɢII
V Ʀʟ =ᴄᴏЅ
@@@ ᴘꜰᴠ
@@@ ᴘꜰᴠ
A-D-P2
CONJ
N
@@@ =1ᴍꞮɴII
GEN
N
RPRN
N
@@@ 3ᴀᴜɢ1 PᴅꞮƦ.HITHER =3ᴀᴜɢIS
Posspro =1ᴍꞮɴII
@@@ ꞮɴᴛЅ =ᴄᴏЅ
N
@@@
RPRN
N(kxcl)
RPRN
@@@ ɴᴍʟᴢ1 =1ᴀᴜɢI
@@@ =ᴄᴏЅ
N
Perspro ᴀᴄᴄ =1ᴍꞮɴII
Adv
@@@
@@@ ɴᴇɢ ɴᴍʟᴢ1 ɴᴍʟᴢ.ᴘᴄꜰʟ PᴅꞮƦ.YON =1ᴍꞮɴI ɴᴇɢ
RPRN
N
V Ʀʟ GᴅꞮƦ.DOWN ᴀᴘᴘʟ PᴅꞮƦ.HITHER
Adv
Particle
@@@ Ʀʟ.3ᴀᴜɢ PᴅꞮƦ.YON =3ᴀᴜɢIA
A-D-P2
@@@ ᴘꜰᴠ
@@@ ɴᴍʟᴢ1 ᴍꞮᴅ PᴅꞮƦ.YON
@@@ Ʀʟ GᴅꞮƦ.DOWN PᴅꞮƦ.HITHER
N
N
PREP
@@@
N =3ᴍꞮɴII
Particle
NEG
Det
@@@ ᴘꜰᴠ
@@@
Perspro
CONJ
N
PN
@@@ ɴᴍʟᴢ1 ᴍꞮᴅ ɴᴍʟᴢ.ᴘᴄꜰʟ .BZ(PDIR.YON)=O(1MINI)
N
N
@@@ GᴅꞮƦ.DOWN PᴅꞮƦ.HITHER
V GᴅꞮƦ.IN PᴅꞮƦ.HITHER
V ᴘᴀЅ ᴀᴘᴘʟ
C-fix-Nom
Particle
@@@ ɴᴍʟᴢ1 ɴᴍʟᴢ.ᴘᴄꜰʟ =3ᴀᴜɢII
NEG
PREP
A-D-P2
N
Posspro =1ᴀᴜɢII
A-D-P2 =1ᴍꞮɴII
@@@ GᴅꞮƦ.UP =ᴄᴏЅ =1ᴀᴜɢI
A-D-P2
@@@ ᴘᴀЅ GᴅꞮƦ.DOWN PᴅꞮƦ.HITHER
PCLF
C-fix-Nom
N
A-D-P2 =1ᴍꞮɴII
N
V
PREP
V ᴍꞮᴅ PᴅꞮƦ.HITHER =3ᴍꞮɴIA
N
Particle
@@@ ɴᴍʟᴢ1 =ᴄᴏЅ ɴᴍʟᴢ.ᴘᴄꜰʟ =1ᴀᴜɢII
N
Posspro
@@@ ꞮƦƦ .BZ(PDIR.YON)=O(1MINI)
N
CONJ
@@@ 3ᴀᴜɢ1 =3ᴀᴜɢIA
@@@ GᴅꞮƦ.DOWN PᴅꞮƦ.HITHER =2ᴀᴜɢI
@@@ ᴛƦ =1ᴍꞮɴI
RPRN
V Ʀʟ
Adv
Nom1 =3ᴍꞮɴIA
CONJ
RPRN
Adv
@@@ =1ᴀᴜɢII
Particle
CONJ
CONJ
N(kxcl)
PN
V 3ᴀᴜɢ1
RPRN
@@@ Ʀʟ ᴍꞮᴅ =ᴄᴏЅ PᴅꞮƦ.HITHER =3ᴍꞮɴIA
Particle
@@@
@@@ ᴘꜰᴠ
Particle
N(kxcl)
N
PREP
CONJ
CONJ
Particle
N
CONJ
PREP
@@@ 3ᴀᴜɢ1 =3ᴀᴜɢIS
C-fix-Nom
PREP
RPRN
N
PCLF =3ᴀᴜɢII
Perspro
Particle
N
@@@ ᴘꜰᴠ
PN
@@@
nprop JAPAN
RPRN
@@@ Ʀʟ.3ᴀᴜɢ ᴛƦ =3ᴀᴜɢIS
N
N
N
@@@ ꞮƦƦ =3ᴍꞮɴIA
PREP
@@@ ᴘꜰᴠ
RPRN
C-fix-Nom
@@@ =3ᴍꞮɴII
@@@
INTJ
@@@ GᴅꞮƦ.DOWN PᴅꞮƦ.HITHER =3ᴍꞮɴIA
N
A-D-P2 =1ᴍꞮɴII
N
RPRN
V
Adv
Adv
@@@ Ʀʟ.3ᴀᴜɢ GᴅꞮƦ.OUT ᴀᴘᴘʟ PᴅꞮƦ.HITHER =3ᴀᴜɢIA
N
N
@@@ ᴘꜰᴠ
N
Adv
@@@ ɴᴍʟᴢ1 ɴᴍʟᴢ.ᴘᴄꜰʟ =3ᴍꞮɴII
Perspro
N
@@@ ɴᴍʟᴢ1 ɴᴍʟᴢ.ᴘᴄꜰʟ =1ᴀᴜɢII
N ɴᴍʟᴢ1 ɴᴍʟᴢ
V
PREP
V
CONJ
N
Det
N
A-D-P2
N
CONJ
Perspro
nprop JAPAN
N
N
N
N ꞮƦƦ ᴛƦ GᴅꞮƦ.IN
PREP
V ᴛƦ ꞮɴᴛЅ PᴅꞮƦ.YON =1ᴍꞮɴI.ᴄᴍʙ
@@@ ꞮɴᴛЅ GᴅꞮƦ.IN =1ᴀᴜɢI
@@@ 3ᴀᴜɢ1 GᴅꞮƦ.UP PᴅꞮƦ.HITHER =3ᴀᴜɢIA
N
Particle
pro
N =3ᴍꞮɴII
N
@@@ Ʀʟ =ᴄᴏЅ =1ᴀᴜɢI
N
@@@ Ʀʟ.3ᴀᴜɢ GᴅꞮƦ.OUT =ᴄᴏЅ =3ᴀᴜɢIS
@@@ ᴘꜰᴠ
N
@@@ Ʀʟ.3ᴀᴜɢ GᴅꞮƦ.DOWN =ᴄᴏЅ PᴅꞮƦ.HITHER =3ᴀᴜɢIS
@@@ Ʀʟ GᴅꞮƦ.DOWN =ᴄᴏЅ
RPRN
N
@@@ ɴᴍʟᴢ1 ᴍꞮᴅ ɴᴍʟᴢ.ᴘᴄꜰʟ =1ᴀᴜɢII
@@@ ᴘꜰᴠ
N
@@@ Ʀʟ GᴅꞮƦ.IN =ᴄᴏЅ .BZ(PDIR.YON)=O(1MINI)
PN SOUTHERN.CROSS
@@@ Ʀʟ GᴅꞮƦ.DOWN
@@@
Posspro =3ᴀᴜɢII
N
N
V =ᴄᴏЅ
V
V
V
V ᴍꞮᴅ PᴅꞮƦ.HITHER =3ᴍꞮɴIA
N
pro
Particle
PN
@@@ GᴅꞮƦ.DOWN
N
@@@ ɴᴍʟᴢ1 ɴᴍʟᴢ.ᴘᴄꜰʟ =1ᴀᴜɢII
N
N
V Ʀʟ
@@@ =3ᴍꞮɴIA
PREP
N
SUBR
N
Posspro =3ᴀᴜɢII
@@@ Ʀʟ ᴀᴘᴘʟ =3ᴍꞮɴII
pro
CONJ
@@@ ꞮƦƦ GᴅꞮƦ.IN .BZ(PDIR.YON)=O(1MINI)
N
PCLF =3ᴍꞮɴII
@@@ ᴘꜰᴠ
CONJ
pro
CONJ
@@@ Ʀʟ ꞮɴᴛЅ =ᴄᴏЅ =3ᴍꞮɴIS
A-D-P2
CONJ
Det
PN
GEN
@@@ =1ᴍꞮɴII
RPRN
PREP
V 3ᴀᴜɢ1 =3ᴀᴜɢIS
PN
N =3ᴍꞮɴII
Det
@@@ Ʀʟ ᴀᴘᴘʟ =1ᴀᴜɢII
PREP
N
RPRN
RPRN
CONJ
@@@ Ʀʟ ᴀᴘᴘʟ =1ᴀᴜɢII
CONJ
N
V ᴍꞮᴅ PᴅꞮƦ.HITHER =3ᴍꞮɴIS
V
N
PREP
CONJ
@@@ Ʀʟ ᴄᴀᴜЅ
N
N
Adv
V
@@@ ᴘꜰᴠ
Adv
Perspro
Particle
V
@@@ ꞮɴᴛЅ
V Ʀʟ =1ᴍꞮɴI
@@@ ꞮƦƦ UᴅꞮƦ.AWAY.FROM =1ᴍꞮɴI
N
PREP
RPRN
@@@ ᴘꜰᴠ
N
PREP
PREP
C-fix-Nom ɴᴍʟᴢ1 ɴᴍʟᴢ.ᴘᴄꜰʟ
N
V
PREP
@@@ ᴍꞮᴅ =3ᴍꞮɴIA
Posspro =3ᴀᴜɢII
A-D-P2
Perspro
V 3ᴀᴜɢ1 GᴅꞮƦ.OUT PᴅꞮƦ.HITHER
N
N
@@@ =1ᴀᴜɢII
C-fix-Nom ɴᴍʟᴢ1 ᴠƦ
Particle
@@@
N
Det
V
Particle
Det
@@@ =3ᴍꞮɴII
@@@
@@@ ᴘꜰᴠ
pro
PREP
@@@ Ʀʟ =ᴄᴏЅ =1ᴀᴜɢI
@@@ Ʀʟ =ᴄᴏЅ =1ᴍꞮɴI
N
@@@
@@@ ᴘꜰᴠ
@@@ ᴘꜰᴠ
@@@ =3ᴍꞮɴIA
N
RPRN
Particle
Particle
PREP
PREP
C-fix-Nom
@@@ Ʀʟ =ᴄᴏЅ ᴀᴘᴘʟ PᴅꞮƦ.HITHER =1ᴀᴜɢII
@@@ CAMP
Particle
Posspro =3ᴍꞮɴII
@@@ ᴘꜰᴠ
N
@@@ AUSTRALIA
PREP
@@@ ᴘꜰᴠ
Det
Adv
@@@ =1ᴍꞮɴII
RPRN
@@@ ɴᴍʟᴢ1 ɴᴍʟᴢ.ᴘᴄꜰʟ PᴅꞮƦ.HITHER
V ꞮɴᴛЅ GᴅꞮƦ.OUT
Det
N
N
PN
@@@ ɴᴇɢ =3ᴍꞮɴIA ɴᴇɢ
@@@ Ʀʟ PᴅꞮƦ.HITHER =3ᴍꞮɴIA
PREP
PREP
PREP
CONJ
@@@ ɴᴇɢ 3ᴀᴜɢ1 =3ᴀᴜɢIA ɴᴇɢ
RPRN
@@@ ɴᴍʟᴢ1 ɴᴍʟᴢ.ᴘᴄꜰʟ =3ᴍꞮɴII
@@@ ᴘꜰᴠ
N
PN
pro
@@@ Ʀʟ.3ᴀᴜɢ GᴅꞮƦ.IN
N =3ᴍꞮɴII
N
PREP
Det
PN SANTA.CRUZ
C-fix-Nom ɴᴍʟᴢ1 ᴠƦ
@@@ PᴅꞮƦ.YON =1ᴀᴜɢI
Adv
A-D-P2 =1ᴍꞮɴII
V
@@@ Ʀʟ.3ᴀᴜɢ ALONG =ᴄᴏЅ =3ᴀᴜɢIA
V
@@@ ɴᴍʟᴢ1 =ᴄᴏЅ ɴᴍʟᴢ.ᴘᴄꜰʟ =1ᴍꞮɴII
N
@@@ =3ᴍꞮɴII
PN
V
N
@@@ =1ᴍꞮɴII
@@@ Ʀʟ =STILL ᴀᴘᴘʟ =1ᴍꞮɴII
PREP
N
Adv PLACE
CONJ
V
@@@ Ʀʟ =ᴄᴏЅ PᴅꞮƦ.YON
PREP
@@@ ɴᴇɢ PᴅꞮƦ.HITHER =3ᴍꞮɴIA ɴᴇɢ
N
nprop
N(kxcl)
PREP
interrog
PREP
Adv
SUBR
PREP
N
CONJ
V
N
N
PREP
N =1ᴍꞮɴII
N
N
CONJ
@@@ Ʀʟ GᴅꞮƦ.OUT =ᴄᴏЅ
RPRN
RPRN
N
@@@ ɴᴇɢ =1ᴍꞮɴI ɴᴇɢ
N(kxcl)
Posspro
N
CONJ
@@@ 3ᴀᴜɢ1 PᴅꞮƦ.YON =3ᴀᴜɢIS
Particle
A-D-P2
@@@ ᴘꜰᴠ
N
A-D-P2 =1ᴍꞮɴII
@@@ ꞮɴᴛЅ GᴅꞮƦ.DOWN =ᴄᴏЅ PᴅꞮƦ.YON
@@@ ɴᴍʟᴢ1 GᴅꞮƦ.OUT PᴅꞮƦ.YON =3ᴀᴜɢIS
CONJ
N
@@@ ɴᴍʟᴢ1 ᴍꞮᴅ GᴅꞮƦ.IN ɴᴍʟᴢ
@@@ Ʀʟ ᴀᴘᴘʟ PᴅꞮƦ.YON =.MQ(PDIR.HITHER)=Q(2MINI)
@@@ ꞮƦƦ =ᴄᴏЅ
RPRN
N
CONJ
PREP
V
C-fix-Nom ɴᴍʟᴢ1 ɴᴍʟᴢ
interrog WHAT
N
Posspro =1ᴀᴜɢII
PN
V
@@@ ᴘꜰᴠ
A-D-P2
Particle
PN
NEG
Adv
@@@ ꞮƦƦ
@@@ GᴅꞮƦ.IN PᴅꞮƦ.HITHER =3ᴍꞮɴIS
N
Adj
PREP
@@@
CONJ
@@@ ɴᴍʟᴢ1 ɴᴍʟᴢ.ᴘᴄꜰʟ =3ᴀᴜɢII
@@@ GᴅꞮƦ.IN ꞮɴᴛЅ PᴅꞮƦ.YON =3ᴍꞮɴIA
@@@ GᴅꞮƦ.DOWN PᴅꞮƦ.YON =1ᴀᴜɢI
@@@ ᴛƦ ꞮɴᴛЅ =1ᴀᴜɢI
N
vi GᴅꞮƦ.OUT PᴅꞮƦ.HITHER
Particle
@@@ ᴘᴀЅ ꞮɴᴛЅ
N
@@@ =ᴄᴏЅ =3ᴍꞮɴIA
N(kxcl)
V
V ᴍꞮᴅ PᴅꞮƦ.YON
N
PREP
PREP
N
@@@ ɴᴍʟᴢ1 ɴᴍʟᴢ.ᴘᴄꜰʟ =1ᴀᴜɢII
@@@ ɴᴍʟᴢ1 ɴᴍʟᴢ.ᴘᴄꜰʟ =1ᴀᴜɢII
N
@@@ ɴᴍʟᴢ1 ɴᴍʟᴢ.ᴘᴄꜰʟ PᴅꞮƦ.HITHER =3ᴍꞮɴIA
@@@ =2ᴀᴜɢI
PREP
GEN
N
PN
@@@
N
Ncomp
Det
@@@ Ʀʟ GᴅꞮƦ.UP PᴅꞮƦ.YON =1ᴀᴜɢI
@@@ =3ᴍꞮɴII
N
V
@@@ ꞮɴᴛЅ =ᴄᴏЅ ᴀᴘᴘʟ =3ᴍꞮɴII
@@@ Ʀʟ =1ᴀᴜɢI
N
RPRN
N
@@@ GᴅꞮƦ.OUT =1ᴍꞮɴI
RPRN
@@@ ᴘꜰᴠ
N
pro
C-fix-Nom ɴᴍʟᴢ1 ᴠƦ
@@@ ᴄᴀᴜЅ
nprop
N
Particle
@@@ =12ᴀᴜɢII
RPRN
@@@ =3ᴍꞮɴII
V =3ᴍꞮɴIS
RPRN
Adv
RPRN
@@@ =3ᴍꞮɴII
PREP
A-D-P2
Adj
N CRICKET
N
@@@ ɴᴍʟᴢ1 ɴᴍʟᴢ.ᴘᴄꜰʟ =3ᴀᴜɢII =3ᴍꞮɴIA
Particle
Posspro
RPRN
CONJ
Adj
Adv
V
CONJ
N
V ꞮɴᴛЅ PᴅꞮƦ.YON
@@@ GᴅꞮƦ.OUT PᴅꞮƦ.HITHER
PREP
Nom1 ᴄᴀᴜЅ PᴅꞮƦ.YON =3ᴍꞮɴIA
N(kxcl) =3ᴍꞮɴIA
nprop
@@@ ᴍꞮᴅ =ᴄᴏЅ =3ᴍꞮɴIS
Adv
@@@ ꞮƦƦ GᴅꞮƦ.OUT ᴀᴘᴘʟ
@@@ ɴᴍʟᴢ1 ᴍꞮᴅ ɴᴍʟᴢ.ᴘᴄꜰʟ =3ᴀᴜɢII
V PᴅꞮƦ.YON
Adv
Ncomp
Particle
PREP
PN
PREP
N
@@@ ꞮƦƦ ᴀᴘᴘʟ =1ᴀᴜɢII
@@@ ꞮƦƦ =3ᴀᴜɢIA
N
Particle
PREP
@@@ ꞮƦƦ ᴄᴀᴜЅ
Nom1 VERY GᴅꞮƦ.OUT =3ᴍꞮɴIA
PN
N =3ᴍꞮɴII
CONJ
N
@@@ Ʀʟ.3ᴀᴜɢ ᴀᴘᴘʟ PᴅꞮƦ.HITHER =3ᴀᴜɢIS
PREP
N
@@@ ᴘꜰᴠ
RPRN
@@@ ᴀᴘᴘʟ =1ᴀᴜɢII
@@@ ꞮƦƦ .BZ(PDIR.YON)=O(1MINI)
@@@ ꞮƦƦ =3ᴀᴜɢIS
CONJ
V
N
VP
N
@@@
@@@ 3ᴀᴜɢ1 =3ᴀᴜɢIS
@@@ ꞮƦƦ =1ᴍꞮɴI
CONJ
N(kxcl)
@@@ =1ᴀᴜɢII
N
N 3ᴀᴜɢ1 ᴀᴘᴘʟ
Particle
V
@@@ ᴛƦ
PREP
PREP
N
N
A-D-P2 =3ᴍꞮɴII
@@@ ɴᴍʟᴢ1 ɴᴍʟᴢ.ᴘᴄꜰʟ =1ᴀᴜɢII
N
PREP
@@@ ɴᴍʟᴢ1 ɴᴍʟᴢ.ᴘᴄꜰʟ =1ᴀᴜɢII
Adj ᴘʟ
@@@ Ʀʟ =ᴄᴏЅ PᴅꞮƦ.YON
V
@@@ ᴘꜰᴠ
PREP
@@@ 3ᴀᴜɢ1 GᴅꞮƦ.IN PᴅꞮƦ.YON =3ᴀᴜɢIS
@@@ =3ᴍꞮɴIA
Particle
V
PCLF
@@@ ᴅᴘᴠ =1ᴀᴜɢI
@@@ ɴᴍʟᴢ1 GᴅꞮƦ.OUT PᴅꞮƦ.HITHER =3ᴀᴜɢIA
N(kxcl)
N
@@@ ᴘꜰᴠ
A-D-P2
Perspro
RPRN
N(kxcl)
@@@ Ʀʟ.3ᴀᴜɢ =ᴄᴏЅ
PREP
PREP
Adv
Particle
PREP
N
N
N
@@@ ᴍꞮᴅ =1ᴍꞮɴI
@@@ Ʀʟ ꞮɴᴛЅ
RPRN
@@@ ɴᴇɢ GᴅꞮƦ.OUT =NOT.YET
CONJ
N =3ᴍꞮɴII
PREP
Posspro
N
@@@ =3ᴍꞮɴII
@@@ 3ᴀᴜɢ1 GᴅꞮƦ.UP PᴅꞮƦ.HITHER =3ᴀᴜɢIS
N
PREP
RPRN
Posspro
PREP
C-fix-Nom
Adv
Adv
N
N =1ᴍꞮɴII
@@@ ɴᴍʟᴢ1 ɴᴍʟᴢ.ᴘᴄꜰʟ =1ᴀᴜɢII
N
@@@ ᴄᴀᴜЅ ᴀᴘᴘʟ .BZ(PDIR.YON)=O(1MINI)
@@@ ꞮƦƦ =2ᴍꞮɴI
@@@ =1ᴀᴜɢII
@@@ ꞮƦƦ ᴀᴘᴘʟ =3ᴍꞮɴII
@@@ Ʀʟ ᴛƦ =2ᴀᴜɢI
NEG
@@@ ᴍꞮᴅ =ᴄᴏЅ
N
PREP
@@@ Ʀʟ =ᴄᴏЅ PᴅꞮƦ.HITHER
N
@@@ ɴᴇɢ =ᴄᴏЅ =3ᴍꞮɴII ɴᴇɢ
@@@ =1ᴀᴜɢI
@@@ ɴᴍʟᴢ1 ᴀᴘᴘʟ
V
Det
Perspro
PN
Perspro ᴀᴄᴄ =1ᴍꞮɴII
CONJ
Perspro ᴀᴄᴄ =1ᴍꞮɴII
@@@ ꞮɴᴛЅ GᴅꞮƦ.OUT =1ᴍꞮɴI
@@@ Ʀʟ ᴍꞮᴅ =ᴄᴏЅ PᴅꞮƦ.HITHER =3ᴍꞮɴIA
Posspro
@@@ ɴᴍʟᴢ1 GᴅꞮƦ.IN ɴᴍʟᴢ.ᴘᴄꜰʟ =3ᴀᴜɢII
N
@@@ =3ᴍꞮɴII
@@@ 3ᴀᴜɢ1 ꞮɴᴛЅ =3ᴀᴜɢIS
@@@ 3ᴀᴜɢ1 =3ᴀᴜɢIA
CONJ
CONJ
@@@ ᴘꜰᴠ
PREP
Det
Adv
@@@ ɴᴍʟᴢ1 ɴᴍʟᴢ.ᴘᴄꜰʟ =1ᴍꞮɴII
CONJ
A-D-P2 =3ᴍꞮɴII
N
@@@ Ʀʟ .BZ(PDIR.YON)=O(1MINI)
RPRN
@@@ =1ᴍꞮɴII
CONJ
Posspro =3ᴍꞮɴII
N(kxcl)
RPRN
PREP
N =3ᴍꞮɴII
N
CONJ
CONJ
CONJ
Phrase ɴᴇɢ ɴᴇɢ
@@@
@@@ =3ᴀᴜɢII
N
N
Det
N
N
V
V
@@@ ᴘꜰᴠ
N
@@@ ɴᴍʟᴢ1 ɴᴍʟᴢ.ᴘᴄꜰʟ =1ᴀᴜɢII
@@@
RPRN
N
PN
N
DEM ƦᴘƦɴ2
Det Фɴᴛ.ᴘʟ
@@@
Particle
V ᴍꞮᴅ PᴅꞮƦ.HITHER =3ᴍꞮɴIA
@@@ =3ᴍꞮɴII
@@@
@@@ ɴᴍʟᴢ1 ɴᴍʟᴢ.ᴘᴄꜰʟ =3ᴀᴜɢII
N
Particle
V
Adv
@@@
N
N =1ᴍꞮɴII
PN
RPRN
Posspro =3ᴍꞮɴII
@@@ 3ᴀᴜɢ1 PᴅꞮƦ.HITHER =3ᴀᴜɢIS
N
@@@ ɴᴇɢ =1ᴀᴜɢI ɴᴇɢ
@@@ ᴘꜰᴠ
@@@
@@@ ᴛƦ PᴅꞮƦ.YON =1ᴀᴜɢI
V Ʀʟ =ᴄᴏЅ
N(kxcl)
@@@
PREP
NEG
PREP
N
N
@@@
@@@ ɴᴍʟᴢ1 ɴᴍʟᴢ.ᴘᴄꜰʟ =3ᴍꞮɴII
pro
@@@ =1ᴀᴜɢI
@@@ ɴᴍʟᴢ1 ᴀᴘᴘʟ
Det
@@@ =1ᴍꞮɴI
A-D-P2 =3ᴍꞮɴII
CONJ
CONJ
CONJ
@@@ ꞮƦƦ ꞮɴᴛЅ PᴅꞮƦ.YON =1ᴍꞮɴI.ᴄᴍʙ
V 3ᴀᴜɢ1 ꞮɴᴛЅ
Particle
C-fix-Nom ɴᴍʟᴢ1 ɴᴍʟᴢ.ᴘᴄꜰʟ
PREP
CONJ
CONJ
@@@ 3ᴀᴜɢ1 =3ᴀᴜɢIS
Perspro
@@@ GᴅꞮƦ.IN =1ᴀᴜɢI
A-D-P2 =1ᴍꞮɴII
N
Ncomp
CONJ
Perspro
V
@@@ ᴘꜰᴠ
@@@
@@@
N 3ᴀᴜɢ1 ᴅЅᴛƦ =3ᴀᴜɢIS
C-fix-Nom ɴᴍʟᴢ1 ᴠƦ
@@@ ꞮɴᴛЅ PᴅꞮƦ.YON
N
Adv
CONJ
N
PREP
@@@
Adv
V ᴍꞮᴅ PᴅꞮƦ.HITHER =3ᴍꞮɴIA
@@@ GᴅꞮƦ.OUT PᴅꞮƦ.YON =1ᴀᴜɢI
@@@ ᴘꜰᴠ
@@@ ꞮƦƦ =1ᴀᴜɢI
@@@ Ʀʟ ꞮɴᴛЅ =1ᴀᴜɢI
@@@ GᴅꞮƦ.IN =1ᴍꞮɴI
Nom1 3ᴀᴜɢ1 ꞮɴᴛЅ GᴅꞮƦ.DOWN =3ᴀᴜɢIS
PREP
N
Adv
V ᴘᴀЅ
PCLF
@@@ 3ᴀᴜɢ1 =3ᴀᴜɢIA
N
Ncomp
@@@ =3ᴀᴜɢII
V
Posspro =1ᴀᴜɢII
@@@ UᴅꞮƦ.PATH GᴅꞮƦ.OUT =3ᴍꞮɴIA =3ᴍꞮɴIIP
N
@@@
Ncomp
CONJ
Particle
PN
Particle
PN
@@@ Ʀʟ GᴅꞮƦ.OUT =1ᴀᴜɢI
Posspro ɴᴍʟᴢ.ᴘᴄꜰʟ =3ᴍꞮɴII
pro
vi ɴᴇɢ GᴅꞮƦ.OUT ɴᴇɢ
Particle
Particle
Nom1 VERY GᴅꞮƦ.OUT =3ᴍꞮɴIA
@@@ GᴅꞮƦ.UP =1ᴀᴜɢI
PREP
PN
Det
@@@
Perspro
Particle
Adv
Adv
CONJ
@@@ ꞮƦƦ =2ᴍꞮɴI
@@@ =1ᴍꞮɴII
CONJ
NEG
CONJ
RPRN
pro =3ᴀᴜɢII
@@@ Ʀʟ =ᴄᴏЅ ᴀᴘᴘʟ =3ᴍꞮɴII
@@@
N
CONJ
Perspro ᴀᴄᴄ =1ᴍꞮɴII
@@@ Ʀʟ UᴅꞮƦ.THROUGH =1ᴀᴜɢI ᴘʟ
N(kxcl)
N
RPRN
NEG
N 3ᴀᴜɢ1
V GᴅꞮƦ.IN =1ᴀᴜɢI
@@@ 3ᴀᴜɢ1 ꞮɴᴛЅ =ᴄᴏЅ =3ᴀᴜɢIA
@@@ Ʀʟ.3ᴀᴜɢ ꞮɴᴛЅ
CONJ
@@@ ɴᴍʟᴢ1 ᴀᴘᴘʟ =3ᴀᴜɢII
@@@ Ʀʟ ᴍꞮᴅ =ᴄᴏЅ PᴅꞮƦ.HITHER =3ᴍꞮɴIA
PREP
PREP
@@@ ᴘꜰᴠ
Particle
N
Perspro
Nom1 3ᴀᴜɢ1 DEPEND =3ᴀᴜɢIA
PREP
Perspro
@@@ ɴᴇɢ ɴᴍʟᴢ1 =ᴄᴏЅ =3ᴀᴜɢIA ɴᴇɢ
@@@ GᴅꞮƦ.IN
Perspro ᴀᴄᴄ =1ᴍꞮɴII
N
CONJ
PREP
@@@
Ncomp
INTJ
@@@ HOLY.WRITINGS
@@@ ɴᴍʟᴢ1 ᴍꞮᴅ ɴᴍʟᴢ.ᴘᴄꜰʟ =3ᴍꞮɴII
N
Perspro
N
Adv
N
N
V
PREP
N =3ᴍꞮɴII
PREP
N
RPRN
@@@ ꞮƦƦ =3ᴀᴜɢIS
N
@@@ PᴅꞮƦ.YON =3ᴍꞮɴIA
@@@ ɴᴇɢ =3ᴍꞮɴIA ɴᴇɢ
Nom1 VERY GᴅꞮƦ.OUT =3ᴍꞮɴIA
NP
RPRN
V
@@@ =3ᴍꞮɴII
@@@ ɴᴍʟᴢ1 ᴄᴀᴜЅ ɴᴍʟᴢ.ᴘᴄꜰʟ =3ᴍꞮɴII
PREP
CONJ
N
@@@ =3ᴀᴜɢII
pro
@@@ Ʀᴇᴄᴘ ꞮɴᴛЅ =1ᴀᴜɢI
N =3ᴍꞮɴII
@@@ =3ᴍꞮɴII
@@@ ꞮƦƦ =3ᴀᴜɢIS
@@@ ꞮƦƦ GᴅꞮƦ.UP .BZ(PDIR.YON)=O(1MINI)
N
PREP
V
RPRN
@@@ ᴘᴀЅ ᴍꞮᴅ PᴅꞮƦ.YON
CONJ
RPRN
@@@ ᴀᴘᴘʟ ᴀᴘᴘʟ
PREP
Nom1 ꞮɴᴛЅ PᴅꞮƦ.YON =3ᴍꞮɴIA
GEN
@@@ 3ᴀᴜɢ1 GᴅꞮƦ.UP PᴅꞮƦ.HITHER
@@@ Ʀʟ GᴅꞮƦ.OUT =ᴄᴏЅ
PN ENGLAND
@@@ ᴘꜰᴠ
Particle
PREP
V
Posspro =3ᴍꞮɴII
Perspro ᴀᴄᴄ =1ᴍꞮɴII
PREP
N
@@@ =3ᴀᴜɢII
RPRN
CONJ
N
N
Adv
Det
CONJ
@@@ ɴᴍʟᴢ1 ɴᴍʟᴢ.ᴘᴄꜰʟ =1ᴀᴜɢII
INTJ
pro
RPRN
N
Particle
V ᴘᴀЅ ᴍꞮᴅ PᴅꞮƦ.YON
Nom1 ᴛƦ ꞮɴᴛЅ =1ᴀᴜɢI
CONJ
CONJ
@@@ =ᴄᴏЅ
PREP
N
PREP
RPRN
PREP
N
@@@ GᴅꞮƦ.DOWN PᴅꞮƦ.YON =3ᴍꞮɴIA
@@@ 3ᴀᴜɢ1 PᴅꞮƦ.HITHER =3ᴀᴜɢIS
PN
@@@ ᴀᴘᴘʟ =3ᴍꞮɴII
@@@ =1ᴀᴜɢI
@@@ =3ᴍꞮɴII
CONJ
PREP
PREP
Ord ᴏƦᴅ
@@@ ɴᴍʟᴢ1 ɴᴍʟᴢ.ᴘᴄꜰʟ =1ᴀᴜɢII
N =3ᴍꞮɴII
N
N(kxcl)
@@@ ɴᴇɢ GᴅꞮƦ.IN =2ᴀᴜɢI ɴᴇɢ
@@@
INTJ
A-D-P2
@@@ ᴘꜰᴠ
@@@ GᴅꞮƦ.DOWN =3ᴍꞮɴIS
Particle
@@@ 3ᴀᴜɢ1 =3ᴀᴜɢIA
@@@ ɴᴍʟᴢ1 ɴᴍʟᴢ.ᴘᴄꜰʟ =1ᴍꞮɴII
Perspro ᴀᴄᴄ =1ᴍꞮɴII
N
PN
N =1ᴍꞮɴII
CONJ
Adj
@@@ ɴᴍʟᴢ1 ɴᴍʟᴢ.ᴘᴄꜰʟ =3ᴍꞮɴII
C-fix-Nom ɴᴍʟᴢ1 ᴀᴘᴘʟ
V
RPRN
@@@ =1ᴀᴜɢI
V ᴘᴀЅ
V
@@@
N
@@@ ꞮɴᴛЅ
PREP
C-fix-Nom
@@@ =1ᴀᴜɢII
@@@ ɴᴍʟᴢ1 ɴᴍʟᴢ.ᴘᴄꜰʟ PᴅꞮƦ.YON =1ᴀᴜɢI
C-fix-Nom ɴᴍʟᴢ1 ᴀᴘᴘʟ
@@@ ᴘꜰᴠ
RPRN
interrog
@@@ GᴅꞮƦ.OUT ᴀᴘᴘʟ PᴅꞮƦ.HITHER
@@@ ɴᴍʟᴢ1 ɴᴍʟᴢ
V =3ᴍꞮɴIS
Perspro
N
N
PREP
N
@@@
@@@ =3ᴀᴜɢII
V ᴠƦ
pro
RPRN
@@@ ɴᴍʟᴢ1 ᴄᴀᴜЅ ɴᴍʟᴢ
V Фɴᴛ.Ѕɢ
PREP
N
@@@ Ʀʟ =ᴄᴏЅ PᴅꞮƦ.YON
PREP
RPRN
Particle
PREP
Perspro
@@@ =1ᴀᴜɢII
@@@ ꞮɴᴛЅ
PREP
nprop
@@@ 3ᴀᴜɢ1 ᴘʟ
C-fix-Nom ɴᴍʟᴢ1 ɴᴍʟᴢ
RPRN
N
PCLF
C-fix-Nom ɴᴍʟᴢ1 ᴀᴘᴘʟ
@@@ ɴᴍʟᴢ1 =ᴄᴏЅ ɴᴍʟᴢ.ᴘᴄꜰʟ =3ᴀᴜɢII
pro
N
N =1ᴍꞮɴII
PREP
NEG
Adv
RPRN
Posspro =3ᴍꞮɴII
V
N
Particle
Particle
CONJ
V ᴘᴀЅ ᴛƦ
N
Particle
@@@ ᴘꜰᴠ
PCLF
A-D-P2
Perspro
Det
N
Adj
CONJ
@@@ GᴅꞮƦ.UP =1ᴀᴜɢI
RPRN
@@@ Ʀʟ.3ᴀᴜɢ =ᴄᴏЅ
CONJ
N
@@@ Ʀʟ.3ᴀᴜɢ ᴀᴘᴘʟ =ᴄᴏЅ =3ᴀᴜɢIA
V
Particle
PN
@@@ ᴘꜰᴠ
N
CONJ
@@@
V Ʀʟ ᴀᴘᴘʟ =2ᴀᴜɢI
CONJ
VP
PREP
N(kxcl)
PREP
N =1ᴀᴜɢII
RPRN
@@@ Ʀʟ =.MQ(PDIR.HITHER)=Q(2MINI)
N
@@@ 3ᴀᴜɢ1 =ᴄᴏЅ =3ᴀᴜɢIS
N
V Ʀʟ GᴅꞮƦ.UP =ᴄᴏЅ =3ᴍꞮɴIA
@@@ 3ᴀᴜɢ1 PᴅꞮƦ.YON =3ᴀᴜɢIA
N
V
Det
PN
PREP
N
RPRN
@@@ ɴᴇɢ ᴀᴘᴘʟ PᴅꞮƦ.HITHER =3ᴍꞮɴIA ɴᴇɢ
CONJ
@@@ =1ᴍꞮɴII
PREP
N
PN
PREP
C-fix-Nom
V
@@@
N
N
N
V Ʀʟ =ᴄᴏЅ PᴅꞮƦ.HITHER
Perspro ᴀᴄᴄ =1ᴍꞮɴII
PREP
CONJ
@@@ Ʀʟ ALONG =3ᴍꞮɴIA
N
@@@
RPRN
@@@
@@@
PREP
N
Perspro
C-fix-Nom
@@@ ɴᴍʟᴢ1 =ᴄᴏЅ ɴᴍʟᴢ.ᴘᴄꜰʟ =1ᴀᴜɢII
@@@ Ʀʟ ᴍꞮᴅ =ᴄᴏЅ .BZ(PDIR.YON)=O(1MINI)
@@@ ɴᴇɢ ɴᴇɢ
C-fix-Nom ɴᴍʟᴢ1 ᴠƦ
Perspro
PREP
@@@ Ʀʟ =ᴄᴏЅ =1ᴍꞮɴI
V 3ᴀᴜɢ1
Det
N
RPRN
N
C-fix-Nom
@@@ =12ᴀᴜɢII
N
N
pro
Posspro
Particle
N
N(kxcl)
N
PREP
PREP
Adv
Particle
CONJ
PREP
Particle
N(kxcl)
@@@ Ʀʟ GᴅꞮƦ.UP
Perspro ᴀᴄᴄ =1ᴍꞮɴII
N
@@@ Ʀʟ =ᴄᴏЅ
Posspro
NP
nprop
@@@ =1ᴍꞮɴI
A-D-P2 =3ᴍꞮɴII
Posspro =2ᴍꞮɴII
CONJ
Particle
CONJ
V ᴛƦ
Adv
N
RPRN
N ᴘᴀЅ ᴍꞮᴅ ᴀᴘᴘʟ
V
N
Particle
@@@ Ʀʟ.3ᴀᴜɢ
RPRN
Posspro =1ᴀᴜɢII
C-fix-Nom
V
PN
@@@ ɴᴍʟᴢ1 ɴᴍʟᴢ.ᴘᴄꜰʟ =1ᴀᴜɢII
@@@ 3ᴀᴜɢ1 =ᴄᴏЅ =3ᴀᴜɢIS
@@@ =3ᴍꞮɴIS
N
Perspro
Perspro ᴀᴄᴄ =1ᴍꞮɴII
Particle
Particle
CONJ
Det
@@@ AIRPLANE
V
CONJ
N
PN
N
V
PREP
Det
RPRN
@@@ ᴘꜰᴠ
N
@@@ ɴᴍʟᴢ1 ɴᴍʟᴢ.ᴘᴄꜰʟ
@@@ 3ᴀᴜɢ1 PᴅꞮƦ.YON =3ᴀᴜɢIS
@@@ ɴᴍʟᴢ1 ɴᴍʟᴢ.ᴘᴄꜰʟ .BZ(PDIR.YON)=O(1MINI)
CONJ
RPRN
@@@ ꞮɴᴛЅ Ʀᴇꜰʟ PᴅꞮƦ.YON =1ᴀᴜɢI
PN
A-D-P2
GEN
Det
@@@ ɴᴍʟᴢ1 ᴄᴀᴜЅ ᴛƦ ɴᴍʟᴢ.ᴘᴄꜰʟ
N ɴᴍʟᴢ1 ɴᴍʟᴢ
@@@
Adv
V
RPRN
@@@ Ʀʟ ꞮɴᴛЅ =ᴄᴏЅ
N(kxcl)
Particle
Phrase BEAUTIFUL
N
@@@ .BZ(PDIR.YON)=O(1MINI) =3ᴍꞮɴIIP
PREP
C-fix-Nom
Det
V
CONJ
@@@ ST..JAMES
N
N
@@@ =ᴄᴏЅ
PREP
@@@ 3ᴀᴜɢ1 =3ᴀᴜɢIS
Ncomp
@@@
RPRN
N
N
NEG
V
@@@
N
RPRN
V ɴᴍʟᴢ1 =1ᴀᴜɢI
CONJ
N
CONJ
CONJ
V
@@@ ꞮɴᴛЅ =1ᴍꞮɴI
@@@
CONJ
N
@@@ =1ᴀᴜɢII
V
Adv
PN
@@@
Ncomp
@@@ Ʀʟ ᴍꞮᴅ =ᴄᴏЅ PᴅꞮƦ.HITHER =3ᴍꞮɴIA
Perspro ᴀᴄᴄ =1ᴍꞮɴII
PREP
Det
N
@@@ Ʀʟ.3ᴀᴜɢ PᴅꞮƦ.HITHER
@@@ .BZ(PDIR.YON)=O(1MINI)
@@@ Ʀʟ.3ᴀᴜɢ =ᴄᴏЅ =3ᴀᴜɢIS
@@@
RPRN
@@@ ꞮƦƦ ᴅᴘᴠ =ᴄᴏЅ =1ᴍꞮɴI
Particle
pro
Particle
Det
@@@ ᴘꜰᴠ
@@@ ꞮɴᴛЅ
RPRN
@@@ 3ᴀᴜɢ1 PᴅꞮƦ.HITHER
@@@ ꞮƦƦ ᴀᴘᴘʟ
N
Adv
A-D-P2 =1ᴍꞮɴII
V Ʀʟ.3ᴀᴜɢ GᴅꞮƦ.DOWN ᴀᴘᴘʟ
RPRN
Det
Perspro ᴀᴄᴄ =1ᴍꞮɴII
N =3ᴍꞮɴII
Phrase ALMOST
pro =1ᴍꞮɴII
N
@@@ Ʀʟ ꞮɴᴛЅ
A-D-P2 =3ᴍꞮɴII
NEG
@@@ UᴅꞮƦ.PATH GᴅꞮƦ.IN =3ᴍꞮɴIA
@@@ =1ᴍꞮɴII
Ord ᴏƦᴅ
PREP
N
PN
Adv
Particle
PREP
V
Particle
CONJ
interrog
N
Particle
PREP
@@@ =3ᴍꞮɴIA
Particle
V
@@@ Ʀʟ ꞮɴᴛЅ GᴅꞮƦ.DOWN PᴅꞮƦ.HITHER
@@@ ɴᴇɢ 3ᴀᴜɢ1 =3ᴀᴜɢIA ɴᴇɢ
V ᴘʟ
CONJ
PN
N =3ᴍꞮɴII
CONJ
Perspro
@@@ PᴅꞮƦ.YON
PREP
N =1ᴍꞮɴII
Adv
Det Фɴᴛ.ᴘʟ
@@@ ᴘᴀЅ =ᴄᴏЅ
RPRN
@@@ =1ᴀᴜɢII
@@@ ɴᴍʟᴢ1 GᴅꞮƦ.OUT ɴᴍʟᴢ.ᴘᴄꜰʟ PᴅꞮƦ.HITHER =2ᴀᴜɢI
PREP
Det
@@@ ᴛƦ ꞮɴᴛЅ =1ᴀᴜɢI
@@@
N
V GᴅꞮƦ.OUT PᴅꞮƦ.YON =3ᴍꞮɴIS
N
pro =3ᴀᴜɢII
@@@ =3ᴍꞮɴII
CONJ
@@@ ᴛƦ =1ᴀᴜɢI
Perspro
N(kxcl)
N
nprop
@@@ ɴᴍʟᴢ1 ᴄᴀᴜЅ ɴᴍʟᴢ.ᴘᴄꜰʟ =3ᴍꞮɴII
A-D-P2
N
Particle
Det
@@@
@@@ Ʀʟ =ᴄᴏЅ =1ᴀᴜɢI
N
V ᴍꞮᴅ PᴅꞮƦ.YON
RPRN
@@@ GᴅꞮƦ.DOWN PᴅꞮƦ.HITHER
N
N
N
PREP
N
RPRN
@@@ Ʀʟ =ᴄᴏЅ ᴀᴘᴘʟ PᴅꞮƦ.HITHER =1ᴀᴜɢII
CONJ
@@@
GEN
PREP
CONJ
PREP
N
GEN
N =3ᴍꞮɴII
RPRN
@@@ ᴘᴀЅ =3ᴀᴜɢIS
N
A-D-P2
Posspro
N
N
N
PREP
V
@@@ =1ᴍꞮɴI
Posspro =1ᴀᴜɢII
PREP
@@@ ꞮƦƦ =ᴄᴏЅ =1ᴍꞮɴI
Perspro
PREP
PN SOUTHERN.CROSS
N
N
A-D-P2
V ꞮƦƦ ᴀᴘᴘʟ
@@@ =2ᴀᴜɢI
@@@ ꞮɴᴛЅ
CONJ
CONJ
PREP
Posspro =1ᴍꞮɴII
RPRN
@@@
@@@ =3ᴀᴜɢII
@@@ Ʀʟ.3ᴀᴜɢ ᴄᴀᴜЅ GᴅꞮƦ.IN =3ᴀᴜɢIA
Ncomp
@@@ ɴᴍʟᴢ1 ᴍꞮᴅ ɴᴍʟᴢ.ᴘᴄꜰʟ PᴅꞮƦ.YON
V
N
RPRN
@@@ =3ᴀᴜɢII
N
V Ʀʟ.3ᴀᴜɢ =ᴄᴏЅ
@@@ ꞮƦƦ PᴅꞮƦ.HITHER
@@@ Ʀʟ GᴅꞮƦ.OUT =ᴄᴏЅ =1ᴀᴜɢI
CONJ
RPRN
Adv
RPRN
V 3ᴀᴜɢ1 ᴀᴘᴘʟ PᴅꞮƦ.YON
V
@@@ PᴅꞮƦ.YON
@@@ ɴᴍʟᴢ1 GᴅꞮƦ.IN ɴᴍʟᴢ.ᴘᴄꜰʟ =3ᴍꞮɴII
RPRN
Particle
N
@@@ ᴛƦ PᴅꞮƦ.YON =1ᴀᴜɢI
V ᴘᴀЅ
Posspro =3ᴍꞮɴII
Adv
Particle
Particle
@@@ ɴᴍʟᴢ1 ɴᴍʟᴢ.ᴘᴄꜰʟ =1ᴀᴜɢII
RPRN
CONJ
Ord ᴏƦᴅ
CONJ
@@@ ᴀᴘᴘʟ =.MQ(PDIR.HITHER)=Q(2MINI)
N
PREP
@@@ =3ᴍꞮɴII
N
@@@ =1ᴀᴜɢII
N
@@@
RPRN
N
@@@ Ʀʟ =ᴄᴏЅ
PN ENGLAND
V GᴅꞮƦ.IN =3ᴍꞮɴIS
V
Particle
RPRN
@@@ ɴᴍʟᴢ1 ᴅᴘᴠ GᴅꞮƦ.OUT PᴅꞮƦ.YON =3ᴀᴜɢIA
Ncomp
N
CONJ
@@@ =3ᴍꞮɴIA
N
@@@ ꞮɴᴛЅ
N
Perspro
N
Adj
@@@ 3ᴀᴜɢ1 ᴀᴘᴘʟ =3ᴀᴜɢIA
@@@ ɴᴇɢ =1ᴍꞮɴI ɴᴇɢ
N
Det
CONJ
@@@
@@@ =3ᴀᴜɢII
N(kxcl)
@@@ GᴅꞮƦ.DOWN =1ᴀᴜɢI
Det Фɴᴛ.ᴘʟ
RPRN
PREP
N
@@@ ꞮƦƦ PᴅꞮƦ.YON =1ᴀᴜɢI
pro
PN
@@@
Particle
@@@ GᴅꞮƦ.IN ᴀᴘᴘʟ =1ᴀᴜɢII
@@@ =1ᴀᴜɢII
@@@ Ʀʟ GᴅꞮƦ.IN =ᴄᴏЅ =1ᴀᴜɢI
N
RPRN
NEG
CONJ
N
N(kxcl)
N
N
@@@ =1ᴀᴜɢII
C-fix-Nom
CONJ
CONJ
N
N
RPRN
RPRN
N
RPRN
@@@
N
@@@ ɴᴍʟᴢ1 ɴᴍʟᴢ.ᴘᴄꜰʟ =3ᴍꞮɴII
N
@@@ ɴᴍʟᴢ1 ɴᴍʟᴢ.ᴘᴄꜰʟ =1ᴍꞮɴII
N
Det
Particle
N
N
@@@ ꞮƦƦ UᴅꞮƦ.PATH =3ᴀᴜɢIA
@@@ GᴅꞮƦ.UP =1ᴍꞮɴI
CONJ
DEM
N =3ᴍꞮɴII
PREP
@@@ =1ᴍꞮɴI
nprop
PN
CONJ
Det
Perspro
CONJ
GEN
@@@ ɴᴍʟᴢ1 GᴅꞮƦ.IN ɴᴍʟᴢ.ᴘᴄꜰʟ
N
@@@ ꞮɴᴛЅ
Particle
V
@@@ =3ᴀᴜɢII
Particle
N =3ᴍꞮɴII
CONJ
N ɴᴍʟᴢ1 ᴍꞮᴅ ᴛƦ GᴅꞮƦ.OUT PᴅꞮƦ.HITHER =3ᴀᴜɢIS
RPRN
@@@
N
@@@ Ʀʟ ꞮɴᴛЅ GᴅꞮƦ.OUT =STILL
@@@ Ʀʟ.3ᴀᴜɢ ꞮɴᴛЅ FOREVER =ᴄᴏЅ =3ᴀᴜɢIS
N
PREP
@@@ Ʀʟ.3ᴀᴜɢ GᴅꞮƦ.IN =ᴄᴏЅ PᴅꞮƦ.HITHER =3ᴀᴜɢIS
@@@ ꞮƦƦ =12ᴍꞮɴI
RPRN
V
@@@ 3ᴀᴜɢ1 =3ᴀᴜɢIS
Particle
CONJ
A-D-P2
@@@ Ʀʟ =ᴄᴏЅ PᴅꞮƦ.YON =3ᴍꞮɴIS
N
Perspro
Particle
@@@ ɴᴍʟᴢ1 ᴄᴀᴜЅ ɴᴍʟᴢ.ᴘᴄꜰʟ =1ᴀᴜɢII
CONJ
CONJ
@@@ =2ᴀᴜɢII
Adv
PREP
PREP
CONJ
@@@ ꞮƦƦ PᴅꞮƦ.HITHER =3ᴍꞮɴIA
@@@ PᴅꞮƦ.YON =1ᴀᴜɢI
PREP
CONJ
N
@@@
Det
@@@ ꞮƦƦ PᴅꞮƦ.YON =3ᴀᴜɢIS
Posspro
V Ʀʟ ꞮɴᴛЅ =ᴄᴏЅ PᴅꞮƦ.HITHER =1ᴍꞮɴI.ᴄᴍʙ
@@@
PREP
Nom1 ꞮƦƦ ᴛƦ =1ᴍꞮɴI
N =1ᴍꞮɴII
Nom1 =3ᴍꞮɴIA
@@@
N
@@@
@@@
Particle
N
Ncomp
PN SOUTHERN.CROSS
N
N
@@@ ꞮƦƦ PᴅꞮƦ.YON =3ᴀᴜɢIA
CONJ
V Ʀʟ =ᴄᴏЅ
V
N
Perspro
@@@ Ʀʟ =ᴄᴏЅ =3ᴍꞮɴIA
@@@ ᴘꜰᴠ
@@@ CAMP
N
@@@ ɴᴍʟᴢ1 ɴᴍʟᴢ.ᴘᴄꜰʟ =1ᴍꞮɴII
Det
Det
Posspro =3ᴀᴜɢII
@@@ ɴᴍʟᴢ1 GᴅꞮƦ.DOWN ɴᴍʟᴢ.ᴘᴄꜰʟ PᴅꞮƦ.HITHER =1ᴀᴜɢII
V
Adv Ʀʟ.3ᴀᴜɢ GᴅꞮƦ.IN =3ᴀᴜɢIS
PREP
PREP
@@@ 3ᴀᴜɢ1 ꞮɴᴛЅ =3ᴀᴜɢIS
pro
N
@@@ ɴᴇɢ =1ᴀᴜɢI ɴᴇɢ
PREP
RPRN
CONJ
@@@ Ʀʟ.3ᴀᴜɢ ᴛƦ ꞮɴᴛЅ =STILL
N
N
N(kxcl)
Adv
@@@ ɴᴍʟᴢ1 ɴᴍʟᴢ.ᴘᴄꜰʟ =3ᴍꞮɴII
@@@ =1ᴀᴜɢI
N
Perspro ᴀᴄᴄ =1ᴍꞮɴII
@@@ Ʀʟ =ᴄᴏЅ =3ᴍꞮɴIA
N
@@@ PᴅꞮƦ.YON =3ᴍꞮɴIA
Particle
V
N
Ncomp
CONJ
N
@@@ ꞮɴᴛЅ GᴅꞮƦ.DOWN =3ᴍꞮɴIS
PREP
V
N
@@@ =ᴄᴏЅ PᴅꞮƦ.YON =1ᴀᴜɢI
@@@ ᴅᴘᴠ GᴅꞮƦ.DOWN =3ᴍꞮɴIA
A-D-P2 =1ᴍꞮɴII
RPRN
N
Posspro =3ᴀᴜɢII
Particle
Posspro =1ᴀᴜɢII
V
PREP
interrog
Posspro
@@@ ꞮƦƦ PᴅꞮƦ.YON =3ᴍꞮɴIA
@@@ =1ᴀᴜɢI
@@@
RPRN
@@@ ᴘꜰᴠ
N
PREP
V ᴘᴀЅ
CONJ
Particle
be.V
N
pro
N =3ᴍꞮɴII
Adv
Particle
@@@ ᴘꜰᴠ
PREP
N
Particle
@@@ ꞮƦƦ =ᴄᴏЅ
N
Ord ᴏƦᴅ
Adv
N
@@@ =3ᴍꞮɴII
A-D-P2 =1ᴍꞮɴII
V
PREP
PREP
PCLF =3ᴀᴜɢII
CONJ
Adj
RPRN
PREP
NEG
Adv
N
@@@ ᴘꜰᴠ
N
CONJ
RPRN
@@@ PᴅꞮƦ.YON =1ᴀᴜɢI
@@@ ꞮƦƦ PᴅꞮƦ.YON
N
@@@ =3ᴍꞮɴII
Adv
C-fix-Nom ɴᴍʟᴢ1 ᴠƦ
DEM
@@@ =3ᴍꞮɴII
N DOOR
Perspro
Ord ᴏƦᴅ
CONJ
PREP
@@@ ᴘᴀЅ ᴛƦ ꞮɴᴛЅ
Det
CONJ
N
V PᴅꞮƦ.HITHER
DEM
RPRN
pro
V PᴅꞮƦ.HITHER
@@@ ᴍꞮᴅ PᴅꞮƦ.YON =3ᴍꞮɴIA
N
N
Perspro
@@@ =1ᴀᴜɢI
N
N
V
N
PREP
Adv
PREP
@@@ ɴᴍʟᴢ1 ɴᴍʟᴢ.ᴘᴄꜰʟ =1ᴍꞮɴII
V ᴘᴀЅ VERY ᴘʟ
V
@@@ Ʀʟ.3ᴀᴜɢ =ᴄᴏЅ PᴅꞮƦ.HITHER =3ᴀᴜɢIS
V
N
PREP
V
N
PREP
@@@ ᴘꜰᴠ
N =3ᴀᴜɢII
V
PREP
pro
pro
Particle
V
CONJ
RPRN
PREP
N
PREP
@@@ 3ᴀᴜɢ1 =3ᴀᴜɢIS
nprop
@@@
vi Ʀʟ GᴅꞮƦ.OUT ᴀᴘᴘʟ PᴅꞮƦ.HITHER
@@@
@@@ GᴅꞮƦ.UP ᴀᴘᴘʟ =3ᴍꞮɴII
CONJ
@@@
@@@ Ʀʟ.3ᴀᴜɢ ᴀᴘᴘʟ =3ᴀᴜɢII
RPRN
N
PREP
pro
@@@ 3ᴀᴜɢ1 ꞮɴᴛЅ GᴅꞮƦ.OUT
N
RPRN
N
PREP
N
N
Particle
N
Det
CONJ
PN
Particle
N
N
Adv
@@@ ɴᴍʟᴢ1 ɴᴍʟᴢ.ᴘᴄꜰʟ =1ᴀᴜɢII
N
INTJ
CONJ
N
@@@ PᴅꞮƦ.HITHER
N
@@@ Ʀʟ
Perspro ᴀᴄᴄ =1ᴍꞮɴII
@@@ ɴᴍʟᴢ.ᴘᴄꜰʟ =3ᴍꞮɴII
@@@ =3ᴍꞮɴII
@@@
N
Particle
CONJ
C-fix-Nom ɴᴍʟᴢ1 ᴠƦ
@@@ 3ᴀᴜɢ1 =3ᴀᴜɢIS
CONJ
@@@ ᴘꜰᴠ
@@@ ᴄᴀᴜЅ PᴅꞮƦ.HITHER =3ᴍꞮɴIA
N
@@@ Ʀʟ =ᴄᴏЅ PᴅꞮƦ.HITHER
CONJ
V
@@@ ᴘꜰᴠ
@@@ =3ᴍꞮɴIA
PN
CONJ
N
@@@ PᴅꞮƦ.HITHER =1ᴍꞮɴI.ᴄᴍʙ
@@@ ɴᴍʟᴢ1 ɴᴍʟᴢ.ᴘᴄꜰʟ =1ᴍꞮɴII
N
N
N
N
N
@@@
@@@ ᴛƦ ᴘʟ
Perspro
V
@@@ ɴᴍʟᴢ1 ɴᴍʟᴢ.ᴘᴄꜰʟ =1ᴍꞮɴII
Adv
RPRN
@@@ ɴᴇɢ ɴᴍʟᴢ1 ɴᴍʟᴢ.ᴘᴄꜰʟ PᴅꞮƦ.HITHER =3ᴍꞮɴIA ɴᴇɢ
@@@ ɴᴍʟᴢ1 ᴄᴀᴜЅ GᴅꞮƦ.OUT ɴᴍʟᴢ.ᴘᴄꜰʟ PᴅꞮƦ.HITHER =1ᴍꞮɴI
@@@ =1ᴍꞮɴII
N
@@@ =1ᴀᴜɢII
@@@ UᴅꞮƦ.PATH PᴅꞮƦ.HITHER =3ᴍꞮɴIA
nprop USA,.AMERICA
@@@ Ʀʟ =1ᴍꞮɴI
@@@ =1ᴍꞮɴII
@@@ Ʀʟ.3ᴀᴜɢ PᴅꞮƦ.HITHER =3ᴀᴜɢIS
NP PLATFORM
N
RPRN
RPRN
PREP
@@@ Ʀʟ =ᴄᴏЅ =12ᴀᴜɢI
@@@ 3ᴀᴜɢ1 PᴅꞮƦ.YON =3ᴀᴜɢIS
Particle
@@@ ɴᴇɢ Ʀʟ GᴅꞮƦ.DOWN =ᴄᴏЅ ᴀᴘᴘʟ =3ᴍꞮɴII ɴᴇɢ
@@@ PᴅꞮƦ.YON =3ᴍꞮɴIA
@@@ Ʀʟ =ᴄᴏЅ =3ᴍꞮɴIS
A-D-P2
@@@ GᴅꞮƦ.UP =1ᴀᴜɢI
RPRN
N =3ᴍꞮɴII
Particle
@@@ ꞮƦƦ PᴅꞮƦ.HITHER
N
@@@ ᴍꞮᴅ PᴅꞮƦ.YON =3ᴍꞮɴIA
Det
RPRN
@@@ Ʀʟ =ᴄᴏЅ =12ᴀᴜɢI
CONJ
RPRN
DEM
@@@ ᴘꜰᴠ
NP WILD.YAM
@@@
@@@ ꞮɴᴛЅ =ᴄᴍᴘʟ
@@@ =3ᴍꞮɴII
N
PREP
PREP
@@@ =1ᴍꞮɴII
@@@ Ʀʟ.3ᴀᴜɢ UᴅꞮƦ.AWAY.FROM =ᴄᴏЅ =3ᴀᴜɢIA
SUBR
PREP
@@@ ST..PAUL
N
@@@
N
CONJ
PREP
Det
RPRN
CONJ
PREP
Particle
N(kxcl)
N =1ᴀᴜɢII
@@@
@@@ Ʀʟ ᴍꞮᴅ =ᴄᴏЅ PᴅꞮƦ.HITHER =3ᴍꞮɴIA
V =1ᴍꞮɴII
Ncomp CABBAGE.PALM
CONJ
N
Particle
@@@ ᴛƦ =ᴄᴍᴘʟ =3ᴍꞮɴIA
Adv
@@@
N
@@@
CONJ
V
RPRN
@@@ Ʀʟ.3ᴀᴜɢ =ᴄᴏЅ =3ᴀᴜɢIS
@@@ Ʀʟ =ᴄᴏЅ =3ᴍꞮɴIS
N
N =3ᴍꞮɴII
Perspro
@@@
Det
Particle
Det
N
@@@ ꞮƦƦ ꞮɴᴛЅ PᴅꞮƦ.YON =1ᴍꞮɴI.ᴄᴍʙ
Particle
PREP
V
@@@
CONJ
N
N
PREP
RPRN
@@@ ᴍꞮᴅ =ᴄᴏЅ PᴅꞮƦ.HITHER =3ᴍꞮɴIA
N
V ᴘᴀЅ
@@@ ᴘꜰᴠ
RPRN
Particle
PREP
PN
PREP
N STORE
N
@@@ Ʀʟ ᴀᴘᴘʟ =1ᴀᴜɢII
@@@ Ʀʟ =ᴄᴏЅ
A-D-P2
@@@
N
N =3ᴍꞮɴII
N
@@@ ɴᴍʟᴢ1 ɴᴍʟᴢ.ᴘᴄꜰʟ =3ᴍꞮɴII
N
@@@ Ʀʟ PᴅꞮƦ.YON =3ᴍꞮɴIA
CONJ
Adv
Det
A-D-P2
N
@@@ ɴᴍʟᴢ1 ɴᴍʟᴢ.ᴘᴄꜰʟ PᴅꞮƦ.YON
N MACHINEGUN
N
V PᴅꞮƦ.HITHER =3ᴍꞮɴIS
@@@ ꞮƦƦ =1ᴍꞮɴI
Particle
@@@ 3ᴀᴜɢ1 =ᴄᴏЅ =3ᴀᴜɢIA
CONJ
@@@
PREP
N
N
N
Particle
CONJ
N
V ᴘᴀЅ
@@@ =1ᴍꞮɴII
N
@@@ ᴘꜰᴠ
V ᴍꞮᴅ PᴅꞮƦ.YON
@@@ ꞮƦƦ ᴛƦ GᴅꞮƦ.IN PᴅꞮƦ.HITHER =1ᴀᴜɢII
Particle
@@@ =12ᴀᴜɢII
N
V ᴅᴘᴠ
RPRN
PN
Perspro
N ɴᴍʟᴢ1 ɴᴍʟᴢ.ᴘᴄꜰʟ =3ᴀᴜɢII
N
RPRN
Perspro
@@@ =ᴄᴏЅ
Adv
@@@ ɴᴍʟᴢ1 ᴀᴘᴘʟ
@@@
PREP
Posspro =3ᴀᴜɢII
Posspro =3ᴀᴜɢII
Adj
N
N =3ᴍꞮɴII
@@@ ꞮɴᴛЅ
N
@@@ ɴᴍʟᴢ1 GᴅꞮƦ.IN ɴᴍʟᴢ.ᴘᴄꜰʟ =1ᴀᴜɢII
N
@@@ ɴᴇɢ =1ᴍꞮɴI ɴᴇɢ
pro
CONJ
@@@ Ʀʟ
pro
N
RPRN
A-D-P2 =1ᴍꞮɴII
N(kxcl)
N
CONJ
Particle
PREP
RPRN
V ꞮƦƦ ᴍꞮᴅ =ᴄᴏЅ ᴘʟ
Adv
N
N
Particle
PREP
PREP
N =3ᴍꞮɴII
N
nprop
CONJ
PREP
@@@ ꞮƦƦ =3ᴀᴜɢIA
Posspro
@@@ =3ᴀᴜɢII
@@@ ɴᴍʟᴢ1 ɴᴍʟᴢ.ᴘᴄꜰʟ =1ᴀᴜɢII
Ord ᴏƦᴅ
Ncomp
N
RPRN
C-fix-Nom
@@@ PᴅꞮƦ.HITHER
@@@ ꞮƦƦ SPHERICAL.OBJECT =ᴄᴏЅ PᴅꞮƦ.YON =3ᴍꞮɴIA
@@@
N(kxcl)
@@@ ᴍꞮᴅ GᴅꞮƦ.UP PᴅꞮƦ.YON
RPRN
CONJ
PN
PREP
V
Posspro
A-D-P2 =1ᴍꞮɴII =3ᴍꞮɴIIP
N
Det
interrog
@@@
N
CONJ
@@@ ɴᴍʟᴢ1 ɴᴍʟᴢ.ᴘᴄꜰʟ PᴅꞮƦ.HITHER =1ᴀᴜɢII
V Ʀʟ =ᴄᴏЅ
V ᴘᴀЅ ᴀᴘᴘʟ
PREP
@@@ Ʀʟ =ᴄᴏЅ =3ᴍꞮɴIS
Particle
@@@ Ʀʟ ᴛƦ =3ᴀᴜɢIA
N =1ᴍꞮɴII
N
V
V
RPRN
N
@@@ =1ᴀᴜɢI
Adv
Ord ᴏƦᴅ
Particle
N
CONJ
C-fix-Nom ɴᴍʟᴢ1 ɴᴍʟᴢ.ᴘᴄꜰʟ
CONJ
Det
N
@@@ ɴᴇɢ ɴᴇɢ
N
PREP
Particle
Adv
N
N(kxcl)
@@@ =ᴄᴏЅ =3ᴍꞮɴIA
PREP
V Ʀʟ GᴅꞮƦ.DOWN PᴅꞮƦ.HITHER =3ᴍꞮɴIS
Perspro
CONJ
RPRN
CONJ
@@@ =1ᴀᴜɢII
Particle
@@@ ᴘᴀЅ =ᴄᴏЅ PᴅꞮƦ.YON
N
N CATECHIST
PREP
Particle
N =1ᴀᴜɢII
RPRN
@@@ =3ᴍꞮɴII ᴘʟ
@@@ Ʀʟ WHISPERINGLY =ᴄᴏЅ PᴅꞮƦ.YON =3ᴍꞮɴIA
PREP
V
PCLF
N
Particle
@@@
@@@ ɴᴍʟᴢ1 ᴛƦ ɴᴍʟᴢ.ᴘᴄꜰʟ =1ᴀᴜɢII
N
N
N
@@@ ꞮƦƦ GᴅꞮƦ.IN =12ᴍꞮɴI
CONJ
V
N(kxcl)
pro
Particle
Adv
Adj ᴘʟ
CONJ
@@@ ɴᴍʟᴢ1 ɴᴍʟᴢ.ᴘᴄꜰʟ =1ᴍꞮɴII
@@@ ᴘꜰᴠ
@@@ =1ᴀᴜɢI
CONJ
N
N
PREP
Ncomp
CONJ
Particle
N
CONJ
@@@ ᴘꜰᴠ
@@@ Ʀʟ ᴀᴘᴘʟ =1ᴀᴜɢII
@@@ =1ᴍꞮɴII
V Ʀʟ GᴅꞮƦ.OUT ᴀᴘᴘʟ PᴅꞮƦ.HITHER
@@@ 3ᴀᴜɢ1 ᴀᴘᴘʟ =3ᴀᴜɢII
Det
N
@@@ Ʀʟ GᴅꞮƦ.DOWN PᴅꞮƦ.HITHER =3ᴍꞮɴIS
N
@@@ Ʀʟ =ᴄᴏЅ PᴅꞮƦ.HITHER =1ᴀᴜɢII
@@@ =1ᴀᴜɢI
PN
V
PREP
@@@ =3ᴍꞮɴII ᴘʟ
@@@ =12ᴀᴜɢII
Particle
@@@ 3ᴀᴜɢ1 ᴍꞮᴅ PᴅꞮƦ.HITHER =3ᴀᴜɢIA
Adv
@@@ ꞮɴᴛЅ ᴀᴘᴘʟ =1ᴍꞮɴII
@@@ Ʀʟ =3ᴍꞮɴIA
@@@ Ʀʟ UᴅꞮƦ.THROUGH RELEASE =ᴄᴏЅ =1ᴍꞮɴI
PREP
N
Adv
N
Adv
@@@ GᴅꞮƦ.OUT PᴅꞮƦ.YON =1ᴀᴜɢI
@@@ =ᴄᴏЅ
Ncomp SPIDER.LILY
V
@@@ =3ᴍꞮɴIA
@@@ ᴘꜰᴠ
@@@ ᴘꜰᴠ
Particle
Particle
N
CONJ
N
@@@ =1ᴀᴜɢI
Nom1 VERY GᴅꞮƦ.OUT =3ᴍꞮɴIA
N(kxcl) =3ᴍꞮɴIA
N
N
N
RPRN
@@@ ᴍꞮᴅ GᴅꞮƦ.DOWN PᴅꞮƦ.YON =3ᴍꞮɴIA
PREP
N ɴᴍʟᴢ1 ᴍꞮᴅ ᴀᴘᴘʟ
RPRN
@@@ ᴘꜰᴠ
V ᴘᴀЅ ᴀᴘᴘʟ ᴀᴘᴘʟ
RPRN
Det
N
N(kxcl)
PCLF
V ᴀᴘᴘʟ
@@@ ꞮƦƦ PᴅꞮƦ.YON
SUBR
Adv
Ncomp
N(kxcl)
N =3ᴍꞮɴII
PREP
@@@ Ʀʟ =STILL ᴀᴘᴘʟ =1ᴍꞮɴII
CONJ
RPRN
V
C-fix-Nom
@@@ 3ᴀᴜɢ1 GᴅꞮƦ.DOWN =3ᴀᴜɢIS
V
pro
V
@@@ ɴᴍʟᴢ1 ᴄᴀᴜЅ ɴᴍʟᴢ.ᴘᴄꜰʟ =3ᴍꞮɴII
N
@@@ =ᴄᴏЅ
@@@ Ʀʟ GᴅꞮƦ.IN =STILL =1ᴍꞮɴI
Particle
N
@@@ ɴᴍʟᴢ1 ɴᴍʟᴢ.ᴘᴄꜰʟ =3ᴍꞮɴII
A-D-P2 =12ᴍꞮɴII
@@@ PRIMARY
@@@ ɴᴍʟᴢ1 ɴᴍʟᴢ
N
RPRN
V
N
V
V =ᴄᴏЅ
N
N
V
N
N
N ɴᴍʟᴢ1 ᴍꞮᴅ ᴀᴘᴘʟ
@@@
@@@ Ʀʟ ᴀᴘᴘʟ =1ᴀᴜɢII
RPRN
PREP
PN
PREP
Adv ᴘʟ
V
Perspro ᴀᴄᴄ =1ᴍꞮɴII
PREP
N
@@@ ᴘꜰᴠ
Particle
PREP
N
CONJ
PREP
V
Adv
PREP
V
Perspro
CONJ
N
V UᴅꞮƦ.PATH GᴅꞮƦ.OUT
@@@ =ᴄᴏЅ =1ᴍꞮɴI
@@@
N
@@@ ꞮƦƦ ᴛƦ =1ᴀᴜɢI
N(kxcl)
N
Particle
PN
V ᴘᴀЅ PᴅꞮƦ.YON
A-D-P2
interrog WHAT
@@@ ꞮƦƦ GᴅꞮƦ.IN =12ᴍꞮɴI
@@@ =3ᴀᴜɢII
N
CONJ
N
CONJ
@@@ Ʀʟ.3ᴀᴜɢ GᴅꞮƦ.IN =ᴄᴏЅ =2ᴍꞮɴII
@@@ Ʀʟ =ᴄᴏЅ =1ᴍꞮɴI
@@@ Ʀʟ GᴅꞮƦ.IN =ᴄᴏЅ =1ᴀᴜɢI
N =3ᴍꞮɴII
@@@ GᴅꞮƦ.OUT
RPRN
A-D-P2
PREP
@@@ =3ᴍꞮɴII
RPRN
N
N
@@@ ɴᴍʟᴢ1 ꞮɴᴛЅ ᴀᴘᴘʟ
@@@ ɴᴍʟᴢ1 ᴍꞮᴅ ɴᴍʟᴢ.ᴘᴄꜰʟ .BZ(PDIR.YON)=O(1MINI)
@@@ Ʀʟ
PREP
PREP
@@@ Ʀʟ.3ᴀᴜɢ =ᴄᴏЅ =3ᴀᴜɢIS
@@@ =3ᴍꞮɴII
PREP
@@@ MALE.AGENT.OF.ACTION.WHICH.FOLLOWS
N
N
PREP
N CAN
Ncomp
@@@ GᴅꞮƦ.OUT PᴅꞮƦ.HITHER =3ᴍꞮɴIS
Nom1 =3ᴍꞮɴIA
@@@ Ʀʟ
@@@ ɴᴍʟᴢ1 ɴᴍʟᴢ.ᴘᴄꜰʟ =1ᴀᴜɢII
Particle
N
@@@ GᴅꞮƦ.DOWN =2ᴀᴜɢI
pro
PREP
@@@
@@@ 3ᴀᴜɢ1
Adv
A-D-P2
@@@ Ʀʟ GᴅꞮƦ.UP PᴅꞮƦ.HITHER
Particle
@@@
RPRN
@@@ =3ᴍꞮɴIA
RPRN
Adj
N
@@@ PᴅꞮƦ.YON
@@@ =ᴄᴏЅ
CONJ
@@@
CONJ
@@@
N
Ncomp
@@@ =1ᴀᴜɢII
@@@ ᴘꜰᴠ
N
@@@ AIRPLANE
Adv
PREP
RPRN
N ɴᴍʟᴢ1 PROGRESSIVE ɴᴍʟᴢ.ᴘᴄꜰʟ =1ᴀᴜɢII
V Ʀʟ =ᴄᴏЅ
N
@@@ ᴘꜰᴠ
N
@@@ ɴᴍʟᴢ1 ɴᴍʟᴢ.ᴘᴄꜰʟ =3ᴀᴜɢII
A-D-P2
CONJ
N
V Ʀʟ ᴍꞮᴅ GᴅꞮƦ.DOWN
V
N
Clause
N ᴘᴀЅ PᴅꞮƦ.HITHER
@@@ ᴘꜰᴠ
Ncomp
RPRN
Perspro
PREP
CONJ
RPRN
PREP
PN
@@@ ɴᴍʟᴢ1 ɴᴍʟᴢ.ᴘᴄꜰʟ =1ᴀᴜɢII
Perspro
N
Perspro
Posspro =3ᴍꞮɴII
N
Perspro
RPRN
@@@
N
CONJ
PREP
@@@
V
N
PN
@@@ Ʀʟ =ᴄᴏЅ ᴀᴘᴘʟ PᴅꞮƦ.HITHER =3ᴍꞮɴIA
Nom1 =3ᴍꞮɴIA
A-D-P2 =3ᴍꞮɴII
PREP
CONJ
@@@ ᴛƦ =ᴄᴏЅ =1ᴀᴜɢI
PREP
N
@@@
PREP
N
@@@ Ʀʟ ᴍꞮᴅ PᴅꞮƦ.HITHER =3ᴍꞮɴIA
CONJ
Particle
N
@@@ =1ᴍꞮɴI
Det
@@@
@@@ 3ᴀᴜɢ1 PᴅꞮƦ.YON =3ᴀᴜɢIA
Particle
@@@ =1ᴀᴜɢII
N
N
@@@ ɴᴍʟᴢ1 ɴᴍʟᴢ
CONJ
@@@ ɴᴍʟᴢ1 ɴᴍʟᴢ.ᴘᴄꜰʟ =3ᴍꞮɴII
N
@@@
N
RPRN
@@@ GᴅꞮƦ.DOWN =3ᴍꞮɴIA
@@@ ᴘꜰᴠ
A-D-P2
N
@@@ ɴᴍʟᴢ1 =ᴄᴏЅ ɴᴍʟᴢ.ᴘᴄꜰʟ =1ᴍꞮɴII
@@@ =ᴄᴏЅ
N
RPRN
Posspro =2ᴍꞮɴII
@@@ ᴀᴘᴘʟ =3ᴍꞮɴIA
PREP
Posspro ɴᴍʟᴢ.ᴘᴄꜰʟ =3ᴍꞮɴII
@@@ Ʀʟ
Particle
Det
RPRN
V
RPRN
CONJ
PREP
Adv
@@@ ɴᴇɢ =ᴄᴍᴘʟ ɴᴇɢ
DEM
Particle
PN
V
RPRN
PN
@@@
@@@
pro
@@@ =3ᴍꞮɴIA
Posspro =3ᴍꞮɴII ᴘʟ
Perspro
Perspro
pro
@@@ ɴᴍʟᴢ1 ᴛƦ GᴅꞮƦ.UP ɴᴍʟᴢ.ᴘᴄꜰʟ =3ᴀᴜɢII =3ᴍꞮɴIA
Perspro ᴀᴄᴄ =1ᴍꞮɴII
PREP
PREP
@@@ ᴅᴘᴠ GᴅꞮƦ.IN =3ᴍꞮɴIA
@@@ ꞮƦƦ PᴅꞮƦ.YON
Adv
SUBR
V
@@@ Ʀʟ =ᴄᴏЅ PᴅꞮƦ.YON
CONJ
RPRN
N
PREP
PREP
PREP
Perspro ᴀᴄᴄ =1ᴍꞮɴII
CONJ
@@@ ɴᴍʟᴢ1 ɴᴍʟᴢ.ᴘᴄꜰʟ =1ᴀᴜɢII
Ncomp
Posspro =3ᴀᴜɢII
@@@ ꞮɴᴛЅ GᴅꞮƦ.IN =12ᴀᴜɢI
V ᴘᴀЅ ᴍꞮᴅ PᴅꞮƦ.YON
Adv
Adv
Particle
N
@@@ ꞮɴᴛЅ PᴅꞮƦ.YON =1ᴀᴜɢI
@@@ Ʀʟ.3ᴀᴜɢ PᴅꞮƦ.YON =3ᴀᴜɢIA
V
RPRN
NP
RPRN
@@@ Ʀʟ ᴀᴘᴘʟ =1ᴀᴜɢII
RPRN
@@@
@@@ 3ᴀᴜɢ1 =3ᴀᴜɢIS
DEM
N
N
@@@ Ʀʟ PᴅꞮƦ.YON =1ᴀᴜɢI
V
@@@ ɴᴍʟᴢ1 ɴᴍʟᴢ.ᴘᴄꜰʟ =3ᴍꞮɴII
N HOG.PLUM.FRUIT
N
Adv
N
N
RPRN
@@@ ɴᴍʟᴢ1 ᴄᴀᴜЅ PᴅꞮƦ.YON =3ᴀᴜɢIA
RPRN
PREP
PREP
N
N HOG.PLUM.FRUIT
NEG
C-fix-Nom
N
@@@
Posspro
N
Det
V ꞮƦƦ
Adv
CONJ
@@@ ᴘꜰᴠ
pro
N =3ᴍꞮɴII
@@@ ᴘꜰᴠ
CONJ
@@@ ɴᴇɢ ᴀᴘᴘʟ =3ᴍꞮɴII ɴᴇɢ
CONJ
N
N
@@@
nprop
@@@ =ᴄᴏЅ =1ᴀᴜɢI
V
@@@ Ʀʟ ꞮɴᴛЅ =1ᴀᴜɢI
N
Perspro =12ᴀᴜɢII
N
RPRN
V
N
Det
PN
N
@@@ Ʀʟ.3ᴀᴜɢ ᴍꞮᴅ =3ᴀᴜɢIS
@@@ 3ᴀᴜɢ1
V
@@@ Ʀʟ GᴅꞮƦ.OUT ᴀᴘᴘʟ =3ᴍꞮɴIS
N
V
N
Adj
CONJ
N =1ᴍꞮɴII
PREP
RPRN
N
pro
Particle
@@@ 3ᴀᴜɢ1
CONJ
Particle
Ord ᴏƦᴅ
Particle
PREP
RPRN
N
Particle
PREP
V
@@@ 3ᴀᴜɢ1 =3ᴀᴜɢIA
N =3ᴀᴜɢII
PN
N
CONJ
V ᴘᴀЅ ᴍꞮᴅ PᴅꞮƦ.YON
Adj
@@@ ɴᴍʟᴢ1 ɴᴍʟᴢ.ᴘᴄꜰʟ PᴅꞮƦ.HITHER =3ᴀᴜɢIA
CONJ
@@@ Ʀʟ PᴅꞮƦ.YON =1ᴀᴜɢI
@@@
CONJ
V Ʀʟ
@@@ Ʀʟ ᴀᴘᴘʟ =STILL
@@@ ꞮɴᴛЅ =ᴄᴏЅ =3ᴍꞮɴIA
N
@@@ PᴅꞮƦ.YON =1ᴀᴜɢI
PN
@@@
@@@ PᴅꞮƦ.HITHER =1ᴀᴜɢII
@@@ =1ᴍꞮɴII
A-D-P2
@@@ ᴘꜰᴠ
PN
@@@ ꞮƦƦ =3ᴀᴜɢIA
N
RPRN
V PᴅꞮƦ.HITHER
N
@@@ ꞮɴᴛЅ =1ᴀᴜɢI
Perspro ᴀᴄᴄ =1ᴍꞮɴII
CONJ
RPRN
N
N
RPRN
CONJ
N
Particle
@@@
Particle
Adj
@@@ =3ᴍꞮɴII
@@@ Ʀʟ ᴍꞮᴅ =ᴄᴏЅ PᴅꞮƦ.YON
Particle
@@@
C-fix-Nom ɴᴍʟᴢ1 ᴠƦ
C-fix-Nom ɴᴍʟᴢ1 ɴᴍʟᴢ
Perspro
N
Posspro
Perspro ᴀᴄᴄ =1ᴍꞮɴII
A-D-P2
@@@ ɴᴍʟᴢ1 GᴅꞮƦ.OUT ɴᴍʟᴢ.ᴘᴄꜰʟ =3ᴀᴜɢII
RPRN
PREP
PREP
@@@ =3ᴀᴜɢII
@@@
@@@ Ʀʟ.3ᴀᴜɢ =ᴄᴏЅ =3ᴀᴜɢIS
N
pro
Adv
CONJ
@@@
Particle
N
PREP
@@@ ꞮɴᴛЅ .BZ(PDIR.YON)=O(1MINI)
Det
NP
Perspro
@@@ ᴘꜰᴠ
PN
N
@@@ =3ᴍꞮɴII ᴘʟ
CONJ
V GᴅꞮƦ.UP ᴀᴘᴘʟ
RPRN
Particle
Det
RPRN
@@@
Particle
Particle
@@@
CONJ
Particle
@@@ ꞮɴᴛЅ =ᴄᴍᴘʟ
@@@ 3ᴀᴜɢ1 =3ᴀᴜɢIA
N(kxcl)
N
Adv
PREP
A-D-P2
PCLF
RPRN
@@@ Ʀʟ ᴄᴀᴜЅ GᴅꞮƦ.IN PᴅꞮƦ.HITHER =3ᴍꞮɴIA
RPRN
N
N
N
Adv
@@@ PᴅꞮƦ.YON =1ᴀᴜɢI
Adv
@@@ Ʀʟ =ᴄᴏЅ PᴅꞮƦ.YON =1ᴀᴜɢI
N
V
@@@ ꞮɴᴛЅ =3ᴍꞮɴII
A-D-P2 =1ᴍꞮɴII
PCLF =3ᴀᴜɢII
N
N
PN
N
@@@ ᴘꜰᴠ
RPRN
CONJ
CONJ
A-D-P2
PREP
N
Perspro
Perspro ᴀᴄᴄ =1ᴍꞮɴII
PREP
Det
Det
N
V ᴘᴀЅ =ᴄᴏЅ PᴅꞮƦ.HITHER
@@@ 3ᴀᴜɢ1 =3ᴀᴜɢII
RPRN
N
PN
V =2ᴍꞮɴII
N(kxcl)
PREP
N
V ꞮƦƦ .BZ(PDIR.YON)=O(1MINI)
Det
RPRN
CONJ
N
V
@@@ Ʀʟ.3ᴀᴜɢ GᴅꞮƦ.DOWN =3ᴀᴜɢIS
@@@ Ʀʟ =ᴄᴏЅ PᴅꞮƦ.YON =3ᴍꞮɴIA
RPRN
@@@ Ʀʟ ᴅЅᴛƦ =1ᴀᴜɢI
@@@ ɴᴍʟᴢ1 ɴᴍʟᴢ
nprop USA,.AMERICA
C-fix-Nom ɴᴍʟᴢ1 ɴᴍʟᴢ
Perspro
N =3ᴍꞮɴII
PN
A-D-P2
@@@ Ʀʟ =1ᴍꞮɴI
@@@ ꞮɴᴛЅ GᴅꞮƦ.OUT
RPRN
RPRN
N
Ncomp
A-D-P2
@@@ ɴᴍʟᴢ1 ɴᴍʟᴢ.ᴘᴄꜰʟ
Particle
@@@ ᴘꜰᴠ
@@@ UᴅꞮƦ.PATH PᴅꞮƦ.HITHER =3ᴍꞮɴIA
N
PCLF
N
@@@ ꞮɴᴛЅ =1ᴀᴜɢI
Perspro
V
@@@ =3ᴀᴜɢII ᴘʟ
CONJ
@@@ ᴘꜰᴠ
@@@ GᴅꞮƦ.IN ᴀᴘᴘʟ .BZ(PDIR.YON)=O(1MINI) =3ᴍꞮɴIA
@@@
V
N
@@@ ᴛƦ =ᴄᴏЅ
@@@ ɴᴍʟᴢ1 ɴᴍʟᴢ.ᴘᴄꜰʟ =1ᴍꞮɴII
N
V Ʀʟ =ᴄᴏЅ ᴀᴘᴘʟ
Posspro =3ᴍꞮɴII
@@@ ᴘꜰᴠ
@@@ =1ᴍꞮɴI
CONJ
@@@ 3ᴀᴜɢ1 GᴅꞮƦ.DOWN PᴅꞮƦ.HITHER =3ᴀᴜɢIA =3ᴍꞮɴIA
PREP
V ᴍꞮᴅ PᴅꞮƦ.YON
RPRN
PREP
pro
V PᴅꞮƦ.YON
PN
@@@ ᴍꞮᴅ
PCLF =3ᴀᴜɢII
PN
RPRN
RPRN
@@@ ɴᴇɢ
CONJ
PN
@@@ GᴅꞮƦ.DOWN PᴅꞮƦ.HITHER =1ᴍꞮɴI
@@@ ɴᴍʟᴢ1 ɴᴍʟᴢ.ᴘᴄꜰʟ =3ᴍꞮɴII
@@@ ɴᴇɢ ɴᴇɢ
Particle
V ᴘᴀЅ
PREP
N
Det
Posspro
N(kxcl)
N
CONJ
@@@ ᴘꜰᴠ
@@@ ɴᴍʟᴢ1 ɴᴍʟᴢ.ᴘᴄꜰʟ =3ᴍꞮɴII
Particle
PREP
PN
@@@
N
N
N =3ᴍꞮɴII
N
N
@@@ ꞮɴᴛЅ PᴅꞮƦ.YON
@@@ ꞮƦƦ ᴄᴀᴜЅ GᴅꞮƦ.IN ᴀᴘᴘʟ PᴅꞮƦ.YON =3ᴀᴜɢIA
@@@ Ʀʟ ᴛƦ GᴅꞮƦ.DOWN PᴅꞮƦ.HITHER =3ᴍꞮɴIA
@@@ =3ᴀᴜɢII
@@@ 3ᴀᴜɢ1 ꞮɴᴛЅ =3ᴀᴜɢII
PREP
RPRN
@@@ Ʀʟ ᴍꞮᴅ =ᴄᴏЅ PᴅꞮƦ.HITHER =3ᴍꞮɴIS
@@@ Ʀʟ.3ᴀᴜɢ ᴛƦ PᴅꞮƦ.HITHER =3ᴀᴜɢIA
Posspro =3ᴍꞮɴII
RPRN
RPRN
CONJ
@@@ Ʀʟ.3ᴀᴜɢ =ᴄᴏЅ =3ᴀᴜɢIA
@@@ GᴅꞮƦ.DOWN PᴅꞮƦ.HITHER
@@@
N(kxcl)
Particle
CONJ
N
PREP
@@@ Ʀʟ =ᴄᴏЅ =1ᴍꞮɴI
CONJ
@@@ Ʀʟ =ᴄᴏЅ
N =3ᴍꞮɴII
A-D-P2
@@@ 3ᴀᴜɢ1 =3ᴀᴜɢIA
@@@ Ʀʟ ᴀᴘᴘʟ
Perspro
V ꞮƦƦ ᴍꞮᴅ ᴀᴘᴘʟ =1ᴀᴜɢII
@@@ ᴘꜰᴠ
CONJ
NEG
N
N
@@@ 3ᴀᴜɢ1
CONJ
Posspro =3ᴀᴜɢII
CONJ
interrog
pro
pro
V ᴘᴀЅ
N
Particle
RPRN
@@@ ᴍꞮᴅ PᴅꞮƦ.HITHER
PREP
N
N STORE
RPRN
Ncomp
@@@ GᴅꞮƦ.OUT PᴅꞮƦ.YON
Det
@@@ ᴘᴀЅ ᴀᴘᴘʟ =3ᴀᴜɢII
@@@ ɴᴍʟᴢ1 ɴᴍʟᴢ.ᴘᴄꜰʟ =1ᴀᴜɢII
@@@
@@@ 3ᴀᴜɢ1 ᴛƦ =3ᴀᴜɢIA
N
N
RPRN
@@@ Ʀʟ =ᴄᴏЅ PᴅꞮƦ.HITHER =1ᴍꞮɴI
V
@@@ Ʀʟ UᴅꞮƦ.PATH GᴅꞮƦ.UP PᴅꞮƦ.HITHER =3ᴍꞮɴIA
@@@ ᴘꜰᴠ
CONJ
N
N
nprop ALL.SAINTS
Particle
nprop SOCIETY
@@@
Particle
@@@ ɴᴍʟᴢ1 ɴᴍʟᴢ.ᴘᴄꜰʟ =3ᴍꞮɴII
N
N
Det
PREP
PREP
@@@ =3ᴍꞮɴII
PREP
CONJ
@@@ ɴᴍʟᴢ1 DEPEND =3ᴀᴜɢIA
@@@ ɴᴍʟᴢ1 ᴠƦ
Det
PREP
CONJ
N
RPRN
N
N
Adv
CONJ
N
N
N
PREP
nprop DECEMBER
@@@ Ʀʟ ꞮɴᴛЅ =STILL
N
PREP
RPRN
RPRN
V
N ɴᴍʟᴢ1 ɴᴍʟᴢ
@@@ ᴍꞮᴅ GᴅꞮƦ.DOWN PᴅꞮƦ.HITHER
Det
@@@ ᴍꞮᴅ ᴀᴘᴘʟ
CONJ
@@@
N
@@@ ᴘꜰᴠ
Perspro
RPRN
pro
V
@@@ ɴᴇɢ ɴᴇɢ
Particle
@@@ Ʀʟ
CONJ
V
PREP
Perspro
N
@@@
N
@@@ WHARF
PREP
RPRN
@@@
N
CONJ
@@@ MRNZQ.VIL
A-D-P2
Adj
PREP
@@@ Ʀʟ GᴅꞮƦ.UP =1ᴀᴜɢI
PREP
CONJ
RPRN
@@@
V PᴅꞮƦ.HITHER
V ᴘᴀЅ ᴄᴀᴜЅ ᴛƦ
N =3ᴍꞮɴII
Adv
@@@ ꞮƦƦ ᴛƦ PᴅꞮƦ.HITHER =3ᴍꞮɴIA
Particle
PREP
@@@ ɴᴍʟᴢ1 ɴᴍʟᴢ.ᴘᴄꜰʟ =3ᴀᴜɢII
@@@ =1ᴍꞮɴII
A-D-P2
CONJ
RPRN
pro
PREP
@@@ 3ᴀᴜɢ1 PᴅꞮƦ.YON =3ᴀᴜɢIA =3ᴍꞮɴIIP
N
CONJ
Particle
PREP
Ncomp
N
RPRN
N
@@@ ᴘʟ
N
N(kxcl)
CONJ
V ᴍꞮᴅ PᴅꞮƦ.YON
N
CONJ
@@@ =3ᴀᴜɢII
N
N
Particle
@@@ Ʀʟ =ᴄᴏЅ =3ᴍꞮɴIS
N =3ᴍꞮɴII
INTJ
Posspro =1ᴀᴜɢII
V
@@@ ɴᴇɢ ɴᴇɢ
Particle
@@@ =1ᴍꞮɴII
@@@ ꞮƦƦ =1ᴀᴜɢI
@@@ ꞮƦƦ ꞮɴᴛЅ ᴀᴘᴘʟ
Particle
A-D-P2
V Ʀʟ.3ᴀᴜɢ GᴅꞮƦ.IN PᴅꞮƦ.HITHER
@@@ ᴍꞮᴅ =ᴄᴏЅ =1ᴍꞮɴI
@@@ =ᴄᴏЅ
N =1ᴍꞮɴII
@@@ Ʀʟ =ᴄᴏЅ PᴅꞮƦ.YON =3ᴍꞮɴIA
V ᴀᴘᴘʟ PᴅꞮƦ.HITHER
RPRN
N
RPRN
RPRN
Particle
pro
A-D-P2
@@@ PᴅꞮƦ.YON =1ᴀᴜɢI
N(kxcl)
Particle
NP PALM.FERN
@@@ =3ᴍꞮɴII
CONJ
PREP
V Фɴᴛ.Ѕɢ
@@@ =1ᴍꞮɴI
@@@ =12ᴀᴜɢII
PREP
RPRN
@@@ PᴅꞮƦ.HITHER
Posspro =3ᴍꞮɴII
@@@ ᴘꜰᴠ
CONJ
@@@ Ʀʟ.3ᴀᴜɢ GᴅꞮƦ.OUT ᴀᴘᴘʟ PᴅꞮƦ.HITHER =3ᴀᴜɢIA
PCLF =3ᴀᴜɢII
CONJ
PREP
Particle
N
@@@ ᴘꜰᴠ
PREP
N
@@@ Ʀʟ =ᴄᴏЅ =3ᴍꞮɴIS
N
V =3ᴍꞮɴIS
@@@ PᴅꞮƦ.YON =3ᴍꞮɴIA
PREP
GEN =1ᴀᴜɢII ᴘʟ
N
N =1ᴀᴜɢII
@@@ PᴅꞮƦ.HITHER =1ᴍꞮɴI.ᴄᴍʙ
PREP
@@@ ɴᴍʟᴢ1
Det
N(kxcl)
@@@ ᴅᴘᴠ ꞮɴᴛЅ =1ᴍꞮɴI
PN
Det
Particle
N
@@@ ꞮƦƦ .BZ(PDIR.YON)=O(1MINI)
CONJ
RPRN
@@@
GEN
@@@ ɴᴍʟᴢ1 =ᴄᴏЅ ɴᴍʟᴢ.ᴘᴄꜰʟ =1ᴀᴜɢII
V ᴘᴀЅ GᴅꞮƦ.IN PᴅꞮƦ.YON
CONJ
@@@ ᴛƦ =3ᴍꞮɴIA
Particle
PREP
CONJ
C-fix-Nom ɴᴍʟᴢ1 ᴠƦ
@@@ Ʀʟ.3ᴀᴜɢ GᴅꞮƦ.IN =ᴄᴏЅ =3ᴀᴜɢIA
V
Adv
PREP
CONJ
N
RPRN
RPRN
CONJ
CONJ
V ɴᴇɢ ᴘᴀЅ ɴᴇɢ
N
@@@ PᴅꞮƦ.YON =1ᴀᴜɢI
nprop JAPAN
V .BZ(PDIR.YON)=O(1MINI)
N
CONJ
V 3ᴀᴜɢ1 GᴅꞮƦ.OUT PᴅꞮƦ.YON
Adv
@@@ ᴘꜰᴠ
Adv
PREP
@@@ ᴍꞮᴅ =ᴄᴏЅ =1ᴀᴜɢI
@@@ ɴᴍʟᴢ1 ᴛƦ ɴᴍʟᴢ.ᴘᴄꜰʟ =3ᴀᴜɢII
PCLF =3ᴀᴜɢII
Det
PREP
V
@@@ =ᴄᴏЅ =1ᴀᴜɢI
V GᴅꞮƦ.OUT PᴅꞮƦ.YON =3ᴍꞮɴIS
N
@@@ PᴅꞮƦ.HITHER =3ᴍꞮɴIA
@@@ Ʀʟ ᴄᴀᴜЅ PᴅꞮƦ.YON =1ᴀᴜɢI
Perspro =1ᴀᴜɢII
@@@ =1ᴍꞮɴII
RPRN
nprop JAPAN
@@@ ᴘꜰᴠ
V Ʀʟ =ᴄᴏЅ =1ᴀᴜɢI
@@@ ᴘꜰᴠ
PREP
CONJ
@@@ ɴᴍʟᴢ1 ᴍꞮᴅ ᴀᴘᴘʟ
@@@ 3ᴀᴜɢ1 =3ᴀᴜɢIS
N
@@@
RPRN
N
Ord ᴏƦᴅ
CONJ
@@@
@@@ ꞮƦƦ PᴅꞮƦ.YON =3ᴀᴜɢIA
PREP
N
@@@
Perspro
pro
Particle
@@@ ꞮƦƦ =3ᴀᴜɢII
N
@@@ ɴᴇɢ ᴄᴀᴜЅ PᴅꞮƦ.HITHER =3ᴍꞮɴIA ɴᴇɢ
N
@@@ =ᴄᴏЅ
Perspro
@@@ ɴᴍʟᴢ1 ɴᴍʟᴢ.ᴘᴄꜰʟ
pro
N
N
@@@ ꞮƦƦ =3ᴍꞮɴIA
N
@@@ ɴᴇɢ PASS.EXAM =1ᴍꞮɴI ɴᴇɢ
CONJ
N
N
A-D-P2 =3ᴍꞮɴII
@@@ Ʀʟ =ᴄᴏЅ =3ᴍꞮɴIA
Det
Det
CONJ
@@@ Ʀʟ =1ᴀᴜɢI
N
@@@ 3ᴀᴜɢ1 GᴅꞮƦ.IN =3ᴀᴜɢIS
N =3ᴍꞮɴII
Ord ᴏƦᴅ
RPRN
N
V PᴅꞮƦ.HITHER
CONJ
A-D-P2 =3ᴍꞮɴII
Posspro
CONJ
N
@@@ ɴᴍʟᴢ1 ꞮɴᴛЅ =ᴄᴏЅ ɴᴍʟᴢ.ᴘᴄꜰʟ =3ᴀᴜɢII
@@@ ɴᴇɢ =NOT.YET PᴅꞮƦ.HITHER =3ᴍꞮɴIA
CONJ
@@@
N
CONJ
@@@ 3ᴀᴜɢ1 GᴅꞮƦ.IN =3ᴀᴜɢIS
@@@ ɴᴇɢ ɴᴍʟᴢ1 =3ᴀᴜɢIA ɴᴇɢ
V Ʀʟ =ᴄᴏЅ =1ᴀᴜɢI
interrog
V Ʀʟ =ᴄᴏЅ PᴅꞮƦ.HITHER
CONJ
@@@ ᴍꞮᴅ PᴅꞮƦ.YON =3ᴍꞮɴIA
Posspro =3ᴀᴜɢII
@@@ Ʀʟ ꞮɴᴛЅ
PN
A-D-P2
@@@ 3ᴀᴜɢ1 UᴅꞮƦ.PATH GᴅꞮƦ.DOWN =ᴄᴏЅ =3ᴀᴜɢIA
PREP
Det
@@@ ɴᴍʟᴢ1 ɴᴍʟᴢ.ᴘᴄꜰʟ PᴅꞮƦ.YON
@@@ ᴄᴀᴜЅ ᴛƦ =1ᴀᴜɢI
@@@ ᴍꞮᴅ PᴅꞮƦ.HITHER
V
GEN
@@@ Ʀʟ ᴀᴘᴘʟ =2MINᵢ =3ᴍꞮɴIA
@@@ =12ᴀᴜɢI
@@@ ᴛƦ
N
PREP
C-fix-Nom ɴᴍʟᴢ1 ᴠƦ
@@@ ꞮɴᴛЅ
@@@ 3ᴀᴜɢ1 =3ᴀᴜɢIA
@@@ =1ᴍꞮɴII
@@@ ᴘꜰᴠ
N
@@@ Ʀʟ ᴍꞮᴅ PᴅꞮƦ.YON =3ᴍꞮɴIA
@@@ =1ᴍꞮɴI
Posspro =1ᴀᴜɢII
Ncomp
RPRN
Det
N
RPRN
Det
PREP
N
RPRN
Posspro =1ᴀᴜɢII
PCLF =3ᴀᴜɢII
Phrase BEAUTIFUL
@@@ WIRELESS
@@@ ꞮɴᴛЅ =1ᴀᴜɢI
@@@ =3ᴍꞮɴII
N
PN
RPRN
N
@@@ ᴘꜰᴠ
@@@ Ʀʟ =ᴄᴏЅ 2ᴍꞮɴII
@@@ ꞮɴᴛЅ ᴀᴘᴘʟ =3ᴍꞮɴII
N
N
@@@ ɴᴍʟᴢ1 ɴᴍʟᴢ.ᴘᴄꜰʟ =3ᴍꞮɴII
Perspro ᴀᴄᴄ =1ᴍꞮɴII
N
NEG
V ᴍꞮᴅ PᴅꞮƦ.YON
Ord ᴏƦᴅ
PREP
N
V ᴍꞮᴅ
Det
Det
pro
N
N
N
@@@ =3ᴍꞮɴIA
N
Adv
Particle
N ᴘᴀЅ ᴀᴘᴘʟ PᴅꞮƦ.HITHER
Particle
CONJ
CONJ
PREP
V
Perspro ᴀᴄᴄ =1ᴍꞮɴII
V
Particle
@@@ Ʀʟ GᴅꞮƦ.IN
Posspro =1ᴀᴜɢII
Det
A-D-P2
Adv AFTER
V ᴘᴀЅ ᴛƦ ꞮɴᴛЅ ꞮɴᴛЅ
A-D-P2
RPRN
@@@ ᴘꜰᴠ
@@@ Ʀʟ =2ᴍꞮɴI
Adv
RPRN
V
@@@ Ʀʟ.3ᴀᴜɢ GᴅꞮƦ.IN =3ᴀᴜɢIA
CONJ
Perspro
@@@ ꞮƦƦ UᴅꞮƦ.AWAY.FROM =ᴄᴏЅ =3ᴀᴜɢIA
N
RPRN
@@@ ꞮƦƦ =3ᴍꞮɴIA
@@@ ꞮɴᴛЅ PᴅꞮƦ.HITHER =3ᴍꞮɴIA
N
@@@ =1ᴍꞮɴII
N
Adv
RPRN
GEN
V
N
PREP
PREP
N
@@@
RPRN
PREP
pro
@@@ ᴘꜰᴠ
PREP
V
RPRN
Particle
PREP
Posspro =1ᴀᴜɢII
@@@ GᴅꞮƦ.UP ᴀᴘᴘʟ =3ᴍꞮɴII
Particle
RPRN
V ᴘᴀЅ
@@@ Ʀʟ.3ᴀᴜɢ =ᴄᴏЅ ᴀᴘᴘʟ
@@@ Ʀʟ =ᴄᴏЅ =3ᴍꞮɴIS
V
PREP
PREP
CONJ
V
Adv
@@@
@@@ Ʀʟ GᴅꞮƦ.IN =ᴄᴏЅ =1ᴍꞮɴI
N
PN
N
pro
N
Det
RPRN
Adv
A-D-P2 =3ᴍꞮɴII
N
@@@ 3ᴀᴜɢ1 ꞮɴᴛЅ PᴅꞮƦ.YON =3ᴀᴜɢIS
PREP
@@@
Perspro ᴀᴄᴄ =1ᴍꞮɴII
N
N
V
N
@@@ Ʀʟ ᴍꞮᴅ ᴅᴘᴠ PᴅꞮƦ.HITHER =3ᴍꞮɴIS
V
@@@ ᴘꜰᴠ
@@@ JUNE
CONJ
Adv AFTER
A-D-P2 =1ᴍꞮɴII
N
V
N
N
A-D-P2 =3ᴍꞮɴIIP
PREP
@@@ ɴᴍʟᴢ1 ɴᴍʟᴢ
A-D-P2
Particle
N
@@@ 3ᴀᴜɢ1 ᴘʟ
N
N
RPRN
N
CONJ
N
A-D-P2 =1ᴍꞮɴII
PREP
RPRN
CONJ
Perspro
CONJ
N
C-fix-Nom
Posspro =3ᴍꞮɴII
PREP
@@@ Ʀʟ GᴅꞮƦ.IN
Adv
N
N ɴᴍʟᴢ1 ɴᴍʟᴢ
Det
NEG
N
pro
@@@ =1ᴀᴜɢI
@@@ Ʀʟ.3ᴀᴜɢ
CONJ
@@@ PᴅꞮƦ.YON =3ᴍꞮɴIA
@@@ ꞮɴᴛЅ =3ᴍꞮɴIA
Perspro
RPRN
PN
N
PN
Particle
@@@ ᴘꜰᴠ
RPRN
@@@ Ʀʟ GᴅꞮƦ.DOWN .BZ(PDIR.YON)=O(1MINI)
@@@ ᴘꜰᴠ
pro
A-D-P2
pro
PREP
Adv
N SCHOOLBOY
CONJ
@@@ =3ᴀᴜɢII
N
RPRN
N
V
A-D-P2
N
Particle
DEM
nprop
RPRN
INTJ
RPRN
N =1ᴍꞮɴII
@@@
N(kxcl)
CONJ
PREP
PCLF
@@@ ᴘꜰᴠ
N
N
@@@
pro
Posspro
Particle
@@@
PREP
@@@ PᴅꞮƦ.HITHER =3ᴍꞮɴIA
Particle
PN
@@@
N
N CATECHIST
Adv
N =3ᴍꞮɴII
PCLF
Det
@@@ Ʀʟ ᴀᴘᴘʟ =1ᴀᴜɢII
V ᴘʟ
RPRN
V ꞮƦƦ
PREP
Posspro =3ᴀᴜɢII
Adv
V ꞮƦƦ ꞮɴᴛЅ GᴅꞮƦ.DOWN PᴅꞮƦ.HITHER
CONJ
V
V ᴀᴘᴘʟ =1ᴍꞮɴII
RPRN
CONJ
PREP
A-D-P2
N
nprop JAPAN
CONJ
V Ʀʟ FOLLOW GᴅꞮƦ.UP =ᴄᴏЅ
@@@ ᴘꜰᴠ
Adv
Adv
Particle
N
@@@ Ʀʟ GᴅꞮƦ.UP
N
Nom1 =3ᴍꞮɴIA
RPRN
CONJ
CONJ
nprop
@@@ Ʀʟ =2ᴀᴜɢI
C-fix-Nom ɴᴍʟᴢ1 ɴᴍʟᴢ.ᴘᴄꜰʟ
PN
@@@ Ʀʟ.3ᴀᴜɢ ᴄᴀᴜЅ =ᴄᴏЅ PᴅꞮƦ.YON =3ᴀᴜɢIA
CONJ
CONJ
N
Posspro =3ᴍꞮɴII
RPRN
@@@ Ʀʟ =ᴄᴏЅ =1ᴍꞮɴI
@@@ =3ᴀᴜɢII
N =3ᴍꞮɴII
Adv
V
@@@
V ꞮƦƦ =3ᴀᴜɢIS
A-D-P2
RPRN
PN
GEN
V
PREP
N
N
PN
NP
pro
PN
@@@ ꞮƦƦ PROGRESSIVE =3ᴀᴜɢIS
Adv
CONJ
V REPEATEDLY =ᴄᴏЅ ᴘʟ
@@@ ɴᴍʟᴢ1 ɴᴍʟᴢ.ᴘᴄꜰʟ =1ᴍꞮɴII
N
RPRN
A-D-P2
A-D-P2
N
@@@ ᴘꜰᴠ
C-fix-Nom
PREP
@@@ ᴘᴀЅ =ᴄᴏЅ 2ᴍꞮɴII
@@@
NEG
@@@ ɴᴍʟᴢ1 ɴᴍʟᴢ.ᴘᴄꜰʟ =1ᴍꞮɴII
PN
RPRN
N
RPRN
pro
N
@@@ =3ᴍꞮɴIA
Particle
PN
PREP
@@@ =12ᴀᴜɢI
CONJ
N
Particle
Perspro
PN
Particle
N
V ᴘᴀЅ ᴍꞮᴅ PᴅꞮƦ.YON
CONJ
PREP
N
@@@ JUNE
N
CONJ
N =3ᴍꞮɴII
N(kxcl)
PREP
RPRN
N
@@@ .BZ(PDIR.YON)=O(1MINI)
CONJ
Particle
@@@ ᴘᴀЅ GᴅꞮƦ.IN ᴀᴘᴘʟ =3ᴍꞮɴII
PREP
PREP
@@@ =3ᴍꞮɴIA
@@@ ɴᴇɢ GᴅꞮƦ.IN PᴅꞮƦ.YON ɴᴇɢ
@@@
RPRN
@@@ ꞮƦƦ ᴛƦ GᴅꞮƦ.OUT =1ᴍꞮɴI
N
N =3ᴍꞮɴII
PREP
N
@@@ =1ᴀᴜɢI
Posspro
V
@@@ ɴᴍʟᴢ1 ɴᴍʟᴢ.ᴘᴄꜰʟ =3ᴀᴜɢII
pro =3ᴀᴜɢII
@@@ =1ᴀᴜɢI
N
pro
Particle
N ɴᴍʟᴢ1 ᴍꞮᴅ PᴅꞮƦ.HITHER
N
RPRN
PREP
N
N
Det
N
V
N
@@@ =2ᴍꞮɴI
Particle
N =1ᴍꞮɴII
N
N
@@@
N
@@@ Ʀʟ ᴍꞮᴅ =ᴄᴏЅ PᴅꞮƦ.HITHER =3ᴍꞮɴIA
CONJ
RPRN
@@@ ᴘꜰᴠ
PREP
N
@@@ Ʀʟ UᴅꞮƦ.PATH =ᴄᴏЅ PᴅꞮƦ.HITHER =3ᴍꞮɴIA
PREP
N
A-D-P2
CONJ
CONJ
CONJ
RPRN
RPRN
@@@ ꞮɴᴛЅ =1ᴀᴜɢI
vi Ʀʟ GᴅꞮƦ.OUT ᴀᴘᴘʟ PᴅꞮƦ.HITHER
N
N FOODSAFE
V Ʀʟ
N =3ᴍꞮɴII
N
V ᴘᴀЅ ᴛƦ ᴀᴘᴘʟ PᴅꞮƦ.YON
N =3ᴍꞮɴII
PREP
@@@ ɴᴍʟᴢ1 DEPEND =3ᴀᴜɢIA
V ꞮƦƦ ᴀᴘᴘʟ .BZ(PDIR.YON)=O(1MINI)
Particle
Particle
RPRN
PREP
@@@ Ʀʟ.3ᴀᴜɢ ᴍꞮᴅ ᴛƦ =ᴄᴏЅ =3ᴀᴜɢIS
N =1ᴍꞮɴII
RPRN
@@@ PAPAYA.TREE
N
@@@ ɴᴇɢ PᴅꞮƦ.HITHER =1ᴀᴜɢII ɴᴇɢ
N
Det
PREP
V
@@@ ꞮƦƦ =1ᴍꞮɴI
@@@ ꞮɴᴛЅ GᴅꞮƦ.OUT =1ᴍꞮɴI
N
@@@
RPRN
RPRN
@@@ Ʀʟ =2ᴀᴜɢI
@@@ 3ᴀᴜɢ1 ᴀᴘᴘʟ =3ᴀᴜɢIA
PREP
@@@
@@@ ᴘꜰᴠ
@@@ ꞮƦƦ ᴄᴀᴜЅ ᴛƦ ᴀᴘᴘʟ =3ᴀᴜɢII
@@@
@@@ ɴᴍʟᴢ1 ᴛƦ ɴᴍʟᴢ.ᴘᴄꜰʟ =1ᴀᴜɢII
Adv ᴘᴀЅ ꞮɴᴛЅ GᴅꞮƦ.OUT PᴅꞮƦ.HITHER
RPRN
@@@ 3ᴀᴜɢ1 =3ᴀᴜɢIA
Particle
@@@ GᴅꞮƦ.OUT PᴅꞮƦ.HITHER
C-fix-Nom
@@@ ᴀᴘᴘʟ
@@@ ɴᴍʟᴢ1 ɴᴍʟᴢ.ᴘᴄꜰʟ =3ᴍꞮɴII
@@@ =1ᴍꞮɴII
@@@ ᴘꜰᴠ
@@@ =3ᴀᴜɢII
PN
RPRN
PREP
N
CONJ
N
V
@@@
Posspro
Det
N
N
pro =3ᴀᴜɢII
N
N
@@@ ᴘꜰᴠ
PREP
PCLF =3ᴍꞮɴII
@@@ GᴅꞮƦ.DOWN PᴅꞮƦ.HITHER =1ᴍꞮɴI
CONJ
@@@ Ʀʟ =ᴄᴏЅ PᴅꞮƦ.HITHER =1ᴀᴜɢII
@@@ Ʀʟ =ᴄᴏЅ =3ᴍꞮɴIA
@@@ ɴᴍʟᴢ1 ɴᴍʟᴢ.ᴘᴄꜰʟ =3ᴍꞮɴII
N
N
Perspro
RPRN
RPRN
N
N(kxcl)
@@@ ᴘꜰᴠ
@@@ ᴍꞮᴅ
RPRN
PCLF
@@@ Ʀʟ =ᴄᴏЅ
PREP
C-fix-Nom
@@@ ᴘꜰᴠ
Particle
PREP
Det
Ncomp
N
CONJ
N
@@@ ꞮƦƦ GᴅꞮƦ.OUT =1ᴍꞮɴI
V
PREP
Perspro ᴀᴄᴄ =1ᴍꞮɴII
@@@
pro =3ᴀᴜɢII
N
Particle
@@@ ᴀᴘᴘʟ =1ᴀᴜɢII
@@@ =2ᴀᴜɢI
N
CONJ
Particle
@@@ ᴛƦ =1ᴍꞮɴI
@@@ Ʀʟ ꞮɴᴛЅ GᴅꞮƦ.IN =ᴄᴏЅ PᴅꞮƦ.HITHER =1ᴀᴜɢII
V ꞮɴᴛЅ GᴅꞮƦ.OUT PᴅꞮƦ.HITHER =3ᴍꞮɴIS
N
C-fix-Nom ɴᴍʟᴢ1 ɴᴍʟᴢ
@@@
CONJ
N
V Ʀʟ =ᴄᴏЅ
N
CONJ
CONJ
N
V
V
@@@ ᴘꜰᴠ
@@@
CONJ
Adv
N 3ᴀᴜɢ1 ᴘʟ
RPRN
N(kxcl)
PREP
N
PREP
A-D-P2 =3ᴍꞮɴII
N =3ᴍꞮɴII
PREP
@@@ =3ᴀᴜɢII ᴘʟ
Ncomp PAPAYA.TREE
CONJ
GEN
@@@ ꞮƦƦ =3ᴍꞮɴIA
PN
N
Particle
N
Det
RPRN
@@@ ᴀᴘᴘʟ =1ᴀᴜɢII
nprop SOCIETY
RPRN
CONJ
Det
CONJ
A-D-P2 =2ᴍꞮɴII
@@@ ᴀᴘᴘʟ =1ᴀᴜɢII
@@@ ɴᴍʟᴢ1 ᴍꞮᴅ ɴᴍʟᴢ
@@@ Ʀʟ =ᴄᴏЅ =1ᴍꞮɴI
N
PREP
@@@ ꞮɴᴛЅ =1ᴍꞮɴII
@@@ Ʀʟ.3ᴀᴜɢ ᴛƦ =ᴄᴏЅ PᴅꞮƦ.YON =3ᴀᴜɢIA
@@@ ᴘꜰᴠ
PREP
CONJ
N
A-D-P2 =3ᴍꞮɴII
PREP
@@@ Ʀʟ =ᴄᴏЅ PᴅꞮƦ.YON
V =3ᴍꞮɴIS
Posspro =3ᴀᴜɢII
Particle
DEM
Det
V
@@@
PREP
Det
V Ʀʟ WHISPERINGLY =ᴄᴏЅ PᴅꞮƦ.YON
pro
N ɴᴍʟᴢ1 ᴅЅᴛƦ ɴᴍʟᴢ.ᴘᴄꜰʟ =3ᴀᴜɢII
@@@ Ʀʟ OUT.AWAY.FROM =ᴄᴏЅ =3ᴍꞮɴIS
@@@ =1ᴍꞮɴI
A-D-P2
@@@ 3ᴀᴜɢ1 =3ᴀᴜɢIA
N
V
@@@ PᴅꞮƦ.HITHER =1ᴀᴜɢII
@@@ ᴘꜰᴠ
@@@ Ʀʟ.3ᴀᴜɢ =ᴄᴏЅ =3ᴀᴜɢIA
N STORE
@@@ Ʀʟ =ᴄᴏЅ
PREP
@@@ Ʀʟ GᴅꞮƦ.OUT
N
N
N
@@@ PᴅꞮƦ.YON
Perspro
@@@ Ʀʟ =ᴄᴏЅ =1ᴍꞮɴI
CONJ
RPRN
@@@ ꞮƦƦ ᴀᴘᴘʟ
PCLF =3ᴀᴜɢII
@@@ ɴᴍʟᴢ1 =ᴄᴏЅ ɴᴍʟᴢ.ᴘᴄꜰʟ =3ᴀᴜɢII
N
CONJ
INTJ
N
N
A-D-P2
@@@
RPRN
@@@ ɴᴍʟᴢ1 ɴᴍʟᴢ.ᴘᴄꜰʟ =3ᴍꞮɴII
Adj
@@@ ᴘꜰᴠ
@@@ ɴᴍʟᴢ1 ɴᴍʟᴢ.ᴘᴄꜰʟ PᴅꞮƦ.YON
Posspro =3ᴍꞮɴII
NP(comp)
RPRN
Particle
Particle
@@@
Adv
@@@ =3ᴍꞮɴII
pro
V
@@@
@@@ ꞮƦƦ PᴅꞮƦ.YON =3ᴀᴜɢIS
A-D-P2 =1ᴍꞮɴII
CONJ
@@@ =3ᴍꞮɴII
A-D-P2
@@@ 3ᴀᴜɢ1 ᴀᴘᴘʟ PᴅꞮƦ.HITHER =3ᴀᴜɢIA
INTJ
N
@@@ =3ᴍꞮɴII
V
@@@ ᴄᴀᴜЅ ᴛƦ ꞮɴᴛЅ ᴀᴘᴘʟ =3ᴍꞮɴII
A-D-P2
V ɴᴇɢ GᴅꞮƦ.IN ɴᴇɢ
Adj
@@@ ɴᴍʟᴢ1 ᴛƦ ꞮɴᴛЅ ɴᴍʟᴢ.ᴘᴄꜰʟ
CONJ
RPRN
V ᴍꞮᴅ ᴀᴘᴘʟ =3ᴍꞮɴII
Particle
@@@ FORM
CONJ
pro
V
@@@ =3ᴀᴜɢII
N
Adv
Particle
@@@ GᴅꞮƦ.IN =1ᴍꞮɴI
@@@ ꞮƦƦ =1ᴀᴜɢI
Perspro
N
Det
PREP
@@@ Ʀʟ WILL.HAVE GᴅꞮƦ.OUT ᴀᴘᴘʟ =1ᴍꞮɴII
@@@ PᴅꞮƦ.HITHER =3ᴍꞮɴIA
V
@@@
N
@@@ ɴᴍʟᴢ1 ᴀᴘᴘʟ
PREP
N
@@@ ɴᴍʟᴢ1 ɴᴍʟᴢ.ᴘᴄꜰʟ =3ᴍꞮɴII
PN
@@@ SPEC
@@@ ꞮɴᴛЅ =1ᴀᴜɢI
N
N(kxcl)
@@@ =1ᴀᴜɢI
V
PREP
N
Det
@@@ ᴘꜰᴠ
RPRN
PN
RPRN
@@@ GᴅꞮƦ.OUT PᴅꞮƦ.HITHER =3ᴍꞮɴIS
RPRN
NEG
Perspro ᴀᴄᴄ =1ᴍꞮɴII
N
@@@ =3ᴍꞮɴII ᴘʟ
CONJ
Det
C-fix-Nom
Adv
A-D-P2 =3ᴍꞮɴII
PREP
PREP
Det
@@@ ɴᴍʟᴢ1 PᴅꞮƦ.HITHER =3ᴀᴜɢIA
Posspro =2ᴍꞮɴII
PREP
PN
V ᴍꞮᴅ PᴅꞮƦ.YON
PREP
N =3ᴍꞮɴII
RPRN
A-D-P2
N
pro
N
V ᴛƦ ꞮɴᴛЅ PᴅꞮƦ.YON =1ᴍꞮɴI.ᴄᴍʙ
@@@ GᴅꞮƦ.OUT .BZ(PDIR.YON)=O(1MINI)
CONJ
@@@ ᴘꜰᴠ
A-D-P2
@@@ =ᴄᴏЅ
@@@
@@@ ɴᴍʟᴢ1 Ʀᴇꜰʟ =3ᴀᴜɢIS
N
@@@
@@@ =3ᴍꞮɴII
Posspro
V
@@@
@@@ Ʀʟ =ᴄᴏЅ =1ᴀᴜɢI
RPRN
Particle
RPRN
PREP
V GᴅꞮƦ.IN PᴅꞮƦ.YON
N
V
@@@
C-fix-Nom ɴᴍʟᴢ1 ᴠƦ
V ᴍꞮᴅ ꞮɴᴛЅ NIL .BZ(PDIR.YON)=O(1MINI)
@@@ =1ᴀᴜɢII
N
CONJ
@@@ ᴘꜰᴠ
@@@
V
NEG
pro
V ᴘᴀЅ ᴛƦ
Ncomp
@@@ =1ᴍꞮɴII
Posspro =3ᴍꞮɴII
N
RPRN
Adv
N
vi Ʀʟ GᴅꞮƦ.DOWN ᴀᴘᴘʟ PᴅꞮƦ.HITHER
RPRN
V ᴘʟ
@@@ =3ᴍꞮɴII
N
N
N
CONJ
N(kxcl)
@@@ ꞮɴᴛЅ PᴅꞮƦ.YON =3ᴍꞮɴIA =3ᴍꞮɴIIP
@@@ ᴀᴘᴘʟ
N
RPRN
@@@ ꞮɴᴛЅ =ᴄᴏЅ =1ᴀᴜɢI
Particle
RPRN
A-D-P2
Perspro
PREP
RPRN
@@@ Ʀʟ ᴀᴘᴘʟ =3ᴍꞮɴII
Adj
Posspro =2ᴀᴜɢII
RPRN
CONJ
nprop
Posspro
PREP
Perspro
DEM
@@@ Ʀʟ ᴀᴘᴘʟ
@@@ ɴᴍʟᴢ1 ɴᴍʟᴢ
pro
Perspro ᴀᴄᴄ =1ᴍꞮɴII
@@@
N
Posspro =3ᴍꞮɴII
nprop
CONJ
A-D-P2
N
@@@ Ʀʟ =ᴄᴏЅ
Perspro
@@@ ɴᴍʟᴢ1 ꞮɴᴛЅ ɴᴍʟᴢ.ᴘᴄꜰʟ
Adj
V
CONJ
CONJ
PREP
Perspro ᴀᴄᴄ =1ᴍꞮɴII
RPRN
N
CONJ
V
A-D-P2 =1ᴍꞮɴII
Adv
CONJ
V
PREP
CONJ
RPRN
N
Perspro
@@@ 3ᴀᴜɢ1 =3ᴀᴜɢIS
Ord
@@@ Ʀʟ =ᴄᴏЅ
CONJ
@@@ ɴᴍʟᴢ1 GᴅꞮƦ.OUT
CONJ
RPRN
PREP
Posspro =3ᴍꞮɴII
@@@ ᴘꜰᴠ
PREP
@@@ 3ᴀᴜɢ1 ᴍꞮᴅ ᴛƦ PᴅꞮƦ.HITHER =3ᴀᴜɢIS
CONJ
@@@ GᴅꞮƦ.OUT PᴅꞮƦ.HITHER
RPRN
N
V
@@@ ᴘꜰᴠ
CONJ
Perspro ᴀᴄᴄ =1ᴍꞮɴII
Perspro ᴀᴄᴄ =1ᴍꞮɴII
Adv
N
N
V
N
@@@ ᴀᴘᴘʟ =3ᴍꞮɴII
Nom1 =1ᴍꞮɴI
N
Nom1 3ᴀᴜɢ1 ᴀᴘᴘʟ PᴅꞮƦ.HITHER =3ᴀᴜɢIA
Particle
@@@ ᴘꜰᴠ
PN
@@@ Ʀʟ =ᴄᴏЅ 2ᴍꞮɴII
Perspro
@@@ =1ᴍꞮɴII
RPRN
RPRN
PREP
N
N
N
N
Posspro =12ᴀᴜɢII
N
N
@@@ =ᴄᴏЅ
@@@ ᴍꞮᴅ PᴅꞮƦ.HITHER
N
N
nprop
RPRN
N
@@@
N
@@@ Ʀʟ ᴛƦ ᴀᴘᴘʟ =3ᴍꞮɴII
Particle
CONJ
GEN
PN SANTA.CRUZ
@@@ ᴘꜰᴠ
N
nprop JULY
A-D-P2
Adv 3ᴀᴜɢ1 ꞮɴᴛЅ
Particle
PREP
@@@ JUNE
N
@@@ Ʀʟ.3ᴀᴜɢ ᴍꞮᴅ =ᴄᴏЅ =3ᴀᴜɢIA
Adv
N
@@@ ɴᴍʟᴢ1 ɴᴍʟᴢ.ᴘᴄꜰʟ =1ᴀᴜɢII
CONJ
CONJ
RPRN
PREP
@@@ Ʀʟ =3ᴍꞮɴIA
@@@ =1ᴀᴜɢI
CONJ
N
@@@
PREP
@@@ ᴘꜰᴠ
CONJ
@@@
CONJ
N
N
@@@ Ʀʟ GᴅꞮƦ.UP ᴀᴘᴘʟ PᴅꞮƦ.HITHER
V
@@@ ᴍꞮᴅ =3ᴍꞮɴIA
N
V
Perspro ᴀᴄᴄ =1ᴍꞮɴII
@@@ ᴘꜰᴠ
V
N
V
Nom1 Ʀʟ ᴄᴀᴜЅ GᴅꞮƦ.OUT PᴅꞮƦ.HITHER =1ᴍꞮɴI
@@@ ɴᴍʟᴢ1 ᴍꞮᴅ ɴᴍʟᴢ.ᴘᴄꜰʟ PᴅꞮƦ.HITHER =3ᴍꞮɴIA
@@@ ᴘꜰᴠ
V
Perspro
A-D-P2
N =3ᴍꞮɴII
@@@ ꞮɴᴛЅ GᴅꞮƦ.OUT =1ᴀᴜɢI
@@@ ɴᴍʟᴢ1 PᴅꞮƦ.YON =3ᴀᴜɢIA
N
PREP
PN ENGLAND
PN
@@@ ɴᴍʟᴢ1 ɴᴍʟᴢ.ᴘᴄꜰʟ =3ᴍꞮɴII
N =3ᴍꞮɴII
CONJ
@@@ =1ᴍꞮɴI
N
N
@@@
N
V Ʀʟ =ᴄᴏЅ PᴅꞮƦ.HITHER
RPRN
CONJ
PREP