proform
@@@ PART
v REM.PAST
directional
n
interrogative LOC
pro
v
v
n
@@@ 1PI
v 1SI
interrogative LOC
pro
n
@@@ 2PII
verbprt YOU 1SIII
@@@ NOM2
@@@ 1MPIII
conj
phrase
n
@@@ USED:TO REM.PAST
@@@ 2PI
n
n
@@@
preposition
n
n
v START
adv TNS
n
n
pro
pro
@@@ PART
@@@ NOM2
verbprt YOU
adv
v REM.PAST
v REM.PAST Q
@@@
@@@ PART
@@@ 1PI
@@@ DEM NOM2
@@@
@@@ USED:TO PST
@@@ 1PI
@@@ THAT
determiner
n ENGLISH
v PART
conj
directional
@@@ LOC
proform WHEN
pro
v REM.PAST
@@@ CON:AC
@@@ IRR:SS
adv
@@@ TNS
@@@ USED:TO REM.PAST
v
@@@ THAT
@@@
v
@@@ 1PI
n
n
@@@
pro
@@@ THAT
@@@ LOC
@@@ DEM NOM2
@@@ USED:TO REM.PAST
@@@
@@@ 1PI
@@@
n
@@@
verbprt YOU
v
v 1SI IRR TNS
@@@ REM.PAST
n WHITE:PERSON
suffix
n DEBT
@@@ THAT
@@@ 1MPIII
@@@ CON:AC
exclamation
@@@
@@@ PART
adv
v 1SI
v
n WHITE:PERSON
post
@@@ 1PI
@@@ III
@@@ 2PI
conj
@@@
pro
v 1SI IRR:SS
determiner THAT LOC
adv
@@@
directional
conj
v
proform WHEN
post
exclamation
v
@@@ PART:DS
v PST
@@@ CAUS PART
proform WHEN
v
@@@ IRR:DS
verbprt YOU
conj
n WHITE:PERSON
proform WHEN
verbprt YOU
@@@ 1PI
@@@ COMP:DS
@@@ 1PI
n
v NEG REM.PAST
@@@ 1PI
determiner THAT LOC
determiner
verbprt YOU
n
exclamation
@@@ PART:DS
v TNS
pro
v
@@@ TNS
n
adv
@@@ IRR:DS
@@@ 1PI
@@@
@@@ 1PI
@@@ WHATEVER.KIND.OF
adv
n
v PART
v
prt
@@@ 1PI
pro
@@@
verbprt YOU
pro
v
exclamation
conj
v 1SI TNS
v
n
@@@ KIND:OF
n
@@@ 1SI TNS
@@@ TNS
proform WHEN
@@@ THAT
n
n
v
@@@ BECAUSE:DS
adj
n
exclamation
n
v TNS
@@@ USED:TO REM.PAST
@@@ 2PI
n
@@@ USED:TO PST
@@@ NOM2
n
@@@ 1PI
@@@ THAT
@@@
n
n
directional
determiner
v
directional
@@@ IRR:DS
n
n
@@@
@@@ PART:DS
adv
@@@ 1PI
n ENGLISH:LANGUAGE
n
v YOU IRR:DS
v
@@@ 1SI TNS
n
adv
n
v 1SI TNS
v
adj
@@@ TNS
n
determiner
n
@@@
n
n
@@@
v
@@@ COMP:DS
@@@ 1PI
v REM.PAST
@@@ THAT
v
v 1SI
pro
conj
@@@ 1PI
verbprt YOU
v POT
n
n WHITE:PERSON
n
v START
@@@
v
@@@ TNS
@@@ 1PI
@@@ LOC
@@@ NOM2
n WHITE:PERSON
n
verbprt YOU
@@@ TNS
@@@ PART
@@@ LOC
@@@ 1SI REM.PAST
@@@
@@@ 1PI
conj
n
v START
v TNS
n
@@@ 1SI TNS
n
@@@ III
n
n
@@@
@@@ 1PI
@@@ Q
pro
@@@ 2PI
@@@ PART:DS
n
@@@
determiner THAT LOC
n
conj
@@@ 1PI
n
n
conj
@@@ 1PI
proform WHEN
v REM.PAST
@@@
@@@ 1PI
pro
@@@ 1PI
@@@
@@@ USED:TO REM.PAST
@@@ TNS
pro
@@@
@@@
@@@ COMP:DS
n
conj
v PST
conj
@@@ 1SI IRR:SS
@@@ III
directional
@@@ 1PI
@@@
verbprt YOU
n WHITE:PERSON
n
@@@ CON:AC
verbprt YOU
@@@
conj
suffix
directional
indefinite
conj
n
@@@ PART
n
@@@
directional
@@@
@@@ NOM2
@@@ CON:AC
@@@ REM.PAST
n
v PART
prt III SUBJECT:MARKER
@@@ TNS
n
directional
v
n
@@@ USED:TO REM.PAST
n
n WHITE:PERSON
@@@ THAT
v
@@@ THAT
n
directional
n
@@@ BECAUSE:DS
n
phrase 1SII TNS
@@@ PART
n
@@@ PART:DS
v REM.PAST
@@@ THAT
verbprt YOU
@@@ COMP:DS
@@@ KIND:OF
n
n
n
@@@ 2PI
v
v
n
@@@ NOM2
pro
directional
@@@ 1SI PST CONTRASTIVE:NOMINATIVE
n
@@@ PART
@@@
@@@ LOC
adv
conj
n
n
conj
@@@ PART
@@@ THAT
@@@ COMP:DS
@@@ 1PI
verbprt YOU
@@@ COMP:DS
@@@ 1SI TNS
conj
@@@ 1SI REM.PAST
n
@@@ REM.PAST
v 1SI PST
verbprt YOU
@@@ NOM2
@@@ THAT
n
@@@ THAT
determiner CON:AC
adv TNS
determiner CON:AC
@@@ REM.PAST
@@@
@@@ REM.PAST
@@@ IRR:SS
post
@@@ CON:AC
adv
proform
n WHITE:PERSON
n
@@@ THAT
@@@ NOM2
pro
conj
v PST FOC:DS
@@@
proform WHEN
@@@
proform WHEN
@@@ PART
pro
n WHITE:PERSON
@@@ 1SII LOC
@@@
proform WHEN
phrase
@@@ THAT
v WHEN
verbprt YOU
@@@
n
@@@ CON:AC
@@@
@@@ 1PI
conj
pro
v III PART:SS
determiner
v USED:TO REM.PAST
n
n
@@@ TNS
@@@ PART
@@@ LOC 1SI
v
conj
@@@ TNS
n
n
phrase 1SII TNS
@@@ DEM NOM2
@@@ III
@@@ REM.PAST Q
v
@@@ NOM2
n
@@@ BECAUSE:DS
n
v
@@@ USED:TO PST
@@@ THAT
n
@@@ KIND:OF
@@@ THAT
v 1SI IRR TNS
@@@
n
v TNS
proform WHEN
@@@ CAUS PART
conj
n BOGUE.CHITTO
v
@@@ USED:TO REM.PAST
@@@ 1SI IRR:SS
@@@ 1PI
@@@
v
@@@ REM.PAST
n
@@@ IRR:DS
@@@ REM.PAST Q
directional
pro
pro
directional
@@@
n
n
@@@ USED:TO REM.PAST
determiner THAT LOC
n
@@@ 1PI
@@@ COMP:DS
n
directional
proform WHEN
@@@ TNS
v IRR:DS
@@@
@@@ III
@@@
proform
n
v
v
verbprt YOU
verbprt YOU
n
interrogative LOC
n
@@@ LOC
n
v START
n
n
@@@ USED:TO PST
n
@@@ PART:SS
@@@ SINCE:DS
n DEBT
conj
@@@ 1PI
verbprt YOU
@@@ 1PI
interrogative CON:AC
pro
@@@ TNS
@@@ THAT
v
adv
pro
v PST Q
v TNS
@@@ USED:TO REM.PAST
adv
v START
v
@@@ USED:TO REM.PAST
conj
proform WHEN
@@@
proform
pro OWN PART
@@@ PART
determiner THAT LOC
adv
n
@@@ THAT
directional
@@@ KIND:OF
n ENGLISH
proform WHEN
n
v
n
@@@ PART:DS
@@@ 2PI
@@@
n
n AC2
v
v
@@@ PART:DS
n
@@@ THAT
@@@ SINCE:DS
@@@
@@@ 2PI
@@@ 1PI
@@@ USED:TO PST
@@@ III
proform WHEN
adv
determiner
v
@@@
n
n
v
adv
@@@ IRR:DS
@@@ COMP:DS
adv
v
n
adv
v NEG REM.PAST
n
@@@ INDEED
v 1SI
@@@ CON:AC
@@@ 1PI
@@@
n
n
exclamation POT
conj
@@@ 1PI
n
v
v CAUS TNS
@@@
@@@ COMP:DS
@@@ 1PI
n
n
n
v
n WHITE:PERSON
pro
@@@ COMP:DS
@@@ 1PI
@@@ 1PI
@@@ 1PI
n
pro
v WHEN
n BOGUE.CHITTO
n
@@@ COMP:DS
@@@ NOM2
@@@ DEM NOM2
proform
n WHITE:PERSON
n WHITE:PERSON
v
n
n
n
n
verbprt YOU
v
adv
@@@ TNS
@@@ 1SIII
@@@ LOC
adv FOR.A.LITTLE.WHILE
@@@
@@@ THAT
n
verbprt YOU
phrase
@@@
n
@@@
@@@ COMP:DS
@@@ THAT
verbprt YOU
@@@ 1PI
determiner
n
v TNS
@@@ 1SI IRR:SS
directional
@@@ IRR:DS
@@@
v
post
@@@ REM.PAST
adv
n WHITE:PERSON
@@@ THAT
n
@@@ PART
proform WHEN
@@@
@@@
adv
@@@ THAT
@@@
@@@
n
proform WHEN
v
n
exclamation
@@@ 1SI REM.PAST
n
n
v REM.PAST
n
@@@
n
@@@ USED:TO PST
@@@
@@@
v
@@@ THAT
v
post
n
@@@ USED:TO PST Q
v
n
v
v
@@@ CON:AC
directional
v III PART:SS
@@@ III
n
@@@
@@@ NOM2
n
@@@ 1PI
@@@ 1PI
n
n
@@@ DEM NOM2
n
n GARDEN
phrase 1SII TNS
v III TNS
@@@ 1MPIII
verbprt YOU
v START
@@@ COMP:DS
n
n
conj
v
n
@@@ PART:DS
@@@ COMP:DS
@@@ USED:TO PST
@@@ REM.PAST
adv
v
v WHEN
n
pro
@@@ THAT
v
n
determiner THAT LOC
n
@@@ NOM2
n
v
@@@ III
n
@@@ LOC
n
verbprt YOU
@@@ PART
@@@ 1PI
@@@ COMP:DS
v
v
n
@@@
n
@@@ TNS
@@@ COMP:DS
n
n
@@@ BECAUSE:DS
n ENGLISH:LANGUAGE
@@@ COMP:DS
@@@ WHEN
v 1SI
proform WHEN
pro
v
v 1SI
@@@ 1PI
@@@ 1SIII
@@@ WHEN
@@@ 1PI
directional
@@@ COMP:DS
n
exclamation
n
@@@ 1PI
n
n
@@@ THAT
n
@@@
@@@ USED:TO REM.PAST
@@@ THAT
n
pro
adv
@@@ WHEN
n
n
@@@ 1PI
@@@
@@@ 2PI
v
@@@ III
v
n
conj
n
@@@ 1PI
n 2SIII
@@@ THAT
@@@ REM.PAST
n
determiner THAT LOC
verbprt YOU
n
@@@ THAT
n
adv
n WHITE:PERSON
v
n
@@@
@@@ PART:DS
n
n ENGLISH
@@@ PART:DS
n
directional
@@@ 1PI
@@@ 1PI
@@@ PART:DS
n
pro
@@@
v TNS
@@@
v
n
v
post
@@@ THAT
@@@
n
@@@ PART:DS
@@@ TOO?
n WHITE:PERSON
directional
n
@@@ USED:TO REM.PAST
@@@ THAT
@@@ USED:TO REM.PAST
@@@ III
preposition
n
n
n
v
n
phrase NEG PST
@@@ DEM NOM2
@@@ 1SI PST CONTRASTIVE:NOMINATIVE
n WHITE:PERSON
v 1SI IRR TNS
n
determiner THAT LOC
v 1SI TNS
@@@ WHATEVER.KIND.OF
pro
@@@
@@@ DEM NOM2
@@@
n WHITE:PERSON
@@@
v
pro
pro
@@@ 1PI
@@@
verbprt
n
@@@ 1SII
@@@
v
n BOGUE.CHITTO
n
@@@ 1MPIII
n
@@@ III
n
verbprt YOU
v
@@@ CON:AC
@@@
@@@ III
v
v POT REM.PAST
exclamation
n
v
conj
@@@ TNS
n
@@@ 1PI
@@@ 1PI
adv
@@@ PART
n
@@@ USED:TO PST
@@@ 1PI
adv
n
@@@ COMP:PREV
adv IRR TNS
n TODAY,.THIS.DAY
n
n
@@@
@@@ USED:TO REM.PAST
directional
n
@@@ NOM2
directional
exclamation
n
directional
@@@ REM.PAST
v STORE
n WHITE:PERSON
pro
@@@ 2PI
v 1SI TNS
@@@ REM.PAST
@@@ DEM NOM2
verbprt YOU
@@@ TNS
@@@ 1SI TNS
n
n
@@@ IRR:SS
v
@@@ 1PI
@@@ THAT
n
n WHITE:PERSON
directional
verbprt YOU
@@@ USED:TO REM.PAST
@@@ NOM2
n BOGUE.CHITTO
determiner THAT LOC
@@@ 2PI
@@@ 1SIII
n COMMUNITY
@@@ THAT
v 1SI TNS
pro OWN TNS
verbprt YOU
pro
v
@@@ 1SI TNS
@@@
v
@@@ BECAUSE:DS
@@@ BRING PART
proform WHEN
n
exclamation
pro
post
v
@@@ 1SI TNS
v
determiner THAT LOC
post
@@@ COMP:DS
n
@@@ 1SI REM.PAST
@@@ REM.PAST
v 1SIII TNS
n
n GARDEN
post
n
proform
n
determiner CON:AC
n
@@@ USED:TO PST Q
n
determiner
determiner THAT LOC
@@@ NOM2
n
n
@@@ COMP:DS
n
directional
n
verbprt YOU
interrogative PART:SS
n
@@@ USED:TO REM.PAST
@@@
@@@ TNS
v TNS
n
@@@ COMP:DS
interrogative
@@@ 1PI
v PST
@@@
v POT
n
n
@@@
@@@ REM.PAST
v
@@@ 1PI
@@@
n
phrase NEG PST
determiner
@@@ REM.PAST
v
n
@@@ 1PI
@@@ CON:AC
determiner THAT LOC
proform WHEN
v WHEN
@@@
n
@@@ PART
@@@ 1PI
directional
suffix
@@@
@@@ 1PI
@@@ THAT
@@@ COMP:PREV
n
v
v 1SII SS
@@@
@@@ INDEED
@@@ 1PI
@@@ WHEN
@@@ PART
v
@@@ 1PI
adv
@@@ 1SI
n
proform
@@@ USED:TO REM.PAST
verbprt YOU
n
indefinite IRR:DS
n
v WHEN
conj
@@@ REM.PAST
proform WHEN
@@@ COMP:DS
@@@ TNS
verbprt YOU
@@@ 1MPIII
v
n
@@@
v TNS
verbprt YOU 1SIII
n
v
n
n
n
v
n
@@@ THAT
n
v
conj
@@@ TNS
@@@
conj
n
@@@ COMP:DS
pro
@@@ 1PI
n
pro
@@@ 1PI
n
v 1SII
v
n 2PII
@@@ 1PI
v
@@@ TNS
n
adv
@@@ 1PI
v START
pro
verbprt YOU
n
@@@ THAT
n
pro
determiner
@@@ 1SI REM.PAST
@@@
v
n
@@@ 1PI
n
@@@ NOM2
v
n
n
v TNS
exclamation
@@@ NOM2
n
@@@ THAT
n
n
@@@ DEM NOM2
v
verbprt YOU
@@@ 1SI TNS
proform WHEN
@@@ NOM2
determiner CON:AC
@@@ 1PI
@@@ 2PI
v
@@@ REM.PAST
conj
@@@
conj
directional
v
@@@ COMP:DS
@@@ 1PI
v
n
adv
v
n
v REM.PAST
n
conj
n
@@@ 2PI
@@@ REM.PAST
n
pro
directional
v PST FOC:DS
n
@@@ NOM2
n
adv
interrogative
pro
pro
v REM.PAST
n
@@@ PART
@@@ III
@@@ 1PI
adj
@@@ THAT
n
@@@
n
n
@@@ LOC
n
v
@@@ 1PI
n
n
v
conj
pro
proform WHEN
v POT REM.PAST
n
@@@ IRR:DS
n
@@@ 1SI
@@@ 2PII
n
directional
@@@ 1PI
v
@@@ USED:TO REM.PAST
@@@ USED:TO PST
v
post
v START
verbprt YOU
proform WHEN
@@@ 1PI
@@@ REM.PAST
v
v
@@@ PART
exclamation
determiner THAT LOC
n
@@@ TNS
@@@ 1PI
adj
@@@ 1PI
@@@ 1SI TNS
determiner THAT LOC
determiner
n
@@@ 1PI
@@@
directional
v
adv
v
@@@
n
n
verbprt YOU
@@@ CON:AC
@@@ 1PI
@@@ PART:DS
n
@@@ 1PI
v IRR:DS
conj
v
pro
@@@ BECAUSE:DS
@@@ REM.PAST
@@@ LOC
n WHITE:PERSON
adv
@@@ TNS
conj
proform WHEN
n
v 1SI REM.PAST
v
@@@ 1PI
@@@ 1PI
@@@
@@@ 1SI TNS
verbprt YOU
n
@@@ THAT
n
@@@ THAT
@@@ 1PI
@@@ THAT
determiner THAT LOC
n III
verbprt YOU
@@@ PART
adv
n
v
v POT
@@@ III
n
v
determiner
@@@ 1PI
@@@ PART
@@@ THAT
v
n
v TNS
pro
@@@ 1PI
@@@
conj
v
v
@@@ LOC
determiner CON:AC
@@@
n
conj
n WHITE:PERSON
@@@ LOC PST
@@@ USED:TO REM.PAST
v
@@@ THAT
determiner THAT LOC
exclamation
@@@
n
@@@ THAT
@@@
n
determiner
v
v
@@@
@@@
v
n
@@@ NOM2
directional
proform WHEN
v
n
n
@@@ IRR:SS
directional
n
proform
n
n WHITE:PERSON
n
@@@ PART
@@@ 1PI
@@@ USED:TO PST
n
@@@ COMP:DS
n
adv
verbprt YOU
@@@ BECAUSE:DS
n
n
pro
verbprt YOU
@@@ 1PI
n
adv
@@@ LOC
n ENGLISH
@@@ REM.PAST
directional
@@@ THAT
@@@ PART
n
adv
@@@
n 2PII
pro
conj
@@@
@@@
conj
@@@ WHEN
@@@
proform WHEN
verbprt YOU
v III TNS
n WHITE:PERSON
@@@ NOM2
n
n
@@@
@@@ 1PI
@@@ WHATEVER.KIND.OF
n
conj
n
n
n
verbprt YOU
n
@@@ CON:AC
v
n
conj
verbprt YOU
v
@@@ THAT
interrogative LOC
@@@ IRR:DS
@@@ PST
v TNS
n
n
n
v
conj
n
@@@ COMP:DS
@@@ REM.PAST
v REM.PAST
@@@ 1SI IRR IRR:SS
verbprt YOU
indefinite PST COMP:DS
directional
determiner THAT LOC
n
n
directional
n
v
n 2SIII
n
v
@@@ TNS
@@@ BECAUSE:DS
@@@
verbprt YOU
pro
@@@ IRR:SS
interj
@@@ WHATEVER.KIND.OF
determiner THAT LOC
n
v 1SI WHEN
v STORE
verbprt YOU
v START
verbprt YOU
v
@@@ 1PI
@@@
v 1SI IRR TNS
@@@
n
n
interrogative LOC
determiner THAT LOC
directional
@@@ POT
@@@ NOM2
@@@
n WHITE:PERSON
post
n
verbprt YOU
@@@ USED:TO PST
v
@@@ COMP:DS
determiner
adj
@@@ COMP:DS
@@@
v START
pro
n
n
@@@ 1PI
conj
@@@ USED:TO PST
v PST Q
n
n
@@@ 1SI TNS
@@@ KIND:OF