гьа#it да#OBL -н#GEN
пачагь#king
гагьат#escape -зава#IMPF
ван#voice
буба#grandfather -ни#AND;FOCUS
сонра#after -ни#AND;FOCUS
дуьз#great
хта#return -нава#PERF
йикъ#day -у#OBL -з#DAT
вич#himself -и#ERG -н#GEN
руш#girl
высоковольтный#high.voltage
йикъ#day а#OBL -л#SP -NULL#ESS
ашукъ#love -ди#ERG
эвер#call -на#AOC
литва#Lithuania -ди#OBL -н#GEN
гьат.тавур#DIDN'T.GET.NEG.SBST -ди#SBST
ханум#Ma'am
аял#child -ар#PL
ф#go -ида#ENT
тухв#take -ана#AOC
и#this
фидамаз#while.going
шеъ#thing
гагьат#escape -на#AOR
ф#go -ена#AOR
ф#go -ена#AOR
безханум#Bezkhanum
лагь#say -ана#AOC
гьа#that,.the.same
гаф#word -ар#PL
хутх#carry -ана#AOR
и#this
ви#2sg.gen
цӏуд#ten
гаф#word -ар#PL
балкӏан#horse -ди#OBL -н#GEN
и#this
ф#go -ена#AOR
са#one
ки#that
кьил#chapter -е#OBL -л#SP -NULL#ESS
гада#boy
ашкъи#love
къарагъ#stand.up,rise -на#AOR
ахпа#then
эхир#after.all
гала#with -з#DAT
ахпа#then
ий#make -ин#HORT
мад#more
лагь#say -ана#AOR
во#well
зи#1sg.gen
тӏимил.кьван#A.LITTLE
филан#some
лагь#say -ана#AOR
и#this
гила#now
гьуьл#sea -уь#OBL -н#GEN
яр#sweetheart
кӏвал#house -ар#PL -и#OBL -н#GEN
а#that
балкӏан#horse -да#OBL -л#SP -NULL#ESS
къуру#dry
кас#man
хьа#happened -нава#PERF
гьагьана#aformentioned.place
амукь#stay,remain -на#AOR
ава#cop
араб#arab -ар#PL -ни#AND;FOCUS
бес#but
г#give -уда#ENT
лепе#wave -яр#PL
жув#us а#OBL -н#GEN
ида#he.also -н#GEN
муаллим#teacher
къв#fall,precipitate -езва#IMPF
хьтин#like
хт#return -ана#AOR
лагь#say -ана#AOR
кь#catch -ада#ENT
рази#agree
галат#tire -нава#PERF -й#PTCP -ди#SBST
себеб#reason -ри#OBL -к#SB -ай#EL
ина#here -ра#ERG
я#oh
мици#another
ава#is -ч#NEG
за#1sg.ERG -з#DAT
ци#why
ча#1pl.gen -з#DAT
за#1sg.ERG -з#DAT
за#1sg.ERG -ни#AND;FOCUS
а#that -бур#PL
лагь#say -ана#AOR
а#that
дяве#war -ди#OBL -н#GEN
ви#2sg.gen
иеси#owner
вахт#time -ни#AND;FOCUS
це#give
гьим#who
гъ#bring -ана#AOC
да#yes
са#one
ида#him.to -ни#AND;FOCUS
чубан#shepherd -ди#OBL -в#AD -NULL#ESS
эциг#put! -да#ENT
руш#girl
вутӏ#where
ишаре#sign
рикӏ#heart -е#IN -NULL#ESS
базар#market -ри#OBL -з#DAT
лугь#say -уда#ENT
гьа#that,.the.same
руш#girl -ни#AND;FOCUS
чна#1pl.erg
ну#well
дуьз#great
са#one
инсан#man -ди#OBL -хъ#PT -NULL#ESS
авур#doing.AOP
бала#baby
кицӏ#dog
самур#"Samur'
гьа#that,.the.same
гала#with -з#DAT
акъат#appear -зава#IMPF -ч#NEG
за#1sg.ERG
гъалиб#victorious
лагь#say -ана#AOR
яхцур#forty
гьуьл#sea -уь#OBL -н#GEN
саниз#because.of
чка#place -ди#OBL -з#DAT
ахпа#then
кутӏ#tie -уна#AOR
зу#my
и#this
тухв#take -да#ENT
хъсан#good
лагь#say -ай#AOP
и#this
гьикӏ#how
пара#very
вах#sister
и#this
ахпа#then
чашмиш#make.mistakes
пачагь#king
ама#he
зи#1sg.gen
кьвед#two лагь#say -й#PST
нефер#person -ди#OBL -в#AD -ай#EL
г#give -ун#HORT
ана#there -й#PST
ки#that
хкадар#jump
эциг#put! -да#ENT
къавум#relative -ди#ERG -ни#AND;FOCUS
рекь#die -из#INF
вири#all
и#this
гьа#that,.the.same
за#1sg.ERG -з#DAT
жуьт#pair
къизил#gold
бере#time -да#IN -NULL#ESS
лагь#say.IMPV
вири#all
хъсан#good
кӏан#want -зава#IMPF -й#PTCP -ди#SBST
кь#catch -ада#ENT
хьа#happened -нава#PERF
ф#go -ена#AOC
ф#go -ена#AOR
руш#girl а#ERG
са#one
къерех#bank -да#IN -NULL#ESS
чая#tea -р#PL
г#give -уда#FUT -й#PTCP
кӏватӏ#to.gather -зава#IMPF -й#PTCP -ди#SBST
вилаят#province -ди#OBL -в#AD -NULL#ESS
г#give -ун#MSD
акъах#climb(up),mount -на#AOC
инра#here
ви#2sg.gen
ини#here -з#DAT
лугь#say -уда#ENT
са#one
ина#here
са#one
гьам#that
и#this
тир#was
вич#himself и#ergative -з#DAT
тфенг#guns -ни#AND;FOCUS
къав#root -а#OBL -л#SP -NULL#ESS
ва#2sg -з#DAT
хкягъ#choose -да#FUT
хьа#happening.AOC
кьил#head
лугь#say -узва#IMPF
гаф#word
экъецӏ#appear -на#AOC
а#that -бур#PL
фу-затӏ#bread
кӏвал#house -и#OBL -з#DAT
лугь#say -уда#ENT
ки#that
чка#place -да#IN -й#EL
марф#rain
ада#he
къв#fall,precipitate -езва#IMPF
зи#1sg.gen
кӏватӏ#group
тир#was
гафар#say -да#ENT
хьа#happened -нава#PERF
зу#my
алат#pass -да#ENT -ч#NEG ки#that
югъ#day
аладар#long -да#IN
анал#that.on
югъ#day
еке#great
чан#dear
хт#return -ана#AOR
чӏулав#black
ки#that
кицӏ#dog
илисар#hide -да#ENT
и#this
кӏурцӏул#puppy -ар#PL
кӏарас#wood -ар#PL
аял#child -ар#PL
руш#girl
са#one
за#1sg.ERG
эхир#after.all
и#this
девлет#country -ар#PL -и#ERG
кӏан#want -зава#IMPF
вири#all
акъат#come.out -на#AOR
кас#man -ди#ERG
вахт#time
ая#do
гьааа#Aah
и#this
ма#you.know
явашдиказ#slowly
г#give -ана#AOC
балкӏан#horse -ди#ERG
гумир#export
акъат#come.out -на#AOR
вахч#give
ишаре#sign
икьван#so.much
фе#go -нава#PERF
ат#come -ана#AOC
пат#side а#OBL -з#DAT
къв#fall,precipitate -езва#IMPF
тухв#take -ана#AOC
беса#enough
чукуна#because
хъий#remake,redo -ида#ENT
чун#1pl.abs
хала#aunt -ди#ERG
шив#steed
затӏ#thing -ар#PL
лугь#say -уда#ENT
бала#baby
кут#put.under -ада#ENT
тӏва#other
яргъал#far
лагь#say -ана#AOR
лагь#say -ана#AOR
чир#knowledge -на#AOC
са#one
руш#girl
ви#2sg.gen
она.гуьре#THERFORE
эхьир#in.
ава#is -й#PST -ди#SBST
гьафте#week
дили#language
и#and
кут#put.under -уна#AOR
са#one
балкӏан#horse -ди#ERG
чна#1pl.erg
и#this
им#he
я#cop -из#INF
кьил#head
къийи#cold
самур#"Samur"
за#1sg.ERG
кювет#ditch -ди#SBST -из#INF
и#this
мугьарибе#war
къвегь#put -изва#IMPF
руш#girl -ар#PL -и#ERG -в#AD -NULL#ESS
каф#foam
балкӏан#horse -ди#ERG
сефер#time -ни#AND;FOCUS
са#one
пад#side
а#that
куьтях#finish
им#he
лугь#say -уда#ENT
халу#uncle
гьина#where -й#PST
са#one
ибур#these -ни#AND;FOCUS
винел#on
хт#return -ана#AOC
руфун#stomach -а#IN -NULL#ESS
лагь#say -ана#AOR
гьамам#bathhouse -ди#OBL -з#DAT
кицӏ#dog
кӏарас#wood -ар#PL
кӏанай#needing.AOP
анд-аманд#and.amand
зи#1sg.gen
ма#you.know
за#1sg.ERG
и#this
за#1sg.ERG -з#DAT
бес#but
къенфет#sweet
чими#warm
вун#2sg.abs а#OBL
хуш#pleasant
жаза#punishment
ф#go -ена#AOR
хва#son
чка#place
алукӏ#put.on -да#ENT
кьве#two
я#oh
вилик#before
гьужум#attack -на#AOR
и#this
а#that
руш#girl -ни#AND;FOCUS
лугь#say -узва#IMPF
чун#1pl.abs
кицӏ#dog -и#OBL -з#DAT
ацӏур#make.filled -на#AOC
лугь#say -уда#ENT
гаф#word
трамплин#springboard
уьлуьхъ#extinguish -зава#IMPF
гьикьван#how.much
анжах#But
еке#great
гада#boy -ди#ERG
чи#1pl.gen
буба#father
лугь#say -уда#ENT
ий#make -ида#ENT
г#give -ун#MSD -и#OBL -к#SB -ай#EL
лагь#say -ана#AOR
винел#on
вуч#what
хпер#sheep -и#OBL -н#GEN
хъсан#good -вил#.NESS -ер#PL
рекъ#way,.road -е#OBL -л#SP -NULL#ESS
лагь#say -ана#AOR
эхир#after.all
пай#present
ахъай#open -на#AOR
дагъ#mountain -лар#PL -и#OBL -в#AD -NULL#ESS
лугь#say -уда#ENT
къваз#stay -на#AOR
пичин#stove -а#OBL -л#SP -NULL#ESS
чан#dear
лугь#say -уда#ENT
и#this
хуьр#village -уь#OBL -з#DAT
ун#yes
галаз#with
ва#and
ана#there
лагь#say -ана#AOC
за#1sg.ERG -ни#AND;FOCUS
инсан#man -ди#ERG
кьиса#story
зу#my
югъ#day
незначительный#minor
вич#himself -и#ERG -н#GEN
тӏарар#make.ache -да#ENT
цав#air -а#OBL -л#SP -ай#EL
эхир#after.all
чи#1pl.gen
иер#beautiful
рекъ#way,.road -е#OBL -л#SP -NULL#ESS
ий#make -ида#ENT
вири#all
лугь#say -уз#IMC
да#yes
ях#hold
хьа#happen -нава#PERF -ч#NEG
кӏан#want -у#ERG -з#DAT
русс#russian -ар#PL -ни#AND;FOCUS
куьч-кума#goods.and.chattels
ашукь#ashuq -ди#ERG
чун#1pl.abs
себри#Sabri
мукьвал#near
балкӏан#horse -да#OBL -л#SP -NULL#ESS
кьил#chapter -е#OBL -л#SP -NULL#ESS -ни#AND;FOCUS
къулдур#robber
экъ#walk -езва#IMPF
лугь#say -уда#ENT
гьарад#everybody а#ERG
зи#1sg.gen
т#keep -ана#AOR
кь#catch -уна#AOC
ам#it
ча#1pl.gen -з#DAT
чун#1pl.abs
лагь#say -ана#AOR
гьи#this
пара#very
анжах#only
хтул#grandchild -яр#PL -ни#AND;FOCUS
я#or
диде#mother -ни#AND;FOCUS
бере#time -да#IN -NULL#ESS
газет#newspaper -ди#OBL -н#GEN
са#one
диде#mother -ди#OBL -н#GEN
пара#very
кьве#two
гьуьл#sea -и#OBL -в#AD -NULL#ESS
хъсан#good
пачагь#king -ди#ERG
ӏ9#19
лагь#say -ана#AOR
са#one
чӏув#time -а#OBL -л#SP -NULL#ESS
чан#dear
ф#go -ена#AOC
къатка#lie.down -нава#PERF
ваъ#no
кас#man -ди#OBL -н#GEN
гьамиша#always
ана#there
ина#here
лагь#say -ана#AOR
са#one
гьар#every
май#May -ди#OBL -з#DAT
вуч#what
тахтун#throne -а#OBL -л#SP -NULL#ESS
тупӏал#ring -ар#PL -ни#AND;FOCUS
чими#warm
лугь#say -уда#ENT
гьамбал#servant -ар#PL
яни#cop.Q
ав#make,do -уна#AOR
газет#newspaper -ди#OBL -н#GEN
балкӏан#horse -да#OBL -л#SP -NULL#ESS
туш#cop.NEG
балкӏан#horse -да#OBL -л#SP -NULL#ESS
чун#1pl.abs
пуд#three
пӏуз#lip -арар#PL
кхьихь#write
аял#child -ар#PL -и#OBL -хъ#PT -NULL#ESS
кӏвал#house -ар#PL -и#OBL -н#GEN
пад#side
нуьк#servant -ер#PL -ди#OBL -з#DAT
лагь#say -ана#AOR
ээээгь#eeh
марф#rain
руш#girl -ни#AND;FOCUS
лугь#say -уда#ENT
гьикӏ#how
вун#2sg.abs а#ERG
элкъв#turn.back -ена#AOC
магьал#district -да#IN -NULL#ESS
жаван#young
вич#himself
лагь#say -ана#AOR
сонра#after
кьвед#two а#OBL -з#DAT
вири#Everything да#ERG
рехъ#way
область#area
рекь#way -е#IN -NULL#ESS
фикирар#think.much -на#AOR фикирар#think.much -на#AOR
вич#himself
лугь#say -уда#ENT
къвед#two а#ERG -н#GEN
вахтинда#IN.TIME амаз#have
кӏан#want -зава#IMPF
а#that -бур#PL
ида#him.to -з#DAT -ни#AND;FOCUS
рекь#way -е#IN -NULL#ESS
давай#come.on
руш#girl
са#one
анин#his
руш#girl а#OBL -з#DAT
той#wedding
чун#1pl.abs
има#this.one
мама#mother
г#give -уда#ENT
лагь#say -ана#AOC
пачагь#king
яхцур#forty
лугь#say -уда#ENT
лугь#say -уда#ENT
шикил#picture
вуч#what -и#ERG -н#GEN
буба#grandfather -ди#ERG
лугь#say -уда#ENT
гада#boy -ни#AND;FOCUS
акъадар#mount -да#ENT
за#1sg.ERG -з#DAT
лугь#say -уда#ENT
велибега#Velibeg -н#GEN
ат#come -анва#PERF
руш#girl
чун#1pl.abs
вун#2sg.abs а#ERG
кӏан#want -зава#IMPF
гада#boy
вил#eye
мама#mother -ни#AND;FOCUS
ала#is.there -й#PST
сефер#time -ни#AND;FOCUS
ида#her
ахтынский#Akhtinsky
са#one
акв#look -азва#IMPF -ни#Q
за#1sg.ERG
кӏел#read -да#FUT -й#PTCP
рикӏ#heart -е#IN -NULL#ESS
а#that
элягъ#take.off -на#AOC
я#or
иддихат#rest -из#INF
ида#he.also -з#DAT
и#this
руш#girl
гъ#bring -ана#AOC
жаваб#answer
кӏвал#house -и#OBL -з#DAT
же#be -ди#SBST -ш#NEG
диде#mother
пачагь#king -ди#OBL -з#DAT
лагь#say -ана#AOR
эрзе#statement
кицӏ#dog
кӏвал#house -е#IN -NULL#ESS
кхь#write -ида#FUT -й#PST
тир#was
за#1sg.ERG -з#DAT
ругь#soul
накьв#soil
за#1sg.ERG -з#DAT
лагь#say -ана#AOR
кицӏ#dog
са#one
гьизяхъине#now
за#1sg.ERG -з#DAT
яхцӏур#fourty
йиф#night -и#OBL -з#DAT
буба#grandfather -ди#OBL -н#GEN
гьикӏ#how
галаз#with
самур#"Samur"
межнун#Medjnun
инал#here -ни#AND;FOCUS
конфет#sweet -ди#OBL -л#SP -ай#EL
гила#now
кицӏ#dog
са#one
и#this
вич#himself -и#ERG -н#GEN
кӏан#want -зава#IMPF
чуьнуьх#steal
югъ#day
и#this
элкъв#turn.back -еда#ENT
къул#fireplace а#OBL -н#GEN
гъ#bring -ана#AOC
ат#come -ана#AOC
вегь#throw -из#IMC
лугь#say -уда#ENT
руш#girl -а#OBL -л#SP -NULL#ESS
кьве#two
бес#but
ф#go -ена#AOR
хабар#news
демели#then
лагь#say -ана#AOR
лейли#Leyli
хъф#go.again,return -ена#AOR
стха#brother
и#this
хъф#go.again,return -ена#AOR
и#this
шикил#picture
ава#is -тӏа#COND
акъат#appear -да#ENT
ам#it
и#this
вич#himself
эвер#call -ана#AOR
паспорт#passport
атӏурвал#cuting.PTP.MAN
тир#was
халу#uncle
за#1sg.ERG -з#DAT
йикъ#day а#OBL -л#SP -ай#EL
сад#one
я#cop тӏа#if
лугь#say -уда#ENT
лугь#say -уда#ENT
къв#come -еда#ENT
ну#well
гьада#she -з#DAT
безханум#Bezkhanum а#OBL -хъ#PT -NULL#ESS
за#1sg.ERG -з#DAT
цл#wall а#OBL -л#SP -ай#EL
вили#blue
т-#NEG ак#look -урай#OPT
лугь#say -уда#ENT
лугь#say -уда#ENT
девир#time -ди#OBL -з#DAT
накьв#soil
хъсан#good
югъ#day
тӏ#eat -уьна#AOR
ат#come -ана#AOC
г#give -ана#AOC
дагъ#mountain
гьада#she
лагь#say.IMPV
иер#beautiful
ва#2sg -з#DAT
нефер#person
чан#dear
ибур#these -ни#AND;FOCUS
гьуьл#sea -уь#OBL -н#GEN
кцӏ#dog -и#OBL -н#GEN
г#give -ана#AOC
ата#coming -й#PST -ди#SBST
руш#girl
руш#girl
т#leave -уна#AOC
инал#here
вири#all
хъув#redo -уна#AOR
мес#bed -е#IN -NULL#ESS
галаз#with -ни#AND;FOCUS
са#one
къакъуд#remove -на#AOC
хуьр#village
гада#boy -ди#OBL -з#DAT -ни#AND;FOCUS
хьа#happening.AOC
ижаза#permision
эвер#call -на#AOC
ма#you.know
им#it
ссср#USSR
и#this
мугьарибе#war -йр#PL -а#IN -NULL#ESS
акъат#come.out
лагь#say -ана#AOR
хьа#happened -нава#PERF
къеле#fortress -ди#OBL -н#GEN
урус#russian -яр#PL
элкъв#turn.back -ена#AOC
къерар#decision -ди#OBL -з#DAT
чун#1pl.abs
руш#girl
лугь#say -уда#ENT
эхир#after.all
и#this
кӏан#want -зава#IMPF -й#PTCP
иер#beautiful
миграгъ#Migrah
руш#girl
кӏан#want -зава#IMPF
буба#grandfather -ди#OBL -з#DAT
гьакӏ#like.that
вуч#what
лугь#say -уда#ENT
буба#grandfather -ни#AND;FOCUS
лугь#say -узва#IMPF
къам#sadness -ни#AND;FOCUS
белке#maybe
азербайджан#Azerbaijan -ар#PL
бес#but
талыш#talis
гьуьл#sea -уь#OBL -н#GEN
луьтквечи#boatman -ди#OBL -з#DAT
анжах#only
гала#with -з#DAT
лагь#say -ана#AOR
булах#spring -ар#PL
ругь#soul -ди#OBL -з#DAT -ни#AND;FOCUS
гьуьл#sea -уь#OBL -н#GEN
вутӏ#where
гьам#that
ак#look -уна#AOC
це#give
хкв#return -еда#ENT
гумир#export
лугь#say -уда#ENT
са#one
кицӏ#dog
вири#all
тамаш#look -на#AOC
аку#look.IMPV
стха#brother -яр#PL
ахпа#then
рекь#way -ер#PL
ана#there
руш#girl
лугь#say -уз#IMC
газет#newspaper -ди#OBL -з#DAT
гагьат#escape -на#AOR
я#oh
и#this
г#give -айи#AOP
буба#father
девлет#country
г#give -узва#IMPF -й#PTCP
паспорт#passport
къил#chapter -е#IN -л#SP -NULL#ESS
хвеши#happy
т-#NEG ав#make,do -урай#OPT
руш#girl
ида#he.also -з#DAT -ни#AND;FOCUS
гъ#bring -ида#FUT
баде#grandmother -ди#OBL -з#DAT -ни#AND;FOCUS
хъф#go.again,return -ида#FUT
аладрайтӏа#longing.PTP.COND
гьа#that,.the.same да#OBL -н#GEN
кьил#chapter -е#OBL -л#SP -NULL#ESS
икьван#so.much
има#this.one
пачагь#king -ди#OBL -н#GEN
сонра#after
лагь#say -ана#AOR
ава#is -ч#NEG -из#INF
инсан#man -ар#PL
гъел#plough
им#he
луьтквечи#boatman -ди#OBL -з#DAT -ни#AND;FOCUS
кӏан#want -зава#IMPF
гада#boy -ди#OBL -н#GEN
хъсан#good
сонра#after
хьир#even
къерех#side -да#IN -NULL#ESS -ни#AND;FOCUS
кьабул#take.over -на#AOR
ив#night -и#OBL -з#DAT
къач#buy -уна#AOC
гьамиша#always
хъв#drink -ана#AOC
лугь#say -уда#ENT
им#her
туш#cop.PST.NEG
лугь#say -уда#ENT
и#this
къазанмиш#earn -из#IMC
гада#boy -ди#ERG
т-#NEG ий#do -ин#HORT
ки#that
вич#himself -и#ERG -з#DAT
къейд#celebrate
гьиниз#where
дастан#dastan
за#1sg.ERG
и#this
башламиш#start -на#AOR
ам#that
акъах#climb(up),mount -на#AOC
са#one
аку#look.IMPV
лугь#say -уда#ENT
сад#one -ни#AND;FOCUS
векь#hay -ер#PL
са#one
лагь#say -ана#AOR
галаз#with -ни#AND;FOCUS
ф#go -изва#IMPF
жигъир#paths -ар#PL -ни#AND;FOCUS
иер#beautiful
ада#her
хутах#take.back
мисал#example
хуьр#village -уь#OBL -н#GEN
хер#wound
ф#go -изва#IMPF -й#PTCP
галаз#with
лугь#say -уда#ENT
тике#piece
кӏан#want -зава#IMPF -й#PTCP
муаллим#teacher -ди#ERG
чи#1pl.gen
кьве#two
яхцур#forty
са#one
кӏвал#house -ар#PL
кас#man
диде#mother -ни#AND;FOCUS
чун#1pl.abs
хуьр#village -уь#OBL -з#DAT
лугь#say -уда#ENT
хьа#being.AOC
пек#cloth -ер#PL
бере#time -да#IN -NULL#ESS
са#one
икьрар#agreement
гьа#that,.the.same
ава#cop
чна#1pl.erg
рах#speak -азва#IMPF
ава#is -й#PST
лагь#say -ана#AOR
руш#girl
эйиб#shame
са#one
кь#catch -ена#AOC
хурук-хурук#by.crawling
буба#father
мес#bed -е#IN -NULL#ESS
гада#boy -ди#OBL -н#GEN
лагь#say -ана#AOR
вил#eye -ер#PL -а#OBL -л#SP -NULL#ESS
себриллагь#Sabrillah
кьил#chapter -е#OBL -л#SP -NULL#ESS
лугь#say -уда#ENT
руш#girl
высоковольтный#high.voltage
лугь#say -уда#ENT
гада#boy -ди#OBL -з#DAT
а#that
къав#root -ар#PL и#this -ла#TEMP -й#PST
къвалах#issue -ар#PL
жемят#public -ди#OBL -з#DAT
ф#go -ена#AOC
ала#is.there -тӏа#COND
чун#1pl.abs
дастан#dastan -ар#PL
а#that -бур#PL
чан#dear
гъил#hand
хт#return -ана#AOR
больница#hospital -да#IN -NULL#ESS -ни#AND;FOCUS
има#this.one
амукь#stay,remain -да#ENT
пачагь#king -ди#OBL -н#GEN
лагь#say -ана#AOR
меслят#advice
чан#dear
а#that
чуьгъвена#after
еврей#jewish -ни#AND;FOCUS
гьааа#Aah
лугь#say -уда#ENT
вич#himself
ф#go -ена#AOC
тир#was
вири#all
гьинвайди#where.being.PTP.SBST
лугь#say -уда#ENT
лугь#say -уда#ENT
лагь#say -ана#AOR
гьагьам#that.aforementioned
хт#return -ана#AOR
за#1sg.ERG
и#this
ва#2sg -з#DAT
бес#but
сентябр#september -ди#OBL -з#DAT
немец#german.person -ар#PL -и#ERG
жи#our
за#1sg.ERG
лагь#say -ана#AOR
пилте#flake
къеле#fortress -яр#PL
а#that
ки#that
са#one
ахкъач#rise
куьн#2pl.abs
ни#whoever
гьагьам#that.aforementioned
хьа#happen -нава#PERF -ч#NEG
эциг#put! -на#AOR
кицӏ#dog
вич#himself -ни#AND;FOCUS
кицӏ#dog
лагь#say.IMPV
гьа#that,.the.same
вач#go.IMPV
къван#stone -ер#PL -и#OBL -н#GEN
мейдан#town.square -да#OBL -л#SP -NULL#ESS
жаваб#answer
ваз#you
руш#girl
ф#go -из#INF
рессам#artist -ди#OBL -н#GEN
ча#1pl.gen -з#DAT
къуш#bird
ф#go -изва#IMPF
эвел#before
а#that -бур#PL
ваъ#no
ахпа#After
гьуьл#sea -уь#OBL -н#GEN
турба#bag
гада#boy -ди#ERG
и#this
фу#bread
инсан#man -ри#OBL -н#GEN
накьв#soil
телефон#phone -ар#PL
вичи#he -н#GEN
чи#1pl.gen
кьил#head
лагь#say -ана#AOR
идани#he.and
булах#spring -да#OBL -л#SP -NULL#ESS
и#this
кьил#chapter -и#ERG -н#GEN
лагь#say -ана#AOR
вахт#time
им#he
а#that
са#one
вич#himself -и#ERG -з#DAT
гада#boy -ди#ERG
руш#girl
а#that -бур#PL
ф#go -ида#FUT
зал#hall -да#IN -NULL#ESS
лагь#say -ана#AOR
ава#cop
баки#Baku -да#IN -NULL#ESS
гьа#that,.the.same
фи#go -ун#MSD
мугьарибе#war
ф#go -ена#AOC
кьве#two
пачагь#king -ди#OBL -з#DAT
ам#that
кӏарас#wood -ар#PL
тӏ#eat -уьна#AOR
гаф#word -ар#PL
агъуз#down
ив#night -и#OBL -з#DAT
чка#place
за#1sg.ERG
са#one
руш#girl
ат#come -ана#AOR
баку#Baku -да#IN -NULL#ESS
и#this
гьиниз#where
за#1sg.ERG
руш#girl а#ERG
куз-куз#burning
рекь#way -е#IN -NULL#ESS
гада#boy -ди#ERG -ни#AND;FOCUS
интересный#interesting
регьет#easy
ина#here
лагь#say -ана#AOR
кӏан#want -зава#IMPF -ч#NEG
дастан#dastan
гваз#with
им#he
тамаш#look -й#PST -тӏа#COND
и#this
фейитӏа#going.PTP.COND
ци#why
вири#all
къажгъан#pans -ар#PL
нян#evening -и#OBL -н#GEN
лагь#say -ана#AOR
гевгьер#pearls -ер#PL -и#OBL -н#GEN
оператор#operator -ди#ERG
къеле#fortress
вич#himself -и#ERG -н#GEN
за#1sg.ERG -ни#AND;FOCUS
пачагь#king
им#he
кьил#chapter -ер#PL
са#one
ава#cop
са#one
иер#beautiful
тамаш#look -на#AOC
са#one
телефон#phone
юлдаш#friend
ки#that
югъ#day
акв#look -азва#IMPF -й#PST
анжах#only
палкан#horse
куд#hang.PFT.PTP -нава#PERF -й#PST
экуьн#morning -е#OBL -хъ#PT -ди#DIR
лугь#say -уда#ENT
бес#but
ада#he
сонра#after
гада#boy
къач#buy -уна#AOC
чун#1pl.abs
хвеши#happy
иер#beautiful
жибин#pocket -да#IN -ай#EL
ина#here
къулдур#robber -ар#PL
руш#girl
акъуд#get.out -уьн#MSD
элягъ#take.off -на#AOC
фикирар#think.much -мир#PROH
ав#make,do -унва#PERF
паекни#ration
гьуьл#sea -уь#OBL -н#GEN
гьинвайда#where.being.PTP.SBST
са#one
гада#boy -ди#ERG -ни#AND;FOCUS
араб#arab -р#PL -и#OBL -н#GEN
идан#her
жуьт#pair
лугь#say -уда#ENT
жи#our
лугь#say -уда#ENT
вилаят#country -ди#OBL -з#DAT
газет#newspaper -ди#OBL -н#GEN
ва#2sg -з#DAT
за#1sg.ERG -з#DAT
цӏийи#new
иеси#owner
аяр#nice
ви#2sg.gen
лугь#say -уда#ENT
зи#1sg.gen
ван#voice
кӏвач#leg
гъ#bring -ана#AOR
къари#old.woman
гурвал#give.PTP.MAN
диде#mother
сонра#after
кӏан#want
кӏел#read -ди#SBST -ин#HORT
ча#1pl.gen -з#DAT
дуьз#great
гьикӏ#how
им#her
лагь#say -ана#AOR
кь#catch -ада#FUT -тӏа#COND
иеси#owner
и#this
т-#NEG ий#do -из#IMC
каф#foam
кут#put.under -уна#AOC
бала#baby
лугь#say -уда#ENT
ф#go -из#INF
эвер#call -да#ENT
кьве#two
лагь#say -анва#PERF
вил#eye -ер#PL
ки#that
чинеба#secretly
къач#buy -умир#PROH
кьулухъ#behind
са#one
стха#brother
чан#dear
акъат#appear -на#AOC
кӏвал#house -е#IN -NULL#ESS
вуна#2sg.erg
ф#go -ена#AOC
хъсан#good
земляк#fellow.countryman -ар#PL
балкӏан#horse -ди#OBL -н#GEN
ф#go -ида#ENT
лагь#say -ана#AOR
лагь#say -ана#AOR
талыш#talis -ди#OBL -н#GEN
югъ#day
экъ#walk -из#INF экъ#walk -из#INF
сырой#raw
лугь#say -уда#ENT
и#this
тир#was
пачагь#king
руш#girl а#ERG
ат#come -ана#AOC
агъзур#100
а#that
накьв#soil
за#1sg.ERG
баде#grandmother
уьч#three
шумуд#more
а#that -бур#PL
т#leave -мир#PROH
за#1sg.ERG -з#DAT
чун#1pl.abs
гьуьл#sea -уь#OBL -н#GEN
дереже#degree -ди#OBL -з#DAT
марф#rain
ки#that
им#he
къгъа#buy нава#PERF
кичӏе#fear
т-#NEG ак#look -урай#OPT
хта#return -нава#PERF
разивил#agreement -ер#PL
хара#pile -да#OBL -л#SP -NULL#ESS
гила#now
къерех#side -ди#OBL -з#DAT
г#give -ун#MSD
лугь#say -уда#ENT
хьуй#let.it.be.OPT
юлдаш#friend -ар#PL -и#OBL -хъ#PT -NULL#ESS
июн#June -ди#OBL -н#GEN
бере#time -да#IN -NULL#ESS
диде#mother
хуьр#village
за#1sg.ERG
са#one
кь#catch -ада#ENT
за#1sg.ERG -з#DAT
има#this.one
за#1sg.ERG
гьуьл#sea -уь#OBL -н#GEN
гуьгъуьна#behind
лугь#say -уда#ENT
иер#beautiful
хъф#go.again,return -ин#HORT
зу#my
эвецӏ#go.down -на#AOR
амма#but
ала#is.there
са#one
са#one
и#this
лугь#say -уда#ENT
кӏан#want -зава#IMPF -ч#NEG
т#leave -уьна#AOR
пачагь#king -ди#OBL -н#GEN
яд#water
тир#was
за#1sg.ERG
хьа#happened йи#AOP
лугь#say -уда#ENT
руш#girl
лугь#say -уз#IMC
руш#girl а#OBL -н#GEN
ни#whoever
акъадар#mount -да#ENT
а#that
зу#my
эверир.кьван#CALL.TILL
хер#wound
ина#here -ра#ERG
руш#girl
ат#come -ана#AOC
ават#fall -ана#AOR
бала#baby -яр#PL
ки#that
къулдур#robber -ар#PL
ини#here -з#DAT
балкӏан#horse
везир#vizier -ар#PL
гада#boy -ди#OBL -з#DAT
гьикӏ#how
гьакӏан#simple
вобщем#anyway
балкӏан#horse -да#OBL -л#SP -NULL#ESS
лагь#say -ана#AOR
туш#cop.NEG
ава#is -тӏа#COND
акур#seen
са#one
гьым#Uhm
ва#2sg -з#DAT
за#1sg.ERG -з#DAT
лугь#say -уда#ENT
са#one
жуьре#kind
вуна#2sg.erg
сегьне#stage
инал#here
са#one
ак#look -ун#MSD
къе#today
гада#boy -ди#ERG -ни#AND;FOCUS
сакӏа#in.no.way -ни#AND;FOCUS
ида#him.to -ни#AND;FOCUS
буба#father
лугь#say -уда#ENT
я#or
аял#child
югъ#day
чун#1pl.abs
къвалах#issue -ар#PL
гьуьл#sea -уь#OBL -з#DAT
мех#fur -ер#PL
чан#dear
вун#2sg.abs а#ERG
къваз#stay -зава#IMPF
лагь#say -ана#AOR
вич#himself -и#ERG -н#GEN
я#cop
гьуьл#sea -уь#OBL -з#DAT
са#one
къач#take -уда#ENT
гада#boy -йр#PL -и#ERG
а#that -бур#PL
бес#but
солдат#soldier
г#give -ана#AOR
документ#document -ар#PL
вуч#what.do -да#FUT -тӏа#COND
ам#it
акъах#climb(up),mount -на#AOR
ахпа#then
ва#2sg -з#DAT
лугь#say -уда#ENT
т#leave -уна#AOC
за#1sg.ERG
кьил#chapter -и#OBL -к#SB -NULL#ESS
дуьз#great
а#that
бес#but а#ERG
вич#himself
гьабур#them -ни#AND;FOCUS
йит#water -ар#PL
капитан#captain
гваз#with
кь#catch -уна#AOR
ахьтин#like.that
са#one
ида#him.to -ни#AND;FOCUS
ибур#these -и#ERG -н#GEN
ихъти#like.this -н#GEN
яхцӏур#fourty
шикил#picture
вил#eye -ер#PL
год#year -ди#OBL -з#DAT
гъуьл#sea -и#OBL -н#GEN
хийир#benefit -ни#AND;FOCUS
къач#take -уда#FUT
тухв#take -ана#AOC
къеле#fortress -ди#OBL -з#DAT
гада#boy -ди#ERG
балкӏан#horse -ди#ERG
ма#you.know
кьил#chapter
мад#more
хуьр#village -уь#OBL -н#GEN
лагь#say -ана#AOC
гаф#word
руш#girl -ни#AND;FOCUS
руш#girl
гвай#was
диде#mother
эхирни-эхир#finally
башламиш#start -да#ENT
иви#blood
ат#come -ана#AOC
ковш#ladle
гъ#bring -ида#FUT
къач#buy -уна#AOC
пачагь#king -ди#OBL -н#GEN
ахъай#open -ин#HORT
чинеба#secretly
алат#pass -да#ENT
къач#buy -уна#AOC
жув#us а#ERG
кицӏ#dog
лугь#say -уда#ENT
чи#water -з#DAT
лагь#say -ана#AOR
са#one
чун#1pl.abs -ни#AND;FOCUS
а#that -бур#PL
лагь#say -ана#AOR
баде#grandmother
буба#grandfather -ди#ERG -ни#AND;FOCUS
къван#stone
мама#mother
лагь#say -ана#AOR
винел#on
чун#1pl.abs
мад#more
жаваб#answer
ки#that
лагь#say -ана#AOR
лугь#say -узва#IMPF
хъсан#good
рук#forest -ар#PL -и#OBL -з#DAT
гьахь#enter -ун#HORT
гьи#this
эрзе#statement
и#this
охран#security а#ERG
и#this
и#this
ф#go -ена#AOR
христиан#Christian
къапина#jar
ча#1pl.gen -з#DAT
кут#put.under -уна#AOC
гьат.тавур#DIDN'T.GET.NEG.SBST -ди#SBST
за#1sg.ERG
къулухъ#after
са#one
руш#girl
чун#1pl.abs
са#one
жи#our
туш#cop.NEG
лугь#say -уда#ENT
бес#but
элягъ#take.off -на#AOC
са#one
сят#o'clock -ди#OBL -н#GEN
хъсан#good
шив#steed
эвера#call.IMPV
эхир#end
гьуьл#sea -у#OBL -н#GEN
накьв#soil
марал#deer -ди#OBL -н#GEN
гуьре#for
югъ#day
кван#please.do
командир#commander -ди#ERG
акъат#appear -на#AOC
папа#wife -з#DAT
гьа#that,.the.same
сад#one
стха#brother
лагь#say -ана#AOR
руш#girl -ни#AND;FOCUS
са#one
ак#look -ун#MSD
жанавур#wolk -ри#ERG
а#that
тир#was
са#one
ат#come -ана#AOC
ава#is -й#PST
джагьан#Jahan
чна#1pl.erg
акъат#come.out -на#AOR
виня#height.from -й#PST
лагь#say -ана#AOR
магадан#Magaan -ди#ERG -з#DAT
йис#year -ар#PL
хьир#even
ам#it
эвер#call -да#ENT
гьабурузни#aforementioned.they.to.also
мумкин#possible
эциг#put! -нава#PERF
кичӏе#fear
сутка#24.hour.period
гьи-гьин#the.same
кьил#chapter -е#OBL -л#SP -NULL#ESS
са#one
г#give -ана#AOR
гьуьл#sea -уь#OBL -н#GEN
са#one
чукотка#Chukotka -ди#OBL -з#DAT
и#this
гада#boy
булах#spring -ар#PL
лагь#say -ана#AOR
илисар#hide -нава#PERF
самур#"Samur"
ат#come -ана#AOC
вилаят#country -ди#OBL -з#DAT
са#one
идани#he.and
бес#but
семь#seven
инсан#man -ар#PL
гъ#bring -ида#FUT
за#1sg.ERG
эвера#call.IMPV
дуьз#great
хуьр#village -уь#OBL -н#GEN
гваз#with
хьа#happened -нава#PERF
кь#catch -уна#AOC
рикӏ#heart -е#IN -NULL#ESS
лагь#say -ана#AOR
г#give -ана#AOC
булах#spring -да#OBL -л#SP -NULL#ESS -ни#AND;FOCUS
къуьн#shoulder -е#IN -л#SP -NULL#ESS
а#that
лугь#say -уда#ENT
гьар#every
цӏукьуд#fourteen
лугь#say -уда#ENT
пуд#three
вичи#he -з#DAT
къеле#fortress -ди#OBL -з#DAT
пачагь#king -ни#AND;FOCUS
и#this
хтул#grandchild -яр#PL -ни#AND;FOCUS
лагь#say -ана#AOR
г#give -узва#IMPF
хва#son
чил#ground -ер#PL
лагь#say -ана#AOR
къерех#bank -ди#OBL -з#DAT -ди#DIR
г#give -уда#FUT -ни#AND;FOCUS
кума#hut
къван#stone -жи#OBL -н#GEN
акъах#climb(up),mount -да#ENT
лагь#say -ана#AOR
за#1sg.ERG
и#this
ава#cop
са#one
мугьарибе#war
кьван#so.much
са#one
эвецӏ#go.down -на#AOR -ша#NEG
ида#him.to -ни#AND;FOCUS
гада#boy -ди#ERG -ни#AND;FOCUS
цӏай#fire
ида#him.to
гъил#hand
гада#boy -ни#AND;FOCUS
ахпа#then
и#this
вири#all
яхцӏур#fourty
чинеба#secretly
кьил#chapter -е#OBL -л#SP -NULL#ESS
мизан#justice
диде#mother
гьисаб#count -зава#IMPF
хтул#grandchild -ни#AND;FOCUS
чи#1pl.gen
галаз#with
чун#1pl.abs
сабур#patience
хуьр#village -уь#OBL -н#GEN
кӏар#stick
кьван#so.much
руш#girl
хкаж#up
лугь#say -уда#ENT
регъуьла#ashamed
тир#was
са#one
а#that
шофер#driver
вич#himself -и#ERG -н#GEN
за#1sg.ERG -з#DAT
лагь#say -ана#AOR
ава#is -ч#NEG
та-#NEG хьур#be.will -ай#EL
дуст#friend -ни#AND;FOCUS
кӏан#want -зава#IMPF -й#PTCP
жуьре#kind
къвал#side а#OBL -в#AD -NULL#ESS
яран#Yaran
лугь#say -уда#ENT
хьа#happened -нава#PERF
къуьн#shoulder -е#OBL -л#SP -NULL#ESS -ни#AND;FOCUS
месела#story
руш#girl
къаравул#guard -ни#AND;FOCUS
за#1sg.ERG -з#DAT
ацукь#sit -на#AOC
сонра#after -ни#AND;FOCUS
хт#return -ана#AOR
чи#1pl.gen
за#1sg.ERG
а#that
гьиниз#where
икьрар#agreement
ахпа#then
фи#go -зава#IMPF
тахтун#throne -а#OBL -л#SP -NULL#ESS
лагь#say -ана#AOR
им#he
кь#catch -енва#PERF
хьа#happened -нава#PERF
кард#falcon
пек#cloth -ни#AND;FOCUS
гьуьл#sea -уь#OBL -н#GEN
буба#father -ди#OBL -хъ#PT -NULL#ESS
чун#1pl.abs
ф#go -ида#ENT
уже#already
са#one
ма#you.know
ава#cop
адет#tradition
руш#girl
чил#ground -е#OBL -л#SP -NULL#ESS
шикил#picture
им#he
за#1sg.ERG -з#DAT
къул#fireplace а#OBL -з#DAT
вуч#what -и#ERG -н#GEN
цӏай#fire
лагь#say -ана#AOR
авар#Avar
талыш#talis -ди#ERG
ва#2sg -з#DAT
т#put -ада#ENT
жив#snow -еда#OBL -л#SP -NULL#ESS
чун#1pl.abs
дегьшет#disaster
дуст#friend
кьвед.лагьай#SECOND
къе#today -н#GEN -и#ERG -н#GEN
гьим#who
тир#was
кьегьел#brave
шад#happy
гила#now
ацукь#sit -на#AOC
ф#go -изва#IMPF
къевиз#this.night -ни#AND;FOCUS
гьикӏ#how
набран#Nabran.to -ди#DIR -з#DAT
еке#great
чна#1pl.erg
са#one
и#this
балкӏан#horse -да#OBL -л#SP -NULL#ESS
лугь#say -уда#ENT
сен-аллагь#sen.Allah
ахпа#then
дахма#shack
зу#my
инри#here.to -з#DAT
и#this
пачагь#king
ам#it
кьил#chapter -и#OBL -хъ#PT -NULL#ESS
са#one
чан#dear
анриз#there
лагь#say -ана#AOR
югъ#day
йиф#night -и#OBL -з#DAT
вич#himself -и#ERG -ни#AND;FOCUS
вич#himself -и#ERG
стха#brother
цай#fire
за#1sg.ERG
гьат#fall.on -на#AOR
там#there
къв#come -еда#ENT
дарман#medicine -ни#AND;FOCUS
гьар#every
ак#look -ур#AOP -ла#TEMP
ида#her -н#GEN
кӏвалах#matter
ван#voice
муаллим#teacher -ди#ERG
рехъ#way
гьаа#Yes
ф#go -ида#ENT
балкӏан#horse -да#OBL -л#SP -NULL#ESS
тир#was
ча#1pl.gen -з#DAT
бере#time -да#IN -NULL#ESS
кьил#chapter -е#OBL -л#SP -NULL#ESS
май#May -ди#OBL -з#DAT
им#he
вац#month -р#PL -а#OBL -л#SP -ай#EL
и#this
лугь#say -уда#ENT
са#one
гьуьл#sea -уь#OBL -н#GEN
ф#go -ена#AOC
аял#child -ар#PL
кут#put.under -унва#PERF
лугь#say -уда#ENT
кицӏ#dog -и#OBL -н#GEN
гьам#that
гьикьван#how.much
ада#he -н#GEN
шагьвар#wind
гумир#export
къанивил#love's -и#OBL -н#GEN
отвечает#answers
за#1sg.ERG
ашукь#ashuq -ди#OBL -з#DAT
ма#you.know
элкъв#turn.back -ена#AOC
гъ#bring -ана#AOC
кӏан#want -зава#IMPF
лугь#say -уда#ENT
и#this
лугь#say -уда#ENT
лагь#say -ана#AOR
ахпа#then
еврей#jewish
къакъуд#remove -на#AOR
литва#Lithuania -ди#OBL -з#DAT
хва#son
и#this
ча#1pl.gen -з#DAT
ама#still.be,.remain
ама#still.be,.remain
за#1sg.ERG
ки#that
чун#1pl.abs
кь#catch -ада#FUT -тӏа#COND
дейинмиш#grumble
вичал#on.itself
пачагь#king -ни#AND;FOCUS
жаван#young
зу#my
кут#put.under -унва#PERF
я#or
сегьне#stage -да#IN -NULL#ESS
кьил#head
им#he
лугь#say -уда#ENT
винел#on
кӏвал#house -е#IN -NULL#ESS
лагь#say -ана#AOR
вуч#what
чан#dear
лугь#say -уз#IMC
юкьв#middle -а#IN -й#EL
сура#after
экъецӏ#reach -ай#AOP -ла#TEMP
ф#go -ида#ENT
и#this
пуд#three
за#1sg.ERG
са#one
алцурар#deceive -на#AOC
ат#come -ана#AOC
чӏав#time -ар#PL
куьтях#finish
таниш#acquainted
фикирар#think.much -зава#IMPF -ни#Q
хьу#if.do -й#PST
лугь#say -уда#ENT
агъуз#down
эгер#if
г#give -ана#AOC
ча#1pl.gen -з#DAT
и#this
кицӏ#dog
безханум#Bezkhanum
ина#here
ахъа#open -й#PST из#IMMANT
киник#down
лагь#say -ай#AOP -ла#TEMP
вуч#what
инал#here
чир#knowledge -на#AOC
чи#1pl.gen
пачагь#king
ам#it
вун#2sg.abs а#ERG -ни#AND;FOCUS
има#this
икӏ#like.this
са#one
хва#son -яр#PL
лугь#say -уда#ENT
гила#now
гьисаб#count -зава#IMPF
яшамиш#live -да#ENT
лугь#say -уда#FUT
къулдур#robber -ри#OBL -з#DAT -ни#AND;FOCUS
вич#himself -и#ERG
акв#look -азва#IMPF
тамаш#look -из#INF
руш#girl -ар#PL -и#OBL -н#GEN
къачу#take
акв#look -азва#IMPF -ч#NEG -ни#Q
ви#2sg.gen
зи#1sg.gen
кьил#chapter -е#OBL -л#SP -NULL#ESS
чна#1pl.erg
кичӏ#dog
гьуьл#sea -уь#OBL -н#GEN
руш#girl
чи#1pl.gen
ат#come -анва#PERF
бина#building
асул#actually
гъ#bring -ана#AOC
и#this -м#ABS
и#this
вун#2sg.abs а#ERG
чӏав#time -а#OBL -л#SP -ай#EL
чун#1pl.abs
эхир#end -ни#AND;FOCUS
пачагь#king -ди#OBL -з#DAT
пек#cloth -ер#PL
сад#one -ни#AND;FOCUS
къач#buy -уз#INF
докъкъузюз#nine.hundred
рехъ#way
бацӏ#Bats
ахпа#then
за#1sg.ERG
диде#mother -ди#OBL -н#GEN
мад#more
вил#eye -ер#PL -а#OBL -л#SP -NULL#ESS
фикир#attention -да#ENT
икьван#so.much
лугь#say -уда#ENT
ма#you.know
лугь#say -уда#ENT
гьар#every
ки#that
цӏуьд#nine
пачагь#king -ди#OBL -н#GEN
гъваш#bring.IMPV
гьин#which
са#one
винел#on
зи#1sg.gen
ф#go -ена#AOR
гьейет#yard -да#OBL -л#SP -NULL#ESS -ни#AND;FOCUS
чая#tea -р#PL
къарагъ#stand.up,rise -из#INF
къуш#bird
и#this
вич#himself и#this -з#DAT
передовой#front.line -ди#OBL -з#DAT
кван#please.do
шаир#writer -ри#OBL -н#GEN
ахпа#then
кичӏе#fear
лугь#say -уда#ENT
ава#is -й#PST
лугь#say -уда#ENT
лагь#say -ана#AOR
фу#bread
гъил#hand -и#OBL -к#SB -ай#EL
хуьр#village -уь#OBL -н#GEN
ида#him.to -ни#AND;FOCUS
и#this
гьич#never
застава#outpost -л#SP -NULL#ESS
яваш-яваш#slowly
район#countryside -да#IN -NULL#ESS
яхцӏур#fourty
лагь#say -ана#AOR
тухв#take -ана#AOC
лагь#say -анва#PERF
са#one
еке#great
агъ#bring -ана#AOR
гъел#plough
шагьдагъ#Shahdag -ди#OBL -н#GEN
за#1sg.ERG
пуд#three а#ERG
ва#2sg -з#DAT
тир#was
гьуьл#sea -уь#OBL -н#GEN
ацӏур#make.filled -на#AOC
мад#more
муаллим#teacher -ди#ERG
къван#stone
кассет#cassette
гьуьл#sea -у#OBL -н#GEN
алцурар#deceive -да#ENT
акъах#climb(up),mount -на#AOC
галаз#with
тир#was
чара#divide
лугь#say -уда#ENT
гьим#that.one
куьне#you
са#one
отказ#refusal.(rus)
кь#catch -уна#AOC
руш#girl
дуьнья#world
ва#2sg -з#DAT
мукьва#close
сонра#after
ава#cop
фикир#thought
вуч#what
къ#take -уна#AOC
жаза#punishment
чун#1pl.abs
акъв#walk -азва#IMPF
куьне#you
гьа#that,.the.same
ма#you.know
мукьвал#near
бала#baby
аку#look.IMPV
руш#girl а#OBL -н#GEN
пачагь#king -ди#OBL -в#AD -ай#EL -ни#AND;FOCUS
лугь#say -уда#ENT
къ#take -уна#AOR
гада#boy
пачагь#king -ди#OBL -н#GEN
накьв#soil
им#he
са#one
лагь#say -ана#AOR
са#one
рикӏ#heart -е#IN -NULL#ESS
гъалиб#victorious
са#one
пат#side а#OBL -з#DAT
пилте#flake
г#give -уз#IMC
рах#speak -азва#IMPF
муьтлег#absolutely
кӏвалах#matter
сагье#field -да#IN -NULL#ESS
ф#go -из#IMC
къв#come -еда#ENT
дуьзар#set -на#AOR
кӏват#group -из#IMC
кьил#chapter -е#OBL -л#SP -NULL#ESS
лагь#say -ана#AOR
за#1sg.ERG
лугь#say -уда#ENT
лугь#say -уда#ENT
рессам#artist -ди#OBL -з#DAT
безханум#Bezkhanum а#ERG -з#DAT
кьвед#two а#OBL -з#DAT
лугь#say -узва#IMPF
хабар#news
пек#cloth -ни#AND;FOCUS
за#1sg.ERG
аладар#long -да#ENT
ида#him.to -н#GEN
и#this
кьве#two
ки#that
за#1sg.ERG
вич#himself -и#ERG -н#GEN
гьуьл#sea -уь#OBL -н#GEN
ама#still.be,.remain -ни#AND;FOCUS
гьуьл#sea -уь#OBL -н#GEN
муаллим#teacher -ни#AND;FOCUS
бурулгъан#whirlpool
им#he
гила#now
са#one
та-#NEG г#give -ана#AOC
лугь#say -уда#ENT
за#1sg.ERG
чан#dear
гъел#plough
гъ#bring -ин#HORT
пака#tomorrow
элкъв#turn.back -ена#AOC
фад#quickly
кӏан#want -зава#IMPF
уже#already
ваъ#no
гуьре#for
луьтквечи#boatman
агакь#reach -на#AOC
са#one
са#one
михьи#cleanless -вал#PURP
са#one
лугь#say -уда#ENT
ак#look -унва#PERF -ч#NEG -ир#PST
лугь#say -уда#ENT
кӏан#want -зава#IMPF
гат#knock -ана#AOR
а#that
лугь#say -уда#ENT
жув#us а#OBL -н#GEN
балхун#balcony -да#IN -NULL#ESS
рагьуллагь#Rahulla
фад#quickly
ий#make -из#INF
т#leave -уна#AOC
а#that
гевгьер#pearls -ди#OBL -н#GEN
вил#eye -ер#PL -а#OBL -л#SP -NULL#ESS
эвер#call -да#ENT
чна#1pl.erg
за#1sg.ERG -з#DAT
и#this
лугь#say -уда#ENT
илисар#hide -нава#PERF
ина#here
пушкин#Pushkin
хв#keep,defend -ена#AOR
мад#more
хт#return -ана#AOR
ина#here
стха#brother
запис#recording -ар#PL
белке#maybe
руш#girl
белке#maybe
чубан#shepherd
вич#himself
а#that
лагь#say -ана#AOR
гьат#fall.on -на#AOC
вич#himself -и#ERG -н#GEN
ив#night -и#OBL -з#DAT
ча#1pl.gen -з#DAT
пуд#three
гьада#she -з#DAT -ни#AND;FOCUS
лугь#say -уда#ENT
шегьер#city -да#IN -NULL#ESS
са#one
ида#him.to -ни#AND;FOCUS
диде#mother -ни#AND;FOCUS
лугь#say -узва#IMPF
капаш#handful -ди#OBL -н#GEN
за#1sg.ERG
жи#our
лагь#say -ана#AOR
ацукьар#cause.to.sit -да#IN
больница#hospital -да#IN -NULL#ESS -ни#AND;FOCUS
за#1sg.ERG -ни#AND;FOCUS
зунжур#chain -ди#OBL -в#AD -NULL#ESS
ф#go -из#INF
къе#today
ктӏун#close -ана#AOR
кӏвал#house -и#OBL -з#DAT
руш#girl
сувар#Holiday -и#OBL -з#DAT
зи#1sg.gen
гила#now
гъ#bring -ин#HORT
на#you
са#one
лагь#say -ана#AOC
ат#come -ана#AOC
пепе#bug -яр#PL
са#one
ана#there -й#PST
тир#was
ма#you.know
за#1sg.ERG -з#DAT
кӏвал#house
фе#go -нава#PERF -й#PST
зи#1sg.gen
пачагь#king
хт#return -анва#PERF
гьикӏятӏана#necese
лугь#say -уз#IMC
рук#forest -ар#PL а#IN -й#EL
гьагьана#aformentioned.place
башламиш#start -да#ENT
пара#very
им#he
гардан#neck -да#IN -л#SP -NULL#ESS
вичин#her
сакӏани#in.no.way
ав#make,do -уна#AOR -ч#NEG
гъ#bring -ин#HORT
кӏан#want -тӏа#COND -ни#AND;FOCUS
шагьдагъ#Shahdag -ди#OBL -н#GEN
балкӏан#horse
са#one
чун#1pl.abs
и#this
направление#direction.(rus)
ва#2sg -з#DAT
хуш#pleasant
г#give -ун#MSD
лезги#Lezgi
за#1sg.ERG
агъуз#down
ки#that
ида#him.to
белке#maybe
кумаз#as.soon.as -ни#AND;FOCUS
за#1sg.ERG -з#DAT
бала#baby -яр#PL
жув#us а#ERG
гада#boy
руш#girl
как.раз#THIS
за#1sg.ERG -з#DAT
и#this
за#1sg.ERG -з#DAT
лугь#say -уда#ENT
къач#buy -уна#AOC
хъсан#good -вил#.NESS -ер#PL
руш#girl -а#OBL -л#SP -NULL#ESS
гада#boy -ди#OBL -з#DAT
аниз#there.to
экъецӏ#appear -на#AOC
са#one
бес#but
гъил#hand -и#OBL -к#SB -ай#EL
тухв#take -ана#AOC
са#one
вуч#what
зу#my
иеси#owner
лепе#wave -яр#PL
югъ#day
лагь#say -ана#AOR
зурзун#tremor
вад#five
са#one
жаза#punishment
ф#go -ена#AOR
лезги#Lezgi
шап#slam -на#AOR
лагь#say -ана#AOR
руш#girl а#ERG -ни#AND;FOCUS
куьмек#help -да#FUT
кьве#two
пачагь#king -ди#OBL -з#DAT
сонра#after
пара#very
гаф#word -ар#PL
жеш#will.not.be
гада#boy
ава#is -ч#NEG
руш#girl
свас#wife
им#he
ини#here -з#DAT
фикир#thought
гьах#enter -нава#PERF
и#this
ф#go -изва#IMPF
гьана#there -ни#AND;FOCUS
и#this
хъф#go.again,return -ида#FUT
за#1sg.ERG -з#DAT
жаван#young
хьайтӏани#if.is
иер#beautiful
вуч#what -и#ERG -з#DAT
эцек#put -на#AOR
хт#return -ана#AOR
пачагь#king
чун#1pl.abs
сакӏани#in.no.way
гада#boy -ди#ERG -ни#AND;FOCUS
вад#five
яхцӏур#fourty
шоллар#Shollar.from -ди#DIR -з#DAT
гада#boy -ди#OBL -з#DAT -ни#AND;FOCUS
къалуртав#show -мир#PROH
а#that
пек#cloth -ер#PL
пачагь#king
къвед#two
вун#2sg.abs а#ERG -ни#AND;FOCUS
г#give -ана#AOR
зу#1sg.gen
хам#leather
туш#cop.NEG
лугь#say -уда#ENT
ашкъи#love -ди#OBL -н#GEN
лагь#say -ана#AOR
и#this
вири#all
и#this
вилаят#country -ди#OBL -з#DAT
ва#2sg -з#DAT
самур#"Samur"
ахпа#then
отдыхат#rest -из#INF
фронт#front.line
чун#1pl.abs
хъсан#good
хьа#happened -нава#PERF
ки#that
лугь#say -узва#IMPF -й#PTCP
мукьвад#relative
ч#know -ида#FUT -й#PTCP
икьван#so.much
лагь#say -ана#AOR
кь#catch -уна#AOC
дербент#Derbent.in -ди#OBL -з#DAT
гутун#attach -на#AOC
гъ#bring -ана#AOR
ккӏ#fight -ида#FUT
лугь#say -уда#ENT
лугь#say -уда#ENT
жи#1pl.gen
кан#dear -и#ERG -вил#.NESS -и#ERG -н#GEN
ча#1pl.gen -з#DAT
жив#snow
ийизватӏани#if.be
бес#but
ий#make -ида#FUT -й#PST
кӏвал#house
юлдаш#friend -ар#PL -и#OBL -к#SB -ай#EL
гьейет#yard -да#OBL -л#SP -NULL#ESS
кван#please.do
вуч#what -и#ERG -н#GEN
халу#uncle
руш#girl
ий#make -изва#IMPF
пачагь#king
станция#station -да#OBL -л#SP -NULL#ESS
эвер#call -ана#AOR
палкан#horse
за#1sg.ERG
агат#approach -из#INF
пачагь#king -ди#OBL -н#GEN
къалуртав#show -мир#PROH
вун#2sg.abs а#ERG
шеъ#thing
мад#more -ни#AND;FOCUS
кьил#chapter -е#OBL -л#SP -NULL#ESS
са#one
ида#be
лугь#say -уда#ENT
пачагь#king
за#1sg.ERG -з#DAT
за#1sg.ERG
негъе#evening
лугь#say -уда#ENT
ама#still.be,.remain
ван#voice
са#one
хъв#drink -ан#HORT
ф#go -ена#AOC
и#this
отношение#relationship
гьадисе#happening
жи#our
кӏвал#house -е#IN -NULL#ESS
балкӏан#horse -ди#OBL -н#GEN
вун#you
тир#was
балхун#balcony -да#IN -й#EL
жув#us а#ERG
гьеле-меле#every.time
граница#border. -ди#DIR -з#DAT
ну#well
за#1sg.ERG
къулухъ#after
кӏвал#house
ада#he
галукь#hit
немец#german.person -ар#PL -и#OBL -з#DAT
за#1sg.ERG -з#DAT
са#one
туш#cop.NEG
рикӏ#heart
и#this
фикир#thought
ф#go -ена#AOR
це#give
пачагь#king
са#one
лагь#say -ана#AOR
тамаш#look -на#AOC
лагь#say -ана#AOR
хир#is
и#this
са#one
кӏан#want -зава#IMPF
вич#himself -и#ERG -н#GEN
хт#return -ана#AOR
икӏа#like.this
къерех#side -ди#OBL -з#DAT
чи#1pl.gen
галаз#with
тухв#take -ана#AOC
эрмени#armenian -ди#OBL -хъ#PT -NULL#ESS
къач#buy -уна#AOR
къе#today
сувар#Holiday -и#OBL -л#SP -ай#EL
мама#mother
башламиш#start -да#ENT
са#one
он#ten
лугь#say -уда#ENT
чан#dear
кӏвалах#deed
лугь#say -уда#ENT
свас#wife
а#that
и#this
лугь#say -уда#ENT
дугъридан#really -ни#AND;FOCUS
цӏай#fire -и#OBL -н#GEN
са#one
ф#go -ида#FUT -й#PTCP -ла#TEMP
къул#fireplace -а#IN -NULL#ESS
и#this
югъ#day
рикӏ#heart
т#put -ада#ENT
ак#look на#you -ни#AND;FOCUS
сер#business -ди#OBL -з#DAT
кве#two
лагь#say -ана#AOR
куьтях#finish -на#AOR
къе#today
гъел#plough
за#1sg.ERG
лагь#say -ана#AOR
рахк#send -ана#AOR
г#give -ун#HORT
лугь#say -уда#ENT
чна#1pl.erg
кӏан.хьа#WANTED -нава#PERF -й#PST -ди#SBST
тост#toast -ар#PL
пачагь#king
ада#he -н#GEN
элкъв#turn.back -ена#AOC
лагь#say -ана#AOR
са#one
ф#go -ена#AOC
хъув#redo -уна#AOR
кӏан#want -зава#IMPF
г#give -ана#AOR
гъил#hand
лугь#say -уда#ENT
шуькӏуь#thin
ахпа#then
кван#please.do
шикил#picture
алат#pass -да#ENT
и#this
гужна#hardly
я#oh
я#cop -тӏа#COND
а#that
за#1sg.ERG
гада#boy
ина#here -й#PST
руш#girl
ина#here -ни#AND;FOCUS
сят#o'clock -ди#OBL -з#DAT
г#give -ана#AOR
хъсан#good
лугь#say -уда#ENT
лайих#worthy
пуд#three
мугьубат#love -ди#OBL -н#GEN
къари#old.woman
вилик#before
буба#father
лугь#say -уда#ENT
са#one
гъ#bring -ида#FUT
агъуз#down
чи#1pl.gen
ягъ#hit -ана#AOC
чан#dear
зу#my
лугь#say -уда#ENT
къалур#show
за#1sg.ERG
тфенг#guns
ф#go -ида#FUT -й#PTCP -вал#PURP
гьада#then
ви#2sg.gen
газет#newspaper -да#IN -NULL#ESS -ни#AND;FOCUS
за#1sg.ERG
гада#boy -ди#OBL -з#DAT -ни#AND;FOCUS
хьтин#like
башламиш#start -на#AOR
лугь#say -уда#ENT
г#give -уз#IMC
вуч#what
кард#falcon
лугь#say -уда#ENT
баки#Baku -ди#OBL -з#DAT
пек#cloth -ер#PL
пара#very
къач#buy -уна#AOR
вааар-девлет#riches
лугь#say -уда#ENT
ава#cop
чи#1pl.gen
зи#1sg.gen
гада#boy -ди#OBL -з#DAT
а#that
кицӏ#dog
ам#that
ф#go -ена#AOR
са#one
са#one
куьмек#help -да#FUT -тӏа#COND
гада#boy
лагь#say -ана#AOR
хвеши#happy
лагь#say -ана#AOR
ругь#soul
лугь#say -уда#ENT
алцурар#deceive -на#AOC
зи#1sg.gen
цӏуьлуь#small
стха#brother
вуч#what
стрелка#arrow
за#1sg.ERG
ханум#Ma'am
дуьнья#world -ди#OBL -н#GEN
гала#with -з#DAT
куьтях#finish -на#AOR
чун#1pl.abs
вич#himself -и#OBL -н#GEN
хабар#news
инсан#man
и#this
йис#year а#OBL -н#GEN
ибур#these -у#ERG
мад#more
за#1sg.ERG
уже#already
ягъ#hit -ада#FUT
диде#mother -ди#OBL -н#GEN
гила#now
ягъ#hit -ана#AOC
передовой#front.line -ди#OBL -з#DAT
г#give -анва#PERF
кут#put.under -ада#ENT
и#this
шагьдагъ#Shahdag -ди#OBL -н#GEN
шикил#picture -да#IN -NULL#ESS
буба#father
мад#more
кут#put.under -уна#AOC
къач#buy -уда#FUT -ч#NEG -ни#Q
урожай#harvest
гьич#never
рекь#way -е#IN -NULL#ESS
шумуд#more
аку#look.IMPV
лугь#say -уда#ENT
стха#brother -р#PL -и#OBL -хъ#PT -NULL#ESS
иер#beautiful
вефасуз#untrusted
вегь#throw -ена#AOC
пачагь#king -ди#OBL -н#GEN
ахъай#open -на#AOR
жи#our
ки#that
руш#girl
вуч#what
икьрар#agreement
са#one
ама#still.be,.remain
ат#come -ана#AOC
сад#one
я#either
и#this -м#ABS
анжах#only
са#one
къерех#side -ди#OBL -з#DAT
вуч#what -ун#HORT
хьа#happened -ана#AOR
лугь#say -уда#ENT
са#one
тӏвар#name -чи#OBL -з#DAT
цав#air -ар#PL -и#ERG -з#DAT
вегь#throw -ида#ENT
ахпа#After
за#1sg.ERG
туш#cop.NEG
кьвед#two лагь#say -й#PST
гъ#bring -ана#AOR
лугь#say -уда#ENT
гьам#that
на#you
хьа#happened -нава#PERF
дегьшет#disaster
и#this
хьа#happened нва#PERF
вичи#he -н#GEN
пачагь#king -ни#AND;FOCUS
вири#all
ийи#make -зава#IMPF
цвез#what.for
са#one
и#this
вич#himself -и#ERG -н#GEN
хьа#happened -нава#PERF
нефс#desire
лугь#say -уз#IMC
муаллим#teacher
за#1sg.ERG -з#DAT
са#one
акъат#appear -да#ENT
граница#border. -яр#PL
рикӏ#heart -е#OBL -л#SP -ай#EL
кь#catch -уна#AOC
я#cop -ни#AND;FOCUS
вилик#before
агъур#wave,wag -на#AOR
и#this
алцурар#deceive -да#ENT
амукь#stay,remain -на#AOR
кузнечик#grasshoppers -ар#PL
руш#girl а#OBL -к#SB -ай#EL
и#this
буба#grandfather -ди#OBL -з#DAT
пармак#hat -ни#AND;FOCUS
гаф#word
тар#tree а#IN -NULL#ESS
уъ#yes
пачагь#king
вун#2sg.abs
гьуьл#sea -уь#OBL -н#GEN
кӏвалах#deed
жаза#punishment
ф#go -ида#FUT -й#PTCP -вал#PURP
лагь#say -ана#AOR
ак#look -уна#AOC
ина#here
им#he
кьван#so.much
ават#fall
руш#girl
ма#you.know
тӏвек#hole
комиссоват#commmissurate -на#AOC
гьина#where -й#PST
ана#there
и#this
звериз-звериз#with.haste
гъваш#bring.IMPV
кичӏ#dog -и#OBL -з#DAT
гада#boy -ди#OBL -н#GEN
рази#agree
къеним.къалди#TODAY.TILL
аладар#long
буба#grandfather -ни#AND;FOCUS
икьван#so.much
са#one
кван#please.do
рук#forest а#OBL -н#GEN
фи#go -н#GEN
пепе#bug -яр#PL
шеир#poem
ам#it
кь#catch -уна#AOC
балкӏан#horse -да#OBL -л#SP -NULL#ESS
иер#beautiful -ди#DIR
ина#here -й#PST
кицӏ#dog
тӏвар-ван#famous
диде#mother -ди#OBL -з#DAT
за#1sg.ERG -з#DAT
са#one
чи#1pl.gen
х#be.born -адалди#POSTR
винел#on
ф#go -ида#ENT
хьа#happened -нава#PERF -тӏа#COND
гала#with -з#DAT
кхь#write -енва#PERF
руш#girl
ахпа#then
ам#it
киник#down
хуьр#village -уь#OBL -н#GEN
мейдан#town.square -да#OBL -л#SP -NULL#ESS
хъф#go.again,return -ена#AOR
лагь#say -ана#AOR
бели#yes