adj
Prep
clf
n
nprop
Prep
n
relpro
n QUEEN =3SG
vt TRULY
relpro
relpro
Prep
n
Conj
adv
vi =FRONTED.ELEMENT
adj
vt PAS.TR
Prep REPEATED.ACTION REPEATED.ACTION
prt
adj REDUPLICATION =3SG
n
Prep
Conj
adj
n
n PERSON.WHO.HAS....
quant
cop
Prep
adv
adv
adv
pro
pro
n
vt PAS.TR
vi TO.GO.TO....
vt REPEATEDLY =3SG
n
Prep
adv
n
adv
n NOMINALIZER NOMINALIZER
vt ACTIVE.VOICE
vt PAS.TR
Prep
vi TO.HAVE....
vt
adj
n
adj
n
n
vt PAS.TR
vi
adv
adv ABILITATIVE
pro
pro
adv
n
vi
nprop
n
adj
adv
v HAVING.THE.SAME HOW? MEASURE.NOMINALIZER
adj
vt =3SG
Prep
n
n
n =THE
distrnum
Prep TOWARD.(A.PERSON)
adj
n
Prep
vt PAS.TR =FRONTED.ELEMENT
vi =FRONTED.ELEMENT
vt
nprop
n
adv
Conj
n
nprop
relpro
cardnum
pro
pro
n PERSON.WHO.HAS....
n
n
pro
pro
vi
vt
nprop
vi
n
adv
Conj
Aux
adv
clf
Conj
vt ACTIVE.VOICE
dem
Prep
vt TO.DO....
n
pro
n
nprop
Adj
vt
n =2ND.PERSON
n
adv
vt INTENSIFIER
n
adv
Prep
n OBJECT.OF.VERB
nprop
Conj
n =3SG
adv
pro HOW?
vt TO.HAVE.... IMPERATIVE
Aux
adj
adv
vt ACTIVE.VOICE
pro
n =3SG
pro =3SG
relpro
adv
adj
n =1SG
n
existmrkr
clf
Prep
nprop
n QUEEN =THE
n OBJECT.OF.VERB
Conj
n
adv
adv
n
n
n GIRL
n =3SG
adj
Conj
vt CAN CAN
pro =3SG
vi
n PARENTS =THE
adj
dem
vi TO.DO....
adj
n
vt TRAN.PAS TRAN.PAS
vt PAS.TR
adv
existmrkr
pro
vt PAS.TR =3SG
n
pro
adv
n
pro
vi TO.HAVE.... RDP
vi
vt CAUSATIVE CAUSATIVE
vi
dem
Conj
vd ACTIVE.VOICE
pro
n
adv
n
dem
vi
vt DURATIVE? DURATIVE?
Prep
vt REPEATEDLY
n
adj
clf
vt PAS.TR
vt ACTIVE.VOICE POLITE.IMPERATIVE
vt ACTIVE.VOICE CAUSATIVE
quant
n
pro
pro
vt ABILITATIVE
n
n
nprop
dem
relpro
vi
adv
n
n
nprop BRU.DINAM
nprop
n PERSON.WHO...
vt
relpro
existmrkr
existmrkr
Conj
Prep
adv
vt PAS.TR
Prep
n
adj
vt CAN CAN
cardnum
n
adj
vi TO.HAVE.... COOPERATION
adj
pro =3SG
vi TO.HAVE.... RDP
adj
pro
Conj
adj
adv
adj
n =THE
n =THE
adv
Prep
n =THE
Prep TOWARD.(A.PERSON) =2ND.PERSON
vi TO.DO....
dem
adv
vt ACTIVE.VOICE
Conj
vi ABILITATIVE
Conj
n
adv
nprop
relpro
n
n
Prep
nprop
nprop
adv
n =THE
adv
vi
Prep
vt DURATIVE? DURATIVE?
n =3SG
nprop
vt
adj
n ONE
pro
adj
pro
Prep AS.IF
adj
dem
n
adv
adv
n OBJECT.OF.VERB
n
n NI.JAGAI
Prep
n
nprop
n
n
vt PAS.TR
adj
pro WHAT
adj
n EMPHASIS
clf
adj
adv =THE
vi =FRONTED.ELEMENT
adj
pro
vt TO.HAVE....
nprop
adv
Prep
n =3SG
Conj
relpro
adv
nprop
dem
Prep
nprop
Prep
adv
vi
adj
adj
nprop
vt CAUSATIVE CAUSATIVE
vt PASS.TR PASS.TR
n =3SG
dem
dem
Conj
vi TO.HAVE....
distrnum
n
n
adv
n
n
vt PAS.TR
relpro
pro
Conj IF
pro
Prep
v
n =1SG
Prep
Aux
v ACTIVE.VOICE
Conj
vt ACTIVE.VOICE
n
vi TO.DO....
vi
adv
vi
relpro
Prep
adv
vt PAS.TR
Conj
adj
n
relpro
adv
vi
relpro
n
vt PAS.TR IMPERATIVE =3SG
Prep AFTER
n ACTIVE.VOICE CAUSATIVE =3SG
vi
vt CAN CAN
vt PASS.TR PASS.TR =3SG
n
n NOMINALIZER TO.GO.DOWN NOMINALIZER
nprop
adv
vt ACTIVE.VOICE
vt ACTIVE.VOICE
vt INTENSIFIER INTENSIFIER
nprop BLANGKEJEREN
Conj
Conj
Prep
n
n
pro
vi TO.DO....
n
n
n
pro HOW?
adj
n NOMINALIZER NOMINALIZER
adv
vi TO.DO....
n
n
existmrkr
n
pro
n
n
n RDP
n
n
vt ACTIVE.VOICE
n
adj
vt
n
dem
pro
n OBJECT.OF.VERB
adj
vt ACTIVE.VOICE
adv
adj
adj
n
vt REDUPLICATION TO.CAUSE.TO.BE.A...
adj
vt TRAN.PAS TRAN.PAS
Conj
relpro
relpro
pro
pro
vi ABILITATIVE
n =3SG
clf
n NOMINALIZER NOMINALIZER
n
n OBJECT.OF.VERB
pro WHAT
clf
vi ABILITATIVE
pro
n =2ND.PERSON
Conj
vt CAUSATIVE CAUSATIVE
vt PAS.TR REPEATEDLY
nprop
vt BELIEVE,.TO
n
n OBJECT.OF.VERB
Conj
dem
Prep
vi
n PLURAL
n
adv
adj
adv
n
vi TO.HAVE....
Conj
dem
adv
adv
n
dem
Prep
Conj
Prep
n TO.GO.TO....
vt ACTIVE.VOICE
nprop
n
adj
n
Prep
Conj
cardnum
nprop PENGULU.MUDE
vt ACTIVE.VOICE DURATIVE?
adj
n
n PARENTS =THE
n
Prep
adj
vi
vi ABILITATIVE
relpro
vi ABILITATIVE
relpro
n OBJECT.OF.VERB
n =THE
pro =3SG
adj
Conj
n =3SG
Prep
n SOMETHING.ASSOCIATED.WITH...
Prep
Prep
dem
dem
pro
vt CAUSATIVE CAUSATIVE
clf
vi TO.HAVE....
relpro
n BOY
vi PLEASE.GO.AHEAD
n
n =2ND.PERSON
adj
Prep
n
Prep TOWARD.(A.PERSON)
Conj
Conj
vt TRANS =3SG
n
pro INTERROGATIVE
n
vi TO.HAVE....
dem
Prep
vi TO.HAVE.... RDP
vt TO.DO....
n
Conj
adv
dem
prt
n
adj
adj ONE.OF
n ATTRIBUTE
n =3SG
n =THE
Conj
adv
Prep
n =3SG
adv
vi =FRONTED.ELEMENT
nprop
n
adv
relpro
n =1SG
Conj
adj ONE.OF
n
Prep AFTER
n
clf
n
n
n =3SG
n ONE
dem
n
vt IMPERATIVE
adv
n
vt
Prep
vt ACTIVE.VOICE
n
n CRAFTSMAN
v
nprop
n
adj
adv
adv
n ONE
vt ACTIVE.VOICE
n
Prep
vi
cop
pro
Aux
n
vt ACTIVE.VOICE
pro
n
adv
pro
Prep
nprop PULAU.BIANG
n
n
n ONE
adv
vt
Prep
vt ACTIVE.VOICE DURATIVE?
n TO.BE.REGARDED.AS
pro
adj
quant
v
prt
Prep
n
n
pro HOW?
Prep
n =2ND.PERSON
Conj
Prep
adv
n
Conj
n
n
n ONE
relpro
n ONE
n
n
n
vt PAS.TR =3SG
n
vt CAUSATIVE CAUSATIVE =3SG
relpro
Prep
pro
vi
vi TO.GO.DOWN ACTIVE.VOICE TO.GO.DOWN
nprop
n
Prep
dem
relpro
n PROCESS.OF PROCESS.OF
vt ACTIVE.VOICE
v
vi
adv
n
dem
n
n
Prep
vi TO.BE....
adv
n
adv
nprop
vt
vt ACTIVE.VOICE
pro
n THE.ACT.OF.... THE.ACT.OF....
nprop
vt
n
pro
Prep
adv =THE
Conj
Prep
pro
adv
adv
n
Prep
n QUEEN
nprop
adv
n
vt IMPERATIVE
adv
relpro
adj
pro
Conj
relpro
n
vt
n HAVING.TO.DO.WITH... HAVING.TO.DO.WITH...
adv
n
adj
n PERSON.WHO.HAS....
n
pro
adv
adj
n HAVING.TO.DO.WITH... HAVING.TO.DO.WITH...
vt TO.DO
Prep
adj
Prep
pro
Conj
relpro
adj
n
n BOY
n
Prep
clf
adv
adv
vt ACTIVE.VOICE
relpro
n TO.GO.TO....
Prep
n
vt ACTIVE.VOICE
pro
nprop PULAU.BIANG
adv
adj
adv
n
n
n
vi ABILITATIVE TO.HAVE....
n =3SG
pro
pro
n
Prep
n
distrnum
n
adv
Prep TOWARD.(A.PERSON) =1SG
n
n
n =3SG
Prep
Conj
vt =3SG
Prep
n NOMINALIZER RECIPRICAL
existmrkr
vi TO.HAVE....
adv
n
n
Prep
vi ABILITATIVE
vt DURATIVE? DURATIVE?
Prep
vt
Prep
pro
n
vt PAS.TR =FRONTED.ELEMENT
vt TO.CAUSE.TO.BE.A...
prt
n
Prep
Prep AFTER
n OBJECT.OF.VERB
adj
cardnum
vt ACTIVE.VOICE =3SG
n
Conj
Conj
n =3SG
n
Prep
Prep TOWARD.(A.PERSON) =3SG
n =3SG
relpro
n
adv RDP
pro
adj
vt =3SG
n
Prep
quant
v ABILITATIVE TRANS
clf
nprop
adv
nprop
n =1SG
nprop
vt ACTIVE.VOICE
prt
vt ACTIVE.VOICE
adv
vt ACTIVE.VOICE
adv
n THE.WAY.OF... THE.WAY.OF... =THE
Prep
Prep
dem
n NOMINALIZER
n
adv
relpro
vt
adv AFTER
adv
n
n
vt
n
n RDP
dem
pro
pro
adv ONE RDP
adj =3SG
vi
adj
nprop
n
dem
n
n
Prep
nprop
pro
n
n
n
n PERSON.WHO.HAS....
adj
adv
n
n
relpro
Conj
n
vi TO.HAVE....
n
n ONE
n PERSON.WHO.DOES....
vi
Prep
Conj
relpro
nprop BRU.DINAM
vt
adj
n
vt
vi
vt REPEATEDLY TRANS
n OBJECT.OF.VERB
n
Prep
vt PASS.INTR PASS.INTR
ordnum ORDINAL
adv
relpro
n
Prep
relpro
vi TO.HAVE....
n
Prep
adv HAVING.THE.SAME
n
n
n
n
vi TO.HAVE....
adv
nprop
Conj
Prep
n
relpro
adv ONE =3SG
n
cardnum
pro
n
n PERSON.WHO.HAS....
n
Prep
nprop
vt REPEATEDLY
relpro
adv
adj
n OBJECT.OF.VERB
n ONE
n
nprop
n PERSON.WHO.HAS....
n =3SG
n
vt PAS.TR
Prep
vt
vi TO.HAVE.... HOUSEHOLD
dem
Prep
vt
vi
vi POLITE.IMPERATIVE
n BOY
pro
vt
existmrkr
distrnum
pro
n
dem
n
n
vt PAS.TR
adv
n
vi
adv
vt ACTIVE.VOICE
nprop
adv
vt PASSIVE PASSIVE
adj
nprop
vi =3SG
n THE.WAY.OF... ACTIVE.VOICE THE.WAY.OF... =2ND.PERSON
n PLURAL
adj
vt REPEATEDLY
n
pro WHAT
n
vt CAUSATIVE CAUSATIVE
adv
Prep
relpro
n
vt REPEATEDLY
adv
vt ACTIVE.VOICE
n
n
dem
relpro
vt PAS.TR
n
dem
vt ABILITATIVE
n
n
Aux
Prep
relpro
adv =3SG
vt ACTIVE.VOICE
pro
adv
dem
vt
relpro
vt ACTIVE.VOICE
adj
v
existmrkr
Conj
Prep
relpro
adj
vi TO.HAVE....
nprop
n
vi =FRONTED.ELEMENT
relpro
adj
vt TO.CAUSE.TO.BECOME... TO.CAUSE.TO.BECOME...
n
n
adv
Prep
vt =FRONTED.ELEMENT
pro
adj
Conj
dem
Prep
n REDUPLICATION
Prep
Conj
n
pro
vi ABILITATIVE TO.HAVE....
n ONE
adv
Prep
adv
nprop
n
existmrkr
n
Prep
Prep
n
dem
n
n MEASURE.NOMINALIZER
n CHARACTERSTIC.OF CHARACTERSTIC.OF
n
adj
relpro
nprop
vt ACTIVE.VOICE
Prep
pro =3SG
vt
Prep
vi
n
adj
n
n
adv
pro
existmrkr
adv
n
Conj
adj
vi
n ONE
n =3SG
pro
vt CAUSATIVE CAUSATIVE
adj
Conj
adv
adv
adj
adv
nprop
n
Prep
relpro
adj
relpro
n =3SG
cardnum
pro
pro
n GIRL
pro
n
n EACH
adv
n
n
Prep
n
vt PAS.TR
vt
vt
vi TO.HAVE....
adj
n NOMINALIZER NOMINALIZER
n =3SG
relpro
n ONE
pro
clf
relpro
pro
pro
relpro
adv
vi
vi
adv
n
n
n =THE
pro
dem
Conj
adv
clf
dem
vi TO.DO....
vt
cop
Prep
n =3SG
n
adj
vt
nprop BRU.DINAM
refl =2ND.PERSON
nprop BRU.DINAM
adj
n RDP
vt ACTIVE.VOICE
n
n GIRL
Prep
relpro
adv
adv
vi TO.DO....
adv
pro
vt
cop
vt TO.CARE.ABOUT
n
adv
v ABILITATIVE
adv RDP
Conj
relpro
n
vt ACTIVE.VOICE
Prep
adj
vt
adj
vt PAS.TR =3SG
pro
n
vt PAS.TR
n
Prep TOWARD.(A.PERSON)
adv AFTER
vt IMPERATIVE
Prep
n
adj
Conj
n
n =3SG
vt ACTIVE.VOICE
pro
relpro
Prep
adv
Prep
vt
n NOMINALIZER NOMINALIZER =THE
vt =FRONTED.ELEMENT
cop
n SUPERLATIVE SUPERLATIVE
adv
relpro
vt
Prep TOWARD.(A.PERSON)
pro
Prep
n
vt ACTIVE.VOICE CAUSATIVE
vt
nprop
relpro
vt ACTIVE.VOICE
adj
vt ACTIVE.VOICE
cardnum
vi
adv
vi
adv
vt CAUSATIVE CAUSATIVE
n
Prep
nprop
vt ACTIVE.VOICE
Conj
n
nprop
vt CAUSATIVE
adj
n HAVING.TO.DO.WITH... HAVING.TO.DO.WITH...
adv
pro
vt =3SG
n =3SG
n NOMINALIZER RECIPRICAL
n =3SG
vt
vt PASS.INTR PASS.INTR =3SG
vt TO.DO
adv
vt
vt PASSIVE PASSIVE
Conj
adj
existmrkr
n
n
n
adv
adj
n
nprop
Aux
relpro
n PARENTS
adv
adv
Prep
vt CAUSATIVE CAUSATIVE
n
Conj
n CHARACTERSTIC.OF CHARACTERSTIC.OF =3SG
Prep
Conj
n
clf
Prep
n
nprop
existmrkr
adv
Conj
n
relpro
n
distrnum
n
adv
n PARENTS =3SG
dem
adv
n
pro
relpro
vi =FRONTED.ELEMENT
existmrkr
n
n
n
n
Conj
nprop
relpro
n =3SG
vi
n
n =3SG
distrnum
Prep
Prep
n HAVING.TO.DO.WITH... HAVING.TO.DO.WITH...
adv
Prep
pro
n =3SG
vi
n
adj
Prep
vt REPEATEDLY
n BOY
pro
dem
vt
adj
clf
adj
nprop
pro
pro WHAT
adv
adv
vt
adv
adv
adv
nprop BRU.DINAM
n
adj
adv THERE
nprop
n =2ND.PERSON
adj
vt IMPERATIVE
n
vt PASS.INTR CAUSATIVE
n
n RDP
Prep
n =THE
Prep
n
vt ACTIVE.VOICE
n
n =1SG
adj
n
adv
Prep
n =3SG
n
vt ACTIVE.VOICE
Conj
n BOY
n
adv
adj
adv
Prep TOWARD.(A.PERSON)
relpro
Prep
n =THE
dem
vt CAUSATIVE CAUSATIVE
adj
n
Prep
vi TO.HAVE....
pro WHAT
adv
vi TO.DO....
n ONE
n
Conj
vi
nprop BRU.DINAM
n NOMINALIZER NOMINALIZER
adv
vi
adj
Prep
pro
v
Conj
adv
vi TO.HAVE....
vt
n =1SG
adj
Prep
Prep
relpro
vt TO.PAY.ATTENTION.TO
n CHARACTERSTIC.OF CHARACTERSTIC.OF
adj
Conj
pro
Prep
adv
adv
n PARENTS =THE
pro
n =THE
vt PAS.TR
n
pro WHAT
n =1SG
Conj
nprop
vt ACTIVE.VOICE
pro YOU.(FAMILIAR)
n
adv
vt PAS.TR
Prep
n
n
n
relpro
vi
n
relpro
pro
n HAVING.TO.DO.WITH... HAVING.TO.DO.WITH...
clf
pro
Prep
vt CAUSATIVE CAUSATIVE
Conj
adv
n
vt
vt REPEATEDLY TRANS
dem
vt PAS.TR
relpro
pro
n
Conj
n
dem
n ONE
relpro
vi
nprop
relpro
n ONE
n THE.PROCESS.OF
vt CAUSATIVE CAUSATIVE
Conj
n
n NOMINALIZER RECIPRICAL
adj
n REDUPLICATION PERSON.WHO...
adj
adv
n
pro
nprop
n
Prep
Prep
adv
Prep
n
n NOMINALIZER NOMINALIZER =3SG
adv
pro
n VARIETY VARIETY
Prep
n
relpro
Prep
vi
Prep
adj
dem
n
n
adv
pro
adv
Prep
vi TO.DO....
dem
adv
adj
adv
adj
n
clf
vt PAS.TR
adv
adv
n =3SG
existmrkr
Prep
cardnum EIGHTTEEN
vt ACTIVE.VOICE
n CHARACTERSTIC.OF CHARACTERSTIC.OF
n
adv AFTER
nprop
adv
n CHARACTERSTIC.OF CHARACTERSTIC.OF
n
relpro
n
vt ACTIVE.VOICE
n BOY
vi
vt REPEATEDLY
vi
adv
relpro
cardnum
vt ACTIVE.VOICE
vt ABILITATIVE
n
n
n
adj
Aux
n =THE
adj
Conj
n
Prep
n
n
n
pro
dem
vi TO.HAVE....
nprop
vi
n PERSON.WHO...
vt ACTIVE.VOICE
Conj
dem
n
n =2ND.PERSON
vt ACTIVE.VOICE =FRONTED.ELEMENT
relpro
vi
n NOMINALIZER NOMINALIZER
adv
Prep
Prep TOWARD.(A.PERSON)
Prep
relpro
adv
existmrkr
vt
n
vt TRANS CAUSATIVE TRANS
Conj
n NOMINALIZER NOMINALIZER =3SG
n
n RDP
pro
n
vt TO.DO....
n
adv
adv
adj
relpro
n
vt ACTIVE.VOICE
vt
n
nprop
vt ACTIVE.VOICE
vi TO.BE.... =3SG
adj
n
Conj
cop
adj
pro
prt
Prep =3SG
vt
vi TO.HAVE.... PLURAL
Conj
Prep
n =3SG
n
n
Prep
n
n BOY
vt TO.APPLY.....TO.THE.OBJECT TO.APPLY.....TO.THE.OBJECT
adv
n
Conj
Prep
n =THE
n VARIETY
adv
n
n HAVING.TO.DO.WITH... HAVING.TO.DO.WITH...
ordnum
dem
n
relpro
pro
existmrkr
pro =3SG
ordnum
n
Prep
adv
n
n OBJECT.OF.VERB
n
n CHARACTERSTIC.OF CHARACTERSTIC.OF
adj
Conj
adj
adj
adv
Aux
vt
adj
n
pro
clf
vi TO.HAVE....
n
vi
vt PASS.INTR DURATIVE?
Prep
adv
vt REPEATEDLY
vt ACTIVE.VOICE CAUSATIVE
existmrkr
vt TO.APPLY.....TO.THE.OBJECT TO.APPLY.....TO.THE.OBJECT
adj
n =3SG
adv
n
adv
vt REPEATEDLY
nprop ACEH.DARUSSALEM
n
adj
n
n RDP
existmrkr
adv
clf
vi TO.DO....
Prep TOWARD.(A.PERSON)
vi TO.BE....
vt ABILITATIVE
adv
adj
n
n
Prep
n =3SG
n =3SG
adj
n
vi
n
adv
n PARENTS
n PERSON.WHO.DOES....
n
existmrkr
adv
adj
Prep
dem
n
Prep
adv
vt ACTIVE.VOICE
n CHARACTERSTIC.OF CHARACTERSTIC.OF
Conj
vt IMPERATIVE
n
adj =THE
n
Prep
vt PASS.INTR PASS.INTR
n
Prep
n =3SG
n
pro
adv
n =3SG
Prep
nprop
adv
pro
n
n
n
Prep
vt PAS.TR
Conj
adv
n RDP
vt GIVE.X.TO
nprop
n PAST.TIME
Prep
nprop
adj
adv
pro WHAT
quant
Prep
adv
n
adj
vt TO.CAUSE.TO.BECOME... TO.CAUSE.TO.BECOME... =3SG
vt CAUSATIVE CAUSATIVE
vi
vi
adj
relpro
n PARENTS =3SG
n =3SG
n NOMINALIZER NOMINALIZER
n
vi TO.DO....
n
n
adv
Prep
adj
n
n
n
Conj
n
vt PAS.TR PASS.INTR
adj
n THE.ACT.OF.... THE.ACT.OF.... =3SG
Prep
vt
adj
vi
pro
vt PASS.INTR PASS.INTR
adj
vt
n
pro
vi TO.HAVE....
adv THERE
n
Prep
n
vt ACTIVE.VOICE IMPERATIVE
vt ACTIVE.VOICE
Conj
Conj
Conj
n =1SG
adv
adv
Conj
pro INTERROGATIVE
vi TO.HAVE....
Prep
pro
n
n
n
n
n
adv
n
n ONE RDP
adj
n =THE
nprop
adv
Prep
vt ACTIVE.VOICE =3SG
clf
relpro
pro
n
n
n THE.ACT.OF.... THE.ACT.OF....
Prep
adv
vt PAS.TR
pro
pro
vt PAS.TR
Conj
Conj
vi
pro
adv
n
Prep
n
adv
vi TO.HAVE....
Prep
n
n
vt
n =THE
vi TO.HAVE....
Prep
adv
n =THE
adv
n
vt
adv
vi TO.GO.TO....
vt ACTIVE.VOICE
Conj
Prep
Prep
adj
adv
pro
adj
vi
vt
Prep
relpro
vi =3SG
adv
vi
vi EMPHASIS
nprop
n
n PURSE
n
n
adv
n
adv
Conj
dem
v
vi
n
Prep
Prep
pro
pro =2ND.PERSON
n PARENTS =3SG
vt
n
vi EMPHASIS
pro
n
n =3SG
nprop
n =3SG
vt TO.DO....
adj
cardnum
vi
nprop
vt RDP REPEATEDLY
adv
Prep
prt
Prep
adv
adv
vt GIVE.X.TO =3SG
n
vt CAUSATIVE CAUSATIVE
relpro
Prep
Prep
relpro
Conj
n
n
n =1SG
vt ABILITATIVE
dem
n
Prep
n
Conj
Prep
adv
pro
pro
Conj
refl =2ND.PERSON
vt
Prep
v
relpro
Prep
adj
Prep
adv
vi TO.GO.DOWN =FRONTED.ELEMENT
vt ACTIVE.VOICE