pí#just
pí#just
ponola#cotton
-ka̱#COMP:DS
siy-#I:AM assano#grow.up
alla#child
hikma̱#and:then
okla#people
apíla#help,.assist. -h#TNS
a#be -ttók#REM.PAST
pí#just
okl#plural í-#1PI
hi#be
sa-#1SII
a̱tta#live
pa#here,.this -aki̱li#OWN -h#TNS
sipokni#old
ishit#ins
ish-#YOU
-ka̱#COMP:DS
lokka#clothes
hoyo#look.for
kíyo#no
imma#towards
-ak#LOC
i̱-#III ki#father -t#SUBJECT:MARKER
okla#people
okla#people
sa-#1SII bíshakni#nose
il-#1PI
bokko#mound
am#1sIII
okla#people
toklo#be:two
yohmi#do.so,.to.happen -h#TNS
-kat#COMP:SS
ish-#YOU
am#1sIII
alhto#enter.(of.two)
a̱#1sIII ki#father
yohmi#do.so,.to.happen -h#TNS
-akósh#CON:NOM
mómah#still
ninak#night
pí#just
tík#female
o̱t#go:and
aba.talóli#STORE
-ma#THAT
iskitíni#little
okla#people
ik-#N
ná#something
pí#just
sa-#1SII nakfish#younger:sib
yohmi#do.so,.to.happen
ik-#N
í-#1PI
yohmi#do.so,.to.happen
ish-#YOU
pí#just
-ka̱#COMP:DS
yohmi#do.so,.to.happen
chi̱#2sIII
-ka̱#COMP:DS
il-#1PI
bók.chito#BOGUE.CHITTO
-ato#NOM2
oka#water
í-#1PI
ná#something
ahwa#think.(perhaps),.to.reckon -h#TNS -o̱#Q
ish-#YOU
o̱t#go:and
ho̱kli#hold.
-ma#THAT -k#LOC
kíyo#no
isht#ins
yohmi#do.so,.to.happen
holisso.ápisa#SCHOOL
áchih#say.
haklo#hear,.listen
-ma#THAT
yohmi#do.so,.to.happen
tahli#finish.
hapim-#1MPIII
-bíka#USED:TO -tok#PST
hikma̱#and:then
il-#1PI
-ho̱#PART:DS
sann#I:want -o#NEG -tok#PST
ilhkóli#go.(of.three.or.more). -kmat#IRR:SS
ásh#prev
am#1sIII
-ma#THAT
kaníya#go.away -li#1SI -ttók#REM.PAST
sa-#1SII tóhno#hire. -cha#SS
a̱tta#exist.(of.one) -li#1SI -h#TNS
kanimma#somewhere
fíhnah#very
isht#ins
fokka#dress
-ma#THAT
fokáli#approximately -tok#PST
áchih#say.
il-#1PI
mano#that:one
nokha̱klo#be:sad
ish-#YOU
-ma#THAT
kanimma#somewhere
kanimma#somewhere
ittanówa#walk.together -h#TNS
panóla#cotton
o̱t#go:and
a#be
pí#just
am#1sIII
il-#1PI
-ma#THAT -k#LOC
okla#people
ittanówa#walk.together -h#TNS
to̱ksali#work. -t#PART
áchi#say -l#1SI -áchi̱#IRR -h#TNS
ish-#YOU
ayi̱na#too,.also
okla#people
alla#child
mihch#do -ína#CAN -h#TNS
pila#send -ttók#REM.PAST
-ma#THAT
a#be -ttók#REM.PAST
yohmi#do.so,.to.happen
tana#weave
hach-#2PII ishki#mother
a̱h#yes
-ano#ACC:TOP
chokka#house
hi#be -hma̱#WHEN
ilhkóho̱li#go.(of.three.or.more). -h#TNS
kiyo#no
nittak#day
alhíha#group
kaniyah#probably
-ako̱#CON:AC
am#1sIII
ish-#YOU
pí#just
-ka̱#COMP:DS
ittanówa#walk.together -h#TNS
hi#be
-m#DEM -ato#NOM2
okmanána#WHATEVER.KIND.OF
ápitta#put.(more.than.one.thing).in. -h#TNS
pí#just
a̱h#yes
iti#wood
ha̱klo#understand
-ho̱#PART:DS
okla#people
-ato#NOM2
ish-#YOU
a̱tta#exist.(of.one) -li#1SI -h#TNS
másh#that.one
-ano#ACC:TOP
ka̱chi#really
pí#just
chohmi#kind:of
a̱ya#be:here -li#1SI -h#TNS
pí#just
kíyo#no
ish-#YOU
kiyo#no
-ka̱#COMP:DS
homma#red
ikbi#maker
-ma#THAT
fokáli#almost
-ma#THAT -k#LOC
-ma#THAT
i̱-#III hi̱li#stand:du -h#TNS
ikka̱na#understand,.to.know
okla#people
oka#water
ná#something
a#be
illi#die.
nánakma̱#anything
ná#something
pí#just
a̱ya#be:here -li#1SI -h#TNS
-ma#THAT
hikmat#and:then:ss
okla#people
il-#1PI
ish-#YOU
il-#1PI
hi#be
a#be
-ma#THAT
-ya̱#ACC
isht#ins
il-#1PI
hi#be -hma̱#WHEN
illa#only
ahi#sweet.potato
afammi#year
yohmi#do.so,.to.happen
-ma#THAT
o̱t#go:and
mitaffi#make.bleed
-ma#THAT
ani#pour.in -t#PART
am#1sIII
has-#2PI sam-#1SIII
-ho̱#PART:DS
-ma#THAT
-ma#THAT
iti#wood
ikbi#maker
okl#plural í-#1PI
a̱#1sIII ki#father
pí#just
a̱#1sIII ki#father
-akósh#CON:NOM
ohóyo#woman
ish-#YOU
anno̱pa#word
ilhkóli#go.(of.three.or.more). -tok#PST
ikka̱na#understand,.to.know
afammi#year
okl#plural í-#1PI
hi#be
il-#1PI
hikma̱#and:then
il-#1PI
hikma̱#and:then
-m#DEM -ato#NOM2
hokchi#plant. -h#TNS
yohmi#do.so,.to.happen -h#TNS
am#1sIII
hi#be -hma̱#WHEN
í-#1PI
bash#cut.(with.a.knife,.broken.glass). -t#PART
shikalla#bead
-ma#THAT
alla#child
-ma#THAT
chá#ss
-ako̱#CON:AC
pí#just
-ak#LOC
ná#something
okla#people
nátah#what?
-akíni#INDEED -tok#PST -ósh#SS
-ya̱#ACC
ishki#mother
il-#1PI
isht#ins
kiyo#no -kásh#COMP:PREV
nán#something
holisso.ápisa#SCHOOL
alla#child
il-#1PI
pí#just
hóyo#look.for -h#TNS
yohmi#do.so,.to.happen -h#TNS
o̱t#go:and
-ako̱#CON:AC
-ano#ACC:TOP
foli#switch
pí#just
yakohmi#like:this
a#be -ttók#REM.PAST
áchi#say -tok#PST
okla#people
okla#people
ninak#night
-bíka#USED:TO -tok#PST
basówa#be:striped -chi#CAUS -t#PART
fokkáli#be:about -ka̱#COMP:DS
-bíka#USED:TO -tok#PST
ikkaná#learn -li#1SI -h#TNS
fokka#dress
fokkáli#be:about -ka̱#COMP:DS
ishit#ins
hachim-#2PIII
iyá#go -li#1SI -tok#PST -ósh#CONTRASTIVE:NOMINATIVE
apíla#help,.assist.
tahli#finish.
okla#people
ásha#reside.(plural.subject) -hma̱#WHEN
a#be -ttók#REM.PAST
í-#1PI
í-#1PI
-ka̱#COMP:DS
imma#towards
ahwa#think.(perhaps),.to.reckon -h#TNS
ishit#ins
áchih#say.
am#1sIII
iti#wood
il-#1PI
ishit#ins
illa#only
chito#be:big,.large
ná#something
okla#people
a̱ya#be:here -li#1SI -h#TNS
o̱t#go:and
si̱ti#snake
-bíka#USED:TO -tok#PST
-ano#ACC:TOP
alla#child
hálla#hold -t#PART
okl#plural í-#1PI
kiyo#no
yakni#land
iláp#self
áchih#say.
báno#altogether
-ato#NOM2
-ma#THAT
ona#arrive:there -li#1SI -kmat#IRR:SS
pí#just
-ak#LOC
a̱ya#be:here -li#1SI -h#TNS
-ma#THAT
ohóyo#woman
il-#1PI
sa-#1SII
másh#that.one
ohóyo#woman
táhat.iya#DISAPPEAR -h#TNS
sa-#1SII
í-#1PI
am#1sIII
pí#just
-ano#ACC:TOP
nán#something
áchih#say.
katohmih#how:many
taposhshik#basket
okla#people
másh#that.one
nánakma̱#anything
-ato#NOM2
ná#something
-ma#THAT
-ma#THAT
-bíka#USED:TO -tok#PST -o̱#Q
sa-#1SII
kiyo#no
kiyo#no
-ka̱#COMP:DS
kiyo#no
alla#child
shikalla#bead
yakni#land
hi#be -hma̱#WHEN
il-#1PI
afammi#year
hikma̱#and:then
yohmi#do.so,.to.happen
a̱#1sIII ki#father
ná#something
alla#child
-ato#NOM2
to̱ksali#work. -t#PART
a̱shwa#exist.(of.two)
nátah#what?
-ka̱#COMP:DS
toklo#be:two
taposhshik#basket
nátah#what? -o̱#Q
malhlhih#indeed
ahi#sweet.potato
ásh#prev
alhíha#group
isht#ins
okla#people
illi#die.
hi#be -hma̱#WHEN
chishki#your:mother
am#1sIII
shikalla#bead
a̱lhi#be:real
sa-#1SII
-ka̱#COMP:DS
il-#1PI
pa#here,.this -ako̱#CON:AC
okl#plural í-#1PI
hóka̱#emph
alhíha#group -t#PART
yohmi#do.so,.to.happen -h#TNS
hóyo#look.for -h#TNS
pí#just
pí#just
í-#1PI
-m#DEM -ato#NOM2
okmanána#WHATEVER.KIND.OF
isht#ins
kiyo#no
-ato#NOM2
ninak#night
ka̱ha#lying:down
ásh#prev
il-#1PI
katash#who
-ato#NOM2
il-#1PI
noshkobo#head
-ato#NOM2
hachim-#2PIII
iti#wood
í-#1PI
-ano#ACC:TOP
áchih#say.
issa#stop -ttók#REM.PAST
hikmat#and:then:ss
okla#people
il-#1PI
am#1sIII
ná#something
iksho#not:exist -h#TNS
alhto#enter.(of.two)
ásh#prev
abohlih#woods
-ma#THAT
katohmih#how:many
ano̱poli#speak,.say,.talk -h#TNS
am#1sIII
-ma#THAT
oshta#four -kma̱#IRR:DS
ish-#YOU
ittiwáya#marry -hmat#WHEN
o̱t#go:and
-ma#THAT
to̱ksali#work. -ttók#REM.PAST
illi#die.
o̱t#go:and
il-#1PI
siy-#1SII á#be -h#TNS
tahli#finish. -li#1SI -ttók#REM.PAST
aha̱chi#say:hn.gr
ano̱polí#speak,.say,.talk -l#1SI -áchi̱#IRR -h#TNS
a̱h#yes
yakni#land
ish-#YOU
pí#just
o̱t#go:and
pí#just
okl#plural í-#1PI
ikkaná#learn -li#1SI -h#TNS
hi#be
oshi#son
wáya#peanuts
aha̱tta#stay,.live.(someplace) -li#1SI
pí#just
am#1sIII
a#be
nátah#what?
sanna#I:want
am#1sIII
am#1sIII
-chámo#LONG:AGO
a̱shwa#exist.(of.two)
ná#something
a̱tta#exist.(of.one) -li#1SI -h#TNS
hi#be -hma̱#WHEN
katak#where
ilhkóli#go.(of.three.or.more). -hma̱#WHEN
í-#1PI
másh#that.one
-ato#NOM2
okl#plural í-#1PI
shokshi#watermelon
koloffi#cut
ná#something
ála#arrive:y.gr -li#1SI -h#TNS
sa-#1SII
yohmi#do.so,.to.happen -h#TNS
il-#1PI
pí#just
-ato#NOM2
yakni#land
holisso#letter
oklil#we
-ma#THAT
iskitíni#little
hokchi#plant. -h#TNS
ná#something
o̱t#go:and
takla#near.to
í-#1PI
kiyo#no
á-#LOC mi̱ti#come -li#1SI
a̱lhi#be:real
o̱t#go:and
-ma#THAT -k#LOC
másh#that.one
pí#just
yohmi#do.so,.to.happen -h#TNS
í-#1PI
okla#people
ittanówa#walk.together -h#TNS
okl#plural í-#1PI
-ka̱#COMP:DS
o̱t#go:and
okla#people
pa#here,.this -ako̱#CON:AC
hi#be -hma̱#WHEN
hi#be
yohmi#do.so,.to.happen -h#TNS
ish-#YOU
yakni#land
si̱ti#snake
hachi-#2PII
si̱ti#snake
pí#just
a̱ya#be:here -li#1SI -h#TNS
pishno#we -áki̱#OWN -t#PART
taha#finally
-ma#THAT
okma̱#and:then
-ma#THAT
ná#something
am#1sIII
í-#1PI
ikka̱na#understand,.to.know -li#1SI -h#TNS
ish-#YOU
il-#1PI
ikka̱na#understand,.to.know -li#1SI -h#TNS
o̱t#go:and
ninak#night
tohchína#be:three
tana#weave
pilla#distance
pila#throw. -hma̱#WHEN
pí#just
kaníya#really -ttók#REM.PAST
ála#arrive.(here) -hma̱#WHEN
koni.hata#Conehatta
-ma#THAT
taha#finally
sa-#1SII
makah#say.
másh#that.one
katash#who
fokáli#approximately -tok#PST
yohmi#do.so,.to.happen
-ma#THAT -k#LOC
isht#ins
il-#1PI
to̱ksali#work. -t#PART
-bíka#USED:TO -tok#PST
nátah#what? -o̱#Q
fokka#enter -ttók#REM.PAST
a#be
-ma#THAT
nátah#what?
ásh#prev
yohmi#do.so,.to.happen -h#TNS
-akósh#CON:NOM
pí#just
ola#far:off
okla#people
okla#people
ish-#YOU
hálla#hold -t#PART
yohmi#do.so,.to.happen -h#TNS
ish-#YOU
hi#be -hma̱#WHEN
hóka̱#emph
toffa#summer
hóyo#look.for -hma̱#WHEN
okl#plural í-#1PI
okla#people
nátah#what?
-ma#THAT
ohóyo#woman
a̱#1sIII ki#father
nittak#day
pí#just
katímina#why,.how.come
sanna#I:want
il-#1PI
sa-#1SII
okl#plural í-#1PI
í-#1PI
hachi-#2PII
sa-#1SII
-ato#NOM2
il-#1PI
yohmi#do.so,.to.happen
holisso.ápisa#SCHOOL
iya#go
ilhkóli#go.(of.three.or.more).
ish-#YOU
átokás#because.of
bacha̱ya#be:in.a.row
nána.hollokchi#GARDEN
anno̱pa#word
okma̱#and:then
ka̱ha#lying:down
okla#people
oná#arrive:there -li#1SI -ttók#REM.PAST
kíyo#no
ish-#YOU
oshi#son
-ma#THAT
ish-#YOU
il-#1PI
ato̱bbi#pay. -hma̱#WHEN
hasháyachi#cause.to.sulk
á#say -h#TNS -ókakósh#BUT:SS
ná#something
hannáli#six -h#TNS
-bíka#USED:TO -tok#PST
shohbi#last.all.day
ish-#YOU
ishki#mother -t#PART
-ma#THAT -k#LOC
yohmi#do.so,.to.happen
oka#water
isht#ins
okla#people
a̱lhi#be:real
iya#go
hikmat#and:then:ss
chá#ss
-ako̱#CON:AC
okla#people
ish-#YOU
hikma̱#and:then
í-#1PI
illi#die.
kaníya#really -ttók#REM.PAST
-ma#THAT
mano#that:one
yohmi#do.so,.to.happen -h#TNS
hóyo#look.for -hma̱#WHEN
ish-#YOU
-ka̱#COMP:DS
ish-#YOU
ish-#YOU
-ka̱#COMP:DS
iti#wood
-kat#COMP:SS
ishit#ins
ak-#1SN
chohmi#kind:of
ná#something
ásh#prev
pí#just
illi#die.
ná#something
ka̱chi#really
isht#ins
toklo#be:two
-ma#THAT -k#LOC
ik-#N
nátah#what?
ayyówah#pick.up.(off.the.ground).
to̱ksali#work. -t#PART
yohmi#do.so,.to.happen -h#TNS
mómah#still
ohóyo#woman
isht#ins
okl#plural í-#1PI
-ma#THAT
yimmih#believe
iksho#zero
achonnáchi#work.hard.at -ttók#REM.PAST
imma#towards
ish-#YOU
chá#ss
il-#1PI
-ka̱#COMP:DS
hikma̱#and:then
o̱t#go:and
ish-#YOU
a#be -ttók#REM.PAST
-ma#THAT -k#LOC
iksho#zero
táha#complete -ttók#REM.PAST
isht#ins
a̱shwa#exist.(of.two)
-ano#ACC:TOP
-ma#THAT
-m#DEM -ato#NOM2
okl#plural í-#1PI
-ma#THAT
to̱ksalí#work. -chi#CAUS -h#TNS
nátah#what?
il-#1PI
hi#be -hma̱#WHEN
okattola#fall:into:water -ttók#REM.PAST
nánoka#say:something
ná#something
-kat#COMP:SS
am#1sIII
iya#go
hach-#2PII ishki#mother
-ako̱#CON:AC
yohmi#do.so,.to.happen
hihmat#and:then:ss
a̱ya#be:here -li#1SI -ttók#REM.PAST
fokka#enter -ttók#REM.PAST
-tok#PST -cha#UNSURE
sa-#1SII shki#mother
yohmi#do.so,.to.happen
-hátoko̱#BECAUSE:DS
ilhkóho̱li#go.(of.three.or.more). -h#TNS
o̱t#go:and
chito#be:big,.large
chá#ss
nán#something
ná#something
issa#quit -tok#PST
í-#1PI
pí#just
pí#just
hi#be
ná#something
-ato#NOM2
yohmi#do.so,.to.happen
il-#1PI
kaníya#really -ttók#REM.PAST
ná#something
hi#be
áy-#LOC ikhaná#learn -li#1SI
alla#child
yohmi#do.so,.to.happen
bilásapi#sugarcane
ná#something
-kat#COMP:SS
okla#people
-m#DEM -ato#NOM2
il-#1PI
yohmi#do.so,.to.happen
hi#be -hma̱#WHEN
malhlhih#indeed
a#be -ttók#REM.PAST
-ma#THAT -k#LOC
ít#toward
-ma#THAT
il-#1PI
ikbi#maker
ná#something
chá#ss
yohmi#do.so,.to.happen -h#TNS
kiyo#no -kásh#COMP:PREV
abohlih#woods
hokchi#plant. -h#TNS
nanih#hill
okmanána#WHATEVER.KIND.OF
kiyo#no
fokka#dress
hapi#salt
-ma#THAT
-m#DEM -ato#NOM2
í-#1PI
o̱t#go:and
yakni#land
o̱t#go:and
o̱t#go:and
nátah#what?
yohmi#do.so,.to.happen -h#TNS
il-#1PI
am#1sIII
an#I -akínih#INDEED
kiyo#no
pí#just
okla#people
chá#ss
sa-#1SII
okl#plural í-#1PI
sa-#1SII
yohmi#do.so,.to.happen -h#TNS
pí#just
fokáli#approximately -h#TNS
il-#1PI
il-#1PI
ná#something
kiyo#no
achaffa#one
okl#plural í-#1PI
okla#people
yohmi#do.so,.to.happen
hi#be -hma̱#WHEN
áchih#say.
ahwa#think.(perhaps),.to.reckon -h#TNS
apísa̱chi#watch
-ho̱#PART:DS
íy#go -o#NEG -ttók#REM.PAST
-ma#THAT -k#LOC
-ato#NOM2
kapassa#be:cold
ikka̱na#understand,.to.know
-ka̱#COMP:DS
hi#be
-ma#THAT
ik-#N
o̱t#go:and
am#1sIII
il-#1PI
tana#string -h#TNS
panóla#cotton
hasháyachi#cause.to.sulk
-ato#NOM2
pí#just
pí#just
iya#go
foha#retire -ttók#REM.PAST -o̱#Q
í-#1PI
hikmat#and:then:ss
í-#1PI
am#1sIII
-kat#COMP:SS
-m#DEM -ato#NOM2
il-#1PI
-hátoko̱#BECAUSE:DS
shahwa#bush
ibbak#hand
-ano#ACC:TOP
-ma#THAT
okla#people
ik-#N
ahóch#find. -ahí#IRR2
alla#child
lokka#clothes
-bíka#USED:TO -tok#PST
alla#child
a#be
o̱t#go:and
-kat#COMP:SS
í-#1PI
kanómi#be:some:amount -kma̱#IRR:DS
kiyo#no
issa#close -hma̱#WHEN
pí#just
tahli#finish. -li#1SI -ttók#REM.PAST
-ma#THAT -k#LOC
sa-#1SII
-ma#THAT
kiyo#no
o̱t#go:and
il-#1PI
ná#something
to̱ksali#work. -sh#PART:SS
hollokchi#a:plant
-ma#THAT
chíkosi.alhlhi.ka̱#FOR.A.LITTLE.WHILE
-ma#THAT
illi#die.
taná#weave -li#1SI -h#TNS
ittika̱chi#be:separated.(as.a.man.and.wife). -ttók#REM.PAST
-ato#NOM2
oklil#we
il-#1PI
sha̱hli#do:always
ilhkóli#go.(of.three.or.more). -tok#PST
-ka̱#COMP:DS
il-#1PI
shokshi#watermelon
a#be -ttók#REM.PAST
ná#something
pí#just
hi#be -hma̱#WHEN
pí#just
iti#wood
pí#just
achokma#good -ána#POT
fokkáli#be:about -ka̱#COMP:DS
okl#plural í-#1PI
ittika̱chi#be:separated.(as.a.man.and.wife). -ttók#REM.PAST
-ak#LOC
chá#ss
mo̱m#still -áchi̱#IRR -h#TNS
-ka̱#COMP:DS
mano#that:one
pí#just
o̱t#go:and
-ma#THAT
ásh#prev
taha#finally
siy-#1SII á#be -h#TNS
í-#1PI
a̱tta#exist.(of.one) -li#1SI -h#TNS
iyá#go -li#1SI -tok#PST -ósh#CONTRASTIVE:NOMINATIVE
okl#plural í-#1PI
hapi#salt
ish-#YOU
ná.chinni#WHADDYACALLIT
mishsha#two.time.periods.before.or.after
hi#be -hma̱#WHEN
másh#that.one
pí#just
panóla#cotton
-ka̱#COMP:DS
kiyo#no
okmanána#WHATEVER.KIND.OF
-ka̱#COMP:DS
yohmi#do.so,.to.happen -h#TNS
a̱#1sIII ki#father
okl#plural í-#1PI
palammi#hardship
aba.talóli#STORE
pí#just
pí#just
nittak#day
okla#people
holisso#letter
-ma#THAT -k#LOC
mitaffi#make.bleed
-ma#THAT
ilhkóli#go.(of.three.or.more). -hmat#WHEN
okla#people
chim#2sIII
okla#people
okl#plural í-#1PI
mano#that:one
á#say -h#TNS -ókakósh#BUT:SS
alhíha#group
a̱lhi#be:real
ohóyo#woman
am#1sIII
-ma#THAT
-ma#THAT
ho̱kli#hold.
il-#1PI
hikma̱#and:then
ayyówah#pick.up.(off.the.ground).
-ka̱#COMP:DS
o̱t#go:and
okl#plural í-#1PI
am#1sIII
okla#people
-ho̱#PART:DS
ilahbi#pretend,.make.believe.
-ma#THAT -k#LOC
o̱t#go:and
kiyo#no
taposhshik#basket
-ak#LOC
katohmih#how:many
okl#plural í-#1PI
-ak#LOC
-ma#THAT
iya#go
o̱t#go:and
pí#just
il-#1PI
pí#just
-ma#THAT -k#LOC
chi̱#2sIII
ná#something
íshi#get -hma̱#WHEN
-ma#THAT
áy-#LOC atahli#finish -h#TNS
o̱t#go:and
ilhkóli#go.(of.three.or.more). -hmat#WHEN
chishki#your:mother
-m#DEM -ato#NOM2
a#be
ikbi#maker
ohóyo#woman
ik-#N
am#1sIII
ona#arrive:there
ninak#night
ish-#YOU
ish-#YOU
o̱t#go:and
hi#be
il-#1PI
okla#people
ish-#YOU
yakni#land
il-#1PI
iya#begin:to -t#PART
chokka#house
i̱-#III ki#father
ish-#YOU
a̱tta#exist.(of.one) -li#1SI -h#TNS
ishit#ins
okpolo#be:bad
okl#plural í-#1PI
cho̱pa#buy.
il-#1PI
-kat#COMP:SS
ilahbi#pretend,.make.believe.
ikka̱na#understand,.to.know -li#1SI -h#TNS
a̱ya#be:here
okla#people
ná#something
sa-#1SII
áchih#say.
okl#plural í-#1PI
chá#ss
yakni#land
am#1sIII
hi#be -hma̱#WHEN
a̱tta#exist.(of.one) -li#1SI -h#TNS
ná#something
il-#1PI
tahli#finish. -ttók#REM.PAST
kíyo#no
pí#just
a̱ya#be:here -li#1SI -ttók#REM.PAST
ná#something
nonáchi#bake,.cook
haklo#hear,.listen
-ma#THAT
-ma#THAT -k#LOC
-kat#COMP:SS
okla#people
o̱t#go:and
táha#be:finished -hma̱#WHEN
shikalla#bead
ish-#YOU
illa#only
ná#something
il-#1PI
yohmi#do.so,.to.happen -h#TNS
bók.chito#BOGUE.CHITTO
panóla#cotton
-ak#LOC
ani#pour.in -t#PART
katimma#which -k#LOC
a̱tta#exist.(of.one) -tok#PST
nán#something
ish-#YOU
ish-#YOU
-ka̱#COMP:DS
yohmi#do.so,.to.happen -h#TNS
tahli#finish.
sa-#1SII
oná#arrive:there -li#1SI -ttók#REM.PAST
-ak#LOC
-ma#THAT
í-#1PI
atta#stay,.live.(someplace) -ttók#REM.PAST -o̱#Q
okla#people
mihch#do -ína#CAN -h#TNS
illa#only
wishakchi#tip
akkíya#go:down -t#PART
okla#people
okla#people
-ya̱#ACC
ná#something
ná#something
okl#plural í-#1PI
to̱ksali#work. -t#PART
-hátoko̱#BECAUSE:DS
yohmi#do.so,.to.happen
afammi#year
ish-#YOU
-ato#NOM2
himáka̱#now
pí#just
illi#die.
chokka#house
áchih#say.
-kat#COMP:SS
tahli#finish. -li#1SI -h#TNS
-ho̱#PART:DS
shippa#evaporate
okla#people
hi#be -hma̱#WHEN
fokka.lo̱bo#SHIRT
il-#1PI
okla#people
ná#something
-ka̱#COMP:DS
yohmi#do.so,.to.happen
toba#become
-ma#THAT
kiyo#no
nittak#day
illa#only
sanna#I:want
chishba#unsure
áchih#say.
panóla#cotton
hachi-#2PII
pí#just
il-#1PI
másh#that.one
afammi#year
-ato#NOM2
aha̱tta#stay,.live.(someplace) -li#1SI
yohmi#do.so,.to.happen
bacháli#put.(one).in.a.row -h#TNS
iti#wood
iko̱la#neck
il-#1PI
-ato#NOM2
o̱t#go:and
nátah#what?
-ma#THAT -k#LOC
a̱h#yes
hóyo#look.for
oklil#we
chá#ss
ayówa#pick.up.(off.the.ground). -li#1SI -ttók#REM.PAST
-ma#THAT
basówa#be:striped -chi#CAUS -t#PART
ish-#YOU
il-#1PI
a̱#1sIII ki#father
fokkáli#be:about
nátah#what?
okla#people
-ako̱#CON:AC
a̱#1sIII ki#father
abóha#room
i̱-#III cha̱li#chop -h#TNS
nán#something
himo#right:now
okla#people
áta̱pa#be:more:than -tok#PST
-m#DEM -ato#NOM2
il-#1PI
il-#1PI
íshi#get
-ano#ACC:TOP
il-#1PI
ish-#YOU
-ma#THAT
ka̱ha#lying:down
-ak#LOC
kiyo#no
achokma#good -ána#POT
afammi#year
il-#1PI
okla#people
chohmi#kind:of -ttók#REM.PAST
kiyo#no
il-#1PI
okla#people
óna#arrive:there -hma̱#WHEN
okl#plural í-#1PI
imma#towards
hi#be
afammi#year
takkon#peach
il-#1PI
nátah#what?
il-#1PI
o̱t#go:and
i̱-#III ki#father
hi#be
shohbi#last.all.day
kapassa#be:cold
ano̱poli#speak,.say,.talk -h#TNS
il-#1PI
amo#pick.
ish-#YOU pa#eat.(a.specific.food) -kma̱#IRR:DS
o̱t#go:and
chokka#house
imma#towards
a#be
-ak#LOC
sa-#1SII shki#mother
il-#1PI
a̱ya#be:here -li#1SI -h#TNS
a̱tta#exist.(of.one) -li#1SI -h#TNS
-ma#THAT
yohmi#do.so,.to.happen -h#TNS
tík#female
-ka̱#COMP:DS
ikka̱na#understand,.to.know -li#1SI -h#TNS
il-#1PI
bók.chito#BOGUE.CHITTO
to̱ksali#work. -t#PART
-ma#THAT -k#LOC
okla#people
hi#be -hma̱#WHEN
alla#child
il-#1PI
okmanána#WHATEVER.KIND.OF
hachi-#2PII
okl#plural í-#1PI
pokni#grandmother
-kat#COMP:SS
afammi#year
-ka̱#COMP:DS
shóli#carry.
tohchína#be:three
í-#1PI
ná#something
akkiya#too,.also
kanómi#be:some:amount -kma̱#IRR:DS
hikma̱#and:then
-chámo#LONG:AGO
shikalla#bead
-ya̱#ACC
pisa#look -li#1SI -kmat#IRR:SS
hapim-#1MPIII
alhíha#group -t#PART
pí#just
aha̱shwa#stay.at,.live.at.(of.two) -kma̱#IRR:DS
pí#just
-bíka#USED:TO -tok#PST
ish-#YOU
chokka#house
alla#child
-kat#COMP:SS
-ka̱#COMP:DS
yohmi#do.so,.to.happen
chim#2sIII
-kat#COMP:SS
chohmi#kind:of
ápitta#put.(more.than.one.thing).in. -h#TNS
ná#something
a̱#1sIII ki#father
a̱#1sIII i̱tík#sister.(of.a.male)
ná#something
-kat#COMP:SS
palammi#hardship
hi#be
-ka̱#COMP:DS
hi#be -hma̱#WHEN
iksho#not:exist -h#TNS
hikma̱#and:then
hi#be -hma̱#WHEN
hi#be -hma̱#WHEN
ayiskachi#clean.(house) -t#PART
imma#towards
ittiyápishi#sibling
taposhshik#basket
ásh#prev
-kat#COMP:SS
pí#just
a̱#1sIII ki#father
tahli#finish. -kmat#IRR:SS
-ya̱#ACC
kiyo#no
ít#toward
bók.chito#BOGUE.CHITTO
a̱#1sIII ki#father
yohmi#do.so,.to.happen
ik-#N
sa-#1SII
-m#DEM -ato#NOM2
okla#people
afammi#year
-kat#COMP:SS
ish-#YOU
panóla#cotton
kíyo#no
hokchi#plant. -ttók#REM.PAST -o̱#Q
sa-#1SII nakfish#younger:sib
másh#that.one
yamma#that
ná#something
ish-#YOU
kiyo#no -t#PART
il-#1PI
ishit#ins
ano̱polí#speak,.say,.talk -l#1SI -áchi̱#IRR -h#TNS
toklo#be:two
íshi#get
bilásapi#sugarcane
-ka̱#COMP:DS
si̱ti#snake
onnakma̱#tomorrow
shikalla#bead
pí#just
pí#just
o̱t#go:and
hapim-#1MPIII
ná#something
okla#people
-ma#THAT
hi#be -hma̱#WHEN
chohmi#kind:of -ttók#REM.PAST
-kat#COMP:SS
ahwa#think.(perhaps),.to.reckon -h#TNS
a̱#1sIII ki#father
il-#1PI
am#1sIII
-ma#THAT
pí#just
fíhnah#very
okma̱#and:then
-ma#THAT
a̱tta#live
-ano#ACC:TOP
panóla#cotton
a̱ya#be:here -l#1SI -íka#USED:TO -ttók#REM.PAST
ish-#YOU
pí#just
a̱#1sIII ki#father
hashi#month
yohmi#do.so,.to.happen -h#TNS
-kat#COMP:SS
issa#stop
-ako̱#CON:AC
ásh#prev
hokchi#plant. -h#TNS
okl#plural í-#1PI
ikka̱na#understand,.to.know -li#1SI -h#TNS
bash#cut.(with.a.knife,.broken.glass). -t#PART
-ka̱#COMP:DS
o̱t#go:and
-ano#ACC:TOP
makah#say.
pa#here,.this -aki̱li#OWN -h#TNS
pí#just
oka#water
-ma#THAT -k#LOC
isht#ins
ninak#night
-ak#LOC
yohmi#do.so,.to.happen -h#TNS
nátah#what?
yohmi#do.so,.to.happen -h#TNS
-ma#THAT
okla#people
-bíka#USED:TO -tok#PST
hi#be -hma̱#WHEN
-m#DEM -ato#NOM2
mishsha#two.time.periods.before.or.after
hokchi#plant. -h#TNS
hi#be -hma̱#WHEN
pilla#distance
-ato#NOM2
koloffi#cut
biníli#sit.(of.one)
ilhkóli#go.(of.three.or.more).
ishit#ins
-ano#ACC:TOP
ola#far:off
-kat#COMP:SS
pí#just
-ato#NOM2
oski#river:cane
imma#towards
ná#something
il-#1PI
-ka̱#COMP:DS
katimma#where -ako̱#CON:AC
hikíya#stand.
sa-#1SII
okla#people
nátah#what?
biníli#sit.(of.one)
kíyo#no
chokka#house
foha#retire -ttók#REM.PAST -o̱#Q
ilhkóli#go.(of.three.or.more). -tok#PST
ish-#YOU
-ho̱#PART:DS
ít#toward
-hátoko̱#BECAUSE:DS
kíyo#no
ohóyo#woman
-ak#LOC
pisa#look
-kat#COMP:SS
ilokka#clothes
hapim-#1MPIII
toklah#both
oná#reach.(a.certain.age) -li#1SI -h#TNS
okmanána#WHATEVER.KIND.OF
-bíka#USED:TO -tok#PST
il-#1PI
hapim-#1MPIII
ish-#YOU
ayówa#pick.up.(off.the.ground). -li#1SI -ttók#REM.PAST
-hósh#PART:SS
hi#be -hma̱#WHEN
a̱ya#be:here
í-#1PI
hi#be -hma̱#WHEN
-ano#ACC:TOP
ish-#YOU
si̱ti#snake
nátah#what?
toba#become
ola#far:off
iláp#self
-kat#COMP:SS
sa-#1SII
il-#1PI
ahwa#think.(perhaps),.to.reckon -h#TNS
-kat#COMP:SS
a#be
pí#just
hikma̱#and:then
kanohmi#how -ttók#REM.PAST
isht#ins
taha#finally
afammi#year
nátah#what?
ilhkóli#go.(of.three.or.more).
ná#something
á#loc hokch#plant. -ahíka#USED:TO -ttók#REM.PAST
alhíha#group
il-#1PI
-ato#NOM2
átokás#because.of
-ya̱#ACC
shikalla#bead
alla#child
pí#just
ikhaná#learn -li#1SI -tok#PST
kiyo#no
aha̱shwa#stay.at,.live.at.(of.two) -kma̱#IRR:DS
-bíka#USED:TO -tok#PST -o̱#Q
nakni#male
hikma̱#and:then
mo̱ma#still -h#TNS
kiyo#no
ilhkóli#go.(of.three.or.more). -kmat#IRR:SS
ikka̱na#understand,.to.know -li#1SI -h#TNS
hikmat#and:then:ss
hapim-#1MPIII
-ya̱#ACC
áchih#say.
ná#something
pisa#try. -ttók#REM.PAST
yohmi#do.so,.to.happen -h#TNS
tahli#finish. -kmat#IRR:SS
-chámo#LONG:AGO
holisso#letter
il-#1PI
yohmi#do.so,.to.happen
am#1sIII
-hátoko̱#BECAUSE:DS
hi#be
ilhkóli#go.(of.three.or.more).
ilhkóli#go.(of.three.or.more).
nakni#male
koni.hata#Conehatta
am#1sIII
-ma#THAT
oka#water
-ma#THAT -k#LOC
ásh#prev
ik-#N
am#1sIII
yohmi#do.so,.to.happen -h#TNS
siy-#1SII á#be -h#TNS
il-#1PI
bash#cut.(with.a.knife,.broken.glass). -t#PART
pí#just
-akósh#CON:NOM
ná#something
-ma#THAT -k#LOC
shokshi#watermelon
il-#1PI
-ma#THAT -k#LOC
ahwa#think.(perhaps),.to.reckon -h#TNS
afammi#year
pilla#distance
okl#people
okla#people
apíla#help,.assist. -h#TNS
shilosh#shoes
ik-#N
noshkobo#head
ishit#ins
a̱lhi#be:real
okl#plural í-#1PI
pí#just
sa-#1SII
-ho̱#PART:DS
iti#wood
nána.hollokchi#GARDEN
-ma#THAT
hokchi#plant. -ttók#REM.PAST -o̱#Q
-ma#THAT -k#LOC
ná#something
il-#1PI
-ma#THAT
sa-#1SII shki#mother
il-#1PI
hokchi#plant. -h#TNS
ahwa#think.(perhaps),.to.reckon -h#TNS
taná#weave -li#1SI -h#TNS
hachim-#2PIII
an#I -akínih#INDEED
yohmi#do.so,.to.happen
-kat#COMP:SS
hi#be -hma̱#WHEN
o̱t#go:and
ish-#YOU
a̱tta#exist.(of.one) -li#1SI -h#TNS
okmanána#WHATEVER.KIND.OF
hi#be
pí#just
pishokchi#milk
hi#be -hma̱#WHEN
yohmi#do.so,.to.happen -h#TNS
holisso#letter
ilhkóli#go.(of.three.or.more). -hma̱#WHEN
am#1sIII
ittonáchi#arrive:du -hma̱#WHEN
pila#send -ttók#REM.PAST
-akósh#CON:NOM
si̱ti#snake
ka̱ha#lying:down
achonnáchi#work.hard.at -ttók#REM.PAST
isht#ins
pí#just
hi#be -hma̱#WHEN
aha̱tta#stay,.live.(someplace) -li#1SI
-ato#NOM2
másh#that.one
másh#that.one
okla#people
-ma#THAT
shikalla#bead
okl#plural í-#1PI
wáya#peanuts
afammi#year
ahwa#think.(perhaps),.to.reckon -h#TNS
okla#people
pí#just
tahli#finish.
iyá#go -li#1SI -ttók#REM.PAST
isht#ins
o̱t#go:and
-ma#THAT -k#LOC
-ato#NOM2
pí#just
il-#1PI
apísachi#watch -h#TNS
taposhshik#basket
to̱ksalí#work. -chi#CAUS -h#TNS
lha̱kko#be:strong. -t#PART
ish-#YOU
ilokka#clothes
hi#be -hma̱#WHEN
pí#just
achokmahnih#LIKE -li#1SI -h.mat#WHEN
kiyo#no
pí#just
áta̱pa#be:more:than -tok#PST
pí#just
haklo#hear,.listen
a̱lhi#be:real
okl#plural í-#1PI
hi#be
takla#near.to
ayi̱na#too,.also
bi̱ka#both -h#TNS
-m#DEM -ato#NOM2
yohmi#do.so,.to.happen
osápa.ittimiklanna.to̱ksali#SHARECROPPING
okla#people
issa#close -hma̱#WHEN
afammi#year
illi#die.
fokka#dress
taha#finally
ish-#YOU
kati#thorn
-bíka#USED:TO -tok#PST -o̱#Q
kiyo#no
tahli#finish. -kmat#IRR:SS
-m#DEM -ato#NOM2
hikma̱#and:then
-ato#NOM2
taná#weave -li#1SI -h#TNS
ála#arrive:y.gr -li#1SI -h#TNS
pí#just
a̱h#yes
-ma#THAT
ish-#YOU
a̱lhi#be:real
í-#1PI
fokka#dress
toklo#be:two
mano#that:one
ilhkóli#go.(of.three.or.more).
-bíka#USED:TO -tok#PST
pilla#distance
-ma#THAT
-ako̱#CON:AC
okla#people
hi#be -hma̱#WHEN
ta̱sh.palaska#CORNBREAD
-ho̱#PART:DS
kaníya#go.away -li#1SI -ttó#REM.PAST -sh#PART:SS
-hátoko̱#BECAUSE:DS
kaníya#pass.away -tok#PST
a#be
bacháli#put.(one).in.a.row -h#TNS
ohóyo#woman
fokkáli#be:about
a̱lhi#be:real
-ho̱#PART:DS
okmanána#WHATEVER.KIND.OF
a̱#1sIII ki#father
-ma#THAT
fokkáli#be:about -ka̱#COMP:DS
alla#child
nátah#what?
a̱#1sIII ki#father
hi#be
ish-#YOU
ikbi#maker
a̱#1sIII ki#father
-ma#THAT
ha̱klo#understand
-ka̱#COMP:DS
pí#just
fíhnah#very
o̱t#go:and
afammi#year
a̱lhi#be:real
abohlih#woods
-ma#THAT
hi#be -hma̱#WHEN
chishki#your:mother
ilhkóli#go.(of.three.or.more).
is-#YOU sa̱-#1SIII
fokka#dress
chishki#your:mother
sa-#1SII shki#mother
il-#1PI
o̱t#go:and
yohmi#do.so,.to.happen -h#TNS
a̱lhi#be:real
pí#just
pí#just
shikalla#bead
-ma#THAT
apíla#help,.assist.
-ya̱#ACC
á#loc hokch#plant. -ahíka#USED:TO -ttók#REM.PAST
hachim-#2PIII
a̱#1sIII ki#father
am-#1SIII ihaksi#forget
ona#arrive:there
hihmat#and:then:ss
a̱shwa#exist.(of.two)
am#1sIII
chá#ss
í-#1PI
iko̱la#neck
-ato#NOM2
fokáli#approximately -h#TNS
ish-#YOU
yohmi#do.so,.to.happen
okla#people
atta#stay,.live.(someplace) -ttók#REM.PAST -o̱#Q
ittatoklo#be:together.as.a.couple.or.married
chohmi#kind:of
-ma#THAT
katak#where
yakni#land
hachim-#2PIII
-ak#LOC
chíkosi.alhlhi.ka̱#FOR.A.LITTLE.WHILE
il-#1PI
ik-#N
ná#something
-ma#THAT
okla#people
oka#water
il-#1PI
il-#1PI
ano̱polí#speak,.say,.talk -l#1SI -áchi̱#IRR -h#TNS
-tok#PST -cha#UNSURE
foli#switch
okl#plural í-#1PI
shikalla#bead
táha#complete -ttók#REM.PAST
ná#something
ishit#ins
il-#1PI
ittiwáya#marry -ttók#REM.PAST
okla#people
ish-#YOU
óna#arrive:there -hma̱#WHEN
-m#DEM -ato#NOM2
pa#here,.this -aki̱li#OWN -h#TNS
áy-#LOC ala#arrive.(here) -ttók#REM.PAST
-ato#NOM2
ani#pour.in -t#PART
-ya̱#ACC
-bíka#USED:TO -tok#PST
kíyo#no
il-#1PI
ná#something
-ma#THAT
-hátoko̱#BECAUSE:DS
taposhshik#basket
ná#something
-kat#COMP:SS
akkíya#go:down -t#PART
oka#water
panóla#cotton
pí#just
hoyo#look.for -t#PART
okl#plural í-#1PI
-ma#THAT
am#1sIII
to̱ksali#work. -sh#PART:SS
iláp#self
-ka̱#COMP:DS
ano̱pol#speak,.say,.talk -ána#POT -ttók#REM.PAST
bacháya#get.in.a.row.(of.one)
hapi#salt
okla#people
hikma̱#and:then
sa-#1SII
másh#that.one
-ato#NOM2
hokchi#plant. -h#TNS
ná#something
iya#begin:to -t#PART
a̱#1sIII ki#father
chokka#house
ish-#YOU
kanimma#somewhere
áy-#LOC atahli#finish -h#TNS
-hátoko̱#BECAUSE:DS
okla#people
oka#water
-bíka#USED:TO -tok#PST -o̱#Q
hoyo#look.for -t#PART
hikma̱#and:then
-ho̱#PART:DS
í-#1PI
chokka#house
-ma#THAT -k#LOC
pí#just
íshi#get -hma̱#WHEN
ómmi#happen:this:way -kma̱#IRR:DS
isht#ins
hikma̱#and:then
okl#plural í-#1PI
hi#be -hma̱#WHEN
o̱t#go:and
taha#finally
il-#1PI
oklil#we
okla#people
okla#people
am#1sIII
il-#1PI
ish-#YOU
ná#something
a̱#1sIII ki#father
il-#1PI
sa-#1SII
il-#1PI
hoyo#look.for -t#PART
okl#plural í-#1PI
hi#be
malhlhih#indeed
hikma̱#and:then
pa#here,.this -ako̱#CON:AC
ábachí#practice -li#1SI -h#TNS
banna#want -hma#WHEN
yohmi#do.so,.to.happen
to̱ksali#work. -ttók#REM.PAST
ásh#prev
nánomi#something:happen
pí#just
alla#child
kaníya#go.away -li#1SI -ttó#REM.PAST -sh#PART:SS
oklil#we
ittiwáya#marry -hmat#WHEN
chim#2sIII
okl#plural í-#1PI
ásha#reside.(plural.subject) -hma̱#WHEN
pí#just
ilokka#clothes
ikbi#maker
okla#people
hi#be
chim#2sIII
iya#go
-ma#THAT
hi#be -hma̱#WHEN
ít#toward
kaníya#pass.away -tok#PST
alla#child
tahli#finish. -ttók#REM.PAST
okla#people
kíyo#no
-kat#COMP:SS
-hátoko̱#BECAUSE:DS
maká#say -hma̱#WHEN
a̱#1sIII ki#father
-ka̱#COMP:DS
kiyo#no
isht#ins
am#1sIII
a#be -ttók#REM.PAST
fokáli#approximately -h#TNS
ish-#YOU
-ma#THAT -k#LOC
másh#that.one
pí#just
yohmi#do.so,.to.happen -h#TNS
hokchi#plant. -h#TNS
isht#ins
am#1sIII
nátah#what?
alla#child
í-#1PI
o̱t#go:and
il-#1PI
-ak#LOC
sa-#1SII
okla#people
illi#die.
-bíka#USED:TO -h#TNS
o̱t#go:and
ola#far:off
siy-#1SII á#be -h#TNS
o̱t#go:and
ish-#YOU
i̱-#III hi̱li#stand:du -h#TNS
-ma#THAT
shóli#carry.
hi#be -hma̱#WHEN
-hátoko̱#BECAUSE:DS
ish-#YOU
chokka#house
illi#die.
okla#people
anokfila#mind
kanimma#somewhere
pí#just
pa#here,.this -aki̱li#OWN -h#TNS
okl#plural í-#1PI
iya#go
sa-#1SII
okla#people
a̱#1sIII ki#father
-ma#THAT
-ato#NOM2
a̱#1sIII ki#father
pí#just
okl#plural í-#1PI
kíyo#no
sann#I:want -o#NEG -tok#PST
-kat#COMP:SS
hochífo#name.
chim#2sIII
-ma#THAT
a̱h#yes
-ka̱#COMP:DS
kochá.balíli.ánówa#RAILROAD.TRACKS
a̱lhi#be:real
hachim-#2PIII
il-#1PI
sa-#1SII
ano̱poli#speak,.say,.talk
osápa#field -no#AC2
chokka#house
pí#just
í-#1PI
a#be -ttók#REM.PAST
ishki#mother -t#PART
ishit#ins
pí#just
ish-#YOU
okla#people
ná#something
ano̱poli#speak,.say,.talk -h#TNS
chishki#your:mother
o̱t#go:and
-ako̱#CON:AC
í-#1PI
am#1sIII
isht#ins
illa#only
-ka̱#COMP:DS
-ak#LOC
okl#plural í-#1PI
pokni#grandmother
am#1sIII
-ato#NOM2
kiyo#no
-m#DEM -ato#NOM2
nánomi#something:happen
a̱lhi#be:real
kíyo#no
-ma#THAT
hi#be -hma̱#WHEN
o̱t#go:and
a̱lhi#be:real
-ma#THAT
ish-#YOU
ish-#YOU
fokkáli#be:about -ka̱#COMP:DS
ahwa#think.(perhaps),.to.reckon -h#TNS
sa-#1SII
a̱lhi#be:real
issa#quit -tok#PST
pila#throw. -hma̱#WHEN
-ma#THAT
-ka̱#COMP:DS
ish-#YOU
ábachí#practice -li#1SI -h#TNS
chá#ss
í-#1PI
-ho̱#PART:DS
pí#just
ikbi#make
pí#just
-kat#COMP:SS
alhíha#group
-bíka#USED:TO -h#TNS
-ma#THAT
wishakchi#tip
nátah#what?
il-#1PI
í-#1PI
kiyo#no -kásh#COMP:PREV
ish-#YOU
pí#just
yohmi#do.so,.to.happen
-ma#THAT -k#LOC
yohmi#do.so,.to.happen -h#TNS
iya#go
yakni#land
hokchi#plant. -h#TNS
pí#just
o̱t#go:and
afammi#year
ít#toward
toklah#both
-kat#COMP:SS
holisso#letter
-ako̱#CON:AC
kanikma̱#sometimes
bokko#mound
a̱#1sIII ki#father
pí#just
afammi#year
ish-#YOU
holisso.ápisa#SCHOOL
okma̱#and:then
okla#people
o̱t#go:and
ahóch#find. -ahí#IRR2
panóla#cotton
yohmi#do.so,.to.happen
taha#finally
-ano#ACC:TOP
okla#people
ikbi#make
il-#1PI
ish-#YOU
yohmi#do.so,.to.happen -h#TNS
ittonáchi#arrive:du -hma̱#WHEN
ninak#night
kiyo#no
ishí#take,.grasp,.get -li#1SI -tok#PST
-ma#THAT
hikiki̱ya#stay:at -li#1SI -ttók#REM.PAST
okl#plural í-#1PI
í-#1PI
kiyo#no
í-#1PI
isht#ins
okla#people
-ho̱#PART:DS
yohmi#do.so,.to.happen
il-#1PI
alla#child
ná#something
hi#be -hma̱#WHEN
ish-#YOU
ahwa#think.(perhaps),.to.reckon -h#TNS
im-#III achokmá#feel.good,.happy -sh#PART:SS
o̱t#go:and
ish-#YOU
yakni#land
-ato#NOM2
-ho̱#PART:DS
o̱t#go:and
illa#only
tana#string -h#TNS
ála#arrive.(here) -hma̱#WHEN
okl#plural í-#1PI
hi#be -hma̱#WHEN
nátah#what?
ayiskachi#clean.(house) -t#PART
yakni#land
-akíni#INDEED -tok#PST -ósh#SS
pishokchi#milk
pí#just
-ano#ACC:TOP
toba#become
-ma#THAT -k#LOC
hóka̱#emph
hapi#salt
-akósh#CON:NOM
katash#who
iti#wood
il-#1PI
-ako̱#CON:AC
a̱ya#be:here -li#1SI -h#TNS
-ka̱#COMP:DS
báno#altogether
il-#1PI
oshi#son
makáchi#say. -t#PART
okl#plural í-#1PI
iti#wood
ikbi#make
alla#child
ish-#YOU
fokka.lo̱bo#SHIRT
alikchi#doctor
kaniyah#probably
pí#just
okla#people
o̱t#go:and
okla#people
hannáli#six -h#TNS
il-#1PI
il-#1PI
-ma#THAT
okma̱#and:then
píhi̱sa#see:hn -li#1SI -kmat#IRR:SS
a#be
-m#DEM -ato#NOM2
chá#ss
yohmi#do.so,.to.happen -h#TNS
-akósh#CON:NOM
iti#wood
hi#be -hma̱#WHEN
-ako̱#CON:AC
kiyo#no
sa-#1SII
-ma#THAT
kiyo#no
okla#people
yimmih#believe
afammi#year
fokáli#almost
o̱t#go:and
-bíka#USED:TO -tok#PST
katimma#which -k#LOC
okla#people
okla#people
kiyo#no
-ka̱#COMP:DS
am#1sIII
sa-#1SII
maká#say -hma̱#WHEN
yimmih#believe
pí#just
-ato#NOM2
katash#who
a̱#1sIII ki#father
-ka̱#COMP:DS
isht#ins
anno̱pa#word
ahwa#think.(perhaps),.to.reckon -h#TNS -o̱#Q
-kat#COMP:SS
tahli#finish. -kmat#IRR:SS
am#1sIII
-bíka#USED:TO -tok#PST
í-#1PI
ná#something
yokáchi#catch. -h#TNS
nátah#what? -o̱#Q
tahli#finish.
-ma#THAT -k#LOC
chokka#house
illi#die.
ahwa#think.(perhaps),.to.reckon -h#TNS
il-#1PI
yohmi#do.so,.to.happen -h#TNS
a̱#1sIII ki#father
-ka̱#COMP:DS
yakni#land
ná#something
o̱t#go:and
-kat#COMP:SS
oka#water
áchi#say -tok#PST
ohóyo#woman
pí#just
taha#finally
hikma̱#and:then
-kat#COMP:SS
-ka̱#COMP:DS
yakni#land
-ma#THAT -k#LOC
ná#something
hi#be -hma̱#WHEN
-ka̱#COMP:DS
ayyówah#pick.up.(off.the.ground).
yohmi#do.so,.to.happen
pí#just
yamma#that
-ka̱#COMP:DS
-ano#ACC:TOP
ish-#YOU
hoyo#look.for -t#PART
oklil#we
kiyo#no
ish-#YOU
a̱lhi#be:real
ná#something
-akósh#CON:NOM
ahwa#think.(perhaps),.to.reckon -h#TNS
chokka#house
-hátoko̱#BECAUSE:DS
am-#1SIII ihaksi#forget
lokka#clothes
-ka̱#COMP:DS
o̱t#go:and
haklo#hear,.listen
-ma#THAT
ná#something
maká#say -hma̱#WHEN
apa#eat.(a.specific.food)
illi#die.
si̱ti#snake
ano̱pol#speak,.say,.talk -ána#POT -ttók#REM.PAST
ish-#YOU
pí#just
-ka̱#COMP:DS
chá#ss
-ka̱#COMP:DS
okla#people
bók.chito#BOGUE.CHITTO
chokka#house
hikma̱#and:then
isht#ins
-kat#COMP:SS
alla#child
nátah#what?
ish-#YOU
ómmi#happen:this:way -kma̱#IRR:DS
kiyo#no
hashi#month
-ma#THAT
chim#2sIII
hi#be -hma̱#WHEN
il-#1PI
il-#1PI
isht#ins
isht#ins
ish-#YOU
-ato#NOM2
a̱#1sIII ki#father
yohmi#do.so,.to.happen -h#TNS
-chámo#LONG:AGO
ohóyo#woman
issa#stop -ttók#REM.PAST
ít#toward
malhlhih#indeed
alhíha#group
siy-#1SII á-#LOC
hihmat#and:then:ss
isht#ins
-ka̱#COMP:DS
alhíha#group
nokha̱klo#be:sad
áy-#LOC ala#arrive.(here) -ttók#REM.PAST
ish-#YOU
katash#who
kochá.balíli.ánówa#RAILROAD.TRACKS
sipokni#old
ishit#ins
il-#1PI
hikmat#and:then:ss
pí#just
ná#something
-ma#THAT
a̱ya#be:here -li#1SI -h#TNS
hikitíya#START -li#1SI -tok#PST
a#be -ttók#REM.PAST
a̱#1sIII ki#father
a#be -ttók#REM.PAST
pí#just
o̱t#go:and
nittak#day
oklil#we
a̱#1sIII ki#father
alhíha#group
alla#child
il-#1PI
a#be -ttók#REM.PAST
am#1sIII
nanih#hill
sakki#catch.up.to -áhí#POT kíyo#no
yohmi#do.so,.to.happen
alla#child
katimma#which -k#LOC
táha#be:finished -hma̱#WHEN
ish-#YOU
okla#people
-ma#THAT
í-#1PI
-ma#THAT
ish-#YOU
ná#something
nanih#hill
-ako̱#CON:AC
ayiskachi#clean.(house) -t#PART
-ka̱#COMP:DS
ít#toward
homma#red
tákoli#noon
am#1sIII
ish-#YOU
toba#become
pí#just
í-#1PI
-ma#THAT
í-#1PI
afammi#year
pí#just
pí#just
-ka̱#COMP:DS
is-#YOU sa̱-#1SIII
okla#people
il-#1PI
nátah#what?
-ya̱#ACC
a#be -ttók#REM.PAST
-ka̱#COMP:DS
ish-#YOU
ittiwáya#marry -ttók#REM.PAST
ilhkóli#go.(of.three.or.more).
í-#1PI
fokkáli#be:about -ka̱#COMP:DS
chokka#house
o̱t#go:and
o̱t#go:and
mishsha#two.time.periods.before.or.after
ná#something
okla#people
-ma#THAT
am#1sIII
kanímih#some
-ma#THAT
-ma#THAT -k#LOC
ná#something
yohmi#do.so,.to.happen
il-#1PI
-ato#NOM2
ít#toward
pí#just
ná.chinni#WHADDYACALLIT
palammi#hardship
-chámo#LONG:AGO
chá#ss
-ma#THAT
-ako̱#CON:AC
pí#just
kiyo#no
ish-#YOU
chá#ss
okla#people
panóla#cotton
bi̱ka#both -h#TNS
afammi#year
ish-#YOU pa#eat.(a.specific.food) -kma̱#IRR:DS
pishno#we -áki̱#OWN -t#PART
afammi#year
sa-#1SII shki#mother
-ka̱#COMP:DS
pí#just
mano#that:one
-hósh#PART:SS
toklo#be:two
kiyo#no
-ma#THAT -k#LOC
hi#be -hma̱#WHEN
ahni#know
ohóyo#woman
nittak#day
-ma#THAT
mo̱m#still -áchi̱#IRR -h#TNS
-ako̱#CON:AC
-ma#THAT
okla#people
ish-#YOU
-ka̱#COMP:DS
-ka̱#COMP:DS
chá#ss
-ma#THAT
okla#people
pí#just
ít#toward
yohmi#do.so,.to.happen -h#TNS
ish-#YOU
kiyo#no
shóli#carry.
il-#1PI
okla#people
sa-#1SII
hi#be -hma̱#WHEN
-ma#THAT -k#LOC
pisa#try. -ttók#REM.PAST
taposhshik#basket
í-#1PI
bacha̱ya#be:in.a.row
pa#here,.this -ako̱#CON:AC
yohmi#do.so,.to.happen
hapim-#1MPIII
il-#1PI
-ako̱#CON:AC
hi#be -hma̱#WHEN
pí#just
okmanána#WHATEVER.KIND.OF
-ma#THAT