means
then
say ENT
girl OBL DAT
good
that
say ENT
boy
alone
soil
get.out AOC
say ENT
say ENT
want IMPF
say ENT
that
year
soviet
plough
go INF
mother
1pl.erg
with
chapter IN EL
say ENT
cop COND
smoke
house IN ESS
boy OBL AD ESS
place
take AOC
decision OBL DAT
fate,destiny IN ESS
WANTED PERF PST SBST
return PERF
bring FUT
come AOC
say ENT
dog
say AOR
make HORT
carry.up AOR
house PL OBL GEN
deceive AOC
come AOC
never
1sg.ERG
Lezgi PL AND;FOCUS
1sg.ERG DAT
all
hand IN ESS
one
our
give IMPF
say AOR
why
she DAT
spring
call AOC
2sg.gen
that
boy PL
uh
boy OBL GEN
go AOC
open ENT
dead
love OBL GEN
one
long ENT
Akhtinsky
dear
give MSD
soil
he
say AOR
make INF
say AOC
it
1pl.abs
horse ERG
every
where.being.PTP.SBST
say AOR
mountain.person PL OBL DAT
jump AOC
my
kill FUT
agreement
hall IN ESS
call ENT
father
2sg.abs
that,.the.same
dog
himself ergative DAT
1pl.abs
say AOR
fourty
day
1pl.erg
say AOR
mother
say ENT
go ENT
king ERG
one
dog PL
hardly
say AOR
beautiful
return PERF
say AOR
move PL
army.(rus)
take AOC
either
look.IMPV
with AND;FOCUS
friend
praise SBST
1sg.gen
there
say ENT
one
more
catch ENT
go ENT
today
ask AOR
is DAT
chapter
put.under ENT
was
ladle
word PL
dry
come AOC
leg
what ERG DAT
snow
these
say ENT
after
you
two
REACHED.ENT
actually
girl OBL SP ESS
say AOR
brother AND;FOCUS
chapter OBL SP ESS
1sg.ERG DAT
forty
cleanless PURP
word
say AOR
where.being.PTP.SBST
us OBL GEN
it
Bezkhanum
knowledge
2sg.gen
happened PERF
he.again GEN
more
him.to DAT
her
come FUT
brother
now
that
king OBL DAT
1sg.ERG DAT
car PL
say IMPF
then
grandfather OBL GEN
owner
only
boy
look PERF NEG PST
only
say AOR
one
falcon
Ferhad
return PERF
is NEG
everybody ERG
attention PL
say AOR
house OBL GEN
return AOC
present
robber
what ERG DAT
look.IMPV
himself
stove OBL SP ESS
THIRD PST
friend PL OBL PT ESS
snow OBL GEN
that
he
say AOR
pig
a.lot
scale
winter OBL PT EL
want IMPF PTCP
fire OBL GEN
say AOR
beautiful
bird
mother OBL GEN
however.COND.FOC
dear
stand.up,rise AOR
leg
time AND;FOCUS
two
say AOR
that
Yes
house OBL DAT
catch AOC
rest INF
time
good
wave PL
that
believe
is PST
village OBL DAT
how
one
man OBL DAT
glass
is COND
1sg.ERG DAT
Bezkhanum.to ERG DAT
one
boy OBL GEN
then
very
finally
village OBL DAT
catch ENT
in.no.way
dead
good
actions.do FUT
say PERF
say ENT
bring HORT
mistake
want IMPF
two card.
my
elder
get.out AOC
2sg DAT
say AOR
say AOR
put.under PERF
day OBL DAT
that
say AOR
one
glass
grandfather OBL GEN
give AOR
girl PL
tradition
old.woman
security ERG
return AOR
which
handful OBL GEN
say ENT
was
man OBL GEN
come AOC
girl AND;FOCUS
say AOR
this.one
cop
cop AND;FOCUS
say AOR
happened PERF
say AOR
Ma'am ERG
come AOC
1pl.gen
water
want IMPF
1pl.abs
get.back!
one
2sg.abs
send AOR
them
three ERG
say ENT
bathhouse OBL DAT
necklace PL
say AOR
beautiful PL
one
happened PERF
1pl.abs
one
chapter OBL PT ESS
was
wife
1sg.ERG DAT
take AOC
time
say AOR
bring AOC
city IN ESS
day OBL SP ESS
go AOR
before
say ENT
dear
1sg.ERG DAT
story
year
that
animal PL
with
what ERG GEN
water
turn.back AOC
Baku OBL DAT
all
what.is
call ENT
one
make IMPF
that
harvest
then
time
throw ENT
dastan
other
city
that
say ENT
1pl.gen
it
1sg.ERG
group
way
this so.much
house IN ESS
great
other
group
forest PL OBL DAT
Isabala
Bezkhanum
recording PL
here.to DAT
two
say ENT
one
himself
today
girl OBL PT ESS
like.this
not.a.word
very
ashuq OBL DAT
one
sea OBL GEN
celebrate
beautiful
soul OBL DAT
evil PURP
reach ENT
he AND;FOCUS
"Samur"
happened PERF
it
that
take.off AOR
cop
fall AOR
today
one
look AOP COND
before
that PL
morning OBL PT DIR
say ENT
appear
that DAT
2sg.gen
he DAT
but
2sg.abs
say ENT
pearls PL OBL GEN
voice
eat AOR
happen
is NEG
him.to GEN
one
that
there
him.to
say ENT
calm
Derbent.in OBL DAT
became.ENT
like.that
hold
be AOR
bird
choose FUT
spring
here
teacher
say ENT
1pl.abs
he
two
place
country OBL DAT
2sg DAT
that
or
chapter OBL SP ESS
Azerbaijan AND;FOCUS
fellow.countryman PL
1sg.gen
if.do
escape AOR
1sg.ERG DAT
water
these ERG
air OBL SP EL
one
here DAT
that PL
what
grandmother
separate AOR
himself
wood PL
thirty
sit ENT
more AND;FOCUS
be.FUT.Q
one
word
one
my which
1sg.ERG
more
DIDN'T.GET.NEG.SBST SBST
is DAT
spring PL
war
eeh
dog
he
1sg.ERG DAT
take ENT
now
down
1sg.ERG DAT
sea OBL GEN
that
happening PL
after
appear AOR
beautiful
boy ERG
ammunition
enough
one
Bezkhanum ERG DAT
then
say AOR
he AND;FOCUS
1sg.ERG DAT
go ENT
Ma'am ERG
you.know
bug
hay OBL GEN
say IMPF
here ERG
that
a.while.after
dear
THANK.YOU
horse ERG
time OBL SP ESS
still.be,.remain
1pl.erg
but
that
be AOR
2sg.gen
go AOR
patience
go AOC
good
say ENT
five
us OBL GEN
over
make PROH
summer
he.also DAT
because.of
one
give AOR
put.under PERF NEG
sit AOC
remake,redo FUT
one
fire
king AND;FOCUS
big
fire
interesting
never
sweetheart
give AOP
black
go AOR
these
get.out IMPF
sea
spring OBL GEN
where
himself ERG DAT
now
breath
give HORT
LIVE.IMC
go AOR
more AND;FOCUS
use
him.to DAT
"Samur"
say ENT
side OBL DAT
2sg.gen
you.know
man ERG
actually
just ERG
2sg DAT
want COND AND;FOCUS
keep AOR
that
USSR
boy
fall AOR
one
five
say ENT
say ENT
that
it
boy OBL DAT AND;FOCUS
time
jewish.also AND;FOCUS
was
1pl.abs
her
sweetheart
that DAT
run ENT
2pl.abs
was
say ENT
do.what FUT
that
that
wasn't
way,.road OBL GEN
after
one
that
far
say AOC
our
still.be,.remain AND;FOCUS
say ENT
1pl.abs AND;FOCUS
say ENT
go.again,return AOR
water
another
2sg.abs
1sg.ERG DAT
hand IN EL
look IMPF
how
him.to
say AOR
one
go AOR
bull PL
Jahan
all
deceive AOC
yes
here
so.much
1sg.ERG and
1sg.gen
this
NEG look OPT
that
go PERF COND
friend
that
calm
he
night OBL GEN
these
throne OBL SP ESS
return PERF
wild
over
dear
take DAT
after
yes
say AOR
NEG do HORT
puppy
that,.the.same
village OBL DAT
intention
Georgia DIR DAT
two say PST
time PL ERG
my
run ENT
go AOR
you
being.AOC
all
bathhouse OBL DAT
1sg.ERG
Bezkhanum
them ERG GEN
help COND
armenian
say ENT
say ENT
NEG do IMC
say AOR
one
horse OBL GEN
that PL
say AOR
that
young
say AOR
say AOR
dear
1pl.erg
as.soon.as AND;FOCUS
himself
1pl.erg
two
stand.up,rise AOR
1pl.abs
side IN ESS AND;FOCUS
there
go IMPF
say ENT
you.know
forest OBL DAT
village OBL DAT
dog
leave HORT
animal PL OBL GEN
already
1pl.abs
there
this.one
military.service ERG
sweet
after
say AOR
paper
one
that
punishment
he AND;FOCUS
girl OBL PT ESS AND;FOCUS
1sg.ERG
thanks
dear
grandchild AND;FOCUS
1pl.abs
one
answer
here ERG
ha
1pl.erg
say AOR
say ENT
kick
isn't
time
one
come ENT
long IN
these
valley PL
that,.the.same
this
be AOR
middle IN EL
thought
famous
Everything
he.also DAT AND;FOCUS
in.no.way AND;FOCUS
there
public ERG
way PL
NEG make,do OPT
day
And.but
moaning;.ahh
dog
turn.back AOC
country OBL DAT
more
these ERG AND;FOCUS
vizier OBL DAT
say AOR
he GEN
LIKE.WOULD.BE
more
house IN ESS
say AOR
make,do AOC
her
root OBL SP ESS
spring
make HORT
tie AOC
FLY
bring.IMPV
draw,pull INF
be.IMPV
one
go AOR
wood.shop
day
no
look INF
girl ERG AND;FOCUS
go AOR
look ENT
like.this
1sg.ERG
sea OBL GEN
here.from
say AOR
dog
say AOR
that
degree
amazing
close
go.IMPV
say ENT
say AOR
eat AOR
bring.IMPV
1pl.gen
make HORT
2sg DAT
hand IN ESS AND;FOCUS
there EL
that
son
THIS
happened PERF SBST
this
Isabala DIR GEN
religion OBL PT ESS
bread
another
ask TEMP
Lezgi
good
combine AOC
cart AND;FOCUS
yard IN EL
that
he.also
week
happy
1pl.abs
redo AOR
you
still.be,.remain
go PERF
say ENT
never
baby PL
red
catch AOC
you.know
one
here
one
say ENT
one
he
that ERG DAT
send AOR
boy
fortress OBL DAT
1pl.gen
1pl.abs
nine.hundred
sea OBL GEN
grief
us ERG
all
that
old
take.over AOR
boy OBL GEN
2sg.abs
probably
go FUT
open ENT
like.this
one
1sg.ERG DAT
go AOR
one
footprint OBL PT ESS
neck
very
bear
one
say ENT
make,do AOC
still.be,.remain
coming PST
want IMPF PTCP
say IMPF
return AOR
house OBL DAT
if.do
Ma'am OBL AD ESS
pass ENT NEG that
word
king OBL GEN
1sg.ERG DAT AND;FOCUS
make.extiguished AOC
school OBL GEN
so.much
jump FUT
with
why
he
himself ERG
border. DIR DAT
brother PL OBL DAT
want ERG DAT
that
say AOR
fear
here
the.same
one
what ERG DAT
now
was
1pl.gen
girl AND;FOCUS
uh
worthy
such
that
one
blood ERG
open PST IMMANT
then
village IN ESS
boy
return AOR
that.one
one
Georgia DIR DAT
forest PL OBL DAT
beautiful
1sg.ERG
country OBL DAT
small
these
he
only
NEG.make.PTP COND
take.off AOC
run ENT
one
go AOR
one
eat INF
soil AND;FOCUS
1sg.ERG DAT
our
he
say AOR
maybe
breath
1sg.ERG
look ENT
say ENT
one
amazement
himself ERG GEN
maybe
1pl.abs
still.be,.remain NEG
word PL
drink.IMPV
say AOR
then
after
on
burning
time
2sg.abs
fall,precipitate IMPF
good
now
Jahan
justice
eye PL
1sg.ERG
soil
soil AND;FOCUS
one
you.know
come AOC
start ENT
pearls PL
say AOR
here
that PL
say AOR
was
steed
2sg.abs
1pl.erg
one
look AOP COND
1pl.gen
window IN EL
after
now
is COND
one
time
pearls PL AND;FOCUS
sit AOC
say AOR
2sg.gen NEG
thanks
say ENT
Yaran
1pl.abs
escape AOR
light
plough
he
2sg.abs ERG
evening OBL GEN
take AOC
you
maybe
fall.on AOR
But
horse OBL SP ESS
more
cling PERF
robber PL
1pl.abs AND;FOCUS
say ENT
take.off AOR
that
make.filled AOC
in.no.way
necese
horse
ashuq OBL DAT
more
on
take AOC
unit GEN ERG DAT
now
with
brother AND;FOCUS
your
put.under ENT
fourty
blue
fall,precipitate IMPF
give
get.out IMPF.CONT NEG
himself ERG GEN
1pl.gen
2sg.gen
hand OBL GEN
boy ERG AND;FOCUS
happened PERF
one
what ERG GEN
talis ERG
fall.on AOR
one
picture
say ENT
there PST
want IMPF
say ENT
say AOR
water
look AOC
say AOR
valley IN ESS
2sg.gen
king OBL GEN
breath
that
pass ENT
word AND;FOCUS
life OBL DAT
go MSD
still.be,.remain
one
head
now
village OBL GEN
other
say AOR
sack OBL GEN
redo AOR
send.PTP.COND
dog
that
1sg.ERG
cop COND
is PST
time
take AOC
say ENT
he
wife
But
himself ERG
say AOR
1sg.gen
way
one
she DAT
dog ERG
mountain.person
right
speak INF
on.the.contrary
come ENT
come AOC
1sg.gen
say IMPF
that,.the.same
fourty
1pl.abs
say AOR
appear AOC
week IN ESS
return AOR
these DAT
1pl.abs
say IMPF
business OBL DAT
Allah
dog
news
know IMPF NEG
then
one
son PL
king OBL DAT AND;FOCUS
one
good
if
that
then
1sg.ERG
then
sugarcube PL
enter PERF
show PROH
there
after
stay
time OBL SP DIR
me.from AND;FOCUS
chapter OBL SP ESS
that
fortress OBL GEN
how
public OBL DAT AND;FOCUS
come AOR
lightning OBL SB EL
fall AOR
say AOR
town.square OBL SP ESS
look AOP COND
say ENT
child PL
2sg.abs
stay,remain AOR
this.that
say ENT
fall,precipitate IMPF
today
brother
put.under AOR
thing
but
it
grandfather ERG
happened AOR
horse OBL GEN
buy INF
say IMPF
dear
like.that
Too
if
2sg.gen
there PST
1sg.ERG
say AOR
call AOR
this OBL DAT AND;FOCUS
one
house
say AOR
more
dog OBL DAT
grandfather OBL DAT
eye PL
that,.the.same
village OBL GEN
take
car OBL DAT
one
advice
knock AOR
o'clock OBL DAT
that,.the.same
healthy.be OPT
be.in.CONT NEG
boy
say ENT
house IN ESS
them ERG GEN
nine
friend PL OBL SB EL
Poland DIR DAT
turn.back AOC
fourty
pronouncment.of.punishment.PTP.MAN
dear
say ENT
return AOR
organize FUT
Sabrillah
one
water
that
take ENT
2sg.gen
horse ERG
dog ERG
foam
far
wife PL OBL SP ESS
But
crane
2sg.abs
say AOR
military.service ERG
while.getting.down INF
come AOC
dog
today GEN ERG GEN
floor OBL DAT
bush PL IN EL
it
king OBL AD EL AND;FOCUS
you.know
2sg.abs ERG
please.do
rest INF
UNDERSTAND.AOR
give IMPF
ride AOR
what
cloth PL
dastan PL
one
and
boatman
want IMPF
that
hospital OBL DAT
try IMPF
folktale
1pl.erg
1sg.ERG DAT
water
inside
look you AND;FOCUS
very
eye PL
stick
was
himself ERG GEN
know ENT NEG
he AND;FOCUS
say ENT
torn.to.pieces
down
my
look INF
1sg.ERG
servant PL OBL DAT
child PL
grandfather OBL DAT
one
take AOR
2sg.abs
go GEN
here
that
boy OBL GEN
together
tea OBL DAT
boy
knowledge
how
Baku IN ESS
one
this
say AOR
appear AOC
week
then
spring OBL SP ESS
that
she GEN
one
chapter OBL SP ESS
two.three
Everything ERG
wood PL
say AOR
mood
want IMPF PTCP
go INF
take PERF
that
boy
go AOC
secretly
you.know
boy ERG
king OBL GEN
say ENT
horse OBL SP ESS
night OBL DAT
boy ERG AND;FOCUS
say ENT
go ENT
you
he
Sabri
all
vizier ERG
dog OBL GEN
girl OBL SB EL
boatman OBL DAT
forty
two
Poland DIR DAT
2sg.abs
open
one
doomsday DIR GEN
come AOR
that
armenian OBL PT ESS
cop COND
mother.in.law ERG AND;FOCUS
that
give
so.much
and
after.all
hospital OBL DAT
say AOR
one
1pl.abs
boat
put AOR
ammunition
three
take ENT
After
us ERG DAT AND;FOCUS
down
all
And.but
good
go FUT
high
1sg.ERG
go AOC
him.to
say ENT
please.do
or
want FUT
bathhouse IN ESS
that
say AOR
he
that OBL DAT
well
thing
strip PL
USSR
that PL
dog
jump IMPF
one
one
these
return ENT
1sg.ERG DAT
him.to
1sg.ERG DAT
word
knowledge AOR
1sg.ERG
great
all
dream IMC
horse
look COND
bring FUT
boy OBL DAT AND;FOCUS
father
Bezkhanum ERG
say ENT
go FUT PTCP TEMP
sweetheart
every
height.from PST
he AND;FOCUS
she DAT
be.in.CONT NEG
was
evening GEN
bring AOR
you.know
say AOC
buy HORT
please.do
ashuq happened
father
justice
thing PL
now
go AOR
vacation
one
two
step
look AOP COND
stand.up,rise AOR
1pl.abs
say AOP TEMP
sea OBL GEN
sweetheart
wood PL
throw AOC
go AOR
after.all
beautiful
say AOC
say AOC
my
bug PL
1pl.abs
fireplace
Shahdag OBL GEN
love
go AOR NEG
say ENT
stone PL OBL GEN
worthy DIR
will.not.be
say ENT
1sg.ERG
so.much
there
appear AOC
that
hang.PFT.PTP PERF PST
1sg.ERG
bug PL
say ENT
one
wish
what
make,do AOC
he
climb(up),mount AOC
military.service ERG
grandfather ERG
boy
want IMPF
look ENT
boat
water DAT
say AOR
now
spring OBL SP ESS
read FUT PTCP
approach INF
sheep
person
ashuq ERG
Belgium DIR DAT
give IMPF PTCP
in
her
dog
want IMPF PTCP SBST
say ENT
himself ergative DAT
say ENT
can NEG
say AOR
gold
aunt
way IN ESS
who
what
phone
say ENT
my
very
dog OBL GEN
puppy
steed OBL PT ESS
go IMPF
brother
he.and
appear.PTP.SBST
there
alphabet PL IN SP ESS
buy PERF PTCP
plough
one
time IN ESS
Azerbaijan PL
look AOC
want ERG DAT
beautiful
give FUT AND;FOCUS
his
earn IMC
the.one.after
make,do AOC
1sg.gen
girl AND;FOCUS
time
grandfather ERG AND;FOCUS
mother OBL GEN
Magaan ERG DAT
that,.the.same
was
attach AOC
call AOC
worry
thing PL
rain
house IN ESS
one
say AOC
he
say AOR
so.much
he
so.much
bread
1pl.abs
Afiya
eat AOC
other
animal PL
great
fall.on AOR NEG
escape IMPF
dog
water
cut
that DAT
believe
give IMC
bring.IMPV
is NEG
stage IN ESS
help FUT
one
that
mountain PL OBL AD ESS
us ERG
mount ENT
asking
armenian
say AOR
with
throw IMC
give IMPF
king OBL DAT
night OBL DAT
happy
beautiful
sea OBL GEN
fall,precipitate IMPF
here PST
stay,remain ENT
1pl.erg
say ENT
appear AOC
himself
pearls PL
what ERG GEN
make.ache IN
1pl.abs
1sg.ERG
jar
pleasant
with DAT
was
robber AND;FOCUS
take AOR
say AOR
wife
want IMPF PTCP
say ENT
say AOR
that
cloth PL
one
leave HORT
if
Shahdag OBL GEN
Allah OBL DAT
two
return PERF
german.person PL OBL DAT
is.there PST
2sg DAT
plough
say ENT
twenty
cut
was
her
sugarcube
with DAT
know IMPF
wolk OBL GEN
he
eye PL OBL SP ESS
only
small
cloth PL
one
1pl.abs
himself ERG GEN
house IN ESS
mountain
one
grumble
you.know
two
tire
2sg.gen
this.one
armenian OBL GEN
say AOP TEMP
Lithuania OBL GEN
our
grandfather ERG
now
that,.the.same
say AOR
1sg.ERG DAT
look ENT
moaning;.ahh
give IMC
give HORT
1sg.ERG DAT
say EL PURP
boy OBL AD ESS
them OBL GEN
then
two
dog
rain
say ENT
say ENT
russian PL
his
1sg.ERG
please.do
artist
take AOC
one
say ENT
poor
put.under ENT
so.much
1pl.erg
take AOC
say ENT
after
horse OBL SP ESS
dear
1pl.abs
go AOR
American PL ergative
that
is AND;FOCUS
go AOC
village OBL GEN
and
there PST
seven
thorn PL OBL AD ESS
that
and
upset
say IMPF
go AOR
come.out AOR
with
say AOR
give IMPF PTCP
my
one
1pl.abs
1sg.gen
was PL ERG GEN
go AOR
my
owner
come AOP go AOP
he GEN
dear
that
put AOR
bring FUT
absolutely
take AOC
but
2sg.gen
Bats
never
stone PL OBL GEN
here AND;FOCUS
document PL
say AOR
that
one
one
he GEN
say AOR
week IN SP EL
give MSD
her
one
give PERF
that
military
but
that
leader
is.there COND
happy
say AOR
say AOR
mother OBL GEN
but
king AND;FOCUS
fall,precipitate IMPF
2sg.gen NEG
that
one
1sg.ERG
name AND;FOCUS
1pl.erg
what
water
how
one
what OBL DAT
us OBL GEN
stay AOR
bird
say ENT
2sg.gen
house IN ESS
say AOR
go AOR
good
happening
say ENT
old.woman
every
brother PL AND;FOCUS
stay,remain ENT
give
one
three
go.again,return AOR
say ENT
take.off AOC
but
hand OBL GEN
outdoors
punishment
that
my
two
aunt ERG
1pl.abs
come AOC
child PL OBL AD ESS AND;FOCUS
him.to AND;FOCUS
2pl.abs
grandfather ERG
sea IN EL
bring.IMPV
one
somewhere
eat AOR
land.surviver
1pl.abs
mother ERG
one
horse OBL SP ESS
snow
one
Everything AND;FOCUS
stand.up,rise AOR
that
here
1sg.ERG
boy ERG
before
take ENT
return PERF
means
love,dear.one ERG GEN
call AOC
here.you.go
these ERG
1sg.ERG DAT
literature OBL DAT
go AOC
say ENT
house
here AND;FOCUS
say ENT
that.one
himself ERG GEN
victorious
boy
up
take AOC
1sg.ERG DAT
this.one
then
ticket PL
sea OBL GEN
it
slam AOR
nice
1pl.gen
german.person PL OBL GEN AND;FOCUS
go IMC
horse OBL SP ESS
one
one
his
1pl.erg
near
one
1sg.ERG
house IN ESS
say AOR
brother AND;FOCUS
cop
side OBL DAT
Akhtinsky
say AOR
open ENT
thought
that
more
2sg DAT
now
fall.on AOR
say ENT
himself ERG GEN
say ENT
2sg.abs ERG AND;FOCUS
say AOR
2sg DAT
already
2sg.abs
catch AOR
in.no.way AND;FOCUS
give
make,do AOC
happened PERF
conscript
if.do PST
line OBL GEN AND;FOCUS
make,do AOR NEG
look ENT
that
night OBL DAT
return AOR
Yaran
go AOR
mount AOR
wood PL
himself OBL GEN
say IMPF
day
him.to AND;FOCUS
put ENT
a.while.after
go AOC
himself OBL GEN
militaries
look ENT
no
say ENT
run ENT
say ENT
after
more
that
day
saw.mill PL
make,do AOR NEG
girl OBL PT ESS AND;FOCUS
1sg.ERG
go PERF
like
was
say ENT
don't.be
height.from PST
every
hit
chair PL
military.service OBL DAT
say AOR
her
one
sea OBL GEN
say AOC
go AOR
artist OBL GEN
NEG give AOC
1sg.ERG DAT
these ERG DAT AND;FOCUS
write FUT PST
word PL
before
2sg DAT
say ENT
go PERF PST
free
he DAT
1pl.abs
one
one
give AOR
enough
but
horse
that,.the.same
boy OBL GEN
say ENT
one
say AOR
1sg.ERG
say ENT
after
please.do
brother AND;FOCUS
one
reflxv AND;FOCUS
coming
put! ENT
flower
come AOR
my
2sg DAT
want IMPF PTCP
get.back!
public OBL DAT AND;FOCUS
more AND;FOCUS
1sg.ERG
say ENT
fourty
ground PL
today GEN
cut
bug
son AND;FOCUS
go AOR
go.again,return HORT
her
one
say AOR
1sg.ERG
my
say ENT
say ENT
wall OBL SP EL
say AOR
great
all
2sg.gen
country OBL GEN
hand
you.know
himself ERG GEN
she
horse OBL GEN
himself ergative DAT
difference AND;FOCUS
1pl.abs
boy
say ENT
boy ERG
say.IMPV
why
unclean
take.down AOC
be PERF NEG
take AOC
call AOC
say AOR
1pl.gen
friend
bottom ERG DAT
get.out AOC
he.also DAT
eye PL
leave AOC
Holiday OBL SP EL
pass ENT
go AOR
say ENT
dear ERG
that
soil
say ENT
1pl.gen
2sg.gen
go AOC
neighbor PL OBL DAT
that
week
this OBL DAT
cop which
2sg.gen
come AOC
you.know
brother PL OBL PT ESS
another
coming PST
root OBL SP ESS
bring.again AOR
eye PL OBL SP ESS
Tagiyev ERG
1pl.abs
say ENT
say ENT
go.again,return AOR
chapter OBL SP ESS AND;FOCUS
say ENT
or
say AOR
go AOR
1pl.erg
great
coming PERF
very
go.down AOR
remove AOC
country OBL DAT
himself ERG GEN
form
how
you.know
horse
wife AND;FOCUS
say.IMPV
dog
this OBL GEN
long
war
boatman OBL AND;FOCUS
great
say AOR
Bezkhanum
1sg.ERG
come AOC
die INF
burn AOC
wedding
is DAT
stay,remain AOR
2sg.gen
1sg.ERG DAT
so.much
but
one
put.again
boy ERG
come AOC
one
house OBL DAT
go IMPF
say AOR
separation
want IMPF
bird
school OBL SP EL
come PERF PST
our
beautiful
buy AOC
backwards
slam AOR
us OBL GEN
now
pearls PL
soil OBL SB EL
with
beautiful
Five
cop
means
eye PL
one
(historical).story OBL GEN
2sg.abs
like
but
baby
he NEG
cook IMPF PST SBST
say AOR
fortress OBL AD ESS
1pl.erg
himself ERG DAT
village OBL DAT
longing.PTP.COND
one
girl OBL GEN
attack AOR
how
roar
manat.(azer)
village OBL GEN
he
say IMPF
wolk PL
himself
cop COND
from.here
man PL
matchmaker PL AND;FOCUS
sweet OBL SP EL
(historical).story IN
1sg.ERG
good
cut INF
return PERF
that
happened PERF
one
more
countries PL OBL DAT
two
DIDN'T.GET.NEG.SBST SBST
year
after
grandfather OBL GEN
pearls PL
bathhouse IN ESS
say ENT
grandmother
that
knock AOR
but
go AOR
religion
our
say ENT
stick
1sg.gen
2sg.gen
there PST
that
beautiful
well
beautiful
war
now
go AOC
say ENT
separated
look AOP COND
fire OBL SB EL
water
talis
sea OBL GEN
go ENT
say ENT
was
day
plan
say ENT
new
that PL
country OBL DAT
please.do
that
that
harvest
other
that
soldier
say AOR
all
mother AND;FOCUS
worthy
carry AOR
dear
that
happy
arrow OBL GEN
one
hungry.also GEN AND;FOCUS
lot.of
1sg.ERG DAT
that
out
give AOR
come ENT
after
COME.DOWN
dog
WANTED PERF PST SBST
this.one
countryside OBL DAT
fire
her
1pl.erg
time
Ma'am ERG
commonly
dog
pearls PL
say ENT
one
that
ashuq ERG
although
want IMPF
nice
say AOR
go.again,return AOR
matter
that
say ENT
with DAT
wish
give IMC
wall OBL SP ESS
kill INF
look IMPF PST
answer
himself ERG GEN
2pl.abs
say AOR
now
appear AOC
girl OBL GEN
handful
he
him.to AND;FOCUS
say ENT
fourty
return AOC
soldier
girl AND;FOCUS
return ENT
happened PERF
look IMPF Q
another
it
attract
one
Allah DIR DAT
three
remove AOR
2sg.abs ERG AND;FOCUS
say ENT
be.IMPV
it
he.also DAT
soil
say ENT
but
one
don't.be PROH
1sg.ERG
exceed
1pl.abs
himself
1sg.ERG
plan
Yes
one
very
girl PL ERG
is NEG
horse OBL SP ESS AND;FOCUS
after
love OBL GEN
1pl DAT
girl ERG AND;FOCUS
long IN
language OBL SP ESS
very
decision OBL SP EL
answers
pearls PL OBL GEN
he
mother OBL GEN
eye PL
Bezkhanum
month IN ESS
that
1sg.gen
he
child PL
robber
say ENT
hand IN EL
"Samur"
be.born
that
that
dear
catch AOC
1pl.erg
now
two say PST
cop
bring AOC
say ENT
brother
1pl.abs
that,.the.same OBL GEN
say ENT
fourty
one
chapter OBL SP ESS
man ERG
1sg.gen
baby PL
1sg.ERG
keep AOR
bank OBL DAT DIR
climb(up),mount AOC
1pl.abs
sometimes
dog
son DAT
business OBL DAT
1sg.ERG
grandmother
is AND;FOCUS
2sg.abs
say AOR
himself ERG GEN
punishment
news
say AOR
Berlin DIR DAT
say ENT
sea OBL GEN
her GEN
massage
him.to
punishment
tea PL
cold
himself ERG GEN
year ERG DAT
say ENT
one
that
give
your
say AOR
very
car AND;FOCUS
say AOR
2sg DAT
red
one
sea OBL GEN
escape AOR
puppy PL
border. DIR DAT
forest PL IN EL
strong
dear IMPF
take ENT
one
us
he
baby
that
brother PL
go AOR
here
after
hand IN EL
suddenly AND;FOCUS
say AOR
well
horse OBL SP ESS
say ENT
even
chapter OBL SP ESS
dear
where
very
1pl.gen
more AND;FOCUS
1pl.abs
2sg.abs ERG
1pl.abs
1pl.erg
three four
fortress PL
more
house OBL DAT
go AOR
1sg.ERG
again
teacher
also
say AOR
1sg.ERG DAT
cause.to.sit IN
dog ERG
bring.IMPV
1pl.abs
sea OBL GEN
you.know
party OBL DAT
now
say AOR
worthy
climb(up),mount ENT
say ENT
bank OBL AD ESS
Ma'am ERG
with DAT
before
pearls PL
thanks
send ENT
is.there
say ENT
sea
boy
that
this
hand IN ESS
wood PL
say ENT
on
say.IMPV
go.again,return IMPF
must
2sg DAT
horse ERG
plough AND;FOCUS
water
1sg.ERG DAT
all
bring AOR
that,.the.same
hay PL
1sg.ERG
Baku IN ESS
newspaper OBL GEN
that
scale OBL GEN
go AOR
good
wood PL
say AOR
very
Hadji
him.to AND;FOCUS
one
2sg DAT
take ENT
please.do
hit
make,do AOC
come.out AOR
dog OBL GEN
this
1sg.ERG DAT
say ENT
him.to GEN
love ERG
go.IMPV
day
that.one
horse OBL SP ESS
fear IMPF
chase FUT
look AOC
but
say ENT
1sg.ERG
2sg DAT
teacher AND;FOCUS
cloth PL
dog
material AND;FOCUS
house IN ESS
return AOC
mother SP EL
here
go AOC
two
was
bread AND;FOCUS
say AOR
1pl.gen
sea OBL DAT
dear
so.much
that,.the.same
other
he GEN
what.do FUT COND
happen PERF NEG
after
return AOR
more
1sg.gen
one
soil
that
say IMPF
man
on
on
say AOR
nine
thing AND;FOCUS
members PL
two ERG GEN
take
one
himself ERG
once AND;FOCUS
himself ergative DAT
soil
come AOC
himself
finish AOR
1sg.ERG
say ENT
pearls PL
so.much
that
say AOR
boat IN ESS
yard OBL SP ESS
day
soil
look AOP COND
return FUT
all
bug
man PL
say ENT
that
year OBL GEN
Shirin
journalist
spring OBL GEN
heart OBL SP EL
return AOC
one
here
say AOC
then
drink AOR
mother ERG
say ENT
say AOR
it.also
one
ashuq
more
good
want IMPF
put.under AOC
handful IN ESS
say AOR
after
want ERG DAT
this
day
to.gather
difference AND;FOCUS
dog
1pl.abs
1sg.ERG
child PL
singer PL AND;FOCUS
house IN ESS
1sg.ERG
two
there AND;FOCUS
bread
1sg.ERG
him.to AND;FOCUS
then
then
way IN ESS
that
no
dog
say ENT
or
write PERF
voice
say ENT
that PL
say ENT
grandfather ERG
took.care OBL SB ESS
himself ERG GEN
bill.of.sale
you.know
but
say ENT
keep AOR
on.foot
1pl.gen
with
now
there
say.IMPV
pair
king AND;FOCUS
soldier PL
Jahan
valenka PL
language
Baku IN ESS
1sg.ERG
help
which.ones
1sg.ERG
COME.TILL
bring AOC
each.other
that,.the.same
three
one
France DIR DAT
then
one
fall.on AOC
that
Medjnun
here
horse OBL SP ESS
there
2sg.gen
give PERF
like.that
1sg.ERG
appear AOC
like
advice OBL AD ESS
1sg.ERG
leg
you ERG
is PST SBST
country OBL DAT
stand.up,rise AOR
say AOR
boatman
them ERG
arab PL OBL DAT
today GEN
phone
grandfather AND;FOCUS
go ENT
say AOR
great
1pl.abs
catch ENT
put.under PERF
moaning;.ahh
grandfather OBL DAT
1sg.ERG DAT
cause.to.sit ENT
come ENT
say ENT
so.much
that
voice
head
cop
two
floor IN ESS
wood PL
come.out AOR
one
jump
happened PERF
he
jump
step AND;FOCUS
one
you.know
like
brother
return AOR
say AOR
bring.IMPV
kind
she DAT
my
after.all
2sg.abs
put! ENT
countryside IN ESS
still.be,.remain
one
great
live IMPF
king OBL GEN
thought
May OBL DAT
one
vallah.billah
world OBL GEN
1sg.ERG
1sg.gen
himself OBL GEN
tsits
german.person PL OBL GEN
give FUT
dog
say AOR
stomach IN ESS
bus
wish
commonly
separated
one card.
jar
organize FUT
mother OBL DAT
still
dear
bread
Lithuania IN ESS
look AOP COND
night OBL DAT
2sg.abs
go ENT
that
what HORT
that
our
on
well
like
Christian
say AOR
want IMPF
artist OBL AD ESS
friend HORT ERG DAT
run.PRF.PTP.SBST 2sg PST DIR
her
buy AOC
you.know
slowly
turn.back AOC
that
2sg.abs
was
fall,precipitate IMPF
drink NEG
them ERG
say AOR
Pushkin
here PST
night OBL DAT
wedding PL
some
dear
1pl.erg
make ENT
well
kilometer
province IN ESS
two
say ENT
go AOC
another
Bezkhanum
girl AND;FOCUS
shoulder OBL SP ESS AND;FOCUS
go.again,return HORT
was
country OBL DAT
vacation
one
good
1sg.ERG
that
that
Poland IN EL
deceive ENT
two three
vizier ERG
son DAT
house IN ESS
buy FUT NEG Q
chapter OBL SP ESS
he GEN
himself ERG DAT
climb(up),mount AOC
that,.the.same
was
happened PERF
girl AND;FOCUS
1pl.erg
there
girl ERG
my which
her
be.in.CONT NEG
appear AOR
father
he DAT DIR
hit
tea PL
himself ERG GEN
girl OBL GEN
girl PL ERG
say ENT
him.to GEN
turn.back AOC
nation AND;FOCUS
drink HORT
behind
fireplace IN ESS
with DAT
there
branch,one.of.a.pair PL
that
this so.much
one
1pl.erg
running.FUT.PTP
he DAT
is NEG
three
she DAT AND;FOCUS
is.there
dog
maybe
cop COND
story
more AND;FOCUS
America's ERG GEN
go AOR
2sg.erg
not
her
us ERG
say AOR
sea OBL GEN
say AOR
border. PL
this
himself this DAT
window IN ESS
unit
voice
us OBL GEN
here
soil
more
"Samur"
1pl.erg
with
just
say AOR
please.do
lip PL
say AOR
1sg.ERG
form OBL AD ESS
it
Lithuania OBL GEN
girl PL
sea OBL GEN
today GEN ERG GEN
hand IN ESS
forty.five.fifty
himself ERG GEN
1pl.abs
then
horse OBL SP ESS
come.out AOR
happening.AOC
put! PERF
only
1sg.ERG DAT
or
boy ERG
that
come AOC
hand
go MSD
one
say ENT
make HORT
boy PL ERG
give IMC
this
him.to AND;FOCUS
go.IMPV
is COND
ooh
two
1sg.ERG
but
son
this
russian PL AND;FOCUS
you.know
1pl.erg
dear IMPF
say ENT
know FUT NEG
1sg.ERG
agreement
very
then
my
buy AOC
was
say ENT
say AOR
give
that
is DAT
sit!
was
sit AOC
1sg.gen
truth
teacher
eight
here DAT
one
punishment
that
Jahan
spring OBL SP ESS
1sg.ERG
somewhere
buy INF
in.no.way
fire AND;FOCUS
mother OBL DAT
say AOR
go FUT
start ENT
say ENT
weather
1sg.ERG
them ERG
here
here.to DAT
that
eeh
say AOR
long ENT
bathhouse OBL DAT
Poland DIR DAT
1pl.abs
put! ENT
make HORT
return ENT
sit ENT
because
every
two
them AND;FOCUS
give PERF PST
boy ERG AND;FOCUS
a.lot
one
one
now
put AOR
great
turn.back AOC
Bats
he
fight FUT
remove AOR
take AOC
how
cop.PST.NEG
1sg.ERG DAT
side OBL DAT
say ENT
is DAT
pig
dear
example
that.happing.AOC
phone PL
count IMPF
you.know
happened PERF
say IMPF
say IMPF
each.other
himself ERG AND;FOCUS
that.one
mine
appear AOC
was
say AOR
it
return AOC
Yes
1sg.gen
my
hand
hour OBL GEN
1pl.abs
side OBL AD ESS
2sg.abs
1pl.erg
say AOR
Etibar
pearls PL
say AOR
handful IN ESS
he
take AOR
buy AOC
wife AND;FOCUS
this.one
head OBL PT ESS AND;FOCUS
that
brother
one
what
boy OBL PT ESS
before
1sg.ERG DAT
say.IMPV
go IMC
say AOR
great
that
folktale AND;FOCUS
1sg.ERG DAT AND;FOCUS
good
was
themselves ERG GEN
like GEN DIR
public OBL DAT
king AND;FOCUS
2sg.gen
you
time
cloth PL
cop
look AOP COND
new
come AOC
one
more
that
forgive AOC PTCP
Lezgi
brother PL AND;FOCUS
hang ENT
say AOR
say ENT
this ABS
picture
say ENT
say AOR
fire
girl AND;FOCUS
still.be,.remain
good
say IMPF
like.this
that.
wow
Ma'am ERG
2sg.abs ERG
say AOR
one
say AOR
appear AOC
them ERG GEN
look AOC
weather PL
boy
happening
him.to DAT
want ERG
news
chapter OBL SP ESS
him.to AND;FOCUS
1sg.gen
happy
him.to DAT AND;FOCUS
plough
one
that
want IMPF PTCP
say AOR
say ENT
himself this DAT
that
it.also AND;FOCUS
say AOR
1pl.abs
2sg.abs
1sg.ERG
floor OBL SP EL
scale
come AOC
say ENT
long
that
say AOR
house OBL DAT
say AOR
that
really AND;FOCUS
I.wonder
moment
1sg.ERG DAT
say AOR
o'clock OBL DAT
bring AOR
dear ERG
all
go FUT
teacher ERG
issue PL
turn.back AOC
training IN ESS
die!
door
these
anger
child PL OBL PT ESS
hang ENT
water
baby
month PL
forest IN EL
look you AND;FOCUS
mount ENT
call ENT
girl OBL GEN
every
snow OBL SP ESS
1sg.ERG DAT
him.to AND;FOCUS
six
happy
2sg.abs
what
even
very
come ENT
voice
1pl.abs
so.much
1sg.ERG
so.much
say ENT
dog
area
boy
piece
say AOR
good
name OBL DAT
say AOR
1sg.ERG DAT
say ENT
himself ERG GEN
say ENT
Derbent.in IN ESS
live ENT
being
and
go ENT
2sg.erg
moaning;.ahh
glass
all
time IN ESS
catch AOC
want IMPF PTCP
you.know
he NEG
what
2sg DAT
look IMPF
boy
2sg.abs
look ENT
1pl.abs
say AOR
group
these INF
1sg.ERG
hand IN EL
love AND;FOCUS
say ENT
cop AND;FOCUS
say AOR
go AOR
say AOR
look AOC
say AOR
weather
keep AOR
time IN ESS
make INF
grandmother
wife
themselves AND;FOCUS
dear ERG
look AOR
be
neighbor
say AOR
say ENT
dastan
one
leg
our
is PST
boatman OBL DAT
or
say AOR
one
2sg.abs ERG
house IN ESS
fortress OBL GEN
two
find MSD
TODAY.TILL
high
eye PL
one
grasshoppers PL
but
here
uncle AND;FOCUS
appear AOR COND
go PERF
make.ache IN
that
one
home
on
stone
what
happened PERF
bring AOR
word
these
return AOR
one
cop
more
or
say AOR
put.under AOC
one
1pl.abs
give AOR
give AOC
say IMPF
poem
1pl.abs
fire
say IMPF
backwards
1sg.ERG DAT
one
place
that
night OBL DAT
he.also GEN
between
1pl.abs
day
spring OBL SP ESS
2pl.abs
one
2sg.abs ERG
justice ERG
kill FUT
great
here PST
where
girl OBL SB EL
small
1pl.gen
1pl.abs
appear.PTP.SBST
1sg.ERG DAT
help FUT
say AOR
time IN ESS
catch AOR
now
himself AND;FOCUS
say AOR
say ENT
there.from
send PERF
whoever
steed
language
if
Bats
say AOR
artist OBL DAT
2sg DAT
come PERF
every.time
go.again,return AOR
is AND;FOCUS
girl OBL SP ESS
go IMPF
untrusted
it
bathe INF
buy PROH
one
that
return ENT
very
more AND;FOCUS
say AOR
elder.brother OBL PT ESS
throat PL
2sg DAT
even
opposite.side OBL DAT
on
mother OBL GEN
come AOC
say AOC
1sg.ERG DAT
only
king OBL GEN
boy OBL PT ESS
it
robber
Aah
return AOR
one
times
stay AOR
was
with
way IN ESS
mother AND;FOCUS
girl AND;FOCUS
deed
paths PL AND;FOCUS
himself ERG GEN
being.AOC
now
what ERG 1sg.ERG say PST TEMP
Tagiyev OBL DAT
grandfather OBL GEN
one
brother
please.do
take AOC
old.woman
leave AOC
that
boy
say ENT
say ENT
1pl.abs
stage IN ESS
him.to DAT
one
finish AOR
leave AOC
say AOR
all
rain
bird
these ERG
give AOR
very
old.woman OBL DAT
writer OBL GEN
look
where.to
one
stain
shoulder OBL SP ESS AND;FOCUS
catch AOC
after.all
be.AOP.COND
1pl.gen
november december ERG GEN
Poland IN EL
countryside IN ESS
cloth AND;FOCUS
that PL
countryside OBL DAT
time
good
mine
village OBL DAT
make ENT PST
1pl.gen
he
then
1pl.abs
air PL ERG DAT
praise
shake AOR
there PST
1sg.ERG
fire
mistake
door
say AOR
say ENT
more
2sg.abs
one
voice
family OBL DAT
pig
you.know
stati
go AOR
cause.to.sit ENT
say AOR
she AND;FOCUS
boy OBL GEN
boy
beautiful
Ma'am ERG
say.IMPV
one
say AOR
bring.IMPV
like.this
say IMC
he
pair
enter FUT
vein PL
this
arab PL OBL GEN
send.back;send.again AOR
say ENT
screaming.AOP
exemplary
baby
that
child OBL SP ESS
man OBL DAT
Azerbaijan
matchmaker PL AND;FOCUS
friendship
knowledge AOC
so.much
1pl.abs
him.to AND;FOCUS
look AOP COND
boy ERG
place
very
one
that
one
king OBL GEN
already
brother
he.also DAT
2sg.abs
way
then
one
take PERF
ten
is.there PST
go FUT
1pl.gen
be
1sg.ERG DAT
grandfather AND;FOCUS
is DAT
countryside OBL DAT
hut
one
man
flint.from DIR GEN
go.again,return FUT
wife
pig PL
stone
boy
sit AOC
say AOR
give AOR
wave,wag AOR
head
that,.the.same
say ENT
was
say ENT
get.out AOC
handful IN ESS
yard OBL SP ESS AND;FOCUS
this
1pl.erg
2sg.gen
wood PL
concert
uhr
that
story PL OBL SB EL
return ENT
grandfather OBL GEN
1pl.abs
even
say AOR
five.six
1sg.ERG DAT
themselves ERG GEN
house IN ESS
that PL
himself ERG GEN
thing PL OBL AD ESS
one
bring.IMPV
night OBL DAT
water PL
one
"Samur"
boy ERG AND;FOCUS
one
on
export
dog
things
fortress OBL DAT
man PL
great
feild IN EL
Imran
good
relative OBL DAT
cold ERG
one
remove AOR
after
one
minute
like.this
go AOC
look MSD
girl OBL AD ESS
son
OGON.KOPY.IN
say AOR
buy PROH
that
get.out AOC
make HORT
1sg.ERG
1sg.ERG
remake,redo FUT PST
warm
you.know
want IMPF
always
stay,remain AOR
hey
riches
she DAT
shepherd ERG
say IMC
one
that
one
happen DAT
teacher
concert PL
language
see.IMP
say AOR
make HORT
he
step AND;FOCUS
servant PL
that
chain OBL AD ESS
this.night
was
one
1sg.gen
go AOC
boy ERG AND;FOCUS
fall AOR
go AOR
fall FUT
say ENT
say AOR
Allah
himself ERG
frost OBL DAT
one
1pl.erg
catch AOC
attention IN EL
hand PL OBL AD ESS
these
here ERG
end
nineteen.in DIR DAT
put.under ENT
nation
thing
he
well
great
say AOR
one
well
one
horse
where PST
one
sea OBL AD ESS
dear
these OBL DAT
baby
school IN EL
1pl.abs
dastan
was
sea OBL SP EL
say ENT
his
1sg.ERG
go AOC
today GEN ERG GEN
two
1sg.ERG
is
so.much
2sg DAT
sweetheart OBL DAT
1sg.gen
NEG make,do PERF PTCP
heart
country OBL GEN
today
before
sea OBL GEN
2sg DAT
doing.AOP
1pl.gen
soldier
dear
time
help FUT COND
1pl.abs
teacher ERG
say ENT
take.off AOC
Akhtinsky
king OBL GEN
go AOC
look AOC
make FUT PST
picture
mother
piece
bring HORT
1sg.ERG
boy ERG AND;FOCUS
this ABS
say ENT
NEG look OPT
say ENT
why
then
keep,defend AOR
other
one
deceive ENT
that
artist OBL GEN
say ENT
he
go AOC
story
animal PL
be.IMPV
one
day
more
mount AOR
that
open AOC
say AOR
rain
what.do FUT COND
sea OBL GEN
say ENT
say AOR
give AOC
very
boy ERG
you.know
1pl.abs
statement
place
with
say AOR
Baku OBL DAT
one
that,.the.same
fall
go ENT
fire OBL GEN
catch AOC
himself this GEN
some
here PST
mother
say ENT
know IMPF
say AOR
another OBL DAT
2sg.abs
guns PL AND;FOCUS
girl OBL DAT
turn.back AOC
amazing
time PL IN EL
arab PL ERG
soul OBL DAT AND;FOCUS
go AOC
live ENT
give AOC
boy OBL GEN
say AOR
house IN ESS
take AOC
leather
soldier PL
now
say ENT
occasional
ring PL AND;FOCUS
1pl.abs AND;FOCUS
return AOR
himself ERG GEN
that
say ENT
outpost SP ESS
them ERG GEN
1pl.gen
soil
one
our
well
there
Soviet ERG GEN
picture
pearls PL OBL GEN
stage IN ESS
year
sea OBL GEN
one
boy
man ERG
concert AND;FOCUS
how
now
needing.AOP
after
that,.the.same
thing AND;FOCUS
dog
1pl.erg
himself ERG DAT AND;FOCUS
one
go AOC
1sg.ERG
where
castle PL
tie AOC
you
go.IMPF.PTC.SUBT
with
he
place OBL SP EL
he
say ENT
say AOR
one
fortress
like.this
jar
that
blind
mother ERG
keep AOR
these
more
say AOR
climb(up),mount ENT
no
father
parable
soil AND;FOCUS
put.under ENT
call AOR
you
dear
pearls PL
boy
condition IN ESS
return AOC
house
go.again,return IMPF
1pl.erg
Bezkhanum
village OBL GEN
return AOR
say ENT
morning OBL PT DIR
bring AOR
2sg.gen
hand IN ESS
2sg.abs
2sg.abs
who
say AOR
thing OBL DAT
take AOR
hay OBL DAT
Ma'am
area OBL ESS
come PERF PST
fall.on AOC
dastan
king OBL DAT
one
come.out AOR
attention IN EL
adhere PERF NEG
old.woman OBL GEN
horse OBL SP ESS
wall OBL SP EL
other
permision
pleasant
after.all
make IMPF
bread
cause.to.sit IN
call AOC
2pl.abs
draw,pull PERF
here DAT
servant PL OBL DAT
come PERF
say ENT
2sg DAT
want IMPF
her
go.again,return AOR
say AOR
good
go AOC
where
2sg.erg
say ENT
look.IMPV
Yaran
2sg DAT
her
day
bathhouse IN ESS
front
father
he DAT
1pl.abs
friend AND;FOCUS
2sg.abs
go FUT
one ERG
look AOP COND
king OBL DAT
well
house.of.culture IN ESS
her
one
window IN EL
them ERG
puppy ERG
plough
son
good
that
these
want IMPF
place
run AOR
sea OBL GEN
seen
girl OBL SP ESS
place IN ESS
artist
1sg.ERG DAT
no
look AOP COND
return AOR
come PERF
that
say AOR
dear
where
hand
whoever
house OBL SP EL
girl OBL DAT
say IMPF
Hadji
that
word AND;FOCUS
today
moaning;.ahh
go FUT PTCP PURP
beautiful
quickly
is NEG
say ENT
mount ENT
Lithuania OBL DAT
fortress OBL AD ESS
chapter OBL SP ESS
this ABS
thing AND;FOCUS
and
that
say ENT
he.from 2sg PST
say AOR
one
say ENT
buy AOC
boy
commonly
sea OBL GEN
say ENT
him.to
one
wave,wag AOR
say AOR
king OBL GEN
after
boy ERG
Aah
it
say AOR
one
her
chapter PL
that
passport
now
therefore
cop
punishment
hide PERF
run ENT
you.know
catch FUT COND
say ENT
plough
these ERG
hand
1sg.ERG DAT
say AOR
was
by.money DIR
thing OBL GEN
1sg.ERG
life OBL DAT
is PST DIR
song PL OBL DAT
appear AOC
him.to
ibrahimova
house IN ESS
say ENT
look AOP COND
say ENT
say AOR
say AOR
in.this.way
nineteen.in DIR DAT
say ENT
time
one
go AOC
girl PL OBL GEN
say AOR
girl OBL GEN
young
speak IMPF
come AOC
THIRD PST
say ENT
himself ERG GEN
day
handful
still.be,.remain
brother PL
steed
folktale AND;FOCUS
please.do
one
there
1pl.abs
Shahdag OBL GEN
sugarcube PL
sit AOC
wind
cow PL
catch AOR
tsits
bill.of.sale
girl OBL SP ESS
one
pearls PL
come AOC
1pl.abs
1sg.ERG
why
say ENT
cop.PST.NEG
owner
dog
go ENT
chance
fourteen
thing
give IMC
from.there
place IN EL
spring
say ENT
child PL
say AOR
was.ENT
catch ENT
time
dear
town.square OBL SP ESS
springboard
good
she DAT AND;FOCUS
Rafik's OBL GEN
one
1pl.abs
armenian AND;FOCUS
hit
with DAT
2sg DAT
answer
far DAT
say ENT
say IMC
boy OBL GEN
one
german.person PL OBL GEN AND;FOCUS
picture
it
girl ERG
go AOR
say ENT
fight FUT
bring.IMPV
wood OBL SP ESS
say AOR
three
this ABS
happened PERF
more
with
ashuq
brother
one
mother AND;FOCUS
horse ERG
go AOR
chase FUT
dastan
sea OBL GEN
one
after
say AOR
hand IN ESS
this.one
Azerbaijan
here
old.woman
one
after.all
say AOR
handful IN ESS
one
1pl.abs
her DAT
here
which
will.be
give AOP
say ENT
separate AOR
say AOR
day
one
2sg.gen
friend OBL GEN
wood PL
concert
with
with
Belgium DIR DAT
Lezgi
these ERG
country OBL DAT
say ENT
grandfather AND;FOCUS
return ENT
run ENT
war
lawyer PL
1sg.ERG DAT
in.
know IMPF NEG
he AND;FOCUS
voice
want IMPF
one
make.ache ENT
fear
time
one
then
on
boy OBL AD EL
down
soldier OBL SB EL
foam
cold ERG
good
1sg.ERG
1pl.erg
well
come.out AOR
that
basin
one
fireplace OBL GEN
look.IMPV
drink.IMPV
cop COND AND;FOCUS
happened PERF
1sg.gen
fire
himself ERG GEN
good .NESS PL
head
two
girl OBL GEN
say ENT
horse ERG
say ENT
say IMPF
blood
one
two OBL DAT
time AND;FOCUS
summer
there PST
say AOR
say IMPF
that
sea OBL GEN
keep AOR
bathhouse OBL DAT
finish
a.while.after
say AOR
spring
2sg DAT
no
go AOR
these
want IMPF
boy OBL DAT AND;FOCUS
Everything AND;FOCUS
he
one
is DAT
pearls PL AND;FOCUS
our
her
your
is PST DIR
look IMPF
thing
way IN ESS
puppy PL AND;FOCUS
reach ENT
four
fortress OBL DAT
one
come.out AOR
what.for
very
1sg.ERG
great
like.that
together
find MSD
chance
19
ashuq OBL DAT
go ENT
language
2sg.erg
cloth AND;FOCUS
fight ENT
2sg.gen
he
come AOC
another OBL DAT
time
one
go.down AOR
like.that
say ENT
himself
cop
it
a.while.after
down
him.to DAT AND;FOCUS
brother
so.much
lean
is PST
one
bring AOR
Barzy
bring AOR
one
help FUT COND
already
fourty
now
him.to
finish
2sg.abs ERG
say ENT
sea OBL GEN
say AOR
say AOR
send FUT
other
say IMPF
happened PERF
seven ERG DAT
teacher
but
him.to DAT
go AOC
dog
friend PL ERG
pocket IN EL
beautiful
what ERG GEN
owner
think.much AOR think.much AOR
after
car
very
one
2sg.abs OBL
her
isn't
market OBL SP ESS
high.voltage
one
mother AND;FOCUS
very
sea OBL GEN
himself ERG DAT
DIDN'T.GET.NEG.SBST SBST
turn.back ENT
hand IN EL
black
go AOR
himself ERG GEN
sea OBL GEN
1sg.ERG
he
stay AOR
say AOR
say ENT
leg OBL SP ESS
one
person OBL AD EL
military.service ERG
these ERG
say ENT
one
nation
burn AOR
fortress OBL DAT
say AOR
evidence PL
wish
boat.in.being.IMC
country OBL DAT
only
look.IMPV
well
two
war
set AOR
spring OBL SP ESS AND;FOCUS
kind
turn.back AOC
return ENT
old
help COND
exceed
keep AOR
put.under AOR
1pl.abs AND;FOCUS
it
girl OBL DAT
pearls PL
mainly
so.much
he
go AOC
punishment
scale OBL AD ESS
say AOR
1pl.abs
soil
1sg.gen
say IMPF
say AOR
place
person
catch AOC
me.from ERG PST
one
one
russian
hat AND;FOCUS
for
what
Bezkhanum
that
say ENT
buy AOC
desire
himself
appear ENT
fight ENT
fourty
her AND;FOCUS
one
make FUT PST
himself
1sg.gen
villager PL ERG
is PST SBST TEMP PST AND;FOCUS
he
love
boy
chapter
advice
it
say IMPF
father
after.all
one
being.AOC
1pl.erg
grandfather ERG
happening.AOC
say IMPF
worthy
how
say AOR
place
go AOC
stay,remain AOR
bring AOR
these
mother OBL DAT
soil
extinguish PERF NEG
2sg.abs ERG
child OBL GEN
no
1pl.abs
vizier PL
sea OBL GEN
want
thing AND;FOCUS
return AOR
dog
one
three ERG
boy OBL GEN
horse
dear
say ENT
nation IN EL
come FUT
say ENT
armenian OBL PT ESS
cop
light
cavalry
your
with
"Samur'
horse OBL GEN
place OBL SP EL
the.German
king OBL DAT AND;FOCUS
but
horse OBL SP ESS
please.do
divide
engagament
say AOR
statement
like.that
chance
be DAT
say AOR
what HORT
come AOC
come AOR NEG
dog
put! ENT
say ENT
his
say AOR
want IMPF
man
say IMC
bring.IMPV
that
bring AOR
horse OBL SP ESS
cop
house IN ESS
be.IMPV
even
one
make FUT
easy
time IN ESS
our
fall,precipitate IMPF
horse OBL GEN
one
here.you.go
play AND;FOCUS
among
Lezgi
mother
that,.the.same
dream IN EL
say ENT
spade OBL AD ESS
24.hour.period
1sg.gen
teacher
himself
with
one
Holland ERG DAT
homeland OBL DAT
say ENT
forty
take AOR
blind
he
that,.the.same
2sg.abs
then
chapter IN EL
beautiful
COME.DOWN
boy
ration
want IMPF PTCP
house OBL DAT
worthy DIR
Russia OBL GEN
1pl.abs
mount ENT
wall OBL SP ESS
but
time IN ESS
milk OBL SB EL
go AOC
return PERF
himself
go.down AOC
say ENT
he
go ENT
say ENT
teacher ERG
look AOC
boy
put.on ENT
grandmother
good
day
chapter OBL SP ESS
bug
us ERG
say ENT
1pl.abs
you.know
he
one
go.again,return AOR
call ENT
wife
you
say.IMPV
throw AOC
mistake
Allah OBL DAT
dear
time
say AOR
answer
Lezgi
touch PROH
love AND;FOCUS
1sg.ERG DAT
1sg.ERG DAT
mother OBL GEN
sweetheart
say IMPF
2sg DAT
go AOC
this AND;FOCUS
start IMPF
girl OBL SB EL
that
all
that,.the.same
tea PL
newspaper OBL GEN
give AOR
say AOR
our
cop
put! AOR
other.one
one
one
pour
information PL
say AOR
rice PL
what HORT
go.again,return IMPF
rain AOP
then
say PERF
1sg.ERG DAT
aformentioned.place
alone
give AOR
sea OBL GEN
finish AOR
himself
have
good
wood PL
one
woman PL AND;FOCUS
give AOR
return FUT
1sg.ERG DAT
water
one
story
word
horse OBL SP ESS
say IMC
she.and
that
bring FUT
girl OBL DAT
himself
cop
man
dog
sister
cop AOR
call,ring AOR
"Samur" OBL GEN
spring OBL SP ESS
1sg.ERG DAT
one
dastan
say ENT
bread AND;FOCUS
these
forest OBL DAT
day
how
that OBL DAT
go FUT
2sg DAT
attention ENT
Lithuania OBL DAT
happy
cop
and
is IMMANT
say ENT
go FUT PTCP TEMP
in.Russian
say ENT
you.know
go.again,return HORT
address
absolutely
happened PERF
heart OBL SP EL
1pl.gen
market OBL DAT
buy FUT NEG Q
Berlin IN EL
burning
great
come ENT
say AOC
bathhouse IN ESS
that
smoke
himself ERG GEN
say AOR
say ENT
himself OBL GEN
language
cop
boy ERG AND;FOCUS
PURP
all
that
month OBL ESS
walk PERF
bank IN ESS
2sg.abs ERG
look AOR
put.under AOC
boy ERG AND;FOCUS
make,do AOC
he GEN
empty
thing AND;FOCUS
Too
crane OBL GEN
1pl.abs
happy
what
write
heart OBL DAT
other
one
very
happening.AOC
THERFORE
jump FUT
place IN ESS
interesting
how
cop
commander ERG
1pl.erg
Kazakhstan IN ESS
town.square OBL SP ESS
say AOR
pronouncment.of.punishment.PTP.MAN
with DAT
beautiful
great
great
buy PERF
Berlin IN EL
today GEN ERG GEN
day
go AOP
that,.the.same
himself ERG GEN
appear IMPF NEG
you ERG
2sg.gen
1pl.erg
military.service ERG
THERFORE
say ENT
head
THIS
what ERG GEN
say ENT
boy ERG
but
cop INF
go AOC
before
go HORT
eye PL
him.to GEN
these INF
as.if
say AOR
like.that
small
but
is INF
that
ashuq OBL DAT
demand
way
how
2sg DAT
come ENT
2sg DAT
voice
he
buy AOC
person
weak
American PL this
return AOR
day
Nabran.to OBL DAT
means
two say PST
evil PURP
look AOC
horse OBL SP ESS AND;FOCUS
boy
reach AOC
that
child PL
stay,remain IN
"Samur"
one
always
there PST
himself ERG GEN
time
hay PL
put! ENT
1pl.gen
1sg.gen
1sg.ERG
1pl.gen
one
girl OBL SB EL
say AOR
actually
but
go FUT
2pl DAT
2sg.abs
place
say ENT
give
more
screaming.AOP
return FUT
2sg.abs ERG
go FUT
great
then
drink AOC
is NEG INF
there DAT
1sg.ERG and
then
man PL
give AOC
bring AOR
beautiful
1sg.gen
catch AOC
you
1sg.ERG DAT
girl OBL DAT
Poland DIR DAT
because.of
go AOR
one
eye PL
water
young
1sg.ERG DAT
say IMPF
it
son
give AOR
story
he
Shahdag OBL GEN
is NEG
eye PL
before
say AOC
two
1sg.gen
sea OBL GEN
sadness AND;FOCUS
arab PL
let.it.be.OPT
two
1pl.abs
robber
look AOP COND
day
yes
that PL
reach AOP TEMP
Isabala
1pl.abs
1pl.erg
go FUT PTCP PURP
small OBL DAT
three
shepherd OBL GEN
sit IMPF NEG
look AOC
himself ERG GEN
king OBL DAT
say ENT
he DAT
news
1sg.gen
say AOR
Shollar.from DIR DAT
brother
dog
one
sea OBL GEN
say AOR
Ma'am
say AOR
go AOC
now
happened AOR
hide ENT
he
time OBL SP EL
on
come AOC
three
go AOR NEG
NEG.make.PTP COND
is PST
side OBL DAT
her
Leningrad ERG GEN
teacher
country OBL GEN
say ENT
two say PST
mother OBL SP EL
1sg.ERG
go FUT PTCP TEMP
price
like
that
dear
1sg.ERG DAT AND;FOCUS
fifty
now
pass ENT
song
one
one
more
say IMC
return PERF
that PL
artist OBL AD ESS
here DAT
necklace PL
new
one
say ENT
goods.and.chattels
on
one
so.much
hand IN EL
time IN ESS
him.to
that
barrack OBL SP ESS
every
day
say IMC
set AOR
brother OBL PT ESS
she DAT
that
doing.AOP TEMP
1sg.ERG DAT
never
go PERF PST
dog
happy
fireplace IN ESS
after
was
themselves DAT
that
dear
say AOR
story
and
happened PERF
these
boy
return AOR
say AOR
you.know
cop INF
say AOR
never
Aah
what
look AOC
he
1pl.abs
1pl.abs
look AOP TEMP
take FUT
you.know
ask
behind
cop
pile
heart OBL SP EL
say ENT
thing
side OBL DAT
1sg.ERG
sea OBL GEN
how
say AOR
1sg.ERG
2sg.abs
servant PL
NEG be.will EL
heavy
take IMC
that
character
that PL
owner
young
unfaithful
give INF
province OBL AD ESS
say AOR
go.again,return AOR
there
2sg.gen
childhood
day
wheel OBL SP ESS
hand IN ESS AND;FOCUS
under
boy ERG
punishment
is.there
here PST
chapter OBL SP ESS
bread
1pl.abs
redo AOR
say AOR
go.again,return IMPF
after.all
what
2sg.abs ERG
newspaper OBL GEN
cop
shack
black
that
young
great
that PL
horse
Shemseddin OBL GEN
go AOC
that
know ENT NEG
know FUT NEG
hide PERF
step OBL DAT
matter
military.service OBL DAT
fourty
say AOR
two
Aah
here
1sg.ERG DAT
climb(up),mount ENT
TO.GIVE
but
1pl.erg
brother
here
you
if
send.away.IMPV
1sg.ERG
that
give AOC
go AOC
1pl.erg
what ERG DAT
fire AND;FOCUS
another
he AND;FOCUS
who
picture
grandmother
happened AOP
no
was
tire PERF PTCP SBST
1pl.gen
go HORT
1sg.gen
one
he
1pl.abs
read AOP TEMP
come AOC
with
look INF
want ENT PTCP
want COND AND;FOCUS
say AOR
dog
that
Khudat DIR DAT
what
only
country OBL DAT
June OBL GEN
him.to
labour OBL SP DIR
one
still.be,.remain
1pl.abs
like.that
girl AND;FOCUS
horse
Shahdag OBL GEN
say AOR
SECOND
fire
himself ERG GEN
sea OBL GEN
now
beautiful
himself ERG GEN
put! PERF
see IMPF
say IMPF
come AOC
only
bring FUT
you.know
hand
one
know IMPF
sheep OBL GEN
look.IMPV
boy ERG
1sg.ERG
bread
say AOR
cop
give MSD OBL SB EL
it
mountain PL OBL SP EL
thing AND;FOCUS
army.(rus)
he
1pl.gen
1sg.ERG DAT
bread
relative ERG AND;FOCUS
head
passport PL
say AOC
take AOC
reign ERG DAT
hide HORT
come AOR
wolk ERG
1pl.abs
house IN ESS
say ENT
1sg.ERG
name PL
here DAT
tsits
he
sea OBL GEN
man OBL GEN
after.all
say AOR
boy
by.crawling
owner
snow
her DAT
say AOP TEMP
say AOR
what
brother
now AND;FOCUS
see AOR
look.IMPV
public OBL DAT
give MSD
2pl.abs
live ENT
is NEG
on
my
that
happened PERF
mouth
stage
there
friend DIR
sea OBL GEN
1sg.gen
five
that
catch ENT
us ERG
is PST SBST
shift OBL SP ESS
say AOR
grandfather OBL DAT
say ENT
egg PL
take AOR
say AOR
one
be GEN
how
Nusret
hand IN EL
and
pocket IN EL
2sg DAT
2sg.gen
more
one
chapter OBL SP ESS
that
day
now
1sg.ERG
bring.again AOR
say AOR
speak IMPF
thing OBL SB EL
it
that
little
sea OBL GEN
1sg.gen
say AOR
that
say ENT
form PL
himself ergative DAT
catch AOC
chapter OBL SP ESS
love OBL SB EL
go.again,return AOR
direction.(rus)
sofa OBL GEN
say ENT
order
mother OBL GEN
up SBST PST
cloth PL
2sg DAT
say ENT
high
is PST SBST
with
look MSD
now
head
ground OBL SP ESS
start ENT
that
king OBL GEN
grandfather AND;FOCUS
say ENT
open ENT
one
word
like
make IMPF
person OBL AD EL
say ENT
"Samur"
here.you.go
take.off AOC
sweetheart
was
hand
decision OBL DAT
himself ERG AND;FOCUS
Derbent.in OBL GEN
appear AOC
good
knowledge AOR
stay,remain IN
give
Everything AND;FOCUS
this.one
he
1pl.gen
can't OPT
village IN EL
fortress OBL PT ESS
Natavan
and
happy
bug
pans PL
cold ERG
why
one
is DAT
he
say AOR
way,.road OBL SP ESS
make.extiguished AOR
1sg.gen
1sg.ERG
that
old
1pl.erg
call AOR
return AOR
longing.PTP.COND
friend
go GEN
give FUT
king OBL GEN
on
one
brother
him.to AND;FOCUS
A.LITTLE
that
mother
all
say ENT
say IMC
2sg DAT
like.that
word
think.much AOR think.much AOR
there PST
no
and
boy
beautiful DIR
girl AND;FOCUS
come ENT
there
that
cop COND
So,
what
ahh
say ENT
1sg.ERG DAT
say AOR
soil
where PST
now
say AOR
cop
dog
never AND;FOCUS
two
say ENT
famous
attention OBL DAT
beautiful
king AND;FOCUS
beautiful
one
2sg.gen
medicine
o'clock OBL GEN
go INF
this.one
come AOC
come AOC
you.know
grandfather OBL GEN
1sg.ERG GEN AND;FOCUS
look AOP TEMP
was
say ENT
grandfather OBL GEN
newspaper OBL GEN
great
say AOR
decide AOR
want IMPF
take PERF
more AND;FOCUS
good
who
operator ERG
one
then
father OBL PT ESS
say AOR
mourn DIR DAT
country OBL DAT
let.it.be.OPT
stand.up,rise INF
but
story
word PL
give
himself ERG
say ENT
every
good
go.again,return FUT
look AOP TEMP
song
hand IN ESS
boat IN ESS
say AOR
cop
that,.the.same OBL GEN
1sg.ERG
this
new
say IMC
send PERF
town.square OBL SP ESS
fight
before
1pl.abs
love
himself
actually
after
new
1sg.gen
then
him.to AND;FOCUS
one
justice
is PST
cop
like.that
man OBL DAT
1sg.ERG
one
is NEG
father
NEG.make.PTP COND
there.from PST
these
take AOC
1pl.erg
give IMPF PTCP
chapter OBL SP ESS
that PL
simple
give MSD
these ERG
say AOC
country OBL DAT
2sg.abs ERG AND;FOCUS
chapter PL AND;FOCUS
what
red
chase FUT
2sg DAT
himself ERG
every
say AOR
barrack
year
1sg.ERG DAT
1sg.ERG DAT
man ERG
untrusted
say AOR
car OBL GEN
picture IN ESS
one
servant PL
carry.up AOR
give AOC
dog
necklace PL
moaning;.ahh
take AOR
puppy PL
heart
go INF
go AOC
one
look.IMPV
want IMPF
behind
coming PST SBST
before
philosopy
is.there
throw AOC
father
1pl.erg
you.know
captivity(rus)
take AOR
so.much
happy
good
1pl.abs
one
after
1pl.abs
1pl.erg
beautiful
1pl.abs AND;FOCUS
teacher
child PL ERG
say ENT
soil
these ERG
turn.back AOR
one
go.again,return FUT
want IMPF
chapter
is COND
one
him.to DAT
1pl.gen
rest OBL SP EL
take HORT
old.woman
himself ERG GEN
say AOR
fire
while.going
evening
group
go AOR
if.do
way
anyway
deep
uncle ERG AND;FOCUS
one
name PL
then
say ENT
but
just
catch ENT
then
come AOC
what
that
direction.(rus)
these
come AOC
1sg.ERG DAT
and.amand
head
hand IN ESS
fight
horse OBL SP ESS
water
maybe
say ENT
after
way
bring.IMPV
wait IMPF
1pl.abs
boy
guard AND;FOCUS
take INF
1sg.ERG
minute
help AOP SBST
return FUT
hand IN EL
say AOR
name OBL DAT
another
owner
1pl.abs
once AND;FOCUS
fourty
car
seventy
what
he GEN
tea PL
teacher
good
after.all
torn.to.pieces
culture OBL GEN
two card.
today AND;FOCUS
example
1sg.ERG
province OBL AD ESS
1sg.ERG DAT
city OBL DAT
come AOC
so.much
put.under AOC
on
1pl.abs
sea OBL DAT
himself ERG GEN
is COND
one
boy OBL GEN
put.under AOC
dear
want IMPF NEG
boy
open IMPF
bring
one
2sg DAT
call AOC
1sg.ERG DAT
so.much
one
there
make,do AOC
that
her
her
appear AOR
only
then
happy
newspaper OBL GEN
say ENT
dog OBL GEN
punishment
look AOR
2sg DAT
grandfather ERG AND;FOCUS
place OBL SB EL
1pl.abs
story
put!
write PERF PTCP
say ENT
water
no
one
public OBL DAT AND;FOCUS
bring AOC
good
near
village OBL DAT
one
GOING.TO.SLEEP.TEMP TEMP
that
1sg.gen
forty
say AOR
lie.down AOR
my
what
roe PL AND;FOCUS
boy ERG AND;FOCUS
bank OBL SP EL
die
that
half PL
young PL
look AOP COND
hand
puppy OBL DAT
say AOR
thing OBL DAT
news
so.much
1sg.ERG
girl AND;FOCUS
create
today
puppy OBL PT ESS
war PL IN ESS
1sg.ERG DAT
wish OBL GEN
you.know
then
owner
soil AND;FOCUS
2sg.abs ERG
Kuran OBL SP ESS
was
very.sad
that,.the.same
want
her
1pl.abs
hey.man
war
go AOC
reach AOC
not
girl OBL DAT
he.again
return PERF
one ERG
you.know
like
robber PL
Uhm
say ENT
father
once
1sg.ERG
go INF
thing
want ERG DAT
it
jump FUT
boat IN ESS
one
son
leg PL hand PL
go AOR
driver OBL DAT
hand IN EL
look AOR
boy
gold
2sg DAT
that
1sg.ERG DAT
horse
sweetheart OBL DAT
happened PERF
want IMPF PTCP
bring HORT
that
fate,destiny IN ESS
agreement
that
now
be AOR
put.out AOR
grandfather ERG
go IMPF
side OBL DAT
say AOR
good
leave AOC
hit AOC
ahh
that
brother
bring AOC
sea OBL DAT
1pl.erg
her
say AOR
reason OBL SB EL
more
stay IMPF
say ENT
him.to AND;FOCUS
think.much IMPF
cop COND
horse OBL SP ESS
himself
appear AOR COND
dog
say AOR
1sg.ERG
horse ERG
2sg.abs
hand
quickly
precipitate
country IN ESS
so.much
one
time IN ESS
say AOR
other.one
stand.up,rise ENT
ring PL
1pl.gen
reach AOC
pearls PL
eye PL OBL SP ESS
he DAT
one
one
country IN ESS
cop COND
go PERF
say AOR
here
boy OBL GEN
with.slyness OBL AD ESS
two say PST
say AOR
victorious
send.away.IMPV
himself
escape IMPF
pearls PL
Yaran
swear
put! PERF
Zeller
this
himself ERG GEN
say AOR
say AOR
what
on..duty
bird
that
Shahdag OBL GEN
go AOC
that
disaster
fourty
one
Hadji
wood PL
forest OBL DAT
way IN ESS
it
newspaper
that
ten
but
take ENT
"Samur"
1sg.gen
boat IN ESS
live ENT
say AOR
grandfather OBL GEN
day
hill OBL SP ESS
russian
one
while.going
him.to AND;FOCUS
station OBL GEN
wow
say ENT
say AOR
Alyaska's ERG GEN
say.IMPV
was
Yalama's DIR AND;FOCUS
hide PERF
after.all
end AND;FOCUS
dog
1sg.ERG
in.no.way
cop if
girl OBL GEN
that
far
say ENT
one
word
that,.the.same
teacher ERG
bull PL OBL AD EL
after
say IMPF
1pl.abs
say ENT
house OBL DAT
mother
say IMPF
today
story OBL GEN
2sg DAT
dear
this
relationship
say ENT
cop if
pearls PL OBL GEN
village IN EL
1sg.ERG DAT
away.from
that
boat
justice
time IN ESS
2sg DAT
one
Bezkhanum
book
that
no
take.off ENT
always
what ERG GEN
1sg.ERG
before
say AOR
one AND;FOCUS
sit ENT
young
stand.up,rise AOP TEMP
soil AND;FOCUS
himself ERG GEN
eat AOC
there PST
after.all
horse
so.much
water
bread
agreement
again
2sg.erg
horse ERG
fire
head
return AOR
that
suprised
house OBL DAT
make IMPF
return PERF
dear
say ENT
happened PERF
one
Sasha
that PL
return AOC
you
pearls OBL GEN
but
say AOR
sea OBL GEN
house IN ESS
other.one
after.all
that
give AOC
this
go.IMPF.PTC.SUBT
one
look AOR
that
that,.the.same
say ENT
I.wonder
he DAT
one
that
small
France DIR DAT
soil
pearls PL
go AOC
teacher
villager PL OBL DAT
horse
that
that,.the.same
dear
week
1sg.ERG
father
one
well
all
yes
sing PL
ha.ha.ha
thing AND;FOCUS
flake
1sg.ERG
"Samur"
middle IN EL
while.going
knowledge
one
take.down AOR
how
cloth PL
that PL
three
1pl.gen
often
good
IT.WILL.BE.DONE
for
brave
better PL ERG GEN
say ENT
me
boy
say ENT
2sg DAT
there
sister NESS AND;FOCUS
other
sea OBL AD ESS
these ERG GEN
say AOR
bring AOR
tire AOR
go ENT
that,.the.same
open AOC
evening OBL GEN
want IMPF PTCP
then
one
deer OBL GEN
one
say AOR
"Samur"
more AND;FOCUS
them ERG DAT AND;FOCUS
province IN ESS
sea OBL GEN
he PST
beautiful
cop COND
1pl.abs AND;FOCUS
it
go AOR
he GEN
sea OBL GEN
owner
1sg.ERG
horse
here DAT
great
time OBL SP ESS
no
cloth PL
say ENT
boy
say AOR
what
one
punishment
that
boy PL OBL DAT
all
pity
war OBL GEN
away.from
1sg.ERG
plough
2sg DAT
cry
put! ENT
say AOR
stand.up,rise AOR
dear IMPF
go ENT
very
one
Bezkhanum ERG
yourself
give AOP
is PST SBST
issue PL
bring HORT
DIED OBL DAT
be
my
brother OBL DAT AND;FOCUS
man OBL GEN
mother
say MSD DAT
say AOC
1sg.ERG
dinner
o'clock OBL GEN
get.out AOC
bring AOC
want IMPF
after AND;FOCUS
house PL OBL ESS
way IN ESS
that
well
1pl.gen
look AOP COND
that
isn't
it
with DAT
1pl.erg
say AOR
chapter OBL SP ESS
give FUT
could't
he
now
cloth PL
word
here.you.go
village OBL GEN
say ENT
forest OBL GEN
that,.the.same
this.one
go AOR
Bezkhanum OBL PT ESS
say ENT
bank OBL AD ESS
that
happened PERF NEG
one
balcony IN EL
now
he
himself ERG GEN
100
finish
come AOC
say INF
cut INF
say IMPF
goods.and.chattels
say ENT
is
2sg.abs ERG
wolk
small
world
moaning;.ahh
can NEG AND;FOCUS
three
why
he
After
2sg DAT
aformentioned.place
eye PL OBL SP ESS
horse ERG
come PERF PST
form
name OBL DAT
sea OBL GEN
say AOR
2sg DAT
please.do
pair
hit AOR
these ERG GEN
2sg.abs
now
rise
leg
come ENT
say AOR
was
wife
operator
say ENT
Rahulla
go PERF
that
that
to.gather IMPF PTCP SBST
go AOR
toast PL
ashuq
folktale
these
good
himself ERG DAT
some
no
1sg.ERG DAT
gold
you.know
these
say AOR
come AOR
say ENT
sea OBL GEN
is PST
1pl.erg
that
these AND;FOCUS
tire AOR
with DAT
say ENT
well
that
village OBL DAT
say ENT
one
one
give IMC
say AOR
one
always
that PL
boy ERG AND;FOCUS
say ENT
son
girl AND;FOCUS
that
bring AOR
you.know
say AOR
after.all
chapter OBL SB ESS
brother PL
that
say ENT
then
1sg.ERG DAT
put ENT
that,.the.same
sea OBL GEN
say ENT
put.under AOC
one
form
what
fall,precipitate IMPF
stone OBL GEN
one
say AOR
show IMPF
Derbent.in OBL GEN
pearls PL
turn.back AOC
you
FRAUD DAT
pass ENT
basically
that
say IMPF PTCP
happening PL
Afiya
beautiful
stay AOR
answer
THERFORE
jump IMPF PTCP
wasn't
fire
king OBL GEN
after
Bats
create
1sg.gen
soil
make INF
reach AOC
take AOC
call AOC
dear
say.IMPV
1sg.ERG
month PL OBL SP EL
one
sen.Allah
say AOR
very
arrow OBL DAT
say ENT
was
say ENT
make.mistakes
these ERG
still
1sg.ERG
himself ERG DAT
other
buy HORT
word OBL SP ESS OBL
more AND;FOCUS
every
dear ERG .NESS ERG GEN
with DAT
three
But
name OBL DAT
new
german.person PL ERG
is.shouting
say ENT
shack
one
head
enter PERF
child OBL SP ESS
turned.out
2sg.erg
he.also GEN
boy OBL GEN
girl ERG
or
before
Ma'am
Baku IN ESS
1pl.gen
maybe
buy AOC
that
go.again,return AOR
voice
come AOC
climb(up),mount AOR
forma
one
1pl.erg
give AOC
mine PL
aunt ERG
go.down AOR NEG
him.to
2sg.abs
enough
come.out AOR
say AOR
one
name AND;FOCUS
pleasant
after
boatman OBL DAT AND;FOCUS
say ENT
want IMPF NEG
then
1pl.erg
himself ERG GEN
that
1pl.abs
man PL
me.to
unconcious
new
bathhouse IN ESS
beautiful
beautiful
one
down
public OBL DAT AND;FOCUS
one
Ledjet
province IN ESS
look AOP TEMP
you.know
say ENT
after
him.to AND;FOCUS
say IMPF
1sg.ERG DAT
1sg.ERG DAT
now
say AOR
1sg.ERG
boy PL OBL DAT
even
comfort
one
betrothed
blue
market OBL SP ESS
come.on
house IN ESS
he
this AND;FOCUS
pearls PL
one AND;FOCUS
wind
that
say AOR
sister
how
newspaper OBL GEN
what
sugarcube
twenty
return AOR
tea OBL DAT
2sg DAT
two.three
say ENT
put ENT
1sg.ERG DAT
two
maybe
scream IMPF
mother
he
medicine
bring.IMPV
he
come PERF
girl AND;FOCUS
wedding PL
it
this
side OBL DAT
us ERG
boy
horse OBL SP ESS
this.one
cloth AND;FOCUS
that
on..duty OBL DAT
2sg DAT
return AOR
come PERF PST
return IMPF PTCP
girl PL OBL GEN
bring.IMPV
be.AOP.COND
end AND;FOCUS
internet
but
border OBL SP ESS
be PERF
great
me.to
girl ERG
whirlpool
brother ERG
separated
dig
say IMPF
is PST
1sg.gen
that
finish
tea PL
one
mother
new
news PL
head
approach INF
very
say ENT
throw AOC
himself ERG
bread
was
1pl.abs
go IMPF
hand IN EL
what ERG DAT
send FUT
maybe
catch AOC
only
one
place OBL SP EL
our
all
down
mother OBL GEN
there PL DAT
1sg.ERG
he
write PERF
eye PL
why
2sg.gen
go AOR
get.out AOC
pig
side OBL DAT
he
HEARD PERF.CONT
one
1pl.abs
2sg.gen
cop
come AOC
secretly
justice
child
say AOR
that
long
make,do AOC
this
handful OBL GEN
say AOR
close AOR
go.again,return ENT
say AOR
chapter
bring AOC
cassette
heart OBL SP ESS
bring HORT
these ERG
let.it.be
grandfather OBL GEN
say AOR
was
go AOR
boy
border. PL
one
go IMPF
still.be,.remain
brother AND;FOCUS
say AOR
you.know
say AOR
sea IN EL
1sg.ERG DAT AND;FOCUS
girl OBL GEN
commander ERG
say AOR
him.to DAT
no
far
three
stay,remain IN
more
way,.road OBL DAT
say ENT
say AOR
dear
go ENT
pearls PL
say ENT
1sg.ERG DAT
catch AOC
girl OBL GEN
girl OBL PT ESS
Sevastopol ERG DAT
with
one
look.IMPV
king OBL DAT
one
azerbaijanian
say ENT
with
buy PERF
say ENT
was
rain
decision
chance
boatman AND;FOCUS
pair
Ledjet
relative
father OBL DAT AND;FOCUS
one
that,.the.same
REACHED
show
this ABS
that
neighbor PL AND;FOCUS
thing
come AOC
one
1pl.abs
very
every
ashuq
fall AOR
say AOR
be.IMPV
month OBL ESS
bug PL OBL SB EL
Sevastopol ERG DAT
call ENT
1sg.ERG DAT
on
grumble IMPF
grandfather OBL GEN
count IMPF
what ERG GEN
1pl.erg
dog OBL DAT
say ENT
stone
18
dog
himself ERG GEN
one
wear,put.on PERF PST SBST
Shahdag
pig PL
district IN ESS
sister
say AOR
one
day OBL SP EL
anyway
very
bread
say AOR
catch ENT
say AOR
himself ergative DAT
really AND;FOCUS
KrAz
keep AOR
two
escape IMPF
say ENT
that
you.know
call AOR
jump FUT
one
moaning;.ahh
want IMPF PTCP SBST
you.know
like.that
car
what
front.line OBL DAT
story
that
1pl.erg
person
outdoors
is DAT
bird
reach AOP TEMP
house PL
1pl.abs
time OBL SP EL
throw ENT PST
we.with
dear
2sg.abs
shift OBL DAT
2sg.abs
1sg.gen
smoke
sister
say ENT
rain
one
give IMC
fourty
running.FUT.PTP
go ENT
day OBL SP ESS
a.lot
after
say ENT
make.filled AOC
egg
good
say AOR
clean
American PL this
son
animal PL AND;FOCUS
time OBL SP DIR
tradition
chapter OBL SP ESS AND;FOCUS
head
want IMPF NEG
head
brave
NEG do HORT
time
1pl.erg AND;FOCUS
say AOR
THANK.YOU
well
boatman
well
yes
newspaper OBL GEN
day
1sg
king OBL GEN
1sg.ERG DAT
how
climb(up),mount AOC
and
look IMPF PST
love
us ERG
say AOR
2sg.abs ERG
wed FUT
was
in.
beautiful
robber
look IMPF
himself ERG GEN
time IN ESS
cop
Uhm
1sg.ERG
student
never
Shahdag
that
scholar OBL GEN
beautiful DIR
give INF
take FUT
appear AOP TEMP
say AOR
eye PL
grandchild PL AND;FOCUS
handful IN ESS
want IMPF PTCP
with.haste
girl ERG
more
her
say AOP TEMP
come PERF
say ENT
was
after.all
that
bone AND;FOCUS
always
1pl.abs
1pl.erg
send.back;send.again AOR
go.again,return AOR
poor
himself
there PST
how
fellow.countryman
he.also
what ERG DAT
city OBL DAT
hand IN ESS
him.to DAT
put IMPF
1sg.ERG
come AOC
give IMPF
steed OBL PT ESS
man
Isabala DIR GEN
say AOR
fellow.countryman
dog
she DAT
that DAT
say AOR
house
say ENT
bring FUT
Jahan
1pl.gen
evening OBL GEN
rest OBL SP EL
say AOR
write
look ENT
say AOR
2sg DAT
that
beautiful
chapter ERG GEN
but
say AOR
knowledge
2sg.abs
that,.the.same
but
2sg.gen
two
other.one
boat
one
dear
open HORT
was
independent
with
2sg DAT
put.under PERF
himself OBL GEN
say ENT
was
her
these ERG DAT AND;FOCUS
horse OBL GEN
baby PL
say AOR
these AND;FOCUS
that
one
where PST
kilometer
man OBL PT ESS
say ENT
fall,precipitate IMPF
write PERF
2sg.gen
stone
say AOR
after
go INF
walk IMPF
what ERG DAT
1sg.ERG DAT
that
Ey
IN.TIME have
that
deed PL
1sg.ERG
that
our
attention
say IMPF
district
you
but
Lithuania OBL GEN
driver
say ENT
water
say AOC
that PL
one
1sg.ERG DAT
that
good
say ENT
one
soldier
with
open ENT
return PERF
say ENT
1sg.ERG DAT
evening OBL GEN
say AOR
1pl.abs
give AOP
approach AOC
one
1sg.ERG
old.woman
thing AND;FOCUS
after
slowly
1sg.ERG DAT
decision OBL DAT
one
picture
girl OBL GEN
life OBL SP EL
1pl.abs
ashuq
similar
say AOR
say ENT
ladle
german.person ERG
1pl.gen
deceive AOR
poem
Keyseddin
chapter OBL SP ESS
her AND;FOCUS
say AOR
say ENT
1sg.gen
take AOC
return ENT
say ENT
bread
1sg.ERG
say IMPF
that
think.much PROH
with
say AOR
say ENT
in.no.way AND;FOCUS
but
hide HORT
that
Berlin DIR DAT
boy ERG AND;FOCUS
say ENT
night OBL DAT
boy
thing
mother
say ENT
1sg.ERG DAT
A.LITTLE
one
climb(up),mount ENT
time PL ERG
1sg.gen
lot.of
heart OBL SP ESS
want IMPF PTCP
bring AOC
sea OBL GEN
so.much
2sg.abs
my
eye OBL SB EL
1sg.ERG
Migrah PL OBL GEN
anger
dog
say IMPF
centimeter
homeland OBL DAT
take PERF
that
say ENT
1pl.abs
dog OBL DAT
say ENT
then
even
1sg.gen
seen SBST
very
himself
he
already
send ENT
after
one
go AOC
1pl.erg
finish
boy
today OBL GEN
egg PL
together
he
being.AOC
child PL
say AOR
dog
now
where.being.PTP.SBST
with.haste
head
say AOR
there PST
is PST SBST
go ENT
you.know
Yes
he.also DAT AND;FOCUS
picture
say ENT
he.also AND;FOCUS
even
azerbaijanian PL
dog OBL DAT AND;FOCUS
facility OBL SP EL
can NEG
say AOR
guard
plov PL
with
commander OBL DAT
say ENT
oneself
bring FUT
other
even
approach ENT
with DAT
this
german.person PL OBL PT ESS
he
girl ERG AND;FOCUS
say ENT
please.do
how
say ENT
that
want IMPF
animal PL
come PERF
sweet
one
turn.back AOC
make INF
sea OBL GEN
dog OBL DAT
mother AND;FOCUS
2sg.abs
with
look.IMPV
side OBL DAT
Nabran.to DIR DAT
say IMPF
put INF
grandchild PL AND;FOCUS
1pl.abs
what
himself
come AOC
he.from
spring PL
king OBL AD EL AND;FOCUS
cop
1sg.gen
wood
never
one
look AOC
there.from PST
stay AOR
2sg DAT
seventy
2sg.abs ERG
wood.shop
give IMC
that,.the.same
go.again,return AOR
say ENT
that
dear
like
dear
child PL
old.woman
know IMPF NEG
wall PL OBL AD ESS
sea OBL DAT
king OBL GEN
one
time AND;FOCUS
2sg.abs
1pl.abs
put!
go AOR
other.one
one
cavalry
she GEN
here
with
happened PERF
say ENT
hand PL OBL AD ESS
ha
warm
jewish AND;FOCUS
on
love OBL GEN
secretly
picture
Uhm
mount ENT
enter INF
car
1pl.gen
him.to GEN
hand
one
1pl.erg
minute OBL SP EL
public
life OBL GEN
thing AND;FOCUS
want IMPF
after
king OBL DAT
say ENT
After AND;FOCUS
sister
take AOC
it
soil AND;FOCUS
make,do PERF
2sg.abs
issue PL
come AOR
1sg.gen
here PST
talis ERG
blood ERG
that
catch ENT
cop PST
himself this DAT
say AOR
say AOR
attention OBL DAT
that DAT
courage
1sg.ERG DAT
want IMPF
May OBL DAT
that,.the.same
doing.AOP
mother
beautiful
say ENT
say ENT
that
1pl.abs
old
this
but
say AOR NEG
pig
throne OBL SP ESS
say ENT
he.again
beautiful
say ENT
curse
say AOR
attack
house OBL DAT
stuff
say ENT
mother OBL DAT
it
boy
look AOP COND
one
look IMPF Q
take ENT
how
three
1sg.ERG DAT
boy OBL DAT AND;FOCUS
was
Khudat
steed
with AND;FOCUS
riches
servant PL
reign ENT
root PL this TEMP PST
it.seems
he.from
all
dog
to.gather
go AOR
is DAT
1sg.ERG DAT
say ENT
2sg.abs ERG
get.out AOC
time
worthy
look AOP COND
more
once
what ERG GEN
father
go IMPF
baby
catch IMPF
him.to GEN
give
say AOR
make HORT
frost
how.Q
how
boy ERG AND;FOCUS
drink HORT
beautiful DIR
one
country
springboard
say AOR
here AND;FOCUS
NEG.make.PTP COND
take.down AOR
one
1pl.abs
day
in.the
jump IMPF PTCP
you.know
TOTALY
come PERF
appear AOC
Afiya
say AOR
passport
want IMPF
near
say ENT
scratch
one ERG GEN
a.lot
side OBL DAT
catch PERF
take AOC
say ENT
bird
being.AOC
air OBL SP EL
himself AND;FOCUS
1sg.ERG DAT
swear
was
night OBL DAT
Migrah
answer
two
robber PL
engagament
so.much
wall OBL SP EL
want IMPF
sign
dear
well
1pl.abs
like.this
actions.do FUT
2sg DAT
Ma'am ERG
Anadyr.from DIR DAT
dear
1pl.gen
more
then
bird
public
girl AND;FOCUS
way
hang.PFT.PTP PERF PST
look AOP COND
say ENT
then
hit FUT
knowledge AOC
Allah OBL DAT
say ENT
unconcious
give AOC
her
if.be
dastan PL
one
more AND;FOCUS
one
Dagestan's DIR GEN
1pl.gen
coming PST SBST
bill.of.sale PL
1pl.erg
1pl.abs
wood PL
after
shepherd
moaning;.ahh
say ENT
country PL ERG
say AOR
there
guard
take ENT
there.to
1sg.gen
say AOR
station
after
go FUT
two
sweetheart OBL DAT
by.cunning .NESS OBL SP DIR
put! AOR
boy ERG AND;FOCUS
is DAT
grandmother
was
want IMPF
cop
she DAT
two
catch ENT
say AOR
was
himself ERG
2sg.abs
while.going
2sg.abs ERG
eye PL OBL SP ESS
Yes
say AOR
dear
all
take HORT
air PL ERG DAT
you
dear
three
catch AOC
girl ERG AND;FOCUS
form
come.out AOR
king AND;FOCUS
himself
well
king AND;FOCUS
1sg.ERG DAT
say ENT
go AOC
come ENT
word
one
this.one
want IMPF PTCP
house IN ESS
vizier OBL DAT
here.you.go
2sg.erg
boy
poem PL
her
spring OBL SP ESS
1sg.ERG
like.this GEN
shoulder IN SP ESS
public ERG
go AOC
these
say AOR
1pl.erg
happened PERF
boy
put.under ENT
So,
say AOR
2sg.abs ERG
1pl.gen
wood PL
day OBL SP EL
head
2sg DAT
come ENT
return AOC
marry
chapter OBL SP ESS
with
make ENT
what
boatman
give
buy PERF PTCP
say AOR
upset
empty
ten
2sg.abs
please.do
forest OBL GEN
two OBL DAT
nice PL
cop
2pl.abs ERG
beauty
one
down
look AOR
one
say ENT
cloth AND;FOCUS
say AOR
beautiful
cop
write IMPF
is.there PST
2sg DAT
NEG make,do PERF PTCP
want IMPF PTCP
return PERF
fortress OBL DAT
is PST
border. DIR DAT
front.line
want IMPF
say IMPF
one AND;FOCUS
uh
come AOC
one
write FUT PST
come AOC
boy
this.one
want IMPF PTCP
say AOC
1pl.erg
there PST
say AOR
better
go AOC
2sg DAT
solution PL ERG SB EL
sign
half PL AND;FOCUS
girl AND;FOCUS
say AOR
say IMC
city OBL DAT
1sg.ERG DAT
finally
always
fortress
happened PERF
one
look AOP COND
1pl.abs
go.again,return HORT
even
with
is.there SBST TEMP PST
three
on
nine.hundred
1sg.ERG DAT
unfaithful
our
time IN ESS
appear PERF
sea OBL SP EL
secretly
1sg.ERG DAT
that,.the.same
she AND;FOCUS
punishment
which
say ENT
now
well
two say PST
ground OBL SP ESS
with
meet ENT
one
him.to GEN
forest PL IN EL
great
say ENT
move hut AND;FOCUS
say AOR
newspaper
say AOC
knowledge
be SBST NEG
you.know
school OBL DAT
now
so.much
go IMPF
bag PL
high.voltage
countryside OBL DAT
say ENT
after
believe
but ERG
so.much
jar
1sg.ERG
take ENT
1sg.ERG
ten
1sg.gen
but
hill OBL SP ESS
but
neighbor OBL SP ESS
one
say AOR
other
patience
say ENT
like.that
Kazakhstan IN ESS
like.that
before
why
say AOR
him.to
all
that.way
then
word PL
word PL
give
say AOP TEMP
girl OBL SP ESS
say ENT
say AOR
wed FUT
neighbor OBL SP ESS
was
2sg.gen
story PL
say ENT
go.again,return AOR
other
deceive AOC
cloth PL
come PERF PST
fall,precipitate IMPF
dog
was
make IMPF
fortress OBL DAT
night OBL GEN
public OBL DAT
And.but
say ENT
right
1sg.ERG
earlier
then
Imran
fourty
TILL
1pl.abs
say AOR
year
say AOR
kill INF
steal
secretly
I.wonder
bull PL
Caspia OBL GEN
soil
hour OBL GEN
open HORT
two
animal
say AOR
soil
day
you.know
that.happing.AOC
be DAT
on..duty OBL DAT
more
how.Q
old.woman
2sg.abs
Muxox IN EL
attention ENT
camp OBL DAT
dear
go.IMPV
that
war
girl ERG
with
2sg.abs
say AOR
cloth PL
thing
one
say AOR
who
choose FUT
he DAT
like
say.IMPV
never
Mehman's OBL GEN
come ENT
throne OBL SP ESS
time IN ESS
time PL
say AOR
say ENT
come AOP go AOP
choose FUT
time
hut
love OBL GEN
fall AOR
day
wood PL
soil
wish
handful IN ESS
say.IMPV
and
return ENT
water DAT
one
door OBL GEN
give FUT PTCP
go AOC
beat INF
then
shepherd OBL GEN
say ENT
one
say ENT
boy ERG AND;FOCUS
one
leave HORT
sea OBL GEN
that PL
bring AOC
that
2sg.abs
boy
now
is.there SBST TEMP PST
remove AOR
hand IN ESS
before
medicine
advice OBL AD ESS
boy PL ERG
jar
with
special
1pl.abs
concert PL
other
hill OBL SP ESS
one card.
say ENT
only
horse
knowledge AOC
that DAT
is.there PST
come AOC
after
say AOR
from.here
1pl.abs
say AOR
great
1pl.abs
that,.the.same
1sg.gen
cuting.PTP.MAN
want IMPF PTCP
behind
man PL
good
be AOR
go.again,return AOR
say ENT
go PERF COND
market OBL DAT
happened PERF COND
fall.on AOR NEG
cause
book
hole
boy ERG
one
very
here.you.go
deceive AOR
a.while.after
reign ERG DAT
one
and
1sg.ERG DAT
boy ERG
say IMC
all
our
more
that
return AOR
other
relative OBL DAT
take
return AOR
think.much IMPF
touch PROH
last
three
say AOR
every
he
sit!
beautiful
brother
take.down AOC
say AOR
door
in.
be
old
say ENT
this.one
boy PL ERG
chapter IN ESS
german.person PL OBL PT ESS
let.it.be.OPT
more AND;FOCUS
2sg.abs ERG
this ERG
fur
lie.down AOR
you.know
other
one
owner
one
one
DIDN'T.GET.NEG.SBST SBST
captivity(rus)
king OBL GEN
1pl.abs
open AOR
cop.PST.NEG
talis
then
girl AND;FOCUS
bring HORT
that,.the.same
stove OBL SP ESS
these ERG GEN
mine PL
jar
you
1sg.ERG DAT
(historical).story OBL GEN
statement
these AND;FOCUS
ooh
that
ashamed
that PL
day
1sg.ERG
with DAT
1sg.ERG DAT
can.be.NEG
all
say ENT
how
house OBL GEN
in.
girl OBL SP ESS
us OBL GEN
testomony PL
want ERG DAT
2sg DAT
say ENT
that
more AND;FOCUS
climb(up),mount AOC
1sg.ERG
give AOR
chapter OBL SP ESS
puppy PL
moon
have DAT
say AOR
boy
water
2sg DAT
after.all
cop
king OBL GEN
himself ERG GEN
needing.AOP
come PERF
that
chase FUT
here
say AOR
redo AOR
money
go.again,return AOR
then
even
And.but
that
say ENT
before
great
1pl.abs
faithful
that
come.out AOR
heart OBL SP ESS
flake
reach AOC
he.also AND;FOCUS
moaning;.ahh
document PL
voice
house OBL DAT
thing
go.again,return AOR
year
or
2sg.abs
great
chapter IN SP ESS
this
know IMPF
horse OBL SP ESS
say AOR
you.know
say AOR
give AOR
boy ERG
plantation OBL DAT
1pl.abs
here DAT
but
was
that
wedding PL
water PL
village OBL GEN
going.PTP.COND
one AND;FOCUS
that
boy OBL AD EL
2sg.gen
bag
she GEN
look IMPF PST
today
he DAT
come AOR
say AOR
fall.on AOR
house IN ESS
CALL.TILL
agreement
o'clock OBL DAT
grandfather ERG
please.do
give AOC
say ENT
rank
tongue
then
up
horse OBL SP ESS
fall,precipitate AOR
look
that,.the.same
robber PL
say ENT
how
give INF
that
make PROH
make IMPF
one
song PL
son
knowledge
fourty
attention PL
what
that
beautiful
commmissurate AOC
that PL
1pl.erg
1pl.abs
look ENT
village OBL GEN
ladle
maybe
want IMPF
1pl.gen
love
like.that
chapter PL AND;FOCUS
want IMPF
arab PL AND;FOCUS
other.one
come AOC
pass ENT
guard AND;FOCUS
no
spade
2sg.abs
1sg.gen
him.to GEN
by.crawling
with
me.from ERG PST
king ERG
sit ENT
donkey ERG GEN
members PL
girl AND;FOCUS
althought AND;FOCUS
you.know
nine
summer
displeasure
one
with DAT
is.there PST
boy OBL GEN
put.on ENT
him.to
Uhm
blue
or
say.a.word
picture
water
fall.on AOR
return AOR
eye PL OBL SP ESS
girl OBL SP ESS
punishment
word
1pl.abs
pearls PL
one
sea OBL GEN
medicine AND;FOCUS
go AOC
2sg DAT
give IMPF
boy
happening.AOC
man
say IMC
he.also DAT
one
boy OBL GEN
every.time
say PERF
reign ENT
village OBL DAT
himself AND;FOCUS
eight
but
surname
one
time IN ESS
but
happy
acquainted
put! ENT
you.know
go AOR
one
month OBL ESS
that,.the.same
then
you
that
1sg.ERG DAT
no
say AOR
this
hit FUT
1sg.ERG DAT
hand IN ESS
think.much PROH
1sg.ERG
bread
say AOR
take ENT
homeland OBL DAT
1sg.ERG
him.to AND;FOCUS
that
better
1sg.ERG
robber AND;FOCUS
was
grandfather ERG
nail OBL SB EL
him.to DAT
go AOC
mother
then
that
appear IMPF
himself ergative DAT
grandmother OBL DAT AND;FOCUS
1sg.gen
say ENT
bathhouse OBL DAT
say ENT
1sg.ERG
go AOR
politics OBL SB EL
place
way IN ESS
but
steal
down
that
and
vizier OBL DAT
one
great
great
come AOC
country
1pl.erg
one
that
say AOR
himself ergative DAT
say AOR
king AND;FOCUS
so.much
open IMPF
young
sweetheart
boy
with DAT
price
house OBL SP EL
hand
relationship
now
that
boy ERG AND;FOCUS
building
then
necklace PL
read PERF
be.in.CONT NEG
mother AND;FOCUS
2sg.abs ERG
1pl.gen
way IN EL
you
village
hay PL
stone
1sg.ERG
one
horse OBL AD EL
make IMPF
1sg.ERG
this ABS
then
book
girl AND;FOCUS
say AOR
tree IN ESS
say AOR
soldier
agreement
say ENT
after
that,.the.same
time
pair
break
say ENT
put.under AOC
say ENT
say AOR
1pl.gen
that PL
hand
thing AOR
go AOC
Nasrullah
1sg.ERG DAT
one
go AOC
take AOC
that
keep,defend AOR
that
just
say ENT
boy
1sg.ERG
his
say AOR
2sg DAT
himself ERG GEN
today
cleanless PURP
go AOR
come AOC
boy
who
never
say AOR
medicine
only
that
dog
cop
say ENT
fourty
patience
very
out
owner
bring AOC
bring.IMPV
2sg.abs ERG
hand
say AOR
side IN ESS AND;FOCUS
tremor
make FUT PST
there.to AND;FOCUS
go IMPF
1sg.ERG
cop
go AOC
say FUT
thing
walk AOR
king OBL DAT
is NEG
recently
like.this
catch AOC
but
2sg.abs
is PST
GOING.TO.SLEEP.TEMP TEMP
was
1sg.ERG
say ENT
there PL DAT
himself ergative GEN
Bezkhanum
1sg.ERG DAT
that
here.from
book IN EL
house PL OBL GEN
look ENT
very
one
beautiful
give AOR
1sg.ERG
boy
say AOR
take AOC
say.IMPV
catch AOR
neighbor PL
run.PRF.PTP.SBST 2sg PST DIR
good
1pl.abs
boy OBL GEN
independent
give AOC
1sg.gen
1pl.abs
one
means
bread
king OBL GEN
create AOR
head
chapter PL
stand.up,rise ENT
water
drink AOC
her
what ERG DAT
that
say AOR
what
say AOR
that
voice
be AOR
say ENT
way
enter PERF
what
countryside OBL DAT
one
falcon
mother AND;FOCUS
you.know
cop
1pl.erg
leg
so.much
boy OBL GEN
then
chapter OBL SP ESS
one
that PL
say ENT
SECOND
boy
kind
1pl.gen
it OBL GEN
that.aforementioned
nation
Chukotka OBL DAT
say ENT
eye PL OBL SP ESS
say IMC
that
patience
make,do AOC
mother OBL AND;FOCUS
now
unit GEN ERG DAT
ration
hospital IN ESS AND;FOCUS
that PL
draw OPT
one
that
how
way IN ESS
year PL
two
was
shepherd
the.are.not.any
friend
where AOR COND AND;FOCUS
chapter AND;FOCUS
say AOR
that
other
normal
baby PL
two
be AOR
cassette PL
deed
kind
if.do
girl ERG
man
the.same
snow
that
you.know
export
come PERF PST
why
1pl.erg
fall.on AOR
give
before
have NEG DAT
grandmother
ANYWAY
ground IN ESS
these
give AOR NEG
german.person AND;FOCUS
NEG make,do PERF PTCP
horse OBL SP ESS
boy
three
1pl.abs
her
these
happy
say ENT
come.out AOR
what
is.there PST
here
2sg.abs ERG
June OBL GEN
there
with DAT
pearls PL
1sg.ERG
1sg.ERG
write PERF
pleasant
well
one
house OBL DAT
say IMPF
1sg.ERG DAT
sit IMPF NEG
day
1sg.ERG DAT
mother OBL DAT
take.off AOC
was
go AOR
one
say ENT
one
paper
1sg.ERG
pile OBL SP ESS
1sg.ERG
say AOR
play INF
wedding
is PST
come AOC
one
together
that
this
shame
say AOR
courage OBL DAT
1pl.abs
whoever
say AOR
himself ERG
2sg.gen
say ENT
one
happening
most
knowledge
2sg.gen
sea OBL GEN
him.to AND;FOCUS
one
these ERG GEN
go FUT PTCP TEMP
far DAT was
side OBL DAT
boy OBL DAT AND;FOCUS
appear AOC
say ENT
say AOR
out
buy AOC
fire
evening OBL GEN
look IMPF
say AOC
is PST
there PST
one
egg PL
Bezkhanum
dog
Christian
hit
is.if
one
he GEN DIR
boat.in.being.IMC
1sg.ERG
was
say ENT
that,.the.same
possible
appear
say AOR
use
say AOR
war
means
buy IMC
that
pleasant
way,.road OBL SP EL
look PST COND
2sg.gen
hospital IN ESS AND;FOCUS
open AOC
chapter OBL SP ESS
one
1sg.ERG
he.also AND;FOCUS
more AND;FOCUS
two ERG GEN
king OBL GEN
was
one
sister
vodka
say AOR
say ENT
snow
go AOC
return PERF
say ENT
1pl.abs
weather
coming PST SBST
then
event
side PL OBL ESS
this
take ENT
know FUT NEG
say ENT
baby OBL GEN
house IN ESS
come AOR
teacher OBL DAT
internet
go AOR
1sg.ERG DAT
today
day OBL SP DIR
sergeant
new DAT
was
isn't
one
burn AOP PURP
it
word PL
him.to AND;FOCUS
one
send.PTP.COND
love's OBL GEN
say AOR
mad
himself OBL GEN
2sg.abs ERG
boy ERG
armenian OBL GEN
car PL IN
himself this DAT
go AOR
go AOR
return AOR
mother
Allah
before
1sg.ERG
way,.road OBL SP ESS
But
today
catch AOC
one
say IMC
dear
after
all
cloth PL
take.off ENT
1sg.ERG
generation
one
fire
very.sad
say ENT
news
give PERF PST
pearls PL
ticket PL
guns PL
1sg.gen
hat AND;FOCUS
but
Yes
get.out AOC
thorn PL IN EL
merry
old
say AOR
one
say AOR
give
where
that
and
one
say ENT
say AOR
throw AOC
1pl.abs
oneself
so.much
1sg.gen
but
fall AOR
in.vain
that
say AOR
country OBL DAT
2sg DAT
picture
beautiful
say ENT
he DAT
want IMPF
say AOR
that
exist.doesn't
guns AND;FOCUS
village OBL GEN
I
go IMPF
girl OBL SB EL
these ERG GEN
1sg.ERG
after.all
about
say IMPF
that
himself OBL GEN
buy INF
boy ERG
other
vizier OBL DAT
then
one
now
one
story
now
this.night AND;FOCUS
give
opposite.side OBL DAT
jewish
shepherd OBL AD ESS
chapter OBL SP ESS
fall.on AOR
here ERG
a.while.after
1sg.ERG DAT
say AOR
what
king OBL GEN
take AOC
dog
1sg.ERG
1sg.gen
go AOR
no
camp OBL DAT
go ENT
military.service ERG
happy .NESS OBL AD EL
that OBL DAT
wall OBL SP EL
himself ERG GEN
stay,remain IN
I
go AOR
five
like.this
say AOR
was
2sg.gen
say ENT
what
2sg DAT
come AOR
punishment
1sg.ERG DAT
wateror.something.else
good .NESS PL
bring AOC
like
very
make IMPF
now
wife OBL DAT
this
make,do AOR COND
boatman OBL DAT AND;FOCUS
young
was
1sg.ERG
healthy.be OPT
1sg.ERG DAT
let.it.be.OPT
my
be.born POSTR
bank OBL SP EL
say AOR
sea OBL GEN
voice
day
statement
one
why
approach ENT
1pl.erg
say ENT
say AOR
that
that
give AOR
spring OBL GEN
my
punishment
in.no.way
neighbor
boy OBL DAT AND;FOCUS
Sebrilla
so.much
Russia
Jahan
wife
start ENT
great
girl PL ERG AD ESS
fire
call ENT
that
put
one
slowly
permision
say ENT
three