n==#=
koon#makanan
na#DEF
kerah#monyet
ontokng#type.of.medicinal.plant
mual#Mual
kei#juga
-in-#PST.ACY gi-#ACY.C2 nipi#mimpi;.bermimpi
n-#ATTR.ST doot#buruk
bas#pernah
gien#where
na#DEF
-in-#PST.ACY g-#ACY.C2 ohodn#makan
ng-#ISA.AV irah#ajar
bonggi#Banggi
in-#PST.UV undah#membaiki
ng-#ISA.AV asak#menanam
matakng#datang
umai#gadis
na#nya
nentaadn.na#ALL
diaa#darat
jadi#jadi
na#DEF
kirab#kelmarin;.semalam
siga#PLURAL
oduh#nenek
nd==#BIDAK;.BUKAN= ou#saya;.aku
nubuh#kemudian
n-#ISA.AV -uurdn#ikut;.turun
na#DEF
teih#tapi
mekul#Michael
longon#lengan
robi#malam;.pada.waktu.malam
ei#adu
na#DEF
-betang#name.something -an#ISA.UV
lama#orang
oid#perahu
na#DEF
==ku#=
nd==#BIDAK;.BUKAN= ara#ada
pudn#pun,.bahkan
na#DEF
bunua#kampung;.benua
mbat#evaluative.exclamation.
nd==#BIDAK;.BUKAN= ara#ada
bohit#burung,.unggas
na#DEF
silah#ubi.jalar,.ubi.rambat
-in-#PST.AV m-#ISA.AV -ati#kill
ndah#tidak
tuah-mulah#legenda
dua-belas#twelve
nd==#BIDAK;.BUKAN= ara#ada
ndah#tidak
lama#orang
simbatu#one
di#di;.ke;.pada
min-#TOWARD di#kepada
mual#Mual
di#di;.ke;.pada
nge-#ISA.AV lambi#wave.good.bye
-i-#PST.UV tohop#cover
di.soid#DI.DALAM
karukng#karung
-i-#PST.ACY m-#MO.ACY ulih#return
orob#belatik
nti#ini
ndah#tidak
asal#asal
deirdn.na#ALONE
tiaah#panggilan.sayang
na#DEF
-in-#PST.ACY ge-#ACY.C2 saa#isteri;.suami;.bini;.laki
engat#reply
m-#ISA.AV iaah#ikut;.mengikut;.berjalan.bersama.sama
asal#asal
pelanduk#pelanduk
==a#=AWAK;.ENGKAU;.SAUDARA;.ANDA
apuh#datuk,.kakek
mual#Mual
ugama#agama
lotong#Lotong
ringah#sebelum,.dahulu
libudn#woman
==ku#=
ig-#ACY.C2 timung#bergaul
==ku#=
bonggi#Banggi
na#DEF
m-#ISA.AV -urubut#menghunus
-i-#PST.ACY m-#MO.ACY ulih#return
na.haah.na#SEKARANG
pa#yet
nubuh#kemudian
ng-#ISA.AV uit#kulit
babi#babi
kuit#kulit
m-#NPST.ACH etak#tinggal
nubuh#kemudian
ng-#ATTR.ST koon#makanan
induh.amah#ibu.bapa
keng-#DIR di#kepada
na#DEF
na#DEF
onu#apa
kuakng#hantu;.Iblis;.suangi;.jin;.setan;.syaitan
baar-baar#sungguh
pudn#pun,.bahkan
-in-#PST.UV buat#buat
sama#lain,.sama,.seimbang,.sama.rata
lempad#terbang
tapih#tetapi
giil#penjara
me-#NPST.ACH dadi#become
medoot#barang,.benda
bali#rumah
ki-#EXIST ara#ada
tapih#tetapi
na#DEF
dei#jangan
mondog#hiwan.khayal
mah#dan
n-#PST.ACH -desadn#befall
mah#dan
in-#PST.UV -ipah#simpan;.menaruh;.meletakkan
tapih#tetapi
hei#juga
pisinah#Pisina
punggah#bagaimana
bunua#kampung;.benua
ba#EMPHATIC
ditah#racun
ou#saya;.aku
n==#=
n-#ISA.AV -uhar#tukar
ng-#ISA.AV kuah#pergi.ke
ina#itu
linda#Linda
na#DEF
ndah#tidak
pandi#know
baar-baar#sungguh
pandi#know
hina#tadi
punti#pisang
ba#EMPHATIC
lama#orang
nti#ini
in-#PST.UV abis#selesai
simbatu#one
anak#budak,.anak
bali#rumah
ndah#tidak
anak#budak,.anak
m-#ISA.AV oroh#mengatakan
na#DEF
bakng#kalau
na#DEF
waris#keluarga
keng-#DIR di#kepada
uhu#engkau.sekalian
atakng#semasa;.sedang;.sambil
meraah#type.of.tree
tau#know
==ku#=
asal#asal
i==#=
beig#air
nti#ini
kusang#Kusang
kibunggakng#hairan
mondog#hiwan.khayal
keng-#DIR di#kepada
amah#bapa;.ayah
di#di;.ke;.pada
pandi#know
induh#ibu;.induk;.emak
turuh#tujuh
tina#nanti
sia#3SG.NOM
dua-belas#twelve
nubuh#kemudian
tuhad#tangga
di#di;.ke;.pada
nti#ini
na#DEF
nu#AUX.UV -an#ISA.UV
m-#ATTR.ST omis-#INTENSIFIER omis#manis
tidi#dari
nubuh#kemudian
louk#fish
na#DEF
na#DEF
poroh#mengatakan
m-#NPST.CAUS.AV m-#MO.ACY ohodn#makan
alih#bung
leid#lama
maap#boleh
bangsa#ras,.suku
ina#itu
ig-#ACY.C2 boboh#mulut
soid#di.dalam
ng-#ISA.AV irubm#look.for
ngu-#ISA.AV duah#descend
suruh#direct
bali#rumah
poroh#mengatakan
depoordn#dapur
ndah#tidak
nu#engkau;.awak;.saudara;.anda
ina#itu
lama#orang
nubuh#kemudian
diaadn#saya
medoot#barang,.benda
na.haah.na#SEKARANG
sia#3SG.NOM
mekul#Michael
dii#sana
-i-#PST.ACY m-#MO.ACY ulih#return
di#di;.ke;.pada
tolu#tiga
maap#boleh
kuman#pakcik;.bapa.saudara
puas#puas
tulakng#tulang
n-#ISA.AV -impasag#menghentakkan
apuh#datuk,.kakek
pe-#IMP.AV ng-#ISA.AV ai#get
punggah#bagaimana
nd==#BIDAK;.BUKAN= ara#ada
ndah#tidak
m-#ISA.AV oroh#mengatakan
engat#reply
-i-#PST.ACY m-#MO.ACY ulih#return
puruh#pulau
hah#diminutive;.doubt
uubm#bahasa
keng-#DIR di#kepada
==ku#=
adat#adat
ina#itu
aha#awak;.engkau;.saudara;.anda
n==#=
maap#boleh
nganggabm#grope.for
suala#argument
di#di;.ke;.pada
na#DEF
nd==#BIDAK;.BUKAN= ihi#kami
buh#lama;.lampau
na.haah.na#SEKARANG
==hu#=SAYA;.AKU
gatakng#berian
ndah#tidak
n==#=
ina#itu
na#DEF
pa#yet
-i-#PST.ACY -m-#MO.ACY duah#descend
ina#itu
na#DEF
bas#pernah
dia#sana
na#DEF
tingih#Tingih
ina#itu
in-#PST.UV -atad#hantar;.menghantar
ina#itu
na#DEF
na#DEF
ali#beberapa
m-#ISA.AV injarah#penjara
nubuh.deirdn.na.hai#DI.KUMUDIAN
buaidn#bulan
nu#engkau;.awak;.saudara;.anda
domon#Domon
-in-#PST.UV tolnon#telan
sarakng#sangkar
saa#isteri;.suami;.bini;.laki
na#DEF
jaruk#Jaruk
ba#EMPHATIC
saa#isteri;.suami;.bini;.laki
mu-#NPST.ACH tukng#terbakar;.membakar
nd==#BIDAK;.BUKAN= ara#ada
ndah#tidak
pelanduk#pelanduk
i-#PST.ACY g-#ACY.C2 ahut#bawa
toyuk#kecil;.sedikit
m-#ATTR.ST odobm#hitam
kehoi#gigit,.menggigit -dn#ISA.UV
mv-#NPST.ACH abis#selesai
ki-#PET biri#give -adn#ISA.MRK.UV
aa#itulah
silabm#Islam
puhul#pukul
hei#juga
ou#saya;.aku
hei#juga
ki-#EXIST ara#ada
domon#Domon
salakng#damar
na#DEF
ba#EMPHATIC
p-#NMLZ beranja#belanja -adn#V.>.NMLZ
na#DEF
na#DEF
gien#where
m-#ISA.AV iaah#ikut;.mengikut;.berjalan.bersama.sama
nd==#BIDAK;.BUKAN= ara#ada
uhu#engkau.sekalian
ou#saya;.aku
-i-#PST.IND.CAUS.UV p-#CAUS.AV ohodn#makan
gagi#gaji;.upah
na#DEF
nd==#BIDAK;.BUKAN= ou#saya;.aku
nubuh#kemudian
tibai#Tibai
na#DEF
ou#saya;.aku
puudn#tree
ihi#kami
nge-#ISA.AV dahap#seize
anu#anu
nubuh#kemudian
==a#=AWAK;.ENGKAU;.SAUDARA;.ANDA
me-#NPST.ACH tomu#temu
n-#ISA.AV -ehat#cabut
mekul#Michael
kudat#Kudat
deirdn.na#ALONE
biri#give -adn#ISA.MRK.UV
sia#3SG.NOM
kasu#stripping.used.for.thatching
na#DEF
ki-#EXIST ara#ada
==hu#=SAYA;.AKU
kaadn#berkata
lama#orang
ou#saya;.aku
deirdn.na#ALONE
ta#berdua
-in-#PST.ACY gi-#ACY.C2 -ribuk#mourn.self.destructively
maap#boleh
pem-#INSTRV asah#basah
nge-#ISA.AV -dadar#selari
ng-#ISA.AV kuah#pergi.ke
-i-#PST.ACY m-#MO.ACY ulih#return
hei#juga
m-#MO.ACY ulih#return
==hu#=
na#DEF
saa#isteri;.suami;.bini;.laki
teih#tapi
toudn#tahun
kuiih#sana
bali#rumah
kaadn#berkata
bagi#bahagi;.membahagi
ng-#ISA.AV ahudn#sanggup
ndah#tidak
mah#dan
saa#isteri;.suami;.bini;.laki
na#DEF
sia#3SG.NOM
ndah#tidak
ng-#ISA.AV biidn#pesan
kimpusadn#terakhir
atau#atau
tidi#dari
na#DEF
i==#=
na#DEF
na#DEF
ng-#ISA.AV kuah#pergi.ke
suruh#order
na#DEF
bas#bas
na#DEF
me-#NPST.ACH lou#malu
in-#PST.UV ei#get
anak#budak,.anak
me-#NPST.ACH kehas#uncovered -adn#V.>.ADVRS
na#DEF
engat#reply
na#DEF
deirdn.na#ALONE
babi#babi
-i-#PST.UV tombol#tambal,.tampal
hei#juga
saa#isteri;.suami;.bini;.laki
lama#orang
ina#itu
na#DEF
keng-#DIR di#kepada
di#di;.ke;.pada
buh#lama;.lampau
ng-#ISA.AV -undakng#intend.to;.about.to;.attempt
mah#dan
ki-#EXIST ara#ada
na#DEF
na#nya
na.haah.na#SEKARANG
kudat#Kudat
dei#jangan
di#di;.ke;.pada
-i-#PST.ACH mati#mati;.meninggal.dunia
mual#Mual
ou#saya;.aku
bali#rumah
m-#ISA.AV uun#minta.diri
ou#saya;.aku
buh#lama;.lampau
dua#dua
tuni#body
siidn#duit;.wang
na#DEF
suhup#enough
lama#orang
bonggi#Banggi
di#di;.ke;.pada
na#FOCUS
tumbuh#bertunas
ulakng#ular
ti#kita
n-#PST.ACH togob#terbalik
kerah#monyet
keng-#DIR di#kepada
na#now
dii#sana
bigah#telinga.gajah
i==#=
na#DEF
langgu-langgu#approximate.length
sampai#sampai,.hingga
guakng#jiwa
uhu#engkau.sekalian
hah#diminutive;.doubt
nd==#BIDAK;.BUKAN= ara#ada
leidn#lain;.bukan
-in-#PST.AV pi-#IMP.AV sidukng#di.bawah
beig#air
m-#ISA.AV iaah#ikut;.mengikut;.berjalan.bersama.sama
in-#PST.UV aap#dapat
mah#dan
amah#bapa;.ayah
bali#rumah
me-#NPST.ACH lou#malu
mah#dan
n-#ISA.AV ugah#isi
na#DEF
engat#reply
suad#bercakap;.mengata;.cakap
bali#rumah
pi-#CAUS.AV n-#PST.ACL -iag#awake
m-#ATTR.ST egat#berat.badan
ari#hari
ki-#NMLZR lima#lima -an#NMLZR
pegogot#hold.on
dei#jangan
adat#adat
baa#mari.pergi
kerah#monyet
toyuk#kecil;.sedikit
leid#lama
-m-#MO.ACY -bahus#grab
n-#ISA.AV onduk#senduk
ng-#ISA.AV uit#kulit
gulu#dahulu
dei#jangan
na#DEF
katih#di.sini
bas#pernah
in-#PST.UV abis#selesai
nubuh#kemudian
pangan#kawan;.sahabat
suad#bercakap;.mengata;.cakap
-in-#PST.ACY panu#pergi.jalan
na#DEF
gigiu#Gigiu
pi-#CAUS.AV biaah#ikut;.mengikut;.berjalan.bersama.sama
mati#mati;.meninggal.dunia
ina#itu
ou#saya;.aku
na#DEF
na#DEF
ndah#tidak
dii#sana
robi#malam;.pada.waktu.malam
==hu#=SAYA;.AKU
na#DEF
bali#rumah
-i-#PST.ACY m-#MO.ACY ulih#return
i-#PST.AV m-#ISA.AV obod#memintal
mansabm#bangsa;.macam
anak#budak,.anak
mah#dan
turuh#tujuh
nti#ini
maap#boleh
ndah#tidak
ki-#POSS ara#ada
pitangan#Kapitangan
di#di;.ke;.pada
man#mengapa
na#DEF
se-#SE kali#misal,.kali
nggien#di.mana
nubuh#kemudian
aha#awak;.engkau;.saudara;.anda
lima#Lima
na#DEF
di#di;.ke;.pada
kaadn#berkata
daram#deram
mual#Mual
na#DEF
na#DEF
-i-#PST.ACY m-#MO.ACY ohodn#makan
tuah#tua
domon#Domon
saa#isteri;.suami;.bini;.laki
ig-#RECP loon#lawan
na#DEF
di.sodi#DI.SAMPING
diti#sini
nd==#BIDAK;.BUKAN= ara#ada
engat#reply
kusang#Kusang
babi#babi
buid#bukit
di#di;.ke;.pada
ng-#ISA.AV ala#alah
==ku#=
kaadn#berkata
sia#3SG.NOM
hei#juga
bonggi#Banggi
barabm#banyak
daya#pakai
utarah#utara
nd==#BIDAK;.BUKAN= ara#ada
suhup#enough
na#DEF
ngi#get -en#ISA.UV
aa#itulah
baar-baar#sungguh
pitiaadn#kematian
na.haah.na#SEKARANG
na#DEF
induh#ibu;.induk;.emak
induh#ibu;.induk;.emak
mengin#ingin
ihi#kami
surugah#surga
lobokng#kubur
ou#saya;.aku
ina#itu
na#DEF
kuiih#sana
suhup#enough
na#DEF
simbiaakng#pray
nu#engkau;.awak;.saudara;.anda
urang.tuah#ketua.kampung,.kepala.desa
ouu#oh
peranak#budak,.anak
domon#Domon
engat#reply
nubuh#kemudian
intakng#napas
lahi#lelaki
kobit#Kobit
buh-buh#pada.mulanya,.mula.mula
maap#boleh
lama#orang
lahi#lelaki
mual#Mual
maap#boleh
uubm#berkata
m-#ISA.AV adul#peduli
barabm#banyak
karukng#karung
sinya#he
ina#itu
bakng#kalau
babi#babi
na#DEF
kerah#monyet
na#DEF
na#DEF
nd==#BIDAK;.BUKAN= ou#saya;.aku
ina#itu
n-#ATTR.ST togih#bunting;.hamil;.mengandung
tinaman#tanaman
liaag.diaa#BATU.LAYAR.DARAT
ki-#POSS ara#ada
mah#dan
suad#bercakap;.mengata;.cakap
nge-#ISA.AV labad#memukul;.pukul
kupih#kopi
alakng-alakng#alang.alang
-in-#PST.ACY g-#ACY.C2 uubm#bahasa
di#di;.ke;.pada
belaha#Beleha
kuhut#gigi
bonggi#Banggi
supakng#kecambah
sei#just
na#DEF
languh#ipar
na#DEF
duaa#doa
pisinah#Pisina
pirinta#perintah;.kerajaan
na#DEF
bonggi#Banggi
na#DEF
gigiu#Gigiu
kiou#kayu
diaadn#saya
na#DEF
bulag#buta
na#DEF
m-#ISA.AV iaah#ikut;.mengikut;.berjalan.bersama.sama
kei#juga
ina#itu
mulah#zaman.dahulu
na#DEF
mual#Mual
induh.amah#ibu.bapa
kudat#Kudat
nubuh.deirdn.na.hai#DI.KUMUDIAN
na#DEF
ei#adu
hei#juga
nubuh#kemudian
engat#reply
di#di;.ke;.pada
deirdn.na#ALONE
==hu#=SAYA;.AKU
na#DEF
sampai#sampai,.hingga
odu#hari
kaadn#berkata
berhei#benar
-in-#PST.AV ng-#ISA.AV atur#atur
nge-#ISA.AV -radu#membajak
gulu#dahulu
na#DEF
mati#mati;.meninggal.dunia
tentakng#tentang
onu#apa
kaadn#berkata
na#DEF
bakng#kalau
di#di;.ke;.pada
mati#mati;.meninggal.dunia
aha#awak;.engkau;.saudara;.anda
na#DEF
ndah#tidak
dua#dua
na#DEF
kandak#hendak
suub#esok,.besok
tapih#tetapi
hei#juga
belaha#Beleha
gatakng#berian
dunyah#dunia,.bumi
pa#yet
ihi#kami
ou#saya;.aku
bonggi#Banggi
tolu#tiga
bunua#kampung;.benua
padir#pendeta,.pastur
dua#dua
kei#juga
ngai#get
matakng#datang
na#DEF
ai#wah
guai#kekasih,.belahan.jiwa
nti#ini
di#di;.ke;.pada
di#di;.ke;.pada
kaah.na#MENDEKATI
na#DEF
lama#orang
induh#ibu;.induk;.emak
ina#itu
domon#Domon
rua#condition
di#di;.ke;.pada
ina#itu
simbatu#one
na#now
lama#orang
tuadn.umur#spirit.name
hei#juga
tobos#pergi
kiou#kayu
moglon#Moglon
di.soid#DI.DALAM
di.soid#DI.DALAM
bunua#pulau
na#DEF
ou#saya;.aku
ou#saya;.aku
i-#PST.ACY g-#ACY.C2 indur#pindah;.memindah;.menggerakkan;.mengalihkan
siga#PLURAL
ouu#oh
simbatu#one
==ku#=SAYA;.AKU
i==#=
bi-#N.>.CHAR.NMLZ -dagakng#dagang
di#di;.ke;.pada
totog#pasti
surugah#surga
deirdn.na#ALONE
hei#juga
belaha#Beleha
bakng#kalau
-in-#PST.AV m-#ISA.AV adul#peduli
na#DEF
na#DEF
hei#juga
apuh#datuk,.kakek
na#DEF
i==#=
sahit#sakit
bangsa#ras,.suku
nentaadn.na#ALL
na#DEF
batad#type.of.vegetable
bunua#kampung;.benua
bunua#kampung;.benua
me-#NPST.ACH lou#malu
ndah#tidak
na#DEF
mv-#NPST.ACH ibis#selesai -adn#V.>.ADVRS
nubuh#kemudian
kirab#kelmarin;.semalam
kusur#Kusur
peg#HAVING.Xed rias#stir.from.sleep
n-#ISA.AV ugah#isi
nubuh#kemudian
ng-#ISA.AV -atad#hantar;.menghantar
anu#anu
mengin#ingin
took#masak
domon#Domon
-in-#PST.AV n-#ISA.AV ulus#follow
barabm#banyak
ina#itu
m-#ISA.AV iaah#ikut;.mengikut;.berjalan.bersama.sama
mual#Mual
nubuh#kemudian
asal#asal
keng-#DIR di#kepada
diti#sini
keng-#DIR di#kepada
uubm#berkata
ragah#keranjang;.bakul
engat#reply
singgurua#seperti,.serupa..sebagai;.seperti;.seolah.olah
kaah.na#MENDEKATI
deirdn.na#ALONE
m-#ISA.AV untal#throw
rua#condition
lama#orang
engat#reply
kehaadn#oh.begitu
nubuh#kemudian
na#DEF
bunua#kampung;.benua
diaadn#saya
m-#ATTR.ST olok#ketakutan
libudn.natak#Sagu.Woman
ringah#sebelum,.dahulu
nu#AUX.UV -an#ISA.UV
kaadn#berkata
na#DEF
-in-#PST.UV sipak#tandang;.menyepak
na#DEF
ou#saya;.aku
diha#engkau
na#DEF
mah#dengan;.sama
k-#NMLZR ingei#want -n#NMLZR
sangan#Sangan
keng-#DIR di#kepada
guakng#jiwa
na.haah.na#SEKARANG
sia#3SG.NOM
na#DEF
na#DEF
mah#dan
kenahadn#jejaka,.perjaka
-in-#PST.AV ng-#ISA.AV uah#pergi.ke
n-#ISA.AV -oidn#menelan
na#DEF
m-#ISA.AV oroh#mengatakan
ng-#ISA.AV kuah#pergi.ke
tina#nanti
kirab#kelmarin;.semalam
toidn#hutan
m-#ATTR.ST olok#ketakutan
ringah#sebelum,.dahulu
pag#HAVING.Xed datakng#datang
ge-#ACY.C2 taruh#simpan;.bersembunyi
na#DEF
na#DEF
na#DEF
nu#AUX.UV -an#ISA.UV
ringah#sebelum,.dahulu
naa#sini
na#DEF
na#DEF
umpil#Umpil
nu#engkau;.awak;.saudara;.anda
mudik#Pangkalan.Darat
m-#ISA.AV -oli#beli
kerebi#semalam
amah#bapa;.ayah
na#DEF
tidi#dari
ki-#EXIST ara#ada
ndah#tidak
ouu#oh
saa#isteri;.suami;.bini;.laki
tohod#terka
dioo#di.sana
di#di;.ke;.pada
ig-#RECP tomu#temu
kiou#kayu
nubuh#kemudian
-in-#PST.AV n-#ISA.AV -oidn#menelan
nd==#BIDAK;.BUKAN= ara#ada
di#di;.ke;.pada
na#DEF
sidiah#sedia
tapih#tetapi
n-#ATTR.ST segah#merah
dua#dua
beg#kalau ina#itu
na#DEF
kahal#masih
na#DEF
ou#saya;.aku
leid#lama
tidi#dari
kupih#kopi
matakng#datang
bonggi#Banggi
tapih#tetapi
ulakng#ular
nu#2SG.SUBJ.ACT
na#DEF
bali#rumah
melik#lagi
selama-lama#very.long
ki-#EXIST ara#ada
matakng#datang
buid#bukit
uubm#berkata
kerah#monyet
nubuh#kemudian
ina#itu
asal#asal
mulah#zaman.dahulu
punggah#bagaimana
deirdn.na#ALONE
na#DEF
na#DEF
na#DEF
di#di;.ke;.pada
saa#isteri;.suami;.bini;.laki
diaadn#saya
paabm#paham
kaadn#berkata
mah#dan
bonggi#Banggi
ina#itu
tinggalukng#tangalung
tengah#setengah
i-#PST.AV ng-#ISA.AV elag#cut
dia#sana
suad#bercakap;.mengata;.cakap
-i-#PST.ACH mati#mati;.meninggal.dunia
na#DEF
mual#Mual
anak#budak,.anak
asal#asal
ng-#ISA.AV -inggutu#cari.kutu
onu#apa
pasal#reason
na#FOCUS
di#di;.ke;.pada
deirdn.na#ALONE
asal#asal
mulah#zaman.dahulu
nu#AUX.UV -an#ISA.UV
na#DEF
nubuh#kemudian
mati#mati;.meninggal.dunia
dia#sana
n-#PST.ACH abis#selesai
di#di;.ke;.pada
munusiah#manusia
barabm#banyak
nubuh#kemudian
pasi#lagi
-in-#PST.ACY g-#ACY.C2 ohodn#makan
lama#orang
==ku#=
saa#isteri;.suami;.bini;.laki
pilipin#Filipin
-i-#PST.ACY m-#MO.ACY ulih#return
m-#ATTR.ST -panggar#sukar
anak#budak,.anak
dii#sana
nubuh#kemudian
n-#PST.ACH dabuh#fall
kudat#Kudat
ndah#tidak
m-#ISA.AV -onsuh#mandi
hei#juga
sia#3SG.NOM
toyuk#kecil;.sedikit
-in-#PST.AV ng-#ISA.AV obuh#operate.on
singgurua#seperti,.serupa..sebagai;.seperti;.seolah.olah
pa#yet
na#DEF
m-#MO.ACY ogot#pigang
tidi#dari
sia#3SG.NOM
-in-#PST.ACY k-#DESIDERATIVE ohodn#makan
mah#dan
lama#orang
ihi#kami
na#DEF
ina#itu
ba#EMPHATIC
-i-#PST.UV bori#give
na#DEF
puluh#sepuluh
diha#engkau
saa#isteri;.suami;.bini;.laki
-m-#MO.ACY ganti#replacement
i==#=
bubak#katak,.kodok
m-#ISA.AV -angkit#maki
nti#ini
nti#ini
ali#lain
na#now
peranak#budak,.anak
lama#orang
sood#even.more
na#DEF
na#DEF
mulah#zaman.dahulu
m-#ISA.AV iaah#ikut;.mengikut;.berjalan.bersama.sama
turuh#tujuh
na#DEF
pegolok#gugup
na#DEF
pasal#reason
na#DEF
keng-#DIR di#kepada
singgurdu#burung.murai
na#DEF
angi#take.away
buh#lama;.lampau
na#DEF
k-#MULT.NUM esa#satu
na#DEF
-in-#PST.ACH rumbak#rebah
hei#juga
bakng#kalau
adat#adat
lama#orang
nti#ini
na#DEF
n-#ISA.AV utukng#terbakar;.membakar
tinduk#paruh
anak#budak,.anak
m-#MO.ACY panu#pergi.jalan
poroh#mengatakan
gia#besar
ou#saya;.aku
punti#pisang
ki-#EXIST ara#ada
dumah#dan
ringah#sebelum,.dahulu
barakng#barang
dihu#engkau.sekalian,.kalian
keng-#DIR di#kepada
diaadn#saya
m-#NPST.ACH id#lihat;.tengok -adn#V.>.ADVRS
induh#ibu;.induk;.emak
keng-#DIR diti#sini
ina#itu
mi-#ATTR.ST gia#besar
m-#MO.ACY ulih#return
-in-#PST.AV n-#ISA.AV ulus#follow
diaadn#saya
ndah#tidak
induh#ibu;.induk;.emak
m-#ISA.AV iaah#ikut;.mengikut;.berjalan.bersama.sama
peg-#HAVING.XED punga#setelah
suhu#suku
anak#budak,.anak
languh#ipar
ng-#ISA.AV -atad#hantar;.menghantar
ringah#sebelum,.dahulu
na#DEF
be-#VBLZR guna#guna
mah#dengan;.sama
kaadn#berkata
diaadn#saya
in-#PST.UV ansur#hancur
medoot#barang,.benda
na#DEF
ba#EMPHATIC
gulu#dahulu
suhi#tembikai,.semangka
kuakng#hantu;.Iblis;.suangi;.jin;.setan;.syaitan
na#DEF
mah#dan
==mi#=KAMI
deirdn.na#ALONE
pegah#Limbuak
tolu#tiga
berosi#dayung
na#DEF
tilug#telur
puluh#sepuluh
i==#=
-in-#PST.ACH -lumpung#gemuk -an#V.>.ADVRS
nyu#2PL.POSS
pa#yet
ringah#sebelum,.dahulu
ng-#ISA.AV -atad#hantar;.menghantar
-i-#PST.ACY -m-#MO.ACY suak#enter
nti#ini
-i-#PST.ACY matakng#datang
nubuh.deirdn.na.hai#DI.KUMUDIAN
na#DEF
ihi#kami
na#DEF
meg-#HAB loon#lawan
ou#saya;.aku
ki-#EXIST ara#ada
pelanduk#pelanduk
na#DEF
puhuh#pendik
aa#itulah
buid#bukit
nunuk#type.of.tree
suhud#nasib
onu#apa
deirdn.na#ALONE
-m-#ACL togih#bunting;.hamil;.mengandung
hai#juga
guai#kekasih,.belahan.jiwa
m-#NPST.ACH piti#die -aadn#V.>.ADVRS
duah#descend
min-#TOWARD di#kepada
mah#dan
m-#ISA.AV -uru#take.down
lama.pilipin#FILIPINOS
dumah#dan
mual#Mual
kunu#kunau
na#DEF
kei#juga
na#DEF
belas#membalas.dendam -adn#ISA.UV
nggien#where
elaa#astaga
dua#dua
ndah#tidak
se-#SE ng-#LINKER olu#day
rati#erti,.arti
babi#babi
mulah#zaman.dahulu
mata#mata
bout#sabut.kelapa
ina#itu
dihiti#kita
di#di;.ke;.pada
m-#MO.ACY ohodn#makan
ina#itu
punggah#bagaimana
hei#juga
aa#itulah
nubuh#kemudian
dioo#di.sana
saa#isteri;.suami;.bini;.laki
m-#ISA.AV eranjah#belanja
keng-#DIR di#kepada
hei#juga
bakng#kalau
na.haah.na#SEKARANG
na#DEF
api#api
kaadn#berkata
utudn#carry
aha#awak;.engkau;.saudara;.anda
-in-#PST.ACH binansa#rosak
bali#rumah
hei#juga
bakng#kalau
nti#ini
n-#ISA.AV oluh#chase
languh#ipar
ng-#ISA.AV -aming#touch.to.get.attention
kualih#kuali
ngai#get
eyrat#alam.baka
me-#NPST.ACH dadi#become
na#DEF
mah#dengan;.sama
diaadn#saya
buaidn#bulan
engat#reply
bonggi#Banggi
n-#PST.ACY ig-#ACY.C2 kamas#kemas
mah#dengan;.sama
nubuh#kemudian
munsang#Munsang
diti#sini
singgurua#seperti,.serupa..sebagai;.seperti;.seolah.olah
senga#seperti
pisinah#Pisina
kiti#kita
dunyah#dunia,.bumi
ng-#ISA.AV uhad#leave
ooh#okay
nubuh#kemudian
suub#esok,.besok
sinindu#amazing
buh#lama;.lampau
amah#bapa;.ayah
na#DEF
hei#juga
bali#rumah
penah#meskipun
n-#PST.ACY ig-#ACY.C2 pihir#fikir
bonggi#Banggi
==mi#=KAMI
di#di;.ke;.pada
piih#tangan
nubuh#kemudian
ou#saya;.aku
nelayan#kapal.yang.ada.pukat
libudn#woman
na#DEF
nubuh#kemudian
di#di;.ke;.pada
ny==#=
ndah#tidak
kiou#kayu
na#DEF
ki-#EXIST ara#ada
uhubm#trial
rua#condition
in-#PST.UV adak#cium
di#di;.ke;.pada
puas#puas
sulikng#suling;.bangsi;.seruling
na#DEF
itala#Allah
na#DEF
babi#babi
peranak#budak,.anak
ou#saya;.aku
maap#boleh
leidn#lain;.bukan
lahi#lelaki
ihi#kami
naa#sini
kiti#kita
m-#ATTR.ST ingi#gila
leid#lama
meg-#HAB panggil#panggil
minyen#menantu.perempuan;.menantu.laki.laki
asal#asal
hei#juga
m-#ISA.AV -intut#mencabut
suad#bercakap;.mengata;.cakap
n-#PST.ACH tomu#temu
bali#rumah
ringah#sebelum,.dahulu
na#DEF
in-#PST.UV ei#get
simbatu#one
m-#MO.ACY abat#jawab
pungguah#hantu
di#di;.ke;.pada
ketengoodn#tepi.sungai
hei#juga
ta#berdua
na#nya
sisih#sisik
sembarakng#sembarang
==hu#=SAYA;.AKU
m-#MO.ACY pusud#saudara
matakng#datang
bakng#kalau
aal#hal,.perihal
na#DEF
-i-#PST.UV panggat#pangkat
subai#on.the.contrary
ou#saya;.aku
itala#Allah
hei#juga
==ku#=
ng-#ISA.AV indahad#memanjat
piih#tangan
asu#anjing
ihi#kami
leidn#lain;.bukan
-in-#PST.ACL -m-#MO.ACY dolok#hujan
puhul#pukul
ndah#tidak
m-#MO.ACY ulih#return
agih.lipa#HAJI.LIPA
babi#babi
ng-#ISA.AV ansak#menanam
na#DEF
ei#adu
m-#MO.ACY buah#lontong
n-#ISA.AV -imbali#sembelih
i-#PST.AV n-#ISA.AV otok#memotong
ouu#oh
ng-#ISA.AV umut#sarung
dioo#di.sana
siga#PLURAL
ouu#oh
batakng#batang
sikng#seperti
inggat#makan.sirih
simpurnah#sempurna
man#mengapa
ba#EMPHATIC
m-#MO.ACY pihir#fikir
nubuh#kemudian
na#DEF
ndah#tidak
medoot#barang,.benda
na#DEF
engat#reply
na.haah.na#SEKARANG
ng-#ATTR.ST koon#makanan
mah#dan
na#DEF
ki-#EXIST ara#ada
puruk#rumpun
-in-#PST.ACH rebah#jatuh
beranti#berhenti
na#DEF
na#DEF
mengin#ingin
siga#PLURAL
suruh#order
me-#NPST.ACH tomu#temu
ny==#=
matakng#datang
na#DEF
anak#budak,.anak
n-#PST.ACH tetak#tinggal
ndah.pa#BELUM;.BELUM.LAGI;.
uubm#berkata
keng-#DIR di#kepada
ina#itu
nubuh#kemudian
sia#3SG.NOM
leidn#lain;.bukan
ponuh#Ponuh
-i-#PST.ACH mati#mati;.meninggal.dunia
na#DEF
pa#yet
kira-#DISTRIBUTIVE kira#kira;.menghitung
tabakng#help
ou#saya;.aku
na#DEF
poroh#claim
ndah#tidak
turuh#tujuh
hita#kita.berdua
ki-#EXIST ara#ada
na#DEF
alih#bung
adi#untuk
kiti#kita
babi#babi
na#DEF
m-#ISA.AV iag#hidup
aa#itulah
na.haah.na#SEKARANG
-i-#PST.ACY -m-#MO.ACY abat#jawab
sidukng#di.bawah
na#DEF
tapih#tetapi
iit#bawa
inagah#naga
m-#MO.ACY ulih#return
simbatu#one
tolu#tiga
keng-#DIR di#kepada
ndah#tidak
deirdn.na#ALONE
ndah.pa#BELUM;.BELUM.LAGI;.
n-#PST.ACH -tubung#fall.inside.of.smthg -an#V.>.ADVRS
lugus#buah.pinang
i==#=
lama#orang
mah#dan
m-#1ARG.ST odop#tidur
-i-#PST.ACH mati#mati;.meninggal.dunia
na#DEF
anak#budak,.anak
kirab#kelmarin;.semalam
di#di;.ke;.pada
diaadn#saya
na#DEF
diha#engkau
na#DEF
dii#sana
walau.pudn#WALAUPUN
sia#3SG.NOM
me-#NPST.ACH goguh#lubang
jadi#jadi
nti#ini
aa#itulah
ubi#umbi
ou#saya;.aku
na.haah.na#SEKARANG
ndah#tidak
==ku#=
na#DEF
kuiih#sana
anak#budak,.anak
n-#ISA.AV -uurdn#ikut;.turun
batakng#batang
na#DEF
ouu#oh
kaadn#berkata
barabm#banyak
maap#boleh
bali#rumah
-in-#PST.ACY panu#pergi.jalan
aa#itulah
ulakng#ular
oid#perahu
na#DEF
suad#bercakap;.mengata;.cakap
misit#mengupas
-i-#PST.UV bongol#club
na#DEF
kumpani#syarikat
putih#putih
ilal#Ilal
m-#ISA.AV uun#minta.diri
tinggalukng#tangalung
ng-#ISA.AV irah#ajar
kerai#work
ng-#ISA.AV kuah#pergi.ke
alih#bung
barabm#banyak
ou#saya;.aku
nubuh#kemudian
naah#boleh
dioo#di.sana
nd==#BIDAK;.BUKAN= ihi#kami
gimbatadn#jambatan
==ku#=SAYA;.AKU
ny==#=
di.libuat#DI.ATAS
-m-#MO.ACY sili#replace
libudn#woman
kuiih#sana
nd==#BIDAK;.BUKAN= ara#ada
na#DEF
kaadn#berkata
na#DEF
na#DEF
ke-#MULT.NUM tolu#tiga
uubm#berkata
anak#budak,.anak
simbatu#one
m-#MO.ACY ondih#buang
hei#juga
sia#3SG.NOM
lama#orang
pudn#pun,.bahkan
lehad#puas
uubm#berkata
obu.pasakng#URINE.SMELL
na#DEF
nubuh#kemudian
ihi#kami
ki-#EXIST ara#ada
ki-#EXIST ara#ada
domon#Domon
bonggi#Banggi
mati#mati;.meninggal.dunia
-in-#PST.AV m-#ISA.AV osi#pancing;.mata.kail
mati#mati;.meninggal.dunia
tapih#tetapi
esi#siapa
-i-#PST.ACH mati#mati;.meninggal.dunia
lama#orang
nubuh#kemudian
na#FOCUS
na#DEF
guai#kekasih,.belahan.jiwa
keng-#DIR di#kepada
diaadn#saya
hei#juga
abat#jawab
ny==#=
m-#MO.ACY ohodn#makan
ki-#EXIST ara#ada
m-#ISA.AV oroh#mengatakan
m-#ISA.AV ompodn#menggumpul
aa#itulah
me-#NPST.ACH damat#luka
na.haah.na#SEKARANG
onu#apa
matakng#datang
misit#mengupas
na#DEF
uubm#berkata
na#DEF
tidi#dari
bali#rumah
diaadn#saya
epaat#empat
diti#sini
api#api
na.haah.na#SEKARANG
mual#Mual
bas#pernah
meg-#HAB kudaadn#dua.hari
-i-#PST.UV p-#CAUS.AV inggat#makan.sirih
keng-#DIR di#kepada
kiou#kayu
n-#ISA.AV utup#tudung;.penutup
ou#saya;.aku
lama#orang
dunyah#dunia,.bumi
jadi#jadi
manuk#ayam
lama#orang
nubuh#kemudian
matakng#datang
m-#ATTR.ST peit#pahit
bonggi#Banggi
took#masak
kimpusadn#terakhir
ng-#ISA.AV until#ikatan
di#di;.ke;.pada
na#DEF
nu#engkau;.awak;.saudara;.anda
na#DEF
pasal#reason
ooh#okay
n-#PST.ACY ig-#ACY.C2 toluh#chase
ngin-#DIR sedah#ikan
ina#itu
na.haah.na#SEKARANG
di.tempak#DI.ATAS
diaadn#saya
ouu#oh
mual#Mual
n-#ISA.AV -ambukng#sambung
kudat#Kudat
anak#budak,.anak
pa#yet
m-#NPST.CAUS.AV pu-#CAUS.AV suak#enter
i==#=
bali#rumah
kaadn#berkata
bonggi#Banggi
ubadn#uban
di#di;.ke;.pada
toyuk#kecil;.sedikit
nu#engkau;.awak;.saudara;.anda
nu#engkau;.awak;.saudara;.anda
bunua#kampung;.benua
di#di;.ke;.pada
-in-#PST.ACY g-#ACY.C2 uhubm#trial
kaadn#berkata
sia#3SG.NOM
==hu#=SAYA;.AKU
di#on
dii#sana
na#DEF
n-#ISA.AV -ulah#say
kaadn#berkata
penah#meskipun
biliadn#pindeta.perempuan
libotukng#lubuk
na#DEF
bahuh#kotak
n-#ISA.AV unu#bakar
na#DEF
bali#rumah
na#DEF
mah#dan
mulah#zaman.dahulu
na#DEF
nda#mereka
duah#descend
betaan#call
kiaardn.na#ada
na#DEF
man#mengapa
biaah#ikut;.mengikut;.berjalan.bersama.sama
sahit#sakit
pihit.tulakng#MATRILOCAL.RESIDENCE.UNTIL.IN.LAWS'.DEATH
nti#ini
ou#saya;.aku
bakng#kalau
i==#=
anak#budak,.anak
peg#HAVING.Xed g-#ACY.C2 undas#cepat,.gerak.cepat
urakng#orang
na#DEF
deirdn.mi#OURSELVES
beysadn#besan
m-#MO.ACY ohodn#makan
ouu#oh
meng-#TOWARD arap#harap;.mengharapkan
m-#NPST.CAUS.AV m-#MO.ACY ohodn#makan
ina#itu
tuhad#tangga
mu-#NPST.ACH -tubung#fall.inside.of.smthg -an#V.>.ADVRS
nubuh#kemudian
==ku#=
kiristiadn#Kristen
dumah#dan
hai#juga
adak#sikit.lagi;.hampir
siga.lama.na#MEREKA
koo#betul
==a#=AWAK;.ENGKAU;.SAUDARA;.ANDA
deri#sendiri
rumbur#angka
bakng#kalau
na#DEF
na#DEF
na#DEF
timbeig#air
na#DEF
tidi#dari
na#DEF
ramai#kumpul,.acara
libungan#puncak.gedung
lama#orang
komit#menjaga
ndah.pa#BELUM;.BELUM.LAGI;.
n-#ISA.AV -anam#menanam
suhup#enough
leid#lama
ndah#tidak
pandi#know
ou#saya;.aku
di#di;.ke;.pada
mata#mata
mah#dengan;.sama
i-#PST.AV ng-#ISA.AV ai#ambil;.mengambil
==mi#=KAMI
puruh#pulau
tina#nanti
libudn#woman
diaadn#saya
siga.lama.na#MEREKA
bunua#kampung;.benua
uru#obat
ou#saya;.aku
anu#anu
kuiih#sana
ndah#tidak
na#DEF
m-#ISA.AV -onsuh#mandi
ndah#tidak
-in-#PST.ACY panu#pergi.jalan
siga#PLURAL
na#DEF
-i-#PST.ACY matakng#datang
na#DEF
na#DEF
==mi#=KAMI
n-#ISA.AV -ambukng#sambung
na#DEF
-in-#PST.ACY ge-#ACY.C2 saa#isteri;.suami;.bini;.laki
puhul#pukul
==a#=AWAK;.ENGKAU;.SAUDARA;.ANDA
nentaadn.na#ALL
kiou#kayu
di#di;.ke;.pada
apuh#datuk,.kakek
libudn#woman
ba#EMPHATIC
lama#orang
kuub#dada
timbuhu#kancing
sia#3SG.NOM
hei#juga
siga#PLURAL
nge-#ISA.AV lana#minyak
bas#pernah
di#di;.ke;.pada
sigia#sebesar
induh#ibu;.induk;.emak
pasi#lagi
bakng#kalau
-in-#PST.AV ng-#ISA.AV -ampar#tampar
pu-#CAUS.AV tuug#kering
na#DEF
biag#hidup
na#DEF
hita#kita.berdua
ng-#ISA.AV irubm#look.for
ihi#kami
ndah#tidak
belaha#Beleha
mulah#zaman.dahulu
latu#lemak.babi
dii#sana
-in-#PST.AV m-#ISA.AV adi#pokok.padi
ng-#ATTR.ST koon#makanan
belaha#Beleha
-in-#PST.ACY m-#MO.ACY ilih#return
ou#saya;.aku
nyu#2SG.NSUBJ.ACTOR
sida#PLURAL
induh#ibu;.induk;.emak
m-#NPST.ACH pesah#pecah -adn#V.>.ADVRS
mu-#NPST.ACH rubus#unexpectedly -adn#V.>.ADVRS
engat#reply
pasi#lagi
m-#MO.ACY ulih#return
==hu#=SAYA;.AKU
ng-#ISA.AV kuah#pergi.ke
piasu#kelapa
bakng#kalau
diaadn#saya
buna#pada.sisi.lain
i==#=
onu#apa
pe-#IMP.AV nge-#ISA.AV doot#buruk
n==#=
lama#orang
induh#ibu;.induk;.emak
kidabak#tenang
tapih#tetapi
-i-#PST.ACH mati#mati;.meninggal.dunia
mulah#zaman.dahulu
ki-#EXIST ara#ada
toyuk#kecil;.sedikit
na#DEF
serangad#dasar.keranjang
bali#rumah
gah#oleh
kum-#ACL utakng#buruk
na#DEF
siga#PLURAL
oid#perahu
tolu#tiga
hei#juga
-i-#PST.ACH kemaah#disembuhkan
gimbatadn#jambatan
punggah#bagaimana
uhu#engkau.sekalian
lama#orang
nubuh.deirdn.na.hai#DI.KUMUDIAN
ndah#tidak
na#DEF
saa#isteri;.suami;.bini;.laki
ng-#ISA.AV irah#ajar
-in-#PST.ACY gandakng#gendang
i==#=
hei#juga
pandi#know
ilin#Ilin
induh#ibu;.induk;.emak
uhu#engkau.sekalian
soid#di.dalam
me-#ATTR.ST leid#lama
ou#saya;.aku
terpaksah#forced
lama#orang
peg-#ITER liid-#LIHAT;.TENGOK liid#lihat;.tengok
na#DEF
induh#ibu;.induk;.emak
ookng-ookng#atmosfir,.suasana
nu#engkau;.awak;.saudara;.anda
kimpusadn#terakhir
na#DEF
ibal#kawan
mati#mati;.meninggal.dunia
-in-#PST.ACY kimuat#tanya
di#di;.ke;.pada
gaya#gaya
kuaan#kanan
longon#lengan
mah#dan
kerah#monyet
irah#ajar
na.haah.na#SEKARANG
m-#ISA.AV osi#pancing;.mata.kail
ou#saya;.aku
mah#dan
kimuat#tanya
di#di;.ke;.pada
mv-#NPST.ACH etak#stay
duaa#doa
n-#ISA.AV onduk#senduk
m-#NPST.CAUS.AV m-#ISA.AV -onsuh#mandi
na#DEF
ina#itu
siga#PLURAL
tonu#unsalty
nd==#BIDAK;.BUKAN= ara#ada
nubuh#kemudian
pandi#know
na#DEF
gaya#gaya
kii#gather.from.beach
pudn#pun,.bahkan
jadi#jadi
lama#orang
keng-#DIR diti#sini
louk#fish
di#di;.ke;.pada
tuah-mulah#legenda
nti#ini
na#DEF
bebaidn#demon.possessed
m-#ISA.AV oroh#mengatakan
amah#bapa;.ayah
m-#ATTR.ST bani#berani
-in-#PST.ACY g-#ACY.C2 -alis#alis;.kening
bajuh#baju;.kemeja
lahi#lelaki
di#di;.ke;.pada
sultadn#sultan
bas#pernah
mah#dan
pa#yet
ndah#tidak
nubuh#kemudian
tulu#chase -udn#ISA.UV
mbat#evaluative.exclamation.
seylan#Seylan
umur#umur
haih#benar
in-#PST.UV aap#dapat
serapil#Serapil
-em-#MO.ACY teis#tangis
nu#engkau;.awak;.saudara;.anda
tapih#tetapi
titimung#bergaul
salah#kesalahan
nd==#BIDAK;.BUKAN= ou#saya;.aku
na#DEF
deirdn.na#ALONE
na#DEF
na#DEF
tolu#tiga
gaya#gaya
epaat#empat
na#DEF
ny==#=
ookng#udara
kiaardn.na#ada
sulikng#suling;.bangsi;.seruling
siga#PLURAL
lama#orang
anak#budak,.anak
induh#ibu;.induk;.emak
mah#dan
raah#darah
hei#juga
ki-#EXIST ara#ada
diaadn#saya
na#DEF
pusuru#membenarkan
na#DEF
ndah#tidak
tei#teh
na.haah.na#SEKARANG
saa#isteri;.suami;.bini;.laki
na#DEF
pandi#know
japli#Japli
siga#PLURAL
apuh#datuk,.kakek
pa#yet
ndah#tidak
anak#budak,.anak
mondog#hiwan.khayal
n-#ISA.AV -opuk#menyumpit
ba#EMPHATIC
-in-#PST.AV pu-#IMP.AV duh#buah.dada
n-#NPST.ACH tumbuk#punch
na#FOCUS
simbatu#one
suruar#seluar;.celana
duah#descend
meraah#type.of.tree
na#DEF
gulu#dahulu
==a#=AWAK;.ENGKAU;.SAUDARA;.ANDA
kuiih#sana
-in-#PST.AV ng-#ISA.AV uah#pergi.ke
hei#juga
ou#saya;.aku
leid#lama
ayad#baik
suruh#order
na#DEF
libungan#puncak.gedung
sedah#ikan
gambidn#menggendong
saa#isteri;.suami;.bini;.laki
siga.lama.na#MEREKA
peranggih#nenas
rigiodu#pagi
na#DEF
mual#Mual
sia#3SG.NOM
simbiliaadn#cut.throat
ndah#tidak
anak#budak,.anak
belaha#Beleha
layut#Layut
na.haah.na#SEKARANG
diaadn#saya
ngu-#ISA.AV duaa#doa
mah#dan
gulu#dahulu
pasi#lagi
uubm#berkata
nubuh#kemudian
mulah#zaman.dahulu
na#DEF
na#DEF
lahi#lelaki
na#DEF
puni#burung.punai
peis#pisau
mual#Mual
mengin#ingin
-in-#PST.AV nge-#ISA.AV saa#isteri;.suami;.bini;.laki
guai#kekasih,.belahan.jiwa
pasal#reason
poroh#mengatakan
ina#itu
ou#saya;.aku
gaya#gaya
i-#PST.ACY gu-#ACY.C2 suruh#order
ndah#tidak
==hu#=SAYA;.AKU
diti#sini
kahah#kakak
==hu#=SAYA;.AKU
peg#HAVING.Xed tupa#terjun;.meloncati.ke.bawah
gulu#dahulu
ndah#tidak
nu#engkau;.awak;.saudara;.anda
diaadn#saya
peg#HAVING.Xed kimuat#tanya
na#nya
kondog#terkejut
==a#=AWAK;.ENGKAU;.SAUDARA;.ANDA
suhu#suku
nu#AUX.UV -an#ISA.UV
na#DEF
dihu#engkau.sekalian,.kalian
hei#juga
di#di;.ke;.pada
na#DEF
otud#lutut
aha#awak;.engkau;.saudara;.anda
mbat#evaluative.exclamation.
na#DEF
kiou#kayu
==hu#=SAYA;.AKU
belaha#Beleha
langit#langit
sumbakng#sumbang
man#mengapa
mestan#Mestan
kusang#Kusang
na#DEF
mual#Mual
k-#NMLZR ingei#want -n#NMLZR
turuh#tujuh
ngai#get
di#di;.ke;.pada
ndah#tidak
di#di;.ke;.pada
ng-#ISA.AV uru#obat
-i-#PST.ACY m-#MO.ACY ulih#return
rua#condition
ina#itu
n-#PST.ACH aap#dapat
hei#juga
na#DEF
kerangkabm#kaki
diha#engkau
-em-#MO.ACY teis#tangis
uubm#berkata
bakng#kalau
ki-#EXIST ara#ada
m-#ISA.AV udulih#peduli
susuk#duri
hei#juga
ou#saya;.aku
-um-#MO.ACY luas#exit
kibunggakng#hairan
ina#itu
eyrat#alam.baka
suruh#order
sia#3SG.NOM
na#now
n-#PST.ACH damat#luka
lama#orang
nd==#BIDAK;.BUKAN= ara#ada
nti#ini
suad#bercakap;.mengata;.cakap
tobu#tebu
anak#budak,.anak
ge-#ACY.C2 taruh#simpan;.bersembunyi
-in-#PST.ACH -punggal#kupas
buh#lama;.lampau
amah#bapa;.ayah
simbatu#one
i==#=
gulu#dahulu
isilabm#Islam
sogokng#obat.penawar
na#DEF
di#di;.ke;.pada
-m-#MO.ACY surukng#take.responsibility.for.pregnancy
na#DEF
set#hanya
louk#fish
nu#2SG.SUBJ.ACT
pasi#lagi
tiadn#perut
mentamang#ibu.mentua;.mertua;.bapa.mentua;.mertua
ba#EMPHATIC
in-#PST.UV undah#membaiki
na#DEF
sidu#air.kencing
tapih#tetapi
onu#apa
na#DEF
na#DEF
keng-#DIR dii#sana
ndah#tidak
barabm#banyak
==ku#=
apuh#datuk,.kakek
na#DEF
simbatu#one
asu#anjing
domon#Domon
na#DEF
n-#PST.ACH dedi#happen
tuman#follow.through;.keep
man#mengapa
nelayan#kapal.yang.ada.pukat
ndah#tidak
nge-#ISA.AV jaga#menjaga
m-#MO.ACY ohodn#makan
nd==#BIDAK;.BUKAN= uhu#engkau.sekalian
kimuat#tanya
keng-#DIR di#kepada
daidn#jalan;.denai;.jalan.kecil
poroh#mengatakan
na#DEF
ndah#tidak
beig#air
alih#bung
malik#again
m-#LINKER batu#batu;.ekor;.buah;.satu