below
ᴘʀᴇᴘ
female
ᴘᴄFʟ.rsbl =3ᴍiɴII
head
piece.of.wood
thing ᴅᴇᴍ2.ᴅɪѕᴛ
there
high
AFTER
dat=1augII
ѕᴜʙʀ
ᴘʀᴇᴘ
day
ɴᴇɢ know =1ᴍiɴI ɴᴇɢ
what
Rʟ speak PᴅiR.HITHER
travel PᴅiR.HITHER =1ᴍiɴI.ᴄᴍʙ
ᴘFᴠ
because
Rʟ be.difficult ᴛR =3ᴍiɴIA
call.someone =3ᴍiɴIA
crew
what
ᴅᴇᴍ1.ᴘʀᴏχ
Reef.Is
much
said again PᴅiR.YON
ᴀᴄᴄ =1ᴍiɴII
ѕᴜʙʀ
ᴛᴘɴʏᴍ
Rʟ ᴍiᴅ write ᴀᴘᴘʟ =1ᴍiɴII
man
high
ᴘʀᴇᴘ
there
Samuel
be.struck
Pawa.school
head
kill =ᴄᴏЅ
brother =3ᴍiɴII ᴘʟ
reach PᴅiR.HITHER =3ᴍiɴIA
both =2ᴀᴜɢII
Rʟ finish =ᴄᴏЅ
portion
and
needlefish
Rʟ.3ᴀᴜɢ paddle together =ᴄᴏЅ =3ᴀᴜɢIS
ѕᴜʙʀ
take iɴᴛЅ .BZ(PDIR.YON)=O(1MINI)
ɴᴍʟᴢ1 make ɴᴍʟᴢ.ᴘᴄFʟ =1ᴍiɴII
name =3ᴍiɴII
child
Narnztilolx.(village)
Bokapwr
ѕᴜʙʀ
ᴄᴏᴍ.
chicken;.bird
ship
a
move.out
truck
war
breadfruit
ᴄᴀᴜЅ return =2ᴍiɴI
ɴᴍʟᴢ1 eat ɴᴍʟᴢ
many
ᴅᴇᴍ2.ᴅɪѕᴛ
sickness
be.1ᴀᴜɢII
ᴘᴀЅ die VERY ᴘʟ
ᴘᴄFʟ.drink =3ᴍiɴII
white
ᴘᴄFʟ.rsbl =2ᴍiɴII
ѕᴜʙʀ 3ᴀᴜɢ1 little
meat
captain
JUNE
Josis
ᴘᴄFʟ.hand =3ᴍiɴII
ᴅᴇᴍ1.ᴅɪѕᴛ
ᴅᴇᴍ2.ᴅɪѕᴛ
ɢᴇɴ1ᴀ
village
ngalinut
ᴘFᴠ
child
Rʟ ᴍiᴅ say =ᴄᴏЅ PᴅiR.YON =3ᴍiɴIA
and
ᴅᴇᴍ2.ᴅɪѕᴛ
Rʟ go GᴅiR.DOWN =1ᴀᴜɢI
moon.
Mzdxmingr.village
ᴄᴀᴜЅ return PᴅiR.HITHER =3ᴍiɴIA
boat
be.schooled
ᴘᴀЅ ᴍiᴅ say PᴅiR.YON
headmaster
money
ɴᴍʟᴢ1 famine GᴅiR.IN ɴᴍʟᴢ.ᴘᴄFʟ =3ᴀᴜɢII
ᴘʀᴇᴘ
ɴᴇɢ be =3ᴍiɴIS ɴᴇɢ
ѕᴜʙʀ
these
be.schooled
ᴘᴀЅ crush
Rʟ fall =ᴄᴏЅ
island
Rʟ forbid ᴀᴘᴘʟ PᴅiR.YON =.MQ(PDIR.HITHER)=Q(2MINI)
ѕᴜʙʀ
and
iRR be
ᴘFᴠ
demon
ᴘʀᴇᴘ
ᴘᴄFʟ.ʙ&ɢ =3ᴀᴜɢII
ᴅᴇᴍ2.ᴅɪѕᴛ
January
those
ѕᴜʙʀ
ᴘʀᴇᴘ
Baengr
tangle GᴅiR.IN =ᴄᴏЅ =3ᴍiɴIS
ѕᴜʙʀ little iɴᴛЅ
moon.
ᴘʀᴇᴘ
year
ɴᴇɢ eat =ᴄᴍᴘʟ =3ᴍiɴIA ɴᴇɢ
Nea
ᴀᴄᴄ =1ᴍiɴII
be.good
ᴀᴄᴄ =1ᴍiɴII
ᴘᴄFʟ.hand =3ᴍiɴII
name =3ᴍiɴII
3ᴀᴜɢ1 be =3ᴀᴜɢIS
ɴᴍʟᴢ1 make ᴠR
ɴᴍʟᴢ1 tell ɴᴍʟᴢ.ᴘᴄFʟ =1ᴀᴜɢII
ᴘᴄFʟ.ʙ&ɢ
miracle
dat=1augII
ɢᴇɴ1ᴀ
ᴅᴀᴛ =3ᴀᴜɢII
ѕᴜʙʀ
wave
LIVERS.COMPANY
3ᴀᴜɢ1 take ᴛR PᴅiR.HITHER =3ᴀᴜɢIS
startled ᴀᴘᴘʟ =1ᴀᴜɢII
there
take.hold.of ᴛR GᴅiR.DOWN =1ᴍiɴI
Tzlede
because
ᴄᴏᴍ.
ɴᴍʟᴢ1 shake;.rough always ɴᴍʟᴢ.ᴘᴄFʟ =3ᴍiɴII
home =3ᴍiɴII
doorway
those
ᴛᴘɴʏᴍ
take GᴅiR.IN =3ᴍiɴIA
APRIL
startled ᴀᴘᴘʟ =1ᴀᴜɢII
ѕᴜʙʀ
there
ɢᴇɴ1ᴀ
ᴘʀᴇᴘ
dat=1augII
be.schooled
set.out PᴅiR.HITHER =1ᴀᴜɢII
Rʟ travel ᴀᴘᴘʟ
word
and
ѕᴜʙʀ
ɴᴇɢ iRR sleep ɴᴇɢ
Rʟ be
ѕᴜʙʀ
time
ɢᴇɴ1ᴀ =3ᴀᴜɢII
be.3ᴀᴜɢII.
ᴘʀᴇᴘ
leader
a
and
ᴘᴄFʟ.rsbl =1ᴀᴜɢII ᴘʟ
crooked
group
ᴘʀᴇᴘ
ᴅᴇᴍ2.ᴅɪѕᴛ
Rʟ.3ᴀᴜɢ give again PᴅiR.YON =3ᴀᴜɢIA
fear ᴛR much =1ᴀᴜɢI
again
and
ѕᴜʙʀ
ᴘʀᴇᴘ
big
be.like
possessions =1ᴀᴜɢII
ᴅᴇᴍ2.ᴅɪѕᴛ
ɴᴍʟᴢ1 fall much ɴᴍʟᴢ.ᴘᴄFʟ
throw iɴᴛЅ GᴅiR.DOWN also PᴅiR.HITHER =3ᴍiɴIA
Rʟ go iɴᴛЅ
ᴘʀᴇᴘ
be.1ᴀᴜɢII
ᴘᴄFʟ.food =3ᴀᴜɢII
jump WRONG GᴅiR.UP ᴀᴘᴘʟ PᴅiR.HITHER =1ᴀᴜɢII
road
sail
ѕᴜʙʀ
and
ɢᴇɴ1ᴀ
dat=1augII
ᴅᴇᴍ2.ᴅɪѕᴛ
STORE
there
because
ᴅᴇᴍ2.ᴅɪѕᴛ
behind
or
those
Rʟ work GᴅiR.IN =STILL =1ᴍiɴI
ᴘʀᴇᴘ
captain
Yc.village
be.3ᴀᴜɢII.
ᴘFᴠ
ѕᴜʙʀ
or
because
ᴅᴇᴍ2.ᴅɪѕᴛ
child
ᴘʀᴇᴘ
be.3ᴍɪɴII
ѕᴜʙʀ
miracle
ᴄᴏᴍ.
there
man
ᴅᴇᴍ1.ᴘʀᴏχ
year
see =ᴄᴏЅ also =3ᴍiɴIA
ᴄᴏᴍ.
head
SANTA.CRUZ
ɴᴍʟᴢ1 straighten ᴛR ɴᴍʟᴢ.ᴘᴄFʟ =3ᴀᴜɢII
net
war
ѕᴜʙʀ 3ᴀᴜɢ1 big
ᴘʀᴇᴘ
Luesaleba.School
wind
iRR exchange =ᴄᴏЅ =3ᴍiɴIA
Nokz
first
ɴᴍʟᴢ1 go ɴᴍʟᴢ.ᴘᴄFʟ =1ᴀᴜɢII
ѕᴜʙʀ
ѕᴜʙʀ 3ᴀᴜɢ1 little
big
Savo
child
hunt always =1ᴀᴜɢI
time
ᴅᴇᴍ2.ᴅɪѕᴛ
overgrown
prayer
lift.up =3ᴍiɴIA
but
rope
shark
also
and
ᴘᴄFʟ.ʙ&ɢ =3ᴍiɴII
be.3ᴀᴜɢII.
ᴅᴇᴍ2.ᴅɪѕᴛ
iRR go =1ᴍiɴII
thing
sister.of.female
Joseph
boat
a
CAMP
night
ѕᴜʙʀ
ᴘFᴠ
all
eye =3ᴍiɴII
blood
and
look GᴅiR.IN PᴅiR.YON
SOCIETY
those
so.then
dat=1augII
bag
ᴄᴏᴍ.
ᴅᴇᴍ2.ᴅɪѕᴛ
rip ᴛR =ᴄᴏЅ
ɴᴍʟᴢ1 do ᴀᴘᴘʟ
thing
Rʟ.3ᴀᴜɢ go PROGRESSIVE =ᴄᴏЅ =3ᴀᴜɢIS
ᴀᴄᴄ =1ᴍiɴII
ɢᴇɴ1ᴀ
Simon
ᴘʀᴇᴘ
because
son =2ᴍiɴII
ɢᴇɴ1ᴀ =3ᴍiɴII
ɴᴍʟᴢ1 become ɴᴍʟᴢ.ᴘᴄFʟ =3ᴍiɴII
FEMALE.KING.TREE
cry Rᴇᴄᴘ iɴᴛЅ =1ᴀᴜɢI
ᴘᴄFʟ.hand =3ᴀᴜɢII
back.part =3ᴍiɴII
iRR sleep
ᴅᴇᴍ2.ᴅɪѕᴛ =ᴄᴏЅ
be.1ᴀᴜɢII
Rʟ write
Rʟ be.difficult
sea
ship
because
Rʟ.3ᴀᴜɢ throw.away ᴀᴘᴘʟ =3ᴀᴜɢII
ᴘʀᴇᴘ
Malay.apple
war
also
child
3ᴀᴜɢ1 set.out PᴅiR.HITHER =3ᴀᴜɢIS
ᴘʀᴇᴘ
ᴘʀᴇᴘ
and
titan.triggerfish
but
ᴘFᴠ
Rʟ.3ᴀᴜɢ jump =ᴄᴏЅ =3ᴀᴜɢIS
outside
ѕᴜʙʀ ɴᴇɢ 3ᴀᴜɢ1 marry ɴᴇɢ
ɴᴍʟᴢ1 famine GᴅiR.IN ɴᴍʟᴢ.ᴘᴄFʟ =3ᴍiɴII
iRR be ᴀᴘᴘʟ =1ᴍiɴII
finish GᴅiR.OUT PᴅiR.YON =3ᴍiɴIS
ᴘʀᴇᴘ
iRR go =3ᴀᴜɢIS
Rʟ.3ᴀᴜɢ ask ᴛR PᴅiR.HITHER =3ᴀᴜɢIA
USA,.AMERICA
thing
see =1ᴍiɴI
rain
NMLZ overgrown
big much =3ᴍiɴIA
ᴘʀᴇᴘ
money
ᴘFᴠ
wave
ᴘʀᴇᴘ
night
time =3ᴍiɴII
ᴘʀᴇᴘ
and
Rʟ hold =1ᴍiɴI
3ᴀᴜɢ1 go PᴅiR.YON =3ᴀᴜɢIS
Rʟ be
Joseph
ᴅᴀᴛ =3ᴍiɴII
and
Rʟ light.the.way again =1ᴍiɴI
and
ѕᴜʙʀ
ɴᴍʟᴢ1 teach ɴᴍʟᴢ
boat
Rʟ search ᴛR =ᴄᴏЅ =1ᴍiɴI
and
good
ᴛᴘɴʏᴍ
ɴᴍʟᴢ1 live,.stay ɴᴍʟᴢ.ᴘᴄFʟ =1ᴀᴜɢII
and
ᴘᴄFʟ.ʙ&ɢ =1ᴀᴜɢII
be.1ᴀᴜɢII
reach PᴅiR.HITHER =3ᴍiɴIA
spade
point.of.land;.point;.point
ɴᴍʟᴢ1 live,.stay together ɴᴍʟᴢ.ᴘᴄFʟ =1ᴀᴜɢII
outrigger
group
ᴘᴄFʟ.rsbl =3ᴍiɴII
ᴘʀᴇᴘ
bread
ᴘʀᴇᴘ
needlefish
ᴄᴏᴍ.
ѕᴜʙʀ
be just =1ᴀᴜɢI
go GᴅiR.OUT PᴅiR.HITHER =3ᴍiɴIS
and
place
ѕᴜʙʀ
ᴘʀᴇᴘ
wind.SW
but
garden
distribute GᴅiR.DOWN =1ᴀᴜɢI
basket
a
Rʟ travel ᴀᴘᴘʟ
iRR pray always =12ᴀᴜɢI
child
ᴘʀᴇᴘ
ᴛᴘɴʏᴍ
brother.of.a.female ᴘʟ
ᴘʀᴇᴘ
ѕᴜʙʀ
cattle
ᴘᴄFʟ.rsbl =3ᴍiɴII ᴘʟ
ᴘᴄFʟ.hand =3ᴍiɴII
cross
tree
ѕᴜʙʀ
God
take also PᴅiR.YON =3ᴍiɴIA
go =3ᴍiɴIA
a
Fiu,.Malaita
ᴘʀᴇᴘ
ᴘʀᴇᴘ
road
Rʟ.3ᴀᴜɢ ᴍiᴅ exchange =3ᴀᴜɢIS
ᴘʀᴇᴘ
his.voice
school
ᴘʀᴇᴘ
ᴀᴄᴄ =1ᴍiɴII
mosquito
travel GᴅiR.UP =1ᴍiɴI
ᴍiᴅ say PᴅiR.HITHER =3ᴍiɴIA
wooden.bowl
AFTER
ᴘFᴠ
coconut
ᴅᴇᴍ2.ᴅɪѕᴛ
be.1ᴀᴜɢII
club
be.3ᴀᴜɢII.
cartridge
ᴘFᴠ
but
there
Baengr
lie PᴅiR.YON =1ᴀᴜɢI
ᴅᴇᴍ1.ᴅɪѕᴛ
again
exchange =3ᴍiɴIA
airplane
year
ᴅᴇᴍ2.ᴅɪѕᴛ
leaf
ᴅᴇᴍ1.ᴅɪѕᴛ
3ᴀᴜɢ1 take =3ᴀᴜɢIA
ᴘʀᴇᴘ
ѕᴜʙʀ big
go GᴅiR.OUT PᴅiR.YON =1ᴀᴜɢI
iRR take =3ᴍiɴIA
ѕᴜʙʀ
and
ɪᴘFᴠ
and
ᴅᴇᴍ2.ᴅɪѕᴛ
hand
and
ᴅᴇᴍ2.ᴅɪѕᴛ
ᴅᴀᴛ =2ᴍiɴII
Nea
ᴅᴇᴍ1.ᴅɪѕᴛ
be iɴᴛЅ =ᴄᴍᴘʟ
ᴘʀᴇᴘ
none.;.lack;.none
ɴᴍʟᴢ1 exchange ɴᴍʟᴢ.ᴘᴄFʟ =3ᴍiɴII
Rʟ go.out =ᴄᴏЅ ᴀᴘᴘʟ =3ᴍiɴII
Rʟ lead.from.front;.walk
stay GᴅiR.OUT
there
Mwelea
be.schooled
ѕᴜʙʀ
Rʟ.3ᴀᴜɢ see =ᴄᴏЅ =3ᴀᴜɢIA
travel GᴅiR.OUT PᴅiR.YON =1ᴀᴜɢI
and
ᴅᴇᴍ2.ᴅɪѕᴛ
and
ᴘʀᴇᴘ
hole
neck =3ᴀᴜɢII
ɴᴇɢ fitting ɴᴇɢ
child
father =1ᴍiɴII
ᴅᴇᴍ1.ᴅɪѕᴛ
ᴘʀᴇᴘ
ᴘʀᴇᴘ
ᴘʀᴇᴘ
thing
ѕᴜʙʀ
shore
ᴅᴇᴍ1.ᴅɪѕᴛ
ᴘFᴠ
blood
be ᴛR GᴅiR.DOWN PᴅiR.HITHER =1ᴀᴜɢII
Rʟ.3ᴀᴜɢ be iɴᴛЅ just
Rʟ.3ᴀᴜɢ fly afterward =3ᴀᴜɢIS
ᴘᴄFʟ.ʙ&ɢ =1ᴀᴜɢII
ɢᴇɴ1ᴀ =3ᴍiɴII
and
Samuel
chapter
ᴘʀᴇᴘ
wave
go PᴅiR.YON
all
Rʟ.3ᴀᴜɢ ᴄᴀᴜЅ burn =ᴄᴏЅ =3ᴀᴜɢIA
ᴅᴇᴍ2.ᴅɪѕᴛ
SANTA.CRUZ
those
ѕᴜʙʀ
blood
iRR become =ᴄᴏЅ =1ᴀᴜɢII
search =3ᴍiɴIS
ɴᴍʟᴢ1 ᴍiᴅ say ɴᴍʟᴢ.ᴘᴄFʟ .BZ(PDIR.YON)=O(1MINI)
ᴅᴇᴍ2.ᴅɪѕᴛ =ᴄᴏЅ
Rʟ take =ᴄᴏЅ ɴᴍʟᴢ.ᴘᴄFʟ
time ᴅᴇᴍ1.ᴅɪѕᴛ
ѕᴜʙʀ one
Ituku
two;.couple
3ᴀᴜɢ1 want
sleep ᴀᴘᴘʟ =1ᴀᴜɢII
but
ᴅᴇᴍ2.ᴅɪѕᴛ
those
none.;.lack;.none
ɴᴍʟᴢ1 ᴍiᴅ grate.coconut ᴀᴘᴘʟ
ᴅᴇᴍ2.ᴅɪѕᴛ
island
and
so.then
ᴅᴇᴍ2.ᴅɪѕᴛ
ᴛᴘɴʏᴍ
insides
ᴘFᴠ
Rʟ ᴍiᴅ say =ᴄᴏЅ PᴅiR.HITHER =3ᴍiɴIA
Rʟ little =STILL ᴀᴘᴘʟ =1ᴍiɴII
iRR cover.from.rain ᴀᴘᴘʟ .BZ(PDIR.YON)=O(1MINI)
ᴘʀᴇᴘ
those
iRR eat iɴᴛЅ =1ᴀᴜɢI
ᴘFᴠ
miracle
Bokapwr
those
be.3ᴀᴜɢII.
Rʟ ᴍiᴅ say =ᴄᴏЅ PᴅiR.HITHER =3ᴍiɴIA
ᴅᴇᴍ2.ᴅɪѕᴛ
ᴀᴄᴄ =1ᴍiɴII
and
ᴘʀᴇᴘ
ѕᴜʙʀ
ѕᴜʙʀ
man
conch.shell
and
Rʟ.3ᴀᴜɢ go =ᴄᴏЅ first =3ᴀᴜɢIS
ɴᴍʟᴢ1 become ɴᴍʟᴢ.ᴘᴄFʟ =3ᴍiɴII
be.good
ѕᴜʙʀ
those
night
chicken;.bird
see =1ᴀᴜɢI
and
village
ᴘʀᴇᴘ
be.1ᴀᴜɢII
Rʟ angry =ᴄᴏЅ
Rʟ enter =ᴄᴏЅ
ᴘᴄFʟ.fire =1ᴀᴜɢII
ɢᴇɴ1ᴀ
a
ɢᴇɴ1ᴀ
marry ᴛR =3ᴍiɴIA
ѕᴜʙʀ
image
ᴘʀᴇᴘ
iRR go UᴅiR.AWAY.FROM =1ᴍiɴI
be.schooled
Rʟ be.good =ᴄᴏЅ =3ᴍiɴIS
spirit
humid
ᴅᴇᴍ1.ᴅɪѕᴛ
ᴘFᴠ
ᴛᴘɴʏᴍ
Nea
go
ᴘʀᴇᴘ
first
but
again
ᴍiᴅ say =3ᴍiɴIA
price
ѕᴜʙʀ
child
different
ᴅᴇᴍ2.ᴅɪѕᴛ
custom
there
ѕᴜʙʀ
ᴘʀᴇᴘ
know PᴅiR.YON =1ᴀᴜɢI
be.3ᴍɪɴII
God
iRR ᴍiᴅ peel ᴀᴘᴘʟ =1ᴀᴜɢII
ᴘFᴠ
be.3ᴀᴜɢII.
a
occupation
Daniel
go GᴅiR.DOWN =1ᴍiɴI
fence
tsunami
monk
airplane
father =3ᴀᴜɢII
ᴀᴄᴄ =1ᴍiɴII
ɴᴍʟᴢ1 fish ɴᴍʟᴢ.ᴘᴄFʟ =3ᴍiɴII
ѕᴜʙʀ one
ɴᴍʟᴢ1 go DEPEND =3ᴀᴜɢIA
things.of ᴠR
ɢᴇɴ1ᴀ
ᴘFᴠ
behind
be.1ᴀᴜɢII
do ᴘʟᴄᴛ =1ᴀᴜɢI ᴘʟ
ᴘFᴠ
money
3ᴀᴜɢ1 live,.stay hidden =3ᴀᴜɢIS
doctor
ɴᴍʟᴢ1 be =ᴄᴏЅ ɴᴍʟᴢ.ᴘᴄFʟ =1ᴀᴜɢII
ᴅᴇᴍ2.ᴅɪѕᴛ
house
two;.couple
room
request;.ask GᴅiR.IN ᴀᴘᴘʟ .BZ(PDIR.YON)=O(1MINI) =3ᴍiɴIA
ᴘFᴠ
ᴘʀᴇᴘ
Nea
JAPAN
ᴘᴀЅ allow ᴀᴘᴘʟ PᴅiR.YON
see GᴅiR.DOWN PᴅiR.HITHER
child
and
and
those
child
ᴅᴇᴍ2.ᴅɪѕᴛ
dat=3augII
ɢᴇɴ1ᴀ =3ᴍiɴII
ɴᴍʟᴢ1 release ɴᴍʟᴢ.ᴘᴄFʟ .BZ(PDIR.YON)=O(1MINI)
fruit =3ᴀᴜɢII
Mzdxmingr.village
day
ɴᴍʟᴢ1 make ᴠR
ᴄᴏᴍ.
ᴘʀᴇᴘ
ᴄᴏᴍ.
hear .BZ(PDIR.YON)=O(1MINI)
police
ᴘʀᴇᴘ
but
Rʟ ᴄᴀᴜЅ lose GᴅiR.IN =ᴄᴏЅ =3ᴍiɴIA
ᴘʀᴇᴘ
ᴍiᴅ gather iɴᴛЅ =1ᴀᴜɢI
be.3ᴍɪɴII
whistle
Rʟ ᴍiᴅ say =ᴄᴏЅ PᴅiR.YON
God
CATECHIST
ѕᴜʙʀ 3ᴀᴜɢ1 big
ᴘFᴠ
ɢᴇɴ1ᴀ
reach PᴅiR.HITHER =3ᴍiɴIA
man
single.house
iRR ᴄᴀᴜЅ dry ᴛR ᴀᴘᴘʟ =3ᴀᴜɢII
ѕᴜʙʀ
ᴏRᴅ two
iRR baptised first =3ᴀᴜɢIS
iRR happen .BZ(PDIR.YON)=O(1MINI)
3ᴀᴜɢ1 scream =ᴄᴏЅ =3ᴀᴜɢIS
ᴘFᴠ
finish GᴅiR.OUT PᴅiR.YON =3ᴍiɴIS
ɴᴍʟᴢ1 ᴍiᴅ take ɴᴍʟᴢ.ᴘᴄFʟ =3ᴀᴜɢII
high
oversee =3ᴍiɴIA
ᴅᴇᴍ2.ᴅɪѕᴛ
be ᴛR =1ᴍiɴI
island
ѕᴜʙʀ
Rʟ scream =ᴄᴏЅ
ship
maybe;.I.think
dat=1augII
island
ɴᴍʟᴢ1 go ᴀᴘᴘʟ
ᴘᴄFʟ.ʙ&ɢ
stone
fence
also
ᴅᴇᴍ2.ᴅɪѕᴛ
Rʟ enter.in =ᴄᴏЅ PᴅiR.YON =1ᴀᴜɢI
ᴘʀᴇᴘ
a
depart PᴅiR.YON =1ᴀᴜɢI
ѕᴜʙʀ bad
refuse ᴀᴘᴘʟ =3ᴍiɴII
Thomas
not.any
ᴄᴏᴍ.
and
ᴘʀᴇᴘ
and
finish iɴᴛЅ GᴅiR.DOWN =3ᴍiɴIS
mind
ᴅᴇᴍ2.ᴅɪѕᴛ
ᴘʀᴇᴘ
time
rain
ᴅᴀᴛ =3ᴍiɴII
dat=2augII
name =3ᴍiɴII
Rʟ cry =ᴄᴏЅ again PᴅiR.HITHER =1ᴍiɴI
and
word =1ᴍiɴII
iRR light.the.way iɴᴛЅ ᴀᴘᴘʟ =3ᴀᴜɢII
ᴍiᴅ say PᴅiR.YON =3ᴍiɴIA
ѕᴜʙʀ big
village
be.3ᴍɪɴII
ᴅᴇᴍ2.ᴅɪѕᴛ
back.part
none.;.lack;.none
child
ᴘʀᴇᴘ
ᴀᴄᴄ =1ᴍiɴII
and
ᴅᴇᴍ2.ᴅɪѕᴛ
ɢᴇɴ1ᴀ =3ᴀᴜɢII
those
USA,.AMERICA
because
just
mother.aunt =1ᴀᴜɢII
mother.aunt =1ᴍiɴII
be.good
again
child
ѕᴜʙʀ
ᴘᴄFʟ.rsbl =3ᴀᴜɢII
reach PᴅiR.HITHER =3ᴍiɴIA
blue.fly
Rʟ.3ᴀᴜɢ meet =ᴄᴏЅ =3ᴀᴜɢIA
ᴅᴇᴍ2.ᴅɪѕᴛ
iRR go GᴅiR.UP .BZ(PDIR.YON)=O(1MINI)
leader
ᴅᴇᴍ2.ᴅɪѕᴛ
iRR become.one also PᴅiR.HITHER
ѕᴜʙʀ
pig
ᴘʀᴇᴘ
captain
Malaita
there
twist GᴅiR.IN iɴᴛЅ just
ᴅᴇᴍ2.ᴅɪѕᴛ
piece
ᴘᴀЅ ᴍiᴅ say PᴅiR.YON
ᴅᴇᴍ2.ᴅɪѕᴛ
big iɴᴛЅ
a
ᴍiᴅ give GᴅiR.IN PᴅiR.HITHER
high
day
Rʟ eat =ᴄᴏЅ =3ᴍiɴIA =3ᴀᴜɢIS
base
Rʟ say =ᴄᴏЅ PᴅiR.YON =1ᴀᴜɢI
those
Rʟ converse =ᴄᴏЅ PᴅiR.YON
ᴘᴄFʟ.rsbl =3ᴀᴜɢII
those
float
Catholic
there
ɴᴍʟᴢ1 ᴍiᴅ find ɴᴍʟᴢ.ᴘᴄFʟ =1ᴍiɴII
said again PᴅiR.YON
Rʟ.3ᴀᴜɢ rule;.rule =3ᴀᴜɢIA
ᴅᴇᴍ2.ᴅɪѕᴛ
Rʟ eat ᴀᴘᴘʟ =STILL
hem.nao
be.3ᴍɪɴII
be.schooled
and
ᴅᴇᴍ2.ᴅɪѕᴛ
AFTER
look ᴀᴘᴘʟ ᴘʟᴄᴛ =3ᴍiɴIA
ᴘʀᴇᴘ
ᴘʀᴇᴘ
life
Jesus
ᴘʀᴇᴘ
time
or
ᴅᴇᴍ2.ᴅɪѕᴛ
and
ɴᴍʟᴢ1 ᴄᴀᴜЅ bind ᴀᴘᴘʟ ᴘʟ
HOLY.WRITINGS
ɴᴍʟᴢ1 convert.s.o. ɴᴍʟᴢ.ᴘᴄFʟ =3ᴀᴜɢII
ɴᴍʟᴢ1 see ɴᴍʟᴢ.ᴘᴄFʟ =1ᴍiɴII =3ᴍiɴIA
ᴅᴇᴍ2.ᴅɪѕᴛ
dat=3augII
ѕᴜʙʀ 3ᴀᴜɢ1 ᴍiᴅ exchange
ᴘʀᴇᴘ
depart GᴅiR.OUT =1ᴍiɴI
story
ᴘFᴠ
priest
big
ɴᴇɢ ɴᴍʟᴢ1 see =ᴄᴏЅ =3ᴀᴜɢIA ɴᴇɢ
there
outrigger
ᴘFᴠ
ᴅᴇᴍ2.ᴅɪѕᴛ
man
ᴘʀᴇᴘ
not.have;.none.anymore
village
ᴍiᴅ say PᴅiR.YON
ɴᴍʟᴢ1 make ɴᴍʟᴢ.ᴘᴄFʟ
half
none.;.lack;.none just
those
where
ɴᴍʟᴢ1 make ɴᴍʟᴢ.ᴘᴄFʟ =1ᴀᴜɢII
ᴘʀᴇᴘ
ɢᴇɴ1ᴀ =1ᴍiɴII
and
3ᴀᴜɢ1 fight =3ᴀᴜɢIS
current
be.schooled
people
ʀᴇFʟ
coconut
ɴᴍʟᴢ1 make ᴠR
ᴀᴄᴄ =1ᴍiɴII
cross
cloth
ᴅᴇᴍ2.ᴅɪѕᴛ
ᴅᴇᴍ2.ᴅɪѕᴛ
ᴅᴇᴍ2.ᴅɪѕᴛ
Narnztilolx.(village)
a
sleep =1ᴀᴜɢI
ᴅᴇᴍ2.ᴅɪѕᴛ
be.schooled
time
ᴘFᴠ
Фɴᴛ.ᴘʟ
ᴛᴘɴʏᴍ
USA,.AMERICA
ᴘʀᴇᴘ
ᴘFᴠ
ѕᴜʙʀ
money
back.part
ᴍiᴅ say PᴅiR.YON
cross
ɴᴍʟᴢ1 live,.stay ɴᴍʟᴢ.ᴘᴄFʟ =1ᴀᴜɢII
clear
coconut
good iɴᴛЅ GᴅiR.IN
Aijz
these
breadfruit
ѕᴜʙʀ
ᴅᴇᴍ1.ᴘʀᴏχ
child
ᴘᴄFʟ.hand
and
those
Rʟ go =ᴄᴏЅ PᴅiR.HITHER
Lrlvz
there
child
ᴘʀᴇᴘ
because
ᴘʀᴇᴘ
ɴᴍʟᴢ1 enter ɴᴍʟᴢ.ᴘᴄFʟ PᴅiR.YON =3ᴀᴜɢIA
ᴘʀᴇᴘ
ɴᴍʟᴢ1 fall ɴᴍʟᴢ.ᴘᴄFʟ
ѕᴜʙʀ
ᴘʀᴇᴘ
ᴘʀᴇᴘ
stay GᴅiR.UP also PᴅiR.YON =3ᴍiɴIS
ᴘᴄFʟ.rsbl =3ᴍiɴII ᴘʟ
a
ᴘʀᴇᴘ
village
Lrlvz
ѕᴜʙʀ big
so.then
Nemya'.
SANTA.CRUZ
and
room
or
name =3ᴍiɴII
man
ᴘᴄFʟ.inherent =3ᴍiɴII
army
child
school
ѕᴜʙʀ one
ѕᴜʙʀ
ᴘFᴠ
go PᴅiR.HITHER =3ᴍiɴIS
ɴᴍʟᴢ1 ᴄᴀᴜЅ carry ɴᴍʟᴢ
ᴘᴀЅ remove =ᴄᴏЅ
chicken;.bird
moon.
iRR bandage ᴛR
ᴅᴇᴍ2.ᴅɪѕᴛ
be.1ᴀᴜɢII
ѕᴜʙʀ
again
ᴅᴀᴛ =2ᴍiɴII
go GᴅiR.DOWN iɴᴛЅ =1ᴀᴜɢI
ѕᴜʙʀ four
house
ѕᴜʙʀ
fence
road
and
Rʟ take =ᴄᴏЅ PᴅiR.YON =3ᴍiɴIA
ᴅᴇᴍ2.ᴅɪѕᴛ
and
ᴘʀᴇᴘ
maybe;.I.think
time
first
ᴅᴇᴍ2.ᴅɪѕᴛ
child
Rʟ.3ᴀᴜɢ play =ᴄᴏЅ =3ᴀᴜɢIS
ship
ɴᴍʟᴢ1 hold PᴅiR.YON =3ᴀᴜɢIA
piece =3ᴍiɴII
ѕᴜʙʀ
Rʟ.3ᴀᴜɢ fear =3ᴀᴜɢIS
ᴘFᴠ
group
ᴛᴘɴʏᴍ
ᴘʀᴇᴘ
JAPAN
doctor
stay MNR GᴅiR.IN =1ᴀᴜɢI
why
ᴘᴄFʟ.rsbl
ᴘʀᴇᴘ
root =3ᴀᴜɢII
those
go PᴅiR.HITHER =3ᴍiɴIS
thunder
ᴘʀᴇᴘ
part,.piece
ɴᴍʟᴢ1 stand always ɴᴍʟᴢ.ᴘᴄFʟ =3ᴍiɴII
ᴛᴘɴʏᴍ
ᴘFᴠ
sago.arrow
and
long.ago
Rʟ sleep =ᴄᴏЅ =1ᴍiɴI
ɢᴇɴ1ᴀ =3ᴀᴜɢII
ɢᴇɴ1ᴀ =3ᴍiɴII
ѕᴜʙʀ
hole
body =2ᴍiɴII
and
ᴘᴄFʟ.hand =3ᴀᴜɢII
salt.water
become =1ᴍiɴII
be.1ᴀᴜɢII
end
3ᴀᴜɢ1 break =3ᴀᴜɢIA
again
ᴘʀᴇᴘ
see PᴅiR.YON =1ᴀᴜɢI
ɴᴍʟᴢ1 ᴍiᴅ put ᴀᴘᴘʟ PᴅiR.YON
eye =3ᴍiɴII
ᴘʀᴇᴘ
ᴘᴀЅ shoot
ᴅᴇᴍ2.ᴅɪѕᴛ