hi- nih
h
u- k'it
shiy
sh- dia'
nts'ą'
tl'aan
u- t'ayy'
unintelligible
nts'ą'
du'
du'
k'at'eey
ttheek'ät
xah
pull
ts'įį- łįį
shyiit
s- tsǫǫ
he
tah
n- ts'ą'
talk
k'ahjil
tädn
nts'ą'
n- aa
yamaagn.teeshyaay
ch- ǫǫndaa
nts'ą'.t'eey
t'axoh
dineey
nee- ts'iikeey
ch'iithoo
del- gayh
hǫǫ'
ni- aa- haal
ts'exeh.gaay
eh
del- gayh
y- eh- nih
y- eh- nih
hi- t'üü
sh- ǫǫnüü
hu- degn'
hah- 'ogn
nuh- shyah
y- eh- nih
tl'uuł
tlodn
northway
y- eh- nih
na- tet- shyah
t'eey
ishyiit
u- nąą
du'
chih
eh- k'aay
ay.eł
ha- shyǫǫ
u- taa- łeel
shołshołshołshoł
t'eey
that
nee- k'eh
ts'- u- neh- 'iign
ch'idanh
yamaagn.teeshyaay
ay.tl'aan
na- tset- deel
u- shyah
k'at'eey
eh
laughter
datl'a- 'ee- mįį
nts'ąą
chuyh
a- nogn
later
ay
xah
nee- shyi'
eh
here
ch'a
xah
dahdzäł
ndee
eh
hu- 'eh- nih
neh- 'įį
k'it
s- t'a- tnel- got
na- y- tnee- 'aak
m- ǫǫsi'
iin
tl'aan
ay
łuugn
you
ishyiit
ha- hu- h- taa- łeeł
hǫ- nih
hu- neh- 'įh
iitsą'
le'e
na- degn'
kitl'a- ee- duu
na- 'įį- 'ąą
nah- 'än
he- dąy
i- dheh- xįį
x~ray
shyiit
da- teh- tayh
ts'ał
n- t'ay
ch'a
shyįį'
xah
t'oot'eey
ch'a
shyiit
sh- naagn'
hu- shyi'
k'it
tl'aan
nee- daategn
kelahdzeey
du'
hu- doo
eh- t'iah
taathüh
ts'exeh.gaay
iin
ha'
you
sh- chil
shyi
idzii'
dą'
eh
ha- naat
iin
taag
tay
ts'ą̈'
nuun
ay
high
mänh
shyii
tah
ay.eh
ee- 'ąą
hu- xah
know
eh- sał
dänh
chih
n- eh
noo'
t'eey
di- nąą
or
huu- dlah
tah
tl'aan
tuu
k'ahdu'
ishyiit
that
u- dih- nih
tah
hǫǫ- heeyh
nts'ą'
hu- 'eh- nay
old
m- u- tee- shyaagn
k'at'eey
k'at'eey
t'eey
dą'
chih
ch'a
sh- eh- nih
sh- aa
shyiit
hah- 'ogn
'''
n- łįį
hii- yil- deel
mb- aa
ay
eh
chih
suu
k'a- dįį
ha- dzel- 'įh
ni- nįį- shyay
iin
t'eey
hii- tth'an'
k'eh
t'eey
hǫǫ't'eey
after
skeniimbee
na- 'įį- thät
hǫǫ'
na- tdal- nąy
łah- ii- dnįį- kat
sh- nąą
hu- dia'
t'eey
i- ts'i- ish- niign
nel- gąy
s- tsǫǫ
tan
ishyiit
chih
ah- gąy
jahxan
ch'a
shyiit
jign
tah
sarah
t'eey
ǫǫ
na- tee- deek
u- ǫǫ- niiy
n- elsüü'
łuugn
ay
di- k'eetl'aat
nee- 'eh- nih
ch'- aadeh
ishyiit
sh- ǫǫnüü
hii- 'eh
ne'
uk'e'
h- tee- nąą
ay
s- tsay
ay
ski- nih- thüh
n- ttheh
ay
hii- yįį- dlah
na- 'at- 'at
dineh
eh
t'eey
łahtthegn
dih- nih
chih
łehchin
n- tl'a- hii- taa- 'aal
tl'aan
nii- deh- xay
ni- i- tset- dek
ji- net- tl'ädn
hel- deel
ch'itay
nts'aa'
still
maagn
na- heh- tiat
tl'aan
nee- k'eh
ch'a
ts'iikeey
line
ishyiit
t'eey
that
įį- sǫǫ
iin
godn
k'ahdu'
shiy
ni- ch- 'įh- dlah
i- chah- 'aal
shyiit
du'
k'a
tihet~juh
dą'
de'.kah
sh- k'eh
diaa
ts'igąąk
h
hu- xah
el- tsiin
k'ahdu'
hǫǫ't'eey
nee- 'eh- nih
ina'
hah- na- daat
le'
ch'a
ch'itay
na- hǫl- ndegn
t'eey
hǫǫ'
dänh
shyiit
ła- nįį- that
ch'a
ay.eł
around
doo
heh- teegn
tl'aan
nuh- 'eh
mbaadeh
choh
that
god's
chinhshyiit
u- tee- łe'
dį'
hanteey'
sh- dia'
ay.eł
dzel- tth'ii
ah'an
ts'exeey
huug
yiii
hǫǫ't'eey
sh- eh- nih
ah- nayh
ch'- aa
ch'ale'
ay.tl'aan
du'
na- 'i- that
t'eey
di- dia'
na- tset- dek
xah
mb- aadeh
hii- dal
hugn
last
t'eey
iin
nts'ąą'
tąy
el- tsiik
ay.eł
ch'a
jign
du'
eh
xah
nithoo
du'
kah
kol
nts'ą̈'.t'eey
cache
t'eey
ch'a
hadil'įh
tah
how
k'e
shyiit
hahdog
ninįhtįį
y- eh
nichitnak~'įįl
ookol
tthee
nak- säł
na- tįh- xeel
shyiit
t'eey
dįįk
neh
hǫǫ'
iin
hu- tee- łe'
hiiy- uu- siik
ishyiit
xah
sta- nii- t'ak
tay'
the
ch'itsay
tl'aan
ay.tl'aan
u- kol
hu- ts'ą̈'
hǫǫ- łįį
nih
nt'eh
nih- shyaay
xah
danh
dineh
hǫǫ'
shyign'
mb- eh
ch'ale
dee- k'an'
ina'
chih
tl'aan
eh- nih
nän'
naadodi
u- he- nih
h
na'ehthat
ih- łįį
nee- shyąąn
nih
t'eey
ch'a
he
na- shyign'
sh- ǫǫnüü
choh
pretty
ts'iikeey
that
u- 'aat
u- 'aat
woman
ay
ay
feet
u- dzeey
nak- 'įįgn
łahtthegn.nts'ą̈'
niydi'ąą
ay
ts'exeh.gaay
łaakeey
na- 'įh xeeł
t'eey
xeel'
ti- hat- nak
feather
du'
hel- deel
del- gayh
männ'
ch'a
y- aa
ch'ittheh
ha- noh- shyuugn
nǫǫ- łeek
hu'- ǫǫnüü
tah- shyüü
hu- shyah
łuugn
nahugn
hi- ti- dhag- ndaa
k'at'eey
nee- ts'ą'
nts'ą'
dih- nih
hǫǫ'
tädn
her
nurse
na- hal- nek
shinaltthał
dishyįį'
hǫǫ- łiin
sǫ'
hasaa'įį'ąą
t'a- a- ch'- įį- shyiił
ts'exeh.gaay
iin
ay
t'eey
nihthoo
nduugn
ts'ehuuha'
nee- k'eh
na- 'i- thät
k'a
mb- ookol
iin
you
nih
choh
nuh- xah
sǫ'
ch'a
iin
tl'aan
ha- ch'- uu- dal- 'įį
know
ishyiit
ay
that
hǫǫ- łįį
eh
ch'ale
na- 'in- shyah
shyiit
id- net- t'iah
ya- he- dak
nts'ąą'
nee- ts'ädn'
nateeshyah
tah
chih
ay
nee- xah
sh- aa
sh- aa
hǫǫ'
mb- ookol
tl'aan
tl'aan
sh- k'eh
ts'edhehxįį
chi- nal- 'įįl
tl'aan
that
de'.kah
del- tth'ii
ch'įhkad
nts'ą'
ha- y- įį- łuuh
dishyįį'
nee- xah
tah- 'aal
hu'an
ee- dlah
iin
ishyiit
dul- tth'i'
dita'
iin
di- t'ah
eh
shtl'a- tįį'- aał
u- kol
shyįį'
hǫǫ'
eh
hu'an
lee
ha- hu- h- del- 'įh
think
na- tet- łeegn
tee- shyah
sh- nah- 'įh
ch'aachin'
ch'isana
xah
le'
hu- nįh- 'įh
di- nąą
ay
dziin
xah
degn'
ch'aa'imbeek
u- nįį'
thattabessa
ch'a'
i- tel- tät
tay'
nee- shyi'
tah
ts'almbeet
k'ahdu'
h- tee- deel
duugn
k'ehtthiign.niign
niign
t'eey
t'oot'eey
nuh- 'aat
hi- nih
shyuugn
t'eey
hǫǫ'
dii
and
sarah
tl'aan
nan
dineey
k'a
ay.tl'aan
k'a
eh
a- dogn
hǫǫ- thädn
ts'- u- taa- heel
i- ni- tel- tth'eek
naynehkon'
hu- dih- nih
burned
ch'ale
n- tsuul
t'eey
back
t'eey
ch'i- h- dheh- xeek
iin
eh
ts'anh
al- tthał
eh
still
jahxan
jah
n- t'ayh
ts'ist'e'
shyįį'
tah
ǫǫ- łe'
u- tth'an'
du'
kol
łii gaay
ski- i- hol- shyeek
hu- dziit
ih- daagn
iin
sh- eh- nih
choh
tay'
ts'oo
hih- tnah- tsayh
t'eey
eh
k'ahdu'
tatxol
scottie
- hot- hiik
įįtah
aan
ch'a
geez
hi- k'eh
tadn
ti- nįį- shyah
sh- taay
huu- neh- ttheh
diniign
łahtthih
sǫ'
y- eh- nih
jign
ti- 'uh- duu
ni- he- łeegn
i- na- tel- 'ok
tl'aan
t'eey
t'axoh
t'oot'eey
hu- 'eh
le'
t'eey
t'eey
hǫǫ'
ts'iikeey
hugn
dą'
uts'iikeey
ay
łuugn
eh
n- dąy
ch'a
choh
sh- nąą
t'axoh
chih
nee- 'eh- nih
k'at'eey
dineey
ni- ni- t'ak
hu- nu'
di- tthi'
nts'ą'.t'eey
maagn
thaa- teh- thad
del- tth'ii
eeł
nee- 'eh- nih
na- net- shyeey
iin
people
shi- he- nih
tuu
nah- 'ǫǫ
tet- shyoh
hiiy- eh- niign
nat- set- keek
jah
sts'ayy'
kon'
hii- yel- deeł
ch'ah- k'eet
sǫ'
tah
iin
naneta'
ch'- i- naa- dał
chih
aa- haał
dänh
hįį- łįį
eh
ay
s- tsay
männ'
hǫǫ't'eey
ya- he- dak
iin
al- tthał
le'
eh
dineh
ch'idanh
'
ch'a
nts'ą'
t'eey
łahtthegn'.nts'ą̈'
la'
tsat
hǫǫsǫǫ
ts'anh
diniign
hineh
ts'iikeey
da- noo
de'.kah
ni- - nįį- deeł
from
nih
tdak- 'aal
shyii
na- tet- dek
ts'exeh
chih
iin
hu- tah
negn'
hel- t'eh
ch'ishyaan
ay
ts'igąąk
nee- łiign'
nts'ą'
chih
hu- nąą
tsee- naa
t'eey
ch'itay
hah- shyiign
nt'eh
xay
hǫǫ- heey
t'axoh
nee'eł
sh- aa
hih- nee- shyąą
utah
hah- negn'
t'eey
bus
da- nįį- shyah
ch'ale
that
that
hii- da- ch'įį- 'ąą
dzänh
du'
ts'exeh.gaay
xah
hich'a
nts'ą'
hǫǫ't'eey
ts'ehgąy
d- aa- gąą'- ts'- el- shyah
t'oo
danh
ch'ale
iin
t'eey
t'eey
dii.xa
t'eey
ch'i- k'a'
iin
hih- neh- 'įh
dikǫ'thüü
hah- 'ogn
n- t'ah
boom
jah
ha- e- łeey
nahk'adn
ishyiit
dii
dits'än
nts'aa'
s- tsǫǫ
k'it
iin
dąy'
u- shyiit
hii- tah- gąy
shyįį'
id- net- t'iah
dindeh
nts'ą'
that
t'eey
shyiit
nee- ts'iikeey
łuugn
i- tdal- shyah
na- dįį- dlah
iin
ha'įįteey
tuu
ch'a
dineh
na- tel- süü
ta'
dą'
one
shyiit
nąą
na- hat- dal
nan- tah- tsayh
k'ahdu'
tleegn
eh
hih- del- xoo
tthii- tl'a- y- dįį- kąą
shyig
shaa deh
tuu
tsǫǫ
hugn
ddhuugn
eh
hihdelxo
natetdaak
ch'ale'
n- aa
xah
eva
k'it
niig
nił- dzet- nih
łaakeey
hu- tah- nąy
hu- dih- nih
dzil- than
dal- thek
cora
sh- dhįh- shyiiy
ch'itsay
nän'
hi- nih
dih- t'eh
you
eh
t'eey
ishyiit
hii- 'et- nayh
hut- shyaak
dzii
i- ts'ą̈'
tsǫǫ
dii.t'eey
di- shyi'
ts'exeh.gaay
xah
ts'inįį- taan
na- tset- deeł
ch- aa- łąy
nuh- xah
dil- k'ąą
truth
hu- negn'
eh- nih
ts'änh
t'eey
uu- dįh- 'aan
iin
sta- da- ho- dnįį- 'ąą
negn'
tet- shyoo
du'
di- chaa
di- keey
tah
nih
dih- nih
ła- deh- k'an'
na- hat- dał
t'eey
eh- nih
na- 'eh- tsał
h- tee- nąą
t'eey
t'eey
k'eh
hǫǫ'
hą'
i- kah
jah
t'eey
m- oondaa
hǫǫ- łii
tthi- h- dįį- deel
hu- 'eh- nih
dziin
jah
ay
bill
ts'oo
i- k'it
ay
dą'
hii- k'a- neh- ta'
nah- 'ǫǫ
t'oot'eey
eh
nihnayh
yaah- manh
hǫǫ't'eey
tl'aan
ha- shyign'
na- tset- dek
u- shyiit
ookol
sh- aak'ay
ay
sh- da'
dzelxoo
suu'
ay
t'eey
xał
y- eł
ch'ih- dheh- xee
nah- 'ogn
įį'eh.tah
ch'itay
haa- tse- tdek
nih
ts'exeh.gaay
eh
del- tth'ii
niign
dahdzäł
hu- ch'a'
diniign
hǫǫsǫǫ
sh- aa
t'eey
hi- huu- deel
ay
dąą'
hitokovich
sh- ǫǫnüü
dänh
hǫǫ- sǫǫ
taa- dlaał
s
tay'
manh
ha- 'įh- ch'ił
like
du'
t'axoh
hih- nee- 'įį
my
u- tthi'
da- h- taa- dał
ts'i- dloo
dita'
hǫǫ'
nan'
nee- naattheh
tleegn
ch'i- dänh
i- dloh
they
ch'a
kol
k'ii- hi- łeek
aaxah
eh
t'eey
h- i- ts'it- niign
hu- t'oh
ha- hii- taa- 'aał
ee- dodn
ih- t'üü
iin
ni- nįį- shyah
noh- shyign
tl'uuł
i
hut- shyaak
diniign
ah- da'
tl'aan
iin
hiy- eh- nih
duk
ch'itay
tl'aan
nuh- 'ih- uh- keedn
our
ch'a
ts'i- 'aał
hu- 'eh
ch'ehłiik
t'oh
tth'ee
hu- nąą
natonshya'
xah
keey
hugn
t'eey
tl'aan
dishyįį'
hu- tnak- 'įįl
ha- chak- thak
k'it
tsihtąy
ch'a
taathüh
godn
tuu
nih
i- düü
u- k'eh
na- h- tnih- łeeł
our
sǫ'
t'axoh
ts'e- nee- haal
t'eey
tsüüh
iin
t'eey
na- ch'i- huu- 'aal
tah
road
łeecheeg
nts'ą̈'.t'eey
y- eh- nih
tl'aan
ch'- aadeh
like
nii- 'ǫn- shya'
t'eey
t'eey
ay
u- tsįį'
di- nąą
du'
hiiy- eh- 'ąy
sh- k'eh
laughing
spring
an'
sh- aa
ha- dih- 'ąą
du'
na- h- dheh- xįį
y- eh- nih
ya- nel- xoot
bah
ni- i- - nįį- deeł
tah
t'oot'eey
hi'- agn- nay
dą'
ch'itay
hihdįįk'ąą
du'
neexon
tah
n- nąą
tthitu'
choh
ne'
shyiit
ay
jahxan
jah
nts'aa'
k'eh
u- dįį- nih
dindiign
ya- h- ni- shyeek
hǫǫ- łįį
ch'a
hǫǫ't'eey
dineey
jah
ay
t'axoh
hii- aanah
adult
del- tth'ih
łuugn
hiiy- i- 'aal
h
heh- tiat
nts'ą'
ch'itay
way
nih
xay
nts'ą'
shyii
ts'exeh
ti- at- nak
teete'
neh'ąy
gǫǫ
hu- 'eh- nih
dineh
ay.tl'aan
sh- nąą
ch'ile
shyįį'
nee- ts'ayy'
shi- h- d- he- h- xįį
eh
ch'a
u- dih- nih
da- ee- 'aan
dąą'
nts'ą'
ay
sǫ'
kon'nia
kah
jah
ishyiit
ay
tthi- hii- dįh- xał
iin
t'axo
and
degn'
ǫǫ- łe'
eh
sh- dhįh- shyiy
tl'aan
hu- nii- thaad
tah
means
tl'aan
dįį- nih
xay
t'eey
n- ts'iikeey
u- ts'ayy'
s- tsǫǫ
ntsiin
dzii- teh- 'ah
shyįį'
tl'oh
k'a
t'oot'eey
įį- haay
i- h- sǫǫ
nil- jidn
ay
noo'
t'eey
tah
hiiy- uusi'
nih
k'ąy'
i- ti- nnay
nih
tat'eey
dii.xa
ta- nel- 'ah
diniign
ay
jin
tl'aan
dih- t'eh
dits'än
d- i- ch'- agn- 'aal
that
ta- del- gayh
shyiit
godn
sure
k'a
nah- 'aat
s- tsǫǫ
t'eey
tädn
manh
kelahdzeey
iin
naadeh
nih
nee- xunh
y- eh- nih
ts'ist'e'
tl'uuł
łahtthegn'
nee- 'eh- nih
dzįį- tsįį
shiy
u- 'aat
dishyig
sh- eh
ha- 'ogn
na- dzal- tth'i'
t'eey
t'eey
i- k'it
n- chaa
sh- i- nǫl- jidn
shyah
iin
ch'i- xia'
hel- t'eh
dą'
time
neh- 'įh
t'eey
came
nts'ąą
s- tsǫǫ
ch'itay
na- uu- n- dayh
chih
eh
dahdzäł
t'aat
creek
oh
dąą'
iin
t'axoh
hu- 'eh- nih
tsǫǫ
doo
laalil
hah- 'ogn
k'at'eey
like
hugn
in- nay
nak- 'ąy
hu- 'eh
hugn
hugn
nih
ch'i- dia'
nduugn
hu- 'eh- nih
naxat
duka'
tuu- shya'
shin
ay
killed
keey
mark
t- dah- niil
sh- ch'įįtįįl'
ishyiit
naxat
ła- da- t- dak- nąy
t'eey
k'a
our
na- ts'u- tal- negn
tl'aan
ha- taa- mbeeł
tayh
and
dee- dlah
dumb
chih
tay'
tąy
dineey
tl'aan
sarah
t'eey
y- eh- nih
nii- 'ǫn- shya'
hugn
eh
łaakay
ishyiit
ch'a
know
tuu
dineey
ch'itay
y- eh- nih
niign
m- ǫǫsi'
näl
nadaa'ųh'įį
na- tset- diik
ishyiit
sh'- aat
du'
hǫǫ
k'it
ishyiit
nts'aa'
kon'
nee- k'įįl
hu- xah
ha- dogn
di- ts'änh
ya- he- dak
ay
shyiit
k'at'eey
chaay
dänh
ni- i- da- y- del- thät
nee- hi- dlaag
tąy
nde'
hu- xah
dzal- tth'i'
tl'aan
doo
tah- shyüü
tsi 'ah- dek
one
ni- nįį- shyah
nts'ą'
dį'
du'
hii- taa- łeel
yeah
eh
iin
nts'ą'
di- tthi'
duka'
from
nahtsay
na dee- xał
chih
k'a
ay
aanah
hǫǫ't'eey
ch'a
y- uu- nih
no
shiy
jahxan
k'at'eey
niign
nts'ą'
yi- ts'ą'
sh- ih- tee- t'üüdn
dii
nts'ą'
i'etnay
bible
m- i- ish- nay
t'eey
web
da- tthi- nįį- tthayh
du'
dahdzäł
tl'aan
uch'a
k'e
hu- 'eł
nts'ą'
di- nąą
hu- ts'ą'
hih- del- tth'ih
dhih- dah
ts'- ee- dlah
k'a
įh- dląą
tah
ts'i- uu- nih- niign
nįį- łąy
that
ya- he- dak
hįh- xąą
doo
yi- hǫǫ- keet
shyii
nts'ą'
haats'enelshyeegn
maagn
ch'etl'aa
t'in
xah
ishyiit
hu- t- nįį- deey
ishyiit
dog
iin
t'a- ch'- įį- shyiił
diniign
dii- tl'adn
nah- 'ogn
hǫǫsǫǫ
u- nah- 'įį
su'
danch'og
nįį- shyah
ni sh- tįį
sh- chil
du'
ee- dah
t'eey
hu- tee- thät
yįįshyił
ha- 'įį- mįį
ut- sǫǫ
ch'itay
nay
pull
hi- łeek
ch'i- thüh
u- tl'a- 'ih- 'ąą
xah
nih
hǫǫ
nih- thänh
nts'ą̈'.t'eey
nts'ą'
iin
dii.xa
nts'ą'
shyiign
dąą
sh- eh
het~sįį
nahalndak
u- nąą
noo'
eh- nih
niithaadn
carl
call
tl'aan
ch'a
le'e
hu- thät
ts'ist'e'
nee- 'eh- nih
devil
jah
n- t'ay
tsǫǫ
dą'
ts'i- nih
tah
n- eh- łeek
nee- shyi'
anyway
aa- haał
laalil
noo'
k'a
ndee
eh
there's
nidet~łuugn
ay
ts'exeh
xah
hii- tal- shyeek
eh
hǫǫ- łe'
manh
ch'ehłįįgn
iin
know
u- ts'iiniin
shtl'ayįįdlay
ch'itay
u- tnah- 'iil
niign
hu- xah
hohneh'įį
sh- nąą
än'
t'ay
hǫǫ't'eey
ts'iikeey
t'eey
jah
hǫǫsu'
t'oot'eey
įį- tsuul
noo'
än'
eh
na- 'i- thät
t'eey
xah
saa
iin
nts'ą'
keey
t'axoh
noh- shyign'
t'eey
niithaadn
jin
nah- 'aat
tat'eey
kon'
ay.tl'aan
and
ay
iin
hu- 'eh- nih
xia'
shyign
ee- dlah
daneedlah
ski'- uh- shya'
came
t'ah
iin
tah
dhak- ts'iik
k'a
t'eey
nee- xol'
nts'ą'
łuugn
ch'itay
gįį- heey
t'axoh
t'axoh
da- dhįį- dlaay
di- chaay
yeah
shyąą
which
nǫǫgaay
hu
di- ch'il'
talking
ay
k'ahdu'
ǫǫ- łe'
iin
t'eey
ch'iik'on
on
nee- k'aa'
ts'anh
da- hiiy- ih- dlaak
ay
dit
that
dineh
nah- 'įh
ishyiit
ay
hǫǫ- łįį
uu- łe'
danh
danh
umm
tl'aan
maagn
shyiit
sh- eh- nih
ena'
ha- a- ch'- uu- dal- 'įį
ch'įįk'on'
kelahdzeey
still
him
iy- eh- nih
that
eh
sh- ee'eh
uudih
jign
ts'inuhtakdał
nee- k'eh
ee- dah
just
noo
nu'
tan
ch'ik'on'
down
dihdąą
ay
tah
i- tdah- nįįł
land
ts'iniljidn
ay.tl'aan
ishyiit
iin
ishyiit
choh
e- łeey
nee- ts'ą̈'
di- 'aat
i- nįį- dät
t'axoh
nįį- dlay
ni- ł'ih- det- nih
we
na- h- tet- deeł
dänh
tsin'įį
s- tsay
na- tset- naa
ay
ni- i- haag
s- tsǫǫ
the
demit
n- tsuul
dih- dį'
that's
da- na- tnee- haan
hǫǫ- łįį
y- eh- nih
hu- 'eh
u- ta'
nts'ąą'
tah
di- nąą
tädn
iin
tuuthäł
xah
ay
ay
t'oot'eey
nagn- jiit
ch'a'
tah
u- ke'
t'eey
dineey
k'ahmän'
ts'änh
det- shyaak
ch'ale
enough
hu- xah
t'eey
hanteey'
ts'ist'e'
ishyiit
sta- a- tih- daal
you
hǫǫsu'
kon'
tsatbaay
last
nįh- 'įh
nithoo
there
tuu
hu- 'įį- shyah
xah
kind
k'at'eey
u- ta'
u- deh- god
na- din- dį'
ik'- it
tįh- tsayh
nts'ą'
dį'
hu- ut- shyah
that's
shin
tah
that
nałǫǫ'idihnąy
nts'ą'
t'a'įįłeey
ts'exeh.gaay
ay
eh
tth'a- ts'ih- łeey
no
ts'uu- t'üü
ts'i- huu- heek
įh- nay
hinehtsiik
go
k'it
k'at'eey
shnaahaał
hajakthak
xa- 'el- t'eh
iin
ǫǫ- łe'
t'eey
ni- i- hit- degn
dashyign
ch'itay
ts'oo
tsaa
tsin'įį
shyiit
t'axoh
ta'- ul- tth'iidn
t'eey
hu- ts'ą̈'
nah- tet- degn
dǫng
eh
eh
heh- tsįį
dii
ts'anh
hoh- tsįį
ndee
dįį- nih
y- eh- nih
pickle
liza
ti- 'at- nagn
nts'ą'
da- nįį- shyah
ts'ihǫhdąyh
hugn
eh
ch'ale
t'eey
cache
t'eey
eh
ay.tl'aan
tah
but
jesus
jah
ha- y- įh- tįį
tah
k'ii- nųų- ttheeł
aa- haał
m- i- ts'i- ish- niign
iin
ndee
hii- yįį- dlah
ts'ehgąy
ni- nįį -'ah
t'axoh
dih- dį'
ha- dogn
chih
eh- nih
tah
ha'
dą'
dǫǫ
sh- eh
da- heh- tiadn
etshyiyh
del- gay
t'axoh
noołuut
taatsąą'
du'
tüh
ay
neenehtthay
ay
yinehtl'uul
dą'
xayh
dah- nih
t'eey
xah
ishyiit
martha
hel- tsįį
s- tsąy
t'eey
k'e
ha'
xay
dii
tse- neey
dąą'
shk'ikaagn'
ski- nii- haan
iin
du'
hu- ts'ą'
dzii- tth'ak
na- 'ih- xeel
thüh
uu- łe'
detsįį'
nts'aa'
na- 'ih- te'
behind
ha- hiiy- įh- tiin
ini'iah
ay
n tsǫǫ
įį- haay
shyiit
mbeetsal
hǫǫ- teeł
hu- dziit
hu- ts'ade'
dįį- t'ay
tädn
di- 'ee- dlah
nts'ą'
k'a
nih
sh- aadeh
k'it
t'eey
yi- dįį- tsät
ishyiit
kǫhthüh
eh
ugaan'
dahdzäł
hu- 'eh- nih
eh
t'eey
t'eey
eh- tiin
ch'ale
ishyiit
shyah
t'eey
ts'exeey
nǫǫgaay
u- łįįg'
nan'
iin
ay.tl'aan
dineey
xah
ha- ch- 'įį- gąąt
du'
na- yįh- tiin
xah
hu- 'eł
ch'itay
hǫǫ'
iin
tl'a- ti- dhak- chuut
i- hu- 'üdn
ay
ay.tl'aan
iin
ni- nįį- shyay
ee- dah
nurse
k'ahdu'
ishyiit
nde'
hu- 'eh- nih
shtl'anįįłeey
make
iin
hu- dziit
ni- nįį- shyah
ti- dhah- deeł
na- tset- deeł
nt'eh
t'axoh
na- nal- shyeek
shchaay
shoh
iin
hǫǫ'
ahugn
tee- deeł
he's
hǫǫ't'eey
sh- chil
sǫ'
shyiit
life
sh- dia'
nts'ą'
ocean
iin
iin
uh- łe'
hǫǫ'
k'ahjil
hǫǫ't'eey
niit
nah- 'ǫǫ
sǫ'
iin
ena'
y- eh- nąy
mb- e- ndzįh- 'ąą
doo
ago
ch'il
t'axoh
ut- i- i- thaadn
sdzi- hǫǫ- 'ah
t'eey
xah
nts'anh'
niign
xah
jahxan
dänh
tädn
shnän- t'aagn
ay
t'eey
s- tsǫǫ
nagn- jit
hanteey'
sh- 'eh
haadal
dii
sh- aak'ay
iin
h- i- - shniign
ha'
hu- shyi'
ttheh
nt'eh
ts'i- dloo
tl'aan
na- ts'et- naan
łahtthagn.nts'ą'
n- chaay
t'eey
ay
xah
sh- chil
s- tsąy
shyįį'
they
tah
nih
ni- įl- tthat
arthur
tl'aan
shyiign
they
ay
na- tush- shya'
hǫǫ'
eh
dih- t'eh
they
nts'ąą'
y- eh- nih
ni- tįį- haał
hǫǫsǫǫ
ay
tl'aan
huugn
hii- yįį- xaan
jah
jah
u- tsaal'
ch'i- dia'
niign