possession GIVE.X.TO
king
with
area =THE
Natam
even.(also)
result
baby
little.(small)
relpro sail
with
in,.at.(space)
to.arrive =FRONTED.ELEMENT
a
because
land
with
Engkeran
story
seven
done.(finished)
home
to.find
neg
relpro
TO.DO.... to.throw
with
and
sail
3sg
sugar
3sg
TO.DO.... let
first
PAS.TR receive
relpro
time =THE
neg
PLEASE.GO.AHEAD
land
old.(of.things) MEASURE.NOMINALIZER
relpro
relpro
to.arrive =FRONTED.ELEMENT
PAS.TR SEMANTIC.ROLE:.PATIENT to.think SEMANTIC.ROLE:.PATIENT
TO.BE.... sad =3SG
with
ONE person
on.(of.dates)
handsome
king
will
PERSON.WHO.HAS.... shepherd
relpro
relpro
land
ONE.OF
and
magical
despite
position =3SG
TRAN.PAS life TRAN.PAS
done.(finished)
ACTIVE.VOICE to.find
relpro sail
money
great,.formidable
relpro sail
again
for
king
and
TOWARD.(A.PERSON)
QUEEN =3SG
HUMAN
such.as
that,.those
sir
drink,.to
to.be.a.group OBJECT.OF.VERB
HOW?
variety
with
REDUPLICATION longing TO.CAUSE.TO.BE.A...
to,..toward.(a.place)
king
jungle
by
raspy
to.be.able.to
good
jungle
a.spoken.word VARIETY
husband
done.(finished)
return.home,.to =FRONTED.ELEMENT
by
continuing
relpro
3sg
king
neg
mercy
such.as
NOMINALIZER to.live.(be.alive) NOMINALIZER =THE
PAS.TR to.give know,.to
NOMINALIZER to.arrive NOMINALIZER
city
CHARACTERSTIC.OF magical CHARACTERSTIC.OF
meter
TO.CAUSE.TO.BECOME... desired TO.CAUSE.TO.BECOME...
home
uncle =3SG
again
continuing
this
will
not
be,.exist,.have
on.(of.dates)
PAS.TR request.to.(informally)
so.that
in,.at.(space)
to,..toward.(a.place)
relpro
child =3SG
teacher
REPEATED.ACTION to.be.on.target REPEATED.ACTION
PERSON.WHO... to.continue
again
this
will
to.be.a.group OBJECT.OF.VERB
heart
that,.those
bandit
for
CHARACTERSTIC.OF important CHARACTERSTIC.OF
neg
1sg
THE.ACT.OF.... move,.to THE.ACT.OF.... =3SG
NOMINALIZER come,.to NOMINALIZER
be,.exist,.have
boyfriend
like.that
for
is
relpro
family
done.(finished)
BLANGKEJEREN
that,.those
even.(also)
morning =THE
person
first
PERSON.WHO.DOES.... to.visit
even.(also)
to.divorce
and
thankfulness
to.be.capable.of
PARENTS =THE
very
ACTIVE.VOICE watch,.look,.see
relpro
sugarcane
in,.at.(space)
who
to.produce
bored
with
presently,.nowadays
QUEEN =THE
nation,.country
BOY
or
PARENTS =3SG
for
PASS.INTR to.pull PASS.INTR
that,.those
3sg
person
3mp
news
male
relpro
king
dad EMPHASIS
and
sister
will
but
and
TO.HAVE.... ticking
again
to.play
PAS.TR to.arrange =FRONTED.ELEMENT
portion
because
little.(small)
be,.exist,.have
this
must =3SG
and
and
BLANGKEJEREN
3sg
word TO.CAUSE.TO.BE.A...
king
TO.DO.... drug,.medicine
and
relpro
so.that
then
again
lazy
expert
and
in,.at.(space)
again
Nagari
time
to,..toward.(a.place)
RDP cry.out,.to
to.want =3SG
to.gnaw.on
relpro
again
mother
CAUSATIVE to.give CAUSATIVE
only intensifier
in,.at.(space)
relpro
heart
to.carry TRANS return.home,.to POLITE.IMPERATIVE
with
moment this
strategy
ACTIVE.VOICE to.become
wife =3SG
to.use
3sg
entire
with =3SG
TO.BE.... large
with
to.remain
and
for
TO.HAVE.... rights
heart
relpro
line
citizen
3mp
we.(excludes.the.one.adddressed)
relpro
self =3SG
relpro sail
relpro
watch,.look,.see
neg
king
shaman
3mp
with
with
person
relpro
ACTIVE.VOICE remember,.to
3sg
neg
neg
ABILITATIVE to.become
be,.exist,.have
request.to.(informally)
what.will.come
sad =THE
good
alone
for
PAS.TR to.vow.to.be.married CAUSATIVE
TOWARD.(A.PERSON)
land
gate
because
with =3SG
ACTIVE.VOICE to.view.as
Karo
for
old.(of.things)
again
wide,.width
will
ACTIVE.VOICE to.send.someone
BOY
THE.ACT.OF.... foreign THE.ACT.OF....
ACTIVE.VOICE to.receive
relpro sail
in,.at.(space)
ABILITATIVE hear,.to
we.(excludes.the.one.adddressed)
behavior
home
to.ask
relpro
TO.DO.... to.produce
diligent
DURATIVE? REDUPLICATION cover,.to REPEATED.ACTION
that
direct,.non.stop
relpro sail
ACTIVE.VOICE buy
order
to.want
DURATIVE? to.gather DURATIVE?
expert
that,.those
PASSIVE foreign PASSIVE
ACTIVE.VOICE to.become
sticky.rice
ACTIVE.VOICE guard,.to
neg
to,..toward.(a.place) jungle
tomorrow
TO.PAY.ATTENTION.TO
be,.exist,.have
PASS.TR to.pick.up.(someone) PASS.TR =3SG
TO.DO.... to.discuss
heart
to,..toward.(a.place)
relpro sail
relpro
jungle
HUMAN
intention
thought =3SG
that,.those
ONE team
king
year
in,.at.(space)
that,.those
relpro sail
relpro
1sg
for
portion
1sg
again
coconut
TO.APPLY.....TO.THE.OBJECT possession TO.APPLY.....TO.THE.OBJECT
even.(also)
THE.PROCESS.OF kerja =THE
relpro
member
do.not!
we.(excludes.the.one.adddressed)
dagger
ACTIVE.VOICE watch,.look,.see
alas
for
with
intention
and
PARENTS
that,.those
such.as
TO.DO.... road foot
garden
PASS.TR buy PASS.TR
tax
while
actually
and
version
TO.HAVE.... school
TO.HAVE.... cheer
respect =3SG
that,.those
be,.exist,.have
to.get.better.(health)
to.suffer
class.person
QUEEN =THE
to.be.finished
even.(also)
effort
AFTER
a
neg
HUMAN
get,.receive REPEATEDLY
with
alas
to.circumcise REPEATEDLY
king
increasingly
relpro
and
relpro sail
to.be.intended
wife =2ND.PERSON
done.(finished)
master =1SG
plant
negativizer come,.to
ACTIVE.VOICE to.somersault to.turn IMPERATIVE
to.cry
merciless
Natam
self
serving.tray
grass
reward
night
type,.sort =THE
for
big.(size)
yet,.not.yet
TO.HAVE.... rank,.station.in.life
a
one
relpro
sit.down,.to
very,.extremely
TO.GO.TO.... uterus
one
PAS.TR to.wait.for
TOWARD.(A.PERSON)
neg
come,.to
1sg
behind
3mp
3sg
CAUSATIVE to.become CAUSATIVE =3SG
to.arrive =FRONTED.ELEMENT
REPEATED.ACTION bath
good
we.(excludes.the.one.adddressed)
woman =1SG
hard.(solid)
fortune.teller
family
class.person
that,.those
spirit
big.(size)
even.(also)
with
with
neg
because
done.(finished)
easy
and
police
Natam
very
under
moon
and
class.person
THERE
thing
self
ONE.OF
neg
very
to.intend
it
here
for
WHAT
ACTIVE.VOICE kill =3SG
will
ACTIVE.VOICE to.pull
ONE person
with
by
3sg
TO.DO.... to.produce
neg
for
large
by
ACTIVE.VOICE sure CAUSATIVE
intend,.to
embarrassed
and
to.truly.happen
neg
YOU.(FAMILIAR)
return.home,.to
corner
3sg
done.(finished)
feel,.to