naksika
áha̱ttalih
mm~hmm
akínih
to̱ksali -t
pí
akosh
ikbi
pihlichit
alla
-bíka -ttók
ikka̱na -li -h
pí
ahwa
mo̱ma
oka
kanit
sannatoko̱
pí
i̱la
ish-
ischool
fokáli -h
ilhkóli -h
nán
pilla
akkánoh
nátah
ittanówa
to
il-
water
hichi̱lih
panóla
hiná
yokáchi -h
hikato
hlih
mapillakano
tanaho̱wa
uh
okl í-
bacháya
tahli -ttók
ikhana
am- ám- abachí
pa̱
fulton
katikako̱
áyamolánatok
hapishno -ato
mat
á siy- assano -h
m -ako̱
-ma
mapillaho̱
ish-
kiyo
pih
e
ish-
-bíka -tok
á -kma̱
ná
ashwa -h
iya
an -akíni -hosh
issókih
i̱-
-ano
foha -ttók -o̱
i
ohmi -h
yammano
okl í-
kano
hitok -ósh
pí
i̱-
uh~huh
ahwa -h -o̱
hiyohli -h
lha̱kko -t
a̱ya -li -tok
yót
-ako̱
okl í-
ít
-kat
áha̱ttalih
m -ako̱
i̱pánakako̱
ka̱chak
amahwa
ná
ábachitokchih
anáto
hach- ishki
tok
toko̱