-i-#PST.ACY m-#MO.ACY ulih#return
mah#dan
belaha#Beleha
odu#siang
onu#apa
ouu#oh
gulu#dahulu
k-#NMLZR ingei#want -n#NMLZR
se-#SE ng-#LINKER olu#day
engat#reply
sulikng#suling;.bangsi;.seruling
nggien#di.mana
mansabm#bangsa;.macam
bakng#kalau
nubuh#kemudian
soid#di.dalam
n-#PST.ACH dabuh#fall
k-#NMLZR ingei#want -n#NMLZR
suad#story
di#di;.ke;.pada
ipus#ekor
==ga#=
lumak#lembut
ny==#=
matakng#datang
ndah#tidak
nti#ini
nu#engkau;.awak;.saudara;.anda
obu#bau
waris#keluarga
hai#juga
bunua#kampung;.benua
ndah#tidak
na#DEF
na#DEF
-supuh#menyumpit -adn#V.>.NMLZ
medoot#barang,.benda
sia#3SG.NOM
sia#3SG.NOM
ulu#kepala
nganggabm#grope.for
na.haah.na#SEKARANG
epaat#empat
ngi-#ISA.AV riaak#pull
==ga#=
si==#=
na#DEF
dii#sana
diaadn#saya
nda#mereka
inagah#naga
asu#anjing
nyu#2PL.POSS
tuadn.umur#spirit.name
aha#awak;.engkau;.saudara;.anda
nd==#BIDAK;.BUKAN= ara#ada
pisinah#Pisina
tembakng#payau,.rusa
keng-#DIR dii#sana
suub#esok,.besok
ngai#get
nu#AUX.UV -an#ISA.UV
m-#MO.ACY udukng#get.up
mekul#Michael
na#DEF
na#DEF
mah#dan
umpil#Umpil
n-#ISA.AV ouk#draw.water
malik#again
ringah#sebelum,.dahulu
i-#PST.ACY gi-#ACY.C2 libag#menghina
nti#ini
bakng#kalau
k-#ABILITY aap#dapat
ina#itu
di#di;.ke;.pada
kurakng#kurang
puruh#pulau
simbatu#one
ngai#get
miliug#tinggi
bulei#boleh
na#DEF
meg-#HAB langgar#crash
di#di;.ke;.pada
na.haah.na#SEKARANG
punga#COMPL
bakng#kalau
==a#=AWAK;.ENGKAU;.SAUDARA;.ANDA
hei#juga
diaadn#saya
bitakng#punggung
ki-#EXIST ara#ada
di#di;.ke;.pada
pudn#pun,.bahkan
manuk#ayam
mah#dan
jadi#jadi
asu#anjing
mi-#ATTR.ST sidukng#di.bawah
biag#hidup
di#di;.ke;.pada
suat#kena
i==#=
nubuh#kemudian
suhup#enough
-im-#MO.ACY -lidik#bersih.ladang
na#now
onu#apa
na#DEF
bali#rumah
sood#even.more
aha#awak;.engkau;.saudara;.anda
si==#=
ti#kita
ponuh#Ponuh
badih#parang
isah#satu
saa#isteri;.suami;.bini;.laki
ngelag#mengiris
libudn#woman
ina#itu
mv-#NPST.ACH ibis#selesai -adn#V.>.ADVRS
saa#isteri;.suami;.bini;.laki
i==#=
na#DEF
kiou#kayu
in-#PST.UV iit#bawa
na#DEF
in-#PST.UV obuh#operate.on
dia#sana
tetak#tinggal
hei#juga
ng-#ISA.AV -inggutu#cari.kutu
si==#=
ernah#tanah.datar,.dataran.rendah
daidn#jalan;.denai;.jalan.kecil
nu#engkau;.awak;.saudara;.anda
-i-#PST.ACL taruh#simpan;.bersembunyi
nd==#BIDAK;.BUKAN= ara#ada
kei#juga
m-#ISA.AV udulih#peduli
suub#esok,.besok
ny==#=
ny==#=
mengin#ingin
ng-#ISA.AV inum#minum
doot-doot#hantu.bangkit
na#DEF
i==#=
ina#itu
mah#dengan;.sama
-i-#PST.ACY matakng#datang
k-#ABILITY aap#dapat
paat#empat
di#di;.ke;.pada
mata#mata
gulu#dahulu
pelanduk#pelanduk
gulu#dahulu
na#DEF
ng-#ISA.AV eit#sabit
nu#engkau;.awak;.saudara;.anda
m-#MO.ACY buat#lakukan
pa#yet
di#di;.ke;.pada
keng-#DIR di#kepada
tangis#menangis
aa#itulah
pa#yet
na.haah.na#SEKARANG
==ga#=
se-#CONT saa#isteri;.suami;.bini;.laki
pa#yet
meng-#TOWARD arap#harap;.mengharapkan
koort#pemotong
ringah#sebelum,.dahulu
se-#SE ng-#LINKER olu#day
buh#lama;.lampau
arap#harap;.mengharapkan
na#DEF
agih#haji
tingih#Tingih
nu#AUX.UV -an#ISA.UV
babi#babi
baar-baar#sungguh
su-#CONT suad#bercakap;.mengata;.cakap
siga.lama.na#MEREKA
m-#ISA.AV ompodn#menggumpul
bali#rumah
-in-#PST.ACY m-#ISA.AV iaah#ikut;.mengikut;.berjalan.bersama.sama
ng-#ISA.AV uhubm#percobaan
na#DEF
di#di;.ke;.pada
anu#anu
teih#tapi
apuh#datuk,.kakek
aa#itulah
mati#mati;.meninggal.dunia
bangsa#ras,.suku
peg#HAVING.Xed duah#descend
diaadn#saya
ndah#tidak
dei#jangan
diaadn#saya
ginis#jenis
nga#seperti
hei#juga
tinggalukng#tangalung
saa#isteri;.suami;.bini;.laki
nubuh#kemudian
kui#kuih
li-#CONT liid#lihat;.tengok
si==#=
ringah#sebelum,.dahulu
na#DEF
na#DEF
leidn#lain;.bukan
na#DEF
dua#dua
simbatu#one
ng-#ISA.AV obuh#operate.on
hei#juga
kuiih#sana
nubuh#kemudian
ng-#ISA.AV igid#memarut
pandi#know
saa#isteri;.suami;.bini;.laki
-in-#PST.ACY g-#ACY.C2 uubm#bahasa
==ga#=
teih#tapi
mual#Mual
keng-#DIR di#kepada
hei#juga
meg-#HAB tomu#temu
otud#lutut
menoon#Menoon
umpil#Umpil
iudn#ayun
m-#MO.ACY panu#pergi.jalan
mah#dan
dii#sana
sultadn#sultan
na#nya
tembakng#payau,.rusa
m-#ISA.AV isiaa#percaya
mah#dan
ndah#tidak
sultadn#sultan
me-#ATTR.ST leid#lama
me-#NPST.ACH lou#malu
beig#air
ng-#ISA.AV uit#kulit
i-#PST.ACY g-#ACY.C2 ahut#bawa
oid#perahu
ba#EMPHATIC
na#DEF
m-#ISA.AV ori#give
-in-#PST.ACY g-#ACY.C2 isik#goyang
na#DEF
na#DEF
kiaardn.na#ada
ndah#tidak
saa#isteri;.suami;.bini;.laki
pupug#mendudukkan
uubm#berkata
na#DEF
n-#ISA.AV uart#surat
n-#ATTR.ST tuah#tua
dimpingir#sejenis.penyengat
barabm#banyak
na#DEF
ndah#tidak
gi-#CONT g-#ACY.C2 ilakng#lay.down
peg-#HAVING.XED datakng#datang
mah#dengan;.sama
==ga#=
n-#ATTR.ST tiligud#menoleh
==ga#=
si==#=
nge-#ISA.AV lanag#sadar
ihi#kami
kubukng#kubung
nubuh#kemudian
birta#khabar,.berita
obu#bau
bangsa#ras,.suku
m-#MO.ACY ulih#return
==ga#=
dii#sana
==ga#=
ny==#=
saa#isteri;.suami;.bini;.laki
sida#PLURAL
na#now
==ga#=
-m-#MO.ACY sili#replace
pi-#CAUS.AV n-#PST.ACL -iag#awake
barabm#banyak
siidn#duit;.wang
siga.lama.na#MEREKA
na#DEF
tumbuh#bertunas
berosi#dayung
inubuh#kemudian
nd==#BIDAK;.BUKAN= ou#saya;.aku
mah#dan
diaadn#saya
gah#oleh
surungan#petak
onu#apa
pandi#know
suruh#order
diaadn#saya
suad#bercakap;.mengata;.cakap
sia#3SG.NOM
ihi#kami
ng-#ISA.AV ompuh#sepupu
peranak#budak,.anak
diti#sini
ihi#kami
n-#ISA.AV -iun#memburu.dengan.anjing
di#di;.ke;.pada
-em-#MO.ACY loon#lawan
maap#boleh
suad#bercakap;.mengata;.cakap
bulei#boleh
ou#saya;.aku
tinaman#tanaman
na#DEF
su-#CONT suad#bercakap;.mengata;.cakap
==ga#=
ut#carry -ah#ISA.UV.IMP
di#di;.ke;.pada
pandi#know
dia#sana
mati#mati;.meninggal.dunia
diti#sini
belaha#Beleha
nubuh#kemudian
hei#juga
ig-#ACY.C2 boboh#mulut
suhup#enough
n-#ISA.AV -iluh#memburu.dengan.tombak
pe-#IMP.ACY g-#ACY.C2 ahut#bawa
buna#pada.sisi.lain
ndah#tidak
-i-#PST.UV belah#putus
kumut#sarung
berhei#benar
-i-#PST.ACY -m-#MO.ACY selehei#rise
m-#MO.ACY ohodn#makan
ou#saya;.aku
n-#PST.ACY ig-#ACY.C2 biakng#detached;.separated
keng-#DIR di#kepada
suluudn-luudn#selamanya
-i-#PST.ACY m-#MO.ACY ulih#return
di#kepada
na#DEF
sia#3SG.NOM
peranak#budak,.anak
nu#2SG.SUBJ.ACT
==mi#=KAMI
pasal#reason
tutung#terbakar;.membakar -un#ISA.UV
suad#bercakap;.mengata;.cakap
nubuh#kemudian
tutua#choice
mengin#ingin
na#DEF
tereib#Tereib
ng-#ISA.AV ueirt#mencubit
dihiti#kita
si==#=
m-#ATTR.ST olok#ketakutan
diaadn#saya
guna#guna
rigiodu#pagi
mentamang#ibu.mentua;.mertua;.bapa.mentua;.mertua
saa#isteri;.suami;.bini;.laki
na#DEF
-i-#PST.ACH mati#mati;.meninggal.dunia
mati#mati;.meninggal.dunia
n-#ISA.AV -ehat#cabut
gien#where
ki-#PET bori#give
na.haah.na#SEKARANG
tidi#dari
na#DEF
di#di;.ke;.pada
di#di;.ke;.pada
bali#rumah
-i-#PST.UV sugah#isi
==hu#=
iloodn#sangat;.berlebihan;.sangat,.berlebihan
na#DEF
dihi#kami
na#now
-in-#PST.AV n-#ISA.AV -uruk#clean.field.after.burning
punga#setelah
bonggi#Banggi
-in-#PST.ACH bori#give
ndah#tidak
haah.na#MENDEKATI
ina#itu
piriadn#pemetik.api
pandi#know
m-#MO.ACY panu#pergi.jalan
nga#seperti
bakng#kalau
saa#isteri;.suami;.bini;.laki
-i-#PST.UV p-#CAUS.AV -tabukng#fall.inside.of.smthg
ny==#=
n-#ISA.AV isih#sisik
si==#=
na#DEF
singgurua#seperti,.serupa..sebagai;.seperti;.seolah.olah
nubuh#kemudian
tembakng#payau,.rusa
tiaah#panggilan.sayang
onsi#isi
nu#engkau;.awak;.saudara;.anda
==a#=AWAK;.ENGKAU;.SAUDARA;.ANDA
totog#pasti
ki-#EXIST ara#ada
nubuh#kemudian
jadi#jadi
-i-#PST.ACY m-#MO.ACY ulih#return
buat#lakukan
naah#boleh
dioo#di.sana
betangan#call.
==ku#=
tau#know
di#di;.ke;.pada
ng-#ISA.AV inum#minum
ng-#ISA.AV ansak#menanam
m-#ISA.AV iag#hidup
na#DEF
-i-#PST.ACL km#ACL basah#basah
haah.na#MENDEKATI
mah#dan
mah#dan
na#DEF
asu#anjing
di#di;.ke;.pada
biaah#ikut;.mengikut;.berjalan.bersama.sama
ke-#ABILITY -door#hear
belaha#Beleha
sia#3SG.NOM
ayad#baik
k-#NMLZR epat#empat -adn#NMLZR
i==#=
punti#pisang
di#di;.ke;.pada
m-#ATTR.ST -panggar#sukar
saa#isteri;.suami;.bini;.laki
bali#rumah
ouu#oh
sinah#orang.Cina
na#DEF
-in-#PST.UV kiab#kipas
nubuh#kemudian
ndah.totog#BIMBANG
rua#condition
nu#2SG.SUBJ.ACT
==mi#=KAMI
diha#engkau
suat#kena
ruub#air.pasang
-in-#PST.AV ng-#ISA.AV ai#get
na#DEF
teih#tapi
na#DEF
i-#PST.AV n-#ISA.AV ipuh#fall.out
tagi#Tagi
suad#bercakap;.mengata;.cakap
sultadn#sultan
na#DEF
ki-#EXIST ara#ada
i==#=
pasal#reason
n-#ISA.AV etak#tinggal
simbatu#one
ndah#tidak
set#hanya
iskul#sekolah
siidn#duit;.wang
baah#well
jadi#jadi
na#DEF
ndah#tidak
inoo#itu
udap#lapar
utudn#bring
==a#=AWAK;.ENGKAU;.SAUDARA;.ANDA
lanjakng#periuk
ou#saya;.aku
sumbakng#sumbang
ina#itu
batag#ulat.kelapa
ndah#tidak
hei#juga
asu#anjing
paat#empat
ou#saya;.aku
ina#itu
deirdn.na#ALONE
kei#juga
ou#saya;.aku
tuni#badan,.tubuh
bakng#kalau
berhei#benar
na#DEF
si==#=
kirab#kelmarin;.semalam
suad#bercakap;.mengata;.cakap
turuk#tetangga;.jiran
sia#3SG.NOM
na#DEF
na#DEF
sida#PLURAL
osi#siapa
nd==#BIDAK;.BUKAN= ara#ada
ngai#get
engat#reply
babi#babi
hei#juga
na#DEF
nubuh#kemudian
pudn#pun,.bahkan
pa#yet
suhu#suku
==ga#=
na#DEF
gibiidn#petang.(lewat)
na#DEF
kirab#kelmarin;.semalam
==ga#=
rua#condition
deirdn.na#ALONE
tingguluh#perlihatkanlah
alih#bung
bakng#kalau
me-#NPST.ACH lou#malu
ou#saya;.aku
ndah#tidak
ou#saya;.aku
n-#ISA.AV ulus#follow
dihi#kami
i==#=
hei#juga
i==#=
ina#itu
i==#=
mah#termasuk
mi-#ATTR.ST gia#besar
m-#ISA.AV injarah#penjara
na#DEF
ou#saya;.aku
uubm#berkata
nu#engkau;.awak;.saudara;.anda
uubm#berkata
na#DEF
nentaadn.na#ALL
na#DEF
-in-#PST.ACY ge-#ACY.C2 saa#isteri;.suami;.bini;.laki
penah#meskipun
ng-#ISA.AV ohos#squeeze.to.death
m-#ISA.AV obod#memintal
beig#air
teih#tapi
soo#ular.sawa
siga.lama.na#MEREKA
otud#lutut
na#DEF
ringgit#ringgit
na#DEF
na#DEF
doudn#daun
rua#way
ndah#tidak
teih#tapi
sahit#sakit
koon#makanan
dii#sana
mengin#ingin
batag#ulat.kelapa
bunua#kampung;.benua
ki-#EXIST ara#ada
eyrat#alam.baka
deirdn.na#ALONE
na#DEF
ihi#kami
bakng#kalau
ou#saya;.aku
nubuh#kemudian
m-#ISA.AV ori#give
hiti#kita
-i-#PST.ACY m-#MO.ACY ulih#return
peg-#HAVING.XED esah#satu -adn#V.>.ADVRS
si==#=
na#DEF
m-#ISA.AV untal#throw
ndah#tidak
babi#babi
uubm#bahasa
jadi#jadi
ndah#tidak
m-#MO.ACY ulih#return
barabm#banyak
peg#HAVING.Xed santuk#bump
tina#nanti
in-#PST.UV -ega#abort
satu#satu
umpil#Umpil
pati-pati#keep.dying
nubuh#kemudian
ndah#tidak
apuh#datuk,.kakek
==ga#=
puhul#pukul
-i-#PST.ACY matakng#datang
==ku#=
ouu#oh
dua-mpuluh#dua.puluh
mata#mata
sia#3SG.NOM
kei#juga
dumah#dan
==mi#=KAMI
louk#fish
ng-#ISA.AV kuah#pergi.ke
pudulih#peduli
susuk#duri
onu#apa
leid#lama
uhubm#trial
kuit#kulit
na#DEF
dua#dua
aha#awak;.engkau;.saudara;.anda
gulu#dahulu
mual#Mual
puhul.sebelas#PUKUL.SEBELAS
na#DEF
petah#amat
ba#EMPHATIC
m-#ISA.AV iaah#ikut;.mengikut;.berjalan.bersama.sama
di#di;.ke;.pada
m-#ISA.AV -upuk#wash.(clothes)
na#DEF
doudn#daun
uubm#bahasa
==hu#=
sikiou#ubi.kayu
undakng-undakng#aturan
n-#PST.ACH dabuh#fall
kunu#kunau
urang.tuah#ketua.kampung,.kepala.desa
ng-#ISA.AV -indihut#merumputi;.menyiangi
bunua#kampung;.benua
limbuak.darat#LIMBUAK.DARAT
gah#oleh
na#DEF
bakng#kalau
na.haah.na#SEKARANG
hei#juga
upaya#upaya
mah#dan
-i-#PST.ACY m-#MO.ACY ulih#return
keng-#DIR di#kepada
na#DEF
siadn#penyu
pegah#Limbuak
poroh#mengatakan
na#DEF
tembakng#payau,.rusa
punga#setelah
na#DEF
pelanduk#pelanduk
na#DEF
inubuh#kemudian
pangan#kawan;.sahabat
m-#MO.ACY ohodn#makan
na#DEF
onu#apa
na.haah.na#SEKARANG
linggid#tombak
ki-#EXIST ara#ada
ou#saya;.aku
i==#=
di#di;.ke;.pada
nubuh#kemudian
n==#=
bali#rumah
jadi#jadi
na#DEF
di#di;.ke;.pada
di#di;.ke;.pada
mah#dan
teih#tapi
kigiaadn#Kagayan
nu#engkau;.awak;.saudara;.anda
i==#=
taik#huh
hei#juga
na#DEF
na#DEF
sikng#seperti
kimidiadn#belakang
engat#reply
na#DEF
nubuh#kemudian
poroh#mengatakan
n-#ISA.AV oluh#chase
keng-#DIR di#kepada
kusang#Kusang
anu#anu
na#DEF
separu-separu#some
m-#ISA.AV aja#pupuk,.baja
kuiih#sana
nubuh#kemudian
n==#=
g-#ACY.C2 abit#mengikatkan.
leid#lama
tetoog#agung
mata#mata
di#di;.ke;.pada
beg#kalau ina#itu
dakng#gadis
ontokng#type.of.medicinal.plant
sikiou#ubi.kayu
ndah#tidak
punti#pisang
hei#juga
loud#laut
m-#ISA.AV iaah#ikut;.mengikut;.berjalan.bersama.sama
su-#CONT suad#bercakap;.mengata;.cakap
-in-#PST.ACY k-#DESIDERATIVE ulih#return
na#DEF
padi#pokok.padi
ou#saya;.aku
tinuug#pour
betaan#call
bakng#kalau
na#DEF
ki-#EXIST ara#ada
simbatu#one
na#DEF
==ku#=
deirdn.mi#OURSELVES
-in-#PST.ACY m-#MO.ACY ilih#return
m-#ATTR.ST ayad#baik
piih#tangan
na#DEF
ki-#EXIST ara#ada
tolu#tiga
mah#dan
ambih#aih
berosi#dayung
ringah#sebelum,.dahulu
beig#air
nya#3SG.SUBJ
na#DEF
singgurua#seperti,.serupa..sebagai;.seperti;.seolah.olah
na#DEF
na#DEF
sia#3SG.NOM
nti#ini
ou#saya;.aku
peit#kran.air,.pipa
-i-#PST.ACY -m-#MO.ACY duah#descend
-m-#ACL togih#bunting;.hamil;.mengandung
kei#juga
mah#dan
nda#mereka
nubuh#kemudian
n-#PST.AV ig-#RECP tomu#temu
serangad#dasar.keranjang
dioo#di.sana
-in-#PST.AV pi-#IMP.AV biaar#bayar
mulah#zaman.dahulu
babi#babi
siidn#duit;.wang
puhul#pukul
pedang#pedang
ouu#oh
m-#ATTR.ST bisa#bisa
beig#air
sahit#sakit
na#DEF
na#DEF
mulah#zaman.dahulu
na#now
ina#itu
robi#malam;.pada.waktu.malam
in-#PST.UV ondih#buang
nu#engkau;.awak;.saudara;.anda
ihi#kami
turuh#tujuh
ndah#tidak
ou#saya;.aku
dei#jangan
m-#MO.ACY buah#lontong
romu#air.mata
in-#PST.UV ai#get
sikng#seperti
engat#reply
keng-#DIR di#kepada
na#DEF
musa#Musa
di#di;.ke;.pada
-i-#PST.ACY matakng#datang
suruh#order
n-#PST.ACH dubu#fall -adn#V.>.ADVRS
m-#MO.ACY ien#stay
i==#=
in-#PST.UV ohodn#makan
leidn#other
si==#=
ndah#tidak
na#DEF
siga#PLURAL
na#DEF
elih#anak.lelaki
mah#dan
ndah#tidak
na#DEF
==ga#=
m-#MO.ACY ulih#return
ki-#PET bori#give
meg-#HAB suad#bercakap;.mengata;.cakap
di#in
siabm#sembilan
nubuh#kemudian
simbatu#one
kiti#kita
ny==#=
mah#dan
dioo#di.sana
gien#where
sikng#seperti
na.haah.na#SEKARANG
na#DEF
malik#again
su-#CONT suad#bercakap;.mengata;.cakap
na.haah.na#SEKARANG
bubak#katak,.kodok
ndah#tidak
lanjakng#periuk
punga#COMPL
su-#CONT suad#bercakap;.mengata;.cakap
na#DEF
di#di;.ke;.pada
kerah#monyet
usikng#kucing
ihi#kami
ki-#NMLZR biag#hidup -adn#NMLZR
nggien#di.mana
m-#ISA.AV injarah#penjara
na#DEF
dioo#di.sana
bakng#kalau
deirdn.na#ALONE
na#DEF
tunggulun#Tunggulun
ihi#kami
==a#=AWAK;.ENGKAU;.SAUDARA;.ANDA
-i-#PST.ACY matakng#datang
na#DEF
m-#ISA.AV anas#memanaskan
-in-#PST.AV n-#ISA.AV uba#tuba
ndah#tidak
bali#rumah
nu#engkau;.awak;.saudara;.anda
padi#pokok.padi
na#DEF
na#DEF
pag#HAVING.Xed datakng#datang
siidn#duit;.wang
tingih#Tingih
nd==#BIDAK;.BUKAN= uhu#engkau.sekalian
sikiou#ubi.kayu
keng-#DIR di#kepada
me-#NPST.ACH damat#luka
keng-#DIR di#kepada
na.haah.na#SEKARANG
di#di;.ke;.pada
sia#3SG.NOM
ina#itu
ina#itu
i==#=
na#DEF
mah#dan
na#DEF
ba#EMPHATIC
na#DEF
==ku#=
-in-#PST.AV ng-#ISA.AV ahas#uncovered
m-#MO.ACY ulih#return
leidn#lain;.bukan
na#DEF
-i-#PST.ACY -m-#MO.ACY duah#descend
engat#reply
berengkali#mungkin
nubuh#kemudian
punti#pisang
ki-#POSS ara#ada
g-#ACY.C2 imung#gumpul;.campur;.menghimpunkan
kaah.na#MENDEKATI
na#DEF
ajukng#bahtera
na#DEF
kiaardn.na#ada
di#di;.ke;.pada
ny==#=
ou#saya;.aku
nd==#BIDAK;.BUKAN= ara#ada
onu#apa
ouu#oh
su-#CONT suad#bercakap;.mengata;.cakap
n-#ATTR.ST togih#bunting;.hamil;.mengandung
pa#yet
gien#where
-in-#PST.ACY gin-#ACY.C2 ohodn#makan
sia#3SG.NOM
na#DEF
ndah.pa#BELUM;.BELUM.LAGI;.
mata#mata
leidn-leidn#anything.different
punga#setelah
uubm#berkata
damak#damak
asal#asal
gien#where
==ga#=
na#DEF
na#DEF
ou#saya;.aku
mual#Mual
lumbuh#labu
na#DEF
==ga#=
asu#anjing
se-#CONT saa#isteri;.suami;.bini;.laki
na#DEF
tolu#tiga
na#DEF
onu#apa
na#DEF
puhi#puki
nti#ini
nubuh#kemudian
==ga#=
-i-#PST.ACY -m-#MO.ACY suak#enter
pelanduk#pelanduk
se-#SE ng-#LINKER olu#day
n-#ISA.AV utukng#terbakar;.membakar
hei#juga
bakng#kalau
si==#=
mistiih#mesti
engat#reply
ndah#tidak
-in-#PST.ACY panu#pergi.jalan
-in-#PST.AV n-#ISA.AV -iag#awake
nu#engkau;.awak;.saudara;.anda
ubiadn#Ubian
bas#pernah
tidi#dari
ou#saya;.aku
-i-#PST.UV bori#give
nti#ini
ndah#tidak
==ga#=
sikng#seperti
nu#engkau;.awak;.saudara;.anda
na#nya
na#DEF
peg#HAVING.Xed inum#minum
-in-#PST.ACY m-#ISA.AV iaah#ikut;.mengikut;.berjalan.bersama.sama
nga#seperti
m-#MO.ACY panu#pergi.jalan
n==#=
kudasan#Kudasan
na#DEF
se-#SE ng-#LINKER gerobi#semalam
ei#adu
n-#ISA.AV ibas#tetak
mentamang#ibu.mentua;.mertua;.bapa.mentua;.mertua
nd==#BIDAK;.BUKAN= ara#ada
pe-#IMP.AV nge-#ISA.AV saa#isteri;.suami;.bini;.laki
di#di;.ke;.pada
==ku#=
iit#bawa
tolu#tiga
hiti#kita
ringah#sebelum,.dahulu
nga#seperti
na#DEF
badih#parang
dei#jangan
mistiih#mesti
ng-#ISA.AV irubm#look.for
pusud#saudara
ndah#tidak
pelanduk#pelanduk
ngai#get
i==#=
mengin#ingin
si==#=
na#DEF
nubuh#kemudian
libudn.bungu#Female.Rice.Demon
ou#saya;.aku
na#DEF
suad#bercakap;.mengata;.cakap
na#DEF
nu#engkau;.awak;.saudara;.anda
na#DEF
na#DEF
-i-#PST.ACY m-#MO.ACY uhad#leave
-in-#PST.ACY panu#pergi.jalan
kahah#kakak
mual#Mual
tenggabadn#tembakan
==a#=AWAK;.ENGKAU;.SAUDARA;.ANDA
m-#MO.ACY buah#lontong
su-#CONT suad#bercakap;.mengata;.cakap
giuk#ulat
baar-baar#sungguh
pasi#lagi
pe-#CAUS.AV panyap#pack.things
kereytah#kereta
na#DEF
toyuk#kecil;.sedikit
sei#just
leid#lama
kuiih#sana
belaha#Beleha
toidn#hutan
simbatu#one
di#di;.ke;.pada
mengin#ingin
deirdn.na#ALONE
ng-#ISA.AV g-#ACY.C2 iit#bawa;.membawa
diaadn#saya
dei#jangan
malik#again
na#DEF
amah#bapa;.ayah
kimpusadn#terakhir
menoon#Menoon
na#DEF
biikng#ujung,.pinggir
ng-#ISA.AV ahudn#sanggup
ng-#ISA.AV inum#minum
na#DEF
na#DEF
si==#=
na#DEF
gigiu#Gigiu
diaadn#saya
tiadn#perut
ng-#ISA.AV irah#ajar
nibalu#Gunung.Kinabalu
na#DEF
m-#ISA.AV -insari#mencari.ikan;.memburu;.penangkapan.ikan
api#api
walau.pudn#WALAUPUN
gulu#dahulu
i==#=
deirdn.na#ALONE
surunggarakng#type.of.vine
purah-purah#pura.pura
ouu#oh
dunyah#dunia,.bumi
si==#=
pasi#lagi
hei#juga
mati#mati;.meninggal.dunia
-em-#MO.ACY teis#tangis
ou#saya;.aku
keng-#DIR di#kepada
me-#NPST.ACH lou#malu
==ga#=
purah-purah#pura.pura
baa#mari.pergi
ilab#air.ludah -adn#ISA.UV
kerah#monyet
bakng#kalau
ubadn#uban
induh.amah#ibu.bapa
ou#saya;.aku
iskul#sekolah
kuman#pakcik;.bapa.saudara
ou#saya;.aku
suub#esok,.besok
nd==#BIDAK;.BUKAN= ou#saya;.aku
-in-#PST.AV ng-#ISA.AV uah#pergi.ke
k-#NMLZR epat#empat -adn#NMLZR
na#DEF
na#DEF
urakng#orang
nd==#BIDAK;.BUKAN= ara#ada
ambih#aih
mipah#bila
na#DEF
-i-#PST.ACH mati#mati;.meninggal.dunia
alih#bung
ari.buaidn#DATE
amah#bapa;.ayah
ombok#Ombok
na#DEF
na#DEF
ng-#ISA.AV iup#meniup
na#DEF
susa#sulit,.sukar
nga#seperti
na#DEF
bali#rumah
mual#Mual
biag#hidup
-i-#PST.ACH mati#mati;.meninggal.dunia
na#DEF
dioo#di.sana
ou#saya;.aku
miliug#tinggi
==mi#=KAMI
pisinah#Pisina
ti#kita
na#DEF
ou#saya;.aku
na#DEF
m-#MO.ACY ulih#return
ouu#oh
m-#ATTR.ST -panggar#sukar
surungan#petak
ina#itu
na#DEF
buh#lalu
padi#padi
bas#pernah
punga#COMPL
ki-#EXIST ara#ada
==ga#=
na#DEF
punga#COMPL
di#di;.ke;.pada
lahi#lelaki
na#DEF
walu-mpuluh-tolu#lapan.puluh.tiga
nti#ini
bonti#jembatan
==ku#=
pelanduk#pelanduk
mual#Mual
ou#saya;.aku
-em-#MO.ACY teis#tangis
deirdn.mi#OURSELVES
hei#juga
melik#lagi
pag#HAVING.Xed datakng#datang
sia#3SG.NOM
sapad#angkasa
reyda#Reyda
pasi#lagi
siga.lama.na#MEREKA
m-#ISA.AV ompodn#menggumpul
nubuh#kemudian
nti#ini
indonisia#Indonesia
nu#AUX.UV -an#ISA.UV
-in-#PST.ACY panu#pergi.jalan
ki-#EXIST ara#ada
m-#1ARG.ST odop#tidur
ny==#=
meg-#HAB ramai#kumpul,.acara
di#di;.ke;.pada
ba#EMPHATIC
sisih#sisik
amah#bapa;.ayah
-in-#PST.ACY panu#pergi.jalan
na#DEF
tengah#setengah
mekul#Michael
k-#ABILITY aap#dapat
pa#yet
subai#on.the.contrary
kei#juga
bakng#kalau
mistiih#mesti
kubal#kulit
m-#ISA.AV -upuk#wash.(clothes)
palikng#paling
ponuh#Ponuh
na#DEF
hei#juga
ina#itu
poroh#mengatakan
bonggi#Banggi
na#DEF
m-#NPST.ACH udap#lapar -adn#V.>.ADVRS
ny==#=
na#DEF
salakng#damar
tuni#badan,.tubuh
-in-#PST.AV nge-#ISA.AV dahap#seize
-i-#PST.UV -sabur#menabur;.menghamburkan;.menaburkan
kumbal#Kumbal
na#DEF
==ga#=
leid#lama
ina#itu
-in-#PST.AV ng-#ISA.AV ai#get
abih#Abih
punga#COMPL
luas#exit
engat#reply
ngasih.loobm#HUGE.DIFFICULTY
alih#bung
belaha#Beleha
ke-#MULT.NUM tolu#tiga
tobodn#pecah
na#DEF
baa#mari.pergi
-i-#PST.ACL -m-#ACL segah#merah
sabudn#sabun
==ga#=
ada#ada
tuni#body
-in-#PST.UV sipak#tandang;.menyepak
ouu#oh
mah#dan
nti#ini
ringah#sebelum,.dahulu
ndah#tidak
tentang#tentang
pusud#saudara
pandi#know
ibal#kawan
ina#itu
ooh#okay
siga#PLURAL
ba#EMPHATIC
nubuh#kemudian
bituha#perut
mah#dan
na#DEF
bonggi#Banggi
ndah#tidak
na#DEF
gulu#dahulu
pasi#lagi
na#DEF
m-#MO.ACY panu#pergi.jalan
api#api
di#di;.ke;.pada
puluh#sepuluh
-in-#PST.AV ng-#ISA.AV elu#mabuk
deirdn#self
onu-onu.ga#apa.apa
nu#2SG.SUBJ.ACT
ihi#kami
mata#mata
ndah#tidak
g-#ACY.C2 esak#tohor
==ga#=
na#DEF
ihi#kami
m-#MO.ACY panu#pergi.jalan
amah#bapa;.ayah
k-#MULT.NUM esa#satu
na#DEF
hei#juga
ndah#tidak
ny==#=
-in-#PST.UV timbak#memburu;.menembak
na#DEF
kirab#kelmarin;.semalam
bajuh#baju;.kemeja
ng-#ISA.AV irubm#look.for
n-#ISA.AV apu#atap
si==#=
kuub#dada
ou#saya;.aku
bonggi#Banggi
m-#ISA.AV ahi#pakai
aa#itulah
deirdn.na#ALONE
mati#mati;.meninggal.dunia
suad#bercakap;.mengata;.cakap
pa#yet
==ku#=
tingih#Tingih
di#di;.ke;.pada
==ga#=
ngai#get
peidn#juga
siga#PLURAL
ei#adu
g-#ACY.C2 ipad#berhenti
sapu#atap
kuiih#sana
ihi#kami
kaya#kaya
tiadn#perut
kita#kita.berdua
belaha#Beleha
ringah#sebelum,.dahulu
mati#mati;.meninggal.dunia
na#DEF
ge-#ACY.C2 saa#isteri;.suami;.bini;.laki
mentamang#ibu.mentua;.mertua;.bapa.mentua;.mertua
keng-#DIR di#kepada
mah#dan
diti#sini
mi-#ATTR.ST -rimbu#dangkal
pasi#lagi
barabm#banyak
ihi#kami
na#DEF
aha#awak;.engkau;.saudara;.anda
mual#Mual
kei#juga
m-#ISA.AV osi#pancing;.mata.kail
asal#asal
==ga#=
keng-#DIR di#kepada
m-#ATTR.ST olok#ketakutan
ng-#ISA.AV ipah#simpan;.menaruh;.meletakkan
m-#MO.ACY ulih#return
bonggi#Banggi
ajukng#bahtera
gulu#dahulu
ihi#kami
kei#juga
kelopis#type.tree
bakng#kalau
lahi#lelaki
lehad#puas
-m-#MO.ACY sili#replace
nelayan#kapal.yang.ada.pukat
amah#bapa;.ayah
suad#bercakap;.mengata;.cakap
-in-#PST.UV biaan#pengangkutan
ringgit#ringgit
mah#dan
na#DEF
ng-#ATTR.ST gulu#dahulu
ki-#EXIST ara#ada
m-#ATTR.ST onsobm#limau,.jeruk.limun
hei#juga
na#DEF
ou#saya;.aku
mah#dengan;.sama
nd==#BIDAK;.BUKAN= ou#saya;.aku
ki-#PET bori#give
nubuh#kemudian
ou#saya;.aku
uubm#berkata
iit#bawa;.membawa -on#ISA.UV
i-#PST.AV ngi-#ISA.AV dihit#light.fire
peg-#ITER liid-#LIHAT;.TENGOK liid#lihat;.tengok
jadi#jadi
na#DEF
pilipin#Filipin
na#DEF
otud#lutut
nibalu#Gunung.Kinabalu
n-#NPST.ACH suruadn#meminang
m-#NPST.CAUS.AV pe-#CAUS.AV -boli#beli
bansuk#.house.post
si==#=
engat#reply
api#api
na#DEF
-in-#PST.ACY g-#ACY.C2 api#api
ng-#ISA.AV obuh#operate.on
ng-#ISA.AV biidn#pesan
mah#dengan;.sama
louk#fish
mentamang#ibu.mentua;.mertua;.bapa.mentua;.mertua
k-#ABILITY aap#dapat
puudn#tree
keng-#DIR di#kepada
ny==#=
kahah#kakak
ooh#okay
di#di;.ke;.pada
libuat#on
oduh#nenek
ng-#ATTR.ST koon#makanan
kita#kita.berdua
daidn#jalan;.denai;.jalan.kecil
gah#oleh
nu#engkau;.awak;.saudara;.anda
==ga#=
suhu#suku
ouu#oh
di#di;.ke;.pada
buat#lakukan
ki-#PET bori#give
ina#itu
mata#mata
jadi#jadi
mati#mati;.meninggal.dunia
di#di;.ke;.pada
mulah#zaman.dahulu
meg-#HAB tomu#temu
keng-#DIR di#kepada
nubuh#kemudian
dei#jangan
na#DEF
ny==#=
duah#descend
babi#babi
ki-#EXIST ara#ada
aa#itulah
ny==#=
gah#oleh
diaadn#saya
hei#juga
saa#isteri;.suami;.bini;.laki
oduh#nenek
ari.buaidn#DATE
tuhad#tangga
ali#lain
na#DEF
m-#MO.ACY ulih#return
n-#ISA.AV -uurdn#ikut;.turun
na#DEF
m-#ISA.AV osol#memeras
ringah#sebelum,.dahulu
ihi#kami
bali#rumah
nu#engkau;.awak;.saudara;.anda
-i-#PST.ACY -m-#MO.ACY duah#descend
na#DEF
ihi#kami
bakng#kalau
sia#3SG.NOM
nu#AUX.UV -an#ISA.UV
amah#bapa;.ayah
pusud#saudara
suad#bercakap;.mengata;.cakap
i==#=
si==#=
==mi#=KAMI
nubuh#kemudian
mulah#zaman.dahulu
-i-#PST.ACY -m-#MO.ACY duah#descend
pasi#lagi
leid#lama
diaadn#saya
m-#NPST.ACH id#lihat;.tengok -adn#V.>.ADVRS
tapih#tetapi
peg#HAVING.Xed tupa#terjun;.meloncati.ke.bawah
dei#jangan
mah#dan
mulah#zaman.dahulu
sia#3SG.NOM
pu-#CAUS.AV luas#exit
sei#just
di#di;.ke;.pada
di#in
katih#di.sini
si==#=
bas#pernah
sabudn#sabun
nyu#2SG.NSUBJ.ACTOR
na#DEF
alih#bung
mah#dan
engat#reply
nubuh#kemudian
ou#saya;.aku
louk#fish
nd==#BIDAK;.BUKAN= ou#saya;.aku
sikng#seperti
barabm#banyak
di#di;.ke;.pada
-in-#PST.ACY g-#ACY.C2 uhubm#trial
nibalu#Gunung.Kinabalu
na#DEF
bakng#kalau
==ga#=
bonggi#Banggi
sapah#anak.sungai
dii#sana
na#DEF
keng-#DIR di#kepada
na#DEF
ina#itu
bali#rumah
m-#ISA.AV iag#hidup
ba#EMPHATIC
di.libuat#DI.ATAS
katih#di.sini
buh#lama;.lampau
ringah#sebelum,.dahulu
nentaadn.na#ALL
m-#ATTR.ST oduh#jauh
buat#lakukan
m-#ATTR.ST olok#ketakutan
ki-#POSS ladu#sakit
penggorokng#bunglun
pasi#lagi
-i-#PST.ACY m-#MO.ACY ulih#return
kiou#kayu
m-#MO.ACY ogot#look.after
in-#PST.UV ei#get
ngi#get -en#ISA.UV
uubm#berkata
na#DEF
silah#ubi.jalar,.ubi.rambat
mah#dan
nubuh#kemudian
ou#saya;.aku
nti#ini
baluh#pretend
ki-#EXIST ara#ada
babi#babi
k-#ABILITY aap#dapat
iit#bawa;.membawa -on#ISA.UV
nubuh#kemudian
biaa#ikut;.mengikut;.berjalan.bersama.sama -dn#ISA.UV
na#DEF
ngimomos#put.in.pot
di#di;.ke;.pada
mah#dan
tidi#dari
meg-#HAB panggil#panggil
ng-#ISA.AV irubm#look.for
nd==#BIDAK;.BUKAN= ara#ada
rua#condition
nti#ini
leidn#lain;.bukan
na#DEF
bakng#kalau
k-#ABILITY aap#dapat
ngai#get
poroh#mengatakan
n-#LINKER toudn#tahun
-in-#PST.ACL -bintut#mencabut
ou#saya;.aku
ndah#tidak
asal#asal
mual#Mual
amah#bapa;.ayah
hei#juga
na#DEF
sei#just
m-#MO.ACY panu#pergi.jalan
ina#itu
m-#MO.ACY ulih#return
ki-#PET bori#give
==ga#=
na#DEF
tindiangan#persimpangan
tau#know
i==#=
-in-#PST.AV n-#ISA.AV uhag#raise.up
pusud#saudara
tanah#tanah
aa#itulah
mah#dan
kiou#kayu
na#DEF
-i-#PST.ACY matakng#datang
kirab#kelmarin;.semalam
soord.suhadn#LEBAH.BERACUN
aa#itulah
-i-#PST.ACY matakng#datang
ng-#ISA.AV urtak#sayur
apuh.oduh#leluhur,.nenek.moyang
engat#reply
pasakng#helai
rua#condition
==ga#=
mah#dan
punga#setelah
-i-#PST.ACL -m-#ACL kotul#keras
nubuh#kemudian
ndah#tidak
i==#=
dawai#pagar.kawat
ndah#tidak
ou#saya;.aku
buaidn.sebelas#BULAN.NOVEMBER
obu#bau
di#kepada
ketangan#tentang
kirab#kelmarin;.semalam
mung-#TOWARD kuiih#sana
ati#heart
na#DEF
singgurua#seperti,.serupa..sebagai;.seperti;.seolah.olah
-in-#PST.ACH rari#lari
na#DEF
talabm#talam;.dulang
na#DEF
ki-#EXIST ara#ada
siga.lama.na#MEREKA
na#now
na#DEF
nge-#ISA.AV damak#damak
kosog#kuat
teih#tapi
lima#lima
di#in
-in-#PST.ACY k-#DESIDERATIVE ohodn#makan
kuiih#sana
pudn#pun,.bahkan
baah#well
na#DEF
na#DEF
tidi#dari
suruh#order
kusur#Kusur
na#DEF
mati#mati;.meninggal.dunia
nubuh#kemudian
sia#3SG.NOM
m-#ISA.AV oroh#mengatakan
sia#3SG.NOM
hei#juga
gandubm#jagung
n-#PST.ACY ig-#ACY.C2 turus#terus
n-#ISA.AV ahu#curi;.mencuri
teih#tapi
ny==#=
ng-#ISA.AV -uhut#garuk
esi#siapa
m-#MO.ACY ien#stay
sia#3SG.NOM
na#DEF
ke-#MULT.NUM tolu#tiga
nubuh#kemudian
alih#bung
keladih#ubi.keladi
m-#ATTR.ST olok#ketakutan
dii#sana
m-#ISA.AV oroh#mengatakan
bali#rumah
m-#MO.ACY ulih#return
leidn#lain;.bukan
kerah#monyet
alih#bung
na#DEF
diaadn#saya
na#DEF
-m-#ACL gia#besar
suad#bercakap;.mengata;.cakap
tiadn#perut
bali#rumah
kuub#dada
hei#juga
tigungguh#upacara.pengobatan
-i-#PST.ACL -m-#ACL togor#karat
hei#juga
kuiih#sana
di.libuat#DI.ATAS
ihi#kami
nagah#naga
gien#where
se-#SE m-#LINKER belah#separuh;.setengah
n-#ISA.AV -opuk#menyumpit
ina#itu
-in-#PST.ACY g-#ACY.C2 uubm#bahasa
n-#PST.ACH dedi#happen
na#FOCUS
nda#mereka
==ga#=
na#DEF
rua#condition
bali#rumah
baar-baar#sungguh
di#di;.ke;.pada
mistiih#mesti
mulak#muda
peidn#juga
api#api
di.tempak#DI.ATAS
haah.na#MENDEKATI
pandi#know
pelanduk#pelanduk
==mi#=KAMI
belaha#Beleha
ombok#Ombok
kei#juga
na#DEF
si==#=
siga#PLURAL
ringgit#ringgit
siga#PLURAL
temomu#meet
ou#saya;.aku
siga#PLURAL
nubuh#kemudian
susuk#duri
m-#ATTR.ST peit#pahit
bali.raya#BALAI.RAYA,.BALAI.KOTA
mekul#Michael
punga#setelah
diaadn#saya
ku-#MULT.NUM dua#dua
jadi#jadi
tina#nanti
nga#seperti
na#now
adat#adat
nubuh#kemudian
puhul#pukul
pa#yet
na#DEF
dolok#hujan
ponuh#Ponuh
na#DEF
poroh#mengatakan
ng-#ISA.AV kuah#pergi.ke
onu#apa
pudn#pun,.bahkan
na#DEF
na#DEF
anu#anu
nubuh#kemudian
-in-#PST.ACY gi-#ACY.C2 limut#fitnah
su-#SE m-#LINKER puudn#pokok,.pohon
kirab#kelmarin;.semalam
hei#juga
nubuh#kemudian
m-#ISA.AV iaah#ikut;.mengikut;.berjalan.bersama.sama
leksiadn#Laksian
m-#ISA.AV erook#kebun
diti#sekarang
be-#CONT balas#membalas.dendam
bakng#kalau
nti#ini
ina#itu
diring#Diring
mati#mati;.meninggal.dunia
na#now
suruh#order
tundungun#Tundungun
mati#mati;.meninggal.dunia
di#di;.ke;.pada
m-#ISA.AV oroh#mengatakan
kerah#monyet
m-#ISA.AV -onsuh#mandi
na#DEF
gangguh#kecapi.mulut
tumbuh#bertunas
onu#apa
i-#PST.ACY gi-#ACY.C2 libag#menghina
jadi#jadi
nyu#2PL.POSS
==ku#=
umpil#Umpil
na#DEF
baar-baar#sungguh
pungaan#finished
nubuh#kemudian
aha#awak;.engkau;.saudara;.anda
nuruhub#menyergap;.mengadang
nu#engkau;.awak;.saudara;.anda
tenggabadn#tembakan
n==#=
suart#surat
biaar#bayar -dn#ISA.UV
k-#ABILITY aap#dapat
na#DEF
pe-#CAUS.AV ng-#ISA.AV alag#membuka.mata
punga#COMPL
-in-#PST.AV ng-#ISA.AV atur#atur
suhup#enough
di.libuat#DI.ATAS
na#DEF
hei#juga
na#DEF
m-#ISA.AV ori#give
malik#again
sia#3SG.NOM
na#DEF
na#now
obu#bau
na#DEF
ny==#=
na#DEF
na#DEF
hei#juga
belaha#Beleha
kei#juga
mekul#Michael
na#DEF
==ku#=
se-#SE tengah#setengah
na#DEF
beig#air
-in-#PST.ACY g-#ACY.C2 olok#ketakutan
ng-#ISA.AV arap#harap;.mengharapkan
na#DEF
nubuh#kemudian
ndah#tidak
na#DEF
nu#AUX.UV -an#ISA.UV
g-#ACY.C2 esak#tohor
buid#bukit
nti#ini
nd==#BIDAK;.BUKAN= ara#ada
na#DEF
na#DEF
buh#lama;.lampau
tembakng#payau,.rusa
tapih#tetapi
==ga#=
onu#apa
bakng#kalau
mual#Mual
n-#ATTR.ST togih#bunting;.hamil;.mengandung
hei#juga
apuh#datuk,.kakek
mah#dan
botik#warna
hei#juga
mulei#mulanya
hei#juga
bali.raya#BALAI.RAYA,.BALAI.KOTA
induh.amah#ibu.bapa
nubuh#kemudian
m-#MO.ACY buat#lakukan
na.haah.na#SEKARANG
i==#=
rigiodu#pagi
tembakng#payau,.rusa
na#DEF
buat#lakukan
guai#kekasih,.belahan.jiwa
barabm#banyak
keng-#DIR di#kepada
pinsadn#saudara.sepupu
ndah#tidak
ndah#tidak
uhubm#trial
si==#=
==ga#=
nu#engkau;.awak;.saudara;.anda
tereib#Tereib
di#di;.ke;.pada
dindikng#dinding
ali#beberapa
su-#CONT suad#bercakap;.mengata;.cakap
na#DEF
pa#yet
di#di;.ke;.pada
ouu#oh
iding#Iding
pegogot#hold.on
ou#saya;.aku
diha#engkau
aha#awak;.engkau;.saudara;.anda
piriadn#pemetik.api
ndah#tidak
na#DEF
me-#ATTR.ST leid#lama
-i-#PST.ACY -m-#MO.ACY selehei#rise
ki-#EXIST ara#ada
ihi#kami
ig-#RECP biakng#detached;.separated
di#di;.ke;.pada
na#DEF
tinggabadn#tembakan
==ga#=
ng-#LINKER omol#gumpal
n-#PST.ACH sulukng#masuk
odu#hari
jadi#jadi
mah#dan
gibiidn#petang.(lewat)
di#di;.ke;.pada
deirdn.na#ALONE
pe-#IMP.AV nge-#ISA.AV ladu#sakit
onu#apa
k-#NMLZR ingei#want -n#NMLZR
upadn#umpan
hina#tadi
m-#MO.ACY ulih#return
-in-#PST.ACY ki-#PET lobokng#kubur
gia#besar
na#DEF
na#now
me-#NPST.ACH kehas#uncovered -adn#V.>.ADVRS
ng-#ISA.AV upadn#umpan
malik#again
bunua#kampung;.benua
uubm#berkata
peranak#budak,.anak
peg-#HAVING.XED bagi#bahagi;.membahagi
==ga#=
n-#PST.ACH dedi#happen
buat#lakukan
bali.raya#BALAI.RAYA,.BALAI.KOTA
bali#rumah
satu#satu
si==#=
m-#ISA.AV oroh#mengatakan
simbatu#one
ou#saya;.aku
uubm#berkata
na#DEF
ndah#tidak
rigiodu#pagi
na#DEF
bakng#kalau
bonggi#Banggi
hei#juga
diha#engkau
mbimbi.ga#mana.mana
matakng#datang
pelanduk#pelanduk
nubuh#kemudian
na#DEF
otud#lutut
ina#itu
onu#apa
m-#MO.ACY ohodn#makan
na#DEF
linda#Linda
mah#dan
ihi#kami
na#DEF
na#FOCUS
-in-#PST.AV n-#ISA.AV -uurt#follow
na#now
tinaman#tanaman
miliug#tinggi
nubuh#kemudian
ndah#tidak
n==#=
mekul#Michael
ou#saya;.aku
su-#CONT suad#bercakap;.mengata;.cakap
na#DEF
bakng#kalau
subai#on.the.contrary
na#DEF
pudn#pun,.bahkan
kahah#kakak
beig#air
kiristiadn#Kristen
soid#di.dalam
sia#3SG.NOM
m-#1ARG.ST -etadn#hate
na#DEF
ng-#ATTR.ST koon#makanan
na#DEF
m-#ATTR.ST bani#berani
ki-#EXIST ara#ada
simpurnah#sempurna
siga.lama.na#MEREKA
ng-#ISA.AV iskul#sekolah
m-#MO.ACY ien#stay
biag#hidup
mual#Mual
ba#EMPHATIC
na#DEF
==ga#=
nd==#BIDAK;.BUKAN= ara#ada
si==#=
ng-#ISA.AV uru#obat
suruar#seluar;.celana
simbatu#one
nubuh#kemudian
ny==#=
pasi#lagi
bengkali#barangkali
kuiih#sana
onu#whatever
umai#gadis
sia#3SG.NOM
matakng#datang
gien#where
ng-#ISA.AV inum#minum
ndah#tidak
di#di;.ke;.pada
siadn#penyu
dumah#dan
peranak#budak,.anak
-in-#PST.ACY m-#MO.ACY ilih#return
==ku#=
orob#belatik
pirinta#perintah;.kerajaan
mah#dan
bali#rumah
ou#saya;.aku
ng-#ISA.AV imun#cemburu.(orang)
==ku#=
si==#=
na#DEF
di#di;.ke;.pada
na#DEF
ambih#aih
-lepas#dibebaskan -adn#V.>.NMLZ
nubuh#kemudian
suad#bercakap;.mengata;.cakap
melik#lagi
n-#ATTR.ST tuah#tua
ubu#cut.open -udn#ISA.UV
ulakng#ular
bonggi#Banggi
na#now
bakng#kalau
kirab#kelmarin;.semalam
na#DEF
na#DEF
ba#EMPHATIC
nubuh#kemudian
turuh#tujuh
ihi#kami
mah#dan
sugah#isi
kiou#kayu
iskul#sekolah
deirdn.na#ALONE
siga.lama.na#MEREKA
ali#lain
na.haah.na#SEKARANG
na#DEF
letid#debak
nge-#ISA.AV lobokng#kubur
pandi#know
na#DEF
ndah.pa#BELUM;.BELUM.LAGI;.
-em-#MO.ACY lalu#melewati
deirdn.na#ALONE
n-#ISA.AV unu#bakar
nubuh#kemudian
kerai#work
pegah#Limbuak
ou#saya;.aku
toho#tiba.tiba
na#DEF
suruh#direct
pasi#lagi
nd==#BIDAK;.BUKAN= ou#saya;.aku
soid#di.dalam
si==#=
layut#Layut
ou#saya;.aku
irah#ajar
sia#3SG.NOM
di#di;.ke;.pada
ina#itu
ng-#ISA.AV uru#obat
ng-#ISA.AV irah#ajar
ny==#=
==ga#=
binatang#binatang,.hiwan
di#di;.ke;.pada
m-#ISA.AV ahi#pakai
se-#SE m-#LINKER belah#picah
hei#juga
dunyah#dunia,.bumi
pa#yet
engat#reply
mi-#ATTR.ST gia#besar
n-#ISA.AV iag#awake
-in-#PST.ACY m-#ISA.AV iaah#ikut;.mengikut;.berjalan.bersama.sama
na#DEF
ihi#kami
sultadn#sultan
na.haah.na#SEKARANG
na#DEF
katih#di.sini
saa#isteri;.suami;.bini;.laki
na#DEF
di#di;.ke;.pada
puruh#pulau
hei#juga
bali#rumah
onu#apa
m-#MO.ACY ohodn#makan
m-#NPST.ACH etak#tinggal
na#DEF
na#DEF
na#DEF
bangsa#ras,.suku
raah#darah
nti#ini
nubuh#kemudian
hita#kita.berdua
walau.pudn#WALAUPUN
n-#ISA.AV -iun#memburu.dengan.anjing
mulah#zaman.dahulu
-in-#PST.UV suruh#order
kuiih#sana
rati#erti,.arti
jadi#jadi
m-#ISA.AV ihit#matrilocal.residence
peis#pisau
kulubutadn#cumi.cumi
pandi#know
ndah#tidak
kapak#kapak
ndah#tidak
birta#khabar,.berita
nu#engkau;.awak;.saudara;.anda
siga.lama.na#MEREKA
hei#juga
nubuh#kemudian
m-#MO.ACY ohodn#makan
na#DEF
pag#HAVING.Xed datakng#datang
na#DEF
binatang#binatang,.hiwan
lahi#lelaki
ng-#ISA.AV orob#belatik
bonggi#Banggi
diaadn#saya
mah#dan
i==#=
diaadn#saya
bali#rumah
landuh#sangat
mah#dan
buaidn#bulan
k-#NMLZR ingei#want -n#NMLZR
ina#itu
keng-#DIR di#kepada
nd==#BIDAK;.BUKAN= ara#ada
bagi#bahagi;.membahagi
peg-#ITER liid-#LIHAT;.TENGOK liid#lihat;.tengok
keng-#DIR diti#sini
-um-#MO.ACY tulak#tolak
baar#betul;.penting;.benar;.tepat
saa#isteri;.suami;.bini;.laki
badih#parang
ke-#ABILITY -door#hear
ny==#=
bali#rumah
nubuh#kemudian
buat#lakukan
bunua#kampung;.benua
di#di;.ke;.pada
m-#MO.ACY buat#lakukan
abat#jawab
-em-#MO.ACY teis#tangis
siga#PLURAL
m-#NPST.CAUS.AV pu-#CAUS.AV kumut#kain
nubuh#kemudian
kirab#kelmarin;.semalam
nga#seperti
di#di;.ke;.pada
==ga#=
kerah#monyet
pusud#saudara
na#DEF
arag#belakang
bakng#kalau
bunua#kampung;.benua
-in-#PST.AV ng-#ISA.AV uah#pergi.ke
kiou#kayu
sulikng#suling;.bangsi;.seruling
ng-#ATTR.ST koon#makanan
di#di;.ke;.pada
uubm#berkata
m-#ATTR.ST peit#pahit
hei#juga
nti#ini
ki-#EXIST ara#ada
mingguh#minggu
mata#mata
nubuh#kemudian
punga#COMPL
ng-#ISA.AV irubm#look.for
babi#babi
badih#parang
na#DEF
kiaardn.na#ada
adat#adat
ou#saya;.aku
ndah#tidak
ngai#get
biarus-biarus#kelamkabut
-in-#PST.AV ng-#ISA.AV iup#meniup
ndah#tidak
tuah-mulah#legenda
di#di;.ke;.pada
keng-#DIR di#kepada
rua#condition
kerah#monyet
in-#PST.UV ohodn#makan
tuhad#tangga
bonggi#Banggi
ou#saya;.aku
belaha#Beleha
-in-#PST.ACH kompot#sampai
kentangan#tentang
di#di;.ke;.pada
na#DEF
mual#Mual
kuit#kulit
m-#ISA.AV iri#ignite
naa#sini
i==#=
dia#sana
ndah#tidak
pusud#saudara
bonggi#Banggi
pandi#know
nd==#BIDAK;.BUKAN= ara#ada
leid#lama
musa#Musa
ina#itu
k-#ABILITY aap#dapat
m-#ATTR.ST olok#ketakutan
hei#juga
==ku#=
su-#CONT suad#bercakap;.mengata;.cakap
mengin#ingin
na#DEF
bas#pernah
==ku#=
==ga#=
ngi#get -en#ISA.UV
nd==#BIDAK;.BUKAN= ou#saya;.aku
na.haah.na#SEKARANG
me-#NPST.ACH lou#malu
soid#di.dalam
punga#setelah
na#DEF
na#DEF
pudulih#peduli
leidn#lain;.bukan
libungan#puncak.gedung
set#hanya
nubuh#kemudian
dioo#di.sana
pa#yet
asal#asal
m-#1ARG.ST odop#tidur
nubuh#kemudian
ou#saya;.aku
susa#sulit,.sukar
pin-#INSTRV sigat#bundle
amah#bapa;.ayah
ng-#ISA.AV irah#ajar
==ku#=
ihi#kami
==ga#=
buh#lama;.lampau
kuiih#sana
suruh#order
ina#itu
selama-lama#very.long
pa#yet
asu#anjing
bori#give
m-#MO.ACY panu#pergi.jalan
nd==#BIDAK;.BUKAN= ara#ada
punga#setelah
na#DEF
n-#ATTR.ST tuah#tua
na#DEF
na#DEF
induh.amah#ibu.bapa
tuadn.umur#spirit.name
keng-#DIR di#kepada
eyrat#alam.baka
diaadn#saya
beig#air
mati#mati;.meninggal.dunia
na#DEF
di#di;.ke;.pada
-i-#PST.ACY matakng#datang
mah#dan
di#in
mual#Mual
buaidn#bulan
bi-#N.>.CHAR.NMLZ -dagakng#dagang
nd==#BIDAK;.BUKAN= ara#ada
onsi#isi
suad#bercakap;.mengata;.cakap
-in-#PST.ACY g-#ACY.C2 iit#bawa;.membawa
pudn#pun,.bahkan
taha#awak;.engkau;.saudara;.anda
-in-#PST.ACY m-#MO.ACY ouh#willing
na#DEF
si==#=
libudn#woman
deirdn.na#ALONE
romud#muram
-i-#PST.UV ranti#kalung;.rantai.leher
ng-#ISA.AV uhubm#legal.proceeding
di#di;.ke;.pada
na#DEF
na#DEF
na#DEF
di#di;.ke;.pada
tidi#dari
eyrat#alam.baka
-i-#PST.ACY m-#MO.ACY ulih#return
sikiou#ubi.kayu
hita#kita.berdua
adat#adat
hatih#di.sini
di#di;.ke;.pada
==a#=AWAK;.ENGKAU;.SAUDARA;.ANDA
su-#CONT suad#bercakap;.mengata;.cakap
nubuh#kemudian
kuiih#sana
ki-#POSS ara#ada
kirab#kelmarin;.semalam
na#DEF
adat#adat
buh#lama;.lampau
buh#lama;.lampau
dihu#engkau.sekalian,.kalian
me-#NPST.ACH dadi#become
simbiliaadn#cut.throat
mah#dan
nu#AUX.UV -an#ISA.UV
nu#engkau;.awak;.saudara;.anda
saa#isteri;.suami;.bini;.laki
mv-#NPST.ACH ansur#hancur
di#di;.ke;.pada
na#DEF
na#DEF
mah#dan
ou#saya;.aku
na#DEF
bulei#boleh
peis#pisau
kubukng#kubung
tidi#dari
-i-#PST.ACY -m-#MO.ACY selehei#rise
n-#PST.ACH dedi#happen
na#DEF
pekahas#parts
na#DEF
ari.buaidn#DATE
gulu#dahulu
bunua#kampung;.benua
sia#3SG.NOM
ndah#tidak
ombok#Ombok
==ga#=
na#DEF
punti#pisang
na#DEF
di#di;.ke;.pada
nd==#BIDAK;.BUKAN= ou#saya;.aku
sida#PLURAL
simbatu#one
n==#=
na#DEF
na#DEF
hei#juga
sikiou#ubi.kayu
manggas#type.of.animal
mah#dan
apuh#datuk,.kakek
tala#Allah
bali#rumah
puan-puan#little.curse
ndah#tidak
taik#huh
giil#penjara
m-#ISA.AV ahi#pakai
induh.amah#ibu.bapa
guai#kekasih,.belahan.jiwa
bakng#kalau
mekul#Michael
di#di;.ke;.pada
==ga#=
siga#PLURAL
su-#CONT suad#bercakap;.mengata;.cakap
m-#NPST.ACH udap#lapar -adn#V.>.ADVRS
na#DEF
aa#itulah
rua#way
m-#ISA.AV iaah#ikut;.mengikut;.berjalan.bersama.sama
irah#ajar
ina#itu
si==#=
buid#bukit
ng-#ATTR.ST gulu#dahulu
leidn#lain;.bukan
terjadi#become
di#di;.ke;.pada
tembakng#payau,.rusa
apuh#datuk,.kakek
naah#boleh
dei#jangan
pandi#know
in-#PST.ACH ibis#selesai -adn#V.>.ADVRS
diaadn#saya
dua#dua
punga#COMPL
na#DEF
teih#tapi
perook#kebun
berani#berani;.sanggup
na#DEF
n-#ATTR.ST togih#bunting;.hamil;.mengandung
-in-#PST.AV ng-#ISA.AV uah#pergi.ke
tindiangan#persimpangan
nd==#BIDAK;.BUKAN= ara#ada
seborokng#sisi.lain
m-#ATTR.ST oduh#jauh
na#DEF
sultadn#sultan
-in-#PST.ACY ki-#PET lobokng#kubur
kenoo#sana
ng-#ISA.AV biidn#pesan
sia#3SG.NOM
==hu#=
na#DEF
m-#MO.ACY ohodn#makan
na#DEF
==ku#=
gien#where
di#di;.ke;.pada
lahi#lelaki
ki-#EXIST ara#ada
kii#gather.from.beach
-im-#MO.ACY tiligud#menoleh
mah#dan
nentaadn.na#ALL
na#DEF
na#DEF
n-#ISA.AV -oog#panggil
katih#di.sini
deirdn.na#ALONE
m-#MO.ACY ulih#return
na#DEF
tinaman#tanaman
amah#bapa;.ayah
soid#di.dalam
na#DEF
hiti#kita
bakng#kalau
sia#3SG.NOM
n-#ATTR.ST tuhal#kurus
na.haah.na#SEKARANG
uubm#berkata
di#di;.ke;.pada
na#DEF
m-#MO.ACY buat#lakukan
n-#ISA.AV irabm#water.plant
ndah#tidak
ndah#tidak
sahit#sakit
poroh#mengatakan
di#di;.ke;.pada
m-#ISA.AV iag#hidup
di.libuat#DI.ATAS
nga#said
na#DEF
mah#dan
na#DEF
ou#saya;.aku
meraah#type.of.tree
na#DEF
==mi#=KAMI
bobu#bisu
aal#hal,.perihal
dumah#dengan
ou#saya;.aku
==ga#=
irah#ajar
upadn#umpan
na#DEF
bakng#kalau
ndah#tidak
nubuh#kemudian
m-#MO.ACY ohodn#makan
poroh#mengatakan
n-#PST.ACH dedi#happen
punga#setelah
na#DEF
uubm#berkata
tabakng#help
==ga#=
deri#sendiri
na#DEF
dioo#di.sana
na#DEF
siabm#sembilan
ouu#oh
punggah#bagaimana
na#DEF
nd==#BIDAK;.BUKAN= ara#ada
kerah#monyet
amah#bapa;.ayah
silabm#Islam
si==#=