n
n
relpro
interj
n =THE
n
distrnum
adv
adj
n =2ND.PERSON
adj
nprop
n
n =3SG
pro
Prep
adv =3SG
Prep
relpro
vt PAS.TR
n
vt ACTIVE.VOICE
vi
Prep
nprop
adv RDP
Prep
Prep
vt CAUSATIVE CAUSATIVE
adv
Conj
adv
clf
vi TO.GO.TO....
nprop
Prep
distrnum
vt
vt CAUSATIVE IMPERATIVE CAUSATIVE
distrnum
vt TO.APPLY.....TO.THE.OBJECT TO.APPLY.....TO.THE.OBJECT
n
adv
n
n
adj
n
vt TRANS TRANS
pro
vt PASS.INTR PASS.INTR
vi TO.HAVE....
Prep
adv
Prep
vt ACTIVE.VOICE
adv
relpro
adv
prt
vt ACTIVE.VOICE
vt ACTIVE.VOICE
adj
n
n RDP
Prep
n
n RESULT.OF.VERB RESULT.OF.VERB
Conj
adj
adj
nprop BRU.DINAM
Conj
Prep TOWARD.(A.PERSON)
n
dem
Prep
vt
vt CAUSATIVE CAUSATIVE
nprop
interj
nprop
Prep
adv
quant
n
v
n HAVING.TO.DO.WITH... HAVING.TO.DO.WITH...
prt
n =THE
nprop
adj =THE
adj
nprop
dem
pro
n
n GIRL
Prep
adj
vt DURATIVE? DURATIVE?
vt PASS.INTR
Prep
prt
relpro
Prep TOWARD.(A.PERSON)
n
adj
vi
relpro
n
pro
adv
dem
adv
n
n
adj
adv
n
n
vt PAS.TR
relpro
Prep
pro HERE
vt PASSIVE PASSIVE
vi TO.DO.... =3SG
existmrkr
Prep
nprop
n
pro
n
n
Aux
prt
n THE.PROCESS.OF
adj
dem
Conj
n
Prep
relpro
adv
nprop
vi TO.HAVE....
adj
Conj
adv
existmrkr
n
n
vt CAUSATIVE CAUSATIVE
n
n
prt
vt PAS.TR
Prep
Conj
Prep =3SG
vt INTENSIFIER
vt
n BOY
vt TRAN.PAS TRAN.PAS
vt ACTIVE.VOICE
n
vi ABILITATIVE
Prep
n
n PERSON.WHO.HAS....
n =3SG
pro
nprop
adv
n
n
relpro
n
vt REPEATEDLY
vt ACTIVE.VOICE
vi
adj
Conj
n
n PERSON.WHO.DOES....
vt REPEATEDLY TRANS
vi TO.HAVE....
n
vt BELIEVE,.TO
pro
adj ONE.OF
nprop
vt TRAN.PAS TRAN.PAS
Conj
relpro
adj
vt TO.DO....
Prep
nprop
nprop
prt
n
n OBJECT.OF.VERB
adv
adj
Conj
adj
n
adv ONLY
n
adj
n
n ONE
n NOMINALIZER TO.GO.DOWN NOMINALIZER
Conj
n =3SG
n
n
n =1SG
adj
nprop
n NOMINALIZER NOMINALIZER =THE
Conj
Prep
adj
Prep
adj
prt
n
n
pro
Conj
adv
n
n
pro
vi
n PARENTS
n
Conj
n
nprop
nprop
Conj
Prep
vt RECIPRICAL RECIPRICAL
n
vt
adj
adv
Prep
n =3SG
n
n
adv
v
n
adj
Prep
n THE.ACT.OF.... THE.ACT.OF.... =3SG
n RDP
existmrkr
prt
dem
pro
adv
adv
Prep
n
vi TO.DO....
Prep
adj
n
vt REPEATED.ACTION REPEATED.ACTION
dem
pro
Prep =3SG
dem
n =3SG
nprop
n
n
n
existmrkr
adj
Prep
adv
adv
Prep AS.IF
prt
Prep
vt ACTIVE.VOICE DURATIVE?
pro
vt ACTIVE.VOICE
n
adv
adj
adj
Conj
n NOMINALIZER NOMINALIZER
n
relpro
n
adv
relpro
vi
vt ABILITATIVE
Prep
n
n
vt
Prep
clf
adj
pro
adv
vi
vt
vt ACTIVE.VOICE
n
nprop
Conj
Prep
vi TO.HAVE....
adj
adj
vt ACTIVE.VOICE CAUSATIVE
nprop
vt ACTIVE.VOICE DURATIVE?
vi
n
n
adj
n
adj
relpro
n
Prep
vi
Conj
vt TO.DO....
vt ACTIVE.VOICE
vt IMPERATIVE
existmrkr
adj
adv TO.HAVE.... RDP
n
adv
n
pro
n NOMINALIZER NOMINALIZER
n
Aux
vi TO.HAVE....
adv
vt CAUSATIVE CAUSATIVE
adj
Aux
adv
relpro
n RDP
vt PASSIVE PASSIVE
n OBJECT.OF.VERB
Prep =3SG
adv
pro
adv
relpro
relpro
adv
dem
pro
n QUEEN =THE
n ONE
relpro
n
Prep
vi
vt TO.DO....
adv
adj
clf
n
cardnum EIGHTTEEN
n CHARACTERSTIC.OF CHARACTERSTIC.OF
adj ONE.OF
vt ACTIVE.VOICE
adv
relpro
adj
adv
pro
adj
adj
Aux
pro
clf
nprop BRU.DINAM
pro
nprop
n NOMINALIZER NOMINALIZER
Prep
relpro
Conj
Conj
Prep
n
vi TO.HAVE....
Prep
adj
vi REPEATED.ACTION
pro
adj VERY.SKINNY
vt ACTIVE.VOICE
n ONE
Conj
dem
vi
n
v
Prep
vi
adj
n
pro
relpro
distrnum
n
Aux
adj
relpro
Prep
n
vt TO.CAUSE.TO.BE.A...
adj
n
adj
n
adj
n =1SG
n =THE
n GIRL
adj
Prep
adj
vt ACTIVE.VOICE
n
Prep
v
vt
n PLURAL
n THE.WAY.OF... THE.WAY.OF...
vi PAS.TR
vi
adv
nprop
n
vt CAN CAN
n
vt ACTIVE.VOICE =3SG
nprop
n
n =THE
vt REPEATED.ACTION
vi ABILITATIVE
cardnum
Prep
Conj
nprop
Prep
vt ACTIVE.VOICE
vi =FRONTED.ELEMENT
vt
adj
clf
vt PASS.INTR CAUSATIVE
distrnum
Conj
n =3SG
n PLURAL
relpro
n
adj
adj
dem
n
relpro
pro
Prep
n
Conj
dem
existmrkr
n
Conj
adv
adv
n
n =1SG
adj
dem
n =3SG
Conj
relpro
adv
n
nprop
n
vi TO.HAVE....
adv
relpro
relpro
n ONE =3SG
relpro
n
pro
vt CAUSATIVE CAUSATIVE
n
dem
cop
Prep
vt GIVE.X.TO
clf
dem
n OBJECT.OF.VERB
adv
n
vi
adj
adj
vi
vt
n NOMINALIZER TO.GO.DOWN NOMINALIZER
pro =1SG
pro
adv
vi TO.HAVE....
adj SUPERLATIVE
dem
n CRAFTSMAN
vt ACTIVE.VOICE
adj
Prep
pro
dem
n
n
n
n
n
n
n
n
Prep
n
adv
n =THE
vt PAS.TR CAUSATIVE
nprop
vt ABILITATIVE
n
dem
n
Prep
v REPEATED.ACTION
n
n
Prep
nprop
n
dem
Conj
Prep
n =2ND.PERSON
vt ACTIVE.VOICE
nprop
vt PAS.TR
Conj
Prep
n
n RDP
n =3SG
vt ACTIVE.VOICE CAUSATIVE
pro
nprop
relpro
n
Prep
n
adj
Prep
adv
nprop
n
vt PAS.TR
vi
dem
nprop
pro
adv
relpro
dem
n =3SG
Conj
relpro
n
relpro
vi TO.HAVE.... HOUSEHOLD
n
adv
Prep
n
vt GIVE.X.TO
cardnum
Prep
n
pro
nprop
nprop
adj
vi =FRONTED.ELEMENT
relpro
vi
vt TRAN.PAS TRAN.PAS
pro
nprop
Conj RDP
Prep
Conj
adv
Prep
adj
Prep
n
Conj
Prep
n
n
adv
pro
Prep
vt CAUSATIVE CAUSATIVE
vi
Prep
adj
pro
pro
n =3SG
vt PAS.TR IMPERATIVE
relpro
adv
n ONE
pro HOWEVER
Conj
n
n
n
Prep
vt PAS.TR
vi TO.DO.... TO.BREATH.HEAVILY
Prep
vt PAS.TR
n
v
n RDP
n NOMINALIZER NOMINALIZER =THE
Conj
Prep
n
vt ACTIVE.VOICE DURATIVE?
n NOMINALIZER NOMINALIZER
vt REPEATEDLY
adj
Prep
relpro
Prep
adj
pro
n ONE
vi
pro
n
vt RECIPRICAL RECIPRICAL
Conj
pro
n =2ND.PERSON
relpro
Prep
Prep
n
n =1SG
Conj
vt TO.CAUSE.TO.BECOME... TO.CAUSE.TO.BECOME...
adj
n
n =3SG
Prep
n
adj
prt
pro
n
existmrkr
adj
adv
Prep
dem
Prep
n
n
n
adv
nprop
adj
adj
Conj
adv
n
vt PAS.TR =3SG
Prep
n
n =3SG
vt ACTIVE.VOICE
n PLURAL
vi TO.ELOPE
n
Prep
nprop BRU.DINAM
Conj
vt
n =1SG
relpro
vt
Prep
n
adj
Prep =3SG
adv
n
vt TO.DO....
n
Prep
Prep
n
n PERSON.WHO.DOES....
adv
adj
n =3SG
adv
adv
Prep
n
vt
pro
n
relpro
n
n
n
vt
pro PLURAL =3SG
n
vt
Prep
Adj
n
vt CAUSATIVE CAUSATIVE
pro
n
adj
n
n
adj
vt
n
n =THE
adv
dem
clf
adj
relpro
n
nprop
adj
vi =3SG
nprop
n VARIETY NOMINALIZER
Prep
n
vi
Prep
n
n PARENTS =3SG
Prep
vt
vi
relpro
nprop
adj
dem
n
vi TO.GO.TO....
vt
n
nprop
vt ACTIVE.VOICE
adj
n =3SG
vt PAS.TR =3SG
n PARENTS =3SG
vt REPEATEDLY
vt
dem
clf
Prep
n
Prep
adj
n CHARACTERSTIC.OF CHARACTERSTIC.OF
Prep AFTER
vt TRANS POLITE.IMPERATIVE
Prep
vt ACTIVE.VOICE
vt
v
n
n
n
Conj
Prep TOWARD.(A.PERSON)
Prep
n =THE
Conj
prt
adv
Conj
vt CAUSATIVE CAUSATIVE
Conj
vi TO.DO....
n
n
Conj
adv
n
vi TO.HAVE....
pro =3SG
vi
n
Conj
adv
n MEASURE.NOMINALIZER
Conj
vt TRULY
adv
n PERSON.WHO.DOES....
Prep
adv
distrnum
prt
Conj
relpro
nprop PENGULU.MUDE
vi
n HAVING.TO.DO.WITH... HAVING.TO.DO.WITH... =3SG
adj
pro
Prep
adv
Prep
relpro
nprop
n
adv
n
n
cop
n
Prep
Conj
n BOY
dem
existmrkr
existmrkr
n =3SG
Conj
n
Conj
adv
adj
adj
Prep
nprop
n BOY
vi RECIPRICAL RECIPRICAL
adj
adv
vt CAUSATIVE CAUSATIVE
n
Conj
relpro
vt
adv
n
n
pro
n RDP
dem
dem
n
adv =3SG
n
relpro
pro =3SG
dem
Prep
adj
nprop
Prep
n =THE
vt ACTIVE.VOICE =3SG
n
n
n
n
n
pro
vi =FRONTED.ELEMENT
vt
n =3SG
adv
nprop
n
dem
adj
n
Prep
n
adv
adv
n ONE
Prep
Prep
n
vt
dem
n
vt ACTIVE.VOICE
n
n
n
vt REPEATEDLY
n BOY
vt PAS.TR
n
Prep
n =THE
vi ACTIVE.VOICE
adv
adv
n
relpro
n
vt ACTIVE.VOICE
pro
dem
dem
n THE.PROCESS.OF =THE
n
Prep
n
vt PASS.TR PASS.TR
n
Prep
n
pro
n
vt
n
n
n
n =3SG
adv
dem
n
nprop
n AS.IF
vt ACTIVE.VOICE CAUSATIVE =3SG
nprop
adv
vt
relpro
n
n
Prep
adv
vi TO.HAVE....
vt ACTIVE.VOICE
n
clf
pro
Prep TOWARD.(A.PERSON)