n
n
relpro
interj
n =THE
n
distrnum
adv
adj
n =2ND.PERSON
adj
nprop
n
n =3SG
pro
Prep
adv =3SG
Prep
relpro
vt PAS.TR
n
vt ACTIVE.VOICE
vi
Prep
nprop
adv RDP
Prep
Prep
vt CAUSATIVE CAUSATIVE
adv
Conj
adv
clf
vi TO.GO.TO....
nprop
Prep
distrnum
vt
vt CAUSATIVE IMPERATIVE CAUSATIVE
distrnum
vt TO.APPLY.....TO.THE.OBJECT TO.APPLY.....TO.THE.OBJECT
n
adv
n
n
adj
n
vt TRANS TRANS
pro
vt PASS.INTR PASS.INTR
vi TO.HAVE....
Prep
adv
Prep
vt ACTIVE.VOICE
adv
relpro
adv
prt
vt ACTIVE.VOICE
vt ACTIVE.VOICE
adj
n
n RDP
Prep
n
n RESULT.OF.VERB RESULT.OF.VERB
Conj
adj
adj
nprop BRU.DINAM
Conj
Prep TOWARD.(A.PERSON)
n
dem
Prep
vt
vt CAUSATIVE CAUSATIVE
nprop
interj
nprop
Prep
adv
quant
n
v
n HAVING.TO.DO.WITH... HAVING.TO.DO.WITH...
prt
n =THE
nprop
adj =THE
adj
nprop
dem
pro
n
n GIRL
Prep
adj
vt DURATIVE? DURATIVE?
vt PASS.INTR
Prep
prt
relpro
Prep TOWARD.(A.PERSON)
n
adj
vi
relpro
n
pro
adv
dem
adv
n
n
adj
adv
n
n
vt PAS.TR
relpro
Prep
pro HERE
vt PASSIVE PASSIVE
vi TO.DO.... =3SG
existmrkr
Prep
nprop
n
pro
n
n
Aux
prt
n THE.PROCESS.OF
adj
dem
Conj
n
Prep
relpro
adv
nprop
vi TO.HAVE....
adj
Conj
adv
existmrkr
n
n
vt CAUSATIVE CAUSATIVE
n
n
prt
vt PAS.TR
Prep
Conj
Prep =3SG
vt INTENSIFIER
vt
n BOY
vt TRAN.PAS TRAN.PAS
vt ACTIVE.VOICE
n
vi ABILITATIVE
Prep
n
n PERSON.WHO.HAS....
n =3SG
pro
nprop
adv
n
n
relpro
n
vt REPEATEDLY
vt ACTIVE.VOICE
vi
adj
Conj
n
n PERSON.WHO.DOES....
vt REPEATEDLY TRANS
vi TO.HAVE....
n
vt BELIEVE,.TO
pro
adj ONE.OF
nprop
vt TRAN.PAS TRAN.PAS
Conj
relpro
adj
vt TO.DO....
Prep
nprop
nprop
prt
n
n OBJECT.OF.VERB
adv
adj
Conj
adj
n
adv ONLY
n
adj
n
n ONE
n NOMINALIZER TO.GO.DOWN NOMINALIZER
Conj
n =3SG
n
n
n =1SG
adj
nprop
n NOMINALIZER NOMINALIZER =THE
Conj
Prep
adj
Prep
adj
prt
n
n
pro
Conj
adv
n
n
pro
vi
n PARENTS
n
Conj
n
nprop
nprop
Conj
Prep
vt RECIPRICAL RECIPRICAL
n
vt
adj
adv
Prep
n =3SG
n
n
adv
v
n
adj
Prep
n THE.ACT.OF.... THE.ACT.OF.... =3SG
n RDP
existmrkr
prt
dem
pro
adv
adv
Prep
n
vi TO.DO....
Prep
adj
n
vt REPEATED.ACTION REPEATED.ACTION
dem
pro
Prep =3SG
dem
n =3SG
nprop
n
n
n
existmrkr
adj
Prep
adv
adv
Prep AS.IF
prt
Prep
vt ACTIVE.VOICE DURATIVE?
pro
vt ACTIVE.VOICE
n
adv
adj
adj
Conj
n NOMINALIZER NOMINALIZER
n
relpro
n
adv
relpro
vi
vt ABILITATIVE
Prep
n
n
vt
Prep
clf
adj
pro
adv
vi
vt
vt ACTIVE.VOICE
n
nprop
Conj
Prep
vi TO.HAVE....
adj
adj
vt ACTIVE.VOICE CAUSATIVE
nprop
vt ACTIVE.VOICE DURATIVE?
vi
n
n
adj
n
adj
relpro
n
Prep
vi
Conj
vt TO.DO....
vt ACTIVE.VOICE
vt IMPERATIVE
existmrkr
adj
adv TO.HAVE.... RDP
n
adv
n
pro
n NOMINALIZER NOMINALIZER
n
Aux
vi TO.HAVE....
adv
vt CAUSATIVE CAUSATIVE
adj
Aux
adv
relpro
n RDP
vt PASSIVE PASSIVE
n OBJECT.OF.VERB
Prep =3SG
adv
pro
adv
relpro
relpro
adv
dem
pro
n QUEEN =THE
n ONE
relpro
n
Prep
vi
vt TO.DO....
adv
adj
clf
n
cardnum EIGHTTEEN
n CHARACTERSTIC.OF CHARACTERSTIC.OF
adj ONE.OF
vt ACTIVE.VOICE
adv
relpro
adj
adv
pro
adj
adj
Aux
pro
clf
nprop BRU.DINAM
pro
nprop
n NOMINALIZER NOMINALIZER
Prep
relpro
Conj
Conj
Prep
n
vi TO.HAVE....
Prep
adj
vi REPEATED.ACTION
pro
adj VERY.SKINNY
vt ACTIVE.VOICE
n ONE
Conj
dem
vi
n
v
Prep
vi
adj
n
pro
relpro
distrnum
n
Aux
adj
relpro
Prep
n
vt TO.CAUSE.TO.BE.A...
adj
n
adj
n
adj
n =1SG
n =THE
n GIRL
adj
Prep
adj
vt ACTIVE.VOICE
n
Prep
v
vt
n PLURAL
n THE.WAY.OF... THE.WAY.OF...
vi PAS.TR
vi
adv
nprop
n
vt CAN CAN
n
vt ACTIVE.VOICE =3SG
nprop
n
n =THE
vt REPEATED.ACTION
vi ABILITATIVE
cardnum
Prep
Conj
nprop
Prep
vt ACTIVE.VOICE
vi =FRONTED.ELEMENT
vt
adj
clf
vt PASS.INTR CAUSATIVE
distrnum
Conj
n =3SG
n PLURAL
relpro
n
adj
adj
dem
n
relpro
pro
Prep
n
Conj
dem
existmrkr
n
Conj
adv
adv
n
n =1SG
adj
dem
n =3SG
Conj
relpro
adv
n
nprop
n
vi TO.HAVE....
adv
relpro
relpro
n ONE =3SG
relpro
n
pro
vt CAUSATIVE CAUSATIVE
n
dem
cop
Prep
vt GIVE.X.TO
clf
dem
n OBJECT.OF.VERB
adv
n
vi
adj
adj
vi
vt
n NOMINALIZER TO.GO.DOWN NOMINALIZER
pro =1SG
pro
adv
vi TO.HAVE....
adj SUPERLATIVE
dem
n CRAFTSMAN
vt ACTIVE.VOICE
adj
Prep
pro
dem
n
n
n
n
n
n
n
n
Prep
n
adv
n =THE
vt PAS.TR CAUSATIVE
nprop
vt ABILITATIVE
n
dem
n
Prep
v REPEATED.ACTION
n
n
Prep
nprop
n
dem
Conj
Prep
n =2ND.PERSON
vt ACTIVE.VOICE
nprop
vt PAS.TR
Conj
Prep
n
n RDP
n =3SG
vt ACTIVE.VOICE CAUSATIVE
pro
nprop
relpro
n
Prep
n
adj
Prep
adv
nprop
n
vt PAS.TR
vi
dem
nprop
pro
adv
relpro
dem
n =3SG
Conj
relpro
n
relpro
vi TO.HAVE.... HOUSEHOLD
n
adv
Prep
n
vt GIVE.X.TO
cardnum
Prep
n
pro
nprop
nprop
adj
vi =FRONTED.ELEMENT
relpro
vi
vt TRAN.PAS TRAN.PAS
pro
nprop
Conj RDP
Prep
Conj
adv
Prep
adj
Prep
n
Conj
Prep
n
n
adv
pro
Prep
vt CAUSATIVE CAUSATIVE
vi
Prep
adj
pro
pro
n =3SG
vt PAS.TR IMPERATIVE
relpro
adv
n ONE
pro HOWEVER
Conj
n
n
n
Prep
vt PAS.TR
vi TO.DO.... TO.BREATH.HEAVILY
Prep
vt PAS.TR
n
v
n RDP
n NOMINALIZER NOMINALIZER =THE
Conj
Prep
n
vt ACTIVE.VOICE DURATIVE?
n NOMINALIZER NOMINALIZER
vt REPEATEDLY
adj
Prep
relpro
Prep
adj
pro
n ONE
vi
pro
n
vt RECIPRICAL RECIPRICAL
Conj
pro
n =2ND.PERSON
relpro
Prep
Prep
n
n =1SG
Conj
vt TO.CAUSE.TO.BECOME... TO.CAUSE.TO.BECOME...
adj
n
n =3SG
Prep
n
adj
prt
pro
n
existmrkr
adj
adv
Prep
dem
Prep
n
n
n
adv
nprop
adj
adj
Conj
adv
n
vt PAS.TR =3SG
Prep
n
n =3SG
vt ACTIVE.VOICE
n PLURAL
vi TO.ELOPE
n
Prep
nprop BRU.DINAM
Conj
vt
n =1SG
relpro
vt
Prep
n
adj
Prep =3SG
adv
n
vt TO.DO....
n
Prep
Prep
n
n PERSON.WHO.DOES....
adv
adj
n =3SG
adv
adv
Prep
n
vt
pro
n
relpro
n
n
n
vt
pro PLURAL =3SG
n
vt
Prep
Adj
n
vt CAUSATIVE CAUSATIVE
pro
n
adj
n
n
adj
vt
n
n =THE
adv
dem
clf
adj
relpro
n
nprop
adj
vi =3SG
nprop
n VARIETY NOMINALIZER
Prep
n
vi
Prep
n
n PARENTS =3SG
Prep
vt
vi
relpro
nprop
adj
dem
n
vi TO.GO.TO....
vt
n
nprop
vt ACTIVE.VOICE
adj
n =3SG
vt PAS.TR =3SG
n PARENTS =3SG
vt REPEATEDLY
vt
dem
clf
Prep
n
Prep
adj
n CHARACTERSTIC.OF CHARACTERSTIC.OF
Prep AFTER
vt TRANS POLITE.IMPERATIVE
Prep
vt ACTIVE.VOICE
vt
v
n
n
n
Conj
Prep TOWARD.(A.PERSON)
Prep
n =THE
Conj
prt
adv
Conj
vt CAUSATIVE CAUSATIVE
Conj
vi TO.DO....
n
n
Conj
adv
n
vi TO.HAVE....
pro =3SG
vi
n
Conj
adv
n MEASURE.NOMINALIZER
Conj
vt TRULY
adv
n PERSON.WHO.DOES....
Prep
adv
distrnum
prt
Conj
relpro
nprop PENGULU.MUDE
vi
n HAVING.TO.DO.WITH... HAVING.TO.DO.WITH... =3SG
adj
pro
Prep
adv
Prep
relpro
nprop
n
adv
n
n
cop
n
Prep
Conj
n BOY
dem
existmrkr
existmrkr
n =3SG
Conj
n
Conj
adv
adj
adj
Prep
nprop
n BOY
vi RECIPRICAL RECIPRICAL
adj
adv
vt CAUSATIVE CAUSATIVE
n
Conj
relpro
vt
adv
n
n
pro
n RDP
dem
dem
n
adv =3SG
n
relpro
pro =3SG
dem
Prep
adj
nprop
Prep
n =THE
vt ACTIVE.VOICE =3SG
n
n
n
n
n
pro
vi =FRONTED.ELEMENT
vt
n =3SG
adv
nprop
n
dem
adj
n
Prep
n
adv
adv
n ONE
Prep
Prep
n
vt
dem
n
vt ACTIVE.VOICE
n
n
n
vt REPEATEDLY
n BOY
vt PAS.TR
n
Prep
n =THE
vi ACTIVE.VOICE
adv
adv
n
relpro
n
vt ACTIVE.VOICE
pro
dem
dem
n THE.PROCESS.OF =THE
n
Prep
n
vt PASS.TR PASS.TR
n
Prep
n
pro
n
vt
n
n
n
n =3SG
adv
dem
n
nprop
n AS.IF
vt ACTIVE.VOICE CAUSATIVE =3SG
nprop
adv
vt
relpro
n
n
Prep
adv
vi TO.HAVE....
vt ACTIVE.VOICE
n
clf
pro
Prep TOWARD.(A.PERSON)
adv
n
n
n ONE
pro
nprop
vi TO.DO....
pro YOU.(FAMILIAR)
adj
Conj
nprop
vt ACTIVE.VOICE
vt ACTIVE.VOICE
n OBJECT.OF.VERB
n
n ONE
n
nprop BRU.DINAM
vi
dem
adv
vi TO.DO.... THINK,.TO
adv
n
adv
n
n
Prep
Prep
Prep
n
nprop
relpro
n =2ND.PERSON
n RESPONSIBILITY
adv
Conj
adj
nprop BRU.DINAM
n
n
pro
nprop
n HAVING.TO.DO.WITH... HAVING.TO.DO.WITH...
vi
vt
vt REPEATEDLY
cardnum
n
Conj
n
Conj
Prep
n
nprop
n
n HAVING.TO.DO.WITH... PROCESS.OF
n
Prep
Conj
Prep
Adj
vt PAS.TR
dem
vi PAS.TR
adv
vi RECIPRICAL RECIPRICAL
n
n
n
clf
nprop
adv HAVING.THE.SAME RDP
Conj
pro
n PARENTS =THE
prt
vt PAS.TR IMPERATIVE
vt
adv
n
vi TO.DO....
vt PAS.TR
Conj
adv
vt TO.DO.... =3SG
pr
relpro
adv
relpro
adv
n
n
pro
nprop BRU.DINAM
pro
n
vi TO.DO....
adv
n
adj =3SG
adj
n OBJECT.OF.VERB
n
pro
vi ABILITATIVE
Aux
n =3SG
Prep
n =3SG
n
n QUEEN
vi TO.DO....
dem
n
relpro
n VARIETY
relpro
relpro
Conj
vi
adj
adv
n
n THAT
adv
vt
adj
n
n ONE
distrnum
adv
n PARENTS =THE
pro
pro
n
adv
n =3SG
n
adj
vt ACTIVE.VOICE
vt ACTIVE.VOICE
vt ACTIVE.VOICE
n
vi RDP
Prep
Prep
vi
n
n GIRL
n NOMINALIZER NOMINALIZER
vt PAS.TR ACTIVE.VOICE
pro WHAT
adj ONE.OF
n
n
pro
n
vi TO.HAVE....
adj
n NOMINALIZER NOMINALIZER
adv
Prep
vt PAS.TR
distrnum
n NOMINALIZER NOMINALIZER
vt
cop
n
n
vt DURATIVE? DURATIVE?
dem
n
n NOMINALIZER NOMINALIZER
Prep
vt CAUSATIVE CAUSATIVE
Conj
nprop
adj
Conj
vt ACTIVE.VOICE
vt PASS.INTR CAUSATIVE
Prep
vi TO.DO.... THINK,.TO
clf
n =1SG
adv
n
relpro
n =THE
n NOMINALIZER RECIPRICAL =3SG
Prep
Conj
n
vt TO.DO....
relpro
Prep
vi TO.HAVE....
adj
Prep
quant
relpro
n
Conj
n
vt
vt
adv
vt ACTIVE.VOICE CAUSATIVE
vi
n
dem
vi
relpro
n
dem
vt
Prep
adv
n
n
n
vt POLITE.IMPERATIVE
dem
Conj
n
n AS.IF
Prep
relpro
n
relpro
Prep
Prep
cop
pro
n
n NOMINALIZER NOMINALIZER
n
Prep
Prep
pro
vt CAUSATIVE CAUSATIVE
vt PASSIVE PASSIVE
vi TO.BE....
adv
n =1SG
adv HERE
vi
prt
adv
Prep
vt PAS.TR
vt TO.STRUGGLE
Prep
vt
adv
n
vt TO.DO....
relpro
Prep
n
pro
n
n ONE
nprop BLANGKEJEREN
Prep
Prep
vi
n
Prep
n
vt REPEATEDLY
n PARENTS =3SG
Conj
vt ACTIVE.VOICE
dem
vt TO.CAUSE.TO.BECOME... TO.CAUSE.TO.BECOME...
n
n
n
pro
n CHARACTERSTIC.OF CHARACTERSTIC.OF
n OBJECT.OF.VERB
vt TO.BE.... SUITABLE
pro
n
adv
Prep
vt =3SG
Prep
n
vi POLITE.IMPERATIVE
vt ABILITATIVE
adv
Conj
vt CAUSATIVE CAUSATIVE =3SG
adv SLOWLY
adv
Prep
pro
adj
vt
vi
vi TO.DO....
Conj
n =THE
n =1SG
nprop
adj
relpro
vt PASS.INTR PASS.INTR
n =3SG
n
n
vt PAS.TR SEMANTIC.ROLE:.PATIENT SEMANTIC.ROLE:.PATIENT
relpro
vt
n CHARACTERSTIC.OF CHARACTERSTIC.OF
n PERSON.WHO.HAS....
dem
n NOMINALIZER NOMINALIZER
vt TRAN.PAS TRAN.PAS
nprop
adv
adj
n =3SG
n
n
adj
n
vt REPEATEDLY
n
adv
Prep TOWARD.(A.PERSON)
adv ADVERBIALIZER
Conj
pro
vt PAS.TR =FRONTED.ELEMENT
Conj
dem
relpro
vt ACTIVE.VOICE
n
n
vi TO.DO....
n
vi
relpro
relpro
vt ACTIVE.VOICE
Prep
n =3SG
Conj
Prep
n
n
n
adj
n RDP
vt PAS.TR DURATIVE?
n
Adj
dem
relpro
Conj
n
adj
Conj
vt ACTIVE.VOICE DURATIVE?
prt
vt PAS.TR
n ONE
n =3SG
adj
Prep
vi
n PERSON.WHO.DOES....
Prep
vi TO.HAVE....
Prep
n
adv
n ANCESTOR
n
n
adv
adj
dem
adv
adj
adj
n VARIETY VARIETY
dem
Conj
n
relpro
vt PASS.INTR PASS.INTR
relpro
n
Conj
Conj
existmrkr
n
n
adj
adv
n
existmrkr
Conj
n
Aux
vt PAS.TR
nprop
nprop
vt ACTIVE.VOICE
dem
n
adj
n
n =3SG
vt
Conj
n
relpro
adv
n
vt PASS.INTR =3SG
nprop
adv
adj
n
vi TO.HAVE....
vi
Conj
vi PAS.TR
adv
adv
n
adv
nprop
vt PAS.TR BELIEVE,.TO
n
existmrkr
n
pro
n
n
prt
adv THERE
n NOMINALIZER TO.GO.DOWN NOMINALIZER
clf
clf
n =3SG
Prep
Prep
cop
adv
vt PASS.INTR PASS.INTR
adj
n CHARACTERSTIC.OF CHARACTERSTIC.OF
n
n
adv
Prep
pro
dem
adj
n
nprop
adj
Conj
adj
adv
n
adv
vt ACTIVE.VOICE
Conj
Conj
nprop
vi POLITE.IMPERATIVE
vt RDP
vt ACTIVE.VOICE
Conj
n
n NOMINALIZER NOMINALIZER
n
Conj
relpro
Prep
adv
adv
adj
Conj
adv
adj
adv
Conj
adv =FRONTED.ELEMENT
pro
adv
adj
Prep
clf
n
nprop
Prep
n
relpro
n QUEEN =3SG
vt TRULY
relpro
relpro
Prep
n
Conj
adv
vi =FRONTED.ELEMENT
adj
vt PAS.TR
Prep REPEATED.ACTION REPEATED.ACTION
prt
adj REDUPLICATION =3SG
n
Prep
Conj
adj
n
n PERSON.WHO.HAS....
quant
cop
Prep
adv
adv
adv
pro
pro
n
vt PAS.TR
vi TO.GO.TO....
vt REPEATEDLY =3SG
n
Prep
adv
n
adv
n NOMINALIZER NOMINALIZER
vt ACTIVE.VOICE
vt PAS.TR
Prep
vi TO.HAVE....
vt
adj
n
adj
n
n
vt PAS.TR
vi
adv
adv ABILITATIVE
pro
pro
adv
n
vi
nprop
n
adj
adv
v HAVING.THE.SAME HOW? MEASURE.NOMINALIZER
adj
vt =3SG
Prep
n
n
n =THE
distrnum
Prep TOWARD.(A.PERSON)
adj
n
Prep
vt PAS.TR =FRONTED.ELEMENT
vi =FRONTED.ELEMENT
vt
nprop
n
adv
Conj
n
nprop
relpro
cardnum
pro
pro
n PERSON.WHO.HAS....
n
n
pro
pro
vi
vt
nprop
vi
n
adv
Conj
Aux
adv
clf
Conj
vt ACTIVE.VOICE
dem
Prep
vt TO.DO....
n
pro
n
nprop
Adj
vt
n =2ND.PERSON
n
adv
vt INTENSIFIER
n
adv
Prep
n OBJECT.OF.VERB
nprop
Conj
n =3SG
adv
pro HOW?
vt TO.HAVE.... IMPERATIVE
Aux
adj
adv
vt ACTIVE.VOICE
pro
n =3SG
pro =3SG
relpro
adv
adj
n =1SG
n
existmrkr
clf
Prep
nprop
n QUEEN =THE
n OBJECT.OF.VERB
Conj
n
adv
adv
n
n
n GIRL
n =3SG
adj
Conj
vt CAN CAN
pro =3SG
vi
n PARENTS =THE
adj
dem
vi TO.DO....
adj
n
vt TRAN.PAS TRAN.PAS
vt PAS.TR
adv
existmrkr
pro
vt PAS.TR =3SG
n
pro
adv
n
pro
vi TO.HAVE.... RDP
vi
vt CAUSATIVE CAUSATIVE
vi
dem
Conj
vd ACTIVE.VOICE
pro
n
adv
n
dem
vi
vt DURATIVE? DURATIVE?
Prep
vt REPEATEDLY
n
adj
clf
vt PAS.TR
vt ACTIVE.VOICE POLITE.IMPERATIVE
vt ACTIVE.VOICE CAUSATIVE
quant
n
pro
pro
vt ABILITATIVE
n
n
nprop
dem
relpro
vi
adv
n
n
nprop BRU.DINAM
nprop
n PERSON.WHO...
vt
relpro
existmrkr
existmrkr
Conj
Prep
adv
vt PAS.TR
Prep
n
adj
vt CAN CAN
cardnum
n
adj
vi TO.HAVE.... COOPERATION
adj
pro =3SG
vi TO.HAVE.... RDP
adj
pro
Conj
adj
adv
adj
n =THE
n =THE
adv
Prep
n =THE
Prep TOWARD.(A.PERSON) =2ND.PERSON
vi TO.DO....
dem
adv
vt ACTIVE.VOICE
Conj
vi ABILITATIVE
Conj
n
adv
nprop
relpro
n
n
Prep
nprop
nprop
adv
n =THE
adv
vi
Prep
vt DURATIVE? DURATIVE?
n =3SG
nprop
vt
adj
n ONE
pro
adj
pro
Prep AS.IF
adj
dem
n
adv
adv
n OBJECT.OF.VERB
n
n NI.JAGAI
Prep
n
nprop
n
n
vt PAS.TR
adj
pro WHAT
adj
n EMPHASIS
clf
adj
adv =THE
vi =FRONTED.ELEMENT
adj
pro
vt TO.HAVE....
nprop
adv
Prep
n =3SG
Conj
relpro
adv
nprop
dem
Prep
nprop
Prep
adv
vi
adj
adj
nprop
vt CAUSATIVE CAUSATIVE
vt PASS.TR PASS.TR
n =3SG
dem
dem
Conj
vi TO.HAVE....
distrnum
n
n
adv
n
n
vt PAS.TR
relpro
pro
Conj IF
pro
Prep
v
n =1SG
Prep
Aux
v ACTIVE.VOICE
Conj
vt ACTIVE.VOICE
n
vi TO.DO....
vi
adv
vi
relpro
Prep
adv
vt PAS.TR
Conj
adj
n
relpro
adv
vi
relpro
n
vt PAS.TR IMPERATIVE =3SG
Prep AFTER
n ACTIVE.VOICE CAUSATIVE =3SG
vi
vt CAN CAN
vt PASS.TR PASS.TR =3SG
n
n NOMINALIZER TO.GO.DOWN NOMINALIZER
nprop
adv
vt ACTIVE.VOICE
vt ACTIVE.VOICE
vt INTENSIFIER INTENSIFIER
nprop BLANGKEJEREN
Conj
Conj
Prep
n
n
pro
vi TO.DO....
n
n
n
pro HOW?
adj
n NOMINALIZER NOMINALIZER
adv
vi TO.DO....
n
n
existmrkr
n
pro
n
n
n RDP
n
n
vt ACTIVE.VOICE
n
adj
vt
n
dem
pro
n OBJECT.OF.VERB
adj
vt ACTIVE.VOICE
adv
adj
adj
n
vt REDUPLICATION TO.CAUSE.TO.BE.A...
adj
vt TRAN.PAS TRAN.PAS
Conj
relpro
relpro
pro
pro
vi ABILITATIVE
n =3SG
clf
n NOMINALIZER NOMINALIZER
n
n OBJECT.OF.VERB
pro WHAT
clf
vi ABILITATIVE
pro
n =2ND.PERSON
Conj
vt CAUSATIVE CAUSATIVE
vt PAS.TR REPEATEDLY
nprop
vt BELIEVE,.TO
n
n OBJECT.OF.VERB
Conj
dem
Prep
vi
n PLURAL
n
adv
adj
adv
n
vi TO.HAVE....
Conj
dem
adv
adv
n
dem
Prep
Conj
Prep
n TO.GO.TO....
vt ACTIVE.VOICE
nprop
n
adj
n
Prep
Conj
cardnum
nprop PENGULU.MUDE
vt ACTIVE.VOICE DURATIVE?
adj
n
n PARENTS =THE
n
Prep
adj
vi
vi ABILITATIVE
relpro
vi ABILITATIVE
relpro
n OBJECT.OF.VERB
n =THE
pro =3SG
adj
Conj
n =3SG
Prep
n SOMETHING.ASSOCIATED.WITH...
Prep
Prep
dem
dem
pro
vt CAUSATIVE CAUSATIVE
clf
vi TO.HAVE....
relpro
n BOY
vi PLEASE.GO.AHEAD
n
n =2ND.PERSON
adj
Prep
n
Prep TOWARD.(A.PERSON)
Conj
Conj
vt TRANS =3SG
n
pro INTERROGATIVE
n
vi TO.HAVE....
dem
Prep
vi TO.HAVE.... RDP
vt TO.DO....
n
Conj
adv
dem
prt
n
adj
adj ONE.OF
n ATTRIBUTE
n =3SG
n =THE
Conj
adv
Prep
n =3SG
adv
vi =FRONTED.ELEMENT
nprop
n
adv
relpro
n =1SG
Conj
adj ONE.OF
n
Prep AFTER
n
clf
n
n
n =3SG
n ONE
dem
n
vt IMPERATIVE
adv
n
vt
Prep
vt ACTIVE.VOICE
n
n CRAFTSMAN
v
nprop
n
adj
adv
adv
n ONE
vt ACTIVE.VOICE
n
Prep
vi
cop
pro
Aux
n
vt ACTIVE.VOICE
pro
n
adv
pro
Prep
nprop PULAU.BIANG
n
n
n ONE
adv
vt
Prep
vt ACTIVE.VOICE DURATIVE?
n TO.BE.REGARDED.AS
pro
adj
quant
v
prt
Prep
n
n
pro HOW?
Prep
n =2ND.PERSON
Conj
Prep
adv
n
Conj
n
n
n ONE
relpro
n ONE
n
n
n
vt PAS.TR =3SG
n
vt CAUSATIVE CAUSATIVE =3SG
relpro
Prep
pro
vi
vi TO.GO.DOWN ACTIVE.VOICE TO.GO.DOWN
nprop
n
Prep
dem
relpro
n PROCESS.OF PROCESS.OF
vt ACTIVE.VOICE
v
vi
adv
n
dem
n
n
Prep
vi TO.BE....
adv
n
adv
nprop
vt
vt ACTIVE.VOICE
pro
n THE.ACT.OF.... THE.ACT.OF....
nprop
vt
n
pro
Prep
adv =THE
Conj
Prep
pro
adv
adv
n
Prep
n QUEEN
nprop
adv
n
vt IMPERATIVE
adv
relpro
adj
pro
Conj
relpro
n
vt
n HAVING.TO.DO.WITH... HAVING.TO.DO.WITH...
adv
n
adj
n PERSON.WHO.HAS....
n
pro
adv
adj
n HAVING.TO.DO.WITH... HAVING.TO.DO.WITH...
vt TO.DO
Prep
adj
Prep
pro
Conj
relpro
adj
n
n BOY
n
Prep
clf
adv
adv
vt ACTIVE.VOICE
relpro
n TO.GO.TO....
Prep
n
vt ACTIVE.VOICE
pro
nprop PULAU.BIANG
adv
adj
adv
n
n
n
vi ABILITATIVE TO.HAVE....
n =3SG
pro
pro
n
Prep
n
distrnum
n
adv
Prep TOWARD.(A.PERSON) =1SG
n
n
n =3SG
Prep
Conj
vt =3SG
Prep
n NOMINALIZER RECIPRICAL
existmrkr
vi TO.HAVE....
adv
n
n
Prep
vi ABILITATIVE
vt DURATIVE? DURATIVE?
Prep
vt
Prep
pro
n
vt PAS.TR =FRONTED.ELEMENT
vt TO.CAUSE.TO.BE.A...
prt
n
Prep
Prep AFTER
n OBJECT.OF.VERB
adj
cardnum
vt ACTIVE.VOICE =3SG
n
Conj
Conj
n =3SG
n
Prep
Prep TOWARD.(A.PERSON) =3SG
n =3SG
relpro
n
adv RDP
pro
adj
vt =3SG
n
Prep
quant
v ABILITATIVE TRANS
clf
nprop
adv
nprop
n =1SG
nprop
vt ACTIVE.VOICE
prt
vt ACTIVE.VOICE
adv
vt ACTIVE.VOICE
adv
n THE.WAY.OF... THE.WAY.OF... =THE
Prep
Prep
dem
n NOMINALIZER
n
adv
relpro
vt
adv AFTER
adv
n
n
vt
n
n RDP
dem
pro
pro
adv ONE RDP
adj =3SG
vi
adj
nprop
n
dem
n
n
Prep
nprop
pro
n
n
n
n PERSON.WHO.HAS....
adj
adv
n
n
relpro
Conj
n
vi TO.HAVE....
n
n ONE
n PERSON.WHO.DOES....
vi
Prep
Conj
relpro
nprop BRU.DINAM
vt
adj
n
vt
vi
vt REPEATEDLY TRANS
n OBJECT.OF.VERB
n
Prep
vt PASS.INTR PASS.INTR
ordnum ORDINAL
adv
relpro
n
Prep
relpro
vi TO.HAVE....
n
Prep
adv HAVING.THE.SAME
n
n
n
n
vi TO.HAVE....
adv
nprop
Conj
Prep
n
relpro
adv ONE =3SG
n
cardnum
pro
n
n PERSON.WHO.HAS....
n
Prep
nprop
vt REPEATEDLY
relpro
adv
adj
n OBJECT.OF.VERB
n ONE
n
nprop
n PERSON.WHO.HAS....
n =3SG
n
vt PAS.TR
Prep
vt
vi TO.HAVE.... HOUSEHOLD
dem
Prep
vt
vi
vi POLITE.IMPERATIVE
n BOY
pro
vt
existmrkr
distrnum
pro
n
dem
n
n
vt PAS.TR
adv
n
vi
adv
vt ACTIVE.VOICE
nprop
adv
vt PASSIVE PASSIVE
adj
nprop
vi =3SG
n THE.WAY.OF... ACTIVE.VOICE THE.WAY.OF... =2ND.PERSON
n PLURAL
adj
vt REPEATEDLY
n
pro WHAT
n
vt CAUSATIVE CAUSATIVE
adv
Prep
relpro
n
vt REPEATEDLY
adv
vt ACTIVE.VOICE
n
n
dem
relpro
vt PAS.TR
n
dem
vt ABILITATIVE
n
n
Aux
Prep
relpro
adv =3SG
vt ACTIVE.VOICE
pro
adv
dem
vt
relpro
vt ACTIVE.VOICE
adj
v
existmrkr
Conj
Prep
relpro
adj
vi TO.HAVE....
nprop
n
vi =FRONTED.ELEMENT
relpro
adj
vt TO.CAUSE.TO.BECOME... TO.CAUSE.TO.BECOME...
n
n
adv
Prep
vt =FRONTED.ELEMENT
pro
adj
Conj
dem
Prep
n REDUPLICATION
Prep
Conj
n
pro
vi ABILITATIVE TO.HAVE....
n ONE
adv
Prep
adv
nprop
n
existmrkr
n
Prep
Prep
n