V.ACY.M MO.ACY
PERS.PRO =
Det.PN =
Adv.epis
V
Prep
Det
QW
Interj
N
N
N
N
DEM.PRO
V.ACY.C2 PST.ACY ACY.C2
Det
N.Prop
Det.PN =
Det
Det
V.ACY MO.ACY
QUAN
Det
MOD
V.ADVRS.ACH
Coordconj
Subordconj
Det
ADNOM.DEM
V
Prep
Det
Coordconj
V.ISA PST.UV
Det
REFL.PRO ALONE
V.ACY DIR
PERS.PRO
N
Det
N
N
PERS.PRO =AWAK;.ENGKAU;.SAUDARA;.ANDA
Adv.loc
PERS.PRO
N
PERS.PRO
NEG
Subordconj
V.ST1
MO.ACY.M MO.ACY
PERS.PRO MEREKA
Subordconj
Det
N
V.ACY DIR
PERS.PRO =SAYA;.AKU
N
N
ADNOM.DEM
V.ACH
V.ACY
N
Subordconj
PERS.PRO
V.ACY
PERS.PRO
N
DEM.PRO
PERS.PRO
Card.Num LINKER
Det.PN =
V.ACH
DEM.PRO
PRT =
V.ABL.MOD ABILITY
Det
V.PET PET ISA.MRK.UV
PersName
V.ACY MO.ACY
N
V.ACY
PERS.PRO
MOD
Subordconj
Det
Prep
V.ISA.MRK.UV ISA.MRK.UV
N
Interj
V.ISA.AV ISA.AV
Det
PERS.PRO
Det
QW
V.ACY MO.ACY
Det
V.ACY
PERS.PRO =
Prep
Card.Num
PERS.PRO
Interj
N
REFL.PRO ALONE
V.ACL PST.ACL ACL
V.ACY MO.ACY
N
Interj
Det
Adv.temp SEKARANG
Prep
Det
V.ST1
V.ST.COG
V.ISA.AV ISA.AV
V.ST1
N
V.ACY
V.ACY TOWARD
Prep
Card.Num
Det
PERS.PRO
EX.ST EXIST
Det
Adv.temp SEKARANG
EX.ST EXIST
Coordconj
Det
PersName
V.ST1
PersName
DEM.PRO
V
N
Det.PN =
N
N
N
PersName
Adv.temp
Coordconj
PERS.PRO
Det.PN =
Det
V.ACY
N
V.ST
Det.PN =
Det
Det.PN =
Coordconj
Subordconj
Det
Subordconj
Rel
Det
@@@ HAVING.XED
PersName
DEM.PRO
REFL.PRO ALONE
N
V.ST.PER ABILITY
Adv.epis
Adv.epis
PERS.PRO =
V.ACH NPST.ACH
N
V
N
N
N
V.ST1 ATTR.ST
N
N
NEG
N
PersName
N
PERS.PRO
Adv.loc
PRT =
Det
V.ACH
PERS.PRO
V.ACY
QUAN
Adv.temp
Det
V.ACH PST.ACH
Det
V.ST1
V.ACY
PRT =
N
Det
Det
DEM.PRO
PRT =
N.Prop
N
PersName
N
PERS.PRO
Adv.epis
MO.ACY.M
V.ACY TOWARD
N
Det
N
DEM.PRO
V.ACY
Det
Coordconj
DEM.PRO
N
Det
Prep
V.ST1
Adv.epis
MO.ACY.M MO.ACY
PERS.PRO =SAYA;.AKU
N
Det
N
Subordconj
N
N
N
V.ISA.AV ISA.AV
NEG
V.ISA.AV ISA.AV
PERS.PRO
N
Det
QUAN
V.ST1
@@@ CONT
N V.>.NMLZ
NEG
Det
Subordconj
N
AUX.UV ISA.UV
V.ACY
V.ISA
Det
N
Interj
Prep
TNS
PERS.PRO
V.ACH NPST.ACH
V.ADVRS.ACH NPST.ACH V.>.ADVRS
V.ACY.C2 PST.ACY ACY.C2
V.ST1 ATTR.ST
V.ACY DIR
N
Interj
Det
PRT
N
Card.Num FOURTEEN
V.ISA.AV ISA.AV
N
N
Prep
V.ST
V.ST.COG
INDEF.PRO ALL
PERS.PRO
Subordconj
Det
Det
N
V.ACY PST.ACY MO.ACY
V.ISA.AV ISA.AV
V.ACY DIR
Adv.temp
Det
Adv.temp
PRT
Det
V.ISA.UV PST.UV
N
PERS.PRO
Det
Det.PN =
N
V.ST1 ATTR.ST
N
V.ST1
Adv.temp
N
V.ACY
Det
Prep
Det
PERS.PRO
N
V.ISA.AV ISA.AV
V.ACH NPST.ACH
V.ISA.AV ISA.AV
ADNOM.DEM
N
PERS.PRO
N
ASP
DEM.PRO
Adv.temp
V
N
Det
Det
NEG
N
V.ST1
V.ST1
N
N
QUAN
Det
V.ISA.UV PST.UV
ADV.MAN
DEM.PRO
N
N
DEM.PRO
V.ST.POSS
PRT =
Det
EX.ST EXIST
V.ISA.UV PST.UV
NEG
PERS.PRO
N
Adv.temp SEKARANG
V.ISA.UV PST.UV
N
V.ISA.AV ISA.AV
N
N
Det
PersName
AUX.UV ISA.UV
CLS.MENS
N
V.ACY MO.ACY
V.ST1
Coordconj
V.ST.POSS.denom POSS
N
V.ACY.C2 ACY.C2
NEG
V.ISA.AV ISA.AV
N
N
@@@ CONT
V
V.ISA.AV PST.AV ISA.AV
Interj TOO.BAD
Det
Det
N
Adv.temp
N
N DATE
N
V.DES.MOD DESIDERATIVE
Det
V
Adv.loc
ADV.MAN
Det.PN =
Det
V.ST2 ACY.C2
V.ST
V.ISA.AV ISA.AV
MO.ACY.M
PERS.PRO =
Det
Adv.epis
V.ST.DES
PERS.PRO
Interj
N
Det
V.ST1
Det
Det
N
V.ACY MO.ACY
N
V.ISA.AV ISA.AV
PERS.PRO
V.ISA.AV ISA.AV
V.ACH PST.ACH
V.ISA.UV ISA.UV
Card.Num
Coordconj
REFL.PRO ALONE
N
N.Prop
N
Prep
Det
V.ST1 ATTR.ST
N
N
Coordconj
PersName
Det
Det.PN =
N
N
Adv.loc
N
N
NEG
V.ISA.UV PST.ACL
V.ST.COG
V.ISA.AV ISA.AV
V.ACH
Det
V.ST1 ATTR.ST
Det
Det
PERS.PRO =SAYA;.AKU
NEG
N
N.Prop
EX.ST BIDAK;.BUKAN=
PERS.PRO =
N
PERS.PRO =
N
Det
V.ST1
DEM.PRO
N
Det
Coordconj
PersName
V.ISA.MRK.UV PST.UV
N
V.ST1
PRT =
V.ABL.MOD ABILITY
EX.ST BIDAK;.BUKAN=
Adv.epis
Det
Det
N
Det
Det.PN =
N
V.ISA.AV ISA.AV
Adv.loc
V.ST1
N
N.Prop
PERS.PRO
Adv.epis
V.ACY
Det
DEM.PRO
MO.ACY.M MO.ACY
TNS
N
Det
Adv.temp SEKARANG
Det
V.ISA.AV ISA.AV
Det
N
NEG
V.ISA.AV ISA.AV
Subordconj
Coordconj
Interj TOO.BAD
V.ISA.AV ISA.AV
Card.Num
Det
N
QUAN
PersName
@@@ CONT
Prep
Det
Subordconj
N
V.ST1
V.ISA.AV ISA.AV
N
PERS.PRO
N
N
PERS.PRO
Adv.epis
Prep
V.ISA.AV ISA.AV
DEM.PRO
V.ACY
NEG
Adv.temp
PERS.PRO
V.ISA
N
NEG
V.ACY MO.ACY
QW
V.CAUS PST.AV IMP.AV
AUX.UV ISA.UV
Coordconj
N
Coordconj
NEG
Prep
Coordconj
PERS.PRO
PersName
Subordconj
V.ISA.AV ISA.AV
V.ISA.AV ISA.AV
N
PRT =
V.PET PET
V.ST
NEG
V.ACY
PersName
Det.PN =
Adv.temp
V.ACY PST.ACY
N
Det
V
Mult.Num MULT.NUM
N
Det
Det.PN =
Det
V.ST1 ATTR.ST
MO.ACY.M
Adv.temp
N
@@@
V.ISA.AV ISA.AV
N
Det
Adv.temp SEKARANG
NEG
Prep
V
V.ACY PST.ACY ACY.C2
Adv.temp
V.ACY.M MO.ACY
N
PRT =
V.ISA.AV PST.AV ISA.AV
Prep
N
N
PRT =
V.ISA.AV ISA.AV
V.ACY.C2 ACY.C2
V.ACY.M MO.ACY
Adv.temp
Prep
N
Interj
Adv.loc
V.ISA.AV ISA.AV
V.ST
REFL.PRO ALONE
@@@
V.ST1 ATTR.ST
Adv.epis
V
V.ISA.AV ISA.AV
V.ACY.C2 PST.ACY ACY.C2
V.ISA.AV PST.AV ISA.AV
Det
N
PRT =
Coordconj
Det
PERS.PRO
Prep
V
Subordconj
PRT =
Rel
PERS.PRO
PERS.PRO =
V.ADVRS.ACH NPST.ACH V.>.ADVRS
ASP
Interj
N
Adv.epis
Det
DEM.PRO
Det.PN =
Coordconj
PRT =
Card.Num
V.ACY HAB
Adv.loc
N
V.ACY.SE ACY.SE
Det
V.ISA.AV ISA.AV
N.Prop BATU.LAYAR.DARAT
N
DEM.PRO
Det
peg-verb.temp.sub.cl HAVING.XED
PERS.PRO
V.ACY TOWARD
Subordconj
Det
MO.ACY.M MO.ACY
DEM.PRO
N
N
Det
Coordconj
Coordconj
Det
Prep
Det
V.ACY MO.ACY
V.ISA.AV
V.ACY DIR
V
V.ACY VBLZR
V.ISA.AV ISA.AV
N
Coordconj
Det.PN =
PERS.PRO =
Det.PN =
AUX.UV ISA.UV
V
Subordconj
N
PERS.PRO
Det
Interj
Det
V.ST.PER ABILITY
QW
N
Det
Coordconj
N
N
N
MOD
PersName
V.ST1 ATTR.ST
N
N
N
N.Prop
N
PERS.PRO =
Det
V.ISA.AV ISA.AV
N
Card.Num
N
ADNOM.DEM
Det
Adv.temp SEKARANG
Coordconj
Det
REFL.PRO ALONE
Det.PN =
PersName
PERS.PRO
N
NEG
TNS
QUAN SE
AUX.UV ISA.UV
N V.>.NMLZ
QUAN
V.ISA.AV ISA.AV
N
N
Prep
Det.PN =
V.ACH NPST.ACH
N.ABSTR NMLZR NMLZR
N
Det
EX.ST EXIST
Prep
DEM.PRO
Prep
V.ISA.AV ISA.AV
AUX.UV ISA.UV
V.ISA.AV ISA.AV
AUX.UV ISA.UV
NEG
N ALMARHUM.ANAK
Coordconj
N
PRT =
N
N
Adv.temp
V.ST1
N
Det
NEG
V.ISA.AV ISA.AV
MOD
QUAN
DEM.PRO
Det.PN =
Det.PN =
Prep
N
V.ACY.C2 ACY.C2
Det
V.ACY PST.ACY
N
N
N
NEG
V.ACY
Coordconj
peg-verb.temp.sub.cl
N
V.ISA.AV ISA.AV
V.ISA.AV ISA.AV
N
Coordconj
V.ISA.AV ISA.AV
Det.PN =
PersName
N
Adv.epis
N.Prop
Coordconj DI.KUMUDIAN
V.ISA.AV PST.AV ISA.AV
V.ST1 ATTR.ST
N
V.ACY DIR
N.Prop
Det
Coordconj
Prep
QW
V.ISA.UV PST.UV
PRT =
Adv.loc
N
N
V.ISA.AV ISA.AV
Det
Card.Num
Det
V.ST1 ATTR.ST
PersName
Det
V.ACY DIR
MO.ACY.M PST.ACY MO.ACY
@@@ CONT
PERS.PRO
MO.ACY.M
REFL.PRO ALONE
N
V.ISA.AV ISA.AV
PersName
Det
PERS.PRO
Det
Det.PN =
N.Prop
Det.PN =
V.ACH PST.ACH
PERS.PRO =SAYA;.AKU
V.ST1
PERS.PRO MEREKA
Det
Adv.epis
Det
V.ACH PST.ACH
Prep
PRT =
Det
V.ACY MO.ACY
V
N
V.ACY.C2 PST.ACY ACY.C2
N
Adv.loc
N
V.ST1 ATTR.ST
V.ISA.AV ISA.AV
Subordconj
PERS.PRO
V
V
Interj
Adv.epis
PERS.PRO
ADNOM.DEM
@@@
Det.PN =
Det
N
MO.ACY.M
N
V.ISA.AV ISA.AV
Prep DI.DALAM
PersName
V.ACY TOWARD
N
Card.Num
Det
@@@
V.ACY DIR
Det
N
V.ACY ITER LIHAT;.TENGOK
N
V.ACY
NEG
Det
PERS.PRO =AWAK;.ENGKAU;.SAUDARA;.ANDA
Prep
N
Coordconj
Coordconj
Adv.loc
V.ST 1ARG.ST
Subordconj
Prep
CLS.MENS SE LINKER
N.Prop
Adv.temp
N
PERS.PRO
V.ACY DIR
V.ST1
PERS.PRO
Coordconj
N
N
V.ACY
N
PERS.PRO
N
PERS.PRO =
Det
Coordconj
V.ACY DIR
QW
DEM.PRO
PersName
Det
QW
N
QUAN
NEG
Det
Det.PN =
NEG
DEM.PRO
V.ACY
Det
Coordconj
N
MO.ACY.M MO.ACY
V.ACY.M MO.ACY
Det
QUAN
PersName
N
AUX.UV ISA.UV
N
PersName
V.ISA.UV ISA.UV
PERS.PRO
V.ISA.AV ISA.AV
Det
QW
Prep
V
N
Adv.temp
Det
PERS.PRO =
Coordconj
V.ACY MO.ACY
PERS.PRO
V.ST
V
V
PERS.PRO
V.ACY.M MO.ACY
QUAN
PersName
N
Det
V.ISA.AV ISA.AV
V.ISA.AV PST.AV ISA.AV
N
N
N
N
PersName
Coordconj
PersName
QW
PERS.PRO
V.ACY.M MO.ACY
N
V.ST1 ATTR.ST
NEG
N
Coordconj
V.ISA
Det.PN =
Det
Det
V.ST1
N
V.ST1 ATTR.ST
PERS.PRO
ADV.MAN
V.ISA.UV PST.UV
V.ACY MO.ACY
N
Adv.loc
QUAN
N
V.ISA.AV ISA.AV
Card.Num
Prep
PersName
Coordconj
N
Adv.temp
Det
N
N
Card.Num FOURTEEN
Subordconj
NEG
PRT =
PERS.PRO
PRT =
N DATE
PERS.PRO =AWAK;.ENGKAU;.SAUDARA;.ANDA
Adv.epis
INDEF.PRO
DEM.PRO
N
PersName
PersName
N
N
NEG
V
Adv.temp
V.ISA.AV ISA.AV
N
N
Det
Adv.temp
PERS.PRO =
DEM.PRO
Det
Det.PN =
V.ACY.C2 PST.ACY ACY.C2
Det
V.ISA.AV PST.AV ISA.AV
Card.Num
V.ACH NPST.ACH
V.ISA.AV
V.ACY
V.ISA.AV ISA.AV
V.ISA.AV PST.AV ISA.AV
N
N
Coordconj
Prep
N
N
N
V.ISA.AV ISA.AV
N
V.ST
Det