N
@@@ =1ᴍꞮɴII
V Ʀʟ =ᴄᴏЅ =1ᴀᴜɢI
CONJ
@@@ ɴᴍʟᴢ1 ɴᴍʟᴢ.ᴘᴄꜰʟ =2ᴍꞮɴII
N
CONJ
CONJ
PREP
pro
Perspro
A-D-P2
N
N
@@@ ᴘꜰᴠ
N
RPRN
RPRN
CONJ
@@@ GᴅꞮƦ.DOWN =1ᴍꞮɴI
RPRN
N
RPRN
CONJ
N
@@@ GᴅꞮƦ.IN PᴅꞮƦ.YON =1ᴀᴜɢI
@@@ PᴅꞮƦ.HITHER =1ᴀᴜɢII
@@@ Ʀʟ =1ᴍꞮɴI
N(kxcl)
Particle
Ord ᴏƦᴅ
@@@ ꞮƦƦ =ᴄᴏЅ =3ᴀᴜɢIA
Particle
V
RPRN
PREP
RPRN
N
Particle
@@@ ꞮɴᴛЅ ᴀᴘᴘʟ
N
Particle
CONJ
PREP
RPRN
CONJ
N
nprop USA,.AMERICA
CONJ
N =1ᴍꞮɴII
Det
Particle
PREP
N
PREP
CONJ
@@@ Ʀʟ.3ᴀᴜɢ ᴍꞮᴅ =3ᴀᴜɢIS
@@@ =1ᴍꞮɴII
RPRN
Det
@@@ Ʀʟ =ᴄᴏЅ
RPRN
PN
N(kxcl)
@@@ ᴄᴀᴜЅ ᴀᴘᴘʟ .BZ(PDIR.YON)=O(1MINI)
CONJ
N
@@@ Ʀʟ ᴍꞮᴅ =ᴄᴏЅ PᴅꞮƦ.YON =3ᴍꞮɴIA
N
PREP
A-D-P2 =1ᴍꞮɴII
Particle
A-D-P2
interrog
Particle
PREP
PREP
CONJ
Ncomp
PREP
A-D-P2
Ncomp ROOSTER.TAIL
N
PREP
N
N
@@@ ɴᴇɢ ɴᴍʟᴢ1 ɴᴍʟᴢ.ᴘᴄꜰʟ =ᴄᴏЅ ONLY =1ᴀᴜɢII ɴᴇɢ
PREP
Particle
@@@ Ʀʟ ᴍꞮᴅ =ᴄᴏЅ PᴅꞮƦ.YON =3ᴍꞮɴIA
@@@ ɴᴍʟᴢ1 ᴍꞮᴅ ɴᴍʟᴢ.ᴘᴄꜰʟ =1ᴍꞮɴII
CONJ
CONJ
N
Ncomp
@@@ ᴛƦ GᴅꞮƦ.IN ɴᴍʟᴢ.ᴘᴄꜰʟ =1ᴍꞮɴII
@@@ ᴘꜰᴠ
@@@ GᴅꞮƦ.DOWN PᴅꞮƦ.HITHER
Particle
N
A-D-P2 =3ᴍꞮɴII
RPRN
Adj ᴘʟ
@@@ ɴᴇɢ ꞮƦƦ =ᴄᴏЅ ɴᴇɢ
Posspro =1ᴀᴜɢII
N
PREP
N
N
Perspro
@@@ ᴘꜰᴠ
N
N ɴᴍʟᴢ1 ᴍꞮᴅ ɴᴍʟᴢ
@@@ ᴅᴘᴠ ꞮɴᴛЅ GᴅꞮƦ.IN =1ᴀᴜɢI
Particle
PREP
RPRN
Particle
RPRN
A-D-P2 3ᴀᴜɢ1 ᴀᴘᴘʟ =3ᴀᴜɢII
@@@ ᴍꞮᴅ ᴀᴘᴘʟ =1ᴀᴜɢII
PREP
A-D-P2
Adv
C-fix-Nom
@@@ PᴅꞮƦ.HITHER
N
Det
PREP
PN
@@@ Ʀʟ UᴅꞮƦ.PATH GᴅꞮƦ.OUT
N
C-fix-Nom
N
N
V
C-fix-Nom
@@@ Ʀʟ ᴀᴘᴘʟ =ᴄᴏЅ =1ᴀᴜɢI
RPRN
PREP
PN
Perspro ᴀᴄᴄ =1ᴍꞮɴII
PREP
Perspro
N
N
@@@ ɴᴍʟᴢ1 ɴᴍʟᴢ.ᴘᴄꜰʟ =1ᴍꞮɴII
PCLF =3ᴀᴜɢII
N
PREP
@@@ PᴅꞮƦ.HITHER =3ᴍꞮɴIA
@@@ PᴅꞮƦ.YON =1ᴀᴜɢI
PREP
V
Particle
@@@
@@@ ᴘꜰᴠ
Particle
N
V ꞮƦƦ ᴍꞮᴅ ᴀᴘᴘʟ
PREP
@@@ ɴᴍʟᴢ1 ɴᴍʟᴢ.ᴘᴄꜰʟ
pro
Perspro
CONJ
Particle
N CARTON
CONJ
PREP
C-fix-Nom
RPRN
N
GEN
@@@ PᴅꞮƦ.HITHER =1ᴍꞮɴI
V =1ᴀᴜɢI
@@@ ᴄᴀᴜЅ GᴅꞮƦ.UP ᴀᴘᴘʟ
@@@ Ʀʟ ᴀᴘᴘʟ =1ᴍꞮɴII
@@@ ᴘᴀЅ ᴍꞮᴅ
N
N
NEG
N
@@@ Ʀʟ =3ᴍꞮɴIA
RPRN
PREP
Particle
N
PREP
N
N
@@@ ᴘꜰᴠ
vt Ʀʟ OUT.AWAY.FROM
N
RPRN
@@@ ᴍꞮᴅ =3ᴍꞮɴIA
PREP
CONJ
N
Adv
Particle
CONJ
PREP
@@@ ᴘꜰᴠ
PREP
@@@ Ʀʟ =ᴄᴏЅ PᴅꞮƦ.HITHER =3ᴍꞮɴIA
@@@ GᴅꞮƦ.OUT =ᴄᴏЅ 2ᴍꞮɴII
N =1ᴍꞮɴII
N
C-fix-Nom ɴᴍʟᴢ1 ɴᴍʟᴢ
CONJ
N
V PᴅꞮƦ.HITHER
V ꞮɴᴛЅ GᴅꞮƦ.DOWN =3ᴍꞮɴIS
Posspro =3ᴍꞮɴII
PN
RPRN
PN
CONJ
V ɴᴍʟᴢ1 ᴍꞮᴅ =3ᴀᴜɢIA
N
@@@ 3ᴀᴜɢ1 ꞮɴᴛЅ =3ᴀᴜɢIS
V ᴛƦ PᴅꞮƦ.YON
V
GEN
N
Particle
@@@
pro
@@@ ɴᴍʟᴢ1 =ᴄᴏЅ ɴᴍʟᴢ.ᴘᴄꜰʟ =1ᴀᴜɢII
@@@ ɴᴍʟᴢ1 ᴀᴘᴘʟ
Particle
N
@@@ ᴀᴘᴘʟ PᴅꞮƦ.HITHER =3ᴍꞮɴIS
@@@ Ʀʟ PᴅꞮƦ.HITHER
Posspro =3ᴀᴜɢII
nprop JAPAN
@@@ Ʀʟ =ᴄᴏЅ ᴀᴘᴘʟ =1ᴍꞮɴII
N
V ᴘᴀЅ PᴅꞮƦ.YON
@@@ =3ᴀᴜɢII
Posspro =3ᴍꞮɴII
@@@ 3ᴀᴜɢ1 PᴅꞮƦ.HITHER =3ᴀᴜɢIS
V
N
N
@@@ ɴᴍʟᴢ1 ɴᴍʟᴢ.ᴘᴄꜰʟ =1ᴀᴜɢII
PREP
RPRN
V GᴅꞮƦ.OUT PᴅꞮƦ.YON =3ᴍꞮɴIS
N
N
@@@ GᴅꞮƦ.OUT PᴅꞮƦ.HITHER =3ᴍꞮɴIA
PREP
PN
N
@@@ ɴᴍʟᴢ1 =ᴄᴏЅ ɴᴍʟᴢ.ᴘᴄꜰʟ =1ᴀᴜɢII
CONJ
V
NP
N
@@@ Ʀʟ ᴀᴘᴘʟ =1ᴍꞮɴII
Clause =ᴄᴏЅ
CONJ
N
@@@ 3ᴀᴜɢ1 =3ᴀᴜɢIA
Particle
N
N
V
V GᴅꞮƦ.OUT PᴅꞮƦ.YON =3ᴍꞮɴIS
@@@
pro
V FOREVER
PREP
@@@ =3ᴀᴜɢII
@@@ ᴅᴘᴠ PᴅꞮƦ.HITHER =3ᴍꞮɴIA
CONJ
@@@ ꞮƦƦ =3ᴍꞮɴIA
@@@ Ʀʟ =ᴄᴏЅ PᴅꞮƦ.HITHER =3ᴍꞮɴIA
vt ᴘᴀЅ ᴀᴘᴘʟ
N
@@@ Ʀʟ GᴅꞮƦ.UP PᴅꞮƦ.HITHER
@@@
@@@ ᴘꜰᴠ
PREP
@@@ ᴘꜰᴠ
CONJ
CONJ
CONJ
PREP
@@@ Ʀʟ
Perspro
V
@@@ ꞮɴᴛЅ =ᴄᴏЅ
N
N
V
PCLF
pro
RPRN
RPRN
@@@ ɴᴍʟᴢ1 ᴀᴘᴘʟ
CONJ
@@@ ᴘꜰᴠ
N
Particle
Perspro ᴀᴄᴄ =1ᴍꞮɴII
@@@ Ʀʟ GᴅꞮƦ.UP =ᴄᴏЅ
PREP
RPRN
@@@ Ʀʟ.3ᴀᴜɢ =ᴄᴏЅ PᴅꞮƦ.YON
PN
N =3ᴍꞮɴII
PREP
RPRN
N
@@@ ꞮƦƦ GᴅꞮƦ.IN =1ᴀᴜɢI
@@@ ɴᴍʟᴢ1 ɴᴍʟᴢ.ᴘᴄꜰʟ =3ᴀᴜɢII
CONJ
CONJ
@@@ Ʀʟ.3ᴀᴜɢ =ᴄᴏЅ
A-D-P2
V
Perspro
N
nprop JAPAN
CONJ
PN
@@@ GᴅꞮƦ.DOWN ꞮɴᴛЅ =1ᴀᴜɢI
CONJ
V Ʀʟ ᴛƦ =ᴄᴏЅ
@@@ =2ᴍꞮɴI
PREP
SUBR
N =3ᴍꞮɴII
@@@ ᴘꜰᴠ
@@@
N
N WIRE
N
V
N
N
@@@ Ʀʟ GᴅꞮƦ.IN =ᴄᴏЅ PᴅꞮƦ.YON
@@@ ɴᴍʟᴢ1 ᴠƦ
@@@ GᴅꞮƦ.IN =2ᴀᴜɢI
V
RPRN
N(kxcl)
N
@@@ ᴘꜰᴠ
pro
@@@ ᴘꜰᴠ
Posspro
@@@ 3ᴀᴜɢ1 ᴛƦ GᴅꞮƦ.OUT PᴅꞮƦ.HITHER =3ᴀᴜɢIA
@@@ =3ᴀᴜɢII
@@@ ꞮƦƦ PᴅꞮƦ.HITHER =1ᴍꞮɴI
V GᴅꞮƦ.OUT PᴅꞮƦ.HITHER
PREP
CONJ
PREP
Ncomp
N
PREP
Posspro
PCLF
Perspro
@@@
N
A-D-P2
N ꞮɴᴛЅ
PN
@@@ GᴅꞮƦ.IN =1ᴀᴜɢI
@@@ PᴅꞮƦ.HITHER =3ᴍꞮɴIA
@@@
N
@@@ .BZ(PDIR.YON)=O(1MINI)
N
Adv
@@@ PᴅꞮƦ.YON =3ᴍꞮɴIA
N
V ᴘᴀЅ ᴍꞮᴅ PᴅꞮƦ.YON
@@@ 3ᴀᴜɢ1 =3ᴀᴜɢIA
A-D-P2
PN
@@@ Ʀʟ =ᴄᴏЅ =1ᴀᴜɢI
RPRN
CONJ
Particle
CONJ
CONJ
N
N =3ᴀᴜɢII
A-D-P2 =3ᴀᴜɢII
A-D-P2 =3ᴍꞮɴII
N
N
@@@ Ʀʟ =ᴄᴏЅ PᴅꞮƦ.HITHER =1ᴍꞮɴI.ᴄᴍʙ
RPRN
Perspro
Ord ᴏƦᴅ
CONJ
@@@ Ʀʟ.3ᴀᴜɢ PᴅꞮƦ.HITHER
@@@ =1ᴍꞮɴII
N
Particle
N =3ᴀᴜɢII
@@@ ɴᴍʟᴢ1 ɴᴍʟᴢ.ᴘᴄꜰʟ PᴅꞮƦ.HITHER =3ᴍꞮɴIA
CONJ
N
N =3ᴍꞮɴII
@@@ =1ᴍꞮɴI
A-D-P2 =1ᴍꞮɴII
Particle
CONJ
@@@ Ʀʟ =ᴄᴏЅ PᴅꞮƦ.HITHER =3ᴍꞮɴIS
nprop JAPAN
CONJ
@@@ ᴘᴀЅ ᴄᴀᴜЅ ᴀᴘᴘʟ PᴅꞮƦ.YON
V
@@@ ɴᴍʟᴢ1 ꞮɴᴛЅ =3ᴀᴜɢIS
RPRN
nprop
@@@ ᴀᴘᴘʟ =3ᴍꞮɴII
V
PREP
RPRN
N
@@@ 3ᴀᴜɢ1 =3ᴀᴜɢIA
N
Perspro ᴀᴄᴄ =1ᴍꞮɴII
@@@ Ʀʟ ᴍꞮᴅ =ᴄᴏЅ PᴅꞮƦ.YON =3ᴍꞮɴIA
V
Det
@@@ 3ᴀᴜɢ1 =3ᴀᴜɢIA
@@@
Det
Particle
N ɴᴍʟᴢ1 GᴅꞮƦ.IN PᴅꞮƦ.HITHER =3ᴀᴜɢIA
N
Perspro
Particle
Adv
nprop JAPAN
CONJ
@@@ 3ᴀᴜɢ1 =3ᴀᴜɢIA
Det
V
PREP
@@@ Ʀʟ
CONJ
@@@ ꞮƦƦ ᴄᴀᴜЅ GᴅꞮƦ.IN PᴅꞮƦ.YON =12ᴀᴜɢI
PN
N
pro
N
Particle
N
@@@ ᴘꜰᴠ
PREP
@@@ PᴅꞮƦ.YON
PREP
N
Particle
PREP
PREP
N
@@@ ɴᴍʟᴢ1 ɴᴍʟᴢ.ᴘᴄꜰʟ =3ᴍꞮɴII
RPRN
RPRN
@@@ Ʀʟ =1ᴍꞮɴI
Particle
PREP
@@@ ᴍꞮᴅ =3ᴍꞮɴIA
PN
N
@@@ 3ᴀᴜɢ1 GᴅꞮƦ.OUT =3ᴀᴜɢIA
CONJ
Adj
N
@@@ ᴀᴘᴘʟ =1ᴀᴜɢII
Adj
@@@ ꞮƦƦ =1ᴀᴜɢI
@@@
Adv AFTER
N
@@@ ɴᴇɢ =3ᴍꞮɴIA ɴᴇɢ
@@@
PREP
Det
CONJ
Det
N
V ᴘᴀЅ ᴍꞮᴅ PᴅꞮƦ.YON
Particle
RPRN
@@@ .BZ(PDIR.YON)=O(1MINI)
Perspro
V
N
@@@ ꞮƦƦ
Adv
N
@@@ Ʀʟ.3ᴀᴜɢ =ᴄᴏЅ =3ᴀᴜɢIS
V 3ᴀᴜɢ1 PᴅꞮƦ.YON
@@@ Ʀʟ ᴄᴀᴜЅ =ᴄᴏЅ
N
V
Adv
Adj
Nom1 3ᴀᴜɢ1 =3ᴀᴜɢIS
@@@ =1ᴀᴜɢII ᴘʟ
N =1ᴍꞮɴII
N
N
@@@ =3ᴍꞮɴII ᴘʟ
@@@
N
CONJ
N
CONJ
N
CONJ
PREP
SUBR
RPRN
Particle
Adv
Adv
PREP
CONJ
N
N
@@@
CONJ
N
RPRN
CONJ
N
@@@ Ʀʟ =ᴄᴏЅ =1ᴍꞮɴI
V
@@@ =1ᴀᴜɢI
N
V
RPRN
@@@ GᴅꞮƦ.OUT =1ᴀᴜɢI
N
N
PN
V
@@@
@@@ ᴘꜰᴠ
@@@ ɴᴍʟᴢ1 ɴᴍʟᴢ.ᴘᴄꜰʟ =3ᴍꞮɴII
PREP
@@@ =3ᴀᴜɢII
V Ʀʟ =ᴄᴏЅ =1ᴀᴜɢI
CONJ
N
A-D-P2
RPRN
N
@@@ ᴘꜰᴠ
@@@ 3ᴀᴜɢ1
PN
Adv
@@@
@@@ ɴᴍʟᴢ1 ꞮɴᴛЅ
@@@ ɴᴍʟᴢ1 ɴᴍʟᴢ.ᴘᴄꜰʟ =3ᴀᴜɢII
@@@ ɴᴍʟᴢ1 ɴᴍʟᴢ.ᴘᴄꜰʟ PᴅꞮƦ.YON =1ᴀᴜɢI
Adv
RPRN
V =ᴄᴏЅ
CONJ
@@@ =ᴄᴏЅ PᴅꞮƦ.YON
@@@ ᴘꜰᴠ
@@@ ɴᴍʟᴢ1 ɴᴍʟᴢ.ᴘᴄꜰʟ =3ᴀᴜɢII
Adv
Adj ᴘʟ
PREP
@@@ ᴘꜰᴠ
N
Posspro =1ᴀᴜɢII
@@@ ꞮɴᴛЅ ᴀᴘᴘʟ =3ᴍꞮɴII
V
N
@@@ ꞮƦƦ UᴅꞮƦ.PATH ꞮɴᴛЅ =3ᴀᴜɢIA
@@@ =1ᴀᴜɢII
@@@ Ʀʟ.3ᴀᴜɢ FOLLOW =ᴄᴏЅ =3ᴀᴜɢIA
@@@ =1ᴍꞮɴI ᴘʟ
@@@ ᴍꞮᴅ GᴅꞮƦ.IN PᴅꞮƦ.HITHER
V Ʀʟ GᴅꞮƦ.DOWN ᴀᴘᴘʟ PᴅꞮƦ.HITHER
Adv
A-D-P2 =1ᴍꞮɴII
PREP
@@@ ɴᴍʟᴢ1 ɴᴍʟᴢ.ᴘᴄꜰʟ
Det
CONJ
N
Det
@@@ ꞮƦƦ ᴀᴘᴘʟ
@@@ Ʀʟ =ᴄᴏЅ PᴅꞮƦ.YON =3ᴍꞮɴIA
@@@ Ʀʟ ꞮɴᴛЅ ᴀᴘᴘʟ
interrog
PREP
N
@@@ ɴᴍʟᴢ1 ɴᴍʟᴢ.ᴘᴄꜰʟ
N
Particle
N
@@@
@@@ ɴᴍʟᴢ1 ᴍꞮᴅ ɴᴍʟᴢ.ᴘᴄꜰʟ =3ᴍꞮɴII
V .BZ(PDIR.YON)=O(1MINI)
Posspro =3ᴍꞮɴII
Particle
PREP
N
@@@ ᴘꜰᴠ
@@@
RPRN
@@@ GᴅꞮƦ.IN =ᴄᴏЅ =3ᴍꞮɴIS
@@@ ᴘꜰᴠ
N
V
Det
CONJ
Posspro =3ᴍꞮɴII
Adj
N
@@@ Ʀʟ.3ᴀᴜɢ =ᴄᴏЅ ᴀᴘᴘʟ PᴅꞮƦ.HITHER =3ᴀᴜɢIA
N
@@@ ꞮƦƦ ᴀᴘᴘʟ =1ᴍꞮɴII
V ɴᴇɢ =NOT.YET
N(kxcl)
Particle
C-fix-Nom
PREP
Particle
@@@ ᴘꜰᴠ
vi Ʀʟ GᴅꞮƦ.OUT ᴀᴘᴘʟ PᴅꞮƦ.HITHER
PREP
@@@ ᴘꜰᴠ
@@@ =3ᴀᴜɢIS
Det
N
pro
Posspro =3ᴀᴜɢII
interrog WHAT
CONJ
@@@ =1ᴍꞮɴII
@@@ ɴᴍʟᴢ1 GᴅꞮƦ.IN ɴᴍʟᴢ.ᴘᴄꜰʟ =3ᴍꞮɴII
@@@ =3ᴍꞮɴII ᴘʟ
CONJ
PREP
@@@ PᴅꞮƦ.YON =3ᴍꞮɴIA
RPRN
@@@ ᴘꜰᴠ
CONJ
@@@ Ʀʟ.3ᴀᴜɢ =3ᴀᴜɢIS
A-D-P2
@@@ =3ᴍꞮɴII
N =3ᴍꞮɴII
@@@ SANTA.CRUZ
N
N
@@@ ɴᴍʟᴢ1 UᴅꞮƦ.PATH GᴅꞮƦ.DOWN =3ᴀᴜɢIA
Perspro ᴀᴄᴄ =1ᴍꞮɴII
CONJ
CONJ
@@@ GᴅꞮƦ.IN =ᴄᴏЅ ᴀᴘᴘʟ
@@@ ɴᴍʟᴢ1 ɴᴍʟᴢ.ᴘᴄꜰʟ =1ᴀᴜɢII
Particle
CONJ
CONJ
@@@ ꞮƦƦ ᴄᴀᴜЅ PᴅꞮƦ.YON =3ᴀᴜɢIA
N =3ᴍꞮɴII
N
RPRN
N
CONJ
@@@ Ʀʟ GᴅꞮƦ.DOWN =ᴄᴏЅ =1ᴀᴜɢI
@@@ ᴘꜰᴠ
N
@@@ ɴᴍʟᴢ1 ɴᴍʟᴢ.ᴘᴄꜰʟ PᴅꞮƦ.YON =3ᴍꞮɴIA
PREP
@@@ PᴅꞮƦ.YON =1ᴀᴜɢI
A-D-P2 =1ᴀᴜɢII
PREP
@@@ ᴘꜰᴠ
Perspro
PREP
N
Ord ᴏƦᴅ
N
Nom1 ᴛƦ PᴅꞮƦ.HITHER =2ᴀᴜɢI
N
Adv
Posspro =3ᴍꞮɴII
A-D-P2
N
@@@ =3ᴍꞮɴII
@@@ ᴛƦ ꞮɴᴛЅ =1ᴀᴜɢI
Perspro
@@@
Posspro
interrog
@@@ GᴅꞮƦ.OUT PᴅꞮƦ.HITHER =1ᴍꞮɴI
PREP
PREP
Particle
Particle
@@@ 3ᴀᴜɢ1 PᴅꞮƦ.HITHER =3ᴀᴜɢIS
CONJ
N
Perspro =1ᴀᴜɢII
N
A-D-P2
@@@ ɴᴍʟᴢ1 ᴛƦ ɴᴍʟᴢ.ᴘᴄꜰʟ PᴅꞮƦ.YON =3ᴍꞮɴIA
@@@ Ʀʟ ᴍꞮᴅ =ᴄᴏЅ PᴅꞮƦ.YON =3ᴍꞮɴIA
N
@@@ =1ᴀᴜɢI
Adv
N
@@@ ᴍꞮᴅ PᴅꞮƦ.YON =1ᴀᴜɢI
@@@ ɴᴍʟᴢ1 ɴᴍʟᴢ.ᴘᴄꜰʟ PᴅꞮƦ.YON =3ᴀᴜɢIA
N
interrog
PREP
@@@ Ʀʟ.3ᴀᴜɢ ᴄᴀᴜЅ =ᴄᴏЅ =3ᴀᴜɢIA
N(kxcl)
@@@
@@@ Ʀʟ
N
PREP
PREP
CONJ
PREP
A-D-P2 =1ᴍꞮɴII
Det
V Ʀʟ GᴅꞮƦ.DOWN ᴀᴘᴘʟ PᴅꞮƦ.HITHER
@@@ ᴘꜰᴠ
Adv
@@@ ɴᴍʟᴢ1 ɴᴍʟᴢ.ᴘᴄꜰʟ =1ᴀᴜɢII
CONJ
N
@@@ Ʀʟ.3ᴀᴜɢ GᴅꞮƦ.DOWN =ᴄᴏЅ =3ᴀᴜɢIS
@@@ =3ᴍꞮɴII
N
CONJ
Perspro
PCLF =3ᴀᴜɢII
N
CONJ
Det
N
RPRN
@@@ UᴅꞮƦ.THROUGH GᴅꞮƦ.OUT =1ᴀᴜɢI
RPRN
N
N ɴᴍʟᴢ1 GᴅꞮƦ.UP ɴᴍʟᴢ.ᴘᴄꜰʟ =1ᴀᴜɢII
N
@@@ PᴅꞮƦ.YON =3ᴍꞮɴIA
Perspro
@@@ ɴᴍʟᴢ1 ꞮɴᴛЅ =ᴄᴏЅ
Particle
RPRN
PREP
CONJ
PREP
RPRN
CONJ
N
@@@ Ʀʟ GᴅꞮƦ.DOWN =ᴄᴏЅ =3ᴍꞮɴIS
A-D-P2
N
N
@@@ =3ᴍꞮɴII
Adv
PREP
Particle
@@@ 3ᴀᴜɢ1 =3ᴀᴜɢIA
CONJ
PREP
Particle
N(kxcl)
CONJ
PREP
@@@ ᴘꜰᴠ
N 3ᴀᴜɢ1 ᴍꞮᴅ PᴅꞮƦ.HITHER
N
A-D-P2 =3ᴍꞮɴII
Perspro
A-D-P2
N
RPRN
Particle
@@@ =1ᴍꞮɴII
@@@ GᴅꞮƦ.UP PᴅꞮƦ.HITHER =3ᴍꞮɴIA
@@@ ᴍꞮᴅ PᴅꞮƦ.YON =3ᴍꞮɴIA
@@@ ᴘꜰᴠ
RPRN
Particle
@@@ UᴅꞮƦ.THROUGH ᴛƦ =ᴄᴏЅ
N
Particle
A-D-P2
@@@ ꞮƦƦ PᴅꞮƦ.HITHER =3ᴍꞮɴIA
Particle
V ᴍꞮᴅ PᴅꞮƦ.HITHER =3ᴍꞮɴIA
@@@
@@@ =1ᴍꞮɴII
V ꞮƦƦ
A-D-P2 =2ᴍꞮɴII
nprop USA,.AMERICA
RPRN
NEG
@@@ Ʀʟ =ᴄᴏЅ
CONJ
N
PREP
N
@@@ PᴅꞮƦ.YON =3ᴍꞮɴIA
N
@@@ =1ᴍꞮɴI
N
CONJ
@@@ =1ᴀᴜɢI
N
CONJ
PREP
N
PREP
@@@ ᴘꜰᴠ
Perspro
@@@ 3ᴀᴜɢ1
CONJ
Particle
@@@ Ʀʟ ᴀᴘᴘʟ =ᴄᴏЅ
N
pro
RPRN
A-D-P2 =3ᴍꞮɴII
V
@@@
N
N
@@@ ɴᴍʟᴢ1 ɴᴍʟᴢ.ᴘᴄꜰʟ =1ᴀᴜɢII
RPRN
Adv
N
PREP
A-D-P2 =3ᴀᴜɢII
N
@@@ =3ᴀᴜɢII
C-fix-Nom ɴᴍʟᴢ1 ᴠƦ
@@@ ꞮƦƦ .BZ(PDIR.YON)=O(1MINI)
Posspro =3ᴍꞮɴII
Adv
N
V ᴍꞮᴅ
N
@@@ =ᴄᴏЅ =1ᴍꞮɴII
N
RPRN
V
@@@ Ʀʟ ᴍꞮᴅ =ᴄᴏЅ PᴅꞮƦ.YON =3ᴍꞮɴIA
@@@ Ʀʟ PᴅꞮƦ.HITHER =3ᴍꞮɴIA
CONJ
Particle
@@@ ᴘꜰᴠ
@@@ =3ᴀᴜɢII
N
PN
RPRN
Perspro
PN
CONJ
@@@ =1ᴀᴜɢI
@@@ ɴᴍʟᴢ1 ᴀᴘᴘʟ
CONJ
@@@
V 3ᴀᴜɢ1 =3ᴀᴜɢIS
@@@
RPRN
@@@ ꞮƦƦ =ᴄᴏЅ =1ᴍꞮɴI
N
@@@
PN
@@@ ɴᴍʟᴢ1 ɴᴍʟᴢ
Particle
V ꞮƦƦ =3ᴍꞮɴIS
PREP
CONJ
N
@@@ ɴᴍʟᴢ1 =ᴄᴏЅ ɴᴍʟᴢ.ᴘᴄꜰʟ PᴅꞮƦ.HITHER
@@@ Ʀʟ =ᴄᴏЅ =1ᴀᴜɢI
N(kxcl)
@@@ ɴᴇɢ ɴᴇɢ
PREP
NP(comp) TREE.FERN
@@@ PᴅꞮƦ.YON =1ᴀᴜɢI
V
Det
@@@ Ʀʟ =3ᴍꞮɴIA
V
Perspro
@@@
CONJ
@@@ ᴘꜰᴠ
Ncomp BOW.TREE
@@@ Ʀʟ .BZ(PDIR.YON)=O(1MINI)
V
@@@ Ʀʟ =ᴄᴏЅ =1ᴀᴜɢI
V Фɴᴛ.Ѕɢ
@@@ ᴘꜰᴠ
CONJ
A-D-P2
V
Det ƦᴘƦɴ2 =3ᴍꞮɴII ᴘʟ
PREP
V PᴅꞮƦ.HITHER =3ᴍꞮɴIS
Det
Ord
V
Posspro =1ᴀᴜɢII
PREP
N
@@@ =1ᴍꞮɴII
Perspro
N
CONJ
PREP
@@@ ɴᴇɢ ꞮƦƦ ɴᴇɢ
CONJ
@@@ =3ᴍꞮɴII
NEG
Vneg
N
@@@ Ʀʟ.3ᴀᴜɢ =3ᴀᴜɢIS
@@@ GᴅꞮƦ.IN PᴅꞮƦ.YON
PCLF
Perspro ᴀᴄᴄ =1ᴍꞮɴII
PREP
Adv
pro
V
N
@@@ PᴅꞮƦ.HITHER =1ᴍꞮɴI.ᴄᴍʙ
pro
N(kxcl)
N
@@@
RPRN
V ᴍꞮᴅ PᴅꞮƦ.YON
PREP
N =3ᴀᴜɢII
N
N =1ᴍꞮɴII
PREP
Adv AFTER
N
C-fix-Nom
N
V ᴍꞮᴅ PᴅꞮƦ.YON
@@@ =3ᴍꞮɴIA
@@@ 3ᴀᴜɢ1 ᴛƦ =3ᴀᴜɢIA
A-D-P2 =1ᴍꞮɴII
Adv
N
RPRN
PREP
Det
RPRN
N
@@@
PREP
RPRN
CONJ
Particle
N
@@@ Ʀʟ.3ᴀᴜɢ =3ᴀᴜɢIS
N
@@@ ᴘꜰᴠ
Det
@@@ Ʀᴇꜰʟ =1ᴀᴜɢII
Adv
CONJ
V ᴘᴀЅ ꞮɴᴛЅ PᴅꞮƦ.HITHER
PCLF
@@@ =3ᴍꞮɴII
@@@ Ʀʟ ᴍꞮᴅ =ᴄᴏЅ .BZ(PDIR.YON)=O(1MINI)
PREP
@@@ ɴᴍʟᴢ1 ɴᴍʟᴢ.ᴘᴄꜰʟ =1ᴀᴜɢII
RPRN
Posspro =3ᴀᴜɢII
@@@ Ʀʟ =ᴄᴏЅ PᴅꞮƦ.HITHER
N
N(kxcl)
Particle
N
N
PREP
RPRN
@@@ ɴᴍʟᴢ1 ᴄᴀᴜЅ ɴᴍʟᴢ.ᴘᴄꜰʟ =3ᴀᴜɢII
@@@ Ʀʟ =ᴄᴏЅ =3ᴍꞮɴIS
V
N =3ᴍꞮɴII
CONJ
N
@@@ ᴘꜰᴠ
Adv
RPRN
V ᴘᴀЅ ᴛƦ
PREP
N
RPRN
CONJ
N
Det
@@@ ᴛƦ =1ᴀᴜɢI
N
N
PREP
N
V
Particle
RPRN
Posspro =2ᴍꞮɴII
@@@ PRESIDENT
PREP
N
Adj
Posspro =3ᴍꞮɴII
NP(comp)
RPRN
N
Adv
PREP
N
CONJ
@@@ Ʀʟ.3ᴀᴜɢ =ᴄᴏЅ =3ᴀᴜɢIS
N
Det Фɴᴛ.ᴘʟ
@@@ PᴅꞮƦ.HITHER =3ᴍꞮɴIS
CONJ
N
V Ʀʟ
Adv
N
RPRN
Perspro
Det
@@@ ɴᴍʟᴢ1 ᴛƦ ɴᴍʟᴢ.ᴘᴄꜰʟ
@@@ ꞮƦƦ =3ᴍꞮɴIA
CONJ
RPRN
@@@ ꞮƦƦ PᴅꞮƦ.YON =3ᴍꞮɴIA
Particle
@@@ GᴅꞮƦ.IN PᴅꞮƦ.YON =3ᴍꞮɴIA
PREP
Perspro
@@@ ᴘꜰᴠ
DEM
SUBR
PN
Particle
RPRN
Particle
@@@
N(kxcl)
PREP
CONJ
N(kxcl)
V Ʀʟ =ᴄᴏЅ
PCLF
CONJ
RPRN
N
Particle
PREP
V
V
N
@@@ PᴅꞮƦ.HITHER =3ᴍꞮɴIA
@@@ GᴅꞮƦ.DOWN =3ᴍꞮɴIS
PREP
PN
PN
N
@@@
RPRN
Adv
PREP
@@@ MNR GᴅꞮƦ.IN =1ᴀᴜɢI
A-D-P2
N
PREP
@@@ ᴘꜰᴠ
@@@ 3ᴀᴜɢ1 =3ᴀᴜɢIS
N
PREP
N
@@@ ɴᴍʟᴢ1 ᴍꞮᴅ ᴛƦ ɴᴍʟᴢ.ᴘᴄꜰʟ .BZ(PDIR.YON)=O(1MINI)
CONJ
Posspro =1ᴀᴜɢII
N
Perspro ᴀᴄᴄ =1ᴍꞮɴII
N
Adv
N
Ncomp PRINTING.PRESS
@@@
PREP
V Ʀʟ.3ᴀᴜɢ ᴀᴘᴘʟ =ᴄᴏЅ PᴅꞮƦ.HITHER =3ᴀᴜɢIA
RPRN
@@@ ɴᴍʟᴢ1 FOREVER ɴᴍʟᴢ.ᴘᴄꜰʟ
PN
@@@ =2MINᵢ
@@@ ᴛƦ GᴅꞮƦ.DOWN PᴅꞮƦ.HITHER =1ᴀᴜɢII
N
V ꞮɴᴛЅ PᴅꞮƦ.HITHER
N
@@@ ᴘꜰᴠ
N ɴᴍʟᴢ1 ᴍꞮᴅ ᴀᴘᴘʟ
N =1ᴍꞮɴII
N
N
N
PREP
@@@ Ʀʟ =ᴄᴏЅ =1ᴍꞮɴI
V
Particle
A-D-P2
@@@ Ʀʟ =ᴄᴏЅ .BZ(PDIR.YON)=O(1MINI)
@@@ GᴅꞮƦ.DOWN =3ᴍꞮɴIA
Particle
N
@@@ ɴᴍʟᴢ1 ɴᴍʟᴢ.ᴘᴄꜰʟ =1ᴀᴜɢII
N
A-D-P2
pro
N =3ᴍꞮɴII
@@@ ᴘꜰᴠ
N(kxcl)
CONJ
@@@ =1ᴍꞮɴI
@@@ ɴᴍʟᴢ1 ɴᴍʟᴢ.ᴘᴄꜰʟ =3ᴍꞮɴII
N
@@@
N(kxcl)
N =1ᴍꞮɴII
@@@ ɴᴇɢ =3ᴍꞮɴIS ɴᴇɢ
@@@ ᴘꜰᴠ
N
@@@ ɴᴇɢ =3ᴍꞮɴIA ɴᴇɢ
Adv
@@@ ᴘꜰᴠ
V ᴍꞮᴅ PᴅꞮƦ.HITHER =3ᴍꞮɴIA
N
N
V
N
V ᴘʟ
A-D-P2
PN
PREP
PREP
RPRN
@@@ ᴘꜰᴠ
@@@ =1ᴀᴜɢII
Posspro
N
INTJ
N =3ᴀᴜɢII
Ncomp
DEM
@@@ 3ᴀᴜɢ1 =3ᴀᴜɢIA
@@@ 3ᴀᴜɢ1
@@@ Ʀʟ.3ᴀᴜɢ GᴅꞮƦ.OUT =ᴄᴏЅ =3ᴀᴜɢIS
PN
Adv
N
N
@@@ ꞮɴᴛЅ GᴅꞮƦ.OUT
PREP
N
@@@ Ʀʟ ᴍꞮᴅ ᴛƦ =ᴄᴏЅ =1ᴍꞮɴI
Perspro
CONJ
@@@ =1ᴍꞮɴI
V ᴛƦ
@@@ ᴘꜰᴠ
N
PREP
Perspro
@@@
CONJ
Adv
@@@ ɴᴍʟᴢ1 ɴᴍʟᴢ.ᴘᴄꜰʟ =3ᴍꞮɴII
Perspro
N
CONJ
V Ʀʟ ᴀᴘᴘʟ PᴅꞮƦ.HITHER
N
Adv
V Ʀʟ
@@@ 3ᴀᴜɢ1 =3ᴀᴜɢIS
Adv
@@@ ᴘꜰᴠ
@@@
N
C-fix-Nom
Adv
Posspro =1ᴀᴜɢII
pro
NP
Particle
@@@
RPRN
pro
@@@ ᴘꜰᴠ
@@@ Ʀʟ ᴄᴀᴜЅ =3ᴍꞮɴIA
N
@@@ ɴᴍʟᴢ1 ᴛƦ ɴᴍʟᴢ.ᴘᴄꜰʟ
@@@ =3ᴍꞮɴII
PREP
@@@ ɴᴇɢ =3ᴍꞮɴIA ɴᴇɢ
Perspro
CONJ
N
N
N
RPRN
N
PN
@@@ =3ᴍꞮɴII
Det
V
PREP
Adv
NEG
Particle
@@@ ɴᴍʟᴢ1 GᴅꞮƦ.OUT ɴᴍʟᴢ.ᴘᴄꜰʟ PᴅꞮƦ.YON =3ᴍꞮɴIA
Det
@@@ 3ᴀᴜɢ1
V
N
@@@ Ʀʟ.3ᴀᴜɢ GᴅꞮƦ.OUT =3ᴀᴜɢIS
CONJ
@@@ ɴᴍʟᴢ1 ɴᴍʟᴢ.ᴘᴄꜰʟ =1ᴀᴜɢII
N
@@@ Ʀʟ =ᴄᴏЅ PᴅꞮƦ.HITHER =1ᴀᴜɢII
N
PREP
@@@ =1ᴍꞮɴII
N
RPRN
@@@ =1ᴀᴜɢI
CONJ
@@@ Ʀʟ ᴀᴘᴘʟ 2ᴍꞮɴII
V
CONJ
@@@
V
GEN
pro
PN
@@@ AFTER =3ᴀᴜɢII
PN
@@@ Ʀʟ ᴍꞮᴅ =ᴄᴏЅ PᴅꞮƦ.HITHER =3ᴍꞮɴIA
N =3ᴍꞮɴII
Det Фɴᴛ.ᴘʟ
N
Adv
@@@ ᴘꜰᴠ
@@@ ɴᴇɢ Ʀʟ.3ᴀᴜɢ =ᴄᴏЅ ɴᴇɢ
N
CONJ
Ncomp
V
@@@ =1ᴍꞮɴII
N
CONJ
PREP
CONJ
Perspro
Adj
N
Perspro =1ᴀᴜɢII
PREP
N
interrog
Det
N(kxcl)
Posspro =3ᴍꞮɴII ᴘʟ
RPRN
RPRN
N
RPRN
RPRN
@@@
CONJ
A-D-P2 =1ᴍꞮɴII
RPRN
@@@ AIRPORT
RPRN
Perspro
Particle
@@@ ᴘꜰᴠ
@@@ ɴᴍʟᴢ1 =3ᴀᴜɢIS
RPRN
RPRN
N
PREP
@@@ ꞮƦƦ .BZ(PDIR.YON)=O(1MINI)
N
@@@ ɴᴍʟᴢ1 ᴍꞮᴅ ɴᴍʟᴢ.ᴘᴄꜰʟ =3ᴀᴜɢII
Adv
pro
@@@ =1ᴍꞮɴII
@@@ GᴅꞮƦ.DOWN =3ᴍꞮɴIA
V
N
N
N =3ᴍꞮɴII
N
N
@@@ =3ᴀᴜɢII
@@@
Posspro =3ᴍꞮɴII
@@@
RPRN
N
V
@@@ 3ᴀᴜɢ1 =3ᴀᴜɢIA
N
PREP
@@@ Ʀʟ =ᴄᴏЅ =1ᴀᴜɢI
@@@ SANTA.CRUZ
@@@ Ʀʟ =ᴄᴏЅ
N
PN
N
PN
@@@ =3ᴍꞮɴIS
N ɴᴍʟᴢ1 GᴅꞮƦ.IN PᴅꞮƦ.HITHER
@@@ =3ᴍꞮɴIS
INTJ
Det Фɴᴛ.ᴘʟ
V
Particle
Particle
N(kxcl)
@@@
DEM
V
N
N
N
Phrase
Posspro
CONJ
CONJ
PREP
Det
@@@ 3ᴀᴜɢ1 PᴅꞮƦ.HITHER =3ᴀᴜɢIS
Posspro =3ᴍꞮɴII
N
N
N =3ᴍꞮɴII
RPRN
N
N
N
PREP
N
RPRN
N
@@@
N
@@@ Ʀʟ =ᴄᴏЅ ᴀᴘᴘʟ PᴅꞮƦ.HITHER =3ᴍꞮɴIA
@@@ Ʀʟ.3ᴀᴜɢ ᴀᴘᴘʟ
N ɴᴍʟᴢ1 ᴀᴘᴘʟ PᴅꞮƦ.HITHER
RPRN
V
@@@ ᴀᴘᴘʟ =1ᴀᴜɢI
@@@ Ʀʟ ᴍꞮᴅ =ᴄᴏЅ PᴅꞮƦ.YON =3ᴍꞮɴIA
Det
N
PREP
@@@ Ʀʟ =12ᴍꞮɴI
N
NEG
Det
@@@ 3ᴀᴜɢ1 GᴅꞮƦ.IN =3ᴀᴜɢIA
@@@ ᴘꜰᴠ
@@@ ᴀᴘᴘʟ =1ᴀᴜɢII
@@@
PCLF =2ᴀᴜɢII ᴘʟ
N
PN ENGLAND
Particle
@@@
A-D-P2
CONJ
Det
Perspro ᴀᴄᴄ =1ᴍꞮɴII
N
N
@@@ ᴘꜰᴠ
N
Particle
@@@ PᴅꞮƦ.HITHER =3ᴍꞮɴIA
PREP
Perspro
N
N
@@@ 3ᴀᴜɢ1 GᴅꞮƦ.OUT PᴅꞮƦ.YON =3ᴀᴜɢIA
RPRN
V PᴅꞮƦ.HITHER =3ᴍꞮɴIS
Particle
Adj
@@@ =1ᴀᴜɢII
@@@ =3ᴀᴜɢII
@@@
@@@ Ʀʟ =ᴄᴏЅ =3ᴍꞮɴIS
V
PREP
@@@ =3ᴀᴜɢII
@@@ ᴘꜰᴠ
N
@@@ =3ᴍꞮɴII
Particle
N
@@@ ᴘꜰᴠ
@@@ Ʀʟ =ᴄᴏЅ =1ᴍꞮɴI
V
Perspro
@@@ =1ᴀᴜɢI
N
A-D-P2 =1ᴍꞮɴII
N(kxcl)
INTJ
RPRN
V =3ᴍꞮɴIA
N
@@@
@@@ ɴᴍʟᴢ1 ᴛƦ =3ᴀᴜɢIS
@@@ ᴘꜰᴠ
nprop
@@@ 3ᴀᴜɢ1 GᴅꞮƦ.OUT =3ᴀᴜɢIA
PN
V ꞮƦƦ =3ᴍꞮɴIS
PN
N
Det
@@@ ɴᴍʟᴢ1 ɴᴍʟᴢ.ᴘᴄꜰʟ =3ᴀᴜɢII
nprop USA,.AMERICA
PREP
PREP
RPRN
Ord ᴏƦᴅ
@@@ =1ᴍꞮɴI
Nom1 3ᴀᴜɢ1 ᴀᴘᴘʟ PᴅꞮƦ.HITHER =3ᴀᴜɢIA
@@@ Ʀʟ =ᴄᴏЅ PᴅꞮƦ.YON =3ᴍꞮɴIA
N
RPRN
@@@
@@@ ɴᴍʟᴢ1 ᴍꞮᴅ PᴅꞮƦ.YON
V
Adv
N
@@@ ᴘꜰᴠ
N
@@@ Ʀʟ =ᴄᴏЅ .BZ(PDIR.YON)=O(1MINI)
V
N
PN
PREP
N(kxcl) =3ᴍꞮɴIA
V ꞮƦƦ =ᴄᴏЅ =1ᴀᴜɢI
@@@ ɴᴍʟᴢ1 ɴᴍʟᴢ.ᴘᴄꜰʟ =1ᴀᴜɢII
@@@ ɴᴍʟᴢ1 ᴍꞮᴅ ᴀᴘᴘʟ PᴅꞮƦ.YON
V Ʀʟ =ᴄᴏЅ
@@@ ᴛƦ =ᴄᴏЅ =3ᴍꞮɴIA
N
N
V ᴠƦ
@@@ GᴅꞮƦ.IN PᴅꞮƦ.YON =3ᴍꞮɴIA
@@@ ᴛƦ =ᴄᴏЅ =3ᴍꞮɴIA
@@@ =3ᴍꞮɴIA
V
PREP
@@@ ɴᴍʟᴢ1 ᴍꞮᴅ ɴᴍʟᴢ.ᴘᴄꜰʟ PᴅꞮƦ.HITHER =3ᴍꞮɴIA
PREP
@@@ ɴᴍʟᴢ1 ɴᴍʟᴢ
@@@ ɴᴍʟᴢ1 ᴍꞮᴅ ᴅᴘᴠ ᴀᴘᴘʟ
NP NEW.YEAR
N
N(kxcl)
PCLF
@@@ PᴅꞮƦ.HITHER =3ᴍꞮɴIA
Particle
N
@@@ ᴘꜰᴠ
N
@@@ PᴅꞮƦ.YON
Particle
RPRN
PN
@@@
Det
N
@@@ Ʀʟ.3ᴀᴜɢ =ᴄᴏЅ =3ᴀᴜɢIS
pro
@@@ ᴘꜰᴠ
@@@ =1ᴀᴜɢI
PREP
@@@ Ʀʟ GᴅꞮƦ.OUT =3ᴍꞮɴIS
RPRN
Det
Particle
Adv
@@@ ɴᴍʟᴢ1 ɴᴍʟᴢ.ᴘᴄꜰʟ
N
@@@ ɴᴍʟᴢ1 =3ᴀᴜɢIA
CONJ
PREP
V
N
@@@ Ʀʟ.3ᴀᴜɢ ᴍꞮᴅ =3ᴀᴜɢIS
@@@ ɴᴍʟᴢ1 ɴᴍʟᴢ.ᴘᴄꜰʟ PᴅꞮƦ.HITHER =3ᴀᴜɢIA
@@@ GᴅꞮƦ.IN
SUBR
RPRN
@@@
CONJ
PREP
PN
CONJ
CONJ
@@@ PᴅꞮƦ.YON =3ᴍꞮɴIA
PREP
@@@ ɴᴍʟᴢ1 ɴᴍʟᴢ.ᴘᴄꜰʟ =1ᴍꞮɴII
N
CONJ
Particle
Particle
N
A-D-P2 =3ᴍꞮɴII
PREP
@@@ ꞮƦƦ ᴀᴘᴘʟ
RPRN
@@@ ꞮƦƦ PᴅꞮƦ.HITHER =1ᴀᴜɢII
Particle
N
N
@@@ ꞮƦƦ PᴅꞮƦ.YON =1ᴀᴜɢI
@@@ CAMP
N(kxcl)
@@@ ɴᴍʟᴢ1 PᴅꞮƦ.YON =3ᴀᴜɢIA
@@@ Ʀʟ =ᴄᴏЅ =3ᴍꞮɴIA
PREP
pro
@@@ AIRPORT
Particle
N =3ᴍꞮɴII
@@@ ᴘꜰᴠ
nprop USA,.AMERICA
@@@ =1ᴍꞮɴI =3ᴍꞮɴIIP
@@@
@@@ GᴅꞮƦ.DOWN PᴅꞮƦ.HITHER =2ᴀᴜɢI
@@@ Ʀʟ.3ᴀᴜɢ =ᴄᴏЅ
N =3ᴍꞮɴII
Particle
N
CONJ
N
V
@@@ ᴘꜰᴠ
Posspro =3ᴀᴜɢII
Det
PREP
N
Det
PREP
PN
Posspro
RPRN
A-D-P2 =1ᴍꞮɴII
V
@@@ ᴍꞮᴅ =3ᴍꞮɴIA
N
N
PREP
@@@
N
@@@ Ʀʟ
N
Adj
A-D-P2
CONJ
Particle
Det
RPRN
PREP
A-D-P2
N
RPRN
@@@ ɴᴍʟᴢ1 ɴᴍʟᴢ.ᴘᴄꜰʟ PᴅꞮƦ.YON =1ᴀᴜɢI
pro
PREP
Adv
@@@ ᴘꜰᴠ
@@@ Ʀʟ ᴀᴘᴘʟ PᴅꞮƦ.YON
Particle
N
Adv
N
N
PREP
@@@ ᴘꜰᴠ
CONJ
N
V Ʀʟ GᴅꞮƦ.DOWN =ᴄᴏЅ =3ᴍꞮɴIS
PREP
N
N
PREP
@@@ ᴘꜰᴠ
Det
@@@ =1ᴀᴜɢII
@@@ ɴᴇɢ =NOT.YET
CONJ
CONJ
@@@ 3ᴀᴜɢ1
CONJ
Adv
N
N
@@@ UᴅꞮƦ.PATH PᴅꞮƦ.HITHER =3ᴍꞮɴIA
@@@ ꞮƦƦ =ᴄᴏЅ
@@@
PREP
nprop JULY
PCLF =1ᴀᴜɢII
Particle
N
V Фɴᴛ.Ѕɢ
N(kxcl)
Particle
@@@ =3ᴍꞮɴIA
V
V(caus)
nprop JAPAN
N STORE
V
A-D-P2
RPRN
N
CONJ
PREP
RPRN
@@@ ɴᴇɢ ᴀᴘᴘʟ GᴅꞮƦ.DOWN =ᴄᴏЅ ɴᴇɢ
N
CONJ
CONJ
RPRN
N(kxcl)
@@@ Ʀʟ ᴄᴀᴜЅ =3ᴍꞮɴIA
Particle
pro
nprop SOCIETY
PREP
N
@@@ ꞮɴᴛЅ =1ᴀᴜɢI
@@@
RPRN
N
Perspro
@@@
N
CONJ
@@@ ᴘꜰᴠ
@@@ ᴛƦ =3ᴍꞮɴIA
@@@ WIRELESS
@@@ ᴘꜰᴠ
nprop
@@@ =2ᴀᴜɢII
pro
@@@ ᴀᴘᴘʟ PᴅꞮƦ.HITHER =3ᴍꞮɴIA
@@@
V
@@@
@@@ ɴᴍʟᴢ1 ɴᴍʟᴢ.ᴘᴄꜰʟ .BZ(PDIR.YON)=O(1MINI)
RPRN
@@@ PᴅꞮƦ.HITHER =1ᴍꞮɴI
Particle
N
PN
N =3ᴍꞮɴII
@@@ GᴅꞮƦ.OUT
PREP
Particle
PN
@@@ =1ᴍꞮɴII
Perspro
vi Ʀʟ
Posspro =3ᴀᴜɢII
N
Particle
N
PCLF
V ɴᴇɢ ᴘᴀЅ ɴᴇɢ
Perspro
Adv
pro ᴘʟ
RPRN
PREP
N
Adv
N
N
CONJ
Det
CONJ
@@@ Ʀʟ.3ᴀᴜɢ ᴍꞮᴅ =ᴄᴏЅ =3ᴀᴜɢIA
Adv
V Ʀʟ =ᴄᴏЅ
PREP
V
CONJ
@@@ ꞮƦƦ =1ᴍꞮɴI
Adv
@@@ ᴄᴀᴜЅ GᴅꞮƦ.IN PᴅꞮƦ.HITHER =1ᴀᴜɢII
N(kxcl)
@@@
N
A-D-P2
RPRN
NP
@@@
PREP
CONJ
CONJ
N
RPRN
GEN
PREP
@@@ =3ᴍꞮɴII
N
@@@ Ʀʟ ᴄᴀᴜЅ =ᴄᴏЅ =1ᴍꞮɴI
Det
N
Particle
PREP
@@@ Ʀʟ =ᴄᴏЅ =3ᴍꞮɴIA
Perspro
Perspro
CONJ
CONJ
nprop USA,.AMERICA
@@@ =3ᴀᴜɢII
@@@ ᴘꜰᴠ
PREP
@@@ PᴅꞮƦ.YON =3ᴍꞮɴIA
PREP
CONJ
PREP
Particle
@@@ ᴄᴀᴜЅ =ᴄᴏЅ =1ᴀᴜɢI
V
N
@@@
V GᴅꞮƦ.OUT =3ᴍꞮɴIS
N
Particle
GEN
Particle
CONJ
@@@ ᴘᴀЅ
@@@
CONJ
N
@@@ ᴘꜰᴠ
N
Adv
V PᴅꞮƦ.HITHER =3ᴍꞮɴIS
Perspro =1ᴀᴜɢII
N
N
@@@
@@@ Ʀʟ ᴍꞮᴅ =ᴄᴏЅ PᴅꞮƦ.HITHER =3ᴍꞮɴIA
@@@ PᴅꞮƦ.YON
Ord
N
Det
@@@ PᴅꞮƦ.YON =1ᴀᴜɢI
@@@
N
CONJ
N
V Ʀʟ =ᴄᴏЅ
PCLF
RPRN
N OFFICER
PREP
@@@ ɴᴍʟᴢ1 =ᴄᴏЅ PᴅꞮƦ.YON
N
Particle
pro
N =3ᴍꞮɴII
@@@ PᴅꞮƦ.YON =1ᴀᴜɢI
V
NP
N
@@@ =1ᴀᴜɢII
Det
RPRN
GEN
@@@ ɴᴍʟᴢ1 ɴᴍʟᴢ.ᴘᴄꜰʟ PᴅꞮƦ.HITHER =3ᴍꞮɴIA
@@@ ᴘꜰᴠ
Perspro
CONJ
PREP
@@@ =3ᴀᴜɢII
Posspro =1ᴀᴜɢII
Adv
@@@ =2ᴍꞮɴII
@@@ Ʀʟ =ᴄᴏЅ PᴅꞮƦ.YON =1ᴀᴜɢI
@@@ ɴᴍʟᴢ1 ɴᴍʟᴢ.ᴘᴄꜰʟ
@@@
N
@@@ =3ᴀᴜɢII
N =3ᴀᴜɢII
@@@
N(kxcl)
N
N
@@@
Perspro
@@@ ᴛƦ ᴘʟ
A-D-P2
@@@ ᴘꜰᴠ
N
Posspro
pro
N
@@@ ᴘꜰᴠ
N
@@@ ᴛƦ =ᴄᴏЅ =3ᴍꞮɴII
N
@@@ PᴅꞮƦ.YON =3ᴍꞮɴIA
N
CONJ
PREP
@@@ Ʀʟ =ᴄᴏЅ PᴅꞮƦ.HITHER =3ᴍꞮɴIA
pro
Ord
@@@ ᴛƦ ꞮɴᴛЅ GᴅꞮƦ.UP =1ᴍꞮɴI
CONJ
N
Adv
Nom1 3ᴀᴜɢ1 UᴅꞮƦ.PATH GᴅꞮƦ.OUT =3ᴀᴜɢIA
CONJ
N
Particle
Det
Adj
Particle
C-fix-Nom ɴᴍʟᴢ1 ᴠƦ
N
@@@ =3ᴍꞮɴII
RPRN
PREP
N
Perspro ᴀᴄᴄ =1ᴍꞮɴII
PN
@@@ ᴘꜰᴠ
CONJ
Adj
PREP
Adv
@@@ Ʀʟ
@@@ =1ᴀᴜɢII
@@@ ꞮƦƦ =2ᴀᴜɢI
@@@ ɴᴍʟᴢ1 ɴᴍʟᴢ.ᴘᴄꜰʟ =1ᴍꞮɴII
N STORE
Particle
@@@ ᴘꜰᴠ
@@@ Ʀʟ.3ᴀᴜɢ =ᴄᴏЅ ᴀᴘᴘʟ PᴅꞮƦ.HITHER =3ᴀᴜɢIA
V
PN
@@@ UᴅꞮƦ.PATH PᴅꞮƦ.HITHER =3ᴍꞮɴIA
N
N
Adv
CONJ
N
@@@
V Ʀʟ =ᴄᴏЅ PᴅꞮƦ.HITHER
V
N
N
@@@ =3ᴍꞮɴIA
PREP
Perspro
A-D-P2 =3ᴍꞮɴIIP
@@@
@@@ ᴘꜰᴠ
Particle
@@@ ᴍꞮᴅ PᴅꞮƦ.HITHER
@@@ ᴘꜰᴠ
Perspro
CONJ
CONJ
N
N
@@@ ᴘꜰᴠ
N
N
@@@
PREP
@@@ ᴘꜰᴠ
Adv
Posspro =3ᴍꞮɴII ᴘʟ
Det
@@@ ɴᴇɢ ᴀᴘᴘʟ =3ᴍꞮɴIA ɴᴇɢ
CONJ
N
@@@ ɴᴍʟᴢ1 ᴛƦ ɴᴍʟᴢ.ᴘᴄꜰʟ =3ᴍꞮɴII
N
@@@
V ᴍꞮᴅ PᴅꞮƦ.YON
PN
@@@ AIRPORT
V FOLLOW PᴅꞮƦ.HITHER
Particle
V
Ord ᴏƦᴅ
PREP
Particle
CONJ
pro =3ᴀᴜɢII
@@@ ɴᴍʟᴢ1 GᴅꞮƦ.DOWN ɴᴍʟᴢ.ᴘᴄꜰʟ PᴅꞮƦ.YON
Particle
@@@ ɴᴍʟᴢ1 ɴᴍʟᴢ.ᴘᴄꜰʟ =1ᴍꞮɴII
V
PN
N
RPRN
@@@ ᴀᴘᴘʟ .BZ(PDIR.YON)=O(1MINI)
N
RPRN
@@@ ᴘꜰᴠ
@@@ Ʀʟ.3ᴀᴜɢ =3ᴀᴜɢIA
A-D-P2
@@@ ɴᴇɢ =1ᴀᴜɢI ɴᴇɢ
@@@ ᴘꜰᴠ
PREP
PREP
NEG
@@@ ɴᴍʟᴢ1 ᴛƦ ɴᴍʟᴢ.ᴘᴄꜰʟ =3ᴍꞮɴII =3ᴀᴜɢIIP
PREP
@@@ ƦᴘƦɴ2 =3ᴀᴜɢII
@@@ Ʀʟ GᴅꞮƦ.DOWN =ᴄᴏЅ
PN
N
RPRN
RPRN
Particle
RPRN
CONJ
Posspro
CONJ
N
@@@ ꞮɴᴛЅ GᴅꞮƦ.DOWN =3ᴍꞮɴIS
@@@
@@@ =2ᴀᴜɢI
N
V Ʀʟ ᴀᴘᴘʟ PᴅꞮƦ.HITHER
Adv
V ɴᴍʟᴢ1 ɴᴍʟᴢ.ᴘᴄꜰʟ
V
N
RPRN
RPRN
N
NP
N
nprop
N
RPRN
PN SOUTHERN.CROSS
pro
Particle
Det
Det
@@@
PREP
CONJ