V.ACY.M MO.ACY
PERS.PRO =
Det.PN =
Adv.epis
V
Prep
Det
QW
Interj
N
N
N
N
DEM.PRO
V.ACY.C2 PST.ACY ACY.C2
Det
N.Prop
Det.PN =
Det
Det
V.ACY MO.ACY
QUAN
Det
MOD
V.ADVRS.ACH
Coordconj
Subordconj
Det
ADNOM.DEM
V
Prep
Det
Coordconj
V.ISA PST.UV
Det
REFL.PRO ALONE
V.ACY DIR
PERS.PRO
N
Det
N
N
PERS.PRO =AWAK;.ENGKAU;.SAUDARA;.ANDA
Adv.loc
PERS.PRO
N
PERS.PRO
NEG
Subordconj
V.ST1
MO.ACY.M MO.ACY
PERS.PRO MEREKA
Subordconj
Det
N
V.ACY DIR
PERS.PRO =SAYA;.AKU
N
N
ADNOM.DEM
V.ACH
V.ACY
N
Subordconj
PERS.PRO
V.ACY
PERS.PRO
N
DEM.PRO
PERS.PRO
Card.Num LINKER
Det.PN =
V.ACH
DEM.PRO
PRT =
V.ABL.MOD ABILITY
Det
V.PET PET ISA.MRK.UV
PersName
V.ACY MO.ACY
N
V.ACY
PERS.PRO
MOD
Subordconj
Det
Prep
V.ISA.MRK.UV ISA.MRK.UV
N
Interj
V.ISA.AV ISA.AV
Det
PERS.PRO
Det
QW
V.ACY MO.ACY
Det
V.ACY
PERS.PRO =
Prep
Card.Num
PERS.PRO
Interj
N
REFL.PRO ALONE
V.ACL PST.ACL ACL
V.ACY MO.ACY
N
Interj
Det
Adv.temp SEKARANG
Prep
Det
V.ST1
V.ST.COG
V.ISA.AV ISA.AV
V.ST1
N
V.ACY
V.ACY TOWARD
Prep
Card.Num
Det
PERS.PRO
EX.ST EXIST
Det
Adv.temp SEKARANG
EX.ST EXIST
Coordconj
Det
PersName
V.ST1
PersName
DEM.PRO
V
N
Det.PN =
N
N
N
PersName
Adv.temp
Coordconj
PERS.PRO
Det.PN =
Det
V.ACY
N
V.ST
Det.PN =
Det
Det.PN =
Coordconj
Subordconj
Det
Subordconj
Rel
Det
@@@ HAVING.XED
PersName
DEM.PRO
REFL.PRO ALONE
N
V.ST.PER ABILITY
Adv.epis
Adv.epis
PERS.PRO =
V.ACH NPST.ACH
N
V
N
N
N
V.ST1 ATTR.ST
N
N
NEG
N
PersName
N
PERS.PRO
Adv.loc
PRT =
Det
V.ACH
PERS.PRO
V.ACY
QUAN
Adv.temp
Det
V.ACH PST.ACH
Det
V.ST1
V.ACY
PRT =
N
Det
Det
DEM.PRO
PRT =
N.Prop
N
PersName
N
PERS.PRO
Adv.epis
MO.ACY.M
V.ACY TOWARD
N
Det
N
DEM.PRO
V.ACY
Det
Coordconj
DEM.PRO
N
Det
Prep
V.ST1
Adv.epis
MO.ACY.M MO.ACY
PERS.PRO =SAYA;.AKU
N
Det
N
Subordconj
N
N
N
V.ISA.AV ISA.AV
NEG
V.ISA.AV ISA.AV
PERS.PRO
N
Det
QUAN
V.ST1
@@@ CONT
N V.>.NMLZ
NEG
Det
Subordconj
N
AUX.UV ISA.UV
V.ACY
V.ISA
Det
N
Interj
Prep
TNS
PERS.PRO
V.ACH NPST.ACH
V.ADVRS.ACH NPST.ACH V.>.ADVRS
V.ACY.C2 PST.ACY ACY.C2
V.ST1 ATTR.ST
V.ACY DIR
N
Interj
Det
PRT
N
Card.Num FOURTEEN
V.ISA.AV ISA.AV
N
N
Prep
V.ST
V.ST.COG
INDEF.PRO ALL
PERS.PRO
Subordconj
Det
Det
N
V.ACY PST.ACY MO.ACY
V.ISA.AV ISA.AV
V.ACY DIR
Adv.temp
Det
Adv.temp
PRT
Det
V.ISA.UV PST.UV
N
PERS.PRO
Det
Det.PN =
N
V.ST1 ATTR.ST
N
V.ST1
Adv.temp
N
V.ACY
Det
Prep
Det
PERS.PRO
N
V.ISA.AV ISA.AV
V.ACH NPST.ACH
V.ISA.AV ISA.AV
ADNOM.DEM
N
PERS.PRO
N
ASP
DEM.PRO
Adv.temp
V
N
Det
Det
NEG
N
V.ST1
V.ST1
N
N
QUAN
Det
V.ISA.UV PST.UV
ADV.MAN
DEM.PRO
N
N
DEM.PRO
V.ST.POSS
PRT =
Det
EX.ST EXIST
V.ISA.UV PST.UV
NEG
PERS.PRO
N
Adv.temp SEKARANG
V.ISA.UV PST.UV
N
V.ISA.AV ISA.AV
N
N
Det
PersName
AUX.UV ISA.UV
CLS.MENS
N
V.ACY MO.ACY
V.ST1
Coordconj
V.ST.POSS.denom POSS
N
V.ACY.C2 ACY.C2
NEG
V.ISA.AV ISA.AV
N
N
@@@ CONT
V
V.ISA.AV PST.AV ISA.AV
Interj TOO.BAD
Det
Det
N
Adv.temp
N
N DATE
N
V.DES.MOD DESIDERATIVE
Det
V
Adv.loc
ADV.MAN
Det.PN =
Det
V.ST2 ACY.C2
V.ST
V.ISA.AV ISA.AV
MO.ACY.M
PERS.PRO =
Det
Adv.epis
V.ST.DES
PERS.PRO
Interj
N
Det
V.ST1
Det
Det
N
V.ACY MO.ACY
N
V.ISA.AV ISA.AV
PERS.PRO
V.ISA.AV ISA.AV
V.ACH PST.ACH
V.ISA.UV ISA.UV
Card.Num
Coordconj
REFL.PRO ALONE
N
N.Prop
N
Prep
Det
V.ST1 ATTR.ST
N
N
Coordconj
PersName
Det
Det.PN =
N
N
Adv.loc
N
N
NEG
V.ISA.UV PST.ACL
V.ST.COG
V.ISA.AV ISA.AV
V.ACH
Det
V.ST1 ATTR.ST
Det
Det
PERS.PRO =SAYA;.AKU
NEG
N
N.Prop
EX.ST BIDAK;.BUKAN=
PERS.PRO =
N
PERS.PRO =
N
Det
V.ST1
DEM.PRO
N
Det
Coordconj
PersName
V.ISA.MRK.UV PST.UV
N
V.ST1
PRT =
V.ABL.MOD ABILITY
EX.ST BIDAK;.BUKAN=
Adv.epis
Det
Det
N
Det
Det.PN =
N
V.ISA.AV ISA.AV
Adv.loc
V.ST1
N
N.Prop
PERS.PRO
Adv.epis
V.ACY
Det
DEM.PRO
MO.ACY.M MO.ACY
TNS
N
Det
Adv.temp SEKARANG
Det
V.ISA.AV ISA.AV
Det
N
NEG
V.ISA.AV ISA.AV
Subordconj
Coordconj
Interj TOO.BAD
V.ISA.AV ISA.AV
Card.Num
Det
N
QUAN
PersName
@@@ CONT
Prep
Det
Subordconj
N
V.ST1
V.ISA.AV ISA.AV
N
PERS.PRO
N
N
PERS.PRO
Adv.epis
Prep
V.ISA.AV ISA.AV
DEM.PRO
V.ACY
NEG
Adv.temp
PERS.PRO
V.ISA
N
NEG
V.ACY MO.ACY
QW
V.CAUS PST.AV IMP.AV
AUX.UV ISA.UV
Coordconj
N
Coordconj
NEG
Prep
Coordconj
PERS.PRO
PersName
Subordconj
V.ISA.AV ISA.AV
V.ISA.AV ISA.AV
N
PRT =
V.PET PET
V.ST
NEG
V.ACY
PersName
Det.PN =
Adv.temp
V.ACY PST.ACY
N
Det
V
Mult.Num MULT.NUM
N
Det
Det.PN =
Det
V.ST1 ATTR.ST
MO.ACY.M
Adv.temp
N
@@@
V.ISA.AV ISA.AV
N
Det
Adv.temp SEKARANG
NEG
Prep
V
V.ACY PST.ACY ACY.C2
Adv.temp
V.ACY.M MO.ACY
N
PRT =
V.ISA.AV PST.AV ISA.AV
Prep
N
N
PRT =
V.ISA.AV ISA.AV
V.ACY.C2 ACY.C2
V.ACY.M MO.ACY
Adv.temp
Prep
N
Interj
Adv.loc
V.ISA.AV ISA.AV
V.ST
REFL.PRO ALONE
@@@
V.ST1 ATTR.ST
Adv.epis
V
V.ISA.AV ISA.AV
V.ACY.C2 PST.ACY ACY.C2
V.ISA.AV PST.AV ISA.AV
Det
N
PRT =
Coordconj
Det
PERS.PRO
Prep
V
Subordconj
PRT =
Rel
PERS.PRO
PERS.PRO =
V.ADVRS.ACH NPST.ACH V.>.ADVRS
ASP
Interj
N
Adv.epis
Det
DEM.PRO
Det.PN =
Coordconj
PRT =
Card.Num
V.ACY HAB
Adv.loc
N
V.ACY.SE ACY.SE
Det
V.ISA.AV ISA.AV
N.Prop BATU.LAYAR.DARAT
N
DEM.PRO
Det
peg-verb.temp.sub.cl HAVING.XED
PERS.PRO
V.ACY TOWARD
Subordconj
Det
MO.ACY.M MO.ACY
DEM.PRO
N
N
Det
Coordconj
Coordconj
Det
Prep
Det
V.ACY MO.ACY
V.ISA.AV
V.ACY DIR
V
V.ACY VBLZR
V.ISA.AV ISA.AV
N
Coordconj
Det.PN =
PERS.PRO =
Det.PN =
AUX.UV ISA.UV
V
Subordconj
N
PERS.PRO
Det
Interj
Det
V.ST.PER ABILITY
QW
N
Det
Coordconj
N
N
N
MOD
PersName
V.ST1 ATTR.ST
N
N
N
N.Prop
N
PERS.PRO =
Det
V.ISA.AV ISA.AV
N
Card.Num
N
ADNOM.DEM
Det
Adv.temp SEKARANG
Coordconj
Det
REFL.PRO ALONE
Det.PN =
PersName
PERS.PRO
N
NEG
TNS
QUAN SE
AUX.UV ISA.UV
N V.>.NMLZ
QUAN
V.ISA.AV ISA.AV
N
N
Prep
Det.PN =
V.ACH NPST.ACH
N.ABSTR NMLZR NMLZR
N
Det
EX.ST EXIST
Prep
DEM.PRO
Prep
V.ISA.AV ISA.AV
AUX.UV ISA.UV
V.ISA.AV ISA.AV
AUX.UV ISA.UV
NEG
N ALMARHUM.ANAK
Coordconj
N
PRT =
N
N
Adv.temp
V.ST1
N
Det
NEG
V.ISA.AV ISA.AV
MOD
QUAN
DEM.PRO
Det.PN =
Det.PN =
Prep
N
V.ACY.C2 ACY.C2
Det
V.ACY PST.ACY
N
N
N
NEG
V.ACY
Coordconj
peg-verb.temp.sub.cl
N
V.ISA.AV ISA.AV
V.ISA.AV ISA.AV
N
Coordconj
V.ISA.AV ISA.AV
Det.PN =
PersName
N
Adv.epis
N.Prop
Coordconj DI.KUMUDIAN
V.ISA.AV PST.AV ISA.AV
V.ST1 ATTR.ST
N
V.ACY DIR
N.Prop
Det
Coordconj
Prep
QW
V.ISA.UV PST.UV
PRT =
Adv.loc
N
N
V.ISA.AV ISA.AV
Det
Card.Num
Det
V.ST1 ATTR.ST
PersName
Det
V.ACY DIR
MO.ACY.M PST.ACY MO.ACY
@@@ CONT
PERS.PRO
MO.ACY.M
REFL.PRO ALONE
N
V.ISA.AV ISA.AV
PersName
Det
PERS.PRO
Det
Det.PN =
N.Prop
Det.PN =
V.ACH PST.ACH
PERS.PRO =SAYA;.AKU
V.ST1
PERS.PRO MEREKA
Det
Adv.epis
Det
V.ACH PST.ACH
Prep
PRT =
Det
V.ACY MO.ACY
V
N
V.ACY.C2 PST.ACY ACY.C2
N
Adv.loc
N
V.ST1 ATTR.ST
V.ISA.AV ISA.AV
Subordconj
PERS.PRO
V
V
Interj
Adv.epis
PERS.PRO
ADNOM.DEM
@@@
Det.PN =
Det
N
MO.ACY.M
N
V.ISA.AV ISA.AV
Prep DI.DALAM
PersName
V.ACY TOWARD
N
Card.Num
Det
@@@
V.ACY DIR
Det
N
V.ACY ITER LIHAT;.TENGOK
N
V.ACY
NEG
Det
PERS.PRO =AWAK;.ENGKAU;.SAUDARA;.ANDA
Prep
N
Coordconj
Coordconj
Adv.loc
V.ST 1ARG.ST
Subordconj
Prep
CLS.MENS SE LINKER
N.Prop
Adv.temp
N
PERS.PRO
V.ACY DIR
V.ST1
PERS.PRO
Coordconj
N
N
V.ACY
N
PERS.PRO
N
PERS.PRO =
Det
Coordconj
V.ACY DIR
QW
DEM.PRO
PersName
Det
QW
N
QUAN
NEG
Det
Det.PN =
NEG
DEM.PRO
V.ACY
Det
Coordconj
N
MO.ACY.M MO.ACY
V.ACY.M MO.ACY
Det
QUAN
PersName
N
AUX.UV ISA.UV
N
PersName
V.ISA.UV ISA.UV
PERS.PRO
V.ISA.AV ISA.AV
Det
QW
Prep
V
N
Adv.temp
Det
PERS.PRO =
Coordconj
V.ACY MO.ACY
PERS.PRO
V.ST
V
V
PERS.PRO
V.ACY.M MO.ACY
QUAN
PersName
N
Det
V.ISA.AV ISA.AV
V.ISA.AV PST.AV ISA.AV
N
N
N
N
PersName
Coordconj
PersName
QW
PERS.PRO
V.ACY.M MO.ACY
N
V.ST1 ATTR.ST
NEG
N
Coordconj
V.ISA
Det.PN =
Det
Det
V.ST1
N
V.ST1 ATTR.ST
PERS.PRO
ADV.MAN
V.ISA.UV PST.UV
V.ACY MO.ACY
N
Adv.loc
QUAN
N
V.ISA.AV ISA.AV
Card.Num
Prep
PersName
Coordconj
N
Adv.temp
Det
N
N
Card.Num FOURTEEN
Subordconj
NEG
PRT =
PERS.PRO
PRT =
N DATE
PERS.PRO =AWAK;.ENGKAU;.SAUDARA;.ANDA
Adv.epis
INDEF.PRO
DEM.PRO
N
PersName
PersName
N
N
NEG
V
Adv.temp
V.ISA.AV ISA.AV
N
N
Det
Adv.temp
PERS.PRO =
DEM.PRO
Det
Det.PN =
V.ACY.C2 PST.ACY ACY.C2
Det
V.ISA.AV PST.AV ISA.AV
Card.Num
V.ACH NPST.ACH
V.ISA.AV
V.ACY
V.ISA.AV ISA.AV
V.ISA.AV PST.AV ISA.AV
N
N
Coordconj
Prep
N
N
N
V.ISA.AV ISA.AV
N
V.ST
Det
N
N
Subordconj
N
EX.ST BIDAK;.BUKAN=
Prep
V.ACL PST.ACL ACL
Det
EX.ST EXIST
NEG
PERS.PRO
MO.ACY.M
QW
Prep
MO.ACY.M
Card.Num
N.Prop
V.ST1 ATTR.ST
DEM.PRO
PRT
Det
Prep
V.ISA.AV ISA.AV
V.ACY
V.ISA.AV ISA.AV
N
V.ACY
QW
PERS.PRO
Adv.temp
@@@
Prep DI.ATAS
N.Prop
N
V.ACY MO.ACY
ASP
V.ISA.AV ISA.AV
PRT =
DEM.PRO
Adv.temp
N
Card.Num
N
N.Prop
V.ISA.AV ISA.AV
V.ISA.UV
MO.ACY.M MO.ACY
N
Det
V.ACH PST.ACH
CLF SE LINKER
N
DEM.PRO
V.ACH NPST.ACH
MOD
N
Det
V.ACY
Adv.epis
Interj
N
PersName
V.ACY.C2 PST.ACY
N
N
Card.Num
QW
N
N
QUAN
N
INDEF.PRO
PERS.PRO
Det
N
Det
Interj
Det
Adv.temp
NEG
V.ACY
EX.ST EXIST
V
Det
PERS.PRO
N
QW
N
V.ISA.MRK.UV PST.UV
N
PERS.PRO
Coordconj
DEM.PRO
Det
Coordconj
Card.Num
V.ACY DIR
V.ST1
QUAN
ASP
Det
N
Adv.epis
Det
V.ACY VBLZR
Card.Num
Det
N
PERS.PRO =
V
Adv.temp
peg-verb.temp.sub.cl HAVING.XED
N
V.ACY ISA.AV ISA.AV
N
PRT =
N
Coordconj
PERS.PRO
N
Adv.temp SEKARANG
V.ST.POSS BIDAK;.BUKAN=
PERS.PRO
Adv.epis
V.ISA.AV ISA.AV
N.Prop
Subordconj
N
V.ISA.AV
PersName
Adv.temp
Det
N
N
Prep
Prep
V.CAUS.AV NPST.CAUS.AV ISA.AV
QUAN
V.ST
N
@@@ CONT
V
N
Det
V.ST1 ATTR.ST
N
V.ST1
V.ACY
N
REFL.PRO THEMSELVES
PERS.PRO
PersName
Adv.epis
QW
DEM.PRO
Det
MO.ACY.PATH DIR
N
Det
Det
NEG
V.ACY MO.ACY
Det
V.ISA.AV IMP.AV ISA.AV
V.ACY MO.ACY
PRT =
N
Det
V.ISA.AV PST.AV ISA.AV
QUAN SE
Det.PN =
V.ACY
Det
N
N
Det
Subordconj
Subordconj
Det
V.ISA.AV ISA.AV
NEG
Det.PN =
Interj
MO.ACY.M PST.ACY MO.ACY
Det
Adv.epis
EX.ST EXIST
PERS.PRO =AWAK;.ENGKAU;.SAUDARA;.ANDA
N
PersName
Det
peg-verb.temp.sub.cl
N
V.ISA.UV PST.UV
NEG
Det
Det.PN =
N
N
N
V.ACY.C2 ISA.AV ACY.C2
N
Det.PN =
Det
N
N
Det
N
EX.ST EXIST
Det.PN =
V.ACY PST.ACY
N
PRT =
REFL.PRO ALONE
N
N
V.ACY MO.ACY
PERS.PRO
Adv.loc
V.ST1 ATTR.ST
Det
Det.PN =
Adv.loc
PersName
PERS.PRO
@@@ CONT
V.ISA.AV ISA.AV
Interj
Det
DEM.PRO
N
Coordconj
V.ISA.AV ISA.AV
N
N
V.ISA.AV PST.AV ISA.AV
V.ISA.AV ISA.AV
Prep
N
N
Adv.epis
V.ISA.AV ISA.AV
Det
N
Det
V.ISA.AV ISA.AV
PERS.PRO
Prep
V.ISA.AV ISA.AV
Interj
V.ISA.AV ISA.AV
Det
V.DES.MOD DESIDERATIVE
DEM.PRO
V.ST1
NP BULAN.NOVEMBER
N
V.ISA.AV ISA.AV
Coordconj
N
V.ISA.AV ISA.AV
DEM.PRO
N.Prop
REFL.PRO ALONE
Adv.epis
PersName
PERS.PRO =AWAK;.ENGKAU;.SAUDARA;.ANDA
NEG
Card.Num
@@@ CONT
Card.Num
V.ISA.AV CAUS.AV ISA.AV
V.PET PET
PersName
N
PERS.PRO
V.ISA.AV ISA.AV
Det.PN =
PERS.PRO
Prep
V.ST1 ATTR.ST
V.ACY
V.ISA.AV PST.AV ISA.AV
Det.PN =
Det
Det
QUAN
Adv.epis
REFL.PRO OURSELVES
Adv.loc
V.ISA.AV ISA.AV
MO.ACY.M PST.ACY MO.ACY
Det
Coordconj
Det.PN =
Adv.temp
Prep
PERS.PRO =
V.CAUS PST.UV CAUS.AV
MOD
V
V.ISA.AV ISA.AV
N
Interj
N
Det.PN =
Adv.temp SEKARANG
V.ISA.AV ISA.AV
N
V.ACH PST.ACH
V.ISA.AV ISA.AV
NEG
N
Det
Det.PN =
Det
Prep
N
V.PET PET
N
Subordconj
N
N
Prep
N
Card.Num
V.ACY DIR
V.ISA.AV PST.AV ISA.AV
V.ST1
Det.PN =
TNS BELUM;.BELUM.LAGI;.
V.ISA.AV PST.AV ISA.AV
N.Prop
Prep
PersName
Adv.temp SEKARANG
V.ISA.AV ISA.AV
MO.ACY.M
N
N
V.ST1 ATTR.ST
V.ACY DIR
Det
PRT
N
Det
QUAN
Subordconj
REFL.PRO ALONE
Det
N
V.ACY.M MO.ACY
N
PersName
Coordconj
V.ST.COG
Det
N
N
N
Adv.loc
Det
Det
PERS.PRO
N
Det
N
N.Prop
V.ISA.AV ISA.AV
N
Det
Subordconj
V.ACY.C2 PST.ACY ACY.C2
N
V.ST1
Subordconj
V.ST
Adv
V.ACY ACY.C2
V.ISA.AV CAUS.AV ISA.AV
V.ACH
PERS.PRO
N
V.ISA.UV PST.UV
PRT
MO.ACY.M PST.ACY MO.ACY
Det
Coordconj
N.Prop
Coordconj
Card.Num
N BALAI.RAYA,.BALAI.KOTA
N.Prop
V.ISA.AV PST.AV ISA.AV
Adv.epis
N
Adv.epis
N
MO.ACY.M
N
V.ACH NPST.ACH
NEG
QW
PERS.PRO
N
PERS.PRO
N
V.ISA.AV PST.AV ISA.AV
NEG
N
N
N
Det.PN =
V.ACY
PERS.PRO
N
Coordconj
QW
N.Prop
Det.PN =
V.ISA.UV PST.UV
Det.PN =
NEG
@@@
PERS.PRO
PERS.PRO
N
Det
Det
N
N
N
PERS.PRO
V.ACY MO.ACY
Coordconj
DEM.PRO
V.ST1
Adv.temp
V
N
PersName
MO.ACY.M PST.ACY MO.ACY
INDEF.PRO ALL
MO.ACY.M
N
Det
PERS.PRO
Det
Det
V.ACY MO.ACY
PERS.PRO
Det
@@@ PST.ACY ISA.AV
Coordconj
V.ACH NPST.ACH
PersName
V.ISA.AV ISA.AV
PERS.PRO
V.ACY.M
N
DEM.PRO
Det
peg-verb.temp.sub.cl HAVING.XED
N
V.ST.DES
N
V.ISA.AV ISA.AV
PERS.PRO
Det
V.ACY
V.ISA.UV PST.UV
PRT =
Det
PERS.PRO
V.ACY MO.ACY
QW
Prep
N
V
PERS.PRO
Mult.Num MULT.NUM
PersName
Adv.epis
NEG
Subordconj
Subordconj
N BALAI.RAYA,.BALAI.KOTA
N
Prep
PERS.PRO
Det
Det
Interj
Coordconj
N.Prop
Det
Coordconj
Adv.temp SEKARANG
Det
Adv.epis
NEG
V.ISA.AV ISA.AV
QW
PersName
V.ISA.AV ISA.AV
Adv.loc
N
V.ISA.AV PST.AV ISA.AV
Det
ADNOM.DEM
V.ISA.AV ISA.AV
V.ST
V.PET PET
N
Adv.loc
ADNOM.DEM
Adv.temp
PERS.PRO
V.ACH PST.ACH
V.ADVRS.ACH PST.ACH V.>.ADVRS
N.Prop
N
Det
V.ACH PST.ACH
REFL.PRO MYSELF
N
DEM.PRO
Coordconj
V.ISA.AV ISA.AV
Det
PERS.PRO
PRT =
V.ISA.AV ISA.AV
V.ISA.MRK.UV PST.UV
NEG
PRT =
Det
N
Det
DEM.PRO
PERS.PRO
NP KETUA.KAMPUNG,.KEPALA.DESA
PERS.PRO =SAYA;.AKU
V.ACY.C2 PST.ACY ACY.C2
Det.PN =
Det
Det.PN =
Det.PN =
V.ISA.AV ISA.AV
N
N
Prep
Coordconj
N
NEG
V.ACY
Interj
V.ACY.C2 PST.ACY ACY.C2
Adv.loc
Mult.Num MULT.NUM
N
ASP
MO.ACY.M MO.ACY
V.ACY PST.ACY
Det
V
V.ACY
PersName
PERS.PRO
Det
N
N
V.ST1 ATTR.ST
PERS.PRO =
N
PERS.PRO
PERS.PRO =
Adv.epis
Det
Adv.epis
V.ISA.AV ISA.AV
Adv.epis
V.ISA.AV ISA.AV
Coordconj
MOD
Adv.epis
Det
V.INSTRV INSTRV
MOD
Det
N
EX.ST EXIST
V.CAUS.UV PST.UV CAUS.AV ISA.UV
N
Det
Coordconj
N
Det
Det
DEM.PRO
V.PET PET
V.ACY
PERS.PRO
EX.ST EXIST
N
N
V.ACY MO.ACY
V.ISA.UV ISA.UV
V.ISA.AV ISA.AV
PERS.PRO
V.ISA.AV ISA.AV
PERS.PRO
V.ISA.AV ISA.AV
V.CAUS.AV NPST.CAUS.AV ISA.AV
Adv.epis
Coordconj
N
N
V.ST1
N
Subordconj
Det
Prep
QUAN
PRT =
V.ACY DIR
QUAN
Prep
N
ADV.MAN BIMBANG
PERS.PRO
V.ISA.AV ISA.AV
Subordconj
N
NEG
PersName
Prep
ASP
Det
Det
V.ACY
Det
V.ACY.M MO.ACY
N
N
DEM.PRO
Subordconj
V.ACY
N
V.ACY
Det
EX.ST EXIST
Prep
Adv.temp
Prep
Det
PERS.PRO
Det
Card.Num
V.ST.PER ABILITY
DEM.PRO
PersName
Coordconj
PersName
Prep
N
Adv.epis
V.ACH
V.ST.DES
N
Prep
Det.PN =
V.ACH
PERS.PRO
Det
Det
N
PERS.PRO =
QUAN SE
N
@@@ PST.AV RECP
N
V.ACY
V.ACH PST.ACH
V.ACY PST.ACY MO.ACY
N
Det
PERS.PRO
N
V.ISA.AV ISA.AV
Det
AUX.UV ISA.UV
PERS.PRO
V.ST.DES
Det
N
N
QUAN SE
Det.PN =
N
DEM.PRO
Adv.temp SEKARANG
Coordconj
V.ISA.AV ISA.AV
Prep
N.Prop
PERS.PRO
V.ISA.AV PST.AV ISA.AV
PERS.PRO
V
PERS.PRO =SAYA;.AKU
V
DEM.PRO
Det
V.ISA.AV ISA.AV
N
PERS.PRO
N
V.ISA.AV ISA.AV
AUX.UV ISA.UV
Adv.loc
V.ST1
Prep DI.DALAM
PRT =
N
Adv.temp
V.ST.COG
N
Subordconj
PRT =
PersName
Adv.epis
Det
V.ACY
N
N
Det
Det.PN =
N
V.ACY DIR
N
Det.PN =
Det
V.ISA.UV PST.UV
V.ST1
DEM.PRO
V.CAUS.UV PST.UV CAUS.AV ISA.UV
N
MO.ACY.M
N
V.ACY
N
V.ACY
N
V.ISA.UV PST.UV
Det.PN =
V.CAUS.AV NPST.CAUS.AV CAUS.AV
N
V.ISA.AV ISA.AV
REFL.PRO ALONE
DEM.PRO
V.ACY.C2 IMP.ACY ACY.C2
V.ISA.AV ISA.AV
Det
PERS.PRO =
Prep
V.ISA.AV ISA.AV
PERS.PRO =AWAK;.ENGKAU;.SAUDARA;.ANDA
N
N
Adv.loc
@@@ CONT
Card.Num
V.ST1 ATTR.ST
V.ISA.UV PST.ACL
Card.Num
N
V.ST1
V.ACY.C2 IMP.ACY ACY.C2
V
Det
V.ISA.AV ISA.AV
TNS
N
PERS.PRO =
V.ISA.AV PST.AV ISA.AV
V.ACY TOWARD
Det.PN =
Det
Det
V.ACY.C2 PST.ACY ACY.C2
Prep DI.DALAM
N
PERS.PRO
V.ST1 ATTR.ST
V.ACY.C2 PST.ACY ACY.C2
PERS.PRO
Card.Num
EX.ST EXIST
@@@ PST.ACY ACY.C2
Det
N
N
V.ISA.AV ISA.AV
V.ACY ITER LIHAT;.TENGOK
Card.Num
PERS.PRO
N
Prep
PERS.PRO
N
V.ISA.AV ISA.AV
V.ACY PST.ACY
V.ISA.AV ISA.AV
V.ISA.AV ISA.AV
V.ST.COG
PERS.PRO
V.ST1 ATTR.ST
PERS.PRO
DEM.PRO
Card.Num
Det
Det
N
Coordconj
V.ISA.AV
Adv.epis
N
EX.ST EXIST
Prep
N
V
N
PERS.PRO =SAYA;.AKU
DEM.PRO
N LEBAH.BERACUN
V.ISA.UV PST.UV
Det
V.ST.POSS.denom POSS
PersName
N
Subordconj
Adv.temp
N
N
V.ACY TOWARD
PERS.PRO
V.ISA.AV PST.AV ISA.AV
QW
Det.PN =
Det
Prep
V.CAUS PST.UV CAUS.AV
PERS.PRO
PersName
V.ACY DIR
V.ACY HAB
PERS.PRO
V.ISA.AV PST.AV ISA.AV
Det
N
V.ACY
N
Prep
PERS.PRO
NEG
N
Adv.temp SEKARANG
PERS.PRO =AWAK;.ENGKAU;.SAUDARA;.ANDA
V.ST
N
QUAN
N
V.ISA.AV ISA.AV
Coordconj
V.ACY
N
N
V.ST.POSS POSS
Card.Num
Det
V.ISA.AV ISA.AV
V.ISA.AV ISA.AV
Det
V.ACH NPST.ACH
PersName
PERS.PRO
N
N
Interj
Coordconj
N
Det.PN =
N
Prep
N
V.ACY
V.ACY
Prep
Card.Num
V.ACY
Interj TOO.BAD
PersName
NEG
Coordconj
Det.PN =
N
Det
Det
V.ACY
N
DEM.PRO
V.ST1
V.ACY
Adv.epis
PERS.PRO
N
V.ST.COG
Det.PN =
Prep
Det
N
V.ISA.AV ISA.AV
N
V.ACY DIR
N
Det
V.ACY
V.ACY
Interj
Adv.temp
Interj
N
V.ACY.C2 PST.ACY
V.ST1
Det
N
PersName
N
NEG
Subordconj
Det.PN =
Coordconj
V.ISA.AV ISA.AV
Det.PN =
NEG
DEM.PRO
N
MO.ACY.M
Coordconj
Det
N
V.ISA
Prep DI.DALAM
N
N
V.ACY MO.ACY
N
N
QW
V.ACY MO.ACY
V.ACH
QUAN SE
PersName
V.ACY.M MO.ACY
Det.PN =
N
N
V.ACY DIR
V.ACL PST.ACL ACL
N
PERS.PRO
V.ST.COG
V.ISA.AV IMP.AV ISA.AV
N
V.ACY DIR
DEM.PRO
Prep
N
N
Det.PN =
V.ACH PST.ACH
NEG
Det.PN =
Det
Det
DEM.PRO
Coordconj
PERS.PRO
EX.ST BIDAK;.BUKAN=
Adv.epis
MO.ACY.M
PERS.PRO =
EX.ST BIDAK;.BUKAN=
V.ACY MO.ACY
Det
@@@
@@@
CLF
Det
N
V.ACY ITER LIHAT;.TENGOK
N
V.ST1
N
V.ACY
Adv.temp
N
N
V.ACY
PERS.PRO
Adv.temp
Det
Coordconj
Det
INDEF.PRO ALL
Det
V
Det
V.ST
V.ACL ACL
N
N
PERS.PRO
Det
Adv.temp
V
N
Det
Prep DI.ATAS
PERS.PRO
N
Card.Num
N.CHAR.NMLZ N.>.CHAR.NMLZ
Prep
N
N
V.ACY TOWARD
V.ISA ISA.AV
N
Subordconj
V.ISA.AV ISA.AV
Det.PN =
PERS.PRO
V.ST1
V.ISA.AV ISA.AV
V.ST1 ATTR.ST
Det
N
NEG
MO.ACY.M MO.ACY
NEG
N
@@@ PST.ACY ISA.AV
EX.ST BIDAK;.BUKAN=
Prep
Det
V.ACY.C2 ACY.C2
Card.Num
Det
N
@@@ PST.ACY ISA.AV
N
Adv.loc
V.ISA.UV ISA.UV.IMP
Det
V.ST1 ATTR.ST
Det
N
PERS.PRO
N
Det.PN =
V.ACY
NEG
Coordconj
V.ST.COG
N
Prep
PERS.PRO MEREKA
Prep
Adv.temp
QUAN
DEM.PRO
Adv.temp SEKARANG
PERS.PRO
V.ACH
N
peg-verb.temp.sub.cl HAVING.XED
V.ACY
N
Coordconj
Det
N
V.ACY
PRT =
N LINKER
V.ISA.AV ISA.AV
V.ST1
PERS.PRO
Prep
Coordconj
Interj
Det
N
@@@
V.ISA.UV PST.UV
V.ACY.C2 PST.ACY ACY.C2
N
N
ADV.MAN BIMBANG
DEM.PRO
V.ST1
QUAN
QUAN
N
Card.Num
Det
V.ST1
Det
N
Adv.temp
Det.PN =
V.ACY.C2 ACY.C2
N
PersName
DEM.PRO
N
Det
V.ST1
N
N
PERS.PRO
N
Coordconj
N
N
Adv.temp SEKARANG
QUAN
N
Interj
Prep
N
N
N
PRT =
Det
N
Det
V.ISA.AV PST.AV ISA.AV
N
DEM.PRO
Det
NEG
V.ACY ITER LIHAT;.TENGOK
PersName
@@@ PST.ACY ISA.AV
V.ACY PST.ACY MO.ACY
Adv.temp SEKARANG
N.Prop
N
V.ST1
PERS.PRO =SAYA;.AKU
N
N
Adv.temp SEKARANG
V.ACY MO.ACY
PersName
PERS.PRO
Prep
V
N.Prop
Det
V.ISA.AV ISA.AV
PERS.PRO
Coordconj
PRT =
N
N
Interj
Prep
V.ISA.UV PST.UV
Det
Card.Num
EX.ST BIDAK;.BUKAN=
N
N
PersName
PRT =
V.ACY MO.ACY
V.ACY PST.ACY ACY.C2 CONT
V.ISA.AV PST.AV ISA.AV
NEG
MOD
V.ACY.C2 ACY.C2
N
PRT =
NEG
V
ADNOM.DEM
V.ISA.AV PST.AV ISA.AV
N
V.ISA.AV ISA.AV
N
PRT =
V.ST.POSS POSS
V.ISA.AV PST.AV ISA.AV
Coordconj
V.ISA.AV ISA.AV
Det
V.ACY
V.ST1
V.ISA.AV ISA.AV
N
V.ISA.UV PST.UV
Prep
V.ACY PST.ACY
MO.ACY.M PST.ACY MO.ACY
Adv.epis
V.ST.DES 2ARG.ST
Prep
Prep
N
V.ACY DIR
Det
V.ACY
Prep
Prep
Det
Det
N.Temp SE LINKER
V.ISA.AV PST.AV ISA.AV
Subordconj
N.Prop
V.ISA.UV PST.UV
V.ST1
@@@ PST.ACY ISA.AV
PERS.PRO MEREKA
Det.PN =
PersName
AUX.UV ISA.UV
Det
Coordconj
V.ST
TNS BELUM;.BELUM.LAGI;.
Det
Det
N
V.ACY MO.ACY
N.Temp SE LINKER
N
QUAN
V.ISA.AV ISA.AV
Adv.temp
Coordconj
PERS.PRO =SAYA
Subordconj
Det
N
QUAN
Prep ABOVE
N
Det
N
N
Det
Det.PN =
Det.PN =
V.ISA.AV ISA.AV
V.ST1
V.ISA.AV ISA.AV
V
N.Prop
PersName
Det
V.ADVRS.ACH NPST.ACH V.>.ADVRS
PERS.PRO
N
N
PERS.PRO
Det
V.CAUS.UV PST.IND.CAUS.UV CAUS.AV
NEG
@@@ CONT
V.ISA.AV CAUS.AV PST.ACL
N
N
DEM.PRO
PERS.PRO
Rel
PERS.PRO
N
DEM.PRO
N
Det
DEM.PRO
Card.Num
N
V.ST1
N
N
Adv.loc
Adv.temp SEKARANG
N
N
V.ISA.AV PST.AV ISA.AV
ASP
N
N
N
PERS.PRO
Adv.epis
V.ACL ACL
Adv.loc
PersName
Prep
PERS.PRO
NP URINE.SMELL
V.ACY MO.ACY
V.ISA.AV ISA.AV
V.ACY
DEM.PRO
EX.ST EXIST
V.ISA.AV PST.AV ISA.AV
N
N
N
PERS.PRO
Det
PERS.PRO
Det.PN =
Adv.loc
V.ACY DIR
V.ACY ITER LIHAT;.TENGOK
N
PersName
Det
PERS.PRO =
V.ACH PST.ACH
@@@
V.ST1
MO.ACY.M MO.ACY
PersName
V.ST1
DEM.PRO
V.ISA.AV ISA.AV
PERS.PRO
N
N
N
N
Adv.temp
@@@
N
N
PRT =
V.ST1
Adv.temp
Coordconj
V.ISA.AV ISA.AV
PersName
N
N
V.ACY
Coordconj
Adv.epis
V.ST1
DEM.PRO
V.ST1 ATTR.ST
V.ACY MO.ACY
CLF
PRT
V.ST1
N
Subordconj
Det
Det.PN =
@@@ PST.ACY ACY.C2
Interj
N
Coordconj
N.Prop
DEM.PRO
V
Card.Num
EX.ST EXIST
Det
Det
Coordconj
V
NEG.PRO BIDAK;.BUKAN=
Det.PN =
N
PersName
Adv.epis
REFL.PRO ALONE
V.ST1 ATTR.ST
N
N
Card.Num
Prep
V.ACY
Det
EX.ST EXIST
Adv.epis
V
QUAN
DEM.PRO
Adv.epis
Prep
V.ACY
NEG
N
Coordconj
V.ACY
N
V.ACY
Coordconj
V.ACY.M MO.ACY
Det
PERS.PRO
Det
Coordconj
Subordconj
V.ST1 ATTR.ST
N
PRT =
N
N
N
V.ACY
Adv.temp SEKARANG
PERS.PRO
Prep
V.ISA
NEG
V.ACY PST.ACY MO.ACY
N
Card.Num
N
N
PERS.PRO
Det
V.ST1 ATTR.ST
CLS.MENS SE LINKER
N
V.ACY
V.ISA.AV ISA.AV
COND.ST ISA.UV ISA.UV
PERS.PRO
Interj
Det
REFL.PRO ALONE
V.ST1
N
N
PERS.PRO
Adv.temp
MO.ACY.M PST.ACY MO.ACY
V.ISA.AV PST.AV ISA.AV
Coordconj
MOD
N
NEG
Adv.epis
V.ISA.AV ISA.AV
ADNOM.DEM
V.ISA.AV ISA.AV
V.ST
N
REFL.PRO ALONE
N
DEM.PRO
N
PERS.PRO
NEG
Det
V
N
PERS.PRO =
N
V
PERS.PRO
ADNOM.DEM
V.ACY DIR
Adv.epis
Coordconj
EX.ST EXIST
Det
Det
N
N.Prop
DEM.PRO
PERS.PRO
Prep
V
N
Prep
V.ISA.UV PST.UV
NEG
Card.Num
Det
Adv.loc
Det
Interj
Rel
REFL.PRO ALONE
N
N.Prop
N
V.ISA.AV ISA.AV
peg-verb.temp.sub.cl
Coordconj
Adv.loc
V
Card.Num
N
PERS.PRO
N
Subordconj
PersName
V.ST1
V.ACY
V.ISA.UV PST.UV
N
PERS.PRO
Det
Det
V.ST1
N.Prop
DEM.PRO
Adv.loc
PersName
Det.PN =
Det.PN =
V.ISA.AV ISA.AV
Det
V.ISA.UV PST.UV
Det
PERS.PRO
N
Adv.loc MENDEKATI
PRT =
Det.PN =
DEM.PRO
V
PRT =
PERS.PRO
N
V.ACY
COND.ST
Interj TOO.BAD
V.ACY MO.ACY
V.ACY DIR
N.Prop
DEM.PRO
N
V.ST
PERS.PRO
Det
Det
REFL.PRO ALONE
Det
V.ACH NPST.ACH
V.ISA.AV ISA.AV
V.ACY DIR
Det
V.ISA.UV ISA.UV
Det
PersName
PRT =
Coordconj
DEM.PRO
Det
Card.Num
PERS.PRO
Adv.epis
Prep
N
Adv.loc
PERS.PRO
N
V.ST.POSS
PERS.PRO
Adv.epis
QW
QW
N
Det
ADV.MAN
V.ISA.AV PST.AV ISA.AV
V.ISA.AV ISA.AV
Mult.Num MULT.NUM
V.ISA.AV ISA.AV
V.ST
Det.PN =
PersName
Det
Det
Adv.loc
V.ACL PST.ACL ACL
PersName
N
PERS.PRO
V.ISA.AV ISA.AV
V.ST1
V.ST1
PersName
N
ASP
NEG
Adv.epis
TNS BELUM;.BELUM.LAGI;.
N
Det
Det
Prep
N
V
V.ACY PST.ACL
V.ISA.AV ISA.AV
@@@ PST.ACY ISA.AV
TNS
Interj
Det
ASP
Prep
Det
V.ISA.AV ISA.AV
N.ABSTR NMLZR NMLZR
V.ST.DES
PERS.PRO
V.ISA.AV ISA.AV
NEG
V.ISA.AV ISA.AV
Det
N
N
N
Det.PN =
Interj
N.DIMIN.redup
V.ISA.AV PST.AV ISA.AV
Adv.loc
PersName
NEG
N
PersName
V.ACH PST.ACH
V.ISA.UV ISA.UV
V.ST1 ATTR.ST
N
V.ST1
Card.Num
Det
V.ACY TOWARD
N
V.ACY DIR
PRT =
PERS.PRO
V.ST1
N
N
Interj
Adv.loc
Det
EX.ST BIDAK;.BUKAN=
NEG
N
Det.PN =
V.ISA.AV ISA.AV
N
PERS.PRO
DEM.PRO
Det
N
PERS.PRO =SAYA;.AKU
N
Adv.temp
N
Coordconj
N
@@@
V.ACY DIR
V.ACY DIR
V.ACY DIR
Subordconj
V.ST1 ATTR.ST
V.ST
Coordconj
Adv.temp SEKARANG
PersName
Adv.loc
NEG
V.ISA.UV PST.UV
Det
Det.PN =
DEM.PRO
Interj
PersName
N
V.ISA.AV ISA.AV
Det
NEG
peg-verb.temp.sub.cl HAVING.XED
DEM.PRO
Subordconj
V.PET PET
Det
V.ST1
Adv.temp
Prep
N
MO.ACY.M
N
Subordconj
V.ADVRS.ACH NPST.ACH V.>.ADVRS
N
N
N
Det.PN =
N
QW
V.ISA.AV ISA.AV
V.ISA.AV PST.AV ISA.AV
V.ACY
V.ACY
PERS.PRO
DEM.PRO
DEM.PRO
N
V.ISA.UV PST.UV
V.ISA.UV PST.UV
V.ISA.AV PST.AV ISA.AV
Det
N.Prop
V.ST.DES
N.Prop
ASP
N
Interj
Prep
V.PET PET
Card.Num
N
V.ACY
Det.PN =
N
Det
N.ABSTR NMLZR NMLZR
N
N
N
DEM.PRO
N
N
PERS.PRO =AWAK;.ENGKAU;.SAUDARA;.ANDA
N
N
Interj
N
Det.PN =
MOD
PERS.PRO
Det
V.ST.COG
V.ACY
Det
PERS.PRO
Subordconj
MOD
N
Coordconj
PERS.PRO
PERS.PRO
N
DEM.PRO
Adv.loc
V.ISA.UV PST.UV
Subordconj
Adv.temp
Det
Coordconj
V.ACY.C2 PST.ACY ACY.C2
Det
N
TNS
Subordconj
V.ISA.AV ISA.AV
V
PERS.PRO MEREKA
N
V
V.ACY
V.ACH PST.ACH
N
N
EX.ST BIDAK;.BUKAN=
Det
V.ACY.C2 ACY.C2
Det
V.ACY
V
N
N
Adv.loc
Card.Num
DEM.PRO
V.ST1
Interj
REFL.PRO ALONE
DEM.PRO
V.ISA.UV PST.UV
Card.Num
V.ACH
N
N
Subordconj
V.ISA.AV PST.AV ISA.AV
QW
N
NEG
V.ACY.M MO.ACY
Det
Prep
V.ST1
N
Det
V.ACY PST.ACY MO.ACY
PRT
V.ISA.AV ISA.AV
Prep
EX.ST EXIST
PersName
N
V
Card.Num
Adv.temp
N
Subordconj
DEM.PRO
N
Det
PERS.PRO
N
V.CAUS.AV
V.ST
Adv.epis
N
V.ACY.M PST.ACY MO.ACY
PERS.PRO
Interj
Det
V.ISA.AV ISA.AV
N
N
V.ACY.M MO.ACY
Prep
N.Prop
QUAN
PERS.PRO
PERS.PRO
EX.ST BIDAK;.BUKAN=
V.ISA.AV ISA.AV
V.ST1
N
Subordconj
N
Det
Det.PN =
N
N
V.ST1
N
Det
Adv.loc MENDEKATI
N
N
Det
V.ST.POSS BIDAK;.BUKAN=
N
V.ISA.AV ISA.AV
V.ACY.C2 PST.ACY ACY.C2
Prep
V.ISA.AV ISA.AV
PersName
Mult.Num PST.ACY ORD.NUM
V.ST1
N
Det
Det
Det
PRT =
Coordconj
Coordconj
N
N
DEM.PRO
V.ACY
Coordconj
QUAN
Det
N
Rel
Interj
Det
N
PersName
PERS.PRO
N
Det
Coordconj
PERS.PRO =SAYA;.AKU
DEM.PRO
NEG
Prep
Det
Adv.loc
V.ST1 ATTR.ST
Interj
Adv.temp
PERS.PRO MEREKA
Coordconj
Det
DEM.PRO
N
Det
AUX.UV ISA.UV
V.ISA.AV ISA.AV
N
PERS.PRO
NEG
Det
Coordconj
N
Adv.loc
N
N
MO.ACY.M MO.ACY
Subordconj
Interj
V.ST1
PERS.PRO
Prep DI.ATAS
N
Det
V.ISA.AV ISA.AV
Det
V.ISA.AV PST.AV ISA.AV
V.ISA.AV PST.AV ISA.AV
V
PersName
Subordconj
Det
N.Prop
NEG
Det.PN =
N
V.ACY.M MO.ACY
V.ACY.C2 PST.ACY ACY.C2
V.ISA.UV PST.UV
V.ISA.AV ISA.AV
N
Det.PN =
V.ISA.UV ISA.UV
NEG
NP URINE.SMELL
V.ACY
N
Prep
PERS.PRO
Det
PersName
V.ISA.AV PST.AV ISA.AV
N
V.ST
EX.ST BIDAK;.BUKAN=
V
QW
N
Det
Det
N
INDEF.PRO
N
N
N
Adv.epis
DEM.PRO
PERS.PRO
N
Det
N
V.ACY
Prep
N
V.ACH NPST.ACH
V.ST1 ATTR.ST
QUAN
V.ST1 ATTR.ST
Det
N
N
N
V.ST1
Adv.temp
V.ACY.M MO.ACY
PERS.PRO MEREKA
@@@
EX.ST EXIST
N BARA,.BARA.API
V
DEM.PRO
NEG
Prep
V.ACY MO.ACY
N
N
peg-verb.temp.sub.cl
DEM.PRO
PRT
Coordconj
N
@@@ CONT
Adv.epis
QW
Adv.loc
Adv.temp
EX.ST EXIST
N
V.ISA.AV ISA.AV
PERS.PRO =AWAK;.ENGKAU;.SAUDARA;.ANDA
Interj
N
Det.PN =
Det
TNS
PERS.PRO =AWAK;.ENGKAU;.SAUDARA;.ANDA
Subordconj
NP URINE.SMELL
N
PRT =
PERS.PRO
V.ISA.AV ISA.AV
N
Adv.loc
Coordconj
Adv.temp
Adv.temp SEKARANG
N
V.ISA.AV ISA.AV
N
N.Prop
N
PERS.PRO
V.ISA.AV PST.AV ISA.AV
PERS.PRO
N
PERS.PRO
N
NP BULAN.MEI
V.ISA.AV ISA.AV
N
V.ISA.AV PST.AV ISA.AV
Adv.epis
Adv.temp SEKARANG
QUAN
Det
QUAN
V.ACY MO.ACY
V.ISA.AV
V.ST1
N
Det.PN =
N
V
Det
Det
PERS.PRO
PERS.PRO MEREKA
Det
N
V.ST1
Det.PN =
V
PERS.PRO
Card.Num
Det.PN =
QW
V.ACY
V.ISA.UV PST.UV
Det
QUAN
V.ST1 ATTR.ST
V
V.ISA.AV PST.AV ISA.AV
Det
MO.ACY.M PST.ACY MO.ACY
PRT =
MO.ACY.M MO.ACY
N
PRT =
V.ACH PST.ACH
DEM.PRO
MO.ACY.M PST.ACY MO.ACY
N
N
V.ISA.AV ISA.AV
Prep
Adv.temp
V.ISA.AV PST.AV ISA.AV
PERS.PRO MEREKA
V
Adv.epis
V.ISA.AV ISA.AV
AUX.UV ISA.UV
N
PERS.PRO
V.ISA.AV ISA.AV
Det
Det
N
N
Adv.temp
V.ISA.AV ISA.AV
N
N
V.ST.POSS POSS
N
N
Subordconj
V.ACY
Det
N
NEG.PRO BIDAK;.BUKAN=
EX.ST BIDAK;.BUKAN=
NEG
INTNS
Det
NEG
@@@ CONT
PersName
PersName
N
V.ST1
N
V.ACY MO.ACY
V.ACY.M MO.ACY
V.ACH
PERS.PRO =SAYA;.AKU
Card.Num
N
MOD
Det
QUAN SE
PERS.PRO
Adv.epis
NEG
V.ST.POSS BIDAK;.BUKAN=
PersName
N
V.ACY DIR
V.ACY MO.ACY
Prep
PERS.PRO
Card.Num
Adv.temp
PERS.PRO =
V.ACY MO.ACY
N
Det.PN =
PERS.PRO
Det.PN =
PERS.PRO
Prep
N
V.ACH
N
PERS.PRO
V.ACY MO.ACY
NEG
V.ACY MO.ACY
Det.PN =
PERS.PRO =SAYA;.AKU
Card.Num
N
Adv.pace
Det
MOD
Subordconj
Det
Det
V.ACY
Interj
INTNS
PersName
PersName
NEG
V.ISA.AV ISA.AV
PERS.PRO MEREKA
V.ACY PST.ACY MO.ACY
V.ISA.AV ISA.AV
N
Adv.temp
Prep
Interj
PRT =
N
N
N
PRT =
Det.PN =
PersName
N
Rel
PersName
Subordconj
Det
Det
REFL.PRO ALONE
PersName
REFL.PRO ALONE
V.ACY
PERS.PRO
Det
N.Prop
Det
N.Prop
PERS.PRO
PRT =
Rel
Adv.temp
ASP
ADNOM.DEM
N
N
PERS.PRO
MOD
Adv.loc MENDEKATI
Subordconj
N
Adv.loc
Card.Num
PERS.PRO
N
V.ST1
N
Det
V.ST1
V.ISA.AV PST.ACL PST.ACL
NEG NEVER
Adv.loc
V.ST1
N.Prop
CLF
N
Prep
Det
Prep DI.ATAS
Det
N
V
Subordconj
V.ISA.AV ISA.AV
PersName
Prep
N
N
N
NEG
PERS.PRO =SAYA;.AKU
Det
Det
Interj
V.ST1
PRT =
V.ISA.MRK.UV PST.UV
N
N
V.ST1 ATTR.ST
N
Prep
Det
Adv.temp
PRT =
PRT =
PERS.PRO
V
N
N
PERS.PRO
N.Prop
V.ACY
N
N
NEG
Det.PN =
Interj
DEM.PRO
PERS.PRO
V.ACY MO.ACY
V.ACL PST.ACL ACL
PersName
Adv.epis
Det
V.ACY MO.ACY
V.ADVRS.ACH
Det
PERS.PRO
V.ISA.UV PST.UV
V.ACY PST.ACY
V.ST.COG
MO.ACY.M MO.ACY
Coordconj
DEM.PRO
V.ISA.AV
ASP
V.ST.DES
Det
V.ST.DES
PERS.PRO
V.ISA.AV PST.AV ISA.AV
V.ACY
MO.ACY.M
N SE LINKER
AUX.UV ISA.UV
PRT =
V.ISA.AV ISA.AV
N
N
Det
Adv.loc
Coordconj
Prep
N
Det
Prep
N
Prep
DEM.PRO
PERS.PRO
N
Adv.loc
PersName
Adv.temp SEKARANG
Prep
V.PET PET
Det
Det
Rel
Det
PERS.PRO
V.ACY
REFL.PRO ALONE
Det
Det
V.ST1
V.ST.DES
V
V.ACH
QUAN
V.ACY
PERS.PRO
Coordconj
Det
N
Det
V.ISA.UV PST.UV
PERS.PRO
N
QUAN
Det
Interj
DEM.PRO
N
V.ISA.AV PST.AV ISA.AV
V
PERS.PRO
Interj
Adv.temp
V.ACH PST.ACH
Det
PersName
DEM.PRO
Adv.loc
Det
peg-verb.temp.sub.cl
N
ASP
AUX.UV ISA.UV
QW
V.ACY DIR
V.ST.POSS POSS
Subordconj
Subordconj
N
V.ST1
Det
@@@
PRT =
Det
V.ISA.AV ISA.AV
Prep
V.ACY
PRT =
V.ADVRS.ACH NPST.ACH V.>.ADVRS
Det
QUAN
PersName
Card.Num
PERS.PRO
V.ST1
QW
V.ACY
DEM.PRO
MO.ACY.M PST.ACY MO.ACY
V.ISA.AV ISA.AV
Coordconj
V.ISA.AV
EX.ST BIDAK;.BUKAN=
PERS.PRO
V.PET PET
Det
V.ACY.C2 PST.ACY ACY.C2
Card.Num
V.ST.POSS.denom POSS
V.ACY
MOD
Det
PERS.PRO
V.ST1
Det
NEG
V.ACY
V
V.ST1 ATTR.ST
N
Prep
Adv.temp SEKARANG
Prep
Adv.temp
N
Prep
Det
N
Interj
Det
N
V
MOD
PersName
N
PERS.PRO
V
V.ACY NPST.ACH
QUAN
V.ST.COG
N
V.ACY MO.ACY
N
QW
PersName
V.ST.POSS
Det.PN =
V.ST1
N
V
N.Prop
N
INDEF.PRO ALL
N
Coordconj
PERS.PRO
Det
Det.PN =
MO.ACY.M MO.ACY
V.ACY MO.ACY
Subordconj
Det
Prep
Det
V.ST.POSS
Interj
V.ISA.AV ISA.AV
V.ST1 ATTR.ST
PERS.PRO =
PersName
V.ACL PST.ACL
PERS.PRO
V.ISA.AV PST.AV ISA.AV
V.ISA.AV ISA.AV
NEG
N
PRT =
V.ISA.AV ISA.AV
Det
V.ACY.C2 PST.ACY ACY.C2
V.ACY.C2 PST.ACY ACY.C2
V.ADVRS.ACH PST.ACY V.>.ADVRS
Adv.temp SEKARANG
Det
NEG
V.ACY PST.ACY
N
N
N
Prep
V.ACH PST.ACH
Det
INDEF.PRO
N
Det.PN =
V.ST.DES
V.ACH
N
N
PERS.PRO
N
N
N.Prop
Det
V
PersName
PersName
Det
Prep DI.ATAS
Det
QW
Det
Det
N
V.PET PET
N
@@@ CONT
N
N
N
N
N
PersName
Det
V.ISA
V.ACY MO.ACY
V.ST.COG
N
V.ST1
N
Det
Det
V.ST
Adv.epis
Interj
MO.ACY.M MO.ACY
N.Prop
PERS.PRO
V.ST.COG
NEG
peg-verb.temp.sub.cl
PERS.PRO
N
peg-verb.temp.sub.cl HAVING.XED
Interj
PRT =
N
Det
Adv.loc
PERS.PRO
V.ISA.AV IMP.AV ISA.AV
V.ACY TOWARD
V.ACY MO.ACY
Det
PERS.PRO =
V.ACY
Prep
Coordconj
Det
N.Prop
Prep
PERS.PRO
Det
PERS.PRO =
V.ACY MO.ACY
N
peg-verb.temp.sub.cl
Det.PN =
Card.Num
N
V.ISA.UV ISA.UV
PERS.PRO =AWAK;.ENGKAU;.SAUDARA;.ANDA
V.CAUS.AV NPST.CAUS.AV CAUS.AV
PERS.PRO
V.ISA.UV IMP.AV ISA.AV
Prep
Adv.temp
NEG
V.ACY
Prep
Det
PERS.PRO
MOD
N
MO.ACY.M
Adv.loc
Det
Coordconj
V.ACY.C2 PST.ACY ACY.C2
PRT
PRT =
V.ACY.M MO.ACY
N
Card.Num
N
PersName
PersName
Det
V
V.ACY
V.CAUS NPST.CAUS.AV CAUS.AV
Prep
Det
PERS.PRO
PersName
V.ST1
Coordconj
Prep
Det
N
Det
N
PRT =
Adv.loc
N
V.ISA.AV PST.AV ISA.AV
Coordconj
PERS.PRO
V.ISA.AV PST.AV ISA.AV
N
V.ISA.AV ISA.AV
PersName
V.ST1 CONT
PERS.PRO
NEG
Card.Num
Subordconj
V.ACY MO.ACY
Det
V.ACY CONT
NEG
@@@ DESIDERATIVE
Coordconj
PRT =
Interj
PERS.PRO =
Prep
Adv.epis
N
Det
PERS.PRO MEREKA
V.ACY MO.ACY
PRT =
Det
Det
Det
Adv.temp SEKARANG
N
V
QUAN
N
N
N
Adv.loc
N
Interj
N
V.ACY
Adv.temp
Det
N
DEM.PRO
Det
PersName
N
V.ISA.AV PST.AV ISA.AV
N.Prop
Adv.loc
V.ISA.UV PST.UV
PERS.PRO
N
V.ISA.UV PST.UV
V.ST2 ACY.C2
N
Coordconj
N
@@@ CONT
N
Coordconj
Det
QUAN
PERS.PRO
V.ACH NPST.ACH
Adv.temp
N
Det
V.ST1
Prep
Prep
N
V.ACY
V.INSTRV INSTRV
Adv.epis
QUAN
N
V.ISA.UV PST.UV
Card.Num
Adv.temp
N
V.ACY VBLZR
N
PERS.PRO
TNS BELUM;.BELUM.LAGI;.
V.ST1
V.ST1 ATTR.ST
Det
Interj
AUX.UV ISA.UV
N
PERS.PRO
N
Subordconj
V.ACY
Coordconj
PERS.PRO
N
Adv.temp
Prep
Prep
DEM.PRO
PERS.PRO
Coordconj
PERS.PRO
V.ACY DIR
V.ISA.AV PST.AV ISA.AV
NEG
V.ACY PST.ACY MO.ACY
N
V
V.ACY PST.ACY
Det.PN =
V.ST.COG
REFL.PRO ALONE
Interj
NEG
PERS.PRO
V.ACY MO.ACY
V.ISA.UV ISA.UV
V.ACY.C2 ACY.C2
V.ACL ACL
NEG
Adv.temp
NEG
N
V.ST1
Subordconj
V.CAUS NPST.CAUS.AV MO.ACY
V
Det
Coordconj
N
N
Coordconj
V.ST1 ATTR.ST
EX.ST BIDAK;.BUKAN=
V.ISA.AV ISA.AV
INDEF.PRO ALL
N
peg-verb.temp.sub.cl
N.Prop
V.ST1
Det
N
Det.PN =
PRT
INTNS
Det.PN =
Det.PN =
V.ACY DIR
N
Det
Prep
V.ACY PST.ACY
N
Det
PERS.PRO MEREKA
V.ST1 ATTR.ST
N
N
N
N
Prep
N.Prop
V.ISA.AV ISA.AV
N
Adv.temp
N
Det
N
@@@ PST.AV RECP
N
PERS.PRO
PEG-tsc.UV<V HAVING.XED
Det
V.ACY
DEM.PRO
Det
Coordconj
N
N
N
PERS.PRO
Adv.temp SEKARANG
PERS.PRO
V.CAUS.AV CAUS.AV
V.ISA.AV ISA.AV
PERS.PRO
V.ACY.C2 PST.ACY ACY.C2
V.ADVRS.ACH NPST.ACH V.>.ADVRS
Det
Det
V.ACY
V.ACY PST.ACY
PRT =
PersName
N.Prop
V.ACY.C2 PST.ACY ACY.C2
N
Det.PN =
Det
Adv.epis
V.ISA.AV
Det
PRT
V.ACY.M PST.ACY MO.ACY
N
DEM.PRO
Coordconj
Det
@@@ CONT
DEM.PRO
Det
N
V.ST1 ATTR.ST
V.ISA.AV PST.AV ISA.AV
DEM.PRO
PERS.PRO
PERS.PRO
V.ISA.UV PST.UV
Det
V.ST.POSS POSS
N
Adv.temp SEKARANG
V
N
PERS.PRO
V.ISA.UV PST.UV
Det
MO.ACY.M MO.ACY
V.ST1
Det
PRT =
Adv.epis
V.ISA.AV ISA.AV
PERS.PRO
N
NEG
Det
V.ACH NPST.ACH
PERS.PRO
Det
Det
N
AUX.UV ISA.UV
PersName
V.ST
PERS.PRO
PRT
N
PERS.PRO =SAYA;.AKU
Det
DEM.PRO
Adv.temp
QW
Adv.temp
REFL.PRO ALONE
MOD
Coordconj
Prep
N
QUAN
CLF
V.ST1
DEM.PRO
Det
V.CAUS.UV PST.UV CAUS.AV
V.ST1
V.ST1
V.ACH NPST.ACH
Adv.temp SEKARANG
PERS.PRO =
PRT =
Det
N
V.ACY
N
N
PersName
N
PERS.PRO
V.ISA.UV PST.UV
Subordconj
Det
N
N
Det
Det
Adv.epis
V.ACY DIR
Det.PN =
Det
Det
DEM.PRO
PERS.PRO
V.ACH PST.ACH
N
Subordconj
N
Coordconj
DEM.PRO
PERS.PRO
CLF SE LINKER
Subordconj
CLS.SORT
PersName
N
N.Prop
Det
PERS.PRO
PERS.PRO
N
Det.PN =
N
N
V.ACY PST.ACY MO.ACY
N
N
N
Adv.epis
N
Prep
V.ISA.AV ISA.AV
PRT =
ADV.MAN
V.ST
N
QUAN
V.ACY PST.ACY
Det
EX.ST BIDAK;.BUKAN=
Adv.loc
PERS.PRO
N
V.ACY MO.ACY
QUAN
MOD
Prep
Coordconj
N
N
Adv.epis
N
N
Det
Adv.temp
N
N
N
Det
PERS.PRO
N
Det.PN =
N
Coordconj DI.KUMUDIAN
Coordconj
REFL.PRO ALONE
Adv.loc
V.ISA.AV PST.AV ISA.AV
NEG
REFL.PRO ALONE
N
N
Adv.epis
N
Det
N
N
V.ST.COG
Det
NEG
Coordconj
Prep
PERS.PRO
Det.PN =
V.ST1 ATTR.ST
NEG
MOD
Subordconj
N
DEM.PRO
Prep
NEG
N.ABSTR NMLZR NMLZR
Det
N
V.ST1
PRT =
Det
Prep
PersName
N
PERS.PRO
Det
Det
Rel
Det.PN =
PersName
Det
Adv.epis
N
V.ACY DIR
V.ADVRS.ACH NPST.ACH V.>.ADVRS
Adv.epis
N
N
PRT =
N
MO.ACY.M PST.ACY MO.ACY
NEG
V.ST1
Det
Det
Det
N.Prop
N
V.ISA.AV ISA.AV
PersName
Coordconj
Adv.loc MENDEKATI
V
N
N.Prop
Det
N
N
Det
Det.PN =
V.ISA.AV ISA.AV
V.ST1 ATTR.ST
V.ST1
V.ACY ACY.C2
Adv.temp SEKARANG
V.ACY DIR
MO.ACY.M PST.ACY MO.ACY
V.CAUS.AV
Det
V.ACL ACL
N
V.ST.COG
V.ACY
N
PersName
Det
Adv.temp
TNS
N
V.CAUS.AV CAUS.AV
Det
N
N
V.ACY
Det.PN =
V.ISA.AV PST.AV ISA.AV
V.ST
Adv.loc
V.ACY
V.ISA.AV ISA.AV
V.ACY PST.ACY MO.ACY
Interj
Det
QW
N
NEG
PERS.PRO
V.ABL.MOD ABILITY
V.ISA.UV PST.UV
N
Adv.temp
Det
N
PRT
PERS.PRO
N LEBAH.BERACUN
N
N
PERS.PRO
V.ISA.AV PST.AV ISA.AV
Interj
N
PRT
V.ACY MO.ACY
@@@
Adv.loc
N
V.ISA.AV PST.AV ISA.AV
N
PersName
PERS.PRO
Det
PERS.PRO
Prep
Adv.temp
NEG
PersName
REFL.PRO ALONE
Card.Num
Adv.loc
V.ST.DES
N
V.ACY DIR
N
QW
Interj
Card.Num
EX.ST EXIST
N
N
PRT =
PersName
V.ACY.C2 PST.ACY ACY.C2
INTNS
QUAN
N
N
Card.Num
Det
PRT =
Prep
N
Adv.epis
N
REFL.PRO ALONE
PERS.PRO
V.ISA.AV PST.AV ISA.AV
PERS.PRO
NEG
N
NEG
Det.PN =
Det.PN =
V.ISA.UV PST.UV
N
DEM.PRO
REFL.PRO ALONE
PERS.PRO
Coordconj
Prep
N
N.Prop
V.ACY
Coordconj
N
N
Prep
N
N
Card.Num
V.ISA.AV
V
N
INDEF.PRO ALL
QW
N.Prop
N
PERS.PRO
V
V
Det.PN =
N
Adv.loc
PersName
V.ISA.AV ISA.AV
N
V.ACH NPST.ACH
QUAN
N
NP CERITA.DONGENG
V.ST1 ATTR.ST
QW
N
V.ISA.AV ISA.AV
EX.ST EXIST
N
V.ACY MO.ACY
Coordconj DI.KUMUDIAN
V.ISA.AV ISA.AV
N
Adv.temp
V.ST1
V.ST1
PERS.PRO
N
Det
Coordconj
V.ACY
V.ACY VBLZR
N.Prop BATU.LAYAR.DARAT
Subordconj
V.ISA.UV V.>.NMLZ
N
NEG
Prep
PERS.PRO
Prep
Det.PN =
QW
N
PERS.PRO
Det
Det.PN =
N
NEG
N
N
MO.ACY.M MO.ACY
Adv.temp
N
PERS.PRO
V.ISA.AV PST.AV ISA.AV
V.ST
V.ACY MO.ACY
V
PERS.PRO
V.ST1
Det.PN =
V.ACY
Coordconj
PersName
V.ISA.AV ISA.AV
PersName
QUAN
Det.PN =
V
V.ACY MO.ACY
AUX.UV ISA.UV
Det
ADV.MAN
Prep DI.DALAM
PERS.PRO
N
V.ACY
PERS.PRO
Interj
QW
N
DEM.PRO
Adv.temp
Rel
EX.ST EXIST
Adv.temp
DEM.PRO
V.ST1
V.ACY.C2 ACY.C2
V.ST.COG
V.ACY PST.ACY MO.ACY
N
Coordconj
N
N
PERS.PRO
ASP
V.ACH
V.ST1
Det
N.Prop
V.ACY
Det
CLF SE LINKER
V.ACY.C2 PST.ACY ACY.C2
N
V.ISA.AV ISA.AV
PRT =
Det.PN =
DEM.PRO
N
PERS.PRO
V.ACY DIR
N
V.ACY.C2 PST.ACY ACY.C2
NP CERITA.DONGENG
PERS.PRO
TNS
NEG
N
QUAN ATTR.ST
DEM.PRO
V
N
Det
MO.ACY.M MO.ACY
N.Prop
V.ACH NPST.ACH
N
Prep
PERS.PRO
N
Det
V.ACY
INDEF.PRO ALL
PERS.PRO =
NEG
V.ACY MO.ACY
N
N
V.ABL.MOD ABILITY
Det
NP CERITA.DONGENG
PERS.PRO
MO.ACY.M
V.ST1
V.ACY ITER LIHAT;.TENGOK
PRT =
V.ST.COG
Interj
N
QUAN
Interj
N
PERS.PRO
Det
MOD
EX.ST EXIST
V.ISA.AV PST.AV ISA.AV
PRT
Det.PN =
Det
NEG
PRT =
N
Adv.temp SEKARANG
Det
Interj
PRT
Coordconj
PRT =
N
PersName
Adv.epis
Det
N
Det
EX.ST BIDAK;.BUKAN=
Adv.temp
Prep
V.ST.POSS
N
V.ACH NPST.ACH
V.ACY ACY.C2
N
N
Det
V.ACY
V.ACY.C2 PST.ACY ACY.C2
V.ST.COG
N
Adv.temp
N
Prep
V.ST1
V.ISA.AV ISA.AV
V.ST1 ATTR.ST
MO.ACY.M MO.ACY
N
V.ST1 ATTR.ST
NEG
V.ISA.AV PST.AV ISA.AV
NEG
Det.PN =
N
PRT =
Adv.epis
Prep
QW
V.ST1 ATTR.ST
INDEF.PRO
MOD
PERS.PRO
Det
Coordconj
Det.PN =
V.ACH PST.ACH
Det
V
N.Prop
PERS.PRO
N.ABSTR NMLZR NMLZR
PersName
V.ISA.AV ISA.AV
V.ISA.AV ISA.AV
V.ACY.C2 PST.ACY ACY.C2
N
V.ACY DIR
V.ACY
PERS.PRO
N
V.ACY DIR
Det
Adv.epis
Interj
PERS.PRO
Det
Det
PRT =
V.ACY DIR
Card.Num
Adv.epis
N
ASP
DEM.PRO
Det
Det
Adv.temp
Prep
PersName
V.ISA.AV ISA.AV
N
Subordconj
V.ISA.AV ISA.AV
V.ST1 ATTR.ST
V.ISA.AV ISA.AV
Det
EX.ST EXIST
V.ACH
Adv.temp
N
Rel
Det
Adv.temp
N
V.ST1
V.ST
V.ACY MO.ACY
Coordconj
Det
V
Det
V.ISA.AV ISA.AV
N
Det
V.ACY
PERS.PRO
N
PERS.PRO
Det.PN =
N
@@@ ACY.C2
QW
CLF
V.ISA.UV PST.UV
ASP
Det
V.ACY PST.ACY MO.ACY
V.ST1
Det
PERS.PRO
V.ISA.AV ISA.AV
N.Prop
PERS.PRO
N
Adv.temp
Det
Det.PN =
V.ST1
N
Adv.loc
PersName
Subordconj
Prep
V.ISA.AV ISA.AV
Det
N
Subordconj
PersName HAJI.LIPA
V.ST1 ATTR.ST
DEM.PRO
PERS.PRO =SAYA;.AKU
N
V.ISA.AV ISA.AV
DEM.PRO
Prep
Subordconj
V.ST1 ATTR.ST
Det
PersName
ASP
PERS.PRO
V.ISA.AV ISA.AV
REFL.PRO ALONE
N
Prep
Det
N
Coordconj
@@@ CONT
@@@ RECP
Det
Adv.temp
NEG
N
V.ISA
Adv.epis
PERS.PRO
TNS
NEG
N
PRT =
N.Temp SE LINKER
V.ST
PERS.PRO
N
N
V.ACY
N
PERS.PRO
Prep
Adv.loc
V.ACY DIR
Det
CLF
V.ACY DIR
V.ISA.AV ISA.AV
Det
Det
Det.PN =
NEG
PERS.PRO
EX.ST EXIST
Prep
V.ACH PST.ACH
N
N
N
PersName
V.ACH PST.ACH
Interj
Det
PERS.PRO
N
Subordconj
N
Det
MOD
N
V.ST1 ATTR.ST
V.ACY DIR
DEM.PRO
N
Subordconj
N
V.ISA.AV ISA.AV
PRT =
V.ISA
N
V.ISA.AV ISA.AV
Rel
V
PERS.PRO
V.ISA PST.UV
PERS.PRO
Det
N
V.ISA.AV ISA.AV
V.ACH PST.ACH
V.ST1 ATTR.ST
Det.PN =
V.ACY
Det
N
V.ST1
N BALAI.RAYA,.BALAI.KOTA
REFL.PRO HIMSELF
Det.PN =
V.ISA.AV CAUS.AV PST.ACL
V.ST.POSS.denom POSS
N
PERS.PRO
TNS
N
V.ACY
Prep DI.DALAM
V.ISA.AV ISA.AV
MOD
Det
Adv.temp
Det
N
PERS.PRO
peg-verb.temp.sub.cl
V.ISA.AV PST.AV ISA.AV
N
EX.ST EXIST
V.ISA.AV ISA.AV
Prep
V.ST1
PersName
N
N
MOD
N HUGE.DIFFICULTY
N
Det.PN =
Det.PN =
Det
Det.PN =
QUAN
V.ACY TOWARD
Adv.epis
N
V.ST1 ATTR.ST
N
N
Det
PersName
Adv.epis
NEG
V.ACY
Det
V.ISA.AV ISA.AV
V.ACY
MO.ACY.M PST.ACY
V.ISA.AV ISA.AV
N
N
QUAN
Det
N
N
N
PersName
V.ISA.UV
Subordconj
V
Det.PN =
NEG
QUAN
N
PERS.PRO
V.ACY.C2 PST.ACY ACY.C2
Det
V.ST.POSS
N
QUAN
V.ACY PST.ACY
N
V.ACY PST.ACY
Det
PRT =
DEM.PRO
Adv.epis
ASP
PERS.PRO MEREKA
V.ISA.AV PST.AV ISA.AV
@@@ CONT
Det
QW
NEG
V.ACY
Subordconj
N
PersName
V.ACH PST.ACH
V.ISA.UV PST.UV
N V.>.NMLZ
Interj
N
V.ACY DIR
Det
@@@ RECP
V
PersName
N
PERS.PRO
PERS.PRO =
QUAN
Det.PN =
N
Det
Det
Det
Adv.temp
PRT =
Adv.temp SEKARANG
EX.ST EXIST
N
N
V.ST1 ATTR.ST
V.ISA.UV ISA.UV
PERS.PRO
Coordconj
N
N
V.ACY
V.ST1
N
Det
NEG
REFL.PRO ALONE
V
Card.Num
Prep
INDEF.PRO
Det
V.ISA.AV ISA.AV
N
MO.ACY.PATH DIR
PERS.PRO
V.ST1
PersName
Coordconj
PERS.PRO
V.ST1
V.ISA.UV PST.UV
Card.Num
Det.PN =
Det
V.DES.MOD PST.ACY DESIDERATIVE
PERS.PRO
PERS.PRO =
PERS.PRO
Adv.temp
Interj
Prep
N
V.ST1 ATTR.ST
N
V.ST1
MO.ACY.M PST.ACY MO.ACY
N
Det.PN =
Det
V.ACY TOWARD
V.ISA.AV PST.AV ISA.AV
@@@ CONT
Interj
Det
N
DEM.PRO
PRT =
Det
V.ST1
N
N
V
V.ST1
V.ISA.UV PST.UV
N
V.ACH
Det
Interj
Prep
PERS.PRO =SAYA;.AKU
V.ISA.AV ISA.AV
PersName
Adv.temp
V.ST1
PersName
N
PERS.PRO
V.ST1
PersName
N
V.ABL.MOD ABILITY
PRT
V.ISA.AV ISA.AV
N.Prop
Det
V.ST1
PERS.PRO
Rel
Card.Num
Det
Det
V.ISA.AV ISA.AV
Coordconj
EX.ST EXIST
Det
DEM.PRO
V
V
V.ACY.C2 PST.ACY ACY.C2
Prep
Subordconj
PERS.PRO
@@@ CONT
Mult.Num MULT.NUM
Det
DEM.PRO
Det
N
NEG
Det
V.ST1
V.ISA.AV ISA.AV
Adv.temp
N
V.ACL PST.ACH
NEG
Det
Prep
V.ACY.C2 PST.ACY ACY.C2
INDEF.PRO ALL
N
N
V.ACY
DEM.PRO
N
N.Prop
N
Det
@@@
PersName
N
V.ADVRS.ACH NPST.ACH V.>.ADVRS
Adv.loc
V.ISA.MRK.UV ISA.MRK.UV
N.Prop
N
N
V.ST1
DEM.PRO
QUAN
Coordconj
N
DEM.PRO
V.ISA.UV PST.UV
REFL.PRO ALONE
V.ACL PST.ACL ACL
PRT =
V.ST1
V
@@@ CONT
Det.PN =
N
Det
V.ST1 ATTR.ST
PERS.PRO
N
N
V.ACY.C2 ACY.C2
Subordconj
Coordconj
Adv.epis
N
Det
DEM.PRO
V
V.ACY
Det
N LINKER
V.ISA.AV ISA.AV
V.ST.DES
Prep
Det
Prep
Subordconj
@@@
AUX.UV ISA.UV
V.ACY DIR
Det
Subordconj
V.ACY
Det
@@@
N
Det.PN =
V.ACH
V.ACY.C2 PST.ACY ACY.C2
V.ST1 ATTR.ST
Det.PN =
N
QUAN
NEG
Det.PN =
V.ST1
@@@ PST.ACY ISA.AV
Prep
PersName
Interj
V.ST
NEG
Interj
N
V.ACY DIR
N SE LINKER
V.ST.DES
AUX.UV ISA.UV
PERS.PRO =AWAK;.ENGKAU;.SAUDARA;.ANDA
Prep
CLF SE LINKER
N
Det
N
V.ISA.UV PST.UV
NEG
V.ACY
PERS.PRO
V.ISA.AV ISA.AV
V.ISA.AV ISA.AV
NP CERITA.DONGENG
Det.PN =
Subordconj
V.ACH NPST.ACH
Coordconj
PERS.PRO
QUAN
PersName
PersName
Subordconj
Adv.temp
N
Det
Det
N
N.Prop
PERS.PRO =
Det
Subordconj
V.ST1 ATTR.ST
N
N
PRT =
PersName
V
DEM.PRO
Det
Det
Det
N
PersName
Adv.loc
Coordconj
V.ACY MO.ACY
DEM.PRO
Det.PN =
PRT =
N
QUAN
Coordconj
V.ACY MO.ACY
MO.ACY.M PST.ACY MO.ACY
V.ST.COG
NEG
N
N
V.ISA.AV ISA.AV
V.ISA.AV ISA.AV
PersName
V.ACY.C2 PST.ACY ACY.C2
Subordconj
Adv.temp
Card.Num
N
DEM.PRO
QUAN
V
peg-verb.temp.sub.cl HAVING.XED
N
V.ACY DIR
Card.Num
Coordconj
N.Prop
Det
N
Det
Det.PN =
Det
PERS.PRO
N
N
Det.PN =
Prep
EX.ST EXIST
Det
N
Coordconj
V.ACY
Card.Num
V.ISA.AV ISA.AV
N
PERS.PRO
PersName
Card.Num
Prep
N
Det.PN =
Subordconj
MO.ACY.M MO.ACY
PRT =
Prep
PERS.PRO
V.ST.COG
PersName
V.ISA.AV ISA.AV
Interj
PERS.PRO
PERS.PRO =
MO.ACY.M MO.ACY
V.ACY HAB
Prep
V.ISA
Det.PN =
PersName
PERS.PRO
N
N
Prep
NEG
N
V.ACY DIR
N
Subordconj
Prep
V.ST1
PersName
N
PersName
V.ISA.AV ISA.AV
V.ACY.M MO.ACY
MO.ACY.M MO.ACY
Det.PN =
Adv.epis
QUAN
N
N
Det
N
V.ACY MO.ACY
DEM.PRO
V.ACY
V.ST1 ATTR.ST
N
Det
PERS.PRO =AWAK;.ENGKAU;.SAUDARA;.ANDA
N
Prep
Prep
N
V.ISA.AV ISA.AV
N
REFL.PRO ALONE
PersName
N.ABSTR NMLZR NMLZR
N
PERS.PRO
N.ABSTR NMLZR NMLZR
V.ISA.AV ISA.AV
Prep
Det.PN =
NEG
N
V.ISA.AV ISA.AV
N
Coordconj
N
V.ACY TOWARD
Adv.temp
N
V.ACH PST.ACH
N
PERS.PR
Det
N.Temp SE LINKER
Adv.loc MENDEKATI
CLF SE LINKER
N
Det
V.ACY MO.ACY
Det
N
N
Interj
Det.PN =
N
V.ST1
MO.ACY.M
Det
Coordconj
V.ST.PER CONT
Det.PN =
@@@ CONT
Det.PN =
Prep DI.DALAM
PERS.PRO
V.ACY
DEM.PRO
V.ACH PST.ACH
Det
V.ISA.AV ISA.AV
peg-verb.temp.sub.cl
Card.Num
PRT =
N
N
V.ACY HAB
ASP
Adv.loc
Det
PRT =
Adv.temp
V.ISA.AV ISA.AV
V.ACY ITER LIHAT;.TENGOK
N
N
NEG
V.ST.COG
Det
MOD
MO.ACY.M PST.ACY MO.ACY
V.ST2 ACY.C2
V.ST1 ATTR.ST
CLF SE LINKER
N
TNS BELUM;.BELUM.LAGI;.
V.ACY PST.ACY ACY.C2
Det
Adv.loc
N
N
Det
N
ASP
V.ST.DES
PERS.PRO =
Det
QUAN
N
Det.PN =
Det
N
PERS.PRO
Det
V.ACY MO.ACY
Card.Num
Det
Subordconj
V.ST1 ATTR.ST
V.ISA.AV
N
N
DEM.PRO
V.ACY DIR
Det
V.ISA.AV ISA.AV
N
PERS.PRO
Det.PN =
V.ST1 ATTR.ST
PERS.PRO
N
DEM.PRO
Subordconj
N.Prop
V.ST1
Subordconj
V.ISA.AV
V.ST1
V.ST1
V.ST1
PersName
V.ACL PST.ACL ACL
PersName
Card.Num
Adv.temp
N
Prep
N
NEG
PRT =
N
N
Det
N
Prep
V.ACY
V.PET PET
peg-verb.temp.sub.cl
N
Det
Adv.temp
Det
QW
V.ISA.AV
V.ISA.AV ISA.AV
V.ACY TOWARD
Det
AUX.UV ISA.UV
N
Card.Num
PERS.PRO
V.ST1
Det
NEG
Prep
N
PERS.PRO
Prep
V.ACY.C2 PST.ACY ACY.C2
V.ISA PST.UV
V.ACH
Interj
Card.Num
N
N.Prop
PRT =
Det
V.ACY MO.ACY
N
Card.Num
V.ACY.C2 PST.ACY ACY.C2
N
V.ACY ACY.C2
N.Prop
N
Adv.temp SEKARANG
N
V.ACH
Prep
Adv.loc
V.ISA.AV ISA.AV
REFL.PRO OURSELVES
Det
N
Det
Card.Num
Det
V.ISA.UV PST.UV
Det
V.INSTRV INSTRV
V.ST1
DEM.PRO
Det.PN =
TNS BELUM;.BELUM.LAGI;.
V.ISA.AV ISA.AV
Prep
Det
N
Rel
PRT
V.ISA.AV PST.AV ISA.AV
Det
Det
PERS.PRO
V.ADVRS.ACH NPST.ACH V.>.ADVRS
Det
N
PersName
DEM.PRO
N LINKER
Adv.loc
PERS.PRO
V.ISA.AV ISA.AV
NEG
V.ISA.AV PST.AV ISA.AV
Coordconj
N
PERS.PRO
PERS.PRO
Prep
NEG
N.Prop
Det
V.ISA.AV PST.AV ISA.AV
Det
V.ACY
PERS.PRO =SAYA;.AKU
V.ST1 ATTR.ST
PERS.PRO
V
Subordconj
PERS.PRO
PERS.PRO
PRT =
PERS.PRO =SAYA;.AKU
Det
N
N
Prep
V.ISA.AV PST.AV ISA.AV
N
Det
Prep
N
V.ISA
N
PRT =
PERS.PRO
Adv.temp
N
V.ACY.C2 PST.ACY ACY.C2
N
N
V.ISA.AV ISA.AV
N
V.ISA.AV ISA.AV
DEM.PRO
Coordconj
V.ST2 ACY.C2
N
NEG
V.ACY ACY.C2
N BALAI.RAYA,.BALAI.KOTA
N
Det.PN =
Coordconj
N
N
V.ISA.AV ISA.AV
N
V.ACY ACY.C2
Prep
REFL.PRO ALONE
Det.PN =
N
Det
N
Adv.epis
Prep
V.ST1 ATTR.ST
DEM.PRO
V.ST1
V.ADVRS.ACH PST.ACH V.>.ADVRS
PERS.PRO
N.Prop
Adv.temp
V.ISA.AV ISA.AV
Det
N
Card.Num
Prep
TNS BELUM;.BELUM.LAGI;.
N
V.ACY.M MO.ACY
INDEF.PRO
V.ISA.UV ISA.UV
Prep
Det
REFL.PRO ALONE
N
V.ST1 ATTR.ST
PersName
Interj
PERS.PRO
PERS.PRO =SAYA;.AKU
V ACCIDENTAL
N
DEM.PRO
Det.PN =
Coordconj
V.ISA.AV ISA.AV
Det.PN =
PersName
N.Prop
PersName
N
N
Det
N
Interj
Det
V.ACH NPST.ACH
PersName
N
Det
N
N
N
N
V.ACY DIR
V.ST1
N
PRT =
REFL.PRO OURSELVES
N
peg-verb.temp.sub.cl HAVING.XED
N
PERS.PRO =SAYA;.AKU
Adv.temp
@@@ CONT
V.ACY.C2 PST.ACY ACY.C2
V.ISA.AV ISA.AV
V.ISA.AV ISA.AV PULL.UP ISA.AV PULL.UP
MO.ACY.M
Adv.epis
V.ISA.AV ISA.AV
PERS.PRO =
INTNS
N
PERS.PRO
Det
Det
V
PRT
DEM.PRO
Prep
N
NEG
Det
V.ISA.AV ISA.AV
V.ACY MO.ACY
NEG
Det
V.ACY
V
PERS.PRO =
N
N
N
Det
N
PersName
V.ISA.AV ISA.AV
N
Subordconj
PRT =
Det
PERS.PRO
PersName
Adv.epis
PERS.PRO
N
Subordconj
N
N
N
Det.PN =
N
N
PERS.PRO
NEG
V.ISA.AV ISA.AV
N.Prop
N.Prop
Det
V
DEM.PRO
DEM.PRO
NEG
N
Subordconj
N
V.ACH
Prep
PersName
V.ST.DES
V.ISA.AV ISA.AV
Adv.temp SEKARANG
Det.PN =
Det.PN =
ASP
Card.Num
MOD
N
N
PERS.PRO
PERS.PRO =
V.ACY IMP
PERS.PRO
QW
NEG
NEG
DEM.PRO
V
N
N
N
V.ISA.AV ISA.AV
N
NEG
Det
N
N
V.ACH PST.ACH
Prep
QW
Adv.loc
QW
V.ACY DIR
N
Det
N
V.ACY
Adv.temp
V.ISA.UV PST.ACL
PERS.PRO
Coordconj
V.ISA.AV ISA.AV
N
Det
V.ST1
N
N.Prop
N
V.ISA.UV PST.UV
Adv.loc
Mult.Num MULT.NUM
V.ST1
NEG
V.ST1 ATTR.ST
PRT =
PERS.PRO
PersName
V.ACY
Det
N
Det
V.ACY TOWARD
Det
N
PERS.PRO =
V.ACY.C2 PST.ACY ACY.C2
QUAN
Ord.Num ORD.NUM
N
V
N
PERS.PRO
V.ST.DES
MOD
Prep
Det.PN =
NEG
PERS.PRO =
Adv.epis
PersName
REFL.PRO
V.ST1 ATTR.ST
V.ACH PST.ACH
Det
Prep DI.SAMPING
N
N
Subordconj
Det
PERS.PRO
PERS.PRO
V.ST1
Coordconj
V.ST1
V
Coordconj
Prep
Det
Prep
Adv.epis
@@@
V.ISA.AV ISA.AV
N
V.ST1 ATTR.ST
V.ACY
N
Interj
V.ISA.AV ISA.AV
V.ST 1ARG.ST
V.ISA.AV PST.AV ISA.AV
N
Prep DI.DALAM
V.ST1
N
NEG
V.ACY DIR
Det.PN =
N
Det.PN =
Card.Num
N
N
PRT =
N
Det
NEG
N
NEG
Det
MO.ACY.M PST.ACY MO.ACY
Card.Num
V.ISA.AV ISA.AV
V.ST1
Det
Adv.temp
PRT =
N
V.ISA.UV PST.UV
N
QUAN
INDEF.PRO
PersName
V
Det
V.ST1 ATTR.ST
V.ISA.AV ISA.AV
V.ISA.AV ISA.AV
PERS.PRO
N
N
PERS.PRO
EX.ST EXIST
V.ST1
V.ISA PST.AV IMP.AV
V
Interj
Coordconj
Det
N
Interj
PersName
Det.PN =
Det
N
Det
V
@@@
V.ST1
Det
peg-verb.temp.sub.cl
INDEF.PRO
V.ACY
V.ISA.AV PST.AV ISA.AV
Adv.epis
Coordconj
PERS.PRO
V.ISA.AV ISA.AV
DEM.PRO
V.ACY DIR
N
QW
Det.PN =
V.ACY
N
N
EX.ST EXIST
INDEF.PRO
V.ACH NPST.ACH
V.ST.COG
Prep
N
V.ACH PST.ACH
Adv.temp
@@@ CONT
V.ACY MO.ACY
V.ACH PST.ACH
V.ISA.AV ISA.AV
N SE LINKER
Interj
Det
@@@ PST.ACY RECP
N
AUX.UV ISA.UV
V.ST1 ATTR.ST
PERS.PRO
QUAN
V.ACY
PERS.PRO
V.ACY.M PST.ACY MO.ACY
Det
V.ST1
Adv.temp
V.ST.COG
Interj
N
Adv.temp
Coordconj
Det
V.ACY
V.ISA.AV ISA.AV
N
CLF
Det
PERS.PRO
N
Subordconj
V.ISA.AV ISA.AV
Det
V.ACY
N
V.ISA.AV ISA.AV
DEM.PRO
Det
ADJ
PERS.PRO
N
N
V.ST1 ATTR.ST
N
V.ISA.AV ISA.AV
Adv.epis
MO.ACY.M
V.ACY MO.ACY
PERS.PRO
N
Det.PN =
N.Prop
Det
N.Prop
Coordconj
Det
V.ST1
NEG
V.ACL PST.ACL ACL
N
N
Prep
PERS.PRO
Det
MOD
Det
Interj
N
Det
V.ISA.UV PST.UV
Interj
V.ACY
Interj
V.ST.COG
Det
N
V.ST1 ATTR.ST
V.ACH
DEM.PRO
AUX.UV ISA.UV
V.ISA.AV ISA.AV
QW
Interj
Det
V.ISA.AV ISA.AV
V.ACY.C2 IMP.ACY ACY.C2
Det
PERS.PRO
Det
Det
Prep
PERS.PRO
N
N
N
Card.Num
Det
N
Det
Card.Num
V.ST1 CONT
V.ACH PST.ACH
PERS.PRO
Det.PN =
N
QUAN
Adv.loc
MOD
Det
Rel
Card.Num
V.ACY MO.ACY
PERS.PRO
V.ST1 ATTR.ST
PERS.PRO =SAYA;.AKU
V.ST1
DEM.PRO
PersName
V.ACY DIR
V.ACY
Det
MO.ACY.M MO.ACY
V.ST1
V.ACY PST.ACY
Adv.epis
N
Prep
MO.ACY.M PST.ACY MO.ACY
V
PersName
Det.PN =
Prep
Interj
REFL.PRO MYSELF
@@@ RECP
N
EX.ST EXIST
QUAN
N
N
Det.PN =
Det
Prep
PRT =
V.ACY DIR
V.ACY
N
Adv.epis
N
Coordconj
PRT =
Prep
Adv.epis
PERS.PRO =AWAK;.ENGKAU;.SAUDARA;.ANDA
PERS.PRO
EX.ST EXIST
Prep
PERS.PRO
PERS.PRO
Det
N
V.ACL PST.ACL ACL
N
Det
Adv.temp SEKARANG
PERS.PRO
V.ST1 ATTR.ST
V.ACY
REFL.PRO ALONE
N
Det.PN =
V.ST1
PERS.PRO
V.ISA.UV PST.UV
PersName
V.ST1
peg-verb.temp.sub.cl
V.ISA.AV PST.AV ISA.AV
V.ST1
V.ISA.AV ISA.AV
N
Card.Num
Adv.loc
V.ACY
V.ACY PST.ACY
Adv.epis
V.ISA.AV ISA.AV
NEG
V
N
V.ACY PST.ACY
Adv.loc
V.ISA.AV ISA.AV
Adv.temp SEKARANG
Rel
V.ISA.AV ISA.AV
V.ACY MO.ACY
N
N
Prep
N
Coordconj
V.ACY.M MO.ACY
NP CERITA.DONGENG
PERS.PRO
PERS.PRO
Coordconj DI.KUMUDIAN
N
N
N
Det
V.ACY
Interj
Det
V.ACY.C2 PST.ACY ACY.C2
PRT =
ASP
Det
Card.Num
N
DEM.PRO
DEM.PRO
V.ISA.AV ISA.AV
V.CAUS NPST.CAUS.AV CAUS.AV
QUAN
PersName
NEG
PersName
PersName
QUAN
ASP
NEG
V.ACY MO.ACY
N.Temp
Det
Det
PRT =
Det.PN =
Det
N
Det.PN =
N
Coordconj
NEG
Coordconj
PERS.PRO
V
DEM.PRO
V.ISA.AV ISA.AV
N
Adv.temp
V.ACY.C2 PST.ACY ACY.C2
Det
V.ACY TOWARD
N
Adv.temp
PERS.PRO MEREKA
Det.PN =
Adv.temp SEKARANG
Det
Det.PN =
Card.Num
Interj
V.ISA.AV ISA.AV
Det.PN =
PERS.PRO
Adv.epis
N
Subordconj
Det.PN =
Det.PN =
Prep
N
QUAN
V.ACY ACL
Prep
Prep
N
PERS.PRO =
Det.PN =
Adv.loc
N
V.ACY PST.ACY
Det.PN =
PERS.PRO
Coordconj
Adv.epis
V.ACY MO.ACY
Det
V.ACY PST.ACL MO.ACY
DEM.PRO
V.ISA.AV PST.AV ISA.AV
Adv.temp
Det
V.ACY DIR
Det
Det.PN =
N
N
N
V.ACY
N
PERS.PRO
V
PERS.PRO
PERS.PRO
N
N
peg-verb.temp.sub.cl HAVING.XED
QUAN
PERS.PRO
Subordconj
Adv.loc
PERS.PRO
N
Det
N
PRT =
EX.ST BIDAK;.BUKAN=
QW
V.ST.COG
N
V.ST.COG
Coordconj
Adv.temp
V.CAUS.AV CAUS.AV
Adv.loc
EX.ST EXIST
PERS.PRO =SAYA;.AKU
V.ACY.C2 PST.ACY ACY.C2
V.ACY
V.ACY PST.ACY MO.ACY
Det
Interj
Adv.temp