advlizer
v OUT:AWAY 1PL.S:Ø.IPV:H.
n
n
post
verbprt
dir NTRL.
advlizer
v 3PL.O. DH.PFV:1SG.S:Ø.
v DH.PFV:1SG.S:Ø.
post 1PL.P.
v
v TERM. IT. 1PL.S:N.PFV:D.
n
v 3PL.S:Ø.IPV:D.
n 3SG.PSR.
v
proform
post
v AR.O. QUAL:Ø.IPV:2PL.S.
v
proform
n
v 3PL.S:Ø.IPV:Ø.
adv
adv
v 3SG.S:Ø.IPV:H.
advlizer
v 1PL.S. QUAL. INC:AA.IPV:Ø.
verbprt
advlizer
v
coordconn
v CONT. 3PL.S:Ø.IPV:Ø.
v CONT. 3SG.S:Ø.IPV:H.
@@@
advlizer
@@@
post
v 3PL.S:Ø.IPV:Ø.
post 2PL.P.
v IT. 1PL.S:INC:Ø.IPV:Ø.
DM
post
v
DM
n
proform
v IT. 1PL.S:AA.PFV:L.
v IT. 3PL.S:AA.IPV:D.
v INDF:3SG.S:INC. QUAL:DH.PFV:L.
mod
@@@ 3SG.S:Ø.IPV:Ø.
advlizer ADVZR
@@@ MED:AR.
v 3PL.S>3SG.P. PP.
v IT. 3PL.S:Ø.IPV:D.
v OUT. IT. 3SG.S:AA.PFV:D.
adv
n
coordconn
v 3PL.S>3SG.O. INC:AA.IPV:Ø.
nomprt
dir NTRL.
n INDF.PSR.
mod
v 3SG.S:QUAL:DH.PFV:L.
dir
v TO.TRAIL. IT. 1PL.S:N.PFV:D.
inter
v QUAL:Ø.IPV:1SG.S:H.
n
nomprt
coordconn
DM
post
adv
v AR.S. MIND. INDF.O:INC:AA.IPV:1SG.S:H.
@@@ NTRL.
@@@ NTRL.
v UP. Ø.IPV:2SG.S:Ø.
dir
coordconn
@@@ 3SG.S:OPT:Ø.
proform
@@@
v PP. DH.PFV:1SG.S:L.
post
v ?. PRMB.
v 3PL.S:Ø.IPV:D.
v UP. 3SG.S:QUAL:DH.PFV:Ø.
v IT. 1PL.S:INC:Ø.IPV:D.
@@@
adv
v 3SG.S:QUAL:OPT:L.
n
advlizer
dir NTRL.
post 3SG.P.
v 3SG.S:Ø.IPV:H.
coordconn AND.THEN
v 1SG.P. PP. QUAL:OPT:2SG.S:L.
v ?. 3SG.O. 1PL.S.
v 3PL.S:Ø.IPV:H.
verbprt
n
nomprt
adv
v 3SG.S:DH.PFV:H.
n
@@@ TERM. 3PL.S:DH.PFV:Ø.
coordconn
n
n
post
n
coordconn AND.THEN
v 3PL.S:Ø.IPV:Ø.
v
v
DM
n
post 1PL.P.
post
advlizer
v 3SG.S>3SG.P. Ø.IPV:H.
verbprt
coordconn AND.THEN
v 3SG.S>3SG.P. Ø.IPV:H.
v IT. 3SG.S:Ø.IPV:Ø.
imp
@@@
n
post RECP.P.
n 3SG.PSR.
n 1SG.PSR.
post
v AWAY. INDF. 3SG.S:N.PFV:L.
advlizer
adv
n 3SG.S>3SG.PSR.
adv
v 3SG.S>3SG.P. Ø.IPV:H.
n REFL.PSR.
n
coordconn
post
v 3PL.S:Ø.IPV:L.
mod
advlizer
@@@ 3SG.S>3SG.O.
DM
v CON. QUAL:I.PFV:1SG.S:H.
advlizer
advlizer
advlizer
DM
n 3SG.PSR.
v 3SG.S>3SG.P. Ø.IPV:H.
post
n
v QUAL:OPT:2SG.S:H.
pro
dir NTRL.
v HAIR. 3PL.S:Ø.PFV:L.
v 3SG.S:INC:Ø.IPV:Ø
v UP. 3SG.S:Ø.PFV:Ø.
v 3SG.S:QUAL:DH.PFV:L.
n
post
n
advlizer
n 1SG.PSR. AA.PFV:Ø.
cardnum
v INC. DH.PFV:1SG.S:Ø.
v 3SG.S:AA.IPV:L.
adv
n
v QUAL:Ø.IPV:2SG.S:Ø.
n 1SG.PSR.
@@@
adv
adv
post 3SG.S>3SG.P.
n
advlizer
v 3SG.S:Ø.PFV:Ø.
v 3PL.S:Ø.IPV:L.
dir MED.
coordconn
n
adv
n 3PL.P.
v 3PL.S>3SG.P. UP. INDF:INC. 3SG.S:AA.PFV:H.
n
v IT. 3PL.S. INC:Ø.IPV:D.
@@@
@@@ NTRL.
v TERM. IT. 1PL.S:N.PFV:D.
dir NTRL.
n
coordconn
nomprt
v ?. 3PL.S:Ø.IPV:D.
advlizer
post 1SG.P.
adv
advlizer
advlizer
@@@ TERM. 1SG.O. 3PL.S. 3SG.S:QUAL:AA.PFV:H.
adv
v 3SG.S:AA.IPV:Ø.
v IT. 3SG.S:INC:DH.PFV:D.
@@@ AR.S:Ø.PFV:Ø.
adv
v 3SG.S:QUAL:DH.PFV:L.
post 1SG.P.
adv
post 3SG.S>3SG.P.
coordconn
adv
proform
n 1SG.PSR.
n 1SG.PSR.
coordconn
advlizer
coordconn
n
n
inter
v OUT. 3PL.S:AA.PFV:Ø.
dir
interj
mod
advlizer
n
adv
post
v PRMB. 3PL.S. INC:Ø.IPV:D.
n
v DANCE. 3PL.S:Ø.IPV:L.
v INC:OPT:1SG.S:Ø.
v 3SG.S:Ø.IPV:H.
n 1SG.PSR.
v 3SG.S:INC:AA.IPV:Ø.
@@@
coordconn
n
coordconn
advlizer
v
n
v AR.S:Ø.PFV:Ø.
v 1PL.S:Ø.IPV:L.
v ASHORE. IT. 1PL.S:INC:Ø.IPV:Ø.
v
v 3PL.S. N.PFV:Ø.
v
@@@
coordconn
advlizer
v
advlizer
pro
dir
v 3SG.S>3SG.O. QUAL:Ø.IPV:H.
post 1PL.P.
v 1PL.S. QUAL:Ø.IPV:H.
nomprt
v QUAL:Ø.IPV:1SG.S:Ø.
v 3PL.S:Ø.IPV:Ø.
inter
post 3PL.P.
coordconn
post
n
dir NTRL.
dir MED.
v 1PL.S:OPT:Ø.
v INTO.WATER. 3SG.S>3SG.O. 3SG.S:AA.PFV:H.
adv
post 3PL.S>3SG.P.
n
adv
post 3SG.S>3SG.P.
v IT. 3SG.S:AA.IPV.
v IT. 2SG.O. N.PFV:1SG.S:H.
n
adv
@@@
n 2SG.PSR.
n
adv 3PL.S:INC:Ø.IPV:Ø.
nomprt
nvp 3SG.O.
v 3SG.S:QUAL:Ø.PFV:Ø.
nvp
n
v OUT. IT. INDF.O. 3SG.S:QUAL:DH.PFV:L.
proform
@@@
adv
@@@ TERM.
v
advlizer ADVZR
post
coordconn AND.THEN
v PEJ. QUAL:Ø.PFV:1SG.S:L.
n 2SG.PSR.
post
v AR.S:Ø.PFV:L.
post
post
post 3SG.P.
v 3PL.S>3PL.O. QUAL:Ø.IPV:Ø.
v 3SG.S>3SG.P. Ø.IPV:H.
v 3PL.S:Ø.IPV:Ø.
n
n
n 1SG.PSR.
@@@
post
v 3SG.S:DH.PFV:Ø.
v
post
mod
n
v 2PL.O. TRADE. INC:QUAL:AA:IPV:1SG.S:H.
post
v INC:AA.IPV:2SG.S:Ø.
v IT. 3SG.S:AA.PFV:H.
v 1PL.S:Ø.IPV:Ø.
verbprt
v OUT. HEAD. 3SG.S:AA.PFV:Ø.
advlizer
v 3SG.S:AA.IPV:L.
v 3PL.S:AA.IPV:Ø.
v 3SG.P. QUAL:Ø.IPV:1SG.S:Ø.
post
coordconn
proform
post
proform
advlizer
v INC:OPT:1SG.S:Ø.
advlizer
adv
v IT. DH.PFV:1SG.S:L.
coordconn
proform
n
coordconn AND.THEN
advlizer
v 3PL.P. EXTERMINATE. INDF.O:AA.PFV:Ø.
coordconn
v IT. INC:QUAL:Ø.IPV:D.
post
v 3PL.S:Ø.IPV:H.
post
dir
advlizer
post
n
post
coordconn
v 3PL.S:Ø.IPV:Ø.
n
proform
v 3SG.P. PP. 1PL.S. QUAL:NEG.PFV:L.
v
n
v PP. INDF.O:INC:AA.IPV:2PL.S:H.
coordconn
n
@@@ 3PL.S:Ø.IPV:Ø.
@@@ ADJC.
advlizer
advlizer
post 3PL.P.
advlizer
advlizer
v Ø.IPV:2SG.S:H.
adv
n
v CONT. INDF.O:Ø.IPV:2PL.S:Ø.
n INDF.PSR.
post 1SG.P.
post 3PL.P.
inter
n
v 3PL.S>3SG.O. Ø.IPV:Ø.
v 3SG.S>3SG.O. N.PFV:Ø.
@@@
v 3SG.S>3SG.P. Ø.IPV:H.
nomprt
adv
v
coordconn
post
v IT. 3PL.S. INC.DH.PFV:D.
v COMPLETELY. MOUTH INC. QUAL:Ø.IPV:1SG.S:H.
DM
coordconn
proform
adv
post
@@@
mod
adv
v 3PL.S.
v OUT. 3PL.O. 3PL.S. INC:AA.IPV:Ø.
@@@ NTRL.
proform
v 3SG.S:QUAL:AA.PFV.
post
post
v 3SG.S:INC:DH.PFV:Ø.
v 3SG.S:INC:Ø.IPV:Ø
advlizer
advlizer
v CONT. I.PFV:Ø.
coordconn
DM
DM
v CON. INDF.O. 3SG.S:Ø.IPV:L.
post
post
n 1SG.PSR.
v 3SG.P. PP. Ø.PFV:1SG.S:D.
v IT. 1PL.S:DH.PFV:D.
post 1PL.P.
n GIRL
n
n
post
v DOWN. 3PL.S:N.PFV:Ø.
coordconn AND.THEN
@@@
advlizer
n
n
proform
adv
advlizer
n 3SG.PSR.
verbprt
DM
dir
post
proform
n
adv
advlizer
adv
post 3SG.P.
post 3PL.S>3SG.P.
post 3PL.P.
n
adv
proform
n 1SG.PSR.
coordconn
advlizer
verbprt
n
v AR.S:Ø.PFV:Ø.
v 3PL.S:Ø.IPV:H.
v 3PL.S:Ø.IPV:Ø. NEG.PFV:1SG.S:D.
v PRMB. 1PL.S:INC:Ø.IPV:D.
nomprt
n
proform
@@@
nomprt
adv
coordconn
v 1PL.S:INC:Ø.IPV:Ø.
dir NTRL.
proform
n
n
coordconn AND.THEN
n 1SG.PSR.
v IT. 3SG.S:QUAL:Ø.IPV:L.
@@@
adv
v INC:AA.IPV:1SG.S:Ø.
post
coordconn
n
@@@
nomprt
@@@ 3PL.P.
adv
coordconn
dir
v 3SG.S>AR.O:DH.PFV:H.
post
adv
coordconn
nvp
@@@ 3SG.S:AA.PFV:H.
adv THERE
v 3PL.S:Ø.IPV:Ø.
v QUAL:AA.IPV:2PL.S:Ø.
v AWAY. 3PL.S. INDF.S:QUAL:DH.PFV:L.
DM
v
post
advlizer ADVZR
@@@ 1PL.S:QUAL:DH.PFV:L.
n
dir
nomprt
v TERM. IT. 3SG.S:N.PFV:D.
n
DM
proform
v 3PL.S:Ø.IPV:H.
v IT. 1PL.S:INC:Ø.IPV:D.
@@@
advlizer
proform
n
v IT. INC:QUAL:Ø.IPV:2PL.S:D.
n
v PRMB. INC:Ø.IPV:1SG.S.
advlizer
n
advlizer
v IT. DSTR. INDF.O. 1PL.S:AA.PFV:Ø.
v QUAL:Ø.IPV:1SG.S:Ø.
n
adv
nomprt
post
DM
post
n
DM
v AR.O. QUAL:Ø.IPV:2SG.S:H.
DM
adv
n ?.
adv
adv
adv
coordconn
post
n
v 3SG.S:CON:Ø.IPV:Ø.
n
n
adv
proform
post
v 3SG.P. HANDING.TO. AA.IPV:1SG.S:Ø.
v
nvp
post 1SG.P.
advlizer
coordconn AND.THEN
v 3SG.P. QUAL:Ø.IPV:2SG.S:Ø.
advlizer ADVZR
v AR.S:DH.PFV:D.
DM
adv
coordconn
nomprt
n
v 3SG.S>3SG.P. Ø.IPV:H.
advlizer
v 3SG.S:AA.PFV:Ø.
v AA.IPV:2PL.S:Ø.
v 3SG.S>3SG.O. QUAL:AA.PFV:Ø.
advlizer
@@@ UP. 3SG.S:DH.PFV:Ø.
@@@ NTRL.
adv
v 1PL.S:Ø.PFV:Ø.
post 3SG.P.
coordconn
@@@
verbprt
post
advlizer
n 3PL.PSR.
v 3PL.S:Ø.IPV:Ø.
v CONT. I.PFV:2SG.S:Ø.
adv
v ?. Ø.IPV:1SG.S:L.
n
v 1PL.S:QUAL:Ø.PFV:Ø.
DM
adv
nomprt
n
proform
post
adv
dir
@@@
v 1PL.S:Ø.IPV:Ø.
adv
DM
post 3SG.S>3SG.P.
n 1PL.PSR.
post
nomprt
adv
nomprt
post
nomprt
inter
advlizer
n
coordconn
n
coordconn
inter
v 1SG.O. N.IPV:2SG.S:Ø.
v
n
n
n 1SG.P.
v ?. PEJ. 3PL.S:Ø.IPV:D.
nomprt
proform
post
coordconn AND.THEN
@@@
inter
advlizer
n
nomprt
adv
adv
DM
coordconn
adv
nomprt
n
n 3SG.PSR.
v
adv
coordconn
nomprt
dir
v
advlizer
v OUT. OPT:1SG.S:Ø.
nomprt
post
v TERM. 3SG.S:N.PFV:Ø.
proform
v 3SG.S:DH.PFV:L.
@@@ REFL.PSR.
adv
v IT. 3SG.S>3SG.O. INC:Ø.IPV:Ø.
v 3PL.S. QUAL:Ø.IPV:Ø.
v ?. QUAL. 3PL.S:AA.PFV:H.
v 3SG.S:Ø.PFV:Ø.
proform
n
proform
v TIRED. 3SG.S:INC:DH.PFV:D.
v 1PL.O. 3SG.S:Ø.IPV:H.
v 3PL.S>3SG.P. Ø.IPV:H.
post 1SG.P.
n
post
advlizer
v 3PL.S. INC:DH.PFV:Ø.
dir QUAL:Ø.IPV:Ø.
interj
v PP. PEJ. 3PL.S:Ø.IPV:D.
n
n 2SG.PSR.
dir NTRL.
v 3SG.P.
dir
v TERM. IT. 3PL.S>3PL.O. QUAL:DH.PFV:L.
n
v 1SG.P. 3PL.S:Ø.IPV:Ø.
coordconn
post
v
n
post
v D.
v IT. 3SG.S:QUAL:AA.IPV:Ø.
v IT. INC:OPT:1SG.S:D.
v PP. INC. QUAL:AA.IPV:2PL.S:Ø.
v MED. QUAL:DH.PFV:L.
adv
proform
@@@ QUAL:Ø.PFV:1SG.S:Ø.
@@@
coordconn
mod
v AR.S:Ø.PFV:Ø.
advlizer
coordconn
n
v 3SG.S:AA.PFV:Ø.
@@@
dem
post
v
v
v 3SG.S>3SG.P. Ø.IPV:H.
advlizer
coordconn
v UP. Ø.IPV:2SG.S:Ø.
v 3SG.S:Ø.PFV:Ø.
n
advlizer
v 3SG.S:Ø.IPV:H.
v UP. Ø.IPV:1SG.S:Ø.
v AWAY. IT. INC:AA.IPV:1SG.S.
n
@@@
interj
v 3SG.S>3SG.P. Ø.IPV:H.
inter
v 3SG.P.
v HAND. 3SG.S>3SG.O. QUAL:N.PFV:Ø.
v
v 3SG.S:Ø.PFV:Ø.
dir MED.
advlizer
v QUAL:Ø.IPV:1SG.S:Ø.
coordconn
@@@
proform
@@@ 3PL.S. INC:DH.PFV:Ø.
verbprt
n 1SG.PSR.
advlizer
advlizer ADVZR
advlizer
advlizer
@@@ 1SG.O.
v AR.S:Ø.PFV:Ø.
v TO.SIDE. QUAL. DH.PFV:1SG.S:L.
v QUAL:Ø.IPV:1SG.S:Ø.
nvp INDF.
nomprt
n
coordconn AND.THEN
coordconn
nomprt
post 3PL.S>3PL.P.
n 1SG.PSR.
n
adv
n 1SG.PSR.
@@@ 1SG.O.
v PRMB. 3SG.S:INC:Ø.IPV:D.
adv
n
post
coordconn
adv
@@@
mod
v TERM. IT. 3SG.S:INC:AA.IPV.
advlizer
n
v QUAL. QUAL:Ø.PFV:1SG.S:Ø.
coordconn
v 3SG.S:QUAL:QUAL:Ø.IPV:Ø.
post
coordconn
v IT. 3SG.S>3SG.O. INC:QUAL:DH.PFV:Ø.
DM
v 3SG.S:QUAL:Ø.IPV:L.
n GIRL
n 1PL.PSR.
coordconn AND.THEN
adv
n 2SG.P.
mod
advlizer
post INDF.P.
n
DM
@@@
v 1PL.S:INC:AA.IPV:Ø.
n
advlizer
v CONT. IT. INDF.O. 3PL.S. QUAL:Ø.IPV:Ø.
n
@@@ AS.WELL
n 1SG.PSR.
@@@ REFL.PSR.
advlizer
adv
v PP. N.PFV:Ø.
post 3SG.P.
v INTO.HOLE. 3PL.S:Ø.IPV:Ø.
v PEJ. AR:Ø.PFV:1SG.S:H.
advlizer
proform
v 3SG.S:DH.PFV:Ø.
v Ø.PFV:1SG.S:Ø.
post 3PL.S>3SG.P.
DM
v
interj
coordconn
post
cardnum
n
post
v IT. 3PL.S:Ø.IPV:D.
post 2PL.P.
dir NTRL.
v OUT. 1PL.S:QUAL:AA.PFV:Ø.
post
n
n INDF.PSR.
mod
proform
v IT. 3SG.S:DH.PFV:H.
n
post
v 3SG.S:QUAL:DH.PFV:Ø.
adv
coordconn
n GIRL
v INSIDE. N.IPV:2SG.S:Ø.
adv
v IT. 1PL.O. 3PL.S:INC:Ø.IPV:Ø.
nomprt
post 3SG.P.
dir MED.
advlizer
v IT. AA.PFV:1SG.S:D.
v
v PP. 3PL.S. INC:QUAL:AA.IPV:Ø.
advlizer
advlizer
v 3PL.S:Ø.IPV:Ø.
v 1SG.P. 3SG.S:Ø.IPV:H.
mod
inter
verbprt
v QUAL:I.PFV:L
pro
coordconn AND.THEN
proform
n 1SG.PSR.
v 1PL.S:Ø.IPV:D.
@@@ 3PL.S:DH.PFV:H.
post
n
v AR.S:Ø.PFV:Ø.
v 3SG.S>3SG.P. Ø.IPV:H.
mod
n
post 3SG.P.
coordconn
n
DM
n
n
adv
post
adv
adv
n
v PP. PEJ. NEG.PFV:1SG.S:D.
v 3SG.S:AA.PFV:Ø.
v 3SG.S:INC:AA.IPV:H.
v 1SG.PSR.
advlizer
v
coordconn
coordconn
advlizer ADVZR
v 1SG.P. 3SG.S:Ø.IPV:H.
n
@@@ INC:Ø.IPV:D.
v QUAL:Ø.IPV:1SG.S:Ø.
post
v CONT. 3PL.S:Ø.IPV:H.
DM
v 1SG.P. 3SG.S:Ø.IPV:H.
coordconn
adv
v IT. 3SG.S:AA.IPV:D.
advlizer
advlizer
n 1PL.PSR.
verbprt
post
v 3SG.S:Ø.IPV:H.
post 1SG.P.
v 3SG.S:Ø.IPV:Ø. 3PL.S. INC:QUAL:AA.IPV:Ø.
v QUAL:Ø.PFV:1SG.S:Ø.
n 3PL.PSR.
n
v 3PL.S:QUAL:DH.PFV:L.
v INC:AA.IPV:1SG.S:Ø.
post 1SG.P.
post
v AR.S:Ø.PFV:Ø.
v INDF.PSR.
coordconn
proform
post
v 3SG.S:QUAL:I.PFV:H.
v 3PL.S:Ø.IPV:Ø.
v AR.S:Ø.PFV:Ø.
post
proform
coordconn
inter
n
adv
adv
coordconn
v IT. INC:QUAL:DH.PFV:D.
adv
n 1SG.PSR.
adv
advlizer
@@@ REFL.PSR.
coordconn AND.THEN
v 3SG.S:Ø.IPV:Ø.
post
advlizer
post 3PL.P.
pro
n
v 3SG.S:QUAL:DH.PFV:Ø.
DM
v 3SG.S:Ø.IPV:H.
adv
n
v AR.S. QUAL:Ø.IPV:L.
coordconn
adv
nomprt
adv
post
DM
proform
advlizer
post 1PL.P.
coordconn
adv
v
post
v
proform
n
coordconn
post
dir MED.
v
proform
advlizer
mod
post
n
post
post
post
coordconn
v 3SG.S>3SG.P. Ø.IPV:H.
DM
adv
n
v OUT. INDF:3SG.S:INC. AA.PFV:Ø.
n REFL.PSR.
coordconn
v TERM. IT. 3SG.S>3SG.O. N.PFV:L.
@@@ 1SG.PSR.
post
@@@ 3PL.S. QUAL:DH.PFV:L.
adv
post
n INDF.PSR.
@@@
proform
adv
verbprt
post
v 1SG.P. 3SG.S:Ø.IPV:H.
coordconn
post 3SG.P.
dem
advlizer
post 1SG.P.
v 3PL.S. QUAL:DH.PFV:Ø.
n REFL.PSR.
v IN.CIRCLE. 3SG.S:INC:Ø.IPV:L.
v 3SG.S>3SG.O. Ø.IPV:H.
verbprt
v 3SG.S>3SG.P. Ø.IPV:H.
n 3PL.P.
nomprt
coordconn AND.THEN
n
post 3PL.P.
nomprt
advlizer ADVZR
adv
adv
n
coordconn
v UP. 3PL.S:DH.PFV:Ø.
post
advlizer
@@@ ACROSS. N.PFV:Ø.
n
advlizer
adv
post
v 3PL.S>3SG.P. Ø.IPV:H.
dir NTRL.
v 3PL.S:Ø.IPV:Ø.
v 3SG.S>3SG.P. Ø.IPV:H.
v TERM. 1PL.S:Ø.IPV:D.
DM
v 3SG.P. CON:DH.PFV:Ø. INC:DH.PFV:Ø.
coordconn
coordconn
coordconn
adv
adv
v 3PL.S>3SG.O.
adv
n 3PL.P.
n 1SG.PSR.
n
adv
n
@@@ 3SG.P.
v QUAL:Ø.IPV:Ø. QUAL:AA.PFV:1SG.S:L.
v INC. DH.PFV:1SG.S:H.
n GIRL
v
advlizer
n
post 3PL.P.
coordconn AND.THEN
v 1PL.S:QUAL:Ø.PFV:Ø.
@@@
post
v FULL. IT. INC:QUAL:DH.PFV:Ø.
post
coordconn
n 3SG.PSR.
n
@@@ NTRL.
n
v PRMB. 3SG.S:INC:DH.PFV:H.
advlizer
advlizer
n GIRL
v CONT. OPT:1SG.S:Ø.
proform
proform
v QUAL:OPT:2SG.S:H.
coordconn
advlizer
nvp
post
n 1SG.PSR.
nomprt
post
v 3PL.P. PP. PRETEND. INDF.S:QUAL:DH.PFV:L.
@@@
@@@ AND
post 3PL.P.
n
inter
adv
inter
coordconn
coordconn
v DANCE. 3PL.S:Ø.IPV:L.
adv
post
v ?. PP. 3SG.S:N.PFV:D.
adv
advlizer
post
post 3SG.P.
v 3SG.S:AA.PFV:H.
coordconn AND.THEN
nomprt
v 1PL.S. QUAL:QUAL:Ø.IPV:D.
v QUAL:Ø.PFV:1SG.S:Ø.
post
@@@
n
n
post
v AR.S:Ø.PFV:Ø.
adv
dir
post 3SG.S>3SG.P.
mod
n
v AR.O. QUAL:Ø.IPV:2PL.S.
post 3SG.S>3SG.P.
v INC:AA:IPV:H.
n
v INDF.S. AR. QUAL:DH.PFV:L.
adv
v DH.PFV:1SG.S:Ø.
n
post 2PL.P.
coordconn
coordconn
v 3SG.S:QUAL:QUAL:Ø.IPV:Ø.
adv
adv
verbprt
coordconn
v 3SG.S>3SG.P. Ø.IPV:H.
mod
v RECP.P. 1PL.S. CON. 1PL.S:QUAL:DH.PFV:L.
DM
v 1PL.O. 3PL.S:INC:Ø.IPV:Ø.
advlizer
v 3SG.S:AA.IPV:Ø.
proform
n
coordconn
n
DM
coordconn
nomprt
advlizer
advlizer
v AWAY. 2PL.O. 3SG.S:INC:AA.IPV:Ø.
v AR.S. INC:AA.IPV:Ø.
@@@ REFL.PSR.
advlizer
coordconn
advlizer
post
v 3SG.S:DH.PFV:L.
adv
v DH.PFV:1SG.S:Ø.
post 1SG.P.
v QUAL:Ø.PFV:2SG.S:Ø.
inter
dir NTRL.
v
v TERM. IT. 3SG.S:N.PFV:D.
advlizer ADVZR
v 3PL.S:Ø.IPV:L.
v PRMB. INC:Ø.IPV:D.
advlizer
coordconn
proform
n
post 3SG.S>3SG.P.
coordconn
n
n
adv
n
v 3SG.S>3SG.P. Ø.IPV:H.
coordconn
adv
dir
@@@ 2SG.P.
n INDF.PSR.
coordconn
post
n
post 3SG.S>3SG.P.
advlizer
dir MED.
adv
v 3SG.S:AA.PFV:H.
post
n
n DOG.
n
v CONT. 3SG.S:INC:DH.PFV:H.
coordconn
coordconn
verbprt
interj
advlizer
adv
adv
coordconn
adv
adj
post
adv
adv
proform
post
coordconn
advlizer
pro
v 3SG.S>3SG.O. QUAL:AA.PFV:Ø.
adv
n 2SG.PSR.
post
coordconn
post
n 3SG.PSR.
v OUT. 3SG.S:AA.PFV:H.
@@@ TERM.
@@@
advlizer
pro
v CONT. SKIN. 3SG.S:DH.PFV:H.
v 3SG.S:Ø.PFV:H.
coordconn
coordconn
@@@
n
verbprt
pro
v 3SG.S:DH.PFV:Ø.
v 3SG.S>3SG.P. Ø.IPV:H.
@@@ 3PL.P.
proform
adv
DM
n
v 3SG.S>3SG.P. 3SG.S:Ø.IPV:H.
DM
DM
verbprt
v 3SG.PSR.
verbprt
post
coordconn AND.THEN
DM
adv
mod
DM
n
n
n GIRL
n
post
nomprt
DM
v CMPL. 3PL.S:Ø.PFV:L.
v 3SG.S>3SG.O. QUAL:Ø.IPV:H.
dir AR.
inter
@@@ TERM. AR.S:DH.PFV:D.
post
coordconn AND.THEN
post
n 3SG.S>3SG.PSR.
post
verbprt
advlizer
v CON. 3PL.S. QUAL:I.PFV:H.
DM
dir MED.
post
@@@ OPT:1SG.S:Ø.
post 3PL.P.
nomprt
coordconn
proform
coordconn
n
v 3SG.PSR.
n 1SG.PSR.
pro
n
v CONT. 3PL.S. N.PFV:Ø.
v
post
mod
post 3SG.S>3SG.P.
dir NTRL.
v
v 1PL.O. 3SG.S:QUAL:Ø.IPV:H.
post 3SG.P.
nomprt
v 3SG.S:QUAL:Ø.PFV:L.
post
coordconn
mod
mod
v IT. 1PL.S:Ø.IPV:D.
@@@ NTRL.
v OPT:1SG.S:L.
adv
post
adv
nomprt
v 3SG.S:Ø.IPV:H.
n
adv
post
v QUAL:Ø.IPV:1SG.S:Ø.
n
v 3SG.S:N.PFV:Ø.
n
dir
post
n
n REFL.PSR.
coordconn
advlizer
post 2PL.P.
post
v 3SG.S:INC:DH.PFV:L.
proform
v IT. 3SG.S:Ø.IPV:Ø.
n 2PL.PSR.
v
mod
v 1PL.O. CON. 3PL.S:Ø.IPV:D.
v 3SG.S>3SG.P. Ø.IPV:H.
coordconn
DM
mod
proform
n 3SG.S:INC:AA.IPV:D.
coordconn
v
v 3PL.S>3SG.O. QUAL:Ø.IPV:H.
advlizer ADVZR
v
v OPT:2PL.S:Ø.
nomprt
post
v OUT. IT. 3SG.S:INC:Ø.IPV:D.
adv
post 3SG.P.
v AR.S:Ø.PFV:Ø.
v UPLAND. 3SG.S:Ø.PFV:Ø.
n
mod
dir NTRL.
n 3PL.P.
advlizer
n 1SG.PSR.
advlizer
adv
mod
n
post
adv
v 3PL.S:QUAL:DH.PFV:L.
proform
v 3SG.P. QUAL:Ø.IPV:1SG.S:Ø.
dir
adv
dir
@@@
adv
@@@
v QUAL:Ø.IPV:2SG.S:H.
advlizer
dir
n
v INTO.FIRE TO. 3SG.S>3SG.O. QUAL:AA.PFV:Ø.
post
adv
v 3SG.S>3SG.P. Ø.IPV:H.
verbprt
n
post
advlizer
n
coordconn
@@@
v 3PL.S:Ø.PFV:Ø.
post
n
v 3PL.S:DH.PFV:Ø.
@@@
advlizer
@@@
n INDF.PSR.
v 3PL.S>3SG.P. INSIDE. INDF.O:AA.PFV:Ø.
post
v
n
nomprt
advlizer
v 3PL.S:QUAL:DH.PFV:L.
coordconn
n
n
v 3SG.O. PP. DH.PFV:1SG.S:L.
v 3SG.S>3SG.O. 3PL.S:Ø.IPV:Ø.
post
dir
n
@@@ INDF.PSR.
v AR.S. INC:DH.PFV:Ø.
nvp
v IT. 1PL.S:INC:DH.PFV:Ø.
adv
dir DSTL. MED.
v 3SG.S:AR. QUAL:Ø.IPV:H.
advlizer
@@@ 3PL.P.
dir
advlizer
v IT. 1PL.S:INC:OPT:D.
v 3SG.S:QUAL:DH.PFV:Ø.
post
post
coordconn
v AA.IPV:2PL.S:Ø.
v 1PL.S:N.PFV:Ø.
post
post
v QUAL. 1PL.S:INC:AA.IPV:Ø.
adv
post 2PL.P.
nomprt
advlizer
v CONT. 3PL.S:Ø.IPV:Ø.
n
n REFL.PSR.
@@@ INC:AA.IPV:Ø.
n
post
n 1SG.PSR.
coordconn
DM
coordconn
v AR.O. 3SG.S:N.PFV:Ø.
coordconn
v DROWN. 3SG.S:N.PFV:Ø.
adv
@@@ 3SG.S>3SG.O. QUAL:DH.PFV:H.
post
advlizer
dir NTRL.
n 3SG.PSR.
post
n
post
v TERM. 3SG.S:Ø.IPV:Ø.
post
v
adv
n INDF.PSR.
n INDF.PSR.
pro
v 1SG.P. MOUTH 3SG.S:N.PFV:Ø.
v CONT. 3SG.S:I.PFV:Ø.
v INDF.S:AA.PFV:D.
advlizer
post
coordconn
v AA.IPV:2PL.S:Ø.
proform
@@@
n GIRL
post
coordconn
v 3SG.S:N.PFV:Ø.
v 3PL.S:Ø.PFV:Ø.
v 3SG.S:AR.O:Ø.IPV:H.
advlizer
interj
proform
nomprt
adv
coordconn
proform
post 3PL.S>3SG.P.
n INDF:3SG.S:INC.
n
adv
v RECP.O. CON. 1PL.S:QUAL:DH.PFV:L.
v
v 3SG.S:QUAL:AA.PFV:Ø.
proform
dir NTRL.
nomprt
verbprt
adv
pro
@@@ AND
post RECP.P.
proform
adj
v 3SG.S>3SG.P. Ø.IPV:H.
v INDF.O. QUAL:OPT:1SG.S:Ø.
post INDF.PSR.
adv
DM
n
coordconn
v ON.TRAIL Ø.IPV:2PL.S:Ø.
dir NTRL.
advlizer
advlizer
v 3SG.S>3SG.P. Ø.IPV:H.
v 3SG.S:QUAL:AA.PFV:Ø.
v IT. 1PL.S:INC:Ø.IPV:D.
n
advlizer
nvp
v 3SG.S:QUAL:Ø.PFV:L.
n
proform
n
coordconn AND.THEN
advlizer
coordconn
advlizer
coordconn
@@@
quant ALL
verbprt
post
v 3SG.S>3SG.P. Ø.IPV:H.
adv
v TERM. Ø.IPV:1SG.S:Ø.
adv
v 3PL.P. 3SG.S:Ø.IPV:H.
v TERM. 3SG.S:QUAL:N.PFV:Ø.
post 1PL.P.
n
post
v
adv THERE
v 3PL.P. PP. INC:QUAL:AA.IPV:2PL.S:H.
dir NTRL.
n 3SG.S>3SG.PSR.
v 3SG.S>3SG.P. Ø.IPV:H.
n
DM
post
v PRMB. INC:Ø.IPV:H.
post
v
proform
verbprt
n 1SG.PSR.
adv
coordconn
n
proform
mod
n 2SG.PSR.
advlizer
advlizer
@@@ 3PL.S.
DM
v AR.S:Ø.PFV:Ø.
v 3SG.S>3SG.P. Ø.IPV:H.
coordconn
coordconn
v 3SG.S:DH.PFV:Ø.
coordconn AND.THEN
dir
adv
adv
v Ø.IPV:1SG.S:H.
cardnum
nomprt
nomprt
nomprt
adv
v 3PL.S>3SG.P. SURROUNDING QUAL:AA.PFV:H.
post
dir AR. NTRL.
adv
advlizer
verbprt
advlizer
verbprt
n 1PL.PSR.
v 3SG.S:DH.PFV:H.
v 3PL.S. QUAL:QUAL:Ø.IPV:Ø.
v 3SG.S:Ø.IPV:H.
inter
advlizer
n
n 2PL.PSR.
coordconn
proform
advlizer
n
n
v 3PL.S. N.PFV:Ø.
v
n
proform
post
v TIRED. 3SG.S:INC:DH.PFV:D.
n
n
n
adv
n 3PL.PSR.
n
coordconn
v AR.S:DH.PFV:D.
coordconn AND.THEN
n
n 1SG.PSR.
cardnum
v INDF.S. 3SG.S>3SG.O. QUAL:AA.IPV:Ø.
post
v AR.O. QUAL:Ø.IPV:2PL.S.
v 3SG.P. PP. AR.S:Ø.PFV:Ø.
post
post
adv
v 3PL.S. INC:DH.PFV:Ø.
adv
post
imp
advlizer
interj
@@@
dir
v 1PL.P. 3SG.S:Ø.IPV:H.
advlizer
v SPEECH. 3SG.S:QUAL:Ø.IPV:L.
adv
cardnum
post 3PL.S>3SG.P.
v 3SG.S:OPT:Ø.
post 1SG.P.
n
adv
v 3SG.S>3SG.P. Ø.IPV:H.
v 3PL.S. N.PFV:Ø.
coordconn
advlizer
n 1SG.PSR.
coordconn
nomprt
v 1PL.S:QUAL:Ø.PFV:Ø.
proform
post
proform
post 3SG.S>3SG.P.
n REFL.PSR.
adv
n
advlizer
adv
coordconn
v 1SG.PSR.
coordconn AND.THEN
verbprt
v 3SG.S>3SG.P. Ø.IPV:H.
coordconn
v 3PL.S. QUAL:Ø.IPV:H.
v 3SG.S:Ø.PFV:Ø.
dir
n
v TIRED. 3SG.S:AA.PFV:D.
advlizer ADVZR
n
v IT. SKIN. 3PL.S:Ø.IPV:H.
v WAYSIDE. 3PL.S:Ø.IPV:L.
nvp
v
v 3PL.S. CON:Ø.IPV:Ø.
@@@
n 3PL.PSR.
n
@@@
@@@ REFL.PSR.
DM
@@@ MED.
post
v INC. 3SG.S:AA.IPV:D.
adv
inter
coordconn
v
inter
coordconn 2SG.P.
v IT. 1PL.S:INC:Ø.IPV:D.
n
dir NTRL.
DM
v INDF:3SG.S:INC. 3SG.S:AA.IPV.
advlizer
@@@ 3SG.S:AA.PFV:H.
n
post
advlizer
proform
n 3SG.PSR.
post 3SG.S>3SG.P.
v
adv
proform
DM
adv
v INSIDE. N.IPV:2PL.S:Ø.
v IT:AR. INC:AA.IPV:2SG.S:L.
v 3PL.S:QUAL:Ø.IPV:H.
coordconn
v 3PL.S:Ø.IPV:H.
v 3PL.S:DH.PFV:Ø.
post
post 1SG.P.
post
n
nomprt
n
v 3SG.S:N.PFV:Ø.
v DH.PFV:1SG.S:Ø.
n
@@@
post
post
@@@
n
v 3PL.S. CON:OPT:H.
adv
@@@ TERM.
v 3PL.S>3SG.O. Ø.IPV:H.
post
v PP. 3PL.S:Ø.IPV:D.
v AR.O. INC:QUAL:AA.IPV:2PL.S:H.
coordconn AND.THEN
v 3SG.S:Ø.PFV:Ø.
n
@@@
n
n 2PL.PSR.
adv
coordconn
n
mod
v DSTR. INDF.O:1PL.S:OPT:Ø.
v TERM. 1PL.S. N.PFV:Ø.
post
v 3SG.S:INC:DH.PFV:L.
dir MED.
v QUAL:Ø.PFV:1SG.S:Ø.
post
@@@ 3SG.S:N.PFV:Ø.
v 3SG.S:AR:DH.PFV:L.
advlizer
coordconn
v
v
n
post
DM
dir NTRL.
coordconn
advlizer
@@@ 3PL.P.
n
v AR.S:Ø.PFV:Ø.
post
adv
n
post 2PL.P.
v PP. IT. MIND. INDF.O:Ø.PFV:1SG.S:H.
proform
v N.IPV:2SG.S:Ø.
v DOWN. 3SG.S:INC:AA.IPV:Ø.
n
advlizer
n
post 3PL.P.
coordconn
dir NTRL.
adv
advlizer
advlizer AND
v 3SG.S>3SG.P. Ø.IPV:H.
post 1SG.P.
@@@
adv
coordconn
dir NTRL.
post 3SG.P.
mod
v 1PL.P. 3SG.S:Ø.IPV:H.
coordconn AND.THEN
DM
v 3PL.S>3SG.O. Ø.IPV:H.
post
@@@
proform
adv
post
v 3SG.S:DH.PFV:Ø.
@@@
dir NTRL.
nomprt
verbprt
n 1SG.PSR.
n GIRL
adv
n GIRL
post 1PL.P.
proform
@@@
n 2PL.PSR.
v
nomprt
n
adv
n
@@@ AS.WELL
@@@
dir MED.
dir
n
advlizer
adv
post 3PL.P.
coordconn
n
cardnum
n
proform
coordconn
@@@ 1PL.P.
v 3SG.S>3SG.P. Ø.IPV:H.
n
v 3PL.S:Ø.IPV:Ø. 3SG.S:QUAL:DH.PFV:Ø.
dir
n 2SG.PSR.
post 1PL.P.
v PRMB. 1PL.S:INC:Ø.IPV:D.
post
advlizer
n
coordconn
n
verbprt
advlizer
n 1SG.PSR.
advlizer
proform
proform
post
coordconn AND.THEN
coordconn
v Ø.IPV:2SG.S:H.
v INDF:INC. Ø.IPV:2SG.S:H.
post
n
@@@ WHY
v
v TERM. 3PL.S. N.PFV:Ø.
mod
n
v
v 3PL.S>3SG.P. INC:AA.IPV:Ø.
v 3SG.S>3SG.P. Ø.IPV:H.
v 1SG.P. QUAL:OPT:2SG.S:Ø.
coordconn
adv
coordconn
quant ALL
v TERM. 3SG.S:N.PFV:L.
n
n
post
v 3PL.S:Ø.PFV:Ø.
@@@
v INSIDE. HEAD. 3PL.S:N.PFV:Ø.
adv
adv
post
advlizer
n
v OUT. 3PL.S:AA.PFV:Ø.
v AR.S:AA.PFV:Ø.
v Ø.IPV:2SG.S:Ø.
post
v 3PL.S. QUAL:Ø.PFV:Ø.
adv
n 3SG.PSR.
post
@@@
post
post
nomprt
advlizer ADVZR
v
advlizer
post
inter WHY
v
n
v 3PL.S:Ø.IPV:Ø.
v PRMB. 1PL.S:INC:AA.IPV:D.
@@@
@@@
v AR.S:Ø.PFV:Ø.
DM
v 3SG.S:Ø.IPV:Ø.
n INDF.PSR.
n 1PL.S:QUAL:AA.PFV:Ø.
n
post 1SG.P.
n
adv
v 3PL.S:Ø.IPV:Ø.
DM
advlizer
n
v INC. DH.PFV:2PL.S:H.
coordconn AND.THEN
@@@ INSIDE. 3SG.S:DH.PFV:Ø.
proform
n OPT:1SG.S:H.
proform
advlizer
adv
post
@@@ PRMB. 3PL.S>3SG.P. QUAL:DH.PFV:H.
v 3PL.S. QUAL:DH.PFV:H.
v IT. 1PL.S:INC:Ø.IPV:D.
n 3SG.PSR.
post 3SG.S>3SG.P.
advlizer
n
n
adv
v 3PL.S:AA.PFV:Ø.
nomprt
v
n 1SG.PSR.
@@@ 3PL.P.
coordconn AND.THEN
post
v QUAL:Ø.IPV:Ø.
n INDF.PSR.
n
v 1PL.P. 3SG.S:Ø.IPV:H.
advlizer ADVZR
adv
n
n
n
adv
pro ANYTHING
v INSIDE. INC:QUAL:DH.PFV:Ø.
coordconn
v RECP.P. TRADE. 1PL.S:QUAL:DH.PFV:L.
nvp
proform
v INSIDE. HEAD. 3PL.S:N.PFV:Ø.
n
n 3PL.PSR.
adv
@@@
advlizer
adv
@@@ MED. INC:Ø.IPV:D.
post
@@@ NTRL.
adv
proform
coordconn
n
v 3SG.S>3SG.P. Ø.IPV:H.
n
advlizer
v QUAL:Ø.PFV:1SG.S:Ø.
adv
post
v 3SG.P. PP. Ø.IPV:2SG.S:L.
adv
post 1SG.P.
nomprt
advlizer
n
v ONTO.SHORE. 3SG.S:DH.PFV:Ø.
coordconn
v 3PL.S:Ø.IPV:Ø.
advlizer
dir PROX.
DM
post
v 3SG.P. PP. IT. MIND. INDF.O:Ø.IPV:1SG.S:H.
post AGAINST?. IT. INDF.O. 3SG.S:AA.PFV:Ø.
v 3PL.S.
coordconn
adv
v OUT. 3SG.S:N.PFV:Ø.
v IT. 3SG.S:CON:DH.PFV:Ø.
proform