ibu;.induk;.emak
DEF
ISA.AV memukul;.pukul
Musa
ATTR.ST masak
lain;.bukan
=
sini
DEF
=
Teykang
get
Tual
ATTR.ST buruk
PST.AV ISA.AV dayung
ITER LIHAT;.TENGOK lihat;.tengok
kami
DEF
DEF
bersumpah
MO.ACY return
DEF
saya
ISA.AV pancing;.mata.kail
berkata
kampung;.benua
ISA.AV sekolah
=
PST.ACY ACY.C2 makan
meskipun
burung,.unggas
DEF
saya;.aku
trial
itu
help
tidak
sana
cara
get
kampung;.benua
ISA.AV pancing;.mata.kail
3SG.NOM
tidak
dari
engkau;.awak;.saudara;.anda
kami
2SG.SUBJ.ACT
dan
nyawa
budak,.anak
=
ISA.AV memanjat
asal
DIR kepada
EXIST ada
EMPHATIC
bahtera
mengapa
again
again
kalau
nya
BIDAK;.BUKAN= ada
babi
3SG.NOM
NPST.ACH hear V.>.ADVRS
PST.AV ISA.AV hisap
dan
nanti
Banggi
racun
=
ALL
MO.ACY makan
bukit
jagung
PST.UV give
jembatan
belatik
tidak
dengan
ISA.AV sabit
condition
PST.UV memburu;.menembak
reply
ISA.AV basah
kemudian
VBLZR gaji;.upah
=
SE misal,.kali
tanya
DIR kepada
demon.possessed
DEF
ISA.AV give
berkata
NPST.ACH luka
kita
forced
EXIST ada
juga
kampung;.benua
ubi.kayu
Domon
saya;.aku
berkata
jejaka,.perjaka
lama.kelamaan
ACL hitam
hasil
EMPHATIC
dari
itu
MO.ACY tangis
Uyung
engkau;.awak;.saudara;.anda
dan
spirit.name
isi
DEF
obat
api
AUX.UV ISA.UV
kalau
susu.ibu
gather.from.beach
anjing
berdua
saudara
ISA.AV menanam
dan
tidak
BIDAK;.BUKAN= ada
MO.ACY makan
DIR kepada
nya
BIDAK;.BUKAN= ada
berkata
condition
zaman.dahulu
DEF
DEF
kalau
kemudian
trial
DEF
kalau
3SG.NOM
kelmarin;.semalam
DEF
isteri;.suami;.bini;.laki
awak;.engkau;.saudara;.anda
Kudat
ikut;.mengikut;.berjalan.bersama.sama ISA.UV
=
DEF
ATTR.ST besar
racun
EMPHATIC
DEF
one
orang
datang
awak;.engkau;.saudara;.anda
seperti
pinggang
isteri;.suami;.bini;.laki
air
know
sungguh
DEF
kalau
tidak
DEF
=
orang
tetapi
kalau
Kudat
TOWARD kepada
Kusang
Kusur
kalau
kemudian
sini
di.bawah
apa
DEF
jalan.raya;.jalan.poros,.jalan
DEF
lain;.bukan
saya;.aku
pergelangan.tangan
setelah
ISA.AV ikut;.mengikut;.berjalan.bersama.sama
DIR kepada
alam.baka
NPST.ACH selesai V.>.ADVRS
yet
1ARG.ST tidur
NPST.ACH stay
PST.AV ISA.AV percobaan
kemudian
DEF
evaluative.exclamation.
berkata
condition
=
=SAYA;.AKU
=
ISA.AV mencubit
=
ajar
DIR kepada
wah
empat
ISA.AV press.down
DEF
barang,.benda
PST.AV ISA.AV fall.out
DEF
lama;.lampau
ISA.AV ajar
adat
babi
=
NEVER
DEF
DEF
mata
air
CAUS.AV pack.things
rumput
engkau;.awak;.saudara;.anda
ipar
pura.pura
payau,.rusa
juga
=
kunau
tapi
kemudian
dari
one
dua.puluh
DEF
=
jangan
3SG.NOM
boleh
kemudian
PST.UV get
bunglun
DEF
ada
belatik
tidak
PLURAL
kecil
Ombok
kekasih,.belahan.jiwa
ACY.C2 gumpul;.campur;.menghimpunkan
keep.dying
get
PST.ACY datang
juga
kemudian
berkata
DEF
DEF
Tereib
SE LINKER semalam
story
DEF
juga
seperti
saudara
di.mana
=
juga
tanya
DEF
datang
percobaan N.>.NMLZ
kemudian
PST.ACH mati;.meninggal.dunia
PST.ACY ACY.C2 kerja,.pekerjaan
mengapa
tidak
DEF
saya
pelabuhan
ALONE
mengatakan
=
PST.UV pound
MO.ACY enter
senapang
Beleha
tentang
DEF
pelir;.zakar
ATTR.ST besar
belatik
mengatakan
dan
PST.AV ISA.AV minta.diri
ouch
berkata
banyak
sungguh
DEF
Banggi
DEF
kalau
dari
berkata
asal
COMPL
DEF
juga
dua
woman
lama.kelamaan
=
ibu.mentua;.mertua;.bapa.mentua;.mertua
work
tidak
kelmarin;.semalam
asal
3PL.POSS
terakhir
doa
dan
ATTR.ST besar
DEF
ISA.AV pull.back.smthg
wah
tidak
3SG.NOM
DEF
DEF
VBLZR gaji;.upah
PST.ACL simpan;.bersembunyi
DIR kepada
isteri;.suami;.bini;.laki
=SAYA;.AKU
DEF
yet
itu
tangan
Tunggulun
ISA.AV look.for
orang
anjing
rumah
MO.ACY lakukan
SE LINKER pokok,.pohon
ALONE
budak,.anak
ISA.AV mengatakan
ibu;.induk;.emak
sungguh
LEBAH.BERACUN
=KAMI
INSTRV kebas;.mengebaskan
call.
Bukit.Sinambung
DEF
dasar.keranjang
ada
orang
=AWAK;.ENGKAU;.SAUDARA;.ANDA
empat
ISA.AV damak
PST.ACY ACY.C2 api
COMPL
kami
get
keep.getting
tetapi
MEREKA
lagi
tembikai,.semangka
berkata
get
itu
CONT terbalik
tembakau
ISA.AV intend.to;.about.to;.attempt
seperti
berkata
DEF
PLURAL
=KAMI
DEF
berkata
know
DEF
Beleha
DEF
PST.UV putus
banyak
DEF
fish
ISA.AV draw.water
dan
DEF
kami
mengatakan
zaman.dahulu
BIDAK;.BUKAN= ada
tetapi
kami
DEF
berkata
ISA.AV isteri;.suami;.bini;.laki
puncak.gedung
PST.ACY MO.ACY run
bangkai,.mayat
ABILITY dapat
uncertainly
tapi
Menoon
ACY.C2 mengikatkan.
DEF
now
AUX.UV ISA.UV
jadi
orang
mengatakan
perahu
ISA.AV ikut;.mengikut;.berjalan.bersama.sama
MO.ACY makan
anjing
MO.ACY tolak
=
rumah
condition
ABILITY dapat
DIR kepada
3SG.NOM
=
kemudian
setelah
tujuh
Michael
PST.ACY datang
ibu;.induk;.emak
laut
3SG.NOM
ibu.bapa
berkata
PST.AV ISA.AV mengatakan
kotak.kayu
surga
MO.ACY pergi.jalan
condition
PST.AV ISA.AV chase
sekolah
reply
ISA.AV obat
FOCUS
sembilan
tali
kampung;.benua
sebelum,.dahulu
ATTR.ST makanan
DEF
kemudian
di.sana
kami
puas
PLURAL
lama
spirit.name
now
berkata
jagung
Domon
PST.ACY ISA.AV ikut;.mengikut;.berjalan.bersama.sama
orang
DEF
=KAMI
PST.AV ISA.AV operate.on
=
juga
BELUM;.BELUM.LAGI;.
DEF
=
now
bercakap;.mengata;.cakap
Michael
ponakan
ubi.kayu
belalang
Banggi
hujan
lantai
Tilina
DEF
DEF
isteri;.suami;.bini;.laki
MO.ACY stay
ketua.kampung,.kepala.desa
orang
budak,.anak
orang
=
MEREKA
dahulu
DEF
isteri;.suami;.bini;.laki
DEF
saudara
=
engkau.sekalian
=
sepuluh
juga
surga
bapa;.ayah
Domon
dari
3SG.NOM
BIDAK;.BUKAN= saya;.aku
3SG.NOM
dengan;.sama
DEF
kemudian
terang.benderang
PST.ACY jam
BIDAK;.BUKAN= ada
saya;.aku
datang
isteri;.suami;.bini;.laki
=KAMI
saya;.aku
saya;.aku
PST.ACH mati;.meninggal.dunia
PST.ACL simpan;.bersembunyi
ALONE
=
bercakap;.mengata;.cakap
CONT bercakap;.mengata;.cakap
ISA.AV isi
ISA.AV terbakar;.membakar
lagi
rumah
reply
reply
ada
boleh
itu
PLURAL
DEF
ISA.AV pergi.ke
name.something ISA.UV
DEF
ibu;.induk;.emak
seperti
esok,.besok
keranjang.makanan
sungguh
keep.getting
dengan;.sama
=KAMI
enough
ISA.AV racun
orang
CONT bercakap;.mengata;.cakap
kopi
know
PST.ACL ACL karat
itu
budak,.anak
=SAYA;.AKU
engkau;.awak;.saudara;.anda
PST.UV ayun
tinggi
lagi
BIDAK;.BUKAN= ada
datang
DI.KUMUDIAN
juga
dari
seperti
umur
DEF
ACY.C2 rela
yet
ipar
saya
saya;.aku
lelaki
peel
dan
OURSELVES
obat
isteri;.suami;.bini;.laki
lagi
yet
DEF
ISA.AV menanam
siput,.kiong
kis,.hal
adu
yet
kami
lalu
DEF
nenas
berkata
PLURAL
saya
PLURAL
saya
ATTR.ST much
kunau
=
MO.ACY willing
hari
adat
dua.hari
tadi
baju;.kemeja
sini
=
=
=
kampung;.benua
terakhir
PST.ACY ACY.C2 trial
MO.ACY return
FOCUS
bukan
EXIST ada
kayu
itulah
sakit
MO.ACY makan
pulau
ACY.C2 isteri;.suami;.bini;.laki
=
juga
sini
masak
puas
payau,.rusa
=
DEF
Tereib
saya;.aku
PST.AV ISA.AV follow
ISA.AV minum
again
DEF
=
ISA.AV harap;.mengharapkan
really
DEF
ubi.kayu
ISA.AV menanam
pakcik;.bapa.saudara
semalam
api
saya
dan
jadi
jadi
mengatakan
Sagu.Woman
ABILITY dapat
DEF
datang;.pergi
Teykang
evaluative.exclamation.
bangku
sana
DEF
saya
Domon
PST.UV give
ini
hujan
air
itu
DEF
rumah
=
kemudian
lain
kemudian
DEF
belatik
Beleha
=
sini
berkata
kita
DEF
engkau;.awak;.saudara;.anda
MEREKA
know
ipar
isteri;.suami;.bini;.laki
ISA.AV mandi
EXIST ada
=
BIDAK;.BUKAN= ada
lama;.lampau
PLURAL
tadi
ikan
=
pernah
DI.ATAS
damak
get
bung
order
mati;.meninggal.dunia
BIDAK;.BUKAN= ada
saya
itulah
Female.Rice.Demon
sini
=
bung
3SG.NOM
reply
juga
ATTR.ST makanan
tiba.tiba
tidak
kelmarin;.semalam
PST.ACY ABILITY dapat
seperti
tanah.datar,.dataran.rendah
play.instrument
berkata
racun
orang
tapi
saya
BIDAK;.BUKAN= ada
kumpul,.acara
one
jangan
reason
MO.ACY makan
ISA.AV ajar
small.musical.instrument
=
ini
setelah
DEF
bercakap;.mengata;.cakap
juga
berkata
masih
ibu;.induk;.emak
kami
DEF
reply
ISA.AV memarut
pelanduk
ACY.C2 order
DI.KUMUDIAN
DEF
ibu;.induk;.emak
kayu
esok,.besok
jalan;.denai;.jalan.kecil
INSTRV memukul;.pukul
bung
PET give
MENDEKATI
kelmarin;.semalam
DEF
lagi
lain;.bukan
=SAYA;.AKU
RECP tie
hutan
budak,.anak
peduli
ikan
DEF
ALONE
di.sini
Banggi
mati;.meninggal.dunia
kelmarin;.semalam
mengatakan
=
=
engkau;.awak;.saudara;.anda
engkau;.awak;.saudara;.anda
DEF
itu
saya
anu
juga
3SG.NOM
bunga
mati;.meninggal.dunia
=
dari
ISA.AV hantar;.menghantar
zaman.dahulu
bapa;.ayah
sultan
kesalahan
seperti,.serupa..sebagai;.seperti;.seolah.olah
DEF
PST.AV ISA.AV light.fire
anak.lelaki
PST.UV buat
=
pull
saya;.aku
budak,.anak
DEF
asal
DIR sihir
dua
CONT bergaul
=
yet
DEF
NPST.CAUS.AV ISA.AV mandi
PET give
BIDAK;.BUKAN= ada
keranjang;.bakul
ABILITY dapat
reply
ATTR.ST ketakutan
juga
mati;.meninggal.dunia
kita
enough
itu
ibu;.induk;.emak
ISA.AV bungkus
gather.from.beach
surga
Banggi
saudara
itu
MO.ACY makan
DEF
kemudian
ibu.bapa
MO.ACY pergi.jalan
berkata
=
sumpah
know
juga
oh.begitu
kalau
3SG.NOM
woman
ATTR.ST INTENSIFIER gila
ISA.AV cabut
tembikai,.semangka
BIDAK;.BUKAN= ada
PST.ACY ISA.AV ikut;.mengikut;.berjalan.bersama.sama
=KAMI
perahu
di.sana
DEF
orang
PST.ACY pergi.jalan
DEF
apa
kemudian
sabun
OURSELVES
berkata
isteri;.suami;.bini;.laki
DEF
itu
PST.AV ISA.AV mengatakan
berkata
Sayad
tidak
DI.ATAS
monyet
reply
kemudian
=AWAK;.ENGKAU;.SAUDARA;.ANDA
DEF
work
COMPL
pernah
bercakap;.mengata;.cakap
=
DEF
tidak
tentang
kalau
bercakap;.mengata;.cakap
kami
kami
=
engkau;.awak;.saudara;.anda
DEF
dan
adat
mati;.meninggal.dunia
PLURAL
api
now
ALONE
peti.mati
=
DEF
ISA.AV menyumpit
ISA.AV mengusung
ISA.AV pancing;.mata.kail
itu
ATTR.ST bagus;.baik
AUX.UV ISA.UV
beras
air
PST.AV ISA.AV pergi.ke
ini
hujan
kemudian
CONT bercakap;.mengata;.cakap
ini
awak;.engkau;.saudara;.anda
saya;.aku
DEF
engkau;.awak;.saudara;.anda
PST.ACY ACY.C2 fikir
again
air
Tibai
meskipun
sebelum,.dahulu
DEF
jadi
hiwan.khayal
BIDAK;.BUKAN= ada
jalan.raya;.jalan.poros,.jalan
sikit.lagi;.hampir
PST.UV dapat
PLURAL
mata
DEF
orang
makan
Pinyahei
perut
gaya
lama;.lampau
dari
Banggi
lubang
NPST.ACH tinggal
berkata
sakit
duit;.wang
Kagayan
kita
DEF
EXIST ada
ORD.NUM satu
kemudian
DEF
kayu
Islam
tidak
kalau
DEF
2SG.SUBJ.ACT
awak;.engkau;.saudara;.anda
DEF
ISA.AV terima
.house.post
besar
hantu
sabun
DEF
DEF
approximate.length
DEF
DEF
putih
PLURAL
=
tiga
ISA.AV mengerang
tanya
saya;.aku
MO.ACY makan