инсан#man -ар#PL
и#this
гьинвайди#where.being.PTP.SBST
ваъ#no
са#one
хьа#happened -нава#PERF
рак#door
хъсан#good
гьикӏ#how
сад-садахъ#each.other
чна#1pl.erg
хара#pile
хьи#that
ава#is -й#PST
лугь#say -уда#ENT
эвера#call.IMPV
хабар#news
чна#1pl.erg
гьиниз#where.to
зу#my
фи#go -ун#MSD
за#1sg.ERG
вири#all
къунши#neighbor -да#OBL -л#SP -NULL#ESS
лугь#say -уда#ENT
гьа#today
са#one
рази#agree
вун#2sg.abs
ак#look -ур#AOP -тӏа#COND
и#this
яд#water
х#be.born
чка#place
ида#him.to
за#1sg.ERG
ки#that
фе#go -нава#PERF -й#PST
буба#father
мелим#teacher -ди#ERG
экъецӏ#appear
себриллагь#Sabrillah
пачагь#king
ки#that
земляк#fellow.countryman -ар#PL
и#this
игила#now
и#this кьван#so.much
саягъ#form
за#1sg.ERG -з#DAT
кӏалуб#form -ар#PL
гада#boy
лагь#say -ана#AOR
чун#1pl.abs
белке#maybe
са#one
пачагь#king
экъечӏ#appear -на#AOR
сонра#after
лагь#say -ана#AOR
и#this
кака#egg
яӏта#is
лагь#say -ана#AOC
къачагъ#robber -ар#PL
белке#maybe
мугьубат#love -ди#OBL -к#SB -ай#EL
атӏурвал#cuting.PTP.MAN
эрмени#armenian
лагь#say -ана#AOR
ий#make -изва#IMPF
лугь#say -уда#ENT
за#1sg.ERG
баде#grandmother
чукур#chase -да#FUT
къанни.вад#TWENTY.FIVE
къерех#side -ди#OBL -з#DAT
кицӏ#dog
лугь#say -уда#ENT
зу#my
хьи#that
турба#bag
къуш#bird
кӏурцӏул#puppy -ар#PL -ни#AND;FOCUS
чна#1pl.erg
ам#it
булах#spring -да#OBL -л#SP -NULL#ESS
кат#run -да#ENT
яхцӏур#fourty
цл#wall а#OBL -л#SP -NULL#ESS
вун#2sg.abs
хьа#be -ана#AOR
буба#grandfather -ди#OBL -н#GEN
яран#Yaran
и#this
ида#him.to -ни#AND;FOCUS
ваъ#no
ава#cop
ф#go -ена#AOR
кӏвал#house
ана#there -й#PST
чир#knowledge -на#AOC
т-#NEG ий#do -из#IMC
купча#bill.of.sale
лагь#say -ана#AOR
къари#old.woman
диде#mother -ни#AND;FOCUS
лугь#say -узва#IMPF
са#one
чи#water -ида#FUT -й#PTCP
лугь#say -узва#IMPF
вилаят#country -ди#OBL -з#DAT
кьакьан#high
лагь#say -ана#AOR
чун#1pl.abs
къахч#take -уна#AOC
са#one
шив#steed
са#one
эвецӏ#go.down -на#AOC
са#one
муаллим#teacher -ни#AND;FOCUS
тар#tree а#IN -NULL#ESS
вири#all
вуч#what
кут#put.under -ада#ENT
руш#girl а#OBL -к#SB -ай#EL
чна#1pl.erg
са#one
гьуьл#sea -е#OBL -л#SP -ай#EL
за#1sg.ERG
кӏан#want -зава#IMPF -й#PTCP
эдалет#justice
гьагь#yes
терези#scale -ди#OBL -в#AD -NULL#ESS
сят#o'clock -ди#OBL -н#GEN
ки#that
чая#tea -р#PL
къваз#stay -на#AOR
сад#one а#ERG
зи#1sg.gen
пел#hill -е#OBL -л#SP -NULL#ESS
чурч#cook -азва#IMPF -й#PST -ди#SBST
я#cop -тӏа#COND
цӏуьлуь#small
ви#2sg.gen
ида#he.again -н#GEN
чуьл#feild -да#IN -й#EL
муьстекъил#independent
лагь#say -ана#AOR
къерех#bank -ди#OBL -л#SP -яй#EL
ида#him.to -з#DAT
гъ#bring -ана#AOC
кӏан#want -зава#IMPF -й#PTCP
сонра#after
гьарад#everybody
лагь#say -ана#AOR
к#burn -ана#AOR
ф#go -енва#PERF
руш#girl -ни#AND;FOCUS
яхцӏур#fourty
пуд#three
акъвазар#make.stop -на#AOC
вич#himself -и#OBL -н#GEN
галаз#with
ада#he
накьв#soil -ни#AND;FOCUS
векил#lawyer -ар#PL
ида#her -з#DAT
са#one
мад#more
лугь#say -уда#ENT
ахтынский#Akhtinsky
вуж#who
хъий#remake,redo -ида#ENT
лугь#say -уда#ENT
ханум#Ma'am
гевгьер#pearls -ар#PL
ибур#these
ий#make -ин#HORT
вири#all
сад#one
ун#yes
хъсан#good
куьне#you
гьа#today
бере#time
эвера#call.IMPV
вах#sister
ф#go -ида#FUT -й#PTCP -ла#TEMP
хъв#drink -ана#AOC
хьир#even
хуьррем#merry
жаваб#answer
ада#he
хт#return -ана#AOR
ф#go -ена#AOC
буба#grandfather -ни#AND;FOCUS
истирагьатай#rest -да#OBL -л#SP -ай#EL
она.гуьре#THERFORE
са#one
им#he
и#this
лугь#say -уда#ENT
марф#rain
за#1sg.ERG
илисар#hide -нава#PERF
х#be.born -адалди#POSTR
ф#go -ена#AOR
са#one
дахма#shack
за#1sg.ERG
мейил#liking
жув#us а#OBL -н#GEN
тас#basin
и#this
ф#go -ида#FUT
литва#Lithuania -ди#OBL -н#GEN
за#1sg.ERG
руш#girl
кицӏ#dog -и#OBL -н#GEN
пачагь#king -ди#OBL -з#DAT
дуьз#great
ватан#homeland -ди#OBL -з#DAT
ханум#Ma'am а#ERG
хъий#remake,redo -ида#ENT
гьеле#still
са#one
юкьв#middle -а#IN -й#EL
ф#go -ена#AOC
за#1sg.ERG -з#DAT
фу#bread
рикӏ#heart -е#IN -NULL#ESS
пачагь#king -ди#OBL -в#AD -ай#EL -ни#AND;FOCUS
ив#night -и#OBL -з#DAT
илисар#hide -нава#PERF
ваъ#no
вахт-вахтинда#occasional
кь#catch -ада#ENT
кицӏ#dog -и#OBL -з#DAT
гьарад#everybody
ки#that
ават#fall -ана#AOR
жедач#can.be.NEG
ада#it
ф#go -ида#FUT -й#PTCP -вал#PURP
лагь#say -ана#AOR
эвецӏ#go.down -да#ENT
уьлкве#country -ди#OBL -з#DAT
граница#border. -яр#PL
им#he
за#1sg.ERG -з#DAT
чуьнуьх#steal
за#1sg.ERG -з#DAT
вак#pig -ар#PL
ава#is -тӏа#COND
лагь#say -ана#AOR
адахлу#betrothed
кат#run -ана#AOR
элягъ#take.off -на#AOC
гада#boy -ди#ERG -ни#AND;FOCUS
лагь#say -ана#AOR
лагь#say -анва#PERF
тир#was
ва#2sg -з#DAT
лагь#say -ана#AOR
и#this
та-#NEG хьур#be.will -ай#EL
кьве#two
гъ#bring -ин#HORT
и#this
ава#cop
ата#coming -й#PST -ди#DIR
бесханум#Bezkhanum.to а#ERG -з#DAT
балкӏан#horse -ди#OBL -н#GEN
и#this
нуьмре.къве#FRAUD -з#DAT
и#this
лугь#say -уда#ENT
ф#go -ена#AOR
зу#my
хкв#return -еда#ENT
цӏай#fire -ини#OBL -к#SB -ай#EL
икӏ#like.this
пара#very
зур#half -ар#PL -ни#AND;FOCUS
аладар#long
ихъти#like.this -н#GEN
амна#that.happing.AOC
куьтӏ#say.a.word
т#leave -уна#AOC
ани#there -з#DAT
лугь#say -узва#IMPF
пака#tomorrow
тамаш#look
ида#he.again -ни#AND;FOCUS
хъф#go.again,return -ена#AOR
фикирар#think.much -зава#IMPF -ни#Q
мугьубат#love
везият#condition -да#IN -NULL#ESS
къвалах#issue -ар#PL
арадлай#a.while.after
гьайван#animal -ар#PL
кӏвал#house -и#OBL -з#DAT
я#or
за#1sg.ERG
лугь#say -уда#ENT
туш#cop.NEG
ккӏ#fight -ида#ENT
ак#look -унва#PERF
отвечает#answers
пул#money
ахпадаказ#then
гьиниз#where
ругь#soul
а#that
агь#moaning;.ahh
гьуьл#sea -уь#OBL -н#GEN
воо#well
куьмек#help -ай#AOP -ди#SBST
ат#come -ана#AOC
вуч#what
ханум#Ma'am а#ERG
къе#today -н#GEN -и#ERG -н#GEN
югъ#day
жаваб#answer
воо#wow
кь#catch -унва#PERF
хт#return -анва#PERF
маса#other
лугь#say -уз#IMC
чна#1pl.erg
са#one
вилаят#province -да#IN -NULL#ESS
и#this
вун#2sg.abs
зу#my ни#which
ф#go -из#INF
бере#time -да#IN -NULL#ESS
буба#grandfather -ди#OBL -н#GEN
хьи#that
сонра#after
чан#dear
цай#fire
эскервил#military.service -и#OBL -з#DAT
ава#cop
буба#grandfather -ди#ERG
ни#whoever
и#this
вун#2sg.abs
жибин#pocket -да#IN -ай#EL
тупӏал#ring -ар#PL -ни#AND;FOCUS
гьуьл#sea -уь#OBL -н#GEN
ч#know -изва#IMPF
къунши#neighbor -яр#PL -ни#AND;FOCUS
цав#air -ар#PL -и#ERG -з#DAT
вун#2sg.abs
дарман#medicine
ий#make -мир#PROH
са#one
зи#1sg.gen
лугь#say -уда#ENT
жув#us а#ERG
мани#song -яр#PL
а#that
гьикӏ#how
вич#himself -и#ERG -н#GEN
за#1sg.ERG -з#DAT
кӏвал#house -и#OBL -з#DAT
лагь#say -ана#AOR
ахпа#then
за#1sg.ERG ва#and
вун#you а#ERG
ат#come -ана#AOC
сефер#time -да#IN -NULL#ESS
йис#year
мах#folktale -ни#AND;FOCUS
мад#more -ни#AND;FOCUS
гаф#word
къвалах#issue -ар#PL
ий#make -изва#IMPF
гьуьл#sea -уь#OBL -н#GEN
са#one
са#one
ий#make -ин#HORT
ахпа#then
тамаш#look -й#PST -тӏа#COND
са#one
хил#branch,one.of.a.pair -ер#PL
гала#with -з#DAT
чка#place
меслят#advice -ди#OBL -в#AD -NULL#ESS
ида#him.to
ма#you.know
яру#red
ак#look -ур#AOP -ла#TEMP
тухв#take -да#ENT
и#this
лагь#say -ана#AOR
чна#1pl.erg
руш#girl
терсина#on.the.contrary
хьи#that
хер#wound
балкӏан#horse -ди#OBL -н#GEN
чна#1pl.erg
руш#girl
чи#1pl.gen
кве#two
ам#it
гьикьван#how.much
ви#2sg.gen
вуш#what
вич#himself
вич#himself -и#ERG -н#GEN
шив#steed -ре#OBL -хъ#PT -NULL#ESS
ибур#these
кут#put.under -уна#AOC
аладар#long -да#ENT
эээ#eeh
передовой#front.line -ди#OBL -з#DAT
афия#Afiya
къарагъ#stand.up,rise -да#ENT
гада#boy -йр#PL -и#ERG
тир#was
гьабурузни#aforementioned.they.to.also
миграгъ#Migrah
тир#was
вуч#what -и#ERG -з#DAT
накьв#soil
лугь#say -уда#ENT
кьуьзуь#old
лагь#say -ана#AOR
мертебе#floor -ди#OBL -л#SP -ай#EL
ам#that.one
и#this
за#1sg.ERG
гваз#with
рахк#send -ана#AOR
има#this.one
кӏан#want -да#FUT
ки#that
им#he
ф#go -ена#AOC
зи#1sg.gen
хъ#drink -ада#ENT
и#this
шемседдин#Shemseddin а#OBL -н#GEN
бес#but а#ERG
кьиса#story
тухв#take -ана#AOC
и#this
фурумда#form
хк#send.back;send.again -ана#AOR
галаз#with
хьайитӏа#be.AOP.COND
за#1sg.ERG
са#one
шикил#picture
исабала#Isabala -ди#DIR -н#GEN
им#he -ни#AND;FOCUS
лугь#say -уда#ENT
рехъ#way
руш#girl а#OBL -н#GEN
ат#come -ана#AOC
гафар#say -зава#IMPF
лугь#say -уда#ENT
делил#evidence -ар#PL
ахтынский#Akhtinsky
как.раз#THIS
шуькӏуь#thin
хъф#go.again,return -ена#AOR
чинеба#secretly
къари#old.woman
лагь#say -ана#AOR
пачагь#king -ди#OBL -н#GEN
йетмиш#seventy
цва#put.in -нава#PERF -й#PST
руш#girl
къугьум#relative -ди#OBL -з#DAT
ахпа#then
и#this
за#1sg.ERG -з#DAT
жив#snow
са#one
цац#thorn -ар#PL -и#OBL -в#AD -NULL#ESS
луьтквечи#boatman -ди#OBL -з#DAT -ни#AND;FOCUS
чна#1pl.erg
гада#boy -йр#PL -и#OBL -з#DAT
буба#grandfather -ди#OBL -з#DAT
чна#1pl.erg
гьижран#separation
за#1sg.ERG -з#DAT
лугь#say -уда#ENT
лагь#say -ана#AOC
бере#time
ф#go -изва#IMPF
анжах#only
хьи#that
баде#grandmother
сагъ#healthy.be -рай#OPT
кӏел#read -ди#SBST -ин#HORT
са#one
стха#brother
ав#make,do -уна#AOC
винел#on
чун#1pl.abs
машин#car
амукь#stay,remain -на#AOR
агь#moaning;.ahh
вич#himself -и#ERG -н#GEN
под#under
къач#take -уда#FUT
туш#cop.NEG
гала#with -з#DAT
вич#himself -и#ERG -з#DAT
са#one
лугь#say -уда#ENT
ондокъкъуз#nineteen.in -ди#DIR -з#DAT
къенфет#sweet
вилаят#country -ди#OBL -з#DAT
рикӏ#heart -е#IN -NULL#ESS
район#countryside -ди#OBL -з#DAT
ат#come -ана#AOC
гьи-гьин#the.same
хьи#that
г#give -узва#IMPF
чун#1pl.abs
яхцӏур#fourty
фу#bread -ни#AND;FOCUS
тир#was
кӏвал#house
гада#boy
гьуьл#sea -уь#OBL -н#GEN
вуч#what -и#ERG -н#GEN
а#that
кьве#two
чи#1pl.gen
материал#material
чун#1pl.abs
руш#girl
ам#that
иер#beautiful
хьи#that
кицӏ#dog
лугь#say -уда#ENT
миллет#nation
кар#case
инсан#man -ар#PL
ава#cop
руш#girl
кӏвалах#deed
тарих#(historical).story -ди#OBL -н#GEN
эциг#put! -на#AOR
зи#1sg.gen
къийи#cold
эскервил#military.service -и#OBL -з#DAT
седакъет#Sedaget
лугь#say -уз#IMC
кан#dear -зава#IMPF
рикӏ#heart -а#OBL -л#SP -NULL#ESS
и#this да#ERG
отказ#refusal.(rus)
кицӏ#dog -и#OBL -хъ#PT -NULL#ESS
эвел#before
гъ#bring -ин#HORT
ив#night а#OBL -н#GEN
югъ#day
анжах#only
гевгьер#pearls -ар#PL
гада#boy -ни#AND;FOCUS
зи#1sg.gen
гъил#hand
гьал#solution -ар#PL -и#ERG -к#SB -ай#EL
безханум#Bezkhanum
ки#that
франция#France -ди#DIR -з#DAT
охран#security а#ERG
лагь#say -ана#AOR
рази#agree
шикил#picture
вич#himself -и#ERG -н#GEN
са#one
афия#Afiya
къваз#stay -на#AOR
дере#valley -ди#OBL -н#GEN
хъф#go.again,return -ин#HORT
ибур#these -и#ERG -н#GEN
и#this
запись#recording
кьван#so.much
тфенг#guns
за#1sg.ERG -ни#AND;FOCUS
лагь#say -ана#AOR
сад#one
пачагь#king -ди#OBL -з#DAT
зи#1sg.gen
литва#Lithuania -ди#OBL -н#GEN
и#this
за#1sg.ERG -з#DAT
чун#1pl.abs
за#1sg.ERG -ни#AND;FOCUS
вуч#what
чна#1pl.erg
ида#him.to -з#DAT
руш#girl
ала#is.there
эвера#call.IMPV
лугь#say -уда#ENT
са#one
аял#child -р#PL -а#OBL -л#SP -NULL#ESS
гьагьа#previously.mentioned.one
ци#why
хъсан#good
летний#summer
жи#our
гада#boy
амал#with.slyness -ди#OBL -в#AD -NULL#ESS
атана.агакьда#REACHED.ENT
чна#1pl.erg
вич#himself и#this
пачагь#king
аладар#long
ида#he.also -з#DAT -ни#AND;FOCUS
кван#please.do
осадок#precipitate
лагь#say -ана#AOC
лугь#say -уда#ENT
ахъай#open -на#AOC
лагь#say -ана#AOR
накьв#soil
кӏвал#house -е#IN -NULL#ESS
вилаят#province -да#IN -NULL#ESS
элкв#turn.back -ена#AOR
лугь#say -уда#ENT
сувар#Holiday -и#OBL -з#DAT
а#that
гьефте#week
агь#moaning;.ahh
во#well
хъф#go.again,return -ена#AOR
кицӏ#dog
вич#himself -и#ERG -н#GEN
лагь#say -ана#AOR
ава#is -й#PST -ди#SBST
гада#boy
къв#come -еда#ENT
лугь#say -уда#ENT
экъечӏ#appear -нава#PERF
а#that
гьужум#attack
чна#1pl.erg
за#1sg.ERG -з#DAT
фад-фад#often
эскервил#military.service -е#ERG
хьа#happened -нава#PERF
диде#mother
вуч#what
пачагь#king -ди#OBL -н#GEN
кьвед#two лагьай#card.
руш#girl
ма#you.know
чун#1pl.abs
ваз#you
гьар#every
шикил#picture
къв#come -еда#FUT
за#1sg.ERG
тахьана#could't
ма#you.know
тир#was
тир#was
дин#religion
ата#coming -й#PST -ди#SBST
километр#kilometer
сад#one
ф#go -ена#AOR -ш#NEG
вилик#before
сонра#after
за#1sg.ERG
и#this
гада#boy -ди#OBL -хъ#PT -NULL#ESS
руш#girl а#OBL -в#AD -NULL#ESS
вич#himself -и#ERG -н#GEN
а#that -бур#PL
има#this.one
асуьгьбетар#talk -на#AOR
ма#you.know
кӏвал#house -и#OBL -з#DAT
чун#1pl.abs
фу-затӏ#bread
югъ#day
лугь#say -уда#ENT
за#1sg.ERG
жанавур#wolk -ри#ERG
г#give -ана#AOR
я#cop -тӏа#COND
хьа#happened -нава#PERF
вуч#what
луьткве#boat
ида#her -ни#AND;FOCUS
хъсан#good
дастан#dastan
хьи#that
лугь#say -уда#ENT
кӏан#want -зава#IMPF -й#PTCP
гада#boy
гада#boy -ни#AND;FOCUS
жанавур#wolk -ди#ERG
сонра#after
пек#cloth -ер#PL
сад#one
лагь#say -ана#AOR
инсан#man
чун#1pl.abs
зи#1sg.gen
гьым#Uhm
къенд#sugarcube
хьи#that
чан#dear
кьил#chapter -е#OBL -л#SP -NULL#ESS
гъил#hand
чи#1pl.gen
мейдан#town.square -да#OBL -л#SP -NULL#ESS
йис#year
кьве#two
ханум#Ma'am
за#1sg.ERG -з#DAT
са#one
са#one
гьа#that,.the.same
ашукь#ashuq
эхир#end
кь#catch -енва#PERF
ф#go -ена#AOC
хъув#redo -уна#AOR
терсина#on.the.contrary
руш#girl -ни#AND;FOCUS
валлагь-биллагь#vallah.billah
аял#child
хабар#news
вилаят#country -ди#OBL -з#DAT
ак#look -ур#AOP -тӏа#COND
тир#was
лугь#say -уда#ENT
ава#is -ч#NEG
ва#2sg -з#DAT
идан#his
лугь#say -уда#ENT
къул#fireplace -а#IN -NULL#ESS
къе#today -н#GEN -и#ERG -н#GEN
докъкъузюз#nine.hundred
руш#girl
зу#my
гьемиша#always
це#give
лагь#say -ана#AOR
хьи#that
гьазим#lot.of
и#this
тек#alone
югъ#day
хьи#that
руш#girl -ар#PL -и#ERG -в#AD -NULL#ESS
акьах#jump -на#AOC
экъв#walk -ена#AOR
ахпа#After
жув#us а#ERG
за#1sg.ERG
ракъайтӏа#send.PTP.COND
и#this
гьа#that,.the.same
ма#you.know
т#leave -уна#AOC
ама#still.be,.remain -ни#AND;FOCUS
лагь#say -ана#AOR
ма#you.know
фад-фад#often
чи#1pl.gen
аял#child -ар#PL
тӏва#other
лугь#say -уда#ENT
чи#1pl.gen
руш#girl
имкан#chance
лугь#say -уда#ENT
агь#moaning;.ahh
телефон#phone
гьаа#Yes
ф#go -ена#AOR
чир#knowledge
фу#bread
за#1sg.ERG -з#DAT
лугь#say -уда#ENT
мизан#justice -ди#ERG
пара#very
я#oh
гьар#every
эхир#end -ни#AND;FOCUS
гевгьер#pearls -ар#PL -ни#AND;FOCUS
лагер#camp -ди#OBL -з#DAT
инри#here.to -з#DAT
анадыр#Anadyr.from -ди#DIR -з#DAT
буба#father
хьуй#let.it.be
балкӏан#horse -ди#ERG
лагь#say.IMPV
буба#grandfather -ди#ERG
чна#1pl.erg
за#1sg.ERG
и#this
гъваш#bring.IMPV
балкӏан#horse
къарши#opposite.side -ди#OBL -з#DAT
за#1sg.ERG -з#DAT
ва#2sg -з#DAT
лагь#say -ана#AOR
анава#there.from -й#PST
пачагь#king
кӏан#want -да#ENT -й#PTCP
хва#son
руш#girl -ни#AND;FOCUS
лагь#say -ана#AOR
тир#was
за#1sg.ERG
руш#girl -яр#PL
ак#look -уна#AOC
къенд#sugarcube
цай#fire
са#one
вири#all
сад#one -ни#AND;FOCUS
лагь#say -ана#AOR
лугь#say -уз#IMC
гъил#hand
кьил#chapter -ина#IN -NULL#ESS
градус#degree
чи#1pl.gen
лагь#say -ана#AOR
пачагь#king
чка#place -ди#OBL -з#DAT
талыш#talis -ди#ERG
чан#dear
цӏай#fire -ни#AND;FOCUS
агакь#reach -на#AOC
жаза#punishment
лагь#say -ана#AOR
ат#come -ана#AOC
лугь#say -уда#ENT
вилик#before
миллет#nation -да#IN -й#EL
туш#cop.NEG
кӏвал#house -и#OBL -з#DAT
гьан#that
лугь#say -уда#ENT
ва#and
ида#him.to -н#GEN
галаз#with
арадлай#a.while.after
гьакӏ#just
ахпа#then
гьуьл#sea -уь#OBL -н#GEN
къеле#fortress -ди#OBL -з#DAT
лагь#say -ана#AOR
пачагь#king
чай#tea -ди#OBL -з#DAT
ава#is -й#PST
гада#boy -ди#ERG -ни#AND;FOCUS
стул#chair -ар#PL
тир#was
за#1sg.ERG
вуч#what
вуч#what -и#ERG -н#GEN
хьир#even
кицӏ#dog -и#ERG
за#1sg.ERG
уъ#yes
хьи#that
диде#mother
а#that
яр#sweetheart
кӏанай#needing.AOP
чка#place -ди#OBL -л#SP -ай#EL
гада#boy
пуд#three
шив#steed -ди#OBL -хъ#PT -NULL#ESS
руш#girl а#OBL -к#SB -ай#EL
терези#scale
лагь#say -ана#AOR
ахъай#open -на#AOC
тафаат#difference -ни#AND;FOCUS
зи#1sg.gen
рехъ#way
ава#is -ч#NEG -из#INF
къакъат#separate -на#AOR
къенд#sugarcube -ер#PL
хьи#that
кьил#chapter -ер#PL -ни#AND;FOCUS
лагь#say -ана#AOR
пӏуз#lip -арар#PL
мугьубат#love
лугь#say -уда#ENT
эциг#put! -да#ENT
ибур#these
гьетта#also
мад#more
шикил#picture -да#IN -NULL#ESS
туш#cop.NEG
ф#go -ена#AOR
ашукь#ashuq -ди#ERG
хъий#remake,redo -ида#ENT
хъв#drink -ан#HORT
и#this
хт#return -анва#PERF
билесувар#Bilesuvar.to -ди#OBL -з#DAT
лагь#say -ана#AOR
тупӏал#ring -ар#PL -ни#AND;FOCUS
эрмени#armenian
ав#make,do -уна#AOC
тамаш#look -на#AOC
лагь#say -ана#AOR
гада#boy -н#GEN
вефасуз#untrusted
накьв#soil
хьи#that
талыш#talis -ди#ERG
чагъу#find -ун#MSD
гелер#footprint -и#OBL -хъ#PT -NULL#ESS
хьухь#be.IMPV
бере#time -да#IN -NULL#ESS
а#that -бур#PL
галаз#with
рази#agree
луьтквечи#boatman
узур#shake -на#AOR
са#one
гада#boy -ди#ERG -ни#AND;FOCUS
гьагьа#previously.mentioned.one
руш#girl
хьи#that
хкв#return -еда#FUT
лагь#say -ана#AOR
сара#castle -яр#PL
яд#water
тир#was
тфенг#guns -ар#PL -ни#AND;FOCUS
хабар#news
алат#pass -да#ENT
юлдаш#friend -ди#DIR
в#1sg
шей#thing -ер#PL
кӏанай#needing.AOP
идани#he.and
и#this
куьч#move
ак#look -ур#AOP -тӏа#COND
лагь#say.IMPV
и#this
иер#beautiful
уже#already
са#one
къ#take -унва#PERF
цӏикьвед#twelve а#OBL -з#DAT
лагь#say -ана#AOR
лагь#say -ана#AOR
ава#is -ч#NEG
гала#with -з#DAT
кутӏ#tie -уна#AOR
ваъ#no
кьил#chapter -и#OBL -к#SB -NULL#ESS
и#this
ида#him.to
и#this
хьи#that
хъсан#good
хьи#that
ашукь#ashuq
отношение#relationship
йис#year а#ERG
больница#hospital -ди#OBL -з#DAT
мад#more
за#1sg.ERG -з#DAT
лугь#say -уда#ENT
гьизяхъине#now
бебир#Bebir
яр#sweetheart
кӏвач#leg -а#OBL -л#SP -NULL#ESS
лугь#say -уда#ENT
седакъет#Sedaget
терези#scale -ди#OBL -н#GEN
чир#knowledge
идаз#him.to
чун#1pl.abs
гевгьер#pearls -ер#PL -и#OBL -н#GEN
эвицӏ.хъийа#COME.DOWN
мадни#again
за#1sg.ERG
тир#was
пара#very
лугь#say -уда#ENT