naksika
áha̱ttalih
mm~hmm
akínih
to̱ksali -t
pí
akosh
ikbi
pihlichit
alla
-bíka -ttók
ikka̱na -li -h
pí
ahwa
mo̱ma
oka
kanit
sannatoko̱
pí
i̱la
ish-
ischool
fokáli -h
ilhkóli -h
nán
pilla
akkánoh
nátah
ittanówa
to
il-
water
hichi̱lih
panóla
hiná
yokáchi -h
hikato
hlih
mapillakano
tanaho̱wa
uh
okl í-
bacháya
tahli -ttók
ikhana
am- ám- abachí
pa̱
fulton
katikako̱
áyamolánatok
hapishno -ato
mat
á siy- assano -h
m -ako̱
-ma
mapillaho̱
ish-
kiyo
pih
e
ish-
-bíka -tok
á -kma̱
ná
ashwa -h
iya
an -akíni -hosh
issókih
i̱-
-ano
foha -ttók -o̱
i
ohmi -h
yammano
okl í-
kano
hitok -ósh
pí
i̱-
uh~huh
ahwa -h -o̱
hiyohli -h
lha̱kko -t
a̱ya -li -tok
yót
-ako̱
okl í-
ít
-kat
áha̱ttalih
m -ako̱
i̱pánakako̱
ka̱chak
amahwa
ná
ábachitokchih
anáto
hach- ishki
tok
toko̱
bííííkah
um
hospital
memorial
ná
iyaki̱yoho̱
a̱ya -t
ikhana -h
-ka̱
áchi̱h
pa̱
kapassa -t
ishlakma̱
banna -kma̱
akkíya -t
hihátoko̱
yohmi -t
pí
then
hachi̱tto̱lah
il-
kiyo
kiyo
tayyahalih
grade
yo̱ka̱
chishnáto
yo̱
ish-
i̱-
hachim-
mishsha
maiden
ahwa -h -o̱
-ato
ishit
makátokma̱
oski
sa-
náhollo
lawa
kíyo
nánit
kíyoh
alhtáhakma̱
náhollo
ná
pit
anáto
ná
mano
okl í-
mo̱ma
okíyahma̱
abiyat
hapi
i̱pa
yót
il-
-ma
a -ttók
nátah
east
hikít
uh
sanna
mo̱t
a̱h
hó
il-
ittanoho̱wah
wagon
a̱lhi
ípa
ómmi -kma̱
yohmi
kani -ma
mihchi -li -h
within
iya -li -h
fokkáli -ka̱
kani
county
fokka -t
okla
oh
hicha
mihchi -t
okl í-
ilokka
to̱ksalí -l -íchi̱ -kmat
ikbáno̱
hiho̱
standing
ayyásha -h
at
pish
okla
taha
chishnáto
ikhanat
iskitíni
i̱-
-bíka -ttók
truck
il-
community
tahli -li -h
makillattók
makalánah
álihma̱
yohmi
a̱t
o̱t
-kato
yohmi
m -ako̱
yóhmi
aha̱tta -li -h
hiyátósh
okmash
lawwat
-akósh
mm~hmm
apíla
iyattóko̱
achíba
ábachi -h
-bíka -ttók
okla
okl í-
school
-ano
ha
hohchifo
-ak
bíkatók
áchi -ho̱
ma̱ya -h
i̱-
yoppa
anáto
shahwa
achokma
nánakma̱
-bíka -tok -o̱
-ka̱
kiyo
illi -t
kanah
pí
ná
hitokako̱
hoyyokma̱
pakíniho̱
ikbi -t
m -ako̱
ikhana
pit
chokka
ikka̱na
hito̱
store
íshi -li -sh
mat
áchina
akínittók
ikhana -h
nani
il-
sanna
il-
-ka̱
-ako̱
mat
to̱ksali -h
bus
hokma̱
óna -hma̱
-ka̱
-ka̱
lhokáchiláchi̱h
hachim-
í- hi̱li -h
kana -t
o̱t
-hátoko̱
makáchi -t
okla
ná
áyo̱ba
hi -hma̱
a̱tta -li -h
iya -t
makilla
shippa
i
yoppa
-kiya
hattak
-ano
wíha -t
katash
okl í-
-ato
hi -hma̱
-ma
hi -hma̱
chahta.im.anno̱pa
okmako̱
-ma -k
katohmih
uh~huh
il-
maká -ha̱ -chi -h
-ato
makallaho̱
náhollo
okl í-
yoppa
pa̱
alla
kotcha
ahwa -h
hashki
kaníkano
mihchi -h
pí
ittim
-híka -tokash
shikalla
iti
í-
ayínatokma̱
yohmi -sh
okla
ishko -t
hashi
ikkána -t
okl í-
falámowat
ha
á
taposhshik
náhollo
ábachiláchi̱nih
o̱t
-kat
il-
-ka̱
á -tok
chokánit
-bíka -tok -o̱
ilhkólánah
miya
il-
yohma̱
pí
lawa
nani
onnahi̱li
aha̱tta -li
himak.nittak
tahli -li -h
imma
yóhmi
mm~hmm
il-
oh
ninak
kaníyah
kiyoho̱
aha̱tta -li
hiyokíh
-ka̱
pis -t
yómi
-akósh
ató
-ano
ma̱ya
-ka̱
a̱lhi
water
sixth
hokchi -t
kati -k
nákiya
i̱la
o̱t
iláyonah
il-
at
himak.nittak
bokko
-ma
tana
-ka̱
sha̱hli
il-
pí
issalittók
ná
mihch -ína -h
taposhshik
ná.chinni
achokma -h
ischool
hókakósh
degree
hihátoko̱
á
-ka̱
hopákino
-kat
kanohmih
m -ako̱
okl í-
hopáki
sápa
nátah
kapassa
i̱-
na
ma̱ya
-hátoko̱
chátok
okl í-
nani
í-
táhli
i̱-
hi̱lah
á -ttók
-bíka -ttók
il-
nánoka
ish-
hokchi -h
-kat
mike
amoláhínatok
il-
alhlhi
chinnah
í-
m -ako̱
kiyo
taposhshik
kiyo
yakohmi -ka̱
-ato
haksichi -h
mihchi -hósh
mat
oscar
-ma
the
chátok
fokkáli
pish
mash
ah
ámiyaksi
lhopolli -h
mm~hmm
faláma
mm~hmm
hátokma̱
hikma̱
atok
ahwa -h
ah
ta̱chi
istayyopi
nani
o
hihma
tokma̱
a̱sha
ná
il-
yót
pí
yóhmi
sassanót
ka̱ha
oknána
ish
ish-
hikít
hikít
kaníyo
-kato
nátah
the
hicha
chafo
mihchi -li -h
a̱sha
m -ako̱
mat
áyyásha
i
-ma -k
holihtat
banna
kíyo
áha̱yah
courses
kanímikmano
a̱
á -ttók
maká -tok
pí
tutwiler
akínih
-ma
hi -hma̱
mako
na
itti̱nokoho̱wah
grandma
bilíya -h
-ka̱
a̱tta -li -h
ná
kiyo
ikbi
ma̱ya
pí
o̱t
í-
makilla
ikbi
iya -kato
pí
banna -hma
hiki̱ya
acho̱li -h
il-
hikako̱
use
hi
o̱t
m -ako̱
momma
kanímih
ikbána
chim
mihchi -t
hihátoko̱
himaka̱
maka̱
kakósh
ilappat
-ma
-ho̱
ninak
ásha -bíka -ttók
ibá
háto̱
shibblih
o̱t
aha̱tta -li
mom
náhollo
ikhánakako̱
kapassa
nán
fokka -ttók
truck
o̱t
ná
náhollo
katiliyah
tanáchi̱
pit
náhollo
tahahmat
abohlih
maká -tok -o̱
kiyokma̱
atokash
mo̱ma
-ka̱
-kat
okla
afammi
-bíka -tok
anihlikmat
-akósh
naksis
a̱
o̱kih
iya -tok
mihchili
a̱ya -t
bilíya -h
ayyówána
hashki
a̱ya
il-
hitoko̱
mihchi
náhollo
can
holboh
illi
hi
oklímo̱t
uh~huh
kaníya -li
hihma
kaníyómikat
yoppa
hi -hma̱
kotchákma̱
litówánah
híkatókako̱
-m -ato
-ka̱
raymond
hollokchi
uh
ha̱lhánah
tohchína
ná
o̱t
memorial
á hokch -ahíka -ttók
ayyásha -h
chokka
yohma̱
-ma
toklo
i̱-
kanohmi
illah
áyyáshaka̱
nokha̱klo
issa -hma̱
makátokósh
illi
pí
m -ako̱
kotcha
kiyo
last
a̱
yóhmi
alálih
chá
átokósh
pí
fámakatok
il-
onna
-ho̱
kanohmik
at
uh
a̱ya -h
atta -li -h
ókat
kana -t
kiyo
afammi
oka
yo̱
hi -hma̱
il-
ilhkóli -h
yakómihchi
kiyo
holisso.ápisa
ish-
kanímilih
haklo
hókako̱
ahwa -h
-ho̱
-bíka -tok
ano̱pol -áhí kiyo
-ma
toklo
pat
yohmitokósh
-kat
-ma
delta
chokka
bash -t
alhtobakma
okla
ittiyaníchi -li -sh
ha̱klo
ka̱ha
anot
mihchi -h
mano
hashkilli
alhi
cha̱li -h
hoyá
sa- banna -h
a̱ya -h
chito
ona
-ka̱
water
bili̱ka
imakmanána
-ako̱
kiyo
ohóyo
im-
ah
mm~hmm
iya -h
mm~hmm
násh
ish-
ná
mako
ayówakmato
oklípí
á -tok -ma̱
í-
hihátoko̱
-ma
kaníyo
hi
áchásh
ikilhkólokiya
alhlhikat
-ak
mano
siyoshi
-m -ato
alhihma̱
á siy- alhpówah -ttók
im- achokmá -sh
famáchi̱h
hapishno -ato
to̱ksalí -li -h
chishnáto
fokkáli -ka̱
i̱pa chokma -h
ona -h
hílihma̱
tokash
a̱ ki
pa̱
a̱ya
-kat
ayi̱na
hika
pí
-kat
hicha
ish-
ikb -áchi̱ -hósh
-ma -k
yohmihchi
-kiya
hika
kati
okl í-
swamp
isht.ala -t
í-
a̱ ki
í-
yót
ala -h
a̱
yoho̱mih
alhtobakma
onna
konihata
m -ako̱
hi -hma̱
ikhana -h
makáto̱
ikka̱na -li -h
momma
okla
kanímika̱
nácho̱li
áha̱hnilih
akínittókósh
banna -kma̱
o̱t
hihátoko̱
-ma
osápa
kanímilih
i
-ma
ahówatok
-ka̱
im-
mihchilihátosh
hapi̱- ki -to
lish
osápa
tosh
il-
ittanówa -h
áchínikma̱
atok
yakoho̱mi
takshi -sh
chi̱- ki
katash
ishki -t
at
i̱- ki
mo̱ma
kíyoh
okla
-ka̱
yohmi
iti
-ato
yóhmih
-ato
chishki
ish-
okla
yót
hikít
áchásh
makáto̱
oh
aha̱tta -li
hapi̱-
fokkáli
-ma -k
pit
ná
-ma
tomatoes
falammi -li -ttók
álittók
a̱ya -t
bíkat
kano
hihátoko̱
a -ttók
hito̱
ish-
-kat
uh
toklah
hikít
mihchi -tok -o̱
hikít
wíha -t
wiha -t
kiyo
to̱ksali -t
-ak
-ma
kiyo
hikma̱
a̱yánaka̱
chim
hikásh
pa̱tta
á -hma̱
makínikásh
báno
ahi
á chito -kmat
chínih
-ho̱
atta
ikbi
mo̱mi̱t
mihchi
ittiyápishi
-bíka -ttók
m -ako̱
nánikma̱
alálih
ma̱ya -h
kiyo
á -ttók
kelly
iya -h
siy- assano
il-
a̱lhi
school
pí
yohmi
ano̱poli -t
-ma
tobi
mo̱ma
i̱-
omminnah
yohmi -h -o̱
-ma
yoppa
oh
okla
achonnáchi -ttók
last
kano
achaffa
yohmikat
hicha
-ma
ónakmako
ok
patálih
yoppa
kaními
híkatok
last
kappolit
tatot
-ma
awah
kana -t
-bíka -ttók
pí
hikako̱
yohmi
pa -aki̱li -h
hattak
freezer
ish- pa -kma̱
á -ttók
kani
okla
áha̱ttalih
kanimmano
il-
taha
a̱lhi
uh~huh
yakih
shóli
yamma
oshta -h
uh~huh
im-
k
allat
tanat
i̱- ki -t
-bíka -ttók
yohmi
siy- á-
iyá -li
-ma -k
aha̱yyalih
a̱
mihchi -h
county
himi̱tta
-bíka -tok
mat
ibá
ano̱
a̱
il-
hi -hma̱
yohmi -kma̱
pí
ish-
hoyóláchi̱
tonna
mo̱ma
kiyo
tamáha
okla
hikmat
okla
hapí
okl í-
kanohmi -tok -ka̱
makah
asháchi
central
okl í-
tokósh
sa-
store
hospital
a̱
iyakáyyahmano
ish-
i̱.shahli -hma̱
school
asháchikma̱
-hátoko̱
oka
katit
ishit
ásha -h
yakni
anól -ána -h -o̱
hicha
-ya̱
ittibá
ta̱sh.palaska
pa̱
sa-
áchih
ího
a̱
oshta
uh~huh
kapassa -t
illi
sa-
takkal
il-
pí
ish-
pí
fokáli -km -ako̱
kano
ikbánaho̱
a̱ ki
flat
o̱t
hikata̱lhih
alá -li -tok
i̱-
toko̱
iyáchi̱tokáchíni
ikbíchi̱
lawa -h
hihátoko̱
ilhkóli -kmat
il- iya -tok
ápitta -t
no
-kiya
delta
hapishno -ato
hi -hma̱
pí
oklípa
pisána
uh~huh
iya -hma̱
shokshi
táhli
iya -ttók
hóyo -hma̱
aha̱yah
hattie
i̱-
m -ako̱
-ka̱
illi
iya -kma̱
chaffa
bi̱ka -h
man okl í- haklo kih
yakni
ilhkoho̱li
pí
kanikma̱
ta̱chi
pí
bát
pakíniho̱
hachi-
yimmih
ishit
okl í-
náhollo
atoko̱
mihchi -t
kíyo
okla
-ma -k
li
chishnáto
ihma̱
a̱t
maká -tok
hika
illi -ttók
-kiya
achokma
a̱lhi
a̱ ki
-ya̱
alla
hicha
í-
hihma
íyokma̱
-kiya
á -tok -o̱
-ka̱
a̱sha
basket
-ato
ikhaná -li -tok
ak- mihch -osh
then
anáto
okla
áyyáshakma̱
uh
lokka
okla
á -tok
shilosh
ábachínakma̱
lha̱kko -t
a̱
sápa
miyaho̱
anáto
átoka̱
okla
ato̱litok
freezer
hikma̱
hiki̱ya
pisah
tanna
itti̱nokówa -h
il-
skool
ábachitokchih
a̱ya -li -ttók
illakásh
akínikako
siyahmih
uh
yohmáhíkiyoh
pokni
to̱ksali -t
ish-
hi -hma̱
ik-
ma̱yya
o̱
i̱pa -t
m -ako̱
-ma
iskool
makáchi -hma̱
man okl í- haklo kih
onálitok
old
-ma
a̱
achokma -h
il-
il-
i̱shirt
chá
mat
kíyoh
hi -hma̱
hihma
o̱t
nówa -tok -o̱
a̱
aha̱chih
il-
alla
ish-
iyalánah
bacháli -h
im- achokma -h
shikalla
wáya -h
chá
-bíka -ttók
náhollo
ak- ikkán -o
iya -h
hátokma̱
-ka̱
kako̱
pisa -kmat
hikako̱
ayyówána
talóha
clean
o̱
toko̱
oh
okla
yómika̱
m -ako̱
tahli -kma̱
ákfilla
ilhkóli -hmat
á
cho̱pa -h
tokáchínitok
kano
kíyoh
nittak
a̱tta -tok
shawwa
pak
achokma
hoyo -t
pí
okla
ahni -li -sh
makmako̱
golden
ayína
a̱t
kiyotoko̱
sánnah
hikít
ilhkólitokma̱
álachá
waiya
hi
ano̱pmanánásh
o̱
móma
hihma
chi̱- ki
okl í-
pí
ná
itto̱la
a̱ya -h
i̱pa -h
-ma
-bíka -ttók
alítok
achokma -h
fokka -ttók
ípa
ilayyoka̱
pí
ish-
pleasant
hat
ikbi
anokfilla
pí
-kiya
kiyo
ibbak
ommih
mat
ikka̱na
kanómi
ahma̱
nátah
tomatoes
tahattók
áta̱páchi̱tok
toko̱
yohmi
iya
chátok
o̱t
choctaw
ikhana
mihchikmako̱
ahni -h
aha̱yah
m -ako̱
mihchi -t
máyyaka̱
chíkosassiya
atta -ttók -o̱
pí
iya
-kat
kil
chishnáto
í-
-ako̱
katah
siy- assano -t
a -ttók
nácho̱lih
nácho̱li
ona -hma̱
acho̱t
-ma -k
to̱ksali -li
pit
patálit
ikbánaho̱
i̱-
ikbi
kaníkma̱
omakah
hihátoko̱
a̱ ki
mo̱ma
fámah
-akíni -kásh
apísa̱chi
achokmáki̱lih
chi̱
-ma
am- ábachi -ho̱
oh
taha -kma̱
no
okla
makmakon
ápitta -t
akkattola -t
ikhanat
-ma
hitoko̱
wák
il-
hátokósh
chishnáto
hokma̱
anásh
-kat
close
tahánóka̱
-bíka -tok -o̱
áyishit
nánit
pí
bók.chito
náhollo
a̱ya -li -ttók
okla
canning
tokash
ná
ná
cumberland
a̱ya -li -h
a̱lhi
shohbittók
hihma
kíyo
chi-
sa-
-bíka -tok
iyakat
okla
ta̱chi
ohmat
nátah
mihchi -t
a̱
classes
apílali
tribe
chishnáto
okla
nátah
ilhkólottóko̱
chim
at
alítok
ná
yóhmika̱
mm~hmm
faláma -t
yohmi
mat
bacha̱ya
m -ako̱
foha -chi -tok -o̱
taháhínah
íla
ona -h
ahwakako̱
a̱tokobih
yoppa
hikanóti
a̱h
pish
hikít
pa̱
lawa
m -ako̱
náhollo
aha̱tta -li -h
hashi
kaniyah
to̱ksalí -li
okla
-kato
a̱t
fokkáli
kaniohmi
bokko
ashwa -h
-ya̱
ak- ikkán -o
-ka̱
palammi
katímina
honni -t
pí
nánaho̱
ikka̱na -li -h
áha̱ttalih
pa̱tta
iya -h
hokma̱
kíyo
i
pis -t
-kat
pishnáto
to̱ksali
tomatoes
tahánóka̱
il-
hichi̱lih
himaka̱
ishit
akínih
onnahi̱li
earl
ahóchi -li -tok
m -ako̱
il-
okla
march
at
yohmi
alla
maká -tok
a̱t
paki̱liho̱
pí
-ka̱
ikbána
iyá -li
mihchi -t
ná
a̱h
yohmikano
aha̱shwa -kma̱
nani
híka
a̱tta -li -h
yohmikásh
iya
hi
bók
hicha
kil
hapinnah
-ato
siyoshi
-ma -k
apílalí
taha -kma̱
achokma
ish-
abóli
ittiyapishi
m -ako̱
i
apíla
na
week
-ka̱
chim
ayówa -li -ttók
ruth
okfowátat
hohchifo
at
oh
o̱t
-ato
-kat
íla̱chit
regular
iskool
-ako̱
ish-
yamma̱
í-
kani
oh
ayyashah
ta̱chi
toko̱
issabáyaskachih