possession GIVE.X.TO
king
with
area =THE
Natam
even.(also)
result
baby
little.(small)
relpro sail
with
in,.at.(space)
to.arrive =FRONTED.ELEMENT
a
because
land
with
Engkeran
story
seven
done.(finished)
home
to.find
neg
relpro
TO.DO.... to.throw
with
and
sail
3sg
sugar
3sg
TO.DO.... let
first
PAS.TR receive
relpro
time =THE
neg
PLEASE.GO.AHEAD
land
old.(of.things) MEASURE.NOMINALIZER
relpro
relpro
to.arrive =FRONTED.ELEMENT
PAS.TR SEMANTIC.ROLE:.PATIENT to.think SEMANTIC.ROLE:.PATIENT
TO.BE.... sad =3SG
with
ONE person
on.(of.dates)
handsome
king
will
PERSON.WHO.HAS.... shepherd
relpro
relpro
land
ONE.OF
and
magical
despite
position =3SG
TRAN.PAS life TRAN.PAS
done.(finished)
ACTIVE.VOICE to.find
relpro sail
money
great,.formidable
relpro sail
again
for
king
and
TOWARD.(A.PERSON)
QUEEN =3SG
HUMAN
such.as
that,.those
sir
drink,.to
to.be.a.group OBJECT.OF.VERB
HOW?
variety
with
REDUPLICATION longing TO.CAUSE.TO.BE.A...
to,..toward.(a.place)
king
jungle
by
raspy
to.be.able.to
good
jungle
a.spoken.word VARIETY
husband
done.(finished)
return.home,.to =FRONTED.ELEMENT
by
continuing
relpro
3sg
king
neg
mercy
such.as
NOMINALIZER to.live.(be.alive) NOMINALIZER =THE
PAS.TR to.give know,.to
NOMINALIZER to.arrive NOMINALIZER
city
CHARACTERSTIC.OF magical CHARACTERSTIC.OF
meter
TO.CAUSE.TO.BECOME... desired TO.CAUSE.TO.BECOME...
home
uncle =3SG
again
continuing
this
will
not
be,.exist,.have
on.(of.dates)
PAS.TR request.to.(informally)
so.that
in,.at.(space)
to,..toward.(a.place)
relpro
child =3SG
teacher
REPEATED.ACTION to.be.on.target REPEATED.ACTION
PERSON.WHO... to.continue
again
this
will
to.be.a.group OBJECT.OF.VERB
heart
that,.those
bandit
for
CHARACTERSTIC.OF important CHARACTERSTIC.OF
neg
1sg
THE.ACT.OF.... move,.to THE.ACT.OF.... =3SG
NOMINALIZER come,.to NOMINALIZER
be,.exist,.have
boyfriend
like.that
for
is
relpro
family
done.(finished)
BLANGKEJEREN
that,.those
even.(also)
morning =THE
person
first
PERSON.WHO.DOES.... to.visit
even.(also)
to.divorce
and
thankfulness
to.be.capable.of
PARENTS =THE
very
ACTIVE.VOICE watch,.look,.see
relpro
sugarcane
in,.at.(space)
who
to.produce
bored
with
presently,.nowadays
QUEEN =THE
nation,.country
BOY
or
PARENTS =3SG
for
PASS.INTR to.pull PASS.INTR
that,.those
3sg
person
3mp
news
male
relpro
king
dad EMPHASIS
and
sister
will
but
and
TO.HAVE.... ticking
again
to.play
PAS.TR to.arrange =FRONTED.ELEMENT
portion
because
little.(small)
be,.exist,.have
this
must =3SG
and
and
BLANGKEJEREN
3sg
word TO.CAUSE.TO.BE.A...
king
TO.DO.... drug,.medicine
and
relpro
so.that
then
again
lazy
expert
and
in,.at.(space)
again
Nagari
time
to,..toward.(a.place)
RDP cry.out,.to
to.want =3SG
to.gnaw.on
relpro
again
mother
CAUSATIVE to.give CAUSATIVE
only intensifier
in,.at.(space)
relpro
heart
to.carry TRANS return.home,.to POLITE.IMPERATIVE
with
moment this
strategy
ACTIVE.VOICE to.become
wife =3SG
to.use
3sg
entire
with =3SG
TO.BE.... large
with
to.remain
and
for
TO.HAVE.... rights
heart
relpro
line
citizen
3mp
we.(excludes.the.one.adddressed)
relpro
self =3SG
relpro sail
relpro
watch,.look,.see
neg
king
shaman
3mp
with
with
person
relpro
ACTIVE.VOICE remember,.to
3sg
neg
neg
ABILITATIVE to.become
be,.exist,.have
request.to.(informally)
what.will.come
sad =THE
good
alone
for
PAS.TR to.vow.to.be.married CAUSATIVE
TOWARD.(A.PERSON)
land
gate
because
with =3SG
ACTIVE.VOICE to.view.as
Karo
for
old.(of.things)
again
wide,.width
will
ACTIVE.VOICE to.send.someone
BOY
THE.ACT.OF.... foreign THE.ACT.OF....
ACTIVE.VOICE to.receive
relpro sail
in,.at.(space)
ABILITATIVE hear,.to
we.(excludes.the.one.adddressed)
behavior
home
to.ask
relpro
TO.DO.... to.produce
diligent
DURATIVE? REDUPLICATION cover,.to REPEATED.ACTION
that
direct,.non.stop
relpro sail
ACTIVE.VOICE buy
order
to.want
DURATIVE? to.gather DURATIVE?
expert
that,.those
PASSIVE foreign PASSIVE
ACTIVE.VOICE to.become
sticky.rice
ACTIVE.VOICE guard,.to
neg
to,..toward.(a.place) jungle
tomorrow
TO.PAY.ATTENTION.TO
be,.exist,.have
PASS.TR to.pick.up.(someone) PASS.TR =3SG
TO.DO.... to.discuss
heart
to,..toward.(a.place)
relpro sail
relpro
jungle
HUMAN
intention
thought =3SG
that,.those
ONE team
king
year
in,.at.(space)
that,.those
relpro sail
relpro
1sg
for
portion
1sg
again
coconut
TO.APPLY.....TO.THE.OBJECT possession TO.APPLY.....TO.THE.OBJECT
even.(also)
THE.PROCESS.OF kerja =THE
relpro
member
do.not!
we.(excludes.the.one.adddressed)
dagger
ACTIVE.VOICE watch,.look,.see
alas
for
with
intention
and
PARENTS
that,.those
such.as
TO.DO.... road foot
garden
PASS.TR buy PASS.TR
tax
while
actually
and
version
TO.HAVE.... school
TO.HAVE.... cheer
respect =3SG
that,.those
be,.exist,.have
to.get.better.(health)
to.suffer
class.person
QUEEN =THE
to.be.finished
even.(also)
effort
AFTER
a
neg
HUMAN
get,.receive REPEATEDLY
with
alas
to.circumcise REPEATEDLY
king
increasingly
relpro
and
relpro sail
to.be.intended
wife =2ND.PERSON
done.(finished)
master =1SG
plant
negativizer come,.to
ACTIVE.VOICE to.somersault to.turn IMPERATIVE
to.cry
merciless
Natam
self
serving.tray
grass
reward
night
type,.sort =THE
for
big.(size)
yet,.not.yet
TO.HAVE.... rank,.station.in.life
a
one
relpro
sit.down,.to
very,.extremely
TO.GO.TO.... uterus
one
PAS.TR to.wait.for
TOWARD.(A.PERSON)
neg
come,.to
1sg
behind
3mp
3sg
CAUSATIVE to.become CAUSATIVE =3SG
to.arrive =FRONTED.ELEMENT
REPEATED.ACTION bath
good
we.(excludes.the.one.adddressed)
woman =1SG
hard.(solid)
fortune.teller
family
class.person
that,.those
spirit
big.(size)
even.(also)
with
with
neg
because
done.(finished)
easy
and
police
Natam
very
under
moon
and
class.person
THERE
thing
self
ONE.OF
neg
very
to.intend
it
here
for
WHAT
ACTIVE.VOICE kill =3SG
will
ACTIVE.VOICE to.pull
ONE person
with
by
3sg
TO.DO.... to.produce
neg
for
large
by
ACTIVE.VOICE sure CAUSATIVE
intend,.to
embarrassed
and
to.truly.happen
neg
YOU.(FAMILIAR)
return.home,.to
corner
3sg
done.(finished)
feel,.to
love
younger.brother.or.sister =2ND.PERSON
to,..toward.(a.place)
relpro sail
news
that,.those
ACTIVE.VOICE feel,.to
in,.at.(space)
depart,.to
ricefleld
CAUSATIVE wear,.to
again
ACTIVE.VOICE to.organize
3sg
relpro
with
ONE person
portion
relpro sail
TO.CARE.ABOUT
uncle =3SG
AS.IF
patrilineal
relpro sail
ACTIVE.VOICE opponent =3SG
old.(of.things)
with
a.living GIVE.X.TO =3SG
water.buffalo
relpro
Natam
heart =3SG
RDP animal
reward
water.buffalo
grime =THE
father
by
class.person
we.(excludes.the.one.adddressed)
CRAFTSMAN
danger
TO.DO.... overflow downpour
guard
poor
rice.(uncooked.grains)
pair.of
for
great,.formidable
1sg
positive
a
history
event
land
thankfulness
ACTIVE.VOICE to.help
relpro
relpro
to.say
PAS.TR BELIEVE,.TO
you.(hon)
Singkil
TO.HAVE.... variety
king
in,.at.(space)
again
only
3sg
presently,.nowadays
in,.at.(space)
BELIEVE,.TO
relpro
but
king
not
HAVING.TO.DO.WITH... condition.(pre.condition) HAVING.TO.DO.WITH...
that,.those
CAUSATIVE scrub,.to CAUSATIVE
ONE moon
Perhaps,.probably
first
neg
and
3sg
relpro
by
TO.GO.TO.... face
person
relpro
ABILITATIVE sit.down,.to
PENGULU.MUDE
horrified
guard
to.help OBJECT.OF.VERB
citizen
doctor shaman white
relpro sail
nephew =1SG
mother
even.(also)
CHARACTERSTIC.OF pretty.(of.women) CHARACTERSTIC.OF
uncle =3SG
NOMINALIZER great,.formidable RECIPRICAL
3sg
ABILITATIVE to.somersault to.turn
in,.at.(space)
children
PERSON.WHO.DOES.... farmer
love
aunt
HAVING.THE.SAME time
home
neg
family =THE
again
but
feast
compost
ONLY
young
brother,.older =3SG
be,.exist,.have
to.carry REPEATEDLY TRANS return.home,.to
3sg
only
clothing =1SG
master =1SG
PRESENT.TIME
PENGULU.MUDE
intention
alas
1sg
TRAN.PAS possession TRAN.PAS
to.break hope
to,..toward.(a.place)
vile
alas
to,..toward.(a.place)
class.person
news
figure
you.(hon)
CHARACTERSTIC.OF patient.(calm) CHARACTERSTIC.OF
PENGULU.MUDE
be,.exist,.have
PERSON.WHO.DOES.... to.visit
just
class.person
to.want =3SG
uncle =3SG
know,.to
for
1sg
and
ACTIVE.VOICE word CAUSATIVE
family
alas
to.know
PERSON.WHO.DOES.... farmer
Natam
CAUSATIVE live.(stay.in.a.place) CAUSATIVE
conversation =3SG
be,.exist,.have
and
news
even.(also)
master =1SG
3sg
TO.GO.TO.... top
for
ONE 3mp
relpro sail
will
=3SG
with
neg
CAUSATIVE to.arrive CAUSATIVE
PARENTS =3SG
relpro
PENGULU.MUDE
legitimate
and
side.(of.an.issue)
return.home,.to
to.search.for REPEATEDLY
to.have
will
school
only
to.propose.(marriage) OBJECT.OF.VERB
TATTERED
tribe
TRANS to.hit =3SG
return.home,.to intensifier
CHARACTERSTIC.OF troublesome CHARACTERSTIC.OF
will
very
county
be,.exist,.have
cousin =1SG
3mp
only
family
to.approach
and
to.use
ACTIVE.VOICE behavior
expert
class.person
relpro
done.(finished)
PARENTS
relpro
TO.APPLY.....TO.THE.OBJECT possession TO.APPLY.....TO.THE.OBJECT
just
city
mother =3SG
same
in,.at.(space)
Gayo
and
just =FRONTED.ELEMENT
TO.BE.... SUITABLE
and
relpro
back
woman
relpro
not
tiger
uncle's.family
SLOWLY
wealth
self
be,.exist,.have
done.(finished)
what.will.come
to,..toward.(a.place)
to.there
class.person
CAUSATIVE to.somersault to.turn CAUSATIVE
to,..toward.(a.place)
on.(of.dates)
cut,.to REPEATEDLY
and
in,.at.(space)
water.buffalo
CAUSATIVE live.(stay.in.a.place) CAUSATIVE
out
to.be.intended
ACTIVE.VOICE kill
by
but
Natam
PAS.TR buy =FRONTED.ELEMENT
in,.at.(space)
relpro
to,..toward.(a.place)
neg
TO.DO.... to.grow =3SG
such.as
TO.DO.... to.pass
palm.tree
O
1sg
alas
HAVING.THE.SAME on.time
3mp
that,.those
neg
story
that
Permanent
also
again
that,.those
God
to.intend
with
big.(size)
noise
again
relpro where
3mp
school =THE
situation
ONE figure
quiet
be,.exist,.have
indeed
family
TO.HAVE.... PLURAL month
by
relpro
and
zero
Engkeran
in,.at.(space)
PARENTS
return.home,.to
just
done.(finished)
temporarily
finish.off,.to
aah
will
even.(also)
PENGULU.MUDE
for
class.person
fortune.teller
heart =3SG
ONE way,.method
and
effort
but
in,.at.(space)
ancestor
have.been,.ever
that,.those
CAUSATIVE finish.off,.to CAUSATIVE
relpro
news
but
relpro
ricefleld
and
by
PAS.TR to.send.someone polite.imperative
only emphasis
relpro sail
CAN to.search.for CAN
THE.WAY.OF... ACTIVE.VOICE cut,.to THE.WAY.OF... =2ND.PERSON
and
TATTERED
again
for
group
relpro sail
done.(finished)
village
you.(hon)
rotan
participate
event
ACTIVE.VOICE watch,.look,.see
expert
grass =THE
3sg
only
that
to.search.for REPEATEDLY polite.imperative
master =1SG
corn
woman
such.as
come,.to
alone
relpro
story
home
to.still.be
like,.be.pleased.by =FRONTED.ELEMENT
self =2ND.PERSON
rich
far
AFTER
because
THE.ACT.OF.... to.think THE.ACT.OF....
relpro
rich
ONE to.continue =3SG
here
relpro sail
other =THE
mercy
baby
first
here
expert
guard,.to polite.imperative
relpro sail
thing
citizen
to.be.visible
not
that,.those
night
RECIPRICAL turn,.make.a.turn RECIPRICAL
alone
ONE person
even.(also)
TO.DO.... age
relpro sail
wife =3SG
begin,.to
flood
home
TO.STRUGGLE
vile
always
entire
again
in,.at.(space)
BOY
ACTIVE.VOICE to.somersault to.turn
TO.HAVE.... wealth
expert
age
citizen
3mp
HUMAN
with
ACTIVE.VOICE request.to.(informally)
PAS.TR to.shelter DURATIVE?
day untuk day
uncle
this
to.arrive
wife =3SG
class.person
CAUSATIVE to.govern CAUSATIVE
also
exactly
yard
intensifier
cloth
in,.at.(space)
to.leave =FRONTED.ELEMENT
RDP to.search.for REPEATEDLY
speak
Natam
PASS.INTR to.want CAUSATIVE
in.the.process.of
but
uncle
under =3SG
Engkeran
young.man
for
event
that,.those
neg
relpro sail
3mp
neg
Karo
to,..toward.(a.place)
and
laugh,.to smile,.to REPEATEDLY
ACTIVE.VOICE to.organize =FRONTED.ELEMENT
ONE child =3SG
to.search.for REPEATEDLY
magical
neg
person
is
other =THE
neg
to,..toward.(a.place)
king
1sg
TO.HAVE.... rank,.station.in.life
worm
uncle
and
1p
often
1sg
father biological =3SG
shaman
just.right
that,.those
to.carry REPEATEDLY TRANS return.home,.to
year =THE
according.to
hat
in,.at.(space)
THE.WAY.OF... ACTIVE.VOICE to.look THE.WAY.OF...
strong.desire
chili.pepper
relpro
to.use
ACTIVE.VOICE rotate
year
ACTIVE.VOICE kill
PARENTS
cousin =2ND.PERSON
child =3SG
harvest
that,.those
relpro sail
for
alas
ABILITATIVE to.carry TRANS return.home,.to
mercy
that,.those
to.produce OBJECT.OF.VERB
just