за
и
вуч
тир
еке -з
низ
же да ай
лув.гана
лагь -ана
гьан а л -ай
зу
кӏватӏ -ана
пара
вири
хьир
и да -н
гьуьл -уь -н
лепе -яр
ва -з
кьил -е -л -NULL
маса да -н
тӏвар -ар
гьикӏ
вун а
ида -з
зу ни
аскан да
ма
са
лагь -ана
гьуьл -я -й
лежет
шад
жи
и
немец -ар -и -з
жагъур на
халу
ава й
тарифара -ди
же да -ч
гада
и
тухурла
гваз
эскервил -е
тагиев
вич -и -н
ва -з
ви
са
галат нава й
са
физвайди
гьадисе
жагъур на
кӏвал -ар а -NULL
лугь -уда
гъуьл -и -н
мама
шагьдагъ -ди -н
гьинватӏа @@@
и
ава -з
лагь -ай -ла
же да
гъвечӏи
гьаят -ди -з
са
лагь -ай -ла
лагь -ана
я
лагь -ана
хьа -нава
ида -ни
квез
гада
яб.акал -енма
гада -ди -з
чи
гила
йис
гьуьл -уь -н
лугь -уда
за -з
хьа -ана
газет -ди -н
и
бес
пара
гьат -на
гуржистан -ди -з
зунжур -ди -в -NULL
гьан ай
эциг -да
яхцӏурни
хьа -нава
эциг
вун
же зва
бельгия -ди -з
ава
за -з
балкӏан -да -л -NULL
ана
куту р
тир
хьа -ана
эчеӏр -зава -й -тир
фикир
ада -з
къарагъ -да
гала -з
асул
я
лугь -уз
чна
чирад а -з
ф -изва
шикил
гьана ра
руш
кӏан -да
йис
ван
нефер
ковш
кӏан -зава
сонракиз
чна
же зва -ч
хьи
же да
пара
чукур -да
запис -ар
къерех -да -NULL -ни
лагь -ана
хт -ана
а
гьамиша
кь -уна
и
имни
юкъ -у -з
девлет -ар -и
буба -ни
чашмиш хьа на
пачагь -ди
чубан -ди в -ай
кӏан -да
ава й
эвеца
са
лагь -ана
миннетдар
зи
чна
им
певица -яр -ни
лугьу да -й
аллагь -ди -з
муеллиме
хъфелахъди
вилаят -ди -з
куь
акъат -на
эхьир
кӏарас -ар
она.гуьре
и
чна
са
руш -ни
иеси -ни
са
йит -ар
ягъ -ана
кӏвал -и -з
хьи
и
ий -ида -й
вилаят -ди -з
эвве
ахпа.хьиз да
лагь -ана
капаш -да -NULL
ки
лагь -ана
ида -ни
лугь -уда
хьир
ав -уна
тахтун -а -л -NULL
жеш
яру
чун
куьтни
жагъи зва -й
хьа на
винел
лагь -ана
ва
ооо
кван
пуд
къакъуд -на
яшамиш -да
хейлаг
пака
ата й -ла
тунва
и
кичӏе зва й -ди
жи
кьил -е -л -NULL
хв -ена
вефасуз
кӏанчӏ -ина -л -NULL
ва
граница -яр
гьафте д -л -ай
хьа -нава
лугь -уда
магаданский
лув.гана
акъуд -на
кӏвал -ар -и -н
гила
къерех -ди -з
хьа на
ибур
ф -енва
хуьр
лугь -уда
кь -ада -тӏа
за к -ай
ак -ур -тӏа
марф
хкадар -да
лугь -уда
еке
вил -ер
кӏвал -а -л -яй
гада -йр -и -з
г -ун
гада -ди -з
гаф
хьи -з
лугь -уда
сер -ди -з
ахпа
цуьгъвен -ла ай
за
хьа на
дили
семь
хуш.къве да
вири
кван
же зва
вах
за хъ
машин
вири да -з
икӏа
гьикӏ
лугь -узва
ида -ни
исят да
гьат -из
им
хьа
къач -уда
им
вак -ар
я
хьир
ада
сегьви
экъечӏ -на
амукь -на
гьа-гьа
тир
маса
ахвари -з
вун
михьи -вал
комиссоват -на
ма
са
ама -ни
билет -ар
къен
ам
и
везир -ди
чун
вич -и -н
хва
лагь -ана
за -з
чи -ун
ина -й
са
дуьз
икьрар
акӏ
же зва
атӏу -з
гевгьер -ар
ада в
стха -йр -и -з
вуч зава
за -з
гьим
мад
гагьат -зава
ча
гьамам -ди -з
лагь -ана
кака
чуьх тир
мани -яр
хъф -ида
я
она.гуьре
рикӏ
яшамиш -да
хьи
имни
за -ни
гардан -да -л -NULL
ам
ида
жагъур на
ф -ена
вуч
чара
кӏан да
кӏан -зава
кьарас
вич -и -з
игила
вац -ра -NULL
лагь -ана
кӏватӏ
йис а
ф -ена
ибурни
ва -з
мисмар -ди -к -ай
совет -ди -н
вун
ат -ана
гьа да л -ай
мелим -ди
ахъай -зава
чан
и бур
гада
лагь -ана
алцур -ар -мир
лугь -уз
хъиж -еда
ф -ена
ашукь -ди -з
вилик
стха -ди -хъ -NULL
чан
къв -езва
же зва -ш
акъах -да
хкат ай -ла
аял
эхир
месела
ахпа
ашукь
зи
баде
вун
гьабур @@@
иеси
гьина
фи зва -й
гала -з
ава -ч
я
гада
и
гьикӏ
вуна
вич и к -яй
жув а -н
велибег
гада
цай
лагь -ана
эйиб
я
алат -да
хта -нава
хкадар -да
пачагь -ди -н
жуваз
вахгун
капаш -да -NULL
яваш-яваш
хьа нва
куьн
а
кӏел -да -й
аладри -з
дяве -ди -н
гьиниз
лугь -уда
ханум
винел
и
канивал
лагь -ана
лагь -ана
и
шикил
стха -да -л -NULL
ам
а -бур
ада -н -ди
зун @@@
вун а
же зва
ий -ин
концерт
маса да -з
и
талыш
вири да -з
и
патак ай
магадан да
дуьз
вич -и -н
гьинвайди
ч -ида -ч
ф -ена
пай
жаваб
ида
чка -ди -л -ай
боеприпас
терсина
вегь -из
кӏан -зава -й
югъ
ава -й -ди
лагь -ана
за
лагь -ана
ак -ур -тӏа
хер
гьа.бере да -ни
чара
сегьне -да -NULL
цве -з
эвичӏ да
ав -уна
руш а -з
ни
гада
иштирак на
сад.лагьа на
ката -й
за -з
за хъ
хъф -ена
руш
ша
т- ав -унва -й
вири да -н
лагь -ана
мейдан -да -л -NULL
же да -ш
кь -уна
ара да
ида
вахт
къаз
халу
ахъай -да
вад
ибур -у
ругь -ди -з -ни
лагь -ана
тир
лугь -уда
хабар -ар
фе -нава -й
агъ -ана
но
рекьи кь
сувар -и -з
машин
вич -и -н
ча -з
эдалет
гъел
беес
хьа на
же да -й
г -ана -ш
ки
руш
ий -ин
лугь -уда
нупа да -л
ракъу зва
чубан
ана -й
ат -анва
гада
ки
ф -ида
бере -да -NULL
цай
хьа на
къулдур
чун
кӏвал -а -NULL
ну
а
нефер -ди -в -ай
тарафар а -NULL
чка
чка да -л
къунши
лагь -ана
лугь -уда
акв -аз
асул
вил
къв -еда
ат -ана
я
и
куьн
ва
руш а -н
вине -л а ай
чун
гада
лугь -уда
гьаят -ди -л ай
передовой -ди -з
гаф
жедач
лугь -уда
ну
ахъай -зава
лугь -узва
вун
ида -з
кан -и
чна
лугь -уда
лугь -уда
са
ида -з
хт -ана
чил а -л -NULL
дамах -ар на
муаллим -ни
ашкъи
пачагьвализ
зун -ни
кицӏ -ер
тухв -ана
кӏан -да
за -з
я
алачух -ар
ша
ф -ена
винел
ам
ваъ
затӏ -ди -н
хт -ана
вич и -з
са
хьуь -из
вич
инрай
акунгаз
лагь -ана
къвалах -ар
лугь -узва
ча
хьтин
ма
са
ида -ни
я -тӏа
ваз
ккӏ
я -из
франция -ди -з
алцурар -на
анжах
хьа на
ий -изва
акв -азва
кьил -е -л -NULL
я
ча
за
солдат
атӏу -з
хкаж.же зва
им
лагь -ана
кьил -я -й
инсан -ар
лагь -ана
тӏвар @@@
вич -и -н
зу
анжах
ф -ида
чка -ди -з
ман
тридцать
диде -ди хъ
гьа
лагь -ана
т -мир
ава
адет
уже
ава й
къай -и
къалуртав -зава
дере -ди -н
лагь -ана
агъуз
ман
къерех -ди -л -яй
я
ава -ч -ир
килиг -на
эгекь ай -ла
тухва -нава
уьлкве -ди -з
за
жемят -ди
са
руш
а -бур -у к -ай
ф -ена
руш
а -бур
ф -ена
ашукь хьанвай
кӏан -тӏа -ни
г -анва -й
къач -уна
ахъа -й зва -й -ди
чун
сергьед да
буба -ди
и
ван
же зва й -ди
вич и -з
жи
яхъ
маса
вич и -з
лугь -уда
гьахь -ин
и
ибур -у
ф -ена
лагь -ана
къв -еда
и да -л
ф -из
руш -ни
агъ -ана
вич -и -н
вилик
квез
я
чай -ди -з
и
регьмет -ди -з
и
хьа -нава -тӏа
ама
гьин
кан -и
атана.агакь
гьаят -ди -н
муькуь
ва -з
кӏан -зава
зи
же зва -й тир
бес
агъуз
хьа -нава
крар -ий -к -ай
има
гада -ди -н
ида -з @@@
гьим
г -анва
за -з
лугь -уда
инсан
и
гъил -е -NULL -ни
ибурузни
акьах -на
хьи
лугь -уда
лугь -уда
таран
руш
чахъ
къачу
кут -уна
гада
и
вуч
руш -а -з ни
рикӏ -е -NULL
сагъ -ар на
вири да
за
хуьр ей
инсан -р -и -к -ай
самур
фи -ун
са
цӏуьд
ана -й
беш
шуьбяддин
чи
инал
регъуьла
хьа на
саягъ да
и
за -з
кицӏ
ида -ни
я
ма
гада -ни
ада -н
алукӏ на
яргъал а ай
иеси -ни
вич -ни
кьвед.лагьай
ки
ча -л
йикьал ай
эхир
вун
им
гада -ди -ни
лугь -узва
вич -и -н
тур
югъ
ат -ана
къваз -нава
гьа
гьаа
г -уз
ван акъуд зава й тир
лагь -ана
и
акъуд -на
я -тӏа
я -тӏа
кӏурцӏул -ар -ни
ф -ена
йаймиш на
крар -и -к -ай
кицӏ -и -з
ван хьа на
фидамаз
комбинироват -на
я
яргъара
жен
я
чӏарч -ни в
гьабур -у
и
я
патакай
кьулухъди
акъах -да
лугь -уда
зу
имкан
экъ -езва
фена-фена
кавалерар
гьакӏа
пуд
лагь -ана
гада -ди -з -ни
тур
араб -ар
лагь -ана
таву р
чир
ат -ана
руш а -з
эвер -да
жув а -н
чи
стӏурви -ди в
кӏвач
баде
ама -ш е
эвер -да
кӏарас -ар
я
сонра
оказывается
лагь -ай -вал
сад
кицӏ
я
эскервил -и -з
аваридиз
х -адалди
хъув -уна
руш
тахьай -тӏа
кӏараб -ни
ида -ни
кгъ да
гурвал
идаз
ахпа
идаз
шикил
лугь -уда
луьтквечи
лагь -анва
таран
мах -ни
диване
вуш -ун
гьуьл -уь -н
тамаш -на
ида -н
луьткведаваз
гьерекат -ар
накьв -ни
хъсан
ашукь
за
хагьиш ая
тх -уз
хкадар -зава -й
ци
ак -уна
къарагъ -на
за -з
ида -з
лагьа -й -тӏа
вири
гада -ди -ни
я
же да
ов
рикӏ -и в -ай -ни
кӏан -из
ф -ена -ш
гьуьл -уь -н
яхцӏур
бере -да -NULL
ф -ена
луьткве
алата -й -ла
сонра
же -мир
ив -и -з
рикӏ а -л -ай
чун
жув а
мад -ни
икьван
ина -л ай
ий -изва -ш
а
къазахстан -да -NULL
хва
хьа -ана
къе йиф -и -з
кут -ада
чан
шагьдагъ -ди -н
ибур -у
кӏвал -е -NULL
кӏвал -е -NULL
бес
къ -уна
лугь -уда
гъил
катна ва -й -ди
кӏарас -ар -ни
икӏ
акв -азва
гьич
кьулухъ
гада
кьил
же зва -й -ди
кӏан -зава
иеси
севастополь -ди -з
хьи
акв -ада
за -з
рук а -з
тӏ -уьна
сад @@@
имни
лагьа на -й -ни
гьада
ала -тӏа
гила
хьа на
ава -й
я
же да -й
а
тарих -ди -н
зи
ки
хьа на
кьулухъ
руш а -в -NULL
гьуьл и -н кӏан -у -з
къач -уда -ч -ни
акъах -на
хан
гъавур -да -NULL
а -бур
везир -ди -з
чи
и
чая -р
пачагь -ди -з
ава -з
ки
вич -и в -ай
и
ва -з
лагь -ана
лагь -ана
и
белке
ф -ида
жи
хьу -рай
им
къайгъу -ди -к -NULL
я
хьа на -ч
цл -ар -и -в -NULL
а
ава й -ди
акьван
мукьва -л
лагь -ана
чип -и -н
элкв -ена
эциг -нава
куьн
хта -нава
ак -унва
гагьат -на
седакъет
яд
агъуз
ф -изва
гада
дагъустанви -ди -н
куьтягь
хьа -ана
и
кьуд-вад
хьа -нава
иникъ
ида
кӏвал -и -з
мад
безханум
пачагь
охран а
вегьши
туш
чна
ва -з
руш
гада -ни
вич и -з
кицӏ
сефер -ни
ат -ана
кутӏура
я
кьуьзуь
къ -уна
муаллим -ди
вушата -ни
туш
гила
дишегьли -яр -ни
кӏан -зава
запись
кицӏ
куьне
пуд
ам
ава
ида
дуьз
а
рикӏ -е -NULL
ва
тир
жеда
хъув -уна
гъил -я -й
лугь -уда
амукь -на
за -ни
мад -ни
ий -ида
чир
пата хъ
каф
яхцӏурни
хьи
ву
чун
вич -и
пуд
руш
ф -ена
ф -ена
хуш
хъв -ана
ви
кор-пешман
ва
нефер
чан
ман
ав -уна
уюн -ар
линия
гаф -ар
стха -яр -ни
я
чун
лугь -уда
ашукь -ди
я
къв -езва
къ -ар -л ай
агакь -на
фи -ун
гъ -ана
хкадар -зава
лугь -уда
фи да ай
лугь -уда
мес -е -NULL
гьана
жув а
же зва -й
лагь -ана
ки
седакъет
куьне
хтун -да
лагь -ана
бебир
чун -ни
незначительный
ф -ида
гада -ди -ни
цл а -л -NULL
цай
пара
хуьр -у -з
рук -ар -и -з
жи
гада
зи
къари -ди -з
тир
ава
чуьгъвен а ай
акъадар -на
лагь -ана
балхун -да -й
а
гада
лагь
ава
и
вун
арадлай
метлеб
лагь -ана
лагь -ана
гафариз
лугь -уда
вири
дагьи
кӏан -да
гъел
кьил -е -л -NULL
самур
я
девлет
лагь -ана
къарагъ -из
гуьзел-гуьрчек
части -н -и -з
гьабур -и -н
за
гада -ди
пара
а
сада
ва -з
гьакӏ
гъ -ана
хкаж на
са
ий -ин
хт -ана
и
лугь -узва
чун
руш
пармак -ни
куьн
аква да -й
ягъ -ана
хьи
эскервил -и -з
хва
вине -л
лагь -ана
рикӏ -а -л -NULL
ат -анва
кь -уна
ча к -ай
лугь -уда
хьи
лагь -ана
концерт -ар
асул
гила
солдат
сад -ни
ава й
велибега -н
ина
т -ана
цай
и
эхир
луьтквечини
ибур
эхир
хьи
ва -з
жемят
кӏвал а
рикӏ
гьа
чун
за к -ай
илисар -да
за
има
ча в
чӏахмах -ди -н
гада -ди
къе
патай
я
са
ава
са
къал
мици
сада
анжах
пачагь
кӏан да
дарман -ни
за
же да -ч
гъ -ана
иер
буба -ди -з
вил -ер
сонра
кӏан да
хъий -ида
йиф
гада -ди -з
гьич
рак
за -ни
домкультура -да -NULL
зи
чун
экъецӏ -на
хт -ана
юкъ -у -з
я
ида к -яй
хъ -ада
и
передовой -ди -з
лагь -ана
са
цӏуд
чан
за
я
за
кицӏ
руш
цай
са
гьейет да -л
бала
кицӏ
къач -уна
ини -з
бес
чӏал -алди
лагь -ана
и
имран а
и
мама
допрос
икьван
отпуска
я
багъиш на
са
ки
агъ -ана
бес
ктаб да
пачагь -ди -з
къакъат -на
акӏ
ибур -у -ни
къизил
са
миграгъ
гьада
гвай
юлдаш -ди
вич -и в -ай
экечӏ -на
хт -ана
са
лугь -уда
патав
има
шикил
къеле -ди -н
вахг -ана
истифаде
чи
ама туш
же зва -ч
пепе
ахтынский
хьа на
кӏан -зава -й
им
зун -ни
акъадар -да
гада -ди
а бур а -л
къв -еда
са
маса
ковш да
муькуь
вич
хъсан
хуьр ре
лагь -ана
солдат -ди -к -яй
са
хкадар -зава -й
терези
вац -ра -NULL
лагь -ана
жемят -ди -з -ни
лагь -ана
ван
и
велибег а -н
гъил
чка
чун
хт -анва
аку
им
лагь -ана
меслят
кар
санти
ибур -у @@@
за
хт -ана
а
ихьтин
лугь -уда
сад лагьана
я
са
сентябр -ди -з
эскервил -е
балкӏан -да -л -NULL
ф -ида
и
гада -ди -н
юкъ -у -з
хьа на
йис -ар
и
са
шад
хталахъ -ди
ам
дуьз
шив
акъах -на
ашукь же да
вач
чан
вич
ну
лугь -уда
ма
лугь -уда
къе
кицӏ
хъсан
хьайтӏани
хьтин
гада -ди -ни
хьа на
фе -нава
хьи
бес
зу
нефер
гьааа
хьа -нава
гьа
лагь -ана
я
вуш
накьв
за -з
лугь -уда
фендигар -вил -е -л -ди
за -з
лагь -ана
и
сувар -ар
патакай
я
хт -ана
марал -ди -н
са
ибур
за -з
гада -ни
ина -ни
лагь -ана
кӏвал -и -з
буба -ди -н
яхцӏур
же зва
шив -ди -хъ -NULL
кицӏ -ер
руш а -хъ -NULL
туш
гьуьл -уь -н
кӏан -зава -й
пака
дагъ
мад
йетмиш
нагьахъ
са
къал ай
хва -яр
къач -уна
хьи
ала
къачу
ф -ена
лагь -ана
лагь -ана
велибег а
совет -ди -н
мицид
пачагь -ди -н
чун
лагь -ана
жув а -з
патав
ф -ена
лугь -уда
вич -и
кхь -анва
-вал
вун
иер
гъилев а -з
кьил -ни
лагь -ана
эхир
гьагь
ий -из
кьве
ф -из
гат -ана
я
гъел
стан
хт -ана
къарагъ -на
туху зва -й
накьв
къарагъ -на
бина
ини -з
за -з
пек -ер
ибур -ни
лагь -ана
лугь -уда
ибрагьимова
рус
алат -да
та зва й -ди
ахкъач
буба -ди -н
ашукь -ди -з
дежурный
лагь -ана
кӏвал -е -NULL
телефон
къач -унва -й
гумир
са
хъсан
буба -ди -н
мелим -ди
руш -ни
за
я
а
я
ф -ида
балкӏан -да -л -NULL
ва -з
хьа -нава
вун
чи
асул
ф -ена
фе -нава
и да -н
ам
гьада -з -ни
за в -яй
ааа
къенфет
за
акъат -на
тир
хьа на
чан
им
чка
гъел
ичӏи
гъа -нава -й -ди
диде -ни
лагь -ана
лагь -ана
са
к -ана
гьа.бере да -ни
хьтин
диде -ди -з
кьил
кут -ада
лугь -уда
я -ни
случай
абур -у -з
руш а -к -ай
ва -з
къван
иви
и
пачагь -ди -н
къачихъ
са
фад
гьакӏ
ак -ур -тӏа
ибурун
ам
хата
гьах -нава
кьегьел
гьат -на
ваъ
сонра -ни
руш
вун
лагь -ана
лагь -ана
шикил
ава й
жамаат -ди -л ай
ча
я
хер
руш
ата й -ла
ча -з
пара
имни
ма
кӏвал -е -NULL
я
хв -ена
гьакӏ
лугь -уда
кут -уна
чуьхуь -из
кьван
гьим
гьат -да
элкведиз
за
дастан -ар
немец -ни
гъ -ана
азербайджан -ар
вич -и -н
вил
гила
чна
ибур
и
гада
ибур
инал -ни
ки
хкат -ун
хъсан
са
руш
мягьтел
хсуси
ахпа
акъв -енва
вич и -з
ала й
франция дай
чи
хъсан -ди к
а
акӏ
лагь -ана
сад.лагьа на
вине -л ай
къанни.вад
тухв -ана
гьа да -н
ани -з
а
алкӏ -на
я
клуб да
ви
тӏарар -да
кан -и
килиг ай -тӏа
абур -у
гьар
лагь -ана
вич
баде
жува
ф -ена
е
тӏвар
затӏа й -ла
диде
палкан
гада -ди -хъ -NULL
гваз
ша
я
ч -изва -ч
къвед а -н
диде
фин
инсан
лагь -ана
уьлуьхъар -на
тамаш -на
хьа на
хьа на
кӏватӏ
хырдалан да
зава
сонра
ва -з
ваъ
иер
лагь -ана
ва -з
кицӏ
туькӏуьр -на
гевгьер -ар
гьуьл -уь -н
юлдаш
алукь нава -й -ди
са
хьа йи
ихьтин
мици
окружения -да -NULL
гада
да
зи
винел
немец -ар -и -н
лугь -уда
анжах
винел
за -з
са
им -ни
муаллим -ди
тӏва
килиг ай -ла
са
аку
вич и -з
эрзе
лугь -уда
куьтягь.хьа на
чир хьа на
ама -ч -ир
за -з
вилаят -ди -в -NULL
хъсан
ламрал
са
за -ни
т -ана
чна
хьтин
буьркьуь
гьалт на
къатк -ана
дуьмуьш зава -ди
зу
аниз
лагь -ана
чун
же зва -й тир
хкаж
кхьи -з ай -ди
гевгьер -ар
гила
жув а хъ
патав
кицӏ
халу
акьва зва
пӏуз -ар а -л
гада
ава
рекь -ида
къвед
дастан -ар
регьмет фе на
лайих -ди
туш
руш -ни
нефер -ди -в -ай
исят да
я
ча
гьа.бере да
ида -ни
са
хьи
гевгьер -ар
седакъет
хьир
мад -ни
иер
вич -и -н
ани хъ
ам
чун
руш -а -хъ -NULL -ни
ахпа
вич и -з
шагьдагъ
гада -ди -н
катна
жува-жув
ацакь на
и
гьа.бере да
за -з
вун а -ни
ресторан -ди -з
бес
ана
хьа -ана
лагь -ана
застава
ава ай
пӏуз -арар
гатфар
киник
зи
килиг ай -тӏа
кӏвалах
марф
лагь -ана
я
ада -з
вун а
лугь -уда
а
вакай
пек -ер
еке бур
асвальт -да -л -NULL
къв -еда
кхьа на
кӏан -зава -й
къвер.кьван
лугь -уда
верци
ий -ин
амукь -да
вич
яхцур @@@
и
жи
за -з
я
лугь -уда
ата -й -ди
элягъ -на
немец -ар -и -н -ни
гьаджи
кхьа на
зун -ни
лагь -ана
ханум
са
ци
вун а -ни
патав
галай
чукьуна
ман
къен я й
руш -а -з ни
руш -ни
хуьр ре
чун
гат -ди -ун
нуьсрет
ана
ф -ена
граница -да -NULL
жемят -ди -з -ни
ат -ана
и
икьван
югъ
а
ч -ида -й
ат -ана
принцип -ри -з
эциг -да
хуьр -уь -н
т- ий -ин
им
ида -ни
гада
гала -з
балкӏан
ак -ур -тӏа
пад
кӏел -нава
хуьр
цай
са
хьа на
тухв -ана
лагь -ана
гьуьл -уь -н
ада
осадок
вучиз лагьайтӏа
гада -йр -и
юкъ -у -з
вун
жеда -ч
кьил
къв -еда
ама ай
гьат -да
лугь -уда
ханум а
ф -ида -й -ла
же зва -ч
са
ида @@@
ида
ибуру в ай -ни
ч -изва
гада -йр -и -з
гила
лагь -ана
лугь -уда
шагьвар
тир
и
ката
ахпа
лагь -ана
польша -да -й
тӏ -уьна
терези -ди -н
лугь -узва
г -ана
лугь -уда
гьакӏ
ида
хьа на
и.вахтун да
къенд -ер
лугь -уда
йис
хьа йи -ла
пака
югъ
лагь -ана
ф -ида
кат -да
гьат -на
куьтягь
рекъ е
ки
интернет
хъсан
рекъ е
аллагь -ди -з
г -узва
хьуй
же да
ша
хьа на
ава
свас
кӏани вил -и -з
хьа на
я
ктад -мир
гила
гъалиб
кӏан -зава
вичин
т- ак -урай
ккӏ
экъецӏ
акъах -на
вуч
г -узва -й
за -з
кас -ди
же да -й
вири -ни
хьа на
гьинвайда
за
за -з
за -з
зун -ни
гъ -ида
юкъ -у -з
район -ди -з
ибур -у
ахъаюнма -з
гьадисе
бес
рекъ е
кӏан -у -з
абур -у -з
хьа -нава
чара
тӏимил.кьван
акван
акъуд -на
ки
хуьр -у -з
хт -ана
вак
тир -тӏа
же да -й -вал
кьил -е -л -NULL
ф -ена
пака
ягъ -ан
жув а -н
ив -и -з
и
гьуьл -уь -н
са
за -з -ни
икӏ
хвеши
чӏулав
кутунва й бур
вуч
ф -ена
къеле -яр
ама
лагь -ана
гьа
тир
гьана
бес
лугь -уда
лугь -уда
лепе -яр
насруллагь
хьа на
и
шеъ -ни
къачу
гьуьл -уь -н
и бур
лагь -ана
ава -тӏа
кьве
кьил -и -к -NULL
хкадар -да
пачагь
и
патал
за -з
хвеши
жамаат -ди -н
сад
лагь -ана
тир
тӏва
ссср
гьалт -да
абур -у -н
иер -ди
са
безханум
гьи
са
ибур -у -ни
кьван
шагьвар
прямой
же да -ш
ани -з
за -з
зерир -ла
вич -и -н
лугь -уда
пачагь -ди
лугь -уда
кӏан -зава
гьуьл -уь -з
цӏарцӏар.язава
вуш
вири
кичӏ -и -з
лагь -ана
баку да
чка -д -л -яй
фи -ун
абур -и -з
луьткве
лугь -уда
гуьрмет -ар на
патав
руш а -к -ай
кьатӏ -изва
вич -и -н
мехъер -ар на
патакай
больница -ди -з
ими -ди -ни
акъуд -на
са
и
руш
са
кӏан хьа й ила
туш
лугь -узва
хьа -ана
ша
фикирар -зава
за
ида -з
лагь -ана
за
ава
гада -ди -з
хер
хъф -ена
гъ -ана
буба -ди -н
я
а
кам -ни
ада -н
а
лугьу да -й
гада -йр -и
квека й
диде -ди -н
ахпа
гъуьл -и -н
юкъ -у -з
патав
лугь -уда
идани
кӏан -зава
акъадар -да
акван
ч -ида -ш
вичин
са
себриллагьахъ
миллет
гьуьл -уь -н
ава
лугьу да
амукь -на
вуш -ун
ат -ана
шапӏа -яр
гагьат -на
муаллим
лугь -уда
за
я -тӏа
сад
къагъ -ана
кьве
ава -й -ди
и
батальон -ди -н
ча -з
бес
иер
кьил -я -й
къвед-пуд
валенка -яр
ашукь
я -тӏа
агъи да й
хьухь
х -уьз
вун
экеча
ф -ена
и
рекьи да -й
ахпа
я
я
къакъуд -на
самур
руша
хьа на
руш а -з
и
ида -ни
къач -ун
баде
эциг -да
исабала -ди -н
фикир
ша
руш
гада
хьа на
кьве
я
къачу да -й -ди
чун
ава ай
вун а
я
жуьре
пенжер -да -й
къач -уна
чун
мегьрибан
папа -з
булах -да -л -NULL -ни
ий -ида -тир
лугь -уда
са
кьимет
вил -ер
къура -з
и
са
вун
дежурный да
за
са
са
жува-жув
чун
зун -ни
чун
экъве да
адет
бес
немец -ар
луьткве
пек -ни
им
жен
им
хт -ана
яр
гьин ай
лагь -ана
автокасса -ди -л -ай
чна
а
ава -й -ди
ша
за
къваз -нава
кӏан -зава -й -ди
вич @@@
вааар-девлет
пара
и
баки -да -NULL
чун
и
я -ни
це
я
ки
чун
ида к ай
лугь -уда
ала
ат -ана
чна
лугь -уда
гелягъ на
гьахь -на
ва к -яй
ибур
за -ни
ала
гьа да
яд
туш
ял -на
литва -да -NULL
ибурузни
же д -е
кван
а -бур
къвазара
лугь -уз
вахга -нава
лагь -ана
гьа
диде -ди -н
илис -ана
эвер -на
гъ -ида
яшамиш
алад
къалай
ацукь -на
пичин -а -л -NULL
низ
абур -и -з
ма
тегьер
мехъерар -да
а
гада -ди
рекь -ер
чун
же зва
ам
и
балкӏан -ди -н
ча -з
аладар -да
лугь -уда
гьафте
цӏийи -з
тир
кӏвал
чи зва -й -ди тучир
ала й
гьат -на
туш
са
са
за -з
рессам -ди -з
кӏвал -и -з
сонра
лагь -ана
жаван
гъ
пад
истифаде
экъецӏ -на
тек
стрела -ди -н
гудий.вал
гъил -и -к -ай
гъил -я -й
им
са
я
гевгьер -ди -н
гьамбал -ар
има
фикир -ди -з
лагь -ана
вуш -да
лугь -уда
иер -ди
хъсан
са
лагь -ана
ашукь
куьч
ада к ай
кӏвал -е -NULL
руш -ни
къуш
и
чи
хейли
кьве
лагь -ана
а бур а -л
кӏват -из
ава
кван
экечӏ зава й
я
за -з
са
гьа
кӏан да
кье йи
чун
ма
йисус
са
гьалзавай
мейил
гъил
я -тӏа
и
ки
гьикӏ
гьана ра
йис
лугь -уда
ида -з
са
пачагь -ни
вуч -да -тӏа
и
ацукь -да
за -з
шофер -ди -з
тамаш -на
эцек -на
чан
цл а -л -ай
гьар
вун
элкъв -ена
бацӏ
гзаф
хъув -уна
фин
бешир
ан -яй
лагь -ана
тахтун -а -л -NULL
рук а -з
сен-аллагь
вак -ар
эвера
авур
лагь -ана
югъ
мад -ни
им
хьа йи -ди -ла ай
хьир
по-русски
къунши -да -л -NULL
лугь -уда
хьуьр -уь -з
чка
за
за
са
лагь -ана
гила
юкъ -у -з
лугь -уда
кьван
г -ана
мейдан -да -л -NULL
ибур
лагь -ана
алат -ана
ну
лугьу да
къвал а -в -NULL
са
илисар -нава
г -уз
гвай -бур -у -н
и
къ -уна
за
кичӏе
я
вич -и -н
фе н -ун
са
качал -ди в ай
амни
я -тӏа -ни
гьикьван
иер
гъил -я -й
ава
хъф -ена
за -з
а
ам -азма
и
лагь -ана
са
имни
я -тӏа
километр
хтар -ар
акъат ай
пара
лугь -уда
ида -н
акат да
я
я
чубан -ди -н
хъув -уна
я -тӏа
лугь -уда
за
хъсан
кут -ада
акъудир
са
кӏанагъ
стха -ни
вад
яран
хъ -ада
уже
ида @@@
кьисмет -да -NULL
ван
лагь -ана
юкъ -у -з
гада
ф -ена
за
туш
хъф -ена
са
конфет
гаф
гьакӏ
кицӏ
сефер
накьв
таву р
кӏан -зава
чир
руш
ацукьар -да
хъсан
тир
кицӏ
хуьр -у -з
г -узва -й
хта -й -ла
кӏан зава -ч
кицӏ
гулят на
гьаят
ат -ана
къвез
ван
хьи
я тӏа
лагь -ана
вуш
ава
йиф -и -з
хьа -ана
ф -ена
кицӏ
иеси
к -ур -вал
кхьи
ватан -ди -з
вичин
пата -л а й
акв -азва -й
элкъве -из
акъатайди
кьил
ша
алукь на