n OBL DAT
n DAT
adv
cop
v HORT
v IMPF PTCP
pers
v AOR
v INF
n
v ENT
adj
n
cardnum
adv AND;FOCUS
n
pro
pro
pro
n
v ENT
n PL
coordconn
adv
adv
dem
pro ERG DAT AND;FOCUS
dem
n IN EL
n
n
n OBL DAT
adv
n
adv AND;FOCUS
cardnum
n OBL DAT AND;FOCUS
cardnum
pro DAT
adj
adv
n
n IN EL
n
post
dem
interrog
recp AND;FOCUS
n GEN
n SB EL
dem
n PL ERG SB EL
pro
pro
v PERF
v AOR
adv
v IMC
pers
v IMPF
adv
dem
n
adj
n
v FUT
@@@
cop PERF
n OBL GEN
adj
n ERG
n
prt
v AOC
pers
v ENT PST
@@@ REACHED.ENT
v FUT COND
pers AND;FOCUS
v ENT
prt
n OBL GEN
@@@ PST DIR
n ERG AND;FOCUS
pro
n PL
n
n
prt
n PL
pro
adv TODAY.TILL
cardnum
n
pers
n
interrog
n
v ENT
n