shyiit#in
ay#3SG
na-#PRMB. hat-#3PL.S:AA.IPV:D. däł#PL.go:FUT
łąą'#really
el-#3SG.S:DH.PFV:L. tsiik#become:IPV:CUST
ah-#NTRL. dogn#up:AR
eh#and
mb-#3SG.P. aa#for
hut-#AR.S:DH.PFV:D. shyaak#happen:PFV
chih#also
nǫǫ-#QUAL:OPT:2SG.S:Ø. łeek#handle.RO:OPT:CUST
na-#PRMB. tak-#INC:AA.IPV:1SG.S:H. tįįk#handle.LRO:IPV:CUST
sh-#1SG.P. k'eh#following
dagn-#QUAL:Ø.IPV:1SG.S:L. xoh#play:IPV
tsat#wood
nts'ą'#and
dineh#person
nts'ąą'#how
n-#3SG.S:Ø.PFV:Ø. t'ay#be:IPV:NOM
de'#if
y-#3SG.S>3SG.P. eh-#Ø.IPV:H. nih#say:IPV
eh#and
y-#3SG.S>3SG.P. eh-#Ø.IPV:H. nih#say:IPV
nee-#1PL.O. hi-#3PL.S:Ø.IPV:Ø. dlaag#handle.PL.O:IPV:CUST:NEG
hiiy-#3PL.S>3SG.P. uu-#CON:Ø.IPV:Ø. siik#call.name:IPV:CUST
tl'uuł#rope
ts'änh#from
aa-#3SG.S:AA.IPV:Ø. haał#SG.go:IPV:PROG
du'#CT
ts'iiniin'#child:POSS
hǫǫ-#3SG.S:QUAL:QUAL:Ø.IPV:Ø. heey#speak:IPV:NOM
that#that
łąą#really
ishyiit#there
dih-#3SG.S:QUAL:I.PFV:H. k'ąą#make.fire:PFV
dąą#thus
iin#PL
ha-#NTRL. shyign#down:ALL
de'#if
hu-#3PL.P. dih-#QUAL:Ø.IPV:1SG.S:Ø. nih#say:IPV
noo-#IT:AR. tįl-#INC:AA.IPV:2SG.S:L. negn#tell.story:FUT:NOM
iin#PL
hǫǫ't'eey#still
ni-#TERM. 'i-#3SG.S:Ø.IPV:Ø. haak#SG.go:IPV:CUST
iin#PL
teejuh#sympathy
tay'#again
huug#and
eh#and
t'oot'eey#but
chih#also
du'#CT
tthi-#OUT. hi-#3PL.S:Ø.IPV:Ø. haagn#SG.go:IPV:CUST:NOM
shyįį'#only
n-#2SG.PSR. dia'#younger.sister
hih-#3PL.S. nii-#N.PFV:Ø. deeł#PL.go:PFV
t'eey#ADVZR
ts'exeh.gaay#GIRL
degn'#up:ALL
tthän'#waterward:ALL
na-#IT. tset-#1PL.S:DH.PFV:D. deeł#PL.go:PFV
nts'ą̈'#to
ay.eh#AND.THEN
m-#3SG.P. eł#with
det-#3PL.S:QUAL:Ø.IPV:D shyaak#happen:PFV
ishyiit#there
hu-#3PL.P. 'i-#PP. chi-#PRETEND. jel-#INDF.S:QUAL:DH.PFV:L. nih#say:IPV
xah#for
nee-#1PL.P. k'eexaagn#through.fault
u-#3SG.P. k'ia'#on.account.of
k'üh#beside
ay#3SG
keey#village
na-#IT. tset-#1PL.S:INC:Ø.IPV:D. deel#PL.go:IPV:NOM
sh-#1SG.O. aadeh#older.sister
t'oh#nest
ts'iikeey#children
degn'#up:ALL
iin#PL
ch'uukagn#ball
sh-#1SG.PSR. 'aat#wife
ayaa#mean
t'axoh#finally
hel-#3PL.S:Ø.IPV:L. t'eh#be.number:IPV
a-#NTRL. deg'#up:ALL
hu-#3PL.P. 'eh#with
y-#3SG.S>3SG.O. įh-#3SG.S:AA.PFV:H. kon'#be.hot:IPV
n-#2SG.P. aa#for
na-#PRMB. tįh-#INC:AA.IPV:2SG.S:H. xeel#get.dark:PFV:NOM
ts'änh#from
ha-#NTRL. 'ogn#out:AR
hi-#?. 'et-#3PL.S:Ø.IPV:D. nayh#know:IPV
na-#IT. tsut-#1PL.S:INC:OPT:D. deeł#PL.go:OPT
h-#3PL.S. huu-#QUAL:Ø.IPV:Ø. nay#be.alive:IPV:NOM
taatsąą'#raven
dahdzäł#rack
eh#and
hu-#3SG.S:AR. neh-#QUAL:Ø.IPV:H. 'įh#look:IPV
hǫǫ't'eey#still
shiy#1SG