n==#=
koon#makanan
na#DEF
kerah#monyet
ontokng#type.of.medicinal.plant
mual#Mual
kei#juga
-in-#PST.ACY gi-#ACY.C2 nipi#mimpi;.bermimpi
n-#ATTR.ST doot#buruk
bas#pernah
gien#where
na#DEF
-in-#PST.ACY g-#ACY.C2 ohodn#makan
ng-#ISA.AV irah#ajar
bonggi#Banggi
in-#PST.UV undah#membaiki
ng-#ISA.AV asak#menanam
matakng#datang
umai#gadis
na#nya
nentaadn.na#ALL
diaa#darat
jadi#jadi
na#DEF
kirab#kelmarin;.semalam
siga#PLURAL
oduh#nenek
nd==#BIDAK;.BUKAN= ou#saya;.aku
nubuh#kemudian
n-#ISA.AV -uurdn#ikut;.turun
na#DEF
teih#tapi
mekul#Michael
longon#lengan
robi#malam;.pada.waktu.malam
ei#adu
na#DEF
-betang#name.something -an#ISA.UV
lama#orang
oid#perahu
na#DEF
==ku#=
nd==#BIDAK;.BUKAN= ara#ada
pudn#pun,.bahkan
na#DEF
bunua#kampung;.benua
mbat#evaluative.exclamation.
nd==#BIDAK;.BUKAN= ara#ada
bohit#burung,.unggas
na#DEF
silah#ubi.jalar,.ubi.rambat
-in-#PST.AV m-#ISA.AV -ati#kill
ndah#tidak
tuah-mulah#legenda
dua-belas#twelve
nd==#BIDAK;.BUKAN= ara#ada
ndah#tidak
lama#orang
simbatu#one
di#di;.ke;.pada
min-#TOWARD di#kepada
mual#Mual
di#di;.ke;.pada
nge-#ISA.AV lambi#wave.good.bye
-i-#PST.UV tohop#cover
di.soid#DI.DALAM
karukng#karung
-i-#PST.ACY m-#MO.ACY ulih#return
orob#belatik
nti#ini
ndah#tidak
asal#asal
deirdn.na#ALONE
tiaah#panggilan.sayang
na#DEF
-in-#PST.ACY ge-#ACY.C2 saa#isteri;.suami;.bini;.laki
engat#reply
m-#ISA.AV iaah#ikut;.mengikut;.berjalan.bersama.sama
asal#asal
pelanduk#pelanduk
==a#=AWAK;.ENGKAU;.SAUDARA;.ANDA
apuh#datuk,.kakek
mual#Mual
ugama#agama
lotong#Lotong
ringah#sebelum,.dahulu
libudn#woman
==ku#=
ig-#ACY.C2 timung#bergaul
==ku#=
bonggi#Banggi
na#DEF
m-#ISA.AV -urubut#menghunus
-i-#PST.ACY m-#MO.ACY ulih#return
na.haah.na#SEKARANG
pa#yet
nubuh#kemudian
ng-#ISA.AV uit#kulit
babi#babi
kuit#kulit