geluh#to.live.(be.alive)
men-#ACTIVE.VOICE jadi#to.become
kobo#water.buffalo
kane#even.(also)
kao#you.(hon)
kelok#very lah#emphasis
kelak#what.will.come
ni#in,.at.(space)
se-#HAVING.THE.SAME kune#HOW? -ne#MEASURE.NOMINALIZER
compang.camping#TATTERED
malet#neg
mame#uncle ==ne#=3SG
nggo#done.(finished)
compang.camping#TATTERED
khumah#home
si#relpro
khut#with
khut#with
amin#only lah#intensifier
kekhas#hard.(solid)
seban#wood
meng-#TO.APPLY.....TO.THE.OBJECT hokhmat#respect -i#TO.APPLY.....TO.THE.OBJECT
khut#with
balik#return.home,.to lah#intensifier
tebe#TOWARD.(A.PERSON)
si#relpro
khate#smooth.(of.surfaces)
mejile#well
kali#the.time.(that.something.happens) ==ne#=THE
iye#3sg
kekhine#all
se.enggo#AFTER
4-5#4.5
kami#we.(excludes.the.one.adddressed)
ni-#PAS.TR khakut#to.tie
singkil#Singkil
ingin#to.want
si#relpro
ni-#PAS.TR bahan#to.produce
kao#you.(hon)
kakhang#compose,.write
pul#after
akhah#direction
men-#ACTIVE.VOICE jumpai#to.find
suami#husband
enggo#have.been,.ever
kalak#person
ni-#PAS.TR undang#to.invite
se-#ONE kalak#person
ni#in,.at.(space)
ni#in,.at.(space)
me#to,..toward.(a.place)
subukh#fertile
ni#in,.at.(space)
jage#guard,.to lah#polite.imperative
bhatu#stone
men-#ACTIVE.VOICE cube#try
peng-#PERSON.WHO.HAS.... uase#power
khang.tue#PARENTS ==ne#=3SG
akhi#from
deleng#jungle
ni#in,.at.(space)
men-#ACTIVE.VOICE akhik#to.pull
si#relpro
akhi#from
iye#3sg
peng-#PERSON.WHO.HAS.... uase#power
edi#that,.those
ke-#CHARACTERSTIC.OF ganteng#handsome -en#CHARACTERSTIC.OF ==ne#=3SG
sikal#will
lain#other
manusie#HUMAN
edi#that,.those
men-#ACTIVE.VOICE jajah#to.colonize
malet#neg
si#relpro
pot#to.want
daekhah#area
khut#with
keluakhge#family
anak.laki#BOY
malet#neg
bedih#to.there.(far) bende#to.here
te#and
de#if
khut#with
e#that,.those
n-#ACTIVE.VOICE tukokh#buy
lawe#river ==ne#=THE
mame#uncle ==ne#=3SG
atau#or
m-#ACTIVE.VOICE ahan#to.produce
enggo#done.(finished)
ni#in,.at.(space)
tempo.die#PAST.TIME
tule#again
pasti#sure
negekhi#nation,.country
tekhsebut#previously.mentioned
khaje#king
nakbekhu#woman
pe-#TO.BE.REGARDED.AS tande#sign
se-#EACH ekas#space
tetapi#but
deleng#jungle
men-#TO.GO.TO.... kandung#uterus
ni#in,.at.(space)
ninik.moyang#ANCESTOR
ulang#do.not!
mende#better
ke-#NOMINALIZER tukhun#TO.GO.DOWN -en#NOMINALIZER
[c^1][v^1]-#REPEATED.ACTION khidi#bath
dikhi#self ==mu#=2ND.PERSON
pengulu.mude#PENGULU.MUDE
ato#watch,.look,.see
me-#TO.HAVE.... hasil#result
me-#TO.BE.... belin#large
iye#3sg
nange#again
cinta#love -i#GIVE.X.TO
si#relpro layakh#sail
si#relpro
kane#even.(also)
soh#to.arrive
madhe#negativizer
buah#one
meng-#TO.GO.TO.... adep#face
anak#child
si#relpro
khut#with
si#relpro
malot#neg
si#relpro
beliau#3sg.Hon
bulet#without.exception
de#if
manuk#chicken
ulang#do.not!
me-#ACTIVE.VOICE khase#feel,.to
tekh-#ABILITATIVE jadi#to.become
khugi#lose.money,.to
te#and
kawin#to.marry
malot#neg
bekhu.dinam#BRU.DINAM
sang#class.person
kabakh#news
penduduk#citizen
si#relpro layakh#sail
jabu#family
pejabat#officials.(government)
edi#that,.those
adalah#is
amin#only lah#emphasis
iye#3sg
me-#TO.DO.... dikusi#to.discuss
amin#only
tangis#to.cry
istekhi#wife
salah.sebuah#ONE.OF
edi#that,.those
oleh#by
nde#this
mem-#ACTIVE.VOICE babe#to.carry
si#relpro layakh#sail
ni-#PAS.TR bunuh#kill
soh#to.arrive ==lah#=FRONTED.ELEMENT
kane#even.(also)
tihang#port,.column
mem-#ACTIVE.VOICE opok#strike,.hit
ninik#grandmother
ate#heart
sambil#while
si#relpro
malet#neg
khut#with
te#and
nate#to.want ==ne#=3SG
kane#also
nakkhu#woman
wahai#O
pengulu.mude#PENGULU.MUDE
deleng#jungle
tege#merciless
lawe#water
te#and
khut#with
se-#RECIPRICAL tukokh#buy -en#RECIPRICAL
amek#mother
te#and
se-#ONE kalak#person
pitu#seven
makcik#aunt
si#relpro
si#relpro
si#relpro
te#and
mem-#CAUSATIVE utus#to.be.certain -ken#CAUSATIVE
gembikhe#happy
nange#again
kikhe#thought ==ne#=3SG
susah#difficult
tanpa#without
te#and
tukhun#TO.GO.DOWN ==lah#=FRONTED.ELEMENT
aneh#strange
pemain#child.in.law
[...]--#RDP hame#hama
wakhi#day
me#to,..toward.(a.place)
deleng#jungle
peng-#THE.ACT.OF.... ukhus#barren -en#THE.ACT.OF....
bekhangkat#depart,.to ==lah#=FRONTED.ELEMENT
khaje#king
sengaje#to.be.intended
ni-#PASS.INTR tahan#to.hold.back ==ne#=3SG
namun#but
bage#such.as
ulang#do.not!
hancukh#destroyed,.ruined
si#relpro
bekhu#wife ==ne#=3SG
hambe#servant
bage#such.as
khang.tue#PARENTS ==ne#=THE
sehinge#with.the.result
mange#yet,.not.yet
aku#1sg
tanoh#land
oleh#by
mem-#ACTIVE.VOICE angan#eat
tebe#TOWARD.(A.PERSON) ==mu#=2ND.PERSON
ke-#CHARACTERSTIC.OF susah#troublesome -en#CHARACTERSTIC.OF
niat#intention
kobo#water.buffalo
khaje#king
si#relpro
nde#this
te#and
mbue#many
woi#woi
laki-laki#male
ahli#expert
atau#or
positif#positive
ngekhan#Engkeran
babe#to.carry m-#TRANS balik#return.home,.to -me#POLITE.IMPERATIVE
wakhi#day
khaje#king
me-#TO.DO.... dalan#road kiding#foot
kami#we.(excludes.the.one.adddressed)
iye#3sg
te#and
me#to,..toward.(a.place)
mudah#easy
handhe#here
pengulu.mude#PENGULU.MUDE
aku#1s
men-#CAUSATIVE ading#live.(stay.in.a.place) -ken#CAUSATIVE
kakhene#because
ahli#expert
buah#one
istekhi#wife
khincim#even
men-#ACTIVE.VOICE cube#try
ni-#PAS.TR angap#to.view.as
khang.tue#PARENTS ==ne#=3SG
singkil#Singkil
akhi#from
me#to,..toward.(a.place)
bekhu.dinam#BRU.DINAM
amin#only
anak#child
iye#3sg
sendikhi#alone
uwis#cloth
namun#but
malet#neg
si#relpro layakh#sail
nakan#rice.(cooked)
nange#again
khaje#king
setekhusne#continuing
meng-#REPEATED.ACTION ena#to.be.on.target -i#REPEATED.ACTION
tonge#still
putus#to.break ase#hope
wakhi#day
bayak#rich
tanoh#land
buah#one
se.sikel#AS.IF
pen-#THE.ACT.OF.... dikhi#to.stand en#THE.ACT.OF.... ==ne#=3SG
bagi#for
tebe#TOWARD.(A.PERSON)
khaje#king
tanoh#land
deleng#jungle
peng-#PERSON.WHO.HAS.... uase#power
bekhu.dinam#BRU.DINAM
anak#child ==ne#=3SG
wakhan#root
tading#live.(stay.in.a.place)
n-#ACTIVE.VOICE dukhuk#to.shift
si#relpro
mulai#begin,.to
dunie#world
anakhu#GIRL
edi#that,.those
si#relpro
due#prayer
bhe#to,..toward.(a.place)
kalak#person
lembakh#wide.flat.thing
sikhe#salt
si#relpro
pidon#request ==ne#=THE
tekhus#to.continue
kane#even.(also)
anak#child ==ne#=THE
de#if
sebuah#one
kute#city
kawin#to.marry
tekhus#to.continue
pahat#chisel
iye#3sg
mbue#many
ninik#grandmother
si#relpro layakh#sail
wasiat#last.request
likal#head
nggou#done.(finished)
wakhisen#inheritance
tandok#sit.down,.to sile#cross.legged.position -me#POLITE.IMPERATIVE
bencane#disaster
tukang#CRAFTSMAN
ni#in,.at.(space)
anak#child ==ne#=3SG
kekhine#all
kane#so.that
ni-#PAS.TR tambah#Tambah
khoh#come,.to
me-#TO.DO.... limpah#overflow khuah#downpour
si#relpro
khut#with
khumah#home
te#and
pepige#some
pe#also
anak#child
meng-#ACTIVE.VOICE angkat#pick.up
per-#THE.PROCESS.OF tambah#Tambah
malot#neg
[...]-#VARIETY buah#fruit -en#VARIETY
ni#in,.at.(space)
wakhge#people
manusie#HUMAN
pengulu.mude#PENGULU.MUDE lah#emphasis
ni-#PASS.INTR sambut#greet,.to.receive
tapi#but
si#relpro
khut#participate
se.sikel#AS.IF
akhi#from
te-#ABILITATIVE tumpang#to.somersault kepaling#to.turn
ni#in,.at.(space)
layakh#sail
penduduk#citizen
n-#ACTIVE.VOICE tukokh#buy
me-#TO.HAVE.... dose#sin
abhang#brother,.older
ingin#to.want -ken#TRULY
iye#3sg
nakhen#often
pekhintah#order.(command)
bagi#to.share ==ne#=3SG
muncul#to.appear
khut#with
jeme#person
me-#TO.HAVE.... usahe#effort
anak#child
ame#mother ==mu#=2ND.PERSON
pul#after
dukun#shaman
gakhis#line
ni#in,.at.(space)
tanpa#without
me-#TO.DO.... masakhakat#sharia
nakan#rice.(cooked)
mampu#to.be.capable.of
side#previously.mentioned
kalihen#very
bulu#fur
tapi#but
me#to,..toward.(a.place)
bekhite#news
si#relpro
kau#2sg
si#relpro layakh#sail
atau#or
enggo#done.(finished)
te-#CAN gakhem#to.search.for -i#CAN
edi#that,.those
bue#many
aku#1sg
sekolah#school
kae#WHAT
khimo#tiger
sesikel#AS.IF
deleng#jungle
bebekhe#niece ==ne#=3SG
demikian#thus
calon#candidate
kakhene#because
hakhte#wealth
meng-#REPEATED.ACTION adikh#to.arrive -i#REPEATED.ACTION
si#relpro
kawin#to.marry
khajin#hardworking,.industrious
ape.bile#IF
hendak#to.intend
penduduk#citizen
te#and
salah#wrong,.false
men-#CAUSATIVE jadi#to.become -ken#CAUSATIVE
men-...-ken#CAUSATIVE ulung#to.gather -ken#CAUSATIVE
si#relpro layakh#sail
alas#alas
kami#we.(excludes.the.one.adddressed)
malot#neg
namun#but
kalihen#very
wahai#O
deleng#jungle
ngkhan#Engkeran
adinda#younger.sibling
uwis#cloth
milik#possession
anak#child
baba#to.carry -i#REPEATEDLY m-#TRANS balik#return.home,.to
baba#to.carry -i#REPEATEDLY m-#TRANS balik#return.home,.to
mejile#good
aku#1sg
ge#just
se-#HAVING.THE.SAME mase#time
bende#come.on ==lah#=FRONTED.ELEMENT
yakin#confidence lah#polite.imperative
kalaki#3mp
si#relpro
si#relpro layakh#sail
ge#just
ate#heart
napos#breath ==ne#=3SG
uwak#father kandung#biological ==ne#=3SG
sunyi#quiet
oleh#by
oleh#by
pagi#tomorrow
hampikh#almost
amin#only
kae#WHAT
ni-#PASSIVE cakhe#way,.method -ken#PASSIVE
meng-#ACTIVE.VOICE ato#watch,.look,.see
me-#TO.APPLY.....TO.THE.OBJECT milik#possession -i#TO.APPLY.....TO.THE.OBJECT
meng-#ACTIVE.VOICE ato#watch,.look,.see
gedang#long.(length)
silah.ken#PLEASE.GO.AHEAD
soh#to.arrive
ni#in,.at.(space)
sah#legitimate
ni-#PAS.TR ekhe#to.give etoh#know,.to
jekhok#conversation ==ne#=3SG
tekhus#to.continue
malet#neg
malet#neg
si#relpro layakh#sail
si#relpro
me#to,..toward.(a.place)
madhe#negativizer
tekun#diligent
nange#again
tekh-#ABILITATIVE singkikh#to.get.out.of.the.way
oleh#by
sakti#magical
si#relpro
ni-#PASSIVE asing#foreign -ken#PASSIVE
gakhis#line
dekah#old.(of.things)
malet#neg
si#relpro
saat#time
lebe#portion
sang#class.person
te-#ABILITATIVE jekhang#to.cook
balik#return.home,.to
meng-#ACTIVE.VOICE ato#watch,.look,.see
akhi#from
kabakh#news
ni#in,.at.(space)
pe-#HAVING.TO.DO.WITH... sakhat#condition.(pre.condition) -en#HAVING.TO.DO.WITH...