бес#but
тухв#take -ана#AOC
буба#grandfather -ди#OBL -н#GEN
рехъ#way
чинеба#secretly
жув#us
вахт#time
кицӏ#dog
г#give -уда#ENT
балкӏан#horse -ди#ERG -ни#AND;FOCUS
чна#1pl.erg
зи#1sg.gen
пулдал#by.money -ди#DIR
рикӏ#heart -е#IN -NULL#ESS
гьат#fall.on -на#AOR
тамаш#look -из#INF
за#1sg.ERG
са#one
вуна#2sg.erg
и#this
сабурлу#patience
лагь#say -ана#AOR
вац#month -ра#OBL -NULL#ESS
а#that -бур#PL
къуш#bird
за#1sg.ERG
хт#return -анва#PERF
за#1sg.ERG -з#DAT
кӏан#want -да#FUT
гьуьл#sea -уь#OBL -н#GEN
кицӏ#dog
яшамиш#live -да#ENT
философия#philosopy
йетмиш#seventy
хъф#go.again,return -изва#IMPF
къуй#cry
гьиниз#where.to
има#this.one
руш#girl
са#one
гада#boy -ди#ERG
хуьр#village -уь#OBL -н#GEN
са#one
пачагь#king -ни#AND;FOCUS
къач#buy -уна#AOC
аял#child
документ#document -ар#PL
вил#eye -ер#PL
сефер#time
кьван#so.much
во#well
са#one
чун#1pl.abs -ни#AND;FOCUS
хта#return -нава#PERF
диван#sofa -ди#OBL -н#GEN
власти#authorities
халу#uncle
са#one
акӏ#like.that
араб#arab -р#PL -и#OBL -н#GEN
гада#boy -ди#OBL -в#AD -ай#EL
гала#with -з#DAT
гада#boy -ди#OBL -з#DAT
тахтун#throne -а#OBL -л#SP -NULL#ESS
къвер.кьван#COME.TILL
г#give -ана#AOC
лугь#say -уда#ENT
чи#1pl.gen
кӏан#want -зава#IMPF -ч#NEG
жемят#public -ди#OBL -з#DAT
ина#here -ра#ERG
лагь#say -ана#AOR
кӏурцӏул#puppy -ди#OBL -хъ#PT -NULL#ESS
кицӏ#dog -и#OBL -з#DAT
ава#is -й#PST
командир#commander -ди#ERG
кицӏ#dog
ама#still.be,.remain
къе#today
ида#her
лагь#say -ана#AOR
яргъа#far -з#DAT
гьарайзу#is.shouting
вуч#what -и#ERG -н#GEN
баки#Baku -ди#OBL -з#DAT
мегьман#Mehman's а#OBL -н#GEN
атӏурвал#cuting.PTP.MAN
бес#but
амукь#stay,remain -на#AOR
т-#NEG ав#make,do -унва#PERF -й#PTCP
ида#him.to -н#GEN
хьти#like -н#GEN -ди#DIR
ки#that
пачагь#king
кака#egg -яр#PL
буба#grandfather -ди#OBL -н#GEN
эвер#call -да#ENT
лугь#say -уда#ENT
хъсан#good -вил#.NESS -ер#PL
кицӏ#dog
кицӏ#dog
лугь#say -уда#ENT
эхир#after.all
дуст#friend -и#ERG -ни#AND;FOCUS
стол#table -да#OBL -л#SP -NULL#ESS
назад#get.back!
лагь#say -ана#AOR
ва#2sg -з#DAT
эцек#put -на#AOR
луьткве#boat
гьи#this
муькуь#other.one
эй#hey
я#or
ив#night -и#OBL -з#DAT
гьым#Uhm
винел#on
руш#girl
элягъ#take.off -на#AOR
эвер#call -ана#AOR
шив#steed
т-#NEG ав#make,do -урай#OPT
къерех#bank -да#IN -NULL#ESS
акъат#come.out -на#AOR
лагь#say -ана#AOR
атӏ#cut
ци#why
плотина#dam -да#IN -л#SP -NULL#ESS
ахъай#open -на#AOC
лагь#say -ана#AOR
ф#go -ида#ENT
руш#girl -а#OBL -л#SP -NULL#ESS
эн#most
гъ#bring -ана#AOC
кьве#two
чна#1pl.erg
иер#beautiful
жаза#punishment
къари#old.woman
пуд#three а#ERG
лугь#say -уда#ENT
кьил#chapter -е#OBL -л#SP -NULL#ESS
ала#is.there -ди#SBST -ла#TEMP -й#PST
накьв#soil
хъсан#good
я#oh
ида#her
граница#border. -ди#DIR -з#DAT
сонра#after
ф#go -ена#AOR
буба#father
и#this
дерин#deep
цай#fire
ваъ#no
гьикӏ#how
гьеле.бил#LIKE.WOULD.BE
гьа#that,.the.same
са#one
цӏуьлуь#small
лагь#say -ана#AOR
са#one
дастан#dastan
лагь#say -ана#AOR
гьада#she -з#DAT
халу#uncle
велибега#Velibeg -н#GEN
галукь#hit
ава#is -ч#NEG -из#INF
ф#go -ена#AOC
диде#mother -ди#OBL -н#GEN
ида#him.to
мягьтел#amazement
лугь#say -уда#ENT
ва#2sg -з#DAT
звериз-звериз#with.haste
тӏвар-ван#famous
ма#you.know
гада#boy
кӏан.хьа#WANTED -нава#PERF -й#PST -ди#SBST
хьа#happened нва#PERF
лугь#say -уда#ENT
кь#catch -азва#IMPF
г#give -уз#IMC
лугь#say -уда#ENT
чка#place -ди#OBL -з#DAT
лагь#say -ана#AOR
пат#side а#OBL -з#DAT
ава#is -ни#AND;FOCUS
къв#come -еда#ENT
гьамам#bathhouse -да#IN -NULL#ESS
за#1sg.ERG
вун#2sg.abs а#ERG
г#give -уз#IMC
гьи#this
принцип#principle
чун#1pl.abs
са#one
ават#fall
са#one
има#this
мад#more
пара#very
за#1sg.ERG -з#DAT
анжах#But
кума#hut
гада#boy
и#and
вах#sister
куьне#you
лагь#say -ана#AOR
ф#go -ида#FUT
лагь#say -ана#AOC
хкв#return -езва#IMPF -й#PTCP
зу#my
лугь#say -уда#ENT
пачагь#king -ди#OBL -з#DAT
амукь#stay,remain -да#IN
руш#girl -а#OBL -л#SP -NULL#ESS
пара#very
кь#catch -уна#AOC
къеле#fortress -ди#OBL -з#DAT
лагь#say -ана#AOR
ки#that
хуьр#village -я#IN -й#EL
са#one
гада#boy
мици#another
за#1sg.ERG
авуд#take.down -на#AOC
ваъ#no
руш#girl
чӏав#time -у#OBL -з#DAT
за#1sg.ERG
шоллар#Shollar.from -ди#DIR -з#DAT
са#one
вилик#before
ий#make -из#INF
ваъ#no
ида#her
лагь#say -ана#AOR
уже#already
цӏийи#new -з#DAT
девир#time -да#IN -NULL#ESS
я#cop
элкъв#turn.back -ена#AOC
гьамам#bathhouse -ди#OBL -з#DAT
бес#but
за#1sg.ERG
лагь#say -ана#AOR
лугь#say -уда#ENT
кьил#head
рикӏ#heart -е#IN -NULL#ESS
ий#make -ида#FUT -ш#NEG
тухв#take -ана#AOC
пуд#three
лугь#say -уда#ENT
хьтин#like
вуч#what -и#ERG -н#GEN
вич#himself
вааар-девлет#riches
ават#fall -ана#AOR
хер#wound
и#this
чка#place -ди#OBL -л#SP -ай#EL
вич#herself
руш#girl
са#one
и#this
гумир#export
лагь#say -ана#AOR
чна#1pl.erg
лагь#say -ана#AOR
пара#very
са#one
ф#go -ена#AOC
хкв#return -еда#ENT
куьн#2pl.abs
и#this
ада#he -н#GEN
лагь#say -ана#AOR
ва#and
бес#but
паекни#ration
гваз#with
чӏал#language
хан#break
на#you
яд#water
за#1sg.ERG
за#1sg.ERG -з#DAT
и#this
мугьарибе#war
кьил#chapter -я#IN -й#EL
акв#look -азва#IMPF
яхун#lean
кӏан#want -зава#IMPF
яран#Yaran
кут#put.under -ада#ENT
жив#snow -еда#OBL -л#SP -NULL#ESS
чка#place -ди#OBL -к#SB -яй#EL
фикир#thought
галаз#with -ни#AND;FOCUS
вахт#time -ар#PL а#ERG
ккӏ#fight -ида#FUT
са#one
бели#yes
бес#but
ана#there -й#PST
гагьат#escape -зава#IMPF
тир#was
саниз#because.of
муаллим#teacher
и#this
гада#boy -ди#ERG -ни#AND;FOCUS
лугь#say -уда#ENT
хъф#go.again,return -ена#AOR
кӏвал#house -е#IN -NULL#ESS
хт#return -анва#PERF
накьв#soil -ни#AND;FOCUS
хьа#happening.AOC
ата#coming -й#PST -ди#SBST
г#give -ана#AOR -ш#NEG
пачагь#king -ди#OBL -н#GEN
руш#girl
къерар#decision -ди#OBL -з#DAT
булах#spring -да#OBL -л#SP -NULL#ESS
бес#but
ат#come
им#he
гьуьл#sea -уь#OBL -з#DAT
бес#but
летний#summer
таниш#acquainted
руш#girl
вун#2sg.abs а#ERG
ма#you.know
лугь#say -уда#ENT
элкъв#turn.back -ена#AOC
везият#condition -ди#OBL -з#DAT
ки#that
са#one
гьа#that,.the.same
и#this
хуш#pleasant
шегьер#city
лугь#say -уда#ENT
ма#you.know
пачагь#king -ди#OBL -з#DAT
ва#and
цай#fire
а#that
къ#take -уна#AOC
къуьн#shoulder -е#IN -л#SP -NULL#ESS
гуд-гуд#torn.to.pieces
я#cop -тӏа#COND
исабала#Isabala -ди#ERG
инсан#man
лагь#say -ана#AOR
хк#send.back;send.again -езва#IMPF
лагь#say -ана#AOR
пачагь#king
вич#himself
и#this
югъ#day
ну#well
дежурный#on..duty
фу-затӏ#bread
вилаят#country -ди#OBL -з#DAT
югъ#day
вич#himself -и#ERG
белке#maybe
гьисаб#count -зава#IMPF
гъ#bring -ида#FUT
за#1sg.ERG
и#this
им#he
г#give -айи#AOP
лагь#say -ай#AOP -ла#TEMP
кут#put.under -уна#AOC
за#1sg.ERG -з#DAT
мад#more
ф#go -ена#AOC
ава#is -й#PST
алат#pass -да#ENT
эверир.кьван#CALL.TILL
кь#catch -енва#PERF
хьа#happened -нава#PERF -тӏа#COND
вад#five
хтул#grandchild -ни#AND;FOCUS
лугь#say -уда#ENT
гьа#today
гаф#word
совпадение#coincidence
фикир#attention -ар#PL
садра#once -ни#AND;FOCUS
ибур#these -уьн#MSD
идаз#him.to
и#this -м#ABS
лагь#say -ана#AOR
гада#boy -йр#PL -и#ERG
тир#was
лагь#say -ана#AOR
чна#1pl.erg
пек#cloth -ер#PL
инсан#man -ар#PL
гъваш#bring.IMPV
хъф#go.again,return -ена#AOR
вич#himself -и#ERG
лугь#say -уда#ENT
тир#was
балкӏан#horse -да#OBL -л#SP -NULL#ESS
акъадар#mount -да#ENT
са#one
дуьз#right -вал#NESS
и#this
чна#1pl.erg
и#this
чуьгъвена#after
акв#look -ада#ENT
белке#maybe
г#give -уда#ENT
куьч#move
телефон#phone
гьайван#animal -ар#PL
ав#make,do -уна#AOR -ч#NEG
иер#beautiful
ракъ#send -уда#ENT
цуьк#flower
къвез#coming
агъуз#down
эвер#call -да#ENT
жув#us а#ERG
элягъ#take.off -на#AOC
хъув#redo -уна#AOR
кӏвал#house -а#IN -NULL#ESS
са#one
хъсан#good
ам#it
мани#song
лагь#say -ана#AOR
яд#water
къерех#side -да#OBL -л#SP -NULL#ESS
ф#go -ена#AOR
ма#you.know
гъил#hand
акъах#climb(up),mount -да#ENT
чуь#your
вад#Five
лагь#say -ана#AOR
кӏан#want -у#ERG -з#DAT
декьикьа#minute
гада#boy -ди#OBL -з#DAT -ни#AND;FOCUS
вилаят#country -ди#OBL -з#DAT
кичӏ#dog
и#this
и#this
ва#2sg -з#DAT
чи#1pl.gen
за#1sg.ERG
везир#vizier -ди#ERG
буба#grandfather -ди#OBL -н#GEN
къуьн#shoulder -е#OBL -л#SP -NULL#ESS -ни#AND;FOCUS
кьве#two
самур#"Samur"
лугь#say -уда#ENT
сад#one
къене#inside
гада#boy -ди#ERG -ни#AND;FOCUS
за#1sg.ERG
ва#2sg -з#DAT
эвера#call.IMPV
гьада#she -з#DAT -ни#AND;FOCUS
башламиш#start -да#ENT
чан#dear
жер.кьван#TILL
а#that
ааа#ahh
гьа#that,.the.same
са#one
тӏвар#name -чи#OBL -з#DAT
ма#you.know
лугь#say -уда#ENT
сад#one
лугь#say -уда#ENT
ахпа#then
и#this
нефер#person
дуьнья#world
этибар#Etibar
шапӏа#puppy -яр#PL
тир#was
чун#1pl.abs
хва#son
ида#him.to -ни#AND;FOCUS
лагь#say -ана#AOR
къв#come -еда#ENT
пара#very
бигьуш#unconcious
вичин#her
вич#himself -и#ERG -н#GEN
и#this
са#one
ашукь#ashuq -ди#OBL -з#DAT
рази#agree
а#that
яхцӏур#fourty
лугь#say -уда#ENT
за#1sg.ERG -з#DAT
ида#her
сад-садахъ#each.other
ци#why
станция#station -ди#OBL -н#GEN
къатка#lie.down -нава#PERF
ибур#these -у#ERG
хьа#happened -нава#PERF
я#oh
къв#fall,precipitate -езва#IMPF
хванахво#friend
шуькуьр#thanks
ахпа#then
лагь#say -ана#AOR
кӏан#want -зава#IMPF
гьах#enter -нава#PERF
лагь#say -ана#AOR
за#1sg.ERG
агъ#bring -ана#AOR
шеле-куьлени#stuff
рахкъур#send -нава#PERF
мугьарибе#war -йр#PL -а#IN -NULL#ESS
гьат#fall.on -на#AOC
акв#look -ада#ENT
балкӏан#horse -да#OBL -л#SP -NULL#ESS
за#1sg.ERG -з#DAT
ана#there
руш#girl
ва#2sg -з#DAT
урожай#harvest
чун#1pl.abs -ни#AND;FOCUS
жаза#punishment
а#that
сад#one
кьве#two
чун#1pl.abs
ама#be.in.CONT -ч#NEG
гала#with -з#DAT
кӏан#want -зава#IMPF -й#PTCP -ди#SBST
чан#dear
ф#go -изва#IMPF
вун#2sg.abs а#ERG -ни#AND;FOCUS
хьа#happened нва#PERF
икӏа#like.this
ондокъкъуз#nineteen.in -ди#DIR -з#DAT
пачагь#king
киник#down
кьил#chapter
а#that -бур#PL
за#1sg.ERG -з#DAT
гъваш#bring.IMPV
чуьгъенал#after
чун#1pl.abs
диде#mother -л#SP -ай#EL
за#1sg.ERG
чи#1pl.gen
къеле#fortress -ди#OBL -з#DAT
за#1sg.ERG
кьвед#two лагь#say -й#PST
и#this
чна#1pl.erg
ча#1pl.gen -з#DAT
ви#2sg.gen
затӏ#thing -ар#PL
дежурный#on..duty -ди#OBL -з#DAT
ашукь#ashuq
ида#her -з#DAT
цӏуд#ten
аву#make,do -ана#AOR -тӏа#COND
араб#arab -р#PL -и#OBL -з#DAT
эциг#put! -на#AOR
лугь#say -уда#ENT
це#give
ун#yes
а#that
гьакӏ#just
г#give -ана#AOR
ала#is.there -й#PST
вич#himself
рикӏ#heart -и#OBL -з#DAT
вад#five
ана#there -ни#AND;FOCUS
хъф#go.again,return -ин#HORT
г#give -ана#AOC
я#oh
тӏва#other
тир#was
гьабурузни#aforementioned.they.to.also
ава#is -ч#NEG
тир#was
къул#fireplace а#OBL -з#DAT
ваъ#no
ибур#these -и#ERG -н#GEN
я#oh
гьи#this
галаз#with
лагь#say -ана#AOR
лагь#say -ана#AOR
ссср#USSR
сят#o'clock -ди#OBL -з#DAT
я#oh
руш#girl а#ERG
кицӏ#dog -и#ERG
лугь#say -уда#ENT
за#1sg.ERG
на#you -з#DAT
са#one
са#one
ацукьар#cause.to.sit -да#ENT
хьир#even
лагь#say -ана#AOR
лагь#say -ана#AOR
ава#is -й#PST -ди#SBST
жеда#became.ENT
а#that
тахьу#can't -рай#OPT
галаз#with
ки#that
лугь#say -уда#ENT
кӏан#want
зи#1sg.gen
хьа#be -й#PST -ла#TEMP
и#this
са#one
чан#dear
пачагь#king
зи#1sg.gen
ф#go -ена#AOC
вуч#what.do -да#FUT -тӏа#COND
кӏвал#house
акъат#come.out -на#AOR
лагь#say -ана#AOR
буба#grandfather -ди#OBL -з#DAT
а#that
ва#2sg -з#DAT
диде#mother -ни#AND;FOCUS
вил#eye
вич#himself -и#ERG -н#GEN
зу#my ни#which
за#1sg.ERG -з#DAT
лагь#say -ана#AOR
им#he
тхв#take -ана#AOR
вич#himself и#this -н#GEN
агакь#approach -да#ENT
кӏан#want -у#ERG -з#DAT
сонра#after -ни#AND;FOCUS
хьа#happened -й#PST -ла#TEMP
къени#today -вал#PURP
аладар#long
вач#go.IMPV
стха#brother -ди#OBL -в#AD -ай#EL
хурук-хурук#by.crawling
акъах#climb(up),mount -да#ENT
и#this да#OBL -з#DAT -ни#AND;FOCUS
диде#mother -ди#ERG
гала#with -з#DAT
гьахьт#enter -и#OBL -н#GEN
кабинка#cab -да#IN -NULL#ESS
мугьарибе#war -йр#PL -а#IN -NULL#ESS
хъф#go.again,return -ена#AOR
а#that
за#1sg.ERG
чи#1pl.gen
акъуд#get.out -на#AOC
кӏвал#house -е#IN -NULL#ESS
са#one
ф#go -ена#AOR
икьван#so.much
чан#dear
къул#fireplace -а#IN -NULL#ESS
къв#fall,precipitate -езва#IMPF
йиф#night -и#OBL -з#DAT
шумуд#more
авур#doing.AOP
иер#beautiful
чан#dear
вич#himself -и#OBL -н#GEN
жанавур#wolk -ди#ERG
за#1sg.ERG
луьквен#grumble -зава#IMPF
лагь#say.IMPV
ам#it
ф#go -ена#AOC
гьикӏ#how
вахт#time
туш#cop.NEG
я#or
цӏийи#new
хуьр#village -уь#OBL -н#GEN
вич#himself -и#ERG
гьи#this
вилик#before
ахпадаказ#then
иер#beautiful
и#this
кӏан#want -зава#IMPF
кьве#two
диде#mother -ди#OBL -з#DAT
кицӏ#dog
рехъ#way
лейли#Leyli
куьтни#not.a.word
ма#you.know
вахт-вахтинда#occasional
чун#1pl.abs
и#this
нян#evening -и#OBL -н#GEN
вири#all
чӏав#time -ар#PL а#IN -й#EL
лагь#say -ана#AOR
вилаят#country -ди#OBL -з#DAT
гьакӏ#like.that
санал#together
жуьт#pair
ф#go -ида#ENT
гада#boy
за#1sg.ERG -з#DAT
за#1sg.ERG
и#this
пачагь#king -ди#OBL -н#GEN
бес#but
ки#that
и#this
лугь#say -уда#ENT
ва#2sg -з#DAT
вичал#on.itself
ам#it
гьим#that.one
и#this
и#this
хуьррем#merry
кӏан#want -зава#IMPF -й#PTCP
ма#you.know
вич#himself
лугь#say -уда#ENT
лугь#say -уда#ENT
са#one
зу#1sg.gen
гьа#that,.the.same
гада#boy
амукь#stay,remain -на#AOR
чи#1pl.gen
хуьр#village -уь#OBL -н#GEN
ахвар#dream -из#IMC
зи#1sg.gen
хер#wound
вич#himself
хци#son -з#DAT
воо#wow
лугь#say -уда#ENT
лугь#say -уда#ENT
акв#look -ада#ENT
немец#german.person -ар#PL -и#ERG
агат#approach -из#INF
а#that -бур#PL
шикил#picture
хъсан#good
за#1sg.ERG
кӏан#want -зава#IMPF
ат#come -ана#AOC
кицӏ#dog -и#OBL -з#DAT -ни#AND;FOCUS
им#her
са#one
лугь#say -уда#ENT
къевиз#this.night -ни#AND;FOCUS
ахьтин#like.that
ругуд#six
хьир#even
гьакӏ#in.this.way
кас#man -ди#ERG
за#1sg.ERG -з#DAT
зи#1sg.gen
акъуд#get.out -зава#IMPF
ина#here
и#this
акур#seen
бацӏ#Bats
гаф#word
са#one
лагь#say -ана#AOR
гьат#fall.on -на#AOR
са#one
хуьр#village
къерех#side -да#IN -NULL#ESS -ни#AND;FOCUS
жаван#young
ахпа#then
чай#tea -ди#OBL -з#DAT
ки#that
ава#is -й#PST
дин#religion
кицӏ#dog
та-#NEG хьур#be.will -ай#EL
лугь#say -уда#ENT
яд#water
акъуд#get.out -на#AOC
ам#it
ф#go -ена#AOR
са#one
лугь#say -уда#ENT
и#this
ий#make -ин#HORT
гьар#every
лагь#say -ана#AOR
вуж#who
магадан#Magaan -ди#ERG -з#DAT
немец#german.person -ар#PL -и#OBL -н#GEN -ни#AND;FOCUS
гат#knock -ана#AOR
лугь#say -уда#ENT
куьмекар#help -да#FUT
и#this
гьуьл#sea -уь#OBL -н#GEN
къван#stone -ер#PL -и#OBL -н#GEN
са#one
галаз#with
гьуьл#sea -уь#OBL -з#DAT
алифб#alphabet -ар#PL -а#IN -л#SP -NULL#ESS
ида#him.to
хьуй#let.it.be.OPT
вич#himself -и#ERG -н#GEN
ну#well
лагь#say -ана#AOR
лагь#say -ана#AOR
ки#that
ф#go -ена#AOR
лугь#say -уда#ENT
чӏал#language
хъухъ#drink.IMPV
за#1sg.ERG
цав#air -ар#PL -и#ERG -з#DAT
кь#catch -уна#AOC
ф#go -ида#ENT
идан#her
гьабур#them -и#ERG
кӏурцӏул#puppy -ар#PL
гада#boy -ди#ERG -ни#AND;FOCUS
адет#tradition -ар#PL
вах#sister а#ERG
хъсан#good
фикирар#think.much -зава#IMPF
зи#1sg.gen
эвера#call.IMPV
гьетта#also
мина#mine -яр#PL
ва#and
къатка#lie.down -нава#PERF
нур#light
ыы#uh
ам#it
сура#after
аял#child -ар#PL
эхир#after.all
руш#girl
цӏийи#new
чун#1pl.abs
лугь#say -уда#ENT
бере#time -да#IN -NULL#ESS
гьамам#bathhouse -да#IN -NULL#ESS
чи#1pl.gen
алахъ#try -зава#IMPF
руш#girl
фи#go -н#GEN
са#one
къач#buy -умир#PROH
гада#boy -ди#OBL -з#DAT
гала#with -з#DAT
гила#now
г#give -ана#AOC -тӏа#COND
ам#it
ци#why
кицӏ#dog
стха#brother -да#OBL -л#SP -NULL#ESS
гада#boy -ди#ERG -ни#AND;FOCUS
гъ#bring -ана#AOR
кӏан#want -зава#IMPF -й#PTCP
ава#is -из#INF
чи#1pl.gen
ф#go -ена#AOR
кицӏ#dog
а#that
базар#market -да#OBL -л#SP -NULL#ESS
йикъ#day -у#OBL -з#DAT
и#this
ава#cop
ибрагьимова#ibrahimova
вич#himself -и#ERG
ки#that
марф#rain
са#one
эхир#after.all
пара#very
ам#that
хабар#news
руш#girl
жи#our
хкаж#up
о#Too
за#1sg.ERG -з#DAT
эхир#after.all
ма#you.know
гьа#that,.the.same
зи#1sg.gen
лагь#say -ана#AOR
мама#mother
ив#night а#OBL -н#GEN
куьтях#finish
ана#there -й#PST
ама#still.be,.remain
кьван#so.much
цӏийи#new
са#one
къирмаж#whip -ди#OBL -в#AD -NULL#ESS
жув#us а#ERG
и#this
икьван#so.much
сад#one -ни#AND;FOCUS
ава#is -й#PST
хв#keep,defend -ена#AOR
ма#you.know
лагь#say -ана#AOR
дуьз#great
литва#Lithuania -ди#OBL -н#GEN
марф#rain
са#one
аял#child
тагиев#Tagiyev а#ERG
гьа#today
вахт#time
къач#buy -унва#PERF -й#PTCP
ки#that
гьа#that,.the.same
руш#girl а#ERG
це#give
къач#buy -уз#INF
шей#thing -ни#AND;FOCUS
за#1sg.ERG
вилик#before
чун#1pl.abs
ч#know -изва#IMPF -ч#NEG
лугь#say -уда#ENT
г#give -уда#ENT
г#give -айи#AOP
юлдаш#friend -ди#OBL -н#GEN
кьве#two
за#1sg.ERG
гъ#bring -ана#AOR
пачагь#king -ни#AND;FOCUS
вун#2sg.abs а#ERG
эрзе#statement
она.гуьре#THERFORE
ини#here -з#DAT
за#1sg.ERG
лагь#say -ана#AOR
балкӏан#horse -да#OBL -л#SP -NULL#ESS
вах#sister
а#that -бур#PL
диде#mother
кь#catch -ада#ENT
къач#buy -ун#HORT
ак#look -уна#AOR
ам#it
виликди#before
ий#make -изва#IMPF
иер#beautiful -ди#DIR
гьат#enter -нава#PERF
гьакӏа#just
семья#family -ди#OBL -з#DAT
лугь#say -уда#ENT
за#1sg.ERG -з#DAT
ак#look -уна#AOC
ки#that
лагь#say -ана#AOR
са#one
гваз#with
я#oh
лугь#say -уда#ENT
ини#here -з#DAT
заз#I
вич#himself -и#ERG -н#GEN
ама#still.be,.remain -ч#NEG
хт#return -ана#AOR
лугь#say -узва#IMPF
йикь#die!
лугь#say -уда#ENT
гьада#she -з#DAT
булах#spring -ар#PL
пепе#bug -яр#PL
сырой#raw
югъ#day
югъ#day
акъат#come.out
ина#here -й#PST
буба#father
ма#here.you.go
са#one
гагьат#escape -на#AOR
лугь#say -уда#ENT
чун#1pl.abs
фу#bread
эхир#after.all
са#one
берейра#times
кут#put.under -уна#AOC
за#1sg.ERG -з#DAT
и#this
молодой#young
фикирар#think.much -зава#IMPF
и#this -м#ABS
къулдур#robber -ар#PL
санал#together
акъат#appear -на#AOC
жемят#public -ди#ERG
гьат#fall.on -на#AOR -ч#NEG
лугь#say -уда#ENT
я#oh
гада#boy -ди#OBL -н#GEN
лагь#say -ана#AOR
гьакъ#truth
ф#go -ена#AOR
ма#you.know
эхьир#in.
вич#himself
лугь#say -уда#ENT
заз#I
гала#with -з#DAT
ий#make -изва#IMPF
саламат#well
чун#1pl.abs
кьил#head
белке#maybe
къв#fall,precipitate -езва#IMPF
амукь#stay,remain -на#AOR
иер#beautiful
за#1sg.ERG
фикир#thought
больница#hospital -да#IN -NULL#ESS -ни#AND;FOCUS
лагь#say -ана#AOR
гьа#that,.the.same
ахпа#then
гъил#hand -е#IN -NULL#ESS
лугь#say -уда#ENT
араб#arab -р#PL -и#ERG
лугь#say -уз#IMC
чӏулав#black
за#1sg.ERG
гъил#hand -я#IN -й#EL
ава#cop
вич#himself -и#ERG -н#GEN
гада#boy -ни#AND;FOCUS
ата#coming -й#PST -ди#SBST
а#that -бур#PL
араб#arab -ар#PL -ни#AND;FOCUS
руш#girl -ни#AND;FOCUS
кьимет#price
я#oh
ида#he.also -з#DAT
за#1sg.ERG
руш#girl
ида#he.also -з#DAT -ни#AND;FOCUS
эйиб#shame
экъецӏ#appear -на#AOC
гила#now
мах#folktale -ни#AND;FOCUS
хъф#go.again,return -ида#FUT
тир#was
зи#1sg.gen
и#this
ф#go -ида#FUT
са#one
кь#catch -ада#ENT
кӏватӏ#to.gather
гьагьана#aformentioned.place
кӏан#want -зава#IMPF
лайих#worthy
марф#rain
итем#man -ди#OBL -з#DAT
ви#2sg.gen
югъ#day
ина#here
хт#return -ана#AOR
галаз#with
вич#himself
гада#boy
гьуьл#sea -уь#OBL -н#GEN
г#give -ана#AOC
дагьа#more
ава#cop
ва#2sg -з#DAT
руш#girl -а#OBL -л#SP -NULL#ESS
юкьв#middle -а#IN -й#EL
яӏта#is
лагь#say -ана#AOR
пенжер#window -да#IN -й#EL
чӏув#time -а#OBL -л#SP -NULL#ESS
гьахь#enter -ун#HORT
по-русски#in.Russian
и#this
голландия#Holland -ди#ERG -з#DAT
сакӏани#in.no.way
лугь#say -уда#ENT
агакь#reach -на#AOC
чӏав#time а#OBL -л#SP -ди#DIR
йиф#night -е#OBL -н#GEN
ну#well
кӏан#want -зава#IMPF
чпи#themselves -з#DAT
а#that
чун#1pl.abs
ахтынский#Akhtinsky
гила#now
катдай#running.FUT.PTP
кард#falcon
це#give
хьа#happened -нава#PERF
хуьр#village -у#OBL -з#DAT
хтар#necklace -ар#PL
хьа#being.AOC
кьулухъ#behind
лагь#say -ана#AOR
чун#1pl.abs
игъ#put -ин#HORT
лугь#say -уда#ENT
лагь#say -ана#AOR
куьмек#help -ай#AOP -ди#SBST
лагь#say -ана#AOR
физвайди#go.IMPF.PTC.SUBT
экъечӏ#appear -нава#PERF
пад#side
ма#you.know
ма#you.know
ктаб#book
кӏвал#house -е#IN -NULL#ESS
кака#egg
руш#girl а#OBL -хъ#PT -NULL#ESS
хьа#happened -нава#PERF
кӏан#want -зава#IMPF -й#PTCP
ала#is.there
гила#now
ваъ#no
лугь#say -уда#ENT
и#this
лугь#say -уда#ENT
рекь#way -ер#PL
хъсан#good
муаллим#teacher -ни#AND;FOCUS
и#this
ат#come -ана#AOC
лагь#say.IMPV
пачагь#king
къурмиш#organize -да#FUT
кутӏ#tie -уна#AOR
руш#girl а#OBL -з#DAT
ф#go -ена#AOR
кьил#head
рук#forest -ар#PL а#IN -й#EL
во#well
жер#will.be
гада#boy -ни#AND;FOCUS
и#this
къейд#celebrate -на#AOR
чуьнуьх#steal
солдат#soldier -ар#PL
алим#scholar -ри#OBL -н#GEN
кицӏ#dog
мад#more
хуьр#village -уь#OBL -н#GEN
руш#girl а#OBL -н#GEN
лагь#say -ана#AOR
чӏахмах#flint.from -ди#DIR -н#GEN
вуч#what -и#ERG -н#GEN
жени#be.FUT.Q
чан#dear
г#give -ана#AOC
кицӏ#dog
дейесен#it.seems
адет#tradition
гъавурда.акьуна#UNDERSTAND.AOR
лугь#say -уда#ENT
рессам#artist -ди#OBL -з#DAT
лугь#say -уда#ENT
вич#himself -и#ERG -н#GEN
са#one
мех#fur
хкаж#up
къач#buy -уна#AOR
хт#return -ана#AOR
туш#cop.NEG
девлет#country
гьаниз#there
акӏ#like.that
гъил#hand -я#IN -й#EL
ат#come -ана#AOR
дейгъе#minute -ди#OBL -л#SP -ай#EL
воо#well
район#countryside -ди#OBL -з#DAT
яхцӏур#fourty
бина#building
пуд#three
ягъ#hit -ана#AOC
гьаа#Yes
гьуьл#sea -уь#OBL -н#GEN
пуд#three
са#one
ахпа#then
шикил#picture
яргъал#far
гада#boy
хкв#return -еда#FUT
агакь#reach -на#AOC
югъ#day
лугь#say -уда#ENT
и#this
ки#that
лугь#say -уда#ENT
дагъыстан#Dagestan's -ди#DIR -н#GEN
са#one
за#1sg.ERG
ун#yes
пака#tomorrow
кут#put.under -уна#AOC
паб#wife
лугь#say -узва#IMPF
луьтквечи#boatman
и#this
чун#1pl.abs
тупӏал#ring -ар#PL
зи#1sg.gen
са#one
эээ#uhr
са#one
амукь#stay,remain -на#AOR
г#give -анва#PERF
пек#cloth -ни#AND;FOCUS
итем#man
газет#newspaper -ди#OBL -з#DAT
хва#son
сефер#time -ни#AND;FOCUS
самур#"Samur"
нек#milk -еди#OBL -к#SB -ай#EL
лагь#say -ана#AOR
гада#boy
кӏвал#house -е#IN -NULL#ESS
яру#red
дуьз#great
тир#was
пул#money
ахъая#send.away.IMPV
пара#very
ни#whoever
инсан#man -ар#PL
ашукь#ashuq -ди#OBL -з#DAT
гьуьл#sea -уь#OBL -н#GEN
зу#my
гьуьл#sea -е#OBL -л#SP -ай#EL
яхцӏур#fourty
пачагь#king -ни#AND;FOCUS
са#one
къиямат#amazing
гаф#word -ни#AND;FOCUS
гьах#enter -нава#PERF
лугь#say -уда#ENT
лагь#say -ана#AOR
пачагь#king
ида#him.to -ни#AND;FOCUS
ида#he.again
кавалерар#cavalry
гада#boy -ди#OBL -н#GEN
вич#himself -и#ERG -н#GEN
ий#make -ида#ENT
г#give -анва#PERF
и#this
пат#side а#OBL -з#DAT
за#1sg.ERG -ни#AND;FOCUS
лугь#say -уда#ENT
чна#1pl.erg
дуьзар#set -на#AOR
жува#yourself
йиф#night -и#OBL -з#DAT
ида#him.to -ни#AND;FOCUS
лагь#say -ана#AOR
и#this
акв#look -азва#IMPF -ч#NEG -ни#Q
ак#look -уна#AOC
яхцӏур#fourty
шегьер#city -ди#OBL -з#DAT
амма#but
хьтин#like
а#that
чӏулав#black
ан#there -яй#EL
къари#old.woman
стха#brother
тухв#take -да#ENT
гъваш#bring.IMPV
воо#well
лагь#say -ана#AOR
хабар#news -ар#PL
акъуд#get.out -на#AOC
лагь#say -ана#AOR
пачагь#king -ди#OBL -н#GEN
арадлай#a.while.after
акв#look -азва#IMPF
ф#go -енва#PERF -тӏа#COND
туш#cop.NEG
гьагь#yes
ада#he
литва#Lithuania -ди#OBL -н#GEN
гагьат#escape -зава#IMPF
г#give -ун#HORT
къатк#lie.down -ана#AOR
ээээгь#eeh
баде#grandmother
район#countryside -ди#OBL -з#DAT
руш#girl
гьина#where
ини#here -з#DAT
гъил#hand -я#IN -й#EL
ида#him.to -ни#AND;FOCUS
гьикӏ#how
кьве#two
фу#bread
фу#bread
хв#keep,defend -ена#AOR
стха#brother
вич#himself -и#ERG -з#DAT
безханум#Bezkhanum
лугь#say -уда#ENT
христиан#Christian
лугь#say -уда#ENT
за#1sg.ERG -з#DAT
шад#happy
жи#our
вах#sister
накьв#soil
кӏан#want -зава#IMPF -й#PTCP
чна#1pl.erg
зунжур#chain -ди#OBL -в#AD -NULL#ESS
гьикӏ#how
диде#mother
ахъай#open -на#AOR
и#this
и#this
пака#tomorrow
и#this
ф#go -ена#AOR
ахпа#then
хъ#drink -ада#ENT
мама#mother -ди#OBL -ни#AND;FOCUS
дербент#Derbent.in -ди#OBL -з#DAT
кьатӏ#see -изва#IMPF
округ#district
ак#look -уна#AOR
вун#2sg.abs а#ERG
гьайван#animal
пара#very
ат#come -ана#AOC
и#this
икьрар#agreement
и#this
лагь#say -ана#AOR
чка#place
ма#you.know
ва#2sg -з#DAT
кут#put.under -уна#AOC
гада#boy -ди#ERG
ама#still.be,.remain
и#this
вегь#throw -ена#AOC
мах#folktale
и#this
атана.агакьда#REACHED.ENT
вун#2sg.abs а#ERG -ни#AND;FOCUS
ахпа#then
фидамаз#while.going
бере#time -да#IN -NULL#ESS
лугь#say -уда#ENT
гьуьл#sea -уь#OBL -н#GEN
белке#maybe
сят#o'clock -ди#OBL -н#GEN
ибур#these -и#ERG -н#GEN
иеси#owner
ида#her -з#DAT
и#this
ам#it
ава#is -ч#NEG
ви#2sg.gen
къакъуд#remove -на#AOR
за#1sg.ERG
лагь#say -ана#AOR
гьим#that.one
куьтях#finish
кицӏ#dog
лагь#say -ана#AOR
лагь#say -ана#AOR
ма#you.know
эвер#call -ана#AOR
лагь#say -ана#AOR
фикирар#think.much -зава#IMPF -ни#Q
гудий.вал#TO.GIVE
и#this
лагь#say -ана#AOR
ама#still.be,.remain -ч#NEG
мейдан#town.square -да#OBL -л#SP -NULL#ESS
и#this
бес#but
вун#2sg.abs а#ERG
тӏванлай#from.there
учебка#training -да#IN -NULL#ESS
кьван#so.much
чун#1pl.abs
каф#foam
аш#plov -ар#PL
яшамиш.жез#LIVE.IMC
лагь#say -ана#AOR
гьи-гьин#the.same
ава#is -й#PST
чан#dear
гьа-гьа#that
са#one
са#one
кван#please.do
вад-ругуд#five.six
лугь#say -узва#IMPF
къв#come -еда#ENT
хкв#return -еда#ENT
и#this
ктаб#book
балкӏан#horse
хъв#drink -ана#AOR
къвериг#play -из#INF
са#one
америка#America's -ди#ERG -н#GEN
са#one
кьван#so.much
маса#another
зу#my
ахъа#open -й#PST из#IMMANT
лагь#say -ана#AOR
и#this
кьвед#two лагь#say -й#PST
шив#steed -ре#OBL -хъ#PT -NULL#ESS
лагь#say -ана#AOR
ахкъач#rise
югъ#day
эмел#adhere -нава#PERF -ш#NEG
инсан#man -р#PL -и#ERG -к#SB -ай#EL
ахпа#then
ашкъи#love -ни#AND;FOCUS
гьакӏ#just а#ERG
хьа#happened -нава#PERF
кӏан#want -зава#IMPF -й#PTCP
ноябрь#november декабрь#december -ди#ERG -н#GEN
гьал#solution -ар#PL -и#ERG -к#SB -ай#EL
и#this
акъуд#get.out -на#AOC
я#oh
лагь#say -ана#AOR
пек#cloth -ер#PL
истифаде#use
турба#bag -яр#PL
къулдур#robber
и#this
илис.хьухь#HIDE.IMPV
жув#us а#OBL -н#GEN
и#this
чун#1pl.abs
кицӏ#dog
иер#beautiful
кут#put.under -ада#ENT
концерт#concert -ни#AND;FOCUS
ви#2sg.gen
гьакӏ#like.that
и#this
кьеайди#dead
ат#come -анва#PERF -й#PST
чун#1pl.abs
ки#that
лагь#say -ай#AOP -ла#TEMP
ки#that
сонра#after
да#yes
вуна#2sg.erg
десять#ten
акьван#enough
ама#he
за#1sg.ERG -з#DAT
ахпа#then
кван#please.do
тахтун#throne -а#OBL -л#SP -NULL#ESS
ки#that
сара#castle -яр#PL
ава#cop