hash-#2PI
nána#something
-ka̱#COMP:DS
-hátoko̱#BECAUSE:DS
il-#1PI
yohmi#do.so,.to.happen
pa#here,.this -ako̱#CON:AC
í-#1PI
to̱ksali#work
ná#something
toklo#be:two
nána#something
a̱#1sIII
a̱#1sIII
kiyo#no
at#subject:marker
-ka̱#COMP:DS
oklil#we
hi#be -hma̱#WHEN
osápa#field
mano#that:one
ilhkóho̱li#go.(of.three.or.more). -h#TNS
-kiya#KIND:OF
-kiya#KIND:OF
-kato#COMP:SS
náhollo#WHITE:PERSON
náhollo#WHITE:PERSON
yohmi#do.so,.to.happen
náhollo#WHITE:PERSON
-kat#COMP:SS
foli#switch
ittiwáya#marry -ttók#REM.PAST
illi#die.
nána#something
-ma#THAT -k#LOC
pisa#try. -ttók#REM.PAST
-ato#NOM2
il-#1PI
-kato#COMP:SS
abohlih#woods
pí#just
nána#something
sam-#1SIII
ani#pour.in -t#PART
kiyo#not
-ya̱#ACC
chi̱-#2SIII ki#father
tákoli#noon
ta̱chi#corn
mi̱ti#come
himak.nittak#TODAY,.THIS.DAY
iyá#go -li#1SI
hattak#husband
kanikma̱#sometimes
kati#how:long -k#LOC
kiyo#not
-ka̱#COMP:DS
ábachi#teach -h#TNS
ná#something
-bíka#USED:TO -ttók#REM.PAST
íy#go -o#NEG -ttók#REM.PAST
tobi#beans
ná#something
nakni#male
-ka̱#COMP:DS
il-#1PI
hi#be
a#be -ttók#REM.PAST
kiyo#not
toklo#be:two
-kat#COMP:SS
okla#people
okmanána#WHATEVER.KIND.OF
okla#people
-bíka#USED:TO -ttók#REM.PAST
ásh#prev
panóla#cotton
ittanówa#walk.together -h#TNS
kiyo#no
hi#be -hma̱#WHEN
pishokchi#milk
pa#here,.this -aki̱li#OWN -h#TNS
a̱#1sIII
alhíha#group
-híka#USED:TO -ttók#REM.PAST
oshi#son
banna#want -kma̱#IRR:DS
mishsha#two.time.periods.before.or.after
okmanána#WHATEVER.KIND.OF
kíyo#no
yamm#that -ako̱#CON:AC
-ya̱#ACC
kiyo#not
-ka̱#COMP:DS
-kat#COMP:SS
hapi̱-#1MPIII
-kato#COMP:SS
ola#far:off
-ato#NOM2
másh#that.one
illi#die. -to#NOM2
a̱lhi#be:real
okla#people
-ato#NOM2
a#be -ttók#REM.PAST
ona#arrive:there
hi#be
il-#1PI
okla#people
nátah#what?
i̱-#III
chishnáto#you:nom2
kiyo#not
il-#1PI
hi#be
il-#1PI
i̱-#III
-bíka#USED:TO -ttók#REM.PAST
hi#be -hma̱#WHEN
pí#just
pila#throw. -hma̱#WHEN
hopóni#cook.
im-#III
hi#be -hma̱#WHEN
hicha#and
okla#people
pí#just
il-#1PI
a#be
nána#something
-ka̱#COMP:DS
pí#just
chohmi#kind:of
ásh#prev
ít#toward
nána#something
okla#people
nána#something
náhollo#WHITE:PERSON
hikít#START
yamm#that -ako̱#CON:AC
a̱#1sIII ki#father
okla#people
shokshi#watermelon
kiyo#no
a̱sha#be:(of.three.or.more)
osápa#field
kíyo#no
pí#just
ik-#N
pí#just
nán#something
-akíni#INDEED -tok#PST -ósh#SS
nána#something
-ato#NOM2
í-#1PI
il-#1PI
-ka̱#COMP:DS
a̱ya#be:here
himak.nittak#TODAY,.THIS.DAY
-bíka#USED:TO -ttók#REM.PAST
chahta#Choctaw
-ako̱#CON:AC
a#be
ahóch#find. -ahí#IRR2
náhollo#WHITE:PERSON
náhollo#WHITE:PERSON
katimmakako̱#where
kiyo#not
iya#go -ttók#REM.PAST
kiyo#no
-ka̱#COMP:DS
pokni#grandmother
hicha#and
i̱-#III
nakfish#younger:sib
a̱#1sIII ki#father
nána#something
kotcha#go.outside.
-chámo#LONG:AGO
kiyo#no
a̱#1sIII
nána#something
ahwa#think.(perhaps),.to.reckon -h#TNS
i̱-#III
nátah#what?
ná#something
-ako̱#CON:AC
í-#1PI
il-#1PI
hi#be -hma̱#WHEN
il-#1PI
ta̱chi#corn
ano̱poli#speak,.say,.talk -h#TNS
ittahobli#pick.up -t#PART
-ka̱#COMP:DS
il-#1PI
ayyówah#pick.up.(off.the.ground).
másh#that.one
bash#cut.(with.a.knife,.broken.glass). -t#PART
at#subject:marker
hilha#dancer
ásha#reside.(plural.subject)
im-#III
makah#say.
ilhkóli#go.(of.three.or.more). -kmat#IRR:SS
to̱ksali#work. -ttók#REM.PAST
hochífo#name.
sanna#I:want -kat#COMP:SS
pí#just
noshkobo#head
ittika̱chi#be:separated.(as.a.man.and.wife). -ttók#REM.PAST
ná#something
akkíya#go:down -t#PART
ik-#N
nátah#what?
-kat#COMP:SS
im-#III
hokchi#plant. -t#PART
-ako̱#CON:AC
pa#here,.this -aki̱li#OWN -h#TNS
ano̱polí#speak,.say,.talk -l#1SI -áchi̱#IRR -h#TNS
aki̱ni#indeed -h#TNS
ittanówa#walk.together
nátah#what?
ná#something
okla#people
iláp#self
ohóyo#woman
il-#1PI
ahni#wish;.want -hma#WHEN
katayohmi#which:ones
nánoka#say:something
-kiya#KIND:OF
sa-#1SII shki#mother
yohmi#do.so,.to.happen
alhíha#group
ásh#prev
acho̱li#sew
kotcha#go.outside.
nána#something
shikalla#bead
alhto#enter.(of.two)
achokma#good -ána#POT
kiyo#no
hi#be
a̱tta#exist.(of.one) -li#1SI -h#TNS
fokáli#almost
ibá#with
náhollo#WHITE:PERSON
mishsha#two.time.periods.before.or.after
pí#just
siy-#1SII ahni#wish;.want
ittiwáya#marry -hmat#WHEN
ilhkóli#go.(of.three.or.more). -tok#PST
-kat#COMP:SS
to̱ksali#work. -ttók#REM.PAST
pisa#try. -ttók#REM.PAST
ná#something
chishnáto#you:nom2
alhíha#group
a̱#1sIII ki#father
-bíka#USED:TO -tok#PST
nána#something
mi̱ti#come -hma̱#WHEN
nátah#what?
hicha#and
í-#1PI
-ako̱#CON:AC
ninak#night
il-#1PI
chahta#Choctaw
i̱-#III
-ako̱#CON:AC
iya#go -ttók#REM.PAST
a̱#1sIII
ábachi#teach -h#TNS
hi#be -hma̱#WHEN
hikkíya#stand. -li#1SI -h#TNS
katash#who
ikhana#learn
im-#III
chi̱-#2SIII ki#father
ikka̱na#understand,.to.know -li#1SI -h#TNS
-ato#NOM2
il-#1PI
i̱-#III
afammi#year
-ma#THAT -k#LOC
hikiki̱ya#stay:at -li#1SI -ttók#REM.PAST
okla#people
-ka̱#COMP:DS
akkiya#too,.also
-bíka#USED:TO -tok#PST
nána#something
pí#just
hi#be -hma̱#WHEN
tohchína#be:three
i̱-#III
panóla#cotton
afammi#year
nanih#hill
-kat#COMP:SS
ta̱chi#corn
hicha#and
ma̱ya#exist.(of.three.or.more). -t#PART
kíyo#no
akkattola#fall:down -t#PART
nána#something
-ma#THAT -k#LOC
ma̱ya#exist.(of.three.or.more).
kaniyah#probably
pí#just
-ka̱#COMP:DS
kiyo#no
taha#finally
nátah#what?
yohmi#do.so,.to.happen
chá#ss
i̱-#III
a̱lhi#be:real
chohmi#kind:of -ttók#REM.PAST
ála#arrive:y.gr -li#1SI -h#TNS
fokkáli#be:abou
okla#people
pí#just
il-#1PI
náhollo#WHITE:PERSON
hikmat#and:then:ss
pí#just
ittanówa#walk.together -h#TNS
-bíka#USED:TO -ttók#REM.PAST
ná#something
osápa#field
okla#people
-ato#NOM2
ma̱ya#exist.(of.three.or.more).
toffa#summer
ishki#mother
í-#1PI
-ato#NOM2
at#subject:marker
to̱ksali#work. -sh#PART:SS
aba.talóli#STORE
-kato#COMP:SS
-ma#THAT -k#LOC
a̱chi#cover
a̱sha#be:(of.three.or.more)
hikít#START
-ka̱#COMP:DS
-bíka#USED:TO -tok#PST
-ato#NOM2
hapim-#1MPIII
ano̱polí#speak,.say,.talk -l#1SI -áchi̱#IRR -h#TNS
ola#far:off
ohóyo#woman
a̱#1sIII
nánoka#say:something
i̱-#III
náhollo#WHITE:PERSON
chito#be:big,.large
osápa#field -no#AC2
kanimma#somewhere
okla#people
okla#people
il-#1PI
ishit#ins
a̱#1sIII ki#father
il-#1PI
hi#be -hma̱#WHEN
pí#just
im-#III
ka̱chak#barn
-bíka#USED:TO -ttók#REM.PAST
im-#III
a̱tta#exist.(of.one) -li#1SI -h#TNS
hash-#2PI
nána#something
-kiya#KIND:OF
-kiya#KIND:OF
hi#be -hma̱#WHEN
pí#just
hi#be
okla#people
ohóyo#woman
kiyo#not
a#be
ik-#N
ilhkóli#go.(of.three.or.more). -tok#PST
chahta#Choctaw
i̱-#III
wáya#peanuts
ná#something
náhollo#WHITE:PERSON
hapi̱-#1MPIII
nani#fish
pí#just
-ato#NOM2
ná#something
okmanána#WHATEVER.KIND.OF
-bíka#USED:TO -ttók#REM.PAST
kiyo#no
kiyo#no
hash-#2PI
nittak#day
yohmi#do.so,.to.happen
ano̱polí#speak,.say,.talk -l#1SI -áchi̱#IRR -h#TNS
nátah#what?
il-#1PI
chahta#Choctaw
nána#something
pis#look -t#PART
afammi#year
pí#just
ittika̱chi#be:separated.(as.a.man.and.wife). -ttók#REM.PAST
wáya#peanuts
chá#ss
hohchafo#be:hungry.
hi#be -hma̱#WHEN
il-#1PI
-kato#COMP:SS
alhíha#group
banna#want -kma̱#IRR:DS
pí#just
píhi̱sa#see:hn -li#1SI -kmat#IRR:SS
il-#1PI
chishnáto#you:nom2
nátah#what?
pí#just
fokáli#almost
achaffa#one
pí#just
at#subject:marker
osápa#field
ishit#ins
í-#1PI
-ka̱#COMP:DS
a̱#1sIII ki#father
okla#people
a̱tta#exist.(of.one) -tok#PST
sa-#1SII shki#mother
pishokchi#milk
kiyo#not
ikka̱na#understand,.to.know -li#1SI -h#TNS
a̱lhi#be:real
kiyo#no
okmanána#WHATEVER.KIND.OF
pí#just
im-#III
ná#something
biyásha#Pearl.River.community
alá#arrive.(here) -li#1SI -tok#PST
-ka̱#COMP:DS
a̱lhi#be:real
ma̱ya#exist.(of.three.or.more).
nána#something
a#be
á#be -ttók#REM.PAST
nána#something
á#say -h#TNS -ókakósh#BUT:SS
nani#fish
mano#that:one
il-#1PI
kiyo#no
il-#1PI
siy-#1SII á#be -h#TNS
yamm#that -ako̱#CON:AC
hikít#START
-ako̱#CON:AC
-bíka#USED:TO -tok#PST
il-#1PI
il-#1PI
-ma#THAT -k#LOC
-bíka#USED:TO -tok#PST
okla#people
-kat#COMP:SS
issa#quit -tok#PST
ná#something
nátah#what?
náhollo#WHITE:PERSON
pí#just
a̱#1sIII ki#father
-hátoko̱#BECAUSE:DS
hi#be -hma̱#WHEN
áchih#say.
-ka̱#COMP:DS
-bíka#USED:TO -ttók#REM.PAST
pí#just
faláma#return -t#PART
hapim-#1MPIII
kaníya#really
to̱ksali#work
náhollo#WHITE:PERSON
ála#arrive:y.gr -li#1SI -h#TNS
hopón#cook -ána#POT
holisso#letter
mihchi#do -tok#PST -o̱#Q
takkon#peach
taha#finally
-ma#THAT -k#LOC