n OBL DAT
n DAT
adv
cop
v HORT
v IMPF PTCP
pers
v AOR
v INF
n
v ENT
adj
n
cardnum
adv AND;FOCUS
n
pro
pro
pro
n
v ENT
n PL
coordconn
adv
adv
dem
pro ERG DAT AND;FOCUS
dem
n IN EL
n
n
n OBL DAT
adv
n
adv AND;FOCUS
cardnum
n OBL DAT AND;FOCUS
cardnum
pro DAT
adj
adv
n
n IN EL
n
post
dem
interrog
recp AND;FOCUS
n GEN
n SB EL
dem
n PL ERG SB EL
pro
pro
v PERF
v AOR
adv
v IMC
pers
v IMPF
adv
dem
n
adj
n
v FUT
@@@
cop PERF
n OBL GEN
adj
n ERG
n
prt
v AOC
pers
v ENT PST
@@@ REACHED.ENT
v FUT COND
pers AND;FOCUS
v ENT
prt
n OBL GEN
@@@ PST DIR
n ERG AND;FOCUS
pro
n PL
n
n
prt
n PL
pro
adv TODAY.TILL
cardnum
n
pers
n
interrog
n
v ENT
n
adv
num
pro
nprop
pro
v ENT
n
@@@ AOP PL AND;FOCUS
n DAT
n IN ESS
interrog
cop
post
adj
adv
v AOC
dem
n
pro DAT AND;FOCUS
v HORT
adj
interrog
cardnum
n
n
@@@
n OBL SP EL
pro DAT
proform
n
pers AND;FOCUS
n PL
pro
v ENT
cardnum
v AOR
num
n
adj
adv
n
num
adv AND;FOCUS
adv
pro AND;FOCUS
pro
adj
n ERG GEN
pers
dem
v IMPF
prt
n
n OBL GEN
n OBL DAT
adj
n PL
cardnum
n
v ENT
n OBL DAT
coordconn
nprop DIR AND;FOCUS
v AOC
adv
n
pers
n
v ENT
n PL
v PERF
n
cop
pers
@@@
n
interrog
prt
nprop
v PERF
pers
cop
dem
n
n
nprop
n
n OBL SP ESS
@@@ COND
n PL
adv
Vocpart
n OBL SP ESS
coordconn
n OBL GEN
num
adv
pers
pro
adj
pro
n
n OBL SP EL
pro
pro
v IMPF
n
n OBL DAT
n OBL DAT
n ERG
v IMPF PST SBST
dem
pro
adj
n
n IN EL
n
v AOC
pro
v IMPF
adv
n
pro
pro ERG
adv
pro
pers ERG AND;FOCUS
v HORT
dem
v IMPF
n PL
n OBL DAT
n OBL GEN
dem
@@@
v AOP COND
n OBL PT ESS
v AOC
adv
n
n OBL SP ESS
n OBL DAT
interrog
adv
cop
pro
n OBL GEN
dem
adv
@@@
pro
n AND;FOCUS
adj
n DIR
n OBL DAT
adv
n
v ENT
adj
v FUT
v PROH
@@@ IN ESS
n
coordconn
interrog
adv
v ENT
n
v ENT
pro
v ENT
n ERG
adv
@@@
@@@
nprop ERG
nprop
interj
n
n DAT
n DIR DAT
pro
v AOR
prt
n PL OBL PT ESS
v IMC
pers
pro
n PL
v AOR
pro
v ENT
poss
dem
n OBL GEN
v FUT
n OBL GEN
v AOR
pers
post
v ENT
n
n
n
adv
conn
n
nprop
adv
prt
pro DAT
pro
pro PL
pro
n
cardnum
adv
n IN EL
n OBL SP ESS
nprop
v AOC
n
pro
n OBL DAT
n
v FUT COND
n
n ERG
n PL
n
v AOC
n
pers
n
v AOC
interrog
n
dem
pro
n
cardnum
n OBL DAT
n
n
n OBL DAT AND;FOCUS
v ENT
adj
adj
@@@ MSD
v INF
v IMC
n IN ESS
n IN ESS
subordconn
@@@ PST DIR
dem
n
n
v ENT
cardnum
pro
adv
v ENT NEG
n
dem
cop
n
v AOC
pro
pro PL
cardnum
v INF
v AOR
n
n PL AND;FOCUS
n IN ESS
v IMPF NEG
adv
adv
v AOC
n AND;FOCUS
pers
num
adv
@@@
dem PL TEMP PST
cop AND;FOCUS
dem
adj
v AOP COND
v ENT
cardnum
pro
pro
v AOR
v FUT
cop
interrog
adv TOTALY
n
cop
adj
adj
n OBL SP ESS
n
v AOR
v IMPF
cop
verbprt DAT
dem
v AOC
@@@ DAT
n
pro
n
v ENT
v AOR
v AOC
v AOC
subordconn
v PERF
cop SBST TEMP PST
cardnum
n
dem
n OBL SP ESS
v AOC
v FUT
poss
adv
adv
cop
v AOR
n IN EL
pro
dem
@@@ NEG
v AOC
n OBL GEN
num THIRTY
@@@ AND;FOCUS
n
v ENT
n OBL DAT
pro
prep
n IN ESS AND;FOCUS
n IN ESS
n
v AOC
dem
interrog
cardnum
cop
subordconn
n OBL SP ESS
coordconn
@@@
v AOR
v AOC
dem
n OBL DAT
n OBL SP ESS
n
adv
pro DAT
n PL
n ERG
n PL ERG
@@@ NEG
n IN ESS
adv
n OBL GEN
prep AND;FOCUS
n
pro
n
pro
n
pro
subordconn
v AOC
n OBL DAT DIR
v AOR
coordconn
adv
dem PST
dem
IMPV
adv
n
v ENT
pro
cop PERF NEG
v ENT
adv
n
n
pro
interrog
prep
v AOC
@@@ DAT
v AOC
n
prt
v ENT
post
coordconn
n PL
n
v AOR
n
@@@
v ENT
adj
pro
adj
nprop DIR DAT
n PL
cardnum
v ENT
adv
@@@
n
adj
recp ERG GEN
n
cardnum
cop
cardnum
pro
v ENT
v AOR
n IN ESS
pro ERG DAT
adv THIS.NIGHT DAT
@@@
n
v AOC
@@@ AOC
n
pro
n
prt
n PL
num
pro
cardnum
pro
v AOR
adv
n
n OBL GEN AND;FOCUS
n
n AND;FOCUS
coordconn
adv
pro
v ENT
pro
adv
v ENT
v ENT
pro
pro
n PL OBL DAT
v ENT
Vocpart
v ENT
pro DAT
v PROH
adv
cardnum
n OBL DAT
pro
pers
pro DAT
pro
nprop GEN
v IMPF PTCP
prt
n OBL DAT
n
n AND;FOCUS
n PL
n OBL DAT
dem
adv
n OBL SP EL
pro
pers
dem
@@@
coordconn
pers
pro
n OBL SP EL
n OBL SB EL
n
n
v ENT
adj
n OBL AD EL AND;FOCUS
pro GEN
pro DAT
@@@
adv
n
n OBL DAT
n
n
v AOP COND
n
cardnum
dem PST
v AOC
n IN ESS
dem
@@@
adv
pro
cardnum
n
n
pro
v AOC
num
n PL
interrog
@@@
subordconn
n OBL GEN
n OBL GEN
v AOC
cop
pro
n AND;FOCUS
n PL IN EL
n PL
n OBL DAT
v GEN
coordconn
adv
n OBL GEN
adv
pro
v IMPF PTCP
v AOC
adj
v AOC
n
adv
v AOC
v AOR
@@@
n
pro DAT
prt
n
n ERG
v ENT
pro
pers
v AOC
n PL OBL SP ESS
v AOC
v IMPF.CONT NEG
n
dem
n
nprop
@@@
pro
pro
n
pers
n
dem
v PERF
pro DAT
v HORT
n AND;FOCUS
n
n ERG
dem
v ENT
pro
v MSD
adj
n ERG
adj
v AOR
v ENT
v PST
adj
cardnum
pro DAT
v ENT
n GEN ERG GEN
adv PST
dem
n IN ESS
v AOR
n OBL SP ESS
v ENT
@@@ PERF SBST
cardnum
v AOC
prt
subordconn
n
adv
dem
cardnum
adv
dem
pro DAT AND;FOCUS
post
cardnum
v IMPF
cop
n PT ESS
n IN ESS
v IMPF NEG
v AOC
v AOC
v AOC
v AOR
cardnum
adj
n OBL DAT
dem
cop PERF
pro
v AOR
interrog
coordconn
v
cardnum
n
v AOC
pers
n OBL GEN
n
n
n OBL GEN
@@@
pers
@@@ AT.THIS.MOMENT
cardnum
n
adv
prt
prt
v FUT
n SP ESS
n
n
nprop
n
n IN ESS
recp
v ENT
n PL
pro PL
pro
n
adv
v
v AOR
prt
interj
v AOR
adj
n
dem
coordconn
cardnum
@@@ AOR COND
poss GEN
n
cardnum
n
prep
v AOC
prep
n
cardnum
subordconn
adj
coordconn
nprop
n
prt
proform AND;FOCUS
cop PERF
n PL
prt
n PL
n
nprop
prt
v ENT
n
v PERF PST
n OBL GEN
v AOC
v FUT
n AND;FOCUS
dem
cop
adj
v ENT
pro DAT
n
v IMPF PTCP SBST
v INF
cardnum
n IN ESS
interrog
n OBL SP EL
v ENT
v AOC
n PL
adv
n IN ESS
@@@
cop
v AOC
n PL AND;FOCUS
dem
coordconn
dem
n
n
n
cardnum
pro
n GEN ERG GEN
n
pro
adj
v
n PL
adv A.LITTLE
dem
cardnum
pro
v ENT
interrog
v ENT
dem
n
adv DAT
cardnum
v AOR
cop
adj ERG
pers
pro
n
num
n PL OBL GEN AND;FOCUS
n DAT
@@@ PST
num DIR DAT
v FUT NEG
n PL AND;FOCUS
v HORT
pro
v ENT
n OBL SP ESS OBL
v AOC
adv
n AND;FOCUS
v
adv
v AOR
adv
n ERG
@@@ PERF
dem
adv
n
interrog
dem
cop
n OBL GEN
n
@@@ ERG GEN
poss
n OBL AD ESS
dem
adj
n
n
n
v ENT
v ENT
v ENT
pro
v IMPF
n
adj
dem PST
num
v ENT
n
v IMPF
pro
pers
n
v IMC
adj
n
cardnum
dem
v ENT
n PL
@@@
n AND;FOCUS
cop
cop
cardnum
n OBL SP EL
dem
cop
n OBL ESS
cardnum
pro
pro
v FUT
n
dem PST
cardnum
n
pro
n ERG
v ENT
conn
n
pro
n
n
post
n PL
prt
adv
pro
cop
cop
v AOP TEMP
v PERF PTCP SBST
pro
v IMPF NEG
v AOR
n
cop
proform
adv PL DAT
n
prt
v ENT
v IMC
n OBL GEN
adj ERG
v AOC
n
v ENT
subordconn
pers
pro ERG
n
n OBL DAT
v AOR
v AOC
adv DAT
n
v AOC
n DAT
n
n
pro
prt
n
n
v ENT
subordconn
post DAT
n
proform
n
adj
post
pro AND;FOCUS
v
v FUT
adj
pers AND;FOCUS
prt
@@@ REACHED
nprop
cardnum
interj
n PL
v
@@@ AOR
v PERF
dem
pers
v AOC
v COND AND;FOCUS
cardnum
post
dem
adj
conn
n OBL DAT
v AOC
dem
pro
adj
adj
n OBL GEN
n PL
v PERF
post DAT
n
n OBL DAT
v IMPF
subordconn
n
cardnum
v AOR
dem DAT
adv
nprop
adv
v PROH
prt
adv
n OBL SP ESS
pro AND;FOCUS
v AOP TEMP
adv
cop COND
v PERF
n
n PL AND;FOCUS
n
n
n AND;FOCUS
n
pro AND;FOCUS
cardnum
cop
pro
cardnum
interj
n PL ERG SB EL
n OBL DAT
v IMC
v ENT
cardnum
v ENT
cop NEG EL
n
pro
adv
pro OBL GEN
n OBL DAT
n PL OBL DAT
pers
v IMPF
v AOR
pers ERG
v AOP
pro
n ERG AND;FOCUS
n ERG AND;FOCUS
v AOC
nprop
v AOR
v AOP
v AOC
n DAT
n IN ESS
v ENT
v PERF
n
prt
v ENT
n
pro
cardnum
v AOC
n
v ENT
pro
v ENT
v PERF
nprop DIR GEN
pro
cardnum
n AND;FOCUS
dem
dem
@@@ PST
pers
n PL ESS
v FUT COND
adv
adv
@@@ PST COND
@@@ IT.WILL.BE.DONE
n OBL DAT
pers
adv
dem
pro
v AOR
adj
prt
recp AND;FOCUS
pers
n OBL GEN
adv
adv AND;FOCUS
v ENT
v ERG
prt
v AOR
n
dem
cardnum
v
v AOR
dem
adv
dem
n PL
n
n
v IMPF
pers
adj
cop
cardnum
v AOC COND
v IMPF
prep
n
n OBL DAT AND;FOCUS
n
adj
v AOC
n ERG
v ENT
num
v ENT
cardnum
cardnum
v ENT
@@@ CALL.TILL
v AOC
@@@
cardnum
adj
pro
v
n
conn COND
dem
v AOR
n
cop
adj
adv
dem
adj
v AOC
v AOR
v AOR
pers
n
v AOP
n AND;FOCUS
pro
n OBL SP ESS
v
cardnum
interj
n
n
n PL
multipnum TWENTY.FIVE
pro PL
num
n
v IMPF
n OBL GEN
dem
v AOP TEMP
v AOR
n ERG AND;FOCUS
v ENT
pro DAT
n
adv
v ENT
poss
prt
cardnum
pro DAT
pro PL
n
v AOR
cardnum
adj
v AOC
dem
n
v AOR
subordconn
n IN EL
adj
cardnum
adj
pers ERG
n OBL SP EL
adv
conn
adj
cardnum
v AOR NEG
v AOR
v AOR
conn
n
@@@
adv
dem
n IN ESS
pro
cop PERF
num
adv
pro
n PL SP ESS
n OBL GEN
prt
pro PL
coordconn
n
v ENT
v AOR
n OBL AD ESS
n
interrog
dem GEN
v AOC
v AOC
adj
dem
v AOC
n ERG
dem
cop
pro AND;FOCUS
interrog
adv
v AOC
pers
cardnum
n
n PL
pro
adv
n PL OBL DAT
v INF
v ENT
nprop DIR DAT
n
pro
v IMPF
pro AND;FOCUS
n PL
adv
n AND;FOCUS
pro
cardnum
n AND;FOCUS
n
@@@
n
v AOC
v AOP COND
pro DAT
cardnum
pro
n OBL SP EL
num
pro
poss GEN
pro
v IMPF
v ENT
v ENT
poss
n
n
pro
num
n
cop PERF
n OBL GEN
v ENT
poss
v FUT
pro
pers
adj
v IN
subordconn DAT
n IN EL
pro DAT
n OBL GEN
n OBL DAT
n OBL PT ESS AND;FOCUS
pro DAT
nprop DIR DAT
v ENT
pro
n
n
pro
n
cardnum
v AOR
v IMC
v ENT
n PL AND;FOCUS
n PL
v ENT
adj
n
dem
interj
prt
v AOC
n
v AOC
dem
coordconn
v IN
n
n
n OBL DAT
@@@ NEG
num
n
dem
n OBL AD ESS
n
pro OBL GEN
n
cardnum
cardnum
n
dem
n ERG
n OBL SB EL
n
n
n PL
v AOP TEMP
pro
n
pro
n OBL AD EL
pers
coordconn
n
n OBL AD EL
v AOC
n
pro
v AOC
n AND;FOCUS
v IMPF
n
conn
n AND;FOCUS
adj
n
n OBL SP ESS
pro ABS
v AOC
@@@ AOR
n IN ESS
n GEN ERG GEN
v FUT
n
n OBL DAT
adv
n IN EL
n OBL PT ESS AND;FOCUS
v AOR
n
n OBL DAT
pro
n
pers DAT AND;FOCUS
n AND;FOCUS
v AOC
adj
v ENT
v ENT
n
@@@ IT.WILL.BE.DONE
n OBL GEN
v FUT PST
dem
n DAT
cardnum
n AND;FOCUS
pro
v HORT
n
pers AND;FOCUS
pro ERG
adj
cop
n OBL SP ESS
pers
IMPV
pers
v
n OBL GEN
coordconn
cardnum
dem
adv PST
adv
n OBL DAT
dem
n ERG
dem PST
num
n
n OBL GEN
cardnum
adv
v ENT
v AOC
n
adv
subordconn
pro
pro
n
dem
v
n PL
v ENT
pro
v ENT
n
pro DAT
v FUT
v ENT
cardnum
v AOC
adj
prep
@@@ COND
v AOR
v AOC
adv
v AOC
poss
n OBL SP ESS
adj
n
n OBL SP ESS
dem
dem
dem
pro
cardnum
dem
n
pro
n
prep AND;FOCUS
cardnum
n PL
n
n PL AND;FOCUS