suddenly
PL
AR.S:Ø.PFV:Ø. be:IPV:NOM
flour
CT
there
mountain
no
GIRL
in
CT
PROX. AR. ahead:ALL
NEG
INDF.O. 3PL.S:Ø.IPV:H. filet:IPV:NOM
ADVZR
for
ADVZR
3SG.S>3SG.P. for
1SG
on
moose
rope
when
NTRL. up:AR
3SG
when:PST
PL
1SG.PSR. grandmother
sympathy
but
children
be.good:IPV:NOM
PP. PEJ. NEG.PFV:1SG.S:D. not.know:IPV
3SG.S>3SG.P. with
there
quickly
OUT. 3SG.S:QUAL:Ø.IPV:H. smoke.moves:IPV:CUST
3SG
INC:QUAL:AA.PFV:Ø. 3SG.S>3SG.O. 3SG.S:QUAL:AA.PFV:H. PL.move:PFV:ERR
old.man
like
1PL.S:QUAL:Ø.PFV:L. think:IPV:NOM
AND.THEN
still
WEAPON. 3SG.S:INDF.O:QUAL:DH.PFV:D. handle.LRO:PFV:NOM
old.man
small
big
PRMB. INC:AA.IPV:1SG.S:H. handle.LRO:IPV:CUST
CT
how
3SG
etc.
while
PL
NEG
TERM. OPT:2SG.S:D. SG.go:OPT
and
3SG.S:OPT:Ø. SG.sleep:OPT
CT
2PL.O. to
NTRL. upland:AR
3SG.S>3SG.P. Ø.IPV:H. say:IPV
3SG.S>3SG.P. on
only
2SG
when
1PL.PSR. food
blueberry
people
3SG
1SG
CT
and
UP. IT. 3SG.S:QUAL:AA.IPV:Ø. SG.fly:IPV:PROG
fish
UP. DH.PFV:2SG.S:Ø. handle.PL.O:PFV:NOM
at:PNCT
IGN
and
earth
1SG.P. 3SG.S:Ø.IPV:H. say:IPV
AR.S:Ø.PFV:Ø. be:IPV
if
fish
3SG.PSR. name
3PL.P. with
COMPLETELY. 3SG.S:QUAL:DH.PFV:Ø. burn:IPV
3PL.P. to
thank.you
AND.THEN
IT. 1PL.S:INC:Ø.IPV:Ø. PL.go:IPV
and
ADVZR
3SG.S:QUAL:Ø.PFV:Ø. be.big:IPV:NOM
NEG
3PL.S. QUAL:QUAL:Ø.IPV:Ø. speak:IPV:NOM
also
upland:PNCT
also