advlizer
v OUT:AWAY 1PL.S:Ø.IPV:H.
n
n
post
verbprt
dir NTRL.
advlizer
v 3PL.O. DH.PFV:1SG.S:Ø.
v DH.PFV:1SG.S:Ø.
post 1PL.P.
v
v TERM. IT. 1PL.S:N.PFV:D.
n
v 3PL.S:Ø.IPV:D.
n 3SG.PSR.
v
proform
post
v AR.O. QUAL:Ø.IPV:2PL.S.
v
proform
n
v 3PL.S:Ø.IPV:Ø.
adv
adv
v 3SG.S:Ø.IPV:H.
advlizer
v 1PL.S. QUAL. INC:AA.IPV:Ø.
verbprt
advlizer
v
coordconn
v CONT. 3PL.S:Ø.IPV:Ø.
v CONT. 3SG.S:Ø.IPV:H.
@@@
advlizer
@@@
post
v 3PL.S:Ø.IPV:Ø.
post 2PL.P.
v IT. 1PL.S:INC:Ø.IPV:Ø.
DM
post
v
DM
n
proform
v IT. 1PL.S:AA.PFV:L.
v IT. 3PL.S:AA.IPV:D.
v INDF:3SG.S:INC. QUAL:DH.PFV:L.
mod
@@@ 3SG.S:Ø.IPV:Ø.
advlizer ADVZR
@@@ MED:AR.
v 3PL.S>3SG.P. PP.
v IT. 3PL.S:Ø.IPV:D.
v OUT. IT. 3SG.S:AA.PFV:D.
adv
n
coordconn
v 3PL.S>3SG.O. INC:AA.IPV:Ø.
nomprt
dir NTRL.
n INDF.PSR.
mod
v 3SG.S:QUAL:DH.PFV:L.
dir
v TO.TRAIL. IT. 1PL.S:N.PFV:D.
inter
v QUAL:Ø.IPV:1SG.S:H.
n
nomprt
coordconn
DM
post
adv
v AR.S. MIND. INDF.O:INC:AA.IPV:1SG.S:H.
@@@ NTRL.
@@@ NTRL.
v UP. Ø.IPV:2SG.S:Ø.
dir
coordconn
@@@ 3SG.S:OPT:Ø.
proform
@@@
v PP. DH.PFV:1SG.S:L.
post
v ?. PRMB.
v 3PL.S:Ø.IPV:D.
v UP. 3SG.S:QUAL:DH.PFV:Ø.
v IT. 1PL.S:INC:Ø.IPV:D.
@@@
adv
v 3SG.S:QUAL:OPT:L.
n
advlizer
dir NTRL.
post 3SG.P.
v 3SG.S:Ø.IPV:H.
coordconn AND.THEN
v 1SG.P. PP. QUAL:OPT:2SG.S:L.
v ?. 3SG.O. 1PL.S.
v 3PL.S:Ø.IPV:H.
verbprt
n
nomprt
adv
v 3SG.S:DH.PFV:H.
n
@@@ TERM. 3PL.S:DH.PFV:Ø.
coordconn
n
n
post
n
coordconn AND.THEN
v 3PL.S:Ø.IPV:Ø.
v
v
DM
n
post 1PL.P.
post
advlizer
v 3SG.S>3SG.P. Ø.IPV:H.
verbprt
coordconn AND.THEN
v 3SG.S>3SG.P. Ø.IPV:H.
v IT. 3SG.S:Ø.IPV:Ø.
imp
@@@
n
post RECP.P.
n 3SG.PSR.
n 1SG.PSR.
post
v AWAY. INDF. 3SG.S:N.PFV:L.
advlizer
adv
n 3SG.S>3SG.PSR.
adv
v 3SG.S>3SG.P. Ø.IPV:H.
n REFL.PSR.
n
coordconn
post
v 3PL.S:Ø.IPV:L.
mod
advlizer
@@@ 3SG.S>3SG.O.
DM
v CON. QUAL:I.PFV:1SG.S:H.
advlizer
advlizer
advlizer
DM
n 3SG.PSR.
v 3SG.S>3SG.P. Ø.IPV:H.
post
n
v QUAL:OPT:2SG.S:H.
pro
dir NTRL.
v HAIR. 3PL.S:Ø.PFV:L.
v 3SG.S:INC:Ø.IPV:Ø
v UP. 3SG.S:Ø.PFV:Ø.
v 3SG.S:QUAL:DH.PFV:L.
n
post
n
advlizer
n 1SG.PSR. AA.PFV:Ø.
cardnum
v INC. DH.PFV:1SG.S:Ø.
v 3SG.S:AA.IPV:L.
adv
n
v QUAL:Ø.IPV:2SG.S:Ø.
n 1SG.PSR.
@@@
adv
adv
post 3SG.S>3SG.P.
n
advlizer
v 3SG.S:Ø.PFV:Ø.
v 3PL.S:Ø.IPV:L.
dir MED.
coordconn
n
adv
n 3PL.P.
v 3PL.S>3SG.P. UP. INDF:INC. 3SG.S:AA.PFV:H.
n
v IT. 3PL.S. INC:Ø.IPV:D.
@@@
@@@ NTRL.
v TERM. IT. 1PL.S:N.PFV:D.
dir NTRL.
n
coordconn
nomprt
v ?. 3PL.S:Ø.IPV:D.
advlizer
post 1SG.P.
adv
advlizer
advlizer
@@@ TERM. 1SG.O. 3PL.S. 3SG.S:QUAL:AA.PFV:H.
adv
v 3SG.S:AA.IPV:Ø.
v IT. 3SG.S:INC:DH.PFV:D.
@@@ AR.S:Ø.PFV:Ø.
adv
v 3SG.S:QUAL:DH.PFV:L.
post 1SG.P.
adv
post 3SG.S>3SG.P.
coordconn
adv
proform
n 1SG.PSR.
n 1SG.PSR.
coordconn
advlizer
coordconn
n
n
inter
v OUT. 3PL.S:AA.PFV:Ø.
dir
interj
mod
advlizer
n
adv
post
v PRMB. 3PL.S. INC:Ø.IPV:D.
n
v DANCE. 3PL.S:Ø.IPV:L.
v INC:OPT:1SG.S:Ø.
v 3SG.S:Ø.IPV:H.
n 1SG.PSR.
v 3SG.S:INC:AA.IPV:Ø.
@@@
coordconn
n
coordconn
advlizer
v
n
v AR.S:Ø.PFV:Ø.
v 1PL.S:Ø.IPV:L.
v ASHORE. IT. 1PL.S:INC:Ø.IPV:Ø.
v
v 3PL.S. N.PFV:Ø.
v
@@@
coordconn
advlizer
v
advlizer
pro
dir
v 3SG.S>3SG.O. QUAL:Ø.IPV:H.
post 1PL.P.
v 1PL.S. QUAL:Ø.IPV:H.
nomprt
v QUAL:Ø.IPV:1SG.S:Ø.
v 3PL.S:Ø.IPV:Ø.
inter
post 3PL.P.
coordconn
post
n
dir NTRL.
dir MED.
v 1PL.S:OPT:Ø.
v INTO.WATER. 3SG.S>3SG.O. 3SG.S:AA.PFV:H.
adv
post 3PL.S>3SG.P.
n
adv
post 3SG.S>3SG.P.
v IT. 3SG.S:AA.IPV.
v IT. 2SG.O. N.PFV:1SG.S:H.
n
adv
@@@
n 2SG.PSR.
n
adv 3PL.S:INC:Ø.IPV:Ø.
nomprt
nvp 3SG.O.
v 3SG.S:QUAL:Ø.PFV:Ø.
nvp
n
v OUT. IT. INDF.O. 3SG.S:QUAL:DH.PFV:L.
proform
@@@
adv
@@@ TERM.
v
advlizer ADVZR
post
coordconn AND.THEN
v PEJ. QUAL:Ø.PFV:1SG.S:L.
n 2SG.PSR.
post
v AR.S:Ø.PFV:L.
post
post
post 3SG.P.
v 3PL.S>3PL.O. QUAL:Ø.IPV:Ø.
v 3SG.S>3SG.P. Ø.IPV:H.
v 3PL.S:Ø.IPV:Ø.
n
n
n 1SG.PSR.
@@@
post
v 3SG.S:DH.PFV:Ø.
v
post
mod
n
v 2PL.O. TRADE. INC:QUAL:AA:IPV:1SG.S:H.
post
v INC:AA.IPV:2SG.S:Ø.
v IT. 3SG.S:AA.PFV:H.
v 1PL.S:Ø.IPV:Ø.
verbprt
v OUT. HEAD. 3SG.S:AA.PFV:Ø.
advlizer
v 3SG.S:AA.IPV:L.
v 3PL.S:AA.IPV:Ø.
v 3SG.P. QUAL:Ø.IPV:1SG.S:Ø.
post
coordconn
proform
post
proform
advlizer
v INC:OPT:1SG.S:Ø.
advlizer
adv
v IT. DH.PFV:1SG.S:L.
coordconn
proform
n
coordconn AND.THEN
advlizer
v 3PL.P. EXTERMINATE. INDF.O:AA.PFV:Ø.
coordconn
v IT. INC:QUAL:Ø.IPV:D.
post
v 3PL.S:Ø.IPV:H.
post
dir
advlizer
post
n
post
coordconn
v 3PL.S:Ø.IPV:Ø.
n
proform
v 3SG.P. PP. 1PL.S. QUAL:NEG.PFV:L.
v
n
v PP. INDF.O:INC:AA.IPV:2PL.S:H.
coordconn
n
@@@ 3PL.S:Ø.IPV:Ø.
@@@ ADJC.
advlizer
advlizer
post 3PL.P.
advlizer
advlizer
v Ø.IPV:2SG.S:H.
adv
n
v CONT. INDF.O:Ø.IPV:2PL.S:Ø.
n INDF.PSR.
post 1SG.P.
post 3PL.P.
inter
n
v 3PL.S>3SG.O. Ø.IPV:Ø.
v 3SG.S>3SG.O. N.PFV:Ø.
@@@
v 3SG.S>3SG.P. Ø.IPV:H.
nomprt
adv
v
coordconn
post
v IT. 3PL.S. INC.DH.PFV:D.
v COMPLETELY. MOUTH INC. QUAL:Ø.IPV:1SG.S:H.
DM
coordconn
proform
adv
post
@@@
mod
adv
v 3PL.S.
v OUT. 3PL.O. 3PL.S. INC:AA.IPV:Ø.
@@@ NTRL.
proform
v 3SG.S:QUAL:AA.PFV.
post
post
v 3SG.S:INC:DH.PFV:Ø.
v 3SG.S:INC:Ø.IPV:Ø
advlizer
advlizer
v CONT. I.PFV:Ø.
coordconn
DM
DM
v CON. INDF.O. 3SG.S:Ø.IPV:L.
post
post
n 1SG.PSR.
v 3SG.P. PP. Ø.PFV:1SG.S:D.
v IT. 1PL.S:DH.PFV:D.
post 1PL.P.
n GIRL
n
n
post
v DOWN. 3PL.S:N.PFV:Ø.
coordconn AND.THEN
@@@
advlizer
n
n
proform
adv
advlizer
n 3SG.PSR.
verbprt
DM
dir
post
proform
n
adv
advlizer
adv
post 3SG.P.
post 3PL.S>3SG.P.
post 3PL.P.
n
adv
proform
n 1SG.PSR.
coordconn
advlizer
verbprt
n
v AR.S:Ø.PFV:Ø.
v 3PL.S:Ø.IPV:H.
v 3PL.S:Ø.IPV:Ø. NEG.PFV:1SG.S:D.
v PRMB. 1PL.S:INC:Ø.IPV:D.
nomprt
n
proform
@@@
nomprt
adv
coordconn
v 1PL.S:INC:Ø.IPV:Ø.
dir NTRL.
proform
n
n
coordconn AND.THEN
n 1SG.PSR.
v IT. 3SG.S:QUAL:Ø.IPV:L.
@@@
adv
v INC:AA.IPV:1SG.S:Ø.
post
coordconn
n
@@@
nomprt
@@@ 3PL.P.
adv
coordconn
dir
v 3SG.S>AR.O:DH.PFV:H.
post
adv
coordconn
nvp
@@@ 3SG.S:AA.PFV:H.
adv THERE
v 3PL.S:Ø.IPV:Ø.
v QUAL:AA.IPV:2PL.S:Ø.
v AWAY. 3PL.S. INDF.S:QUAL:DH.PFV:L.
DM
v
post
advlizer ADVZR
@@@ 1PL.S:QUAL:DH.PFV:L.
n
dir
nomprt
v TERM. IT. 3SG.S:N.PFV:D.
n
DM
proform
v 3PL.S:Ø.IPV:H.
v IT. 1PL.S:INC:Ø.IPV:D.
@@@
advlizer
proform
n
v IT. INC:QUAL:Ø.IPV:2PL.S:D.
n
v PRMB. INC:Ø.IPV:1SG.S.
advlizer
n
advlizer
v IT. DSTR. INDF.O. 1PL.S:AA.PFV:Ø.
v QUAL:Ø.IPV:1SG.S:Ø.
n
adv
nomprt
post
DM
post
n
DM
v AR.O. QUAL:Ø.IPV:2SG.S:H.
DM
adv
n ?.
adv
adv
adv
coordconn
post
n
v 3SG.S:CON:Ø.IPV:Ø.
n
n
adv
proform
post
v 3SG.P. HANDING.TO. AA.IPV:1SG.S:Ø.
v
nvp
post 1SG.P.
advlizer
coordconn AND.THEN
v 3SG.P. QUAL:Ø.IPV:2SG.S:Ø.
advlizer ADVZR
v AR.S:DH.PFV:D.
DM
adv
coordconn
nomprt
n
v 3SG.S>3SG.P. Ø.IPV:H.
advlizer
v 3SG.S:AA.PFV:Ø.
v AA.IPV:2PL.S:Ø.
v 3SG.S>3SG.O. QUAL:AA.PFV:Ø.
advlizer
@@@ UP. 3SG.S:DH.PFV:Ø.
@@@ NTRL.
adv
v 1PL.S:Ø.PFV:Ø.
post 3SG.P.
coordconn
@@@
verbprt
post
advlizer
n 3PL.PSR.
v 3PL.S:Ø.IPV:Ø.
v CONT. I.PFV:2SG.S:Ø.
adv
v ?. Ø.IPV:1SG.S:L.
n
v 1PL.S:QUAL:Ø.PFV:Ø.
DM
adv
nomprt
n
proform
post
adv
dir
@@@
v 1PL.S:Ø.IPV:Ø.
adv
DM
post 3SG.S>3SG.P.
n 1PL.PSR.
post
nomprt
adv
nomprt
post
nomprt
inter
advlizer
n
coordconn
n
coordconn
inter
v 1SG.O. N.IPV:2SG.S:Ø.
v
n
n
n 1SG.P.
v ?. PEJ. 3PL.S:Ø.IPV:D.
nomprt
proform
post
coordconn AND.THEN
@@@
inter
advlizer
n
nomprt
adv
adv
DM
coordconn
adv
nomprt
n
n 3SG.PSR.
v
adv
coordconn
nomprt
dir
v
advlizer
v OUT. OPT:1SG.S:Ø.
nomprt
post
v TERM. 3SG.S:N.PFV:Ø.
proform
v 3SG.S:DH.PFV:L.
@@@ REFL.PSR.
adv
v IT. 3SG.S>3SG.O. INC:Ø.IPV:Ø.
v 3PL.S. QUAL:Ø.IPV:Ø.
v ?. QUAL. 3PL.S:AA.PFV:H.
v 3SG.S:Ø.PFV:Ø.
proform
n
proform
v TIRED. 3SG.S:INC:DH.PFV:D.
v 1PL.O. 3SG.S:Ø.IPV:H.
v 3PL.S>3SG.P. Ø.IPV:H.
post 1SG.P.
n
post
advlizer
v 3PL.S. INC:DH.PFV:Ø.
dir QUAL:Ø.IPV:Ø.
interj
v PP. PEJ. 3PL.S:Ø.IPV:D.
n
n 2SG.PSR.
dir NTRL.
v 3SG.P.
dir
v TERM. IT. 3PL.S>3PL.O. QUAL:DH.PFV:L.
n
v 1SG.P. 3PL.S:Ø.IPV:Ø.
coordconn
post
v
n
post
v D.
v IT. 3SG.S:QUAL:AA.IPV:Ø.
v IT. INC:OPT:1SG.S:D.
v PP. INC. QUAL:AA.IPV:2PL.S:Ø.
v MED. QUAL:DH.PFV:L.
adv
proform
@@@ QUAL:Ø.PFV:1SG.S:Ø.
@@@
coordconn
mod
v AR.S:Ø.PFV:Ø.
advlizer
coordconn
n
v 3SG.S:AA.PFV:Ø.
@@@
dem
post
v
v
v 3SG.S>3SG.P. Ø.IPV:H.
advlizer
coordconn
v UP. Ø.IPV:2SG.S:Ø.
v 3SG.S:Ø.PFV:Ø.
n
advlizer
v 3SG.S:Ø.IPV:H.
v UP. Ø.IPV:1SG.S:Ø.
v AWAY. IT. INC:AA.IPV:1SG.S.
n
@@@
interj
v 3SG.S>3SG.P. Ø.IPV:H.
inter
v 3SG.P.
v HAND. 3SG.S>3SG.O. QUAL:N.PFV:Ø.
v
v 3SG.S:Ø.PFV:Ø.
dir MED.
advlizer
v QUAL:Ø.IPV:1SG.S:Ø.
coordconn
@@@
proform
@@@ 3PL.S. INC:DH.PFV:Ø.
verbprt
n 1SG.PSR.
advlizer
advlizer ADVZR
advlizer
advlizer
@@@ 1SG.O.
v AR.S:Ø.PFV:Ø.
v TO.SIDE. QUAL. DH.PFV:1SG.S:L.
v QUAL:Ø.IPV:1SG.S:Ø.
nvp INDF.
nomprt
n
coordconn AND.THEN
coordconn
nomprt
post 3PL.S>3PL.P.
n 1SG.PSR.
n
adv
n 1SG.PSR.
@@@ 1SG.O.
v PRMB. 3SG.S:INC:Ø.IPV:D.
adv
n
post
coordconn
adv
@@@
mod
v TERM. IT. 3SG.S:INC:AA.IPV.
advlizer
n
v QUAL. QUAL:Ø.PFV:1SG.S:Ø.
coordconn
v 3SG.S:QUAL:QUAL:Ø.IPV:Ø.
post
coordconn
v IT. 3SG.S>3SG.O. INC:QUAL:DH.PFV:Ø.
DM
v 3SG.S:QUAL:Ø.IPV:L.
n GIRL
n 1PL.PSR.
coordconn AND.THEN
adv
n 2SG.P.
mod
advlizer
post INDF.P.
n
DM
@@@
v 1PL.S:INC:AA.IPV:Ø.
n
advlizer
v CONT. IT. INDF.O. 3PL.S. QUAL:Ø.IPV:Ø.
n
@@@ AS.WELL
n 1SG.PSR.
@@@ REFL.PSR.
advlizer
adv
v PP. N.PFV:Ø.
post 3SG.P.
v INTO.HOLE. 3PL.S:Ø.IPV:Ø.
v PEJ. AR:Ø.PFV:1SG.S:H.
advlizer
proform
v 3SG.S:DH.PFV:Ø.
v Ø.PFV:1SG.S:Ø.
post 3PL.S>3SG.P.
DM
v
interj
coordconn
post
cardnum
n
post
v IT. 3PL.S:Ø.IPV:D.
post 2PL.P.
dir NTRL.
v OUT. 1PL.S:QUAL:AA.PFV:Ø.
post
n
n INDF.PSR.
mod
proform
v IT. 3SG.S:DH.PFV:H.
n
post
v 3SG.S:QUAL:DH.PFV:Ø.
adv
coordconn
n GIRL
v INSIDE. N.IPV:2SG.S:Ø.
adv
v IT. 1PL.O. 3PL.S:INC:Ø.IPV:Ø.
nomprt
post 3SG.P.
dir MED.
advlizer
v IT. AA.PFV:1SG.S:D.
v
v PP. 3PL.S. INC:QUAL:AA.IPV:Ø.
advlizer
advlizer
v 3PL.S:Ø.IPV:Ø.
v 1SG.P. 3SG.S:Ø.IPV:H.
mod
inter
verbprt
v QUAL:I.PFV:L
pro
coordconn AND.THEN
proform
n 1SG.PSR.
v 1PL.S:Ø.IPV:D.
@@@ 3PL.S:DH.PFV:H.
post
n
v AR.S:Ø.PFV:Ø.
v 3SG.S>3SG.P. Ø.IPV:H.
mod
n
post 3SG.P.
coordconn
n
DM
n
n
adv
post
adv
adv
n
v PP. PEJ. NEG.PFV:1SG.S:D.
v 3SG.S:AA.PFV:Ø.
v 3SG.S:INC:AA.IPV:H.
v 1SG.PSR.
advlizer
v
coordconn
coordconn
advlizer ADVZR
v 1SG.P. 3SG.S:Ø.IPV:H.
n
@@@ INC:Ø.IPV:D.
v QUAL:Ø.IPV:1SG.S:Ø.
post
v CONT. 3PL.S:Ø.IPV:H.
DM
v 1SG.P. 3SG.S:Ø.IPV:H.
coordconn
adv
v IT. 3SG.S:AA.IPV:D.
advlizer
advlizer
n 1PL.PSR.
verbprt
post
v 3SG.S:Ø.IPV:H.
post 1SG.P.
v 3SG.S:Ø.IPV:Ø. 3PL.S. INC:QUAL:AA.IPV:Ø.
v QUAL:Ø.PFV:1SG.S:Ø.
n 3PL.PSR.
n
v 3PL.S:QUAL:DH.PFV:L.
v INC:AA.IPV:1SG.S:Ø.
post 1SG.P.
post
v AR.S:Ø.PFV:Ø.
v INDF.PSR.
coordconn
proform
post
v 3SG.S:QUAL:I.PFV:H.
v 3PL.S:Ø.IPV:Ø.
v AR.S:Ø.PFV:Ø.
post
proform
coordconn
inter
n
adv
adv
coordconn
v IT. INC:QUAL:DH.PFV:D.
adv
n 1SG.PSR.
adv
advlizer
@@@ REFL.PSR.
coordconn AND.THEN
v 3SG.S:Ø.IPV:Ø.
post
advlizer
post 3PL.P.
pro
n
v 3SG.S:QUAL:DH.PFV:Ø.
DM
v 3SG.S:Ø.IPV:H.
adv
n
v AR.S. QUAL:Ø.IPV:L.
coordconn
adv
nomprt
adv
post
DM
proform
advlizer
post 1PL.P.
coordconn
adv
v
post
v
proform
n
coordconn
post
dir MED.
v
proform
advlizer
mod
post
n
post
post
post
coordconn
v 3SG.S>3SG.P. Ø.IPV:H.
DM
adv
n
v OUT. INDF:3SG.S:INC. AA.PFV:Ø.
n REFL.PSR.
coordconn
v TERM. IT. 3SG.S>3SG.O. N.PFV:L.
@@@ 1SG.PSR.
post
@@@ 3PL.S. QUAL:DH.PFV:L.
adv
post
n INDF.PSR.
@@@
proform
adv
verbprt
post
v 1SG.P. 3SG.S:Ø.IPV:H.
coordconn
post 3SG.P.
dem
advlizer
post 1SG.P.
v 3PL.S. QUAL:DH.PFV:Ø.
n REFL.PSR.
v IN.CIRCLE. 3SG.S:INC:Ø.IPV:L.
v 3SG.S>3SG.O. Ø.IPV:H.
verbprt
v 3SG.S>3SG.P. Ø.IPV:H.
n 3PL.P.
nomprt
coordconn AND.THEN
n
post 3PL.P.
nomprt
advlizer ADVZR
adv
adv
n
coordconn
v UP. 3PL.S:DH.PFV:Ø.
post
advlizer
@@@ ACROSS. N.PFV:Ø.
n
advlizer
adv
post
v 3PL.S>3SG.P. Ø.IPV:H.
dir NTRL.
v 3PL.S:Ø.IPV:Ø.
v 3SG.S>3SG.P. Ø.IPV:H.
v TERM. 1PL.S:Ø.IPV:D.
DM
v 3SG.P. CON:DH.PFV:Ø. INC:DH.PFV:Ø.
coordconn
coordconn
coordconn
adv
adv
v 3PL.S>3SG.O.
adv
n 3PL.P.
n 1SG.PSR.
n
adv
n
@@@ 3SG.P.
v QUAL:Ø.IPV:Ø. QUAL:AA.PFV:1SG.S:L.
v INC. DH.PFV:1SG.S:H.
n GIRL
v
advlizer
n
post 3PL.P.
coordconn AND.THEN
v 1PL.S:QUAL:Ø.PFV:Ø.
@@@
post
v FULL. IT. INC:QUAL:DH.PFV:Ø.
post
coordconn
n 3SG.PSR.
n
@@@ NTRL.
n
v PRMB. 3SG.S:INC:DH.PFV:H.
advlizer
advlizer
n GIRL
v CONT. OPT:1SG.S:Ø.
proform
proform
v QUAL:OPT:2SG.S:H.
coordconn
advlizer
nvp
post
n 1SG.PSR.
nomprt
post
v 3PL.P. PP. PRETEND. INDF.S:QUAL:DH.PFV:L.
@@@
@@@ AND
post 3PL.P.
n
inter
adv
inter
coordconn
coordconn
v DANCE. 3PL.S:Ø.IPV:L.
adv
post
v ?. PP. 3SG.S:N.PFV:D.
adv
advlizer
post
post 3SG.P.
v 3SG.S:AA.PFV:H.
coordconn AND.THEN
nomprt
v 1PL.S. QUAL:QUAL:Ø.IPV:D.
v QUAL:Ø.PFV:1SG.S:Ø.
post
@@@
n
n
post
v AR.S:Ø.PFV:Ø.
adv
dir
post 3SG.S>3SG.P.
mod
n
v AR.O. QUAL:Ø.IPV:2PL.S.
post 3SG.S>3SG.P.
v INC:AA:IPV:H.
n
v INDF.S. AR. QUAL:DH.PFV:L.
adv
v DH.PFV:1SG.S:Ø.
n
post 2PL.P.
coordconn
coordconn
v 3SG.S:QUAL:QUAL:Ø.IPV:Ø.
adv
adv
verbprt
coordconn
v 3SG.S>3SG.P. Ø.IPV:H.
mod
v RECP.P. 1PL.S. CON. 1PL.S:QUAL:DH.PFV:L.
DM
v 1PL.O. 3PL.S:INC:Ø.IPV:Ø.
advlizer
v 3SG.S:AA.IPV:Ø.
proform
n
coordconn
n
DM
coordconn
nomprt
advlizer
advlizer
v AWAY. 2PL.O. 3SG.S:INC:AA.IPV:Ø.
v AR.S. INC:AA.IPV:Ø.
@@@ REFL.PSR.
advlizer
coordconn
advlizer
post
v 3SG.S:DH.PFV:L.
adv
v DH.PFV:1SG.S:Ø.
post 1SG.P.
v QUAL:Ø.PFV:2SG.S:Ø.
inter
dir NTRL.
v
v TERM. IT. 3SG.S:N.PFV:D.
advlizer ADVZR
v 3PL.S:Ø.IPV:L.
v PRMB. INC:Ø.IPV:D.
advlizer
coordconn
proform
n
post 3SG.S>3SG.P.
coordconn
n
n
adv
n
v 3SG.S>3SG.P. Ø.IPV:H.
coordconn
adv
dir
@@@ 2SG.P.
n INDF.PSR.
coordconn
post
n
post 3SG.S>3SG.P.
advlizer
dir MED.
adv
v 3SG.S:AA.PFV:H.
post
n
n DOG.
n
v CONT. 3SG.S:INC:DH.PFV:H.
coordconn
coordconn
verbprt
interj
advlizer
adv
adv
coordconn
adv
adj
post
adv
adv
proform
post
coordconn
advlizer
pro
v 3SG.S>3SG.O. QUAL:AA.PFV:Ø.
adv
n 2SG.PSR.
post
coordconn
post
n 3SG.PSR.
v OUT. 3SG.S:AA.PFV:H.
@@@ TERM.
@@@
advlizer
pro
v CONT. SKIN. 3SG.S:DH.PFV:H.
v 3SG.S:Ø.PFV:H.
coordconn
coordconn
@@@
n
verbprt
pro
v 3SG.S:DH.PFV:Ø.
v 3SG.S>3SG.P. Ø.IPV:H.
@@@ 3PL.P.
proform
adv
DM
n
v 3SG.S>3SG.P. 3SG.S:Ø.IPV:H.
DM
DM
verbprt
v 3SG.PSR.
verbprt
post
coordconn AND.THEN
DM
adv
mod
DM
n
n
n GIRL
n
post
nomprt
DM
v CMPL. 3PL.S:Ø.PFV:L.
v 3SG.S>3SG.O. QUAL:Ø.IPV:H.
dir AR.
inter
@@@ TERM. AR.S:DH.PFV:D.
post
coordconn AND.THEN
post
n 3SG.S>3SG.PSR.
post
verbprt
advlizer
v CON. 3PL.S. QUAL:I.PFV:H.
DM
dir MED.
post
@@@ OPT:1SG.S:Ø.
post 3PL.P.
nomprt
coordconn
proform
coordconn
n
v 3SG.PSR.
n 1SG.PSR.
pro
n
v CONT. 3PL.S. N.PFV:Ø.
v
post
mod
post 3SG.S>3SG.P.
dir NTRL.
v
v 1PL.O. 3SG.S:QUAL:Ø.IPV:H.
post 3SG.P.
nomprt
v 3SG.S:QUAL:Ø.PFV:L.
post
coordconn
mod
mod
v IT. 1PL.S:Ø.IPV:D.
@@@ NTRL.
v OPT:1SG.S:L.
adv
post
adv
nomprt
v 3SG.S:Ø.IPV:H.
n
adv
post
v QUAL:Ø.IPV:1SG.S:Ø.
n
v 3SG.S:N.PFV:Ø.
n
dir
post
n
n REFL.PSR.
coordconn
advlizer
post 2PL.P.
post
v 3SG.S:INC:DH.PFV:L.
proform
v IT. 3SG.S:Ø.IPV:Ø.
n 2PL.PSR.
v
mod
v 1PL.O. CON. 3PL.S:Ø.IPV:D.
v 3SG.S>3SG.P. Ø.IPV:H.
coordconn
DM
mod
proform
n 3SG.S:INC:AA.IPV:D.
coordconn
v
v 3PL.S>3SG.O. QUAL:Ø.IPV:H.
advlizer ADVZR
v
v OPT:2PL.S:Ø.
nomprt
post
v OUT. IT. 3SG.S:INC:Ø.IPV:D.
adv
post 3SG.P.
v AR.S:Ø.PFV:Ø.
v UPLAND. 3SG.S:Ø.PFV:Ø.
n
mod
dir NTRL.
n 3PL.P.
advlizer
n 1SG.PSR.
advlizer
adv
mod
n
post
adv
v 3PL.S:QUAL:DH.PFV:L.
proform
v 3SG.P. QUAL:Ø.IPV:1SG.S:Ø.
dir
adv
dir
@@@
adv
@@@
v QUAL:Ø.IPV:2SG.S:H.
advlizer
dir
n
v INTO.FIRE TO. 3SG.S>3SG.O. QUAL:AA.PFV:Ø.
post
adv
v 3SG.S>3SG.P. Ø.IPV:H.
verbprt
n
post
advlizer
n
coordconn
@@@
v 3PL.S:Ø.PFV:Ø.
post
n
v 3PL.S:DH.PFV:Ø.
@@@
advlizer
@@@
n INDF.PSR.
v 3PL.S>3SG.P. INSIDE. INDF.O:AA.PFV:Ø.
post
v
n
nomprt
advlizer
v 3PL.S:QUAL:DH.PFV:L.
coordconn
n
n
v 3SG.O. PP. DH.PFV:1SG.S:L.
v 3SG.S>3SG.O. 3PL.S:Ø.IPV:Ø.
post
dir
n
@@@ INDF.PSR.
v AR.S. INC:DH.PFV:Ø.
nvp
v IT. 1PL.S:INC:DH.PFV:Ø.
adv
dir DSTL. MED.
v 3SG.S:AR. QUAL:Ø.IPV:H.
advlizer
@@@ 3PL.P.
dir
advlizer
v IT. 1PL.S:INC:OPT:D.
v 3SG.S:QUAL:DH.PFV:Ø.
post
post
coordconn
v AA.IPV:2PL.S:Ø.
v 1PL.S:N.PFV:Ø.
post
post
v QUAL. 1PL.S:INC:AA.IPV:Ø.
adv
post 2PL.P.
nomprt
advlizer
v CONT. 3PL.S:Ø.IPV:Ø.
n
n REFL.PSR.
@@@ INC:AA.IPV:Ø.
n
post
n 1SG.PSR.
coordconn
DM
coordconn
v AR.O. 3SG.S:N.PFV:Ø.
coordconn
v DROWN. 3SG.S:N.PFV:Ø.
adv
@@@ 3SG.S>3SG.O. QUAL:DH.PFV:H.
post
advlizer
dir NTRL.
n 3SG.PSR.
post
n
post
v TERM. 3SG.S:Ø.IPV:Ø.
post
v
adv
n INDF.PSR.
n INDF.PSR.
pro
v 1SG.P. MOUTH 3SG.S:N.PFV:Ø.
v CONT. 3SG.S:I.PFV:Ø.
v INDF.S:AA.PFV:D.
advlizer
post
coordconn
v AA.IPV:2PL.S:Ø.
proform
@@@
n GIRL
post
coordconn
v 3SG.S:N.PFV:Ø.
v 3PL.S:Ø.PFV:Ø.
v 3SG.S:AR.O:Ø.IPV:H.
advlizer
interj
proform
nomprt
adv
coordconn
proform
post 3PL.S>3SG.P.
n INDF:3SG.S:INC.
n
adv
v RECP.O. CON. 1PL.S:QUAL:DH.PFV:L.
v
v 3SG.S:QUAL:AA.PFV:Ø.
proform
dir NTRL.
nomprt
verbprt
adv
pro
@@@ AND
post RECP.P.
proform
adj
v 3SG.S>3SG.P. Ø.IPV:H.
v INDF.O. QUAL:OPT:1SG.S:Ø.
post INDF.PSR.
adv
DM
n
coordconn
v ON.TRAIL Ø.IPV:2PL.S:Ø.
dir NTRL.
advlizer
advlizer
v 3SG.S>3SG.P. Ø.IPV:H.
v 3SG.S:QUAL:AA.PFV:Ø.
v IT. 1PL.S:INC:Ø.IPV:D.
n
advlizer
nvp
v 3SG.S:QUAL:Ø.PFV:L.
n
proform
n
coordconn AND.THEN
advlizer
coordconn
advlizer
coordconn
@@@
quant ALL
verbprt
post
v 3SG.S>3SG.P. Ø.IPV:H.
adv
v TERM. Ø.IPV:1SG.S:Ø.
adv
v 3PL.P. 3SG.S:Ø.IPV:H.
v TERM. 3SG.S:QUAL:N.PFV:Ø.
post 1PL.P.
n
post
v
adv THERE
v 3PL.P. PP. INC:QUAL:AA.IPV:2PL.S:H.
dir NTRL.
n 3SG.S>3SG.PSR.
v 3SG.S>3SG.P. Ø.IPV:H.
n
DM
post
v PRMB. INC:Ø.IPV:H.
post
v
proform
verbprt
n 1SG.PSR.
adv
coordconn
n
proform
mod
n 2SG.PSR.
advlizer
advlizer
@@@ 3PL.S.
DM
v AR.S:Ø.PFV:Ø.
v 3SG.S>3SG.P. Ø.IPV:H.
coordconn
coordconn
v 3SG.S:DH.PFV:Ø.
coordconn AND.THEN
dir
adv
adv
v Ø.IPV:1SG.S:H.
cardnum
nomprt
nomprt
nomprt
adv
v 3PL.S>3SG.P. SURROUNDING QUAL:AA.PFV:H.
post
dir AR. NTRL.
adv
advlizer
verbprt
advlizer
verbprt
n 1PL.PSR.
v 3SG.S:DH.PFV:H.
v 3PL.S. QUAL:QUAL:Ø.IPV:Ø.
v 3SG.S:Ø.IPV:H.
inter
advlizer
n
n 2PL.PSR.
coordconn
proform
advlizer
n
n
v 3PL.S. N.PFV:Ø.
v
n
proform
post
v TIRED. 3SG.S:INC:DH.PFV:D.
n
n
n
adv
n 3PL.PSR.
n
coordconn
v AR.S:DH.PFV:D.
coordconn AND.THEN
n
n 1SG.PSR.
cardnum
v INDF.S. 3SG.S>3SG.O. QUAL:AA.IPV:Ø.
post
v AR.O. QUAL:Ø.IPV:2PL.S.
v 3SG.P. PP. AR.S:Ø.PFV:Ø.
post
post
adv
v 3PL.S. INC:DH.PFV:Ø.
adv
post
imp
advlizer
interj
@@@
dir
v 1PL.P. 3SG.S:Ø.IPV:H.
advlizer
v SPEECH. 3SG.S:QUAL:Ø.IPV:L.
adv
cardnum
post 3PL.S>3SG.P.
v 3SG.S:OPT:Ø.
post 1SG.P.
n
adv
v 3SG.S>3SG.P. Ø.IPV:H.
v 3PL.S. N.PFV:Ø.
coordconn
advlizer
n 1SG.PSR.
coordconn
nomprt
v 1PL.S:QUAL:Ø.PFV:Ø.
proform
post
proform
post 3SG.S>3SG.P.
n REFL.PSR.
adv
n
advlizer
adv
coordconn
v 1SG.PSR.
coordconn AND.THEN
verbprt
v 3SG.S>3SG.P. Ø.IPV:H.
coordconn
v 3PL.S. QUAL:Ø.IPV:H.
v 3SG.S:Ø.PFV:Ø.
dir
n
v TIRED. 3SG.S:AA.PFV:D.
advlizer ADVZR
n
v IT. SKIN. 3PL.S:Ø.IPV:H.
v WAYSIDE. 3PL.S:Ø.IPV:L.
nvp
v
v 3PL.S. CON:Ø.IPV:Ø.
@@@
n 3PL.PSR.
n
@@@
@@@ REFL.PSR.
DM
@@@ MED.
post
v INC. 3SG.S:AA.IPV:D.
adv
inter
coordconn
v
inter
coordconn 2SG.P.
v IT. 1PL.S:INC:Ø.IPV:D.
n
dir NTRL.
DM
v INDF:3SG.S:INC. 3SG.S:AA.IPV.
advlizer
@@@ 3SG.S:AA.PFV:H.
n
post
advlizer
proform
n 3SG.PSR.
post 3SG.S>3SG.P.
v
adv
proform
DM
adv
v INSIDE. N.IPV:2PL.S:Ø.
v IT:AR. INC:AA.IPV:2SG.S:L.
v 3PL.S:QUAL:Ø.IPV:H.
coordconn
v 3PL.S:Ø.IPV:H.
v 3PL.S:DH.PFV:Ø.
post
post 1SG.P.
post
n
nomprt
n
v 3SG.S:N.PFV:Ø.
v DH.PFV:1SG.S:Ø.
n
@@@
post
post
@@@
n
v 3PL.S. CON:OPT:H.
adv
@@@ TERM.
v 3PL.S>3SG.O. Ø.IPV:H.
post
v PP. 3PL.S:Ø.IPV:D.
v AR.O. INC:QUAL:AA.IPV:2PL.S:H.
coordconn AND.THEN
v 3SG.S:Ø.PFV:Ø.
n
@@@
n
n 2PL.PSR.
adv
coordconn
n
mod
v DSTR. INDF.O:1PL.S:OPT:Ø.
v TERM. 1PL.S. N.PFV:Ø.
post
v 3SG.S:INC:DH.PFV:L.
dir MED.
v QUAL:Ø.PFV:1SG.S:Ø.
post
@@@ 3SG.S:N.PFV:Ø.
v 3SG.S:AR:DH.PFV:L.
advlizer
coordconn
v
v
n
post
DM
dir NTRL.
coordconn
advlizer
@@@ 3PL.P.
n
v AR.S:Ø.PFV:Ø.
post
adv
n
post 2PL.P.
v PP. IT. MIND. INDF.O:Ø.PFV:1SG.S:H.
proform
v N.IPV:2SG.S:Ø.
v DOWN. 3SG.S:INC:AA.IPV:Ø.
n
advlizer
n
post 3PL.P.
coordconn
dir NTRL.
adv
advlizer
advlizer AND
v 3SG.S>3SG.P. Ø.IPV:H.
post 1SG.P.
@@@
adv
coordconn
dir NTRL.
post 3SG.P.
mod
v 1PL.P. 3SG.S:Ø.IPV:H.
coordconn AND.THEN
DM
v 3PL.S>3SG.O. Ø.IPV:H.
post
@@@
proform
adv
post
v 3SG.S:DH.PFV:Ø.
@@@
dir NTRL.
nomprt
verbprt
n 1SG.PSR.
n GIRL
adv
n GIRL
post 1PL.P.
proform
@@@
n 2PL.PSR.
v
nomprt
n
adv
n
@@@ AS.WELL
@@@
dir MED.
dir
n
advlizer
adv
post 3PL.P.
coordconn
n
cardnum
n
proform
coordconn
@@@ 1PL.P.
v 3SG.S>3SG.P. Ø.IPV:H.
n
v 3PL.S:Ø.IPV:Ø. 3SG.S:QUAL:DH.PFV:Ø.
dir
n 2SG.PSR.
post 1PL.P.
v PRMB. 1PL.S:INC:Ø.IPV:D.
post
advlizer
n
coordconn
n
verbprt
advlizer
n 1SG.PSR.
advlizer
proform
proform
post
coordconn AND.THEN
coordconn
v Ø.IPV:2SG.S:H.
v INDF:INC. Ø.IPV:2SG.S:H.
post
n
@@@ WHY
v
v TERM. 3PL.S. N.PFV:Ø.
mod
n
v
v 3PL.S>3SG.P. INC:AA.IPV:Ø.
v 3SG.S>3SG.P. Ø.IPV:H.
v 1SG.P. QUAL:OPT:2SG.S:Ø.
coordconn
adv
coordconn
quant ALL
v TERM. 3SG.S:N.PFV:L.
n
n
post
v 3PL.S:Ø.PFV:Ø.
@@@
v INSIDE. HEAD. 3PL.S:N.PFV:Ø.
adv
adv
post
advlizer
n
v OUT. 3PL.S:AA.PFV:Ø.
v AR.S:AA.PFV:Ø.
v Ø.IPV:2SG.S:Ø.
post
v 3PL.S. QUAL:Ø.PFV:Ø.
adv
n 3SG.PSR.
post
@@@
post
post
nomprt
advlizer ADVZR
v
advlizer
post
inter WHY
v
n
v 3PL.S:Ø.IPV:Ø.
v PRMB. 1PL.S:INC:AA.IPV:D.
@@@
@@@
v AR.S:Ø.PFV:Ø.
DM
v 3SG.S:Ø.IPV:Ø.
n INDF.PSR.
n 1PL.S:QUAL:AA.PFV:Ø.
n
post 1SG.P.
n
adv
v 3PL.S:Ø.IPV:Ø.
DM
advlizer
n
v INC. DH.PFV:2PL.S:H.
coordconn AND.THEN
@@@ INSIDE. 3SG.S:DH.PFV:Ø.
proform
n OPT:1SG.S:H.
proform
advlizer
adv
post
@@@ PRMB. 3PL.S>3SG.P. QUAL:DH.PFV:H.
v 3PL.S. QUAL:DH.PFV:H.
v IT. 1PL.S:INC:Ø.IPV:D.
n 3SG.PSR.
post 3SG.S>3SG.P.
advlizer
n
n
adv
v 3PL.S:AA.PFV:Ø.
nomprt
v
n 1SG.PSR.
@@@ 3PL.P.
coordconn AND.THEN
post
v QUAL:Ø.IPV:Ø.
n INDF.PSR.
n
v 1PL.P. 3SG.S:Ø.IPV:H.
advlizer ADVZR
adv
n
n
n
adv
pro ANYTHING
v INSIDE. INC:QUAL:DH.PFV:Ø.
coordconn
v RECP.P. TRADE. 1PL.S:QUAL:DH.PFV:L.
nvp
proform
v INSIDE. HEAD. 3PL.S:N.PFV:Ø.
n
n 3PL.PSR.
adv
@@@
advlizer
adv
@@@ MED. INC:Ø.IPV:D.
post
@@@ NTRL.
adv
proform
coordconn
n
v 3SG.S>3SG.P. Ø.IPV:H.
n
advlizer
v QUAL:Ø.PFV:1SG.S:Ø.
adv
post
v 3SG.P. PP. Ø.IPV:2SG.S:L.
adv
post 1SG.P.
nomprt
advlizer
n
v ONTO.SHORE. 3SG.S:DH.PFV:Ø.
coordconn
v 3PL.S:Ø.IPV:Ø.
advlizer
dir PROX.
DM
post
v 3SG.P. PP. IT. MIND. INDF.O:Ø.IPV:1SG.S:H.
post AGAINST?. IT. INDF.O. 3SG.S:AA.PFV:Ø.
v 3PL.S.
coordconn
adv
v OUT. 3SG.S:N.PFV:Ø.
v IT. 3SG.S:CON:DH.PFV:Ø.
proform
post
coordconn
advlizer
n
n
v 3SG.S:DH.PFV:L.
coordconn
verbprt
adv
n
v AR.S.
coordconn AND.THEN
coordconn
adv
n
n GIRL
post 3SG.S>3SG.P.
adv
coordconn
coordconn
post 3SG.P.
n
n 1SG.PSR.
nomprt
adv
adv
verbprt
DM
post
advlizer
adv
adv
post
coordconn
n
v
adv
v IT. 3PL.S. INC:Ø.IPV:D.
proform
v 3SG.S>3SG.O. INC:DH.PFV:H.
adv
@@@ REFL.PSR.
post
coordconn
verbprt
n
advlizer
@@@
nomprt
v
v 1SG.P. 3SG.S:Ø.IPV:H.
coordconn
advlizer
v 1PL.S. N.PFV:Ø.
adv THERE
v 3SG.S:AA.IPV:Ø.
post
n 1SG.PSR.
inter
adv
v 1PL.S. Ø.IPV:H.
nomprt
n
nomprt
@@@ 1PL.P.
n
@@@ TERM.
n
adv
cardnum
v OUT. 3PL.S>3SG.O. INC:AA.IPV:Ø.
advlizer
dir
inter
advlizer
v AWAY. 3SG.S:QUAL:Ø.PFV:Ø.
coordconn
inter WHY
@@@
v 3PL.S. INC:AA.IPV:D.
advlizer
n INDF.PSR.
post
dir NTRL.
post
coordconn
v TO.SIDE. DH.PFV:1SG.S:Ø.
proform
advlizer
post
n
nomprt
n
adv
advlizer
v TERM. 3SG.S:INC:AA.IPV:Ø.
v 3SG.S:Ø.IPV:H.
nomprt
DM
advlizer
post
v TERM. IT. 1PL.S. N.PFV:Ø.
DM
adv
verbprt
coordconn
v COMPLETELY. 3PL.S>3PL.O. INC:QUAL:AA.IPV:H.
@@@
post 2PL.P.
v 3SG.S>3SG.O. CON:Ø.IPV:Ø.
advlizer
n 3SG.S:N.PFV:Ø.
v TERM. N.PFV:Ø.
v
v 2SG.P.
DM
n
dir
coordconn
v 3PL.S:Ø.IPV:Ø.
inter
n
n 3SG.PSR.
n 1SG.PSR.
mod
v PP. 3SG.S:QUAL:DH.PFV:Ø.
adv
proform
v 3PL.S:AA.IPV:Ø.
v 3SG.S:OPT:Ø.
@@@ INC. N.PFV:Ø.
n
coordconn
cardnum
v 3SG.S:DH.PFV:L.
v INC:AA.IPV:1SG.S:H.
v INDF.O. OPT:1SG.S:Ø.
n
mod
@@@ INDF.O:3SG.S:QUAL. 3SG.S:QUAL:DH.PFV:D.
n
v TERM. 3PL.S:N.PFV:Ø.
v AR.S:Ø.PFV:Ø.
v 3SG.S:DH.PFV:H.
coordconn
v N.PFV:Ø. 3PL.S:DH.PFV:Ø.
proform
post 1SG.P.
@@@ MED.
v OUT. SLED. 3SG.S:N.PFV:Ø.
coordconn
coordconn
v 3SG.S:QUAL:AA.PFV.
post
v AR.S:Ø.PFV:Ø.
n INDF.PSR.
v
v
n INDF.PSR.
n INDF.PSR.
cardnum
v ?. Ø.IPV:2SG.S:D.
post
inter
DM
advlizer
n
coordconn
dir
post INDF.P.
nomprt
inter
n
post 3PL.P.
n
proform
coordconn
v 3SG.S>3SG.P. Ø.IPV:H.
cardnum
advlizer
dir NTRL.
@@@ PRMB. 3PL.S:AA.IPV:D.
post
@@@
nomprt
adv
verbprt
dir PROX.
n 3SG.PSR.
v
v DANCE. 3PL.S:Ø.IPV:L.
v QUAL:Ø.IPV:1SG.S:H.
v 3SG.S:CON. INC:DH.PFV:Ø.
post
proform
v SG.REFL.O. QUAL:Ø.IPV:1SG.S:D.
v TERM. IT. 1PL.S:INC:Ø.IPV:D.
@@@ 1PL.S:INC:DH.PFV:Ø.
proform
advlizer
adv
adv
v 3SG.S>3SG.P. Ø.IPV:H.
v 3SG.S>3SG.P. Ø.IPV:H.
DM
v 3PL.S>3SG.P. QUAL:DH.PFV:H.
advlizer
adv
@@@
v TERM. 3PL.S:N.PFV:Ø.
coordconn
post
coordconn
advlizer ADVZR
mod
DM
adv
dir MED.
adv
n
v AR.S:Ø.PFV:Ø.
post
post
advlizer
v QUAL:Ø.PFV:2SG.S:Ø.
@@@ NTRL.
v AR.O. 3SG.S:QUAL:Ø.IPV:H.
adv 3SG.S:AA.PFV:H.
adv
v
post
v TERM. IT. 1PL.S:INC:Ø.IPV:D.
adv
v
@@@ 3PL.P.
n 1SG.PSR.
v 3SG.P. QUAL:Ø.IPV:1SG.S:Ø.
inter
v ADJC. NTRL.
v 3PL.S:Ø.IPV:L.
v 3SG.S>3SG.O. AA.PFV:Ø.
dir NTRL.
coordconn
adv
adv
@@@
v 3PL.S. N.PFV:Ø.
coordconn
n 1SG.PSR.
n
v CON. 3PL.S:Ø.IPV:Ø.
n
adv
adv
post
inter WHY
adv
proform
@@@
v 3PL.S:AA.PFV:Ø.
post
adv
adv
dir
v 3SG.S:Ø.IPV:D.
post
n
inter
advlizer ADVZR
adv
dir
n
coordconn AND.THEN
n
coordconn
dir NTRL.
v 3SG.S>3SG.O. 3SG.S:QUAL:QUAL:Ø.IPV:Ø.
v 1SG.P. 3PL.S:Ø.IPV:Ø.
n
dir
verbprt
v INTO.WATER. N.PFV:Ø.
proform
coordconn AND.THEN
coordconn
v 3SG.S:Ø.PFV:Ø.
@@@
n
nomprt
v 1PL.S:Ø.IPV:Ø.
dir NTRL.
post
adv
coordconn
coordconn AND.THEN
n
n
v IT. 3SG.S:I.PFV?:D.
nvp 3PL.O.
nomprt
v AA.IPV:2SG.S:Ø.
v
v 3SG.S:AA.IPV:Ø.
adv
n
coordconn
v AA.PFV:Ø.
v PRMB. INC:Ø.IPV:1SG.S.
v 3PL.S:INC:DH.PFV:Ø.
n
n
inter
inter
DM
v 3PL.S. QUAL:AA.IPV:D.
v 3SG.P. QUAL:Ø.IPV:1SG.S:Ø.
n
advlizer
advlizer
n
n
v INC:AA.IPV:2SG.S:H.
adv
v AR.S:Ø.PFV:Ø.
adv
post
n
post
nomprt
v AA.IPV:H.
post
mod
post
v 3SG.P. QUAL:Ø.IPV:1SG.S:Ø.
v TERM. IT. 3PL.S:Ø.IPV:D.
mod
post
adv THERE
n
n
adv
n
v AA.IPV:1SG.S:Ø.
DM
post
nvp
n
advlizer
post
n 2SG.PSR.
advlizer
adv
n
n
v INDF.O:AA.PFV:D.
DM
n INDF.PSR.
@@@ 1SG.O.
post
n
adv
post
nvp
v 3PL.S:Ø.PFV:Ø.
v SPOT IT. INDF. AR. QUAL:Ø.IPV:2PL.S:L.
v QUAL:Ø.IPV:Ø. 3SG.S:QUAL:AA.PFV:H.
n
v 3SG:INC:QUAL:DH:PFV:Ø.
advlizer
DM
n
DM
n
v INTO.WATER. 3SG.S:INC:DH.PFV:Ø.
v 3PL.S:AA.IPV:Ø.
v 3SG.S:DH.PFV:H.
@@@ 3SG.S:AA.IPV:Ø.
n ?.
post
nomprt
n 3SG.PSR.
v AR.S:DH.PFV:D.
n
inter
v INTENSELY. 3SG.S:QUAL:DH.PFV:Ø.
adv
n
@@@
n
verbprt
post
dir NTRL.
n
v AR.S:Ø.PFV:Ø.
dir
v INTO.FIRE IT. 3SG.S:QUAL:AA.PFV:Ø.
n
v 3SG.PSR.
n
v 3SG.AA.PFV:H.
post
advlizer ADVZR
inter
v 1SG.O. QUAL:DH.PFV:2SG.S:H.
inter
DM
v TERM. IT. N.PFV:1SG.S:D.
n 1SG.PSR.
n
@@@
n
adv
n 1SG.PSR.
DM
v QUAL:Ø.IPV:1SG.S:H.
n
coordconn
n
v 3PL.S:Ø.IPV:Ø.
DM
proform
v 3SG.S:AA.IPV:Ø.
nomprt
n
nomprt
v 3SG.S>3SG.P. Ø.IPV:H.
proform
@@@ IT. 3PL.S:AA.IPV:D.
adv
post
n
post
n
@@@
adv
v
post
@@@ 3SG.S:OPT:D.
v 3SG.S:N.PFV:D.
dir MED.
v 3PL.S. INC:DH.PFV:Ø.
@@@
n
coordconn
adv
pro
n
@@@ 3SG.S:Ø.IPV:Ø.
coordconn
n
pro
coordconn
n REFL.PSR.
n 1SG.PSR.
n
quant ALL
v OUT. N.PFV:2SG.S:Ø.
post
proform
inter
v
coordconn
n 3SG.PSR.
v 3SG.S:Ø.IPV:H.
post
v
adv
v INC:QUAL:AA.IPV:2PL.S:H.
advlizer
v ?. PP. Ø.IPV:1SG.S:L.
post
coordconn
v TERM. 3SG.S:N.PFV:Ø.
DM
adv
adv
proform
n
@@@
v 1PL.P. PP. INDF:3SG.S:INC. N.PFV:L.
v INSIDE. N.IPV:2SG.S:Ø.
v TERM. OPT:2SG.S:D.
post 2PL.P.
v QUAL:Ø.PFV:1SG.S:Ø.
@@@ 3PL.P.
v CONT. 3PL.S:Ø.IPV:Ø.
v 3SG.S>3SG.O. PRMB. INC:DH.PFV:L.
adv
post
post
n
n
v 3SG.P. PP. Ø.PFV:1SG.S:D.
v 3SG.S:DH.PFV:Ø.
v PRMB. 3SG.S:INC:OPT.
v 3SG.S:OPT:Ø.
mod
advlizer
n 2PL.PSR.
DM
v 3SG.S:DH.PFV:H.
coordconn
v 3PL.S. QUAL:DH.PFV:L.
v AR.S:Ø.PFV:Ø.
post
DM
coordconn
coordconn
DM
v 3SG.S:DH.PFV:H.
v 3PL.S>3SG.O. INC:AA.IPV:Ø.
@@@
post
post
advlizer ADVZR
post
@@@ 3PL.P.
dem
nvp 2SG.O. CON:Ø.IPV:Ø. INC:DH.PFV:Ø.
DM
post 3SG.S>3SG.P.
adv
v 3PL.S:QUAL:Ø.IPV:H.
advlizer
post 1SG.P.
v SPOT 3PL.P. 3PL.S. QUAL:DH.PFV:L.
v 3SG.S:OPT:Ø.
nomprt
verbprt
v PRMB. INC:OPT:2SG.S.
adv
DM
DM
mod
@@@
dir NTRL.
proform
n 1PL.PSR.
n
v 3SG.S:Ø.IPV:H.
post
adv
post
n
n
mod
v 3SG.S:DH.PFV:Ø.
verbprt
inter
n
v CONT. I.PFV:2SG.S:Ø.
adv
proform
adv
advlizer
v TERM. 3SG.S:N.PFV:Ø.
n 1SG.PSR.
post 3SG.S>3SG.P.
post
n
v COMPLETELY. 3SG.S:QUAL:DH.PFV:Ø.
n
@@@ 1PL.S. 3SG.S:DH.PFV:Ø.
proform
v 1PL.S:Ø.PFV:Ø.
n 1SG.PSR.
@@@ NTRL.
coordconn
adv
adv
quant ALL
n 3SG.PSR.
post
n 3SG.PSR.
v QUAL. DH.PFV:2PL.S:L.
n
v 3SG.S:AA.IPV:Ø.
mod
@@@
post
v Ø.PFV:1SG.S:Ø.
adv
advlizer
proform
dir MED.
post
v RECP.P. 3PL.S. CON. QUAL:DH.PFV:L.
advlizer
v OPT:2SG.S:Ø.
advlizer
mod
DM
v 3PL.S>3SG.P. Ø.IPV:H.
coordconn
v AWAY. 3SG.S:N.PFV:Ø.
post
v
mod
n
v PP. INC:QUAL:AA.IPV:2PL.S:H.
v INC. QUAL:AA.IPV:2PL.S:Ø.
n
dem
DM
n
@@@ 1SG.PSR.
DM
v 3PL.S>3SG.P. CARE QUAL:Ø.IPV:H.
n 1SG.PSR.
@@@
advlizer
v 1SG.O. PP. QUAL:OPT:2SG.S:L.
v 3PL.S:AA.IPV:D.
v CONT. IT. INDF.O. 3PL.S:Ø.IPV:Ø.
nvp
DM
n 1SG.PSR.
n
nomprt
advlizer
adv
nomprt
proform
n
adv
coordconn
@@@
coordconn
v 1SG.PSR.
post
dir
adv
v INDF.O:3SG.S:QUAL. 3SG.S:QUAL:DH.PFV:D.
post
adv
post
coordconn
v TERM. IT. UP. 3SG.S>3SG.O. QUAL:DH.PFV:L.
v IT. 1PL.S:INC:Ø.IPV:D.
post
nomprt
@@@ NTRL.
proform
adv
interj
post
n
v
n
v
v 3PL.S:QUAL:DH.PFV:L.
proform
coordconn
v TO. 3PL.S>3SG.P. AA.PFV:H.
DM
adv
coordconn
n 3SG.PSR.
n
v 3PL.S:Ø.IPV:Ø.
coordconn AND.THEN
n
proform
n
proform
nomprt
v 3PL.S. QUAL:Ø.IPV:L.
n
v
DM
nvp
advlizer
nomprt
n
post
@@@ AND
post
adv
n
n
v IT. 3SG.S>3SG.O. QUAL:Ø.IPV:H.
coordconn
inter
v QUAL:Ø.IPV:Ø. QUAL:NEG.PFV:L.
advlizer
coordconn
v DH.PFV:2PL.S:H.
adv
v 3PL.S. INC:DH.PFV:Ø.
advlizer
v INDF:3SG.S:INC. AA.IPV:Ø.
DM
v PP. Ø.PFV:1SG:L.
v RECP.P. SNAGGING. 3SG.S:INC:QUAL:DH.PFV:L.
v 3SG.S>3SG.P. Ø.IPV:H.
adv THERE
n
adv
adv
cardnum
post
v
nomprt
v
adv
v 3SG.S:Ø.IPV:H.
coordconn
n
v IT. OPT:2SG:S:D.
post
post
post
post 3SG.S>3SG.P.
proform
n 2SG.PSR.
adv
v 3PL.S>3SG.O. Ø.IPV:Ø.
coordconn
dir MED.
v 3SG.S:INC:QUAL:DH.PFV:Ø.
coordconn
v 3PL.S:QUAL:DH.PFV:L.
post
v 3SG.S:Ø.IPV:Ø.
coordconn
advlizer
@@@ 3PL.P.
v 3SG.S:DH.PFV:H.
n
n
n
quant
coordconn
n
verbprt
advlizer
@@@
v
proform
v 3SG.S:CON:Ø.IPV:Ø.
n 3SG.PSR.
post
n 1SG.PSR.
nprop YAMAAGN.TEESHYAAY
n 3SG.S>3SG.PSR.
post
advlizer
proform
proform
n 3SG.PSR.
v UP. 1PL.S:DH.PFV:Ø.
adv
n 2PL.PSR.
v 3PL.P. INC. QUAL:Ø.IPV:2SG.S:Ø.
v 3PL.S>3SG.O. Ø.IPV:H.
n
post
DM
v 3PL.S>3SG.P. PEJ. 3PL.S:Ø.IPV:D.
nomprt
proform
n AR.PSR.
v 3PL.P. 3SG.S:Ø.IPV:H.
n
dir AR.
adv
advlizer
v
@@@ WHY
v OUT. AA.PFV:1SG.S:Ø.
coordconn
n
coordconn
n 1SG.PSR.
coordconn
n 3PL.PSR.
v 3PL.S. INC:DH.PFV:Ø.
dir NTRL.
coordconn
v 3SG.S:Ø.IPV:L.
adv
v AWAY. 3SG.S:QUAL:Ø.PFV:Ø.
nvp
n
verbprt
coordconn
post
n 3SG.PSR.
n
coordconn
nvp 3SG.O.
v 1PL.S:INC:AA.IPV:Ø.
mod
n REFL.PSR.
n
advlizer
@@@
post
n
v
@@@
v IT. 3SG.S:INC:DH.PFV:D.
adv
v 3SG.S>3SG.O. QUAL:Ø.IPV:H.
v 3SG.S>3SG.P. Ø.IPV:H.
v 1PL.S:QUAL:AA.PFV:H.
dir NTRL.
n
post
dir NTRL.
post
coordconn
v
advlizer
n 3SG.PSR.
dir
adv
v 3PL.P. 3SG.S:Ø.IPV:H.
pro
n
v 3SG.S>3SG.P. Ø.IPV:H.
coordconn
advlizer
dir NTRL.
post
v 1SG.O. 3PL.S:Ø.IPV:Ø.
post 1SG.P.
v ?. 3PL.S:Ø.IPV:D.
@@@ 1SG.PSR.
adv
v OPT:2SG.S:Ø.
n
coordconn
n
v 3PL.P. 3SG.S:Ø.IPV:H.
v
@@@ 3PL.P.
adv
v INDF.O:AA.PFV:D.
post 3SG.S>3SG.P.
v OUT:AWAY 1PL.S:Ø.IPV:Ø.
@@@ 3PL.S. QUAL:DH.PFV:L.
adv
coordconn
v 3PL.P. 3SG.S:Ø.IPV:H.
v OPT:2PL.S:L.
coordconn
v AR.S. QUAL:Ø.IPV:2SG.S:H.
v 3SG.S>3SG.P. Ø.IPV:H.
n
dir
post
v ?. 3PL.S:Ø.IPV:D.
adv
v 3PL.S:AA.PFV:H.
adv
adv
v 3SG.S:INC:OPT:Ø.
post
dem
nvp
post
n
@@@
v 1SG.O. CARE QUAL:Ø.IPV:H.
v INDF.O:3SG.S:OPT:H.
adv
@@@ ADJC.
v 2SG.P. QUAL:AA.PFV:D.
@@@ 3SG.S:Ø.IPV:Ø.
advlizer
n GIRL
n
advlizer
advlizer
v 3SG.S>3SG.P. Ø.IPV:H.
post
n
verbprt
post
post
n
coordconn
post
DM
adv
n
DM
n 2SG.PSR.
advlizer
v 3SG.S>3SG.P. Ø.IPV:H.
advlizer
v AR.S:Ø.PFV:Ø.
v INDF.S. 3SG.S>3SG.O. QUAL:AA.IPV:Ø.
verbprt
coordconn AND.THEN
pro ANYTHING
n
v TERM. N.PFV:1SG.S:Ø.
advlizer
n
n
advlizer
v 3SG.S:QUAL:Ø.IPV:L.
v 3SG.S>3SG.P. Ø.IPV:H.
dir MED.
dem
n 3SG.S:QUAL:Ø.PFV:Ø.
proform
proform
n
@@@ 3SG.S:Ø.IPV:Ø. 3PL.S.
post 3PL.P.
@@@ NTRL.
nomprt
post
dir NTRL.
n 3SG.PSR.
n
v AR.O. DH.PFV:2PL.S:H.
v 3SG.P. CON. INC:DH.PFV:Ø.
mod
post
v 3SG.S:QUAL:DH.PFV:L.
v
advlizer
n
adv
n
proform
advlizer
advlizer
DM
dir
v CONT. I.PFV:1SG.S:Ø.
dir
n 1SG.PSR.
dir MED.
@@@ PRMB. WAKE. QUAL:DH.PFV:L.
v AR:Ø.IPV:1SG.S:Ø.
coordconn AND.THEN
post
v
post
v
inter
v OUT. OPT:1SG.S:Ø.
coordconn
v DH.PFV:2PL.S:H.
advlizer
v 3SG.S:Ø.PFV:Ø.
n 3SG.PSR.
dir
n
n
coordconn
verbprt
post
adv
@@@ DH.PFV:1SG.S:H.
n 1SG.PSR.
post
advlizer
adv
n
advlizer
n
DM
@@@ INC:AA.IPV:2PL.S:Ø.
post
v 1SG.O. 3SG.S:Ø.IPV:H.
v 3PL.P. PP. PRETEND. INDF.S:QUAL:DH.PFV:L.
advlizer
post
dir NTRL.
v IT. 3PL.S:N.PFV:D.
n 1SG.PSR.
coordconn
v PP. 3SG.S:INC:AA.IPV:L.
advlizer
dir
v 3SG.S:OPT:Ø.
mod
n
coordconn AND.THEN
v OPT:2SG.S:Ø.
coordconn
cardnum
adv
v OUT. 3PL.S:N.PFV:Ø.
adv
v
nomprt
v QUAL:Ø.IPV:1SG.S:Ø.
n
mod
post
n
v 1PL.O. 3SG.S:Ø.IPV:H.
post
post 1SG.PSR.
adv
proform
n
@@@ 1SG.O.
advlizer
n
post
DM
v 3PL.P. 3SG.S:Ø.IPV:H.
proform
proform
nomprt
n
coordconn
nvp 3SG.O.
advlizer
advlizer
v
v Ø.IPV:1SG.S:H.
adv
v
v IT. 3PL.S. INC:Ø.IPV:D.
n
v IT. 1PL.S:INC:Ø.IPV:D.
v PRMB. INC:OPT:2SG.S:Ø.
n
adv
n 1SG.PSR.
v 3PL.S. QUAL:DH.PFV:H.
v 3PL.O. CON. DH.PFV:D.
post 1PL.P.
post
n 3PL.PSR.
nomprt
adj 3SG.S:Ø.IPV:Ø. 3PL.S.
advlizer
coordconn
post 1SG.P.
n
DM
v 3PL.S:Ø.IPV:L.
@@@ 3PL.S. QUAL:DH.PFV:L.
mod
v 3SG.S:INC:DH.PFV:L.
v
adv
post
n 1PL.PSR.
adv
v 3SG.S>3SG.P. Ø.IPV:H.
advlizer
nomprt
advlizer
v 3SG.S:AA.IPV:Ø.
pro
adv
advlizer
DM
coordconn
coordconn
coordconn
v
dir MED.
v 3PL.S>3SG.P. Ø.IPV:H.
dem
n
post
dir NTRL.
post 2PL.P.
v 1PL.S:INC:DH.PFV:Ø.
v 3PL.S. QUAL:QUAL:Ø.IPV:Ø.
proform
v 1SG.O. QUAL:DH.PFV:2SG.S:H.
n
advlizer
n 3SG.PSR.
pro
nomprt
v 1PL.S:QUAL:QUAL:Ø.PFV:Ø.
adv
v ?. 3PL.S:Ø.IPV:D.
v 3PL.S:Ø.IPV:Ø.
adv
advlizer
v 3SG.P.
v TERM. 3SG.S:Ø.IPV:H.
v 1PL.S:Ø.IPV:Ø.
n
nvp 3SG.O.
v QUAL. INC:AA.IPV:2PL.S:Ø.
v 3SG.S:CON. QUAL:DH.PFV:L.
v 3SG.S:QUAL:QUAL:Ø.IPV:Ø.
advlizer
adv
n
DM
@@@ AR.O. 3PL.S. QUAL:Ø.IPV:H.
v
post
adj
post
n
proform
v
coordconn
post
post 3SG.P.
v
coordconn AND.THEN
v QUAL:Ø.IPV:2PL.S.
advlizer
mod
coordconn
adv
post 2PL.P.
v 3PL.P. TO. 3SG.S:Ø.PFV:Ø.
coordconn
coordconn
advlizer
dir NTRL.
n
nomprt
advlizer
adv
v AWAY. IT. INDF.O. 3PL.S. QUAL:DH.PFV:H.
v PRMB. 3PL.S:INC:Ø.IPV:D.
v 3SG.S:DH.PFV:Ø.
n 1SG.PSR.
n
nvp
verbprt
v UP. 3SG.S:DH.PFV:Ø.
nomprt
advlizer
v
n INDF.PSR.
advlizer
adv THERE
v TERM. 3PL.S:N.PFV:Ø.
v 3PL.S:CON. QUAL:Ø.IPV:H.
n
advlizer
adv
advlizer
advlizer
v 3SG.S>3SG.O. QUAL:DH.PFV:H.
v 3SG.S>3SG.O. INC:AA.IPV:Ø.
n 1SG.PSR.
DM
coordconn
n
DM
v SPLIT. AR.S:Ø.PFV:Ø.
post 3SG.S>3SG.P.
n
post 3SG.P.
coordconn
v
advlizer
adv
v 1PL.P. 3SG.S:Ø.IPV:H.
post 3PL.P.
n
adv
post
v 3SG.S:N.PFV:Ø.
DM
post
advlizer
proform
v TERM. 3SG.S:N.PFV:Ø.
post
nomprt
nomprt
DM
n
advlizer
advlizer
v 3PL.S:Ø.IPV:Ø.
v 3SG.PSR.
v 3SG.S>3SG.P. Ø.IPV:H.
advlizer
n 3SG.PSR.
adv
adv
n
@@@ 3PL.S:Ø.IPV:Ø.
n
inter
@@@
DM
advlizer ADVZR
post 3PL.P. PP.
v 3SG.S:Ø.PFV:Ø.
advlizer 3SG.P. PP. PEJ. NEG.PFV:1SG.S:D.
inter
v 1PL.P. 3SG.S:Ø.IPV:H.
proform
v 3PL.S:Ø.IPV:L.
dir NTRL.
n
nomprt
n
inter
cardnum
v OUT. OPT:1SG.S:Ø.
adv
@@@
dir
post
coordconn
n
n 1PL.PSR.
dir NTRL.
post
interj
n
adv
verbprt
post
v 3SG.S:QUAL:I.PFV:L.
n
n
v 3SG.S:AA.IPV:Ø.
coordconn
@@@ NTRL.
v 3SG.S>3SG.P. Ø.IPV:H.
v 1SG.O. INDF:INC. Ø.IPV:1SG.S:Ø. 3PL.S:Ø.IPV:H.
adv
post
DM
adv
adv
n
v 3SG.S:CON. 3SG.S:QUAL:AA.PFV:H.
n
n
v 1PL.O. 3PL.S. INC:QUAL:AA.IPV:Ø.
advlizer
n
v 3SG.S:QUAL:DH.PFV:Ø.
@@@ NTRL.
@@@ ACROSS. IT. 3SG.S:QUAL:Ø.IPV:L.
nomprt
v Ø.IPV:2PL.S:Ø.
v 2PL.P. 3SG.S:CON. QUAL:DH.PFV:L.
n
v INC:AA.IPV:1SG.S:Ø.
v UP. QUAL:DH.PFV:L.
n 1SG.PSR.
advlizer
v 3PL.S>3SG.P. CON:DH.PFV:D.
n
v IT. 1PL.S:OPT:Ø.
verbprt
post
adv
proform
post
DM
n INDF.PSR. 3SG.S:AA.IPV:Ø.
post
n
advlizer
advlizer
n
v
dir
post 3SG.S>3SG.P.
n
post
n
@@@ 3PL.P.
v INDF.O:3PL.S:INC:DH.PFV:Ø.
n
v 1PL.S. QUAL:QUAL:Ø.IPV:Ø.
proform
v QUAL:OPT:1SG.S:Ø.
v N.IPV:2SG.S:Ø.
n
coordconn
proform
adv
v 3PL.P. 3PL.S:Ø.IPV:Ø.
coordconn
coordconn
v AR.S:Ø.PFV:Ø.
v INSIDE. IT. 1PL.S:Ø.IPV:L.
proform
dir NTRL.
v IT. N.PFV:1SG.S:D.
DM
post
dir MED.
v 3SG.S>INDF.O:INC:NEG.PFV:H.
advlizer
n
post
v ?. Ø.PFV:1SG.S:D.
n
nomprt
v 3PL.P. 3PL.S:Ø.IPV:Ø.
n
@@@ WHY
v SPEECH. AR.S. QUAL:DH.PFV:L.
n
post 3PL.P.
@@@ NTRL.
advlizer
n 1PL.PSR.
DM
@@@ REFL.PSR.
@@@ 1PL.S:INC:AA.IPV:Ø.
proform
dir ADJC. NTRL.
v 3PL.P. 3SG.S:Ø.IPV:H.
n
nomprt
v IT:AR. 3SG.S:INC:AA.IPV:D.
DM
proform
proform
coordconn
adv
v UP. 3SG.S:DH.PFV:Ø.
advlizer
n 1SG.PSR.
advlizer
verbprt
v 1PL.S:Ø.IPV:Ø.
v 3PL.PSR.
v INDF.O:AA.PFV:D.
@@@
v IT. 3PL.S:QUAL:Ø.IPV:D.
@@@ REFL.PSR.
v TERM. IT. 3SG:QUAL:N.PFV:L.
coordconn
n
coordconn
advlizer
proform
@@@
dir
v 3SG.S>3SG.P. Ø.IPV:H.
adv
advlizer
proform
n
post 3PL.P.
adv
adv
v 3SG.S>3SG.O. 3SG.S:INC:AA.IPV:Ø.
v 1SG.PSR.
adv
nprop YAMAAGN.TEESHYAAY
coordconn
adv
dir
advlizer AR.
advlizer
v PP. SURROUNDING 3PL.S. QUAL:AA.PFV:H.
v AR.S:Ø.PFV:Ø.
n
v PRMB. 3SG.S:INC:Ø.IPV:Ø.
n GIRL
v OUT. N.IPV:2SG.S.
verbprt
@@@
DM
post 1PL.P.
post
proform
n
n
n 2PL.PSR.
n 1SG.PSR.
v TO.SIDE. 3SG.S:QUAL:DH.PFV:L.
n
v ?. PP. NEG.PFV:1SG.S:L.
@@@
n
v DOWN. QUAL:DH.PFV:L.
n
post
adv
proform
adv
dir
n
dir NTRL.
v 3PL.S. INC:QUAL:DH.PFV:Ø.
n 1SG.PSR.
v INDF.O:3SG.S:Ø.IPV:D.
n
DM
v 3SG.S:DH.PFV:H.
post
@@@ 3PL.S>3SG.P.
advlizer
nvp
advlizer
n INDF.PSR.
dir NTRL.
@@@
v 3SG.S>3SG.O. Ø.IPV:H.
n
adv
v 3SG.P.
n
post
n 1SG.PSR.
adv
coordconn
@@@
coordconn AND.THEN
adv
v 3SG.S>3SG.P. Ø.IPV:H.
advlizer
coordconn AND.THEN
v 3PL.S. INC:DH.PFV:Ø.
n
@@@ 3PL.S>3SG.P. INC:Ø.IPV:H.
v IT. 1PL.S:DH.PFV:D.
adv
post
n
coordconn
proform
coordconn
coordconn
v 3SG.S:QUAL:DH.PFV:Ø. INC. N.PFV:Ø.
coordconn
coordconn AND.THEN
advlizer
coordconn
DM
coordconn
post 3SG.P.
proform
v 1SG.PSR.
inter
post 3SG.S>3SG.P.
coordconn
v DANCE. 3PL.S:Ø.IPV:L.
adv
coordconn AND.THEN
v 3SG.S:DH.PFV:H.
post 3PL.P.
verbprt
dir NTRL.
v CONT. 3SG.S:QUAL:Ø.IPV:L.
dir MED.
mod
advlizer
n
verbprt
proform
advlizer
adv
adv
n
@@@ 3PL.P.
n 3SG.PSR.
n 1SG.PSR.
v IT. 3PL.S. QUAL:AA.IPV:D.
n
n
post 3SG.P.
verbprt
post 3SG.P.
DM
n
@@@ INDF.PSR.
coordconn
post
nomprt
v 3PL.S. QUAL:AA.PFV:D.
n
v TERM. 3SG.S:N.PFV:Ø.
adv
@@@
DM
@@@
DM
@@@ QUAL:Ø.PFV:1SG.S:Ø.
post 3SG.S>3SG.P.
DM
advlizer
post
post 3SG.P.
@@@
@@@
n
coordconn
coordconn
n
cardnum
v 3PL.S>3SG.O. Ø.IPV:H.
n 1SG.PSR.
v QUAL:Ø.PFV:1SG.S:Ø.
n REFL.P.
advlizer
nomprt
v Ø.IPV:L.
v IT. DSTR. INDF.O. 1PL.S:AA.PFV:Ø.
coordconn
post
n
v CONT. 3SG.S:Ø.IPV:Ø.
inter
v 3SG.S:QUAL:DH.PFV:H.
n
v 3SG.S:QUAL:QUAL:Ø.IPV:Ø.
advlizer
adv
post 1PL.P.
advlizer
coordconn
n
@@@ 1SG.O.
n
v 3SG.S>3SG.P. Ø.IPV:H.
v 3SG.S:N.PFV:D.
coordconn
post 3PL.S>3SG.P.
proform
@@@ NTRL.
adv
inter
v 3PL.S. INC:AA.IPV:Ø.
post
v INDF:INC. QUAL:OPT:1SG.S:L.
advlizer
proform
@@@ 3PL.S. QUAL:Ø.IPV:H.
adv
n 3PL.PSR.
post
advlizer
n
coordconn AND.THEN
advlizer
@@@ IT. 3PL.S. QUAL:DH.PFV:H.
adv
proform
n GIRL
v DOWN. 3SG.S:AA.PFV:Ø.
v QUAL:Ø.IPV:1SG.S:Ø.
v 3SG.S:AA.PFV:L.
dir PRMB. 3PL.S:INC:QUAL:Ø.IPV:D.
v 3SG.S:INC:AA.IPV.
verbprt
adv
@@@ 3PL.S. QUAL:DH.PFV:L.
proform
v INTO.WATER. 3SG.S:N.PFV:D.
n
post
v 3SG.S:Ø.IPV:H.
nomprt
advlizer
adv
v 3PL.S:Ø.IPV:Ø.
proform
coordconn AND.THEN
nomprt
n
verbprt
coordconn AND.THEN
v 1PL.S:QUAL:Ø.PFV:L.
post 1SG.P.
coordconn
DM
v INC:AA.IPV:Ø.
nomprt
v TERM. N.PFV:1SG.S:Ø.
adv
n
n
post
v INC. 3SG.S:QUAL:AA.PFV:Ø.
post
n
advlizer
n 1SG.PSR.
adv
v IT. AR.S:DH.PFV:D.
@@@ 1SG.O. 3PL.S:Ø.IPV:Ø.
post
post
v QUAL:Ø.IPV:2SG.S:H.
post 1SG.P.
nvp
advlizer
v CONT. 1PL.S. QUAL. 3PL.S:INC:AA.IPV:L.
DM
DM
n 3PL.PSR.
coordconn
coordconn
adv
mod
n GIRL
n
n 3PL.PSR.
coordconn AND.THEN
n
@@@
coordconn
post
v TERM. 3SG.S:Ø.IPV:Ø.
advlizer
advlizer
advlizer
v AR.O. INC:AA.IPV:2PL.S:Ø.
v 3PL.S>3PL.O.
nvp INDF.
@@@
n 2SG.PSR.
n
verbprt
advlizer
n
proform
n
adv
n 2SG.PSR.
n 3PL.PSR.
v AR.S:DH.PFV:D.
n
@@@ REFL.PSR.
n
v QUAL:Ø.IPV:1SG.S:H.
advlizer
v 3SG.S>3SG.O. CON.
n
@@@ REFL.PSR.
post
dem
n
post
v CON.
advlizer
advlizer
post
v 3SG.S:Ø.PFV:Ø.
n
post REFL.PSR.
n
DM
n 1SG.PSR.
v 3SG.S>3SG.O. AA.PFV:Ø.
n
n
v OPT:2PL.S:Ø.
post
DM
v 3PL.S. QUAL:Ø.IPV:Ø.
coordconn
v DH.PFV:2PL.S:H.
v AR.S. INC:AA.IPV:Ø.
n
n 1SG.PSR.
advlizer
DM
n
DM
v 3PL.S>3SG.O. Ø.IPV:Ø.
n INDF.PSR.
v DOWN. 3SG.S:INC:QUAL:AA.PFV:L.
n GIRL
v 3SG.S>3SG.O. Ø.IPV:H.
adv
coordconn
advlizer
n 3SG.PSR.
v
n REFL.PSR.
@@@ AS.WELL
post
v 3PL.S>3SG.P. Ø.IPV:H.
v 3SG.S>3SG.P. Ø.IPV:H.
n
v 1SG.P. 3SG.S:Ø.IPV:H.
n
verbprt
v
coordconn
n
n
post
post 1PL.P.
coordconn AND.THEN
dir NTRL.
adv
v CONT. INDF.O. 3PL.S:Ø.IPV:Ø.
n
n 1SG.PSR.
post 3SG.P.
adv
DM
@@@
@@@
v 3PL.S. QUAL:AA.IPV:Ø.
v TERM. 3PL.S:Ø.IPV:Ø.
proform
mod
n
n
post
adv
@@@ NTRL.
@@@
n
v QUAL:Ø.IPV:1SG.S:Ø.
coordconn
coordconn
adv
advlizer
n
n
n IT. 1PL.S. Ø.IPV:L.
dem
n 2SG.PSR.
v OUT. 3PL.S:AA.PFV:Ø.
DM
n
n
v RECP.O. 1PL.S:Ø.IPV:D.
post
v OUT. 3SG.S:AA.IPV:L.
post
@@@
n
nomprt
adv
advlizer
DM
n
@@@
post
v CONT. I.PFV:1SG.S:Ø.
v WEAPON. 3SG.S:INDF.O:QUAL:DH.PFV:D.
adv
post REFL.P.
v 3PL.S:Ø.IPV:Ø.
v 3PL.S>3PL.P. Ø.IPV:Ø.
post
v 3SG.S>3SG.P. Ø.IPV:H.
advlizer
verbprt
n 3SG.PSR.
nomprt
post 1SG.P.
v 3SG.S>3SG.P. Ø.IPV:H.
advlizer
v QUAL:Ø.IPV:2SG.S:Ø.
coordconn
mod
adv
@@@ REFL.PSR.
nomprt
v SPEECH. 1PL.S:OPT:Ø.
n
cardnum
v 3SG.S:Ø.IPV:H.
n
proform
nomprt
advlizer
n
n
@@@
coordconn
advlizer
adv
post
v INC. DH.PFV:1SG.S:Ø.
v ?. NEG.PFV:1SG.S:D.
coordconn
n 1PL.PSR.
post
DM
mod
coordconn
post
@@@
DM
mod
v 3SG.S:CON. QUAL:DH.PFV:L.
n 3SG.PSR.
post
v IT. 3SG.S:INC:AA.IPV.
n
n
advlizer
adv
advlizer ADVZR
v 3PL.S>3SG.P. INC:DH.PFV:H.
verbprt
n 2PL.PSR.
post
coordconn
inter
coordconn
adv
v PRMB. INC:OPT:2SG.S.
v AGAINST?. 3SG.S:AA.PFV:Ø.
pro
n
advlizer
proform
v
v 3SG.S:AA.IPV:Ø.
adv
n
v 3SG.S>3SG.O. QUAL:DH.PFV:L.
n 3SG.PSR.
v 3SG.S:DH.PFV:Ø.
adv
n GIRL
adv
DM
n
@@@ 1PL.S:QUAL:DH.PFV:L.
advlizer
v INSIDE. N.IPV:2SG.S:Ø.
adv
@@@ 1SG.PSR.
v AWAY. IT. 3PL.S:Ø.IPV:D.
n
@@@ NTRL.
@@@ NTRL.
adv
@@@
@@@
proform
post
v RECP.P. PP. PEJ. 3PL.S:Ø.IPV:D.
v 3SG.S:Ø.IPV:H.
n
post
interj
v 1SG.O. 3SG.S:AA.PFV:H.
adv
adv
proform
v 3SG.PSR.
coordconn
v 2SG.O. QUAL:Ø.IPV:1SG.S:H.
coordconn
dem
proform
advlizer
v AWAY. INC:AA:IPV:H.
post 2PL.P.
inter
coordconn
v OUT. IT. 3SG.S:AA.PFV:D.
v
nomprt
@@@
adv
n
DM
n INDF.PSR.
verbprt
n 2SG.PSR.
post
v 3SG.S:AA.IPV:L.
n
v 3SG.S:DH.PFV:H.
n
@@@ 1SG.O.
v 3SG.S:QUAL:QUAL:Ø.IPV:Ø.
v QUAL:AA.PFV:L.
advlizer
dir
v CONT. 3PL.S:Ø.IPV:Ø.
adv
coordconn
nomprt
coordconn
v CONT. 3SG.S:Ø.IPV:H.
dir MED.
n
nomprt
adv
post
post
v TERM. 3SG.S:N.PFV:Ø.
v 3SG.S:N.PFV:H.
post
@@@ 3SG.S:Ø.PFV:Ø.
nomprt
n
coordconn
coordconn
advlizer
coordconn
v 1PL.S:Ø.IPV:Ø. QUAL:Ø.IPV:Ø.
v TERM. IT. INC:AA.IPV:1SG.S.
v
@@@
v 3PL.S. PP. QUAL. AA.PFV:1SG.S:D.
v INDF.S. 3SG.S>3SG.O. QUAL:AA.IPV:Ø.
post
v QUAL:Ø.PFV:1SG.S:Ø.
v 3PL.S>3SG.P. Ø.IPV:H.
coordconn
v AA.IPV:1SG.S:Ø.
DM
@@@
n
verbprt
adv
post
v 1PL.S:Ø.IPV:Ø.
pro
v QUAL:OPT:H.
n
n
coordconn
mod
proform
coordconn
nomprt
v
advlizer
@@@
coordconn
verbprt
DM
coordconn
post
n
n
proform
adv
v 3PL.P.
@@@
v 3PL.S:AA.PFV:Ø.
DM
post
n
DM
DM
post
n
post
v 3SG.S>3SG.O. 3PL.S:Ø.IPV:Ø.
v TERM. 3PL.S:N.PFV:Ø.
n
@@@ NTRL.
@@@
v 3SG.P.
v 3SG.S>3SG.P. Ø.IPV:H.
proform
coordconn AND.THEN
advlizer
n
adv
v AR.S:DH.PFV:D.
v 3SG.S:Ø.IPV:Ø.
v CON. 3PL.S. QUAL:I.PFV:H.
v ?. NEG.PFV:1SG.S:D.
adv
v 3SG.S:QUAL:DH.PFV:H.
n
nvp
v Ø.IPV:2SG.S:H.
v 3PL.S. QUAL:Ø.IPV:H.
n
interj
n 1PL.PSR.
nomprt
adv
v
n
advlizer
v 3SG.P.
post
advlizer
coordconn
n 1SG.PSR.
v 3SG.S:CON:Ø.IPV:Ø.
advlizer
interj
post 2PL.P.
v 3PL.S:QUAL:DH.PFV:Ø.
v AR.S. N.PFV:Ø.
v 1PL.P. 3SG.S:Ø.IPV:H.
coordconn
v
adv
v 3PL.PSR.
nvp
proform
v AR.S:DH.PFV:D.
advlizer
v 3SG.P. QUAL:Ø.IPV:1SG.S:Ø.
v 3SG.S:QUAL:DH.PFV:Ø.
v INSIDE. PP.
post
proform
n
DM
coordconn
n
@@@
v 3SG.P.
inter
adv
@@@ 3SG.S:DH.PFV:Ø.
v INC. DH.PFV:1SG.S:Ø.
v PP. DH.PFV:1SG.S:L.
post
@@@ REFL.PSR.
n
post 1PL.P.
adv
advlizer
post
advlizer
inter
adv
n
inter WHY
advlizer
@@@
n
n
proform
@@@ 3PL.P.
v PRMB. 1PL.S. Ø.IPV:L.
v 3SG.S:AA.IPV:Ø.
n
advlizer
coordconn
n
proform
advlizer
dir NTRL.
n K'EHTTHIIGN.NIIGN
adv
n 1PL.PSR.
v 3SG.S:AA.PFV:Ø.
n
dem
v 3PL.S:Ø.IPV:Ø.
interj
pro
v ASHORE. 3SG.S:DH.PFV:Ø.
adv
adv
@@@
adv
post
v AR.O. QUAL:Ø.IPV:H.
v 3SG.S:Ø.IPV:H.
inter
@@@ REFL.PSR.
v ON.TRAIL. 3SG.S:AA.PFV:H.
post
n 1SG.PSR.
n
n
post
v 3SG.S:OPT:Ø.
n
n
v AR.S:NEG.PFV:Ø.
n GIRL
post
n
n
n 1SG.PSR.
nomprt
verbprt
n
v TERM. IT. N.PFV:2PL.S:D.
v QUAL:Ø.IPV:1SG.S:Ø.
adv PRMB.
v OUT. 3SG.S:INC:AA.IPV:Ø.
adv
n 3SG.S:N.PFV:Ø.
post
n
v ON.TRAIL IT. 3SG.S:Ø.IPV:D.
dir NTRL.
v IT. 1PL.S:N.PFV:D.
dir
v 3SG.P. PP. Ø.PFV:1SG.S:D.
DM
n
advlizer
dir AR.
proform
coordconn AND.THEN
n
advlizer
dir
v 3SG.S:INC:AA.IPV:Ø.
proform
v 1PL.S:INC:DH.PFV:Ø.
n
advlizer
v 3PL.P. 3PL.S. QUAL:AA.IPV:Ø.
n
proform
n 3SG.PSR.
v AR.S. 3SG.S:OPT:D.
n 3SG.PSR.
v IT. Ø.IPV:2SG.S:D.
proform
advlizer
DM
n
proform
post
adv
@@@
v 3SG.S:DH.PFV:H.
n
n
n
dem
post 1PL.P.
v QUAL:Ø.IPV:2SG.S:Ø.
coordconn
@@@
coordconn
coordconn
v INC. QUAL:Ø.PFV:2SG.S:Ø.
n 3PL.PSR.
v CONT. AA.PFV:1SG.S:Ø.
post
coordconn
n 3PL.PSR.
post
v INDF.O. 3PL.S. QUAL:Ø.IPV:H.
post
verbprt
advlizer
n
v INTO.WATER. QUAL:Ø.IPV:L.
v AR.S:Ø.PFV:Ø.
advlizer
@@@
post
coordconn
dir
quant ALL
adj N.PFV:Ø.
post
advlizer
@@@
advlizer
mod
@@@ REFL.PSR.
v 3SG.S:INC:DH.PFV:Ø.
n
n 1SG.PSR.
n
proform
DM
advlizer
proform
DM
adv
n
n REFL.PSR.
@@@
n
proform
@@@ 3PL.P.
@@@ NTRL.
dem
n
verbprt
post 3PL.S>3PL.P.
coordconn
coordconn
v OUT. 3SG.S>3SG.O. QUAL:AA.PFV:H.
@@@
advlizer
n 1SG.PSR.
post
proform
n
adv
v DISTRIBUTE. QUAL:DH.PFV:L.
advlizer
v 3SG.S:OPT:Ø.
n 1SG.PSR.
v 3PL.S>3SG.P. Ø.IPV:H.
adv
n
coordconn AND.THEN
n
@@@
v 3PL.S:Ø.IPV:Ø. 1PL.S:Ø.IPV:D.
advlizer
n
n INDF.PSR. 3SG.S:AA.IPV:Ø.
v QUAL:Ø.PFV:1SG.S:Ø.
v TERM. IT. 3SG.S:N.PFV:D.
n 2PL.PSR.
@@@
v AR.S:Ø.PFV:Ø.
@@@
verbprt
coordconn
v 2PL.P. TO. 1PL.S:INC:AA.IPV:Ø.
v 3SG.S:QUAL:AA.PFV.
v AR.S:Ø.PFV:Ø.
coordconn
post
post
coordconn
n
post
v 1PL.S. QUAL:Ø.IPV:H.
adv
n
proform
@@@
@@@ 3SG.S:Ø.IPV:Ø.
inter
v QUAL:Ø.PFV:2SG.S:Ø.
adv
n
v INDF.PSR.
verbprt
n
adv FOR.NOTHING
n 1SG.PSR.
n
adv
coordconn
coordconn
proform
post
adv
v 3SG.S:QUAL:OPT:Ø.
@@@ 3PL.P.
verbprt
n
v OUT. ARM. 1PL.S:QUAL:DH.PFV:L.
coordconn
nomprt
n
v 3SG.S>3SG.O. Ø.IPV:H.
advlizer
advlizer
v
proform
@@@ 3SG.S:DH.PFV:Ø.
n 1SG.PSR.
inter
coordconn
n 1SG.PSR.
post
nomprt
coordconn AND.THEN
advlizer
coordconn AND.THEN
v
n 1SG.PSR.
n 3SG.PSR.
n
v
v 3SG.P. PP. 1PL.S:Ø.IPV:D.
adv
v 3PL.S:Ø.IPV:D.
v 3SG.S>3SG.P. Ø.IPV:H.
post 3PL.S>3SG.P.
n
n
dir NTRL.
v IT. 3SG.S:N.PFV:D.
adv
v 1SG.P. 3SG.S:Ø.IPV:H.
advlizer
dir MED.
n
DM
nvp
adv
DM
v 3SG.S:DH.PFV:Ø.
v INDF.O. 3PL.S. QUAL:Ø.IPV:H.
v IT. 3PL.S:AA.IPV:D.
inter
v
coordconn
@@@ 3SG.S>3SG.O. QUAL:DH.PFV:H.
adv
post
post
adv
n
adv
n
proform
@@@
adv
post
post
v
nomprt
proform
advlizer
n 2PL.PSR.
coordconn
proform
v 1PL.O. 3SG.S:Ø.IPV:H.
v 3SG.S:Ø.IPV:Ø.
@@@ PRMB. 3PL.S:AA.IPV:D.
n 1SG.PSR.
dir
v 3PL.S>3SG.O. QUAL:Ø.IPV:Ø.
n
advlizer
coordconn
n INDF.O.
post AS.FAR.AS
advlizer
coordconn
post 1PL.P.
v
v OPT:2SG.S:Ø.
n
@@@
n
n
v OUT. AA.IPV:L.
coordconn
pro
dir AR.
coordconn
adv
adv
v PRMB. 3SG.S:INC:Ø.IPV.
v QUAL:OPT:2SG.S:Ø.
n 1SG.PSR.
advlizer
v 3SG.S>3SG.P. Ø.IPV:H.
n
post
post
v 3SG.S>3SG.P. Ø.IPV:H.
@@@
post
adv
post
n
adv
v 3PL.S. 3PL.S>3PL.O. CON:DH.PFV:Ø.
v
advlizer
proform
@@@ 3SG.S:Ø.IPV:Ø.
v DOWN. 3PL.S:INC:AA.IPV:L.
@@@
n
@@@ REFL.PSR.
adv FOR.NOTHING
post 3PL.P.
dir QUAL:Ø.IPV:Ø.
v ?. PEJ. 3PL.S:Ø.IPV:D.
post 1PL.P.
@@@
inter
v 3SG.S>3SG.P. Ø.IPV:H.
advlizer
coordconn
v DH.PFV:2SG.S:Ø.
proform
v 3PL.S:Ø.IPV:Ø.
proform
n
n
v 3SG.S:N.PFV:Ø.
n REFL.PSR.
dir
v 1SG.O. QUAL:DH.PFV:2SG.S:H.
v
post INDF.PSR.
n
v 3SG.S:Ø.IPV:H.
v 3PL.S:AA.PFV:Ø.
advlizer
nomprt
adv
verbprt
coordconn
@@@
nomprt
adv
advlizer
nomprt
coordconn
adv
n
inter
post
v
v WEAPON. 3SG.S:INDF.O:QUAL:DH.PFV:D.
adv
DM
n
n
DM
v INSIDE. AA.PFV:Ø.
nomprt
v 1PL.S:INC:DH.PFV:Ø.
dir NTRL.
advlizer
n 3SG.PSR.
mod
coordconn
nomprt
v AR.O. 3PL.S:AA.PFV:Ø.
v 3SG.S:Ø.IPV:H.
inter
@@@
nomprt
v AA.IPV:1SG.S:Ø.
coordconn
advlizer
post
proform
proform
v QUAL. 3SG.S:AA.IPV:Ø. ARM. 1PL.S. Ø.IPV:L.
v 3PL.P. 3PL.S. INC:QUAL:AA.IPV:Ø.
v OUT. 3PL.S>3SG.O. Ø.IPV:Ø.
n GIRL
n
advlizer
dir AR.
nomprt
proform
@@@
v OPT:1SG.S:D.
v
proform
@@@
mod
v 3PL.S.
nomprt
@@@
@@@
post 1SG.P.
n GIRL
v RECP.P. 1PL.S. CON. QUAL:DH.PFV:L.
v 3PL.S:Ø.IPV:Ø.
proform
n
interj
advlizer
post
coordconn AND.THEN
v INTO.PIECES. N.PFV:Ø.
post
proform
v CONT. I.PFV:1SG.S:Ø.
n
v 2SG.P.
adv
advlizer
@@@ 1SG.O.
v 2SG.O. QUAL:Ø.PFV:1SG.S:Ø.
advlizer
coordconn AND.THEN
DM
n
post 2PL.O.
adv
advlizer
n INDF.PSR.
v N.IPV:2SG.S:L.
v
v CONT. OPT:1SG.S:Ø.
@@@
post 3SG.P.
post
proform
post 1PL.P.
post 3SG.P.
n
coordconn
n 3SG.S>3SG.PSR.
v 1PL.S:Ø.IPV:Ø.
coordconn
proform
n
n
v 3SG.P. PP. Ø.PFV:1SG.S:D.
verbprt
advlizer
nomprt
DM
adv
v 3SG.S:DH.PFV:Ø.
n
proform
post
coordconn
DM
post
adv
dir MED. AR.
coordconn
adv
advlizer
dir
proform
advlizer
@@@
interj
n
v TERM. IT. 3SG.S:N.PFV:D.
advlizer
post
v CONT. SKIN. 3SG.S:DH.PFV:H.
dir MED:AR.
n
n
v OUT. 3SG.S:INC:AA.IPV:Ø.
@@@ QUAL:Ø.PFV:1SG.S:Ø.
dir
adv
v INC:AA.IPV:1SG.S:Ø.
dem
n
n GIRL
v INC. 3SG.S:Ø.PFV:Ø.
adv
n 1PL.PSR.
advlizer
n
v IT. 1PL.S:INC:Ø.IPV:D.
v 3SG.S>3SG.O. INSIDE. INDF.PSR. N.PFV:Ø.
@@@
n
adv
v PRMB. INC:Ø.IPV:H.
coordconn
nomprt
coordconn
v ON. 3SG.S>3SG.O. INC:DH.PFV:H.
v
nomprt
dir
v 3SG.S:QUAL:DH.PFV:Ø.
coordconn
cardnum
n
n
v TERM. 3SG.S:INC:AA.IPV:Ø.
post
v AR.S. INC:DH.PFV:Ø.
v 3SG.P.
nomprt
DM
@@@
@@@ NTRL.
coordconn
proform
v 1PL.S:QUAL:DH.PFV:L.
@@@ ON.TRAIL. OPT:2PL.S:Ø.
@@@
n
n
nomprt
@@@
adv
v 3PL.P. CATCH. 3PL.S:DH.PFV:Ø.
v 3PL.S:Ø.IPV:Ø.
dir
adv
adv
v 1SG.PSR.
v IT. 3SG.S:N.PFV:D.
v AR.S:Ø.PFV:Ø.
proform
@@@ IT. 3PL.S:AA.IPV:D.
adv REFL:PL.
v
v 3SG.S:QUAL:Ø.IPV:Ø. INC:AA.IPV:Ø.
advlizer
n
adv
@@@ 3SG.S:QUAL:DH.PFV:Ø.
advlizer
post
dir NTRL.
DM
coordconn
v 3SG.S:OPT:Ø.
@@@
nomprt
post
pro
v INDF.PSR. QUAL:OPT:H.
advlizer
post
post
v
adv
adv
adv
@@@ NTRL.
inter
post REFL.P.
coordconn
@@@ 3PL.P.
nomprt
@@@ 3PL.P.
post 3PL.P.
v TERM. QUAL:Ø.IPV:Ø.
adv
inter
v PRMB. 3SG.S:INC:Ø.IPV:L.
v TURN.AROUND. 3SG.S:QUAL:DH.PFV:D.
v ADJC. TERM.
adv
@@@ AS.WELL
n
DM
n INDF.PSR.
n GIRL
advlizer
adv
adv
post 1PL.P.
n
post
advlizer
post
adv
n
v 3PL.S>3SG.P. Ø.IPV:H.
n
@@@ REFL.PSR.
n
post
n
@@@
v ?. 3PL.S:Ø.IPV:D.
advlizer
@@@ 1SG.PSR.
adv
v TIRED. 3SG.S:AA.PFV:D.
@@@
n
@@@ INTO.WATER. 1PL.S:AA.PFV:Ø.
@@@
n
@@@
inter
n
coordconn
v 3SG.S:Ø.IPV:H.
@@@
post
@@@ IT. 3PL.S. QUAL:DH.PFV:L.
nvp 2SG.O. CON:Ø.IPV:Ø. INC:DH.PFV:Ø.
v INC:OPT:1SG.S:Ø.
post
v 1PL.P. 3SG.S:Ø.IPV:H.
n
adv
post 3SG.P.
n
n
v 3SG.S:DH.PFV:H.
coordconn
v BAD. AR.S:Ø.PFV:Ø.
advlizer
@@@
nomprt
v AR.S:Ø.PFV:Ø.
v AR.O. QUAL:Ø.IPV:2PL.S.
v 3PL.S. QUAL:Ø.IPV:L.
coordconn AND.THEN
coordconn
advlizer
v 3SG.S:DH.PFV:H.
adv
n
dir
advlizer
v 3SG.S:QUAL:QUAL:Ø.IPV:Ø.
coordconn
v 3SG.S:QUAL:Ø.PFV:L.
n GIRL
cardnum
post
post
v 3PL.S:Ø.IPV:H.
post
v UP. 3PL.S>3SG.O. AA.PFV:H.
v 3PL.S. QUAL:DH.PFV:Ø.
v AWAY. MOUTH 3SG.S:AR. QUAL:N.PFV:Ø.
adv
coordconn
advlizer
n 2SG.PSR.
advlizer
adv
v PP. QUAL:Ø.IPV:1SG.S:Ø.
coordconn
v IT. 3SG.S:INC:DH.PFV:Ø.
post 3SG.P.
adv
v AR.S:Ø.PFV:Ø.
coordconn AND.THEN
v 3PL.P. 3PL.S:Ø.IPV:Ø.
verbprt
proform
coordconn AND.THEN
advlizer
advlizer
DM
v 3SG.S:DH.PFV:H.
post
v TERM. 3PL.S. N.PFV:Ø.
v Ø.PFV:1SG.S:Ø.
proform
@@@
coordconn
v 3SG.S:QUAL:I.PFV:H. INC:DH.PFV:Ø.
coordconn
v OUT. 3PL.S:Ø.IPV:Ø.
proform
inter
v OUT. 3SG.S:Ø.PFV:Ø.
post 1SG.P.
@@@ INDF.PSR.
post 3PL.S>3SG.P.
adv
@@@
v
advlizer
nomprt
@@@ 1SG.O. CON:Ø.IPV:Ø. INC:DH.PFV:Ø.
@@@
v 3PL.S>3SG.P. PP. QUAL:DH.PFV:D.
v MOUTH INC:QUAL:AA.IPV:1SG.S:L.
coordconn
adv
v 3PL.O. CON. DH.PFV:D.
n REFL.PSR.
n
post 3PL.S>3PL.P.
v AR.S:Ø.PFV:Ø.
dir
v 3SG.S>3SG.P. Ø.IPV:H.
n
coordconn
post
v 3PL.S:Ø.IPV:D.
nomprt
DM
dir
n
mod
DM
adv
adv
adv
verbprt
inter
v 3SG.S:Ø.PFV:Ø.
v 3SG.S:NEG.PFV:Ø.
verbprt
verbprt
dir NTRL.
v UP. 3SG.S:DH.PFV:Ø.
DM
v 3SG.S:AR. QUAL:Ø.IPV:H.
v 1SG.PSR.
adv
n GIRL
post
dir
@@@ TERM.
v 1PL.P. 3SG.S:Ø.IPV:H.
@@@ REFL.PSR.
advlizer
inter
advlizer
v
advlizer
v 3SG.S:OPT:Ø.
n 1SG.PSR.
v ?. NEG.PFV:1SG.S:D.
v 3SG.S>3SG.O. 3SG.S:AA.PFV:H.
inter
adv
n 1SG.PSR.
n
post
post
v 3SG.S>3SG.P. Ø.IPV:H.
verbprt
coordconn
v IT. Ø.IPV:1SG.S:Ø.
v 3PL.PSR.
n 1PL.PSR.
post 3SG.S>3SG.P.
n
post
verbprt
coordconn
dir NTRL.
advlizer
nvp
n 1SG.PSR.
nprop YAMAAGN.TEESHYAAY
adv
v AR.S:Ø.PFV:Ø.
@@@ 3PL.P.
advlizer
n 2SG.PSR.
post
proform
nvp
post
n
verbprt
post
nprop YAMAAGN.TEESHYAAY
n 2PL.PSR.
verbprt
coordconn
cardnum
post
dir 3SG.PSR.
nomprt
v 3SG.P.
proform
coordconn AND.THEN
nvp
v 3PL.S:Ø.IPV:H.
n 3SG.PSR.
n 3SG.PSR.
advlizer
advlizer
v 1PL.S:QUAL:Ø.PFV:Ø.
post
adv
@@@ 3SG.S:DH.PFV:Ø.
adv
adv
n
v
n
inter
v 3SG.S:DH.PFV:L.
verbprt
v 3PL.S:Ø.IPV:Ø.
proform
adv
v 3SG.S>3SG.P. Ø.IPV:H.
coordconn AND.THEN
coordconn
n
advlizer
post 1PL.P.
v IT. 3SG.S:Ø.IPV.
n 1PL.PSR.
nomprt
@@@
@@@ 3PL.P. QUAL:QUAL:Ø.PFV:Ø.
coordconn
coordconn
advlizer
v 1PL.P. 3SG.S:Ø.IPV:H.
@@@ PRMB. N.PFV:1SG.S:D.
post
coordconn
post 1PL.P.
nomprt
n
n
@@@ REFL.PSR.
n
adj
v UP. 3PL.S. QUAL:AA.PFV:L.
adv
advlizer
adv
adv
@@@ NTRL.
advlizer
v 3PL.O. PRMB. INDF:INC. AA.IPV:2PL.S:Ø.
v AR.S:Ø.PFV:Ø.
n 1SG.PSR. AA.PFV:Ø.
advlizer
nomprt
v 3PL.S. INC:DH.PFV:Ø.
proform
@@@ NTRL.
advlizer
adv
n
v CONT. QUAL:Ø.IPV:2PL.S:Ø.
n
v 3PL.O. INC. N.IPV:2SG.S.
adv
n
v 3SG.S:QUAL:Ø.IPV:Ø.
adv
adv
n
adv
DM
n
n
v IT. 3SG.S:QUAL:Ø.IPV:L.
@@@
DM
post 1SG.P.
n 1SG.PSR.
post
DM
post
v UP. 3SG.S:DH.PFV:Ø.
@@@ 3SG.S:DH.PFV:Ø.
post 3SG.P.
v 3SG.PSR.
dir
v QUAL:Ø.IPV:2PL.S:Ø.
quant
v 3SG.S>3SG.P. Ø.IPV:H.
v 3PL.S:Ø.PFV:Ø.
imp
n 3SG.PSR.
n
advlizer
verbprt
n
dir MED.
adv
v
advlizer
v CONT. AR. 3SG.S:Ø.PFV:Ø.
advlizer
v 3SG.P. QUAL:Ø.IPV:1SG.S:Ø.
advlizer
v 1PL.P. PP. INDF.O. 3SG.S:Ø.IPV:H.
post 1SG.P.
advlizer
v 1PL.S:Ø.IPV:Ø.
post
post
v AR.S:AA.PFV:Ø.
adv
v 3PL.S:QUAL:DH.PFV:L.
advlizer
@@@
post
v 3SG.S:N.PFV:Ø.
n 3SG.S>3SG.PSR.
DM
DM
v 3SG.S:QUAL:I.PFV:H.
n
@@@ PRMB. SLED. INC:AA.IPV:1SG.S:Ø.
n
dir MED.
v IT. AA.IPV:2SG.S.
n 1SG.PSR.
coordconn
n
adv ADJC.
coordconn
@@@ 3PL.P. PP. 3SG.S:QUAL:DH.PFV:Ø.
coordconn
v CONT. INDF.O:3PL.S:INC:DH.PFV:Ø.
cardnum
coordconn
v DH.PFV:1SG.S:Ø.
n INDF.PSR.
v 1PL.P. 3SG.S:Ø.IPV:H.
advlizer
v OUT. IT. 3SG.S:AA.IPV:D.
dir NTRL.
inter
n
interj
v 3SG.S>3SG.O. QUAL:Ø.IPV:H.
mod
post
nvp 3SG.O.
quant
proform
dir NTRL.
v CONT. 3SG.S:OPT:D.
v CONT. 3SG.S:I.PFV:Ø.
@@@
post
v
post 3SG.S>3SG.P.
v REFL.P. 3SG.S:DH.PFV:L.
adv
adv
pro
n
adv
adv
inter
v
n
n
v TERM. 3SG.S:N.PFV:Ø.
v 3PL.S:Ø.IPV:Ø.
n
proform
v IT. 3PL.S. INC:QUAL:DH.PFV:D.
v 3SG.P. QUAL:Ø.IPV:2SG.S:Ø.
v 3SG.S:QUAL:DH.PFV:L.
v OUT. 3PL.S. QUAL:Ø.PFV:Ø.
v 3SG.S:AA.IPV:L.
v 3SG.S:AA.IPV:Ø.
DM
verbprt
advlizer
dir MED.
n
inter
v ONTO.SHORE. 3SG.S:DH.PFV:Ø.
v DH.PFV:2SG.S:Ø.
@@@ 3PL.P.
proform
v 3PL.S. QUAL:QUAL:Ø.IPV:Ø.
post
n
post
coordconn
proform
coordconn
adv
coordconn
v
proform
advlizer
v 3PL.S>3SG.O. INC:AA.IPV:Ø.
inter WHY
advlizer
post 1SG.P.
v QUAL:Ø.IPV:1SG.S:Ø.
post 3SG.S>3SG.P.
verbprt
DM
v 3SG.S:N.PFV:Ø.
post
n 1SG.PSR.
v TERM. 3SG.S:N.PFV:Ø.
v MED.
coordconn
@@@ 3PL.P.
coordconn AND.THEN
post
n
advlizer
n
proform
n
n
v IT. INDF.O. 3PL.S:Ø.IPV:H.
post
v IT. 1PL.S:INC:Ø.IPV:D.
post 3SG.P.
@@@
v AR.S:Ø.PFV:Ø.
n
n 1SG.PSR.
@@@ NTRL.
v IT. 1PL.S:INC:OPT:D.
v IT. 3SG.S:INC:DH.PFV:D.
coordconn
@@@
n GIRL
coordconn
n
adv
interj
adv
mod
nvp 3SG.O.
n
proform
adv
quant ALL
v 3SG.S:Ø.PFV:Ø.
post
v 3SG.S>3SG.P. Ø.IPV:H.
post
DM
n
post AR.P.
@@@ QUAL:Ø.PFV:1SG.S:Ø.
post
advlizer
n
post 1SG.P.
v RECP.P. 1PL.S:QUAL:Ø.IPV:D.
v 1PL.O. 3SG.S:Ø.IPV:H.
DM
@@@
verbprt
coordconn
v 3PL.S>3SG.O. CON:DH.PFV:Ø.
v 3SG.S:AA.PFV:H.
v CONT. AA.IPV:1SG.S:Ø.
n
dir
mod
n
post 3SG.S>3SG.P.
advlizer
n
coordconn
coordconn
nomprt
post
adv
DM
n
cardnum
coordconn
adv
v 3PL.S:DH.PFV:H.
n
n 3SG.PSR.
@@@ 3PL.P.
post
mod
n
@@@ 3SG.S:DH.PFV:Ø.
v
DM
n
advlizer
v 1PL.S:Ø.IPV:Ø.
n AR.PSR.
adj
v TERM. IT. 3SG.S:INC:AA.IPV:Ø.
adv
n 1SG.PSR.
coordconn AND.THEN
advlizer
@@@
n
n 1PL.PSR.
adv
DM
advlizer
verbprt
n 1SG.PSR.
post
v
n REFL.PSR.
post
coordconn
advlizer
@@@ 1SG.PSR.
n
v 3SG.S>3SG.P. Ø.IPV:H.
v DH.PFV:1SG.S:Ø.
v 1PL.S:AA.PFV:Ø.
nomprt
adv
n
DM
post 3SG.S>3SG.P.
advlizer
verbprt
post
n
inter
coordconn
coordconn
v 3SG.S:AA.IPV:Ø.
advlizer
@@@ 3PL.S. N.PFV:Ø.
v 3SG.PSR.
post
n 1SG.PSR.
coordconn AND.THEN
v Ø.IPV:2PL.S:L.
v IT. 1PL.S:DH.PFV:D.
v 3SG.S>3SG.P. Ø.IPV:H.
v 3SG.S:AA.PFV:Ø.
v PP. 3PL.S. QUAL:DH.PFV:L.
dir AR.
v 3PL.S>3SG.O. QUAL:Ø.IPV:H.
verbprt
adv
dir PROX.
n
DM
post
v 1SG.P. 3SG.S:Ø.IPV:H.
v OUT. 3SG.S:OPT:Ø.
n
n
adv
@@@ AS.WELL
proform
adv
advlizer
adv
v OUT. 1PL.S:QUAL:DH.PFV:L.
v 1PL.O. 3PL.S:Ø.IPV:Ø.
post INDF.PSR.
v Ø.IPV:2SG.S:H.
nomprt
@@@ 1PL.S:INC:AA.IPV:Ø.
coordconn AND.THEN
n
advlizer
v TERM. IT. 1PL.S:INC:Ø.IPV:D.
n
nomprt
pro ANYTHING
adv
v 3PL.S. INC:DH.PFV:Ø.
n
post 2PL.P.
adv
coordconn
v AWAY. IT. 3SG.S:N.PFV:D.
n
post
v TERM. IT. 3SG.S:INC:AA.IPV:Ø.
coordconn
v
n 1SG.PSR.
v 3SG.P.
post 1SG.P.
proform
post
DM
v 3SG.S:QUAL:Ø.PFV:Ø.
n
adv
adv
coordconn
n
v OUT. INDF. 3SG.S:QUAL:DH.PFV:L.
v 3SG.S>3SG.O. OPT:Ø.
adv
v INC. DH.PFV:1SG.S:Ø.
@@@ 1SG.PSR.
v
n
v 1SG.PSR.
v INTO.FIRE 3SG.S:QUAL:Ø.PFV:H.
adv
DM
coordconn AND.THEN
v INDF.O. 3SG.S:Ø.IPV:H.
advlizer
@@@ QUAL:Ø.IPV:Ø. QUAL:Ø.IPV:1SG.S:H.
coordconn
@@@ INC:AA.IPV:Ø.
v SPOT INDF.O. CON. QUAL:Ø.IPV:2PL.S:L.
post
v 3SG.S:Ø.IPV:Ø.
dir
DM
v 3SG.S>3SG.P. Ø.IPV:H.
advlizer
v 3SG.S:Ø.PFV:Ø.
v 1PL.S:Ø.IPV:Ø.
v INDF.O:3SG.S:Ø.IPV:Ø.
v OUT. OPT:1SG.S:Ø.
v ACROSS. 3SG.S:N.PFV:Ø.
advlizer
n
DM
@@@ REFL.PSR.
v 3PL.S. INC:DH.PFV:Ø.
advlizer
adv
@@@
adv
post
v CON. DH.PFV:1SG.S:Ø.
advlizer
cardnum
advlizer
DM
advlizer
n GIRL
n INDF.PSR.
v 1PL.P. PP. INDF.O. 3PL.S:Ø.IPV:H.
v UP. Ø.IPV:2PL.S:Ø.
adv
nvp
v SPEECH. 3SG.S:QUAL:Ø.IPV:L.
v BACK INC:AA.IPV:2PL.S:Ø.
n 3SG.PSR.
v IT. 2SG.O. 1PL.S:INC. QUAL:AA.IPV:H.
n 1SG.PSR.
advlizer
v 3SG.S:INC:DH.PFV:D.
v 1SG.O. 3SG.S:Ø.IPV:H.
adv NTRL.
adv
advlizer
post
n 1SG.PSR.
advlizer
advlizer
DM
n
n
adv
coordconn
v IT. 1PL.S:INC:Ø.IPV:D.
adv
v 3PL.P. 3SG.S:Ø.IPV:H.
nomprt
proform
nomprt
adv
proform
DM
advlizer
adv
n 1PL.PSR.
@@@ QUAL:Ø.PFV:1SG.S:Ø.
v AR.O. 3SG.S:QUAL:Ø.IPV:H.
adv
@@@ 3SG.S>3SG.O. QUAL:DH.PFV:H.
v QUAL:Ø.IPV:1SG.S:H.
v
n 1SG.PSR.
adv
advlizer
v 3SG.S>3SG.O. AA.PFV:Ø.
advlizer
nomprt
v 2SG.P. 3SG.S:Ø.IPV:H.
proform
coordconn
coordconn
advlizer
v INDF.O:3SG.S:AA.PFV:Ø.
v 3SG.S:DH.PFV:Ø.
@@@
n
@@@ 1PL.S:AA.PFV:L.
n
mod
n
dir
post
v 3PL.S. AR.S:DH.PFV:Ø.
v 3PL.S:Ø.IPV:Ø.
v
mod
post
@@@ 1PL.S:AA.PFV:L.
post
advlizer
v UP. SUN. 3SG.S:AA.PFV:Ø.
v IT. 1PL.S:INC:OPT:D.
coordconn
post
v 3SG.P. QUAL:Ø.IPV:1SG.S:Ø.
v 3SG.S:QUAL:Ø.IPV:H.
v CON. QUAL. DH.PFV:2SG.S:L.
v 3SG.S:DH.PFV:H.
v 3SG.S:QUAL:DH.PFV:H.
post RECP.P.
v AR.S. INC:DH.PFV:Ø.
nomprt
v 1PL.S. QUAL:DH.PFV:Ø.
adv
v OPT:2SG.S.
v 3PL.S. QUAL:DH.PFV:L.
interj
coordconn
n
v
proform
n 2SG.PSR.
n
coordconn
DM
v
post
v INDF.PSR.
coordconn
@@@
adv
@@@
adv
proform
post
@@@
proform
v 3SG.P. PP. Ø.IPV:1SG.S:D.
@@@ 3PL.P.
adv
advlizer
advlizer
n 3SG.PSR.
verbprt
nomprt
advlizer
mod
v IT. 1PL.S:INC:Ø.IPV:D.
dir
proform
n
n
v 3PL.S:Ø.IPV:Ø.
DM
n
post
post
n
adv
v AR.S:Ø.PFV:Ø.
v CONT. 1PL.S:Ø.IPV:Ø.
adv
v AWAY. IT. 1PL.S:Ø.IPV:Ø.
DM
proform
n
interj
adv 3SG.P. PP. AR.S:Ø.PFV:Ø.
v 1PL.S:QUAL:DH.PFV:L.
@@@ REFL.PSR.
inter
@@@ REFL.PSR.
v 3SG.S>3SG.P. Ø.IPV:H.
adv
dir
v
adv
n
v ?. 3PL.S:N.PFV:Ø.
v 3SG.S>3SG.P. Ø.IPV:H.
v 3PL.S>AR.O:AA.PFV:Ø.
v RECP.O. 1PL.S:QUAL:Ø.IPV:D.
proform
v 3SG.S:INC:AA.IPV:Ø.
post 2PL.P.
adv
proform
n
@@@ 3SG.S:N.PFV:Ø.
v 3PL.P. 3SG.S:Ø.IPV:H.
post
coordconn
nomprt
n
adv
dir NTRL.
n
advlizer
DM
nomprt
v INTO.FIRE 3SG.S:QUAL:AA.PFV:H.
v AR.S. INC:DH.PFV:Ø.
post
@@@ 1SG.PSR.
mod
DM
dir
n
n
verbprt
dir
n 1SG.PSR.
nomprt
v 3PL.S:Ø.IPV:Ø.
advlizer
post
inter
post
post
post 3SG.P.
nomprt
post
adv
n GIRL
post 1SG.P.
DM
post
post
n
post
post
n
DM
v IT. Ø.IPV:1SG.S:Ø.
v 1PL.S:QUAL:AA.PFV:H.
n 1SG.PSR.
v 2SG.P.
n
verbprt
DM
dir NTRL.
v AR.S:Ø.PFV:Ø.
n
nvp
v 3PL.S:Ø.IPV:L.
v QUAL:QUAL:Ø.PFV:Ø.
adv
nomprt
n 3SG.PSR.
adv
v INDF.PSR.
n 3SG.PSR.
post
n
v 3SG.S:AA.PFV:Ø.
advlizer
DM
proform
post
dir NTRL.
n
n
advlizer
v 3PL.S:N.PFV:Ø.
v 3PL.S:Ø.IPV:Ø.
dir ADJC.
post
nomprt
coordconn
n
coordconn
v 1PL.S:INC:Ø.IPV:Ø.
v IT. 1PL.S:DH.PFV:D.
mod
proform
adv
advlizer ADVZR
post 1PL.P.
n 1SG.PSR.
post 3PL.P.
coordconn AND.THEN
v 3PL.O. 3SG.S:Ø.IPV:H.
adv
v IT. 3SG.S:INC:Ø.IPV:D.
v AR.S. INC:QUAL:AA.IPV:Ø.
@@@
v PRMB. 3PL.S:INC:Ø.IPV:Ø.
adv AR.O. 3PL.S>AR.O:AA.PFV:Ø.
quant ALL
n GIRL
post 3SG.S>3SG.P.
proform
proform
proform
n
v AA.IPV:1SG.S:Ø.
mod
advlizer
n INDF.PSR.
mod
post
coordconn
@@@ 3SG.S:DH.PFV:Ø.
advlizer
adv
v 3PL.O. 1PL.S. AA.PFV:Ø.
post
coordconn
v RECP.P. TRADE. 1PL.S:AA.PFV:L.
post
n 1SG.PSR.
coordconn
cardnum
coordconn
v
n
mod
v
@@@
coordconn
pro ANYTHING
interj 3PL.P. CATCH. 3PL.S:DH.PFV:Ø.
adv
v IT. N.PFV:1SG.S:Ø.
v AR.S:Ø.PFV:Ø.
post
n
n
DM
v 3SG.S:CON. QUAL:DH.PFV:Ø.
@@@
v AR.S:DH.PFV:D.
n
adv
cardnum
DM
v 1SG.PSR.
v IT. 3SG.S:INC:Ø.IPV:D.
v OUT. 3SG.S:QUAL:DH.PFV:Ø.
n
coordconn
proform
n 1SG.PSR.
post 1SG.P.
@@@ TERM.
n
v INSIDE. IT. 1PL.S:Ø.IPV:L.
advlizer
adv
n
advlizer
n
n
post RECP.P.
@@@
v
adv
nomprt
DM
v WEAPON. 3SG.S:INDF.O:QUAL:DH.PFV:D.
v IT. 1PL.S:INC:Ø.IPV:D.
v 3PL.P. 3PL.S:AA.IPV:Ø.
verbprt
v IT. DIST:1PL.S>INDF.O:Ø.IPV:Ø.
v 3PL.O.
v 3PL.S. INC:DH.PFV:Ø.
adv
adv
v 3SG.S>3SG.O. INC:QUAL:AA.IPV:L.
v 3PL.S>3SG.O. 3PL.S:INC:AA.IPV:L.
n
v 3PL.S. QUAL:DH.PFV:H.
adv
coordconn
DM
n
adv
v Ø.IPV:1SG.S:H.
n
v RECP.P. PEJ. 3PL.S:Ø.IPV:D.
coordconn
nomprt
adv
adv
coordconn
post
n INDF.PSR.
coordconn AND.THEN
n
@@@
coordconn AND.THEN
v 3SG.S:QUAL:AA.PFV.
advlizer
dem
@@@
v QUAL:Ø.PFV:1SG.S:Ø.
post
@@@ 1SG.O. 3PL.S:Ø.IPV:Ø.
v 3SG.S:Ø.IPV:H.
nomprt
v 1SG.PSR.
post
v QUAL. INDF.O:3PL.S:INC:DH.PFV:Ø. D.
n
advlizer
n
v IT. 1PL.S:INC:OPT:D.
adv
adv
DM
@@@ NTRL.
inter
post 1SG.P.
dir NTRL.
v
n 1SG.PSR.
adv
adv
v
nvp
proform
proform
v 1PL.S:Ø.PFV:Ø.
post
mod
n
v IT. INC:OPT:1SG.S:D.
DM
v IT. 3SG.S:QUAL:AA.IPV:D.
post 1SG.P.
post 3SG.P.
v AR.S:Ø.PFV:Ø.
adv
coordconn
adv
proform
dir
coordconn
verbprt
n
post
v UP. 3SG.S:DH.PFV:Ø.
post
@@@ 3SG.P.
post
v
n
post
coordconn
pro
n
DM
post
adv
post 3PL.P.
v OUT. IT. 3PL.O. 3PL.S. INC:AA.IPV:Ø.
adv
proform
post 3SG.S>3SG.P.
interj
n
v 3PL.S:DH.PFV:Ø.
v ?. 3PL.S:Ø.IPV:D.
inter
v AR.S. 3SG.S:AA.PFV:Ø.
@@@
verbprt
n 3SG.PSR.
proform
mod
v QUAL:AA.IPV:2PL.S:Ø.
dem
post
adj
nomprt
advlizer
v 3SG.S:N.PFV:Ø.
advlizer
v OFF.TRAIL. OPT:2SG.S:Ø.
v 3SG.S>3SG.O. QUAL:Ø.IPV:H.
coordconn
n
v 3PL.P. 3SG.S:Ø.IPV:H.
dir NTRL.
v 3SG.S:QUAL:Ø.IPV:H.
v
DM
v 3SG.S:QUAL:Ø.PFV:Ø.
adv
coordconn
v 3SG.S:DH.PFV:H.
v TERM. 3SG.S:N.PFV:Ø.
n
v 3SG.S>3SG.P. Ø.IPV:H.
post
advlizer
n 2SG.PSR.
DM
coordconn
coordconn
v QUAL:Ø.IPV:1SG.S:Ø.
@@@ 1PL.P.
n
n
dir
coordconn
v 3SG.S>3SG.P. Ø.IPV:H.
post 3PL.P.
advlizer
v AR.O. INC:AA.IPV:2SG.S:H.
v PRMB. INC:AA.IPV:2SG.S.
dem
post
n 1SG.O.
advlizer
inter
n 1SG.PSR.
v 3SG.S:OPT:Ø.
DM
@@@
n 3PL.PSR.
nomprt
v 3SG.S>3SG.P. Ø.IPV:H.
post
v 3PL.S:DH.PFV:Ø.
advlizer
n
coordconn AND.THEN
DM
nomprt
v 1PL.S:INC:DH.PFV:Ø.
n
advlizer
v FIGHTING. 3PL.S. QUAL:DH.PFV:H.
DM
v 1PL.S:Ø.PFV:Ø.
coordconn
n 3SG.S>3SG.PSR.
advlizer
verbprt
proform
advlizer
DM
coordconn
dir PROX. AR.
post
mod
n
nomprt
verbprt
mod
quant ALL
v PP. PEJ. 3PL.S:Ø.IPV:D.
v AR.S:Ø.PFV:Ø.
post
v CON. OPT:2SG.S:Ø.
n
v INSIDE. 3PL.S:Ø.IPV:H.
interj
v FIGHTING. 3PL.S. INC:DH.PFV:H.
advlizer
inter
adv
coordconn
n REFL.PSR.
v 3SG.P.
inter
n
n
nomprt
advlizer
v
advlizer
n
verbprt
verbprt
v PRMB. 1PL.S:INC:AA.IPV:D.
advlizer
adv
post
n
proform
n INDF.PSR.
v 3PL.S:Ø.IPV:Ø.
post
coordconn
n
coordconn
post
n
v 1PL.S:Ø.IPV:Ø.
v DANCE. 3PL.S:Ø.IPV:L.
n DOG.
adv
cardnum
v 3SG.S>3SG.P. Ø.IPV:H.
advlizer
coordconn
coordconn
mod
post
v ?. 3PL.S:Ø.IPV:D.
v ?. AA.PFV:1SG.S:L.
post
@@@ 3PL.S:DH.PFV:H.
n
coordconn
v CON. QUAL:I.PFV:1SG.S:H.
advlizer
coordconn
nomprt
DM
v 3PL.S. QUAL:DH.PFV:L.
coordconn
pro
@@@ N.PFV:Ø. 3PL.S:N.PFV:D.
advlizer
post 3SG.P.
n 1SG.PSR.
v 3SG.S:QUAL:DH.PFV:H.
@@@ IT. 3PL.S:AA.IPV:D.
adv
proform
proform
v AR.S:DH.PFV:D. QUAL:DH.PFV:L.
@@@
inter
@@@
adv
advlizer
adv
advlizer
v TERM. N.PFV:1SG.S:H.
post
v 3SG.S:DH.PFV:Ø.
nomprt
n 1SG.PSR.
v
n 1SG.PSR.
coordconn
v PRMB. INC. DH.PFV:1SG.S:Ø.
coordconn
post
post
coordconn
n 3PL.PSR.
@@@
n
n
n 3SG.PSR.
v 3SG.S:INC:AA.IPV:Ø.
adv
@@@
DM
advlizer
@@@
v PRMB. 3SG.S:QUAL:Ø.IPV:L.
n
@@@ 3SG.S:AA.PFV:H.
v ADJC. INDF.S:QUAL:DH.PFV:L.
post 3PL.P.
coordconn
n
v QUAL:Ø.IPV:1SG.S:Ø.
n
adv
n
n
DM
@@@
v 3SG.S>3SG.O. INC:DH.PFV:L.
v 3SG.S:Ø.IPV:H.
n
v
n
v TERM. IT. INC:AA.IPV:2SG.S.
v ?. PP. Ø.IPV:1SG.S:D.
verbprt
quant ALL
post
n
coordconn
@@@
nomprt
proform
adv
n 1SG.PSR.
post 2PL.P.
adv
@@@
v QUAL:Ø.IPV:1SG.S:Ø.
adv
v 3PL.O. 3PL.S:Ø.IPV:Ø.
n
DM
advlizer
n
coordconn AND.THEN
v PRMB. 3PL.S. 3SG.S:QUAL:AA.PFV:Ø.
n
advlizer
post
advlizer
post
v 3SG.S:QUAL:DH.PFV:H.
v ADJC. INDF.PSR. QUAL:Ø.IPV:Ø. QUAL:OPT:2PL.S:L.
coordconn AND.THEN
v 3SG.S:QUAL:Ø.IPV:L.
advlizer
advlizer
adv
post 1PL.P.
mod
inter
inter
v QUAL:Ø.PFV:1SG.S:Ø.
n
n 3PL.PSR.
adv
proform
advlizer ADVZR
v IT. 3SG.S:AA.IPV:D.
advlizer
v COMPLETELY. INDF.O:QUAL:DH.PFV:H.
v 3SG.S>3SG.P. Ø.IPV:H.
proform
@@@ 3SG.S:AA.IPV:Ø.