tel-#3SG.S:INC:DH.PFV:L. tthät#SG.run:PFV
k'it#on
k'at'eey#NEG
tuu#water
ts'anh#from
shyiit#in
nee-#1PL.P. daategn#AR:between
u-#3SG.PSR. łįįg'#dog:POSS
that#that
sh-#1SG.PSR. dia'#younger.sister
ts'oo#spruce
sh-#1SG.PSR. nąą#mother
dii#what
ts'igąąk#chickadee
na-#PRMB. h-#3PL.S. dįį-#3SG.S:QUAL:AA.PFV:Ø. tįįk#handle.AO:IPV:CUST
ay#3SG
t'eey#ADVZR
elih#cold
hu-#3PL.PSR. tsǫǫ#grandmother
t'eey#ADVZR
hǫǫ't'eey#still
hu-#3PL.PSR. ta'#father
ay.tl'aan#AND.THEN
łuugn#fish
du'#CT
k'eh#like
tsät#wood
k'ąy'#willow
nee-#1PL.PSR. tąy'#trail:POSS
łįį#dog
ay#3SG
hǫǫ'#thus
d-#REFL.PSR. aadeh#older.sister
iin#PL
t'eey#ADVZR
u-#CON. kol#NEGEX
t'oot'eey#although
hǫǫ'#thus
dah-#QUAL:Ø.IPV:2PL.S:Ø. dąy#do:IPV:NOM
t'eey#ADVZR
ni-#TERM. taa-#3SG.S:INC:AA.IPV:Ø. łeeł#handle.PL.O:FUT
sh-#1SG.P. k'eh#following
teeł#be.wide:IPV
ch'i-#DIFFERENT. shyuuy#place
ha-#OUT. ts'i-#1PL.S:Ø.IPV:Ø. łeey#handle.PL.O:IPV:NOM
mb-#3SG.P. aandah#around
mb-#3SG.P. aa#for
tl'aan#and
du'#CT
nee-#1PL.P. 'eh-#3SG.S:Ø.IPV:H. nih#say:IPV