that CON:AC
ins
1sIII father
house
go:and
leave,.return? 1SI REM.PAST
name
make PART
towards
letter
NOM2
just
that CON:AC
good
III
go.(of.three.or.more).
somewhere
NOM2
ins
hardship
ins
clothes
WHITE:PERSON
child
that:one
somewhere
and
and
something
1PI
towards
be:cold PART
1PI
salt
how:many
something
1PI
yes
house
WHITE:PERSON
CON:NOM
do.so,.to.happen TNS
be:here 1SI TNS
1PI
maker
people
CON:AC
just
go:and
letter
near.to
2PI
be REM.PAST
plural 1PI
subject:marker
still
LOC
son
WHATEVER.KIND.OF
THAT
something
that CON:AC
THAT
something
2PI
2SII BE:INSTILLED PART
really
LOC
III
THAT
look.for
that CON:AC
creek
2PI
1sIII father
1PI
1sIII father
go 1SI
speak,.say,.talk TNS
morning
again
again
people
III
think.(perhaps),.to.reckon TNS
go:and
exist.(of.one) 1SI
something
plural 1PI
THAT
go:and
only
how REM.PAST
kind:of
WHITE:PERSON
prev
letter
woman
people
that:one
before
no
again
again
learn 1SI WHEN
what?
be:here
1PI
that CON:AC
III
WHITE:PERSON
loc 1SII be:born. REM.PAST
1MPIII
believe
work.hard.at REM.PAST
STORE
LOC come
not
something
learn
ins
go 1SI
LOC
still
ins
NOM2
III
which LOC
something:happen
plural 1PI
fish
return PART
III
group PART
go.away 1SI REM.PAST
go.away 1SI REM.PAST
good POT
good
USED:TO REM.PAST
something
again
morning
plural 1PI
something
towards
III father SUBJECT:MARKER
WHITE:PERSON
not
WHITE:PERSON
speak,.say,.talk 1SI IRR TNS
again
not
month
who
III
CON:AC
little
corn
go:and
people
rock,.stone,.metal
again
ins
grandmother
plural 1PI
THAT
bush
that CON:AC
go REM.PAST
and:then:ss
BEGIN 1SI TNS
clean.(house) PART
2PI
work. 1SI IRR IRR:SS
CON:AC
that CON:AC
YOU 1SIII
people
NOM2
that CON:AC
1sIII father
exist.(of.three.or.more).
USED:TO REM.PAST
be:two
again
somewhere
KIND:OF
1sIII father
III
exist.(of.two)
close WHEN
WHATEVER.KIND.OF
something
SHIRT
2PII
be REM.PAST
hold PART
WHITE:PERSON
understand,.to.know 1SI TNS
do:always
THAT
something
1MPIII
people
understand,.to.know 1SI TNS
no
1SII be TNS
people
I:AM adult
THAT LOC
WHATEVER.KIND.OF
THAT
not
not
woman
START
cow
bush
group
something
be
little COMP:DS
that CON:AC
cut.(with.a.knife,.broken.glass). PART
USED:TO REM.PAST
1sIII father
1MPIII
NOM2
plural 1PI
1SIII good TNS
and
again
NOM2
die.
stop
1MPIII
people
house
go:and
again
doctor
something
child
how PART:SS
somewhere
go:and
plural 1PI
enter.(of.two)
edge
III
do.so,.to.happen TNS
START
something
III
exist.(of.three.or.more).
water
stand.
what?
plural 1PI
be REM.PAST
think.(perhaps),.to.reckon TNS
not
when:indef
again
go REM.PAST
no
reside.(plural.subject) USED:TO REM.PAST
not
think.(perhaps),.to.reckon TNS
DEBT
III
somewhere:else
go REM.PAST
tip
WHITE:PERSON
zero
what?
fry.
again
NOM2
THAT
THAT
NOM2
what?
CON:NOM
something
go:and
work. CAUS TNS
III
WHATEVER.KIND.OF
that CON:AC
START
not
work. 1SI
fish
again
III
START
1sIII sister.(of.a.male)
THAT LOC
how:long LOC
subject:marker
1MPIII
finish. 1SI TNS
down
again
1PI
what?
want IRR:DS
CON:AC
THAT
people
people
house
THAT
go TNS Q
not
that CON:AC
be REM.PAST
that CON:AC
something
sugarcane
clothes
III
learn
learn
cow
something
understand,.to.know 1SI TNS
that
WHITE:PERSON
1PI
LOC
altogether
THAT
do
THAT
COMP:SS
go
with
USED:TO PST Q
1SII be TNS
1MPIII
go.(of.three.or.more).
approximately PST
house
something
teach TNS
ins
mind
sit.(of.one)
be:strong. PART
walk.around TNS
DISAPPEAR TNS
1PI
say.
WHITE:PERSON
think.(perhaps),.to.reckon TNS
bush
1sIII father
go REM.PAST
think.(perhaps),.to.reckon TNS
something
1PI
that CON:AC
yes
people
corn
work. PART
people
get.in.a.row.(of.one)
cut
go:and
1PI
retire REM.PAST Q
go REM.PAST
Conehatta
return PART
LOC arrive.(here) REM.PAST
LOC
not
START
look.for
that CON:AC
that.one
THAT LOC
KIND:OF
KIND:OF
ins
USED:TO PST Q
THAT LOC
1sIII father
2PII mother
what?
1sIII father
people
THAT
that CON:AC
that CON:AC
be REM.PAST
subject:marker
people
what?
think.(perhaps),.to.reckon TNS
be:two
CON:NOM
LONG:AGO
again
III
how:many
KIND:OF
prev
people
towards
people
go:and
what?
people
land
be:two
CON:AC
CON:NOM
1MPIII
CON:AC
1MPIII
that CON:AC
weave 1SI TNS
go PST
finish.
land
which LOC
1MPIII
put.(one).in.a.row TNS
arrive.(here)
enter REM.PAST
you
do
COMP:SS
I:want
finish.
go
look.for
1PI
THAT
again
learn
SCHOOL
say.
child
not
1PI
work. CAUS TNS
go 1SI
reside.(plural.subject)
ins
go.(of.three.or.more).
1PI
1sIII father
THAT
something
ins
really REM.PAST
name SUBJECT:MARKER
THAT LOC
exist.(of.one) 1SI TNS
1PI
people
be
1PI
WHITE:PERSON
THAT
1PI
creek
shoes
that CON:AC
people
go:and
subject:marker
THAT LOC
exist.(of.three.or.more).
THAT
toward
carry.
2PI
again
do.so,.to.happen TNS
peel.(cane)?
something
people
that CON:AC
what?
return PART
THAT
1MPIII
go.(of.three.or.more). TNS
THAT
1PI
1SII LOC
2PI
do.so,.to.happen TNS