куьтӏ
ава й
ну
им
вуч -и -з
ина -л
жаван
кӏватӏ
ада
тавур -тӏа
хуш
ахпа
гьим
и
кьван
чара
вич -и -н
хьа -ана
ча
зун -ни
и
и
фе на -ш та
са
я
вилик
зун
я
вун а
вад
кан -и
гьама -ни
безхануман
кӏватӏ -ана
къура -з
ибур -ни
хьа йи -ла
чун
къач -уна
за
йедди -ди -з
эгекь ай -ла
и
эхир
чун
къач -уна
ида
ибур
къиямат
вуч -из
яхцӏур
заз
ина
гьа
и
зи
за
сонра
гьарай
за
тир
чун
самур
патав
жи
за
гьар
вич -и
сабурлу
ичӏер на
гила
хьи
за
тарифара -ди
сада
икӏа
гила
чун
цӏийи
четин да
гъа -нава -й
жаван
вун а
ава -й
гьинвайда
ала -й
жув а хъ
ман
агъуз
за
ва -з
за -л -яй
и
яргъал а ай
ча -з
са
са
цӏийи
белке
седакъет
и бур
вич -и -н
хъсан
гьабур -и -н
зи
ки
эхьир
са
кӏан -у -з
иер
самур
хьайи -ла
сонра
сагъ -ар на
ида @@@
и
кьве
хутах
гьакӏ
гьисят да
ва -з
кӏан -да
цӏуьцӏуьд
вуч
и
и
хьти -н -ди
цӏийи
ви
ава ай -ди
са
патав
и
ишигъли
хьи
хкер -ла
рафик а -н
чӏав а -л
и
изат на
им -ни
абур -у
ани -з
чава ай
цве -з
ибур -у
са
вун а
истрагьет на
са
жи
са
мицибур
ама -ч -ир
ахку на
гила
дуьмуьш зава -ди
хта -й -ла
са
ка й -ла
пата в
за
фе -й -ла
чун
исабала -ди
чун
хьи
иер
са
абур -у -н
чун
и
хта -й -ла
са
са
чи
архаин
и
ваъ
сад
вири -ни
чӏалах
хьи
джафер
гьина
ва -з
тӏва
гьим
ина
хкаж на
галаз -ни
чӏехи
я
хьи
са
патав
куь
и да -н
хьир
атӏу -з
ада
кан -и
куд на
а -бур
хьа
зун
маса
я -тӏа
са
са
аладар на
чи
вич и -з
и да -н
гьиниз
ви
гумир
вилик
юсуф
кве
игила
хвеши
и
вич -и -н
ибурун
икӏа
эхир
кӏев нава й
и
тӏа
яргъал а ай
килиг зава
и
хьу й
за -з -ни
и
чпин
киник
стӏур а -ни
я
ки
ки
ибур -у
ва
же зва й -ди
ада -з
са
зун
чун
зун
я
тамашатӏа
чун
ахпа
игирми
йетмиш
чи да
са
хьи
вун
зун
ида
и
зу
но
ахъай зава ай
ида @@@
тир
икьван
чаз
тир
лазим
ида -з -ни
атӏ
са
сада
ибур
са
ишигъли
хьи
язух
гьамам -да -NULL
гьакӏ
хьиз
ава й
и
и кьван
чун
ви
тӏимил
ибур
са
ча -з
ала й
за
и
хьи
чун
акъваз да й
са
санал
зу
за
лишанлу
эгер
тахьа ай -тӏа
къанни
иер
зу
ну
са
вуч
ибурни
ягъайтавур
зи
и
тек
зи
имни
ида -ни
са
гваз
исят да
хвеши
вун а
инра
эгьтибарсуз
инжиклу
безханум
сад а -з -ни
бес
и
ава -з
зун
чун
бахшай бур
имни
заз
чун
хвеши
и
агъи да й
гьакӏ
мад
цӏикьвед а -з
безханум а -з
вун
чун
хьи
ахпа
гудайла
са
зи
хьайитӏа
чун
тухурла
и
акъудир
къуллугъ зава -ч -ир -ни
чӏехи
вилик
хъувур
им
ихьтин
чи
кутва зва -й -ди
ахпа
кье йи
гьа
гила
яхцӏур
ак на -ни
са
хъсан
себриллагь
чагъу -ун
къачур -ла
хьа
хсуси
и
им
саягъ да
бес
са
и
мад
чан
гу д ай -вал
гъи -з
чан
мицид
седакъет
гьикӏ
ана
эхир
ахпа
ида
зун
ва -з
гьа
са
цӏуьлуь
сонра
исят да
галат нава й
ина -й
иер
зун
ахпа
гила
икӏ
ада -н
иер
вири да -з
и бур и
са
за
и
хвеши
да
са
тапара зава
десять
зун
и
бес
гьа на
ида -н
яраб
и
гьа
бес
хьи
маса
жаван
ки
вун
цвез
цуьлуь
эхир
сакӏа -ни
за
иер
ча -з
багъиш на
вич -и -н
чи
хьи
кӏан -у -з
чӏавуз
4ӏ
хта -й -ла
ина -й
зу ни
пуд а
за
къулухъ ай
а -бур
хьа -нава -ди
гьарад
и
абур -и к -ай
ча -з
има
гьич
мад
вуч -и -з
абур -у
гьа
ва
хейлаг
им
зун
чун
вуна
ваъ
ида
ибур -у
шад
вич -и -н
са
фейила
ибур
сад
сад
вуч -и -з
цӏуьлуь
ацукь а -й -ла
ча -з
га -ана -ч
гьакӏ а
лайих
бес
я
ада
гила
хъсан
са
са
гила
мици
ида к -яй
хта на -ни
муькуь
хвеши
вад
ва -з
са
фергьад
вич -и
кӏуьд
инал
бес
вуш
вуч
мейдан -да -л -NULL
и
ам
иси
чуг ай
гьада -з -ни
ахьтин
туш
ава ай -ди
гила
идани
гьакӏ
са
мадни
хьи
ки
завай -ни
ата й
кьван
икьван
хьтин
кӏан -и к
же да
артух
гила
ана -й
дердинлай
кьве
зи
са
яда
ада
ви
вич -и -н
и
гала -з
кьве -да ни
са
хъуву -рай
лагьа -й -тӏа
иер
хвеши
она
кичӏе зва
гьар
са
ахпа
на -з
гьич
гьада к -ай
киник
америка -ди -н
маса
гьакӏ
за
чун -ни
по
зи
куь
йухламиш
иер
кутӏур
ча -з
вич -и -н
ана -л -ай
абур -у -з
инра
зи
за
яру
еке
асул
имни
зун
анриз
аву -ана -тӏа
цӏийи
хкаж на
вахга на
са
кван
зи
за
жаван
ви
эн
ихъти -н
бес
зун
ида -ни
къач -уна
ци
за
чун
ам
са
эгекь ай -ла
ибур -у в -ай
са
хьа на -че
чун
же зва -й -ди
ана
еке
ина -л
эхъве на
инлай
са
хьи
вун а
кье йи
гьамам -да -NULL
и
ина
жи
хьи
и
мици
ваъ
маса
яргъал
ваз
твах
тавур -тӏа
ман
са
ахпа
мад
ки
ки
са
чал
хкве зва -ч
тамаш -й -тӏа
чун
севда
ки
хьа -нава -й
ида -ни
ви
са
куьтягь
и
сад
са
ва -з
зун
къулухъ ай
ки
вири да
ава ай
акъуд зава -й -ди
винел
зи
ибур
чпин
ви
зу
ида -н
гьа
изат на
им
яхцӏур
патаг
ки
и
вун а
ва -з
ахъа ай
са
вун
им
зун
бельгия -ди -з
же да й
зун
гьакӏ
яхцур @@@
хъсан
за
вич -и -н
и
им
чи
са
вун
афия
вилик
белке
дуьз
ну
дуьз
в
гьикӏ
ахпа
зун
и
мукьва -л
има
зун
гьич
къванши да -л
ина
кӏан -и
са
хъсан
икӏа
пара
идаз -л
гьакӏ
зи
вун
фи- да й
имни
икӏ
зун
ибуру
ида @@@
зи
вич -и
ругуд
я
бес
ини -з
йисус
за
бирден -ни
гваз
инлай
ама й -ди
чи
вун
гумир
за
ха
вообще
зи
чун
за -л
сонра
ида -з
сонра
имран а
за
ара да
къабагъы
има -ни
алукӏ на
ида
ада
кьван
зун
зи
йетмиш
мицибур -у
сад а -з -ни
ава -з
зи
ада -з
са
ана
экъечӏ зва
гьар
кьве
за в -яй
кьван
и
къай -и
хъ -ч
гудайла
са
эхъ -из
я
са
гьикӏ
къакъан -ди -з
хта -й -ла
вун
худат
га -й да -л ай
ана
вефасуз
вири да
ваз
иер
вичин
къвазара
за
зун
сонра
хьи
сонра -ни
гила
и
эхир
вуч да
гьадисе
гала -з
затӏа й -ла
за
пара
гьа -да -з
тек
и
ну
уже
атӏ
кьве
не
а -бур
чӏехи
са
патав
и
за -з -ни
сад а -н
им
и
и
дуьз
я
хьа -ана
анжах
мад
вот
чун
зун -ни
гурвал
и
тир
ӏ6
са
хвеши
хкат -ун
ата -й -ди
вич и -з
ча -з
ида
он
за
ви
ина
сырой
хъфе -нава -ч
ани хъ
и
досрочный
хьи
маса
ча -з
и
пат а -л
асул
ава -ч -из
ибур -ни
са
вич -ни
алад
ну
за
ида
зун -ни
и -м
има
са
ава -тир
са
зун
сифте
куьн -е
зун -ни
вун а
чирч да й
ана -л -ай
зун
ини -з
вич и -з
анадыр -ди -з
вун
мукьвал
ала -й
гьада к ай
советской
ама й -ла
тӏва
и
аллагь
хьи
американ р и
зун
за
кафирдилайни
ки
гьинвайди
гьым
зи
чи да
аку
им
экъецӏ
ида
шумуд -р а хъ
ама -ч
ам
и
я
кван
хьир
ида -з
хьа -нава
куь
зи
чун
са
гила
кьадар
ам
зун
гила
гила
ва -з
къийи
дуьз
за
зав
я
патав
агакь -ар да
сад -ни
кьуд а -з
вуна
вуч зава
гьабур -и
зун
са
са
са
гьин ай
са
и да -н
ак на -ни
вегьи да -й
им
ада
тунва
ча -з
ну
са
иер
иер
ва в
вун
ибур -у
чи
ибурни
и
ибур
серин -вал
ахпа
муьстекъил
ча -з
фадамаз
кьван
я
военный
ацукьарна
къугъв -ни
и
вун
еке
ихьтин
эхир
зун
ана
гуьрмет -ар на
ина -ра
им
ава й
им
гьаа
ихтилат да
вахга -нава
и
ибур -и -н
зу
эчӏир на
пара
за в -яй
са
вуч
са
терсина
филан
мици
эвел
за
на
ама
зун
къач -уна
им
сонра
гьа
и
ааа
кван
зун
ви
ва -з
@@@ да -л -ай -ни
лагьа на -й -ни
я
чӏулав
чи
ама -ч
чун
и
ава й
и
вун а
са
лугьу да -й
набран -ди -з
и
са
тахминан
за
зун
хъсан
шумуд
муькуьбур -у -ни
са
я
ида -з @@@
патак ай
ина
ва -з
ибуру в ай -ни
я
ваъ
а -бур
руш а к -ай -ни
и
ана
галат нава й тир
ида
чун
имни
ахпа
са
эхир
чун
ви
я
под
чун -ни
са
ваъ
лакин
чин ай
ида -з
и да -н
якъин
вун а
и
ва -з
гваз
ада к ай
гьа
за
гьикӏ
вефасуз
вич -и -н
хьа -нава й
и
анал
квез
анин
жи
кван
и
гва -з
ава й
вуч
вуч
не
кьве
лугьу -ун
ахьтин
чун
польша дай
ида к ай
вич -и -ни
ахпа
им
килига й -тӏа
чукур ай -ла
ава -тӏа
са
хьи
гьим
чуьнуьх
ама
и
и
за
ибур -ни
хьир
за
белке
гьа
зун
зун
элкъве -из
экеч а
ва -з
хьи
исабала -ди -н
жи
за
гуьре
экъве да
гьар
гьаа
зи
къирах -ди к
пара
же да -й
мад -ни
санал
атӏу -из
за
вун
зун
за
новгород да
вич -и к -яй
зун
ина
и
дуьз
гьикӏ
маса
икьван
авур
ви
вичи -н
и
самур
хьи
и бур
чун
гьикӏ
са
винел
и
я
ки
чун
и -м
инихъ -ди
чи да
за
иштирак на
ци
белке
ана й
са
квека й
за
анжах
не
бес
гьикӏ
гьа
сад
патав
вун а
гьада -л ай
интересный
къваз -нава -й
кьван
муьтлег
гьар
ани -з
са
къалур зава -ч
зун -ни
иникъ
ахъа -й из
мехъерарна
инал
патав
са
кван
вири да -з
стан
хьи
са
сад
эхир
бес
зи
ча -з
гьамам -да -NULL
чун
вуч -и -з
ала -й
инал
зи
са
гьа
са
сад а
ва -з
исят да
хьайи -ла
бес
мад
има
хьтин
иер
патак ай
гьич
хьир
чун
ида -н
са
лайих
ава й
им -ни
гьа -да -н
хьа йи
ва в
са
эвецӏ -да
и
гьим
ида -н
текче
за
ибуру
хьа -ана
им
я
къени -н
пис -вал на -й
исят да
бес
яхцӏур
и
гьа на
хкве да й -ла
и
ча -з
дуьз
иер
жагъур на
са
гьакӏ
им
и
ара да
ам
ну
и
ида -ни
чка да -л
яхцӏурни
ада
вуч
вич и -з
кьве
за
ки
хкве -р -ла
зи
кьве
яшамиш
гьа
кӏанай
вун
къерехда -л
са
ибур
ва -з
иер
чи
хьи
са
кьве
ахъаюнма -з
вун
экеча
ибур
ва -з
им
американ р и
гьикӏ
молодой
ида -ни
и
экечӏ зава й
ава -ч -ир
вуга нава
ам
зун
зун
ки
икьван
са
и
докъкъузюз
тегьер
вуч -и -з
и
чун
агъуз
ана -л -ай
зу
за
иер
а -бур
кьулухъ
эхир
ваъ
маса
за -ни
гьабурузни
чи да
ава -й -ди
за
гьикӏ
абур
къулухъ
а -бур
гьарай
ва -з
ада к ай
ахпа
вун а -ни
гьабур
сад
рекьи да -й
сад
и
вири да
ина -л
и
шумуд
регьет
и
гила
ккӏ
за в -яй
ахпа
ахпа
зун
олмагла
американ -яр и
са
белке
ибур -ни
и
вич -и -н
ида к ай
бес
яргъа -з тир
гагьат зава -ди
мад
ва
сонра
ибур -уьн
маса
ава -з
вун
ки
за
магадан да
вич -и хъ
ахпа
и
ибур
исят да
са
свободный
гьи
садра -ни
ина
ана -й
ви
за в -яй
хьанатӏани
я
гьада в
са
за хъ
хьа -ана
хкве -р -ла
са
и
ибурун
же да
йисус
патав
вич -и -н
ленинград -ди -н
и
маса да -н
са
ийизватӏани
са
зу
ида -ни
зун
жув а -н
сонракиз
ва -з
патакай
ки
ну
чун
ава -з
анжах
а да к -ай
зун
зун
ава й
бес
и
ина -л
са
я
ина
и
акуртӏа
вине -л
гьаа
ибур
хъсан
я
яшамиш
вун
за в -ай
я
ки
гала -й
шад
чара
ки
на
чи
нуьсрет
пара
и
зи
ци
я
за
и
вич и -з
и
ида
ахъа -й из
за -з -ни
и да
ихьтин
безханумаз
ва -з
ва -з
хьтин
афия
хуьррем
седакъет
мад
ахпа
я
вич -и
пулдал -ди
са
за -н -ни
худат
ахпа
и
и
зи
гьин
иер
хьа -нава й
ки
же зва -ч
ида -н
хъсан
хьи
гьин
ци
гьа
хьи
автобус -да -NULL
къай -и
чан
гелягъ на
са
акунгаз
вун
ада
кӏан -и к
има
сура
и
иер
ахпа
тӏва
о
ида -ни
са
чи
за
икьван
гьикъван
ахътин
квез
цве -з
са
чун
хьа -ана
и
гьим
ида @@@
са
и бур
са
жув а -н
туш
гьа
гьагъа да -л
винел
мад
ида @@@
исят да
ман
ахъа
са
гала -з
адани
ахпа
джагьан
акур
же зва
зи
эгер
за
ава й
яхцӏур
чун
за
гьа да -н
саниз
пата -л а й
гила
килиг ай -ла
ахпа
ида -ни
квез
летний
зун
фе йи -ла
сакӏани
ва -з
ви
са
гьада -н
гьетта
хъсан -ди к
зун
са
ягъа зва й -ди
и
кьулухъди
вун
ахпа
ани хъ
чун
ада -з
талыш
филан
ва
ви
кхьа -й -тӏа
чуг зава тир
за
им
къванж -и к ай
и
вилик
хъсан
вак
ава -з
хьа нава
зун
за
чара
вун
бес
кван
гьана -л
чи
ча -з
иер
я
гала -з
зи
хкве -р -ла
гуржистан -ди -з
сонра
вун
ава й
тӏимил
зун
ала й
за
за
ва -з
са
пара
и
са
хьи
има
ва
ахпадаказ
гала -з
гьада -з
севда
и
ам
ман
хьи
ибур
чун -ни
ида
жагъи зва -й
са
гьам
гьагьам
тир
гила
къерехда -л
зи
мехъерарна
ибуру
шуькуьр
ава -й -ди
я
а -бур
я
ана
за
зун
зун
за
хьи
авур
абур -у
ва -з
конечно
жаван
жув
чун
къванж -и к ай
зи
чпин
къаз
гьакӏ
кван
вун
за
и
жи
зун -ни
ки
куьн
кӏан да
ада
мици
вич -и -н
чун
чи
чун
и
има @@@
джагьан
дагьи
и
же зва -й -ди
хъсан
фейитӏа
гьелелик
ахьтин
бебир
гьа
сонра
чуьн
хьи
арадлай
за
военные
ида
экъечӏа
безханум
кьве
вун а -ни
чи й -вал
са
са
зун
мехъер -ар на
зун -ни
и
квез
яхцур @@@
ахъа -й зва -й -ди
хъсан
за
чпин
къалур ай -ди
за -л
ава й
тӏимил
пара
вун а
чун
хьи
тир
пата -л а й
сарах
зи
ама
яхцӏур
жув а -з
руш а к -ай -ни
вун
ава -й
акъат
джагьан
исабала -ди в
жаван
арадлай
ани -з
вуч -и -з
ви
ваз
пара
са
ат
ава ай
са
са
билесувар -ди -з
за
хъсан
я
иер
ва -з
иер -ди
жаван
вич а -л
вун а
хейлаг
и
я
гьа
эхьир
и
идан
хьтин
гьа
за
гила
ада -з -ди
ара да
ча -з
чун
хьа
же да -й
ва -з
гьим
муьстекъил
сад -ни
ида
гила
ан а -л
вич -и в
кьве
эхир
чи
са
ахпа
самур
эхир
акат да
ана
са
хт -ла
ваз
хкягъи -н
им
са
яхцӏурни
лишанлу
фе йи -ди
вич -и -н
ахпа
вун а
прямой
ина -л
им
къгъа нава
вуш
гьиниз
ида к
им
зун
гьада -н
арадлай
кьван
ахпа
за
гьабур @@@
хьи
ки
ча -з
на
за
ава -з
хьи
чун
гьиниз
ина -й
хъсан
га -й -ди
ви
ида
вич -и -н
мад
чи
ина -й
са
седакъет
къевиз -ни
чун
совпадение
ава -з
зун
жи
гьикӏ
алад
има
винел
чун
и
и
за
гьикӏин
бес
винел
зун
кьве
сад
кьвед
ва -з
сад
хьиз
акьуллу
за в -яй
кьве
хвеши
и
и
ихьтин
и -м
гъи -ди -ин
гьикӏ
ида -з
ава -й -ди
гьада -з
я
хьа -ана
лугьу да ай
жи
гьар
мад -ни
ахпа
жуваз
еке
ахпа
хьи
хкягъи -н
акьва зва
зун
сад
и
кьадар
куьне
ида
са
ида -з
ваъ
икьван
я
ин -и -з
межнун
гегьенш тир
ча -з
хьтин
гьар
и да -з -ни
зун
акьа -из
алат -ана
за
дуьз
буьркьуь
вуч
явашдак
чукур ай -ла
жугва -из
ругуд
зи
он
ида -з
чара
лап
ава -й -ди
зун
а да -з
са
ф -ена
чун
чпин
ихьтин
ава й
гьа
фе на @@@
чпин
чун
я
гьабур -и к -ай
миграгъ а -л
угъурсуз
за хъ
ви
тагу да ай
экъецӏ -да -маз
чун
за
яхцӏур
эчӏир на
квез
чи
и бур
я
гьина
вун
им
кан -и
ваз
хьа йи -ла
эцек
давай
гьада -з
хуш
ва -з
ну
ктӏун -ана
зун -ни
ибуру
хъсан
имни
чи
гьа
эхир
пара
еке
инай