кӏан#want -зава#IMPF -й#PTCP
пат#side а#OBL -з#DAT
ва#and
экъечӏ#appear -на#AOC
ыыы#uh
ви#2sg.gen
гада#boy
лугь#say -уда#ENT
къулухъ#after
за#1sg.ERG
кьвед.лагьай#SECOND
ча#1pl.gen -з#DAT
лугь#say -уда#ENT
ф#go -ена#AOC
ат#come -анва#PERF -й#PST
ина#here -й#PST
ава#cop
са#one
сонра#after
са#one
польша#Poland -ди#DIR -з#DAT
безханум#Bezkhanum а#ERG
за#1sg.ERG -з#DAT
рекь#way -е#IN -NULL#ESS
а#that
мейдан#town.square -да#OBL -л#SP -NULL#ESS
чун#1pl.abs
и#this да#OBL -з#DAT -ни#AND;FOCUS
вад#five
чӏав#time -у#OBL -з#DAT
къач#buy -ун#HORT
вуна#2sg.erg
яргъи#long
пад#side
яд#water
вири#all
за#1sg.ERG
лакин#but
буба#grandfather -ди#OBL -н#GEN
лугь#say -узва#IMPF
ава#is -й#PST
лагь#say -ай#AOP -ла#TEMP
гьамбал#servant -ар#PL
ф#go -ида#ENT
гьикӏ#how
за#1sg.ERG -з#DAT
са#one
руш#girl -ар#PL -и#OBL -н#GEN
гьа#that,.the.same
туш#cop.PST.NEG
ина#here
экуьн#morning -е#OBL -хъ#PT -ди#DIR
лагь#say -ана#AOR
иер#beautiful
по-русски#in.Russian
а#that
хт#return -анва#PERF
да#yes
я#scratch
набран#Nabran.to -ди#OBL -з#DAT
ф#go -ена#AOR
лагь#say -ана#AOR
гала#with -з#DAT
гуржистан#Georgia -ди#DIR -з#DAT
вуч#what.do -да#FUT -тӏа#COND
вич#himself -и#ERG -н#GEN
са#one
ава#cop
лагь#say -ана#AOR
воо#well
хтар#necklace -ар#PL
ат#come -ана#AOC
ахпадиказ#then
къв#fall,precipitate -езва#IMPF
йедди#seven -ди#ERG -з#DAT
элкъв#turn.back -ена#AOC
ама#still.be,.remain -ч#NEG
инал#here
вил#eye -ер#PL
лугь#say -узва#IMPF
накьв#soil
яд#water
и#this
гада#boy -ни#AND;FOCUS
лугь#say -уда#ENT
ва#2sg -з#DAT
вич#himself -и#ERG -н#GEN
лугь#say -узва#IMPF
це#give
вуч#what -и#ERG -з#DAT
стха#brother -яр#PL -ни#AND;FOCUS
аладар#long
лугь#say -уда#ENT
ахвариз.фейи#GOING.TO.SLEEP.TEMP -ла#TEMP
цуьлуь#childhood
на#you
за#1sg.ERG
она.гуьре#THERFORE
гьуьл#sea -уь#OBL -н#GEN
стха#brother -яр#PL
гада#boy -ди#ERG
руш#girl
атӏурвал#cuting.PTP.MAN
ада#he
ваз#you
лагь#say -ана#AOR
пачагь#king
цӏыцӏ#tsits
баде#grandmother
цай#fire
вил#eye -ер#PL
са#one
голландия#Holland -ди#ERG -з#DAT
юкьв#middle -а#IN -й#EL
гъ#bring -ин#HORT
гъ#bring -ида#FUT
ахпа#then
кицӏ#dog
чан#dear
а#that
сонра#after
дерин#deep
гагьат#escape -зава#IMPF
терсина#on.the.contrary
векь#hay -ер#PL
гва#have
гьуьл#sea -уь#OBL -н#GEN
а#that
урус#russian -яр#PL
за#1sg.ERG
фу#bread
гвай#was -бур#PL -у#ERG -н#GEN
гьабур#them -у#ERG
къирмаж#whip -ди#OBL -в#AD -NULL#ESS
лагь#say -ана#AOR
тх#take -уз#IMC
мектеб#school -да#IN -й#EL
тӏва#other
са#one
ф#go -ена#AOR
за#1sg.ERG -ни#AND;FOCUS
в#in
балкӏан#horse -да#OBL -л#SP -NULL#ESS
пармак#hat -ни#AND;FOCUS
ханум#Ma'am а#ERG
и#this
и#this
зи#1sg.gen
ки#that
ви#2sg.gen
къв#come -еда#ENT
гьабур#them
са#one
эхир#after.all
лагь#say -ана#AOR
за#1sg.ERG -з#DAT
дагъыстан#Dagestan's -ди#DIR -н#GEN
тир#was
инрай#here.from
хуьр#village
за#1sg.ERG
чан#dear
лагь#say -ана#AOR
лагь#say -ана#AOR
са#one
мици#another
тагиев#Tagiyev -а#OBL -з#DAT
эвер#call -на#AOC
вахт#time
ни#whoever
лагь#say -ана#AOR
гада#boy -яр#PL
диде#mother -ди#OBL -з#DAT
ваъ#no
са#one
ат#come -ана#AOC
за#1sg.ERG
са#one
за#1sg.ERG -з#DAT
рази#agree
за#1sg.ERG -з#DAT
ахъа#open
гьич#never
са#one
ишигъли#light
истикан#glass
са#one
лугь#say -уда#ENT
и#this
ама#but
къагъ#bring.again -ана#AOR
кьил#chapter -е#OBL -л#SP -NULL#ESS
вуч#what -и#ERG -з#DAT
истикан#glass
кицӏ#dog
ида#he.also -ни#AND;FOCUS
диде#mother -ди#OBL -н#GEN
гьат#fall.on -на#AOR
лагь#say -ана#AOR
и#this да#ERG
за#1sg.ERG
ф#go -ида#FUT
лагь#say -ана#AOR
шуькуьр#thanks
гьабур#them -и#OBL -н#GEN
зур#half -ар#PL
хьуй#let.it.be.OPT
ма#you.know
хьа#be -ана#AOR
элягъ#take.off -на#AOC
лугь#say -уда#ENT
къари#old.woman
ахпа#then
атӏу#cut -из#INF
гьа#today
регьметлу#dead
ида#him.to -ни#AND;FOCUS
хта#return -нава#PERF
и#this
кичӏе#fear
буба#grandfather -ди#OBL -з#DAT
хъсан#good
цӏийи#new
ви#2sg.gen
сонра#after
са#one
кӏвал#house -е#IN -NULL#ESS
гьада#then
рикӏ#heart -е#IN -NULL#ESS
сад#one
шикил#picture
сонра#after
чира#separated
гада#boy -ди#OBL -н#GEN
руш#girl
лугь#say -уда#ENT
чан#dear
бес#And.but
мектеб#school -ди#OBL -л#SP -ай#EL
за#1sg.ERG -з#DAT
хьа#being.AOC
кьван#so.much
са#one
балкӏан#horse -ди#ERG
ава#is -ч#NEG
гьи#this
буба#father
ак#look -уна#AOC
вач#go.IMPV
гаф#word -уна#OBL -л#SP -NULL#ESS -ди#OBL
ахътин#like.that
буба#grandfather -ди#ERG
кӏвал#house -е#IN -NULL#ESS
кабинка#cab -да#IN -NULL#ESS
ф#go -ена#AOC
мертеба#floor -ди#OBL -з#DAT
баки#Baku -да#IN -NULL#ESS
лагь#say -ана#AOR
къач#buy -уна#AOC
ана#there -й#PST
руш#girl -ни#AND;FOCUS
лагь#say -анва#PERF
хьа#happened -нава#PERF -ш#NEG
за#1sg.ERG -з#DAT
зи#1sg.gen
са#one
гада#boy -йр#PL -и#OBL -з#DAT
хт#return -анва#PERF
жува#yourself -з#DAT
чун#1pl.abs
къачагъ#robber -ар#PL
муьстекъил#independent
бере#time -да#IN -NULL#ESS
диде#mother -ни#AND;FOCUS
накьв#soil -ни#AND;FOCUS
уборка#clean
гевгьер#pearls -ар#PL -ни#AND;FOCUS
дере#valley -да#IN -NULL#ESS
за#1sg.ERG -з#DAT
ф#go -ена#AOR
чна#1pl.erg
кьин#swear
ада#he -н#GEN
лугь#say -уда#ENT
и#this -м#ABS
гила#now
она.гуьре#THERFORE
фадамаз#quickly
шив#steed
са#one
лагь#say -ана#AOR
мех#fur
машин#car
ахтынский#Akhtinsky
кхь#write -енва#PERF -й#PTCP
чун#1pl.abs
фикир#attention -ди#OBL -з#DAT
ви#2sg.gen
г#give -ана#AOR
анин#his
ава#is -й#PST -ди#DIR
за#1sg.ERG
балкӏан#horse -ди#OBL -н#GEN
руш#girl
а#that
ф#go -ена#AOR
явашдак#slowly
руш#girl
са#one
ала#is.there -й#PST
вич#himself и#ergative -з#DAT
хв#keep,defend -ена#AOR
исабала#Isabala
ават#fall -да#FUT
цай#fire
рекь#way -е#IN -NULL#ESS
кар#case
а#that
а#that -бур#PL
лугь#say -узва#IMPF
чна#1pl.erg
кӏвал#house -е#IN -NULL#ESS
за#1sg.ERG
т#leave -мир#PROH
гьахь#enter -ин#HORT
икьван#so.much
кӏвал#house -и#OBL -з#DAT
за#1sg.ERG
пачагь#king
са#one
пуд#three
тухв#take -да#ENT
пачагь#king -ди#OBL -н#GEN
къунши#neighbor -да#OBL -л#SP -NULL#ESS
йис#year а#ERG
ухшар#similar
совет#Soviet -ди#ERG -н#GEN
вил#eye
хъф#go.again,return -ена#AOR
са#one
са#one
руш#girl а#OBL -к#SB -ай#EL
чӏугва#draw,pull -из#INF
чун#1pl.abs
лугь#say -узва#IMPF
пӏуз#lip -арар#PL
казарма#barrack -да#OBL -л#SP -NULL#ESS
руш#girl -а#OBL -л#SP -NULL#ESS
чун#1pl.abs
терсина#on.the.contrary
чун#1pl.abs
бес#but
вилаят#province -да#IN -NULL#ESS
ида#her
буба#father -ди#OBL -з#DAT -ни#AND;FOCUS
хъий#remake,redo -ида#FUT
са#one
мекьи#cold
ана#there -й#PST
вун#you а#ERG
руш#girl
аял#child -ар#PL
за#1sg.ERG
хьу#if.do -рай#OPT
гада#boy -ди#ERG
хъф#go.again,return -ена#AOR
шей#thing -ни#AND;FOCUS
ваъ#no
туш#cop.NEG
кьиса#story
за#1sg.ERG
фикирар#think.much -на#AOR фикирар#think.much -на#AOR
тир#was
мешок#sack -ди#OBL -н#GEN
ва#2sg -з#DAT
сад#one лагьай#card.
буба#father
хтар#necklace -ар#PL
са#one
ки#that
затӏ#thing
лагь#say -ана#AOR
къаравул#guard -ни#AND;FOCUS
чун#1pl.abs
я#cop ни#which
гьим#who
кь#catch -уна#AOC
цӏай#fire
къе#today -н#GEN -и#ERG -н#GEN
эскервил#military.service -е#ERG
и#this -м#ABS
агъ#bring -ана#AOR
зи#1sg.gen
и#this кьван#so.much
ахпа#then
галат#tire -ана#AOR
хт#return -ана#AOC
лагь#say -ана#AOR
и#this
са#one
кьвед#two лагь#say -й#PST
рекь#way -е#IN -й#EL
жув#us а#OBL -н#GEN
кӏвал#house -и#OBL -з#DAT
эвера#call.IMPV
бес#but
вич#himself -и#ERG
белке#maybe
лугь#say -уда#ENT
це#give
за#1sg.ERG
чӏалах#believe
кьил#chapter -е#OBL -л#SP -NULL#ESS
лугь#say -уда#ENT
ягъ#take -ан#HORT
иси#Isi
тир#was
вич#himself
цӏийи#new
лагь#say -ана#AOC
зак#me.from а#ERG -й#PST
рекъ#way,.road -и#OBL -н#GEN
вун#2sg.abs а#ERG
ат#come -ана#AOC
лугь#say -уда#ENT
эх#patience
мал#cow -ар#PL
къуьн#shoulder -е#IN -л#SP -NULL#ESS
а#that
са#one
ун#yes
вуч#what
инсан#man
хт#return -ана#AOR
гада#boy -ни#AND;FOCUS
ки#that
хуш#like
чан#dear
пара#very
руш#girl
гьуьл#sea -уь#OBL -н#GEN
ки#that
касвил#courage -и#OBL -з#DAT
ашукь#ashuq
кван#please.do
бес#but
мама#mother
пачагь#king -ди#OBL -н#GEN
лугь#say -уда#ENT
жемят#public -ди#OBL -з#DAT -ни#AND;FOCUS
икӏ#like.this
инсан#man
лугь#say -уда#ENT
чун#1pl.abs
ава#cop
линия#line -ди#OBL -н#GEN -ни#AND;FOCUS
и#this
кицӏ#dog
ви#2sg.gen
эгер#if
войска#army.(rus)
кь#catch -унва#PERF
лагь#say -ана#AOR
вил#eye -ер#PL
ф#go -ена#AOC
лагь#say -ана#AOR
сакит#calm
ки#that
им#he
за#1sg.ERG -з#DAT
эвленмиш#marry
са#one
специально#special
туш#cop.NEG
ф#go -ида#FUT
и#this -м#ABS
акв#look -азва#IMPF
рекъ#way,.road -е#OBL -л#SP -ай#EL
вегь#throw -ена#AOC
гьим#that.one
вич#himself и#ergative -н#GEN
кьин#swear
гьисаб#count -зава#IMPF
чун#1pl.abs
пачагь#king
г#give -ана#AOR
къуран#Kuran -да#OBL -л#SP -NULL#ESS
хъф#go.again,return -ида#ENT
ида#him.to
элкъв#turn.back -ена#AOC
кь#catch -ада#ENT
цӏыцӏ#tsits
къ#take -уна#AOC
лагь#say -ана#AOR
экъечӏ#appear -на#AOC
лугь#say -уз#IMC
пара#very
безханум#Bezkhanum
за#1sg.ERG -з#DAT
гьат#enter -да#FUT
акв#look -азва#IMPF
лагь#say -ана#AOR
лагь#say -ана#AOR
пачагь#king -ни#AND;FOCUS
войска#army.(rus)
нян#evening -и#OBL -н#GEN
т#leave -ан#HORT
хъув#redo -уна#AOR
къерех#side -ди#OBL -з#DAT
галукь#hit
хкаж#up
сура#after
эвецӏ#go.down -да#ENT
ацукьра#sit!
сонра#after
дежурный#on..duty -ди#OBL -з#DAT
къе#today
къарагъ#stand.up,rise -на#AOR
иви#blood
эцек#put -на#AOR
къугьум#relative -ди#OBL -з#DAT
ну#well
къе#today
тир#was
са#one
балкӏан#horse -да#OBL -л#SP -NULL#ESS
кьвед#two лагь#say -й#PST
лагь#say -ана#AOR
це#give
къеле#fortress -ди#OBL -в#AD -NULL#ESS
са#one
кут#put.under -уна#AOR
ва#2sg -з#DAT
яд-затӏ#wateror.something.else
сад#one
лугь#say -уда#ENT
ацукь#sit -да#ENT
хьанатӏани#although
ам#it
галаз#with
адет#tradition
гьиниз#where.to
луьтквечи#boatman
и#this
гваз#with
ахпа#then
акуна#see.IMP
ф#go -ена#AOR
гъил#hand -е#IN -NULL#ESS -ни#AND;FOCUS
жаза#punishment
кьакьан#high
бес#but
вуч#what
шумуд#more
гада#boy
им#he
малумат#information -ар#PL
жуьт#pair
гъил#hand -е#IN -NULL#ESS -ни#AND;FOCUS
гъ#bring -ана#AOR
бацӏ#Bats
сакӏани#in.no.way
вахт#time
эн#most
лагь#say -ана#AOR
чубан#shepherd -ди#OBL -н#GEN
чна#1pl.erg
киши#hungry.also -н#GEN -ни#AND;FOCUS
чан#dear
муаллим#teacher
тӏвар#name -чи#OBL -з#DAT
чи#1pl.gen
лагь#say -ана#AOR
са#one
балкӏан#horse
лугь#say -уда#ENT
цӏийи#new -з#DAT
са#one
ак#look -уна#AOR
за#1sg.ERG
туш#cop.NEG
пачагь#king -ди#OBL -з#DAT
ф#go -изва#IMPF
къахчу#take -нава#PERF
руш#girl а#OBL -з#DAT
чан#dear
чун#1pl.abs
чан#dear
акъат#appear -на#AOC
г#give -уда#ENT
буба#grandfather -ди#OBL -н#GEN
кӏвач#leg
гьа#that,.the.same
кицӏ#dog
вуч#what
юлдаш#friend -ди#DIR
жаза#punishment
ат#come -ана#AOC
хъухъ#drink.IMPV
лугь#say -уда#ENT
руш#girl
ви#2sg.gen
руш#girl
хъухъ#drink.IMPV
чун#1pl.abs
девир#time -да#IN -NULL#ESS
я#cop -тӏа#COND
вуч#what
вич#himself
я#or
са#one
ф#go -ена#AOC
ленинград#Leningrad -ди#ERG -н#GEN
галаз#with
лагь#say -ана#AOR
гьакӏ#like.that
жемят#public -ди#OBL -з#DAT -ни#AND;FOCUS
хьа#happened -нава#PERF
хьир#even
пачагь#king -ди#OBL -н#GEN
къе#today -н#GEN -и#ERG -н#GEN
миллет#nation
са#one
где-то#somewhere
ат#come -анва#PERF -й#PST
лугь#say -уда#ENT
тир#was
и#this
ана#there -р#PL -из#DAT
и#this
са#one
партия#party -ди#OBL -з#DAT
гьа#that,.the.same
ак#look -уна#AOC
ва#2sg -з#DAT
лагь#say -ана#AOR
пачагь#king
текче#only
за#1sg.ERG
къари#old.woman -ди#OBL -з#DAT
бацӏ#Bats
гьабур#them -у#ERG -н#GEN
гьуьл#sea -уь#OBL -н#GEN
ат#come -ана#AOC
ча#1pl.gen -з#DAT
иер#beautiful
за#1sg.ERG
чна#1pl.erg
ф#go -ена#AOR
вах#sister
са#one
гьамам#bathhouse -да#IN -NULL#ESS
ив#night -и#OBL -з#DAT
ата#coming -й#PST -ди#SBST
винел#on
къари#old.woman -ди#OBL -н#GEN
чи#1pl.gen
лугь#say -уда#ENT
цац#thorn -ар#PL -а#IN -й#EL
туш#cop.NEG
ки#that
са#one
ва#and
кан#dear -и#ERG
ида#him.to -ни#AND;FOCUS
ана#there -й#PST
им#he
вилик#before
къваз#stay -на#AOR
газет#newspaper -ди#OBL -н#GEN
хуьр#village -уь#OBL -н#GEN
ча#1pl.gen -з#DAT
лагь#say -ана#AOR
хт#return -ана#AOR
вун#you а#ERG
бес#but
а#that
цӏыцӏ#tsits
руш#girl
марф#rain
гьа#that,.the.same
са#one
ий#make -ин#HORT
лугь#say -узва#IMPF
и#this
сев#bear
къагъ#bring.again -ана#AOR
лугь#say -уда#ENT
хьухь#be.IMPV
гъ#bring -ана#AOC
чан#dear
ава#is -й#PST
солдат#soldier -ар#PL
дуьз#great
сонра#after
накьв#soil
терсина#backwards
ун#yes
безханум#Bezkhanum
хт#return -ла#TEMP
еке#great
ну#well
кицӏ#dog -и#OBL -з#DAT
чир#knowledge -на#AOR
цӏийи#new
тир#was
мейил#liking
цӏийи#new
за#1sg.ERG -з#DAT
кьван#so.much
жаза#punishment
чӏалах#believe
ини#here -з#DAT
зенг#call,ring -на#AOR
ат#come -ана#AOC
чун#1pl.abs
гьеле.бил#LIKE.WOULD.BE
кӏан#want -зава#IMPF
югъ#day
са#one
ий#make -ин#HORT
гада#boy -ди#OBL -хъ#PT -NULL#ESS
къеле#fortress -ди#OBL -в#AD -NULL#ESS
вич#reflxv -ни#AND;FOCUS
са#one
пачагь#king
газет#newspaper -ди#OBL -з#DAT
вич#himself -и#OBL -н#GEN
пек#cloth -ер#PL
шад#happy
гьафте#week
т#keep -ана#AOR
хъсан#good
а#that
зи#1sg.gen
лугь#say -уда#ENT
лагь#say -ана#AOR
и#this
ида#him.to -н#GEN
лугь#say -уда#ENT
за#1sg.ERG -з#DAT
но#But
чи#water -з#DAT
кӏан#want -зава#IMPF -й#PTCP
тӏвар#name -ни#AND;FOCUS
чун#1pl.abs -ни#AND;FOCUS
случайно#accidentally
хьтин#like
гала#with -й#PST
са#one
къерех#side -ди#OBL -з#DAT
чи#1pl.gen
суфре#tablecloths -яр#PL -ни#AND;FOCUS
чӏав#time -у#OBL -з#DAT
ки#that
акӏ#like.that
лугь#say -уда#ENT
руш#girl
и#this
инлай#from.here
ха#ha
руш#girl
гевгьер#pearls -ди#OBL -н#GEN
руш#girl
г#give -уда#ENT
са#one
ана#there
и#this
гада#boy
и#this
кьве#two
са#one
кас#man -ди#ERG
г#give -узва#IMPF
ахъая#send.away.IMPV
я#oh
мадани#again
гьа#that,.the.same
кьулухъ#behind
рехъ#way
шумуд#more
ви#2sg.gen
польша#Poland -да#IN -й#EL
балкӏан#horse -да#OBL -л#SP -NULL#ESS
лагь#say -ана#AOR
бес#but
лежет#Ledjet
къапина#jar
яр#sweetheart
инсан#man -ар#PL
кхь#write -анва#PERF
са#one
чи#1pl.gen
жив#snow -еди#OBL -н#GEN
лагь#say -ана#AOC
руш#girl
цайлапан#lightning -ри#OBL -к#SB -ай#EL
и#this
гьин#which
ф#go -ида#FUT -й#PTCP -ла#TEMP
экъечӏ#appear -на#AOC
ида#her
лагь#say -ай#AOP -ла#TEMP
за#1sg.ERG
вуч#what
эвицӏ.хъийа#GO.DOWN -на#AOR
ибур#these -и#OBL -н#GEN
вич#himself -и#ERG -н#GEN
гьа#that,.the.same
дастан#dastan
руш#girl а#OBL -хъ#PT -NULL#ESS
акв#look -ада#ENT
гьа#that,.the.same
къугьум#relative -ди#OBL -з#DAT
ва#2sg -з#DAT
ви#2sg.gen
луьткве#boat -да#IN -NULL#ESS
чун#1pl.abs
лагь#say -ана#AOR
за#1sg.ERG -з#DAT
месела#story
мугьарибе#war -йр#PL -а#IN -NULL#ESS
т-#NEG ав#make,do -унва#PERF -й#PTCP
пад#side
баки#Baku -ди#OBL -з#DAT
лагь#say -ана#AOR
пачагь#king
гада#boy -ди#OBL -з#DAT
са#one
исабала#Isabala -ди#DIR -н#GEN
кьил#head -и#OBL -хъ#PT -NULL#ESS -ни#AND;FOCUS
инсан#man -ри#OBL -з#DAT
тхв#take -ана#AOR
и#this
вич#himself -и#ERG -н#GEN
диде#mother -ди#ERG
лугь#say -уда#ENT
ча#1pl.gen -з#DAT
хьа#happened -нава#PERF
чун#1pl.abs
тавунмаз#don't.be
мин#thousand
лагь#say -ана#AOR
и#this
гаф#word
гьина#where -й#PST
ат#come -ана#AOR
ида#he.again -н#GEN
за#1sg.ERG ва#and
рази#agree
чил#ground а#OBL -л#SP -NULL#ESS
ам#that
ида#him.to
вич#himself
совпадение#coincidence
вич#himself -и#ERG -н#GEN
гьанал#there
кӏан#want -у#ERG -з#DAT
лугь#say -уда#ENT
гьам#that
азербайджан#Azerbaijan -ни#AND;FOCUS
гада#boy
са#one
серин#cool -вал#PURP
мад#more
кьил#chapter -ер#PL
ида#he.again
эхцигкъ#put.again
эциг#put! -да#ENT
бельгия#Belgium -ди#DIR -з#DAT
са#one
фу#bread
эвер#call -да#ENT
лагь#say -ана#AOR
вилаят#country -ди#OBL -з#DAT
кас#man
лагь#say -ана#AOR
шив#steed -ре#OBL -хъ#PT -NULL#ESS
шеле-куьлени#stuff
накьв#soil
руш#girl а#OBL -н#GEN
лагь#say -ана#AOR
хъсан#good
кьакьан#high
лугь#say -уда#ENT
и#this
руш#girl
хъф#go.again,return -ена#AOR
билет#ticket -ар#PL
куьне#you
кат#run -да#ENT
куь#your
ма#you.know
кьил#chapter -и#ERG -н#GEN
фикир#attention
г#give -уда#FUT
ма#you.know
палкан#horse -ди#OBL -в#AD -ай#EL
вич#himself
аял#child -ар#PL -и#OBL -з#DAT
са#one
хьайитӏани#however.COND.FOC
са#one
ки#that
элчи#matchmaker -яр#PL -ни#AND;FOCUS
ахъая#send.away.IMPV
шикил#picture
вун#2sg.abs а#ERG
стха#brother
хийир#benefit -ни#AND;FOCUS
ама#still.be,.remain -ни#AND;FOCUS
плотина#dam -да#IN -л#SP -NULL#ESS
вилаят#province -да#IN -NULL#ESS
гада#boy -ди#OBL -з#DAT
бебир#Bebir
ханум#Ma'am а#ERG
лугь#say -уда#ENT
акв#look -азва#IMPF
и#this
кат#run -да#ENT
лагь#say -ана#AOR
руш#girl а#OBL -к#SB -ай#EL
бельгия#Belgium -ди#DIR -з#DAT
шуькуьр#thanks
икьрар#agreement
чи#1pl.gen
акъуд#get.out -зава#IMPF
лагь#say -ана#AOR
яд#water
и#this
чун#1pl.abs
пуд#three
арадлай#a.while.after
икӏ#like.this
гьина#where
ма#you.know
чӏав#time -у#OBL -з#DAT
акъах#climb(up),mount -да#ENT
гьар#every
кьил#chapter -я#IN -й#EL
ат#come -ана#AOR
лагь#say -ана#AOR
пачагь#king
кицӏ#dog
и#this
натаван#Natavan
хьа#happened -нава#PERF
рикӏ#heart -а#OBL -л#SP -NULL#ESS
лугь#say -уда#ENT
тӏвар#name -ни#AND;FOCUS
акъадар#mount -да#ENT
са#one
руш#girl а#ERG -ни#AND;FOCUS
дастан#dastan
иеси#owner
и#this
тир#was
цӏуьд#nine
пачагь#king
кьве#two
гьикӏ#how
лагь#say -ана#AOR
лугь#say -уда#ENT
лайих#worthy
гьа#that,.the.same
ида#her -ни#AND;FOCUS
къваз#stay -на#AOR
капаш#handful -ди#OBL -н#GEN
тӏва#other
тухв#take -з#DAT
гьарай#screaming.AOP
вун#you
лагь#say -ана#AOR
ак#look -уна#AOC
палкан#horse
лагь#say -ана#AOR
ки#that
и#this
г#give -айи#AOP
и#this
гьакӏ#just
башламиш#start -зава#IMPF
хъф#go.again,return -ена#AOR
ава#is -й#PST -ди#DIR
къач#buy -уна#AOC
т#leave -уна#AOC
чил#ground а#IN -NULL#ESS
къачагъ#robber -ар#PL
и#this
куьмек#help -да#FUT
кӏан#want -да#FUT
ина#here
назад#get.back!
агат#approach -ана#AOR
лагь#say -ана#AOR
халу#uncle
гудий.вал#TO.GIVE
ими#uncle -ни#AND;FOCUS
хвеши#happy
лугь#say -уз#IMC
ибур#these -уьн#MSD
гъил#hand
икьван#so.much
гьа#that,.the.same
яру#red
гваз#with
тамаш#look -на#AOC
ат#come -анва#PERF -й#PST
дагьи#great
ф#go -ена#AOR
кван#please.do
хвеши#happy
хьа#be -нава#PERF -ч#NEG
аку#look.IMPV
чун#1pl.abs
халу#uncle
лагь#say -ана#AOR
хъсан#good
кьве#two
гала#with -з#DAT
лугь#say -уда#ENT
хъсан#good
ина#here
ава#is -ч#NEG
гьинвайда#where.being.PTP.SBST
эцек#put
лагь#say -ана#AOR
кам#step -у#OBL -з#DAT
за#1sg.ERG -з#DAT
гъил#hand
шагьдагъ#Shahdag -ди#OBL -н#GEN
хт#return -ана#AOC
т-#NEG ав#make,do -унва#PERF -й#PTCP
этибар#Etibar
шикил#picture
шеъ#thing
лугь#say -уда#ENT
садрахъ#never -ни#AND;FOCUS
инсан#man -ди#ERG
я#cop -тӏа#COND
за#1sg.ERG -з#DAT
эгер#if
литва#Lithuania -ди#OBL -н#GEN
вири#all
иеси#owner
эээ#eeh
ки#that
т#leave -ан#HORT
лагь#say -ана#AOR
рук#forest -а#IN -й#EL
къени#today -вал#PURP
ат#come -анва#PERF
югъ#day
гьа#that,.the.same
г#give -анва#PERF -й#PST
вил#eye -ер#PL
гада#boy -ди#OBL -н#GEN
вад-ругуд#five.six
ф#go -ена#AOC
и#this
тир#was
жи#our
ида#him.to -ни#AND;FOCUS
гила#now
пул#money
чун#1pl.abs
лугь#say -уда#ENT
за#1sg.ERG
ава#is -ч#NEG
ва#2sg -з#DAT
яратмиша#create
лугь#say -уда#ENT
ат#come -анва#PERF -й#PST
иер#beautiful
ина#here
куьтях#finish
ки#that
гьич#never
лагь#say.IMPV
анжах#only
лагь#say -ана#AOR
тир#was
ам#it
акъуд#get.out -на#AOC
бес#And.but
адахлу#betrothed
лагь#say -ай#AOP -ла#TEMP
балкӏан#horse -да#OBL -л#SP -NULL#ESS
валенка#valenka -яр#PL
летний#summer
муаллим#teacher
газет#newspaper -ди#OBL -н#GEN
муаллим#teacher
вич#himself -и#ERG -н#GEN
лагь#say -ана#AOR
вун#2sg.abs а#ERG
ун#yes
ма#you.know
кь#catch -енва#PERF
пачагь#king -ди#OBL -н#GEN
лагь#say -ана#AOR
къ#take -ада#ENT
ф#go -ена#AOC
пака#tomorrow
за#1sg.ERG
ава#is -ч#NEG
рекь#way -е#IN -NULL#ESS
йит#water -ар#PL
жаван#young
принцип#principle
за#1sg.ERG -з#DAT
жив#snow
кӏарас#wood -ар#PL -ни#AND;FOCUS
илисар#hide -нава#PERF
я#cop -тӏа#COND
ки#that
лугь#say -уда#ENT
ида#her
са#one
кь#catch -ада#ENT
къвед#two а#ERG -н#GEN
ки#that
хъсан#good
лагь#say -ай#AOP -ла#TEMP
лугь#say -уда#ENT
асул#actually
а#that
и#this
има#this -ни#AND;FOCUS
са#one
мисмар#nail -ди#OBL -к#SB -ай#EL
эрзе#statement
яд#water
гъил#hand
эхир#after.all
лагь#say -ана#AOR
са#one
ви#2sg.gen
ки#that
кӏарас#wood -ар#PL
балкӏан#horse -ди#ERG -ни#AND;FOCUS
гъваш#bring.IMPV
пиларама#saw.mill -яр#PL
хьа#happened -нава#PERF
кӏан#want -зава#IMPF
лагь#say -ана#AOR
къетнен#recently
хкаж#up
вах#sister
ви#2sg.gen
гафар#say -да#ENT
гьарай#scream -зава#IMPF
арадлай#a.while.after
йис#year -и#ERG -з#DAT
лагь#say -ана#AOC
кӏан#want -зава#IMPF
къулдур#robber
ат#come -ана#AOC
лагь#say -ана#AOR
гьуьл#sea -я#IN -й#EL
и#this
сегьви#mistake
балкӏан#horse -ди#ERG
гьакӏа#just
рекь#way -е#IN -NULL#ESS
белке#maybe
кас#man -ди#OBL -з#DAT
лугь#say -уда#ENT
вуч#what -и#ERG -н#GEN
лугь#say -уда#ENT
кӏватӏ#group
ф#go -ена#AOR
ида#her -н#GEN
ф#go -ена#AOR
къваз#stay -на#AOR
гада#boy -ди#ERG
еке#great
и#this
гьар#every
ам#it
лагь#say -ана#AOR
ава#being
гада#boy
лугь#say -узва#IMPF
купча#bill.of.sale -яр#PL
анжах#but
гьуьл#sea -уь#OBL -н#GEN
иер#beautiful
г#give -уда#ENT
булах#spring -да#OBL -л#SP -NULL#ESS
лагь#say -ана#AOR
базар#market -да#OBL -л#SP -NULL#ESS
лугь#say -уда#ENT
лагь#say -ана#AOR
гуд-гуд#torn.to.pieces
къапина#jar
кьулухь#after
руш#girl -ни#AND;FOCUS
ф#go -ена#AOC
гъил#hand -я#IN -й#EL
вутӏ#where
тухв#take -да#ENT
итем#man
лагь#say -ана#AOR
яд#water
къуш#bird
ягъ#hit -ада#FUT
г#give -уда#ENT
ина#here
арадай#among
ат#come -ана#AOC
ибур#these -ни#AND;FOCUS
лугь#say -уда#ENT
са#one
къе#today -н#GEN -и#ERG -н#GEN
артух#better
эвера#call.IMPV
тфенг#guns
а#that
анжах#only
лагь#say -ана#AOR
ада#he
къакъуд#remove -на#AOR
са#one
гьагь#yes
стха#brother
мад#more
ат#come
кӏан#want -зава#IMPF
гада#boy
гьада#she -з#DAT -ни#AND;FOCUS
накьв#soil -ни#AND;FOCUS
ида#him.to -н#GEN
газет#newspaper -ди#OBL -н#GEN
кӏан#want -у#ERG -з#DAT
анава#there.from -й#PST
ф#go -ена#AOC
лагь#say -ана#AOR
лугь#say -уда#ENT
шей#thing -ни#AND;FOCUS
чна#1pl.erg
и.арада#AT.THIS.MOMENT
хт#return -ана#AOR
ви#2sg.gen
ч#know -изва#IMPF -ч#NEG
къай#cold -и#ERG
вообще#commonly
и#this
хъсан#good
руш#girl -ни#AND;FOCUS
гьат.тавур#DIDN'T.GET.NEG.SBST -ди#SBST
лагь#say -ана#AOR
пачагь#king
акв#look -ада#ENT
эциг#put!
бере#time -да#IN -NULL#ESS
гьуьл#sea -и#OBL -в#AD -NULL#ESS
чан#dear
рессам#artist -ди#OBL -н#GEN
фикир#attention -ди#OBL -з#DAT
лугь#say -уда#ENT
за#1sg.ERG -з#DAT
вегь#throw -ена#AOC
эгьтибарсуз#unfaithful
чун#1pl.abs
сад#one
сад#one
за#1sg.ERG -з#DAT
лагь#say -ай#AOP -бур#PL -ни#AND;FOCUS
лагь#say -ана#AOR
руш#girl
тафаат#difference -ни#AND;FOCUS
стха#brother
вегь#throw -ена#AOC
за#1sg.ERG
вич#himself -и#ERG -н#GEN
лагь#say -ана#AOR
кьве#two
ф#go -енва#PERF -тӏа#COND
чи#1pl.gen
ф#go -ена#AOR
ида#him.to -ни#AND;FOCUS
гьина#where
има#this.one
руш#girl -ни#AND;FOCUS
ма#you.know
кӏан#want -зава#IMPF
лугь#say -уда#ENT
стол#table -да#OBL -л#SP -NULL#ESS
акв#look -ада#ENT
вич#himself -и#ERG
лагь#say -ана#AOR
са#one
стха#brother
яни#cop.Q
са#one
кӏадар#some
лугь#say -уда#ENT
жеш#will.not.be
жемят#public -ди#OBL -з#DAT -ни#AND;FOCUS
метлеб#wish -ди#OBL -н#GEN
лагь#say -ана#AOR
кьил#chapter -ни#AND;FOCUS
лугь#say -уда#ENT
лагь#say -ана#AOR
ада#he -н#GEN
чун#1pl.abs
им#her
шумуд#more
ф#go -ена#AOR
аву#make,do -ана#AOR -тӏа#COND
дастан#dastan
чна#1pl.erg
кицӏ#dog
килиг#see -на#AOR
чӏав#time а#OBL -л#SP -ди#DIR
округ#district
гъил#hand -е#IN -NULL#ESS
лугь#say -уда#ENT
амна#that.happing.AOC
лугь#say -уда#ENT
къулдур#robber
къай#cold -и#ERG
гада#boy
куьч#move
диде#mother -ди#OBL -з#DAT
кицӏ#dog
са#one
са#one
гада#boy -ди#ERG -ни#AND;FOCUS
са#one
ахпа#then
кан#want -и#ERG
ида#he.also -ни#AND;FOCUS
жув#us а#ERG
ва#2sg -з#DAT
лугь#say -уда#ENT
гьар#every
лагь#say -ана#AOR
ф#go -ида#FUT
къуьн#shoulder -е#OBL -л#SP -NULL#ESS -ни#AND;FOCUS
-вал#PURP
ава#cop
лугь#say -уда#ENT
жив#snow
лагь#say -ай#AOP -ла#TEMP
дагъустанви#dagistanish -ди#OBL -н#GEN
кут#put.under -унва#PERF -ш#NEG
цл#wall а#OBL -л#SP -ай#EL
чая#tea -р#PL
югъ#day
ун#yes
луьтквечи#boatman -ди#OBL -з#DAT -ни#AND;FOCUS
ат#come -ана#AOR
ав#make,do -унва#PERF
гьуьл#sea -уь#OBL -н#GEN
чун#1pl.abs
ат#come -ана#AOC
хъий#remake,redo -ида#FUT
польша#Poland -ди#DIR -з#DAT
дежурный#on..duty
и#this
гьар#every
валлагь-биллагь#vallah.billah
хъсанди#good
застава#outpost -да#OBL -л#SP -NULL#ESS
хвеши#happy
вич#himself -и#ERG -н#GEN
ахпа#then
кицӏ#dog
лагь#say -ана#AOR
во#well
ава#cop
ама#still.be,.remain
къваз#stay -на#AOR
пара#very
нян#evening -и#OBL -н#GEN
сад#one а#ERG -н#GEN
чубан#shepherd
гьуьл#sea -уь#OBL -н#GEN
ава#is -из#INF
акӏ#like.that
икьван#so.much
къеле#fortress -ди#OBL -хъ#PT -NULL#ESS
ктӏан#beat
гъил#hand -е#IN -NULL#ESS
за#1sg.ERG
балкӏан#horse
руш#girl а#OBL -к#SB -ай#EL
къач#buy -уз#IMC
югъ#day
кӏвал#house -е#IN -NULL#ESS
чӏал#language -а#OBL -л#SP -NULL#ESS
я#or
элкв#turn.back -ена#AOR
а#that
и#this
лагь#say -ана#AOR
лагь#say -ана#AOR
лугь#say -уда#ENT
лагь#say -ана#AOR
вун#2sg.abs а#ERG
за#1sg.ERG
жанавур#wolk -ар#PL
ий#make -мир#PROH
диде#mother -ди#OBL -л#SP -яй#EL
фикир#attention -да#ENT
ва#2sg -з#DAT
мад#more
ида#her
ава#cop
вири#Everything
рехъ#way
ида#he.also -з#DAT
жув#1sg/2g.rflx а#ERG
ахпа#then
ава#is -й#PST -ди#SBST
къахч#take -уна#AOC
за#1sg.ERG
чун#1pl.abs
къари#old.woman
къач#buy -уна#AOR
гьа#that,.the.same
фу#bread -ни#AND;FOCUS
гъел#plough
гаф#word
руш#girl
ф#go -ена#AOC
галаз#with
ат#come -анва#PERF
рук#forest -ар#PL -и#OBL -з#DAT
лугь#say -уда#ENT
ахъах#ride -ана#AOR
бес#but
я#oh
гьуьл#sea -уь#OBL -н#GEN
гала#with -з#DAT
земляк#fellow.countryman
чна#1pl.erg
ки#that
г#give -ана#AOR
кьил#head
за#1sg.ERG
лагь#say -ана#AOR
ава#is -й#PST
застава#outpost -да#OBL -л#SP -NULL#ESS
чӏав#time -у#OBL -з#DAT
ва#2sg -з#DAT
чахъ#we.with
лугь#say -уз#IMC
и#this
ма#here.you.go
гьамам#bathhouse -да#IN -NULL#ESS
зу#1sg.gen
къапу#door
лугь#say -уда#ENT
ала#is.there
ак#look -ур#AOP -ла#TEMP
ки#that
гада#boy -ди#OBL -з#DAT
ава#is -й#PST
хъф#go.again,return -ена#AOR
гада#boy -ди#OBL -н#GEN
окружения#encirclement -да#IN -NULL#ESS
куьн#2pl.abs
къул#fireplace -а#IN -NULL#ESS
бес#but
хьуьр#village -уь#OBL -з#DAT
вун#2sg.abs а#ERG
ч#know -изва#IMPF
мина#mine -яр#PL
фикир#attention -ар#PL
лугь#say -уда#ENT
гьикӏ#how
къул#fireplace
къв#come -еда#FUT
къиямат#amazing
дастан#dastan
э#Ey
са#one
ана#there -й#PST
кьил#chapter -ер#PL -ни#AND;FOCUS
куь#your
кӏвал#house -е#IN -NULL#ESS
ун#yes
авур#doing.AOP -ла#TEMP
лагь#say -ана#AOR
лагь#say -ана#AOR
чун#1pl.abs
атӏ#cut
туш#isn't
эдалет#justice
тухв#take -да#ENT
кӏил#head
руш#girl
хъсан#good
чна#1pl.erg
цл#wall а#OBL -л#SP -ай#EL
идрис#Idris
кӏвал#house -ар#PL -и#OBL -з#DAT къар#days -и#OBL -з#DAT
къван#stone
лугь#say -уда#ENT
кӏвач#leg
части#unit -н#GEN -и#ERG -з#DAT
акв#look -ада#ENT
ва#2sg -з#DAT
хуьр#village
т#keep -ана#AOR
пуд#three
гъваш#bring.IMPV
шумуд#more
хъсан#good
гада#boy -ди#ERG -ни#AND;FOCUS
за#1sg.ERG
чка#place
за#1sg.ERG -з#DAT
бейкеф#upset
за#1sg.ERG
вилаят#country -ра#IN -NULL#ESS
а#that да#OBL -з#DAT
зи#1sg.gen
руш#girl
вилаят#country -ди#OBL -з#DAT
и#this
т-#NEG ий#do -из#IMC
кӏвал#house -е#IN -NULL#ESS
элчи#matchmaker -яр#PL -ни#AND;FOCUS
чна#1pl.erg
яргъал#far
жаза#punishment
ана#there
ахъая#send.away.IMPV
хъф#go.again,return -ена#AOR
аял#child -р#PL -а#OBL -л#SP -NULL#ESS
в#1sg
хьа#happened -нава#PERF
гъил#hand -е#IN -NULL#ESS
чун#1pl.abs
вилаят#country -ди#OBL -н#GEN
гьа#that,.the.same
атана.агакьда#REACHED.ENT
инихъ#after
рулун#wheel а#OBL -л#SP -NULL#ESS
чан#dear
эгьтибарсуз#unfaithful
и#this
дежурный#on..duty -ди#OBL -з#DAT
вич#himself
ахират#doomsday -ди#DIR -н#GEN
сагъ.хьурай#THANK.YOU
винел#on
руш#girl
яргъара#from.far
балкӏан#horse -да#OBL -л#SP -NULL#ESS -ни#AND;FOCUS
канивил#love,dear.one -и#ERG -н#GEN
за#1sg.ERG
балхун#balcony -да#IN -й#EL
ада#he
кьил#head
чка#place
са#one
и#this
бес#but
са#one
яр#sweetheart
чка#place
канивал#love
лугь#say -уда#ENT
дуьз#great
амукь#stay,remain -на#AOR
эвичӏ#come.down -на#AOR
г#give -уз#IMC
вилик#before
и#this
са#one
и#this
гьа#that,.the.same
къач#buy -уна#AOC
зу#my
чай#tea -ди#OBL -з#DAT
а#that
вири#Everything -ни#AND;FOCUS
и#this
са#one
а#that да#OBL -з#DAT
уьлуьх#extinguish -нава#PERF -ч#NEG
ахпа#then
отпуска#vacation
гила#now
нуьмре.къве#FRAUD -з#DAT
кь#catch -уна#AOC
ат#come -анва#PERF
жервал#will.be
рехъ#way
жеда#can -ш#NEG -ни#AND;FOCUS
лугь#say -уда#ENT
пара#very
чна#1pl.erg
пара#very
йикъ#day а#OBL -л#SP -ай#EL
лагь#say -ана#AOR
гагьат#escape -на#AOR
ида#him.to
ви#2sg.gen -ч#NEG
за#1sg.ERG
ва#2sg -з#DAT
буба#grandfather -ди#OBL -н#GEN
къачихъ#out
вич#himself и#ergative -з#DAT
хер#wound
яхцӏур#fourty
гьа#that,.the.same
агъуз#down
диде#mother -ди#OBL -н#GEN
къачихъ#out
анжах#only
элкъв#turn.back -езва#IMPF
луьтквечи#boatman
лагь#say -ана#AOR
балкӏан#horse -ди#OBL -н#GEN
йикъ#day а#OBL -л#SP -ди#DIR
нормально#normal
г#give -уда#ENT
вах#sister а#ERG
а#that -бур#PL
чӏехи#elder
цӏуьгъвенай#behind
ки#that
хуш#like
гьым#Uhm
ф#go -ена#AOC
булах#spring -да#OBL -л#SP -NULL#ESS
чун#1pl.abs
концерт#concert -ар#PL
эхир#after.all
вун#2sg.abs а#ERG
ида#him.to -н#GEN
чун#1pl.abs
ам#it
гьаджи#Hadji
гьат#fall.on -на#AOR
гьарад#everybody
чи#1pl.gen
жува#yourself
за#1sg.ERG
руш#girl а#OBL -хъ#PT -NULL#ESS
руш#girl
накьв#soil -ар#PL
лугь#say -узва#IMPF
и#this
гила#now
уьлуьхъар#make.extiguished -на#AOC
чна#1pl.erg
дуст#friend -ун#HORT -и#ERG -з#DAT
руш#girl
акьах#jump -на#AOC
лагь#say -ана#AOR
шад#happy
нуьсрет#Nusret
хъф#go.again,return -ин#HORT
и#this
и#this
гада#boy
гьуьл#sea -уь#OBL -н#GEN
джагьан#Jahan
къеле#fortress -ди#OBL -з#DAT
чи#1pl.gen
са#one
за#1sg.ERG -з#DAT
сонра#after
а#that
затӏ#thing
чун#1pl.abs
шегьер#city -ди#OBL -з#DAT
им#he
вич#himself -и#ERG
чун#1pl.abs
чун#1pl.abs
лагь#say -ана#AOR
жаза#punishment
вуч#what -и#ERG -з#DAT
ва#2sg -з#DAT
ф#go -ена#AOR
ама#he -ни#AND;FOCUS
лугь#say -уда#ENT
игила#now
и#this
ва#2sg -з#DAT
зи#1sg.gen
къулухъ#after
гъел#plough -ни#AND;FOCUS
бала#baby -яр#PL
гъ#bring -ида#FUT
гъвечид#small
белке#maybe
ая#do
и#this
балкӏан#horse -да#OBL -л#SP -NULL#ESS
ки#that
арадлай#a.while.after
чун#1pl.abs
вири#all
а#that
лагь#say -ана#AOR
части#unit -н#GEN -и#ERG -з#DAT
амукь#stay,remain -да#IN
куь#your
кӏар#stick
икьван#so.much
чинеба#secretly
кьулухъди#the.one.after
гада#boy -ни#AND;FOCUS
пара#very
къайинене#mother.in.law -ди#ERG -ни#AND;FOCUS
вич#himself -и#ERG -з#DAT
лагь#say -ана#AOR
американ#American -яр#PL и#this
эскервил#military.service -е#ERG
гада#boy
кьил#chapter
а#that -бур#PL
руш#girl
гила#now
инанмиш#believe
регъуьла#ashamed
са#one
лугь#say -уз#INF
хкадар#jump -да#FUT
са#one
булах#spring -да#OBL -л#SP -NULL#ESS
гьуьл#sea -у#OBL -н#GEN
мад#more
лугь#say -уда#ENT
г#give -ана#AOR
жи#our
лагь#say -ана#AOR
ана#there -й#PST
гьетта#also
жув#us а#OBL -н#GEN
чи#1pl.gen
гъил#hand -е#IN -NULL#ESS
хабар#news
ки#that
ваз#you
кьимет#price
гада#boy
гала#with -з#DAT
цав#air -а#OBL -л#SP -ай#EL
сер#business -ди#OBL -з#DAT
проверка#check,verification
галаз#with
има#this.one
арадлай#a.while.after
мад#more
еке#great
эмел#adhere -нава#PERF -ш#NEG
къгъа#buy нава#PERF
лугь#say -узва#IMPF
экъецӏ#appear -на#AOC
ээээгь#eeh
гаф#word
кьве#two
я#cop -тӏа#COND
вич#himself -и#ERG
гада#boy -ни#AND;FOCUS
хьир#even
буба#grandfather -ди#OBL -н#GEN
къвед#two пуд#three
ат#come -ана#AOC
жув#us а#OBL -н#GEN
ча#1pl.gen -з#DAT
ф#go -ида#ENT
куьч-кума#goods.and.chattels
икьван#so.much
и#this
са#one
гьакӏ#that.way
гвай#was
эхир#after.all
пуд#three
гьакӏ#like.that
ат#come -ана#AOC
за#1sg.ERG -з#DAT
кӏарас#wood -ар#PL
чна#1pl.erg
агакь#reach -на#AOC
хьа#being.AOC
я#cop -тӏа#COND
меслят#advice -ди#OBL -в#AD -NULL#ESS
ацукь#sit -на#AOC
ф#go -ида#FUT
гъ#bring -ана#AOR
вилаят#province -да#IN -NULL#ESS
балкӏан#horse -ди#ERG
ава#is -тӏа#COND
лагь#say -ана#AOR
ки#that
а#that -бур#PL
тӏ#eat -уьна#AOC
гьуьл#sea -уь#OBL -н#GEN
анжах#only
ма#you.know
сада#one
буба#grandfather -ни#AND;FOCUS
ана#there -й#PST
лагь#say -ана#AOR
буш#empty
сят#o'clock -ди#OBL -н#GEN
кӏан#want -у#ERG -з#DAT
чка#place
и#this кьван#so.much
ча#water
руш#girl
зи#1sg.gen
гьада#she -з#DAT
ракъайтӏа#send.PTP.COND
гьада#she -з#DAT
цай#fire
кицӏ#dog
литва#Lithuania -да#IN -NULL#ESS
вири#all
чна#1pl.erg
сарах#once
вич#himself -ни#AND;FOCUS
жанавур#wolk -ди#ERG
чӏулав#black
и#this
вилик#before
вири#Everything -ни#AND;FOCUS
лугь#say -уда#ENT
кицӏ#dog -ни#AND;FOCUS
жемят#public -ди#ERG
гада#boy
ф#go -ида#FUT -й#PTCP -ла#TEMP
машин#car -ар#PL
луьткве#boat -да#IN -NULL#ESS
сонра#after
а#that
анжах#but
хала#aunt
граница#border. -ди#DIR -з#DAT
вуч#what
гьам#that
са#one
чи#1pl.gen
ава#cop
ават#fall -ана#AOR
лув#wing
лагь#say -ана#AOR
вич#himself -и#ERG -з#DAT
ат#come -анва#PERF
я#or
же#don't.be -мир#PROH
ч#know -ида#ENT -ч#NEG
кицӏ#dog
эвер#call -да#ENT
дуьз#great
ашкъи#love -ни#AND;FOCUS
фидамаз#while.going
вич#himself -и#ERG
шиле-куьле#things
лагь#say -ана#AOR
затӏ#thing
чагъу#find -ун#MSD
ий#make -ида#FUT -й#PST
лугь#say -уда#ENT
таможня#custom.office
чир#knowledge -на#AOR
лагь#say -ана#AOR
эгер#if
ида#him.to -н#GEN
руш#girl
вири#all
пенжер#window -да#IN -й#EL
къван#stone
как.раз#THIS
ки#that
ф#go -ена#AOC
кь#catch -унва#PERF
за#1sg.ERG -з#DAT
ф#go -ида#ENT
са#one
ооо#ooh
са#one
лугь#say -узва#IMPF
лагь#say.IMPV
ва#2sg -з#DAT
фурумда#form
вич#himself -и#OBL -н#GEN
канивал#love
ф#go -ена#AOR
хъсан#good
и#this
лап#very
мина#mine
и#this
кӏан#want -зава#IMPF -й#PTCP
са#one
йетмиш#seventy
гьуьл#sea -е#OBL -л#SP -ай#EL
я#or
са#one
чун#1pl.abs
я#cop тӏа#if
им#he
вил#eye -ер#PL -а#OBL -л#SP -NULL#ESS
ава#is -й#PST
хвеши#happy
и#this
югъ#day
район#countryside -ди#OBL -з#DAT
кӏватӏ#group
яхцӏур#fourty
мама#mother -ди#OBL -з#DAT
кьил#chapter -ер#PL -ни#AND;FOCUS
пачагь#king
ава#is -й#PST -ди#SBST -ла#TEMP -й#PST -ни#AND;FOCUS
са#one
кассет#cassette -ар#PL
зи#1sg.gen
лугь#say -уда#ENT
кӏарас#wood -ар#PL
ибур#these -у#ERG
буба#grandfather -ди#OBL -з#DAT
ама#he -й#PST
балкӏан#horse -да#OBL -л#SP -NULL#ESS
кӏел#read -нава#PERF
кван#please.do
гьа#that,.the.same
за#1sg.ERG
са#one
лугь#say -уда#ENT
ахпа#then
экъецӏ#appear -на#AOC
ки#that
кӏурцӏул#puppy
чпи#themselves -з#DAT
концерт#concert
ф#go -ена#AOC
крар#actions.do -да#FUT
вун#2sg.abs а#ERG
пачагь#king
лагь#say -ана#AOR
чна#1pl.erg
кьил#head
ча#1pl.gen -з#DAT
везият#condition -да#IN -NULL#ESS
лагь#say -ана#AOC
ван#voice
и#this
муькуь#other.one
са#one
худат#Khudat -ди#DIR -з#DAT
земляк#fellow.countryman
ф#go -ида#FUT
ата#coming -й#PST
агакь#approach -да#ENT
гила#now
берлин#Berlin -ди#DIR -з#DAT
кьве#two
лугь#say -уда#ENT
къв#fall,precipitate -ана#AOR
мад#more
ава#cop
тир#was
талыш#talis
литва#Lithuania -ди#OBL -н#GEN
ваъ#no
са#one
лагь#say -ана#AOR
гьим#who
хъий#remake,redo -ида#FUT -й#PST
гьуьл#sea -уь#OBL -н#GEN
лугь#say -уда#ENT
белке#maybe
ондокъкъуз#nineteen.in -ди#DIR -з#DAT
но#But
чая#tea -р#PL
ата#coming -й#PST -ди#SBST
гуьзел#beautiful бур#PL
санти#centimeter
ибур#these -уьн#MSD
сефер#time
г#give -уда#FUT
пара#very
тир#was
къалуртав#show -зава#IMPF
г#give -ана#AOR
къвед#two
вилаят#country -ди#OBL -н#GEN
сонра#after
жаза#punishment
иеси#owner -ни#AND;FOCUS
ви#2sg.gen
вилаят#province -да#IN -NULL#ESS
ча#1pl.gen -з#DAT
лугь#say -ун#MSD -из#DAT
уже#already
хт#return -ана#AOR
ашукь#ashuq хьанвай#happened
лугь#say -узва#IMPF
самур#"Samur"
гила#now
руш#girl -ни#AND;FOCUS
гъил#hand -я#IN -й#EL
куьн#2pl.abs
мици#another
кь#catch -ада#ENT
ахпа#then
хьуй#let.it.be
кьван#so.much
кь#catch -уна#AOC
са#one
къв#come -еда#ENT
луьткве#boat -да#IN -NULL#ESS
хер#wound
ацукь#sit -да#ENT
жув#us а#OBL -н#GEN
и#this
солдат#soldier -ди#OBL -к#SB -яй#EL
аш#plov -ар#PL
палкан#horse
са#one
гала#with -з#DAT
диде#mother -ни#AND;FOCUS
ата#coming -й#PST -ди#DIR
яру#red
зи#1sg.gen
г#give -ана#AOC -тӏа#COND
хуьр#village -уь#OBL -з#DAT
са#one
за#1sg.ERG
кӏан#want -зава#IMPF
са#one
ф#go -ена#AOR
чна#1pl.erg
бес#And.but
ава#is -й#PST -ди#SBST
лайих#worthy -ди#DIR
вил#eye -ер#PL
белке#maybe
ма#you.know
зи#1sg.gen
ида#she.and
хъф#go.again,return -ена#AOR
мици#another
са#one
чун#1pl.abs
сад#one
масан#beauty
сегьви#mistake
чун#1pl.abs
лагь#say -ана#AOR
ахпа#then
бес#but
лугь#say -уда#ENT
сонра#after
хуьр#village -уь#OBL -з#DAT
нефер#person
марф#rain
и#this
но#But
ат#come -ана#AOR -че#NEG
а#that -бур#PL
кь#catch -уна#AOC
вилаят#country -ди#OBL -з#DAT
лугь#say -уда#ENT
гила#now
лугь#say -уз#IMC
турба#bag -яр#PL
я#oh
са#one
энциклопедия#encyclopedia йар#PL
са#one
век#hay -и#OBL -н#GEN
хьуьр#village -уь#OBL -н#GEN
иси#Isi
за#1sg.ERG -з#DAT
чан#dear
кицӏ#dog
пачагь#king -ди#OBL -в#AD -ай#EL -ни#AND;FOCUS
лугь#say -уда#ENT
яц#bull -ар#PL -и#OBL -в#AD -ай#EL
муькуь#other.one
мина#mine
хва#son
ацукьар#cause.to.sit -да#IN
вилаят#country -ди#OBL -з#DAT
къулдур#robber
инсан#man -ди#ERG
чка#place
ктад#touch -мир#PROH
лугь#say -уда#ENT
ибур#these -у#ERG -ни#AND;FOCUS
руш#girl
гада#boy -ди#ERG -ни#AND;FOCUS
сада#one
кь#catch -уна#AOC
аку#look.IMPV
ты#you
буба#father
ацукь#sit -да#ENT
т#leave -уна#AOC
г#give -ана#AOR
гила#now
кӏан#want -зава#IMPF
диване#lovesick
экъецӏ#appear -на#AOC
са#one
амукь#stay,remain -да#IN
гила#now
жуьйуьр#roe -ар#PL -ни#AND;FOCUS
порядок#order
эскервил#military.service -и#OBL -з#DAT
садра#once
акъат#come.out -на#AOR
лагь#say -ана#AOR
руш#girl
я#oh
американ#American -яр#PL и#ergative
ва#2sg -з#DAT
и#this
тир#was
яхцӏур#fourty
лагь#say -ана#AOR
а#that -бур#PL
ки#that
ф#go -ена#AOC
кхь#write -анва#PERF
гаф#word -ни#AND;FOCUS
сят#o'clock -ди#OBL -з#DAT
са#one
кьиса#story
им#she
икьван#so.much
жув#us а#ERG
вуч#what
кван#please.do
лагь#say -ана#AOR
пис#evil -вал#PURP
са#one
берлин#Berlin -да#IN -й#EL
гьуьл#sea -уь#OBL -н#GEN
мегьрибан#kind
и#and
вич#himself -и#ERG -н#GEN
ва#2sg -з#DAT
мисал#example
булах#spring -да#OBL -л#SP -NULL#ESS
вегь#throw -ена#AOC
тухв#take -ана#AOC
ибур#these уз#INF
ида#him.to -ни#AND;FOCUS
вичин#her
къвер.кьван#COME.TILL
эхьир#in.
за#1sg.ERG -з#DAT
а#that
за#1sg.ERG
акъат#come.out
гъил#hand -я#IN -й#EL
чи#1pl.gen
г#give -уда#ENT
эвве#before
солдат#soldier
вич#himself -и#ERG -н#GEN
гаф#word -ар#PL
гьунар#courage
лугь#say -уда#ENT
гьахь#enter -на#AOR
хьа#be нава#PERF
ма#you.know
ашукь#ashuq
вуна#2sg.erg
ахпа#then
вун#2sg.abs а#ERG
ава#cop
г#give -уда#ENT
ахпа#then
кьве#two
кӏвал#house -е#IN -NULL#ESS
има#this.one
лагь#say -ана#AOR
лагь#say -ана#AOR
а#that
элкъв#turn.back -ена#AOC
хьа#happening.AOC
гада#boy
куьтях#finish -на#AOR
бес#but
луьтквечи#boatman -ди#OBL -ни#AND;FOCUS
лагь#say -ана#AOR
руш#girl а#OBL -н#GEN
руш#girl
чи#1pl.gen
гъавурда.акьуна#UNDERSTAND.AOR
ий#make -ин#HORT
руш#girl
кьил#chapter -е#OBL -л#SP -NULL#ESS
лагь#say -ана#AOR
гада#boy
за#1sg.ERG
ча#1pl.gen -з#DAT
ида#her
амна#that.happing.AOC
лугь#say -уда#ENT
вич#himself
ат#come -ана#AOC
зи#1sg.gen
вич#himself и#ergative -з#DAT
ма#you.know
хкв#return -еда#ENT
югъ#day
ина#here
лагь#say -ана#AOC
сад#one -ни#AND;FOCUS
цл#wall а#OBL -л#SP -NULL#ESS
ки#that
ресторан#restaurant -ди#OBL -з#DAT
къуш#bird
накьв#soil -ни#AND;FOCUS
лагь#say -ана#AOR
гъваш#bring.IMPV
ча#1pl.gen -з#DAT
вич#himself и#ergative -з#DAT
тамаш#look -из#INF
за#1sg.ERG
гьат#fall.on -на#AOR
са#one
и#this
зи#1sg.gen
туш#isn't
къач#buy -уна#AOR
ци#why
ва#and
и#this
жи#our
лагь#say -ай#AOP
тӏвар#name -ар#PL
къеле#fortress -ди#OBL -з#DAT
хъув#redo -уна#AOR
тахтун#throne -а#OBL -л#SP -NULL#ESS
им#he
г#give -ана#AOC
къахчу#take -нава#PERF
дуьз#great
луьтквечи#boatman
сив#mouth -и#OBL -з#DAT
кӏвал#house
чун#1pl.abs
за#1sg.ERG
гада#boy -йр#PL -и#ERG
хабар#news -ар#PL
кицӏ#dog
ат#come -ана#AOC
идаз#him.to
хт#return -ана#AOR
вич#himself
винел#on
хер#wound
ида#be -з#DAT
лагь#say -ана#AOR
истифаде#use
ф#go -ена#AOC
за#1sg.ERG -з#DAT
гевгьер#pearls -ер#PL -и#OBL -н#GEN
яр#sweetheart
хабар#news
а#that -бур#PL
акв#look -азва#IMPF -ни#Q
гъвечӏи#small
за#1sg.ERG
тир#was
хьа#being.AOC
кичӏе#fear
гагьат#escape -зава#IMPF
ак#look -уна#AOC
сергьед#border -да#OBL -л#SP -NULL#ESS
кӏурцӏул#puppy -ар#PL
севда#Sevda
има#this.one
жаза#punishment
ава#is -й#PST
яр#sweetheart -ди#OBL -з#DAT
чун#1pl.abs
и#this
пуд#three кьуд#four
хкадар#jump -зава#IMPF
руш#girl а#OBL -н#GEN
чун#1pl.abs
къв#fall,precipitate -езва#IMPF
нуьк#servant -ер#PL -ди#OBL -з#DAT
ат#come -ана#AOC
са#one
хъсан#good
фу#bread
вич#himself -и#ERG -з#DAT
пек#cloth -ни#AND;FOCUS
лугь#say -уда#ENT
къач#buy -уз#INF
акъат#come.out -на#AOR
ф#go -ена#AOR
яб.акал#HEARD -енма#PERF.CONT
са#one
бес#but
ада#it
вуч#what
ама#be.in.CONT -ч#NEG
лугь#say -уда#ENT
акъат#appear -на#AOR -тӏа#COND
ма#here.you.go
лугь#say -уда#ENT
куьмекар#help -да#FUT
и#this
нуьсрет#Nusret
лагь#say -ана#AOR
гьааа#Aah
севда#Sevda
хъф#go.again,return -ена#AOR
иер#beautiful
ма#you.know
руш#girl -ар#PL
са#one
хъсан#good
яр#sweetheart
пуд#three
гьа#that,.the.same
ф#go -ена#AOC
ты#you
документ#document -ар#PL
амукь#stay,remain -на#AOR
ма#here.you.go
я#or
эвера#call.IMPV
лугь#say -уда#ENT
цех#wood.shop
къиямат#amazing
руш#girl
фикирар#think.much -зава#IMPF
кьве#two
ф#go -ена#AOR
хьуй#let.it.be.OPT
гъваш#bring.IMPV
лагь#say -ана#AOR
ат#come -анва#PERF -й#PST
бурулгъан#whirlpool
кан#want -и#ERG
тухв#take -да#FUT
ини#here -з#DAT
аллагь#Allah -ди#OBL -з#DAT
галаз#with
кӏан#want -зава#IMPF
и#this
бес#And.but
кьимет#price
фейитӏа#going.PTP.COND
дуьзар#set -на#AOR
а#that
изагьат#testomony -ар#PL
пака#tomorrow
чун#1pl.abs
бес#but
чара#means
тир#was
солдат#soldier
къапу#door -ди#OBL -н#GEN
материал#material
лагь#say -ана#AOR
за#1sg.ERG
ава#is -й#PST
сефер#time
руш#girl -а#OBL -л#SP -NULL#ESS
и#this
а#that
мани#song
эрзе#statement
ча#1pl.gen -з#DAT
кӏан#want -зава#IMPF
кьил#head
лагь#say -ай#AOP
агъуз#down
гьикӏ#how
вач#go.IMPV
вич#himself -и#ERG -н#GEN
дели#mad
жаза#punishment
мороз#frost -ди#OBL -з#DAT
лугь#say -уда#ENT
шемседдин#Shemseddin а#OBL -н#GEN
гада#boy
ма#you.know
за#1sg.ERG -з#DAT -ни#AND;FOCUS
ваъ#no
бере#time -да#IN -NULL#ESS
ктаб#book
сонра#after
муькуь#other.one
гьуьл#sea -уь#OBL -н#GEN
кӏан#want -зава#IMPF -й#PTCP
кӏан#want -зава#IMPF
гуржистан#Georgia -ди#DIR -з#DAT
цӏийи#new
ава#cop
чӏил#strip -ар#PL
трамплин#springboard
чна#1pl.erg
яц#bull -ар#PL
ма#here.you.go
чун#1pl.abs
накьв#soil
хьа#happening.AOC
я#cop -тӏа#COND
и#this
ван#voice
уьлкве#country -ди#OBL -з#DAT
ават#fall -ана#AOR
лугь#say -уда#ENT
са#one
вич#himself -и#ERG -н#GEN
лугь#say -уда#ENT
къерех#side -да#IN -NULL#ESS -ни#AND;FOCUS
чан#dear
адрес#address
массаж#massage
лугь#say -уда#ENT
т#keep -ана#AOR
экъечӏ#get.out -зама#IMPF.CONT -че#NEG
руш#girl
ваз#you
везият#condition -ди#OBL -з#DAT
руш#girl а#OBL -з#DAT
яргъа#far -з#DAT тир#was
за#1sg.ERG -н#GEN -ни#AND;FOCUS
лагь#say -ана#AOR
жув#us а#ERG
лугь#say -уда#ENT
къв#fall,precipitate -езва#IMPF
экъечӏ#appear -ай#AOP -ла#TEMP
жаваб#answer
чка#place
лагь#say -ана#AOC
лагь#say -ана#AOR
певица#singer -яр#PL -ни#AND;FOCUS
ана#there -й#PST
я#cop -ни#AND;FOCUS
адет#tradition -ар#PL
яд#water
гъил#hand -я#IN -й#EL
стха#brother -яр#PL -ни#AND;FOCUS
ат#come -анва#PERF
ф#go -ена#AOR
ва#2sg -з#DAT
лугь#say -уда#ENT
хкв#return -еда#ENT
гаф#word
сада#one
паб#wife
гевгьер#pearls -ер#PL -и#OBL -н#GEN
тухв#take -да#ENT
дяве#war
тхв#take -ана#AOR
акъуд#get.out -на#AOC
икьван#so.much
вич#himself -и#OBL -н#GEN
накьв#soil
диде#mother
жаза#punishment
г#give -ана#AOR
тахтун#throne -а#OBL -л#SP -NULL#ESS
садра#once -ни#AND;FOCUS
ана#there
паб#wife
гьикӏ#how
рекь#way -ер#PL
це#give
гада#boy -ди#ERG -ни#AND;FOCUS
ава#cop
хъсан#good
ак#look -уна#AOC
ма#you.know
куьне#you
ахъай#open -на#AOR
лагь#say.IMPV
лагь#say -ана#AOR
ида#he.also -з#DAT
са#one
тухв#take -да#ENT
вот#there
за#1sg.ERG
накьв#soil
зи#1sg.gen
гада#boy -ди#ERG -ни#AND;FOCUS
жив#snow
аладар#long -да#ENT
ва#and
руш#girl
инсан#man
хъсан#good
тас#basin
таажублу#suprised
гьат#fall.on -на#AOR
момент#moment
хва#son
лайих#worthy
я#oh
ф#go -ена#AOC
лагь#say -ана#AOR
ахпа#then
иер#beautiful -ди#DIR
хъв#drink -ана#AOR
чан#dear
лугь#say -уда#ENT
польша#Poland -ди#DIR -з#DAT
пара#very
лагь#say -ана#AOC
гъил#hand -я#IN -й#EL
са#one
чӏав#time -у#OBL -з#DAT
са#one
меслят#advice
са#one
кӏвал#house -е#IN -NULL#ESS
лугь#say -уда#ENT
миллет#nation -да#IN -й#EL
алат#pass -да#ENT
це#give
лугь#say -уда#ENT
и#and
тир#was
а#that -бур#PL
ашукь#ashuq -ди#ERG
лагь#say -ана#AOR
фикирар#think.much -мир#PROH
илис.хьухь#HIDE.IMPV
хуьр#village -уь#OBL -з#DAT
ина#here -й#PST
шикил#picture
и#this
за#1sg.ERG
кицӏ#dog
чна#1pl.erg
руш#girl -а#OBL -л#SP -NULL#ESS
це#give
и#this
гъвечӏи#small
гъ#bring -ин#HORT
капаш#handful
зеллер#Zeller
цай#fire
вилаят#country -ди#OBL -з#DAT
лагь#say -ана#AOR
са#one
пуд#three
зу#my
а#that
а#that -бур#PL
и#this
лугь#say -узва#IMPF
куьне#you
ана#there
руш#girl
зи#1sg.gen
ва#2sg -з#DAT
гьуьл#sea -уь#OBL -н#GEN
яхцӏур#fourty
а#that
лугь#say -уда#ENT
чун#1pl.abs
кьил#chapter -е#OBL -л#SP -NULL#ESS
ф#go -изва#IMPF
хьи#happen -з#DAT
насруллагь#Nasrullah
папа#wife -р#PL а#OBL -л#SP -NULL#ESS
зи#1sg.gen
са#one
пачагь#king
тир#was
къул#fireplace -а#IN -NULL#ESS
дуьз#great
гада#boy -ди#ERG
адахлу#betrothed
хьтин#like
и#this
кӏуьд#four
вич#himself -и#ERG
лагь#say -ана#AOR
гила#now
лугь#say -уда#ENT
хьухь#be.IMPV
анжах#only
стха#brother
за#1sg.ERG -з#DAT
югъ#day
хва#son -яр#PL
гьимаен#brought.up -да#ENT
хкягъ#choose -да#FUT
вахт#time
пачагь#king
вич#himself -и#ERG -н#GEN
ак#look -уна#AOC
кьил#chapter -я#IN -й#EL
лугь#say -узва#IMPF
кьадар#enough
а#that
вич#himself и#this
вилаят#country -ди#OBL -з#DAT
къач#buy -уда#FUT -ч#NEG -ни#Q
жува-жув#oneself
лугь#say -уда#ENT
гьар#every
муькуь#other.one
джагьан#Jahan
руш#girl
мад#more
руш#girl а#ERG
ф#go -ена#AOR
диде#mother -ди#OBL -н#GEN
са#one
лугь#say -уда#ENT
гьим#that.one
гада#boy -ди#OBL -н#GEN
хьа#happened -нава#PERF -тӏа#COND
са#one
ава#cop
лагь#say -ана#AOC
лугь#say -уда#ENT
рекь#kill -ида#FUT
пис#evil -вал#PURP
къери#more
лугь#say -уда#ENT
мад#more
вич#himself -и#ERG -н#GEN
вич#himself и#this -з#DAT
за#1sg.ERG -з#DAT
гьикӏ#how
хъф#go.again,return -ена#AOR
чун#1pl.abs
лугь#say -узва#IMPF
лугь#say -уда#ENT
пачагь#king
кӏватӏ#group
гъ#bring -ана#AOR
чӏехи#great
гъ#bring -ана#AOC
кицӏ#dog
лагь#say -ана#AOR
ий#make -изва#IMPF
везир#vizier -ар#PL
амукь#stay,remain -на#AOR
кӏвал#house -е#IN -NULL#ESS
руш#girl -ни#AND;FOCUS
акв#look -аз#INF
капаш#handful
диде#mother
гъваш#bring.IMPV
и#this
гада#boy -ди#OBL -з#DAT
шей#thing -ни#AND;FOCUS
чун#1pl.abs
гила#now
гьат#fall.on -на#AOR -ч#NEG
вич#himself и#this -з#DAT
и#this
гьан#that
вахт#time
гваз#with
вич#himself -и#OBL -н#GEN
галаз#with
чна#1pl.erg
ама#he -ни#AND;FOCUS
кӏан#want -зава#IMPF
ки#that
гьайван#animal -ар#PL
луьткведаваз#boat.in.being.IMC
ватан#homeland -ди#OBL -з#DAT
а#that
алман#the.German
са#one
лагь#say -ана#AOR
чан#dear
бере#time -да#IN -NULL#ESS
ала#is.there
ам#it
эхир#after.all
за#1sg.ERG
тагиев#Tagiyev
сад#one
гьада#she -з#DAT
аллагь#Allah
лугь#say -узва#IMPF
къ#take -ада#ENT
а#that
чка#place -ди#OBL -з#DAT
ат#come -ана#AOC
за#1sg.ERG
къапина#jar
вичин#her
г#give -уз#IMC
г#give -уз#INF
жува-жув#oneself
ида#him.to -ни#AND;FOCUS
къв#fall,precipitate -езва#IMPF
лугь#say -уда#ENT
он#ten
бес#but
лагь#say -ана#AOR
лагь#say -ана#AOR
яхцур#forty
вири#all
газет#newspaper -ди#OBL -з#DAT
кут#put.under -уна#AOC
жеда#became.ENT
меслегьетар#decide -на#AOR
са#one
ф#go -ена#AOR
атана.агакьда#REACHED.ENT
ят#water -ар#PL
югъ#day
цай#fire
ва#2sg -з#DAT
вил#eye -ер#PL -и#OBL -з#DAT
ийи#make -зава#IMPF
кут#put.under -ада#ENT
я#or
чӏулав#black
гада#boy -ди#OBL -в#AD -ай#EL
и#this
са#one
ида#he.also -з#DAT
жаван#young
ф#go -ида#FUT
хьа#be -ана#AOR
ци#why
шив#steed
куд#hang.PFT.PTP -нава#PERF -й#PST
чукьуна#cause
за#1sg.ERG
гьа#that,.the.same
мугьубат#love -ди#OBL -к#SB -ай#EL
шив#steed -ди#OBL -хъ#PT -NULL#ESS
палкан#horse
техминан#About
са#one
чун#1pl.abs
вил#eye -ер#PL
руш#girl а#OBL -з#DAT
лишанлу#engagament
за#1sg.ERG
уьлуьхъар#make.extiguished -на#AOR
хьа#happened -нава#PERF
цӏуьд#nine
буба#father -ди#OBL -з#DAT -ни#AND;FOCUS
лежет#Ledjet
тир#was
лагь#say -ана#AOR
ак#look -уна#AOC
километр#kilometer
молодой#young
лагь#say -ана#AOR
лугь#say -уда#ENT
архаин#comfort
десте#group
лугь#say -уз#IMC
гьуьл#sea -уь#OBL -н#GEN
чка#place -ди#OBL -л#SP -ай#EL
иеси#owner
са#one
хкаж#up
шагьдагъ#Shahdag -ди#OBL -н#GEN
за#1sg.ERG
гъил#hand -ер#PL -и#OBL -в#AD -NULL#ESS
буьркьуь#blind
за#1sg.ERG
тфенг#guns -ар#PL
къач#buy -уна#AOC
лугь#say -уда#ENT
иникъ#here.to
гила#now
несил#generation
тир#was
г#give -уз#INF
хьайитӏа#be.AOP.COND
я#oh
ават#fall -ана#AOR
лагь#say -ана#AOR
буран#storm
кь#catch -уна#AOC
аку#look.IMPV
и#this
винел#on
ну#well
ахьтин#like.that
и#this
артух#better
тир#was
ахпа#then
лугь#say -уда#ENT
кӏан#want -зава#IMPF -ч#NEG
хъф#go.again,return -изва#IMPF
ча#water
мугьарибе#war
ив#night а#OBL -н#GEN
кицӏ#dog
лугь#say -уда#ENT
граница#border. -да#IN -NULL#ESS
лугь#say -уда#ENT
чая#tea -р#PL
хъсан#good
лагь#say -ана#AOR
ата#coming -й#PST
вахт#time
лагь#say -ана#AOR
гьаджи#Hadji
за#1sg.ERG
за#1sg.ERG
за#1sg.ERG
зи#1sg.gen
вич#himself -и#ERG -з#DAT
гьада#she -з#DAT
ви#2sg.gen
за#1sg.ERG
жанавур#wolk -ри#OBL -н#GEN
булах#spring -да#OBL -л#SP -NULL#ESS
и#this
чи#1pl.gen
пек#cloth -ер#PL
къв#come -еда#ENT
галай#was
ахъа#open
и#this
акъат#come.out -на#AOR
зи#1sg.gen
ма#you.know
ки#that
са#one
тир#was
хъсан#good
сада#one
зу#my ни#which
бес#but
ида#him.to -ни#AND;FOCUS
лугь#say -уда#ENT
ваъ#no
за#1sg.ERG -з#DAT -ни#AND;FOCUS
ан#there -яй#EL
лугь#say -уда#ENT
цӏай#fire -и#OBL -н#GEN
притча#parable
ахъай#open -зава#IMPF
хпер#sheep
станция#station
чубан#shepherd -ди#ERG
тир#was
цац#thorn -ар#PL -а#IN -й#EL
къуш#bird
джагьан#Jahan
ават#fall -ана#AOR
шагьвар#wind
вуч#what -ун#HORT
вун#2sg.abs а#ERG
гьуьл#sea -е#OBL -л#SP -ай#EL
эхьир#in.
вич#herself
чна#1pl.erg
яру#red
хьа#happened -нава#PERF
вахт#time
лагь#say -ана#AOR
нефер#person -ди#OBL -в#AD -ай#EL
ани#that -з#DAT
тухв#take -да#ENT
ки#that
лагь#say -ана#AOR
но#But
ат#come -ана#AOC
акъат#appear
берлин#Berlin -ди#DIR -з#DAT
за#1sg.ERG -з#DAT
шагьдагъ#Shahdag -ди#OBL -н#GEN
руш#girl -ни#AND;FOCUS
рафик#Rafik's а#OBL -н#GEN
чи#1pl.gen
къач#buy -уна#AOR
има#this -ни#AND;FOCUS
хабар#news -ар#PL
пек#cloth -ер#PL
аладрайтӏа#longing.PTP.COND
вуч#what -и#ERG з#1sg.ERG лагь#say -й#PST -ла#TEMP
яд#water
вич#himself -и#ERG -з#DAT
и#this
руш#girl
зи#1sg.gen
мин#thousand
асул#actually
лагь#say -ана#AOR
руш#girl
дишегьли#woman -яр#PL -ни#AND;FOCUS
са#one
пачагь#king -ди#OBL -з#DAT
зи#1sg.gen
руш#girl
вил#eye -ер#PL -а#OBL -л#SP -NULL#ESS
чи#1pl.gen
а#that
хъсан#good
пака#tomorrow
и#this
ана#there -й#PST
ва#2sg -з#DAT
ашукь#ashuq
ашукь#ashuq
чун#1pl.abs
ну#well
чун#1pl.abs
тарих#(historical).story -да#IN
еке#great -з#DAT
же#be -н#GEN
са#one
чун#1pl.abs
гада#boy -ди#ERG -ни#AND;FOCUS
застава#outpost
рук#forest а#OBL -з#DAT
жи#our
туш#cop.NEG
лагь#say -ана#AOR
шагьдагъ#Shahdag
июн#June -ди#OBL -н#GEN
шагьдагъ#Shahdag
вич#himself -и#ERG -з#DAT
са#one
лугь#say -узва#IMPF
жаза#punishment
им#he
туш#cop.NEG
югъ#day
рак#door
фидамаз#while.going
самур#"Samur"
ак#look -уна#AOC
пака#tomorrow
безханум#Bezkhanum
тамаш#look -й#PST -тӏа#COND
чун#1pl.abs
лугь#say -уда#ENT
и#this
вине#over
и#this
са#one
хкв#return -еда#FUT
лагь#say -ана#AOR
гьикьван#how.much
гуд-гуд#torn.to.pieces
гада#boy
я#oh
лугь#say -уда#ENT
ф#go -ида#ENT
гьефте#week
а#that
боеприпас#ammunition
лугь#say -уда#ENT
чна#1pl.erg
са#one
вефасуз#untrusted
гала#with -з#DAT
гъил#hand -е#IN -NULL#ESS
кицӏ#dog -и#OBL -з#DAT
пачагь#king
ки#that
фу#bread
руш#girl
лагь#say -ана#AOR
ий#make -ин#HORT
лугь#say -уда#ENT
хъф#go.again,return -ена#AOR
вун#2sg.abs а#ERG
вун#2sg.abs а#ERG
чун#1pl.abs
и#this
зи#1sg.gen
шикил#picture
и#this
хъсан#good
чукур#chase -да#FUT
за#1sg.ERG
садра#once -ни#AND;FOCUS
жи#our
гада#boy
куьн#2pl.abs
уьлкве#country -ди#OBL -з#DAT
ахпа#then
кьве#two
за#1sg.ERG -з#DAT
гьада#she -з#DAT
дуьз#great
кьил#head
кӏвал#house -е#IN -NULL#ESS
ам#it
ма#you.know
акъадар#mount -на#AOR
ф#go -ида#ENT
иер#beautiful
ф#go -ида#FUT
са#one
гада#boy
лугь#say -узва#IMPF
гат#summer
ина#here
пек#cloth -ни#AND;FOCUS
ат#come -ай#AOP ф#go -ей#AOP
кицӏ#dog -и#OBL -з#DAT -ни#AND;FOCUS
лагь#say -ай#AOP -ла#TEMP
им#he
баде#grandmother -ди#OBL -з#DAT -ни#AND;FOCUS
гада#boy
я#cop -тӏа#COND
лугь#say -уда#ENT
ма#you.know
галаз#with
руш#girl а#OBL -н#GEN
кӏарас#wood -ар#PL
ида#her
аяр#nice
лазим#must
лагь#say -ана#AOR
муаллим#teacher
-ча#1pl -з#DAT
экъв#walk -ена#AOR
кӏвач#leg -ер#PL гъил#hand -ер#PL
рус#russian
пачагь#king -ди#OBL -н#GEN
чи#1pl.gen
район#countryside -ди#OBL -з#DAT
гъил#hand -е#IN -NULL#ESS
свас#wife
пек#cloth -ер#PL
гьиниз#where.to
кьиса#story
маракьлы#interesting
тагьминан#approximately
тӏарар#make.ache -да#IN
ун#yes
гьуьл#sea -уь#OBL -н#GEN
якьур#found -на#AOR
ча#1pl.gen -з#DAT
лугь#say -уда#ENT
ракъ#send -уда#ENT
иеси#owner
лугь#say -уда#ENT
гьуьл#sea -уь#OBL -н#GEN
и#this
луьткведаваз#boat.in.being.IMC
еке#great
лугь#say -уда#ENT
акв#look -азва#IMPF -й#PST
иер#beautiful
хъсан#good
лагь#say -ана#AOR
накьв#soil
гада#boy
гила#now
чи#1pl.gen
за#1sg.ERG
гъил#hand
гаф#word
акв#look -ада#ENT
лугь#say -уда#ENT
свас#wife
гада#boy
лагь#say -ана#AOC
цех#wood.shop
руш#girl
гьамам#bathhouse -ди#OBL -з#DAT
инсан#man -ар#PL
чи#1pl.gen
сад#one
руш#girl
и#this
лагь#say -ана#AOR
комбинироват#combine -на#AOC
ана#there -ни#AND;FOCUS
а#that
гьат#enter -нава#PERF
лугь#say -уда#ENT
запись#recording
лугь#say -уда#ENT
чун#1pl.abs
лугь#say -уда#ENT
гьа#today
за#1sg.ERG
векил#lawyer -ар#PL
ф#go -ена#AOR
мектеб#school -ди#OBL -з#DAT
лугь#say -уда#ENT
за#1sg.ERG -ни#AND;FOCUS
икьван#so.much
кӏвал#house -ар#PL а#OBL -NULL#ESS
буба#father
и#this
лугь#say -уда#ENT
чи#1pl.gen
руш#girl
зу#my
игъ#put -ин#HORT
хкв#return -еда#ENT
гафар#say -на#AOC
вуш#what -да#FUT
я#cop -ни#AND;FOCUS
пачагь#king
кичӏе#fear -зава#IMPF
ф#go -ена#AOR
шад#happy
акур#seen -ди#SBST
пачагь#king
да#yes
шикил#picture
ваъ#no
хъф#go.again,return -ин#HORT
г#give -ун#MSD
за#1sg.ERG -з#DAT
гьайван#animal
муьжуьд#eight
вич#himself -и#ERG
мад#more
им#he
ат#come -ана#AOC
зи#1sg.gen
лагер#camp -ди#OBL -з#DAT
лугь#say -узва#IMPF
яхцӏур#fourty
гьабур#them -и#ERG -н#GEN
за#1sg.ERG
гада#boy -ди#ERG -ни#AND;FOCUS
гьама#it.also -ни#AND;FOCUS
гьабур#them -и#ERG
хьурай#be.will
рессам#artist -ди#OBL -в#AD -NULL#ESS
хт#return -ана#AOC
плен#captivity(rus)
яхцӏур#fourty
ава#is -тӏа#COND
са#one
и#this
руш#girl а#OBL -н#GEN
вич#himself -и#ERG -н#GEN
рази#agree
и#this
зи#1sg.gen
лугь#say -уда#ENT
ат#come -ана#AOC
г#give -ана#AOR
лагь#say -ана#AOR
чун#1pl.abs
рук#forest а#OBL -з#DAT
са#one
лагь#say -ана#AOR
ацукьар#cause.to.sit -да#ENT
къахч#take -уна#AOC
сен#you
кӏан#want -зава#IMPF -й#PTCP -ди#SBST
гьуьл#sea -уь#OBL -н#GEN
кут#put.under -уна#AOC
ибрагьимова#ibrahimova
т#put -ада#ENT
и#this
и#this
экъечӏ#appear -на#AOC
вегьши#wild
зи#1sg.gen
к#burn -ана#AOR
инсан#man
боеприпас#ammunition
хкв#return -еда#FUT
чна#1pl.erg
лагь#say -ана#AOR
лугь#say -уда#ENT
кьиса#story
иеси#owner
вири#all
чӏав#time -у#OBL -з#DAT
и#this
гъ#bring -ана#AOC
зак#me.from а#ERG -й#PST
гьакӏ#just а#ERG
хьа#being.AOC
лагь#say -ана#AOR
гьуьл#sea -уь#OBL -н#GEN
шей#thing -#PL -и#OBL -в#AD -NULL#ESS
азербайджан#Azerbaijan
дуьз#right
руш#girl
жаза#punishment
ахпа#then
а#that
агакь#approach -да#ENT
верегъ#paper -ар#PL
са#one
са#one
лугь#say -уда#ENT
кьве#two
ава#is
ида#he.from
и#this
маса#another
лугь#say -уда#ENT
зу#my
ф#go -ида#ENT
гьабур#them -у#ERG
вун#2sg.abs а#ERG
югъ#day
а#that
са#one
вуч#what -и#ERG -н#GEN
руш#girl
ала#is.there -й#PST
руш#girl -ни#AND;FOCUS
гьуьл#sea -уь#OBL -н#GEN
са#one
бес#but
эвера#call.IMPV
ида#her
хъф#go.again,return -изва#IMPF
башламиш#start -да#ENT
кут#put.under -унва#PERF
са#one
кицӏ#dog
гьич#never
са#one
са#one
акъах#climb(up),mount -на#AOC
за#1sg.ERG
я#oh
гьажуз#weakness -вал#NESS
ида#him.to
экъецӏ#appear -на#AOR
ашукь#ashuq -ди#OBL -з#DAT
гада#boy
и#this
са#one
вахт#time
эй#hey
чна#1pl.erg
рук#forest а#OBL -н#GEN
сад#one
ахьай#help
къари#old.woman
лугь#say -уда#ENT
ахпа#then
зу#my
ида#he.again
лагь#say -ана#AOR
къач#buy -уз#INF
эгер#if
амукь#stay,remain -да#ENT
атӏу#cut -из#INF
буба#grandfather -ди#OBL -з#DAT
бес#but
хъф#go.again,return -ида#FUT
лезги#Lezgi
са#one
къеле#fortress
и#this
тир#was
кӏан#want -зава#IMPF
жув#us а#ERG
а#that
ахпа#then
везир#vizier -ри#OBL -з#DAT
лугь#say -уда#ENT
гьамам#bathhouse -ди#OBL -з#DAT
гъил#hand -я#IN -й#EL
вун#2sg.abs а#ERG
кьве#two
совет#Soviet -ди#ERG -н#GEN
г#give -уда#ENT
ви#2sg.gen
вуч#what
шив#steed
ма#you.know
къирмаж#whip -ди#OBL -в#AD -NULL#ESS
мектеб#school -ди#OBL -н#GEN
хкуд#put.out -на#AOR
куьтях#finish
вири#all
са#one
гъ#bring -ана#AOC
ваъ#no
ф#go -ида#ENT
иер#beautiful
инсан#man
къ#take -уна#AOR
филан#some
галай#was
рахк#send -уда#FUT
рази#agree
вич#himself -и#ERG -н#GEN
ча#1pl.gen -з#DAT
цл#wall а#OBL -л#SP -ай#EL
гьикӏ#how
лагь#say -ана#AOR
има#this.one
гьада#then
ат#come -ана#AOC
бес#but
жемят#public -ди#OBL -з#DAT
югъ#day
кван#please.do
зи#1sg.gen
и#this
кицӏ#dog
мад#more
чна#1pl.erg
лагь#say -ана#AOR
къач#buy -уна#AOC
за#1sg.ERG
вутӏ#where
лугь#say -уда#ENT
ашукь#ashuq
эрмени#armenian -ни#AND;FOCUS
им#he
лагь#say.IMPV
лагь#say -ана#AOR
ф#go -ена#AOC
хер#wound
къени#today -н#GEN
а#that
гаф#word -ни#AND;FOCUS
бес#but
гьакӏ#just
вун#2sg.abs а#ERG -ни#AND;FOCUS
ва#and
кут#put.under -ада#ENT
за#1sg.ERG -з#DAT
шив#steed -ре#OBL -хъ#PT -NULL#ESS
кӏарас#wood -ар#PL
вич#himself
хт#return -ана#AOC
гьа#that,.the.same
ва#2sg -з#DAT
лагь#say -ана#AOR
отношение#relationship
ван#voice
машин#car -ни#AND;FOCUS
яр#sweetheart
муькуь#other.one
кьил#chapter -е#OBL -л#SP -NULL#ESS
лагь#say -ана#AOR -ч#NEG
лугь#say -уда#ENT
тир#was
балкӏан#horse -да#OBL -л#SP -NULL#ESS
ха#ha
вич#himself -и#ERG -н#GEN
агъ#bring -ана#AOR
хьайитӏа#be.AOP.COND
чан#dear
я#cop -тӏа#COND
чира#separated
купча#bill.of.sale
вич#herself
вун#you а#ERG
за#1sg.ERG
вич#himself
ван#voice
ф#go -из#INF
чка#place -ди#OBL -л#SP -ай#EL
отуз-кьырх#thirty.forty
лугь#say -уда#ENT
гьикӏ#how
баде#grandmother
я#cop -ни#AND;FOCUS
ма#you.know
гада#boy -ди#ERG
и#this
гьайван#animal -ар#PL
вил#eye -ер#PL -и#OBL -з#DAT
эциг#put! -на#AOR
ибур#these -у#ERG -ни#AND;FOCUS
гьафте#week д#IN -л#SP -ай#EL
яд#water
гьайван#animal
сад#one
ина#here
и#this
акв#look -ада#ENT
и#this
ам#it
а#that
чан#dear
дуьз#great
вичин#her
чун#1pl.abs
дербент#Derbent.in -ди#OBL -н#GEN
эрмени#armenian
ашукь#ashuq -ди#OBL -з#DAT
хьа#be -ана#AOR
и#this
ки#that
асеф#Asef
фе#go -нава#PERF
мез#tongue
ф#go -ена#AOC
лагь#say -ана#AOR
кӏвал#house -е#IN -NULL#ESS
я#or
тамаш#look
гьат#fall.on -на#AOR
къв#come -еда#ENT
пер#dig
и#this
лугь#say -узва#IMPF
луьткве#boat -да#IN -NULL#ESS
и#this
и#this
лагь#say -ана#AOR
къач#buy -уна#AOC
ч#know -изва#IMPF
кицӏ#dog
вич#himself -и#ERG -н#GEN
и#this
и#this
хьа#being.AOC
са#one
чна#1pl.erg
чи#1pl.gen
са#one
гила#now
къван#stone -ер#PL -и#OBL -н#GEN
ида#he.from ва#2sg -й#PST
хтун#take.off -да#ENT
рехъ#way
пачагь#king
эскервил#military.service -е#ERG
ва#2sg -з#DAT
гила#now
хва#son
и#this
хкягъ#choose -да#FUT
гъваш#bring.IMPV
эхир#end -ни#AND;FOCUS
гурвал#give.PTP.MAN
кӏарас#wood -ар#PL
вуна#2sg.erg
гъвечӏи#small
лугь#say -уда#ENT
диде#mother -ди#OBL -н#GEN
буба#grandfather -ди#ERG
вахг#return -ана#AOR
аллагь#Allah -ди#OBL -з#DAT
са#one
за#1sg.ERG
план#plan
зи#1sg.gen
гала#with -з#DAT
тир#was
къари#old.woman
фад#quickly
са#one
вич#himself и#this -н#GEN
ида#he.also -н#GEN
т#leave -мир#PROH
лагь#say -ана#AOR
мейил#liking
ахпа#then
шуьше#glass
лагь#say -ана#AOR
чуь#your
ф#go -изва#IMPF
амни#those.and
вуч#what -и#ERG -з#DAT
ч#know -изва#IMPF -ч#NEG
нуьмре.къве#FRAUD -з#DAT
вич#himself и#ergative -з#DAT
винел#on
ахпа#then
це#give
мейдан#town.square -да#OBL -л#SP -NULL#ESS
къв#come -еда#ENT
мороз#frost
военные#militaries
багъиш#forgive -на#AOC -й#PTCP
лугь#say -уда#ENT
метлеб#wish
кьил#chapter -е#OBL -л#SP -NULL#ESS
диде#mother -ди#OBL -н#GEN
автобус#bus
вун#2sg.abs а#ERG
чун#1pl.abs
гагьат#escape -зава#IMPF
ак#look -уна#AOC
са#one
цай#fire
ат#come -ана#AOC
ат#come -ана#AOC
студент#student
телефон#phone
и#this
г#give -ана#AOR
гаф#word
я#cop
хьти#like -н#GEN -ди#DIR
лагь#say -ана#AOR
а#that
кӏан#want -зава#IMPF
кут#put.under -уна#AOC
ккӏ#fight -ида#ENT
тамаш#look -на#AOC
са#one
ахъай#open -ин#HORT
къач#buy -уна#AOR
ава#cop
рахкъур#send -нава#PERF
г#give -ун#MSD
лугь#say -узва#IMPF
самур#"Samur"
са#one
ахпа#then
гьабур#them -у#ERG
балкӏан#horse -ди#ERG
гада#boy
лагь#say -ана#AOR
бала#baby -яр#PL
за#1sg.ERG -ни#AND;FOCUS
лайих#worthy -ди#DIR
галукь#hit
жив#snow
ава#cop
хьа#be -й#PST -ла#TEMP
са#one
чан#dear
фи#go -ун#MSD
гила#now
им#he
чна#1pl.erg
са#one
саламат#well
хъв#drink -аз#INF
гьуьл#sea -уь#OBL -н#GEN
къ#take -уна#AOC
гьан#that -и#OBL -з#DAT
тӏвар#name -ци#OBL -з#DAT
и#this
диде#mother
республика#countries -йр#PL -и#OBL -з#DAT
гьат#fall.on -на#AOR
буба#grandfather -ди#OBL -з#DAT
гьаят#life -ди#OBL -з#DAT
вун#2sg.abs а#ERG -ни#AND;FOCUS
амукь#stay,remain -да#IN
гьамиша#always
къ#take -уна#AOC
вуч#what -и#OBL -з#DAT
за#1sg.ERG
гала#with -з#DAT
гьа#today
вири#all
сакӏа#in.no.way -ни#AND;FOCUS
и#this
за#1sg.ERG -з#DAT -ни#AND;FOCUS
къач#buy -уна#AOR
тухв#take -ана#AOC
руш#girl
кьил#chapter -е#OBL -л#SP -NULL#ESS
кьеайди#dead
алахъ#try -зава#IMPF
гъил#hand -и#OBL -н#GEN
гада#boy
гьефте#week д#IN -л#SP -ай#EL
ида#him.to -з#DAT -ни#AND;FOCUS
чун#1pl.abs
руш#girl а#OBL -з#DAT
лугь#say -уда#ENT
акъадар#mount -на#AOR
вообще#commonly
гьа#today
руш#girl
жен#being
балкӏан#horse -да#OBL -л#SP -NULL#ESS
кӏан#want -зава#IMPF
ибур#these -и#ERG -н#GEN
ф#go -ена#AOC
чуьл#feild -да#IN -й#EL
иер#beautiful
гьар#every
шей#thing -ни#AND;FOCUS
дяве#war
хьир#even
буба#father
за#1sg.ERG -з#DAT
ф#go -ена#AOR
шей#thing
верци#sweet
лугь#say -уда#ENT
чи#1pl.gen
акъат#come.out -на#AOR
вуна#2sg.erg
къанни#twenty
рак#door
и#this
кӏан#bottom -у#ERG -з#DAT
хьтин#like
воо#wow
гьич#never
чун#1pl.abs
ф#go -ида#ENT
военный#military
ча#1pl.gen -з#DAT
баде#grandmother
кутӏур#create
жемят#public -ди#OBL -з#DAT
ва#2sg -з#DAT
за#1sg.ERG -ни#AND;FOCUS
ч#know -изва#IMPF -ч#NEG
иеси#owner
иер#beautiful
значит#So,
ван#voice
гъил#hand -я#IN -й#EL
хер#wound
мугьубат#love
има#this
балкӏан#horse
ашукь#ashuq
са#one
хт#return -ана#AOR
лагь#say -ана#AOR
ида#her
хъсан#good
баш.уьсте#IT.WILL.BE.DONE
лагь#say -ана#AOR
кьиса#story
са#one
гьуьл#sea -уь#OBL -н#GEN
чна#1pl.erg
ктаб#book -да#IN -й#EL
лагь#say -ана#AOR
концерт#concert -ни#AND;FOCUS
руш#girl
за#1sg.ERG
гаф#word -ар#PL
гьа#today
кан#want -и#ERG
кутӏан#tie -на#AOC
а#that
истифаде#use
пачагь#king -ди#OBL -н#GEN
лагь#say -ана#AOR
вахт#time
и#this
яд#water
са#one
кьил#head
лугь#say -уда#ENT
чан#dear
вич#himself
хьир#even
гьакӏ#like.that
хутах#take.back
фендигар#by.cunning -вил#.NESS -е#OBL -л#SP -ди#DIR
материал#material -ни#AND;FOCUS
гьи#this
гьакӏ#like.that
лагь#say -ана#AOR
и#this
сад#one
эхир#after.all
ава#cop
кьве#two
катдай#running.FUT.PTP
лагь#say -ана#AOR
сад#one а#ERG
эхир#after.all
ф#go -ена#AOC
пара#very
элягъ#take.off -на#AOC
лугь#say -уда#ENT
вун#2sg.abs а#ERG
руш#girl
акъат#come.out -на#AOR
ама#still.be,.remain -ш#NEG
талыш#talis -ди#ERG
ат#come -ана#AOC
себриллагь#Sabrillah
ава#is -ни#AND;FOCUS
хер#wound
и#this
чун#1pl.abs
гьарайзу#is.shouting
ягъ#take -ан#HORT
агакь#reach -на#AOC
гьада#she -н#GEN
кьве#two
акур#seen -ди#SBST
ахпа#then
гъил#hand -и#OBL -н#GEN
лагь#say -ай#AOP
кицӏ#dog
тек#alone
яда#or
за#1sg.ERG
и#this
агат#approach -из#INF
чна#1pl.erg
берлин#Berlin -да#IN -й#EL
исабала#Isabala -ди#ERG
лугь#say -уда#ENT
ий#make -изва#IMPF
кӏвал#house -а#IN -NULL#ESS
гьуьл#sea -уь#OBL -н#GEN
асул#actually
и#this
ф#go -ида#ENT
нефер#person
къач#buy -уна#AOR
алцурар#deceive -на#AOC
гьич#never
а#that -бур#PL
и#this
чун#1pl.abs
гада#boy
лагь#say -ана#AOR
пепе#bug -йр#PL -и#OBL -к#SB -ай#EL
за#1sg.ERG
гила#now
сад#one
ккӏ#fight -ида#ENT
гада#boy
и#this
илисар#hide -нава#PERF
руш#girl -ни#AND;FOCUS
диде#mother
са#one
им#he
командир#commander -ди#ERG
агакь#reach -на#AOC
икӏа#like.this
ава#cop
хт#return -ана#AOR
свободный#free
гада#boy -ди#OBL -хъ#PT -NULL#ESS
балкӏан#horse -да#OBL -л#SP -NULL#ESS
руш#girl
вун#2sg.abs а#ERG
руш#girl -ни#AND;FOCUS
ат#come -анва#PERF
лугь#say -уз#IMC
къайгъу#took.care -ди#OBL -к#SB -NULL#ESS
экъецӏ#appear -на#AOR
вуна#2sg.erg
пачагь#king -ди#OBL -з#DAT
я#cop
рикӏ#heart -е#IN -NULL#ESS
хв#keep,defend -ена#AOR
куьтях#finish
гада#boy -ди#ERG
ва#and
ф#go -ена#AOR
кьве#two
териф#praise
сифте#first
хьа#happened -нава#PERF
лугь#say -узва#IMPF
палкан#horse
дейесен#it.seems
характер#character
кӏурцӏул#puppy -ди#OBL -з#DAT
ча#1pl.gen -з#DAT
россия#Russia -ди#OBL -н#GEN
ви#2sg.gen
анай#there.from
гьетта#also
югъ#day
кӏвал#house
вич#himself -и#ERG -н#GEN
кеф#mood
ваз#you
и#this
голландия#Holland -ди#ERG -з#DAT
мад#more
гила#now
хьайитӏани#however.COND.FOC
кам#step -ни#AND;FOCUS
хкв#return -еда#FUT
кь#catch -ада#ENT
чун#1pl.abs
са#one
пешком#on.foot
кран#crane -ди#OBL -н#GEN
эвел#before
уже#already
цӏийи#new
ахпа#then
буба#father
са#one
кицӏ#dog
ий#make -из#INF
михьи#cleanless -вал#PURP
къени#today -н#GEN
гъ#bring -ана#AOC
ф#go -ена#AOR
са#one
къв#come -еда#ENT
яр#sweetheart
жаваб#answer
граница#border. -ди#DIR -з#DAT
гъел#plough
хабар#news -ар#PL
кхь#write -анва#PERF
вад#Five
я#oh
а#that
са#one
хер#wound
луьткве#boat
ак#look -уна#AOC
хъсан#good
фи#go -зава#IMPF
гада#boy -ди#ERG -ни#AND;FOCUS
ви#2sg.gen
элкъв#turn.back -ена#AOC
диде#mother
ки#that
хуьр#village -у#OBL -з#DAT
шеле-куьлени#stuff
ча#1pl.gen -з#DAT
зи#1sg.gen
кӏан#want -зава#IMPF -й#PTCP
вуч#what
къакъан#high.to -ди#DIR -з#DAT
яц#bull -ар#PL
ва#2sg -з#DAT
пара#very
гьеле#still
и#this
хьуьруьнви#villager -йр#PL -и#ERG
гьа#that,.the.same
сонра#after
икьрар#agreement
гатфар#spring
вич#himself -и#ERG -н#GEN
ва#2sg -з#DAT
са#one
ат#come -ана#AOC
и#this -м#ABS
регьмет#DIED -ди#OBL -з#DAT
цӏай#fire -ни#AND;FOCUS
лугь#say -уда#ENT
са#one
тӏва#other
арадлай#a.while.after
сив#mouth
эциг#put! -да#ENT
лугь#say -уда#ENT
жув#us а#ERG -з#DAT
шеъ#thing
кан#dear -зава#IMPF
ахпа#then
гьа#that,.the.same
лугь#say -уда#ENT
хт#return -ана#AOR
бере#time -да#IN -NULL#ESS
вуч#what -и#ERG -н#GEN
и#this
лагь#say -ана#AOR
вич#himself -и#ERG -н#GEN
чӏав#time -ар#PL а#IN -й#EL
гьаа#Yes
балкӏан#horse -ди#ERG
хъув#redo -уна#AOR
лугь#say -уда#ENT
кӏвач#leg -а#OBL -л#SP -NULL#ESS
хьа#happened -нава#PERF
кс#sleep -ана#AOC
за#1sg.ERG -з#DAT
ктад#touch -мир#PROH
ида#him.to -ни#AND;FOCUS
кьван#so.much
руш#girl
жуз#ask
муьстекъил#independent
ха#ha
экъецӏ#reach -ай#AOP -ла#TEMP
лагь#say -ана#AOR
за#1sg.ERG -з#DAT
чукур#chase -да#FUT
гьикӏ#how
лагь#say -ана#AOR
сад#one
я#oh
не#not
и#this
за#1sg.ERG
ий#make -ин#HORT
лагь#say -ана#AOR
рикӏ#heart -а#OBL -л#SP -NULL#ESS
ци#why
ханум#Ma'am а#ERG
тӏа#if
ий#make -из#INF
вири#all
ава#is -ч#NEG -из#INF
хъф#go.again,return -ена#AOR
лугь#say -уда#ENT
и#this
къатка#lie.down -нава#PERF
к#burn -ана#AOC
кицӏ#dog
за#1sg.ERG -з#DAT
за#1sg.ERG
кьуьруьдаказ#basically
ама#still.be,.remain -зама#IMPF.CONT
ва#2sg -з#DAT
лагь#say -ана#AOR
немец#german.person -ар#PL -и#OBL -н#GEN
къуват#force
жув#us а#ERG -з#DAT
ида#her -ни#AND;FOCUS
лагь#say -ана#AOR
йий#make -да#ENT -й#PST
сонра#after
цац#thorn -ар#PL -и#OBL -в#AD -NULL#ESS
ада#he
лугь#say -уда#ENT
къв#fall,precipitate -езва#IMPF
лугь#say -уда#ENT
икьван#so.much
ягъ#hit -ана#AOR
севда#Sevda
ма#you.know
кӏвал#house -и#OBL -з#DAT
са#one
вах#sister
гьам#he
хвеши#happy
ий#make -изва#IMPF
хьа#happened -нава#PERF
ки#that
и#this
дуьз#great
са#one
чи#1pl.gen
звериз-звериз#with.haste
балкӏан#horse -да#OBL -л#SP -NULL#ESS
руш#girl
руш#girl а#ERG
ккӏ#fight -ида#FUT
хвеши#happy
кьил#chapter -я#IN -й#EL
туш#cop.NEG
ава#cop
руш#girl
са#one
има#this
акъуд#carry.up -на#AOR
чун#1pl.abs -ни#AND;FOCUS
лагь#say -ана#AOR
диде#mother -ди#ERG
ки#that
и#this
рехъ#way
гьат#fall.on -на#AOC
г#give -уз#IMC
хьуй#let.it.be
гьада#she -з#DAT
чун#1pl.abs
кӏан#want -зава#IMPF -й#PTCP
тир#was
гъ#bring -ана#AOC
са#one
ий#make -ида#FUT -й#PST
са#one
цӏикьвед#twelve а#OBL -з#DAT
и#this
экъецӏ#appear -на#AOC
тек#alone
г#give -уз#IMC
ви#2sg.gen
гьакӏ#like.that
балкӏан#horse -да#OBL -л#SP -NULL#ESS
ма#here.you.go
ф#go -изва#IMPF
хтар#necklace -ар#PL
рикӏ#heart а#OBL -л#SP -ай#EL
пачагь#king
шикил#picture
зи#1sg.gen
лагь#say -ана#AOR
кь#catch -азва#IMPF
эсас#mainly
литва#Lithuania -ди#OBL -з#DAT
ана#there
ф#go -ида#ENT
инсан#man -ар#PL
лугь#say -уда#ENT
лагь#say -ана#AOR
чун#1pl.abs
гъил#hand -я#IN -й#EL
хейлаг#a.lot
руш#girl
кь#catch -ада#ENT
кван#please.do