-in- m- iaah
nu
nda
==a
m- oun
na
==ga
ndah.bas
onsi
m- ouh
turuh
na
lama
diaadn
dia
ou
mah
na
hiti
nubuh
i==
diha
ki- ara
m- oroh
lama
na
na
mekul
==ga
i- ng- elag
bakng
mah
tuadn.umur
ou
meng- olok
pa
ku- tulu -adn
mati
mual
ulu
m- ouh
pah
kaadn
pelanduk
na
m- iaah
melebak
ng- omol
supakng
ndah
m- -insari
dolok
medoot
ou
keng- di
na
ina
m- pihir- m- pihir
ina
oduh
kei
teih
k- esa
-m- -bahus
na
ndah
buh
in- -atad
sohod
kerai
na
ihi
tatakng
peranak
nubuh
m- oroh
-in- giaabm
kaadn
guna
epaat
-em- teis
mu- suat
beig
aha
nubuh
nubuh
uubm
ombok
==ga
n- tuah
aha
rubian
tobol
hei
medoot
==ga
leidn
keng- di
-in- ng- ai
kita
n==
ponuh
mulah
maan
buh-buh
n- dalabm
puni
libudn
tapih
geid
pisepak
ombok
teih
nubuh
peranggih
na
layut
gien
ertah
ny==
na
nubuh
m- iaah
belabak
bubul
orob
mengin
ki- liid
ba
nubuh
m- iaah
na
kondog
m- ohodn
belaha
u
m- pe- lempad
dihu
ngai
raah
sikng
==hu
suikng
bangsa
se- tengah
sultadn
kerah
m- ulih
mondog
mah
kaadn
senga
ke- rasa
rigiodu
na
in- iit
me- kehas -adn
bas
beig
nganggabm
suhup
kuit
su- suad
buh
berosi
silimbatu
na
tuadn.umur
nubuh
saa
tuni
m- utu
doudn
rubian
gi- g- ilakng
puhul.sebelas
-um- luas
raah
lama
n- -ehat
na
kuiih
jadi
nge- saa
tuadn.umur
-i- lobokng
simbatu
na
turuh
kubukng
dia
-in- n- ulus
tembah
na
sikiou
leidn
i==
n- uart
m- panu
petah
ihi
ponuh
hei
tampa
-in- g- uhubm
tintobodn
pungguah
bakng
ba
bakng
saa
ti
na
na
min- di
bunua
diaadn
lama
m- olok
dua-mpuluh
sultadn
bi- -dagakng
dua
se- n- toudn
ilab -adn
totuk
ndah.pa
simbatu
bali
na
bakng
==ga
m- ahi
dii
betangan
kuiih
diaadn
==ku
tampa
mu- sulukng
nd== ara
nubuh
me- leid
uubm
keng- di
ulu
-i- -m- duah
mengin
suad
uhubm
m- oduh
induh
hita
mung- kuiih
serangad
m- oroh
tidia
punga
bonggi
bakng
kaadn
mengin
na
su- suad
teih
ndah
mata
ati
kaadn
tempak
na
induh.amah
mah
beig
bakng
-in- n- unu
kiou
hei
anak
ipus
gandubm
saa
na
na
ai
kupih
kerah
ndah
serapakng
kurakng-kurakng
alih
hatih
bali
pisinah
tuni
gatakng
m- ulih
induh
tertuh
adat
baar
mati
kandak
kerai
domon
ninggiriak
==a
n- utup
na
na
mual
-in- k- odop
ina
leidn
sia
itala
na
na
ombok
uubm
kaadn
lama
na
==ga
ou
nubuh
na
m- ulih
ou
-i- m- ulih
na
libungan
susa
medoot
medoot
tidii
na
peg- liid- liid
na
lama
ombok
ntinduadn
m- olok
uhu
ng- g- iit
ipi -idn
pe- ng- ai
nd== ara
induh
ndah
malik
nu
piih
na
busu
singgurua
ndinduh
==ga
m- iaah
na
nd== ara
pegbiangan
uru
i==
na
ng- k- inak
na
mual
peranak
na
medoot
leidn
engat
ng- irubm
nubuh
lanjakng
na
==ga
tampa
m- oroh
kaadn
diha
-in- g- ait
ringah
kibilu
mistiih
mati
nulud
m- ulih
tual
nelayan
sumbakng
tinggalukng
m- ohodn
keng- di
m- udukng
kiaardn.na
m- panu
tembakng
-i- mati
na
bunua
ng- ge- -rampus
misit
bakng
ndah.pa
m- olok
ng- urtak
mual
saa
tuah-mulah
matakng
diaadn
dunyah
dii
m- ahi
satu
rumbur
ba
jaruk
seg -adn
anggar
kerah
diaadn
n- -ehat
ihi
kaadn
ny==
i==
biaah
liaag
na
ina
hei
-i- mati
ng- g- esab
na
na
berhei
semoub
ng- gi- -ribuk
di.libuat
ng- kuah
na
induh
baar-baar
-i- m- uhad
suruh
na
tinaman
bakng
ngim- pelei
tidi
barabm
timus
-in- ke- tomu
ou
alih
==hu
na
nubuh
remanggi
==ga
peranak
nu
anak
nanggah
asal
mengin
ki- ara
na
ta
tindiangan
robi
timalup
suruh
lundak
sultadn
hei
anak
bakng
m- bunuh
na
anak
nubuh
kaadn
sia
penat
tou
ndah
-in- n- irib
domon
anak
mual
ngompis
na
buaidn.sebelas
teih
pisinah
kerah
ny- umpakng
==ku
i- ngi- -riaak
ina
na
na
-i- m- ulih
bonggi
in- aap
mah
mahad
bas
pegemoon
tuni
-in- nge- loos
m- oroh
keng- dii
anak.miringin
ndiah
ndah
oduh
==ku
ou
==hu
ndah
kudat
na
ilin
pelanduk
saa
loud
rua
bali
dua-dua
biag
kira- kira
baar-baar
-in- ng- -atad
-i- mati
na
na
sia
n- -uruk
anu
engat
na
orob
pah
nge- lanag
goul
kirab
orob
i==
diaadn
pa
ngai
ba
ou
tolu
ina
gumbakng
na
ku- tulu -adn
na
mati
te- taha
mah
sia
ngai
na
tingih
hiti
kisinggil
==ga
nubuh
reburuh
pekahas
nge- dabuh
deirdn.mi
kudat
m- udah
nubuh
di.soid
kali
odu-odu
i==
mu- sulukng
bakng
ndah
induh
m- ohodn
goguh
i==
silabm
me- lou
kei
ng- ueirt
k- aap
barabm
-i- mati
ndah
bakng
kunuh
peg- obuh- obuh
suruh
meg- suad
i- ngi- dihit
na
induh
na
bali
k- aap
sei
-em- teis
nubuh
-in- ng- irah
na
puhul
==a
toyuk
na
tuhal
di.soig
diaadn
m- buat
agih.lipa
ng- -atad
na
lama
irah
m- oroh
ba
luan
mengin
ng- koidn
kahah
na
tanah
ou
pusud
i- k- erdah
ina
na
bilugadn
kiti
mbat
nagah
obu.pasakng
na
depoordn
keng- di
dua
tadn
teih
m- boros
na
boboh
na
n==
eyrat
mah
pe- g- ahut
lama
onu
abag.api
baru
umpil
kambikng
punga
anak
gimbatadn
buh
mah
tiernah
kungguakng.buid
m- iaah
na
sia
dihi
lahi
ki- ara
pudulih
-in- ng- obuh
singgurua
ki- ara
bakng
peg- punga
poroh
biri -adn
belaha
n- togob
ontokng
na
ki- ara
pusud
batakng
m- egat
meg- terai
barabm
na
keng- di
hei
==ku
ihi
mah
mual
adat
asu
languh
ndah
lima
hei
lama
m- osi
-in- guluu
na
mengin
ig- balik- balik
n- etak
ndah
sia
na
ndah
tolu
-in- ki- biaah
anu
bubu
tiag
leidn
na
robi
belaha
kirab
belaha
barabm
asal
na
punga
meg- rumun
dua
nanak
induh.amah
tidi
epaat puluh epaat
lama
bali
dumah
panu
matakng
i==
na
ng- ompuh
onu
==ku
diaadn
==ga
-in- n- -oidn
ladikng
tapih
keng- di
damak
dioo
gigiu
nubuh
induh.amah
na
ke- rasa
pasi
tina
n- togih
siidn
m- oroh
n==
puluh
simpurnah
na
meg- balik- balik
gien
keloukng- keloukng
peg- punga
na
lama
lama
kaadn
na
punga
taik
==ga
peg luas
na
punga
ou
ina
kibunggakng
bali
na
nu
ndah
toud
ke- kata
na
peg- punga
doudn
ndah
bunua
kaadn
leidn
mansabm
sia
leidn
meg- langgar
n==
nya
na
rumbur
ina
perook
nu
mah
leid- leid
siidn
i==
tohod
onu
me- dadi
obu
mah
aha
i==
na
na
tembakng
ombok
m- oroh
==ga
-i- -m- abat
deirdn.mi
hei
diaadn
in- iit
na
kaadn
mah
dagat
na
na
sampai
na.haah.na
induh.amah
pelanduk
anak
simingguh~simingguh
hei
beig
hei
kaadn
==hu
na
ndah
-in- biri -adn
kaadn
n==
telak
onu
anak
n==
berhei
na
punggah.pa
ouu
ki- liid
gigiu
-in- kiid
kerah
sultadn
ouu
soord.suhadn
dunyah
dolok
siidn
puhul
na
guai
ponuh
-i- m- ohodn
na
punga
lama
sedah
bali
mah
api
bonggi
leidn
tapih
buh
ng- irubm
domon
karukng
domon
kaadn
urang.tuah
m- iaah
pusuru
baru
dia
baar-baar
api
nganggabm
ndah
saa
turus
gien
kibilu
diti
keng- di
ouu
n- -opuk
dindikng
me- leid
==ku
pajak
-in- ng- -ampar
hei
ringah
mbat
guai
==ga
singuh
ngangga~ngangga
ki- liid
na
suad
-in- k- odop
engat
m- ohodn
pag datakng
diaadn
bebaidn
punga
bali
sia
ng- ipah
i- k- aap
ny==
alih
na
ndah
pa
tangga
kusur
-em- teis
hei
-i- -m- duah
ki- -liman
-i- m- ulih
piih
-i- matakng
-in- m- ongol
na
aha
mati
menoon
tangga
kiaardn.na
sidiah
i==
ng- oort
aha
suruh
kigiaadn
induh
umpil
ki- liid
na
diaadn
ihi
na.haah.na
na
na
bakng
keng- di
-in- kuah
na
k- aap
rubian
m- ulih
lagadn
anak
kepayan
punti
m- oduh
n- imbakng
na
ta
robi
-i- -m- luas
m- ihit
kirab
inoo
buh
ou
ng- upadn
kudat
na
medoot
induh
m- iaah
ki- ladu
==ga
na
toho
munusiah
suhup
medoot
ringah.mulah
ng- until
-i- m- ulih
sia
kerah
tidi
mbat
bunua
na
guai
keng- di
ndah
ari
betaan
buh
duaa
na
tuurt
ina
sia
i==
ou
ndah
berhei
se- ng- gerobi
ng- koon
pa
gien
ng- -intubakng
berajar
==ku
ng- g- onsi
m- panu
poroh
kuiih
-in- ki- tiag
mah
walau.pudn
ku- tulu -adn
n- togih
ndah
nubuh
tinduruh
na
n- suruadn
ngelag
puan-puan
boog
temobuh
m- putih
abih
na
gubarah
na
ngai
dioo
tidi
sepatut
suhi
na
nya
kirab
ndah
kei
posok
biaa
punggah.pa
tingguluh
na
ng- ku- pupulih
na.haah.na
na
-i- matakng
ng- kuah
ng- irah
ari.buaidn
ayad
tenggabadn
na
letid
pa
sikiou
silah
in- -ipah
nu
na
induh
ndah.pa
ookng-ookng
pegginohodn
upadn
-in- m- ien
m- ulih
na
ombok
dii
nubuh
ombok
ng- ipah
ari.buaidn
ina
di.soid
ouu
beranjah
dia
berhei
iskul
ambih
banggi
tingguluh
na
-in- gin- ohodn
hei
sompuh
na.haah.na
kupih
daya
medoot
urang.tuah
bangsa
me- rabu
diaadn
hei
engat
ketapakng
beig
mati
mah
mah
inubuh
ketoid
diaadn
nu
saa
manuk
tiaah
ba
-em- teis
rua
na
-in- kerai
na
ng- k- aap
ei
ng- igid
malik
==ga
diaadn
na.haah.na
mah
kaadn
==ga
sapad
ngi- linggakng
ng- ge- -rampus
timbeig
kululikng
na
mah
nya
tidi
na
na
na
mah
rua
na
na
nubuh.deirdn.na.hai
ou
mual
ki- ara
kaadn
tupi
bas
ombok
keng- di
==ga
hai
sia
ou
padi
suruh
asal
==ku
na
gambar
me- dadi
in- -ipah
siidn
k- aap
mah
ng- ke- lou- lou
tapih
na
n- -uurdn
onu
iloodn
nubuh
ng- g- anak
ringgit
m- pihir
libuat
ou
engat
obu
sikiou
malik
belas -adn
pasi
ny==
i==
belaha
m- iaah
pisinah
leidn
ba
ki- tiag
p- imung
n- oluh
peg -door
keladih
-em- teis
ki- ara
rua
tapih
mula-mula
pinsadn
egas
patut
ba
buh
ndah
mulah
na
lama
kidabak
suad
riniak
ina
na
anak
na
simbatu
asu
kaadn
mual
-m- duah
nd== ara
hei
mati
==ga
odu
dioo
m- -onsuh
-i- bori
na
delapak
-in- nipi
di.libuat
pa
kiti
kira- kira
domon
==ku
ki- ladu
bunua
na
biidn
tembouh
ng- -atad
dii
tobu
senang
suat
baa
kaadn
man
punga
kaadn
leidn
mulah
na
k- ingei -n
nubuh
kemonu
uai
-in- tipuh
ng- ganad
kaadn
meg- tahu
ng- koon
uubm
pingegatakng
ny==
ngai
lugang
onu
domon
ndah
ou
surugah
ouu
ouu
==ku
==ga
ng- irah
toidn
nubuh
ki- liid
kuhut
m- iaah
hei
m- -eraguh
telaga
egas
diaadn
==ga
paabm
hei
tigabuh
suruh
lima
mengin
k- iid
lama
-in- panu
ou
lahi
m- iaah
maap
ulu
kirab
na
m- ulih
ngai
n- ig- terai
tibadak
ina
==ku
tilinga
pasi
ndah
satu
kejamat
koon
beig
==ga
kaadn
oduh
ndah
domon
n- ajah
==ku
banggi
ki- ara
na
bali
ng- -atad
dihiti
simbatu
nubuh
n- togih
na
ayad
punga
na
na
-i- km basah
terapus
-m- ganti
keng- di
m- olok
na
induh
na
peg g- undas
na
aha
uubm
na
esak
bali
api
peg- liid- liid
bitakng
ke- -lobot
i==
saa
na.haah.na
saa
na
==ku
ny==
na
tingkat
na
turuh
na
nentaadn.na
na
-i- m- ulih
tuni
==ku
mekul
mata
na
kehoi -dn
ndah
n- toudn
papadn
me- loos
na
ndah
tuah
dii
==ga
na
tuhah
-in- k- odop
kibaih
m- ouh
min- di
ba
menoon
sampur
ringah
na
-m- ganti
m- inggat
-i- matakng
languh
set
n- ibas
manggas
ragah
na
diti
peranak
induh
sinya
putih
jadi
lama
pa
keng- di
na
nubuh
asu
kerebi
==ga
-i- matakng
saa
dihi
baru
ngai
tembakng
barabm
bali
i==
==a
k- ingei -n
-i- -m- selehei
babi
nu
sengoord
na
punga
m- buah
na
teih
ki- ara
rua
rua
babi
na
ng- g- asi -asih
-in- bibit
peg- punga
engat
hei
mati
nubuh
ge- roodn
na
suad.tuah-mulah
girambah
na
-in- m- osi
nda
kahah
ng- g- antikngantikng
sungulud~sungulud
beg- de- doot
kira- kira
egas
nd== ara
tobos
uhubm
-in- panu
peranggih
robi
suad.tuah-mulah
nu
ng- kerai
bali
ki- ara
ouu
na
ponuh
m- iaah
m- etak
-in- ge- saa
lama
poroh
leidn
biuh
ng- g- ait
budak
ruub
na.haah.na
ku- lungga -adn
na
man
n- ibas
==ga
odu
ng- ahudn
alih
sikiou
n- -uruk
na
na
lama
barabm
nubuh
se- ng- olu
keng- di
na
kirab
bakng
==hu
asu
tembahuh
bali
asal
maap
anak
==ku
lama
m- buat
ngelag
pag datakng
kaadn
tolu
n- umbuk
ki- pisiaa -dn
mual
kua -adn
libotukng
hei
kaadn
lama
na
na
ngu- duah
uu
inubuh
nubuh
nubuh
baru
sirigadn
na
-in- m- iaah
ng- kasar
aha
ngai
==ga
ny==
n==
kaadn
pasakng
hei
ny==
apuh
bas
-i- rohod
nubuh
surugah
iuh
lama
ndah
g- iuh
onsobm
nubuh
na
mah
-in- puadn
siat-siat
n- utukng
nge- saa
punga
bas
hei
simbatu
pa
suad
-i- matakng
m- -oli
na
kerebi
nubuh
ku- turu -adn
elih
toudn
nd== ara
na
ng- irah
ngamah
-i- matakng
mah
ndah
peg- liid- liid
sompuh
tidi
na
-in- gin- ohodn
ngai
ndah
ki- ara
ihi
tidii
induh
peg- liid- liid
pe- m- elah
tuni
mata
lehad
-em- lohut
piasu
min- di
kaadn
nyawa
anak
m- ingad
diti
sei
toho
na
ng- g- ibal- ibal
-in- g- isik- isik
-in- g- obuh- obuh
libudn
punti
-in- nge- labad
-im- -lidik
m- udukng
basi-basi
menongil
m- iis
mual
na
ndah
-in- jaabm
i- ngi- dihit
mah
-in- n- ulus
ringah
kaadn
nge- rarakng
giliu
i==
uai
ng- -atad
diaadn
tentakng
-um- tulak
biidn
baar-baar
mah
mah
m- ien
m- m- -onsuh
louk-louk
nubuh
mah
n==
ina
su- suad
ki- ara
hei
ringah
gah
beig
peranggih
-i- mati
peg- tunggab- tunggab
gien
susu
anak
me- leid
toudn
bohit
turuh
daidn
m- pe- -boli
ndah
jadi
nya
dia
ng- g- api
keng- di
mah
lapik
nu
ki- ara
buat -adn
umpil
na
mati
kibilu
na
mulah
pungaan
nu
saa
ng- -undakng
i==
melik
hina
nya
domon
irian
nubuh
suala
diha
ou
na
tunggulun
rondodn
==ga
-in- m- ori
tunggulun
sei
ng- gubarah
temomu
sinapakng
na
ina
hei
malu
mata.odu
n- ahu
na
beysadn
maap
tik
-in- nge- lobokng
ou
lama
na
ou
baah
nubuh
ndah
sarukng
beig
mah
m- bunuh
onu-onu.ga
na
nge- -dadar
punga
na
nubuh
na
suatadn
lumak
na
na
saa
senga
n- damat
nubuh
i- k- aap
iloodn
ou
kuiih
su- suad
-in- kiab
tinduk
bunua
pasi
==ga
mual
na
siidn
bulei
mah
ihi
buah
saa
bakng
ndah.pa
na.haah.na
kiaardn.na
belaha
rapuh
na
==ga
ng- gouk
ina
na
mv- pangan
engat
buh
nd== ara
==hu
na
kerah
mah
apuh
pasi
m- ulih
ihi
na
matakng
ng- ge- lebas
m- iaah
karukng
ta
na
kira- kira
na
ng- ala
na
-in- pu- duh
==ga
ihi
domon
tenaman
punga
peg- g- ipad
mengin
sobuk
induh
ulu
ng- kuah
ng- otob
mbat
kaadn
peg- tiag- tiag
tuba
n- tetak
nya
nubuh
punsut
domon
mual
dalabm
ki- liid
mengin
na
pinsadn
n- -desadn
peranak
mekul
-i- -m- abat
matakng
k- ingei -n
kaadn
na
nubuh
m- ouh
anak
i==
reikng~reikng
lama
kiou
kimindii
nu
m- oroh
pem- asah
nubuh
punga
na
hei
biarus-biarus
minyen
kahah
nu
bali
keng- diti
-in- m- iaah
adat
na.haah.na
poroh
barabm
asu
na.haah.na
sulikng
puhul
sei
apuh
i==
nd== ara
tidi
oduh
burumbangan
kerah
rigiodu
puhul
na
bonggi
ou
m- adi
i==
n==
mulak
se- m- belah
peg- door- door
rigiodu
m- iaah
gaya
ndah
tiaah
ng- ata
me- leid
mati
mah
m- elah
n- -anam
pa n- g- it
dii
induh
bali
mata
nd== ara
nentaadn.na
na
hei
diaadn
na
hei
na
k- ingei -n
na
aha
betaan
golokng
tina
ndah
tuhud
==hu
oduh
gubarah
==ga
-in- m- uun
ng- koon
batad
pegka
==ga
n- -opuk
mati
teih
susu
buh-buh
na
ndah
su- suad
kurakng
==ku
ou
na
kk
bakng
engat
m- ouh
-in- ng- ai
m- -upuk
diaadn
na
nubuh
na
seylan