ibu;.induk;.emak
DEF
ISA.AV memukul;.pukul
Musa
ATTR.ST masak
lain;.bukan
=
sini
DEF
=
Teykang
get
Tual
ATTR.ST buruk
PST.AV ISA.AV dayung
ITER LIHAT;.TENGOK lihat;.tengok
kami
DEF
DEF
bersumpah
MO.ACY return
DEF
saya
ISA.AV pancing;.mata.kail
berkata
kampung;.benua
ISA.AV sekolah
=
PST.ACY ACY.C2 makan
meskipun
burung,.unggas
DEF
saya;.aku
trial
itu
help
tidak
sana
cara
get
kampung;.benua
ISA.AV pancing;.mata.kail
3SG.NOM
tidak
dari
engkau;.awak;.saudara;.anda
kami
2SG.SUBJ.ACT
dan
nyawa
budak,.anak
=
ISA.AV memanjat
asal
DIR kepada
EXIST ada
EMPHATIC
bahtera
mengapa
again
again
kalau
nya
BIDAK;.BUKAN= ada
babi
3SG.NOM
NPST.ACH hear V.>.ADVRS
PST.AV ISA.AV hisap
dan
nanti
Banggi
racun
=
ALL
MO.ACY makan
bukit
jagung
PST.UV give
jembatan
belatik
tidak
dengan
ISA.AV sabit
condition
PST.UV memburu;.menembak
reply
ISA.AV basah
kemudian
VBLZR gaji;.upah
=
SE misal,.kali
tanya
DIR kepada
demon.possessed
DEF
ISA.AV give
berkata
NPST.ACH luka
kita
forced
EXIST ada
juga
kampung;.benua
ubi.kayu
Domon
saya;.aku
berkata
jejaka,.perjaka
lama.kelamaan
ACL hitam
hasil
EMPHATIC
dari
itu
MO.ACY tangis
Uyung
engkau;.awak;.saudara;.anda
dan
spirit.name
isi
DEF
obat
api
AUX.UV ISA.UV
kalau
susu.ibu
gather.from.beach
anjing
berdua
saudara
ISA.AV menanam
dan
tidak
BIDAK;.BUKAN= ada
MO.ACY makan
DIR kepada
nya
BIDAK;.BUKAN= ada
berkata
condition
zaman.dahulu
DEF
DEF
kalau
kemudian
trial
DEF
kalau
3SG.NOM
kelmarin;.semalam
DEF
isteri;.suami;.bini;.laki
awak;.engkau;.saudara;.anda
Kudat
ikut;.mengikut;.berjalan.bersama.sama ISA.UV
=
DEF
ATTR.ST besar
racun
EMPHATIC
DEF
one
orang
datang
awak;.engkau;.saudara;.anda
seperti
pinggang
isteri;.suami;.bini;.laki
air
know
sungguh
DEF
kalau
tidak
DEF
=
orang
tetapi
kalau
Kudat
TOWARD kepada
Kusang
Kusur
kalau
kemudian
sini
di.bawah
apa
DEF
jalan.raya;.jalan.poros,.jalan
DEF
lain;.bukan
saya;.aku
pergelangan.tangan
setelah
ISA.AV ikut;.mengikut;.berjalan.bersama.sama
DIR kepada
alam.baka
NPST.ACH selesai V.>.ADVRS
yet
1ARG.ST tidur
NPST.ACH stay
PST.AV ISA.AV percobaan
kemudian
DEF
evaluative.exclamation.
berkata
condition
=
=SAYA;.AKU
=
ISA.AV mencubit
=
ajar
DIR kepada
wah
empat
ISA.AV press.down
DEF
barang,.benda
PST.AV ISA.AV fall.out
DEF
lama;.lampau
ISA.AV ajar
adat
babi
=
NEVER
DEF
DEF
mata
air
CAUS.AV pack.things
rumput
engkau;.awak;.saudara;.anda
ipar
pura.pura
payau,.rusa
juga
=
kunau
tapi
kemudian
dari
one
dua.puluh
DEF
=
jangan
3SG.NOM
boleh
kemudian
PST.UV get
bunglun
DEF
ada
belatik
tidak
PLURAL
kecil
Ombok
kekasih,.belahan.jiwa
ACY.C2 gumpul;.campur;.menghimpunkan
keep.dying
get
PST.ACY datang
juga
kemudian
berkata
DEF
DEF
Tereib
SE LINKER semalam
story
DEF
juga
seperti
saudara
di.mana
=
juga
tanya
DEF
datang
percobaan N.>.NMLZ
kemudian
PST.ACH mati;.meninggal.dunia
PST.ACY ACY.C2 kerja,.pekerjaan
mengapa
tidak
DEF
saya
pelabuhan
ALONE
mengatakan
=
PST.UV pound
MO.ACY enter
senapang
Beleha
tentang
DEF
pelir;.zakar
ATTR.ST besar
belatik
mengatakan
dan
PST.AV ISA.AV minta.diri
ouch
berkata
banyak
sungguh
DEF
Banggi
DEF
kalau
dari
berkata
asal
COMPL
DEF
juga
dua
woman
lama.kelamaan
=
ibu.mentua;.mertua;.bapa.mentua;.mertua
work
tidak
kelmarin;.semalam
asal
3PL.POSS
terakhir
doa
dan
ATTR.ST besar
DEF
ISA.AV pull.back.smthg
wah
tidak
3SG.NOM
DEF
DEF
VBLZR gaji;.upah
PST.ACL simpan;.bersembunyi
DIR kepada
isteri;.suami;.bini;.laki
=SAYA;.AKU
DEF
yet
itu
tangan
Tunggulun
ISA.AV look.for
orang
anjing
rumah
MO.ACY lakukan
SE LINKER pokok,.pohon
ALONE
budak,.anak
ISA.AV mengatakan
ibu;.induk;.emak
sungguh
LEBAH.BERACUN
=KAMI
INSTRV kebas;.mengebaskan
call.
Bukit.Sinambung
DEF
dasar.keranjang
ada
orang
=AWAK;.ENGKAU;.SAUDARA;.ANDA
empat
ISA.AV damak
PST.ACY ACY.C2 api
COMPL
kami
get
keep.getting
tetapi
MEREKA
lagi
tembikai,.semangka
berkata
get
itu
CONT terbalik
tembakau
ISA.AV intend.to;.about.to;.attempt
seperti
berkata
DEF
PLURAL
=KAMI
DEF
berkata
know
DEF
Beleha
DEF
PST.UV putus
banyak
DEF
fish
ISA.AV draw.water
dan
DEF
kami
mengatakan
zaman.dahulu
BIDAK;.BUKAN= ada
tetapi
kami
DEF
berkata
ISA.AV isteri;.suami;.bini;.laki
puncak.gedung
PST.ACY MO.ACY run
bangkai,.mayat
ABILITY dapat
uncertainly
tapi
Menoon
ACY.C2 mengikatkan.
DEF
now
AUX.UV ISA.UV
jadi
orang
mengatakan
perahu
ISA.AV ikut;.mengikut;.berjalan.bersama.sama
MO.ACY makan
anjing
MO.ACY tolak
=
rumah
condition
ABILITY dapat
DIR kepada
3SG.NOM
=
kemudian
setelah
tujuh
Michael
PST.ACY datang
ibu;.induk;.emak
laut
3SG.NOM
ibu.bapa
berkata
PST.AV ISA.AV mengatakan
kotak.kayu
surga
MO.ACY pergi.jalan
condition
PST.AV ISA.AV chase
sekolah
reply
ISA.AV obat
FOCUS
sembilan
tali
kampung;.benua
sebelum,.dahulu
ATTR.ST makanan
DEF
kemudian
di.sana
kami
puas
PLURAL
lama
spirit.name
now
berkata
jagung
Domon
PST.ACY ISA.AV ikut;.mengikut;.berjalan.bersama.sama
orang
DEF
=KAMI
PST.AV ISA.AV operate.on
=
juga
BELUM;.BELUM.LAGI;.
DEF
=
now
bercakap;.mengata;.cakap
Michael
ponakan
ubi.kayu
belalang
Banggi
hujan
lantai
Tilina
DEF
DEF
isteri;.suami;.bini;.laki
MO.ACY stay
ketua.kampung,.kepala.desa
orang
budak,.anak
orang
=
MEREKA
dahulu
DEF
isteri;.suami;.bini;.laki
DEF
saudara
=
engkau.sekalian
=
sepuluh
juga
surga
bapa;.ayah
Domon
dari
3SG.NOM
BIDAK;.BUKAN= saya;.aku
3SG.NOM
dengan;.sama
DEF
kemudian
terang.benderang
PST.ACY jam
BIDAK;.BUKAN= ada
saya;.aku
datang
isteri;.suami;.bini;.laki
=KAMI
saya;.aku
saya;.aku
PST.ACH mati;.meninggal.dunia
PST.ACL simpan;.bersembunyi
ALONE
=
bercakap;.mengata;.cakap
CONT bercakap;.mengata;.cakap
ISA.AV isi
ISA.AV terbakar;.membakar
lagi
rumah
reply
reply
ada
boleh
itu
PLURAL
DEF
ISA.AV pergi.ke
name.something ISA.UV
DEF
ibu;.induk;.emak
seperti
esok,.besok
keranjang.makanan
sungguh
keep.getting
dengan;.sama
=KAMI
enough
ISA.AV racun
orang
CONT bercakap;.mengata;.cakap
kopi
know
PST.ACL ACL karat
itu
budak,.anak
=SAYA;.AKU
engkau;.awak;.saudara;.anda
PST.UV ayun
tinggi
lagi
BIDAK;.BUKAN= ada
datang
DI.KUMUDIAN
juga
dari
seperti
umur
DEF
ACY.C2 rela
yet
ipar
saya
saya;.aku
lelaki
peel
dan
OURSELVES
obat
isteri;.suami;.bini;.laki
lagi
yet
DEF
ISA.AV menanam
siput,.kiong
kis,.hal
adu
yet
kami
lalu
DEF
nenas
berkata
PLURAL
saya
PLURAL
saya
ATTR.ST much
kunau
=
MO.ACY willing
hari
adat
dua.hari
tadi
baju;.kemeja
sini
=
=
=
kampung;.benua
terakhir
PST.ACY ACY.C2 trial
MO.ACY return
FOCUS
bukan
EXIST ada
kayu
itulah
sakit
MO.ACY makan
pulau
ACY.C2 isteri;.suami;.bini;.laki
=
juga
sini
masak
puas
payau,.rusa
=
DEF
Tereib
saya;.aku
PST.AV ISA.AV follow
ISA.AV minum
again
DEF
=
ISA.AV harap;.mengharapkan
really
DEF
ubi.kayu
ISA.AV menanam
pakcik;.bapa.saudara
semalam
api
saya
dan
jadi
jadi
mengatakan
Sagu.Woman
ABILITY dapat
DEF
datang;.pergi
Teykang
evaluative.exclamation.
bangku
sana
DEF
saya
Domon
PST.UV give
ini
hujan
air
itu
DEF
rumah
=
kemudian
lain
kemudian
DEF
belatik
Beleha
=
sini
berkata
kita
DEF
engkau;.awak;.saudara;.anda
MEREKA
know
ipar
isteri;.suami;.bini;.laki
ISA.AV mandi
EXIST ada
=
BIDAK;.BUKAN= ada
lama;.lampau
PLURAL
tadi
ikan
=
pernah
DI.ATAS
damak
get
bung
order
mati;.meninggal.dunia
BIDAK;.BUKAN= ada
saya
itulah
Female.Rice.Demon
sini
=
bung
3SG.NOM
reply
juga
ATTR.ST makanan
tiba.tiba
tidak
kelmarin;.semalam
PST.ACY ABILITY dapat
seperti
tanah.datar,.dataran.rendah
play.instrument
berkata
racun
orang
tapi
saya
BIDAK;.BUKAN= ada
kumpul,.acara
one
jangan
reason
MO.ACY makan
ISA.AV ajar
small.musical.instrument
=
ini
setelah
DEF
bercakap;.mengata;.cakap
juga
berkata
masih
ibu;.induk;.emak
kami
DEF
reply
ISA.AV memarut
pelanduk
ACY.C2 order
DI.KUMUDIAN
DEF
ibu;.induk;.emak
kayu
esok,.besok
jalan;.denai;.jalan.kecil
INSTRV memukul;.pukul
bung
PET give
MENDEKATI
kelmarin;.semalam
DEF
lagi
lain;.bukan
=SAYA;.AKU
RECP tie
hutan
budak,.anak
peduli
ikan
DEF
ALONE
di.sini
Banggi
mati;.meninggal.dunia
kelmarin;.semalam
mengatakan
=
=
engkau;.awak;.saudara;.anda
engkau;.awak;.saudara;.anda
DEF
itu
saya
anu
juga
3SG.NOM
bunga
mati;.meninggal.dunia
=
dari
ISA.AV hantar;.menghantar
zaman.dahulu
bapa;.ayah
sultan
kesalahan
seperti,.serupa..sebagai;.seperti;.seolah.olah
DEF
PST.AV ISA.AV light.fire
anak.lelaki
PST.UV buat
=
pull
saya;.aku
budak,.anak
DEF
asal
DIR sihir
dua
CONT bergaul
=
yet
DEF
NPST.CAUS.AV ISA.AV mandi
PET give
BIDAK;.BUKAN= ada
keranjang;.bakul
ABILITY dapat
reply
ATTR.ST ketakutan
juga
mati;.meninggal.dunia
kita
enough
itu
ibu;.induk;.emak
ISA.AV bungkus
gather.from.beach
surga
Banggi
saudara
itu
MO.ACY makan
DEF
kemudian
ibu.bapa
MO.ACY pergi.jalan
berkata
=
sumpah
know
juga
oh.begitu
kalau
3SG.NOM
woman
ATTR.ST INTENSIFIER gila
ISA.AV cabut
tembikai,.semangka
BIDAK;.BUKAN= ada
PST.ACY ISA.AV ikut;.mengikut;.berjalan.bersama.sama
=KAMI
perahu
di.sana
DEF
orang
PST.ACY pergi.jalan
DEF
apa
kemudian
sabun
OURSELVES
berkata
isteri;.suami;.bini;.laki
DEF
itu
PST.AV ISA.AV mengatakan
berkata
Sayad
tidak
DI.ATAS
monyet
reply
kemudian
=AWAK;.ENGKAU;.SAUDARA;.ANDA
DEF
work
COMPL
pernah
bercakap;.mengata;.cakap
=
DEF
tidak
tentang
kalau
bercakap;.mengata;.cakap
kami
kami
=
engkau;.awak;.saudara;.anda
DEF
dan
adat
mati;.meninggal.dunia
PLURAL
api
now
ALONE
peti.mati
=
DEF
ISA.AV menyumpit
ISA.AV mengusung
ISA.AV pancing;.mata.kail
itu
ATTR.ST bagus;.baik
AUX.UV ISA.UV
beras
air
PST.AV ISA.AV pergi.ke
ini
hujan
kemudian
CONT bercakap;.mengata;.cakap
ini
awak;.engkau;.saudara;.anda
saya;.aku
DEF
engkau;.awak;.saudara;.anda
PST.ACY ACY.C2 fikir
again
air
Tibai
meskipun
sebelum,.dahulu
DEF
jadi
hiwan.khayal
BIDAK;.BUKAN= ada
jalan.raya;.jalan.poros,.jalan
sikit.lagi;.hampir
PST.UV dapat
PLURAL
mata
DEF
orang
makan
Pinyahei
perut
gaya
lama;.lampau
dari
Banggi
lubang
NPST.ACH tinggal
berkata
sakit
duit;.wang
Kagayan
kita
DEF
EXIST ada
ORD.NUM satu
kemudian
DEF
kayu
Islam
tidak
kalau
DEF
2SG.SUBJ.ACT
awak;.engkau;.saudara;.anda
DEF
ISA.AV terima
.house.post
besar
hantu
sabun
DEF
DEF
approximate.length
DEF
DEF
putih
PLURAL
=
tiga
ISA.AV mengerang
tanya
saya;.aku
MO.ACY makan
kampung;.benua
itu
telinga
lakukan
ISA.AV maki
ACY.C2 rela
kotak.besi
budak,.anak
saudara
air
dengan;.sama
jam
ini
DEF
itu
yet
lama;.lampau
bawa;.membawa ISA.UV
di.mana
DEF
3SG.NOM
di.sana
datuk,.kakek
datuk,.kakek
DEF
ini
anjing
saya;.aku
lain;.bukan
kemudian
=
get
kayu
DEF
guna
sebelum,.dahulu
yet
lalu
again
ISA.AV erect.smthg
reply
MEREKA
DEF
hiwan.khayal
dasar.keranjang
=
PST.ACY terbang
hujan
kematian
PST.UV CAUS.AV makan.sirih
sana
DEF
bung
TOWARD di.sini
di.sini
berkata
sampai,.hingga
terakhir
ISA.AV putus
orang
DEF
DEF
spirit.name
DEF
itu
ibu.mentua;.mertua;.bapa.mentua;.mertua
lama
own
ACY.C2 lay.down
PST.ACY MO.ACY return
lakukan
saya;.aku
mengupas
kalau
nanti
bunting;.hamil;.mengandung
payau,.rusa
air
berkata
work
ISA.AV tuba
lama
two.hundred
condition
DEF
DEF
MO.ACY makan
jalan;.denai;.jalan.kecil
DIR kepada
nya
kecil;.sedikit
=
tidak
senapang
=
DEF
PST.ACY MO.ACY return
perahu
dan
rumput
Gigiu
TOWARD kepada
DEF
putus
Sagu.Woman
ISA.AV penjara
burung,.unggas
PST.ACY tanya
MEREKA
bung
lagi
hari
PST.AV ISA.AV get
ATTR.ST pengecut
PST.ACY pergi.jalan
empat
dan
=
burung.merbah
juga
EMPHATIC
babi
PST.UV bawa
=
dari
PST.ACY ACY.C2 trial
DEF
engkau.sekalian,.kalian
itu
DEF
ISA.AV meniup
bersih.ladang
CONT tin
ketiak
lama
DEF
PST.ACY lihat
isteri;.suami;.bini;.laki
DEF
seperti,.serupa..sebagai;.seperti;.seolah.olah
payau,.rusa
Banggi
DEF
DEF
air.pasang
kemudian
bapa;.ayah
lengan
dari
ATTR.ST menoleh
=
DEF
woman
DEF
ISA.AV ikut;.mengikut;.berjalan.bersama.sama
DEF
COMPL
anjing
Domon
orang
DEF
sakit
Ulang
orang
juga
tentang
3SG.NOM
DEF
even.more
PLURAL
juga
ISA.AV mencabut
setelah
DEF
Domon
nya
HAB dua.hari
Unggun.Api
kemudian
=
DEF
ISA.AV gigit,.menggigit
saya;.aku
kekasih,.belahan.jiwa
PST.ACY MO.ACY leave
DEF
PLURAL
DEF
=
Pisina
ibu.mentua;.mertua;.bapa.mentua;.mertua
juga
bibir.bengkak
saya
=
Tagi
tengkujuh
saya;.aku
ISA.AV buruk
Indonesia
benar
evaluative.exclamation.
juga
mata
tembakan
dan
reply
kami
kalau
saya;.aku
yet
dahulu;.tadi
know
kawan
itulah
ini
=
kalau
berkata
MO.ACY return
Domon
tenggorokan
DEF
ALMARHUM.ANAK
lautan
kalau
berkata
ATTR.ST besar
seperti
gelang
jenis
EXIST ada
kawan
2PL.POSS
janji
mereka
AUX.UV ISA.UV
VBLZR gaji;.upah
NPST.ACH sepit V.>.ADVRS
=
ISA.AV ajar
=
ISA.AV alah
DEF
banyak
BIDAK;.BUKAN= kami
panas
reply
bahtera
DEF
MO.ACY makan
SE LINKER picah
DEF
tidak
reply
COMPL
PST.ACY ACY.C2 pindah;.memindah;.menggerakkan;.mengalihkan
BIDAK;.BUKAN= ada
anu
ISA.AV pergi.ke
=
sangat;.berlebihan;.sangat,.berlebihan
PST.ACY datang
PET give
where
saya;.aku
di.sini
THEMSELVES
rumah
CONT bercakap;.mengata;.cakap
DEF
=SAYA;.AKU
DEF
=
PST.ACL PST.ACL bundle
DEF
itu
keranjang;.bakul
sana
PST.ACY ACY.C2 bahasa
Ubian
tetapi
TOWARD kepada
kemudian
jagung
MENDEKATI
tangalung
tujuh
DIR kepada
peduli
=
BIDAK;.BUKAN= ada
ISA.AV pancing;.mata.kail
bunting;.hamil;.mengandung
DEF
apa
ISA.AV meniup
PST.UV mengenakan
lama;.lampau
lain;.bukan
tidak
DEF
MO.ACY willing
DIR kepada
DEF
TOO.BAD
again
itu
tidak
telinga
punggung
tiga
ISA.AV mengerang
saya;.aku
PST.UV hantar;.menghantar
BIDAK;.BUKAN= ada
pesan
LIMBUAK.DARAT
BIDAK;.BUKAN= saya;.aku
DEF
tiga
semasa;.sedang;.sambil
dan
DIR sini
baru
lain;.bukan
=SAYA;.AKU
=KAMI
datuk,.kakek
DEF
berkata
kecil;.sedikit
IMP.AV ISA.AV get
DIR sana
DEF
tanaman
tidak
reply
ATTR.ST hitam
itu
pisau
campur
bung
hiwan.khayal
=
=SAYA;.AKU
itu
tidak
DEF
tidak
PLURAL
3SG.NOM
ISA.AV give
one
pelanduk
Banggi
=SAYA;.AKU
dua.puluh
Menoon
darat
itu
ketua.kampung,.kepala.desa
DEF
COMPL
=
EXIST ada
ALL
ISA.AV larang
mengapa
aturan
CONT bercakap;.mengata;.cakap
ISA.AV ajar
okay
sana
DEF
DEF
PST.ACH mati;.meninggal.dunia
ISA.AV pergi.ke
berkata
BIDAK;.BUKAN= ada
kelapa
orang
ibu;.induk;.emak
DEF
saudara
nya
engkau;.awak;.saudara;.anda
itu
saya;.aku
rumah
telinga
DEF
zaman.dahulu
PST.AV ISA.AV kurik;.menggali
BIDAK;.BUKAN= ada
DI.KUMUDIAN
ISA.AV basah
DEF
DEF
kecil;.sedikit
PST.ACY ACY.C2 telanjang
deram
DI.ATAS
khabar,.berita
DEF
DEF
tidak
DEAD.MOTHER
DEF
dari.mana
ISA.AV memburu.dengan.tombak
kemudian
sebelum,.dahulu
berkata
Tosih
ISA.AV ikut;.mengikut;.berjalan.bersama.sama
told
empat
juga
pray
rumah
tunggal
budak,.anak
sakit
kita.berdua
monyet
PST.AV ISA.AV bunting;.hamil;.mengandung
ISA.AV obat
dan
ALONE
LINKER batu;.ekor;.buah;.satu
tidak
kemudian
bapa;.ayah
peduli
buaya
kemudian
DEF
reply
CAUS.AV kering
BIDAK;.BUKAN= ada
DEF
seperti
Kusur
kami
ISA.AV menggumpul
bapa;.ayah
lagi
ITER LIHAT;.TENGOK lihat;.tengok
tangan
dan
apa
Allah
ALONE
DEF
DEF
fish
juga
saya;.aku
satu
barang,.benda
HAVING.XED lihat;.tengok
know
DEF
=
DEF
DEF
3SG.NOM
NPST.ACH lihat;.tengok V.>.ADVRS
seperti,.serupa..sebagai;.seperti;.seolah.olah
CONT lakukan
tapi
orang
DEF
kurang
itulah
MATRILOCAL.RESIDENCE.UNTIL.IN.LAWS'.DEATH
terbang
lain;.bukan
cicak
tetapi
burung,.unggas
ajar
kemudian
ingin
DEF
bukit
lama
dan
kemudian
PST.ACL ACL beku
ALONE
DEF
ISA.AV bual,.bicara
DEF
benar
DEF
BALAI.RAYA,.BALAI.KOTA
SE LINKER picah
mata
itu
type.of.tree
barang,.benda
lama
baris
CONT bercakap;.mengata;.cakap
DEF
kayu
darat
kayu
orang
pelabuhan
jangan
tidak
PST.AV ISA.AV pergi.ke
sini
bapa;.ayah
EXIST ada
lagi
DEF
kampung;.benua
NPST.ACH disgusted.with
tidak
tidak
DIR kepada
ALONE
saya;.aku
now
DEF
condition
jangan
berkata
DEF
ISA.AV ikut;.mengikut;.berjalan.bersama.sama
keranjang.tangan
MO.ACY enter
makan.sirih
PST.ACH selesai
DEF
PST.ACY MO.ACY return
kami
kemudian
pisang
=
apa
semalam
MO.ACY pergi.jalan
bercakap;.mengata;.cakap
DEF
rumah
MO.ACY enter
tapi
HAVING.Xed datang
juga
mari.pergi
DIR kepada
karung
tiap
kemudian
dari
bercakap;.mengata;.cakap
ATTR.ST pahit
Balabak
ISA.AV draw.water
Kudat
aih
PST.AV ISA.AV follow
Ubian
sungguh
BIDAK;.BUKAN= ada
again
DEF
budak,.anak
saya;.aku
kami
DEF
rumah
Michael
keranjang;.bakul
mother/father.in.law
DEF
DEF
HAVING.XED lihat;.tengok
pulau
DEF
engkau;.awak;.saudara;.anda
reply
DEF
TOWARD kepada
isteri;.suami;.bini;.laki
=
oleh
jangan
monyet
ABILITY dapat
DEF
kecil;.sedikit
DEF
limau,.jeruk.limun
kekasih,.belahan.jiwa
DIR kepada
kematian
buah
DEF
barang,.benda
ibu;.induk;.emak
empat
sana
HAB temu
COMPL
bambu,.buluh
lagi
NPST.ACH become
DEF
asal
BIDAK;.BUKAN= ada
saya;.aku
=SAYA;.AKU
=
MO.ACY melewati
PST.ACY MO.ACY jawab
ibu.bapa
jangan
tebu
=SAYA;.AKU
engkau.sekalian,.kalian
DEF
=KAMI
ATTR.ST ketakutan
tidak
ISA.AV pergi.terus;.arah.gerakan;.mengacukan;.membidikkan
tiga
saya
patut
ini
yet
boleh
kami
seperti
MEREKA
DEF
tidak
lima
DIR kepada
ISA.AV isi
kemudian
sumbang
PST.ACY datang
hari
bercakap;.mengata;.cakap
ISA.AV menanam
tangga
kepala
DEF
dahulu
yet
ATTR.ST besar
itulah
tidak
terakhir
ISA.AV isi
ISA.AV buruk
rumah
asal
apa
isteri;.suami;.bini;.laki
Gikil
ISA.AV follow;.take.passage.on
saya
PST.UV membaiki
kemudian
EMPHATIC
lama;.lampau
IMP.AV ISA.AV picah
ubi.keladi
monyet
DEF
dahulu
=
juga
DIR kepada
again
dan
ATTR.ST lama
kelapa
DEF
monyet
2PL.POSS
bukan
tidak
kekasih,.belahan.jiwa
ubi.kayu
dari
malas
leher
sangat
sultan
dengan
=
DEF
api
ISA.AV duri
barang,.benda
itulah
COMPL
DEF
pergi.ke ISA.UV
ISA.AV percobaan
kekasih,.belahan.jiwa
dan
ATTR.ST ketakutan
mengatakan
kelmarin;.semalam
DEF
PLURAL
juga
BIDAK;.BUKAN= ada
itu
kawan
adu
=
DEF
ISA.AV SE rumah N.>.NMLZ
badan,.tubuh
=
=SAYA;.AKU
hidup
EMPHATIC
DEF
=
play.instrument
ITER LIHAT;.TENGOK lihat;.tengok
dasar.keranjang
ibu.mentua;.mertua;.bapa.mentua;.mertua
ibu;.induk;.emak
keep.getting
PST.ACY MO.ACY makan
help
kemudian
POSS budak,.anak
berkata
ABILITY tahan
MO.ACY makan.sirih
seperti,.serupa..sebagai;.seperti;.seolah.olah
DEF
leluhur,.nenek.moyang
kemudian
dan
saya;.aku
Domon
get
=SAYA;.AKU
nyiru
benar
juga
tembikai,.semangka
=
3SG.NOM
babi
DEF
=
kapur,.jeruk.nipis
rumah
hilir
ATTR.ST ketakutan
DEF
kalau
dan
ISA.AV pergi.ke
penyu
DEF
kemudian
bercakap;.mengata;.cakap
MO.ACY bergaduh
boleh
on.the.contrary
bukan
saya;.aku
DIR jalan;.denai;.jalan.kecil
ATTR.ST berani
kalau
condition
juga
belakang
air.mata
DEF
condition
itu
DEF
=
PST.UV telan
saya;.aku
DEF
ini
dan
sebelum,.dahulu
kampung;.benua
pun,.bahkan
bawa;.membawa ISA.UV
BIDAK;.BUKAN= ada
kemudian
MO.ACY bising;.bunyi
kelmarin;.semalam
rumah
yet
kampung;.benua
DEF
ibu.bapa
dan
duit;.wang
tidak
ISA.AV terbakar;.membakar
zaman.dahulu
tidak
juga
apa
Beleha
puas
tangga
NPST.CAUS.AV CAUS.AV enter
lama;.lampau
mungkin
sakit
air
engkau;.awak;.saudara;.anda
bung
banyak
ISA.AV mengatakan
NPST.ACH see V.>.ADVRS
kapal.yang.ada.pukat
ATTR.ST ketakutan
again
DEF
setelah
saudara
kemudian
hari
=
DEF
DEF
awak;.engkau;.saudara;.anda
berkata
DEF
adat
ingin
kami
mengatakan
DEF
DEF
PST.ACY MO.ACY return
3SG.NOM
woman
Tual
sangkar
DEF
yet
=
PST.ACY ACY.C2 kemas
budak,.anak
mati;.meninggal.dunia
tadi
ISA.AV mandi
DEF
MO.ACY willing
=
ISA.AV selari
DEF
DEF
orang
orang
berkata
seperti,.serupa..sebagai;.seperti;.seolah.olah
3SG.NOM
api
DEF
saya;.aku
nanti
PLURAL
PLURAL
=
=SAYA;.AKU
ini
lakukan
ISA.AV look.for
on.the.contrary
panggilan.sayang
lakukan
ISA.AV memburu;.menembak
itu
kemudian
itu
DEF
DIR kepada
well
=
kalau
ATTR.ST makanan
PST.ACY ISA.AV ikut;.mengikut;.berjalan.bersama.sama
ibu;.induk;.emak
putih
=
Domon
petang.(lewat)
mesti
persimpangan
hanya
ATTR.ST kering
tebu
DEF
DIR kepada
duit;.wang
DEF
DEF
engkau;.awak;.saudara;.anda
PST.ACY ACY.C2 isteri;.suami;.bini;.laki
=
tidak
=
ini
obat
ISA.AV kering
DEF
EXIST ada
masih
DIR kepada
ISA.AV mandi
khabar,.berita
ATTR.ST buruk
3SG.NOM
penyu
DEF
DEF
=
3SG.NOM
di.bawah
itu
badan,.tubuh
awal,.subuh,.pajar,.pagi.pagi.benar,.dinihari
PST.ACH mati;.meninggal.dunia
awak;.engkau;.saudara;.anda
Banggi
juga
seribu
kemudian
berkata
where
=
dengan;.sama
bercakap;.mengata;.cakap
itulah
saya
=SAYA
PST.AV ISA.AV kuap
simpan;.menaruh;.meletakkan ISA.UV
gaya
orang
BIDAK;.BUKAN= saya;.aku
kecapi.mulut
ATTR.ST ketakutan
DEF
meet
ATTR.ST kasar
Kristen
BIDAK;.BUKAN= ada
ISA.AV meniup
DEF
rumah
di.sini
itu
itu
orang
=
PST.AV ISA.AV minum
Domon
DEF
ALONE
DEF
orang
DEF
=
ISA.AV mengutuk
jadi
PST.AV ISA.AV get
duit;.wang
condition
datuk,.kakek
ISA.AV ajar
saya
asal
kapal.yang.ada.pukat
NPST.ACH malu
mengatakan
rumah
PST.ACY MO.ACY return
know
benar
on
PLURAL
kayu
sepatut
kita
DEF
orang
MO.ACY makan
DEF
PST.ACH simpan;.bersembunyi
juga
=
berkata
PLURAL
DEF
DEF
badan,.tubuh
pembayaran.obat
saya;.aku
Diring
neraka
BULAN.OKTOBER
nya
asal
PST.ACH kupas
ibu;.induk;.emak
ulat.kelapa
bahasa
Ombok
TOWARD kepada
ibu;.induk;.emak
dengan
DEF
ibu;.induk;.emak
DEF
reason
mati;.meninggal.dunia
berkata
EXIST ada
=
=
mereka
Reyda
lama;.lampau
DEF
dan
=
=
PST.ACH mati;.meninggal.dunia
zaman.dahulu
ALONE
masih
now
juga
saya
dunia,.bumi
seratus
anjing
daun
Ponuh
DI.KUMUDIAN
Suabi
pagi
seperti
BELUM;.BELUM.LAGI;.
BIDAK;.BUKAN= ada
woman
setelah
oh
ISA.AV pemotong
pulau
kemudian
lompat;.melompat;.meloncat
asal
MO.ACY pergi.jalan
sana
PST.UV pengangkutan
DEF
orang
di.sana
DEF
DEF
datuk,.kakek
BIDAK;.BUKAN= saya;.aku
DEF
=AWAK;.ENGKAU;.SAUDARA;.ANDA
PST.AV ISA.AV pancing;.mata.kail
=
dua.puluh
ikan
seperti
dan
ISA.AV beli
ISA.AV menghentakkan
DEF
ISA.AV mandi
lalu
MENDEKATI
datuk,.kakek
DEF
monyet
saudara
DEF
lelaki
tanaman
lebih.baik;.tambahan.pula
babi
juga
anu
NPST.ACH lihat;.tengok V.>.ADVRS
saya;.aku
adik
PST.ACY MO.ACY rise
perut
lalu
mata
ingin
orang
kelmarin;.semalam
DEF
Umpil
jadi
Umpil
di.sana
ibu;.induk;.emak
payau,.rusa
isteri;.suami;.bini;.laki
jadi
orang
bahasa
timah
ABILITY dapat
=
BULAN.APRIL
awak;.engkau;.saudara;.anda
Beleha
DEF
well
DEF
itu
BIDAK;.BUKAN= ada
lelaki
pernah
batu.kepala
DIR kepada
perahu
DEF
ACCIDENTAL tandang;.menyepak
Musa
DI.SAMPING
seperti
di.dalam
=
where
fish
dunia,.bumi
ISA.AV mengatakan
BIDAK;.BUKAN= ada
kami
ISA.AV timbangan
=KAMI
dia
one
tidak
return
ACY.C2 order
=
one
=
ATTR.ST masak
2SG.SUBJ.ACT
juga
berkata
BIDAK;.BUKAN= ada
ABILITY hear
BIDAK;.BUKAN= ada
pembayaran.obat
dahulu
keranjang;.bakul
jangan
budak,.anak
ini
tidak
DEF
parang
adat
seperti
condition
dahulu
ISA.AV menanam
di.sana
PST.AV ISA.AV cuba
ITER LIHAT;.TENGOK lihat;.tengok
DEF
=
lain;.bukan
DEF
okay
kami
get ISA.UV
ATTR.ST ketakutan
MO.ACY return
Ponuh
terakhir
ISA.AV look.for
MO.ACY exit
ayam
=
dan
kemudian
=
EXIST ada
anjing
budak,.anak
kemudian
juga
DIR kepada
dan
DEF
tapi
isteri;.suami;.bini;.laki
dan
dahulu
PLURAL
isteri;.suami;.bini;.laki
berkata
orang
ATTR.ST buruk
MO.ACY tangis
dan
asal
IMP.AV ISA.AV joke.around
DIR kepada
DEF
dari
PST.ACH mati;.meninggal.dunia
kayu
petang.(lewat)
Domon
ACY.C2 lay.down
sembarang
bercakap;.mengata;.cakap
PST.AV ISA.AV pull
di.dalam
ISA.AV doa
api
isteri;.suami;.bini;.laki
datang
=KAMI
neraka
berkata
DEF
karung
EMPHATIC
dan
Ombok
reason
berkata
beliau
orang
ACY.C2 berhenti
DEF
kuat
TOWARD sana
kayu
apa
kumpul,.acara
boleh
juga
payau,.rusa
benar
ISA.AV sembelih
ISA.AV cuba
oh
mengatakan
ISA.AV menyampur.bahan.bahan.cair
air
zaman.dahulu
tiga
DEF
=SAYA;.AKU
ATTR.ST ketakutan
dan
juga
setelah
where
DIR sini
babi
dan
DEF
enough
PST.ACY datang
tembakan
juga
ITER LIHAT;.TENGOK lihat;.tengok
orang
DEF
saya
gigit,.menggigit ISA.UV
PST.ACY MO.ACY descend
ISA.AV cover
saya;.aku
pelanduk
saya;.aku
MO.ACY return
obat.penawar
Banggi
saya
tanah.datar,.dataran.rendah
Tingih
juga
duri
direct
trial
boleh
hancur
COMPL
3SG.NOM
=
RECP bahagi;.membahagi
legenda
orang
Layang
juga
PST.ACY ISA.AV ikut;.mengikut;.berjalan.bersama.sama
pakai
lagi
itu
jembatan
engkau.sekalian,.kalian
kalau
MEREKA
PST.ACH mati;.meninggal.dunia
tidak
3SG.NOM
juga
baju;.kemeja
kadang.kadang
TOWARD kepada
ranting
DEF
nama
rela
=AWAK;.ENGKAU;.SAUDARA;.ANDA
=
Gigiu
engkau.sekalian
kekasih,.belahan.jiwa
Michael
ular
3SG.SUBJ
benar
fikir
PST.ACY ACY.C2 isteri;.suami;.bini;.laki
budak,.anak
berkata
NPST.CAUS.AV ISA.AV mandi
PST.AV ISA.AV tampar
dua
saya;.aku
lama;.lampau
saya;.aku
Allah
tepung.sagu
mati;.meninggal.dunia
lelaki
kemudian
Banggi
tidak
satu
Umpil
oleh
DEF
lima
saya;.aku
DEF
=
anjing
PST.AV IMP.AV lihat;.tengok
berkata
datang
NPST.ACH become
PST.AV ISA.AV pancing;.mata.kail
EMPHATIC
ISA.AV mengatakan
MO.ACY replacement
dari.sana
know
juga
BIDAK;.BUKAN= ada
pernah
reply
EXIST ada
ISA.AV memanjat
=
berkata
langit
PST.ACY MO.ACY enter
itu
badan,.tubuh
kami
DEF
=
payau,.rusa
=
=
hutan
lelaki
Pangkalan.Darat
BIDAK;.BUKAN= engkau.sekalian
ISA.AV say
panas
dan
spirit.name
NPST.ACH terbalik
Umpil
kita
atap
DIR kepada
certain
sadar
=KAMI
kita.berdua
berkata
ISA.AV erect.smthg
=
kematian
ISA.AV tambang
=
ada
Banggi
hujan
DEF
penampilan,.tabiat
itu
DEF
semuka,.dahi
dan
binatang,.hiwan
DEF
TOO.BAD
juga
3SG.NOM
saya;.aku
TOWARD kepada
PST.UV CAUS.AV makan.sirih
orang
sebelum,.dahulu
DEF
PST.ACH mati;.meninggal.dunia
CONT bercakap;.mengata;.cakap
tidak
boleh
ibu;.induk;.emak
saya;.aku
ALONE
oh
lelaki
PROG tiba.tiba
Kudat
sana
give ISA.MRK.UV.IMP
setelah
PST.ACY ACY.C2 bawa
juga
okay
tidak
PLURAL
laut
lelaki
ISA.AV memburu.dengan.anjing
DEF
=SAYA;.AKU
beras
lelaki
PST.UV simpan;.menaruh;.meletakkan
PST.AV ISA.AV memanjat
tidak
ini
saya;.aku
ALONE
ipar
DIR kepada
PST.ACY ACY.C2 fitnah
nenas
MEREKA
bercakap;.mengata;.cakap
tidak
ISA.AV minum
mesti
lubuk
DEF
DEF
DEF
Kudat
dengan
Minggan
Pisina
belatik
in
juga
asal
puas
MO.ACY hujan
DEF
PST.AV ISA.AV rambat;.jala
asal
DEF
EXIST ada
nya
penyu
orang
parang
kayu
lama;.lampau
apa
bercakap;.mengata;.cakap
MENDEKATI
mati;.meninggal.dunia
itu
ISA.AV give
ISA.AV memburu.dengan.anjing
tidak
engkau.sekalian
PST.ACY pergi.jalan
LINKER bulan
DI.ATAS
DEF
juga
seperti
jadi
sebelum,.dahulu
PST.ACY ACY.C2 trial
mati;.meninggal.dunia
=
DEF
lapan
PST.ACY ACY.C2 isteri;.suami;.bini;.laki
tidak
=
PST.ACY MO.ACY return
seperti
ISA.AV sembelih
duit;.wang
pelanduk
NPST.ACH putus V.>.ADVRS
awak;.engkau;.saudara;.anda
bubu
kemudian
lain;.bukan
DEF
empat
kemudian
=
DEF
DEF
kayu
bung
ubi.kayu
MO.ACY lakukan
PLURAL
kemudian
pulau
kemudian
=
sehat
setelah
on.the.contrary
DEF
bulu,.bulu.roma
ini
tidak
=
pisang
3SG.NOM
PST.ACL menggumpul
trial
engkau.sekalian
berkata
PST.ACH disembuhkan
=
kecil;.sedikit
=
DIR kepada
woman
itu
seperti
air
kemudian
now
PST.UV batuk
MO.ACY makan
=
AUX.UV ISA.UV
COMPL
tidak
sakit
Linda
dan
ISA.AV mengatakan
Nending
PST.ACY ACY.C2 jaga;.tatang
DEF
seperti
orang
DEF
tidak
DEF
PST.UV bawa
MEREKA
kecambah
bapa;.ayah
gigit,.menggigit ISA.UV
DEF
=
labu
on
PST.AV IMP.AV lihat;.tengok
HAB temu
=
BIDAK;.BUKAN= ada
tiap.tiap
DI.KUMUDIAN
woman
PST.ACH mati;.meninggal.dunia
DEF
ISA.AV ikut;.mengikut;.berjalan.bersama.sama
ikan
itulah
anjing
kalau
tidak
ATTR.ST berani
PST.AV ISA.AV pergi.ke
DEF
ekor
nya
one
=
boleh
ingin
kemudian
Michael
saya;.aku
NPST.ACH kena
FROM sana
dari
juga
DIR kepada
seperti
berkata
reply
lagi
PST.AV ISA.AV cut
juga
jadi
juga
DEF
MO.ACY tangis
dari
DEF
juga
Uya
Domon
terakhir
PST.AV ISA.AV mencubit
kita
bapa;.ayah
where
ISA.AV beli
saya;.aku
pernah
ingin
engkau.sekalian,.kalian
DEF
jalan;.denai;.jalan.kecil
DEF
ISA.AV pull.back.smthg
TOWARD kepada
juga
ISA.AV langgar
cara.cara
PST.ACY MO.ACY return
=
BIDAK;.BUKAN= saya;.aku
now
ISA.AV simpan;.menaruh;.meletakkan
in
DEF
=
berkata
lutut
type.bird
reply
jadi
Lumanis
sana
meskipun
saya;.aku
sini
itu
MO.ACY run
orang
DEF
rumah
saudara
PST.ACY MO.ACY return
datang
DEF
DEF
kalau
itu
IMP.ACY ACY.C2 bapa;.ayah
dan
jadi
hari
dan
zaman.dahulu
tidak
adu
=
ISA.AV penjara
itu
DEF
utara
dahulu
tujuh
mari.pergi
Domon
PST.ACY ACY.C2 bahasa
PST.AV ISA.AV pergi.ke
engkau;.awak;.saudara;.anda
juga
DIR kepada
Michael
budak,.anak
EXIST ada
rumah
=
ISA.AV garuk
dahulu
PST.ACH mati;.meninggal.dunia
DEF
ini
tidak
ikan
pasti
DEF
ATTR.ST limau,.jeruk.limun
kalau
sumbang
daun
=
DEF
Kudasan
DEF
sekarang
IMP.AV ISA.AV cuba
=
sumpah
itu
sengsara;.menderita
budak,.anak
=
saudara
=
know
ISA.AV jemur;.menjemur
asal
PST.AV ISA.AV bakau
seperti
hanya
COMPL
DEF
kemudian
TOWARD di.sini
OURSELVES
jadi
mengapa
3SG.NOM
EXIST ada
tidak
evaluative.exclamation.
juga
sumur
perintah;.kerajaan
ISA.AV pesan
ISA.AV menyumpit
MULT.NUM tiga
kuali
bapa;.ayah
PLURAL
ATTR.ST bagus;.baik
PST.ACY datang
MO.ACY lakukan
tidak
=
PST.ACH throw
tiap
INSTRV bundle
ATTR.ST hard
dan
3SG.NOM
kelmarin;.semalam
perintah;.kerajaan
DEF
DEF
DEF
3SG.NOM
PST.ACY MO.ACY enter
tapi
tujuh
BIDAK;.BUKAN= ada
=
isteri;.suami;.bini;.laki
PLURAL
ibu;.induk;.emak
rumah
sakit
tujuh
oh
Limbuak
saya
ouch
tidak
Banggi
ISA.AV menanam
EXIST ada
PST.ACY MO.ACY descend
ABILITY dapat
gaya
lutut
nanti
saya;.aku
ISA.AV fill.hole.with.dirt
DEF
PLURAL
DIR kepada
dahulu;.tadi
exit
ISA.AV pergi.ke
ATTR.ST dahulu
DEF
=
on
DIR kepada
NPST.CAUS.AV ISA.AV mandi
PLURAL
DEF
EXIST ada
=
sana
juga
PLURAL
PST.UV makan
spirit.name
DEF
NPST.CAUS.AV ISA.AV mandi
saya
=
agung
pelanduk
DEF
AUX.UV ISA.UV
kalau
belatik
orang
DEF
kelmarin;.semalam
BALAI.RAYA,.BALAI.KOTA
sebelum,.dahulu
DEF
PST.ACY datang
lain
selesai.dicukur
budak,.anak
DEF
DEF
DEF
tentang
berani;.sanggup
tiga
apa.apa
asal
nya
berkata
dengan;.sama
kalau
Banggi
benar
3SG.NOM
sampai,.hingga
=
juga
itulah
DEF
=
juga
=
isteri;.suami;.bini;.laki
EXIST ada
DEF
PLURAL
DEF
PET give ISA.MRK.UV
bau
DEF
orang
jadi
juga
tidak
pelabuhan
now
budak,.anak
PST.ACY MO.ACY rise
DEF
kemudian
yet
sulit,.sukar
sebelum,.dahulu
PST.ACH putus
suku
saudara
=
empat
EMPHATIC
DEF
PLURAL
DEF
berkata
juga
ubi.kayu
DEF
Michael
menjaga
Tingih
ular.kobra
ISA.AV selari
=
oh
reply
ketua.kampung,.kepala.desa
banyak
esok,.besok
NPST.ACH meminang
EXIST ada
condition
ABILITY dapat
HAVING.Xed tanya
Abih
orang
MO.ACY return
tidak
sakit
dua
belalang
MO.ACY singgah
DEF
kemudian
woman
daun
kalau
PST.ACY ISA.AV ikut;.mengikut;.berjalan.bersama.sama
hanya
PST.UV bundle
NMLZR jump.over NMLZR
NPST.ACH masuk
peduli
=
juga
sungguh
dan
ISA.AV ketakutan
ISA.AV pergi.ke
anu
berkata
air
DEF
call
dan
kayu
kacau;.mengganggu;.mengusik
PST.ACY MO.ACY return
orang
seperti
rumah
sebelum,.dahulu
Reyda
ini
asal
saya;.aku
DEF
DEF
apa
PST.ACY ACY.C2 CONT bercakap;.mengata;.cakap
reply
mari.pergi
anjing
engkau.sekalian,.kalian
seperti
okay
tanaman
rumah
DEF
PST.ACY ACY.C2 pack.things
janji
kelapa
order
hairan
mari.pergi
benar
ada
tidak
PST.UV abort
belajar
dahulu
ular
seperti
kemudian
lakukan
di.sini
ekor
DEF
ISA.AV minum
ISA.AV minta.diri
NMLZR hidup NMLZR
sana
HUGE.DIFFICULTY
burung,.unggas
type.of.food
DIR kepada
air
budak,.anak
=
sarung
=
ALL
PST.ACY pergi.jalan
get
PST.ACH sampai
tidak
Domon
bangsa;.macam
DEF
MO.ACY return
DEF
where
yet
ini
PST.ACY MO.ACY return
pagi
play.instrument
DEF
zaman.dahulu
PST.ACY pergi.jalan
lutut
kotak.besi
DEF
BIDAK;.BUKAN= ada
ISA.AV selesai
rumah
dan
asal
ISA.AV fill.hole.with.dirt
baru
play.instrument
sini
pulau
MO.ACY pergi.jalan
awak;.engkau;.saudara;.anda
DEF
ISA.AV ikut;.mengikut;.berjalan.bersama.sama
PST.ACY ACY.C2 tohor
DEF
tentang
makanan
CAUS.AV gumpul;.campur;.menghimpunkan
MO.ACY kawan;.sahabat
BIDAK;.BUKAN= engkau.sekalian
pun,.bahkan
juga
fish
Tereib
orang
=
bisa,.mampu
PST.AV ISA.AV follow
monyet
ZAMAN.DAHULU
mulut
DEF
orang
DIR kepada
juga
nipah.leaves
tidak
saya;.aku
PST.UV beli
orang
DEF
bersih.ladang
NPST.ACH abort V.>.ADVRS
huh
now
DEF
zaman.dahulu
=KAMI
kalau
where
barang,.benda
telur
kayu
Michael
orang
sumbang
DEF
DEF
lama.kelamaan
DEF
DEF
time.of.confinement
saya
ISA.AV memarut
BIDAK;.BUKAN= saya;.aku
=
MEREKA
kemudian
MO.ACY pergi.jalan
menggendong
Beleha
DIR ikan
orang
saya;.aku
Banggi
ayun ISA.UV.IMP
MO.ACY pergi.jalan
DEF
=
budak,.anak
orang
ISA.AV ikut;.mengikut;.berjalan.bersama.sama
bring ISA.MRK.UV
mati;.meninggal.dunia
sana
DEF
PST.UV hantar;.menghantar
orang
explanation
DEF
esok,.besok
ingin
saya;.aku
sana
ISA.AV mengatakan
berkata
itulah
juga
benar
ikut;.mengikut;.berjalan.bersama.sama
NEVER
ITER DATANG datang
Domon
PST.AV ISA.AV percobaan
lagi
asal
ISA.AV look.for
isteri;.suami;.bini;.laki
berdua
work
3SG.NOM
lakukan
kaya
dahulu
DEF
ibu;.induk;.emak
datuk,.kakek
EMPH
berkata
DEF
HAJI.LIPA
puas
ibu;.induk;.emak
DEF
cara.cara
rumah
=SAYA;.AKU
DEF
PST.ACY ACY.C2 budak,.anak
DEF
MO.ACY lakukan
DEF
setelah
DEF
adat
ISA.AV khabar,.berita
sangat;.berlebihan;.sangat,.berlebihan
PST.ACY ACY.C2 order
=
where
agung
mari.pergi
tidak
PST.ACH rosak
PST.ACY datang
PST.UV cover
dalam
engkau;.awak;.saudara;.anda
PST.AV ISA.AV sepupu
gigi
Ponuh
ISA.AV ikut;.mengikut;.berjalan.bersama.sama
engkau;.awak;.saudara;.anda
kemudian
=SAYA
itu
where
DEF
DEF
dari
juga
BIDAK;.BUKAN= awak;.engkau;.saudara;.anda
yet
dan
yet
lakukan ISA.UV
DEF
ATTR.ST dalam
=
di.bawah
PST.ACY ISA.AV ikut;.mengikut;.berjalan.bersama.sama
orang
ISA.AV pergi.ke
saya
bapa;.ayah
tidak
langit
sayang
3SG.NOM
agung
orang.hutan
=KAMI
DEF
2SG.SUBJ.ACT
jalan;.denai;.jalan.kecil
lain;.bukan
ORD.NUM satu
persimpangan
DEF
nipah.leaves
DEF
sana
pelabuhan
saya;.aku
ATTR.ST ketakutan
lama.kelamaan
sebelum,.dahulu
orang
duabelas
Allah
ALONE
ISA.AV angkasa
anjing
dan
Uya
=
oh
AUX.UV ISA.UV
orang
saya;.aku
empat sepuluh empat
kecil;.sedikit
bercakap;.mengata;.cakap
grope.for
kemudian
lampu;.pelita
DEF
babi
naga
asal
di.sana
kemudian
DEF
lama;.lampau
dan
DEF
DEF
seperti
kemudian
mengatakan
lantas
=
kemudian
jangan
hari
WALAUPUN
kami
saya;.aku
lantai
AUX.UV ISA.UV
setelah
body
dahulu
DEF
AUX.UV ISA.UV
budak,.anak
anjing
Banggi
saya
apa
POSS sakit
bila.bila
DEF
=
fish
ISA.AV pergi.ke
MO.ACY willing
budak,.anak
type.of.snake
DEF
DEF
watch.corpse
DEF
budak,.anak
mari.pergi
=
budak,.anak
air
dari
ATTR.ST sukar
=
PST.UV kalung;.rantai.leher
tidak
ISA.AV isteri;.suami;.bini;.laki
juga
Allah
engkau.sekalian
=
cara.cara
=
berkata
put.in.pot
MO.ACY makan
ibu;.induk;.emak
ALONE
1ARG.ST tidur
work
on.the.contrary
=
bulan
berkata
Michael
boleh
kemudian
musang
=
DEF
kemudian
dan
DEF
BIDAK;.BUKAN= ada
seperti,.serupa..sebagai;.seperti;.seolah.olah
ALONE
tiga
=KAMI
kapal.yang.ada.pukat
barang
ISA.AV basah
bersih.ladang
DEF
DEF
DEF
engkau.sekalian
kalau
kubung
di.sana
PST.UV dapat
tahun
ISA.AV mandi
mother/father.in.law
MO.ACY willing
DEF
jangan engkau.sekalian
PST.AV ISA.AV minta.diri
pukul
ISA.AV simpan;.menaruh;.meletakkan
Beleha
banyak
sarung
isteri;.suami;.bini;.laki
rumah
DEF
sana
get
air.pasang
campur;.gaul
saudara
badan,.tubuh
KETUA.KAMPUNG,.KEPALA.DESA
tidak
seperti
juga
tidak
EMPHATIC
dari
NPST.ACH terbakar;.membakar
seperti
rumah
tidak
MENDEKATI
DEF
babi
ini
pergelangan.tangan
ALONE
ATTR.ST bagus;.baik
ISA.AV cut.down
lain
BIDAK;.BUKAN= ada
setelah
yet
DIR kepada
saya;.aku
saya;.aku
=SAYA;.AKU
kemudian
mata
Sumal
again
pagi
woman
well
banyak
wah
=
gigi
lubang
carry ISA.UV.IMP
PST.ACH terbalik
DEF
ABILITY dapat
dari
ISA.AV meraba;.meraba.raba;.menyentuh
nya
Gigiu
MO.ACY bergaduh
=
lebih
INTENSIFIER bodoh
tidak
seperti,.serupa..sebagai;.seperti;.seolah.olah
pun,.bahkan
orang
orang
=
AUX.UV ISA.UV
MO.ACY makan
lusa
whatever
PST.ACY pergi.jalan
work
MO.ACY willing
DEF
ATTR.ST putih
anjing
ISA.AV mencubit
oh
PLURAL
give ISA.MRK.UV
engkau;.awak;.saudara;.anda
saya;.aku
isi
kemudian
PST.ACY berbisik
sneak.out
tidak
saya;.aku
ATTR.ST besar
BIDAK;.BUKAN= ada
one
malam;.pada.waktu.malam
jadi
gaji;.upah
now
bawa
lagi
kelmarin;.semalam
dengan;.sama
=
bung
kami
ini
DEF
Stomach.Woman
juga
DEF
saudara
beras
type.of.food
itu
EXIST ada
Kusang
DEF
rumah
reason
mati;.meninggal.dunia
PST.ACL ACL mahal
upacara.pengobatan
DIR sini
DEF
PST.AV ISA.AV awake
PST.ACY ACY.C2 mimpi;.bermimpi
saya
burung,.unggas
adu
kemudian
PST.ACH masuk
enough
DEF
tidak
DIR kepada
umur
ISA.AV jemur;.menjemur
banyak
itu
REF
sebelum,.dahulu
kalau
PST.UV buat
DEF
HAVING.XED datang
ATTR.ST hitam
ISA.AV buang
tupai,.bajing
suku
kami
ingin
ini
kalau
enough
EXIST ada
dan
work
where
=
ISA.AV water.plant
BIDAK;.BUKAN= ada
DEF
di.sini
itu
engkau;.awak;.saudara;.anda
ISA.AV ikut;.mengikut;.berjalan.bersama.sama
payau,.rusa
MO.ACY lakukan
Kaning
ISA.AV kurik;.menggali
DEF
setelah
=
lagi
PST.AV ISA.AV dekat
=
boleh
reply
oleh
DEF
itu
ini
lagi
DEF
=
DEF
isteri;.suami;.bini;.laki
kemudian
where
berkata
anu
SE LINKER day
ATTR.ST ketakutan
datuk,.kakek
ALL
get
benar
ipar
kemudian
saya
ini
amat
DEF
know
DEF
DEF
ISA.AV ikut;.mengikut;.berjalan.bersama.sama
DEF
yet
datuk,.kakek
DEF
juga
ISA.AV draw.water
isteri;.suami;.bini;.laki
PST.ACY datang
banyak
lesung
datuk,.kakek
duri
kotak
mulut
ISA.AV ikut;.mengikut;.berjalan.bersama.sama
DEF
pergi
babi
in
lain
saya
COMPL
tujuh
monyet
dan
=
on
saudara
ibu;.induk;.emak
COMPL
pergelangan.tangan
jadi
dan
=
juga
ouch
well
DEF
kemudian
kepala
tebu
tapi
FOCUS
mengatakan
DEF
botol
on.the.contrary
paha
ipar
DEF
oh
oh
Allah
PST.UV hit
PST.ACY gendang
kemudian
NPST.ACH become
give
mati;.meninggal.dunia
PST.UV abort
rumah
kelmarin;.semalam
juga
rumah
MO.ACY lontong
berkata
PST.ACY pergi.jalan
DIR kepada
barang,.benda
=
PST.ACL menyusui;.menyusukan
way
Intas
TYPE.OF.ANIMAL
upacara.pengobatan
=
hujan
DEF
itu
kemudian
=
PST.ACH sampai
Indonesia
lagi
saya;.aku
Islam
kemudian
Banggi
ATTR.ST atas;.di.atas
kalau
TOWARD kepada
DEF
Ombok
fish
DEF
berkata
kemudian
DEF
ISA.AV pergi.ke
tepung
siapa
kelmarin;.semalam
juga
siang.dan.malam
tetapi
ACY.C2 berhenti
saya;.aku
DEF
sana
duit;.wang
jagung
saya;.aku
ISA.AV memarut
DEF
Ombok
ISA.AV memburu.dengan.anjing
boleh
apa.apa
DEF
PST.ACH become
kemudian
TOWARD sana
bau
engkau;.awak;.saudara;.anda
budak,.anak
PST.ACY pergi.jalan
engkau;.awak;.saudara;.anda
PST.AV NPST.CAUS.AV makan
lakukan
DEF
rumah
ISA.AV light.fire
DEF
kampung;.benua
lapar
MEREKA
dahulu
tidak
PET give
=
DEF
air
kampung;.benua
janji
balik
tidak
setiap.hari
DEF
itu
itu
kami
saudara
zaman.dahulu
COMPL
=KAMI
=
ATTR.ST INTENSIFIER manis
jangan
ISA.AV mengatakan
work
DEF
tidak
jangan
FOCUS
ACY.C2 berhenti
apa
rumah
dahulu
hari
DIR kepada
batang
seperti,.serupa..sebagai;.seperti;.seolah.olah
DIR kepada
ISA.AV peduli
PST.ACH sampai
tetapi
dinding
PST.ACY MO.ACY makan
now
DEF
sarung
CONT bercakap;.mengata;.cakap
BIDAK;.BUKAN= saya;.aku
anu
lagi
make.co.wife
sebelum,.dahulu
DEF
2SG.SUBJ.ACT
DEF
perahu.mesin
tidak
tujuh
NMLZR hidup NMLZR
belakang
rumah
sepuluh
MO.ACY tangis
NPST.ACH become
DEF
MO.ACY willing
reply
MEREKA
tujuh
kalau
ISA.AV minum
bulan
ATTR.ST besar
orang
asal
budak,.anak
itu
mangga
pelanduk
sebesar
DEF
tidak
ISA.AV percobaan
keranjang.anyam
IMP.AV ISA.AV pakai
kangkung
DEF
PST.AV ISA.AV garuk
CONT isteri;.suami;.bini;.laki
tanah.datar,.dataran.rendah
HAVING.XED lihat;.tengok
orang
kemudian
jambatan
mengatakan
where
BIDAK;.BUKAN= ada
ZAMAN.DAHULU
dan
DEF
ISA.AV mandi
2SG.SUBJ.ACT
lagi
asal
=
not
DEF
dan
DEF
MO.ACY tolak
now
EMPHATIC
=
hairan
NPST.ACH become
tapi
know
DEF
di.mana
DEF
tidak
legenda
saudara
get
Kumbal
yet
PST.ACH mati;.meninggal.dunia
oh
lagi
DEF
Kudat
juga
dahulu
pulau
bapa;.ayah
PST.ACY ACY.C2 bapa;.ayah
atmosfir,.suasana
DEF
PST.UV isi
banyak
DEF
MO.ACY pergi.jalan
beras
lama;.lampau
rumah
ISA.AV mandi
Kudat
astaga
IMP.ACY ACY.C2 simpan;.bersembunyi
evaluative.exclamation.
=
PST.AV ISA.AV mencabut
ALONE
itu
itu
gigi
BIDAK;.BUKAN= kami
PST.UV makan
sikit.lagi;.hampir
URINE.SMELL
rumah
jambatan
Banggi
ACY.C2 tohor
DEF
ball.of.food
keranjang;.bakul
ibu.bapa
DEF
tidak
kepala
FOURTEEN
betul;.penting;.benar;.tepat
bercakap;.mengata;.cakap
berkata
malam;.pada.waktu.malam
ALONE
puas
NPST.CAUS.AV MO.ACY makan
ISA.AV seize
MO.ACY land
oh.begitu
ISA.AV bual,.bicara
know
kemudian
bung
=
saya
ATTR.ST ketakutan
kemudian
Menoon
PST.UV tandang;.menyepak
PST.ACH happen
orang
engkau;.awak;.saudara;.anda
banyak
budak,.anak
=
orang
ISA.AV timbangan
juga
DEF
DEF
work
pisang
ISA.AV langgar
3SG.NOM
yet
pondok
hidup
pray
tansi
DEF
ATTR.ST hitam
ITER LIHAT;.TENGOK lihat;.tengok
pisang
damak
DEF
DATE
ISA.AV ajar
sama,.serupa
DEF
finished
ATTR.ST tua
CONT sadar
dan
seperti
PST.ACY ACY.C2 ketakutan
=KAMI
terus
DEF
DEF
DEF
itu
saya;.aku
=
DEF
berkata
ATTR.ST ketakutan
tidak
in
=
pelanduk
=
ACY.C2 bergaul
kemudian
perempuan
bertunas
makanan
CONT sama,.serupa
ipar
=
reply
roti
esok,.besok
FOCUS
engkau;.awak;.saudara;.anda
rumah
ibu.bapa
MO.ACY makan
ABILITY hear
pagi
tidak
BIDAK;.BUKAN= ada
limau,.jeruk.limun
PST.UV isi
berkata
NPST.ACH become
kalau
haji
ATTR.ST besar
sini
racun
puas
BATU.LAYAR.DARAT
kami
PST.ACL harvest
replacement
senang
=
3SG.NOM
rumah
oh
kampung;.benua
DEF
EMPHATIC
DEF
NMLZR hidup NMLZR
DEF
DEF
juga
dahulu
empat
barang,.benda
tentang
rumah
DEF
MO.ACY pergi.jalan
pukul
kalau
=
=KAMI
saudara
DEF
DATE
darat
bercakap;.mengata;.cakap
orang
bercakap;.mengata;.cakap
ISA.AV obat
DEF
PST.ACY pergi.jalan
2SG.NSUBJ.ACTOR
=SAYA;.AKU
kekasih,.belahan.jiwa
itu
ATTR.ST ketakutan
MO.ACY makan
tembakan
juga
sikit.lagi;.hampir
MO.ACY replace
ISA.AV isteri;.suami;.bini;.laki
tadi
tujuh
=
=
burung,.unggas
di.mana
reply
dan
pesan
dari
MO.ACY pergi.jalan
MULT.NUM satu
DEF
=
DEF
PST.AV ISA.AV wash.(clothes)
dahulu
jambatan
EMPHATIC
itu
ISA.AV pack.things
SE LINKER rumah
anu
engkau;.awak;.saudara;.anda
pisang
=
lelaki
condition
kalau
perut
kita.berdua
ikut;.mengikut;.berjalan.bersama.sama
HAVING.Xed exit
hantu
PST.ACH die V.>.ADVRS
ISA.AV mengatakan
budak,.anak
ubi.jalar,.ubi.rambat
DEF
MO.ACY willing
ibu;.induk;.emak
DEF
DEF
DEF
Ombok
juga
sebelum,.dahulu
berdua
bercakap;.mengata;.cakap
lengan
uncertainly
budak,.anak
monyet
PLURAL
bubu
peel
sebelum,.dahulu
=
DIR kepada
air
=
ini
spirit.name
sini
PST.AV ISA.AV percobaan
EXIST ada
orang
itulah
berkata
kepala
cut.open ISA.UV
berkata
DEF
reason
tangalung
kepala
perlihatkanlah
setelah
ISA.AV mengatakan
ISA.AV ikut;.mengikut;.berjalan.bersama.sama
=
ISA.AV hidup
BIDAK;.BUKAN= ada
NPST.CAUS.AV CAUS.AV beli
DEF
itu
ISA.AV percobaan
kalau
DEF
Banggi
orang
atau
DATE
DEF
tiga
semasa;.sedang;.sambil
DEF
DEF
di.mana
where
dari
juga
=
PST.UV CAUS.AV sambut ISA.UV
tiga
kemudian
di.sana
ada
bujur
boleh
berkata
berkata
saya;.aku
argument
malam;.pada.waktu.malam
PST.ACY MO.ACY leave
TOWARD sana
DEF
kemudian
Domon
setelah
itu
burung,.unggas
berkata
itu
ISA.AV ikut;.mengikut;.berjalan.bersama.sama
jangan
saya;.aku
tulang
ketua.kampung,.kepala.desa
ubi.jalar,.ubi.rambat
semasa;.sedang;.sambil
DEF
HAVING.Xed datang
sini
MO.ACY return
PST.ACY ACY.C2 makan
ini
=
BIDAK;.BUKAN= saya;.aku
MO.ACY makan
ikut;.mengikut;.berjalan.bersama.sama
DEF
kelmarin;.semalam
DEF
=
lain;.bukan
PST.UV selesai
MULT.NUM satu
tenang
DIR kepada
Bukit.Sinambung
Banggi
tetapi
berkata
where
payau,.rusa
bercakap;.mengata;.cakap
PST.ACH rebah
CONT bercakap;.mengata;.cakap
lemak.babi
orang
DEF
ISA.AV isi
saya
DIR kepada
MO.ACY pergi.jalan
MO.ACY lakukan
MO.ACY lakukan
=
ISA.AV mengatakan
dua
ISA.AV bundle
orang
rumah
laut
DEF
dan
pagi
pemotong
NPST.ACH become
lama.kelamaan
ALONE
tidak
stay
ISA.AV ubi.kayu
orang
juga
DEF
ini
rumah
ISA.AV menanam
DEF
juga
NPST.CAUS.AV CAUS.AV kain
ingin
duit;.wang
orang
tetapi
=
NPST.ACH biting.fish V.>.ADVRS
know
kemudian
saya
MO.ACY stay
berkata
mengatakan
=
DEF
evaluative.exclamation.
PST.UV path
saya;.aku
DEF
DEF
ATTR.ST makanan
air
ibu;.induk;.emak
DEF
nya
=
awak;.engkau;.saudara;.anda
3SG.NOM
sarung
bukan
tangga
pernah
burung,.unggas
juga
3SG.NOM
empat
enam
kemudian
again
makan.sirih
DEF
dahulu;.tadi
tebu
ingin
PST.ACY ACY.C2 budak,.anak
oh.begitu
DEF
orang
IMP.AV ISA.AV pergi.ke
Tilina
sarung
sungguh
=KAMI
where
where
PST.AV ISA.AV pancing;.mata.kail
orang
saya;.aku
kalau
=
know
=
2SG.SUBJ.ACT
kecambah
DEF
dua.hari
ATTR.ST makanan
PST.ACL ACL basah
DEF
Michael
dia
COMPL
setelah
berkata
Domon
=
jambatan
adu
isteri;.suami;.bini;.laki
Pungguh
barang,.benda
EMPHATIC
saya;.aku
ada
DIR kepada
DEF
hidup
ACY.C2 CONTINUOUS.ASP again
MEREKA
PST.AV ISA.AV tambang
MO.ACY lakukan
MO.ACY willing
DEF
PST.ACY MO.ACY return
mati;.meninggal.dunia
barangkali
PST.UV hancur
juga
PST.UV get
DEF
SE LINKER patah;.terpatah
=
saya;.aku
EXIST ada
budak,.anak
ABILITY dapat
NEVER
dayung
buta
jalan;.denai;.jalan.kecil
dan
tidak
PST.AV ISA.AV minum
datang
DEF
saya;.aku
PLURAL
seperti,.serupa..sebagai;.seperti;.seolah.olah
dan
orang.Cina
mereka
kelmarin;.semalam
PST.ACY bengkak
janji
DEF
DEF
bercakap;.mengata;.cakap
=
darat
BIDAK;.BUKAN= saya;.aku
lain;.bukan
=
percaya
2SG.SUBJ.ACT
HAVING.XED lihat;.tengok
sopan.santun
dan
tembaga.kuning
saya;.aku
saya;.aku
juga
=
=
berkata
kemudian
bathe
Tingih
DEF
dengan
puncak;.atas
seperti,.serupa..sebagai;.seperti;.seolah.olah
anu
get
=SAYA;.AKU
berian
BALAI.RAYA,.BALAI.KOTA
DEF
PST.ACY ACY.C2 bawa
dan
ibu.mentua;.mertua;.bapa.mentua;.mertua
merah
sini
MO.ACY return
saya;.aku
NEVER
bung
sana
dan
pedang
ISA.AV say
orang
=
mati;.meninggal.dunia
PLURAL
one
Banggi
rumah
DIR kepada
ISA.AV isteri;.suami;.bini;.laki
anjing
di.mana
saya;.aku
harap;.mengharapkan
tidak
orang
kampung;.benua
PST.ACY MO.ACY return
=
DEF
PST.ACY ACY.C2 detached;.separated
sini
seperti,.serupa..sebagai;.seperti;.seolah.olah
dan
MO.ACY buang
=
ular
=
dan
BIDAK;.BUKAN= ada
kemudian
tidak
berkata
lama;.lampau
DIR kepada
DEF
CONT bercakap;.mengata;.cakap
PST.ACH rebah
kalau
datang
know
bung
Allah
saya;.aku
PST.AV ISA.AV menelan
bercakap;.mengata;.cakap
nanti
=
badan,.tubuh
orang
kepada
DEF
=AWAK;.ENGKAU;.SAUDARA;.ANDA
di.dalam
mengupas
NPST.ACH terbakar;.membakar
juga
ATTR.ST kasar
berkata
pindeta.perempuan
DEF
DEF
ISA.AV memanaskan
ini
tidak
juga
membalas.dendam ISA.UV
DEF
naga
kuat
juga
itu
=
BIDAK;.BUKAN= ada
kami
kita
tidak
DEF
puncak.gedung
garam
kampung;.benua
setelah
Michael
abate
PST.ACL ACL swallowed.up
bapa;.ayah
MULT.NUM satu
DEF
NPST.ACH become
isteri;.suami;.bini;.laki
ISA.AV memanjat
juga
HAVING.XED lihat;.tengok
=SAYA;.AKU
now
DEF
juga
ALONE
bual,.bicara
ini
DEF
nya
ubi.keladi
DEF
DIR kepada
kampung;.benua
DIR kepada
own
lalu
itu
juga
PST.ACL ISA.AV bersi;.merambah
ISA.AV intend.to;.about.to;.attempt
pernah
penyu
saya;.aku
DEF
tidak
itu
ISA.AV ajar
lagi
PST.UV isi
Bukit.Sinambung
MO.ACY return
defecate
kami
DEF
orang
DIR kepada
tenang
kampung;.benua
isteri;.suami;.bini;.laki
=
=
ISA.AV percobaan
DEF
hari
monyet
DEF
lagi
condition
DEF
perahu
=
DIR kepada
sultan
call
1ARG.ST tidur
saya;.aku
kita
benar
plasenta
tiga
BIDAK;.BUKAN= saya;.aku
ISA.AV look.for
orang
PLURAL
ISA.AV mengatakan
budak,.anak
juga
lama;.lampau
hold.on
DEF
anak.sungai
MO.ACY willing
DIR kepada
endapan
=
sana
nanti
NPST.ACH cium V.>.ADVRS
kereta
kalau
lelaki
oh
DEF
DEF
lutut
PST.ACH die V.>.ADVRS
PLURAL
tiba.tiba
Umpil
saya
berkunjung ISA.UV
HAVING.Xed datang
mengatakan
tebu
zaman.dahulu
juga
lantai
kemudian
panggilan.sayang
ingin
dahulu
PST.UV pengangkutan
mengatakan
dan
saya;.aku
ISA.AV tahan
ISA.AV mencubit
bertunas
kepada
ini
dan
bukit
engkau;.awak;.saudara;.anda
di.dalam
bau
itu
bunglun
ACY.C2 order
ibu;.induk;.emak
baldi;.timba
tidak
terakhir
lagi
tree
panggilan.sayang
DIR kepada
itu
Beleha
dengan
tidak
EXIST ada
pun,.bahkan
NMLZR tujuh NMLZR
kemudian
perintah;.kerajaan
kampung;.benua
ISA.AV look.for
kita
ISA.AV ikut;.mengikut;.berjalan.bersama.sama
kelmarin;.semalam
rumah
=
ISA.AV look.for
DEF
ISA.AV extinguish
puki
apa
saya
DEF
api
di.sana
seperti
where
saya;.aku
PST.AV ISA.AV take
juga
jangan
MO.ACY tolak
=KAMI
reply
bercakap;.mengata;.cakap
DEF
PST.ACY ACY.C2 chase
anu
aih
orang
on
PET give
DEF
ACY.C2 simpan;.bersembunyi
where
sakit
babi
now
get
PST.ACY menginap
banyak
okay
ISA.AV sanggup
DEF
dan
=
saya;.aku
lama
DEF
kubung
=
kelapa
BIDAK;.BUKAN= ada
sini
PST.ACY ACY.C2 makan
Ombok
dan
ALONE
ISA.AV cuba
yet
3SG.NOM
DEF
VBLZR gaji;.upah
orang
=KAMI
PST.AV ISA.AV get
sangat
condition
pukul
ketua.kampung,.kepala.desa
=SAYA;.AKU
PLURAL
kelmarin;.semalam
kemudian
DEF
ISA.AV pergi.ke
jadi
puas
dari
bapa;.ayah
grope.for
dari
BIDAK;.BUKAN= saya;.aku
kami
PST.AV RECP temu
SE setengah
whatever
DEF
orang
dan
Gigiu
DEF
saya;.aku
ISA.AV paksa
Menoon
saya;.aku
anu
harap;.mengharapkan
tidak
DEF
itulah
lama;.lampau
saya
lemak.babi
badan,.tubuh
mesti
dan
pernah
ISA.AV chop.smthg
di.dalam
PST.AV ISA.AV imitate
dia
belajar
ISA.AV hantar;.menghantar
=
MEREKA
payau,.rusa
extinguish ISA.UV
mari.pergi
=
ALONE
satu
di.sana
berani;.sanggup
DI.ATAS
ini
sneak.out
DEF
DEF
PST.UV selesai
DEF
berdua
DEF
Malaysia
on
ACY.SE meratap
kemudian
DIR kepada
CONT bercakap;.mengata;.cakap
ISA.AV cepat,.gerak.cepat
ATTR.ST putih
DEF
PST.ACY ACY.C2 alah
PST.AV ISA.AV berunding
tidak
saya;.aku
dahulu
ISA.AV descend
PET give
COMPL
=
=SAYA;.AKU
ISA.AV sekolah
Kelabit
kelmarin;.semalam
juga
belanja
orang
=
nya
ISA.AV chase
berkata
oh
dari
sini
dan
engkau.sekalian,.kalian
Gigiu
=
tidak
juga
enam
Kudat
DEF
engkau;.awak;.saudara;.anda
MO.ACY return
ISA.AV cemburu.(orang)
=
berkata
ISA.AV gigit,.menggigit
ini
Kota.Kinabalu
pulau
ITER LIHAT;.TENGOK lihat;.tengok
Banggi
juga
orang
DEF
bercakap;.mengata;.cakap
DEF
DEF
kemudian
tidak
PST.UV bawa
juga
=
air
jangan
ISA.AV beli
NPST.ACH lapar V.>.ADVRS
ISA.AV memarut
berkata
sana
PST.ACH mati;.meninggal.dunia
PST.ACY ACY.C2 pigang
dan
saya
juga
tidak
cara.cara
ubi.jalar,.ubi.rambat
DEF
BIDAK;.BUKAN= ada
kemudian
=
=AWAK;.ENGKAU;.SAUDARA;.ANDA
MO.ACY lakukan
=SAYA;.AKU
=
Layut
apa
itulah
reply
told
play.instrument
BIDAK;.BUKAN= ada
saya
sabut.kelapa
itu
ini
PST.ACY ISA.AV ikut;.mengikut;.berjalan.bersama.sama
DEF
orang
ISA.AV sambung
ini
kayu
itu
MO.ACY return
kemudian
hari
tapi
dua
kaki
atau
ISA.AV ikut;.mengikut;.berjalan.bersama.sama
saya;.aku
=
burung,.unggas
budak,.anak
banyak
Limbuak
tahun
ISA.AV sarung
kayu
know
kalau
RECP detached;.separated
get
saya;.aku
PST.UV buat
zaman.dahulu
lain;.bukan
awak;.engkau;.saudara;.anda
PST.ACY MO.ACY return
ingin
DEF
pemetik.api
budak,.anak
dua
rambat
PST.AV ISA.AV raise.up
ada
juga
MO.ACY tangis
dengan;.sama
cut.throat
now
di.bawah
reason
tapak.tangan
kampung;.benua
orang
COMPL
DEF
DEF
NMLZR empat NMLZR
kapal.yang.ada.pukat
tidak
nanti
air
lagi
ISA.AV make.exclamation
ini
ISA.AV ikut;.mengikut;.berjalan.bersama.sama
pun,.bahkan
orang
DEF
CONT bercakap;.mengata;.cakap
mati;.meninggal.dunia
kemudian
DEF
seperti
ISA.AV pesan
di.sini
yet
oh
obat
DEF
PST.AV ISA.AV peduli
PST.AV ISA.AV isteri;.suami;.bini;.laki
dunia,.bumi
=KAMI
seperti
kami
orang
DEF
umur
DEF
itu
=
PST.ACH kupas
empat
now
berkata
HAVING.Xed raise.up
berkata
descend
DEF
tidak
=
EXIST ada
saya;.aku
IMP.AV ISA.AV get
darah
lain
nya
hutan
itu
anjing
MO.ACY makan
orang
=
NPST.ACH become
PST.ACH mati;.meninggal.dunia
=
itulah
reply
sini
minyak
kemudian
DEF
DEF
DEF
lama
MEREKA
api
berkata
ACY.C2 angkat
juga
=
nya
reply
lama;.lampau
badan,.tubuh
tentang
nineteen
dan
hak.hak
=
DIR kepada
BIDAK;.BUKAN= ada
DEF
NMLZR lima NMLZR
sultan
alam.baka
tapi
DEF
MO.ACY willing
rumah
HAB try
umbut
Domon
damar
pagar
DEF
sini
reply
pondok
saya;.aku
kemudian
saya;.aku
DEF
NPST.ACH selesai
lakukan
reply
tidak
asal
monyet
ALONE
AUX.UV ISA.UV
DEF
orang
puncak.gedung
kalau
DEF
ISA.AV menghentakkan
satu
=
DI.KUMUDIAN
ATTR.ST dahulu
ATTR.ST ketakutan
ACY.C2 order
bunga
yet
MO.ACY enter
sampai,.hingga
ranting
MO.ACY lakukan
itu
EXIST ada
PET give
hiwan.khayal
PST.ACH lari
juga
karung
senduk
juga
benang
budak,.anak
bung
saya
PST.AV ISA.AV see
=
zaman.dahulu
=
ISA.AV cut.down
ISA.AV mencari.ikan;.memburu;.penangkapan.ikan
DEF
DEF
jadi
=
ular
kematian
tetapi
DEF
ATTR.ST ketakutan
budak,.anak
kalau
DEF
direct
DEF
kalau
kelapa
kampung;.benua
DEF
anu
mati;.meninggal.dunia
ISA.AV menyumpit
PST.AV ISA.AV wave.good.bye
ATTR.ST ketakutan
ibu;.induk;.emak
MO.ACY enter
=
EXIST ada
ouch
juga
ingin
PLURAL
ISA.AV fill.hole.with.dirt
datuk,.kakek
=
PST.UV makan
ISA.AV mengatakan
know
kelapa
duri
saya
DEF
api
PST.AV ISA.AV pancing;.mata.kail
Nayar
itu
condition
reply
CAUS.AV PST.ACL awake
kemudian
Beleha
DEF
Japil
sini
kotak.kayu
saya;.aku
NPST.ACH terbakar;.membakar
=
DEF
itu
ALONE
Munsang
burung,.unggas
ATTR.ST tua
PST.ACH terbakar;.membakar
COMPL
ISA.AV menghentakkan
kemudian
=
kopi
AUX.UV ISA.UV
panggilan.sayang
ISA.AV kurik;.menggali
ATTR.ST besar
PST.ACY MO.ACY willing
DESIDERATIVE makan
esok,.besok
=
mengatakan
DIR kepada
ALONE
air
reply
asal
jangan
DEF
3SG.NOM
TOWARD kepada
itu
PST.IND.CAUS.UV CAUS.AV makan
kalau
orang
adat
puas
duri
DEF
tadi
kami
tiga
anything
juga
finished
pun,.bahkan
tidak
lutut
di.dalam
itu
DEF
sulit,.sukar
berkata
DEF
DEF
binatang,.hiwan
agung
DEF
orang
saya;.aku
menantu.perempuan;.menantu.laki.laki
saya;.aku
sulit,.sukar
nanti
orang
type.tree
become
rumah
blade
saya
PST.ACH mati;.meninggal.dunia
woman
oh
PET give ISA.MRK.UV
ibu.bapa
ISA.AV pancing;.mata.kail
ISA.AV ikut;.mengikut;.berjalan.bersama.sama
know
mata
setelah
EXIST ada
OURSELVES
saya
semuka,.dahi
Domon
budak,.anak
again
reply
CONT bercakap;.mengata;.cakap
=
itu
bulat.bulat
DEF
AUX.UV ISA.UV
sampai,.hingga
sebelum,.dahulu
lagi
rumah
PST.ACL PST.ACL bundle
juga
juga
DEF
saya;.aku
lebih
dan
seperti
ini
penampilan,.tabiat
now
ringgit
DIR kepada
now
anu
condition
DEF
lama;.lampau
juga
budak,.anak
dan
belakang
=AWAK;.ENGKAU;.SAUDARA;.ANDA
tiba.tiba
TOWARD sana
NPST.ACH besar V.>.ADVRS
tiga
DEF
DEF
=
BIDAK;.BUKAN= saya;.aku
=
PST.AV ISA.AV get
now
arus
bapa;.ayah
Pisina
=SAYA;.AKU
rumah
oh
DI.ATAS
kepala
DEF
oh
tetapi
Seylan
PST.ACY MO.ACY return
EXIST ada
tiga
=
MO.ACY return
DEF
empat sepuluh empat
itu
EMPHATIC
surga
pada.mulanya,.mula.mula
lain;.bukan
Domon
orang
ibu.mentua;.mertua;.bapa.mentua;.mertua
MULT.NUM satu
saya;.aku
TOWARD kepada
saya;.aku
MEREKA
COMPL
nenas
2SG.SUBJ.ACT
percobaan N.>.NMLZ
MO.ACY tangis
ubi.jalar,.ubi.rambat
bisu
kerana
lain;.bukan
lama;.lampau
orang
air
kelapa
Domon
tidak
juga
bung
tidak
saya;.aku
tangga
ISA.AV doa
=
aturan
=
orang
tidak
berkata
engkau.sekalian
PST.ACY MO.ACY return
MO.ACY willing
orang
ISA.AV racun
=
itu
dan
saya;.aku
ini
juga
awak;.engkau;.saudara;.anda
kita
ALONE
ibu;.induk;.emak
=
PST.ACH worried
ATTR.ST ketakutan
kalau
OURSELVES
DI.ATAS
kemudian
kampung;.benua
sesuai
=KAMI
DEF
SE LINKER picah
ALONE
Karakit
call
well
kalau
=
ibu;.induk;.emak
ISA.AV memanjat
PST.UV simpan;.menaruh;.meletakkan
=
saya;.aku
banana.tree
ALL
damak
kira;.menghitung ISA.UV
ingin
DEF
PST.AV ISA.AV pancing;.mata.kail
bercakap;.mengata;.cakap
berkata
tapi
dan
Tagi
syarif
ini
orang
tidak
berkata
setiap.hari
Domon
nanti
DEF
PST.AV ISA.AV cari
berkata
ISA.AV panggil
lagi
HAVING.XED bunting;.hamil;.mengandung
MO.ACY makan
NPST.ACH dibenci V.>.ADVRS
ISA.AV mengerang
MO.ACY lakukan
PST.ACY MO.ACY return
LINKER batu;.ekor;.buah;.satu
huh
EMPHATIC
=
=
condition
isteri;.suami;.bini;.laki
BIDAK;.BUKAN= ada
BIDAK;.BUKAN= ada
tetapi
COMPL
sembilan
bersih.ladang
juga
tidak
ibu;.induk;.emak
PST.ACL ACL telentang
PST.ACY ISA.AV ikut;.mengikut;.berjalan.bersama.sama
ABILITY dapat
ATTR.ST buruk
=
berkata
MO.ACY return
3SG.NOM
Domon
paha
MENDEKATI
Pisina
ibu;.induk;.emak
DEF
termasuk
DEF
DI.ATAS
berkata
bahagi;.membahagi
DEF
spirit.name
lalu
DEF
ground
=
call.
DEF
gadis
di.sini
PST.ACY ACY.C2 bahasa
air
ABILITY dapat
reply
ISA.AV langgar
limau,.jeruk.limun
tetapi
pernah
MO.ACY pigang
DEF
kampung;.benua
know
dan
one
lama;.lampau
kalau
SE LINKER patah;.terpatah
dengan;.sama
DEF
PST.ACY MO.ACY return
PST.ACY datang
DEF
budak,.anak
DEF
=
reason
getah
=
DEF
tunas.pohon
kemudian
DEF
kira;.menghitung
lain;.bukan
=
saya
PST.ACY datang
ingin
dan
reply
dunia,.bumi
DEF
ipar
seluar;.celana
budak,.anak
=
sultan
ABILITY dapat
saya;.aku
ISA.AV hidup
hari
MO.ACY replacement
mati;.meninggal.dunia
susu.ibu
drop
berkata
mengatakan
DEF
setelah
tidak
kelmarin;.semalam
ABILITY dapat
panggilan.sayang
DEF
again
juga
BIDAK;.BUKAN= saya;.aku
ISA.AV ajar
circumcize
putih
nya
punggung
Pisina
berkata
FOCUS
=KAMI
kelmarin;.semalam
where
bangsa;.macam
ATTR.ST ketakutan
menyumpah
oh
COMPL
EXIST ada
ibu;.induk;.emak
DEF
PST.ACH terbalik
ALONE
juga
juga
ibu;.induk;.emak
juga
MO.ACY return
lama;.lampau
ABILITY dapat
one
MO.ACY get.up
DEF
ikut;.mengikut;.berjalan.bersama.sama
=
COMPL
gumpal
susu
=
PST.UV get
yet
kalau
TOWARD di.sini
DEF
BIDAK;.BUKAN= ada
ISA.AV putus
malam;.pada.waktu.malam
datuk,.kakek
PST.ACY ACY.C2 mimpi;.bermimpi
EXIST ada
ibu;.induk;.emak
=
adat
banyak
PST.UV memotong
ISA.AV chase
Banggi
ISA.AV hantar;.menghantar
COMPL
bangsa;.macam
DIR sihir
MO.ACY berenang
kemudian
DIR kepada
asal
descend
dahulu
saya
DEF
anu
tangga
itu
kemudian
banyak
saya;.aku
DEF
saya;.aku
engkau;.awak;.saudara;.anda
siapa
DEF
air.pasang
=
ingin
BIDAK;.BUKAN= ada
DEF
asal
kemudian
zaman.dahulu
apa
BIDAK;.BUKAN= ada
yet
CERITA.DONGENG
ALONE
kalau
spirit.name
Gigiu
evaluative.exclamation.
=
work
lubang
itu
peduli
DEF
dahulu
ABILITY selesai
DEF
PST.UV tinggal
DEF
reply
sampai,.hingga
deram
DEF
saya;.aku
nya
seperti
Banggi
gaji;.upah
tidak
juga
DEF
jambatan
sangat;.berlebihan;.sangat,.berlebihan
buta
=
little.curse
PST.ACL CAUS.AV exit
CONT main
bisu
ATTR.ST INTENSIFIER bayangan
orang
DEF
=
AUX.UV ISA.UV
ISA.AV meniup
ISA.AV ajar
=
DEF
MO.ACY melewati
juga
DEF
itu
PST.ACY make.exclamation
itulah
dan
saya;.aku
Beleha
MO.ACY makan
DEF
tidak
dua
itu
ini
ini
mati;.meninggal.dunia
hantu
BIDAK;.BUKAN= ada
DEF
PST.ACY ACY.C2 api
PST.ACL ACL merah
badan,.tubuh
cara.cara
tidak
suku
MO.ACY pigang
dua
yet
ISA.AV ajar
=
Balambangan
PST.UV give
orang
get
MO.ACY makan
budak,.anak
ISA.AV menanam
DEF
ATTR.ST manis
kemudian
kemudian
seperti
DEF
nyamuk
=
fish
Tual
ISA.AV memeras
Domon
monyet
jadi
suku
tidak
dan
kemudian
dan
tidak
saya;.aku
DEF
OURSELVES
ISA.AV bakar
fish
Banggi
tangalung
kami
kalau
menantu.perempuan;.menantu.laki.laki
=
DIR kepada
pendeta,.pastur
ujung.damak
DEF
type.of.tree
PST.AV ISA.AV kuap
tali
saya;.aku
pelanduk
ISA.AV cari.kutu
sebelum,.dahulu
orang
tidak
kemudian
PLURAL
dari
kemudian
PST.UV order
ayam
monyet
where
saudara
mati;.meninggal.dunia
flowerpecker
gigi
keep.dying
kalau
ini
carcass
ABILITY dapat
keluarga
grope.for
ubi.kayu
play.instrument
=
mata
finished
PST.ACY pergi.jalan
putih
keranjang;.bakul
ekor
yet
ini
get
kemudian
ATTR.ST gila
PST.AV ISA.AV give
kemudian
ISA.AV look.for
ALONE
Kusang
orang
orang
DEF
fish
DEF
DEF
kalau
orang
DEF
kalau
belalang
api
engkau;.awak;.saudara;.anda
Domon
mengapa
besar
babi
AUX.UV ISA.UV
berkata
=
PET give
ISA.AV ikut;.mengikut;.berjalan.bersama.sama
air.masin,.air.asin
IMP tembakau
persimpangan
mati;.meninggal.dunia
juga
bikin.apa
saya;.aku
Beleha
Simbumbong
ibu;.induk;.emak
condition
DEF
=
ISA.AV ikut;.mengikut;.berjalan.bersama.sama
ATTR.ST much
semalam
DEF
lain
=
PST.ACY MO.ACY leave
ATTR.ST ketakutan
malam;.pada.waktu.malam
DIR kepada
INSTRV bundle
BIDAK;.BUKAN= ada
DEF
monyet
bathe
PST.ACY MO.ACY makan
DEF
DEF
bung
boleh
=
babi
jadi
DEF
tidak
juga
=
DEF
ATTR.ST bagus;.baik
MEREKA
ISA.AV menanam
tidak
erect.smthg
PST.ACY datang
reply
juga
kena
ada
itu
one
=
engkau;.awak;.saudara;.anda
CONT bercakap;.mengata;.cakap
tapi
HAVING.Xed datang
lain
EXIST ada
Banggi
=
in
=
PST.ACY ACY.C2 alah
PST.AV ISA.AV bakar
itu
Domon
kemudian
EXIST ada
air
cara.cara;.hukuman
semalam
ISA.AV ajar
tidak
lelaki
budak,.anak
dua
PST.ACH mati;.meninggal.dunia
adat
jadi
pisau
sungguh
saya
HAVING.Xed bump
saya;.aku
HAVING.XED ACY.C2 berhenti
saya
bahasa
sarung
berhenti
saya;.aku
satu
DEF
MO.ACY jawab
di.mana
jangan
=SAYA;.AKU
juga
mati;.meninggal.dunia
DIR kepada
seperti
DEF
ATTR.ST ketakutan
mengatakan
kami
botol
bunglun
AUX.UV ISA.UV
work
DEF
ITER LIHAT;.TENGOK lihat;.tengok
Banggi
orang
pelanduk
ALONE
where
umbut
now
tidak
Banggi
udara
dahulu
=
DEF
DEF
ISA.AV belatik
tidak
DEF
PST.AV ISA.AV memotong
ATTR.ST besar
tongkat
MO.ACY fikir
rumah
DEF
where
ini
kepala
DEF
DEF
juga
FOCUS
arang
own
whatever
order
jadi
pelanduk
PST.AV ISA.AV club
ibu;.induk;.emak
mari.pergi
DEF
dan
adat
3SG.NOM
Gunung.Kinabalu
Antan
semasa;.sedang;.sambil
dan
dahulu;.tadi
CAUS.AV ISA.AV membuka.mata
ini
hidup
tujuh
tebing,.tubir
MO.ACY stay
ITER LIHAT;.TENGOK lihat;.tengok
ibu;.induk;.emak
Limbuak
= anak.lelaki
berkata
isteri;.suami;.bini;.laki
DEF
bakau
order
again
trial
nya
saya
awak;.engkau;.saudara;.anda
budak,.anak
di.sini
DEF
engkau;.awak;.saudara;.anda
itu
Kudat
setelah
tahun
SE setengah
hutan
=
=
=
berkata
DEF
Beleha
MO.ACY willing
mereka
pelanduk
PST.ACY MO.ACY makan
datang
ini
DEF
kalau
boleh
=
DEF
ibu;.induk;.emak
on
INSTRV melubangi
saya;.aku
capai,.lelah
ini
sangat;.berlebihan;.sangat,.berlebihan
=
DEF
lalu
bercakap;.mengata;.cakap
DEF
PST.UV kubur
setelah
Ilal
babi
duri
=AWAK;.ENGKAU;.SAUDARA;.ANDA
ibu;.induk;.emak
DEF
3SG.NOM
aih
pakcik;.bapa.saudara
=
tidak
tidak
juga
sakit
tangga
kali
=
ISA.AV mandi
bung
DEF
BIDAK;.BUKAN= ada
lain
=
POSS sakit
di.sini
tangga
tidak
yet
juga
=
ACY.C2 rela
Banggi
yet
empat sepuluh empat
LIMBUAK.DARAT
ISA.AV bundle
DEF
dahulu
=SAYA;.AKU
tidak
air
order
Alanna
tidak
saya
kemudian
lembut
ISA.AV kuku
uncertainly
uncertainly
ISA.AV ikut;.mengikut;.berjalan.bersama.sama
MO.ACY tangis
DEF
PST.ACY ACY.C2 trial
engkau;.awak;.saudara;.anda
saya;.aku
=SAYA;.AKU
dengan;.sama
kayu
COMPL
rumah
again
3SG.NOM
ISA.AV kurik;.menggali
saya;.aku
oh
Limbuak
PST.ACY datang
bapa;.ayah
rumah
ISA.AV angkasa
monyet
amat
ATTR.ST ketakutan
reply
sini
DIR kepada
kanan
reply
burung,.unggas
juga
BIDAK;.BUKAN= ada
lelaki
itu
meniup ISA.UV
tua
berkata
terkejut
lama.kelamaan
PST.ACY ACY.C2 order
RECP PROG memburu;.menembak
PST.ACL menggumpul
sikit.lagi;.hampir
ibu.bapa
orang
Toyuk
ISA.AV gigit,.menggigit
DEF
ATTR.ST buruk
seperti
=SAYA;.AKU
atap
orang
get
tidak
evaluative.exclamation.
=SAYA;.AKU
kita
rumah
=
turun.temurun
anu
Banggi
Banggi
dan
DEF
ISA.AV ikut;.mengikut;.berjalan.bersama.sama
saya;.aku
sana
sini
sabut.kelapa
FOCUS
saya
nama
mengirim
PST.AV ISA.AV awake
fish
lutut
Tereib
kalau
pagi
MO.ACY exit
kami
kelmarin;.semalam
PST.UV reach
itu
=
BIDAK;.BUKAN= ada
SE LINKER semalam
alasan
MO.ACY makan
PST.ACY pergi.jalan
nya
PST.ACH mati;.meninggal.dunia
COMPL
DEF
harap;.mengharapkan
petang.(lewat)
tapi
DEF
dan
PST.ACH fall.out
=KAMI
know
BIDAK;.BUKAN= ada
=
PST.ACL ACL penuh
woman
=
PST.AV ISA.AV menutup.mata
juga
=
dengan;.sama
DEF
juga
zaman.dahulu
Beleha
meniup ISA.UV
rise
MO.ACY makan
PST.ACY pergi.jalan
bapa;.ayah
ATTR.ST tua
di.sini
PST.UV dapat
seperti,.serupa..sebagai;.seperti;.seolah.olah
bengkak
ISA.AV hidup
COMPL
semalam
zaman.dahulu
kalau
ISA.AV sepupu
adat
PST.ACY datang
=
datang
meskipun
ISA.AV meniup
evaluative.exclamation.
DEF
get
RHEUM
DEF
air
itu
binatang,.hiwan
rotan
pinggang
dahulu
itulah
NPST.ACH selesai V.>.ADVRS
PLURAL
sana
DEF
kecil
tidak
DEF
sultan
DEF
DEF
POSS budak,.anak
=
adat
BIDAK;.BUKAN= ada
darat
malam;.pada.waktu.malam
=
orang
berkata
keep.getting
saya;.aku
engkau.sekalian
HAVING.Xed minum
juga
sana
juga
DEF
DEF
Tingih
DEF
DEF
bulan
DEF
itu
orang
baru
Banggi
PST.UV fall.out
ombak
=
wah
juga
DEF
DEF
orang
DEF
MO.ACY singgah
kemudian
AUX.UV ISA.UV
PST.AV ISA.AV isteri;.suami;.bini;.laki
pindeta.perempuan
=
sini
DEF
PST.ACY gendang
perut
juga
ISA.AV mengatakan
DEF
spirit.name
kami
budak,.anak
ISA.AV hantar;.menghantar
bercakap;.mengata;.cakap
berkata
=
banyak
sampai,.hingga
itu
ACL kurus
dari
pagi
dengan;.sama
orang
juga
tidak
celup
DEF
di.sana
tapi
dan
tidak
ini
saudara
=
BIDAK;.BUKAN= kami
NPST.CAUS.AV ISA.AV mandi
Tunggulun
barang,.benda
saya
tetapi
DEF
gigi
DEF
ipar
ISA.AV wash.(clothes)
seperti,.serupa..sebagai;.seperti;.seolah.olah
saya;.aku
engkau.sekalian
asal
api
mata
juga
jagung
mengapa
dan
sana
kemudian
jambatan
orang
kepala
AUX.UV ISA.UV
isteri;.suami;.bini;.laki
DEF
nya
PST.UV bawa
orang
DEF
umpan
itu
=
ACY.C2 angkat
tiga
itulah
DEF
karung
gaji;.upah
ISA.AV surat
PST.UV get
binatang,.hiwan
juga
DEF
orang
lagi
NPST.ACH terjebak V.>.ADVRS
kalau
dan
3SG.NOM
kuih
NPST.CAUS.AV CAUS.AV dibebaskan
berkata
ISA.AV pergi.ke
saya;.aku
saya;.aku
DEF
dan
NPST.ACH malu
tetapi
DEF
bapa;.ayah
ALONE
pukul
DEF
pukul
saya;.aku
sungguh
PET bercakap;.mengata;.cakap
=
DEF
TOWARD di.sini
lutut
penyu
itu
PST.ACH sampai
nasib
DEF
di.bawah
berian
monyet
pulau
juga
ATTR.ST much
DEF
suku
NPST.ACH become
isteri;.suami;.bini;.laki
juga
DEF
=
yet
tiga
MO.ACY makan
ingin
di.dalam
ISA.AV doa
anjing
PST.AV ISA.AV imitate
juga
benar
tetapi
=KAMI
BIDAK;.BUKAN= ada
where
NPST.ACH selesai V.>.ADVRS
mulanya
api
isteri;.suami;.bini;.laki
tidak
DEF
BIDAK;.BUKAN= saya;.aku
kemudian
PST.ACY DESIDERATIVE makan
ingin
DEF
lain
=
kecambah
pokok.padi
ingin
banyak
DEF
Lundak
ISA.AV tuduhan
BIDAK;.BUKAN= awak;.engkau;.saudara;.anda
perahu
saudara
NPST.ACH lapar V.>.ADVRS
hari
dan
EXIST ada
kurus
ISA.AV look.for
tidak
MEREKA
DEF
bump
DEF
MO.ACY makan
tembakan
DEF
orang
again
PST.AV ISA.AV minta.diri
Kota.Kinabalu
PST.ACH terbalik
saya;.aku
DEF
ACY.C2 mengikatkan.
ibu;.induk;.emak
juga
3SG.NOM
itu
datang
PST.AV ISA.AV follow
AUX.UV ISA.UV
COMPL
kemudian
DEF
=
DEF
lain;.bukan
sana
CERITA.DONGENG
juga
kita
whatever
perahu.mesin
kemudian
DEF
titik.berat;.sepanjang
=
orang
burung,.unggas
setelah
BIDAK;.BUKAN= ada
condition
kalau
tapi
itu
tetapi
tidak
tidak
run
AUX.UV ISA.UV
pelanduk
ISA.AV ikut;.mengikut;.berjalan.bersama.sama
=
zaman.dahulu
evaluative.exclamation.
PST.ACY ACY.C2 tohor
really
HAVING.XED return
DEF
spirit.name
payau,.rusa
marilah
=
=SAYA;.AKU
because
EXIST ada
nya
kayu
saya;.aku
itu
berkata
karung
NPST.ACH become
DEF
engkau.sekalian
Beleha
=
=
MO.ACY pergi.jalan
juga
ibu;.induk;.emak
=KAMI
PST.IND.CAUS.UV CAUS.AV makan
kepala
air.kencing
=AWAK;.ENGKAU;.SAUDARA;.ANDA
ibu.bapa
ATTR.ST much
apa.apa
PLURAL
Kudat
engkau.sekalian
ibu;.induk;.emak
Banggi
oh
juga
mengapa
jadi
ISA.AV water.plant
AUX.UV ISA.UV
ISA.AV mengatakan
kita
berkata
pelanduk
bukit
Banggi
tidak
DEF
lama
ISA.AV obat
own
ISA.AV mengatakan
DEF
Musa
=
saya;.aku
saya;.aku
badan,.tubuh
ISA.AV memintal
beras
DEF
MO.ACY pergi.jalan
=
gadis
evaluative.exclamation.
MO.ACY return
budak,.anak
Jaruk
DEF
ibu;.induk;.emak
ipar
saya;.aku
hal,.perihal
ATTR.ST ketakutan
pagi
=
ALONE
woman
VBLZR see
Kudat
DEF
saya
bung
tidak
ISA.AV ikut;.mengikut;.berjalan.bersama.sama
seperti
belajar
DEF
=
ORD.NUM satu
ini
=AWAK;.ENGKAU;.SAUDARA;.ANDA
sebelum,.dahulu
DEF
ISA.AV harap;.mengharapkan
hal,.perihal
ISA.AV cuba
DEF
dan
dengan
one
EXIST ada
dari
put.in.pot
now
SE LINKER day
berkata
DEF
=SAYA;.AKU
pisang
ISA.AV ajar
ISA.AV imitate
=
sikit.lagi;.hampir
DEF
DEF
DEF
saya;.aku
reply
tidak
DIR kepada
PLURAL
where
Beleha
empat
satu
isteri;.suami;.bini;.laki
DEF
orang
kampung;.benua
sini
lubang
panggilan.sayang
PST.UV bawa
ISA.AV menyumpit
NPST.ACH tinggal
anu
tidak
isteri;.suami;.bini;.laki
tidak
kami
PST.ACY MO.ACY return
kecil;.sedikit
DEF
DEF
dan
percobaan
order
tiba.tiba
itu
dahulu
ATTR.ST tua
putih
ISA.AV restrain
ISA.AV menelan
DEF
jadi
monyet
di.sini
DEF
menyumpit V.>.NMLZ
lagi
EXIST ada
iblis ISA.UV
PST.ACH sampai
Domon
berkata
BIDAK;.BUKAN= saya;.aku
MO.ACY makan
reply
saya
VBLZR guna
DEF
engkau.sekalian
pukul
lain;.bukan
di.mana
woman
rumpun
PST.ACY MO.ACY return
PST.ACY ACY.C2 budak,.anak
PST.ACH lari
kayu
BIDAK;.BUKAN= ada
ALONE
NPST.ACH lihat;.tengok V.>.ADVRS
budak,.anak
where
one
DIR kepada
tetapi
orang
ISA.AV cuba
lebih.baik;.tambahan.pula
itu
kami
orang
tidak
ISA.AV ikut;.mengikut;.berjalan.bersama.sama
=
juga
bercakap;.mengata;.cakap
kemudian
DEF
juga
mengatakan
saya;.aku
=
PELANGI
peduli
CONT bercakap;.mengata;.cakap
kepala
ulat.kelapa
Irian
jadi
orang
MO.ACY singgah
DEF
bapa;.ayah
MYSELF
MO.ACY makan.sirih
ISA.AV bunting;.hamil;.mengandung
legenda
kemudian
ACY.C2 berhenti
besar
ubi.kayu
ini
kemudian
order
DEF
grope.for
PLURAL
COMPL
apa
engkau.sekalian
mulut
belatik
pada.mulanya,.mula.mula
=
MO.ACY willing
ISA.AV memburu.dengan.anjing
=
ATTR.ST makanan
DEF
itu
juga
gigit,.menggigit ISA.UV
DEF
bring
DEF
DEF
ikan
boleh
EMPHATIC
DEF
juga
kemudian
walk
lautan
=
DEF
penawar.racun
=
evaluative.exclamation.
PST.UV beli
MO.ACY makan
air.mata
tentang
=
=
know
mulut
=
engkau;.awak;.saudara;.anda
engkau;.awak;.saudara;.anda
bawa;.membawa ISA.UV
rumah
kemudian
beat
ini
MO.ACY makan
MO.ACY lakukan
kalau
awak;.engkau;.saudara;.anda
saya
DEF
orang
isteri;.suami;.bini;.laki
whatever
CONT bercakap;.mengata;.cakap
perahu
ISA.AV give
kemudian
kami
MEREKA
lima
DEF
DEF
ISA.AV wave.good.bye
PST.UV selesai
Pisina
3SG.NOM
cicak
orang
orang
dengan;.sama
lakukan
PST.UV makan
juga
juga
kelmarin;.semalam
Domon
=KAMI
ISA.AV ikut;.mengikut;.berjalan.bersama.sama
ATTR.ST much
DEF
ubi.kayu
barang,.benda
DIR kepada
ATTR.ST lama
saya;.aku
=
masak
kekasih,.belahan.jiwa
di.mana
PST.ACY tanya
sisanya
kami
zaman.dahulu
enough
seperti
orang
engkau;.awak;.saudara;.anda
ISA.AV percobaan
EMPHATIC
itulah
ISA.AV ajar
Michael
enam
DEF
3SG.NOM
reply
sebelum,.dahulu
=
dan
DEF
other
DEF
DEF
dua LINKER sepuluh sembilan
kopi
tiba.tiba
ibu;.induk;.emak
kami
DEF
pendik
MEREKA
PLURAL
HAB temu
kalau
ITER LIHAT;.TENGOK lihat;.tengok
condition
=
bertunas
direct
pakcik;.bapa.saudara
on.the.contrary
now
tidak
air
ALL
lantai
PST.ACL ISA.AV squeeze
Ombok
DEF
sebelum,.dahulu
=
Ponuh
=
ISA.AV pergi.ke
=SAYA;.AKU
isteri;.suami;.bini;.laki
=
Beleha
perut
ISA.AV pergi.ke
saya;.aku
Banggi
HAVING.Xed menyumpit
DEF
bercakap;.mengata;.cakap
ingin
MO.ACY descend
PST.AV ISA.AV cari
lain
give ISA.MRK.UV
tidak
di.dalam
saya;.aku
awak;.engkau;.saudara;.anda
hutan
kepala
DEF
ACY.C2 DISTR.ASP cemburu.(orang)
trial
oleh.itu
ibu;.induk;.emak
BIDAK;.BUKAN= ada
ATTR.ST ketakutan
Banggi
type.of.animal
oh
PST.AV ISA.AV get
DEF
reply
ATTR.ST bagus;.baik
DEF
Allah
PST.ACY ACY.C2 merah
DEF
yet
kepada
kami
PLURAL
woman
dahulu
=
ATTR.ST buruk
bahasa
DEF
ZAMAN.DAHULU
saya;.aku
oleh
datang
dari
MO.ACY bergaduh
call
tujuh
MO.ACY exit
kemudian
ALONE
ATTR.ST ketakutan
kami
bercakap;.mengata;.cakap
tidak
=
in
pagi
kemudian
adat
tanaman
kemudian
PST.UV selesai
juga
=
jalan;.denai;.jalan.kecil
PST.ACL menolong
PLURAL
kepala
SE misal,.kali
adat
setelah
PST.ACY MO.ACY jawab
Ponuh
asal
juga
ini
PST.ACY ISA.AV ikut;.mengikut;.berjalan.bersama.sama
lagi
DEF
DEF
kelapa
lakukan
isteri;.suami;.bini;.laki
ABILITY dapat
=AWAK;.ENGKAU;.SAUDARA;.ANDA
asal
seperti
hutan
ini
ISA.AV sayur
gigi
2PL.POSS
berkata
rumah
ATTR.ST buruk
okay
kemudian
mengapa
NPST.ACH alah
DEF
sebelum,.dahulu
saya;.aku
ISA.AV pasti
di.dalam
tidak
order
kancing
DEF
tidak
orang
kita.berdua
pergi.ke ISA.UV
itu
pun,.bahkan
Domon
lain;.bukan
kita
=
DEF
Iding
PST.ACY MO.ACY makan.sirih
adat
one
MEREKA
kemudian
kalau
pukul
leluhur,.nenek.moyang
tree
PST.ACY MO.ACY singgah
ATTR.ST lama
ISA.AV give
burung,.unggas
lakukan
zaman.dahulu
agama
itu
juga
=
guna
keping
PLURAL
=
DEF
evaluative.exclamation.
tetapi
air
ISA.AV descend
NPST.ACH kena V.>.ADVRS
HAVING.XED setelah V.>.NMLZ
berkata
jam
now
kemudian
benar
Michael
ISA.AV memarut
dengan;.sama
budak,.anak
badan,.tubuh
Ponuh
tidak
HAVING.XED bahagi;.membahagi
tiba.tiba
jadi
anjing
saya
=
sarung
orang
itu
tangan
ATTR.ST makanan
=
DEF
barang,.benda
MENDEKATI
PLURAL
kemudian
ALONE
yet
burung,.unggas
sebelum,.dahulu
ekor
tiba.tiba
ibu;.induk;.emak
bung
rumah
DEF
orang
MO.ACY willing
ALONE
PST.ACH mati;.meninggal.dunia
COMPL
orang
juga
seperti
Banggi
menyumpit V.>.NMLZ
dan
mesti
PST.UV carry
kemudian
kesulitan,.kesusahan
zaman.dahulu
ISA.AV terbakar;.membakar
itulah
perahu.mesin
TOWARD kepada
Domon
salmon,.salam
kalau
=SAYA;.AKU
DEF
jangan
ISA.AV simpan;.menaruh;.meletakkan
engkau;.awak;.saudara;.anda
air
kemudian
DEF
bung
PLURAL
rumah
now
one
saya;.aku
ISA.AV pancing;.mata.kail
lelaki
ISA.AV ACY.C2 bawa;.membawa
MO.ACY descend
asal
nya
seperti,.serupa..sebagai;.seperti;.seolah.olah
lama
CONT bercakap;.mengata;.cakap
=
sarung
baru
=
ini
ikan
=
berkata
BIDAK;.BUKAN= saya;.aku
ISA.AV ikut;.mengikut;.berjalan.bersama.sama
evaluative.exclamation.
berkata
DEF
kayu
itu
penat
rumah
DEF
SE LINKER day
kami
PST.UV makan
pemotong
PST.ACL ACL penat
ISA.AV ikut;.mengikut;.berjalan.bersama.sama
zaman.dahulu
ibu;.induk;.emak
BIDAK;.BUKAN= ada
PST.UV bungkus
ATTR.ST ketakutan
hantu
ingin
CONT bercakap;.mengata;.cakap
kemudian
DEF
pukul
MEREKA
PST.ACY MO.ACY stay
tidak
jangan
DEF
=
meskipun
naga
tangan
puas
ibu.bapa
saya;.aku
jejak.kebun
ingin
=
burung,.unggas
ISA.AV mengatakan
pukul
=
get
sebelum,.dahulu
ranting
sana
DEF
kepala
tulang
Stomach.Woman
saya;.aku
isteri;.suami;.bini;.laki
ISA.AV wash.(clothes)
oh
pancing;.mata.kail
DEF
=
semasa;.sedang;.sambil
NPST.ACH kena
DEF
puas
berkata
CONT bercakap;.mengata;.cakap
keinginan
apa
kemudian
Beleha
saya;.aku
mari.pergi
fish
banyak
dan
PST.ACY MO.ACY makan
=
DEF
budak,.anak
kemudian
jadi
berkata
ISA.AV merumputi;.menyiangi
mulai
dari
reply
nya
kemudian
=
=
sarung
damar
isteri;.suami;.bini;.laki
aih
bung
budak,.anak
one
ISA.AV peduli
puas
rumah
DEF
=
gugup
menggendong
=
type.of.animal
MO.ACY makan.sirih
Pisina
Banggi
tidak
ATTR.ST ketakutan
orang
dan
kami
ABILITY dapat
DEF
berkata
=SAYA;.AKU
PST.AV ISA.AV pancing;.mata.kail
anu
NPST.ACH malu
pukul
baru.sahaja
=
ISA.AV peduli
DEF
Gunung.Kinabalu
=
DEF
bercakap;.mengata;.cakap
tidak
tujuh
ISA.AV membongkar.sauh;.mengangkat.sauh ISA.AV membongkar.sauh;.mengangkat.sauh
dan
saya
engkau;.awak;.saudara;.anda
DEF
MEREKA
surga
dan
penyu
oh
get
tidak
tidak
zaman.dahulu
2PL.POSS
MO.ACY lawan
bercakap;.mengata;.cakap
gumpal
banyak
tujuh
ISA.AV mengatakan
perahu
setengah
tangan
DEF
di.mana
kalau
ibu;.induk;.emak
juga
=
juga
suku
ISA.AV ikut;.mengikut;.berjalan.bersama.sama
pagi
itulah
pun,.bahkan
on.the.contrary
ISA.AV pergi.ke
kecambah
orang
ALONE
pokok,.pohon
AUX.UV ISA.UV
Lipa
HAVING.Xed descend
ATTR.ST besar
work
BELUM;.BELUM.LAGI;.
MO.ACY pergi.jalan
saya;.aku
kemudian
kamar.tidur
saudara
perahu
harap;.mengharapkan
MO.ACY willing
=
seperti,.serupa..sebagai;.seperti;.seolah.olah
NMLZR true NMLZR
seperti
tiba.tiba
=
woman
PST.ACL mencabut
DEF
DEF
ISA.AV isi
suku
DEF
DEF
lapan.puluh
PST.UV pengangkutan
PST.UV club
dan
type.of.tree
PST.ACH become
again
PST.ACY PET kubur
=
MO.ACY stay
boleh
Ponuh
EMPHATIC
=
sana
parang
3SG.SUBJ
tempurung
hidup
hanya
orang
MO.ACY makan
BIDAK;.BUKAN= ada
ISA.AV hancur
anu
sekarang
kotak.besi
DEF
berkata
ISA.AV sepupu
kalau
MO.ACY return
descend
mengatakan
jangan
isteri;.suami;.bini;.laki
ISA.AV ikut;.mengikut;.berjalan.bersama.sama
badan,.tubuh
uncertainly
Kusur
AUX.UV ISA.UV
CAUS.AV minum
=
DEF
terapung,.timbul
seperti
perahu.mesin
berdua
DEF
PST.UV give
on.the.contrary
jangan
DIR sini
LEBAH.BERACUN
boleh
dengan;.sama
PST.ACL ACL buruk
EXIST ada
ISA.AV menyumpit
ibu;.induk;.emak
=AWAK;.ENGKAU;.SAUDARA;.ANDA
pulau
lama.kelamaan
DEF
lama;.lampau
DEF
TOWARD kepada
type.of.tree
=
PST.UV dapat
di.atas
puas
DEF
itu
api
EXIST ada
perut
PST.ACY ACY.C2 menunggu
awak;.engkau;.saudara;.anda
sakit
enough
kurus
DEF
reply
forced
DEF
kampung;.benua
3SG.NOM
juga
get
anjing
engkau.sekalian
tiba.tiba
MO.ACY makan
=
in
get
itu
bapa;.ayah
=
manusia
AUX.UV ISA.UV
DEF
now
DEF
tapi
haji
EMPHATIC
kering
dahulu
engkau.sekalian
Timisup
mati;.meninggal.dunia
DEF
penjara
BIDAK;.BUKAN= engkau.sekalian
juga
tidak
kayu
binatang,.hiwan
mesti
gigi
Ombok
dan
ini
time.of.confinement
perahu
apa
kemudian
Kudat
EMPHATIC
DEF
=
DEF
juga
mengapa
DEF
ISA.AV obat
Allah
DEF
itu
ibu;.induk;.emak
kami
DEF
itulah
hujan
tidak
PST.ACY MO.ACY singgah
gigi
EXIST ada
DEF
jangan
juga
DEF
berkata
budak,.anak
dunia,.bumi
lelaki
plasenta
dahulu
dahulu
orang
=
Ponuh
MO.ACY lawan
dan
tidak
berkata
PST.UV give
kemudian
berdua
DEF
lain;.bukan
ISA.AV chase
setiap.hari
ALONE
senduk
reply
DEF
budak,.anak
air
zaman.dahulu
bercakap;.mengata;.cakap
tidak
DEF
IMP.ACY ACY.C2 bedak,.dandan
berkata
=
dan
ini
berkata
3SG.SUBJ
ISA.AV beli
mengiris
sungguh
PST.ACY ACY.C2 api
COMPL
PST.ACY MO.ACY return
isteri;.suami;.bini;.laki
iblis ISA.UV
DEF
PST.ACY ACY.C2 budak,.anak
monyet
DEF
DEF
NPST.ACH rasa V.>.ADVRS
PST.AV ISA.AV wash.(clothes)
tiba.tiba
MULT.NUM satu
zaman.dahulu
titik.berat;.sepanjang
naga
ISA.AV tampil;.ditampilkan.ke.depan
ISA.AV look.for
kampung;.benua
betul
yet
MO.ACY makan
EXIST ada
BIDAK;.BUKAN= engkau.sekalian
ISA.AV putus
ISA.AV simpan;.bersembunyi
AUX.UV ISA.UV
=
CAUS.AV ISA.AV mengerang
aih
budak,.anak
dan
mengatakan
sampai,.hingga
kemudian
batu.kepala
=
isteri;.suami;.bini;.laki
=
datuk,.kakek
ibu.bapa
body
lebih.baik;.tambahan.pula
ISA.AV membongkar.sauh;.mengangkat.sauh ISA.AV membongkar.sauh;.mengangkat.sauh
dan
DEF
mati;.meninggal.dunia
kalau
kalau
ibu;.induk;.emak
di.sini
PST.ACY datang
NMLZR lima NMLZR
PST.ACH gemuk V.>.ADVRS
binatang,.hiwan
DEF
datuk,.kakek
hal,.perihal
ibu.bapa
budak,.anak
kami
PST.AV ISA.AV isteri;.suami;.bini;.laki
DEF
binatang,.hiwan
di.sana
PLURAL
DEF
anu
ini
DEF
orang
=
BIDAK;.BUKAN= saya;.aku
Palak
juga
berkata
api
PST.AV ISA.AV get
satu
DEF
PST.ACY datang
sup;.sop
blade
bercakap;.mengata;.cakap
one
DEF
=SAYA;.AKU
type.of.wild.veggie
PST.UV membaiki
Menoon
now
MO.ACY tangis
MO.ACY willing
benar
ISA.AV koyak;.robek;.sobek
AUX.UV ISA.UV
=
juga
Nayar
duit;.wang
DEF
DEF
PST.AV ISA.AV simpan;.menaruh;.meletakkan
kampung;.benua
oh
berkurang
budak,.anak
ISA.AV tahan
DEF
get
PST.ACY MO.ACY rise
dan
berkata
EXIST ada
lain
again
penyu
mengatakan
MO.ACY bersih.ladang
=
mengatakan
=
lakukan
3SG.NOM
=SAYA;.AKU
dan
ISA.AV terbakar;.membakar
juga
=
3SG.NOM
DEF
beliau
saya;.aku
ISA.AV bundle
daun.sirih
juga
pintu
DIR kepada
lelaki
PST.ACL simpan;.bersembunyi
PST.ACY MO.ACY return
saya;.aku
monyet
DEF
hari
kalau
syarif
berani;.sanggup
kemudian
parang
juga
=SAYA;.AKU
DEF
bercakap;.mengata;.cakap
pelanduk
ibu;.induk;.emak
jadi
tidak
ipar
rumput
berkata
kunyit
mengapa
langit
PST.ACH terbakar;.membakar
DEF
=
ISA.AV legal.proceeding
=
air
air.pasang
kapal.yang.ada.pukat
meskipun
kami
isi V.>.ADVRS
kemudian
kemudian
itu
sampai,.hingga
DEF
PST.AV ISA.AV get
woman
orang
Female.Rice.Demon
PST.ACY pergi.jalan
=
lagi
orang
fish
Ombok
lima
order
anjing
CONT bercakap;.mengata;.cakap
DEF
cincin
belayar
dengan
suling;.bangsi;.seruling
yet
DEF
dari
DEF
DEF
berkata
on.the.contrary
orang
orang
ATTR.ST makanan
DEF
ibu.mentua;.mertua;.bapa.mentua;.mertua
DEF
air
Banggi
PST.ACY MO.ACY jawab
di.dalam
tidak
evaluative.exclamation.
where
gigit,.menggigit ISA.UV
bercakap;.mengata;.cakap
kampung;.benua
piring;.pinggan
EXIST ada
zaman.dahulu
ISA.AV garuk
yet
EXIST ada
berkata
gigi
kami
itulah
IMP.ACY ACY.C2 api
DEF
ISA.AV minum
PST.ACH empangan V.>.ADVRS
=
anu
itu
ingin
ISA.AV pancing;.mata.kail
=
orang
juga
juga
=SAYA;.AKU
juga
where
DEF
di.sini
kalau
orang
=
tidak
engkau;.awak;.saudara;.anda
ikut;.mengikut;.berjalan.bersama.sama ISA.UV
evaluative.exclamation.
Umpil
kamar.tidur
ABILITY dapat
DEF
AUX.UV ISA.UV
adversary
jalan;.denai;.jalan.kecil
DEF
kami
condition
ISA.AV menyumpit
juga
PLURAL
apa
ALONE
okay
PST.ACY MO.ACY climb.hill
DEF
saya
PST.UV tambal,.tampal
EMPHATIC
lelaki
tuba
PST.AV ISA.AV give
mata
kemudian
ini
MO.ACY tangis
3SG.NOM
DEF
PST.ACY DESIDERATIVE makan
=
ABILITY hear
hidup
sultan
ISA.AV menyumpit
ayam
ibu;.induk;.emak
CONT bercakap;.mengata;.cakap
Kudat
saya;.aku
BIDAK;.BUKAN= kami
kelmarin;.semalam
kemudian
berkata
=
parang
Sabor
air
pukul
DEF
=
PST.AV ISA.AV clean.field.after.burning
siapa
tuba
type.bamboo
dan
PST.UV CAUS.AV makan.sirih
orang
PST.ACY MO.ACY return
mengatakan
DEF
BALAI.RAYA,.BALAI.KOTA
ISA.AV touch.to.get.attention
tidak
terapung,.timbul
hiwan.khayal
=
hari
MO.ACY look.after
juga
oh
lama;.lampau
orang
MO.ACY stay
jangan
bapa;.ayah
air
Michael
isteri;.suami;.bini;.laki
=
setiap.hari
monyet
DEF
=SAYA;.AKU
itu
oh
DI.ATAS
perahu
ATTR.ST much
EXIST ada
BIDAK;.BUKAN= ada
jejaka,.perjaka
DEF
pernah
orang
EXIST ada
payau,.rusa
engkau;.awak;.saudara;.anda
datuk,.kakek
babi
saya;.aku
ISA.AV tetak
DEF
kambing
seperti
kecapi.mulut
PST.ACH terbalik
PST.AV ISA.AV small.root.hairs
NPST.CAUS.AV CAUS.AV descend
rumah
ALONE
sarung
DEF
itu
itu
=
PST.ACY MO.ACY return
orang
=
selesai
TOWARD kepada
PST.ACH terbakar;.membakar
saya
lain
tidak
berkata
ular
ALONE
juga
kubung
juga
=
=
tidak
juga
nanti
BIDAK;.BUKAN= ada
=
laut
DEF
kemudian
PST.AV ISA.AV cut
reply
saya;.aku
ISA.AV percobaan
PST.ACY datang
woman
mana.mana
PST.AV ISA.AV simpan;.bersembunyi
saudara
PST.UV cover
kepada
juga
bercakap;.mengata;.cakap
NPST.ACH pecah V.>.ADVRS
PST.AV ISA.AV light.fire
ISA.AV follow
=
berkata
DEF
rumah
zaman.dahulu
PST.ACH mati;.meninggal.dunia
dahulu;.tadi
saying
ISA.AV langgar
=
bapa;.ayah
asal
bapa;.ayah
seperti
CONT bercakap;.mengata;.cakap
DEF
PLURAL
saya;.aku
empat
kalau
sangkap;.serampang
cangkul
setelah
orang
ACY.C2 lakukan
reply
ingin,.ambisi
condition
orang
BIDAK;.BUKAN= ada
kalau
ISA.AV jemur;.menjemur
CONT bercakap;.mengata;.cakap
saya
saudara
PST.UV CAUS.AV fall.inside.of.smthg
itu
HAVING.XED lihat;.tengok
DEF
apa
tembakan
AUX.UV ISA.UV
kelapa
=
adu
PST.ACY gendang
ALONE
oleh
sana
senapang
tidak
=
DEF
budak,.anak
fish
gadis
orang.Cina
MO.ACY lakukan
tidak
monyet
lama.kelamaan
ISA.AV mandi
pura.pura
MO.ACY jump.over
sama,.serupa
DEF
juga
ibu;.induk;.emak
PLURAL
kayu
teh
NPST.ACH become
juga
air
ISA.AV doa
PST.ACY buat
reply
sini
PLURAL
dan
DEF
PST.ACY datang
bung
DEF
MO.ACY enter
tidak
ISA.AV belanja
parang
Bukit.Sinambung
berkata
DEF
kemudian
malam;.pada.waktu.malam
surga
budak,.anak
orang
tidak
DEF
yet
DEF
kayu
ABILITY tahan
doa
Layut
DEF
MO.ACY return
=
3SG.NOM
banyak
DEF
kelmarin;.semalam
=
Domon
ini
PST.UV cium
berkata
berkata
kematian
PST.AV ISA.AV hidup
engkau;.awak;.saudara;.anda
orang
juga
BIDAK;.BUKAN= kami
=SAYA
ISA.AV ikut;.mengikut;.berjalan.bersama.sama
kemudian
berian
DEF
ATTR.ST kurus
DEF
bercakap;.mengata;.cakap
ALONE
PST.ACY ACY.C2 simpan;.bersembunyi
PST.AV ISA.AV pergi.ke
COMPL
MO.ACY tangis
kalau
ibu.bapa
Bukit.Sinambung
PST.ACH fall V.>.ADVRS
PST.AV ISA.AV get
DEF
mati;.meninggal.dunia
3SG.NOM
DEF
CONT bercakap;.mengata;.cakap
kemudian
zaman.dahulu
mati;.meninggal.dunia
demon.possessed
=KAMI
saya
AUX.UV ISA.UV
sembilan
pun,.bahkan
=AWAK;.ENGKAU;.SAUDARA;.ANDA
PET give
approximate.length
sepuluh
=
pucuk
PST.AV ISA.AV pick
kematian
zaman.dahulu
=
PST.UV buang
PST.ACY pergi.jalan
saya;.aku
seperti,.serupa..sebagai;.seperti;.seolah.olah
yet
MO.ACY belayar
DEF
juga
berkata
ISA.AV wash.(clothes)
ISA.AV melifat
penat
surga
DEF
pisau
bapa;.ayah
DEF
terbalik
=KAMI
tidak
perahu
kelmarin;.semalam
dan
AUX.UV ISA.UV
itu
=
jadi
isteri;.suami;.bini;.laki
orang
ACY.C2 rela
DEF
dan
=
order
perahu
tanaman
orang
DEF
juga
oh
zaman.dahulu
obat.penawar
saudara
DEF
tamu
pergelangan.tangan
bercakap;.mengata;.cakap
PST.ACY ACY.C2 simpan;.bersembunyi
burung,.unggas
bapa;.ayah
ISA.AV SE rumah N.>.NMLZ
DEF
=
terbalik
datuk,.kakek
rumah
kecapi.mulut
dari.sana
kalau
know.how
kecambah
ATTR.ST lama
DEF
DEF
DEF
ISA.AV ikut;.mengikut;.berjalan.bersama.sama
DEF
pagi
ikut;.mengikut;.berjalan.bersama.sama
saya;.aku
MENDEKATI
gather.from.beach
payau,.rusa
DEF
saya;.aku
oh.begitu
DEF
MO.ACY return
=
itu
racun
COMPL
=
BIDAK;.BUKAN= ada
3SG.NOM
PST.ACY MO.ACY return
Domon
lama;.lampau
where
di.sana
tidak
PST.AV ISA.AV panggil
DEF
datuk,.kakek
api
PLURAL
juga
=SAYA;.AKU
pisang
lutut
Menoon
ISA.AV kebun
=
=
DEF
INSTRV bundle
pernah
MO.ACY makan
PST.UV get
parts
pisang
DEF
saudara
ISA.AV hisap
where
=SAYA;.AKU
banyak
mengapa
kubung
itu
DEF
air.pasang
hari
dan
EMPHATIC
DEF
MO.ACY pergi.jalan
tetapi
kemudian
kaki
DEF
berkata
juga
di.sana
ISA.AV mandi
=
kulit
ISA.AV memanjat
MO.ACY belayar
saya;.aku
DEF
PST.AV ISA.AV curi;.mencuri
ISA.AV kulit.kayu
rasa
benar
yet
VBLZR gaji;.upah
engkau;.awak;.saudara;.anda
kemudian
DEF
DEF
oh
amat
DIR kepada
N.>.CHAR.NMLZ ikan.duyung
=
=SAYA;.AKU
parts
kayu.bakar
get
datang
=SAYA;.AKU
asal
dan
babi
isteri;.suami;.bini;.laki
DEF
lain
DIR kepada
monyet
bapa;.ayah
samping,.di.samping
PROG bercakap;.mengata;.cakap
berkata
boleh
ATTR.ST buruk
ISA.AV doa
2PL.POSS
ATTR.ST jauh
bubu
ABILITY dapat
DEF
PST.ACY ISA.AV ikut;.mengikut;.berjalan.bersama.sama
gugup
isteri;.suami;.bini;.laki
DEF
PST.ACH terbalik
rumah
kawan;.sahabat
lagi
PLURAL
pelanduk
jari
Singapura
ISA.AV kebun
FOCUS
juga
di.mana
know
diminutive;.doubt
tidak
=
one
juga
DEF
MO.ACY enter
CERITA.DONGENG
kayu
3SG.NOM
DEF
obat.penawar
DEF
DEF
rumah
ingin,.ambisi
ikut;.mengikut;.berjalan.bersama.sama
ipar
reply
kepala
sumpah
COMPL
engkau;.awak;.saudara;.anda
berkata
teh
kemudian
nya
juga
ISA.AV paksa
woman
ISA.AV memarut
boleh
DATE
lama;.lampau
nya
ISA.AV ikut;.mengikut;.berjalan.bersama.sama
petang.(lewat)
DEF
order
=KAMI
mari.pergi
sejenis.penyengat
=
Menoon
PST.AV IMP.AV buah.dada
binatang,.hiwan
bung
kekasih,.belahan.jiwa
asal
setelah
=
atau
=
tangki
habitually
sumur
=KAMI
ALONE
DEF
lain;.bukan
DIR kepada
jadi
PST.ACY ISA.AV ikut;.mengikut;.berjalan.bersama.sama
DEF
ISA.AV putus
1ARG.ST tidur
HAVING.XED lihat;.tengok
BALAI.RAYA,.BALAI.KOTA
BIDAK;.BUKAN= saya;.aku
PST.ACH mati;.meninggal.dunia
ini
asal
MULT.NUM tiga
PST.ACY datang
monyet
MO.ACY belayar
setiap.hari
kunau
kampung;.benua
tree
PLURAL
kekasih,.belahan.jiwa
kena
HAVING.Xed datang
bau
COMPL
kelmarin;.semalam
ini
tujuh
DEF
duit;.wang
=
little.curse
EXIST ada
PST.UV telan
DEF
ISA.AV talak
Gigiu
PST.ACH puas
PST.ACY datang
=
orang
Domon
bertunas
isteri;.suami;.bini;.laki
yet
jadi
LINKER tahun
MO.ACY tangis
kalau
EXIST ada
saya;.aku
apa.apa
whatever
perahu
lain;.bukan
payau,.rusa
3SG.NOM
pukul
setelah
mati;.meninggal.dunia
DEF
DEF
=
=
rumah
saya;.aku
PST.UV hancur
ATTR.ST sukar
datang
dengan
ibu;.induk;.emak
DEF
PST.ACY datang
sana
kemudian
DEF
payau,.rusa
DEF
terkejut
tanya
ISA.AV berkunjung
rumah
sana
jadi
get
di.sana
=
saudara
beras
BIDAK;.BUKAN= saya;.aku
DEF
oleh
=
tidak
kemudian
sungguh
MO.ACY pergi.jalan
suku
sana
bercakap;.mengata;.cakap
tidak
DEF
tidak
Liad
dan
terus
isteri;.suami;.bini;.laki
NPST.ACH malu
tidak
ibu.mentua;.mertua;.bapa.mentua;.mertua
lain;.bukan
EMPHATIC
belatik
mati;.meninggal.dunia
kaki
AUX.UV ISA.UV
type.tree
ini
ALL
finished
in
COMPL
DEF
CONT bercakap;.mengata;.cakap
berkata
pedang
whatever
Beleha
engkau.sekalian,.kalian
mari.pergi
DEF
CONT bercakap;.mengata;.cakap
PLURAL
Gigiu
=
PST.UV fall.out
seperti
bung
DEF
isteri;.suami;.bini;.laki
masih
DEF
ISA.AV pancing;.mata.kail
DEF
sebesar
=
isteri;.suami;.bini;.laki
DEF
payau,.rusa
seperti
sakit
orang
DEF
juga
ALONE
bahtera
itulah
kemudian
nanti
DEF
PST.AV ISA.AV larang
itu
=
hari
lalu
orang
DEF
jangan
engkau;.awak;.saudara;.anda
DEF
tidak
lutut
peti.mati
MO.ACY exit
suling;.bangsi;.seruling
=
sana
DEF
ubi.kayu
PST.ACH happen
PST.UV tandang;.menyepak
tidak
PLURAL
DEF
3SG.NOM
esok,.besok
Putul
DEF
DIR kepada
rumah
DEF
juga
lama.kelamaan
=
tembakan
orang
CONT bercakap;.mengata;.cakap
ini
peduli
PST.AV IMP.AV di.bawah
BIDAK;.BUKAN= ada
anu
kadang.kadang
Ombok
=
ACY.C2 order
naga
COMPL
BIDAK;.BUKAN= ada
Banggi
MEREKA
in
ini
Umpil
tidak
Menoon
AUX.UV ISA.UV
ISA.AV pergi.ke
kalau
tidak
DEF
pisang
tidak
PST.ACY pergi.jalan
berkata
DIR kepada
PST.ACH fall.inside.of.smthg V.>.ADVRS
ikan
ini
PET give
dari
perpisahan
ISA.AV menggumpul
DEF
di.sana
HAVING.Xed datang
tree
DEF
DEF
DEF
kemudian
juga
DEF
know
CONT memintal
own
now
engkau;.awak;.saudara;.anda
DEF
ISA.AV mengerang
ACY.C2 ikut;.mengikut;.berjalan.bersama.sama
Reyda
isteri;.suami;.bini;.laki
orang
lutut
tidak
DEF
dan
ini
pakcik;.bapa.saudara
berkata
engkau;.awak;.saudara;.anda
hutan
DEF
fish
kalau
kemudian
DEF
Banggi
young
PST.AV ISA.AV angkasa
=
know
boleh
DEF
DEF
MO.ACY get.up
=
yet
kalau
ISA.AV curi;.mencuri
ACY.C2 berhenti
dan
sumbang
ALONE
kemudian
Ponuh
bapa;.ayah
rumah
meskipun
monyet
sebelum,.dahulu
PST.AV ISA.AV chase
lain;.bukan
betul
PLURAL
saya
okay
PST.ACH mati;.meninggal.dunia
ular
kita.berdua
anjing
in
juga
saya
PST.ACY MO.ACY descend
reply
condition
masak
sekarang
ISA.AV cuba
MO.ACY makan
Munsang
jadi
ACY.C2 mulut
air
apa
kulit
tujuh
berkata
sini
PST.ACY datang
PLURAL
PST.AV ISA.AV membongkar.sauh;.mengangkat.sauh
kami
tidak
saya;.aku
sini
DEF
DEF
bahasa
DEF
MO.ACY pergi.jalan
engkau.sekalian
mulut
berian
=
3SG.NOM
where
PST.ACY pergi.jalan
perempuan
saudara
berkata
bagus;.baik
kelmarin;.semalam
adat
monyet
di.mana
bulat.bulat
seperti
asal
ISA.AV kurik;.menggali
adat
dan
rumah
kampung;.benua
isteri;.suami;.bini;.laki
DEF
ISA.AV admit
zaman.dahulu
=
NPST.ACH uncovered V.>.ADVRS
orang
DEF
=
jadi
rumah
=
kemudian
tembakau
anything
seperti,.serupa..sebagai;.seperti;.seolah.olah
ini
DEF
mati;.meninggal.dunia
berkata
two.hundred
woman
NPST.ACH lapar V.>.ADVRS
ATTR.ST besar
DEF
sangat;.berlebihan;.sangat,.berlebihan
kelmarin;.semalam
asal
hantu.bangkit
jadi
ISA.AV sadar
PST.ACL lost
baru
BIDAK;.BUKAN= saya;.aku
sebelum,.dahulu
yet
baju;.kemeja
DIR kepada
ALONE
di.mana
COMPL
penyu
order
pelanduk
know
pergi.ke ISA.UV
ingin
lagi
DEF
=SAYA;.AKU
dua
kepala
PST.UV makan
berkata
Charcoal.Woman
DEF
zaman.dahulu
type.of.tree
kencing;.buang.air.kecil
sembilan
bung
PST.ACY ACY.C2 isteri;.suami;.bini;.laki
tiga
DEF
karung
benar
ISA.AV look.for
kampung;.benua
boleh
jangan
berkata
kemudian
kami
Banggi
PST.ACY ACY.C2 menunggu
hujan
sangat;.berlebihan;.sangat,.berlebihan
itu
DEF
sisik
ISA.AV menyumpit
DEF
ISA.AV menyumpit
dengan
ATTR.ST besar
MO.ACY lakukan
DEF
CONT sama,.serupa
FOCUS
tidak
ACY.C2 tohor
tidak
tidak
=
ISA.AV menanam
PST.ACY ACY.C2 ketakutan
ALONE
pada.mulanya,.mula.mula
MO.ACY lakukan
PLURAL
menantu.perempuan;.menantu.laki.laki
engkau;.awak;.saudara;.anda
senang
engkau;.awak;.saudara;.anda
yet
DEF
lama
PST.ACY ACY.C2 simpan;.bersembunyi
=
EMPHATIC
tulang
jangan
MO.ACY emerge
jangan
zaman.dahulu
ISA.AV cuba
tiga
BELUM;.BELUM.LAGI;.
telur
3SG.NOM
BIDAK;.BUKAN= ada
TOO.BAD
budak,.anak
MO.ACY willing
MO.ACY return
ISA.AV buang
ibu;.induk;.emak
DEF
payau,.rusa
DEF
ISA.AV ikut;.mengikut;.berjalan.bersama.sama
kemudian
ISA.AV selari
berkata
Londing
MEREKA
naga
itulah
DEF
HAVING.XED lihat;.tengok
COMPL
DEF
ujung,.pinggir
tapi
tidak
rumah
ipar
dan
BIMBANG
ISA.AV obat
DEF
Banggi
HAVING.XED bahagi;.membahagi
tiap
berkata
berkata
lain;.bukan
aturan
ISA.AV ikut;.mengikut;.berjalan.bersama.sama
EMPHATIC
TOWARD sana
setelah
asal
rumah
ISA.AV descend
anu
DEF
kemudian
saya;.aku
=
umur
=KAMI
PST.UV tinggal
itulah
DEF
mengatakan
ini
Lima
panas
reason
beras
kemudian
berkata
ISA.AV cepat,.gerak.cepat
MULT.NUM satu
sebelum,.dahulu
dan
Menoon
DEF
banyak
DEF
dahulu
=SAYA;.AKU
alang.alang
dan
jembatan
PST.ACY datang
DEF
ISA.AV tudung;.penutup
DEF
Michael
call
dari
=
ISA.AV mengatakan
dahulu
juga
budak,.anak
berkata
awak;.engkau;.saudara;.anda
ini
DEF
itu
tidak
ISA.AV obat
Kusang
MO.ACY makan.sirih
ISA.AV draw.water
saudara
batang
DEF
DEF
kalau
punggung
babi
DEF
DEF
PST.AV ISA.AV tuba
kayu
di.dalam
on.the.contrary
juga
one
tidak
PST.ACY MO.ACY makan
ATTR.ST makanan
Domon
ubi.kayu
reply
DI.DALAM
HIMSELF
=SAYA;.AKU
itu
itu
=AWAK;.ENGKAU;.SAUDARA;.ANDA
pukul
DEF
tebu
lelaki
PLURAL
DEF
MO.ACY willing
DIR ikan
makan
Jaruk
ISA.AV ajar
kita
itu
DIR kepada
itu
Beleha
saya;.aku
pakcik;.bapa.saudara
juga
mengatakan
sulit,.sukar
DEF
sekolah
PST.ACY MO.ACY return
MO.ACY return
sini
DEF
kekasih,.belahan.jiwa
where
DEF
di.sana
rumah
ATTR.ST kering
dapur
kampung;.benua
=
ISA.AV mandi
dari.sana
3SG.NOM
mati;.meninggal.dunia
ISA.AV ball.of.food
orang
budak,.anak
ATTR.ST ketakutan
nya
Kudat
itu
ISA.AV memanaskan
DEF
lama;.lampau
bapa;.ayah
berkata
seperti
TOWARD kepada
nanti
isteri;.suami;.bini;.laki
DEF
DEF
MYSELF
DEF
jadi
AUX.UV ISA.UV
bukan
ABILITY kill
DEF
itu
MO.ACY makan
=SAYA;.AKU
=
kemudian
dari
hari
Beleha
Limbuak
=
DEF
DEF
BIDAK;.BUKAN= ada
awak;.engkau;.saudara;.anda
juga
get
juga
evaluative.exclamation.
kemudian
berani
PST.UV kunyit
ISA.AV isi
tubuh
PST.ACY MO.ACY leave
reply
ISA.AV ikut;.mengikut;.berjalan.bersama.sama
MO.ACY willing
Ubian
ISA.AV wash.(clothes)
=SAYA;.AKU
hari
saya;.aku
now
dua LINKER sepuluh enam
seperti
kesalahan
kami
kemudian
COMPL
DEF
air.pasang
trial
reply
berkata
pisang
juga
air
one
HAVING.Xed terjun;.meloncati.ke.bawah
kampung;.benua
tidak
jalan;.denai;.jalan.kecil
PST.ACH happen
ATTR.ST besar
ISA.AV follow;.take.passage.on
isteri;.suami;.bini;.laki
seperti
=KAMI
PST.ACH mati;.meninggal.dunia
ATTR.ST makanan
air
ISA.AV hidup
Domon
BIDAK;.BUKAN= ada
jiwa
sikit.lagi;.hampir
BIDAK;.BUKAN= ada
tidak
DIR kepada
dibebaskan V.>.NMLZ
sungguh
PST.ACY ACY.C2 ketakutan
sebelum,.dahulu
kampung;.benua
hendak
DEF
umbi
ISA.AV jemur;.menjemur
yet
dan
evaluative.exclamation.
DEF
ATTR.ST limau,.jeruk.limun
=KAMI
orang.Cina
nya
DI.KUMUDIAN
juga
MO.ACY willing
ipar
saya;.aku
wewangian
tidak
ATTR.ST ketakutan
rumah
ini
DEF
garam
apa
oleh
budak,.anak
tidak
orang
PST.ACH extinguish
HAVING.XED lihat;.tengok
Domon
Islam
belatik
DATE
whatever
BIDAK;.BUKAN= ada
saya
juga
datuk,.kakek
DEF
setelah
seperti
ISA.AV fall.out
DEF
nya
DEF
DEF
DEF
esok,.besok
sulit,.sukar
ISA.AV chase
DEF
dan
DEF
zaman.dahulu
lelaki
ABILITY dapat
2SG.SUBJ.ACT
ibu;.induk;.emak
PLURAL
PST.ACL MO.ACY hujan
damak
bukit
MO.ACY makan
bercakap;.mengata;.cakap
reason
PST.ACY ACY.C2 isteri;.suami;.bini;.laki
ISA.AV hisap
api
rumah
PST.ACL ACL telentang
pour
anjing
terbakar;.membakar ISA.UV
itu
PST.ACY MO.ACY stay
juga
itu
lapan.puluh.tiga
mengatakan
ABILITY tahan
ATTR.ST tua
saudara
hidup
pernah
jaga;.menggembalakan
COMPL
PST.ACY datang
spirit.name
RECP temu
kalau
ubi.keladi
benar
pernah
huh
juga
sini
DEF
juga
isteri;.suami;.bini;.laki
wah
MO.ACY lakukan
isteri;.suami;.bini;.laki
kemudian
Banggi
ISA.AV ignite
BELUM;.BELUM.LAGI;.
DEF
get ISA.UV
Jaruk
Domon
EXIST ada
jambatan
CONT isteri;.suami;.bini;.laki
PST.AV ISA.AV minum
MO.ACY lakukan
MO.ACY pergi.jalan
evaluative.exclamation.
ISA.AV menyumpit
pokok.padi
PST.UV makan
jangan
kemudian
DEF
ACY.C2 berhenti
DEF
oh
TOWARD kepada
ALONE
Marianne
berkata
=
=
itulah
PST.AV ISA.AV pergi.ke
Beleha
DEF
itu
ATTR.ST jauh
know
dua
kalau
DEF
datang
again
awak;.engkau;.saudara;.anda
DEF
dahulu
dari
ABILITY dapat
ringgit
MO.ACY return
ibu;.induk;.emak
terlepas
adu
di.dalam
PST.ACY datang
DEF
ISA.AV percobaan
saya;.aku
DEF
NPST.ACH tinggal
DEF
sini
barang,.benda
cincin
DEF
budak,.anak
kemudian
MO.ACY tangis
3SG.NOM
EXIST ada
payau,.rusa
mati;.meninggal.dunia
ini
PST.ACY ACY.C2 bahasa
PST.AV ISA.AV kurik;.menggali
3SG.NOM
DEF
DEF
engkau;.awak;.saudara;.anda
dan
boleh
jaga;.tatang ISA.MRK.UV.IMP
ini
BIDAK;.BUKAN= saya;.aku
tidak
=AWAK;.ENGKAU;.SAUDARA;.ANDA
suling;.bangsi;.seruling
DEF
perlihatkanlah
=
ATTR.ST ketakutan
berkata
daun
amat
bapa;.ayah
=
uban
kemudian
DEF
seperti
pakcik;.bapa.saudara
kemudian
=
dan
very.easy
orang
budak,.anak
orang
oh
=
PST.ACH become
=
ketua.kampung,.kepala.desa
DEF
air
get
DEF
juga
ISA.AV pancing;.mata.kail
di.sini
Kudat
DEF
Munsang
saya
DEF
NPST.ACH tinggal
bercakap;.mengata;.cakap
=SAYA;.AKU
sungguh
orang
saudara
hantu
ubi.kayu
lalu
FOCUS
DEF
DI.DALAM
DEF
DEF
berkata
mata
ATTR.ST ketakutan
kami
rumah
ini
ibu.mentua;.mertua;.bapa.mentua;.mertua
dengan;.sama
MO.ACY lakukan
Domon
know
=
sepuluh
BIDAK;.BUKAN= saya;.aku
jadi
DEF
PST.UV dapat
isteri;.suami;.bini;.laki
ISA.AV ikut;.mengikut;.berjalan.bersama.sama
tidak
=
one
itu
juga
mata
kalau
ABILITY dapat
sebelum,.dahulu
lelaki
DEF
call.
fikir
mata
seperti
=
PST.ACY ISA.AV ikut;.mengikut;.berjalan.bersama.sama
ISA.AV isi
hantu.bangkit
engkau.sekalian,.kalian
awak;.engkau;.saudara;.anda
PST.ACY ISA.AV ikut;.mengikut;.berjalan.bersama.sama
sini
orang
rumah
lelaki
binatang,.hiwan
Ilin
DEF
DEF
lantai
Kota.Kinabalu
limau,.jeruk.limun
berkata
extinguish ISA.UV
=
berkata
lain;.bukan
DEF
surga
ISA.AV ajar
engkau;.awak;.saudara;.anda
mengapa
mengapa
datang
monyet
dan
kemudian
PST.ACY pergi.jalan
selamat
kemudian
DEF
PST.UV pukulan
tidak
Banggi
mata
ISA.AV mengatakan
tidak
kemudian
DI.DALAM
PST.ACY MO.ACY descend
empat sepuluh empat
jangan
saya;.aku
sini
dan
dapur
=
upaya
lain;.bukan
=AWAK;.ENGKAU;.SAUDARA;.ANDA
HAB penampilan,.tabiat
juga
Ponuh
DEF
dan
SE LINKER semalam
DEF
DEF
=
DEF
DEF
rotan.batu
ini
itu
on.the.contrary
rumah
type.of.vegetable
DEF
juga
ACY.SE meratap
dan
BIDAK;.BUKAN= ada
now
budak,.anak
Michael
kemudian
DEF
DEF
talam;.dulang
ISA.AV cabut
berkata
DEF
=
sama,.serupa
fikir
PST.UV kipas
ISA.AV tukar
CONT berhadapan
=
DEF
saya;.aku
itu
berkata
Uya
budak,.anak
kalau
DIR kotor
ABILITY dapat
ISA.AV hidup
disembuhkan
MO.ACY stay
return
senapang
woman
PST.ACL simpan;.bersembunyi
zaman.dahulu
tangan
sekolah
know
ISA.AV mengerang
DEF
lapar
orang
fish
pun,.bahkan
pukul
PST.ACY ISA.AV ikut;.mengikut;.berjalan.bersama.sama
DEF
orang
asal
ALONE
ISA.AV pergi.ke
itulah
tidak
=SAYA;.AKU
SE LINKER tahun
kalau itu
CONT membalas.dendam
burung,.unggas
=KAMI
3SG.NOM
PST.ACY MO.ACY return
saya;.aku
datang
isteri;.suami;.bini;.laki
Beleha
kalau
DEF
= anak.lelaki
TOWARD kepada
CONT bercakap;.mengata;.cakap
perut
=
=
pasti
=
oh
DEF
bapa;.ayah
ini
ISA.AV menanam
ABILITY dapat
ISA.AV look.for
juga
ISA.AV mandi
return
ulat.kelapa
itulah
tetangga;.jiran
dan
sungguh
awak;.engkau;.saudara;.anda
batu.kepala
ISA.AV buang
pelanduk
=AWAK;.ENGKAU;.SAUDARA;.ANDA
PLURAL
PLURAL
kemudian
reply
bapa;.ayah
berkata
ISA.AV mengatakan
evaluative.exclamation.
tidak
PST.ACY MO.ACY return
PST.ACY datang
apa
oleh
type.of.food
ISA.AV habis
saya;.aku
juga
DEF
DIR kepada
DEF
DIR kepada
=
DEF
lalu
=
PST.UV membaiki
DEF
kami
saya
ISA.AV menyumpit
PST.UV get
DEF
NPST.ACH become
DEF
type.of.tree
kemudian
berkata
CONT bercakap;.mengata;.cakap
seperti
=
=
HAVING.XED lihat;.tengok
tambah
PST.AV ISA.AV give
DIR kepada
LINKER tahun
empat sepuluh empat
ACY.C2 angkat
susu
PST.ACY ISA.AV ikut;.mengikut;.berjalan.bersama.sama
asal
ATTR.ST kasar
ini
bercakap;.mengata;.cakap
PST.ACL dahulu
Banggi
bercakap;.mengata;.cakap
Serapil
get ISA.UV
become
gigi
saya;.aku
Ombok
rumah
Allah
PST.AV ISA.AV sukat
ISA.AV minyak
nona
saya
Domon
LINKER gumpal
hanya
ALONE
manusia
rumah
DEF
ingin
ini
naga
itulah
tidak
juga
PST.UV batuk
bengkak
PST.ACY ISA.AV ikut;.mengikut;.berjalan.bersama.sama
lagi
Sukim
dunia,.bumi
mata
dari.mana
berkata
daun.sirih
ISA.AV menanam
DEF
daun
ubi.jalar,.ubi.rambat
ibu;.induk;.emak
ubi.kayu
belatik
=KAMI
lain;.bukan
DEF
=
DEF
DEF
seperti
juga
ABILITY dapat
kayu
Kudat
di.dalam
ATTR.ST much
batu.kepala
kawan
DEF
berkata
kalau
know
on.the.contrary
EMPHATIC
tangalung
saya;.aku
EMPHATIC
sungguh
saudara
Banggi
hantu.bangkit
kampung;.benua
ISA.AV peduli
tanya
PST.ACL ACL biru
berkata
tidak
=
dan
dan
budak,.anak
lama;.lampau
MO.ACY tangis
juga
PST.UV throw
reply
mata
PST.AV ISA.AV get
kemudian
sebelum,.dahulu
ISA.AV menanam
DEF
Domon
surga
PST.ACY ACY.C2 isteri;.suami;.bini;.laki
juga
berdua
hiwan.khayal
DEF
tidak
DEF
Michael
ACY.C2 duduk
kami
DIR kepada
ini
EMPHATIC
sungguh
=
ubi.kayu
kampung;.benua
minggu
hujan
adat
EMPHATIC
BELUM;.BELUM.LAGI;.
=
berkata
DEF
ATTR.ST lama
hendak
DEF
orang
DEF
surga
INSTRV increase
keep.dying
mati;.meninggal.dunia
DEF
apa
kami
tidak
from
DEF
DEF
=
juga
bapa;.ayah
itu
juga
FILIPINOS
where
PST.ACH happen
PST.UV give
PST.ACY ACY.C2 makan
enough
descend
ISA.AV sungkit
makan
COMPL
bapa;.ayah
2PL.POSS
asal
ini
=
oh
EXIST ada
DIR kepada
DEF
ekor
DEF
BALAI.RAYA,.BALAI.KOTA
MULT.NUM dua
hantu
lama
mata
ada
DEF
DEF
meet
ibu.mentua;.mertua;.bapa.mentua;.mertua
kemudian
bandar,.kota
PST.ACH befall
BIDAK;.BUKAN= saya;.aku
PST.UV lower
3SG.NOM
masih
di.mana
IMP.ACY ACY.C2 telanjang
=
badan,.tubuh
jagung
ISA.AV cuba
di.mana
COMPL
MO.ACY lakukan
whenever
DEF
DEF
banyak
ingin
babi
PST.UV buang
berkata
legenda
reason
DEF
DEF
ATTR.ST lama
ISA.AV hantar;.menghantar
kelmarin;.semalam
reply
berkata
kalau
EMPHATIC
ikan
DEF
ALL
Kusur
know
boleh
ISA.AV putus
adat
surga
MO.ACY makan
DEF
TOO.BAD
hanya
naik
itu
DEF
MO.ACY descend
pesan
kalau
DEF
AUX.UV ISA.UV
juga
DEF
enough
dapur
PST.ACY datang
awak;.engkau;.saudara;.anda
kemudian
setengah
tiga
NPST.ACH kena
PST.AV ISA.AV memanjat
berkata
Lima
enam
get
anjing
DEF
ISA.AV bakar
sulit,.sukar
orang.Cina
Ombok
kemudian
orang
orang
=
api
penampilan,.tabiat
duit;.wang
ISA.AV look.for
saya;.aku
makanan
dia
kemudian
turun.temurun
PST.UV membaiki
lima
sini
ujung.damak
=
from
condition
DEF
saudara
DEF
buah.pinang
DEF
work
kita
binatang,.hiwan
ISA.AV beli
engkau;.awak;.saudara;.anda
kelmarin;.semalam
MULT.NUM satu
ISA.AV bakar
adat
ISA.AV kawan
lima
tujuh
Domon
saya
NMLZR empat NMLZR
isteri;.suami;.bini;.laki
ISA.AV damak
Kudat
saya;.aku
DEF
tidak
lubang
Reyda
itu
engkau;.awak;.saudara;.anda
saya;.aku
ISA.AV isi
itulah
ini
jadi
DEF
tanya V.>.NMLZ
ibu;.induk;.emak
bayar ISA.UV
BULAN.JANUARI
2PL.POSS
MO.ACY singgah
now
ibu.mentua;.mertua;.bapa.mentua;.mertua
banyak
engkau;.awak;.saudara;.anda
Islam
EXIST ada
ISA.AV look.for
PST.AV ISA.AV pergi.ke
itu
=
DEF
jadi
berkata
burung,.unggas
ITER LIHAT;.TENGOK lihat;.tengok
DEF
kalau
depan
INSTRV asah
bergaul
itu
dari
DEF
so.that
sebelum,.dahulu
juga
mengatakan
TOWARD ketakutan
dahulu
adat
MO.ACY kawan;.sahabat
itu
ISA.AV hisap
DEF
nya
air
PST.ACY ACY.C2 makan
kemudian
MEREKA
PST.ACY datang
barang,.benda
menagih
=
sana.?
umbi
isteri;.suami;.bini;.laki
mengatakan
=
ACY.C2 rela
=
EXIST ada
juga
=
tidak
DEF
CONT bercakap;.mengata;.cakap
orang
juga
fish
ketua.kampung,.kepala.desa
dua
ATTR.ST ketakutan
DEF
bunga
DEF
MO.ACY makan
empat
type.of.animal
anu
=
tujuh
=
ATTR.ST masak
pisang
DEF
ISA.AV pull
surat
itu
dan
WALAUPUN
tidak
DEF
DEF
mati;.meninggal.dunia
woman
itulah