tege
balik lah
si
bebas
tangis
demikian
tekhus
kane
amin
me- khiyum
ni- bunuh ==ne
telu
me
ise -kah
kene
[...]-- benakh
[...]-- pige
waktu
te
bahwe
aman
mende
edi
men- dapat -ken
si
ampun
malet
gukhu
m- putekh
se- jumlah
anak
aku
hendak
mange
si
m- babe m- balik
te- tandok me- sile
amin
ke- khaja -en
aku
bene
amin
jati.dikhi
bulet
se- wakhi
sukukhen
nde
mem- babe
si
ni
nemu
kalak
ni- takhik balik
kalak
kobo
si
sang
made khoh
peng- ukhus -en
sang
ni- banding -ken
untuk
pul
lot
bujuk -en
si
khut
men- jadi -ken ==ne
sakti
buluh
jahat
edi
oleh
madhe
dukun
me- bahan
tebhu
ni hadep
iye
ulang
abhang
mungkin
sendikhi
toh
ate
akhi
ni
mem- opok
ni
pajak
bagi
pe
anak.laki
[...]- buah -en
deleng
soh
kabupaten
akhi
lebe
ni- senat -ken ==ne
bayi
untuk
sesikel
khang.tue ==ne
khaje
sebuah
khaje
nange
n- ekham tunjang
peng- uase
khut
kase
balik ==lah
kane
lah
hakhus
me- milik -i
khut
bue
lah
se.engo
habis
mem- utus -ken
laus
lot
ni- cabeng -ken ==ne
te
layakh
ni- cindekh -ken
malot
akhi
sahung
lahekh ==ne
ndape
m- bati ==ne
deleng
ate
oleh ==ne
amin lah
ke- ganteng -en
men- olong
kase
kemudian
madhe
ni
si
ni
pupuk
lebhe
te
anak
cangkul
sang
mem- bunuh
mem- ege
nggeluh
me
bangku
mudah
kedue
men- ekhpe
suatu
khut
soh
tading
untuk
me- hak
sang
bedih bende
ate
si
kalak
khaje
me- dalan
pakhah
me
gukhu
kayu
malet
bahwe
ni- dapet
si
aku
me- sekolah
namun
kao
kadang
meng- ato
te
titik jump
buah
edi
keji -ne
kikhe ==ne
te- tukokh -i
men- ading -ken
kisah
meleset
edi
ni- mulai
si
wakhi
sang
mem- ege -ken
suke-cite
jahat ==ne
pe- ng- atou -ken
se- kalak
anak
ni
pe- bahan ==e
oleh
si
natam
bekhe ==ne
edi
tule
ni
malot
ke- hadikh -en
me- baju
me- khase
enggo
ni
ende
tekhuh ==ne
geluh
kalak
me- masakhakat
penghulu.mude
umukh
bhatu
kalake
bekhu ==ne
mem- pekh- tahan -ken
ate ==ne
pakcik
bakhu
n- tukokh -ken
aku
tege
dape
bali
malet
te- tumpang kepaling
tepat
si
khitan -en
pepagi ==ne
mem- aham -i
hokhmat ==ne
meng- ato
abhang
ni
ni
mbue
niat
lahikh lah
ende
tapi
mame ==ne
pudi
lain ==ne
angote
khase ==ne
si
mame ==ne
kane
wayang
te- bekhas
malet
khaje
[...]-- pige
ni
tekhsebut
tekhyate
si
meng- utus
tekh- tengo
khaje
lot
goye
de
tule
ulang
anak
si
khimo
saat
iye
me- lalu
se- tekhus ==ne
kabukh
subukh
ulang
tanoh
khamah
meng- ato
tekhsebut
khaje
jagung
me- hasil
se- kelompok
madhe
meng- ate -ken
ng- kekhet
iye
tule
pige kali
ucap -en
akhi
te
wayang
si
ulang
kane
buluh
tekhus
lain
balik ==ne
si
khase -ken
edi
lain ==ne
ogek
te
ni
aku
bungki
waluh.belas
te
uwak ==ku
tekh- usik
sayukh
adinda
te
te
menimpe
khaje
si
paling
4-5
khut
baik
ng- idah
anak ==ne
pe
ng- gusuk -ken
bage
khut
tekh- jadi
tanoh
ngo
anak ==ne
balik
sebuah
me- mohon
enggi ==mu
lengkap -me
cut
tanpa
lawe
sulit
mame
edi -me
deleng
ni
me ngkekhan
khut
kecewe
sang
likal
ni- khagu -ken
meng- elem
si
memperjuang.ken
me- page
gembikhe ==ne
anak
n- judi
pulau.biang
pakhau
hadih
semange
ampun
khaje
men- indekh -ken
jakhum
khut
me- sekolah
positif
pudi
lawe
ni
kejam -me
mate
kali ==ne
ganteng
milik -i
pangukhe
si
ise pe
laki ==ne
se.mate
sitok
khut
belin
kalak
men- pekhintah -ken
sendikhi
ni- timai
mampu
suatu
kane
malot
bakhu
bingung
pe- khencane -en ==ne
hambe
te
niat
si
kenin
ni
nggo
nange
se- [...]-- sikel
pade
gule
iye
bage
sang
madhe
me- milik -i
cekhe
ni- khakut
men- jajah
bali
hubungen ==e
tekhus
tonge
silah.ken
selese
tapi
belin
si
bene
si
edi
pe
khaje
peng- uase
nakbekhu
mem- babe
hakhte
balok
selukhuh
cukup ==lah
si
bekhu ==ne
meng- ekhet
tapi
hakhap -en
de
kakho
si
pemain.sukhi ==ne
kalak
me
cut
iye
bekhangkat
bebekhe ==ne
sendikhi
malepetake
namun
ngkekhan
khut
musibah
si
bahwe
ende
peng- embale
edi
mame ==ne
ni- kakhene -ken
dukut ==ne
puhun
nggou
[...]-- macam
saat
pade
khaje
pakek
ninik
bhe
anak dhi
khe -ken
dabuh ==ne
tentang
amek
waktu
jukhang
balik
ke- khaja -en
khakyat
bagi
anak.laki
khombong -en
me- sokhat
ate
kabakh
amin lah
kane
si
me
natam
khombong -en
ende
hasil
ke- yaman -en
te- babe m- bhalik
==mu
kisat
bayak
aku
si
sebuah
kane
kane
akhi
kalaki
ate ==ne
natam
awak
edi
begedi
edi
me
miskin
amek ==ne
hakhap -en
mame
me natam
si
mbue -ne
mame ==ne
si
mame ==ne
ni- lindung -i
edi
mejile
bone
te- jekhang
me- bahan
bahwe
manusie
ni
khang.tue
edi
khut
dhahi -me
sendah ende
ni- bunuh
si
pitu
ni- kisah -ken
balik
m- bhabhe -ken m- bhalik
bue
atau
lebe
khut
kalaki
ni- dabuh -ken
khut ==ne
malet
nggo
antakhe
khaje
angote
tanoh
untuk
si
tihang
pidon ==ne
lahekh
te- takhik
ni- undang
bhe
anak
di
jaye
bage
khaje
atas
okhang.tue
mebelin
kanda
khiwayat
kakhet
akhi
si
tanoh
si
oleh
jeme
ni- kakhene -ken
jage lah
ninik.moyang
miskin
kute
pe- takhik -ken ==ne
mem- unuh
malet
panggang
kalak
te
balik lah
bekhe
[...]-- macam
oleh
nakhen
pe
bante
sakti
me- hak
khoh
nate ==ne
me- khiyut
bibit
se- kelompok
nggo
kawin
wahai
ge
me- soh -ken
ulang
wakhi
pakek
wakhi
lebih
khut
si
mate
hasil
ninik
bekhe ==ne
mejile
se- soh -ne
kae
iye
me- [...]-- sekhi
tukang
mampu
takhus
sipat
imbalan
natam
ng- alo
ikan
me- deleng
peng- uase
soh
mange
daerah
untuk
endhe
sendikhi
geluh
mekh- ayu
me
hambe
wali ==ne
akhikh ==ne
nange
wakhi
wahai
mem- babe
me- engah.engah
adalah
cekhite
ganas
kanda
mem- bunuh ==ne
namun
wakhi
bhe
si
nangkihe
amin
men- dapet -ken
edi
kidah
ni
lebe
impal ==mu
endak
kalaki
bongi
semakin
jaman.sendah
balik
lawe ==ne
due
me- belin
ke- gelisah -en
akhi
pe
belang.kejekhen
khaje
sebuah
iye
muncul
atau
iye
pitu
dukun
tetapi
malet
te
iye
ame
nange
pen- tekhus
sange
te- dhahi -ken ==ne
de
te
khut
nak
sekhik ==ne
impal
ni- ekhe etoh
bongi
selame
main
kane
pe- tande
se- bulan
langsung
lawe ==ne
ke- biasa -en
si
khaje
enggo
mejile
amin lah
pihak
malot
sang
ulah ==ne
ke- tading -en
malot
datas -en
si
sendikhi
bekhu ==ne
setekhusne
e
te
geluh ==ne
de
te- tandok me- sile
bagi
tanpa
te
hadi
tading
ke- tukhun -en
khang.tue ==ne
balik
sementakhe
edi
aku
khut
deleng
khaje
bali
ke- khoh -en
sesoh
ulang
me
ngkhan
tanoh
bekhite
soh ==lah
si
laus
lot
mem- utus -ken
ni
malot
tanoh
akhi
bekhe ==ne
kekhi
sang
meng- adep
men- ekhus -ken
calon
pade
de
me
ke- susah -en
pemain.sukhi ==ne
ni- kakhunia -i
lebe
suku
untuk
iye
kabakh
untuk
edi
ni- tahan
tule
tekh- jadi
khoh ==lah
de
me- cekhite -ken
wakhan
pot
[...]-- sitok ==ne
istekhi
pinpin
[...]-- hewan
pey- akit
kane
mbue
balepetake
pe- tani
malot
de
te
masakhakat
hendak
pitu
bage
mange
cukup
me- bongi
[...]-- anak
pahakh
khoh
ende
ke- hekhan -en
pe- geluh
pemain.sukhi ==ne
dape
kane
wakhi
baba -i m- balik
adalah
te
dohokh
khut
meng- inget
me
soh ==lah
sepasang
mejile
[...]-- selikh
malot
nange
me- nyekolah -ken
lot
selukhuh
khut
malet
wakhi
kao
me- khumah.tangge
sikal
kane
lot
soh
suakhe
ke- bahagie -en
anak ==ne
aneh
me- lelou -i
gagal
te
iye
ge
sebuah
adalah
ni
tepat
sebage
nange
mame
anak.laki
enggo
sendikhi
malot
mange
peng- uase
te
lembakh
kane
n- datas
ketang
iye
oleh
laus
kalaki
[...]-- anak ==ne
te
wajah
se- kalak
khut
se- baik ne
te
anak ==ne
bakhu ==lah
anak
mey- susul
si
khut
malet
cuping
bagas
ninik
si
peng- ukhus -en
ni
me- bahan
ni
bale
tuan ==ku
malot
tanoh
gukhah
khaje
jumpe
kawin
pakek
me- khase
lawe
ni
ni
balik
enggi ==mu
de
untuk
me- cekhok
mampu
me- dikusi
keluakhge
nange
kelak
jukhang
malot
si
anak
ni- tambah
menukhut
gegakhe
aceh.dakhussalam
[...]-- nyate
natam
kekhi
pige
untuk
me
ni
iye
jin
cukham
enggo
meg- aksi -ken
pe
kali
akhi
madhe
oyek
soh
si
mem- angku
mejile
ke- hebat -en ==ne
pepige
lebe
ni- jumpa -i
bahwe
[...]-- khumah
me
seban ==ne
selukhuh
hambe
amin
amin lah
manusie
lahekh ==ne
pengawal
setekhusne
pekh cuba -en
edi
uwis
pakek
sukhung
khut
nange
edi
pe- nindekh -en
kawin
compang.camping
si
ni- ingin -ken
madhe
ulang
khaje
modal
mulai
ate ==ne
me- khupe -ken
me- cocok
baba -i m- balik
hakhte
te
impal ==ku
kelak
me- usahe
pepagi ==ne
men- bantu
lekheng
ke- khaja -en
mekh- asil
bulan
pemamanen
sendikhi
se- [...]-- sikel
ke- tukhun -en
khaje
madhe
si
sosok
te- bhabhe m- bhalik
edi
te
dukun
me- milik -i
uan
manusie
sang
khut
akhi
malot
ni
kisah
nggo
nange
aku
pas
pengulu.mude lah
si
[...]-- pige
tekhagedis
kado
dakhi
ninik
ni
ni
lebe
yakin lah
ke- khoh -en
oleh
ampun
panek
pekhistiwe
akhi
==ne
untuk
ni- tambah
nange
natam
keji
mem- babe
meng- ekhi -ken
bahan -en
edi
ate
tekhsebut
malot
[...]-- dempik
nol
die
ate ==ne
khaje
[...]-- sikse -ne
keluakhge
kondisi
malet
sikhe
natam
pe
ni.hande
te
te
khombong -en
ke- teguh -en
ni
pahat
ni
me- khase
ni- babe m- balik
me- juang
luakh
dapet -i
akhi
ke- mejile -en
kabakh
meng- ato
wayang
cekhite
malet
bende ==lah
kane
pe- dalan -en
mame ==ne
ke- dauh -en
te
sentue
ni
te
==ne
gegakhe
enggi ==mu
te- bege
malot
keluakhge
akhi
sang
khut
khaje
edi
amin
kakhine
akhi
pe
ulang
si
khombong -en
wakhisan
kalak
anak
malet
te
edi
tekhus
edi
gukhu
puket
kute
sosok
ate
khang.tue ==ne
aku
si
keluakhge ==ne
[c^1][v^1]- pelin
me- limpah khuah
malet
me- [...]-- tahun
mekh- awat
bekhu ==ne
tebe
khaje
oleh
kae
tanoh
waktu
nde
khu
wakhi demi wakhi
tawe cikhem -i
wakhisen
anak ==ne
kase
si
te
atau
hasil
tading
jumpe
si
me- bahan
me- dalan kiding
bahwe
akhi
me- lewat -i
gelisah
edi
edi
anak ==ne
me
ni- pinpin
wayang
bhe
hambe
pakse
patani
si
ampun
nujum
te
tekhahikh
kane
hal
anak ==ne
sudut
edi
dukun
ni
neggekhi
desa
men- jabut
kase
edi
takjub
mem- mengket -i
lebe
bakhu
khut
ni
kalak
pakse
bagi ==ne
pakek
khang.tue ==ne
suasane
[...]-- atou
mampu
se.engo
m- ahan
engkekhan
deleng
mude
beliau
enggo
se- kalak
sang
==ne
nggeluh
timbul ==ah
te
ape.bile
se- kalak
pot
nange
istekhi
lot
malet
de
m- bulak -ken
n- tukokh
si
namun
sendah
licik
ulang
etoh
ingin
sang
anak
[...]-- pe- mude
iye
motokh e
me
sawit
bekhas
dhahi -ken
natam
pe
tukhun
di- geluh
akhi
ng- ulah
si
khang.tue ==ne
akhi
kobo
khut ==ne
wakhi
nujum
bahan -i
geluh
khut
enggo
dekah
kendin
mame ==ne
untuk
me
nate ==ne
khut
compang.camping
sukut
kae
mulai
ni
jadi
kane
tuan ==ku
me- usahe
sang
lot
malot
kane
ende
si
metuah
khase
panen
pagakh
akhi
dape
si
bagi
lade
malet
pengawal
sang
anak ==ne
keluakhge
mele
lawe
te
me- milik -i
si
ke- sokhokh -en
si
hal
wakhi
untuk
hambu
anak
cut
doe
ke- khaja -en
khut
[...]-- idam -ken
namun
kukhang
segale
ni
kurus.kekhah
pe
semange
pido nemu
ni- ekhe
delaki
bahwe
si
milik
pe
khang.tue
khaje
iye
tekh- pukul
madhe
metoh
khut
penangkau
bage
bahan
anggote
malot
bekhe ==ku
anak.laki
anak
kidah
malot
nemu
[c^1][v^1]- minum
khut
tekh- tandok
kobo
ni- banding.ken
ke- hebat -en
dauh
endak
sendah
aku
khombong -en
ni- undang ==ne
wakhi
ende
tonge
pas
penuh
dempik
tekhuh
luluh
nomokh
edi
si
sulit
kane
cekhite lah
nange
gegakhe
si
wahai
ni- ato
kane
empus
meng- une -ken
hampikh
nde
si
dalan ==e
khaje
tule
hakhus
kao
te- tukokh -ken
te
me- khibu
khaje
si
jelas
bukai
banjikh
si
agup
mengket -ken
tonge
tubuh ==ne
oleh
m- putekh -ken
ciduhken
beliau
macam
me- khibu
anak.laki
untuk
si
me- ge
me- siap
men- indekh -ken ==ne
sen
me
si
e
si
anak
uwak ==ne
amin
meng- anut
bakhu
hadih
begedi
mem- babe
kalaki
kalak
si
bekhangkat
pot
oleh
lot
anak
lot
wakhi
jumpe
pido
ni- lahekh -ken
te
pen- dikhi en ==ne
khut
di
men- indekh -ken
ni- tengo
sakit -ne
ise
uwis
de
me- lalu
madhe
mem- asti -ken
ge
ni- khakut
mampu
tepat
ke- khaja -en ==ne
nujum
n- ading -ken ==ne
pakek
me
pekhistiwe
lot
akhi
kobo
wasiat
kiasat
khang.tue ==ne
madhe
ni.mai
penangkou
te
anak
hasil
tuan ==ku
dekah
bumi
kede
buah
gekhangen
cut
untuk
akhi
te
se- [...]-- wakhi
buet -ken
dekah -ne
keluakhge
tule
bayak
men- dohokh -i
buah
iye
tule
se- akibat
malet
se- kalak
mem- ake
ate
pe- tengkau
ikan
khaje
si
edi
pem- babe
belang
me
edi
men- kandung
kakhne
gekhangen
sang
kune
khut
niat
te
edi
ninik
kasukh
selukhuh
bangse
pekhistiwe
me- pangkat
namun
khaje
benakh
me natam
tubuh ==ne
mejile
ise
tule
lupe
mae ==ne
akhi
me- doe
me- tungkuk
tuan ==ku
bende
ngekhan
untuk
amek
kekhan
wakhi
akhi
bahwe
kane
te
se- kalak
sebenakhne
iye
ke- hadikh -en
pekhintah
telat
si
wakhi
te
dekah -ne
si
luakh
izin -ken
meny- ingkikh -ken
babe m- balik -ken
ni
te
me- bahan
kabakh
khoh
ulah ==ne
ajaib
sang
ate
se.engo
ngo
jeme
nujum
biakh
sambil
khisau
amek
edi
nde
nujum
kane
==ne
kune pe
de
tanoh
binatan
tandok sile -ken
pagit -ne
milik -i
manusie
me- jume
untuk
kanda
akhi
ni- susun ==lah
jagung
ni- dapet ==ne
si
tandok sile -me
si
kakho
kae
tule
khut
tonge
untuk
te
jeme
abhang
khaje
anak
bagien ==ne
ke- hadikh -en ==ne
mbelin
laus mece -me
si
bayi
si
men- ading -ken
lot
natam
kalak
sitok
hakhte
tukhun ==lah
si
lah
tumpang kepaling
peng- ukhus -en
pakek
me- kikhim -ken
tanoh
te
endak
anak
untuk
mempekhduli.ken
wakhi
malet
ni- takhik balik
ende
ende
manusie
khase
wali ==ne
edi
iye
iye
si
oleh
untuk
te
se- kalak
ni
endhe
gat
belang.kejekhen
tonge
aku
jahat ==ne
keluki
khut
anak
m- ulung -i
ni
khut
badan
gendang
te
khaje
cekhite
amek
te
khut
bungki
me- milik -i
malot
sekolah
adalah
kane
wahai
se- sosok
hendak
niat
lot
edi
se- tegu -n
enggo
pen- dekhite -en
[c^1][v^1][c^2]- gekhit
bantu -en
khut
me
ni- milik -i
mem- angan
me- goto.khoyong
kao
khaje
khut
enggo
me- milik -i
ke- lugu -en
si
lain ==ne
jin
se- ekas
napos ==ne
n- dabuh
lawe
pemain
nihil
hancukh
kuling
kane
nemu
nawe ==ne
bakhu
sebuah
ni- bunuh
kane
manuk
ni- atou -ken
men- andai
bakhang
ke- suwi -en
melet
aku
khamah ==ne
dikhi ==mu
nomokh
me- pangkat
khut
bhe
meng- ato
sunyi
men- cekhite -ken
cut
dikhi ==mu
amin
posisi
enem.puluh due
mekh- ayu
khut
iye
edi
ni- mutilasi
kekhan
te
aku
ke- gembikhe -en
amek
bhe
tekhsebut
te
keluki
natam
ni- bagi
akhikh ==ne
mem- atuh -i
khut
si
men- ahan
tanoh
tandok
malot
pejabat
kane
amin
geluh
lain
edi
kayu
gakhis
geluh
meng- embale
lain
malet
nge- laus -ken mece
oleh
sang
dapet -i
babe -ken
iye
gale -em- gale
idah
[...]- buah -en
m pangan -i
dalan
ni.jagai
mey- ebakh ==ne
te
acam -en
kane
nange
ni
ngkhan
sebuah
nujum
pakcik ==ne
sang
[c^1][v^1]- pelin
bagas
bage
te
[...]-- hame
kao
malet
sebuah
te
pe
akhi
me- yakin -ken
me- nawe
me- bahan
tandok
batin
[...]-- belagakh
[c^1][v^1]- khidi
kane
-em- gane
kalak
nange
pakek
sang
pecaye
waluh.belas
te- kukhik -ken
pido
pikhua
pekhbuat
suasane
me
aah
si
khaje
si
lot
lot
si
mahkota
pe- ngekhawang -en
lebih
mbakhu -me
ni- geluh -i
sang
malet
aceh
upah -en
ulang
dage
mbelin
nakkhu
se.engo
meng- inget
bekhani
malot
lot
edi
ni- tekham tunjang
nimai
soh
woi
hamil
pe- nasehat
men- kandung
anak.laki
kawin
untuk
me
suntuk
begedi
petame
dukun
sang
sendah
mey- ikham -ken
ende
ni
anak
khaje
edi
enggo
tuan ==ku
me- gewokhen
me- dalan kiding
te
ni- pe- kikhe -ken
anak ==ne
hebat
akhi
ulang
me- nikah -i
sie-sie
ni- sebut
keluakhge
kobo
enggo
aku
enggo
te- kadang
lawe
me- khupe -ken
kute
ni- babe ==lah
madhe
gelap
te
sendikhi
oleh
ni- pinpin ==ne
mejile
hal
ndape
me- khamah
te
langsung
men- dabuh -ken
peng- uase
se- kalak
sebuah
tek- geletak
sehat
ate
untuk
tanoh
edi
khut
suatu
n- tukokh
me- limpah khuah
cinte
kane
bage
khut
wakhi ==ne
meng- alikh
si
me
pulo.biang
polisi
uwis
te- tawe cikhem
mame ==ne
me- khakut
tekhsebut
jaman.sendah
endak
si
pade
te
sendikhi
si
aku
ni
me- lelou
ende
khut
sebuah
muncu ==lah
nujum
gemakh
khombong -en
abhang
takkala
galuh
si
hakhte
nawe
mbue
kelak
ke- penting -en
toh
belanja -i ==ne
akhi
mame
si
sebagae
su
anak.bekhu
si
pekhistiwe
enggo
kalak
anak
nujum
akhi
ni- tambah
se- soh -ne
manusie
belakang
khaje
amin
te
me- kehendak
umukh
nggo
te
te
dukun
me
oleh
se- tahun
se- kalak
te
pekhsi
ke- tukhun -en
sitok
khut
si
edi
bakhu
kahkhene
anak
ndokhsah
minum
lain ==ne
me- lawan ==ne
ende
tangung.jawab
me- dalan
te
layakh
te
susah
wakhan
tetap
kawin
tukang
kekhas
pekhcaye
kekhang
kane
==ku
kane
tekh- jadi
ngkekhan
cinte
pekh- batas -en
ate
mbue
tahun ==ne
khut
wayang
dekah
ni- angap
ulang
si
dempik
geluh
babe m- balik
pepige
si
tekhus
me- [...]-- deleng
ni
ni
namun
==ne
nakhu
dhunut ==ne
uan
khut
ni- tengo
tule
bekhu
kase
se- kalak
adih
dape
hanjung
[...]-- anak
imbalan
sebuah
nange
me- bahan
khincim
pe
pekh- batas -en
suami
te
laus ==lah
lebe
mpus
kawin
bekhu ==ne
tempo.die
lebih
waktu
untuk
nde
dewasa
te
edi
kekhet -i
main
si
se- kalak
pekhintah
manusie
lot
otomatis
pot
kane
nange
kae
soh
ni.mai
positif
natam
de
polisi
lemes
khaje
[...]-- male
enggo
hal
pe
melaku.ken
te
untuk
pupuk
amin
akhi
alkisah
men- indekh -ken
te
ulang
te
nange
jumpe
gukhu
khencane
mele
iye
sendah
tanoh
sendikhi
lot
men- afsikh -ken
malet
atau
kekuaten
si
si
[...]-- uwas
men- pelehjemah -ken
kekade
due
nihil
khaje
baso
te
nasip
si
se- kalak
pak
saling
due
bantu -en
me
cekhite
mey- usul ==lah
malot
nakan
n- dukhuk
meng- adikh -i
edi
tahun
malet
natam
lot
selukhuh
sebuah
kae
khaje
hinge
per- gaul -en
pade
ngekhan
mulai
de
main
me- kekhet
iye
mame ==ne
si
ge
mude
te
hal
ende
si
mem- pekhintah -ken
hebat
te- gusuk
edi
anak.bekhu
khoh
wayang
kane
lebe
kabakh
amek
[...]-- pige
gakhis
malot
akhi
tipu daye
khut
te
anak.laki
bekhite
mbelin
ni
me- babe
sekhik
padahal
sang
dukun
engek kandung
tahun ==ne
jeme
melet
te
peng- ukhus -en
ni- utus lah
bhe
tuan ==ku
te
modal
kate -ken
kayu
peng- uase
ni- bunuh
me- dikusi
me
geluh ==ne
khang.tue ==ne
tepat
me
tekham tunjang -ken
usahe
tule
kasukh
me
layakh
tule
namun
malet
si
kanda
cekhok
malot
si
iye
ni- asing -ken
n- umpang kepaling
tekhus
selame
kekhan
si
adih
kao
jeme
malet
iye
pakek
si
lot
khut
me deleng
me khumah
mpus
ate
lot
jekhok ==ne
me- khase
lot
hambe
nikah
khaje
iye
tekhus
nange
madhe
sendikhi
kabakh
paling
tuan ==ku
khut
untuk
semsakhe
wahai
ke- geluh -en ==ne
khombong -en
tawe cikhem -i
kawin
edi
kane
balik
sang
khaje
uwis
ni- laus mece -ken
cindekh
jume
si
deleng
si
jeme
aku
nujum
tanoh
men- ekhus
anak.laki
miskin
bage
me- kembang ==ne
khaje
me- usahe
[...]-- saat
ni- tegu -ken
endak
laus mece -me
tanoh
khaje
untuk
mampu
oleh
manuk
khemeh
me- jabu
hakhus ==ne
mulai
saat
me- cekhok
edi
ate ==ne
angote
n- tegu -i
malot
te
khut
belin
pejabat
ni- tukokh ==lah
lot
pekhistiwe
ni
ke- jujukh -en
hakhte
kabakh
ni
dengkil
[...]-- gakham -i
tanoh
ke- ganteng -en
kekade
akhi
deleng
==ne
tebe ==ku
mem- babe
amin
meng- ena -i
malet
uwak kandung ==ne
malot
mem- ege
sah
me- khumah.tangge
deyat nadi ==ne
lembu
sendikhi -en
aku
oleh
edi
te
si
kue.pe
suku
ke- geluh -en ==ne
tetap
selukhuh
jeme
pakhang
si
ni
ni
kate
tuan ==ku
bekhu ==mu
ni- pakek
sendah
tanoh
ato
ni- milik -i
si
sang
manuk
kane
ge
khaje
khoh ==lah
amin
biase -ne
wakhge
tuan
awak ==ne
te- gusuk -i
kute
ogek
si
aku
biase -ne
ganteng
[c^1][v^1]- kasih ==ne
makcik
ke- sulit -en
betah
kabakh
khut
ke- lahekh -en
khut
te- pangan -i
abhang
tading -ken
anak.laki
endhe
usahe
pole
te- lantakh
si
mengindah.ken
su
te
uan
ulang
khaje
nahan ==ne
pe- deleng -en
tule
[...]-- anak
pemamanen
woi
ni
babe m- balik -ken
amek
mbue
bulan
kenin
untuk
untuk
aku
si
ende
untuk
ni
lot
se- mase
kao
lawe
khut
tahun
keluki
adalah
men- ikmat -i
malet
pagi