hash-#2PI
nána#something
-ka̱#COMP:DS
-hátoko̱#BECAUSE:DS
il-#1PI
yohmi#do.so,.to.happen
pa#here,.this -ako̱#CON:AC
í-#1PI
to̱ksali#work
ná#something
toklo#be:two
nána#something
a̱#1sIII
a̱#1sIII
kiyo#no
at#subject:marker
-ka̱#COMP:DS
oklil#we
hi#be -hma̱#WHEN
osápa#field
mano#that:one
ilhkóho̱li#go.(of.three.or.more). -h#TNS
-kiya#KIND:OF
-kiya#KIND:OF
-kato#COMP:SS
náhollo#WHITE:PERSON
náhollo#WHITE:PERSON
yohmi#do.so,.to.happen
náhollo#WHITE:PERSON
-kat#COMP:SS
foli#switch
ittiwáya#marry -ttók#REM.PAST
illi#die.
nána#something
-ma#THAT -k#LOC
pisa#try. -ttók#REM.PAST
-ato#NOM2
il-#1PI
-kato#COMP:SS
abohlih#woods
pí#just
nána#something
sam-#1SIII
ani#pour.in -t#PART
kiyo#not
-ya̱#ACC
chi̱-#2SIII ki#father
tákoli#noon
ta̱chi#corn
mi̱ti#come
himak.nittak#TODAY,.THIS.DAY
iyá#go -li#1SI
hattak#husband
kanikma̱#sometimes
kati#how:long -k#LOC
kiyo#not
-ka̱#COMP:DS
ábachi#teach -h#TNS
ná#something
-bíka#USED:TO -ttók#REM.PAST
íy#go -o#NEG -ttók#REM.PAST
tobi#beans
ná#something
nakni#male
-ka̱#COMP:DS
il-#1PI
hi#be
a#be -ttók#REM.PAST
kiyo#not
toklo#be:two
-kat#COMP:SS
okla#people
okmanána#WHATEVER.KIND.OF
okla#people
-bíka#USED:TO -ttók#REM.PAST
ásh#prev
panóla#cotton
ittanówa#walk.together -h#TNS
kiyo#no
hi#be -hma̱#WHEN
pishokchi#milk
pa#here,.this -aki̱li#OWN -h#TNS
a̱#1sIII
alhíha#group
-híka#USED:TO -ttók#REM.PAST
oshi#son
banna#want -kma̱#IRR:DS
mishsha#two.time.periods.before.or.after
okmanána#WHATEVER.KIND.OF
kíyo#no
yamm#that -ako̱#CON:AC
-ya̱#ACC
kiyo#not
-ka̱#COMP:DS
-kat#COMP:SS
hapi̱-#1MPIII
-kato#COMP:SS
ola#far:off
-ato#NOM2
másh#that.one
illi#die. -to#NOM2
a̱lhi#be:real
okla#people
-ato#NOM2
a#be -ttók#REM.PAST
ona#arrive:there
hi#be
il-#1PI
okla#people
nátah#what?
i̱-#III
chishnáto#you:nom2
kiyo#not
il-#1PI
hi#be
il-#1PI
i̱-#III
-bíka#USED:TO -ttók#REM.PAST
hi#be -hma̱#WHEN
pí#just
pila#throw. -hma̱#WHEN
hopóni#cook.
im-#III
hi#be -hma̱#WHEN
hicha#and
okla#people
pí#just
il-#1PI
a#be
nána#something
-ka̱#COMP:DS
pí#just
chohmi#kind:of
ásh#prev
ít#toward
nána#something
okla#people
nána#something
náhollo#WHITE:PERSON
hikít#START
yamm#that -ako̱#CON:AC
a̱#1sIII ki#father
okla#people
shokshi#watermelon
kiyo#no
a̱sha#be:(of.three.or.more)
osápa#field
kíyo#no
pí#just
ik-#N
pí#just
nán#something
-akíni#INDEED -tok#PST -ósh#SS
nána#something
-ato#NOM2
í-#1PI
il-#1PI
-ka̱#COMP:DS
a̱ya#be:here
himak.nittak#TODAY,.THIS.DAY
-bíka#USED:TO -ttók#REM.PAST
chahta#Choctaw
-ako̱#CON:AC
a#be
ahóch#find. -ahí#IRR2
náhollo#WHITE:PERSON
náhollo#WHITE:PERSON
katimmakako̱#where
kiyo#not
iya#go -ttók#REM.PAST
kiyo#no
-ka̱#COMP:DS
pokni#grandmother
hicha#and
i̱-#III
nakfish#younger:sib
a̱#1sIII ki#father
nána#something
kotcha#go.outside.
-chámo#LONG:AGO
kiyo#no
a̱#1sIII
nána#something
ahwa#think.(perhaps),.to.reckon -h#TNS
i̱-#III
nátah#what?
ná#something
-ako̱#CON:AC
í-#1PI
il-#1PI
hi#be -hma̱#WHEN
il-#1PI
ta̱chi#corn
ano̱poli#speak,.say,.talk -h#TNS
ittahobli#pick.up -t#PART
-ka̱#COMP:DS
il-#1PI
ayyówah#pick.up.(off.the.ground).
másh#that.one
bash#cut.(with.a.knife,.broken.glass). -t#PART
at#subject:marker
hilha#dancer
ásha#reside.(plural.subject)
im-#III
makah#say.
ilhkóli#go.(of.three.or.more). -kmat#IRR:SS
to̱ksali#work. -ttók#REM.PAST
hochífo#name.
sanna#I:want -kat#COMP:SS
pí#just
noshkobo#head
ittika̱chi#be:separated.(as.a.man.and.wife). -ttók#REM.PAST
ná#something
akkíya#go:down -t#PART
ik-#N
nátah#what?
-kat#COMP:SS
im-#III
hokchi#plant. -t#PART
-ako̱#CON:AC
pa#here,.this -aki̱li#OWN -h#TNS
ano̱polí#speak,.say,.talk -l#1SI -áchi̱#IRR -h#TNS
aki̱ni#indeed -h#TNS
ittanówa#walk.together
nátah#what?
ná#something
okla#people
iláp#self
ohóyo#woman
il-#1PI
ahni#wish;.want -hma#WHEN
katayohmi#which:ones
nánoka#say:something
-kiya#KIND:OF
sa-#1SII shki#mother
yohmi#do.so,.to.happen
alhíha#group
ásh#prev
acho̱li#sew
kotcha#go.outside.
nána#something
shikalla#bead
alhto#enter.(of.two)
achokma#good -ána#POT
kiyo#no
hi#be
a̱tta#exist.(of.one) -li#1SI -h#TNS
fokáli#almost
ibá#with
náhollo#WHITE:PERSON
mishsha#two.time.periods.before.or.after
pí#just
siy-#1SII ahni#wish;.want
ittiwáya#marry -hmat#WHEN
ilhkóli#go.(of.three.or.more). -tok#PST
-kat#COMP:SS
to̱ksali#work. -ttók#REM.PAST
pisa#try. -ttók#REM.PAST
ná#something
chishnáto#you:nom2
alhíha#group
a̱#1sIII ki#father
-bíka#USED:TO -tok#PST
nána#something
mi̱ti#come -hma̱#WHEN
nátah#what?
hicha#and
í-#1PI
-ako̱#CON:AC
ninak#night
il-#1PI
chahta#Choctaw
i̱-#III
-ako̱#CON:AC
iya#go -ttók#REM.PAST
a̱#1sIII
ábachi#teach -h#TNS
hi#be -hma̱#WHEN
hikkíya#stand. -li#1SI -h#TNS
katash#who
ikhana#learn
im-#III
chi̱-#2SIII ki#father
ikka̱na#understand,.to.know -li#1SI -h#TNS
-ato#NOM2
il-#1PI
i̱-#III
afammi#year
-ma#THAT -k#LOC
hikiki̱ya#stay:at -li#1SI -ttók#REM.PAST
okla#people
-ka̱#COMP:DS
akkiya#too,.also
-bíka#USED:TO -tok#PST
nána#something
pí#just
hi#be -hma̱#WHEN
tohchína#be:three
i̱-#III
panóla#cotton
afammi#year
nanih#hill
-kat#COMP:SS
ta̱chi#corn
hicha#and
ma̱ya#exist.(of.three.or.more). -t#PART
kíyo#no
akkattola#fall:down -t#PART
nána#something
-ma#THAT -k#LOC
ma̱ya#exist.(of.three.or.more).
kaniyah#probably
pí#just
-ka̱#COMP:DS
kiyo#no
taha#finally
nátah#what?
yohmi#do.so,.to.happen
chá#ss
i̱-#III
a̱lhi#be:real
chohmi#kind:of -ttók#REM.PAST
ála#arrive:y.gr -li#1SI -h#TNS
fokkáli#be:abou
okla#people
pí#just
il-#1PI
náhollo#WHITE:PERSON
hikmat#and:then:ss
pí#just
ittanówa#walk.together -h#TNS
-bíka#USED:TO -ttók#REM.PAST
ná#something
osápa#field
okla#people
-ato#NOM2
ma̱ya#exist.(of.three.or.more).
toffa#summer
ishki#mother
í-#1PI
-ato#NOM2
at#subject:marker
to̱ksali#work. -sh#PART:SS
aba.talóli#STORE
-kato#COMP:SS
-ma#THAT -k#LOC
a̱chi#cover
a̱sha#be:(of.three.or.more)
hikít#START
-ka̱#COMP:DS
-bíka#USED:TO -tok#PST
-ato#NOM2
hapim-#1MPIII
ano̱polí#speak,.say,.talk -l#1SI -áchi̱#IRR -h#TNS
ola#far:off
ohóyo#woman
a̱#1sIII
nánoka#say:something
i̱-#III
náhollo#WHITE:PERSON
chito#be:big,.large
osápa#field -no#AC2
kanimma#somewhere
okla#people
okla#people
il-#1PI
ishit#ins
a̱#1sIII ki#father
il-#1PI
hi#be -hma̱#WHEN
pí#just
im-#III
ka̱chak#barn
-bíka#USED:TO -ttók#REM.PAST
im-#III
a̱tta#exist.(of.one) -li#1SI -h#TNS
hash-#2PI
nána#something
-kiya#KIND:OF
-kiya#KIND:OF
hi#be -hma̱#WHEN
pí#just
hi#be
okla#people
ohóyo#woman
kiyo#not
a#be
ik-#N
ilhkóli#go.(of.three.or.more). -tok#PST
chahta#Choctaw
i̱-#III
wáya#peanuts
ná#something
náhollo#WHITE:PERSON
hapi̱-#1MPIII
nani#fish
pí#just
-ato#NOM2
ná#something
okmanána#WHATEVER.KIND.OF
-bíka#USED:TO -ttók#REM.PAST
kiyo#no
kiyo#no
hash-#2PI
nittak#day
yohmi#do.so,.to.happen
ano̱polí#speak,.say,.talk -l#1SI -áchi̱#IRR -h#TNS
nátah#what?
il-#1PI
chahta#Choctaw
nána#something
pis#look -t#PART
afammi#year
pí#just
ittika̱chi#be:separated.(as.a.man.and.wife). -ttók#REM.PAST
wáya#peanuts
chá#ss
hohchafo#be:hungry.
hi#be -hma̱#WHEN
il-#1PI
-kato#COMP:SS
alhíha#group
banna#want -kma̱#IRR:DS
pí#just
píhi̱sa#see:hn -li#1SI -kmat#IRR:SS
il-#1PI
chishnáto#you:nom2
nátah#what?
pí#just
fokáli#almost
achaffa#one
pí#just
at#subject:marker
osápa#field
ishit#ins
í-#1PI
-ka̱#COMP:DS
a̱#1sIII ki#father
okla#people
a̱tta#exist.(of.one) -tok#PST
sa-#1SII shki#mother
pishokchi#milk
kiyo#not
ikka̱na#understand,.to.know -li#1SI -h#TNS
a̱lhi#be:real
kiyo#no
okmanána#WHATEVER.KIND.OF
pí#just
im-#III
ná#something
biyásha#Pearl.River.community
alá#arrive.(here) -li#1SI -tok#PST
-ka̱#COMP:DS
a̱lhi#be:real
ma̱ya#exist.(of.three.or.more).
nána#something
a#be
á#be -ttók#REM.PAST
nána#something
á#say -h#TNS -ókakósh#BUT:SS
nani#fish
mano#that:one
il-#1PI
kiyo#no
il-#1PI
siy-#1SII á#be -h#TNS
yamm#that -ako̱#CON:AC
hikít#START
-ako̱#CON:AC
-bíka#USED:TO -tok#PST
il-#1PI
il-#1PI
-ma#THAT -k#LOC
-bíka#USED:TO -tok#PST
okla#people
-kat#COMP:SS
issa#quit -tok#PST
ná#something
nátah#what?
náhollo#WHITE:PERSON
pí#just
a̱#1sIII ki#father
-hátoko̱#BECAUSE:DS
hi#be -hma̱#WHEN
áchih#say.
-ka̱#COMP:DS
-bíka#USED:TO -ttók#REM.PAST
pí#just
faláma#return -t#PART
hapim-#1MPIII
kaníya#really
to̱ksali#work
náhollo#WHITE:PERSON
ála#arrive:y.gr -li#1SI -h#TNS
hopón#cook -ána#POT
holisso#letter
mihchi#do -tok#PST -o̱#Q
takkon#peach
taha#finally
-ma#THAT -k#LOC
i̱-#III
il-#1PI
ikka̱na#understand,.to.know
kiyo#no
ishki#mother -t#PART
im-#III
okla#people
chishki#your:mother
ola#far:off
ikbi#make -t#PART
apíla#help,.assist.
chishnáto#you:nom2
siy-#1SII ahni#wish;.want
yohmi#do.so,.to.happen
ik-#N
-ma#THAT -k#LOC
ayyásha#reside.(plural.subject) -h#TNS
-ato#NOM2
nána#something
hapim-#1MPIII
iksho#zero
a#be -ttók#REM.PAST
-kat#COMP:SS
hi#be -hma̱#WHEN
hóka̱#emph
ikbi#maker
áchih#say.
il-#1PI
chishnáto#you:nom2
-ako̱#CON:AC
hi#be -hma̱#WHEN
-ato#NOM2
í-#1PI
achokma#good -ána#POT
chi̱-#2SIII ki#father
oshta#four -kma̱#IRR:DS
-ya̱#ACC
nani#fish
-kato#COMP:SS
ilhkóli#go.(of.three.or.more).
-hátoko̱#BECAUSE:DS
-ka̱#COMP:DS
apísachi#watch -h#TNS
a̱sha#be:(of.three.or.more)
másh#that.one
a̱#1sIII
hikít#START
chishnáto#you:nom2
-kat#COMP:SS
nani#fish
to̱ksali#work
bók#creek
-ya̱#ACC
kati#thorn
nani#fish
il-#1PI
il-#1PI
a̱tta#exist.(of.one) -tok#PST
ayína#too,.also
falammi#leave,.return? -li#1SI -ttók#REM.PAST
hicha#and
-kato#COMP:SS
nána#something
a̱sha#be:(of.three.or.more)
iya#go -h#TNS -o̱#Q
hasháyachi#cause.to.sulk
náhollo#WHITE:PERSON
kaními#some
-ato#NOM2
il-#1PI
náhollo#WHITE:PERSON
hikkiki̱ya#walk.around -h#TNS
faláma#return -t#PART
himáka̱#now
atta#stay,.live.(someplace)
pí#just
ná#something
-ako̱#CON:AC
il-#1PI
táhat.iya#DISAPPEAR -kat#COMP:SS
onna#morning
í-#1PI
ábachi#teach -h#TNS
illi#die.
okla#people
apíla#help,.assist.
-kat#COMP:SS
a̱tta#exist.(of.one) -li#1SI -h#TNS
-hátoko̱#BECAUSE:DS
a#be
kaníya#go.away -li#1SI -ttók#REM.PAST
hi#be -hma̱#WHEN
í-#1PI
afammi#year
ibá#with
hi#be
im-#III achokmá#feel.good,.happy -sh#PART:SS
ittonáchi#arrive:du -hma̱#WHEN
il-#1PI
i̱-#III ki#father -t#SUBJECT:MARKER
hohchifo#name
okla#people
kiyo#no
nani#fish
yohmi#do.so,.to.happen
pí#just
il-#1PI
alá#arrive.(here) -li#1SI -tok#PST
nani#fish
il-#1PI
i̱-#III
afammi#year
taha#finally
á-#LOC ikhana#learn -tok#PST
kiyo#not -tok#PST
ná#something
yamm#that -ako̱#CON:AC
bók#creek
i̱-#III
kíyo#no
ohóyo#woman
okla#people
chohmi#kind:of -ttók#REM.PAST
shikalla#bead
anól#tell.
ikbi#make -t#PART
áchih#say.
ta̱chi#corn
hikít#START
shahwa#bush
hohchifo#name -t#SUBJECT:MARKER
pih#just
hi#be -hma̱#WHEN
ná#something
ibbak#hand
kaníya#really
okla#people
nána#something
kiyo#not
oshi#son
-híka#USED:TO -ttók#REM.PAST
katitchi#how -sh#PART:SS
kiyo#no -kásh#COMP:PREV
okla#people
hi#be -hma̱#WHEN
ilhkóli#go.(of.three.or.more).
haklo#hear,.listen
oklil#we
a̱#1sIII ki#father
ikka̱na#understand,.to.know -li#1SI -h#TNS
-ka̱#COMP:DS
okla#people
mi̱ti#come -hma̱#WHEN
isht.ala#BRING -t#PART
ahwa#think.(perhaps),.to.reckon -h#TNS
okla#people
a̱#1sIII
im-#III
hóka̱#emph
il-#1PI
yohmi#do.so,.to.happen
hikkikí#walk.around -t#PART
yakohmi#like:this
hash-#2PI
okla#people
ninak#night
i̱-#III ki#father
issa#stop
ikka̱na#understand,.to.know -li#1SI -h#TNS
í-#1PI
il-#1PI
i̱-#III
onna#morning
kati#how:long -k#LOC
í-#1PI
shawwa#bush
il-#1PI
ma̱ya#exist.(of.three.or.more).
ayyásha#reside.(plural.subject)
chishnáto#you:nom2
ma̱ya#exist.(of.three.or.more). -t#PART
pí#just
á#be -ttók#REM.PAST
shikalla#bead
ma̱ya#exist.(of.three.or.more).
a̱#1sIII ki#father
i̱-#III
akkíya#go:down -t#PART
il-#1PI
a̱ya#be:here
chohmi#kind:of
nána#something
i̱-#III
hihmat#and:then:ss
-kat#COMP:SS
a̱#1sIII
mo̱ma#still
il-#1PI
holisso.ápisa#SCHOOL
ik-#N
ná#something
shawwa#bush
pí#just
chá#ss
foha#retire -ttók#REM.PAST -o̱#Q
holisso#letter
chohmi#kind:of
-híka#USED:TO -ttók#REM.PAST
ála#arrive.(here)
hikmat#and:then:ss
ayína#too,.also
nani#fish
at#subject:marker
pí#just
il-#1PI
ikhana#learn
kiyo#not
chishki#your:mother
sam-#1SIII
hi#be -hma̱#WHEN
shóli#carry.
a̱#1sIII
ta̱chi#corn
nani#fish
ish#you
abíya#go:up -t#PART
nátah#what?
maká#say -hma̱#WHEN
i̱-#III
mano#that:one
-kato#COMP:SS
ahwa#think.(perhaps),.to.reckon -h#TNS
a̱#1sIII
ná#something
bacháya#get.in.a.row.(of.one)
kiyo#not
i̱-#III
nán#something
hikkíya#stand. -li#1SI -h#TNS
mitaffi#make.bleed
-bíka#USED:TO -tok#PST
kíyo#no
a̱#1sIII ki#father
to̱ksali#work. -t#PART
tákoli#noon
il-#1PI
taha#finally
faláma#return -t#PART
i̱-#III
á#be -ttók#REM.PAST
ato̱bbi#pay. -hma̱#WHEN
-ka̱#COMP:DS
ilhkóli#go.(of.three.or.more).
nani#fish
nátah#what?
il-#1PI
ishki#mother
-hátoko̱#BECAUSE:DS
náhollo#WHITE:PERSON
nakfish#younger:sib
hokchi#plant. -t#PART
hash-#2PI
mi̱ti#come
shóli#carry.
-bíka#USED:TO -ttók#REM.PAST
í-#1PI
ohóyo#woman
hi#be -hma̱#WHEN
i̱-#III
abohlih#woods
ahwa#think.(perhaps),.to.reckon -h#TNS
-ato#NOM2
a#be
i̱-#III
ikhana#learn
okla.áyásha#COMMUNITY
tahli#finish. -li#1SI -h#TNS
il-#1PI
toklah#both
taha#finally
ít#toward
kíyo#no
náhollo#WHITE:PERSON
il-#1PI
il-#1PI
il-#1PI
nána#something
pí#just
a̱#1sIII
ayyásha#reside.(plural.subject)
ishit#ins
il-#1PI
hoyo#look.for -t#PART
il-#1PI
ná#something
nána#something
a̱#1sIII
il-#1PI
okla#people
-ma#THAT -k#LOC
ayyówah#pick.up.(off.the.ground).
-kat#COMP:SS
fokáli#approximately -h#TNS
kanohmi#how -ttók#REM.PAST
-bíka#USED:TO -ttók#REM.PAST
nána#something
tobi#beans
katash#who
ti.chanalli#WAGON
másh#that.one
hikít#START
kíyo#no
il-#1PI
náhollo#WHITE:PERSON
mo̱ma#still
yohmi#do.so,.to.happen
okla#people
iksho#zero
í-#1PI
il-#1PI
ná#something
a̱#1sIII
pa#here,.this -ako̱#CON:AC
onna#morning
okla#people
-ma#THAT -k#LOC
ála#arrive.(here) -hma̱#WHEN
-bíka#USED:TO -tok#PST
táha#complete -ttók#REM.PAST
ibá#with
i̱-#III
ohóyo#woman
okla#people
iya#go -ttók#REM.PAST
náhollo#WHITE:PERSON
-ako̱#CON:AC
-kat#COMP:SS
kiyo#no
a̱#1sIII
náhollo#WHITE:PERSON
pí#just
ayiskachi#clean.(house) -t#PART
okla#people
yohmi#do.so,.to.happen
i̱-#III
im-#III
okla#people
hashki#my.mother
i̱-#III
pila#send -ttók#REM.PAST
yimmih#believe
-híka#USED:TO -ttók#REM.PAST
yohmi#do.so,.to.happen
hóka̱#emph
fokáli#approximately -h#TNS
ik-#N
hashki#my.mother
chahta#Choctaw
hi#be -hma̱#WHEN
tamáha#town
a#be
pí#just
ilhkóli#go.(of.three.or.more). -tok#PST
a̱#1sIII ki#father
il-#1PI
a̱#1sIII ki#father
-ako̱#CON:AC
í-#1PI
-kat#COMP:SS
iyá#go -li#1SI
-bíka#USED:TO -ttók#REM.PAST
iksho#zero
ma̱ya#exist.(of.three.or.more).
a#be
ittanówa#walk.together -h#TNS
nána#something
-ka̱#COMP:DS
ano̱polí#speak,.say,.talk -l#1SI -áchi̱#IRR -h#TNS
ikhaná#learn -li#1SI -h#TNS
hash-#2PI
il-#1PI
shikalla#bead
a#be -ttók#REM.PAST
-kat#COMP:SS
-ka̱#COMP:DS
hattak#husband
i̱-#III cha̱li#chop -h#TNS
katímina#why,.how.come
bók#creek
-kat#COMP:SS
im-#III
il-#1PI
yohmi#do.so,.to.happen
chishki#your:mother
ilhkóli#go.(of.three.or.more). -tok#PST
yohmi#do.so,.to.happen
nána#something
nána#something
ít#toward
kiyo#not -tok#PST
kiyo#not
-ka̱#COMP:DS
chishnáto#you:nom2
-bíka#USED:TO -tok#PST
-ka̱#COMP:DS
kiyo#no
oklil#we
hash-#2PI
panóla#cotton
-ya̱#ACC
il-#1PI
á#be -ttók#REM.PAST
-ma#THAT -k#LOC
náhollo#WHITE:PERSON
ani#pour.in -t#PART
áchih#say.
i̱-#III
táhat.iya#DISAPPEAR -h#TNS
il-#1PI
ná#something
hicha#and
ásh#prev
pí#just
í-#1PI
táha#complete -ttók#REM.PAST
náhollo#WHITE:PERSON
ak-#1SN ikkán#know -o#NEG
afammi#year
kaními#some
at#subject:marker
osápa#field
-ato#NOM2
tobi#beans
a̱#1sIII
kaními#some
to̱ksali#work
okmanána#WHATEVER.KIND.OF
to̱ksali#work
afammi#year
chishnáto#you:nom2
im-#III
ikhaná#learn -li#1SI -hmat#WHEN
bacháli#put.(one).in.a.row -h#TNS
nittak#day
-bíka#USED:TO -tok#PST
-hátoko̱#BECAUSE:DS
nána#something
i̱pa#eat. -áchi̱#IRR -kmat#IRR:SS
-ya̱#ACC
-ka̱#COMP:DS
-ka̱#COMP:DS
-ka̱#COMP:DS
nána#something
faláma#return -t#PART
náhollo#WHITE:PERSON
nani#fish
kiyo#not
á#loc hokch#plant. -ahíka#USED:TO -ttók#REM.PAST
okla#people
yohmi#do.so,.to.happen
náhollo.im.anno̱pa#ENGLISH
hi#be -hma̱#WHEN
-hátoko̱#BECAUSE:DS
ikbi#make -t#PART
hikitíya#START -li#1SI -tok#PST
í-#1PI
to̱ksali#work
náhollo#WHITE:PERSON
ta̱chi#corn
-ka̱#COMP:DS
-tok#PST áchíni#seem -ttók#REM.PAST
-bíka#USED:TO -tok#PST
-ato#NOM2
il-#1PI
ittiwáya#marry -ttók#REM.PAST
á#be -ttók#REM.PAST
á#be -ttók#REM.PAST
homma#red
ano̱poli#speak,.say,.talk -h#TNS
okla#people
náhollo#WHITE:PERSON
hapi̱-#1MPIII ki#father -to#NOM2
pí#just
iya#go -ttók#REM.PAST
kiyo#no
kiyo#not
banna#want -kma̱#IRR:DS
okla#people
ittanówa#walk.together -h#TNS
ásh#prev
pishokchi#milk
nátah#what?
falammi#leave,.return? -li#1SI -ttók#REM.PAST
il-#1PI
ná#something
-kiya#KIND:OF
ná#something
il-#1PI
abohlih#woods
hash-#2PI