suddenly
PL
AR.S:Ø.PFV:Ø. be:IPV:NOM
flour
CT
there
mountain
no
GIRL
in
CT
PROX. AR. ahead:ALL
NEG
INDF.O. 3PL.S:Ø.IPV:H. filet:IPV:NOM
ADVZR
for
ADVZR
3SG.S>3SG.P. for
1SG
on
moose
rope
when
NTRL. up:AR
3SG
when:PST
PL
1SG.PSR. grandmother
sympathy
but
children
be.good:IPV:NOM
PP. PEJ. NEG.PFV:1SG.S:D. not.know:IPV
3SG.S>3SG.P. with
there
quickly
OUT. 3SG.S:QUAL:Ø.IPV:H. smoke.moves:IPV:CUST
3SG
INC:QUAL:AA.PFV:Ø. 3SG.S>3SG.O. 3SG.S:QUAL:AA.PFV:H. PL.move:PFV:ERR
old.man
like
1PL.S:QUAL:Ø.PFV:L. think:IPV:NOM
AND.THEN
still
WEAPON. 3SG.S:INDF.O:QUAL:DH.PFV:D. handle.LRO:PFV:NOM
old.man
small
big
PRMB. INC:AA.IPV:1SG.S:H. handle.LRO:IPV:CUST
CT