advlizer
v OUT:AWAY 1PL.S:Ø.IPV:H.
n
n
post
verbprt
dir NTRL.
advlizer
v 3PL.O. DH.PFV:1SG.S:Ø.
v DH.PFV:1SG.S:Ø.
post 1PL.P.
v
v TERM. IT. 1PL.S:N.PFV:D.
n
v 3PL.S:Ø.IPV:D.
n 3SG.PSR.
v
proform
post
v AR.O. QUAL:Ø.IPV:2PL.S.
v
proform
n
v 3PL.S:Ø.IPV:Ø.
adv
adv
v 3SG.S:Ø.IPV:H.
advlizer
v 1PL.S. QUAL. INC:AA.IPV:Ø.
verbprt
advlizer
v
coordconn
v CONT. 3PL.S:Ø.IPV:Ø.
v CONT. 3SG.S:Ø.IPV:H.
@@@
advlizer
@@@
post
v 3PL.S:Ø.IPV:Ø.
post 2PL.P.
v IT. 1PL.S:INC:Ø.IPV:Ø.
DM
post
v
DM
n
proform
v IT. 1PL.S:AA.PFV:L.
v IT. 3PL.S:AA.IPV:D.
v INDF:3SG.S:INC. QUAL:DH.PFV:L.
mod
@@@ 3SG.S:Ø.IPV:Ø.
advlizer ADVZR
@@@ MED:AR.
v 3PL.S>3SG.P. PP.
v IT. 3PL.S:Ø.IPV:D.
v OUT. IT. 3SG.S:AA.PFV:D.
adv
n
coordconn
v 3PL.S>3SG.O. INC:AA.IPV:Ø.
nomprt
dir NTRL.
n INDF.PSR.
mod
v 3SG.S:QUAL:DH.PFV:L.
dir
v TO.TRAIL. IT. 1PL.S:N.PFV:D.
inter
v QUAL:Ø.IPV:1SG.S:H.
n
nomprt
coordconn
DM
post
adv
v AR.S. MIND. INDF.O:INC:AA.IPV:1SG.S:H.
@@@ NTRL.
@@@ NTRL.
v UP. Ø.IPV:2SG.S:Ø.
dir
coordconn
@@@ 3SG.S:OPT:Ø.
proform
@@@
v PP. DH.PFV:1SG.S:L.
post
v ?. PRMB.
v 3PL.S:Ø.IPV:D.
v UP. 3SG.S:QUAL:DH.PFV:Ø.
v IT. 1PL.S:INC:Ø.IPV:D.
@@@
adv
v 3SG.S:QUAL:OPT:L.
n
advlizer
dir NTRL.
post 3SG.P.
v 3SG.S:Ø.IPV:H.