терези
це
лугь -уда
я -тӏа
нуьк -ер
чи да
лагь -ана
ча -з
кицӏ
ккӏ -ида
эвецӏ -на
берлин -ди -з
луьтквечи -ди -ни
и
кь -енва
вичин
ара да
хьи
чӏав а -л
лугь -уда
вичи -з
куьмек -да
хьа -нава
эвицӏдама -из
ана -й
нуьк -ер -ди -з
же зва
шив -ди -хъ -NULL
къач -унва -й
тухв -да
чими
за
и
фи -ин
хьа йи -ла
лагь -ана
чун
я
кьил
совсем
кьве
яда
къерех -ди -л -яй
лезги
шагьдагъ -ди -н
ча -з
ахпа
къен -ай
ма
лугь -узва
гъ -ана
ина
камран а -н
хъсан
базар -да -л -NULL
лезги
гьим
гьакӏ
а
кор-пешман
кьин
ат -ана
и
кьил
кӏан да
зу
ахъа -й зва -й -ди
ккӏ -ида
а
пачагь -ри -з
кьадар
ахъая
я
има
лугь -уда
им
гаф
за -з
пака
къапу
вич -и -н
воо
ибур -у
пачагь -ди -н
багъиш на
лугь -уда
яд-затӏ
нян -и -н
кут -ада
ахтынский
лагь -ана
ну
мукьвал
лугь -узва
стихотворение
и
за ва
са
гъ -ана
чун
къунши -яр -ни
ма
са
за -н -ни
вич -и
тамашава
рекъ -и -з
хкаж -ди -й
лугь -уда
лагь -ана
лагь -ана
иер
ак -уна
а бур а -л
чир -на
ибур -уьн
мурдар
исят да
са
ч -изва
има
хьа
кӏарас -ар
г -анва -й
за
ибур -у -ни
ава й
я
за
вефасуз
лагь -ана
ша
я
къач -уз
гьабур -и к -ай
чава ай
ма
тар а -NULL
гьа
чпин
за -з
гьа
хта -й -ла
лугь -уда
инри -з
гьуьл -уь -з
кӏан -зава -й
ак -уна
чан
кьил -е -л -NULL
акьа -из
лагь -ана
ки
хьа -нава й
а
буба -ди
ацукь -на
къенд
совет -ди -н
юлдаш -ди
хъсан
пек -ер
гьимаен -да
пата й
а
лагь -ана
араб -ар -ни
яр -ди -з
хьи
ана -й
лугь -уда
ава -й
фикир
хьуй
ви
ф -ида
сад а
лагь -ана
вири
са
пад
я
ава -тир
хьа на
ф -ида -й -вал
хьа на
ам
фикирайдалай
ф -изва
лагь -ана
луьткведаваз
лагь -ана
лугь -уда
азербайджан -ни
хта -нава
за -з
гила
хьа -ана
ракъ -уда
айван -ди к
та зва й -ди
икьрар -ди -л -ай
за -з
лугь -уда
гевгьер -ар -ни
къулдур -ни
хт -анва
ий -ин
стол -да -л -NULL
гъ -ана
чубан -ди в -ай
сакӏани
лугьу -рай
къарагъ -да
берлин -ди -з
я
и
винел
им
кан -и
хъсан
и
им
жув а
рахкъур -нава
са
лугь -уда
ч -ида -ш
буба -ди -н
хьайитӏа
ат -ана
американ -яр и
шоллар дай
гьана
акъат -на
хьа на
лагь -ана
иер
са
ижаза
а
накьв
акъат
къени -вал
ахьтин
г -ана
къе.йиф -из
ибур -ни
хьа -ана
и
лагь -ана
и
кӏвал -е -NULL
чи
за -з
эциг
гьада -ни
вун а
кар
гъел
ата й
за -з
бала
лагь -ана
чун
тахтун -а -л -NULL
гьа
жугъ да
булах -да -л -NULL
вун а
кӏан -зава
ваз
и
кукӏв а -л
мицид
са
и
хт -ана
ваъ
я
руш -яр
мад
ф -ена
же зва -ч
кӏан -зава
пулдал -ди
лугь -уда
аял -ар
гьалт -да
и
ф -ена
чун
я
лагьа на -й -ни
ахират -ди -н
хъсан -вил -ер
тир
эгекь ай -ла
пат а -з
ат -ана
кьве
сад лагьа.на
шуькуьр
дарман -ни
яд
мад -ни
руш -а -л -NULL
къени -н
велибег а
хкадар
гва -з
гьа
хт -ана
це
чна
и
халу
и
яд
зун -ни
са
лугь -узва
иер -ди
эхир
гьаят
экъецӏ -на
са
хьуь -из
ч -ида -й
же да -ч
молодой
иер
цӏыцӏ
хьа -нава
таран
ааа
са
вуч
сабурлу
дуьз
и
ва -з
ибур
диде -ди -н
чна
икьван
са
и да -з
кӏвал -е -NULL
и -м
хва
кицӏ
и
юкъ -у -з
ахпа
за -з
къарагъ -на
им
са
къатк -ана
я
и.вахтун да
вине -л ай
экъечӏ -на
ат -ана
тир
анжах
фи -ин
аял -да -л -NULL
йис -а -л -ай
за
гьикӏятӏана
гьеле.бил
элкъв -ена
машин -ди -з
зи
звериз-звериз
жагъур на
чир хьа на
мехъер -и -хъ -NULL
руш -а -л -NULL
бере -да -NULL
кӏадар
гьана
къеле -ди -з
алат -да
са
ӏ8
ава й
тамаш -на
ама
беес
и
седакъетли
гъил -и -н
и
ахъат на
белке
а
вахт
хьтин
зун @@@
чун
ягъ -ана
станция
шаир -ри -н
югъ
охран а
са
руш
акахь нава й
хт -анва
къе -н -и -н
ава -з
хуш.къве да
пармак -ни
диде -ди -з
тек
акъуд зава -й -ди
кьван
тарих -да
политика -ди -к -ай
гила
гьим
вири -ни
ф -ида -й -ла
буй
пачагь -ри -з
яр
гагьат -зава
накьв
зу
ягъ -ан
маса
буш
къеле -ди -в -NULL
фургъун -ни
гьа
ава й
хьи
экуьн -е -хъ -ди
гьалт на
садра -ни
ча -з
фе на й
мад
т- ак -урай
исабала -ди -н
за
гьа
ала
лугь -уда
шей -ни
гьана ра
руш
значит
ф -ена
и
ада
шуькӏуь
ава -й -ди
чна
я
я
туш ир
са
ала й
ани хъ
дастан
лугь -уда
лугьу -из лугьу -з
ана -й
бес
чун
акъах -на
ки
хъсан -ди к
ина
вах
экъецӏ -ай -ла
хьи
ам
ча -з
ани -з
рекъ е
седакъет
лагь -ана
лугь -уда
са
мугьубат -ди -н
ата -й -ди
хта -нава
накьв
пара
эрекь
за -з
ф -ена
тир
чӏугва -из
садрахъ -ни
лагь -ай -ла
гьикъван
пачагь -ди -н
жи
хьайи -ла
ата -й -ди
лагь -ана
гьат -на
муаллим -ди
я
эвера
вал -ар -я -й
ша
диде -ди -л -яй
я
гада -ди -з
руш
руш -а -л -NULL
за -з
я -тӏа
къалур на
домкультура -да -NULL
яргъал
гъил -е -NULL
ээээгь
гъ -ана
шикил
къ -уна
цай
ам
гьуьл -уь -н
гьана -л
демели
кӏвал-югъ
шей -ни
ава -й
фе -нава
ктаб да
ма
бес
хкве зва -ч
кӏараб -ни
ф -ида
ашукь -ди -з
хъув -уна
хуьр ей
и
къваз -на
и
хьа на -ч
ну
сувар -и -н
ви
лагь -ана
куьмек -да -тӏа
гьааа
ат -ана
ибур
гада -йр -и
ида
руш
ма
ий -изва
бес
рекь -е -й
безханум а
ат -ана
хьир
чун
лагь -ана
за
мизан -ди
бебир
пек -ни
кутӏура
ахкъач
ахпа
тапарар зава -тӏа
гьисаб -зава
я
ат -ана
ибур -и -з
чун
ковш
и бур
кицӏ
же да
чи
гьадисе ни
гьиниз
са
ки
кутунва й бур
хьа на
кьисмет -да -NULL
ма
конечно
ава -й -ди
же да -й тир
ф -ида
и бур -и -н
яд
фи -н
пуд кьуд
я
кицӏ
сонра
вич и -н
цав -а -л -ай
тахтун -а -л -NULL
има @@@
лугь -уда
г -анва
кӏел -ай -ла
ида -з
ама
гьахь из
сад лагьай
лагь -ана
жуз
гьада -з
гьа на
ана -р -из
гьахь -ин
гьич
лугь -уда
хт -ла
къвед
эциг ай -тӏа
рафик а -н
кавалерар
икьван
хпер
гьат -на
пака
хвеши
руш а -хъ -NULL
кьил -е -л -NULL
къуьне -л
ки
диде -ди -н
-ча -з
гъил -я -й
са
жув а -н
вич и -з
хкаж на
ибурни
гада -ди
луьткве
жуьт
хьа йи -ла
арзу
мез
исят да
хъсан
ат -ана
ана
ашукь
гьа
хьур ай
за
атӏ
и -м
вац -ра -NULL
буба -ди -хъ -NULL
вич
сутка
вак -ар
гьам
ацукьар -да
вун
руш
вил -и -к -ай
иеси
мама -ди -з -ни
цӏугъвена
агъи да й
хъ -ч
цай
и
балкӏан -ди -н
чукотский
лугь -узва
хьа на
хьа на
лагь -ана
сад
сад а -з -ни
ша
са
иеси
юкъ -у -з
граница -ди -з
къуьн -е -л -NULL
чан
гьа
лагь -ана
лагь -ана
гада
шей -ни
адет
ч -ида -ш
маса
ида @@@
къийи
кӏурцӏул
иви -ди
такси -ди -з
ма
лагь -ана
гада -ди -н
я
воо
тагиев
дастан
бес
мугьарибе
са
кӏан -зава -й
чун
гьада
и
са
къваз -на
ат -ана
лугь -уда
акур -ди
яб.акал -енма
вил -ер
газет -ди -н
акв -азва
жув а
тир
кӏан -зава
я
ки
ала -й тир
диде -ди
гваз
ама @@@
чи
лагь -ана
лагь -ана
хъфе -нава -ч
агакьара
и
инсан -ди
дуьз
по
яд
ат -ана
вуш
эхир
кӏан хьа й ила
эгьтибарсуз
я
акъат -зава -ч
кӏвал -е -NULL
вич и -з
йиф
къазах -ди -н
ханум а
рук а -з
я
жемят -ди -з -ни
къв -еда
гьа да л -ай
урожай
къакъуд -на
хкв -еда
эскервил -е
амни
за
ч -изва
гу да -й -ла
гада -ди -в -NULL
шапӏа -яр
куьне
за -л
дерд -и -н -ай
са
има
везият -ди -з
ф -ида
гьаят -да -NULL
икӏ
жедач
югъ
ругуд
эциг -да
т -ана
хьухь
кьван
цӏай
има -ни
коме
юлдаш
ав -уна
гьуьл -уь -н
зунжур -ди -в -NULL
а
са
вуч да
ахпа
я
ий -мир
я
къерехда -л
мама
гурвал
лугьу да -й
руш
кицӏ -ер
белке
маса
ат -ана
гила
бахшай бур
гъил -я -й
хъа на
ибурни
пачагь -ни
тереф
эхтилатар -на
ашукь -ди
жемят
хьайитӏа
абур -у -н
лугь -узва
ава -й -ди
чи
сер -ди -з
им
машин -ар
я
атана.агакьда
лагь -ана
г -анва
цӏуьд
туху зва -й
и да -н
хьтин
к -ур -вал
крар -да
са
хьуй
гъ -ида
кь -уна
военные
гьакъикъет да
вуна
къаравул -ни
къазах
лугь -уда
иеси
хьа на
г -ана
халу
и -м
аллагь -ди -з
гада -ди -ни
ахъах -ана
гада -ди -ни
руш а -хъ -NULL
г -ана
пачагь
хьа на -ч
къапина
пара
тӏимил.кьван
гьелбет да
хъфе -й да -ла -й
лагь -ана
чӏехи
еке
зи
чи
руш
хуш
шикил
жув а -з
безханум
са
лугь -уда
ф -ена
са
балкӏан -ди -н
изат на
ви
за -з
ий -ин
патав
чӏар -ни
за -н -ни
казарма -да -л -NULL
им
хт -ана
хьи
гьафте -ди -л ай
ак -ур -тӏа
руш
за
жаваб
я
буба -ди
яд @@@
хвеши
хьа
руш а -з
ама -ни
ава й
яма
зи
ван
вилик
свас
кӏвал -и -з
таран
стӏурви
чна
та- хьур -ай
лугь -уда
хьуй
и да -н
агъуз
кгъ да
пачагь -ди -н
хьа на
за
има
и
я -тӏа
кьуд-вад
солдат
маса да -н
ки
лугь -уда
хьа на
къач -уна
сонра
буба -ди -з
вуч -и -з
хьуьр -уь -н
кьимет
агакь -на
лайих
са
ноябрь декабрь -ди -н
агакь -да
эхир
я
къул -а -NULL
хт -ана
язух
а -бур
цл а -л -NULL
ахпа
ава -ни
кицӏ
къулухъ ай
зенги
агъуз
бала -яр
галаз -ни
уже
кан -зава
гьа
акъадар -на
г -айи
атӏ
чубан
пака
вун
инал
таажублу
я
сувар -и -з
лагь -ана
и
кӏан -да
лагь -ана
цӏуьд
тас
гъил -и -к -ай
т -ана
акв -азва -ч -ни
къулдур -ар
г -айи
мад
игьи зва -й
я
гьикьван
вуч -из
ана -й
и
эхир
куьче -да -NULL
кӏвал -ар -и -н
вич -и -з
зу
инра
хьа -нава -й тир
ат -ана
ф -ида -й -ла
хьи
са
бала -яр
лагер -ди -з
гьайван
кьве
лугь -узва
вилаят -ди -н
вахч
на
вуч
шагьдагъ -ди -н
кам
лагь -ана
хъсан
хта -нава
са
я
план
руш а -к -ай
пачагь -ди -н
лагь -ана
къеле
кӏан -да -ни
ава
я -тӏа
ча -л
билет -ар
чӏугва -из
кьве
тамаш -на
чна
алукӏ на
тухв -ана
чпи в -ай
и
лагь -ана
ида -з @@@
пачагь
ма
и
чна
лагь -ана
я
сад
куьзар -да
за -л
ва -з
жаваб
гьа
вун
вич -и -н
гьейет да -л
са
хьа на
чна
гьина -й
марф
вилаят -ди -з
еке
и
кьвед лагь -й
гъа -нава -й -ди
гаф -ар
гваз
пуд
хъсан
хьа на
и
кван
эвечӏ на
гьа -да -н
кат -да
суракьиз
кь -уна
элкъв -ена
ондокъкъуз -ди -з
хуьр яй
лугь -уда
за
акван
кан да
кӏвалах
вили
эвел
вуш -да
агъуз
къарагъ -на
кьулухъ
чун
гьар
за -л -яй
за -з
лугь -уда
яд
а
кагъаз
сувар -и -з
пай
а
кӏан -зава -й
аяр
себриллагь
пачагь
тир
кӏан а
руш
нур
кхь -енва
вич -и -з
ат -ана -че
ак -уна
акъуд -уьн
хва
ават
гада
талыш -ди
эвицӏ.хъийа
лугь -уда
мугьарибе
ат -ана
балкӏан -да -л -NULL
и.ара да
исят да
лугь -уда
лугь -уда
вил -ер -а -л -NULL
ша
вири
нуьмре.къве -з
рехъ
кьве
кьулухь
гада -ди
иер
яр
ч -изва -ч
ахпа
кьвед лагь -й
кӏцар
тир
катиз
чна
ак -уна
за
руш
жуьт
идани
галай
ахпа
мертеба -ди -з
зи
эгер
къвалах на
ада
чая -р
гьикӏ
ада -л -яй
лагь -ана
рекъ -е -л -ай
вич -и -н
пепе
ма
ат -анва
къваз -на
ава -й -ди
ковш
чун
вахт
зун -ни
ф -енва
кхьа на
пачагь -ди -н
лугь -уда
ф -из
ва -з
ибур
гьикӏ
ф -изва
вун а
ягъайтавур
гила
къач -уна
анжах
агъзур
аял -ар -и
ида ва -й
эвел
тамаш -на
къенд -ер
ам
чун
анал
лугь -уда
лугь -уда
хьир
и
лугь -уда
чун
зун -ни
ава -з
и да -н
патак ай
хьа -ана
къачу
ав -уна
гила
гьикӏин
я
хьуй
палкан
вун
ана
лагь -ана
патав
филан
самур
ава й -ла
хейли
рекь -из
во
вири
ама
мелим -ди
ви
муаллим -ни
накьв -ади -к -ай
луьтквечини
югъ
и
я
мад -ни
за
ахпа
ф -ида
хуьр -уь -н
руш
зи
зур -ар -ни
гьикӏ
руш -а -л -NULL
ават -ана
гада -ди
же да -й -валди
ма
лагь -ана
экъечӏ -нава
акъуд -на
зи
исят да
анжах
кӏан -да
кӏвалах -ар
эхир
вегь -ена
тир
гьа
лагь -ана
ибур -у -ни
зун -ни
тӏва
чукьуна
гъил
лагь -анва
гьам
ча -з
хьа на
вилик
лугь -уда
гьадисе -яр
ашкъи -ди к -ай
хъсан
свас -ни
ида -н
яран
вуч
ий -ида
лезги
хьа на
вич -и -н
г -ана
ак -ур -тӏа
рехъ
хьа -нава
вич -и в -ай
крар
рессам -ди -в -NULL
чӏарч -ни в
жи
куьтях -на
чун -ни
зав
палкан
а
гелер -и -хъ -NULL
лугь -уда
лагь -ана
гьада -н
ахпа
къе -ни
пата хъ
хьа на
зи
лагь -ана
кцӏар -и -з
гьуьл -уь -з
я
гъил -и -к -ай
ви
ки
и
ава -й
чира
лугь -уда
чан
жен
вири
за -ни
вич -и -н
кьакьан
купча
я
лагь -ана
са
за -ни
везир -ар
зи
къари
руш
фейитӏа
джагьан
хипер
а
лугь -уда
гьа
вак
т -уна
тӏвар -чи -з
кьве
ва -з
за -з
къерех -р -и в
яр -ди -з
хт -ана
хкв -езва -й
кицӏ
гада -ди -з -ни
ида -ни
вилик
г -ун
ида
гьа
вуч -и -з
кичӏ
и
ягъ -ана
я
пачагь
абур -у -н
гьана -л
пек -ер
къвегь -изва
ван
я
же да
диде -ни
за
за -з
лагь -ана
ибур
принцип
аял -ар
са
хъсан
лугь -уда
кьил
ана
же да -ч
руш
ак -уна
кӏватӏ
гада -йр -и
яхцур
уюн -ар
лугь -уз
ибур -ни
винел
гъил -и -к -ай
нупа да -л
яваш-яваш
ак -уна
лугь -уда
гада
илисар -да
тучир
сонра
тавур -тӏа
хъсан
пачагь
лугь -узва
ак на -ни
гьим
и
це
тамаш -на
хт -ана
бес
гьунар
гада -ди -з -ни
я
ак -ур -тӏа
лагь -ана
къач -уна
кӏан -зава
ацукь -на
ну
хьа на
шехь -ана
руш -а -л -NULL
ва
гъугъ
гьаджи
чи да
ван
вах
яхцӏур
гьана -л ай
месела
къен -ай
пара
абур -у
ахъай -на
талыш
кут -уна
ама
са
ахпа.хьиз да
ва -з
кӏвал -и -з
ашукь же да
метӏегъ
хьа на
руш
нур
лагь -ана
шумуд
вуш
хьи
кор-пешман
г -ана
чна
вад
къ -уна
мани -яр
ава -ч
ф -ида
диде -ди -з
лугь -узва -й
ида -з @@@
вутӏ
гьавайи
гъил -е -NULL
мама -ни
хьур ай
ахпа.хьиз да
за -з
сороковой
югъ
юкьв -а -й
лугь -уда
лугь -уда
гада
ама
гала -з
дуьз
гъ
ча
къуш
а -бур
къунши
хкв -еда
ша
вири
худат -ди -з
телефон
алман
вич -и -н
пуд
гьамиша
руш а -ни
ама й
лугь -уда
абур -и -з
диде
и
за
ибурузни
же да
бес
же да
пилте
руш
клуб да
хъф -ена
хкв -еда
цл а -л -ай
же да ай
кичӏе
а
ахпа
истифаде
сергьед да
гъуц -ар -и -з
эдебият -ди -з
гьа
ф -ида
ав -уна
ярх хьа на
кӏарас -ар
авуд -на
лугьу да -й
санихъ -ни
имни
гада
гада -ди -з
къв -еда
лугь -уда
кичӏе
акъуд -уьн
эвер -на
гьа
ма
мекьи
хьи
хъф -ена
зи
пачагь
сонра
рах -азва
лугь -уда
хт -ана
эхир
гьахьт -и -н
гьуьл -уь -н
ван акъуд зава й тир
хуьр -уь -н
я
за -з
яхцӏур
сонра
къалуртав -зава
эвел
бес
ам
ида -ни
лугь -уз
белке
кь -унва
ата -й -ла
я
я
зун -ни
вил -ер
къач -уда
эциг -нава
я
са
чан
гьич
пачагь -ни
накьв
лугь -уда
са
и
са
я
агъур -на
эрмени
са
чукотка да
кьимет
ма
кичӏе
жув а -н
цац -ар -а -й
мама
кӏвал -е -NULL
я
части
ава й
авайбур
т -ана
отуз-кьырх
чая -р
балкӏан -ди
гу д ай -вал
ашукь
бес
т -мир
хьа -нава
бере -да -NULL
тарих -ди -н
ахпа
руш
кьиса -ди -н
са
вич
лагь -ана
руш
ва -з
а -бур
был
гила
лугь -уда
фикир -да
я
хьа на
инри -з
гьикӏ
высоковольтный
къари
ида -ни
я
горе
муькуь
хьа на
лугь -уда
вилаят -ди -н
я
тарих -ди -н
вил
аллагь -ди -з
лугь -уда
яратмиш -ана
гьагьа
ида -н
лагь -ана
им
рекъ -и -н
тир
и
вич а -л
и -м
лугь -уда
кичӏе зва й -ди
капитан
гьефте д -л -ай
ч -изва -ч
за
аква да -й
лугь -уда
гада
гъил
дуьз
ихьтин
и
гьа
ида -н
гада -ди
гьина
гьа -да -з
са
рикӏ -е -NULL
лугь -уда
экъечӏ -на
лугь -уда
руша
хуьр -уь -н
ф -ида
ава й
и
яран
хьи
са
руш -ни
куьтягь
га -й -ди
къачу
лугь -узва
гьада -з
кьарас
фурумда
чукур ай -ла
же зва
вилаят -ди -в -NULL
зи
ибур -у
ф -ида -й -ла
служит ай -ди
гьакӏан
са
вуч
за
кӏан да й -бур
вилаят -ди -з
вегь -ида
я
эвечӏ на
чӏал -а -л -NULL
чашмиш хьа на
хьа -нава
хъув -уна
имни
гьикӏ
сонра
къерех -ди -з -ди
вирида
ама -ш
фи -ун
ала
сят -ди -з
къаз
ида @@@
ви
гьикӏ
им
лагь -ана
урус -яр
анаг
ахпа
чун
вири да
виликди
са
къулдур -ар
мухох -да -й
лагь -ана
гьабур -у
кут -унва
сырой
ооо
межлис -да -NULL
вуч
чукур -да
яд
хьа на
ф -ида
адрес
лугь -уз
галат -ана
азербайжанли -яр
лугь -уда
лугь -уда
яхцӏур
килиг ай -ла
кӏвал а
ат -ана
ибур -у
вили
ам
зун -ни
килига й -тӏа
талыш -ди
пис -вал
йисус
хьи
балкӏан -да -л -NULL
вахт -ни
гьат -да
вич
патахъ
ма
буба -ди -н
шей
араб -ар
мад
са
лугь -уда
тур
ида -ни
им
себрилла
ви
гьамам -ди -з
же да
яшайиш
хва
и
вич и -з
вуч зава
акъах -на
къач -уна
лагь -ана
тухва -нава
сура
зи
фидамаз
сонра
мад
баки -ди -з
диде -ди хъ
имни
ваъ
чир -на
хт -ана
он
ки
кака -яр
руш а -к -ай
ви
кьил
къагъ -ана
хьа на
ава й
ну
чан
ки
ий -изва
гада -ди -хъ -NULL
юкъ -у -з
пачагь
ибур -у -з
саягъ
ида -н
дуст -и -ни
ахъай -ин
пачагь -ди -н
туш
юкъ -у -з
кьуьзуь
ав -уна -ч
йис
кьан а -NULL
саягъ да
яхцур
пачагь
гьама -ни
яргъара
новгород да
балкӏан
хуьр
ина
за
я
жи
лугь -уда
къаз
мугьарибе
хьа -нава
гьан а -л
я
сабур
юкъ -у -з
катна
же да
хъв -аз
са
лагь -ана
кӏвал -ар а -NULL
хъф -ена
я
тухв -да
экъецӏ
рак
акъат -на -тӏа
акъв -аз
гьал да
къаравул -ни
и
ак -ур -тӏа
кьуд а -з
гала -з
има
сонра
ф -ена
гьабур @@@
руш
лугь -узва
ат -ана
инсан -ар
лугь -уда
ава й -ди
вири да -н
гила
ашукь хьа на
ава -ч
чӏехи д
акъат -на
гьина -й
я -ни
ягъ -ан
къазахстан -да -NULL
и
кӏарас -ар
муаллим
чан
истикан
руш
вич -и -н
лагь -ана
вахт
чна
диде -вал -ни
лугь -уда
ида -ни
вад
тир
лагь -ана
меденият -ди -н
я
руш
хкв -еда
шикил
а
ина -й
идани
ида -з
ибур -уьн
эхир
а -бур
шикаят да
свасни
гила
руш
за
алифб -ар -а -л -NULL
зун -ни
пачагь
декьикьа
пепе
са
гьат -на
инал
беш
бухгалтер
са
ленинград -ди -н
гьеле-меле
гьерекат -ар
и
ви
туш
шей
и
хъф -ена
балкӏан -ди
халкь -ди -з -ни
кцӏ -и -н
хьа йи -ди
же зва -ч ма
нефер
за -ни
лугь -уда
къене
ахъая
кицӏ
гьада
дастан -ар
хт -анва
ава -ни
пуд
ма
башламиш -на
вуш
иер
вич -и -н
са
къв -еда
ва
чун
ава ай -ди
исят да
самур
а
я
лугь -уда
папа -з
лагь -ана
туш
за -з
чун
же да
лугь -уда
кӏан -зава -й -ди
за -з
хьи
буба -ди -н
г -узва -й
са
иер
рушан бур
са
ида @@@
гьимаенда.йашамиш
кван
за
диде -ди -н
гьа
0ӏ
са
граница -да -NULL
гьикӏин
он
инсан -ди
за
самур
сад -ни
уьлуьхъар -на
самур
лагь -ана
фе йи -ди
хьи
лугь -уда
и
за
егь -езва
за -з
игила
ви
т -уна
и
кицӏ
жаван
винел
акьа -из
инсан
т -ана
эвера
бес
тухв -да
стха -яр
юзух
кӏан -зава
дяве
жуьйуьр
жаван
точно.дан
я
ани -з
хьи
и
г -уда
кьвед лагьай
за -з
сад
кӏурцӏул -ди -хъ -NULL
тӏ -уьна
ибур -и -н
пата
ну
и
гъил
чпи -з
мици
хкадар -да
чна
руш
дуьз -вал
гада
за
ви
я
фикирар -на фикирар -на
момент
кьвед лагь -й
хъувур
хьа на
и.арада
са
тир
чун
лугь -уда
ф -ена
са
призывник
са
чӏехи
мисмар -ди -к -ай
и
гъил -е -NULL
къахч -уз
элкъв -еда
чӏал -алди
тухв -ана
чун
кӏан да
лагь -ана
ава
капаш
ана -й
чан
патак ай
якьур -на
вун
я -тӏа
инрай
мах -ни
аква -ин
терези -ди -н
стрелка -ди -з
чими
са
хкве -р -ла
агакь -ар на
ава
эвичӏ -на
бес
кӏан да
залан
лезги -яр -ни
зурзун
кӏвач
са
вегь -ена
но
гада -ди -н
ва
вад
кицӏ -и -з -ни
т -уна
ана -й
жагъи зва -й
къунши -да -л -NULL
за
къажгъан -ар
за
вак
лугь -уда
хъайа
где-то
алачух -ар
мороз -ди -з
чун
гьана
ван
ф -ида
за -ни
я
накьв
кьвед.лагьай
ибур -у @@@
прямой
пара
ацукьар -да
ибур
бес
гаф
рехъ
баде
накьв -ар
ахпа
ава
гъ -ида
агала й -ди
элягъ -на
кс -ана
кьил -е -л -NULL
чун
гьаят -ди -з
муьстекъил
лопатка
вилаят -ди -з
лугь -уда
фейи -ла
югъ
вич -и -н
киник
лугь -уда
гьалт на
къерех -да -л -NULL
и
уьстуьн
лугь -уда
солдат -ар
гьакӏ
цуьлуь
кван
ахпа
гьуьл -у -н
гъил -я -й
ав -уна -ч
къуш
гьан а -л
жени
къулдур
кьил
квез
шагьдагъ -ди -н
хъсан
ава -ч
лугь -уда
лагь -ана
хьа -нава
къачагъ -ар
гъил -е -NULL
накьв -ади -к -ай
руш
эвер -да
немец -ар -и -н -ни
за
ф -ида
хв -ена
къач -уна
лагь -ана
шумуд -р а хъ
хъувур
фин
руш а -н
жер
йит -ар
ахпа
сагъ -рай
литва -ди -н
гагьат -зава
муьтлег
хта -й -ла
ча к -ай
руш
диде
гьиниз
руш
кьве
пачагь -ди -н
же да
цона
ки
лагь -ана
допрос
патахъ
же да -й
джуьт
ибур
лугь -уда
са
тамашатӏа
садан
вегь -ена
ацукьар -да
экъв -езва -й -тир
за
уборка
ин -и -з
франция дай
эрмени -ди -н
куь
чан
фикир -ди -з
тамам -ар на
тхв -ана
акъуд -на
гьада -н
лугь -узва
кьвед лагь -й
лугь -узва
ибур -у в -ай
руш -ни
тупӏал -ар -ни
и
чукур -да
ида -н
вилик
ава
кьуд-вад
мадани
ф -ена
вуч -из лагьа -й тӏа
ана
хьи
лагь -ана
инра
мирес
хьа на
тагиев а
ибретани
хуш
ибре
акъудир
вообще
хьа на
ма
за -з
анжах
лагь -ана
месела
ви
акв -азва
хьа на
телефон
тӏимил
ханум а
ахпа
ани -з
къагъ -ана
са
мад
стха -ди
имран
вахт
служит на
вач
и
лагь -ана
рехъ
за
я ни
диде -л -ай
бере -да -NULL
къари
балкӏан -да -л -NULL
сонра
чубан -ди в -ай
немец -ди
гьейет -да -й
лагь -ана
кьатӏ -изва
це
нуьк -ер -ди -з
элкъв -ена
сонра
ава -тӏа
экуьн -е л -ди
кӏан да
пачагь -ди -з -ни
экъ -езва
лугь -уда
хъф -ена
лагьа на -й -ни
амукь -на
лугь -уда
хьа на
ма
буьркьуь
кесиб
лагь -ана
палкан
лугь -уда
хъф -ена
иер
патак а ай
гъвечи да -з
къарагъ -ай -ла
кутӏан -на
тӏвар -ар
ча
лагь -ана
уьлуьхъ -из
вич
кӏан -зава
им
акур -ди
вич -и -з
ава й
гада -ди -з
вич -и
и
лагь -ана
са
вири
ят -ар
амна
са
я
хьа -ана
ки
кӏвал
ашукь -ди
эхъве на
пачагь
вил -ер
тӏвар
х -уьз
ибуру -н
чӏил -ар
са
аллагь
яхъ
хьа на
ф -ена
гаф -ар
кицӏ
руш
ча
патав
жаван
къв -еда
вун а
ава
гьабур -и -н
тир
икӏ
мехъерарна
йиф -и -з
гьат -на
я
гьа гьана -ра
сакӏани
лугь -уда
гьа
зи
кӏан да
элкъв -ена
абур -и
чак
и
цайлапан -ри -к -ай
рази
гада -ди -з -ни
а
я
лугь -уда
вахт -и -н да
къв -еда
чӏулав
чун
шеле-куьлени
пачагь
эрзе
им
ва к -яй
жуваз
ханум а
ама
яхцӏур
гада -ни
юкъ -у -з
ма
а
пачагь
вун
са
и
ф -ена
ава -з
гьуьл -уь -з
къапина
гила
х
я
элкъуьгъ
са
куь
чна
балкӏан -ди -ни
ф -изва
гуьзел-гуьрчек
айир
дуьз -ди к
ида
хьа нва
кӏвач
буба -ди -з
зейнеддин а -н
гьат нава й -ди
гьуьл -уь -н
зу
чара
йиф -и -з
хта -й -ла
тир
сонра
ибур
ты
лагь -ана
са
инсан
са
и
кьил -е -л -NULL
вуч -из лагьа -й тӏа
адаз
мад
о
имни
служит ай -ди
винел
тӏарамар -на
и
кӏурцӏул -ар
ва -з
зи
лагь -ана
я -тӏа
чка
чун -ни
ки
магадан да
акв -азва -ни
хъиж -еда
зи
гъил
лугь -уда
гьефте да
зал -да -NULL
хъф -изва
немец -ар -и -хъ -NULL
и
а
ак -уна
и
балкӏан -да -л -NULL
газет
къакъан -ди -з
юлдаш -ар -и
азербайджан
гъваш
ихьтин
ци
ихьтин
же -ди -ш
зу
лагь -ана
ибуруни
ва -з
порядок
и
экъечӏ -нава
сагъ -ар на
а -бур
мейдан -да -л -NULL
и.арада
фикир
гуьрмет -ар на
лагь -ай -ла
эрмени -ни
жуьре
лагь -ана
эвер -да
арадлай
кхьа -й -тӏа
чна
са
кӏан -и к
са
белке
руш
лагь -ана
гьа
эрзе
кь -ада -тӏа
имкан
хер
ма
тӏвар -ар
лугь -уда
кӏарас -ар
франция -ди -з
гьикӏ
хкве -р -ла
вутӏ
чун
хьи
ада -л
кицӏ -ер
кут -ада
къ -уна
куз-куз
а
ида
вич -и -н
шив
фе -нава -й
кхь -енва -й
гада
бере -да -NULL
ава -й
дакъикъа
им
звериз-звериз
кьве
чпиз.чпиз.мукьвал
гьуьл -уь -н
кӏан -зава
дахма
за
гьада -н
къ -уна
за
руш
анжах
фи зва -й
вич и -з
ктаб
жува
бес
икьван
хуьр -уь -н
рикӏ -е -л -ай
гьа
и
цва на
лугь -уда
чир.хьа на
чи
югъ
лугь -уда
а бур а -л
ив -и -з
буба -ни
хт -анва
саламат
ковш
лагь -ана
акъуд -на
чун
са
ф -ида
абунечияр
ава -й -ди
гада -ни
кьей
кицӏ
кхь -ида -й
артух
иер
лагь -ана
же да -й тир
абур
лугь -уда
хъф -ена
ава й
ки
дяве да
им
терсина
лезги
кӏан -зава
игирми
пуд
кицӏ -и -н
и
гагьат зава -ди
хьа на
вич -и
безханумаз
и
лагь -ана
ягъ -уьн
кан -и
ава
и
ваз
винел
за
кас
кӏан -зава -ч
хьуй
ара да
пачагьвал -да
хъсанди
акунгаз
гьабур -и
эскервил -е
боеприпас
ва
а
хьа на
къвед пуд
ци
кь -уна
вилик
мейдан -да -л -NULL
лагь -ана
кӏарас -ар
гьа
югъ
лагь -ана
ки -з
муькуь
гада -ди -ни
низ
кӏанагъ
гьа
гьеле
канивал
тамаш
зу
лагь -ана
чан
ча -з
лагь -ана
лугь -уда
г -ана
г -ана
вич -и -з
хт -ана
лугь -уда
запрос
агакь -на
кван
фад-фад
эгекь ай -ла
балкӏан -да -л -NULL -ни
йит -ар
затӏна
ана
иер -ди
сад.лагьа на
вич -ни
инал
са
хьи
яд
мад -ни
кӏукӏв а -л
гьуьл -е -л -ай
мани
кицӏ
руш а -н
гада
век -и -н
командир -ди
са
кӏватӏ
илиср -ин
вич
хт -ана
яраб
кӏвалах
руш
гьуьл -е -л -ай
лугь -уда
капаш -ди -н
шиле-куьле
лугь -уда
ам
комбинироват -на
за -з
инсан
вун
вич -и -з
аладар
ччувуд -ни
чун -ни
рикӏ -е -NULL
кут -уна
г -айи
кьил -е -л -NULL
са
за
же зва -ч
же зва
хуш
агъ -ана
югъ
дугъридан -ни
кьил
хьуй
им
ф -ида
тӏвар -чи -з
ама
гъил -е -NULL
ада
пел -е -л -NULL
руш
за
хъф -ида
гада
чун
вах а
куьн
хва
ава -й
ча в
гьадисе ни
ча -з
лагь -ана
хьуй
эдалет
капаш -да -NULL
лугь -уз
вири
ахвариз.фейи -ла
лугь -уда
я
хъ да -й -ла
лагь -ана
хкягъ -да
безханум
балкӏан -да -л -NULL
за -ни
шикил
девир -да -NULL
са
вич -и -н
вун а
зава
ий -ида -й
мад
булах
гьаят -да -л -NULL
акъадар -да
вуч -и -з
хуьррем
ваъ
са
лагь -ана
асул
лугь -уда
са
лагь -ана
хьа -нава
цл а -л -ай
гила
ма
и
гъваш
анай
ида -ни
лагь -ана
ат -ана
иер
я
иси
экуьн -е л -ди
тушир @@@
хкадар
къе
гьа да -н
къве -ди -й
фи -ун
стха -р -и -хъ -NULL
икьван
диван -ди -н
вил -ер
гьа
ма
къалуртав зава
чуьгъвен а ай
вич -и -н
асул
кь -уна
иер
икӏ
вили
гада
ама й
вун
ат
гада -ди -з
вилик
телефон
къапина
гевгьер -ар
мехъер -и -з
пачагь -ди -з -ни
руш
больница -да -NULL -ни
литва -ди -з
хьа на -ч
за -з
вич -и
афия
вуна
са
фе -нава -тир
къван
къваз -нава
чун
иер
ибуру в ай -ни
пачагьвализ
баку -да -NULL
ката
тир
бацӏ
гьамам -ди -з
кӏан -зава
гьуьл -уь -н
хъсан
и
и
къв -еда
рекьиз
чи да
динжар -на
векь -ер
бала -яр
бес
жуьре
тагьминан
руш а -к -ай
халкь
руш а -з
чун
зу
чи
застава -да -л -NULL
хуьр -у -з
лугь -узва
рикӏ
вири да -ла ай
къакъуд -на
ва -з
лагь -ана
хабар -ар
вич -и -н
хт -ана
арадлай
рекь -ида
тир
ацукь -да
алукӏ -да
тек
ф -ена
ибур -у @@@
са
за
гафариз
сад
я
чна
хт -ана
я
ими -ди -ни
квека й
гъ -ана
са
район -ди -з
дежурный да
а -бур
вуч -да -тӏа
я
кӏан да
лагь -ана
г -уда
кӏандатӏани
мугьубат
и
игъи да -й
ма
тфенг -ни
лагь
икьван
мама
ф -ида
агъуз
ва -з
ана
и
гьагъа да -л
са
ак -ур -тӏа
хьа йи
вун а
и
кафирдилайни
дуьз вил -и -з
я
мама
мад
анжах
чун
авур
пачагь -ди -н
чи
вич -и -н
я
же зва
са
руш а -к -ай
гьуьл -уь -н
же да -й -вал
миннетдар
ибур -ни
ава
зи
акур
чӏав -у -з
за
хвеши
куьч-кума
лагь
лугь -уда
чая -р
гвай -бур -у -н
гьалзавай
са
рекь -из
инсан
лугь -уда
накьв -ни
чая -р
гьул
куьне
чӏавуз
застава -ди -л -яй
лугь -уда
лугь -уда
ф -ида -й -ла
и
хуьр ре
чи
куьч кума -ни
лугь -уда
чун
т -ана
фидамаз
руш -ни
аял
безхануман
алата -й -ла
хьа йи -ла
цве -з
чирч да й
кьуьруьдаказ
кӏарас -ар
кӏвач
руш -ни
башда
ава ай
я
чка да -л
гьикӏ
хуьр -е -й
лугь -уда
це
къвалах -ар
граница -ди -з
ахпа
чна
магадан да
чил а -л -NULL
х -адалди
лагь -ана
лугь -уда
ани хъ
хъфе ай -ла
г -ана
хьа на
я
парк -ини -з
гьакӏ
пачагь
патав
дуьз
вич -и -з
накьв -ар
эээ
чан
бере
кутӏ -уна
пара
лагь -ана
гада
хьтин
в
ичӏер на
ава -ч
жув а
чун -ни
и
за
са
вине -л
дарман -ни
ахпа
аладар -да
арадлай
сегьне -да -NULL
ида @@@
йис -и -з
за -ни
бтр
я
къалуртав -мир
гъ -ана
т -мир
илис.хьухь
ламрал
туш
лугь -уда
лугь -уда
са
ий -изва
фин
и
галама й
агат -из
гьада
муьстекъил
ча -з
гила
акъат -на
пачагь -ди -н
севда
кӏан -зава
гъиш -ни
кут -ада
рекь -ида
хьа на
ида -з
ашукь -ди
вун а
зи
галай
хьи
къав -а -л -NULL
хьир
араб -р -и -н
къерар -ди -з
къ -уна
атана.агакьда
а -бур
анин
яр
илиср -ин
гагьат -зава
къерех -ди -з
отпуска
хт -ана
вахга на
ина -й
цӏуьлуь
же да -ш
кӏанчӏ -ина -л -ай
вад-ругуд
жибин -да -ай
са
балкӏан -да -л -NULL
чка -ди -к -яй
гъил -е -NULL
гада -ди -в -ай
ина -ра
чна
хьа -нава -й
философия
хкадар -зава
вун
хьа на
ахпа.хьиз да
им
меслят -ди -в -NULL
са
пачагь
отношение
за
ча -л
хьа на
ваъ
себриллагьахъ
рикӏ -е -л -ай
пака
патай
хьи
же зва -й тир
ина
меслят
кӏан хьа й ила
хъий -ида
гьуьзуьр -ди -н
ида @@@
акъадар -да
лугь -уда
къай -и
инсан -ар
ахпа
чна
вун
ава ай
муаллим
хейлаг
чпин
бебир
г -уда
за -з
муаллим
хуьр -уь -з
хейлаг
пака @@@
лугь -уда
тӏимил.кьван
вегьи -ун
кӏандатӏани
алат -ана
вич
це
диде -ди -з
дуьнья
инсан -ри -н
чка
чӏав -у -з
цӏукьуд
чан
са
яда
вич
лугьу да -й
ва -з
им
хьа -нава -тӏа
тӏва
икьван
гатфар
къвед
гевгьер -ар
рикӏ -е -NULL
са
пачагь
чан
чун -ни
лагь -ана
шей -ни
польша -ди -з
и
хьа на
са
эвецӏ -на
ф -ена
ара да
г -уз
хкв -еда
ибур
гила
гьарай на гьарай на
лагь -ана
же зва -ч
югъ
за -ни
рекь -ер
накьв
лугь -уда
ида
юлдаш -ар -и -хъ -NULL
лугь -уда
ида
ахъай -зава
кь -уна
кӏан -у -з
ва к -яй
ибур -у
винел
къари
чка -да -NULL
эвлендирмиш на
анава -й
хкв -еда
кар
къазахстан -да -NULL
чи
ша
туш
илисар -нава
г -ана
хьа -й -ла
балкӏан
гаф -ар
кювет -ди -з
яд
хве на
руш
я
ф -ида
же зва
хабар
къужахда
иникъ
ибур -у
ибурни
инсан
акъатайди
тӏимил
иси
ида
кьил -е -л -NULL
гевгьер -ар
ава -ч -из
пачагь
са
пуд
териф
лагь -ана
кутӏур
хьу -й
са
вун а -ни
руш
лопатка -ди -в -NULL
лагь -ана
руш
хьи
рикӏ -е -NULL
зи
яд
чун
хв -ена
къерех дай
лейли
аку
акъв -енва
зун -ни
хъв -ана
лагь -ана
пек
им
акъадра
лагь -ана
амукь -на
самур
лугьу да -й
вун
стха -яр
жув а хъ
вири
лугь -уда
къвед-пуд
са
отпуска
вахт-вахтинда
лугь -уда
муаллим
ав -уна
лугь -узва
ава й
лугьу -ун
зи
кан -зава
тир -тӏа
са
кӏан -зава
ава -з
бес
багъиш на
рессам -ди -в -NULL
вич -и
ф -ена
кьулухъ
мах -ни
мисал
лагь -ана
чан
къерех -да -NULL -ни
чубан -вал зава -й
-вал
стрелка
за
лугь -уда
чир
вах
ки
балкӏан -да -л -NULL
фергьад
чун
пачагь
вич
са
хьуй
ава й
къулдур
хуьр -уь -н
ина -ни
и
вилаят -ди -н
кьегьел
хьа на
кӏвал а
хуьр
а -бур
вуч
тир
териф
за
са
са
зун -ни
дуьз
еке
больница -да -NULL -ни
гьуьл -уь -н
чун
аку
хьа на
чна
тӏвар-ван
им
сувар -и -л -ай
за
гада
гевгьер -и -н
лагь -ана
чна
чна
хьу на -л
кӏил
хъф -ин
иер
юлдаш
тухв -з
я
ахпа
ф -изва
гаф -ни
ава -ч -ир -ни
дейинмиш
лагь -ана
экъве да
зи
ава -тӏа
асвальт -да -л -NULL
ашукь
пачагьвал -и -з
пепе -яр
немец -ар -и -н
чна
рекьи да -й
хъиж -еда
иер
мама
зи
и
лугь -уда
т- ак -урай
рази
ва -з
руш -ни
куьмек
гьарай
лугь -узва
гьуьл -уь -н
руш
акъат -на
лагь -ана
хьа на
фикир -ар @@@
цех
хьа на
а
хъа на
идан
яхцӏур
и
я
чан
хъсан
саат -ди -н
къеле
в
и
за -з -ни
эвера
ахъа
кицӏ
ава -з
икӏа
я
ахпа
хьа на -ч
икьван
за -з -ни
ва -з
са
ама -ш
ават -ана
г -ана
лагь -ана
ак -уна
иеси
кӏан -зава -й
гьикьван
чай -ди -з
шеъ
автобус -да -NULL
бес
тӏва
ахъай -на
лагь -ана
ада
интернет
лугь -уда
mугьарибе
ада
балкӏан -ди
чун
ава -й
иер
велибега -н
лагь -ана
ида -з
а
принцип
абур -ни
шагьдагъ -ди -н
мугьубат -ди -к -ай
ида -ни
ва -з
лагь -ана
ибур -ни
хурук-хурук
югъ
гъ -ида
май -ди -з
ф -ена
жамаат -ди
кьве
кӏват -из
миллет
хьи
фин
ийи -зава
за -з
лугь -уда
гада
я
пачагь -ди -з
къач -ун
вири да -з
за
сад -ни
жув а -н
т -уна
лагь -ана
чун
кӏан да
жув а -з
има
мина
хтар -ар
передовой -ди -з
лугь -уда
гаф -уна -л -NULL -ди
ча -з
ава
икьрар
гада -ди -н
лугь -уда
дили
кь -уна
амайбур @@@
игила
вахт
бес
хъф -ена
им
гьаа
ат -ана
назир
вилаят -ди -з
гьуьл -уь -н
хьи
кӏукӏв а -л
исят да
булах -да -л -NULL
ада
хуш
гада
капитан
адахлу
ман
же зва -й -ди
хт -ана
ат -ана
ида -з
гада -ди
абур -у
егье -зава
же да
и
фасон
за -л -ай
мукьвал
къе
чун
хьа на
экъв -езва -й -тир
ахъай -да
къал ай
бели
эхъве на
кьил -е -л -NULL
лугь -узва
я
хьа -ана
немец -ар -и -н -ни
чун
гьал зва -й
куьн
ада
икьван
за
бирден -ни
бина
исят да
регьмет -ди -з фе на
вуча
ф -ена
йис
пачагь
хьа на -ч
ни
гевгьер -ар -ни
жи
ана -й
ва -з
руш
вун а
кӏвал -и -з
но
са
гьикӏ
зун -ни
жи
ф -из
ата й
яхцӏур
сад а
элкъве -из
акъат -на -тӏа
за
гевгьер -ар
чир хьа -йидилай
кье йи
ала -й -ла
куьтягь
туш
хк -ана
амукь -на
чпин
тӏвар -ни
вун
учебка -да -NULL
ф -ена
лугь -уда
къал
ихьтин
ви
машин -ни
туш
ава
гъваш
г -уда
гьамам -да -NULL
хьа на
нефес
сефер -да -NULL
гьада -з
хьи
самур -ди -н
и
дастан
лугь -уда
а
ам
хве на
са
хьу р ай
ибур -и -н
хьа йи
эээ
хкадар -зава -й
ча -з
ван
чун
къваз -нава
дербент -ди -н
гъел
ата нава гу да
ахпа
элкведиз
ки
шумуд
са
хьа -ана
яд
тахтун -а -л -NULL
лагь -ана
лугь -уда
акв -азва -й
тагу да ай
и
ругь -ди -з
ат -ана
чун
кӏан -зава -й -ди
атӏ
ава @@@
кӏан -зава -й
я
чан
малумат -ар
за
руш
гьуьл -у -н
гъанва
са
халу
ида -ни
лагь -ай -ла
къалуртав -мир
командир -ди -з
нуьмре.къве -з
ашукь
гъ -ана
луьтквечини
ам
лагь -ана
гьул
фе -нава -й
жеш
ки
вил -ер
я -тӏа
я
и
за
чун -ни
йиф -е -н
кӏвал -е -NULL
и
хьи
чун
балхун -да -й
ат -ана
къуьн -е -л -NULL -ни
только
кицӏ
яхцӏур
кӏан -зава -й
и
гада -ди -з
гъил
къаз
уьлуьхтай -ида -вал
гаф -ар
тӏвар -ни
я
вуч
гада -ди -з
вич
пара
гьа~гьа
патав
гафариз
вуч
гала -з
ив -и -з
хкв -еда
гила
и -м
ну
ана -й @@@
маса
и
юкъ -у -з
хьа -нава
и
са
хъф -ена
лугь -уда
лугь -уда
гьат -на -ч
гьуьл -уь -н
ава -тӏа
кван
ак -уна
лугь -узва
безханум а -хъ -NULL
гьа.бере да
иер
ара да
булах -ар
чна
ваъ
гъел
сефер
гьар
чирад а -з
накьв
тир
им -ни
сад
кат -ана
туш
руш
за -з
хер
ада -н
лагь -ана -ч
рах -азва
кӏвал -и -н
ава -ч -ир да -з
мерека -ди -л -ай
лугь -уда
яру
аладри -з
хъв -ан
гада
кут -ада
винел
сержант
патака ай -ни
девлет
вич -и -н
кьвед лагь -й
за -з
лагь -ана
са
цай
кьисмет -да -NULL
икӏа
акв -азва
тхв -ана
т -мир
руш -ни
жедач
чна
себрилла
къач -уна
ава й
иер
гьамбал -ар
и
алцурар -на
ф -из
лугь -уда
ки
барзу
хьурай
ава -ч
къужах -та
хьа -ана -ч -тӏа -ни
ахпа
ихьтин
за
чун
вун
гьинвайда
лагь -ана
абур -у
къ -уна
тӏвар
лугь -уда
лув.гана
пата -л а й
мад -ни
гьаниз
лагь -ана
хьа -нава
руш -ни
ина
затӏ
ида
ама
зи
ф -ена
ида -ни
лагь -ана
лугь -уда
и
эхир
икьван
за
жува-жув
эхирни-эхир
кӏватӏ
вилаят -да -NULL
акв -азва -й
физвайди
ибур -ни
яд
вуч -и -з
эциг -на
ф -ена
хуш
са
экуьн -е -хъ -ди
папа -р а -л -NULL
къв -езва
лугь -уда
игила
ий -изва
гада -ди
я
ида -ни
и
ая
рехъ
жив
гьафте -да -NULL
вуч
гада
и
вун
за
и
кут -уна
лугь -уда
чун
и
ава
лагь -ана
луьтквечи -ди -з -ни
цац -ар -а -й
акъах -на
лагь
бес
же зва -ч
къвалах -ар
диде
вун
ша
бес
ну
зи
лугь -уз
гьана -л
ив -и -з
аял -р -а -л -NULL
са
гьан а л -ай
кьуьзуь
хьа -нава й -ди
сад
гада -ди -ни
хер
лугь -уда
гьада -л ай
ара да
гьакьван
ив -и -з
акъах -да
дуьз
къе
дуьмуьш зава -ди
лагь -ана
вич -и -ни
эвер -на
севастополь да
гаф
части -н -и -з
ала й
история -р
йиф -и -з
ви -ч
и
са
чка -ди -л -ай
югъ
т- ав -унва -й
ава зва
са
чун
зу
за
сят -ди -н
за -з
лагь -ана
чун
кьиса
ча -з
ахтынский
лугь -ун -из
гьава
хьа на
балкӏан -ди -ни
кьве
сонра
хъф -изва
гат да -уьнмаз
къатк -ана
кьулухъ
килиг ай -тӏа
ци
къван
хьа на
ва -з
ваз
кьуд-вад
хьир
ну
хутх -ана
хкаж.же зва
яхцӏур
къван -ер -и -н
ф -ена
руш
вири
руш а -з
къахч -уна
вун
чи
гьиниз
хьа -нава
и
дарман
пек -ер
тир
же да
эгьтибарсуз
ида -ни
вилаят -ди -з
бес
чӏахмах -ди -н
пара
кьвед.лагьай
патаг
лагь -ана
ина
метлеб -ди -н
ацукь -зава -ч
а
чӏув -а -л -NULL
и
я
кь -енва
кьил -е -л -NULL