below
ᴘʀᴇᴘ
female
ᴘᴄFʟ.rsbl =3ᴍiɴII
head
piece.of.wood
thing ᴅᴇᴍ2.ᴅɪѕᴛ
there
high
AFTER
dat=1augII
ѕᴜʙʀ
ᴘʀᴇᴘ
day
ɴᴇɢ know =1ᴍiɴI ɴᴇɢ
what
Rʟ speak PᴅiR.HITHER
travel PᴅiR.HITHER =1ᴍiɴI.ᴄᴍʙ
ᴘFᴠ
because
Rʟ be.difficult ᴛR =3ᴍiɴIA
call.someone =3ᴍiɴIA
crew
what
ᴅᴇᴍ1.ᴘʀᴏχ
Reef.Is
much
said again PᴅiR.YON
ᴀᴄᴄ =1ᴍiɴII
ѕᴜʙʀ
ᴛᴘɴʏᴍ
Rʟ ᴍiᴅ write ᴀᴘᴘʟ =1ᴍiɴII
man
high
ᴘʀᴇᴘ
there
Samuel
be.struck
Pawa.school
head
kill =ᴄᴏЅ
brother =3ᴍiɴII ᴘʟ
reach PᴅiR.HITHER =3ᴍiɴIA
both =2ᴀᴜɢII
Rʟ finish =ᴄᴏЅ
portion
and
needlefish
Rʟ.3ᴀᴜɢ paddle together =ᴄᴏЅ =3ᴀᴜɢIS
ѕᴜʙʀ
take iɴᴛЅ .BZ(PDIR.YON)=O(1MINI)
ɴᴍʟᴢ1 make ɴᴍʟᴢ.ᴘᴄFʟ =1ᴍiɴII
name =3ᴍiɴII
child
Narnztilolx.(village)
Bokapwr
ѕᴜʙʀ
ᴄᴏᴍ.
chicken;.bird
ship
a
move.out
truck
war
breadfruit
ᴄᴀᴜЅ return =2ᴍiɴI
ɴᴍʟᴢ1 eat ɴᴍʟᴢ
many
ᴅᴇᴍ2.ᴅɪѕᴛ
sickness
be.1ᴀᴜɢII
ᴘᴀЅ die VERY ᴘʟ
ᴘᴄFʟ.drink =3ᴍiɴII
white
ᴘᴄFʟ.rsbl =2ᴍiɴII
ѕᴜʙʀ 3ᴀᴜɢ1 little
meat
captain
JUNE
Josis
ᴘᴄFʟ.hand =3ᴍiɴII
ᴅᴇᴍ1.ᴅɪѕᴛ
ᴅᴇᴍ2.ᴅɪѕᴛ
ɢᴇɴ1ᴀ
village
ngalinut
ᴘFᴠ
child
Rʟ ᴍiᴅ say =ᴄᴏЅ PᴅiR.YON =3ᴍiɴIA
and
ᴅᴇᴍ2.ᴅɪѕᴛ
Rʟ go GᴅiR.DOWN =1ᴀᴜɢI
moon.
Mzdxmingr.village
ᴄᴀᴜЅ return PᴅiR.HITHER =3ᴍiɴIA
boat
be.schooled
ᴘᴀЅ ᴍiᴅ say PᴅiR.YON
headmaster
money
ɴᴍʟᴢ1 famine GᴅiR.IN ɴᴍʟᴢ.ᴘᴄFʟ =3ᴀᴜɢII
ᴘʀᴇᴘ
ɴᴇɢ be =3ᴍiɴIS ɴᴇɢ
ѕᴜʙʀ
these
be.schooled
ᴘᴀЅ crush
Rʟ fall =ᴄᴏЅ
island
Rʟ forbid ᴀᴘᴘʟ PᴅiR.YON =.MQ(PDIR.HITHER)=Q(2MINI)
ѕᴜʙʀ
and
iRR be
ᴘFᴠ
demon
ᴘʀᴇᴘ
ᴘᴄFʟ.ʙ&ɢ =3ᴀᴜɢII
ᴅᴇᴍ2.ᴅɪѕᴛ
January
those
ѕᴜʙʀ
ᴘʀᴇᴘ
Baengr
tangle GᴅiR.IN =ᴄᴏЅ =3ᴍiɴIS
ѕᴜʙʀ little iɴᴛЅ
moon.
ᴘʀᴇᴘ
year
ɴᴇɢ eat =ᴄᴍᴘʟ =3ᴍiɴIA ɴᴇɢ
Nea
ᴀᴄᴄ =1ᴍiɴII
be.good
ᴀᴄᴄ =1ᴍiɴII
ᴘᴄFʟ.hand =3ᴍiɴII
name =3ᴍiɴII
3ᴀᴜɢ1 be =3ᴀᴜɢIS
ɴᴍʟᴢ1 make ᴠR
ɴᴍʟᴢ1 tell ɴᴍʟᴢ.ᴘᴄFʟ =1ᴀᴜɢII
ᴘᴄFʟ.ʙ&ɢ
miracle
dat=1augII
ɢᴇɴ1ᴀ
ᴅᴀᴛ =3ᴀᴜɢII
ѕᴜʙʀ
wave
LIVERS.COMPANY
3ᴀᴜɢ1 take ᴛR PᴅiR.HITHER =3ᴀᴜɢIS
startled ᴀᴘᴘʟ =1ᴀᴜɢII
there
take.hold.of ᴛR GᴅiR.DOWN =1ᴍiɴI
Tzlede
because
ᴄᴏᴍ.
ɴᴍʟᴢ1 shake;.rough always ɴᴍʟᴢ.ᴘᴄFʟ =3ᴍiɴII
home =3ᴍiɴII
doorway
those
ᴛᴘɴʏᴍ
take GᴅiR.IN =3ᴍiɴIA
APRIL
startled ᴀᴘᴘʟ =1ᴀᴜɢII
ѕᴜʙʀ
there
ɢᴇɴ1ᴀ
ᴘʀᴇᴘ
dat=1augII
be.schooled
set.out PᴅiR.HITHER =1ᴀᴜɢII
Rʟ travel ᴀᴘᴘʟ
word
and
ѕᴜʙʀ
ɴᴇɢ iRR sleep ɴᴇɢ
Rʟ be
ѕᴜʙʀ
time
ɢᴇɴ1ᴀ =3ᴀᴜɢII
be.3ᴀᴜɢII.
ᴘʀᴇᴘ
leader
a
and
ᴘᴄFʟ.rsbl =1ᴀᴜɢII ᴘʟ
crooked
group
ᴘʀᴇᴘ
ᴅᴇᴍ2.ᴅɪѕᴛ
Rʟ.3ᴀᴜɢ give again PᴅiR.YON =3ᴀᴜɢIA
fear ᴛR much =1ᴀᴜɢI
again
and
ѕᴜʙʀ
ᴘʀᴇᴘ
big
be.like
possessions =1ᴀᴜɢII
ᴅᴇᴍ2.ᴅɪѕᴛ
ɴᴍʟᴢ1 fall much ɴᴍʟᴢ.ᴘᴄFʟ
throw iɴᴛЅ GᴅiR.DOWN also PᴅiR.HITHER =3ᴍiɴIA
Rʟ go iɴᴛЅ
ᴘʀᴇᴘ
be.1ᴀᴜɢII
ᴘᴄFʟ.food =3ᴀᴜɢII
jump WRONG GᴅiR.UP ᴀᴘᴘʟ PᴅiR.HITHER =1ᴀᴜɢII
road
sail
ѕᴜʙʀ
and
ɢᴇɴ1ᴀ
dat=1augII
ᴅᴇᴍ2.ᴅɪѕᴛ
STORE
there
because
ᴅᴇᴍ2.ᴅɪѕᴛ
behind
or
those
Rʟ work GᴅiR.IN =STILL =1ᴍiɴI
ᴘʀᴇᴘ
captain
Yc.village
be.3ᴀᴜɢII.
ᴘFᴠ
ѕᴜʙʀ
or
because
ᴅᴇᴍ2.ᴅɪѕᴛ
child
ᴘʀᴇᴘ
be.3ᴍɪɴII
ѕᴜʙʀ
miracle
ᴄᴏᴍ.
there
man
ᴅᴇᴍ1.ᴘʀᴏχ
year
see =ᴄᴏЅ also =3ᴍiɴIA
ᴄᴏᴍ.
head
SANTA.CRUZ
ɴᴍʟᴢ1 straighten ᴛR ɴᴍʟᴢ.ᴘᴄFʟ =3ᴀᴜɢII
net
war
ѕᴜʙʀ 3ᴀᴜɢ1 big
ᴘʀᴇᴘ
Luesaleba.School
wind
iRR exchange =ᴄᴏЅ =3ᴍiɴIA
Nokz
first
ɴᴍʟᴢ1 go ɴᴍʟᴢ.ᴘᴄFʟ =1ᴀᴜɢII
ѕᴜʙʀ
ѕᴜʙʀ 3ᴀᴜɢ1 little
big
Savo
child
hunt always =1ᴀᴜɢI
time
ᴅᴇᴍ2.ᴅɪѕᴛ
overgrown
prayer
lift.up =3ᴍiɴIA
but
rope
shark
also
and
ᴘᴄFʟ.ʙ&ɢ =3ᴍiɴII
be.3ᴀᴜɢII.
ᴅᴇᴍ2.ᴅɪѕᴛ
iRR go =1ᴍiɴII
thing
sister.of.female
Joseph
boat
a
CAMP
night
ѕᴜʙʀ
ᴘFᴠ
all
eye =3ᴍiɴII
blood
and
look GᴅiR.IN PᴅiR.YON
SOCIETY
those
so.then
dat=1augII
bag
ᴄᴏᴍ.
ᴅᴇᴍ2.ᴅɪѕᴛ
rip ᴛR =ᴄᴏЅ
ɴᴍʟᴢ1 do ᴀᴘᴘʟ
thing
Rʟ.3ᴀᴜɢ go PROGRESSIVE =ᴄᴏЅ =3ᴀᴜɢIS
ᴀᴄᴄ =1ᴍiɴII
ɢᴇɴ1ᴀ
Simon
ᴘʀᴇᴘ
because
son =2ᴍiɴII
ɢᴇɴ1ᴀ =3ᴍiɴII
ɴᴍʟᴢ1 become ɴᴍʟᴢ.ᴘᴄFʟ =3ᴍiɴII
FEMALE.KING.TREE
cry Rᴇᴄᴘ iɴᴛЅ =1ᴀᴜɢI
ᴘᴄFʟ.hand =3ᴀᴜɢII
back.part =3ᴍiɴII
iRR sleep
ᴅᴇᴍ2.ᴅɪѕᴛ =ᴄᴏЅ
be.1ᴀᴜɢII
Rʟ write
Rʟ be.difficult
sea
ship
because
Rʟ.3ᴀᴜɢ throw.away ᴀᴘᴘʟ =3ᴀᴜɢII
ᴘʀᴇᴘ
Malay.apple
war
also
child
3ᴀᴜɢ1 set.out PᴅiR.HITHER =3ᴀᴜɢIS
ᴘʀᴇᴘ
ᴘʀᴇᴘ
and
titan.triggerfish
but
ᴘFᴠ
Rʟ.3ᴀᴜɢ jump =ᴄᴏЅ =3ᴀᴜɢIS
outside
ѕᴜʙʀ ɴᴇɢ 3ᴀᴜɢ1 marry ɴᴇɢ
ɴᴍʟᴢ1 famine GᴅiR.IN ɴᴍʟᴢ.ᴘᴄFʟ =3ᴍiɴII
iRR be ᴀᴘᴘʟ =1ᴍiɴII
finish GᴅiR.OUT PᴅiR.YON =3ᴍiɴIS
ᴘʀᴇᴘ
iRR go =3ᴀᴜɢIS
Rʟ.3ᴀᴜɢ ask ᴛR PᴅiR.HITHER =3ᴀᴜɢIA
USA,.AMERICA
thing
see =1ᴍiɴI
rain
NMLZ overgrown
big much =3ᴍiɴIA
ᴘʀᴇᴘ
money
ᴘFᴠ
wave
ᴘʀᴇᴘ
night
time =3ᴍiɴII
ᴘʀᴇᴘ
and
Rʟ hold =1ᴍiɴI
3ᴀᴜɢ1 go PᴅiR.YON =3ᴀᴜɢIS
Rʟ be
Joseph
ᴅᴀᴛ =3ᴍiɴII
and
Rʟ light.the.way again =1ᴍiɴI
and
ѕᴜʙʀ
ɴᴍʟᴢ1 teach ɴᴍʟᴢ
boat
Rʟ search ᴛR =ᴄᴏЅ =1ᴍiɴI
and
good
ᴛᴘɴʏᴍ
ɴᴍʟᴢ1 live,.stay ɴᴍʟᴢ.ᴘᴄFʟ =1ᴀᴜɢII
and
ᴘᴄFʟ.ʙ&ɢ =1ᴀᴜɢII
be.1ᴀᴜɢII
reach PᴅiR.HITHER =3ᴍiɴIA
spade
point.of.land;.point;.point
ɴᴍʟᴢ1 live,.stay together ɴᴍʟᴢ.ᴘᴄFʟ =1ᴀᴜɢII
outrigger
group
ᴘᴄFʟ.rsbl =3ᴍiɴII
ᴘʀᴇᴘ
bread
ᴘʀᴇᴘ
needlefish
ᴄᴏᴍ.
ѕᴜʙʀ
be just =1ᴀᴜɢI
go GᴅiR.OUT PᴅiR.HITHER =3ᴍiɴIS
and
place
ѕᴜʙʀ
ᴘʀᴇᴘ
wind.SW
but
garden
distribute GᴅiR.DOWN =1ᴀᴜɢI
basket
a
Rʟ travel ᴀᴘᴘʟ
iRR pray always =12ᴀᴜɢI
child
ᴘʀᴇᴘ
ᴛᴘɴʏᴍ
brother.of.a.female ᴘʟ
ᴘʀᴇᴘ
ѕᴜʙʀ
cattle
ᴘᴄFʟ.rsbl =3ᴍiɴII ᴘʟ
ᴘᴄFʟ.hand =3ᴍiɴII
cross
tree
ѕᴜʙʀ
God
take also PᴅiR.YON =3ᴍiɴIA
go =3ᴍiɴIA
a
Fiu,.Malaita
ᴘʀᴇᴘ
ᴘʀᴇᴘ
road
Rʟ.3ᴀᴜɢ ᴍiᴅ exchange =3ᴀᴜɢIS
ᴘʀᴇᴘ
his.voice
school
ᴘʀᴇᴘ
ᴀᴄᴄ =1ᴍiɴII
mosquito
travel GᴅiR.UP =1ᴍiɴI
ᴍiᴅ say PᴅiR.HITHER =3ᴍiɴIA
wooden.bowl
AFTER
ᴘFᴠ
coconut
ᴅᴇᴍ2.ᴅɪѕᴛ
be.1ᴀᴜɢII
club
be.3ᴀᴜɢII.
cartridge
ᴘFᴠ
but
there
Baengr
lie PᴅiR.YON =1ᴀᴜɢI
ᴅᴇᴍ1.ᴅɪѕᴛ
again
exchange =3ᴍiɴIA
airplane
year
ᴅᴇᴍ2.ᴅɪѕᴛ
leaf
ᴅᴇᴍ1.ᴅɪѕᴛ
3ᴀᴜɢ1 take =3ᴀᴜɢIA
ᴘʀᴇᴘ
ѕᴜʙʀ big
go GᴅiR.OUT PᴅiR.YON =1ᴀᴜɢI
iRR take =3ᴍiɴIA
ѕᴜʙʀ
and
ɪᴘFᴠ
and
ᴅᴇᴍ2.ᴅɪѕᴛ
hand
and
ᴅᴇᴍ2.ᴅɪѕᴛ
ᴅᴀᴛ =2ᴍiɴII
Nea
ᴅᴇᴍ1.ᴅɪѕᴛ
be iɴᴛЅ =ᴄᴍᴘʟ
ᴘʀᴇᴘ
none.;.lack;.none
ɴᴍʟᴢ1 exchange ɴᴍʟᴢ.ᴘᴄFʟ =3ᴍiɴII
Rʟ go.out =ᴄᴏЅ ᴀᴘᴘʟ =3ᴍiɴII
Rʟ lead.from.front;.walk
stay GᴅiR.OUT
there
Mwelea
be.schooled
ѕᴜʙʀ
Rʟ.3ᴀᴜɢ see =ᴄᴏЅ =3ᴀᴜɢIA
travel GᴅiR.OUT PᴅiR.YON =1ᴀᴜɢI
and
ᴅᴇᴍ2.ᴅɪѕᴛ
and
ᴘʀᴇᴘ
hole
neck =3ᴀᴜɢII
ɴᴇɢ fitting ɴᴇɢ
child
father =1ᴍiɴII
ᴅᴇᴍ1.ᴅɪѕᴛ
ᴘʀᴇᴘ
ᴘʀᴇᴘ
ᴘʀᴇᴘ
thing
ѕᴜʙʀ
shore
ᴅᴇᴍ1.ᴅɪѕᴛ
ᴘFᴠ
blood
be ᴛR GᴅiR.DOWN PᴅiR.HITHER =1ᴀᴜɢII
Rʟ.3ᴀᴜɢ be iɴᴛЅ just
Rʟ.3ᴀᴜɢ fly afterward =3ᴀᴜɢIS
ᴘᴄFʟ.ʙ&ɢ =1ᴀᴜɢII
ɢᴇɴ1ᴀ =3ᴍiɴII
and
Samuel
chapter
ᴘʀᴇᴘ
wave
go PᴅiR.YON
all
Rʟ.3ᴀᴜɢ ᴄᴀᴜЅ burn =ᴄᴏЅ =3ᴀᴜɢIA
ᴅᴇᴍ2.ᴅɪѕᴛ
SANTA.CRUZ
those
ѕᴜʙʀ
blood
iRR become =ᴄᴏЅ =1ᴀᴜɢII
search =3ᴍiɴIS
ɴᴍʟᴢ1 ᴍiᴅ say ɴᴍʟᴢ.ᴘᴄFʟ .BZ(PDIR.YON)=O(1MINI)
ᴅᴇᴍ2.ᴅɪѕᴛ =ᴄᴏЅ
Rʟ take =ᴄᴏЅ ɴᴍʟᴢ.ᴘᴄFʟ
time ᴅᴇᴍ1.ᴅɪѕᴛ
ѕᴜʙʀ one
Ituku
two;.couple
3ᴀᴜɢ1 want
sleep ᴀᴘᴘʟ =1ᴀᴜɢII
but
ᴅᴇᴍ2.ᴅɪѕᴛ
those
none.;.lack;.none
ɴᴍʟᴢ1 ᴍiᴅ grate.coconut ᴀᴘᴘʟ
ᴅᴇᴍ2.ᴅɪѕᴛ
island
and
so.then
ᴅᴇᴍ2.ᴅɪѕᴛ
ᴛᴘɴʏᴍ
insides
ᴘFᴠ
Rʟ ᴍiᴅ say =ᴄᴏЅ PᴅiR.HITHER =3ᴍiɴIA
Rʟ little =STILL ᴀᴘᴘʟ =1ᴍiɴII
iRR cover.from.rain ᴀᴘᴘʟ .BZ(PDIR.YON)=O(1MINI)
ᴘʀᴇᴘ
those
iRR eat iɴᴛЅ =1ᴀᴜɢI
ᴘFᴠ
miracle
Bokapwr
those
be.3ᴀᴜɢII.
Rʟ ᴍiᴅ say =ᴄᴏЅ PᴅiR.HITHER =3ᴍiɴIA
ᴅᴇᴍ2.ᴅɪѕᴛ
ᴀᴄᴄ =1ᴍiɴII
and
ᴘʀᴇᴘ
ѕᴜʙʀ
ѕᴜʙʀ
man
conch.shell
and
Rʟ.3ᴀᴜɢ go =ᴄᴏЅ first =3ᴀᴜɢIS
ɴᴍʟᴢ1 become ɴᴍʟᴢ.ᴘᴄFʟ =3ᴍiɴII
be.good
ѕᴜʙʀ
those
night
chicken;.bird
see =1ᴀᴜɢI
and
village
ᴘʀᴇᴘ
be.1ᴀᴜɢII
Rʟ angry =ᴄᴏЅ
Rʟ enter =ᴄᴏЅ
ᴘᴄFʟ.fire =1ᴀᴜɢII
ɢᴇɴ1ᴀ
a
ɢᴇɴ1ᴀ
marry ᴛR =3ᴍiɴIA
ѕᴜʙʀ
image
ᴘʀᴇᴘ
iRR go UᴅiR.AWAY.FROM =1ᴍiɴI
be.schooled
Rʟ be.good =ᴄᴏЅ =3ᴍiɴIS
spirit
humid
ᴅᴇᴍ1.ᴅɪѕᴛ
ᴘFᴠ
ᴛᴘɴʏᴍ
Nea
go
ᴘʀᴇᴘ
first
but
again
ᴍiᴅ say =3ᴍiɴIA
price
ѕᴜʙʀ
child
different
ᴅᴇᴍ2.ᴅɪѕᴛ
custom
there
ѕᴜʙʀ
ᴘʀᴇᴘ
know PᴅiR.YON =1ᴀᴜɢI
be.3ᴍɪɴII
God
iRR ᴍiᴅ peel ᴀᴘᴘʟ =1ᴀᴜɢII
ᴘFᴠ
be.3ᴀᴜɢII.
a
occupation
Daniel
go GᴅiR.DOWN =1ᴍiɴI
fence
tsunami
monk
airplane
father =3ᴀᴜɢII
ᴀᴄᴄ =1ᴍiɴII
ɴᴍʟᴢ1 fish ɴᴍʟᴢ.ᴘᴄFʟ =3ᴍiɴII
ѕᴜʙʀ one
ɴᴍʟᴢ1 go DEPEND =3ᴀᴜɢIA
things.of ᴠR
ɢᴇɴ1ᴀ
ᴘFᴠ
behind
be.1ᴀᴜɢII
do ᴘʟᴄᴛ =1ᴀᴜɢI ᴘʟ
ᴘFᴠ
money
3ᴀᴜɢ1 live,.stay hidden =3ᴀᴜɢIS
doctor
ɴᴍʟᴢ1 be =ᴄᴏЅ ɴᴍʟᴢ.ᴘᴄFʟ =1ᴀᴜɢII
ᴅᴇᴍ2.ᴅɪѕᴛ
house
two;.couple
room
request;.ask GᴅiR.IN ᴀᴘᴘʟ .BZ(PDIR.YON)=O(1MINI) =3ᴍiɴIA
ᴘFᴠ
ᴘʀᴇᴘ
Nea
JAPAN
ᴘᴀЅ allow ᴀᴘᴘʟ PᴅiR.YON
see GᴅiR.DOWN PᴅiR.HITHER
child
and
and
those
child
ᴅᴇᴍ2.ᴅɪѕᴛ
dat=3augII
ɢᴇɴ1ᴀ =3ᴍiɴII
ɴᴍʟᴢ1 release ɴᴍʟᴢ.ᴘᴄFʟ .BZ(PDIR.YON)=O(1MINI)
fruit =3ᴀᴜɢII
Mzdxmingr.village
day
ɴᴍʟᴢ1 make ᴠR
ᴄᴏᴍ.
ᴘʀᴇᴘ
ᴄᴏᴍ.
hear .BZ(PDIR.YON)=O(1MINI)
police
ᴘʀᴇᴘ
but
Rʟ ᴄᴀᴜЅ lose GᴅiR.IN =ᴄᴏЅ =3ᴍiɴIA
ᴘʀᴇᴘ
ᴍiᴅ gather iɴᴛЅ =1ᴀᴜɢI
be.3ᴍɪɴII
whistle
Rʟ ᴍiᴅ say =ᴄᴏЅ PᴅiR.YON
God
CATECHIST
ѕᴜʙʀ 3ᴀᴜɢ1 big
ᴘFᴠ
ɢᴇɴ1ᴀ
reach PᴅiR.HITHER =3ᴍiɴIA
man
single.house
iRR ᴄᴀᴜЅ dry ᴛR ᴀᴘᴘʟ =3ᴀᴜɢII
ѕᴜʙʀ
ᴏRᴅ two
iRR baptised first =3ᴀᴜɢIS
iRR happen .BZ(PDIR.YON)=O(1MINI)
3ᴀᴜɢ1 scream =ᴄᴏЅ =3ᴀᴜɢIS
ᴘFᴠ
finish GᴅiR.OUT PᴅiR.YON =3ᴍiɴIS
ɴᴍʟᴢ1 ᴍiᴅ take ɴᴍʟᴢ.ᴘᴄFʟ =3ᴀᴜɢII
high
oversee =3ᴍiɴIA
ᴅᴇᴍ2.ᴅɪѕᴛ
be ᴛR =1ᴍiɴI
island
ѕᴜʙʀ
Rʟ scream =ᴄᴏЅ
ship
maybe;.I.think
dat=1augII
island
ɴᴍʟᴢ1 go ᴀᴘᴘʟ
ᴘᴄFʟ.ʙ&ɢ
stone
fence
also
ᴅᴇᴍ2.ᴅɪѕᴛ
Rʟ enter.in =ᴄᴏЅ PᴅiR.YON =1ᴀᴜɢI
ᴘʀᴇᴘ
a
depart PᴅiR.YON =1ᴀᴜɢI
ѕᴜʙʀ bad
refuse ᴀᴘᴘʟ =3ᴍiɴII
Thomas
not.any
ᴄᴏᴍ.
and
ᴘʀᴇᴘ
and
finish iɴᴛЅ GᴅiR.DOWN =3ᴍiɴIS
mind
ᴅᴇᴍ2.ᴅɪѕᴛ
ᴘʀᴇᴘ
time
rain
ᴅᴀᴛ =3ᴍiɴII
dat=2augII
name =3ᴍiɴII
Rʟ cry =ᴄᴏЅ again PᴅiR.HITHER =1ᴍiɴI
and
word =1ᴍiɴII
iRR light.the.way iɴᴛЅ ᴀᴘᴘʟ =3ᴀᴜɢII
ᴍiᴅ say PᴅiR.YON =3ᴍiɴIA
ѕᴜʙʀ big
village
be.3ᴍɪɴII
ᴅᴇᴍ2.ᴅɪѕᴛ
back.part
none.;.lack;.none
child
ᴘʀᴇᴘ
ᴀᴄᴄ =1ᴍiɴII
and
ᴅᴇᴍ2.ᴅɪѕᴛ
ɢᴇɴ1ᴀ =3ᴀᴜɢII
those
USA,.AMERICA
because
just
mother.aunt =1ᴀᴜɢII
mother.aunt =1ᴍiɴII
be.good
again
child
ѕᴜʙʀ
ᴘᴄFʟ.rsbl =3ᴀᴜɢII
reach PᴅiR.HITHER =3ᴍiɴIA
blue.fly
Rʟ.3ᴀᴜɢ meet =ᴄᴏЅ =3ᴀᴜɢIA
ᴅᴇᴍ2.ᴅɪѕᴛ
iRR go GᴅiR.UP .BZ(PDIR.YON)=O(1MINI)
leader
ᴅᴇᴍ2.ᴅɪѕᴛ
iRR become.one also PᴅiR.HITHER
ѕᴜʙʀ
pig
ᴘʀᴇᴘ
captain
Malaita
there
twist GᴅiR.IN iɴᴛЅ just
ᴅᴇᴍ2.ᴅɪѕᴛ
piece
ᴘᴀЅ ᴍiᴅ say PᴅiR.YON
ᴅᴇᴍ2.ᴅɪѕᴛ
big iɴᴛЅ
a
ᴍiᴅ give GᴅiR.IN PᴅiR.HITHER
high
day
Rʟ eat =ᴄᴏЅ =3ᴍiɴIA =3ᴀᴜɢIS
base
Rʟ say =ᴄᴏЅ PᴅiR.YON =1ᴀᴜɢI
those
Rʟ converse =ᴄᴏЅ PᴅiR.YON
ᴘᴄFʟ.rsbl =3ᴀᴜɢII
those
float
Catholic
there
ɴᴍʟᴢ1 ᴍiᴅ find ɴᴍʟᴢ.ᴘᴄFʟ =1ᴍiɴII
said again PᴅiR.YON
Rʟ.3ᴀᴜɢ rule;.rule =3ᴀᴜɢIA
ᴅᴇᴍ2.ᴅɪѕᴛ
Rʟ eat ᴀᴘᴘʟ =STILL
hem.nao
be.3ᴍɪɴII
be.schooled
and
ᴅᴇᴍ2.ᴅɪѕᴛ
AFTER
look ᴀᴘᴘʟ ᴘʟᴄᴛ =3ᴍiɴIA
ᴘʀᴇᴘ
ᴘʀᴇᴘ
life
Jesus
ᴘʀᴇᴘ
time
or
ᴅᴇᴍ2.ᴅɪѕᴛ
and
ɴᴍʟᴢ1 ᴄᴀᴜЅ bind ᴀᴘᴘʟ ᴘʟ
HOLY.WRITINGS
ɴᴍʟᴢ1 convert.s.o. ɴᴍʟᴢ.ᴘᴄFʟ =3ᴀᴜɢII
ɴᴍʟᴢ1 see ɴᴍʟᴢ.ᴘᴄFʟ =1ᴍiɴII =3ᴍiɴIA
ᴅᴇᴍ2.ᴅɪѕᴛ
dat=3augII
ѕᴜʙʀ 3ᴀᴜɢ1 ᴍiᴅ exchange
ᴘʀᴇᴘ
depart GᴅiR.OUT =1ᴍiɴI
story
ᴘFᴠ
priest
big
ɴᴇɢ ɴᴍʟᴢ1 see =ᴄᴏЅ =3ᴀᴜɢIA ɴᴇɢ
there
outrigger
ᴘFᴠ
ᴅᴇᴍ2.ᴅɪѕᴛ
man
ᴘʀᴇᴘ
not.have;.none.anymore
village
ᴍiᴅ say PᴅiR.YON
ɴᴍʟᴢ1 make ɴᴍʟᴢ.ᴘᴄFʟ
half
none.;.lack;.none just
those
where
ɴᴍʟᴢ1 make ɴᴍʟᴢ.ᴘᴄFʟ =1ᴀᴜɢII
ᴘʀᴇᴘ
ɢᴇɴ1ᴀ =1ᴍiɴII
and
3ᴀᴜɢ1 fight =3ᴀᴜɢIS
current
be.schooled
people
ʀᴇFʟ
coconut
ɴᴍʟᴢ1 make ᴠR
ᴀᴄᴄ =1ᴍiɴII
cross
cloth
ᴅᴇᴍ2.ᴅɪѕᴛ
ᴅᴇᴍ2.ᴅɪѕᴛ
ᴅᴇᴍ2.ᴅɪѕᴛ
Narnztilolx.(village)
a
sleep =1ᴀᴜɢI
ᴅᴇᴍ2.ᴅɪѕᴛ
be.schooled
time
ᴘFᴠ
Фɴᴛ.ᴘʟ
ᴛᴘɴʏᴍ
USA,.AMERICA
ᴘʀᴇᴘ
ᴘFᴠ
ѕᴜʙʀ
money
back.part
ᴍiᴅ say PᴅiR.YON
cross
ɴᴍʟᴢ1 live,.stay ɴᴍʟᴢ.ᴘᴄFʟ =1ᴀᴜɢII
clear
coconut
good iɴᴛЅ GᴅiR.IN
Aijz
these
breadfruit
ѕᴜʙʀ
ᴅᴇᴍ1.ᴘʀᴏχ
child
ᴘᴄFʟ.hand
and
those
Rʟ go =ᴄᴏЅ PᴅiR.HITHER
Lrlvz
there
child
ᴘʀᴇᴘ
because
ᴘʀᴇᴘ
ɴᴍʟᴢ1 enter ɴᴍʟᴢ.ᴘᴄFʟ PᴅiR.YON =3ᴀᴜɢIA
ᴘʀᴇᴘ
ɴᴍʟᴢ1 fall ɴᴍʟᴢ.ᴘᴄFʟ
ѕᴜʙʀ
ᴘʀᴇᴘ
ᴘʀᴇᴘ
stay GᴅiR.UP also PᴅiR.YON =3ᴍiɴIS
ᴘᴄFʟ.rsbl =3ᴍiɴII ᴘʟ
a
ᴘʀᴇᴘ
village
Lrlvz
ѕᴜʙʀ big
so.then
Nemya'.
SANTA.CRUZ
and
room
or
name =3ᴍiɴII
man
ᴘᴄFʟ.inherent =3ᴍiɴII
army
child
school
ѕᴜʙʀ one
ѕᴜʙʀ
ᴘFᴠ
go PᴅiR.HITHER =3ᴍiɴIS
ɴᴍʟᴢ1 ᴄᴀᴜЅ carry ɴᴍʟᴢ
ᴘᴀЅ remove =ᴄᴏЅ
chicken;.bird
moon.
iRR bandage ᴛR
ᴅᴇᴍ2.ᴅɪѕᴛ
be.1ᴀᴜɢII
ѕᴜʙʀ
again
ᴅᴀᴛ =2ᴍiɴII
go GᴅiR.DOWN iɴᴛЅ =1ᴀᴜɢI
ѕᴜʙʀ four
house
ѕᴜʙʀ
fence
road
and
Rʟ take =ᴄᴏЅ PᴅiR.YON =3ᴍiɴIA
ᴅᴇᴍ2.ᴅɪѕᴛ
and
ᴘʀᴇᴘ
maybe;.I.think
time
first
ᴅᴇᴍ2.ᴅɪѕᴛ
child
Rʟ.3ᴀᴜɢ play =ᴄᴏЅ =3ᴀᴜɢIS
ship
ɴᴍʟᴢ1 hold PᴅiR.YON =3ᴀᴜɢIA
piece =3ᴍiɴII
ѕᴜʙʀ
Rʟ.3ᴀᴜɢ fear =3ᴀᴜɢIS
ᴘFᴠ
group
ᴛᴘɴʏᴍ
ᴘʀᴇᴘ
JAPAN
doctor
stay MNR GᴅiR.IN =1ᴀᴜɢI
why
ᴘᴄFʟ.rsbl
ᴘʀᴇᴘ
root =3ᴀᴜɢII
those
go PᴅiR.HITHER =3ᴍiɴIS
thunder
ᴘʀᴇᴘ
part,.piece
ɴᴍʟᴢ1 stand always ɴᴍʟᴢ.ᴘᴄFʟ =3ᴍiɴII
ᴛᴘɴʏᴍ
ᴘFᴠ
sago.arrow
and
long.ago
Rʟ sleep =ᴄᴏЅ =1ᴍiɴI
ɢᴇɴ1ᴀ =3ᴀᴜɢII
ɢᴇɴ1ᴀ =3ᴍiɴII
ѕᴜʙʀ
hole
body =2ᴍiɴII
and
ᴘᴄFʟ.hand =3ᴀᴜɢII
salt.water
become =1ᴍiɴII
be.1ᴀᴜɢII
end
3ᴀᴜɢ1 break =3ᴀᴜɢIA
again
ᴘʀᴇᴘ
see PᴅiR.YON =1ᴀᴜɢI
ɴᴍʟᴢ1 ᴍiᴅ put ᴀᴘᴘʟ PᴅiR.YON
eye =3ᴍiɴII
ᴘʀᴇᴘ
ᴘᴀЅ shoot
ᴅᴇᴍ2.ᴅɪѕᴛ
money
Aijz
iRR believe =3ᴍiɴIA
ᴅᴇᴍ2.ᴅɪѕᴛ
Rʟ go =ᴄᴏЅ PᴅiR.HITHER
ɢᴇɴ1ᴀ =3ᴍiɴII
island
Natqgu
ᴘʀᴇᴘ
ᴘʀᴇᴘ
ᴄᴀᴜЅ trust GᴅiR.IN .BZ(PDIR.YON)=O(1MINI)
ѕᴜʙʀ
home
man
ɢᴇɴ1ᴀ
and
name =3ᴍiɴII
hear PᴅiR.YON =1ᴀᴜɢI
Rʟ ᴄᴀᴜЅ sleep =ᴄᴏЅ PᴅiR.HITHER =1ᴍiɴI
bush
ᴅᴇᴍ2.ᴅɪѕᴛ =ᴄᴏЅ
ѕᴜʙʀ
army
name =3ᴍiɴII
ѕᴜʙʀ
top
ᴅᴇᴍ2.ᴅɪѕᴛ
be.2ᴍɪɴII
here.it.is
ɴᴍʟᴢ1 sorry ᴛR =1ᴀᴜɢI
house
ᴏRᴅ two
ᴅᴇᴍ2.ᴅɪѕᴛ
a
ᴀᴄᴄ =1ᴍiɴII
iRR punish =1ᴍiɴI ᴘʟ
Rʟ go.up =ᴄᴏЅ
if
Rʟ return ᴅᴘᴠ again PᴅiR.YON =3ᴍiɴIA
ɴᴍʟᴢ1 travel ɴᴍʟᴢ.ᴘᴄFʟ PᴅiR.HITHER
writing
stay,.live,.be quiet =2ᴀᴜɢI
ᴅᴇᴍ2.ᴅɪѕᴛ
priest
single.house
and
ɴᴍʟᴢ1 make ɴᴍʟᴢ.ᴘᴄFʟ =3ᴍiɴII
thing
Rʟ.3ᴀᴜɢ travel GᴅiR.OUT =3ᴀᴜɢIS
CHAIRMAN
tsunami
ᴅᴇᴍ2.ᴅɪѕᴛ
ѕᴜʙʀ
ѕᴜʙʀ big
ɴᴇɢ 3ᴀᴜɢ1 many =3ᴀᴜɢIS ɴᴇɢ
time
iRR teach ᴀᴘᴘʟ
and
and
ɴᴍʟᴢ1 ᴍiᴅ kill ɴᴍʟᴢ.ᴘᴄFʟ =3ᴀᴜɢII
ѕᴜʙʀ
village
ѕᴜʙʀ
ѕᴜʙʀ
ɴᴍʟᴢ1 teach ɴᴍʟᴢ
Rʟ hear =ᴄᴏЅ =1ᴍiɴI
its.side
area sun
statue
iRR ask true PᴅiR.YON =1ᴀᴜɢI
people
female
ᴘʀᴇᴘ
ᴘʀᴇᴘ
ɴᴍʟᴢ1 travel ɴᴍʟᴢ.ᴘᴄFʟ =1ᴀᴜɢII
ᴄᴏᴍ.
ᴘFᴠ
Daniel
ᴘʀᴇᴘ
ᴅᴇᴍ2.ᴅɪѕᴛ
and
ѕᴜʙʀ
ᴅᴇᴍ1.ᴅɪѕᴛ
John
ᴘʀᴇᴘ
be.1ᴀᴜɢII
ɢᴇɴ1ᴀ
advrs
Rʟ go ᴅᴘᴠ GᴅiR.IN =ᴄᴏЅ =3ᴍiɴIA =3ᴀᴜɢIS
a
be.3ᴍɪɴII
ᴘFᴠ
ᴘʀᴇᴘ
pool
ᴘᴄFʟ.rsbl
ᴘʀᴇᴘ
really
ɢᴇɴ1ᴀ
Joseph
high
and
because
ᴅᴇᴍ2.ᴅɪѕᴛ
ᴀᴛ.фɴᴛ.ᴘʟ.ᴘʟ
and
Rʟ travel =ᴄᴏЅ =1ᴀᴜɢI
ᴅᴇᴍ2.ᴅɪѕᴛ
ᴘʀᴇᴘ
time
eye =3ᴀᴜɢII
again
3ᴀᴜɢ1 go UᴅiR.PATH =3ᴀᴜɢIA
clam
3ᴀᴜɢ1 many
JAPAN
ᴘʀᴇᴘ
there
Rʟ.3ᴀᴜɢ paddle GᴅiR.OUT =ᴄᴏЅ =3ᴀᴜɢIS
female
ѕᴜʙʀ
child
group
island
ɴᴍʟᴢ1 ᴍiᴅ carve ɴᴍʟᴢ.ᴘᴄFʟ =1ᴀᴜɢII
ɴᴇɢ Rʟ give =ᴄᴏЅ PᴅiR.HITHER =3ᴍiɴIA ɴᴇɢ
ᴘʀᴇᴘ
ɴᴇɢ shine GᴅiR.OUT ɴᴇɢ
those
ѕᴜʙʀ bad
island
be =1ᴍiɴII
iRR ᴍiᴅ bomb =ᴄᴏЅ ᴘʟ
ᴘᴄFʟ.rsbl =1ᴀᴜɢII
ᴘʀᴇᴘ
because
group
bush
Pa'lz
iRR stay,.live,.be quiet
year
ᴅᴇᴍ2.ᴅɪѕᴛ
ᴄᴍᴘʟ
Rʟ sit GᴅiR.DOWN ᴀᴘᴘʟ PᴅiR.HITHER
those
school
ѕᴜʙʀ
but
iRR become .BZ(PDIR.YON)=O(1MINI)
ᴅᴇᴍ2.ᴅɪѕᴛ
child
ᴘFᴠ
GERMANY
and
ᴘʀᴇᴘ
ᴅᴇᴍ2.ᴅɪѕᴛ
half =3ᴍiɴII
Ilrmztangi
those
a
ѕᴜʙʀ
ᴅᴇᴍ2.ᴅɪѕᴛ
rope
neck =3ᴀᴜɢII
a
ᴍiᴅ say PᴅiR.YON =3ᴍiɴIA
3ᴀᴜɢ1 convert.s.o. =3ᴀᴜɢIA
enter.in =1ᴍiɴI
Rʟ good again =3ᴍiɴIA
ᴘFᴠ
ᴅᴇᴍ2.ᴅɪѕᴛ
branch
ɴᴍʟᴢ1 make ɴᴍʟᴢ.ᴘᴄFʟ
ɴᴍʟᴢ1 ᴍiᴅ say PᴅiR.YON
ᴘᴄFʟ.food =2MINᵢ
Malay.apple
these
and
name =3ᴍiɴII
so.then
none.;.lack;.none
Rʟ die =ᴄᴏЅ ᴀᴘᴘʟ =3ᴍiɴII
be.schooled
know PᴅiR.YON =3ᴍiɴIA
ɴᴍʟᴢ1 ᴍiᴅ remove ɴᴍʟᴢ.ᴘᴄFʟ =3ᴍiɴII
ᴘFᴠ
and
Rʟ.3ᴀᴜɢ break GᴅiR.IN =ᴄᴏЅ =3ᴀᴜɢIA
mind
ѕᴜʙʀ
ᴘʀᴇᴘ
wife ᴅᴇᴍ2.ᴅɪѕᴛ
ᴘFᴠ
then
food
coconut
ᴘᴀЅ treat.sore iɴᴛЅ
Christian
ᴛᴘɴʏᴍ
ᴅᴀᴛ =3ᴍiɴII
iRR go =3ᴀᴜɢIS
child
ᴍiᴅ be cause PᴅiR.HITHER =3ᴍiɴIS
3ᴀᴜɢ1 leave PᴅiR.YON
ᴘʀᴇᴘ
eye =3ᴍiɴII
dat=1augII
ɢᴇɴ1ᴀ
coconut
moon.
JAPAN
3ᴀᴜɢ1 fall always =3ᴀᴜɢIS
JAPAN
ᴘʀᴇᴘ
ᴅᴇᴍ2.ᴅɪѕᴛ
thing
ᴅᴇᴍ2.ᴅɪѕᴛ
Rʟ.3ᴀᴜɢ ᴍiᴅ see =ᴄᴏЅ =3ᴀᴜɢIS
Rʟ stand GᴅiR.OUT ᴀᴘᴘʟ PᴅiR.HITHER
ᴘʀᴇᴘ
yes
ᴄᴏᴍ.
child
mind
ѕᴜʙʀ
group
Rʟ run =STILL
see really =1ᴍiɴI ᴘʟ
happen
ɴᴍʟᴢ1 confess ɴᴍʟᴢ.ᴘᴄFʟ ᴘᴄFʟ.drink =2ᴀᴜɢII
none.;.lack;.none
pool
ᴘʀᴇᴘ
insides
fifth
Aijz
ᴘʀᴇᴘ
crooked
village
where
ᴄᴏᴍ.
ᴘʀᴇᴘ
3ᴀᴜɢ1 desire =3ᴀᴜɢIA
dat=1augII
ѕᴜʙʀ
needlefish
and
there
sickness
school
a
be.1ᴀᴜɢII
here
ᴘʀᴇᴘ
Menabz
ᴘʀᴇᴘ
man
Rʟ dance =ᴄᴏЅ PᴅiR.YON
ᴅᴇᴍ2.ᴅɪѕᴛ
ᴅᴇᴍ2.ᴅɪѕᴛ
go iɴᴛЅ FOREVER
all
ᴅᴇᴍ2.ᴅɪѕᴛ
be.schooled
and
point.of.land;.point;.point
Rʟ said WHISPERINGLY =ᴄᴏЅ PᴅiR.YON =3ᴍiɴIA
group
ɴᴍʟᴢ1 teach ɴᴍʟᴢ
ᴅᴇᴍ2.ᴅɪѕᴛ
ᴘʀᴇᴘ
ᴘʀᴇᴘ
VINE.PAPAYA
thing
ᴄᴏᴍ.
fire
ship
3ᴀᴜɢ1 many =ᴄᴏЅ =3ᴀᴜɢIS
ᴀᴄᴄ =1ᴍiɴII
ship
ѕᴜʙʀ
be.like =3ᴍiɴIA
ᴘʀᴇᴘ
reach .BZ(PDIR.YON)=O(1MINI)
ѕᴜʙʀ
ᴘᴄFʟ.ʙ&ɢ
house
so.then
Rʟ.3ᴀᴜɢ accompany GᴅiR.DOWN =ᴄᴏЅ PᴅiR.YON
government.(E)
ɢᴇɴ1ᴀ =1ᴀᴜɢII ᴘʟ
ᴅᴇᴍ2.ᴅɪѕᴛ
ѕᴜʙʀ
3ᴀᴜɢ1 depart each =ᴄᴏЅ =3ᴀᴜɢIA
Nemya'.
Rʟ ᴍiᴅ say =ᴄᴏЅ .BZ(PDIR.YON)=O(1MINI)
iRR ᴄᴀᴜЅ take
3ᴀᴜɢ1 stay,.live,.be =3ᴀᴜɢIS
ᴍiᴅ write =1ᴀᴜɢI
ᴄᴏᴍ.
ᴛᴘɴʏᴍ
and
and
side =1ᴀᴜɢII
iRR try PᴅiR.YON =3ᴀᴜɢIA
ɢᴇɴ1ᴀ =1ᴀᴜɢII
ɴᴇɢ eat =ᴄᴍᴘʟ =3ᴍiɴIA ɴᴇɢ
ᴘʀᴇᴘ
ᴅᴇᴍ2.ᴅɪѕᴛ
time
Kirakira
ᴄᴏᴍ.
be.1ᴀᴜɢII
peacemaker
ᴄᴏᴍ.
ᴅᴇᴍ2.ᴅɪѕᴛ =ᴄᴏЅ
and
sick
word =1ᴍiɴII
advrs
ᴅᴇᴍ2.ᴅɪѕᴛ
3ᴀᴜɢ1 travel =3ᴀᴜɢIS
know iɴᴛЅ actually PᴅiR.YON =3ᴍiɴIA
be.1ᴀᴜɢII
be.3ᴀᴜɢII.
sick
ɢᴇɴ1ᴀ
this
=1ᴀᴜɢI
father =1ᴍiɴII
ɴᴍʟᴢ1 fly ᴅЅᴛR ɴᴍʟᴢ.ᴘᴄFʟ =3ᴀᴜɢII
ɴᴇɢ ᴘᴄFʟ.hand ɴᴇɢ
be.schooled
ᴀᴄᴄ =1ᴍiɴII
ѕᴜʙʀ
ᴘʀᴇᴘ
name =3ᴍiɴII
prefect
all
ALMOST
ᴘʀᴇᴘ
ᴘᴀЅ see
ᴘʀᴇᴘ
food
if
ᴍiᴅ say .BZ(PDIR.YON)=O(1MINI)
week
Fiu,.Malaita
and
child
branch
but
ᴘᴄFʟ.rsbl =3ᴍiɴII ᴘʟ
ѕᴜʙʀ
ST..PAUL
again
Rʟ know GᴅiR.UP afterward PᴅiR.YON =1ᴀᴜɢI
ᴘʀᴇᴘ
place
and
year
Rʟ stand
ᴘʀᴇᴘ
and
ɴᴍʟᴢ1 go ᴀᴘᴘʟ
and
ѕᴜʙʀ hot
3ᴀᴜɢ1 ᴍiᴅ say GᴅiR.UP PᴅiR.HITHER =3ᴀᴜɢIA
ѕᴜʙʀ
ᴅᴇᴍ2.ᴅɪѕᴛ
ᴅᴇᴍ1.ᴅɪѕᴛ
ᴅᴇᴍ2.ᴅɪѕᴛ
be.happy ᴀᴘᴘʟ =2ᴍiɴI
ɴᴍʟᴢ1 be.happy ɴᴍʟᴢ.ᴘᴄFʟ =1ᴀᴜɢII
ѕᴜʙʀ
and
insides
JAPAN
people
ᴀᴄᴄ =1ᴍiɴII
ᴅᴇᴍ2.ᴅɪѕᴛ advrs =3ᴀᴜɢIS
ᴘʀᴇᴘ
ᴘᴀЅ carve ᴛR ᴘʟ
those
rope
those
ᴅᴇᴍ2.ᴅɪѕᴛ
ѕᴜʙʀ
ɢᴇɴ1ᴀ
MAST
a
mountain
there
ɴᴍʟᴢ1 ᴍiᴅ say ɴᴍʟᴢ.ᴘᴄFʟ =.MQ(PDIR.HITHER)=Q(2MINI)
God
ɴᴇɢ be.difficult just ɴᴇɢ
and
collect ʀᴇFʟ iɴᴛЅ =1ᴀᴜɢI
ᴅᴇᴍ2.ᴅɪѕᴛ =ᴄᴏЅ
ᴏRᴅ three
iRR be.schooled iɴᴛЅ ᴀᴘᴘʟ just
maybe;.I.think
be =1ᴀᴜɢII
dining.hall
and
be.1ᴀᴜɢII
Rʟ comfort =ᴄᴏЅ =3ᴍiɴIA
ᴍiᴅ say PᴅiR.HITHER
those
again
prefect
place
ᴘFᴠ
half =3ᴍiɴII
ɴᴍʟᴢ1 go DEPEND =3ᴀᴜɢIA
doorway
back.part =3ᴍiɴII
ᴘFᴠ
both
doctor
time
ᴍiᴅ say .BZ(PDIR.YON)=O(1MINI)
PALM.FERN
ᴘʀᴇᴘ
ᴘʀᴇᴘ
child
doctor
ᴛᴘɴʏᴍ
ᴘᴄFʟ.ʙ&ɢ =1ᴀᴜɢII
this.way
tower
ѕᴜʙʀ
his.nose =3ᴍiɴII
priest
Nea
ᴅᴇᴍ2.ᴅɪѕᴛ
iRR make =ᴄᴏЅ ᴀᴘᴘʟ =3ᴍiɴII
today
3ᴀᴜɢ1 ask iɴᴛЅ =3ᴀᴜɢIS
Menabz
child
ᴅᴇᴍ2.ᴅɪѕᴛ
coconut
head =1ᴍiɴII
dat=1augII
take =2ᴍiɴI
ᴀᴄᴄ =1ᴍiɴII
war
so.then
ѕᴜʙʀ big ᴛR ᴘʟ
because
boat
go PᴅiR.HITHER =3ᴍiɴIS
stand.onto
his.nose =3ᴍiɴII
ᴍiᴅ hold
ɢᴇɴ1ᴀ
be.3ᴀᴜɢII.
ᴘʀᴇᴘ
be ᴛR =1ᴍiɴI
ᴘFᴠ
ᴍiᴅ say PᴅiR.YON =3ᴍiɴIA
things.of
mountain
thing
and
ѕᴜʙʀ
there
child
ᴘʀᴇᴘ
coconut
thing
money
knife
skin
ᴘʀᴇᴘ
and
behind
and
or
ɴᴍʟᴢ1 do PᴅiR.YON
Jesus
ѕᴜʙʀ one
Rʟ find afterward =1ᴀᴜɢI
ᴄᴏᴍ.
there
ѕᴜʙʀ
ᴅᴇᴍ2.ᴅɪѕᴛ
group =3ᴍiɴII
ᴘʀᴇᴘ
ᴘFᴠ
and
that.one
village
doctor
house
ɴᴍʟᴢ1 do.slowly;.slow ɴᴍʟᴢ.ᴘᴄFʟ
GRACIOSA.BAY
ᴄᴏᴍ.
Lrlvz
spear
ᴘʀᴇᴘ
both =1ᴀᴜɢII
chicken;.bird
because
a
Rʟ see =ᴄᴏЅ =3ᴍiɴIA
ᴘFᴠ
Rʟ ᴍiᴅ say =ᴄᴏЅ PᴅiR.HITHER =3ᴍiɴIA
kite
go GᴅiR.DOWN
ᴘᴄFʟ.ʙ&ɢ
there
ɴᴍʟᴢ1 rough.surfaced ᴛR ɴᴍʟᴢ.ᴘᴄFʟ
vine.greens
ᴅᴇᴍ2.ᴅɪѕᴛ
ᴘᴄFʟ.hand =3ᴀᴜɢII
how
needlefish
ᴘʀᴇᴘ
wash iɴᴛЅ GᴅiR.OUT =1ᴍiɴI
ᴘFᴠ
and
house
3ᴀᴜɢ1 weak iɴᴛЅ much =ᴄᴏЅ ᴀᴘᴘʟ =3ᴀᴜɢII
and
female
ᴅᴇᴍ2.ᴅɪѕᴛ
iRR stay =ᴄᴏЅ PᴅiR.HITHER
ᴀᴄᴄ =1ᴍiɴII
Natqgu
Rʟ.3ᴀᴜɢ ᴍiᴅ say =ᴄᴏЅ PᴅiR.HITHER =3ᴀᴜɢIA
those
also
far
man
ᴘᴄFʟ.hand =3ᴍiɴII
ᴘᴄFʟ.ʙ&ɢ =1ᴀᴜɢII
because
ɢᴇɴ1ᴀ
they.here
ѕᴜʙʀ
image
ѕᴜʙʀ
be.schooled
ᴘᴀЅ show;.show;.prove ᴛR ᴀᴘᴘʟ PᴅiR.YON
people
ᴘʀᴇᴘ
gum
start again =1ᴀᴜɢI
ᴘʀᴇᴘ
if
there
ᴀᴄᴄ =1ᴍiɴII
ᴘʀᴇᴘ
sickness
ɢᴇɴ1ᴀ
old.woman
ѕᴜʙʀ
ᴘʀᴇᴘ
house
name =3ᴍiɴII
ѕᴜʙʀ
Rʟ ᴍiᴅ say =ᴄᴏЅ PᴅiR.YON =3ᴍiɴIA
time =3ᴍiɴII
sea
ᴘʀᴇᴘ
never.yet
a
and
ᴅᴇᴍ2.ᴅɪѕᴛ
Фɴᴛ.Ѕɢ
powerful iɴᴛЅ much =ᴄᴏЅ
ᴅᴇᴍ2.ᴅɪѕᴛ
ѕᴜʙʀ
MAST
be ᴛR =1ᴍiɴI
ɢᴇɴ1ᴀ
hear PᴅiR.YON =3ᴍiɴIA
ɴᴍʟᴢ1 enter ɴᴍʟᴢ.ᴘᴄFʟ PᴅiR.YON =1ᴀᴜɢI
iRR see =3ᴍiɴIA
ɴᴍʟᴢ1 teach ɴᴍʟᴢ
and
teachers
a
ᴍiᴅ say ᴀᴘᴘʟ =3ᴍiɴII
ᴅᴇᴍ2.ᴅɪѕᴛ
be =12ᴀᴜɢII
Rʟ.3ᴀᴜɢ be =ᴄᴏЅ ᴀᴘᴘʟ PᴅiR.HITHER =3ᴀᴜɢIA
Rʟ do =1ᴀᴜɢI
Rʟ go GᴅiR.OUT =ᴄᴏЅ PᴅiR.HITHER
ᴘʀᴇᴘ
Alankaula
be.schooled
ᴅᴇᴍ2.ᴅɪѕᴛ
a
ѕᴜʙʀ ripe
ᴅᴀᴛ =1ᴍiɴII
finish GᴅiR.OUT PᴅiR.YON =3ᴍiɴIS
3ᴀᴜɢ1 fly =ᴄᴏЅ =3ᴀᴜɢIS
ᴘʀᴇᴘ
head =3ᴍiɴII
but
ѕᴜʙʀ
and
hear PᴅiR.YON =1ᴀᴜɢI
hog.plum.tree
Rʟ speak WHISPERINGLY =ᴄᴏЅ PᴅiR.YON
ѕᴜʙʀ dry
be.3ᴍɪɴII
because
and
ᴘʀᴇᴘ
wait!
time
Rʟ write
ᴅᴇᴍ1.ᴘʀᴏχ
ᴘᴄFʟ.hand =12ᴀᴜɢII
be iɴᴛЅ =3ᴍiɴII
ᴘᴄFʟ.rsbl
ɴᴍʟᴢ1 make ᴠR
3ᴀᴜɢ1 pull GᴅiR.DOWN PᴅiR.HITHER =3ᴀᴜɢIA =3ᴍiɴIA
ᴘʀᴇᴘ
ѕᴜʙʀ
because
ᴘFᴠ
ᴅᴇᴍ2.ᴅɪѕᴛ
Rʟ return =ᴄᴏЅ PᴅiR.HITHER =1ᴍiɴI
Rʟ.3ᴀᴜɢ speak ᴀᴘᴘʟ =ᴄᴏЅ PᴅiR.HITHER =3ᴀᴜɢIA
SANTA.CRUZ
Rʟ.3ᴀᴜɢ exchange =ᴄᴏЅ ᴘʟ
do.not
Rʟ go ᴀᴘᴘʟ PᴅiR.HITHER
ᴄᴏᴍ.
things.of
Sunday
ᴅᴇᴍ2.ᴅɪѕᴛ
spirit
because
ᴅᴇᴍ2.ᴅɪѕᴛ
and
and
Rʟ go GᴅiR.IN =ᴄᴏЅ .BZ(PDIR.YON)=O(1MINI)
ɢᴇɴ1ᴀ
Rʟ shoot FULLY =ᴄᴏЅ =3ᴍiɴIA
ᴅᴇᴍ2.ᴅɪѕᴛ
so.then
ᴘᴄFʟ.drink =2ᴍiɴII
ᴅᴇᴍ2.ᴅɪѕᴛ
be.1ᴀᴜɢII
but
mind =3ᴍiɴII
midday
and
road
Nea
ɴᴍʟᴢ1 search ᴛR ɴᴍʟᴢ.ᴘᴄFʟ =3ᴀᴜɢII
name =3ᴍiɴII
day
ѕᴜʙʀ
ᴘFᴠ
village
but
ᴘᴄFʟ.hand =3ᴍiɴII
ɴᴇɢ long ɴᴇɢ
Rʟ say =ᴄᴏЅ PᴅiR.YON =3ᴍiɴIA
Napr.vil
ѕᴜʙʀ
ѕᴜʙʀ
iRR find =1ᴍiɴI
year
there
but
mind =1ᴍiɴII
be.1ᴀᴜɢII
ᴅᴇᴍ2.ᴅɪѕᴛ
taro
be.12ᴀᴜɢII
PAPAYA.TREE
little
mind
yourself
dance.stick
be.good
ѕᴜʙʀ
ᴘFᴠ
ᴅᴇᴍ2.ᴅɪѕᴛ
hem.nao
ᴘFᴠ
ѕᴜʙʀ bad
none.;.lack;.none
ᴛᴘɴʏᴍ
father =3ᴀᴜɢII
and
rope
and
ᴘFᴠ
be.1ᴀᴜɢII
3ᴀᴜɢ1 stand GᴅiR.UP PᴅiR.HITHER
ᴅᴇᴍ2.ᴅɪѕᴛ
ѕᴜʙʀ
a
turn.one's.back GᴅiR.OUT PᴅiR.HITHER
who
ᴘFᴠ
one ɴᴍʟᴢ.ᴘᴄFʟ =3ᴍiɴII
ᴅᴇᴍ1.ᴅɪѕᴛ =ᴄᴏЅ
here RIGHT.NOW
pay ᴛR =1ᴍiɴI =3ᴀᴜɢIS
be.3ᴀᴜɢII.
year
Rʟ.3ᴀᴜɢ cook ᴀᴘᴘʟ =ᴄᴏЅ =3ᴀᴜɢIA
3ᴀᴜɢ1 shoot UᴅiR.PATH GᴅiR.OUT =3ᴀᴜɢIA
Rʟ be
fire
and
Sunday
ᴘʀᴇᴘ
ᴘʀᴇᴘ
man
Tulagi
letter
but
village
CAMP
ᴘʀᴇᴘ
ɴᴍʟᴢ1 speak ɴᴍʟᴢ.ᴘᴄFʟ PᴅiR.YON
also
field
ᴘFᴠ
ᴛᴘɴʏᴍ
Rʟ cook =ᴄᴏЅ ᴀᴘᴘʟ =1ᴍiɴII
ѕᴜʙʀ
there just
SOUTHERN.CROSS
a
FOODSAFE
and
hurry =1ᴀᴜɢI
eye =1ᴍiɴII
ɴᴍʟᴢ1 live,.stay ɴᴍʟᴢ.ᴘᴄFʟ =1ᴀᴜɢII
here
Rʟ ᴍiᴅ say =ᴄᴏЅ also =3ᴍiɴIA
because
Fiu,.Malaita
ᴍiᴅ say PᴅiR.HITHER =3ᴍiɴIA
iRR ᴄᴀᴜЅ stand GᴅiR.IN PᴅiR.YON
take PᴅiR.YON =3ᴍiɴIA
high
ᴍiᴅ say PᴅiR.YON =3ᴍiɴIA
cross
ᴛᴘɴʏᴍ
doctor
Nea
ship
ᴘʀᴇᴘ
Rʟ.3ᴀᴜɢ give PᴅiR.HITHER =3ᴀᴜɢIA
mind =3ᴀᴜɢII
ᴅᴇᴍ2.ᴅɪѕᴛ
ɢᴇɴ1ᴀ
week
ᴘʀᴇᴘ
write
there
Rʟ ᴄᴀᴜЅ tight GᴅiR.IN much =ᴄᴏЅ =3ᴍiɴIA
ɴᴍʟᴢ1 make ɴᴍʟᴢ.ᴘᴄFʟ =2ᴍiɴII
ᴅᴇᴍ1.ᴅɪѕᴛ
make
wind
depart GᴅiR.OUT =1ᴍiɴI
mother.aunt =3ᴍiɴII
sea
time
day
Rʟ.3ᴀᴜɢ enter.in =ᴄᴏЅ also =3ᴀᴜɢIS
WIRELESS
Rʟ.3ᴀᴜɢ go.over UᴅiR.PATH GᴅiR.DOWN =ᴄᴏЅ PᴅiR.HITHER =3ᴀᴜɢIA
do also =3ᴍiɴIA
body =1ᴀᴜɢII
ᴘʀᴇᴘ
ѕᴜʙʀ
Rʟ sick
female
female
ᴘᴄFʟ.rsbl =3ᴍiɴII
army
be.difficult
3ᴀᴜɢ1 stand GᴅiR.UP PᴅiR.HITHER
time
towel
Rʟ.3ᴀᴜɢ say =ᴄᴏЅ =3ᴀᴜɢIA
boat
house
and
priest
ᴘʀᴇᴘ
ɢᴇɴ1ᴀ =3ᴍiɴII
ɴᴇɢ take =1ᴍiɴI ɴᴇɢ
things.of
three.of.them
and
ᴅᴀᴛ =3ᴍiɴII
and
go FOLLOW PᴅiR.HITHER
ᴅᴇᴍ2.ᴅɪѕᴛ
CAMP
a
cyclone
last ᴀᴘᴘʟ iɴᴛЅ PᴅiR.YON =3ᴍiɴIA
Rʟ ᴍiᴅ say =ᴄᴏЅ =1ᴍiɴI
ᴛᴘɴʏᴍ Nea
ᴘʀᴇᴘ
child
ship
stay GᴅiR.IN =ᴄᴏЅ ᴀᴘᴘʟ
ɴᴍʟᴢ1 ᴍiᴅ kill ɴᴍʟᴢ
tapa.cloth
3ᴀᴜɢ1 die =3ᴀᴜɢIS
rain
Rʟ speak UᴅiR.PATH PᴅiR.HITHER
ᴘᴄFʟ.drink =3ᴍiɴII
iRR go GᴅiR.UP =1ᴀᴜɢI
thing ᴅᴇᴍ2.ᴅɪѕᴛ
ᴘFᴠ
ᴅᴀᴛ =1ᴍiɴII
and
ɴᴇɢ cook =NOT.YET
be.1ᴀᴜɢII
and
there
lead =3ᴍiɴIA
a
sea
ᴘʀᴇᴘ
ɴᴍʟᴢ1 make ᴛR ɴᴍʟᴢ.ᴘᴄFʟ PᴅiR.YON =3ᴍiɴIA
Rʟ go GᴅiR.DOWN =ᴄᴏЅ =1ᴀᴜɢI
injure.internally UᴅiR.PATH GᴅiR.IN =3ᴍiɴIA
Rʟ go GᴅiR.UP =ᴄᴏЅ =1ᴀᴜɢI
and
ɪᴘFᴠ
and
letter
fall
Rʟ red GᴅiR.DOWN PᴅiR.YON
Rʟ.3ᴀᴜɢ fly GᴅiR.UP =ᴄᴏЅ ᴀᴘᴘʟ =3ᴀᴜɢII
Rʟ.3ᴀᴜɢ accept afterward PᴅiR.YON
bag
ѕᴜʙʀ
full
3ᴀᴜɢ1 start =3ᴀᴜɢIA
John
and
one
wooden.bowl
ɴᴍʟᴢ1 travel ɴᴍʟᴢ.ᴘᴄFʟ
ɴᴍʟᴢ1 blow.(wind) ɴᴍʟᴢ.ᴘᴄFʟ
ᴘʀᴇᴘ
ѕᴜʙʀ
ѕᴜʙʀ
those
ɢᴇɴ1ᴀ
man
ᴘʀᴇᴘ
hear PᴅiR.YON
ᴘʀᴇᴘ
fish.hook
ѕᴜʙʀ
ᴘʀᴇᴘ
female
iRR go =3ᴀᴜɢIS
ᴛᴘɴʏᴍ
but
there
child
Rʟ teach =ᴄᴏЅ =1ᴍiɴI
ᴘʀᴇᴘ
ACC.2augᵢᵢ
start
be =1ᴀᴜɢII
a
ᴘʀᴇᴘ
Rʟ see =ᴄᴏЅ =1ᴍiɴI
Malay.apple
village
Rʟ leave =ᴄᴏЅ ᴀᴘᴘʟ PᴅiR.HITHER =1ᴀᴜɢII
ᴘʀᴇᴘ
3ᴀᴜɢ1 desire =3ᴀᴜɢIA
ᴘʀᴇᴘ
Rʟ.3ᴀᴜɢ ᴍiᴅ think =ᴄᴏЅ =3ᴀᴜɢIA
wife ᴅᴇᴍ2.ᴅɪѕᴛ SPEC
travel PᴅiR.YON =1ᴀᴜɢI
morning
ᴘʀᴇᴘ
ᴅᴇᴍ2.ᴅɪѕᴛ
hear PᴅiR.YON =1ᴀᴜɢI
ɴᴍʟᴢ1 take ᴀᴘᴘʟ GᴅiR.UP ɴᴍʟᴢ.ᴘᴄFʟ
ѕᴜʙʀ
house
be.good
two;.couple
AFTER
Rʟ stand GᴅiR.OUT ᴀᴘᴘʟ PᴅiR.HITHER
and
thing
rain
and
ᴘʀᴇᴘ
colour =3ᴀᴜɢII ᴘʟ
child
Rʟ.3ᴀᴜɢ ᴍiᴅ obey =3ᴀᴜɢIS
return PᴅiR.HITHER =3ᴍiɴIA
ᴍiᴅ say =3ᴍiɴIA
ѕᴜʙʀ
those
those
coconut
ship
Reef.Is
be.1ᴀᴜɢII
those
lean.to
ᴘʀᴇᴘ
ᴘᴄFʟ.food =1ᴀᴜɢII
and
ᴘʀᴇᴘ
time =3ᴍiɴII
people
design
fish
be.1ᴀᴜɢII
hungry
know =ᴄᴏЅ =1ᴀᴜɢI
iRR ᴄᴀᴜЅ cover.from.rain ᴀᴘᴘʟ .BZ(PDIR.YON)=O(1MINI)
a
Sunday
place
ᴘFᴠ
and
sickness
ᴅᴇᴍ2.ᴅɪѕᴛ
Rʟ live,.stay ᴀᴘᴘʟ =1ᴀᴜɢII
breadfruit
ᴅᴇᴍ2.ᴅɪѕᴛ
chest
ᴘʀᴇᴘ
man
there advrs
place
but
here
same
black;.black
Dalvzo.Reef
ᴘʀᴇᴘ
police
friend =3ᴀᴜɢII
tree ngalinut
ɴᴇɢ wet =1ᴀᴜɢI ɴᴇɢ
first
ѕᴜʙʀ one
because
3ᴀᴜɢ1 live,.stay iɴᴛЅ =ᴄᴏЅ just
back.part =1ᴀᴜɢII
Nemya'.
ᴘʀᴇᴘ
be.good
thing
ѕᴜʙʀ
ᴘʀᴇᴘ
Rʟ stand GᴅiR.OUT ᴀᴘᴘʟ PᴅiR.HITHER
ᴘFᴠ
house
Rʟ.3ᴀᴜɢ sing.praises iɴᴛЅ GᴅiR.DOWN =ᴄᴏЅ =3ᴀᴜɢIA
ᴘFᴠ
cross
there
bush
ѕᴜʙʀ big
love
two;.couple
a
pudding
themselves
ship
ᴘᴄFʟ.hand =12ᴍiɴII
iRR see first =3ᴍiɴIA
ɴᴍʟᴢ1 sleep =ᴄᴏЅ ɴᴍʟᴢ.ᴘᴄFʟ =1ᴍiɴII
ᴅᴇᴍ2.ᴅɪѕᴛ
ɢᴇɴ1ᴀ
turn UᴅiR.PATH PᴅiR.HITHER =3ᴍiɴIA
and
=1ᴀᴜɢI
quickly;.quick
wind
thing
what
branch
ѕᴜʙʀ
Rʟ dance =ᴄᴏЅ =1ᴀᴜɢI
MAST
iRR call only