nâdö#ᴄᴏᴍ.
të-#Ʀʟ.3ᴀᴜɢ ö-#ᴍꞮᴅ pi#say ==pe#=ᴄᴏЅ -mü#PᴅꞮƦ.HITHER ==lö#=3ᴀᴜɢIA
sâ-#ᴘꜰᴠ
nölâ#place
yölü#put -tö#GᴅꞮƦ.IN läblö#together -bë#PᴅꞮƦ.YON ==le#=3ᴍꞮɴIA
në-#ɴᴍʟᴢ1 vë#go -dë#GᴅꞮƦ.UP ==pe#=ᴄᴏЅ -kö#ɴᴍʟᴢ.ᴘᴄꜰʟ -mü#PᴅꞮƦ.HITHER
kopoöa#copra
-#3ᴀᴜɢ1 suti#want ==pe#=ᴄᴏЅ
kâng#those
kä..#ѕᴜʙʀ
kökâ#ʀᴘʀɴ2.ᴅᴇᴍ2.ᴅɪѕᴛ
të-#Ʀʟ.3ᴀᴜɢ vë#go ==pe#=ᴄᴏЅ ==ng#=3ᴀᴜɢIS
-#3ᴀᴜɢ1 rpna'#shoot mou#again -mü#PᴅꞮƦ.HITHER
ä#and
bznwz#Bznwz.vil
be.nyz.rplz#TROCHUS
da#thing
da#thing
në-#ɴᴍʟᴢ1 mnâ#be -kö#ɴᴍʟᴢ.ᴘᴄꜰʟ
nüni#mat
nâ#fish
köla#ʀᴘʀɴ2.ᴅᴇᴍ1.ᴘʀᴏχ
-#3ᴀᴜɢ1 blüki#dirty ==ng#=3ᴀᴜɢIS
sâ-#ᴘꜰᴠ
nëlu#coconut
ä#and
në-#ɴᴍʟᴢ1 köka'#pray -kö#ɴᴍʟᴢ.ᴘᴄꜰʟ ==de#=3ᴍꞮɴII
më#ᴘʀᴇᴘ
ëlwë#much
më#ᴘʀᴇᴘ
a'#but
ä#and
la#ᴅᴇᴍ1.ᴘʀᴏχ
nyë#ᴘᴄꜰʟ.ʙ&ɢ ==dö#=3ᴀᴜɢII
më#ᴘʀᴇᴘ
prcpelz#propeller
kxpipz#little
kâ#ᴅᴇᴍ2.ᴅɪѕᴛ
dzbede#group
lue#water
tü-#Ʀʟ mu#eat ==pe#=ᴄᴏЅ ==kö#=1ᴀᴜɢI
në-#ɴᴍʟᴢ1 glü#carry -tö#GᴅꞮƦ.IN ==pe#=ᴄᴏЅ -mü#PᴅꞮƦ.HITHER
jenwzri#January
peao#dry.coconut.leaf
më#ᴘʀᴇᴘ
tömâtu#island
në-#ɴᴍʟᴢ1 wë#make -kö#ɴᴍʟᴢ.ᴘᴄꜰʟ ==gö#=1ᴀᴜɢII ==le#=3ᴍꞮɴIA
kä..#ѕᴜʙʀ
nâbö#cross
merikz#USA,.AMERICA
më#ᴘʀᴇᴘ
lö#ᴘᴄꜰʟ.inherent ==de#=3ᴍꞮɴII
a'#but
tü-#Ʀʟ öke#pick ate#afterward ==ä#=1ᴍꞮɴI
më#eye ==te#=3ᴍꞮɴII
öngalä#dawn
ne#ᴘᴄꜰʟ.rsbl
a'#but
kä..#ѕᴜʙʀ
kä..#ѕᴜʙʀ
kâ#ᴅᴇᴍ2.ᴅɪѕᴛ
tü-#Ʀʟ ö-#ᴍꞮᴅ glü#carry -ti#ᴛƦ ==kö#=1ᴀᴜɢI
pöla#sea
lö#ᴘᴄꜰʟ.inherent
sâ-#ᴘꜰᴠ
temë#moon.
tü-#Ʀʟ topwë#little ==be#=STILL -ngö#ᴀᴘᴘʟ ==ne#=1ᴍꞮɴII
kä..#ѕᴜʙʀ
-#3ᴀᴜɢ1 vou#ignite -ne#ꞮɴᴛЅ -o#GᴅꞮƦ.DOWN ==pe#=ᴄᴏЅ -mü#PᴅꞮƦ.HITHER
kä..#ѕᴜʙʀ
ä#and
ä#and
dötwö#mind ==nge#=1ᴍꞮɴII
nëwö#time ==de#=3ᴍꞮɴII
ma#house
na-#ꞮƦƦ alvâ#push -tö#GᴅꞮƦ.IN -lëbü#Ʀᴇꜰʟ ==gö#=1ᴀᴜɢII
ä#and
elö#there
nike#what
nâte#his.nose ==de#=3ᴍꞮɴII
ye#only
nipna'#arrow
päi#wear ==#=3ᴍꞮɴIS
gresosa.bei#GRACIOSA.BAY
bxn#BAND
möka#here
tö-#ɴᴇɢ suti#want -u#ɴᴇɢ
më#ᴘʀᴇᴘ
natqgu#Natqgu
më#ᴘʀᴇᴘ
kä..#ѕᴜʙʀ
tö#holy
ëbü#day
dalö#things.of
më#ᴘʀᴇᴘ
lâsu#ship
në-#ɴᴍʟᴢ1 ngini#become -kö#ɴᴍʟᴢ.ᴘᴄꜰʟ ==de#=3ᴍꞮɴII
ni#be ==gö#=1ᴀᴜɢII
töau#money
ä#and
na-#ꞮƦƦ ngi#be
ä#and
tü-#Ʀʟ yâmne#speak -ngö#ᴀᴘᴘʟ ==gö#=1ᴀᴜɢII
nâ.tabao#PAPAYA.TREE
rum#room
kâ#ᴅᴇᴍ2.ᴅɪѕᴛ
la#ᴅᴇᴍ1.ᴘʀᴏχ
la#ᴅᴇᴍ1.ᴘʀᴏχ
ngö#ɢᴇɴ1ᴀ
nëköka'ngö#prayer
ö-#ᴍꞮᴅ mâ#see
ä#and
nyë#ᴘᴄꜰʟ.ʙ&ɢ ==dö#=3ᴀᴜɢII
ëbü#day
kä..#ѕᴜʙʀ matü#powerful
na-#ꞮƦƦ yapwä#tell -ti#ᴛƦ -mü#PᴅꞮƦ.HITHER ==le#=3ᴍꞮɴIA
kä..#ѕᴜʙʀ
-#3ᴀᴜɢ1 a-#ᴄᴀᴜЅ bë#die ==lö#=3ᴀᴜɢIA
ökalë#leave -mü#PᴅꞮƦ.HITHER ==#=3ᴍꞮɴIS
auki#Auki
waelas#WIRELESS
kâng#those
doa#child
nâ#tree
ä#and
nigö#be.1ᴀᴜɢII
mya#surpass -së#VERY -pä#GᴅꞮƦ.OUT ==le#=3ᴍꞮɴIA
lue#water
ma#house
ne#ᴘᴄꜰʟ.rsbl ==dö#=3ᴀᴜɢII -ngü#ᴘʟ
kä..#ѕᴜʙʀ
jon#John
ä#and
në-#ɴᴍʟᴢ1 ti#shine -alo#FOREVER -kö#ɴᴍʟᴢ.ᴘᴄꜰʟ
sâ-#ᴘꜰᴠ
tü-#Ʀʟ yöni#cry -tä#ꞮɴᴛЅ ==pe#=ᴄᴏЅ
kâng#those
yökö#finish -pä#GᴅꞮƦ.OUT -bë#PᴅꞮƦ.YON ==#=3ᴍꞮɴIS
yië#year
sâ-#ᴘꜰᴠ
ä#and
paeli#WILD.PANA
leplë#people
na-#ꞮƦƦ vë#go ==ng#=3ᴀᴜɢIS
sâ#ᴘᴄꜰʟ.hand ==de#=3ᴍꞮɴII
nâdö#ᴄᴏᴍ.
kâ#ᴅᴇᴍ2.ᴅɪѕᴛ
vöi#star
kosi#course
kä..#ѕᴜʙʀ
nölâkäbü#night
ami#army
kâng#those
sâ-#ᴘꜰᴠ
dötü#body ==gö#=1ᴀᴜɢII
pulis#police
në-#ɴᴍʟᴢ1 vo#travel -kö#ɴᴍʟᴢ.ᴘᴄꜰʟ
këdü#a
këdü#a
taepq-raetz#typewriter
më#ᴘʀᴇᴘ
kai#pudding
tökla#headland
mökâ#there
më#ᴘʀᴇᴘ
kä..#ѕᴜʙʀ -#3ᴀᴜɢ1 topwë#little
kâng#those
nemya'#Nemya'.
kä..#ѕᴜʙʀ
maekol#Michael
në-#ɴᴍʟᴢ1 anga#mock.threaten.with.weapon -ti#ᴛƦ -ngö#ᴀᴘᴘʟ
kä..#ѕᴜʙʀ löpö#wet
në-#ɴᴍʟᴢ1 mu#eat -kö#ɴᴍʟᴢ.ᴘᴄꜰʟ ==gö#=1ᴀᴜɢII
lvâ#fly -bë#PᴅꞮƦ.YON ==le#=3ᴍꞮɴIA
më#ᴘʀᴇᴘ
rlilrdr#both.of.them
-#3ᴀᴜɢ1 dwasë#leave ==dö#=3ᴀᴜɢII
ä#and
amölä#all ==pe#=ᴄᴏЅ
mama#priest
sâ-#ᴘꜰᴠ
sâ-#ᴘꜰᴠ
kâ#ᴅᴇᴍ2.ᴅɪѕᴛ
la#ᴅᴇᴍ1.ᴘʀᴏχ
kâ#ᴅᴇᴍ2.ᴅɪѕᴛ
nëelangö#dance
skul#school
në-#ɴᴍʟᴢ1 vë#go -ne#PROGRESSIVE -kö#ɴᴍʟᴢ.ᴘᴄꜰʟ ==gö#=1ᴀᴜɢII
kâ#ᴅᴇᴍ2.ᴅɪѕᴛ
leplë#people
kâ#ᴅᴇᴍ2.ᴅɪѕᴛ
bea#midday
kâ#ᴅᴇᴍ2.ᴅɪѕᴛ
känëakölë#teachers
kâ#ᴅᴇᴍ2.ᴅɪѕᴛ
në-#ɴᴍʟᴢ1 kölë#reach -tö#GᴅꞮƦ.IN mou#again -mü#PᴅꞮƦ.HITHER ==lö#=3ᴀᴜɢIA
ä#and
lâde#there
tü-#Ʀʟ vë#go -bo#.BZ(PDIR.YON)=O(1MINI)
nâblo#man
muöde#because
tü-#Ʀʟ dwa#jump -o#GᴅꞮƦ.DOWN
dötwö#mind
të-#Ʀʟ.3ᴀᴜɢ yëlu#return -tö#GᴅꞮƦ.IN ==pe#=ᴄᴏЅ -mü#PᴅꞮƦ.HITHER ==ng#=3ᴀᴜɢIS
lâ#talk a-#ᴄᴀᴜЅ pü#hot -bë#PᴅꞮƦ.YON ==le#=3ᴍꞮɴIA
lue#water
kâ#ᴅᴇᴍ2.ᴅɪѕᴛ
kä..#ѕᴜʙʀ etu#big
të-#Ʀʟ.3ᴀᴜɢ wökätö#baptised ==pe#=ᴄᴏЅ ==ngü#=3ᴀᴜɢIS
kâng#those
kä..#ѕᴜʙʀ -#ᴘᴀЅ ngü#eat
kâ#ᴅᴇᴍ2.ᴅɪѕᴛ
natü#word
tü-#ᴘᴀЅ ö-#ᴍꞮᴅ lxplz#puncture
vë#go
na-#ꞮƦƦ ve#accompany ==ä#=1ᴍꞮɴI
ëyagoä#sickness
köa-#ᴏƦᴅ tü#three
na-#ꞮƦƦ yâ#stay -ti#ᴛƦ -pä#GᴅꞮƦ.OUT -mü#PᴅꞮƦ.HITHER
nabö.nabë#grass
në-#ɴᴍʟᴢ1 ö-#ᴍꞮᴅ musö#treat.like.that -ti#ᴛƦ -kö#ɴᴍʟᴢ.ᴘᴄꜰʟ -bo#.BZ(PDIR.YON)=O(1MINI)
tü-#Ʀʟ ö-#ᴍꞮᴅ pi#say -bë#PᴅꞮƦ.YON ==le#=3ᴍꞮɴIA
ä#and
kâ#ᴅᴇᴍ2.ᴅɪѕᴛ
sâ-#ᴘꜰᴠ
mökâ#there
tu#stand
dötü#name ==de#=3ᴍꞮɴII
muöde#because
më#ᴘʀᴇᴘ
na-#ꞮƦƦ ngi#be
naü#Malay.apple
vë#feel.sad -tä#ꞮɴᴛЅ ==#=3ᴍꞮɴIS
badö#ᴄᴏᴍ.
mateas#Matthias
ne#ᴘᴄꜰʟ.rsbl ==de#=3ᴍꞮɴII -ngü#ᴘʟ
äplö#strong
kâ#ᴅᴇᴍ2.ᴅɪѕᴛ
këdü#a
nyë#ᴘᴄꜰʟ.ʙ&ɢ ==dö#=3ᴀᴜɢII
sâ-#ᴘꜰᴠ
mâ#see ==pe#=ᴄᴏЅ ==le#=3ᴍꞮɴIA
ne#ᴘᴄꜰʟ.rsbl ==de#=3ᴍꞮɴII
kä..#ѕᴜʙʀ
më#ᴘʀᴇᴘ
e#or
tü-#Ʀʟ mâ#see ==pe#=ᴄᴏЅ ==ä#=1ᴍꞮɴI
sâ#ᴘᴄꜰʟ.hand ==gö#=1ᴀᴜɢII
dela#there.it.is
tökö#no
jon#John
më#ᴘʀᴇᴘ
nidö#be.3ᴀᴜɢII.
meöikol#miracle
nëöyöngö#writing
külu#many
elalë#rejoice -tä#ꞮɴᴛЅ -mü#PᴅꞮƦ.HITHER
lâde#there
më#ᴘʀᴇᴘ
ba-#ᴅᴀᴛ ==de#=3ᴍꞮɴII
pöla#sea
sâ-#ᴘꜰᴠ
sâ-#ᴘꜰᴠ
lâ#ᴅᴇᴍ1.ᴅɪѕᴛ
nwei'#parrotfish
tü-#Ʀʟ twë#take ==ä#=1ᴍꞮɴI
sâ-#ᴘꜰᴠ
ä#and
kâ#ᴅᴇᴍ2.ᴅɪѕᴛ
tü-#Ʀʟ yöke#exclaimed -lvë#ᴀᴘᴘʟ ==ä#=1ᴍꞮɴI
sâ#ᴘᴄꜰʟ.hand ==dö#=3ᴀᴜɢII
më#ᴘʀᴇᴘ
tewa#rain
devet#David
kä..#ѕᴜʙʀ
da#thing
të-#Ʀʟ.3ᴀᴜɢ zpqtr#convert.s.o. ==ngü#=3ᴀᴜɢIS
nâboi#needlefish
ä#and
ä#and
a'#but
me#place
yölü#put -tä#ꞮɴᴛЅ
nemya'#Nemya'.
nenü#wind
kâpwë#same
dötübö#landmass
merikz#USA,.AMERICA
të-#Ʀʟ.3ᴀᴜɢ ayrni#play.instrument kë#also -mü#PᴅꞮƦ.HITHER ==ng#=3ᴀᴜɢIS
mwe#maybe;.I.think
ä#and
yië#year
pripekt#prefect
na-#ꞮƦƦ a-#ᴄᴀᴜЅ glü#carry ==amu#=2ᴀᴜɢI
nimu#ACC.2augᵢᵢ
ma#house
kä..#ѕᴜʙʀ
tü-#Ʀʟ vë#go ==pe#=ᴄᴏЅ
lika#kite
kë#also
më#ᴘʀᴇᴘ
kâ#ᴅᴇᴍ2.ᴅɪѕᴛ
makätö#church.building
mwa#hunt ==kö#=1ᴀᴜɢI
ncyabe#wooden.stick.for.marinading.hot.pudding
kä..#ѕᴜʙʀ
në-#ɴᴍʟᴢ1 bao#cold -kö#ɴᴍʟᴢ.ᴘᴄꜰʟ ==de#=3ᴍꞮɴII
elö#there
kâ#ᴅᴇᴍ2.ᴅɪѕᴛ
nëlu#coconut
më#ᴘʀᴇᴘ
tzsiu#monk
ö#ɢᴇɴ1ᴀ ==de#=3ᴍꞮɴII
-#ᴘᴀЅ lë#carve
kä..#ѕᴜʙʀ
lâ#ᴅᴇᴍ1.ᴅɪѕᴛ
kâ#ᴅᴇᴍ2.ᴅɪѕᴛ
naonöä#doorway
tü-#Ʀʟ pi#say ==pe#=ᴄᴏЅ -bë#PᴅꞮƦ.YON
mökâ#there
dötü#body ==de#=3ᴍꞮɴII
të-#Ʀʟ.3ᴀᴜɢ wë#make -ngö#ᴀᴘᴘʟ
kä..#ѕᴜʙʀ
tü-#Ʀʟ ötöngö#do -ti#ᴛƦ -bë#PᴅꞮƦ.YON ==me#=.MQ(PDIR.HITHER)=Q(2MINI)
më#ᴘʀᴇᴘ
më#ᴘʀᴇᴘ
ö#ɢᴇɴ1ᴀ ==de#=3ᴍꞮɴII
më#ᴘʀᴇᴘ
a'#but
mama#priest
ëbü#day
dötü#name ==de#=3ᴍꞮɴII
ä#and
nümü#way
kä..#ѕᴜʙʀ
kâ#ᴅᴇᴍ2.ᴅɪѕᴛ
në-#ɴᴍʟᴢ1 lvâ#fly -kö#ɴᴍʟᴢ.ᴘᴄꜰʟ
ä#and
-#3ᴀᴜɢ1 ngölö#hurry -tö#GᴅꞮƦ.IN ==ng#=3ᴀᴜɢIS
badö#dat=3augII
nyë#ᴘᴄꜰʟ.ʙ&ɢ ==dö#=3ᴀᴜɢII
na-#ꞮƦƦ vë#go kai#first -bo#.BZ(PDIR.YON)=O(1MINI)
lâ#ᴅᴇᴍ1.ᴅɪѕᴛ
muöde#because
läe#mother.aunt ==gö#=1ᴀᴜɢII
tö-#ɴᴇɢ -#3ᴀᴜɢ1 külu#many ==ngü#=3ᴀᴜɢIS -u#ɴᴇɢ
kâ#ᴅᴇᴍ2.ᴅɪѕᴛ
vo#run
lö#ᴛᴘɴʏᴍ
kâng#those
me#place
më#ᴘʀᴇᴘ
kä..#ѕᴜʙʀ
mökâ#there
nigu#be.12ᴀᴜɢII
na-#ꞮƦƦ yölë#marry mou#again ==ä#=1ᴍꞮɴI
amölä#all
kä..#ѕᴜʙʀ
ä#and
lö#ᴛᴘɴʏᴍ
kâ#ᴅᴇᴍ2.ᴅɪѕᴛ
ö-#ᴍꞮᴅ pi#say -bë#PᴅꞮƦ.YON
më#ᴘʀᴇᴘ
ä#and
meöikol#miracle
nabäbë#fence
elö#there
opä#clear
-#3ᴀᴜɢ1 alvë#teach -tö#GᴅꞮƦ.IN ==ngü#=3ᴀᴜɢIS
më#ᴘʀᴇᴘ
natü#word ==de#=3ᴍꞮɴII
inglan#ENGLAND
mâ#see ==ä#=1ᴍꞮɴI
lâ#ᴅᴇᴍ1.ᴅɪѕᴛ
të-#Ʀʟ.3ᴀᴜɢ mwi#sleep -pä#GᴅꞮƦ.OUT -ngö#ᴀᴘᴘʟ -mü#PᴅꞮƦ.HITHER ==lö#=3ᴀᴜɢIA
ä#and
kâ#ᴅᴇᴍ2.ᴅɪѕᴛ
kä..#ѕᴜʙʀ -#3ᴀᴜɢ1 etu#big
në-#ɴᴍʟᴢ1 ö-#ᴍꞮᴅ tekütö#exchange -ngö#ɴᴍʟᴢ
kä..#ѕᴜʙʀ
tzlede#Tzlede
kämu#be.like
tü-#Ʀʟ lvâ#fly -nüblü#FOLLOW mou#again ==le#=3ᴍꞮɴIA
doa#child
na-#ꞮƦƦ yëutö#begin ==pe#=ᴄᴏЅ
doa#child
kâma#that.one
-#ᴘᴀЅ ö-#ᴍꞮᴅ pilë#curse -ngö#ɴᴍʟᴢ
dötü#name ==de#=3ᴍꞮɴII
më#ᴘʀᴇᴘ
nâblo#man
më#ᴘʀᴇᴘ
në-#ɴᴍʟᴢ1 vë#go kai#first -kö#ɴᴍʟᴢ.ᴘᴄꜰʟ ==gö#=1ᴀᴜɢII
në-#ɴᴍʟᴢ1 ö-#ᴍꞮᴅ nibü#kill -kö#ɴᴍʟᴢ.ᴘᴄꜰʟ ==dö#=3ᴀᴜɢII
nidö#be.3ᴀᴜɢII.
mnâ#be ==kö#=1ᴀᴜɢI
kâ#ᴅᴇᴍ2.ᴅɪѕᴛ
nâblo#man
lö#ᴘᴄꜰʟ.inherent
sâ-#ᴘꜰᴠ
më#ᴘʀᴇᴘ
tü-#Ʀʟ yöni#cry -mü#PᴅꞮƦ.HITHER
tü-#Ʀʟ abë#try ==le#=3ᴍꞮɴIA
kä..#ѕᴜʙʀ
tü-#Ʀʟ pi#say ==pe#=ᴄᴏЅ -mü#PᴅꞮƦ.HITHER ==le#=3ᴍꞮɴIA
kölë#know
sosaeti#SOCIETY
ä#and
yagoä#sick
vë#go -tö#GᴅꞮƦ.IN mou#again ==kö#=1ᴀᴜɢI
kä..#ѕᴜʙʀ na-#ꞮƦƦ mu#be.like
kä..#ѕᴜʙʀ
mâ#see -pä#GᴅꞮƦ.OUT -mü#PᴅꞮƦ.HITHER
yölü#put -bë#PᴅꞮƦ.YON ==le#=3ᴍꞮɴIA
më#ᴘʀᴇᴘ
kâ#ᴅᴇᴍ2.ᴅɪѕᴛ
në-#ɴᴍʟᴢ1 wë#make -kö#ɴᴍʟᴢ.ᴘᴄꜰʟ ==mü#=2ᴍꞮɴII
tutö#be.struck
profesz#professor
öpwa'#forbid -ngö#ᴀᴘᴘʟ -bo#.BZ(PDIR.YON)=O(1MINI)
tü-#Ʀʟ mnâ#be
tömâtu#island
kâ#ᴅᴇᴍ2.ᴅɪѕᴛ
kä..#ѕᴜʙʀ
kä..#ѕᴜʙʀ
tü-#Ʀʟ mnâ#live,.stay läblö#together ==pe#=ᴄᴏЅ ==kö#=1ᴀᴜɢI
këdü#a
të-#Ʀʟ.3ᴀᴜɢ ya#paddle -pä#GᴅꞮƦ.OUT ==pe#=ᴄᴏЅ ==ngü#=3ᴀᴜɢIS
në-#ɴᴍʟᴢ1 wë#make -kö#ɴᴍʟᴢ.ᴘᴄꜰʟ
ä#and
kä..#ѕᴜʙʀ
mapz.nyz.dalvzo#Dalvzo.Reef
temë#moon.
nëwö#time ==de#=3ᴍꞮɴII
këdü#a
tü-#Ʀʟ amölë#heal
badö#ᴄᴏᴍ.
kâ#ᴅᴇᴍ2.ᴅɪѕᴛ
bcloa#what.is.inserted.in.pierced.septum.hole
na-#ꞮƦƦ vë#go -bë#PᴅꞮƦ.YON ==ng#=3ᴀᴜɢIS
badö#ᴄᴏᴍ.
sâ-#ᴘꜰᴠ
dölë#design
ka#give -mü#PᴅꞮƦ.HITHER ==le#=3ᴍꞮɴIA
nâdö#ᴄᴏᴍ.
nölâ#place
lö#ᴛᴘɴʏᴍ
në-#ɴᴍʟᴢ1 siklu#be.schooled -kö#ɴᴍʟᴢ.ᴘᴄꜰʟ ==gö#=1ᴀᴜɢII
mzdxmingr#Mzdxmingr.village
nyë#ᴘᴄꜰʟ.ʙ&ɢ ==gö#=1ᴀᴜɢII
natqgu#Natqgu
kä..#ѕᴜʙʀ etu#big
këdung#ᴀᴛ.фɴᴛ.ᴘʟ.ᴘʟ
kölë#know -bë#PᴅꞮƦ.YON ==le#=3ᴍꞮɴIA
nölâkäbü#night
sâ#ᴘᴄꜰʟ.hand ==gö#=1ᴀᴜɢII
nâblo#man
seleng#they.here
täpwë#only
tü-#Ʀʟ ängi#feel ate#afterward -bë#PᴅꞮƦ.YON ==kö#=1ᴀᴜɢI
nâbö#cross
të-#Ʀʟ.3ᴀᴜɢ vë#go -o#GᴅꞮƦ.DOWN ==pe#=ᴄᴏЅ ==ng#=3ᴀᴜɢIS
në-#ɴᴍʟᴢ1 wë#make -ngö#ᴠƦ
na-#ꞮƦƦ köka'#pray -bo#.BZ(PDIR.YON)=O(1MINI)
ä#and
aijz#Aijz
në-#ɴᴍʟᴢ1 akxlr#roasted.greens.on.stone
nzrtangrtingr#search
doa#child
nim#be.2ᴍɪɴII
nigö#be.1ᴀᴜɢII
kâ#ᴅᴇᴍ2.ᴅɪѕᴛ
ngö#ɢᴇɴ1ᴀ
më#ᴘʀᴇᴘ
lâsu#ship
nâblo#man
alfabet#alphabet
möka#here
kâng#those
bagö#dat=1augII
kâ#ᴅᴇᴍ2.ᴅɪѕᴛ
të-#Ʀʟ.3ᴀᴜɢ pi#say ==pe#=ᴄᴏЅ -bë#PᴅꞮƦ.YON ==lö#=3ᴀᴜɢIA
ycpe.pipz#ALMOST
aglikan#Anglican
ö-#ᴍꞮᴅ pi#say -mü#PᴅꞮƦ.HITHER ==le#=3ᴍꞮɴIA
dril#DRILL
më#ᴘʀᴇᴘ
-#3ᴀᴜɢ1 mnâ#be ==pe#=ᴄᴏЅ ==ng#=3ᴀᴜɢIS
kâmiti#committee
të-#Ʀʟ.3ᴀᴜɢ äpe#pay -tö#GᴅꞮƦ.IN -mü#PᴅꞮƦ.HITHER
tü-#Ʀʟ matü#powerful
sâ-#ᴘꜰᴠ
ëbë#so.then
badö#ᴄᴏᴍ.
sâ-#ᴘꜰᴠ
tü-#Ʀʟ mâ#see ==amu#=2ᴀᴜɢI
lue#water
më#eye ==tö#=3ᴀᴜɢII
tü-#Ʀʟ mnâ#live,.stay kapü#hidden -ngö#ᴀᴘᴘʟ
mü#ᴘᴄꜰʟ.drink ==gö#=1ᴀᴜɢII
olvë#female
në-#ɴᴍʟᴢ1 mâ#see -kö#ɴᴍʟᴢ.ᴘᴄꜰʟ ==de#=3ᴍꞮɴII
mama#priest
më#ᴘʀᴇᴘ
këdu#some
ä#and
ö-#ᴍꞮᴅ pi#say -bo#.BZ(PDIR.YON)=O(1MINI)
tü-#Ʀʟ vë#go ==pe#=ᴄᴏЅ ==kö#=1ᴀᴜɢI
kâ#ᴅᴇᴍ2.ᴅɪѕᴛ
naonöä#doorway
në-#ɴᴍʟᴢ1 tâ#take -ngö#ᴀᴘᴘʟ -lë#GᴅꞮƦ.UP -kö#ɴᴍʟᴢ.ᴘᴄꜰʟ
më#ᴘʀᴇᴘ
na-#ꞮƦƦ abë#try -bë#PᴅꞮƦ.YON ==lö#=3ᴀᴜɢIA
në-#ɴᴍʟᴢ1 ö-#ᴍꞮᴅ katx#remove -ngö#ɴᴍʟᴢ
esë'könge#myself
nidö#be.3ᴀᴜɢII.
tü-#Ʀʟ yëlu#return -lë#GᴅꞮƦ.UP ==pe#=ᴄᴏЅ
a-#ᴄᴀᴜЅ tapläsö#be.distributed.evenly ==le#=3ᴍꞮɴIA
na-#ꞮƦƦ vë#go -pä#GᴅꞮƦ.OUT -kö#ɴᴍʟᴢ.ᴘᴄꜰʟ -mü#PᴅꞮƦ.HITHER ==le#=3ᴍꞮɴIA
läblö#together -ngü#ᴘʟ
amölä#all
sâ-#ᴘꜰᴠ
töak#truck
në-#ɴᴍʟᴢ1 o#go -ëli#ALONG -o#GᴅꞮƦ.DOWN -kö#ɴᴍʟᴢ.ᴘᴄꜰʟ ==gö#=1ᴀᴜɢII
a'#but
nigö#be.1ᴀᴜɢII
vë#go ==pe#=ᴄᴏЅ kai#first p#2ᴍɪɴII
sade#Sunday
ne#ᴘᴄꜰʟ.rsbl
të-#Ʀʟ.3ᴀᴜɢ mu#eat ==pe#=ᴄᴏЅ -ngö#ᴀᴘᴘʟ ==dö#=3ᴀᴜɢII
kä..#ѕᴜʙʀ etu#big -ti#ᴛƦ -ngü#ᴘʟ
ä#and
a'#but
muöde#because
dötü#name ==de#=3ᴍꞮɴII
kä..#ѕᴜʙʀ
a'#but
nuë#canoe
kämu#be.like kë#also ==le#=3ᴍꞮɴIA
bëkü#do.not
këdü#a
myä#where
të-#Ʀʟ.3ᴀᴜɢ yökö#depart ==pe#=ᴄᴏЅ mou#again ==ng#=3ᴀᴜɢIS
natqgu#Natqgu
nâboi#needlefish
vo#travel -tä#ꞮɴᴛЅ -tö#GᴅꞮƦ.IN
ö#ɢᴇɴ1ᴀ ==nge#=1ᴍꞮɴII
ngölö#hurry -mi#ᴅᴘᴠ -mü#PᴅꞮƦ.HITHER ==le#=3ᴍꞮɴIA
ëbë#so.then
kä..#ѕᴜʙʀ
më#ᴘʀᴇᴘ
dâkta#doctor
badö#ᴄᴏᴍ.
mökâ#there
läe#mother.aunt
na-#ꞮƦƦ vë#go -dë#GᴅꞮƦ.UP -bo#.BZ(PDIR.YON)=O(1MINI)
të-#Ʀʟ.3ᴀᴜɢ vë#go ate#afterward ==ng#=3ᴀᴜɢIS
më#ᴘʀᴇᴘ
nigö#be.1ᴀᴜɢII
sâ-#ᴘꜰᴠ
kä..#ѕᴜʙʀ
sâ-#ᴘꜰᴠ
loëbü#night
kâ#ᴅᴇᴍ2.ᴅɪѕᴛ
kâ#ᴅᴇᴍ2.ᴅɪѕᴛ
nea#Nea
dölë#colour ==dö#=3ᴀᴜɢII
lâ#ᴅᴇᴍ1.ᴅɪѕᴛ
nigö#be.1ᴀᴜɢII
mama#priest
në-#ɴᴍʟᴢ1 a-#ᴄᴀᴜЅ glü#carry -ngö#ɴᴍʟᴢ
ä#and
prcpelz#propeller
mökâ#there
blë#sacrifice
më#ᴘʀᴇᴘ
na-#ꞮƦƦ öläti#request;.ask -bo#.BZ(PDIR.YON)=O(1MINI)
tü-#Ʀʟ wai#do
këdung#ᴀᴛ.фɴᴛ.ᴘʟ.ᴘʟ
ä#and
mou#again
më#ᴘʀᴇᴘ
ma#advrs
dâkta#doctor
ëbë#so.then
lâsu#ship
kâ#ᴅᴇᴍ2.ᴅɪѕᴛ
kâ#ᴅᴇᴍ2.ᴅɪѕᴛ
esë'täu#only.one
na-#ꞮƦƦ a-#ᴄᴀᴜЅ glü#carry ==pe#=ᴄᴏЅ ==kö#=1ᴀᴜɢI
më#ᴘʀᴇᴘ
ni-#ᴀᴄᴄ ==nge#=1ᴍꞮɴII
më#ᴘʀᴇᴘ
nölâkäbü#night
nar#head
më#ᴘʀᴇᴘ
të-#Ʀʟ.3ᴀᴜɢ tave#break -tö#GᴅꞮƦ.IN ==lö#=3ᴀᴜɢIA
lâsu#ship
më#ᴘʀᴇᴘ
ëbë#so.then
töte#father ==nge#=1ᴍꞮɴII
kä..#ѕᴜʙʀ
nyz'#ᴘᴄꜰʟ.ʙ&ɢ ==dö#=3ᴀᴜɢII
në-#ɴᴍʟᴢ1 mingö#dry -kö#ɴᴍʟᴢ.ᴘᴄꜰʟ ==gö#=1ᴀᴜɢII
ö#ɢᴇɴ1ᴀ ==dö#=3ᴀᴜɢII
ma#house
naonöä#doorway
yöbü#lying.down -ti#ᴛƦ ==kö#=1ᴀᴜɢI
sâ#ᴘᴄꜰʟ.hand ==de#=3ᴍꞮɴII
tö-#ɴᴇɢ mnâ#be -ne#PROGRESSIVE ëpwä#true ==pe#=ᴄᴏЅ ==kö#=1ᴀᴜɢI -u#ɴᴇɢ
dâpwe#salt.water
kä..#ѕᴜʙʀ
tu#stand -ti#ᴛƦ
peto#bush
kâ#ᴅᴇᴍ2.ᴅɪѕᴛ
ö-#ᴍꞮᴅ pi#say -bë#PᴅꞮƦ.YON
mou#again
bz.ngr.napa#dance.stick
kâ#ᴅᴇᴍ2.ᴅɪѕᴛ
sâ-#ᴘꜰᴠ
badö#ᴄᴏᴍ.
-#3ᴀᴜɢ1 vë#go -bë#PᴅꞮƦ.YON ==ng#=3ᴀᴜɢIS
më#ᴘʀᴇᴘ
këdü#a
döka'#demon
kâng#those
kâ#ᴅᴇᴍ2.ᴅɪѕᴛ
lâde#there
kä..#ѕᴜʙʀ
më#ᴘʀᴇᴘ
amölä#all
abä#hat
kâ#ᴅᴇᴍ2.ᴅɪѕᴛ
nar#head ==de#=3ᴍꞮɴII
meöikol#miracle
kâ#ᴅᴇᴍ2.ᴅɪѕᴛ
kâ#ᴅᴇᴍ2.ᴅɪѕᴛ
kä..#ѕᴜʙʀ
nölâkäbü#night
tü-#Ʀʟ lälvö#turn -ki#UᴅꞮƦ.PATH -pä#GᴅꞮƦ.OUT
merikz#USA,.AMERICA
tü-#Ʀʟ ö-#ᴍꞮᴅ pi#say ==pe#=ᴄᴏЅ -mü#PᴅꞮƦ.HITHER ==le#=3ᴍꞮɴIA
sâ#ᴘᴄꜰʟ.hand ==de#=3ᴍꞮɴII
ëbë#so.then
ä#and
këdü#a
nesökö#lesser.yam
elö#there
sokz#soccer
bëkü#do.not
tö-#ɴᴇɢ matü#powerful ëlwë#much -u#ɴᴇɢ
yië#year
tü-#Ʀʟ dâ#fall ëlwë#much -ngö#ᴀᴘᴘʟ
provins#province
baengr#Baengr
ni-#ᴀᴄᴄ ==nge#=1ᴍꞮɴII
möka#here
yâmne#speak -ki#UᴅꞮƦ.PATH -mü#PᴅꞮƦ.HITHER ==le#=3ᴍꞮɴIA
muöde#because
sâ#ᴘᴄꜰʟ.hand ==mü#=2ᴍꞮɴII
nëwö#time ==de#=3ᴍꞮɴII
kâ#ᴅᴇᴍ2.ᴅɪѕᴛ
tü-#Ʀʟ yöpu#bang.against -pä#GᴅꞮƦ.OUT
ni-#ᴀᴄᴄ ==nge#=1ᴍꞮɴII
tü-#Ʀʟ yöpla#bang -tö#GᴅꞮƦ.IN ==pe#=ᴄᴏЅ
në-#ɴᴍʟᴢ1 kölë#reach -mü#PᴅꞮƦ.HITHER ==lö#=3ᴀᴜɢIA
kâ#ᴅᴇᴍ2.ᴅɪѕᴛ
tö-#ɴᴇɢ tu#stand ==pe#=ᴄᴏЅ -u#ɴᴇɢ
mzdxmingr#Mzdxmingr.village
nigö#be.1ᴀᴜɢII
mölëväi#extremely.good
sâ-#ᴘꜰᴠ
kä..#ѕᴜʙʀ
fiu#Fiu,.Malaita
da#thing
vë#go mou#again ==ä#=1ᴍꞮɴI
dü#Фɴᴛ.Ѕɢ
tzsiu#monk
ä#and
da#thing
vë#go -tö#GᴅꞮƦ.IN mou#again -mü#PᴅꞮƦ.HITHER ==ä#=1ᴍꞮɴI
më#ᴘʀᴇᴘ
pöla#sea
leplë#people
elö#there
kâ#ᴅᴇᴍ2.ᴅɪѕᴛ
sâ-#ᴘꜰᴠ
kâ#ᴅᴇᴍ2.ᴅɪѕᴛ ma#advrs ==ng#=3ᴀᴜɢIS
kä..#ѕᴜʙʀ
dötwö#neck ==dö#=3ᴀᴜɢII
doa#child
më#ᴘʀᴇᴘ
manyzkxnzyagoxng#hospital
a#oh!
kä..#ѕᴜʙʀ
kölë#be.able ==le#=3ᴍꞮɴIA
ngö#ɢᴇɴ1ᴀ
nide#be.3ᴍɪɴII
ngi#be
kä..#ѕᴜʙʀ
yâpwë#stay.back
kâ#ᴅᴇᴍ2.ᴅɪѕᴛ
ö#ɢᴇɴ1ᴀ
ngö#ɢᴇɴ1ᴀ
ä#and
ä#and
nâblo#man
tü-#Ʀʟ vë#go -ki#UᴅꞮƦ.PATH -lë#GᴅꞮƦ.UP ==pe#=ᴄᴏЅ ==kö#=1ᴀᴜɢI
oti#take -mü#PᴅꞮƦ.HITHER
topwë#little
kâ#ᴅᴇᴍ2.ᴅɪѕᴛ
tü-#Ʀʟ äplö#strong
kâng#those
da#thing
më#ᴘʀᴇᴘ
neimö#egg
tü-#Ʀʟ do#hang -tö#GᴅꞮƦ.IN ==pe#=ᴄᴏЅ
ä#and
më#ᴘʀᴇᴘ
më#ᴘʀᴇᴘ
ökalë#leave -mü#PᴅꞮƦ.HITHER ==gö#=1ᴀᴜɢII
mama#priest
ëbë#so.then
më#ᴘʀᴇᴘ
në-#ɴᴍʟᴢ1 yëlu#return -kö#ɴᴍʟᴢ.ᴘᴄꜰʟ ==gö#=1ᴀᴜɢII
kâ#ᴅᴇᴍ2.ᴅɪѕᴛ
kâ#ᴅᴇᴍ2.ᴅɪѕᴛ
më#ᴘʀᴇᴘ
vë#go -bë#PᴅꞮƦ.YON ==kö#=1ᴀᴜɢI
la#ᴅᴇᴍ1.ᴘʀᴏχ -ngü#ᴘʟ
döka'#demon
kâng#those
kë#also
në-#ɴᴍʟᴢ1 ö-#ᴍꞮᴅ twë#take -kö#ɴᴍʟᴢ.ᴘᴄꜰʟ ==dö#=3ᴀᴜɢII
yö#write
ä#and
sâ-#ᴘꜰᴠ
dzbede#group
kati#call.out -tä#ꞮɴᴛЅ -pä#GᴅꞮƦ.OUT kë#also ==ä#=1ᴍꞮɴI
ä#and
në-#ɴᴍʟᴢ1 köka'#pray -kö#ɴᴍʟᴢ.ᴘᴄꜰʟ ==gö#=1ᴀᴜɢII
ö-#ᴍꞮᴅ glü#carry ==kö#=1ᴀᴜɢI
në-#ɴᴍʟᴢ1 a-#ᴄᴀᴜЅ ta#strike -kö#ɴᴍʟᴢ.ᴘᴄꜰʟ ==nge#=1ᴍꞮɴII ==le#=3ᴍꞮɴIA
lika#kite
nabë#area
ena#just
kâ#ᴅᴇᴍ2.ᴅɪѕᴛ
nigö#be.1ᴀᴜɢII
mâ#see ==kö#=1ᴀᴜɢI
a#oh!
kâ#ᴅᴇᴍ2.ᴅɪѕᴛ
naonöä#doorway
nyë#ᴘᴄꜰʟ.ʙ&ɢ
lilvcti#swoop -tä#ꞮɴᴛЅ -o#GᴅꞮƦ.DOWN ==pe#=ᴄᴏЅ kë#also -mü#PᴅꞮƦ.HITHER ==le#=3ᴍꞮɴIA
kä..#ѕᴜʙʀ
këdü#a
tü-#Ʀʟ vo#run ==pe#=ᴄᴏЅ ==kö#=1ᴀᴜɢI
kä..#ѕᴜʙʀ
töte#father ==nge#=1ᴍꞮɴII
ä#and
töte#father ==nge#=1ᴍꞮɴII
kü#cover -o#GᴅꞮƦ.DOWN -mü#PᴅꞮƦ.HITHER ==le#=3ᴍꞮɴIA
nyë#ᴘᴄꜰʟ.ʙ&ɢ ==gö#=1ᴀᴜɢII
sâ-#ᴘꜰᴠ
meöikol#miracle
na-#ꞮƦƦ ölapä#rescued ==ng#=3ᴀᴜɢIS
sâ-#ᴘꜰᴠ
sâ-#ᴘꜰᴠ
maboi#outer.reef
nimu#ACC.2augᵢᵢ
lâ#ᴅᴇᴍ1.ᴅɪѕᴛ
mq#hand
ngö#ɢᴇɴ1ᴀ
köos#cross
käöpalë#creator
lö#ᴘᴄꜰʟ.inherent ==de#=3ᴍꞮɴII
nâblo#man
ba-#ᴅᴀᴛ ==nge#=1ᴍꞮɴII
natqgu#Natqgu
dävo#tsunami
tö-#ɴᴇɢ tü-#Ʀʟ ka#give ==pe#=ᴄᴏЅ -mü#PᴅꞮƦ.HITHER ==le#=3ᴍꞮɴIA -u#ɴᴇɢ
kä..#ѕᴜʙʀ
kä..#ѕᴜʙʀ etu#big
mölä#son ==mü#=2ᴍꞮɴII
löpëki#road
më#ᴘʀᴇᴘ
gü#hole
yë#outside
ä#and
mepyö#blood
naplosx#Naplosx
kä..#ѕᴜʙʀ etu#big
la#ᴅᴇᴍ1.ᴘʀᴏχ
kâ#ᴅᴇᴍ2.ᴅɪѕᴛ
kä..#ѕᴜʙʀ
kâ#ᴅᴇᴍ2.ᴅɪѕᴛ
nide#be.3ᴍɪɴII
lika#kite
natü#word
dakänëng#food
bëkü#do.not
më#ᴘʀᴇᴘ
lö#ᴛᴘɴʏᴍ
ba-#ᴅᴀᴛ ==de#=3ᴍꞮɴII
ä#and
më#eye ==ke'#=1ᴍꞮɴII
alvëtö#teach -ngö#ᴀᴘᴘʟ ==ne#=1ᴍꞮɴII
atulë#build -tä#ꞮɴᴛЅ ==kö#=1ᴀᴜɢI
më#ᴘʀᴇᴘ
ngö#ɢᴇɴ1ᴀ
da#thing
kâ#ᴅᴇᴍ2.ᴅɪѕᴛ
nyë#ᴘᴄꜰʟ.ʙ&ɢ ==gö#=1ᴀᴜɢII
dâkta#doctor
tü-#Ʀʟ yöbü#lying.down -lë#GᴅꞮƦ.UP -ngö#ᴀᴘᴘʟ ==de#=3ᴍꞮɴII
pipä#declare -lëbü#Ʀᴇꜰʟ
ä#and
bagö#dat=1augII
kë#also
jon#John
meleu#Meleu
tü-#Ʀʟ yëlu#return -mi#ᴅᴘᴠ mou#again -bë#PᴅꞮƦ.YON ==le#=3ᴍꞮɴIA
merikz#USA,.AMERICA
köistin#Christian
banyapu#pineapple
lue#water
sâ-#ᴘꜰᴠ
ö-#ᴍꞮᴅ pi#say -bë#PᴅꞮƦ.YON
ö#ɢᴇɴ1ᴀ ==nge#=1ᴍꞮɴII
käetu#leader
kâng#those
më#ᴘʀᴇᴘ
kâ#ᴅᴇᴍ2.ᴅɪѕᴛ
tzsiu#monk
köos#cross
se#here -ä.#RIGHT.NOW
tö-#ɴᴇɢ mâ#see ==le#=3ᴍꞮɴIA -u#ɴᴇɢ
ö#ɢᴇɴ1ᴀ ==de#=3ᴍꞮɴII
elö#there
obü#look -tö#GᴅꞮƦ.IN -#PᴅꞮƦ.YON
naü#Malay.apple
ä#and
më#eye ==ke'#=1ᴍꞮɴII
na-#ꞮƦƦ ka#give -mü#PᴅꞮƦ.HITHER ==le#=3ᴍꞮɴIA
kâ#ᴅᴇᴍ2.ᴅɪѕᴛ
të-#Ʀʟ.3ᴀᴜɢ kölë#reach ==pe#=ᴄᴏЅ ate#afterward ==lö#=3ᴀᴜɢIA
tü-#Ʀʟ ö-#ᴍꞮᴅ pi#say ==pe#=ᴄᴏЅ -mü#PᴅꞮƦ.HITHER
buk#book
müngö#image
yëpö#break -lë#GᴅꞮƦ.UP -mü#PᴅꞮƦ.HITHER
olvë#female
kâ#ᴅᴇᴍ2.ᴅɪѕᴛ
kâ#ᴅᴇᴍ2.ᴅɪѕᴛ
nabë#insides
ba-#ᴅᴀᴛ ==nge#=1ᴍꞮɴII
mou#again
sâ-#ᴘꜰᴠ
ä#and
tü-#Ʀʟ mnâ#live,.stay -ngö#ᴀᴘᴘʟ ==gö#=1ᴀᴜɢII
ä#and
sâ-#ᴘꜰᴠ
ngö#ɢᴇɴ1ᴀ
sâ#ᴘᴄꜰʟ.hand ==de#=3ᴍꞮɴII
vë#go ==pe#=ᴄᴏЅ -mü#PᴅꞮƦ.HITHER ==#=3ᴍꞮɴIS
këdü#a
mökâ#where
yö#write
ö#ɢᴇɴ1ᴀ
në-#ɴᴍʟᴢ1 vo#travel -kö#ɴᴍʟᴢ.ᴘᴄꜰʟ -mü#PᴅꞮƦ.HITHER
nëling#two;.couple
kâ#ᴅᴇᴍ2.ᴅɪѕᴛ
tü-#Ʀʟ yokae#untie ==kö#=1ᴀᴜɢI
kölë#know -bë#PᴅꞮƦ.YON ==le#=3ᴍꞮɴIA
lâ#ᴅᴇᴍ1.ᴅɪѕᴛ
ba-#ᴅᴀᴛ ==de#=3ᴍꞮɴII
kä..#ѕᴜʙʀ
më#ᴘʀᴇᴘ
lâ#ᴅᴇᴍ1.ᴅɪѕᴛ
kä..#ѕᴜʙʀ
ö-#ᴍꞮᴅ pi#say -bë#PᴅꞮƦ.YON ==le#=3ᴍꞮɴIA
ä#and
kä..#ѕᴜʙʀ
möbö#lose -lë#GᴅꞮƦ.UP -mü#PᴅꞮƦ.HITHER
kä..#ѕᴜʙʀ
kä..#ѕᴜʙʀ
më#ᴘʀᴇᴘ
nigö#be.1ᴀᴜɢII
kä..#ѕᴜʙʀ
kämu#how
kâ#ᴅᴇᴍ2.ᴅɪѕᴛ
këdü#a
twë#take -o#GᴅꞮƦ.DOWN -mü#PᴅꞮƦ.HITHER ==ä#=1ᴍꞮɴI
ëbë#so.then
badö#ᴄᴏᴍ.
otä#pass
savo#Savo
ötöngö#take.hold.of -ti#ᴛƦ -bë#PᴅꞮƦ.YON
na#ᴘᴄꜰʟ.food ==gö#=1ᴀᴜɢII
kâ#ᴅᴇᴍ2.ᴅɪѕᴛ
vë#go -nüblü#FOLLOW -mü#PᴅꞮƦ.HITHER
nigö#be.1ᴀᴜɢII
-#3ᴀᴜɢ1 yâblü#naked ==ng#=3ᴀᴜɢIS
ökalë#leave -mü#PᴅꞮƦ.HITHER ==gö#=1ᴀᴜɢII
vë#go ==kö#=1ᴀᴜɢI
kâ#ᴅᴇᴍ2.ᴅɪѕᴛ
letë#letter
be#story
dölë#colour ==de#=3ᴍꞮɴII
kâng#those
olvë#female
ilrmztangi#Ilrmztangi
kâ#ᴅᴇᴍ2.ᴅɪѕᴛ
në-#ɴᴍʟᴢ1 ngi#be töpengö#not.have;.none.anymore -kö#ɴᴍʟᴢ.ᴘᴄꜰʟ
sâ-#ᴘꜰᴠ
dalö#things.of
më#eye ==ke'#=1ᴍꞮɴII
tü-#Ʀʟ dâ#fall ==pe#=ᴄᴏЅ
nölâ#place
lö#ᴛᴘɴʏᴍ
nöpakämölë#Good.News
kä..#ѕᴜʙʀ
ngö#ɢᴇɴ1ᴀ ==dö#=3ᴀᴜɢII
yië#year
kai#first
nëli#two;.couple
la#ᴅᴇᴍ1.ᴘʀᴏχ
täpwë#only
ä#and
abëo#start
kâ#ᴅᴇᴍ2.ᴅɪѕᴛ
në-#ɴᴍʟᴢ1 vë#go rbr#wrong -kö#ɴᴍʟᴢ.ᴘᴄꜰʟ ==dö#=3ᴀᴜɢII
na-#ꞮƦƦ akxlr#roasted.greens.on.stone -ngö#ᴀᴘᴘʟ
vë#go -mi#ᴅᴘᴠ -tö#GᴅꞮƦ.IN ==pe#=ᴄᴏЅ ==le#=3ᴍꞮɴIA
kä..#ѕᴜʙʀ
këdü#a
käetu#leader
pileni#Pileni.Is
në-#ɴᴍʟᴢ1 ö-#ᴍꞮᴅ lë#carve -kö#ɴᴍʟᴢ.ᴘᴄꜰʟ -bë#PᴅꞮƦ.YON ==le#=3ᴍꞮɴIA
narnztilolx#Narnztilolx.(village)
-#ᴘᴀЅ mâ#see
ä#and
melömü#grandfather ==nge#=1ᴍꞮɴII
në-#ɴᴍʟᴢ1 mu#eat -ngö#ɴᴍʟᴢ
ka#ᴅᴇᴍ2.ᴘʀᴏχ
ä#and
në-#ɴᴍʟᴢ1 ao#think -ti#ᴛƦ -kö#ɴᴍʟᴢ.ᴘᴄꜰʟ
të-#Ʀʟ.3ᴀᴜɢ pnz'#shoot -nüblü#FOLLOW ==pe#=ᴄᴏЅ
ä#and
në-#ɴᴍʟᴢ1 a-#ᴄᴀᴜЅ rsaki#stop,.cease -kö#ɴᴍʟᴢ.ᴘᴄꜰʟ ==dö#=3ᴀᴜɢII
-#3ᴀᴜɢ1 angio#worship ==lö#=3ᴀᴜɢIA
më#ᴘʀᴇᴘ
kä..#ѕᴜʙʀ
-#ᴘᴀЅ ö-#ᴍꞮᴅ pi#say -bë#PᴅꞮƦ.YON
nâdö#ᴄᴏᴍ.
ölilö#both ==gö#=1ᴀᴜɢII
nëmu-köde#this.way
dzbede#group
tö-#ɴᴇɢ ölö#allow -ngö#ᴀᴘᴘʟ -mü#PᴅꞮƦ.HITHER ==le#=3ᴍꞮɴIA -u#ɴᴇɢ
tü-#Ʀʟ aâlve#oversee -bo#.BZ(PDIR.YON)=O(1MINI)
ä#and
muöde#because
sâ-#ᴘꜰᴠ
ëbü#day
ni-#ᴀᴄᴄ ==nge#=1ᴍꞮɴII
tö-#ɴᴇɢ kü#pick -o#GᴅꞮƦ.DOWN -mü#PᴅꞮƦ.HITHER ==le#=3ᴍꞮɴIA -u#ɴᴇɢ
alankaula#Alankaula
ba-#ᴅᴀᴛ ==de#=3ᴍꞮɴII
doa#child
sâ-#ᴘꜰᴠ
rum#room
-#3ᴀᴜɢ1 ötöngö#do -ti#ᴛƦ -o#GᴅꞮƦ.DOWN ==lö#=3ᴀᴜɢIA
a'#but
lâde#there
tömâtu#island
nidö#be.3ᴀᴜɢII.
meöikol#miracle
ëbë#so.then
jon#John
kë#also
tü-#Ʀʟ male#hold ==le#=3ᴍꞮɴIA
këdü#a
nölaö#side
tü-#Ʀʟ tu#stand -pä#GᴅꞮƦ.OUT -ngö#ᴀᴘᴘʟ -mü#PᴅꞮƦ.HITHER
doa#child
mökâ#there
ä#and
külu#many
këdü#a
ayönö#first
waea#WIRE
sâ-#ᴘꜰᴠ
ëbë#so.then
tzlede#Tzlede
sâ-#ᴘꜰᴠ
doa#child
nyë#ᴘᴄꜰʟ.ʙ&ɢ
sâ#ᴘᴄꜰʟ.hand ==mü#=2ᴍꞮɴII
tü-#Ʀʟ vo#travel -mi#ᴅᴘᴠ -tö#GᴅꞮƦ.IN ==pe#=ᴄᴏЅ ==kö#=1ᴀᴜɢI
dävo#tsunami
nâbö#cross
nouöla#morning
nar#head
nivë#love
tu#stand -tö#GᴅꞮƦ.IN -#PᴅꞮƦ.YON ==#=3ᴍꞮɴIS
lolvë#hold,.restrain -o#GᴅꞮƦ.DOWN ==amu#=2ᴀᴜɢI
leplë#people
lëbü#ʀᴇꜰʟ
a'#but
nöâ#wave
kâ#ᴅᴇᴍ2.ᴅɪѕᴛ
sâ-#ᴘꜰᴠ
doa#child
ngö#ɢᴇɴ1ᴀ
badö#ᴄᴏᴍ.
lömëtangi#foreigner
nâblo#man
në-#ɴᴍʟᴢ1 kütu#push.over -ti#ᴛƦ -kö#ɴᴍʟᴢ.ᴘᴄꜰʟ ==de#=3ᴍꞮɴII ==lö#=3ᴀᴜɢIIP
nölâkängölä#daytime
më#ᴘʀᴇᴘ
vë#go ==pe#=ᴄᴏЅ kai#first p#2ᴍɪɴII
ö#ɢᴇɴ1ᴀ ==de#=3ᴍꞮɴII
meöikol#miracle
nyë#ᴘᴄꜰʟ.ʙ&ɢ ==dö#=3ᴀᴜɢII
lömëtangi#foreigner
äplö#strong -mi#ᴅᴘᴠ -tä#ꞮɴᴛЅ -mü#PᴅꞮƦ.HITHER
mëtea#village
sâ-#ᴘꜰᴠ
dâkta#doctor
külu#many
se#here
japan#JAPAN
-#ᴘᴀЅ amâ#hire -ti#ᴛƦ
doa#child
jon#John
më#ᴘʀᴇᴘ
ngö#ɢᴇɴ1ᴀ
lö#ᴛᴘɴʏᴍ
kä..#ѕᴜʙʀ
nâ#tree
ä#and
kâ#ᴅᴇᴍ2.ᴅɪѕᴛ
vë#go -o#GᴅꞮƦ.DOWN ==ä#=1ᴍꞮɴI
nabë.nepi#hour
esë'#one -ti#ᴛƦ
kampi#CAMP
lö#ᴛᴘɴʏᴍ
sâ#ᴘᴄꜰʟ.hand ==de#=3ᴍꞮɴII
ne#ᴘᴄꜰʟ.rsbl ==dö#=3ᴀᴜɢII
vë#go
bë#die pö#crack -lë#GᴅꞮƦ.UP ==pe#=ᴄᴏЅ -mü#PᴅꞮƦ.HITHER
vë#go angidö#really -tä#ꞮɴᴛЅ
tü-#Ʀʟ ö-#ᴍꞮᴅ pi#say ==pe#=ᴄᴏЅ -mü#PᴅꞮƦ.HITHER
olvë#female
ö-#ᴍꞮᴅ ka#give -tö#GᴅꞮƦ.IN -mü#PᴅꞮƦ.HITHER
kä..#ѕᴜʙʀ ö-#ᴍꞮᴅ tekütö#exchange
ya#paddle -pä#GᴅꞮƦ.OUT ëvë#always ==kö#=1ᴀᴜɢI
ä#and
ma#house
nidö#be.3ᴀᴜɢII.
ö#ɢᴇɴ1ᴀ ==gö#=1ᴀᴜɢII -ngü#ᴘʟ
tü-#Ʀʟ vë#go -nüblü#FOLLOW -ne#ꞮɴᴛЅ ==ne#=1ᴍꞮɴII
sâ-#ᴘꜰᴠ
töpnëngö#none.;.lack;.none
më#ᴘʀᴇᴘ
sâ-#ᴘꜰᴠ
vo#travel -mü#PᴅꞮƦ.HITHER ==o#=1ᴍꞮɴI.ᴄᴍʙ
nâdö#ᴄᴏᴍ.
në-#ɴᴍʟᴢ1 vo#travel -kö#ɴᴍʟᴢ.ᴘᴄꜰʟ ==gö#=1ᴀᴜɢII
kä..#ѕᴜʙʀ
tötingö#no
më#ᴘʀᴇᴘ
në-#ɴᴍʟᴢ1 ö-#ᴍꞮᴅ twz#take -kö#ɴᴍʟᴢ.ᴘᴄꜰʟ -mü#PᴅꞮƦ.HITHER ==lö#=3ᴀᴜɢIA
lökö'#rat
lö#ᴛᴘɴʏᴍ
vo#travel -mü#PᴅꞮƦ.HITHER ==le#=3ᴍꞮɴIA
mü#ᴘᴄꜰʟ.drink ==mü#=2ᴍꞮɴII
ä#and
ba-#ᴅᴀᴛ ==nge#=1ᴍꞮɴII
mama#priest
kâng#those
tü-#Ʀʟ yëlu#return ==pe#=ᴄᴏЅ mou#again ==ä#=1ᴍꞮɴI
mnâ#be ==ku#=12ᴀᴜɢI
të-#Ʀʟ.3ᴀᴜɢ vë#go ==pe#=ᴄᴏЅ ==ng#=3ᴀᴜɢIS
na-#ꞮƦƦ ya#paddle -ne#PROGRESSIVE ==ng#=3ᴀᴜɢIS
elö#there
nanö#firewood
leplë#people
tü-#Ʀʟ mwi#sleep -ngö#ᴀᴘᴘʟ ==gö#=1ᴀᴜɢII
-#3ᴀᴜɢ1 tü#three -ngü#ᴘʟ
këdü#a
këdü#a
otäpä#go.out
dötwö#neck ==gö#=1ᴀᴜɢII
olvë#female
këdung#ᴀᴛ.фɴᴛ.ᴘʟ.ᴘʟ
tö-#ɴᴇɢ male#hold ==ä#=1ᴍꞮɴI -u#ɴᴇɢ
na-#ꞮƦƦ kölë#know ==ü#=2ᴍꞮɴI
kâng#those
ngö#ɢᴇɴ1ᴀ
na-#ꞮƦƦ tekütö#exchange ==le#=3ᴍꞮɴIA
tzsiu#monk
tosi#torchlight
oktobz#October
lue#water
ba-#ᴅᴀᴛ ==de#=3ᴍꞮɴII
pö#go -o#GᴅꞮƦ.DOWN
vë#go
na-#ꞮƦƦ okatö#help -mü#PᴅꞮƦ.HITHER ==lö#=3ᴀᴜɢIA
dötü#name ==de#=3ᴍꞮɴII
ä#and
esë'#one
të-#Ʀʟ.3ᴀᴜɢ vë#go -ki#UᴅꞮƦ.PATH -ne#ꞮɴᴛЅ ==dö#=3ᴀᴜɢII
nabë#area
nâblo#man
nenü#wind
kâng#those
elö#there
sâ-#ᴘꜰᴠ
badö#ᴄᴏᴍ.
nea#Nea
ä#and
doa#child
naonöä#doorway
më#ᴘʀᴇᴘ
sâ#ᴘᴄꜰʟ.hand ==dö#=3ᴀᴜɢII
-kö#ɴᴍʟᴢ.ᴘᴄꜰʟ ==de#=3ᴍꞮɴII
tzlede#Tzlede
më#ᴘʀᴇᴘ
në-#ɴᴍʟᴢ1 wë#make -ngö#ᴠƦ
ä#and
neimö#egg
medesin#medicine
nide#be.3ᴍɪɴII
koma#today
blë#offering
tü-#Ʀʟ yönibu#mourn -tä#ꞮɴᴛЅ
na-#ꞮƦƦ aelwa#show;.show;.prove -ti#ᴛƦ -ngö#ᴀᴘᴘʟ -bë#PᴅꞮƦ.YON
ä#and
muöde#because
nigö#be.1ᴀᴜɢII
më#ᴘʀᴇᴘ
tzsiu#monk
tü-#Ʀʟ ka#give ==pe#=ᴄᴏЅ -bo#.BZ(PDIR.YON)=O(1MINI)
kâ#ᴅᴇᴍ2.ᴅɪѕᴛ
më#ᴘʀᴇᴘ
nigö#be.1ᴀᴜɢII
na-#ꞮƦƦ ne#scream ==ng#=3ᴀᴜɢIS
peto#bush
myä#where
tü-#Ʀʟ dwati#befall -bë#PᴅꞮƦ.YON ==le#=3ᴍꞮɴIA
këdü#a
nibö#back.part ==de#=3ᴍꞮɴII
në-#ɴᴍʟᴢ1 vë#go -kö#ɴᴍʟᴢ.ᴘᴄꜰʟ ==gö#=1ᴀᴜɢII
më#ᴘʀᴇᴘ
nesökö#lesser.yam
nâ#tree
më#ᴘʀᴇᴘ
kâ#ᴅᴇᴍ2.ᴅɪѕᴛ
dötwö#mind ==nge#=1ᴍꞮɴII
sâ-#ᴘꜰᴠ
tü-#Ʀʟ osë#climb -ngö#ᴀᴘᴘʟ ==nü#=2MINᵢ ==le#=3ᴍꞮɴIA
kâng#those
köa-#ᴏƦᴅ li#two
më#ᴘʀᴇᴘ
mâ#see -tä#ꞮɴᴛЅ -mü#PᴅꞮƦ.HITHER
mölë#be.good
më#ᴘʀᴇᴘ
më#ᴘʀᴇᴘ
mwi#sleep ==kö#=1ᴀᴜɢI
ö#ɢᴇɴ1ᴀ ==de#=3ᴍꞮɴII
waelas#WIRELESS
kä..#ѕᴜʙʀ
më#ᴘʀᴇᴘ
leplë#people
muöde#because
në-#ɴᴍʟᴢ1 ö-#ᴍꞮᴅ kapä.ka#remove -ti#ᴛƦ -pä#GᴅꞮƦ.OUT -mü#PᴅꞮƦ.HITHER ==ng#=3ᴀᴜɢIS
kâ#ᴅᴇᴍ2.ᴅɪѕᴛ
në-#ɴᴍʟᴢ1 ö-#ᴍꞮᴅ pë#cut -ngö#ᴀᴘᴘʟ
kä..#ѕᴜʙʀ -#3ᴀᴜɢ1 ö-#ᴍꞮᴅ tekütö#exchange
ka#ᴅᴇᴍ2.ᴘʀᴏχ
në-#ɴᴍʟᴢ1 wölö#wet -ngö#ᴀᴘᴘʟ ==dö#=3ᴀᴜɢII
badö#ᴄᴏᴍ.
nua'mu#canoe
ngö#ɢᴇɴ1ᴀ
kâng#those
ni-#ᴀᴄᴄ ==nge#=1ᴍꞮɴII
kâ#ᴅᴇᴍ2.ᴅɪѕᴛ
lëbü#ʀᴇꜰʟ
në-#ɴᴍʟᴢ1 öla#flee -lë#GᴅꞮƦ.UP -kö#ɴᴍʟᴢ.ᴘᴄꜰʟ ==gö#=1ᴀᴜɢII
nëlu#coconut
kä..#ѕᴜʙʀ etu#big
kâ#ᴅᴇᴍ2.ᴅɪѕᴛ
dökü#wall
meöikol#miracle
mökâ#there
më#ᴘʀᴇᴘ
kä..#ѕᴜʙʀ möna#new
dâkta#doctor
bü#ashes
ä#and
mëtea#village
sâ-#ᴘꜰᴠ
kâ#ᴅᴇᴍ2.ᴅɪѕᴛ
tö-#ɴᴇɢ mwi#sleep ëpwä#true ==kö#=1ᴀᴜɢI -u#ɴᴇɢ
yö#write -o#GᴅꞮƦ.DOWN ==le#=3ᴍꞮɴIA
mwa#fish ==kö#=1ᴀᴜɢI
në-#ɴᴍʟᴢ1 pas#PASS.EXAM
kâ#ᴅᴇᴍ2.ᴅɪѕᴛ
tü-#Ʀʟ ö-#ᴍꞮᴅ pi#say ==pe#=ᴄᴏЅ -mü#PᴅꞮƦ.HITHER
tö-#ɴᴇɢ do#hang kë#also -u#ɴᴇɢ
më#eye ==te#=3ᴍꞮɴII
muöde#because
külu#many ani#quickly;.quick
më#ᴘʀᴇᴘ
mölë#be.good
ä#and
medesin#medicine
më#ᴘʀᴇᴘ
më#ᴘʀᴇᴘ
më#face
ä#and
taol#towel
ö#ɢᴇɴ1ᴀ
kâ#ᴅᴇᴍ2.ᴅɪѕᴛ
kä..#ѕᴜʙʀ
të-#Ʀʟ.3ᴀᴜɢ yâ#sorry ==pe#=ᴄᴏЅ -ngö#ᴀᴘᴘʟ
më#ᴘʀᴇᴘ
nâblo#man
tö-#ɴᴇɢ tü-#Ʀʟ wë#make ==pe#=ᴄᴏЅ -u#ɴᴇɢ
kâng#those
ngö#ɢᴇɴ1ᴀ ==de#=3ᴍꞮɴII -ngü#ᴘʟ
tü-#Ʀʟ vë#go ==pe#=ᴄᴏЅ -mü#PᴅꞮƦ.HITHER ==o#=1ᴍꞮɴI.ᴄᴍʙ
më#ᴘʀᴇᴘ
kä..#ѕᴜʙʀ
ä#and
më#ᴘʀᴇᴘ
kâ#ᴅᴇᴍ2.ᴅɪѕᴛ
kâ#ᴅᴇᴍ2.ᴅɪѕᴛ
ä#and
ëbüköanëlvün#Friday
ngö#ɢᴇɴ1ᴀ
tögalö#never.yet
mölâde#there
da#thing
dekâ#this
tö-#ɴᴇɢ vë#go ==kö#=1ᴀᴜɢI -u#ɴᴇɢ
flxk#flag
ngi#be
mnâ#be
nounâ#tree
teomo#manioc
kâ#ᴅᴇᴍ2.ᴅɪѕᴛ
pita#Peter
ëbë#so.then
peto#bush
ä#and
peao#torch
nabë#heart ==dö#=3ᴀᴜɢII
ä#and
më#face ==ke'#=1ᴍꞮɴII
më#ᴘʀᴇᴘ
lâde#there pwë#just
më#ᴘʀᴇᴘ
kâ#ᴅᴇᴍ2.ᴅɪѕᴛ
më#ᴘʀᴇᴘ
muöde#because
ä#and
topwë#little
läkü#yam
ngö#ɢᴇɴ1ᴀ
tü-#Ʀʟ ö-#ᴍꞮᴅ pi#say ==pe#=ᴄᴏЅ -mü#PᴅꞮƦ.HITHER ==le#=3ᴍꞮɴIA
ä#and
ba-#ᴅᴀᴛ ==nge#=1ᴍꞮɴII
nâblo#man
këdü#a
bona#pigeon.
-#3ᴀᴜɢ1 aâlve#oversee angidö#really ==lö#=3ᴀᴜɢIA
mâ#see angidö#really ==pe#=ᴄᴏЅ ==ä#=1ᴍꞮɴI
ä#and
tü-#Ʀʟ vë#go -o#GᴅꞮƦ.DOWN ==kö#=1ᴀᴜɢI
nüvi#rope
vë#go -nöbalü#NIL -ne#ᴅЅᴛƦ ==kö#=1ᴀᴜɢI
ömnö#last -ngö#ᴀᴘᴘʟ -bë#PᴅꞮƦ.YON
dövö#cover.from.rain -ngö#ᴀᴘᴘʟ ==gö#=1ᴀᴜɢII
kâ#ᴅᴇᴍ2.ᴅɪѕᴛ
na-#ꞮƦƦ atwëlö#dispatch -ngö#ᴀᴘᴘʟ ==gö#=1ᴀᴜɢII
tü-#Ʀʟ dâpä#remember ==pe#=ᴄᴏЅ ==#=3ᴍꞮɴIS
kâ#ᴅᴇᴍ2.ᴅɪѕᴛ
ngö#ɢᴇɴ1ᴀ
tü-#Ʀʟ oti#take ==pe#=ᴄᴏЅ ==le#=3ᴍꞮɴIA
nâ#tree ninë#ngalinut
doa#child
kä..#ѕᴜʙʀ -#3ᴀᴜɢ1 topwë#little
tö-#ɴᴇɢ -#3ᴀᴜɢ1 kölë#know ==lö#=3ᴀᴜɢIA -u#ɴᴇɢ
në-#ɴᴍʟᴢ1 mwa#fish -ngö#ᴀᴘᴘʟ
lâsu#ship
sâ-#ᴘꜰᴠ
temë#month
me#place
nüglü#tail
doa#child
döka'#demon
köa-#ᴏƦᴅ li#two
na-#ꞮƦƦ atwëlö#dispatch -ngö#ᴀᴘᴘʟ ==de#=3ᴍꞮɴII
këdung#ᴀᴛ.фɴᴛ.ᴘʟ.ᴘʟ
kâ#ᴅᴇᴍ2.ᴅɪѕᴛ
dötü#name
muöde#because
leu#leaf
tü-#Ʀʟ ngü#eat ==pe#=ᴄᴏЅ ==le#=3ᴍꞮɴIA ==ng#=3ᴀᴜɢIS
bq#titan.triggerfish
ä#and
nouöla#morning
kâ#ᴅᴇᴍ2.ᴅɪѕᴛ
solomon#Solomon.Islands
muöde#because
nidö#be.3ᴀᴜɢII.
katx#remove -pä#GᴅꞮƦ.OUT -mü#PᴅꞮƦ.HITHER ==ä#=1ᴍꞮɴI
vë#go -mü#PᴅꞮƦ.HITHER ==#=3ᴍꞮɴIS
mya#surpass -së#VERY -pä#GᴅꞮƦ.OUT ==le#=3ᴍꞮɴIA
kä..#ѕᴜʙʀ
doa#child
në-#ɴᴍʟᴢ1 wë#make -ngö#ᴠƦ
ä#and
ba-#ᴅᴀᴛ ==de#=3ᴍꞮɴII
badö#ᴄᴏᴍ.
kölë#reach -mü#PᴅꞮƦ.HITHER ==gö#=1ᴀᴜɢII
tö-#ɴᴇɢ ama#rest ==pe#=ᴄᴏЅ kë#also ==ä#=1ᴍꞮɴI -u#ɴᴇɢ
më#ᴘʀᴇᴘ
kä..#ѕᴜʙʀ
tü-#Ʀʟ mwi#sleep ==pe#=ᴄᴏЅ ==kö#=1ᴀᴜɢI
ngö#ɢᴇɴ1ᴀ ==dö#=3ᴀᴜɢII
tü-#Ʀʟ pi#say ==pe#=ᴄᴏЅ -bo#.BZ(PDIR.YON)=O(1MINI)
më#ᴘʀᴇᴘ
ngi#be -tä#ꞮɴᴛЅ ==#=ᴄᴍᴘʟ
dü#Фɴᴛ.Ѕɢ
sâ-#ᴘꜰᴠ
nim#be.2ᴍɪɴII
pnë#shoot
oti#take ==amu#=2ᴀᴜɢI
tü-#Ʀʟ vo#travel -ngö#ᴀᴘᴘʟ -mü#PᴅꞮƦ.HITHER
muöde#because
ni-#ᴀᴄᴄ ==nge#=1ᴍꞮɴII
o#or
më#ᴘʀᴇᴘ
kä..#ѕᴜʙʀ
yöbü#lying.down ==ä#=1ᴍꞮɴI
më#ᴘʀᴇᴘ
kä..#ѕᴜʙʀ
-#3ᴀᴜɢ1 vë#go -mü#PᴅꞮƦ.HITHER ==ng#=3ᴀᴜɢIS
nimu#ACC.2augᵢᵢ
tö-#ɴᴇɢ në-#ɴᴍʟᴢ1 mâ#see ==pe#=ᴄᴏЅ ==lö#=3ᴀᴜɢIA -u#ɴᴇɢ
pawa#Pawa.school
luga#Lungga
na-#ꞮƦƦ mnâ#live,.stay läblö#together ==pe#=ᴄᴏЅ ==kö#=1ᴀᴜɢI
sâ-#ᴘꜰᴠ
dötü#name ==dö#=3ᴀᴜɢII
më#ᴘʀᴇᴘ
sâ-#ᴘꜰᴠ
më#ᴘʀᴇᴘ
mëtea#village
tü-#Ʀʟ pi#say ==pe#=ᴄᴏЅ -ngö#ᴀᴘᴘʟ -bo#.BZ(PDIR.YON)=O(1MINI) ==le#=3ᴍꞮɴIIP
këdü#a
kâ#ᴅᴇᴍ2.ᴅɪѕᴛ
tü-#Ʀʟ twë#take -o#GᴅꞮƦ.DOWN ==pe#=ᴄᴏЅ
sâ-#ᴘꜰᴠ
-#3ᴀᴜɢ1 pötilë#encounter ==lö#=3ᴀᴜɢIA
ä#and
ami#army
gresosa.bei#GRACIOSA.BAY
më#ᴘʀᴇᴘ
ä#and
kalo#loincloth
tü-#Ʀʟ ö-#ᴍꞮᴅ wëti#wash -o#GᴅꞮƦ.DOWN
bëkü#do.not
ö#ɢᴇɴ1ᴀ
elö#there
dâkta#doctor
kä..#ѕᴜʙʀ
ëbü#day
ni-#ᴀᴄᴄ ==nge#=1ᴍꞮɴII
löpëki#road
tü-#Ʀʟ rpna'#shoot -ngö#ᴀᴘᴘʟ -mü#PᴅꞮƦ.HITHER
sâ-#ᴘꜰᴠ
kâ#ᴅᴇᴍ2.ᴅɪѕᴛ
kâ#ᴅᴇᴍ2.ᴅɪѕᴛ
da#thing
ëbü#day
kâ#ᴅᴇᴍ2.ᴅɪѕᴛ
bë#boundary
kxnzyrlzng#married.couple
yököpä#complete
dâkta#doctor
rum#room
dötwö#neck ==nge#=1ᴍꞮɴII ==le#=3ᴍꞮɴIIP
lâsu#ship
kâng#those
möka#here
kâ#ᴅᴇᴍ2.ᴅɪѕᴛ
tzsiu#monk
nelâ#nose.shell
ä#and
nëkü#garment
nidö#be.3ᴀᴜɢII.
badö#ᴄᴏᴍ.
ni-#ᴀᴄᴄ ==nge#=1ᴍꞮɴII
älö#hear
më#ᴘʀᴇᴘ
në-#ɴᴍʟᴢ1 yö#write -mü#PᴅꞮƦ.HITHER
më#ᴘʀᴇᴘ
da#thing
külu#many -tä#ꞮɴᴛЅ ==pe#=ᴄᴏЅ
nyë#ᴘᴄꜰʟ.ʙ&ɢ
-#ᴘᴀЅ ngü#eat -ti#ᴛƦ -tä#ꞮɴᴛЅ pwë#just
nidö#be.3ᴀᴜɢII.
në-#ɴᴍʟᴢ1 vë#go -kö#ɴᴍʟᴢ.ᴘᴄꜰʟ -bë#PᴅꞮƦ.YON ==kö#=1ᴀᴜɢI
alfabet#alphabet
kâ#ᴅᴇᴍ2.ᴅɪѕᴛ
käkë#shaman
doa#child
kä..#ѕᴜʙʀ
mwi#sleep -tä#ꞮɴᴛЅ ==kö#=1ᴀᴜɢI
ka#give -mü#PᴅꞮƦ.HITHER
nibö#back.part ==de#=3ᴍꞮɴII
më#ᴘʀᴇᴘ
kâ#ᴅᴇᴍ2.ᴅɪѕᴛ
në-#ɴᴍʟᴢ1 rleti#lure.fowl -ngö#ᴠƦ
leplë#people
kru#crew
nëlu#coconut
nöanâpo#gust
kâ#ᴅᴇᴍ2.ᴅɪѕᴛ
amölä#all
ezpct#AIRPORT
kä..#ѕᴜʙʀ
sâ-#ᴘꜰᴠ
ba-#ᴅᴀᴛ ==nge#=1ᴍꞮɴII
badö#ᴄᴏᴍ.
më#ᴘʀᴇᴘ
kai#first
ëyagoä#sickness
kâ#ᴅᴇᴍ2.ᴅɪѕᴛ
e#or
-#3ᴀᴜɢ1 alvë#teach -ti#ᴛƦ ==ngü#=3ᴀᴜɢIS
nibö#back.part ==de#=3ᴍꞮɴII
yëuo#start mou#again ==kö#=1ᴀᴜɢI
narnztilolx#Narnztilolx.(village)
kä..#ѕᴜʙʀ
kâ#ᴅᴇᴍ2.ᴅɪѕᴛ
trpaliki#basket.without.sides
nimu#ACC.2augᵢᵢ
manyzkxnzyagoxng#hospital
dötwö#mind ==nge#=1ᴍꞮɴII
ä#and
ökalë#leave -mü#PᴅꞮƦ.HITHER ==#=3ᴍꞮɴIS
kâ#ᴅᴇᴍ2.ᴅɪѕᴛ
tewa#rain
kä..#ѕᴜʙʀ
melomate#Melomate
tü-#Ʀʟ ö-#ᴍꞮᴅ pi#say -bo#.BZ(PDIR.YON)=O(1MINI)
më#ᴘʀᴇᴘ
mökâ#there
kä..#ѕᴜʙʀ etu#big
kâpwë#same
kä..#ѕᴜʙʀ
të-#Ʀʟ.3ᴀᴜɢ mâ#see täpwë#only
yâ#stay aepë#near -tö#GᴅꞮƦ.IN
lö#ᴘᴄꜰʟ.inherent ==dö#=3ᴀᴜɢII
merikz#USA,.AMERICA
nâbö#cross
mrge#play ==kö#=1ᴀᴜɢI
kä..#ѕᴜʙʀ
muöde#because
sâ-#ᴘꜰᴠ
tu#stand
nipna'#arrow
yöni#cry -ebiö#REPEATEDLY ==pe#=ᴄᴏЅ -ngü#ᴘʟ
ba-#ᴅᴀᴛ ==de#=3ᴍꞮɴII
nouöla#morning
däi#home.by.the.sea
kü#cover
bäli#basket
kä..#ѕᴜʙʀ -#3ᴀᴜɢ1 etu#big
kä..#ѕᴜʙʀ
më#ᴘʀᴇᴘ
sada.krus#SANTA.CRUZ
ne#scream -tä#ꞮɴᴛЅ -pä#GᴅꞮƦ.OUT ==#=ᴄᴍᴘʟ ==ä#=1ᴍꞮɴI
ä#and
ëbë#so.then
nëlu#coconut
nigö#be.1ᴀᴜɢII
nëlu#coconut
lâsu#ship
na-#ꞮƦƦ vë#go ==ng#=3ᴀᴜɢIS
kâ#ᴅᴇᴍ2.ᴅɪѕᴛ
nounâ#tree
tekütö#exchange ==le#=3ᴍꞮɴIA
-#3ᴀᴜɢ1 pna'#shoot -ki#UᴅꞮƦ.PATH -pä#GᴅꞮƦ.OUT ==lö#=3ᴀᴜɢIA
bisop#bishop
kâma#that.one
yaluli#colorful
më#eye ==te#=3ᴍꞮɴII
boi#long -tä#ꞮɴᴛЅ
kâ#ᴅᴇᴍ2.ᴅɪѕᴛ
sâ-#ᴘꜰᴠ
këdü#a
nc.saliki#MAST
kä..#ѕᴜʙʀ
pu#gun
këdü#a
ngi#be
sâ-#ᴘꜰᴠ
doa#child
tü-#Ʀʟ köka'#pray ==pe#=ᴄᴏЅ -bë#PᴅꞮƦ.YON ==#=3ᴍꞮɴIS
döka'#demon
më#ᴘʀᴇᴘ
lâde#there pwë#just
më#ᴘʀᴇᴘ
më#ᴘʀᴇᴘ
ä#and
-#3ᴀᴜɢ1 ötöngö#do -ti#ᴛƦ alëu#instead pwë#just ==lö#=3ᴀᴜɢIA
ëbë#so.then
tü-#Ʀʟ vë#go ==pe#=ᴄᴏЅ -mü#PᴅꞮƦ.HITHER
mökâ#there
-#3ᴀᴜɢ1 vë#go -mü#PᴅꞮƦ.HITHER ==ng#=3ᴀᴜɢIS
toki#knife
dâkölëde#chapter
kä..#ѕᴜʙʀ
töpengö#not.have;.none.anymore
sâ-#ᴘꜰᴠ
më#ᴘʀᴇᴘ
muöde#because
sam#Psalm
sâ-#ᴘꜰᴠ
dâ#fall -plä#UᴅꞮƦ.THROUGH -ti#ᴛƦ ==pe#=ᴄᴏЅ
më#ᴘʀᴇᴘ
öpi#said mou#again -mü#PᴅꞮƦ.HITHER ==le#=3ᴍꞮɴIA
ä#and
badö#ᴄᴏᴍ.
badö#ᴄᴏᴍ.
ne#ᴘᴄꜰʟ.rsbl ==dö#=3ᴀᴜɢII
kä..#ѕᴜʙʀ külu#many
pu#gun
më#ᴘʀᴇᴘ
tü-#Ʀʟ bë#die ==pe#=ᴄᴏЅ -ngö#ᴀᴘᴘʟ ==de#=3ᴍꞮɴII
na-#ꞮƦƦ asa#do.slowly;.slow ==pe#=ᴄᴏЅ
leplë#people
kâ#ᴅᴇᴍ2.ᴅɪѕᴛ
lika#kite
më#ᴘʀᴇᴘ
të-#Ʀʟ.3ᴀᴜɢ lvâ#fly -lë#GᴅꞮƦ.UP ==pe#=ᴄᴏЅ -ngö#ᴀᴘᴘʟ ==dö#=3ᴀᴜɢII
alëu#instead
etu#big -ne#ꞮɴᴛЅ -pä#GᴅꞮƦ.OUT
nëköka'ngö#prayer
ä#and
kä..#ѕᴜʙʀ
döta'#sand
të-#Ʀʟ.3ᴀᴜɢ mâpä#choose ==pe#=ᴄᴏЅ ==lö#=3ᴀᴜɢIA
bagö#dat=1augII
da.kâ.tüwai#JUST.LIKE
kä..#ѕᴜʙʀ
japan#JAPAN
ma#house
nc.saliki#MAST
mailë#lead ==le#=3ᴍꞮɴIA
të-#Ʀʟ.3ᴀᴜɢ amâ#hire -ti#ᴛƦ -ngö#ᴀᴘᴘʟ ==de#=3ᴍꞮɴII
delâ#this
ä#and
më#ᴘʀᴇᴘ
animol#animal
ayönö#first
këdü#a
kâ#ᴅᴇᴍ2.ᴅɪѕᴛ
ni#be ==gö#=1ᴀᴜɢII
nöwä#peace
këdü#a
ä#and
më#ᴘʀᴇᴘ
amölä#all
meöikol#miracle
kä..#ѕᴜʙʀ
nigö#be.1ᴀᴜɢII
nüvi#rope
natü#word ==dö#=3ᴀᴜɢII
jisës#Jesus
aijz#Aijz
në-#ɴᴍʟᴢ1 ö-#ᴍꞮᴅ musö#treat.like.that -ti#ᴛƦ -kö#ɴᴍʟᴢ.ᴘᴄꜰʟ -bo#.BZ(PDIR.YON)=O(1MINI)
kâ#ᴅᴇᴍ2.ᴅɪѕᴛ
-#3ᴀᴜɢ1 ale#do ==lö#=3ᴀᴜɢIA
poi#pig
wü#high
më#ᴘʀᴇᴘ
kä..#ѕᴜʙʀ
më#ᴘʀᴇᴘ
da#thing
kâ#ᴅᴇᴍ2.ᴅɪѕᴛ
kä..#ѕᴜʙʀ mü#behind
a-#ᴄᴀᴜЅ tu#stand -ngö#ᴀᴘᴘʟ ==de#=3ᴍꞮɴII
ma#house
më#ᴘʀᴇᴘ
älö#hear ==ü#=2ᴍꞮɴI
ä#and
kâ#ᴅᴇᴍ2.ᴅɪѕᴛ
doa#child
në-#ɴᴍʟᴢ1 ö-#ᴍꞮᴅ malvë#smoke -kö#ɴᴍʟᴢ.ᴘᴄꜰʟ ==gö#=1ᴀᴜɢII
më#ᴘʀᴇᴘ
mü#ᴘᴄꜰʟ.drink ==de#=3ᴍꞮɴII
ka#ᴅᴇᴍ2.ᴘʀᴏχ
ä#and
sekaen#SHAKE.HANDS -tä#ꞮɴᴛЅ ==kö#=1ᴀᴜɢI
kä..#ѕᴜʙʀ
nâtü#half
dekâ#this
bagö#dat=1augII
köla#ʀᴘʀɴ2.ᴅᴇᴍ1.ᴘʀᴏχ
müngö#spirit
kâ#ᴅᴇᴍ2.ᴅɪѕᴛ
në-#ɴᴍʟᴢ1 ale#do -ngö#ᴀᴘᴘʟ
a-#ᴄᴀᴜЅ mya#surpass
pöki#white
delâ#this
kölë#reach -tö#GᴅꞮƦ.IN -#PᴅꞮƦ.YON ==kö#=1ᴀᴜɢI
mökâ#there
ö-#ᴍꞮᴅ pi#say -mü#PᴅꞮƦ.HITHER ==le#=3ᴍꞮɴIA
tü-#Ʀʟ tu#stand -pä#GᴅꞮƦ.OUT -ngö#ᴀᴘᴘʟ -mü#PᴅꞮƦ.HITHER
ä#and
sâ-#ᴘꜰᴠ
nâ#tree
dötwö#neck ==dö#=3ᴀᴜɢII
lö#ᴛᴘɴʏᴍ
tü-#Ʀʟ li#two ==pe#=ᴄᴏЅ ==kö#=1ᴀᴜɢI
nim#be.2ᴍɪɴII
da#thing
tü-#Ʀʟ pwä#four
ëbë#so.then
kä..#ѕᴜʙʀ külu#many
lopöta#king.tree.greens
bot#boat
tikopia#Tikopia.Is
yë#outside
sâ-#ᴘꜰᴠ
sâ#ᴘᴄꜰʟ.hand ==gö#=1ᴀᴜɢII
nâdö#ᴄᴏᴍ.
koma#today
amölä#all
doa#child
lâde#there
ngi#be
sâ-#ᴘꜰᴠ
ba-#ᴅᴀᴛ ==nge#=1ᴍꞮɴII
kä..#ѕᴜʙʀ
më.nibö#AFTER
yië#year
-#3ᴀᴜɢ1 ötâ#throw -o#GᴅꞮƦ.DOWN -lëbü#Ʀᴇꜰʟ -ngö#ᴀᴘᴘʟ ==dö#=3ᴀᴜɢII
kâ#ᴅᴇᴍ2.ᴅɪѕᴛ
==le#=3ᴍꞮɴIIP
du#Фɴᴛ.ᴘʟ
me#place
-#3ᴀᴜɢ1 aki#divide -ti#ᴛƦ -tö#GᴅꞮƦ.IN ==lö#=3ᴀᴜɢIA
më#ᴘʀᴇᴘ
më#ᴘʀᴇᴘ
kâ#ᴅᴇᴍ2.ᴅɪѕᴛ
kä..#ѕᴜʙʀ
më#ᴘʀᴇᴘ
kâ#ᴅᴇᴍ2.ᴅɪѕᴛ
në-#ɴᴍʟᴢ1 glü#carry -o#GᴅꞮƦ.DOWN ==lö#=3ᴀᴜɢIA
na-#ꞮƦƦ do#hang -tä#ꞮɴᴛЅ -o#GᴅꞮƦ.DOWN -mü#PᴅꞮƦ.HITHER
ngö#ɢᴇɴ1ᴀ
-#3ᴀᴜɢ1 mâ#see -pä#GᴅꞮƦ.OUT -bë#PᴅꞮƦ.YON ==lö#=3ᴀᴜɢIA
dötwö#mind ==nge#=1ᴍꞮɴII
lö#ᴛᴘɴʏᴍ
ngö#ɢᴇɴ1ᴀ
a'#but
na-#ꞮƦƦ bë#die ==pe#=ᴄᴏЅ -ngö#ᴀᴘᴘʟ ==gö#=1ᴀᴜɢII
da#thing kâ#ᴅᴇᴍ2.ᴅɪѕᴛ
ö-#ᴍꞮᴅ pi#say -bë#PᴅꞮƦ.YON ==le#=3ᴍꞮɴIA
kâ#ᴅᴇᴍ2.ᴅɪѕᴛ
poi#pig
sâ-#ᴘꜰᴠ
kâ#ᴅᴇᴍ2.ᴅɪѕᴛ
ä#and
tömâtu#island
në-#ɴᴍʟᴢ1 ngölö#hurry -mi#ᴅᴘᴠ -pä#GᴅꞮƦ.OUT -bë#PᴅꞮƦ.YON ==lö#=3ᴀᴜɢIA
olvë#female
olvë#female
ëbë#so.then
nümü#way
lue#river
kâ#ᴅᴇᴍ2.ᴅɪѕᴛ
nabzlue#Nabzlue.vil
ä#and
ä#and
madäi#single.house
bea#midday
ni-#ᴀᴄᴄ ==nge#=1ᴍꞮɴII
më#ᴘʀᴇᴘ
lâ#ᴅᴇᴍ1.ᴅɪѕᴛ
nëöyöngö#writing
kâng#those
ni-#ᴀᴄᴄ ==nge#=1ᴍꞮɴII
të-#Ʀʟ.3ᴀᴜɢ aki#divide lëbü#ʀᴇꜰʟ ==pe#=ᴄᴏЅ
nzryrngrkxtr#HOLY.WRITINGS
kä..#ѕᴜʙʀ
dötü#name
asa#do.slowly;.slow -ne#ꞮɴᴛЅ
dötwö#mind ==nge#=1ᴍꞮɴII
nëwö#time ==de#=3ᴍꞮɴII
utâ#bird
ami#army
sâ-#ᴘꜰᴠ
lö#ᴛᴘɴʏᴍ
sâ-#ᴘꜰᴠ
lâde#there
dzbede#group
këble#different
natü#word
läe#mother.aunt ==nge#=1ᴍꞮɴII
na-#ꞮƦƦ yâ#stay -ngö#ᴀᴘᴘʟ
bü#kill ==pe#=ᴄᴏЅ
ö-#ᴍꞮᴅ ka#give -mü#PᴅꞮƦ.HITHER
dötwö#mind ==de#=3ᴍꞮɴII
këdü#a
në-#ɴᴍʟᴢ1 ö-#ᴍꞮᴅ pilë#curse -kö#ɴᴍʟᴢ.ᴘᴄꜰʟ ==dö#=3ᴀᴜɢII
sâ-#ᴘꜰᴠ
ëbë#so.then
kâ#ᴅᴇᴍ2.ᴅɪѕᴛ
ka#give -bo#.BZ(PDIR.YON)=O(1MINI)
tü-#Ʀʟ lu#wear.around.neck ==ä#=1ᴍꞮɴI
ötangö#search ==#=3ᴍꞮɴIS
nâblo#man
nëlu#coconut
bagö#dat=1augII
bznwz#Bznwz.vil
kä..#ѕᴜʙʀ külu#many
kä..#ѕᴜʙʀ
kâpwë#same
lö#ᴛᴘɴʏᴍ
skul#school
läe#mother.aunt ==gö#=1ᴀᴜɢII
skul#school
tö-#ɴᴇɢ na-#ꞮƦƦ mwi#sleep -u#ɴᴇɢ
kâng#those
në-#ɴᴍʟᴢ1 yöle#flow -kö#ɴᴍʟᴢ.ᴘᴄꜰʟ
naonöä#doorway
nemya'#Nemya'.
në-#ɴᴍʟᴢ1 o#go -kö#ɴᴍʟᴢ.ᴘᴄꜰʟ ==dö#=3ᴀᴜɢII
tü-#Ʀʟ aenëli#wait -ngö#ᴀᴘᴘʟ ==ne#=1ᴍꞮɴII
sâ-#ᴘꜰᴠ
ä#and
rum#room
rum#room
në-#ɴᴍʟᴢ1 ötangö#search -ti#ᴛƦ -kö#ɴᴍʟᴢ.ᴘᴄꜰʟ ==gö#=1ᴀᴜɢII ==le#=3ᴍꞮɴIIP
yië#year
ma#house
dötü#body ==de#=3ᴍꞮɴII
në-#ɴᴍʟᴢ1 mâ#see -kö#ɴᴍʟᴢ.ᴘᴄꜰʟ
leu#leaf
ä#and
ä#and
sâ#ᴘᴄꜰʟ.hand ==de#=3ᴍꞮɴII
ëbü#day
të-#Ʀʟ.3ᴀᴜɢ vo#travel -së#UᴅꞮƦ.AWAY.FROM ==pe#=ᴄᴏЅ ==lö#=3ᴀᴜɢIA
yië#year
dâkta#doctor
abötë#be.happy -tä#ꞮɴᴛЅ -ngö#ᴀᴘᴘʟ ==ne#=1ᴍꞮɴII
rum#room
doa#child
tü-#Ʀʟ mënö#empty -tä#ꞮɴᴛЅ ==pe#=ᴄᴏЅ
päi#wear ==#=3ᴍꞮɴIS
lö#ᴛᴘɴʏᴍ
kä..#ѕᴜʙʀ
lue#water
ma#house
kä..#ѕᴜʙʀ
dötwö#mind
më#ᴘʀᴇᴘ
më#ᴘʀᴇᴘ
bia#breadfruit
mâ#see kë#also ==amu#=2ᴀᴜɢI
dakänëng#food
-#3ᴀᴜɢ1 ö-#ᴍꞮᴅ ka#give -ti#ᴛƦ -mü#PᴅꞮƦ.HITHER ==ng#=3ᴀᴜɢIS
këdung#ᴀᴛ.фɴᴛ.ᴘʟ.ᴘʟ
da#thing
më.nibö#AFTER
nyë#ᴘᴄꜰʟ.ʙ&ɢ ==gö#=1ᴀᴜɢII
yâ#stay -nöbalü#NIL
badö#ᴄᴏᴍ.
vo#travel -mü#PᴅꞮƦ.HITHER
bëkü#do.not
bagö#dat=1augII
la#ᴅᴇᴍ1.ᴘʀᴏχ
tü-#Ʀʟ matü#powerful esë'ngö#most
möka#here
më#ᴘʀᴇᴘ
kölë#know -bë#PᴅꞮƦ.YON ==kö#=1ᴀᴜɢI
oti#take kz#also -#PᴅꞮƦ.YON ==le#=3ᴍꞮɴIA
ö#ɢᴇɴ1ᴀ ==de#=3ᴍꞮɴII
dötwö#mind
ä#and
më#ᴘʀᴇᴘ
nöpakämölë#Good.News
da#thing
kä..#ѕᴜʙʀ
kä..#ѕᴜʙʀ
më#eye ==ke'#=1ᴍꞮɴII
mwi#sleep ==kö#=1ᴀᴜɢI
tö-#ɴᴇɢ vë#go -pä#GᴅꞮƦ.OUT -mü#PᴅꞮƦ.HITHER -u#ɴᴇɢ
mnâ#be
ne#ᴘᴄꜰʟ.rsbl ==nge#=1ᴍꞮɴII -ngü#ᴘʟ
kâ#ᴅᴇᴍ2.ᴅɪѕᴛ
da#thing
ä#and
dwapä#move.out
täpwë#only
ëbü#day
ka#ᴅᴇᴍ2.ᴘʀᴏχ
vzne#walk ==kö#=1ᴀᴜɢI
ä#and
-#3ᴀᴜɢ1 kâti#marvel -tä#ꞮɴᴛЅ -pä#GᴅꞮƦ.OUT esë'ngö#exceedingly
tü-#Ʀʟ kle#call.someone ==ü#=2ᴍꞮɴI
topwë#little
në-#ɴᴍʟᴢ1 abë#try -kö#ɴᴍʟᴢ.ᴘᴄꜰʟ -bë#PᴅꞮƦ.YON ==kö#=1ᴀᴜɢI
ngö#ɢᴇɴ1ᴀ
sâ-#ᴘꜰᴠ
lâ#ᴅᴇᴍ1.ᴅɪѕᴛ
nidö#be.3ᴀᴜɢII.
kru#crew
më#ᴘʀᴇᴘ
da#thing
nabë#insides
tü-#Ʀʟ ama#rest ==pe#=ᴄᴏЅ
-#3ᴀᴜɢ1 külu#many
nimu#ACC.2augᵢᵢ
kâ#ᴅᴇᴍ2.ᴅɪѕᴛ
dëu#portion
ä#and
sikapu#smoke -tä#ꞮɴᴛЅ pwë#just
ö#ɢᴇɴ1ᴀ ==gö#=1ᴀᴜɢII
külu#many
tutö#stand.onto
ne#ᴘᴄꜰʟ.rsbl
kâ#ᴅᴇᴍ2.ᴅɪѕᴛ
më#ᴘʀᴇᴘ
ma#house
tü-#Ʀʟ vea#ask ==pe#=ᴄᴏЅ -mü#PᴅꞮƦ.HITHER
nou#base
më#ᴘʀᴇᴘ
milogo#sago.arrow
nounenü#cyclone
sâ-#ᴘꜰᴠ
tü-#Ʀʟ tu#stand
==kö#=1ᴀᴜɢI
ä#and
kâ#ᴅᴇᴍ2.ᴅɪѕᴛ
më#ᴘʀᴇᴘ
nide#be.3ᴍɪɴII
kä..#ѕᴜʙʀ
nöâ#wave
kai#first
tü-#Ʀʟ äpe#pay ==ä#=1ᴍꞮɴI
natü#word
kä..#ѕᴜʙʀ
vë#go
më#ᴘʀᴇᴘ
në-#ɴᴍʟᴢ1 ö-#ᴍꞮᴅ katx#remove -kö#ɴᴍʟᴢ.ᴘᴄꜰʟ ==dö#=3ᴀᴜɢII
ö-#ᴍꞮᴅ pi#say -mü#PᴅꞮƦ.HITHER ==le#=3ᴍꞮɴIA
më#ᴘʀᴇᴘ
nigö#be.1ᴀᴜɢII
sâ-#ᴘꜰᴠ
löpëki#road
iwongr#Iwongr
mölë#be.good
badö#ᴄᴏᴍ.
vë#go -o#GᴅꞮƦ.DOWN -bë#PᴅꞮƦ.YON ==le#=3ᴍꞮɴIA
töpengö#not.any
kä..#ѕᴜʙʀ töka#bad
ä#and
kä..#ѕᴜʙʀ
kä..#ѕᴜʙʀ etu#big
meöikol#miracle
sâ-#ᴘꜰᴠ
obü#look -o#GᴅꞮƦ.DOWN -mü#PᴅꞮƦ.HITHER ==ä#=1ᴍꞮɴI
-#3ᴀᴜɢ1 mwi#sleep -ngö#ᴀᴘᴘʟ ==dö#=3ᴀᴜɢII
ëbü#day
ne#ᴘᴄꜰʟ.rsbl ==de#=3ᴍꞮɴII
kä..#ѕᴜʙʀ
ninë#ngalinut
kâ#ᴅᴇᴍ2.ᴅɪѕᴛ
dapu#piece ==de#=3ᴍꞮɴII
kä..#ѕᴜʙʀ
në-#ɴᴍʟᴢ1 yâ#sorry -ti#ᴛƦ ==kö#=1ᴀᴜɢI
tü-#Ʀʟ dwatö#enter ==pe#=ᴄᴏЅ -mü#PᴅꞮƦ.HITHER
ni-#ᴀᴄᴄ ==nge#=1ᴍꞮɴII
na-#ꞮƦƦ ötangö#search -ti#ᴛƦ ==kö#=1ᴀᴜɢI
më#ᴘʀᴇᴘ
muöde#because
abëo#start
bq#titan.triggerfish
na-#ꞮƦƦ ngi#be täpwë#only
-#3ᴀᴜɢ1 mnâ#be ==ngü#=3ᴀᴜɢIS
ä#and
kâ#ᴅᴇᴍ2.ᴅɪѕᴛ
-#ᴘᴀЅ oda#destroy -ti#ᴛƦ
tü-#Ʀʟ mu#eat ==kö#=1ᴀᴜɢI
nigö#be.1ᴀᴜɢII
japan#JAPAN
a'#but
e#or
ä#and
kâ#ᴅᴇᴍ2.ᴅɪѕᴛ
nabë#area
nyë#ᴘᴄꜰʟ.ʙ&ɢ ==dö#=3ᴀᴜɢII
lö#ᴛᴘɴʏᴍ
lâsu#ship
ba-#ᴅᴀᴛ ==nge#=1ᴍꞮɴII
ne#ᴘᴄꜰʟ.rsbl ==dö#=3ᴀᴜɢII
bagö#dat=1augII
mönyë#home ==de#=3ᴍꞮɴII
kä..#ѕᴜʙʀ külu#many
pöla#sea
natqgu#Natqgu
më#ᴘʀᴇᴘ
kä..#ѕᴜʙʀ
mya#surpass -së#VERY -pä#GᴅꞮƦ.OUT ==le#=3ᴍꞮɴIA
ä#and
kä..#ѕᴜʙʀ
ä#and
mökâ#there
ö-#ᴍꞮᴅ twë#take läblö#together ==pe#=ᴄᴏЅ ==kö#=1ᴀᴜɢI
kâma#that.one
wü#high
dâkta#doctor
sâ-#ᴘꜰᴠ
kä..#ѕᴜʙʀ
muöde#because
më#ᴘʀᴇᴘ
kä..#ѕᴜʙʀ
yâ#stay -äbë.ëbë#MNR -tö#GᴅꞮƦ.IN ==kö#=1ᴀᴜɢI
dävo#tsunami
yëu#begin -tö#GᴅꞮƦ.IN ==#=ᴄᴍᴘʟ
nëlu#coconut
në-#ɴᴍʟᴢ1 vë#go kë#also ==ng#=3ᴀᴜɢIS
nëmu#if
amölä#all
ä#and
më#ᴘʀᴇᴘ
töte#father ==dö#=3ᴀᴜɢII
sâ-#ᴘꜰᴠ
këdü#a
kä..#ѕᴜʙʀ
kaputrpq#arrive
na-#ꞮƦƦ ökalë#leave ==pe#=ᴄᴏЅ -mü#PᴅꞮƦ.HITHER ==#=3ᴍꞮɴIS
tü-#Ʀʟ a-#ᴄᴀᴜЅ yëlu#return ==pe#=ᴄᴏЅ ==le#=3ᴍꞮɴIA
ba-#ᴅᴀᴛ ==nge#=1ᴍꞮɴII
nar#head
kä..#ѕᴜʙʀ
e#or
kä..#ѕᴜʙʀ
sâ#ᴘᴄꜰʟ.hand ==dö#=3ᴀᴜɢII
kä..#ѕᴜʙʀ në-#ɴᴍʟᴢ1 a-#ᴄᴀᴜЅ kölë#know ==ng#=3ᴀᴜɢIS
nâtü#half ==de#=3ᴍꞮɴII
kölë#reach -o#GᴅꞮƦ.DOWN ==le#=3ᴍꞮɴIA
yëpö#break
da#thing
kä..#ѕᴜʙʀ
da#thing
nedr#SANTA.CRUZ
sâ#ᴘᴄꜰʟ.hand ==dö#=3ᴀᴜɢII
na-#ꞮƦƦ öläti#request;.ask -tä#ꞮɴᴛЅ -bo#.BZ(PDIR.YON)=O(1MINI)
mökâ#there
ä#and
lâsu#ship kä..#ѕᴜʙʀ lvâ#fly
luekäpië#medicine
më#ᴘʀᴇᴘ
më#ᴘʀᴇᴘ
sâ#ᴘᴄꜰʟ.hand ==dö#=3ᴀᴜɢII
-#3ᴀᴜɢ1 abëo#start ==lö#=3ᴀᴜɢIA
ö#ɢᴇɴ1ᴀ
të-#Ʀʟ.3ᴀᴜɢ lolvë#hold,.restrain ==pe#=ᴄᴏЅ ==lö#=3ᴀᴜɢIA
sa#ɪᴘꜰᴠ
lâ#ᴅᴇᴍ1.ᴅɪѕᴛ
kâng#those
më#ᴘʀᴇᴘ
këdu#some
badö#ᴄᴏᴍ.
ä#and
tü-#Ʀʟ vo#travel -pä#GᴅꞮƦ.OUT ==pe#=ᴄᴏЅ
nëli#two;.couple
blang#old.woman
lrlvz#Lrlvz
nëwö#time ==de#=3ᴍꞮɴII
nedr#SANTA.CRUZ
këdung#ᴀᴛ.фɴᴛ.ᴘʟ.ᴘʟ
kâ#ᴅᴇᴍ2.ᴅɪѕᴛ
kâng#those
mökâ#there
esë'#one
dâpwe#salt.water
nide#be.3ᴍɪɴII
tü-#Ʀʟ vo#travel -lë#GᴅꞮƦ.UP ==pe#=ᴄᴏЅ mou#again ==ä#=1ᴍꞮɴI
sa#ɪᴘꜰᴠ
ölilö#both ==gö#=1ᴀᴜɢII
nesökö#lesser.yam
më#ᴘʀᴇᴘ
-#3ᴀᴜɢ1 eso#near -ne#ꞮɴᴛЅ -bë#PᴅꞮƦ.YON ==ng#=3ᴀᴜɢIS
më#ᴘʀᴇᴘ
pasto#pastor
nëmu#if
ö-#ᴍꞮᴅ pi#say ==ä#=1ᴍꞮɴI
kâ#ᴅᴇᴍ2.ᴅɪѕᴛ
dëbe#group ==de#=3ᴍꞮɴII
ä#and
sâ-#ᴘꜰᴠ
soöe#sorry
këdü#a
muöde#because
badö#ᴄᴏᴍ.
da#thing
bisop#bishop
ëbë#so.then
ngö#ɢᴇɴ1ᴀ
dâkölëde#chapter
e#yes
këble#different
ni-#ᴀᴄᴄ ==nge#=1ᴍꞮɴII
nrngx#spider
ba-#ᴅᴀᴛ ==nge#=1ᴍꞮɴII
ä#and
amölä#all
mrbcnepwz#quite.short
aijz#Aijz
tü-#Ʀʟ mnâ#live,.stay -ngö#ᴀᴘᴘʟ ==gö#=1ᴀᴜɢII
nemya'#Nemya'.
pwökilvâ#startled -ngö#ᴀᴘᴘʟ ==gö#=1ᴀᴜɢII
ä#and
më#ᴘʀᴇᴘ
ma#house
neke#who
sâ-#ᴘꜰᴠ
lö#ᴛᴘɴʏᴍ
kä..#ѕᴜʙʀ etu#big
na-#ꞮƦƦ bom#bomb ==lö#=3ᴀᴜɢIA
lâde#there
mama#priest
pöla#sea
nâblo#man
delâ#this
na-#ꞮƦƦ ka#give -bo#.BZ(PDIR.YON)=O(1MINI)
mëtea#village
tü-#Ʀʟ ngü#eat ==pe#=ᴄᴏЅ ==le#=3ᴍꞮɴIA
bë#die -tä#ꞮɴᴛЅ ==#=ᴄᴍᴘʟ
më#ᴘʀᴇᴘ
banyapu#pineapple
më#ᴘʀᴇᴘ
tü-#Ʀʟ vë#go -bë#PᴅꞮƦ.YON
badö#ᴄᴏᴍ.
lälvö#turn -ki#UᴅꞮƦ.PATH -mü#PᴅꞮƦ.HITHER ==le#=3ᴍꞮɴIA
kä..#ѕᴜʙʀ
ni-#ᴀᴄᴄ ==nge#=1ᴍꞮɴII
badö#ᴄᴏᴍ.
tzsiu#monk
wë#work ==ä#=1ᴍꞮɴI
zmio#shadow
më#ᴘʀᴇᴘ
në-#ɴᴍʟᴢ1 zpqtr#convert.s.o. -kö#ɴᴍʟᴢ.ᴘᴄꜰʟ ==dö#=3ᴀᴜɢII
kapä.ka#remove -o#GᴅꞮƦ.DOWN -mü#PᴅꞮƦ.HITHER ==amu#=2ᴀᴜɢI
nibö#back.part ==nge#=1ᴍꞮɴII
këte#friend ==de#=3ᴍꞮɴII -ngü#ᴘʟ
ä#and
angidö#really
kâ#ᴅᴇᴍ2.ᴅɪѕᴛ
müngö#image
-#3ᴀᴜɢ1 atwëlö#dispatch -ngö#ᴀᴘᴘʟ -mü#PᴅꞮƦ.HITHER
natü#word
bot#boat
ma#advrs
-#3ᴀᴜɢ1 tu#stand -lë#GᴅꞮƦ.UP -mü#PᴅꞮƦ.HITHER
nâblo#man
vë#go -bë#PᴅꞮƦ.YON
mou#again
nëmu#if
në-#ɴᴍʟᴢ1 wë#make -ngö#ᴠƦ
ni-#ᴀᴄᴄ ==nge#=1ᴍꞮɴII
nidö#be.3ᴀᴜɢII.
tö-#ɴᴇɢ takitö#fitting ==pe#=ᴄᴏЅ ==de#=3ᴍꞮɴII -u#ɴᴇɢ
më#ᴘʀᴇᴘ
dekâ#this
kä..#ѕᴜʙʀ
tü-#Ʀʟ abötë#be.happy ëvë#always -ngö#ᴀᴘᴘʟ ==gö#=1ᴀᴜɢII
këdu#some
sâ-#ᴘꜰᴠ
në-#ɴᴍʟᴢ1 pö#go -pä#GᴅꞮƦ.OUT -kö#ɴᴍʟᴢ.ᴘᴄꜰʟ ==nge#=1ᴍꞮɴII
nëlu#coconut
ä#and
më#ᴘʀᴇᴘ
më#ᴘʀᴇᴘ
tü-#Ʀʟ ti#shine -ngö#ᴀᴘᴘʟ
kâ#ᴅᴇᴍ2.ᴅɪѕᴛ
tewa#rain
tü-#Ʀʟ ö-#ᴍꞮᴅ yö#eat -ngö#ᴀᴘᴘʟ ==ne#=1ᴍꞮɴII
në-#ɴᴍʟᴢ1 yâ#stay -o#GᴅꞮƦ.DOWN -kö#ɴᴍʟᴢ.ᴘᴄꜰʟ -mü#PᴅꞮƦ.HITHER ==le#=3ᴍꞮɴIA
müngö#image
na-#ꞮƦƦ längiti#believe ==ku#=12ᴀᴜɢI
sâ-#ᴘꜰᴠ
aâlve#oversee ==le#=3ᴍꞮɴIA
vë#feel.sad -tä#ꞮɴᴛЅ ==pe#=ᴄᴏЅ -ngö#ᴀᴘᴘʟ ==de#=3ᴍꞮɴII
më#ᴘʀᴇᴘ
tölipu#rain.storm
kâ#ᴅᴇᴍ2.ᴅɪѕᴛ
kä..#ѕᴜʙʀ
në-#ɴᴍʟᴢ1 yâmne#speak -kö#ɴᴍʟᴢ.ᴘᴄꜰʟ -bë#PᴅꞮƦ.YON ==lö#=3ᴀᴜɢIA
pistol#pistol
nöâ#wave
ami#army
tü-#Ʀʟ ya#paddle -ngö#ᴀᴘᴘʟ kai#first -#PᴅꞮƦ.YON ==kö#=1ᴀᴜɢI
elö#there
ba-#ᴅᴀᴛ ==nge#=1ᴍꞮɴII
kâ#ᴅᴇᴍ2.ᴅɪѕᴛ
muöde#so.that
ni-#ᴀᴄᴄ ==nge#=1ᴍꞮɴII
nabë#insides
sâ-#ᴘꜰᴠ
mama#priest
sâ-#ᴘꜰᴠ
mâ#see
në-#ɴᴍʟᴢ1 dwa#jump -tö#GᴅꞮƦ.IN -kö#ɴᴍʟᴢ.ᴘᴄꜰʟ ==gö#=1ᴀᴜɢII
töte#father
tü-#Ʀʟ yöni#cry ==pe#=ᴄᴏЅ ==ä#=1ᴍꞮɴI
taon#town
löpëki#road
tü-#Ʀʟ ö-#ᴍꞮᴅ pi#say ==pe#=ᴄᴏЅ -mü#PᴅꞮƦ.HITHER ==le#=3ᴍꞮɴIA
natü#word
pöla#sea
kä..#ѕᴜʙʀ
të-#Ʀʟ.3ᴀᴜɢ siklu#be.schooled ==ng#=3ᴀᴜɢIS
pwökilvâ#startled -ngö#ᴀᴘᴘʟ ==gö#=1ᴀᴜɢII
a'#but
doa#child
kâ#ᴅᴇᴍ2.ᴅɪѕᴛ
pnë#shoot
ä#and
merikz#USA,.AMERICA
më.nibö#AFTER
akes#ax;.axe
nëli#two;.couple
wë#work -ti#ᴛƦ -tä#ꞮɴᴛЅ -bë#PᴅꞮƦ.YON ==o#=1ᴍꞮɴI.ᴄᴍʙ
më#ᴘʀᴇᴘ
na#ᴘᴄꜰʟ.food ==gö#=1ᴀᴜɢII
kâ#ᴅᴇᴍ2.ᴅɪѕᴛ
tü-#Ʀʟ vë#go ==pe#=ᴄᴏЅ
më#ᴘʀᴇᴘ
kâng#those
nenü#wind
kai#first
ä#and
makätö#church.building
në-#ɴᴍʟᴢ1 wë#make -ngö#ᴠƦ
tü-#Ʀʟ ö-#ᴍꞮᴅ pi#say ==pe#=ᴄᴏЅ ==ä#=1ᴍꞮɴI
me#place
mële#brother ==nge#=1ᴍꞮɴII
töak#truck
ö#ɢᴇɴ1ᴀ ==dö#=3ᴀᴜɢII
këdo#highest.level.in.law ==nge#=1ᴍꞮɴII
kä..#ѕᴜʙʀ
kä..#ѕᴜʙʀ
na#ᴘᴄꜰʟ.food ==dö#=3ᴀᴜɢII
lâde#there
bëkü#do.not
nidö#be.3ᴀᴜɢII.
lö#ᴛᴘɴʏᴍ
gas#propane
badö#dat=3augII
kä..#ѕᴜʙʀ
ma#house
du#Фɴᴛ.ᴘʟ
kâ#ᴅᴇᴍ2.ᴅɪѕᴛ
dü#Фɴᴛ.Ѕɢ
sa#ɪᴘꜰᴠ
në-#ɴᴍʟᴢ1 ö-#ᴍꞮᴅ yölü#put -ngö#ᴀᴘᴘʟ -bë#PᴅꞮƦ.YON
kä..#ѕᴜʙʀ
mëbü#day
-#3ᴀᴜɢ1 tü#three -ngü#ᴘʟ
nimu#ACC.2augᵢᵢ
në-#ɴᴍʟᴢ1 a-#ᴄᴀᴜЅ lvâ#fly -kö#ɴᴍʟᴢ.ᴘᴄꜰʟ ==gö#=1ᴀᴜɢII
badö#ᴄᴏᴍ.
badö#ᴄᴏᴍ.
sâ#ᴘᴄꜰʟ.hand
ëpwä#true -tä#ꞮɴᴛЅ
më#ᴘʀᴇᴘ
ä#and
inyä#daughter ==mü#=2ᴍꞮɴII
töau#money
sâ-#ᴘꜰᴠ
älö#hear -mü#PᴅꞮƦ.HITHER ==le#=3ᴍꞮɴIA
-#3ᴀᴜɢ1 rmcti#meet ==lö#=3ᴀᴜɢIA
lâpwë#same
tü-#Ʀʟ do#hang -tö#GᴅꞮƦ.IN
nimu#ACC.2augᵢᵢ
nubla#flood
abötë#be.happy -tä#ꞮɴᴛЅ -ngö#ᴀᴘᴘʟ ==de#=3ᴍꞮɴII
ö-#ᴍꞮᴅ pi#say ==pe#=ᴄᴏЅ -mü#PᴅꞮƦ.HITHER ==le#=3ᴍꞮɴIA
tzlede#Tzlede
më#ᴘʀᴇᴘ
mële#brother ==de#=3ᴍꞮɴII -ngü#ᴘʟ
dakänëng#food
nyë#ᴘᴄꜰʟ.ʙ&ɢ
töau#money
na-#ꞮƦƦ vë#go ==#=3ᴍꞮɴIS
-#3ᴀᴜɢ1 dwalë#get.up -öbö#WRONG -lë#GᴅꞮƦ.UP -ngö#ᴀᴘᴘʟ -mü#PᴅꞮƦ.HITHER
kâ#ᴅᴇᴍ2.ᴅɪѕᴛ
sâ-#ᴘꜰᴠ
bagö#dat=1augII
këdü#a
mou#again
kâng#those
mökâ#there
kä..#ѕᴜʙʀ
ngö#ɢᴇɴ1ᴀ
më#ᴘʀᴇᴘ
më#ᴘʀᴇᴘ
kä..#ѕᴜʙʀ
doa#child
inglan#ENGLAND
kâ#ᴅᴇᴍ2.ᴅɪѕᴛ
më#ᴘʀᴇᴘ
milëpü#evening
dâkölëde#chapter
yië#year
në-#ɴᴍʟᴢ1 öpwa'#forbid -kö#ɴᴍʟᴢ.ᴘᴄꜰʟ ==de#=3ᴍꞮɴII
tü-#Ʀʟ ata#collect -plä#UᴅꞮƦ.THROUGH -sö#RELEASE ==pe#=ᴄᴏЅ ==ä#=1ᴍꞮɴI
doa#child
më#ᴘʀᴇᴘ
doa#child
wop#WHARF
kölë#know ==ku#=12ᴀᴜɢI
bagö#dat=1augII
-#3ᴀᴜɢ1 ne#scream -mi#ᴅᴘᴠ ==lö#=3ᴀᴜɢIA
më.nibö#AFTER
në-#ɴᴍʟᴢ1 abötë#be.happy ==kö#=1ᴀᴜɢI
leplë#people
dakänëng#food
-#ᴘᴀЅ tekütö#exchange kë#also
kä..#ѕᴜʙʀ
kä..#ѕᴜʙʀ
tabao#papaya
kä..#ѕᴜʙʀ
këble#different
-#3ᴀᴜɢ1 kölë#know -ti#ᴛƦ
sâ-#ᴘꜰᴠ
skul#school
të-#Ʀʟ.3ᴀᴜɢ ngöla#crawl -lvë#ᴀᴘᴘʟ -ti#ᴛƦ ==pe#=ᴄᴏЅ ==lö#=3ᴀᴜɢIA
dalö#things.of
bo#dark.coloured
lö#ᴘᴄꜰʟ.inherent ==dö#=3ᴀᴜɢII
kxaonrwx#peacemaker
mou#again
kä..#ѕᴜʙʀ külu#many
tü-#Ʀʟ yagoä#sick ==pe#=ᴄᴏЅ ==#=3ᴍꞮɴIS
myapä#surpass -bë#PᴅꞮƦ.YON -ngü#ᴘʟ
më#ᴘʀᴇᴘ
a'#but
në-#ɴᴍʟᴢ1 wë#make -ngö#ᴠƦ
kxnzmnztrng#sorcerers
yië#year
vo#travel kai#first ==amu#=2ᴀᴜɢI
natü#language
ngö#ɢᴇɴ1ᴀ ==de#=3ᴍꞮɴII
ä#and
ya#paddle -pä#GᴅꞮƦ.OUT ==kö#=1ᴀᴜɢI
tü-#Ʀʟ ayëutö#begin -ngö#ᴀᴘᴘʟ ==ne#=1ᴍꞮɴII
sâ-#ᴘꜰᴠ
më#ᴘʀᴇᴘ
bünâ#long.ago
peto#bush
sâ-#ᴘꜰᴠ
nölâkäbü#night
kâ#ᴅᴇᴍ2.ᴅɪѕᴛ
të-#Ʀʟ.3ᴀᴜɢ kuki#cook -ngö#ᴀᴘᴘʟ ==dö#=3ᴀᴜɢII
tü-#Ʀʟ mnâ#be -tä#ꞮɴᴛЅ pwë#just ==kö#=1ᴀᴜɢI
tü-#Ʀʟ mâ#see -ti#ᴛƦ ==pe#=ᴄᴏЅ ==kö#=1ᴀᴜɢI
nëlu#coconut
öaes#rice
ëbü#day
nâ.leng#CABBAGE.PALM
elö#there
bagö#dat=1augII
badö#ᴄᴏᴍ.
nigö#be.1ᴀᴜɢII
ä#and
-#3ᴀᴜɢ1 tu#stand -ngö#ᴀᴘᴘʟ
tü-#Ʀʟ yökö#depart -tö#GᴅꞮƦ.IN ==pe#=ᴄᴏЅ ==kö#=1ᴀᴜɢI
ö-#ᴍꞮᴅ pi#say -mü#PᴅꞮƦ.HITHER ==le#=3ᴍꞮɴIA
më#ᴘʀᴇᴘ
bute'#corner.3D
ni-#ᴀᴄᴄ ==nge#=1ᴍꞮɴII
kä..#ѕᴜʙʀ
më#ᴘʀᴇᴘ
pulis#police
më#ᴘʀᴇᴘ
na-#ꞮƦƦ vë#go -bë#PᴅꞮƦ.YON ==kö#=1ᴀᴜɢI
në-#ɴᴍʟᴢ1 yököpä#complete -kö#ɴᴍʟᴢ.ᴘᴄꜰʟ -bë#PᴅꞮƦ.YON ==lö#=3ᴀᴜɢIA
mö-#PLACE kâ#ᴅᴇᴍ2.ᴅɪѕᴛ
mâ#see -pä#GᴅꞮƦ.OUT -mü#PᴅꞮƦ.HITHER ==le#=3ᴍꞮɴIA
nenü#wind
mu#eat ==kö#=1ᴀᴜɢI
mölë#be.good
tü-#Ʀʟ vo#travel -ngö#ᴀᴘᴘʟ ==gö#=1ᴀᴜɢII
kâ#ᴅᴇᴍ2.ᴅɪѕᴛ
yië#year
kä..#ѕᴜʙʀ
dakänëng#food
doa#child
ä#and
më#ᴘʀᴇᴘ
a'#but
tü-#Ʀʟ mnâ#be -ne#ꞮɴᴛЅ -tö#GᴅꞮƦ.IN ==pe#=ᴄᴏЅ -mü#PᴅꞮƦ.HITHER ==gö#=1ᴀᴜɢII
amölä#all
be#skin
kâ#ᴅᴇᴍ2.ᴅɪѕᴛ
në-#ɴᴍʟᴢ1 obü#watch kapü#hidden ==kö#=1ᴀᴜɢI
doa#child
kâng#those
vë#go -mü#PᴅꞮƦ.HITHER ==#=3ᴍꞮɴIS
butübö#cave
-#3ᴀᴜɢ1 veâ#fight pwë#just ==ngü#=3ᴀᴜɢIS
lâde#there
nzlvz#Reef.Is
kä..#ѕᴜʙʀ -#3ᴀᴜɢ1 mnâ#be möbö#lost ==ng#=3ᴀᴜɢIS
mökâ#there
tü-#Ʀʟ kipo#wash;.bathe ==pe#=ᴄᴏЅ ==#=3ᴍꞮɴIS
kâ#ᴅᴇᴍ2.ᴅɪѕᴛ
mölâ#there
kâng#those
këdü#a
lâde#there
müngö#image ==de#=3ᴍꞮɴII
nyë#ᴘᴄꜰʟ.ʙ&ɢ ==gö#=1ᴀᴜɢII
sâ-#ᴘꜰᴠ
esë'#one
ö-#ᴍꞮᴅ pi#say -bë#PᴅꞮƦ.YON ==le#=3ᴍꞮɴIA
kä..#ѕᴜʙʀ
dalö#things.of
bâ#top
kä..#ѕᴜʙʀ
më#ᴘʀᴇᴘ
sâ-#ᴘꜰᴠ
muöde#because
kä..#ѕᴜʙʀ
muöde#because
mâ#see ==te#=3MINᵢᵢ
ä#and
nâtü#half ==de#=3ᴍꞮɴII
mölâde#there
në-#ɴᴍʟᴢ1 yëu#begin -kö#ɴᴍʟᴢ.ᴘᴄꜰʟ
bagö#dat=1augII
lâde#there
sâ-#ᴘꜰᴠ
ncnia#Ncnia
nu#package,.make.ready -ti#ᴛƦ -tä#ꞮɴᴛЅ ==kö#=1ᴀᴜɢI
kä..#ѕᴜʙʀ
sade#Sunday
pöla#sea
kä..#ѕᴜʙʀ topwë#little
töklae#swamphen
tü-#Ʀʟ pi#say ==pe#=ᴄᴏЅ -bë#PᴅꞮƦ.YON ==le#=3ᴍꞮɴIA
badö#ᴄᴏᴍ.
tü-#Ʀʟ pi#say -ngö#ᴀᴘᴘʟ -bo#.BZ(PDIR.YON)=O(1MINI) ==le#=3ᴍꞮɴIA
të-#Ʀʟ.3ᴀᴜɢ atwëlö#dispatch ==pe#=ᴄᴏЅ -ngö#ᴀᴘᴘʟ -mü#PᴅꞮƦ.HITHER ==lö#=3ᴀᴜɢIA
la#ᴅᴇᴍ1.ᴘʀᴏχ
më#ᴘʀᴇᴘ
ka#ᴅᴇᴍ2.ᴘʀᴏχ
tü-#Ʀʟ väu#blow -tö#GᴅꞮƦ.IN ==pe#=ᴄᴏЅ ==le#=3ᴍꞮɴIA
kru#crew
më#ᴘʀᴇᴘ
kämule-esë'#even.though
-#3ᴀᴜɢ1 mu#desire ==lö#=3ᴀᴜɢIA
töpu#conch.shell
-#3ᴀᴜɢ1 alvëtö#teach -#PᴅꞮƦ.YON
mölë#be.good
olë#climb -bo#.BZ(PDIR.YON)=O(1MINI)
amölä#all
ä#and
lömëtangi#foreigner
bot#boat
milëpü#evening
më#ᴘʀᴇᴘ
ngö#ɢᴇɴ1ᴀ
kâ#ᴅᴇᴍ2.ᴅɪѕᴛ
dötwö#neck ==gö#=1ᴀᴜɢII
tömâtu#island
më#ᴘʀᴇᴘ
tü-#Ʀʟ krlzm#reach.(a.place) ==le#=3ᴍꞮɴIA
niu.silan#NEW.ZEALAND
ä#and
a'#but
ä#and
na-#ꞮƦƦ ngü#eat ==dö#=3ᴀᴜɢII
të-#Ʀʟ.3ᴀᴜɢ pö#go -o#GᴅꞮƦ.DOWN ==pe#=ᴄᴏЅ ==ng#=3ᴀᴜɢIS
tü-#Ʀʟ mwelr#fear ==pe#=ᴄᴏЅ ==kö#=1ᴀᴜɢI
vë#go -bë#PᴅꞮƦ.YON ==kö#=1ᴀᴜɢI
sekondzre#SECONDARY
sâ-#ᴘꜰᴠ
sâ-#ᴘꜰᴠ
bagö#dat=1augII
-#ᴘᴀЅ pnz'#shoot ==pe#=ᴄᴏЅ -m#2ᴍꞮɴII
dölë#colour ==dö#=3ᴀᴜɢII -ngü#ᴘʟ
kä..#ѕᴜʙʀ
köa-#ᴏƦᴅ tü#three
kä..#ѕᴜʙʀ
më#ᴘʀᴇᴘ
kä..#ѕᴜʙʀ
kä..#ѕᴜʙʀ
tabao#papaya
ä#and
amölä#all
e#or
kölâng#these
twë#take ==le#=3ᴍꞮɴIA
ä#and
kämu#be.like
tü-#Ʀʟ alilvâ#sail -ne#ᴅЅᴛƦ -ngö#ᴀᴘᴘʟ ==de#=3ᴍꞮɴII
obü#look -pä#GᴅꞮƦ.OUT ==#=3ᴍꞮɴIS
aböelë#umbrella
nar#head
na-#ꞮƦƦ vë#go -ki#UᴅꞮƦ.PATH -tä#ꞮɴᴛЅ pwë#just ==lö#=3ᴀᴜɢIA
ä#and
muöde#because
më#ᴘʀᴇᴘ
në-#ɴᴍʟᴢ1 mnâ#be -ngö#ᴠƦ
ni-#ᴀᴄᴄ ==nge#=1ᴍꞮɴII
sen.jemes#ST..JAMES
më#ᴘʀᴇᴘ
inwe#male's.sister ==nge#=1ᴍꞮɴII
kaputö#arrive -mü#PᴅꞮƦ.HITHER
mâ#see -pä#GᴅꞮƦ.OUT -mü#PᴅꞮƦ.HITHER
löpëki#road
këdü#a
ma#house
na-#ꞮƦƦ aenëli#wait -tä#ꞮɴᴛЅ ==ki#=12ᴍꞮɴI
kâ#ᴅᴇᴍ2.ᴅɪѕᴛ
lö#ᴛᴘɴʏᴍ
në-#ɴᴍʟᴢ1 mwi#sleep -ngö#ɴᴍʟᴢ
kä..#ѕᴜʙʀ
ngö#ɢᴇɴ1ᴀ
nëmu-köde#this.way
ä#and
nâ#fish
këdü#a
bë#club
mü#ᴘᴄꜰʟ.drink ==de#=3ᴍꞮɴII
-#3ᴀᴜɢ1 tave#break ==lö#=3ᴀᴜɢIA
kâ#ᴅᴇᴍ2.ᴅɪѕᴛ
ngö#ɢᴇɴ1ᴀ
-#3ᴀᴜɢ1 mnâ#be -ti#ᴛƦ -pä#GᴅꞮƦ.OUT -mü#PᴅꞮƦ.HITHER ==lö#=3ᴀᴜɢIA
dalö#things.of
lâde#there pwë#just
ölilö#both ==gö#=1ᴀᴜɢII
muöde#because
kâng#those
rum#room
tü-#Ʀʟ etu#big -ne#ꞮɴᴛЅ -pä#GᴅꞮƦ.OUT ==pe#=ᴄᴏЅ
kâ#ᴅᴇᴍ2.ᴅɪѕᴛ
vë#go -mü#PᴅꞮƦ.HITHER ==#=3ᴍꞮɴIS
tö-#ɴᴇɢ yökö#finish -pä#GᴅꞮƦ.OUT ëpwä#actually ==ka#=NOT.YET
sâ-#ᴘꜰᴠ
ä#and
kä..#ѕᴜʙʀ
më#ᴘʀᴇᴘ
kâ#ᴅᴇᴍ2.ᴅɪѕᴛ
mëlwe#brother.of.a.female -ngü#ᴘʟ
ne#ᴘᴄꜰʟ.rsbl ==de#=3ᴍꞮɴII
të-#Ʀʟ.3ᴀᴜɢ öpi#said ==pe#=ᴄᴏЅ
dötü#body ==de#=3ᴍꞮɴII
ni-#ᴀᴄᴄ ==nge#=1ᴍꞮɴII
nëlu#coconut
ka#ᴅᴇᴍ2.ᴘʀᴏχ
ä#and
vë#go -pä#GᴅꞮƦ.OUT -mü#PᴅꞮƦ.HITHER ==le#=3ᴍꞮɴIA
sâ-#ᴘꜰᴠ
mwä#maybe;.I.think
mölâ#there
yëu#begin -tö#GᴅꞮƦ.IN ==ä#=1ᴍꞮɴI
nëmu#if
nigö#be.1ᴀᴜɢII
nepi#sun
lö#ᴛᴘɴʏᴍ
sâ#ᴘᴄꜰʟ.hand ==dö#=3ᴀᴜɢII
dëtu#things ==dö#=3ᴀᴜɢII
mëtea#village
ö#ɢᴇɴ1ᴀ
kä..#ѕᴜʙʀ
tü-#Ʀʟ wai#do ==ki#=12ᴍꞮɴI
öplë#stone
kölë#reach -bë#PᴅꞮƦ.YON ==le#=3ᴍꞮɴIA
kä..#ѕᴜʙʀ esë'#one
ä#and
ö-#ᴍꞮᴅ pi#say -bë#PᴅꞮƦ.YON ==le#=3ᴍꞮɴIA
tzsiu#monk
poi#pig
më#ᴘʀᴇᴘ