si#relpro
ndak#not
si#relpro
me-#TO.DO.... masakhakat#sharia
si#relpro
khut#also
si#relpro
me-#TO.DO.... babe#to.carry ==ne#=3SG
nomokh#number
natam#Natam
men-#ACTIVE.VOICE andai#acquainted.to
khut#participate
ame#mother
tekh-#ABILITATIVE jadi#to.become
niat#intention
khang.tue#PARENTS ==ne#=3SG
me-#TO.DO.... juang#to.struggle
sang#class.person
kane#so
penangkau#pickpocket
enggo#done.(finished)
te#and
[...]--#RDP nyate#clear
akhi#from
khaje#king
khang.tue#PARENTS
ndokhsah#Muslim.house.of.worship
se-#SUPERLATIVE baik#good ne#SUPERLATIVE
wayang#very
men-#CAUSATIVE afsikh#to.interpret -ken#CAUSATIVE
lah#emphasis
si#relpro layakh#sail
ganteng#handsome
sang#class.person
khut#also
sendikhi#alone
si#relpro
madhe#negativizer
si#relpro
bage#such.as
mame#uncle
keluakhge#family
bahwe#that
iye#3sg
buah#one
sesoh#on.arriving
tepat#just.right
nemu#to.be.able.to
anak.khu#GIRL
4-5#4.5
ni-#PAS.TR tukokh#buy ==lah#=FRONTED.ELEMENT
ke-#CHARACTERSTIC.OF gembikh#happy -en#CHARACTERSTIC.OF
angkat#pick.up
negkhi#nation,.country
ni#in,.at.(space)
sendikhi#alone
ni-#TRAN.PAS kakhunia#blessing -i#TRAN.PAS
pesisikh#coast
m-#ACTIVE.VOICE ahan#to.produce
si#relpro layakh#sail
sekali#once
kenin#YOU.(FAMILIAR)
penduduk#citizen
sikel#will
tekh-#ABILITATIVE cape#attain,.reach
sedang#in.the.process.of
endak#not
bakhu#just lah#emphasis
edi#that,.those
nemu#to.be.able.to
hal#thing
ngo#done.(finished)
tadi#just
bagien#part ==ne#=3SG
jabate#position ==ne#=3SG
malet#neg
kane#even.(also)
untuk#for
mampu#to.have
salah.sebuah#ONE.OF
kakhene#because
jume#ricefleld
hadih#THERE
keluki#eagle
bene#lose.something
tebe#TOWARD.(A.PERSON)
alas#alas
ni-#PAS.TR lindung#to.shelter -i#DURATIVE?
khaje#king
gukhu#teacher
sang#class.person
khase#feel,.to
sedih#sad ==ne#=THE
sikel#will
namun#but
ke-#NOMINALIZER lahekh#born -en#NOMINALIZER ==ne#=3SG
se-#ONE kalak#person
tege#merciless
kobo#water.buffalo
sikel#will
ni#in,.at.(space)
gayo#Gayo
ndak#not
bakhu#just
mey-#CAUSATIVE ikham#to.wash -ken#CAUSATIVE
ise#who
[...]-#VARIETY ikhing#to.travel.in.a.group -en#NOMINALIZER
me-#TO.HAVE.... [...]--#PLURAL bulan#month
anak#child
ketang#rotan
ni#in,.at.(space)
te#and
waktu#time
balepetake#calamity
baba#to.carry -i#REPEATEDLY m-#TRANS balik#return.home,.to
abang#brother,.older ==ne#=3SG
kalihen#very
sendikhi#alone
kalak#person
tekun#diligent
kau#2sg
mampu#to.be.capable.of
tanoh#land
si#relpro
untuk#for
si#relpro layakh#sail
ogek#not
mange#yet,.not.yet
si#relpro layakh#sail
te#and
amin#only
balik#return.home,.to
kawin#to.marry
umukh#age
te-#ABILITATIVE jekhang#to.cook
anak#child
aku#1sg
hakhte#wealth
nakan#rice.(cooked)
angote#member
edhi#that,.those
ni-#PAS.TR lajang#single -i#IMPERATIVE
enggo#done.(finished)
ogek#not
ke-#NOMINALIZER khaja#king -en#NOMINALIZER
te-#ABILITATIVE tandok#sit.down,.to me-#TO.HAVE.... sile#cross.legged.position
ate#heart
begedi#like.that
kane#so
sebenakhne#actually
anak#child
pakhah#serious,.severe.(of.problems,.illnesses,.etc)
si#relpro
sikel#will
untuk#for
nangat#desire,.to
khang.tue#PARENTS
peng-#PERSON.WHO.HAS.... uase#power
pakcik#uncle ==ne#=3SG
sebagae#like
nimai#to.wait
ni.mai#to.wait.for
mem-#CAUSATIVE utus#to.be.certain -ken#CAUSATIVE
pekhbuat#to.do
tuan#master
sebuah#one
ende#this
pe-#PERSON.WHO.DOES.... lawat#to.visit
engo#done.(finished)
laki-laki#male
==ne#=3SG
bungki#boat
dhunut#grime ==ne#=THE
baso#yellow
laki-laki#male
pade#on.(of.dates)
salah.sebuah#ONE.OF
te#and
te#and
jahat#evil ==ne#=3SG
kane#even.(also)
ulang#do.not!
ende#this
ng-#ACTIVE.VOICE gakhem#to.search.for
kalak#person
begedi#like.that
ni#in,.at.(space)
betah#to.feel.at.home
ke-#NOMINALIZER khaja#king -en#RECIPRICAL
tawe#laugh,.to cikhem#smile,.to -i#REPEATEDLY
aku#1sg
singkil#Singkil
te#and
khaje#king
sebuah#one
gukhu#teacher
bekhu.dinam#BRU.DINAM
waktu#time
manuk#chicken
benakh#true
kawin#to.marry
iye#3sg
n-#TO.GO.TO.... datas#top
balik#return.home,.to
kau#2sg
sayukh#vegetable -en#VARIETY
==ne#=3SG
lawe#river ==ne#=THE
iye#3sg
setekhusne#continuing
jeme#person
bhekhas#rice.(uncooked.grains)
bhe#to,..toward.(a.place)
oyek#no,.not.(of.nouns)
ke-#CHARACTERSTIC.OF bahagie#happy -en#CHARACTERSTIC.OF
khut#with
sah#legitimate
tipu#trickery daye#energy
ni-#PASS.INTR ingin#to.want -ken#CAUSATIVE
si#relpro
alas#alas
me-#ACTIVE.VOICE khase#feel,.to
hambe#servant
anak.laki#BOY
ke-#NOMINALIZER hebat#great,.formidable -en#RECIPRICAL
madhe#negativizer
balik#return.home,.to ==lah#=FRONTED.ELEMENT
te#and
akhi#from
tanoh#land
bahwe#that
nge-#CAUSATIVE laus#go -ken#CAUSATIVE mece#to.read.holy.books
edi#that,.those
bhe#to,..toward.(a.place)
wakhi#day
kahkhene#because
kalak#person
ni#in,.at.(space)
si#relpro layakh#sail
si#relpro
se-#ONE bage#such.as ==ne#=3SG
dhahi#to.pick.up.(something) -ken#IMPERATIVE
te#and
==ku#=1SG
ciduhken#display,.to
nak#child
usahe#effort
ni-#PASS.INTR laus#go mece#to.read.holy.books -ken#PASS.INTR
de#if
ingin#to.want -ken#TRULY
mem-#ACTIVE.VOICE asti#sure -ken#CAUSATIVE
khut#with
ngo#done.(finished)
ulang#do.not!
sikel#will
wakhi#day
bekhu.dinam#BRU.DINAM
nange#again
ni-#PAS.TR tekhus#to.continue -i#REPEATEDLY
nange#again
uan#father
aku#1sg
kute#city
wakhi#day
tebe#what.happened
nange#again
me-#TO.HAVE.... dalan#road
te#and
selame#the.time.of
te#and
pakcik#uncle
khut#with
kalaki#3mp
anak#child ==ne#=3SG
madhe#negativizer
sikel#intend,.to
ke-#NOMINALIZER khaja#king -en#NOMINALIZER
sebuah#one
de#if
pagi#tomorrow
ni-#PASSIVE khagu#doubtful -ken#PASSIVE
abhang#brother,.older
anak.laki#BOY
niat#intention
woi#woi
mbue#many
si#relpro
oleh#by
apelagi#furthermore
bekhu#wife ==ne#=3SG
ie#3sg
aku#1sg
men-#CAUSATIVE indekh#to.build -ken#CAUSATIVE
si#relpro layakh#sail
malot#neg
licik#cunning
uan#dad -me#EMPHASIS
khut#with
ke-#CHARACTERSTIC.OF biasa#usual -en#CHARACTERSTIC.OF
dukun#shaman
ampun#mercy
pekhtame#first
ende#this
akhi#from
ke-#NOMINALIZER tukhun#TO.GO.DOWN -en#NOMINALIZER
mbue#many
puket#sticky.rice
kekhe#ape
die#while.ago
si#relpro
jeme#person
khut#with
ke-#NOMINALIZER lahekh#born -en#NOMINALIZER
ge#just
ate#heart
acakhe#program,.schedule
hambe#servant
niat#intention
kane#so.that
te#and
mame#uncle
te#and
penduduk#citizen
[...]-#VARIETY buah#fruit -en#VARIETY
si#relpro
ngkhan#Engkeran
sehat#healthy
te#and
baba#to.carry -i#REPEATEDLY m-#TRANS balik#return.home,.to
sedang#in.the.process.of
bekhu#wife
kalak#person
akhikh#the.end ==ne#=THE
ngkhan#Engkeran
kawin#to.marry
pake#wear,.to -en#VARIETY
me-#TO.APPLY.....TO.THE.OBJECT milik#possession -i#TO.APPLY.....TO.THE.OBJECT
meng-#ACTIVE.VOICE embale#shepherd
edi#that,.those
si#relpro
enggi#younger.brother.or.sister ==mu#=2ND.PERSON
bekhite#news
si#relpro layakh#sail
si#relpro
modal#capital
untuk#for
te#and
si#relpro
nawe#spirit
begedi#like.that
kane#so
kane#even.(also)
cinte#love
malet#neg
iye#3sg
khut#with
kate#word -ken#TO.CAUSE.TO.BE.A...
se-#ONE kejap#bline
jumpai#to.find
tanoh#land
ke-#NOMINALIZER hadikh#to.arrive -en#NOMINALIZER
sendah#presently,.nowadays ende#this
kayue#wood
me-#TO.HAVE.... dose#sin
tanya#to.ask
me#to,..toward.(a.place)
tangis#to.cry
natam#Natam
khut#with
ekas#place
pe-#HAVING.TO.DO.WITH... sakhat#condition.(pre.condition) -en#HAVING.TO.DO.WITH...
me-#TO.APPLY.....TO.THE.OBJECT milik#possession -i#TO.APPLY.....TO.THE.OBJECT
uwis#cloth
alas#alas
nemu#to.be.able.to
namun#but
langsung#direct,.non.stop
khut#with ==ne#=3SG
jekhok#conversation ==ne#=3SG
ate#heart
n-#ACTIVE.VOICE ekham#to.kick tunjang#to.lunge
keluki#eagle
ke-#NOMINALIZER teguh#firm -en#NOMINALIZER
khang.tue#PARENTS ==ne#=THE
edhi#that,.those
ng-#ACTIVE.VOICE ulah#behavior
ke-#CHARACTERSTIC.OF jujukh#honest -en#CHARACTERSTIC.OF
nange#again
khut#with
sehinge#with.the.result
untuk#for
bongi#night
pahat#chisel
si#relpro layakh#sail
ahli#expert
me-#TO.DO.... bahan#to.produce
tonge#still
ke-#NOMINALIZER jaya#successful -en#NOMINALIZER
edhi#that,.those
mungkin#maybe
makmukh#prosperous
babai#to.invite ==ne#=THE
deleng#jungle
me-#TO.HAVE.... sekolah#school
[...]--#PLURAL anak#child
kalake#they,.them
peng-#PERSON.WHO.HAS.... uase#power
tepat#just.right
si#relpro
bekhe#nephew ==ne#=3SG
jin#jin
se-#ONE kalak#person
ni-#PAS.TR timai#to.wait.for
engo#done.(finished)
si#relpro layakh#sail
iye#3sg
natam#Natam
si#relpro
babe#to.carry m-#ACTIVE.VOICE balik#return.home,.to -me#POLITE.IMPERATIVE
gayo#Gayo
edi#that,.those
malet#neg
gule#sugar
si#relpro layakh#sail
untuk#for
waktu#time
edi#that,.those
buah#fruit ate#heart
nujum#fortune.teller
khase#feel,.to ==ne#=3SG
tanoh#land
khase#feel,.to
bhone#yesterday
si#relpro
sitok#little.(not.inch)
baik#good
khut#with
kekhan#Engkeran
mampu#to.be.capable.of
edhi#that,.those
padahal#even.though
hal#thing
ie#3sg
sange#until
se.engo#AFTER
te#and
ke-#NOMINALIZER kuasa#power -en#NOMINALIZER
edhi#that,.those
khut#participate
gakham#to.search.for -i#REPEATEDLY
endak#not
si#relpro layakh#sail
ni#in,.at.(space)
ende#this
kue.pe#HOWEVER
si#relpro layakh#sail
edi#that,.those
[...]--#RDP macam#type,.sort
akhi#from
me-#TO.HAVE.... [...]--#RDP deleng#jungle
dapet#get,.receive
khang.tue#PARENTS ==ne#=THE
m-#ACTIVE.VOICE putekh#rotate
pido#request.to.(informally)
wayang#very
si#relpro
edhi#that,.those
khut#with
te#and
iye#3sg
bhaju#clothing ==ku#=1SG
ni#in,.at.(space)
pe-#TO.BE.REGARDED.AS tande#sign
edi#that,.those
tebe#TOWARD.(A.PERSON)
akhi#from
peng-#PERSON.WHO.HAS.... uase#power
aku#1sg
si#relpro
tule#again
ni#in,.at.(space)
iye#3sg
kalak#3mp
mampu#to.be.capable.of
kayu#wood
keluakhge#family
te#and
namun#but
akhi#from
khaje#king
khut#with
kao#you.(hon)
me-#TO.DO.... peluah#let
ni-#PASSIVE kate#word -ken#PASSIVE
sihikh#magic
pakek#to.use
bue#many
te-#ABILITATIVE lantakh#to.cause
tekhus#to.continue
oleh#by
betabe#disaster
bahan#to.produce
waktu#time
telokh#egg
kabakh#news
lah#emphasis
me#for
anak#child
==mu#=2ND.PERSON
edi#that,.those
tebe#TOWARD.(A.PERSON) ==ne#=3SG
malot#neg
laus#to.leave ==lah#=FRONTED.ELEMENT
kekuaten#strength
men-#ACTIVE.VOICE ekhpe#to.strike
meng-#ACTIVE.VOICE angap#to.view.as
si#relpro
bage#such.as
sang#class.person
pengawal#guard
kane#so.that
edi#that,.those
pekhtame#first
mpus#garden
amin#only
si#relpro
mem-#ACTIVE.VOICE babe#to.carry
ni-#PAS.TR bunuh#kill
doe#prayer
angote#member
khut#with
se-#ONE gijap#short.time,.a.moment
malet#neg
ni-#PAS.TR bagi#to.share
saat#time
mame#uncle ==ku#=1SG
kakhang#compose,.write
khut#with
sukhung#to.truly.happen
bekhangkat#depart,.to ==lah#=FRONTED.ELEMENT
anak#child
andinda#younger.sibling
mekh-#TO.DO.... asil#result
adalah#is
anak#child ==ne#=THE
nali#string
lawe#river
gukhu#teacher
negekhi#nation,.country
mame#uncle ==ne#=3SG
si#relpro
[...]--#RDP hewan#animal
soh#until
padahal#even.though
ame#mother
pen-#PERSON.WHO... tekhus#to.continue
dunie#world
si#relpro
khang.tue#PARENTS ==ne#=3SG
mele#embarrassed
madhe#negativizer
bayi#baby
mase#time ==ne#=THE
sang#class.person
enggo#done.(finished)
me-#TO.HAVE.... khiyum#high.emotion
kute#city
macam#type,.sort ==ne#=THE
edhi#that,.those
polisi#police
sistem#system
meng-#ACTIVE.VOICE ekhet#cut,.to
me#to,..toward.(a.place)
madhe#negativizer
tempo.die#PAST.TIME
jeme#person
se-#ONE [...]--#RDP sikel#intend,.to
bumi#earth,.the.world
soh#to.arrive ==lah#=FRONTED.ELEMENT
edi#that,.those
tonge#still
edhi#that,.those
si#relpro layakh#sail
si#relpro layakh#sail
bekhe#nephew ==ku#=1SG
ahli#expert
sekhik#difficult
men-#ACTIVE.VOICE ekhus#to.continue
cuping#ear
tekhus#to.continue
edi#that,.those
[...]--#RDP tanemen#field
pekh-#HAVING.TO.DO.WITH... batas#border,.edge -en#HAVING.TO.DO.WITH...
bekhu#wife
gakham#to.search.for -i#REPEATEDLY
pe-#IMPERATIVE tengkau#to.stab
dapet#get,.receive -i#REPEATEDLY
tule#again
bahwe#that
minum#drink,.to
khate#smooth.(of.surfaces)
ni-#PAS.TR tahan#to.hold.back
sebuah#one
men-#ACTIVE.VOICE bantu#to.help
puket#sticky.rice
dukun#shaman
bekhangkat#depart,.to ==lah#=FRONTED.ELEMENT
ate#heart
ni#in,.at.(space)
me-#TO.DO.... daun#drug,.medicine
ke-#CHARACTERSTIC.OF mejile#pretty.(of.women) -en#CHARACTERSTIC.OF
bahwe#that
oleh#by
hakhte#wealth
si#relpro
jaman.sendah#PRESENT.TIME
tebe#TOWARD.(A.PERSON)
kelak#what.will.come
abhang#brother,.older
soh#to.arrive
peng-#THE.ACT.OF.... kikha#to.think -en#THE.ACT.OF....
kekhan#Engkeran
ampun#mercy
malet#neg
ni#in,.at.(space)
peng-#THE.ACT.OF.... asing#foreign -en#THE.ACT.OF....
kendin#you.(all)
sang#class.person
si#relpro layakh#sail
wakhi#day demi#untuk wakhi#day
laus#go
bali#same
mey-#ACTIVE.VOICE susul#to.organize
pot#to.want
si#relpro layakh#sail
edi#that,.those
khut#with
khimo#tiger
hakhus#must
khut#with
si#relpro
ni-#PAS.TR ato#watch,.look,.see
me-#ACTIVE.VOICE khase#feel,.to
ke-#NOMINALIZER gelisah#worried -en#NOMINALIZER
lebe#first
me#to,..toward.(a.place)
tangis#to.cry
nujum#fortune.teller
lawe#river
me-#TO.DO.... babe#to.carry
si#relpro
tubuh#body ==ne#=3SG
dukun#shaman
te#and
iye#3sg
panggang#grilled
layakh#sail
kane#even.(also)
kalaki#3mp
si#relpro
deyat#rhythm nadi#artery ==ne#=3SG
edhi#that,.those
bakhu#just
tihang#port,.column
siap#prepared,.ready
ke-#NOMINALIZER khoh#come,.to -en#NOMINALIZER
bene#lose.something
khakyat#People
si#relpro
keluakhge#family ==ne#=THE
aceh#Aceh
me-#TO.HAVE.... kehendak#will
bende#to.here
telu#three
m-#TRANS babe#to.carry m-#TRANS balik#return.(go.back)
anak#child
khiwayat#history
ulang#do.not!
bhatu#stone
pepagi#morning ==ne#=THE
ke-#NOMINALIZER tukhun#TO.GO.DOWN -en#NOMINALIZER
wakhi#day
khut#with
te#and
mampu#to.be.capable.of
beliau#3sg.Hon
kami#we.(excludes.the.one.adddressed)
soh#to.arrive
ulang#do.not!
cuping#ear
hanjung#bedroom
edhi#that,.those
ndak#not
sang#class.person
malet#neg
kali#the.time.(that.something.happens) ==ne#=3SG
ketang#rotan
te#and
dikhi#self ==ne#=3SG
alas#alas
bekhat#weight
men-#ACTIVE.VOICE dohokh#to.approach -i#DURATIVE?
si#relpro
men-#ACTIVE.VOICE jadi#to.become
sikel#will
pade#on.(of.dates)
edi#that,.those
edi#that,.those
si#relpro layakh#sail
me-#TO.DO.... pikekh#THINK,.TO
men-#ACTIVE.VOICE jadi#to.become
te#1p
ampun#mercy
se-#ONE kalak#person
pot#to.want
uan#father
ate#heart
takkala#at.the.time
si#relpro
melet#to.intend
sang#class.person
kane#even.(also)
bagi#for
main#to.play
melet#to.intend
mange#yet,.not.yet
ke-#NOMINALIZER khoh#come,.to -en#NOMINALIZER
si#relpro
khencane#plan
si#relpro
bage#such.as
jumpe#meet,.to
tetapi#but
si#relpro
edhi#that,.those
si#relpro layakh#sail
saat#time
sendikhi#alone
sikel#will
tukang#CRAFTSMAN
amek#mother ==ne#=3SG
ahli#expert
te#and
balik#return.home,.to
si#relpro
tetap#to.remain
kado#to.give.a.gift
natam#Natam
edi#that,.those
akhi#from
setekhusne#continuing
ate#heart
anak#child ==ne#=THE
untuk#for
si#relpro
ni-#TRAN.PAS khestu#blessing -i#TRAN.PAS
bakhu#just
ni-#PAS.TR sebut#to.name
me#to,..toward.(a.place) natam#Natam
ingin#to.want
enggo#done.(finished)
te#and
desaken#push
[...]--#REPEATED.ACTION atou#to.look
tekhuh#under ==ne#=3SG
e#that,.those
men-#ACTIVE.VOICE jumpai#to.find
sekolah#school -ken#TO.CAUSE.TO.BE.A...
pemain.sukhi#QUEEN
habis#to.be.out.of
si#relpro
akhi#from
khut#with
jeme#person
bongi#night
men-#ACTIVE.VOICE jajah#to.colonize
tubuh#body
nujum#fortune.teller
due#two
edi#that,.those
ke-#CHARACTERSTIC.OF ganteng#handsome -en#CHARACTERSTIC.OF
engket#enter,.to -i#REPEATEDLY
nange#again
mey-#ACTIVE.VOICE ambut#greet,.to.receive
mate#eye
otomatis#automatic
me-#TO.BE.... tungkuk#arched.back
malet#neg
si#relpro
si#relpro layakh#sail
se-#ONE kalak#person
tule#again
anak#child ==ne#=THE
megah#magnificent
bakhu#new
te#and
men-#ACTIVE.VOICE dapat#get,.receive -ken#CAUSATIVE
mame#uncle ==ne#=3SG
kae#WHAT
peg-#THE.ACT.OF.... ekhok#move,.to -en#THE.ACT.OF.... ==ne#=3SG
masakhakat#community
tihang#port,.column
wakhi#day
ukhus#arrange -en#OBJECT.OF.VERB
tepat#just.right
gakhis#line
enggo#done.(finished)
pade#on.(of.dates)
maksud#meaning
iye#3sg
m#DURATIVE? pangan#eat -i#DURATIVE?
setekhusne#continuing
wakhi#day
aku#1sg
khut#with
se-#ONE sosok#figure
pak#sir
mem-#ACTIVE.VOICE opok#strike,.hit
kane#so
bahan#to.produce -en#OBJECT.OF.VERB
soh#to.arrive ==lah#=FRONTED.ELEMENT
pe-#THE.WAY.OF... takhik#to.pull -ken#THE.WAY.OF... ==ne#=THE
tule#again
si#relpro
kane#so.that
edi#that,.those
tuan#master
tebhu#sugarcane
me#to,..toward.(a.place)
singkil#Singkil
nggou#done.(finished)
namun#but
tanoh#land
muncul#to.appear
pulau.biang#PULAU.BIANG
lebe#portion
kune#HOW?
pade#on.(of.dates)
handhe#here
khaje#king
me#to,..toward.(a.place)
[...]--#RDP uwas#anxiety
me#to,..toward.(a.place)
tule#again
jin#jin
keji#vile
uang#dad
tule#again
keji#vile
khumah#home
metoh#know,.to
men-#TO.GO.TO.... kandung#uterus
cindekh#stand.up,.to
si#relpro
ni#in,.at.(space)
balok#beam
[...]--#PLURAL anak#child ==ne#=3SG
malot#neg
ni#in,.at.(space)
te#and
kase#even.(also)
edhi#that,.those
cekhe#to.divorce
iye#3sg
me-#ACTIVE.VOICE khase#feel,.to
anak.bekhu#GIRL
malet#neg
[...]--#REPEATED.ACTION lompat#jump,.to
si#relpro
kane#so
kalihen#very
tanoh#land
kekade#thing,.item
ni-#PAS.TR tambah#Tambah
bekhite#news
balik#return.home,.to
aman#safe,.secure
wakhi#day
edi#that,.those
untuk#for
pul#after
suke-cite#joy
kakhene#because
tangung.jawab#RESPONSIBILITY
jumpai#to.find
mem-#ACTIVE.VOICE babe#to.carry
made#negativizer khoh#come,.to
bebekhe#niece ==ne#=3SG
galuh#banana
kekhi#finish.off,.to ==ne#=3SG
pahakh#serving.tray
enggi#younger.brother.or.sister ==mu#=2ND.PERSON
malot#neg
aneh#strange
ende#this
ng-#CAUSATIVE gusuk#scrub,.to -ken#CAUSATIVE
ni#in,.at.(space)
kobo#water.buffalo
mbelin#large
babe#to.carry m-#TRANS balik#return.home,.to -me#POLITE.IMPERATIVE
si#relpro
bekhu.dinam#BRU.DINAM
iye#3sg
keluakhge#family
edi#that,.those
kane#even.(also)
si#relpro
sikel#will
saat#time
awe#face ==ne#=THE
edhi#that,.those
lah#emphasis
nanak#children
senang#like,.be.pleased.by ==lah#=FRONTED.ELEMENT
jeme#person
malot#neg
aku#1sg
nakhu#GIRL
segale#all
te#and
pasti#sure
malot#neg
ni-#PAS.TR bunuh#kill ==ne#=3SG
amin#only
untuk#for
si#relpro
kae#WHAT
kabakh#news
kabupaten#county
agup#to.be.capable.of
makcik#aunt
me-#TO.HAVE.... [...]--#RDP tahun#year
adalah#is
edi#that,.those
bekhani#brave
khombong#to.be.a.group -en#OBJECT.OF.VERB
khaje#king
wakhi#day
khumah#home
kami#we.(excludes.the.one.adddressed)
pekh-#HAVING.TO.DO.WITH... batas#border,.edge -en#HAVING.TO.DO.WITH...
endak#not
khombong#to.be.a.group -en#OBJECT.OF.VERB
dekah#old.(of.things) -ne#MEASURE.NOMINALIZER
meng-#TO.APPLY.....TO.THE.OBJECT akhekh#the.end -i#TO.APPLY.....TO.THE.OBJECT
malet#neg
kanda#older.sibling
ge#just
sen#money
me-#TO.HAVE.... page#rice.(plant)
si#relpro
ni-#PAS.TR tumpang#to.somersault kepaling#to.turn
kane#even.(also)
cinte#love
khut#with
tebe#TOWARD.(A.PERSON)
per-#RESULT.OF.VERB gaul#socialize -en#RESULT.OF.VERB
cut#little.(small)
==ne#=3SG
ni-#PAS.TR banding.ken#to.compare
kakhene#because
men-#CAUSATIVE angkat#pick.up -ken#CAUSATIVE
malot#neg
tanoh#land
kekade#thing,.item
mejile#good
hal#thing
edi#that,.those
ni-#PAS.TR dapet#get,.receive
daerah#area
peng-#PERSON.WHO.HAS.... uase#power
pakse#force,.to
sikel#will
ketike#when
untuk#for
mem-#ACTIVE.VOICE babe#to.carry
bakhu#just
senuan#plant
pe#just
daekhah#area ==ne#=THE
khut#participate
ulang#do.not!
sebuah#one
ni-#PASS.INTR lahekh#born -ken#PASS.INTR
si#relpro
si#relpro
kasukh#mattress
te#and
lebe#portion
natam#Natam
laki-laki#male
de#if
si#relpro
tekhagedis#tragic
mey-#ACTIVE.VOICE ebakh#to.spread ==ne#=3SG
sang#class.person
khumah#home
sikel#will
tekhus#to.continue
ntekhen#many.people