name =3ᴍꞮɴII
ѕᴜʙʀ
3ᴀᴜɢ1 ᴄᴀᴜЅ cook =3ᴀᴜɢIS
ᴘᴄꜰʟ.hand =3ᴀᴜɢII
captain
a
child
ѕᴜʙʀ
month
be.1ᴀᴜɢII
moon.
Ʀʟ take =ᴄᴏЅ ɴᴍʟᴢ.ᴘᴄꜰʟ
vowel
because
ᴘᴀЅ see =ᴄᴏЅ also PᴅꞮƦ.YON
money
ѕᴜʙʀ
ᴅᴀᴛ =3ᴍꞮɴII
return
ѕᴜʙʀ
ɴᴇɢ ɴᴍʟᴢ1 wait =3ᴀᴜɢIA ɴᴇɢ
ᴘꜰᴠ
ᴀᴄᴄ =1ᴍꞮɴII
ѕᴜʙʀ
ѕᴜʙʀ
ѕᴜʙʀ
so.then
be.happy =1ᴀᴜɢI
net
Ʀʟ rest =ᴄᴏЅ
ᴍꞮᴅ say .BZ(PDIR.YON)=O(1MINI)
ᴅᴇᴍ2.ᴅɪѕᴛ
and
ꞮƦƦ go =1ᴀᴜɢI
lie PᴅꞮƦ.YON =1ᴀᴜɢI
ᴅᴇᴍ2.ᴅɪѕᴛ
Ʀʟ raise. ᴛƦ =ᴄᴏЅ =3ᴍꞮɴIA
there
they.here
be =1ᴀᴜɢII
creator
3ᴀᴜɢ1 put GᴅꞮƦ.IN PᴅꞮƦ.YON =3ᴀᴜɢIA
3ᴀᴜɢ1 ignite =3ᴀᴜɢIA
3ᴀᴜɢ1 be ᴛƦ GᴅꞮƦ.OUT PᴅꞮƦ.HITHER =3ᴀᴜɢIA
ᴘᴀЅ ᴍꞮᴅ treat.sore
good
ᴘᴄꜰʟ.ʙ&ɢ =3ᴍꞮɴII
man
foreigner
and
all
but
and
ɢᴇɴ1ᴀ =3ᴍꞮɴII
stay ꞮɴᴛЅ PᴅꞮƦ.YON
ꞮƦƦ be
Ʀʟ look ᴅЅᴛƦ =1ᴍꞮɴII
those
midday
3ᴀᴜɢ1 pull GᴅꞮƦ.DOWN PᴅꞮƦ.HITHER =3ᴀᴜɢIA =3ᴍꞮɴIA
Pileni.Is
and
ᴅᴇᴍ2.ᴅɪѕᴛ
place
leader
ᴅᴀᴛ =1ᴍꞮɴII
count =1ᴀᴜɢI
ᴅᴇᴍ2.ᴅɪѕᴛ
ᴍꞮᴅ carry =1ᴀᴜɢI
ɢᴇɴ1ᴀ
PAPAYA.TREE
bush
those
dat=1augII
outside
captain
ɴᴍʟᴢ1 ᴍꞮᴅ call.someone ᴀᴘᴘʟ
head =1ᴍꞮɴII
ꞮƦƦ become.one also PᴅꞮƦ.HITHER
place
3ᴀᴜɢ1 go ꞮɴᴛЅ =ᴄᴏЅ =3ᴀᴜɢIA
ɴᴇɢ bad much just ɴᴇɢ
ɴᴍʟᴢ1 go wrong ɴᴍʟᴢ.ᴘᴄꜰʟ =3ᴀᴜɢII
people
mind
ᴘᴄꜰʟ.rsbl =3ᴀᴜɢII
ᴅᴇᴍ2.ᴅɪѕᴛ
and
so.then
ɴᴍʟᴢ1 teach ɴᴍʟᴢ
ᴘꜰᴠ
be
ѕᴜʙʀ
and
enter ꞮɴᴛЅ PᴅꞮƦ.YON =1ᴀᴜɢI
people
priest
ɢᴇɴ1ᴀ
some
and
moon.
ꞮƦƦ give actually PᴅꞮƦ.YON =3ᴍꞮɴIA
mountain
ɢᴇɴ1ᴀ
a
Naban
ѕᴜʙʀ 3ᴀᴜɢ1 sick =3ᴀᴜɢIS
be.3ᴍɪɴII
ᴀᴄᴄ =1ᴍꞮɴII
stick
Ʀʟ take afterward PᴅꞮƦ.HITHER
3ᴀᴜɢ1 look.for =3ᴀᴜɢIS
JAPAN
then
ѕᴜʙʀ one
ᴅᴇᴍ2.ᴅɪѕᴛ
ᴅᴇᴍ2.ᴅɪѕᴛ
those
here.it.is
ᴅᴇᴍ2.ᴅɪѕᴛ
stand.onto
Ʀʟ thank =ᴄᴏЅ .BZ(PDIR.YON)=O(1MINI)
but
these
AFTER
ѕᴜʙʀ
ѕᴜʙʀ
thing
ᴘꜰᴠ
be.3ᴀᴜɢII.
father =1ᴍꞮɴII
and
ᴘꜰᴠ
but
head
ѕᴜʙʀ
ɴᴍʟᴢ1 ᴄᴀᴜЅ eat ѕᴜʙʀ holy ɴᴍʟᴢ.ᴘᴄꜰʟ =3ᴍꞮɴII
Malay.apple ᴘᴄꜰʟ.drink =1ᴍꞮɴII
ᴛᴘɴʏᴍ
ᴄᴏᴍ.
see =3ᴍꞮɴIA
climb .BZ(PDIR.YON)=O(1MINI)
ᴅᴇᴍ2.ᴅɪѕᴛ
green
ᴘᴄꜰʟ.hand =1ᴀᴜɢII
ᴄᴏᴍ.
know PᴅꞮƦ.YON =3ᴍꞮɴIA
thing
ɴᴍʟᴢ1 make ᴠƦ
ᴘꜰᴠ
ɢᴇɴ1ᴀ =3ᴍꞮɴII
ѕᴜʙʀ
ᴘꜰᴠ
ꞮƦƦ ᴄᴀᴜЅ cover.from.rain ᴀᴘᴘʟ .BZ(PDIR.YON)=O(1MINI)
man
ᴘꜰᴠ
word
ɴᴍʟᴢ1 become ɴᴍʟᴢ.ᴘᴄꜰʟ =1ᴍꞮɴII
ᴘꜰᴠ
mind
ѕᴜʙʀ bad
outrigger
grandfather =3ᴀᴜɢII ᴘʟ
there
3ᴀᴜɢ1 set.out PᴅꞮƦ.HITHER =3ᴀᴜɢIS
lift.up =3ᴍꞮɴIA
be.happy ᴀᴘᴘʟ =2ᴍꞮɴI
way
Ʀʟ.3ᴀᴜɢ fly PᴅꞮƦ.HITHER =3ᴀᴜɢIS
tomorrow
foreigner
this
ɢᴇɴ1ᴀ =1ᴀᴜɢII
ᴘᴄꜰʟ.hand
ᴘꜰᴠ
there
so.then
doctor
spirit
ᴄᴏᴍ.
village
remove GᴅꞮƦ.OUT PᴅꞮƦ.HITHER =1ᴍꞮɴI
a
speaking
ѕᴜʙʀ
ᴛᴘɴʏᴍ
ᴍꞮᴅ say PᴅꞮƦ.YON
Australia
ɢᴇɴ1ᴀ
see =1ᴀᴜɢI
what
a
3ᴀᴜɢ1 dispatch ᴀᴘᴘʟ PᴅꞮƦ.HITHER
prayer
SOUTHERN.CROSS
child
ᴅᴀᴛ =1ᴍꞮɴII
travel GᴅꞮƦ.DOWN PᴅꞮƦ.HITHER =1ᴍꞮɴI
dat=1augII
ɴᴍʟᴢ1 ᴍꞮᴅ remove ɴᴍʟᴢ.ᴘᴄꜰʟ =3ᴀᴜɢII
ɴᴍʟᴢ1 live,.stay ɴᴍʟᴢ.ᴘᴄꜰʟ =1ᴀᴜɢII
Ʀʟ ᴍꞮᴅ draw ᴀᴘᴘʟ =1ᴍꞮɴII
ᴅᴇᴍ2.ᴅɪѕᴛ
ᴘꜰᴠ
boat
Ʀʟ go GᴅꞮƦ.UP =ᴄᴏЅ =1ᴀᴜɢI
and
and
none.;.lack;.none
oversee PᴅꞮƦ.YON =3ᴍꞮɴIA
peacemaker
ᴘꜰᴠ
kill
Bokapwr
Ʀʟ pray =ᴄᴏЅ =3ᴍꞮɴIS
a
Ʀʟ jump GᴅꞮƦ.IN =ᴄᴏЅ
3ᴀᴜɢ1 naked =3ᴀᴜɢIS
ɴᴍʟᴢ1 be GᴅꞮƦ.UP PᴅꞮƦ.YON
there
3ᴀᴜɢ1 sit ᴘʟᴄᴛ =3ᴀᴜɢIA
ɴᴍʟᴢ1 go ɴᴍʟᴢ.ᴘᴄꜰʟ =1ᴀᴜɢII
ɴᴇɢ be ɴᴇɢ
mother.aunt =1ᴀᴜɢII
ᴘꜰᴠ
ᴛᴘɴʏᴍ
all
and
those
word
ѕᴜʙʀ
one
ᴘᴄꜰʟ.ʙ&ɢ =1ᴀᴜɢII
beat
book
ᴍꞮᴅ pick =ᴄᴏЅ =1ᴍꞮɴI
in.fact
but
ɢᴇɴ1ᴀ
ꞮƦƦ work
be ᴛƦ =1ᴍꞮɴI
priest
if
ꞮƦƦ say PᴅꞮƦ.YON =1ᴀᴜɢI
be.like
vowel
ɴᴍʟᴢ1 sick ɴᴍʟᴢ.ᴘᴄꜰʟ =3ᴍꞮɴII
time
request;.ask GᴅꞮƦ.IN ᴀᴘᴘʟ .BZ(PDIR.YON)=O(1MINI) =3ᴍꞮɴIA
ᴅᴇᴍ2.ᴅɪѕᴛ
ѕᴜʙʀ
there
and
first
ɢᴇɴ1ᴀ
ѕᴜʙʀ white
a
both
ᴘꜰᴠ
pull GᴅꞮƦ.DOWN PᴅꞮƦ.HITHER =2ᴀᴜɢI
female
stay,.live,.be first ᴀᴘᴘʟ =1ᴍꞮɴII
not.any.more.at.all
ɢᴇɴ1ᴀ
child
ѕᴜʙʀ
see =1ᴍꞮɴI
root =3ᴍꞮɴII
ᴘꜰᴠ
ѕᴜʙʀ
thing ᴅᴇᴍ2.ᴅɪѕᴛ
ɴᴍʟᴢ1 eat ɴᴍʟᴢ
ѕᴜʙʀ ɴᴍʟᴢ1 do.sorcery =3ᴀᴜɢIS
ɢᴇɴ1ᴀ =3ᴍꞮɴII
go ᴅᴘᴠ PᴅꞮƦ.HITHER
ᴅᴇᴍ1.ᴅɪѕᴛ
ɪᴘꜰᴠ
be.good
army
ᴀᴘᴘʟ =1ᴀᴜɢII
there
Mota
rope
child
ɴᴍʟᴢ1 go ɴᴍʟᴢ.ᴘᴄꜰʟ =3ᴀᴜɢII
ᴍꞮᴅ say PᴅꞮƦ.YON =3ᴍꞮɴIA
friend =3ᴍꞮɴII
Nrrle.vil
ᴅᴀᴛ =1ᴍꞮɴII
uncle.nephew =1ᴀᴜɢII
ѕᴜʙʀ new
a
January
finish GᴅꞮƦ.OUT PᴅꞮƦ.YON =3ᴍꞮɴIS
see =1ᴍꞮɴI
Nea
be.12ᴀᴜɢII
begin
be.1ᴀᴜɢII
put ꞮɴᴛЅ
ɢᴇɴ1ᴀ
ᴘᴄꜰʟ.ʙ&ɢ =3ᴍꞮɴII
boat
ᴅᴀᴛ =3ᴍꞮɴII
Naban
ᴅᴀᴛ =1ᴍꞮɴII
there
Metrkrbade
place
ɴᴍʟᴢ1 be.happy =1ᴀᴜɢI
there
a
afterward =3ᴍꞮɴIS
a
tree
midday
and
ɢᴇɴ1ᴀ
and
ɴᴍʟᴢ1 make ɴᴍʟᴢ.ᴘᴄꜰʟ =1ᴍꞮɴII
song ѕᴜʙʀ holy ᴘʟ
ɢᴇɴ1ᴀ =3ᴍꞮɴII
tree
because
Capernaum
ᴘꜰᴠ
ɴᴇɢ ᴄᴀᴜЅ return PᴅꞮƦ.HITHER =3ᴍꞮɴIA ɴᴇɢ
clear
Ʀʟ ᴍꞮᴅ say =ᴄᴏЅ PᴅꞮƦ.YON
towel
those
bomb
ɴᴍʟᴢ1 ᴍꞮᴅ give ɴᴍʟᴢ.ᴘᴄꜰʟ PᴅꞮƦ.YON =12ᴀᴜɢI
ᴀᴄᴄ =1ᴍꞮɴII
or
ѕᴜʙʀ
man
child
this.way
be.1ᴀᴜɢII
sorry
ɢᴇɴ1ᴀ
ᴅᴀᴛ =3ᴍꞮɴII
those
those
ᴘᴄꜰʟ.ʙ&ɢ =3ᴍꞮɴII
father =1ᴍꞮɴII
because
image
hour
ɴᴇɢ ɴᴍʟᴢ1 see =ᴄᴏЅ =3ᴀᴜɢIA ɴᴇɢ
body =3ᴍꞮɴII
fear =1ᴀᴜɢI
Nemya'.
travel PᴅꞮƦ.HITHER
ѕᴜʙʀ 3ᴀᴜɢ1 big
so.then
gather
ɴᴇɢ long ɴᴇɢ
travel PᴅꞮƦ.HITHER =3ᴍꞮɴIA
current
ѕᴜʙʀ
and
but
and
Vanuatu
ѕᴜʙʀ
Naplosx
be.1ᴀᴜɢII
3ᴀᴜɢ1 worship =3ᴀᴜɢIA
ɴᴍʟᴢ1 food.parcel ɴᴍʟᴢ
miracle
ɴᴍʟᴢ1 marry ɴᴍʟᴢ.ᴘᴄꜰʟ =1ᴍꞮɴII
ѕᴜʙʀ big
ѕᴜʙʀ
go
ɴᴍʟᴢ1 big =ᴄᴏЅ ɴᴍʟᴢ.ᴘᴄꜰʟ =1ᴍꞮɴII
ᴘᴄꜰʟ.hand =3ᴍꞮɴII
and
ᴘᴀЅ carve GᴅꞮƦ.IN ᴀᴘᴘʟ =3ᴍꞮɴII
ʀᴇꜰʟ
ɴᴍʟᴢ1 school ᴀᴘᴘʟ
ɴᴍʟᴢ1 ᴄᴀᴜЅ hang GᴅꞮƦ.UP again =3ᴀᴜɢIA
and
ᴅᴇᴍ2.ᴅɪѕᴛ
thank ꞮɴᴛЅ .BZ(PDIR.YON)=O(1MINI)
ᴅᴇᴍ1.ᴅɪѕᴛ
child
one
ɢᴇɴ1ᴀ
ɢᴇɴ1ᴀ =1ᴀᴜɢII ᴘʟ
Nemya'.
Ʀʟ travel ꞮɴᴛЅ ᴀᴘᴘʟ just
sound;.voice,.word
ѕᴜʙʀ
word
head
high
ɴᴍʟᴢ1 ᴄᴀᴜЅ fly ɴᴍʟᴢ.ᴘᴄꜰʟ =1ᴀᴜɢII
ᴄᴏᴍ.
ɴᴍʟᴢ1 obey ɴᴍʟᴢ.ᴘᴄꜰʟ =3ᴀᴜɢII
3ᴀᴜɢ1 take ᴛƦ PᴅꞮƦ.HITHER =3ᴀᴜɢIS
ᴅᴇᴍ2.ᴅɪѕᴛ
wind
coconut
be.1ᴀᴜɢII
Фɴᴛ.Ѕɢ
because
ᴅᴇᴍ1.ᴅɪѕᴛ
and
pineapple
NEW.ZEALAND
set.out PᴅꞮƦ.HITHER =1ᴀᴜɢII
ɴᴇɢ drink ɴᴇɢ
ᴘᴀЅ embrace ꞮɴᴛЅ GᴅꞮƦ.OUT also PᴅꞮƦ.HITHER
there
ᴅᴇᴍ2.ᴅɪѕᴛ
go =1ᴀᴜɢI
boat
course
and
house
ɴᴍʟᴢ1 speak ɴᴍʟᴢ.ᴘᴄꜰʟ =2ᴍꞮɴII
swamp
ship
ѕᴜʙʀ
ᴘᴄꜰʟ.ʙ&ɢ =1ᴀᴜɢII
food
there
those
Anuta.Is
Ʀʟ.3ᴀᴜɢ see =ᴄᴏЅ =3ᴀᴜɢIA
God
village
pineapple
ᴘᴄꜰʟ.inherent =3ᴍꞮɴII
ᴘꜰᴠ
heart ɢᴇɴ1ᴀ
school
and
a
good
ѕᴜʙʀ
ᴀᴄᴄ =1ᴍꞮɴII
bomb
boat
ship
thing
water
miracle
war
Ʀʟ.3ᴀᴜɢ sorry =ᴄᴏЅ ᴀᴘᴘʟ
ᴘꜰᴠ
ɴᴍʟᴢ1 shoot UᴅꞮƦ.PATH GᴅꞮƦ.OUT ɴᴍʟᴢ
look ᴀᴘᴘʟ ᴘʟᴄᴛ =3ᴍꞮɴIA
be.3ᴀᴜɢII.
ᴅᴀᴛ =3ᴍꞮɴII
man
god
a
jump GᴅꞮƦ.IN =1ᴀᴜɢI
Ʀʟ ᴍꞮᴅ tell =ᴄᴏЅ PᴅꞮƦ.HITHER =3ᴍꞮɴIS
Ʀʟ enter =ᴄᴏЅ
ᴘꜰᴠ
and
ᴀᴄᴄ =1ᴍꞮɴII
and
Ʀʟ.3ᴀᴜɢ hurry UᴅꞮƦ.PATH GᴅꞮƦ.DOWN =ᴄᴏЅ =3ᴀᴜɢIA
and
ѕᴜʙʀ
SENIOR
Ʀʟ sail ᴅЅᴛƦ =ᴄᴏЅ
maybe;.I.think
doorway
ѕᴜʙʀ big
place
ᴅᴇᴍ1.ᴅɪѕᴛ
a
3ᴀᴜɢ1 go PᴅꞮƦ.YON =3ᴀᴜɢIS
chicken;.bird
and
ѕᴜʙʀ
ᴀᴄᴄ =1ᴍꞮɴII
child
ɴᴇɢ be =3ᴍꞮɴIS ɴᴇɢ
ɢᴇɴ1ᴀ
ѕᴜʙʀ
ɴᴍʟᴢ1 ᴍꞮᴅ dream ɴᴍʟᴢ.ᴘᴄꜰʟ =1ᴍꞮɴII
ɢᴇɴ1ᴀ
ᴍꞮᴅ say PᴅꞮƦ.YON
ᴘꜰᴠ
time
house
Ʀʟ go =ᴄᴏЅ PᴅꞮƦ.HITHER
ɪᴘꜰᴠ
ᴄᴏᴍ. =3ᴀᴜɢII
demon
mind =3ᴍꞮɴII
cry =ᴄᴏЅ
dance.ring
ᴍꞮᴅ be cause PᴅꞮƦ.HITHER =3ᴍꞮɴIS
Ʀʟ do =3ᴍꞮɴIA
ᴅᴇᴍ2.ᴅɪѕᴛ
ѕᴜʙʀ
fire
ᴄᴏᴍ.
but
village
group
group
year
ɢᴇɴ1ᴀ =3ᴍꞮɴII
Ʀʟ be
rain
child
ɴᴇɢ wet =1ᴀᴜɢI ɴᴇɢ
ѕᴜʙʀ
and
Ʀʟ do
be.3ᴍɪɴII
child
go PᴅꞮƦ.HITHER =3ᴍꞮɴIS
back.part =3ᴍꞮɴII
ᴘᴄꜰʟ.rsbl =1ᴀᴜɢII
Simon
some
ɴᴍʟᴢ1 ᴄᴀᴜЅ fly ɴᴍʟᴢ.ᴘᴄꜰʟ =3ᴍꞮɴII
ᴅᴇᴍ2.ᴅɪѕᴛ
and
cyclone
ᴅᴇᴍ2.ᴅɪѕᴛ
ѕᴜʙʀ
child
Solomon.Islands
island
be.schooled
Lord
Pileni.Is
egg
3ᴀᴜɢ1 fight =3ᴀᴜɢIS
war
and
SOUTHERN.CROSS
Ʀʟ take =ᴄᴏЅ
God
3ᴀᴜɢ1 shoot UᴅꞮƦ.PATH GᴅꞮƦ.OUT again =3ᴀᴜɢIA
house
be hidden ᴀᴘᴘʟ =1ᴀᴜɢII
a
powerful ꞮɴᴛЅ GᴅꞮƦ.OUT
ꞮƦƦ pray .BZ(PDIR.YON)=O(1MINI)
fence
ᴘᴄꜰʟ.rsbl =3ᴍꞮɴII ᴘʟ
ɢᴇɴ1ᴀ
dat=1augII
things =3ᴀᴜɢII
ɴᴇɢ ᴘᴀЅ prison ɴᴇɢ
ɴᴍʟᴢ1 roasted.greens.on.stone
because
none.;.lack;.none
how
ѕᴜʙʀ
Ʀʟ live =1ᴍꞮɴI
doorway
ꞮƦƦ ᴍꞮᴅ peel ᴀᴘᴘʟ =1ᴀᴜɢII
ɴᴍʟᴢ1 give GᴅꞮƦ.OUT PᴅꞮƦ.HITHER =3ᴀᴜɢIA
ᴅᴀᴛ =3ᴍꞮɴII
ɴᴇɢ ꞮƦƦ be =ᴄᴏЅ ɴᴇɢ
chicken;.bird
hear =1ᴀᴜɢI
and
ɢᴇɴ1ᴀ =3ᴀᴜɢII
start again =1ᴀᴜɢI
ѕᴜʙʀ
again
ᴀᴄᴄ =1ᴍꞮɴII
female
ꞮƦƦ be
and
Michael
ᴘʀᴇᴘ back.part
ɴᴍʟᴢ1 walk ɴᴍʟᴢ
ᴘꜰᴠ
but
3ᴀᴜɢ1 recognize =3ᴀᴜɢIA
ѕᴜʙʀ
fire
ɢᴇɴ1ᴀ
Ʀʟ stand.up PᴅꞮƦ.HITHER
child
ᴘᴄꜰʟ.ʙ&ɢ =3ᴀᴜɢII
and
reach PᴅꞮƦ.HITHER =3ᴍꞮɴIA
life
village
ɴᴍʟᴢ1 worship ɴᴍʟᴢ.ᴘᴄꜰʟ =3ᴀᴜɢII
head
Ʀʟ.3ᴀᴜɢ choose =ᴄᴏЅ =3ᴀᴜɢIA
year
HOG.PLUM.FRUIT
start
army
ѕᴜʙʀ
ᴅᴀᴛ =1ᴍꞮɴII
ѕᴜʙʀ
Ʀʟ.3ᴀᴜɢ take ᴛƦ =3ᴀᴜɢIS
mountain
be.1ᴀᴜɢII
ᴄᴏᴍ.
Ming.aralia.greens
JUNE
meat
be.1ᴀᴜɢII
man
name =3ᴍꞮɴII
start
3ᴀᴜɢ1 want
ᴏƦᴅ two
ᴅᴇᴍ2.ᴅɪѕᴛ
and
two;.couple
blood
foreigner
ᴘꜰᴠ
be.1ᴀᴜɢII
ᴍꞮᴅ say PᴅꞮƦ.YON =3ᴍꞮɴIA
but
and
no care.about ɴᴇɢ
ᴀᴄᴄ =1ᴍꞮɴII
be.3ᴀᴜɢII.
mat
man
ᴀᴛ.фɴᴛ.ᴘʟ.ᴘʟ
Ʀʟ ᴍꞮᴅ say =ᴄᴏЅ =1ᴍꞮɴI
ѕᴜʙʀ ɴᴍʟᴢ1 be famine =3ᴀᴜɢIS
BOW.TREE
ɢᴇɴ1ᴀ
hour
God
child
ᴘꜰᴠ
village
head =3ᴀᴜɢII
they.here
here
ᴘᴄꜰʟ.rsbl =3ᴀᴜɢII ᴘʟ
coconut
ᴘᴄꜰʟ.ʙ&ɢ =3ᴀᴜɢII
Ʀʟ.3ᴀᴜɢ throw.away ᴀᴘᴘʟ
be.3ᴍɪɴII
and
ɴᴍʟᴢ1 speak be.happy ᴀᴘᴘʟ
cloth
ᴅᴇᴍ2.ᴅɪѕᴛ
hold.(in.hand) =2ᴍꞮɴI
ᴅᴇᴍ1.ᴅɪѕᴛ
and
and
ᴅᴇᴍ2.ᴅɪѕᴛ
child
priest
go PᴅꞮƦ.YON =1ᴀᴜɢI
be.2ᴍɪɴII
stand
lose GᴅꞮƦ.UP PᴅꞮƦ.HITHER
enter.in =1ᴍꞮɴI
ᴅᴇᴍ2.ᴅɪѕᴛ
ɴᴍʟᴢ1 be not.have;.none.anymore ɴᴍʟᴢ.ᴘᴄꜰʟ
ᴘꜰᴠ
coconut
war good
Ʀʟ take.leave.of. Ʀᴇꜰʟ =ᴄᴏЅ =1ᴀᴜɢI
ᴅᴇᴍ2.ᴅɪѕᴛ
those
be.like
wooden.stick.for.marinading.hot.pudding
ᴄᴏᴍ.
forbid ᴀᴘᴘʟ PᴅꞮƦ.YON
base
all
Sunday
be only
3ᴀᴜɢ1 go GᴅꞮƦ.IN PᴅꞮƦ.YON =3ᴀᴜɢIS
Ʀʟ.3ᴀᴜɢ speak ᴀᴘᴘʟ =ᴄᴏЅ PᴅꞮƦ.HITHER
ᴅᴇᴍ2.ᴅɪѕᴛ
there
Ʀʟ.3ᴀᴜɢ rule;.rule =3ᴀᴜɢIA
thing
ᴘꜰᴠ
ѕᴜʙʀ
ᴘᴄꜰʟ.ʙ&ɢ
ѕᴜʙʀ
Ʀʟ do.slowly;.slow ᴀᴘᴘʟ
ѕᴜʙʀ
ᴘᴄꜰʟ.hand =3ᴀᴜɢII
Ʀʟ.3ᴀᴜɢ travel =ᴄᴏЅ =3ᴀᴜɢIS
go ᴅᴘᴠ GᴅꞮƦ.DOWN =3ᴍꞮɴIA
ƦᴘƦɴ2 ᴅᴇᴍ1.ᴘʀᴏχ
ᴅᴇᴍ2.ᴅɪѕᴛ
be.struck =3ᴀᴜɢIS
breadfruit
they.here
ENGLAND
there
stay GᴅꞮƦ.UP also PᴅꞮƦ.YON =3ᴍꞮɴIS
Ʀʟ fish =ᴄᴏЅ
JAPAN
first
daylight
ᴘᴄꜰʟ.hand =3ᴍꞮɴII
ᴘᴄꜰʟ.ʙ&ɢ =3ᴍꞮɴII
person
demon
Ʀʟ lead.from.front;.walk PᴅꞮƦ.YON
a
these
ѕᴜʙʀ
year
ѕᴜʙʀ
ᴅᴇᴍ2.ᴅɪѕᴛ
ꞮƦƦ believe =3ᴍꞮɴIA
chest
house
Wia
only
see =1ᴀᴜɢI
ᴅᴇᴍ2.ᴅɪѕᴛ
mind
ꞮƦƦ ᴄᴀᴜЅ go PᴅꞮƦ.HITHER =3ᴍꞮɴIA
image
man
money
do.not
basket
long ꞮɴᴛЅ
be also =3ᴍꞮɴII
ᴍꞮᴅ say PᴅꞮƦ.HITHER =3ᴍꞮɴIA
Ʀʟ go =ᴄᴏЅ =1ᴍꞮɴI
ꞮƦƦ go =3ᴍꞮɴIS
child
disagree
USA,.AMERICA
ᴛᴘɴʏᴍ
morning
thing
ᴅᴇᴍ2.ᴅɪѕᴛ
BEAUTIFUL
ᴅᴇᴍ2.ᴅɪѕᴛ advrs =3ᴀᴜɢIS
break GᴅꞮƦ.UP PᴅꞮƦ.HITHER =3ᴍꞮɴIA
thing
and
oh!
early.evening
Ʀʟ.3ᴀᴜɢ go =ᴄᴏЅ
room
jump GᴅꞮƦ.DOWN quickly;.quick =2ᴀᴜɢI
be.3ᴍɪɴII
ᴅᴀᴛ =3ᴍꞮɴII
Ʀʟ call =ᴄᴏЅ PᴅꞮƦ.YON =3ᴍꞮɴIA
father =1ᴍꞮɴII
there
ѕᴜʙʀ
ᴅᴇᴍ1.ᴅɪѕᴛ
female
Ʀʟ sick
ship
those
ɴᴍʟᴢ1 call ɴᴍʟᴢ.ᴘᴄꜰʟ =1ᴍꞮɴII
Ʀʟ ᴍꞮᴅ say =ᴄᴏЅ .BZ(PDIR.YON)=O(1MINI)
ɴᴍʟᴢ1 awaken ɴᴍʟᴢ.ᴘᴄꜰʟ =.MQ(PDIR.HITHER)=Q(2MINI)
ѕᴜʙʀ
and
Isabel
ᴅᴇᴍ2.ᴅɪѕᴛ
Bznwz.vil
call.someone =3ᴍꞮɴIA
thing
ɴᴍʟᴢ1 make ɴᴍʟᴢ.ᴘᴄꜰʟ
day
ᴘᴄꜰʟ.hand =3ᴀᴜɢII
ᴅᴇᴍ2.ᴅɪѕᴛ
things
lie =2ᴍꞮɴI
ѕᴜʙʀ
crying
ᴘᴄꜰʟ.hand =3ᴀᴜɢII
ᴅᴇᴍ2.ᴅɪѕᴛ
head
but
3ᴀᴜɢ1 be =3ᴀᴜɢIA
said again PᴅꞮƦ.HITHER =3ᴍꞮɴIA
and
and
stay GᴅꞮƦ.OUT
ѕᴜʙʀ one
mountain
ᴅᴇᴍ2.ᴅɪѕᴛ
foot =3ᴍꞮɴII
hear PᴅꞮƦ.YON =1ᴀᴜɢI
ᴘᴄꜰʟ.ʙ&ɢ =3ᴀᴜɢII
if
a
ѕᴜʙʀ
ᴘᴄꜰʟ.rsbl =3ᴀᴜɢII
go GᴅꞮƦ.IN =1ᴀᴜɢI
ɴᴍʟᴢ1 serve =3ᴀᴜɢIS
ᴅᴀᴛ =3ᴍꞮɴII
ѕᴜʙʀ white
ɢᴇɴ1ᴀ
ᴍꞮᴅ exchange also =1ᴍꞮɴI
3ᴀᴜɢ1 cook =3ᴀᴜɢIS
Ʀʟ hear =ᴄᴏЅ =1ᴍꞮɴI
ɴᴍʟᴢ1 teach ɴᴍʟᴢ
ѕᴜʙʀ
child
Lwovz
ᴘᴀЅ thank ꞮɴᴛЅ PᴅꞮƦ.HITHER
ᴘꜰᴠ
ɴᴍʟᴢ1 release ɴᴍʟᴢ.ᴘᴄꜰʟ .BZ(PDIR.YON)=O(1MINI)
here
ᴅᴇᴍ2.ᴅɪѕᴛ
be.1ᴀᴜɢII
jump =1ᴀᴜɢI
ѕᴜʙʀ
word
but
sea
ɴᴍʟᴢ1 eat ɴᴍʟᴢ
ᴘꜰᴠ
ᴘᴀЅ ᴍꞮᴅ say PᴅꞮƦ.YON
ѕᴜʙʀ white
ᴀᴄᴄ =1ᴍꞮɴII
breadfruit
Ʀʟ eat =ᴄᴏЅ =3ᴍꞮɴIA
because
Ʀʟ ᴍꞮᴅ say =3ᴍꞮɴIA
put.into PᴅꞮƦ.YON =1ᴀᴜɢI
ɴᴍʟᴢ1 be.happy always ᴀᴘᴘʟ
Ʀʟ pray =ᴄᴏЅ =3ᴍꞮɴIS
and
father =3ᴍꞮɴII
ɴᴍʟᴢ1 become ɴᴍʟᴢ.ᴘᴄꜰʟ =1ᴍꞮɴII
thing
be.schooled
arrow
peace
some
ᴅᴇᴍ2.ᴅɪѕᴛ
Ʀʟ leave =ᴄᴏЅ ᴀᴘᴘʟ PᴅꞮƦ.HITHER =1ᴀᴜɢII
a
ᴄᴀᴜЅ sit =3ᴍꞮɴIA
Guadalcanal
be.1ᴀᴜɢII
ᴍꞮᴅ say PᴅꞮƦ.HITHER =3ᴍꞮɴIA
neck =2ᴍꞮɴII
school
ᴘꜰᴠ
ɴᴍʟᴢ1 look ᴛƦ GᴅꞮƦ.UP ɴᴍʟᴢ.ᴘᴄꜰʟ =3ᴀᴜɢII =3ᴍꞮɴIA
ѕᴜʙʀ
and
but
here
ACC.2augᵢᵢ
mind =1ᴍꞮɴII
there.it.is
things.of
ѕᴜʙʀ
ᴘꜰᴠ
John
be.1ᴀᴜɢII
and
complete .BZ(PDIR.YON)=O(1MINI)
Fiu,.Malaita
ᴏƦᴅ three
ᴍꞮᴅ say PᴅꞮƦ.YON =3ᴍꞮɴIA
be.1ᴀᴜɢII
and
Pawa.school
sick ꞮɴᴛЅ
ѕᴜʙʀ be.like =3ᴍꞮɴIA
all
PALM.FERN
Ʀʟ speak WHISPERINGLY =ᴄᴏЅ PᴅꞮƦ.YON
float GᴅꞮƦ.IN PᴅꞮƦ.HITHER
ѕᴜʙʀ
ѕᴜʙʀ
and
ᴛᴘɴʏᴍ
a
thing
and
those
Ʀʟ.3ᴀᴜɢ decorate =3ᴍꞮɴIA
Ʀʟ nine
ɴᴍʟᴢ1 make ɴᴍʟᴢ.ᴘᴄꜰʟ
be =1ᴀᴜɢI
name
and
thing
nose.shell
female
ᴅᴇᴍ1.ᴅɪѕᴛ =ᴄᴏЅ
ɴᴍʟᴢ1 ᴍꞮᴅ take ɴᴍʟᴢ.ᴘᴄꜰʟ =3ᴀᴜɢII
ᴅᴇᴍ2.ᴅɪѕᴛ
ѕᴜʙʀ one
ᴀᴄᴄ =1ᴍꞮɴII
Yc.village
ɴᴍʟᴢ1 make ɴᴍʟᴢ.ᴘᴄꜰʟ =3ᴍꞮɴII
mind =1ᴍꞮɴII
wooden.bowl
field
ɢᴇɴ1ᴀ
thing
be =1ᴀᴜɢII
dawn
and
ᴅᴇᴍ2.ᴅɪѕᴛ
coconut
gust
mind =3ᴍꞮɴII
and
ѕᴜʙʀ big
ɴᴍʟᴢ1 ᴄᴀᴜЅ lean ᴛƦ ɴᴍʟᴢ.ᴘᴄꜰʟ
ѕᴜʙʀ destroy
kumara
group
wart
month
girl
boat
child
ɢᴇɴ1ᴀ
MOVIE
gun
book
ѕᴜʙʀ
ᴘꜰᴠ
Ʀʟ.3ᴀᴜɢ return =ᴄᴏЅ again PᴅꞮƦ.HITHER =3ᴀᴜɢIS
ɢᴇɴ1ᴀ =3ᴍꞮɴII
walking.stick
ᴅᴇᴍ2.ᴅɪѕᴛ
ᴅᴇᴍ2.ᴅɪѕᴛ
ѕᴜʙʀ
rope
ѕᴜʙʀ make =3ᴍꞮɴIA
together ᴘʟ
room
ᴘᴀЅ destroy ᴛƦ
ᴘꜰᴠ
ᴅᴇᴍ1.ᴅɪѕᴛ
a
dat=3augII
ᴘᴄꜰʟ.food =1ᴀᴜɢII
year
HOG.PLUM.FRUIT
but
ᴍꞮᴅ say .BZ(PDIR.YON)=O(1MINI)
ᴅᴇᴍ2.ᴅɪѕᴛ
week
be ᴛƦ =1ᴍꞮɴI
Nea
moon.
ɴᴇɢ forbid ᴀᴘᴘʟ just =3ᴍꞮɴIA ɴᴇɢ
so.then
war
ɴᴇɢ work =ᴄᴏЅ ɴᴇɢ
Catholic
tree ngalinut
3ᴀᴜɢ1 ᴄᴀᴜЅ burn ᴛƦ ᴀᴘᴘʟ =3ᴀᴜɢII
but
man
ᴅᴇᴍ2.ᴅɪѕᴛ
time
collect together =1ᴀᴜɢI
BEAUTIFUL
ᴅᴇᴍ2.ᴅɪѕᴛ
a
ᴅᴇᴍ2.ᴅɪѕᴛ
church.building
thing
baptised =1ᴀᴜɢI
work ᴛƦ ꞮɴᴛЅ PᴅꞮƦ.YON =1ᴍꞮɴI.ᴄᴍʙ
Malay.apple
ѕᴜʙʀ enter
ᴅᴇᴍ2.ᴅɪѕᴛ
ᴅᴇᴍ1.ᴘʀᴏχ
ѕᴜʙʀ big
a
and
ᴄᴏᴍ.
ѕᴜʙʀ big
ѕᴜʙʀ
word
Ʀʟ strong
ɴᴍʟᴢ1 be.schooled ɴᴍʟᴢ.ᴘᴄꜰʟ =1ᴀᴜɢII
and
Reef.Is
and
time
and
ꞮƦƦ be
water
ᴘᴀЅ whip just
=1ᴀᴜɢI
ɴᴍʟᴢ1 speak ɴᴍʟᴢ.ᴘᴄꜰʟ
useless ᴛƦ ꞮɴᴛЅ GᴅꞮƦ.IN
these
some
ɴᴍʟᴢ1 take GᴅꞮƦ.IN ɴᴍʟᴢ.ᴘᴄꜰʟ
ᴘꜰᴠ
there
that.one
ѕᴜʙʀ
food
ᴅᴇᴍ2.ᴅɪѕᴛ
single.house
ᴘꜰᴠ
3ᴀᴜɢ1 enter.in again PᴅꞮƦ.HITHER
ᴘᴄꜰʟ.ʙ&ɢ
and
sorcerers
ᴘꜰᴠ
leader
ɢᴇɴ1ᴀ
go UᴅꞮƦ.PATH =ᴄᴏЅ PᴅꞮƦ.YON =1ᴀᴜɢI
ᴅᴇᴍ2.ᴅɪѕᴛ
time
Ʀʟ fork ᴀᴘᴘʟ =3ᴍꞮɴII
those
ᴘꜰᴠ
ƦᴘƦɴ2 ᴘᴄꜰʟ.rsbl =3ᴀᴜɢII
ѕᴜʙʀ
bomb
ɢᴇɴ1ᴀ
here
ᴅᴇᴍ2.ᴅɪѕᴛ
ɴᴍʟᴢ1 live,.stay ɴᴍʟᴢ.ᴘᴄꜰʟ =1ᴀᴜɢII
year
ᴘᴄꜰʟ.drink =3ᴀᴜɢII
January
3ᴀᴜɢ1 scream ᴅᴘᴠ =3ᴀᴜɢIA
image =3ᴍꞮɴII
ѕᴜʙʀ
name =3ᴍꞮɴII
Ʀʟ be.like
ᴅᴇᴍ1.ᴅɪѕᴛ
Ʀʟ.3ᴀᴜɢ go ᴀᴘᴘʟ PᴅꞮƦ.HITHER =3ᴀᴜɢIS
first
small
be.1ᴀᴜɢII
wave
return PᴅꞮƦ.HITHER =3ᴍꞮɴIA
Ʀʟ baptised ᴀᴘᴘʟ =1ᴀᴜɢII
ᴛᴘɴʏᴍ
ᴅᴇᴍ2.ᴅɪѕᴛ
ѕᴜʙʀ
ɴᴍʟᴢ1 walk ɴᴍʟᴢ.ᴘᴄꜰʟ =3ᴀᴜɢII
sleep
many ꞮɴᴛЅ =ᴄᴏЅ
school
ɴᴇɢ ᴄᴀᴜЅ return GᴅꞮƦ.OUT PᴅꞮƦ.HITHER =3ᴍꞮɴIA ɴᴇɢ
child
ɴᴇɢ see =3ᴍꞮɴIA ɴᴇɢ
first
ᴄᴀᴜЅ be.distributed.evenly =3ᴍꞮɴIA
ᴘᴄꜰʟ.hand =1ᴀᴜɢII
thing
travel ᴀᴘᴘʟ again =1ᴀᴜɢI
fish
ѕᴜʙʀ
rain
man
Ʀʟ pray ᴀᴘᴘʟ =1ᴀᴜɢII
ɴᴍʟᴢ1 quickly;.quick ꞮɴᴛЅ just
school
strike SHATTER
those
ѕᴜʙʀ
Ʀʟ.3ᴀᴜɢ see =ᴄᴏЅ
be.1ᴀᴜɢII
priest
ᴘꜰᴠ
ᴛᴘɴʏᴍ
ѕᴜʙʀ
child
soap
none.;.lack;.none
and
Ʀʟ go =STILL
destroy
ᴘᴄꜰʟ.ʙ&ɢ =1ᴀᴜɢII
ɢᴇɴ1ᴀ =3ᴍꞮɴII
ѕᴜʙʀ
depart GᴅꞮƦ.OUT =1ᴍꞮɴI
travel PᴅꞮƦ.HITHER =1ᴍꞮɴI.ᴄᴍʙ
daylight
Ʀʟ untie =1ᴀᴜɢI
Malaita
boat
and
because
ᴅᴇᴍ2.ᴅɪѕᴛ
place
and
NPROP
man
village
mind =3ᴍꞮɴII
so.then
ᴅᴇᴍ2.ᴅɪѕᴛ
Ʀʟ stay GᴅꞮƦ.DOWN PᴅꞮƦ.HITHER =3ᴍꞮɴIS
reach PᴅꞮƦ.HITHER =3ᴍꞮɴIA
ᴘꜰᴠ
demon
ɴᴍʟᴢ1 ᴍꞮᴅ remove ɴᴍʟᴢ
3ᴀᴜɢ1 see GᴅꞮƦ.DOWN PᴅꞮƦ.HITHER =3ᴀᴜɢIA
time
week
boundary
ᴅᴇᴍ2.ᴅɪѕᴛ
ᴅᴇᴍ2.ᴅɪѕᴛ
ᴅᴇᴍ2.ᴅɪѕᴛ
ɴᴍʟᴢ1 ᴍꞮᴅ carve ɴᴍʟᴢ.ᴘᴄꜰʟ PᴅꞮƦ.YON =3ᴍꞮɴIA
Ʀʟ.3ᴀᴜɢ reach =ᴄᴏЅ afterward =3ᴀᴜɢIA
wife
ᴅᴇᴍ2.ᴅɪѕᴛ
and
January
and
Ʀʟ gather GᴅꞮƦ.OUT ᴀᴘᴘʟ PᴅꞮƦ.HITHER
early.evening
pigeon.
ten
road
ѕᴜʙʀ
ᴘᴄꜰʟ.ʙ&ɢ
chicken;.bird
and
ѕᴜʙʀ 3ᴀᴜɢ1 little
ᴅᴀᴛ =1ᴍꞮɴII
spirit
and
ꞮƦƦ hang ꞮɴᴛЅ GᴅꞮƦ.DOWN PᴅꞮƦ.HITHER
cross
ɴᴍʟᴢ1 bang.against ᴛƦ GᴅꞮƦ.OUT ɴᴍʟᴢ.ᴘᴄꜰʟ
place
ѕᴜʙʀ new
a
rain
ѕᴜʙʀ
do.not
night
blood
ѕᴜʙʀ
ѕᴜʙʀ
rope
because
ᴀᴛ.фɴᴛ.ᴘʟ.ᴘʟ
doctor
ᴅᴇᴍ2.ᴅɪѕᴛ
ᴛᴘɴʏᴍ
reach PᴅꞮƦ.YON =1ᴀᴜɢI
write GᴅꞮƦ.DOWN =3ᴍꞮɴIA
ѕᴜʙʀ big
be.schooled
a
sick ꞮɴᴛЅ
lying.down =1ᴍꞮɴI
ɢᴇɴ1ᴀ =1ᴀᴜɢII
night
monk
and
word =3ᴍꞮɴII
demon
ɴᴍʟᴢ1 shake. ᴛƦ ɴᴍʟᴢ.ᴘᴄꜰʟ
elders
little
and
word =3ᴍꞮɴII
these
ɢᴇɴ1ᴀ
time
ᴘᴄꜰʟ.ʙ&ɢ =3ᴀᴜɢII
so.then
ᴅᴇᴍ2.ᴅɪѕᴛ
gun
and
and
ɴᴍʟᴢ1 enter.in ɴᴍʟᴢ.ᴘᴄꜰʟ =1ᴍꞮɴII
wear =3ᴍꞮɴIS
ѕᴜʙʀ
3ᴀᴜɢ1 desire =3ᴀᴜɢIA
or
ᴅᴇᴍ2.ᴅɪѕᴛ
ᴅᴇᴍ2.ᴅɪѕᴛ
be.1ᴀᴜɢII
Natqgu
and
there
3ᴀᴜɢ1 travel PᴅꞮƦ.HITHER =3ᴀᴜɢIS
ᴅᴇᴍ1.ᴅɪѕᴛ
and
tree
be.schooled
Ʀʟ die =ᴄᴏЅ
Ʀʟ ᴍꞮᴅ find ᴛƦ =ᴄᴏЅ =1ᴍꞮɴI
Solomon.Islands
ᴘᴄꜰʟ.rsbl
early.evening
but
time
Savo
morning
ᴅᴇᴍ1.ᴘʀᴏχ
ᴛᴘɴʏᴍ
marry
what
ɢᴇɴ1ᴀ
ᴘꜰᴠ
ᴅᴇᴍ2.ᴅɪѕᴛ
ᴅᴇᴍ2.ᴅɪѕᴛ
wave
hear .BZ(PDIR.YON)=O(1MINI)
ᴅᴇᴍ2.ᴅɪѕᴛ
ᴅᴇᴍ2.ᴅɪѕᴛ
ᴘꜰᴠ
tree
3ᴀᴜɢ1 oversee just =3ᴀᴜɢIA
SANTA.CRUZ
ѕᴜʙʀ
and
mother.aunt =3ᴍꞮɴII
ꞮƦƦ wait just =3ᴀᴜɢIA
ѕᴜʙʀ big
and
ѕᴜʙʀ
there
ACC.2augᵢᵢ
time
ᴅᴇᴍ1.ᴅɪѕᴛ
ɴᴍʟᴢ.ᴘᴄꜰʟ =3ᴍꞮɴII
war
ѕᴜʙʀ new
those
ѕᴜʙʀ
ᴅᴇᴍ1.ᴅɪѕᴛ
ᴅᴇᴍ2.ᴅɪѕᴛ
Ʀʟ fall =ᴄᴏЅ
do.not
swoop ꞮɴᴛЅ GᴅꞮƦ.DOWN =ᴄᴏЅ also PᴅꞮƦ.HITHER =3ᴍꞮɴIA
go GᴅꞮƦ.OUT PᴅꞮƦ.HITHER =3ᴍꞮɴIA
ɴᴍʟᴢ1 watch hidden ᴀᴘᴘʟ
ɪᴘꜰᴠ
road
and
eye =3ᴀᴜɢII
ѕᴜʙʀ
Ʀʟ said =ᴄᴏЅ
those
there
ᴅᴇᴍ1.ᴅɪѕᴛ
person
never.yet
die crack GᴅꞮƦ.UP =ᴄᴏЅ PᴅꞮƦ.HITHER
ᴅᴇᴍ2.ᴅɪѕᴛ
child
be =1ᴍꞮɴI
dat=1augII
his.voice
thing
ᴘᴄꜰʟ.rsbl =3ᴀᴜɢII ᴘʟ
time =3ᴍꞮɴII
house
ᴅᴇᴍ2.ᴅɪѕᴛ
ɢᴇɴ1ᴀ
ѕᴜʙʀ 3ᴀᴜɢ1 big
Ʀʟ ᴍꞮᴅ say =ᴄᴏЅ .BZ(PDIR.YON)=O(1MINI)
thing
stand
possessions =1ᴀᴜɢII
Ʀʟ beat =3ᴍꞮɴIA
ɴᴇɢ want ɴᴇɢ
Ʀʟ hang GᴅꞮƦ.IN =ᴄᴏЅ
God
ᴄᴏᴍ.
Ʀʟ wear.around.neck =1ᴍꞮɴI
ᴘᴄꜰʟ.hand =3ᴀᴜɢII
ᴅᴇᴍ2.ᴅɪѕᴛ
year
towel
there
a
same
ꞮƦƦ exchange =ᴄᴏЅ =3ᴍꞮɴIA
Ʀʟ.3ᴀᴜɢ break GᴅꞮƦ.IN =3ᴀᴜɢIA
group
Nepwzli.district
sun
those
dance
ᴅᴇᴍ2.ᴅɪѕᴛ
wife
ɴᴍʟᴢ1 do.slowly;.slow ɴᴍʟᴢ.ᴘᴄꜰʟ
turn UᴅꞮƦ.PATH PᴅꞮƦ.HITHER =3ᴍꞮɴIA
Pa'lz
ᴅᴇᴍ2.ᴅɪѕᴛ
Bznwz.vil
and
ᴘꜰᴠ
go always =1ᴀᴜɢI
island
there
spirit
be.like =3ᴍꞮɴIA
child
those
army
here
ɴᴍʟᴢ1 shine FOREVER ɴᴍʟᴢ.ᴘᴄꜰʟ
ship
be.1ᴀᴜɢII
morning
John
word
3ᴀᴜɢ1 break =3ᴀᴜɢIA
ᴘꜰᴠ
ᴅᴇᴍ2.ᴅɪѕᴛ
ᴅᴇᴍ2.ᴅɪѕᴛ
ᴍꞮᴅ say =3ᴍꞮɴIA
Ʀʟ see =ᴄᴏЅ =3ᴍꞮɴIA
3ᴀᴜɢ1 do =3ᴀᴜɢIA
live,.stay GᴅꞮƦ.UP ᴀᴘᴘʟ PᴅꞮƦ.HITHER
ᴛᴘɴʏᴍ
3ᴀᴜɢ1 carry GᴅꞮƦ.OUT PᴅꞮƦ.HITHER =3ᴀᴜɢIA
ѕᴜʙʀ big
Ʀʟ do =1ᴀᴜɢI
fulfill again PᴅꞮƦ.HITHER
house
ᴍꞮᴅ make ᴀᴘᴘʟ =1ᴀᴜɢII
dictionary
ᴅᴇᴍ2.ᴅɪѕᴛ
church.building
Nea
and
be.like =3ᴍꞮɴIA
ᴘᴄꜰʟ.ʙ&ɢ =3ᴍꞮɴII
these
ɢᴇɴ1ᴀ
Ʀʟ travel GᴅꞮƦ.OUT =ᴄᴏЅ
Ʀʟ go GᴅꞮƦ.IN =ᴄᴏЅ =1ᴀᴜɢI
ᴅᴀᴛ =1ᴍꞮɴII
ᴛᴘɴʏᴍ
ѕᴜʙʀ
take .BZ(PDIR.YON)=O(1MINI)
midst
AUGUST
ᴅᴇᴍ2.ᴅɪѕᴛ
ᴘᴄꜰʟ.inherent
girl
ɴᴍʟᴢ1 meet ɴᴍʟᴢ.ᴘᴄꜰʟ =3ᴀᴜɢII
ѕᴜʙʀ
3ᴀᴜɢ1 return again PᴅꞮƦ.HITHER =3ᴀᴜɢIS
Nemya'.
ᴘꜰᴠ
ᴅᴇᴍ2.ᴅɪѕᴛ
ѕᴜʙʀ
and
ᴅᴇᴍ2.ᴅɪѕᴛ
God
ᴘꜰᴠ
ᴀᴄᴄ =1ᴍꞮɴII
ѕᴜʙʀ
ᴅᴇᴍ2.ᴅɪѕᴛ
ᴘꜰᴠ
ᴘꜰᴠ
who
people
SOUTHERN.CROSS
ɴᴍʟᴢ1 make ᴠƦ
ᴅᴀᴛ =1ᴍꞮɴII
Daniel
image =3ᴍꞮɴII
ꞮƦƦ go know,.able,.can .BZ(PDIR.YON)=O(1MINI)
time
ᴘᴄꜰʟ.rsbl =3ᴀᴜɢII
insides
those
bird's.nest.fern
man
church.building
ꞮƦƦ take =ᴄᴏЅ =1ᴍꞮɴI
because
but
ɴᴍʟᴢ1 carry GᴅꞮƦ.IN PᴅꞮƦ.HITHER
so.then
3ᴀᴜɢ1 quickly;.quick ꞮɴᴛЅ just
year
thing
sea
because
Ʀʟ hold,.restrain =ᴄᴏЅ =1ᴍꞮɴI
be.schooled
both
ѕᴜʙʀ 3ᴀᴜɢ1 little
and
wash ꞮɴᴛЅ GᴅꞮƦ.OUT =1ᴍꞮɴI
ᴅᴇᴍ2.ᴅɪѕᴛ
side =1ᴀᴜɢII
ɴᴍʟᴢ1 exchange ɴᴍʟᴢ.ᴘᴄꜰʟ =1ᴍꞮɴII
titan.triggerfish
bush
those
here
time
ѕᴜʙʀ
but
child
Ʀʟ ask ᴛƦ =ᴄᴏЅ PᴅꞮƦ.YON =1ᴀᴜɢI
decorate ᴛƦ =3ᴍꞮɴIA
gather GᴅꞮƦ.OUT ᴀᴘᴘʟ PᴅꞮƦ.HITHER
ᴅᴇᴍ2.ᴅɪѕᴛ
if
thing ᴅᴇᴍ2.ᴅɪѕᴛ
coconut
ᴅᴇᴍ2.ᴅɪѕᴛ
ѕᴜʙʀ
ᴘᴀЅ prison ᴘʟ
boat
morning
monk
and
those
hour
ᴄᴏᴍ.
ᴅᴇᴍ2.ᴅɪѕᴛ
because
neck =1ᴀᴜɢII
time
ᴛᴘɴʏᴍ
be.struck
hear PᴅꞮƦ.HITHER =3ᴍꞮɴIA
ѕᴜʙʀ
ᴅᴇᴍ2.ᴅɪѕᴛ
thing
priest
ɴᴍʟᴢ1 ᴍꞮᴅ kill ɴᴍʟᴢ.ᴘᴄꜰʟ =3ᴀᴜɢII
early.evening
ɴᴍʟᴢ1 show;.show;.prove GᴅꞮƦ.OUT also ᴀᴘᴘʟ PᴅꞮƦ.YON
and
and
Narnztilolx.(village)
fish
ᴘᴀЅ see ᴀᴘᴘʟ
ᴅᴇᴍ1.ᴅɪѕᴛ
child
ᴘᴄꜰʟ.rsbl =3ᴀᴜɢII
ᴘꜰᴠ
be.1ᴀᴜɢII
ɢᴇɴ1ᴀ
sleep ꞮɴᴛЅ =3ᴍꞮɴIS
ᴀᴄᴄ =1ᴍꞮɴII
ᴅᴇᴍ2.ᴅɪѕᴛ
ꞮƦƦ go FOLLOW =3ᴍꞮɴIA
bow
so.then
Ʀʟ.3ᴀᴜɢ go.out =ᴄᴏЅ =3ᴀᴜɢIS
ᴅᴇᴍ2.ᴅɪѕᴛ
Фɴᴛ.ᴘʟ
ꞮƦƦ see =1ᴀᴜɢI
army
DOOR
ɴᴍʟᴢ1 clear ᴀᴘᴘʟ PᴅꞮƦ.HITHER
ᴘᴀЅ ᴄᴀᴜЅ bad ᴛƦ
ɢᴇɴ1ᴀ
Ʀʟ bad =ᴄᴏЅ
council
ɴᴍʟᴢ1 ᴍꞮᴅ weave.by.loom ᴀᴘᴘʟ
female
priest
those
father =1ᴍꞮɴII
those
SANTA.CRUZ
ᴘꜰᴠ
thirst
ancestral.line
and
ѕᴜʙʀ bad
man
thing
there.it.is
and
fifth
there
ᴅᴇᴍ1.ᴅɪѕᴛ
ѕᴜʙʀ
ukelele
ɴᴍʟᴢ1 become ɴᴍʟᴢ.ᴘᴄꜰʟ =3ᴍꞮɴII
name =3ᴍꞮɴII
same
JAPAN
ɴᴍʟᴢ1 return ɴᴍʟᴢ.ᴘᴄꜰʟ PᴅꞮƦ.HITHER =3ᴀᴜɢIA
3ᴀᴜɢ1 leave PᴅꞮƦ.HITHER =3ᴀᴜɢIS
eye =1ᴍꞮɴII
ᴀᴄᴄ =1ᴍꞮɴII
ᴘᴄꜰʟ.ʙ&ɢ
little
none.;.lack;.none
ɴᴍʟᴢ1 ᴍꞮᴅ say PᴅꞮƦ.YON
Ʀʟ.3ᴀᴜɢ be.schooled GᴅꞮƦ.OUT ᴀᴘᴘʟ PᴅꞮƦ.HITHER =3ᴀᴜɢIA
Lungga
be.schooled
ѕᴜʙʀ new
ᴅᴀᴛ =3ᴍꞮɴII
because
ᴍꞮᴅ say PᴅꞮƦ.HITHER =3ᴍꞮɴIA
army
water
ꞮƦƦ live,.stay together =ᴄᴏЅ =1ᴀᴜɢI
because
both =1ᴀᴜɢII
ᴀᴄᴄ =1ᴍꞮɴII
Ʀʟ.3ᴀᴜɢ float =STILL GᴅꞮƦ.IN =ᴄᴏЅ PᴅꞮƦ.YON
father =1ᴍꞮɴII
clam
say also PᴅꞮƦ.HITHER =3ᴍꞮɴIA
ʀᴘʀɴ2.ᴅᴇᴍ2.ᴅɪѕᴛ
stand ᴅЅᴛƦ
price
flour
name =3ᴍꞮɴII
day
tree
ngalinut
ᴘᴄꜰʟ.hand =3ᴍꞮɴII
bow
John
tree
ɴᴍʟᴢ1 forbid ᴀᴘᴘʟ PᴅꞮƦ.YON =3ᴀᴜɢIA
ѕᴜʙʀ
spider
because
ɴᴍʟᴢ1 ᴍꞮᴅ take ɴᴍʟᴢ.ᴘᴄꜰʟ PᴅꞮƦ.HITHER =3ᴀᴜɢIA
3ᴀᴜɢ1 take =3ᴀᴜɢIA
place
HOG.PLUM.FRUIT
but
ᴛᴘɴʏᴍ
ѕᴜʙʀ
give .BZ(PDIR.YON)=O(1MINI)
ѕᴜʙʀ
Ʀʟ ᴍꞮᴅ say =ᴄᴏЅ PᴅꞮƦ.HITHER =3ᴍꞮɴIA
that.one
ᴘᴄꜰʟ.rsbl =3ᴍꞮɴII ᴘʟ
ᴅᴇᴍ2.ᴅɪѕᴛ
there
fence
head =3ᴍꞮɴII
hold =3ᴍꞮɴIA
child
bush
father =3ᴍꞮɴII
speak GᴅꞮƦ.IN PᴅꞮƦ.YON =1ᴀᴜɢI
ɢᴇɴ1ᴀ =3ᴀᴜɢII
Фɴᴛ.Ѕɢ
Bznwz.vil
house
3ᴀᴜɢ1 see GᴅꞮƦ.IN =ᴄᴏЅ PᴅꞮƦ.HITHER =3ᴀᴜɢIA
enter ᴀᴘᴘʟ
and
ѕᴜʙʀ
bell
a
man
those
Ʀʟ set.out =ᴄᴏЅ PᴅꞮƦ.HITHER =1ᴀᴜɢII
ᴅᴇᴍ1.ᴅɪѕᴛ
ᴅᴇᴍ2.ᴅɪѕᴛ
last ᴀᴘᴘʟ
food
January
man
water
be.good
ᴅᴇᴍ2.ᴅɪѕᴛ
ᴅᴇᴍ1.ᴅɪѕᴛ
ѕᴜʙʀ
Ʀʟ twist ripe GᴅꞮƦ.DOWN =ᴄᴏЅ PᴅꞮƦ.HITHER
ꞮƦƦ go PᴅꞮƦ.HITHER
be.difficult ꞮɴᴛЅ =ᴄᴏЅ
be.schooled
image
there
ѕᴜʙʀ big
side
ᴘᴄꜰʟ.hand =3ᴀᴜɢII
name =3ᴍꞮɴII
female
all
return PᴅꞮƦ.HITHER =1ᴍꞮɴI
ɢᴇɴ1ᴀ =3ᴍꞮɴII
firewood
ѕᴜʙʀ
ᴀᴄᴄ =1ᴍꞮɴII
torch
none.;.lack;.none
STORE
mother.aunt =3ᴀᴜɢII
ɴᴍʟᴢ1 return =3ᴀᴜɢIS
fence
ᴄᴏᴍ.
because
sea
ᴄᴀᴜЅ sunbathe GᴅꞮƦ.OUT Ʀᴇꜰʟ =ᴄᴏЅ
back.part
Ʀʟ ᴄᴀᴜЅ break.off. ꞮɴᴛЅ GᴅꞮƦ.OUT =ᴄᴏЅ PᴅꞮƦ.HITHER =1ᴍꞮɴI
and
ᴅᴇᴍ2.ᴅɪѕᴛ
Ʀʟ ᴍꞮᴅ say =ᴄᴏЅ PᴅꞮƦ.HITHER =3ᴍꞮɴIA
ST..THOMAS
ᴅᴇᴍ2.ᴅɪѕᴛ
ɢᴇɴ1ᴀ
year
ѕᴜʙʀ
ᴛᴘɴʏᴍ
these
ɢᴇɴ1ᴀ
AFTER
because
ᴀᴄᴄ =1ᴍꞮɴII
yourself
ɴᴇɢ know =NOT.YET =1ᴀᴜɢI
ᴘꜰᴠ
ɴᴍʟᴢ1 speak ɴᴍʟᴢ.ᴘᴄꜰʟ PᴅꞮƦ.HITHER =3ᴍꞮɴIA
ѕᴜʙʀ
ѕᴜʙʀ
and
ᴅᴇᴍ2.ᴅɪѕᴛ
ɴᴍʟᴢ1 remove GᴅꞮƦ.OUT ɴᴍʟᴢ.ᴘᴄꜰʟ PᴅꞮƦ.YON =3ᴍꞮɴIA
kill =ᴄᴏЅ
mountain
Alankaula
ᴅᴇᴍ2.ᴅɪѕᴛ
needlefish
ᴅᴀᴛ =1ᴀᴜɢII
ꞮƦƦ six =3ᴀᴜɢIS
ᴅᴇᴍ2.ᴅɪѕᴛ
year
name =3ᴍꞮɴII
and
Ʀʟ do =ᴄᴏЅ =1ᴍꞮɴI
demon
all
ᴘᴄꜰʟ.rsbl
Narnztilolx.(village)
letter
ѕᴜʙʀ
home
wave
village
group
father =1ᴍꞮɴII
Ʀʟ go =ᴄᴏЅ
those
friend =1ᴀᴜɢII
ᴘᴄꜰʟ.rsbl =1ᴀᴜɢII
and
ᴄᴏᴍ.
food
ᴅᴇᴍ2.ᴅɪѕᴛ
ɴᴇɢ pick GᴅꞮƦ.DOWN PᴅꞮƦ.HITHER =3ᴍꞮɴIA ɴᴇɢ
ᴅᴇᴍ2.ᴅɪѕᴛ
those
or
a
or
Ʀʟ.3ᴀᴜɢ go FOLLOW =ᴄᴏЅ =3ᴀᴜɢIA
mind =1ᴍꞮɴII
Ʀʟ strike ᴛƦ =ᴄᴏЅ
Ʀʟ jump GᴅꞮƦ.DOWN
ɢᴇɴ1ᴀ =3ᴍꞮɴII
ᴅᴇᴍ2.ᴅɪѕᴛ
reach PᴅꞮƦ.HITHER =1ᴀᴜɢII
and
a
be.1ᴀᴜɢII
ɴᴍʟᴢ1 live,.stay ɴᴍʟᴢ.ᴘᴄꜰʟ =1ᴀᴜɢII
doctor
demon
but
prefect
ɴᴇɢ long ɴᴇɢ
and
go =ᴄᴏЅ first 2ᴍɪɴII
Ʀʟ.3ᴀᴜɢ fear =3ᴀᴜɢIS
ɢᴇɴ1ᴀ
Ʀʟ ᴍꞮᴅ say =ᴄᴏЅ .BZ(PDIR.YON)=O(1MINI)
ɴᴍʟᴢ1 go ᴀᴘᴘʟ
way
ᴅᴇᴍ2.ᴅɪѕᴛ
ɴᴍʟᴢ1 pray ɴᴍʟᴢ.ᴘᴄꜰʟ =1ᴀᴜɢII
Фɴᴛ.ᴘʟ
ѕᴜʙʀ
because
Auki
Ʀʟ stand GᴅꞮƦ.DOWN ᴀᴘᴘʟ PᴅꞮƦ.HITHER
water
ᴘᴄꜰʟ.rsbl
ᴘᴄꜰʟ.hand =3ᴍꞮɴII
ɴᴇɢ shine GᴅꞮƦ.OUT ɴᴇɢ
Ʀʟ.3ᴀᴜɢ wet =ᴄᴏЅ ᴀᴘᴘʟ =3ᴀᴜɢII
ᴘꜰᴠ
tree
ᴘꜰᴠ
ꞮƦƦ show;.show;.prove ᴛƦ PᴅꞮƦ.YON
be.schooled
ᴘꜰᴠ
JUNE
place
here
market
and
bang GᴅꞮƦ.IN ᴀᴘᴘʟ
ᴅᴇᴍ2.ᴅɪѕᴛ
Ʀʟ stand ꞮɴᴛЅ =ᴄᴏЅ
ᴘꜰᴠ
house
ᴅᴇᴍ2.ᴅɪѕᴛ
dance =1ᴀᴜɢI
Ʀʟ.3ᴀᴜɢ shoot FOLLOW =ᴄᴏЅ
a
Ʀʟ begin GᴅꞮƦ.IN =ᴄᴏЅ =3ᴍꞮɴIA
and
go
room
ᴘᴄꜰʟ.inherent
Ʀʟ creep GᴅꞮƦ.IN
ᴍꞮᴅ say PᴅꞮƦ.HITHER =3ᴍꞮɴIA
ᴀᴄᴄ =1ᴍꞮɴII
Ʀʟ catch GᴅꞮƦ.OUT ᴀᴘᴘʟ =3ᴍꞮɴIS
ᴅᴇᴍ2.ᴅɪѕᴛ
ɴᴍʟᴢ1 listen ɴᴍʟᴢ.ᴘᴄꜰʟ =3ᴍꞮɴII
ɢᴇɴ1ᴀ =1ᴍꞮɴII
group
fruit
Ʀʟ do =1ᴀᴜɢI
name =3ᴍꞮɴII
JAPAN
ᴘᴄꜰʟ.rsbl
ᴅᴇᴍ2.ᴅɪѕᴛ
ᴘꜰᴠ
ɢᴇɴ1ᴀ =3ᴍꞮɴII
ᴍꞮᴅ say .BZ(PDIR.YON)=O(1MINI)
these
but
advrs
ɴᴍʟᴢ1 teach ɴᴍʟᴢ
Ʀʟ ᴍꞮᴅ say =ᴄᴏЅ PᴅꞮƦ.YON
and
ɴᴇɢ rest =ᴄᴏЅ also =1ᴍꞮɴI ɴᴇɢ
ɴᴇɢ stand =ᴄᴏЅ ɴᴇɢ
a
ᴘᴀЅ ᴍꞮᴅ puncture
ᴅᴇᴍ2.ᴅɪѕᴛ
ᴘꜰᴠ
ᴘᴄꜰʟ.hand =3ᴍꞮɴII
Ʀʟ roof GᴅꞮƦ.UP =ᴄᴏЅ =3ᴍꞮɴIA
day
cross
first
side
Ʀʟ go GᴅꞮƦ.UP =ᴄᴏЅ =1ᴀᴜɢI
ᴘᴄꜰʟ.ʙ&ɢ =3ᴍꞮɴII
ᴅᴇᴍ1.ᴅɪѕᴛ
ᴄᴏᴍ.
ᴅᴇᴍ1.ᴅɪѕᴛ
dat=3augII
ѕᴜʙʀ
time =3ᴍꞮɴII
wave
hole
ᴀᴄᴄ =1ᴍꞮɴII
fish
ᴄᴀᴜЅ sleep ꞮɴᴛЅ GᴅꞮƦ.IN just =1ᴍꞮɴI.ᴄᴍʙ
ᴅᴇᴍ1.ᴅɪѕᴛ
and
ᴅᴇᴍ2.ᴅɪѕᴛ
eye =1ᴍꞮɴII
there
ᴄᴀᴜЅ eat ѕᴜʙʀ holy ꞮɴᴛЅ
ѕᴜʙʀ
chicken;.bird
group
ѕᴜʙʀ
water
ᴅᴇᴍ2.ᴅɪѕᴛ
ѕᴜʙʀ
ѕᴜʙʀ
ᴅᴇᴍ1.ᴘʀᴏχ
tree
ꞮƦƦ it.fits
STORE
ᴅᴇᴍ1.ᴅɪѕᴛ
ᴅᴇᴍ2.ᴅɪѕᴛ
but
Ʀʟ be.good =ᴄᴏЅ =3ᴍꞮɴIS
ᴅᴇᴍ2.ᴅɪѕᴛ
ᴘꜰᴠ
ᴍꞮᴅ carry GᴅꞮƦ.OUT =1ᴀᴜɢI
and
Ʀʟ begin ᴀᴘᴘʟ =1ᴍꞮɴII
Ʀʟ bang.against ᴛƦ GᴅꞮƦ.OUT =ᴄᴏЅ
ᴘᴀЅ dispatch =1ᴍꞮɴII
cross
be.like
shoot
there
typist
ᴀᴄᴄ =1ᴍꞮɴII
and
Ʀʟ sit around ᴀᴘᴘʟ =1ᴀᴜɢI
USA,.AMERICA
go ᴀᴘᴘʟ PᴅꞮƦ.YON =1ᴀᴜɢI
and
ᴘꜰᴠ
AIRPORT
ᴀᴄᴄ =1ᴍꞮɴII
Ʀʟ engaged.woman =ᴄᴏЅ =3ᴍꞮɴIA
both
again
name =3ᴍꞮɴII
be.schooled
ɴᴍʟᴢ1 persuade GᴅꞮƦ.IN ɴᴍʟᴢ.ᴘᴄꜰʟ =12ᴀᴜɢII
a
love
be.schooled
teachers
ᴘᴀЅ bequeath ᴀᴘᴘʟ ᴀᴘᴘʟ
ᴀᴘᴘʟ =1ᴀᴜɢII
be.3ᴍɪɴII
ѕᴜʙʀ be.like =3ᴍꞮɴIA
ɴᴍʟᴢ1 die ᴛƦ instead =3ᴀᴜɢIS
be.3ᴍɪɴII
and
ɴᴍʟᴢ1 go ɴᴍʟᴢ.ᴘᴄꜰʟ .BZ(PDIR.YON)=O(1MINI)
ᴘᴄꜰʟ.ʙ&ɢ =3ᴍꞮɴII
ᴘꜰᴠ
ᴘᴄꜰʟ.hand =1ᴍꞮɴII
little
a
ᴅᴇᴍ2.ᴅɪѕᴛ
child
and
both =1ᴀᴜɢII
village
piece
JAPAN
this
school
ᴘᴄꜰʟ.rsbl =3ᴀᴜɢII ᴘʟ
ᴅᴇᴍ2.ᴘʀᴏχ =ᴄᴏЅ
Ʀʟ blow.(wind) ꞮɴᴛЅ much =STILL
cross
field
today
sea
there
coconut.mat
Ʀʟ.3ᴀᴜɢ cry PROGRESSIVE GᴅꞮƦ.IN =ᴄᴏЅ PᴅꞮƦ.YON =3ᴀᴜɢIS
month
umbrella
and
female
ᴘꜰᴠ
chicken;.bird
because
ᴄᴏᴍ.
ᴅᴇᴍ2.ᴅɪѕᴛ
so.then
doctor
lose =ᴄᴏЅ
titan.triggerfish
and
those
a
ᴅᴇᴍ2.ᴅɪѕᴛ
reach PᴅꞮƦ.HITHER =3ᴍꞮɴIA
FOREVER
be
Ʀʟ.3ᴀᴜɢ go GᴅꞮƦ.DOWN =ᴄᴏЅ =3ᴀᴜɢIS
help PᴅꞮƦ.HITHER
ᴅᴇᴍ2.ᴅɪѕᴛ =ᴄᴏЅ
female
Ʀʟ shoot FULLY =ᴄᴏЅ =3ᴍꞮɴIA
JAPAN
ѕᴜʙʀ
wooden.bowl
and
ɴᴍʟᴢ1 go ɴᴍʟᴢ.ᴘᴄꜰʟ =3ᴀᴜɢII
child
place
coconut
and
ѕᴜʙʀ
JAPAN
bishop
ᴅᴇᴍ2.ᴅɪѕᴛ
and
go PᴅꞮƦ.YON
Guadalcanal
none.;.lack;.none
cross
take again PᴅꞮƦ.YON =3ᴍꞮɴIA
eye =3ᴀᴜɢII
ꞮƦƦ ᴄᴀᴜЅ dry ᴀᴘᴘʟ =1ᴀᴜɢII
Nea
Ʀʟ.3ᴀᴜɢ depart GᴅꞮƦ.DOWN =ᴄᴏЅ PᴅꞮƦ.HITHER =3ᴀᴜɢIS
ɴᴍʟᴢ1 oversee ɴᴍʟᴢ.ᴘᴄꜰʟ .BZ(PDIR.YON)=O(1MINI)
be
ɴᴍʟᴢ1 work ɴᴍʟᴢ.ᴘᴄꜰʟ =12ᴍꞮɴII
time
carry.in.back.sling PᴅꞮƦ.YON
island
there
a
image
tapa.cloth
mother.aunt =3ᴍꞮɴII
ɢᴇɴ1ᴀ
carve GᴅꞮƦ.DOWN =1ᴀᴜɢI
money
ᴅᴇᴍ2.ᴅɪѕᴛ
HOG.PLUM.FRUIT
and
because
area
and
dat=1augII
dance =1ᴀᴜɢI
ᴀᴛ.фɴᴛ.ᴘʟ.ᴘʟ
and
rule
money
first
Nea
thing
be.3ᴀᴜɢII.
time =3ᴍꞮɴII
cry REPEATEDLY =ᴄᴏЅ ᴘʟ
ѕᴜʙʀ
sea
mind =1ᴍꞮɴII
hem.nao
neck =1ᴀᴜɢII
mountain
ᴏƦᴅ two
foreigner
and
be.3ᴀᴜɢII.
just
tax
ѕᴜʙʀ
bush
testimony
house
there
those
things.of
be.1ᴀᴜɢII
ɴᴍʟᴢ1 ᴍꞮᴅ shoot ɴᴍʟᴢ2
Ʀʟ be ᴛƦ =1ᴀᴜɢI
Ʀʟ fish GᴅꞮƦ.DOWN PᴅꞮƦ.HITHER
January
and
ᴘᴀЅ ᴍꞮᴅ curse ᴀᴘᴘʟ
ᴘꜰᴠ
thing
they.here
ꞮƦƦ baptised first =3ᴀᴜɢIS
ɢᴇɴ1ᴀ
life
and
and
coconut
ᴅᴇᴍ2.ᴅɪѕᴛ
because
travel PᴅꞮƦ.HITHER =3ᴍꞮɴIA
ɴᴍʟᴢ1 request;.ask PᴅꞮƦ.YON =3ᴀᴜɢIA
Ʀʟ paddle =ᴄᴏЅ PᴅꞮƦ.HITHER =1ᴀᴜɢII
ᴘꜰᴠ
ᴘꜰᴠ
ѕᴜʙʀ one
there
and
time
and
and
friend =3ᴍꞮɴII ᴘʟ
demon
grass
travel PᴅꞮƦ.HITHER
people.of
body =1ᴀᴜɢII
STORE
but
church.building
there
be ᴛƦ =1ᴍꞮɴI
ɢᴇɴ1ᴀ =3ᴍꞮɴII
ɢᴇɴ1ᴀ
Ʀʟ arrive =ᴄᴏЅ also PᴅꞮƦ.YON
ѕᴜʙʀ
mother.aunt =3ᴍꞮɴII
ɴᴍʟᴢ1 empty ɴᴍʟᴢ.ᴘᴄꜰʟ =3ᴍꞮɴII
these
ɴᴍʟᴢ1 travel GᴅꞮƦ.OUT =1ᴀᴜɢI
people
morning
but
ᴅᴇᴍ1.ᴘʀᴏχ ᴘʟ
and
ᴅᴇᴍ2.ᴅɪѕᴛ
sickness
and
ᴅᴇᴍ2.ᴅɪѕᴛ
cross
bow
ᴘꜰᴠ
ᴅᴇᴍ2.ᴅɪѕᴛ
ᴅᴇᴍ2.ᴅɪѕᴛ
ᴅᴇᴍ2.ᴅɪѕᴛ
miracle
ѕᴜʙʀ
and
Ʀʟ sleep =ᴄᴏЅ =1ᴀᴜɢI
ɴᴍʟᴢ1 walk ꞮɴᴛЅ =ᴄᴏЅ ɴᴍʟᴢ.ᴘᴄꜰʟ =3ᴀᴜɢII
end
Iwongr
captain
ꞮƦƦ finish GᴅꞮƦ.OUT =1ᴍꞮɴI
doctor
ᴅᴇᴍ1.ᴅɪѕᴛ
ꞮƦƦ be
ꞮƦƦ go =3ᴍꞮɴIS
ᴘᴄꜰʟ.hand
ᴅᴇᴍ2.ᴅɪѕᴛ
ꞮƦƦ leave =ᴄᴏЅ PᴅꞮƦ.HITHER =3ᴍꞮɴIS
money
that.one
ᴅᴇᴍ1.ᴅɪѕᴛ
Ʀʟ sit GᴅꞮƦ.DOWN ᴀᴘᴘʟ PᴅꞮƦ.HITHER
ᴘꜰᴠ
3ᴀᴜɢ1 ᴍꞮᴅ say PᴅꞮƦ.HITHER =3ᴀᴜɢIA
cattle
word
ѕᴜʙʀ
Ʀʟ go ᴅᴘᴠ GᴅꞮƦ.IN =ᴄᴏЅ PᴅꞮƦ.YON =3ᴍꞮɴIA
ѕᴜʙʀ
ᴘꜰᴠ
ᴘꜰᴠ
STORE
pure
ѕᴜʙʀ
priest
ᴅᴇᴍ2.ᴅɪѕᴛ
ɢᴇɴ1ᴀ
ᴘᴄꜰʟ.ʙ&ɢ =1ᴀᴜɢII
Ʀʟ pray =ᴄᴏЅ =1ᴀᴜɢI
ꞮƦƦ go GᴅꞮƦ.OUT ɴᴍʟᴢ.ᴘᴄꜰʟ PᴅꞮƦ.HITHER =3ᴍꞮɴIA
ᴘꜰᴠ
Ʀʟ begin ꞮɴᴛЅ GᴅꞮƦ.IN
ᴄᴏᴍ.
ɴᴍʟᴢ1 be ꞮɴᴛЅ ɴᴍʟᴢ.ᴘᴄꜰʟ just
ѕᴜʙʀ big
rice
money
ɢᴇɴ1ᴀ
ᴄᴀᴜЅ return PᴅꞮƦ.HITHER =3ᴍꞮɴIA
ᴘᴄꜰʟ.food =1ᴀᴜɢII
ᴅᴇᴍ2.ᴅɪѕᴛ
thing
ship
know =ᴄᴏЅ .BZ(PDIR.YON)=O(1MINI)
man
ᴀᴄᴄ =1ᴍꞮɴII
dance.ring
wave
Malay.apple
and
ɢᴇɴ1ᴀ
ᴅᴇᴍ2.ᴅɪѕᴛ
time
Nemya'.
ᴘᴄꜰʟ.ʙ&ɢ =3ᴀᴜɢII
pineapple
and
ɴᴍʟᴢ1 make ᴠƦ
go PᴅꞮƦ.HITHER =3ᴍꞮɴIS
ɢᴇɴ1ᴀ
there
ѕᴜʙʀ
go
and
things.of
ᴘꜰᴠ
those
Ʀʟ.3ᴀᴜɢ be =ᴄᴏЅ ᴀᴘᴘʟ PᴅꞮƦ.HITHER =3ᴀᴜɢIA
first
and
mountain
CAMP
chapter
ꞮƦƦ die ᴅᴘᴠ =ᴄᴏЅ =3ᴍꞮɴIA
ᴄᴏᴍ.
a
be
ᴘꜰᴠ
search =3ᴍꞮɴIS
there
be.good
some
ꞮƦƦ die GᴅꞮƦ.IN =12ᴍꞮɴI
ship
ᴘᴀЅ carve ᴛƦ =3ᴀᴜɢII
ᴅᴇᴍ2.ᴅɪѕᴛ
and
but
ɴᴍʟᴢ1 ᴍꞮᴅ treat.like.that ᴛƦ ɴᴍʟᴢ.ᴘᴄꜰʟ .BZ(PDIR.YON)=O(1MINI)
stay.on
Ʀʟ.3ᴀᴜɢ paddle ᴅᴘᴠ =ᴄᴏЅ PᴅꞮƦ.YON =3ᴀᴜɢIA
ɴᴇɢ wash;.bathe =1ᴀᴜɢI ɴᴇɢ
overgrown
and
Sunday
ɴᴍʟᴢ1 go ɴᴍʟᴢ.ᴘᴄꜰʟ PᴅꞮƦ.HITHER =1ᴀᴜɢII
January
group
ꞮƦƦ go GᴅꞮƦ.UP =1ᴀᴜɢI
ᴘꜰᴠ
ɴᴍʟᴢ1 enflame ɴᴍʟᴢ.ᴘᴄꜰʟ PᴅꞮƦ.YON =3ᴀᴜɢIA
Ʀʟ four
place
said again PᴅꞮƦ.YON
ᴍꞮᴅ say =3ᴍꞮɴIA
ѕᴜʙʀ hot
ᴘᴄꜰʟ.rsbl
chicken;.bird
but
these
ᴘꜰᴠ
ᴅᴀᴛ =3ᴍꞮɴII
and
ᴀᴛ.фɴᴛ.ᴘʟ.ᴘʟ
ɴᴇɢ ɴᴍʟᴢ1 accept just ɴᴇɢ
ѕᴜʙʀ big
ᴅᴀᴛ =3ᴍꞮɴII
ꞮƦƦ go PᴅꞮƦ.YON =3ᴀᴜɢIS
ɴᴇɢ Ʀʟ give =ᴄᴏЅ PᴅꞮƦ.HITHER =3ᴍꞮɴIA ɴᴇɢ
ꞮƦƦ pay
sand
base
female
ᴘᴄꜰʟ.hand =1ᴀᴜɢII
ᴘꜰᴠ
and
and
and
hear PᴅꞮƦ.YON =3ᴍꞮɴIA
ᴍꞮᴅ say .BZ(PDIR.YON)=O(1MINI)
place
female
and
give PᴅꞮƦ.HITHER =3ᴍꞮɴIA
ѕᴜʙʀ big PᴅꞮƦ.YON
house
ѕᴜʙʀ ɴᴍʟᴢ1 teach ᴛƦ =3ᴀᴜɢIS
ᴅᴇᴍ2.ᴅɪѕᴛ
3ᴀᴜɢ1 be =3ᴀᴜɢIS
stand
but
extremely.good
boundary
these
ᴍꞮᴅ hold
those
ѕᴜʙʀ
ᴍꞮᴅ say PᴅꞮƦ.YON
ɴᴍʟᴢ1 go.out ɴᴍʟᴢ.ᴘᴄꜰʟ =3ᴀᴜɢII
ᴀᴛ.фɴᴛ.ᴘʟ.ᴘʟ
god
Ʀʟ say ᴀᴘᴘʟ .BZ(PDIR.YON)=O(1MINI) =3ᴍꞮɴIA
and
stay
ᴛᴘɴʏᴍ
and
people
because
breadfruit
3ᴀᴜɢ1 break GᴅꞮƦ.IN =3ᴀᴜɢIA
ɴᴇɢ know =1ᴍꞮɴI ɴᴇɢ
ᴅᴇᴍ2.ᴅɪѕᴛ
ᴅᴇᴍ2.ᴅɪѕᴛ ᴘʟ
ѕᴜʙʀ
Ʀʟ eat =ᴄᴏЅ =1ᴀᴜɢI
ɴᴍʟᴢ1 go DEPEND =3ᴀᴜɢIA
these
John
and
3ᴀᴜɢ1 awake PᴅꞮƦ.YON =3ᴀᴜɢIS
ѕᴜʙʀ
ᴄᴏᴍ.
hour
year
speaking
shaman
or
coconut
child
rope
cry ꞮɴᴛЅ GᴅꞮƦ.DOWN =ᴄᴏЅ PᴅꞮƦ.YON
ᴘꜰᴠ
PAPAYA.TREE
leave =1ᴀᴜɢI
Ʀʟ do
Ʀʟ sit GᴅꞮƦ.DOWN ᴀᴘᴘʟ PᴅꞮƦ.HITHER
Jesus
paper
coconut
ᴅᴇᴍ2.ᴅɪѕᴛ
ᴘꜰᴠ
ɴᴍʟᴢ1 live,.stay ɴᴍʟᴢ.ᴘᴄꜰʟ =1ᴀᴜɢII
gun
be.schooled
some
and
be.schooled
ꞮƦƦ try PᴅꞮƦ.YON =3ᴀᴜɢIA
house
prepare GᴅꞮƦ.UP =1ᴀᴜɢI
do also =3ᴍꞮɴIA
ᴘꜰᴠ
ᴘᴄꜰʟ.rsbl =3ᴀᴜɢII
rain
doctor
ѕᴜʙʀ
these
year
last ᴀᴘᴘʟ ꞮɴᴛЅ PᴅꞮƦ.YON =3ᴍꞮɴIA
Ʀʟ ᴄᴀᴜЅ take =ᴄᴏЅ
be
moon.
back.part =3ᴍꞮɴII
those
a
ᴘꜰᴠ
ᴅᴀᴛ =1ᴍꞮɴII
Ʀʟ.3ᴀᴜɢ be =3ᴀᴜɢIS
ᴀᴛ.фɴᴛ.ᴘʟ.ᴘʟ
SANTA.CRUZ
ɴᴇɢ speak =NOT.YET =1ᴀᴜɢI
man
and
take =1ᴍꞮɴI
ᴘꜰᴠ
ᴘᴀЅ hire ᴛƦ
there
rain
what.is.inserted.in.pierced.septum.hole
ᴅᴀᴛ =3ᴍꞮɴII
thing
ѕᴜʙʀ
ᴘꜰᴠ
ѕᴜʙʀ one
this
bomb
pig
ƦᴘƦɴ2 ᴅᴇᴍ1.ᴅɪѕᴛ =3ᴍꞮɴII ᴘʟ
house
ɴᴍʟᴢ1 help ɴᴍʟᴢ.ᴘᴄꜰʟ
ꞮƦƦ travel =ᴄᴏЅ ᴀᴘᴘʟ =1ᴀᴜɢII
start
ᴅᴇᴍ2.ᴅɪѕᴛ
heathens
ᴅᴇᴍ2.ᴅɪѕᴛ
do.not
turn.one's.back GᴅꞮƦ.OUT PᴅꞮƦ.HITHER
ᴅᴇᴍ2.ᴅɪѕᴛ
ѕᴜʙʀ
preparing
ɴᴇɢ see =ᴄᴏЅ =3ᴍꞮɴIA ɴᴇɢ
ѕᴜʙʀ
Ʀʟ go GᴅꞮƦ.DOWN =ᴄᴏЅ =3ᴍꞮɴIS
but
be.happy ꞮɴᴛЅ =ᴄᴏЅ =1ᴀᴜɢI
meet ᴀᴘᴘʟ =1ᴀᴜɢII =3ᴍꞮɴIIP
ɴᴍʟᴢ1 teach ɴᴍʟᴢ
ꞮƦƦ lying.down ꞮɴᴛЅ =ᴄᴏЅ
ᴅᴇᴍ2.ᴅɪѕᴛ
ᴄᴀᴜЅ fulfill =ᴄᴏЅ =3ᴍꞮɴIA
towel
ɢᴇɴ1ᴀ =3ᴍꞮɴII
and
island
ᴘꜰᴠ
canoe
doorway
and
thing
go
be.2ᴍɪɴII
sleep ᴀᴘᴘʟ =1ᴀᴜɢII
SANTA.CRUZ
Ʀʟ say ᴛƦ =1ᴀᴜɢI
vowel
there
ѕᴜʙʀ
ᴘꜰᴠ
Ʀʟ go UᴅꞮƦ.PATH =3ᴍꞮɴIA
ɴᴍʟᴢ1 be GᴅꞮƦ.UP PᴅꞮƦ.YON
female
there
ѕᴜʙʀ
those
ᴘꜰᴠ
eat ᴛƦ =ᴄᴏЅ =3ᴍꞮɴIA
stick
ѕᴜʙʀ
and
part,.piece =3ᴍꞮɴII
enter.in =1ᴍꞮɴI
ꞮƦƦ bad much =3ᴍꞮɴIA
monk
ѕᴜʙʀ big
a
ᴛᴘɴʏᴍ
ᴅᴇᴍ2.ᴅɪѕᴛ
priest
Ituku
RUSSIA
coconut.mat
sand
ᴘꜰᴠ
ALMOST
ᴘꜰᴠ
ɴᴍʟᴢ1 buy ɴᴍʟᴢ
Ʀʟ.3ᴀᴜɢ new =STILL =3ᴀᴜɢIS
day
SOUTHERN.CROSS
mountain
pana.type
female
ᴅᴇᴍ2.ᴅɪѕᴛ
ѕᴜʙʀ
ᴘᴄꜰʟ.hand =3ᴍꞮɴII
day
Ʀʟ wait =1ᴀᴜɢI
ᴍꞮᴅ say PᴅꞮƦ.YON =3ᴍꞮɴIA
ѕᴜʙʀ many
sea
and
rope
image
and
be.3ᴀᴜɢII.
bush
ᴄᴏᴍ.
and
and
Ʀʟ go ᴀᴘᴘʟ THERE
because
go UᴅꞮƦ.PATH PᴅꞮƦ.HITHER =3ᴍꞮɴIA
ѕᴜʙʀ
ɴᴍʟᴢ1 declare Ʀᴇꜰʟ first =3ᴀᴜɢIS
group
word
leader
STORE
work ꞮɴᴛЅ ᴀᴘᴘʟ just =1ᴀᴜɢI
ship
Tzlede
John
ɴᴍʟᴢ1 bomb =3ᴀᴜɢIA
police
CATECHIST
be.1ᴀᴜɢII
ᴘꜰᴠ
again
yesterday
or
ᴅᴇᴍ2.ᴅɪѕᴛ
tree
ᴅᴀᴛ =3ᴍꞮɴII
ᴍꞮᴅ say again move
ten two =1ᴀᴜɢII
JAPAN
ᴅᴇᴍ2.ᴅɪѕᴛ
ѕᴜʙʀ
Alankaula
a
and
towel
home
house
bang SHUT =ᴄᴏЅ
ᴅᴇᴍ2.ᴅɪѕᴛ
brother =3ᴍꞮɴII ᴘʟ
year
be.like
ɢᴇɴ1ᴀ
back.part =3ᴍꞮɴII
go GᴅꞮƦ.IN also PᴅꞮƦ.YON
police
ᴅᴇᴍ2.ᴅɪѕᴛ
home.by.the.sea
be.12ᴀᴜɢII
ɴᴍʟᴢ1 go ɴᴍʟᴢ.ᴘᴄꜰʟ =3ᴍꞮɴII
ɴᴍʟᴢ1 carry GᴅꞮƦ.DOWN =3ᴀᴜɢIA
extremely.good
know ꞮɴᴛЅ actually PᴅꞮƦ.YON =3ᴍꞮɴIA
ᴅᴇᴍ1.ᴅɪѕᴛ
but
ѕᴜʙʀ
ᴅᴇᴍ2.ᴅɪѕᴛ
ѕᴜʙʀ
father =1ᴍꞮɴII
but
be ᴛƦ ꞮɴᴛЅ just =1ᴀᴜɢI
ɢᴇɴ1ᴀ =3ᴍꞮɴII
hand
night
be.3ᴀᴜɢII.
child
dat=1augII
be.3ᴍɪɴII
same
mountain
ship
Ʀʟ powerful most
and
and
tsunami
ѕᴜʙʀ
feed =2ᴀᴜɢI
be.1ᴀᴜɢII
ѕᴜʙʀ
these
ᴅᴇᴍ2.ᴅɪѕᴛ
Ʀʟ see ᴛƦ =2ᴀᴜɢI
ѕᴜʙʀ
people
Natqgu
ᴅᴀᴛ =1ᴍꞮɴII
God
hear PᴅꞮƦ.YON
but
ɴᴍʟᴢ1 convert.s.o. ɴᴍʟᴢ.ᴘᴄꜰʟ =3ᴀᴜɢII
Ʀʟ eat =ᴄᴏЅ =3ᴍꞮɴIA =3ᴀᴜɢIS
bishop
ɴᴍʟᴢ1 ᴍꞮᴅ bail ɴᴍʟᴢ
ѕᴜʙʀ
all
ѕᴜʙʀ big
ᴄᴏᴍ.
ᴏƦᴅ two
Ʀʟ eat =1ᴀᴜɢI
one
boat
ᴀᴛ.фɴᴛ.ᴘʟ.ᴘʟ
head
ɴᴍʟᴢ1 make ᴠƦ
child
HOLY.WRITINGS
crew
different ᴘʟ
Фɴᴛ.Ѕɢ
ᴅᴇᴍ2.ᴅɪѕᴛ
man
ᴀᴄᴄ =1ᴍꞮɴII
dark.coloured GᴅꞮƦ.DOWN ᴀᴘᴘʟ
Ʀʟ two =ᴄᴏЅ
ᴅᴇᴍ2.ᴅɪѕᴛ
JAPAN
ᴘᴄꜰʟ.fire =1ᴀᴜɢII
child
ѕᴜʙʀ new
ɢᴇɴ1ᴀ
ѕᴜʙʀ bad
village
home
mind
same
boat
letter
foreigner
outside
demon
morning
ꞮƦƦ eat =ᴄᴏЅ =12ᴀᴜɢI
and
sickness
news
ɴᴇɢ take =1ᴍꞮɴI ɴᴇɢ
Natqgu
but
those
ѕᴜʙʀ
those
father =1ᴍꞮɴII
neck =3ᴀᴜɢII
3ᴀᴜɢ1 shoot UᴅꞮƦ.PATH GᴅꞮƦ.OUT =3ᴀᴜɢIA
ɢᴇɴ1ᴀ
ѕᴜʙʀ
those
bomb
Ʀʟ go =ᴄᴏЅ =1ᴀᴜɢI
side
and
ᴘꜰᴠ
ᴄᴏᴍ.
ᴅᴇᴍ2.ᴅɪѕᴛ
always
be.distributed.evenly =1ᴀᴜɢII
ᴘᴄꜰʟ.ʙ&ɢ
monk
father =3ᴍꞮɴII
ᴘᴀЅ see ꞮɴᴛЅ just
ѕᴜʙʀ
break ꞮɴᴛЅ =3ᴍꞮɴII
and
ᴘᴄꜰʟ.inherent =3ᴍꞮɴII
ᴅᴇᴍ2.ᴅɪѕᴛ
night
hem.nao
ᴀᴄᴄ =1ᴍꞮɴII
time
Ʀʟ.3ᴀᴜɢ lying.down ᴛƦ together =3ᴀᴜɢIS
but
mind =3ᴍꞮɴII
and
be =1ᴀᴜɢII
ꞮƦƦ help first =1ᴍꞮɴI
ᴄᴏᴍ.
Bokapwr
ᴘꜰᴠ
3ᴀᴜɢ1 depart each =ᴄᴏЅ =3ᴀᴜɢIA
paddle ꞮɴᴛЅ be.able just =1ᴀᴜɢI
because
be.2ᴍɪɴII
mind
ꞮƦƦ flee GᴅꞮƦ.UP =1ᴀᴜɢI
boat
name =3ᴍꞮɴII
work ᴛƦ ꞮɴᴛЅ PᴅꞮƦ.YON =1ᴍꞮɴI.ᴄᴍʙ
night
cross
companions
because
ɴᴍʟᴢ1 begin ɴᴍʟᴢ.ᴘᴄꜰʟ
go =1ᴍꞮɴI
take.hold.of ᴛƦ GᴅꞮƦ.IN =3ᴍꞮɴIA
ᴄᴏᴍ.
those
ɴᴍʟᴢ1 be ɴᴍʟᴢ
Ncnqmz
3ᴀᴜɢ1 ignite =3ᴀᴜɢIA
way
Ʀʟ heal
wind
place
ɴᴍʟᴢ1 ᴍꞮᴅ exchange ɴᴍʟᴢ
wart
ɴᴍʟᴢ1 jump GᴅꞮƦ.IN ɴᴍʟᴢ.ᴘᴄꜰʟ =1ᴀᴜɢII
female
ᴘꜰᴠ
ѕᴜʙʀ little
sky
those
there
ѕᴜʙʀ big
Pileni.Is
Ʀʟ do =ᴄᴏЅ =1ᴍꞮɴI
ᴘᴄꜰʟ.drink =2ᴍꞮɴII
foreigner
ᴀᴄᴄ =1ᴍꞮɴII
number
father =1ᴍꞮɴII
Ʀʟ burn ꞮɴᴛЅ GᴅꞮƦ.DOWN PᴅꞮƦ.HITHER
Ʀʟ say =ᴄᴏЅ PᴅꞮƦ.HITHER =3ᴍꞮɴIA
ᴍꞮᴅ say =3ᴍꞮɴIA
big
ѕᴜʙʀ
be =ᴄᴏЅ =1ᴍꞮɴII
ѕᴜʙʀ
ѕᴜʙʀ
those
a
sea
landmass
ѕᴜʙʀ
ɴᴍʟᴢ1 enter ɴᴍʟᴢ.ᴘᴄꜰʟ PᴅꞮƦ.YON =3ᴀᴜɢIA
ѕᴜʙʀ
ᴄᴏᴍ.
house
mind
hide
chicken;.bird
dat=1augII
ᴅᴇᴍ2.ᴅɪѕᴛ
ᴘꜰᴠ
man
good
ᴘꜰᴠ
there
ɴᴇɢ reach =3ᴍꞮɴIA ɴᴇɢ
army
ship
do.not
ꞮƦƦ ᴍꞮᴅ take GᴅꞮƦ.DOWN PᴅꞮƦ.YON
ᴅᴇᴍ2.ᴅɪѕᴛ
John
steal ᴛƦ PᴅꞮƦ.YON =1ᴀᴜɢI
ѕᴜʙʀ
CRICKET
and
far
ѕᴜʙʀ
Bznwz.vil
reach PᴅꞮƦ.HITHER =3ᴍꞮɴIA
man
dat=1augII
chicken;.bird
sea
all
ᴀᴄᴄ =1ᴍꞮɴII
child
ѕᴜʙʀ 3ᴀᴜɢ1 little
ᴘᴄꜰʟ.ʙ&ɢ =1ᴀᴜɢII
basket
ᴘꜰᴠ
ɴᴇɢ refuse ᴀᴘᴘʟ ꞮɴᴛЅ ɴᴇɢ
all
mountain
Ʀʟ.3ᴀᴜɢ move GᴅꞮƦ.DOWN =ᴄᴏЅ =3ᴀᴜɢIS
ᴘꜰᴠ
3ᴀᴜɢ1 marvel ꞮɴᴛЅ GᴅꞮƦ.OUT exceedingly
and
letter
be.3ᴍɪɴII
child
go ᴅᴘᴠ GᴅꞮƦ.IN =ᴄᴏЅ =3ᴍꞮɴIA
Ʀʟ.3ᴀᴜɢ be.schooled ᴛƦ
mind =1ᴍꞮɴII
ѕᴜʙʀ many
demon ᴠƦ
Aijz
ROOSTER.TAIL
ɴᴍʟᴢ1 ᴍꞮᴅ go ᴅᴘᴠ ᴀᴘᴘʟ
ɢᴇɴ1ᴀ =3ᴍꞮɴII
ѕᴜʙʀ
head =1ᴍꞮɴII
ᴘᴄꜰʟ.food =1ᴀᴜɢII
titan.triggerfish
ɴᴇɢ fear =1ᴀᴜɢI ɴᴇɢ
ѕᴜʙʀ
rat
ᴘᴄꜰʟ.ʙ&ɢ =3ᴍꞮɴII
ꞮƦƦ request;.ask .BZ(PDIR.YON)=O(1MINI)
name =3ᴍꞮɴII
ᴄᴏᴍ.
enter.in PᴅꞮƦ.YON =3ᴍꞮɴIS
time
Ʀʟ be
chicken;.bird
Ʀʟ.3ᴀᴜɢ fly ᴅЅᴛƦ =3ᴀᴜɢIS
home
thing
those
village
wind
ɴᴍʟᴢ1 blow.(wind) always ɴᴍʟᴢ.ᴘᴄꜰʟ
Ʀʟ cry =ᴄᴏЅ =3ᴍꞮɴIS
dat=3augII
mother.aunt =1ᴍꞮɴII
rain
female
house
ɴᴍʟᴢ1 tell ɴᴍʟᴢ.ᴘᴄꜰʟ =1ᴀᴜɢII
Ʀʟ return =ᴄᴏЅ again =1ᴍꞮɴI
monk
group
alright
ѕᴜʙʀ
be.schooled
ᴘꜰᴠ
humid
3ᴀᴜɢ1 curse =3ᴀᴜɢIA
that.one
3ᴀᴜɢ1 hold.a.meeting ᴀᴘᴘʟ =3ᴀᴜɢII
foreigner
so.then
Ʀʟ ᴄᴀᴜЅ cook =3ᴍꞮɴIA
ᴅᴇᴍ2.ᴅɪѕᴛ
Ʀʟ enter =ᴄᴏЅ
Ʀʟ go GᴅꞮƦ.DOWN =ᴄᴏЅ =1ᴀᴜɢI
WIRELESS
but
ѕᴜʙʀ
club
little
Ʀʟ be ꞮɴᴛЅ =ᴄᴏЅ PᴅꞮƦ.HITHER =1ᴍꞮɴI.ᴄᴍʙ
there
make
because
ᴄᴀᴜЅ surpass
corner.3D
all
Ʀʟ ᴍꞮᴅ say =ᴄᴏЅ PᴅꞮƦ.HITHER
ᴅᴇᴍ2.ᴅɪѕᴛ
ukelele
day
place
house
go FOLLOW PᴅꞮƦ.HITHER
do =3ᴍꞮɴIA
ɢᴇɴ1ᴀ =3ᴀᴜɢII
Ʀʟ move GᴅꞮƦ.DOWN =ᴄᴏЅ
ɴᴍʟᴢ1 go GᴅꞮƦ.OUT =3ᴀᴜɢIS
all
ᴅᴇᴍ2.ᴅɪѕᴛ
and
ɴᴍʟᴢ1 ᴍꞮᴅ carve =3ᴀᴜɢIS
ᴘꜰᴠ
ᴘꜰᴠ
there
John
ᴘꜰᴠ
be.happy ᴀᴘᴘʟ =1ᴀᴜɢI
man
reach =ᴄᴏЅ PᴅꞮƦ.YON =3ᴍꞮɴIA
ꞮƦƦ take PᴅꞮƦ.HITHER
Фɴᴛ.Ѕɢ
Daniel
father =1ᴍꞮɴII
ꞮƦƦ live,.stay ᴀᴘᴘʟ =1ᴀᴜɢII
meet =1ᴀᴜɢI
say PᴅꞮƦ.YON =3ᴍꞮɴIA
those
all
ᴅᴇᴍ2.ᴅɪѕᴛ
ᴅᴇᴍ2.ᴅɪѕᴛ
ѕᴜʙʀ
go GᴅꞮƦ.IN again PᴅꞮƦ.HITHER =1ᴍꞮɴI
ѕᴜʙʀ big
and
time =3ᴍꞮɴII
ꞮƦƦ tell ᴛƦ .BZ(PDIR.YON)=O(1MINI)
ᴍꞮᴅ say .BZ(PDIR.YON)=O(1MINI)
those
and
ʀᴘʀɴ2.ᴅᴇᴍ2.ᴅɪѕᴛ
stay MNR GᴅꞮƦ.IN =1ᴀᴜɢI
dat=3augII
ᴍꞮᴅ hold
NOI.ISLAND
be ᴛƦ GᴅꞮƦ.DOWN PᴅꞮƦ.HITHER =1ᴀᴜɢII
ѕᴜʙʀ
and
SANTA.CRUZ
village
ѕᴜʙʀ
village
coconut
because
WIRELESS
go PᴅꞮƦ.HITHER =3ᴍꞮɴIS
ᴅᴇᴍ2.ᴅɪѕᴛ
those
ᴅᴇᴍ1.ᴘʀᴏχ
ᴅᴀᴛ =3ᴍꞮɴII
injure.internally UᴅꞮƦ.PATH GᴅꞮƦ.IN =3ᴍꞮɴIA
ᴄᴏᴍ.
father =3ᴍꞮɴII
feel.sad ꞮɴᴛЅ =3ᴍꞮɴIS
ᴘꜰᴠ
mind
because
ɴᴍʟᴢ1 go ᴀᴘᴘʟ
Ʀʟ run just
ꞮƦƦ wait PᴅꞮƦ.HITHER =1ᴀᴜɢII
ᴅᴇᴍ2.ᴅɪѕᴛ
ʀᴘʀɴ2.ᴅᴇᴍ2.ᴅɪѕᴛ
child
ѕᴜʙʀ
Ʀʟ enter.in =ᴄᴏЅ PᴅꞮƦ.YON =1ᴀᴜɢI
go again =1ᴍꞮɴI
engine
those
Ʀʟ paddle GᴅꞮƦ.OUT =ᴄᴏЅ =1ᴀᴜɢI
year
be.1ᴀᴜɢII
man
shoot ꞮɴᴛЅ =3ᴍꞮɴII
ꞮƦƦ go =ᴄᴏЅ first =1ᴍꞮɴI
MAST
ᴅᴇᴍ2.ᴅɪѕᴛ
so.then
ᴘꜰᴠ
clear
=3ᴍꞮɴIIP
Narnztilolx.(village)
3ᴀᴜɢ1 give.food always PᴅꞮƦ.HITHER =3ᴀᴜɢIA
all
Lungga
ꞮƦƦ go PᴅꞮƦ.YON =1ᴀᴜɢI
ѕᴜʙʀ
and
3ᴀᴜɢ1 TEST =3ᴀᴜɢIA
army
ᴘᴀЅ ᴄᴀᴜЅ reveal ʀᴇꜰʟ ᴀᴘᴘʟ PᴅꞮƦ.YON
Menabz
die ᴛƦ =ᴄᴏЅ =3ᴍꞮɴII
ɢᴇɴ1ᴀ
be.3ᴀᴜɢII.
ᴅᴇᴍ2.ᴅɪѕᴛ
Ʀʟ ᴄᴀᴜЅ hot GᴅꞮƦ.IN PᴅꞮƦ.HITHER =3ᴍꞮɴIA
cry ꞮɴᴛЅ
ѕᴜʙʀ
be.schooled
there
go NIL ᴅЅᴛƦ =1ᴀᴜɢI
and
JAPAN
Ʀʟ.3ᴀᴜɢ cook ᴀᴘᴘʟ =3ᴀᴜɢII
Ʀʟ say =ᴄᴏЅ PᴅꞮƦ.YON =3ᴍꞮɴIA
climb PᴅꞮƦ.YON =3ᴍꞮɴIA
thing
coconut
Lrlvz
ѕᴜʙʀ many
those
who
Ʀʟ run =STILL
ɴᴍʟᴢ1 teach ɴᴍʟᴢ
ᴘꜰᴠ
ɢᴇɴ1ᴀ
ѕᴜʙʀ big PᴅꞮƦ.YON
ᴍꞮᴅ bite much ᴀᴘᴘʟ
Ʀʟ return =ᴄᴏЅ again PᴅꞮƦ.HITHER
a
ѕᴜʙʀ
wild.man
all
be.12ᴀᴜɢII
room
ѕᴜʙʀ
those
ᴘᴄꜰʟ.food =1ᴀᴜɢII
Ʀʟ stand ꞮɴᴛЅ just
coconut
Ʀʟ ᴍꞮᴅ say =ᴄᴏЅ PᴅꞮƦ.HITHER =3ᴍꞮɴIA
all
breadfruit
give PᴅꞮƦ.YON =3ᴍꞮɴIA
ѕᴜʙʀ
captain
piece
Ʀʟ do =ᴄᴏЅ =3ᴍꞮɴIA
ѕᴜʙʀ
ᴅᴇᴍ2.ᴅɪѕᴛ
those
but
ɢᴇɴ1ᴀ
bang.against =ᴄᴏЅ
and
ɴᴍʟᴢ1 live,.stay ɴᴍʟᴢ.ᴘᴄꜰʟ =1ᴀᴜɢII
Ʀʟ ᴍꞮᴅ say =ᴄᴏЅ PᴅꞮƦ.YON =3ᴍꞮɴIA
school
go GᴅꞮƦ.DOWN =1ᴍꞮɴI
ᴘᴀЅ break GᴅꞮƦ.IN PᴅꞮƦ.YON
house
time
female
rain
there.it.is
there
ꞮƦƦ advrs SPHERICAL.OBJECT =ᴄᴏЅ PᴅꞮƦ.YON =3ᴍꞮɴIA
small
ᴄᴏᴍ.
ɢᴇɴ1ᴀ
stay,.live,.be ᴅᴘᴠ PᴅꞮƦ.YON =3ᴍꞮɴIA
ᴅᴀᴛ =3ᴍꞮɴII
history
body =1ᴀᴜɢII
man
flood
so.then
ᴅᴇᴍ2.ᴅɪѕᴛ
house
again
child
shoot
army
3ᴀᴜɢ1 convert.s.o. =3ᴀᴜɢIA
time
Navy
ᴅᴇᴍ1.ᴅɪѕᴛ
Natqgu
coconut
alphabet
ᴘᴄꜰʟ.rsbl =3ᴍꞮɴII ᴘʟ
ɴᴍʟᴢ1 go ɴᴍʟᴢ.ᴘᴄꜰʟ PᴅꞮƦ.HITHER =1ᴀᴜɢII
ᴘᴀЅ ᴄᴀᴜЅ bad ᴛƦ
Ʀʟ.3ᴀᴜɢ depart =ᴄᴏЅ again =3ᴀᴜɢIS
NZLQWC
ᴘꜰᴠ
name =3ᴍꞮɴII
ᴄᴏᴍ.
surpass VERY GᴅꞮƦ.OUT =3ᴍꞮɴIA
there
because
and
ѕᴜʙʀ
ᴄᴏᴍ.
ɴᴇɢ ɴᴍʟᴢ1 sick ɴᴍʟᴢ.ᴘᴄꜰʟ =1ᴀᴜɢII ɴᴇɢ
Ʀʟ.3ᴀᴜɢ be ꞮɴᴛЅ FOREVER =ᴄᴏЅ =3ᴀᴜɢIS
ѕᴜʙʀ
=3ᴍꞮɴIIP
child
ᴅᴇᴍ2.ᴅɪѕᴛ
ᴛᴘɴʏᴍ
leave =1ᴀᴜɢI
there
captain
just
God
time
some
ꞮƦƦ accompany =1ᴍꞮɴI
water
ɴᴍʟᴢ1 teach ɴᴍʟᴢ
neck =12ᴀᴜɢII
see =2ᴍꞮɴI
ɴᴍʟᴢ1 go UᴅꞮƦ.PATH GᴅꞮƦ.DOWN =3ᴀᴜɢIA
dark.coloured
ꞮƦƦ go PᴅꞮƦ.YON =1ᴀᴜɢI
ᴅᴇᴍ1.ᴅɪѕᴛ
blood
thing
ɴᴍʟᴢ1 fly =ᴄᴏЅ ɴᴍʟᴢ.ᴘᴄꜰʟ =3ᴀᴜɢII
know =3ᴍꞮɴIA
group
stick =ᴄᴏЅ PᴅꞮƦ.YON
go PᴅꞮƦ.YON =1ᴀᴜɢI
and
3ᴀᴜɢ1 jump ꞮɴᴛЅ GᴅꞮƦ.DOWN =3ᴀᴜɢIS
sand
ѕᴜʙʀ
ѕᴜʙʀ
ᴘꜰᴠ
ɴᴍʟᴢ1 become ɴᴍʟᴢ.ᴘᴄꜰʟ =3ᴍꞮɴII
midday
but
but
skin
ᴅᴀᴛ =3ᴍꞮɴII
miracle
Ʀʟ go =ᴄᴏЅ PᴅꞮƦ.HITHER =1ᴀᴜɢII
John
monk
group
none.;.lack;.none
field
and
ᴛᴘɴʏᴍ
cross
there
house
and
ᴘᴄꜰʟ.hand =3ᴍꞮɴII ᴘʟ
finished
or
name =3ᴍꞮɴII
rope
ѕᴜʙʀ
so.then
things =3ᴀᴜɢII
fence
ɴᴍʟᴢ1 hurry ᴅᴘᴠ GᴅꞮƦ.OUT PᴅꞮƦ.YON =3ᴀᴜɢIA
those
ѕᴜʙʀ
and
corner.3D
and
SANTA.CRUZ
go PᴅꞮƦ.HITHER =3ᴍꞮɴIS
hear PᴅꞮƦ.YON =1ᴀᴜɢI
ɴᴇɢ ɴᴍʟᴢ1 see =ᴄᴏЅ =3ᴀᴜɢIA ɴᴇɢ
and
ɴᴇɢ complete .BZ(PDIR.YON)=O(1MINI) ɴᴇɢ
ᴘꜰᴠ
ᴅᴇᴍ2.ᴅɪѕᴛ
ѕᴜʙʀ
wind
HOLY.WRITINGS
but
ACC.2augᵢᵢ
but
people
name =3ᴍꞮɴII
mother.aunt =3ᴍꞮɴII
ɴᴍʟᴢ1 jump GᴅꞮƦ.IN again ɴᴍʟᴢ.ᴘᴄꜰʟ =1ᴀᴜɢII
because
ᴘꜰᴠ
ᴘꜰᴠ
two just
Daniel
those
ᴅᴇᴍ2.ᴅɪѕᴛ
ɴᴍʟᴢ1 basket fly GᴅꞮƦ.DOWN ɴᴍʟᴢ.ᴘᴄꜰʟ PᴅꞮƦ.HITHER =3ᴀᴜɢIA
ᴀᴄᴄ =1ᴍꞮɴII
ɴᴍʟᴢ1 dry =ᴄᴏЅ ɴᴍʟᴢ.ᴘᴄꜰʟ =3ᴀᴜɢII
thing
forbid ᴀᴘᴘʟ .BZ(PDIR.YON)=O(1MINI)
ѕᴜʙʀ
ᴄᴏᴍ.
Ʀʟ arrive ᴀᴘᴘʟ PᴅꞮƦ.YON
be.3ᴍɪɴII
coconut
and
be.1ᴀᴜɢII
be
be.3ᴀᴜɢII.
chicken;.bird
sun
ᴅᴇᴍ2.ᴅɪѕᴛ advrs =3ᴀᴜɢIS
those
ѕᴜʙʀ
Ʀʟ duck.down =1ᴀᴜɢI
ᴅᴇᴍ2.ᴅɪѕᴛ
ɴᴇɢ be.good actually ᴀᴘᴘʟ =3ᴍꞮɴII ɴᴇɢ
brother =1ᴍꞮɴII
ѕᴜʙʀ 3ᴀᴜɢ1 big
vowel
and
ɴᴍʟᴢ1 feel.sad ɴᴍʟᴢ.ᴘᴄꜰʟ
Fiu,.Malaita
name =3ᴍꞮɴII
be.schooled
ᴍꞮᴅ say =3ᴍꞮɴIA
and
lesser.yam
Ʀʟ pull.out OUT.AWAY.FROM
there
ripe ᴛƦ ᴘᴄꜰʟ.livestock
and
house
ѕᴜʙʀ big
sea
sea
ᴘᴀЅ crush
captain
ѕᴜʙʀ many
man
these
ɴᴍʟᴢ1 make ᴠƦ
a
a
Neo.vil
house
travel GᴅꞮƦ.UP =1ᴍꞮɴI
ᴅᴇᴍ2.ᴅɪѕᴛ
those
PLANTATION
ᴛᴘɴʏᴍ
ᴘꜰᴠ
ɴᴍʟᴢ1 go ɴᴍʟᴢ.ᴘᴄꜰʟ PᴅꞮƦ.HITHER
ᴄᴀᴜЅ hot GᴅꞮƦ.IN =3ᴍꞮɴIA
roof GᴅꞮƦ.UP ᴀᴘᴘʟ =3ᴍꞮɴII
ѕᴜʙʀ
basket
shake. FOREVER =3ᴍꞮɴIA
village
ѕᴜʙʀ
highest.level.in.law
ᴄᴏᴍ.
neck =1ᴀᴜɢII
ɴᴍʟᴢ1 carry GᴅꞮƦ.UP PᴅꞮƦ.HITHER =3ᴀᴜɢIA
a
village
ᴍꞮᴅ say PᴅꞮƦ.YON
Ʀʟ.3ᴀᴜɢ break GᴅꞮƦ.IN =ᴄᴏЅ =3ᴀᴜɢIA
ᴘᴄꜰʟ.rsbl
back.part
3ᴀᴜɢ1 look.for =3ᴀᴜɢIS
good
house
people
be.1ᴀᴜɢII
ɢᴇɴ1ᴀ =3ᴍꞮɴII
year
ѕᴜʙʀ
marvel ꞮɴᴛЅ GᴅꞮƦ.OUT =1ᴀᴜɢI
war
ᴅᴇᴍ2.ᴅɪѕᴛ
coin
ѕᴜʙʀ
father =1ᴍꞮɴII
3ᴀᴜɢ1 fly ᴅЅᴛƦ =3ᴀᴜɢIS
field
food
hoe =1ᴀᴜɢI
dawn
ѕᴜʙʀ many
there
but
Baddeley
there
Ʀʟ.3ᴀᴜɢ fly PᴅꞮƦ.HITHER =3ᴀᴜɢIA
ѕᴜʙʀ
3ᴀᴜɢ1 look.for =3ᴀᴜɢIS
ѕᴜʙʀ
ɴᴍʟᴢ1 hunt ᴀᴘᴘʟ
know
and
ᴅᴇᴍ2.ᴅɪѕᴛ
and
be.schooled
and
ᴘᴀЅ pay GᴅꞮƦ.OUT ᴀᴘᴘʟ PᴅꞮƦ.HITHER
ᴛᴘɴʏᴍ
place
those
know PᴅꞮƦ.YON =3ᴍꞮɴIA
time
ꞮƦƦ go =ᴄᴏЅ =1ᴀᴜɢI
ᴅᴇᴍ2.ᴅɪѕᴛ
house
all
head
Kirakira
again
ѕᴜʙʀ
early.evening
ᴍꞮᴅ say PᴅꞮƦ.HITHER =3ᴍꞮɴIA
colorful exceedingly
return
midst
ᴅᴇᴍ2.ᴅɪѕᴛ
people
be.3ᴍɪɴII
ᴘꜰᴠ
watch PᴅꞮƦ.YON
story
3ᴀᴜɢ1 shoot again PᴅꞮƦ.HITHER
ᴘꜰᴠ
ᴘꜰᴠ
ɴᴍʟᴢ1 food.parcel ɢᴇɴ1ᴀ
ѕᴜʙʀ
stand GᴅꞮƦ.IN PᴅꞮƦ.YON =3ᴍꞮɴIS
place
child
Ʀʟ stand GᴅꞮƦ.DOWN PᴅꞮƦ.HITHER =3ᴍꞮɴIS
prayer
so.then
year
ᴘꜰᴠ
war
and
and
none.;.lack;.none just
ꞮƦƦ take again =12ᴍꞮɴI
AIRPORT
soap
and
there
school
go
say PᴅꞮƦ.HITHER
upper.part
dat=1augII
ɴᴍʟᴢ1 ᴍꞮᴅ see ᴛƦ ɴᴍʟᴢ.ᴘᴄꜰʟ =3ᴍꞮɴII
coconut
Ʀʟ be.good
so.that
ѕᴜʙʀ
not.have;.none.anymore
ᴘᴄꜰʟ.ʙ&ɢ =3ᴀᴜɢII
ѕᴜʙʀ be
ɴᴍʟᴢ1 enter ɴᴍʟᴢ.ᴘᴄꜰʟ PᴅꞮƦ.YON =1ᴀᴜɢI
stay
cloth
food =2ᴀᴜɢII
ѕᴜʙʀ
ɴᴍʟᴢ1 be =ᴄᴏЅ ɴᴍʟᴢ.ᴘᴄꜰʟ =1ᴀᴜɢII
Ʀʟ.3ᴀᴜɢ cook ᴀᴘᴘʟ =ᴄᴏЅ =3ᴀᴜɢIA
but
but
ѕᴜʙʀ big
today
wife ᴅᴇᴍ2.ᴅɪѕᴛ
and
morning
ᴅᴇᴍ2.ᴅɪѕᴛ
SANTA.CRUZ
dat=1augII
none.;.lack;.none
war hidden
ᴘꜰᴠ
stand.up PᴅꞮƦ.HITHER
and
ᴅᴇᴍ2.ᴅɪѕᴛ
be.1ᴀᴜɢII
Ʀʟ happened GᴅꞮƦ.IN =ᴄᴏЅ PᴅꞮƦ.HITHER
Ʀʟ ᴍꞮᴅ eat ᴀᴘᴘʟ =1ᴍꞮɴII
Malaita
high
there
mountain
pistol
ᴅᴀᴛ =1ᴍꞮɴII
Dan
chicken;.bird
and
seems
ᴀᴛ.фɴᴛ.ᴘʟ.ᴘʟ
ɴᴍʟᴢ1 jump GᴅꞮƦ.IN ɴᴍʟᴢ
ѕᴜʙʀ big
ѕᴜʙʀ
ᴘᴄꜰʟ.rsbl
ᴅᴇᴍ1.ᴅɪѕᴛ
ɴᴍʟᴢ1 ᴍꞮᴅ break ᴛƦ ɴᴍʟᴢ.ᴘᴄꜰʟ =3ᴍꞮɴII
time
3ᴀᴜɢ1 make =3ᴀᴜɢIS
because
roast ꞮɴᴛЅ =3ᴍꞮɴIA
ᴘꜰᴠ
year
ꞮƦƦ ᴍꞮᴅ believe afterward =ᴄᴏЅ =1ᴍꞮɴI
ᴅᴇᴍ2.ᴅɪѕᴛ
back.part =1ᴀᴜɢII
ᴅᴇᴍ2.ᴅɪѕᴛ
those
and
be be.happy =1ᴀᴜɢI
if
headland
bell
inverted.on ᴀᴘᴘʟ PᴅꞮƦ.HITHER
ɢᴇɴ1ᴀ
two;.couple
base
Ʀʟ wash;.bathe =ᴄᴏЅ =3ᴍꞮɴIS
be.schooled
a
earthquake
midst
ɴᴍʟᴢ1 live,.stay ɴᴍʟᴢ.ᴘᴄꜰʟ =1ᴀᴜɢII
ᴅᴇᴍ2.ᴅɪѕᴛ
long
ɢᴇɴ1ᴀ
area
ᴅᴇᴍ1.ᴅɪѕᴛ
be.1ᴀᴜɢII
man
3ᴀᴜɢ1 three ᴘʟ
those
head =3ᴍꞮɴII
ᴘꜰᴠ
there advrs
be.3ᴍɪɴII
spirit
ɴᴍʟᴢ1 dog.paddle GᴅꞮƦ.UP ɴᴍʟᴢ.ᴘᴄꜰʟ PᴅꞮƦ.HITHER =1ᴀᴜɢII
finish GᴅꞮƦ.OUT PᴅꞮƦ.YON =3ᴍꞮɴIA
ѕᴜʙʀ
ɪᴘꜰᴠ
ᴄᴏᴍ.
Bznwz.vil
that.one
Ʀʟ shine ᴀᴘᴘʟ
see PᴅꞮƦ.HITHER =1ᴍꞮɴI
Pawa.school
Reef.Is
ɢᴇɴ1ᴀ
those
dat=1augII
ᴘᴄꜰʟ.hand =3ᴀᴜɢII
ꞮƦƦ six
teeth =3ᴀᴜɢII
there
ᴄᴏᴍ.
ACC.2augᵢᵢ
egg
because
ѕᴜʙʀ big
ᴘꜰᴠ
day
Ʀʟ blow.(wind) =ᴄᴏЅ =3ᴍꞮɴIS
and
ᴅᴇᴍ1.ᴘʀᴏχ
Ʀʟ believe afterward =1ᴍꞮɴI
mind
Ʀʟ.3ᴀᴜɢ ᴍꞮᴅ take also =3ᴀᴜɢIS
high
ship
Ʀʟ say =ᴄᴏЅ 2ᴍꞮɴII
seems
know PᴅꞮƦ.YON =3ᴍꞮɴIA
Ilztrkalr
ᴘꜰᴠ
time
pot
ɴᴍʟᴢ1 go ɴᴍʟᴢ.ᴘᴄꜰʟ =3ᴀᴜɢII
Ʀʟ pick afterward =1ᴍꞮɴI
ᴘᴄꜰʟ.ʙ&ɢ
thing
Ʀʟ travel ᴀᴘᴘʟ
again
professor
thing
Ʀʟ feel.sad ꞮɴᴛЅ =ᴄᴏЅ
ѕᴜʙʀ
that.one
Ʀʟ eat ᴀᴘᴘʟ =STILL
Ʀʟ cry ꞮɴᴛЅ =ᴄᴏЅ also PᴅꞮƦ.HITHER
ꞮƦƦ eat ꞮɴᴛЅ =1ᴀᴜɢI
PINK.FLOWERED.DOUGHWOOD.TREE
little.bit ꞮɴᴛЅ
and
Solomon.Islands
and
ѕᴜʙʀ
so.then
and
go =ᴄᴏЅ PᴅꞮƦ.HITHER =3ᴍꞮɴIS
Ncnqmz
3ᴀᴜɢ1 ᴍꞮᴅ say PᴅꞮƦ.HITHER =3ᴀᴜɢIA
wind
ѕᴜʙʀ
things.of
search
ᴅᴇᴍ2.ᴅɪѕᴛ
and
grandmother =1ᴀᴜɢII
Sunday
ᴘᴀЅ ᴍꞮᴅ say PᴅꞮƦ.YON
ᴄᴏᴍ.
chicken;.bird
be.3ᴀᴜɢII.
ѕᴜʙʀ
man
ѕᴜʙʀ
ѕᴜʙʀ
child
be.1ᴀᴜɢII
this.way
ᴘᴄꜰʟ.food =2MINᵢ
ᴅᴀᴛ =1ᴍꞮɴII
ѕᴜʙʀ
because
ѕᴜʙʀ
monk
ɴᴍʟᴢ1 ᴄᴀᴜЅ eat ѕᴜʙʀ holy ɴᴍʟᴢ.ᴘᴄꜰʟ =3ᴍꞮɴII
and
female
reach PᴅꞮƦ.HITHER =3ᴍꞮɴIA
ᴛᴘɴʏᴍ
ᴅᴇᴍ1.ᴅɪѕᴛ
Ʀʟ say =ᴄᴏЅ PᴅꞮƦ.HITHER =3ᴍꞮɴIA
time
ᴛᴘɴʏᴍ
ᴘꜰᴠ
father =1ᴍꞮɴII
and
ᴅᴇᴍ2.ᴅɪѕᴛ
priest
ᴅᴇᴍ2.ᴅɪѕᴛ
ꞮƦƦ request;.ask ꞮɴᴛЅ .BZ(PDIR.YON)=O(1MINI)
year
ѕᴜʙʀ
ᴀᴄᴄ =1ᴍꞮɴII
time
ꞮƦƦ scream =3ᴀᴜɢIS
ꞮƦƦ jump =ᴄᴏЅ =1ᴀᴜɢI
committee
man
that.one
ѕᴜʙʀ
ᴘᴀЅ sashed ᴀᴘᴘʟ
house
things.of
but
and
and
school
and
image
doctor
Ʀʟ take =1ᴍꞮɴI
ᴛᴘɴʏᴍ
monk
so.then
ᴏƦᴅ four
time
ᴅᴇᴍ2.ᴅɪѕᴛ
Ʀʟ.3ᴀᴜɢ leave =ᴄᴏЅ PᴅꞮƦ.HITHER
there
even.though
ᴍꞮᴅ take together =ᴄᴏЅ =1ᴀᴜɢI
hear .BZ(PDIR.YON)=O(1MINI)
thing
Ʀʟ hold,.restrain =ᴄᴏЅ again =1ᴍꞮɴI
ꞮƦƦ light.the.way ꞮɴᴛЅ ᴀᴘᴘʟ =3ᴀᴜɢII
ѕᴜʙʀ
be.schooled
child
ᴛᴘɴʏᴍ
word
group
because
good
sector
child
base
again
water
ᴅᴇᴍ1.ᴅɪѕᴛ
ᴘᴄꜰʟ.rsbl
ѕᴜʙʀ
but
Фɴᴛ.ᴘʟ
army
but
ᴀᴄᴄ =1ᴍꞮɴII
ᴘꜰᴠ
piece
police
prefect
ꞮƦƦ believe =3ᴍꞮɴIA
ѕᴜʙʀ
ᴘᴀЅ carve ᴛƦ =3ᴀᴜɢII
ɢᴇɴ1ᴀ =3ᴀᴜɢII
ᴘꜰᴠ
BEAUTIFUL
ᴅᴀᴛ =1ᴍꞮɴII
father =1ᴍꞮɴII
be.1ᴀᴜɢII
there
black;.black
what
same
time =3ᴍꞮɴII
ᴘꜰᴠ
a
and
USA,.AMERICA
so.then
inspect =3ᴍꞮɴIA
ѕᴜʙʀ new
be.good
ᴘᴄꜰʟ.hand
ᴛᴘɴʏᴍ
ᴍꞮᴅ kill =ᴄᴏЅ =3ᴍꞮɴIS
ꞮƦƦ plant
ѕᴜʙʀ
no
Ʀʟ depart GᴅꞮƦ.IN =ᴄᴏЅ =1ᴀᴜɢI
ᴀᴛ.фɴᴛ.ᴘʟ.ᴘʟ
Tzlede
food
but
dry.coconut.leaf
head =1ᴍꞮɴII
Ʀʟ be
man
evening
ᴘᴀЅ do ᴀᴘᴘʟ PᴅꞮƦ.YON
oversee =3ᴍꞮɴIA
3ᴀᴜɢ1 be.happy ᴀᴘᴘʟ =3ᴀᴜɢIA
female
ѕᴜʙʀ
ᴍꞮᴅ tell always =1ᴀᴜɢI
tree
WIRELESS
ɴᴍʟᴢ1 search ᴛƦ ɴᴍʟᴢ.ᴘᴄꜰʟ =1ᴀᴜɢII =3ᴍꞮɴIIP
Lungga
be
school
ᴘꜰᴠ
spider
ᴀᴛ.фɴᴛ.ᴘʟ.ᴘʟ
ѕᴜʙʀ
and
image
and
ᴍꞮᴅ say PᴅꞮƦ.YON =3ᴍꞮɴIA
be.3ᴀᴜɢII.
doctor
year
ѕᴜʙʀ
ᴘᴀЅ write PᴅꞮƦ.YON
Ʀʟ eat =ᴄᴏЅ =1ᴀᴜɢI
father =1ᴍꞮɴII
ᴅᴇᴍ2.ᴅɪѕᴛ
accept PᴅꞮƦ.YON
things.of
ᴘᴄꜰʟ.ʙ&ɢ =3ᴀᴜɢII
time
Ʀʟ lead =ᴄᴏЅ PᴅꞮƦ.YON =3ᴍꞮɴIA
ᴅᴇᴍ2.ᴅɪѕᴛ
there
be.3ᴍɪɴII
coconut
shore
FOODSAFE
Ʀʟ.3ᴀᴜɢ go afterward =3ᴀᴜɢIS
ɴᴍʟᴢ1 jump GᴅꞮƦ.IN ɴᴍʟᴢ.ᴘᴄꜰʟ =1ᴀᴜɢII
Mzdxmingr.village
ѕᴜʙʀ
ѕᴜʙʀ
seems
group =3ᴀᴜɢII
island
time
a
Natqgu
people
finish GᴅꞮƦ.OUT PᴅꞮƦ.YON =3ᴍꞮɴIS
Narnztilolx.(village)
maybe;.I.think
ѕᴜʙʀ
be.schooled
ꞮƦƦ happen =3ᴀᴜɢIA
ɢᴇɴ1ᴀ
child
cross
a
ᴘꜰᴠ
ᴘꜰᴠ
black.ant
ᴄᴏᴍ.
priest
breadfruit
place
ꞮƦƦ search ᴛƦ =1ᴀᴜɢI
airplane
be.schooled
be.schooled
miracle
ᴅᴀᴛ =1ᴍꞮɴII
ɴᴇɢ allow ᴀᴘᴘʟ PᴅꞮƦ.HITHER =3ᴍꞮɴIA ɴᴇɢ
ѕᴜʙʀ
if
but
ᴄᴏᴍ.
ᴅᴇᴍ2.ᴅɪѕᴛ
friend =3ᴍꞮɴII
there
ɴᴍʟᴢ1 live,.stay ɴᴍʟᴢ.ᴘᴄꜰʟ =1ᴀᴜɢII
wipe ᴛƦ =ᴄᴏЅ =1ᴀᴜɢI
Фɴᴛ.Ѕɢ
village
ᴍꞮᴅ say =3ᴍꞮɴIA
thing
ᴘᴀЅ ᴍꞮᴅ give PᴅꞮƦ.YON
ᴍꞮᴅ say PᴅꞮƦ.YON
stand ꞮɴᴛЅ just
time
go GᴅꞮƦ.OUT PᴅꞮƦ.YON =1ᴀᴜɢI
Aijz
January
ᴍꞮᴅ say =3ᴍꞮɴIA
one
ɴᴍʟᴢ1 be ɴᴍʟᴢ.ᴘᴄꜰʟ =3ᴀᴜɢII
Ʀʟ.3ᴀᴜɢ hurry GᴅꞮƦ.UP again PᴅꞮƦ.HITHER =3ᴀᴜɢIS
doctor
house
AFTER
god
ѕᴜʙʀ
week
Pawa.school
Ʀʟ.3ᴀᴜɢ ᴍꞮᴅ believe first
confess =3ᴍꞮɴIA
ᴅᴀᴛ =2ᴍꞮɴII
ѕᴜʙʀ 3ᴀᴜɢ1 big
Ʀʟ go PᴅꞮƦ.YON
ѕᴜʙʀ many
time
ɴᴇɢ cook =NOT.YET
ɴᴍʟᴢ1 make ᴠƦ
and
be.1ᴀᴜɢII
Ʀʟ.3ᴀᴜɢ ᴄᴀᴜЅ ask ᴛƦ =ᴄᴏЅ
word
ɴᴇɢ ᴘᴄꜰʟ.hand ɴᴇɢ
shark
Nea
but
there
ɴᴍʟᴢ1 ᴍꞮᴅ say ɴᴍʟᴢ.ᴘᴄꜰʟ =3ᴍꞮɴII
these
Malay.apple ᴘᴄꜰʟ.drink =1ᴍꞮɴII
these
ᴅᴇᴍ2.ᴅɪѕᴛ
high
there
Ʀʟ be.difficult ᴛƦ =3ᴍꞮɴIA
canoe
think ᴛƦ
ᴘᴄꜰʟ.ʙ&ɢ =3ᴍꞮɴII
high
group
ɢᴇɴ1ᴀ
be.3ᴍɪɴII
fifth
be.schooled
Anglican
ᴅᴇᴍ2.ᴅɪѕᴛ =ᴄᴏЅ
ѕᴜʙʀ sick
be.1ᴀᴜɢII
and
ᴅᴇᴍ2.ᴅɪѕᴛ
ɴᴍʟᴢ1 speak ɴᴍʟᴢ.ᴘᴄꜰʟ PᴅꞮƦ.HITHER =3ᴍꞮɴIA
ᴘᴄꜰʟ.rsbl =3ᴍꞮɴII
ᴅᴇᴍ2.ᴅɪѕᴛ
and
Narnztilolx.(village)
and
water
ꞮƦƦ be
ᴅᴇᴍ2.ᴅɪѕᴛ
lying.down GᴅꞮƦ.DOWN =2ᴀᴜɢI
but
and
ɴᴍʟᴢ1 vomit ɴᴍʟᴢ
paddle GᴅꞮƦ.DOWN PᴅꞮƦ.HITHER =1ᴀᴜɢII
stone
be.good
there
ᴏƦᴅ four
Ʀʟ.3ᴀᴜɢ hear GᴅꞮƦ.DOWN =ᴄᴏЅ =3ᴀᴜɢIA
ᴛᴘɴʏᴍ
ᴄᴏᴍ.
ѕᴜʙʀ
ᴘꜰᴠ
and
ᴅᴇᴍ2.ᴅɪѕᴛ
ᴅᴇᴍ2.ᴅɪѕᴛ
ѕᴜʙʀ red
and
Neboi
ѕᴜʙʀ
stand
monk
they.here
tree
village
Ʀʟ.3ᴀᴜɢ go GᴅꞮƦ.IN afterward PᴅꞮƦ.HITHER =3ᴀᴜɢIS
tsunami
ɢᴇɴ1ᴀ
ᴅᴇᴍ2.ᴅɪѕᴛ
there
ɴᴍʟᴢ1 leave afterward ɴᴍʟᴢ.ᴘᴄꜰʟ =3ᴀᴜɢII
ɢᴇɴ1ᴀ =3ᴍꞮɴII
ѕᴜʙʀ bad
demon
but
coconut
go GᴅꞮƦ.UP =1ᴀᴜɢI
head =1ᴍꞮɴII
skull
dat=1augII
priest
go GᴅꞮƦ.IN PᴅꞮƦ.HITHER
ɴᴍʟᴢ1 ᴄᴀᴜЅ go ɴᴍʟᴢ.ᴘᴄꜰʟ PᴅꞮƦ.YON =1ᴀᴜɢI
house
rat
there
ᴅᴇᴍ2.ᴅɪѕᴛ
ᴘꜰᴠ
Lrlvz
capital
ɢᴇɴ1ᴀ
and
a
USA,.AMERICA
ɢᴇɴ1ᴀ
none.;.lack;.none
ᴅᴇᴍ2.ᴅɪѕᴛ
one
ᴅᴇᴍ2.ᴅɪѕᴛ
room
ɴᴍʟᴢ1 punish ɴᴍʟᴢ.ᴘᴄꜰʟ =3ᴍꞮɴII
ꞮƦƦ mix =3ᴀᴜɢIS
ɢᴇɴ1ᴀ =3ᴍꞮɴII
be.1ᴀᴜɢII
ᴅᴇᴍ2.ᴅɪѕᴛ
be.good
ᴏƦᴅ two
ᴅᴀᴛ =3ᴍꞮɴII
mind
way
time
ᴅᴇᴍ1.ᴅɪѕᴛ
ѕᴜʙʀ many
be.3ᴀᴜɢII.
be.1ᴀᴜɢII
because
ᴅᴇᴍ2.ᴅɪѕᴛ
Ʀʟ.3ᴀᴜɢ ᴍꞮᴅ see =ᴄᴏЅ =3ᴀᴜɢIS
be.schooled
Ʀʟ.3ᴀᴜɢ ᴍꞮᴅ peel =3ᴀᴜɢIS
this
ɴᴍʟᴢ1 go also =3ᴀᴜɢIS
and
Ʀʟ.3ᴀᴜɢ see GᴅꞮƦ.OUT =ᴄᴏЅ PᴅꞮƦ.YON =3ᴀᴜɢIA
Bznwz.vil
and
chicken;.bird
thing
ᴘᴀЅ remove =ᴄᴏЅ
reach PᴅꞮƦ.HITHER =1ᴀᴜɢII
there
be.3ᴍɪɴII
cross
Ʀʟ say =ᴄᴏЅ PᴅꞮƦ.YON =3ᴍꞮɴIA
ᴘꜰᴠ
ѕᴜʙʀ
ꞮƦƦ work properly =1ᴀᴜɢI
but
but
Ʀʟ tell ᴛƦ =ᴄᴏЅ PᴅꞮƦ.HITHER =3ᴍꞮɴIA
who
flat
ᴅᴇᴍ2.ᴅɪѕᴛ
village
day
Fiu,.Malaita
child
ᴘᴄꜰʟ.ʙ&ɢ =1ᴍꞮɴII
ꞮƦƦ ᴍꞮᴅ bomb =ᴄᴏЅ ᴘʟ
and
ᴘꜰᴠ
female
reading
cross
Ʀʟ go GᴅꞮƦ.DOWN =ᴄᴏЅ =1ᴀᴜɢI
spirit =2ᴍꞮɴII
ɴᴍʟᴢ1 take ɴᴍʟᴢ.ᴘᴄꜰʟ =1ᴍꞮɴII
ᴘᴄꜰʟ.hand =3ᴍꞮɴII
ᴀᴄᴄ =1ᴍꞮɴII
and
ꞮƦƦ go UᴅꞮƦ.AWAY.FROM =1ᴍꞮɴI
knowledge
CAMP
head =3ᴍꞮɴII
word =3ᴍꞮɴII
chicken;.bird
ꞮƦƦ ᴄᴀᴜЅ carry =ᴄᴏЅ =1ᴀᴜɢI
ship
base
ᴅᴇᴍ2.ᴅɪѕᴛ
neck =1ᴀᴜɢII
ɴᴍʟᴢ1 nail GᴅꞮƦ.IN ᴀᴘᴘʟ
ɴᴇɢ ꞮƦƦ sleep ɴᴇɢ
child
fall.down
ᴘꜰᴠ
outside
ѕᴜʙʀ
Ʀʟ ᴄᴀᴜЅ cook =ᴄᴏЅ PᴅꞮƦ.YON =3ᴍꞮɴIS
Ʀʟ take =ᴄᴏЅ PᴅꞮƦ.YON =3ᴍꞮɴIA
stand ꞮɴᴛЅ GᴅꞮƦ.OUT
ᴘᴀЅ carve
be.1ᴀᴜɢII
ᴘᴄꜰʟ.ʙ&ɢ =3ᴀᴜɢII
so.then
side
cross
and
ᴅᴇᴍ2.ᴅɪѕᴛ
child
time
break GᴅꞮƦ.UP PᴅꞮƦ.HITHER =3ᴍꞮɴIA
do.slowly;.slow ꞮɴᴛЅ
ᴄᴏᴍ.
those
CATECHIST
and
village
school
there
rain
ᴀᴄᴄ =1ᴍꞮɴII
look GᴅꞮƦ.IN PᴅꞮƦ.YON
WIRELESS
ᴘᴄꜰʟ.ʙ&ɢ
ᴅᴀᴛ =1ᴀᴜɢII
these
ᴅᴇᴍ2.ᴅɪѕᴛ
neck =1ᴀᴜɢII
and
ᴅᴇᴍ2.ᴅɪѕᴛ
and
ST..JAMES
Ʀʟ go PᴅꞮƦ.YON =1ᴀᴜɢI
and
ᴅᴇᴍ2.ᴅɪѕᴛ
time
Ʀʟ say PᴅꞮƦ.YON
first
ɴᴍʟᴢ1 make ɴᴍʟᴢ.ᴘᴄꜰʟ =1ᴀᴜɢII
ѕᴜʙʀ big
word
ENGLAND
ᴘᴄꜰʟ.rsbl =3ᴍꞮɴII
base
man
ɴᴇɢ 3ᴀᴜɢ1 know =3ᴀᴜɢIA ɴᴇɢ
ѕᴜʙʀ
ᴘᴄꜰʟ.hand =1ᴀᴜɢII
ꞮƦƦ see =3ᴍꞮɴIA
ᴛᴘɴʏᴍ
ᴅᴇᴍ2.ᴅɪѕᴛ
pick.up PᴅꞮƦ.HITHER =2ᴀᴜɢI
ѕᴜʙʀ
ᴘᴄꜰʟ.rsbl =3ᴍꞮɴII ᴘʟ
two ꞮɴᴛЅ GᴅꞮƦ.IN
ᴅᴇᴍ2.ᴅɪѕᴛ
3ᴀᴜɢ1 be.happy also =3ᴀᴜɢIS
ᴅᴇᴍ2.ᴅɪѕᴛ
ꞮƦƦ listen PᴅꞮƦ.YON =12ᴀᴜɢI
ᴅᴇᴍ2.ᴅɪѕᴛ
time
night
ɴᴇɢ ɴᴍʟᴢ1 pay =1ᴀᴜɢII ɴᴇɢ
parrotfish
Ʀʟ stand =ᴄᴏЅ =1ᴍꞮɴI
ᴍꞮᴅ say PᴅꞮƦ.YON =3ᴍꞮɴIA
time
day
a
time
thing
ᴅᴀᴛ =12ᴍꞮɴII
ꞮƦƦ ᴄᴀᴜЅ carry also =3ᴀᴜɢIS
ᴅᴇᴍ1.ᴅɪѕᴛ
a
and
thing
ᴘᴄꜰʟ.hand =3ᴀᴜɢII
ѕᴜʙʀ
ɴᴇɢ see =1ᴍꞮɴI ɴᴇɢ
Bznwz.vil
JAPAN
ᴅᴇᴍ2.ᴅɪѕᴛ
image
ѕᴜʙʀ
jump ꞮɴᴛЅ GᴅꞮƦ.IN =1ᴍꞮɴI
root =3ᴍꞮɴII
go
ᴘꜰᴠ
see GᴅꞮƦ.OUT PᴅꞮƦ.HITHER
outside
ꞮƦƦ ᴄᴀᴜЅ take
ꞮƦƦ ᴍꞮᴅ carve
rat
be.1ᴀᴜɢII
Ʀʟ sick =ᴄᴏЅ =3ᴍꞮɴIS
ᴄᴏᴍ.
ᴅᴇᴍ2.ᴅɪѕᴛ
or
ɴᴍʟᴢ1 ᴄᴀᴜЅ eat ѕᴜʙʀ holy ɴᴍʟᴢ.ᴘᴄꜰʟ =3ᴍꞮɴII
ᴘᴄꜰʟ.inherent
be.3ᴍɪɴII
steal ᴛƦ =1ᴀᴜɢI
ᴘꜰᴠ
image
coconut
ᴅᴇᴍ1.ᴅɪѕᴛ
fence
time
but
so.then
those
umbrella ᴛƦ ꞮɴᴛЅ =ᴄᴏЅ ᴀᴘᴘʟ =1ᴀᴜɢII
hear PᴅꞮƦ.YON =1ᴀᴜɢI
place
be.schooled
mat
ᴘꜰᴠ
ѕᴜʙʀ
ᴘꜰᴠ
ᴅᴇᴍ2.ᴅɪѕᴛ
ɴᴍʟᴢ1 lure.fowl ᴠƦ
ɴᴇɢ Ʀʟ make =ᴄᴏЅ ɴᴇɢ
ᴍꞮᴅ say .BZ(PDIR.YON)=O(1MINI)
image
3ᴀᴜɢ1 three ᴘʟ
place
NEW.YEAR
army
ɴᴍʟᴢ1 stay,.live,.be ɴᴍʟᴢ.ᴘᴄꜰʟ =1ᴍꞮɴII
moon.
shaman
ѕᴜʙʀ big
because
ᴛᴘɴʏᴍ
priest
none.;.lack;.none just
body =3ᴍꞮɴII
enter again PᴅꞮƦ.YON =1ᴀᴜɢI
a
house
ɴᴍʟᴢ1 eat ɴᴍʟᴢ.ᴘᴄꜰʟ =3ᴀᴜɢII
Ʀʟ ᴄᴀᴜЅ strike GᴅꞮƦ.IN =ᴄᴏЅ =3ᴍꞮɴIA
come.in
its.side
go PᴅꞮƦ.HITHER =3ᴍꞮɴIS
name =3ᴍꞮɴII
ɴᴇɢ go GᴅꞮƦ.DOWN ɴᴇɢ
ᴘᴄꜰʟ.ʙ&ɢ
do =ᴄᴍᴘʟ =3ᴍꞮɴIA
these
ᴅᴇᴍ2.ᴅɪѕᴛ
ᴄᴏᴍ.
none.;.lack;.none
see =3ᴍꞮɴIA
ᴀᴄᴄ =1ᴍꞮɴII
name =3ᴍꞮɴII
ᴄᴏᴍ.
ѕᴜʙʀ little ꞮɴᴛЅ
ѕᴜʙʀ
ɢᴇɴ1ᴀ =3ᴀᴜɢII
ᴅᴇᴍ2.ᴅɪѕᴛ
there
Baengr
Ʀʟ sail ᴅЅᴛƦ ᴀᴘᴘʟ =3ᴍꞮɴII
bush
Simon
hunt =1ᴀᴜɢI
ground
reach PᴅꞮƦ.HITHER =3ᴍꞮɴIA
Ʀʟ go =ᴄᴏЅ
jump UᴅꞮƦ.AWAY.FROM GᴅꞮƦ.OUT also PᴅꞮƦ.HITHER =1ᴀᴜɢII
ѕᴜʙʀ
first
ᴅᴇᴍ2.ᴅɪѕᴛ
ᴘᴀЅ shoot
Ʀʟ.3ᴀᴜɢ see =ᴄᴏЅ =3ᴀᴜɢIA
or
man
those
ship
coconut
ɢᴇɴ1ᴀ
if
be.schooled
be.schooled
and
those
time
village
ᴛᴘɴʏᴍ
3ᴀᴜɢ1 go GᴅꞮƦ.DOWN also =3ᴀᴜɢIS
ɴᴍʟᴢ1 inspect ɴᴍʟᴢ.ᴘᴄꜰʟ =3ᴍꞮɴII
ᴛᴘɴʏᴍ
ᴘᴄꜰʟ.hand =3ᴍꞮɴII
go
3ᴀᴜɢ1 enter.in =3ᴀᴜɢIS
again
chapter
cross
ᴅᴇᴍ2.ᴅɪѕᴛ
sea
things.of
ѕᴜʙʀ little ꞮɴᴛЅ
USA,.AMERICA
church.building
because
throw GᴅꞮƦ.UP ᴀᴘᴘʟ =3ᴍꞮɴII
sugar;
hurry ᴛƦ ꞮɴᴛЅ GᴅꞮƦ.UP =1ᴍꞮɴI
Ʀʟ finish =ᴄᴏЅ
place
son =1ᴍꞮɴII
ѕᴜʙʀ
ɴᴍʟᴢ1 become ɴᴍʟᴢ.ᴘᴄꜰʟ =1ᴍꞮɴII
ɴᴍʟᴢ1 ᴄᴀᴜЅ strike ɴᴍʟᴢ.ᴘᴄꜰʟ =1ᴍꞮɴII =3ᴍꞮɴIA
bail ꞮɴᴛЅ .BZ(PDIR.YON)=O(1MINI)
and
both =1ᴀᴜɢII
Lrlvz
work =1ᴍꞮɴI
ꞮƦƦ see first =3ᴍꞮɴIA
sea
or
ᴘᴀЅ ᴍꞮᴅ say PᴅꞮƦ.YON
ɢᴇɴ1ᴀ
ᴅᴇᴍ2.ᴅɪѕᴛ
people
spider
ᴘꜰᴠ
captain
ɴᴍʟᴢ1 request ᴀᴘᴘʟ PᴅꞮƦ.HITHER
and
time =3ᴍꞮɴII
those
ѕᴜʙʀ
and
ᴘᴄꜰʟ.ʙ&ɢ =3ᴀᴜɢII
class
Ʀʟ prepare ᴛƦ =ᴄᴏЅ PᴅꞮƦ.YON =3ᴍꞮɴIA
ѕᴜʙʀ ᴍꞮᴅ exchange
ᴘᴀЅ dance ᴅᴘᴠ
ɴᴇɢ see =3ᴍꞮɴIA ɴᴇɢ
and
thing
priest
be.like =3ᴍꞮɴIA
ᴘᴄꜰʟ.hand =1ᴍꞮɴII
ѕᴜʙʀ
ɴᴍʟᴢ1 pray ɴᴍʟᴢ.ᴘᴄꜰʟ =1ᴀᴜɢII
jump GᴅꞮƦ.UP PᴅꞮƦ.HITHER =1ᴀᴜɢII
ᴀᴄᴄ =1ᴍꞮɴII
Ʀʟ go GᴅꞮƦ.DOWN =1ᴀᴜɢI
ᴍꞮᴅ say PᴅꞮƦ.YON =3ᴍꞮɴIA
=1ᴀᴜɢI
ᴘꜰᴠ
ᴅᴇᴍ2.ᴅɪѕᴛ
time =3ᴍꞮɴII
those
ᴘᴄꜰʟ.ʙ&ɢ
people
shoot PᴅꞮƦ.YON =3ᴍꞮɴIA
thing
Neboi
manager
ᴘᴄꜰʟ.hand =1ᴀᴜɢII
child
name =3ᴍꞮɴII
ꞮƦƦ two
but
there
and
be.1ᴀᴜɢII
hang
Ʀʟ pray =ᴄᴏЅ PᴅꞮƦ.YON =3ᴍꞮɴIS
Daniel
there
and
priest
die.out
year
but
there
ѕᴜʙʀ
ᴅᴇᴍ2.ᴅɪѕᴛ
ɴᴍʟᴢ1 jump GᴅꞮƦ.DOWN always ɴᴍʟᴢ.ᴘᴄꜰʟ PᴅꞮƦ.YON
ᴄᴏᴍ.
ᴅᴇᴍ2.ᴅɪѕᴛ
but
ᴘᴄꜰʟ.food =3ᴀᴜɢII
ɢᴇɴ1ᴀ =3ᴍꞮɴII ᴘʟ
ᴍꞮᴅ say PᴅꞮƦ.YON
ᴘꜰᴠ
year
ᴅᴀᴛ =1ᴍꞮɴII
ѕᴜʙʀ
be.12ᴍɪɴII
so.then
but
ᴅᴇᴍ2.ᴅɪѕᴛ
Ʀʟ sit around ᴀᴘᴘʟ =ᴄᴏЅ =1ᴀᴜɢI
headmaster
ᴘᴄꜰʟ.rsbl =3ᴍꞮɴII
ᴘꜰᴠ
be ꞮɴᴛЅ =ᴄᴍᴘʟ
be.1ᴀᴜɢII
3ᴀᴜɢ1 crawl ᴅЅᴛƦ =3ᴀᴜɢIS
and
travel PᴅꞮƦ.HITHER =1ᴍꞮɴI.ᴄᴍʙ
ᴅᴇᴍ2.ᴅɪѕᴛ
ɴᴍʟᴢ1 cover GᴅꞮƦ.DOWN ɴᴍʟᴢ.ᴘᴄꜰʟ PᴅꞮƦ.HITHER
Ʀʟ ᴍꞮᴅ say =ᴄᴏЅ PᴅꞮƦ.HITHER =3ᴍꞮɴIA
ᴘꜰᴠ
food
outrigger
war
dat=3augII
want
committee
ꞮƦƦ exchange =3ᴍꞮɴIA
chicken;.bird
be.schooled
ɴᴍʟᴢ1 make ɴᴍʟᴢ.ᴘᴄꜰʟ =3ᴍꞮɴII
man
ᴛᴘɴʏᴍ
ᴅᴇᴍ2.ᴅɪѕᴛ
ᴄᴏᴍ.
rain
time
ѕᴜʙʀ
and
room
cyclone
Bznwz.vil
man
ѕᴜʙʀ
but
cross
ꞮƦƦ write
Nagu
ᴅᴀᴛ =3ᴍꞮɴII
and
travel ꞮɴᴛЅ GᴅꞮƦ.IN
ᴅᴇᴍ2.ᴅɪѕᴛ
ᴘꜰᴠ
Ʀʟ teach =ᴄᴏЅ =1ᴍꞮɴI
fish
ꞮƦƦ be.good =3ᴍꞮɴIS
school
Bznwz.vil
ѕᴜʙʀ big
ᴄᴏᴍ.
ᴅᴇᴍ2.ᴅɪѕᴛ
Ʀʟ be
ᴅᴇᴍ2.ᴅɪѕᴛ
ɴᴍʟᴢ1 go GᴅꞮƦ.UP ɴᴍʟᴢ.ᴘᴄꜰʟ =3ᴍꞮɴII
Pa'lz
because
Ʀʟ.3ᴀᴜɢ rule;.rule =3ᴀᴜɢIA
foreigner
ɴᴍʟᴢ1 bomb ɴᴍʟᴢ.ᴘᴄꜰʟ =3ᴍꞮɴII
ᴛᴘɴʏᴍ
ѕᴜʙʀ
area
and
chicken;.bird
and
Ʀʟ.3ᴀᴜɢ teach =3ᴀᴜɢIS
ᴘꜰᴠ
ᴘᴀЅ spotted GᴅꞮƦ.DOWN
medicine
ɴᴍʟᴢ1 make ᴠƦ
ᴀᴛ.фɴᴛ.ᴘʟ.ᴘʟ
ship
time =3ᴍꞮɴII
be.3ᴍɪɴII
chest
or
because
carry ꞮɴᴛЅ GᴅꞮƦ.DOWN =3ᴍꞮɴIA
Ʀʟ cut =3ᴍꞮɴIA
ꞮƦƦ tell ᴛƦ PᴅꞮƦ.HITHER =3ᴍꞮɴIA
3ᴀᴜɢ1 remove GᴅꞮƦ.UP PᴅꞮƦ.HITHER =3ᴀᴜɢIA
long;.finger.or.toe.nails GᴅꞮƦ.OUT PᴅꞮƦ.HITHER
ᴘꜰᴠ
3ᴀᴜɢ1 start =3ᴀᴜɢIA
travel
demon
priest
mountain
name =3ᴍꞮɴII
ᴅᴇᴍ2.ᴅɪѕᴛ
those
side
God
here
USA,.AMERICA
Jesus
place
if
Ʀʟ take =ᴄᴏЅ PᴅꞮƦ.HITHER =3ᴍꞮɴIA
village
ѕᴜʙʀ
ᴅᴇᴍ2.ᴅɪѕᴛ
Neboi
there
ѕᴜʙʀ wet
a
Alankaula
father =1ᴍꞮɴII
go ᴅᴘᴠ
behind
again
know PᴅꞮƦ.YON =3ᴍꞮɴIA
and
adze
Natqgu
ᴘꜰᴠ
ɴᴍʟᴢ1 go FOLLOW =ᴄᴏЅ ɴᴍʟᴢ.ᴘᴄꜰʟ =3ᴍꞮɴII
and
make
and
ѕᴜʙʀ
school
ѕᴜʙʀ big
ᴅᴇᴍ1.ᴅɪѕᴛ
ᴘꜰᴠ
Ʀʟ stand ꞮɴᴛЅ GᴅꞮƦ.OUT PᴅꞮƦ.HITHER =3ᴍꞮɴIS
ꞮƦƦ be
and
body =1ᴀᴜɢII
ᴅᴀᴛ =3ᴍꞮɴII
ɴᴇɢ allow ᴀᴘᴘʟ PᴅꞮƦ.HITHER =3ᴍꞮɴIA ɴᴇɢ
ѕᴜʙʀ
so.then
ᴘꜰᴠ
ѕᴜʙʀ
God
Bznwz.vil
cloth
mind =3ᴀᴜɢII
bad =12ᴀᴜɢI
ѕᴜʙʀ
village
be
and
mind =1ᴍꞮɴII
ᴅᴇᴍ1.ᴘʀᴏχ ᴘʟ
ɴᴍʟᴢ1 return ɴᴍʟᴢ.ᴘᴄꜰʟ PᴅꞮƦ.HITHER =1ᴀᴜɢII
tree
ᴘᴄꜰʟ.ʙ&ɢ =3ᴀᴜɢII
lake
and
long ꞮɴᴛЅ
none.;.lack;.none
3ᴀᴜɢ1 want =ᴄᴏЅ
ᴅᴇᴍ2.ᴅɪѕᴛ
USA,.AMERICA
Ʀʟ two GᴅꞮƦ.IN =ᴄᴏЅ PᴅꞮƦ.YON
child
ѕᴜʙʀ three
piece.of.wood
ᴅᴇᴍ2.ᴅɪѕᴛ
ᴅᴀᴛ =3ᴍꞮɴII
go PᴅꞮƦ.HITHER =3ᴍꞮɴIS
this.way
bush
ᴅᴇᴍ2.ᴅɪѕᴛ
ᴘᴄꜰʟ.rsbl
USA,.AMERICA
point.of.land;.point;.point
time
Ʀʟ finish GᴅꞮƦ.OUT =1ᴀᴜɢI
ᴅᴀᴛ =1ᴍꞮɴII
those
mat
ѕᴜʙʀ
time =3ᴍꞮɴII
course
those
typist
and
monk
and
ᴅᴇᴍ2.ᴅɪѕᴛ
a
man
none.;.lack;.none
ѕᴜʙʀ marry
ᴘᴄꜰʟ.ʙ&ɢ
ɢᴇɴ1ᴀ
manioc
and
ѕᴜʙʀ
say PᴅꞮƦ.YON
doctor
coconut
ɢᴇɴ1ᴀ
again
and
rope
be.like =3ᴍꞮɴIA
ᴘᴄꜰʟ.hand =3ᴍꞮɴII
JUNE
ᴍꞮᴅ say .BZ(PDIR.YON)=O(1MINI)
CHAIRMAN
Ʀʟ cook ᴀᴘᴘʟ =2ᴀᴜɢI
ѕᴜʙʀ
history
house
breadfruit
priest
ᴀᴄᴄ =1ᴍꞮɴII
ᴄᴏᴍ.
ɴᴍʟᴢ1 ᴍꞮᴅ smoke ɴᴍʟᴢ.ᴘᴄꜰʟ =1ᴀᴜɢII
ɢᴇɴ1ᴀ =1ᴍꞮɴII
word
ѕᴜʙʀ
ѕᴜʙʀ
ꞮƦƦ teach again =1ᴍꞮɴI
ѕᴜʙʀ
night
ᴍꞮᴅ say PᴅꞮƦ.HITHER =3ᴍꞮɴIA
wooden.bowl
day
green
alas
name
ɴᴍʟᴢ1 ᴍꞮᴅ say =3ᴀᴜɢIA
Narnztilolx.(village)
ᴘꜰᴠ
there
ᴀᴄᴄ =1ᴍꞮɴII
ᴄᴀᴜЅ reply PᴅꞮƦ.YON =3ᴍꞮɴIA
medicine
ᴘᴄꜰʟ.inherent =3ᴍꞮɴII
room
cross
village
be.difficult
be.schooled
name =3ᴍꞮɴII
Ʀʟ hang GᴅꞮƦ.IN
one
image
3ᴀᴜɢ1 live,.stay ꞮɴᴛЅ =ᴄᴏЅ just
ᴀᴛ.фɴᴛ.ᴘʟ.ᴘʟ
ɴᴍʟᴢ1 teach ɴᴍʟᴢ
ᴄᴏᴍ.
tree
ᴘꜰᴠ
there
eat GᴅꞮƦ.UP =ᴄᴏЅ =1ᴀᴜɢI
ɴᴍʟᴢ1 cold ɴᴍʟᴢ.ᴘᴄꜰʟ =3ᴍꞮɴII
ᴅᴇᴍ2.ᴅɪѕᴛ
ɴᴇɢ allow ᴀᴘᴘʟ .BZ(PDIR.YON)=O(1MINI) ɴᴇɢ
ɴᴍʟᴢ1 live,.stay ɴᴍʟᴢ.ᴘᴄꜰʟ =1ᴀᴜɢII
English
ꞮƦƦ go PᴅꞮƦ.HITHER =1ᴀᴜɢII
back.part =1ᴍꞮɴII
and
where
two;.couple
monk
ᴘꜰᴠ
year
hear =3ᴍꞮɴIA =3ᴍꞮɴIIP
there
ɴᴍʟᴢ1 become ɴᴍʟᴢ.ᴘᴄꜰʟ =1ᴍꞮɴII
go .BZ(PDIR.YON)=O(1MINI)
Aijz
both
house
ᴅᴇᴍ2.ᴅɪѕᴛ
and
Ʀʟ.3ᴀᴜɢ go GᴅꞮƦ.OUT =ᴄᴏЅ PᴅꞮƦ.YON =3ᴀᴜɢIS
part,.piece
ship
ᴅᴇᴍ2.ᴅɪѕᴛ =ᴄᴏЅ
Ilztrkalr
ᴅᴀᴛ =3ᴍꞮɴII
Ʀʟ.3ᴀᴜɢ fly afterward =3ᴀᴜɢIS
ᴍꞮᴅ say PᴅꞮƦ.YON
ᴄᴀᴜЅ cook ᴅᴘᴠ =ᴄᴏЅ .BZ(PDIR.YON)=O(1MINI)
ᴅᴇᴍ2.ᴅɪѕᴛ
ѕᴜʙʀ
ᴅᴇᴍ2.ᴅɪѕᴛ
ѕᴜʙʀ
paper
take.hold.of ᴛƦ PᴅꞮƦ.YON
there just
ᴘꜰᴠ
WIRELESS
Фɴᴛ.ᴘʟ
if
those
ѕᴜʙʀ big
sick
so.then
and
finish ꞮɴᴛЅ GᴅꞮƦ.DOWN also =3ᴍꞮɴIS
father =1ᴍꞮɴII
because
market
Ʀʟ see =ᴄᴏЅ =1ᴍꞮɴI
thing
ѕᴜʙʀ
mind
go
things.of
high
ꞮƦƦ show;.show;.prove ᴛƦ ᴀᴘᴘʟ PᴅꞮƦ.YON
church.building
child
ᴅᴇᴍ1.ᴘʀᴏχ
ᴅᴇᴍ2.ᴅɪѕᴛ
ᴅᴇᴍ2.ᴅɪѕᴛ
fly
ᴏƦᴅ two
ten
man
miracle
ѕᴜʙʀ
ᴘᴄꜰʟ.inherent =3ᴍꞮɴII
ᴅᴇᴍ2.ᴅɪѕᴛ
ɢᴇɴ1ᴀ =3ᴀᴜɢII
typewriter
ɴᴍʟᴢ1 ᴄᴀᴜЅ go ɴᴍʟᴢ.ᴘᴄꜰʟ PᴅꞮƦ.HITHER =3ᴍꞮɴIA
thing
year
word
grass
because
place
dat=3augII
themselves
ᴅᴇᴍ2.ᴅɪѕᴛ
tower
ᴅᴇᴍ2.ᴅɪѕᴛ
ѕᴜʙʀ
place
afterward =3ᴍꞮɴIS
ᴄᴏᴍ.
but
ᴘꜰᴠ
elders
there
stone
child
be.1ᴀᴜɢII
pineapple
ѕᴜʙʀ 3ᴀᴜɢ1 do.sorcery =3ᴀᴜɢIS
be.schooled
all
be.like =3ᴍꞮɴIA
ѕᴜʙʀ big
one ᴅЅᴛƦ
and
be ᴛƦ =1ᴀᴜɢI
and
these
time
and
and
ᴅᴇᴍ2.ᴅɪѕᴛ
bush
ᴅᴀᴛ =1ᴍꞮɴII
ѕᴜʙʀ
look GᴅꞮƦ.OUT =3ᴍꞮɴIS
coconut.flower.bud
ᴅᴇᴍ1.ᴘʀᴏχ
ɴᴍʟᴢ1 travel GᴅꞮƦ.IN PᴅꞮƦ.HITHER =3ᴀᴜɢIS
ɢᴇɴ1ᴀ
doctor
ᴛᴘɴʏᴍ
companions
father =1ᴍꞮɴII
mind
ᴛᴘɴʏᴍ
ᴘᴄꜰʟ.food =3ᴀᴜɢII
ᴅᴇᴍ2.ᴅɪѕᴛ
time
because
ɴᴍʟᴢ1 go ᴅᴘᴠ ɴᴍʟᴢ.ᴘᴄꜰʟ =1ᴀᴜɢII
but
be.schooled
thing
ᴘꜰᴠ
SOCIETY
boat
there
Melomate
Peter
four just
there
ᴘꜰᴠ
Ʀʟ ᴄᴀᴜЅ tight GᴅꞮƦ.IN much =ᴄᴏЅ =3ᴍꞮɴIA
bishop
captain
there
ꞮƦƦ say PᴅꞮƦ.YON =12ᴀᴜɢI
3ᴀᴜɢ1 be.schooled
surpass VERY GᴅꞮƦ.OUT =3ᴍꞮɴIA
fly instead PᴅꞮƦ.HITHER
tree
tree
ɢᴇɴ1ᴀ
be.like also =3ᴍꞮɴIA
people
piece
sea
town
ɴᴍʟᴢ1 eat ᴀᴘᴘʟ
and
ɴᴍʟᴢ1 go FOLLOW ɴᴍʟᴢ.ᴘᴄꜰʟ =1ᴍꞮɴII
Ʀʟ.3ᴀᴜɢ be =ᴄᴏЅ =3ᴀᴜɢIS
Ʀʟ.3ᴀᴜɢ ᴍꞮᴅ exchange =3ᴀᴜɢIS
way
hold dodge ꞮɴᴛЅ =3ᴍꞮɴII
colour =3ᴀᴜɢII ᴘʟ
child
engine
3ᴀᴜɢ1 watch =3ᴀᴜɢIS
road
ᴘꜰᴠ
village
back.part
Ʀʟ ᴍꞮᴅ say =ᴄᴏЅ PᴅꞮƦ.HITHER
be ᴛƦ =1ᴍꞮɴI
ɴᴍʟᴢ1 travel ɴᴍʟᴢ.ᴘᴄꜰʟ =1ᴀᴜɢII
captain
first
be.1ᴀᴜɢII
ᴅᴇᴍ2.ᴅɪѕᴛ
ɴᴍʟᴢ1 be.schooled ɴᴍʟᴢ
FORM
ɴᴇɢ Ʀʟ.3ᴀᴜɢ shoot =ᴄᴏЅ ɴᴇɢ
and
and
and
back.part =3ᴍꞮɴII
Ʀʟ go.up =ᴄᴏЅ
be
and
ship
food
Nea
needlefish
ѕᴜʙʀ
creator
ᴅᴇᴍ2.ᴅɪѕᴛ
rain
3ᴀᴜɢ1 start =3ᴀᴜɢIS
here
ɴᴍʟᴢ1 ᴍꞮᴅ shape.with.friction ᴀᴘᴘʟ
but
see =ᴄᴏЅ also =3ᴍꞮɴIA
sago.arrow
ᴘᴀЅ do ᴛƦ PᴅꞮƦ.YON
ᴘᴀЅ ᴍꞮᴅ say PᴅꞮƦ.YON
ѕᴜʙʀ one ꞮɴᴛЅ
ꞮƦƦ go GᴅꞮƦ.UP .BZ(PDIR.YON)=O(1MINI)
bag
what
ᴅᴇᴍ2.ᴅɪѕᴛ
but
ѕᴜʙʀ
ᴘꜰᴠ
so.then
war
ɢᴇɴ1ᴀ
ɴᴍʟᴢ1 search ᴛƦ ɴᴍʟᴢ.ᴘᴄꜰʟ =1ᴀᴜɢII
and
ɪɴᴛᴊ
Ʀʟ.3ᴀᴜɢ take PROGRESSIVE =3ᴀᴜɢII
ᴄᴀᴜЅ connect ᴛƦ ꞮɴᴛЅ just =3ᴍꞮɴIA
October
be.like =3ᴍꞮɴIA
water
time
ᴀᴛ.фɴᴛ.ᴘʟ.ᴘʟ
they.here
ꞮƦƦ bandage ᴛƦ
things.of
child
SOUTHERN.CROSS
ɴᴍʟᴢ1 go GᴅꞮƦ.OUT ɴᴍʟᴢ.ᴘᴄꜰʟ =1ᴍꞮɴII
time
Ʀʟ travel ᴀᴘᴘʟ PᴅꞮƦ.HITHER
ѕᴜʙʀ 3ᴀᴜɢ1 little ᴘʟ
Menabz
ѕᴜʙʀ
place
here
ɢᴇɴ1ᴀ
story
ɴᴍʟᴢ1 eat ɴᴍʟᴢ
ᴅᴇᴍ1.ᴘʀᴏχ
VINE.PAPAYA
man
big much =3ᴍꞮɴIA
3ᴀᴜɢ1 be.happy ᴀᴘᴘʟ =3ᴀᴜɢIA
and
stand =ᴄᴏЅ =3ᴍꞮɴIA
ɢᴇɴ1ᴀ
a
and
bigmen
do.not
be.difficult
ɢᴇɴ1ᴀ =1ᴀᴜɢII ᴘʟ
ᴘꜰᴠ
moon.
doctor
captain
ᴘᴀЅ ᴄᴀᴜЅ return
things.of
ꞮƦƦ be ᴀᴘᴘʟ =1ᴍꞮɴII
ᴄᴏᴍ.
Pawa.school
Kirakira
but
ɴᴇɢ stop =ᴄᴏЅ ɴᴇɢ
3ᴀᴜɢ1 take =3ᴀᴜɢIA
house
Ʀʟ take =ᴄᴏЅ
here
there
house
be.3ᴍɪɴII
ѕᴜʙʀ
Ʀʟ.3ᴀᴜɢ powerful
ᴍꞮᴅ say PᴅꞮƦ.HITHER =3ᴍꞮɴIA
ᴄᴀᴜЅ dry =ᴄᴏЅ =1ᴀᴜɢI
little
ɢᴇɴ1ᴀ
sago.arrow
hurry =1ᴀᴜɢI
ɴᴍʟᴢ1 become ɴᴍʟᴢ.ᴘᴄꜰʟ =3ᴍꞮɴII
teachers
Ʀʟ cry =ᴄᴏЅ =1ᴍꞮɴI
ship
name =3ᴍꞮɴII
ᴀᴄᴄ =1ᴍꞮɴII
ɴᴍʟᴢ1 go.out ɴᴍʟᴢ.ᴘᴄꜰʟ =3ᴀᴜɢII
3ᴀᴜɢ1 go UᴅꞮƦ.PATH GᴅꞮƦ.DOWN =ᴄᴏЅ also =3ᴀᴜɢIA
ѕᴜʙʀ one
a
those
but
long.ago
here
wife ᴅᴇᴍ2.ᴅɪѕᴛ
wear =3ᴍꞮɴIS
ᴍꞮᴅ say PᴅꞮƦ.YON
here
because
monk
daylight GᴅꞮƦ.DOWN PᴅꞮƦ.YON =3ᴍꞮɴIA
class
Ʀʟ.3ᴀᴜɢ throw.away ᴀᴘᴘʟ =3ᴀᴜɢII
ɴᴇɢ know =2ᴀᴜɢI ɴᴇɢ
be.like
word =1ᴍꞮɴII
fish ᴛƦ =ᴄᴏЅ
and
Ʀʟ thirsty =ᴄᴏЅ
rain.storm
call.someone =3ᴍꞮɴIA
Ʀʟ ᴄᴀᴜЅ cry =ᴄᴏЅ
crawl UᴅꞮƦ.THROUGH GᴅꞮƦ.OUT =1ᴀᴜɢI
ꞮƦƦ be
ᴘᴄꜰʟ.feel
pass GᴅꞮƦ.UP far
ᴘᴄꜰʟ.hand =3ᴍꞮɴII
ᴅᴇᴍ2.ᴅɪѕᴛ
those
ᴍꞮᴅ see
ɴᴍʟᴢ1 ᴍꞮᴅ see ɴᴍʟᴢ.ᴘᴄꜰʟ PᴅꞮƦ.YON
ᴅᴇᴍ2.ᴅɪѕᴛ
dat=1augII
Ʀʟ lead.from.front;.walk
God
be.3ᴀᴜɢII.
Ʀʟ.3ᴀᴜɢ travel =ᴄᴏЅ =3ᴀᴜɢIS
back.part =3ᴍꞮɴII
ɴᴍʟᴢ1 be.schooled ɴᴍʟᴢ
ᴅᴇᴍ2.ᴅɪѕᴛ
root =3ᴀᴜɢII
doctor
creator
year
but
ѕᴜʙʀ
stay =STILL PᴅꞮƦ.HITHER
ѕᴜʙʀ
bomb
and
ᴅᴇᴍ2.ᴅɪѕᴛ
house
ɴᴍʟᴢ1 fly ᴅЅᴛƦ ɴᴍʟᴢ.ᴘᴄꜰʟ =3ᴀᴜɢII
things.of
ꞮƦƦ be just
ɢᴇɴ1ᴀ =1ᴀᴜɢII
ᴅᴀᴛ =3ᴍꞮɴII
ᴘꜰᴠ
writing
ᴄᴀᴜЅ return PᴅꞮƦ.HITHER =3ᴍꞮɴIA
remove PᴅꞮƦ.HITHER =1ᴍꞮɴI
ɴᴍʟᴢ1 pray GᴅꞮƦ.OUT ɴᴍʟᴢ.ᴘᴄꜰʟ PᴅꞮƦ.HITHER =3ᴀᴜɢIA
body =1ᴍꞮɴII
3ᴀᴜɢ1 ignite ꞮɴᴛЅ GᴅꞮƦ.DOWN =ᴄᴏЅ PᴅꞮƦ.HITHER
Ʀʟ go ᴅЅᴛƦ always =1ᴀᴜɢI
if
ᴅᴇᴍ2.ᴅɪѕᴛ
those
ꞮƦƦ go first =3ᴀᴜɢIS
ѕᴜʙʀ
because
dat=1augII
gray
week
ѕᴜʙʀ
first
ѕᴜʙʀ
depart GᴅꞮƦ.OUT =1ᴍꞮɴI
year
go
ɴᴍʟᴢ1 travel ɴᴍʟᴢ.ᴘᴄꜰʟ =1ᴀᴜɢII
be.3ᴀᴜɢII.
ѕᴜʙʀ
ꞮƦƦ watch hidden GᴅꞮƦ.OUT
bird's.nest.fern
ꞮƦƦ live,.stay hidden GᴅꞮƦ.UP ᴀᴘᴘʟ PᴅꞮƦ.HITHER =2ᴀᴜɢI
and
Jesus
and
boat
chicken;.bird
ɴᴍʟᴢ1 listen ɴᴍʟᴢ.ᴘᴄꜰʟ =3ᴍꞮɴII
stay.back
water
ɴᴍʟᴢ1 fish ɴᴍʟᴢ.ᴘᴄꜰʟ =1ᴀᴜɢII
girl
marry =1ᴍꞮɴI
man ᴅᴇᴍ2.ᴅɪѕᴛ
ɴᴍʟᴢ1 believe ɴᴍʟᴢ.ᴘᴄꜰʟ =3ᴍꞮɴII
again
ᴅᴇᴍ2.ᴅɪѕᴛ
ɴᴍʟᴢ1 go.up ɴᴍʟᴢ.ᴘᴄꜰʟ =1ᴀᴜɢII
time
cross
ꞮƦƦ sit ᴀᴘᴘʟ
ɢᴇɴ1ᴀ
ᴘᴄꜰʟ.hand
tangle GᴅꞮƦ.IN =ᴄᴏЅ =3ᴍꞮɴIS
Ʀʟ bang GᴅꞮƦ.IN =ᴄᴏЅ
3ᴀᴜɢ1 paddle PᴅꞮƦ.YON =3ᴀᴜɢIS
ᴅᴇᴍ2.ᴅɪѕᴛ
ᴅᴇᴍ2.ᴅɪѕᴛ
ᴅᴇᴍ2.ᴅɪѕᴛ
ᴘꜰᴠ
again
be
man
all
ᴍꞮᴅ say =3ᴍꞮɴIA
Ʀʟ travel ᴅЅᴛƦ
little GᴅꞮƦ.IN
ᴘꜰᴠ
ᴘᴄꜰʟ.ʙ&ɢ =3ᴀᴜɢII
ɢᴇɴ1ᴀ =3ᴀᴜɢII
thing
this
ѕᴜʙʀ
ᴛᴘɴʏᴍ
ѕᴜʙʀ
day
ѕᴜʙʀ
Sunday
needlefish
ᴅᴇᴍ2.ᴅɪѕᴛ
USA,.AMERICA
ᴘꜰᴠ
house
ᴘᴄꜰʟ.ʙ&ɢ =3ᴍꞮɴII
MACHINEGUN
Ʀʟ shoot =ᴄᴏЅ ᴀᴘᴘʟ PᴅꞮƦ.HITHER =3ᴍꞮɴIA
ᴅᴇᴍ2.ᴅɪѕᴛ
ꞮƦƦ go ᴅᴘᴠ PᴅꞮƦ.YON =3ᴍꞮɴIA
AFTER
ѕᴜʙʀ
a
ᴘᴄꜰʟ.hand =3ᴀᴜɢII
ᴅᴇᴍ2.ᴅɪѕᴛ
and
arrow
because
grandfather =1ᴍꞮɴII
ᴘᴀЅ roll.round.obj GᴅꞮƦ.IN
point.of.land;.point;.point
be.3ᴀᴜɢII.
book
ɴᴍʟᴢ1 go PROGRESSIVE ɴᴍʟᴢ.ᴘᴄꜰʟ =1ᴀᴜɢII
ɢᴇɴ1ᴀ
ᴘꜰᴠ
be.1ᴀᴜɢII
people
and
3ᴀᴜɢ1 teach ᴛƦ =3ᴀᴜɢIS
companions
brother =1ᴍꞮɴII
ᴄᴏᴍ.
begin GᴅꞮƦ.IN =1ᴍꞮɴI
ᴘꜰᴠ
Melomate
high
and
ѕᴜʙʀ
ᴅᴇᴍ2.ᴅɪѕᴛ
be.like
head =1ᴍꞮɴII
ᴅᴀᴛ =2ᴍꞮɴII
tree
doctor
there
those
there
see GᴅꞮƦ.DOWN PᴅꞮƦ.HITHER
lesser.yam
miracle
school
ᴘꜰᴠ
mind =3ᴍꞮɴII
tree
none.;.lack;.none
rotten GᴅꞮƦ.UP =ᴄᴏЅ PᴅꞮƦ.HITHER
all
ɴᴍʟᴢ1 make ᴠƦ
ѕᴜʙʀ big
none.;.lack;.none
ᴘꜰᴠ
ᴅᴇᴍ2.ᴅɪѕᴛ
money
midday
ᴅᴇᴍ2.ᴅɪѕᴛ
different ᴘʟ
ᴘᴄꜰʟ.hand =3ᴀᴜɢII
because
Ʀʟ go =ᴄᴏЅ PᴅꞮƦ.HITHER
ѕᴜʙʀ
there
Ʀʟ sleep ᴀᴘᴘʟ =1ᴀᴜɢII
Ʀʟ marry ᴀᴘᴘʟ =1ᴍꞮɴII
and
depart GᴅꞮƦ.OUT =1ᴍꞮɴI
ѕᴜʙʀ one
hour
ɢᴇɴ1ᴀ
a
be.1ᴀᴜɢII
child
person
man
ᴅᴀᴛ =3ᴍꞮɴII
ᴛᴘɴʏᴍ
leader
early.evening
ᴅᴇᴍ2.ᴅɪѕᴛ
those
ᴘꜰᴠ
ꞮƦƦ allow ᴀᴘᴘʟ =.MQ(PDIR.HITHER)=Q(2MINI)
this
Ʀʟ be
3ᴀᴜɢ1 convert.s.o. also =3ᴀᴜɢIA
ɴᴍʟᴢ1 make ᴠƦ
clam
ᴛᴘɴʏᴍ
God
ᴀᴄᴄ =1ᴍꞮɴII
ѕᴜʙʀ
ᴅᴇᴍ2.ᴅɪѕᴛ
go PᴅꞮƦ.HITHER =1ᴀᴜɢII
maybe;.I.think
stay stand.naked
shaman
take also PᴅꞮƦ.YON =3ᴍꞮɴIA
Joseph
ᴘᴄꜰʟ.hand =1ᴍꞮɴII
3ᴀᴜɢ1 stand ᴀᴘᴘʟ
rope
miracle
ᴏƦᴅ four
there
ᴘꜰᴠ
ᴘᴄꜰʟ.rsbl =2ᴀᴜɢII ᴘʟ
body =3ᴍꞮɴII
Ʀʟ.3ᴀᴜɢ arrive =ᴄᴏЅ
man
ᴘꜰᴠ
mountain
ᴘᴄꜰʟ.rsbl =3ᴀᴜɢII
chicken;.bird
empty;.empty.of.solids
food
ѕᴜʙʀ big
ᴘꜰᴠ
ᴅᴇᴍ2.ᴅɪѕᴛ
a
ɴᴍʟᴢ1 bang.against GᴅꞮƦ.DOWN ɴᴍʟᴢ.ᴘᴄꜰʟ PᴅꞮƦ.HITHER =3ᴍꞮɴIA
3ᴀᴜɢ1 lay also =3ᴀᴜɢIS
ᴛᴘɴʏᴍ
ᴅᴇᴍ2.ᴅɪѕᴛ
priest
ᴄᴏᴍ.
village
ꞮƦƦ give .BZ(PDIR.YON)=O(1MINI)
body
a
quickly;.quick ꞮɴᴛЅ just
and
ᴅᴇᴍ2.ᴅɪѕᴛ
cough
ɴᴇɢ sleep =ᴄᴍᴘʟ ɴᴇɢ
place
government.(E)
thing
chicken;.bird
live
ᴅᴇᴍ2.ᴅɪѕᴛ
ᴍꞮᴅ go ᴅᴘᴠ PᴅꞮƦ.HITHER
ᴅᴇᴍ2.ᴅɪѕᴛ
cyclone
brown
ᴅᴇᴍ1.ᴅɪѕᴛ
Nea
neck =3ᴍꞮɴII
3ᴀᴜɢ1 be =3ᴀᴜɢIS
be =3ᴍꞮɴII
ᴘꜰᴠ
said again PᴅꞮƦ.HITHER
coconut
ᴅᴇᴍ2.ᴅɪѕᴛ
and
ɴᴍʟᴢ1 walk ɴᴍʟᴢ.ᴘᴄꜰʟ =3ᴀᴜɢII
ᴅᴇᴍ2.ᴅɪѕᴛ
be.schooled
ᴘꜰᴠ
town
ɢᴇɴ1ᴀ
his.nose =3ᴍꞮɴII
Mepalu
ɴᴍʟᴢ1 take ɴᴍʟᴢ
Lrlvz
ѕᴜʙʀ 3ᴀᴜɢ1 big
spade
hear .BZ(PDIR.YON)=O(1MINI)
outrigger
ᴘꜰᴠ
time
ᴅᴇᴍ1.ᴘʀᴏχ
ᴅᴇᴍ2.ᴅɪѕᴛ
ᴅᴇᴍ2.ᴅɪѕᴛ
wait!
yam
ɴᴍʟᴢ1 live,.stay ɴᴍʟᴢ.ᴘᴄꜰʟ =1ᴀᴜɢII
3ᴀᴜɢ1 sleep ᴀᴘᴘʟ =3ᴀᴜɢII
neck =3ᴀᴜɢII
Ʀʟ.3ᴀᴜɢ go GᴅꞮƦ.DOWN =ᴄᴏЅ =3ᴀᴜɢIS
a
mortar
if
Nea
money
Auki
ѕᴜʙʀ
Ʀʟ go GᴅꞮƦ.OUT =ᴄᴏЅ PᴅꞮƦ.HITHER
night
ɴᴇɢ long ɴᴇɢ
March
ᴅᴇᴍ2.ᴅɪѕᴛ
ɴᴍʟᴢ1 do ᴀᴘᴘʟ
ᴘᴄꜰʟ.ʙ&ɢ =3ᴀᴜɢII
MRNZQ.VIL
and
ɴᴍʟᴢ1 see ɴᴍʟᴢ.ᴘᴄꜰʟ
do.not
ѕᴜʙʀ big
be.schooled
ѕᴜʙʀ
a
ɴᴍʟᴢ1 make ᴠƦ
go
ѕᴜʙʀ
wife ᴅᴇᴍ2.ᴅɪѕᴛ
war
go
leader
BAND
ɴᴍʟᴢ1 make ɴᴍʟᴢ.ᴘᴄꜰʟ
3ᴀᴜɢ1 be.happy ᴀᴘᴘʟ =3ᴀᴜɢIA
name =3ᴍꞮɴII
man
ɢᴇɴ1ᴀ
and
because
stand
ѕᴜʙʀ big
and
and
be.schooled
be.1ᴀᴜɢII
Ʀʟ be
and
ѕᴜʙʀ
ᴅᴇᴍ2.ᴅɪѕᴛ
ᴄᴏᴍ.
there
mind
ꞮƦƦ call only
father =1ᴍꞮɴII
be.1ᴀᴜɢII
ᴄᴏᴍ.
ѕᴜʙʀ
ɴᴍʟᴢ1 make ᴠƦ
ᴘꜰᴠ
ꞮƦƦ enter.in =ᴄᴏЅ also =3ᴀᴜɢIS
ɴᴍʟᴢ1 see ɴᴍʟᴢ.ᴘᴄꜰʟ =1ᴍꞮɴII =3ᴍꞮɴIA
ɴᴇɢ reach =3ᴍꞮɴIA ɴᴇɢ
those
ᴘᴀЅ see
and
be.3ᴀᴜɢII.
be.3ᴍɪɴII
just
war
be.3ᴍɪɴII
Ʀʟ go =ᴄᴏЅ
stand ꞮɴᴛЅ just
ᴏƦᴅ four
and
sing =2ᴀᴜɢII
there
ᴄᴏᴍ.
ᴄᴀᴜЅ reply ᴀᴘᴘʟ .BZ(PDIR.YON)=O(1MINI)
travel ᴅᴘᴠ =1ᴀᴜɢI
DECEMBER
be.1ᴀᴜɢII
ᴅᴇᴍ2.ᴅɪѕᴛ
home
ɴᴍʟᴢ1 be ᴠƦ
but
father =1ᴍꞮɴII
but
ѕᴜʙʀ ɴᴇɢ 3ᴀᴜɢ1 marry ɴᴇɢ
ᴅᴇᴍ2.ᴅɪѕᴛ
search =3ᴍꞮɴIS
ꞮƦƦ marry again =1ᴍꞮɴI
Ʀʟ go =ᴄᴏЅ
but
ᴄᴏᴍ.
blood
ɢᴇɴ1ᴀ
ѕᴜʙʀ big
ᴅᴇᴍ2.ᴅɪѕᴛ
ѕᴜʙʀ little
Ʀʟ be
later;.later,.future
ɢᴇɴ1ᴀ =1ᴀᴜɢII
eye =3ᴍꞮɴII
3ᴀᴜɢ1 go first =3ᴀᴜɢIS
ɴᴍʟᴢ1 make ᴠƦ
but
face
Fiu,.Malaita
jump GᴅꞮƦ.DOWN PᴅꞮƦ.YON =1ᴀᴜɢI
be
speak UᴅꞮƦ.PATH PᴅꞮƦ.HITHER =3ᴍꞮɴIA
ᴘꜰᴠ
and
Ʀʟ eat ᴀᴘᴘʟ =1ᴀᴜɢII
here
there
ѕᴜʙʀ
be.schooled
a
Tzlede
ѕᴜʙʀ
first
ƦᴘƦɴ2 ᴅᴇᴍ1.ᴅɪѕᴛ =3ᴍꞮɴII ᴘʟ
ᴘꜰᴠ
thing
ᴘꜰᴠ
hour
and
ᴅᴇᴍ2.ᴅɪѕᴛ
ɴᴍʟᴢ1 go ɴᴍʟᴢ.ᴘᴄꜰʟ =3ᴀᴜɢII
Bznwz.vil
person
Narnztilolx.(village)
group =3ᴀᴜɢII
ᴅᴇᴍ2.ᴅɪѕᴛ
day
ɴᴍʟᴢ1 live,.stay ɴᴍʟᴢ.ᴘᴄꜰʟ =1ᴀᴜɢII
base
and
Lungga
Ʀʟ reach afterward PᴅꞮƦ.YON =1ᴀᴜɢI
here
so.that
said again PᴅꞮƦ.YON
year
ɴᴇɢ ꞮƦƦ kill =3ᴍꞮɴIA ɴᴇɢ
pray ꞮɴᴛЅ just =1ᴀᴜɢI
so.then
time
ᴀᴄᴄ =1ᴍꞮɴII
ᴅᴇᴍ2.ᴅɪѕᴛ
be.schooled
ɴᴍʟᴢ1 speak ɴᴍʟᴢ.ᴘᴄꜰʟ PᴅꞮƦ.YON =3ᴀᴜɢIA
ɴᴇɢ 3ᴀᴜɢ1 many =3ᴀᴜɢIS ɴᴇɢ
if
go.up
moon.
Narnztilolx.(village)
side
place
mother.aunt
life
because
Ʀʟ ᴍꞮᴅ say =ᴄᴏЅ .BZ(PDIR.YON)=O(1MINI)
ѕᴜʙʀ dry
ᴅᴇᴍ2.ᴅɪѕᴛ
trust =1ᴍꞮɴII
where
a
ѕᴜʙʀ
ѕᴜʙʀ big
ᴅᴇᴍ2.ᴅɪѕᴛ
a
Ʀʟ cry =ᴄᴏЅ =3ᴍꞮɴIS
ᴘꜰᴠ
tsunami
ship ѕᴜʙʀ fly
ѕᴜʙʀ
breadfruit
ɢᴇɴ1ᴀ =3ᴍꞮɴII ᴘʟ
but
there
Ʀʟ go GᴅꞮƦ.UP
ᴘꜰᴠ
cloth
some
ѕᴜʙʀ
Ʀʟ say =ᴄᴏЅ PᴅꞮƦ.YON =3ᴍꞮɴIA
ɢᴇɴ1ᴀ
one
be.3ᴀᴜɢII.
ᴅᴇᴍ2.ᴅɪѕᴛ
ѕᴜʙʀ
be
ᴅᴇᴍ1.ᴅɪѕᴛ
name =3ᴍꞮɴII
PLACE ᴅᴇᴍ2.ᴅɪѕᴛ
ᴅᴇᴍ2.ᴅɪѕᴛ
and
so.then
Ʀʟ pray =ᴄᴏЅ PᴅꞮƦ.YON =3ᴍꞮɴIS
and
go PᴅꞮƦ.HITHER =3ᴍꞮɴIS
so.then
be.schooled
ᴀᴄᴄ =1ᴍꞮɴII
package,.make.ready ᴛƦ ꞮɴᴛЅ =1ᴀᴜɢI
priest
feel.sad ꞮɴᴛЅ =ᴄᴏЅ ᴀᴘᴘʟ =3ᴍꞮɴII
corner.3D
father =3ᴀᴜɢII
ᴛᴘɴʏᴍ
because
man
ᴅᴇᴍ1.ᴅɪѕᴛ
coconut
pay ᴛƦ =1ᴍꞮɴI =3ᴀᴜɢIS
Фɴᴛ.ᴘʟ
ripe ᴛƦ ꞮɴᴛЅ each =ᴄᴏЅ
Ʀʟ spring ᴛƦ =3ᴀᴜɢIA
all
thing
field
Ʀʟ die =2ᴍꞮɴI
Daniel
people
ɴᴍʟᴢ1 straighten ᴛƦ ɴᴍʟᴢ.ᴘᴄꜰʟ =3ᴀᴜɢII
those
ᴅᴇᴍ2.ᴅɪѕᴛ
ᴄᴏᴍ.
Ʀʟ.3ᴀᴜɢ go GᴅꞮƦ.DOWN =ᴄᴏЅ =3ᴀᴜɢIS
king.tree.greens
ѕᴜʙʀ big
boy
ᴅᴇᴍ2.ᴅɪѕᴛ
that.one ᴅᴇᴍ1.ᴘʀᴏχ
army
and
Ʀʟ oversee .BZ(PDIR.YON)=O(1MINI)
ꞮƦƦ lead =1ᴍꞮɴI
salt.water
ɢᴇɴ1ᴀ
ɴᴍʟᴢ1 leave ɴᴍʟᴢ.ᴘᴄꜰʟ =1ᴀᴜɢII
be.1ᴀᴜɢII
here
child
neck =3ᴀᴜɢII
ᴘᴄꜰʟ.food =3ᴀᴜɢII
Nokz
miracle
ᴅᴇᴍ2.ᴅɪѕᴛ
ѕᴜʙʀ ɴᴇɢ be.good ɴᴇɢ
because
tsunami
ɢᴇɴ1ᴀ
be.3ᴍɪɴII
be.schooled
course
ѕᴜʙʀ
grove
because
all
things
ᴅᴇᴍ2.ᴅɪѕᴛ
outside
thing
ᴅᴇᴍ2.ᴅɪѕᴛ
ɴᴍʟᴢ1 ᴄᴀᴜЅ carry ɴᴍʟᴢ
ᴀᴛ.фɴᴛ.ᴘʟ.ᴘʟ
ѕᴜʙʀ
those
young.man
pull =3ᴍꞮɴIA
ᴄᴏᴍ.
ship
year
time
be.schooled
home
a
WILD.PANA
home
Ʀʟ.3ᴀᴜɢ remove =ᴄᴏЅ
know PᴅꞮƦ.YON =3ᴍꞮɴIA
Ʀʟ watch
ᴅᴇᴍ2.ᴅɪѕᴛ
ѕᴜʙʀ
and
ᴘꜰᴠ
a
Auki
Ʀʟ.3ᴀᴜɢ accompany GᴅꞮƦ.DOWN =ᴄᴏЅ PᴅꞮƦ.YON
point.of.land;.point;.point
ɴᴍʟᴢ1 leave ɴᴍʟᴢ.ᴘᴄꜰʟ =1ᴀᴜɢII
dat=1augII
coconut
Ʀʟ go =ᴄᴏЅ =1ᴀᴜɢI
or
ENGLAND
and
female
word
and
ѕᴜʙʀ
here =ᴄᴏЅ
ᴅᴀᴛ =1ᴍꞮɴII
bishop
Lungga
ɴᴍʟᴢ1 boil ɴᴍʟᴢ.ᴘᴄꜰʟ =3ᴍꞮɴII
miracle
ɴᴍʟᴢ1 convert.s.o. ɴᴍʟᴢ.ᴘᴄꜰʟ =3ᴀᴜɢII
thank ꞮɴᴛЅ ᴀᴘᴘʟ PᴅꞮƦ.YON =1ᴀᴜɢI
bush
ᴅᴇᴍ2.ᴅɪѕᴛ
book
Metalo
priest
ᴘꜰᴠ
ᴅᴇᴍ2.ᴅɪѕᴛ
father =1ᴍꞮɴII
JAPAN
ᴄᴏᴍ.
ѕᴜʙʀ
Ʀʟ ᴍꞮᴅ say =ᴄᴏЅ PᴅꞮƦ.HITHER
first
and
ѕᴜʙʀ
Narnztilolx.(village)
Nea
a
ꞮƦƦ paddle PROGRESSIVE =3ᴀᴜɢIS
want
Ʀʟ search ᴅЅᴛƦ
ѕᴜʙʀ
ɴᴍʟᴢ1 look ᴀᴘᴘʟ ᴘʟᴄᴛ ɴᴍʟᴢ.ᴘᴄꜰʟ =1ᴀᴜɢII
year
people
be.1ᴀᴜɢII
people
ɴᴍʟᴢ1 ᴄᴀᴜЅ break.off. GᴅꞮƦ.OUT ɴᴍʟᴢ.ᴘᴄꜰʟ PᴅꞮƦ.HITHER =1ᴍꞮɴI
3ᴀᴜɢ1 startled ᴀᴘᴘʟ
Ʀʟ.3ᴀᴜɢ make =3ᴀᴜɢIS
never.yet
ѕᴜʙʀ
tell ᴛƦ always PᴅꞮƦ.YON =1ᴀᴜɢI
ѕᴜʙʀ
group
ѕᴜʙʀ
be.3ᴍɪɴII
and
breadfruit
ᴘꜰᴠ
ᴘꜰᴠ
there
AFTER
and
world
and
ɴᴍʟᴢ1 dry ɴᴍʟᴢ.ᴘᴄꜰʟ =1ᴀᴜɢII
begin GᴅꞮƦ.IN =ᴄᴍᴘʟ
pay =1ᴍꞮɴI
ᴅᴇᴍ2.ᴅɪѕᴛ
two;.couple
so.then
forgive =ᴄᴏЅ .BZ(PDIR.YON)=O(1MINI)
there
talk ᴄᴀᴜЅ hot PᴅꞮƦ.YON =3ᴍꞮɴIA
things.of
village
ɴᴍʟᴢ1 jump GᴅꞮƦ.IN ɴᴍʟᴢ.ᴘᴄꜰʟ =1ᴀᴜɢII
monk
ѕᴜʙʀ
money
ѕᴜʙʀ
finish GᴅꞮƦ.OUT PᴅꞮƦ.YON =3ᴍꞮɴIS
Meleu
salt.water
ᴀᴛ.фɴᴛ.ᴘʟ.ᴘʟ
and
ᴘꜰᴠ
ᴅᴇᴍ2.ᴅɪѕᴛ
ɴᴍʟᴢ1 return ɴᴍʟᴢ.ᴘᴄꜰʟ =1ᴀᴜɢII
name =3ᴍꞮɴII
Ʀʟ fall much ᴀᴘᴘʟ
ᴍꞮᴅ say =ᴄᴏЅ PᴅꞮƦ.HITHER =3ᴍꞮɴIA
none.;.lack;.none
ᴘᴄꜰʟ.hand =3ᴍꞮɴII
spirit
time
because
room
Ʀʟ ᴍꞮᴅ say =ᴄᴏЅ PᴅꞮƦ.HITHER =3ᴍꞮɴIA
ᴘꜰᴠ
ᴅᴇᴍ2.ᴅɪѕᴛ
ground
ᴀᴄᴄ =1ᴍꞮɴII
ꞮƦƦ go ᴅᴘᴠ =ᴄᴏЅ =1ᴍꞮɴI
ɴᴍʟᴢ1 ᴍꞮᴅ carve ɴᴍʟᴢ.ᴘᴄꜰʟ PᴅꞮƦ.YON =3ᴍꞮɴIA
house
ѕᴜʙʀ
ѕᴜʙʀ
3ᴀᴜɢ1 shoot PᴅꞮƦ.YON =3ᴀᴜɢIA
Ʀʟ.3ᴀᴜɢ hold,.restrain =ᴄᴏЅ =3ᴀᴜɢIA
none.;.lack;.none
ᴅᴀᴛ =1ᴍꞮɴII
want
eye =3ᴍꞮɴII
ᴘꜰᴠ
ᴅᴇᴍ2.ᴅɪѕᴛ
3ᴀᴜɢ1 go around ᴛƦ GᴅꞮƦ.DOWN ᴀᴘᴘʟ PᴅꞮƦ.HITHER =3ᴀᴜɢIA
place
female
ᴅᴇᴍ2.ᴅɪѕᴛ
Meleu
and
ngalinut
ᴅᴇᴍ2.ᴅɪѕᴛ
those
ᴘᴀЅ see
ꞮƦƦ light.the.way .BZ(PDIR.YON)=O(1MINI)
ᴘᴄꜰʟ.ʙ&ɢ =1ᴀᴜɢII
and
black.ant
ᴅᴇᴍ2.ᴅɪѕᴛ
ᴘꜰᴠ
a
ꞮƦƦ help PᴅꞮƦ.HITHER =3ᴀᴜɢIA
and
mind =3ᴍꞮɴII
know PᴅꞮƦ.YON =3ᴍꞮɴIA
ѕᴜʙʀ
ᴘꜰᴠ
ᴛᴘɴʏᴍ
be.3ᴀᴜɢII.
and
ᴏƦᴅ three
child
ɢᴇɴ1ᴀ =1ᴀᴜɢII ᴘʟ
those
ɢᴇɴ1ᴀ
ᴅᴇᴍ2.ᴅɪѕᴛ
JAPAN
ᴄᴏᴍ.
Ʀʟ.3ᴀᴜɢ mock.threaten.with.weapon ᴛƦ =ᴄᴏЅ
those
man
hillside;.hill
ѕᴜʙʀ hot
ѕᴜʙʀ
dat=1augII
Ʀʟ do =1ᴍꞮɴI
there
and
tree
ᴘꜰᴠ
ѕᴜʙʀ many
Ʀʟ be
ᴀᴄᴄ =1ᴍꞮɴII
ɴᴍʟᴢ1 take ɴᴍʟᴢ.ᴘᴄꜰʟ PᴅꞮƦ.HITHER =3ᴍꞮɴIA
ɢᴇɴ1ᴀ
Ʀʟ go =ᴄᴏЅ
fish
ɢᴇɴ1ᴀ =3ᴍꞮɴII
sea
=2ᴍꞮɴI
ꞮƦƦ stay =ᴄᴏЅ PᴅꞮƦ.HITHER
ᴄᴏᴍ.
ᴄᴏᴍ.
ᴀᴄᴄ =1ᴍꞮɴII
because
stand.onto
ɢᴇɴ1ᴀ
time
and
and
spider
ᴍꞮᴅ give PᴅꞮƦ.HITHER
ѕᴜʙʀ
lying.down =3ᴍꞮɴIA
demon
hear .BZ(PDIR.YON)=O(1MINI) =3ᴍꞮɴIIP
Ʀʟ be.good
ship
towel
house
MAST
ᴅᴇᴍ2.ᴅɪѕᴛ
ꞮƦƦ say again PᴅꞮƦ.HITHER =1ᴍꞮɴI
name =3ᴍꞮɴII
time
ѕᴜʙʀ
village
day
ᴘᴄꜰʟ.hand
Ʀʟ.3ᴀᴜɢ take GᴅꞮƦ.DOWN =ᴄᴏЅ =3ᴀᴜɢIA
thing
ᴘꜰᴠ
house
ɢᴇɴ1ᴀ
ɴᴍʟᴢ1 make ɴᴍʟᴢ.ᴘᴄꜰʟ =3ᴍꞮɴII
mountain
so.then
Ʀʟ enter again PᴅꞮƦ.YON =1ᴀᴜɢI
boat
and
and
and
ᴘꜰᴠ
wedding
room
those
none.;.lack;.none
things.of
full ᴛƦ =ᴄᴏЅ =3ᴀᴜɢIS
Ʀʟ go =ᴄᴏЅ also =1ᴍꞮɴI
make ᴀᴘᴘʟ =3ᴍꞮɴII
none.;.lack;.none
image
mind =1ᴍꞮɴII
reach PᴅꞮƦ.HITHER =3ᴍꞮɴIA
earthquake
be.1ᴀᴜɢII
ᴛᴘɴʏᴍ Nea
AFTER
ᴘꜰᴠ
ᴅᴇᴍ2.ᴅɪѕᴛ
hear PᴅꞮƦ.YON =1ᴀᴜɢI
ᴘᴄꜰʟ.ʙ&ɢ =1ᴀᴜɢII
ɴᴇɢ ɴᴍʟᴢ1 say ɴᴍʟᴢ.ᴘᴄꜰʟ PᴅꞮƦ.HITHER =3ᴍꞮɴIA ɴᴇɢ
sun
be.distributed.evenly =1ᴀᴜɢII
ACC.2augᵢᵢ
and
a
ꞮƦƦ be.schooled =1ᴀᴜɢI
ᴅᴇᴍ2.ᴅɪѕᴛ
ꞮƦƦ give PᴅꞮƦ.YON
ѕᴜʙʀ
go PᴅꞮƦ.YON =1ᴀᴜɢI
ᴅᴇᴍ2.ᴅɪѕᴛ
food
and
child
and
ɴᴍʟᴢ1 make ɴᴍʟᴢ.ᴘᴄꜰʟ =1ᴍꞮɴII
writing
cave
be.schooled
different ᴘʟ
begin
village
ꞮƦƦ go UᴅꞮƦ.PATH ꞮɴᴛЅ just =3ᴀᴜɢIA
ᴅᴇᴍ2.ᴅɪѕᴛ
ᴅᴇᴍ2.ᴅɪѕᴛ
and
ᴘꜰᴠ
be.1ᴀᴜɢII
be.2ᴍɪɴII
blow ᴀᴘᴘʟ =3ᴍꞮɴII
reach .BZ(PDIR.YON)=O(1MINI)
ɴᴍʟᴢ1 do ɴᴍʟᴢ.ᴘᴄꜰʟ =3ᴀᴜɢII =3ᴍꞮɴIA
ѕᴜʙʀ
mind =3ᴍꞮɴII
Lwovz
paddle GᴅꞮƦ.OUT .BZ(PDIR.YON)=O(1MINI)
Ʀʟ.3ᴀᴜɢ fly GᴅꞮƦ.UP =ᴄᴏЅ ᴀᴘᴘʟ =3ᴀᴜɢII
go PᴅꞮƦ.HITHER =3ᴍꞮɴIS
ᴅᴇᴍ2.ᴅɪѕᴛ
ᴅᴇᴍ2.ᴅɪѕᴛ
WILD.YAM
take =2ᴀᴜɢI
ᴅᴇᴍ2.ᴅɪѕᴛ
those
ɴᴍʟᴢ1 make ɴᴍʟᴢ.ᴘᴄꜰʟ =1ᴀᴜɢII =3ᴍꞮɴIA
ɢᴇɴ1ᴀ =1ᴍꞮɴII
those
advrs
ship
take GᴅꞮƦ.DOWN PᴅꞮƦ.HITHER =1ᴀᴜɢII
child
and
really
ᴅᴇᴍ2.ᴅɪѕᴛ
cover.from.rain ᴀᴘᴘʟ =1ᴀᴜɢII
child
back.part =3ᴍꞮɴII
book
cross
and
needlefish
Ʀʟ.3ᴀᴜɢ be.friends GᴅꞮƦ.IN together again =3ᴀᴜɢIS
so.then
because
people
a
ɴᴍʟᴢ1 see ɴᴍʟᴢ.ᴘᴄꜰʟ =3ᴍꞮɴII
ѕᴜʙʀ
ѕᴜʙʀ
gun
a
finish GᴅꞮƦ.OUT PᴅꞮƦ.YON =3ᴍꞮɴIS
sea
army
leader
those
ѕᴜʙʀ
ᴀᴄᴄ =1ᴍꞮɴII
ѕᴜʙʀ
midst
and
ᴘꜰᴠ
ᴅᴇᴍ2.ᴅɪѕᴛ
tree
ᴅᴇᴍ2.ᴅɪѕᴛ
all
ɢᴇɴ1ᴀ
dat=1augII
STOREKEEPER
ѕᴜʙʀ
ɢᴇɴ1ᴀ =3ᴍꞮɴII
but
ᴅᴇᴍ2.ᴅɪѕᴛ
ᴅᴇᴍ1.ᴅɪѕᴛ
tree
ɴᴍʟᴢ1 stay,.live,.be ɴᴍʟᴢ.ᴘᴄꜰʟ =1ᴍꞮɴII
3ᴀᴜɢ1 go PᴅꞮƦ.YON =3ᴀᴜɢIS
ѕᴜʙʀ big
father =1ᴍꞮɴII
go .BZ(PDIR.YON)=O(1MINI)
ѕᴜʙʀ
things.of ᴠƦ
Ʀʟ take =ᴄᴏЅ
ѕᴜʙʀ
island
be.3ᴍɪɴII
Ʀʟ look GᴅꞮƦ.IN =ᴄᴏЅ
ѕᴜʙʀ
ᴄᴏᴍ.
and
old.woman
eye =1ᴍꞮɴII
ᴅᴇᴍ1.ᴘʀᴏχ ᴘʟ
lowly
bad exceedingly
Ʀʟ go Ʀᴇᴄᴘ ᴀᴘᴘʟ =3ᴍꞮɴII
Ʀʟ be.demanding ꞮɴᴛЅ GᴅꞮƦ.OUT =STILL
Ʀʟ go =ᴄᴏЅ =1ᴀᴜɢI
time
big ꞮɴᴛЅ
ᴘᴄꜰʟ.food =3ᴀᴜɢII
priest
these
ɴᴍʟᴢ1 war ᴛƦ ɴᴍʟᴢ
and
island
ѕᴜʙʀ
ENGLAND
really
3ᴀᴜɢ1 encounter =3ᴀᴜɢIA
JAPAN
ᴅᴀᴛ =3ᴍꞮɴII
field
ɢᴇɴ1ᴀ
ᴅᴇᴍ2.ᴅɪѕᴛ
and
fall
and
Ʀʟ.3ᴀᴜɢ sleep GᴅꞮƦ.OUT ᴀᴘᴘʟ PᴅꞮƦ.HITHER =3ᴀᴜɢIA
ѕᴜʙʀ
Nea
Ʀʟ sleep ᴀᴘᴘʟ =1ᴀᴜɢII
marry
take ꞮɴᴛЅ =1ᴍꞮɴII
wind
Ʀʟ.3ᴀᴜɢ force GᴅꞮƦ.IN =ᴄᴏЅ =2ᴍꞮɴII
egg
and
Ʀʟ.3ᴀᴜɢ exchange =ᴄᴏЅ ᴘʟ
ᴄᴏᴍ.
those
be.3ᴀᴜɢII.
ᴘᴀЅ exchange ᴀᴘᴘʟ
day
ᴅᴀᴛ =1ᴍꞮɴII
go =ᴄᴏЅ first 2ᴍɪɴII
ᴘᴄꜰʟ.hand =3ᴍꞮɴII
doctor
rat
but
look GᴅꞮƦ.DOWN PᴅꞮƦ.YON
do also =3ᴍꞮɴIA
Ʀʟ.3ᴀᴜɢ be.schooled =3ᴀᴜɢIS
ᴅᴇᴍ2.ᴅɪѕᴛ
but
ɴᴍʟᴢ1 be.happy ɴᴍʟᴢ.ᴘᴄꜰʟ =1ᴀᴜɢII
Ʀʟ say .BZ(PDIR.YON)=O(1MINI)
ᴅᴇᴍ1.ᴅɪѕᴛ
ѕᴜʙʀ
ѕᴜʙʀ
those
those
year
ѕᴜʙʀ
Ʀʟ go =ᴄᴏЅ PᴅꞮƦ.YON =3ᴍꞮɴIS
Ʀʟ.3ᴀᴜɢ ᴍꞮᴅ say =ᴄᴏЅ PᴅꞮƦ.HITHER =3ᴀᴜɢIA
ᴀᴛ.фɴᴛ.ᴘʟ.ᴘʟ
ᴛᴘɴʏᴍ
ᴘꜰᴠ
Ʀʟ request;.ask =ᴄᴏЅ .BZ(PDIR.YON)=O(1MINI)
Ʀʟ be
so.then
who
ѕᴜʙʀ
CAMP
sea.swell
ᴘꜰᴠ
ribs ɢᴇɴ1ᴀ =3ᴍꞮɴII
spirit
3ᴀᴜɢ1 be =ᴄᴏЅ =3ᴀᴜɢIS
Ʀʟ empty OUT.AWAY.FROM =ᴄᴏЅ =3ᴍꞮɴIS
because
Ʀʟ.3ᴀᴜɢ cook =3ᴀᴜɢIS
Ʀʟ return =ᴄᴏЅ =1ᴀᴜɢI
ɴᴍʟᴢ1 leave ɴᴍʟᴢ.ᴘᴄꜰʟ =1ᴀᴜɢII
ᴘꜰᴠ
Ʀʟ big ꞮɴᴛЅ GᴅꞮƦ.OUT =ᴄᴏЅ
two;.couple
ɴᴍʟᴢ1 cry ꞮɴᴛЅ much =3ᴀᴜɢIS
ꞮƦƦ tell ᴛƦ .BZ(PDIR.YON)=O(1MINI)
ᴘꜰᴠ
ᴄᴏᴍ.
SANTA.CRUZ
and
ᴅᴇᴍ2.ᴅɪѕᴛ
ᴄᴏᴍ.
time
not.have;.none.anymore
ᴘᴀЅ puncture ꞮɴᴛЅ
ᴘᴄꜰʟ.drink =3ᴍꞮɴII
see =1ᴍꞮɴI ᴘʟ
manioc
where
and
and
Lungga
Fiu,.Malaita
ᴘᴀЅ plant ᴛƦ
hand =3ᴍꞮɴII
Фɴᴛ.ᴘʟ
priest
ᴘꜰᴠ
be.happy ꞮɴᴛЅ ᴀᴘᴘʟ =3ᴍꞮɴII
Ʀʟ ask =ᴄᴏЅ PᴅꞮƦ.HITHER
thing
see PᴅꞮƦ.YON
remove GᴅꞮƦ.DOWN PᴅꞮƦ.HITHER =2ᴀᴜɢI
and
king.tree.greens
sixth
these
sick always ᴀᴘᴘʟ =1ᴀᴜɢII
big
but
mind
Baengr
neck =3ᴀᴜɢII
ѕᴜʙʀ
so.then
ѕᴜʙʀ
hear PᴅꞮƦ.YON =3ᴍꞮɴIA
ᴘꜰᴠ
stay MNR GᴅꞮƦ.IN =1ᴀᴜɢI
none.;.lack;.none
ѕᴜʙʀ
ᴅᴇᴍ2.ᴅɪѕᴛ
mountain
ᴅᴇᴍ2.ᴅɪѕᴛ
ɴᴍʟᴢ1 school ᴀᴘᴘʟ
ᴘꜰᴠ
body =3ᴍꞮɴII
bag
ᴛᴘɴʏᴍ
Ʀʟ lying.down GᴅꞮƦ.DOWN PᴅꞮƦ.HITHER
ᴘꜰᴠ
eat =1ᴀᴜɢI
doctor
arrow
ᴘꜰᴠ
ᴅᴇᴍ2.ᴅɪѕᴛ
ᴅᴇᴍ2.ᴅɪѕᴛ
there
Pawa.school
miss ꞮɴᴛЅ ᴀᴘᴘʟ
ɢᴇɴ1ᴀ
ᴅᴇᴍ1.ᴅɪѕᴛ
but
ѕᴜʙʀ
ѕᴜʙʀ
be =1ᴀᴜɢII
ѕᴜʙʀ
so.then
be.1ᴀᴜɢII
those
push ꞮɴᴛЅ Ʀᴇꜰʟ PᴅꞮƦ.YON =1ᴀᴜɢI
fathom
ᴅᴇᴍ2.ᴅɪѕᴛ
Ʀʟ enter =ᴄᴏЅ PᴅꞮƦ.HITHER
be.1ᴀᴜɢII
and
listen
ᴅᴇᴍ2.ᴅɪѕᴛ
Baddeley
hear PᴅꞮƦ.YON =1ᴀᴜɢI
ᴘᴀЅ ᴄᴀᴜЅ stand GᴅꞮƦ.OUT ᴀᴘᴘʟ PᴅꞮƦ.HITHER
ᴘꜰᴠ
ɢᴇɴ1ᴀ
ꞮƦƦ sick =3ᴀᴜɢIS
ᴘꜰᴠ
depart GᴅꞮƦ.OUT =1ᴍꞮɴI
Baengr
lesser.yam
ᴅᴀᴛ =3ᴍꞮɴII
and
Lrlvz
ᴅᴇᴍ2.ᴅɪѕᴛ
ѕᴜʙʀ many
ɴᴍʟᴢ1 many ɴᴍʟᴢ.ᴘᴄꜰʟ
ᴘᴄꜰʟ.hand =3ᴍꞮɴII
whistle
but
father
ɴᴇɢ know =1ᴍꞮɴI ɴᴇɢ
Ʀʟ thank =ᴄᴏЅ PᴅꞮƦ.YON =1ᴀᴜɢI
neck =1ᴀᴜɢII
stay PᴅꞮƦ.HITHER =3ᴍꞮɴIS
ɴᴍʟᴢ1 ᴍꞮᴅ take ɴᴍʟᴢ.ᴘᴄꜰʟ =3ᴀᴜɢII
area
these
hillside;.hill
3ᴀᴜɢ1 many
time =3ᴍꞮɴII
none.;.lack;.none
those
Ʀʟ paddle GᴅꞮƦ.OUT =ᴄᴏЅ PᴅꞮƦ.YON =3ᴍꞮɴIS
ɢᴇɴ1ᴀ
ᴘᴄꜰʟ.hand =3ᴍꞮɴII ᴘʟ
Bokapwr
ɴᴍʟᴢ1 see ɴᴍʟᴢ.ᴘᴄꜰʟ =1ᴍꞮɴII =3ᴍꞮɴIA
jump GᴅꞮƦ.IN PᴅꞮƦ.YON =1ᴀᴜɢI
and
see GᴅꞮƦ.OUT PᴅꞮƦ.HITHER =3ᴍꞮɴIA
Ʀʟ lay,.recline ALONG =3ᴍꞮɴIA
moon.
ɴᴍʟᴢ1 make ɴᴍʟᴢ.ᴘᴄꜰʟ =2ᴍꞮɴII
this
and
year
and
there
piece
Ʀʟ write
body =3ᴍꞮɴII
why
ɴᴍʟᴢ1 test.out ɴᴍʟᴢ.ᴘᴄꜰʟ PᴅꞮƦ.YON =3ᴍꞮɴIA
those
ᴘꜰᴠ
reach PᴅꞮƦ.HITHER =3ᴍꞮɴIA
be.good
be =12ᴀᴜɢI
child
ѕᴜʙʀ
a
and
be.3ᴍɪɴII
father =1ᴍꞮɴII
ᴅᴇᴍ2.ᴅɪѕᴛ
cook ꞮɴᴛЅ
mind
ᴘᴄꜰʟ.rsbl =3ᴍꞮɴII ᴘʟ
rain
war
Neboi
flower =3ᴍꞮɴII
stay GᴅꞮƦ.OUT
ɴᴍʟᴢ1 go UᴅꞮƦ.PATH
3ᴀᴜɢ1 lay =3ᴀᴜɢIA
food
shoot again =3ᴍꞮɴIA
ѕᴜʙʀ
time
empty =3ᴍꞮɴIS
ᴍꞮᴅ say PᴅꞮƦ.YON
night
ᴘꜰᴠ
and
ᴘᴀЅ ᴍꞮᴅ give PᴅꞮƦ.YON
ᴘꜰᴠ
father
ᴘᴄꜰʟ.rsbl =3ᴍꞮɴII ᴘʟ
Ʀʟ go =ᴄᴏЅ =1ᴀᴜɢI
pot
father =1ᴍꞮɴII
first
ѕᴜʙʀ
because
ѕᴜʙʀ
ꞮƦƦ stay ᴛƦ GᴅꞮƦ.OUT PᴅꞮƦ.HITHER
ᴍꞮᴅ say ᴀᴘᴘʟ =3ᴍꞮɴII
go PᴅꞮƦ.HITHER =3ᴍꞮɴIS
room
ɢᴇɴ1ᴀ =3ᴍꞮɴII
neck =1ᴀᴜɢII
ɴᴍʟᴢ1 exchange Ʀᴇꜰʟ =3ᴀᴜɢIS
Pa'lz
great.barracuda
chapter
here
creeper.climber
Ʀʟ sit GᴅꞮƦ.OUT ᴀᴘᴘʟ PᴅꞮƦ.HITHER
demon
and
ѕᴜʙʀ
tail
and
Utupua.Is
first
wound.dresser
ѕᴜʙʀ
Ʀʟ ᴄᴀᴜЅ dry ᴀᴘᴘʟ =1ᴀᴜɢII
time
ᴅᴇᴍ2.ᴅɪѕᴛ
tax
those
back.part =1ᴍꞮɴII
ꞮƦƦ jump ᴛƦ ꞮɴᴛЅ
first
thing
ᴛᴘɴʏᴍ
ᴘᴄꜰʟ.hand =12ᴍꞮɴII
offering
ɴᴍʟᴢ1 make ᴛƦ ɴᴍʟᴢ.ᴘᴄꜰʟ PᴅꞮƦ.YON =3ᴍꞮɴIA
house
ꞮƦƦ die GᴅꞮƦ.IN also =1ᴍꞮɴI
thing
canoe
ᴍꞮᴅ say PᴅꞮƦ.HITHER =3ᴍꞮɴIA
pineapple
Ʀʟ see =ᴄᴏЅ =1ᴍꞮɴI
complete
priest
throw GᴅꞮƦ.UP ᴀᴘᴘʟ
ᴅᴇᴍ1.ᴅɪѕᴛ
ᴘꜰᴠ
ɴᴇɢ 3ᴀᴜɢ1 walk ᴛƦ =ᴄᴏЅ =3ᴀᴜɢIA ɴᴇɢ
bomb =3ᴍꞮɴIA
ᴛᴘɴʏᴍ
Joseph
fence
ѕᴜʙʀ big
ɴᴍʟᴢ1 ᴍꞮᴅ spotted GᴅꞮƦ.DOWN ᴀᴘᴘʟ
ɢᴇɴ1ᴀ =3ᴍꞮɴII
ᴅᴇᴍ1.ᴅɪѕᴛ
ɴᴇɢ jump GᴅꞮƦ.IN =2ᴀᴜɢI ɴᴇɢ
be.good
ᴘꜰᴠ
ѕᴜʙʀ little
reach GᴅꞮƦ.UP PᴅꞮƦ.YON =1ᴀᴜɢI
day
and
ɴᴍʟᴢ1 make ɴᴍʟᴢ.ᴘᴄꜰʟ =3ᴍꞮɴII
but
Ʀʟ ᴄᴀᴜЅ cry =ᴄᴏЅ =3ᴍꞮɴIA
a
ɴᴍʟᴢ1 take.leave.of. ɴᴍʟᴢ.ᴘᴄꜰʟ
mind
daughter =2ᴍꞮɴII
time
ᴘꜰᴠ
ɴᴍʟᴢ1 stay ɴᴍʟᴢ.ᴘᴄꜰʟ PᴅꞮƦ.YON
ᴅᴇᴍ2.ᴅɪѕᴛ
hear =1ᴍꞮɴI
house
stay GᴅꞮƦ.IN =ᴄᴏЅ ᴀᴘᴘʟ
outer.reef
ᴀᴛ.фɴᴛ.ᴘʟ.ᴘʟ
ᴛᴘɴʏᴍ
all
ѕᴜʙʀ
priest
cross
MALE.AGENT.OF.ACTION.WHICH.FOLLOWS excessive
ɴᴍʟᴢ1 ᴄᴀᴜЅ stop,.cease ɴᴍʟᴢ.ᴘᴄꜰʟ =3ᴀᴜɢII
a
ꞮƦƦ jump GᴅꞮƦ.IN =1ᴀᴜɢI
GERMANY
ɢᴇɴ1ᴀ
3ᴀᴜɢ1 enter.in also PᴅꞮƦ.HITHER =3ᴀᴜɢIS
be ꞮɴᴛЅ =ᴄᴏЅ =3ᴍꞮɴIS
many =ᴄᴏЅ
ᴘᴄꜰʟ.rsbl =3ᴍꞮɴII
ship
but
equal ᴀᴘᴘʟ
or
bush
those
below
ship
mother.aunt =3ᴍꞮɴII
ɴᴍʟᴢ1 wet ᴀᴘᴘʟ =3ᴀᴜɢII
gun
but
ᴅᴇᴍ2.ᴅɪѕᴛ
ᴅᴀᴛ =1ᴍꞮɴII
Matthias
ɴᴍʟᴢ1 flee GᴅꞮƦ.UP ɴᴍʟᴢ.ᴘᴄꜰʟ =1ᴀᴜɢII
time
here
ɴᴍʟᴢ1 sorry ᴛƦ =1ᴀᴜɢI
Saturday
Ncipx
hillside;.hill
3ᴀᴜɢ1 recognize =ᴄᴏЅ
stand.up PᴅꞮƦ.HITHER =1ᴀᴜɢII
ᴄᴏᴍ.
ᴏƦᴅ three
3ᴀᴜɢ1 dream ᴛƦ =3ᴀᴜɢIA
ᴅᴇᴍ1.ᴅɪѕᴛ
ᴄᴏᴍ.
cover GᴅꞮƦ.DOWN PᴅꞮƦ.HITHER =3ᴍꞮɴIA
CATECHIST
ꞮƦƦ be ꞮɴᴛЅ PᴅꞮƦ.HITHER =1ᴍꞮɴI
ᴀᴄᴄ =1ᴍꞮɴII
try also =3ᴍꞮɴIA
and
ɴᴍʟᴢ1 ᴍꞮᴅ say quickly;.quick ɴᴍʟᴢ.ᴘᴄꜰʟ PᴅꞮƦ.HITHER =3ᴍꞮɴIA
there
ɴᴍʟᴢ1 make ᴠƦ
and
cross
MAST
ᴅᴇᴍ2.ᴅɪѕᴛ
and
ᴅᴇᴍ1.ᴅɪѕᴛ
ɢᴇɴ1ᴀ
be.able =3ᴍꞮɴIA
lack
be
mind =1ᴍꞮɴII
be.1ᴀᴜɢII
side.of.tool
be.3ᴀᴜɢII.
ѕᴜʙʀ
jump ꞮɴᴛЅ GᴅꞮƦ.UP PᴅꞮƦ.HITHER
ꞮƦƦ help Ʀᴇꜰʟ =1ᴀᴜɢII
Ʀʟ stand GᴅꞮƦ.IN PᴅꞮƦ.HITHER
Ʀʟ descend =ᴄᴏЅ =1ᴍꞮɴI
hear =1ᴀᴜɢI
ѕᴜʙʀ