dapet -i
pey- akit
nde
balik
mulai
cekhite
pengawal
wakhi
lot
lot
ekas
gayo
si layakh
kembikhi
[...]-- pige
oleh
lebe
tekhus
geluh
wayang
batin
semakin
si layakh
me- milik -i
okhang.tue
se- tukokh -en
meng- ate -ken
edi
aku
tading -ken
mampu
sesikel
tekh- tandok
penduduk
pe
megah
kalak
modal
tekhuh
su
me- cekhok
masakhakat
sitok
tekh- cape
bage
alas
lot
pudi
kalaki
ni
ni
te
lot
ke- sokhokh -en
galuh
untuk
anak
madhe
mange
ato
bekhangkat ==lah
alas
sikel
lebe
amin lah
se- ekas
m pangan -i
te
kabakh
kakhene
jeme
ahli
khut
ni- ingin -ken
laki ==ne
khaje
me
pe- lawat
pe
pepagi ==ne
bencane
te
ni- bunuh ==ne
mame ==ne
sitok
lebih
keluakhge ==ne
kane
ngeng -ken
me
ni
kane
te
nomokh
nggeluh
meng- anggu
betah
men- dabuh -ken
men- jadi
kelak