commmissurate AOC
him.to
yes
is PST
turn.back AOC
being.AOC
time IN ESS
voice
how
say AOR
that
that
then
if
2sg.abs
it
friend DIR
1sg.ERG
on
disaster
that
1pl.erg
say AOR
if
way
that
say ENT
heart
in.no.way
fear
or
sea OBL GEN
he isn't
1sg.ERG DAT
throw ENT
from.there AND;FOCUS
appear AOC
Sabrillah
as.if
a.while.after
one
sea OBL GEN
himself
on.the.contrary
climb(up),mount AOC
however.COND.FOC
1pl.gen
that
export
say.a.word
my
cop
1sg.ERG
make IMPF
heart OBL SP ESS
refusal.(rus)
say AOR
chapter OBL SP ESS
man ERG
1pl.gen
1pl.abs
maybe
come AOC
village OBL GEN
1pl.abs
1sg.ERG DAT
throne OBL SP ESS
himself ERG GEN
will.not.be
very
one
eye PL OBL SP ESS
go.again,return FUT
1sg.ERG DAT
show PROH
BROUGHT.UP
1pl.gen
ditch OBL DAT
1sg.ERG
girl OBL SB EL
say AOR
one
where PST
right
phone
himself ERG GEN
spring OBL SP ESS AND;FOCUS
that
he.also GEN
is PST
picture
all
them ERG
call ENT
in.no.way
my
station OBL SP ESS
her
head
1sg.ERG
go MSD
person
steed
catch PERF
mother OBL GEN
coming PST SBST
one
say IMC
these OBL DAT
1pl.gen
one
like.that
being
leg
what
dear
then
you
make.ache ENT
1pl DAT
father
good
dear
she DAT
2sg DAT
that,.the.same
owner
come AOC
1sg.ERG DAT AND;FOCUS
border. DIR DAT
you
Idris
well
you.know
sea OBL GEN
father OBL DAT AND;FOCUS
accidentally
one
here
baby
year
look PERF
come.out AOR
say AOR
today
go AOR
man PL
but
with
stay,remain AOR
thousand
country OBL DAT
1sg.ERG DAT
these
with
cop
1sg.ERG DAT AND;FOCUS
"Samur" OBL GEN
more
unclean
what
public OBL DAT
more
neck IN SP ESS
dastan
Ma'am ERG
our
present
go AOC
here.to
go.again,return AOR
say ENT
horse ERG AND;FOCUS
but
be.in.CONT NEG
was
2sg.abs
can.be.NEG
balcony IN ESS
come AOC
what
1sg.ERG DAT
cloth PL
over
found AOR
these
that
one
there
cuting.PTP.MAN
1sg.gen
what
escape IMPF
man
look AOP COND
place
old
one
sea OBL GEN
today
cop
ashuq OBL DAT
1pl.abs
shoulder IN SP ESS
good
other
picture
pearls OBL GEN
was
be.in.CONT NEG
dear
day
simple
side OBL SP ESS
go AOC
but
enter FUT
want IMPF PTCP SBST
make,do AOC
war
cop COND
among
moaning;.ahh
neighbor
province IN ESS
you
him.to DAT
then
end
two
give
himself this DAT
boy
very
keep,defend AOR
take AOR
come AOC
go AOR
black
but
enter OBL GEN
how
appear AOC
then
story
like.this
1pl.erg
brother ERG
1sg.gen
say.IMPV
chapter ERG GEN
come AOC
water
say AOR
that
but
leg
fortress PL OBL GEN
house OBL DAT
happened PERF COND
come
lawyer PL
child PL
remove AOC
father OBL DAT AND;FOCUS
stay,remain AOR
2sg.gen
deceive AOC
dear
sea OBL GEN
say AOR
dog
fifteen
2sg.gen
say AOR
dear
bug
talk AOR
house
father
look AOC
beautiful
it
himself this DAT
say ENT
1pl.abs
(historical).story OBL GEN
down
say ENT
say AOR
baby PL
what
say ENT
I.wonder
here
house PL
go AOR
young
1pl.erg
himself ERG GEN
he
one
this ABS
principle OBL DAT
window IN EL
this
say AOR
himself ERG GEN
it
that,.the.same
1pl.abs
appear AOC
agreement PL
here.from
give PERF
bush PL IN EL
say ENT
handful
one
knowledge
1sg.ERG
keep,defend FUT
great
child PL OBL SP ESS
bathhouse OBL DAT
knowledge
front
good
where.to
one
IT.WILL.BE.DONE
say AOR
nail OBL SB EL
balcony IN EL
eeh
1sg.gen
go ENT
say AOR
chance
sea OBL GEN
like.that
this.one
today PURP
say ENT
him.to AND;FOCUS
brother OBL SP ESS
and
place
1sg.ERG
him.to AND;FOCUS
say AOR
Lithuania OBL GEN
put HORT
wing
himself OBL GEN
robber
love OBL SB EL
sugarcube PL
you
1sg.ERG
open AOR
write
whirlpool
1sg.ERG
with DAT
draw OPT
one
was
now
one
1sg.ERG
say ENT
be.AOP.COND
one
castle PL
up
give IMPF
dog
one
say ENT
go ENT
fortress PL
there
boy OBL PT ESS
start AOR
THIRTY
country OBL DAT
and
walk AOR
now
give IMC
go AOC
give AOP
good
like
boy ERG AND;FOCUS
good
merry
1pl.abs
But
look AOP COND
one
vacation
go ENT
look IMPF
beautiful
Bilesuvar.to OBL DAT
1sg.ERG
TWENTY.FIVE
like.that
say AOR
put.under PERF
buy AOC
before
often
cop.PST.NEG
every
say ENT
she
say AOR
face ERG
thing AND;FOCUS
but
one AND;FOCUS
betrothed
hay PL
1sg.ERG DAT
coincidence
you.know
look ENT
our
want ENT PTCP
two
grandfather OBL GEN
say AOR
german.person PL OBL GEN
man OBL DAT
knowledge AOC
but
go.down AOC
hand
look AOC
son
eeh
bread
so.much
horse OBL SP ESS
wife
himself ERG DAT
say ENT
say ENT
be.born INF
stay,remain AOR
say AOR
talis
picture
actually
ashamed
start AOR
sea OBL GEN
what
sea OBL GEN
every
then
say AOR
come ENT
2sg.abs ERG AND;FOCUS
forma
one
red
Chukotka
sea OBL GEN
behind
say AOR
or
dear
one
come PERF PST
1sg.ERG
that
country OBL DAT
him.to GEN
open AOR
word
1sg.ERG
1sg.ERG DAT
2sg.abs
REACHED
himself ERG
2sg.gen
that
what
look IMPF NEG Q
after
soil
night OBL GEN
2pl.abs
great
jump IMPF
what