N
@@@ =1ᴍꞮɴII
V Ʀʟ =ᴄᴏЅ =1ᴀᴜɢI
CONJ
@@@ ɴᴍʟᴢ1 ɴᴍʟᴢ.ᴘᴄꜰʟ =2ᴍꞮɴII
N
CONJ
CONJ
PREP
pro
Perspro
A-D-P2
N
N
@@@ ᴘꜰᴠ
N
RPRN
RPRN
CONJ
@@@ GᴅꞮƦ.DOWN =1ᴍꞮɴI
RPRN
N
RPRN
CONJ
N
@@@ GᴅꞮƦ.IN PᴅꞮƦ.YON =1ᴀᴜɢI
@@@ PᴅꞮƦ.HITHER =1ᴀᴜɢII
@@@ Ʀʟ =1ᴍꞮɴI
N(kxcl)
Particle
Ord ᴏƦᴅ
@@@ ꞮƦƦ =ᴄᴏЅ =3ᴀᴜɢIA
Particle
V
RPRN
PREP
RPRN
N
Particle
@@@ ꞮɴᴛЅ ᴀᴘᴘʟ
N
Particle
CONJ
PREP
RPRN
CONJ
N
nprop USA,.AMERICA
CONJ
N =1ᴍꞮɴII
Det
Particle
PREP
N
PREP
CONJ
@@@ Ʀʟ.3ᴀᴜɢ ᴍꞮᴅ =3ᴀᴜɢIS
@@@ =1ᴍꞮɴII
RPRN
Det
@@@ Ʀʟ =ᴄᴏЅ
RPRN
PN
N(kxcl)
@@@ ᴄᴀᴜЅ ᴀᴘᴘʟ .BZ(PDIR.YON)=O(1MINI)
CONJ
N
@@@ Ʀʟ ᴍꞮᴅ =ᴄᴏЅ PᴅꞮƦ.YON =3ᴍꞮɴIA
N
PREP
A-D-P2 =1ᴍꞮɴII
Particle
A-D-P2
interrog
Particle
PREP
PREP
CONJ
Ncomp
PREP
A-D-P2
Ncomp ROOSTER.TAIL
N
PREP
N
N
@@@ ɴᴇɢ ɴᴍʟᴢ1 ɴᴍʟᴢ.ᴘᴄꜰʟ =ᴄᴏЅ ONLY =1ᴀᴜɢII ɴᴇɢ
PREP
Particle
@@@ Ʀʟ ᴍꞮᴅ =ᴄᴏЅ PᴅꞮƦ.YON =3ᴍꞮɴIA
@@@ ɴᴍʟᴢ1 ᴍꞮᴅ ɴᴍʟᴢ.ᴘᴄꜰʟ =1ᴍꞮɴII
CONJ
CONJ
N
Ncomp
@@@ ᴛƦ GᴅꞮƦ.IN ɴᴍʟᴢ.ᴘᴄꜰʟ =1ᴍꞮɴII
@@@ ᴘꜰᴠ
@@@ GᴅꞮƦ.DOWN PᴅꞮƦ.HITHER
Particle
N
A-D-P2 =3ᴍꞮɴII
RPRN
Adj ᴘʟ
@@@ ɴᴇɢ ꞮƦƦ =ᴄᴏЅ ɴᴇɢ
Posspro =1ᴀᴜɢII
N
PREP
N
N
Perspro
@@@ ᴘꜰᴠ
N
N ɴᴍʟᴢ1 ᴍꞮᴅ ɴᴍʟᴢ
@@@ ᴅᴘᴠ ꞮɴᴛЅ GᴅꞮƦ.IN =1ᴀᴜɢI
Particle
PREP
RPRN
Particle
RPRN
A-D-P2 3ᴀᴜɢ1 ᴀᴘᴘʟ =3ᴀᴜɢII
@@@ ᴍꞮᴅ ᴀᴘᴘʟ =1ᴀᴜɢII
PREP
A-D-P2
Adv
C-fix-Nom
@@@ PᴅꞮƦ.HITHER
N
Det
PREP
PN
@@@ Ʀʟ UᴅꞮƦ.PATH GᴅꞮƦ.OUT
N
C-fix-Nom
N
N
V
C-fix-Nom
@@@ Ʀʟ ᴀᴘᴘʟ =ᴄᴏЅ =1ᴀᴜɢI
RPRN
PREP
PN
Perspro ᴀᴄᴄ =1ᴍꞮɴII
PREP
Perspro
N
N
@@@ ɴᴍʟᴢ1 ɴᴍʟᴢ.ᴘᴄꜰʟ =1ᴍꞮɴII
PCLF =3ᴀᴜɢII
N
PREP
@@@ PᴅꞮƦ.HITHER =3ᴍꞮɴIA
@@@ PᴅꞮƦ.YON =1ᴀᴜɢI
PREP
V
Particle
@@@
@@@ ᴘꜰᴠ
Particle
N
V ꞮƦƦ ᴍꞮᴅ ᴀᴘᴘʟ
PREP
@@@ ɴᴍʟᴢ1 ɴᴍʟᴢ.ᴘᴄꜰʟ
pro
Perspro
CONJ
Particle
N CARTON
CONJ
PREP
C-fix-Nom
RPRN
N
GEN
@@@ PᴅꞮƦ.HITHER =1ᴍꞮɴI
V =1ᴀᴜɢI
@@@ ᴄᴀᴜЅ GᴅꞮƦ.UP ᴀᴘᴘʟ
@@@ Ʀʟ ᴀᴘᴘʟ =1ᴍꞮɴII
@@@ ᴘᴀЅ ᴍꞮᴅ
N
N
NEG
N
@@@ Ʀʟ =3ᴍꞮɴIA
RPRN
PREP
Particle
N
PREP
N
N
@@@ ᴘꜰᴠ
vt Ʀʟ OUT.AWAY.FROM
N
RPRN
@@@ ᴍꞮᴅ =3ᴍꞮɴIA
PREP
CONJ
N
Adv
Particle
CONJ
PREP
@@@ ᴘꜰᴠ
PREP
@@@ Ʀʟ =ᴄᴏЅ PᴅꞮƦ.HITHER =3ᴍꞮɴIA
@@@ GᴅꞮƦ.OUT =ᴄᴏЅ 2ᴍꞮɴII
N =1ᴍꞮɴII
N
C-fix-Nom ɴᴍʟᴢ1 ɴᴍʟᴢ
CONJ
N
V PᴅꞮƦ.HITHER
V ꞮɴᴛЅ GᴅꞮƦ.DOWN =3ᴍꞮɴIS
Posspro =3ᴍꞮɴII
PN
RPRN
PN
CONJ
V ɴᴍʟᴢ1 ᴍꞮᴅ =3ᴀᴜɢIA
N
@@@ 3ᴀᴜɢ1 ꞮɴᴛЅ =3ᴀᴜɢIS
V ᴛƦ PᴅꞮƦ.YON
V
GEN
N
Particle
@@@
pro
@@@ ɴᴍʟᴢ1 =ᴄᴏЅ ɴᴍʟᴢ.ᴘᴄꜰʟ =1ᴀᴜɢII
@@@ ɴᴍʟᴢ1 ᴀᴘᴘʟ
Particle
N
@@@ ᴀᴘᴘʟ PᴅꞮƦ.HITHER =3ᴍꞮɴIS
@@@ Ʀʟ PᴅꞮƦ.HITHER
Posspro =3ᴀᴜɢII
nprop JAPAN
@@@ Ʀʟ =ᴄᴏЅ ᴀᴘᴘʟ =1ᴍꞮɴII
N
V ᴘᴀЅ PᴅꞮƦ.YON
@@@ =3ᴀᴜɢII
Posspro =3ᴍꞮɴII
@@@ 3ᴀᴜɢ1 PᴅꞮƦ.HITHER =3ᴀᴜɢIS
V
N
N
@@@ ɴᴍʟᴢ1 ɴᴍʟᴢ.ᴘᴄꜰʟ =1ᴀᴜɢII
PREP
RPRN
V GᴅꞮƦ.OUT PᴅꞮƦ.YON =3ᴍꞮɴIS
N
N
@@@ GᴅꞮƦ.OUT PᴅꞮƦ.HITHER =3ᴍꞮɴIA
PREP
PN
N
@@@ ɴᴍʟᴢ1 =ᴄᴏЅ ɴᴍʟᴢ.ᴘᴄꜰʟ =1ᴀᴜɢII
CONJ
V
NP
N
@@@ Ʀʟ ᴀᴘᴘʟ =1ᴍꞮɴII
Clause =ᴄᴏЅ
CONJ
N
@@@ 3ᴀᴜɢ1 =3ᴀᴜɢIA
Particle
N
N
V
V GᴅꞮƦ.OUT PᴅꞮƦ.YON =3ᴍꞮɴIS
@@@
pro
V FOREVER
PREP
@@@ =3ᴀᴜɢII
@@@ ᴅᴘᴠ PᴅꞮƦ.HITHER =3ᴍꞮɴIA
CONJ
@@@ ꞮƦƦ =3ᴍꞮɴIA
@@@ Ʀʟ =ᴄᴏЅ PᴅꞮƦ.HITHER =3ᴍꞮɴIA
vt ᴘᴀЅ ᴀᴘᴘʟ
N
@@@ Ʀʟ GᴅꞮƦ.UP PᴅꞮƦ.HITHER
@@@
@@@ ᴘꜰᴠ
PREP
@@@ ᴘꜰᴠ
CONJ
CONJ
CONJ
PREP
@@@ Ʀʟ
Perspro
V
@@@ ꞮɴᴛЅ =ᴄᴏЅ
N
N
V
PCLF
pro
RPRN
RPRN
@@@ ɴᴍʟᴢ1 ᴀᴘᴘʟ
CONJ
@@@ ᴘꜰᴠ
N
Particle
Perspro ᴀᴄᴄ =1ᴍꞮɴII
@@@ Ʀʟ GᴅꞮƦ.UP =ᴄᴏЅ
PREP
RPRN
@@@ Ʀʟ.3ᴀᴜɢ =ᴄᴏЅ PᴅꞮƦ.YON
PN
N =3ᴍꞮɴII
PREP
RPRN
N
@@@ ꞮƦƦ GᴅꞮƦ.IN =1ᴀᴜɢI
@@@ ɴᴍʟᴢ1 ɴᴍʟᴢ.ᴘᴄꜰʟ =3ᴀᴜɢII
CONJ
CONJ
@@@ Ʀʟ.3ᴀᴜɢ =ᴄᴏЅ
A-D-P2
V
Perspro
N
nprop JAPAN
CONJ
PN
@@@ GᴅꞮƦ.DOWN ꞮɴᴛЅ =1ᴀᴜɢI
CONJ
V Ʀʟ ᴛƦ =ᴄᴏЅ
@@@ =2ᴍꞮɴI
PREP
SUBR
N =3ᴍꞮɴII
@@@ ᴘꜰᴠ
@@@
N
N WIRE
N
V
N
N
@@@ Ʀʟ GᴅꞮƦ.IN =ᴄᴏЅ PᴅꞮƦ.YON
@@@ ɴᴍʟᴢ1 ᴠƦ
@@@ GᴅꞮƦ.IN =2ᴀᴜɢI
V
RPRN
N(kxcl)
N
@@@ ᴘꜰᴠ
pro
@@@ ᴘꜰᴠ
Posspro
@@@ 3ᴀᴜɢ1 ᴛƦ GᴅꞮƦ.OUT PᴅꞮƦ.HITHER =3ᴀᴜɢIA
@@@ =3ᴀᴜɢII
@@@ ꞮƦƦ PᴅꞮƦ.HITHER =1ᴍꞮɴI
V GᴅꞮƦ.OUT PᴅꞮƦ.HITHER
PREP
CONJ
PREP
Ncomp
N
PREP
Posspro
PCLF
Perspro
@@@
N
A-D-P2
N ꞮɴᴛЅ
PN
@@@ GᴅꞮƦ.IN =1ᴀᴜɢI
@@@ PᴅꞮƦ.HITHER =3ᴍꞮɴIA
@@@
N
@@@ .BZ(PDIR.YON)=O(1MINI)
N
Adv
@@@ PᴅꞮƦ.YON =3ᴍꞮɴIA
N
V ᴘᴀЅ ᴍꞮᴅ PᴅꞮƦ.YON
@@@ 3ᴀᴜɢ1 =3ᴀᴜɢIA
A-D-P2
PN
@@@ Ʀʟ =ᴄᴏЅ =1ᴀᴜɢI
RPRN
CONJ
Particle
CONJ
CONJ
N
N =3ᴀᴜɢII
A-D-P2 =3ᴀᴜɢII
A-D-P2 =3ᴍꞮɴII
N
N
@@@ Ʀʟ =ᴄᴏЅ PᴅꞮƦ.HITHER =1ᴍꞮɴI.ᴄᴍʙ
RPRN
Perspro
Ord ᴏƦᴅ
CONJ
@@@ Ʀʟ.3ᴀᴜɢ PᴅꞮƦ.HITHER
@@@ =1ᴍꞮɴII
N
Particle
N =3ᴀᴜɢII
@@@ ɴᴍʟᴢ1 ɴᴍʟᴢ.ᴘᴄꜰʟ PᴅꞮƦ.HITHER =3ᴍꞮɴIA
CONJ
N
N =3ᴍꞮɴII
@@@ =1ᴍꞮɴI
A-D-P2 =1ᴍꞮɴII
Particle
CONJ
@@@ Ʀʟ =ᴄᴏЅ PᴅꞮƦ.HITHER =3ᴍꞮɴIS
nprop JAPAN
CONJ
@@@ ᴘᴀЅ ᴄᴀᴜЅ ᴀᴘᴘʟ PᴅꞮƦ.YON
V
@@@ ɴᴍʟᴢ1 ꞮɴᴛЅ =3ᴀᴜɢIS
RPRN
nprop
@@@ ᴀᴘᴘʟ =3ᴍꞮɴII
V
PREP
RPRN
N
@@@ 3ᴀᴜɢ1 =3ᴀᴜɢIA
N
Perspro ᴀᴄᴄ =1ᴍꞮɴII
@@@ Ʀʟ ᴍꞮᴅ =ᴄᴏЅ PᴅꞮƦ.YON =3ᴍꞮɴIA
V
Det
@@@ 3ᴀᴜɢ1 =3ᴀᴜɢIA
@@@
Det
Particle
N ɴᴍʟᴢ1 GᴅꞮƦ.IN PᴅꞮƦ.HITHER =3ᴀᴜɢIA
N
Perspro
Particle
Adv
nprop JAPAN
CONJ
@@@ 3ᴀᴜɢ1 =3ᴀᴜɢIA
Det
V
PREP
@@@ Ʀʟ
CONJ
@@@ ꞮƦƦ ᴄᴀᴜЅ GᴅꞮƦ.IN PᴅꞮƦ.YON =12ᴀᴜɢI
PN
N
pro
N
Particle
N
@@@ ᴘꜰᴠ
PREP
@@@ PᴅꞮƦ.YON
PREP
N
Particle
PREP
PREP
N
@@@ ɴᴍʟᴢ1 ɴᴍʟᴢ.ᴘᴄꜰʟ =3ᴍꞮɴII
RPRN
RPRN
@@@ Ʀʟ =1ᴍꞮɴI
Particle
PREP
@@@ ᴍꞮᴅ =3ᴍꞮɴIA
PN
N
@@@ 3ᴀᴜɢ1 GᴅꞮƦ.OUT =3ᴀᴜɢIA
CONJ
Adj
N
@@@ ᴀᴘᴘʟ =1ᴀᴜɢII
Adj
@@@ ꞮƦƦ =1ᴀᴜɢI
@@@
Adv AFTER
N
@@@ ɴᴇɢ =3ᴍꞮɴIA ɴᴇɢ
@@@
PREP
Det
CONJ
Det
N
V ᴘᴀЅ ᴍꞮᴅ PᴅꞮƦ.YON
Particle
RPRN
@@@ .BZ(PDIR.YON)=O(1MINI)
Perspro
V
N