ö- male
- obü -bë ==ngü
medisin
möka
ëbë
kä..
lâde
kâ
a'
ä
poi
më
nim
gât
ne
nim
löpëki
mölë
në- tao -kö ==de
sâ-
tü- vë -dë ==kö
më
më
tü- vë ==pe -mü ==gö
kâ
ba- ==nge
tü- vë ==pe ==kö
më
kâ
tü- yâmne ==pe ==amu
tabâ ëvë ==kö
sâ-
töpnëngö
kä..
- aâlve angidö ==lö
më
sâ-
tü- yöni ==pe ==
pulis
sâ-
bë -ngö ==de
mëtea
älö ==ü
nzkaprlzm
elö
kä.. - siklu
badö
kâng
melömü ==nge -ngü
tömâtu
kä..
la -ngü
mëli
möka
ä
naü
ökalë -mü ==
ä
nabë nepi
mzdxmingr
më
lrlvz
namcx
jun
ëbë
në- ö- pi -bë
kä.. etu
xkxmule
tü- wai ==pe ==ä
e
nikaio
më
tewa
kä..
mnâ -ti ==kö
lrkr'
da
ba- ==nge
nöpakämölë
kâng
mü ==gu
më
pöla
yapilwz -tö ==pe ==
badö
gât
kä..
temë
mëli
ni- ==nge
na- yököpä -kö ==nge
kâ
më
sâ-
esaki
mëli
më
sâ-
kâ
lâ
wiki
- ö- pi -mü ==lö
- mei -tö -
pâ
ä
pi -bë ==le
muöde
ëbü
mcnika
dötü ==de
dâkta
melomate
kä..
mëli
atq
lue
letë
nâbö
- vo ==lö
nzrpibz~kz~pnz'dr
në- ö- vi -ngö
julae
më
më
më
mëli
tonga
kë
kä.. külu
ä
dâkta
më
nâblo
kä.. topwë
tü- male ==le
mnâ ==pe ==ä
na- a- mingö -ngö ==gö
kä..
yököpe
kâ
nüni
dü
në- ya -lë -kö ==gö
ycom
më
- a- tu -pä -ngö -mü
jon
doa
lö
nölâ
pö â ==kö
dakänëng
sâ-
tö- na kölë -mü ==le -u
mwälö ==amu
kä..
biukan
nëlu
annie
kâ
kâ
tü- ama -o ==pe ==
nea
ni- ==nge
mr
tu läblö ==kö
kâ
da
bla
yâpwë
të- wë -ngö
sâ ==de
kä..
a'
nöla
tömâtu
nqesa'
kä.. topwë -ne
rum
merikz
lâsu
tü- apu ==le
töte ==nge
da
tü- tu -pä -ngö -mü
më
muöde
kä..
sâ-
kâ
më
ma
alvëtö ==ä
kâng
samson
kä..
muöde
ilovz
kä..
- ö- pi -lë -mü ==lö
tü- yagoä ==pe ==
nide
a'
të- ö- pi -bë
a- yëlu -mü ==le
ä
mengalu
doa
ä
kâ
metalo
ä
peto
töpnëngö
tö- a- yëlu -mü ==le -u
mnâ
kâ
dötü ==de
nëelangö
ngi
rik
ne
tü- mnë -ëli ==le
napr
töka esë'ngö
natü ==nge
tü- ö- pi ==pe -mü
skul
kai
nzatuo~krnge
nzrmcpxngr
këdung
neke
abötë -tä -ngö ==de
esë'ködö
sâ-
ni ==gö
kë
kämule-esë'
ä
da
nidö
në- pna -ti -kö -bë ==mu
dâ -plä -ti ==pe
a'
- mu ==lö
doa
të- pöpä ==pe ==ngü
ä
lâsu
kä..
na- vë ==ne
nâblo
bulzpi
sâ-
kâ
boi
lömëtangi
iwz
inglan
tü- vë ==pe ==ä
më
nigö
- külu ==pe ==ngü
mwekati
a'
ni- ==nge
ä
ngi
ä
nâblo
sâ ==de
lâsu
muöde
tü- tu -pä -ngö -mü
të- wai -sö -ngö ==dö
a- pü -tö ==le
dötâ'
olvë
ä
tü- ö- pi -bë ==le
badö
blëmë.nuëmu
më
mou
kâ
kâ
na- ya pwë -ti ==pe ==ä
tü- ya -pä ==pe -bë ==
kö.- la
na- ö- yëkö -ngö ==gö
taol
kä..
nzatakqtrpqng
ncmix
kâ
ëbü
suti
mötwë'
lö
kë
kä..
sade
këble -ngü
mëli
kâ
muöde
më
- vë ==ng
kölä -lë ==pe ==le
- bë ==ng
na- ngini -bo
natqgu
tü- vë ==pe -mü
nëköka'ngö
kä..
alëu
më
malaita
ö- pi -mü ==le
kä..
dakänëng
yöbu
kü -o -mü ==le
kä.. etu
tü- esë' -tä -tö -bo
bagö
më
tqyrkrtxpxbz
mou
mnâ -ti ==ä
srpi
ä
tewa
lrlvz
kâng
sâ-
boerger
më
lvepx
- twë ==lö
më
yököpä
badö
nâdö
menabz
nide
në- mnâ -kö ==dö
yagoä kë -ngö
tü- yökö ==pe -ngö
më
doa
lâ
badö
abötë -lvë ==ü
a'
nzkaprtxlzm
ngö
töpengö
ma
na- ngi
nzryrngrkxtr
bongavë
narnztilolx
dzbede
nölâ
nabzn
tü- dwati -mü ==le
ngö
- ötöngö -ti -o ==lö
mëtea
kâ
tömâtu
ö ==gö -ngü
nounâ
më
- külu
kä..
meöikol
nölâkäbü
kä.. möna
kio
skul
bona
më
nâbö
mista
twë ==le
më
badö
sade
nide
lue
më
nölâkäbü ==pe
myä
opäm
më
olvë
- yölü -tö -bë ==lö
kä.. esë'
ei
fox
nöpakämölë
lâsu
më
në- wë -ngö
badö
në- wölö -ngö ==dö
ä
ä
e
ëpwä -tä
tü- ngi
e
ayângölö -alo ==le
kâ
nëyâmnengö
käetu
tqamzblq -pä -mü ==ä
ëbü
alvëtö -ngö ==de
dötwö
lö
ngö
müngö
lâlö
mwi lälö -ngrgr
nâblo
tü- vë -dë ==pe ==kö
skul
në- vë rbr -kö ==dö
muöde
abë
ëbë
jenwzri
nide
tü- lu -nge -o -mü ==le
vë -bë
në- wë -kö
doa
nölâkäbü
kâ
wë ==kö
peto
ä
bamu
tü- pi ==pe -m
kâ
gât
më
sophia
këdung
mü
nigö
kâng
dwalc
pöla
ni- ==nge
kâ
- äpe ==pe -mü
ëbë
trlxpepqu
nigö
skul
da
töau
më
më
muöde
ma -ti -ne -tö
kä.. etu
kâ
wü
male lvi -tä ==de
lâlö
ni- ==nge
- alvëtö ==lö
mönyë ==de
bia
bäki
ngö
dötwö
më
mnâ -tä -o pwz
ä
- rpna' mou -mü ==ng
wo
bot
të- ö- pi ==pe -mü ==lö
mëli
mwekati
më
dötü ==de
a'
- suti
tü- ö- kawi -ti ==kö
ä
më
sâ
tü- oti ==pe ==le
löpëki
ma
lâsu kä.. lvâ
dü
sâ-
lika
sâ ==de
naü
bäki
kâ
wë -ngö
dötü ==de
në- vo -tö -mü ==ng
hill
ä
të- siklu -pä -ngö -mü ==lö
ö ==gö
lâ
lö
më
ni- ==nge
tü- dwati -bë ==le
mwi ==kö
na- ka -bë
rum
oti mou -bë ==le
bona
a'
kâng
pöki
lâ
sâ ==dö
sâ-
tu ==pe ==le
dötü ==de
tü- wäbu -pä -mü ==
tqlakiopeq
në- yökö -mü ==ng
na- ölälvë ==ng
sam
bqtc
lâlö
a'
- mâ
ä
kä..
lâ
yâ -pä
brenda
bwapc
tü- obü -tö ==pe
e
mökâ
kâ
doa
bä -tö -tä pwë
më
nzlvz
rum
më
ä
në- vë -kö ==gö
kä..
tzlede
taol
döka'
ä
esë'
yâ -ti -tä -pwz ==le
blü
tömâtu
jenwzri
nâdö
mökâ
temë
më
mei -tä =NULL
kä.. etu
ke
më
tü- ngelu mou ==ä
ngö
sâ-
nimu
- ötöngö -ngö -bë
sâ-
ö ==de
badö
kuli
na- yapwä -ti -bo
në- wë -ngö
a'
leplë
keapule
tö- vzne ==ka ==kö
katris
kä..
sâ-
dopx
nümü
ëbü
bagö
tobaita
ä
ä
sâ-
ä
sâ-
mëli
awi -tä ==pe
në- aâlve -kö -bo
töte ==nge
më nibö
edwin
kä..
ncnqmz
müngö
jon
tü- küle ==pe -bë ==le
yrlzkile
a- lopli ==ä
a'
köa- li
yâ -tä -bë
mzdealwx
ni- ==nge
löpë
më
në- ö- plamei -ti -kö ==de
lore
kâma
lö
nëyâmnengö
sâ ==de
në- yöle -kö ==de
më
pöla
lâsu
më
në- o -tö -ngö
bot
ö- pi ==le
kâ
oti -mü
na- vë -mi ==pe ==ä
katkis
kä..
më
mnâ -ti ==kö
nëmu
löpë
gü
sâ
mëli
nabö.nabë
doa
lâ
mzizbxlo
sâ-
pi -bë
- mwible -ti ==lö
ayzpr -ti -lë == kai ==ä
trpaliki
nëmu-köde
kâ
më
ngö
tü- mâ ==pe ==ä
ä
kä.. etu
nëöyöngö
sâ-
domaa
mrlikc
bom
- ela -mi
kämu
kâ
kâ
dalö
mëli
ä
ä
në- ö- plx -kö ==dö
ni- ==nge
nâblo
më
tü- ö- pi ==pe -bo
sâ-
tobaita
lö
bisop
të- a- yëlu
me- ngabü
nounâ
ngi
ä
bagö
kâ
lâsu
medisin
tae
leplë
kâ
kä..
sâ-
gwalekana
më
pu
badö
nölâ
më
tengz
nölâ
dwakcrma
ma
na- vë ==kö
amölä
bwapc
amölä
vë -nöbalü -ne ==kö
dötü ==de
më
yöni -ebiö ==pe -ngü
kâ
belo
kio
në- ö- ka -kö -bë
badö
tü- vë ==pe -mü
peto
nipna'
kâ
ba- ==nge
muöde
nölâkäbü
blang
tü- ö- yö -ngö ==ne
sâ-
kä..
tü- mnâ -ti ==kö
elalë -tx -ngö -mü dötwö ==gö
më
kâ
elö
ö- mâ
lâ
sâ-
tü- tu
ä
kä..
amncamu
mëli
- abëo ==ng
vë -bë
ä
në- mu -ngö
muöde
tü- mu ==pe ==kö
biukan
kä.. etu
ne ==dö -ngü
më
tö- kölë ==ä -u
tömâtu
kâ
esablü -pä -mü
më
ma
dü
më
më
bznwz
tü- wäbu -pä -ngö -mü
të- ngöla -lvë -ti ==pe ==lö
më
nâblo
ösakölö -ngö
ma
döka'
ä
tzsiu
kalöla
clq
neboi
myapä -bë -ngü
ä
kö. ==mü
jenwzri
kä..
doa
ngö ==de
a- mwi -ti -tä pwë ==le
da
kä..
ka
mökâ
mëtea
sâ-
nëlu
lcsu.r.vea
mq
kâ
më
ä
nc.soli
- alvëtö -
leplë
nide
ä
ä
mölë
kä..
të- vë -ki -pä ==lö
kâ
ëbü
ëbü
bea
mökâ
tü- vo ==be
nëyölëngö.nëyölë
na- ngelu -ngö
ä
më
kranzlvqnq
kä..
në- o -ägle ==lö
rpitxlzbz
kâng
lopöta
gwalekana
vë
kä..
më
wai kë ==le
tü- o ==kö
natü
a'
kölë ==pe -bë ==kö
kä..
dapq
kä..
kxmo
nimu
dötü ==de
të- rtwz -ti ==ng
tü- a- su ==le
më
të- ma -nüblü ==pe ==lö
da kâ
ma
mëli
në- mu -kö ==gö
kölë -bë ==le
kë
tqwrtrpq
të- angölvë ==pe
lolvë -o ==amu
tü- vë -tä ==pe
më
skul
nëwö ==de
peto
kâ
ëbü
mengalu
maket
kâ
nigö
- mâ
më
sop
ä
nide
në- vë -o -kö ==dö
- amnü -lvë -ngö
olvë
takes
më
në- a- mu kä.. tö -kö ==de
peter
na -bo
tü- tu
në- wë -ngö
të- dwa ==be -tö ==pe -bë
nzrtekqtrngr
medisin
kä.. etu
të- obü kapü -pä ==pe ==ng
nakipopex
aijz
mëtea
nounâ
ä
vo -mü ==o
skul
nigö
në- ngini -kö ==nge
ngö ==dö
më
ëlwë
tü- kaputö -ngö -bë
ä
sâ-
ä
ä
këble -ngü
ëbü
lâng
kâ
- ö- pi -bë
nepa'
kâ
döka' -ngö
mëli
kâ
më
newë
skul
nölâ
nemnckzn
nâbö
lemwzlo
dâbë
më
rlvitxo
gât
bagö
kâng
kâ
lökö'
kölë -mü ==le
doa
yâ läblö -bë
në- äplö -kö
kio
nike.[(bënwë.dialeât)]
ëbë
nöâ
bünâ
ä
ngrlrm
mwe
kâ
ä
nibö ==de
o
ncole
në- vë ==pe -kö
ä
më
nuz'
awi -tä -ngö -bo
bom ==le
më
tü- mu -ngö ==gö
më
mökâ
bot
badö
utâ
kä..
më
a'
yië
tü- tu -tö -mü
kâng
peto
kä.. külu
ä
nâbö
meöikol
lâdeng
tzkabong
nöpakämölë
lâsu
na- a- mölë -tö -ngö -bë ==lö
ni- ==nge
töpnëngö
tö- boi -u
esë'
dötü ==de
badö
nidö
në- ö- katx -kö ==de
mëli
skul
ëbë
sâ-
në- veâ ==kö
narnztilolx
ä
kâng
nâblo
nëköka'
yu
kä..
ökä
në- angio -kö ==gu
doa
kâ
ëbü
tömâtu
ä
më
këdung
möka
na- pi -tä -bë ==o
dötwö ==nge
na ==gö
të- lvâ ate ==ng
kâ
nëlu
wia
më
nounâ
be.nyz.bq
më
naü
a'
ami
kâng
tü- yâmne -mü
mou
bë
- ale ==lö
na- mwi -ngö
lâdeng
metalo
kâ
meleu
lâde
twë -o -mü ==ä
tü- alvë -ne -tö ==pe ==ä ==
ngö ==dö
nabë.nepi
bia
bxputx
ni- ==nge
da
kâ
daniel
kä..
katris
ä
të- o -ëli ==pe ==lö
nzatwzlrngr
- siklu
nctrko
tü- ö- pi ==pe -mü ==le
ka -mü ==le
kâ
nyz' ==dö
a- möbö -tö ==le
kâ
ëyagoä
pripekt
ä
tu
lesile
ma
mou
kä..
bü
nüglü
möka
sâ-
lue
mökâ
mölâde
wili
ä
ä
tü- etu -ne -pä ==pe
kâ
më
nigö
lâ
atwëlö -ngö
peto
dâkölëde
vo -o -mü ==ä
nümü
yâmne -ki -mü ==le
tü- abuti -ti ==pe ==le
elö
nedr
köa- li
olvë
töau
abötë -tä -ngö ==gö
kâ
tewa
kä..
kâng
më
ä
sâ-
maplxle
bagö
ayönö
nöâ
tqkasilenim
ma
möbö -ti ==pe ==le
më
tü- ngölä -o ==pe
ä
ëbë
tewa
kampi
kä..
kä..
kä..
esë'
tü- yöke -lvë ==ä
- mne -ti
kä..
nou
dötü ==gö
kâ
natü
ä
sâ
pnz' -tä ==de
kâ
më
kâ
pipä -lëbü
tü- olväti ate ==le
leplë
mwä
tü- ö- pi ==pe -mü ==le
sâ-
sâ-
kâng
japan
na~amnrpqtipe~moq
fox
nina
külu -tä ==pe
mëli
tü- pi ==pe -bë ==le
lâsu
sâ-
kâ
natü ==nge
japan
bia
kâ
nenü
naonöä
waelas
ä
- amâ -ti
badö
kä.. etu
kâ
yië
ni- ==nge
tü- mölë
ile
lore
kë
mzdealwx
na- ötangö -ti ==kö
kâ
kä.. pötë
ö- pi -bë
- tü
ä
ëbü
mrnzq
kä.. etu
- abötë -lvë ==lö
be
në- wë -ngö
kä..
kai
nar ==mü
kâng
töte ==nge
nigö
nengq
më
më
testimcne
sâ ==dö
në- veâ ==kö
badö
ä
më
a'
vë
dalö
ninë
në- plëpä -kö mü ==mu
nou
mëli
kai
kä..
tzsiu
kâ
nyë ==gö
nzrpingr
ä
më
bagö
leplë
tölipu
pi -bo
të- mnâ -tä pwë
më
saemons
da
na ==dö
na- ngi
kâ
blë -kö
mwa -ti ==pe
lr.japan
kä.. etu
- ö- ka -bë
kâ
ni- ==nge
xmrngzrmqlangr
leplë
kä..
tü- osë ==pe ==ä
neboi
leu
nëotangö
ncokz
kä..
në- ö- kle -ngö
më
lö
na- o -së ==ä
nibö
ä
nigö
sâ-
kä.. në- skul
më
lö
sosaeti
gü
tü- kölë -lë ate -bë ==kö
lötëlvë
skul
më
të- mâ -pä ==pe -bë ==lö
- ö- pi -bë
läblö -ngü
katris
külu
auki
amölä
në- yöle -ti -kö ==de
tömâtu
pasto
kä.. yölë
dötwö ==de
tin
tü- mwi -tä ==pe ==
kä..
nibö ==de
nâ.tabao
nâbö
katris
nâblo
kâng
möbö -tä
pna -ti -bë ==kö
tqrkq
tü- a- glü ==pe ==kö
ä
na- köka' ëvë ==ku
nâ.nüngü
kä..
nâblo
prtrpq
elö
më
töpu
mölä
nölâ
badö
kâ
tö- në- külu -kö ==pe -pwü ==gö -u
ä
më
tqvzpeku
veranaso
natü
nigö
sâ-
mou
ngö
kâ ==pe
male -mi ==ä ==le
më
saotzn.kros
të- ya läblö ==pe ==ng
më
nâdö
muli
në- alvëtö -ngö
nâblo
nüvi
më
nide
kâ
kâ
kölâ
lâng
skul
më
wop
sipu
kâ
tö- - mneti -u
nâblo
nâtü
kä..
më
olvë kâ
tangtalau
käkë
këdung
yco
nyemu
më
kä.. topwë
të- ö- mâ ==pe ==ng
bamu
kä..
ö ==dö
kâmiti
- aelwa kz -ngö -bë
ötülödö
ö- pi -bo
na- bë ==pe -ngö ==gö
pöla
nzkzte
kxmrlz
tö- ölö -ngö -mü ==le -u
kâ
löpëu
badö
ä
doa
ä
kä..
lâsu
elö
ä
doa
nâboi
a'
tü- li -tö ==pe -bë
kâng
dwaki -lë -mü ==le
lâ
më
nëveângö
sâ-
kopora
fox
dötü ==de
külu
mötwë'
kio
nëökölëngö
lâsu
dâkta
badö
tzbipe
ngrwangr
nëöyöngökätö
ötangö ==
më
tü- köka' ==pe -bë ==
iwongr
kâ
kâ
dötwö ==nge
mista
da kâ
badö
presiden
kä.. etu
dâpwe
vaol
traolvzu
ma
pripekt
da
nide
kä..
kâ
kâ
nâblo
më
mâ ==ä ==le
nüni
ncnia
ëbë
nouöla
mepalu
ma
ëyagoä
ä
tü- do -tö
më
kä.. na- mu
nidö
kâng
mëtea
më
jenwzri
sâ-
nike
kâ
kä..
ä
ycpe.pipz
sâ-
në- wë -kö ==de
në- mnâ -kö ==gö
sâ-
nemya'
auki
natqgu
dëbö ==de
ka
a'
kä..
këte ==de -ngü
më
na- mnâ -ngö ==gö
yökö -pä ==ä
esë' -kö ==de
nemnung
sâ ==de -ngü
ä
më
dötü ==de
nounenü
mëli
kâ
doa
ölöu
- vë -bë ==ng
muöde
ka
a'
tü- etu -ne -pä ==pe
mökâ
skul
tü- poo ==pe ==ä
tü- yagoä
më
këu
rmcti ==kö
pi -bë ==le
pöla
päi ==
- atwëlö pwë
në- köka' -kö ==gö
nölâkäbü
ö ==de
bisop
skul
nyë ==nge
merikz
ne
ö- yëkö
në- sikapu -kö ==de
sâ-
më.nibö
- mâ -tö ==pe -mü ==lö
mnâ -ti ==ä
sâ-
kâ
elö
tü- siklu ==be -ngö ==ne
tapläsö ==gö
kâ
kâ
tenru
pa'lz
të- glü -tö ==pe -mü
satqlveping
manyzkxnzyagoxng
të- mnâ -ngö ==dö
pöla
nemya'
yölwö läblö ==kö
ä
- alvëtö -mü ==lö
glü -tä -o ==le
mëli
më
bute'
tü- vë -ne ëvë ==kö
mâ ==kö
mëli
tü- töka -mi
dakänëng
lö
më
mya -së -pä ==le
japan
kölë -bë ==le
në- möbö -tö -kö ==de
japan
manyzkxnzyagoxng
bë
më
müngö
mnâ -mi -bë ==le
läe ==nge
muöde
dapu.nâ
neawr
mq ==nge
sop
në- wë -kö ==de
badö
kctiini
na- a- bö -tö -bë ==ku
të- mâpä mou ==lö
më
muöde
sâ-
meesopxngrnrla
da
elö
lâde
kang
katkis
lâng
julae
kä..
tökö âlu -u
inglan
toki
tü- vë ==pe -mü
dâkta
böma
kâpwë
lâ
në- ö- mâ -kö ==nge
kä.. yöngë -pä -mü
koma
nide
mrlem
kâ
- mâ
lue
kâ ==pe
nigö
inglan
nabë
sade
skul
të- dwa ==pe ==ng
ö ==gö -ngü
- ö- pi -mü
medisin
a- yëlu ==ü
më
më
popë'
nide
lâsu
obü -o -bë
mölâde
kölë ==pe -bo
wë -ti -tä -bë ==o
kä..
nöpakämölë
bot
köla
sa
kä..
të- mnâ -tä -alo ==pe ==ngü
ëbü
nzlwc
natü
më
sâ-
ngi
amölä
nidö
nzasungr
tü- yölwö -pä -ngö -mü
lâde
mölë
më
të- ö- twë kë ==ng
kä..
në- mabë -kö ==de
nâbö
në- ö- vë -mi -ngö
më
na- tekütö
më
natqgu
kâng
la -ngü
sâ ==dö
sâ-
bagö
ngö
ä
më
lâdeng
mâ ==kö
tü- ö- lxplz
më ==ke'
lâng
yië
ckei
sâ-
doa
tü- tu -tä ==pe ==kö
nâ.ninë
më
dötwö
olta
olvë
obü -pä ==kö
leplë
sâ ==de
loki
yölü -bë ==le
ö- pi ==le
- ömnü -tä ==ng
elö
tqrpipele
na- ka ëpwä -bë ==le
në- vë -nüblü ==pe -kö ==de
töpnëngö
a'
dzbede
hedmastz
në- lömë -tö -kö ==de
nëökölëngö
la
në- mnâ -lë -bë
vaol
ä
tü- wë ==pe ==ä
mepapna
kä..
tö- mâ ==pe ==le -u
döka'
ngryagwekrde
bëkü ==pe
më
më
dakänëng
sâ-
lu ==le
tqrtcope~ngrbz
dzbede
tü- a- mu kä.. tö
lö
muöde
të- lvâ -mü ==ng
të- vë ==pe ==ng
kâng
olvë
wü
sâ-
oszle
töak
kä..
dötwö ==nge ==le
muöde
ba- ==nge
kökâ
medesin
naü
mëli
na- yapwä kë ==ä
nëöyöngö
nâblo
me.pnz'.drtwrde
nila
ta -ti -tö - ==le
kä..
meayo
nâdö
tzlede
nigö
lâsu
ngö
boo
kâ
a'
sâ ==nge
kâng
nâbö
elö
enjin
menabz
alvëtö ==le
kxaonrwx
- mâ
ä
më
ä
më
- mâ -pä ==lö
jon
kâ
nyë
meöikol
në- mc -kö ==de
kâng
kâ
nar
- angio ==lö
tömâtu
olvë
vë ==pe kai p
kä..
mepyö
sâ-
nar
kâ
ngö ==de
sâ-
nayrpungr
olvë
yëuo mou ==kö
tü- ö- pi ==pe -bë
në- ö- lë ==ng
ale ==le
më
ä
dzbede
lrlvz
të- möna ==be ==ng
jzmzne
japan
mökâ
mëli
mwanzwq
dötwö ==de
kä..
==de
mëtea
e
sâ-
milëpü
ä
lue
ö ==dö -ngü
më
më
ngö ==de
sâ-
nipna'
më
nigö
skul
kâng
ä
töpnëngö
mëli
kâ
më
döta'
tü- öblä
sâ ==de
më
suga
pnz' mou ==le
älö -bë ==le
nzrngrpengr
na- dwasë ==pe ==kö
më.nibö
ä
ä
lâde
ne ==de -ngü
ni- ==nge
ami
mâ
kämule-esë'
tü- a- mëblü -tä -pä ==pe -mü ==ä
nabö.nabë
më
autabu
köa- tü
vë -mü ==
kxmrlz
kâ
në- mnâ -kö ==gö
yië
ötülögö
ni- ==nge
na- ö- längiti ate ==pe ==ä
paumalepc
tzsiu
më
nâblo
delcpe
käetu
ä
trklae
- oti ==lö
bom
ä
në- twë -kö -mü ==le
kâ
në- pna -ti -kö -bë ==lö
rmu
gëpman
nümü
më
mëli
kopoöa
solomon
dü
në- pi -kö -mü ==lö
mökâ
ëbü
mönyë ==de
sade
sâ-
lâ
dalö
në- kü -o -kö -mü
lâde pwë
maki
nâdö
nëlu
kâng
yëutö
kä..
bea
sâ-
leplë
mëli
köa- li
la
nâblo
në- yapwä -kö ==gö
ngö ==de
tü- ö- pi ==pe -bë ==le
mëtea
sâ-
ä
dakänëng
boipele
ä
kä..
kä..
vo -mi ==kö
a'
ö- pi -bo
badö
më
scba
na- yapwä -ti -bo
ba- ==nge
në- anga -ti -ngö
tü- ö- pi ==pe -mü ==le
a'
tü- yö
nenü
ngü ==de
- tave -tö ==lö
leplë
ba- ==nge
më
kämule-esë'
sâ-
më
lâ
kâ
trpulu
në- mnâ -kö ==dö
tü- yâmne -awa ==pe -bë
tü- mölë
më
tu -lë -mü ==o
lika
kä..
natü ==de
yaluli
në- mu -kö ==dö
newë
kio
nâbö
në- ö- pi -lë -kö -bë
tulzgi
käöpalë
kâ ==pe
kölë -bë ==le
sâ-
të- wökätö ==pe ==ngü
döka'
sâ ==de
mü
më
mista
elö
lö
më
nâblo
ö- pi -mü ==le
kë
tenaru
lâ
otä
wü
xncm
veâ -o -mü ==amu
gât
älö -mü ==le
daniel
kzu.boe
veâ ==le
tü- twë -o ==pe
kä.. pöki
döka' -ngü
në- ö- pë -ngö
däbu
në- wë -kö
nzxpetr
ngö
lö
öda
më
në- mu -ngö
töau
tö- öblä pwë -u
nöade
kâ
të- vë -ne ==pe ==ng
nabë
na~atuopebole
dzbede
nenü
kë
honiara
sâ-
ö ==de
lâde pwë
merikz
kä..
kë
dötwö ==gö
tü- älö ==pe ==kö
ä
ma
pöki
ö ==gö
në- vë -kö ==gö
kâ
mou
sâ-
kä..
nar ==dö
dötü ==de
ëbë
ketea
sâ-
na- äpe
yëutö
tu
saemon
bagö
më
na- ngi
në- pötö -kö ==nge
më
tü- ö- pi ==pe -mü ==le
badö
da
ä
nëveângö
më
eroplen
ä
më
më nibr
tabao
doa
mangrnzmungr
nâvö
të- yëlu -tö ==pe -mü ==ng
kä..
dötwö ==nge ==le
rpilekx
më
kâ
kä..
dâkölëde
lö
mepyö
wë -tä pwë ==kö
telenapo
nëlu
më
kä..
leu
lakio
ö ==nge
däi
dötwö ==nge
skul
më
tü- ngü ==pe ==le
ngö
kâ
më
tü- a- su ==pe
ä
saotzn.kros
të- akya' kë -mü ==ng
e
tü- aokë
tzsiu
kâng
alwënü ==le
kâng
la
dötwö ==nge
ä
në- öpwa' -kö ==de
në- ö- kapä.ka -ti -pä -mü ==ng
utâ
töpnëngö
talulzkapq
kâng
kâ
traketa
dadi
nëlu
ngö ==de
ö- pi -mü ==le
më
tü- pe -ti ==kö
kä.. lu
tü- osë -ngö ==nü ==le
tü- ö- pi ==pe -mü ==le
bomio
na- pi -tä -tö mou -bo
muöde
kâ
nibö ==de
dötwö ==nge
na- öläti -tä -bo
ni- ==nge
- o -tö -bë ==ng
lö
ä
nâblo
nuzmu
yië
mwi -tä
muöde
lâde
lâ
nüvi
kâ
tü- ngilo
däi
ö- pi -mü ==le
ni- ==nge
wisol
kâ
bëo
basil
mrlztx
sâ-
tü- ötöngö -ti -bë ==me
lälvö -ki -mü ==le
ncwrngr
sâ-
na- a- dövö -ngö -bo
kzmule
kâma
kä..
ä
naonöä
bea
narnztilolx
në- ö- tekütö -ngö
kä..
sâ-
ëvë
yâ -ne ==pe pwë
kä..
mëli
baengr
yöbü -o ==amu
kä.. löpö
yâ lälö
mâlö ==gö
kâ
glalë ==le
kä.. topwë -ti -ngü
nâblo
mzdealwx
lömëtangi
nyë ==de
kâ
- ö- pi -bë
më
mateas
jisës
kâ
sâ-
nâblo
myä
më
ä
tü- mölë
më
tü- ngölö ==pe ==kö
osopx -bë ==kö
me
tü- mënö ==pe ==
kâng
ö- pi -bë
në- bë -ti alëu ==ngü
nyë
sâ-
legou
tü- yöni -mü
töpnëngö
tü- awökätö ==pe ==le
sâ ==de
obqpx~zpwx
yöni -etö -tä ==kö
nzpengr
mökâ
kai
nea
sâ-
më
kâ
në- wë -ngö
buk
tzngarare
sen.tomas
maekol
kâ
lâde
toki ö
tü- yëpö -lë -ngö -mü
kâng
ëbü
yëu -tö ==kö
kâng
distöik
nc.noli
kwin.elisabet
toke
mëli
ngxkxbz
- ne -mi ==lö
- dwasë ==dö
kä..
tzsiu
më
ngö
sâ-
skul
mökâ
kä.. etu
ä
në- ayöplapä -kö ==de
ni- ==nge
yië
ä
narnztilolx
a'
ngö
më
në- mnâ -tö -mü
mövö -lë ==pe -mü
muöde
nzxlr
mznanq
- rmcti ==lö
dzwr
yëu -tö ==pe
nigö
rlilrdr
tü- öläti ==pe -bo
këdu
tenru
male ==le
kio
saemons
kë
meya
doa
dakänëng
mâ mou ==ä
na- wökätö ==
kä.. në- a- kölë ==ng
sâ-
të- pnati -bë ==lö
më
- o -ägle alëu ==lö
medisin
älö -bo
nounenü
pawi -tä ==ne
ä
kä.. etu
më
skul
na- alvëtö ==ä
nëölängitingö
seleng
a'
gari
ä
vo kai ==amu
lâ ==pe
peto
kâ
sâ-
kä..
kölä -lë -ngö ==de
kâ
c
nëlu
tü- mu ==kö
mweita ==nge
nzrtekqtrngr
lâde
në- dwa -tö -kö ==gö
vë
në- mnâ -kö ==gö
më
lökö'
më
badö
më
- böka -pä -kö -mü ==lö
këdung
nidö
kä.. - siklu
aâlve ==le
në- ngini -kö ==de
bia
mëli
më
na- mnâ -ne -ngö ==gö
napnrx
löpëki
kä..
mzjzbxlo
newë
dâkta
vë -mi -o ==le
mzlo.skul
olvë
nounâ
kâ
më
wisol
ngölö ==kö
ngö
më.nibö
tü- ale ==ä
naonöä
merikz
pnrdr
lâsu
kä..
në- pöpä -kö ==dö
nzotibzlr
dâpwe
gât
jon
ma
nâblo
ä
narnztilolx
ä
nadü
sâ-
kâng
sen.tomas
tü- tulë -mü
më
sâ-
kâ
doa
dötü ==de
tü- mnâ -ngö ==gö
nâdö
lcka
ngö
më
nanyâ ==de
sâ ==mü
ma nyë ==de -ngü
ngö
ëlwë
nyë
mëli
dötwö ==gö
bot
nâblo
na- o
tznu'tipe
më
në- wë -ngö
tü- vë -o ==pe ==
nöpakämölë
na- do -tä -o -mü
kä..
bzpe
rum
më
lâ
më
bünâ
ä
ba- ==nge
badö
më
- ötöngö -ti alëu pwë ==lö
ä
nznu'te
na- ngi
mzdxmingr
boo
ni- ==nge
be
badö
kä.. etu -bë
temë
köla
kâ
kâ
sâ-
nâblo
më
na- dwa ==pe ==kö
lö
käetu
kâ
yië
srpi
la
müngö
ä
ni ==pe -m
tömötao
skul
kä..
kâ
tü- wü ==pe ==
a'
lömötangi
yököpä
nzmu-krde.lc
lrlvz
- vë -mü ==ng
tü- vë ==pe
yökö -pä ==ä
a'
nâblo
mökâ
nëmu
në- wë -kö ==gö
- yangönga läblö ==ng
në- mnâ -kö ==gö
kä..
nölâkäbü
të- yâmne -ngö ==pe -mü
ba- ==nge
muöde
kä..
nëli
saotzn.kros
në- mu -ngö
amölä
pulis
esë' -kö ==de
ömnö -ngö -bë
kio
kxnzakrlztrng
mökâ
të- ya -mi ==pe -bë ==lö
set
na- kölë ==ü
tögalö
lao -ngö -mü
nëlu
bokapwr
sâ ==de
vë
kâ
ä
vë -tö ==kö
- vë -mü ==ng
ä
naonöä
ni- ==nge
lâdeng
lâ
më ==tö
ne ==dö -ngü
kâ
më
lö
në- vë -kö -bo
möka
lâde
sâ-
tü- vëtö mou -bë ==kö
tü- yâlwë ==be
kâ
mëtea
nyë ==dö
bona
merikz
mëtea
sâ-
më
leu
nyë ==gö
ba- ==nge
kölë -bë ==le
saemon
lâ
kâ
na- vë kölë -bo
badö
kä.. ngölä -o -bë ==le
mâ ==ä
kölë -bë ==le
dötü ==de
badö
nengq
kâ
më
ä
kä..
nidö
lö
mâ -bë ==kö
stibad
da
sâ ==de
më
ä
lâ
ä
mu
më
në- vë -kö ==nge
täpwë
tqpi~zvzle
këble -ngü
meöikol
kä.. plâ
nöpa
më
ä
më ==te
kâng
kä..
skul
sâ-
kâ
döka'
- vë -ki ==lö
më
dâkta
kä..
mëtea
nabë.nepi
bute'
meöikol
na- bë ==ng
makätö
lö
më
wapu
sâ-
ä
mëli
nëmu
në- wë -kö ==nge
ëlwë
kä.. möna
ami
nzngq'
newë
milëpü
sâ-
nümü
kâng
nyë ==de
kâ
mâ ==ä
më
ninë
yökö -pä -bë ==le
nâblo
nounâ
kä..
ä
nabë
vea
naölue
kä.. - külu
tü- wäbu ngale -lvë ==kö
nyë ==gö
lömëtangi
ba- ==dö
nzrtwz~krde
bü
kä.. etu
dötü ==de
nöpakämölë
sâ-
ö- pi -mü ==le
müngö
ä
doa
sâ-
në- vo -kö ==gö
më
meya
pöla
kä..
merikz
ä
në- mnâ -kö ==nge
në- mnâ -kö ==gö
yökö -pä ==le
olväti ==le
nëmu-köde
sâ-
dëbö ==de
sâ-
në- pötë -kö -bë ==kö
më
kâ
sâ-
bäki
bot
döta'
- ö- pi -bë
nike
mökâ
në- abëo -kö
mëli kâ
sâ-
nëlu
kölë -bë ==le
medisin
mëli
ka
më
kä..
böma
ä
natü
tü- ö- pi ==pe -mü
tewa
muöde
kâng
- mu ==lö
ni ==nge
lö
mökâ
lâsu
ngxepe
tü- rpna' ==pe -ngö -mü ==le
në- ötangö -ti -kö ==gö ==le
kä..
sâ-
më
priding.pres
tö- kölë ==ä -u
nâblo
në- ngini -kö ==de
më
nyë ==dö
tötingö
blrirde
tutö
sade
nrzpi
doa
skul
trnginyu
da
ne ==de
neqyapwe -ngö
ma
kä..
më
kä..
nidö
kâng
na- vë ==ng
katris
kä..
në- angölvë -ne ==dö
na- ngi
wë -pä -mü
ami
oktobz
älö -bo
ä
mü ==gö
më
doa
da
sâ-
ye
kä..
a- ngâ -ti ==kö
ni- ==nge
kâ
kölâ
muöde
apuamu
të- mnâ -tä ==pe ==ng
nadcpxpwz
merikz
ni- ==nge
më
skul
pöla
tü- mnâ
olvë
dzbede
kä..
tö- kölë ==ka ==kö
doa
ä
kâ
pöla
sâ-
esë'
lrlvz
kâ
lâng
gwalekana
eke
më
älö ==le ==le
ba- ==nge
nidö
ëbë
tqplenpe~moq
lö
töpengö
kä.. etu
a'
lopöta
kâ
ka
të- vë ==pe kai ==ng
obü -lvë -ti ==le
muöde
dabu kr
kä.. tü
ncyabe
ä
ö ==de
nigö
klas
kru
të- siklu ==ng
ne ==de -ngü
tü- tu -pä -mü
mncnqweng
të- mâpä ==pe ==lö
ö ==dö -ngü
nimu
temë
muöde
dakealele
da
sâ-
doa
më
tü- ngi
pu
kai
nigö
nölâ
ngxxbzo
ne ==gö
sâ-
atwëlö -ngö -mü
yrkrtxlz
töte
ä
sâ ==gi
täpwë
ya -ne kölë pwë ==kö
tü- mu
bot
ä
nëwö ==de
tü- a- müngi -tö ëlwë ==pe ==le
kä.. etu
ngö
kä.. etu
madäi
kâ
külu
elö
në- alvëtö -ngö
a'
nenü
më
kä.. po
më
më
amölä
ä
sâ-
tzotipelr
na- mâ ==le
lâng
kä.. matü
natü
kä..
lâde
kä.. etu
mwelr ==kö
në- yö -mü
mr
tü- vë ==pe
metalo
mzdealwx
muöde
a'
köa- pwä
më
ëyagoä
angida -ti == ==le
nâblo
kâ
na- akxlr -ngö
kölë -mü ==le
kä..
më
në- dwa -tö -kö ==gö
tü- yöni -tä ==pe
nöâ
nabë nepi
a'
në- ngini -kö ==de
në- mu -ngö
noblo
në- glü -tö ==pe -mü
kâng
badö ==dö
ä
dan
mëtea
ä
kâng
malaita
gât
känëalvëtöng
yië
lâsu
më
kxbq -ngü
vea mölë
töpnëngö
löpëki
ëbü
skul
nëlu
naonöä
ö- pi ==le
dakänëng
sâ ==de
rik
sa
kâng
medisin
a- töka -ti -tä atwönö -ngö ==de
ä
doa
në- ö- pi -bë
tü- vë -tä
sâ ==dö
kä..
lopli
dötü ==de
në- o -kö ==dö
të- ka -mü ==lö
neke
nigö
dötü ==de
vea
nibö ==nge
kä..
nëöyöngö
mölë
kä..
ben
mwe
kâng
tü- aenëli -ngö ==ne
më
nzdcpx~zvzkr
doa
esë'
kölâ
kâ
a'
më
tü- pi
point.krus
dapu.nâ
ölilö ==gö
më
- vo -mü ==ng
yië
më
nyë ==de
ä
töpnëngö
ngö
kä.. li
nigu
kâ
kxpipz
a'
delâ
këdung
sâ-
kä..
töte ==nge
nigö
më
natü
mwa -ti ==pe
kâ
kâ
muöde
töte ==nge
më
nea
lvâ -bë
kâ
pi -tä -mü ==le
ëbë
kampi
më
sâ-
badö
kâ
nike
tü- ölö ==pe -ngö -mü ==le
dakänëng
mölëu
me
ben
më
kâ
nyë
nëwö ==de
nâbö
në- aelwa -kö -mü ==le
nabë
nar ==nge
na- vo ==pe ==kö
kä..
veronika
nanyâ
lâsu
möka
ni- ==nge
muöde
tü- ngya ==pe
lâ
nëöyöngökätö
ä
tü- wäbu -o -ngö -mü
jisës
kâ
kä.. etu
natü
mona
ä
kâ
na- yapwä -ti -pä -bo
sâ-
tü- bä plâ -o ==pe -mü
ä
tü- vo ==be
ngö
me
käetu
këdu
la
yrkrtxlz
ä
lâng
mëli
kä..
ä
kä..
badö
kä..
kä..
töau
akanipua
- ma -nüblü ==lö
nigö
nyë ==de
më
töpnëngö
më
esë'
ëbë
pawa
në- köka' -kö ==gö
ö- pi ==le
nöpakämölë
të- katx ==pe
srpi
- aolvë -bë ==lö
läe ==gö
lö
nâ ninë
kä..
- mâ -pä ==lö
spië
ni- ==nge
më
natü
ma
tö- su ==ka
bagö
tü- mnë -ëli ==le
dötü ==de
vz~pnz'mq
boo
më
naü mü ==nge
kâ
kâ
ba- ==nge
më
muöde
mou
bea
dalö
muöde
nidö
lr.japan
më
lika
da
kä..
olvë
yöni -tä
më
nâdö
kâ
ö- pi -bë
lzm
muöde
na- pi -tä -bë ==o
ëbë
- a- töka -ti
trloka
mökâ
kä.. - mnâ möbö ==ng
pöla
ngö
nëlu
kä.. etu
më
nea
nigö
vo -bë ==kö
natü
mëli
pötö - ==
lvâ -bë
bot
biukan
inglan
waea
kä..
- mâ -tä pwë
kä..
du
lömëtangi
bolen
ä
sinia
kä.. - yagoä ==ngü
nüvi
ni- ==nge
lö
tzngq'tipe
mztq
olbaut
sâ-
tokir.vea
lue
natqgu
nrngzte
të- pnz' -nüblü ==pe
vë -tä
kä.. - etu
pa'lz
doa
ngö
esë'
a'
dävo
rik
döta' ==dö
mëteadau
nëlu
sâ-
mepë
tü- yökö ==pe
mëtea
badö
ä
rik
ä
lr.japan
döka'
tömölëu
kä..
dëbö
sâ-
nëmü
me
bia
kä..
lâ
banyapu
ëbü
tü- ökalë ==pe -ngö -mü ==gö
lö
yië
tü- twë ==ä
- ka -mü
nigi
nüvi
tü- mu ==pe ==kö
naölue
mnâ
tü- mibi
ä
kâ
në- vë -kö -bë ==kö
tü- ya -mü ==gö
natü
na- längiti kë ==amu
më
në- mnâ -kö ==gö
ni- ==nge
kio
yapwä -ti
më
tqpq
döka'
më
nëwö ==de
dötü ==de
më
ana
nâdö
kä.. - topwë
tewa
të- anga -ti ==pe
se
dötü ==dö
läkü
köanëlvün
të- aelwa -ti -ngö -bë
kâ
të- yöni -ne -tö ==pe -bë ==ng
da
öpi mou -mü ==le
nzrtekqtrngr
sâ-
leplë
kä..
nide
kä..
kä..
pi -mü
skul
tu -tä -pä -mü ==
kâ
nipna'
kâ
vë
esë'täu
kä.. etu
kâ
bq
bagö
lrtrpa'
sâ ==gö
ä
më
sâ-
më
wai kë ==le
ä
ma
rik
më
ö- pi -bë
të- mâ ==pe ==lö
mölâ
töte ==nge
delape
töau
abëo ==kö
mölëväi
kämu
nea
tü- aâlve ==ä
yië
nyz'
tö- rtwz ==ä -u
tü- vë -dë ==pe -ngö -mü ==gö
kâ
kä..
kâ
kâng
tü- ya ==pe ==kö
nidö
tü- vë -o ==kö
më
në- a- glq -kö -bë ==kö
e
kâng
mâ -tä -mü
temë
ä
tewa
melömü ==nge
në- o -kö ==dö
tö- opi -lvë -u
doa
- yâblü ==ng
këble -ngü
më
në- ö- ka -kö -bë ==ku
më
da
ö- pi ==le
- mnâ ==ngü
kâ
kä..
në- ao -ti -kö
ngi
kä.. etu
nide
pokia ==ü
ngö
ba- ==nge
katkis
na- ngi
tö- yökö -pä ëpwä ==ka
ssec
tü- plâ -o
yëlu -mi -tä mou ==ä
ä
milëpü
mepyö
nöla ==de
ni- ==nge
bâ
daniel
mya -së -pä ==le
ä
doa
nölâ
kä..
ö ==de
nidö
mzdxmingr
luga
kö.- lâ ==de -ngü
kâ
bäli
tü- öpi -awa ==pe -bë ==le
tü- ngi
kënike
muöde
kâng
mölë ==pe
ä
töte ==de
a- tu -bä -lë ==le
në- vë -o -ngö -mü
në- mc -kö ==de
më
kä..
stipin
nölâ
na- esë'më
tü- yâ -o -mü ==
takitö
nâbö
müngö
na- okatö -lëbü ==gö
ngö
në- tu ==pe -bë
leplë
ngi täpwë
ma
ä
kâ
ä
kio
mwi -tä ==kö
menyegu
tü- vë -ki -pä ==kö
yapitwë -tö ==pe -ngö
oti
kâ
ka
kë
kä.. etu
dötü ==de
- mâ ==tö
të- ö- pi ==pe ==lö
ngö
më ==tö
skul
leplë
ö- pi -bë ==kö
mcnika
më
küle ==le
ayönö
na- ölö -ngö ==me
tü- ö- pi ==pe kë ==le
më
na- dwa -tö ==kö
më
më
lâ
kä..
kati -tä -pä kë ==ä
kâ
ä
nide
köa- pwä
etu
ëbë
më
ä
sâ-
yië
tqrpnz'pem
makä -tä -bë ==le
kâ
kä..
tü- ö- yëkö ==pe ==kö
myä
mzdwakc
elö
inaplc
milogo
a- titi -pä -lëbü ==pe
tü- më tu ==pe -ngö ==de
sâ-
madäi
kâng
kâ
nayapwxtinebo
në- mënö -kö ==dö
bü ö
eke
eroplen
sâ-
na- mölë ==
luekäpië
melomate
kâ
pöla
jisës
më
këdung
li pwë
nöpö -ngö
tqmane
më
ö ==gö
sâ-
köa- pwä
nide
nidö
a'
të- tulö -tö ==pe ==mü
doa
mëli
ä
tü- lu ==ä
sâ-
nölaö
nimu
möka
sâ-
nigö
ö ==dö
sen.pol
kä.. pipë
pöla
më
ayzprtioq
a'
kä..
a'
nounâ
nyë
më
lapuro
nâblo
tü- mâ ==pe ==ä
sâ ==gu
a'
nyö
më
nigö
tü- mâ ==pe ==le
kâ
ngi
daniel
kä.. esë'
kâng
narnztilolx
kâ
në- obü kapü ==kö
- ani -tä pwë
tü- twë ==le
mrkang
da
kâ
doa
teomo
tü- mâ -ti ==ku -ngü
tü- vë -dë ==pe ==kö
në- ötangö -ti -kö ==gö
më
george
më
kä..
në- alvëtö -krnge
aelwa -pä ==
- tu -ngö
tü- äpe ==ä
kä..
më
- tabö
të- päyü ==be ==ng
trklae
döka'
dekâ
tü- mwi -ngö ==namu
elö
nabë
tü- vë -nüblü -ne ==ne
ëbë
sâ-
tzsiu
köa- li
muöde
nuë
lö
në- längiti -kö ==dö
badö
ä
nigö
dapu
dela
në- vo -kö ==de
të- pnë -lëbü -ngö
nâte ==de
yöni ==pe
muöde
tü- ö- pi ==pe -mü
a'
ä
nounâ
peto
kä.. etu
ëbü
badö
ä
tewa
skulboe
nëlu
kâ
a'
ka
kä..
në- wü -kö ==de
më
ä
nümü
më
në- yölwö -tö -kö -bë ==lö
kä..
nyë ==de
kölë angidö ==kö
kâ
nounâ
lâde pwë
samwel
apu ==le
nigö
neboi
na- a- glü -bë ==lö
tü- oti ==pe -bë ==le
kä..
tü- mwi -tä -lë -mü
newë
badö
më
muöde
dötwö ==de
të- aki lëbü ==pe
kâng
mâ
amölä
sâ-
sâ-
be
ä
në- vo -mi -ne -kö ==nge
a'
më
george
kä.. etu
nümü
tö- ngi == -u
kä..
naönâbö
lue
më
të- mâ täpwë
më
në- ö- pnz' -
bqtc
muöde
kai
tü- yökö -pä ==pe
töau
sxtxctipeba
të- pöesin -ngü
dwa -plä -ngö -ti ==pe ==kö
kennedy
namc
nöpakämölë
kâma
dalö
na ==gö
badö
se
makätö
trnzmcu
annie
mâ ==ä
sâ-
==le
tü- ö- pi -mü ==le
skul
tü- öläti ==pe -bë ==le
lâde
tü- mu ==pe
kâng
më
e
teomo
brngr
luesz'lebz
lö ==dö
ngö ==gu
sâ-
ni- ==nge
më
badö
më
dötü ==de
sâ ==nge
pipë
pnë
doa
lâ
ngö ==de
në- vë -ngö
kölâ
topwzne
tqngqpe
a'
topwë -tö
më
vë -pä -mü ==
- ngü -ti -tä pwë
sâ-
më
george
në- ö- yëu -tö -ngö
külu
në- a- o -kö -bë ==kö
më
baengr
vë
ä
të- vë -ngö -mü ==ng
naonöä
në- alvëtö -ngö
më
ä
nim
katerin
ka
ö- pi ==le
töpnëngö
tü- vo ==pe ==
ni ==gö
nya
në- mc -kö ==de
yië
kä..
ä
krka'~lxblrku
tö- ama ==pe kë ==ä -u
mëli
ëyagoä
ma
na- ngi ==pe
ëbë
nâ.tabao
tömâtu
doa
lö
mökâ
nidö
luga
sade
lâsu
ö- ka -tö -mü
newë
tu
olvë kâ
ä
rmcti -ngö ==gö ==le
esë'ködö
öblä esë'ngö
sâ-
kâ
a'
pauabu
kâng
më
yö -o ==le
pauabu
nüvi
topwzne
e
ëbë
sâ ==de
elö
na- vë -ki -tä pwë ==lö
a'
könyë ==dö
ä
leu
pauabu
tü- mënö -tä ==pe
nide
vë -bë ==kö
a'
öpwa' -ngö -bo
nou
ni- ==nge
popë'
ma
yië
lr.japan
kä.. etu
nyë ==dö
kä..
ä
müngö ==mü
ngö
tü- vë ==pe
ma
në- äpe -ngö
vau
natqgu
täpwë
äpe -ti ==ä ==ng
me
ni- ==nge
döka'
dalö
lö
kâ
bongavë
na- vë -mi ==pe ==ä
ötangö -ti -bë
pauabu
ä
lâpwë
më
nou
nzalrtrkrbzlr
kâ
kölë -mü ==le
më
tü- tu -tä -pä -mü ==
tü- yökö -ki -pä ==le
lublctr
sâ-
tötingö
dalö
muöde
kâ
vë -ki ==pe -mü ==le
jim
kai
tö- yini ==pe ==ü
kâ
yrlzkipe~moule
ä
kâ
mr
kâ
ä
në- ölasë -kö ==gö
bölömei
këdu
lâ
më
nëwö ==de
kölâ
dü
- zpqtr ==lö
më
tü- ö- pi ==pe -mü
nidö
rum
kä.. wë ==le
mëli
kâ
ma
josip
kä..
në- skul -ngö
nzrtekqtrngr
öblä -tä ==pe
nëwö ==de
tü- mnâ -ngö ==de
nea
leu
lâ
ä
yökö -pä -bë ==
nidö
kä..
nigö
doa
mzdealwx
yië
- lu -tä pwë ==ngü
nzalete
mou
kä..
lâde
ä
kâ
më
ölilö ==gö
sâ-
na ==dö
badö
ba- ==nge
peao
lrlvz
vë
tü- mâ ==pe ==ä
sâ-
badö
kä..
sâ-
tü- do -pä -ngö ==ne
- mâ -pä -bë ==lö
tü- ö- pi ==pe -bë
kä..
tömâtu
be.nyz.rplz
më
mâ ==kö
gas
madäi
më
muöde
lâng
- vë -dë -mü ==ng
ä
më
wü
mëli
lâsu
dötwö ==dö
nc.noli
elalë -tä -mü
ëbü
tü- abâ -ne ==ne
wisol
muöde
kä..
kä..
kâ
kölë -bë ==le
kâ
në- mc -kö ==de
traolvzleu
kä..
lö
nigö
älö -bë ==kö
kâ
newë
- mnâ -ngö ==dö
ya -bë ==kö
bq
sâ-
më
rik
delape
täpwë
kâ
kä.. - etu
pi -lë -bë ==le
nigö
bwrnebwr
leplë
nölâ
ä
më
më
bck
ä
kâ
yë
merikz
lâ
nidö
nigö
badö
oti -bë ==le
kio
nölâ
doa
tü- yöni ==pe ==ä
të- vo ==pe ==ngü
muöde
ä
nölâkäbü ==pe
kä.. mâ
më ==ke'
badö
ä
nöla
yövi -tä -pä ==leng
nâtü
daniel
kä..
më
ëbë
muöde
tu -tö -mü ==
vë -bë ==kö
kâng
kampi
alankaulz
ol.sens
letë
tqtrkangr
kâ
në- ö- tekütö -ngö
bö ==nge
nëlu
täpwë
kâ
mölëti -lëbü ==gö
më
më
yëlu -mü ==ä
më
ëbë
më
të- pi ==pe ==lö
leplë
- ö- male
lö
letë
kö.- lâ ==de -ngü
tqmnclz~ngrmle
ä
kä.. etu
badö
më ==kö
ni- ==nge
dwalë -mü ==gö
kâ
etu -tä
mëli
tzrtangrpeng
yro
yië
sâ-
në- wë -kö ==mü
më
gât
kä..
pna -ti ==kö
doa
ä
kä..
lâng
nâ.tabao
wili
nzrte~ngrm
në- wë -kö ==gö ==le
ä
tangtalau
ngi
käöpalë
doa
tü- mnâ ==pe ==kö
badö
në- wë -ngö
kä..
kä..
tü- mwelr ==pe ==kö
ä
kâ
sade
lö ==de
kä..
kemnc
sa
më
më
da kâ
temë
më
skul
më
tü- ökalë ==pe -mü ==gö
ngö
lue
olvë
sâ ==mü
mënö -yagwe -ngö -lc
lzpli
kâ
do angidö ==pe
ä
ä
të- mnâ ==pe ==ng
më
neketu
badö
- apä -ngö
teomo
në- ö- lë -ngö
mö- kâ
nabäbë
muöde
nümü
küle ==le
töpnëngö
më
be
kä..
bao -ngö ==de
më
ä
döka'
agë
yëuo mou ==kö
metalo
të- pö -o ==pe ==ng
waelas
töte ==nge
a'
nigu
nigö
ä
==kö
ö- pi -mü
==kö
në- wë -ngö
na- okatö ==ä
tö- na- ngi ==pe -u
dötwö ==dö
ëbü
- ö- pilë -ngö
makätö
nâblo
nounâ
nctekzmuli
ä
taol
lzm
më
tü- lu ==pe ==ä
në- rmcti -kö ==dö
tömâtu
otäpä
nyë
kä..
yië
nidö
tzsiu
kâ
kâ
më
ö ==de
lâ
ö ==gö
tü- ne ==pe
kâ
badö
kä..
kâ
e
kampi
mengalu
merikz
wes
öda
tö- në- äpe ==gö -u
mökâ
ä
badö
andru
ä
ä
ä
sada.krus
ö- pi -bë
ba- ==nge
ycom
- tes ==lö
da
bagö
sosaeti
ngö
ä
në- mnâ -kö ==gö
më
kä..
meöikol
në- yâmne -kö ==mü
apu ==amu
të- ö- pi -bë
badö
kio
köa- li
tü- ö- pi ==pe -mü
tü- vë ==pe ==kö
dötü ==de
ëbü
kä.. etu
kä..
kâ
nâdö