that CON:AC
ins
1sIII father
house
go:and
leave,.return? 1SI REM.PAST
name
make PART
towards
letter
NOM2
just
that CON:AC
good
III
go.(of.three.or.more).
somewhere
NOM2
ins
hardship
ins
clothes
WHITE:PERSON
child
that:one
somewhere
and
and
something
1PI
towards
be:cold PART
1PI
salt
how:many
something
1PI
yes
house
WHITE:PERSON
CON:NOM
do.so,.to.happen TNS
be:here 1SI TNS
1PI
maker
people
CON:AC
just
go:and
letter
near.to
2PI
be REM.PAST
plural 1PI
subject:marker
still
LOC
son
WHATEVER.KIND.OF
THAT
something
that CON:AC
THAT
something
2PI
2SII BE:INSTILLED PART
really
LOC
III
THAT
look.for
that CON:AC
creek
2PI
1sIII father
1PI
1sIII father
go 1SI
speak,.say,.talk TNS
morning
again
again
people
III
think.(perhaps),.to.reckon TNS
go:and
exist.(of.one) 1SI
something
plural 1PI
THAT
go:and
only
how REM.PAST
kind:of
WHITE:PERSON
prev
letter
woman
people
that:one
before
no
again
again
learn 1SI WHEN
what?
be:here
1PI
that CON:AC
III
WHITE:PERSON
loc 1SII be:born. REM.PAST
1MPIII
believe
work.hard.at REM.PAST
STORE
LOC come
not
something
learn
ins
go 1SI
LOC
still
ins
NOM2
III
which LOC
something:happen
plural 1PI
fish
return PART
III
group PART
go.away 1SI REM.PAST
go.away 1SI REM.PAST
good POT
good
USED:TO REM.PAST
something
again
morning
plural 1PI
something
towards
III father SUBJECT:MARKER
WHITE:PERSON
not
WHITE:PERSON
speak,.say,.talk 1SI IRR TNS
again
not
month
who
III
CON:AC
little
corn
go:and
people
rock,.stone,.metal
again
ins
grandmother
plural 1PI
THAT
bush
that CON:AC
go REM.PAST
and:then:ss
BEGIN 1SI TNS
clean.(house) PART
2PI
work. 1SI IRR IRR:SS
CON:AC
that CON:AC
YOU 1SIII
people
NOM2
that CON:AC
1sIII father
exist.(of.three.or.more).
USED:TO REM.PAST
be:two
again
somewhere
KIND:OF
1sIII father
III
exist.(of.two)
close WHEN
WHATEVER.KIND.OF
something
SHIRT
2PII
be REM.PAST
hold PART
WHITE:PERSON
understand,.to.know 1SI TNS
do:always
THAT
something
1MPIII
people
understand,.to.know 1SI TNS
no
1SII be TNS
people
I:AM adult
THAT LOC
WHATEVER.KIND.OF
THAT
not
not
woman
START
cow
bush
group
something
be
little COMP:DS
that CON:AC
cut.(with.a.knife,.broken.glass). PART
USED:TO REM.PAST
1sIII father
1MPIII
NOM2
plural 1PI
1SIII good TNS
and
again
NOM2
die.
stop
1MPIII
people
house
go:and
again
doctor
something
child
how PART:SS
somewhere
go:and
plural 1PI
enter.(of.two)
edge
III
do.so,.to.happen TNS
START
something
III
exist.(of.three.or.more).
water
stand.
what?
plural 1PI
be REM.PAST
think.(perhaps),.to.reckon TNS
not
when:indef
again
go REM.PAST
no
reside.(plural.subject) USED:TO REM.PAST
not
think.(perhaps),.to.reckon TNS
DEBT
III
somewhere:else
go REM.PAST
tip
WHITE:PERSON
zero
what?
fry.
again
NOM2
THAT
THAT
NOM2
what?
CON:NOM
something
go:and
work. CAUS TNS
III
WHATEVER.KIND.OF
that CON:AC
START
not
work. 1SI
fish
again
III
START
1sIII sister.(of.a.male)
THAT LOC
how:long LOC
subject:marker
1MPIII
finish. 1SI TNS
down
again
1PI
what?
want IRR:DS
CON:AC
THAT
people
people
house
THAT
go TNS Q
not
that CON:AC
be REM.PAST
that CON:AC
something
sugarcane
clothes
III
learn
learn
cow
something
understand,.to.know 1SI TNS
that
WHITE:PERSON
1PI
LOC
altogether
THAT
do
THAT
COMP:SS
go
with
USED:TO PST Q
1SII be TNS
1MPIII
go.(of.three.or.more).
approximately PST
house
something
teach TNS
ins
mind
sit.(of.one)
be:strong. PART
walk.around TNS
DISAPPEAR TNS
1PI
say.
WHITE:PERSON
think.(perhaps),.to.reckon TNS
bush
1sIII father
go REM.PAST
think.(perhaps),.to.reckon TNS
something
1PI
that CON:AC
yes
people
corn
work. PART
people
get.in.a.row.(of.one)
cut
go:and
1PI
retire REM.PAST Q
go REM.PAST
Conehatta
return PART
LOC arrive.(here) REM.PAST
LOC
not
START
look.for
that CON:AC
that.one
THAT LOC
KIND:OF
KIND:OF
ins
USED:TO PST Q
THAT LOC
1sIII father
2PII mother
what?
1sIII father
people
THAT
that CON:AC
that CON:AC
be REM.PAST
subject:marker
people
what?
think.(perhaps),.to.reckon TNS
be:two
CON:NOM
LONG:AGO
again
III
how:many
KIND:OF
prev
people
towards
people
go:and
what?
people
land
be:two
CON:AC
CON:NOM
1MPIII
CON:AC
1MPIII
that CON:AC
weave 1SI TNS
go PST
finish.
land
which LOC
1MPIII
put.(one).in.a.row TNS
arrive.(here)
enter REM.PAST
you
do
COMP:SS
I:want
finish.
go
look.for
1PI
THAT
again
learn
SCHOOL
say.
child
not
1PI
work. CAUS TNS
go 1SI
reside.(plural.subject)
ins
go.(of.three.or.more).
1PI
1sIII father
THAT
something
ins
really REM.PAST
name SUBJECT:MARKER
THAT LOC
exist.(of.one) 1SI TNS
1PI
people
be
1PI
WHITE:PERSON
THAT
1PI
creek
shoes
that CON:AC
people
go:and
subject:marker
THAT LOC
exist.(of.three.or.more).
THAT
toward
carry.
2PI
again
do.so,.to.happen TNS
peel.(cane)?
something
people
that CON:AC
what?
return PART
THAT
1MPIII
go.(of.three.or.more). TNS
THAT
1PI
1SII LOC
2PI
do.so,.to.happen TNS
that CON:AC
go REM.PAST
USED:TO REM.PAST
2PI
something
finish:ygr
who
something
know
WHITE:PERSON
water
ins
be REM.PAST
rock,.stone,.metal
YOU 1SIII
exist.(of.one) 1SI TNS
my.mother
THAT
look PART
salt
not
think.(perhaps),.to.reckon TNS
LONG:AGO
WHITE:PERSON
that.one
something:happen
wood
CON:AC
prev
people
1PI
and:then
plural 1PI
something
summer
town
nobody prev
1SIII
1PI
that CON:AC
be:cold PART
III
do.so,.to.happen TNS
fish
go:and
START
1SII younger:sib
morning
THAT LOC
that CON:AC
and
ss
pick.up.(off.the.ground).
not
what? Q
what?
do.so,.to.happen TNS
fish
be REM.PAST
that:one
corn
understand,.to.know
name SUBJECT:MARKER
1PI
people
head
be:sad
think.(perhaps),.to.reckon TNS
make
wood
still
NOM2
go:and
2sIII
water
loc plant. USED:TO REM.PAST
creek
1PI
THAT
go
be
understand,.to.know 1SI TNS
2SIII father
group
do.so,.to.happen TNS
die.
hear,.listen
COMP:SS
corn
pick.
THAT
go.(of.three.or.more). WHEN
NOM2
both
that CON:AC
ss
people
switch
say.
prev
throw. WHEN
plural 1PI
that CON:AC
peach
1PI
people
people
do.so,.to.happen TNS
III
plant. TNS
that CON:AC
do.so,.to.happen TNS
COMP:SS
child
something
THAT
1sIII father
go:and
grandmother
go:up PART
subject:marker
land
something
retire REM.PAST Q
morning
CON:NOM
people
something
child
1PI
edge
fish
field AC2
that CON:AC
plant. TNS
that CON:AC
WHATEVER.KIND.OF
THAT
subject:marker
1PI
that CON:AC
speak,.say,.talk POT REM.PAST
III
go
plural 1PI
not
how PST COMP:DS
go:and
go:and
pick.up PART
ins
walk.around PART
1PI
bead
arrive:du WHEN
THAT
walk.together
1PI
exist.(of.one) PST
go:and
go.(of.three.or.more). IRR:SS
be:young.(sg..or.pl.).(pl..himittowa)
fish
ins
2PI
1sIII father
go:and
THAT
1sIII father
again
COMP:PREV
go:and
1PI
corn
1sIII father
THAT LOC
1SN know NEG
morning
subject:marker
which LOC
2sIII
NOM2
tip
plural 1PI
1PI
people
plural 1PI
LOC learn 1SI
something
NOM2
not
do.so,.to.happen TNS
III
people
exist.(of.one) 1SI TNS
go:and
1PI
what?
1sIII father
return PART
2PI
or
room
WHITE:PERSON
THAT
die.
and
YOU eat.(a.specific.food) IRR:DS
wood
something
go:and
ins
WHATEVER.KIND.OF
far:off
not
NOM2
land
III
sugarcane
THAT
be REM.PAST
be:two
III
THAT
1sIII father
die.
look.for
arrive:du WHEN
1PI
toward
1PI
again
almost IRR:DS CON:AC
III father
1SII wish;.want
go:and
plural 1PI
ins
learn
WHITE:PERSON
LOC
go:and
finish.
1SII be TNS
1PI
THAT LOC
hold.
last.all.day
not
THAT LOC
plant. TNS
where CON:AC
finish. 1SI REM.PAST
III
house
III
how PART:SS
do CAN TNS
lying:down
something
clothes
teach TNS
III
go REM.PAST
THAT
III
somewhere
people
understand,.to.know 1SI TNS
fish
WHITE:PERSON
NOM2
not:exist TNS
1PI
because.of
how:many
THAT
again
1PI
USED:TO REM.PAST
kind:of REM.PAST
NOM2
hear,.listen
be:here 1SI TNS
people
say WHEN
watch
son
that CON:AC
WHITE:PERSON
finish.
do.so,.to.happen TNS
fish
fish
house
thorn
do.so,.to.happen TNS
III
exist.(of.three.or.more).
III
yes
I INDEED
1PI
something
who
1sIII father
2PII
ins
go 1SI
go:and
WHITE:PERSON
tell.
toward
not PST
morning
see:hn 1SI IRR:SS
something
go.(of.three.or.more).
something
people
ss
and
town
carry.
people
not
that.one
again
people
plant. TNS
plant. TNS
people
go:and
1PI
exist.(of.one) 1SI TNS
loc plant. USED:TO REM.PAST
1SII be TNS
want
toward
throw. WHEN
1sIII father
WHITE:PERSON
be
speak,.say,.talk TNS
clothes
work. PART:SS
and
again
that.one
what?
WHITE:PERSON
name
be:fearful.
house
not
not
speak,.say,.talk POT REM.PAST
WHITE:PERSON
USED:TO REM.PAST
something
CON:AC
you
be:two
fish
do CAN TNS
THAT
people
lying:down
THAT LOC
wood
USED:TO REM.PAST
NOM2
bead
send REM.PAST
my.mother
do.so,.to.happen TNS
III
learn
that CON:AC
child
wood
yes
anything
something
toward
walk.together
people
again
plural 1PI
THAT LOC
Pearl.River.community
how:long LOC
again
III
WHITE:PERSON
yes
WHITE:PERSON
THAT
1sIII father
people
plural 1PI
2PI
THAT LOC
not:exist WHEN
USED:TO REM.PAST
III
do.so,.to.happen TNS
that CON:AC
son
1PI
bead
exist.(of.one) 1SI TNS
III
what?
again
LOC
1SII LOC
little COMP:DS
SCHOOL
corn
somewhere
WHITE:PERSON
grow.up PART
1PI
go:and
THAT
towards
red
plural 1PI
string TNS
do.so,.to.happen TNS
do.so,.to.happen TNS
begin:to PART
ss
and:then:ss
go
2PI
plural 1PI
START
people
be:some:amount IRR:DS
NOM2
help,.assist.
plural 1PI
THAT
work. PART
something
2PI
finish. REM.PAST
USED:TO REM.PAST
say.
WHITE:PERSON
only
child
2SIII father
people
make
LONG:AGO
cook POT
people
go:and
not
that CON:AC
WHITE:PERSON
child
be:together.as.a.couple.or.married
exist.(of.three.or.more).
LOC
believe
again
something
what?
NOM2
creek
go:and
sibling
ENGLISH:LANGUAGE
ss
and:then
START
plural 1PI
house
my.mother
somewhere
again
COMP:SS
THAT LOC
good POT
near.to
START
reside.(plural.subject) WHEN
really REM.PAST
morning
only
1PI
weave
almost IRR:DS CON:AC
1PI
KIND:OF
that CON:AC