бес#but
тухв#take -ана#AOC
буба#grandfather -ди#OBL -н#GEN
рехъ#way
чинеба#secretly
жув#us
вахт#time
кицӏ#dog
г#give -уда#ENT
балкӏан#horse -ди#ERG -ни#AND;FOCUS
чна#1pl.erg
зи#1sg.gen
пулдал#by.money -ди#DIR
рикӏ#heart -е#IN -NULL#ESS
гьат#fall.on -на#AOR
тамаш#look -из#INF
за#1sg.ERG
са#one
вуна#2sg.erg
и#this
сабурлу#patience
лагь#say -ана#AOR
вац#month -ра#OBL -NULL#ESS
а#that -бур#PL
къуш#bird
за#1sg.ERG
хт#return -анва#PERF
за#1sg.ERG -з#DAT
кӏан#want -да#FUT
гьуьл#sea -уь#OBL -н#GEN
кицӏ#dog
яшамиш#live -да#ENT
философия#philosopy
йетмиш#seventy
хъф#go.again,return -изва#IMPF
къуй#cry
гьиниз#where.to
има#this.one
руш#girl
са#one
гада#boy -ди#ERG
хуьр#village -уь#OBL -н#GEN
са#one
пачагь#king -ни#AND;FOCUS
къач#buy -уна#AOC
аял#child
документ#document -ар#PL
вил#eye -ер#PL
сефер#time
кьван#so.much
во#well
са#one
чун#1pl.abs -ни#AND;FOCUS
хта#return -нава#PERF
диван#sofa -ди#OBL -н#GEN
власти#authorities
халу#uncle
са#one
акӏ#like.that
араб#arab -р#PL -и#OBL -н#GEN
гада#boy -ди#OBL -в#AD -ай#EL
гала#with -з#DAT
гада#boy -ди#OBL -з#DAT
тахтун#throne -а#OBL -л#SP -NULL#ESS
къвер.кьван#COME.TILL
г#give -ана#AOC
лугь#say -уда#ENT
чи#1pl.gen
кӏан#want -зава#IMPF -ч#NEG
жемят#public -ди#OBL -з#DAT
ина#here -ра#ERG
лагь#say -ана#AOR
кӏурцӏул#puppy -ди#OBL -хъ#PT -NULL#ESS
кицӏ#dog -и#OBL -з#DAT
ава#is -й#PST
командир#commander -ди#ERG
кицӏ#dog
ама#still.be,.remain
къе#today
ида#her
лагь#say -ана#AOR
яргъа#far -з#DAT
гьарайзу#is.shouting
вуч#what -и#ERG -н#GEN
баки#Baku -ди#OBL -з#DAT
мегьман#Mehman's а#OBL -н#GEN
атӏурвал#cuting.PTP.MAN
бес#but
амукь#stay,remain -на#AOR
т-#NEG ав#make,do -унва#PERF -й#PTCP
ида#him.to -н#GEN
хьти#like -н#GEN -ди#DIR
ки#that
пачагь#king
кака#egg -яр#PL
буба#grandfather -ди#OBL -н#GEN
эвер#call -да#ENT
лугь#say -уда#ENT
хъсан#good -вил#.NESS -ер#PL
кицӏ#dog
кицӏ#dog
лугь#say -уда#ENT
эхир#after.all
дуст#friend -и#ERG -ни#AND;FOCUS
стол#table -да#OBL -л#SP -NULL#ESS
назад#get.back!
лагь#say -ана#AOR
ва#2sg -з#DAT
эцек#put -на#AOR
луьткве#boat
гьи#this
муькуь#other.one
эй#hey
я#or
ив#night -и#OBL -з#DAT
гьым#Uhm
винел#on
руш#girl
элягъ#take.off -на#AOR
эвер#call -ана#AOR
шив#steed
т-#NEG ав#make,do -урай#OPT
къерех#bank -да#IN -NULL#ESS
акъат#come.out -на#AOR
лагь#say -ана#AOR
атӏ#cut
ци#why
плотина#dam -да#IN -л#SP -NULL#ESS
ахъай#open -на#AOC
лагь#say -ана#AOR
ф#go -ида#ENT
руш#girl -а#OBL -л#SP -NULL#ESS
эн#most
гъ#bring -ана#AOC
кьве#two
чна#1pl.erg
иер#beautiful
жаза#punishment
къари#old.woman
пуд#three а#ERG
лугь#say -уда#ENT
кьил#chapter -е#OBL -л#SP -NULL#ESS
ала#is.there -ди#SBST -ла#TEMP -й#PST
накьв#soil
хъсан#good
я#oh
ида#her
граница#border. -ди#DIR -з#DAT
сонра#after
ф#go -ена#AOR
буба#father
и#this
дерин#deep
цай#fire
ваъ#no
гьикӏ#how
гьеле.бил#LIKE.WOULD.BE
гьа#that,.the.same
са#one
цӏуьлуь#small
лагь#say -ана#AOR
са#one
дастан#dastan
лагь#say -ана#AOR
гьада#she -з#DAT
халу#uncle
велибега#Velibeg -н#GEN
галукь#hit
ава#is -ч#NEG -из#INF
ф#go -ена#AOC
диде#mother -ди#OBL -н#GEN
ида#him.to
мягьтел#amazement
лугь#say -уда#ENT
ва#2sg -з#DAT
звериз-звериз#with.haste
тӏвар-ван#famous
ма#you.know
гада#boy
кӏан.хьа#WANTED -нава#PERF -й#PST -ди#SBST
хьа#happened нва#PERF
лугь#say -уда#ENT
кь#catch -азва#IMPF
г#give -уз#IMC
лугь#say -уда#ENT
чка#place -ди#OBL -з#DAT
лагь#say -ана#AOR
пат#side а#OBL -з#DAT
ава#is -ни#AND;FOCUS
къв#come -еда#ENT
гьамам#bathhouse -да#IN -NULL#ESS
за#1sg.ERG
вун#2sg.abs а#ERG
г#give -уз#IMC
гьи#this
принцип#principle
чун#1pl.abs
са#one
ават#fall
са#one
има#this
мад#more
пара#very
за#1sg.ERG -з#DAT
анжах#But
кума#hut
гада#boy
и#and
вах#sister
куьне#you
лагь#say -ана#AOR
ф#go -ида#FUT
лагь#say -ана#AOC
хкв#return -езва#IMPF -й#PTCP
зу#my
лугь#say -уда#ENT
пачагь#king -ди#OBL -з#DAT
амукь#stay,remain -да#IN
руш#girl -а#OBL -л#SP -NULL#ESS
пара#very
кь#catch -уна#AOC
къеле#fortress -ди#OBL -з#DAT
лагь#say -ана#AOR
ки#that
хуьр#village -я#IN -й#EL
са#one
гада#boy
мици#another
за#1sg.ERG
авуд#take.down -на#AOC
ваъ#no
руш#girl
чӏав#time -у#OBL -з#DAT
за#1sg.ERG
шоллар#Shollar.from -ди#DIR -з#DAT
са#one
вилик#before
ий#make -из#INF
ваъ#no
ида#her
лагь#say -ана#AOR
уже#already
цӏийи#new -з#DAT
девир#time -да#IN -NULL#ESS
я#cop
элкъв#turn.back -ена#AOC
гьамам#bathhouse -ди#OBL -з#DAT
бес#but
за#1sg.ERG
лагь#say -ана#AOR
лугь#say -уда#ENT
кьил#head
рикӏ#heart -е#IN -NULL#ESS
ий#make -ида#FUT -ш#NEG
тухв#take -ана#AOC
пуд#three
лугь#say -уда#ENT
хьтин#like
вуч#what -и#ERG -н#GEN
вич#himself
вааар-девлет#riches
ават#fall -ана#AOR
хер#wound
и#this
чка#place -ди#OBL -л#SP -ай#EL
вич#herself
руш#girl
са#one
и#this
гумир#export
лагь#say -ана#AOR
чна#1pl.erg
лагь#say -ана#AOR
пара#very
са#one
ф#go -ена#AOC
хкв#return -еда#ENT
куьн#2pl.abs
и#this
ада#he -н#GEN
лагь#say -ана#AOR
ва#and
бес#but
паекни#ration
гваз#with
чӏал#language
хан#break
на#you
яд#water
за#1sg.ERG
за#1sg.ERG -з#DAT
и#this
мугьарибе#war
кьил#chapter -я#IN -й#EL
акв#look -азва#IMPF
яхун#lean
кӏан#want -зава#IMPF
яран#Yaran
кут#put.under -ада#ENT
жив#snow -еда#OBL -л#SP -NULL#ESS
чка#place -ди#OBL -к#SB -яй#EL
фикир#thought
галаз#with -ни#AND;FOCUS
вахт#time -ар#PL а#ERG
ккӏ#fight -ида#FUT
са#one
бели#yes
бес#but
ана#there -й#PST
гагьат#escape -зава#IMPF
тир#was
саниз#because.of
муаллим#teacher
и#this
гада#boy -ди#ERG -ни#AND;FOCUS
лугь#say -уда#ENT
хъф#go.again,return -ена#AOR
кӏвал#house -е#IN -NULL#ESS
хт#return -анва#PERF
накьв#soil -ни#AND;FOCUS
хьа#happening.AOC
ата#coming -й#PST -ди#SBST
г#give -ана#AOR -ш#NEG
пачагь#king -ди#OBL -н#GEN
руш#girl
къерар#decision -ди#OBL -з#DAT
булах#spring -да#OBL -л#SP -NULL#ESS
бес#but
ат#come
им#he
гьуьл#sea -уь#OBL -з#DAT
бес#but
летний#summer
таниш#acquainted
руш#girl
вун#2sg.abs а#ERG
ма#you.know
лугь#say -уда#ENT
элкъв#turn.back -ена#AOC
везият#condition -ди#OBL -з#DAT
ки#that
са#one
гьа#that,.the.same
и#this
хуш#pleasant
шегьер#city
лугь#say -уда#ENT
ма#you.know
пачагь#king -ди#OBL -з#DAT
ва#and
цай#fire
а#that
къ#take -уна#AOC
къуьн#shoulder -е#IN -л#SP -NULL#ESS
гуд-гуд#torn.to.pieces
я#cop -тӏа#COND
исабала#Isabala -ди#ERG
инсан#man
лагь#say -ана#AOR
хк#send.back;send.again -езва#IMPF
лагь#say -ана#AOR
пачагь#king
вич#himself
и#this
югъ#day
ну#well
дежурный#on..duty
фу-затӏ#bread
вилаят#country -ди#OBL -з#DAT
югъ#day
вич#himself -и#ERG
белке#maybe
гьисаб#count -зава#IMPF
гъ#bring -ида#FUT
за#1sg.ERG
и#this
им#he
г#give -айи#AOP
лагь#say -ай#AOP -ла#TEMP
кут#put.under -уна#AOC
за#1sg.ERG -з#DAT
мад#more
ф#go -ена#AOC
ава#is -й#PST
алат#pass -да#ENT
эверир.кьван#CALL.TILL
кь#catch -енва#PERF
хьа#happened -нава#PERF -тӏа#COND
вад#five
хтул#grandchild -ни#AND;FOCUS
лугь#say -уда#ENT
гьа#today
гаф#word
совпадение#coincidence
фикир#attention -ар#PL
садра#once -ни#AND;FOCUS
ибур#these -уьн#MSD
идаз#him.to
и#this -м#ABS
лагь#say -ана#AOR
гада#boy -йр#PL -и#ERG
тир#was
лагь#say -ана#AOR
чна#1pl.erg
пек#cloth -ер#PL
инсан#man -ар#PL
гъваш#bring.IMPV
хъф#go.again,return -ена#AOR
вич#himself -и#ERG
лугь#say -уда#ENT
тир#was
балкӏан#horse -да#OBL -л#SP -NULL#ESS
акъадар#mount -да#ENT
са#one
дуьз#right -вал#NESS
и#this
чна#1pl.erg
и#this
чуьгъвена#after
акв#look -ада#ENT
белке#maybe
г#give -уда#ENT
куьч#move
телефон#phone
гьайван#animal -ар#PL
ав#make,do -уна#AOR -ч#NEG
иер#beautiful
ракъ#send -уда#ENT
цуьк#flower
къвез#coming
агъуз#down
эвер#call -да#ENT
жув#us а#ERG
элягъ#take.off -на#AOC
хъув#redo -уна#AOR
кӏвал#house -а#IN -NULL#ESS
са#one
хъсан#good
ам#it
мани#song
лагь#say -ана#AOR
яд#water
къерех#side -да#OBL -л#SP -NULL#ESS
ф#go -ена#AOR
ма#you.know
гъил#hand
акъах#climb(up),mount -да#ENT
чуь#your
вад#Five
лагь#say -ана#AOR
кӏан#want -у#ERG -з#DAT
декьикьа#minute
гада#boy -ди#OBL -з#DAT -ни#AND;FOCUS
вилаят#country -ди#OBL -з#DAT
кичӏ#dog
и#this
и#this
ва#2sg -з#DAT
чи#1pl.gen
за#1sg.ERG
везир#vizier -ди#ERG
буба#grandfather -ди#OBL -н#GEN
къуьн#shoulder -е#OBL -л#SP -NULL#ESS -ни#AND;FOCUS
кьве#two
самур#"Samur"
лугь#say -уда#ENT
сад#one
къене#inside
гада#boy -ди#ERG -ни#AND;FOCUS
за#1sg.ERG
ва#2sg -з#DAT
эвера#call.IMPV
гьада#she -з#DAT -ни#AND;FOCUS
башламиш#start -да#ENT
чан#dear
жер.кьван#TILL
а#that
ааа#ahh
гьа#that,.the.same
са#one
тӏвар#name -чи#OBL -з#DAT
ма#you.know
лугь#say -уда#ENT
сад#one
лугь#say -уда#ENT
ахпа#then
и#this
нефер#person
дуьнья#world
этибар#Etibar
шапӏа#puppy -яр#PL
тир#was
чун#1pl.abs
хва#son
ида#him.to -ни#AND;FOCUS
лагь#say -ана#AOR
къв#come -еда#ENT
пара#very
бигьуш#unconcious
вичин#her
вич#himself -и#ERG -н#GEN
и#this
са#one
ашукь#ashuq -ди#OBL -з#DAT
рази#agree
а#that
яхцӏур#fourty
лугь#say -уда#ENT
за#1sg.ERG -з#DAT
ида#her
сад-садахъ#each.other
ци#why
станция#station -ди#OBL -н#GEN
къатка#lie.down -нава#PERF
ибур#these -у#ERG
хьа#happened -нава#PERF
я#oh
къв#fall,precipitate -езва#IMPF
хванахво#friend
шуькуьр#thanks
ахпа#then
лагь#say -ана#AOR
кӏан#want -зава#IMPF
гьах#enter -нава#PERF
лагь#say -ана#AOR
за#1sg.ERG
агъ#bring -ана#AOR
шеле-куьлени#stuff
рахкъур#send -нава#PERF
мугьарибе#war -йр#PL -а#IN -NULL#ESS
гьат#fall.on -на#AOC
акв#look -ада#ENT
балкӏан#horse -да#OBL -л#SP -NULL#ESS
за#1sg.ERG -з#DAT
ана#there
руш#girl
ва#2sg -з#DAT
урожай#harvest
чун#1pl.abs -ни#AND;FOCUS
жаза#punishment
а#that
сад#one
кьве#two
чун#1pl.abs
ама#be.in.CONT -ч#NEG
гала#with -з#DAT
кӏан#want -зава#IMPF -й#PTCP -ди#SBST
чан#dear
ф#go -изва#IMPF
вун#2sg.abs а#ERG -ни#AND;FOCUS
хьа#happened нва#PERF
икӏа#like.this
ондокъкъуз#nineteen.in -ди#DIR -з#DAT
пачагь#king
киник#down
кьил#chapter
а#that -бур#PL
за#1sg.ERG -з#DAT
гъваш#bring.IMPV
чуьгъенал#after
чун#1pl.abs
диде#mother -л#SP -ай#EL
за#1sg.ERG
чи#1pl.gen
къеле#fortress -ди#OBL -з#DAT
за#1sg.ERG
кьвед#two лагь#say -й#PST
и#this
чна#1pl.erg
ча#1pl.gen -з#DAT
ви#2sg.gen
затӏ#thing -ар#PL
дежурный#on..duty -ди#OBL -з#DAT
ашукь#ashuq
ида#her -з#DAT
цӏуд#ten
аву#make,do -ана#AOR -тӏа#COND
араб#arab -р#PL -и#OBL -з#DAT
эциг#put! -на#AOR
лугь#say -уда#ENT
це#give
ун#yes
а#that
гьакӏ#just
г#give -ана#AOR
ала#is.there -й#PST
вич#himself
рикӏ#heart -и#OBL -з#DAT
вад#five
ана#there -ни#AND;FOCUS
хъф#go.again,return -ин#HORT
г#give -ана#AOC
я#oh
тӏва#other
тир#was
гьабурузни#aforementioned.they.to.also
ава#is -ч#NEG
тир#was
къул#fireplace а#OBL -з#DAT
ваъ#no
ибур#these -и#ERG -н#GEN
я#oh
гьи#this
галаз#with
лагь#say -ана#AOR
лагь#say -ана#AOR
ссср#USSR
сят#o'clock -ди#OBL -з#DAT
я#oh
руш#girl а#ERG
кицӏ#dog -и#ERG
лугь#say -уда#ENT
за#1sg.ERG
на#you -з#DAT
са#one
са#one
ацукьар#cause.to.sit -да#ENT
хьир#even
лагь#say -ана#AOR
лагь#say -ана#AOR
ава#is -й#PST -ди#SBST
жеда#became.ENT
а#that
тахьу#can't -рай#OPT
галаз#with
ки#that
лугь#say -уда#ENT
кӏан#want
зи#1sg.gen
хьа#be -й#PST -ла#TEMP
и#this
са#one
чан#dear
пачагь#king
зи#1sg.gen
ф#go -ена#AOC
вуч#what.do -да#FUT -тӏа#COND
кӏвал#house
акъат#come.out -на#AOR
лагь#say -ана#AOR
буба#grandfather -ди#OBL -з#DAT
а#that
ва#2sg -з#DAT
диде#mother -ни#AND;FOCUS
вил#eye
вич#himself -и#ERG -н#GEN
зу#my ни#which
за#1sg.ERG -з#DAT
лагь#say -ана#AOR
им#he
тхв#take -ана#AOR
вич#himself и#this -н#GEN
агакь#approach -да#ENT
кӏан#want -у#ERG -з#DAT
сонра#after -ни#AND;FOCUS
хьа#happened -й#PST -ла#TEMP
къени#today -вал#PURP
аладар#long
вач#go.IMPV
стха#brother -ди#OBL -в#AD -ай#EL
хурук-хурук#by.crawling
акъах#climb(up),mount -да#ENT
и#this да#OBL -з#DAT -ни#AND;FOCUS
диде#mother -ди#ERG
гала#with -з#DAT
гьахьт#enter -и#OBL -н#GEN
кабинка#cab -да#IN -NULL#ESS
мугьарибе#war -йр#PL -а#IN -NULL#ESS
хъф#go.again,return -ена#AOR
а#that
за#1sg.ERG
чи#1pl.gen
акъуд#get.out -на#AOC
кӏвал#house -е#IN -NULL#ESS
са#one
ф#go -ена#AOR
икьван#so.much
чан#dear
къул#fireplace -а#IN -NULL#ESS
къв#fall,precipitate -езва#IMPF
йиф#night -и#OBL -з#DAT
шумуд#more
авур#doing.AOP
иер#beautiful
чан#dear
вич#himself -и#OBL -н#GEN
жанавур#wolk -ди#ERG
за#1sg.ERG
луьквен#grumble -зава#IMPF
лагь#say.IMPV
ам#it
ф#go -ена#AOC
гьикӏ#how
вахт#time
туш#cop.NEG
я#or
цӏийи#new
хуьр#village -уь#OBL -н#GEN
вич#himself -и#ERG
гьи#this
вилик#before
ахпадаказ#then
иер#beautiful
и#this
кӏан#want -зава#IMPF
кьве#two
диде#mother -ди#OBL -з#DAT
кицӏ#dog
рехъ#way
лейли#Leyli
куьтни#not.a.word
ма#you.know
вахт-вахтинда#occasional
чун#1pl.abs
и#this
нян#evening -и#OBL -н#GEN
вири#all
чӏав#time -ар#PL а#IN -й#EL
лагь#say -ана#AOR
вилаят#country -ди#OBL -з#DAT
гьакӏ#like.that
санал#together
жуьт#pair
ф#go -ида#ENT
гада#boy
за#1sg.ERG -з#DAT
за#1sg.ERG
и#this
пачагь#king -ди#OBL -н#GEN
бес#but
ки#that
и#this
лугь#say -уда#ENT
ва#2sg -з#DAT
вичал#on.itself
ам#it
гьим#that.one
и#this
и#this
хуьррем#merry
кӏан#want -зава#IMPF -й#PTCP
ма#you.know
вич#himself
лугь#say -уда#ENT
лугь#say -уда#ENT
са#one
зу#1sg.gen
гьа#that,.the.same
гада#boy
амукь#stay,remain -на#AOR
чи#1pl.gen
хуьр#village -уь#OBL -н#GEN
ахвар#dream -из#IMC
зи#1sg.gen
хер#wound
вич#himself
хци#son -з#DAT
воо#wow
лугь#say -уда#ENT
лугь#say -уда#ENT
акв#look -ада#ENT
немец#german.person -ар#PL -и#ERG
агат#approach -из#INF
а#that -бур#PL
шикил#picture
хъсан#good
за#1sg.ERG
кӏан#want -зава#IMPF
ат#come -ана#AOC
кицӏ#dog -и#OBL -з#DAT -ни#AND;FOCUS
им#her
са#one
лугь#say -уда#ENT
къевиз#this.night -ни#AND;FOCUS
ахьтин#like.that
ругуд#six
хьир#even
гьакӏ#in.this.way
кас#man -ди#ERG
за#1sg.ERG -з#DAT
зи#1sg.gen
акъуд#get.out -зава#IMPF
ина#here
и#this
акур#seen
бацӏ#Bats
гаф#word
са#one
лагь#say -ана#AOR
гьат#fall.on -на#AOR
са#one
хуьр#village
къерех#side -да#IN -NULL#ESS -ни#AND;FOCUS
жаван#young
ахпа#then
чай#tea -ди#OBL -з#DAT
ки#that
ава#is -й#PST
дин#religion
кицӏ#dog
та-#NEG хьур#be.will -ай#EL
лугь#say -уда#ENT
яд#water
акъуд#get.out -на#AOC
ам#it
ф#go -ена#AOR
са#one
лугь#say -уда#ENT
и#this
ий#make -ин#HORT
гьар#every
лагь#say -ана#AOR
вуж#who
магадан#Magaan -ди#ERG -з#DAT
немец#german.person -ар#PL -и#OBL -н#GEN -ни#AND;FOCUS
гат#knock -ана#AOR
лугь#say -уда#ENT
куьмекар#help -да#FUT
и#this
гьуьл#sea -уь#OBL -н#GEN
къван#stone -ер#PL -и#OBL -н#GEN
са#one
галаз#with
гьуьл#sea -уь#OBL -з#DAT
алифб#alphabet -ар#PL -а#IN -л#SP -NULL#ESS
ида#him.to
хьуй#let.it.be.OPT
вич#himself -и#ERG -н#GEN
ну#well
лагь#say -ана#AOR
лагь#say -ана#AOR
ки#that
ф#go -ена#AOR
лугь#say -уда#ENT
чӏал#language
хъухъ#drink.IMPV
за#1sg.ERG
цав#air -ар#PL -и#ERG -з#DAT
кь#catch -уна#AOC
ф#go -ида#ENT
идан#her
гьабур#them -и#ERG
кӏурцӏул#puppy -ар#PL
гада#boy -ди#ERG -ни#AND;FOCUS
адет#tradition -ар#PL
вах#sister а#ERG
хъсан#good
фикирар#think.much -зава#IMPF
зи#1sg.gen
эвера#call.IMPV
гьетта#also
мина#mine -яр#PL
ва#and
къатка#lie.down -нава#PERF
нур#light
ыы#uh
ам#it
сура#after
аял#child -ар#PL
эхир#after.all
руш#girl
цӏийи#new
чун#1pl.abs
лугь#say -уда#ENT
бере#time -да#IN -NULL#ESS
гьамам#bathhouse -да#IN -NULL#ESS
чи#1pl.gen
алахъ#try -зава#IMPF
руш#girl
фи#go -н#GEN
са#one
къач#buy -умир#PROH
гада#boy -ди#OBL -з#DAT
гала#with -з#DAT
гила#now
г#give -ана#AOC -тӏа#COND
ам#it
ци#why
кицӏ#dog
стха#brother -да#OBL -л#SP -NULL#ESS
гада#boy -ди#ERG -ни#AND;FOCUS
гъ#bring -ана#AOR
кӏан#want -зава#IMPF -й#PTCP
ава#is -из#INF
чи#1pl.gen
ф#go -ена#AOR
кицӏ#dog
а#that
базар#market -да#OBL -л#SP -NULL#ESS
йикъ#day -у#OBL -з#DAT
и#this
ава#cop
ибрагьимова#ibrahimova
вич#himself -и#ERG
ки#that
марф#rain
са#one
эхир#after.all
пара#very
ам#that
хабар#news
руш#girl
жи#our
хкаж#up
о#Too
за#1sg.ERG -з#DAT
эхир#after.all
ма#you.know
гьа#that,.the.same
зи#1sg.gen
лагь#say -ана#AOR
мама#mother
ив#night а#OBL -н#GEN
куьтях#finish
ана#there -й#PST
ама#still.be,.remain
кьван#so.much
цӏийи#new
са#one
къирмаж#whip -ди#OBL -в#AD -NULL#ESS
жув#us а#ERG
и#this
икьван#so.much
сад#one -ни#AND;FOCUS
ава#is -й#PST
хв#keep,defend -ена#AOR
ма#you.know
лагь#say -ана#AOR
дуьз#great
литва#Lithuania -ди#OBL -н#GEN
марф#rain
са#one
аял#child
тагиев#Tagiyev а#ERG
гьа#today
вахт#time
къач#buy -унва#PERF -й#PTCP
ки#that
гьа#that,.the.same
руш#girl а#ERG
це#give
къач#buy -уз#INF
шей#thing -ни#AND;FOCUS
за#1sg.ERG
вилик#before
чун#1pl.abs
ч#know -изва#IMPF -ч#NEG
лугь#say -уда#ENT
г#give -уда#ENT
г#give -айи#AOP
юлдаш#friend -ди#OBL -н#GEN
кьве#two
за#1sg.ERG
гъ#bring -ана#AOR
пачагь#king -ни#AND;FOCUS
вун#2sg.abs а#ERG
эрзе#statement
она.гуьре#THERFORE
ини#here -з#DAT
за#1sg.ERG
лагь#say -ана#AOR
балкӏан#horse -да#OBL -л#SP -NULL#ESS
вах#sister
а#that -бур#PL
диде#mother
кь#catch -ада#ENT
къач#buy -ун#HORT
ак#look -уна#AOR
ам#it
виликди#before
ий#make -изва#IMPF
иер#beautiful -ди#DIR
гьат#enter -нава#PERF
гьакӏа#just
семья#family -ди#OBL -з#DAT
лугь#say -уда#ENT
за#1sg.ERG -з#DAT
ак#look -уна#AOC
ки#that
лагь#say -ана#AOR
са#one
гваз#with
я#oh
лугь#say -уда#ENT
ини#here -з#DAT
заз#I
вич#himself -и#ERG -н#GEN
ама#still.be,.remain -ч#NEG
хт#return -ана#AOR
лугь#say -узва#IMPF
йикь#die!
лугь#say -уда#ENT
гьада#she -з#DAT
булах#spring -ар#PL
пепе#bug -яр#PL
сырой#raw
югъ#day
югъ#day
акъат#come.out
ина#here -й#PST
буба#father
ма#here.you.go
са#one
гагьат#escape -на#AOR
лугь#say -уда#ENT
чун#1pl.abs
фу#bread
эхир#after.all
са#one
берейра#times
кут#put.under -уна#AOC
за#1sg.ERG -з#DAT
и#this
молодой#young
фикирар#think.much -зава#IMPF
и#this -м#ABS
къулдур#robber -ар#PL
санал#together
акъат#appear -на#AOC
жемят#public -ди#ERG
гьат#fall.on -на#AOR -ч#NEG
лугь#say -уда#ENT
я#oh
гада#boy -ди#OBL -н#GEN
лагь#say -ана#AOR
гьакъ#truth
ф#go -ена#AOR
ма#you.know
эхьир#in.
вич#himself
лугь#say -уда#ENT
заз#I
гала#with -з#DAT
ий#make -изва#IMPF
саламат#well
чун#1pl.abs
кьил#head
белке#maybe
къв#fall,precipitate -езва#IMPF
амукь#stay,remain -на#AOR
иер#beautiful
за#1sg.ERG
фикир#thought
больница#hospital -да#IN -NULL#ESS -ни#AND;FOCUS
лагь#say -ана#AOR
гьа#that,.the.same
ахпа#then
гъил#hand -е#IN -NULL#ESS
лугь#say -уда#ENT
араб#arab -р#PL -и#ERG
лугь#say -уз#IMC
чӏулав#black
за#1sg.ERG
гъил#hand -я#IN -й#EL
ава#cop
вич#himself -и#ERG -н#GEN
гада#boy -ни#AND;FOCUS
ата#coming -й#PST -ди#SBST
а#that -бур#PL
араб#arab -ар#PL -ни#AND;FOCUS
руш#girl -ни#AND;FOCUS
кьимет#price
я#oh
ида#he.also -з#DAT
за#1sg.ERG
руш#girl
ида#he.also -з#DAT -ни#AND;FOCUS
эйиб#shame
экъецӏ#appear -на#AOC
гила#now
мах#folktale -ни#AND;FOCUS
хъф#go.again,return -ида#FUT
тир#was
зи#1sg.gen
и#this
ф#go -ида#FUT
са#one
кь#catch -ада#ENT
кӏватӏ#to.gather
гьагьана#aformentioned.place
кӏан#want -зава#IMPF
лайих#worthy
марф#rain
итем#man -ди#OBL -з#DAT
ви#2sg.gen
югъ#day
ина#here
хт#return -ана#AOR
галаз#with
вич#himself
гада#boy
гьуьл#sea -уь#OBL -н#GEN
г#give -ана#AOC
дагьа#more
ава#cop
ва#2sg -з#DAT
руш#girl -а#OBL -л#SP -NULL#ESS
юкьв#middle -а#IN -й#EL
яӏта#is
лагь#say -ана#AOR
пенжер#window -да#IN -й#EL
чӏув#time -а#OBL -л#SP -NULL#ESS
гьахь#enter -ун#HORT
по-русски#in.Russian
и#this
голландия#Holland -ди#ERG -з#DAT
сакӏани#in.no.way
лугь#say -уда#ENT
агакь#reach -на#AOC
чӏав#time а#OBL -л#SP -ди#DIR
йиф#night -е#OBL -н#GEN
ну#well
кӏан#want -зава#IMPF
чпи#themselves -з#DAT
а#that
чун#1pl.abs
ахтынский#Akhtinsky
гила#now
катдай#running.FUT.PTP
кард#falcon
це#give
хьа#happened -нава#PERF
хуьр#village -у#OBL -з#DAT
хтар#necklace -ар#PL
хьа#being.AOC
кьулухъ#behind
лагь#say -ана#AOR
чун#1pl.abs
игъ#put -ин#HORT
лугь#say -уда#ENT
лагь#say -ана#AOR
куьмек#help -ай#AOP -ди#SBST
лагь#say -ана#AOR
физвайди#go.IMPF.PTC.SUBT
экъечӏ#appear -нава#PERF
пад#side
ма#you.know
ма#you.know
ктаб#book
кӏвал#house -е#IN -NULL#ESS
кака#egg
руш#girl а#OBL -хъ#PT -NULL#ESS
хьа#happened -нава#PERF
кӏан#want -зава#IMPF -й#PTCP
ала#is.there
гила#now
ваъ#no
лугь#say -уда#ENT
и#this
лугь#say -уда#ENT
рекь#way -ер#PL
хъсан#good
муаллим#teacher -ни#AND;FOCUS
и#this
ат#come -ана#AOC
лагь#say.IMPV
пачагь#king
къурмиш#organize -да#FUT
кутӏ#tie -уна#AOR
руш#girl а#OBL -з#DAT
ф#go -ена#AOR
кьил#head
рук#forest -ар#PL а#IN -й#EL
во#well
жер#will.be
гада#boy -ни#AND;FOCUS
и#this
къейд#celebrate -на#AOR
чуьнуьх#steal
солдат#soldier -ар#PL
алим#scholar -ри#OBL -н#GEN
кицӏ#dog
мад#more
хуьр#village -уь#OBL -н#GEN
руш#girl а#OBL -н#GEN
лагь#say -ана#AOR
чӏахмах#flint.from -ди#DIR -н#GEN
вуч#what -и#ERG -н#GEN
жени#be.FUT.Q
чан#dear
г#give -ана#AOC
кицӏ#dog
дейесен#it.seems
адет#tradition
гъавурда.акьуна#UNDERSTAND.AOR
лугь#say -уда#ENT
рессам#artist -ди#OBL -з#DAT
лугь#say -уда#ENT
вич#himself -и#ERG -н#GEN
са#one
мех#fur
хкаж#up
къач#buy -уна#AOR
хт#return -ана#AOR
туш#cop.NEG
девлет#country
гьаниз#there
акӏ#like.that
гъил#hand -я#IN -й#EL
ат#come -ана#AOR
дейгъе#minute -ди#OBL -л#SP -ай#EL
воо#well
район#countryside -ди#OBL -з#DAT
яхцӏур#fourty
бина#building
пуд#three
ягъ#hit -ана#AOC
гьаа#Yes
гьуьл#sea -уь#OBL -н#GEN
пуд#three
са#one
ахпа#then
шикил#picture
яргъал#far
гада#boy
хкв#return -еда#FUT
агакь#reach -на#AOC
югъ#day
лугь#say -уда#ENT
и#this
ки#that
лугь#say -уда#ENT
дагъыстан#Dagestan's -ди#DIR -н#GEN
са#one
за#1sg.ERG
ун#yes
пака#tomorrow
кут#put.under -уна#AOC
паб#wife
лугь#say -узва#IMPF
луьтквечи#boatman
и#this
чун#1pl.abs
тупӏал#ring -ар#PL
зи#1sg.gen
са#one
эээ#uhr
са#one
амукь#stay,remain -на#AOR
г#give -анва#PERF
пек#cloth -ни#AND;FOCUS
итем#man
газет#newspaper -ди#OBL -з#DAT
хва#son
сефер#time -ни#AND;FOCUS
самур#"Samur"
нек#milk -еди#OBL -к#SB -ай#EL
лагь#say -ана#AOR
гада#boy
кӏвал#house -е#IN -NULL#ESS
яру#red
дуьз#great
тир#was
пул#money
ахъая#send.away.IMPV
пара#very
ни#whoever
инсан#man -ар#PL
ашукь#ashuq -ди#OBL -з#DAT
гьуьл#sea -уь#OBL -н#GEN
зу#my
гьуьл#sea -е#OBL -л#SP -ай#EL
яхцӏур#fourty
пачагь#king -ни#AND;FOCUS
са#one
къиямат#amazing
гаф#word -ни#AND;FOCUS
гьах#enter -нава#PERF
лугь#say -уда#ENT
лагь#say -ана#AOR
пачагь#king
ида#him.to -ни#AND;FOCUS
ида#he.again
кавалерар#cavalry
гада#boy -ди#OBL -н#GEN
вич#himself -и#ERG -н#GEN
ий#make -ида#ENT
г#give -анва#PERF
и#this
пат#side а#OBL -з#DAT
за#1sg.ERG -ни#AND;FOCUS
лугь#say -уда#ENT
чна#1pl.erg
дуьзар#set -на#AOR
жува#yourself
йиф#night -и#OBL -з#DAT
ида#him.to -ни#AND;FOCUS
лагь#say -ана#AOR
и#this
акв#look -азва#IMPF -ч#NEG -ни#Q
ак#look -уна#AOC
яхцӏур#fourty
шегьер#city -ди#OBL -з#DAT
амма#but
хьтин#like
а#that
чӏулав#black
ан#there -яй#EL
къари#old.woman
стха#brother
тухв#take -да#ENT
гъваш#bring.IMPV
воо#well
лагь#say -ана#AOR
хабар#news -ар#PL
акъуд#get.out -на#AOC
лагь#say -ана#AOR
пачагь#king -ди#OBL -н#GEN
арадлай#a.while.after
акв#look -азва#IMPF
ф#go -енва#PERF -тӏа#COND
туш#cop.NEG
гьагь#yes
ада#he
литва#Lithuania -ди#OBL -н#GEN
гагьат#escape -зава#IMPF
г#give -ун#HORT
къатк#lie.down -ана#AOR
ээээгь#eeh
баде#grandmother
район#countryside -ди#OBL -з#DAT
руш#girl
гьина#where
ини#here -з#DAT
гъил#hand -я#IN -й#EL
ида#him.to -ни#AND;FOCUS
гьикӏ#how
кьве#two
фу#bread
фу#bread
хв#keep,defend -ена#AOR
стха#brother
вич#himself -и#ERG -з#DAT
безханум#Bezkhanum
лугь#say -уда#ENT
христиан#Christian
лугь#say -уда#ENT
за#1sg.ERG -з#DAT
шад#happy
жи#our
вах#sister
накьв#soil
кӏан#want -зава#IMPF -й#PTCP
чна#1pl.erg
зунжур#chain -ди#OBL -в#AD -NULL#ESS
гьикӏ#how
диде#mother
ахъай#open -на#AOR
и#this
и#this
пака#tomorrow
и#this
ф#go -ена#AOR
ахпа#then
хъ#drink -ада#ENT
мама#mother -ди#OBL -ни#AND;FOCUS
дербент#Derbent.in -ди#OBL -з#DAT
кьатӏ#see -изва#IMPF
округ#district
ак#look -уна#AOR
вун#2sg.abs а#ERG
гьайван#animal
пара#very
ат#come -ана#AOC
и#this
икьрар#agreement
и#this
лагь#say -ана#AOR
чка#place
ма#you.know
ва#2sg -з#DAT
кут#put.under -уна#AOC
гада#boy -ди#ERG
ама#still.be,.remain
и#this
вегь#throw -ена#AOC
мах#folktale
и#this
атана.агакьда#REACHED.ENT
вун#2sg.abs а#ERG -ни#AND;FOCUS
ахпа#then
фидамаз#while.going
бере#time -да#IN -NULL#ESS
лугь#say -уда#ENT
гьуьл#sea -уь#OBL -н#GEN
белке#maybe
сят#o'clock -ди#OBL -н#GEN
ибур#these -и#ERG -н#GEN
иеси#owner
ида#her -з#DAT
и#this
ам#it
ава#is -ч#NEG
ви#2sg.gen
къакъуд#remove -на#AOR
за#1sg.ERG
лагь#say -ана#AOR
гьим#that.one
куьтях#finish
кицӏ#dog
лагь#say -ана#AOR
лагь#say -ана#AOR
ма#you.know
эвер#call -ана#AOR
лагь#say -ана#AOR
фикирар#think.much -зава#IMPF -ни#Q
гудий.вал#TO.GIVE
и#this
лагь#say -ана#AOR
ама#still.be,.remain -ч#NEG
мейдан#town.square -да#OBL -л#SP -NULL#ESS
и#this
бес#but
вун#2sg.abs а#ERG
тӏванлай#from.there
учебка#training -да#IN -NULL#ESS
кьван#so.much
чун#1pl.abs
каф#foam
аш#plov -ар#PL
яшамиш.жез#LIVE.IMC
лагь#say -ана#AOR
гьи-гьин#the.same
ава#is -й#PST
чан#dear
гьа-гьа#that
са#one
са#one
кван#please.do
вад-ругуд#five.six
лугь#say -узва#IMPF
къв#come -еда#ENT
хкв#return -еда#ENT
и#this
ктаб#book
балкӏан#horse
хъв#drink -ана#AOR
къвериг#play -из#INF
са#one
америка#America's -ди#ERG -н#GEN
са#one
кьван#so.much
маса#another
зу#my
ахъа#open -й#PST из#IMMANT
лагь#say -ана#AOR
и#this
кьвед#two лагь#say -й#PST
шив#steed -ре#OBL -хъ#PT -NULL#ESS
лагь#say -ана#AOR
ахкъач#rise
югъ#day
эмел#adhere -нава#PERF -ш#NEG
инсан#man -р#PL -и#ERG -к#SB -ай#EL
ахпа#then
ашкъи#love -ни#AND;FOCUS
гьакӏ#just а#ERG
хьа#happened -нава#PERF
кӏан#want -зава#IMPF -й#PTCP
ноябрь#november декабрь#december -ди#ERG -н#GEN
гьал#solution -ар#PL -и#ERG -к#SB -ай#EL
и#this
акъуд#get.out -на#AOC
я#oh
лагь#say -ана#AOR
пек#cloth -ер#PL
истифаде#use
турба#bag -яр#PL
къулдур#robber
и#this
илис.хьухь#HIDE.IMPV
жув#us а#OBL -н#GEN
и#this
чун#1pl.abs
кицӏ#dog
иер#beautiful
кут#put.under -ада#ENT
концерт#concert -ни#AND;FOCUS
ви#2sg.gen
гьакӏ#like.that
и#this
кьеайди#dead
ат#come -анва#PERF -й#PST
чун#1pl.abs
ки#that
лагь#say -ай#AOP -ла#TEMP
ки#that
сонра#after
да#yes
вуна#2sg.erg
десять#ten
акьван#enough
ама#he
за#1sg.ERG -з#DAT
ахпа#then
кван#please.do
тахтун#throne -а#OBL -л#SP -NULL#ESS
ки#that
сара#castle -яр#PL
ава#cop
ава#cop
лагь#say -ана#AOR
ф#go -изва#IMPF
и#this
и#this
ат#come -ана#AOC
кицӏ#dog
къерар#decision
лугь#say -уда#ENT
булах#spring -да#OBL -л#SP -NULL#ESS
шумуд#more
республика#countries -йр#PL -и#OBL -з#DAT
им#he
гьуьл#sea -я#IN -й#EL
лугь#say -уда#ENT
чан#dear
кутӏан#tie -на#AOC
за#1sg.ERG
вот#there
тухв#take -да#ENT
це#give
вич#himself
за#1sg.ERG -з#DAT
къанни.цӏуд#THIRTY
гьим#who
ки#that
сад#one лагьай#card.
инсан#man
чинеба#secretly
ат#come -ана#AOR
хутх#carry -ана#AOR
къагъ#bring.again -ана#AOR
кьил#chapter
лагь#say -ана#AOR
белке#maybe
са#one
жаваб#answer
вил#eye -ер#PL -а#OBL -л#SP -NULL#ESS
мектеб#school -ди#OBL -з#DAT
ча#1pl.gen -з#DAT
накьв#soil -ади#OBL -к#SB -ай#EL
вил#eye -ер#PL -а#OBL -л#SP -NULL#ESS
гьуьл#sea -уь#OBL -н#GEN
чир#knowledge -на#AOR
ава#cop
гьуьл#sea -уь#OBL -н#GEN
ахпа#then
ибре#exemplary
гада#boy
лугь#say -уда#ENT
хейлаг#a.lot
лагь#say -ана#AOR
якъин#probably
вуч#what -и#ERG -н#GEN
артух#better -ар#PL -и#ERG -н#GEN
галкӏ#cling -анва#PERF
за#1sg.ERG
къарагъ#stand.up,rise -на#AOR
сабур#patience
кхь#write -енва#PERF -й#PTCP
кьил#chapter -е#OBL -л#SP -NULL#ESS
вуч#what -и#ERG -з#DAT
лап#very
чун#1pl.abs
кван#please.do
са#one
ам#it
лугь#say -уда#ENT
и#this
а#that
и#this
гьакӏан#simple
вири#all
мес#bed -е#IN -NULL#ESS
комиссоват#commmissurate -на#AOC
а#that -бур#PL
ф#go -ена#AOC
бере#time -да#IN -NULL#ESS
накьв#soil -ар#PL
рикӏ#heart а#OBL -л#SP -ай#EL
лугь#say -уз#IMC
руш#girl
са#one
хер#wound
ки#that
чун#1pl.abs
тӏвар#name -ар#PL
мизан#justice
ф#go -ена#AOR
къуш#bird
эчӏер#pour
литва#Lithuania -ди#OBL -н#GEN
за#1sg.ERG
инсан#man -ар#PL
вуч#what
хер#wound
досрочный#earlier
пӏуз#lip -арар#PL
асул#actually
за#1sg.ERG
къерех#side -да#IN -NULL#ESS -ни#AND;FOCUS
эхьир#in.
лугь#say -уда#ENT
хуш#like
рах#speak -азва#IMPF
безханум#Bezkhanum
куьтях#finish
ишигъли#light
югъ#day
меслят#advice
я#or
чи#1pl.gen
а#that
кас#man
иер#beautiful
хъий#remake,redo -ида#ENT
има#this
кӏанчӏ#wood -ина#OBL -л#SP -NULL#ESS
и#this
телефон#phone
эхир#after.all
шеир#poem
кван#please.do
рагьуллагь#Rahulla
луьткве#boat
чна#1pl.erg
чил#ground -е#OBL -л#SP -NULL#ESS
ва#2sg -з#DAT
цӏай#fire
за#1sg.ERG
гъвечӏи#small
чун#1pl.abs
са#one
в#in
нян#evening -и#OBL -н#GEN
им#he
цӏуьд#nine
са#one
вал#bush -ар#PL -я#IN -й#EL
къв#come -еда#FUT
вили#blue
вахт#time
вич#himself и#ergative -з#DAT
кьил#chapter -е#OBL -л#SP -NULL#ESS
яд#water
къач#take -уда#FUT
инсан#man
гила#now
яр#sweetheart
г#give -уда#ENT
туш#cop.NEG
са#one
баде#grandmother
хьа#happened -нава#PERF
лагь#say -ана#AOR
лугь#say -узва#IMPF
гьакӏан#simple
гьамиша#always
эээ#eeh
г#give -узва#IMPF -й#PTCP
гьуьл#sea -уь#OBL -н#GEN
кӏвал#house -и#OBL -з#DAT
хкягъ#choose -да#FUT
руш#girl
и#this
гада#boy -ди#ERG
яваш-яваш#slowly
дагъ#mountain
я#cop -тӏа#COND
и#this
накьв#soil
г#give -ана#AOR
са#one
вегьши#wild
сувар#Holiday -и#OBL -з#DAT
тир#was
гьарад#everybody а#ERG
но#But
порядок#order
тир#was
кӏурцӏул#puppy
лагь#say -ана#AOR
и#this
са#one
кӏурцӏул#puppy -ар#PL
зи#1sg.gen
цӏыцӏ#tsits
за#1sg.ERG
ва#2sg -з#DAT
себри#Sabri
ийи#make -зава#IMPF
куьне#you
чна#1pl.erg
ама#still.be,.remain -ни#AND;FOCUS
за#1sg.ERG -з#DAT
виня#height.from -й#PST
дугъридан#really -ни#AND;FOCUS
икьрар#agreement
чӏав#time -у#OBL -з#DAT
ат#come -ана#AOR
ф#go -из#INF
лугь#say -уда#ENT
инсан#man -ри#OBL -н#GEN
ки#that
гьин#which
им#he
узур#shake -на#AOR
ахпа#then
туш#cop.NEG
къапина#jar
чӏугва#draw,pull -из#INF
и#this
экъечӏ#appear -на#AOC
чун#1pl.abs
кӏват#group -из#IMC
акьах#jump -на#AOC
за#1sg.ERG
вири#all
буба#grandfather -ди#OBL -з#DAT
гьаят#life -ди#OBL -л#SP -ай#EL
хуьр#village -уь#OBL -з#DAT -ди#DIR
эвел#before
са#one
куьн#2pl.abs
ала#is.there
ф#go -ей#AOP -да#OBL -л#SP -ай#EL
вич#himself -и#ERG -з#DAT
сонра#after
кас#man
ив#night -и#OBL -з#DAT
вич#himself -и#ERG -ни#AND;FOCUS
не.исе#ANYWAY
гила#now
лагь#say -ана#AOR
ида#him.to
за#1sg.ERG
и#this
ина#here
чун#1pl.abs
ф#go -ена#AOC
гьан#that -и#ERG -з#DAT
къабагъы#front
бацӏ#Bats
эхир#after.all
ахпа#then
са#one
кьил#chapter -и#OBL -к#SB -NULL#ESS
амукь#stay,remain -на#AOR
ван#voice
ну#well
лагь#say -ана#AOR
анжах#but
кицӏ#dog
жив#snow
рекь#way -е#IN -NULL#ESS
къе#today -ни#AND;FOCUS
лагь#say -ана#AOR
хьа#happened йи#AOP
са#one
лагь#say -ай#AOP
къакъуд#remove -на#AOC
лугь#say -уда#ENT
нефер#person -ди#OBL -в#AD -ай#EL
балкӏан#horse -ди#OBL -н#GEN
балкӏан#horse -ди#ERG
галаз#with
хьурай#be.will
кьвед#two лагь#say -й#PST
стул#chair -ар#PL
т#leave -мир#PROH
базар#market -ри#OBL -з#DAT
иси#Isi
чи#1pl.gen
са#one
ава#cop -й#PST
и#this
пад#side
туш#cop.NEG
экъецӏ#reach -ай#AOP -ла#TEMP
пачагь#king -ди#OBL -з#DAT -ни#AND;FOCUS
хер#wound
гьикӏ#how
гада#boy -ди#OBL -н#GEN
хъсан#good
хьа#be нава#PERF
ма#you.know
ий#make -из#INF
са#one
кьве#two
ана#there
за#1sg.ERG
ак#look -ур#AOP -ла#TEMP
жив#snow
ф#go -ена#AOC
гада#boy -ди#OBL -в#AD -NULL#ESS
хта#return -нава#PERF
лугь#say -уда#ENT
и#this
вилаят#country -ди#OBL -з#DAT
муьжуьд#eight
са#one
вилаят#province -да#IN -NULL#ESS
элкв#turn.back -ена#AOR
за#1sg.ERG
гьич#never
сад#one
накьв#soil
лезги#Lezgi
вич#himself -и#ERG -н#GEN
балкӏан#horse -ди#OBL -н#GEN
мани#song
вобщем#anyway
ида#he.also -з#DAT
пек#cloth -ер#PL
вуч#what
руш#girl
ф#go -из#INF
цӏай#fire -и#OBL -н#GEN
туш#isn't
и#this
эрмени#armenian -ни#AND;FOCUS
ий#make -ин#HORT
буба#father -ди#OBL -з#DAT -ни#AND;FOCUS
ак#look -уна#AOC
кьван#so.much
сонра#after
и#this
мад#more
кут#put.under -унва#PERF
ф#go -ена#AOC
жаван#young
хва#son
иер#beautiful
ида#him.to -ни#AND;FOCUS
инрай#here.from
ва#2sg -з#DAT
има#this.one
экъецӏ#appear -на#AOR
зи#1sg.gen
къван#stone
лугь#say -уз#IMC
ф#go -ена#AOC
азербайджан#Azerbaijan
эциг#put!
булах#spring -ар#PL
гила#now
чан#dear
са#one
набран#Nabran.to -ди#OBL -з#DAT
гьуьл#sea -уь#OBL -н#GEN
ада#he -з#DAT -ди#DIR
ак#look -уна#AOR
гагьат#escape -зава#IMPF
чун#1pl.abs
г#give -ана#AOR
но#But
вилик#before
хкат#leave -ун#HORT
къач#buy -уз#INF
ф#go -из#INF
лугь#say -уз#IMC
ам#it
къач#buy -уна#AOR
шей#thing -ни#AND;FOCUS
гьа#that,.the.same
гъил#hand -я#IN -й#EL
кицӏ#dog
ава#cop
агъзур#100
кӏан#want -зава#IMPF -й#PTCP
а#that -бур#PL
гьат#fall.on -на#AOR
за#1sg.ERG
кь#catch -уна#AOC
цӏыцӏ#tsits
хъсан#good
чна#1pl.erg
и#this
кь#catch -уна#AOC
акъадар#mount -да#ENT
къач#buy -ун#HORT
мектеб#school -да#IN -й#EL
гьайван#animal -ар#PL
чӏав#time -а#OBL -л#SP -ай#EL
сада#one
архаин#comfort
балкӏан#horse -ди#ERG
кьван#so.much
къвед#two пуд#three
руш#girl -ни#AND;FOCUS
жив#snow
вилаят#province -ди#OBL -в#AD -NULL#ESS
чна#1pl.erg
г#give -уда#ENT
лугь#say -уда#ENT
бере#time -да#IN -NULL#ESS
ида#him.to -н#GEN
специально#special
руш#girl
яхцӏур#fourty
са#one
къуш#bird
ф#go -ида#FUT -й#PTCP -ла#TEMP
лагь#say -ана#AOR
са#one
са#one
лугь#say -уда#ENT
фронт#front.line
хтун#take.off -да#ENT
вахт#time
ф#go -ида#ENT
хьайитӏани#however.COND.FOC
са#one
ки#that
ина#here -ни#AND;FOCUS
тир#was
буба#father
лугь#say -уда#ENT
гаф#word -ар#PL
лагь#say -ана#AOR
лагь#say -ай#AOP -ла#TEMP
къиямат#amazing
чи#1pl.gen
са#one
лугь#say -уда#ENT
кьве#two
кӏарас#wood -ар#PL
ф#go -ена#AOR
голландия#Holland -ди#ERG -з#DAT
рази#agree
область#area
лугь#say -уда#ENT
хъв#drink -аз#INF
аяр#nice бур#PL
сонра#after
ида#him.to -ни#AND;FOCUS
ф#go -енва#PERF
кӏватӏ#group
ашукь#ashuq -ди#OBL -з#DAT
къв#fall,precipitate -езва#IMPF
вич#himself и#ergative -з#DAT
гьа#it да#OBL -н#GEN
нефер#person
хъв#drink -ан#HORT
элягъ#take.off -на#AOC
г#give -уз#IMC
хер#wound
гьуьл#sea -уь#OBL -н#GEN
бере#time -да#IN -NULL#ESS
и#this
яд#water
вири#all
це#give
цвез#what.for
рази#agree
хпер#sheep -и#OBL -н#GEN
гьат.тавур#DIDN'T.GET.NEG.SBST -ди#SBST
кьиса#story
гила#now
сада#one
ханум#Ma'am а#ERG
иер#beautiful
иер#beautiful
ахъа#open
жаза#punishment
хъсан#good
лугь#say -уда#ENT
а#that
эламет#sing -ар#PL
рикӏ#heart -е#OBL -л#SP -NULL#ESS
г#give -уда#FUT
накьв#soil
амна#that.happing.AOC
кӏарас#wood -ар#PL -ни#AND;FOCUS
лагь#say -ана#AOR
жуьт#pair
гъвечид#small
лагь#say -ана#AOR
лугь#say -уда#ENT
вич#himself
кут#put.under -уна#AOC
гьич#never
гьуьл#sea -уь#OBL -н#GEN
стан#stati
буба#father
лагь#say -ана#AOR
и#this
пек#cloth -ер#PL
амна#that.happing.AOC
гьикӏ#how
бельгия#Belgium -ди#DIR -з#DAT
кьил#chapter -е#OBL -л#SP -NULL#ESS
а#that
бере#time -да#IN -NULL#ESS
хвеши#happy
кьвед.лагьай#SECOND
г#give -айи#AOP
кьил#chapter -я#IN -й#EL
и#this
за#1sg.ERG -з#DAT
къвалах#issue -ар#PL
къачагъ#robber -ар#PL
лугь#say -уда#ENT
ки#that
чӏав#time -у#OBL -з#DAT
затӏ#thing -на#AOR
жуваз#me.to
чун#1pl.abs
элкъв#turn.back -ена#AOC
акв#look -аз#INF
ани#that -з#DAT
вич#himself -и#OBL -н#GEN
кьвед.лагьай#SECOND
са#one
лакин#but
за#1sg.ERG
ий#make -мир#PROH
шеъ#thing -ни#AND;FOCUS
лугь#say -уда#ENT
лагь#say -ана#AOR
элкъв#turn.back -ена#AOC
чан#dear
ва#2sg -з#DAT
за#1sg.ERG
ва#2sg -з#DAT
нефер#person -ди#OBL -в#AD -ай#EL
чун#1pl.abs
кьве#two
пара#very
фу#bread
вич#himself -и#ERG -н#GEN
гьада#she -з#DAT
хт#return -ана#AOC
кицӏ#dog -и#OBL -н#GEN
ругуд#six
балкӏан#horse -да#OBL -л#SP -NULL#ESS
къетне#before
руш#girl а#ERG
са#one
юлдаш#friend
хьа#happened -нава#PERF
я#oh
лугь#say -уда#ENT
ф#go -ида#ENT
лугь#say -уда#ENT
кӏел#read -ди#SBST -ин#HORT
мугьубат#love -ни#AND;FOCUS
са#one
чун#1pl.abs
ама#still.be,.remain -зама#IMPF.CONT
муаллим#teacher -ди#ERG
филан#some
регьмет#DIED -ди#OBL -з#DAT
ат#come -ана#AOC
пачагь#king
дяве#war
гада#boy -ди#ERG
чан#dear
чна#1pl.erg
и#this
инсан#man
вич#himself -и#ERG -н#GEN
игила#now
пичин#stove -а#OBL -л#SP -NULL#ESS
г#give -ана#AOC
худат#Khudat
больница#hospital -ди#OBL -з#DAT
немец#german.person -ди#ERG
са#one
кьулухъ#behind
и#this
анин#his
тхв#take -ана#AOR
са#one
зак#me.from а#ERG -й#PST
ацукьар#cause.to.sit -да#ENT
къарагъ#stand.up,rise -на#AOR
бес#but
инихъ#after
хьуьр#village -уь#OBL -з#DAT
сакӏани#in.no.way
тахтун#throne -а#OBL -л#SP -NULL#ESS
гъил#hand
къарагъ#stand.up,rise -на#AOR
командир#commander -ди#ERG
жув#us а#OBL -н#GEN
дастан#dastan
ф#go -ена#AOC
ийизватӏани#if.be
вил#eye -ер#PL
чил#ground а#OBL -л#SP -NULL#ESS
гьич#never
туш#cop.NEG
бес#but
хтар#necklace -ар#PL
шикил#picture
цӏуд#ten
гада#boy
капаш#handful -ди#OBL -н#GEN
арадлай#a.while.after
гьа#Yes
лугь#say -уда#ENT
гьааа#Aah
гала#with -з#DAT
цӏуьд#nine
къахч#take -уз#INF
буба#father
объект#facility -ди#OBL -л#SP -яй#EL
пек#cloth -ер#PL
ахпа#then
бала#baby -яр#PL
гада#boy -ди#ERG
рекь#kill -ида#FUT
мугьарибе#war
гьа#that,.the.same
лугь#say -уда#ENT
ак#look -ур#AOP -ла#TEMP
жемят#public -ди#ERG
за#1sg.ERG -з#DAT
кьве#two
дуьз#great
яд#water
вутӏ#where
дуьз#great
газет#newspaper -ди#OBL -з#DAT
югъ#day
югъ#day
рикӏ#heart
а#that -бур#PL
са#one
садра#once -ни#AND;FOCUS
берлин#Berlin -да#IN -й#EL
ма#you.know
ф#go -ена#AOR
чун#1pl.abs
накьв#soil
мина#mine
лугь#say -уда#ENT
тир#was
арада#between
цӏийи#new
балкӏан#horse -ди#OBL -н#GEN
са#one
за#1sg.ERG -з#DAT
лугь#say -узва#IMPF
и#this
хкв#return -еда#ENT
кас#man -ди#OBL -з#DAT
ашкъи#love
ашукь#ashuq
гада#boy -ди#OBL -н#GEN
сакӏани#in.no.way
сад#one
гьа#that,.the.same
вуна#2sg.erg
ф#go -ида#ENT
садра#once
ида#him.to -ни#AND;FOCUS
булах#spring -да#OBL -л#SP -NULL#ESS
югъ#day
кӏан#want -зава#IMPF -й#PTCP -ди#SBST
вич#himself
ягъ#hit -ана#AOR
лугь#say -уда#ENT
характер#character
чун#1pl.abs
къерех#side -ди#OBL -з#DAT
акӏ#like.that
лезги#Lezgi
ви#2sg.gen
дастан#dastan
гьа#that,.the.same
сержант#sergeant
и#this
огонь.копида#OGON.KOPY.IN
шей#thing
гьа#that,.the.same
балкӏан#horse -да#OBL -л#SP -NULL#ESS
ф#go -ена#AOR
динжар#provide -на#AOR
ки#that
жув#us а#OBL -н#GEN
ахьтин#like.that
гуьзел#beautiful бур#PL
лугь#say -уда#ENT
има#this.one
кӏвал#house -ар#PL -и#OBL -з#DAT къар#days -и#OBL -з#DAT
ава#is -й#PST -ди#SBST
са#one
ки#that
икьрар#agreement
са#one
ва#2sg -з#DAT
кицӏ#dog
немец#german.person -ар#PL -и#OBL -хъ#PT -NULL#ESS
ча#1pl.gen -з#DAT
йис#year а#OBL -н#GEN
ата#coming -й#PST -ди#SBST
ана#there -р#PL -из#DAT
лагь#say -ана#AOR
лугь#say -узва#IMPF
а#that
межнун#Medjnun
вичин#her
сегьви#mistake
гила#now
чун#1pl.abs
ий#make -ин#HORT
х#be.born
бес#but
самур#"Samur"
кас#man
за#1sg.ERG -з#DAT
ва#2sg -з#DAT
чун#1pl.abs
гада#boy -ни#AND;FOCUS
зи#1sg.gen
чан#dear
гьагьам#that.aforementioned
буба#grandfather -ни#AND;FOCUS
чир#knowledge -на#AOC
вобщем#anyway
ки#that
кьил#chapter -е#OBL -л#SP -NULL#ESS
ада#he
са#one
ахвариз.фейи#GOING.TO.SLEEP.TEMP -ла#TEMP
девир#time -да#IN -NULL#ESS
вил#eye
лагь#say -ана#AOR
йикъ#day а#OBL -л#SP -ди#DIR
лугь#say -уда#ENT
эвецӏ#go.down -на#AOR
дуьз#great
дежурный#on..duty -ди#OBL -з#DAT
я#cop
и#this
хьтин#like
гьужум#attack
накьв#soil
мейдан#town.square -да#OBL -л#SP -NULL#ESS
экъечӏ#appear -на#AOR
руш#girl
жаза#punishment
къачихъ#out
я#oh
чукьуна#cause
хъсан#good
са#one
ф#go -ида#ENT
къажгъан#pans -ар#PL
лугь#say -уда#ENT
ам#it
ат#come -ана#AOC
ковш#ladle
ча#1pl.gen -з#DAT
чи#1pl.gen
чан#dear
дарман#medicine -ни#AND;FOCUS
лугь#say -уда#ENT
лагь#say -ана#AOR
ахпа#then
гила#now
нян#evening -и#OBL -н#GEN
ф#go -ида#FUT
вири#all
чна#1pl.erg
стха#brother -яр#PL
нян#evening -и#OBL -н#GEN
чун#1pl.abs -ни#AND;FOCUS
лугь#say -уда#ENT
накьв#soil
гила#now
руш#girl
ана#there -р#PL -из#DAT
ада#he
чун#1pl.abs
ахъа#open -й#PST из#IMMANT
са#one
ак#look -тӏа#COND
аку#look.IMPV
тамаш#look -на#AOC
фикир#thought
чан#dear
ва#2sg -з#DAT
г#give -анва#PERF -й#PST
туш#cop.PST.NEG
ават#fall -ана#AOR
мама#mother -ни#AND;FOCUS
хъф#go.again,return -изва#IMPF
хъф#go.again,return -ида#ENT
лагь#say -ана#AOR
как.раз#THIS
уборка#clean
буьркьуь#blind
ооо#ooh
муаллим#teacher
гьа#that,.the.same
хтун#take.off -да#ENT
тир#was
накьв#soil
са#one
стха#brother -йр#PL -и#OBL -з#DAT
и#this
мягьтел#amazement
за#1sg.ERG -з#DAT
къеле#fortress -р#PL -и#OBL -н#GEN
тӏва#other
чи#1pl.gen
лагь#say -ана#AOR
лугь#say -уда#ENT
чна#1pl.erg
гала#was -з#DAT
инсан#man -ар#PL
са#one
за#1sg.ERG -з#DAT
руш#girl
сад-садахъ#each.other
чна#1pl.erg
безханум#Bezkhanum
ну#well
эрзе#statement
-ча#1pl -з#DAT
пек#cloth -ни#AND;FOCUS
кар#case
эхир#after.all
ци#why
хьир#even
накьв#soil -ар#PL
лугь#say -уда#ENT
ала#is.there -й#PST
жуьре#kind
пара#very
ну#well
вири#all
ван#voice
за#1sg.ERG -ни#AND;FOCUS
къван#stone
вилаят#country -ди#OBL -з#DAT
хъф#go.again,return -ида#FUT
ахпа#After
бес#And.but
аллагь#Allah -ди#OBL -з#DAT
има#this
кь#catch -ена#AOC
кьван#so.much
ки#that
къач#buy -уна#AOC
агат#approach -на#AOC
солдат#soldier
гъ#bring -ин#HORT
за#1sg.ERG
им#he
ва#and
гаф#word
иви#blood -ди#ERG
уьлкве#country -ди#OBL -з#DAT
кь#catch -уна#AOR
са#one
за#1sg.ERG ва#and
за#1sg.ERG
вун#2sg.abs а#ERG
руш#girl
ацукь#sit -да#ENT
лагь#say -ана#AOR
лугь#say -уз#INF
лагь#say -ана#AOR
эскервил#military.service -и#OBL -з#DAT
г#give -ун#MSD -и#OBL -к#SB -ай#EL
кичӏ#dog -и#OBL -з#DAT
тухв#take -ана#AOC
вахт#time
сад#one
т#keep -ана#AOR
кьил#chapter -е#OBL -л#SP -NULL#ESS
пек#cloth -ер#PL
вуч#what
чна#1pl.erg
хьир#even
пака#tomorrow
руш#girl а#OBL -н#GEN
лугь#say -уда#ENT
руш#girl
лагь#say -ана#AOR
гила#now
руш#girl -ни#AND;FOCUS
гьуьл#sea -уь#OBL -н#GEN
са#one
хуьр#village -уь#OBL -з#DAT
кат#run -да#ENT
тир#was
пачагь#king -ди#OBL -н#GEN
кван#please.do
йикъ#day а#OBL -л#SP -ай#EL
трамплин#springboard
чил#ground а#IN -NULL#ESS
лугь#say -уда#ENT
истирагьатай#rest -да#OBL -л#SP -ай#EL
вич#himself -и#ERG -н#GEN
чурч#cook -азва#IMPF -й#PST -ди#SBST
луьткве#boat -да#IN -NULL#ESS
цӏийи#new
накьв#soil
гьикӏ#how
я#or
гьам#he
са#one
гьуьл#sea -уь#OBL -н#GEN
баде#grandmother -ди#OBL -з#DAT -ни#AND;FOCUS
терези#scale
бала#baby
тӏва#other
и#this
ван#voice
лагь#say -ана#AOR
акӏ#like.that
шагьдагъ#Shahdag -ди#OBL -н#GEN
галат#tire -нава#PERF -й#PTCP -ди#SBST
са#one
пуд#three
ибур#these -у#ERG -ни#AND;FOCUS
ацукь#sit -на#AOC
тамаш#look -й#PST -тӏа#COND
нян#evening -и#OBL -н#GEN
чӏав#time -ар#PL
бере#time -да#IN -NULL#ESS
ахпа#then
кицӏ#dog -и#ERG
кьван#so.much
лугь#say -уда#ENT
зу#my
жаза#punishment
гьим#who
цӏай#fire -ни#AND;FOCUS
винел#on
къ#take -уна#AOC
ну#well
кве#two
балхун#balcony -да#IN -NULL#ESS
къужахда#in.the.arms
чан#dear
ф#go -ена#AOC
лугь#say -уда#ENT
алцурар#deceive -на#AOC
гада#boy -ди#OBL -з#DAT
чун#1pl.abs
куьч-кума#goods.and.chattels
ф#go -ена#AOC
руш#girl
ив#night а#OBL -н#GEN
пара#very
вун#2sg.abs а#ERG
хьа#happened -нава#PERF
акьуллу#clever
гьарай#screaming.AOP
чун#1pl.abs
ча#1pl.gen -з#DAT
йиф#night -и#OBL -з#DAT
зи#1sg.gen
накьв#soil
кьвед#two а#OBL -з#DAT
къулдур#robber -ни#AND;FOCUS
и#this
эвецӏ#go.down -на#AOC
чун#1pl.abs
фронт#front.line
вегь#throw -ена#AOC
кьуд#four а#OBL -з#DAT
ви#2sg.gen
чӏув#time -а#OBL -л#SP -NULL#ESS
г#give -уда#ENT
руш#girl -ни#AND;FOCUS
лугь#say -уда#ENT
чна#1pl.erg
г#give -ун#MSD
тир#was
лагь#say -ана#AOR
лугь#say -уда#ENT
атӏу#cut -из#INF
вахт#time
ацукь#sit -нава#PERF
къари#old.woman
лагь#say -ана#AOR
руш#girl -ни#AND;FOCUS
за#1sg.ERG
цех#wood.shop
безханум#Bezkhanum а#ERG -з#DAT
эвер#call -ана#AOR
ават#fall -ана#AOR
жи#our
лагь#say -ана#AOR
вич#himself -и#ERG -н#GEN
гагьат#escape -на#AOR
гьакӏ#that.way
пачагь#king
са#one
гьикӏ#how
не#not
це#give
принцип#principle