naksika
áha̱ttalih
mm~hmm
akínih
to̱ksali -t
pí
akosh
ikbi
pihlichit
alla
-bíka -ttók
ikka̱na -li -h
pí
ahwa
mo̱ma
oka
kanit
sannatoko̱
pí
i̱la
ish-
ischool
fokáli -h
ilhkóli -h
nán
pilla
akkánoh
nátah
ittanówa
to
il-
water
hichi̱lih
panóla
hiná
yokáchi -h
hikato
hlih
mapillakano
tanaho̱wa
uh
okl í-
bacháya
tahli -ttók
ikhana
am- ám- abachí
pa̱
fulton
katikako̱
áyamolánatok
hapishno -ato
mat
á siy- assano -h
m -ako̱
-ma
mapillaho̱
ish-
kiyo
pih
e
ish-
-bíka -tok
á -kma̱
ná
ashwa -h
iya
an -akíni -hosh
issókih
i̱-
-ano
foha -ttók -o̱
i
ohmi -h
yammano
okl í-
kano
hitok -ósh
pí
i̱-
uh~huh
ahwa -h -o̱
hiyohli -h
lha̱kko -t
a̱ya -li -tok
yót
-ako̱
okl í-
ít
-kat
áha̱ttalih
m -ako̱
i̱pánakako̱
ka̱chak
amahwa
ná
ábachitokchih
anáto
hach- ishki
tok
toko̱
bííííkah
um
hospital
memorial
ná
iyaki̱yoho̱
a̱ya -t
ikhana -h
-ka̱
áchi̱h
pa̱
kapassa -t
ishlakma̱
banna -kma̱
akkíya -t
hihátoko̱
yohmi -t
pí
then
hachi̱tto̱lah
il-
kiyo
kiyo
tayyahalih
grade
yo̱ka̱
chishnáto
yo̱
ish-
i̱-
hachim-
mishsha
maiden
ahwa -h -o̱
-ato
ishit
makátokma̱
oski
sa-
náhollo
lawa
kíyo
nánit
kíyoh
alhtáhakma̱
náhollo
ná
pit
anáto
ná
mano
okl í-
mo̱ma
okíyahma̱
abiyat
hapi
i̱pa
yót
il-
-ma
a -ttók
nátah
east
hikít
uh
sanna
mo̱t
a̱h
hó
il-
ittanoho̱wah
wagon
a̱lhi
ípa
ómmi -kma̱
yohmi
kani -ma
mihchi -li -h
within
iya -li -h
fokkáli -ka̱
kani
county
fokka -t
okla
oh
hicha
mihchi -t
okl í-
ilokka
to̱ksalí -l -íchi̱ -kmat
ikbáno̱
hiho̱
standing
ayyásha -h
at
pish
okla
taha
chishnáto
ikhanat
iskitíni
i̱-
-bíka -ttók
truck
il-
community
tahli -li -h
makillattók
makalánah
álihma̱
yohmi
a̱t
o̱t
-kato
yohmi
m -ako̱
yóhmi
aha̱tta -li -h
hiyátósh
okmash
lawwat
-akósh
mm~hmm
apíla
iyattóko̱
achíba
ábachi -h
-bíka -ttók
okla
okl í-
school
-ano
ha
hohchifo
-ak
bíkatók
áchi -ho̱
ma̱ya -h
i̱-
yoppa
anáto
shahwa
achokma
nánakma̱
-bíka -tok -o̱
-ka̱
kiyo
illi -t
kanah
pí
ná
hitokako̱
hoyyokma̱
pakíniho̱
ikbi -t
m -ako̱
ikhana
pit
chokka
ikka̱na
hito̱
store
íshi -li -sh
mat
áchina
akínittók
ikhana -h
nani
il-
sanna
il-
-ka̱
-ako̱
mat
to̱ksali -h
bus
hokma̱
óna -hma̱
-ka̱
-ka̱
lhokáchiláchi̱h
hachim-
í- hi̱li -h
kana -t
o̱t
-hátoko̱
makáchi -t
okla
ná
áyo̱ba
hi -hma̱
a̱tta -li -h
iya -t
makilla
shippa
i
yoppa
-kiya
hattak
-ano
wíha -t
katash
okl í-
-ato
hi -hma̱
-ma
hi -hma̱
chahta.im.anno̱pa
okmako̱
-ma -k
katohmih
uh~huh
il-
maká -ha̱ -chi -h
-ato
makallaho̱
náhollo
okl í-
yoppa
pa̱
alla
kotcha
ahwa -h
hashki
kaníkano
mihchi -h
pí
ittim
-híka -tokash
shikalla
iti
í-
ayínatokma̱
yohmi -sh
okla
ishko -t
hashi
ikkána -t
okl í-
falámowat
ha
á
taposhshik
náhollo
ábachiláchi̱nih
o̱t
-kat
il-
-ka̱
á -tok
chokánit
-bíka -tok -o̱
ilhkólánah
miya
il-
yohma̱
pí
lawa
nani
onnahi̱li
aha̱tta -li
himak.nittak
tahli -li -h
imma
yóhmi
mm~hmm
il-
oh
ninak
kaníyah
kiyoho̱
aha̱tta -li
hiyokíh
-ka̱
pis -t
yómi
-akósh
ató
-ano
ma̱ya
-ka̱
a̱lhi
water
sixth
hokchi -t
kati -k
nákiya
i̱la
o̱t
iláyonah
il-
at
himak.nittak
bokko
-ma
tana
-ka̱
sha̱hli
il-
pí
issalittók
ná
mihch -ína -h
taposhshik
ná.chinni
achokma -h
ischool
hókakósh
degree
hihátoko̱
á
-ka̱
hopákino
-kat
kanohmih
m -ako̱
okl í-
hopáki
sápa
nátah
kapassa
i̱-
na
ma̱ya
-hátoko̱
chátok
okl í-
nani
í-
táhli
i̱-
hi̱lah
á -ttók
-bíka -ttók
il-
nánoka
ish-
hokchi -h
-kat
mike
amoláhínatok
il-
alhlhi
chinnah
í-
m -ako̱
kiyo
taposhshik
kiyo
yakohmi -ka̱
-ato
haksichi -h
mihchi -hósh
mat
oscar
-ma
the
chátok
fokkáli
pish
mash
ah
ámiyaksi
lhopolli -h
mm~hmm
faláma
mm~hmm
hátokma̱
hikma̱
atok
ahwa -h
ah
ta̱chi
istayyopi
nani
o
hihma
tokma̱
a̱sha
ná
il-
yót
pí
yóhmi
sassanót
ka̱ha
oknána
ish
ish-
hikít
hikít
kaníyo
-kato
nátah
the
hicha
chafo
mihchi -li -h
a̱sha
m -ako̱
mat
áyyásha
i
-ma -k
holihtat
banna
kíyo
áha̱yah
courses
kanímikmano
a̱
á -ttók
maká -tok
pí
tutwiler
akínih
-ma
hi -hma̱
mako
na
itti̱nokoho̱wah
grandma
bilíya -h
-ka̱
a̱tta -li -h
ná
kiyo
ikbi
ma̱ya
pí
o̱t
í-
makilla
ikbi
iya -kato
pí
banna -hma
hiki̱ya
acho̱li -h
il-
hikako̱
use
hi
o̱t
m -ako̱
momma
kanímih
ikbána
chim
mihchi -t
hihátoko̱
himaka̱
maka̱
kakósh
ilappat
-ma
-ho̱
ninak
ásha -bíka -ttók
ibá
háto̱
shibblih
o̱t
aha̱tta -li
mom
náhollo
ikhánakako̱
kapassa
nán
fokka -ttók
truck
o̱t
ná
náhollo
katiliyah
tanáchi̱
pit
náhollo
tahahmat
abohlih
maká -tok -o̱
kiyokma̱
atokash
mo̱ma
-ka̱
-kat
okla
afammi
-bíka -tok
anihlikmat
-akósh
naksis
a̱
o̱kih
iya -tok
mihchili
a̱ya -t
bilíya -h
ayyówána
hashki
a̱ya
il-
hitoko̱
mihchi
náhollo
can
holboh
illi
hi
oklímo̱t
uh~huh
kaníya -li
hihma
kaníyómikat
yoppa
hi -hma̱
kotchákma̱
litówánah
híkatókako̱
-m -ato
-ka̱
raymond
hollokchi
uh
ha̱lhánah
tohchína
ná
o̱t
memorial
á hokch -ahíka -ttók
ayyásha -h
chokka
yohma̱
-ma
toklo
i̱-
kanohmi
illah
áyyáshaka̱
nokha̱klo
issa -hma̱
makátokósh
illi
pí
m -ako̱
kotcha
kiyo
last
a̱
yóhmi
alálih
chá
átokósh
pí
fámakatok
il-
onna
-ho̱
kanohmik
at
uh
a̱ya -h
atta -li -h
ókat
kana -t
kiyo
afammi
oka
yo̱
hi -hma̱
il-
ilhkóli -h
yakómihchi
kiyo
holisso.ápisa
ish-
kanímilih
haklo
hókako̱
ahwa -h
-ho̱
-bíka -tok
ano̱pol -áhí kiyo
-ma
toklo
pat
yohmitokósh
-kat
-ma
delta
chokka
bash -t
alhtobakma
okla
ittiyaníchi -li -sh
ha̱klo
ka̱ha
anot
mihchi -h
mano
hashkilli
alhi
cha̱li -h
hoyá
sa- banna -h
a̱ya -h
chito
ona
-ka̱
water
bili̱ka
imakmanána
-ako̱
kiyo
ohóyo
im-
ah
mm~hmm
iya -h
mm~hmm
násh
ish-
ná
mako
ayówakmato
oklípí
á -tok -ma̱
í-
hihátoko̱
-ma
kaníyo
hi
áchásh
ikilhkólokiya
alhlhikat
-ak
mano
siyoshi
-m -ato
alhihma̱
á siy- alhpówah -ttók
im- achokmá -sh
famáchi̱h
hapishno -ato
to̱ksalí -li -h
chishnáto
fokkáli -ka̱
i̱pa chokma -h
ona -h
hílihma̱
tokash
a̱ ki
pa̱
a̱ya
-kat
ayi̱na
hika
pí
-kat
hicha
ish-
ikb -áchi̱ -hósh
-ma -k
yohmihchi
-kiya
hika
kati
okl í-
swamp
isht.ala -t
í-
a̱ ki
í-
yót
ala -h
a̱
yoho̱mih
alhtobakma
onna
konihata
m -ako̱
hi -hma̱
ikhana -h
makáto̱
ikka̱na -li -h
momma
okla
kanímika̱
nácho̱li
áha̱hnilih
akínittókósh
banna -kma̱
o̱t
hihátoko̱
-ma
osápa
kanímilih
i
-ma
ahówatok
-ka̱
im-
mihchilihátosh
hapi̱- ki -to
lish
osápa
tosh
il-
ittanówa -h
áchínikma̱
atok
yakoho̱mi
takshi -sh
chi̱- ki
katash
ishki -t
at
i̱- ki
mo̱ma
kíyoh
okla
-ka̱
yohmi
iti
-ato
yóhmih
-ato
chishki
ish-
okla
yót
hikít
áchásh
makáto̱
oh
aha̱tta -li
hapi̱-
fokkáli
-ma -k
pit
ná
-ma
tomatoes
falammi -li -ttók
álittók
a̱ya -t
bíkat
kano
hihátoko̱
a -ttók
hito̱
ish-
-kat
uh
toklah
hikít
mihchi -tok -o̱
hikít
wíha -t
wiha -t
kiyo
to̱ksali -t
-ak
-ma
kiyo
hikma̱
a̱yánaka̱
chim
hikásh
pa̱tta
á -hma̱
makínikásh
báno
ahi
á chito -kmat
chínih
-ho̱
atta
ikbi
mo̱mi̱t
mihchi
ittiyápishi
-bíka -ttók
m -ako̱
nánikma̱
alálih
ma̱ya -h
kiyo
á -ttók
kelly
iya -h
siy- assano
il-
a̱lhi
school
pí
yohmi
ano̱poli -t
-ma
tobi
mo̱ma
i̱-
omminnah
yohmi -h -o̱
-ma
yoppa
oh
okla
achonnáchi -ttók
last
kano
achaffa
yohmikat
hicha
-ma
ónakmako
ok
patálih
yoppa
kaními
híkatok
last
kappolit
tatot
-ma
awah
kana -t
-bíka -ttók
pí
hikako̱
yohmi
pa -aki̱li -h
hattak
freezer
ish- pa -kma̱
á -ttók
kani
okla
áha̱ttalih
kanimmano
il-
taha
a̱lhi
uh~huh
yakih
shóli
yamma
oshta -h
uh~huh
im-
k
allat
tanat
i̱- ki -t
-bíka -ttók
yohmi
siy- á-
iyá -li
-ma -k
aha̱yyalih
a̱
mihchi -h
county
himi̱tta
-bíka -tok
mat
ibá
ano̱
a̱
il-
hi -hma̱
yohmi -kma̱
pí
ish-
hoyóláchi̱
tonna
mo̱ma
kiyo
tamáha
okla
hikmat
okla
hapí
okl í-
kanohmi -tok -ka̱
makah
asháchi
central
okl í-
tokósh
sa-
store
hospital
a̱
iyakáyyahmano
ish-
i̱.shahli -hma̱
school
asháchikma̱
-hátoko̱
oka
katit
ishit
ásha -h
yakni
anól -ána -h -o̱
hicha
-ya̱
ittibá
ta̱sh.palaska
pa̱
sa-
áchih
ího
a̱
oshta
uh~huh
kapassa -t
illi
sa-
takkal
il-
pí
ish-
pí
fokáli -km -ako̱
kano
ikbánaho̱
a̱ ki
flat
o̱t
hikata̱lhih
alá -li -tok
i̱-
toko̱
iyáchi̱tokáchíni
ikbíchi̱
lawa -h
hihátoko̱
ilhkóli -kmat
il- iya -tok
ápitta -t
no
-kiya
delta
hapishno -ato
hi -hma̱
pí
oklípa
pisána
uh~huh
iya -hma̱
shokshi
táhli
iya -ttók
hóyo -hma̱
aha̱yah
hattie
i̱-
m -ako̱
-ka̱
illi
iya -kma̱
chaffa
bi̱ka -h
man okl í- haklo kih
yakni
ilhkoho̱li
pí
kanikma̱
ta̱chi
pí
bát
pakíniho̱
hachi-
yimmih
ishit
okl í-
náhollo
atoko̱
mihchi -t
kíyo
okla
-ma -k
li
chishnáto
ihma̱
a̱t
maká -tok
hika
illi -ttók
-kiya
achokma
a̱lhi
a̱ ki
-ya̱
alla
hicha
í-
hihma
íyokma̱
-kiya
á -tok -o̱
-ka̱
a̱sha
basket
-ato
ikhaná -li -tok
ak- mihch -osh
then
anáto
okla
áyyáshakma̱
uh
lokka
okla
á -tok
shilosh
ábachínakma̱
lha̱kko -t
a̱
sápa
miyaho̱
anáto
átoka̱
okla
ato̱litok
freezer
hikma̱
hiki̱ya
pisah
tanna
itti̱nokówa -h
il-
skool
ábachitokchih
a̱ya -li -ttók
illakásh
akínikako
siyahmih
uh
yohmáhíkiyoh
pokni
to̱ksali -t
ish-
hi -hma̱
ik-
ma̱yya
o̱
i̱pa -t
m -ako̱
-ma
iskool
makáchi -hma̱
man okl í- haklo kih
onálitok
old
-ma
a̱
achokma -h
il-
il-
i̱shirt
chá
mat
kíyoh
hi -hma̱
hihma
o̱t
nówa -tok -o̱
a̱
aha̱chih
il-
alla
ish-
iyalánah
bacháli -h
im- achokma -h
shikalla
wáya -h
chá
-bíka -ttók
náhollo
ak- ikkán -o
iya -h
hátokma̱
-ka̱
kako̱
pisa -kmat
hikako̱
ayyówána
talóha
clean
o̱
toko̱
oh
okla
yómika̱
m -ako̱
tahli -kma̱
ákfilla
ilhkóli -hmat
á
cho̱pa -h
tokáchínitok
kano
kíyoh
nittak
a̱tta -tok
shawwa
pak
achokma
hoyo -t
pí
okla
ahni -li -sh
makmako̱
golden
ayína
a̱t
kiyotoko̱
sánnah
hikít
ilhkólitokma̱
álachá
waiya
hi
ano̱pmanánásh
o̱
móma
hihma
chi̱- ki
okl í-
pí
ná
itto̱la
a̱ya -h
i̱pa -h
-ma
-bíka -ttók
alítok
achokma -h
fokka -ttók
ípa
ilayyoka̱
pí
ish-
pleasant
hat
ikbi
anokfilla
pí
-kiya
kiyo
ibbak
ommih
mat
ikka̱na
kanómi
ahma̱
nátah
tomatoes
tahattók
áta̱páchi̱tok
toko̱
yohmi
iya
chátok
o̱t
choctaw
ikhana
mihchikmako̱
ahni -h
aha̱yah
m -ako̱
mihchi -t
máyyaka̱
chíkosassiya
atta -ttók -o̱
pí
iya
-kat
kil
chishnáto
í-
-ako̱
katah
siy- assano -t
a -ttók
nácho̱lih
nácho̱li
ona -hma̱
acho̱t
-ma -k
to̱ksali -li
pit
patálit
ikbánaho̱
i̱-
ikbi
kaníkma̱
omakah
hihátoko̱
a̱ ki
mo̱ma
fámah
-akíni -kásh
apísa̱chi
achokmáki̱lih
chi̱
-ma
am- ábachi -ho̱
oh
taha -kma̱
no
okla
makmakon
ápitta -t
akkattola -t
ikhanat
-ma
hitoko̱
wák
il-
hátokósh
chishnáto
hokma̱
anásh
-kat
close
tahánóka̱
-bíka -tok -o̱
áyishit
nánit
pí
bók.chito
náhollo
a̱ya -li -ttók
okla
canning
tokash
ná
ná
cumberland
a̱ya -li -h
a̱lhi
shohbittók
hihma
kíyo
chi-
sa-
-bíka -tok
iyakat
okla
ta̱chi
ohmat
nátah
mihchi -t
a̱
classes
apílali
tribe
chishnáto
okla
nátah
ilhkólottóko̱
chim
at
alítok
ná
yóhmika̱
mm~hmm
faláma -t
yohmi
mat
bacha̱ya
m -ako̱
foha -chi -tok -o̱
taháhínah
íla
ona -h
ahwakako̱
a̱tokobih
yoppa
hikanóti
a̱h
pish
hikít
pa̱
lawa
m -ako̱
náhollo
aha̱tta -li -h
hashi
kaniyah
to̱ksalí -li
okla
-kato
a̱t
fokkáli
kaniohmi
bokko
ashwa -h
-ya̱
ak- ikkán -o
-ka̱
palammi
katímina
honni -t
pí
nánaho̱
ikka̱na -li -h
áha̱ttalih
pa̱tta
iya -h
hokma̱
kíyo
i
pis -t
-kat
pishnáto
to̱ksali
tomatoes
tahánóka̱
il-
hichi̱lih
himaka̱
ishit
akínih
onnahi̱li
earl
ahóchi -li -tok
m -ako̱
il-
okla
march
at
yohmi
alla
maká -tok
a̱t
paki̱liho̱
pí
-ka̱
ikbána
iyá -li
mihchi -t
ná
a̱h
yohmikano
aha̱shwa -kma̱
nani
híka
a̱tta -li -h
yohmikásh
iya
hi
bók
hicha
kil
hapinnah
-ato
siyoshi
-ma -k
apílalí
taha -kma̱
achokma
ish-
abóli
ittiyapishi
m -ako̱
i
apíla
na
week
-ka̱
chim
ayówa -li -ttók
ruth
okfowátat
hohchifo
at
oh
o̱t
-ato
-kat
íla̱chit
regular
iskool
-ako̱
ish-
yamma̱
í-
kani
oh
ayyashah
ta̱chi
toko̱
issabáyaskachih
ná
ish-
mítilitók
áyah
kiyokma̱
faláma -t
katiohmih
ábachi -h
m -ako̱
pa̱
ikka̱na -ho̱
fokkál
kíyottóko̱
kil
tohchína
katak
i̱la
hihma
iya -h
-ma
dorothy
mi̱ti
a̱h
a̱tta -li
nani
oh
ná
makáykatok
onna
fokka
míhi̱tihma̱
-m -ato
á -tok -ma̱
ókih
john
wák
o̱
anót
pa̱
a̱ ki
mihchi -li -kmat
í-
onálitok
kíya
pihlichit
okla
la
-kat
a̱
chipi̱tat
secretarial
á
ahma̱
a̱ ki
hálla -t
á -tok -ma̱
mo̱t
a̱
í-
hapi̱-
-kato
il-
mm~hmm
sa-
imanno̱pak
hiho̱
achokma -ána
ámottók
náhollo
á -tok
pa̱
uhhh
-kato
basket
omminnah
carthage
kochá.balíli.ánówa
nakfish
átokás
chishnáto
-bíka -ttók
-ato
a̱
holisso.ápisa
ayyówána
pearl
design
garden
áha̱yalih
kiyo
issalittók
-ka̱
il-
ta̱kla
-kiya
-akíni -tok -ósh
chishnáto
pishno -áki̱ -t
ala -h
chipi̱tat
taha
hikmat
isskool
náhollo
ná
-kato
-ma -k
to̱ksali -li -h
m -ako̱
kiyo
a̱
chi-
anáto
hi -hma̱
afammi
a̱ya -t
ilhkólitokma̱
-bíka -tok
kiyomash
kaniohmi
áha̱ttatokako̱
yano̱
kíyo
áchi -tok
ohóyo -t
-hátoko̱
ish-
balíli -li -h
oka
náhollo
okako̱
chátok
ittanówa -h
okla
makma
á
o̱t
wáya
pa̱
afammi
tutwiler
siy- assano -t
-ako̱
chokkwálitok
pit
il-
yohmikatok
fokáli -h
pishokchi
mi̱ti
yátoko̱
ruth
akínih
-ak
then
nátah
ma̱yattóka̱
ahni -h
kanaho̱
ittanówa
il-
i
ikkaná -li -h
m -ako̱
i̱hohchifo
-ak
okmanána
takkon
ok
ish-
mayínah
to̱ksalí -li -h
ishtáyalihihkatok
iya -ttók
ábachí -li -h
í-
toko̱
lohmat
osápa
pí
toko̱
hopákino
yakohmi -ka̱
okla
áha̱ttat
í-
íy -o -ttók
iya -t
yo̱
kati -k
ho̱t
í-
taháh
á -h -ókakósh
hihátokósh
hikma̱
-ka̱
a̱ya -t
patálih
-m -ato
ruth
sashkít
hihma
on
á -tok -o̱
anokfillilihmat
mishsha
panóla
pí
mihchíh
achíba
a̱sha -h
kako̱
kiyo̱
pí
ish
delta
binílimo̱mah
issa -ttók
banna -h
il-
pilako̱
ísh
momma
okmanána
mo̱t
makillattók
ít
am- achokma -h
hi -hma̱
name
ta̱klit
a̱ya -li -h
anáto
peaches
ho̱t
á
ikkán -o -h
back
iyakínittókósh
okl í-
ilhkólitokosh
-ato
bók.chito
o̱
ikka̱na -li -h
-bíka -tok
yoppa
kiyo̱
hi -hma̱
ittibi -h
ish-
hicha
chína
pí
mat
kaníya -li -ttó -sh
osápa
mihchi -t
shikalla
hokako̱
ikbi
chim
-ka̱
osh
ímottókmat
shibbih
yo̱ka̱
hasháyachi
kaníya
okla
panóla
ómih
akíni
pa̱
ninak
mm~hmm
pa̱
kotcha
a̱yalishtók
kakósh
iya -h
hi
anáto
mommat
-ka̱
i
osápa
malhlhih
july
am- ábachi -h
hokchi -h
maká -li
yakoho̱mi
-ma
kanómika
hihátoko̱
momma
si̱tít
-ka̱
sa-
ya
amót
uh
kaníyómikat
anól -ána -h -o̱
il-
a̱ ki
kíyo
-kat
akínih
a̱lhlhi
abóli
tahahmat
lawát
ahwa -h
pearl
-ma -k
okla
o̱t
i̱pa -t
kiyotoka̱
katimma -k
ikka̱na -li -h
-ano
himak
kani
ishit
áha̱ttat
ná
anáto
kano
oná -li -h
alhpisa
á -tok -ma̱
okla
makmako̱
school
ná
náhollo
áchi -ho̱
ho
kotcha
a̱shali
tamóha -t
yakih
ano̱t
kí
na
ábachi -t
bag
náhollo.im.anno̱pa
mihchi -tok -o̱
atahlittók
ikkán -o -h
áchi̱hma̱
il-
ho̱kopat
ilhko -t
mm~hmm
abohlih
-ato
ahwa -h
okmanána
yoppa
mihchi
okla
ittanówa
il-
kíyo
a̱
ahwa -h
makátokósh
yamm -ako̱
yo̱
maki̱t
tobi
taná -li -h
to̱shpat
hitókakosh
il-
i̱pa
hopóni -t
bók.chito
ikhana -h
tá
mihchi
iyalánah
ná
aki̱
ikhaná -li -hmat
shóli -h
a̱ ki
panáha̱klolih
ahni -li -h
hókako̱
ilayyoka̱
sa- bíshakni
use~a
ámiyaksi
kiyo -tok
ahni -li -h
sa- shki
tokma̱
i̱-
m -ako̱
-ato
-ato
ná
biníli -li -h
holisso
kani
í-
hi -hma̱
uh
hihátoko̱
siyoshítík
shawwa
híkiyo
acho̱kmaho̱
il-
alálihma̱
kana -t
okla
hihátoko̱
ano̱poli
ilhko -t
freeze
faláma -t
nani
-hátoko̱
chokka
-ka̱
á
á
mómah
momma
a̱ya -h
central
-ma
yappa̱
ittatoklo
ahwa -h
banna -h
grandma
yamm -ako̱
sam-
hohchifo
momma
ná
ilhkóli -hmat
mi̱chili
yo̱
i̱-
lhipolli
il-
il-
bíkat
á
hikít
ani -t
-ma
imma
ikhana -h
kiyotoka̱
yoppa
ah
hika̱
-ma
huh
hannáli -h
yo̱
achokmahnih -li -h.mat
back
kiyo -kásh
makálli
okmanána
yoppa
yómi
il-
hashkít
tobi
mat
uh
kíyoh
tah
mat
to̱ksaláchi̱
spring
kiyo
mmhmm
nani
red
ohóyo
-ano
to̱ksa̱li
im- anno̱pa
á
-ma -k
pí
alhlhihósh
saturday
cumberland
nittak
táhat.iya -h
il- i̱pa
akkánoh
ikhana -h
at
ohmat
tahli -hma̱
huh
-ma
a̱h
nakfish
í- toklo
hik
iyáchi̱h
chishnáto
ish-
il-
hihma
kaniohmi
uh
-ma
náhollo.im.anno̱pa
toko̱
ít
ikhana
hi
-ya̱
kiyo̱
faláma -t
hokako̱
ilhkóli
náhollósh
akínih
red
to̱ksalí -li
ahma̱
katíkako̱
onna
hóyo -t
-bíka -ttók
tahli -li -ttók
maká -hma̱
i
chokwa -hmat
maká -kma̱
kallah
a̱ ki
-hátoko̱
himak.nittak
tahálih
sa- shki
chokkwálitok
ilhkóli -kmat
blade
tokwikílih
today
chíkosassiya
alhlhikatok
-ako̱
mom
osápa
aha̱shwa -kma̱
naksika
ta- to̱klo -kat
yakni
íyattók
yohmi -t
íshi
illi
ahwakako̱
ít
kanash
áyyáshah
okla
náhollo
kanimmalhi
thomas
sápa
a̱yatósh
nánaho̱
-hátoko̱
hikako̱
á -tok -o̱
maki̱t
hátokosh
táhat.iya -h
ittatoklot
york
li
onna
alla
ok
okla
miyaho̱
hiki̱ya
-bíka -ttók
oh
pí
to̱ksali -ttók
wiha -t
anno̱pa
tahli -li -ttók
kaníya
fokka.lo̱bo
kiyo
okla
m -ako̱
hapim-
bók
tana -h
nánit
ma̱ya -h
a̱
iyá -li
up
-ka̱
pí
cho̱pa
-ma -k
yakohmitókchá
hopáki
yohmi
ki̱sha
kani
tiwah
alla
tanáchi̱
kíyo
aha̱chi
ish-
yoh
how
o̱t
okl í-
i
acho̱li
miya
oh
apa -sh
-bíka -tok
-tok áchíni -ttók
míhchit
iti
o̱t
áy ohmi
okma̱
osápa
pí
m -ako̱
olbal
sipokni
áy- ikhaná -li
john
garden
chokka
onahokma̱
yakómika̱
hapim-
pí
ohóyo
ná
anno̱pa
imma
chá
mm~hmm
faláma -t
wagon
ilahbi
honnána
okla.áyásha
marriage
ayyásha -h
áchih
hikma̱
grandma
bali̱t
were
áchih
ilhkóli -hma̱
nani
hihátosh
chi̱- ki
álittók
mítilitók
pí
hohchifo -t
mishsha
okl í-
kíyotok
-bíka -tok -o̱
hi
ikbi -t
nátah
amahwa
a̱lhi
il-
ish-
il-
kanah
mano
years
chishki
towwih
-ma -k
pí
á -tok -o̱
il-
mm~hmm
mule
uh
okla
achokma -h
ahma̱
mihchi -li -h
illi
pa̱
ámottók
ikkánilih
á -hma̱
a̱t
im-
sa-
pa -aki̱li -h
kotcha -li -ttók
aláchikih
kiyo
nanih
náhollo
kanímika̱
assano
pit
fíhnah
toklo -sh
himak
atoko̱
-ako̱
-kat
palammi
koloffi
itto̱no
ittiyapishi
iskali
í-
hashki
halállit
ha
kanit
máyya
pí
iláhobbitok
bók
mihchi
kaníya
á honi -h
ommásh
anót
iyáchi̱h
wák
o̱t
á -tok -o̱
áfíhna
hikásh
m -ako̱
osápa
-ka̱
hachi-
chokka
ta̱kla
okla
yóhmi
ikbi -t
akkánoh
a̱
hopóni -t
ilhkóli -tok -o̱
ná
to̱ksali -ttók
-ma
wiha -t
sashkít
a̱yatokmásh
il-
alla
hi
náhollo.im.anno̱pa
hi -hma̱
to̱ksali -sh
ikbillihosh
-bíka -tok
áha̱yatoko̱
o̱t
alálihma̱
kotcha
ruth
bash -t
toklo
táha -ttók
ahwa =tok
afammi
tóko̱
mule
hiyátokósh
ma̱ya -hmat
im-
ná
oh
yohmi -kma̱
aki̱nitok
iti
chinnáchi̱
central
a̱lhi
chaffa
basket
sa-
o̱
il-
kíya
palammi -h
táhat.iya -kat
mihchi -li -kmat
o̱t
yeah
aho̱
ish-
náhollo
ok
tahli
-ma -k
earl
ish-
uh
-ka̱
okla
alhíha
ano̱poli -t
makósh
iyá -li
ikít
-híka -ttók
uh~huh
alhíha
anáto
oná -li -ttók
í-
í-
maká -ha̱ -chi -h
kiyo
nánaho̱
hikato
mihchi -t
mako
canning
a̱ya -li -h
-ka̱
hi -hma̱
ish-
allát
a̱
i̱pa -t
a̱ya -t
ohóyo
istayyópi
anokfihi̱likmat
oh
konih
á -ha̱ -chi -h
iksho
the
hikíya
-kato
ta- to̱klo -kat
ittahobli -t
apísachi -h
patát
kiyotokóka̱
wíha -t
o̱t
toko̱
pí
ok
nátah
alhlhi
iya -li -h
hókako̱
hika̱
-ma
ish-
ilhkóli -ttók
yómikak
achokma
í-
iskali
a -ttók
toba
kiyo
il- a̱ya -kmat
i̱pa
hapim-
anáto
kanah
hicha
oh
bíkakató
iyá -li -ttók
chi̱- ki
áha̱chi
mm~hmm
-ho̱
-kat
to̱ksali
hokako̱
kakósh
ilhkóli -tok -o̱
a -ttók
náhollo
pí
-ak
il-
oh
okl í-
yakni
áho̱
m -ako̱
understand
ten
pak
okla
im-
-ho̱
ilhkóho̱li -h
mm~hmm
shóli
itt- ittapíha -toko̱
a -ttók
iskool
-ma
a̱tta
akínih
sa- shki
holisso
chi̱- ki
oklímoh
yo̱
hashki
áchi -ho̱
to̱ksalí -li -h
wintertime
mo̱mi̱t
a̱lhitok
ok
-kiya
hi -hma̱
alhíha
yohmi
tah
kiyo
paki̱lish
a̱lhi
survive
kiyo
lawa -h
tahli -kmat
jelly
willis
bacháli -h
hittókakósh
íyattók
tahlilitok
a̱sha -h
-ma -k
lhokáchácho
hoyo -h
pa̱
of
pish
yakni
ahwa -h
bilásapi
pí
-kat
á
iya -tok
himónna
apíla -h
chim
ná
thomas
toklo -t
i̱takóbih
chokka
pis -t
pa -ako̱
hihma
yót
k