name =3ᴍꞮɴII
ѕᴜʙʀ
3ᴀᴜɢ1 ᴄᴀᴜЅ cook =3ᴀᴜɢIS
ᴘᴄꜰʟ.hand =3ᴀᴜɢII
captain
a
child
ѕᴜʙʀ
month
be.1ᴀᴜɢII
moon.
Ʀʟ take =ᴄᴏЅ ɴᴍʟᴢ.ᴘᴄꜰʟ
vowel
because
ᴘᴀЅ see =ᴄᴏЅ also PᴅꞮƦ.YON
money
ѕᴜʙʀ
ᴅᴀᴛ =3ᴍꞮɴII
return
ѕᴜʙʀ
ɴᴇɢ ɴᴍʟᴢ1 wait =3ᴀᴜɢIA ɴᴇɢ
ᴘꜰᴠ
ᴀᴄᴄ =1ᴍꞮɴII
ѕᴜʙʀ
ѕᴜʙʀ
ѕᴜʙʀ
so.then
be.happy =1ᴀᴜɢI
net
Ʀʟ rest =ᴄᴏЅ
ᴍꞮᴅ say .BZ(PDIR.YON)=O(1MINI)
ᴅᴇᴍ2.ᴅɪѕᴛ
and
ꞮƦƦ go =1ᴀᴜɢI
lie PᴅꞮƦ.YON =1ᴀᴜɢI
ᴅᴇᴍ2.ᴅɪѕᴛ
Ʀʟ raise. ᴛƦ =ᴄᴏЅ =3ᴍꞮɴIA
there
they.here
be =1ᴀᴜɢII
creator
3ᴀᴜɢ1 put GᴅꞮƦ.IN PᴅꞮƦ.YON =3ᴀᴜɢIA
3ᴀᴜɢ1 ignite =3ᴀᴜɢIA
3ᴀᴜɢ1 be ᴛƦ GᴅꞮƦ.OUT PᴅꞮƦ.HITHER =3ᴀᴜɢIA
ᴘᴀЅ ᴍꞮᴅ treat.sore
good
ᴘᴄꜰʟ.ʙ&ɢ =3ᴍꞮɴII
man
foreigner
and
all
but
and
ɢᴇɴ1ᴀ =3ᴍꞮɴII
stay ꞮɴᴛЅ PᴅꞮƦ.YON
ꞮƦƦ be
Ʀʟ look ᴅЅᴛƦ =1ᴍꞮɴII
those
midday
3ᴀᴜɢ1 pull GᴅꞮƦ.DOWN PᴅꞮƦ.HITHER =3ᴀᴜɢIA =3ᴍꞮɴIA
Pileni.Is
and
ᴅᴇᴍ2.ᴅɪѕᴛ
place
leader
ᴅᴀᴛ =1ᴍꞮɴII
count =1ᴀᴜɢI
ᴅᴇᴍ2.ᴅɪѕᴛ
ᴍꞮᴅ carry =1ᴀᴜɢI
ɢᴇɴ1ᴀ
PAPAYA.TREE
bush
those
dat=1augII
outside
captain
ɴᴍʟᴢ1 ᴍꞮᴅ call.someone ᴀᴘᴘʟ
head =1ᴍꞮɴII
ꞮƦƦ become.one also PᴅꞮƦ.HITHER
place
3ᴀᴜɢ1 go ꞮɴᴛЅ =ᴄᴏЅ =3ᴀᴜɢIA
ɴᴇɢ bad much just ɴᴇɢ
ɴᴍʟᴢ1 go wrong ɴᴍʟᴢ.ᴘᴄꜰʟ =3ᴀᴜɢII
people
mind
ᴘᴄꜰʟ.rsbl =3ᴀᴜɢII
ᴅᴇᴍ2.ᴅɪѕᴛ
and
so.then
ɴᴍʟᴢ1 teach ɴᴍʟᴢ
ᴘꜰᴠ
be
ѕᴜʙʀ
and
enter ꞮɴᴛЅ PᴅꞮƦ.YON =1ᴀᴜɢI
people
priest
ɢᴇɴ1ᴀ
some
and
moon.
ꞮƦƦ give actually PᴅꞮƦ.YON =3ᴍꞮɴIA
mountain
ɢᴇɴ1ᴀ
a
Naban
ѕᴜʙʀ 3ᴀᴜɢ1 sick =3ᴀᴜɢIS
be.3ᴍɪɴII
ᴀᴄᴄ =1ᴍꞮɴII
stick
Ʀʟ take afterward PᴅꞮƦ.HITHER
3ᴀᴜɢ1 look.for =3ᴀᴜɢIS
JAPAN
then
ѕᴜʙʀ one
ᴅᴇᴍ2.ᴅɪѕᴛ
ᴅᴇᴍ2.ᴅɪѕᴛ
those
here.it.is
ᴅᴇᴍ2.ᴅɪѕᴛ
stand.onto
Ʀʟ thank =ᴄᴏЅ .BZ(PDIR.YON)=O(1MINI)
but
these
AFTER
ѕᴜʙʀ
ѕᴜʙʀ
thing
ᴘꜰᴠ
be.3ᴀᴜɢII.
father =1ᴍꞮɴII
and
ᴘꜰᴠ
but
head
ѕᴜʙʀ
ɴᴍʟᴢ1 ᴄᴀᴜЅ eat ѕᴜʙʀ holy ɴᴍʟᴢ.ᴘᴄꜰʟ =3ᴍꞮɴII
Malay.apple ᴘᴄꜰʟ.drink =1ᴍꞮɴII
ᴛᴘɴʏᴍ
ᴄᴏᴍ.
see =3ᴍꞮɴIA
climb .BZ(PDIR.YON)=O(1MINI)
ᴅᴇᴍ2.ᴅɪѕᴛ
green
ᴘᴄꜰʟ.hand =1ᴀᴜɢII
ᴄᴏᴍ.
know PᴅꞮƦ.YON =3ᴍꞮɴIA
thing
ɴᴍʟᴢ1 make ᴠƦ
ᴘꜰᴠ
ɢᴇɴ1ᴀ =3ᴍꞮɴII
ѕᴜʙʀ
ᴘꜰᴠ
ꞮƦƦ ᴄᴀᴜЅ cover.from.rain ᴀᴘᴘʟ .BZ(PDIR.YON)=O(1MINI)
man
ᴘꜰᴠ
word
ɴᴍʟᴢ1 become ɴᴍʟᴢ.ᴘᴄꜰʟ =1ᴍꞮɴII
ᴘꜰᴠ
mind
ѕᴜʙʀ bad
outrigger
grandfather =3ᴀᴜɢII ᴘʟ
there
3ᴀᴜɢ1 set.out PᴅꞮƦ.HITHER =3ᴀᴜɢIS
lift.up =3ᴍꞮɴIA
be.happy ᴀᴘᴘʟ =2ᴍꞮɴI
way
Ʀʟ.3ᴀᴜɢ fly PᴅꞮƦ.HITHER =3ᴀᴜɢIS
tomorrow
foreigner
this
ɢᴇɴ1ᴀ =1ᴀᴜɢII
ᴘᴄꜰʟ.hand
ᴘꜰᴠ
there
so.then
doctor
spirit
ᴄᴏᴍ.
village
remove GᴅꞮƦ.OUT PᴅꞮƦ.HITHER =1ᴍꞮɴI
a
speaking
ѕᴜʙʀ
ᴛᴘɴʏᴍ
ᴍꞮᴅ say PᴅꞮƦ.YON
Australia
ɢᴇɴ1ᴀ
see =1ᴀᴜɢI
what
a
3ᴀᴜɢ1 dispatch ᴀᴘᴘʟ PᴅꞮƦ.HITHER
prayer
SOUTHERN.CROSS
child
ᴅᴀᴛ =1ᴍꞮɴII
travel GᴅꞮƦ.DOWN PᴅꞮƦ.HITHER =1ᴍꞮɴI
dat=1augII
ɴᴍʟᴢ1 ᴍꞮᴅ remove ɴᴍʟᴢ.ᴘᴄꜰʟ =3ᴀᴜɢII
ɴᴍʟᴢ1 live,.stay ɴᴍʟᴢ.ᴘᴄꜰʟ =1ᴀᴜɢII
Ʀʟ ᴍꞮᴅ draw ᴀᴘᴘʟ =1ᴍꞮɴII
ᴅᴇᴍ2.ᴅɪѕᴛ
ᴘꜰᴠ
boat
Ʀʟ go GᴅꞮƦ.UP =ᴄᴏЅ =1ᴀᴜɢI
and
and
none.;.lack;.none
oversee PᴅꞮƦ.YON =3ᴍꞮɴIA
peacemaker
ᴘꜰᴠ
kill
Bokapwr
Ʀʟ pray =ᴄᴏЅ =3ᴍꞮɴIS
a
Ʀʟ jump GᴅꞮƦ.IN =ᴄᴏЅ
3ᴀᴜɢ1 naked =3ᴀᴜɢIS
ɴᴍʟᴢ1 be GᴅꞮƦ.UP PᴅꞮƦ.YON
there
3ᴀᴜɢ1 sit ᴘʟᴄᴛ =3ᴀᴜɢIA
ɴᴍʟᴢ1 go ɴᴍʟᴢ.ᴘᴄꜰʟ =1ᴀᴜɢII
ɴᴇɢ be ɴᴇɢ
mother.aunt =1ᴀᴜɢII
ᴘꜰᴠ
ᴛᴘɴʏᴍ
all
and
those
word
ѕᴜʙʀ
one
ᴘᴄꜰʟ.ʙ&ɢ =1ᴀᴜɢII
beat
book
ᴍꞮᴅ pick =ᴄᴏЅ =1ᴍꞮɴI
in.fact
but
ɢᴇɴ1ᴀ
ꞮƦƦ work
be ᴛƦ =1ᴍꞮɴI
priest
if
ꞮƦƦ say PᴅꞮƦ.YON =1ᴀᴜɢI
be.like
vowel
ɴᴍʟᴢ1 sick ɴᴍʟᴢ.ᴘᴄꜰʟ =3ᴍꞮɴII
time
request;.ask GᴅꞮƦ.IN ᴀᴘᴘʟ .BZ(PDIR.YON)=O(1MINI) =3ᴍꞮɴIA
ᴅᴇᴍ2.ᴅɪѕᴛ
ѕᴜʙʀ
there
and
first
ɢᴇɴ1ᴀ
ѕᴜʙʀ white
a
both
ᴘꜰᴠ
pull GᴅꞮƦ.DOWN PᴅꞮƦ.HITHER =2ᴀᴜɢI
female
stay,.live,.be first ᴀᴘᴘʟ =1ᴍꞮɴII
not.any.more.at.all
ɢᴇɴ1ᴀ
child
ѕᴜʙʀ
see =1ᴍꞮɴI
root =3ᴍꞮɴII
ᴘꜰᴠ
ѕᴜʙʀ
thing ᴅᴇᴍ2.ᴅɪѕᴛ
ɴᴍʟᴢ1 eat ɴᴍʟᴢ
ѕᴜʙʀ ɴᴍʟᴢ1 do.sorcery =3ᴀᴜɢIS
ɢᴇɴ1ᴀ =3ᴍꞮɴII
go ᴅᴘᴠ PᴅꞮƦ.HITHER
ᴅᴇᴍ1.ᴅɪѕᴛ
ɪᴘꜰᴠ
be.good
army
ᴀᴘᴘʟ =1ᴀᴜɢII
there
Mota
rope
child
ɴᴍʟᴢ1 go ɴᴍʟᴢ.ᴘᴄꜰʟ =3ᴀᴜɢII
ᴍꞮᴅ say PᴅꞮƦ.YON =3ᴍꞮɴIA
friend =3ᴍꞮɴII
Nrrle.vil
ᴅᴀᴛ =1ᴍꞮɴII
uncle.nephew =1ᴀᴜɢII
ѕᴜʙʀ new
a
January
finish GᴅꞮƦ.OUT PᴅꞮƦ.YON =3ᴍꞮɴIS
see =1ᴍꞮɴI
Nea
be.12ᴀᴜɢII
begin
be.1ᴀᴜɢII
put ꞮɴᴛЅ
ɢᴇɴ1ᴀ
ᴘᴄꜰʟ.ʙ&ɢ =3ᴍꞮɴII
boat
ᴅᴀᴛ =3ᴍꞮɴII
Naban
ᴅᴀᴛ =1ᴍꞮɴII
there
Metrkrbade
place
ɴᴍʟᴢ1 be.happy =1ᴀᴜɢI
there
a
afterward =3ᴍꞮɴIS
a
tree
midday
and
ɢᴇɴ1ᴀ
and
ɴᴍʟᴢ1 make ɴᴍʟᴢ.ᴘᴄꜰʟ =1ᴍꞮɴII
song ѕᴜʙʀ holy ᴘʟ
ɢᴇɴ1ᴀ =3ᴍꞮɴII
tree
because
Capernaum
ᴘꜰᴠ
ɴᴇɢ ᴄᴀᴜЅ return PᴅꞮƦ.HITHER =3ᴍꞮɴIA ɴᴇɢ
clear
Ʀʟ ᴍꞮᴅ say =ᴄᴏЅ PᴅꞮƦ.YON
towel
those
bomb
ɴᴍʟᴢ1 ᴍꞮᴅ give ɴᴍʟᴢ.ᴘᴄꜰʟ PᴅꞮƦ.YON =12ᴀᴜɢI
ᴀᴄᴄ =1ᴍꞮɴII
or
ѕᴜʙʀ
man
child
this.way
be.1ᴀᴜɢII
sorry
ɢᴇɴ1ᴀ
ᴅᴀᴛ =3ᴍꞮɴII
those
those
ᴘᴄꜰʟ.ʙ&ɢ =3ᴍꞮɴII
father =1ᴍꞮɴII
because
image
hour
ɴᴇɢ ɴᴍʟᴢ1 see =ᴄᴏЅ =3ᴀᴜɢIA ɴᴇɢ
body =3ᴍꞮɴII
fear =1ᴀᴜɢI
Nemya'.
travel PᴅꞮƦ.HITHER
ѕᴜʙʀ 3ᴀᴜɢ1 big
so.then
gather
ɴᴇɢ long ɴᴇɢ
travel PᴅꞮƦ.HITHER =3ᴍꞮɴIA
current
ѕᴜʙʀ
and
but
and
Vanuatu
ѕᴜʙʀ
Naplosx
be.1ᴀᴜɢII
3ᴀᴜɢ1 worship =3ᴀᴜɢIA
ɴᴍʟᴢ1 food.parcel ɴᴍʟᴢ
miracle
ɴᴍʟᴢ1 marry ɴᴍʟᴢ.ᴘᴄꜰʟ =1ᴍꞮɴII
ѕᴜʙʀ big
ѕᴜʙʀ
go
ɴᴍʟᴢ1 big =ᴄᴏЅ ɴᴍʟᴢ.ᴘᴄꜰʟ =1ᴍꞮɴII
ᴘᴄꜰʟ.hand =3ᴍꞮɴII
and
ᴘᴀЅ carve GᴅꞮƦ.IN ᴀᴘᴘʟ =3ᴍꞮɴII
ʀᴇꜰʟ
ɴᴍʟᴢ1 school ᴀᴘᴘʟ
ɴᴍʟᴢ1 ᴄᴀᴜЅ hang GᴅꞮƦ.UP again =3ᴀᴜɢIA
and
ᴅᴇᴍ2.ᴅɪѕᴛ
thank ꞮɴᴛЅ .BZ(PDIR.YON)=O(1MINI)
ᴅᴇᴍ1.ᴅɪѕᴛ
child
one
ɢᴇɴ1ᴀ
ɢᴇɴ1ᴀ =1ᴀᴜɢII ᴘʟ
Nemya'.
Ʀʟ travel ꞮɴᴛЅ ᴀᴘᴘʟ just
sound;.voice,.word
ѕᴜʙʀ
word
head
high
ɴᴍʟᴢ1 ᴄᴀᴜЅ fly ɴᴍʟᴢ.ᴘᴄꜰʟ =1ᴀᴜɢII
ᴄᴏᴍ.
ɴᴍʟᴢ1 obey ɴᴍʟᴢ.ᴘᴄꜰʟ =3ᴀᴜɢII
3ᴀᴜɢ1 take ᴛƦ PᴅꞮƦ.HITHER =3ᴀᴜɢIS
ᴅᴇᴍ2.ᴅɪѕᴛ
wind
coconut
be.1ᴀᴜɢII
Фɴᴛ.Ѕɢ
because
ᴅᴇᴍ1.ᴅɪѕᴛ
and
pineapple
NEW.ZEALAND
set.out PᴅꞮƦ.HITHER =1ᴀᴜɢII
ɴᴇɢ drink ɴᴇɢ
ᴘᴀЅ embrace ꞮɴᴛЅ GᴅꞮƦ.OUT also PᴅꞮƦ.HITHER
there
ᴅᴇᴍ2.ᴅɪѕᴛ
go =1ᴀᴜɢI
boat
course
and
house
ɴᴍʟᴢ1 speak ɴᴍʟᴢ.ᴘᴄꜰʟ =2ᴍꞮɴII
swamp
ship
ѕᴜʙʀ
ᴘᴄꜰʟ.ʙ&ɢ =1ᴀᴜɢII
food
there
those
Anuta.Is
Ʀʟ.3ᴀᴜɢ see =ᴄᴏЅ =3ᴀᴜɢIA
God
village
pineapple
ᴘᴄꜰʟ.inherent =3ᴍꞮɴII
ᴘꜰᴠ
heart ɢᴇɴ1ᴀ
school
and
a
good
ѕᴜʙʀ
ᴀᴄᴄ =1ᴍꞮɴII
bomb
boat
ship
thing
water
miracle
war
Ʀʟ.3ᴀᴜɢ sorry =ᴄᴏЅ ᴀᴘᴘʟ
ᴘꜰᴠ
ɴᴍʟᴢ1 shoot UᴅꞮƦ.PATH GᴅꞮƦ.OUT ɴᴍʟᴢ
look ᴀᴘᴘʟ ᴘʟᴄᴛ =3ᴍꞮɴIA
be.3ᴀᴜɢII.
ᴅᴀᴛ =3ᴍꞮɴII
man
god
a
jump GᴅꞮƦ.IN =1ᴀᴜɢI
Ʀʟ ᴍꞮᴅ tell =ᴄᴏЅ PᴅꞮƦ.HITHER =3ᴍꞮɴIS
Ʀʟ enter =ᴄᴏЅ
ᴘꜰᴠ
and
ᴀᴄᴄ =1ᴍꞮɴII
and
Ʀʟ.3ᴀᴜɢ hurry UᴅꞮƦ.PATH GᴅꞮƦ.DOWN =ᴄᴏЅ =3ᴀᴜɢIA
and
ѕᴜʙʀ
SENIOR
Ʀʟ sail ᴅЅᴛƦ =ᴄᴏЅ
maybe;.I.think
doorway
ѕᴜʙʀ big
place
ᴅᴇᴍ1.ᴅɪѕᴛ
a
3ᴀᴜɢ1 go PᴅꞮƦ.YON =3ᴀᴜɢIS
chicken;.bird
and
ѕᴜʙʀ
ᴀᴄᴄ =1ᴍꞮɴII
child
ɴᴇɢ be =3ᴍꞮɴIS ɴᴇɢ
ɢᴇɴ1ᴀ
ѕᴜʙʀ
ɴᴍʟᴢ1 ᴍꞮᴅ dream ɴᴍʟᴢ.ᴘᴄꜰʟ =1ᴍꞮɴII
ɢᴇɴ1ᴀ
ᴍꞮᴅ say PᴅꞮƦ.YON
ᴘꜰᴠ
time
house
Ʀʟ go =ᴄᴏЅ PᴅꞮƦ.HITHER
ɪᴘꜰᴠ
ᴄᴏᴍ. =3ᴀᴜɢII
demon
mind =3ᴍꞮɴII
cry =ᴄᴏЅ
dance.ring