hi- nih
h
u- k'it
shiy
sh- dia'
nts'ą'
tl'aan
u- t'ayy'
unintelligible
nts'ą'
du'
du'
k'at'eey
ttheek'ät
xah
pull
ts'įį- łįį
shyiit
s- tsǫǫ
he
tah
n- ts'ą'
talk
k'ahjil
tädn
nts'ą'
n- aa
yamaagn.teeshyaay
ch- ǫǫndaa
nts'ą'.t'eey
t'axoh
dineey
nee- ts'iikeey
ch'iithoo
del- gayh
hǫǫ'
ni- aa- haal
ts'exeh.gaay
eh
del- gayh
y- eh- nih
y- eh- nih
hi- t'üü
sh- ǫǫnüü
hu- degn'
hah- 'ogn
nuh- shyah
y- eh- nih
tl'uuł
tlodn
northway
y- eh- nih
na- tet- shyah
t'eey
ishyiit
u- nąą
du'
chih
eh- k'aay
ay.eł
ha- shyǫǫ
u- taa- łeel
shołshołshołshoł
t'eey
that
nee- k'eh
ts'- u- neh- 'iign
ch'idanh
yamaagn.teeshyaay
ay.tl'aan
na- tset- deel
u- shyah
k'at'eey
eh
laughter
datl'a- 'ee- mįį
nts'ąą
chuyh
a- nogn
later
ay
xah
nee- shyi'
eh
here
ch'a
xah
dahdzäł
ndee
eh
hu- 'eh- nih
neh- 'įį
k'it
s- t'a- tnel- got
na- y- tnee- 'aak
m- ǫǫsi'
iin
tl'aan
ay
łuugn
you
ishyiit
ha- hu- h- taa- łeeł
hǫ- nih
hu- neh- 'įh
iitsą'
le'e
na- degn'
kitl'a- ee- duu
na- 'įį- 'ąą
nah- 'än
he- dąy
i- dheh- xįį
x~ray
shyiit
da- teh- tayh
ts'ał
n- t'ay
ch'a
shyįį'
xah
t'oot'eey
ch'a
shyiit
sh- naagn'
hu- shyi'
k'it
tl'aan
nee- daategn
kelahdzeey
du'
hu- doo
eh- t'iah
taathüh
ts'exeh.gaay
iin
ha'
you
sh- chil
shyi
idzii'
dą'
eh
ha- naat
iin
taag
tay
ts'ą̈'
nuun
ay
high
mänh
shyii
tah
ay.eh
ee- 'ąą
hu- xah
know
eh- sał
dänh
chih
n- eh
noo'
t'eey
di- nąą
or
huu- dlah
tah
tl'aan
tuu
k'ahdu'
ishyiit
that
u- dih- nih
tah
hǫǫ- heeyh
nts'ą'
hu- 'eh- nay
old
m- u- tee- shyaagn
k'at'eey
k'at'eey
t'eey
dą'
chih
ch'a
sh- eh- nih
sh- aa
shyiit
hah- 'ogn
'''
n- łįį
hii- yil- deel
mb- aa
ay
eh
chih
suu
k'a- dįį
ha- dzel- 'įh
ni- nįį- shyay
iin
t'eey
hii- tth'an'
k'eh
t'eey
hǫǫ't'eey
after
skeniimbee
na- 'įį- thät
hǫǫ'
na- tdal- nąy
łah- ii- dnįį- kat
sh- nąą
hu- dia'
t'eey
i- ts'i- ish- niign
nel- gąy
s- tsǫǫ
tan
ishyiit
chih
ah- gąy
jahxan
ch'a
shyiit
jign
tah
sarah
t'eey
ǫǫ
na- tee- deek
u- ǫǫ- niiy
n- elsüü'
łuugn
ay
di- k'eetl'aat
nee- 'eh- nih
ch'- aadeh
ishyiit
sh- ǫǫnüü
hii- 'eh
ne'
uk'e'
h- tee- nąą
ay
s- tsay
ay
ski- nih- thüh
n- ttheh
ay
hii- yįį- dlah
na- 'at- 'at
dineh
eh
t'eey
łahtthegn
dih- nih
chih
łehchin
n- tl'a- hii- taa- 'aal
tl'aan
nii- deh- xay
ni- i- tset- dek
ji- net- tl'ädn
hel- deel
ch'itay
nts'aa'
still
maagn
na- heh- tiat
tl'aan
nee- k'eh
ch'a
ts'iikeey
line
ishyiit
t'eey
that
įį- sǫǫ
iin
godn
k'ahdu'
shiy
ni- ch- 'įh- dlah
i- chah- 'aal
shyiit
du'
k'a
tihet~juh
dą'
de'.kah
sh- k'eh
diaa
ts'igąąk
h
hu- xah
el- tsiin
k'ahdu'
hǫǫ't'eey
nee- 'eh- nih
ina'
hah- na- daat
le'
ch'a
ch'itay
na- hǫl- ndegn
t'eey
hǫǫ'
dänh
shyiit
ła- nįį- that
ch'a
ay.eł
around
doo
heh- teegn
tl'aan
nuh- 'eh
mbaadeh
choh
that
god's
chinhshyiit
u- tee- łe'
dį'
hanteey'
sh- dia'
ay.eł
dzel- tth'ii
ah'an
ts'exeey
huug
yiii
hǫǫ't'eey
sh- eh- nih
ah- nayh
ch'- aa
ch'ale'
ay.tl'aan
du'
na- 'i- that
t'eey
di- dia'
na- tset- dek
xah
mb- aadeh
hii- dal
hugn
last
t'eey
iin
nts'ąą'
tąy
el- tsiik
ay.eł
ch'a
jign
du'
eh
xah
nithoo
du'
kah
kol
nts'ą̈'.t'eey
cache
t'eey
ch'a
hadil'įh
tah
how
k'e
shyiit
hahdog
ninįhtįį
y- eh
nichitnak~'įįl
ookol
tthee
nak- säł
na- tįh- xeel
shyiit
t'eey
dįįk
neh
hǫǫ'
iin
hu- tee- łe'
hiiy- uu- siik
ishyiit
xah
sta- nii- t'ak
tay'
the
ch'itsay
tl'aan
ay.tl'aan
u- kol
hu- ts'ą̈'
hǫǫ- łįį
nih
nt'eh
nih- shyaay
xah
danh
dineh
hǫǫ'
shyign'
mb- eh
ch'ale
dee- k'an'
ina'
chih
tl'aan
eh- nih
nän'
naadodi
u- he- nih
h
na'ehthat
ih- łįį
nee- shyąąn
nih
t'eey
ch'a
he
na- shyign'
sh- ǫǫnüü
choh
pretty
ts'iikeey
that
u- 'aat
u- 'aat
woman
ay
ay
feet
u- dzeey
nak- 'įįgn
łahtthegn.nts'ą̈'
niydi'ąą
ay
ts'exeh.gaay
łaakeey
na- 'įh xeeł
t'eey
xeel'
ti- hat- nak
feather
du'
hel- deel
del- gayh
männ'
ch'a
y- aa
ch'ittheh
ha- noh- shyuugn
nǫǫ- łeek
hu'- ǫǫnüü
tah- shyüü
hu- shyah
łuugn
nahugn
hi- ti- dhag- ndaa
k'at'eey
nee- ts'ą'
nts'ą'
dih- nih
hǫǫ'
tädn
her
nurse
na- hal- nek
shinaltthał
dishyįį'
hǫǫ- łiin
sǫ'
hasaa'įį'ąą
t'a- a- ch'- įį- shyiił
ts'exeh.gaay
iin
ay
t'eey
nihthoo
nduugn
ts'ehuuha'
nee- k'eh
na- 'i- thät
k'a
mb- ookol
iin
you
nih
choh
nuh- xah
sǫ'
ch'a
iin
tl'aan
ha- ch'- uu- dal- 'įį
know
ishyiit
ay
that
hǫǫ- łįį
eh
ch'ale
na- 'in- shyah
shyiit
id- net- t'iah
ya- he- dak
nts'ąą'
nee- ts'ädn'
nateeshyah
tah
chih
ay
nee- xah
sh- aa
sh- aa
hǫǫ'
mb- ookol
tl'aan
tl'aan
sh- k'eh
ts'edhehxįį
chi- nal- 'įįl
tl'aan
that
de'.kah
del- tth'ii
ch'įhkad
nts'ą'
ha- y- įį- łuuh
dishyįį'
nee- xah
tah- 'aal
hu'an
ee- dlah
iin
ishyiit
dul- tth'i'
dita'
iin
di- t'ah
eh
shtl'a- tįį'- aał
u- kol
shyįį'
hǫǫ'
eh
hu'an
lee
ha- hu- h- del- 'įh
think
na- tet- łeegn
tee- shyah
sh- nah- 'įh
ch'aachin'
ch'isana
xah
le'
hu- nįh- 'įh
di- nąą
ay
dziin
xah
degn'
ch'aa'imbeek
u- nįį'
thattabessa
ch'a'
i- tel- tät
tay'
nee- shyi'
tah
ts'almbeet
k'ahdu'
h- tee- deel
duugn
k'ehtthiign.niign
niign
t'eey
t'oot'eey
nuh- 'aat
hi- nih
shyuugn
t'eey
hǫǫ'
dii
and
sarah
tl'aan
nan
dineey
k'a
ay.tl'aan
k'a
eh
a- dogn
hǫǫ- thädn
ts'- u- taa- heel
i- ni- tel- tth'eek
naynehkon'
hu- dih- nih
burned
ch'ale
n- tsuul
t'eey
back
t'eey
ch'i- h- dheh- xeek
iin
eh
ts'anh
al- tthał
eh
still
jahxan
jah
n- t'ayh
ts'ist'e'
shyįį'
tah
ǫǫ- łe'
u- tth'an'
du'
kol
łii gaay
ski- i- hol- shyeek
hu- dziit
ih- daagn
iin
sh- eh- nih
choh
tay'
ts'oo
hih- tnah- tsayh
t'eey
eh
k'ahdu'
tatxol
scottie
- hot- hiik
įįtah
aan
ch'a
geez
hi- k'eh
tadn
ti- nįį- shyah
sh- taay
huu- neh- ttheh
diniign
łahtthih
sǫ'
y- eh- nih
jign
ti- 'uh- duu
ni- he- łeegn
i- na- tel- 'ok
tl'aan
t'eey
t'axoh
t'oot'eey
hu- 'eh
le'
t'eey
t'eey
hǫǫ'
ts'iikeey
hugn
dą'
uts'iikeey
ay
łuugn
eh
n- dąy
ch'a
choh
sh- nąą
t'axoh
chih
nee- 'eh- nih
k'at'eey
dineey
ni- ni- t'ak
hu- nu'
di- tthi'
nts'ą'.t'eey
maagn
thaa- teh- thad
del- tth'ii
eeł
nee- 'eh- nih
na- net- shyeey
iin
people
shi- he- nih
tuu
nah- 'ǫǫ
tet- shyoh
hiiy- eh- niign
nat- set- keek
jah
sts'ayy'
kon'
hii- yel- deeł
ch'ah- k'eet
sǫ'
tah
iin
naneta'
ch'- i- naa- dał
chih
aa- haał
dänh
hįį- łįį
eh
ay
s- tsay
männ'
hǫǫ't'eey
ya- he- dak
iin
al- tthał
le'
eh
dineh
ch'idanh
'
ch'a
nts'ą'
t'eey
łahtthegn'.nts'ą̈'
la'
tsat
hǫǫsǫǫ
ts'anh
diniign
hineh
ts'iikeey
da- noo
de'.kah
ni- - nįį- deeł
from
nih
tdak- 'aal
shyii
na- tet- dek
ts'exeh
chih
iin
hu- tah
negn'
hel- t'eh
ch'ishyaan
ay
ts'igąąk
nee- łiign'
nts'ą'
chih
hu- nąą
tsee- naa
t'eey
ch'itay
hah- shyiign
nt'eh
xay
hǫǫ- heey
t'axoh
nee'eł
sh- aa
hih- nee- shyąą
utah
hah- negn'
t'eey
bus
da- nįį- shyah
ch'ale
that
that
hii- da- ch'įį- 'ąą
dzänh
du'
ts'exeh.gaay
xah
hich'a
nts'ą'
hǫǫ't'eey
ts'ehgąy
d- aa- gąą'- ts'- el- shyah
t'oo
danh
ch'ale
iin
t'eey
t'eey
dii.xa
t'eey
ch'i- k'a'
iin
hih- neh- 'įh
dikǫ'thüü
hah- 'ogn
n- t'ah
boom
jah
ha- e- łeey
nahk'adn
ishyiit
dii
dits'än
nts'aa'
s- tsǫǫ
k'it
iin
dąy'
u- shyiit
hii- tah- gąy
shyįį'
id- net- t'iah
dindeh
nts'ą'
that
t'eey
shyiit
nee- ts'iikeey
łuugn
i- tdal- shyah
na- dįį- dlah
iin
ha'įįteey
tuu
ch'a
dineh
na- tel- süü
ta'
dą'
one
shyiit
nąą
na- hat- dal
nan- tah- tsayh
k'ahdu'
tleegn
eh
hih- del- xoo
tthii- tl'a- y- dįį- kąą
shyig
shaa deh
tuu
tsǫǫ
hugn
ddhuugn
eh
hihdelxo
natetdaak
ch'ale'
n- aa
xah
eva
k'it
niig
nił- dzet- nih
łaakeey
hu- tah- nąy
hu- dih- nih
dzil- than
dal- thek
cora
sh- dhįh- shyiiy
ch'itsay
nän'
hi- nih
dih- t'eh
you
eh
t'eey
ishyiit
hii- 'et- nayh
hut- shyaak
dzii
i- ts'ą̈'
tsǫǫ
dii.t'eey
di- shyi'
ts'exeh.gaay
xah
ts'inįį- taan
na- tset- deeł
ch- aa- łąy
nuh- xah
dil- k'ąą
truth
hu- negn'
eh- nih
ts'änh
t'eey
uu- dįh- 'aan
iin
sta- da- ho- dnįį- 'ąą
negn'
tet- shyoo
du'
di- chaa
di- keey
tah
nih
dih- nih
ła- deh- k'an'
na- hat- dał
t'eey
eh- nih
na- 'eh- tsał
h- tee- nąą
t'eey
t'eey
k'eh
hǫǫ'
hą'
i- kah
jah
t'eey
m- oondaa
hǫǫ- łii
tthi- h- dįį- deel
hu- 'eh- nih
dziin
jah
ay
bill
ts'oo
i- k'it
ay
dą'
hii- k'a- neh- ta'
nah- 'ǫǫ
t'oot'eey
eh
nihnayh
yaah- manh
hǫǫ't'eey
tl'aan
ha- shyign'
na- tset- dek
u- shyiit
ookol
sh- aak'ay
ay
sh- da'
dzelxoo
suu'
ay
t'eey
xał
y- eł
ch'ih- dheh- xee
nah- 'ogn
įį'eh.tah
ch'itay
haa- tse- tdek
nih
ts'exeh.gaay
eh
del- tth'ii
niign
dahdzäł
hu- ch'a'
diniign
hǫǫsǫǫ
sh- aa
t'eey
hi- huu- deel
ay
dąą'
hitokovich
sh- ǫǫnüü
dänh
hǫǫ- sǫǫ
taa- dlaał
s
tay'
manh
ha- 'įh- ch'ił
like
du'
t'axoh
hih- nee- 'įį
my
u- tthi'
da- h- taa- dał
ts'i- dloo
dita'
hǫǫ'
nan'
nee- naattheh
tleegn
ch'i- dänh
i- dloh
they
ch'a
kol
k'ii- hi- łeek
aaxah
eh
t'eey
h- i- ts'it- niign
hu- t'oh
ha- hii- taa- 'aał
ee- dodn
ih- t'üü
iin
ni- nįį- shyah
noh- shyign
tl'uuł
i
hut- shyaak
diniign
ah- da'
tl'aan
iin
hiy- eh- nih
duk
ch'itay
tl'aan
nuh- 'ih- uh- keedn
our
ch'a
ts'i- 'aał
hu- 'eh
ch'ehłiik
t'oh
tth'ee
hu- nąą
natonshya'
xah
keey
hugn
t'eey
tl'aan
dishyįį'
hu- tnak- 'įįl
ha- chak- thak
k'it
tsihtąy
ch'a
taathüh
godn
tuu
nih
i- düü
u- k'eh
na- h- tnih- łeeł
our
sǫ'
t'axoh
ts'e- nee- haal
t'eey
tsüüh
iin
t'eey
na- ch'i- huu- 'aal
tah
road
łeecheeg
nts'ą̈'.t'eey
y- eh- nih
tl'aan
ch'- aadeh
like
nii- 'ǫn- shya'
t'eey
t'eey
ay
u- tsįį'
di- nąą
du'
hiiy- eh- 'ąy
sh- k'eh
laughing
spring
an'
sh- aa
ha- dih- 'ąą
du'
na- h- dheh- xįį
y- eh- nih
ya- nel- xoot
bah
ni- i- - nįį- deeł
tah
t'oot'eey
hi'- agn- nay
dą'
ch'itay
hihdįįk'ąą
du'
neexon
tah
n- nąą
tthitu'
choh
ne'
shyiit
ay
jahxan
jah
nts'aa'
k'eh
u- dįį- nih
dindiign
ya- h- ni- shyeek
hǫǫ- łįį
ch'a
hǫǫ't'eey
dineey
jah
ay
t'axoh
hii- aanah
adult
del- tth'ih
łuugn
hiiy- i- 'aal
h
heh- tiat
nts'ą'
ch'itay
way
nih
xay
nts'ą'
shyii
ts'exeh
ti- at- nak
teete'
neh'ąy
gǫǫ
hu- 'eh- nih
dineh
ay.tl'aan
sh- nąą
ch'ile
shyįį'
nee- ts'ayy'
shi- h- d- he- h- xįį
eh
ch'a
u- dih- nih
da- ee- 'aan
dąą'
nts'ą'
ay
sǫ'
kon'nia
kah
jah
ishyiit
ay
tthi- hii- dįh- xał
iin
t'axo
and
degn'
ǫǫ- łe'
eh
sh- dhįh- shyiy
tl'aan
hu- nii- thaad
tah
means
tl'aan
dįį- nih
xay
t'eey
n- ts'iikeey
u- ts'ayy'
s- tsǫǫ
ntsiin
dzii- teh- 'ah
shyįį'
tl'oh
k'a
t'oot'eey
įį- haay
i- h- sǫǫ
nil- jidn
ay
noo'
t'eey
tah
hiiy- uusi'
nih
k'ąy'
i- ti- nnay
nih
tat'eey
dii.xa
ta- nel- 'ah
diniign
ay
jin
tl'aan
dih- t'eh
dits'än
d- i- ch'- agn- 'aal
that
ta- del- gayh
shyiit
godn
sure
k'a
nah- 'aat
s- tsǫǫ
t'eey
tädn
manh
kelahdzeey
iin
naadeh
nih
nee- xunh
y- eh- nih
ts'ist'e'
tl'uuł
łahtthegn'
nee- 'eh- nih
dzįį- tsįį
shiy
u- 'aat
dishyig
sh- eh
ha- 'ogn
na- dzal- tth'i'
t'eey
t'eey
i- k'it
n- chaa
sh- i- nǫl- jidn
shyah
iin
ch'i- xia'
hel- t'eh
dą'
time
neh- 'įh
t'eey
came
nts'ąą
s- tsǫǫ
ch'itay
na- uu- n- dayh
chih
eh
dahdzäł
t'aat
creek
oh
dąą'
iin
t'axoh
hu- 'eh- nih
tsǫǫ
doo
laalil
hah- 'ogn
k'at'eey
like
hugn
in- nay
nak- 'ąy
hu- 'eh
hugn
hugn
nih
ch'i- dia'
nduugn
hu- 'eh- nih
naxat
duka'
tuu- shya'
shin
ay
killed
keey
mark
t- dah- niil
sh- ch'įįtįįl'
ishyiit
naxat
ła- da- t- dak- nąy
t'eey
k'a
our
na- ts'u- tal- negn
tl'aan
ha- taa- mbeeł
tayh
and
dee- dlah
dumb
chih
tay'
tąy
dineey
tl'aan
sarah
t'eey
y- eh- nih
nii- 'ǫn- shya'
hugn
eh
łaakay
ishyiit
ch'a
know
tuu
dineey
ch'itay
y- eh- nih
niign
m- ǫǫsi'
näl
nadaa'ųh'įį
na- tset- diik
ishyiit
sh'- aat
du'
hǫǫ
k'it
ishyiit
nts'aa'
kon'
nee- k'įįl
hu- xah
ha- dogn
di- ts'änh
ya- he- dak
ay
shyiit
k'at'eey
chaay
dänh
ni- i- da- y- del- thät
nee- hi- dlaag
tąy
nde'
hu- xah
dzal- tth'i'
tl'aan
doo
tah- shyüü
tsi 'ah- dek
one
ni- nįį- shyah
nts'ą'
dį'
du'
hii- taa- łeel
yeah
eh
iin
nts'ą'
di- tthi'
duka'
from
nahtsay
na dee- xał
chih
k'a
ay
aanah
hǫǫ't'eey
ch'a
y- uu- nih
no
shiy
jahxan
k'at'eey
niign
nts'ą'
yi- ts'ą'
sh- ih- tee- t'üüdn
dii
nts'ą'
i'etnay
bible
m- i- ish- nay
t'eey
web
da- tthi- nįį- tthayh
du'
dahdzäł
tl'aan
uch'a
k'e
hu- 'eł
nts'ą'
di- nąą
hu- ts'ą'
hih- del- tth'ih
dhih- dah
ts'- ee- dlah
k'a
įh- dląą
tah
ts'i- uu- nih- niign
nįį- łąy
that
ya- he- dak
hįh- xąą
doo
yi- hǫǫ- keet
shyii
nts'ą'
haats'enelshyeegn
maagn
ch'etl'aa
t'in
xah
ishyiit
hu- t- nįį- deey
ishyiit
dog
iin
t'a- ch'- įį- shyiił
diniign
dii- tl'adn
nah- 'ogn
hǫǫsǫǫ
u- nah- 'įį
su'
danch'og
nįį- shyah
ni sh- tįį
sh- chil
du'
ee- dah
t'eey
hu- tee- thät
yįįshyił
ha- 'įį- mįį
ut- sǫǫ
ch'itay
nay
pull
hi- łeek
ch'i- thüh
u- tl'a- 'ih- 'ąą
xah
nih
hǫǫ
nih- thänh
nts'ą̈'.t'eey
nts'ą'
iin
dii.xa
nts'ą'
shyiign
dąą
sh- eh
het~sįį
nahalndak
u- nąą
noo'
eh- nih
niithaadn
carl
call
tl'aan
ch'a
le'e
hu- thät
ts'ist'e'
nee- 'eh- nih
devil
jah
n- t'ay
tsǫǫ
dą'
ts'i- nih
tah
n- eh- łeek
nee- shyi'
anyway
aa- haał
laalil
noo'
k'a
ndee
eh
there's
nidet~łuugn
ay
ts'exeh
xah
hii- tal- shyeek
eh
hǫǫ- łe'
manh
ch'ehłįįgn
iin
know
u- ts'iiniin
shtl'ayįįdlay
ch'itay
u- tnah- 'iil
niign
hu- xah
hohneh'įį
sh- nąą
än'
t'ay
hǫǫ't'eey
ts'iikeey
t'eey
jah
hǫǫsu'
t'oot'eey
įį- tsuul
noo'
än'
eh
na- 'i- thät
t'eey
xah
saa
iin
nts'ą'
keey
t'axoh
noh- shyign'
t'eey
niithaadn
jin
nah- 'aat
tat'eey
kon'
ay.tl'aan
and
ay
iin
hu- 'eh- nih
xia'
shyign
ee- dlah
daneedlah
ski'- uh- shya'
came
t'ah
iin
tah
dhak- ts'iik
k'a
t'eey
nee- xol'
nts'ą'
łuugn
ch'itay
gįį- heey
t'axoh
t'axoh
da- dhįį- dlaay
di- chaay
yeah
shyąą
which
nǫǫgaay
hu
di- ch'il'
talking
ay
k'ahdu'
ǫǫ- łe'
iin
t'eey
ch'iik'on
on
nee- k'aa'
ts'anh
da- hiiy- ih- dlaak
ay
dit
that
dineh
nah- 'įh
ishyiit
ay
hǫǫ- łįį
uu- łe'
danh
danh
umm
tl'aan
maagn
shyiit
sh- eh- nih
ena'
ha- a- ch'- uu- dal- 'įį
ch'įįk'on'
kelahdzeey
still
him
iy- eh- nih
that
eh
sh- ee'eh
uudih
jign
ts'inuhtakdał
nee- k'eh
ee- dah
just
noo
nu'
tan
ch'ik'on'
down
dihdąą
ay
tah
i- tdah- nįįł
land
ts'iniljidn
ay.tl'aan
ishyiit
iin
ishyiit
choh
e- łeey
nee- ts'ą̈'
di- 'aat
i- nįį- dät
t'axoh
nįį- dlay
ni- ł'ih- det- nih
we
na- h- tet- deeł
dänh
tsin'įį
s- tsay
na- tset- naa
ay
ni- i- haag
s- tsǫǫ
the
demit
n- tsuul
dih- dį'
that's
da- na- tnee- haan
hǫǫ- łįį
y- eh- nih
hu- 'eh
u- ta'
nts'ąą'
tah
di- nąą
tädn
iin
tuuthäł
xah
ay
ay
t'oot'eey
nagn- jiit
ch'a'
tah
u- ke'
t'eey
dineey
k'ahmän'
ts'änh
det- shyaak
ch'ale
enough
hu- xah
t'eey
hanteey'
ts'ist'e'
ishyiit
sta- a- tih- daal
you
hǫǫsu'
kon'
tsatbaay
last
nįh- 'įh
nithoo
there
tuu
hu- 'įį- shyah
xah
kind
k'at'eey
u- ta'
u- deh- god
na- din- dį'
ik'- it
tįh- tsayh
nts'ą'
dį'
hu- ut- shyah
that's
shin
tah
that
nałǫǫ'idihnąy
nts'ą'
t'a'įįłeey
ts'exeh.gaay
ay
eh
tth'a- ts'ih- łeey
no
ts'uu- t'üü
ts'i- huu- heek
įh- nay
hinehtsiik
go
k'it
k'at'eey
shnaahaał
hajakthak
xa- 'el- t'eh
iin
ǫǫ- łe'
t'eey
ni- i- hit- degn
dashyign
ch'itay
ts'oo
tsaa
tsin'įį
shyiit
t'axoh
ta'- ul- tth'iidn
t'eey
hu- ts'ą̈'
nah- tet- degn
dǫng
eh
eh
heh- tsįį
dii
ts'anh
hoh- tsįį
ndee
dįį- nih
y- eh- nih
pickle
liza
ti- 'at- nagn
nts'ą'
da- nįį- shyah
ts'ihǫhdąyh
hugn
eh
ch'ale
t'eey
cache
t'eey
eh
ay.tl'aan
tah
but
jesus
jah
ha- y- įh- tįį
tah
k'ii- nųų- ttheeł
aa- haał
m- i- ts'i- ish- niign
iin
ndee
hii- yįį- dlah
ts'ehgąy
ni- nįį -'ah
t'axoh
dih- dį'
ha- dogn
chih
eh- nih
tah
ha'
dą'
dǫǫ
sh- eh
da- heh- tiadn
etshyiyh
del- gay
t'axoh
noołuut
taatsąą'
du'
tüh
ay
neenehtthay
ay
yinehtl'uul
dą'
xayh
dah- nih
t'eey
xah
ishyiit
martha
hel- tsįį
s- tsąy
t'eey
k'e
ha'
xay
dii
tse- neey
dąą'
shk'ikaagn'
ski- nii- haan
iin
du'
hu- ts'ą'
dzii- tth'ak
na- 'ih- xeel
thüh
uu- łe'
detsįį'
nts'aa'
na- 'ih- te'
behind
ha- hiiy- įh- tiin
ini'iah
ay
n tsǫǫ
įį- haay
shyiit
mbeetsal
hǫǫ- teeł
hu- dziit
hu- ts'ade'
dįį- t'ay
tädn
di- 'ee- dlah
nts'ą'
k'a
nih
sh- aadeh
k'it
t'eey
yi- dįį- tsät
ishyiit
kǫhthüh
eh
ugaan'
dahdzäł
hu- 'eh- nih
eh
t'eey
t'eey
eh- tiin
ch'ale
ishyiit
shyah
t'eey
ts'exeey
nǫǫgaay
u- łįįg'
nan'
iin
ay.tl'aan
dineey
xah
ha- ch- 'įį- gąąt
du'
na- yįh- tiin
xah
hu- 'eł
ch'itay
hǫǫ'
iin
tl'a- ti- dhak- chuut
i- hu- 'üdn
ay
ay.tl'aan
iin
ni- nįį- shyay
ee- dah
nurse
k'ahdu'
ishyiit
nde'
hu- 'eh- nih
shtl'anįįłeey
make
iin
hu- dziit
ni- nįį- shyah
ti- dhah- deeł
na- tset- deeł
nt'eh
t'axoh
na- nal- shyeek
shchaay
shoh
iin
hǫǫ'
ahugn
tee- deeł
he's
hǫǫ't'eey
sh- chil
sǫ'
shyiit
life
sh- dia'
nts'ą'
ocean
iin
iin
uh- łe'
hǫǫ'
k'ahjil
hǫǫ't'eey
niit
nah- 'ǫǫ
sǫ'
iin
ena'
y- eh- nąy
mb- e- ndzįh- 'ąą
doo
ago
ch'il
t'axoh
ut- i- i- thaadn
sdzi- hǫǫ- 'ah
t'eey
xah
nts'anh'
niign
xah
jahxan
dänh
tädn
shnän- t'aagn
ay
t'eey
s- tsǫǫ
nagn- jit
hanteey'
sh- 'eh
haadal
dii
sh- aak'ay
iin
h- i- - shniign
ha'
hu- shyi'
ttheh
nt'eh
ts'i- dloo
tl'aan
na- ts'et- naan
łahtthagn.nts'ą'
n- chaay
t'eey
ay
xah
sh- chil
s- tsąy
shyįį'
they
tah
nih
ni- įl- tthat
arthur
tl'aan
shyiign
they
ay
na- tush- shya'
hǫǫ'
eh
dih- t'eh
they
nts'ąą'
y- eh- nih
ni- tįį- haał
hǫǫsǫǫ
ay
tl'aan
huugn
hii- yįį- xaan
jah
jah
u- tsaal'
ch'i- dia'
niign
right
and
thüh
nt'eh
iin
y- eh- nih
hįį- xaan
nanel'iik
jah
tthi- hi- haagn
na- tet- łeek
ee- dah
hi- ts'e- het- niign
t'axoh
hǫǫ'
cho
uxol'
hǫǫ'
nee- k'eh
na- tet- xak
naan'
hul- 'įh
dii
new
s- tsǫǫ
nił- k'i- dzel- shyah
dah
at
nah- 'ǫǫ
hu- nu'
hut- shyaak
det- shyaak
ch'itay
one
nuun
shyiit
eh
łuugn
haskeh
k'ahjil
tl'aan
tąy
ndlaan
nuh-
jahxan
i- dįį- dlah
ishyiit
t'eey
nah- 'än
nahugn
nahugn
daa- łuuł
m- ǫǫsi'
dąą'
iin
carl
ch'- aadeh
stomach
t'eey
tthän'
tl'uuł
hel- t'eh
sh- dia'
tl'aan
choh
shyiit
na- dogn
hą
sh- aa
nąą
ch'i- shyuutth'än
sh- uu- tee- kol
xay
ay
ski- nįį- 'ah
t'eey
naadeh
t'axoh
k'at'eey
ts'änh
sh- dia'
k'it
ina'
uu- niik
sǫ'
u- dia'
ch'a
ha- shyiit
hu- ts'ą'
i- dįį- shyay
iin
ch'ittheh
du'
nithoo
nee- łįįgn'
hu- 'eh
creek
el- tsįį
eh
pray
dą'
hii- kah
ni- hnįį- naa
dineey
chaa
hǫǫ- łįį
ts'exeh.gaay
naann'
du'
that
xah
tsi- dek
y- uu- 'aal
ay.tl'aan
sitka
tąy
ni- i- 'in- shyah
na- 'i- thät
hǫǫ- teeł
where
hih- del- tth'ih
nee- 'eh- nay
dih- tth'egn
tsät
jign
nitthoo'
t'eey
hii- ut- shyah
k'at'eey
know
įh- dlaan
ishyiit
t'eey
ay
bother
missionary
xah
t'eey
ts'anh
mb- aa
ch'a
nts'ą'
chih
sh- k'eh
tl'aan
jah
yaadegn
ch'a
a- naat
na- ish- shye'
ina'
taa- łeel
mba'
di- nąą
taa- t'eey
s- ts'ą̈'
n- aa
hi- nįį- deeł
kol
dheh- xįį
iin
shyįį'
and
ha- ts'įį- deeł
iin
eh
dzanh
sta- a- net- t'ak
nuun
hi- het- nayh
iin
u- 'aat
uudih
hanteey'
n- xu'
h
le'e
andog
noo'
hǫǫsu'
shii- jii nil- dzüh
k'a
iin
ay
kon'
shk'ikaagn'
ishyiit
like
tsee- naa
t'eey
ni- h- taa- dał
na- tįį- daał
d- aadeh
iin
ch'a
ch'a
nagn- jit
u- tthi'
i- 'aał
teejuh
t'eey
n- xeel'
ee- dlay
k'a
tąy
h
some
hugn
nts'ą'
hi- agn- niiy
et- shyiiyh
ishyiit
translate
k'it
ch'uukagn
ni- huu- thek
how
oh
sh- ǫǫsi'
daane
ch'a
ay
noodlee
jee'aan
hu- degn
ee- gąy
nan'
n- ee'eh
tah
du'
ni- nįį- shyah
da- nah- deel
s- tsǫǫ
hu- 'ee'eh
hii- ttheh
they
k'it
dänh
nah- 'ogn
ne'
eh
huh- negn'
hih- tat- nayh
nts'ą'
i- tsi del- 'ay
`ina'
i
shyiit
nts'ą'
ts'ät
tl'aan
a- negn'
jign
tl'aan
ła'
shi- he- niik
yamaagn.teeshyaay
na- 'el- k'ah
ch'aachin'
tah
hu- xah
sh- kąy'
sh- ǫǫnüü
shiy
ts'ehłegn
nats'utdeel
hǫǫ- łeek
shyah
ts'iikeey
shyii
dii.xah
y- eh- nih
huugn
y- eh- nih
xah
hi- het- nąy
ąąą
del- xoo
choh
sh- dǫǫ- ni'
iin
ta- y- įh- xał
ni- h- nįį- deel
hoh- tsiik
gonna
u- xah
na- ts'- el- süü
dii.xah
ch'iik'on
me
ni- shyeeh
with
diiihii
t'eey
tat'eey
du'
chih
s- tsǫǫ
nuh- tsǫǫ
shyah
na'al'uuk
ch'- ih- 'aak
jah
stuff
tel- tthät
xah
noo'
dii
t'eey
k'a
tąy
mean
t'eey
laughs
nts'aa'
nts'¨ą'
ishyiit
hǫǫ't'eey
ch'i- heh- k'aay
xay
na- hi- hol- negn
ni- i- het- dek
ay
sh- nąą
nąą
du'
doo
hugn
youngest
hu- naan'
nah- 'ǫǫ
dänh
t'eey
hǫǫ'
tth'itu'
tsayh
ti- tee- łaat
dalxuu
ti- taa- haal
dii
eh
k'at'eey
iin
k'elahdzeey
laa
ts'exeh.gaay
sǫ'
ay
nii'- in- shyah
ay
noodlee
u- dih- nih
nah- 'ogn
ee- niik
sh- nąą
łuugn
sta- ch'- nįl- 'įį
na- 'eh- tsįį
k'it
ni- tah- łeeł
ney
iin
dineey
nche'
k'ii- nįį- ttheeł
na- 'įh xeeł
t'eey
y- eh- nih
daa- neh- dlǫǫ
eh
tąy
ay
nee- k'aa'
łootihaak
eh
tah
ay
yinįhthan
hah- 'üh
hut- ni- deeyh
ay
haats'enelshyeek
hǫǫ'
sh- ǫǫnüü
t'eey
t'axoh
t'eey
ch'a
chih
k'ahmänn'
nah- 'ogn
hǫǫ't'eey
ishyiit
na- hol- nak
ha- 'ih- shyay
doo
nts'ą'
shyąą.t'eey
t'axoh
shyiit
di- 'eł
eh
de'.kah
nehłeeg
ends
we
u- 'aat
huk'eh
tl'aan
n- łįį
tąy
eh
sh- eh- nih
xayh
different
tl'aan
iin
tth'ee
le'
da- dih- nay
shyuugn
sh- ǫǫnüü
iin
di- dia'
nithoo
tsayh
hah- 'ogn
dineh
xah
t'eey
tl'uuł
na- hat- däł
ch'aachin'
hugn
ih- haał
natihdaal
hach'inal'įįk
ts'anh
ch'a
ya- 'e- mbeek
hǫǫ'
hushyąą
ha- 'aat
i
k'ahmann'
ts'aht'udn
nee- gąyh
shii- jii nil- dzüh
chuyh
and
ooooh
taht'eey
hii- dii- tth'agn
dǫǫ
i- taa- mbah
iin
mb- ehtle'
hǫǫ'
sǫ'
ay
k'ąy
shyign
chih
sh- eh
sh- nąą
ch'itay
they
h- u- ts'e- nih
aba
t'oodįht'ay
i- h- tdaa- niił
ch'i- xia'
tah
least
ch'a
dįh'ąy
shinete'
faith
el- deel
ay
y- eh
k'üdn
ch'a
noodlee
ddhał
dahdog
nihthoo
ts'iniin
that
dį'
ch- ǫǫndaa
u- got
hǫǫ'
tthi'
t'axoh
nday
shinaltthał
jah
da- tnel- dok
one
ay
įįha'
ch'a
hi- dąy
hii- deh- 'aagn
lah
eh- nih
dąą
ineh'įį
iy- eh- nih
łiign'
jah
dii.xah
tah
elih
łahtthegn'
du'
jah
shyii
the
ah- dogn
uułe
k'ahdu'
na- t- e- daak
daats'et~tl'ųų
ch'i- thüh
haskeh
dzänh
tl'aan
u- taa- niił
ts'aniihelt'eh
na- nel- tl'ǫǫ
tah
du'
shyiit
hunak~'įį'
that
tl'uul'
iin
eh
tl'aan
k'eh
jah
n- tl'a- ch'ih- chuudn
łat
tsee- deeł
dhih- dah
you
elih
eh
what
tth'ee
dii
ay.tl'aan
iin
t'eey
ay
dhihtal
nih- thänh
shyiit
nee- ts'ädn'
yep
na- tsut- deeł
iin
u- 'įį- niiy
they
duugn
kelältseey
al- deel
hǫǫ'
t'eey
t'eey
ts'ehłagn
chuyh
ay
ch'a
k'at'eey
hug
kill
shyįį'
tl'uuł
tuu
ditsǫǫ
staaneenįįdlay
shin
eh
uu- dagn- 'ąą
do
tah
eh
teejuh
tsin'įį
hospital
t'axoh
ch'itay
eh
na- h- del- tth'iik
hut- gaayh
tah
n- nak- 'įh
n- ts'iiniin
t'eey
dineey
k'at'eey
ay
eh
ay.tl'aan
tsin'įį
diniign
mb- aa
noo'
bus
nįį'ah
eh
ts'iikeey
noo- tah- tsay
da- 'ah- dlaak
di- che'
na- 'at- keel
du'
k'it
hihteh'a'
du'
ayt'oo
ohhh
ay.eł
ts'exeh.gaay
nił- 'eł
jah
ni- i- dįl- nąyh
jah
da'eedlay
ishyiit
ha- del- 'įh
dzanh
ay.tl'aan
aa- haał
hel- t'eh
hih- teejuh
t'eey
t'eey
tth'ee
hǫǫsu'
she
dąą'
they
nuun
mit- s'i- shniign
t'axoh
t'eey
mark
dih- dį'
na- hol- nagn
nee- 'eh- nih
t'aat
k'ahmän'
dhih- dah
tsat
nah- 'ǫǫ
y- eh- nih
ts'iiniin
iin
tįį- xaan
shiy
hu- dagn- dįį
hi- 'et- nayh
łąą'
dineh
dänh
nan'
hih- del- xoo
y- eh- nih
łahtthegn
t'aat
ch'ale
northway
y- aadeh
t'axoh
that
nee- hi- nih
nee- 'i- ch'- eh- 'aał
mb- aa
n- dhih- tįį
too
nday
ch'inłuut
iin
ts'änh
ąąą
k'a
t'eey
slough
tsüh
ay.eh
hǫǫ'
ch'a
ni- nįį- shyah
ha- a- ts'- įh- shyaa
at'eey
eh
u- h- dih- 'aan
tagoh
hu- k'aa'
eh
hu
shyüh
shyįį'
jah
laalil
came
tl'aan
du'
nän
nee- kah
chih
k'at'eey
tl'aan
chih
hǫǫsǫǫ
noo'
ch'a
na- tu- shshyah
h- tee- neeyh
di- nąą
eh
t'oot'eey
k'e- 'ah- deel
hii- eh- nih
around
that
t'eey
ddhał
łuugn
na- n- ch'- ts'įį- 'aał
įltthał
tl'aan
nee- 'eh
ǫǫ
t'eey
hypnotized
łi- gaay
ni- nįį- shyah
tat- xoł
''
da'eedaa
stella
du'
łuugn
t'eey
ddhał
tsat
k'e
shyiit
m- eł
al- tthał
ch'a
iin
shyįį'
negn'
tl'aan
t'axoh
ch'ale'
ni- y- eh- 'aak
k'eh
tl'aan
nii- det- łuuk
ishyiit
t'eey
ay
y- įį- 'aał
sh- aak'ay
ch'- aa- chinh
ishyiit
ndehdą'
hǫǫ
tl'aan
ay
hut- shyaak
dzi- hel- shyee
eh
nts'ą̈'.t'eey
jah.dugn
aa- tiil
ishyiit
kind
ki- tih- haał
laughter
k'ąy'
jah
tl'aan
jan
t'eey
du'
nts'ą'
nts'aa'
du'
dąą
saayh
dą'
hu- taagn
kol
k'ąy'
ch'itay
dii
t'eey
niit
ishyiit
ay
eh
my
yi- nįį- than
k'at'eey
t'eey
dii
nił- ts'et- niik
neh- 'įh
tl'aan
ha- sa- 'įį- shyah
ski- 'at- dät
last
na'
ts'e- huh- tsiin
jign
nay- tnee- daak
m- i- ts'i- ish- niign
yųųsi'
swan
t'eey
hu- tee- łe'
łuugn
dii
s- tsay
a- dogn
hah- 'än'
ch'itay
noo'
taa- t'oo
ishyiit
t'eey
tl'uuł
eh- tii
i- tah- ch'ee
įį'ia
eh
hu- mbät
ts'oo
iin
di- kąy'
hu- 'eh- nih
tah
ne'
u- shyah
hǫǫsu'
dih- thaad
iin
taa- 'aal
jah
tąy
nih
nii- taa- daał
ay
eh
xah
du'
t'eey
eh
du'
shyįį'
hih- neh- tsay
nǫǫgaay
around
ak- tsän
hu- ǫǫsi'
du'
ina- nii- chak- than
nday
iin
shyiit
tuu
them
keey
a- dogn
hahuch'enehtanh
hi- ts'e- het- niign
ts'i- dloo
k'a
hu- tsǫǫ
ishyiit
one
english
ni'- uh- ha'
high
dį'
dineey
eh
u- dih
ndeh.k'eh
nday
ay
sta- n- jeh- chuuy
sh- aa
t'eey
hǫǫ'
nił- xa
iin
ni- nįį- shyay
ay
nee- ts'iiniin'
ishyiit
na- taa- dah
he- hu- tįįł
nts'ą'.t'eey
chih
nuh- tsay
sh- eh
hǫǫ'
u- 'et- sii
nats'eholndii
u'įįnay
nahk'ade
na- taa- deeh
ndee
ndląą
du'
iin
tah
choh
t'eey
dit
hǫǫ- łįį
k'ah
iin
du- shyiign
ch'ale
shyig
diniign
du- naan'
let
da- hu- del- tsįį
łahtthagn.nts'ą'
da- na- ts'el- shyeek
iin
ch'i- dia'
t'eey
dąą'
niign
shyii
dą'
hu'altthadn
ts'eh- tiat
k'eh
i- k'eh
ni- ts'e- nįį- deeł
t'oo
nahugn
tlok
sh- nąą
n- tsǫǫ
u- t'ah
ay
hah- shyiign
ay.eh
tsät
tih- daał
tl'aan
jahxan
hu- he- nih
u- te- e- łeey
got
ǫǫnįį
ntl'ät
t'eey
truth
hu- hǫǫ- xąą
u- del- kan
hushyiit
suddenly
suu
iin
hii- k'eh
ła- jeh- nąy
ishyiit
t'eey
ts'iikeey
can
ni- thoo
i- nįį'
na- hut- tthän
t'axoh
tuu
u- dįį- nih
doo
u'eh- nih
ay
el- tsįį
ti- dįį- duuh
ni- i- nat- deel
xay
xah
ch'aa- chinh
kid
t'axoh
iin
ay
k'ąy
xah
oh
ch'- eh- mbiat
aa- tiil
nts'ą'
di- dia'
tell
t'axoh
thaa
hǫǫ'
just
at'eey
hear
no
ay
shiin
t'eey
dlegn
tagoh
įh- xąą
ay.tl'aan
i- k'eh
nantnett'ah
u- neh- 'ąy
just
s- tsǫǫ
hu- shyah
s- tsǫǫ
t'an
hǫǫ- łįį
da- 'ee- 'ąą
so
ts'ehkah
kah
people
ch'itsanh
right
du'
na'etkuyh
to
tl'aan
tl'aan
di- 'aat
e- tsah
iin
iin
łąą'
iin
elih
ch'i- h- dheh- xeek
k'it
sta- a- nįį- daay
shiin
t'eey
m- ǫǫsi'
t'eey
s- tsǫǫ
ch'ale'
hu- ts'ą'
tąy
eh
sta- nįį- mįį
hǫǫ'
ts'exeh.gaay
tsat
hu- xah
du'
hǫǫ- łiin
u- naagn'
y- eh- nih
godn
du'
du'
ts'įį- łįį
s- tsay
you
eh
naki- dǫǫ- haah
ay
uteełeeg
tthee
xia'
t'eey
gǫǫ
chih
na- te- tįįgn
hu- ta'
hu- degn'
dąą'
shyiit
ay
shineltthał
ohoo
dhah- tiat
tsat
nts'ą̈'.t'eey
xah
ch'įįk'on'
iin
ay
t'oot'eey
manh
tthidehnąy
hu- ch'a'
huugn
hi- dį'
like
laalil
t'eey
hu- tl'a- ch'įį- xąą
hǫǫ'
hǫǫ- łįį
shyiit
sts'ayy'
where
gǫǫ
uu- łe'
s- ta- nił- tse- net- deeł
luke
natnett'ah
tl'aan
el- tsiin
ch'ale
ay
nii- hin- deeł
iin
doo
xah
uudih'ąą
ch'a
shyįį'
dahdzäł
hǫǫ
know
nił- xa
nel- jidn
tats'ełe'
duk
iin
hugn
įh- dlaan
ch'a'
łąą'
dänh
hunh
ha- dee- 'ah
hii- neh- 'įį
hii- tel- shyeek
het- dąy
n- t'ay
hii- doo
ch'itay
thaa- hih- deh- 'iig
hu'- ǫǫnüü
iy- eh- nih
tah
u- h- dih- 'aan
di- shyįį'
sh- aa
ay.eh
hu- dih- nih
k'at'eey
da- ts'ee- dah
sh- aa
sh- aa
tadn
hih- del- tth'iig
na- tsut- deeł
k'at'eey
laughs
eh- nih
hi- dąy
still
iin
iin
t'eey
el- tsįį
taathüh
hii- neh- 'įh
ay
iin
sh- eh- nih
ch'a
tsat
eh
jah
u- ts'ą̈'
look
k'a
s- tsǫǫ
dheh- xiin
kah
h- dal- tth'i'
diniign
keey
chih
nee- shyah
taagn
ch'a
shyiign
etxoł
na- u- tdah- 'aał
time
nts'ąą'
nuhhogndag
dii- 'a'
xay
be
di- tthi'
k'at'eey
ni'- uh- ha'
'
oh
and
dii
ch- 'ee- xąą
ts'il'ąy'
įįjih
s- tsay
sh- chil
da- nįį- haayh
hiiy- eh- gąy
keey
ch'a
taa- maagn
chih
k'ahdu'
ohts'ąy
aa- haał
hǫǫ'
dii
dą'
xa'
hospital
tl'aan
dahdzäł
eh- mbia
tee- shyah
jee'aan
sh- ee'eh
hih- del- tth'ih
k'at'eey
tl'aan
iin
h- i- 'agn- nay
sts'aki- tel- tthak
eh
nithoo'
sister
ts'i- nįį- that
hu- ch'ehłiign
tah
ch'i- dheh- xįį
ay.eł
liza
noot
nän
choh
eh
tah
n- łįį
hi- 'et- nayh
taagn
dii.xa
maagn
josh
i- taa- mbah
duk
nee- haał
chih
aa- haał
ch'itay
hu- dih- nay
k'at'eey
ts'iiniin'
nahk'ade
k'ia'
eh
du'
ay
łeecheeg
na- 'i- thät
nuh- xah
he
jah
ay.tl'aan
degn'
chih
na- hol- negn
dzel- tth'iik
njah.duug
m- ǫǫsi'
įį- shyah
shyiign
jin
iin
dii- tth'ak
ntak~'įįl
i- ts'it- nąy
ah- dogn
hu
nah- shyign'
y- eh- nih
tih- haał
nįį- shyay
shyiit
tagoh
that
shyah
hi- ts'i- ish- niign
nih
ch'a
tudi
u- dii- tth'ak
niithaadn
hǫǫ'
t'eey
i- ch'ol
k'a
ch'a
h
s- tsǫǫ
hih- t- e- e- dak
ishyiit
kah
ha- 'įį- shyah
jan
hih- del- tth'ih
ch'itay
ha- nǫǫ
eh
choh
hut- nel- tänh
danh
y- eh- nih
hǫǫshyaan
haananhųh'ah
t'oot'eey
n- ts'ą'
nii- 'et- dayh
sh- nąą
t'axoh
he's
same
nduu
dhih- dah
hah- ne'
na- nah- daał
h- i- agn- nąy
na- ut- kuy
danh
n- ełeegn
iy- eh- nih
nts'¨ą'
na- h- dheh- xįį
dii- tth'ak
t'eey
dii
noo'
xah
du'
iin
iin
nih
u- nii- tthaad
that's
yiigat
nts'ą'
tl'aan
eh
eh- tiin
s- tsǫǫ
da- 'ee- 'ąą
duka'
yeh'iik
u- kąy'
duugn
hu- ch'oonįį'
ish- nah
hǫǫ'
sh- įį- ła'
dänh
na- tih- daagn
hah- 'än
na- de- łeey
shyiit
atdaa
eh- nih
jah
xah
iin
nts'ąą'
ch'i- k'ah
ts'änh
k'ahdu'
ay.tl'aan
ts'ehłegn
na- ts'in- deel
hǫǫ sǫǫ
nah- 'ogn
ay
n- tsǫǫ
niign
too
shyiit
hiinaadał
ddhäł
hypnotize
gee
keey
ta- nel- 'ah
nithoo
t'eey
dih- k'ąąy
hu
k'ahdu'
łahdeek'ąą
chih
this
yeah
na- nuh- tnagn- 'įįł
u- nąą
u- nee- haal
northway
hǫǫ'
ch'i- kąy'
s- tsǫǫ
gee
hu- ch'ehłiign
nts'ą'
really
nat- h- nat- däl
ch'itay
hu- tee- łe'
ay
jah.dugn
t'eey
e- tsaa
įį'eh.tah
t'eey
iin
ay.eh
dǫ
sh- eh- nih
ch'ale'
chinh
ch'a
nat- s- u- t- deel
ni- hee- deeł
ah- nogn
ts'iikeey
hohneh'įį
ch'i- thüh
u- tthi'
nih
di- k'aa'
iin
k'a
taag
nee- 'eh- nih
hi- ttheel
ni- h- nįį- naa
eh
chih
hehgąyh
dineh
believe
shi- hi- nih
k'it
'
that
łuugn
eh
young
u- k'it
hu- xah
s- tsǫǫ
tth'ee
du'
le'
sh- dia'
k'at'eey
hi- het- nay
hǫǫ'
ch'a
burned
du'
hu- 'eh
hii- eh- nih
di- nąą
hih- del- tth'iik
ishyiit
dzih- k'ąą
iin
t'eey
ush- di- nih
tl'uuł
ay
ha- 'įh- chuut
k'at'eey
eh
n- dih- nih
t'eey
her
įį- da'
da- sh- h- nįh- tįį
hah- noo'
na- tsi- deeł
nih- tah
hu- nii- thaadn
ch'a
tl'uuł
eh
s- tsǫǫ
manh
dzi- hel- shyee
mb- aa
hǫǫ
dąą'
a- niit
'
ha- sǫǫ
tth'aak
kah
tl'aan
hǫǫ'
shtedhehxįį
eh- gąy
dih- nąy
da- nįį- haay
dope
those
hǫǫ- chaa
daahindeeł
t'eey
mb- i- na- nii- ch'ak- thät
sh- eł
nuhts'ąy'
shyii
kol
gįį- heey
y- eh- nih
na- nish- shyah
ee- gąy
hu- 'eh- nih
na- tset- deeł
du'
tah
na- tsut- deeł
iin
niithoo'
kah
mbee
hǫǫ- łįį
nih
taa
t'eey
n- eh
h
ay
chąą
hu- ts'ą̈'
choh
ch'i- tth'än'
ha- dogn
dah- nąy
ch'i- tthi'
łuugn
dąą'
dǫ
ishyiit
itenayh
duugn
i- ts'i- ish- niign
du'
hi- nayh
t'eey
ay
dahdzäł
ch'uh- mbia
nih
ch'a
ha- 'ǫǫ
haa- dał
eh
camp
ch'i- dheh- xįį
hǫǫ
hǫǫ'
hii- eh- nih
t'oot'eey
dhelxiin
a
k'it
where
ch'a
tuu
t'eey
neh
tl'aan
hu- 'ǫǫ
bicycle
ha- shyign'
du'
ishyiit
h- i- d- ish- niih
t'eey
ay.tl'aan
hah- shyign'
chih
u- shyiit
iin
ay.tl'aan
le'
hii- eh- nih
like
t'axoh
ee- day
ay
ąąą
kah
mansfield
shtl'a- tįį'- aał
ay
sh- chil
t'eey
nän'
tl'aan
hah- nugn
naan'
ha- ne'
ayt'oo
eh- chuut
hih- del- tth'iign
tah
manh
jah
įį'eh.tah
i- nii- thįį'
nah- 'an
įį.tat'eey
mb- eh
iche'
k'a
shyii
nee- 'eh
shyiit
dą'
hǫǫ't'eey
they
i- dheh- xįį
hanteey'
sh- aa
dįį- ła'
nuh- ts'ąy
choh
tah
di- nąą
ay
łąą'
dih- k'ąą
yamaagn.teeshyaay
taa- t'oo
eh
t'eey
ti- y- nįh- tįį
ni- jel- nay
ee- 'ąą
eat
uunih
manh
ddhał
n- t'ąy
iin
ninįįthan
ch'ale'
old
nts'ą̈'.t'eey
tl'aan
hǫǫ'
tah
ch'ik'eh
y- eh- nih
t'eey
e- tsah
ch'ale'
t'eey
hįį- xaan
t'eey
y- eh- nih
ni- i- het- dek
dih- nih
nts'ą'
t'eey
ts'iiniin
ishyiit
tah
na- al- tth'ät
ch'aachin'
elih
k'at'eey
dii
dįį- nay
ay
track
ehdänh
än'
ts'eegn
tah
nee'ihuushyaag
m- ǫǫsi'
ay
iin
łan
that
sh- k'a- neh- ta'
na- hin- deeł
k'a
hi- ts'i- ish- niign
hii- eh- nih
eh
da- nįį- haay
ishyiit
du'
duugn
iin
tah
ch'ale
about
doctor
ahą
iin
ch'a
iin
dineey
y- eh- nih
kah
dąy
u- 'aat
tag
ts'exeh
hǫǫ't'eey
tthi- nįį- haay
t'eey
eh
heh- tsįį
y- eh- nih
hu- ch'a'
tsät
sh- aak'ay
kah
ay
eh
lah
ay.tl'aan
duk
ts'iikeey
ay
sǫ'
hǫǫ't'eey
k'įįy
ina'
ch'ale
niik
u- tl'a- ts'įį- dlay
martha
nih
s- tsǫǫ
hu- shyi'
t'axoh
det- shyaak
da- nah- deeł
ha- na- hu- h- taa- łeeł
scottie
kind
ch'a
di- che'
hǫǫ't'eey
'
kessler
eh
hanuhts'ąy
du'
shyah
t'aat
ak- nayh
yi- tet- mbah
na- tush- shya'
dee- k'an'
shyiit
eh
nts'ą
eh
i- tee- mbaat
ntsiin
n- ee'eh
ni- i- tih- daał
na- shyiit
įh- dlaan
ay.eł
tuutįįł
xeeł
ch'a
dą'
you
na- hin- deel
n- tak- dayh
nän'
ishyiit
dineh
dą'
calvin
ishyiit
nih
tii- haak
kind
hǫǫ- nąy
tagoh
nih
u- kąy'
ay
hǫǫ'
k'a
na- ti- dhih- shyah
ah- däł
jah
nii- thoo
hu- tee- łe'
t'eey
ishyiit
ła'
i- dii- tth'ak
nel- jit
t'eey
nuun
and
nts'aa'
thüh
du'
ay
xah
ts'ą̈'
tah
na- tįį- 'aagn
k'eh
del- gay
nats'iholndak
arthur
nahk'ade
nih- tthiił
nest
ni- thaad
taagoh
nih
du'
i- dheh- xįį
and
sta- a- het- dek
aa- 'aał
t'eey
eh
tl'aan
hudzaltth'i'
ni- 'ih- haagn
dii
ay
dzii- tth'ak
ntl'a'ihtąą
hii- ts'e- het- niign
dą'
of
eh
ayt'oo
na- tdeh- nąyh
ts'änh
ay.tl'aan
i- dzaa- niił
ay
shyiit
ay
dineh
and
k'at'eey
ishyiit
and
nee- nįh- 'įh
coffee
łuugn
tl'uuł
ch'a
hu- 'i- chi- jel- nih
k'at'eey
tel- tthät
di- ke'
iin
tl'aan
da- ee- dlah
łahtthagn.nts'ą'
i- tal- ch'ee
jin
di- 'aat
du'
ay
suu
y- eh- nih
tthi- nįį- tthayh
ay
chih
huu- nday
uu- deh- xoł
shiy
nił- hi- 'u- del- kanh
hǫǫ't'eey
łą'
na- het- ndeek
kon'
ha- a- at- shyah
ishyiit
hiinaadał
the
įį'eh.tah
nan'
dą'
xah
tah
eh
dąą'
dzel- xoh
teejuh
chaay
dineey
nahugn
gǫǫ
ndee
t'eey
naadlih
ay
tah
natetdaak
iin
ts'iikeey
s- tsǫǫ
nee- 'eh
dhak- xįį
ayt'oo
shyiit
eh
hee- dlah
du'
kah
hǫǫ- heey
łat
know
ha- na- 'üüt
ddhał
nił- 'ehłaadn
ay.tl'aan
dänh
eh
huh
ts'ist'e'
dineh
sing
uudih
ch'ale'
twenty
dą'
and
tsin'įį
tl'aan
tah
tah
hih- taa- dįįl
kelahdzeey
hu- nįį- t'ay
a- dogn
ni- nįį- shyay
hoodah'aayh
y- eh- nih
iin
gǫǫ
ts'iikeey
aan
du'
t'eey
ay.tl'aan
xah
y- eh- nih
dii.xah
ts'exeh
tl'aan
hut- shyaagn
nt'eh
yideltsak
ch'i- nąą