prla
kx
mz
mz
zbq
nrlc
mq ==de
zbz
na- rlasz ==pe ==lr
drtwr
amrlx
kru
peto
lcde pwz
nim
nzwr ==de
lr ==dr
x
lcng
badr
trpu
kx
opxm
bxli
mrlcde
mc ==x -ngq
mrlcde
lrpzu
ma
pr -o -tx ==kr
pulis
sc==
kx etu
kz
kx
ncu
kx
ka -mq ==le
mz
x
mz
r
mz
tz- mc -ngr
mz
tq- r- kawi -ti ==kr
trmctu
tz- wrkxtr ==pe ==ngq
dzbe ==de
skul
kx
lrlvz
tq- a- mznr ==pe ==le
luk
tr ngi -u
na- vz ==ø
lcsu
tq- a- su ==pe
sc==
tq- pi ==me
mzli
sc==
nctq
drtq ==de
dril
badr
leplz
mzli
bade
tzsiu
kcma
mya -sz -px ==le
bot.
nzryrngr
lrpz
wiki
madxi
nounc
mz
nz- mwible -ti ==lr
trpnzngr
zbz
mz
ncu
mz
ngr
nz- alvztr -ngr
kx
a'
kx
trpaliki
naonrx
murde
li
x
mz
kampi
mz ==ke'
badr
sc ==de
esz'
kzdq
gwalekana
nyz ==gr
kcng
yiz
li
mz
x
ngr ==de
gct
kx
nz- ka -o -bz ==lr ==le
ela ==kr
tq- ycmne -mq
sc
mz
buk
mz
x
gct
na- yrbq -tx ==pe
a'
mz
na- vo -bz ==kr
peao
topla
menabz
tq- etu -ne -px ==pe
nimu
mrkc
nz- vo -mq ==ng
bange
tz- ka -bz
nidr
mz
doa
trte ==nge
nyz ==gr
trte ==nge
newz
mztq
lzm
mz
ilztrkalr
x
pct
murde
lcsu
lr
mz
nzwr ==de
vea
mz
sc==
tq- r- kq -ti ==pe
mz
kx etu
mama
newz
nz- suti ==pe
krlz ==pe -bz ==kr
kx etu
mz
mzle ==nge
nz- a- vo -bz ==lr
zbz
na- li
kx
na- pi -mq ==le
drka'
na- vz ==ng
mz
nz- r- yrla -ngr
tr takitr -u
temz
tq- twz ==pe
kx po
kx
x
bange
saemon
txpwz
sc==
kzble
sc==
x
newz
nigr
julae
nigr
neimr
tq- poo ==pe ==x
tq- yrni -mq
badr
nz- alvztr -ngr
merikz
pawa
nike
krikit
sc==
mz
mz
nide
mz
menabz
drtwr ==gr
lcdeng
nz- tave -tr
mama
tq
lcng
nibr ==de
doa
aogzs
yzu -tr ==kr
bea
drtc'
lue
x
kx
r- pi -bz ==le
x
da
ngr
kz
kcng
drtc'
ma nyz ==de -ngq
li
mz
dq
tq- a- oti ==pe
a'
tz- rpi ==pe
nzmu
x
kx
narlue
nz- lvc -kr
x
tz- rtctx -ngr
x
na ==gr
nzlvqn
utc
nz- rtwz -ti -mq ==ng
lc
kra- li
na- siklu ==kr
mz
kcma
na- li -ngq
mnc -ti ==x
nc
drtwr ==nge ==le
dztu
x
murde
tq- kle ==q
lr
nz- mc -o -mq ==lr
kx
ncblo
r ==gr
r- pi ==pe -mq ==le
mz
na ==gr
murde
nounc
lr
skul
bz -tx ==pnz
sc==
lxe ==de
nra ==dr
r- pi -mq
sc==
gct
xlr -bz
x
tr ngi ==ø -u
x
mibiz
yc ==pe
natq ==gr
drka'
dc -plx -ti ==pe
daniel
zbz
li
x
r
nyz ==gr
kx
tz- mnc ==pe ==ng
nz- r- pi ==lr
bagr
x
temz
trgalr
nigr
dakxnzng
mrkc
kx
brlrmei
kxbq ==gr -ngq
na- o -ki ==lr
lrpzki
mz
trmctu
nigr
elr
mz
mz
r ==gr
murde
ngr
nz- glq -px -mq ==lr
tr yrplati -tr -pz -u
lrtzlvz
lr
toki
bagr
r
zbz
zbq
tq- wq ==pe ==ø
tq- ale ==kr
mz
mz
kx etu
xlr -bz ==le
mz
lr
mz
nz- r- yzu -tr -ngr
madxi
nike
lc
a'
vz -o -mq
tq- r- pi ==pe -bz ==le
murde
elr
jon
tr pi -mq ==q -u
tz- mc ==pe
sport
lc
ngr
nagu
nim
bx
yrkr -px -bz ==ø
bagr
elr
tz- mwi ==pe ==ng
be
vz -mq ==le
esz'
r- pi -bo
mz
na- vz ==ø
nounc
na- r- lz
kzble
x
x
lcng
nyz ==dr
mzli
nc
lr
nz- mnc ==lr
mrkc
pla -mri -lz -mq ==le
bange
temz
r ==dr
kx
drtwr ==mq
vo -mq
kqlu
mrlcde
kx
nzryrngr
nanyc ==de
dzbe
mz
skul
tz- yc ==pe -ngr
lcng
lc
daniel
lr
rpwxmz
mnc -ti ==x
yrkr -tx -o ==ø
yiz
bot.
tr nz- mnc ==pe -u
nz- vz -px -mq ==ng
rum
kra- pwx
a'
mz
drtwr ==de
mnc -ti ==x
doa
r- wz -ngr
doa
peto
r- pi -mq ==le
ncbr
kcng
neboi
nibr ==de
x
sc==
tq- nge'o ==kr
kx
skul
kx
krlz -bz ==le
sc==
tr nz- mneti -u
natq
lcng
kx
sc==
nzmq
sc==
mz
ma
nidr
nyz ==dr
natq ==de
kx kqlu
trte ==nge
tq- pi ==pe -bo
x
kx
vzne ==kr
nz- mu ==lr
xpe ==x
badr
bz
mz
nou
x
doa
auki
leu
r ==gr
kx
da
pxi -tx ==ne
sosaeti
temz
vo -mq ==o
sc==
ncblo
delc
sc==
peto
wisol
mz
mz ==ke'
nz- kqlu
kcng
kx
pawa
kcng
lc
sc==
tq- a- pq -tr -mq ==le
zbq
dzbi
nzryrngr
kx
mrbcnepwz
r- yr ==kr
nabz
josip
tq- rtqmz
sc==
prki
nz- r- pi -mq ==lr
x
josis
sc==
x
nz- pwr -ngr
letz
trte ==nge
li
tq- r- pi ==pe -bz ==le
kx
lcsu
tr lrpr ==kr -u
mrkc
kaputrpq
x
kx kqlu
rlimz
mz
amrlx
bade
r- pi -bo
nqni
a'
nz- wz -ngr
nz- mc
kx
savo
mqngr
kx
kx esz'
mou
mrlcde
murde
na- tekqtr ==le
ncdr
nide
na- rlx -tr -bz ==kr
tq- yrlq ==pe ==le
lcdeng
bq
kcng
nar
nc
x
kzpten
tzsiu
tq- male ==le
nrlar
kx
disebz
kz
nigr
mzdxmingr
x
murde
ngr
kx etu
xlr -bo
r- pi -mq
krlz -mq ==le
yiz
nourla
a'
nz- r- tekqtr -ngr
yiz
x
mz
nz- xlr -mq ==lr
mzli
a'
badr
mrkc
lc
bznwz
kcng
x
ngr
mzlir
mz
tq- yr -mq
ayrnr
x
kx
lika
lc
mz
tq- yrkr ==pe -ngr
sc==
x
ngr
nz- a- trka -ti
kx
luga
ma
tq- tu -tr -mq
esz'txu
drtq ==de
kx esz'
x
dapu
kx
ncbr
me
elr
nz- mc
jon
tzlede
josip
ma
kx
x
vz -bo
vo -tx -tr
wiki
tq- kcblz -px -ngr ==ø
nrwx
r- li -r
kx etu
r- pi -bz ==le
kx
yrkr -px -bz ==ø
mqngr
na- yapwx -ti -mq ==le
lc
metalo
da
nrlc
mz
nz- yr -bz
nibr ==de
bagr
luga
sc==
mrvr -lz ==pe -mq
merikz
kx
elr
murde
ngr ==de
sc==
bzkq ==pe
kx
tq- dwa -tr ==pe ==kr
prla
drtwr ==de
mama
kx
tq- yapwx -ti ==pe -mq ==le
lr
trlipu
melomate
sade
kr- lc
nea
mzli
mz
nigr
mz
yc
nra
kx
nz- ngq -ti -tx pwz
nidr
menabz
be
amrlx
nc
sc==
x
kzdu
mz
oti -tx ==ne
murde
mz
x
eroplen
r- pi -bz ==le
mz
bagr
kx
zyagox
tq- miglq -px ==pe
kx
murde
tq- wai ==pe ==x
nc
kx
badr
kx
kx
rpwxmz
mzli
vaol
nibr ==de
mz
kx
x
mz
dckrlzde
kx etu
x
x
ma
nqni
lcde pwz
mz
mz
dakxnzng
sc==
nz- prtilz ==lr
mz
ngr ==de
kx
tq- mc -ti ==ku -ngq
mqngr
ncbr
mz
kx prki
r- male
nzlqwc
elr
mz
lue
japan
mz
x
kx
mz
kcng
tq- mnc ==pe ==kr
mrlz
yrkr -px -bz ==ø
kalrla
tr nz- xpe ==gr -u
nabxbz
ni ==gr
nz- abrtz -ngr
rtqmz
yrpla -tr -ngr
xlr -bo
nea
tq- vz ==pe -mq
a'
mnc -tx ==pe ==ø
ne
nqmq
kx
trte ==nge
taplxsr ==gr
badr
mz
bznwz
mz
leplz
nrlar
tq- ale ==pe ==x
kros
nz- tave -tr ==lr
nigr
sc==
x
nqmq
nepi
nz- r- tekqtr -ngr
a'
me
amrlx
badr
kx
mz
kcng
tq- mznr -tx ==pe
nar
sc==
bom
x
dckrlzde
nzlvqn
nigr
da
merikol
kx tq
lwovz
lcsu
neke
na- do -tx -o -mq
skul
leplz
kx topwz -ne
mz
trmctu
x
rum
vaol
mzli
mzli
bzkq
kx
sc==
kzdq
nigr
kzdq
mz
nzryrngrkxtr
sc==
kz
nepi
murde
sc==
trmctu
x
r
x
mz
nrlc
badr
ngr
nz- a- glq -ngr
nabz kx tr
mz
sc==
zbq
japan
zbq
mzlwe ==de -ngq
bisop
r
na- ngq -tx ==kr
na- ngi
x
mz
kx
murde
boe
bq ==pe
rlru
ngr
kx nz- ela ==ng
kru
vo -tr -pz ==kr
pna -ti -bz ==kr
mnc -ti ==kr
gwalekana
mz
ma==
tr pas ==x -u
nebz
nzli
badr
drtq ==de
kx
dzbr
r- pi -bo
kio
tq- dwa -tr ==pe
kcng
skul
drtq ==de
wisol
badr
mz ==te
kio
mqngr
kru
krkc
kc ==pe
x
x
mz ==ke'
nz- mc
skul
da
leu
r ==gr
twz -tr ==kr
sc==
se
kampi
kcng
nz- r- male
lrlvz
bade
r
nz- wz -ngr
madxi
lcsu
leplz
li
badr
sezman
pxi ==ø
tq- twz ==x
lcng
na- yr
ne ==dr -ngq
mrtu ==pe
nc
tq- ale ==le
ncbr
kcng
kx
mz
zbz
skul
kcng
ncdr
tq- li -tr ==pe -bz
dxvo
krlz -bz ==le
mz
julae
mzli
ma
jiszs
mclr ==gr
kzdq
lcsu kx lvc
lika
ne ==dr -ngq
kcng
wop
nyz ==dr
na ==gr
elr
drka'
badr
badr
x
akes
na- vz ==kr
kx
zbq
x
kqlu -tx
etu
r
x
drtq ==de
badr
kai
mz
r- pi -bz
krla
pripekt
teomo
nabr
mou
nz- kapx -mq ==lr
yc
mz
lrlvz
kx etu
trte ==nge
stoa
ne ==gr
tz- lunyao -ngr
sc
leplz
x
nidr
nz- tq
tq- vz -bz ==kr
tq- vo ==pe ==kr
kcng
lr
zbz
mz
lc
nz- mnc -lz -bz
nigr
drtq ==de
na- ngi
nidr
kq
mz
mz
kipo ==pe ==kr
nyz
kzdq
kcng
nigr
ncblo
mc -bz ==kr
tabao
kx pq
mrka
nz- wz -ngr
yiz
ka
mzli
elr
na- ngi
abrelz
yaluli
kcmiti
bagr
kx
ngr
nigr
nanyc ==de
kxpipz
krlz -bo
yc -mq ==ø
tq- vz ==pe -mq
badr
tq- r- pi -mq ==le
doa
bagr
mz
merikz
tewa