si#relpro
ndak#not
si#relpro
me-#TO.DO.... masakhakat#sharia
si#relpro
khut#also
si#relpro
me-#TO.DO.... babe#to.carry ==ne#=3SG
nomokh#number
natam#Natam
men-#ACTIVE.VOICE andai#acquainted.to
khut#participate
ame#mother
tekh-#ABILITATIVE jadi#to.become
niat#intention
khang.tue#PARENTS ==ne#=3SG
me-#TO.DO.... juang#to.struggle
sang#class.person
kane#so
penangkau#pickpocket
enggo#done.(finished)
te#and
[...]--#RDP nyate#clear
akhi#from
khaje#king
khang.tue#PARENTS
ndokhsah#Muslim.house.of.worship
se-#SUPERLATIVE baik#good ne#SUPERLATIVE
wayang#very
men-#CAUSATIVE afsikh#to.interpret -ken#CAUSATIVE
lah#emphasis
si#relpro layakh#sail
ganteng#handsome
sang#class.person
khut#also
sendikhi#alone
si#relpro
madhe#negativizer
si#relpro
bage#such.as
mame#uncle
keluakhge#family
bahwe#that
iye#3sg
buah#one
sesoh#on.arriving
tepat#just.right
nemu#to.be.able.to
anak.khu#GIRL
4-5#4.5
ni-#PAS.TR tukokh#buy ==lah#=FRONTED.ELEMENT
ke-#CHARACTERSTIC.OF gembikh#happy -en#CHARACTERSTIC.OF
angkat#pick.up
negkhi#nation,.country
ni#in,.at.(space)
sendikhi#alone
ni-#TRAN.PAS kakhunia#blessing -i#TRAN.PAS
pesisikh#coast
m-#ACTIVE.VOICE ahan#to.produce
si#relpro layakh#sail
sekali#once
kenin#YOU.(FAMILIAR)
penduduk#citizen
sikel#will
tekh-#ABILITATIVE cape#attain,.reach
sedang#in.the.process.of
endak#not
bakhu#just lah#emphasis
edi#that,.those
nemu#to.be.able.to
hal#thing
ngo#done.(finished)
tadi#just
bagien#part ==ne#=3SG
jabate#position ==ne#=3SG
malet#neg
kane#even.(also)
untuk#for
mampu#to.have
salah.sebuah#ONE.OF
kakhene#because
jume#ricefleld
hadih#THERE
keluki#eagle
bene#lose.something
tebe#TOWARD.(A.PERSON)
alas#alas
ni-#PAS.TR lindung#to.shelter -i#DURATIVE?
khaje#king
gukhu#teacher
sang#class.person
khase#feel,.to
sedih#sad ==ne#=THE
sikel#will
namun#but
ke-#NOMINALIZER lahekh#born -en#NOMINALIZER ==ne#=3SG
se-#ONE kalak#person
tege#merciless
kobo#water.buffalo
sikel#will
ni#in,.at.(space)
gayo#Gayo
ndak#not
bakhu#just
mey-#CAUSATIVE ikham#to.wash -ken#CAUSATIVE
ise#who
[...]-#VARIETY ikhing#to.travel.in.a.group -en#NOMINALIZER
me-#TO.HAVE.... [...]--#PLURAL bulan#month
anak#child
ketang#rotan
ni#in,.at.(space)
te#and
waktu#time
balepetake#calamity
baba#to.carry -i#REPEATEDLY m-#TRANS balik#return.home,.to
abang#brother,.older ==ne#=3SG
kalihen#very
sendikhi#alone
kalak#person
tekun#diligent
kau#2sg
mampu#to.be.capable.of
tanoh#land
si#relpro
untuk#for
si#relpro layakh#sail
ogek#not
mange#yet,.not.yet
si#relpro layakh#sail
te#and
amin#only
balik#return.home,.to
kawin#to.marry
umukh#age
te-#ABILITATIVE jekhang#to.cook
anak#child
aku#1sg
hakhte#wealth
nakan#rice.(cooked)
angote#member
edhi#that,.those
ni-#PAS.TR lajang#single -i#IMPERATIVE
enggo#done.(finished)
ogek#not
ke-#NOMINALIZER khaja#king -en#NOMINALIZER
te-#ABILITATIVE tandok#sit.down,.to me-#TO.HAVE.... sile#cross.legged.position
ate#heart
begedi#like.that
kane#so
sebenakhne#actually
anak#child
pakhah#serious,.severe.(of.problems,.illnesses,.etc)
si#relpro
sikel#will
untuk#for
nangat#desire,.to
khang.tue#PARENTS
peng-#PERSON.WHO.HAS.... uase#power
pakcik#uncle ==ne#=3SG
sebagae#like
nimai#to.wait
ni.mai#to.wait.for
mem-#CAUSATIVE utus#to.be.certain -ken#CAUSATIVE
pekhbuat#to.do
tuan#master
sebuah#one
ende#this
pe-#PERSON.WHO.DOES.... lawat#to.visit
engo#done.(finished)
laki-laki#male
==ne#=3SG
bungki#boat
dhunut#grime ==ne#=THE
baso#yellow
laki-laki#male
pade#on.(of.dates)
salah.sebuah#ONE.OF
te#and
te#and
jahat#evil ==ne#=3SG
kane#even.(also)
ulang#do.not!
ende#this
ng-#ACTIVE.VOICE gakhem#to.search.for
kalak#person
begedi#like.that
ni#in,.at.(space)
betah#to.feel.at.home
ke-#NOMINALIZER khaja#king -en#RECIPRICAL
tawe#laugh,.to cikhem#smile,.to -i#REPEATEDLY
aku#1sg
singkil#Singkil
te#and
khaje#king
sebuah#one
gukhu#teacher
bekhu.dinam#BRU.DINAM
waktu#time
manuk#chicken
benakh#true
kawin#to.marry
iye#3sg
n-#TO.GO.TO.... datas#top
balik#return.home,.to
kau#2sg
sayukh#vegetable -en#VARIETY
==ne#=3SG
lawe#river ==ne#=THE
iye#3sg
setekhusne#continuing
jeme#person
bhekhas#rice.(uncooked.grains)
bhe#to,..toward.(a.place)
oyek#no,.not.(of.nouns)
ke-#CHARACTERSTIC.OF bahagie#happy -en#CHARACTERSTIC.OF
khut#with
sah#legitimate
tipu#trickery daye#energy
ni-#PASS.INTR ingin#to.want -ken#CAUSATIVE
si#relpro
alas#alas
me-#ACTIVE.VOICE khase#feel,.to
hambe#servant
anak.laki#BOY
ke-#NOMINALIZER hebat#great,.formidable -en#RECIPRICAL
madhe#negativizer
balik#return.home,.to ==lah#=FRONTED.ELEMENT
te#and
akhi#from
tanoh#land
bahwe#that
nge-#CAUSATIVE laus#go -ken#CAUSATIVE mece#to.read.holy.books
edi#that,.those
bhe#to,..toward.(a.place)
wakhi#day
kahkhene#because
kalak#person
ni#in,.at.(space)
si#relpro layakh#sail
si#relpro
se-#ONE bage#such.as ==ne#=3SG
dhahi#to.pick.up.(something) -ken#IMPERATIVE
te#and
==ku#=1SG
ciduhken#display,.to
nak#child
usahe#effort
ni-#PASS.INTR laus#go mece#to.read.holy.books -ken#PASS.INTR
de#if
ingin#to.want -ken#TRULY
mem-#ACTIVE.VOICE asti#sure -ken#CAUSATIVE
khut#with
ngo#done.(finished)
ulang#do.not!
sikel#will
wakhi#day
bekhu.dinam#BRU.DINAM
nange#again
ni-#PAS.TR tekhus#to.continue -i#REPEATEDLY
nange#again
uan#father
aku#1sg
kute#city
wakhi#day
tebe#what.happened
nange#again
me-#TO.HAVE.... dalan#road
te#and
selame#the.time.of
te#and
pakcik#uncle
khut#with
kalaki#3mp
anak#child ==ne#=3SG
madhe#negativizer
sikel#intend,.to
ke-#NOMINALIZER khaja#king -en#NOMINALIZER
sebuah#one
de#if
pagi#tomorrow
ni-#PASSIVE khagu#doubtful -ken#PASSIVE
abhang#brother,.older
anak.laki#BOY
niat#intention
woi#woi
mbue#many
si#relpro
oleh#by
apelagi#furthermore
bekhu#wife ==ne#=3SG
ie#3sg
aku#1sg
men-#CAUSATIVE indekh#to.build -ken#CAUSATIVE
si#relpro layakh#sail
malot#neg
licik#cunning
uan#dad -me#EMPHASIS
khut#with
ke-#CHARACTERSTIC.OF biasa#usual -en#CHARACTERSTIC.OF
dukun#shaman
ampun#mercy
pekhtame#first
ende#this
akhi#from
ke-#NOMINALIZER tukhun#TO.GO.DOWN -en#NOMINALIZER
mbue#many
puket#sticky.rice
kekhe#ape
die#while.ago
si#relpro
jeme#person
khut#with
ke-#NOMINALIZER lahekh#born -en#NOMINALIZER
ge#just
ate#heart
acakhe#program,.schedule
hambe#servant
niat#intention
kane#so.that
te#and
mame#uncle
te#and
penduduk#citizen
[...]-#VARIETY buah#fruit -en#VARIETY
si#relpro
ngkhan#Engkeran
sehat#healthy
te#and
baba#to.carry -i#REPEATEDLY m-#TRANS balik#return.home,.to
sedang#in.the.process.of
bekhu#wife
kalak#person
akhikh#the.end ==ne#=THE
ngkhan#Engkeran
kawin#to.marry
pake#wear,.to -en#VARIETY
me-#TO.APPLY.....TO.THE.OBJECT milik#possession -i#TO.APPLY.....TO.THE.OBJECT
meng-#ACTIVE.VOICE embale#shepherd
edi#that,.those
si#relpro
enggi#younger.brother.or.sister ==mu#=2ND.PERSON
bekhite#news
si#relpro layakh#sail
si#relpro
modal#capital
untuk#for
te#and
si#relpro
nawe#spirit
begedi#like.that
kane#so
kane#even.(also)
cinte#love
malet#neg
iye#3sg
khut#with
kate#word -ken#TO.CAUSE.TO.BE.A...
se-#ONE kejap#bline
jumpai#to.find
tanoh#land
ke-#NOMINALIZER hadikh#to.arrive -en#NOMINALIZER
sendah#presently,.nowadays ende#this
kayue#wood
me-#TO.HAVE.... dose#sin
tanya#to.ask
me#to,..toward.(a.place)
tangis#to.cry
natam#Natam
khut#with
ekas#place
pe-#HAVING.TO.DO.WITH... sakhat#condition.(pre.condition) -en#HAVING.TO.DO.WITH...
me-#TO.APPLY.....TO.THE.OBJECT milik#possession -i#TO.APPLY.....TO.THE.OBJECT
uwis#cloth
alas#alas
nemu#to.be.able.to
namun#but
langsung#direct,.non.stop
khut#with ==ne#=3SG
jekhok#conversation ==ne#=3SG
ate#heart
n-#ACTIVE.VOICE ekham#to.kick tunjang#to.lunge
keluki#eagle
ke-#NOMINALIZER teguh#firm -en#NOMINALIZER
khang.tue#PARENTS ==ne#=THE
edhi#that,.those
ng-#ACTIVE.VOICE ulah#behavior
ke-#CHARACTERSTIC.OF jujukh#honest -en#CHARACTERSTIC.OF
nange#again
khut#with
sehinge#with.the.result
untuk#for
bongi#night
pahat#chisel
si#relpro layakh#sail
ahli#expert
me-#TO.DO.... bahan#to.produce
tonge#still
ke-#NOMINALIZER jaya#successful -en#NOMINALIZER
edhi#that,.those
mungkin#maybe
makmukh#prosperous
babai#to.invite ==ne#=THE
deleng#jungle
me-#TO.HAVE.... sekolah#school
[...]--#PLURAL anak#child
kalake#they,.them
peng-#PERSON.WHO.HAS.... uase#power
tepat#just.right
si#relpro
bekhe#nephew ==ne#=3SG
jin#jin
se-#ONE kalak#person
ni-#PAS.TR timai#to.wait.for
engo#done.(finished)
si#relpro layakh#sail
iye#3sg
natam#Natam
si#relpro
babe#to.carry m-#ACTIVE.VOICE balik#return.home,.to -me#POLITE.IMPERATIVE
gayo#Gayo
edi#that,.those
malet#neg
gule#sugar
si#relpro layakh#sail
untuk#for
waktu#time
edi#that,.those
buah#fruit ate#heart
nujum#fortune.teller
khase#feel,.to ==ne#=3SG
tanoh#land
khase#feel,.to
bhone#yesterday
si#relpro
sitok#little.(not.inch)
baik#good
khut#with
kekhan#Engkeran
mampu#to.be.capable.of
edhi#that,.those
padahal#even.though
hal#thing
ie#3sg
sange#until
se.engo#AFTER
te#and
ke-#NOMINALIZER kuasa#power -en#NOMINALIZER
edhi#that,.those
khut#participate
gakham#to.search.for -i#REPEATEDLY
endak#not
si#relpro layakh#sail
ni#in,.at.(space)
ende#this
kue.pe#HOWEVER
si#relpro layakh#sail
edi#that,.those
[...]--#RDP macam#type,.sort
akhi#from
me-#TO.HAVE.... [...]--#RDP deleng#jungle
dapet#get,.receive
khang.tue#PARENTS ==ne#=THE
m-#ACTIVE.VOICE putekh#rotate
pido#request.to.(informally)
wayang#very
si#relpro
edhi#that,.those
khut#with
te#and
iye#3sg
bhaju#clothing ==ku#=1SG
ni#in,.at.(space)
pe-#TO.BE.REGARDED.AS tande#sign
edi#that,.those
tebe#TOWARD.(A.PERSON)
akhi#from
peng-#PERSON.WHO.HAS.... uase#power
aku#1sg
si#relpro
tule#again
ni#in,.at.(space)
iye#3sg
kalak#3mp
mampu#to.be.capable.of
kayu#wood
keluakhge#family
te#and
namun#but
akhi#from
khaje#king
khut#with
kao#you.(hon)
me-#TO.DO.... peluah#let
ni-#PASSIVE kate#word -ken#PASSIVE
sihikh#magic
pakek#to.use
bue#many
te-#ABILITATIVE lantakh#to.cause
tekhus#to.continue
oleh#by
betabe#disaster
bahan#to.produce
waktu#time
telokh#egg
kabakh#news
lah#emphasis
me#for
anak#child
==mu#=2ND.PERSON
edi#that,.those
tebe#TOWARD.(A.PERSON) ==ne#=3SG
malot#neg
laus#to.leave ==lah#=FRONTED.ELEMENT
kekuaten#strength
men-#ACTIVE.VOICE ekhpe#to.strike
meng-#ACTIVE.VOICE angap#to.view.as
si#relpro
bage#such.as
sang#class.person
pengawal#guard
kane#so.that
edi#that,.those
pekhtame#first
mpus#garden
amin#only
si#relpro
mem-#ACTIVE.VOICE babe#to.carry
ni-#PAS.TR bunuh#kill
doe#prayer
angote#member
khut#with
se-#ONE gijap#short.time,.a.moment
malet#neg
ni-#PAS.TR bagi#to.share
saat#time
mame#uncle ==ku#=1SG
kakhang#compose,.write
khut#with
sukhung#to.truly.happen
bekhangkat#depart,.to ==lah#=FRONTED.ELEMENT
anak#child
andinda#younger.sibling
mekh-#TO.DO.... asil#result
adalah#is
anak#child ==ne#=THE
nali#string
lawe#river
gukhu#teacher
negekhi#nation,.country
mame#uncle ==ne#=3SG
si#relpro
[...]--#RDP hewan#animal
soh#until
padahal#even.though
ame#mother
pen-#PERSON.WHO... tekhus#to.continue
dunie#world
si#relpro
khang.tue#PARENTS ==ne#=3SG
mele#embarrassed
madhe#negativizer
bayi#baby
mase#time ==ne#=THE
sang#class.person
enggo#done.(finished)
me-#TO.HAVE.... khiyum#high.emotion
kute#city
macam#type,.sort ==ne#=THE
edhi#that,.those
polisi#police
sistem#system
meng-#ACTIVE.VOICE ekhet#cut,.to
me#to,..toward.(a.place)
madhe#negativizer
tempo.die#PAST.TIME
jeme#person
se-#ONE [...]--#RDP sikel#intend,.to
bumi#earth,.the.world
soh#to.arrive ==lah#=FRONTED.ELEMENT
edi#that,.those
tonge#still
edhi#that,.those
si#relpro layakh#sail
si#relpro layakh#sail
bekhe#nephew ==ku#=1SG
ahli#expert
sekhik#difficult
men-#ACTIVE.VOICE ekhus#to.continue
cuping#ear
tekhus#to.continue
edi#that,.those
[...]--#RDP tanemen#field
pekh-#HAVING.TO.DO.WITH... batas#border,.edge -en#HAVING.TO.DO.WITH...
bekhu#wife
gakham#to.search.for -i#REPEATEDLY
pe-#IMPERATIVE tengkau#to.stab
dapet#get,.receive -i#REPEATEDLY
tule#again
bahwe#that
minum#drink,.to
khate#smooth.(of.surfaces)
ni-#PAS.TR tahan#to.hold.back
sebuah#one
men-#ACTIVE.VOICE bantu#to.help
puket#sticky.rice
dukun#shaman
bekhangkat#depart,.to ==lah#=FRONTED.ELEMENT
ate#heart
ni#in,.at.(space)
me-#TO.DO.... daun#drug,.medicine
ke-#CHARACTERSTIC.OF mejile#pretty.(of.women) -en#CHARACTERSTIC.OF
bahwe#that
oleh#by
hakhte#wealth
si#relpro
jaman.sendah#PRESENT.TIME
tebe#TOWARD.(A.PERSON)
kelak#what.will.come
abhang#brother,.older
soh#to.arrive
peng-#THE.ACT.OF.... kikha#to.think -en#THE.ACT.OF....
kekhan#Engkeran
ampun#mercy
malet#neg
ni#in,.at.(space)
peng-#THE.ACT.OF.... asing#foreign -en#THE.ACT.OF....
kendin#you.(all)
sang#class.person
si#relpro layakh#sail
wakhi#day demi#untuk wakhi#day
laus#go
bali#same
mey-#ACTIVE.VOICE susul#to.organize
pot#to.want
si#relpro layakh#sail
edi#that,.those
khut#with
khimo#tiger
hakhus#must
khut#with
si#relpro
ni-#PAS.TR ato#watch,.look,.see
me-#ACTIVE.VOICE khase#feel,.to
ke-#NOMINALIZER gelisah#worried -en#NOMINALIZER
lebe#first
me#to,..toward.(a.place)
tangis#to.cry
nujum#fortune.teller
lawe#river
me-#TO.DO.... babe#to.carry
si#relpro
tubuh#body ==ne#=3SG
dukun#shaman
te#and
iye#3sg
panggang#grilled
layakh#sail
kane#even.(also)
kalaki#3mp
si#relpro
deyat#rhythm nadi#artery ==ne#=3SG
edhi#that,.those
bakhu#just
tihang#port,.column
siap#prepared,.ready
ke-#NOMINALIZER khoh#come,.to -en#NOMINALIZER
bene#lose.something
khakyat#People
si#relpro
keluakhge#family ==ne#=THE
aceh#Aceh
me-#TO.HAVE.... kehendak#will
bende#to.here
telu#three
m-#TRANS babe#to.carry m-#TRANS balik#return.(go.back)
anak#child
khiwayat#history
ulang#do.not!
bhatu#stone
pepagi#morning ==ne#=THE
ke-#NOMINALIZER tukhun#TO.GO.DOWN -en#NOMINALIZER
wakhi#day
khut#with
te#and
mampu#to.be.capable.of
beliau#3sg.Hon
kami#we.(excludes.the.one.adddressed)
soh#to.arrive
ulang#do.not!
cuping#ear
hanjung#bedroom
edhi#that,.those
ndak#not
sang#class.person
malet#neg
kali#the.time.(that.something.happens) ==ne#=3SG
ketang#rotan
te#and
dikhi#self ==ne#=3SG
alas#alas
bekhat#weight
men-#ACTIVE.VOICE dohokh#to.approach -i#DURATIVE?
si#relpro
men-#ACTIVE.VOICE jadi#to.become
sikel#will
pade#on.(of.dates)
edi#that,.those
edi#that,.those
si#relpro layakh#sail
me-#TO.DO.... pikekh#THINK,.TO
men-#ACTIVE.VOICE jadi#to.become
te#1p
ampun#mercy
se-#ONE kalak#person
pot#to.want
uan#father
ate#heart
takkala#at.the.time
si#relpro
melet#to.intend
sang#class.person
kane#even.(also)
bagi#for
main#to.play
melet#to.intend
mange#yet,.not.yet
ke-#NOMINALIZER khoh#come,.to -en#NOMINALIZER
si#relpro
khencane#plan
si#relpro
bage#such.as
jumpe#meet,.to
tetapi#but
si#relpro
edhi#that,.those
si#relpro layakh#sail
saat#time
sendikhi#alone
sikel#will
tukang#CRAFTSMAN
amek#mother ==ne#=3SG
ahli#expert
te#and
balik#return.home,.to
si#relpro
tetap#to.remain
kado#to.give.a.gift
natam#Natam
edi#that,.those
akhi#from
setekhusne#continuing
ate#heart
anak#child ==ne#=THE
untuk#for
si#relpro
ni-#TRAN.PAS khestu#blessing -i#TRAN.PAS
bakhu#just
ni-#PAS.TR sebut#to.name
me#to,..toward.(a.place) natam#Natam
ingin#to.want
enggo#done.(finished)
te#and
desaken#push
[...]--#REPEATED.ACTION atou#to.look
tekhuh#under ==ne#=3SG
e#that,.those
men-#ACTIVE.VOICE jumpai#to.find
sekolah#school -ken#TO.CAUSE.TO.BE.A...
pemain.sukhi#QUEEN
habis#to.be.out.of
si#relpro
akhi#from
khut#with
jeme#person
bongi#night
men-#ACTIVE.VOICE jajah#to.colonize
tubuh#body
nujum#fortune.teller
due#two
edi#that,.those
ke-#CHARACTERSTIC.OF ganteng#handsome -en#CHARACTERSTIC.OF
engket#enter,.to -i#REPEATEDLY
nange#again
mey-#ACTIVE.VOICE ambut#greet,.to.receive
mate#eye
otomatis#automatic
me-#TO.BE.... tungkuk#arched.back
malet#neg
si#relpro
si#relpro layakh#sail
se-#ONE kalak#person
tule#again
anak#child ==ne#=THE
megah#magnificent
bakhu#new
te#and
men-#ACTIVE.VOICE dapat#get,.receive -ken#CAUSATIVE
mame#uncle ==ne#=3SG
kae#WHAT
peg-#THE.ACT.OF.... ekhok#move,.to -en#THE.ACT.OF.... ==ne#=3SG
masakhakat#community
tihang#port,.column
wakhi#day
ukhus#arrange -en#OBJECT.OF.VERB
tepat#just.right
gakhis#line
enggo#done.(finished)
pade#on.(of.dates)
maksud#meaning
iye#3sg
m#DURATIVE? pangan#eat -i#DURATIVE?
setekhusne#continuing
wakhi#day
aku#1sg
khut#with
se-#ONE sosok#figure
pak#sir
mem-#ACTIVE.VOICE opok#strike,.hit
kane#so
bahan#to.produce -en#OBJECT.OF.VERB
soh#to.arrive ==lah#=FRONTED.ELEMENT
pe-#THE.WAY.OF... takhik#to.pull -ken#THE.WAY.OF... ==ne#=THE
tule#again
si#relpro
kane#so.that
edi#that,.those
tuan#master
tebhu#sugarcane
me#to,..toward.(a.place)
singkil#Singkil
nggou#done.(finished)
namun#but
tanoh#land
muncul#to.appear
pulau.biang#PULAU.BIANG
lebe#portion
kune#HOW?
pade#on.(of.dates)
handhe#here
khaje#king
me#to,..toward.(a.place)
[...]--#RDP uwas#anxiety
me#to,..toward.(a.place)
tule#again
jin#jin
keji#vile
uang#dad
tule#again
keji#vile
khumah#home
metoh#know,.to
men-#TO.GO.TO.... kandung#uterus
cindekh#stand.up,.to
si#relpro
ni#in,.at.(space)
balok#beam
[...]--#PLURAL anak#child ==ne#=3SG
malot#neg
ni#in,.at.(space)
te#and
kase#even.(also)
edhi#that,.those
cekhe#to.divorce
iye#3sg
me-#ACTIVE.VOICE khase#feel,.to
anak.bekhu#GIRL
malet#neg
[...]--#REPEATED.ACTION lompat#jump,.to
si#relpro
kane#so
kalihen#very
tanoh#land
kekade#thing,.item
ni-#PAS.TR tambah#Tambah
bekhite#news
balik#return.home,.to
aman#safe,.secure
wakhi#day
edi#that,.those
untuk#for
pul#after
suke-cite#joy
kakhene#because
tangung.jawab#RESPONSIBILITY
jumpai#to.find
mem-#ACTIVE.VOICE babe#to.carry
made#negativizer khoh#come,.to
bebekhe#niece ==ne#=3SG
galuh#banana
kekhi#finish.off,.to ==ne#=3SG
pahakh#serving.tray
enggi#younger.brother.or.sister ==mu#=2ND.PERSON
malot#neg
aneh#strange
ende#this
ng-#CAUSATIVE gusuk#scrub,.to -ken#CAUSATIVE
ni#in,.at.(space)
kobo#water.buffalo
mbelin#large
babe#to.carry m-#TRANS balik#return.home,.to -me#POLITE.IMPERATIVE
si#relpro
bekhu.dinam#BRU.DINAM
iye#3sg
keluakhge#family
edi#that,.those
kane#even.(also)
si#relpro
sikel#will
saat#time
awe#face ==ne#=THE
edhi#that,.those
lah#emphasis
nanak#children
senang#like,.be.pleased.by ==lah#=FRONTED.ELEMENT
jeme#person
malot#neg
aku#1sg
nakhu#GIRL
segale#all
te#and
pasti#sure
malot#neg
ni-#PAS.TR bunuh#kill ==ne#=3SG
amin#only
untuk#for
si#relpro
kae#WHAT
kabakh#news
kabupaten#county
agup#to.be.capable.of
makcik#aunt
me-#TO.HAVE.... [...]--#RDP tahun#year
adalah#is
edi#that,.those
bekhani#brave
khombong#to.be.a.group -en#OBJECT.OF.VERB
khaje#king
wakhi#day
khumah#home
kami#we.(excludes.the.one.adddressed)
pekh-#HAVING.TO.DO.WITH... batas#border,.edge -en#HAVING.TO.DO.WITH...
endak#not
khombong#to.be.a.group -en#OBJECT.OF.VERB
dekah#old.(of.things) -ne#MEASURE.NOMINALIZER
meng-#TO.APPLY.....TO.THE.OBJECT akhekh#the.end -i#TO.APPLY.....TO.THE.OBJECT
malet#neg
kanda#older.sibling
ge#just
sen#money
me-#TO.HAVE.... page#rice.(plant)
si#relpro
ni-#PAS.TR tumpang#to.somersault kepaling#to.turn
kane#even.(also)
cinte#love
khut#with
tebe#TOWARD.(A.PERSON)
per-#RESULT.OF.VERB gaul#socialize -en#RESULT.OF.VERB
cut#little.(small)
==ne#=3SG
ni-#PAS.TR banding.ken#to.compare
kakhene#because
men-#CAUSATIVE angkat#pick.up -ken#CAUSATIVE
malot#neg
tanoh#land
kekade#thing,.item
mejile#good
hal#thing
edi#that,.those
ni-#PAS.TR dapet#get,.receive
daerah#area
peng-#PERSON.WHO.HAS.... uase#power
pakse#force,.to
sikel#will
ketike#when
untuk#for
mem-#ACTIVE.VOICE babe#to.carry
bakhu#just
senuan#plant
pe#just
daekhah#area ==ne#=THE
khut#participate
ulang#do.not!
sebuah#one
ni-#PASS.INTR lahekh#born -ken#PASS.INTR
si#relpro
si#relpro
kasukh#mattress
te#and
lebe#portion
natam#Natam
laki-laki#male
de#if
si#relpro
tekhagedis#tragic
mey-#ACTIVE.VOICE ebakh#to.spread ==ne#=3SG
sang#class.person
khumah#home
sikel#will
tekhus#to.continue
ntekhen#many.people
si#relpro
ni-#PAS.TR bunuh#kill
te#and
ni#in,.at.(space)
ke-#CHARACTERSTIC.OF yaman#comfortable -en#CHARACTERSTIC.OF
sikel#will
si#relpro
jeme#person
meng-#TO.CAUSE.TO.BECOME... asing#foreign -ken#TO.CAUSE.TO.BECOME... ==ne#=3SG
bayak#rich
me-#TO.HAVE.... usahe#effort
me-#TO.HAVE.... usahe#effort
khaje#king
dikhi#self ==ne#=3SG
mame#uncle ==ne#=3SG
men-#ACTIVE.VOICE pekhintah#to.govern -ken#CAUSATIVE
akhi#from
me#to,..toward.(a.place)
takhus#then
kalihen#very
ke-#NOMINALIZER geluh#to.live.(be.alive) -en#NOMINALIZER ==ne#=THE
si#relpro
khoh#come,.to ==lah#=FRONTED.ELEMENT
se-#ONE kalak#person
tentang#calm
wakhi#day
khut#with
enggou#done.(finished)
men-#ACTIVE.VOICE jadi#to.become
n-#ACTIVE.VOICE dukhuk#to.shift
aku#1s
belanja#a.living -i#GIVE.X.TO ==ne#=3SG
kalihen#very
bahwe#that
sitok#little.(not.inch)
edi#that,.those
akhi#from
wayang#very
n-#ACTIVE.VOICE ading#live.(stay.in.a.place) -ken#CAUSATIVE ==ne#=3SG
panek#upset
tukhang#uncle ==ne#=3SG
dapet#get,.receive -i#REPEATEDLY
laki#husband ==ne#=3SG
ng-#ACTIVE.VOICE alo#to.receive
khumah#home
adalah#is
anak.laki#BOY
ndak#not
me-#TO.HAVE.... goto.khoyong#COOPERATION
dukut#grass
ende#this
anak.khu#GIRL
polisi#police
nakhen#often
megekhogoti#to.gnaw.on
edhi#that,.those
sedih#sad ==ne#=THE
enggo#done.(finished)
edi#that,.those
khut#participate
lembu#cow
si#relpro
alas#alas
ende#this
ni-#PAS.TR jumpa#certain -i#IMPERATIVE
singkil#Singkil
bage#such.as
pahakh#serving.tray
mele#embarrassed
ninik#grandmother
anak#child
bulang#hat
iye#3sg
mem-#ACTIVE.VOICE angku#to.hold.in.lap
iye#3sg
dukun#shaman
khut#with
me-#TO.DO.... dalan#road kiding#foot
waktu#time
amin#only
si#relpro
sang#class.person
idah#to.be.visible
alas#alas
nujum#fortune.teller
alas#alas
bekhu#woman ==ne#=3SG
sikel#will
aku#1sg
jahat#evil
negekhi#nation,.country
edi#that,.those -me#INTENSIFIER
khaje#king
ni#in,.at.(space)
te-#ABILITATIVE bhabhe#to.carry m-#TRANS bhalik#return.home,.to
se.sikel#AS.IF
negekhi#nation,.country
khoh#come,.to
ni#in,.at.(space)
belakang#back
ulang#do.not!
te#and
setiap#every
ate#heart ==ne#=3SG
nange#again
si#relpro
se-#ONE kalak#person
singkil#Singkil
uwak#father
kendukhi#feast
apekah#are?
buah#one
anjam#to.threaten -en#OBJECT.OF.VERB
uwis#cloth
ni#in,.at.(space)
negekhi#nation,.country
lain#other
si#relpro
ampun#mercy
sen#money
gelisah#worried
bagas#variety
tentang#about
m-#TRANS bhabhe#to.carry -ken#CAUSATIVE m-#TRANS bhalik#return.home,.to
ke-#CHARACTERSTIC.OF dauh#far -en#CHARACTERSTIC.OF
ni#in,.at.(space)
penghulu.mude#PENGULU.MUDE
kene#also
anak.laki#BOY
me-#TO.BE.... belin#large
milik#possession -i#GIVE.X.TO
bage#such.as
melaku.ken#TO.DO
ni#in,.at.(space)
alas#alas
nggo#done.(finished)
me-#CAUSATIVE kikhim#send,.to -ken#CAUSATIVE
hasil#result
khincim#even
ke-#NOMINALIZER lugu#innocent -en#NOMINALIZER
tekhus#to.continue
anak#child
tetap#Permanent
mbue#many
edi#that,.those
ni#in,.at.(space)
selese#to.be.finished
tuan#master ==ku#=1SG
khate#evenly
kalaki#3mp
mem-#ACTIVE.VOICE babe#to.carry
anak#child
niat#intention
si#relpro layakh#sail
khumah#home
biakh#fear
kalak#person
aku#1sg
natam#Natam
pe-#PERSON.WHO.DOES.... tani#farmer
tanoh#land
ke-#NOMINALIZER khaja#king -en#NOMINALIZER
anak#child
se-#ONE kalak#person
tebe#TOWARD.(A.PERSON)
sang#class.person
natam#Natam
kendukhi#feast
si#relpro layakh#sail
tebe#TOWARD.(A.PERSON) ==mu#=2ND.PERSON
anak.laki#BOY
khaje#king
ni-#PAS.TR tunang#to.vow.to.be.married -ken#CAUSATIVE
sen#money
ahli#expert
bakhu#new
anak#child ==ne#=3SG
tapi#but
kami#we.(excludes.the.one.adddressed)
awak#waist
khombong#to.be.a.group -en#OBJECT.OF.VERB
khumah#home
kalak#person
tonge#still
pe-#THE.PROCESS.OF geluh#to.live.(be.alive)
si#relpro layakh#sail
te#and
si#relpro layakh#sail
lain#other ==ne#=THE
kami#we.(excludes.the.one.adddressed)
madhe#negativizer
ge#just
malet#neg
si#relpro layakh#sail
ni#in,.at.(space)
amek#mother
engo#done.(finished)
m-#CAUSATIVE putekh#rotate -ken#CAUSATIVE
bakhu#just ==lah#=FRONTED.ELEMENT
ni#in,.at.(space)
laki-laki#male
tekhus#to.continue
khoh#come,.to
amin#only
ulang#do.not!
anak#child
bumi#earth,.the.world
woi#woi
jawab#reply,.to(verbally) -en#OBJECT.OF.VERB
ukhus#arrange -en#OBJECT.OF.VERB
ate#heart ==ne#=3SG
khaje#king
pedagang#merchant
si#relpro
cekhane#metal.tray
tekh-#ABILITATIVE jadi#to.become
khaje#king
impal#cousin ==ku#=1SG
te-#ABILITATIVE kadang#Perhaps,.probably
natam#Natam
lain#other ==ne#=THE
malet#neg
sang#class.person
ni-#PAS.TR bunuh#kill
tuan#master ==ku#=1SG
si#relpro
khut#with
ngulih#to.return -ken#IMPERATIVE
selame#the.time.of
si#relpro layakh#sail
sendikhi#alone -en#ADVERBIALIZER
nggo#done.(finished)
te#and
kawin#to.marry
sang#class.person
iye#3sg
lebe#portion
puhun#aunt
engkekhan#Engkeran
bebas#free
suakhe#noise
deleng#jungle
akhikh#the.end ==ne#=THE
tekhus#to.continue
nate#to.want ==ne#=3SG
nange#again
men-#ACTIVE.VOICE jadi#to.become
coklat#chocolate
ndape#to.there
men-#CAUSATIVE ading#live.(stay.in.a.place) -ken#CAUSATIVE
pe-#PERSON.WHO.DOES.... tani#farmer
malot#neg
bekhu.dinam#BRU.DINAM
anak#child
untuk#for
se-#ONE kalak#person
men-#ACTIVE.VOICE cube#try
nggo#done.(finished)
ni.jagai#NI.JAGAI
sang#class.person
waluh.belas#EIGHTTEEN
pakek#to.use
khaje#king
singkil#Singkil
tanoh#land
ni#in,.at.(space)
se-#RECIPRICAL tukokh#buy -en#RECIPRICAL
salah.sebuah#ONE.OF
se-#ONE cakhe#way,.method
pas#exactly
bhe#to,..toward.(a.place)
natam#Natam
menuju#towards
ni-#PASSIVE kisah#story -ken#PASSIVE
lahekh#born ==ne#=THE
me-#TO.HAVE.... hak#rights
akhi#from
abhang#brother,.older
mame#uncle ==ne#=3SG
de#if
sendikhi#alone
lebe#portion
etoh#know,.to
nujum#fortune.teller
kase#even.(also)
me-#TO.DO.... daun#drug,.medicine
terjadi#to.happen
bencane#disaster
ate#heart
te#and
nange#again
khombong#to.be.a.group -en#OBJECT.OF.VERB
edi#that,.those -me#INTENSIFIER
khase#feel,.to
khumah#home
amin#only lah#emphasis
luakh#exit
nange#again
side#previously.mentioned
mekh-#ACTIVE.VOICE awat#to.take.care.of
cekhite#story
tukhun#TO.GO.DOWN
khaje#king
ahli#expert
khut#with
te#and
alas#alas
soh#to.arrive ==lah#=FRONTED.ELEMENT
iye#3sg
lembu#cow
de#if
angote#member
pake#wear,.to
khaje#king
oleh#by
munyang#ancestor
khaje#king
iye#3sg
anak#child ==ne#=3SG
khoh#come,.to
te#and
kao#you.(hon)
si#relpro
mame#uncle ==ne#=3SG
hakhap#hope,.to -en#OBJECT.OF.VERB
si#relpro
khut#with
dape#where
segale#all
men-#CAUSATIVE ading#live.(stay.in.a.place) -ken#CAUSATIVE
salah.sebuah#ONE.OF
khoh#come,.to
cangkul#hoe
khaje#king
ni#in,.at.(space)
wasiat#last.request
malet#neg
nahan#later ==ne#=3SG
si#relpro
khut#with
te#and
alas#alas
te#and
kalihen#very
pantas#quickly
bangku#for.me
bende#to.here
edi#that,.those
te#and
enggo#done.(finished)
mame#uncle ==ne#=3SG
tandok#sit.down,.to sile#cross.legged.position -ken#IMPERATIVE
si#relpro
semakin#increasingly
sang#class.person
malot#neg
kakho#Karo
peng-#PERSON.WHO.HAS.... embale#shepherd
men-#ACTIVE.VOICE jadi#to.become
titik#point jump#meet,.to
keluakhge#family
edhi#that,.those
khombong#to.be.a.group -en#OBJECT.OF.VERB
khoh#come,.to ==lah#=FRONTED.ELEMENT
me-#TO.BE.... tahan#resilient
tepat#just.right
endak#not
aneh#strange
malet#neg
pelin#only
sebuah#one
enggo#done.(finished)
pe-#PROCESS.OF nindekh#to.build -en#PROCESS.OF
dukun#shaman
jumpe#meet,.to
[...]--#RDP benakh#true
kakhene#because
namun#but
enggi#younger.brother.or.sister ==mu#=2ND.PERSON
tuak#alcoholic.drink
me-#TO.DO.... gewokhen#to.throw
kabakh#news
pidon#request ==ne#=THE
mame#uncle
malot#neg
malet#neg
meng-#TO.APPLY.....TO.THE.OBJECT hokhmat#respect -i#TO.APPLY.....TO.THE.OBJECT
belantakhe#wilderness
ke-#NOMINALIZER sokhokh#to.be.famous -en#NOMINALIZER
khumah#home
mampu#to.have
semakin#increasingly
oleh#by ==ne#=3SG
laki-laki#male
tubuh#body
jukhang#chasm
kakhine#entire
keluki#eagle
khaje#king
hokhmat#respect ==ne#=3SG
nakkhu#woman
tek-#ABILITATIVE geletak#to.stretch.out
si#relpro
kabakh#news
me-#TO.HAVE.... jabu#family
niwekhe#coconut
bahan#to.produce -i#REPEATEDLY
nange#again
ni-#PAS.TR pinpin#to.lead
sie-sie#useless
amek#mother
me#to,..toward.(a.place)
sikel#will
silah.ken#PLEASE.GO.AHEAD
kekhet#cut,.to -i#REPEATEDLY
ni-#PAS.TR ato#watch,.look,.see ==ne#=3SG
handhe#here
akhi#from
pekhistiwe#event
ganteng#handsome
khut#with
dukun#shaman
n-#TO.GO.TO.... judi#gambling
se-#ONE kelompok#team
sang#class.person
untuk#for
si#relpro
dape#where
tekhyate#apparently
ni#in,.at.(space)
mame#uncle ==ne#=3SG
kae#WHAT
akhi#from
anak#child
n-#CAUSATIVE tukokh#buy -ken#CAUSATIVE
akhi#from
nange#again
oleh#by
modal#capital
men-#ACTIVE.VOICE jage#guard,.to
me-#TO.HAVE.... baju#shirt
delaki#male
lawe#water
si#relpro
dekah#old.(of.things) -ne#MEASURE.NOMINALIZER
meng-#ACTIVE.VOICE inget#remember,.to
nomokh#number
layakh#sail
pekhsi#version
bali#same
jelas#clear
kuling#skin
si#relpro
men-#ACTIVE.VOICE ahan#to.hold.back
jume#ricefleld
meba#to.(a.person) ==ne#=3SG
negekhi#nation,.country
allah#God
soh#to.arrive
namin#only
niat#intention
khaje#king
malot#neg
amin#only lah#emphasis
mejile#good
mang#indeed
pelin#only
si#relpro layakh#sail
te#and
[...]--#PLURAL selikh#concubine
de#if
kalak#3mp
tadi#just
te#and
me-#TO.HAVE.... khamah#boyfriend
si#relpro
bahan#to.produce
mejile#good
nange#again
bekhu.dinam#BRU.DINAM
kane#so
belangkejekhen#BLANGKEJEREN
untuk#for
mem-#ACTIVE.VOICE angan#eat
edhi#that,.those
engek#younger.sibling kandung#uterus
kabukh#blurry
hendak#to.intend
malet#neg
te#and
me-#TO.DO.... kekhet#cut,.to
kelak#what.will.come
nggo#done.(finished)
pagi#tomorrow
kendukhi#feast
patani#farmer
men-#ACTIVE.VOICE jabut#to.receive
anak#child
me-#TO.DO.... dalan#road kiding#foot
adalah#is
ni.hande#HERE
gakham#to.search.for -i#REPEATEDLY
sang#class.person
men-#CAUSATIVE jadi#to.become -ken#CAUSATIVE
kane#so
te#and
akhi#from
pekhintah#order.(command)
te-#ABILITATIVE bege#hear,.to
tanoh#land
ni-#PASS.INTR harga#value -i#DURATIVE?
te#and
me#to,..toward.(a.place)
malet#neg
pajak#tax
te#1p
men-#ACTIVE.VOICE bantu#to.help
amin#only
iketen#tie
pade#on.(of.dates)
si#relpro
edi#that,.those
de#if
dikhi#self
te#and
lemes#limp
uwis#cloth
me-#TO.HAVE.... hak#rights
okhang.tue#PARENTS
mame#uncle
kali#the.time.(that.something.happens)
sang#class.person
malepetake#calamity
si#relpro
amin#only
wakhisen#inheritance ==ne#=THE
ni-#TRAN.PAS segan#lazy -i#TRAN.PAS
singkil#Singkil
wakhi#day
kakhene#because
kalihen#very
pe-#THE.PROCESS.OF bahan#kerja ==e#=THE
me#to,..toward.(a.place)
[...]--#RDP hame#hama
wahai#O
tas#PURSE
mahal#expensive
si#relpro
hal#thing
[c^1][v^1]-#REPEATED.ACTION minum#drink,.to
kakhene#because
si#relpro layakh#sail
me-#ACTIVE.VOICE bahan#to.produce
anak#child
sesikel#AS.IF
aku#1sg
ni-#PAS.TR bunuh#kill ==ne#=3SG
compang.camping#TATTERED
dukun#shaman
bage#such.as
manuk#bird
meng-#DURATIVE? alam#to.experience -i#DURATIVE?
wali#representative ==ne#=3SG
neggekhi#Nagari
de#if
me#to,..toward.(a.place)
iye#3sg
madhe#negativizer
kekhan#Engkeran
ngkhan#Engkeran
gakham#to.search.for -i#REPEATEDLY
sakti#magical
meng-#REPEATED.ACTION adikh#to.arrive -i#REPEATED.ACTION
me-#TO.APPLY.....TO.THE.OBJECT milik#possession -i#TO.APPLY.....TO.THE.OBJECT
izin#permit,.license -ken#IMPERATIVE
pagakh#gate
me-#TO.DO.... lalu#to.pass
mulai#begin,.to
amin#only lah#intensifier
sang#class.person
tuan#master ==ku#=1SG
keluakhge#family ==ne#=THE
kalihen#very
suku#tribe
edi#that,.those
khaje#king
khut#with
kane#so.that
khaje#king
sekolah#school ==ne#=THE
pihak#side.(of.an.issue)
laki-laki#male
khut#with
==ne#=3SG
nakan#rice.(cooked)
akhi#from
engo#have.been,.ever
amek#mother
nujum#fortune.teller
nange#again
[...]--#PLURAL anak#child
soh#to.arrive
ate#heart
edi#that,.those
khaje#king
kute#city
pey-#SOMETHING.ASSOCIATED.WITH... akit#sick
ajaib#magic
khumah#home
malot#neg
ke-#NOMINALIZER khaja#king -en#NOMINALIZER ==ne#=THE
cut#little.(small) ==ne#=3SG
de#if
kane#even.(also)
ekas#place
bakhu#just
khut#with
pe-#THE.WAY.OF... tukokh#buy -ken#THE.WAY.OF...
engo#done.(finished)
anak#child
tading#live.(stay.in.a.place)
khut#with
khaje#king
mende#better
dabuh#to.fall ==ne#=3SG
n-#ACTIVE.VOICE umpang#to.somersault kepaling#to.turn
kane#even.(also)
me#to,..toward.(a.place) khumah#home
natam#Natam
ende#this
si#relpro
sakti#magical
banjikh#flood
pakek#to.use
se.engo#AFTER
malot#neg
kane#even.(also)
oleh#by
kanda#older.sibling
aku#1sg
sang#class.person
amin#only
mungkin#maybe
pitu#seven
istekhi#wife
kanda#older.sibling
oleh#by
oleh#by
bungki#boat
enggo#done.(finished)
gakham#to.search.for -i#REPEATEDLY
amek#mother
malet#neg
kase#even.(also)
te#and
edi#that,.those
ni-#PAS.TR mulai#begin,.to
ni-#PASS.INTR tegu#to.pull -ken#PASS.INTR
se-#ONE tekhus#to.continue ==ne#=3SG
te#and
namun#but
panen#harvest
endhe#it
te#and
se-#ONE kalak#person
edi#that,.those
si#relpro layakh#sail
ni#in,.at.(space)
bage#such.as
uwak#father ==ne#=3SG
ke-#CHARACTERSTIC.OF penting#important -en#CHARACTERSTIC.OF
sekolah#school
ni#in,.at.(space)
balik#return.home,.to
tekh-#ABILITATIVE tandok#sit.down,.to
te#and
n-#ACTIVE.VOICE dabuh#to.fall
mem-#ACTIVE.VOICE ege#hear,.to
kane#even.(also)
wakhi#day
wahai#O
pelin#only
tandok#sit.down,.to me-#TO.HAVE.... sile#cross.legged.position
kane#even.(also)
me-#TO.DO.... limpah#overflow khuah#downpour
si#relpro
ni-#PASSIVE asing#foreign -ken#PASSIVE
deleng#jungle
iye#3sg
si#relpro
pukhih#midvein.of.leaf
khut#with
hasil#result
kanda#older.sibling
ni-#PAS.TR babe#to.carry m-#ACTIVE.VOICE balik#return.(go.back)
kalak#person
nihil#nothing
pekh#HAVING.TO.DO.WITH... cuba#try -en#PROCESS.OF
sang#class.person
khut#with
wakhi#day
khut#participate
iye#3sg
si#relpro
singkil#Singkil
me#to,..toward.(a.place)
kane#also
penamun#bandit
ulang#do.not!
ende#this
aku#1sg
ke-#ORDINAL siwah#nine
anak.khu#GIRL
dakhi#from
mem-#ACTIVE.VOICE unuh#kill
mbue#many
mejile#good
edi#that,.those
kekade#thing,.item
pemain.sukhi#QUEEN ==ne#=THE
mate#to.die
nggeluh#life
sentue#oldest.(child)
abhang#brother,.older
iye#3sg
si#relpro
malet#neg
te#and
ni#in,.at.(space)
usahe#effort
nange#again
se-#EACH ekas#space
si#relpro
anak.laki#BOY
kakhene#because
empus#garden
te#1p
kakhene#because
bakhang#thing
ni.mai#to.wait.for
kao#you.(hon)
edi#that,.those
edi#that,.those
bage#such.as
si#relpro
ni-#TRAN.PAS pesulak#to.invite -i#TRAN.PAS
si#relpro ape#where
men-#ACTIVE.VOICE ukokh#buy
desa#village
[...]--#REDUPLICATION pe-#PERSON.WHO... mude#young
si#relpro
si#relpro layakh#sail
bekhu#woman ==ne#=3SG
pakek#to.use
tekhus#to.continue
khut#with
amek#mother
bhe#to,..toward.(a.place)
mendekhite#to.suffer
khumah#home
khaje#king
seban#wood
anak#child
suami#husband
wakhi#day
me-#TO.HAVE.... daye#energy
kake#sister
edhi#that,.those
ganas#wild
edhi#that,.those
oleh#by
pot#to.want
gane#to.cook
bayi#baby
men-#ACTIVE.VOICE indekh#to.build -ken#CAUSATIVE ==ne#=3SG
kane#even.(also)
si#relpro
nange#again
adih#THERE
beliau#3sg.Hon
pade#on.(of.dates)
se-#ONE kalak#person
singkil#Singkil
me#to,..toward.(a.place)
uan#father
iye#3sg
nakbekhu#woman
si#relpro
me-#TO.DO.... engah.engah#TO.BREATH.HEAVILY
pemain.sukhi#QUEEN ==ne#=3SG
me-#CAUSATIVE soh#to.arrive -ken#CAUSATIVE
suasane#situation
nujum#fortune.teller
te#and
te#and
khe#to.give -ken#TRULY
seban#wood
ate#heart ==ne#=3SG
se-#HAVING.THE.SAME ketike#on.time
edi#that,.those
tekhahikh#the.most.recent
edi#that,.those
tapi#but
tading#live.(stay.in.a.place)
me-#TO.DO.... cekhok#speak
bekhu.dinam#BRU.DINAM
walau#despite
kau#2sg
tebe#TOWARD.(A.PERSON)
mbue#many
me-#TO.HAVE.... doe#prayer
nemu#to.be.able.to
ni-#PAS.TR pinang#to.propose.(marriage)
anak#child
sengaje#to.be.intended
edhi#that,.those
belang#wide,.width
men-#ACTIVE.VOICE cube#try
khut#with
bujuk#persuasion -en#NOMINALIZER
si#relpro
pitu#seven
deleng#jungle
tekhus#to.continue
ninik#grandmother
dikhi#self
khut#with
madhe#negativizer
anak#child
ni-#PAS.TR pido#request.to.(informally)
nggeluh#life
edhi#that,.those
si#relpro
pakek#to.use
pahat#chisel
ie#3sg
de#if lah#emphasis
madhe#negativizer
kami#we.(excludes.the.one.adddressed)
kasukh#mattress
soh#to.arrive
te#and
akhi#from
kelak#what.will.come
khisau#worried
engo#have.been,.ever
me-#TO.HAVE.... baju#shirt
ni#in,.at.(space)
bahwe#that
sikel#will
me-#TO.HAVE.... deleng#mountain
mate#eye
sakti#magical
sikel#will
ni-#PAS.TR pinpin#to.lead ==ne#=3SG
sikel#will
kalihen#very
khut#with
ni#in,.at.(space)
nakan#rice.(cooked)
tekham#to.kick tunjang#to.lunge -i#REPEATEDLY
aku#1sg
handhe#here
ni-#PAS.TR tekham#to.kick tunjang#to.lunge
pe#however
si#relpro
oleh#by
te-#PASS.TR tukokh#buy -ken#PASS.TR
untuk#for
se-#ONE jumlah#amount
bagi#for
ni-#PAS.TR undang#to.invite ==ne#=3SG
keluakhge#family
te#and
ngekhan#Engkeran
geluh#life ==ne#=3SG
lain#other
panganen#food
me-#TO.DO.... cekhok#speak
pen-#HAVING.TO.DO.WITH... dekhite#suffering -en#HAVING.TO.DO.WITH...
mem-#ACTIVE.VOICE bunuh#kill ==ne#=3SG
pesen#to.order.something
dukut#grass ==ne#=THE
sendikhi#alone
penduduk#citizen
ende#this
lahekh#born ==ne#=THE
sang#class.person
me-#ACTIVE.VOICE lawan#opponent ==ne#=3SG
te#and
kayu#wood
mulai#begin,.to
dhahi#to.pick.up.(something) -me#POLITE.IMPERATIVE
sosok#figure
lekheng#bicycle
kayu#wood
si#relpro
peng-#THE.ACT.OF.... ukhus#barren -en#THE.ACT.OF....
ni#in,.at.(space)
me#to,..toward.(a.place)
bhual#lie,.tell.a.falsehood -i#REPEATEDLY ==ne#=3SG
si#relpro
khamah#boyfriend
pekhistiwe#event
meng-#TO.GO.TO.... adep#face
khut#with
akhi#from
me-#TO.BE.... cocok#SUITABLE
n-#CAUSATIVE tumpang#to.somersault kepaling#to.turn -ken#CAUSATIVE
dempik#cry.out,.to
si#relpro
me-#TO.APPLY.....TO.THE.OBJECT milik#possession -i#TO.APPLY.....TO.THE.OBJECT
si#relpro layakh#sail
laus#go mece#to.read.holy.books -me#POLITE.IMPERATIVE
manuk#chicken
malet#neg
nate#to.want ==ne#=3SG
iye#3sg
mahkota#crown
tukang#CRAFTSMAN
anak.laki#BOY
hal#thing
amek#mother
engo#have.been,.ever
penjelasen#clarification
ni-#PASSIVE kakhene#reason -ken#PASSIVE
lebe#first
me#to,..toward.(a.place)
anak.laki#BOY
ie#3sg
bungki#boat
ke-#CHARACTERSTIC.OF ganteng#handsome -en#CHARACTERSTIC.OF
ngekhan#Engkeran
ninik#grandmother
sepasang#pair.of
iye#3sg
khaje#king
ni#in,.at.(space)
amin#only
mate#eye
kune#HOW? pe#also
[...]--#REDUPLICATION sitok#little.(not.inch) ==ne#=3SG
ni#in,.at.(space)
hakhte#wealth
malot#neg
goye#worm
lah#emphasis
demikian#thus
anak#child
ulang#do.not!
tanoh#land
bagi#to.share ==ne#=3SG
khut#with
bali#same
tumpang#to.somersault kepaling#to.turn
alas#alas
toh#to.know
khaje#king
amin#only
khut#with
tukhang#sibling ==ne#=3SG
khut#with
pade#on.(of.dates)
sekhik#difficult
jahat#evil ==ne#=3SG
si#relpro
si#relpro
ni#in,.at.(space)
main#to.play
akhi#from
bage#such.as
mame#uncle
aku#1sg
khoh#come,.to
khaje#king
te#and
saling#mutual,.mutually
sikel#will
bahwe#that
ni-#PASSIVE cakhe#way,.method -ken#PASSIVE
ni#in,.at.(space)
te-#CAN pangan#eat -i#CAN
nomokh#number
khaje#king
kane#even.(also)
anak#child ==ne#=THE
pekhintah#order.(command)
si#relpro
jumpai#to.find
tule#again
enggi#younger.brother.or.sister ==mu#=2ND.PERSON
kukhang#less
kane#even.(also)
pakse#force,.to
kabakh#news
ate#heart ==ne#=3SG
wali#guardian ==ne#=THE
kawin#to.marry
bayi#baby
cuping#ear