tel-#3SG.S:INC:DH.PFV:L. tthät#SG.run:PFV
k'it#on
k'at'eey#NEG
tuu#water
ts'anh#from
shyiit#in
nee-#1PL.P. daategn#AR:between
u-#3SG.PSR. łįįg'#dog:POSS
that#that
sh-#1SG.PSR. dia'#younger.sister
ts'oo#spruce
sh-#1SG.PSR. nąą#mother
dii#what
ts'igąąk#chickadee
na-#PRMB. h-#3PL.S. dįį-#3SG.S:QUAL:AA.PFV:Ø. tįįk#handle.AO:IPV:CUST
ay#3SG
t'eey#ADVZR
elih#cold
hu-#3PL.PSR. tsǫǫ#grandmother
t'eey#ADVZR
hǫǫ't'eey#still
hu-#3PL.PSR. ta'#father
ay.tl'aan#AND.THEN
łuugn#fish
du'#CT
k'eh#like
tsät#wood
k'ąy'#willow
nee-#1PL.PSR. tąy'#trail:POSS
łįį#dog
ay#3SG
hǫǫ'#thus
d-#REFL.PSR. aadeh#older.sister
iin#PL
t'eey#ADVZR
u-#CON. kol#NEGEX
t'oot'eey#although
hǫǫ'#thus
dah-#QUAL:Ø.IPV:2PL.S:Ø. dąy#do:IPV:NOM
t'eey#ADVZR
ni-#TERM. taa-#3SG.S:INC:AA.IPV:Ø. łeeł#handle.PL.O:FUT
sh-#1SG.P. k'eh#following
teeł#be.wide:IPV
ch'i-#DIFFERENT. shyuuy#place
ha-#OUT. ts'i-#1PL.S:Ø.IPV:Ø. łeey#handle.PL.O:IPV:NOM
mb-#3SG.P. aandah#around
mb-#3SG.P. aa#for
tl'aan#and
du'#CT
nee-#1PL.P. 'eh-#3SG.S:Ø.IPV:H. nih#say:IPV
t'oot'eey#but
eh#with
ts'iikeey#children
nąą#mother
ch'a#FOC
y-#3SG.S>3SG.P. eh-#Ø.IPV:H. nih#say:IPV
ts'änh#from
huu-#AR.S:DH.PFV:Ø. dlah#classify.PL.O:IPV
łaakaay#two
ch'ale'#FOC
k'a#NEG
n-#2SG.PSR. shüü#woman's.son
heh-#3PL.S:Ø.IPV:H. mbia#cook:IPV:NOM
eh#and
t'aat#under
dą'#at:PNCT
hu-#3PL.P. xah#for
iin#PL
mb-#3SG.O. ookol#NEGEX
shiy#1SG
łą'#truly
ay#3SG
t'axoh#finally
na-#DOWN. tee-#3PL.S:INC:DH.PFV:Ø. deek#PL.fall:PFV
det-#3PL.S:QUAL:Ø.IPV:D shyaak#happen:PFV
duugn#hereabouts
t'oot'eey#but
h-#?. i-#PP. 'ish-#Ø.IPV:1SG.S:D. nąy#know:IPV:NOM
du'#CT
ni-#TERM. tah-#INC:AA.IPV:2PL.S:Ø. łeeł#handle.PL.O:FUT
di-#REFL.PSR. che'#tail
ch'a#FOC
that#that
t'eey#ADVZR
shyii#in
ay#3SG
de'#if
hu-#3PL.P. he-#3PL.S:Ø.IPV:Ø. niik#say:IPV:CUST
hįį-#3PL.S:Ø.PFV:Ø. tsuul#be.small:IPV:NOM
tl'aan#and
din#those
jign#blueberry
nts'ą'#and
sh-#1SG.O. ǫǫndaa#older.brother
ih-#AA.IPV:1SG.S:Ø. haał#SG.go:IPV:PROG
ndee#where:PNCT
ch'a'#AVERT
de'#if
jign#blueberry
įh-#Ø.IPV:2SG.S:H. nay#taste:IPV:NOM
ch'ishyaan#golden.eagle
ahugn#there
da-#INSIDE. tnel-#INC:QUAL:DH.PFV:Ø. dok#stuff:PASS:PFV
ch'itay#old.man
chih#also
dii#what
ay#and
ay.tl'aan#AND.THEN
hǫǫ-#AR.S:Ø.PFV:Ø. łįį#be:IPV
na-#PRMB. tsat-#1PL.S:INC:AA.IPV:D. dał#PL.go:FUT
eł#when
tthi-#INTO.FIRE dįh-#3SG.S:QUAL:AA.PFV:H. deeł#put.PL.O.quickly:PFV
du'#CT
tąy'#trail:POSS
nts'ą̈'#and
hu-#3PL.PSR. nąą#mother
oh#oh
tsüü#edible.root
kol#NEGEX
ay#3SG
ǫǫ-#OPT:2SG.S:Ø. łe'#be:OPT
tah-#INC:AA.IPV:2PL.S:Ø. dak#PL.go:IPV:CUST
tl'aan#and
jah#here
y-#3SG.S>3SG.P. eh-#Ø.IPV:H. nih#say:IPV
hih-#3PL.S. del-#QUAL:DH.PFV:L. tth'ih#PL.stay:IPV
iin#PL
sts'aki-#IN.CIRCLE. tel-#3SG.S:INC:Ø.IPV:L. tthak#SG.run:IPV:CUST
ay#3SG
na-#CONT. ts'e-#1PL.S:Ø.IPV:Ø. 'aal#eat:IPV:NOM
ah-#NTRL. naat#across:PNCT
na-#IT. aa-#3SG.S:AA.IPV. daał#D:SG.go:IPV:PROG
heh-#3PL.S:Ø.IPV:H. tiadn#PL.sleep:FUT:NOM
y-#3SG.S>3SG.P. eh-#3SG.S:Ø.IPV:H. nąy#say:IPV:NOM
naxat#those
nee-#1PL.P. 'i-#PP. chi-#INDF:3SG.S:INC. nįl-#N.PFV:L. 'įį#hide:PFV
t'eey#ADVZR
nts'ąą'#how
hi-#?. ts'e-#PEJ. het-#3PL.S:Ø.IPV:D. niign#not.know:IPV
nts'aa'#what
hel-#3PL.S:Ø.IPV:L. t'eh#be.number:IPV
tl'aan#and
kon'#fire
tl'aan#and
naan'#across:ALL
k'ahdu'#now
u-#CON. kol#NEGEX
tl'aan#and
iin#PL
sh-#1SG.PSR. nąą#mother
mänh#lake
hǫǫ'#thus
hih-#3PL.S. dat-#QUAL:AA.PFV:D. sąyh#be.black:IPV
diign#do:IPV:CUST:NOM
t'eey#ADVZR
na-#IT. 'in-#3SG.S:N.PFV:D. shyaay#SG.go:PFV:NOM
ay#3SG
ddhał#mountain
uu-#3SG.S:CON:Ø.IPV:Ø. niik#grab:PFV
hu'-#3PL.O. ookol#NEGEX
t'eey#ADVZR
danh#at
sh-#1SG.PSR. nąą#mother
ah-#NTRL. noo'#ahead:ALL
nagn-#QUAL:Ø.PFV:1SG.S:Ø. jit#be.scared:IPV
hii-#3PL.S:Ø.PFV:Ø. tsuul#be.small:IPV
shyiit#in
ena'#no
ti-#OUT. 'uh-#OPT:1SG.S:Ø. shya'#SG.go:OPT
el-#3SG.S:DH.PFV:L. tsiin#appear:IPV:NOM
sh-#1SG.P. aa#to
dii.xah#WHY
nts'ą̈'#and
ee-#3SG.S:DH.PFV:Ø. gąy#be.dry:IPV:NOM
nąą#mother
iin#PL
that#that
ay#3SG
xah#because
t'odįht'ay#God
sta-#AWAY. a-#IT. tih-#INC:AA.IPV:1SG.S. daal#D:SG.go:FUT:NEG
įh-#Ø.IPV:2SG.S:H. tsänh#smell:IPV
s-#1SG.PSR. tsǫǫ#grandmother
ch'a#FOC
hel-#3PL.S:Ø.IPV:L. deel#eat:IPV:NOM
da-#INSIDE. nah-#N.IPV:2PL.S:Ø. deeł#PL.go:IPV
dzänh#muskrat
n-#2SG.PSR. ts'iikeey#children
mb-#3SG.P. aa#for
įį'eh.tah#AS.WELL
ch'a#FOC
na-#IT. 'e-#3SG.S:Ø.IPV. daak#D:SG.go:IPV:CUST
ni-#TERM. nih-#N.PFV:1SG.S:Ø. shyah#SG.go:PFV
mänh#lake
k'at'eey#NEG
ishyiit#there
that#that
nts'ąą'#how
än'#away:ALL
gaay#small
t'eey#ADVZR
k'eh#like
chi-#INDF:3SG.S:INC. nel-#QUAL:DH.PFV:L. 'įį#hide:PFV
u-#3SG.PSR. tth'an'#bone
k'at'eey#NEG
dą'#at:PNCT
ay.eh#AND.THEN
hih-#3PL.S. neh-#QUAL:Ø.IPV:H. tsayh#gather:IPV
hih-#3PL.S. del-#QUAL:Ø.IPV:L. xoo#play:IPV:NOM
na-#IT. 'įl-#3SG.S:N.PFV:L. shyah#handle.PL.O:PFV
dänh#at
da-#INSIDE. tthi-#HEAD. nįį-#3PL.S:N.PFV:Ø. tthayh#move.quickly:PFV
chih#also
k'at'eey#NEG
ts'änh#from
jah#here
nts'ąą'#how
dzel-#1PL.S:QUAL:Ø.IPV:L. tth'ih#PL.sit:IPV
tsät#wood
na-#IT. 'at-#3SG.S:AA.IPV:D. keeł#go.by.boat:IPV:PROG
m-#3SG.P. i-#PP. hǫǫ-#AR.S:Ø.PFV:Ø. łiin#be:IPV:NOM
iin#PL
iin#PL
y-#3SG.S>3SG.P. eh-#Ø.IPV:H. nih#say:IPV
įį-#AA.IPV:2SG.S:Ø. haał#SG.go:IPV:PROG
hǫǫ'#thus
eł#and
ay#3SG
ak-#Ø.IPV:1SG.S:H. tsan#smell:IPV:NOM
hugn#etc.
hǫǫ't'eey#still
nts'ąą'#how
xah#for
ch'itay#old.man
t'eey#ADVZR
ch'a#FOC
n-#2SG.PSR. tsay#grandfather
ay#3SG
ch'-#INDF.PSR. aadeh#older.sister
dii#what
nts'ą'#and
s-#1SG.P. ts'ą̈'#to
na-#IT. ch-#INDF:3SG.S:INC. 'įį-#Ø.IPV:2SG.S:Ø. 'aał#eat:IPV
yamaagn.teeshyaay#YAMAAGN.TEESHYAAY
dą'#at:PNCT
chuyh#down.feather
tsin'įį#thank.you
ay#3SG
nan'#earth
nday#where
ay.tl'aan#AND.THEN
nįį-#N.PFV:Ø. ts'eek#long
ti-#INC. dhih-#DH.PFV:1SG.S:Ø. shyah#SG.go:PFV
di-#REFL.PSR. nąą#mother
that#that
u-#3SG.S:CON. del-#QUAL:DH.PFV:L. kan#be.related:IPV:NOM
hǫǫ-#AR.S:Ø.PFV:Ø. łįį#be:IPV
u-#AR.O. tak-#INC:AA.IPV:1SG.S:H. tsayh#make.SG.O:FUT
ts'-#1PL.S. hǫǫ-#QUAL:QUAL:Ø.IPV:Ø. heey#speak:IPV:NOM
ch'itay#old.man
na-#IT. y-#3SG.S>3SG.O. įh-#AA.PFV:H. tįį#handle.AO:PFV
taatsąą'#raven
du'#CT
hu'-#3PL.O. ookol#NEGEX
ts'änh#from
hiiy-#3PL.S>3SG.O. uusi'#name
u-#3SG.PSR. shyah#house
tat'eey#also
nih#say:IPV
nah-#MED. 'ǫǫ#out:ABL
mb-#3SG.P. aa#for
eh#and
eh#and
da-#INSIDE. nįį-#3SG.S:N.PFV:Ø. shyah#SG.go:PFV
kol#NEGEX
mb-#3SG.P. i-#PP. -#1PL.S. nel-#QUAL:DH.PFV:L. jit#be.scared:IPV
eh-#3SG.S:Ø.IPV:H. sał#holler:IPV
keey#village
ayaa#mean
ay#3SG
sh-#1SG.P. aa#for
hel-#3PL.S:Ø.IPV:L. t'eh#be.number:IPV
shyiit#in
shyąą.t'eey#FOR.NOTHING
ch'a#FOC
u-#3SG.S:CON. del-#QUAL:DH.PFV:L. kan#be.related:IPV:NOM
y-#3SG.S>3SG.P. aa#for
ya-#CONT. he-#3PL.S:Ø.IPV:Ø. dak#PL.go:IPV:CUST
ch'i-#INDF. duu-#3SG.S:QUAL:OPT:Ø. ni'#say:PFV
du'#CT
ts'ayh#boat
u-#QUAL:Ø.IPV:Ø. dagn-#QUAL:AA.PFV:1SG.S:L. dįį'#learn:PFV
ch'ale#FOC
nih#say:IPV
ch'-#INDF.O. ookol#NEGEX
eh#and
i-#PP. dhagn-#DH.PFV:1SG.S:L. nüh#forget:PFV
sh-#1SG.PSR. ta'#father
ni-#TERM. he-#3PL.S:Ø.IPV:Ø. łeegn#handle.PL.O:IPV:CUST:NOM
iin#PL
t'eey#ADVZR
ts'i-#1PL.S:Ø.IPV:Ø. dloo#laugh:IPV:NOM
tagoh#swan
uu-#3SG.S:CON:Ø.IPV:Ø. niik#grab:PFV
teejuh#sympathy
tädn#night
eh-#3SG.S:DH.PFV:H. dayh#shoot:PFV
chih#also
ti-#INC. dįį-#3SG.S:QUAL:AA.PFV:Ø. duuh#crawl:PFV
chih#also
ts'ehkah#plainly
de'#if
eh#and
ay#3SG
ch'a#FOC
u-#AR.S. taa-#INC:AA.IPV:Ø. dįįł#do:FUT
nih#say:IPV
nił-#RECP.P. 'eł#with
k'it#on
ay#3SG
he-#3PL.S:Ø.IPV:Ø. nih#say:IPV
iin#PL
eh-#3SG.S:Ø.IPV:H. nąy#say:IPV:NOM
ts'ał#bush
ah-#OPT:2PL.S:Ø. keet#buy:IPV
ch'-#INDF.O. uh-#OPT:1SG.S:Ø. 'aal#eat:OPT
taa-#3SG.S:INC:AA.IPV:Ø. łeeł#be:FUT
ke-#UP. huu-#3PL.O. 'įį-#3SG.S:AA.PFV:Ø. dlah#handle.PL.O:PFV
dii-#3SG.S:QUAL:AA.PFV. tth'ak#hear:IPV
k'eh#like
ła'#tru
i-#3SG.S>3SG.O. neh-#QUAL:Ø.IPV:H. 'įh#see:IPV
ha-#ADJC. na-#IT. nal-#3SG.S:QUAL:AA.PFV:L. 'ah#extend:IPV
tth'ee#sinew
xayh#spruce.roots
ti-#OUT. xał-#SLED. nįį-#3SG.S:N.PFV:Ø. tąą#handle.LRO:PFV
tädn#night
danh#at
nih#say:IPV
ay#3SG
ch'a#FOC
del-#3SG.S:QUAL:DH.PFV:L. t'al#be.red:IPV:NOM
hu-#3PL.P. xah#for
tl'oh#grass
nts'ą'#and
t'eey#ADVZR
t'eey#ADVZR
ts'el-#1PL.S:Ø.IPV:L. deel#eat:IPV:NOM
ch'a#FOC
nts'ąą#how
tl'aan#and
ts'a-#PEJ. 'el-#3SG.S:DH.PFV:L. tsiin#appear:PFV:NOM
t'axoh#finally
he-#3PL.S:Ø.IPV:Ø. nih#say:IPV
ts'i-#1PL.S:Ø.IPV:Ø. dek#PL.go:IPV:CUST
iy-#3SG.S>3SG.P. eh-#Ø.IPV:H. nih#say:IPV
t'axoh#finally
ch'itay#old.man
kah#for
nts'ą'.t'eey#ADVZR
tet-#INC:Ø.IPV:D. deek#PL.fall:PFV
duugn#hereabouts
tse-#1PL.S:INC:Ø.IPV:Ø. neey#move.nomadically:IPV:NOM
na-#PRMB. tįį-#INC:AA.IPV:2SG.S. daał#D:SG.go:FUT
ni-#TERM. h-#3PL.S. nįį-#N.PFV:Ø. deel#PL.go:PFV:NOM
dineey#people
tay'#again
eh#and
na-#IT. hat-#3PL.S:AA.IPV:D. dal#PL.go:IPV:PROG:NOM
ni-#TERM. i-#IT. ts'-#1PL.S. nįį-#N.PFV:Ø. naa#move.nomadically:PFV
iin#PL
sh-#1SG.PSR. dia'#younger.sister
t'eey#ADVZR
nih#say:IPV
ha-#ADJC. ni-#TERM. t'ah#SG.fly:IPV:PROG
hah-#NTRL. 'ogn#out:AR
nt'eh#ASRT
ha'#SG.fetch:IPV
hii-#3PL.S>3PL.P. shyiit#in
tth'aak#plate
nee-#3PL.S:QUAL:DH.PFV:Ø. hi-#3PL.S>3PL.O. nih#say:IPV
nän#2SG
u-#CON. kol#NEGEX
ts'uu-#1PL.S:CON. dii-#QUAL:I.PFV:Ø. dlay#find.PL.O:PFV:NOM
iin#PL
ha-#NTRL. 'ogn#out:AR
ishyiit#then
łąą'#really
k'eh#like
manh#lake
hǫǫ-#3SG.S:QUAL:QUAL:Ø.IPV:Ø. tl'at#be.expensive:PFV
dindeey#people
t'eey#ADVZR
dii#what
na-#PRMB. h-#3PL.S. teh-#INC:Ø.IPV:H. mbik#flaunt:IPV:CUST
ch'a#FOC
tl'aan#and
du'#CT
el-#3SG.S:DH.PFV:L. tsiin#appear:IPV:NOM
nel-#3SG.S:QUAL:DH.PFV:L. jit#be.scared:IPV
dheh-#3SG.S:QUAL:DH.PFV:H. xįį#kill.SG.O:PFV
t'eey#ADVZR
hugn#etc.
ch'i-#INDF.PSR. dänh#at
nił-#RECP.P. ts'ą̈'#to
shyiit#in
nts'ą'#and
di-#REFL.PSR. nąą#mother
ay#3SG
he-#3PL.S:Ø.IPV:Ø. nih#say:IPV
m-#3SG.P. i-#PP. ish-#Ø.IPV:1SG.S:D. nay#remember:IPV:NEG
iin#PL
dänh#at
s-#1SG.PSR. tsǫǫ#grandmother
tl'aan#and
ts'ehłegn#one
tüh#over
t'eey#ADVZR
du'#CT
ch'ale#FOC
shyi'#meat
ch'ehłiik#song
shyign#down:ALL
tah#at:AR
na-#IT. tset-#1PL.S:DH.PFV:D. deeł#PL.go:PFV
i-#3SG.S:Ø.IPV:Ø. säł#holler:IPV
ena'#no
nee-#1PL.P. 'eh#with
hǫǫ'#thus
di-#REFL.PSR. 'eel'#trap:POSS
dii-#3SG.S:QUAL:AA.PFV. tth'ak#hear:IPV
sh-#1SG.P. ch'anoo'#lots.more.than
hu-#3PL.PSR. ǫǫsi'#name
uudih#all.long
eh#and
sh-#1SG.PSR. ee'eh#maternal.uncle
di-#REFL.PSR. ke'#foot
tah#at:AR
xayh#spruce.roots
eh#and
nts'ą̈'.t'eey#ADVZR
łuugn#fish
nts'¨ą'#to
ch'ale#FOC
kol#NEGEX
tah#at:AR
ch'-#INDF.PSR. aadeh#older.sister
jah#here
sh-#1SG.PSR. ta'#father
eh#and
ay.eh#AND.THEN
u-#3SG.P. dih-#QUAL:Ø.IPV:1SG.S:Ø. nih#say:IPV
mänh#lake
taatsąą'#raven
dį'#do:IPV
tah#at:AR
he-#3PL.S:Ø.IPV:Ø. dąy#do:IPV:NOM
ts'i-#1PL.S:Ø.IPV:Ø. 'iah#string:IPV
nih#say:IPV
ogn-#OPT:1SG.S:L. deel#eat.PL.O:OPT:NOM
ah-#NTRL. naat#across:PNCT
hi-#?. ts'e-#PEJ. het-#3PL.S:Ø.IPV:D. niign#not.know:IPV
laalil#butterfly
ay.eł#AND.THEN
hel-#3PL.S:Ø.IPV:L. t'eh#be.number:IPV
dineey#people
duka'#OK
t'eey#ADVZR
sh-#1SG.PSR. nąą#mother
hu-#AR.S. nii-#N.PFV:Ø. thaad#be.far:IPV:NOM
tah#at:AR
nts'ą̈'#to
iin#PL
del-#3SG.S:QUAL:Ø.IPV:L. xoo#play:IPV:NOM
shyii#in
ishyiit#there
tah#at:AR
ha-#NTRL. shyign'#down:ALL
keey#village
iin#PL
ishyiit#there
tl'aan#and
shyiit#in
ch'i-#INDF.O. deh-#3SG.S:QUAL:DH.PFV:H. xįį#kill.SG.O:PFV
y-#3SG.S>3SG.P. eh-#Ø.IPV:H. nih#say:IPV
hugn#etc.
ha-#OUT. na-#IT. 'at-#3SG.S:AA.IPV:D. shyay#SG.go.PFV:NOM
nih#say:IPV
jah#here
danh#at
ts'i-#1PL.S:Ø.IPV:Ø. nel-#QUAL:Ø.IPV:L. jit#be.scared:IPV
ts'exeh.gaay#GIRL
nahugn#there
hǫǫ-#AR.S:Ø.PFV:Ø. łįį#be:IPV
hǫǫ'#thus
łąą'#really
dhah-#DH.PFV:2PL.S:H. tiat#PL.sleep:IPV
dzel-#1PL.S:QUAL:DH.PFV:L. tth'iik#PL.stay:IPV:CUST
a-#NTRL. dogn#up:AR
hǫǫ't'eey#still