сада
кӏан -зава
вири да -з
лагь -ана
йисус
лагь -ана
хьа на -ч
шоллар дай
пачагь -ни
ки
тухв -ана
хьа на й
тӏ -уьна
ат -ана
талыш
рикӏ
за -з
фу
амукь -да
инсан -ди
къен
ина
вич
концерт -ни
экъечӏа
акъваз -нава
мина
кӏан -зава
ат -ана
хъсан
эрмени -ди -хъ -NULL
идани
гьа
ий -ин
шеъ -ни
ава -з
гьада -з -ни
эвецӏ -на -ша
ин -и -з
а
алат -ана
лугь -уда
ханум а
лугь -уда
за
чубан -ди -н
я
мелим -ди
миграгъ
яхцӏур
чӏехи
пата -л а й
аяр
маса
руш а -в -NULL
абунечияр
муаллим -ди
кьве
ча
хьи
кицӏ
баки -да -NULL
сад
аку
гелягъ на
гьа
инри -з
за
рехъ
гада -ди -н
лагь
ахъа -й да -й
буба -ди -н
вил
кван
ава й -ди
я -тӏа -ни
къван -жи -н
гьич
чна
кӏан да
ки
лагь -ана
по
ама -ш
яхцур @@@
за -з
ара да
машин
пепе
лагь -ана
гаф
буба -ни
эвер -на
гагьат -зава
къе йиф -и -з
хьи
лагь -ана
я
лагь -ана