-in- m- iaah
nu
nda
==a
m- oun
na
==ga
ndah.bas
onsi
m- ouh
turuh
na
lama
diaadn
dia
ou
mah
na
hiti
nubuh
i==
diha
ki- ara
m- oroh
lama
na
na
mekul
==ga
i- ng- elag
bakng
mah
tuadn.umur
ou
meng- olok
pa
ku- tulu -adn
mati
mual
ulu
m- ouh
pah
kaadn
pelanduk
na
m- iaah
melebak
ng- omol
supakng
ndah
m- -insari
dolok
medoot
ou
keng- di
na
ina
m- pihir- m- pihir
ina
oduh
kei
teih
k- esa
-m- -bahus
na
ndah
buh
in- -atad
sohod
kerai
na
ihi
tatakng
peranak
nubuh
m- oroh
-in- giaabm
kaadn
guna
epaat
-em- teis
mu- suat
beig
aha
nubuh
nubuh
uubm
ombok
==ga
n- tuah
aha
rubian
tobol
hei
medoot
==ga
leidn
keng- di
-in- ng- ai
kita