look AOP COND
robber
long IN
then
owner
say AOR
teacher ERG
after
one
then
wish
say AOR
two
but
very
sweetheart
1pl.abs
lightning OBL SB EL
A.LITTLE
pleasant
ha.ha.ha
go AOC
was
springboard
yes
say AOR
picture
want IMPF
1pl.erg
three
boy OBL DAT AND;FOCUS
say ENT
whoever
give IMC
that
attention IN EL
Allah OBL DAT
look AOP COND
two
soil
leader
him.to AND;FOCUS
well
balcony IN ESS
him.to GEN
take AOC
say ENT
and
say ENT
happened PERF
Shahdag OBL GEN
small
Hadji
Nasrullah
down
man PL
no
you.know
cop
say AOR
well
sweetheart OBL DAT
matter
Sabri
story PL OBL SB EL
go AOC
weak
border OBL SP ESS
himself
take INF
of.course
approach NEG
2sg.abs
girl AND;FOCUS
tomorrow
say ENT
outdoors
one AND;FOCUS
valley OBL GEN
boy
us OBL GEN
mount ENT
what
owner
Too
buy AOR
ashuq ERG
UNDERSTAND.AOR
brother AND;FOCUS
say AOC
bring.IMPV
water
take ENT
fortress OBL PT ESS
two
please.do
him.to AND;FOCUS
2sg.abs ERG
open AOC
nation AND;FOCUS