even.(also)
you.(hon)
BOY
and
neg
PAS.TR to.use
like.that
for
direction
poor
relpro sail
TO.HAVE.... school
all
TRAN.PAS lazy TRAN.PAS
only
to,..toward.(a.place)
be,.exist,.have
for
alas
from
relpro sail
BOY
if
mattress
be,.exist,.have
ACTIVE.VOICE to.shift
PENGULU.MUDE
Natam
to.be.out.of
neg
child
fur
will
wood
remeh
from
from
PENGULU.MUDE
NOMINALIZER to.live.(be.alive) NOMINALIZER =THE
WHAT
who
magnificent
participate
tiger
NOMINALIZER TO.GO.DOWN NOMINALIZER
sister
Natam
if
from
heart =3SG
a
live.(stay.in.a.place)
TO.HAVE.... result
THE.PROCESS.OF to.stab
that
strategy
TO.DO.... speak
Natam
land
and
one
king
TO.DO.... to.carry
child
again
calamity
teacher
stone
we.(excludes.the.one.adddressed)
to.arrive
be,.exist,.have
once
very
from
tomorrow
mother
ABILITATIVE to.become
amazed
king
TO.DO.... overflow downpour
we.(excludes.the.one.adddressed)
TO.HAVE.... shirt
meet,.to
such.as
only
ABILITATIVE Perhaps,.probably
even.(also)
uncle =3SG
neg
good
with
exactly
ACTIVE.VOICE to.follow
that,.those
to.live.(be.alive)
ACTIVE.VOICE to.continue
feel,.to
TO.HAVE.... HOUSEHOLD
servant
you.(hon)