diti
saa
simidu
na
buat
ou
leidn
kerebi
keng- di
-i- bori
siadn
kina
nu
kiou
tina
lama
-in- biri -adn
ou
ina
-i- mati
na
turuh
aa
mbat
di
ndah
suad
ina
nya
saa
kerai
dii
na
midua
==ga
na
n- irabm
na
sumbakng
lama
peg- liid
nd== ara
-um- luas
ngu- lubah
lama
n- toudn
di
m- aja
==ga
hei
me- -teirdn
obuk
sugah
ou
ou
na
nu
na
m- id -adn
mual
ndah
ku- lungga -adn
belaha
nge- -laak
libudn
anak
mantad
m- iaah
na
induh
mi- gia
nd== ara
tuni
m- ompodn
bubah -adn
-i- m- ulih
nd== ara
m- panu
na
peg- datakng
anak
nubuh
batag
na
ndah
saa
anak
nubuh
-in- g- anak
asal
na
na
didn
asu
na
londukng
nubuh
puhul
-i- taruh
jadi
nubuh
tintobodn
panyap
gulu
g- ilakng
mudik
si==
ali
hei
bas
induh
bonggi
ndah
na
londukng
ndah
singgurua
m- ihit
lana
su- suad
anu
pusud
induh
ki- ara
m- buat
kuiih
m- oduh
in- iit
n==
na
bali
bulei
di
nu
na
nubuh
kuhu
tietah
ki- ara
nubuh
di
na
diti
uu
beig
na
na
m- panu
i- k- aap
-i- puduh
na.haah.na
lama
guai
mati
kapak
tuni
saa
induh.amah
gorokng
amah
ba
n==
==ga
bakng
na
domon
n- aadn
na
asal
na
n- dedi
na
lama
nu
pelanduk
nd== ara
na
buh
m- ulih
mu- sulukng
buaidn.lima
urakng
==ga
na
-i- p- -tabukng
si==
i- ngi- -riaak
lama
pa
n- -desadn
-em- teis
n- tuah
be- bali
sia
peg- liid- liid
apuh.oduh
induh
nd== ara
na
pegipat
ge- roodn
na.haah.na
n- ig- kabudn
na
sida
ny==
domon
sia
nu -an
mekul
-in- m- iaah
tapih
maap
diti
hei
diha
bakng
si==
m- olok
onsobm
ng- aas
gadur
libudn
n- uba
kei
na
anak
singgurua
tampa
uhuman
ulu
beig
mundam
in- ei
m- erook
nd== ara
na
di
dihu
m- ulih
ndah
koo
turuh
kuub
barabm
deirdn.na
peidn
pasi
na
==ga
n- dabuh
bunua
diaadn
ou
pungaan
hei
dihu
lingongob
ng- uru
==ga
==ga
kk
-in- ng- ai
ng- irah
na
anak
teih
nu -an
nti
ki- liid
-in- m- -antuk
sahit
sikiou
tobol
onu
==ga
na
suad
n- ig- segah
bakng
m- ohodn
keng- diti
bonggi
-in- ng- ohol
siga.lama.na
nd== ara
leidn
puhul
piasu
m- ien
sia
nu -an
ponuh
nubuh
induh
ku- tulu -adn
bakng
puhul
diaadn
singgurua
i- ng- eit
==ga
lahi
turuk
na
ta
na
onu
berhei
kuub
sedah
m- -onsuh
nti
atas
supakng
k- aap
ubudn
mata
mual
timogih
me- dadi
di
bali
amah
onsi
mati
naa
na
engat
sugut
mintohog
na
sida
tu- tuad
na
anu
na
di
musu
na
ou
set
nya
sendangan
ki- ara
-in- m- -upuk
na
nubuh
buta
-i- m- ulih
leidn
pag datakng
tampa
si==
kumpani
sei
ngai
mati
libudn.natak
nti
na
ng- ahap
uhu
punti
nunuk
bunua
nti
keladih
na
tolu
==hu
leidn
kuiih
na
na
engat
robi
-em- lohut
na
na.haah.na
siga
apuh
di
petah
siga.lama.na
ndah
siga
puan-puan
na
dihi
di
i==
ou
kirab
toidn
ina
-in- m- anggil
ou
punsut
pasal
tuadn
rigiodu
di.soig
si==
nu
m- oduh
landuh
-um- luas
bulei
hei
lehad
ramai
kerah
ou
-in- g- uubm
bas
hei
gulu
na
man
k- ingei -n
na
libudn
ndah
isilabm
-in- g- ohodn
ta
na
bonggi
ny==
deri
beig
==ga
nanggah
ng- apah
buh
di.soig
na
mu- luput -adn
mati
kuman
bakng
na
engat
nd== ara
louk
-i- matakng
soid
hei
na.haah.na
nubuh
nubuh
ragah
n- togob
obu.pasakng
ngi- -dihit
k- ompot
na
n- took
in- iit
kapal
tapih
baru
satu
na
na
di
==ku
arus
ringah.mulah
hei
urang.tuah
bakng
na
kondog
ngai
min- di
datuh
suad
koon
ndah
sia
mbat
m- aja
nubuh
di
uru
ke- -tonduh
nu
-i- -m- togor
na
mung- kuiih
barabm
na
nubuh
ndah
nubuh
lama
nge- roudn- ngeroudn
su- suad
na
na
punsut
diaadn
ina
di
ki- ara
bakng
kii
na
nganggabm
-i- -m- suak
na
na.haah.na
in- ohodn
m- barabm
na
sikng
susuad
m- iaah
teih
sikng
meraah
bakng
nd== ou
==hu
mati
ku- turu -adn
libudn.bituha
bali
su- suad
in- ala
pungaan
keng- di
mati
na
ke- -tonduh
na
na
na
k- ompot
-in- ke- sobit
poroh
hei
na
lama
hiti
buat
nubuh
na
alih
mi- gia
mi- gia
si==
ng- g- amah
ng- gulu
na
jadi
kudat
keng- di
hei
m- panu
na
-in- m- ien
na
domon
tunggulun
sumbakng
n- -tatakng
kambikng
supaya
ganti
ke- tomu
nd== ou
n- doot
bansuk
suad.tuah-mulah
bali
ndah
==ga
m- iaah
n- dabuh
diti
badih
kei
i==
engat
sei
saa
lama
nda
-in- tipuh
siga
nti
==ga
m- iaah
mbat
kirab
k- aap
==hu
di
m- etak
bali
nubuh
diaadn
deirdn.na
nge- -laak
me- dadi
tingguluh
n- doot.guakng
nti
di
nti
pa
medeih
bohit
-i- p- ohodn
ngu- duaa
bali
tau
tuadn.umur
saa
siga.lama.na
suadadn
siga.lama.na
saa
n- unggit
linsag
nti
rua
ke- rasa
lahi
tembakng
epaat
m- pihir
na
==ku
hei
pa
mentamang
ngamah
ki- ara
ki- ara
na
bulag
-i- bori
na
n- doot
hina
gulu
ragah
nd== ara
daidn
ou
paa
induh.amah
k- ompot
toho
silah
na
tiaah
na
poroh
lama
k- esa
belaha
tidi
posi
asu
biaa
-em- teis
ng- irah
ngai
ki- ara
amah
ng- irah
keng- di
di
rua
libudn
na
==ku
na
binatang
na
tolu
saa
pa
bali
sampai
se- m- belah
kua -adn
keng- di
tempak
tengah
na
na
ina
na
lama
surugah
simbatu
rua
nou
me- dadi
aa
mantad
belaha
-in- resa -adn
peg- uubm- uubm
nu -an
==ga
na
lama
na.haah.na
robi
na
linda
keng- di
==ga
onu
n- ugah
n- sigup
unggah
poroh
induh.amah
na
mengin
saa
dodok
n- -ihar
ihi
su- suad
mistiih
ndah
nubuh
ng- g- api
mulah
pah
-i- sugah
piniit
nu -an
nubuh
k- ingei -n
ng- ge- saa
matakng
huiih
nu
bakng
n- suat
ihi
me- lou
in- ihad
ng- ondih
langit
siga
me- dadi
ng- g- esak
pegah
ubu -udn
==ku
uyung
lobokng
m- barabm
satu
batakng
tetou
siga
ngai
anak
serangad
saa
na
lama
poroh
padi
dihi
libudn
lama
ou
ng- g- ipat
ge- taruh
aa
na
ou
ombok
na
penggorokng
punsut
ny==
mv- ibis -adn
kerai
-in- biri -adn
kiou
lama
bonggi
na.haah.na
==hu
dioo
i==
ndah
na
tiga
pandi
na
-in- m- iaah
dua
bonggi
i- n- -ibujukng
ringah
ina
pudulih
simbatu
bonggi
ndah
i==
engat
m- ulih
ndah
me- g- meykap
leidn
ouu
tembouh
ali
si==
peg- liid
na
mbat
su- suad
na
lama
-im- liaag
tuadn.umur
==ku
diaadn
siminggad
ki- bori
na
pumpakng
simbatu
na
orob
ngaardn
bakng
na
di
siga.lama.na
nubuh
hei
n- -impasag
languh
induh.amah
tidi
ai
ng- g- api
na
pelanduk
ndah
kiti
ki- ara
di
matakng
pusud
nubuh
ndah
punti
na
sedah
koo
onsobm
ndah
iloodn
arag
nubuh
se- ng- olu
di
bakng
na
poroh
na
sapu
timobos
bubul
-in- g- ogot
karukng
ny==
ou
mual
pungguah
-i- -m- selehei
su- suad
di
nu
induh
sultadn
tangga
pa
==hu
kepudn
mengin
leidn
pandi
peg rias
pag datakng
suad.tuah-mulah
ou
ina
kerai
na
domon
nubuh
itala
sida
m- putih
sia
na
sikiou
-i- -m- abat
si==
na
nu
minsuali
katih
aha
pegginohodn
su- sungad
langan~langan
tiaah
meg- tomu
took
na
suhup
otud
ig- timung
mahad
melik
==hu
ngursad
-um- luas
pa
-in- lou
keng- di
mentamang
tobos
na
di
mulah
sampai
nyu
suruh
ou
lama
ndah
ulih
si==
nti
na
letid
ponuh
na
layang
ng- g- iit
bunua
pasi
ali
ina
ngimomos
induh
dunyah
berhei
tupi
na
deirdn.na
==ga
ou
surugah
ndah
kem- ajar
m- ori
bobo
leid
ng- oort
i==
te- taha
-m- gia
k- iid
ou
apuh.oduh
ki- tiag
-em- teis
lahi
nd== ara
di
suhi
dua
bakng
na
piih
si==
bakng