INDF.PSR. older.sister
UP. DH.PFV:2SG.S:Ø. handle.PL.O:PFV:NOM
ADVZR
NEG
OUT:AWAY 1PL.S:Ø.IPV:Ø. handle.PL.O:IPV:NEG
ADVZR
AR.S:Ø.PFV:Ø. be:IPV
long
that
TERM. be.long.time:IPV:NOM
?. Ø.PFV:1SG:L. remember:IPV
3SG.S>3SG.P. Ø.IPV:H. say:IPV
but
3SG.S:CON:Ø.IPV:Ø. grab:PFV
wood
3PL.PSR. mother
NEG
at
across:ALL
ADVZR
AND.THEN
3SG
old.man
ADVZR
meat
moon
thus
ADVZR
OPT:1SG.S:Ø. be:OPT
IT. 1PL.S:INC:Ø.IPV:Ø. PL.go:IPV
PL
ADVZR
1SG.PSR. father
1SG.PSR. grandmother
on
when
ADVZR
rain
FOC
animal
3SG.S:DH.PFV:L. seem:IPV
people
sinew
at:AR
white.winged.scoter
and
and
under
and
IGN
loon
ADVZR
3PL.PSR. food
INC:AA.IPV:1SG.S:Ø. SG.stay:FUT
1SG.PSR. grandfather
PURP
dentalium
2PL.PSR. children
ADVZR
for
and
down:ALL
say:IPV
and
AR.S:Ø.PFV:Ø. be:IPV
also
different
two
NEGEX
PL
and
PRMB. 3PL.S:INC:Ø.IPV:D. PL.go:IPV:CUST
house
NEG
and
animal
ACROSS. 3SG.S:AA.IPV:D. animal.runs:PFV
1SG.PSR. palm
dog
at:AR
in
3PL.PSR. older.brother
who
FOC
thus
TERM. 3PL.S:N.PFV:Ø. SG.go.PFV:NOM
CONT. I.PFV:Ø. SG:stand:IPV
for
still
what
AR.O. QUAL:Ø.IPV:2PL.S. look:IPV
fire
ADJC. ahead:ALL
IGN
to
FOC
OPT:2SG.S:Ø. be:OPT
ADJC. IT. up:ALL
because
PL
3PL.P. PP. in
PROH
also
earth
woman
thus
there
GIRL
3SG.S:N.PFV:Ø. SG.go:PFV
thus
and
grandmother
from
bone
and
and
ADVZR
1PL.S:INC:DH.PFV:Ø. move.nomadically:IPV:NOM
for
3SG.P. for
3SG.S>3SG.O. AA.PFV:Ø. eat:PFV
PROX:AR. across:ALL
1SG
also
IT. 3SG.S:AA.IPV:D. go.by.boat:IPV:PROG:NOM
INDF.S. 3SG.S>3SG.O. QUAL:AA.IPV:Ø. PL.fly:IPV:PROG
and
when
CARE QUAL:QUAL:Ø.PFV:Ø. when:PST
raven
ADJC. NTRL. up:AR
RECP.P. with
for
3PL.P. PP. 3SG.S:QUAL:DH.PFV:Ø. SG.go.PFV:NOM
3SG.S:OPT:Ø. be:OPT
AR.S. 3SG.S:AA.PFV:Ø. SG.go:PFV
tent
ADVZR
1SG.PSR. younger.sister
3SG.P. QUAL:Ø.IPV:1SG.S:Ø. say:IPV
1PL.S:QUAL:DH.PFV:L. PL.stay:IPV
NEG
1SG.O. QUAL:DH.PFV:2SG.S:H. save:PFV:NOM
PL
rock.fish.fence
old.man
away:ALL
1SG.O. 3SG.S:QUAL:Ø.IPV:H. see:IPV
and
1SG.P. for
and
the.way
AR.O. QUAL:Ø.IPV:1SG.S:H. see:IPV
Ø.PFV:1SG.S:Ø. SG.sit:PFV
ACROSS. IT. 3SG.S:QUAL:Ø.IPV:L. handle.PL.O:IPV:CUST
what
3SG
FOC
here
TERM. INDF.O. 3SG.S:N.PFV:L. sneak:PFV
CON. 3SG.S:QUAL:AA.PFV. hear:IPV
when
IT:AR. 3SG.S:INC:AA.IPV:H. make.SG.O:FUT:NOM
3SG.S>3SG.P. to
3PL.S:Ø.IPV:Ø. do:IPV:NOM
1SG.PSR. maternal.uncle
UP. 3SG.S:AA.PFV:Ø. SG.go:PFV
ADVZR
3SG.PSR. older.brother
and
if
ADVZR
ADVZR
to
at
QUAL:Ø.IPV:1SG.S:Ø. say:IPV:NOM
meat
even
IT. INC:Ø.IPV:D. SG.go:PFV
ADVZR
ADVZR
ADVZR
DH.PFV:1SG.S:Ø. SG.sleep:IPV
tree.stump
GIRL
rock
also
PL
NEG
INC:AA.IPV:1SG.S:Ø. do:FUT
ADVZR
here
TERM. 3PL.S:DH.PFV:Ø. PL.go:PFV
hail
IT. 3SG.S:Ø.IPV:H. be.dry:IPV:NOM
3SG.S:Ø.IPV:H. say:IPV
fish.trap
say:IPV
on
etc.
AR.S. N.PFV:Ø. be.long:IPV:NOM
AVERT
PURP
when
meat
FOC
WHY
1SG.PSR. younger.brother
3PL.PSR. food
3PL.S:Ø.IPV:L. be.number:IPV
when
ADVZR
what
and
NEG
NEG
etc.
if
IT. 3SG.S:AA.IPV:D. SG.go:PFV
PL
etc.
PL
the.way
there
and
upland:AR
thus
3PL.S. QUAL:AA.PFV:L. PL.stay:PFV
AGAINST?. INDF.PSR. 3SG.S:AA.PFV:Ø. handle.LRO:quickly:PFV
3SG.PSR. younger.sister
morning
bugs
3SG.S>3SG.O. QUAL:DH.PFV:L. be.scared:IPV
there
ADVZR
precious
FOC
1SG.PSR. grandmother
1PL.P. to
3SG
rotten
1PL.PSR. house
and
NTRL. up:AR
lake
1SG.PSR. grandmother
FOC
AR.S:Ø.PFV:Ø. be:IPV:NOM
when
1SG.P. for
3SG.S:CON. QUAL:DH.PFV:H. knock:PFV:NOM
get.ready
also
CONT. INDF.O. 3PL.S:OPT:Ø. eat:FUT:NOM
etc.
NEGEX
long
long.time
still
and
raven
3SG
here
3SG
ahead:ALL
where
3PL.P. 3PL.S. QUAL:AA.IPV:Ø. PL.go:IPV:PROG
to
2SG.P. child:POSS
ADVZR
INDF.PSR. fat
ADVZR
INDF.PSR. younger.sister
3SG.S:DH.PFV:L. appear:IPV:NOM
AND.THEN
3SG.S:DH.PFV:Ø. SG.sit:IPV
when
to
long.time
and
swan
3SG.S:DH.PFV:H. be.sick:IPV
AR.S:Ø.PFV:Ø. be:IPV
still
and
3PL.S:Ø.IPV:Ø. say:IPV
3SG.PSR. younger.sister
NTRL. downriver:PNCT
3PL.S:Ø.IPV:Ø. say:IPV
who
IT. 1PL.S:Ø.IPV:Ø. eat:IPV:NOM
there
3PL.S:Ø.IPV:Ø. say:IPV
across:ALL
PL
INDF:3SG.S:INC. QUAL:DH.PFV:L. hide:PFV
3SG.P. PP. AR.S:Ø.PFV:Ø. be.born:IPV
3SG
1SG.PSR. mother
now
1SG.PSR. child:POSS
and
3PL.S:Ø.PFV:Ø. be.many:IPV
in
QUAL. INC:AA.IPV:2PL.S:Ø. name:FUT
REFL.PSR. head
what
no
CONT. I.PFV:1SG.S:Ø. SG:stand:IPV
child
ADVZR
GIRL
PL
thus
at
QUAL. QUAL:Ø.IPV:1SG.S:Ø. speak:IPV:NOM
1SG.P. for
3SG.P. for
old.lady
Ø.IPV:1SG.S:H. taste:IPV
3SG.P. for
say:IPV
also
IT. 3PL.S:AA.IPV:D. PL.go:IPV:PROG:NOM
birch
thus
3PL.S:DH.PFV:H. make.SG.O:PFV
3PL.S>3SG.P. CARE QUAL:Ø.IPV:H. take.care:IPV
at:PNCT
1SG.PSR. father
animal
thus
and
1SG.P. 3SG.S:Ø.IPV:H. say:IPV
PL
and
get.ready
1PL.P. long.before
water
MED. outside:ALL
3PL.S>3SG.P. Ø.IPV:H. say:IPV
3PL.P. to
there
Ø.PFV:1SG.S:Ø. cut:IPV
raven
ok
hereabouts
ADVZR
3SG.S:Ø.IPV:Ø. 3PL.S. be.good:IPV
3SG.S:DH.PFV:H. SG.die:PFV
and
at:PNCT
at
cranberry
3PL.S. QUAL:DH.PFV:L. PL.stay:IPV:CUST
3PL.PSR. food
at:AR
also
PURP
at:AR
ALL
AA.IPV:2PL.S:Ø. PL.go:IPV:PROG
NEG
3PL.S:Ø.IPV:Ø. do:IPV:NEG
PL
QUAL:Ø.IPV:1SG.S:L. play:IPV
3PL.S>3SG.O. Ø.IPV:Ø. handle.PL.O:IPV:CUST
and
3SG.S:DH.PFV:H. SG.die:PFV
PL
3PL.P. 3SG.S:Ø.IPV:H. say:IPV
and
SPOT IT. INDF. AR. QUAL:Ø.IPV:2PL.S:L. watch:IPV
IT. DH.PFV:1SG.S:L. grab:PFV
and
1SG.PSR. grandmother
and
small
PL
when
water
3SG.S:CON:Ø.IPV:Ø. grab:PFV
UP. 3PL.S. INC:AA.IPV:Ø. PL.go:FUT
who
hereabouts
PL
ANYTHING
3SG.S:DH.PFV:L. appear:PFV:NOM
say:IPV:CUST
when:PST
middle.of
3SG.S:N.PFV:Ø. SG.go:PFV
ADVZR
3SG
PL
to
common.loon
TERM. 3SG.S:Ø.IPV:Ø. SG.go:IPV:CUST:NOM
get.ready
to
ADVZR
3SG.PSR. husband
thus
1SG.PSR. grandfather
to
3SG
IT. 3PL.S:QUAL:AA.IPV:D. PL.fly:IPV:PROG
FOC
still
still
NEG
1SG.O. NEGEX
at
and
ahead:ALL
1SG.PSR. grandmother
AR.S:Ø.PFV:Ø. be.wide:IPV
for
if
there
IT. DIST:1PL.S>INDF.O:Ø.IPV:Ø. eat:IPV:CUST:NEG
night
AND.THEN
OUT. N.PFV:2SG.S:Ø. SG.go:PFV
etc.
FOC
3SG.S:DH.PFV:H. SG.die:PFV
3SG
at
TERM. 3SG.S:AA.IPV. SG.go:IPV:PROG:NOM
water
water
1PL.O. 3SG.S:QUAL:Ø.IPV:H. see:IPV
because
PL
thus
1SG.PSR. younger.sister
at:AR
3SG
when:PST
APPR
etc.
people
1SG.P. 3SG.S:Ø.IPV:H. say:IPV
really
DH.PFV:2SG.S:Ø. SG:stay:IPV
only
PL
for
in
and
AR.S:Ø.PFV:Ø. be.wide:IPV:NOM
AND.THEN
and
1PL.S:QUAL:DH.PFV:L. PL.stay:IPV
house
AWAY. IT. 3SG.S:N.PFV:D. SG.go.PFV:NOM
yucky
on
people
on
when
person
really
what
thank.you
on
1SG.O. QUAL:DH.PFV:2SG.S:H. save:PFV:NOM
tru
3SG
3PL.PSR. mother
3PL.S>3SG.P. for
on
also
3SG
1SG.PSR. mother
3SG.P. PP. IT. MIND. INDF.O:Ø.IPV:1SG.S:H. think:IPV
2SG.PSR. money:POSS
3PL.P. 1PL.S:QUAL:Ø.IPV:D. understand:IPV:NEG:CUST
there
3SG
AND.THEN
?. PEJ. 3PL.S:Ø.IPV:D. not.know:IPV
loon
NTRL. downriver:PNCT
people
squirrel
and
FOC
CONT. FIGHTING. 3SG.S:Ø.IPV:H. fight:IPV
3SG
AR.S:Ø.PFV:Ø. be:IPV
1PL.P. from
3SG.S>3SG.P. with
mean
people
3SG.S:QUAL:OPT:L. PL.stay:OPT
and
3SG
say:IPV
to
1SG.PSR. maternal.uncle
winter
for
FOC
PL
1PL.S. QUAL:DH.PFV:L. want:IPV
ADVZR
1SG.O. younger.brother
OPT:2PL.S:Ø. move.CO.quickly:PFV
cup
INDF.PSR. older.sister
?. 3PL.S:Ø.IPV:D. know:IPV
child
come.in
3SG.S:DH.PFV:L. seem:IPV
2PL.PSR. belongings:POSS
1SG.P. with
lake:POSS
PL
AWAY. IT. 1PL.S:Ø.IPV:Ø. handle.PL.O:IPV:CUST:NOM
and
PURP
ADVZR
3SG.S>3SG.O. 3SG.S:Ø.IPV:H. CO.falls:PFV:NOM
QUAL:Ø.IPV:Ø. AR.O. grab:PFV
AGAINST?. 3SG.S:AA.PFV:Ø. turn:PFV
INDF.O. 3SG.S:I.PFV?:D. drink:PFV
1SG.O. older.sister
3PL.S:Ø.PFV:Ø. be.many:IPV:NOM
3PL.S. QUAL:DH.PFV:Ø. grow:PFV
ADVZR
THERE
when
PP. DH.PFV:1SG.S:L. forget:PFV
TERM. DH.PFV:1SG.S:Ø. grow:PFV
still
and
3SG.P. with
3PL.S>3SG.P. SURROUNDING QUAL:AA.PFV:H. PL.go:PFV
NEG
now
AND.THEN
YAMAAGN.TEESHYAAY
and
3SG.S:QUAL:DH.PFV:Ø. be.dry:IPV
ALL
and
3SG.S>3SG.P. to
at:PST
oh
moose
NTRL. out:AR
at
on
only
3SG.S:DH.PFV:L. seem:IPV
INC:AA:IPV:H. smell:FUT
ADJC. across:PNCT
outside
for
AND
ADVZR
to
NTRL. across:PNCT
thus
and
if
and
at:AR
thus
woman
DANCE. 3PL.S:Ø.IPV:L. PL.mourn.dance:IPV:CUST
INTO.WATER. N.PFV:Ø. SG.experience:PFV
and
blueberry
at:AR
3PL.S>3SG.P. for
ADVZR
suddenly
ADVZR
in
3SG.S:Ø.PFV:Ø. be:IPV:NOM
there
AR.O. 3SG.S:QUAL:Ø.IPV:H. look.IPV:NOM
OUT. IT. 3SG.S:INC:Ø.IPV:D. throw.CO:IPV:CUST
there
3PL.P. for
3PL.P. to
1PL.S:AA.PFV:L. PL.stay:PFV
flimsy
again
3SG.S>3SG.PSR. nest
NEG
ADVZR
at:AR
ADVZR
do:IPV
CONT. SKIN. 3SG.S:DH.PFV:H. handle.AO:PFV
and
in
here
2SG.O. CON:Ø.IPV:Ø. INC:DH.PFV:Ø. NEGEX
?. 3PL.S:Ø.IPV:D. know:IPV
and
3SG.S:AA.IPV:Ø. SG.go:IPV:PROG
3SG
the.way
INC:AA.IPV:2PL.S:Ø. PL.go:FUT
rear
TERM. 1PL.S:Ø.IPV:D. move.nomadically:IPV:CUST
3PL.S>3PL.O. to
AND.THEN
to
ADJC. 3SG.S:N.PFV:Ø. SG.fly:PFV
edible.root
dog
TERM. N.PFV:1SG.S:H. handle.AO:PFV
3SG
old.lady
AS.WELL
golden.eagle
3PL.P. PP. 3SG.S:QUAL:DH.PFV:Ø. happen:PFV
3SG.P. QUAL:Ø.IPV:1SG.S:Ø. say:IPV
1PL.S:Ø.IPV:Ø. PL.go:IPV:CUST
there
AWAY. IT. 3SG.S:N.PFV:D. SG.go:PFV
at:AR
for
PL
ahead:ALL
and
and
and
but
FOC
women
3SG.S:DH.PFV:Ø. SG.sit:IPV
QUAL:Ø.PFV:1SG.S:Ø. be.far:IPV:NOM
thus
say:IPV
at:AR
3SG.S:DH.PFV:Ø. be.dry:IPV:NOM
there
AR.S:Ø.PFV:Ø. be.smart:IPV
IT. 3PL.S. QUAL:DH.PFV:L. PL.sit:IPV
flour
FOC
if
AND.THEN
UP. 3SG.S:DH.PFV:Ø. SG.go:PFV
PL
1SG.O. QUAL:DH.PFV:H. crave:PFV
and
ON. 3PL.S:DH.PFV:Ø. classify.PL.O:IPV
rack
who
INDF.O. QUAL:DH.PFV:2SG.S:H. thrust.O:PFV
around
AND.THEN
moose
ADVZR
AND.THEN
owl
nest
hearing
under
QUAL:I.PFV:L be.scared:IPV:NEG
3SG
ADVZR
in
PP. PEJ. NEG.PFV:1SG.S:D. not.know:IPV
TERM. IT. INC:AA.IPV:1SG.S. D:SG.go:FUT
and
when:FUT
ahead:ALL
QUAL:Ø.PFV:2SG.S:Ø. be:IPV:NOM
3SG.P. QUAL:Ø.IPV:1SG.S:Ø. say:IPV
CON. INC:QUAL:AA.IPV:2PL.S:H. see:FUT
ADVZR
to
tracks
ADVZR
small
COMPLETELY. 3PL.S>3PL.O. INC:QUAL:AA.IPV:H. rip:IPV
3SG.S>3SG.P. with
meat
QUAL:Ø.PFV:1SG.S:Ø. hear:IPV
3SG.P. for
only
QUAL:Ø.IPV:1SG.S:Ø. do:IPV:NOM
INDF.PSR. buttocks
3SG.S:INC:Ø.IPV:Ø SG.go:IPV:CUST
INDF:3SG.S:INC. AA.IPV:Ø. flow:IPV
animal
WHY
thank.you
who
and
rock
1SG.P. with
3SG.S>3SG.P. Ø.IPV:H. say:IPV
PRMB. down:ALL
earth
3PL.P. away.from
good
INDF.PSR. ribs
ADVZR
IT. N.PFV:1SG.S:Ø. SG.go.PFV:NOM
what
IT. 3PL.S:N.PFV:D. PL.go:PFV
3PL.P. QUAL:Ø.IPV:D. teach:PASS:IPV:NEG
ADVZR
WHY
rosehips
INSIDE. N.IPV:2PL.S:Ø. PL.go:IPV
3SG.S:DH.PFV:Ø. SG.sit:IPV
that
PP. INC:QUAL:AA.IPV:2PL.S:H. say:FUT:NOM
3SG.S>3SG.O. INC:QUAL:AA.IPV:L. SG.go:PFV
when:FUT
AR.S:Ø.PFV:Ø. be:IPV
thus
AR. PROX. upland:ALL
Luke
ADJC. there
MED. out:AR
because
3SG
and
WHY
FOC
TERM. 3SG.S:N.PFV:Ø. SG.go:PFV
3PL.S:AA.IPV:H. PL.animal.moves:IPV:PROG
ADVZR
traps
upriver:ALL
DH.PFV:1SG.S:H. be.sick:IPV
here
trail:POSS
FOC
3SG.S>3SG.O. CON. hold:IPV
if
3PL.S>3SG.O. Ø.IPV:Ø. bury:IPV
and
ADVZR
1SG
at:AR
OUT. 3SG.S:QUAL:OPT:L. CO.move.indep:OPT
at:AR
PL
3SG.S:DH.PFV:L. seem:IPV
subsisting.on
NEG
NTRL. up:ALL
and
3PL.P. food
and
PL
and
loon
tree.stump
1SG.PSR. wife
PL
PL
what
also
IGN
person
3SG.P. with
still
AR. upland:ALL
WHY
now
what
3SG.P. behind.back
TERM. IT. 3PL.S>3PL.O. Ø.IPV:L. handle.PL.O:IPV:CUST
there
at:AR
IT. 1PL.S. Ø.IPV:L. hunt:PFV:NOM
?. PP. 3SG.S:N.PFV:D. know:IPV:NOM
there
1PL.P. SG.go:IPV:PROG
and
INC. DH.PFV:1SG.S:Ø. SG:sleep:PFV
also
1PL.O. 3PL.S:Ø.IPV:Ø. handle.PL.O:IPV:CUST:NEG
TERM. Ø.IPV:1SG.S:Ø. SG.go:IPV:CUST:NOM
and
PL
PRMB. 3SG.S:INC:OPT. D:SG.go:OPT:CUST:NOM
PL
3PL.S>3SG.P. on
3SG.S:N.PFV:Ø. be.long.time:IPV:NOM
3PL.O. NEGEX
all.long
men
AWAY. IT. 3SG.S:QUAL:DH.PFV:D. SG.fly:PFV
3SG
ADVZR
downriver:ALL
PL
FOC
morning
3PL.P. QUAL:QUAL:Ø.PFV:Ø. handle.PL.O:PFV:NOM
ADVZR
2PL.P. TO. 3PL.S>3PL.O. AA.PFV:Ø. handle.PL.O:PFV:NOM
at:PST
AND.THEN
woman
with
there
AND.THEN
GIRL
IT. 3PL.S>3PL.O. 3SG.S:Ø.IPV:Ø. eat:IPV
REFL.PSR. tail
3SG.P. to
bugs
moose
REFL.PSR. mother
AR.S:Ø.PFV:Ø. be:IPV
PRETEND. INDF. 3SG.S:QUAL:DH.PFV:L. SG.sleep:IPV
also
REFL.PSR. foot
1PL
AWAY. 2PL.O. 3SG.S:INC:AA.IPV:Ø. handle.PL.O:FUT:NOM
1SG.PSR. grandfather
ADVZR
3SG.P. PP. AR.S:Ø.PFV:Ø. be:IPV:NOM
and
1PL.S:Ø.IPV:Ø. make.PL.O:IPV
hole
3SG
FOC
3SG.S>3SG.P. Ø.IPV:H. say:IPV
ADVZR
IT. Ø.IPV:L. be.rime:IPV:NOM
spruce
Ø.IPV:1SG.S:D. work:IPV
out:ABL
3SG.S>3SG.O. QUAL:DH.PFV:H. kill.SG.O:PFV
NEG
devil
there
AND.THEN
3PL.P. for
NEG
at:AR
1SG.PSR. grandmother
that
3SG.PSR. name
3SG
AND.THEN
ahead:ALL
MED:AR. down:ALL
when
hereabouts
thank.you
for
and
here
no
when
and
PL
mountain
IT. 1PL.S:INC:OPT:D. PL.go:OPT
in
and
tru
INDF.O. NEGEX
ADVZR
3SG.PSR. younger.sister
and
ADVZR
song
3SG.S:DH.PFV:Ø. be.dry:IPV:NOM
still
INTO.WATER. 3SG.S:N.PFV:D. dive:PFV
FOC
on
loon
1PL.S:INC:DH.PFV:Ø. move.nomadically:PFV
RECP.P. to
and
sympathy
1PL.S:QUAL:DH.PFV:L. PL.stay:IPV
2PL.P. with
etc.
NTRL. ahead:ABL
PRMB. INC:Ø.IPV:2SG.S:Ø. D:SG.go:IPV:CUST:NOM
3SG.S>3SG.O. N.PFV:Ø. think:IPV:NOM
3SG.P. QUAL:Ø.IPV:1SG.S:Ø. say:IPV
at
spider
the.way
3SG.S:DH.PFV:H. make.SG.O:PFV
and
and
what
FULL. IT. INC:QUAL:DH.PFV:Ø. water.extend:IPV:NOM
river
on
one
old.lady
for
at
3PL.PSR. hearing
at:PNCT
dog
there
get.ready
TURN.AROUND. QUAL:OPT:2SG.S:Ø. go.in.circle:IPV
thus
at:AR
IT. 3SG.S:Ø.IPV. D:SG.go:IPV:CUST
3SG.PSR. scent
FOC
3PL.S:Ø.IPV:Ø. do:IPV:NOM
thus
say:IPV
3SG.S:AA.IPV:L. SG.run:IPV:PROG
thus
IT. 3PL.S:AA.IPV:D. PL.go:IPV:PROG:NOM
3SG.S:Ø.IPV:Ø. cry:IPV
like
old.man
mountain
ADVZR
AR.S. INC:DH.PFV:Ø. be:PFV
UP. 3PL.S. QUAL:Ø.IPV:Ø. handle.PL.O:IPV:CUST:NOM
3SG
QUAL:Ø.PFV:1SG.S:Ø. be.scared:IPV
3PL.S:Ø.IPV:Ø. bark:IPV
MED. INC:Ø.IPV:D. up:ALL
IT. WATER. 3PL.S:INC:Ø.IPV:Ø. classify.PL.O:IPV:CUST
tiny
that
3SG.PSR. wife
and
ADJC. across:PNCT
raspberries
fish
3PL.P. PP. PRETEND. INDF.S:QUAL:DH.PFV:L. say:IPV
INDF. NEGEX
3PL.S. INC:DH.PFV:Ø. PL.go:PFV
REFL.PSR. grandchild
spring
AVERT
when
1PL.S:Ø.IPV:Ø. string:IPV
white.person
if
ADVZR
how
TERM. 3SG.S:INC:AA.IPV:Ø. handle.PL.O:FUT
PL
3SG.S:AA.IPV:Ø. SG.go:IPV:PROG
and
etc.
1SG.PSR. grandfather
3SG.PSR. beard
3PL.S. QUAL:Ø.IPV:H. gather:IPV:NEG
FOC
3SG.PSR. mother
and
for
also
FOC
ADVZR
now
cold
NEG
3SG.S:QUAL:I.PFV:Ø. classify.CO:PFV
at:AR
thus
blueberry
for
now
gun
lake
downriver:ABL
there
at:AR
ADVZR
PL
3SG
in
to
3SG.S>3SG.P. Ø.IPV:H. say:IPV
3SG.S:DH.PFV:Ø. be.dry:IPV:NOM
and
old.lady
CONT. 3PL.S:Ø.IPV:Ø. PL.go:IPV:CUST
from
cranberry
IT. 3SG.S:AA.IPV:D. go.by.boat:IPV:PROG
at:AR
bugs
3SG.S>3SG.P. to
OUT. 3PL.S:AA.PFV:Ø. PL.go:PFV
NTRL. ahead:ALL
MED. out:AR
3PL.S. QUAL:DH.PFV:L. PL.sit:IPV:CUST:NOM
at:AR
and
and
IT. 2SG.O. N.PFV:1SG.S:H. handle.AO:PFV:NOM
fermented.fish
AWAY. IT. 3PL.S:Ø.IPV:D. PL.go:IPV:CUST
say:IPV
person
WEAPON. 3SG.S:INDF.O:QUAL:DH.PFV:D. find.SG.O:PFV
here
2PL.P. for
give.me
3SG.P. for
say:IPV
at:AR
TERM. 3PL.S:N.PFV:Ø. SG.go.PFV:NOM
PURP
PL
that
at
thus
in
3SG
3PL.S>3SG.P. 3PL.S:Ø.IPV:H. say:IPV:CUST
and
1SG.PSR. mother
3SG
at:AR
3SG
when:FUT
NTRL. upland:AR
3SG
3PL.S>3SG.O. Ø.IPV:H. dry:IPV:CUST
OUT. 3PL.S. QUAL:Ø.PFV:Ø. PL.go:PFV:NOM
3PL.S. AR.S:DH.PFV:Ø. PL.go:PFV:NOM
mountain
at:AR
say:IPV
NTRL. ahead:ABL
REFL.PSR. older.sister
say:IPV
FOC
at:AR
moose
ahead:PNCT
etc.
NEG
3SG.P. PP. AR.S:Ø.PFV:Ø. be:IPV:NOM
muskrat
eyes
trail
INC:AA.IPV:1SG.S:H. bring:IPV?
creek
ADVZR
now
get.ready
3SG.S:AA.IPV:L. SG.run:IPV:PROG
NTRL. down:ALL
?. Ø.IPV:1SG.S:L. remember:IPV:NOM
also
3SG.PSR. heart
3SG
3SG
white.person
and
hereabouts
WEAPON. 3SG.S:INDF.O:QUAL:DH.PFV:D. handle.LRO:PFV:NOM
1SG.PSR. dog:POSS
3SG.PSR. older.brother
ADVZR
PL
1PL.S:QUAL:AA.PFV:H. make.fire:PFV
FOC
small
falltime
but
to
here
chickadee
1SG
2PL.O. TRADE. INC:QUAL:AA:IPV:1SG.S:H. be:FUT
FOC
3PL.P. away.from
3SG
traps
be.good:IPV
bugs
ADVZR
1PL.S:QUAL:QUAL:Ø.PFV:Ø. hear:IPV
that
INDF.PSR. younger.sister
1SG.PSR. older.brother
at:PNCT
person
1PL
small
and
ADVZR
3PL.S>AR.O:AA.PFV:Ø. want:IPV:NOM
TERM. IT. 1PL.S:N.PFV:D. PL.go:PFV
and
ADVZR
TERM. 3PL.S. N.PFV:Ø. PL.go:PFV:NOM
steel
INDF.PSR. skin
3PL.P. 3PL.S:Ø.IPV:Ø. say:IPV
FOC
PL
meat
3SG
at:PNCT
NEG
MED. out:ALL
here
away.from
NEG
FOC
on
2PL.P. for
QUAL:Ø.PFV:2SG.S:Ø. listen:IPV
INSIDE. AR.O. INC:QUAL:OPT:2SG.S:H. hide:OPT
PL
sympathy
3PL.S>3SG.P. Ø.IPV:H. say:IPV
TO.SIDE. 3SG.S:QUAL:DH.PFV:L. extend:IPV
3SG.P. PP. 1PL.S>INDF.O:QUAL:AA.PFV:H. name:PFV
INDF.O:3SG.S:Ø.IPV:Ø. eat:IPV
3SG.PSR. wife
3SG
1PL.P. for
ADVZR
spider
1SG.PSR. grandmother
PL
1PL.S:INC:AA.IPV:Ø. make.PL.O:FUT
to
PL
ACROSS. N.PFV:Ø. move.LRO.quickly:PFV
from
3SG.S:DH.PFV:Ø. pluck:PFV:NOM
3SG.S:DH.PFV:Ø. SG.stay:IPV:NOM
3SG.S:AA.IPV:Ø. SG.go:IPV:PROG
and
if
behind.back
trail
Ø.IPV:2SG.S:H. taste:IPV
food
3SG
tru
moose
AR.S. N.PFV:Ø. be.far:IPV:NOM
and
2SG.PSR. children
at:PNCT
3SG.S>3SG.O. INC. QUAL:Ø.IPV:H. kill.SG.O:IPV:NOM
with
NTRL. out:AR
PL
3PL.P. to
at
OUT. 3PL.S:AA.PFV:Ø. handle.CO:PFV
TERM. 3SG.S:N.PFV:Ø. SG.go:PFV
still
NTRL. up:AR
3SG
also
3SG
ADVZR
thank.you
at:PNCT
and
INDF.P. among
1PL.P. for
3SG.PSR. older.sister
who
3SG
WHY
duck
ADVZR
upland:ALL
IT. 3SG.S:QUAL:Ø.IPV:L. PL.go:IPV:CUST:NOM
and
morning
also
when
2SG.PSR. younger.sister
3PL.S:QUAL:DH.PFV:L. PL.sit:IPV
AR.S:Ø.PFV:Ø. be:IPV
1PL.S:Ø.PFV:Ø. be:IPV
also
N.IPV:2SG.S:Ø. twist:IPV
OUT. 3SG.S:AA.PFV:Ø. SG.go:PFV
and
etc.
in
3SG
out:ABL
how
this
cup
from
and
1SG
ADVZR
3SG.S:AA.IPV:L. SG.run:IPV:PROG
for
muskrat
this
thus
GUN. HAND. listen:IPV:NOM
NTRL. up:ALL
house
3SG.P. PP. Ø.IPV:2SG.S:L. remember:IPV:NOM
1SG.PSR. younger.sister
but
3PL.S. CON:OPT:H. PL.animal.move:IPV:NOM
ADVZR
at:AR
day
wood
muskrat
there
how
PRMB. 3SG.S:INC:Ø.IPV:Ø. handle.LRO:IPV:CUST:NEG
old.man
REFL.PSR. mother
there
ADJC. NTRL. ahead:ALL
NEG
trail
PURP
PURP
the.way
tiny
what
1SG.PSR. maternal.uncle
ADVZR
AR.S:Ø.PFV:Ø. be.wide:IPV
thus
say:IPV
boat
also
3SG.S:AA.IPV:L. SG.run:IPV:PROG
CONT. 3PL.S:Ø.IPV:Ø. QUAL:Ø.IPV:L. tell.story:FUT:NOM
lake
women
3SG.S:AA.PFV:Ø. keep.PL.O:PFV
thus
FOC
boat
bearberry
lake
1SG.PSR. mother
hey
to
AR.S:Ø.PFV:Ø. be:IPV
3SG.S>3SG.O. heart
3SG.S:AA.IPV:Ø. SG.go:IPV:PROG
still
AR.S:Ø.IPV:Ø. be:IPV:CUST:NOM
3PL.S:Ø.IPV:H. PL.sleep:FUT:NOM
people
1SG.P. following
children
IT. 3PL.S:N.PFV:D. PL.go:PFV
1SG.PSR. younger.brother
1SG.PSR. grandmother
DH.PFV:2SG.S:Ø. SG:stay:IPV
AS.WELL
3SG.P. CON:DH.PFV:Ø. INC:DH.PFV:Ø. be:OPT
FOC
at:AR
PL
GIRL
3PL.P. PP. 3PL.S. AR.S:DH.PFV:Ø. happen:PFV
and
RECP.O. PP. 3PL.S. QUAL:Ø.IPV:D. say:IPV
PL
3SG.S:INC:AA.IPV:H. snow:FUT:NOM
OUT. 3SG.S:QUAL:DH.PFV:Ø. extend.out:IPV:NOM
say:IPV
3SG.PSR. mother
ADVZR
1SG.PSR. grandmother
when
and
3PL.S>3SG.P. around
with
AND.THEN
FOC
squirrel
1SG.P. following
there
1PL.PSR. house
3SG.S:DH.PFV:Ø. SG.sit:IPV
etc.
where:PNCT
say:IPV
FOC
AVERT
but
flat
3SG.P. for
REFL.PSR. wife
3SG.S>3SG.O. QUAL:Ø.IPV:H. see:IPV
where:PNCT
NTRL. ahead:ALL
at
3SG.S:DH.PFV:Ø. be.dry:IPV:NOM
1PL
and
here
AND.THEN
INTO.FIRE 3SG.S:QUAL:Ø.PFV:H. move.LRO.quickly:PFV:NOM
ADVZR
moose
tent
3SG.S>3SG.P. on
say:IPV
birch
3SG.S:Ø.IPV:H. say:IPV
duck
3SG.S:QUAL:DH.PFV:H. kill.SG.O:PFV
thus
1PL.PSR. food
3PL.S>3SG.P. CARE QUAL:Ø.IPV:H. take.care:IPV
in
3SG.S:AA.IPV:L. SG.run:IPV:PROG
3SG.S>3SG.P. to
woman
blueberry
3SG.S:INC:AA.IPV:Ø. keep.PL.O:FUT
there
3SG.PSR. foot
and
child
PP. INC. QUAL:AA.IPV:2PL.S:Ø. say:FUT
3PL.S:Ø.IPV:D. do:IPV:NEG
3PL.O. PRMB. INDF:INC. AA.IPV:2PL.S:Ø. PL.go:IPV
REFL.PSR. pack:POSS
and
PP. MIND. 3SG.S:QUAL:Ø.PFV:Ø. think:IPV
down:ALL
to
3SG.S:QUAL:DH.PFV:Ø. NEGEX
at:AR
old.man
1PL.PSR. belongings:POSS
be:IPV:NOM
AR.S. INC:DH.PFV:Ø. be:PFV
spruce.roots
also
bow
AR.S. INC:DH.PFV:Ø. be:PFV
3PL.S. N.PFV:Ø. move.nomadically:PFV
flat
also
PURP
in
away:ALL
ADVZR
AND.THEN
RECP.P. to
3PL.S>3SG.P. 3SG.S:INC:Ø.IPV:L. handle.PL.O:IPV:CUST
CONT. AR. 3SG.S:Ø.PFV:Ø. shake:PFV?
2PL.P. PP. PEJ. Ø.PFV:1SG.S:D. not.know:IPV
CONT. 1PL.S. QUAL. 3PL.S:INC:AA.IPV:L. tell.story:IPV
also
GIRL
OUT. 3SG.S:OPT:Ø. SG.go:OPT
who
3PL.S. QUAL:QUAL:Ø.IPV:Ø. hear:IPV
person
also
UP. 3PL.S>3PL.O. Ø.IPV:H. keep.PL.O:IPV:CUST
thus
FOC
and
stomach
thus
3PL.S. laugh:IPV:NOM
and
suddenly
that
do:IPV
AR.S:Ø.PFV:Ø. be.wide:IPV:NOM
to
ADVZR
QUAL:QUAL:Ø.PFV:Ø. be.expensive:IPV
FOC
ADVZR
this
MED. outside:PNCT
3PL.PSR. mother
at
only
by.herself
something
ADVZR
at:AR
dentalium
bugs
3PL.P. with
3SG
IGN
three
at
how
QUAL:AA.IPV:2PL.S:Ø. say:IPV
two
from
hereabouts
muskrat
ahead:ALL
AND.THEN
etc.
among
God
tent
there
FOC
3PL.S:Ø.IPV:L. eat:IPV:NOM
and
and
NEG
REFL.PSR. younger.sister
3SG.PSR. mother
ADVZR
swan
herself
gun
3SG.PSR. name
at:AR
AND.THEN
1PL.S:QUAL:DH.PFV:L. PL.stay:IPV
CON. QUAL:I.PFV:1SG.S:H. find.SG.O:PFV
3SG
ADVZR
1SG.PSR. dog:POSS
say:IPV
in
1SG.PSR. wife
dentalium
earth
up:ALL
old.man
say:IPV
QUAL. DH.PFV:1SG.S:Ø. SG.sleep:IPV
NTRL. downriver:ABL
without
3PL.S:Ø.IPV:L. be.number:IPV
PROH
FOC
thus
1PL.PSR. children
1SG.PSR. grandmother
AA.IPV:2PL.S:Ø. PL.go:IPV:PROG
3SG
at:AR
ADVZR
3SG.S>3SG.P. among
morning
sled
REFL.PSR. grandchild
ADVZR
IT. 3SG.S:QUAL:Ø.IPV:L. tell.story:IPV:NOM
1SG.P. PP. QUAL:OPT:2SG.S:L. be.scared:OPT
FOC
NTRL. ahead:ABL
also
this
ADVZR
REFL.PSR. children
etc.
3SG
thus
NTRL. out:ABL
1PL.P. like
3SG.S:Ø.IPV:H. cook:IPV:NOM
?. PP. Ø.IPV:1SG.S:L. remember:IPV:NOM
1PL.P. AR:between
3SG:INC:QUAL:DH:PFV:Ø. SG.fly:PFV
ASRT
3SG
AND.THEN
and
ASRT
ADVZR
3SG.S:QUAL:AA.PFV:D. QUAL:DH.PFV:L. punch:PFV
for
3PL.S:Ø.IPV:L. be.number:IPV
REFL.PSR. mother
ADVZR
and
child