tahli#finish. -li#1SI -h#TNS
-ak#LOC
ít#toward
-ma#THAT
-ato#NOM2
alla#child
yakni#land
iskitíni#little
oka#water
okl#plural í-#1PI
pishokchi#milk
katimma#where -ako̱#CON:AC
í-#1PI
il-#1PI
shahwa#bush
nonáchi#bake,.cook
a̱#1sIII ki#father
ahni#know
yohmi#do.so,.to.happen -h#TNS
il-#1PI
a̱ya#be:here -li#1SI -h#TNS
sa-#1SII shki#mother
pishokchi#milk
taklaka̱#alongside
-m#DEM -ato#NOM2
-m#DEM -ato#NOM2
kanohmi#how
oklil#we
yohmi#do.so,.to.happen
sha̱hli#do:always
alhíha#group -t#PART
iya#go
palammi#hardship
bilásapi#sugarcane
-ka̱#COMP:DS
o̱t#go:and
ikka̱na#understand,.to.know -li#1SI -h#TNS
oka#water
a̱h#yes
malhlhih#indeed
nátah#what?
-ka̱#COMP:DS
okmanána#WHATEVER.KIND.OF
illi#die.
a̱#1sIII i̱tík#sister.(of.a.male)
-ma#THAT
ilahbi#pretend,.make.believe. -h#TNS
o̱t#go:and
okla#people
oshi#son
a̱tta#live
o̱t#go:and
okla#people
pí#just
pí#just
hachi-#2PII
oklil#we
ná#something
-ato#NOM2
okma̱#and:then
chá#ss
hollokchi#a:plant
okla#people
yohmi#do.so,.to.happen
a̱tta#exist.(of.one) -li#1SI -h#TNS
taposhshik#basket
pí#just
íy#go -o#NEG -ttók#REM.PAST
a#be
yohmi#do.so,.to.happen
-ka̱#COMP:DS
hi#be
o̱t#go:and
o̱t#go:and
-ma#THAT
tákoli#noon
yohmi#do.so,.to.happen -h#TNS
ikka̱na#understand,.to.know -li#1SI -h#TNS
iya#go
í-#1PI
il-#1PI
i̱-#III ki#father -t#SUBJECT:MARKER
-ato#NOM2
pí#just
hikkikí#walk.around -t#PART
ittanówa#walk.together -h#TNS
o̱t#go:and
sa-#1SII
hi#be -hma̱#WHEN
il-#1PI
alla#child
-ho̱#PART:DS
am#1sIII
-ako̱#CON:AC
-kat#COMP:SS
il-#1PI
ná#something
chokka#house
ish-#YOU
ish-#YOU
lha̱kko#be:strong. -t#PART
-m#DEM -ato#NOM2
kaníya#go.away -li#1SI -ttók#REM.PAST
-ho̱#PART:DS
nátah#what?
-ako̱#CON:AC
-ho̱#PART:DS
imma#towards
-ma#THAT
-chámo#LONG:AGO
okla#people
kati#thorn
hi#be -hma̱#WHEN
okla#people
il-#1PI
táhat.iya#DISAPPEAR -h#TNS
holisso#letter
-ano#ACC:TOP
illi#die.
hihmat#and:then:ss
a̱#1sIII ki#father
chokka#house
sa-#1SII
bacháya#get.in.a.row.(of.one)
hapim-#1MPIII
pí#just
-ka̱#COMP:DS
yohmi#do.so,.to.happen
okl#plural í-#1PI
sakki#catch.up.to -áhí#POT kíyo#no
hapim-#1MPIII
-ma#THAT
yohmi#do.so,.to.happen -h#TNS
im-#III achokmá#feel.good,.happy -sh#PART:SS
-bíka#USED:TO -tok#PST
o̱t#go:and
nátah#what? -o̱#Q
-ako̱#CON:AC
áy-#LOC ikhaná#learn -li#1SI
afammi#year
iláp#self
hokchi#plant. -h#TNS
-kat#COMP:SS
-ka̱#COMP:DS
il-#1PI
okla#people
am#1sIII
ani#pour.in -t#PART
-ma#THAT -k#LOC
ná#something
ná#something
-ka̱#COMP:DS
il-#1PI
amo#pick.
pí#just
yohmi#do.so,.to.happen
á-#LOC ikhana#learn -tok#PST
iya#go
pí#just
ná#something
oklil#we
a̱ya#be:here
il-#1PI
okmanána#WHATEVER.KIND.OF
-bíka#USED:TO -tok#PST
sa-#1SII bíshakni#nose
chishba#unsure
ná#something
ish-#YOU
a̱h#yes
am#1sIII
ahwa#think.(perhaps),.to.reckon -h#TNS
-ma#THAT
apísa̱chi#watch
il-#1PI
ná#something
ish-#YOU
isht#ins
taposhshik#basket
sha̱hli#do:always
-ma#THAT -k#LOC
si̱ti#snake
-ako̱#CON:AC
-ma#THAT -k#LOC
ikbi#maker
hi#be
achokma#good -ána#POT
hóka̱#emph
hi#be -hma̱#WHEN
achaffa#one
-hátoko̱#BECAUSE:DS
ásh#prev
ayiskachi#clean.(house) -t#PART
achokma#good -ána#POT
-ma#THAT -k#LOC
il-#1PI
-ka̱#COMP:DS
il-#1PI
-ho̱#PART:DS
ato̱bbi#pay. -hma̱#WHEN
-ma#THAT -k#LOC
o̱t#go:and
takkon#peach
a̱h#yes
ishki#mother
okla#people
a̱#1sIII ki#father
a̱#1sIII ki#father
abohlih#woods
okla#people
okla#people
kanohmi#how -ttók#REM.PAST
ish-#YOU
a̱tta#exist.(of.one) -li#1SI -h#TNS
illi#die.
okl#plural í-#1PI
oklil#we
pí#just
hi#be -hma̱#WHEN
apísachi#watch -h#TNS
chá#ss
ikkaná#learn -li#1SI -h#TNS
ilhkóli#go.(of.three.or.more). -tok#PST
pí#just
kiyo#no
il-#1PI
hikma̱#and:then
pí#just
okl#plural í-#1PI
hi#be -hma̱#WHEN
il-#1PI
bók.chito#BOGUE.CHITTO
yohmi#do.so,.to.happen -h#TNS
pí#just
okl#plural í-#1PI
á-#LOC ikhana#learn -tok#PST
kíyo#no
-ya̱#ACC
il-#1PI
-ato#NOM2
kiyo#no
kanikma̱#sometimes
táha#be:finished -hma̱#WHEN
i̱-#III cha̱li#chop -h#TNS
áchi#say -l#1SI -áchi̱#IRR -h#TNS
-bíka#USED:TO -tok#PST
a̱ya#be:here -li#1SI -h#TNS
hi#be -hma̱#WHEN
kíyo#no
-ano#ACC:TOP
il-#1PI
okl#plural í-#1PI
sa-#1SII
imma#towards
ahwa#think.(perhaps),.to.reckon -h#TNS
a̱#1sIII ki#father
-ano#ACC:TOP
ikka̱na#understand,.to.know -li#1SI -h#TNS
isht#ins
isht#ins
ahni#wish;.want -hma#WHEN
okla#people
hi#be -hma̱#WHEN
alla#child
ibbak#hand
-ho̱#PART:DS
-ano#ACC:TOP
-ma#THAT
-ma#THAT
hapim-#1MPIII
okla#people
pí#just
hi#be -hma̱#WHEN
ikka̱na#understand,.to.know
alla#child
ish-#YOU
í-#1PI
yohmi#do.so,.to.happen -h#TNS
okla#people
-ma#THAT -k#LOC
ona#arrive:there
-ka̱#COMP:DS
í-#1PI
yohmi#do.so,.to.happen -h#TNS
okla#people
-ka̱#COMP:DS
pí#just
chim#2sIII
chohmi#kind:of
alla#child
másh#that.one
hi#be
banna#want
alla#child
iti#wood
-hátoko̱#BECAUSE:DS
a̱h#yes
a#be
-ma#THAT
sha̱hli#do:always
okla#people
toklo#be:two
aha̱tta#stay,.live.(someplace) -li#1SI
okla#people
a̱#1sIII ki#father
-ma#THAT
tahli#finish.
iyá#go -li#1SI -ttók#REM.PAST
hoyo#look.for
a̱#1sIII ki#father
o̱t#go:and
kiyo#no -kásh#COMP:PREV
hihmat#and:then:ss
-ano#ACC:TOP
ná#something
okl#plural í-#1PI
imma#towards
-ma#THAT
katash#who
-ho̱#PART:DS
pí#just
ish-#YOU
yohmi#do.so,.to.happen -h#TNS
pisa#look
okla#people
oshta#four -kma̱#IRR:DS
oka#water
-ma#THAT
palammi#hardship
fokkáli#be:about
-bíka#USED:TO -tok#PST
-ma#THAT -k#LOC
am#1sIII
fokka#dress
am#1sIII
-ako̱#CON:AC
o̱t#go:and
a#be
siy-#1SII á-#LOC
yohmi#do.so,.to.happen -h#TNS
taposhshik#basket
ish-#YOU
hokchi#plant. -h#TNS
palammi#hardship
ish-#YOU
a̱h#yes
o̱t#go:and
siy-#1SII á#be -h#TNS
ano̱poli#speak,.say,.talk -h#TNS
afammi#year
kan#nobody ásh#prev
hikma̱#and:then
-kiya#TOO?
iskitíni#little
bilásapi#sugarcane
afammi#year
o̱t#go:and
il-#1PI
issa#stop
ta̱sh.palaska#CORNBREAD
il-#1PI
pí#just
taná#weave -li#1SI -h#TNS
yohmi#do.so,.to.happen
pí#just
fokáli#approximately -h#TNS
iti#wood
-ya̱#ACC
a̱tta#exist.(of.one) -li#1SI -h#TNS
katímina#why,.how.come
-ano#ACC:TOP
pí#just
has-#2PI sam-#1SIII
-hátoko̱#BECAUSE:DS
iti#wood
alhíha#group -t#PART
-ma#THAT
-ato#NOM2
pí#just
chishki#your:mother
kiyo#no -t#PART
pí#just
hikkikí#walk.around -t#PART
taha#finally
mano#that:one
ishit#ins
makáchi#say. -t#PART
il-#1PI
ish-#YOU
sa-#1SII shki#mother
oshta#four
il-#1PI
-ka̱#COMP:DS
afammi#year
okattola#fall:into:water -ttók#REM.PAST
yakni#land
hi#be -hma̱#WHEN
yohmi#do.so,.to.happen -h#TNS
-ho̱#PART:DS
pí#just
yohmi#do.so,.to.happen -h#TNS
a#be
-ato#NOM2
kiyo#no
shóli#carry.
-ak#LOC
hi#be -hma̱#WHEN
-ka̱#COMP:DS
pí#just
ikbi#make
-ako̱#CON:AC
hachi-#2PII
o̱t#go:and
ik-#N
isht#ins
oski#river:cane
a̱tta#live
hi#be -hma̱#WHEN
ittanówa#walk.together -h#TNS
ná#something
a̱h#yes
sa-#1SII
-ma#THAT -k#LOC
okla#people
ná#something
hikma̱#and:then
ishí#take,.grasp,.get -li#1SI -tok#PST
sa-#1SII
il-#1PI
katimma#which -k#LOC
hikma̱#and:then
pí#just
-ka̱#COMP:DS
-bíka#USED:TO -tok#PST
ish-#YOU
okla#people
o̱t#go:and
shokshi#watermelon
il-#1PI
-ano#ACC:TOP
okla#people
hikiki̱ya#stay:at -li#1SI -ttók#REM.PAST
okla#people
okl#plural í-#1PI
yohmi#do.so,.to.happen
nátah#what?
ikka̱na#understand,.to.know -li#1SI -h#TNS
kaníya#really -ttók#REM.PAST
-ano#ACC:TOP
biníli#sit.(of.one)
-ak#LOC
oka#water
oná#reach.(a.certain.age) -li#1SI -h#TNS
shippa#evaporate
nátah#what?
chá#ss
okla#people
-ak#LOC
ano̱polí#speak,.say,.talk -l#1SI -áchi̱#IRR -h#TNS
kíyo#no
ano̱poli#speak,.say,.talk
-ka̱#COMP:DS
ik-#N
il-#1PI
mishsha#two.time.periods.before.or.after
chokka#house
ish-#YOU
il-#1PI
yohmi#do.so,.to.happen
toklo#be:two
chokka#house
siy-#1SII á#be -h#TNS
iksho#zero
nakni#male
-ma#THAT
hi#be -hma̱#WHEN
hi#be -hma̱#WHEN
ish-#YOU
nánoka#say:something
yokáchi#catch. -h#TNS
chim#2sIII
o̱t#go:and
okl#plural í-#1PI
a̱tta#exist.(of.one) -tok#PST
ittatoklo#be:together.as.a.couple.or.married
a̱lhi#be:real
-ako̱#CON:AC
maká#say -hma̱#WHEN
sanna#I:want
báno#altogether
okla#people
ahwa#think.(perhaps),.to.reckon -h#TNS
í-#1PI
-ma#THAT
ikbi#maker
yimmih#believe
shibbih#peel.(cane)?
okla#people
isht#ins
ná#something
pí#just
pí#just
ponola#cotton
-ka̱#COMP:DS
siy-#I:AM assano#grow.up
alla#child
hikma̱#and:then
okla#people
apíla#help,.assist. -h#TNS
a#be -ttók#REM.PAST
pí#just
okl#plural í-#1PI
hi#be
sa-#1SII
a̱tta#live
pa#here,.this -aki̱li#OWN -h#TNS
sipokni#old
ishit#ins
ish-#YOU
-ka̱#COMP:DS
lokka#clothes
hoyo#look.for
kíyo#no
imma#towards
-ak#LOC
i̱-#III ki#father -t#SUBJECT:MARKER
okla#people
okla#people
sa-#1SII bíshakni#nose
il-#1PI
bokko#mound
am#1sIII
okla#people
toklo#be:two
yohmi#do.so,.to.happen -h#TNS
-kat#COMP:SS
ish-#YOU
am#1sIII
alhto#enter.(of.two)
a̱#1sIII ki#father
yohmi#do.so,.to.happen -h#TNS
-akósh#CON:NOM
mómah#still
ninak#night
pí#just
tík#female
o̱t#go:and
aba.talóli#STORE
-ma#THAT
iskitíni#little
okla#people
ik-#N
ná#something
pí#just
sa-#1SII nakfish#younger:sib
yohmi#do.so,.to.happen
ik-#N
í-#1PI
yohmi#do.so,.to.happen
ish-#YOU
pí#just
-ka̱#COMP:DS
yohmi#do.so,.to.happen
chi̱#2sIII
-ka̱#COMP:DS
il-#1PI
bók.chito#BOGUE.CHITTO
-ato#NOM2
oka#water
í-#1PI
ná#something
ahwa#think.(perhaps),.to.reckon -h#TNS -o̱#Q
ish-#YOU
o̱t#go:and
ho̱kli#hold.
-ma#THAT -k#LOC
kíyo#no
isht#ins
yohmi#do.so,.to.happen
holisso.ápisa#SCHOOL
áchih#say.
haklo#hear,.listen
-ma#THAT
yohmi#do.so,.to.happen
tahli#finish.
hapim-#1MPIII
-bíka#USED:TO -tok#PST
hikma̱#and:then
il-#1PI
-ho̱#PART:DS
sann#I:want -o#NEG -tok#PST
ilhkóli#go.(of.three.or.more). -kmat#IRR:SS
ásh#prev
am#1sIII
-ma#THAT
kaníya#go.away -li#1SI -ttók#REM.PAST
sa-#1SII tóhno#hire. -cha#SS
a̱tta#exist.(of.one) -li#1SI -h#TNS
kanimma#somewhere
fíhnah#very
isht#ins
fokka#dress
-ma#THAT
fokáli#approximately -tok#PST
áchih#say.
il-#1PI
mano#that:one
nokha̱klo#be:sad
ish-#YOU
-ma#THAT
kanimma#somewhere
kanimma#somewhere
ittanówa#walk.together -h#TNS
panóla#cotton
o̱t#go:and
a#be
pí#just
am#1sIII
il-#1PI
-ma#THAT -k#LOC
okla#people
ittanówa#walk.together -h#TNS
to̱ksali#work. -t#PART
áchi#say -l#1SI -áchi̱#IRR -h#TNS
ish-#YOU
ayi̱na#too,.also
okla#people
alla#child
mihch#do -ína#CAN -h#TNS
pila#send -ttók#REM.PAST
-ma#THAT
a#be -ttók#REM.PAST
yohmi#do.so,.to.happen
tana#weave
hach-#2PII ishki#mother
a̱h#yes
-ano#ACC:TOP
chokka#house
hi#be -hma̱#WHEN
ilhkóho̱li#go.(of.three.or.more). -h#TNS
kiyo#no
nittak#day
alhíha#group
kaniyah#probably
-ako̱#CON:AC
am#1sIII
ish-#YOU
pí#just
-ka̱#COMP:DS
ittanówa#walk.together -h#TNS
hi#be
-m#DEM -ato#NOM2
okmanána#WHATEVER.KIND.OF
ápitta#put.(more.than.one.thing).in. -h#TNS
pí#just
a̱h#yes
iti#wood
ha̱klo#understand
-ho̱#PART:DS
okla#people
-ato#NOM2
ish-#YOU
a̱tta#exist.(of.one) -li#1SI -h#TNS
másh#that.one
-ano#ACC:TOP
ka̱chi#really
pí#just
chohmi#kind:of
a̱ya#be:here -li#1SI -h#TNS
pí#just
kíyo#no
ish-#YOU
kiyo#no
-ka̱#COMP:DS
homma#red
ikbi#maker
-ma#THAT
fokáli#almost
-ma#THAT -k#LOC
-ma#THAT
i̱-#III hi̱li#stand:du -h#TNS
ikka̱na#understand,.to.know
okla#people
oka#water
ná#something
a#be
illi#die.
nánakma̱#anything
ná#something
pí#just
a̱ya#be:here -li#1SI -h#TNS
-ma#THAT
hikmat#and:then:ss
okla#people
il-#1PI
ish-#YOU
il-#1PI
hi#be
a#be
-ma#THAT
-ya̱#ACC
isht#ins
il-#1PI
hi#be -hma̱#WHEN
illa#only
ahi#sweet.potato
afammi#year
yohmi#do.so,.to.happen
-ma#THAT
o̱t#go:and
mitaffi#make.bleed
-ma#THAT
ani#pour.in -t#PART
am#1sIII
has-#2PI sam-#1SIII
-ho̱#PART:DS
-ma#THAT
-ma#THAT
iti#wood
ikbi#maker
okl#plural í-#1PI
a̱#1sIII ki#father
pí#just
a̱#1sIII ki#father
-akósh#CON:NOM
ohóyo#woman
ish-#YOU
anno̱pa#word
ilhkóli#go.(of.three.or.more). -tok#PST
ikka̱na#understand,.to.know
afammi#year
okl#plural í-#1PI
hi#be
il-#1PI
hikma̱#and:then
il-#1PI
hikma̱#and:then
-m#DEM -ato#NOM2
hokchi#plant. -h#TNS
yohmi#do.so,.to.happen -h#TNS
am#1sIII
hi#be -hma̱#WHEN
í-#1PI
bash#cut.(with.a.knife,.broken.glass). -t#PART
shikalla#bead
-ma#THAT
alla#child
-ma#THAT
chá#ss
-ako̱#CON:AC
pí#just
-ak#LOC
ná#something
okla#people
nátah#what?
-akíni#INDEED -tok#PST -ósh#SS
-ya̱#ACC
ishki#mother
il-#1PI
isht#ins
kiyo#no -kásh#COMP:PREV
nán#something
holisso.ápisa#SCHOOL
alla#child
il-#1PI
pí#just
hóyo#look.for -h#TNS
yohmi#do.so,.to.happen -h#TNS
o̱t#go:and
-ako̱#CON:AC
-ano#ACC:TOP
foli#switch
pí#just
yakohmi#like:this
a#be -ttók#REM.PAST
áchi#say -tok#PST
okla#people
okla#people
ninak#night
-bíka#USED:TO -tok#PST
basówa#be:striped -chi#CAUS -t#PART
fokkáli#be:about -ka̱#COMP:DS
-bíka#USED:TO -tok#PST
ikkaná#learn -li#1SI -h#TNS
fokka#dress
fokkáli#be:about -ka̱#COMP:DS
ishit#ins
hachim-#2PIII
iyá#go -li#1SI -tok#PST -ósh#CONTRASTIVE:NOMINATIVE
apíla#help,.assist.
tahli#finish.
okla#people
ásha#reside.(plural.subject) -hma̱#WHEN
a#be -ttók#REM.PAST
í-#1PI
í-#1PI
-ka̱#COMP:DS
imma#towards
ahwa#think.(perhaps),.to.reckon -h#TNS
ishit#ins
áchih#say.
am#1sIII
iti#wood
il-#1PI
ishit#ins
illa#only
chito#be:big,.large
ná#something
okla#people
a̱ya#be:here -li#1SI -h#TNS
o̱t#go:and
si̱ti#snake
-bíka#USED:TO -tok#PST
-ano#ACC:TOP
alla#child
hálla#hold -t#PART
okl#plural í-#1PI
kiyo#no
yakni#land
iláp#self
áchih#say.
báno#altogether
-ato#NOM2
-ma#THAT
ona#arrive:there -li#1SI -kmat#IRR:SS
pí#just
-ak#LOC
a̱ya#be:here -li#1SI -h#TNS
-ma#THAT
ohóyo#woman
il-#1PI
sa-#1SII
másh#that.one
ohóyo#woman
táhat.iya#DISAPPEAR -h#TNS
sa-#1SII
í-#1PI
am#1sIII
pí#just
-ano#ACC:TOP
nán#something
áchih#say.
katohmih#how:many
taposhshik#basket
okla#people
másh#that.one
nánakma̱#anything
-ato#NOM2
ná#something
-ma#THAT
-ma#THAT
-bíka#USED:TO -tok#PST -o̱#Q
sa-#1SII
kiyo#no
kiyo#no
-ka̱#COMP:DS
kiyo#no
alla#child
shikalla#bead
yakni#land
hi#be -hma̱#WHEN
il-#1PI
afammi#year
hikma̱#and:then
yohmi#do.so,.to.happen
a̱#1sIII ki#father
ná#something
alla#child
-ato#NOM2
to̱ksali#work. -t#PART
a̱shwa#exist.(of.two)
nátah#what?
-ka̱#COMP:DS
toklo#be:two
taposhshik#basket
nátah#what? -o̱#Q
malhlhih#indeed
ahi#sweet.potato
ásh#prev
alhíha#group
isht#ins
okla#people
illi#die.
hi#be -hma̱#WHEN
chishki#your:mother
am#1sIII
shikalla#bead
a̱lhi#be:real
sa-#1SII
-ka̱#COMP:DS
il-#1PI
pa#here,.this -ako̱#CON:AC
okl#plural í-#1PI
hóka̱#emph
alhíha#group -t#PART
yohmi#do.so,.to.happen -h#TNS
hóyo#look.for -h#TNS
pí#just
pí#just
í-#1PI
-m#DEM -ato#NOM2
okmanána#WHATEVER.KIND.OF
isht#ins
kiyo#no
-ato#NOM2
ninak#night
ka̱ha#lying:down
ásh#prev
il-#1PI
katash#who
-ato#NOM2
il-#1PI
noshkobo#head
-ato#NOM2
hachim-#2PIII
iti#wood
í-#1PI
-ano#ACC:TOP
áchih#say.
issa#stop -ttók#REM.PAST
hikmat#and:then:ss
okla#people
il-#1PI
am#1sIII
ná#something
iksho#not:exist -h#TNS
alhto#enter.(of.two)
ásh#prev
abohlih#woods
-ma#THAT
katohmih#how:many
ano̱poli#speak,.say,.talk -h#TNS
am#1sIII
-ma#THAT
oshta#four -kma̱#IRR:DS
ish-#YOU
ittiwáya#marry -hmat#WHEN
o̱t#go:and
-ma#THAT
to̱ksali#work. -ttók#REM.PAST
illi#die.
o̱t#go:and
il-#1PI
siy-#1SII á#be -h#TNS
tahli#finish. -li#1SI -ttók#REM.PAST
aha̱chi#say:hn.gr
ano̱polí#speak,.say,.talk -l#1SI -áchi̱#IRR -h#TNS
a̱h#yes
yakni#land
ish-#YOU
pí#just
o̱t#go:and
pí#just
okl#plural í-#1PI
ikkaná#learn -li#1SI -h#TNS
hi#be
oshi#son
wáya#peanuts
aha̱tta#stay,.live.(someplace) -li#1SI
pí#just
am#1sIII
a#be
nátah#what?
sanna#I:want
am#1sIII
am#1sIII
-chámo#LONG:AGO
a̱shwa#exist.(of.two)
ná#something
a̱tta#exist.(of.one) -li#1SI -h#TNS
hi#be -hma̱#WHEN
katak#where
ilhkóli#go.(of.three.or.more). -hma̱#WHEN
í-#1PI
másh#that.one
-ato#NOM2
okl#plural í-#1PI
shokshi#watermelon
koloffi#cut
ná#something
ála#arrive:y.gr -li#1SI -h#TNS
sa-#1SII
yohmi#do.so,.to.happen -h#TNS
il-#1PI
pí#just
-ato#NOM2
yakni#land
holisso#letter
oklil#we
-ma#THAT
iskitíni#little
hokchi#plant. -h#TNS
ná#something
o̱t#go:and
takla#near.to
í-#1PI
kiyo#no
á-#LOC mi̱ti#come -li#1SI
a̱lhi#be:real
o̱t#go:and
-ma#THAT -k#LOC
másh#that.one
pí#just
yohmi#do.so,.to.happen -h#TNS
í-#1PI
okla#people
ittanówa#walk.together -h#TNS
okl#plural í-#1PI
-ka̱#COMP:DS
o̱t#go:and
okla#people
pa#here,.this -ako̱#CON:AC
hi#be -hma̱#WHEN
hi#be
yohmi#do.so,.to.happen -h#TNS
ish-#YOU
yakni#land
si̱ti#snake
hachi-#2PII
si̱ti#snake
pí#just
a̱ya#be:here -li#1SI -h#TNS
pishno#we -áki̱#OWN -t#PART
taha#finally
-ma#THAT
okma̱#and:then
-ma#THAT
ná#something
am#1sIII
í-#1PI
ikka̱na#understand,.to.know -li#1SI -h#TNS
ish-#YOU
il-#1PI
ikka̱na#understand,.to.know -li#1SI -h#TNS
o̱t#go:and
ninak#night
tohchína#be:three
tana#weave
pilla#distance
pila#throw. -hma̱#WHEN
pí#just
kaníya#really -ttók#REM.PAST
ála#arrive.(here) -hma̱#WHEN
koni.hata#Conehatta
-ma#THAT
taha#finally
sa-#1SII
makah#say.
másh#that.one
katash#who
fokáli#approximately -tok#PST
yohmi#do.so,.to.happen
-ma#THAT -k#LOC
isht#ins
il-#1PI
to̱ksali#work. -t#PART
-bíka#USED:TO -tok#PST
nátah#what? -o̱#Q
fokka#enter -ttók#REM.PAST
a#be
-ma#THAT
nátah#what?
ásh#prev
yohmi#do.so,.to.happen -h#TNS
-akósh#CON:NOM
pí#just
ola#far:off
okla#people
okla#people
ish-#YOU
hálla#hold -t#PART
yohmi#do.so,.to.happen -h#TNS
ish-#YOU
hi#be -hma̱#WHEN
hóka̱#emph
toffa#summer
hóyo#look.for -hma̱#WHEN
okl#plural í-#1PI
okla#people
nátah#what?
-ma#THAT
ohóyo#woman
a̱#1sIII ki#father
nittak#day
pí#just
katímina#why,.how.come
sanna#I:want
il-#1PI
sa-#1SII
okl#plural í-#1PI
í-#1PI
hachi-#2PII
sa-#1SII
-ato#NOM2
il-#1PI
yohmi#do.so,.to.happen
holisso.ápisa#SCHOOL
iya#go
ilhkóli#go.(of.three.or.more).
ish-#YOU
átokás#because.of
bacha̱ya#be:in.a.row
nána.hollokchi#GARDEN
anno̱pa#word
okma̱#and:then
ka̱ha#lying:down
okla#people
oná#arrive:there -li#1SI -ttók#REM.PAST
kíyo#no
ish-#YOU
oshi#son
-ma#THAT
ish-#YOU
il-#1PI
ato̱bbi#pay. -hma̱#WHEN
hasháyachi#cause.to.sulk
á#say -h#TNS -ókakósh#BUT:SS
ná#something
hannáli#six -h#TNS
-bíka#USED:TO -tok#PST
shohbi#last.all.day
ish-#YOU
ishki#mother -t#PART
-ma#THAT -k#LOC
yohmi#do.so,.to.happen
oka#water
isht#ins
okla#people
a̱lhi#be:real
iya#go
hikmat#and:then:ss
chá#ss
-ako̱#CON:AC
okla#people
ish-#YOU
hikma̱#and:then
í-#1PI
illi#die.
kaníya#really -ttók#REM.PAST
-ma#THAT
mano#that:one
yohmi#do.so,.to.happen -h#TNS
hóyo#look.for -hma̱#WHEN
ish-#YOU
-ka̱#COMP:DS
ish-#YOU
ish-#YOU
-ka̱#COMP:DS
iti#wood
-kat#COMP:SS
ishit#ins
ak-#1SN
chohmi#kind:of
ná#something
ásh#prev
pí#just
illi#die.
ná#something
ka̱chi#really
isht#ins
toklo#be:two
-ma#THAT -k#LOC
ik-#N
nátah#what?
ayyówah#pick.up.(off.the.ground).
to̱ksali#work. -t#PART
yohmi#do.so,.to.happen -h#TNS
mómah#still
ohóyo#woman
isht#ins
okl#plural í-#1PI
-ma#THAT
yimmih#believe
iksho#zero
achonnáchi#work.hard.at -ttók#REM.PAST
imma#towards
ish-#YOU
chá#ss
il-#1PI
-ka̱#COMP:DS
hikma̱#and:then
o̱t#go:and
ish-#YOU
a#be -ttók#REM.PAST
-ma#THAT -k#LOC
iksho#zero
táha#complete -ttók#REM.PAST
isht#ins
a̱shwa#exist.(of.two)
-ano#ACC:TOP
-ma#THAT
-m#DEM -ato#NOM2
okl#plural í-#1PI
-ma#THAT
to̱ksalí#work. -chi#CAUS -h#TNS
nátah#what?
il-#1PI
hi#be -hma̱#WHEN
okattola#fall:into:water -ttók#REM.PAST
nánoka#say:something
ná#something
-kat#COMP:SS
am#1sIII
iya#go
hach-#2PII ishki#mother
-ako̱#CON:AC
yohmi#do.so,.to.happen
hihmat#and:then:ss
a̱ya#be:here -li#1SI -ttók#REM.PAST
fokka#enter -ttók#REM.PAST
-tok#PST -cha#UNSURE
sa-#1SII shki#mother
yohmi#do.so,.to.happen
-hátoko̱#BECAUSE:DS
ilhkóho̱li#go.(of.three.or.more). -h#TNS
o̱t#go:and
chito#be:big,.large
chá#ss
nán#something
ná#something
issa#quit -tok#PST
í-#1PI
pí#just
pí#just
hi#be
ná#something
-ato#NOM2
yohmi#do.so,.to.happen
il-#1PI
kaníya#really -ttók#REM.PAST
ná#something
hi#be
áy-#LOC ikhaná#learn -li#1SI
alla#child
yohmi#do.so,.to.happen
bilásapi#sugarcane
ná#something
-kat#COMP:SS
okla#people
-m#DEM -ato#NOM2
il-#1PI
yohmi#do.so,.to.happen
hi#be -hma̱#WHEN
malhlhih#indeed
a#be -ttók#REM.PAST
-ma#THAT -k#LOC
ít#toward
-ma#THAT
il-#1PI
ikbi#maker
ná#something
chá#ss
yohmi#do.so,.to.happen -h#TNS
kiyo#no -kásh#COMP:PREV
abohlih#woods
hokchi#plant. -h#TNS
nanih#hill
okmanána#WHATEVER.KIND.OF
kiyo#no
fokka#dress
hapi#salt
-ma#THAT
-m#DEM -ato#NOM2
í-#1PI
o̱t#go:and
yakni#land
o̱t#go:and
o̱t#go:and
nátah#what?
yohmi#do.so,.to.happen -h#TNS
il-#1PI
am#1sIII
an#I -akínih#INDEED
kiyo#no
pí#just
okla#people
chá#ss
sa-#1SII
okl#plural í-#1PI
sa-#1SII
yohmi#do.so,.to.happen -h#TNS
pí#just
fokáli#approximately -h#TNS
il-#1PI
il-#1PI
ná#something
kiyo#no
achaffa#one
okl#plural í-#1PI
okla#people
yohmi#do.so,.to.happen
hi#be -hma̱#WHEN
áchih#say.
ahwa#think.(perhaps),.to.reckon -h#TNS
apísa̱chi#watch
-ho̱#PART:DS
íy#go -o#NEG -ttók#REM.PAST
-ma#THAT -k#LOC
-ato#NOM2
kapassa#be:cold
ikka̱na#understand,.to.know
-ka̱#COMP:DS
hi#be
-ma#THAT
ik-#N
o̱t#go:and
am#1sIII
il-#1PI
tana#string -h#TNS
panóla#cotton
hasháyachi#cause.to.sulk
-ato#NOM2
pí#just
pí#just
iya#go
foha#retire -ttók#REM.PAST -o̱#Q
í-#1PI
hikmat#and:then:ss
í-#1PI
am#1sIII
-kat#COMP:SS
-m#DEM -ato#NOM2
il-#1PI
-hátoko̱#BECAUSE:DS
shahwa#bush
ibbak#hand
-ano#ACC:TOP
-ma#THAT
okla#people
ik-#N
ahóch#find. -ahí#IRR2
alla#child
lokka#clothes
-bíka#USED:TO -tok#PST
alla#child
a#be
o̱t#go:and
-kat#COMP:SS
í-#1PI
kanómi#be:some:amount -kma̱#IRR:DS
kiyo#no
issa#close -hma̱#WHEN
pí#just
tahli#finish. -li#1SI -ttók#REM.PAST
-ma#THAT -k#LOC
sa-#1SII
-ma#THAT
kiyo#no
o̱t#go:and
il-#1PI
ná#something
to̱ksali#work. -sh#PART:SS
hollokchi#a:plant
-ma#THAT
chíkosi.alhlhi.ka̱#FOR.A.LITTLE.WHILE
-ma#THAT
illi#die.
taná#weave -li#1SI -h#TNS
ittika̱chi#be:separated.(as.a.man.and.wife). -ttók#REM.PAST
-ato#NOM2
oklil#we
il-#1PI
sha̱hli#do:always
ilhkóli#go.(of.three.or.more). -tok#PST
-ka̱#COMP:DS
il-#1PI
shokshi#watermelon
a#be -ttók#REM.PAST
ná#something
pí#just
hi#be -hma̱#WHEN
pí#just
iti#wood
pí#just
achokma#good -ána#POT
fokkáli#be:about -ka̱#COMP:DS
okl#plural í-#1PI
ittika̱chi#be:separated.(as.a.man.and.wife). -ttók#REM.PAST
-ak#LOC
chá#ss
mo̱m#still -áchi̱#IRR -h#TNS
-ka̱#COMP:DS
mano#that:one
pí#just
o̱t#go:and
-ma#THAT
ásh#prev
taha#finally
siy-#1SII á#be -h#TNS
í-#1PI
a̱tta#exist.(of.one) -li#1SI -h#TNS
iyá#go -li#1SI -tok#PST -ósh#CONTRASTIVE:NOMINATIVE
okl#plural í-#1PI
hapi#salt
ish-#YOU
ná.chinni#WHADDYACALLIT
mishsha#two.time.periods.before.or.after
hi#be -hma̱#WHEN
másh#that.one
pí#just
panóla#cotton
-ka̱#COMP:DS
kiyo#no
okmanána#WHATEVER.KIND.OF
-ka̱#COMP:DS
yohmi#do.so,.to.happen -h#TNS
a̱#1sIII ki#father
okl#plural í-#1PI
palammi#hardship
aba.talóli#STORE
pí#just
pí#just
nittak#day
okla#people
holisso#letter
-ma#THAT -k#LOC
mitaffi#make.bleed
-ma#THAT
ilhkóli#go.(of.three.or.more). -hmat#WHEN
okla#people
chim#2sIII
okla#people
okl#plural í-#1PI
mano#that:one
á#say -h#TNS -ókakósh#BUT:SS
alhíha#group
a̱lhi#be:real
ohóyo#woman
am#1sIII
-ma#THAT
-ma#THAT
ho̱kli#hold.
il-#1PI
hikma̱#and:then
ayyówah#pick.up.(off.the.ground).
-ka̱#COMP:DS
o̱t#go:and
okl#plural í-#1PI
am#1sIII
okla#people
-ho̱#PART:DS
ilahbi#pretend,.make.believe.
-ma#THAT -k#LOC
o̱t#go:and
kiyo#no
taposhshik#basket
-ak#LOC
katohmih#how:many
okl#plural í-#1PI
-ak#LOC
-ma#THAT
iya#go
o̱t#go:and
pí#just
il-#1PI
pí#just
-ma#THAT -k#LOC
chi̱#2sIII
ná#something
íshi#get -hma̱#WHEN
-ma#THAT
áy-#LOC atahli#finish -h#TNS
o̱t#go:and
ilhkóli#go.(of.three.or.more). -hmat#WHEN
chishki#your:mother
-m#DEM -ato#NOM2
a#be
ikbi#maker
ohóyo#woman
ik-#N
am#1sIII
ona#arrive:there
ninak#night
ish-#YOU
ish-#YOU
o̱t#go:and
hi#be
il-#1PI
okla#people
ish-#YOU
yakni#land
il-#1PI
iya#begin:to -t#PART
chokka#house
i̱-#III ki#father
ish-#YOU
a̱tta#exist.(of.one) -li#1SI -h#TNS
ishit#ins
okpolo#be:bad
okl#plural í-#1PI
cho̱pa#buy.
il-#1PI
-kat#COMP:SS
ilahbi#pretend,.make.believe.
ikka̱na#understand,.to.know -li#1SI -h#TNS
a̱ya#be:here
okla#people
ná#something
sa-#1SII
áchih#say.