n OBL DAT
n DAT
adv
cop
v HORT
v IMPF PTCP
pers
v AOR
v INF
n
v ENT
adj
n
cardnum
adv AND;FOCUS
n
pro
pro
pro
n
v ENT
n PL
coordconn
adv
adv
dem
pro ERG DAT AND;FOCUS
dem
n IN EL
n
n
n OBL DAT
adv
n
adv AND;FOCUS
cardnum
n OBL DAT AND;FOCUS
cardnum
pro DAT
adj
adv
n
n IN EL
n
post
dem
interrog
recp AND;FOCUS
n GEN
n SB EL
dem
n PL ERG SB EL
pro
pro
v PERF
v AOR
adv
v IMC
pers
v IMPF
adv
dem
n
adj
n
v FUT
@@@
cop PERF
n OBL GEN
adj
n ERG
n
prt
v AOC
pers
v ENT PST
@@@ REACHED.ENT
v FUT COND
pers AND;FOCUS
v ENT
prt
n OBL GEN
@@@ PST DIR
n ERG AND;FOCUS
pro
n PL
n
n
prt
n PL
pro
adv TODAY.TILL
cardnum
n
pers
n
interrog
n
v ENT
n
adv
num
pro
nprop
pro
v ENT
n
@@@ AOP PL AND;FOCUS
n DAT
n IN ESS
interrog
cop
post
adj
adv
v AOC
dem
n
pro DAT AND;FOCUS
v HORT
adj
interrog
cardnum
n
n
@@@
n OBL SP EL
pro DAT
proform
n
pers AND;FOCUS
n PL
pro
v ENT
cardnum
v AOR
num
n
adj
adv
n
num
adv AND;FOCUS
adv
pro AND;FOCUS
pro
adj
n ERG GEN
pers
dem
v IMPF
prt
n
n OBL GEN
n OBL DAT
adj
n PL
cardnum
n
v ENT
n OBL DAT
coordconn
nprop DIR AND;FOCUS
v AOC
adv
n
pers
n
v ENT
n PL
v PERF
n
cop
pers
@@@
n
interrog
prt
nprop
v PERF
pers
cop
dem
n
n
nprop
n
n OBL SP ESS
@@@ COND
n PL
adv
Vocpart
n OBL SP ESS
coordconn
n OBL GEN
num
adv
pers
pro
adj
pro
n
n OBL SP EL
pro
pro
v IMPF
n
n OBL DAT
n OBL DAT
n ERG
v IMPF PST SBST
dem
pro
adj
n
n IN EL
n
v AOC
pro
v IMPF
adv
n
pro
pro ERG
adv
pro
pers ERG AND;FOCUS
v HORT
dem
v IMPF
n PL
n OBL DAT
n OBL GEN
dem
@@@
v AOP COND
n OBL PT ESS
v AOC
adv
n
n OBL SP ESS
n OBL DAT
interrog
adv
cop
pro
n OBL GEN
dem
adv
@@@
pro
n AND;FOCUS
adj
n DIR
n OBL DAT
adv
n
v ENT
adj
v FUT
v PROH
@@@ IN ESS
n
coordconn
interrog
adv
v ENT
n
v ENT
pro
v ENT
n ERG
adv
@@@
@@@
nprop ERG
nprop
interj
n
n DAT
n DIR DAT
pro
v AOR
prt
n PL OBL PT ESS
v IMC
pers
pro
n PL
v AOR
pro
v ENT
poss
dem
n OBL GEN
v FUT
n OBL GEN
v AOR
pers
post
v ENT
n
n
n
adv
conn
n
nprop
adv
prt
pro DAT
pro
pro PL
pro
n
cardnum
adv
n IN EL
n OBL SP ESS
nprop
v AOC
n
pro
n OBL DAT
n
v FUT COND
n
n ERG
n PL
n
v AOC
n
pers
n
v AOC
interrog
n
dem
pro
n
cardnum
n OBL DAT
n
n
n OBL DAT AND;FOCUS
v ENT
adj
adj
@@@ MSD
v INF
v IMC
n IN ESS
n IN ESS
subordconn
@@@ PST DIR
dem
n
n
v ENT
cardnum
pro
adv
v ENT NEG
n
dem
cop
n
v AOC
pro
pro PL
cardnum
v INF
v AOR
n
n PL AND;FOCUS
n IN ESS
v IMPF NEG
adv
adv
v AOC
n AND;FOCUS
pers
num
adv
@@@
dem PL TEMP PST
cop AND;FOCUS
dem
adj
v AOP COND
v ENT
cardnum
pro
pro
v AOR
v FUT
cop
interrog
adv TOTALY
n
cop
adj
adj
n OBL SP ESS
n
v AOR
v IMPF
cop
verbprt DAT
dem
v AOC
@@@ DAT
n
pro
n
v ENT
v AOR
v AOC
v AOC
subordconn
v PERF
cop SBST TEMP PST
cardnum
n
dem
n OBL SP ESS
v AOC
v FUT
poss
adv
adv
cop
v AOR
n IN EL
pro
dem
@@@ NEG
v AOC
n OBL GEN
num THIRTY
@@@ AND;FOCUS
n
v ENT
n OBL DAT
pro
prep
n IN ESS AND;FOCUS
n IN ESS
n
v AOC
dem
interrog
cardnum
cop
subordconn
n OBL SP ESS
coordconn
@@@
v AOR
v AOC
dem
n OBL DAT
n OBL SP ESS
n
adv
pro DAT
n PL
n ERG
n PL ERG
@@@ NEG
n IN ESS
adv
n OBL GEN
prep AND;FOCUS
n
pro
n
pro
n
pro
subordconn
v AOC
n OBL DAT DIR
v AOR
coordconn
adv
dem PST
dem
IMPV
adv
n
v ENT
pro
cop PERF NEG
v ENT
adv
n
n
pro
interrog