lâ
mökâ
kä.. etu
bongavz
mölâ
kä..
tü- mâ ==pe ==ä
më
nölaö ==gö
sâ-
pnz' mou ==le
merikz
nzrtekqtrngr
nölaö
ä
mou p -mü
mama
në- mënö -kö ==dö
ncnia
tü- ö- pi -mü ==le
skul
kä..
mama
mölë
lâsu
ä
ni ==gö
më
leplë
kä..
kâ
frank
më
doa
ngzturba
yëu -tö ==
temë
kâ
lâde
nibö ==de
nâblo
më
lâ
autabu
në- lalëtü -kö ==de
aböelë
mzli.r.vea
peto
kâ
müngö
- ö- pi -lë -mü ==lö
vo -ngö -mü ==
më
më
ö- pi -bë
në- ngölö -pä -kö -mü ==gö
natü ==nge
nzwetxobzlr
këdü
na- pi -bë ==ku
tü- mnâ -tä ==pe -mü ==o
tü- atwëlö ==pe -mü ==le
vea kapü
kâ
nâblo
kä..
sâ-
ngö
nümü
më
wo
tü- tu -pä -mü
wiki
mama
tü- mâ ==pe ==le
ä
mncnqweng
- twë ==lö
kapten
na- a- dövö -ngö -bo
ni- ==nge
kä..
kä..
dxi
ngö ==dö
në- mu -kö ==gö
ä
nzetu-krdr
saotzn.kros
në- ö- plamei -ti -kö ==de
kä..
të- pe - -ngö ==de
kä..
kä..
nzamrlzpe
tü- pi ==pe -mü ==le
ëbë
ä
ä
muöde