ö- male
- obü -bë ==ngü
medisin
möka
ëbë
kä..
lâde
kâ
a'
ä
poi
më
nim
gât
ne
nim
löpëki
mölë
në- tao -kö ==de
sâ-
tü- vë -dë ==kö
më
më
tü- vë ==pe -mü ==gö
kâ
ba- ==nge
tü- vë ==pe ==kö
më
kâ
tü- yâmne ==pe ==amu
tabâ ëvë ==kö
sâ-
töpnëngö
kä..
- aâlve angidö ==lö
më
sâ-
tü- yöni ==pe ==
pulis
sâ-
bë -ngö ==de
mëtea
älö ==ü
nzkaprlzm
elö
kä.. - siklu
badö
kâng
melömü ==nge -ngü
tömâtu
kä..
la -ngü
mëli
möka
ä
naü
ökalë -mü ==
ä
nabë nepi
mzdxmingr
më
lrlvz
namcx
jun
ëbë
në- ö- pi -bë
kä.. etu
xkxmule
tü- wai ==pe ==ä
e
nikaio
më
tewa
kä..
mnâ -ti ==kö
lrkr'
da
ba- ==nge
nöpakämölë
kâng
mü ==gu
më
pöla
yapilwz -tö ==pe ==
badö
gât
kä..
temë
mëli
ni- ==nge
na- yököpä -kö ==nge
kâ
më
sâ-
esaki
mëli
më
sâ-
kâ
lâ
wiki
- ö- pi -mü ==lö
- mei -tö -
pâ
ä
pi -bë ==le
muöde
ëbü
mcnika
dötü ==de
dâkta
melomate
kä..
mëli
atq
lue
letë
nâbö
- vo ==lö
nzrpibz~kz~pnz'dr
në- ö- vi -ngö
julae
më
më
më
mëli
tonga
kë
kä.. külu
ä
dâkta
më
nâblo
kä.. topwë
tü- male ==le
mnâ ==pe ==ä
na- a- mingö -ngö ==gö
kä..
yököpe
kâ
nüni
dü
në- ya -lë -kö ==gö
ycom
më
- a- tu -pä -ngö -mü
jon
doa
lö
nölâ
pö â ==kö
dakänëng
sâ-
tö- na kölë -mü ==le -u
mwälö ==amu
kä..
biukan
nëlu
annie
kâ
kâ
tü- ama -o ==pe ==
nea
ni- ==nge
mr
tu läblö ==kö
kâ
da
bla
yâpwë
të- wë -ngö
sâ ==de
kä..
a'
nöla
tömâtu
nqesa'
kä.. topwë -ne
rum
merikz
lâsu
tü- apu ==le
töte ==nge
da
tü- tu -pä -ngö -mü
më
muöde
kä..
sâ-
kâ
më
ma
alvëtö ==ä
kâng
samson
kä..
muöde
ilovz
kä..
- ö- pi -lë -mü ==lö
tü- yagoä ==pe ==
nide
a'
të- ö- pi -bë
a- yëlu -mü ==le
ä
mengalu
doa
ä
kâ
metalo
ä
peto
töpnëngö
tö- a- yëlu -mü ==le -u
mnâ
kâ
dötü ==de
nëelangö
ngi
rik
ne
tü- mnë -ëli ==le
napr
töka esë'ngö
natü ==nge
tü- ö- pi ==pe -mü
skul
kai
nzatuo~krnge
nzrmcpxngr
këdung
neke
abötë -tä -ngö ==de
esë'ködö
sâ-
ni ==gö
kë
kämule-esë'
ä
da
nidö
në- pna -ti -kö -bë ==mu
dâ -plä -ti ==pe
a'
- mu ==lö
doa
të- pöpä ==pe ==ngü
ä
lâsu
kä..
na- vë ==ne
nâblo
bulzpi
sâ-
kâ
boi
lömëtangi
iwz
inglan
tü- vë ==pe ==ä
më
nigö
- külu ==pe ==ngü
mwekati
a'
ni- ==nge
ä
ngi
ä
nâblo
sâ ==de
lâsu
muöde
tü- tu -pä -ngö -mü
të- wai -sö -ngö ==dö
a- pü -tö ==le
dötâ'
olvë
ä
tü- ö- pi -bë ==le
badö
blëmë.nuëmu
më
mou
kâ
kâ
na- ya pwë -ti ==pe ==ä
tü- ya -pä ==pe -bë ==
kö.- la
na- ö- yëkö -ngö ==gö
taol
kä..
nzatakqtrpqng
ncmix
kâ
ëbü
suti
mötwë'
lö
kë
kä..
sade
këble -ngü
mëli
kâ
muöde
më
- vë ==ng
kölä -lë ==pe ==le
- bë ==ng
na- ngini -bo
natqgu
tü- vë ==pe -mü
nëköka'ngö
kä..
alëu
më
malaita
ö- pi -mü ==le
kä..
dakänëng
yöbu
kü -o -mü ==le
kä.. etu
tü- esë' -tä -tö -bo
bagö
më
tqyrkrtxpxbz
mou
mnâ -ti ==ä
srpi
ä
tewa
lrlvz
kâng
sâ-
boerger
më
lvepx
- twë ==lö
më
yököpä
badö
nâdö
menabz
nide
në- mnâ -kö ==dö
yagoä kë -ngö
tü- yökö ==pe -ngö
më
doa
lâ
badö
abötë -lvë ==ü
a'
nzkaprtxlzm
ngö
töpengö
ma
na- ngi
nzryrngrkxtr
bongavë
narnztilolx
dzbede
nölâ
nabzn
tü- dwati -mü ==le
ngö
- ötöngö -ti -o ==lö
mëtea
kâ
tömâtu
ö ==gö -ngü
nounâ
më
- külu
kä..
meöikol
nölâkäbü
kä.. möna
kio
skul
bona
më
nâbö
mista
twë ==le
më
badö
sade
nide
lue
më
nölâkäbü ==pe
myä
opäm
më
olvë
- yölü -tö -bë ==lö
kä.. esë'
ei
fox
nöpakämölë
lâsu
më
në- wë -ngö
badö
në- wölö -ngö ==dö
ä
ä
e
ëpwä -tä
tü- ngi
e
ayângölö -alo ==le
kâ
nëyâmnengö
käetu
tqamzblq -pä -mü ==ä
ëbü
alvëtö -ngö ==de
dötwö
lö
ngö
müngö
lâlö
mwi lälö -ngrgr
nâblo
tü- vë -dë ==pe ==kö
skul
në- vë rbr -kö ==dö
muöde
abë
ëbë
jenwzri
nide
tü- lu -nge -o -mü ==le
vë -bë
në- wë -kö
doa
nölâkäbü
kâ
wë ==kö
peto
ä
bamu
tü- pi ==pe -m
kâ
gât
më
sophia
këdung
mü
nigö
kâng
dwalc
pöla
ni- ==nge
kâ
- äpe ==pe -mü
ëbë
trlxpepqu
nigö
skul
da
töau
më
më
muöde
ma -ti -ne -tö
kä.. etu
kâ
wü
male lvi -tä ==de
lâlö
ni- ==nge
- alvëtö ==lö
mönyë ==de
bia
bäki
ngö
dötwö
më
mnâ -tä -o pwz
ä
- rpna' mou -mü ==ng
wo
bot
të- ö- pi ==pe -mü ==lö
mëli
mwekati
më
dötü ==de
a'
- suti
tü- ö- kawi -ti ==kö
ä
më
sâ
tü- oti ==pe ==le
löpëki
ma
lâsu kä.. lvâ
dü
sâ-
lika
sâ ==de
naü
bäki
kâ
wë -ngö
dötü ==de
në- vo -tö -mü ==ng
hill
ä
të- siklu -pä -ngö -mü ==lö
ö ==gö
lâ
lö
më
ni- ==nge
tü- dwati -bë ==le
mwi ==kö
na- ka -bë
rum
oti mou -bë ==le
bona
a'
kâng
pöki
lâ
sâ ==dö
sâ-
tu ==pe ==le
dötü ==de
tü- wäbu -pä -mü ==
tqlakiopeq
në- yökö -mü ==ng
na- ölälvë ==ng
sam
bqtc
lâlö
a'
- mâ
ä
kä..
lâ
yâ -pä
brenda
bwapc
tü- obü -tö ==pe
e
mökâ
kâ
doa
bä -tö -tä pwë
më
nzlvz
rum
më
ä
në- vë -kö ==gö
kä..
tzlede
taol
döka'
ä
esë'
yâ -ti -tä -pwz ==le
blü
tömâtu
jenwzri
nâdö
mökâ
temë
më
mei -tä =NULL
kä.. etu
ke
më
tü- ngelu mou ==ä
ngö
sâ-
nimu
- ötöngö -ngö -bë
sâ-
ö ==de
badö
kuli
na- yapwä -ti -bo
në- wë -ngö
a'
leplë
keapule
tö- vzne ==ka ==kö
katris
kä..
sâ-
dopx
nümü
ëbü
bagö
tobaita
ä
ä
sâ-
ä
sâ-
mëli
awi -tä ==pe
në- aâlve -kö -bo
töte ==nge
më nibö
edwin
kä..
ncnqmz
müngö
jon
tü- küle ==pe -bë ==le
yrlzkile
a- lopli ==ä
a'
köa- li
yâ -tä -bë
mzdealwx
ni- ==nge
löpë
më
në- ö- plamei -ti -kö ==de
lore
kâma
lö
nëyâmnengö
sâ ==de
në- yöle -kö ==de
më
pöla
lâsu
më
në- o -tö -ngö
bot
ö- pi ==le
kâ
oti -mü
na- vë -mi ==pe ==ä
katkis
kä..
më
mnâ -ti ==kö
nëmu
löpë
gü
sâ
mëli
nabö.nabë
doa
lâ
mzizbxlo
sâ-
pi -bë
- mwible -ti ==lö
ayzpr -ti -lë == kai ==ä
trpaliki
nëmu-köde
kâ
më
ngö
tü- mâ ==pe ==ä
ä
kä.. etu
nëöyöngö
sâ-
domaa
mrlikc
bom
- ela -mi
kämu
kâ
kâ
dalö
mëli
ä
ä
në- ö- plx -kö ==dö
ni- ==nge
nâblo
më
tü- ö- pi ==pe -bo
sâ-
tobaita
lö
bisop
të- a- yëlu
me- ngabü
nounâ
ngi
ä
bagö
kâ
lâsu
medisin
tae
leplë
kâ
kä..
sâ-
gwalekana
më
pu
badö
nölâ
më
tengz
nölâ
dwakcrma
ma
na- vë ==kö
amölä
bwapc
amölä
vë -nöbalü -ne ==kö
dötü ==de
më
yöni -ebiö ==pe -ngü
kâ
belo
kio
në- ö- ka -kö -bë
badö
tü- vë ==pe -mü
peto
nipna'
kâ
ba- ==nge
muöde
nölâkäbü
blang
tü- ö- yö -ngö ==ne
sâ-
kä..
tü- mnâ -ti ==kö
elalë -tx -ngö -mü dötwö ==gö
më
kâ
elö
ö- mâ
lâ
sâ-
tü- tu
ä
kä..
amncamu
mëli
- abëo ==ng
vë -bë
ä
në- mu -ngö
muöde
tü- mu ==pe ==kö
biukan
kä.. etu
ne ==dö -ngü
më
tö- kölë ==ä -u
tömâtu
kâ
esablü -pä -mü
më
ma
dü
më
më
bznwz
tü- wäbu -pä -ngö -mü
të- ngöla -lvë -ti ==pe ==lö
më
nâblo
ösakölö -ngö
ma
döka'
ä
tzsiu
kalöla
clq
neboi
myapä -bë -ngü
ä
kö. ==mü
jenwzri
kä..
doa
ngö ==de
a- mwi -ti -tä pwë ==le
da
kä..
ka
mökâ
mëtea
sâ-
nëlu
lcsu.r.vea
mq
kâ
më
ä
nc.soli
- alvëtö -
leplë
nide
ä
ä
mölë
kä..
të- vë -ki -pä ==lö
kâ
ëbü
ëbü
bea
mökâ
tü- vo ==be
nëyölëngö.nëyölë
na- ngelu -ngö
ä
më
kranzlvqnq
kä..
në- o -ägle ==lö
rpitxlzbz
kâng
lopöta
gwalekana
vë
kä..
më
wai kë ==le
tü- o ==kö
natü
a'
kölë ==pe -bë ==kö
kä..
dapq
kä..
kxmo
nimu
dötü ==de
të- rtwz -ti ==ng
tü- a- su ==le
më
të- ma -nüblü ==pe ==lö
da kâ
ma
mëli
në- mu -kö ==gö
kölë -bë ==le
kë
tqwrtrpq
të- angölvë ==pe
lolvë -o ==amu
tü- vë -tä ==pe
më
skul
nëwö ==de
peto
kâ
ëbü
mengalu
maket
kâ
nigö
- mâ
më
sop
ä
nide
në- vë -o -kö ==dö
- amnü -lvë -ngö
olvë
takes
më
në- a- mu kä.. tö -kö ==de
peter
na -bo
tü- tu
në- wë -ngö
të- dwa ==be -tö ==pe -bë
nzrtekqtrngr
medisin
kä.. etu
të- obü kapü -pä ==pe ==ng
nakipopex
aijz
mëtea
nounâ
ä
vo -mü ==o
skul
nigö
në- ngini -kö ==nge
ngö ==dö
më
ëlwë
tü- kaputö -ngö -bë
ä
sâ-
ä
ä
këble -ngü
ëbü
lâng
kâ
- ö- pi -bë
nepa'
kâ
döka' -ngö
mëli
kâ
më
newë
skul
nölâ
nemnckzn
nâbö
lemwzlo
dâbë
më
rlvitxo
gât
bagö
kâng
kâ
lökö'
kölë -mü ==le
doa
yâ läblö -bë
në- äplö -kö
kio
nike.[(bënwë.dialeât)]
ëbë
nöâ
bünâ
ä
ngrlrm
mwe
kâ
ä
nibö ==de
o
ncole
në- vë ==pe -kö
ä
më
nuz'
awi -tä -ngö -bo
bom ==le
më
tü- mu -ngö ==gö
më
mökâ
bot
badö
utâ
kä..
më
a'
yië
tü- tu -tö -mü
kâng
peto
kä.. külu
ä
nâbö
meöikol
lâdeng
tzkabong
nöpakämölë
lâsu
na- a- mölë -tö -ngö -bë ==lö
ni- ==nge
töpnëngö
tö- boi -u
esë'
dötü ==de
badö
nidö
në- ö- katx -kö ==de
mëli
skul
ëbë
sâ-
në- veâ ==kö
narnztilolx
ä
kâng
nâblo
nëköka'
yu
kä..
ökä
në- angio -kö ==gu
doa
kâ
ëbü
tömâtu
ä
më
këdung
möka
na- pi -tä -bë ==o
dötwö ==nge
na ==gö
të- lvâ ate ==ng
kâ
nëlu
wia
më
nounâ
be.nyz.bq
më
naü
a'
ami
kâng
tü- yâmne -mü
mou
bë
- ale ==lö
na- mwi -ngö
lâdeng
metalo
kâ
meleu
lâde
twë -o -mü ==ä
tü- alvë -ne -tö ==pe ==ä ==
ngö ==dö
nabë.nepi
bia
bxputx
ni- ==nge
da
kâ
daniel
kä..
katris
ä
të- o -ëli ==pe ==lö
nzatwzlrngr
- siklu
nctrko
tü- ö- pi ==pe -mü ==le
ka -mü ==le
kâ
nyz' ==dö
a- möbö -tö ==le
kâ
ëyagoä
pripekt
ä
tu
lesile
ma
mou
kä..
bü
nüglü
möka
sâ-
lue
mökâ
mölâde
wili
ä
ä
tü- etu -ne -pä ==pe
kâ
më
nigö
lâ
atwëlö -ngö
peto
dâkölëde
vo -o -mü ==ä
nümü
yâmne -ki -mü ==le
tü- abuti -ti ==pe ==le
elö
nedr
köa- li
olvë
töau
abötë -tä -ngö ==gö
kâ
tewa
kä..
kâng
më
ä
sâ-
maplxle
bagö
ayönö
nöâ
tqkasilenim
ma
möbö -ti ==pe ==le
më
tü- ngölä -o ==pe
ä
ëbë
tewa
kampi
kä..
kä..
kä..
esë'
tü- yöke -lvë ==ä
- mne -ti
kä..
nou
dötü ==gö
kâ
natü
ä
sâ
pnz' -tä ==de
kâ
më
kâ
pipä -lëbü
tü- olväti ate ==le
leplë
mwä
tü- ö- pi ==pe -mü ==le
sâ-
sâ-
kâng
japan
na~amnrpqtipe~moq
fox
nina
külu -tä ==pe
mëli
tü- pi ==pe -bë ==le
lâsu
sâ-
kâ
natü ==nge
japan
bia
kâ
nenü
naonöä
waelas
ä
- amâ -ti
badö
kä.. etu
kâ
yië
ni- ==nge
tü- mölë
ile
lore
kë
mzdealwx
na- ötangö -ti ==kö
kâ
kä.. pötë
ö- pi -bë
- tü
ä
ëbü
mrnzq
kä.. etu
- abötë -lvë ==lö
be
në- wë -ngö
kä..
kai
nar ==mü
kâng
töte ==nge
nigö
nengq
më
më
testimcne
sâ ==dö
në- veâ ==kö
badö
ä
më
a'
vë
dalö
ninë
në- plëpä -kö mü ==mu
nou
mëli
kai
kä..
tzsiu
kâ
nyë ==gö
nzrpingr
ä
më
bagö
leplë
tölipu
pi -bo
të- mnâ -tä pwë
më
saemons
da
na ==dö
na- ngi
kâ
blë -kö
mwa -ti ==pe
lr.japan
kä.. etu
- ö- ka -bë
kâ
ni- ==nge
xmrngzrmqlangr
leplë
kä..
tü- osë ==pe ==ä
neboi
leu
nëotangö
ncokz
kä..
në- ö- kle -ngö
më
lö
na- o -së ==ä
nibö
ä
nigö
sâ-
kä.. në- skul
më
lö
sosaeti
gü
tü- kölë -lë ate -bë ==kö
lötëlvë
skul
më
të- mâ -pä ==pe -bë ==lö
- ö- pi -bë
läblö -ngü
katris
külu
auki
amölä
në- yöle -ti -kö ==de
tömâtu
pasto
kä.. yölë
dötwö ==de
tin
tü- mwi -tä ==pe ==
kä..
nibö ==de
nâ.tabao
nâbö
katris
nâblo
kâng
möbö -tä
pna -ti -bë ==kö
tqrkq
tü- a- glü ==pe ==kö
ä
na- köka' ëvë ==ku
nâ.nüngü
kä..
nâblo
prtrpq
elö
më
töpu
mölä
nölâ
badö
kâ
tö- në- külu -kö ==pe -pwü ==gö -u
ä
më
tqvzpeku
veranaso
natü
nigö
sâ-
mou
ngö
kâ ==pe
male -mi ==ä ==le
më
saotzn.kros
të- ya läblö ==pe ==ng
më
nâdö
muli
në- alvëtö -ngö
nâblo
nüvi
më
nide
kâ
kâ
kölâ
lâng
skul
më
wop
sipu
kâ
tö- - mneti -u
nâblo
nâtü
kä..
më
olvë kâ
tangtalau
käkë
këdung
yco
nyemu
më
kä.. topwë
të- ö- mâ ==pe ==ng
bamu
kä..
ö ==dö
kâmiti
- aelwa kz -ngö -bë
ötülödö
ö- pi -bo
na- bë ==pe -ngö ==gö
pöla
nzkzte
kxmrlz
tö- ölö -ngö -mü ==le -u
kâ
löpëu
badö
ä
doa
ä
kä..
lâsu
elö
ä
doa
nâboi
a'
tü- li -tö ==pe -bë
kâng
dwaki -lë -mü ==le
lâ
më
nëveângö
sâ-
kopora
fox
dötü ==de
külu
mötwë'
kio
nëökölëngö
lâsu
dâkta
badö
tzbipe
ngrwangr
nëöyöngökätö
ötangö ==
më
tü- köka' ==pe -bë ==
iwongr
kâ
kâ
dötwö ==nge
mista
da kâ
badö
presiden
kä.. etu
dâpwe
vaol
traolvzu
ma
pripekt
da
nide
kä..
kâ
kâ
nâblo
më
mâ ==ä ==le
nüni
ncnia
ëbë
nouöla
mepalu
ma
ëyagoä
ä
tü- do -tö
më
kä.. na- mu
nidö
kâng
mëtea
më
jenwzri
sâ-
nike
kâ
kä..
ä
ycpe.pipz
sâ-
në- wë -kö ==de
në- mnâ -kö ==gö
sâ-
nemya'
auki
natqgu
dëbö ==de
ka
a'
kä..
këte ==de -ngü
më
na- mnâ -ngö ==gö
yökö -pä ==ä
esë' -kö ==de
nemnung
sâ ==de -ngü
ä
më
dötü ==de
nounenü
mëli
kâ
doa
ölöu
- vë -bë ==ng
muöde
ka
a'
tü- etu -ne -pä ==pe
mökâ
skul
tü- poo ==pe ==ä
tü- yagoä
më
këu
rmcti ==kö
pi -bë ==le
pöla
päi ==
- atwëlö pwë
në- köka' -kö ==gö
nölâkäbü
ö ==de
bisop
skul
nyë ==nge
merikz
ne
ö- yëkö
në- sikapu -kö ==de
sâ-
më.nibö
- mâ -tö ==pe -mü ==lö
mnâ -ti ==ä
sâ-
kâ
elö
tü- siklu ==be -ngö ==ne
tapläsö ==gö
kâ
kâ
tenru
pa'lz
të- glü -tö ==pe -mü
satqlveping
manyzkxnzyagoxng
të- mnâ -ngö ==dö
pöla
nemya'
yölwö läblö ==kö