geluh#to.live.(be.alive)
men-#ACTIVE.VOICE jadi#to.become
kobo#water.buffalo
kane#even.(also)
kao#you.(hon)
kelok#very lah#emphasis
kelak#what.will.come
ni#in,.at.(space)
se-#HAVING.THE.SAME kune#HOW? -ne#MEASURE.NOMINALIZER
compang.camping#TATTERED
malet#neg
mame#uncle ==ne#=3SG
nggo#done.(finished)
compang.camping#TATTERED
khumah#home
si#relpro
khut#with
khut#with
amin#only lah#intensifier
kekhas#hard.(solid)
seban#wood
meng-#TO.APPLY.....TO.THE.OBJECT hokhmat#respect -i#TO.APPLY.....TO.THE.OBJECT
khut#with
balik#return.home,.to lah#intensifier
tebe#TOWARD.(A.PERSON)
si#relpro
khate#smooth.(of.surfaces)
mejile#well
kali#the.time.(that.something.happens) ==ne#=THE
iye#3sg
kekhine#all
se.enggo#AFTER
4-5#4.5
kami#we.(excludes.the.one.adddressed)
ni-#PAS.TR khakut#to.tie
singkil#Singkil
ingin#to.want
si#relpro
ni-#PAS.TR bahan#to.produce
kao#you.(hon)
kakhang#compose,.write
pul#after
akhah#direction
men-#ACTIVE.VOICE jumpai#to.find
suami#husband
enggo#have.been,.ever
kalak#person
ni-#PAS.TR undang#to.invite
se-#ONE kalak#person
ni#in,.at.(space)
ni#in,.at.(space)
me#to,..toward.(a.place)
subukh#fertile
ni#in,.at.(space)
jage#guard,.to lah#polite.imperative
bhatu#stone
men-#ACTIVE.VOICE cube#try
peng-#PERSON.WHO.HAS.... uase#power
khang.tue#PARENTS ==ne#=3SG
akhi#from
deleng#jungle
ni#in,.at.(space)
men-#ACTIVE.VOICE akhik#to.pull
si#relpro
akhi#from
iye#3sg
peng-#PERSON.WHO.HAS.... uase#power
edi#that,.those
ke-#CHARACTERSTIC.OF ganteng#handsome -en#CHARACTERSTIC.OF ==ne#=3SG
sikal#will
lain#other
manusie#HUMAN
edi#that,.those
men-#ACTIVE.VOICE jajah#to.colonize
malet#neg
si#relpro
pot#to.want
daekhah#area
khut#with
keluakhge#family
anak.laki#BOY
malet#neg
bedih#to.there.(far) bende#to.here
te#and
de#if
khut#with
e#that,.those
n-#ACTIVE.VOICE tukokh#buy
lawe#river ==ne#=THE
mame#uncle ==ne#=3SG
atau#or
m-#ACTIVE.VOICE ahan#to.produce
enggo#done.(finished)
ni#in,.at.(space)
tempo.die#PAST.TIME
tule#again
pasti#sure
negekhi#nation,.country
tekhsebut#previously.mentioned
khaje#king
nakbekhu#woman
pe-#TO.BE.REGARDED.AS tande#sign
se-#EACH ekas#space
tetapi#but
deleng#jungle
men-#TO.GO.TO.... kandung#uterus
ni#in,.at.(space)
ninik.moyang#ANCESTOR
ulang#do.not!
mende#better
ke-#NOMINALIZER tukhun#TO.GO.DOWN -en#NOMINALIZER
[c^1][v^1]-#REPEATED.ACTION khidi#bath
dikhi#self ==mu#=2ND.PERSON
pengulu.mude#PENGULU.MUDE
ato#watch,.look,.see
me-#TO.HAVE.... hasil#result
me-#TO.BE.... belin#large
iye#3sg
nange#again
cinta#love -i#GIVE.X.TO
si#relpro layakh#sail
si#relpro
kane#even.(also)
soh#to.arrive
madhe#negativizer
buah#one
meng-#TO.GO.TO.... adep#face
anak#child
si#relpro
khut#with
si#relpro
malot#neg
si#relpro
beliau#3sg.Hon
bulet#without.exception
de#if
manuk#chicken
ulang#do.not!
me-#ACTIVE.VOICE khase#feel,.to
tekh-#ABILITATIVE jadi#to.become
khugi#lose.money,.to
te#and
kawin#to.marry
malot#neg
bekhu.dinam#BRU.DINAM
sang#class.person
kabakh#news
penduduk#citizen
si#relpro layakh#sail
jabu#family
pejabat#officials.(government)
edi#that,.those
adalah#is
amin#only lah#emphasis
iye#3sg
me-#TO.DO.... dikusi#to.discuss
amin#only
tangis#to.cry
istekhi#wife
salah.sebuah#ONE.OF
edi#that,.those
oleh#by
nde#this
mem-#ACTIVE.VOICE babe#to.carry
si#relpro layakh#sail
ni-#PAS.TR bunuh#kill
soh#to.arrive ==lah#=FRONTED.ELEMENT
kane#even.(also)
tihang#port,.column
mem-#ACTIVE.VOICE opok#strike,.hit
ninik#grandmother
ate#heart
sambil#while
si#relpro
malet#neg
khut#with
te#and
nate#to.want ==ne#=3SG
kane#also
nakkhu#woman
wahai#O
pengulu.mude#PENGULU.MUDE
deleng#jungle
tege#merciless
lawe#water
te#and
khut#with
se-#RECIPRICAL tukokh#buy -en#RECIPRICAL
amek#mother
te#and
se-#ONE kalak#person
pitu#seven
makcik#aunt
si#relpro
si#relpro
si#relpro
te#and
mem-#CAUSATIVE utus#to.be.certain -ken#CAUSATIVE
gembikhe#happy
nange#again
kikhe#thought ==ne#=3SG
susah#difficult
tanpa#without
te#and
tukhun#TO.GO.DOWN ==lah#=FRONTED.ELEMENT
aneh#strange
pemain#child.in.law
[...]--#RDP hame#hama
wakhi#day
me#to,..toward.(a.place)
deleng#jungle
peng-#THE.ACT.OF.... ukhus#barren -en#THE.ACT.OF....
bekhangkat#depart,.to ==lah#=FRONTED.ELEMENT
khaje#king
sengaje#to.be.intended
ni-#PASS.INTR tahan#to.hold.back ==ne#=3SG
namun#but
bage#such.as
ulang#do.not!
hancukh#destroyed,.ruined
si#relpro
bekhu#wife ==ne#=3SG
hambe#servant
bage#such.as
khang.tue#PARENTS ==ne#=THE
sehinge#with.the.result
mange#yet,.not.yet
aku#1sg
tanoh#land
oleh#by
mem-#ACTIVE.VOICE angan#eat
tebe#TOWARD.(A.PERSON) ==mu#=2ND.PERSON
ke-#CHARACTERSTIC.OF susah#troublesome -en#CHARACTERSTIC.OF
niat#intention
kobo#water.buffalo
khaje#king
si#relpro
nde#this
te#and
mbue#many
woi#woi
laki-laki#male
ahli#expert
atau#or
positif#positive
ngekhan#Engkeran
babe#to.carry m-#TRANS balik#return.home,.to -me#POLITE.IMPERATIVE
wakhi#day
khaje#king
me-#TO.DO.... dalan#road kiding#foot
kami#we.(excludes.the.one.adddressed)
iye#3sg
te#and
me#to,..toward.(a.place)
mudah#easy
handhe#here
pengulu.mude#PENGULU.MUDE
aku#1s
men-#CAUSATIVE ading#live.(stay.in.a.place) -ken#CAUSATIVE
kakhene#because
ahli#expert
buah#one
istekhi#wife
khincim#even
men-#ACTIVE.VOICE cube#try
ni-#PAS.TR angap#to.view.as
khang.tue#PARENTS ==ne#=3SG
singkil#Singkil
akhi#from
me#to,..toward.(a.place)
bekhu.dinam#BRU.DINAM
amin#only
anak#child
iye#3sg
sendikhi#alone
uwis#cloth
namun#but
malet#neg
si#relpro layakh#sail
nakan#rice.(cooked)
nange#again
khaje#king
setekhusne#continuing
meng-#REPEATED.ACTION ena#to.be.on.target -i#REPEATED.ACTION
tonge#still
putus#to.break ase#hope
wakhi#day
bayak#rich
tanoh#land
buah#one
se.sikel#AS.IF
pen-#THE.ACT.OF.... dikhi#to.stand en#THE.ACT.OF.... ==ne#=3SG
bagi#for
tebe#TOWARD.(A.PERSON)
khaje#king
tanoh#land
deleng#jungle
peng-#PERSON.WHO.HAS.... uase#power
bekhu.dinam#BRU.DINAM
anak#child ==ne#=3SG
wakhan#root
tading#live.(stay.in.a.place)
n-#ACTIVE.VOICE dukhuk#to.shift
si#relpro
mulai#begin,.to
dunie#world
anakhu#GIRL
edi#that,.those
si#relpro
due#prayer
bhe#to,..toward.(a.place)
kalak#person
lembakh#wide.flat.thing
sikhe#salt
si#relpro
pidon#request ==ne#=THE
tekhus#to.continue
kane#even.(also)
anak#child ==ne#=THE
de#if
sebuah#one
kute#city
kawin#to.marry
tekhus#to.continue
pahat#chisel
iye#3sg
mbue#many
ninik#grandmother
si#relpro layakh#sail
wasiat#last.request
likal#head
nggou#done.(finished)
wakhisen#inheritance
tandok#sit.down,.to sile#cross.legged.position -me#POLITE.IMPERATIVE
bencane#disaster
tukang#CRAFTSMAN
ni#in,.at.(space)
anak#child ==ne#=3SG
kekhine#all
kane#so.that
ni-#PAS.TR tambah#Tambah
khoh#come,.to
me-#TO.DO.... limpah#overflow khuah#downpour
si#relpro
khut#with
khumah#home
te#and
pepige#some
pe#also
anak#child
meng-#ACTIVE.VOICE angkat#pick.up
per-#THE.PROCESS.OF tambah#Tambah
malot#neg
[...]-#VARIETY buah#fruit -en#VARIETY
ni#in,.at.(space)
wakhge#people
manusie#HUMAN
pengulu.mude#PENGULU.MUDE lah#emphasis
ni-#PASS.INTR sambut#greet,.to.receive
tapi#but
si#relpro
khut#participate
se.sikel#AS.IF
akhi#from
te-#ABILITATIVE tumpang#to.somersault kepaling#to.turn
ni#in,.at.(space)
layakh#sail
penduduk#citizen
n-#ACTIVE.VOICE tukokh#buy
me-#TO.HAVE.... dose#sin
abhang#brother,.older
ingin#to.want -ken#TRULY
iye#3sg
nakhen#often
pekhintah#order.(command)
bagi#to.share ==ne#=3SG
muncul#to.appear
khut#with
jeme#person
me-#TO.HAVE.... usahe#effort
anak#child
ame#mother ==mu#=2ND.PERSON
pul#after
dukun#shaman
gakhis#line
ni#in,.at.(space)
tanpa#without
me-#TO.DO.... masakhakat#sharia
nakan#rice.(cooked)
mampu#to.be.capable.of
side#previously.mentioned
kalihen#very
bulu#fur
tapi#but
me#to,..toward.(a.place)
bekhite#news
si#relpro
kau#2sg
si#relpro layakh#sail
atau#or
enggo#done.(finished)
te-#CAN gakhem#to.search.for -i#CAN
edi#that,.those
bue#many
aku#1sg
sekolah#school
kae#WHAT
khimo#tiger
sesikel#AS.IF
deleng#jungle
bebekhe#niece ==ne#=3SG
demikian#thus
calon#candidate
kakhene#because
hakhte#wealth
meng-#REPEATED.ACTION adikh#to.arrive -i#REPEATED.ACTION
si#relpro
kawin#to.marry
khajin#hardworking,.industrious
ape.bile#IF
hendak#to.intend
penduduk#citizen
te#and
salah#wrong,.false
men-#CAUSATIVE jadi#to.become -ken#CAUSATIVE
men-...-ken#CAUSATIVE ulung#to.gather -ken#CAUSATIVE
si#relpro layakh#sail
alas#alas
kami#we.(excludes.the.one.adddressed)
malot#neg
namun#but
kalihen#very
wahai#O
deleng#jungle
ngkhan#Engkeran
adinda#younger.sibling
uwis#cloth
milik#possession
anak#child
baba#to.carry -i#REPEATEDLY m-#TRANS balik#return.home,.to
baba#to.carry -i#REPEATEDLY m-#TRANS balik#return.home,.to
mejile#good
aku#1sg
ge#just
se-#HAVING.THE.SAME mase#time
bende#come.on ==lah#=FRONTED.ELEMENT
yakin#confidence lah#polite.imperative
kalaki#3mp
si#relpro
si#relpro layakh#sail
ge#just
ate#heart
napos#breath ==ne#=3SG
uwak#father kandung#biological ==ne#=3SG
sunyi#quiet
oleh#by
oleh#by
pagi#tomorrow
hampikh#almost
amin#only
kae#WHAT
ni-#PASSIVE cakhe#way,.method -ken#PASSIVE
meng-#ACTIVE.VOICE ato#watch,.look,.see
me-#TO.APPLY.....TO.THE.OBJECT milik#possession -i#TO.APPLY.....TO.THE.OBJECT
meng-#ACTIVE.VOICE ato#watch,.look,.see
gedang#long.(length)
silah.ken#PLEASE.GO.AHEAD
soh#to.arrive
ni#in,.at.(space)
sah#legitimate
ni-#PAS.TR ekhe#to.give etoh#know,.to
jekhok#conversation ==ne#=3SG
tekhus#to.continue
malet#neg
malet#neg
si#relpro layakh#sail
si#relpro
me#to,..toward.(a.place)
madhe#negativizer
tekun#diligent
nange#again
tekh-#ABILITATIVE singkikh#to.get.out.of.the.way
oleh#by
sakti#magical
si#relpro
ni-#PASSIVE asing#foreign -ken#PASSIVE
gakhis#line
dekah#old.(of.things)
malet#neg
si#relpro
saat#time
lebe#portion
sang#class.person
te-#ABILITATIVE jekhang#to.cook
balik#return.home,.to
meng-#ACTIVE.VOICE ato#watch,.look,.see
akhi#from
kabakh#news
ni#in,.at.(space)
pe-#HAVING.TO.DO.WITH... sakhat#condition.(pre.condition) -en#HAVING.TO.DO.WITH...
pe-#IMPERATIVE tengkau#to.stab
kakhene#because
aku#1sg
manuk#chicken
motokh#car e#that,.those
anak#child ==ne#=THE
me-#TO.DO.... babe#to.carry
bage#such.as
angkat#pick.up
se-#ONE kejap#bline
gane#to.cook
sebage#like
sikel#will
hendak#to.intend
jeme#person
kekhine#all
kane#even.(also)
kami#we.(excludes.the.one.adddressed)
si#relpro
dalan#road
si#relpro
mele#embarrassed
kane#so.that
dukun#shaman
si#relpro
ng-#ACTIVE.VOICE kekhet#cut,.to
sosok#figure
pe#just
tentang#about
handhe#here
khangtue#PARENTS
lain#other
khoh#come,.to
khase#feel,.to
biakh#fear -i#GIVE.X.TO
mem-#ACTIVE.VOICE babe#to.carry
sekolah#school ==ne#=THE
tanoh#land
oleh#by
te#and
pige#amount
kahkhene#because
khut#with
se-#ONE tekhus#to.continue ==ne#=3SG
coklat#chocolate
ate#heart
kekhi#finish.off,.to
senuan#plant
mame#uncle
miskin#poor
selese#to.be.finished
me-#TO.HAVE.... goto.khoyong#COOPERATION
keluakhge#family
kalihen#very
banjikh#flood
wakhi#day
iye#3sg
singkil#Singkil
khaje#king
iye#3sg
ni-#PAS.TR jumpa#certain -i#IMPERATIVE
si#relpro layakh#sail
wakhisan#inheritance
ulang#do.not!
edi#that,.those
wakhan#root
manusie#HUMAN
macam#type,.sort
bongi#night
kekhine#all
anak#child
alas#alas
lahekh#born ==ne#=THE
sikel#will
toh#king
daekhah#area
khut#participate
si#relpro
amek#mother ==ne#=3SG pe#also
bekhu.dinam#BRU.DINAM
niwekhe#coconut
akhi#from
ulang#do.not!
edi#that,.those
khut#with
sendah#presently,.nowadays
kidah#1sg
khumah#home
benakh#true
malet#neg
kekhe#ape
modal#capital
malot#neg
men-#CAUSATIVE indekh#to.build -ken#CAUSATIVE
khaje#king
tadi#just
de#if
men-...-ken#CAUSATIVE ekhe#to.give -ken#CAUSATIVE
sikel#will
anak#child
te#and
cukup#enough
oyek#no,.not.(of.nouns)
malot#neg
pengulu.mude#PENGULU.MUDE
jaye#successful
malot#neg
ke-#NOMINALIZER khoh#come,.to -en#NOMINALIZER
mejile#good
malet#neg
ni-#PAS.TR tumpang#to.somersault kepaling#to.turn
[...]--#RDP gakham#to.search.for -i#REPEATEDLY
sang#class.person
sebuah#one
mey-#ACTIVE.VOICE ambut#greet,.to.receive
te#and
pe#also
ni-#PAS.TR takhik#to.pull balik#return.home,.to
due#two ==ne#=3SG
tekh-#ABILITATIVE jadi#to.become
ni#in,.at.(space)
n-#CAUSATIVE tumpang#to.somersault kepaling#to.turn -ken#CAUSATIVE
keempat#fourth
jukhang#chasm
ni-#PAS.TR tengo#to.call
jabate#position ==ne#=3SG
anak#child ==ne#=THE
bhatu#stone
enggo#done.(finished)
bekhu.dinam#BRU.DINAM
si#relpro ape#where
tuan#master ==ku#=1SG
men-#ACTIVE.VOICE jadi#to.become
kabakh#news
sendah#presently,.nowadays
sang#class.person
me#to,..toward.(a.place)
m-#CAUSATIVE putekh#rotate -ken#CAUSATIVE
te#and
khang.tue#PARENTS
hakhte#wealth
sikel#will
tekh-#ABILITATIVE kecuali#except
nujum#fortune.teller
ende#this
kalak#person
de#if
madhe#negativizer
hambe#servant
pe-#HAVING.TO.DO.WITH... khencane#plan -en#HAVING.TO.DO.WITH... ==ne#=3SG
kabupaten#county
pakek#to.use
belin#large
bekhe#nephew
nimai#to.wait
ke-#NOMINALIZER jaya#successful -en#NOMINALIZER
tebe#TOWARD.(A.PERSON)
gakham#to.search.for -i#REPEATEDLY
te-#PASS.TR kukhik#to.pierce -ken#PASS.TR
gegakhe#the.reason.something.happens
ni-#PAS.TR bunuh#kill ==ne#=3SG
malet#neg
dempik#cry.out,.to
anak.laki#BOY
akhi#from
ajaib#magic
anak#child
ni-#PAS.TR bunuh#kill
gendang#long.(length)
anak#child ==ne#=3SG
lahikh#born lah#intensifier
pe-#HAVING.TO.DO.WITH... nata#clear -en#HAVING.TO.DO.WITH...
si#relpro
ke-#NOMINALIZER kuasa#power -en#NOMINALIZER
ni-#PASS.INTR atou#to.see -ken#PASS.INTR
si#relpro
penjelasen#clarification
pudi#behind
alas#alas
ni#in,.at.(space)
bekhu#wife ==ne#=3SG
si#relpro layakh#sail
sikel#will
se.enggo#AFTER
cekhite#story
khut#with
te#and
ke-#NOMINALIZER tukhun#TO.GO.DOWN -en#NOMINALIZER
namun#but
tebe#TOWARD.(A.PERSON)
salah.sebuah#ONE.OF
kanda#older.sibling
[...]--#RDP hewan#animal
men-#ACTIVE.VOICE ukokh#buy
edi#that,.those
si#relpro
akhi#from
kao#you.(hon)
sendikhi#alone
malot#neg
me-#TO.HAVE.... bongi#night
n-#DURATIVE? tegu#to.pull -i#DURATIVE?
singkil#Singkil
me-#TO.HAVE.... baju#shirt
mampu#to.be.capable.of
mulai#begin,.to
hokhmat#respect ==ne#=3SG
enggo#done.(finished)
kendukhi#feast
begedi#like.that
kalihen#very
si#relpro
manusie#HUMAN
kake#sister
suatu#a
kae#WHAT
pejabat#officials.(government)
te#and
tanoh#land
aku#1sg
sikel#will
tuan#master
deleng#jungle
khumah#home
malot#neg
pekhsi#version
iye#3sg
aku#1sg
kawin#to.marry
mampu#to.be.capable.of
jagung#corn
anakhu#GIRL
khut#from
bangse#nation,.people
si#relpro
tahun#year ==ne#=THE
belagakh#young.man
geluh#to.live.(be.alive)
iye#3sg
penduduk#citizen
khut#also
lah#emphasis
awak#waist
khoh#come,.to ==lah#=FRONTED.ELEMENT
te#and
ni-#PAS.TR tukokh#buy ==lah#=FRONTED.ELEMENT
si#relpro
te-#PASS.TR tukokh#buy -ken#PASS.TR
pekhbuat#to.do
pekhistiwe#event
me#for
si#relpro
khaje#king
ende#this
aku#1sg
me-#TO.HAVE.... doe#prayer
pukhih#midvein.of.leaf
bungki#boat
pen-#HAVING.TO.DO.WITH... dekhite#suffering -en#HAVING.TO.DO.WITH...
ke-#NOMINALIZER hadikh#to.arrive -en#NOMINALIZER
khang.tue#PARENTS ==ne#=3SG
takjub#amazed
sekali#once
pengulu.mude#PENGULU.MUDE
ganas#wild
malot#neg
mulai#begin,.to
te#1p
geluh#to.live.(be.alive)
khut#with
kelak#what.will.come
balik#return.(go.back)
tekhus#to.continue
khemeh#remeh
lain#other
pakhah#serious,.severe.(of.problems,.illnesses,.etc)
anak#child
tuan#master ==ku#=1SG
enggo#done.(finished)
cekhe#to.divorce
ni-#PASSIVE kakhene#reason -ken#PASSIVE
petame#first
uwak#father ==ku#=1SG
ni-#PAS.TR tambah#Tambah
tipu#trickery daye#energy
niat#intention
sendikhi#alone
megekhogoti#to.gnaw.on
kute#city
lebhe#first
men-#TO.CAUSE.TO.BECOME... damba#desired -ken#TO.CAUSE.TO.BECOME...
angote#member
anak#child
si#relpro layakh#sail
sedang#in.the.process.of
tule#again
dalan#road ==e#=THE
me-#TO.DO.... untung#count,.reckon
manusie#HUMAN
se-#HAVING.THE.SAME [...]--#RDP sikel#will
si#relpro layakh#sail
dikhi#self ==ne#=3SG
si#relpro
me-#TO.DO.... limpah#overflow khuah#downpour
megah#magnificent
ate#heart
tekhagedis#tragic
kane#even.(also)
hambe#servant
bakhu#just lah#emphasis
uwak#father ==ne#=3SG
ni#in,.at.(space)
me#to,..toward.(a.place)
akhi#from
ni#in,.at.(space)
pekh#HAVING.TO.DO.WITH... cuba#try -en#PROCESS.OF
saat#time
[...]--#RDP benakh#true
sebuah#one
meng-#ACTIVE.VOICE inget#remember,.to
lebe#portion
pakcik#uncle ==ne#=3SG
tekham#to.kick tunjang#to.lunge -i#REPEATEDLY
oleh#by
jumpe#meet,.to
kane#even.(also)
iye#3sg
meng-#ACTIVE.VOICE alikh#to.fow
me-#TO.DO.... babe#to.carry
kelak#what.will.come
ketang#rotan =e#THAT
asal#source ==ne#=3SG
pengulu.mude#PENGULU.MUDE
laus#go mece#to.read.holy.books
ni.hande#HERE
mame#uncle ==ne#=3SG
ni-#PAS.TR bagi#to.share
te-#ABILITATIVE gusuk#scrub,.to
me#to,..toward.(a.place)
kakhene#because
khase#feel,.to
ni-#PAS.TR pe-#SEMANTIC.ROLE:.PATIENT kikhe#to.think -ken#SEMANTIC.ROLE:.PATIENT
te#and
[...]--#PLURAL selikh#concubine
akhi#from
laus#go
namun#but
ahli#expert
cemekh#concerned
tekh-#ABILITATIVE tandok#sit.down,.to
ke-#CHARACTERSTIC.OF penting#important -en#CHARACTERSTIC.OF
sendah#presently,.nowadays
kalak#person
halaman#yard
me-#TO.HAVE.... usahe#effort
kobo#water.buffalo
malot#neg
si#relpro layakh#sail
[...]-#VARIETY buah#fruit -en#VARIETY
nange#again
pengulu.mude#PENGULU.MUDE
geluh#to.live.(be.alive)
kekhine#all
sebuah#one
iye#3sg
jeme#person
te#and
khut#with
tebe#TOWARD.(A.PERSON)
wahai#O
si#relpro
kado#to.give.a.gift
mekh-#ACTIVE.VOICE awat#to.take.care.of
hakhte#wealth
setiap#every
kakhene#because
tihang#port,.column
laus#go
te#and
wali#guardian ==ne#=THE
mate#eye
kekuaten#strength
me-#TO.HAVE.... page#rice.(plant)
kae#WHAT
khaje#king
bali#same
namun#but
pagakh#gate
jukhang#chasm
suakhe#noise
si#relpro
akhi#from
si#relpro
ogek#not
mem-#ACTIVE.VOICE babe#to.carry
desa#village
malet#neg
se.engo#AFTER
cut#little.(small)
edi#that,.those
anak#child
edi#that,.those
me-#TO.DO.... daun#drug,.medicine
pen-#PERSON.WHO... tekhus#to.continue
kute#city
agup#to.be.capable.of
tanoh#land
si#relpro layakh#sail
kalak#3mp
me-#TO.DO.... bahan#to.produce
endhe#it
wayang#very
sebuah#one
bage#such.as
khimo#tiger
ni#in,.at.(space)
pakek#to.use
kekhet#cut,.to -i#REPEATEDLY
nakhu#GIRL
si#relpro
tanoh#land
sikel#will
aku#1sg
me#to,..toward.(a.place)
pe#also
te#and
mame#uncle ==ne#=3SG
anak#child
apelagi#furthermore
ahli#expert
edi#that,.those
ke-#CHARACTERSTIC.OF suwi#magical -en#CHARACTERSTIC.OF
kobo#water.buffalo
si#relpro
khumah#home
edi#that,.those -me#INTENSIFIER
khut#with
n-#TO.GO.TO.... datas#top
me#to,..toward.(a.place) ngkekhan#Engkeran
te-#ABILITATIVE tawe#laugh,.to cikhem#smile,.to
me-#TO.DO.... bahan#to.produce
ende#this
mbue#many
tekhsebut#previously.mentioned
jahat#evil
kekhang#clam
de#if lah#emphasis
soh#to.arrive
iye#3sg
de#if
malet#neg
edi#that,.those
kekhine#all
bujuk#persuasion -en#NOMINALIZER
wakhi#day
lembu#cow
me-#TO.DO.... pikekh#THINK,.TO
nggo#done.(finished)
khamah#boyfriend ==ne#=3SG
kekhan#Engkeran
m-#ACTIVE.VOICE putekh#rotate
te#and
nujum#fortune.teller
oyek#no,.not.(of.nouns)
se.enggo#AFTER
khang.tue#PARENTS ==ne#=3SG
ni#in,.at.(space)
bage#such.as
te#and
menukhut#according.to
abhang#brother,.older
ni-#PAS.TR mulai#begin,.to
si#relpro layakh#sail
kalak#3mp
si#relpro
laki-laki#male
se-#ONE [...]--#RDP sikel#intend,.to
pake#wear,.to
tukhun#TO.GO.DOWN men-#ACTIVE.VOICE tukhun#TO.GO.DOWN
gemakh#to.like
si#relpro
ge#just
tanoh#land
akhi#from
iye#3sg
ke-#NOMINALIZER gembikh#happy -en#NOMINALIZER
khut#with
si#relpro
singkil#Singkil
te-#ABILITATIVE bhabhe#to.carry m-#TRANS bhalik#return.home,.to
madhe#negativizer
penduduk#citizen
lawe#water
sang#class.person
me-#TO.APPLY.....TO.THE.OBJECT milik#possession -i#TO.APPLY.....TO.THE.OBJECT
edi#that,.those -me#INTENSIFIER
kalihen#very
batin#inner.soul
si#relpro
ciduhken#display,.to
ni#in,.at.(space)
tuan#master ==ku#=1SG
sikel#will
kalak#person
[...]--#RDP hanjakh#slowly
khut#with
bangku#for.me
te-#ABILITATIVE babe#to.carry m-#ACTIVE.VOICE bhalik#return.home,.to
gelap#dark
kisat#lazy
amin#only
pepagi#morning ==ne#=3SG
cindekh#stand.up,.to
khugi#lose.money,.to
bekhu.dinam#BRU.DINAM
anak#child
khut#with
me-#TO.HAVE.... pangkat#rank,.station.in.life
tebe#TOWARD.(A.PERSON)
pakek#to.use
mulai#begin,.to
bebekhe#niece ==ne#=3SG
sitok#little.(not.inch)
khaje#king
me-#TO.HAVE.... sekolah#school
[...]--#PLURAL anak#child
pepagi#morning ==ne#=THE
gembikhe#happy
laki-laki#male
kane#even.(also)
cinte#love
panganen#food
m-#CAUSATIVE bulak#to.collapse -ken#CAUSATIVE
ni-#TRAN.PAS kakhunia#blessing -i#TRAN.PAS
te#and
lawe#river ==ne#=THE
ngulih#to.return -ken#IMPERATIVE
engo#done.(finished)
ende#this
anak.laki#BOY
ke-#CHARACTERSTIC.OF jujukh#honest -en#CHARACTERSTIC.OF
anak#child
ate#heart
acam#to.threaten -en#OBJECT.OF.VERB
abhang#brother,.older
anak#child
meng-#ACTIVE.VOICE hadikh#to.arrive -i#DURATIVE?
cekhite#story
se-#RECIPRICAL tegu#to.pull -n#RECIPRICAL
lebe#portion
sikel#intend,.to
nggo#done.(finished)
peng-#PERSON.WHO.HAS.... uase#power
ahli#expert
si#relpro
kekade#thing,.item
tuak#alcoholic.drink
si#relpro
di#that,.those
sebuah#one
wakhi#day
si#relpro
se-#ONE kalak#person
tebe#TOWARD.(A.PERSON)
madhe#negativizer
te#and
kekhine#all
kalak#person
wakhisen#inheritance ==ne#=THE
anak#child ==ne#=3SG
pekhtame#first
sabakh#patient.(calm)
tule#again
bekhe#nephew ==ku#=1SG
kalak#3mp
kali#the.time.(that.something.happens) ==ne#=3SG
==mu#=2ND.PERSON
kami#we.(excludes.the.one.adddressed)
ni-#PAS.TR tekhime#receive
anak#child
ekas#place
kane#even.(also)
cut#little.(small)
aku#1sg
uan#dad -me#EMPHASIS
malet#neg
hadi#THERE
malot#neg
cekhok#speak
wahai#O
pejabat#officials.(government)
me#to,..toward.(a.place)
men-#ACTIVE.VOICE pekhintah#to.govern -ken#CAUSATIVE
sementakhe#temporarily
metekh#meter
me-#TO.HAVE.... deleng#mountain
men-#ACTIVE.VOICE indekh#to.build -ken#CAUSATIVE ==ne#=3SG
laki-laki#male
tetap#Permanent
gukhu#teacher
gakham#to.search.for -i#REPEATEDLY
sawit#palm
si#relpro
te-#ABILITATIVE tandok#sit.down,.to me-#TO.HAVE.... sile#cross.legged.position
si#relpro
bakhu#just
malet#neg
kene#also
bage#such.as
bayi#baby
de#if
ke-#NOMINALIZER hadikh#to.arrive -en#NOMINALIZER ==ne#=3SG
uan#father
[...]--#RDP macam#type,.sort
khaje#king
malot#neg
khut#with
buhung#remeh
anak.laki#BOY
metuah#holy
endhe#it
bantu#to.help -en#OBJECT.OF.VERB
ni-#PASSIVE khagu#doubtful -ken#PASSIVE
lemes#limp
kakhene#because
me#to,..toward.(a.place)
edi#that,.those
si#relpro layakh#sail
ni-#PASS.INTR laus#go mece#to.read.holy.books -ken#PASS.INTR
kane#so.that
te#and
main#to.play
medem#sleep,.to
paling#very,.extremely
ni-#TRAN.PAS khestu#blessing -i#TRAN.PAS
tanoh#land
khut#with
mude#young
edi#that,.those
tebe#what.happened
debekhu#woman
se-#ONE kelompok#team
alas#alas
sesikel#AS.IF
jeme#person
lelukhuh#entire
mem-#CAUSATIVE utus#to.be.certain -ken#CAUSATIVE
kukhang#less
kekhine#all
kalaki#3mp
sebuah#one
wakhi#day
sendah#presently,.nowadays
men-#ACTIVE.VOICE jadi#to.become
e#that,.those
panen#harvest
deleng#jungle
me-#TO.DO.... kembang#to.grow ==ne#=3SG
iye#3sg
adalah#is
bekhu.dinam#BRU.DINAM
te#and
ampun#mercy
bekhite#news
ni-#PAS.TR pinang#to.propose.(marriage)
meng-#ACTIVE.VOICE anut#to.follow
tulang#bone
ni-#PASSIVE kate#word -ken#PASSIVE
kase#so.that
hasil#result
ni-#PAS.TR bunuh#kill
anakhu#GIRL
delaki#male
mpus#garden
bage#such.as
edi#that,.those
se-#ONE wakhi#day
si#relpro layakh#sail
tentang#about
men-#ACTIVE.VOICE andai#acquainted.to
sang#class.person
gat#continue
laki#husband ==ne#=3SG
tebhu#sugarcane
wayang#very
te#and
men-#CAUSATIVE dabuh#to.fall -ken#CAUSATIVE
meng-#ACTIVE.VOICE anggu#to.bother
cangkul#hoe
te#and
men-#ACTIVE.VOICE jadi#to.become
mem-#ACTIVE.VOICE ege#hear,.to
tekhjal#steep
ulang#do.not!
si#relpro
saling#mutual,.mutually
khaje#king
me-#ACTIVE.VOICE bace#read
akhi#from
ni-#PAS.TR lajang#single -i#IMPERATIVE
[...]-#VARIETY ikhing#to.travel.in.a.group -en#NOMINALIZER
oleh#by
engo#done.(finished)
lah#emphasis
kabakh#news
kadang#Perhaps,.probably
sendikhi#alone
bekhu.dinam#BRU.DINAM
wakhi#day
pe#also
sang#class.person
ni-#PAS.TR banding.ken#to.compare
malot#neg
puhun#aunt
malet#neg
akhi#from
me-#TO.HAVE.... hak#rights
kisah#story
nol#zero
si#relpro
jeme#person
sipat#characteristic
si#relpro
tapi#but
pade#on.(of.dates)
men-#CAUSATIVE afsikh#to.interpret -ken#CAUSATIVE
si#relpro
manusie#HUMAN
khaje#king
aku#1sg
te-#ABILITATIVE takhik#to.pull
ampun#mercy
me-#ACTIVE.VOICE khase#feel,.to
amin#only
manusie#HUMAN
sendah#presently,.nowadays
aku#1sg
bakhu#new
khut#with
meleset#to.miss.the.mark
mejile#good
cangkul#hoe
keji#vile
si#relpro
ulang#do.not!
ende#this
impal#cousin ==mu#=2ND.PERSON
men-#ACTIVE.VOICE andung#uterus ==ne#=3SG
kae#WHAT
te#and
sulit#complicated
sikel#will
si#relpro
walau#despite
modal#capital
si#relpro
aku#1sg
sangub#to.be.able.to
patani#farmer
enggo#done.(finished)
gelakh#name
tekh-#ABILITATIVE jadi#to.become
meng-#ACTIVE.VOICE elem#hold.onto,.grasp
mame#uncle ==ne#=3SG
kondisi#condition
enggi#younger.brother.or.sister ==mu#=2ND.PERSON
me-#TO.BE.... tahan#resilient
ke-#CHARACTERSTIC.OF ganteng#handsome -en#CHARACTERSTIC.OF
ahli#expert
[...]--#RDP dempik#cry.out,.to
bekhite#news
pade#on.(of.dates)
suasane#situation
kalak#3mp
bekhu#wife ==ne#=3SG
die#while.ago
laki-laki#male
men-#ACTIVE.VOICE cube#try
tas#PURSE
pe-#THE.PROCESS.OF geluh#to.live.(be.alive)
pakhang#machete
mengindah.ken#TO.CARE.ABOUT
khumah#home
anak.laki#BOY
[...]--#REPEATED.ACTION atou#to.look
pas#exactly
de#if
kelak#what.will.come
paling#very,.extremely
waluh.belas#EIGHTTEEN
adalah#is
khumah#home
anak#child
sang#class.person
me#to,..toward.(a.place)
te#if
kawin#to.marry
nde#this
khaje#king
ni#in,.at.(space)
khaje#king
ni-#PAS.TR pinpin#to.lead
mahal#expensive
se-#ONE kalak#person
si#relpro
sebuah#one
mampu#to.have
te#and
ni#in,.at.(space)
mem-#ACTIVE.VOICE bunuh#kill ==ne#=3SG
kakho#Karo
te#and
khut#with
dikhi#self ==ne#=3SG
te#and
hanjung#bedroom
khoh#come,.to ==lah#=FRONTED.ELEMENT
kanda#older.sibling
nujum#fortune.teller
niat#intention
te#and
bakhu#just ==lah#=FRONTED.ELEMENT
si#relpro
ni#in,.at.(space)
setekhusne#continuing
bhe#to,..toward.(a.place)
dengkil#filthy
nange#again
sang#class.person
tanoh#land ==ne#=THE
khitan#circumcise -en#OBJECT.OF.VERB
tekhus#to.continue
iye#3sg
cinte#love
khut#participate
me-#TO.HAVE.... usahe#effort
ni#in,.at.(space)
hamil#to.be.pregnant
tule#again
balok#beam
ni#in,.at.(space)
tebe#TOWARD.(A.PERSON)
ulang#do.not!
wahai#O
te#and
kane#even.(also)
babe#to.carry m-#ACTIVE.VOICE balik#return.(go.back)
pihak#side.(of.an.issue)
me-#TO.HAVE.... sokhat#cheer
lebe#portion
nggo#done.(finished)
khumah#home
kakhene#because
men-#ACTIVE.VOICE jadi#to.become
me-#TO.HAVE.... sekolah#school
nange#again
si#relpro
tetap#Permanent
padahal#even.though
mame#uncle ==ne#=3SG
pepige#some
belang.kejekhen#BLANGKEJEREN
sang#class.person
ngo#done.(finished)
lupe#to.forget
ke-#CHARACTERSTIC.OF sabakh#patient.(calm) -en#CHARACTERSTIC.OF
khaje#king
pe-#PERSON.WHO.DOES.... lawat#to.visit
kekhine#all
si#relpro
ni-#PAS.TR tekhime#receive
muncu#to.appear ==lah#=FRONTED.ELEMENT
pade#on.(of.dates)
mate#eye
te#and
bakhu#just
bhone#yesterday
te#and
alas#alas
se-#ONE anak#child ==ne#=3SG
te#1p
ni#in,.at.(space)
tawe#laugh,.to cikhem#smile,.to -i#REPEATEDLY
malot#neg
ni-#PASS.INTR lahekh#born -ken#PASS.INTR
pe#also
mahkota#crown
iye#3sg
edi#that,.those
si#relpro layakh#sail
pe#just
ke-#CHARACTERSTIC.OF gigih#active -en#CHARACTERSTIC.OF
me-#TO.APPLY.....TO.THE.OBJECT milik#possession -i#TO.APPLY.....TO.THE.OBJECT
iye#3sg
pesan#order
me#to,..toward.(a.place)
kase#even.(also)
balik#return.home,.to
setekhusne#continuing
kiasat#strategy
hakhte#wealth
salah.sebuah#ONE.OF
pengulu.mude#PENGULU.MUDE
khut#with
me#for
kami#we.(excludes.the.one.adddressed)
me#to,..toward.(a.place)
si#relpro layakh#sail
meng-#ACTIVE.VOICE ate#word -ken#CAUSATIVE
soh#to.arrive
si#relpro
kane#even.(also)
baba#to.carry -i#REPEATEDLY m-#TRANS balik#return.home,.to
awak#waist ==ne#=3SG
kidah#1sg
ni#in,.at.(space)
me-#TO.HAVE.... bagas#variety
nde#this
tandok#sit.down,.to sile#cross.legged.position -me#POLITE.IMPERATIVE
amek#mother
me#to,..toward.(a.place)
oleh#by
iye#3sg
me-#TO.DO.... dikusi#to.discuss
geluh#life ==ne#=3SG
khut#with
ate#heart
bage#such.as
se-#ONE kalak#person
khumah#home
tekhus#to.continue
ahli#expert
se-#ONE kalak#person
tekhsebut#previously.mentioned
akhikh#the.end ==ne#=THE
ngkekhan#Engkeran
si#relpro
mem-#ACTIVE.VOICE angku#to.hold.in.lap
me-#TO.APPLY.....TO.THE.OBJECT milik#possession -i#TO.APPLY.....TO.THE.OBJECT
ate#heart
khut#with
tege#merciless
sitok#little.(not.inch)
sange#until
semange#before
sendikhi#alone
daye#to.sell
bahagie#happy
sayukh#vegetable -en#VARIETY
me#to,..toward.(a.place)
ni#in,.at.(space)
m#DURATIVE? pangan#eat -i#DURATIVE?
adih#THERE
men-#ACTIVE.VOICE dohokh#to.approach -i#DURATIVE?
pemude#young.man
pe#however
undangen#invitation
me-#TO.DO.... juang#to.struggle
cekhane#metal.tray
te#1p
semsakhe#suffer,.to
ni-#TRAN.PAS geluh#life -i#TRAN.PAS
oleh#by
nujum#fortune.teller
anak#child
baginen#part ==en#=3SG
nde#this
dapet#get,.receive
tandok#sit.down,.to sile#cross.legged.position -ken#IMPERATIVE
awe#face ==ne#=THE
patkhilineal#patrilineal
pot#to.want
lah#emphasis
khaje#king
hasil#result
amek#mother ==ne#=3SG
bulan#moon
su#very.
se-#ONE sosok#figure
mbelin#large
deleng#jungle
iye#3sg
nggo#done.(finished)
nange#again
engek#younger.sibling kandung#uterus
khut#with
pakek#to.use
ahli#expert
pagi#tomorrow
khaje#king
khiwayat#history
sendah#presently,.nowadays
khut#with
bage#such.as
kae#WHAT
de#if
dukun#shaman
ke-#NOMINALIZER tading#live.(stay.in.a.place) -en#NOMINALIZER
namun#but
oleh#by