lâ
mökâ
kä.. etu
bongavz
mölâ
kä..
tü- mâ ==pe ==ä
më
nölaö ==gö
sâ-
pnz' mou ==le
merikz
nzrtekqtrngr
nölaö
ä
mou p -mü
mama
në- mënö -kö ==dö
ncnia
tü- ö- pi -mü ==le
skul
kä..
mama
mölë
lâsu
ä
ni ==gö
më
leplë
kä..
kâ
frank
më
doa
ngzturba
yëu -tö ==
temë
kâ
lâde
nibö ==de
nâblo
më
lâ
autabu
në- lalëtü -kö ==de
aböelë
mzli.r.vea
peto
kâ
müngö
- ö- pi -lë -mü ==lö
vo -ngö -mü ==
më
më
ö- pi -bë
në- ngölö -pä -kö -mü ==gö
natü ==nge
nzwetxobzlr
këdü
na- pi -bë ==ku
tü- mnâ -tä ==pe -mü ==o
tü- atwëlö ==pe -mü ==le
vea kapü
kâ
nâblo
kä..
sâ-
ngö
nümü
më
wo
tü- tu -pä -mü
wiki
mama
tü- mâ ==pe ==le
ä
mncnqweng
- twë ==lö
kapten
na- a- dövö -ngö -bo
ni- ==nge
kä..
kä..
dxi
ngö ==dö
në- mu -kö ==gö
ä
nzetu-krdr
saotzn.kros
në- ö- plamei -ti -kö ==de
kä..
të- pe - -ngö ==de
kä..
kä..
nzamrlzpe
tü- pi ==pe -mü ==le
ëbë
ä
ä
muöde
dâ
yöbu
malaita
më ==tö
yököpä
kâ
pöla
në- vë -ne -kö ==gö
gü
poodo
më
käetu
sâ-
ä
mou
tötäpnëngö
mëli
a- yëlu -ngö -bo
a'
peto
më
kâ
tö- mwi ==pe ==kö -u
kâ
lâde
kâ
tü- etu -ne -pä ==pe
ngö
të- ö- längiti ==ngü
dötü ==de
ngö
nibö ==gö
lâ
natü
tü- yö
vi â -tä -lë -mü
nigö
më
la -ngü
sâ-
nöë
nüni
nepa'
nâbö
ngö
delâ
në- vë -kö -bë ==kö
në- glü -o ==lö
mzdealwx
në- dwatö -kö ==dö
këte ==de -ngü
pöla
në- wë -kö ==de
kä..
kcpnz
ä
më
mëli
nzrtangrtingr
kä.. ö- tekütö
kâ
në- vë -kö ==nge
ngalu
möka
skul
skul
a
këdü
a'
nidö
sokz
kä..
ö ==de
lâng
në- köka' -kö ==gö
nadü
ä
lâ
nëling
ka
yölü -tä
loëbü
ä
skul
tü- yöpu -ti -pä -ngö
ö- pi -mü ==le
pöki
newë
nurda
vznen
mönyë ==de
abëo
kâng
kä..
nâbö
ne
kä..
ä
kio
kä..
lâ
ëyagoä
kä..
kä..
nabä
baengr
mölë
töpnëngö
mnâ -tä -o pwz
në- katx -pä -kö -bë ==le
të- ka -mü ==lö
namc
më
në- a- mëblü -pä -kö -mü ==ä
jisës
në- ölasë -kö ==gö
doa
më
nëöyöngökätö
mëli
ötâ -o -ngö ==de
nölanâ
sop
nöpakämölë
kâ
mëtea
yâmne -ki -mü ==le
më
këdü
të- vo ==pe ==ngü
më ==ke'
nëwö ==de
badö
- lvâ -ne ==ngü
ä
nide
kä..
ä
tü- lvâ -nüblü mou ==le
- alvëtö -
ä
a'
më
ö- pi -bë
më
skul
skul
ne ==de -ngü
kä.. - etu
bia
nâbö
jenwzri
ba- ==nge
më
mwe
lâlö
bla
nyö
bot
leplë
wrtrpem
tö- mnâ -ne ëpwä ==pe ==kö -u
sâ-
mama
da
na- mölë ==
nölâkäbü
mepë
olvë
töpnëngö
rmcti -ngö ==gö ==le
mölë -r -tä == -ngö
kä..
nëwö ==de
ölapä -ngö ==ne -ngü
yâ -lë kë - ==
ä
tü- twë ==ä
më
möka
ä
tü- mnâ ==pe ==ku
më
kä..
tü- ngi
ëbü
neimö
muöde
na- ö- yëkö -ngö ==gö
kâ
na- o ==pe kai ==ä
bagö
kä.. etu
ëbü
sâ-
lö
- vë -bë ==ng
wop
lö
mëli
- ya ëvë ==ng
yië
- ölimë ==ng
muöde
më
në- wë -ngö
nigö
ka
të- tave -tö kë ==lö
na- dwasë ==pe ==kö
nemya'
nölâkäbü
nëli
ä
natqgu
më.nibö ==dö
ëbë
lö
kä.. në- siklu ==ng
myapxbz
lâ
a'
krlztxpwo
naönâbö
kä..
ngö ==dö
kä..
ma
më
abëo ==kö
mnâ -ti ==ä
da
saotzn.kros
tö- yöplati -tö - -u
më
nigö
ä
kâ
në- mu -ngö
kcmule
sâ-
andru
nigö
müngö
esë'
në- siklu -ngö
da
kapten
kâ
pöla
bokapwr
lika
kzmiti
më
natqgu
a'
më.nibö
më
töpnëngö
kä.. esë'
ä
në- ötangö -ti -kö ==gö
ö- pi ==le
lr.japan
ëbë
kâ ==pe
kâ
nâboi
tü- alopli ==pe ==le
nöë
da
nenü
nzkaprtxlzm
në- mâ -pä
sâ-
kämu
- vë -mü ==ng
nide
na- apöpä -bo
këpëniëm
ëbü
mölëväi -tä
kâng
ba- ==de
- tave ==lö
tu -o -mü
vo -mü
dötü ==de
më
sâ-
kä..
gëpman
kä..
badö
kä..
wapu
në- o -ägle ==lö
dabu ngö
boerger
abëo
sâ-
lâde pwë
sâ-
nemya'
na- mnâ läblö ==pe ==kö
ëbë
më
më
nidö
mëli
badö
kâ
ä
töak
vë -tä ==
më
kâ
etu -ne -pä
neboi
na- tekütö ==le
a- titi -pä -lëbü ==pe
nyë ==gö
ngö
tü- do -la -pä -ngö ==ne
ngi
sâ-
nigö
kä..
më
nâ.tabao
kâng
më
utupua
ngö
më
sâ ==gö
ö- pi -bë
ä
mzlo
kâ
më
ana
kä..
në- vë -nüblü ==pe -kö ==de
më
sâ-
ö ==dö
tabao
könyë ==dö
tü- ökalë ==pe -mü ==gö
yâ ==be -mü
ni ==gö
tü- ngi
mnö ==gö -ngü
në- olväti -kö ==de
tü- do -tö
ä
doa
lö
nöwä
na- längiti kë ==amu
buk
lâ
döka'
mei -tä =NULL
tü- yëlu ==pe mou -mü
ni- ==nge
pi -bë ==le
nyë =zgu
lue
dötâ'
lue
më
ä
tü- mâ -ti ==amu
nounenü
më
ayönö
më
nëling
döka'
më
daniel
jisës
ä
tü- ngilo
na- ve ==ä
më
ëbü
peto
- ataki
më
këdü
nqesa'
bq
tü- mölë mou ==le
vzdz
në- abëo -kö
ä
më
nelâ
ngö
ä
amölä
gari
- yökö läblö ==pe ==lö
bot
manfoot
nyë ==dö
nyë ==de
ba- ==de
sâ-
kâng
ale ==le
yië
pöla
më nibö
kâ
- pi -bë ==lö
kosi
lâng
ölilö ==mu
nengq
nibq
më
tü- yöpla -tö -ngö
yië
këdü
kä..
sâ-
lö
sâ-
ngi
ä
tü- mu -ngö ==be
badö
bia
kä.. etu
töau
sâ-
döka'
ngö ==de -ngü
vë
külu -tä
- rpna' -o alëu -mü
tü- böläkë ==pe
ä
ba- ==de
nea
ä
nigö
tö- yini ==pe ==ü
tqlvcpekr
tö- tü- vë ëpwä -u
më
nâbö
stoa
kâ
kâng
nölâkäbü
tzlede
töte ==nge
këdü
këdü
vë -bë ==kö
kä.. etu
ba- ==de
më
vëtö -ngö
tü- vë ==pe ==kö
lâsu
kä..
tömâtu
nëmu
ëbë
më
diksonare
ö- yö -mü
ä
solomon
sa
tü- li ==pe
kä..
kä.. etu
kâ
nyë ==dö
doa
ëbë
öaes
ne ==nge
nenü
na- yâ -ti -pä -mü
ä
kâng
në- veati -ngö -mü
në- vë -kö ==dö
mâ mou ==kö
da
ka
skul
dötü ==de
delâ
tü- mâ ==pe ==le
të- ayo -ti
më
olvë
më
kio
bia
të- kuki ==ng
kä..
në- tâ -ngö -lë -kö
mnrdr
ä
sâ-
pawa
kä..
fiu
kä.. etu
ä
sâ-
muöde
më
dwa -öbö -lë -ngö -mü ==gö
kâ
letë
merikz
ye
inaoxngr
të- yöbü -ti läblö ==ng
amölä
lö ==de
kä.. etu
kâ
mnâ -ti -tä pwë ==kö
töte ==nge
tü- ya -pä ==pe -bë ==
srpi
köa- li
këdü
kâ
a- mëblü -tä -pä -mü ==ä
nzalrtrkrbzlr
vzmipem
më
më ==kö
nea
nölâ
- aolvë -bë ==lö
më
ä
ö- pi mou po
më
sâ-
më
nide
tü- tu -o -ngö -mü
në- angio -kö ==gu
tö- löpö ==kö -u
dötwö ==nge
nzrpibz~kz~pnz'dr
kâ
kä..
më
lâsu
a'
më
ni- ==nge
iwz
nëmu
dötü ==gö
sâ-
tö- boi -u
ngö
bea
më
sâ-
ölilö
më
më
jenwzri
ä
tü- yëlu ==pe -ngö -mü ==gö
ä
na- möbö -ti -tö
më
ä
ma
kai
më
në- glü -lë -mü ==lö
më
ä
mrge ==kö
mama
jisës
nipna'
kâng
tzngarare
aglikan
kä..
ä
ma
mya -së -pä ==le
ä
a'
pawa.skul
da
ö- pi -bë ==le
tü- alilvâ -ne -ngö ==de
ö ==de
yöpë -bë
nâbö
prtrpq
ëbü
pi -tä -mü ==le
dapu.nâ
da
yëuo mou ==kö
- ngölö -tö ==ng
da
kä.. topwë
tölaki
nike
na- vo -bë ==kö
ä
lâng
bznwz
bot
tü- ngrli
==kö
ä
äpe ==ä
töpnëngö pwë
a'
tü- mibi
nyë
elalë -tx -ngö -mü dötwö ==gö
ö
të- vë -ne ==pe ==ng
mëli
dötwö
obü -tö -
jon
skul
nâ
nzatuo~krnge
ö- glü -pä ==kö
më
më
yië
dötwö ==dö
ä
lrlvz
kâ
lâsu
doa
më
mâ
ëbü
në- ö- lë -kö -bë ==le
ngi
kxpipz
skul
nike
kä..
mzte.opx
kâma
lâsu
këdü
prkitq
takes
tewa
vë -ki -mü ==le
skul
lakio
kâ
tü- bë ==pe -ngö ==de
më
leplë
bwzng
nâte ==de
tü- mailë ==pe -bë ==le
yë
doa
më
nüvi
abötë -tä -ngö ==gö
möka
brbqlia
da
etu -pä -bë
kâ
tü- pi ==pe -mü ==le
në- ö- musö -ti -kö -bo
kâ
nëli
me
na- vë -bë ==kö
tü- mei -pä ==
kâ
ä
nzlvz
ma
kâ
kâ
lâde
kâng
älö mou ==kö
ö- pi -mü ==le
ba- ==nge
sikapu -tä pwë
nâblo
sâ ==gö
dötü ==de
dakänëng
ä
kä..
këdü
në- vë kë ==ng
të- aki lëbü ==pe
ö- pi -bë
më
më
në- vë ==pe -kö ==dö
lâde pwë
kä..
kâ
ö- pi -bë
apuamu
më
më
kapten
a'
tü- osë -ngö ==nü ==le
pötö ==ä
na- tekütö
nyë ==dö
kä..
ëyagoä
ngö
sidni
skul
binii
muöde
a'
kâ
na- ngölö -tö ==ki
më
möbö -tä
muöde
tö- ama ==pe kë ==ä -u
kä.. po
ni- ==nge
kä..
da
ä
me
yë
leuwaga
fiu
bona
ö- wë -ngö ==gö
nigö
nöpakämölë
kä.. etu
nipna'
tü- yökö ==pe -ngö
täne
nimu
më
mou
kä..
më
na- pipä -lëbü ==ng
töpnëngö
kä..
dötü ==de
badö
tü- wai ==pe ==le
nar ==de
sâ-
döka'
tü- ö- pi -ö ==n
boo
mr
të- o -ëli ==pe ==lö
të- ngöla -plä
- tave -tö
e
vë -mü ==
olvë
ö
nyë ==dö
mwx'lr
kä..
luga
oti kz - ==le
käkë
malaita
lâng
bötale
ba- ==nge
tü- ale ==pe ==ü
bagö
yëlu
në- wë -ngö
lesile
në- ö- glü -ngö -mü
ni- ==nge
tu ==pe ==le
të- siklu -ti
dwanem
mökâ
skul
tü- öpi ==pe
ö ==de
blökü ==nge
==ü
ëbë
lâde
në- lala -ti -kö
lolvë -o ==kö
kä..
kâ
ä
na- töka ëlwë ==le
su -tä
kâ
tömami
lqtx~atwrnrpengr
më
diksonare
nâbö
filip
më
më
bot
na- ngelu -ne -ngö ==dö
kä..
deka ==pe
buk
stibad
töpnëngö
lâ
më
kä..
tü- dwa -tö ==pe ==kö
këble
pna -ti -bë ==kö
badö
ma
esë'täu
ä
në- wë -ngö
käetu
ö- pi -mü ==le
- vë -o kë ==ng
pripekt
ne
mzlo
më
be
- yâblü ==ng
taepq-raetz
tqlvo
töpnëngö
ä
tü- vë ==pe ==ä
lâ
kä..
mama
kä..
mëtea
tü- ö- pi ==pe -mü ==le
ä
kâ ==pe
tü- twë ==le
na- öla -lë ==kö
leplë
më
ö- pi -bë
- vë kai ==ng
daniel
kä.. etu
yëpö -lë -mü
niu.silan
noli
ä
sâ-
këu
ma
yölü -tä ==ne
më
mnâ abötë ==kö
pawa
âköle
sâ-
na- asa ==pe
ngö
mökâ
kä.. pipë
badö
kä..
bë ==amu
nzrmctingr
tewa
yëutö
li läblö
kio
olvë kâ
kz ==
yië
kä..
ëbü
më
lâde
nidö
böma
sâ-
në- mnâ -lë -bë
tulzgi
nzaprtzmlr
neyagwekrde
ä
ne
yië
löpëki
bagö
më ==te
dwa -o ëvë ==le
a'
a'
nzvzpx~krmle
temë
lömëtangi
kâ
leplë
ö- pi -bë
mëli
o
në- vë -mi -kö ==gö
kâ
tü- vëtö ==pe
bgnc
sâ
kâ
këdü
sâ-
kâpwë
nâtü ==de
mö- kâ
läe
nide
sâ-
dëtu ==dö
kâ
më
skul
pöla
kä..
tömâtu
nzkipo~krde
vë -o -bë ==le
merikz
tü- dâ ==pe
kë
nidö
nidö
olvë
mzdealwx
mâ -mü ==ä
narnztilolx
tü- mnâ ==pe ==kö
na- twë ==le
nëveângö
tü- yöni ==pe ==
ö ==gö -ngü
tü- vë -tö ==pe ==kö
taol
yâ aepë -tö
töpengö
ö ==dö
më
peto
dötwö ==nge
ba- ==de
kä..
ngryagwekrde
ä
nölâkäbü
kämu
ba- ==de
ngi
mëli
naü mü ==nge
më
nakatxlzpemcle
kio
të- pö -o ==pe ==ng
kâ
më
natü
tö- pi -mü ==ü -u
nüngi ==dö
tzsiu
kai
nölâ
kâng ==pe
kâ
stoa
pu
badö
rum
më
lâde
më
lore
më
nidö
mëli
ä
lâ
olvë
nölaö
a'
tznu'tipe
lâde
tü- a- mëblü -tä -pä ==pe -mü ==ä
ncyabe
ma
ëbë
të- lunyao -ngö
melömü ==nge
të- vë -o ==pe ==ng
mëli
a- ö- pna -tä -o -bo
dötwö
dötwö ==nge ==le
ä
esë'täu
tü- kölë ==pe ==le
pna -ti ==kö
käetu
na- atwëlö -ngö ==de
na- a- bö -tö -bë ==ku
kä..
lâsu
lika
nâ.tabao
kâ
sâ-
sâ ==gö
më
nâ
në- mnâ -kö
nëmü
wop
sâ-
leplë
kcmle
mebqnr
më
ä
alqlzme
apu ==le
nemqle -ngö
tü- ö- pi ==pe -bo
ä
kâ
ökapu
kâ
kâ
nöâ
mëli
më
kâ ==pe
lika
kâ
kâ
kä..
ä
doa
kâ
ä
ba- ==gö
sâ ==dö
tonga
ä
kä..
ä
më
merikz
nëlungö
tü- öpwa' -ngö -bë ==me
këdü
tö- boi -u
bea
në- yëlu ==ng
aglüpë'
kä..
nâblo
badö
ä
alankaula
ka -mü
döta'
a'
skul
tü- vë ==pe ==kö
ëbë
tqrpi~rn
tzlede
tenru
nabzn
më
kä.. etu
kämu
nemya'
- mnâ ==ngü
kä.. pwä
tü- vë ==pe -bë ==
tü- vë -o ==pe ==
badö
a'
a'
sâ-
muöde
kapten
nëli
nabë
ncole
ne ==gö
ö- ka -mü
nzyrningr
më
kio
në- yâ -kö -bë
tü- pi ==me
kâ
mzleibla
dötü ==de
kâ
në- pwö -ngö
sâ-
yölwö läblö ==kö
nâ
leplë
lâ
nide
peto
mëtea
badö
na- ka -bo
löpë
be
lâde
tü- do -tö ==be
däi
më
öblä
nrepi
lö
nigö
më
të- ve -o ==pe -bë
ö- pi -mü
ä
dötü ==de
tewa
mü
këdu
da
ä
tü- pi -bo
lö
tqpq
veranaso
ö- pi ==le
në- mnâ -lë -bë
kzbznyon
kö. ==mü
vë -pä -mü ==
pauabu
ba- ==nge
kö.- la
nyë ==dö
rtwayzpe~kaip
temë
më
nide
nar ==nge
leplë
mëli
ne ==de
mwä
kâ
më
mëli
këdü
kä.. pü
buk
lötëlvë
tö- opä -u
skul
ba- ==nge
më
në- wë -kö ==gö
kä..
na- mâ -tö
tü- ya -pä ==pe -bë ==
naonöä
këdü
kâ
nide
ngö
në- yagoä -kö ==de
dzbede
tü wz -ngö ==gö
në- a- längi -ti -kö
kemnc
më
nike
ä
bznwz
sâ-
kâng
e
tü- yölë -ngö ==ne
në- öläti -kö -bë
më
- yâblü ==ng
kä.. külu
müngö
sâ-
müngö
në- wë -ngö
george
sâ-
kâ
nëling
mama
a- tapläsö ==le
- tü -ngü
më
mista
më
kâ
pât
muöde
na- vë ==ng
kä.. topwë
tqmncpxbep
du
kä..
dâkta
sâ-
lâng
makätö
silas
lore
më
badö
ä
kä.. topwë -ne
tü- dwati -mü ==le
lcsu.r.vea
na- pötë -bo
leu
döka'
të- ayrni kë -mü ==ng
të- ö- pi ==pe ==lö
ä
mou
tö- mölë ëpwä -ngö ==de -u
kxxble
nide
tü- tu -pä -ngö -mü
mou
tu -tö -mü ==
leplë
mncmzlika
inglan
kä..
mapz.nyz.dalvzo
muöde
müngö
vea
në- a- do -lë mou ==lö
ba- ==de
vë -mü ==
mou
na- twë -bë ==lö
kä.. - etu
ëyagoä
lâsu kä.. lvâ
roman
kâ
lâ
dwapä
sâ-
kxayo
metalo
kâng
nabö.nabë
saemon
nâbö
delcpe
dötü ==nge
lâ
kâ
etu
në- mc -kö ==de
nzrlwxngr
minyagu
mnâ löpi ==amu
esë'
nëwö
yië
ä
se
tü- dwa -tö ==pe
trloka
bäki
kä.. esë'
ngi
skul
kämu
lapelzq
ni- ==nge
enjin
më
më
nyz'
lâ
nyë ==de
la
nëmu
kölâ
më.nibö
na ==dö
lö
lr.japan
amölä
twzamu
tü- vë -nüblü -ne ==ne
tutö mou -
ä
kä.. tü
në- mënö -kö ==de
kâng
medisin
leplë
öda
kâng
sâ-
në- wë -kö ==nge
nölâkäbü
kapten
pâ
kä..
bë -tä ==
- tes ==lö
në- obü kapü -ngö
këdü
dëbe ==dö
nölaö
alvëtö ==ä
kâ
lâsu
esë'
kä.. etu
kä..
nyë
mëtea
dötü ==de
tzngarare
kâng
leplë
kâ ==pe
ëbë
ngö
dötü ==de
ä
a'
kâ
ä
kâ
- tekütö kë
nëmu-köde
kä..
- bë -së -ngü
tü- a- yöni ==pe ==le
thomas
natü
më
veronika
badö
dalö
kä..
mou
nâtü
mepyö
nouöla
kâ
mzdealwx
a'
kx- mölä
kölë -bë ==le
këte ==de -ngü
- atwëlö pwë
kru
ekü -tä ==kö
sâ-
badö
sâ-
nabë.nepi
më
kä.. etu
tü- vë -dë ==pe ==kö
tü- mwi -tä ==pe ==
ä
merikz
kâ
lâ
nâ
nigö
ituku
kä.. esë'
mrbcnepwz
lâ
në- oti -kö -mü ==le
më
të- äpe -ngö ==de
da
temë
yâmne -tö -bë ==kö
waelas
nâ.nökö
ba- ==nge
naim
lore
më
ngölä
la
nâblo
temë
mzdwakc
olvë
na- vë ==ng
sâ-
tqtutrpem
dakänëng
töte ==nge
nidö
kâ
sâ ==gu
- abëo ==lö
ye
kâ
makätö
kä.. töka
kâ
mâ ==ä
ö- pi -mü ==le
döka'
natü
point.krus
kä..
dötwö ==nge
makätö
lö
amok
më
kë
badö
më
ö- pi -bë ==le
më
lö
tu
kâ
nate
olvë
më
nyë ==gö
fox
mas
ma
nounâ
ngö
a- mölë -tö ==pe -bë ==ku
ölilö
kä..
nâblo
lömëtangi
sâ-
pi -mü
abötë -tä -ngö ==gö
kâ
nzaglr
më
tü- öblä
tü- yöplë -ti ==lö
më
rkrlzpe
ncwrngr
ma
atwëlö -ngö -mü
leplë
skul
ö
ä
mwa ==kö
saloko
ö- glü ==kö
pötë -tä -bë ==kö
- yölü -bë
plâ
ä
kä..
kâ
nzrtibalr
pöla
kä..
më
kämule-esë'
köa- li
nanyâ ==de
më
në- wë -ngö
sâ ==dö
dwa -o -bë ==kö
leuwaga
në- vë ==pe -kö
nigö
badö
mële ==nge
tü- do -pä -ngö ==ne
nimu
mölä
tü- öpi ==pe
kâ
kâ
nea
pöla
kä.. mu ==le
sâ-
bxn
tü- ngü ==pe ==le ==ng
sâ-
xmrngzrmqlangr
letë
nide
nakatxpx
natü
sâ-
drngi
ö
nepwzli
döta' ==dö
läe ==de
nâ
kä..
ba- =gu
ä
bagö
döka'
ä
na- a- mingö -ti -ngö ==dö
küle ==le
tewa
ä
lâde
kâng
kä..
sâ ==dö
- vë -ki ==lö
ngö ==de
tö- löpö ==kö -u
nölâ
tö- yâ -lvë -o ==pe -u
më
sâ
mou
kë
ä
rik
muöde
newë
la
boo
nâu
jun
më
sâ-
këdü
kä..
na- abë -bë ==lö
müngö
töau
na- ngü ==dö
kalöla
mwä
kâ
sâ-
sâ-
tabao
ka
më
lâng
yrlopele
ä
kä..
dötü
jon
më nibö
kâ
mölâde
yië
melömü ==nge
jenwzri
- mnâ ==pe ==ng
a'
neketu
natü
klas
badö
abötë -lvë ==ü
lâ
tü- öläti -tö ==pe -bo
kä..
kä..
waelas
kä..
ä
mnâ ==pe ==ä
medisin
töau
ö- pi -bë ==le
skul
më
sâ-
kä..
ngö
ä
sâ-
ngö
ä
kâng
këdung
mötu -tä =NULL
nidö
ä
lö
köa- li
da
ate ==
këdü
nâblo
kä..
öblä
nëöyöngö
nyë
köa- li
tü- vo -ki ==pe -mü ==le
mökâ
da
kâ
kâng
a'
lâdeng
muöde
kâ
nigö
e
në- köka' -kö ==de
muöde
ö- pi -bë
ä
olvë
tü- ö- yapwä ==pe -mü ==
lâsu
peto
öplë
ngö
nyë
lâng
kä.. möna
ä
nepi
nâblo
kä..
ma nyë ==de -ngü
nidö
yö
badö
mölâ
tü- tao ==pe
sâ-
yië
kâ
nabë
tü- li ==pe ==kö
më
nigö
të- mwi ==pe ==ng
- ö- pi -bë
boerger
kâ
këdü
nea
nöwä
ä
mzlo.skul
kâng
ötülögö
mama
sâ-
kio
dötwö ==dö
ncnia
në- pö -pä -kö ==nge
kä..
trpaliki
ä
ile
ngö
nölâ
mëtea
eprol
më
nyë ==dö
kâ
merikz
mëli
kâ
nea
sâ-
këte ==dö
të- ya -mi ==pe -bë ==lö
dwa -tö ==kö
në- alvëtö -ngö
tötingö
sâ-
löpëu
soöe
ä
ngö
nya
më
kâ
ö ==nge
të- yökö -o ==pe -mü ==ng
sâ-
lâpwë
ni- ==nge
a'
temë
kosi
më
badö
jisës
kä..
tzngarare
yâ -ti -tä -pwz ==le
sada.krus
rik
doa
ä
tqma~nqblqpeku
nigö
da
gwalekana
köanëlvün
tü- alvâ -tö -lëbü ==pe
ä
kâ
mama
bot
kä.. glö
tü- pi -bë ==kö
kapten
badö
löpë
vë -mü ==
yië
kä.. topwë
kâ
ö ==de
yâ -äbë.ëbë -tö ==kö
- alvë -ti ==ngü
tewa
kä.. topwë
dekâ
yëlu -pä ==pe -m
nigö
- yölë ==ng
mama
të- avo -tö
kzu.boe
mëli
sâ-
kä..
kä..
lö
më
ate ==
sâ-
balq
kâ
mökâ
skul
ngö
da
tö- ö- mabö -u
kâ
vë ëvë ==ä
kâ
töte ==nge
tewa
a- glü -tö -mü ==gö
doa
rtctx~ngrde
luekäpië
kâ
nöpakämölë
kä..
tögalö
tü- vë -o ==kö
më
amölä
tömâtu
alfabet
ä
mnâ -ti ==ä
nölâ
dikon
a- töka -ti -tä atwönö -ngö ==de
ngö ==dö
tü- asa -ngö
töte ==nge
tü- olväti ate ==le
më.nibö
- pölä ==lö
sâ-
këdung
nabë.nepi
më
kä..
yië
ben
këdü
ni- ==nge
a'
kä..
mwi -tä ==kö
lâsu
- mâ ==tö
bwzng
kä.. etu
ö
ma
peto
tü- pi ==pe -bë
- yangönga -tä ëlwë ==pe -ngö ==dö
lömëtangi
më
köla
në- mâ -kö ==nge ==le
nâblo
lö
töpnëngö
ma
më
da
a'
mü
më
nöâ
mnâ ëpwä ==kö
kä..
kä..
- dwasë ==dö
më
nyë ==dö
kä..
madäi
nigö
na- bë -mi ==pe ==le
tömâtu
më
sâ-
kâ
bë -ngö ==de
ölilö
na ==gö
tü- böläkë ==pe
më
residen.komisina