за
и
вуч
тир
еке -з
низ
же да ай
лув.гана
лагь -ана
гьан а л -ай
зу
кӏватӏ -ана
пара
вири
хьир
и да -н
гьуьл -уь -н
лепе -яр
ва -з
кьил -е -л -NULL
маса да -н
тӏвар -ар
гьикӏ
вун а
ида -з
зу ни
аскан да
ма
са
лагь -ана
гьуьл -я -й
лежет
шад
жи
и
немец -ар -и -з
жагъур на
халу
ава й
тарифара -ди
же да -ч
гада
и
тухурла
гваз
эскервил -е
тагиев
вич -и -н
ва -з
ви
са
галат нава й
са
физвайди
гьадисе
жагъур на
кӏвал -ар а -NULL
лугь -уда
гъуьл -и -н
мама
шагьдагъ -ди -н
гьинватӏа @@@
и
ава -з
лагь -ай -ла
же да
гъвечӏи
гьаят -ди -з
са
лагь -ай -ла
лагь -ана
я
лагь -ана
хьа -нава
ида -ни
квез
гада
яб.акал -енма
гада -ди -з
чи
гила
йис
гьуьл -уь -н
лугь -уда
за -з
хьа -ана
газет -ди -н
и
бес
пара
гьат -на
гуржистан -ди -з
зунжур -ди -в -NULL
гьан ай
эциг -да
яхцӏурни
хьа -нава
эциг
вун
же зва
бельгия -ди -з
ава
за -з
балкӏан -да -л -NULL
ана
куту р
тир
хьа -ана
эчеӏр -зава -й -тир
фикир
ада -з
къарагъ -да
гала -з
асул
я
лугь -уз
чна
чирад а -з
ф -изва
шикил
гьана ра
руш
кӏан -да
йис
ван
нефер
ковш
кӏан -зава
сонракиз
чна
же зва -ч
хьи
же да
пара
чукур -да
запис -ар
къерех -да -NULL -ни
лагь -ана
хт -ана
а
гьамиша
кь -уна
и
имни
юкъ -у -з
девлет -ар -и
буба -ни
чашмиш хьа на
пачагь -ди
чубан -ди в -ай
кӏан -да
ава й
эвеца
са
лагь -ана
миннетдар
зи
чна
им
певица -яр -ни
лугьу да -й
аллагь -ди -з
муеллиме
хъфелахъди
вилаят -ди -з
куь
акъат -на
эхьир
кӏарас -ар
она.гуьре
и
чна
са
руш -ни
иеси -ни
са
йит -ар
ягъ -ана
кӏвал -и -з
хьи
и
ий -ида -й
вилаят -ди -з
эвве
ахпа.хьиз да
лагь -ана
капаш -да -NULL
ки
лагь -ана
ида -ни
лугь -уда
хьир
ав -уна
тахтун -а -л -NULL
жеш
яру
чун
куьтни
жагъи зва -й
хьа на
винел
лагь -ана
ва
ооо
кван
пуд
къакъуд -на
яшамиш -да
хейлаг
пака
ата й -ла
тунва
и
кичӏе зва й -ди
жи
кьил -е -л -NULL
хв -ена
вефасуз
кӏанчӏ -ина -л -NULL
ва
граница -яр
гьафте д -л -ай
хьа -нава
лугь -уда
магаданский
лув.гана
акъуд -на
кӏвал -ар -и -н
гила
къерех -ди -з
хьа на
ибур
ф -енва
хуьр
лугь -уда
кь -ада -тӏа
за к -ай
ак -ур -тӏа
марф
хкадар -да
лугь -уда
еке
вил -ер
кӏвал -а -л -яй
гада -йр -и -з
г -ун
гада -ди -з
гаф
хьи -з
лугь -уда
сер -ди -з
ахпа
цуьгъвен -ла ай
за
хьа на
дили
семь
хуш.къве да
вири
кван
же зва
вах
за хъ
машин
вири да -з
икӏа
гьикӏ
лугь -узва
ида -ни
исят да
гьат -из
им
хьа
къач -уда
им
вак -ар
я
хьир
ада
сегьви
экъечӏ -на
амукь -на
гьа-гьа
тир
маса
ахвари -з
вун
михьи -вал
комиссоват -на
ма
са
ама -ни
билет -ар
къен
ам
и
везир -ди
чун
вич -и -н
хва
лагь -ана
за -з
чи -ун
ина -й
са
дуьз
икьрар
акӏ
же зва
атӏу -з
гевгьер -ар
ада в
стха -йр -и -з
вуч зава
за -з
гьим
мад
гагьат -зава
ча
гьамам -ди -з
лагь -ана
кака
чуьх тир
мани -яр
хъф -ида
я
она.гуьре
рикӏ
яшамиш -да
хьи
имни
за -ни
гардан -да -л -NULL
ам
ида
жагъур на
ф -ена
вуч
чара
кӏан да
кӏан -зава
кьарас
вич -и -з
игила
вац -ра -NULL
лагь -ана
кӏватӏ
йис а
ф -ена
ибурни
ва -з
мисмар -ди -к -ай
совет -ди -н
вун
ат -ана
гьа да л -ай
мелим -ди
ахъай -зава
чан
и бур
гада
лагь -ана
алцур -ар -мир
лугь -уз
хъиж -еда
ф -ена
ашукь -ди -з
вилик
стха -ди -хъ -NULL
чан
къв -езва
же зва -ш
акъах -да
хкат ай -ла
аял
эхир
месела
ахпа
ашукь
зи
баде
вун
гьабур @@@
иеси
гьина
фи зва -й
гала -з
ава -ч
я
гада
и
гьикӏ
вуна
вич и к -яй
жув а -н
велибег
гада
цай
лагь -ана
эйиб
я
алат -да
хта -нава
хкадар -да
пачагь -ди -н
жуваз
вахгун
капаш -да -NULL
яваш-яваш
хьа нва
куьн
а
кӏел -да -й
аладри -з
дяве -ди -н
гьиниз
лугь -уда
ханум
винел
и
канивал
лагь -ана
лагь -ана
и
шикил
стха -да -л -NULL
ам
а -бур
ада -н -ди
зун @@@
вун а
же зва
ий -ин
концерт
маса да -з
и
талыш
вири да -з
и
патак ай
магадан да
дуьз
вич -и -н
гьинвайди
ч -ида -ч
ф -ена
пай
жаваб
ида
чка -ди -л -ай
боеприпас
терсина
вегь -из
кӏан -зава -й
югъ
ава -й -ди
лагь -ана
за
лагь -ана
ак -ур -тӏа
хер
гьа.бере да -ни
чара
сегьне -да -NULL
цве -з
эвичӏ да
ав -уна
руш а -з
ни
гада
иштирак на
сад.лагьа на
ката -й
за -з
за хъ
хъф -ена
руш
ша
т- ав -унва -й
вири да -н
лагь -ана
мейдан -да -л -NULL
же да -ш
кь -уна
ара да
ида
вахт
къаз
халу
ахъай -да
вад
ибур -у
ругь -ди -з -ни
лагь -ана
тир
лугь -уда
хабар -ар
фе -нава -й
агъ -ана
но