n
n
relpro
interj
n =THE
n
distrnum
adv
adj
n =2ND.PERSON
adj
nprop
n
n =3SG
pro
Prep
adv =3SG
Prep
relpro
vt PAS.TR
n
vt ACTIVE.VOICE
vi
Prep
nprop
adv RDP
Prep
Prep
vt CAUSATIVE CAUSATIVE
adv
Conj
adv
clf
vi TO.GO.TO....
nprop
Prep
distrnum
vt
vt CAUSATIVE IMPERATIVE CAUSATIVE
distrnum
vt TO.APPLY.....TO.THE.OBJECT TO.APPLY.....TO.THE.OBJECT
n
adv
n
n
adj
n
vt TRANS TRANS
pro
vt PASS.INTR PASS.INTR
vi TO.HAVE....
Prep
adv
Prep
vt ACTIVE.VOICE
adv
relpro
adv
prt
vt ACTIVE.VOICE
vt ACTIVE.VOICE
adj
n
n RDP
Prep
n
n RESULT.OF.VERB RESULT.OF.VERB
Conj
adj
adj
nprop BRU.DINAM
Conj
Prep TOWARD.(A.PERSON)
n
dem
Prep
vt
vt CAUSATIVE CAUSATIVE
nprop
interj
nprop
Prep
adv
quant
n
v
n HAVING.TO.DO.WITH... HAVING.TO.DO.WITH...
prt
n =THE
nprop
adj =THE
adj
nprop
dem
pro
n
n GIRL
Prep
adj
vt DURATIVE? DURATIVE?
vt PASS.INTR
Prep
prt
relpro
Prep TOWARD.(A.PERSON)
n
adj
vi
relpro
n
pro
adv
dem
adv
n
n
adj
adv
n
n
vt PAS.TR
relpro
Prep
pro HERE
vt PASSIVE PASSIVE
vi TO.DO.... =3SG
existmrkr
Prep
nprop
n
pro
n
n
Aux
prt
n THE.PROCESS.OF
adj
dem
Conj
n
Prep
relpro
adv
nprop
vi TO.HAVE....
adj
Conj
adv
existmrkr
n
n
vt CAUSATIVE CAUSATIVE
n
n
prt
vt PAS.TR
Prep
Conj
Prep =3SG
vt INTENSIFIER
vt
n BOY
vt TRAN.PAS TRAN.PAS
vt ACTIVE.VOICE
n
vi ABILITATIVE
Prep
n
n PERSON.WHO.HAS....
n =3SG
pro
nprop
adv
n
n
relpro
n
vt REPEATEDLY
vt ACTIVE.VOICE
vi
adj
Conj
n
n PERSON.WHO.DOES....
vt REPEATEDLY TRANS
vi TO.HAVE....
n
vt BELIEVE,.TO
pro
adj ONE.OF
nprop
vt TRAN.PAS TRAN.PAS
Conj
relpro
adj
vt TO.DO....
Prep
nprop
nprop
prt
n
n OBJECT.OF.VERB
adv
adj
Conj
adj
n
adv ONLY
n
adj
n
n ONE
n NOMINALIZER TO.GO.DOWN NOMINALIZER
Conj
n =3SG
n
n
n =1SG
adj
nprop
n NOMINALIZER NOMINALIZER =THE
Conj
Prep
adj
Prep
adj
prt
n
n
pro
Conj
adv
n
n
pro
vi
n PARENTS
n
Conj
n
nprop
nprop
Conj
Prep
vt RECIPRICAL RECIPRICAL
n
vt
adj
adv
Prep
n =3SG
n
n
adv
v
n
adj
Prep
n THE.ACT.OF.... THE.ACT.OF.... =3SG
n RDP
existmrkr
prt
dem
pro
adv
adv
Prep
n
vi TO.DO....
Prep
adj
n
vt REPEATED.ACTION REPEATED.ACTION
dem
pro
Prep =3SG
dem
n =3SG
nprop
n
n
n
existmrkr
adj
Prep
adv
adv
Prep AS.IF
prt
Prep
vt ACTIVE.VOICE DURATIVE?
pro
vt ACTIVE.VOICE
n
adv
adj
adj
Conj
n NOMINALIZER NOMINALIZER
n
relpro
n
adv
relpro
vi
vt ABILITATIVE
Prep
n
n
vt
Prep
clf
adj
pro
adv
vi
vt
vt ACTIVE.VOICE
n
nprop
Conj
Prep
vi TO.HAVE....
adj
adj
vt ACTIVE.VOICE CAUSATIVE
nprop
vt ACTIVE.VOICE DURATIVE?
vi
n
n
adj
n
adj
relpro
n
Prep
vi
Conj
vt TO.DO....
vt ACTIVE.VOICE
vt IMPERATIVE
existmrkr
adj
adv TO.HAVE.... RDP
n
adv
n
pro
n NOMINALIZER NOMINALIZER
n
Aux
vi TO.HAVE....
adv
vt CAUSATIVE CAUSATIVE
adj
Aux
adv
relpro
n RDP
vt PASSIVE PASSIVE
n OBJECT.OF.VERB
Prep =3SG
adv
pro
adv
relpro
relpro
adv
dem
pro
n QUEEN =THE
n ONE
relpro
n
Prep
vi
vt TO.DO....
adv
adj
clf
n
cardnum EIGHTTEEN
n CHARACTERSTIC.OF CHARACTERSTIC.OF
adj ONE.OF
vt ACTIVE.VOICE
adv
relpro
adj
adv
pro
adj
adj
Aux
pro
clf
nprop BRU.DINAM
pro
nprop
n NOMINALIZER NOMINALIZER
Prep
relpro
Conj
Conj
Prep
n
vi TO.HAVE....
Prep
adj
vi REPEATED.ACTION
pro
adj VERY.SKINNY
vt ACTIVE.VOICE
n ONE
Conj
dem
vi
n
v
Prep
vi
adj
n
pro
relpro
distrnum
n
Aux
adj
relpro
Prep
n
vt TO.CAUSE.TO.BE.A...
adj
n
adj
n
adj
n =1SG
n =THE
n GIRL
adj
Prep
adj
vt ACTIVE.VOICE
n
Prep
v
vt
n PLURAL
n THE.WAY.OF... THE.WAY.OF...
vi PAS.TR
vi
adv
nprop
n
vt CAN CAN
n
vt ACTIVE.VOICE =3SG
nprop
n
n =THE
vt REPEATED.ACTION
vi ABILITATIVE
cardnum
Prep
Conj
nprop
Prep
vt ACTIVE.VOICE
vi =FRONTED.ELEMENT
vt
adj
clf
vt PASS.INTR CAUSATIVE
distrnum
Conj
n =3SG
n PLURAL
relpro
n
adj
adj
dem
n
relpro
pro
Prep
n
Conj
dem
existmrkr
n
Conj
adv
adv
n
n =1SG
adj
dem