hash-#2PI
nána#something
-ka̱#COMP:DS
-hátoko̱#BECAUSE:DS
il-#1PI
yohmi#do.so,.to.happen
pa#here,.this -ako̱#CON:AC
í-#1PI
to̱ksali#work
ná#something
toklo#be:two
nána#something
a̱#1sIII
a̱#1sIII
kiyo#no
at#subject:marker
-ka̱#COMP:DS
oklil#we
hi#be -hma̱#WHEN
osápa#field
mano#that:one
ilhkóho̱li#go.(of.three.or.more). -h#TNS
-kiya#KIND:OF
-kiya#KIND:OF
-kato#COMP:SS
náhollo#WHITE:PERSON
náhollo#WHITE:PERSON
yohmi#do.so,.to.happen
náhollo#WHITE:PERSON
-kat#COMP:SS
foli#switch
ittiwáya#marry -ttók#REM.PAST
illi#die.
nána#something
-ma#THAT -k#LOC
pisa#try. -ttók#REM.PAST
-ato#NOM2
il-#1PI
-kato#COMP:SS
abohlih#woods
pí#just
nána#something
sam-#1SIII
ani#pour.in -t#PART
kiyo#not
-ya̱#ACC
chi̱-#2SIII ki#father
tákoli#noon
ta̱chi#corn
mi̱ti#come
himak.nittak#TODAY,.THIS.DAY
iyá#go -li#1SI
hattak#husband
kanikma̱#sometimes
kati#how:long -k#LOC
kiyo#not
-ka̱#COMP:DS
ábachi#teach -h#TNS
ná#something
-bíka#USED:TO -ttók#REM.PAST
íy#go -o#NEG -ttók#REM.PAST
tobi#beans
ná#something
nakni#male
-ka̱#COMP:DS
il-#1PI
hi#be
a#be -ttók#REM.PAST
kiyo#not
toklo#be:two
-kat#COMP:SS
okla#people
okmanána#WHATEVER.KIND.OF
okla#people
-bíka#USED:TO -ttók#REM.PAST
ásh#prev
panóla#cotton
ittanówa#walk.together -h#TNS
kiyo#no
hi#be -hma̱#WHEN
pishokchi#milk
pa#here,.this -aki̱li#OWN -h#TNS
a̱#1sIII
alhíha#group
-híka#USED:TO -ttók#REM.PAST
oshi#son
banna#want -kma̱#IRR:DS
mishsha#two.time.periods.before.or.after
okmanána#WHATEVER.KIND.OF
kíyo#no
yamm#that -ako̱#CON:AC
-ya̱#ACC
kiyo#not
-ka̱#COMP:DS
-kat#COMP:SS
hapi̱-#1MPIII
-kato#COMP:SS
ola#far:off
-ato#NOM2
másh#that.one
illi#die. -to#NOM2
a̱lhi#be:real
okla#people
-ato#NOM2
a#be -ttók#REM.PAST
ona#arrive:there
hi#be
il-#1PI
okla#people
nátah#what?
i̱-#III
chishnáto#you:nom2
kiyo#not
il-#1PI
hi#be
il-#1PI
i̱-#III
-bíka#USED:TO -ttók#REM.PAST
hi#be -hma̱#WHEN
pí#just
pila#throw. -hma̱#WHEN
hopóni#cook.
im-#III
hi#be -hma̱#WHEN
hicha#and
okla#people
pí#just
il-#1PI
a#be
nána#something
-ka̱#COMP:DS
pí#just
chohmi#kind:of
ásh#prev
ít#toward
nána#something
okla#people
nána#something
náhollo#WHITE:PERSON
hikít#START
yamm#that -ako̱#CON:AC
a̱#1sIII ki#father
okla#people
shokshi#watermelon
kiyo#no
a̱sha#be:(of.three.or.more)
osápa#field
kíyo#no
pí#just
ik-#N
pí#just
nán#something
-akíni#INDEED -tok#PST -ósh#SS
nána#something
-ato#NOM2
í-#1PI
il-#1PI
-ka̱#COMP:DS
a̱ya#be:here
himak.nittak#TODAY,.THIS.DAY
-bíka#USED:TO -ttók#REM.PAST
chahta#Choctaw
-ako̱#CON:AC
a#be
ahóch#find. -ahí#IRR2
náhollo#WHITE:PERSON
náhollo#WHITE:PERSON
katimmakako̱#where
kiyo#not
iya#go -ttók#REM.PAST
kiyo#no
-ka̱#COMP:DS
pokni#grandmother
hicha#and
i̱-#III
nakfish#younger:sib
a̱#1sIII ki#father
nána#something
kotcha#go.outside.
-chámo#LONG:AGO
kiyo#no
a̱#1sIII
nána#something
ahwa#think.(perhaps),.to.reckon -h#TNS
i̱-#III
nátah#what?
ná#something
-ako̱#CON:AC
í-#1PI
il-#1PI
hi#be -hma̱#WHEN
il-#1PI
ta̱chi#corn
ano̱poli#speak,.say,.talk -h#TNS
ittahobli#pick.up -t#PART
-ka̱#COMP:DS
il-#1PI
ayyówah#pick.up.(off.the.ground).
másh#that.one
bash#cut.(with.a.knife,.broken.glass). -t#PART
at#subject:marker
hilha#dancer
ásha#reside.(plural.subject)
im-#III
makah#say.
ilhkóli#go.(of.three.or.more). -kmat#IRR:SS
to̱ksali#work. -ttók#REM.PAST
hochífo#name.
sanna#I:want -kat#COMP:SS
pí#just
noshkobo#head
ittika̱chi#be:separated.(as.a.man.and.wife). -ttók#REM.PAST
ná#something
akkíya#go:down -t#PART
ik-#N
nátah#what?
-kat#COMP:SS
im-#III
hokchi#plant. -t#PART
-ako̱#CON:AC
pa#here,.this -aki̱li#OWN -h#TNS
ano̱polí#speak,.say,.talk -l#1SI -áchi̱#IRR -h#TNS
aki̱ni#indeed -h#TNS
ittanówa#walk.together
nátah#what?
ná#something
okla#people
iláp#self
ohóyo#woman
il-#1PI
ahni#wish;.want -hma#WHEN
katayohmi#which:ones
nánoka#say:something
-kiya#KIND:OF
sa-#1SII shki#mother
yohmi#do.so,.to.happen
alhíha#group
ásh#prev
acho̱li#sew
kotcha#go.outside.
nána#something
shikalla#bead
alhto#enter.(of.two)
achokma#good -ána#POT
kiyo#no
hi#be
a̱tta#exist.(of.one) -li#1SI -h#TNS
fokáli#almost
ibá#with
náhollo#WHITE:PERSON
mishsha#two.time.periods.before.or.after
pí#just
siy-#1SII ahni#wish;.want
ittiwáya#marry -hmat#WHEN
ilhkóli#go.(of.three.or.more). -tok#PST
-kat#COMP:SS
to̱ksali#work. -ttók#REM.PAST
pisa#try. -ttók#REM.PAST
ná#something
chishnáto#you:nom2
alhíha#group
a̱#1sIII ki#father
-bíka#USED:TO -tok#PST
nána#something
mi̱ti#come -hma̱#WHEN
nátah#what?
hicha#and
í-#1PI
-ako̱#CON:AC
ninak#night
il-#1PI
chahta#Choctaw
i̱-#III
-ako̱#CON:AC
iya#go -ttók#REM.PAST
a̱#1sIII
ábachi#teach -h#TNS
hi#be -hma̱#WHEN
hikkíya#stand. -li#1SI -h#TNS
katash#who
ikhana#learn
im-#III
chi̱-#2SIII ki#father
ikka̱na#understand,.to.know -li#1SI -h#TNS
-ato#NOM2
il-#1PI
i̱-#III
afammi#year
-ma#THAT -k#LOC
hikiki̱ya#stay:at -li#1SI -ttók#REM.PAST
okla#people
-ka̱#COMP:DS
akkiya#too,.also
-bíka#USED:TO -tok#PST
nána#something
pí#just
hi#be -hma̱#WHEN
tohchína#be:three
i̱-#III
panóla#cotton
afammi#year
nanih#hill
-kat#COMP:SS
ta̱chi#corn
hicha#and
ma̱ya#exist.(of.three.or.more). -t#PART
kíyo#no
akkattola#fall:down -t#PART
nána#something
-ma#THAT -k#LOC
ma̱ya#exist.(of.three.or.more).
kaniyah#probably
pí#just
-ka̱#COMP:DS
kiyo#no
taha#finally
nátah#what?
yohmi#do.so,.to.happen
chá#ss
i̱-#III
a̱lhi#be:real
chohmi#kind:of -ttók#REM.PAST
ála#arrive:y.gr -li#1SI -h#TNS
fokkáli#be:abou
okla#people
pí#just
il-#1PI
náhollo#WHITE:PERSON
hikmat#and:then:ss
pí#just
ittanówa#walk.together -h#TNS
-bíka#USED:TO -ttók#REM.PAST
ná#something
osápa#field
okla#people
-ato#NOM2
ma̱ya#exist.(of.three.or.more).
toffa#summer
ishki#mother
í-#1PI
-ato#NOM2
at#subject:marker
to̱ksali#work. -sh#PART:SS
aba.talóli#STORE
-kato#COMP:SS
-ma#THAT -k#LOC
a̱chi#cover
a̱sha#be:(of.three.or.more)
hikít#START
-ka̱#COMP:DS
-bíka#USED:TO -tok#PST
-ato#NOM2
hapim-#1MPIII
ano̱polí#speak,.say,.talk -l#1SI -áchi̱#IRR -h#TNS
ola#far:off
ohóyo#woman
a̱#1sIII
nánoka#say:something
i̱-#III
náhollo#WHITE:PERSON
chito#be:big,.large
osápa#field -no#AC2
kanimma#somewhere
okla#people
okla#people
il-#1PI
ishit#ins
a̱#1sIII ki#father
il-#1PI
hi#be -hma̱#WHEN
pí#just
im-#III
ka̱chak#barn
-bíka#USED:TO -ttók#REM.PAST
im-#III
a̱tta#exist.(of.one) -li#1SI -h#TNS
hash-#2PI
nána#something
-kiya#KIND:OF
-kiya#KIND:OF
hi#be -hma̱#WHEN
pí#just
hi#be
okla#people
ohóyo#woman
kiyo#not
a#be
ik-#N
ilhkóli#go.(of.three.or.more). -tok#PST
chahta#Choctaw
i̱-#III
wáya#peanuts
ná#something
náhollo#WHITE:PERSON
hapi̱-#1MPIII
nani#fish
pí#just
-ato#NOM2
ná#something
okmanána#WHATEVER.KIND.OF
-bíka#USED:TO -ttók#REM.PAST
kiyo#no
kiyo#no
hash-#2PI
nittak#day
yohmi#do.so,.to.happen
ano̱polí#speak,.say,.talk -l#1SI -áchi̱#IRR -h#TNS
nátah#what?
il-#1PI
chahta#Choctaw
nána#something
pis#look -t#PART
afammi#year
pí#just
ittika̱chi#be:separated.(as.a.man.and.wife). -ttók#REM.PAST
wáya#peanuts
chá#ss
hohchafo#be:hungry.
hi#be -hma̱#WHEN
il-#1PI
-kato#COMP:SS
alhíha#group
banna#want -kma̱#IRR:DS
pí#just
píhi̱sa#see:hn -li#1SI -kmat#IRR:SS
il-#1PI
chishnáto#you:nom2
nátah#what?
pí#just
fokáli#almost
achaffa#one
pí#just
at#subject:marker
osápa#field
ishit#ins
í-#1PI
-ka̱#COMP:DS
a̱#1sIII ki#father
okla#people
a̱tta#exist.(of.one) -tok#PST
sa-#1SII shki#mother
pishokchi#milk
kiyo#not
ikka̱na#understand,.to.know -li#1SI -h#TNS
a̱lhi#be:real
kiyo#no
okmanána#WHATEVER.KIND.OF
pí#just
im-#III
ná#something
biyásha#Pearl.River.community
alá#arrive.(here) -li#1SI -tok#PST
-ka̱#COMP:DS
a̱lhi#be:real
ma̱ya#exist.(of.three.or.more).
nána#something
a#be
á#be -ttók#REM.PAST
nána#something
á#say -h#TNS -ókakósh#BUT:SS
nani#fish
mano#that:one
il-#1PI
kiyo#no
il-#1PI
siy-#1SII á#be -h#TNS
yamm#that -ako̱#CON:AC
hikít#START
-ako̱#CON:AC
-bíka#USED:TO -tok#PST
il-#1PI
il-#1PI
-ma#THAT -k#LOC
-bíka#USED:TO -tok#PST
okla#people
-kat#COMP:SS
issa#quit -tok#PST
ná#something
nátah#what?
náhollo#WHITE:PERSON
pí#just
a̱#1sIII ki#father
-hátoko̱#BECAUSE:DS
hi#be -hma̱#WHEN
áchih#say.
-ka̱#COMP:DS
-bíka#USED:TO -ttók#REM.PAST
pí#just
faláma#return -t#PART
hapim-#1MPIII
kaníya#really
to̱ksali#work
náhollo#WHITE:PERSON
ála#arrive:y.gr -li#1SI -h#TNS
hopón#cook -ána#POT
holisso#letter
mihchi#do -tok#PST -o̱#Q
takkon#peach
taha#finally
-ma#THAT -k#LOC
i̱-#III
il-#1PI
ikka̱na#understand,.to.know
kiyo#no
ishki#mother -t#PART
im-#III
okla#people
chishki#your:mother
ola#far:off
ikbi#make -t#PART
apíla#help,.assist.
chishnáto#you:nom2
siy-#1SII ahni#wish;.want
yohmi#do.so,.to.happen
ik-#N
-ma#THAT -k#LOC
ayyásha#reside.(plural.subject) -h#TNS
-ato#NOM2
nána#something
hapim-#1MPIII
iksho#zero
a#be -ttók#REM.PAST
-kat#COMP:SS
hi#be -hma̱#WHEN
hóka̱#emph
ikbi#maker
áchih#say.
il-#1PI
chishnáto#you:nom2
-ako̱#CON:AC
hi#be -hma̱#WHEN
-ato#NOM2
í-#1PI
achokma#good -ána#POT
chi̱-#2SIII ki#father
oshta#four -kma̱#IRR:DS
-ya̱#ACC
nani#fish
-kato#COMP:SS
ilhkóli#go.(of.three.or.more).
-hátoko̱#BECAUSE:DS
-ka̱#COMP:DS
apísachi#watch -h#TNS
a̱sha#be:(of.three.or.more)
másh#that.one
a̱#1sIII
hikít#START
chishnáto#you:nom2
-kat#COMP:SS
nani#fish
to̱ksali#work
bók#creek
-ya̱#ACC
kati#thorn
nani#fish
il-#1PI
il-#1PI
a̱tta#exist.(of.one) -tok#PST
ayína#too,.also
falammi#leave,.return? -li#1SI -ttók#REM.PAST
hicha#and
-kato#COMP:SS
nána#something
a̱sha#be:(of.three.or.more)
iya#go -h#TNS -o̱#Q
hasháyachi#cause.to.sulk
náhollo#WHITE:PERSON
kaními#some
-ato#NOM2
il-#1PI
náhollo#WHITE:PERSON
hikkiki̱ya#walk.around -h#TNS
faláma#return -t#PART
himáka̱#now
atta#stay,.live.(someplace)
pí#just
ná#something
-ako̱#CON:AC
il-#1PI
táhat.iya#DISAPPEAR -kat#COMP:SS
onna#morning
í-#1PI
ábachi#teach -h#TNS
illi#die.
okla#people
apíla#help,.assist.
-kat#COMP:SS
a̱tta#exist.(of.one) -li#1SI -h#TNS
-hátoko̱#BECAUSE:DS
a#be
kaníya#go.away -li#1SI -ttók#REM.PAST
hi#be -hma̱#WHEN
í-#1PI
afammi#year
ibá#with
hi#be
im-#III achokmá#feel.good,.happy -sh#PART:SS
ittonáchi#arrive:du -hma̱#WHEN
il-#1PI
i̱-#III ki#father -t#SUBJECT:MARKER
hohchifo#name
okla#people
kiyo#no
nani#fish
yohmi#do.so,.to.happen
pí#just
il-#1PI
alá#arrive.(here) -li#1SI -tok#PST
nani#fish
il-#1PI
i̱-#III
afammi#year
taha#finally
á-#LOC ikhana#learn -tok#PST
kiyo#not -tok#PST
ná#something
yamm#that -ako̱#CON:AC
bók#creek
i̱-#III
kíyo#no
ohóyo#woman
okla#people
chohmi#kind:of -ttók#REM.PAST
shikalla#bead
anól#tell.
ikbi#make -t#PART
áchih#say.
ta̱chi#corn
hikít#START
shahwa#bush
hohchifo#name -t#SUBJECT:MARKER
pih#just
hi#be -hma̱#WHEN
ná#something
ibbak#hand
kaníya#really
okla#people
nána#something
kiyo#not
oshi#son
-híka#USED:TO -ttók#REM.PAST
katitchi#how -sh#PART:SS
kiyo#no -kásh#COMP:PREV
okla#people
hi#be -hma̱#WHEN
ilhkóli#go.(of.three.or.more).
haklo#hear,.listen
oklil#we
a̱#1sIII ki#father
ikka̱na#understand,.to.know -li#1SI -h#TNS
-ka̱#COMP:DS
okla#people
mi̱ti#come -hma̱#WHEN
isht.ala#BRING -t#PART
ahwa#think.(perhaps),.to.reckon -h#TNS
okla#people
a̱#1sIII
im-#III
hóka̱#emph
il-#1PI
yohmi#do.so,.to.happen
hikkikí#walk.around -t#PART
yakohmi#like:this
hash-#2PI
okla#people
ninak#night
i̱-#III ki#father
issa#stop
ikka̱na#understand,.to.know -li#1SI -h#TNS
í-#1PI
il-#1PI
i̱-#III
onna#morning
kati#how:long -k#LOC
í-#1PI
shawwa#bush
il-#1PI
ma̱ya#exist.(of.three.or.more).
ayyásha#reside.(plural.subject)
chishnáto#you:nom2
ma̱ya#exist.(of.three.or.more). -t#PART
pí#just
á#be -ttók#REM.PAST
shikalla#bead
ma̱ya#exist.(of.three.or.more).
a̱#1sIII ki#father
i̱-#III
akkíya#go:down -t#PART
il-#1PI
a̱ya#be:here
chohmi#kind:of
nána#something
i̱-#III
hihmat#and:then:ss
-kat#COMP:SS
a̱#1sIII
mo̱ma#still
il-#1PI
holisso.ápisa#SCHOOL
ik-#N
ná#something
shawwa#bush
pí#just
chá#ss
foha#retire -ttók#REM.PAST -o̱#Q
holisso#letter
chohmi#kind:of
-híka#USED:TO -ttók#REM.PAST
ála#arrive.(here)
hikmat#and:then:ss
ayína#too,.also
nani#fish
at#subject:marker
pí#just
il-#1PI
ikhana#learn
kiyo#not
chishki#your:mother
sam-#1SIII
hi#be -hma̱#WHEN
shóli#carry.
a̱#1sIII
ta̱chi#corn
nani#fish
ish#you
abíya#go:up -t#PART
nátah#what?
maká#say -hma̱#WHEN
i̱-#III
mano#that:one
-kato#COMP:SS
ahwa#think.(perhaps),.to.reckon -h#TNS
a̱#1sIII
ná#something
bacháya#get.in.a.row.(of.one)
kiyo#not
i̱-#III
nán#something
hikkíya#stand. -li#1SI -h#TNS
mitaffi#make.bleed
-bíka#USED:TO -tok#PST
kíyo#no
a̱#1sIII ki#father
to̱ksali#work. -t#PART
tákoli#noon
il-#1PI
taha#finally
faláma#return -t#PART
i̱-#III
á#be -ttók#REM.PAST
ato̱bbi#pay. -hma̱#WHEN
-ka̱#COMP:DS
ilhkóli#go.(of.three.or.more).
nani#fish
nátah#what?
il-#1PI
ishki#mother
-hátoko̱#BECAUSE:DS
náhollo#WHITE:PERSON
nakfish#younger:sib
hokchi#plant. -t#PART
hash-#2PI
mi̱ti#come
shóli#carry.
-bíka#USED:TO -ttók#REM.PAST
í-#1PI
ohóyo#woman
hi#be -hma̱#WHEN
i̱-#III
abohlih#woods
ahwa#think.(perhaps),.to.reckon -h#TNS
-ato#NOM2
a#be
i̱-#III
ikhana#learn
okla.áyásha#COMMUNITY
tahli#finish. -li#1SI -h#TNS
il-#1PI
toklah#both
taha#finally
ít#toward
kíyo#no
náhollo#WHITE:PERSON
il-#1PI
il-#1PI
il-#1PI
nána#something
pí#just
a̱#1sIII
ayyásha#reside.(plural.subject)
ishit#ins
il-#1PI
hoyo#look.for -t#PART
il-#1PI
ná#something
nána#something
a̱#1sIII
il-#1PI
okla#people
-ma#THAT -k#LOC
ayyówah#pick.up.(off.the.ground).
-kat#COMP:SS
fokáli#approximately -h#TNS
kanohmi#how -ttók#REM.PAST
-bíka#USED:TO -ttók#REM.PAST
nána#something
tobi#beans
katash#who
ti.chanalli#WAGON
másh#that.one
hikít#START
kíyo#no
il-#1PI
náhollo#WHITE:PERSON
mo̱ma#still
yohmi#do.so,.to.happen
okla#people
iksho#zero
í-#1PI
il-#1PI
ná#something
a̱#1sIII
pa#here,.this -ako̱#CON:AC
onna#morning
okla#people
-ma#THAT -k#LOC
ála#arrive.(here) -hma̱#WHEN
-bíka#USED:TO -tok#PST
táha#complete -ttók#REM.PAST
ibá#with
i̱-#III
ohóyo#woman
okla#people
iya#go -ttók#REM.PAST
náhollo#WHITE:PERSON
-ako̱#CON:AC
-kat#COMP:SS
kiyo#no
a̱#1sIII
náhollo#WHITE:PERSON
pí#just
ayiskachi#clean.(house) -t#PART
okla#people
yohmi#do.so,.to.happen
i̱-#III
im-#III
okla#people
hashki#my.mother
i̱-#III
pila#send -ttók#REM.PAST
yimmih#believe
-híka#USED:TO -ttók#REM.PAST
yohmi#do.so,.to.happen
hóka̱#emph
fokáli#approximately -h#TNS
ik-#N
hashki#my.mother
chahta#Choctaw
hi#be -hma̱#WHEN
tamáha#town
a#be
pí#just
ilhkóli#go.(of.three.or.more). -tok#PST
a̱#1sIII ki#father
il-#1PI
a̱#1sIII ki#father
-ako̱#CON:AC
í-#1PI
-kat#COMP:SS
iyá#go -li#1SI
-bíka#USED:TO -ttók#REM.PAST
iksho#zero
ma̱ya#exist.(of.three.or.more).
a#be
ittanówa#walk.together -h#TNS
nána#something
-ka̱#COMP:DS
ano̱polí#speak,.say,.talk -l#1SI -áchi̱#IRR -h#TNS
ikhaná#learn -li#1SI -h#TNS
hash-#2PI
il-#1PI
shikalla#bead
a#be -ttók#REM.PAST
-kat#COMP:SS
-ka̱#COMP:DS
hattak#husband
i̱-#III cha̱li#chop -h#TNS
katímina#why,.how.come
bók#creek
-kat#COMP:SS
im-#III
il-#1PI
yohmi#do.so,.to.happen
chishki#your:mother
ilhkóli#go.(of.three.or.more). -tok#PST
yohmi#do.so,.to.happen
nána#something
nána#something
ít#toward
kiyo#not -tok#PST
kiyo#not
-ka̱#COMP:DS
chishnáto#you:nom2
-bíka#USED:TO -tok#PST
-ka̱#COMP:DS
kiyo#no
oklil#we
hash-#2PI
panóla#cotton
-ya̱#ACC
il-#1PI
á#be -ttók#REM.PAST
-ma#THAT -k#LOC
náhollo#WHITE:PERSON
ani#pour.in -t#PART
áchih#say.
i̱-#III
táhat.iya#DISAPPEAR -h#TNS
il-#1PI
ná#something
hicha#and
ásh#prev
pí#just
í-#1PI
táha#complete -ttók#REM.PAST
náhollo#WHITE:PERSON
ak-#1SN ikkán#know -o#NEG
afammi#year
kaními#some
at#subject:marker
osápa#field
-ato#NOM2
tobi#beans
a̱#1sIII
kaními#some
to̱ksali#work
okmanána#WHATEVER.KIND.OF
to̱ksali#work
afammi#year
chishnáto#you:nom2
im-#III
ikhaná#learn -li#1SI -hmat#WHEN
bacháli#put.(one).in.a.row -h#TNS
nittak#day
-bíka#USED:TO -tok#PST
-hátoko̱#BECAUSE:DS
nána#something
i̱pa#eat. -áchi̱#IRR -kmat#IRR:SS
-ya̱#ACC
-ka̱#COMP:DS
-ka̱#COMP:DS
-ka̱#COMP:DS
nána#something
faláma#return -t#PART
náhollo#WHITE:PERSON
nani#fish
kiyo#not
á#loc hokch#plant. -ahíka#USED:TO -ttók#REM.PAST
okla#people
yohmi#do.so,.to.happen
náhollo.im.anno̱pa#ENGLISH
hi#be -hma̱#WHEN
-hátoko̱#BECAUSE:DS
ikbi#make -t#PART
hikitíya#START -li#1SI -tok#PST
í-#1PI
to̱ksali#work
náhollo#WHITE:PERSON
ta̱chi#corn
-ka̱#COMP:DS
-tok#PST áchíni#seem -ttók#REM.PAST
-bíka#USED:TO -tok#PST
-ato#NOM2
il-#1PI
ittiwáya#marry -ttók#REM.PAST
á#be -ttók#REM.PAST
á#be -ttók#REM.PAST
homma#red
ano̱poli#speak,.say,.talk -h#TNS
okla#people
náhollo#WHITE:PERSON
hapi̱-#1MPIII ki#father -to#NOM2
pí#just
iya#go -ttók#REM.PAST
kiyo#no
kiyo#not
banna#want -kma̱#IRR:DS
okla#people
ittanówa#walk.together -h#TNS
ásh#prev
pishokchi#milk
nátah#what?
falammi#leave,.return? -li#1SI -ttók#REM.PAST
il-#1PI
ná#something
-kiya#KIND:OF
ná#something
il-#1PI
abohlih#woods
hash-#2PI
kiyo#no
katash#who
ohóyo#woman
to̱ksali#work. -t#PART
shokshi#watermelon
ásha#reside.(plural.subject) -hma̱#WHEN
ahwa#think.(perhaps),.to.reckon -h#TNS
-ka̱#COMP:DS
ilhkóli#go.(of.three.or.more). -hmat#WHEN
kíyo#no
katíkako̱#when
sam-#1SIII
-ato#NOM2
pí#just
ná#something
-ka̱#COMP:DS
ma̱ya#exist.(of.three.or.more). -t#PART
ahwa#think.(perhaps),.to.reckon -h#TNS
-ka̱#COMP:DS
kiyo#not
-ako̱#CON:AC
í-#1PI
a̱#1sIII
shikalla#bead
achokma#good -ána#POT
kiyo#no -kásh#COMP:PREV
i̱-#III hi̱li#stand:du -h#TNS
a̱tta#exist.(of.one) -li#1SI -h#TNS
hikmat#and:then:ss
náhollo.im.anno̱pa#ENGLISH
a̱#1sIII ki#father
lha̱kko#be:strong. -t#PART
a̱h#yes
okla#people
nán#something
kanómi#be:some:amount -kma̱#IRR:DS
pí#just
ná#something
ná#something
achokma#good -ána#POT
osápa#field
chahta#Choctaw
mo̱ma#still
il-#1PI
hikma#and:then
-chámo#LONG:AGO
-chámo#LONG:AGO
ittanówa#walk.together -h#TNS
-ya̱#ACC
a̱#1sIII
kotcha#go.outside.
a̱#1sIII ki#father
okla#people
mihchi#do -li#1SI -kmat#IRR:SS
maká#say -hma̱#WHEN
shikalla#bead
at#subject:marker
ohóyo#woman
-ato#NOM2
-ka̱#COMP:DS
kotchi#get.out,.take.out -tok#PST
-kat#COMP:SS
hoyo#look.for -t#PART
ikbi#maker
shibbih#peel.(cane)?
kiyo#no
ná#something
-bíka#USED:TO -ttók#REM.PAST
sanna#I:want
ohóyo#woman
ikka̱na#understand,.to.know
hi#be
ná#something
at#subject:marker
iyá#go -li#1SI
ato̱bbi#pay. -hma̱#WHEN
iláp#self
nána#something
-kat#COMP:SS
nána#something
másh#that.one
afammi#year
nátah#what?
siy-#1SII á-#LOC
to̱ksali#work. -t#PART
-hátoko̱#BECAUSE:DS
il-#1PI
a̱#1sIII
hi#be -hma̱#WHEN
másh#that.one
bi̱ka#both -h#TNS
hikít#START
okla#people
ayiskachi#clean.(house) -t#PART
hash-#2PI
ikhana#learn
ish#you
kiyo#no
il-#1PI
yohmi#do.so,.to.happen
okla#people
hi#be
oklil#we
shohbi#last.all.day
ishit#ins
hi#be -hma̱#WHEN
hapim-#1MPIII
hokchi#plant. -t#PART
-kato#COMP:SS
yohmi#do.so,.to.happen
yohmi#do.so,.to.happen
í-#1PI
toklo#be:two
a̱tta#exist.(of.one) -li#1SI -h#TNS
bók#creek
to̱ksali#work
to̱ksali#work. -t#PART
-kato#COMP:SS
mano#that:one
-bíka#USED:TO -tok#PST
ná#something
nakfish#younger:sib
í-#1PI
panóla#cotton
faláma#return -t#PART
ittanówa#walk.together
pí#just
á#be -ttók#REM.PAST
shohbi#last.all.day
an#I -akínih#INDEED
il-#1PI
at#subject:marker
tana#weave
ásh#prev
iya#go -ttók#REM.PAST
-kat#COMP:SS
achokmahnih#LIKE -li#1SI -h.mat#WHEN
-ma#THAT -k#LOC
kiyo#no
chi̱-#2SIII ki#father
ish#you
kotchi#get.out,.take.out -tok#PST
i̱-#III
náhollo.im.anno̱pa#ENGLISH
-kiya#KIND:OF
ná#something
il-#1PI
a̱#1sIII ki#father
a̱h#yes
ishí#take,.grasp,.get -li#1SI
il-#1PI
ahwa#think.(perhaps),.to.reckon -h#TNS
i̱-#III
náhollo#WHITE:PERSON
kiyo#no
-ma#THAT -k#LOC
pí#just
hikít#START
i̱-#III
-ka̱#COMP:DS
hapim-#1MPIII
pí#just
osápa#field
á#loc hokch#plant. -ahíka#USED:TO -ttók#REM.PAST
náhollo#WHITE:PERSON
ábachi#teach -h#TNS
siy-#1SII á#be -h#TNS
il-#1PI
mo̱ma#still -h#TNS
toklah#both
a̱#1sIII
chishnáto#you:nom2
nána#something
hóka̱#emph
okla#people
hohchifo#name -t#SUBJECT:MARKER
nána#something
í-#1PI
nani#fish
ít#toward
ilhkóho̱li#go.(of.three.or.more). -h#TNS
-bíka#USED:TO -ttók#REM.PAST
hapi#salt
hi#be -hma̱#WHEN
hi#be -hma̱#WHEN
to̱ksali#work
okla#people
okla#people
kotcha#go.outside.
il-#1PI
hi#be -hma̱#WHEN
a#be
-kat#COMP:SS
ná#something
issa#stop
-kato#COMP:SS
ik-#N
ikka̱na#understand,.to.know -ho̱#PART:DS
ishit#ins
i̱-#III
kati#how:long -k#LOC
pila#send -ttók#REM.PAST
nani#fish
okla#people
iksho#not:exist -h#TNS
okla#people
afammi#year
-kásh#COMP:PREV
il-#1PI
ikbi#maker -li#1SI -hósh#PART:SS
ná#something
a̱h#yes
hi#be -hma̱#WHEN
áchih#say.
siy-#I:AM assano#grow.up
taha#finally
pa#here,.this -aki̱li#OWN -h#TNS
á#be -ttók#REM.PAST
óna#arrive:there -hma̱#WHEN
chito#be:big,.large
ít#toward
hi#be -hma̱#WHEN
iya#go -ttók#REM.PAST
hikít#START
ma̱ya#exist.(of.three.or.more).
ásh#prev
il-#1PI
okla#people
chá#ss
tobi#beans
im-#III
-kiya#KIND:OF
mi̱ti#come -hma̱#WHEN
ná#something
chi̱-#2SIII ki#father
ta̱chi#corn
-bíka#USED:TO -ttók#REM.PAST
nani#fish
im-#III
ná#something
-ka̱#COMP:DS
kiyo#not
ik-#N
mano#that:one
hicha#and
-ato#NOM2
náhollo#WHITE:PERSON
awashli#fry.
foha#retire -ttók#REM.PAST -o̱#Q
i̱-#III
-bíka#USED:TO -tok#PST
hi#be -hma̱#WHEN
ná#something
-ka̱#COMP:DS
okla#people
yamm#that -ako̱#CON:AC
a̱#1sIII
mo̱ma#still
il-#1PI
-kat#COMP:SS
nátah#what? -o̱#Q
hash-#2PI
kaními#some
náhollo#WHITE:PERSON
hapi̱-#1MPIII
ná#something
hash-#2PI
a̱#1sIII i̱tík#sister.(of.a.male)
a̱sha#be:(of.three.or.more)
ilhko#go.(of.three.or.more). -t#PART
hikít#START
il-#1PI
ta̱chi#corn
chá#ss
to̱ksalí#work. -l#1SI -íchi̱#IRR -kmat#IRR:SS
tali#rock,.stone,.metal
ta̱chi#corn
panóla#cotton
a#be -ttók#REM.PAST
kiyo#no
alhíha#group -t#PART
faláma#return -t#PART
il-#1PI
iksho#not:exist -hma̱#WHEN
yokáchi#catch. -h#TNS
mihch#do -ína#CAN -h#TNS
hashki#my.mother
ahwa#think.(perhaps),.to.reckon
áchih#say.
-ma#THAT -k#LOC
hi#be -hma̱#WHEN
okla#people
nakfish#younger:sib
im-#III
ta̱chi#corn
a#be
hash-#2PI
-bíka#USED:TO -ttók#REM.PAST
okla#people
-ka̱#COMP:DS
at#subject:marker
kanohmi#how -tok#PST -ka̱#COMP:DS
illi#die.
okla#people
oklil#we
iláp#self
-bíka#USED:TO -tok#PST
ikbi#maker
mi̱ti#come -hma̱#WHEN
i̱-#III
-ka̱#COMP:DS
nátah#what?
katash#who
afammi#year
hach-#2PII ishki#mother
ikbi#make -t#PART
kiyo#not
hi#be -hma̱#WHEN
to̱ksalí#work. -l#1SI -íchi̱#IRR -kmat#IRR:SS
yohmi#do.so,.to.happen
a̱lhi#be:real
a̱sha#be:(of.three.or.more)
ít#toward
pí#just
-ma#THAT -k#LOC
taklaka̱#alongside
-kato#COMP:SS
ikka̱na#understand,.to.know -li#1SI -h#TNS
yohmi#do.so,.to.happen
panóla#cotton
-kásh#COMP:PREV
-ma#THAT -k#LOC
okla#people
-hátoko̱#BECAUSE:DS
holisso#letter
ná#something
ma̱ya#exist.(of.three.or.more).
kiyo#not
il-#1PI
kíyo#no
ikhaná#learn -li#1SI -hmat#WHEN
nána#something
illi#die.
chohmi#kind:of
ná#something
il-#1PI
faláma#return -t#PART
okla#people
ilhko#go.(of.three.or.more). -t#PART
kiyo#not
hohchifo#name
mi̱ti#come
ná.chinni#WHADDYACALLIT
a̱#1sIII ki#father
ka̱chi#really
faláma#return -t#PART
hikít#START
hikiki̱ya#stay:at -li#1SI -ttók#REM.PAST
kiyo#not -tok#PST
oklil#we
-ako̱#CON:AC
at#subject:marker
il-#1PI
hi#be
ta̱chi#corn
siy-#1SII á#be -h#TNS
shawwa#bush
hikít#START
katimma#where -ako̱#CON:AC
a̱#1sIII
a̱#1sIII
hash-#2PI
tobi#beans
kati#how:long -k#LOC
hash-#2PI
-ato#NOM2
-ka̱#COMP:DS
nátah#what? -o̱#Q
í-#1PI
-ka̱#COMP:DS
il-#1PI
im-#III
yohmi#do.so,.to.happen
-ma#THAT -k#LOC
-ka̱#COMP:DS
okla#people
i̱-#III
-bíka#USED:TO -tok#PST
illi#die.
il-#1PI
nátah#what?
a̱#1sIII
mo̱ma#still
hikít#START
to̱ksali#work. -t#PART
nán#something
hach-#2PII ishki#mother
hohchifo#name
hi#be -hma̱#WHEN
ná#something
hikít#START
kaními#some
a̱#1sIII ki#father
il-#1PI
hóyo#look.for -h#TNS
a̱#1sIII
i̱-#III
ná#something
-ya̱#ACC
á#be -ttók#REM.PAST
hohchafo#be:hungry.
ikhana#learn
panóla#cotton
ittonáchi#arrive:du -hma̱#WHEN
pí#just
hóyo#look.for
ak-#1SN
a̱h#yes
okla#people
ásh#prev
am-#1SIII ihaksi#forget
kotcha#go.outside.
-ma#THAT -k#LOC
hihmat#and:then:ss
il-#1PI
-ka̱#COMP:DS
-ma#THAT -k#LOC
to̱ksalí#work. -chi#CAUS -h#TNS
il-#1PI
ikbi#make -t#PART
nanih#hill
illi#die.
faláma#return -t#PART
lha̱kko#be:strong. -t#PART
hi#be -hma̱#WHEN
-bíka#USED:TO -ttók#REM.PAST
chá#ss
a̱lhi#be:real
áta̱pa#be:more:than -tok#PST
yohmi#do.so,.to.happen
kiyo#not
pí#just
okla#people
il-#1PI
il-#1PI
takkon#peach
-bíka#USED:TO -ttók#REM.PAST
a̱tta#exist.(of.one) -li#1SI -h#TNS
bók#creek
toklo#be:two -sh#PART:SS
ikbi#maker
a̱h#yes
kiyo#not
at#subject:marker
náhollo#WHITE:PERSON
nátah#what?
yimmih#believe
-ma#THAT -k#LOC
at#subject:marker
kanómi#cousin
ná#something
ano̱pol#speak,.say,.talk -áhí#POT kiyo#no
il-#1PI
ít#toward
pila#throw. -hma̱#WHEN
im-#III
chíkosi.alhlhi.ka̱#FOR.A.LITTLE.WHILE
óna#arrive:there -hma̱#WHEN
pí#just
bók#creek
-bíka#USED:TO -tok#PST
hicha#and
nakni#male
pí#just
honni#blanch -t#PART
áchih#say.
chá#ss
to̱ksali#work. -li#1SI
katohmih#how:many
okla#people
chishnáto#you:nom2
ikbi#maker
á#be -ttók#REM.PAST
hash-#2PI
-kiya#KIND:OF
ohóyo#woman
chá#ss
shikalla#bead
kiyo#no
hi#be -hma̱#WHEN
-bíka#USED:TO -ttók#REM.PAST
ná#something
pí#just
tobi#beans
hicha#and
iya#go -ttók#REM.PAST
-ma#THAT -k#LOC
í-#1PI
okla#people
ano̱poli#speak,.say,.talk -h#TNS
a#be -ttók#REM.PAST
i̱-#III ki#father -t#SUBJECT:MARKER
ikka̱na#understand,.to.know -li#1SI -h#TNS
-ato#NOM2
il-#1PI
ma̱ya#exist.(of.three.or.more). -t#PART
hapi#salt
a̱tta#exist.(of.one) -li#1SI -h#TNS
oklil#we
hi#be
-ma#THAT -k#LOC
hikít.iyá#BEGIN -li#1SI -h#TNS
hi#be -hma̱#WHEN
bók#creek
hohchifo#name
okla#people
-kato#COMP:SS
ayyásha#reside.(plural.subject) -h#TNS
pí#just
aki̱ni#indeed -h#TNS
ít#toward
il-#1PI
to̱ksali#work
himi̱tta#be:young.(sg..or.pl.).(pl..himittowa)
siy-#1SII á-#LOC
a̱h#yes
sa-#1SII shki#mother
chá#ss
á#be -ttók#REM.PAST
kiyo#not
alhíha#group
-kiya#KIND:OF
-kato#COMP:SS
i̱-#III cha̱li#chop -h#TNS
kaními#some
pí#just
-ato#NOM2
anól#tell.
pí#just
okla#people
assano#adult
hash-#2PI
nána#something
alhíha#group
-ya̱#ACC
chishnáto#you:nom2
iyá#go -li#1SI
okla#people
im-#III
i̱-#III ki#father
másh#that.one
kiyo#not
-ma#THAT -k#LOC
pih#just
a̱sha#be:(of.three.or.more)
ná#something
a̱#1sIII ki#father
a̱sha#be:(of.three.or.more)
chishki#your:mother
-ka̱#COMP:DS
osápa#field
náhollo#WHITE:PERSON
il-#1PI
a̱#1sIII ki#father
yohmi#do.so,.to.happen
afammi#year
bacháli#put.(one).in.a.row -h#TNS
okla#people
-ka̱#COMP:DS
il-#1PI
hi#be -hma̱#WHEN
ála#arrive.(here) -hma̱#WHEN
hash-#2PI
hash-#2PI
ikka̱na#understand,.to.know -ho̱#PART:DS
hicha#and
ná.chinni#WHADDYACALLIT
nátah#what?
hapi#salt
pí#just
il-#1PI
nanih#hill
kati#thorn
hi#be -hma̱#WHEN
oshi#son
habli#kick
kiyo#no
ásha#reside.(plural.subject) -bíka#USED:TO -ttók#REM.PAST
yohmi#do.so,.to.happen
táhat.iya#DISAPPEAR -h#TNS
ahwa#think.(perhaps),.to.reckon -h#TNS
-chámo#LONG:AGO
í-#1PI
kotcha#go.outside.
shawwa#bush
hash-#2PI
-ka̱#COMP:DS
ak-#1SN ikkán#know -o#NEG
katash#who
assanó#grow.up -t#PART
kaníya#go.away -li#1SI -ttók#REM.PAST
hikít#START
i̱-#III
i̱-#III
ayyásha#reside.(plural.subject)
hikkíya#stand. -li#1SI -h#TNS
ayiskachi#clean.(house) -t#PART
nani#fish
il-#1PI
a̱#1sIII ki#father
a̱#1sIII
a̱sha#be:(of.three.or.more)
ná#something
ná#something
okla#people
chá#ss
ani#pour.in -t#PART
im-#III
-ato#NOM2
-ka̱#COMP:DS
ná#something
osápa#field
kiyo#no
iya#go -ttók#REM.PAST
pí#just
faláma#return -t#PART
ikbi#make
hohchifo#name
ilhkóli#go.(of.three.or.more). -hmat#WHEN
noshkobo#head
ahwa#think.(perhaps),.to.reckon -h#TNS
akkattola#fall:down -t#PART
ná#something
to̱ksali#work. -li#1SI
pí#just
katimma#where -ako̱#CON:AC
pis#look -t#PART
kiyo#not
yohmi#do.so,.to.happen
náhollo.im.anno̱pa#ENGLISH
ayyówah#pick.up.(off.the.ground).
okla#people
a̱#1sIII
a̱#1sIII
pí#just
ilahbi#pretend,.make.believe.
bacháya#get.in.a.row.(of.one)
kanimmakósh#when:indef
ilhkóli#go.(of.three.or.more). -hma̱#WHEN
i̱-#III
hikít.iyá#BEGIN -li#1SI -h#TNS
mishsha#two.time.periods.before.or.after
pí#just
shóli#carry.
á-#LOC ikhana#learn -tok#PST
pishokchi#milk
náhollo#WHITE:PERSON
a̱#1sIII
a̱lhi#be:real
a̱#1sIII
náhollo#WHITE:PERSON
náhollo#WHITE:PERSON
okla#people
im-#III
im-#III
-ka̱#COMP:DS
il-#1PI
pí#just
il-#1PI
náhollo#WHITE:PERSON
kanómi#cousin
áta̱pa#be:more:than -tok#PST
okla#people
-ma#THAT -k#LOC
at#subject:marker
is-#YOU sa̱-#1SIII
il-#1PI
chá#ss
chishba#unsure
sa-#1SII shki#mother
ishit#ins
ha̱klo#understand
hikít#START
okla#people
ahóch#find. -ahí#IRR2
ohóyo#woman
kapassa#be:cold
kiyo#not
ayína#too,.also
-ka̱#COMP:DS
hi#be -hma̱#WHEN
il-#1PI
chishnáto#you:nom2
-ka̱#COMP:DS
yohmi#do.so,.to.happen
kaniyah#probably
a̱ya#be:here -li#1SI
nonáchi#bake,.cook
náhollo.im.anno̱pa#ENGLISH
im-#III achokmá#feel.good,.happy -sh#PART:SS
-kat#COMP:SS
yohmi#do.so,.to.happen
kiyo#not
kanimma#somewhere
-hátoko̱#BECAUSE:DS
ibbak#hand
oklil#we
iyá#go -li#1SI -tok#PST -ósh#CONTRASTIVE:NOMINATIVE
-ka̱#COMP:DS
katohmih#how:many
okmanána#WHATEVER.KIND.OF
kotcha#go.outside.
-ka̱#COMP:DS
achaffa#one
ona#arrive:there
ninak#night
ninak#night
okla#people
kati#how:long -k#LOC
náhollo#WHITE:PERSON
shikalla#bead
a#be -ttók#REM.PAST
-hátoko̱#BECAUSE:DS
a̱h#yes
a̱#1sIII ki#father
iksho#not:exist -h#TNS
nani#fish
-ako̱#CON:AC
faláma#return -t#PART
nátah#what? -o̱#Q
ná#something
áchih#say.
i̱-#III
-bíka#USED:TO -ttók#REM.PAST
bash#cut.(with.a.knife,.broken.glass). -t#PART
a̱ya#be:here -l#1SI -íka#USED:TO -ttók#REM.PAST
iyá#go -li#1SI
okla#people
ít#toward
il-#1PI
tali#rock,.stone,.metal
katah#who
hokchi#plant. -t#PART
ishki#mother -t#PART
pí#just
illi#die.
im-#III
toklo#be:two
kiyo#no
sa-#1SII shki#mother
ishit#ins
pí#just
okla#people
ikbi#make
-ato#NOM2
náhollo#WHITE:PERSON
ilhkóli#go.(of.three.or.more).
kiyo#not
ona#arrive:there
hash-#2PI
i̱-#III
hi#be
kiyo#no -kásh#COMP:PREV
il-#1PI
pí#just
kiyo#no
alhíha#group
basówa#be:striped -chi#CAUS -t#PART
kíyo#no
ikka̱na#understand,.to.know
okla#people
chishba#unsure
-bíka#USED:TO -tok#PST
hi#be -hma̱#WHEN
yohmi#do.so,.to.happen
mano#that:one
oshta#four
ilhkóli#go.(of.three.or.more).
yohmi#do.so,.to.happen
sam-#1SIII
pí#just
foli#switch
shokshi#watermelon
ilahbi#pretend,.make.believe.
okla#people
siy-#1SII á#be -h#TNS
hi#be
-ma#THAT -k#LOC
bi̱ka#both -h#TNS
oná#arrive:there -li#1SI -hmat#WHEN
a̱lhi#be:real
holisso.ápisa#SCHOOL
náhollo#WHITE:PERSON
sanna#I:want
chá#ss
-ya̱#ACC
okla#people
i̱-#III
a̱h#yes
chá#ss
a̱chi#cover
ittahobli#pick.up -t#PART
oshi#son
í-#1PI
toklo#be:two -sh#PART:SS
pa#here,.this -ako̱#CON:AC
okmanána#WHATEVER.KIND.OF
at#subject:marker
okla#people
kaníya#really
mi̱ti#come -li#1SI
yohmi#do.so,.to.happen
ayína#too,.also
kiyo#no
ábachi#teach -h#TNS
il-#1PI
afammi#year
fokáli#approximately -h#TNS
-kat#COMP:SS
to̱ksalí#work. -chi#CAUS -h#TNS
ibá#with
il-#1PI
náhollo.anno̱pa#ENGLISH:LANGUAGE
ta̱chi#corn
mo̱ma#still
-bíka#USED:TO -ttók#REM.PAST
okla#people
il-#1PI
ábachi#teach -h#TNS
ná#something
okla#people
ahwa#think.(perhaps),.to.reckon -h#TNS
pí#just
-kiya#KIND:OF
-ato#NOM2
onna#morning
-ato#NOM2
chohmi#kind:of
im-#III
hicha#and
okla#people
yohmi#do.so,.to.happen
a̱h#yes
ná#something
-ka̱#COMP:DS
a̱#1sIII
shokshi#watermelon
atta#stay,.live.(someplace) -ttók#REM.PAST -o̱#Q
okla#people
mihchi#do -li#1SI -kmat#IRR:SS
-hátoko̱#BECAUSE:DS
ikka̱na#understand,.to.know
kanimma#somewhere
náhollo#WHITE:PERSON
osápa#field
ikbi#maker
ikka̱na#understand,.to.know -li#1SI -h#TNS
-kato#COMP:SS
aba.talóli#STORE
í-#1PI
chishnáto#you:nom2
pí#just
okla#people
okla#people
alhíha#group -t#PART
-ato#NOM2
ayyásha#reside.(plural.subject) -h#TNS
-ka̱#COMP:DS
okla#people
nátah#what?
ná#something
pí#just
másh#that.one
illi#die.
kotcha#go.outside.
honni#blanch -t#PART
pí#just
náhollo.im.anno̱pa#ENGLISH
ábachi#teach -h#TNS
faláma#return -t#PART
náhollo#WHITE:PERSON
il-#1PI
-kato#COMP:SS
í-#1PI
fokáli#approximately -tok#PST
yohmi#do.so,.to.happen
at#subject:marker
okla#people
pí#just
banna#want -kma̱#IRR:DS
nani#fish
ha̱klo#understand
hikít#START
másh#that.one
il-#1PI
iya#go -ttók#REM.PAST
ásh#prev
hapim-#1MPIII
kíyo#no
at#subject:marker
nittak#day
i̱-#III
aha̱chi#say:hn.gr
okla#people
i̱-#III
nán#something
tík#female
habli#kick
hikít#START
im-#III
osápa#field
-ka̱#COMP:DS
nani#fish
at#subject:marker
hi#be -hma̱#WHEN
íy#go -o#NEG -ttók#REM.PAST
nátah#what?
biyásha#Pearl.River.community
shahwa#bush
pí#just
at#subject:marker
-bíka#USED:TO -ttók#REM.PAST
á#be -ttók#REM.PAST
ná#something
osápa#field
tahli#finish. -li#1SI -h#TNS
a̱#1sIII ki#father
-ka̱#COMP:DS
hicha#and
holisso#letter
okla#people
náhollo#WHITE:PERSON
-ako̱#CON:AC
hikít#START
mo̱m#still -áchi̱#IRR -h#TNS
mo̱ma#still
bók#creek
ná#something
i̱-#III hi̱li#stand:du -h#TNS
-ako̱#CON:AC
pí#just
ábachi#teach -h#TNS
a̱lhi#be:real
ná#something
il-#1PI
maká#say -hma̱#WHEN
mihchi#do -tok#PST -o̱#Q
hasháyachi#cause.to.sulk
assano#adult
pih#just
nonáchi#bake,.cook
-chámo#LONG:AGO
í-#1PI
náhollo#WHITE:PERSON
mitaffi#make.bleed
shilosh#shoes
nána#something
okla#people
hicha#and
hapim-#1MPIII
ná#something
hi#be -hma̱#WHEN
hi#be -hma̱#WHEN
hicha#and
iya#go -ttók#REM.PAST
ahwa#think.(perhaps),.to.reckon -h#TNS
afammi#year
náhollo#WHITE:PERSON
kan#nobody ásh#prev
im-#III
hapim-#1MPIII
pí#just
ná#something
íshi#get
ik-#N
ikbi#make
ásh#prev
fokka#enter -ttók#REM.PAST
chíkosi.alhlhi.ka̱#FOR.A.LITTLE.WHILE
sam-#1SIII
fokáli#almost -km#IRR:DS -ako̱#CON:AC
ahwa#think.(perhaps),.to.reckon -h#TNS
ittanówa#walk.together -h#TNS
kanikma̱#sometimes
ta̱kla#before
chá#ss
-ma#THAT -k#LOC
awashli#fry.
ta̱chi#corn
-ma#THAT -k#LOC
-ka̱#COMP:DS
ná#something
a#be -ttók#REM.PAST
nátah#what?
okla#people
iya#go -ttók#REM.PAST
pih#just
okla#people
i̱-#III
im-#III