инсан#man -ар#PL
и#this
гьинвайди#where.being.PTP.SBST
ваъ#no
са#one
хьа#happened -нава#PERF
рак#door
хъсан#good
гьикӏ#how
сад-садахъ#each.other
чна#1pl.erg
хара#pile
хьи#that
ава#is -й#PST
лугь#say -уда#ENT
эвера#call.IMPV
хабар#news
чна#1pl.erg
гьиниз#where.to
зу#my
фи#go -ун#MSD
за#1sg.ERG
вири#all
къунши#neighbor -да#OBL -л#SP -NULL#ESS
лугь#say -уда#ENT
гьа#today
са#one
рази#agree
вун#2sg.abs
ак#look -ур#AOP -тӏа#COND
и#this
яд#water
х#be.born
чка#place
ида#him.to
за#1sg.ERG
ки#that
фе#go -нава#PERF -й#PST
буба#father
мелим#teacher -ди#ERG
экъецӏ#appear
себриллагь#Sabrillah
пачагь#king
ки#that
земляк#fellow.countryman -ар#PL
и#this
игила#now
и#this кьван#so.much
саягъ#form
за#1sg.ERG -з#DAT