possession GIVE.X.TO
king
with
area =THE
Natam
even.(also)
result
baby
little.(small)
relpro sail
with
in,.at.(space)
to.arrive =FRONTED.ELEMENT
a
because
land
with
Engkeran
story
seven
done.(finished)
home
to.find
neg
relpro
TO.DO.... to.throw
with
and
sail
3sg
sugar
3sg
TO.DO.... let
first
PAS.TR receive
relpro
time =THE
neg
PLEASE.GO.AHEAD
land
old.(of.things) MEASURE.NOMINALIZER
relpro
relpro
to.arrive =FRONTED.ELEMENT
PAS.TR SEMANTIC.ROLE:.PATIENT to.think SEMANTIC.ROLE:.PATIENT
TO.BE.... sad =3SG
with
ONE person
on.(of.dates)
handsome