khombong -en
lebe
edi
khombong -en
kisah
ate
khombong -en
tanoh
wakhi
tebe
pe- tani
edi
ate
akhi
tahun
edhi
usahe
tekh- tandok
khaje
pakek
meng- akhekh -i
selukhuh
adalah
untuk
te
malet
khase
semakin
sang
dekah
bingung
cut
bahwe
iye
bekhat
motokh e
te
setiap
pe- tani
kadang
khut
singkil
wayang
bekhite
pas
ulang
mejile
edhi
bekhite
edhi
atau
ndak
te
khut
sang
==ne
me- lalu
bali
kalake
kabupaten
me- gelakh
kite
tadi
mem- ege
ende
ulang
kalaki
kobo
khumah
kendukhi
tekhuh
padahal
calon
te
sang
ke- jujukh -en
n- tukokh
edi
niat
panek
me
adalah
madhe
me
wayang
lawe
sang
ke- khoh -en
sakti
sikel
bekhu ==mu
soh ==lah
setekhusne
madhe
mbue
mebelin
te
madhe
malot
megekhogoti
se- mase
te
jume
tekh- jadi
te
ie
edi
kidah
pahakh
nali
pahakh
ndokhsah
me- milik -i
iye
khut
tading
pupuk
uwak ==ne
khut
lot
pot
ahli
se- kalak
wakhi
nemu
untuk
lot
khut
kekhang
kakhene
keluakhge
miskin
iye
kekade
layakh
aku
ndak
waktu
kite
me- bahan
sendah
tetap
pe- bahan ==e
edhi
edi
sang
tekhus
pagi
khut
men- ading -ken
ucap -en
kalaki
ke- ganteng -en
sedang
me
men- kandung
edhi
mame
ke- bahagie -en
negekhi
m pangan -i
edhi
uan
kekhine
khut
toh
kite
khut
madhe
anak
kendukhi
kanda
jumpai
milik
dhahi -me
made khoh
te
pade
men- olong
men- cube
susah
me- balik
dukun
kukhang
kakhne
bene
akhi
ate
edi
tule
lot
me- khakut
anakhu
khaje
anak
nde
khumah
abhang
ame ==mu
khut
cukup
kao
me- bace
te
te
laki ==ne
ulang
me
akhi
tekhus
toh
edi
datas
lebe
bhual -i ==ne
n- tegu -i
khoh
wayang
sang
malet
nangat
khaje
peng- uase
cuping
men- ekhpe
buah
bahan
te- jekhang
ni- tegu -ken
dhahi -ken
me natam
ingin
kekhine
te
mbue
ny- abu
wakhi
polisi
bhe
aku
anak
tihang
aku
se- kalak
kasukh
ke- ganteng -en ==ne
soh ==lah
mahkota
me natam
wahai
pakek
langsung
lot
singkil
sambil
kite
te
sulit
daerah
khimo
wakhisen
me- khase
pelin
ngkran
se- jumlah
milik -i
uan -me
lot
malot
bukai
khaje
soh
khaje
khut
mende
tekhsebut
pe- ng- atou -ken
tangis
semange
acam -en
tahun
sikel
keluakhge
pepige
bahagie
khut
me
gembikhe
cuping
bahwe
otomatis
edhi
kalihen
tule
seban
edi
pangukhe
me
te
alas
tepat
lot
me
me- masakhakat
edi
tanoh
kekade
se- tegu -n
tuak
khaje
me- jolokh
kalihen
bagi
ke- khaja -en
kakho
khombong -en
n- tukokh
te
ahli
edi
khencane
bekhu
me
malot
malet
hambe
sebuah
gat
debekhu
tihang
kalihen
kute
menuju
deleng
n- tukokh -ken
men- ikmat -i
te
cekhe
aku
peng- ukhus -en
me- milik -i
se- kalak
me- hak
malet
nemu
lelukhuh
ate
ie
akhi
khumah
ninik
ganteng
ende
sang
pen- ekhus
kao
kekhas
khugi
bayi
bayi
kekade
kekhine
penganggukhen
kanda
tadi
khase
anak
te
tepat
kakhene
khaje
me- khiyut
singkil
gagal
edi
pe- deleng -en
aku
ende
jaye
sebuah
ke- khaja -en
bantu -en
tepat
anak
tekh- pukul
aku
khut
coklat
iye
te
anak
ende
tekhsebut
sendikhi
me- cekhok
malet
ulang
ulang
men- ahan
pe- nindekh -en
meng- utus
untuk
anak
sendikhi
usahe
bebas
te
bekhani
nomokh
lot
akhi
akhi
bekhangkat
==ne
sikel
gedang
sendikhi
kite
aku
khut
ulang
untuk
lebe
uan
untuk
lot
te
mulai
te
deleng
hendak
aman
kami
kite
aceh
lebhe
kite
malet
tapi
oleh
mame
lot
kase
men- jage
istekhi
akhi
iye
ate
mange
se- kalak
khumah
ogek
kenin
edi
tebe
pakek
khut
ngekhan
oleh
te
men- dohokh -i
pudi
lot
men- andai
kembikhi
abhang
me- bahan
bagas
atas
sang
me
sang
me- bahan
se- kalak
awak
kekhine
men- jumpai
gakham -i
tading
setekhusne
pot
tule
tangis
kondisi
iye
oleh
tekhus
keluakhge
te
wahai
malet
andinda
malet
wakhi
me- peluah
iye
khut
nde
khut
ni- timai