el- tsiik
tii- haak
kah
dį
heh- 'ąą
blanket
da'
d- uh- noo'
ay
mark
iin
jin
hunh
people
ch'a
huu- neh- ttheh
k'it
k'a'- łah- tth'agn
t'eey
tha- tdagn- nąy
nih
tąy
dheh- xįį
ta- 'įį- taal
a
ski- i- hol- shyeek
tthi- nįį- shyah
ay
sh- eł
ts'ał
dadhįh'iin
du'
ch'idiitth'ak
t'eey
ena'
ay
iin
ch'a
y- eh- nih
di- keey
du'
t'eey
ts'įį- dlah
k'ahdu'
di- nąą
hik'üü
ts'igąąk
tah
nu'
ch'inłuut
you
haskeh
from
ishyiit
hǫǫ- heeyh
hu- h- tdaa- niił
oh
cho
k'at'eey
just
xah
xah
ch'at- xąąh
tah
iin
ni- 'eh- 'ah
y- eh- nih
a- niit
dii- tth'ak
nche'
y- įį- dlah
da- del- thät
ay.tl'aan
ishyiit
dindeh
ta- t'a- tdal- nąy
t'axoh
t'eey
łahtthih
u- taa- dįįł
naxat
okay
k'it
shyii
got
ay
t'eey
tih- daał
daa- yi- nįh- deeł
ch'udzüüt
chih
gǫǫ
na- tak- tįįk
our
yiigat
arthur
jah
nts'ą̈'
na- hin- deel
hii- dheh- xįį
m- ǫǫsi'
our
da'eedaa
s
nih
alkał
na- ke- chee -xał
sh dia'
dog
k'a
mb- eh
dą'
ay.tl'aan
he- nih
ih- da'
laura
shchaay
nan'
du'
ts'ant'ay
d
he
ti- tįį- haal
t- dįį- tth'ek
ay.tl'aan
hii- kah
nǫǫgaay
he's
n- dih- nay
hiiy- eh- gąy
kǫ't- hüh
hǫǫ- heey
sh- k'eh
nah- shyign'
scottie
ch'- aa- chinh
na- nts'e- 'iil
hah- nǫǫ
ch'ale'
t'eey
tabessa
d- uh- noo'
t'axoh
tąy
t'oodįht'ąy
eh- sał
t'oot'eey
bothering
hih- del- tth'ii
hǫǫ't'eey
nts'ą̈'.t'eey
ch'itay
oh
nday
way
respect
sh- ǫǫnüü
hu t'eey
ch'itay
ntak~'įįl
n- ok- 'įį'
sitka
du'
shtedhehxįį
s- tsąy
nts'ą̈'
tädn
like
h- an- ts'- uh- t'üü
nee- haał
jign
ayt'oo
kelahdzeey
na- dįh- nay
chih
there
s- tsay
hah- 'ogn
ts'änh
hu- tih- nak
hih- del- xoo
ch'a
łuugn
ts'exeh
t'axoh
hǫǫ- heey
xah
t'oot'eey
hu- ta'
ts'u- h'įį
k'it
shyįį'
nih
hu- 'eh
shyiit
dǫng
ski- nįį- tthey
eł
t'eey
tah
ay
dįį- łaak
di- tthi'
tsin'įį
niig
iin
u- k'eh
hiiy- i- t'üü
ay.tl'aan
u- dih- nih
ts'exeey
hii- yil- deel
eł
iin
eh
mänh
mänh
ch'i- xia'
elih
jah
hih- tee- t'üüt
tädn
xah
hah- 'ogn
ena'
ni- i- - nįį- deeł
eh- ts'ay
dį'
u- da'
än'
eh
a- shyign'
ch'- aadeh
tsǫǫ
iy- eh- nih
k'eh
eh
na- nel- 'įįk
įh- tsänh
jesus
ishyiit
tatlogn
ch'a
danh
e- ts'üh
taatsąą'
t'axoh
them
heekeh
nats'eholndii
ch'itįįł
ts'iiniin
ts'exeh.gaay
łuugn
nts'ą'
that
dąy
ch'- ih- 'aak
le'e
uu- niik
u- ts'anh
huugn
ha- y- įh- tįį
yįįshyił
ay
hih- del- xoo
iin
del- gay
ay.tl'aan
shinete'
sta- a- het- dek
ch'a
y- eh- nih
tsihtąy
eh
laalil
mba'
nee- xa
tah
hiiy- uu- si'
n- ta'
nts'ą'
sh- ee'eh
ummm
ee- 'ąą
dzänh
naadeh
tsät
tth'ee
ni- dnįį- dlah
ha- del- 'įh
k'it
hu- tl'a- ch'įį- xąą
nay
dą'
hih- del- tth'ih
le'
ch'i- xia'
ki- 'įį- shyah
gaay
na- 'ǫǫ- daał
ni- nih- shyah
tuutįįł
y- eh- nih
tah
ts'ayh
de'.kah
nt'eh
nah- 'ǫǫ
de'
dąą'
that's
k'it
nts'ą̈'
k'a
chih
t'axo
hu- ts'adn'
that
k'at'eey
n- dia'
i
jah
nee'eł
edloh
hi- xąą
ee'aan
jah
ah- degn'
k'it
t'eey
na- nel- tl'ǫǫ
t'eey
de'
ha- a- ch'- uu- dal- 'įį
dii
ha- hu- h- taa- łeeł
mb- i- 'ish- nąy
kind
eh
ndee
ishyiit
doo
bill
ih- tsaa
nan'
ay
įį- thoo
nii- thoo
k'a
y- eh
tsin'įį
thaayh
hi- neh- 'ąy
mansfield
di- ch'il'
ch'a
ch'ale
hu- kah
iin
all
na- 'at- 'at
jah
man
i- nii- nįį- thänh
n- dih- nih
t'eey
shyįį'
ts'eegn
dii
tsihtąy
łan
ishyiit
shyah
iin
laughs
hǫǫ'
da- tthi- nįį- tthayh
he- k'ia'
nee- xa
eh
eh
tthee'
gaay
hǫǫ'
k'it
y- eh- nih
that
di- tl'adn
hu- k'ah
y- eh- nih
bible
t'eey
chih
dzįį- tsįį
ay
di- 'aat
danch'ogn
iin
a- degn'
ishyiit
ch'- aadeh
k'it
he- nih
na- tih- daay
y- eh
nts'ą'
ts'exeey
sǫ'
ehdanh
dzįį- tsįį
ts'iiniin
ts'ant'ay
nee- k'eh
ha- shyign'
shk'ikaagn'
i- gąy
t'eey
hanteey'
jah
ishyiit
del- tth'ii
tah- 'aal
eh
xah
hii- neh- tsiik
yi- da- ch'i- nįį- tąą
eh
ay
k'įįy
de'
n- i- na- hol- nek
hu- dagn- dįį
na- xa- ch'ih- te- tįįk
di- shyah
all
ay
deh- 'įh
degn'
nuun
haats'ulshyeey
mean
sh- ttheh
eł
hi- nayh
mosquito
t'axoh
hǫǫ- łeek
i- nįį- dät
saak
sh- įįtl'aat
that
t'eey
tleegn
t'aa'
today
tel- tthät
naynehkon'
tiki- 'ǫǫ- shya'
ishyiit
nuh- shyah
tthee
i- dii- tth'ak
ee- nih
i- gaan'
that
hu- tih- haał
degn'
tįį- xaan
da- del- shyak
ni- i- het- dek
hǫǫ- thädn
hi- ts'i- ish- niign
na- tset- xeek
ndlaan
ts'etnaa
ch'a
i- düü
shin
t'eey
ch'oo- kol
mark
sh- ǫǫnüü
nts'aa'
tet- dät
ay
ch'itay
jah
ini'iah
tsaa- xąą
tth'ee
naan'
mb- aa
t'eey
ts'änh
dineey
än'
na- 'ih- thät
iin
łuugn
t'eey
ne'
they
hǫǫ't'eey
al- tthał
hǫǫ't'eey
na'ettsah
įį- sǫǫ
hǫǫ't'eey
łįį
nuh- xah
na- ti- daak
sh- nąą
shyiit
da'
de'
k'ahmann
ya- h- ni- shyeek
eh
ni- nįį- dlay
anohshyuugn
k'e- 'įh- tįį
k'at'eey
ay
na- ch- 'įį- 'aał
ch'a
call
that
hu- ta'
chuyh
dįį- dąy
ni- nįį- shyah
make
k'at'eey
laughter
łahtthegn.nts'ą̈'
ts'ayh
tah
hih- del- tth'ih
niithaa
ch'itay
ay
ay
the
ch'i- dia'
sh- ee'eh
nday
sh- aa
stay
da- 'ee- dah
sh- nąą
eh
k'at'eey
eł
t'eey
łįį
dinah
hu- 'a- tdah- niil
'
huu- t- shyaagn
dineh
jign
ishyiit
ay
łįį
nah- 'ogn
ay
tsogn
tagoh
ch'- uh- 'aal
na- tset- neey
hugn
dąą'
nǫǫ- łeek
jee'aan
ts'iikeey
niign
du'
nts'ą̈'
hǫǫ'
nts'ą'.t'eey
sitka
s- ts'adn'
shyuugn
dǫǫ
h- a- h- jel- shyah
xeel'
nih
i'etnay
įį'eh.tah
around
shinaltthał
tah
s- ts'ą̈'
de'
ch'a'
he
doo
dų
ni'altthał
eł
hih- del- xoo
ts'anh
eh
na- tįį- daag
dą'
t'eey
iin
ditsǫǫ
di- ts'iikeey
m- i- hǫǫ- łiin
k'at'eey
sta- nįį- mįį
y- eh- nih
'eh
tthee
ni- nįį -'ah
tudi
laughs
ay
dii.t'eey
duugn
u'eh- nih
tsat
sh- eh
time
k'at'eey
ay.eh
hugn
chuyh
shiin
ay.eł
youngest
mb- ookol
ay
hǫǫ'
t'eey
call
nuun
tsät
ni'į- h'aay
t'oot'eey
diign
t'axoh
hǫǫ't'eey
k'at'eey
atdüü
nih
heh- teegn
hugn
burned
sh- k'eh
nts'ą'.t'eey
tąy
'
ayt'oo
y- eh- nih
duka'
neh- tsayh
n- t'ayh
ay
hedloo
gįį- heey
dįį- k'ąą
y- eh- nih
nah- 'ǫǫ
hǫǫ'
dįį- k'ąą
tagoh
iin
ay
tthee
iin
u- tįh- tsay
noodlee
du'
tat
nts'ą'
xah
ay
hi- 'et- nayh
nts'ą̈'.t'eey
nts'ą̈'.t'eey
xał
k'üh
eh
ts'iikeey
hǫǫsu'
y- eh- nih
ch'a
t'eey
iitsą'
dą'
gaay
n- t'ay
sh- eh- nih
k'e- 'ah- deel
manh
jah.dugn
ol
ha- ts'i- łeey
oh
ena'
łiat
na- thuu- heh- te'
du'
nts'ą̈'
xah
u- dzeh'ogn
shiy
hahįįdal
t'eey
woman
ch'ishyaan
na- nish- shyah
ch'įhkad
ay
xah
mb- eh
nts'ą̈'
t'oot'eey
t'eey
eh
iin
dąą'
du'
dzinah
hat~jakthak
iin
y- eh- nih
na- tet- shyah
s- tsay
ta- ts'įį- tąą
įį- de'
da- 'ee- dah
xah
ay
łuugn
ch'itay
go
ji- net- tl'ät
ha- da'
k'eh
nee- ts'iikeey
nee- 'i- huu- shyaak
i- dloh
kol
what
eh- tįį
shyiit
ay
eł
sh- ta'
nah- 'ogn
hospital
iin
nts'ą'
t'eey
back
łaakaay
jah
bus
t'eey
xah
ha- a- ts'- įh- shyaa
jign
nts'ą̈'.t'eey
kelahdzeeh
k'at'eey
nan- tah- tsayh
shįtl'aa
t'eey
jah
na- 'ih- thät
nts'ąą'
ay
t'eey
hǫǫ'
oh
nah- 'ǫǫ
ii'eh
eva
huh- shya'
t'eey
jesus
xay
chih
ay
hǫǫ't'eey
eł
ntl'ät
iin
t'axoh
k'at'eey
chiidhįhxee
hǫǫ't'eey
sh- nąą
eł
gaay
di- łįįgn
shi- h- d- he- h- xįį
iin
uu- łe'
utth'än'
t- nay
niłk'inaat'ay
noo'
ch'a
maggie
t'aat
nihutihkeet
of
iin
ha- shyign'
yamaagn.teeshyaay
we
k'a
eh- tįį
ay
is
where's
hǫǫ- łįį
ay
nahugn
eł
taa- t'eeł
eł
sh- 'eh
fry
ay
ay
ay
jah
i- dii- tth'ak
hǫǫ'
they
t'eey
tth'a- ts'ih- łeey
ay
ts'i- hok- dąy
sh- eh- nih
ch'a
eł
gaay
ay.tl'aan
ch'a
hįį- xaan
dih- nąy
hu- dziit
i- nįį'
ts'exeh.gaay
tl'uuł
nts'ąą
nts'ą'
hi- ts'i- ts'et- niign
kon'nia
sh- oonüü
hii- eh- nih
neekaa'etkįį
chįį'aay
ishyiit
natnet~t'ah
tthi- dįį- duuh
elih
neexon
yi- dįį- tsät
k'it
ts'eh- k'aay
ay
eł
ch'- aadeh
hu- tsay
back
t'eey
na- 'al- tth'ät
na- tsat- dał
tąy
nih
da'
iin
la'
nee- t'ak
y- eh- nih
da- ee- dlah
ee- day
shyi'
ni- i- 'in- shyay
hut- gaayh
sh- nįį- 'üh
ch'a
shtl'a- tįį'- aał
ch'a
naadodi
naxat
y- aa
k'ahjil
k'eht'aa
ishyiit
iin
nįį- shyay
iin
din
huug
xah
heh- teek
nee- ts'ayy'
manh
tsin'įį
ch'i- dia'
iin
calvin
y- eh- nih
enough
ch'a
i- xeel'
dehtsii
hih- nįį- nąą
that
ishyiit
hǫhts'iik
thaa
sh- aa
neh
sh- 'aat
tąy
hugn
ch'i- dia'
oh
kon'
y- aa
chih
nts'ą'
hǫǫ'
t'eey
hǫǫ'
ay
shyiit
already
dǫǫ- dįį'
iin
di- che'
jah.dugn
ay.eh
sǫǫ
ay.tl'aan
nee- haał
xan
eh
eł
łatthegn'
tayh
nee- hi- nih
a- dogn
k'it
hu- hįį- xąą
nts'ą̈'
cache
nelsüü
hu- 'eh
t'eey
nitthoo'
diniign
ch'i- heh- k'aay
sta- na- tet- shyah
łaakay
ni- - nįį- deeł
u- shyiit
u- neh- 'ąy
dąą
ni- hnįį- deeł
frank
hǫǫ't'eey
tsaa- xąą
įh- chah
ts'oo
martha
tah
da- nah- deeł
ohts'ąy
jahxan
jah
doo
danh
huts'iiniin'
neh- 'įh
nts'ą̈'
dineey
here
natonshya'
hu- 'eh- nih
dee'ah
ay
nt'eh
tah
ishyiit
eł
dziihteh'aak
t'eey
hu- ch'ehłiign
ay
mb- aan
iy- eh- nih
eh
t'eey
sh- ta'
a- negn'
nii- thoo
eł
eh
du'
än'
dzanh
sh- eh
andog
ha- 'ogn
y- eh
nįį- thänh
ha'
xeeł
hu- 'i- h- huu- shyaak
hugn
ay
iin
nii- thoo
tąy
diniign
mbaadeh
dog
na'atxeel
kelahdzeey
what
gaay
y- eh- nih
ay
danch'og
di- ts'iiniin'
shti- dhįį -xeey
tthee
na- 'in- shyaay
dee- dlah
chih
jah
dak- 'įįgn
t'eey
ee- dlah
ay.tl'aan
josh
laughter
hih- huh- 'üü
taathüh
ay
naxat
hǫǫ- łįį
shyiit
iin
t'oodįht'ay
came
hu- nąą
keey
t'eey
u- dįl- kan
negn'
sǫ'
t'eey
hii- xah
het- sįį
tah
last
ch'itay
iin
t'eey
ts'iniin
t'eey
nee- shyaan
nuun
ay.tl'aan
dora
tah
ay
tuu
eh
t'eey
sh- nąą
t'eey
adzu'
that
eh- tsįį
hahshyugn
dzanh
eh
di- nąą
guuy
ah- dogn
tuu
taa- dlaał
gǫǫ
eh
ch'a
nel- gąy
chi- nal- 'įįl
det- shyoh
ła'
y- eh- nih
hu
ts'igąąk
del- gay
from
hiiy- eh- niign
jah
łoohtedak
nnihhaal
ay
y- ehdänh
noo'
one
annie
ishyiit
shi- he- nih
ee- tįį
łahtthagn.nts'ą'
na- u- dah- 'aał
hu- nąą
ay
tsee- naan
k'it
gǫǫ
k'ahdu'
t'eey
aandah
sh- aak'ay
dit
ta- ne- dhagn- 'ah
t'axoh
hǫǫ't'eey
hih- nee- 'įį
shiin
männ'
iin
ch'a
t'ǫǫt'eey
ch'a
nts'ą'
ee- niik
y- eh- nih
t'eey
teejuh
de'
hii'uushyah
tah
łą'
hǫǫ- łįį
hih- neh- tsayh
dįį- t'ay
albert
eł
t'eey
gee
uu- te'
de'
nts'ą'
ahdįįde'
ch'a
du'
chih
di- dhal- tth'ih
ts'änh
ay.tl'aan
this
ay
you
du'
hadel'ąy
de'
nee- h- tee- dlah
nił- dzet- nih
eh
t'eey
hedetsah
chih
d- aa
k'at'eey
nts'aa'
diaa
k'at'eey
nts'ą̈'
nts'ą'
chih
daay- nįį- łeeyh
hǫǫ't'eey
łi- gaay
ski- i- hol- shyeek
nts'ąą'
ee- dah
du'
sh- nąą
m- aa
hu- 'eh- nih
t'eey
nu'
hih- del- tth'ih
thiin- hu- u- niik
tleegn
teejuh
eł
na
eh
hih- tee- deel
ch'a
k'ąy'
di- tthi'
hah- 'ogn
tąy
hugn
diniign
doo
nts'ą̈'
ti- taa- haal
arthur
łįį
hǫǫ- łiin
least
nįį- dlay
ch'įįk'on'
niign
tah
mb- i- - nil- jidn
ts'et- łįį
tuu
t'axoh
k'i- det- xoł
ts'iikeey
n- ts'uu- 'aal
feather
na- 'at- keel
nee- haal
nak- 'įh
na- tdeh- nąyh
nts'¨ą'
n- t'ay
hii- eh- nih
nts'ą'
ta- nel- dok
nįį- deeł
tah
shyiit
sh- ǫǫndaa
hu'an
ben
call
t'eey
ch'inłuut
iin
le'
ddhäł
hu- shyi'
hǫǫ't'eey
nuh- ts'iikeey
dineey
etsü
kįį'
y- eh- nih
na- tih- daag
t'ąy
hǫǫ- łįį
hah- 'än'
hi- k'eh
ch'- i- łeek
ni- na- ts'in- deeł
ntsąą'
a- na- dog
on
nee- he- nih
ti- tet- nak
sh- ta'
hu- xah
ch'eh- teek
el- tsiin
łuugn
t'axoh
sh- chil
hu- shyi'
iin
h
įh- dlaan
nts'ą̈'.t'eey
huugn
taadziił
i- k'it
y- eh- nih
we
iin
įh- tsanh
tell
kon'
na- shih- ti- dhah- xeh
ay.tl'aan
eł
ni- i- hit- degn
ne'
nats'utdeel
new
du- naan'
de'
hu- t'a- hee- deeł
nighttime
y- uu- 'aal
ha- 'ah- da'
nee- ts'ädn'
got
shyiit
iin
nsǫǫ
ay.eh
m- įįtsįį'
eh
huk'ihiideeł
m- ǫǫsi'
nest
ch'a
k'ii- deh- tsał
eł
naki- det- dät
ts'exeh
łuugn
ishyiit
na- dogn
ch'- aadeh
sh- nah- 'įh
shyi'
n- uu- tee- kol
noo'
sh- chil
tuu
hanteey'
nat- set- keek
nts'ą'
ts'ant'ay
kol
k'ahdu'
hu- ts'ade'
dumb
dzelt'eh
hii- yįį- dlah
t'eey
t'eey
hǫ- nih
k'ahdu'
na- ch'i- hi- 'įįł
sh- eh
na- tsat- dał
he- nih
ch'i- thüh
hih- tnah- tsayh
nts'ą'
agnes
call
ts'iikeey
naxat
hug
chih
nił- ts'ą̈'
hu- nak- 'įh
naagn'
eh
nahuhtelshyeek
nts'ą̈'
ch'- aadeh
ay
ay.eh
ah- mbiah
łi- gaay
eh
nts'ą'
ts'iik'eey
chinh
nts'ą̈'
uu- ton'
t'oot'eey
dąą
ni- 'įį- ha'
hǫǫ't'eey
ay
eh
na- tih- daał
nee- 'i- ch'- eh- 'aał
- hot- hiik
jasper
chih
du'
ts'oo
hideltsįį
ay.tl'aan
t'axoh
ts'exeh
k'a
nche'
just
tah
xał
hǫǫ'
ishyiit
hiiy- u- nih- dak
tah
huu- t- nii- deey
d- įh- dąy
eł
eh- tįį
ch'i- ts'ą̈'
sitka
ay
nts'ą'
different
hǫǫ- łįį
chih
nih
tsǫǫ
ayt'oo
y- eh- nih
hǫǫ- łįį
my
ee- dodn
k'ahmän'
jah
jah
na- ts'u- tal- negn
shyi'
ti- d- he- h- xįį
all
na- n- ch'- ts'įį- 'aał
dineh
sta- a- 'in- shyah
he- nih
ay
shyįį'
u- 'įį- niiy
i- he- nih
a- shyuugn
du'
ts'at
tah
hi- 'et- nąy
da- nįį- haayh
hǫǫ'
mb- aandah
ishyiit
łuugn
het- dąy
shyi'
da- ts'ee- dlah
neexon
ay
łįį
sh- ee'eh
le'
nän'
nts'ą̈'
sh- da'
ts'änh
łįį
sh- aadeh
nts'ą̈'
hǫǫ'
hii- tan
carl
shyi'
hǫǫ'
t'eey
u- ts'ą'
ay.eh
t'eey
hu- 'eh- nih
yehniik
hi- 'ish- nayh
mb- aa
shiy
ts'änh
hi- nįį- deeł
iin
ishyiit
t'eey
tagoh
hah- 'ogn
hu- ch'a'
s- ts'ą̈'
chih
nts'ą̈'
hah- 'ogn
dineh
nii- shyeey
t'eey
just
n- xeel'
t'eey
ha- ts'- uh- t'üüdn
he- dąy
hu- 'eh
ay.tl'aan
ah- negn'
na- 'agn- süü
ay.eh