look AOP COND
robber
long IN
then
owner
say AOR
teacher ERG
after
one
then
wish
say AOR
two
but
very
sweetheart
1pl.abs
lightning OBL SB EL
A.LITTLE
pleasant
ha.ha.ha
go AOC
was
springboard
yes
say AOR
picture
want IMPF
1pl.erg
three
boy OBL DAT AND;FOCUS
say ENT
whoever
give IMC
that
attention IN EL
Allah OBL DAT
look AOP COND
two
soil
leader
him.to AND;FOCUS
well
balcony IN ESS
him.to GEN
take AOC
say ENT
and
say ENT
happened PERF
Shahdag OBL GEN
small
Hadji
Nasrullah
down
man PL
no
you.know
cop
say AOR
well
sweetheart OBL DAT
matter
Sabri
story PL OBL SB EL
go AOC
weak
border OBL SP ESS
himself
take INF
of.course
approach NEG
2sg.abs
girl AND;FOCUS
tomorrow
say ENT
outdoors
one AND;FOCUS
valley OBL GEN
boy
us OBL GEN
mount ENT
what
owner
Too
buy AOR
ashuq ERG
UNDERSTAND.AOR
brother AND;FOCUS
say AOC
bring.IMPV
water
take ENT
fortress OBL PT ESS
two
please.do
him.to AND;FOCUS
2sg.abs ERG
open AOC
nation AND;FOCUS
us ERG
2sg DAT
armenian
then
1pl.abs AND;FOCUS
IT.WILL.BE.DONE
himself ERG GEN
come PERF
owner
my
I
happened PERF
take AOC
girl OBL DAT
praise SBST
country OBL DAT
out
say IMC
son DAT
isn't
but
sugarcube
front
say IMPF
take.off AOC
that
look AOP COND
before
cloth PL
king
yes
say AOR
1sg.ERG
give AOR
2sg.gen
go AOR
but
1pl.gen DAT
say ENT
happened PERF
horse OBL SP ESS
1sg.gen
that
picture
call ENT
boy ERG AND;FOCUS
1sg.ERG
1sg.gen
beautiful
so.much
attention OBL DAT
1pl.erg
that
valley OBL GEN
say AOR
you
say AOR
go INF
girl
1pl.erg
why
soil
time PL
dear
say ENT
drink INF
young
2sg.abs
put ENT
patience
steed OBL PT ESS
secretly
today GEN ERG GEN
that
then
tsits
give IMPF
boy OBL DAT
it.also AND;FOCUS
say ENT
that
basin
1sg.ERG DAT
say AOR
1sg.gen
he.from 2sg PST
well
servant PL
want FUT
more
appear AOC
that
help AOP SBST
she DAT AND;FOCUS
uncle
servant PL
literature OBL DAT
1sg.gen
possible
horse OBL SP ESS
chapter OBL SP ESS
if.be
dagistanish OBL GEN
he.again
go.down AOC
return AOR
mountain PL OBL SP EL
countryside OBL DAT
that.
now
he
king
wife AND;FOCUS
1sg.ERG AND;FOCUS
2sg.abs ERG
say AOR
take ENT
come PERF PST
return PERF
dear
take AOC
horse OBL SP ESS
say AOR
say IMPF
want IMPF PTCP
say AOR
how
now
boy
so.much
give AOR
2sg.abs
boy
say AOR
then
cop.NEG
Berlin IN EL
say ENT
say ENT
that.
here
that
2sg.abs ERG
cop.NEG
say ENT
be.in.CONT NEG
1sg.ERG DAT
boy OBL GEN
after.all
bring.IMPV
1pl.gen DAT
tomorrow
soil
Baku IN ESS
go AOC
bathhouse IN ESS
1pl.abs
give ENT
his
answer
means
1sg.ERG DAT
girl
go IMPF
say IMPF
Khudat
sea OBL GEN
1pl.abs
for
say AOR
aformentioned.place
sea OBL GEN
1sg.gen
beautiful
thing
teacher
make HORT
say AOC
cop.NEG
Shirin
wife
before
dear
scale
2sg.abs
him.to DAT
puppy PL
eye PL
go AOR
wall OBL SP ESS
grateful
go AOP
evening OBL GEN
behind
military.service ERG
give ENT
keep,defend AOR
fear
military.service ERG
be
give IMPF
this
this.one
please.do
go.again,return IMPF
bring AOC
scale OBL GEN
bring HORT
girl AND;FOCUS
say AOR
sister
catch ENT
1pl.abs
father
small
girl ERG AND;FOCUS
you.know
training IN ESS
himself ERG GEN
1pl.abs
this.one
all
eeh
go PERF PST
But
branch,one.of.a.pair PL
go AOC
bring.IMPV
heavy
was
girl OBL PT ESS
2sg DAT
if.is
go.down AOR
want IMPF
five
after.all
sea OBL GEN
time
say ENT
there PL DAT
word
time PL ERG
himself this DAT
there PST
famous
come AOC
return AOR
more AND;FOCUS
himself
was PL ERG GEN
far
call AOR
Lithuania OBL DAT
girl
say AOR
bread
1sg.ERG
on
beautiful
where.being.PTP.SBST
forty
happened PERF
sit ENT
say ENT
say AOR
king OBL GEN
take.back
how
two
vizier OBL DAT
then
go FUT PTCP TEMP
horse ERG
go FUT
1pl.abs
1pl.erg
happy
old.woman
herself
good
1sg.ERG
say ENT
say ENT
say AOR
take.off AOC
her AND;FOCUS
never
oh
return AOR
say AOR
say AOR
day
dig
cold
tea PL
maybe
1sg.ERG DAT
go AOR
go IMPF
name PL
heart IN ESS
what
himself ERG AND;FOCUS
king OBL GEN
say AOC
justice ERG
dear
king
go GEN
this
side IN ESS AND;FOCUS
fire
put HORT
raw
you ERG
and
believe
girl
hide HORT
soil
no
look AOC
by.crawling
untrusted
call AOC
beautiful
still.be,.remain NEG
but
long
wife
place
us ERG DAT
maybe
yard OBL SP ESS AND;FOCUS
fire OBL SB EL
soil
Everything AND;FOCUS
grandfather ERG
two OBL DAT
blood ERG
pocket IN EL
catch AOR
Zeller
how
find MSD
look IMPF
Uhm
after.all
want ERG DAT
thought
horse ERG
thing AND;FOCUS
say ENT
then
like.this
guns
1pl.erg
now AND;FOCUS
kind
day
girl
more
vizier OBL DAT
if.do
two
form
put! ENT
this.one
say ENT
cop PST
come AOC
bathhouse OBL DAT
hand IN ESS
say ENT
come AOC
then
knowledge
take AOR
aunt
Akhtinsky
go AOC
is DAT
one
country OBL DAT
say ENT
100
let.it.be.OPT
day
only
WANTED PERF PST SBST
was
always
Bezkhanum
valley IN ESS
friend ERG AND;FOCUS
oh
girl
say ENT
person
there
tradition
great
then
where
grandfather OBL DAT
a.lot
finish AOR
say AOR
1pl.abs
house OBL GEN
2sg.erg
1pl.erg
azerbaijanian
hill OBL SP ESS
return AOC
it
say ENT
attention IN EL
bird
say ENT
well
land
horse OBL SP ESS
ashuq
happy
these OBL DAT
that
himself ERG DAT
boy
today GEN ERG GEN
was
horse OBL SP ESS
that
catch PERF
it
say ENT
war
then
or
say ENT
1sg/2g.rflx ERG
1sg.ERG
say AOC
1sg.ERG
be.IMPV
use
gold
curse
say ENT
2sg.abs
say AOR
is.there PST
dear
more AND;FOCUS
village OBL GEN
say AOR
cop COND AND;FOCUS
suprised
bring AOR
tea PL
say ENT
brother
say IMPF
himself ERG DAT
handful IN ESS
baby OBL GEN
very
these ERG GEN
head
take AOC
sea OBL GEN
lip PL
here ERG
Anadyr.from ERG DAT
is.there
picture
1sg.ERG
ground OBL SP ESS
1sg.ERG DAT
say AOR
after.all
grateful
dear ERG
servant PL
he.also AND;FOCUS
want IMPF PTCP
1sg.gen
girl
my
yes
with
that
say ENT
open HORT
dog
boy
come AOC
neighbor PL OBL DAT
but
then
2sg.abs
he GEN
give MSD
twenty
new
more
stay AOR
return ENT
then
ashuq OBL DAT
1sg.ERG
Shemseddin OBL GEN
quickly
grandfather AND;FOCUS
here ERG
hand IN EL
province OBL AD ESS
go ENT
year OBL GEN
great
say IMPF
call AOC
open AOR
do.what FUT
after.all
send.away.IMPV
catch AOC
bread
1sg.ERG
other
himself OBL GEN
what.for
Khudat DIR DAT
border. DIR DAT
go.again,return AOR
thirty
my
Bezkhanum
look AOC
child OBL GEN
bread
that
say AOR
owner
let.it.be
punishment
among
him.to
2sg.abs
say AOC
girl AND;FOCUS
very
still.be,.remain
himself
more
with
himself ERG GEN
say ENT
1sg.ERG DAT
house
give AOR
say ENT
1sg.ERG
then
say IMPF
man
every
mother AND;FOCUS
hand IN EL
hand IN ESS AND;FOCUS
fall,precipitate IMPF
end AND;FOCUS
with
how.Q
come.out AOR
heart OBL SP ESS
son
1pl.gen
character
great
boy PL OBL DAT
end
1sg.gen
spring OBL GEN
this.one
say AOR
agree
king
on
that
"Samur"
footprint OBL PT ESS
egg PL
them ERG
himself ERG
take AOC
know IMPF
name AND;FOCUS
then
where
give IMC
opposite.side OBL DAT
wow
phone
disaster
that OBL DAT
all
upset
say AOR
take ENT
day
king
say ENT
catch PERF
head
happened PERF
Isi
in.the
return PERF
2sg.abs
it
1sg.ERG DAT
boy
bring.IMPV
he.again GEN
year OBL SP EL
somewhere
thing
bag PL
tomorrow
it OBL GEN
return FUT
say IMPF
great
USSR
present
bring AOR
kazakh OBL GEN
old.woman
man
song PL OBL DAT
he
say IMPF
wish
after
shack
say ENT
2sg DAT
say AOR
say AOR
reflxv AND;FOCUS
what
old.woman
that
boy
house OBL DAT
catch ENT
come PERF
give AOC
dear
new
knock AOR
that
song
after
say AOR
bug
mother OBL GEN
boatman OBL DAT
what
you.know
king
king
why
that
beautiful
one
this
some
good
happened AOR
very
go AOR
say AOR
2sg DAT
that.one
here.from
poem
tomorrow
day
yourself
say ENT
that
that
2sg.abs ERG
front
mother ERG
give PERF
say AOR
and
moaning;.ahh
Holland ERG DAT
say ENT
boy
come AOC
time AND;FOCUS
say ENT
Isabala ERG
gym PL
book
2sg.gen
decide AOR
beautiful
say AOR
country OBL DAT
actually
ask TEMP
spring PL
good
come AOC
shepherd OBL GEN
return PERF
NEG do HORT
demand
these ERG
girl
near
he.again
her
in.Russian
exceed
evening OBL GEN
dastan
say AOR
2sg.abs
knowledge
every
wound
say ENT
cop.NEG
district IN ESS
him.to AND;FOCUS
fire AND;FOCUS
boy AND;FOCUS
attract
go.again,return HORT
fall,precipitate IMPF
them
go AOC
go AOR
go AOR
that
sea OBL GEN
make INF
if
that
2sg.gen NEG
king
cop.NEG
say AOR
get.out IMPF
2sg.gen
boy ERG
one card.
approximately
fall
fortress OBL DAT
return ENT
catch ENT
these ERG AND;FOCUS
writer OBL GEN
say IMPF
say AOR
give AOR
say AOR
mourn DIR DAT
say IMC
maybe
wound
passport
1sg.ERG
sit AOC
very
ashuq OBL DAT
leave PROH
actions.do FUT
1sg.ERG
give
appear AOR
think.much IMPF
that
there
way IN ESS
head
say ENT
mother AND;FOCUS
bring AOC
dear
go MSD
give HORT
open AOR
come AOC
then
after.all
king ERG
take.back
REACHED
in.Russian
picture
love OBL GEN
FLY
in.no.way
now
flower
brother
want IMPF
say ENT
so.much
hit FUT
ashuq happened
child PL OBL DAT
wolk PL
brother
other
say AOC
then
boy ERG
walk INF walk INF
soldier
NEG make,do PERF PTCP
a.while.after
oh
1pl.abs
1pl.erg
1pl.abs
hand IN ESS
1sg.ERG
is DAT
black
Belgium DIR DAT
write PERF PTCP
get.out AOC
want IMPF PTCP
return PERF
THIRD PST
say.IMPV
is NEG
put.under PERF
love
give AOC
in
Isabala ERG
buy AOR
take AOR
come FUT
still
bring HORT
grandchild AND;FOCUS
say ENT
that
look
separated
no
or
condition OBL DAT
so.much
Velibeg GEN
chapter OBL SP ESS
1sg.ERG DAT
Lezgi
was
himself ergative DAT
pity
ashuq OBL DAT
remove AOR
go FUT
screaming.AOP
time OBL SP DIR
1sg.gen
village OBL GEN
soil
say AOR
there
moaning;.ahh
boy
one
2sg DAT
say AOR
kazakh
go IMPF PTCP
girl OBL DAT
say ENT
tablecloths PL AND;FOCUS
you
dear
2sg DAT
chapter IN EL
what ERG GEN
new
say AOR
"Samur"
all
say.IMPV
horse OBL SP ESS
go ENT
say ENT
jar
paper PL
because
how
oh
take AOR
say ENT
boy
day OBL DAT
king OBL DAT
girl
a.while.after
give ENT
help FUT
girl
1sg.ERG DAT AND;FOCUS
king OBL DAT
kind
give ENT
girl
after
snow
say AOR
where.being.PTP.SBST
2sg.gen
return ENT
say ENT
2sg.abs
country
leg PL hand PL
dear
1pl.abs
1sg.ERG DAT
village OBL DAT
after.all
say AOR
once AND;FOCUS
say AOR
that
reign ERG DAT
climb(up),mount ENT
keep AOR
dog
these ERG DAT AND;FOCUS
2sg DAT
but
good
news PL
suddenly AND;FOCUS
journalist
Jahan
three four
seventy
1pl.gen
that DAT
1pl.gen DAT
come AOR
sea OBL GEN
talis ERG
whirlpool
1pl.erg
every
1sg.gen
Yaran
horse OBL SP ESS AND;FOCUS
that
sign
say ENT
side OBL DAT
there
come AOC
give
come.down AOR
doing.AOP
1sg.ERG DAT
after
that
Shahdag OBL GEN
say ENT
hand IN EL
finally
oneself
public OBL DAT
war
1sg.gen
pearls PL OBL GEN
hour OBL GEN
say AOR
say ENT
yes
so.much
say AOR
good
1pl.gen DAT
vallah.billah
chapter IN EL
know IMPF NEG
rain
vacation
cop
say AOP TEMP
sit ENT
1pl.abs
other
she AND;FOCUS
boy GEN
say AOR
what
say ENT
girl
go AOR
that
rest INF
go INF
word PL
1sg.ERG
make.mistakes
this AND;FOCUS
1pl.abs
fire
girl AND;FOCUS
village OBL DAT
say.IMPV
water
there
give IMC
harvest
previously.mentioned.one
cloth AND;FOCUS
say ENT
say AOR
soul
cop
say AOR
worthy
air PL ERG DAT
give AOP
friend DIR
1sg.ERG
look IMPF
it
that
bring HORT
him.to DAT
young
return AOC
happening
rest INF
so.much
that
mother OBL GEN
newspaper OBL DAT
animal
line
oh
boy OBL GEN
say ENT
picture
him.to AND;FOCUS
us ERG
say IMPF
every
king
this
say ENT
say ENT
evening GEN
these ERG AND;FOCUS
handful IN ESS
dog
he DAT
soldier OBL SB EL
go ENT
himself ERG GEN
Bezkhanum ERG
say ENT
one ERG GEN
go AOR
go AOR
mine
all
say AOR
tire
1pl.abs
thing AND;FOCUS
man
fortress OBL DAT
arab PL
be GEN
say AOR NEG
look.IMPV
go AOC
name AND;FOCUS
turn.back AOC
himself ERG AND;FOCUS
answer
say.IMPV
that
down
go AOC
fall.on AOC
where
today
time OBL SP EL
that
2sg.gen
now
make,do AOC
2sg.gen
girl
them ERG
say AOR
come AOC
water
night OBL DAT
know IMPF NEG
secure AOR
want IMPF
open ENT
give INF
him.to GEN
even
mother OBL GEN
german.person ERG
say ENT
go AOR
say ENT
hit FUT
bring FUT
1pl.abs
say AOR
"Samur"
beautiful
car OBL GEN
mother
him.to DAT
1sg.ERG DAT
sea OBL GEN
that OBL DAT
blood
1sg.ERG AND;FOCUS
say AOR
cop.NEG
he
book IN EL
like
time
cop.NEG
make,do AOR NEG
moaning;.ahh
relationship
boy AND;FOCUS
is PST
say ENT
dog
chapter OBL SP ESS
and
is PST SBST
hand
in.no.way
place
great
1sg.gen
appear AOC
say AOC
man OBL DAT
say AOR
that
that
boy
that
that
before
Avar
fortress OBL GEN
now
sea OBL GEN
necklace PL
go AOR
dear
cloth PL
thorn PL IN EL
give ENT
them ERG GEN
house OBL DAT
was
start ENT
come PERF
sea OBL GEN
hide PERF
newspaper OBL GEN
these
military.service ERG
pearls PL
evening
sea OBL GEN
very
say ENT
dog
baby
say AOR
us ERG
clever
dream IMC
name
Berlin DIR DAT
1pl.abs
girl AND;FOCUS
girl PL OBL GEN
look AOP COND
picture
empty
and
go AOR NEG
go.again,return FUT
hay OBL GEN
heart IN ESS
head
boy AND;FOCUS
now
look AOC
say AOR
him.to
sea OBL GEN
himself ERG GEN
girl PL
make INF
say ENT
one
it
say ENT
that
which
1pl.gen DAT
want IMPF PTCP SBST
town.square OBL SP ESS
1pl.erg
1sg.ERG DAT
with DAT
boy
these
make.filled AOC
come ENT
come AOC
down
was
my
1sg.gen
say AOR
say ENT
on
climb(up),mount AOR
open PST IMMANT
kill FUT
give AOP
give FUT AND;FOCUS
teacher
happened PERF
give MSD
say AOR
principle OBL DAT
is AND;FOCUS
1sg.ERG
good
himself ERG GEN
neighbor
1sg.ERG DAT AND;FOCUS
time
2sg.abs
grandfather ERG
fall AOR
say ENT
more
hospital OBL DAT
1sg.ERG
bring AOR
cop AOR
dog
like GEN DIR
there AND;FOCUS
Migrah PL OBL GEN
2sg DAT
say ENT
there
Derbent.in OBL GEN
sweetheart
go AOC
hey.man
Bezkhanum
knowledge
get.out AOC
new
that
happening.AOC
say ENT
deceive AOC
now
Holiday OBL SP EL
himself this DAT
say IMPF
say AOP
word PL
dear
seventy
1sg.ERG DAT
harvest
say ENT
chapter OBL SP ESS
brother AND;FOCUS
girl ERG AND;FOCUS
it
pleasant
he.also GEN
upset
what OBL DAT
that
or
yes
water
1pl.erg
stand.up,rise AOR
keep AOR
so.much
reign ENT
my which
1pl.abs
enter HORT
mother
beautiful
return AOR
eye PL
her
return AOR
themselves ERG GEN
girl
swear
him.to DAT
say AOR
all
eye PL OBL SP ESS
that
with
look AOP COND
quickly
what
but
steed
dog
2sg DAT
old
is
say AOR
mother OBL GEN
actions.do FUT
right
what
hand
go AOC
leg
coming PST SBST
1pl.abs
heart OBL SP EL
you
horse OBL GEN
buy HORT
come AOC
dog OBL DAT AND;FOCUS
actually
export
this.one
2sg DAT
boy
friend PL OBL SB EL
call.IMPV
he GEN
more AND;FOCUS
say ENT
wood PL
give
news
mother OBL GEN
keep AOR
cause
wood PL
love OBL GEN
2sg.abs
cop if
say AOR
happy
german.person AND;FOCUS
go AOR
thing AND;FOCUS
but
beautiful
walk INF walk INF
1sg.ERG DAT
say AOR
return AOC
say ENT
home
heart IN ESS
say AOR
send.back;send.again IMPF
see.IMP
that
once
my
2sg.abs
with DAT
say AOR
that
soldier PL
wound
girl
keep AOR
beautiful
catch AOC
fear IMPF
please.do
rain AOP
price
time OBL SP DIR
bring AOR
1sg.ERG DAT
deceive AOC
that
take PERF
kill INF
throw AOC
grandmother
come PERF PST
1sg.ERG
then
adhere PERF NEG
say AOP PL AND;FOCUS
eeh
redo AOR
such
himself ERG GEN
himself ERG GEN
light
if.do
chapter IN EL
Chukotka OBL DAT
war
news PL
Shahdag
return AOR
puppy
1sg.ERG
every
that
1sg.ERG
that ERG DAT
how
go AOR
more
man ERG
come AOC
two
sea OBL GEN
go HORT
now
saw.mill PL
himself ERG GEN
ahh
1sg.ERG DAT
from.here
barrack OBL SP ESS
girl
where
relative ERG AND;FOCUS
return AOC
ticket PL
advice
strip PL
pearls PL
that
say ENT
2sg.abs
know ENT NEG
boy AND;FOCUS
in.no.way
that
three
is PST
dog OBL GEN
good
there
want FUT
them ERG
is DAT
six
how
fall,precipitate IMPF
one
captain
plough
mother AND;FOCUS
he.also GEN
slowly
look AOC
get.out AOC
1sg.ERG
then
give FUT
father
grandmother
hide PERF
boy OBL GEN
look.IMPV
way IN ESS
Tagiyev
storm
time AND;FOCUS
principle
sit AOC
Bezkhanum
Asef
how
actually
girl
say ENT
boy ERG AND;FOCUS
is DAT
stove OBL SP ESS
catch AOC
old.woman
2sg.abs
Jahan
that
house PL OBL DAT days OBL DAT
1sg.gen
she DAT
hay PL
great
young
1sg.ERG DAT
stand.up,rise AOR
NEG make,do OPT
come.out AOR
2sg.abs
himself ERG GEN
hand IN EL
king
cop.PST.NEG
1sg.ERG
today
what ERG DAT
heart OBL SP ESS
that
being
himself OBL GEN
1pl.erg
soldier
like.that
other.one
mouth
fireplace OBL DAT
divide
(historical).story OBL GEN
say AOR
middle IN EL
1sg.ERG DAT
secretly
it
it
1sg.ERG
together
two.three
bring AOR
house PL OBL GEN
beautiful
say ENT
2sg.erg
look AOC
word PL
take PERF
that
is DAT
walk AOR
king
patience
that
say AOR
with
2sg.abs OBL
her
fortress OBL DAT
that
come AOC
advice OBL AD ESS
1sg.gen
it
direct
THIRTY
himself ERG GEN
vodka
boy OBL DAT
jar
COME.DOWN
say AOR
now
say AOC
two ERG GEN
stay,remain AOR
baby PL
say AOR
sea OBL DAT
please.do
dog
himself ERG DAT
hand IN EL
go FUT
every
grandmother
move hut AND;FOCUS
will.not.be
there DAT
LIKE.WOULD.BE
him.to
dog
2sg.gen
robber
think.much PROH
open
that OBL DAT
tea PL
Lezgi PL AND;FOCUS
absolutely
very
1pl.erg
one AND;FOCUS
after
deceive ENT
like.that
say ENT
fireplace IN ESS
that
very
scream IMPF
grandfather ERG
where
give AOC
say ENT
say ENT
girl PL ERG
say AOR
say ENT
very
wife AND;FOCUS
lean
1pl.abs
boy AND;FOCUS
jewish
punishment
steed
once
Berlin IN EL
say AOR
boy OBL AD ESS
new
what
wed FUT
1sg.ERG
leave AOC
dear
russian PL
hardly
girl
after
let.it.be.OPT
1pl.abs
say AOR
hay PL
cloth AND;FOCUS
say AOR
boy ERG
bread AND;FOCUS
these
is PST DIR
say AOR
eye PL OBL SP ESS
say ENT
seen SBST
say ENT
what
nation IN EL
needing.AOP
start ENT
enough
him.to GEN
he AND;FOCUS
you.know
want IMPF PTCP
play AND;FOCUS
my
want ERG
say AOR
happening.AOC
he
son AND;FOCUS
but
that
captain
1sg.ERG DAT
take HORT
1sg.ERG
horse OBL SP ESS
then
evening
goods.and.chattels
COME.DOWN
these
man
fire
know IMPF
knowledge AOC
have
buy FUT NEG Q
that
think.much IMPF
1pl.gen DAT
hand
be.born POSTR
but ERG
send.away.IMPV
hand PL OBL AD ESS
after.all
cop.Q
was
hospital IN ESS AND;FOCUS
that
1pl.gen DAT
water
Poland DIR DAT
1pl.abs
or
be DAT
say AOP
army.(rus)
dog
that
falcon
yard IN EL
grandfather OBL DAT
it
girl
artist
say IMC
Azerbaijan
say ENT
horse OBL GEN
year ERG DAT
child OBL SP ESS
say AOR
time
say ENT
she DAT
catch ENT
very
often
1pl.abs
pans PL
stone
dog
this.one
horse OBL SP ESS
us OBL GEN
oh
1pl.erg
hide ENT
boat IN ESS
feild IN EL
TOTALY
come AOC
where
day
that
approach AOR
two
newspaper OBL DAT
Yes
2sg.gen
say AOR
here
forty
how
horse ERG
two
even
sea OBL GEN
cop.NEG
wood PL
say ENT
forest OBL DAT
say AOR
good
that
now
son
sit AOC
bug
take AOR
steed OBL PT ESS
1pl.gen
bring AOR
he AND;FOCUS
rain
dream IN EL
say ENT
even
go.again,return AOR
say ENT
station
girl
eat AOR
1pl.abs
country OBL DAT
2sg.abs
say AOR
go IMPF
happening PL
USSR
bring AOC
today GEN
well
Shahdag OBL GEN
village OBL GEN
jar
say AOR
COME.TILL
she DAT AND;FOCUS
1pl.gen DAT
the.are.not.any
cop
2sg.erg
ditch SBST INF
relative
what
ashuq ERG
here
cause.to.sit ENT
dog
jar
fire
father
doing.AOP
himself ERG DAT
carry.up AOR
all
look IMPF Q
what
take AOC
two
be.IMPV
write FUT PST
girl OBL DAT
keep,defend AOR
hand IN ESS
2sg.abs
address
make IMPF
1sg.gen
girl
go ENT
help FUT
happened PERF
neighbor PL
go ENT
1pl.abs
relative OBL DAT
evening OBL GEN
say ENT
say ENT
time
say ENT
well
1pl.gen DAT
1sg.gen
1pl.abs
1sg.ERG
table OBL SP ESS
day OBL SP ESS
go AOR
that
himself ERG GEN
sea OBL GEN
Sedaget
1sg.ERG
brother
wall PL OBL AD ESS
girl OBL SP ESS
boy
say AOR
sea OBL GEN
head
2sg DAT
your
can.be.NEG
catch AOR
spring OBL SP ESS
look AOP COND
1sg.ERG DAT
is.there
girl
2sg DAT
go AOR
each.other
bank OBL AD ESS
take.off AOC
word
go AOC
eye PL
say IMPF
take FUT
2sg.gen
say ENT
you ERG
eeh
stand.up,rise AOR
probably
father
sweetheart
say AOR
child PL OBL SP ESS
Holiday OBL DAT
these
great
other
what ERG GEN
other
horse
that
kill FUT
himself
1pl.abs
pair
Lithuania OBL DAT
country OBL DAT
bread AND;FOCUS
you
form
fortress OBL AD ESS
say AOR
say ENT
soldier
2sg.abs
flake
business OBL DAT
come AOR
give AOR NEG
SECOND
this.one
thing AND;FOCUS
2sg.abs
that
hand
2sg.gen
dog PL
public OBL DAT
word
2sg DAT
that
great
girl
eat AOR
after
say AOR
give
there
boy OBL DAT
1pl.erg
steal
2sg DAT
with
him.to DAT AND;FOCUS
come AOC
my
want ERG
hang.PFT.PTP PERF PST
centimeter
make ENT
say ENT
oh
say ENT
moaning;.ahh
fall AOR
fireplace IN ESS
king OBL GEN
say ENT
time
catch ENT
look INF
girl AND;FOCUS
Afiya
name
be.AOP.COND
move hut AND;FOCUS
girl AND;FOCUS
say AOR
were.speaking
time
he
1sg.ERG DAT
my
mortar.man PL
say ENT
boy ERG
water PL
attention PL
robber PL
Soviet ERG GEN
go AOC
all
go AOR
say AOR
spring OBL SP ESS
never
happy
1pl.erg
her
that
Lithuania IN ESS
kill INF
return AOR
you
cook IMPF PST SBST
fight ENT
here PST
climb(up),mount AOC
that
armenian OBL GEN
say AOP TEMP
cut INF
2sg DAT
boy AND;FOCUS
himself ERG GEN
her
right NESS
dear
no
say ENT
encirclement IN ESS
cloth AND;FOCUS
horse
take AOC
give INF
valley PL
return AOR
other
cause.to.sit ENT
door
hand IN ESS
here PST
himself this DAT
IT.WILL.BE.DONE
make IMPF
say PERF
2sg.gen
teacher ERG
say ENT
that
remove AOR
say AOR
put.under AOC
1sg.gen
he GEN
look AOP COND
buy AOR
look.IMPV
say ENT
she DAT
strong
it
here ERG
yourself DAT
bone AND;FOCUS
call ENT
1pl.gen
that
he
story OBL GEN
place
ditch OBL DAT
2sg.abs
king
just
say ENT
REACHED.ENT
pile
sea OBL GEN
Bezkhanum OBL PT ESS
THERFORE
every
before
soul OBL DAT AND;FOCUS
them ERG GEN
say AOR
scale
can NEG AND;FOCUS
say ENT
the.German
2sg.abs ERG
what ERG GEN
brother PL
house OBL DAT
brother
appear.PTP.SBST
2sg.abs
king AND;FOCUS
go PERF COND
run AOR
cop.NEG
son
call AOR
that
catch AOC
my
fire
fall,precipitate IMPF
call AOC
say AOR
outpost SP ESS
dear
sea OBL GEN
1sg.ERG
was
soil
robber
hole
is NEG
with DAT
king OBL GEN
1pl.erg
that
be.AOP.COND
great
neighbor
1sg.ERG
say ENT
say AOR
2sg DAT
boy AND;FOCUS
catch ENT
happy
1sg.ERG
day
you.know
these
take.off AOR
appear AOP TEMP
1pl.erg
wish OBL GEN
fire
go FUT
word
1pl.gen
is
agree
1sg.ERG
catch AOC
phone PL
Hadji
great
jump
there
he
say AOR
girl OBL GEN
say AOR
with
hand IN EL
1sg.ERG DAT
himself ergative DAT
one
over
1pl.abs AND;FOCUS
say ENT
come
chair PL
stay,remain IN
make IMPF
say AOC
ticket PL
picture
boy OBL DAT
1sg.ERG DAT
me.from AND;FOCUS
even
means
then
grandchild PL AND;FOCUS
come.on
from.there
1sg.ERG
being.AOC
then
say AOR
return AOR
you.know
start AOR
kazakh
that
1sg.ERG DAT
say AOR
all
1sg.gen
crane
give FUT
good
horse
horse
that
say ENT
bring.IMPV
king OBL GEN
neck
And.but
king
who
go ENT
good
cavalry
country OBL DAT
talk
all
these ERG DAT AND;FOCUS
1pl.gen
step
cop
is DAT
say ENT
that
2sg.abs ERG
this ABS
lie.down PERF
he
Bebir
great
man
then
you.know
1sg.ERG
come.out
knowledge
side PL OBL ESS
that
mother
there.from
public OBL DAT AND;FOCUS
1pl.abs
now
was
forest PL IN EL
boy
three
here.you.go
2sg.abs
2sg.abs ERG
military.service OBL DAT
woman PL AND;FOCUS
return ENT
the.same
air PL ERG DAT
only
grandfather ERG
Tagiyev OBL DAT
beautiful
so.much
say ENT
give
these MSD
draw,pull INF
sit!
was
city OBL DAT
good
him.to AND;FOCUS
here DAT
say ENT
way
Georgia DIR DAT
want IMPF PTCP SBST
red
go AOC
now
was
heart IN ESS
you.know
stand.up,rise INF
after.all
your
dog
1pl.gen DAT
calm
want IMPF
dog
take.down AOR
go ENT
boy
friend PL ERG
untrusted
come PERF PST
more
her
that
1sg.ERG
fall FUT
give AOC
talk AOR
boy OBL DAT
king
never
girl
blind
together
like.this
buy AOR
in.vain
love OBL GEN
city OBL DAT
say ENT
more
1pl.abs
want ERG DAT
her
2sg.abs
say AOR
one
come AOC
never
picture
my
wood PL
say AOR
king
2sg.gen
say ENT
one ERG
this.one
1sg.ERG DAT
say IMPF
2sg DAT
1pl.gen DAT
son
on.foot
teacher
form PL
want
look AOC
say ENT
place OBL DAT
say AOR
want IMPF
1sg.ERG
better PL ERG GEN
you.know
2pl.abs
like
he
say AOR
you.know
year
more
time OBL SP ESS
Sedaget
boy ERG
himself ERG GEN
say ENT
then
cloth AND;FOCUS
open ENT
russian
only
knowledge AOR
what
2sg.abs
boat
1sg.gen
from.far
can't OPT
other
girl
go AOC
dear
pearls PL
these ERG AND;FOCUS
who
2pl DAT
stone OBL GEN
two
give HORT