below
ᴘʀᴇᴘ
female
ᴘᴄFʟ.rsbl =3ᴍiɴII
head
piece.of.wood
thing ᴅᴇᴍ2.ᴅɪѕᴛ
there
high
AFTER
dat=1augII
ѕᴜʙʀ
ᴘʀᴇᴘ
day
ɴᴇɢ know =1ᴍiɴI ɴᴇɢ
what
Rʟ speak PᴅiR.HITHER
travel PᴅiR.HITHER =1ᴍiɴI.ᴄᴍʙ
ᴘFᴠ
because
Rʟ be.difficult ᴛR =3ᴍiɴIA
call.someone =3ᴍiɴIA
crew
what
ᴅᴇᴍ1.ᴘʀᴏχ
Reef.Is
much
said again PᴅiR.YON
ᴀᴄᴄ =1ᴍiɴII
ѕᴜʙʀ
ᴛᴘɴʏᴍ
Rʟ ᴍiᴅ write ᴀᴘᴘʟ =1ᴍiɴII
man
high
ᴘʀᴇᴘ
there
Samuel
be.struck
Pawa.school
head
kill =ᴄᴏЅ
brother =3ᴍiɴII ᴘʟ
reach PᴅiR.HITHER =3ᴍiɴIA
both =2ᴀᴜɢII
Rʟ finish =ᴄᴏЅ
portion
and
needlefish
Rʟ.3ᴀᴜɢ paddle together =ᴄᴏЅ =3ᴀᴜɢIS
ѕᴜʙʀ