куьтӏ
ава й
ну
им
вуч -и -з
ина -л
жаван
кӏватӏ
ада
тавур -тӏа
хуш
ахпа
гьим
и
кьван
чара
вич -и -н
хьа -ана
ча
зун -ни
и
и
фе на -ш та
са
я
вилик
зун
я
вун а
вад
кан -и
гьама -ни
безхануман
кӏватӏ -ана
къура -з
ибур -ни
хьа йи -ла
чун
къач -уна
за
йедди -ди -з
эгекь ай -ла
и
эхир
чун
къач -уна
ида
ибур
къиямат
вуч -из
яхцӏур
заз
ина
гьа
и
зи
за
сонра
гьарай
за
тир
чун
самур
патав
жи
за
гьар
вич -и
сабурлу
ичӏер на
гила
хьи
за
тарифара -ди
сада
икӏа
гила
чун
цӏийи
четин да
гъа -нава -й
жаван
вун а
ава -й
гьинвайда
ала -й
жув а хъ
ман
агъуз
за
ва -з
за -л -яй
и
яргъал а ай
ча -з
са
са
цӏийи
белке
седакъет
и бур
вич -и -н
хъсан
гьабур -и -н
зи
ки
эхьир
са
кӏан -у -з
иер
самур
хьайи -ла
сонра
сагъ -ар на
ида @@@
и
кьве
хутах
гьакӏ
гьисят да
ва -з
кӏан -да
цӏуьцӏуьд
вуч
и
и
хьти -н -ди
цӏийи
ви
ава ай -ди
са
патав
и
ишигъли
хьи
хкер -ла
рафик а -н
чӏав а -л
и
изат на
им -ни
абур -у
ани -з
чава ай
цве -з
ибур -у
са
вун а
истрагьет на
са
жи
са
мицибур
ама -ч -ир
ахку на
гила
дуьмуьш зава -ди
хта -й -ла
са
ка й -ла
пата в
за
фе -й -ла
чун
исабала -ди
чун
хьи
иер
са
абур -у -н
чун
и
хта -й -ла
са
са
чи
архаин
и
ваъ
сад
вири -ни
чӏалах
хьи
джафер
гьина
ва -з
тӏва
гьим
ина
хкаж на
галаз -ни
чӏехи
я
хьи
са
патав
куь
и да -н
хьир
атӏу -з
ада
кан -и
куд на
а -бур
хьа
зун
маса
я -тӏа
са
са
аладар на
чи
вич и -з
и да -н
гьиниз
ви
гумир
вилик
юсуф
кве
игила
хвеши
и
вич -и -н
ибурун
икӏа
эхир
кӏев нава й
и
тӏа
яргъал а ай
килиг зава
и
хьу й
за -з -ни
и
чпин
киник
стӏур а -ни
я
ки
ки
ибур -у
ва
же зва й -ди
ада -з
са
зун
чун
зун
я
тамашатӏа
чун
ахпа
игирми
йетмиш
чи да
са
хьи
вун
зун
ида
и
зу
но
ахъай зава ай
ида @@@
тир
икьван
чаз
тир
лазим
ида -з -ни
атӏ
са
сада
ибур
са
ишигъли
хьи
язух
гьамам -да -NULL
гьакӏ
хьиз
ава й
и
и кьван
чун
ви
тӏимил
ибур
са
ча -з
ала й
за
и
хьи
чун
акъваз да й
са
санал
зу
за
лишанлу
эгер
тахьа ай -тӏа
къанни
иер
зу
ну
са
вуч
ибурни
ягъайтавур
зи
и
тек
зи
имни
ида -ни
са
гваз
исят да
хвеши
вун а
инра
эгьтибарсуз
инжиклу
безханум
сад а -з -ни
бес
и
ава -з
зун
чун
бахшай бур
имни
заз
чун
хвеши
и
агъи да й
гьакӏ
мад
цӏикьвед а -з
безханум а -з
вун
чун
хьи
ахпа
гудайла
са
зи
хьайитӏа
чун
тухурла
и
акъудир
къуллугъ зава -ч -ир -ни
чӏехи
вилик
хъувур
им
ихьтин
чи
кутва зва -й -ди
ахпа
кье йи
гьа
гила
яхцӏур
ак на -ни
са
хъсан
себриллагь
чагъу -ун
къачур -ла
хьа
хсуси
и
им
саягъ да
бес
са
и
мад
чан
гу д ай -вал
гъи -з
чан
мицид
седакъет
гьикӏ
ана
эхир
ахпа
ида
зун
ва -з
гьа
са
цӏуьлуь
сонра
исят да
галат нава й
ина -й
иер
зун
ахпа
гила
икӏ
ада -н
иер
вири да -з
и бур и
са
за
и
хвеши
да
са
тапара зава
десять
зун
и
бес
гьа на
ида -н
яраб
и
гьа
бес
хьи
маса
жаван
ки
вун
цвез
цуьлуь
эхир
сакӏа -ни
за
иер
ча -з
багъиш на
вич -и -н
чи
хьи
кӏан -у -з
чӏавуз
4ӏ
хта -й -ла
ина -й
зу ни
пуд а
за
къулухъ ай
а -бур
хьа -нава -ди
гьарад
и
абур -и к -ай
ча -з
има
гьич
мад
вуч -и -з
абур -у
гьа
ва
хейлаг
им
зун
чун
вуна
ваъ
ида
ибур -у
шад
вич -и -н
са
фейила
ибур
сад
сад
вуч -и -з
цӏуьлуь
ацукь а -й -ла
ча -з
га -ана -ч
гьакӏ а
лайих
бес
я
ада
гила
хъсан
са
са
гила
мици
ида к -яй
хта на -ни
муькуь
хвеши
вад
ва -з
са
фергьад
вич -и
кӏуьд
инал
бес
вуш
вуч
мейдан -да -л -NULL
и
ам
иси
чуг ай
гьада -з -ни
ахьтин
туш
ава ай -ди
гила
идани
гьакӏ
са
мадни
хьи
ки
завай -ни
ата й
кьван
икьван
хьтин
кӏан -и к
же да
артух
гила
ана -й
дердинлай
кьве
зи
са
яда
ада
ви
вич -и -н
и
гала -з
кьве -да ни
са
хъуву -рай
лагьа -й -тӏа
иер
хвеши
она
кичӏе зва
гьар
са
ахпа
на -з
гьич
гьада к -ай
киник
америка -ди -н
маса
гьакӏ
за
чун -ни
по
зи
куь
йухламиш
иер
кутӏур
ча -з
вич -и -н
ана -л -ай
абур -у -з
инра
зи
за
яру
еке
асул
имни
зун
анриз
аву -ана -тӏа
цӏийи
хкаж на
вахга на
са
кван
зи
за
жаван
ви
эн
ихъти -н
бес
зун
ида -ни
къач -уна
ци
за
чун
ам
са
эгекь ай -ла
ибур -у в -ай
са
хьа на -че
чун
же зва -й -ди
ана
еке
ина -л
эхъве на
инлай
са
хьи
вун а
кье йи
гьамам -да -NULL
и
ина
жи
хьи
и
мици
ваъ
маса
яргъал
ваз
твах
тавур -тӏа
ман
са
ахпа
мад
ки
ки
са
чал
хкве зва -ч
тамаш -й -тӏа
чун
севда
ки
хьа -нава -й
ида -ни
ви
са
куьтягь
и
сад
са
ва -з
зун
къулухъ ай
ки
вири да
ава ай
акъуд зава -й -ди
винел
зи
ибур
чпин
ви
зу
ида -н
гьа
изат на
им
яхцӏур
патаг
ки
и
вун а
ва -з
ахъа ай
са
вун
им
зун
бельгия -ди -з
же да й
зун
гьакӏ
яхцур @@@
хъсан
за
вич -и -н
и
им
чи
са
вун
афия
вилик
белке
дуьз
ну
дуьз
в
гьикӏ
ахпа
зун
и
мукьва -л
има
зун
гьич
къванши да -л
ина
кӏан -и
са
хъсан
икӏа
пара
идаз -л
гьакӏ
зи
вун
фи- да й
имни
икӏ
зун
ибуру
ида @@@
зи
вич -и
ругуд
я
бес
ини -з
йисус
за
бирден -ни
гваз
инлай
ама й -ди
чи
вун
гумир
за
ха
вообще
зи
чун
за -л
сонра
ида -з
сонра
имран а
за
ара да
къабагъы
има -ни
алукӏ на
ида
ада
кьван
зун
зи
йетмиш
мицибур -у
сад а -з -ни
ава -з
зи
ада -з
са
ана
экъечӏ зва
гьар
кьве
за в -яй
кьван
и
къай -и
хъ -ч
гудайла
са
эхъ -из
я
са
гьикӏ
къакъан -ди -з
хта -й -ла
вун
худат
га -й да -л ай
ана
вефасуз
вири да
ваз
иер
вичин
къвазара
за
зун
сонра
хьи
сонра -ни
гила
и
эхир
вуч да
гьадисе
гала -з
затӏа й -ла
за
пара
гьа -да -з
тек
и
ну
уже
атӏ
кьве
не
а -бур
чӏехи
са
патав
и
за -з -ни
сад а -н
им
и
и
дуьз
я
хьа -ана
анжах
мад
вот
чун
зун -ни
гурвал
и
тир
ӏ6
са
хвеши
хкат -ун
ата -й -ди
вич и -з
ча -з
ида
он
за
ви
ина
сырой
хъфе -нава -ч
ани хъ
и
досрочный
хьи
маса
ча -з
и
пат а -л
асул
ава -ч -из
ибур -ни
са
вич -ни
алад
ну
за
ида
зун -ни
и -м
има
са
ава -тир
са
зун
сифте
куьн -е
зун -ни
вун а
чирч да й
ана -л -ай
зун
ини -з
вич и -з
анадыр -ди -з
вун
мукьвал
ала -й
гьада к ай
советской
ама й -ла
тӏва
и
аллагь
хьи
американ р и
зун
за
кафирдилайни
ки
гьинвайди
гьым
зи
чи да
аку
им
экъецӏ
ида
шумуд -р а хъ
ама -ч
ам
и
я
кван
хьир
ида -з
хьа -нава
куь
зи
чун
са
гила
кьадар
ам
зун
гила
гила
ва -з
къийи
дуьз
за
зав
я
патав
агакь -ар да
сад -ни
кьуд а -з
вуна
вуч зава
гьабур -и
зун
са
са
са
гьин ай
са
и да -н
ак на -ни
вегьи да -й
им
ада
тунва
ча -з
ну
са
иер
иер
ва в
вун
ибур -у
чи
ибурни
и
ибур
серин -вал
ахпа
муьстекъил
ча -з
фадамаз
кьван
я
военный
ацукьарна
къугъв -ни
и
вун
еке
ихьтин
эхир
зун
ана
гуьрмет -ар на
ина -ра
им
ава й
им
гьаа
ихтилат да
вахга -нава
и
ибур -и -н
зу