N
@@@ =1ᴍꞮɴII
V Ʀʟ =ᴄᴏЅ =1ᴀᴜɢI
CONJ
@@@ ɴᴍʟᴢ1 ɴᴍʟᴢ.ᴘᴄꜰʟ =2ᴍꞮɴII
N
CONJ
CONJ
PREP
pro
Perspro
A-D-P2
N
N
@@@ ᴘꜰᴠ
N
RPRN
RPRN
CONJ
@@@ GᴅꞮƦ.DOWN =1ᴍꞮɴI
RPRN
N
RPRN
CONJ
N
@@@ GᴅꞮƦ.IN PᴅꞮƦ.YON =1ᴀᴜɢI
@@@ PᴅꞮƦ.HITHER =1ᴀᴜɢII
@@@ Ʀʟ =1ᴍꞮɴI
N(kxcl)
Particle
Ord ᴏƦᴅ
@@@ ꞮƦƦ =ᴄᴏЅ =3ᴀᴜɢIA
Particle
V
RPRN
PREP
RPRN
N
Particle
@@@ ꞮɴᴛЅ ᴀᴘᴘʟ
N
Particle
CONJ
PREP
RPRN
CONJ
N
nprop USA,.AMERICA
CONJ
N =1ᴍꞮɴII
Det
Particle
PREP
N
PREP
CONJ
@@@ Ʀʟ.3ᴀᴜɢ ᴍꞮᴅ =3ᴀᴜɢIS
@@@ =1ᴍꞮɴII
RPRN
Det
@@@ Ʀʟ =ᴄᴏЅ
RPRN
PN
N(kxcl)
@@@ ᴄᴀᴜЅ ᴀᴘᴘʟ .BZ(PDIR.YON)=O(1MINI)
CONJ
N
@@@ Ʀʟ ᴍꞮᴅ =ᴄᴏЅ PᴅꞮƦ.YON =3ᴍꞮɴIA
N
PREP
A-D-P2 =1ᴍꞮɴII
Particle
A-D-P2
interrog
Particle
PREP
PREP
CONJ
Ncomp
PREP
A-D-P2
Ncomp ROOSTER.TAIL
N
PREP
N
N
@@@ ɴᴇɢ ɴᴍʟᴢ1 ɴᴍʟᴢ.ᴘᴄꜰʟ =ᴄᴏЅ ONLY =1ᴀᴜɢII ɴᴇɢ
PREP
Particle
@@@ Ʀʟ ᴍꞮᴅ =ᴄᴏЅ PᴅꞮƦ.YON =3ᴍꞮɴIA
@@@ ɴᴍʟᴢ1 ᴍꞮᴅ ɴᴍʟᴢ.ᴘᴄꜰʟ =1ᴍꞮɴII
CONJ
CONJ
N
Ncomp
@@@ ᴛƦ GᴅꞮƦ.IN ɴᴍʟᴢ.ᴘᴄꜰʟ =1ᴍꞮɴII
@@@ ᴘꜰᴠ
@@@ GᴅꞮƦ.DOWN PᴅꞮƦ.HITHER
Particle
N