geluh#to.live.(be.alive)
men-#ACTIVE.VOICE jadi#to.become
kobo#water.buffalo
kane#even.(also)
kao#you.(hon)
kelok#very lah#emphasis
kelak#what.will.come
ni#in,.at.(space)
se-#HAVING.THE.SAME kune#HOW? -ne#MEASURE.NOMINALIZER
compang.camping#TATTERED
malet#neg
mame#uncle ==ne#=3SG
nggo#done.(finished)
compang.camping#TATTERED
khumah#home
si#relpro
khut#with
khut#with
amin#only lah#intensifier
kekhas#hard.(solid)
seban#wood
meng-#TO.APPLY.....TO.THE.OBJECT hokhmat#respect -i#TO.APPLY.....TO.THE.OBJECT
khut#with
balik#return.home,.to lah#intensifier
tebe#TOWARD.(A.PERSON)
si#relpro
khate#smooth.(of.surfaces)
mejile#well
kali#the.time.(that.something.happens) ==ne#=THE
iye#3sg
kekhine#all
se.enggo#AFTER
4-5#4.5
kami#we.(excludes.the.one.adddressed)
ni-#PAS.TR khakut#to.tie
singkil#Singkil
ingin#to.want
si#relpro
ni-#PAS.TR bahan#to.produce
kao#you.(hon)
kakhang#compose,.write
pul#after
akhah#direction
men-#ACTIVE.VOICE jumpai#to.find
suami#husband
enggo#have.been,.ever
kalak#person
ni-#PAS.TR undang#to.invite
se-#ONE kalak#person
ni#in,.at.(space)