-i-#PST.ACY m-#MO.ACY ulih#return
mah#dan
belaha#Beleha
odu#siang
onu#apa
ouu#oh
gulu#dahulu
k-#NMLZR ingei#want -n#NMLZR
se-#SE ng-#LINKER olu#day
engat#reply
sulikng#suling;.bangsi;.seruling
nggien#di.mana
mansabm#bangsa;.macam
bakng#kalau
nubuh#kemudian
soid#di.dalam
n-#PST.ACH dabuh#fall
k-#NMLZR ingei#want -n#NMLZR
suad#story
di#di;.ke;.pada
ipus#ekor
==ga#=
lumak#lembut
ny==#=
matakng#datang
ndah#tidak
nti#ini
nu#engkau;.awak;.saudara;.anda
obu#bau
waris#keluarga
hai#juga
bunua#kampung;.benua
ndah#tidak
na#DEF
na#DEF
-supuh#menyumpit -adn#V.>.NMLZ
medoot#barang,.benda
sia#3SG.NOM
sia#3SG.NOM
ulu#kepala
nganggabm#grope.for
na.haah.na#SEKARANG
epaat#empat
ngi-#ISA.AV riaak#pull
==ga#=
si==#=
na#DEF
dii#sana
diaadn#saya
nda#mereka