бес#but
тухв#take -ана#AOC
буба#grandfather -ди#OBL -н#GEN
рехъ#way
чинеба#secretly
жув#us
вахт#time
кицӏ#dog
г#give -уда#ENT
балкӏан#horse -ди#ERG -ни#AND;FOCUS
чна#1pl.erg
зи#1sg.gen
пулдал#by.money -ди#DIR
рикӏ#heart -е#IN -NULL#ESS
гьат#fall.on -на#AOR
тамаш#look -из#INF
за#1sg.ERG
са#one
вуна#2sg.erg
и#this
сабурлу#patience
лагь#say -ана#AOR
вац#month -ра#OBL -NULL#ESS
а#that -бур#PL
къуш#bird
за#1sg.ERG
хт#return -анва#PERF
за#1sg.ERG -з#DAT
кӏан#want -да#FUT
гьуьл#sea -уь#OBL -н#GEN
кицӏ#dog
яшамиш#live -да#ENT
философия#philosopy
йетмиш#seventy
хъф#go.again,return -изва#IMPF
къуй#cry
гьиниз#where.to
има#this.one
руш#girl
са#one
гада#boy -ди#ERG
хуьр#village -уь#OBL -н#GEN
са#one
пачагь#king -ни#AND;FOCUS
къач#buy -уна#AOC
аял#child
документ#document -ар#PL
вил#eye -ер#PL
сефер#time
кьван#so.much
во#well
са#one
чун#1pl.abs -ни#AND;FOCUS
хта#return -нава#PERF
диван#sofa -ди#OBL -н#GEN
власти#authorities
халу#uncle
са#one
акӏ#like.that
араб#arab -р#PL -и#OBL -н#GEN
гада#boy -ди#OBL -в#AD -ай#EL
гала#with -з#DAT
гада#boy -ди#OBL -з#DAT
тахтун#throne -а#OBL -л#SP -NULL#ESS
къвер.кьван#COME.TILL
г#give -ана#AOC
лугь#say -уда#ENT
чи#1pl.gen
кӏан#want -зава#IMPF -ч#NEG
жемят#public -ди#OBL -з#DAT
ина#here -ра#ERG
лагь#say -ана#AOR
кӏурцӏул#puppy -ди#OBL -хъ#PT -NULL#ESS
кицӏ#dog -и#OBL -з#DAT
ава#is -й#PST
командир#commander -ди#ERG
кицӏ#dog
ама#still.be,.remain
къе#today
ида#her
лагь#say -ана#AOR
яргъа#far -з#DAT
гьарайзу#is.shouting
вуч#what -и#ERG -н#GEN
баки#Baku -ди#OBL -з#DAT
мегьман#Mehman's а#OBL -н#GEN
атӏурвал#cuting.PTP.MAN
бес#but
амукь#stay,remain -на#AOR
т-#NEG ав#make,do -унва#PERF -й#PTCP
ида#him.to -н#GEN
хьти#like -н#GEN -ди#DIR
ки#that
пачагь#king
кака#egg -яр#PL
буба#grandfather -ди#OBL -н#GEN
эвер#call -да#ENT
лугь#say -уда#ENT
хъсан#good -вил#.NESS -ер#PL
кицӏ#dog