nâdö#ᴄᴏᴍ.
të-#Ʀʟ.3ᴀᴜɢ ö-#ᴍꞮᴅ pi#say ==pe#=ᴄᴏЅ -mü#PᴅꞮƦ.HITHER ==lö#=3ᴀᴜɢIA
sâ-#ᴘꜰᴠ
nölâ#place
yölü#put -tö#GᴅꞮƦ.IN läblö#together -bë#PᴅꞮƦ.YON ==le#=3ᴍꞮɴIA
në-#ɴᴍʟᴢ1 vë#go -dë#GᴅꞮƦ.UP ==pe#=ᴄᴏЅ -kö#ɴᴍʟᴢ.ᴘᴄꜰʟ -mü#PᴅꞮƦ.HITHER
kopoöa#copra
-#3ᴀᴜɢ1 suti#want ==pe#=ᴄᴏЅ
kâng#those
kä..#ѕᴜʙʀ
kökâ#ʀᴘʀɴ2.ᴅᴇᴍ2.ᴅɪѕᴛ
të-#Ʀʟ.3ᴀᴜɢ vë#go ==pe#=ᴄᴏЅ ==ng#=3ᴀᴜɢIS
-#3ᴀᴜɢ1 rpna'#shoot mou#again -mü#PᴅꞮƦ.HITHER
ä#and
bznwz#Bznwz.vil
be.nyz.rplz#TROCHUS
da#thing
da#thing
në-#ɴᴍʟᴢ1 mnâ#be -kö#ɴᴍʟᴢ.ᴘᴄꜰʟ
nüni#mat
nâ#fish
köla#ʀᴘʀɴ2.ᴅᴇᴍ1.ᴘʀᴏχ
-#3ᴀᴜɢ1 blüki#dirty ==ng#=3ᴀᴜɢIS
sâ-#ᴘꜰᴠ
nëlu#coconut
ä#and
në-#ɴᴍʟᴢ1 köka'#pray -kö#ɴᴍʟᴢ.ᴘᴄꜰʟ ==de#=3ᴍꞮɴII
më#ᴘʀᴇᴘ
ëlwë#much
më#ᴘʀᴇᴘ
a'#but
ä#and
la#ᴅᴇᴍ1.ᴘʀᴏχ
nyë#ᴘᴄꜰʟ.ʙ&ɢ ==dö#=3ᴀᴜɢII
më#ᴘʀᴇᴘ
prcpelz#propeller
kxpipz#little
kâ#ᴅᴇᴍ2.ᴅɪѕᴛ
dzbede#group
lue#water
tü-#Ʀʟ mu#eat ==pe#=ᴄᴏЅ ==kö#=1ᴀᴜɢI
në-#ɴᴍʟᴢ1 glü#carry -tö#GᴅꞮƦ.IN ==pe#=ᴄᴏЅ -mü#PᴅꞮƦ.HITHER
jenwzri#January
peao#dry.coconut.leaf
më#ᴘʀᴇᴘ
tömâtu#island
në-#ɴᴍʟᴢ1 wë#make -kö#ɴᴍʟᴢ.ᴘᴄꜰʟ ==gö#=1ᴀᴜɢII ==le#=3ᴍꞮɴIA
kä..#ѕᴜʙʀ
nâbö#cross
merikz#USA,.AMERICA
më#ᴘʀᴇᴘ
lö#ᴘᴄꜰʟ.inherent ==de#=3ᴍꞮɴII
a'#but
tü-#Ʀʟ öke#pick ate#afterward ==ä#=1ᴍꞮɴI
më#eye ==te#=3ᴍꞮɴII
öngalä#dawn
ne#ᴘᴄꜰʟ.rsbl
a'#but
kä..#ѕᴜʙʀ
kä..#ѕᴜʙʀ
kâ#ᴅᴇᴍ2.ᴅɪѕᴛ
tü-#Ʀʟ ö-#ᴍꞮᴅ glü#carry -ti#ᴛƦ ==kö#=1ᴀᴜɢI
pöla#sea
lö#ᴘᴄꜰʟ.inherent
sâ-#ᴘꜰᴠ
temë#moon.
tü-#Ʀʟ topwë#little ==be#=STILL -ngö#ᴀᴘᴘʟ ==ne#=1ᴍꞮɴII
kä..#ѕᴜʙʀ
-#3ᴀᴜɢ1 vou#ignite -ne#ꞮɴᴛЅ -o#GᴅꞮƦ.DOWN ==pe#=ᴄᴏЅ -mü#PᴅꞮƦ.HITHER
kä..#ѕᴜʙʀ
ä#and
ä#and
dötwö#mind ==nge#=1ᴍꞮɴII
nëwö#time ==de#=3ᴍꞮɴII
ma#house
na-#ꞮƦƦ alvâ#push -tö#GᴅꞮƦ.IN -lëbü#Ʀᴇꜰʟ ==gö#=1ᴀᴜɢII
ä#and
elö#there
nike#what
nâte#his.nose ==de#=3ᴍꞮɴII
ye#only
nipna'#arrow
päi#wear ==#=3ᴍꞮɴIS
gresosa.bei#GRACIOSA.BAY
bxn#BAND
möka#here
tö-#ɴᴇɢ suti#want -u#ɴᴇɢ
më#ᴘʀᴇᴘ
natqgu#Natqgu
më#ᴘʀᴇᴘ
kä..#ѕᴜʙʀ
tö#holy
ëbü#day
dalö#things.of
më#ᴘʀᴇᴘ
lâsu#ship
në-#ɴᴍʟᴢ1 ngini#become -kö#ɴᴍʟᴢ.ᴘᴄꜰʟ ==de#=3ᴍꞮɴII
ni#be ==gö#=1ᴀᴜɢII
töau#money
ä#and
na-#ꞮƦƦ ngi#be
ä#and
tü-#Ʀʟ yâmne#speak -ngö#ᴀᴘᴘʟ ==gö#=1ᴀᴜɢII
nâ.tabao#PAPAYA.TREE
rum#room
kâ#ᴅᴇᴍ2.ᴅɪѕᴛ
la#ᴅᴇᴍ1.ᴘʀᴏχ
la#ᴅᴇᴍ1.ᴘʀᴏχ
ngö#ɢᴇɴ1ᴀ
nëköka'ngö#prayer
ö-#ᴍꞮᴅ mâ#see
ä#and
nyë#ᴘᴄꜰʟ.ʙ&ɢ ==dö#=3ᴀᴜɢII
ëbü#day
kä..#ѕᴜʙʀ matü#powerful
na-#ꞮƦƦ yapwä#tell -ti#ᴛƦ -mü#PᴅꞮƦ.HITHER ==le#=3ᴍꞮɴIA
kä..#ѕᴜʙʀ
-#3ᴀᴜɢ1 a-#ᴄᴀᴜЅ bë#die ==lö#=3ᴀᴜɢIA
ökalë#leave -mü#PᴅꞮƦ.HITHER ==#=3ᴍꞮɴIS
auki#Auki
waelas#WIRELESS
kâng#those
doa#child
nâ#tree
ä#and
nigö#be.1ᴀᴜɢII
mya#surpass -së#VERY -pä#GᴅꞮƦ.OUT ==le#=3ᴍꞮɴIA
lue#water
ma#house
ne#ᴘᴄꜰʟ.rsbl ==dö#=3ᴀᴜɢII -ngü#ᴘʟ
kä..#ѕᴜʙʀ
jon#John
ä#and
në-#ɴᴍʟᴢ1 ti#shine -alo#FOREVER -kö#ɴᴍʟᴢ.ᴘᴄꜰʟ
sâ-#ᴘꜰᴠ
tü-#Ʀʟ yöni#cry -tä#ꞮɴᴛЅ ==pe#=ᴄᴏЅ
kâng#those
yökö#finish -pä#GᴅꞮƦ.OUT -bë#PᴅꞮƦ.YON ==#=3ᴍꞮɴIS
yië#year
sâ-#ᴘꜰᴠ
ä#and
paeli#WILD.PANA
leplë#people
na-#ꞮƦƦ vë#go ==ng#=3ᴀᴜɢIS
sâ#ᴘᴄꜰʟ.hand ==de#=3ᴍꞮɴII
nâdö#ᴄᴏᴍ.
kâ#ᴅᴇᴍ2.ᴅɪѕᴛ
vöi#star
kosi#course
kä..#ѕᴜʙʀ
nölâkäbü#night
ami#army
kâng#those
sâ-#ᴘꜰᴠ
dötü#body ==gö#=1ᴀᴜɢII
pulis#police
në-#ɴᴍʟᴢ1 vo#travel -kö#ɴᴍʟᴢ.ᴘᴄꜰʟ
këdü#a
këdü#a
taepq-raetz#typewriter
më#ᴘʀᴇᴘ
kai#pudding
tökla#headland
mökâ#there
më#ᴘʀᴇᴘ
kä..#ѕᴜʙʀ -#3ᴀᴜɢ1 topwë#little
kâng#those
nemya'#Nemya'.
kä..#ѕᴜʙʀ
maekol#Michael
në-#ɴᴍʟᴢ1 anga#mock.threaten.with.weapon -ti#ᴛƦ -ngö#ᴀᴘᴘʟ
kä..#ѕᴜʙʀ löpö#wet
në-#ɴᴍʟᴢ1 mu#eat -kö#ɴᴍʟᴢ.ᴘᴄꜰʟ ==gö#=1ᴀᴜɢII
lvâ#fly -bë#PᴅꞮƦ.YON ==le#=3ᴍꞮɴIA
më#ᴘʀᴇᴘ
rlilrdr#both.of.them
-#3ᴀᴜɢ1 dwasë#leave ==dö#=3ᴀᴜɢII
ä#and
amölä#all ==pe#=ᴄᴏЅ
mama#priest
sâ-#ᴘꜰᴠ
sâ-#ᴘꜰᴠ
kâ#ᴅᴇᴍ2.ᴅɪѕᴛ
la#ᴅᴇᴍ1.ᴘʀᴏχ
kâ#ᴅᴇᴍ2.ᴅɪѕᴛ
nëelangö#dance
skul#school
në-#ɴᴍʟᴢ1 vë#go -ne#PROGRESSIVE -kö#ɴᴍʟᴢ.ᴘᴄꜰʟ ==gö#=1ᴀᴜɢII
kâ#ᴅᴇᴍ2.ᴅɪѕᴛ
leplë#people
kâ#ᴅᴇᴍ2.ᴅɪѕᴛ
bea#midday
kâ#ᴅᴇᴍ2.ᴅɪѕᴛ
känëakölë#teachers
kâ#ᴅᴇᴍ2.ᴅɪѕᴛ
në-#ɴᴍʟᴢ1 kölë#reach -tö#GᴅꞮƦ.IN mou#again -mü#PᴅꞮƦ.HITHER ==lö#=3ᴀᴜɢIA
ä#and
lâde#there
tü-#Ʀʟ vë#go -bo#.BZ(PDIR.YON)=O(1MINI)
nâblo#man
muöde#because
tü-#Ʀʟ dwa#jump -o#GᴅꞮƦ.DOWN
dötwö#mind
të-#Ʀʟ.3ᴀᴜɢ yëlu#return -tö#GᴅꞮƦ.IN ==pe#=ᴄᴏЅ -mü#PᴅꞮƦ.HITHER ==ng#=3ᴀᴜɢIS
lâ#talk a-#ᴄᴀᴜЅ pü#hot -bë#PᴅꞮƦ.YON ==le#=3ᴍꞮɴIA
lue#water
kâ#ᴅᴇᴍ2.ᴅɪѕᴛ
kä..#ѕᴜʙʀ etu#big
të-#Ʀʟ.3ᴀᴜɢ wökätö#baptised ==pe#=ᴄᴏЅ ==ngü#=3ᴀᴜɢIS
kâng#those
kä..#ѕᴜʙʀ -#ᴘᴀЅ ngü#eat
kâ#ᴅᴇᴍ2.ᴅɪѕᴛ
natü#word
tü-#ᴘᴀЅ ö-#ᴍꞮᴅ lxplz#puncture
vë#go
na-#ꞮƦƦ ve#accompany ==ä#=1ᴍꞮɴI
ëyagoä#sickness
köa-#ᴏƦᴅ tü#three
na-#ꞮƦƦ yâ#stay -ti#ᴛƦ -pä#GᴅꞮƦ.OUT -mü#PᴅꞮƦ.HITHER
nabö.nabë#grass
në-#ɴᴍʟᴢ1 ö-#ᴍꞮᴅ musö#treat.like.that -ti#ᴛƦ -kö#ɴᴍʟᴢ.ᴘᴄꜰʟ -bo#.BZ(PDIR.YON)=O(1MINI)
tü-#Ʀʟ ö-#ᴍꞮᴅ pi#say -bë#PᴅꞮƦ.YON ==le#=3ᴍꞮɴIA
ä#and
kâ#ᴅᴇᴍ2.ᴅɪѕᴛ
sâ-#ᴘꜰᴠ
mökâ#there
tu#stand
dötü#name ==de#=3ᴍꞮɴII
muöde#because
më#ᴘʀᴇᴘ
na-#ꞮƦƦ ngi#be
naü#Malay.apple
vë#feel.sad -tä#ꞮɴᴛЅ ==#=3ᴍꞮɴIS
badö#ᴄᴏᴍ.
mateas#Matthias
ne#ᴘᴄꜰʟ.rsbl ==de#=3ᴍꞮɴII -ngü#ᴘʟ
äplö#strong
kâ#ᴅᴇᴍ2.ᴅɪѕᴛ
këdü#a
nyë#ᴘᴄꜰʟ.ʙ&ɢ ==dö#=3ᴀᴜɢII
sâ-#ᴘꜰᴠ
mâ#see ==pe#=ᴄᴏЅ ==le#=3ᴍꞮɴIA
ne#ᴘᴄꜰʟ.rsbl ==de#=3ᴍꞮɴII
kä..#ѕᴜʙʀ
më#ᴘʀᴇᴘ
e#or
tü-#Ʀʟ mâ#see ==pe#=ᴄᴏЅ ==ä#=1ᴍꞮɴI
sâ#ᴘᴄꜰʟ.hand ==gö#=1ᴀᴜɢII
dela#there.it.is
tökö#no
jon#John
më#ᴘʀᴇᴘ
nidö#be.3ᴀᴜɢII.
meöikol#miracle
nëöyöngö#writing
külu#many
elalë#rejoice -tä#ꞮɴᴛЅ -mü#PᴅꞮƦ.HITHER
lâde#there
më#ᴘʀᴇᴘ
ba-#ᴅᴀᴛ ==de#=3ᴍꞮɴII
pöla#sea
sâ-#ᴘꜰᴠ
sâ-#ᴘꜰᴠ
lâ#ᴅᴇᴍ1.ᴅɪѕᴛ
nwei'#parrotfish
tü-#Ʀʟ twë#take ==ä#=1ᴍꞮɴI
sâ-#ᴘꜰᴠ
ä#and
kâ#ᴅᴇᴍ2.ᴅɪѕᴛ
tü-#Ʀʟ yöke#exclaimed -lvë#ᴀᴘᴘʟ ==ä#=1ᴍꞮɴI
sâ#ᴘᴄꜰʟ.hand ==dö#=3ᴀᴜɢII
më#ᴘʀᴇᴘ
tewa#rain
devet#David
kä..#ѕᴜʙʀ
da#thing
të-#Ʀʟ.3ᴀᴜɢ zpqtr#convert.s.o. ==ngü#=3ᴀᴜɢIS
nâboi#needlefish
ä#and
ä#and
a'#but
me#place
yölü#put -tä#ꞮɴᴛЅ
nemya'#Nemya'.
nenü#wind
kâpwë#same
dötübö#landmass
merikz#USA,.AMERICA
të-#Ʀʟ.3ᴀᴜɢ ayrni#play.instrument kë#also -mü#PᴅꞮƦ.HITHER ==ng#=3ᴀᴜɢIS
mwe#maybe;.I.think
ä#and
yië#year
pripekt#prefect
na-#ꞮƦƦ a-#ᴄᴀᴜЅ glü#carry ==amu#=2ᴀᴜɢI
nimu#ACC.2augᵢᵢ
ma#house
kä..#ѕᴜʙʀ
tü-#Ʀʟ vë#go ==pe#=ᴄᴏЅ
lika#kite
kë#also
më#ᴘʀᴇᴘ
kâ#ᴅᴇᴍ2.ᴅɪѕᴛ
makätö#church.building
mwa#hunt ==kö#=1ᴀᴜɢI
ncyabe#wooden.stick.for.marinading.hot.pudding
kä..#ѕᴜʙʀ
në-#ɴᴍʟᴢ1 bao#cold -kö#ɴᴍʟᴢ.ᴘᴄꜰʟ ==de#=3ᴍꞮɴII
elö#there
kâ#ᴅᴇᴍ2.ᴅɪѕᴛ
nëlu#coconut
më#ᴘʀᴇᴘ
tzsiu#monk
ö#ɢᴇɴ1ᴀ ==de#=3ᴍꞮɴII
-#ᴘᴀЅ lë#carve
kä..#ѕᴜʙʀ
lâ#ᴅᴇᴍ1.ᴅɪѕᴛ
kâ#ᴅᴇᴍ2.ᴅɪѕᴛ
naonöä#doorway
tü-#Ʀʟ pi#say ==pe#=ᴄᴏЅ -bë#PᴅꞮƦ.YON
mökâ#there
dötü#body ==de#=3ᴍꞮɴII
të-#Ʀʟ.3ᴀᴜɢ wë#make -ngö#ᴀᴘᴘʟ
kä..#ѕᴜʙʀ
tü-#Ʀʟ ötöngö#do -ti#ᴛƦ -bë#PᴅꞮƦ.YON ==me#=.MQ(PDIR.HITHER)=Q(2MINI)
më#ᴘʀᴇᴘ
më#ᴘʀᴇᴘ
ö#ɢᴇɴ1ᴀ ==de#=3ᴍꞮɴII
më#ᴘʀᴇᴘ
a'#but
mama#priest
ëbü#day
dötü#name ==de#=3ᴍꞮɴII
ä#and
nümü#way
kä..#ѕᴜʙʀ
kâ#ᴅᴇᴍ2.ᴅɪѕᴛ
në-#ɴᴍʟᴢ1 lvâ#fly -kö#ɴᴍʟᴢ.ᴘᴄꜰʟ
ä#and
-#3ᴀᴜɢ1 ngölö#hurry -tö#GᴅꞮƦ.IN ==ng#=3ᴀᴜɢIS
badö#dat=3augII
nyë#ᴘᴄꜰʟ.ʙ&ɢ ==dö#=3ᴀᴜɢII
na-#ꞮƦƦ vë#go kai#first -bo#.BZ(PDIR.YON)=O(1MINI)
lâ#ᴅᴇᴍ1.ᴅɪѕᴛ
muöde#because
läe#mother.aunt ==gö#=1ᴀᴜɢII
tö-#ɴᴇɢ -#3ᴀᴜɢ1 külu#many ==ngü#=3ᴀᴜɢIS -u#ɴᴇɢ
kâ#ᴅᴇᴍ2.ᴅɪѕᴛ
vo#run
lö#ᴛᴘɴʏᴍ
kâng#those
me#place
më#ᴘʀᴇᴘ
kä..#ѕᴜʙʀ
mökâ#there
nigu#be.12ᴀᴜɢII
na-#ꞮƦƦ yölë#marry mou#again ==ä#=1ᴍꞮɴI
amölä#all
kä..#ѕᴜʙʀ
ä#and
lö#ᴛᴘɴʏᴍ
kâ#ᴅᴇᴍ2.ᴅɪѕᴛ
ö-#ᴍꞮᴅ pi#say -bë#PᴅꞮƦ.YON
më#ᴘʀᴇᴘ
ä#and
meöikol#miracle
nabäbë#fence
elö#there
opä#clear
-#3ᴀᴜɢ1 alvë#teach -tö#GᴅꞮƦ.IN ==ngü#=3ᴀᴜɢIS
më#ᴘʀᴇᴘ
natü#word ==de#=3ᴍꞮɴII
inglan#ENGLAND
mâ#see ==ä#=1ᴍꞮɴI
lâ#ᴅᴇᴍ1.ᴅɪѕᴛ
të-#Ʀʟ.3ᴀᴜɢ mwi#sleep -pä#GᴅꞮƦ.OUT -ngö#ᴀᴘᴘʟ -mü#PᴅꞮƦ.HITHER ==lö#=3ᴀᴜɢIA
ä#and
kâ#ᴅᴇᴍ2.ᴅɪѕᴛ
kä..#ѕᴜʙʀ -#3ᴀᴜɢ1 etu#big
në-#ɴᴍʟᴢ1 ö-#ᴍꞮᴅ tekütö#exchange -ngö#ɴᴍʟᴢ
kä..#ѕᴜʙʀ
tzlede#Tzlede
kämu#be.like
tü-#Ʀʟ lvâ#fly -nüblü#FOLLOW mou#again ==le#=3ᴍꞮɴIA
doa#child
na-#ꞮƦƦ yëutö#begin ==pe#=ᴄᴏЅ
doa#child
kâma#that.one
-#ᴘᴀЅ ö-#ᴍꞮᴅ pilë#curse -ngö#ɴᴍʟᴢ
dötü#name ==de#=3ᴍꞮɴII
më#ᴘʀᴇᴘ
nâblo#man
më#ᴘʀᴇᴘ
në-#ɴᴍʟᴢ1 vë#go kai#first -kö#ɴᴍʟᴢ.ᴘᴄꜰʟ ==gö#=1ᴀᴜɢII
në-#ɴᴍʟᴢ1 ö-#ᴍꞮᴅ nibü#kill -kö#ɴᴍʟᴢ.ᴘᴄꜰʟ ==dö#=3ᴀᴜɢII
nidö#be.3ᴀᴜɢII.
mnâ#be ==kö#=1ᴀᴜɢI
kâ#ᴅᴇᴍ2.ᴅɪѕᴛ
nâblo#man
lö#ᴘᴄꜰʟ.inherent
sâ-#ᴘꜰᴠ
më#ᴘʀᴇᴘ
tü-#Ʀʟ yöni#cry -mü#PᴅꞮƦ.HITHER
tü-#Ʀʟ abë#try ==le#=3ᴍꞮɴIA
kä..#ѕᴜʙʀ
tü-#Ʀʟ pi#say ==pe#=ᴄᴏЅ -mü#PᴅꞮƦ.HITHER ==le#=3ᴍꞮɴIA
kölë#know
sosaeti#SOCIETY
ä#and
yagoä#sick
vë#go -tö#GᴅꞮƦ.IN mou#again ==kö#=1ᴀᴜɢI
kä..#ѕᴜʙʀ na-#ꞮƦƦ mu#be.like
kä..#ѕᴜʙʀ
mâ#see -pä#GᴅꞮƦ.OUT -mü#PᴅꞮƦ.HITHER
yölü#put -bë#PᴅꞮƦ.YON ==le#=3ᴍꞮɴIA
më#ᴘʀᴇᴘ
kâ#ᴅᴇᴍ2.ᴅɪѕᴛ
në-#ɴᴍʟᴢ1 wë#make -kö#ɴᴍʟᴢ.ᴘᴄꜰʟ ==mü#=2ᴍꞮɴII
tutö#be.struck
profesz#professor
öpwa'#forbid -ngö#ᴀᴘᴘʟ -bo#.BZ(PDIR.YON)=O(1MINI)
tü-#Ʀʟ mnâ#be
tömâtu#island
kâ#ᴅᴇᴍ2.ᴅɪѕᴛ
kä..#ѕᴜʙʀ
kä..#ѕᴜʙʀ
tü-#Ʀʟ mnâ#live,.stay läblö#together ==pe#=ᴄᴏЅ ==kö#=1ᴀᴜɢI
këdü#a
të-#Ʀʟ.3ᴀᴜɢ ya#paddle -pä#GᴅꞮƦ.OUT ==pe#=ᴄᴏЅ ==ngü#=3ᴀᴜɢIS
në-#ɴᴍʟᴢ1 wë#make -kö#ɴᴍʟᴢ.ᴘᴄꜰʟ
ä#and
kä..#ѕᴜʙʀ
mapz.nyz.dalvzo#Dalvzo.Reef
temë#moon.
nëwö#time ==de#=3ᴍꞮɴII
këdü#a
tü-#Ʀʟ amölë#heal
badö#ᴄᴏᴍ.
kâ#ᴅᴇᴍ2.ᴅɪѕᴛ
bcloa#what.is.inserted.in.pierced.septum.hole
na-#ꞮƦƦ vë#go -bë#PᴅꞮƦ.YON ==ng#=3ᴀᴜɢIS
badö#ᴄᴏᴍ.
sâ-#ᴘꜰᴠ
dölë#design
ka#give -mü#PᴅꞮƦ.HITHER ==le#=3ᴍꞮɴIA
nâdö#ᴄᴏᴍ.
nölâ#place
lö#ᴛᴘɴʏᴍ
në-#ɴᴍʟᴢ1 siklu#be.schooled -kö#ɴᴍʟᴢ.ᴘᴄꜰʟ ==gö#=1ᴀᴜɢII
mzdxmingr#Mzdxmingr.village
nyë#ᴘᴄꜰʟ.ʙ&ɢ ==gö#=1ᴀᴜɢII
natqgu#Natqgu
kä..#ѕᴜʙʀ etu#big
këdung#ᴀᴛ.фɴᴛ.ᴘʟ.ᴘʟ
kölë#know -bë#PᴅꞮƦ.YON ==le#=3ᴍꞮɴIA
nölâkäbü#night
sâ#ᴘᴄꜰʟ.hand ==gö#=1ᴀᴜɢII
nâblo#man
seleng#they.here
täpwë#only
tü-#Ʀʟ ängi#feel ate#afterward -bë#PᴅꞮƦ.YON ==kö#=1ᴀᴜɢI
nâbö#cross
të-#Ʀʟ.3ᴀᴜɢ vë#go -o#GᴅꞮƦ.DOWN ==pe#=ᴄᴏЅ ==ng#=3ᴀᴜɢIS
në-#ɴᴍʟᴢ1 wë#make -ngö#ᴠƦ
na-#ꞮƦƦ köka'#pray -bo#.BZ(PDIR.YON)=O(1MINI)
ä#and
aijz#Aijz
në-#ɴᴍʟᴢ1 akxlr#roasted.greens.on.stone
nzrtangrtingr#search
doa#child
nim#be.2ᴍɪɴII
nigö#be.1ᴀᴜɢII
kâ#ᴅᴇᴍ2.ᴅɪѕᴛ
ngö#ɢᴇɴ1ᴀ
më#ᴘʀᴇᴘ
lâsu#ship
nâblo#man
alfabet#alphabet
möka#here
kâng#those
bagö#dat=1augII
kâ#ᴅᴇᴍ2.ᴅɪѕᴛ
të-#Ʀʟ.3ᴀᴜɢ pi#say ==pe#=ᴄᴏЅ -bë#PᴅꞮƦ.YON ==lö#=3ᴀᴜɢIA
ycpe.pipz#ALMOST
aglikan#Anglican
ö-#ᴍꞮᴅ pi#say -mü#PᴅꞮƦ.HITHER ==le#=3ᴍꞮɴIA
dril#DRILL
më#ᴘʀᴇᴘ
-#3ᴀᴜɢ1 mnâ#be ==pe#=ᴄᴏЅ ==ng#=3ᴀᴜɢIS
kâmiti#committee
të-#Ʀʟ.3ᴀᴜɢ äpe#pay -tö#GᴅꞮƦ.IN -mü#PᴅꞮƦ.HITHER
tü-#Ʀʟ matü#powerful
sâ-#ᴘꜰᴠ
ëbë#so.then
badö#ᴄᴏᴍ.
sâ-#ᴘꜰᴠ
tü-#Ʀʟ mâ#see ==amu#=2ᴀᴜɢI
lue#water
më#eye ==tö#=3ᴀᴜɢII
tü-#Ʀʟ mnâ#live,.stay kapü#hidden -ngö#ᴀᴘᴘʟ
mü#ᴘᴄꜰʟ.drink ==gö#=1ᴀᴜɢII