commmissurate AOC
him.to
yes
is PST
turn.back AOC
being.AOC
time IN ESS
voice
how
say AOR
that
that
then
if
2sg.abs
it
friend DIR
1sg.ERG
on
disaster
that
1pl.erg
say AOR
if
way
that
say ENT
heart
in.no.way
fear
or
sea OBL GEN
he isn't
1sg.ERG DAT
throw ENT
from.there AND;FOCUS
appear AOC
Sabrillah
as.if
a.while.after
one
sea OBL GEN
himself
on.the.contrary
climb(up),mount AOC
however.COND.FOC
1pl.gen
that
export
say.a.word
my
cop
1sg.ERG
make IMPF
heart OBL SP ESS
refusal.(rus)
say AOR
chapter OBL SP ESS
man ERG
1pl.gen
1pl.abs
maybe
come AOC
village OBL GEN
1pl.abs
1sg.ERG DAT
throne OBL SP ESS
himself ERG GEN
will.not.be
very
one
eye PL OBL SP ESS
go.again,return FUT
1sg.ERG DAT
show PROH
BROUGHT.UP
1pl.gen
ditch OBL DAT
1sg.ERG
girl OBL SB EL
say AOR
one
where PST
right
phone
himself ERG GEN
spring OBL SP ESS AND;FOCUS
that
he.also GEN
is PST
picture
all
them ERG
call ENT
in.no.way
my
station OBL SP ESS
her
head
1sg.ERG
go MSD
person
steed
catch PERF
mother OBL GEN
coming PST SBST
one
say IMC
these OBL DAT
1pl.gen
one
like.that
being
leg
what
dear
then
you
make.ache ENT
1pl DAT
father
good
dear
she DAT
2sg DAT
that,.the.same
owner
come AOC
1sg.ERG DAT AND;FOCUS
border. DIR DAT
you
Idris
well
you.know
sea OBL GEN
father OBL DAT AND;FOCUS
accidentally
one
here
baby
year
look PERF
come.out AOR
say AOR
today
go AOR
man PL
but
with
stay,remain AOR
thousand
country OBL DAT
1sg.ERG DAT
these
with
cop
1sg.ERG DAT AND;FOCUS
"Samur" OBL GEN
more
unclean
what
public OBL DAT
more
neck IN SP ESS
dastan
Ma'am ERG
our
present
go AOC
here.to
go.again,return AOR
say ENT
horse ERG AND;FOCUS
but
be.in.CONT NEG
was
2sg.abs
can.be.NEG
balcony IN ESS
come AOC
what
1sg.ERG DAT
cloth PL
over
found AOR
these
that
one
there
cuting.PTP.MAN
1sg.gen
what
escape IMPF
man
look AOP COND
place
old
one
sea OBL GEN
today
cop
ashuq OBL DAT
1pl.abs
shoulder IN SP ESS
good
other
picture
pearls OBL GEN
was
be.in.CONT NEG
dear
day
simple
side OBL SP ESS
go AOC
but
enter FUT
want IMPF PTCP SBST
make,do AOC
war
cop COND
among
moaning;.ahh
neighbor
province IN ESS
you
him.to DAT
then
end
two
give
himself this DAT
boy
very
keep,defend AOR
take AOR
come AOC
go AOR
black
but
enter OBL GEN
how
appear AOC
then
story
like.this
1pl.erg
brother ERG
1sg.gen
say.IMPV
chapter ERG GEN
come AOC
water
say AOR
that
but
leg
fortress PL OBL GEN
house OBL DAT
happened PERF COND
come
lawyer PL
child PL
remove AOC
father OBL DAT AND;FOCUS
stay,remain AOR
2sg.gen
deceive AOC
dear
sea OBL GEN
say AOR
dog
fifteen
2sg.gen
say AOR
dear
bug
talk AOR
house
father
look AOC
beautiful
it
himself this DAT
say ENT
1pl.abs
(historical).story OBL GEN
down
say ENT
say AOR
baby PL
what
say ENT
I.wonder
here
house PL
go AOR
young
1pl.erg
himself ERG GEN
he
one
this ABS
principle OBL DAT
window IN EL
this
say AOR
himself ERG GEN
it
that,.the.same
1pl.abs
appear AOC
agreement PL
here.from
give PERF
bush PL IN EL
say ENT
handful
one
knowledge
1sg.ERG
keep,defend FUT
great
child PL OBL SP ESS
bathhouse OBL DAT
knowledge
front
good
where.to
one
IT.WILL.BE.DONE
say AOR
nail OBL SB EL
balcony IN EL
eeh
1sg.gen
go ENT
say AOR
chance
sea OBL GEN
like.that
this.one
today PURP
say ENT
him.to AND;FOCUS
brother OBL SP ESS
and
place
1sg.ERG
him.to AND;FOCUS
say AOR
Lithuania OBL GEN
put HORT
wing
himself OBL GEN
robber
love OBL SB EL
sugarcube PL
you
1sg.ERG
open AOR
write
whirlpool
1sg.ERG
with DAT
draw OPT
one
was
now
one
1sg.ERG
say ENT
be.AOP.COND
one
castle PL
up
give IMPF
dog
one
say ENT
go ENT
fortress PL
there
boy OBL PT ESS
start AOR
THIRTY
country OBL DAT
and
walk AOR
now
give IMC
go AOC
give AOP
good
like
boy ERG AND;FOCUS
good
merry
1pl.abs
But
look AOP COND
one
vacation
go ENT
look IMPF
beautiful
Bilesuvar.to OBL DAT
1sg.ERG
TWENTY.FIVE
like.that
say AOR
put.under PERF
buy AOC
before
often
cop.PST.NEG
every
say ENT
she
say AOR
face ERG
thing AND;FOCUS
but
one AND;FOCUS
betrothed
hay PL
1sg.ERG DAT
coincidence
you.know
look ENT
our
want ENT PTCP
two
grandfather OBL GEN
say AOR
german.person PL OBL GEN
man OBL DAT
knowledge AOC
but
go.down AOC
hand
look AOC
son
eeh
bread
so.much
horse OBL SP ESS
wife
himself ERG DAT
say ENT
say ENT
be.born INF
stay,remain AOR
say AOR
talis
picture
actually
ashamed
start AOR
sea OBL GEN
what
sea OBL GEN
every
then
say AOR
come ENT
2sg.abs ERG AND;FOCUS
forma
one
red
Chukotka
sea OBL GEN
behind
say AOR
or
dear
one
come PERF PST
1sg.ERG
that
country OBL DAT
him.to GEN
open AOR
word
1sg.ERG
1sg.ERG DAT
2sg.abs
REACHED
himself ERG
2sg.gen
that
what
look IMPF NEG Q
after
soil
night OBL GEN
2pl.abs
great
jump IMPF
what
beautiful
after
go ENT
go AOR
yes
dog AND;FOCUS
say ENT
after.all
A.LITTLE
that
sweetheart
say ENT
say AOC
you.know
say AOR
from.far
animal
bring HORT
where
steed
Tagiyev ERG
give IMC
say ENT
now
punishment
one
very
way
2sg.abs ERG
After
what HORT
horse ERG AND;FOCUS
also
himself
father
degree OBL DAT
one
say ENT
take.off AOC
one
boy
give PERF
wood
then
that
six
this
girl AND;FOCUS
pearls PL
hand IN EL
1sg.ERG DAT
water
2sg DAT
dear
1pl.abs
that
one
2sg DAT
talis OBL GEN
four
wood PL AND;FOCUS
1sg.ERG DAT
hay OBL GEN
THERFORE
today
boatman AND;FOCUS
is NEG INF
1pl.abs
just
that
was
say AOC
himself OBL GEN
1sg.gen
like.that
was
maybe
1sg.ERG DAT
that,.the.same
that,.the.same
look AOC
happen PERF NEG
newspaper OBL GEN
NEG be.will EL
village OBL DAT
what
one
moaning;.ahh
after.all
say ENT
must
you ERG
say ENT
that
even
boatman OBL AND;FOCUS
door
horse OBL SP ESS
heart OBL SP EL
dastan
1sg.gen
say AOR
but
one
say AOR
there PST
REACHED.ENT
1pl.abs
one
one
well
fall AOR
look AOC
fall FUT
artist OBL DAT
girl AND;FOCUS
raw
news PL
say AOR
say ENT
1sg.ERG
fear
sleep AOC
1sg.ERG
say ENT
so.much
you
one
but
hit
girl AND;FOCUS
other
give PERF PST
great
go.again,return AOR
say AOP TEMP
appear AOC
kill FUT
return AOR
how
still.be,.remain
1sg.gen
horse ERG
one
so.much
so.much
Velibeg GEN
eye PL
military.service OBL DAT
what
2pl.abs
was
say ENT
that.
dear
1pl.abs
1sg.ERG
price
event OBL SP EL
say AOP PL AND;FOCUS
was
but
one
FRAUD DAT
country OBL GEN
return IMPF PTCP
appear AOC
weakness NESS
here AND;FOCUS
dream IMC
owner
that.aforementioned
window
grandfather OBL DAT
lie.down PERF
thirty.forty
1sg.ERG
that PL
2sg DAT
there
after
aproximatly
german.person PL ERG
look PST COND
girl ERG
wood PL
say ENT
here
tea PL
one
one
worthy
then
what
twelve OBL DAT
him.to DAT
1pl.gen
more AND;FOCUS
fourty
tree IN ESS
after
he.also GEN
before
turn.back IMPF
that
want IMPF
ladle
first
man
boy
hand IN ESS
return AOC
ashuq ERG
1sg.ERG DAT
1sg.ERG
1sg.ERG
2sg.abs
custom.office
there
1pl.abs
climb(up),mount AOC
thought
her
cop COND
1pl.erg
leave AOC
war
walk IMPF
ring.button,doorbell OBL SP ESS
"Samur"
your
know IMPF
material
give IMC
king OBL GEN
say AOR
bring.again AOR
basin
return ENT
1pl.erg
time IN ESS
let.it.be
one
say PERF
just
one
1pl.abs
it.seems
time IN ESS
him.to DAT
near
where.being.PTP.SBST
time
appear PERF
1sg.ERG
say AOR
one
know FUT PTCP
her GEN
say AOR
move hut AND;FOCUS
bread
count IMPF
sea OBL GEN
village OBL GEN
cop
himself this DAT
that
that
1sg.ERG
my
on
sit AOC
say ENT
NEG make,do PERF PTCP
questioning
chapter OBL SP ESS
like.that
fall.on AOR
Soviet ERG GEN
1pl.abs
water PL
do
punishment
open PST IMMANT
one
these ERG AND;FOCUS
say ENT
check,verification
on.itself
bring AOR
she
front.line OBL DAT
come AOC
1sg.gen
go AOC
Khudat
then
make FUT NEG
that,.the.same
escape AOR
is PST
and
that
put.under AOC
call ENT
1sg.ERG
then
up
there
give MSD
And.but
twenty
you.know
word
NEG do IMC
house PL OBL ESS
not
bring AOC
himself ERG
be
THIS.NIGHT DAT
put.under AOC
go IMPF
mother
boy
plough
friend PL ERG
thorn PL IN EL
this
station OBL SP ESS
or
he
say AOR
say ENT
1sg.ERG GEN AND;FOCUS
what
then
open
he
say AOR
say IMPF
five
here
1pl.abs
bathhouse IN ESS
great
one
one
1sg.ERG
old
boy OBL GEN
1sg.ERG DAT
hide PERF
after
catch AOC
sea OBL GEN
hand IN EL
that
mother OBL DAT AND;FOCUS
one
so.much
fire
boy GEN
2sg DAT
bread
return ENT
was
clever NESS
young
1pl.abs
was
say AOR
ten
come AOC
puppy PL
taxi OBL DAT
himself ergative DAT
make PROH
month PL SP EL
paper PL
look AOP COND
one
that DAT
kind
well
1pl.abs
1sg.ERG
russian PL
our
ha
one
there.from
no
want FUT
say AOR
new
go ENT
grandfather OBL DAT
say ENT
ashuq happened PERF
pig
one
king OBL GEN
month OBL ESS
one
you.know
matchmaker PL AND;FOCUS
say AOP TEMP
hill OBL SP ESS
say ENT
say AOR
still.be,.remain NEG
fireplace IN ESS
American PL ergative
come AOC
one
it.also AND;FOCUS
Anadyr.from ERG DAT
say ENT
chapter IN EL
say IMC
say ENT
2sg.abs
then
day
you
brother OBL AD EL
2sg.abs ERG
german.person PL OBL DAT
go IMPF PTCP
1sg.ERG
wave PL
battalion DIR GEN
be.FUT.Q
soil
send.away.IMPV
put! ENT
time
take AOR
dishes PL
catch ENT
new
then
jump AOC
bring AOC
COME.TILL
sea OBL GEN
appear
it
provide AOR
good
day.and.night
1sg.ERG DAT
here DAT
brother AND;FOCUS
water PL
how
remake,redo FUT
girl ERG AND;FOCUS
what
look AOC
today GEN ERG GEN
1sg.ERG
happy
want IMPF PTCP
And.but
wedding PL
give AOR
bag PL
he GEN
front.line
ring PL AND;FOCUS
way
1pl.abs
six
nineteen
great
face ERG
wife
more
meet ENT
1sg.gen
say AOR
or
fire
2sg.erg
very
will.be
soil
say AOR
say AOR
appear
going.PTP.COND
he DAT
cab IN ESS
secretly
good
snow
say AOR
say AOR
field OBL DAT
uh
house OBL DAT
armenian
sea OBL SP EL
ashuq ERG
today
then
pearls PL
all
say ENT
there AND;FOCUS
say ENT
more AND;FOCUS
1sg.ERG
lip PL
take AOC
brother AND;FOCUS
lie.down PERF
us ERG
yourself DAT
he.and
say AOR
then
grandfather OBL GEN
cloth PL
group
"Samur"
say AOR
happy
other
after.all
say AOR
ashuq happened
fear
redo AOR
thousand
word PL
side OBL DAT
thing AND;FOCUS
is DAT
himself
storm
say IMC
sea OBL GEN
make IMPF NEG
1pl.erg
say ENT
punishment
create AOR
which
go ENT
open ENT
you.know
day
happy
tongue
glass
A.LITTLE
boy
want IMPF
that
happened PERF
Nusret
medicine AND;FOCUS
2sg.abs ERG
two
say ENT
fourty
near
accountant
say ENT
go.again,return AOR
like.that
fourty
sister ERG
news
was.ENT
say AOR
say ENT
two
there
you
say AOR
still.be,.remain AND;FOCUS
say ENT
fear
say ENT
of.course
so.much
sister
boy
group IMC
make IMPF
come ENT
say ENT
marrie
walk AOR
leave AOC
hide ENT
where
sea OBL SP EL
was
recording
such
that
week IN SP EL
Imran ERG
give AOR
there
soil OBL SB EL
amazement
that
in.the.arms
know IMPF NEG
there EL
this
talis ERG
exist.doesn't
hand IN EL
look IMPF
you.know
open IMPF
alone
direct
event IN ESS
son
say AOR
Shahdag OBL GEN
1sg.gen
maybe
place IN EL
say ENT
punishment
year OBL DAT
1sg.gen
that
him.to AND;FOCUS
one
bring FUT
2sg.gen
old.woman
king OBL DAT
beautiful
ashuq
About
1pl.abs
kind
boy
is DAT
1sg.ERG
girl OBL DAT
actually
that,.the.same
catch AOC
fireplace IN ESS
my
heart OBL SP ESS
after.all
one
2sg.abs
one
high
with DAT
you DAT
2sg.abs ERG
buy AOC
like.that
go PERF
city
still.be,.remain
king OBL DAT
after AND;FOCUS
mount ENT
if.do OPT
happy
us ERG
come AOC
land
go IMPF
come AOC
that,.the.same
come ENT
where
say ENT
son PL
himself ERG DAT
himself ERG DAT
boy ERG
one
dagistanish OBL GEN
say AOR
go FUT
is PST
go INF
1sg.ERG
quickly
bird
Lithuania IN ESS
give
say ENT
other
boy PL ERG
military.service OBL DAT
Holland ERG DAT
catch PERF
read SBST HORT
good
kill FUT
1pl.erg
my
one
horse
put.in PERF PST
but
medicine
after
new
1sg.ERG
night OBL DAT
say ENT
word
put ENT
he GEN
1sg.ERG
here
old.woman
come.on
water
horse OBL GEN
these ERG
one
catch FUT COND
want IMPF PTCP
tradition PL
look.IMPV
appear AOC
say AOR
night OBL DAT
these ERG AND;FOCUS
he
her
today there ERG
say ENT
more
language
1pl.erg
one
1sg.ERG
appear ENT
father
medicine
other
great
high.to DIR DAT
talk
so.much
him.to GEN
one
but
yourself DAT
child
1pl.gen
make IMPF
father
bug
cop AND;FOCUS
well
know FUT PTCP
countryside OBL DAT
seen SBST
what
one
one
was DAT
say IMPF
one
be.AOP.COND
reach AOR
became.ENT
say ENT
move
say ENT
say AOR
want ERG DAT
or
sweet
go.again,return ENT
all
catch AOC
gym PL
bear
sea OBL GEN
dam IN SP ESS
grandfather OBL DAT
great
one
cop
today
year ERG
1pl.gen
himself this
if.do
horse OBL SP ESS
word
say IMPF
1sg.ERG DAT
1sg.ERG
make INF
say IMPF
1pl.abs
house
chapter IN EL
forest OBL DAT
where
remove AOR
AT.THIS.MOMENT
these
finish
1sg.ERG
1sg.gen
Yes
say ENT
one
son
stand.up,rise AOR
say.IMPV
boy
grandmother OBL DAT AND;FOCUS
day
pig
day
1sg.ERG
girl OBL DAT
news
well
house IN ESS
hand IN ESS
1sg.ERG
beautiful DIR
himself ergative DAT
take AOC
were.speaking
let.it.be
praise
he
1sg.ERG
hit AOC
girl OBL GEN
draw,pull INF
ashuq
old.woman
then
that OBL DAT
dear
fall AOR
after
make,do PERF
cop AND;FOCUS
five.six
cop
house IN ESS
brother
do
he.again
go ENT
four
beautiful
2sg DAT
dog PL
go MSD
that
this.one
bring AOR
return AOR
stuff
stay AOR
table OBL SP ESS
2sg.abs
here
one
vizier PL
come AOC
choose FUT
say ENT
say AOR
but
AT.THIS.MOMENT
return ENT
my
this ABS
it
way PL
2sg.abs ERG
1sg.ERG DAT
fire
that DAT
say AOR
stone
be PST TEMP
girl AND;FOCUS
that
that
say AOR
after
great
cool PURP
one
girl AND;FOCUS
man OBL DAT
sugarcube PL
enter AOR
one
say ENT
use
that
one
say ENT
new
sea OBL GEN
minor
then
wood OBL SP EL
1sg.ERG
Ma'am ERG
that
more AND;FOCUS
every
comfort
this.one
that
here
carry IMC
1pl.erg
say ENT
1pl.abs AND;FOCUS
sit PERF
now
say ENT
buy INF
dog ERG
go INF
wedding OBL PT ESS
say AOR
anywhere AND;FOCUS
two
in.vain
1sg.gen
extinguish INF
throw AOC
great DAT
2sg.abs ERG
still.be,.remain NEG
himself ERG
two
ashuq ERG
one
come AOC
married
2sg.erg
2sg.abs
blood
approach AOR
seventy
LIKE.WOULD.BE
make,do AOC
GO.DOWN AOR
Holiday PL
say AOR
THIS.NIGHT DAT
go MSD
say AOR
cop COND
with
him.to AND;FOCUS
horse OBL GEN
is.there
where
2sg DAT
two
outpost
open AOC
himself ERG GEN
you.know
hardly
look IMPF NEG Q
1pl.gen
say AOR
was
give FUT
war PL IN ESS
in.Russian
no
you ERG
all
he
that
1sg/2g.rflx ERG
keep,defend AOR