n OBL DAT
n DAT
adv
cop
v HORT
v IMPF PTCP
pers
v AOR
v INF
n
v ENT
adj
n
cardnum
adv AND;FOCUS
n
pro
pro
pro
n
v ENT
n PL
coordconn
adv
adv
dem
pro ERG DAT AND;FOCUS
dem
n IN EL
n
n
n OBL DAT
adv
n
adv AND;FOCUS
cardnum
n OBL DAT AND;FOCUS
cardnum
pro DAT
adj
adv
n
n IN EL
n
post
dem
interrog
recp AND;FOCUS
n GEN
n SB EL
dem
n PL ERG SB EL
pro
pro
v PERF
v AOR
adv
v IMC
pers
v IMPF
adv
dem
n
adj
n
v FUT
@@@
cop PERF
n OBL GEN
adj
n ERG
n
prt
v AOC
pers
v ENT PST
@@@ REACHED.ENT
v FUT COND
pers AND;FOCUS
v ENT
prt
n OBL GEN
@@@ PST DIR
n ERG AND;FOCUS
pro
n PL
n
n
prt
n PL
pro
adv TODAY.TILL
cardnum
n
pers
n
interrog
n
v ENT
n
adv
num
pro
nprop
pro
v ENT
n
@@@ AOP PL AND;FOCUS
n DAT
n IN ESS
interrog
cop
post
adj
adv
v AOC
dem
n
pro DAT AND;FOCUS
v HORT
adj
interrog
cardnum
n
n
@@@
n OBL SP EL
pro DAT
proform
n
pers AND;FOCUS
n PL
pro
v ENT
cardnum
v AOR
num
n
adj
adv
n
num
adv AND;FOCUS
adv
pro AND;FOCUS
pro
adj
n ERG GEN
pers
dem
v IMPF
prt
n
n OBL GEN
n OBL DAT
adj
n PL
cardnum
n
v ENT
n OBL DAT
coordconn
nprop DIR AND;FOCUS
v AOC
adv
n
pers
n
v ENT
n PL
v PERF
n
cop
pers
@@@
n
interrog
prt
nprop
v PERF
pers
cop
dem
n
n
nprop
n
n OBL SP ESS
@@@ COND
n PL
adv
Vocpart
n OBL SP ESS
coordconn
n OBL GEN
num
adv
pers
pro
adj
pro
n
n OBL SP EL
pro
pro
v IMPF
n
n OBL DAT
n OBL DAT
n ERG
v IMPF PST SBST
dem
pro
adj
n
n IN EL
n
v AOC
pro
v IMPF
adv
n
pro
pro ERG
adv
pro
pers ERG AND;FOCUS
v HORT
dem
v IMPF
n PL
n OBL DAT
n OBL GEN
dem
@@@
v AOP COND
n OBL PT ESS
v AOC
adv
n
n OBL SP ESS
n OBL DAT
interrog
adv
cop
pro
n OBL GEN
dem
adv
@@@
pro
n AND;FOCUS
adj
n DIR
n OBL DAT
adv
n
v ENT
adj
v FUT
v PROH
@@@ IN ESS
n
coordconn
interrog
adv
v ENT
n
v ENT
pro
v ENT
n ERG
adv
@@@
@@@
nprop ERG
nprop
interj
n
n DAT
n DIR DAT
pro
v AOR
prt
n PL OBL PT ESS
v IMC
pers
pro
n PL
v AOR
pro
v ENT
poss
dem
n OBL GEN
v FUT
n OBL GEN
v AOR
pers
post
v ENT
n
n
n
adv
conn
n
nprop
adv
prt
pro DAT
pro
pro PL
pro
n
cardnum
adv
n IN EL
n OBL SP ESS
nprop
v AOC
n
pro
n OBL DAT
n
v FUT COND
n
n ERG
n PL
n
v AOC
n
pers
n
v AOC
interrog
n
dem
pro
n
cardnum
n OBL DAT
n
n
n OBL DAT AND;FOCUS
v ENT
adj
adj
@@@ MSD
v INF
v IMC
n IN ESS
n IN ESS
subordconn
@@@ PST DIR
dem
n
n
v ENT
cardnum
pro
adv
v ENT NEG
n
dem
cop
n
v AOC
pro
pro PL
cardnum
v INF
v AOR
n
n PL AND;FOCUS
n IN ESS
v IMPF NEG
adv
adv
v AOC
n AND;FOCUS
pers
num
adv
@@@
dem PL TEMP PST
cop AND;FOCUS
dem
adj
v AOP COND
v ENT
cardnum
pro
pro
v AOR
v FUT
cop
interrog
adv TOTALY
n
cop
adj
adj
n OBL SP ESS
n
v AOR
v IMPF
cop
verbprt DAT
dem
v AOC
@@@ DAT
n
pro
n
v ENT
v AOR
v AOC
v AOC
subordconn
v PERF
cop SBST TEMP PST
cardnum
n
dem
n OBL SP ESS
v AOC
v FUT
poss
adv
adv
cop
v AOR
n IN EL
pro
dem
@@@ NEG
v AOC
n OBL GEN
num THIRTY
@@@ AND;FOCUS
n
v ENT
n OBL DAT
pro
prep
n IN ESS AND;FOCUS
n IN ESS
n
v AOC
dem
interrog
cardnum
cop
subordconn
n OBL SP ESS
coordconn
@@@
v AOR
v AOC
dem
n OBL DAT
n OBL SP ESS
n
adv
pro DAT
n PL
n ERG
n PL ERG
@@@ NEG
n IN ESS
adv
n OBL GEN
prep AND;FOCUS
n
pro
n
pro
n
pro
subordconn
v AOC
n OBL DAT DIR
v AOR
coordconn
adv
dem PST
dem
IMPV
adv
n
v ENT
pro
cop PERF NEG
v ENT
adv
n
n
pro
interrog
prep
v AOC
@@@ DAT
v AOC
n
prt
v ENT
post
coordconn
n PL
n
v AOR
n
@@@
v ENT
adj
pro
adj
nprop DIR DAT
n PL
cardnum
v ENT
adv
@@@
n
adj
recp ERG GEN
n
cardnum
cop
cardnum
pro
v ENT
v AOR
n IN ESS
pro ERG DAT
adv THIS.NIGHT DAT
@@@
n
v AOC
@@@ AOC
n
pro
n
prt
n PL
num
pro
cardnum
pro
v AOR
adv
n
n OBL GEN AND;FOCUS
n
n AND;FOCUS
coordconn
adv
pro
v ENT
pro
adv
v ENT
v ENT
pro
pro
n PL OBL DAT
v ENT
Vocpart
v ENT
pro DAT
v PROH
adv
cardnum
n OBL DAT
pro
pers
pro DAT
pro
nprop GEN
v IMPF PTCP
prt
n OBL DAT
n
n AND;FOCUS
n PL
n OBL DAT
dem
adv
n OBL SP EL
pro
pers
dem
@@@
coordconn
pers
pro
n OBL SP EL
n OBL SB EL
n
n
v ENT
adj
n OBL AD EL AND;FOCUS
pro GEN
pro DAT
@@@
adv
n
n OBL DAT
n
n
v AOP COND
n
cardnum
dem PST
v AOC
n IN ESS
dem
@@@
adv
pro
cardnum
n
n
pro
v AOC
num
n PL
interrog
@@@
subordconn
n OBL GEN
n OBL GEN
v AOC
cop
pro
n AND;FOCUS
n PL IN EL
n PL
n OBL DAT
v GEN
coordconn
adv
n OBL GEN
adv
pro
v IMPF PTCP
v AOC
adj
v AOC
n
adv
v AOC
v AOR
@@@
n
pro DAT
prt
n
n ERG
v ENT
pro
pers
v AOC
n PL OBL SP ESS
v AOC
v IMPF.CONT NEG
n
dem
n
nprop
@@@
pro
pro
n
pers
n
dem
v PERF
pro DAT
v HORT
n AND;FOCUS
n
n ERG
dem
v ENT
pro
v MSD
adj
n ERG
adj
v AOR
v ENT
v PST
adj
cardnum
pro DAT
v ENT
n GEN ERG GEN
adv PST
dem
n IN ESS
v AOR
n OBL SP ESS
v ENT
@@@ PERF SBST
cardnum
v AOC
prt
subordconn
n
adv
dem
cardnum
adv
dem
pro DAT AND;FOCUS
post
cardnum
v IMPF
cop
n PT ESS
n IN ESS
v IMPF NEG
v AOC
v AOC
v AOC
v AOR
cardnum
adj
n OBL DAT
dem
cop PERF
pro
v AOR
interrog
coordconn
v
cardnum
n
v AOC
pers
n OBL GEN
n
n
n OBL GEN
@@@
pers
@@@ AT.THIS.MOMENT
cardnum
n
adv
prt
prt
v FUT
n SP ESS
n
n
nprop
n
n IN ESS
recp
v ENT
n PL
pro PL
pro
n
adv
v
v AOR
prt
interj
v AOR
adj
n
dem
coordconn
cardnum
@@@ AOR COND
poss GEN
n
cardnum
n
prep
v AOC
prep
n
cardnum
subordconn
adj
coordconn
nprop
n
prt
proform AND;FOCUS
cop PERF
n PL
prt
n PL
n
nprop
prt
v ENT
n
v PERF PST
n OBL GEN
v AOC
v FUT
n AND;FOCUS
dem
cop
adj
v ENT
pro DAT
n
v IMPF PTCP SBST
v INF
cardnum
n IN ESS
interrog
n OBL SP EL
v ENT
v AOC
n PL
adv
n IN ESS
@@@
cop
v AOC
n PL AND;FOCUS
dem
coordconn
dem
n
n
n
cardnum
pro
n GEN ERG GEN
n
pro
adj
v
n PL
adv A.LITTLE
dem
cardnum
pro
v ENT
interrog
v ENT
dem
n
adv DAT
cardnum
v AOR
cop
adj ERG
pers
pro
n
num
n PL OBL GEN AND;FOCUS
n DAT
@@@ PST
num DIR DAT
v FUT NEG
n PL AND;FOCUS
v HORT
pro
v ENT
n OBL SP ESS OBL
v AOC
adv
n AND;FOCUS
v
adv
v AOR
adv
n ERG
@@@ PERF
dem
adv
n
interrog
dem
cop
n OBL GEN
n
@@@ ERG GEN
poss
n OBL AD ESS
dem
adj
n
n
n
v ENT
v ENT
v ENT
pro
v IMPF
n
adj
dem PST
num
v ENT
n
v IMPF
pro
pers
n
v IMC
adj
n
cardnum
dem
v ENT
n PL
@@@
n AND;FOCUS
cop
cop
cardnum
n OBL SP EL
dem
cop
n OBL ESS
cardnum
pro
pro
v FUT
n
dem PST
cardnum
n
pro
n ERG
v ENT
conn
n
pro
n
n
post
n PL
prt
adv
pro
cop
cop
v AOP TEMP
v PERF PTCP SBST
pro
v IMPF NEG
v AOR
n
cop
proform
adv PL DAT
n
prt
v ENT
v IMC
n OBL GEN
adj ERG
v AOC
n
v ENT
subordconn
pers
pro ERG
n
n OBL DAT
v AOR
v AOC
adv DAT
n
v AOC
n DAT
n
n
pro
prt
n
n
v ENT
subordconn
post DAT
n
proform
n
adj
post
pro AND;FOCUS
v
v FUT
adj
pers AND;FOCUS
prt
@@@ REACHED
nprop
cardnum
interj
n PL
v
@@@ AOR
v PERF
dem
pers
v AOC
v COND AND;FOCUS
cardnum
post
dem
adj
conn
n OBL DAT
v AOC
dem
pro
adj
adj
n OBL GEN
n PL
v PERF
post DAT
n
n OBL DAT
v IMPF
subordconn
n
cardnum
v AOR
dem DAT
adv
nprop
adv
v PROH
prt
adv
n OBL SP ESS
pro AND;FOCUS
v AOP TEMP
adv
cop COND
v PERF
n
n PL AND;FOCUS
n
n
n AND;FOCUS
n
pro AND;FOCUS
cardnum
cop
pro
cardnum
interj
n PL ERG SB EL
n OBL DAT
v IMC
v ENT
cardnum
v ENT
cop NEG EL
n
pro
adv
pro OBL GEN
n OBL DAT
n PL OBL DAT
pers
v IMPF
v AOR
pers ERG
v AOP
pro
n ERG AND;FOCUS
n ERG AND;FOCUS
v AOC
nprop
v AOR
v AOP
v AOC
n DAT
n IN ESS
v ENT
v PERF
n
prt
v ENT
n
pro
cardnum
v AOC
n
v ENT
pro
v ENT
v PERF
nprop DIR GEN
pro
cardnum
n AND;FOCUS
dem
dem
@@@ PST
pers
n PL ESS
v FUT COND
adv
adv
@@@ PST COND
@@@ IT.WILL.BE.DONE
n OBL DAT
pers
adv
dem
pro
v AOR
adj
prt
recp AND;FOCUS
pers
n OBL GEN
adv
adv AND;FOCUS
v ENT
v ERG
prt
v AOR
n
dem
cardnum
v
v AOR
dem
adv
dem
n PL
n
n
v IMPF
pers
adj
cop
cardnum
v AOC COND
v IMPF
prep
n
n OBL DAT AND;FOCUS
n
adj
v AOC
n ERG
v ENT
num
v ENT
cardnum
cardnum
v ENT
@@@ CALL.TILL
v AOC
@@@
cardnum
adj
pro
v
n
conn COND
dem
v AOR
n
cop
adj
adv
dem
adj
v AOC
v AOR
v AOR
pers
n
v AOP
n AND;FOCUS
pro
n OBL SP ESS
v
cardnum
interj
n
n
n PL
multipnum TWENTY.FIVE
pro PL
num
n
v IMPF
n OBL GEN
dem
v AOP TEMP
v AOR
n ERG AND;FOCUS
v ENT
pro DAT
n
adv
v ENT
poss
prt
cardnum
pro DAT
pro PL
n
v AOR
cardnum
adj
v AOC
dem
n
v AOR
subordconn
n IN EL
adj
cardnum
adj
pers ERG
n OBL SP EL
adv
conn
adj
cardnum
v AOR NEG
v AOR
v AOR
conn
n
@@@
adv
dem
n IN ESS
pro
cop PERF
num
adv
pro
n PL SP ESS
n OBL GEN
prt
pro PL
coordconn
n
v ENT
v AOR
n OBL AD ESS
n
interrog
dem GEN
v AOC
v AOC
adj
dem
v AOC
n ERG
dem
cop
pro AND;FOCUS
interrog
adv
v AOC
pers
cardnum
n
n PL
pro
adv
n PL OBL DAT
v INF
v ENT
nprop DIR DAT
n
pro
v IMPF
pro AND;FOCUS
n PL
adv
n AND;FOCUS
pro
cardnum
n AND;FOCUS
n
@@@
n
v AOC
v AOP COND
pro DAT
cardnum
pro
n OBL SP EL
num
pro
poss GEN
pro
v IMPF
v ENT
v ENT
poss
n
n
pro
num
n
cop PERF
n OBL GEN
v ENT
poss
v FUT
pro
pers
adj
v IN
subordconn DAT
n IN EL
pro DAT
n OBL GEN
n OBL DAT
n OBL PT ESS AND;FOCUS
pro DAT
nprop DIR DAT
v ENT
pro
n
n
pro
n
cardnum
v AOR
v IMC
v ENT
n PL AND;FOCUS
n PL
v ENT
adj
n
dem
interj
prt
v AOC
n
v AOC
dem
coordconn
v IN
n
n
n OBL DAT
@@@ NEG
num
n
dem
n OBL AD ESS
n
pro OBL GEN
n
cardnum
cardnum
n
dem
n ERG
n OBL SB EL
n
n
n PL
v AOP TEMP
pro
n
pro
n OBL AD EL
pers
coordconn
n
n OBL AD EL
v AOC
n
pro
v AOC
n AND;FOCUS
v IMPF
n
conn
n AND;FOCUS
adj
n
n OBL SP ESS
pro ABS
v AOC
@@@ AOR
n IN ESS
n GEN ERG GEN
v FUT
n
n OBL DAT
adv
n IN EL
n OBL PT ESS AND;FOCUS
v AOR
n
n OBL DAT
pro
n
pers DAT AND;FOCUS
n AND;FOCUS
v AOC
adj
v ENT
v ENT
n
@@@ IT.WILL.BE.DONE
n OBL GEN
v FUT PST
dem
n DAT
cardnum
n AND;FOCUS
pro
v HORT
n
pers AND;FOCUS
pro ERG
adj
cop
n OBL SP ESS
pers
IMPV
pers
v
n OBL GEN
coordconn
cardnum
dem
adv PST
adv
n OBL DAT
dem
n ERG
dem PST
num
n
n OBL GEN
cardnum
adv
v ENT
v AOC
n
adv
subordconn
pro
pro
n
dem
v
n PL
v ENT
pro
v ENT
n
pro DAT
v FUT
v ENT
cardnum
v AOC
adj
prep
@@@ COND
v AOR
v AOC
adv
v AOC
poss
n OBL SP ESS
adj
n
n OBL SP ESS
dem
dem
dem
pro
cardnum
dem
n
pro
n
prep AND;FOCUS
cardnum
n PL
n
n PL AND;FOCUS
v OBL DAT
@@@
n
pro
prep AND;FOCUS
adj
n OBL GEN
n OBL GEN
n ERG
v AOR
cardnum
cardnum
v ENT
v ENT
n
v
pro
v ENT
v
adv
pro
v AOC
v AOC
n
cardnum
pro
n OBL DAT
adj
n
n
adj
n
@@@
v ENT
pro
pro
v ENT
n
n
n ERG AND;FOCUS
n
n OBL SP ESS
pro
n ERG
@@@
n OBL SP EL
v ENT
prep
v ENT
adj
cardnum
v AOC
pro
n AND;FOCUS
adv AND;FOCUS
n OBL DAT AND;FOCUS
prt
@@@ NEG
n OBL GEN
dem
pro
pers
dem
n
n PL
n PL
@@@
pers
prt
adj
nprop
pers
n PURP
adv
pers
v IMPF
v IMPF
n PL IN EL
nprop
adv
dem
pro PL
v
n OBL AD ESS
v ENT
n
adj
prt
@@@ PERF PST
coordconn
pro
n
@@@ REACHED
n
n
v HORT
n IN ESS
n AND;FOCUS
n
n OBL SP ESS
interrog
adv
v AOR COND
v ENT
dem
interrog
cardnum
n OBL SP ESS
n IN ESS
pro
@@@ COND
@@@
num
pers
n OBL DAT
n OBL GEN
nprop
IMPV
pro DAT
v AOC
prt
adv
adv
@@@
n OBL SP ESS
pro
pers
@@@ PST COND
v AOC
v IMPF
interrog
v AOP COND
n ERG
prt
adv
dem
@@@
adv
subordconn
adv
n OBL GEN
prt
n
post
n OBL GEN
pers
adv
n
pro
v AOR
n IN ESS
pro DAT
n OBL DAT
prt
@@@
dem
dem
subordconn
pro DAT AND;FOCUS
pro
n
pro
n
adv
prt
dem
cop
n OBL GEN
n IN ESS
cardnum
adv
adj
adv
v ENT
v PROH
n
dem
pro
adv
v IMPF
pro DAT
n
v IMPF
n DIR DAT
pro
cardnum
n
n PL OBL PT ESS
pers
prt DIDN'T.GET.NEG.SBST SBST
n DAT
v AOP
n
pro DAT
cop
n SP EL
v AOR
pro
n
adv AND;FOCUS
v ENT
pro
v ENT
n PL OBL SB EL
v ENT
pro DAT
n DIR DAT
adv
adv
v IMPF
dem
v AOC
n IN EL
n
n
cardnum
v PERF PST
n OBL GEN
n OBL DAT AND;FOCUS
subordconn
dem
dem
prt PST
n PL
v ENT
v FUT
n
n
n OBL SP ESS
v IMPF
n OBL SP ESS
n OBL DAT
n
n PL AND;FOCUS
cop
pro
cardnum
n PL
pers
n
v IMPF
n AND;FOCUS
v IMPF
v ENT
pro GEN
n OBL SP ESS
n PL
pro
n
n SB EL
n
n OBL SP ESS
n
cardnum
pers AND;FOCUS
n OBL SP ESS
n
pro GEN
subordconn
cardnum
v AOC
@@@ PST SBST
n PL
pro
n PL OBL GEN
v AOC
subordconn
v AOC
n ERG AND;FOCUS
n OBL SB ESS
cardnum
coordconn
cop
n PL
adj
adv
n OBL GEN
prt
n
dem
coordconn
@@@ COND
n IN ESS
v PERF
v AOC
v AOC
prt
cop AND;FOCUS
n AND;FOCUS
cardnum
n
interrog
v ENT
pro
n PL
pers
n IN EL
n
cop
v ENT
@@@
n OBL GEN
n OBL SP ESS
det
poss
pro
n
adj
pro GEN AND;FOCUS
v PROH
pro
n
n IN ESS
num
v AOC
n PL
pro DAT
pers
n
cardnum
v ENT
v ENT
cardnum
coordconn
dem
post
n
n AND;FOCUS
n SP ESS
pro
n
pro DAT
pro ABS
n OBL GEN
prep AND;FOCUS
interrog ERG DAT
adj
pro DAT
n PL
pro AND;FOCUS
n OBL DAT
dem
v IMPF PTCP
n ERG
n OBL DAT
n OBL GEN
prt
n
n PL
num
prt
n IN EL
recp OBL GEN
adj
n
pro
adv
dem
v IMPF
pro GEN
n OBL DAT
n
pers
@@@ PST SBST
num
poss ERG GEN
dem
prt
dem
cardnum
n DAT
conn
adj
ordnum THIRD PST
pro
adv
@@@ PST SBST
nprop DIR DAT
cardnum
dem
v IMPF
n OBL DAT AND;FOCUS
dem DAT
pro ERG
n OBL GEN
pro
v FUT PTCP PURP
n
n
n
pro
pro ERG
n
pro
v ENT
v AOC
@@@
dem
prep
n
v ENT
nprop OBL GEN
cop
cop
v HORT
v ENT
n
pro
adj
adj
v IMPF
adj ERG
v HORT
pro
n IN EL
v ENT
pro
n
cardnum
pro DAT
n ERG
n IN EL
n SP ESS
v AOR
poss
v AOC
n
v AOC
pro
v ENT
adj
adv AND;FOCUS
v AOR
adj
n IN EL
subordconn
prt
n
dem
cardnum
pro
dem
v AOC
n
num
cardnum
v AOR
dem
prt
n
post
v AOR
adv AND;FOCUS
cardnum
@@@
adv
dem
proform
n OBL SP ESS
v AOR
n
n
subordconn
subordconn
n
adj
v ENT
cardnum
pro
v ENT
n
n
adj
v ENT
n
n
cop
adv
v PERF
cardnum
adv
pers
v ENT
pro
v FUT
n
n ERG
pers
n PL OBL SP EL
cardnum
adv
@@@ PERF
n
v AOC
dem
dem
dem
v ENT
dem
indfpro
v IMPF
v ENT
prt
dem
dem
coordconn
n OBL DAT
n OBL DAT
num
pers
prt
adv
nprop
n IN ESS
prt
v ENT
v ENT
adj DIR
dem
v AOR
n
n OBL GEN
v ERG DAT
v AOC
nprop
v INF
adv
v INF
pro
pers
adv
pro
cop PERF
@@@
n PL
num
adj
pro
pro DAT
v IMPF NEG Q
n PL
cardnum
interj
pro
n
dem
v ENT
pro ERG GEN
coordconn
n PL
n
n
v PERF
v AOR
cardnum
v AOR
prep
n
cardnum
pro
n OBL ESS
n AND;FOCUS
v ENT
pro
adj NESS
prep
cop
v ENT
dem
num
subordconn
n
@@@
n AND;FOCUS
interrog
n
n
dem
v ENT
adv
nprop OBL DAT
v AOC
v AOR
n AND;FOCUS
pro
interrog
prt
adv
n OBL AD ESS
@@@
n PL OBL SP ESS
n AND;FOCUS
subordconn
n OBL SP EL
v IMPF
dem
pro AND;FOCUS
adj
cop
conn
pro
n
prep
n
v AOR
n
nprop
adv
cardnum
n
cop
n
n OBL PT ESS
pro DAT
adj
pro
v AOR
n OBL SP ESS AND;FOCUS
dem
@@@
cop PERF
dem
v FUT NEG
dem
v INF
pro DAT
v AOR
cardnum
v AOR
adv
dem
prt
n OBL AND;FOCUS
adj
prep
n
v AOC
n
adv
n
pro
n OBL DAT
pro
n
v PERF
cardnum
v ENT
n OBL DAT
n
n
ordnum SECOND
prt
n PL OBL GEN
pro
v ENT
n OBL GEN
num
dem
pro DAT
n
n
v ENT
v ENT
n AND;FOCUS
v AOP COND
cardnum
pro
v ENT
n
cardnum
@@@
n
dem
adv
@@@
n OBL DAT AND;FOCUS
dem
n AND;FOCUS
v AOC
pers ERG DAT
dem
n
n PL
n
cardnum
n AND;FOCUS
n
dem
n
n AND;FOCUS
interj
n OBL DAT
n
dem
n OBL DAT
v AOC
v AOR
v IMPF
dem
n
adv
dem
n AND;FOCUS
n PL
coordconn
v INF
@@@ INF
v AOP TEMP
nprop GEN
dem
n
cardnum
n IN ESS
v PERF
cardnum
interj
n
n IN ESS
n AND;FOCUS
n
v AOR
dem
n
n
v IMPF
pro
v AOC
n OBL GEN
dem
dem
pro
n PL OBL GEN
n PL
@@@
num
v ENT
v ENT
adj
n
prt PST
pro PURP
interj
adj
dem
dem
poss
n AND;FOCUS
v ENT
v AOC
n
v IN
prep
n
adv
v AOC
post
v ENT
n OBL SB EL
n OBL GEN
v AOC
v AOR
v ENT
v AOC
v AOR
nprop
adv
n
v AOC
adj
pro
coordconn
pers
interrog
n
pro DAT
dem
verbprt TEMP
n
pro
n
n OBL SB EL
v ENT
adv
v FUT
adj
n PL ERG
v ENT
recp DAT
n OBL SP ESS AND;FOCUS
n IN EL
v
@@@
pers AND;FOCUS
v PERF PST
n PL
v AOC
n
n
v ENT
cardnum
cardnum
prt
pro
n
n ERG
@@@
n OBL SP EL
n
adj
cardnum
n
adj
n OBL DAT
adj
n
v ENT
n OBL GEN
n
v FUT
n
prt
pro DAT
cardnum
adv
v ENT
n
pro
v MSD
pro ERG PST TEMP
v HORT
adv
n OBL GEN
pers
IMPV
n
n
interrog
pro
IMPV
post DAT
pro
n IN EL
dem
prt
pers
v ENT
n
n OBL DAT
@@@
dem
interrog
v AOC
adj
adv
dem
adv
subordconn
pro
n ERG
prt
adj
n
pro
n PL
pers
v AOR
n SB EL
v FUT
v AOR
@@@
v ENT
v ENT
adv
n ESS
dem
n
adj
n OBL SP ESS
num
interrog
n
pro
poss
v ENT
coordconn
n
v IMPF
n OBL GEN
n OBL DAT AND;FOCUS
pro DAT
v ENT
adv
n
n OBL DAT
n OBL SP ESS
cop
v ENT
cardnum
interrog
n OBL GEN
n
pro
adj
adv
cop
adj
coordconn
nprop OBL DAT
n OBL GEN
v AOP COND
pers
pro
n
v POSTR
n
subordconn
v AOC
IMPV
n
v IMC
v AOC
v AOC
v OPT
adv
cardnum
n
pro
v AOC
subordconn
dem DAT
dem
pro GEN
v ENT
adv
v
n ERG
v IMPF
dem
n OBL SP ESS
dem
n
n OBL GEN
pro
adv AND;FOCUS
subordconn
n
dem
dem
dem
n
pro
prt
v IMPF
v ENT
v IMPF PTCP
n PL
pro GEN
pers ERG
v PERF PST
@@@ DAT
pro
n IN ESS
n PL
v AOC
n OBL AD ESS
pers
n
nprop
num
n
n ERG
dem
v FUT
pro
n
cardnum
n GEN
v AOR
cardnum
coordconn
n
coordconn
@@@ GOING.TO.SLEEP.TEMP TEMP
v IMC
pro GEN
n AND;FOCUS
n OBL SB EL
n
n
pro DAT
pro
@@@
dem
n OBL GEN
cardnum
n
pro DAT
v ENT
pro DAT
pers