diti
saa
simidu
na
buat
ou
leidn
kerebi
keng- di
-i- bori
siadn
kina
nu
kiou
tina
lama
-in- biri -adn
ou
ina
-i- mati
na
turuh
aa
mbat
di
ndah
suad
ina
nya
saa
kerai
dii
na
midua
==ga
na
n- irabm
na
sumbakng
lama
peg- liid
nd== ara
-um- luas
ngu- lubah
lama
n- toudn
di
m- aja
==ga
hei
me- -teirdn
obuk
sugah
ou
ou
na
nu
na
m- id -adn
mual
ndah
ku- lungga -adn
belaha
nge- -laak
libudn
anak
mantad
m- iaah
na
induh
mi- gia
nd== ara
tuni
m- ompodn
bubah -adn
-i- m- ulih
nd== ara
m- panu
na
peg- datakng
anak
nubuh
batag
na
ndah
saa
anak
nubuh
-in- g- anak
asal
na
na
didn
asu
na
londukng
nubuh
puhul
-i- taruh
jadi
nubuh
tintobodn
panyap
gulu
g- ilakng
mudik
si==
ali
hei
bas
induh
bonggi
ndah
na
londukng
ndah
singgurua
m- ihit
lana
su- suad
anu
pusud
induh
ki- ara
m- buat
kuiih
m- oduh
in- iit
n==
na
bali
bulei
di
nu
na
nubuh
kuhu
tietah
ki- ara
nubuh
di
na
diti
uu
beig
na
na
m- panu
i- k- aap
-i- puduh
na.haah.na
lama
guai
mati
kapak
tuni
saa
induh.amah
gorokng
amah
ba
n==
==ga
bakng
na
domon
n- aadn
na
asal
na
n- dedi
na
lama
nu
pelanduk
nd== ara
na
buh
m- ulih
mu- sulukng
buaidn.lima
urakng
==ga
na
-i- p- -tabukng
si==
i- ngi- -riaak
lama
pa
n- -desadn
-em- teis
n- tuah
be- bali
sia
peg- liid- liid
apuh.oduh
induh
nd== ara
na
pegipat
ge- roodn
na.haah.na
n- ig- kabudn
na
sida
ny==
domon
sia
nu -an
mekul
-in- m- iaah
tapih
maap
diti
hei
diha
bakng
si==
m- olok
onsobm
ng- aas
gadur
libudn
n- uba
kei
na
anak
singgurua
tampa
uhuman
ulu
beig
mundam
in- ei
m- erook
nd== ara
na
di
dihu
m- ulih
ndah
koo
turuh
kuub
barabm
deirdn.na
peidn
pasi
na
==ga
n- dabuh
bunua
diaadn
ou
pungaan
hei
dihu
lingongob
ng- uru
==ga
==ga
kk
-in- ng- ai
ng- irah
na
anak
teih
nu -an
nti
ki- liid
-in- m- -antuk
sahit
sikiou
tobol
onu
==ga
na
suad
n- ig- segah
bakng
m- ohodn
keng- diti
bonggi
-in- ng- ohol
siga.lama.na
nd== ara
leidn
puhul
piasu
m- ien
sia
nu -an
ponuh
nubuh
induh
ku- tulu -adn
bakng
puhul
diaadn
singgurua
i- ng- eit
==ga
lahi
turuk
na
ta
na
onu
berhei
kuub
sedah
m- -onsuh
nti
atas
supakng
k- aap
ubudn
mata
mual
timogih
me- dadi
di
bali
amah
onsi
mati
naa
na
engat
sugut
mintohog
na
sida
tu- tuad
na
anu
na
di
musu
na
ou
set
nya
sendangan
ki- ara
-in- m- -upuk
na
nubuh
buta
-i- m- ulih
leidn
pag datakng
tampa
si==
kumpani
sei
ngai
mati
libudn.natak
nti
na
ng- ahap
uhu
punti
nunuk
bunua
nti
keladih
na
tolu
==hu
leidn
kuiih
na
na
engat
robi
-em- lohut
na
na.haah.na
siga
apuh
di
petah
siga.lama.na
ndah
siga
puan-puan
na
dihi
di
i==
ou
kirab
toidn
ina
-in- m- anggil
ou
punsut
pasal
tuadn
rigiodu
di.soig
si==
nu
m- oduh
landuh
-um- luas
bulei
hei
lehad
ramai
kerah
ou
-in- g- uubm
bas
hei
gulu
na
man
k- ingei -n
na
libudn
ndah
isilabm
-in- g- ohodn
ta
na
bonggi
ny==
deri
beig
==ga
nanggah
ng- apah
buh
di.soig
na
mu- luput -adn
mati
kuman
bakng
na
engat
nd== ara
louk
-i- matakng
soid
hei
na.haah.na
nubuh
nubuh
ragah
n- togob
obu.pasakng
ngi- -dihit
k- ompot
na
n- took
in- iit
kapal
tapih
baru
satu
na
na
di
==ku
arus
ringah.mulah
hei
urang.tuah
bakng
na
kondog
ngai
min- di
datuh
suad
koon
ndah
sia
mbat
m- aja
nubuh
di
uru
ke- -tonduh
nu
-i- -m- togor
na
mung- kuiih
barabm
na
nubuh
ndah
nubuh
lama
nge- roudn- ngeroudn
su- suad
na
na
punsut
diaadn
ina
di
ki- ara
bakng
kii
na
nganggabm
-i- -m- suak
na
na.haah.na
in- ohodn
m- barabm
na
sikng
susuad
m- iaah
teih
sikng
meraah
bakng
nd== ou
==hu
mati
ku- turu -adn
libudn.bituha
bali
su- suad
in- ala
pungaan
keng- di
mati
na
ke- -tonduh
na
na
na
k- ompot
-in- ke- sobit
poroh
hei
na
lama
hiti
buat
nubuh
na
alih
mi- gia
mi- gia
si==
ng- g- amah
ng- gulu
na
jadi
kudat
keng- di
hei
m- panu
na
-in- m- ien
na
domon
tunggulun
sumbakng
n- -tatakng
kambikng
supaya
ganti
ke- tomu
nd== ou
n- doot
bansuk
suad.tuah-mulah
bali
ndah
==ga
m- iaah
n- dabuh
diti
badih
kei
i==
engat
sei
saa
lama
nda
-in- tipuh
siga
nti
==ga
m- iaah
mbat
kirab
k- aap
==hu
di
m- etak
bali
nubuh
diaadn
deirdn.na
nge- -laak
me- dadi
tingguluh
n- doot.guakng
nti
di
nti
pa
medeih
bohit
-i- p- ohodn
ngu- duaa
bali
tau
tuadn.umur
saa
siga.lama.na
suadadn
siga.lama.na
saa
n- unggit
linsag
nti
rua
ke- rasa
lahi
tembakng
epaat
m- pihir
na
==ku
hei
pa
mentamang
ngamah
ki- ara
ki- ara
na
bulag
-i- bori
na
n- doot
hina
gulu
ragah
nd== ara
daidn
ou
paa
induh.amah
k- ompot
toho
silah
na
tiaah
na
poroh
lama
k- esa
belaha
tidi
posi
asu
biaa
-em- teis
ng- irah
ngai
ki- ara
amah
ng- irah
keng- di
di
rua
libudn
na
==ku
na
binatang
na
tolu
saa
pa
bali
sampai
se- m- belah
kua -adn
keng- di
tempak
tengah
na
na
ina
na
lama
surugah
simbatu
rua
nou
me- dadi
aa
mantad
belaha
-in- resa -adn
peg- uubm- uubm
nu -an
==ga
na
lama
na.haah.na
robi
na
linda
keng- di
==ga
onu
n- ugah
n- sigup
unggah
poroh
induh.amah
na
mengin
saa
dodok
n- -ihar
ihi
su- suad
mistiih
ndah
nubuh
ng- g- api
mulah
pah
-i- sugah
piniit
nu -an
nubuh
k- ingei -n
ng- ge- saa
matakng
huiih
nu
bakng
n- suat
ihi
me- lou
in- ihad
ng- ondih
langit
siga
me- dadi
ng- g- esak
pegah
ubu -udn
==ku
uyung
lobokng
m- barabm
satu
batakng
tetou
siga
ngai
anak
serangad
saa
na
lama
poroh
padi
dihi
libudn
lama
ou
ng- g- ipat
ge- taruh
aa
na
ou
ombok
na
penggorokng
punsut
ny==
mv- ibis -adn
kerai
-in- biri -adn
kiou
lama
bonggi
na.haah.na
==hu
dioo
i==
ndah
na
tiga
pandi
na
-in- m- iaah
dua
bonggi
i- n- -ibujukng
ringah
ina
pudulih
simbatu
bonggi
ndah
i==
engat
m- ulih
ndah
me- g- meykap
leidn
ouu
tembouh
ali
si==
peg- liid
na
mbat
su- suad
na
lama
-im- liaag
tuadn.umur
==ku
diaadn
siminggad
ki- bori
na
pumpakng
simbatu
na
orob
ngaardn
bakng
na
di
siga.lama.na
nubuh
hei
n- -impasag
languh
induh.amah
tidi
ai
ng- g- api
na
pelanduk
ndah
kiti
ki- ara
di
matakng
pusud
nubuh
ndah
punti
na
sedah
koo
onsobm
ndah
iloodn
arag
nubuh
se- ng- olu
di
bakng
na
poroh
na
sapu
timobos
bubul
-in- g- ogot
karukng
ny==
ou
mual
pungguah
-i- -m- selehei
su- suad
di
nu
induh
sultadn
tangga
pa
==hu
kepudn
mengin
leidn
pandi
peg rias
pag datakng
suad.tuah-mulah
ou
ina
kerai
na
domon
nubuh
itala
sida
m- putih
sia
na
sikiou
-i- -m- abat
si==
na
nu
minsuali
katih
aha
pegginohodn
su- sungad
langan~langan
tiaah
meg- tomu
took
na
suhup
otud
ig- timung
mahad
melik
==hu
ngursad
-um- luas
pa
-in- lou
keng- di
mentamang
tobos
na
di
mulah
sampai
nyu
suruh
ou
lama
ndah
ulih
si==
nti
na
letid
ponuh
na
layang
ng- g- iit
bunua
pasi
ali
ina
ngimomos
induh
dunyah
berhei
tupi
na
deirdn.na
==ga
ou
surugah
ndah
kem- ajar
m- ori
bobo
leid
ng- oort
i==
te- taha
-m- gia
k- iid
ou
apuh.oduh
ki- tiag
-em- teis
lahi
nd== ara
di
suhi
dua
bakng
na
piih
si==
bakng
-i- mati
na
pa
ndah
lima
kuiih
sia
na
rati
m- buat
panggu
ny==
ndah
n- irabm
==hu
nge- dabuh
di
nubuh
pa
==ga
mata
anu
alih
goguh
puhul
ngim- pelei
abag.api
kumut
na
na.haah.na
tetoog
lama
bali
m- irta
n- ulus
na
na
anak
i==
pa
gah
mual
mundam
nd== ou
ndoot.ati
su- suad
mu- tukng
matakng
lama
amah
nu -an
ndah
na
ou
-in- nge- saa
ndah
m- etak
manuk
na
ut -ah
deirdn.na
na
-in- ng- ai
sulikng
sia
i- piti -aadn
ta
gulu
ina
tuni
minsuali
tembakng
ng- obuh
wangih
lama
nggien
nu
na
ba
teih
diti
teih
leidn
nood
n- ig- kunus
na
kuub
sekejap
adat
lama
ng- kerai
ny==
ingumuruh
malik
nti
m- boros
dua
kunuh
lama
nd== ara
kiou
m- ohodn
nti
gien
lama
kiit
si==
ringah
linggid
kiou
nu
==ku
tuhad
peidn
pah
kilibuan
diaadn
sunsubm
hita
kumut
rasa
domon
n==
mi- gia
-in- g- uubm
==ga
==ku
==hu
ng- antudn
pa
simpooh
onu
gimbatadn
mi- -rimbu
kerebi
mual
katih
-in- gi- taruh
==hu
di
na.haah.na
ng- obuh
nu -an
na
languh
kulab
gigiu
na
ng- kuah
na
n- dadi
nulud
gien
ng- g- iit
tamu
onom
na
ki- liid
tudukng~tudukng
n- -anam
ndah
-i- totok
engat
engat
saa
na
-i- taruh
gook
langit
na
pangan
gaya
bali
hei
n- tumbuk
siga.lama.na
ti
lahi
dumah
ina
sumpa
di
ou
ngai
m- m- -onsuh
==ga
bas
na
ikelompud
na
na
ng- ohol
rua
nu
ndah
lehad
betah
beysadn
kiaardn.na
n- dalabm
hei
ng- obuh
-em- teis
ruub
hei
diaadn
nu -an
diha
-in- k- ohodn
m- iri
puudn
pah
baar-baar
na
m- ulih
ihi
-in- g- isik
gi- pandi- pandi
na
buh
ou
lama
tingguluh
ina
k- aap
asu
na
mata
poukng
ndah
ng- ueirt
-in- ge- rapat
na
diha
pasi
==ku
n- ibas
k- -ohob
nya
na
siidn
m- ohodn
na
mual
ng- -atad
se- saa
mengin
ndah
meg- te- tahu
kimindii
aha
k- esa
kirab
sia
na
puas
na
apuh
-in- g- uubm
di
kimidiadn
liaag.diaa
badih
diaadn
==ga
m- olok
bonggi
kobit
longon
dii
deirdn.na
ng- ompuh
bunua
ngu- duaa
i==
ina
bohit
anak
kenahadn
tuni
ng- g- obu
buurt
na
kuiih
m- olok
m- ulih
tetak
deirdn.na
m- ulih
-em- teis
engat
hiti
sia
na
babal -on
ou
nu -an
pusud
batad
na
i- ng- uhad
na
keng- di
pandi
sensarah
medoot
ajukng
ina
k- ingei -n
tou
==ga
ng- -indihut
pandah
libudn
na
ei
n- oluh
engat
mu- sulukng
tiap-tiap
na
dihi
nggien
dioo
na
pisinah
apuh
toyuk
na
onsi
ig- ti- timbak
bonggi
na.haah.na
==ku
si==
-um- suak
hei
ki- ara
m- ohodn
ndah
meng- katih
na
mekul
==ku
nd== ara
beig
hei
nd== ou
siidn
mulei
ki- sipak
kei
amah
libudn
bakng
bakng
ajukng
ke- togih
engat
nge- lanag
mbat
nubuh
arap
daidn
m- iis
keng- di
terjadi
nyu
di
ou
nti
na
-in- nge- saa
pelanduk
na
ina
na
na
nu
buh
singgurua
leidn
nubuh
m- ouh
ng- g- api
diha
ng- irah
sida
barabm
-in- gi- taruh
pa
tidi
pe- g- undas
lahi
oduh
puhul
na
k- ingei -n
m- ouh
na
==ga
ng- kasap
nyu
bunua
si==
lama
ki- ara
nti
nti
sia
ou
nubuh
bi- -dagakng
ke- tomu
si==
buh
pasi
ke- kata
punggah
nubuh
diha
ngai
na
saa
bilugadn
di
na
ki- lima -an
na
seylan
uhubm
nubuh
na
keng- di
ou
-i- m- ulih
mentamang
boboh
ng- irubm
beig
dumah
in- ai
==ku
induh
supakng
na
ng- g- api
pandi
se- m- belah
agih.lipa
keloukng- keloukng
keng- di
singgurua
ina
na
punsut
-in- biaan
ngi- linggakng
ou
hei
ou
lama
amah
bulei
bakng
simbatu
birta
diaadn
lobokng
keng- di
==ga
rorih
pisinah
m- olok
na
anak
na
keng- di
mbat
ndah
bali
ihi
kahal
i==
libu
teih
asu
tilinga
dua
na
dua
ringah
==ga
na
i==
==ga
na.haah.na
pioukng
jaabm
se- ng- gerobi
-in- n- unsup
barabm
hei
-in- m- iaah
si==
libuat
nti
mu- sulukng
pah
pa
==ku
na
mual
-in- m- ihir
si==
pudn
na
genggi
suruh
tembakng
si==
==hu
ouu
midua
i==
kirab
rubian
eih
ngi -en
ou
kerah
pa
inubuh
dei
tinunggadn
ngai
anak
di
na
na
-em- teis
ndah
mulah
na
ina
na
na
bangsa
beig
di
anak
m- buat
ouu
suga -adn
man.rati
sida
na
na
surugah
keng- di
ke- tolu
induh
na
saa
ina
nubuh
peranggih
singia
daram
tadi
na
ig- piriman
di
siga.lama.na
n- imbakng
diaadn
m- ohodn
nya
ndah
toyuk
ng- ganad
subai
onu-onu.ga
na
kerah
na.haah.na
na
boboh
na
ndah.totog
peranggih
ombok
g- abit
==ga
bali
na
sugudn
pah
ki- liid
biag
ragah
tetak
batad
lama
na
-in- kiab
sia
ndah
betaan
ndah
min- di
m- ulih
tinuug
ndah
hei
kiluput
libotukng
mual
n- ugah
-i- -m- -lobot
ke- -tonduh
took
bakng
na
-m- surukng
anak
pudn
di
na
selama-lama
suguh
-in- rumbak
mentamang
libudn
ina
lama
ki- ara
nu
saa
tidi
migis
n- segah
na.haah.na
singgurua
sida
nu
kaah.na
pasi
amah
n- ajah
m- udulih
rua
ruub
na
lama
lama
ina
hei
tentobodn
nu
nubuh
misit
natak
tangga
bunua
k- aap
kudat
si==
pandi
peidn
na
su- m- puudn
ringgit
m- ouh
-supuh -adn
bonggi
suruh
tilina
pa
ubiadn
bakng
dei
rubian
nya
oduh
ndah
punggah
nge- saa
keng- di
dei
bahuh
mekul
peidn
n- ohot- n- -ohot
rua
ndah
di
di
nu
ku- susa -adn
ny==
kerah
na
na
na
i==
simbatu
==a
mati
na
beig
gulu
na
==ku
onu
n- tuhal
na
mata
nti
longon
m- pia
amah
ku- dua
kuning
ndah
na
na
peranak
ng- g- iit
m- panu
i- ngi- dihit
na
ki- ara
ouu
ng- -indihut
tenaman
mepadn
punggah
bakng
induh
m- ulih
-um- tulak
-in- panu
-i- m- ulih
suhat
isilabm
na
nu
na
ng- g- iit
n- ibas
na
aha
ati
hanah
melik
k- iid
lama
ndah
nd== ihi
na
biikng
gulu
paat
ubiadn
na
gien
diaadn
ibal
piasu
induh
n- dedak
nentaadn.na
di
lama
diha
-in- ki- liid
m- buat
pe- m- ahi
berani
saa
na
buh
simbatu
ny==
keih
pusuru
singgurua
nd== ara
ndah
==hu
diaadn
putah.mata
antan
na
na
m- barabm
nd== ou
hei
putih
m- ouh
rahad
pah
-in- n- udukng
n- abis
tapih
kuntil
peg- luat
mbat
kerah
baar-baar
peg sugah
ina
tinaman
bakng
m- iaah
libudn
-in- ng- ai
nubuh
buat
kuub
lobi
buaidn
nubuh
set
ina
rondodn
nggien
gatakng
tingih
ladu
ng- igid
per -ai
ponuh
bigah
nubuh
usikng
diaa
bakng
na
irian
m- ohodn
induh
engat
ng- gi- libag
ina
londukng
engat
barabm
m- barabm
ku- tulu -adn
ki- ara
na
dunyah
penah
ki- bori
bali
tapih
ajukng
siga
kei
ihi
n- -ambukng
induh
n- etak
upadn
nganggabm
ulu
bakng
pag datakng
buaidn.paat
==ga
lama
n- took
pungaan
ulakng
ihi
onu
ou
nubuh
ndah
beig
ina
nyu
alih
kira- kira
pa
poroh
koort
ny==
libuat
==ga
ki- ara
mati
mi- libuat
siadn
==ga
-i- m- uhad
ng- kuah
pasi
na
di
biag
-em- teis
-em- loon
na
melik
totog
puluh
di
engat
lama
m- iaah
bali
na
ogodn-ogodn
tundungun
nd== ou
keng- di
-in- kompot
tanah
sarukng
birdih
leidn-leidn
gadur
==hu
nti
buaidn
m- ahi
pitik
ihi
==ga
n- ugah
silah
lima
ki- ara
i==
apuh
limbuak.darat
deirdn.na
k- ingei -n
na
seronsobm
di
engat
m- ohodn
ndah.pa
na
nd== ara
ragah
boboh
==ga
mata
deirdn.na
ulakng
susu
bangsa
kesobodn
-em- loon
tala
beig
beig
kiou
na
beig
saa
apuh
na
suhi
di
buh
onu-onu.ga
kadai
pasi
kendahadn
na
pusud
hei
gulu
na
nd== ou
nd== ou
ali
tiodn
sebit
dii
bonggi
buul
nubuh
se- ng- gerobi
anak
si==
bakng
me- leid
na
mengin
na
na
==hu
mati
ng- g- ait
ou
puhul
suub
m- panu
lama
na
ringgit
teih
==hu
doudn
nu -an
lama
lama
kenggaman
na
na
languh
buragadn
gulu
di
kirab
i==
siaid
gien
peg- liid- liid
m- ompodn
birisi
si==
m- iaah
n- alak
di
nd== ara
supakng
suad
na
n- -opuk
ndah
n- -tatakng
na
nti
tuurdn-munuurdn
mv- pangan
sogokng
barabm
nti
ndah
mata
punti
ibal
-in- biaan
itala
lehad
nti
beig
m- batu
bihaan
ginis~ginis
nubuh
hei
buh
bohit
nya
-in- m- adi
==ga
iit
saa
diaadn
na
na
datag
ei
otud
g- ompot
==ga
min- di
duaa
sogokng
sibonon
hai
ig- bunuh
mistiih
n==
nibalu
==a
ubiadn
urakng
na
nd== ara
na.haah.na
k- aap
tapih
pa
nd== ou
ba
==ku
ouu
ta
hei
in- obuh
baar-baar
buat
gandubm
ki- bori
p- inum
bali.raya
kepayan
kei
di
alih
-in- n- -uurt
ibal
domon
ng- -inggutu
kerah
barabm
ng- irah
ng- gulu
engat
peg- saa- saa
suruh
na
buh
pudu -idn
bio -odn
si==
ba
buh
linggid
==ga
bunua
kerai
senang
mentamang
si==
==hu
hei
egas
sia
i==
mv- pangan
-in- ng- irah
k- aap
binatang
ng- irubm
n- togih
kudat
i==
poroh
pisinah
dumah
mbat
be- gagi
siga
wanga
sobuk
dii
ku- tulu -adn
ng- -atad
na
siadn
ndah.pa
ny==
nya
kuhu
na
ki- bori
-i- tunu
ng- orob
peg tupa
di
bakng
kumut
na
di
ngi- linggakng
sinindu
gigiu
timbahuh
i- ng- elag
kuiih
ina
ng- g- ahut
ndah
sultadn
na
i- g- indur
pen- tamba
==a
nubuh
nu
koru
ou
na
took
nge- lampadn
-in- ke- tomu
mekul
oduh
mulah
domon
nu
ndelapak
lahi
m- udap -adn
di
mekul
ng- kuah
silabm
na
m- ouh
na
m- barabm
nubuh
penge- rantuh
m- ulih
kahah
mbat
hai
deirdn.na
i==
buh
ina
nu
ndah
n- dedi
na
ringah
taardn
kibilu
buh
silabm
m- aja
ng- kuah
-m- tuhal
piasu
dunyah
n- ig- suad
ndah
tiangki
suruh
buh
intakng
puhul.sebelas
kondog
m- panu
louk
pa
kuiih
kahal
di
ou
rua
malik
siidn
na
tigoru
ulih
ki- bori
mirian
diti
na
api-api
tampa
baah
na
siabm
kuiih
na
na
-in- g- anak
lama
ari.buaidn
nd== ou
ruti
aa
ndah
ouu
punsut
bunua
seronsobm
uhu
di
senang
i==
puhul
si==
gulu
lama
na
na
bunua
beig
ou
==a
m- ohodn
lama
rihut
nubuh
hei
i==
tuni
hei
domon
m- olok
lahi
bonggi
nubuh
daya
matakng
-in- panu
-i- mati
pitiaadn
ndah
sahit
na
induh.amah
ke- -lobot
bilah
suruh
mbat
k- aap
hei
-in- k- ohodn
ndah
pekahas~pekahas
tentegas
-in- g- isik
sidohodn
==ga
-supuh -adn
susur
suad
lama
sia
suikng
sia
beig
si==
dii
na
-i- m- ulih
ngerahah
ou
peg- punga
hei
su- suad
toho
-in- ng- uah
puhudn
tanah
na
n- -onggukng
pegkingein
nyu
ngaluh
-in- ge- saa
-in- n- aruh
ng- g- indur
japil
ngai
diha
nti
hei
masabm
si==
linggituh
bilugadn
nu
dii
na
na
n- -ehat
hei
pisungad
na
se- ng- olu
i- ge- lebas
gah
nd== ou
dia
alih
totog
-i- mati
engat
mata
na
na
==ga
nentaadn.na
walau.pudn
kerah
nd== ara
-in- kimuat
siga.lama.na
pintuh
ombok
oid
-in- g- uubm
ki- ara
medoot
hei
nd== ara
hei
nubuh
ulu
hei
ndah
bali
deirdn.na
tengis
anu
tonok
suruh
ny==
na.haah.na
ladikng
pudulih
mual
i==
kumut
diaa
lama
ringah.mulah
domon
-in- m- iaah
man
k- ingei -n
==ga
n==
ou
na
gah
-i- -m- sanggad
ke- rasa
-in- m- -ati
na
diti
maap
anak
na.haah.na
turuh
nubuh
i- ng- apah
su- suad
==ga
pati-pati
kei
toud
==ga
bangsa
tembahuh
nge- dawa
diaa
kumut
pelanduk
hei
doot-doot
bali
mati
lama
na.haah.na
pigimun
kita
ou
ki- ara
buh
kk
patut
na
saa
na
puas
m- pia
na
na
keng- di
-um- tulak
lahi
ina
di
apuh
ki- ara
bansuk
nu -an
mistiih
buaidn
ng- ueirt
siabm
nd== ara
musa
na
-i- mati
nd== ou
na
me- dabuh
==ga
-in- n- udukng
m- aja
ina
ina
leidn
onu
ina
ou
saa
pasakng
ng- ge- ladu
pusud
ng- irubm
teih
seylan
dihu
m- ohodn
temomu
-m- konop- -m- konop
pusud
diaadn
ba
onu
rua
anak
dia
nagah
tinaman
engat
lama
na
odu-odu
man
dii
tidi
berhei
peranak
si==
ndah
gatakng
bonggi
na
orob
na
tina
na
bulag
nubuh
singgurua
nti
m- erook
induh
m- olok
su- suad
na
kondog
ng- ipah
siga.lama.na
bali
na
lama
ba
na
tilinga
bali
na
di
domon
di
oid
leidn
nge- jaga
ambih
gambidn
kei
domon
ou
peg- liid- liid
ou
laman
m- apat
i- gi- libag
ng- irubm
ndinduh
na
-m- tongus
sultadn
orob
anak
ke- taadn
n==
libudn.adakng
mbat
-in- ng- ai
ou
ihi
nd== ara
iup -udn
na
nu
teih
me- leid
induh
==ku
pitik
gimbatadn
kasadn
nggien
suruh
na
tolu
bali
tingkat
hei
deirdn.na
na.haah.na
di
pia
na
me- leid
ki- ara
toyuk
anak
mbat
na
si==
taha
iuh
di
==ku
==a
pandi
sida
i==
ngguhah
na
engat
domon
bas
-in- g- olok
in- abis
soid
manggas
tina
na
hiti
penah
na
mekul
di.libuat
ringah
jimbatadn
na
na
m- olok
nu -an
diaadn
na
singgurua
ndah
engat
tembakng
k- odop
batag
louk
berhei
ndah
na
mbat
betaan
simbatu
na
pasi
-i- mati
ti- timung
na
me- tomu
bali
nd== ara
lama
na
ou
==ku
na
di.soig
-in- n- -oidn
ringah.mulah
-in- n- -uurt
tonok
onom
ki- liid
mula-mula
na
m- ompodn
tubujungah
bas
libudn.natak
hei
bohit
na
peg- punga
nti
mekul
na
pihir
n- doot
bakng
na
genggi
ei
suruh
-in- kohot
baru
na
na
na
na
dunyah
lehad
nd== ara
nubuh
abag.api
sia
anak
m- peit
hei
nerahah
ulakng
nubuh
ouu
ou
==ga
==ku
hei
suruh
na
na
bali
-in- puadn
batakng
se- saa
peit
kaah.na
baar-baar
ndah
anak
batag
kulab
libudn
siidn
ba
oduh
na
malik
m- ouh
n- doot
di
bonggi
dua.atus
hatih
koon
na
ou
induh
==ga
na
bakng
-in- n- ulus
buh
-in- pu- duh
na
m- obod
nubuh
-in- ng- uhubm
nd== ara
siga
dahi- dahi
tuni
ny- umpakng
pandi
keng- di
getadn -getadn
==ku
ngginggutu
ng- ginohodn
ipah -adn
na
na
si==
m- olok
bonggi
beig
mual
-i- m- ulih
anak
-in- puadn
obu
kiou
tiga
pusud
n- tatas
sindardn
di
na
tunggulun
==ga
ihi
engat
di
-i- m- ulih
katih
kimuat
gaabm
asu
lama
-i- mati
bali
keng- diti
bonggi
guai
ny==
anak
bobo
nubuh
ki- ara
-m- ganti
surugah
na
i==
pasi
tanah
sia
api
bunua
kerah
na
-in- pi- biaar
belaha
pegbiangan
sual
subai
otud
ringah
nentaadn.na
dua
simbatu
jadi
-um- luas
pa
m- pigir
m- iaah
sia
si==
siga.lama.na
na
tuakng
onu
engat
amah
na
tidi
-i- tohop
na
ngai
hei
na
dobur
saa
i- piti -aadn
sanga
lama
n- oluh
bas
induh
pa
nd== ou
m- -urumbudn
==hu
lunggi
bakng
deirdn.na
gudakng
sibonon
==ga
lama
m- iag
ng- uluak
ou
si==
bas
na
ki- ara
ngai
perangat
ina
-i- m- ulih
n- tuhal
sikiou
belaha
k- iid
ndah
m- pia
lama
mata
==ga
suad
kuman
bali.raya
n- ajah
bi- bitidn
na
miliug
ndah
tingguluh
aa
ndah
api
si==
pasi
-m- duah
==ku
nelayan
nubuh
nd== ara
ou
kerai
ba
siga.lama.na
be- balas
ndah
abu
pe- m- erosi
kei
na
-i- -m- abat
oid
==ga
nu
pioukng
si==
rugi
di.libuat
-im- liaag
ki- liid
pa
lama
otud
di
==ga
nubuh
nu -ah
su- suad
urang.tuah
na
deirdn.na
ny==
lama
diaadn
kerah
ibal
==ga
nginut
katih
dihita
garat
bangsa
irangang
na.haah.na
kualih
==hu
ti
se- kali
rigiodu
penggorokng
me- dadi
dumah
i- piti -aadn
ki- tiag
di
-i- panggat
ng- igid
asal
-in- ng- upahat
nongol
na
ina
buh
m- -onsuh
n- doot
-in- g- api
na
na
aha
m- olok
na
punti
ku- tulu -adn
na
puguluadn
bali
di
nu -an
leid
taardn
mulah
sepadn
guai
m- abat
m- apit
libudn
m- bani
lama
na
ngi- riaak
i==
timindag
lama
ng- koon
ki- biag -adn
punti
ndah
na
pusud
hana
doot-doot
tina
katih
ndah
==ga
dua-dua
ki- ara
==a
belaha
si==
ou
odu-odu-odu
bohit
di
ihi
onu
==ku
libudn
na.haah.na
na
munsang
suhat -adn
uhu
suad
buat
ina
ndah
ombok
ng- irah
libuat
iloodn
si==
nge- saa
deirdn.na
gien
na
apuh
mv- ansur
budak
kirab
n==
bitakng
bonggi
ng- g- ahut
na
suguh
limboukng
asal
na
keng- di
bohit
hei
keng- di
si==
ny==
lama
nubuh
tidi
ndah
na
ki- ara
-in- ng- uhubm
senang
tina
ke- -door
turuh
m- -upuk
na
na
tereib
tapih
tapih
abih
na
na
poroh
simbatu
tuug
n- aap
api
na
==ga
kuurdn
lahi
na
mati
suad
pin- sigat
ng- gouk
bandar
ng- irah
bunua
siga
m- uun
pin- sigat
na
na
ny==
api
kejemah
sumbakng
n==
ndah
na
sarip
m- ohodn
na.haah.na
aa
dihu
nyu
deirdn.na
se- ng- olu
si==
-in- ng- ai
bali
suhup
sedah
ina
baah
jadi
amah
ng- uit
i==
toho
mbat
gien
di
di
isilabm
buat
nu -an
-i- km basah
sahit
na
teih
buh
suah
na
pinguhubm
adat
bali
kerebi
tempopodn
pudn
belaha
jadi
m- udulih
peg- tiag- tiag
pionsuh
kerah
di
peg- punga
na
na
bunua
na
kirab
beig
-em- teis
tonu
ambih
ou
boboh
kemalah
me- dadi
pah
ambih
bulag
nd== ou
ng- irah
gien
sigup
pegomon
pandi- pandi
ngi- gipit
i- nge- lambi
-in- g- undas
anak
tidi
kudat
mata
induh
kuhut
bitakng
ina
pungguah
sarip
haih
sia
na.haah.na
na
na
mual
-m- surukng
nd== ara
pi- n- -iag
bakng
tampa
pi- n- -inggalak
bonggi
ina
onu
-i- p- ohodn
i==
==ga
m- panu
k- abis
tigabuh
toyuk
si==
gah
remombuh
sompuh
alih
na
gangan
induh
punggah.pa
aa
n- dedi
puhul
matakng
asal
rua
saa
mansabm
==ku
nti
-i- m- ulih
bakng
pusud
irompot
utarah
pa
-in- ng- ata
==ga
k- ingei -n
nu
dodok
in- ei
ou
ndah
pupulih
di
nu
me- dadi
nubuh
anak
su- suad
ulu
sanga
bah
gulu
putus
ng- ondih
-in- rebah
==ku
n- uart
giil
m- untal
robi
n- oluh
ou
na
kerah
tuhal
ipus
na
na.haah.na
peg- liid- liid
suhup
ki- anak
ou
di
di
ng- kuah
ina
baar-baar
le- lapas
di
kangkukng
sampai
na
in- aap
ngai
na
n- -anam
ki- bori
siga
==ku
padi
na
gatakng
ng- indahad
ny==
ndah
-i- bori
suad
di
ki- ara
m- aja
simbatu
lunggiad
mulah
sampai
==ku
kerah
di
mbat
na.haah.na
ba
na
kentangan
na
toud
baar-baar
lama
induh
ndah
anak
mekul
min- di
i- ngi- dihit
na
nti
sapad
k- ompot
hei
kirab
barabm
==ga
==ga
ng- koon
nubuh
ki- ara
na
se- tengah
asu
kangkukng
==ga
nubuh
bohit
hei
su- suad
kiou
pasakng
hei
ndah
meg- kudaadn
piih
salah
domon
-m- duah
lahi
lama-lama
nibalu
nd== ara
aha
pe- ng- alag
diti
buh
besta
suub
deirdn.na
m- oun
rigiodu
na
aha
gubarah
in- abis
leid
ou
sedah
nd== ara
==ga
na
koort
na
lama
keng- diti
anak
na
jadi
migis
keng- di
iloodn
pusud
k- aap
na
diaadn
daidn
alih
na
na
na
domon
na
na
selehei
==ga
temobuh
di
-in- m- iaah
beig
ngaardn
ng- omol
nunga
mual
kerah
lama
londing
-in- m- osi
na.haah.na
-in- ng- uah
nd== ara
nayar
ou
maap
si==
nti
ndah
dua-belas
hei
semonu~monu
na
kosog
-in- ng- ojobm
suub
m- olok
dia
kuiih
deri
==ga
na
lama
berhei
siadn
mengin
aa
==ga
miliug
musa
kahah
==ku
ny==
bakng
-in- m- ilih
pasi
mual
bonggi
tobu
m- ulih
na
m- -atur
kiti
tua- -adn
lama
dumah
di
na
aha
gook
m- ouh
m- iaah
leidn
i==
ali- ali
umur
tentakng
ku- susa -adn
ng- abis
dei
ou
nd== ou
siat-siat
ngasakng
ng- ki- bori
kina
nya
kidabak
anu
bunua
n- -ihar
ina
siga
di
na
-in- ki- tiag
ndah.pa
na
bilah
robi
atau
hei
toidn
nu
rigiodu
ng- irubm
ngai
-in- ke- tomu
-in- n- ohot
beig
na
nd== ara
lahi
piliu
pudn
m- anas
ng- ahap
ndah
di
m- unggas
bali
na
-m- sili
ndah
be- bali
di
na
dii
daidn
ndah
ina
toho
k- ompot
nibalu
ki- ara
i==
in- -ega
n- -ehat
mentamang
boog
doudn
pihaadn
sei
gambar
nti
mekul
mual
nti
na
kei
hatih
na
jadi
lama
dioo
ndelapas
in- -ega
anak
-i- m- ulih
su- suad
ndah.pa
tuhad
lama
gigiu
dii
ina
meleyhat
-in- ki- biaah
m- ahi
saa
n- dabuh
nti
dumah
na
na
langgi-langgi
na
umai
ng- uhad
n- urus
peranak
ba
pa
ny==
dei
gah
bakng
di
bunua
m- panu
na
intakng
buh
kiou
m- olok
di.sodi
m- uun
mekul
pudn
loud
ng- g- api
amah
m- ahi
ou
ou
ooh
==hu
ig- tomu
na
pasi
di
keng- di
si==
-in- soord
anak
ng- ge- saa
g- ipad
-in- ng- uhubm
onu
tetak
i==
ng- koon
jadi
-in- panu
kerah
keladih
pandi
rua
keng- di
api-api
kiou
tampa
kira- kira
-in- ng- elu
kenggaman
i==
na
sasah
kuiih
dihi
-in- m- iaah
tina
jadi
deirdn.na
kiaardn.na
nu
di.soig
leid
beig
pasi
alih
dii
tuhud
==ku
ou
ndah
ei
si==
n- dedi
elana
tuman
gubuluh
-em- teis
pah
set
aha
na
-in- n- ara
asal
tuhud
suad
==ga
nubuh
domon
peg- punga
hei
ng- abit
belaha
ki- ara
lama
hei
n- uba
amah
seyda
ny==
na
pasi
puudn
bigah
si==
hei
adat
gien
ngai
puhul
se- gantudn
ndah
tidii
kerebi
banggi
-in- buat
ina
di
na
mondog
dihiti
-i- m- ohodn
nge- rapat
lama
ina
lama
ina
ny==
seronsobm
ndah.bas
m- -unggal
aa
na
suruh
i==
==ga
na
siga
m- -upuk
ina
na
odu
na
mekul
lama
nubuh
na
ng- gulu
tobu
na
m- buat
ihi
tulus
k- esa
-i- -m- abat
tagi
hei
deirdn.na
dua-mpuluh
peg- datakng
peg- ruas- ruas
na
di.libuat
==a
m- -upuk
pandi
mulah
na
burah
kiou
louk
pudn
ng- g- iit
padi
kiou
na
kerah
na
bakng
alih
na
i- k- aap
ng- ge- saa
malik
melik
padir
karukng
na
m- ouh
na
uak
asal
na
ndah
tohod
senga
ulu
nd== ihi
karukng
ng- ipah
lama
==ga
robi
na
na
biidn
punggal
simingguh~simingguh
-in- g- olok
napat
poroh
umpil
maap
libudn
na
kuiih
nd== ara
supakng
dei
malik
odu
poroh
manuk
bumbukng
na
g- imun imun
-in- ng- ai
tumuai
ke- benar -an
eih
bakng
==ga
na
i==
nya
i==
pegah.diaa
timogih
na
ringgat
==hi
nu -an
ng- komit
na
lama
suala
min- di
domon
sinapakng
nu
anak
ndah
na
na
ng- koon
ipi -idn
amah
kerai
baru
haah.na
na
induh
ng- koon
nu
rigiodu
libudn
jadi
mentamang
kiaardn.na
dioo
na
dei
tiah
ng- arap
na
siga
ndah
na
buh
ku- tulus
na.haah.na
subali
na
ladu
bituha
punggah
karukng
hei
pandi
-in- panu
induh
na
poroh
na
na
lehad
nya
hei
di
suhup
==ga
gulu
k- aap
na
==hu
na
==ga
sia
na
n- -ambukng
siadn
ng- -engkabm
gorokng
keng- di
ku- tulu -adn
na
suad
-i- matakng
pe- g- meykap
ki- pandi
ng- kuah
ou
na
n- apad
bonggi
na
kei
diha
domon
m- ouh
maap
bakng
keng- di
na
engat
ng- ge- saa
ngias
-in- m- adul
kai
ambih
-in- n- undi
na
dei
saa
-in- -rogo
m- ouh
kimidiadn
diha
siadn
pe- nge- reikng
ou
lama
na
nubuh
siga
na.haah.na
ng- g- esak
siga
na
m- olok
k- ohodn
toidn
budak
pusud~pusud
hei
toudn
na
n- apu
na
nd== ou
dawai
na
-i- m- ohodn
deirdn.na
matakng
puhul
n- unu
leid
meg- kemetaardn
m- ulih
na.haah.na
usikng
baar-baar
lama
nubuh
nd== ou
ngai
beig
ajukng
nubuh
mual
deirdn.na
mekul
engat
sida
lama
bunua
mulah
ny==
nubuh
pegtulus~tulus
tengah
longon
ndah
beig
tembakng
amah
m- ohodn
tagi
na
simbatu
m- -onsuh
na
-in- ng- ai
asu
si==
gien
alakng-alakng
nge- doot
mati
meraah
na
ringah
ndah
kimidiadn
siga.lama.na
putih
api
na
rua
nelayan
bonggi
api
bonti
beg ina
n- togob
sulikng
ndah
bunua
tenggabadn
na
na
ringah
kiou
m- olok
==ku
nubuh
saa
poroh
tina
nu -an
kimindii
anak
ti
alih
biug
ndah
na
tampa
ng- ali
i==
k- aap
na
bunua
ig- boboh
mati
pudulih
mentamang
-in- n- igat
lempad
asal
-i- mati
ngai
keng- di
dei
n- tiligud
na.haah.na
pandi
na
induh.amah
peg- tunggab- tunggab
tina
min- di
hei
di
na
i==
di
puhul
oid
mati
ambih
ki- bori
topor
m- buat
na
na
pe- g- ait
badih
mati
tundah
ng- -intubakng
n- utukng
tundungun
na
simperongon
nerahah
na
ki- biag -adn
siluku
baar-baar
-in- m- oroh
ringah
robi
linggid
na
-in- k- odop
keng- di
ng- ke- lou- lou
m- peit
in- ohodn
rua
gulu
kahal
na
-i- matakng
misit
ihi
louk
sia
sei
pa
induh
badih
na
kerah
si==
nu
na
na
kiou
ng- g- esab
n- -ingguluh
na
m- aap
tahadn
tuan
m- ohodn
==ga
nu -an
induh
kerai
man
onu
baar-baar
ba
nd== ou
-i- p- inggat
na
ng- iskul
siga.lama.na
pedang
di
puluh
na
nya
malik
bonggi
na
tapih
ruub
nubuh
suub
m- ouh
sikng
kuhut
ogodn-ogodn
nti
na
keng- di
m- ulih
m- ahi
lama
mekul
dihi
hei
malik
poroh
louk
deirdn.na
m- iaah
ny==
ndah
==ga
m- injarah
ng- -gumbai
na
na
ponuh
anak
lama
rigiodu
adat
mi- sidukng
ari.buaidn
na.haah.na
ndah
na
m- barabm
siga
papadn
anak
m- ouh
ng- g- isik
poroh
buat -adn
saa
punti
si==
nubuh
man
m- ahi
bakng
m- panu
diaadn
m- panu m- panu
konu-onu
ngi- linggakng
sinya
-i- -m- abat
-i- p- ohodn
turuk
si==
kimuat
ku- lungga -adn
siga
me- kehas -adn
-in- m- erosi
==hu
kuberaman
keng- di
na
ringah
ti- -tingguakng
na
na
na
m- ouh
ngi -en
deirdn.nda
lama
induh
alih
ng- imun
na
na
i==
kuiih
na
ng- iskul
susa
kereytah
bakng
lama
keng- di
m- iag
na
-in- ge- saa
min- di
suad.tuah-mulah
genggi
surugah
meg- loon
su- suad
na
lama
mbat
na
hei
domon
na
nubuh
diaadn
bagakng
m- adul
na.haah.na
tidi
m- ulih
nd== aha
-um- luas
ari.buaidn
-in- g- iit
na
engat
-i- matakng
leidn
na
simbatu
ketop odn- ketop -odn
kei
susuh
nti
ulu
domon
-in- gi- taruh
sarah-sarah
m- eig
ng- koon
kursus
nd== ara
m- engin
kei
mual
tapih
-em- teis
na
punggah
nda
bilugadn
bakng
gulu
uru
oid
upaya
ina
si==
diaadn
ny==
na
languh
serapakng
libudn
kerah
na
pusud
m- iaah
na
tembakng
gook
si==
nubuh
na
na
suad
ukap
i==
onu
ina
ng- upadn
aa
pasig
ati
bali
punsut
dumah
na
bonggi
dioo
hei
n- -anam
nd== ara
-em- teis
na
-in- ng- ai
mulah
onsobm
ibal
ngu- duah
duaa
su- sugut
ndah
telaga
ki- liid
ng- g- uhubm
na
peis
ny==
mi- siang -an
agih.lipa
toho
tentakng
nu -an
bakng
bitakng
jadi
mi- gia
kumut
anu
==ga
na
puda -adn
suruh
ina
-m- sili
na
tau
tali
==ga
siga.lama.na
ooh
ou
m- irta
na
pah
haah.na
ihi
api
ng- iup
louk
kuberaman
m- udukng
ng- oun
ki- ara
suad
nubuh
mi- gia
boord
puhul
tinaman
-in- panu
me- leid
ndah
kai
nganggabm
dindikng
hei
lama
peg- luas- luas
na
kemonu
di
gulu
nu -an
buh
di
ou
mondog
nyu
na
ng- k- uhad
anak
nu
na
libudn
ndah
==ga
-um- suak
bakng
gulu
amah
na
tobodn
indonisia
-in- g- api
alih
-in- ng- ai
kk
pasal
ngai
dii
ng- -inam
bulei
ina
irah
bonggi
nya
siga
kuiih
simbatu
mulah
induh.amah
hei
peg -door
siga
-lopukng
puhul
berhei
dua
kina
na
keng- di
-in- ke- landuh
mual
aludn-aludn
na
m- m- -onsuh
nd== ou
buat
uubm-uubm
dihu
==ga
su- suad
aha
berhei
tinggalukng
kemaard
sia
na
bakng
-i- m- ulih
ringah
ruub
agih.lipa
diaadn
di
ig- bagi
bali.raya
==ku
ulang
diaadn
na
sida
gorokng
k- adak
pasi
sikng
pusud
pusud
tuni
nu
na
siga.lama.na
lama
kehaadn
alih
-um- luas
-i- pusut
m- etak
uhu
supuh -udn
aa
terpaksah
nya
ponuh
ng- irah
na
saa
engat
sikng
asal
pasal
na
pa
otud
sulikng
-em- longis
-i- -lopuk
na
suat
-um- tulak
na
uhu
solup
nubuh
m- olok
n- togih
apuh
mutuah
bali
na
diha
belaha
si==
onu
siga
tenggabadn
tuni
di
dohuh
libudn
nti
anak
romuk
k- aap
na
petah
kiou
siga
kiaardn.na
ina
ou
ng- g- api
pegantukng
nu -an
asal
punti
penah
n- igat
hei
ouu
katal.pam
==ku
na
na
hei
ku- suhat
ina
aa
diaadn
n- ugah
minsuali
m- adul
==hu
na
-in- panu
na
gi- g- ilakng
na
kimuat
mbat
buat
kei
na
m- ondih
tidi
min- dii
na
nentaadn.na
na
di
pah
kerah
sei
di
-um- tulak
deirdn.na
siga.lama.na
di
na
na
na
umur
==ga
na
hei
ki- ara
na
ig- be- balas
mual
siga
berani
-in- m- iaah
kua -adn
asal
ng- g- api
ihi
hei
ng- irubm
bangsa
obu
bonggi
nubuh
m- olok
m- adi
nti
kerai
mubag
jadi
induh
n- ohot- n- -ohot
gambar
bas
-in- gandakng
mi- gia
==hu
di
nubuh
ou
na
mipah
paig
-in- n- -uruk
keng- di
di
sogokng
leidn
m- utus
minyen
-i- -m- gangan
ndah
apuh.oduh
tirima
lama
ohodn
teih
siidn
amah
diaadn
siga.lama.na
ndah
kidabak
ng- biidn
pa
i==
kerah
iit -on
ina
mogo
ou
se- ng- gerobi
n- -uruk
diaa
beig
na
dei
nti
kerah
layut
jadi
rigiodu
hei
ny==
suad
remaardn
lama
dadi
m- barabm
asal
diti
mpioukng
deirdn.na
ng- g- api
tidi
engat
uhu
si==
mulah
suruh
-in- ng- -ampar
ge- taruh
nu
nubuh
maap
na.haah.na
kei
na
n- igat
lama
asal
ndah
me- ladit
hiti
ngayas
ina
ndiah
na
di
na
m- anas
lama
m- -panggar
ng- irubm
na
kudat
ny==
poukng
nubuh
i==
m- bunuh
saa
anak
buh-buh
nge- -laak
bunua
-in- g- api
suatadn
deirdn.na
m- uun
==a
barabm
ki- ara
me- -tad -an
puhi
saa
tumbuh
-um- suak
jadi
-in- m- osi
na
nd== ara
mati
induh
lempad
ndah
ng- irah
na
na
kerai
nd== ou
pandi
ki- ara
k- esa
bakng
m- ompodn
ringah
na
m- buaidn
ina
bakng
na
kabur
ou
deirdn.na
ig- -salabm
rua
mati
gulu
na
na
nubuh
biaa
aa
ng- -undakng
beig
lama
pegtuhag~tuhag
naah
pungaan
gimbatadn
domon
ndah
si==
ketogodn
na
bengkali
dua
na
==ga
me- leid
paig
sia
pa
suad
ou
selapah
mulah
gangguh
hei
suad
-i- -m- duah
-in- panu
kumut
di
pahir~pahir
libudn
gulah
na
soord.suhadn
na
i==
na
sia
==ku
ngai
diaadn
-in- k- esab
punggah
n- took
n- teirdn
ng- g- api
ny==
na
nu
puhi
k- paat
tina
ina
tanah
m- panu
na
==a
bali
tau
ihi
tembakng
lama
tanah
ina
turuh
==ga
ng- gouk
tuadn.umur
na
uhubm
na
saa
gulu
inipit
pisinah
singgurua
tau
ouu
suruh
sia
i==
dihi
na
hei
ngangga~ngangga
tilina
nubuh
m- olok
-i- m- pit
tuadn.umur
nubuh
-in- m- ilih
ina
onu
rigiodu
lanag
n- -uruk
di
mbat
kubukng
pelanduk
ng- irubm
k- aap
di
n- ig- panyap
amah
ng- ke- doot
na
umpil
kobit
n- -uurdn
-in- panu
giparak
pusud
i==
ou
n- ajah
k- epat -adn
ng- uru
maap
-in- n- ulus
ndah
pusud
nggien
-in- m- -urubut
na
-in- ng- uaab
ombok
ambih
==ga
sapah
nubuh
ku- dua
ngim- pelei
punggah.pa
bubut
ny==
i==
taik
langga
ng- kuah
na
pa
k- ompot
na
n- togob
ina
engat
ndah
betangan
puluh
kipiaak
suhi
bakng
na.haah.na
anu
ou
bakng
nu -an
-in- dahap
dolok
giliu
na
jaabm
na
ngi- linggakng
suruh
di
diti
punguhubm
mengin
si==
buat
pusud
mati
hei
peg luas
di
m- buah
i==
kiih
i==
dii
ng- indahad
ou
hei
==ga
induh.amah
peg- togih
man
na
lama
si==
buh
anak
==ga
kumut
diti
n- -andar
m- buat
kiro -odn
seylan
siabm
na
nge- -reikng
kita
uhu
gah
ny==
-in- m- osi
gia
asal
tioguh
==ku
m- bani
==ku
-in- n- etak
ina
nge- lolos
na
nubuh
anak
abih
ina
bakng
padi
asal
kei
maap
gaya
pinisigup
singgurua
manuk
ndah
ndah
na
tumbuh
di
ali- ali
keng- di
-i- matakng
nubuh
na
na
punggah
sarah-sarah
na
si==
m- ien
ng- uhubm
sampai
na
==ga
lama
kibilu
tinggabadn
ai
sobuk
na
ina
ku- susa
siga
toudn
api
m- buat
-in- biaan
asal
melebak
==ku
m- buat
ruub
na
simbatu
na
ina
tina
podos
ndah
tapih
na
nubuh
nya
mati
guai
-i- mati
kernah
ba
suat
pandi
-in- guluu
nu
kigiaadn
uhu
egas
ng- g- iit
engat
ou
na
na.haah.na
bunua
iag
naa
ina
-i- tundi
onu
ng- g- iit
panggukng
mekul
-in- -m- door
hei
keladih
deirdn.na
jaabm
kei
jadi
na
engat
nou
na
diti
rua
m- pia
singuh
i- gu- suruh
bakng
mulah
==hu
belaha
lahi
leidn
m- ahi
ari
kiti
na
==ga
di
bali
diaadn
deirdn.mi
-i- taruh
-in- m- iaah
soort
ta
kehaadn
na
nya
n==
serangad
lama
kenohodn
na
ou
mati
di
diti
pa
baar-baar
kosog
santuk
==ku
kirab
sei
ng- uhubm
ou
ny==
anak
na
rarakng
sahit
mv- abis
==ga
kuluak
n- unggit
m- buat
suhup
bohit
biikng
na
suub
pa
di
sisih
peg- datakng
bali
nu -an
keng- di
dodok
turuh
mengin
kerah
m- irik m- irik
bas
silah
engat
punggah
kumpakng
siga
i==
==ga
aha
di
oid
i- pesa -adn
na
berhei
na
n- urus
adat
tiopukng
leidn
-in- ng- -inam
si==
beg ina
anak
lanjakng
lama
mual
kei
ina
-in- n- ogih
na
na
n- -tatakng
i==
mistiih
ng- irubm
kumurakng-kumurakng
gaya
k- olok
ngai
na
nubuh
lama
neregadn
anak
nd== ara
turuh
pi- gi- taruh
nya
m- udulih
n- ibas
-i- m- ohodn
siut
==ga
pa
kirab
-in- ng- inum
hei
sia
ndah
dii
sompuh
ng- g- iit
n- -anam
gien
sida
nd== ou
ndah
ng- koon
lama
si==
tampa
gah
ba
di
kirab
lahi
peng- kali
ari
baar-baar
onu
oid
mual
-in- nge- dahar
na
diaadn
nubuh
na
onsobm
ou
otud
louk
pudn
na
peg- punga
uai
leidn
keng- di
na
na
na
na
na
ombok
-i- km biru
pahir
na
aha
pasi
m- olok
suad.tuah-mulah
anak
m- ien
liaag
i- g- indur
bunua
me- desadn
bas
nibalu
na
teih
ina
ou
bangsa
na
na
ba
ina
ou
kai
bulei
sikiou
ki- ara
bonggi
tobos
nge- doot
pirinta
kimuat
siga
kirab
m- ingad
-i- mati
nd== ara
k- aap
pelanduk
turuh
n- igat
matakng
nubuh
onu
ng- g- iit
si==
-i- m- ulih
lama
ina
bali
==hu
nu
min- di
ngi- linggakng
n- -obokng
na
buat
bunua
gambar
ng- ohol
kigiaadn
m- olok
tadn
ba
m- ahi
ng- kuah
dii
amah
kita
m- pu- kumut
na
baah
punggah.pa
ndah
bali
==ga
tala
na
saa
sia
nubuh
nara
m- -urubut
di
di
man
leidn
gigiu
nu
m- -urumbudn
penge- labad
nyu
ig- boboh
mekul
kululikng
mirian
nubuh
ringah
asu
languh
keng- di
-i- m- ohodn
su- suad
-i- matakng
na
na
senga
nubuh
==ga
sedah
ng==
leidn
ei
pisinah
bakng
na
ringah
ringgit
i==
mati
deirdn.na
gulu
tei
na
sesara
nd== ara
guai
dua
tina
na
diaadn
ki- pandi
k- iid
ndah
==ku
budak
ng- g- esak
mi- gia
nubuh
kuiih
m- ereit
sinapakng
na
pangan
gulu
ihi
ringah
katih
ngim- pelei
guai
kumut
in- adak
simbatu
bangsa
kimuat
mulah
na
peg- liid- liid
-i- m- ohodn
ou
nya
timbiat
na
louk
gimbatadn
mual
berosi
na
aa
ng- iup
iun -ah
ina
tunggal
gien
na
na
rua
mistiih
usbadn
sumbakng
na
siadn
bali
me- dadi
-em- longi
na
pag datakng
mual
tobos
piasu
lehad
mata
induh
kum- punga
==ga
nubuh
di
na
suad
ng- ohol
m- ingad
keng- di
kiou
suad
ombok
-i- matakng
gulu
ng- apah
ny==
be- gagi
ki- ara
mestan
asal
daidn
ei
gah
mual
in- abis
sarah
dumah
kerah
timalup
na
-i- bori
surugah
ndah
nya
hei
nd== ara
na
mansabm
ambih
nyawa
bonggi
m- ouh
pigiit
beig
na
mulah
==ga
asal
semoub
si==
peidn
buh
munusiah
nu
dioo
na.haah.na
-um- suak
-in- ng- obuh
domon
di
puluh
ki- ladu
m- ingad
su- suad
ki- ara
na
nd== ihi
mual
-i- belah
leidn
ina
singia
ina
dei
==hu
saa
otud
n- tuah
induh
kandak
elana
==ga
piasu
ouu
m- ouh
n- imbakng
singgurua
na
buh
nubuh
ihi
sigup
ihi
-in- m- iaah
pasi
pandi
ki- ara
m- -urubut
bali
bajuh
buh
bali
m- ouh
onom
na
na
asal
asu
sarah-sarah
anu
be- gagi
na
ig- loon
na
na
deirdn.na
n- -intak
pegogot
tanah
kudat
raah
bunua
siidn
di
duaa
na
nyu
-in- ng- ai
rua
engat
bakng
ladikng
teykang
sia
nu
-in- m- iidn
mi- sipit -adn
nubuh
nu -ah
itala
di
ng- kuah
ombok
leidn
di
na
di
engat
tidii
na
di
peransa
n- -iat
di
ng- uhubm
odu-odu
ng- uhubm
tuhad
na
na
mv- udap -adn
mekul
bunua
nd== ara
tina
mati
bangsa
diha
sompuh
m- olok
bonggi
deirdn.na
m- panu
engat
nubuh
pusukng
na
gangguh
si==
gimbatadn
toos
peg- punga
api
sia
ngai
pa
-in- nge- saa
ou
-in- ge- saa
lama
pa
apu
na
==ga
odu
-i- -m- kotul
adat
ihi
aa
nubuh
bunua
n- abis
ki- ara
bali
dioo
==ku
ngu- duaa
jadi
su- suad
tuhad
bali
m- erook
nu
mekul
induh
sungai
ou
peg- punga
suruh
m- olok
-in- rumbak
nd== ara
n- apu
duaa
man.rati
kiaardn.na
undakng
siga.lama.na
kimuat
na
kupungaan
berani
nubuh
i==
elaa
keng- di
n- suat
hei
di
ari.buaidn
ruub
buh
lama
pa
asu
rorih
na
na
anu
tobol
suad
na
ke- landuh
==ga
-i- m- ohodn
na
siga
na.haah.na
gien
in- iit
nentaadn.na
batad
kuiih
di
-in- rari
ng- g- obuk
hei
keng- di
giringgiadn
-i- pusut
su- suad
na
ki- ara
==ku
si==
gatakng
sikiou
n- ig- siad
onu
mengin
bohit
ina
m- -etadn
i==
i==
nyu
tuni
kibilu
engat
soid
hei
na
eyrat
letodn
i==
m- -oli
ina
kerangkabm
nge- labad
na
goul
ny==
depoordn
si==
diha
mv- -edah -adn
amah
pandah
na
baah
pa
na
bakng
ba
n- -oidn
bunua
==ga
nubuh
mentamang
paat
uhu
beig
mata
keng- diti
nu -an
-i- km odobm
diaadn
kimuat
keng- di
-em- teis
ina
nubuh
in- abis
-in- g- ait
ng- -inam
baah
m- asah
ihi
anak
lima
n- tuah
ou
keng- di
poroh
na
ng- -uhut
na
gulu
na
n- togih
bali
i==
i==
souda
ng- koidn
belatuk
suat
ndah
sia
na
diaadn
basi-basi
ngam
ou
si==
ng- iskul
m- ien
-im- liaag
i==
penat
pasal
ki- liid
keng- di
siga
keng- di
ndah
na
kahah
ng- kuah
poroh
==ga
na
-in- ng- atur
ari
buh
pa
anak
induh
-in- g- -ori
ali
n- -ehat
inagah
aa
bali
i- nge- rambat
ny- umpakng
na
ou
supakng-supakng
na
na
ny==
-in- ng- ai
n- segah
pa
ndah.pa
ringah
me- dadi
na
na
hei
kudat
na
tininggar
-in- kompot
na
m- erosi
betaan
ponuh
nu -an
tirima
ou
kimpusadn
nu
mati
-i- p- loub
na
ndah
ihi
na
mual
n- togih
sedah
buh
guai
pandi
ny==
na
medoot
kei
pinompot
na.haah.na
bunua
na
n- iag
saa
totog
na
tidi
turuh
lahi
apuh
karukng
nti
libudn
-supuh -adn
raah
di
peidn
ny==
piih
rigihih
engat
bansuk
ouu
ihi
ookng-ookng
kerai
suad.tuah-mulah
lama
nti
-i- -m- tulak
nd== ou
==ga
ou
koort
ouu
anu
pintuh
m- -oli
ng- irah
k- iid
ndah
na
loud
bunua
lama
-i- bori
n- ig- tomu
hei
buid
ng- otob
m- m- -onsuh
pinguhubm
pah
nd== ou
me- tomu
na
pasi