and:then
1sIII
1PI
woman
do.so,.to.happen TNS
people
neck
do.so,.to.happen TNS
make PART
go.outside.
be WHEN
COMP:DS
USED:TO REM.PAST
1sIII
that CON:AC
emph
watch TNS
I:nom
THAT LOC
just
and:then
and
exist.(of.three.or.more). PART
just
1MPIII
again
ins
do.so,.to.happen
that CON:AC
be WHEN
no
here,.this OWN TNS
CON:AC
finish.
that CON:AC
day
III
that CON:AC
people
2PII
1PI
think.(perhaps),.to.reckon
do.so,.to.happen
edge
we
ACC:TOP
YOU
walk.together TNS
look.for TNS
that CON:AC
some
1SII
who
pick.
milk
USED:TO REM.PAST
be WHEN
put.(more.than.one.thing).in. TNS
something
that CON:AC
be:cold
that CON:AC
YOU
that CON:AC
reside.(plural.subject)
USED:TO REM.PAST
plural 1PI
ACC:TOP
do.so,.to.happen TNS
and
how REM.PAST
1PI
FOR.A.LITTLE.WHILE
CON:AC
no
COMP:DS
good POT
III
III
be WHEN
again
go.(of.three.or.more). IRR:SS
USED:TO REM.PAST
N
1SII
indeed TNS
plural 1PI
toward
year
woods
people
1MPIII
what? Q
CON:AC
III
doctor
be REM.PAST
learn
do
WHITE:PERSON