khombong -en
lebe
edi
khombong -en
kisah
ate
khombong -en
tanoh
wakhi
tebe
pe- tani
edi
ate
akhi
tahun
edhi
usahe
tekh- tandok
khaje
pakek
meng- akhekh -i
selukhuh
adalah
untuk
te
malet
khase
semakin
sang
dekah
bingung
cut
bahwe
iye
bekhat
motokh e
te
setiap
pe- tani
kadang
khut
singkil
wayang
bekhite
pas
ulang
mejile
edhi
bekhite
edhi
atau
ndak
te
khut
sang
==ne
me- lalu
bali
kalake
kabupaten
me- gelakh
kite
tadi
mem- ege
ende
ulang
kalaki
kobo
khumah
kendukhi
tekhuh
padahal
calon
te
sang
ke- jujukh -en
n- tukokh
edi
niat
panek
me
adalah
madhe
me
wayang
lawe
sang
ke- khoh -en
sakti
sikel
bekhu ==mu
soh ==lah
setekhusne
madhe
mbue
mebelin
te
madhe
malot
megekhogoti
se- mase
te
jume
tekh- jadi
te
ie
edi
kidah
pahakh
nali
pahakh
ndokhsah
me- milik -i
iye
khut
tading
pupuk
uwak ==ne
khut
lot
pot
ahli
se- kalak
wakhi
nemu
untuk
lot
khut
kekhang
kakhene
keluakhge
miskin
iye
kekade
layakh
aku
ndak
waktu
kite
me- bahan
sendah
tetap
pe- bahan ==e
edhi
edi
sang
tekhus
pagi
khut
men- ading -ken
ucap -en
kalaki
ke- ganteng -en
sedang
me
men- kandung
edhi
mame
ke- bahagie -en
negekhi
m pangan -i
edhi
uan
kekhine
khut
toh
kite
khut
madhe
anak
kendukhi
kanda
jumpai
milik
dhahi -me
made khoh
te
pade
men- olong
men- cube
susah
me- balik
dukun
kukhang
kakhne
bene
akhi
ate
edi
tule
lot
me- khakut
anakhu
khaje
anak
nde
khumah
abhang
ame ==mu
khut
cukup
kao
me- bace
te
te
laki ==ne
ulang
me
akhi
tekhus
toh
edi
datas
lebe
bhual -i ==ne
n- tegu -i
khoh
wayang
sang
malet
nangat
khaje
peng- uase
cuping
men- ekhpe
buah
bahan
te- jekhang
ni- tegu -ken
dhahi -ken
me natam
ingin
kekhine
te
mbue
ny- abu
wakhi
polisi
bhe
aku
anak
tihang
aku
se- kalak
kasukh
ke- ganteng -en ==ne
soh ==lah
mahkota
me natam
wahai
pakek
langsung
lot
singkil
sambil
kite
te
sulit
daerah
khimo
wakhisen
me- khase
pelin
ngkran
se- jumlah
milik -i
uan -me
lot
malot
bukai
khaje
soh
khaje
khut
mende
tekhsebut
pe- ng- atou -ken
tangis
semange
acam -en
tahun
sikel
keluakhge
pepige
bahagie
khut
me
gembikhe
cuping
bahwe
otomatis
edhi
kalihen
tule
seban
edi
pangukhe
me
te
alas
tepat
lot
me
me- masakhakat
edi
tanoh
kekade
se- tegu -n
tuak
khaje
me- jolokh
kalihen
bagi
ke- khaja -en
kakho
khombong -en
n- tukokh
te
ahli
edi
khencane
bekhu
me
malot
malet
hambe
sebuah
gat
debekhu
tihang
kalihen
kute
menuju
deleng
n- tukokh -ken
men- ikmat -i
te
cekhe
aku
peng- ukhus -en
me- milik -i
se- kalak
me- hak
malet
nemu
lelukhuh
ate
ie
akhi
khumah
ninik
ganteng
ende
sang
pen- ekhus
kao
kekhas
khugi
bayi
bayi
kekade
kekhine
penganggukhen
kanda
tadi
khase
anak
te
tepat
kakhene
khaje
me- khiyut
singkil
gagal
edi
pe- deleng -en
aku
ende
jaye
sebuah
ke- khaja -en
bantu -en
tepat
anak
tekh- pukul
aku
khut
coklat
iye
te
anak
ende
tekhsebut
sendikhi
me- cekhok
malet
ulang
ulang
men- ahan
pe- nindekh -en
meng- utus
untuk
anak
sendikhi
usahe
bebas
te
bekhani
nomokh
lot
akhi
akhi
bekhangkat
==ne
sikel
gedang
sendikhi
kite
aku
khut
ulang
untuk
lebe
uan
untuk
lot
te
mulai
te
deleng
hendak
aman
kami
kite
aceh
lebhe
kite
malet
tapi
oleh
mame
lot
kase
men- jage
istekhi
akhi
iye
ate
mange
se- kalak
khumah
ogek
kenin
edi
tebe
pakek
khut
ngekhan
oleh
te
men- dohokh -i
pudi
lot
men- andai
kembikhi
abhang
me- bahan
bagas
atas
sang
me
sang
me- bahan
se- kalak
awak
kekhine
men- jumpai
gakham -i
tading
setekhusne
pot
tule
tangis
kondisi
iye
oleh
tekhus
keluakhge
te
wahai
malet
andinda
malet
wakhi
me- peluah
iye
khut
nde
khut
ni- timai
edi
te
tanya
plastik
akhi
me deleng
me- khase
engket -i
mejile
sikel
sendikhi
usahe
beliau
jeme
men- jajah
impal
ate
tule
khut
bangku
oleh
bage
n- judi
te
jadi
men- jabut
anakhu
abhang
ame
khaje
tanemen
mulai
nemu
mange
pade
m- ahan
malot
tekhyate
edi
buah
ngkhan
me- hakhte
jeme
me- hak
imbalan
ate
m- putekh -ken
edi
posisi
khut
kite
meng- angkat
edi
me- sokhat
mem- opok
se- kelompok
meng- ekhet
setekhusne
khiwayat
pe- tengkau
anak
tandok
dukun
edi
keluki
lot
untuk
ekas
lot
khut
edhi
te
khaje
balepetake
kobo
edhi
ahli
untuk
aku
akhi
kalaki
me- pikekh
waktu
cekhane
malot
bhe
meng- hadikh -i
pakek
sikel
lawe
telu
bagas
me
sebuah
angote
hamil
pade
se- putekh -en
bage
te
se- kalak
ndak
dikhi ==ne
aku
dauh
alas
tekhus
kite
lahekh
sebuah
lawe
te
paling
malet
me- bahan
gayo
saat
jahat
manusie
khut
ke- jaya -en
senang ==lah
ise -kah
sekali
te
enggi ==mu
kalaki
sang
mampu
imbalan
oleh
lemes
bende
deleng
me- nawe
sikel
pekhistiwe
tepat
oleh
edi
mate
cindekh
dikhi ==mu
kite
hakhap -en
suatu
main
deleng
tapi
kao
madhe
tekh- jadi
kalihen
singkil
edi
positif
lade
me- daye
lot
pekhintah
oleh
khumah
laki
te
ndak
untuk
malot
te
toh
untuk
mange
kanda
malet
ulang
pekhtame
kase
kite
telat
se- wakhi
ulang
soh
khumah
pepige
geluh
sendah
enggi ==mu
aku
semakin
ngo
lebe
me
menukhut
malet
bage
sepasang
khut
tegak
akhi
alas
pajak
pe- ng- kekhet -ken ==mu
ninik
habis
tanoh
antakhe
khaje
tapi
penangkau
tanoh
tekhus
khut
pidon ==ne
luakh
se- kalak
suatu
malet
khate
pe- tani
tentang
edhi
khut
oleh
ganteng
sikel
keluki
te- gusuk -i
suasana
edi
waktu
mampu
selukhuh
alas
khaje
ke- sokhokh -en
sendah
tanoh
khajin
tebe ==ku
bahan -en
kekuaten
ke- tukhun -en
dapet
ulang
umukh
hendak
untuk
sendikhi -en
bahan -i
namin
babai ==ne
pey- akit
atau
tek- geletak
men- dapet -ken
kekhine
mampu
kalihen
mampu
untuk
suatu
bungki
me- milik -i
meba ==ne
edi
me- cekhok
bhaju ==ku
dukun
lebuh
anak
iye
te
kede
kakhet
keluakhge
kami
khut
bue
belin
alas
kelak
akhi
ulang
pe- geluh
angkat
amek
anak
kado
balik
wakhi
khaje
gayo
gegakhe
me
edi
oleh
ke- teguh -en
oleh
senat -i
cut
adalah
lain
khut
meng- ena -i
khu
kakhene
dukun
khut
kekhine
khut
bulang
khaje
due
kobo
me- milik -i
uwis
wayang
sikel
edi
te
dapet -i
tuan
kao
laut
se- kelompok
khut
bekhe
pake
te- gakhem -i
pelin
niat
malet
lebe
sang
men- cube
[c^1][v^1]- khidi
soh
ende
mekh- awat
su
ngkhan
sang
luakh
mange
handhe
aku
khut
ndak
mame
aku
tekhsebut
kali ==ne
megah
keluakhge
pe- ngekhawang -en
sang
mbelin
wakhi ==ne
iye
te
khut
keluki
tule
ampun
me- jume
se- kejap
mey- ikham -ken
cut
baik
manuk
mey- usul ==lah
sitok
sosok
khase
te
bahan
jukhang
sang
amak
wakhi
jin
kecewe
sikel
sang
akhi
me- daun
edi
malot
bage
me- cocok
pelin
nangat
delaki
edi
te
mbue
mate
enggi ==mu
pade
madhe
amek
wilayah
belang
khaje
sengaje
untuk
bahagie
me- baju
uwis
kidah
mey- ambut
madhe
sikel
khaje
tukhun
me
nihil
mpus
untuk
sendikhi
kau
ie
anak
uang
layakh
mulai
kalaki
sebuah
makcik
likal
meny- ingkikh -ken
timbul ==ah
dukun
tenggakhe
cekhok
kate
sendah
pihak
khut
edi
me- layakh
sehat
amin -lah
kekhine
kami
hambe
edi
khut
suatu
malot
telokh
mame
dekah
khumah
ahli
meng- angap
ate
se- kalak
belantakhe
untuk
pesen
sikel
ke- khaja -en
nde
pinpin
dakhi
kakhene
mejile
atas
dekah
nde
se- kalak
lebe
tekh- bunuh
pengawal
khut
kakhine
khaje
khumah
jeme
sudut
ame
madhe
gakham -i
tapi
dukun
bage
atau
ke- lahekh -en
akhi
edhi
keluakhge
tebhu
malepetake
akhi
khumah
tanoh
langsung
balik
kalihen
idah