-in- m- iaah
nu
nda
==a
m- oun
na
==ga
ndah.bas
onsi
m- ouh
turuh
na
lama
diaadn
dia
ou
mah
na
hiti
nubuh
i==
diha
ki- ara
m- oroh
lama
na
na
mekul
==ga
i- ng- elag
bakng
mah
tuadn.umur
ou
meng- olok
pa
ku- tulu -adn
mati
mual
ulu
m- ouh
pah
kaadn
pelanduk
na
m- iaah
melebak
ng- omol
supakng
ndah
m- -insari
dolok
medoot
ou
keng- di
na
ina
m- pihir- m- pihir
ina
oduh
kei
teih
k- esa
-m- -bahus
na
ndah
buh
in- -atad
sohod
kerai
na
ihi
tatakng
peranak
nubuh
m- oroh
-in- giaabm
kaadn
guna
epaat
-em- teis
mu- suat
beig
aha
nubuh
nubuh
uubm
ombok
==ga
n- tuah
aha
rubian
tobol
hei
medoot
==ga
leidn
keng- di
-in- ng- ai
kita
n==
ponuh
mulah
maan
buh-buh
n- dalabm
puni
libudn
tapih
geid
pisepak
ombok
teih
nubuh
peranggih
na
layut
gien
ertah
ny==
na
nubuh
m- iaah
belabak
bubul
orob
mengin
ki- liid
ba
nubuh
m- iaah
na
kondog
m- ohodn
belaha
u
m- pe- lempad
dihu
ngai
raah
sikng
==hu
suikng
bangsa
se- tengah
sultadn
kerah
m- ulih
mondog
mah
kaadn
senga
ke- rasa
rigiodu
na
in- iit
me- kehas -adn
bas
beig
nganggabm
suhup
kuit
su- suad
buh
berosi
silimbatu
na
tuadn.umur
nubuh
saa
tuni
m- utu
doudn
rubian
gi- g- ilakng
puhul.sebelas
-um- luas
raah
lama
n- -ehat
na
kuiih
jadi
nge- saa
tuadn.umur
-i- lobokng
simbatu
na
turuh
kubukng
dia
-in- n- ulus
tembah
na
sikiou
leidn
i==
n- uart
m- panu
petah
ihi
ponuh
hei
tampa
-in- g- uhubm
tintobodn
pungguah
bakng
ba
bakng
saa
ti
na
na
min- di
bunua
diaadn
lama
m- olok
dua-mpuluh
sultadn
bi- -dagakng
dua
se- n- toudn
ilab -adn
totuk
ndah.pa
simbatu
bali
na
bakng
==ga
m- ahi
dii
betangan
kuiih
diaadn
==ku
tampa
mu- sulukng
nd== ara
nubuh
me- leid
uubm
keng- di
ulu
-i- -m- duah
mengin
suad
uhubm
m- oduh
induh
hita
mung- kuiih
serangad
m- oroh
tidia
punga
bonggi
bakng
kaadn
mengin
na
su- suad
teih
ndah
mata
ati
kaadn
tempak
na
induh.amah
mah
beig
bakng
-in- n- unu
kiou
hei
anak
ipus
gandubm
saa
na
na
ai
kupih
kerah
ndah
serapakng
kurakng-kurakng
alih
hatih
bali
pisinah
tuni
gatakng
m- ulih
induh
tertuh
adat
baar
mati
kandak
kerai
domon
ninggiriak
==a
n- utup
na
na
mual
-in- k- odop
ina
leidn
sia
itala
na
na
ombok
uubm
kaadn
lama
na
==ga
ou
nubuh
na
m- ulih
ou
-i- m- ulih
na
libungan
susa
medoot
medoot
tidii
na
peg- liid- liid
na
lama
ombok
ntinduadn
m- olok
uhu
ng- g- iit
ipi -idn
pe- ng- ai
nd== ara
induh
ndah
malik
nu
piih
na
busu
singgurua
ndinduh
==ga
m- iaah
na
nd== ara
pegbiangan
uru
i==
na
ng- k- inak
na
mual
peranak
na
medoot
leidn
engat
ng- irubm
nubuh
lanjakng
na
==ga
tampa
m- oroh
kaadn
diha
-in- g- ait
ringah
kibilu
mistiih
mati
nulud
m- ulih
tual
nelayan
sumbakng
tinggalukng
m- ohodn
keng- di
m- udukng
kiaardn.na
m- panu
tembakng
-i- mati
na
bunua
ng- ge- -rampus
misit
bakng
ndah.pa
m- olok
ng- urtak
mual
saa
tuah-mulah
matakng
diaadn
dunyah
dii
m- ahi
satu
rumbur
ba
jaruk
seg -adn
anggar
kerah
diaadn
n- -ehat
ihi
kaadn
ny==
i==
biaah
liaag
na
ina
hei
-i- mati
ng- g- esab
na
na
berhei
semoub
ng- gi- -ribuk
di.libuat
ng- kuah
na
induh
baar-baar
-i- m- uhad
suruh
na
tinaman
bakng
ngim- pelei
tidi
barabm
timus
-in- ke- tomu
ou
alih
==hu
na
nubuh
remanggi
==ga
peranak
nu
anak
nanggah
asal
mengin
ki- ara
na
ta
tindiangan
robi
timalup
suruh
lundak
sultadn
hei
anak
bakng
m- bunuh
na
anak
nubuh
kaadn
sia
penat
tou
ndah
-in- n- irib
domon
anak
mual
ngompis
na
buaidn.sebelas
teih
pisinah
kerah