hash-#2PI
nána#something
-ka̱#COMP:DS
-hátoko̱#BECAUSE:DS
il-#1PI
yohmi#do.so,.to.happen
pa#here,.this -ako̱#CON:AC
í-#1PI
to̱ksali#work
ná#something
toklo#be:two
nána#something
a̱#1sIII
a̱#1sIII
kiyo#no
at#subject:marker
-ka̱#COMP:DS
oklil#we
hi#be -hma̱#WHEN
osápa#field
mano#that:one
ilhkóho̱li#go.(of.three.or.more). -h#TNS
-kiya#KIND:OF
-kiya#KIND:OF
-kato#COMP:SS
náhollo#WHITE:PERSON
náhollo#WHITE:PERSON
yohmi#do.so,.to.happen
náhollo#WHITE:PERSON
-kat#COMP:SS
foli#switch
ittiwáya#marry -ttók#REM.PAST
illi#die.
nána#something
-ma#THAT -k#LOC
pisa#try. -ttók#REM.PAST
-ato#NOM2
il-#1PI
-kato#COMP:SS
abohlih#woods
pí#just
nána#something
sam-#1SIII
ani#pour.in -t#PART
kiyo#not
-ya̱#ACC
chi̱-#2SIII ki#father
tákoli#noon
ta̱chi#corn
mi̱ti#come
himak.nittak#TODAY,.THIS.DAY
iyá#go -li#1SI
hattak#husband
kanikma̱#sometimes
kati#how:long -k#LOC
kiyo#not
-ka̱#COMP:DS
ábachi#teach -h#TNS
ná#something
-bíka#USED:TO -ttók#REM.PAST
íy#go -o#NEG -ttók#REM.PAST
tobi#beans
ná#something
nakni#male
-ka̱#COMP:DS
il-#1PI
hi#be
a#be -ttók#REM.PAST
kiyo#not
toklo#be:two
-kat#COMP:SS
okla#people
okmanána#WHATEVER.KIND.OF
okla#people
-bíka#USED:TO -ttók#REM.PAST
ásh#prev
panóla#cotton
ittanówa#walk.together -h#TNS
kiyo#no
hi#be -hma̱#WHEN
pishokchi#milk
pa#here,.this -aki̱li#OWN -h#TNS
a̱#1sIII
alhíha#group
-híka#USED:TO -ttók#REM.PAST
oshi#son
banna#want -kma̱#IRR:DS
mishsha#two.time.periods.before.or.after
okmanána#WHATEVER.KIND.OF
kíyo#no
yamm#that -ako̱#CON:AC
-ya̱#ACC
kiyo#not
-ka̱#COMP:DS
-kat#COMP:SS
hapi̱-#1MPIII
-kato#COMP:SS
ola#far:off
-ato#NOM2
másh#that.one