below
ᴘʀᴇᴘ
female
ᴘᴄFʟ.rsbl =3ᴍiɴII
head
piece.of.wood
thing ᴅᴇᴍ2.ᴅɪѕᴛ
there
high
AFTER
dat=1augII
ѕᴜʙʀ
ᴘʀᴇᴘ
day
ɴᴇɢ know =1ᴍiɴI ɴᴇɢ
what
Rʟ speak PᴅiR.HITHER
travel PᴅiR.HITHER =1ᴍiɴI.ᴄᴍʙ
ᴘFᴠ
because
Rʟ be.difficult ᴛR =3ᴍiɴIA
call.someone =3ᴍiɴIA
crew
what
ᴅᴇᴍ1.ᴘʀᴏχ
Reef.Is
much
said again PᴅiR.YON
ᴀᴄᴄ =1ᴍiɴII
ѕᴜʙʀ
ᴛᴘɴʏᴍ
Rʟ ᴍiᴅ write ᴀᴘᴘʟ =1ᴍiɴII
man
high
ᴘʀᴇᴘ
there
Samuel
be.struck
Pawa.school
head
kill =ᴄᴏЅ
brother =3ᴍiɴII ᴘʟ
reach PᴅiR.HITHER =3ᴍiɴIA
both =2ᴀᴜɢII
Rʟ finish =ᴄᴏЅ
portion
and
needlefish
Rʟ.3ᴀᴜɢ paddle together =ᴄᴏЅ =3ᴀᴜɢIS
ѕᴜʙʀ
take iɴᴛЅ .BZ(PDIR.YON)=O(1MINI)
ɴᴍʟᴢ1 make ɴᴍʟᴢ.ᴘᴄFʟ =1ᴍiɴII
name =3ᴍiɴII
child
Narnztilolx.(village)
Bokapwr
ѕᴜʙʀ
ᴄᴏᴍ.
chicken;.bird
ship
a
move.out
truck
war
breadfruit
ᴄᴀᴜЅ return =2ᴍiɴI
ɴᴍʟᴢ1 eat ɴᴍʟᴢ
many
ᴅᴇᴍ2.ᴅɪѕᴛ
sickness
be.1ᴀᴜɢII
ᴘᴀЅ die VERY ᴘʟ
ᴘᴄFʟ.drink =3ᴍiɴII
white
ᴘᴄFʟ.rsbl =2ᴍiɴII
ѕᴜʙʀ 3ᴀᴜɢ1 little
meat
captain
JUNE
Josis
ᴘᴄFʟ.hand =3ᴍiɴII
ᴅᴇᴍ1.ᴅɪѕᴛ
ᴅᴇᴍ2.ᴅɪѕᴛ
ɢᴇɴ1ᴀ
village
ngalinut
ᴘFᴠ
child
Rʟ ᴍiᴅ say =ᴄᴏЅ PᴅiR.YON =3ᴍiɴIA
and
ᴅᴇᴍ2.ᴅɪѕᴛ
Rʟ go GᴅiR.DOWN =1ᴀᴜɢI
moon.
Mzdxmingr.village
ᴄᴀᴜЅ return PᴅiR.HITHER =3ᴍiɴIA
boat
be.schooled
ᴘᴀЅ ᴍiᴅ say PᴅiR.YON
headmaster
money