tahli#finish. -li#1SI -h#TNS
-ak#LOC
ít#toward
-ma#THAT
-ato#NOM2
alla#child
yakni#land
iskitíni#little
oka#water
okl#plural í-#1PI
pishokchi#milk
katimma#where -ako̱#CON:AC
í-#1PI
il-#1PI
shahwa#bush
nonáchi#bake,.cook
a̱#1sIII ki#father
ahni#know
yohmi#do.so,.to.happen -h#TNS
il-#1PI
a̱ya#be:here -li#1SI -h#TNS
sa-#1SII shki#mother
pishokchi#milk
taklaka̱#alongside
-m#DEM -ato#NOM2
-m#DEM -ato#NOM2
kanohmi#how
oklil#we
yohmi#do.so,.to.happen
sha̱hli#do:always
alhíha#group -t#PART
iya#go
palammi#hardship
bilásapi#sugarcane
-ka̱#COMP:DS
o̱t#go:and
ikka̱na#understand,.to.know -li#1SI -h#TNS
oka#water
a̱h#yes
malhlhih#indeed
nátah#what?
-ka̱#COMP:DS
okmanána#WHATEVER.KIND.OF
illi#die.
a̱#1sIII i̱tík#sister.(of.a.male)
-ma#THAT
ilahbi#pretend,.make.believe. -h#TNS
o̱t#go:and
okla#people
oshi#son