@@@ NOM2
@@@ 1PI
n
n
v PST
exclamation
v PART
exclamation
n
n
v START
v
@@@
determiner CON:AC
v 1SI TNS
n
@@@
n BOGUE.CHITTO
v
conj
determiner THAT LOC
@@@
n WHITE:PERSON
pro
pro
conj
n
@@@
n
@@@ 1PI
pro
v
v
@@@ 1PI
n
@@@ KIND:OF
verbprt YOU
n
determiner
@@@ TNS
v
n
proform WHEN
@@@
@@@ THAT
@@@
@@@
n
conj
@@@ 1PI
@@@
@@@ 1PI
@@@ PART
pro
@@@ 2PI
proform WHEN
v 1SI WHEN
@@@ COMP:DS
n
@@@ PART:DS
v
n 2SIII
pro
@@@ REM.PAST
exclamation
v 1SII
v
post
exclamation
v
@@@ COMP:DS
conj
@@@ 1PI
n
phrase 1SII TNS
@@@ CON:AC
n
conj
@@@ THAT
pro
proform WHEN
@@@ 1PI
v
directional
n
adv
pro
v
@@@ NOM2
@@@ USED:TO PST
@@@
v
@@@ REM.PAST
@@@ USED:TO PST
proform WHEN
pro
v
n
n
v WHEN
v TNS
@@@ WHATEVER.KIND.OF
exclamation
@@@ 1PI
@@@ 1SI TNS
@@@ 1PI
@@@
pro
v
v TNS
n
@@@ 1PI
interrogative
@@@ THAT
proform WHEN
@@@ 1PI
v 1SI
n
@@@ TNS
v
n
pro OWN TNS
pro
@@@ PART:DS
n
@@@ THAT
@@@ COMP:DS
@@@ THAT
n
directional
n 2SIII
n
suffix
n
adv
n
n
v
n TODAY,.THIS.DAY
n
pro
adv
v
proform WHEN
@@@ REM.PAST
v
v
n CORNBREAD
v
conj
n
v
determiner THAT LOC
verbprt YOU
@@@
@@@ PART
@@@ DEM NOM2
v 1SI
@@@ 1PI
@@@ 2PII
@@@ 1PI
@@@ THAT
@@@ THAT
@@@
@@@ USED:TO PST
n
v TNS
@@@ COMP:PREV
@@@ WHATEVER.KIND.OF
@@@ 2PI
@@@ III
n
proform
n
verbprt YOU
n
@@@
directional
@@@ COMP:PREV
n
v USED:TO REM.PAST
v
n
@@@ THAT
n
proform WHEN
n
@@@ 1PI
determiner THAT LOC
v
n
conj
@@@ 2PII
v REM.PAST
@@@ REM.PAST
n
@@@ THAT
n
conj
v
proform
v START
@@@ PART:DS
verbprt YOU
@@@ 2PI
pro
verbprt YOU
n
n
@@@ CON:AC
n
@@@ THAT
verbprt YOU
@@@ 1PI
@@@ COMP:DS
n
n
verbprt YOU
@@@ WHEN
conj
@@@ 1PI
@@@ USED:TO REM.PAST
@@@ 1PI
indefinite IRR:DS
@@@ LOC 1SI
@@@ NOM2
@@@ PART
@@@ WHATEVER.KIND.OF
n
@@@ 1SI REM.PAST
n
@@@ LOC 1SI
n
conj
n
determiner
n
conj
conj
@@@ COMP:DS
verbprt YOU
verbprt
@@@ KIND:OF
v
n
verbprt YOU
pro
v
conj
@@@ 1PI
@@@
proform
v
@@@ PST
proform WHEN
n
@@@ USED:TO REM.PAST
@@@ COMP:PREV
v
@@@ CON:AC
determiner THAT LOC
@@@ 2PI 1SIII
determiner
v WHEN
adv IRR TNS
n III
n
@@@ USED:TO REM.PAST
v
adv
@@@
v
n
pro
@@@
@@@ 1PI
n
n
@@@ PART:DS
exclamation
@@@ 1PI
verbprt YOU
@@@ DEM NOM2
@@@ IRR:DS
determiner
n
@@@ 2PI
@@@ NOM2
determiner THAT LOC
v
@@@ USED:TO PST
n
adj
@@@
n
directional
@@@ 1SI TNS
@@@
@@@
n
v REM.PAST Q
v START
exclamation
conj
v 1SI
v
v START
n SHARECROPPING
n
@@@ USED:TO REM.PAST
adv TNS
verbprt YOU
v
@@@ BECAUSE:DS
v 1SI
@@@ POT
n
@@@ 2PI
n WHITE:PERSON
@@@ 1PI
v
proform WHEN
@@@ PART:DS
@@@ REM.PAST
adv TNS
v
@@@ LOC
determiner
@@@ THAT
interj
@@@ BECAUSE:DS
conj
v START
verbprt YOU
@@@ COMP:DS
n
n WHITE:PERSON
@@@ PART:SS
@@@ 1PI
verbprt YOU
@@@ 1PI
proform WHEN
n
@@@ COMP:DS
@@@ THAT
v
@@@ 1PI
@@@ 1PI
verbprt YOU
post
n
n
verbprt YOU
n
exclamation
@@@ REM.PAST
@@@ COMP:DS
proform
@@@
conj
n
@@@
exclamation
@@@
@@@
@@@ 1SI TNS
@@@ 2PI
@@@ 1PI
@@@ THAT
v
exclamation
n
@@@
v
n
@@@ CON:AC
@@@
@@@ THAT
verbprt YOU
n WHITE:PERSON
adv
n
@@@ PART
v
@@@
exclamation
verbprt YOU
@@@
n
n
@@@
@@@ 2PI
v
adj
v
@@@ COMP:DS
@@@ NOM2
@@@
conj
v
n
n 2SIII
@@@ 2PII
exclamation
n
@@@ WHATEVER.KIND.OF
n
n
@@@
v START 1SI PST
@@@ 1SIII
n
pro
conj
@@@ 1PI
@@@ 1PI
@@@ COMP:DS
post
n
verbprt YOU
@@@ 1PI
n
@@@
@@@ REM.PAST
@@@ III
@@@ 1PI
v PART
@@@ THAT
conj
n
@@@ III
adj
n
v
v TNS
adv
v III
n
@@@ 1PI
n
pro
v
n
@@@ USED:TO PST
n
conj
n
@@@ COMP:DS
exclamation
v
@@@ KIND:OF
pro
n
@@@
conj
n
@@@ PART
n
@@@ COMP:PREV
v
n SHIRT
@@@ 1PI
@@@ REM.PAST
@@@ TNS
v
pro
@@@ THAT
@@@ 1PI
interrogative LOC
n
v TNS
@@@ COMP:DS
v
directional
@@@
@@@ THAT
directional
verbprt YOU
n
adv
n
@@@ 1PI
@@@ Q
v
n
@@@ CON:AC
@@@ REM.PAST
n
n
@@@ 1SI IRR IRR:SS
verbprt YOU
v TNS
@@@ 1PI
determiner THAT LOC
pro
n
n
n
n
n