a̱ ki
-hátoko̱
-hátoko̱
ish-
ohóyo -t
á -ttók
fokkáli -ka̱
ish-
sakki -áhí kíyo
pí
at
anóti
chá
tali
-chámo
i̱-
nána
alhíha -t
hachim-
nátah
yohmi
ish-
náhollo
náhollo
ít
tákoli
mihchi -li -kmat
kiyo
pí
il-
-ako̱
to̱ksa̱li
o̱t
falammi -li -ttók
nána
bi̱ka -h
-ma -k
-bíka -tok
kiyo
biyásha
áhopóni
tobi
-ya̱
-bíka -tok
chá
ano̱polí -l -áchi̱ -h
il-
kiyo
ilhkóho̱li -h
nani
a -ttók
iksho -hma̱
hicha
i̱-
-ka̱
ohóyo -t
a
tohchína
hicha
nátah
sakki -áhí kíyo
ná
kiyo
yohmi
-m -ato
okmanána
yohmi
illa
il-
pí
kati -k
kiyo
ish-
okl
hicha
ikkaná -li -h
nána
ásh
ninak
makáchi -t
ásh
ta̱chi
i̱-
ásh
ano̱ti
a̱
kiyo
o̱t
nána
mano
-ho̱
am
taposhshik
i̱pa -áchi̱ -kmat
pí
falammi -li -ttók
ish-
táhli
a̱ ki
na
a̱tta -li -h
kaníya -ttók
á -ttók
-hátoko̱
am
ná
-ka̱
iya -ttók
hapim-
tahli -li -ttók
-ako̱
ná
hicha
tobi
has- sam-
a̱ i̱tík
á -ttók
im- acho̱wa
-hátoko̱
o̱t
i̱-
-ka̱
pishokchi
a
kiyo
ano̱ti
á -ttók
i̱-
tali
sa-
mihchi -li -kmat
ano̱ti
faláma
anáto
nánaho̱
ma̱ya
nána
ná
taha
hachim-
-bíka -tok
tahli
-ak
nani
o̱t
shokshi
oski
pí
il-
a̱ya -li -h
ná
il-
-kat
ikka̱na
hicha
o̱t
sa- nakfish
bacháya
ish
am
nána
-kat
kiyo
anáto
il-
holisso
ishí -li -tok
anóti
-bíka -tok
iksho
sa- shki
tobi
il-
chishnáto
ish-
ikbi -t
yamm -ako̱
a̱
ná
-ma -k
alla
hóka̱
chim
naksika
mi̱ti
il-
pí
ná
il-
il-
anáto
am
-ak
kiyo -kásh
ásha -hma̱
ish-
kotcha
o̱t
o̱t
ano̱pol -ána -ttók
i̱-
-kat
tahli -li -ttók
náhollo
chishnáto
chahta
hachi-
ná
ish-
i̱-
ittiwáya -ttók
im-
-chámo
sa-
ála
wáya
nátah
taposhshik
il-
kotcha
nani
pisa -li -kmat
-ho̱
ikkiki̱ya -l -ahíka -ttók
anóti
a̱
kiyo
-akósh
a̱ya -li -h
anóti
-ak
ná
bacháya
kanohmi -ttók
nána
yamm -ako̱
kiyo
a̱tta -li
-ka̱
-ak
nána
táha -ttók
shokshi
kiyo
nána
a
sa-
siy- á -h
kíyo
basówa -chi -t
hikít
im-
pí
á
ta̱chi
il-
nána
osápa
hi -hma̱
o̱t
ta̱chi
o̱t
ish-
nátah
pí
alhto
il-
mihchi -li -kmat
pí
-ma -k
ish-
pí
sa-
ná
a̱tta -li
-kat
il-
iya
kaními
kiyo
hóka̱
ta̱chi
a -ttók
i̱-
ná
kaními
náhollo
il-
bacha̱ya
im-
o̱t
pí
hi -hma̱
náhollo
-ka̱
foha -ttók -o̱
ish-
il-
ikbi
am
-híka -ttók
iksho -h
pí
ish-
anáto
hi -hma̱
chohmi
mihchi -tok -o̱
-m -ato
áchih
o̱t
kaníya -li -ttók
im-
ikhana
yamm -ako̱
a̱
chishnáto
sa-
iko̱la
ish-
ayína
kanohmi
ittanówa -h
oklil
-ma -k
hikít
hi -hma̱
náhollo
okma̱
chishnáto
anáto
kiyo
il-
hi -hma̱
alla
iya -ttók
a̱ya -li -h
-bíka -tok
a
bók
iya
apíla
ish-
ná
chim
pisa -ttók
chá
-ya̱
sa- shki
si̱ti
sha̱hli
-ho̱
hi -hma̱
at
ish-
pila -ttók
o̱t
náhollo
alhlhi -ttók
hokchi -h
anáto
kaniyah
illi -ttók
ish-
hóka̱
hi -hma̱
anóti
alla
á
im-
ish-
yohmi
anáto
-ma -k
si̱ti
am
ásh
-híka -ttók
siy- ahni
ikbi
holisso
-kat
náhollo
anáto
anóti
pí
iya -ttók
áchih
hi -hma̱
nonáchi
-kat
iya -t
nani
ish-
nána
yohmi
ish-
ano̱ti
ano̱pol -ána -ttók
hi -hma̱
a
anóti
alla
ayína
na
ona
tana
pí
-ako̱
i̱-
il-
-ak
ná
iyá -li -tok -ósh
yamm -ako̱
ná
ohóyo -t
kíyo
-ka̱
malhlhih
fíhnah
ano̱poli -h
ikhaná -li -tok
chahta
ish-
-kat
toklo -sh
o̱t
ábachi -h
chokka
kíyo
-ak
oklil
to̱ksali -t
to̱ksali -t
a̱ ki
chá
na
ná
at
-ako̱
ano̱ti
kotcha
il-
sanna
o̱t
katimma -ako̱
kotcha
sa- shki
nokówa
hi -hma̱
-bíka -tok
-m -ato
ittiyápishi
o̱t
la̱wa
tahli -kmat
o̱t
hi -hma̱
a̱
am
-kat
hi -hma̱
pí
am
ish-
hachi-
ná
il-
nani
ano̱ti
haklo
taposhshik
hachim-
hopóni
banna -hma
nani
ittahobli -t
nani
a̱
-bíka -tok -o̱
oski
-ako̱
-m -ato
hi -hma̱
-ak
iya
to̱ksali -t
-kat
il-
ná
áchih
hilha
náhollo
to̱ksali -li
anáto
il-
a̱
siy- á -h
mihchi
-ma -k
o̱t
-ak
hi -hma̱
a̱tta -li -h
yohmi
ish-
-ma -k
anáto
anno̱pa
at
ayína
o̱t
shohbi
ikka̱na -li -h
i̱-
i̱-
-kat
pí
ikbi
a̱ ki
am
katitchi -sh
kaními
á -ttók
il-
ikbi
pishokchi
il-
nani
-ako̱
ná
lokka
akka
pí
nána
-ma -k
chokka
il-
ano̱ti
yakni
faláma
wiha -t
katash
a̱ ki
a̱ ki
ta̱kla
maká -hma̱
hikít
at
yakni
a̱ ki
nána
ittanówa -h
nátah
-chámo
ahíka
-ya̱
illi -to
ish-
ásh
im-
-ka̱
-bíka -tok
iya
pí
ikbi -t
pishokchi
to̱ksali -li
oklil
ohóyo -t
ano̱polí -l -áchi̱ -h
to̱ksalí -chi -h
anóti
ish-
o̱t
katash
chishnáto
-bíka -tok
ikkanah
il-
á
to̱ksali -sh
náhollo
pí
-m -ato
ikbi
ish-
a̱tta -li
náhollo
-akósh
a -ttók
il-
abohlih
sa- shki
kiyo
osápa
nátah
nátah
-ma -k
fokáli -h
hicha
-ako̱
-ka̱
katash
o̱t
-ma -k
bók
ná
a̱ ki
pí
i̱-
hikít
nátah
ish-
hapim-
alhlhi -ttók
yakni
hohchifo
yohmi
shippa
-ya̱
sa-
anóti
á
il-
ikbi -t
pí
ilhkóli
pí
kíyo
a̱
ma̱ya
ish-
hokchi -h
lokka
ish-
-ka̱
-ako̱
chi̱
im-
nána
sa-
hohchifo -t
osápa
pí
ittanówa -h
yohmi
il-
hapi̱- ki -to
pí
im-
katash
hikít
il-
im-
na
á -ttók
il-
nátah
i̱-
chá
a̱
kiyo -kásh
-ho̱
maká -hma̱
i̱-
pí
ittonáchi -hma̱
il-
okma̱
-ma -k
nani
pí
hi -hma̱
-m -ato
ano̱ti
i̱-
makáchi -h
ish-
hokchi -h
hoyo -t
i̱-
kaníya -li -ttó -sh
at
-akósh
-ako̱
ikhana
apíla -h
pí
hi -hma̱
tahli
ilhkóho̱li -h
nánaho̱
taposhshik
illa
il-
taha
pí
hikít
o̱t
-ka̱
á- mi̱ti
-akósh
ish-
iya -ttók
at
pí
am
á -ttók
kanohmi -tok -ka̱
iya -t
kotcha
kíyo
has- sam-
ilokka
ano̱ti
ish-
kaníya -ttók
anáto
-ma -k
to̱ksalí -chi -h
atta
il-
il-
kiyo
toklo
o̱t
il-
kiyo
-hátoko̱
yohmi
il-
-ako̱
ishí -li
kíyo
anáto
i̱-
am
il-
toklo
ná
nani
pí
-akósh
iksho -hma̱
am
ilhkóli
ish-
am- ábachi -ho̱
náhollo
a̱
chishnáto
a̱tta -li -h
am
am
illa
toklo
taha
ikka̱na -li -h
ta̱chi
-ka̱
oklil
nánaho̱
náhollo
nána
ka̱chi
mihchi
á
yamm -ako̱
-kat
palammi
-ho̱
im-
ano̱ti
a
kiyo
oshi
iya -h -o̱
-ak
hi -hma̱
a -ttók
ano̱poli -h
ish-
kiyo
il-
ikhana
tahli
o̱t
ish-
taposhshik
ittahobli -t
koloffi
a̱ya -li -h
hi -hma̱
apíla
anóti
hoyo -t
yokáchi -h
a̱ ki
-ma -k
-ka̱
iya -ttók
ma̱ya
ná
o̱t
alla
ná
-bíka -h
bók
chim
ikhana
á -ttók
náhollo
koloffi
iya
pí
kiyo
ish-
tana -h
sa-
-ako̱
il-
yohmi
pí
-hátoko̱
ma̱ya
ikbi
-ma -k
il-
a
pí
hachim-
am
ish
anáto
il-
pí
ikbi
sa-
nani
nána
-hátoko̱
pí
a̱
ta̱chi
alhíha -t
hi -hma̱
anóti
ikbi -t
áchih
pí
ish-
to̱ksa̱li
o̱t
kati -k
iya -ttók
ish-
pí
hi -hma̱
náhollo
ít
il-
nani
anóti
-tok -cha
anáto
at
chishnáto
kiyo -kásh
si̱ti
pí
sam-
haklo
im-
chahta
il-
am
sa-
pí
shawwa
tohchína
náhollo
hi -hma̱
anóti
náhollo
shohbi
ish-
il-
-ak
a̱ya -li
-ho̱
hapim-
-kat
il-
á- mi̱ti -li
-ka̱
ná
sa-
nána
ittiwáya -ttók
il-
kiyo
ahwa -h -o̱
pí
ná
ikkaná -li -h
-ma -k
palammi
nánaho̱
tahli
-ka̱
pí
kiyo
toba
áy- ikhaná -li
mihchi
alla
ayyówah
hi -hma̱
-ya̱
anóti
iyá -li -ttók
achonnáchi -ttók
hi -hma̱
ma̱ya
a̱ ki
il-
anóti
hapi̱-
apísachi -h
im-
haklo
okmanána
ano̱ti
il-
hapim-
pí
holisso
yohmi
o̱t
noshkobo
o̱t
-ma -k
am
chá
-ya̱
ilokka
i̱-
-ka̱
-bíka -h
ano̱ti
a̱ ki
makáchi -t
i̱-
pí
hachim-
a -ttók
ish-
hapi̱-
-ho̱
illi -ttók
hashi
-ho̱
si̱ti
am
bokko
ikbi -t
illa
siy- á -h
o̱t
ikbi -t
hi -hma̱
nána
táha -hma̱
il-
a̱ ki
-kat
a̱
-ak
il-
pí
á -ttók
mihchi
-ma -k
a̱
hohchifo
náhollo
anóti
fokáli -tok
hapim-
ápitta -h
shokshi
o̱t
katohmih
il-
-ka̱
hi -hma̱
oná -li -ttók
ninak
il-
ma̱ya
il-
nokha̱klo
pí
o̱t
katimma -ako̱
pí
ábachi -h
pí
nakni
pí
ná
i̱-
ish-
pokni
chá
pí
ona
a̱ya -li -h
hokchi -h
a̱
hi -hma̱
abohlih
ano̱ti
anáto
a̱ ki
am
at
táhli
hapim-
il-
pí
-ho̱
a̱
-ka̱
a̱
alla
ani -t
a̱
nána
yohmi
á- mi̱ti
ilahbi
ish
hi -hma̱
ma̱ya
ná
sa- tóhno -cha
nátah
sa-
pí
-hátoko̱
á
yakni
osápa
náhollo
oklil
im- achokmá -sh
-ak
ikka̱na -li -h
foha -ttók -o̱
im-
chishnáto
a̱
yohmi
at
alla
-hátoko̱
nána
ikka̱na -li -h
am
ish-
a̱ ki
ish-
okma̱
anóti
hikít
sha̱hli
ish-
ít
nátah
-ma -k
ná
pokni
áta̱pa -tok
ikbi -t
pí
nonáchi
pí
ish-
tahli -ttók
náhollo
ish- pa -kma̱
komóta
pí
na
il-
il-
ohóyo -t
pí
áy- ikhaná -li
hokchi -h
a̱
to̱ksali -t
ani -t
hikít
-ya̱
ishí -li
a̱
il-
taposhshik
toffa
-ma -k
-ka̱
ish-
chishnáto
ikbi
makáchi -h
ish-
chishnáto
ninak
pila -hma̱
kanohmih
il-
i̱-
ta̱chi
mo̱ma -h
i̱-
illi -ttók
kiyo
-ma -k
a̱ ki
a̱tta
i̱-
hi -hma̱
pí
á
o̱t
ano̱poli -h
yohmi
olbal
nani
ábachi -h
kiyo
ikbi -t
ilhkóli
ayówa -li -ttók
kaníya
taposhshik
il-
a̱ ki
pí
nani
at
sa-
yamm -ako̱
hi -hma̱
á
náhollo
okmanána
im-
ano̱pol -áhí kiyo
am
anóti
-ma -k
-ako̱
ikka̱na
a̱tta -li -h
áchih
-ako̱
bi̱ka -h
yaha̱ya -hma̱
pila -hma̱
-ka̱
pa -aki̱li -h
anno̱pa
chishnáto
ikhana
sa-
yohmi
kaníya -tok
-ya̱
im-
-ka̱
-ma -k
náhollo
mi̱ti
oklil
kiyo
mihchi
sa- shki
ná
nána
il-
wáya
chokka
anáto
im-
il-
-ako̱
hi -hma̱
a̱ ki
á
osápa
-ka̱
ikkanah
-ya̱
yamm -ako̱
hikít
anóti
am
osápa
im-
náhollo
mihchi
toklo
ilhko -t
fokkáli -ka̱
shahwa
táha -hma̱
pa -aki̱li -h
habli
a̱ya -li -h
ish-
nátah
pila -ttók
chishnáto
ano̱pol -áhí kiyo
i̱-
ápitta -h
illa
chishnáto
anóti
il-
il-
á- ikhana -tok
ikka̱na -li -h
-m -ato
at
issa -ttók
il-
kiyo
issa
alla
il-
ná
-hátoko̱
achonnáchi -ttók
ano̱ti
i̱-
mano
nána
faláma
chohmi
bók
nána
i̱-
-kat
shokshi
ikkaná -li -h
-ma -k
at
a̱
pí
im-
ish-
am- achokma -h
nani
kati -k
iya -ttók
náhollo
siy- á -h
ta̱chi
yakni
il-
mihchi -tok -o̱
kati -k
hi -hma̱
hikít
náhollo
shawwa
ta̱chi
a
kiyo
ittonáchi -hma̱
katimma -k
ma̱ya
ikkiki̱ya -l -ahíka -ttók
anóti
ná
cho̱pa
yohmi
ittanówa
oná -li -hmat
kiyo -t
maká -hma̱
pí
faláma
sa-
anáto
na
ak-
pa -ako̱
ano̱poli -t
oklil
o̱t
am
pí
náhollo
-ma -k
atta -ttók -o̱
chishnáto
ta̱chi
á- mi̱ti
ittanówa -h
ilahbi
chá
kiyo
ish-
kaníya -ttók
mitaffi
ta̱chi
il-
am
-ka̱
bók
himáka̱
hannáli -h
kiyo
acho̱li
kiyo -kásh
bash -t
nátah
táhli
iya
alla
i̱-
okmanána
osápa
sa-
im- achokmá -sh
hapim-
yakni
ta̱chi
-bíka -tok
-bíka -tok
nána
alla
taha
ayówa -li -ttók
ish-
kiyo
ish-
im-
nani
pí
o̱t
yamm -ako̱
a̱
-ho̱
áchih
himo
iksho -h
-ho̱
iláp
kiyo
fokka -ttók
anokfila
kaníya -li -ttók
pí
hohchifo
okmanána
okmanána
kiyo
a̱ ki
a -ttók
yakni
sa-
-ak
alla
iya
-ka̱
ak- ikkán -o
-bíka -tok
im-
nátah
náhollo
osápa
pí
pí
ná
ikka̱na -li -h
at
pí
alla
kiyo
hokchi -ttók -o̱
a̱tta
anáto
kiyo
-ma -k
nánaho̱
yohmi
chokka
nána
ikhana
hóka̱
kiyo
ná
-kat
hicha
chim
pí
taposhshik
ano̱ti
ásh
katayohmi
mano
ha̱klo
il-
i̱- cha̱li -h
anno̱pa
-hátoko̱
ninak
chá
nána
-ma -k
-ya̱
alla
nakni
katimma -k
hollokchi
a̱ya
-m -ato
hokchi -h
nátah
holisso
katah
kiyo
o̱t
a̱ ki
-ka̱
ani -t
ilhkóli -tok -o̱
chá
ittanówa -h
ahni
a̱
pí
ittanówa
chá
o̱t
pí
ná
ála -hma̱
yohmi
kiyo
pí
iksho
alhíha -t
nána
kaníya -ttók
hikít
ayyówah
yakni
pisa -ttók
yakni
katohmih
is- sa̱-
alla
siy- á -h
chá
anóti
at
a̱ ki
at
ish-
-ka̱
anáto
oshi
náhollo
anáto
wiha -t
ibbak
il-
shippa
ilhkóli -tok -o̱
pí
shilosh
awashli
osápa
il-
il-
o̱t
pí
pí
á -ttók
á
-hátoko̱
áchih
hi -hma̱
ish-
il-
a̱
-ho̱
yaha̱ya -hma̱
hohchifo
i̱-
a
yohmi
pishokchi
ná
-ma -k
óna -hma̱
biyásha
pí
katak
-ka̱
a̱ ki
il-
fokáli -tok
il-
hopón -ána
kapassa -t
pí
i̱-
katimmakako̱
illa
kaníya
kíyo
palammi
toklah
ish-
-kat
nani
at
náhollo
tana -h
-ka̱
hapim-
cho
hokchi -h
tahli
illa
chohmi
pí
il-
-híka -ttók
illi -ttók
toklo
pisa
íy -o -ttók
a̱ ki
pí
ta̱chi
il-
taposhshik
ná
il-
ittanówa
si̱ti
alla
kíyo
ikkanah
náhollo
taklaka̱
fokka -ttók
pa -ako̱
iláp
a̱tta -li -h
ít
nána
lokka
hikma
ano̱poli
kiyo
im-
-kat
alla
a̱
a̱ ki
-ma -k
bash -t
-ka̱
-kat
kiyo
alla
hikma
o̱t
bokko
a̱ya -l -íka -ttók
ilhkóli
katash
assanó -t
ish-
katohmih
taha
alikchi
iskitíni -ka̱
chokka
an -akínih
-m -ato
-ka̱
-chámo
alhíha -t
il-
pa -ako̱
alhto
alla
o̱t
pí
kiyo
am
náhollo
-ka̱
áchih
iya -ttók
-ak
hi -hma̱
-ya̱
fokkáli -ka̱
-ako̱
kotcha
il-
o̱t
osápa
il-
am
hikít
sa-
ona
tahli
anáto
pí
fíhnah
a
hi -hma̱
nani
a̱
ikka̱na
kaníya
anáto
ano̱ti
ná
-bíka -tok
kiyo
hicha
á
náhollo
ishí -li -tok
náhollo
at
anóti
ano̱poli
-ka̱
ná
at
kíyo
am
ná
hapi̱-
fokáli -h
nátah
pí
hi -hma̱
kiyo
ná
a̱ya -li -h
ná
am
alla
a̱ ki
áta̱pa -tok
fokáli -h
pí
am
anóti
fokkáli -ka̱
chokka
pí
ikhana
-bíka -tok
taha
ano̱poli -h
pa -aki̱li -h
ma̱ya
á
-ka̱
kiyo
bacha̱ya
-kat
anóti
ahni
anóti
a̱tta -li -h
pí
-ka̱
ikka̱na -li -h
i̱-
il-
is- sa̱-
nána
kiyo
-ak
óna -hma̱
pí
hicha
a
anáto
ná
táha -ttók
sa-
ikkanah
osápa
anóti
kíyo
am
iya
hachim-
hikít
-ako̱
bók
pí
táha -hma̱
chokka
-ho̱
si̱ti
iya -ttók
kiyo
apa
ít
pí
chokka
pí
alla
ilhkóli
hapi̱-
kaníya -li -ttó -sh
á- ikhana -tok
pí
ilhkóli
iskitíni
to̱ksali -sh
nána
sa- shki
ta̱chi
il-
á -ttók
taha
habli
il-
-m -ato
hi -hma̱
il-
-ka̱
anóti
chahta
ish-
kiyo
anóti
nána
na
hi -hma̱
hachi-
kiyo
a̱tta -li -h
áhopóni
a̱ i̱tík
fokkáli -ka̱
taná -li -h
náhollo
ábachi -h
náhollo
wák
tahli -ttók
katimma -k
siy- á -h
o̱t
kaníya
-bíka -tok
-ka̱
hach- ishki
pí
pí
pa -ako̱
il-
im-
katak
hi -hma̱
o̱t
á -ttók
a -ttók
iyá -li -ttók
nokha̱klo
fíhnah
o̱t
hikít
-m -ato
a̱ ki
a̱tta
-ho̱
-ka̱
ásh
-ho̱
malhlhih
i̱-
o̱t
am
hokchi -h
il-
o̱t
chá
awashli
a̱
tobi
-ka̱
na
katash
pí
ish-
issa
ayyówah
-kat
iya -ttók
hicha
anóti
chá
kiyo
kiyo
mihchi
to̱ksali -t
o̱t
afáma -kma̱
mano
at
hoyo -t
ikka̱na -li -h
chokka
nána
sa-
im-
-ka̱
chá
na
am
ish-
toba
o̱t
pí
á -ttók
toba
na
ná
íy -o -ttók
kíyo
oshi
nánoka
oklil
iláp
holisso
náhollo
-bíka -tok -o̱
hi -hma̱
kiyo
hicha
kotcha
nána
i̱-
nani
á
-m -ato
hóyo -hma̱
-kat
pí
shahwa
pí
i̱-
a
-ka̱
nátah
ahíka
il-
ilhkóli
-ako̱
ikbi
náhollo
chokka
sipokni
náhollo
iya
ná
-ak
nátah
alla
á
a̱
náhollo
hi -hma̱
ahi
ano̱ti
hasháyachi
i̱-
-ka̱
sa-
pí
-ho̱
yakni
hóyo -hma̱
chishnáto
an -akínih
yohmi
hikma
a̱
ná
yakni
nánaho̱
kanohmi -tok -ka̱
ikka̱na -li -h
sanna
katitchi -sh
pí
tahli -kmat
ano̱polí -l -áchi̱ -h
pí
o̱t
ásh
kiyo
hikít
hapi̱-
hokchi -h
ish-
ish-
wishakchi
kiyo
chahta
-ka̱
i̱-
hicha
-ka̱
ish-
il-
o̱t
o̱t
si̱ti
i̱-
a̱ ki
i̱-
-ma -k
a̱ya -li -h
ná
hikít
ikka̱na
iksho
na
ábachi -h
ayi̱na
ish
ná
o̱t
yohmi
ná
o̱t
osápa
yohmi
-kat
osápa
-kat
chá
iskitíni
-kat
-híka -ttók
afáma -kma̱
fokáli -h
to̱ksali -t
il-
il-
-ma -k
ta̱kla
taposhshik
kaníya -tok
wiha -t
pí
ít
il-
o̱t
ano̱ti
sanna
sam-
okmanána
-m -ato
-m -ato
chohmi
chokka
a̱
pí
kaními
okmanána
iskitíni
kan ásh