DEF
DEF
DEF
PST.UV putus
SE LINKER semalam
DEF
kami
=
air
EXIST ada
budak,.anak
PST.ACY ACY.C2 makan
itu
mati;.meninggal.dunia
saudara
tiap
DEF
di;.ke;.pada
berkata
tidak
DEF
di;.ke;.pada
ALONE
know
nenek
jalan.raya;.jalan.poros,.jalan
DEF
PST.ACY MO.ACY jawab
DEF
belajar
MEREKA
kemudian
kena
DIR light.fire
lesung
tidak
ATTR.ST besar
kalau
=
lama;.lampau
tentang
COMPL
mata
Banggi
engkau;.awak;.saudara;.anda
bercakap;.mengata;.cakap
DEF
HAVING.XED exit
berkata
DEF
engkau;.awak;.saudara;.anda
rumah
DEF
lagi
SEKARANG
kemudian
rotan
Ponuh
isteri;.suami;.bini;.laki
lagi
Kumbal
puas
dahulu
where
kemudian
=
DEF
order
juga
ACY.C2 mengikatkan.
=
malam;.pada.waktu.malam
DEF
Limbuak
kunau
pelanduk
tidak
ABILITY dapat
PST.AV ISA.AV tinggal
lima
nineteen
tidak
=
SEKARANG
datuk,.kakek
awak;.engkau;.saudara;.anda
di;.ke;.pada
mati;.meninggal.dunia
datuk,.kakek
barang,.benda
kis,.hal
isteri;.suami;.bini;.laki
DEF
DEF
nya
DEF
DEF
lapan.puluh
order
DEF
awak;.engkau;.saudara;.anda
tujuh
CONT isteri;.suami;.bini;.laki
AUX.UV ISA.UV
mengupas
NPST.CAUS.AV CAUS.AV dibebaskan
MEREKA
DEF
itu
DEF
DEF
=
saya
bapa;.ayah
kucing
=
dari
DEF
woman
nineteen
tamu
Mual
NPST.ACH temu
ini
kambing
SEKARANG
saudara
3SG.NOM
juga
MULT.NUM tiga
juga
juga
tidak
DEF
DEF
itu
mesti
PST.ACY datang
Umpil
3SG.NOM
tombak
POSS isteri;.suami;.bini;.laki
COMPL
TOWARD kepada
kalau itu
engkau.sekalian
FROM sana
=
ini
babi
PST.ACY ISA.AV ikut;.mengikut;.berjalan.bersama.sama
upon.arising
MEREKA
huh
tidak
hari
gambar
SE LINKER day
kamar.tidur
PLURAL
kampung;.benua
where
ISA.AV isi
lalu
datuk,.kakek
2SG.NSUBJ.ACTOR
dua
tulang
rumah
=
setelah
semuka,.dahi
itu
DEF
tidak
saudara
ISA.AV cuba
NPST.ACH tinggal
Gunung.Kinabalu
=AWAK;.ENGKAU;.SAUDARA;.ANDA
oleh
DEF
datang
ISA.AV menyumpit
DEF
juga
asal
DEF
PST.UV pengangkutan
asal
lain,.sama,.seimbang,.sama.rata
run
condition
DEF
hutan
ini
orang
kepala
persimpangan
=
NPST.ACH selesai
EXIST ada
DEF
EXIST ada
orang
pelanduk
one
HAVING.Xed datang
MO.ACY makan
berkata
ATTR.ST bagus;.baik
FOCUS
DEF
DEF
Umpil
AUX.UV ISA.UV
DEF
ekor
ISA.AV menelan
engkau;.awak;.saudara;.anda
tidak
DI.DALAM
badan,.tubuh
=
siapa
orang
ras,.suku
beras
obat.penawar
rise
in
PST.AV ISA.AV pull.up
ISA.AV mandi
just
tidak
kalau
rumput
tetapi
orang
ubi.kayu
sepuluh
air
EXIST ada
bukit
ini
keluar
on.the.contrary
HAVING.Xed datang
DEF
PST.ACH happen
dada
ISA.AV tahan
DEF
awak;.engkau;.saudara;.anda
badan,.tubuh
barang,.benda
ALL
barangkali
ibu;.induk;.emak
ISA.AV beli
ATTR.ST ketakutan
ingin
juga
ingin,.ambisi
ISA.AV menyumpit
ATTR.ST masak
ATTR.ST kering
REF
PST.AV ISA.AV dayung
=
DEF
DEF
=SAYA;.AKU
DEF
just
bau
PST.UV get
saya
jadi
EMPHATIC
kemudian
ISA.AV dayung
kemudian
MO.ACY enter
putih
DEF
ringgit
lalu
DEF
sini
DEF
berkata
tidak
panggilan.sayang
=
berhenti
DIR kotor
DEF
=
payau,.rusa
bapa;.ayah
berkata
pergi
perahu
di;.ke;.pada
PST.ACL simpan;.bersembunyi
DIR kepada
DEF
ATTR.ST di.bawah
DEF
tidak
PST.UV beli
orang
DEF
di;.ke;.pada
=
Mual
TOO.BAD
=
PST.AV ISA.AV minum
pisang
ATTR.ST dalam
mulut
FOCUS
oleh
PST.AV ISA.AV buka
ATTR.ST besar
ALONE
suling;.bangsi;.seruling
DEF
berkata
belayar
ular
SEKARANG
DEF
PST.ACH sampai
budak,.anak
DEF
=
mata
PLURAL
ABILITY kill
DEF
one
tidak
DEF
ular
HUGE.DIFFICULTY
rumah
sana
Layut
DEF
DEF
di.sini
DEF
itu
sana
lama;.lampau
grope.for
di;.ke;.pada
DEF
ISA.AV tukar
nya
itu
juga
AUX.UV ISA.UV
ini
DIR kepada
KETUA.KAMPUNG,.KEPALA.DESA
DEF
ISA.AV merumputi;.menyiangi
juga
di;.ke;.pada
DEF
duit;.wang
kemudian
zaman.dahulu
DEF
ISA.AV mengatakan
Banggi
ATTR.ST kering
ISA.AV lower.into.water
cicak
Pinyahei
setiap.hari
PST.ACY pergi.ke
MO.ACY tangis
di;.ke;.pada
kemudian
3SG.NOM
daun.sirih
orang
PLURAL
DEF
whatever
menyumpit V.>.NMLZ
DEF
isteri;.suami;.bini;.laki
juga
terakhir
zaman.dahulu
saya
Tundungun
di;.ke;.pada
pagi
3SG.NOM
PST.ACY MO.ACY return
DEF
umbi
CONT bundle
DEF
condition
hantu
jadi
yet
dari.sana
dua
Jaruk
3SG.NOM
biji
NPST.ACH lapar V.>.ADVRS
mengapa
monyet
kampung;.benua
Domon
awak;.engkau;.saudara;.anda
juga
=
DEF
saudara
sikit.lagi;.hampir
PST.ACH happen
PST.ACY lihat
langit
kuih
CONT terbalik
EXIST ada
zaman.dahulu
ibu.bapa
juga
orang
ISA.AV beli
kemudian
adat
DEF
Mual
enough
kalau
lelaki
orang
ISA.AV mandi
ini
puas
one
dua
di;.ke;.pada
anjing
DEF
ISA.AV menyumpit
Beleha
DEF
kemudian
terkejut
lelaki
guna
ATTR.ST besar
DEF
DEF
3SG.NOM
plasenta
seperti
sekolah
=
tanaman
kami
=
DIR kepada
DEF
DEF
=KAMI
=
condition
kapal.yang.ada.pukat
DEF
DEF
apa
DEF
tenang
mengatakan
isteri;.suami;.bini;.laki
tidak
juga
Domon
asal
ISA.AV menggumpul
type.of.food
juga
PST.ACY datang
baldi;.timba
tree
tanya
itulah
DEF
PLURAL
lagi
tidak
=
DEF
jadi
mengapa
carry ISA.UV.IMP
mengatakan
tembikai,.semangka
mata
kami
PLURAL
tangan
DEF
ada
tapi
di.mana
MO.ACY emerge
DEF
=SAYA;.AKU
DEF
DEF
di;.ke;.pada
juga
babi
orang
NPST.ACH terbalik
berkata
engkau.sekalian
DIR kepada
DESIDERATIVE makan
MO.ACY tangis
ouch
ALONE
=SAYA;.AKU
keranjang;.bakul
DEF
woman
saudara
seperti,.serupa..sebagai;.seperti;.seolah.olah
orang
orang
pagar
kami
jadi
berkata
ATTR.ST tua
ibu;.induk;.emak
PST.ACL MO.ACY selami
pesan
ACY.C2 rela
seperti
DEF
pulau
di;.ke;.pada
PST.ACH sampai
=
bercakap;.mengata;.cakap
whatever
parts
hari
=
work
juga
very.long
DEF
DEF
PST.ACY MO.ACY rise
sini
ISA.AV larang
orang
nya
know
3SG.NOM
DEF
ibu;.induk;.emak
DEF
DEF
tidak
DIR kepada
setengah
di;.ke;.pada
isteri;.suami;.bini;.laki
dada
juga
doa
MEREKA
di.mana
bercakap;.mengata;.cakap
berian
itulah
PST.ACH selesai
kapal.yang.ada.pukat
lagi
PST.AV ISA.AV kubur
DEF
BULAN.APRIL
just
apa
where
DEF
mengatakan
DEF
dengan;.sama
sangat;.berlebihan;.sangat,.berlebihan
know
duri
kalau
reply
kepada
kampung;.benua
=
sana
DEF
babi
DEF
type.of.vegetable
ulat.kelapa
ISA.AV menanam
kayu
air
rumah
PST.AV ISA.AV club
MO.ACY lawan
DEF
DEF
PLURAL
juga
DEF
MO.ACY makan
bercakap;.mengata;.cakap
kemudian
orang
orang
orang
DEF
mengatakan
di;.ke;.pada
juga
=KAMI
juga
tapi
ISA.AV throw
POSS isteri;.suami;.bini;.laki
berkata
get
ABILITY tahan
kalau
tidak
berkata
racun
=
di;.ke;.pada
ISA.AV take
DEF
anjing
DEF
MO.ACY willing
juga
babi
engkau.sekalian
orang
cicak
berkata
itu
DEF
ibu;.induk;.emak
=
lama;.lampau
DEF
PST.UV isi
BIDAK;.BUKAN= ada
sini
Ponuh
bahasa
itulah
BIDAK;.BUKAN= saya;.aku
berkata
berkata
sini
apa
=
well
lain;.bukan
di;.ke;.pada
ISA.AV beli
nya
kemudian
di.sini
DEF
kemudian
orang
dua
orang
MO.ACY bising;.bunyi
saudara
pisang
kanan
juga
PST.ACY ACY.C2 isteri;.suami;.bini;.laki
bapa;.ayah
kotak
ISA.AV teriak;.menjerit
kemudian
tidak
ACY.C2 tohor
pagi
itu
condition
=
ISA.AV sekolah
ISA.AV isi
budak,.anak
lelaki
CONT bercakap;.mengata;.cakap
juga
PST.ACH happen
bukan
jalan.raya;.jalan.poros,.jalan
berkata
pagi
DEF
DEF
tidak
kami
warna
CONT bercakap;.mengata;.cakap
menyumpit V.>.NMLZ
DEF
INSTRV kebas;.mengebaskan
DEF
rumah
direct
DEF
=
ATTR.ST ketakutan
keluarga
DEF
sultan
belatik
berkata
ISA.AV operate.on
PST.AV ISA.AV obat
FOURTEEN
MENDEKATI
orang
sebelum,.dahulu
Banggi
just
nya
DEF
DEF
puncak.gedung
reason
ACL buruk
=
terbalik
engkau.sekalian,.kalian
Banggi
tetapi
Mual
tidak
saya
MULT.NUM satu
kadai
aih
peduli
ular
DIR kepada
jadi
DEF
PST.AV ISA.AV get
Karakit
mari.pergi
ISA.AV restrain
POSS ada
kalau
DEF
juga
itu
orang
time.of.confinement
BIDAK;.BUKAN= ada
ACL besar
engkau;.awak;.saudara;.anda
choice
=
MO.ACY descend
datang
DEF
orang
belatik
NPST.CAUS.AV CAUS.AV descend
=
DEF
HAVING.XED setelah
di;.ke;.pada
one
asal
anjing
kematian
kemudian
selamanya
sana
engkau.sekalian,.kalian
=
BIDAK;.BUKAN= saya;.aku
juga
DEF
ISA.AV fall.out
kemudian
parts
ke.mana
ALONE
DEF
=
DEF
=
work
benar
DEF
DEF
ISA.AV panah
tidak
berkata
gumpal
mengatakan
pemotong
=SAYA;.AKU
DEF
ular.sawa
explanation
EXIST ada
ISA.AV hantar;.menghantar
=
3SG.NOM
tiga
kalau
itu
ingin
Mual
budak,.anak
NPST.ACH die V.>.ADVRS
bung
=SAYA;.AKU
Ombok
Gunung.Kinabalu
tidak
bapa;.ayah
sebelum,.dahulu
ISA.AV beli
nya
Ombok
nyawa
MO.ACY return
boleh
tidak
DIR kepada
ikan
DEF
jejaka,.perjaka
bercakap;.mengata;.cakap
DEF
tiga
neraka
DEF
kita
ISA.AV cuba
PET give
=
ATTR.ST ketakutan
lebih.baik;.tambahan.pula
=
mereka
yet
isteri;.suami;.bini;.laki
jadi
kapal.yang.ada.pukat
pagi
POSS ada
berkata
ALONE
DEF
Nending
ISA.AV beli
tua
ISA.AV mengerang
rancangan
MO.ACY take.responsibility.for.pregnancy
ISA.AV pakai
get
PST.ACH empangan V.>.ADVRS
DEF
dari
adat
kemudian
bawa;.membawa ISA.UV
ubi.jalar,.ubi.rambat
PST.ACY datang
di;.ke;.pada
ISA.AV mencabut
DEF
darat
peduli
BIDAK;.BUKAN= ada
ATTR.ST bagus;.baik
lantai
jangan
ISA.AV kebun
kurang
keranjang.tangan
evaluative.exclamation.
ATTR.ST tua
Domon
awak;.engkau;.saudara;.anda
kemudian
mata
ALONE
isteri;.suami;.bini;.laki
ISA.AV mengatakan
umbut
kemudian
pergelangan.tangan
MO.ACY menoleh
jadi
ubi.keladi
di;.ke;.pada
Ubian
AUX.UV ISA.UV
PST.ACY ACY.C2 cepat,.gerak.cepat
NPST.CAUS.AV CAUS.AV bohong;.berdusta;.membohong
tidak
lagi
Domon
SEKARANG
tujuh
=
ISA.AV kering
EXIST ada
Mual
DEF
CONT bercakap;.mengata;.cakap
PST.ACL ACL merah
body
berkata
=
air
ular.sawa
ISA.AV timbangan
=
NEVER
lama;.lampau
=
PST.ACH mati;.meninggal.dunia
pergelangan.tangan
ISA.AV pergi.ke
Gikil
ISA.AV obat
ALONE
bubu
ISA.AV hidup
kemudian
ATTR.ST ketakutan
3SG.NOM
tetapi
berkata
cut.open ISA.UV
BATU.LAYAR.DARAT
ibu;.induk;.emak
tetapi
SEKARANG
pernah
ibu;.induk;.emak
kepada
asal
nya
jangan
COMPL
3SG.NOM
DEF
=SAYA;.AKU
PST.ACY ISA.AV ikut;.mengikut;.berjalan.bersama.sama
DEF
kampung;.benua
tapi
ISA.AV wash.(clothes)
BIDAK;.BUKAN= ada
DEF
di;.ke;.pada
DIR kepada
MO.ACY willing
itu
fish
MO.ACY stay
PST.ACH temu
ini
PST.AV ISA.AV get
lama;.lampau
lagi
BIDAK;.BUKAN= kami
air
kita
setelah
seperti
Kota.Kinabalu
fill.in.hole
jadi
budak,.anak
Domon
mari.pergi
Banggi
ATTR.ST sukar
di;.ke;.pada
seperti,.serupa..sebagai;.seperti;.seolah.olah
ISA.AV tinggal
DEF
ACY.C2 lay.down
just
ISA.AV follow;.take.passage.on
PST.ACY ACY.C2 pindah;.memindah;.menggerakkan;.mengalihkan
bagaimana
ISA.AV imitate
mata
=
payau,.rusa
tidak
juga
DIR kepada
kalau
3SG.NOM
engkau;.awak;.saudara;.anda
mati;.meninggal.dunia
DEF
sini
IMP.AV ISA.AV sakit
DEF
BIDAK;.BUKAN= ada
lengan
lima
sini
ini
ISA.AV pancing;.mata.kail
PST.UV reach
reason
dua
juga
itu
payau,.rusa
ISA.AV pull
=SAYA
ATTR.ST ketakutan
ISA.AV ikut;.mengikut;.berjalan.bersama.sama
saya
berkurang
people
PST.AV ISA.AV follow
Ombok
kampung;.benua
kepada
stay
kalau
NPST.ACH terbakar;.membakar
tidak
ISA.AV pupuk,.baja
DEF
juga
persimpangan
ubi.jalar,.ubi.rambat
MO.ACY makan
NPST.ACH kena
rumah
ISA.AV dekat
tetapi
3SG.NOM
Banggi
hairan
ATTR.ST bunting;.hamil;.mengandung
rumah
ATTR.ST makanan
perahu
DEF
BIDAK;.BUKAN= saya;.aku
DEF
ISA.AV hidup
DEF
ATTR.ST hidup
biji
ISA.AV minum
ISA.AV koyak;.robek;.sobek
DEF
ISA.AV beli
BULAN.NOVEMBER
kalau
air
ATTR.ST pahit
woman
PST.AV ISA.AV pierce.smthg
on
kalau
PST.ACH lari
DIR kepada
kemudian
engkau;.awak;.saudara;.anda
seperti,.serupa..sebagai;.seperti;.seolah.olah
budak,.anak
lagi
orang
semut
sana
SEKARANG
3SG.NOM
NPST.CAUS.AV CAUS.AV kain
finished
dahulu
ranting
tidak
orang
lalu
ISA.AV memarut
pisang
PST.ACH luka
ISA.AV draw.water
DEF
Mual
tidak
play.instrument
di;.ke;.pada
lagi
itu
tidak
tidak
fish
PST.ACH mati;.meninggal.dunia
MEREKA
juga
sultan
DEF
ISA.AV penjara
orang
budak,.anak
DIR kepada
know
barang,.benda
tidak
now
mati;.meninggal.dunia
MO.ACY willing
where
tidak
MO.ACY willing
=
.house.post
engkau;.awak;.saudara;.anda
ATTR.ST ketakutan
itu
bung
PST.AV ISA.AV mencabut
tapi
zaman.dahulu
sneak.out
DEF
saudara
juga
kampung;.benua
ISA.AV mengatakan
Ponuh
sikit.lagi;.hampir
CONT memintal
belakang
lelaki
itu
itu
=
ISA.AV obat
DEF
DEF
nanti
berkata
DEF
kelmarin;.semalam
ISA.AV pakai
DEF
juga
DEF
DIR sihir
betul
ISA.AV larang
orang
gaya
kemudian
tangan
terang.benderang
budak,.anak
SEKARANG
di;.ke;.pada
PET give
3SG.NOM
di;.ke;.pada
kemudian
aih
orang
=
NMLZR empat NMLZR
=
DEF
=
DEF
orang.Cina
Pangkalan.Darat
ISA.AV pergi.ke
belajar
NPST.CAUS.AV CAUS.AV descend
tidak
yet
=
tidak
orang
setelah
MO.ACY makan
where
fish
Mual
DEF
berani;.sanggup
ABILITY cium
ISA.AV clean.field.after.burning
ISA.AV kebun
saya
fish
DIR kepada
Mual
ini
CONT bercakap;.mengata;.cakap
juga
ISA.AV ikut;.mengikut;.berjalan.bersama.sama
ISA.AV ikut;.mengikut;.berjalan.bersama.sama
know
EXIST ada
get
zaman.dahulu
PST.ACY pergi.jalan
put.in.pot
orang
asal
kemudian
burung,.unggas
aih
reply
NMLZR tujuh NMLZR
DEF
Banggi
ISA.AV buang
tidak
Mual
datang
ATTR.ST ketakutan
lagi
SEKARANG
DEF
COMPL
kemudian
=
get
ACY.C2 berhenti
ALL
kampung;.benua
=
mari.pergi
Tagi
tidak
ACL besar
juga
BIDAK;.BUKAN= saya;.aku
ikan
dari
juga
sumbang
nama
ini
sana
monyet
bapa;.ayah
=
dasar.keranjang
DEF
di;.ke;.pada
DEF
=
ISA.AV mandi
juga
saya
PST.UV percobaan
Sungai
=
DEF
ATTR.ST besar
DEF
exit
DEF
MO.ACY return
bring ISA.MRK.UV
=
ISA.AV beli
erti,.arti
MO.ACY stay
di;.ke;.pada
sebelum,.dahulu
mengatakan
=
zaman.dahulu
=
MO.ACY makan
kemudian
=
beras
COMPL
Mual
=
IMP.ACY ACY.C2 bawa
3SG.NOM
orang
keinginan
berkata
type.of.tree
well
DEF
SEKARANG
ini
apa
mesti
DIR kepada
juga
apa.apa
NPST.ACH become
lama;.lampau
tidak
banyak
3SG.NOM
pernah
pergi
darat
BIDAK;.BUKAN= ada
ISA.AV bakar
PST.UV menjinjing
DEF
berkata
Banggi
=
ISA.AV cover
juga
condition
saudara
order
2SG.SUBJ.ACT
tidak
upacara.pengobatan
teh
di;.ke;.pada
itu
air
pernah
PST.ACY datang
orang
SEKARANG
tidak
MO.ACY return
DEF
benar
asal
DEF
pernah
gigi
di.mana
pada.mulanya,.mula.mula
DEF
bung
SE LINKER picah
DEF
kuali
telinga.gajah
NMLZR want NMLZR
saya
ALONE
isteri;.suami;.bini;.laki
saya
ada
on
kemudian
lima
ISA.AV cemburu.(orang)
3SG.NOM
HAVING.XED setelah
=
DEF
hari
Bukit.Sinambung
budak,.anak
get
ISA.AV light.fire
selamat
BIDAK;.BUKAN= awak;.engkau;.saudara;.anda
one
kereta
PST.AV IMP.AV buah.dada
rela
ACY.C2 rela
duit;.wang
=
HAVING.Xed raise.up
orang
=
kalau
reply
PLURAL
DEF
beras
sana
Kisima
ACCIDENTAL awake
tidak
know
isteri;.suami;.bini;.laki
orang
binatang,.hiwan
itu
ISA.AV cabut
PLURAL
engkau.sekalian
ini
PET give
DEF
DEF
sultan
kalau
lutut
DEF
DEF
SEKARANG
FOCUS
ISA.AV cemburu.(orang)
PST.ACH gemuk V.>.ADVRS
kemudian
ATTR.ST manis
naga
3SG.NOM
condition
pergelangan.tangan
ISA.AV ikut;.mengikut;.berjalan.bersama.sama
DEF
DEF
Abih
kemudian
MO.ACY willing
fill.in.hole
monyet
reply
DEF
payau,.rusa
PST.ACH mati;.meninggal.dunia
semalam
Banggi
ISA.AV khabar,.berita
mengapa
DEF
DEF
bercakap;.mengata;.cakap
EMPHATIC
duit;.wang
DIR kepada
lama;.lampau
jambatan
trial
mendudukkan
jadi
mati;.meninggal.dunia
apa.sahaja
di;.ke;.pada
rumah
ATTR.ST tua
kurus
tidak
NPST.ACH terbakar;.membakar
padi
DIR kepada
tidak
gaya
adversary
DEF
DEF
PST.ACH terbalik
HAVING.XED setelah
DEF
rumah
kawan
=
makan.sirih
DATE
PST.ACY ACY.C2 isteri;.suami;.bini;.laki
DEF
isi V.>.ADVRS
Intas
rambat
lengan
nakal
DEF
.house.post
engkau
ibu;.induk;.emak
FOCUS
di;.ke;.pada
bapa;.ayah
dahulu
tujuh
SEKARANG
ubi.kayu
now
ALONE
ALONE
api
kami
evaluative.exclamation.
know
sana
kecil;.sedikit
PST.AV ISA.AV rambat;.jala
engkau;.awak;.saudara;.anda
DEF
datuk,.kakek
=
sampai,.hingga
kemudian
CAUS.AV ISA.AV mengerang
know
PST.ACY MO.ACY makan.sirih
kemudian
dari
sarung
ISA.AV follow;.take.passage.on
ACL lemak
MEREKA
itu
di;.ke;.pada
mata
seperti
EXIST ada
orang
bercakap;.mengata;.cakap
duit;.wang
ISA.AV wash.(clothes)
=
reply
juga
HAVING.XED hancur
tua
bukit
Mual
Islam
itu
DEF
sampai,.hingga
DEF
tidak
MO.ACY tangis
kalau
di;.ke;.pada
know
di;.ke;.pada
friends
=
walk
kalau itu
RECP lawan
3SG.SUBJ
BIDAK;.BUKAN= ada
ibu;.induk;.emak
fish
HAVING.XED setelah
kampung;.benua
bapa;.ayah
Munsang
mati;.meninggal.dunia
AUX.UV ISA.UV
surga
ALONE
NPST.ACH malu
ISA.AV menyumpit
=AWAK;.ENGKAU;.SAUDARA;.ANDA
DEF
Kudat
dan
Domon
barang,.benda
air
Sagu.Woman
ALONE
adat
ingin
MO.ACY return
tidak
kayu
DEF
DEF
DEF
pukul
PST.AV ISA.AV pancing;.mata.kail
kulit
Pisina
know
DEF
dari.sini
betul;.penting;.benar;.tepat
awak;.engkau;.saudara;.anda
PST.AV ISA.AV kurik;.menggali
ISA.AV jemur;.menjemur
rumah
DEF
apa.apa
orang
surga
orang
=SAYA;.AKU
Kudat
ubi.kayu
bujur
jadi
fish
payau,.rusa
reply
di;.ke;.pada
pukul
anu
DEF
=
PLURAL
tidak
PST.ACY pergi.jalan
kemudian
yet
ISA.AV memburu.dengan.anjing
tidak
TOO.BAD
PST.ACY ACY.C2 kerja,.pekerjaan
=
=
PET give
3SG.NOM
ibu;.induk;.emak
evaluative.exclamation.
DEF
PLURAL
monyet
PST.ACY RECP temu
jangan
DIR kepada
DIR sihir
ular
DEF
LINKER batu;.ekor;.buah;.satu
DEF
saya
awak;.engkau;.saudara;.anda
ISA.AV ajar
ibu.bapa
orang
DEF
DEF
cincai
ISA.AV mengatakan
Beleha
dengan
=
ATTR.ST buruk
HAVING.XED setelah
kami
DEF
pokok.padi
duit;.wang
rumah
BIDAK;.BUKAN= saya;.aku
=
SEKARANG
manusia
IMP.ACY ACY.C2 menunggu
senang
MO.ACY makan.sirih
di;.ke;.pada
tangga
DEF
sarung
DEF
mata
campur
MO.ACY return
jangan
lama.kelamaan
kami
now
juga
kelmarin;.semalam
ibu.bapa
BALAI.RAYA,.BALAI.KOTA
DEF
CONT bercakap;.mengata;.cakap
betul;.penting;.benar;.tepat
di;.ke;.pada
COMPL
bisu
ATTR.ST ketakutan
penyu
adat
tidak
pernah
BIDAK;.BUKAN= ada
bapa;.ayah
air
mengirim
hendak
sini
datuk,.kakek
kelmarin;.semalam
titik.berat;.sepanjang
mengapa
=
Banggi
=KAMI
jadi
ISA.AV imitate
tidak
masak
tujuh
dua
burung,.unggas
=
MO.ACY pergi.jalan
juga
DEF
Mual
isteri;.suami;.bini;.laki
lelaki
PST.AV ISA.AV pergi.ke
=
DATE
apa
di;.ke;.pada
condition
DEF
reply
ISA.AV atap
lelaki
saya
SE LINKER day
kadai
DEF
work
kemudian
api
orang
NMLZR lima NMLZR
=SAYA;.AKU
perlihatkanlah
rumah
ATTR.ST kepanjangan
kampung;.benua
kemudian
juga
ISA.AV mandi
ISA.AV mengatakan
keranjang;.bakul
=
jembatan
ISA.AV ball.of.food
PST.AV ISA.AV chase
kemudian
ibu;.induk;.emak
ATTR.ST lama
DIR kepada
juga
=
itu
ATTR.ST dahulu
condition
ATTR.ST bagus;.baik
oh
saya
buah.dada
kurang
dengan
Mundam
=
EMPHATIC
enough
kecil;.sedikit
DEF
lama;.lampau
IMP.ACY ACY.C2 telanjang
berkata
berkata
kemudian
ulat.kelapa
DEF
berkata
DEF
Banggi
HAB dua.hari
tetapi
dia
DEF
sumbang
menceritakan
=
=
mengiris
ISA.AV chase
engkau.sekalian
gaya
ISA.AV buang
langit
=
kemudian
di;.ke;.pada
ISA.AV hantar;.menghantar
bukan
3SG.NOM
EMPHATIC
TOWARD kepada
seperti
IMP.AV ISA.AV get
oh
=
dunia,.bumi
rumah
lain;.bukan
tidak
Karakit
DEF
COMPL
reason
apa
ibu;.induk;.emak
=
yet
lama.kelamaan
DEF
isteri;.suami;.bini;.laki
sini
PST.AV ISA.AV beli
just
barangkali
=
amat
berkata
woman
kalau
engkau.sekalian
DEF
PST.ACY ACY.C2 bercakap;.mengata;.cakap
lelaki
kemudian
makanan
=
mereka
berkata
PST.ACY datang
DEF
berkata
DEF
nenek
ISA.AV melubangi
PST.AV ISA.AV pancing;.mata.kail
kami
nanti
kelmarin;.semalam
Balambangan
pintu
take.out
ini
forced
kami
suling;.bangsi;.seruling
tangalung
DEF
=AWAK;.ENGKAU;.SAUDARA;.ANDA
MO.ACY makan
3SG.NOM
ATTR.ST masak
petang.(lewat)
ujung,.pinggir
di.sini
saya
ular
asal
ibu;.induk;.emak
where
=
ibu;.induk;.emak
nya
get
rumah
nenas
Ponuh
MO.ACY tangis
ISA.AV take.down
one
burung.murai
ATTR.ST makanan
di;.ke;.pada
sabun
di;.ke;.pada
hal,.perihal
juga
=
tidak
menangis
mati;.meninggal.dunia
type.of.snake
order
Kobit
DEF
Beleha
orang
ACL kepanjangan
nanti
kaki
PST.ACY MO.ACY leave
=
orang
DEF
PST.ACH mati;.meninggal.dunia
PST.ACY berbisik
tidak
now
=
kemudian
ABILITY hear
berkata
PST.ACY ACY.C2 isteri;.suami;.bini;.laki
DEF
juga
DEF
DEF
bagaimana
bukan
oleh
pasti
dua
=
lagi
awak;.engkau;.saudara;.anda
budak,.anak
order
mengatakan
tidak
jerat
penyu
ingin,.ambisi
know
berkata
di.mana
daun.sirih
DIR kepada
ISA.AV minum
kemudian
nya
ATTR.ST hitam
zaman.dahulu
DEF
di;.ke;.pada
one
berkata
ini
Allah
DEF
burung.merbah
dahulu
evaluative.exclamation.
DEF
ISA.AV pemotong
budak,.anak
=
kalau
yet
one
PST.ACY datang
DEF
DEF
HAVING.XED setelah
DEF
own
kita
saudara.sepupu
COMPL
tebu
ISA.AV say
DEF
=KAMI
ISA.AV panggang