DEF
DEF
DEF
PST.UV putus
SE LINKER semalam
DEF
kami
=
air
EXIST ada
budak,.anak
PST.ACY ACY.C2 makan
itu
mati;.meninggal.dunia
saudara
tiap
DEF
di;.ke;.pada
berkata
tidak
DEF
di;.ke;.pada
ALONE
know
nenek
jalan.raya;.jalan.poros,.jalan
DEF
PST.ACY MO.ACY jawab
DEF
belajar
MEREKA
kemudian
kena
DIR light.fire
lesung
tidak
ATTR.ST besar
kalau
=
lama;.lampau
tentang
COMPL
mata
Banggi
engkau;.awak;.saudara;.anda
bercakap;.mengata;.cakap
DEF
HAVING.XED exit
berkata
DEF
engkau;.awak;.saudara;.anda
rumah
DEF
lagi
SEKARANG
kemudian
rotan
Ponuh
isteri;.suami;.bini;.laki
lagi
Kumbal
puas
dahulu
where
kemudian
=
DEF
order
juga
ACY.C2 mengikatkan.
=
malam;.pada.waktu.malam
DEF
Limbuak
kunau
pelanduk
tidak
ABILITY dapat
PST.AV ISA.AV tinggal
lima
nineteen
tidak
=
SEKARANG
datuk,.kakek
awak;.engkau;.saudara;.anda
di;.ke;.pada
mati;.meninggal.dunia
datuk,.kakek
barang,.benda
kis,.hal
isteri;.suami;.bini;.laki
DEF
DEF
nya
DEF
DEF
lapan.puluh
order
DEF