nâdö#ᴄᴏᴍ.
të-#Ʀʟ.3ᴀᴜɢ ö-#ᴍꞮᴅ pi#say ==pe#=ᴄᴏЅ -mü#PᴅꞮƦ.HITHER ==lö#=3ᴀᴜɢIA
sâ-#ᴘꜰᴠ
nölâ#place
yölü#put -tö#GᴅꞮƦ.IN läblö#together -bë#PᴅꞮƦ.YON ==le#=3ᴍꞮɴIA
në-#ɴᴍʟᴢ1 vë#go -dë#GᴅꞮƦ.UP ==pe#=ᴄᴏЅ -kö#ɴᴍʟᴢ.ᴘᴄꜰʟ -mü#PᴅꞮƦ.HITHER
kopoöa#copra
-#3ᴀᴜɢ1 suti#want ==pe#=ᴄᴏЅ
kâng#those
kä..#ѕᴜʙʀ
kökâ#ʀᴘʀɴ2.ᴅᴇᴍ2.ᴅɪѕᴛ
të-#Ʀʟ.3ᴀᴜɢ vë#go ==pe#=ᴄᴏЅ ==ng#=3ᴀᴜɢIS
-#3ᴀᴜɢ1 rpna'#shoot mou#again -mü#PᴅꞮƦ.HITHER
ä#and
bznwz#Bznwz.vil
be.nyz.rplz#TROCHUS
da#thing
da#thing
në-#ɴᴍʟᴢ1 mnâ#be -kö#ɴᴍʟᴢ.ᴘᴄꜰʟ
nüni#mat
nâ#fish
köla#ʀᴘʀɴ2.ᴅᴇᴍ1.ᴘʀᴏχ
-#3ᴀᴜɢ1 blüki#dirty ==ng#=3ᴀᴜɢIS
sâ-#ᴘꜰᴠ
nëlu#coconut
ä#and
në-#ɴᴍʟᴢ1 köka'#pray -kö#ɴᴍʟᴢ.ᴘᴄꜰʟ ==de#=3ᴍꞮɴII
më#ᴘʀᴇᴘ
ëlwë#much
më#ᴘʀᴇᴘ
a'#but
ä#and
la#ᴅᴇᴍ1.ᴘʀᴏχ
nyë#ᴘᴄꜰʟ.ʙ&ɢ ==dö#=3ᴀᴜɢII
më#ᴘʀᴇᴘ
prcpelz#propeller
kxpipz#little
kâ#ᴅᴇᴍ2.ᴅɪѕᴛ
dzbede#group
lue#water
tü-#Ʀʟ mu#eat ==pe#=ᴄᴏЅ ==kö#=1ᴀᴜɢI
në-#ɴᴍʟᴢ1 glü#carry -tö#GᴅꞮƦ.IN ==pe#=ᴄᴏЅ -mü#PᴅꞮƦ.HITHER
jenwzri#January
peao#dry.coconut.leaf
më#ᴘʀᴇᴘ
tömâtu#island
në-#ɴᴍʟᴢ1 wë#make -kö#ɴᴍʟᴢ.ᴘᴄꜰʟ ==gö#=1ᴀᴜɢII ==le#=3ᴍꞮɴIA
kä..#ѕᴜʙʀ
nâbö#cross
merikz#USA,.AMERICA