n==#=
koon#makanan
na#DEF
kerah#monyet
ontokng#type.of.medicinal.plant
mual#Mual
kei#juga
-in-#PST.ACY gi-#ACY.C2 nipi#mimpi;.bermimpi
n-#ATTR.ST doot#buruk
bas#pernah
gien#where
na#DEF
-in-#PST.ACY g-#ACY.C2 ohodn#makan
ng-#ISA.AV irah#ajar
bonggi#Banggi
in-#PST.UV undah#membaiki
ng-#ISA.AV asak#menanam
matakng#datang
umai#gadis
na#nya
nentaadn.na#ALL
diaa#darat
jadi#jadi
na#DEF
kirab#kelmarin;.semalam
siga#PLURAL
oduh#nenek
nd==#BIDAK;.BUKAN= ou#saya;.aku
nubuh#kemudian
n-#ISA.AV -uurdn#ikut;.turun
na#DEF
teih#tapi
mekul#Michael
longon#lengan
robi#malam;.pada.waktu.malam
ei#adu
na#DEF
-betang#name.something -an#ISA.UV
lama#orang
oid#perahu
na#DEF
==ku#=
nd==#BIDAK;.BUKAN= ara#ada
pudn#pun,.bahkan
na#DEF
bunua#kampung;.benua
mbat#evaluative.exclamation.
nd==#BIDAK;.BUKAN= ara#ada
bohit#burung,.unggas
na#DEF
silah#ubi.jalar,.ubi.rambat
-in-#PST.AV m-#ISA.AV -ati#kill
ndah#tidak
tuah-mulah#legenda
dua-belas#twelve
nd==#BIDAK;.BUKAN= ara#ada
ndah#tidak
lama#orang
simbatu#one
di#di;.ke;.pada
min-#TOWARD di#kepada
mual#Mual
di#di;.ke;.pada
nge-#ISA.AV lambi#wave.good.bye
-i-#PST.UV tohop#cover
di.soid#DI.DALAM
karukng#karung
-i-#PST.ACY m-#MO.ACY ulih#return
orob#belatik
nti#ini
ndah#tidak
asal#asal
deirdn.na#ALONE
tiaah#panggilan.sayang
na#DEF
-in-#PST.ACY ge-#ACY.C2 saa#isteri;.suami;.bini;.laki
engat#reply
m-#ISA.AV iaah#ikut;.mengikut;.berjalan.bersama.sama
asal#asal
pelanduk#pelanduk
==a#=AWAK;.ENGKAU;.SAUDARA;.ANDA
apuh#datuk,.kakek
mual#Mual
ugama#agama
lotong#Lotong
ringah#sebelum,.dahulu
libudn#woman
==ku#=
ig-#ACY.C2 timung#bergaul
==ku#=
bonggi#Banggi
na#DEF
m-#ISA.AV -urubut#menghunus
-i-#PST.ACY m-#MO.ACY ulih#return
na.haah.na#SEKARANG
pa#yet
nubuh#kemudian
ng-#ISA.AV uit#kulit
babi#babi
kuit#kulit
m-#NPST.ACH etak#tinggal
nubuh#kemudian
ng-#ATTR.ST koon#makanan
induh.amah#ibu.bapa
keng-#DIR di#kepada
na#DEF
na#DEF
onu#apa
kuakng#hantu;.Iblis;.suangi;.jin;.setan;.syaitan
baar-baar#sungguh
pudn#pun,.bahkan
-in-#PST.UV buat#buat
sama#lain,.sama,.seimbang,.sama.rata
lempad#terbang
tapih#tetapi
giil#penjara
me-#NPST.ACH dadi#become
medoot#barang,.benda
bali#rumah
ki-#EXIST ara#ada
tapih#tetapi
na#DEF
dei#jangan
mondog#hiwan.khayal
mah#dan
n-#PST.ACH -desadn#befall
mah#dan
in-#PST.UV -ipah#simpan;.menaruh;.meletakkan
tapih#tetapi
hei#juga
pisinah#Pisina
punggah#bagaimana
bunua#kampung;.benua
ba#EMPHATIC
ditah#racun
ou#saya;.aku
n==#=
n-#ISA.AV -uhar#tukar
ng-#ISA.AV kuah#pergi.ke
ina#itu
linda#Linda
na#DEF
ndah#tidak
pandi#know
baar-baar#sungguh
pandi#know
hina#tadi
punti#pisang
ba#EMPHATIC
lama#orang
nti#ini
in-#PST.UV abis#selesai
simbatu#one
anak#budak,.anak
bali#rumah
ndah#tidak
anak#budak,.anak
m-#ISA.AV oroh#mengatakan
na#DEF
bakng#kalau
na#DEF
waris#keluarga
keng-#DIR di#kepada
uhu#engkau.sekalian
atakng#semasa;.sedang;.sambil
meraah#type.of.tree
tau#know
==ku#=
asal#asal
i==#=
beig#air
nti#ini
kusang#Kusang
kibunggakng#hairan
mondog#hiwan.khayal
keng-#DIR di#kepada
amah#bapa;.ayah
di#di;.ke;.pada
pandi#know
induh#ibu;.induk;.emak
turuh#tujuh
tina#nanti
sia#3SG.NOM
dua-belas#twelve
nubuh#kemudian
tuhad#tangga
di#di;.ke;.pada
nti#ini
na#DEF
nu#AUX.UV -an#ISA.UV
m-#ATTR.ST omis-#INTENSIFIER omis#manis
tidi#dari
nubuh#kemudian
louk#fish
na#DEF
na#DEF
poroh#mengatakan
m-#NPST.CAUS.AV m-#MO.ACY ohodn#makan
alih#bung
leid#lama
maap#boleh
bangsa#ras,.suku
ina#itu
ig-#ACY.C2 boboh#mulut
soid#di.dalam
ng-#ISA.AV irubm#look.for
ngu-#ISA.AV duah#descend
suruh#direct
bali#rumah
poroh#mengatakan
depoordn#dapur
ndah#tidak
nu#engkau;.awak;.saudara;.anda
ina#itu
lama#orang
nubuh#kemudian
diaadn#saya
medoot#barang,.benda
na.haah.na#SEKARANG
sia#3SG.NOM
mekul#Michael
dii#sana
-i-#PST.ACY m-#MO.ACY ulih#return
di#di;.ke;.pada
tolu#tiga
maap#boleh
kuman#pakcik;.bapa.saudara
puas#puas
tulakng#tulang
n-#ISA.AV -impasag#menghentakkan
apuh#datuk,.kakek
pe-#IMP.AV ng-#ISA.AV ai#get
punggah#bagaimana
nd==#BIDAK;.BUKAN= ara#ada
ndah#tidak
m-#ISA.AV oroh#mengatakan
engat#reply
-i-#PST.ACY m-#MO.ACY ulih#return
puruh#pulau
hah#diminutive;.doubt
uubm#bahasa
keng-#DIR di#kepada
==ku#=
adat#adat
ina#itu
aha#awak;.engkau;.saudara;.anda
n==#=
maap#boleh
nganggabm#grope.for
suala#argument
di#di;.ke;.pada
na#DEF
nd==#BIDAK;.BUKAN= ihi#kami
buh#lama;.lampau
na.haah.na#SEKARANG
==hu#=SAYA;.AKU
gatakng#berian
ndah#tidak
n==#=
ina#itu
na#DEF
pa#yet
-i-#PST.ACY -m-#MO.ACY duah#descend
ina#itu
na#DEF
bas#pernah
dia#sana
na#DEF
tingih#Tingih
ina#itu
in-#PST.UV -atad#hantar;.menghantar
ina#itu
na#DEF
na#DEF
ali#beberapa
m-#ISA.AV injarah#penjara
nubuh.deirdn.na.hai#DI.KUMUDIAN
buaidn#bulan
nu#engkau;.awak;.saudara;.anda
domon#Domon
-in-#PST.UV tolnon#telan
sarakng#sangkar
saa#isteri;.suami;.bini;.laki
na#DEF
jaruk#Jaruk
ba#EMPHATIC
saa#isteri;.suami;.bini;.laki
mu-#NPST.ACH tukng#terbakar;.membakar
nd==#BIDAK;.BUKAN= ara#ada
ndah#tidak
pelanduk#pelanduk
i-#PST.ACY g-#ACY.C2 ahut#bawa
toyuk#kecil;.sedikit
m-#ATTR.ST odobm#hitam
kehoi#gigit,.menggigit -dn#ISA.UV
mv-#NPST.ACH abis#selesai
ki-#PET biri#give -adn#ISA.MRK.UV
aa#itulah
silabm#Islam
puhul#pukul
hei#juga
ou#saya;.aku
hei#juga
ki-#EXIST ara#ada
domon#Domon
salakng#damar
na#DEF
ba#EMPHATIC
p-#NMLZ beranja#belanja -adn#V.>.NMLZ
na#DEF
na#DEF
gien#where
m-#ISA.AV iaah#ikut;.mengikut;.berjalan.bersama.sama
nd==#BIDAK;.BUKAN= ara#ada
uhu#engkau.sekalian
ou#saya;.aku
-i-#PST.IND.CAUS.UV p-#CAUS.AV ohodn#makan
gagi#gaji;.upah
na#DEF
nd==#BIDAK;.BUKAN= ou#saya;.aku
nubuh#kemudian
tibai#Tibai
na#DEF
ou#saya;.aku
puudn#tree
ihi#kami
nge-#ISA.AV dahap#seize
anu#anu
nubuh#kemudian
==a#=AWAK;.ENGKAU;.SAUDARA;.ANDA
me-#NPST.ACH tomu#temu
n-#ISA.AV -ehat#cabut
mekul#Michael
kudat#Kudat
deirdn.na#ALONE
biri#give -adn#ISA.MRK.UV
sia#3SG.NOM
kasu#stripping.used.for.thatching
na#DEF
ki-#EXIST ara#ada
==hu#=SAYA;.AKU
kaadn#berkata
lama#orang
ou#saya;.aku
deirdn.na#ALONE
ta#berdua
-in-#PST.ACY gi-#ACY.C2 -ribuk#mourn.self.destructively
maap#boleh
pem-#INSTRV asah#basah
nge-#ISA.AV -dadar#selari
ng-#ISA.AV kuah#pergi.ke
-i-#PST.ACY m-#MO.ACY ulih#return
hei#juga
m-#MO.ACY ulih#return
==hu#=
na#DEF
saa#isteri;.suami;.bini;.laki
teih#tapi
toudn#tahun
kuiih#sana
bali#rumah
kaadn#berkata
bagi#bahagi;.membahagi
ng-#ISA.AV ahudn#sanggup
ndah#tidak
mah#dan
saa#isteri;.suami;.bini;.laki
na#DEF
sia#3SG.NOM
ndah#tidak
ng-#ISA.AV biidn#pesan
kimpusadn#terakhir
atau#atau
tidi#dari
na#DEF
i==#=
na#DEF
na#DEF
ng-#ISA.AV kuah#pergi.ke
suruh#order
na#DEF
bas#bas
na#DEF
me-#NPST.ACH lou#malu
in-#PST.UV ei#get
anak#budak,.anak
me-#NPST.ACH kehas#uncovered -adn#V.>.ADVRS
na#DEF
engat#reply
na#DEF
deirdn.na#ALONE
babi#babi
-i-#PST.UV tombol#tambal,.tampal
hei#juga
saa#isteri;.suami;.bini;.laki
lama#orang
ina#itu
na#DEF
keng-#DIR di#kepada
di#di;.ke;.pada
buh#lama;.lampau
ng-#ISA.AV -undakng#intend.to;.about.to;.attempt
mah#dan
ki-#EXIST ara#ada
na#DEF
na#nya
na.haah.na#SEKARANG
kudat#Kudat
dei#jangan
di#di;.ke;.pada
-i-#PST.ACH mati#mati;.meninggal.dunia
mual#Mual
ou#saya;.aku
bali#rumah
m-#ISA.AV uun#minta.diri
ou#saya;.aku
buh#lama;.lampau
dua#dua
tuni#body
siidn#duit;.wang
na#DEF
suhup#enough
lama#orang
bonggi#Banggi
di#di;.ke;.pada
na#FOCUS
tumbuh#bertunas
ulakng#ular
ti#kita
n-#PST.ACH togob#terbalik
kerah#monyet
keng-#DIR di#kepada
na#now
dii#sana
bigah#telinga.gajah
i==#=
na#DEF
langgu-langgu#approximate.length
sampai#sampai,.hingga
guakng#jiwa
uhu#engkau.sekalian
hah#diminutive;.doubt
nd==#BIDAK;.BUKAN= ara#ada
leidn#lain;.bukan
-in-#PST.AV pi-#IMP.AV sidukng#di.bawah
beig#air
m-#ISA.AV iaah#ikut;.mengikut;.berjalan.bersama.sama
in-#PST.UV aap#dapat
mah#dan
amah#bapa;.ayah
bali#rumah
me-#NPST.ACH lou#malu
mah#dan
n-#ISA.AV ugah#isi
na#DEF
engat#reply
suad#bercakap;.mengata;.cakap
bali#rumah
pi-#CAUS.AV n-#PST.ACL -iag#awake
m-#ATTR.ST egat#berat.badan
ari#hari
ki-#NMLZR lima#lima -an#NMLZR
pegogot#hold.on
dei#jangan
adat#adat
baa#mari.pergi
kerah#monyet
toyuk#kecil;.sedikit
leid#lama
-m-#MO.ACY -bahus#grab
n-#ISA.AV onduk#senduk
ng-#ISA.AV uit#kulit
gulu#dahulu
dei#jangan
na#DEF
katih#di.sini
bas#pernah
in-#PST.UV abis#selesai
nubuh#kemudian
pangan#kawan;.sahabat
suad#bercakap;.mengata;.cakap
-in-#PST.ACY panu#pergi.jalan
na#DEF
gigiu#Gigiu
pi-#CAUS.AV biaah#ikut;.mengikut;.berjalan.bersama.sama
mati#mati;.meninggal.dunia
ina#itu
ou#saya;.aku
na#DEF
na#DEF
ndah#tidak
dii#sana
robi#malam;.pada.waktu.malam
==hu#=SAYA;.AKU
na#DEF
bali#rumah
-i-#PST.ACY m-#MO.ACY ulih#return
i-#PST.AV m-#ISA.AV obod#memintal
mansabm#bangsa;.macam
anak#budak,.anak