nday
hǫǫ- thädn
nił- 'eł
k'üh
iin
nuh- tsǫǫ
t'eey
ishyiit
jahxan
ch'aachin'
na- ts'- el- süü
iin
hǫǫ- łįį
s- tsǫǫ
ch'itsanh
ni- nįį- dlay
eh- nih
mb- ookol
ay
hugn
ha- dih- 'ąą
su'
laa
aa- haał
tthee
nts'ąą'
eh
dineh
jah
ch'iik'on
y- eh- nih
eh
nee- ts'ą'
ay
hǫǫ'
shyįį'
tįį- xaan
įį- mbeeł
shyiit
ski- i- hol- shyeek
noo'
dahdzäł
ła'
nih- thänh
hu- dziit
shyiit
oh
de'
teejuh
m- ǫǫndaa
hu- tee- łe'
el- tsiin
xay
xah
i- ts'iiniin'
k'it
ne'
ts'ą̈'
chih
nts'ą̈'
neexon'
tsin'įį
nee- haał
negn'
łįį
t'axoh
tädn
xah
ay
kol
na- a- tdagn- shyeeł
ddhuugn
iin
k'eh
y- eh
tädn
nee- nąą
di- nąą
shyiit
eh
nih
hǫǫ- łįį
tsin'įį
t'eey
ay
ts'iikeey
sh- eh- nih
ay
ts'igąągn
n- t'eh
t'axoh
ddhuugn
hǫǫ
da- nee- dlay
de'
ishyiit
tąy
y- eh- nih
gaay
tseh- shyoh