suddenly
PL
AR.S:Ø.PFV:Ø. be:IPV:NOM
flour
CT
there
mountain
no
GIRL
in
CT
PROX. AR. ahead:ALL
NEG
INDF.O. 3PL.S:Ø.IPV:H. filet:IPV:NOM
ADVZR
for
ADVZR
3SG.S>3SG.P. for
1SG
on
moose
rope
when
NTRL. up:AR
3SG
when:PST
PL
1SG.PSR. grandmother
sympathy
but
children
be.good:IPV:NOM
PP. PEJ. NEG.PFV:1SG.S:D. not.know:IPV
3SG.S>3SG.P. with
there
quickly
OUT. 3SG.S:QUAL:Ø.IPV:H. smoke.moves:IPV:CUST
3SG
INC:QUAL:AA.PFV:Ø. 3SG.S>3SG.O. 3SG.S:QUAL:AA.PFV:H. PL.move:PFV:ERR
old.man
like
1PL.S:QUAL:Ø.PFV:L. think:IPV:NOM
AND.THEN
still
WEAPON. 3SG.S:INDF.O:QUAL:DH.PFV:D. handle.LRO:PFV:NOM
old.man
small
big
PRMB. INC:AA.IPV:1SG.S:H. handle.LRO:IPV:CUST
CT
how
3SG
etc.
while
PL
NEG
TERM. OPT:2SG.S:D. SG.go:OPT
and
3SG.S:OPT:Ø. SG.sleep:OPT
CT
2PL.O. to
NTRL. upland:AR
3SG.S>3SG.P. Ø.IPV:H. say:IPV
3SG.S>3SG.P. on
only
2SG
when
1PL.PSR. food
blueberry
people
3SG
1SG
CT
and
UP. IT. 3SG.S:QUAL:AA.IPV:Ø. SG.fly:IPV:PROG
fish
UP. DH.PFV:2SG.S:Ø. handle.PL.O:PFV:NOM
at:PNCT
IGN
and
earth
1SG.P. 3SG.S:Ø.IPV:H. say:IPV
AR.S:Ø.PFV:Ø. be:IPV
if
fish
3SG.PSR. name
3PL.P. with
COMPLETELY. 3SG.S:QUAL:DH.PFV:Ø. burn:IPV
3PL.P. to
thank.you
AND.THEN
IT. 1PL.S:INC:Ø.IPV:Ø. PL.go:IPV
and
ADVZR
3SG.S:QUAL:Ø.PFV:Ø. be.big:IPV:NOM
NEG
3PL.S. QUAL:QUAL:Ø.IPV:Ø. speak:IPV:NOM
also
upland:PNCT
also
and
thus
animal
at:PNCT
AR.S:Ø.PFV:Ø. be:IPV
1PL.S. 3SG.S:DH.PFV:Ø. handle.PL.O:PFV
at:AR
oh
AND.THEN
those
1PL.S:INC:Ø.IPV:Ø. move.nomadically:IPV:NOM
3SG.PSR. mother
old.man
IT. 3SG.S:QUAL:Ø.IPV:L. tell.story:IPV:NOM
water
ADVZR
night
1PL.O. 3PL.S:Ø.IPV:H. bother:IPV:NEG
no
3SG.P. with
AR.S:Ø.PFV:Ø. be:IPV:NOM
mountain
when
IT. 3SG.S:INC:OPT. D:SG.go:OPT:CUST:NOM
big
3SG
thus
do:IPV:NEG
INDF.S. 3SG.S>3SG.O. QUAL:AA.IPV:Ø. PL.fly:IPV:PROG
1SG.P. following
3SG.S:Ø.PFV:Ø. classify.CO:IPV
3SG.S:Ø.IPV:Ø. cry:IPV
night
in
and
willow
on
OPT:2SG.S:Ø. be:OPT
1SG.PSR. maternal.aunt
with
SG.fetch:IPV
and
3SG
HEARING. 3SG.S:INC:DH.PFV:H. extend:IPV
ADVZR
PL
3PL.S:Ø.IPV:H. SG.die:IPV:CUST
oh
3PL.P. meandering.through
at:AR
on
3SG.S:INC:AA.IPV:H. snow:FUT:NOM
3SG.PSR. nose
for
thus
PROX:AR. across:ALL
also
big
INTO.FIRE 3PL.S>3SG.P. QUAL:AA.PFV:H. LRO.moves.quickly:PFV
shore
CONT. 3SG.S:Ø.IPV:H. wash:IPV
ok
REFL.PSR. mother
IT. 3SG.S:N.PFV:D. SG.go:PFV
come.in
OUT. 3PL.S:N.PFV:Ø. SG.go.PFV:NOM
FOC
rock.fish.fence
for
white.person
3SG.S:N.PFV:Ø. handle.PL.O:PFV:NOM
3SG.S>3SG.P. Ø.IPV:H. say:IPV
PRMB. INC:Ø.IPV:H. get.dark:PFV
like
FOC
who
3SG
and
finally
song
CONT. 3PL.S:Ø.IPV:H. PL.sleep:IPV
ADVZR
3PL.S. QUAL:DH.PFV:L. PL.stay:IPV
under
INC. DH.PFV:1SG.S:Ø. SG:sleep:PFV
and
3SG.S:QUAL:Ø.PFV:L. be.white:IPV:NOM
3SG.S>3SG.P. Ø.IPV:H. say:IPV
ok
across:ALL
3SG.PSR. older.brother
finally
1SG.PSR. maternal.uncle
OUT. IT. HEARING. 3PL.S. INC:Ø.IPV:D. PL.go:IPV:CUST
when:FUT
what
3PL.S. laugh:IPV:NOM
here
winter
GIRL
3SG.P. following
3SG.S:QUAL:QUAL:Ø.IPV:Ø. speak:IPV:NOM
3PL.PSR. hearing
CT
but
3SG.P. for
PROH
there
finally
CT
OUT. IT. 3SG.S:AA.PFV:D. SG.go:PFV
INDF.PSR. older.sister
quickly
spruce
AR.S:Ø.PFV:Ø. be:IPV:NOM
like
where
but
NEG
GIRL
3PL.PSR. nest
like
fish
ADVZR
3
for
at:PNCT
1SG
RECP.P. PEJ. 3PL.S:Ø.IPV:D. not.know:IPV
FIGHTING. 3PL.S. INC:AA.IPV:Ø. PL.go:FUT
thus
NTRL. out:AR
3PL.S:Ø.IPV:Ø. say:IPV:CUST
small
1SG
and
still
tent
there
like
3SG.S>3SG.P. Ø.IPV:H. say:IPV
dentalium
rope
all.long
OUT. 3SG.S:Ø.PFV:Ø. swim:PFV
and
ADVZR
ADVZR
PL
AR. PROX. upland:ALL
sheep
thus
3PL.PSR. food
because
3PL.S:Ø.IPV:Ø. say:IPV
when
and
dog
freeze:PFV:NEG
all.long
THERE
PROH
child
ADVZR
NEG
and
no
REFL.PSR. mother
3SG.S:Ø.IPV:H. say:IPV
person
big
UP. 3SG.S:DH.PFV:Ø. SG.sit:IPV
INDF.PSR. younger.sister
?. PEJ. NEG.PFV:1SG.S:D. not.know:IPV
ADVZR
no
old.man
3SG.S>3SG.P. Ø.IPV:H. say:IPV
morning
on
on
also
3SG
ochre
blueberry
grandchild
spear
1PL.O. 3SG.S:Ø.IPV:H. say:IPV
blueberry
in
TERM. 3SG.S:N.PFV:Ø. SG.go:PFV
teapot
3SG.S:QUAL:AA.PFV. hear:IPV
DUB
thank.you
AR.P. to
but
from
two
here
and
for
and
ADVZR
3SG.S:QUAL:DH.PFV:Ø. INC. N.PFV:Ø. pray:IPV:NOM
in
where:PNCT
ADJC. outside:PNCT
INC:AA:IPV:H. smell:FUT
there
INC:AA.IPV:1SG.S:Ø. do:FUT
3SG.S>3SG.PSR. pack:POSS
NTRL. ahead:ALL
3SG.S:QUAL:Ø.PFV:L. be.white:IPV:NOM
ADVZR
downriver:ABL
person
big
3PL.S:Ø.IPV:Ø. holler:IPV:NOM
3SG.PSR. house
NEG
swan
only
here
there
3SG.S:Ø.IPV:L. appear:IPV:NOM
CONT. 3PL.S:Ø.IPV:Ø. PL.go:IPV:CUST
big
God
AR.S. 3SG.S:AA.PFV:Ø. SG.go:PFV
spruce
upland:ALL
soup
FOC
3PL.P. for
TO.SIDE. 3SG.S:QUAL:DH.PFV:L. extend:IPV
like
children
TO.CHECK
TERM. 3PL.S. N.PFV:Ø. PL.go:PFV:NOM
PL
QUAL:I.PFV:1SG.S:H. see:IPV
3SG.S>3SG.P. Ø.IPV:H. say:IPV
CT
PL
there
for
3PL.S:Ø.IPV:Ø. say:IPV
INSIDE. N.IPV:2PL.S:Ø. PL.go:IPV:IMP
3SG.S:CON:Ø.IPV:Ø. grab:PFV
and
1SG.P. in.front
and
two
1PL.S:INC:AA.IPV:Ø. be:FUT:NOM
PURP
FOC
INDF.PSR. at
2PL.P. behind
AR.S:DH.PFV:D. happen:PFV
and
FOC
ADVZR
1SG
how
INC:AA.IPV:1SG.S:H. jump:FUT
ADVZR
wood
1PL.S. 3SG.S:Ø.IPV:H. trap:IPV
at:AR
finally
IT. 3PL.S:AA.IPV:D. PL.go:IPV:PROG
ADVZR
IT. Ø.IPV:1SG.S:L. hunt:PFV:NOM
middle.of
from
ADVZR
fire
winter
water
if
QUAL:Ø.PFV:1SG.S:Ø. be.scared:IPV
when
also
CONT. 3PL.S:Ø.IPV:Ø. PL.go:IPV:CUST
1SG
ADVZR
3PL.S. QUAL:DH.PFV:L. hear:IPV
and
IT. 1PL.S:DH.PFV:D. PL.go:PFV
AR.S. INC:DH.PFV:Ø. be:PFV
at
3PL.PSR. blanket:POSS
INDF.PSR. older.sister
?. Ø.IPV:1SG.S:L. remember:IPV:NOM
when:FUT
who
on
also
to
only
3SG
for
when
GIRL
no
DOWN. 3PL.S:N.PFV:Ø. move.nomadically:PFV
3SG.O. NEGEX
1SG.PSR. grandfather
3SG.S:Ø.IPV:H. say:IPV
PL
what
ADVZR
head
thus
old.man
at:AR
muskrat
PROX. AR. ahead:ALL
old.lady
ADVZR
3SG.S:N.PFV:D. move.quickly:PFV:NOM
2PL.PSR. mother
moose
DIFFERENT. place
CONT. AR. 3SG.S:Ø.PFV:Ø. shake:PFV?
NEG
long.time
1PL.P. to
3SG.PSR. bone
hill
ADVZR
IT. 3SG.S:Ø.IPV:Ø. SG.go:IPV:NEG
INC. 3SG.S:AA.IPV:D. say:IPV
small
owl
1SG.PSR. grandmother
fish
two
there
water
3PL.PSR. hearing
1PL.P. from
3PL.P. PP. 3SG.S:QUAL:DH.PFV:Ø. SG.go.PFV:NOM
and
CON. NEGEX
QUAL:NEG.PFV:1SG.S:L. be.scared:IPV:NEG
1SG.P. for
1SG.P. for
IT:AR. INC.DH.PFV:D. be:PFV
AND.THEN
dog
NTRL. down:AR
morning
now
PRMB. INC. DH.PFV:1SG.S:Ø. SG.go:PFV
PRMB. INC:Ø.IPV:D. PL.go:IPV:CUST
QUAL. OPT:1SG.S:H. see:PFV
PURP
thus
in
here
3SG.S:QUAL:QUAL:Ø.IPV:Ø. speak:IPV:NOM
3SG.S:Ø.IPV:H. say:IPV
PL
MED:AR. down:ALL
only
MOUTH INC:QUAL:AA.IPV:1SG.S:L. throw.CO:PFV:NOM
and
how
IT. INC:OPT:1SG.S:D. SG.go:OPT
old.lady
at:PNCT
gun
and
grandchild
say:IPV
3PL.P. to
INC:Ø.IPV:D. PL.fall:PFV
shore
to
NTRL. up:AR
PURP
AR.S:Ø.PFV:Ø. be:IPV
NTRL. ahead:ALL
and
in
?. PEJ. 3PL.S:Ø.IPV:D. not.know:IPV
3PL.P. to
MED. out:ABL
big
REFL.PSR. tail
hee
ADVZR
here
1SG.PSR. mother
NEG
also
old.man
really
person
3PL.P. to
AWAY. IT. 3SG.S:QUAL:Ø.IPV:D. SG.fly:IPV:NOM
3SG
PURP
AR.S. QUAL:DH.PFV:Ø. spend.night:PFV:NOM
for
to
finally
3SG.S:QUAL:I.PFV:H. INC:DH.PFV:Ø. PL.go:FUT:CUST
and
when
FOC
ADVZR
INC. QUAL:AA.IPV:2PL.S:Ø. teach:FUT:NOM
ADVZR
NTRL. down:ALL
3SG
3SG
however
AR.S. INC:DH.PFV:Ø. be:PFV
there
3SG
and
3SG.P. for
thus
ADVZR
in
also
3SG.S:Ø.IPV:Ø. holler:IPV
IT. CON. INC:QUAL:AA.IPV:2PL.S:H. find.CO:FUT
GIRL
SG.REFL.O. 3SG.S:QUAL:DH.PFV:D. rub:PFV??
if
PL
1SG.PSR. father
3PL.P. with
3SG.P. for
in
3PL.P. CATCH. 3PL.S. INC:DH.PFV:Ø. PL.go:PFV:NOM
IT. 1PL.S:INC:Ø.IPV:D. kill.SG.O:IPV:CUST
3PL.S. QUAL:QUAL:Ø.IPV:Ø. speak:IPV:NOM
IT. 1PL.S:INC:OPT:D. PL.go:OPT
bugs
good
but
Ø.IPV:2PL.S:L. eat:IPV:NOM
suddenly
in
1PL.S:CON. QUAL:I.PFV:Ø. find.PL.O:PFV:NOM
children
this
TERM. Ø.IPV:1SG.S:Ø. SG.go:IPV:CUST:NOM
PURP
1SG.PSR. mother
3SG.S>3SG.P. Ø.IPV:H. say:IPV
3SG
1SG.P. with
PL
if
CT
3SG
FOC
ADVZR
up:ALL
ADVZR
etc.
FOC
3PL.PSR. blanket:POSS
cranberry
PL
and
ADVZR
animal
ADVZR
1SG.PSR. grandfather
finally
TERM. 3SG.S:Ø.IPV:H. throw.CO:PFV:NOM
PEJ. QUAL:Ø.PFV:1SG.S:L. miss:IPV
and
although
IT. 3SG.S:AA.IPV:D. SG.go:PFV
PL
and
CON. NEGEX
1SG.PSR. father
do:IPV
at:AR
CT
woman
song
when
3SG.O. NEGEX
and
3SG.P. over
in
3PL.S:Ø.IPV:Ø. make.PL.O:IPV:NOM
IT. 3SG.S>3SG.O. AA.PFV:H. handle.AO:PFV
when
when
AND.THEN
CONT. 3PL.S:N.IPV:L. PL.swim:IPV?
also
1SG.PSR. father
3PL.S:DH.PFV:Ø. classify.PL.O:IPV
3SG.S:Ø.IPV:H. cook:IPV:NOM
CT
3SG.P. to
in
SG.fly:IPV:NOM
REFL.PSR. house
OUT. IT. 3PL.S:QUAL:AA.IPV:D. PL.go:PFV
1PL.P. to
3PL.P. for
ADVZR
into.open:ALL
to
PL
thus
three
at:PNCT
at:AR
mountain
3SG.S>3SG.PSR. waist
3SG.S:QUAL:DH.PFV:L. be.white:IPV
3PL.S:Ø.IPV:Ø. cry:IPV
at:PNCT
duck
thus
RECP.O. CON. 1PL.S:QUAL:DH.PFV:L. be.related:IPV:NOM
about
1SG
there
1PL.P. gun
spider
AND.THEN
1SG.PSR. mother
who
3PL.S:Ø.IPV:D. do:IPV:NEG
mountain
1SG.PSR. grandmother
blueberry
ADVZR
only
what
FOC
upland:ALL
REFL.PSR. younger.sister
there
IT. AA.PFV:1SG.S:D. recover:PFV
3SG.S:AA.IPV:L. SG.run:IPV:PROG
3SG.S>3SG.P. Ø.IPV:H. say:IPV
NEG
3PL.PSR. food
and
PURP
AND.THEN
3SG.P. in
and
children
OPT:2SG.S:Ø. be:OPT
1PL.PSR. children
water
FOC
PL
NEG
lake
3SG.P. in
and
QUAL:Ø.IPV:2SG.S:Ø. say:IPV
3SG.PSR. bone
IT. 3PL.S. QUAL:AA.IPV:D. PL.fly:IPV:PROG:NOM
PL
still
wood
at:AR
3SG.P. for
AR.S:Ø.PFV:Ø. be:IPV
thus
IT. Ø.IPV:2SG.S:D. get.dressed:IPV
on
3SG.P. for
PL
say:IPV
3SG.S:AA.IPV:Ø. SG.go:IPV:PROG
trail
and
PEJ. AR:Ø.PFV:1SG.S:H. miss:IPV
now
3SG.PSR. heart
3SG.S>3SG.O. AA.PFV:Ø. eat:PFV
while
with
again
on
NTRL. up:AR
AR.S:Ø.PFV:Ø. be:IPV
ADVZR
1PL.P. with
thus
3SG
when
person
again
CT
QUAL:Ø.PFV:1SG.S:Ø. be:IPV
3SG.S:Ø.IPV:H. say:IPV
3SG
3PL.P. with
ok
only
3PL.S:INC:Ø.IPV:Ø. PL.go:IPV:CUST:NOM
3PL.S:DH.PFV:Ø. classify.PL.O:IPV
old.man
from
AND.THEN
FIGHTING. 3PL.S. INC:DH.PFV:H. PL.go:IPV:CUST:NOM
1PL.P. for
finally
also
NTRL. up:AR
there
3PL.S. laugh:IPV:NOM
also
cry:IPV
3SG.S:OPT:Ø. be:OPT
FOC
ADVZR
3SG.S:QUAL:QUAL:Ø.IPV:Ø. speak:IPV:NOM
those
and
FOC
sled
3PL.S:AA.IPV:Ø. PL.go:IPV:PROG
fish
SHELTER
QUAL:OPT:H. pray:IPV:NOM
NEG
and
and
how
ADVZR
1SG.PSR. grandmother
at:PNCT
winter
AR.O. QUAL:Ø.IPV:H. look.IPV:NOM
CONT. 3SG.S:Ø.IPV:H. jump:IPV:CUST
be.mushy:IPV
if
CONT. I.PFV:2SG.S:Ø. SG:stand:IPV
when
what
3PL.S>3SG.O. QUAL:Ø.IPV:H. gather:IPV:CUST
3PL.O. DH.PFV:1SG.S:Ø. handle.PL.O:PFV
say:IPV
in
AND.THEN
at:AR
AND.THEN
3SG.S:DH.PFV:H. be.windy:IPV:NOM
ADVZR
how
finally
3SG.S>3SG.P. with
3PL.S. QUAL:DH.PFV:L. PL.stay:IPV
AR.S. N.PFV:Ø. be.far:IPV:NOM
also
river
FOC
there
AR.S:Ø.PFV:Ø. be:IPV:NOM
sled
downriver:ALL
3SG.S:QUAL:Ø.PFV:Ø. do:IPV:NOM
trail
what
AND
finall
1PL
NTRL. ahead:ABL
3PL.S. QUAL:DH.PFV:L. PL.sit:IPV:CUST:NOM
butterfly
ADVZR
here
to
UP. Ø.IPV:2SG.S:Ø. SG.go.toilet:IPV
1SG.PSR. younger.brother
IT. 1PL.S:DH.PFV:D. PL.go:PFV
lake
ADVZR
TERM. AR.S:DH.PFV:D. classify.CO:IPV
NEG
INC:AA.IPV:1SG.S:Ø. SG.stay:FUT
old.man
and
3SG
well
NEG
3PL.S:NEG.PFV:Ø. PL.go:IPV:PROG:NEG
and
two
3SG
IT. 3SG.S>3SG.O. QUAL:Ø.IPV:H. pour:PFV
butterfly
3PL.S>3SG.P. PP. QUAL:DH.PFV:D. fail:PFV
PURP
also
3PL.S>3SG.P. OPT:Ø. eat:OPT
3PL.S. QUAL:DH.PFV:L. PL.stay:IPV:CUST
ADVZR
3PL.S>3SG.O. name
still
3SG.S>3SG.P. Ø.IPV:H. say:IPV
3SG
good
1PL.P. long.before
there
something
at:AR
and
3PL.S>3SG.P. QUAL:Ø.IPV:H. make.SG.O:OPT
water
3SG
2SG.PSR. maternal.aunt
REFL.PSR. head
AWAY. IT. 3PL.S:Ø.IPV:D. PL.go:IPV:CUST
3SG.PSR. wife
from
CT
ADVZR
1SG.PSR. older.brother
?. Ø.PFV:1SG:L. remember:IPV
among
IT. 3PL.S. INC:Ø.IPV:D. PL.go:PFV
TERM. 3SG.S:Ø.IPV:Ø. SG.go:IPV:CUST
when
AR.S:Ø.PFV:Ø. be:IPV
3SG.S>3SG.P. to
TERM. 3PL.S:N.PFV:Ø. PL.go:PFV
1SG.PSR. younger.brother
lake
person
ADVZR
INDF.O. 3PL.S. CON:Ø.IPV:Ø. buy:IPV:NOM
FOC
earth
INDF.P. among
if
1PL.S:INC:OPT:Ø. PL.go:OPT
here
CT
3SG
1SG.P. TO. 3PL.S:AA.PFV:Ø. handle.PL.O:PFV
3SG.O. NEGEX
when
at:AR
PURP
3SG
lake
1SG.P. behind
1SG.O. 3PL.S:Ø.IPV:Ø. say:IPV
3PL.S>3PL.O. QUAL:Ø.IPV:Ø. be.called:IPV
3PL.S. make.PL.O:PFV
3SG.O. NEGEX
in
DOWN. 3SG.S:INC:AA.IPV:Ø. PL.fall:FUT
NTRL. up:ALL
oh
CONT. FIGHTING. 3SG.S:Ø.IPV:H. fight:IPV
3PL.P. with
ADVZR
CT
PURP
REFL.PSR. like
say:IPV
fish
3SG
AA.IPV:1SG.S:Ø. SG.go:IPV:PROG
3SG
duck
FOC
ADVZR
old.man
CON. be:OPT
small
IT. INC:QUAL:DH.PFV:D. PL.go:PFV
PL
NEG
3SG.S:QUAL:I.PFV:H. make.fire:PFV
3SG
PP. 3PL.S. QUAL:DH.PFV:L. keep.away?:PFV
big
CT
NEG
house
PL
and
1PL.S. AA.PFV:1SG.S:Ø. be.many:IPV
3PL.S>3SG.O. Ø.IPV:H. dry:IPV:CUST
3SG.S:DH.PFV:Ø. pluck:PFV:NOM
waterward:ALL
ADVZR
and
INDF.PSR. 3SG.S:AA.IPV:Ø. stump
2PL.P.
from
3SG
cold
but
3SG.S>3SG.P. for
house
people
ADVZR
away:ALL
house
lake:POSS
for
on
thus
at:AR
thus
winter
rope
only
muskrat
CT
INDF.O:3SG.S:AA.PFV:Ø. handle.PL.O:PFV
if
NEG
INTO.FIRE 3SG.S:QUAL:AA.PFV:H. put.PL.O.quickly:PFV
3SG.P. for
with
and
thus
what
well
people
TERM. 3PL.S:N.PFV:Ø. SG.go.PFV:NOM
there
ADJC. MED. up:AR
person
PL
fish.weir
muskrat
I.IPV:2SG.S:Ø. cry:IPV
and
ADVZR
3SG.S:N.PFV:Ø. SG.go:PFV
bugs
1SG.PSR. grandfather
and
bush
1SG.PSR. grandmother
REFL.P. PP. INDF.O. Ø.IPV:1SG.S:L. feed:IPV:NEG
NEG
ADJC. 3SG.S:N.PFV:Ø. SG.fly:PFV
at:PST
1SG.P. QUAL:OPT:2SG.S:Ø. say:OPT
dog
ADVZR
INC:AA.IPV:1SG.S:Ø. eat:FUT:NEG
still
also
under
3PL.P. 3PL.S:Ø.IPV:Ø. say:IPV:CUST
1SG.P. with
NTRL. out:AR
CT
AND.THEN
3PL.S:Ø.IPV:Ø. say:IPV
3SG
3SG.S:Ø.IPV:H. SG.die:PFV
PROH
COMPLETELY. 3SG.S:QUAL:DH.PFV:Ø. burn:IPV
across:ALL
3SG.S:INC:AA.IPV:Ø. SG.go:IPV:PROG
and
3PL.S>3SG.O. INC:AA.IPV:Ø. eat:FUT
RECP.P. among
3PL.P. PP. 3PL.S. 3SG.S:QUAL:DH.PFV:Ø. lost:PFV
PL
and
CT
this
AR.O. QUAL:Ø.IPV:2PL.S. look:IPV
at:AR
swan
creek
3PL.P. to
when:FUT
in
up:AR
IT. INC:AA.IPV:1SG.S:Ø. D:SG.go:IPV:IMP
ADVZR
AR.S:Ø.PFV:Ø. be:IPV
3SG.S:Ø.IPV:H. snow:IPV:NOM
small
CONT. I.PFV:1SG.S:Ø. SG:stand:IPV
3SG.S:AA.IPV:Ø. handle.LRO:IPV:PROG:NOM
UP. 3SG.S:DH.PFV:Ø. SG.go:PFV
3SG.PSR. foot
AR.S:Ø.PFV:Ø. be.big:IPV
DH.PFV:1SG.S:Ø. SG:stay:IPV
when:PST
ADVZR
PL
IT. 3SG.S:AA.PFV:H. get.dark:PFV:NOM
INC:AA.IPV:2SG.S:Ø. kill.PL.O:FUT:NEG
old.lady
CT
3SG.S:Ø.IPV:H. snow:IPV:NOM
up:ALL
grass
ADVZR
PRMB. 1PL.S:INC:Ø.IPV:D. PL.go:IPV:CUST
3SG.P. in
3PL.P. 3PL.S:Ø.IPV:Ø. say:IPV
NTRL. up:ALL
QUAL:Ø.PFV:1SG.S:Ø. freeze:PFV:NOM
in
mountain
3SG
3PL.S:QUAL:Ø.IPV:H. grow:IPV:NOM
thus
one
GIRL
and
3SG.S:QUAL:AA.PFV:D. QUAL:DH.PFV:L. punch:PFV
for
and
WAKE. QUAL:Ø.IPV:H. gather:FUT
3PL.S. CON:OPT:H. PL.animal.move:IPV:NOM
IT. 3PL.S:N.PFV:D. PL.go:PFV
and
golden.eagle
and
also
three
fermented.fish
thus
3SG.P. in
FOC
AR.P. SURROUNDING 3PL.S:N.PFV:Ø. SG.fly:PFV
fish.camp
2PL.PSR. house
3SG
3PL.S. INC:QUAL:DH.PFV:Ø. steal:PFV
3SG.S:QUAL:Ø.IPV:L. play:IPV:NOM
1SG.P. for
CT
3SG.S>3SG.P. Ø.IPV:H. say:IPV
3SG.S>3SG.P. Ø.IPV:H. say:IPV
AR.S:DH.PFV:D. happen:PFV
1SG.PSR. mother
here
ADVZR
and
hereabouts
and
ADVZR
rock
here
when
stomach
IT. INC:OPT:1SG.S:D. SG.go:OPT
thus
3SG
and
FOC
NTRL. up:AR
INDF:INC. Ø.IPV:2SG.S:H. shoot:IPV:NOM
person
come.in
ADVZR
old.man
1SG.P. PP. QUAL:OPT:2SG.S:L. be.scared:OPT
among
3SG.S:Ø.IPV:H. say:IPV
INC:Ø.IPV:D. splash:PFV:NOM
OUT. 1PL.S:AA.PFV:Ø. PL.go:PFV
but
and
PL
AR. out:ABL
AR.S:Ø.PFV:Ø. be:IPV
if
PL
how
TERM. QUAL:Ø.IPV:2SG.S:Ø. handle.PL.O:IPV:NOM
small
ADJC. across:PNCT
ADVZR
also
3SG.PSR. name
ADVZR
dog
and
in
ADVZR
1SG.PSR. grandmother
3SG.S:Ø.PFV:Ø. be:IPV
ADVZR
lake
ADVZR
3PL.S:Ø.IPV:Ø. bark:IPV
3PL.P. PP. PRETEND. INDF.S:QUAL:DH.PFV:L. say:IPV
3PL.P. QUAL:Ø.IPV:D. teach:PASS:IPV:NEG
3SG.P. for
OFF.TRAIL. 3SG.S:AA.PFV:D. animal.runs:PFV
3PL.S:Ø.IPV:L. be.number:IPV
1SG.PSR. grandmother
children
in
3PL.S:Ø.IPV:Ø. say:IPV
FOC
1SG.PSR. father
only
people
by.herself
when
up:ALL
QUAL:OPT:H. pray:IPV:NOM
when
that
3SG.S:Ø.IPV:H. say:IPV
1SG.PSR. older.brother
AGAINST?. IT. INDF.O. 3SG.S:AA.PFV:Ø. handle.LRO:quickly:PFV
QUAL:OPT:2SG.S:Ø. handle.RO:OPT:CUST
still
when:PST
FOC
1SG.P. 3SG.S:Ø.IPV:H. say:IPV
INDF. 3SG.S:QUAL:OPT:Ø. say:PFV
1PL.P. long.before
PL
3SG.S>3SG.O. INC:DH.PFV:L. swallow:PFV
3SG.S>3SG.PSR. arm
bugs
FOC
from
FOC
eye
3PL.S:Ø.IPV:Ø. chop:IPV
1SG.PSR. grandmother
small
NTRL. down:ALL
PL
away:ALL
3SG
finally
rain
house
long.time
if
PL
Ø.IPV:L. be.fat:IPV:NOM
ADVZR
3SG
3SG
IT. 2PL.O. INC:QUAL:AA.IPV:1SG.S:L. see:FUT
also
NTRL. up:AR
if
common.loon
and
2SG.P. for
NEG
like
YAMAAGN.TEESHYAAY
3SG.S:INC:AA.IPV:Ø. be:FUT
IT. QUAL:Ø.PFV:Ø. be.strong:IPV
1PL.P. gun
1PL.P. 3SG.S:Ø.IPV:H. say:IPV
3SG.S>3SG.P. shore
3PL.S>3SG.P. bone
well
1SG.PSR. younger.brother
again
snowshoe
3SG.P. for
INC. QUAL:Ø.PFV:2SG.S:Ø. listen:IPV
tent
3SG.S>3SG.P. Ø.IPV:H. say:IPV
FIGHTING. 3PL.S. QUAL:DH.PFV:H. do:IPV:CUST
with
AND.THEN
oh
how
AND.THEN
REFL.PSR. mother
3SG
AR.S:DH.PFV:D. happen:PFV
3SG.S:DH.PFV:H. SG.die:PFV
1SG.PSR. mother
trail
owl
3SG.S:Ø.PFV:Ø. be:IPV
rope
FOC
summer
3SG
3SG
to
CONT. INDF.O. 3PL.S:OPT:Ø. eat:FUT:NOM
ADVZR
outside
3SG.P. for
how
PL
1SG.P. with
PEJ. QUAL. QUAL:Ø.PFV:1SG.S:Ø. be.stupid:IPV
upland:PNCT
3SG.S>3SG.O. AA.PFV:Ø. poke:PFV
1PL.S:QUAL:Ø.PFV:Ø. be.hungry:IPV
again
only
1SG.PSR. older.brother
give.me
what
1PL.S:INC:AA.IPV:Ø. make.PL.O:FUT
3SG.S:CON. QUAL:DH.PFV:L. be.related:IPV:NOM
QUAL:Ø.IPV:1SG.S:H. look.IPV:NOM
and
when:PST
here
3PL.S:Ø.IPV:Ø. QUAL:Ø.IPV:Ø. be.alive:IPV
and
3SG.PSR. wife
people
woman
ADVZR
3SG
IT. 3PL.S. INC:QUAL:DH.PFV:D. PL.go:PFV:NOM
if
by.himself
there
FOC
GIRL
from
thank.you
person
GIRL
also
old.lady
QUAL:Ø.IPV:1SG.S:Ø. say:IPV
if
to
on
thus
rack
AWAY. 3PL.S:Ø.PFV:L. SG:stand:IPV
and
3PL.S:QUAL:DH.PFV:L. PL.sit:IPV
3SG
and
3PL.S. INC:DH.PFV:Ø. PL.go:PFV
1SG.PSR. mother
some
do:IPV
3SG.S:OPT:Ø. be:OPT
if
there
3SG
at:AR
INSIDE. INTO.FIRE N.PFV:Ø. move.LRO.quickly:PFV
ADJC. NTRL. up:AR
coffee.can
before
FOC
NTRL. across:PNCT
and
3PL.S>3SG.P. on
earth
meat
and
FOC
TO. 3PL.S>3SG.P. AA.PFV:H. handle.AO:PFV
old.man
CON. 3PL.S. QUAL:I.PFV:H. find.CO:PFV:NOM
what
ADVZR
3SG.PSR. older.brother
long.time
1SG.PSR. maternal.aunt
3SG.PSR. wife
and
meat
at:AR
3SG.S:AA.IPV:Ø. SG.go:IPV:PROG
and
PL
1SG.PSR. grandfather
PL
3SG.S>3SG.O. QUAL:AA.PFV:Ø. turn:PFV
on
and
devil
INSIDE. AA.PFV:Ø. happen:PFV
1PL.P. behind.back
woman
also
thus
still
1PL
3PL.P. away.from
etc.
TERM. DH.PFV:1SG.S:Ø. grow:PFV:NOM
ADVZR
3PL.S:Ø.IPV:Ø. cry:IPV:NOM
swan
PL
PL
AR.S. INC:QUAL:AA.IPV:Ø. experience.event:FUT
1SG
PRMB. 3PL.S:INC:Ø.IPV:D. move.nomadically:IPV:CUST:NOM
for
child
say:IPV
when:FUT
but
there
FOC
3SG.S:INC:REFL:DH.PFV:L. handle.AO:PFV
1SG.PSR. wife
MED. out:ABL
at:AR
3SG.S:Ø.IPV:H. snow:IPV:NOM
NTRL. up:AR
2PL.P. PP. PEJ. Ø.PFV:1SG.S:D. not.know:IPV
3PL.S:Ø.PFV:Ø. be.small:IPV:NOM
3SG.S:CON. QUAL:DH.PFV:Ø. extend:IPV
REFL.PSR. tail
FOC
if
and
person
there
FOC
IGN
at
NTRL. upland:AR
big
really
and
3SG.S>3SG.P. 3SG.S:Ø.IPV:H. say:IPV:NOM
two
and
COMPLETELY. INDF.O:QUAL:DH.PFV:H. say:IPV:NOM
and
thus
at:PNCT
to
in
QUAL. DH.PFV:2PL.S:L. PL.stay:IPV
PL
on
3SG.S:Ø.IPV:H. say:IPV
2PL.PSR. children
ADVZR
ADVZR
FOC
here
where:AR
1SG.PSR. grandmother
who
again
from
ADVZR
NTRL. up:ALL
under
3PL.S. INC:AA.IPV:D. know:FUT
3PL.S:Ø.IPV:Ø. say:IPV
3SG.S>3SG.O. QUAL:Ø.IPV:H. see:IPV
squirrel
thus
from
finally
and
in
on
ACROSS. N.PFV:Ø. move.LRO.quickly:PFV
and
NEG
and
3PL.S>3SG.O. QUAL:Ø.IPV:H. gather:IPV:CUST
women
all.long
1PL.S. Ø.IPV:H. PL.sleep:FUT:NOM
up:ALL
3SG.S:AA.PFV:H. be.many:IPV
spider
3SG.S>3SG.P. on
and
and
old.man
1PL.S:QUAL:DH.PFV:L. PL.stay:IPV:NOM
YAMAAGN.TEESHYAAY
if
also
at
if
etc.
only
following
NTRL. out:AR
QUAL:QUAL:Ø.PFV:Ø. be.expensive:IPV
3PL.P. 3SG.S:Ø.IPV:H. say:IPV
NEG
RECP.P. 1PL.S:QUAL:Ø.IPV:D. say:IPV
D. make.noise:IPV:NOM
3SG.S>3SG.P. to
there
TERM. 3PL.S:N.PFV:Ø. PL.go:PFV
and
rope
CONT. INDF.O:3PL.S:INC:DH.PFV:Ø. eat:PFV:NOM
come.in
REFL.PSR. mother
3SG.PSR. beard
NTRL. down:ALL
also
ADVZR
3SG.S>3SG.P. Ø.IPV:H. say:IPV
IT. 3PL.S:AA.IPV:D. PL.go:IPV:PROG
3SG.PSR. wife
and
3PL.S>3SG.O. INC:AA.IPV:Ø. eat:IPV:NOM
CT
women
PL
3SG.P. for
squirrel
ADVZR
thus
1PL.S:QUAL:Ø.IPV:L. play:IPV
IT. SKIN. 3PL.S:Ø.IPV:H. handle.AO:IPV:DIST
and
plate
CONT. 3PL.S:Ø.IPV:Ø. PL.go:IPV:CUST
etc.
when:PST
and
here
for
and
say:IPV
yes
3PL.S. QUAL:AA.IPV:D. be.black:IPV
and
3PL.S:CON. QUAL:Ø.IPV:H. make.noise:IPV
AND.THEN
FOC
2SG.P. in.front
grass
1PL.PSR. child:POSS
IT. 3PL.S:N.PFV:D. PL.go:PFV
2SG.P. for
there
on
PL
3PL.S>3SG.P. 3PL.S:Ø.IPV:H. say:IPV:CUST
how
CT
2SG.PSR. mother
and
3SG.S:AA.PFV:H. be.many:IPV:NOM
CT
1SG
moose
1PL.S:DH.PFV:H. PL.sleep:IPV
3SG.PSR. mouth
3PL.S. QUAL:DH.PFV:L. PL.stay:IPV:NOM
PL
to
at
1SG
AR.S:Ø.PFV:Ø. be.big:IPV
thus
water
what
people
OUT:AWAY 1PL.S:Ø.IPV:H. handle.PL.O:IPV:NEG
NTRL. ahead:ALL
2PL.PSR. clothes
PL
into.open:ALL
finally
for
INC. DH.PFV:1SG.S:Ø. SG.go:PFV
FOC
shore
people
to
3SG
3SG.P. for
mountain
under
IT. 3SG.S:INC:QUAL:DH.PFV:D SG.fly:PFV
CONT. 3SG.S:Ø.IPV:Ø. swim:IPV:CUST
3SG.O. NEGEX
3SG
bugs
to
ADVZR
3SG.S>3SG.P. Ø.IPV:H. say:IPV
bugs
at
the.way
3SG.S:QUAL:DH.PFV:Ø. be.dry:IPV
3SG
say:IPV
now
oh
ADVZR
without
3SG.S:QUAL:QUAL:Ø.IPV:Ø. speak:IPV:NOM
to
3PL.P. INC. N.IPV:2SG.S. pray:IPV:NOM
CT
the.way
NTRL. up:AR
at:AR
how
how
3SG.S:AA.IPV:L. SG.run:IPV:PROG
ADVZR
3SG
?. 3PL.S:Ø.IPV:D. know:IPV
MED. out:ABL
PL
3PL.P. with
only
3SG.S:QUAL:DH.PFV:L. be.dry:IPV:NOM
AND.THEN
PL
3SG.PSR. name
swan
FOC
AR.O. INC:AA.IPV:2SG.S:H. make.SG.O:FUT:NEG
at:AR
thus
wood
OUT. OPT:1SG.S:Ø. SG.go:OPT
there
at:AR
fire
3SG.PSR. mother
food
and
3SG.S:DH.PFV:L. appear:IPV:NOM
birch
say:IPV
and
AR.S:Ø.PFV:Ø. be:IPV:NOM
INDF.O:3SG.S:QUAL. 3SG.S:QUAL:DH.PFV:D. write:PFV:NOM
3SG.PSR. husband
2SG.PSR. mother
1SG.P. 3SG.S:Ø.IPV:H. say:IPV
3SG.PSR. name
but
CT
FOC
CT
ADVZR
blueberry
2SG.P. to
FOC
3SG
1PL.P. PP. AR.S:DH.PFV:Ø. happen:PFV
this
PL
what
1SG.PSR. father
ADVZR
PROH
PL
to
1SG.PSR. grandmother
1SG.PSR. grandmother
ADVZR
IT. 3SG.S:INC:OPT. D:SG.go:OPT:CUST:NOM
3SG.S>3SG.O. QUAL:Ø.IPV:H. see:IPV
NTRL. out:AR
but
thus
old.man
and
white.person
to
AR.S:Ø.PFV:Ø. speak:IPV
QUAL:AA.PFV:2SG.S:H. SG.stand:IPV:NOM
on
dog
ANYTHING
at:AR
if
trail
3PL.P. 3SG.S:Ø.IPV:H. say:IPV
if
traps
AVERT
NTRL. out:AR
FOC
because
3PL.P. with
what
ADVZR
DIFFERENT. how
ADVZR
3PL.P. 3SG.S:Ø.IPV:H. say:IPV
INDF.PSR. fat
devil
PRMB. 3SG.S:QUAL:Ø.IPV:L. tell.story:IPV
IT. 3PL.S:QUAL:AA.IPV:D. PL.fly:IPV:PROG
old.man
also
NTRL. upriver:AR
in
when
1SG.PSR. grandmother
flat
3SG.S:INC:AA.IPV:Ø. be:FUT:NEG
TERM. N.PFV:1SG.S:Ø. SG.go:PFV
3PL.S:Ø.IPV:Ø. know:IPV:NEG
3PL.S>3SG.P. QUAL:QUAL:Ø.PFV:Ø. hear:PFV
TERM. 3SG.S:N.PFV:Ø. SG.go:PFV
morning
PP. Ø.PFV:1SG:L. remember:IPV
CONT. 3SG.S:QUAL:Ø.IPV:L. tell.story:IPV
IT. 1PL.S:INC:OPT:D. PL.go:OPT
INC:AA.IPV:1SG.S:Ø. do:FUT:NEG
1PL.P. for
3SG.S>INDF.O:INC:NEG.PFV:H. shoot:PFV:NEG
across:ALL
and
if
3PL.S:Ø.IPV:L. be.number:IPV
grass
CT
enough
ADJC. IT. 3PL.S:Ø.IPV:Ø. handle.PL.O:IPV:CUST
and
PL
TERM. IT. 1PL.S:INC:Ø.IPV:D. PL.go:IPV:CUST
woman
3PL.PSR. foot
ADVZR
NTRL. upland:AR
and
AR.S:Ø.PFV:Ø. be:IPV:CUST
QUAL:NEG.PFV:1SG.S:Ø. SG.go:PFV:NOM
NTRL. ahead:ALL
TERM. IT. 3PL.S>3PL.O. QUAL:DH.PFV:L. handle.PL.O:IPV:CUST
in
INTO.WATER. 3SG.S:AA.PFV:Ø. burst:PFV:NOM
3
FOC
FOC
and
at:AR
IGN
etc.
falltime
SEVERING. 3SG.S:Ø.IPV:Ø. chop:IPV
fire
ADVZR
child
this
ADVZR
3
spear
IGN
and
in
etc.
QUAL:Ø.IPV:2PL.S:Ø. say:IPV:NOM
1SG
up:ALL
rock
NTRL. up:ALL
ADVZR
on
at
here
what
3PL.P. with
and
NTRL. upland:AR
3SG.S:Ø.IPV:H. grab:PFV
if
and
women
3PL.S:Ø.IPV:Ø. say:IPV
MED. out:AR
WHY
there
INDF.PSR. at
CT
3PL.PSR. food
how
on
where:PNCT
AR.S:Ø.PFV:Ø. be:IPV
3SG.S:QUAL:Ø.IPV:H. do:IPV
FOC
CT
and
PRMB. 3PL.S>3SG.P. INC:QUAL:Ø.IPV:D. PL.go:IPV:CUST
also
3SG.PSR. child
big
water
from
3SG
FOC
3PL.PSR. mother
only
fish
FOC
3SG
day
what
3PL.S:QUAL:Ø.IPV:D happen:PFV
IT. 3PL.S:QUAL:AA.IPV:D. PL.go:IPV:PROG:NOM
AR. NTRL. downriver:ABL
AR.S:Ø.PFV:Ø. be:IPV
thus
PL
3SG.PSR. mother
3PL.S. QUAL:Ø.IPV:L. play:IPV:NOM
3SG.S>3SG.P. Ø.IPV:H. say:IPV
3PL.S:Ø.IPV:Ø. say:IPV
1PL.S:INC:Ø.IPV:Ø. PL.go:IPV:CUST
well
3SG.S:AA.IPV:Ø. handle.LRO:IPV:PROG:NOM
there
where
what
also
ADVZR
at:PNCT
3SG
QUAL:Ø.PFV:1SG.S:Ø. hear:IPV
here
when
only
bugs
wood
in
etc.
finally
ON?. Ø.IPV:2PL.S:Ø. PL.go:IPV:IMP
PL
etc.
birch
FOC
and
ADVZR
3SG
FOC
for
IT. 3PL.S. QUAL:AA.IPV:D. PL.fly:IPV:PROG:NOM
bugs
PP. N.PFV:Ø. love:PFV
PL
INDF.O. QUAL:DH.PFV:2SG.S:H. thrust.O:PFV
ADVZR
UPLAND. 3SG.S:Ø.PFV:Ø. extend:IPV
lots
3SG.P. QUAL:Ø.IPV:2SG.S:Ø. say:IPV
trail
3PL.P. to
3SG.S:QUAL:AA.PFV. hear:IPV
at:PNCT
there
2PL.O. AA.IPV:1SG.S:Ø. OPT:1SG.S:Ø. buy:OPT
3SG.P. with
1PL.PSR. food
old.man
moose
NEGEX
dirt
CONT. AA.PFV:1SG.S:Ø. SG:sleep:PFV
ADVZR
WHY
thus
here
DOG. small
DOWN. 3SG.S:AA.PFV:L. CO.fall:PFV
and
3PL.P. for
RECP.P. 1PL.S:QUAL:Ø.IPV:D. say:IPV
NTRL. ahead:ALL
INDF.PSR. brisket
dog
3SG
3SG
CT
and
1PL.S:Ø.IPV:Ø. PL.go:IPV:CUST
woman
AND.THEN
NEG
children
3SG.PSR. eye
OUT. 3SG.S:INC:AA.IPV:Ø. SG.go:FUT:NOM
and
IT. DSTR. INDF.O. 1PL.S:AA.PFV:Ø. eat:PFV
PL
OUT. N.PFV:2SG.S:Ø. SG.go:PFV
when
2SG.S:ø:look:IPV:IMP??
on
for
child
water
3SG.PSR. wife
person
3SG.S>3SG.O. AA.PFV:Ø. handle.PL.O:PFV
and
3SG.P. with
CT
at:PNCT
mountain
3SG.S>3SG.P. on
AR.S:Ø.PFV:Ø. be:IPV
now
on
PL
finally
1PL.S:Ø.PFV:Ø. be:IPV
and
IT. 1PL.S:INC:Ø.IPV:D. PL.go:IPV:CUST
PL
1SG.PSR. grandmother
how
3SG
there
HAND. 3SG.S:Ø.IPV:D. extend:IPV:CUST
and
old.man
AR.S:Ø.PFV:Ø. be:IPV
etc.
MED. up:ALL
3SG.PSR. name
PL
3SG
again
AND.THEN
no
3SG
thus
QUAL:Ø.IPV:1SG.S:Ø. do:IPV
3SG.PSR. mother
old.man
and
and
for
IT. 3SG.S:Ø.IPV:Ø. D:SG.go:IPV:CUST
3SG.S:QUAL:DH.PFV:H. kill.SG.O:PFV
there
something
and
REFL.PSR. foot
bugs
instead
AND.THEN
finally
3SG
NTRL. waterward:AR
TO.CHECK
INTO.WATER. N.PFV:Ø. SG.experience:PFV
here
3SG.S:DH.PFV:L. become:IPV:CUST
ACROSS. 3SG.S:Ø.IPV:D. SG.animal.runs:IPV
IT. 1PL.S:DH.PFV:D. PL.go:PFV
thus
when
3SG
blueberry
3PL.S:Ø.IPV:Ø. do:IPV:NOM
3SG
MED. at:PNCT
3SG
?. NEG.PFV:1SG.S:L. forget:PFV:NEG
3SG.S:DH.PFV:Ø. SG.sit:IPV
also
MED. out:ABL
fish
butterfly
ADVZR
also
rack
INDF.PSR. older.sister
PL
at
lake
PL
NEG
3PL.S. QUAL:DH.PFV:Ø. hide:PFV
NECK. 3PL.O. CON. say:IPV:CUST
tent
there
lake
CT
knife
what
FOC
ADVZR
earth
still
ALL
butterfly
3SG.S:INC:AA.IPV:Ø. classify.CO:FUT:NOM
IT. Ø.IPV:1SG.S:Ø. D:SG.go:IPV:CUST
ADVZR
pack
INDF:3SG.S:INC. QUAL:AA.IPV:L. sneak:IPV:NOM
with
DISTRIBUTE. QUAL:DH.PFV:L. be.white:IPV
INC:AA.IPV:2SG.S:Ø. kill.PL.O:FUT:NOM
PL
TERM. AR.S:Ø.PFV:Ø. SG.experience:IPV:NOM
3PL.S:Ø.IPV:Ø. say:IPV
1SG.PSR. older.brother
only
where:PNCT
spring
at
3SG
like
and
all.long
CT
AND.THEN
AND.THEN
meat
3PL.O. CON. Ø.IPV:D. name:PASS:IPV:NOM
1SG.PSR. younger.brother
and
on
do:IPV
and
1PL.S:Ø.PFV:Ø. be:IPV
who
TERM. 3SG.S:N.PFV:Ø. SG.go:PFV
and
moose
grass
at:AR
3PL.S>3SG.P. INSIDE. INDF.O:AA.PFV:Ø. handle.CO:PFV
up:ALL
PRMB. 1PL.S:INC:Ø.IPV:D. do:IPV:CUST
during
ASRT
ADVZR
REFL.PSR. leg
one
?
butterfly
at:AR
FOC
1PL.S:QUAL:DH.PFV:L. PL.stay:IPV:NOM
1PL.P. to
PRMB. INC:Ø.IPV:1SG.S. D:SG.go:IPV:CUST:NOM
in
3SG
ADVZR
lake
1SG.PSR. grandfather
in
for
without
3PL.PSR. mother
3PL.P. for
REFL.PSR. dog:POSS
3SG.S:OPT:Ø. be:OPT
water
1SG.P. 3SG.S:Ø.IPV:H. say:IPV
also
AND.THEN
with
3SG
AND.THEN
and
FOC
at:AR
3SG
CONT. I.PFV:2SG.S:Ø. SG:stand:IPV
1SG.PSR. mother
out:ABL
3SG
spruce
AR. up:ALL
when
suddenly
INSIDE. IT. 1PL.S:Ø.IPV:L. handle.PL.O:IPV:CUST
again
1SG.PSR. mother
ASRT
PURP
3PL.P. 3SG.S:Ø.IPV:H. say:IPV
3SG.S:DH.PFV:Ø. SG.stay:IPV:NOM
thus
finally
INDF.PSR. older.sister
to
3SG.S:Ø.IPV:H. filet:PFV:NOM
and
3SG.PSR. mother
and
ADVZR
snow
and
lake
IGN
long.before
there
old.man
water
scary
3PL.S. N.PFV:Ø. PL.go:PFV:NOM
and
but
FOC
1SG
AND
for
thus
3PL.S:QUAL:Ø.IPV:D happen:PFV
who
3PL.P. 3SG.S:Ø.IPV:H. say:IPV
PURP
and
3PL.PSR. grandfather
night
and
do:IPV
to
1SG.PSR. mother
no
3PL.P. 1PL.S:QUAL:Ø.IPV:D. understand:IPV:NEG:CUST
UP. Ø.IPV:2SG.S:Ø. SG.go.toilet:IPV
?. 3PL.S:Ø.IPV:D. know:IPV:NEG
3SG
person
FOC
but
INSIDE. 3SG.S:N.PFV:Ø. SG.go:PFV
3
NEG
two
in
halfway.up
NTRL. out:AR
nice
FOC
for
3SG.S>3SG.O. CON:Ø.IPV:Ø. think:IPV
PL
and
1PL
thus
1SG.PSR. younger.brother
well
AA.IPV:H. be.dry:IPV:NOM
this
3SG.S>3SG.P. for
1PL.S:QUAL:AA.PFV:H. make.fire:PFV
when
FOC
birch
also
3PL.S:QUAL:DH.PFV:L. PL.stay:IPV:NOM
UP. 3SG.S:AA.PFV:Ø. SG.go:PFV
3SG.S:N.PFV:Ø. SG.go.PFV:NOM
also
ADVZR
and
and
white.person
1SG.PSR. maternal.aunt
creek
dry.fish
3SG.S:QUAL:DH.PFV:Ø. dry:PFV
3SG
and
1SG.PSR. father
PL
butterfly
there
like
1SG.P. with
finally
AND.THEN
to
thus
if
small
3PL.S. QUAL:Ø.IPV:Ø. be.alive:IPV:NOM
AA.IPV:1SG.S:Ø. SG.go:IPV:PROG
and
one
old.man
at
2SG.PSR. children
child
thus
there
then
INDF.O. 3SG.S:QUAL:DH.PFV:H. kill.SG.O:PFV
NTRL. up:AR
3SG
TERM. IT. 3SG.S>3SG.O. N.PFV:L. handle.PL.O:PFV
thus
also
truly
PL
IT. 3PL.S:N.PFV:D. PL.go:PFV:NOM
at:AR
thus
when
finally
how
from
INDF.O. 3PL.S. QUAL:Ø.IPV:H. kill.SG.O:IPV:CUST
children
REFL.PSR. younger.sister
at:AR
and
at:AR
thus
morning
ALL
WHY
3SG
potlatch
ADVZR
3SG.S>3SG.P. Ø.IPV:H. say:IPV
PL
3PL.S:INC:DH.PFV:Ø. PL.go:PFV
ASRT
willow
OK
3PL.S>3SG.P. Ø.IPV:H. say:IPV
IT. N.PFV:1SG.S:D. SG.go:PFV
and
say:IPV
hole
on
2PL.P. for
3PL.P. CATCH. 3PL.S:DH.PFV:Ø. PL.go:PFV:NOM
winter
traps
here
FOC
1SG.PSR. grandfather
FOC
here
ADVZR
CT
NEG
what
where:PNCT
1SG.PSR. mother
PL
3SG.PSR. older.sister
3SG
how
3SG.P. PP. PEJ. NEG.PFV:1SG.S:D. not.know:IPV
1SG.O. 3SG.S:Ø.IPV:H. say:IPV
1SG.P. for
bugs
FOC
3PL.S. QUAL:Ø.IPV:L. play:IPV:NOM
finally
3SG
devil
AND.THEN
INDF.S. 3SG.S>3SG.O. QUAL:AA.IPV:Ø. PL.fly:IPV:PROG
3SG
1PL.S. QUAL:DH.PFV:Ø. spend.night:PFV:NOM
3SG.S:DH.PFV:H. SG.die:PFV
NTRL. ahead:ALL
1SG.PSR. maternal.aunt
NEG
REFL.PSR. wife
spruce
1PL.P. 3SG.S:Ø.IPV:H. say:IPV
there
1PL.PSR. hand
etc.
and
PRMB. 3SG.S:INC:Ø.IPV. D:SG.go:IPV:CUST
there
IT. AR.S:DH.PFV:D. become:PFV
PL
3PL.S. QUAL:DH.PFV:L. PL.stay:IPV:NOM
3PL.S:AA.IPV:Ø. PL.go:IPV:PROG:NOM
3SG
because
and
PL
1SG.P. 3SG.S:Ø.IPV:H. say:IPV
QUAL:Ø.PFV:1SG.S:Ø. hear:IPV
INC:OPT:1SG.S:Ø. SG.go:OPT
up:AR
child
ADVZR
blueberry
behind
INDF:INC. 3SG.S:DH.PFV:H. shoot:PFV
3SG.PSR. eye
3SG
ADVZR
FOC
children
children
CT
3SG.S>3SG.P. Ø.IPV:H. say:IPV
PURP
hereabouts
PL
NEG
when:FUT
person
3SG.S>3SG.P. Ø.IPV:H. say:IPV
small
3SG
PURP
APPR
and
to
3PL.S:Ø.IPV:Ø. say:IPV:NOM
AND.THEN
kindness
in.vicinity
IT. 3PL.S. QUAL:DH.PFV:L. PL.stay:IPV:CUST
ahead:ABL
summer
1SG.PSR. grandmother
PL
OUT. INC:AA.IPV:2SG.S:Ø. SG.go:FUT:NOM
old.man
on
etc.
and
meat
last
INDF.PSR. older.sister
ADVZR
CT
moose
2PL.P. for
there
also
if
3SG.P. on
1PL.S:Ø.IPV:Ø. QUAL:Ø.IPV:Ø. grow:IPV
rack
PP. SURROUNDING 3PL.S. QUAL:AA.PFV:H. PL:animal.moves:PFV
TERM. be.far:IPV:NOM
and
1SG.PSR. grandmother
among
how
with
to
3PL.S:Ø.IPV:Ø. say:IPV
3PL.P. 3SG.S:Ø.IPV:H. say:IPV
and
PL
3SG.P. QUAL:Ø.IPV:1SG.S:Ø. say:IPV
ADVZR
3
in
AND.THEN
here
3SG.S>3SG.O. 3SG.S:AA.PFV:H. dawn:PFV
INDF:3SG.S:INC. older.brother
CONT. 3SG.S:OPT:D. vomit:OPT:NOM
PL
to
WHY
at:AR
old.man
bugs
PURP
by.herself
1SG.PSR. father
NEG
1SG.O. 3PL.S:AA.PFV:H. handle.AO:PFV
here
at:AR
OUT. 1PL.S:QUAL:AA.PFV:Ø. PL.go:PFV
and
something
say:IPV
and
thus
RECP.O. 3SG.S:CON:DH.PFV:Ø. QUAL:AA.PFV:Ø. appear:IPV:NOM
in
3SG.S:INC:AA.IPV:Ø. be:FUT
and
among
FOC
AR.O. QUAL:Ø.IPV:2SG.S:H. look:IPV
1PL.P. 3SG.S:Ø.IPV:H. say:IPV
SPOT INDF.O. CON. QUAL:Ø.IPV:2PL.S:L. look:IPV
NEG....NEG
3SG.S>3SG.P. for
no
and
but
3
3SG.S:AA.IPV:L. SG.run:IPV:PROG
3PL.PSR. foot
finally
3PL.S>3PL.O. do:IPV
IT:AR. 3SG.S:INC:AA.IPV:D. be:FUT:NOM
and
and
3PL.S. INC:DH.PFV:Ø. PL.go:PFV
PL
with
3SG.S:QUAL:Ø.IPV:H. do:IPV
and
1PL.S:QUAL:Ø.PFV:Ø. be.hungry:IPV
ok
to
3SG.S>3SG.P. Ø.IPV:H. say:IPV
PL
long.time
1SG
CT
one
PRMB. 3PL.S:INC:Ø.IPV:D. PL.go:IPV:CUST
when
meat
1SG
3PL.S:AA.PFV:H. kill.PL.O:PASS:PFV
PURP
good
AWAY. IT. INDF.O. 3PL.S. QUAL:DH.PFV:H. handle.LRO:PFV
there
and
3SG.P. in
PROH
outside:ALL
3PL.P. for
3PL.S:Ø.PFV:Ø. be:IPV
OUT. AA.PFV:1SG.S:Ø. SG.go.PFV:NOM
PP. INC:QUAL:AA.IPV:2PL.S:H. say:FUT:NOM
there
2PL.PSR. wife
across:ALL
here
3SG.S:Ø.IPV:H. say:IPV
NEG
2PL.P. for
when
before
3SG.S:DH.PFV:Ø. classify.PL.O:IPV
small
1SG.P. HANDING.TO. 3SG.S>3SG.O. 3SG.S:Ø.PFV:Ø. handle.CO:PFV:NOM
PL
dog
ADVZR
INC:OPT:1SG.S:Ø. SG.go:OPT
AND.THEN
at:AR
woman
3SG.S:QUAL:DH.PFV:H. handle.AO:PFV
AND.THEN
3PL.S:Ø.IPV:H. cook:IPV:NOM
thus
3SG.S:Ø.IPV:H. say:IPV
3SG.PSR. head
finally
2PL.P. to
here
QUAL:Ø.IPV:2SG.S:Ø. say:IPV
finally
PL
3SG.S:AA.PFV:Ø. SG.go:PFV:NOM
wood
finally
raven
NEG
at
boat
1SG.P. to
different
and
there
AND.THEN
3PL.PSR. grandfather
AR.S:Ø.PFV:Ø. be:IPV
down:ALL
ADVZR
here
3PL.PSR. food
3SG.S:QUAL. DH.PFV:Ø. handle.PL.O:PFV
from
3SG.S>3SG.O. 3PL.S:Ø.IPV:Ø. say:IPV
and
1SG.PSR. eye
3SG.S:QUAL:QUAL:Ø.IPV:Ø. speak:IPV:NOM
QUAL:Ø.IPV:2SG.S:H. see:IPV
1PL.S:Ø.IPV:Ø. kill.PL.O:PASS:PFV
animal
QUAL:Ø.IPV:Ø. SG.go:PFV
but
3SG.S:Ø.IPV:H. handle.AO:PFV:NOM
water
QUAL. INDF.O:3PL.S:INC:DH.PFV:Ø. D. extend.out:IPV:NOM
gun
grass
3PL.S. QUAL:AA.PFV:L. PL.stay:PFV
RECP.O. PP. 3PL.S. QUAL:Ø.IPV:D. say:IPV
3SG.S>3SG.P. to
ON.TRAIL. 3PL.S:AA.PFV:Ø. PL.go:PFV
and
1SG.PSR. mother
1SG.PSR. maternal.uncle
CT
children
1SG.P. to
1SG.O. maternal.aunt
and
if
water
if
and
ASRT
CON. NEGEX
AA.IPV:1SG.S:Ø. SG.go:IPV:PROG
wood
this
3SG.S>3SG.P. for
ADVZR
3SG.PSR. foot
3SG
trail
at:AR
and
dog
following
gun
meat
long.time
thus
NEG
TERM. 3PL.S:DH.PFV:Ø. PL.go:PFV
truly
tree.stump
3SG
thank.you
ADVZR
3PL.O. 1PL.S. AA.PFV:Ø. kill:PL.O:PFV
PL
PL
DANCE. 3PL.S:Ø.IPV:L. PL.mourn.dance:IPV:CUST
PRMB. INC:Ø.IPV:1SG.S. D:SG.go:IPV:CUST
ADVZR
CT
3SG.S>3SG.P. Ø.IPV:H. say:IPV
at
at:PNCT
thus
FOC
say:IPV
TERM. 3PL.S:Ø.IPV:Ø. handle.PL.O:IPV:CUST:NOM
MED. out:AR
PL
CT
people
NTRL. down:ABL
3SG.S>3SG.O. Ø.IPV:H. say:IPV
NEG
1PL.S:Ø.IPV:Ø. laugh:IPV:NOM
CT
thus
down:ALL
3SG.S>AR.O:DH.PFV:H. make.SG.O:PFV
AND.THEN
PRMB. see:IPV get.dark:PFV
there
at:PNCT
AR.S. INC:DH.PFV:Ø. be:PFV
PP. INC. QUAL:AA.IPV:2PL.S:Ø. say:FUT:NOM
where
PL
two
3PL.S>3SG.O. CON. 3PL.S:QUAL:Ø.IPV:H. shoot.at:PFV
ADVZR
falltime
NTRL. upland:AR
ADVZR
people
person
what
quickly
and
3PL.PSR. father
still
trail
NEG
down:AR
PURP
and
thus
MED. out:ABL
3SG
for
dentalium
Ø.IPV:1SG.S:H. smell:IPV:NOM
blueberry
3SG.S>3SG.P. Ø.IPV:H. say:IPV
IGN
old.man
IT. 3SG.S:AA.IPV:D. go.by.boat:IPV:PROG
3SG
FOC
PROH
ADVZR
PURP
1SG.PSR. father
at
PROH
but
TO.CHECK
3SG.S>3SG.P. Ø.IPV:H. say:IPV
when
small
ADVZR
at:PNCT
ADVZR
sympathy
NEGEX
3SG.S>3SG.O. INC:AA.IPV:Ø. fight:FUT
3PL.P. PP. PRETEND. INDF.S:QUAL:DH.PFV:L. say:IPV
1SG.O. CON:Ø.IPV:Ø. INC:DH.PFV:Ø. NEGEX
upland:ALL
3SG
PURP
3SG
3SG.S:QUAL:DH.PFV:H. kill.SG.O:PFV
etc.
and
people
when
3SG.S:AA.PFV:H. kill:PL.O:PFV
different.person
and
PL
PURP
INDF.PSR. at
suddenly
3SG.S>3SG.P. over
moose
at
?. Ø.IPV:2SG.S:D. know:IPV:NOM
AA.IPV:2PL.S:Ø. PL.go:IPV:PROG
1SG.PSR. mother
FOC
small
for
OUT. IT. 3SG.S:AA.IPV:D. SG.go.PFV:NOM
animal
3SG.P. QUAL:Ø.IPV:1SG.S:Ø. say:IPV
for
and
OUT. 3SG.S:Ø.IPV:Ø. handle.PL.O:IPV:NOM
3SG.S>3SG.P. TERM. 3SG.S:INC:DH.PFV:L. drink.quickly:PFV
how
PURP
ok
and
3SG
2SG.PSR. grandfather
here
and
one
NTRL. down:AR
under
children
NTRL. out:AR
1PL.S:INC:DH.PFV:H. splash:PFV
AR.O. QUAL:Ø.IPV:2PL.S. look.for:IPV
and
moose
and
for.nothing
3SG.S:INC:DH.PFV:Ø. SG.go:PFV
FOC
here
there
though
RECP.P. SNAGGING. 3SG.S:INC:QUAL:DH.PFV:L. punch:PFV
how
REFL.PSR. head
in
FOC
3SG.S:Ø.IPV:Ø. 3PL.S. heavy
person
3PL.P. house
fish
3
ADVZR
3SG
where
also
1SG.PSR. grandmother
3
3PL.S. N.PFV:Ø. PL.go:PFV
3SG.S>3SG.P. Ø.IPV:H. say:IPV
finally
morning
TO.CHECK
3SG
blanket
ADVZR
sympathy
?. 3PL.S:Ø.IPV:D. know:IPV
Q
at:PNCT
NTRL. up:ALL
CT
old.man
ADVZR
ADVZR
1SG.O. QUAL:Ø.IPV:2PL.S. see:IPV
3SG.S>3SG.P. Ø.IPV:H. say:IPV
at
CT
1PL.S:Ø.IPV:D. work:IPV:NOM
and
PL
INC:AA.IPV:2PL.S:Ø. classify.CO:FUT:NOM
INDF.PSR. skin
and
3PL.P. 3PL.S:Ø.IPV:Ø. say:IPV:NOM
3PL.S:Ø.PFV:Ø. be:IPV:NOM
3SG
winter
1SG.PSR. grandmother
PURP
finally
where:PNCT
at:AR
IN.CIRCLE. 3SG.S:INC:Ø.IPV:L. SG.run:IPV:CUST
etc.
truly
two
also
1SG
NEG
PL
ADVZR
shore
QUAL:Ø.PFV:1SG.S:Ø. be:IPV
quickly
when
AR.O. 3SG.S:QUAL:Ø.IPV:H. look.IPV:NOM
here
1SG.PSR. to
CT
out:ABL
ADVZR
when
3PL.O. 3PL.S:AA.PFV:Ø. kill:PL.O:PFV
the.way
trail
PL
what
and
3SG.P. for
PROH
FOC
FOC
at:AR
1SG.P. to
CT
NTRL. ahead:ALL
INC:AA.IPV:1SG.S:Ø. SG.stay:FUT
also
3SG
3SG.S>3SG.P. Ø.IPV:H. say:IPV
and
INSIDE. IT. 1PL.S:Ø.IPV:L. handle.PL.O:IPV:CUST
3SG
to
earth
3SG.P. on
DOWN. IT. INC:QUAL:AA.IPV:1SG.S:L. handle.PL.O:FUT
1SG.P. 3SG.S:Ø.IPV:H. say:IPV:NOM
egg
in
3PL.S:Ø.IPV:Ø. say:IPV
spruce
etc.
3PL.S:AA.PFV:Ø. kill.PL.O:PFV:NOM
NTRL. out:AR
3SG.P. PP. AR.S:Ø.PFV:Ø. be:IPV:NOM
3PL.S>3PL.P. Ø.IPV:Ø. keep.PL.O:IPV:CUST
still
FOC
3PL.P. from
owl
but
INDF.O. Ø.IPV:Ø. handle.PL.O:IPV:CUST
here
1SG.O. older.sister
CT
suddenly
to
thus
here
IT. 3SG.S:INC:Ø.IPV:D. get.dark:IPV:CUST
from
3SG.S>3SG.P. Ø.IPV:H. say:IPV
IT. 3PL.S:AA.IPV:D. PL.go:IPV:PROG:NOM
3PL.P. to
THERE
when:FUT
?. PEJ. 3PL.S:Ø.IPV:D. not.know:IPV
algae
1SG.PSR. maternal.uncle
boat
ADVZR
CT
and
but
no
say:IPV
PL
ADVZR
and
1SG.PSR. grandfather
edible.root
in
3PL.S. QUAL:DH.PFV:L. PL.stay:IPV
and
TERM. 3SG.S:N.PFV:Ø. SG.go:PFV
small
3SG
there
and
NEG
finally
earth
at:PNCT
and
and
and
thus
AND.THEN
IT. 3PL.S. QUAL:DH.PFV:H. kill.SG.O:PFV
wolverine
morning
people
AND.THEN
also
child:POSS
UP. 3PL.S. INC:AA.IPV:Ø. PL.go:FUT
1PL.S:INC:AA.IPV:Ø. make.PL.O:FUT
AWAY. IT. N.IPV:2SG.S. D:SG.go:IPV:IMP
ADJC. MED. down:AR
3SG.PSR. older.brother
CT
island
PRMB. 3PL.S. INC:Ø.IPV:D. PL.go:IPV:CUST
meat
PL
ADVZR
3PL.PSR. father
AND.THEN
old.lady
to
and
1PL.S:QUAL:Ø.PFV:Ø. be.hungry:IPV
there
1PL.O. 3SG.S:QUAL:Ø.IPV:H. see:IPV
DH.PFV:1SG.S:Ø. SG:stay:IPV
AGAINST?. 3SG.S:AA.PFV:Ø. turn:PFV
1SG.PSR. grandmother
bugs
NTRL. up:ALL
FOC
3SG.S:INC:DH.PFV:L. SG.run:PFV
ADVZR
etc.
3PL.PSR. grandfather
and
TO.CHECK
but
here
also
again
3
PL
FOC
AND
1PL.O. 3PL.S:Ø.IPV:Ø. say:IPV
NTRL. up:ALL
if
quickly
1PL.PSR. house
people
ADVZR
fish
big
TERM. 3SG.S:N.PFV:Ø. SG.go:PFV
INC. 3SG.S:QUAL:AA.PFV:Ø. crawl:PFV
OUT:AWAY 1PL.S:Ø.IPV:Ø. handle.PL.O:IPV:NEG
raven
1PL.S:AA.PFV:L. PL.stay:PFV
NTRL. upriver:ALL
also
ADVZR
3PL.S. QUAL:Ø.IPV:L. play:IPV:NOM
1SG.PSR. younger.brother
now
still
in
PL
also
say:IPV
3SG.S>3SG.PSR. throat
NTRL. up:ALL
INC:AA.IPV:1SG.S:H. bring:IPV?
at
3SG.P. in
and
3PL.S:Ø.PFV:Ø. be.many:IPV:NOM
there
PRMB. 1PL.S:INC:Ø.IPV:D. PL.go:IPV:CUST
GIRL
AR.S:Ø.PFV:Ø. be:IPV
to
people
when
3SG.S:AA.IPV:Ø. SG.go:IPV:PROG
PL
bugs
when
ONTO.SHORE. 3SG.S:DH.PFV:Ø. swim:PFV
3SG.S:Ø.IPV:Ø. holler:IPV:NOM
sympathy
meat
2SG.PSR. child
1SG.PSR. wife
middle.of.fire
1PL.PSR. house
if
moose
fish
thus
PRMB. 3SG.S:INC:Ø.IPV:D. handle.PL.O:IPV:CUST:NOM
to
PL
PL
REFL.P. for
spring
from
3SG.PSR. mouth
only
ADVZR
ADVZR
2SG.PSR. mother
big
what
INDF.O. OPT:1SG.S:Ø. eat:OPT
MED. up:ALL
to
FOC
1SG.PSR. grandmother
3PL.S:QUAL:DH.PFV:Ø. grow:PFV:NOM
2PL.PSR. children
3PL.P. with
1PL.P. 3SG.S:Ø.IPV:H. say:IPV
1SG.O. to
1SG.PSR. grandmother
at:AR
NEG
and
chief
CT
duck
and
1SG.P. with
1SG.O. QUAL:OPT:2SG.S:Ø. say:OPT
1PL.PSR. house
UP. 3SG.S:DH.PFV:Ø. SG.sit:IPV
who
ALL
3SG.S:INC:DH.PFV:D. animal.runs:PFV
here
bone
CT
wood
IT. 1PL.S:INC:Ø.IPV:D. PL.go:IPV:NOM
TERM. 3SG.S:QUAL:N.PFV:Ø. handle.PL.O:PFV
NEG
INC. DH.PFV:1SG.S:H. jump:PFV
and
3SG.S:Ø.IPV:H. cook:IPV
from
NTRL. out:AR
3PL.O. QUAL:Ø.IPV:1SG.S:H. spot:PFV:NOM
NEG
if
AVERT
PL
and
lake:POSS
CONT. Ø.PFV:1SG.S:Ø. SG:stand:IPV
DIFFERENT. how
what
day
ADVZR
AR.S:DH.PFV:D. happen:PFV
MED. out:AR
3SG.S:DH.PFV:Ø. be.dry:IPV:NOM
ADJC. NTRL. waterwards:PNCT
on
even
rock
NTRL. there
and
AND.THEN
and
say:IPV
rack
3SG.PSR. heart
and
3PL.O:DH.PFV:D. bury:PASS:PFV
AND.THEN
NEG
fire
AR.O. 3SG.S:QUAL:Ø.IPV:H. look.IPV:NOM
for
3PL.S>3SG.O. Ø.IPV:Ø. handle.PL.O:IPV:CUST
2SG.PSR. woman's.son
and
1SG.PSR. father
spider
2SG.PSR. grandmother
3PL.S:AA.PFV:H. be.many:IPV
only
1PL.O. 3PL.S:Ø.IPV:Ø. say:IPV
on
how
IT. 1SG.O. 3PL.S. QUAL:DH.PFV:H. kill.SG.O:PFV
thus
3SG
when
ADVZR
CT
1SG.P. for
spruce
PL
spider
moose
NEG
1SG.P. 3SG.S:Ø.IPV:H. say:IPV
DANCE. IT. 3SG.S:AA.PFV:L. SG.run:PFV
PL
3SG.S>3SG.P. for
REFL.PSR. wife
3PL.P. away.from
thus
INDF.PSR. bone
rock
caribou
PL
3SG.S>3SG.P. Ø.IPV:H. say:IPV
FOC
CT
say:IPV
flat
3SG.S>3SG.P. Ø.IPV:H. say:IPV
AND.THEN
3SG
on
and
UP. 3SG.S:DH.PFV:Ø. SG.go:PFV
cold
3SG.S>3SG.PSR. leg
3SG.PSR. wife
3SG.S:AA.PFV:Ø. keep.PL.O:PFV
3SG.S:QUAL:I.PFV:H. make.fire:PFV
trail
thus
AND.THEN
when
TERM. IT. 1PL.S:N.PFV:D. PL.go:PFV
to
AVERT
PRMB. 3SG.S:INC:Ø.IPV. D:SG.go:IPV:CUST
on
ADVZR
from
fat.?
OPT:2SG.S:Ø. be:OPT
NTRL. up:ALL
what
ADVZR
QUAL:Ø.IPV:2PL.S:Ø. make.fire:IPV:IMP
thus
say:IPV
MED. up:ABL
3PL.S:DH.PFV:H. make.SG.O:PFV
ADVZR
lake:POSS
3SG.PSR. younger.sister
FOC
3PL.S>3PL.P. with
when
FOC
and
PRMB. INC. QUAL:AA.PFV:2SG.S:H. PL.go:PFV:NOM
hill
3SG.S:QUAL:DH.PFV:Ø. NEGEX
ADVZR
ADVZR
old.lady
at:PNCT
here
to
3SG.S:N.PFV:Ø. be.long.time:IPV:NOM
3PL.O. NEGEX
when:FUT
AR:Ø.IPV:1SG.S:Ø. speak:IPV:NOM
for
PL
1PL.S:Ø.IPV:D. be:IPV
say:IPV
3PL.P. PP. PRETEND. INDF.S:QUAL:DH.PFV:L. say:IPV
INSIDE. 3SG.S:N.PFV:Ø. SG.go:PFV
three
OUT. 1PL.S:QUAL:DH.PFV:L. spot:PFV
but
ADVZR
PL
women
INDF:3SG.S:INC. older.brother
eyes
at
3SG.S:N.PFV:Ø. be.long.time:IPV:NOM
3SG.S:Ø.IPV:Ø. cry:IPV
CT
how
3SG.S:QUAL:AA.PFV:Ø. happen:PFV
MED. up:ALL
INSIDE. HEAD. 3PL.S:N.PFV:Ø. move.quickly:PFV
INDF.PSR. younger.sister
also
say:IPV
IT. 1PL.S:INC:Ø.IPV:D. move.nomadically:PFV
3SG
DH.PFV:1SG.S:Ø. SG:stay:IPV
3SG.S>3SG.P. to
there
AND.THEN
about
OUT. N.IPV:2SG.S:L. SG.run:IPV
IT. MIND. INDF.O:Ø.IPV:1SG.S:Ø. think:IPV
3SG.S>3SG.P. Ø.IPV:H. say:IPV
and
rock
at:AR
there
REFL.PSR. grandchild
on
PL
AS.FAR.AS
FOC
and
from
PRMB. SLED. INC:AA.IPV:1SG.S:Ø. handle.LRO:IPV:CUST
white.person
3SG.PSR. eye
sweets
also
TO.CHECK
3SG.S:Ø.PFV:Ø. be:IPV
women
AS.WELL
meat
in
and
here
3SG.S>3SG.P. Ø.IPV:H. say:IPV
APPR
AR.O. 3SG.S:QUAL:Ø.IPV:H. look.IPV:NOM
old.man
1PL.P. through.fault
ADVZR
INSIDE. 3SG.S:N.PFV:Ø. SG.go:PFV
to
also
get.ready
1PL
ADVZR
side
and
ADVZR
from
WASH. 3SG.S:QUAL:Ø.IPV:H. wash:IPV
INSIDE. 3SG.S:N.PFV:Ø. SG.go:PFV
and
3PL.P. 3SG.S:Ø.IPV:H. say:IPV
2SG.PSR. money:POSS
on
what
there
when
fish.knife
3SG.PSR. face
PL
when:FUT
3SG
quickly
TERM. QUAL:Ø.IPV:Ø. SG.fly:IPV:CUST
3PL.S. N.PFV:Ø. PL.go:PFV:NOM
1PL.S:Ø.IPV:Ø. eat:IPV
QUAL. DH.PFV:1SG.S:Ø. SG.sleep:IPV
one
now
ADVZR
PL
night
PRMB. 3PL.S:INC:Ø.IPV:Ø. D:SG.go:IPV:CUST:NOM
for
1SG.PSR. grandfather
PL
3SG
wait
PL
and
and
in
thus
3SG.S>3SG.P. Ø.IPV:H. say:IPV
NEG
hereabouts
when
3SG.S:DH.PFV:Ø. SG:stay:IPV
in
2PL.P. with
AR.S:Ø.PFV:Ø. be:IPV
3SG.S>3SG.P. Ø.IPV:H. say:IPV
there
big
UP. Ø.IPV:2SG.S:Ø. SG.go.toilet:IPV
lake
thus
PL
at:AR
3PL.P. for
3SG.S:Ø.IPV:Ø. cry:IPV:NOM
and
rope
3SG.S:DH.PFV:H. SG.die:PFV
etc.
3SG.S>3SG.P. Ø.IPV:H. say:IPV
3PL.S. QUAL:AA.IPV:Ø. PL.go:IPV:PROG
fish
PL
PL
3PL.S>3SG.O. 3PL.S:INC:AA.IPV:L. handle.PL.O:FUT:CUST
3SG
rope
FOC
FOC
finally
AND.THEN
2SG.O. CON:Ø.IPV:Ø. INC:DH.PFV:Ø. NEGEX
without
at
and
cold
1PL
there
INDF.O. 3SG.S:I.PFV?:D. drink:PFV
3PL.S:Ø.IPV:Ø. say:IPV
across:ALL
FOC
to
QUAL:Ø.IPV:1SG.S:H. see:IPV
1SG.PSR. grandfather
1SG.PSR. mother
IT. 3SG.S:INC:DH.PFV:D. SG.go:PFV
day
gun
QUAL:Ø.IPV:1SG.S:Ø. do:IPV
and
3SG
moose
ADVZR
3SG.S:DH.PFV:H. be.sick:IPV
for
3PL.S. QUAL:Ø.IPV:L. play:IPV:NOM
RECP.P. to
at:AR
and
3SG.S:AR:DH.PFV:L. pretend:PFV
3SG.S:QUAL:I.PFV:L. make.fire:PFV
for
FOC
with
3SG
1PL
PL
3SG.S:N.PFV:Ø. DH.PFV:D. shoot:PFV
NTRL. downriver:AR
trail
3SG.S>3SG.P. Ø.IPV:H. say:IPV
3SG
1PL.P. long.before
AND.THEN
be.wide:IPV
3SG
person
3SG.P. for
there
OUT. OPT:1SG.S:Ø. SG.go:OPT
to
CT
1SG.P. with
for
3SG
3SG
1SG.PSR. mother
CON. INC:QUAL:AA.IPV:2PL.S:H. see:FUT
IT. 1PL.S:N.PFV:D. PL.go:PFV
say:IPV
QUAL:OPT:2SG.S:H. look:OPT:CUST
at:AR
and
people
because
long.time
skin
say:IPV
and
3SG.S:DH.PFV:Ø. SG.stay:IPV:NOM
ADVZR
old.lady
1PL.O. 3SG.S:Ø.IPV:H. say:IPV
suddenly
N.IPV:2SG.S:Ø. twist:IPV
1SG.PSR. father
ADVZR
there
old.man
creek
lake
PL
there
now
ADVZR
in
for
at
3SG.O. NEGEX
3PL.P. PP. 3SG.S:QUAL:DH.PFV:Ø. happen:PFV
and
ANYTHING
in
3PL.S:QUAL:Ø.IPV:D happen:PFV
DH.PFV:1SG.S:H. SG.die:PFV
God
where
NTRL. out:AR
FOC
say:IPV
FOC
CONT. AA.PFV:1SG.S:Ø. SG:sleep:PFV
3SG.S:AA.PFV:H. be.many:IPV:NOM
3SG.S>3SG.O. Ø.IPV:H. say:IPV
ADVZR
AR.S:Ø.PFV:Ø. be:IPV
UP. AA.IPV:1SG.S:Ø. SG.go:PFV
dog
CT
tree.stump
rope
3PL.P. NEGEX
AR.O. INC:AA.IPV:2PL.S:Ø. be.alive:FUT:NOM
NEG
AGAINST?. INDF.PSR. 3SG.S:AA.PFV:Ø. handle.LRO:quickly:PFV
3SG.S:N.PFV:D. move.quickly:PFV:NOM
fat
lake
INDF.PSR. younger.sister
3SG.S:Ø.PFV:Ø. be:IPV
ADVZR
3SG.PSR. bone
1PL.P. like
here
rope
truly
and
1PL.PSR. house
NTRL. out:ABL
raven
ASRT
ADVZR
trail
3SG.S>3SG.P. Ø.IPV:H. say:IPV
DH.PFV:1SG.S:Ø. SG:stay:IPV
3PL.S:Ø.IPV:Ø. say:IPV
AND.THEN
3SG.O. QUAL:Ø.IPV:1SG.S:H. look:IPV
3SG
AR. upland:ALL
in
3PL.S:Ø.IPV:Ø. be:IPV:NOM
FOC
at:AR
1SG.PSR. mother
3PL.S>3PL.P. following
3SG.S>3SG.P. for
1SG.PSR. grandmother
and
ADVZR
do:IPV
3SG.S:INC:DH.PFV:D. animal.runs:PFV
respect
ADVZR
in
and
muskrat
no
for
3SG.S>3SG.P. with
OUT. N.PFV:2SG.S:Ø. SG.go:PFV
3PL.S>3SG.P. INC:AA.IPV:Ø. handle.PL.O:FUT:NOM
3SG
where
and
what
CT
3PL.P. 3SG.S:Ø.IPV:H. say:IPV:NOM
AND.THEN
NEG
there
small
ADVZR
and
PL
why
devil
ADVZR
AND.THEN
ADJC. MED:AR. down:AR
there
butterfly
ADVZR
1SG.PSR. older.brother
1SG.P. for
in
only
PP. PEJ. 3PL.S:Ø.IPV:D. not.know:IPV
at:AR
get.ready
NTRL. out:AR
at
two
CT
NEG
NTRL. up:AR
3SG.S>3SG.P. Ø.IPV:H. say:IPV
1SG.PSR. palm
at:PST
still
wood
say:IPV
and
3SG.S:DH.PFV:Ø. SG.sit:IPV
AA.IPV:2SG.S. swim.across:IPV
and
3SG
2SG.PSR. maternal.uncle
3SG
three
3SG
AA.IPV:1SG.S:Ø. cut:IPV
1SG.PSR. grandmother
and
ADVZR
3SG.S>3SG.P. Ø.IPV:H. say:IPV
ADVZR
up:ALL
when
AND.THEN
ADVZR
there
INDF.O. OPT:1SG.S:Ø. eat:OPT
there
ADVZR
ADVZR
DOWN. 3SG.S:INC:QUAL:DH.PFV:H. move.CO.quickly:PFV
FOC
3SG.S>3SG.P. Ø.IPV:H. say:IPV
1PL.S:Ø.IPV:Ø. do:IPV
3SG.S:INC:DH.PFV:L. SG.run:PFV
3PL.S>3SG.P. to
to
3SG.P. PP. AR.S:Ø.PFV:Ø. be.born:IPV
PL
here
under
PRMB. see:IPV get.dark:PFV
AS.WELL
FOC
and
on
person
NTRL. ahead:ALL
3SG.S>3SG.P. among
traps
hereabouts
3SG
here
fire
smoke
3SG.S:OPT:Ø. SG.sleep:OPT
INDF.O. QUAL:DH.PFV:2SG.S:H. thrust.O:PFV
ADVZR
NTRL. down:ALL
AND.THEN
3SG.S:N.PFV:Ø. be.long.time:IPV:NOM
1PL.P. with
and
thus
children
here
who
NEG
what
on
at:AR
?. 1PL.S:NEG.PFV:D. know:IPV:NEG
finally
three
fish
and
thus
3SG
3SG
PL
GIRL
moon
blueberry
at
1SG
fish
1PL
1PL.S:Ø.PFV:Ø. be:IPV
PL
come.in
REFL.PSR. trap:POSS
1SG.P. in.language.of
small
PURP
at:AR
ADVZR
oh
small
FOC
2PL.P. for
CONT. QUAL:OPT:2SG.S:L. tell.story:IPV:NEG
1SG.PSR. grandmother
PROH
when:FUT
NTRL. out:AR
FOC
ADVZR
one
CONT. I.PFV:1SG.S:Ø. SG:stand:IPV
GIRL
UP. 3SG.S:DH.PFV:Ø. SG.sit:IPV
well
HAIR. 3PL.S:Ø.PFV:L. be:IPV
fish
and
IT. DSTR. INDF.O:1PL.S:OPT:Ø. eat:OPT
1PL.S:Ø.PFV:Ø. be:IPV
OUT. 3SG.S:QUAL:OPT:L. CO.move.indep:OPT
dog
MED. INC:Ø.IPV:D. up:ALL
while
ADVZR
1SG.PSR. grandmother
thus
OUT. N.PFV:2SG.S:Ø. SG.go:PFV
3PL.O. PRMB. INDF:INC. AA.IPV:2PL.S:Ø. PL.go:IPV
2SG.PSR. close.relative
AR.S. INC:DH.PFV:Ø. be:PFV
say:IPV
3PL.S:Ø.IPV:Ø. handle.PL.O:IPV:CUST
3PL.P. for
ADVZR
meat
who
meat
3PL.S>3SG.P. Ø.IPV:H. say:IPV
PL
fish
three
NEG
what
IT. 1PL.S:INC:Ø.IPV:D. PL.go:IPV:CUST
and
thus
and
and
in
finally
OUT. 3SG.S:AA.PFV:Ø. handle.FO:PFV
INDF.PSR. skin
CT
IT. N.PFV:1SG.S:D. SG.go:PFV
ADVZR
TERM. 1PL.S:Ø.IPV:D. move.nomadically:IPV:CUST
NEG
3PL.P. house
WEAPON. 3SG.S:INDF.O:QUAL:DH.PFV:D. find.SG.O:PFV
1PL.PSR. house
to
REFL.PSR. mother
PL
AWAY. IT. 1PL.S:Ø.IPV:Ø. handle.PL.O:IPV:CUST:NOM
make.noise:IPV:NOM
3SG.S:INC:Ø.IPV:Ø SG.go:IPV:CUST
1SG.PSR. mother
NEG
CT
QUAL:Ø.PFV:1SG.S:Ø. hear:IPV
ADVZR
CON. DH.PFV:1SG.S:Ø. grab:PFV
thank.you
tree.stump
with
FOC
3SG
different
respect
ADVZR
there
but
meat
those
AND.THEN
when
here
and
what
sympathy
3SG.PSR. name
UP. 3SG.S:Ø.PFV:Ø. SG.go:IPV:NEG
3SG.S:QUAL:DH.PFV:L. be.scared:IPV:NOM
there
Ø.IPV:1SG.S:H. smell:IPV:NOM
and
and
and
boat
1SG.P. to
dentalium
and
IT. 3SG.S:AA.IPV:D. go.by.boat:IPV:PROG:NOM
animal
CONT. IT. INDF.O. 3PL.S. QUAL:Ø.IPV:Ø. sew:IPV
3SG
1PL.S. QUAL:DH.PFV:L. want:IPV
INDF.PSR. younger.sister
to
rosehips
3PL.S:N.PFV:Ø. 3PL.S:N.PFV:D. PL.go:PFV
for
PL
3PL.P. with
say:IPV
with
3SG.S:DH.PFV:Ø. SG.sit:IPV
however
to
3SG
1PL.S. QUAL. INC:AA.IPV:Ø. speak:FUT:NOM
N.PFV:Ø. 3PL.S:DH.PFV:Ø. extend:IPV
when
and
grass
the.way
gun
1SG.PSR. grandfather
3PL.S>3SG.O. INC:AA.IPV:Ø. eat:FUT:NOM
sympathy
to
NTRL. up:AR
animal
for
QUAL:Ø.IPV:1SG.S:Ø. say:IPV
3SG.P. belly
and
on
if
to
3SG.S:N.PFV:Ø. water.extend:IPV
water.extend:IPV
and
ADVZR
thus
finally
3PL.S. QUAL:Ø.IPV:L. extend:IPV:CUST
CMPL. 3PL.S:Ø.PFV:L. appear:IPV:NOM
CT
AWAY. MOUTH 3SG.S:AR. QUAL:N.PFV:Ø. handle.CO:PFV
thus
3SG
ADVZR
also
INSIDE. IMPSL.S:DH.PFV:Ø. handle.PL.O:PFV
PL
INDF. NEGEX
only
INDF.S:Ø.IPV:H. SG.die:IPV:CUST
?. PP. Ø.IPV:1SG.S:D. know:IPV:NOM
3SG
thus
FOC
DH.PFV:1SG.S:H. kill.SG.O:PFV
like
and
on
necklace
3SG.S:DH.PFV:Ø. classify.CO:IPV
etc.
ADVZR
in
TERM. IT. 3SG.S:INC:AA.IPV:Ø. handle.PL.O:FUT
3PL.PSR. small
still
and
3PL.P. 3SG.S:Ø.IPV:H. say:IPV
lake
FOC
to
3PL.S:QUAL:Ø.IPV:D happen:PFV
ADVZR
where
QUAL:Ø.IPV:1SG.S:Ø. say:IPV:NOM
REFL.PSR. mother
here
REFL.PSR. wife
3PL.S. QUAL:Ø.IPV:Ø. have.potlatch:IPV
1PL.PSR. children
in
3SG
when
MED. outside:PNCT
and
1SG.PSR. grandfather
CONT. 1PL.S:Ø.IPV:Ø. eat:IPV:NOM
stick
NTRL. out:AR
here
what
from
3SG.PSR. name
still
thus
3PL.S:Ø.IPV:Ø. say:IPV
IT. 3SG.S:AA.PFV:D. handle.CO:PFV
3SG.S:OPT:Ø. SG.sleep:OPT
quickly
1PL.S:AA.PFV:L. PL.stay:PFV
thus
in
person
1SG.PSR. wife
rock
if
up:ALL
3SG.S:INC:OPT:Ø. SG.go:OPT
there
1SG.PSR. grandfather
here
dog
ADVZR
ADVZR
moose
ADJC. there
INDF.PSR. older.sister
3SG.P. CON:DH.PFV:Ø. INC:DH.PFV:Ø. be:OPT
3PL.S:QUAL:DH.PFV:L. PL.stay:IPV:NOM
creek
and
3SG.S:AA.IPV:Ø. SG.go:IPV:PROG
and
QUAL:Ø.PFV:1SG.S:Ø. happen:PFV
3SG.S:AA.IPV:Ø. SG.go:IPV:PROG
3SG.S:Ø.IPV:H. SG.die:PFV
fish
punch:PFV
1SG.PSR. mother
PRMB. 3SG.S:INC:OPT. D:SG.go:OPT:CUST:NOM
in
where:PNCT
finally
1PL.P. for
also
at:AR
GIRL
at:AR
people
and
long
if
AR.S:Ø.PFV:Ø. be:IPV:NOM
finally
3SG.S>3SG.O. AA.PFV:Ø. eat:PFV
THERE
long.time
1SG.PSR. younger.brother
say:IPV
3SG.S>3SG.P. with
3PL.P. house
thus
2SG.PSR. mother
QUAL:Ø.PFV:2SG.S:Ø. be:IPV:NOM
thus
also
CONT. 3PL.S:Ø.IPV:Ø. PL.go:IPV:CUST
QUAL:Ø.IPV:2SG.S:Ø. say:IPV:NOM
and
1SG.PSR. grandmother
blueberry
3SG.S:DH.PFV:L. seem:IPV
say:IPV
at
finally
3SG.PSR. child:POSS
SPOT QUAL:DH.PFV:L. spot:PFV
PL
mother
1PL.P. with
say:IPV
OUT. 3PL.S:AA.PFV:Ø. handle.CO:PFV
here
FOC
1SG.PSR. paternal.uncle
fish
1PL
PL
how
AND
DOWN. 3SG.S:INC:AA.IPV:Ø. PL.O.fall:FUT
when
1SG.PSR. younger.brother
golden.eagle
children
3SG.S>3SG.P. for
if
at:AR
INDF.PSR. skin
what
nice
thus
wood
TERM. IT. 3PL.S>3PL.O. Ø.IPV:L. handle.PL.O:IPV:CUST
out:ABL
PL
1SG.PSR. grandmother
3PL.S:DH.PFV:H. make.SG.O:PFV
Ø.PFV:1SG.S:Ø. be:IPV
IT. INC:QUAL:Ø.IPV:2PL.S:D. PL.go:IPV:CUST:NOM
still
in
winter
1PL.S:Ø.IPV:Ø. laugh:IPV:NOM
and
WHY
like
INTO.HOLE. 3PL.S:Ø.IPV:Ø. handle.PL.O:IPV:CUST
2PL.P. with
like
when
3PL.S. QUAL:DH.PFV:L. PL.stay:IPV:NOM
AND.THEN
PP. INDF.O:INC:AA.IPV:2PL.S:H. feed:FUT:NOM
at
when
small
3SG
3SG.S>3SG.P. Ø.IPV:H. say:IPV
3SG.S>3SG.O. QUAL:DH.PFV:H. throw.CO:PFV
fire
3SG
to
here
finally
at:PNCT
old.lady
3SG.S>3SG.P. Ø.IPV:H. say:IPV
QUAL:Ø.IPV:1SG.S:Ø. say:IPV:NOM
PL
AND.THEN
NEG
CT
3PL.S. INC:AA.IPV:Ø. do:FUT:NEG
IT. 3SG.S:N.PFV:D. SG.go:PFV
AR.S:Ø.PFV:Ø. be.narrow:IPV:NOM
3SG.S>3SG.O. Ø.IPV:H. say:IPV
3SG.S:QUAL:Ø.IPV:L. play:IPV:NOM
ASRT
suddenly
eye
who
ADVZR
different.person
to
CT
and
PROH
3SG.S>3SG.P. Ø.IPV:H. say:IPV
around
ADVZR
MED. out:AR
3SG.S>3SG.O. QUAL:Ø.IPV:H. see:IPV
AR.S:Ø.PFV:Ø. be:IPV
and
thus
1PL.P. 3SG.S:Ø.IPV:H. say:IPV
in
and
3SG.P. PP. 1PL.S. QUAL:NEG.PFV:L. be.scared:IPV:NEG
NTRL. ahead:ALL
1PL.O. QUAL:Ø.IPV:2SG.S:H. look:IPV
NTRL. out:AR
OUT. 3PL.S:Ø.IPV:Ø. SG.go:IPV:CUST
here
and
when
only
1SG.P. to
thus
3SG
3SG
REFL.PSR. mother
GIRL
1PL.S:Ø.IPV:Ø. PL.go:IPV:CUST
UP. AA.IPV:1SG.S:Ø. SG.go:PFV
DH.PFV:2SG.S:Ø. SG:stay:IPV
two
tru
3SG.P. on
CT
ADVZR
COMPLETELY. 3PL.S>3PL.O. INC:QUAL:AA.IPV:H. rip:IPV
1SG.O. 3SG.S:Ø.IPV:H. say:IPV
and
FIGHTING. 3SG.S:INC:DH.PFV:H. want:IPV:NOM?
there
fire
for
when
and
3PL.S. QUAL:Ø.IPV:Ø. have.potlatch:IPV
3PL.S>3SG.P. SURROUNDING QUAL:AA.PFV:H. PL.go:PFV
?. PP. 1PL.S:NEG.PFV:D. not.know:IPV
in
OUT. N.IPV:2SG.S. SG.go:IPV:IMP
PL
ADVZR
PRMB. INC:Ø.IPV:1SG.S. D:SG.go:IPV:CUST
and
CON. DH.PFV:1SG.S:Ø. grab:PFV
thus
3PL.P. for
good
MED. out:AR
AND.THEN
ADJC. 3SG.S:QUAL:AA.PFV:L. know:IPV
then
house
3SG.S>3SG.P. following
thank.you
YAMAAGN.TEESHYAAY
3SG.S:INC:Ø.IPV:Ø. bother:IPV
ADVZR
MED. outside:ALL
and
INDF.PSR. husband
and
AND.THEN
ADVZR
3SG
INC. DH.PFV:2PL.S:H. PL.go:PFV
2SG.PSR. younger.sister
3PL.P. TO. 3SG.S:Ø.PFV:Ø. handle.OOC:PFV
NTRL. down:ALL
what
NEG
smoke
FOC
what
fire
3SG.S>3SG.P. Ø.IPV:H. say:IPV
and
PROX. AR. side
from
ADJC. NTRL. waterward:AR
PL
if
ADVZR
3PL.P. to
also
what
3PL.S. laugh:IPV:NOM
for
gun
3SG
1PL.S. QUAL:QUAL:Ø.IPV:Ø. speak:IPV:NOM
3SG.S:DH.PFV:H. SG.die:PFV
PL
AWAY. 3SG.S:QUAL:Ø.PFV:Ø. handle.CO:PFV:NOM
QUAL:Ø.IPV:1SG.S:H. look:IPV
3PL.PSR. belly
ADVZR
children
3SG.O. NEGEX
oh
NTRL. waterward:ABL
AND.THEN
ok
in
1SG.PSR. foot
dog
who
INDF.PSR. husband
3PL.S>3SG.P. Ø.IPV:H. say:IPV
3SG.S:Ø.PFV:Ø. be.heavy:IPV
AND.THEN
3SG
HOLE 3SG.S:QUAL:Ø.PFV:Ø. chop:PFV
PL
CT
butterfly
dog
NTRL. up:AR
from
still
at
woman
1SG.O. older.sister
3SG.S:OPT:Ø. hold:IPV
at
thus
and
TIRED. 3SG.S:INC:DH.PFV:D. be.alive:IPV:NOM
when
ADVZR
and
say:IPV
still
1PL.P. in.language.of
3SG
ASRT
devil
only
IT. 3SG.S:AA.IPV. D:SG.go:FUT
finally
TERM. N.PFV:Ø. handle.RO:PFV
RECP.O. 1PL.S:QUAL:Ø.IPV:D. say:IPV
IT. 3PL.S. QUAL:DH.PFV:L. PL.stay:IPV
two
rock
3SG.S>3SG.P. Ø.IPV:H. say:IPV
hereabouts
if
OUT. AA.PFV:1SG.S:Ø. SG.go:PFV
CARE QUAL:QUAL:Ø.PFV:Ø. when:PST
CONT. 1PL.S. QUAL:Ø.IPV:L. tell.story:IPV:NOM
Olga
meat
ADMIR. 3SG.S:INC:DH.PFV:H. be.strong:IPV
DANCE. 3PL.S:Ø.IPV:L. PL.mourn.dance:IPV:CUST
ADVZR
3SG.S:Ø.IPV:H. say:IPV
and
if
old.man
no
3PL.P. away.from