suddenly
PL
AR.S:Ø.PFV:Ø. be:IPV:NOM
flour
CT
there
mountain
no
GIRL
in
CT
PROX. AR. ahead:ALL
NEG
INDF.O. 3PL.S:Ø.IPV:H. filet:IPV:NOM
ADVZR
for
ADVZR
3SG.S>3SG.P. for
1SG
on
moose
rope
when
NTRL. up:AR
3SG
when:PST
PL
1SG.PSR. grandmother
sympathy
but
children
be.good:IPV:NOM
PP. PEJ. NEG.PFV:1SG.S:D. not.know:IPV
3SG.S>3SG.P. with
there
quickly
OUT. 3SG.S:QUAL:Ø.IPV:H. smoke.moves:IPV:CUST
3SG
INC:QUAL:AA.PFV:Ø. 3SG.S>3SG.O. 3SG.S:QUAL:AA.PFV:H. PL.move:PFV:ERR
old.man
like
1PL.S:QUAL:Ø.PFV:L. think:IPV:NOM
AND.THEN
still
WEAPON. 3SG.S:INDF.O:QUAL:DH.PFV:D. handle.LRO:PFV:NOM
old.man
small
big
PRMB. INC:AA.IPV:1SG.S:H. handle.LRO:IPV:CUST
CT
how
3SG
etc.
while
PL
NEG
TERM. OPT:2SG.S:D. SG.go:OPT
and
3SG.S:OPT:Ø. SG.sleep:OPT
CT
2PL.O. to
NTRL. upland:AR
3SG.S>3SG.P. Ø.IPV:H. say:IPV
3SG.S>3SG.P. on
only
2SG
when
1PL.PSR. food
blueberry
people
3SG
1SG
CT
and
UP. IT. 3SG.S:QUAL:AA.IPV:Ø. SG.fly:IPV:PROG
fish
UP. DH.PFV:2SG.S:Ø. handle.PL.O:PFV:NOM
at:PNCT
IGN
and
earth
1SG.P. 3SG.S:Ø.IPV:H. say:IPV
AR.S:Ø.PFV:Ø. be:IPV
if
fish
3SG.PSR. name
3PL.P. with
COMPLETELY. 3SG.S:QUAL:DH.PFV:Ø. burn:IPV
3PL.P. to
thank.you
AND.THEN
IT. 1PL.S:INC:Ø.IPV:Ø. PL.go:IPV
and
ADVZR
3SG.S:QUAL:Ø.PFV:Ø. be.big:IPV:NOM
NEG
3PL.S. QUAL:QUAL:Ø.IPV:Ø. speak:IPV:NOM
also
upland:PNCT
also
and
thus
animal
at:PNCT
AR.S:Ø.PFV:Ø. be:IPV
1PL.S. 3SG.S:DH.PFV:Ø. handle.PL.O:PFV
at:AR
oh
AND.THEN
those
1PL.S:INC:Ø.IPV:Ø. move.nomadically:IPV:NOM
3SG.PSR. mother
old.man
IT. 3SG.S:QUAL:Ø.IPV:L. tell.story:IPV:NOM
water
ADVZR
night
1PL.O. 3PL.S:Ø.IPV:H. bother:IPV:NEG
no
3SG.P. with
AR.S:Ø.PFV:Ø. be:IPV:NOM
mountain
when
IT. 3SG.S:INC:OPT. D:SG.go:OPT:CUST:NOM
big
3SG
thus
do:IPV:NEG
INDF.S. 3SG.S>3SG.O. QUAL:AA.IPV:Ø. PL.fly:IPV:PROG
1SG.P. following
3SG.S:Ø.PFV:Ø. classify.CO:IPV
3SG.S:Ø.IPV:Ø. cry:IPV
night
in
and
willow
on
OPT:2SG.S:Ø. be:OPT
1SG.PSR. maternal.aunt
with
SG.fetch:IPV
and
3SG
HEARING. 3SG.S:INC:DH.PFV:H. extend:IPV
ADVZR
PL
3PL.S:Ø.IPV:H. SG.die:IPV:CUST
oh
3PL.P. meandering.through
at:AR
on
3SG.S:INC:AA.IPV:H. snow:FUT:NOM
3SG.PSR. nose
for
thus
PROX:AR. across:ALL
also
big
INTO.FIRE 3PL.S>3SG.P. QUAL:AA.PFV:H. LRO.moves.quickly:PFV
shore
CONT. 3SG.S:Ø.IPV:H. wash:IPV
ok
REFL.PSR. mother
IT. 3SG.S:N.PFV:D. SG.go:PFV
come.in
OUT. 3PL.S:N.PFV:Ø. SG.go.PFV:NOM
FOC
rock.fish.fence
for
white.person
3SG.S:N.PFV:Ø. handle.PL.O:PFV:NOM
3SG.S>3SG.P. Ø.IPV:H. say:IPV
PRMB. INC:Ø.IPV:H. get.dark:PFV
like
FOC
who
3SG
and
finally
song
CONT. 3PL.S:Ø.IPV:H. PL.sleep:IPV
ADVZR
3PL.S. QUAL:DH.PFV:L. PL.stay:IPV
under
INC. DH.PFV:1SG.S:Ø. SG:sleep:PFV
and
3SG.S:QUAL:Ø.PFV:L. be.white:IPV:NOM
3SG.S>3SG.P. Ø.IPV:H. say:IPV
ok
across:ALL
3SG.PSR. older.brother
finally
1SG.PSR. maternal.uncle
OUT. IT. HEARING. 3PL.S. INC:Ø.IPV:D. PL.go:IPV:CUST
when:FUT
what
3PL.S. laugh:IPV:NOM
here
winter
GIRL
3SG.P. following
3SG.S:QUAL:QUAL:Ø.IPV:Ø. speak:IPV:NOM
3PL.PSR. hearing
CT
but
3SG.P. for
PROH
there
finally
CT
OUT. IT. 3SG.S:AA.PFV:D. SG.go:PFV
INDF.PSR. older.sister
quickly
spruce
AR.S:Ø.PFV:Ø. be:IPV:NOM
like
where
but
NEG
GIRL
3PL.PSR. nest
like
fish
ADVZR
3
for
at:PNCT
1SG
RECP.P. PEJ. 3PL.S:Ø.IPV:D. not.know:IPV
FIGHTING. 3PL.S. INC:AA.IPV:Ø. PL.go:FUT
thus
NTRL. out:AR
3PL.S:Ø.IPV:Ø. say:IPV:CUST
small
1SG
and
still
tent
there
like
3SG.S>3SG.P. Ø.IPV:H. say:IPV
dentalium
rope
all.long
OUT. 3SG.S:Ø.PFV:Ø. swim:PFV
and
ADVZR
ADVZR
PL
AR. PROX. upland:ALL
sheep
thus
3PL.PSR. food
because
3PL.S:Ø.IPV:Ø. say:IPV
when
and
dog
freeze:PFV:NEG
all.long
THERE
PROH
child
ADVZR
NEG
and
no
REFL.PSR. mother
3SG.S:Ø.IPV:H. say:IPV
person
big
UP. 3SG.S:DH.PFV:Ø. SG.sit:IPV
INDF.PSR. younger.sister
?. PEJ. NEG.PFV:1SG.S:D. not.know:IPV
ADVZR
no
old.man
3SG.S>3SG.P. Ø.IPV:H. say:IPV
morning
on
on
also
3SG
ochre
blueberry
grandchild
spear
1PL.O. 3SG.S:Ø.IPV:H. say:IPV
blueberry
in
TERM. 3SG.S:N.PFV:Ø. SG.go:PFV
teapot
3SG.S:QUAL:AA.PFV. hear:IPV
DUB
thank.you
AR.P. to
but
from
two
here
and
for
and
ADVZR
3SG.S:QUAL:DH.PFV:Ø. INC. N.PFV:Ø. pray:IPV:NOM
in
where:PNCT
ADJC. outside:PNCT
INC:AA:IPV:H. smell:FUT
there
INC:AA.IPV:1SG.S:Ø. do:FUT
3SG.S>3SG.PSR. pack:POSS
NTRL. ahead:ALL
3SG.S:QUAL:Ø.PFV:L. be.white:IPV:NOM
ADVZR
downriver:ABL
person
big
3PL.S:Ø.IPV:Ø. holler:IPV:NOM
3SG.PSR. house
NEG
swan
only
here
there
3SG.S:Ø.IPV:L. appear:IPV:NOM
CONT. 3PL.S:Ø.IPV:Ø. PL.go:IPV:CUST
big
God
AR.S. 3SG.S:AA.PFV:Ø. SG.go:PFV
spruce
upland:ALL
soup
FOC
3PL.P. for
TO.SIDE. 3SG.S:QUAL:DH.PFV:L. extend:IPV
like
children
TO.CHECK
TERM. 3PL.S. N.PFV:Ø. PL.go:PFV:NOM
PL
QUAL:I.PFV:1SG.S:H. see:IPV
3SG.S>3SG.P. Ø.IPV:H. say:IPV
CT
PL
there
for
3PL.S:Ø.IPV:Ø. say:IPV
INSIDE. N.IPV:2PL.S:Ø. PL.go:IPV:IMP
3SG.S:CON:Ø.IPV:Ø. grab:PFV
and
1SG.P. in.front
and
two
1PL.S:INC:AA.IPV:Ø. be:FUT:NOM
PURP
FOC
INDF.PSR. at
2PL.P. behind
AR.S:DH.PFV:D. happen:PFV
and
FOC
ADVZR
1SG
how
INC:AA.IPV:1SG.S:H. jump:FUT
ADVZR
wood
1PL.S. 3SG.S:Ø.IPV:H. trap:IPV
at:AR
finally
IT. 3PL.S:AA.IPV:D. PL.go:IPV:PROG
ADVZR
IT. Ø.IPV:1SG.S:L. hunt:PFV:NOM
middle.of
from
ADVZR
fire
winter
water
if
QUAL:Ø.PFV:1SG.S:Ø. be.scared:IPV
when
also
CONT. 3PL.S:Ø.IPV:Ø. PL.go:IPV:CUST
1SG
ADVZR
3PL.S. QUAL:DH.PFV:L. hear:IPV
and
IT. 1PL.S:DH.PFV:D. PL.go:PFV
AR.S. INC:DH.PFV:Ø. be:PFV
at
3PL.PSR. blanket:POSS
INDF.PSR. older.sister
?. Ø.IPV:1SG.S:L. remember:IPV:NOM
when:FUT
who
on
also
to
only
3SG
for
when
GIRL
no
DOWN. 3PL.S:N.PFV:Ø. move.nomadically:PFV
3SG.O. NEGEX
1SG.PSR. grandfather
3SG.S:Ø.IPV:H. say:IPV
PL
what
ADVZR
head
thus
old.man
at:AR
muskrat
PROX. AR. ahead:ALL
old.lady
ADVZR
3SG.S:N.PFV:D. move.quickly:PFV:NOM
2PL.PSR. mother
moose
DIFFERENT. place
CONT. AR. 3SG.S:Ø.PFV:Ø. shake:PFV?
NEG
long.time
1PL.P. to
3SG.PSR. bone
hill
ADVZR
IT. 3SG.S:Ø.IPV:Ø. SG.go:IPV:NEG
INC. 3SG.S:AA.IPV:D. say:IPV
small
owl
1SG.PSR. grandmother
fish
two
there
water
3PL.PSR. hearing
1PL.P. from
3PL.P. PP. 3SG.S:QUAL:DH.PFV:Ø. SG.go.PFV:NOM
and
CON. NEGEX
QUAL:NEG.PFV:1SG.S:L. be.scared:IPV:NEG
1SG.P. for
1SG.P. for
IT:AR. INC.DH.PFV:D. be:PFV
AND.THEN
dog
NTRL. down:AR
morning
now
PRMB. INC. DH.PFV:1SG.S:Ø. SG.go:PFV
PRMB. INC:Ø.IPV:D. PL.go:IPV:CUST
QUAL. OPT:1SG.S:H. see:PFV
PURP
thus
in
here
3SG.S:QUAL:QUAL:Ø.IPV:Ø. speak:IPV:NOM
3SG.S:Ø.IPV:H. say:IPV
PL
MED:AR. down:ALL
only
MOUTH INC:QUAL:AA.IPV:1SG.S:L. throw.CO:PFV:NOM
and
how
IT. INC:OPT:1SG.S:D. SG.go:OPT
old.lady
at:PNCT
gun
and
grandchild
say:IPV
3PL.P. to
INC:Ø.IPV:D. PL.fall:PFV
shore
to
NTRL. up:AR
PURP
AR.S:Ø.PFV:Ø. be:IPV
NTRL. ahead:ALL
and
in
?. PEJ. 3PL.S:Ø.IPV:D. not.know:IPV
3PL.P. to
MED. out:ABL
big
REFL.PSR. tail
hee
ADVZR
here
1SG.PSR. mother
NEG
also
old.man
really
person
3PL.P. to
AWAY. IT. 3SG.S:QUAL:Ø.IPV:D. SG.fly:IPV:NOM
3SG
PURP
AR.S. QUAL:DH.PFV:Ø. spend.night:PFV:NOM
for
to
finally
3SG.S:QUAL:I.PFV:H. INC:DH.PFV:Ø. PL.go:FUT:CUST
and
when
FOC
ADVZR
INC. QUAL:AA.IPV:2PL.S:Ø. teach:FUT:NOM
ADVZR
NTRL. down:ALL
3SG
3SG
however
AR.S. INC:DH.PFV:Ø. be:PFV
there
3SG
and
3SG.P. for
thus
ADVZR
in
also
3SG.S:Ø.IPV:Ø. holler:IPV
IT. CON. INC:QUAL:AA.IPV:2PL.S:H. find.CO:FUT
GIRL
SG.REFL.O. 3SG.S:QUAL:DH.PFV:D. rub:PFV??
if
PL
1SG.PSR. father
3PL.P. with
3SG.P. for
in
3PL.P. CATCH. 3PL.S. INC:DH.PFV:Ø. PL.go:PFV:NOM
IT. 1PL.S:INC:Ø.IPV:D. kill.SG.O:IPV:CUST
3PL.S. QUAL:QUAL:Ø.IPV:Ø. speak:IPV:NOM
IT. 1PL.S:INC:OPT:D. PL.go:OPT
bugs
good
but
Ø.IPV:2PL.S:L. eat:IPV:NOM
suddenly
in
1PL.S:CON. QUAL:I.PFV:Ø. find.PL.O:PFV:NOM
children
this
TERM. Ø.IPV:1SG.S:Ø. SG.go:IPV:CUST:NOM
PURP
1SG.PSR. mother
3SG.S>3SG.P. Ø.IPV:H. say:IPV
3SG
1SG.P. with
PL
if
CT
3SG
FOC
ADVZR
up:ALL
ADVZR
etc.
FOC
3PL.PSR. blanket:POSS
cranberry
PL
and
ADVZR
animal
ADVZR
1SG.PSR. grandfather
finally
TERM. 3SG.S:Ø.IPV:H. throw.CO:PFV:NOM
PEJ. QUAL:Ø.PFV:1SG.S:L. miss:IPV
and
although
IT. 3SG.S:AA.IPV:D. SG.go:PFV
PL
and
CON. NEGEX
1SG.PSR. father
do:IPV
at:AR
CT
woman
song
when
3SG.O. NEGEX
and
3SG.P. over
in
3PL.S:Ø.IPV:Ø. make.PL.O:IPV:NOM
IT. 3SG.S>3SG.O. AA.PFV:H. handle.AO:PFV
when
when
AND.THEN
CONT. 3PL.S:N.IPV:L. PL.swim:IPV?
also
1SG.PSR. father
3PL.S:DH.PFV:Ø. classify.PL.O:IPV
3SG.S:Ø.IPV:H. cook:IPV:NOM
CT
3SG.P. to
in
SG.fly:IPV:NOM
REFL.PSR. house
OUT. IT. 3PL.S:QUAL:AA.IPV:D. PL.go:PFV
1PL.P. to
3PL.P. for
ADVZR
into.open:ALL
to
PL
thus
three
at:PNCT
at:AR
mountain
3SG.S>3SG.PSR. waist
3SG.S:QUAL:DH.PFV:L. be.white:IPV
3PL.S:Ø.IPV:Ø. cry:IPV
at:PNCT
duck
thus
RECP.O. CON. 1PL.S:QUAL:DH.PFV:L. be.related:IPV:NOM
about
1SG
there
1PL.P. gun
spider
AND.THEN
1SG.PSR. mother
who
3PL.S:Ø.IPV:D. do:IPV:NEG
mountain
1SG.PSR. grandmother
blueberry
ADVZR
only
what
FOC
upland:ALL
REFL.PSR. younger.sister
there
IT. AA.PFV:1SG.S:D. recover:PFV
3SG.S:AA.IPV:L. SG.run:IPV:PROG
3SG.S>3SG.P. Ø.IPV:H. say:IPV
NEG
3PL.PSR. food
and
PURP
AND.THEN
3SG.P. in
and
children
OPT:2SG.S:Ø. be:OPT
1PL.PSR. children
water
FOC
PL
NEG
lake
3SG.P. in
and
QUAL:Ø.IPV:2SG.S:Ø. say:IPV
3SG.PSR. bone
IT. 3PL.S. QUAL:AA.IPV:D. PL.fly:IPV:PROG:NOM
PL
still
wood
at:AR
3SG.P. for
AR.S:Ø.PFV:Ø. be:IPV
thus
IT. Ø.IPV:2SG.S:D. get.dressed:IPV
on
3SG.P. for
PL
say:IPV
3SG.S:AA.IPV:Ø. SG.go:IPV:PROG
trail
and
PEJ. AR:Ø.PFV:1SG.S:H. miss:IPV
now
3SG.PSR. heart
3SG.S>3SG.O. AA.PFV:Ø. eat:PFV
while
with
again
on
NTRL. up:AR
AR.S:Ø.PFV:Ø. be:IPV
ADVZR
1PL.P. with
thus
3SG
when
person
again
CT
QUAL:Ø.PFV:1SG.S:Ø. be:IPV
3SG.S:Ø.IPV:H. say:IPV
3SG
3PL.P. with
ok
only
3PL.S:INC:Ø.IPV:Ø. PL.go:IPV:CUST:NOM
3PL.S:DH.PFV:Ø. classify.PL.O:IPV
old.man
from
AND.THEN
FIGHTING. 3PL.S. INC:DH.PFV:H. PL.go:IPV:CUST:NOM
1PL.P. for
finally
also
NTRL. up:AR
there
3PL.S. laugh:IPV:NOM
also
cry:IPV
3SG.S:OPT:Ø. be:OPT
FOC
ADVZR
3SG.S:QUAL:QUAL:Ø.IPV:Ø. speak:IPV:NOM
those
and
FOC
sled
3PL.S:AA.IPV:Ø. PL.go:IPV:PROG
fish
SHELTER
QUAL:OPT:H. pray:IPV:NOM
NEG
and
and
how
ADVZR
1SG.PSR. grandmother
at:PNCT
winter
AR.O. QUAL:Ø.IPV:H. look.IPV:NOM
CONT. 3SG.S:Ø.IPV:H. jump:IPV:CUST
be.mushy:IPV
if
CONT. I.PFV:2SG.S:Ø. SG:stand:IPV
when
what
3PL.S>3SG.O. QUAL:Ø.IPV:H. gather:IPV:CUST
3PL.O. DH.PFV:1SG.S:Ø. handle.PL.O:PFV
say:IPV
in
AND.THEN
at:AR
AND.THEN
3SG.S:DH.PFV:H. be.windy:IPV:NOM
ADVZR
how
finally
3SG.S>3SG.P. with
3PL.S. QUAL:DH.PFV:L. PL.stay:IPV
AR.S. N.PFV:Ø. be.far:IPV:NOM
also
river
FOC
there
AR.S:Ø.PFV:Ø. be:IPV:NOM
sled
downriver:ALL
3SG.S:QUAL:Ø.PFV:Ø. do:IPV:NOM
trail
what
AND
finall
1PL
NTRL. ahead:ABL
3PL.S. QUAL:DH.PFV:L. PL.sit:IPV:CUST:NOM
butterfly
ADVZR
here
to
UP. Ø.IPV:2SG.S:Ø. SG.go.toilet:IPV
1SG.PSR. younger.brother
IT. 1PL.S:DH.PFV:D. PL.go:PFV
lake
ADVZR
TERM. AR.S:DH.PFV:D. classify.CO:IPV
NEG
INC:AA.IPV:1SG.S:Ø. SG.stay:FUT
old.man
and
3SG
well
NEG
3PL.S:NEG.PFV:Ø. PL.go:IPV:PROG:NEG
and
two
3SG
IT. 3SG.S>3SG.O. QUAL:Ø.IPV:H. pour:PFV
butterfly
3PL.S>3SG.P. PP. QUAL:DH.PFV:D. fail:PFV
PURP
also
3PL.S>3SG.P. OPT:Ø. eat:OPT
3PL.S. QUAL:DH.PFV:L. PL.stay:IPV:CUST
ADVZR
3PL.S>3SG.O. name
still
3SG.S>3SG.P. Ø.IPV:H. say:IPV
3SG
good
1PL.P. long.before
there
something
at:AR
and
3PL.S>3SG.P. QUAL:Ø.IPV:H. make.SG.O:OPT
water
3SG
2SG.PSR. maternal.aunt
REFL.PSR. head
AWAY. IT. 3PL.S:Ø.IPV:D. PL.go:IPV:CUST
3SG.PSR. wife
from
CT
ADVZR
1SG.PSR. older.brother
?. Ø.PFV:1SG:L. remember:IPV
among
IT. 3PL.S. INC:Ø.IPV:D. PL.go:PFV
TERM. 3SG.S:Ø.IPV:Ø. SG.go:IPV:CUST
when
AR.S:Ø.PFV:Ø. be:IPV
3SG.S>3SG.P. to
TERM. 3PL.S:N.PFV:Ø. PL.go:PFV
1SG.PSR. younger.brother
lake
person
ADVZR
INDF.O. 3PL.S. CON:Ø.IPV:Ø. buy:IPV:NOM
FOC
earth
INDF.P. among
if
1PL.S:INC:OPT:Ø. PL.go:OPT
here
CT
3SG
1SG.P. TO. 3PL.S:AA.PFV:Ø. handle.PL.O:PFV
3SG.O. NEGEX
when
at:AR
PURP
3SG
lake
1SG.P. behind
1SG.O. 3PL.S:Ø.IPV:Ø. say:IPV
3PL.S>3PL.O. QUAL:Ø.IPV:Ø. be.called:IPV
3PL.S. make.PL.O:PFV
3SG.O. NEGEX
in
DOWN. 3SG.S:INC:AA.IPV:Ø. PL.fall:FUT
NTRL. up:ALL
oh
CONT. FIGHTING. 3SG.S:Ø.IPV:H. fight:IPV
3PL.P. with
ADVZR
CT
PURP
REFL.PSR. like
say:IPV
fish
3SG
AA.IPV:1SG.S:Ø. SG.go:IPV:PROG
3SG
duck
FOC
ADVZR
old.man
CON. be:OPT
small
IT. INC:QUAL:DH.PFV:D. PL.go:PFV
PL
NEG
3SG.S:QUAL:I.PFV:H. make.fire:PFV
3SG
PP. 3PL.S. QUAL:DH.PFV:L. keep.away?:PFV
big
CT
NEG
house
PL
and
1PL.S. AA.PFV:1SG.S:Ø. be.many:IPV
3PL.S>3SG.O. Ø.IPV:H. dry:IPV:CUST
3SG.S:DH.PFV:Ø. pluck:PFV:NOM
waterward:ALL
ADVZR
and
INDF.PSR. 3SG.S:AA.IPV:Ø. stump
2PL.P.
from
3SG
cold
but
3SG.S>3SG.P. for
house
people
ADVZR
away:ALL
house
lake:POSS
for
on
thus
at:AR
thus
winter
rope
only
muskrat
CT
INDF.O:3SG.S:AA.PFV:Ø. handle.PL.O:PFV
if
NEG
INTO.FIRE 3SG.S:QUAL:AA.PFV:H. put.PL.O.quickly:PFV
3SG.P. for
with
and
thus
what
well
people
TERM. 3PL.S:N.PFV:Ø. SG.go.PFV:NOM
there
ADJC. MED. up:AR
person
PL
fish.weir
muskrat
I.IPV:2SG.S:Ø. cry:IPV
and
ADVZR
3SG.S:N.PFV:Ø. SG.go:PFV
bugs
1SG.PSR. grandfather
and
bush
1SG.PSR. grandmother
REFL.P. PP. INDF.O. Ø.IPV:1SG.S:L. feed:IPV:NEG
NEG
ADJC. 3SG.S:N.PFV:Ø. SG.fly:PFV
at:PST
1SG.P. QUAL:OPT:2SG.S:Ø. say:OPT
dog
ADVZR
INC:AA.IPV:1SG.S:Ø. eat:FUT:NEG
still
also
under
3PL.P. 3PL.S:Ø.IPV:Ø. say:IPV:CUST
1SG.P. with
NTRL. out:AR
CT
AND.THEN
3PL.S:Ø.IPV:Ø. say:IPV
3SG
3SG.S:Ø.IPV:H. SG.die:PFV
PROH
COMPLETELY. 3SG.S:QUAL:DH.PFV:Ø. burn:IPV
across:ALL
3SG.S:INC:AA.IPV:Ø. SG.go:IPV:PROG
and
3PL.S>3SG.O. INC:AA.IPV:Ø. eat:FUT
RECP.P. among
3PL.P. PP. 3PL.S. 3SG.S:QUAL:DH.PFV:Ø. lost:PFV
PL
and
CT
this
AR.O. QUAL:Ø.IPV:2PL.S. look:IPV
at:AR
swan
creek
3PL.P. to
when:FUT
in
up:AR
IT. INC:AA.IPV:1SG.S:Ø. D:SG.go:IPV:IMP
ADVZR
AR.S:Ø.PFV:Ø. be:IPV
3SG.S:Ø.IPV:H. snow:IPV:NOM
small
CONT. I.PFV:1SG.S:Ø. SG:stand:IPV
3SG.S:AA.IPV:Ø. handle.LRO:IPV:PROG:NOM
UP. 3SG.S:DH.PFV:Ø. SG.go:PFV
3SG.PSR. foot
AR.S:Ø.PFV:Ø. be.big:IPV
DH.PFV:1SG.S:Ø. SG:stay:IPV
when:PST
ADVZR
PL
IT. 3SG.S:AA.PFV:H. get.dark:PFV:NOM
INC:AA.IPV:2SG.S:Ø. kill.PL.O:FUT:NEG
old.lady
CT
3SG.S:Ø.IPV:H. snow:IPV:NOM
up:ALL
grass
ADVZR
PRMB. 1PL.S:INC:Ø.IPV:D. PL.go:IPV:CUST
3SG.P. in
3PL.P. 3PL.S:Ø.IPV:Ø. say:IPV
NTRL. up:ALL
QUAL:Ø.PFV:1SG.S:Ø. freeze:PFV:NOM
in
mountain
3SG
3PL.S:QUAL:Ø.IPV:H. grow:IPV:NOM
thus
one
GIRL
and
3SG.S:QUAL:AA.PFV:D. QUAL:DH.PFV:L. punch:PFV
for
and
WAKE. QUAL:Ø.IPV:H. gather:FUT
3PL.S. CON:OPT:H. PL.animal.move:IPV:NOM
IT. 3PL.S:N.PFV:D. PL.go:PFV
and
golden.eagle
and
also
three
fermented.fish
thus
3SG.P. in
FOC
AR.P. SURROUNDING 3PL.S:N.PFV:Ø. SG.fly:PFV
fish.camp
2PL.PSR. house
3SG
3PL.S. INC:QUAL:DH.PFV:Ø. steal:PFV
3SG.S:QUAL:Ø.IPV:L. play:IPV:NOM
1SG.P. for
CT
3SG.S>3SG.P. Ø.IPV:H. say:IPV
3SG.S>3SG.P. Ø.IPV:H. say:IPV
AR.S:DH.PFV:D. happen:PFV
1SG.PSR. mother
here
ADVZR
and
hereabouts
and
ADVZR
rock
here
when
stomach
IT. INC:OPT:1SG.S:D. SG.go:OPT
thus
3SG
and
FOC
NTRL. up:AR
INDF:INC. Ø.IPV:2SG.S:H. shoot:IPV:NOM
person
come.in
ADVZR
old.man
1SG.P. PP. QUAL:OPT:2SG.S:L. be.scared:OPT
among
3SG.S:Ø.IPV:H. say:IPV
INC:Ø.IPV:D. splash:PFV:NOM
OUT. 1PL.S:AA.PFV:Ø. PL.go:PFV
but
and
PL
AR. out:ABL
AR.S:Ø.PFV:Ø. be:IPV
if
PL
how
TERM. QUAL:Ø.IPV:2SG.S:Ø. handle.PL.O:IPV:NOM
small
ADJC. across:PNCT
ADVZR
also
3SG.PSR. name
ADVZR
dog
and
in
ADVZR
1SG.PSR. grandmother
3SG.S:Ø.PFV:Ø. be:IPV
ADVZR
lake
ADVZR
3PL.S:Ø.IPV:Ø. bark:IPV
3PL.P. PP. PRETEND. INDF.S:QUAL:DH.PFV:L. say:IPV
3PL.P. QUAL:Ø.IPV:D. teach:PASS:IPV:NEG
3SG.P. for
OFF.TRAIL. 3SG.S:AA.PFV:D. animal.runs:PFV
3PL.S:Ø.IPV:L. be.number:IPV
1SG.PSR. grandmother
children
in
3PL.S:Ø.IPV:Ø. say:IPV
FOC
1SG.PSR. father
only
people
by.herself
when
up:ALL
QUAL:OPT:H. pray:IPV:NOM
when
that
3SG.S:Ø.IPV:H. say:IPV
1SG.PSR. older.brother
AGAINST?. IT. INDF.O. 3SG.S:AA.PFV:Ø. handle.LRO:quickly:PFV
QUAL:OPT:2SG.S:Ø. handle.RO:OPT:CUST
still
when:PST
FOC
1SG.P. 3SG.S:Ø.IPV:H. say:IPV
INDF. 3SG.S:QUAL:OPT:Ø. say:PFV
1PL.P. long.before
PL
3SG.S>3SG.O. INC:DH.PFV:L. swallow:PFV
3SG.S>3SG.PSR. arm
bugs
FOC
from
FOC
eye
3PL.S:Ø.IPV:Ø. chop:IPV
1SG.PSR. grandmother
small
NTRL. down:ALL
PL
away:ALL
3SG
finally
rain
house
long.time
if
PL
Ø.IPV:L. be.fat:IPV:NOM
ADVZR
3SG
3SG
IT. 2PL.O. INC:QUAL:AA.IPV:1SG.S:L. see:FUT
also
NTRL. up:AR
if
common.loon
and
2SG.P. for
NEG
like
YAMAAGN.TEESHYAAY
3SG.S:INC:AA.IPV:Ø. be:FUT
IT. QUAL:Ø.PFV:Ø. be.strong:IPV
1PL.P. gun
1PL.P. 3SG.S:Ø.IPV:H. say:IPV
3SG.S>3SG.P. shore
3PL.S>3SG.P. bone
well
1SG.PSR. younger.brother
again
snowshoe
3SG.P. for
INC. QUAL:Ø.PFV:2SG.S:Ø. listen:IPV
tent
3SG.S>3SG.P. Ø.IPV:H. say:IPV
FIGHTING. 3PL.S. QUAL:DH.PFV:H. do:IPV:CUST
with
AND.THEN
oh
how
AND.THEN
REFL.PSR. mother
3SG
AR.S:DH.PFV:D. happen:PFV
3SG.S:DH.PFV:H. SG.die:PFV
1SG.PSR. mother
trail
owl
3SG.S:Ø.PFV:Ø. be:IPV
rope
FOC
summer
3SG
3SG
to
CONT. INDF.O. 3PL.S:OPT:Ø. eat:FUT:NOM
ADVZR
outside
3SG.P. for
how
PL
1SG.P. with
PEJ. QUAL. QUAL:Ø.PFV:1SG.S:Ø. be.stupid:IPV
upland:PNCT
3SG.S>3SG.O. AA.PFV:Ø. poke:PFV
1PL.S:QUAL:Ø.PFV:Ø. be.hungry:IPV
again
only
1SG.PSR. older.brother
give.me
what
1PL.S:INC:AA.IPV:Ø. make.PL.O:FUT
3SG.S:CON. QUAL:DH.PFV:L. be.related:IPV:NOM
QUAL:Ø.IPV:1SG.S:H. look.IPV:NOM
and
when:PST
here
3PL.S:Ø.IPV:Ø. QUAL:Ø.IPV:Ø. be.alive:IPV
and
3SG.PSR. wife
people
woman
ADVZR
3SG
IT. 3PL.S. INC:QUAL:DH.PFV:D. PL.go:PFV:NOM
if
by.himself
there
FOC
GIRL
from
thank.you
person
GIRL
also
old.lady
QUAL:Ø.IPV:1SG.S:Ø. say:IPV
if
to
on
thus
rack
AWAY. 3PL.S:Ø.PFV:L. SG:stand:IPV
and
3PL.S:QUAL:DH.PFV:L. PL.sit:IPV
3SG
and
3PL.S. INC:DH.PFV:Ø. PL.go:PFV
1SG.PSR. mother
some
do:IPV
3SG.S:OPT:Ø. be:OPT
if
there
3SG
at:AR
INSIDE. INTO.FIRE N.PFV:Ø. move.LRO.quickly:PFV
ADJC. NTRL. up:AR
coffee.can
before
FOC
NTRL. across:PNCT
and
3PL.S>3SG.P. on
earth
meat
and
FOC
TO. 3PL.S>3SG.P. AA.PFV:H. handle.AO:PFV
old.man
CON. 3PL.S. QUAL:I.PFV:H. find.CO:PFV:NOM
what
ADVZR
3SG.PSR. older.brother
long.time
1SG.PSR. maternal.aunt
3SG.PSR. wife
and
meat
at:AR
3SG.S:AA.IPV:Ø. SG.go:IPV:PROG
and
PL
1SG.PSR. grandfather
PL
3SG.S>3SG.O. QUAL:AA.PFV:Ø. turn:PFV
on
and
devil
INSIDE. AA.PFV:Ø. happen:PFV
1PL.P. behind.back
woman
also
thus
still
1PL
3PL.P. away.from
etc.
TERM. DH.PFV:1SG.S:Ø. grow:PFV:NOM
ADVZR
3PL.S:Ø.IPV:Ø. cry:IPV:NOM
swan
PL
PL
AR.S. INC:QUAL:AA.IPV:Ø. experience.event:FUT
1SG
PRMB. 3PL.S:INC:Ø.IPV:D. move.nomadically:IPV:CUST:NOM
for
child
say:IPV
when:FUT
but
there
FOC
3SG.S:INC:REFL:DH.PFV:L. handle.AO:PFV
1SG.PSR. wife
MED. out:ABL
at:AR
3SG.S:Ø.IPV:H. snow:IPV:NOM
NTRL. up:AR
2PL.P. PP. PEJ. Ø.PFV:1SG.S:D. not.know:IPV
3PL.S:Ø.PFV:Ø. be.small:IPV:NOM
3SG.S:CON. QUAL:DH.PFV:Ø. extend:IPV
REFL.PSR. tail
FOC
if
and
person
there
FOC
IGN
at
NTRL. upland:AR
big
really
and
3SG.S>3SG.P. 3SG.S:Ø.IPV:H. say:IPV:NOM
two
and
COMPLETELY. INDF.O:QUAL:DH.PFV:H. say:IPV:NOM
and
thus
at:PNCT
to
in
QUAL. DH.PFV:2PL.S:L. PL.stay:IPV
PL
on
3SG.S:Ø.IPV:H. say:IPV
2PL.PSR. children
ADVZR
ADVZR
FOC
here
where:AR
1SG.PSR. grandmother
who
again
from
ADVZR
NTRL. up:ALL
under
3PL.S. INC:AA.IPV:D. know:FUT
3PL.S:Ø.IPV:Ø. say:IPV
3SG.S>3SG.O. QUAL:Ø.IPV:H. see:IPV
squirrel
thus
from
finally
and
in
on
ACROSS. N.PFV:Ø. move.LRO.quickly:PFV
and
NEG
and
3PL.S>3SG.O. QUAL:Ø.IPV:H. gather:IPV:CUST
women
all.long
1PL.S. Ø.IPV:H. PL.sleep:FUT:NOM
up:ALL
3SG.S:AA.PFV:H. be.many:IPV
spider
3SG.S>3SG.P. on
and
and
old.man
1PL.S:QUAL:DH.PFV:L. PL.stay:IPV:NOM
YAMAAGN.TEESHYAAY
if
also
at
if
etc.
only
following
NTRL. out:AR
QUAL:QUAL:Ø.PFV:Ø. be.expensive:IPV
3PL.P. 3SG.S:Ø.IPV:H. say:IPV
NEG
RECP.P. 1PL.S:QUAL:Ø.IPV:D. say:IPV
D. make.noise:IPV:NOM
3SG.S>3SG.P. to
there
TERM. 3PL.S:N.PFV:Ø. PL.go:PFV
and
rope
CONT. INDF.O:3PL.S:INC:DH.PFV:Ø. eat:PFV:NOM
come.in
REFL.PSR. mother
3SG.PSR. beard
NTRL. down:ALL
also
ADVZR
3SG.S>3SG.P. Ø.IPV:H. say:IPV
IT. 3PL.S:AA.IPV:D. PL.go:IPV:PROG
3SG.PSR. wife
and
3PL.S>3SG.O. INC:AA.IPV:Ø. eat:IPV:NOM
CT
women
PL
3SG.P. for
squirrel
ADVZR
thus
1PL.S:QUAL:Ø.IPV:L. play:IPV
IT. SKIN. 3PL.S:Ø.IPV:H. handle.AO:IPV:DIST
and
plate
CONT. 3PL.S:Ø.IPV:Ø. PL.go:IPV:CUST
etc.
when:PST
and
here
for
and
say:IPV
yes
3PL.S. QUAL:AA.IPV:D. be.black:IPV
and
3PL.S:CON. QUAL:Ø.IPV:H. make.noise:IPV
AND.THEN
FOC
2SG.P. in.front
grass
1PL.PSR. child:POSS
IT. 3PL.S:N.PFV:D. PL.go:PFV
2SG.P. for
there
on
PL
3PL.S>3SG.P. 3PL.S:Ø.IPV:H. say:IPV:CUST
how
CT
2SG.PSR. mother
and
3SG.S:AA.PFV:H. be.many:IPV:NOM
CT
1SG
moose
1PL.S:DH.PFV:H. PL.sleep:IPV
3SG.PSR. mouth
3PL.S. QUAL:DH.PFV:L. PL.stay:IPV:NOM
PL
to
at
1SG
AR.S:Ø.PFV:Ø. be.big:IPV
thus
water
what
people
OUT:AWAY 1PL.S:Ø.IPV:H. handle.PL.O:IPV:NEG
NTRL. ahead:ALL
2PL.PSR. clothes
PL
into.open:ALL
finally
for
INC. DH.PFV:1SG.S:Ø. SG.go:PFV
FOC
shore
people
to
3SG
3SG.P. for
mountain
under
IT. 3SG.S:INC:QUAL:DH.PFV:D SG.fly:PFV
CONT. 3SG.S:Ø.IPV:Ø. swim:IPV:CUST
3SG.O. NEGEX
3SG
bugs
to
ADVZR
3SG.S>3SG.P. Ø.IPV:H. say:IPV
bugs
at
the.way
3SG.S:QUAL:DH.PFV:Ø. be.dry:IPV
3SG
say:IPV
now
oh
ADVZR
without
3SG.S:QUAL:QUAL:Ø.IPV:Ø. speak:IPV:NOM
to
3PL.P. INC. N.IPV:2SG.S. pray:IPV:NOM
CT
the.way
NTRL. up:AR
at:AR
how
how
3SG.S:AA.IPV:L. SG.run:IPV:PROG
ADVZR
3SG
?. 3PL.S:Ø.IPV:D. know:IPV
MED. out:ABL
PL
3PL.P. with
only
3SG.S:QUAL:DH.PFV:L. be.dry:IPV:NOM
AND.THEN
PL
3SG.PSR. name
swan
FOC
AR.O. INC:AA.IPV:2SG.S:H. make.SG.O:FUT:NEG
at:AR
thus
wood
OUT. OPT:1SG.S:Ø. SG.go:OPT
there
at:AR
fire
3SG.PSR. mother
food
and
3SG.S:DH.PFV:L. appear:IPV:NOM
birch
say:IPV
and
AR.S:Ø.PFV:Ø. be:IPV:NOM
INDF.O:3SG.S:QUAL. 3SG.S:QUAL:DH.PFV:D. write:PFV:NOM
3SG.PSR. husband
2SG.PSR. mother
1SG.P. 3SG.S:Ø.IPV:H. say:IPV
3SG.PSR. name
but
CT
FOC
CT
ADVZR
blueberry
2SG.P. to
FOC
3SG
1PL.P. PP. AR.S:DH.PFV:Ø. happen:PFV
this
PL
what
1SG.PSR. father
ADVZR
PROH
PL
to
1SG.PSR. grandmother
1SG.PSR. grandmother
ADVZR
IT. 3SG.S:INC:OPT. D:SG.go:OPT:CUST:NOM
3SG.S>3SG.O. QUAL:Ø.IPV:H. see:IPV
NTRL. out:AR
but
thus
old.man
and
white.person
to
AR.S:Ø.PFV:Ø. speak:IPV
QUAL:AA.PFV:2SG.S:H. SG.stand:IPV:NOM
on
dog
ANYTHING
at:AR
if
trail
3PL.P. 3SG.S:Ø.IPV:H. say:IPV
if
traps
AVERT
NTRL. out:AR
FOC
because
3PL.P. with
what
ADVZR
DIFFERENT. how
ADVZR
3PL.P. 3SG.S:Ø.IPV:H. say:IPV
INDF.PSR. fat
devil
PRMB. 3SG.S:QUAL:Ø.IPV:L. tell.story:IPV
IT. 3PL.S:QUAL:AA.IPV:D. PL.fly:IPV:PROG
old.man
also
NTRL. upriver:AR
in
when
1SG.PSR. grandmother
flat
3SG.S:INC:AA.IPV:Ø. be:FUT:NEG
TERM. N.PFV:1SG.S:Ø. SG.go:PFV
3PL.S:Ø.IPV:Ø. know:IPV:NEG
3PL.S>3SG.P. QUAL:QUAL:Ø.PFV:Ø. hear:PFV
TERM. 3SG.S:N.PFV:Ø. SG.go:PFV
morning
PP. Ø.PFV:1SG:L. remember:IPV
CONT. 3SG.S:QUAL:Ø.IPV:L. tell.story:IPV
IT. 1PL.S:INC:OPT:D. PL.go:OPT
INC:AA.IPV:1SG.S:Ø. do:FUT:NEG
1PL.P. for
3SG.S>INDF.O:INC:NEG.PFV:H. shoot:PFV:NEG
across:ALL
and
if
3PL.S:Ø.IPV:L. be.number:IPV
grass
CT
enough
ADJC. IT. 3PL.S:Ø.IPV:Ø. handle.PL.O:IPV:CUST
and
PL
TERM. IT. 1PL.S:INC:Ø.IPV:D. PL.go:IPV:CUST
woman
3PL.PSR. foot
ADVZR
NTRL. upland:AR
and
AR.S:Ø.PFV:Ø. be:IPV:CUST
QUAL:NEG.PFV:1SG.S:Ø. SG.go:PFV:NOM
NTRL. ahead:ALL
TERM. IT. 3PL.S>3PL.O. QUAL:DH.PFV:L. handle.PL.O:IPV:CUST
in
INTO.WATER. 3SG.S:AA.PFV:Ø. burst:PFV:NOM
3
FOC
FOC
and
at:AR
IGN
etc.
falltime
SEVERING. 3SG.S:Ø.IPV:Ø. chop:IPV
fire
ADVZR
child
this
ADVZR
3
spear
IGN
and
in
etc.
QUAL:Ø.IPV:2PL.S:Ø. say:IPV:NOM
1SG
up:ALL
rock
NTRL. up:ALL
ADVZR
on
at
here
what
3PL.P. with
and
NTRL. upland:AR
3SG.S:Ø.IPV:H. grab:PFV
if
and
women
3PL.S:Ø.IPV:Ø. say:IPV
MED. out:AR
WHY
there
INDF.PSR. at
CT
3PL.PSR. food
how
on
where:PNCT
AR.S:Ø.PFV:Ø. be:IPV
3SG.S:QUAL:Ø.IPV:H. do:IPV
FOC
CT
and
PRMB. 3PL.S>3SG.P. INC:QUAL:Ø.IPV:D. PL.go:IPV:CUST
also
3SG.PSR. child
big
water
from
3SG
FOC
3PL.PSR. mother
only
fish
FOC
3SG
day
what
3PL.S:QUAL:Ø.IPV:D happen:PFV
IT. 3PL.S:QUAL:AA.IPV:D. PL.go:IPV:PROG:NOM
AR. NTRL. downriver:ABL
AR.S:Ø.PFV:Ø. be:IPV
thus
PL
3SG.PSR. mother
3PL.S. QUAL:Ø.IPV:L. play:IPV:NOM
3SG.S>3SG.P. Ø.IPV:H. say:IPV
3PL.S:Ø.IPV:Ø. say:IPV
1PL.S:INC:Ø.IPV:Ø. PL.go:IPV:CUST
well
3SG.S:AA.IPV:Ø. handle.LRO:IPV:PROG:NOM
there
where
what
also
ADVZR
at:PNCT
3SG
QUAL:Ø.PFV:1SG.S:Ø. hear:IPV
here
when
only
bugs
wood
in
etc.
finally
ON?. Ø.IPV:2PL.S:Ø. PL.go:IPV:IMP
PL
etc.
birch
FOC
and
ADVZR
3SG
FOC
for
IT. 3PL.S. QUAL:AA.IPV:D. PL.fly:IPV:PROG:NOM
bugs
PP. N.PFV:Ø. love:PFV
PL
INDF.O. QUAL:DH.PFV:2SG.S:H. thrust.O:PFV
ADVZR
UPLAND. 3SG.S:Ø.PFV:Ø. extend:IPV
lots
3SG.P. QUAL:Ø.IPV:2SG.S:Ø. say:IPV
trail
3PL.P. to
3SG.S:QUAL:AA.PFV. hear:IPV
at:PNCT
there
2PL.O. AA.IPV:1SG.S:Ø. OPT:1SG.S:Ø. buy:OPT
3SG.P. with
1PL.PSR. food
old.man
moose
NEGEX
dirt
CONT. AA.PFV:1SG.S:Ø. SG:sleep:PFV
ADVZR
WHY
thus
here
DOG. small
DOWN. 3SG.S:AA.PFV:L. CO.fall:PFV
and
3PL.P. for
RECP.P. 1PL.S:QUAL:Ø.IPV:D. say:IPV
NTRL. ahead:ALL
INDF.PSR. brisket
dog
3SG
3SG
CT
and
1PL.S:Ø.IPV:Ø. PL.go:IPV:CUST
woman
AND.THEN
NEG
children
3SG.PSR. eye
OUT. 3SG.S:INC:AA.IPV:Ø. SG.go:FUT:NOM
and
IT. DSTR. INDF.O. 1PL.S:AA.PFV:Ø. eat:PFV
PL
OUT. N.PFV:2SG.S:Ø. SG.go:PFV
when
2SG.S:ø:look:IPV:IMP??
on
for
child
water
3SG.PSR. wife
person
3SG.S>3SG.O. AA.PFV:Ø. handle.PL.O:PFV
and
3SG.P. with
CT
at:PNCT
mountain
3SG.S>3SG.P. on
AR.S:Ø.PFV:Ø. be:IPV
now
on
PL
finally
1PL.S:Ø.PFV:Ø. be:IPV
and
IT. 1PL.S:INC:Ø.IPV:D. PL.go:IPV:CUST
PL
1SG.PSR. grandmother
how
3SG
there
HAND. 3SG.S:Ø.IPV:D. extend:IPV:CUST
and
old.man
AR.S:Ø.PFV:Ø. be:IPV
etc.
MED. up:ALL
3SG.PSR. name
PL
3SG
again
AND.THEN
no
3SG
thus
QUAL:Ø.IPV:1SG.S:Ø. do:IPV
3SG.PSR. mother
old.man
and
and
for
IT. 3SG.S:Ø.IPV:Ø. D:SG.go:IPV:CUST
3SG.S:QUAL:DH.PFV:H. kill.SG.O:PFV
there
something
and
REFL.PSR. foot
bugs
instead
AND.THEN
finally
3SG
NTRL. waterward:AR
TO.CHECK
INTO.WATER. N.PFV:Ø. SG.experience:PFV
here
3SG.S:DH.PFV:L. become:IPV:CUST
ACROSS. 3SG.S:Ø.IPV:D. SG.animal.runs:IPV
IT. 1PL.S:DH.PFV:D. PL.go:PFV
thus
when
3SG
blueberry
3PL.S:Ø.IPV:Ø. do:IPV:NOM
3SG
MED. at:PNCT
3SG
?. NEG.PFV:1SG.S:L. forget:PFV:NEG
3SG.S:DH.PFV:Ø. SG.sit:IPV
also
MED. out:ABL
fish
butterfly
ADVZR
also
rack
INDF.PSR. older.sister
PL
at
lake
PL
NEG
3PL.S. QUAL:DH.PFV:Ø. hide:PFV
NECK. 3PL.O. CON. say:IPV:CUST
tent
there
lake
CT
knife
what
FOC
ADVZR
earth
still
ALL
butterfly
3SG.S:INC:AA.IPV:Ø. classify.CO:FUT:NOM
IT. Ø.IPV:1SG.S:Ø. D:SG.go:IPV:CUST
ADVZR
pack
INDF:3SG.S:INC. QUAL:AA.IPV:L. sneak:IPV:NOM
with
DISTRIBUTE. QUAL:DH.PFV:L. be.white:IPV
INC:AA.IPV:2SG.S:Ø. kill.PL.O:FUT:NOM
PL
TERM. AR.S:Ø.PFV:Ø. SG.experience:IPV:NOM
3PL.S:Ø.IPV:Ø. say:IPV
1SG.PSR. older.brother
only
where:PNCT
spring
at
3SG
like
and
all.long
CT
AND.THEN
AND.THEN
meat
3PL.O. CON. Ø.IPV:D. name:PASS:IPV:NOM
1SG.PSR. younger.brother
and
on
do:IPV
and
1PL.S:Ø.PFV:Ø. be:IPV
who
TERM. 3SG.S:N.PFV:Ø. SG.go:PFV
and
moose
grass
at:AR
3PL.S>3SG.P. INSIDE. INDF.O:AA.PFV:Ø. handle.CO:PFV
up:ALL
PRMB. 1PL.S:INC:Ø.IPV:D. do:IPV:CUST
during
ASRT
ADVZR
REFL.PSR. leg
one
?
butterfly
at:AR
FOC
1PL.S:QUAL:DH.PFV:L. PL.stay:IPV:NOM
1PL.P. to
PRMB. INC:Ø.IPV:1SG.S. D:SG.go:IPV:CUST:NOM
in
3SG
ADVZR
lake
1SG.PSR. grandfather
in
for
without
3PL.PSR. mother
3PL.P. for
REFL.PSR. dog:POSS
3SG.S:OPT:Ø. be:OPT
water
1SG.P. 3SG.S:Ø.IPV:H. say:IPV
also
AND.THEN
with
3SG
AND.THEN
and
FOC
at:AR
3SG
CONT. I.PFV:2SG.S:Ø. SG:stand:IPV
1SG.PSR. mother
out:ABL
3SG
spruce
AR. up:ALL
when
suddenly
INSIDE. IT. 1PL.S:Ø.IPV:L. handle.PL.O:IPV:CUST
again
1SG.PSR. mother
ASRT