prla
kx
mz
mz
zbq
nrlc
mq ==de
zbz
na- rlasz ==pe ==lr
drtwr
amrlx
kru
peto
lcde pwz
nim
nzwr ==de
lr ==dr
x
lcng
badr
trpu
kx
opxm
bxli
mrlcde
mc ==x -ngq
mrlcde
lrpzu
ma
pr -o -tx ==kr
pulis
sc==
kx etu
kz
kx
ncu
kx
ka -mq ==le
mz
x
mz
r
mz
tz- mc -ngr
mz
tq- r- kawi -ti ==kr
trmctu
tz- wrkxtr ==pe ==ngq
dzbe ==de
skul
kx
lrlvz
tq- a- mznr ==pe ==le
luk
tr ngi -u
na- vz ==ø
lcsu
tq- a- su ==pe
sc==
tq- pi ==me
mzli
sc==
nctq
drtq ==de
dril
badr
leplz
mzli
bade
tzsiu
kcma
mya -sz -px ==le
bot.
nzryrngr
lrpz
wiki
madxi
nounc
mz
nz- mwible -ti ==lr
trpnzngr
zbz
mz
ncu
mz
ngr
nz- alvztr -ngr
kx
a'
kx
trpaliki
naonrx
murde
li
x
mz
kampi
mz ==ke'
badr
sc ==de
esz'
kzdq
gwalekana
nyz ==gr
kcng
yiz
li
mz
x
ngr ==de
gct
kx
nz- ka -o -bz ==lr ==le
ela ==kr
tq- ycmne -mq
sc
mz
buk
mz
x
gct
na- yrbq -tx ==pe
a'
mz
na- vo -bz ==kr
peao
topla
menabz
tq- etu -ne -px ==pe
nimu
mrkc
nz- vo -mq ==ng
bange
tz- ka -bz
nidr
mz
doa
trte ==nge
nyz ==gr
trte ==nge
newz
mztq
lzm
mz
ilztrkalr
x
pct
murde
lcsu
lr
mz
nzwr ==de
vea
mz
sc==
tq- r- kq -ti ==pe
mz
kx etu
mama
newz
nz- suti ==pe
krlz ==pe -bz ==kr
kx etu
mz
mzle ==nge
nz- a- vo -bz ==lr
zbz
na- li
kx
na- pi -mq ==le
drka'
na- vz ==ng
mz
nz- r- yrla -ngr
tr takitr -u
temz
tq- twz ==pe
kx po
kx
x
bange
saemon
txpwz
sc==
kzble
sc==
x
newz
nigr
julae
nigr
neimr
tq- poo ==pe ==x
tq- yrni -mq
badr
nz- alvztr -ngr
merikz
pawa
nike
krikit
sc==
mz
mz
nide
mz
menabz
drtwr ==gr
lcdeng
nz- tave -tr
mama
tq
lcng
nibr ==de
doa
aogzs
yzu -tr ==kr
bea
drtc'
lue
x
kx
r- pi -bz ==le
x
da
ngr
kz
kcng
drtc'
ma nyz ==de -ngq
li
mz
dq
tq- a- oti ==pe
a'
tz- rpi ==pe
nzmu
x
kx
narlue
nz- lvc -kr
x
tz- rtctx -ngr
x
na ==gr
nzlvqn
utc
nz- rtwz -ti -mq ==ng
lc
kra- li
na- siklu ==kr
mz
kcma
na- li -ngq
mnc -ti ==x
nc
drtwr ==nge ==le
dztu
x
murde
tq- kle ==q
lr
nz- mc -o -mq ==lr
kx
ncblo
r ==gr
r- pi ==pe -mq ==le
mz
na ==gr
murde
nounc
lr
skul
bz -tx ==pnz
sc==
lxe ==de
nra ==dr
r- pi -mq
sc==
gct
xlr -bz
x
tr ngi ==ø -u
x
mibiz
yc ==pe
natq ==gr
drka'
dc -plx -ti ==pe
daniel
zbz
li
x
r
nyz ==gr
kx
tz- mnc ==pe ==ng
nz- r- pi ==lr
bagr
x
temz
trgalr
nigr
dakxnzng
mrkc
kx
brlrmei
kxbq ==gr -ngq
na- o -ki ==lr
lrpzki
mz
trmctu
nigr
elr
mz
mz
r ==gr
murde
ngr
nz- glq -px -mq ==lr
tr yrplati -tr -pz -u
lrtzlvz
lr
toki
bagr
r
zbz
zbq
tq- wq ==pe ==ø
tq- ale ==kr
mz
mz
kx etu
xlr -bz ==le
mz
lr
mz
nz- r- yzu -tr -ngr
madxi
nike
lc
a'
vz -o -mq
tq- r- pi ==pe -bz ==le
murde
elr
jon
tr pi -mq ==q -u
tz- mc ==pe
sport
lc
ngr
nagu
nim
bx
yrkr -px -bz ==ø
bagr
elr
tz- mwi ==pe ==ng
be
vz -mq ==le
esz'
r- pi -bo
mz
na- vz ==ø
nounc
na- r- lz
kzble
x
x
lcng
nyz ==dr
mzli
nc
lr
nz- mnc ==lr
mrkc
pla -mri -lz -mq ==le
bange
temz
r ==dr
kx
drtwr ==mq
vo -mq
kqlu
mrlcde
kx
nzryrngr
nanyc ==de
dzbe
mz
skul
tz- yc ==pe -ngr
lcng
lc
daniel
lr
rpwxmz
mnc -ti ==x
yrkr -tx -o ==ø
yiz
bot.
tr nz- mnc ==pe -u
nz- vz -px -mq ==ng
rum
kra- pwx
a'
mz
drtwr ==de
mnc -ti ==x
doa
r- wz -ngr
doa
peto
r- pi -mq ==le
ncbr
kcng
neboi
nibr ==de
x
sc==
tq- nge'o ==kr
kx
skul
kx
krlz -bz ==le
sc==
tr nz- mneti -u
natq
lcng
kx
sc==
nzmq
sc==
mz
ma
nidr
nyz ==dr
natq ==de
kx kqlu
trte ==nge
tq- pi ==pe -bo
x
kx
vzne ==kr
nz- mu ==lr
xpe ==x
badr
bz
mz
nou
x
doa
auki
leu
r ==gr
kx
da
pxi -tx ==ne
sosaeti
temz
vo -mq ==o
sc==
ncblo
delc
sc==
peto
wisol
mz
mz ==ke'
nz- kqlu
kcng
kx
pawa
kcng
lc
sc==
tq- a- pq -tr -mq ==le
zbq
dzbi
nzryrngr
kx
mrbcnepwz
r- yr ==kr
nabz
josip
tq- rtqmz
sc==
prki
nz- r- pi -mq ==lr
x
josis
sc==
x
nz- pwr -ngr
letz
trte ==nge
li
tq- r- pi ==pe -bz ==le
kx
lcsu