n
n
relpro
interj
n =THE
n
distrnum
adv
adj
n =2ND.PERSON
adj
nprop
n
n =3SG
pro
Prep
adv =3SG
Prep
relpro
vt PAS.TR
n
vt ACTIVE.VOICE
vi
Prep
nprop
adv RDP
Prep
Prep
vt CAUSATIVE CAUSATIVE
adv
Conj
adv
clf
vi TO.GO.TO....
nprop
Prep
distrnum
vt
vt CAUSATIVE IMPERATIVE CAUSATIVE
distrnum
vt TO.APPLY.....TO.THE.OBJECT TO.APPLY.....TO.THE.OBJECT
n
adv
n
n
adj
n
vt TRANS TRANS
pro
vt PASS.INTR PASS.INTR
vi TO.HAVE....
Prep
adv
Prep
vt ACTIVE.VOICE
adv
relpro
adv
prt
vt ACTIVE.VOICE
vt ACTIVE.VOICE
adj
n
n RDP
Prep
n
n RESULT.OF.VERB RESULT.OF.VERB
Conj
adj
adj
nprop BRU.DINAM
Conj
Prep TOWARD.(A.PERSON)
n
dem
Prep
vt
vt CAUSATIVE CAUSATIVE
nprop
interj
nprop
Prep
adv
quant
n
v
n HAVING.TO.DO.WITH... HAVING.TO.DO.WITH...
prt
n =THE
nprop
adj =THE
adj
nprop
dem
pro
n
n GIRL
Prep
adj
vt DURATIVE? DURATIVE?