tel-#3SG.S:INC:DH.PFV:L. tthät#SG.run:PFV
k'it#on
k'at'eey#NEG
tuu#water
ts'anh#from
shyiit#in
nee-#1PL.P. daategn#AR:between
u-#3SG.PSR. łįįg'#dog:POSS
that#that
sh-#1SG.PSR. dia'#younger.sister
ts'oo#spruce
sh-#1SG.PSR. nąą#mother
dii#what
ts'igąąk#chickadee
na-#PRMB. h-#3PL.S. dįį-#3SG.S:QUAL:AA.PFV:Ø. tįįk#handle.AO:IPV:CUST
ay#3SG
t'eey#ADVZR
elih#cold
hu-#3PL.PSR. tsǫǫ#grandmother
t'eey#ADVZR
hǫǫ't'eey#still
hu-#3PL.PSR. ta'#father
ay.tl'aan#AND.THEN
łuugn#fish
du'#CT
k'eh#like
tsät#wood
k'ąy'#willow
nee-#1PL.PSR. tąy'#trail:POSS
łįį#dog
ay#3SG
hǫǫ'#thus
d-#REFL.PSR. aadeh#older.sister
iin#PL
t'eey#ADVZR
u-#CON. kol#NEGEX
t'oot'eey#although
hǫǫ'#thus
dah-#QUAL:Ø.IPV:2PL.S:Ø. dąy#do:IPV:NOM
t'eey#ADVZR
ni-#TERM. taa-#3SG.S:INC:AA.IPV:Ø. łeeł#handle.PL.O:FUT
sh-#1SG.P. k'eh#following
teeł#be.wide:IPV
ch'i-#DIFFERENT. shyuuy#place
ha-#OUT. ts'i-#1PL.S:Ø.IPV:Ø. łeey#handle.PL.O:IPV:NOM
mb-#3SG.P. aandah#around
mb-#3SG.P. aa#for
tl'aan#and
du'#CT
nee-#1PL.P. 'eh-#3SG.S:Ø.IPV:H. nih#say:IPV
t'oot'eey#but
eh#with
ts'iikeey#children
nąą#mother
ch'a#FOC
y-#3SG.S>3SG.P. eh-#Ø.IPV:H. nih#say:IPV
ts'änh#from
huu-#AR.S:DH.PFV:Ø. dlah#classify.PL.O:IPV
łaakaay#two
ch'ale'#FOC
k'a#NEG
n-#2SG.PSR. shüü#woman's.son
heh-#3PL.S:Ø.IPV:H. mbia#cook:IPV:NOM
eh#and
t'aat#under
dą'#at:PNCT
hu-#3PL.P. xah#for
iin#PL
mb-#3SG.O. ookol#NEGEX
shiy#1SG
łą'#truly
ay#3SG
t'axoh#finally
na-#DOWN. tee-#3PL.S:INC:DH.PFV:Ø. deek#PL.fall:PFV
det-#3PL.S:QUAL:Ø.IPV:D shyaak#happen:PFV
duugn#hereabouts
t'oot'eey#but
h-#?. i-#PP. 'ish-#Ø.IPV:1SG.S:D. nąy#know:IPV:NOM
du'#CT
ni-#TERM. tah-#INC:AA.IPV:2PL.S:Ø. łeeł#handle.PL.O:FUT
di-#REFL.PSR. che'#tail
ch'a#FOC
that#that
t'eey#ADVZR
shyii#in
ay#3SG
de'#if
hu-#3PL.P. he-#3PL.S:Ø.IPV:Ø. niik#say:IPV:CUST
hįį-#3PL.S:Ø.PFV:Ø. tsuul#be.small:IPV:NOM
tl'aan#and
din#those
jign#blueberry
nts'ą'#and
sh-#1SG.O. ǫǫndaa#older.brother
ih-#AA.IPV:1SG.S:Ø. haał#SG.go:IPV:PROG
ndee#where:PNCT
ch'a'#AVERT
de'#if
jign#blueberry
įh-#Ø.IPV:2SG.S:H. nay#taste:IPV:NOM
ch'ishyaan#golden.eagle
ahugn#there
da-#INSIDE. tnel-#INC:QUAL:DH.PFV:Ø. dok#stuff:PASS:PFV
ch'itay#old.man
chih#also
dii#what
ay#and
ay.tl'aan#AND.THEN
hǫǫ-#AR.S:Ø.PFV:Ø. łįį#be:IPV
na-#PRMB. tsat-#1PL.S:INC:AA.IPV:D. dał#PL.go:FUT
eł#when
tthi-#INTO.FIRE dįh-#3SG.S:QUAL:AA.PFV:H. deeł#put.PL.O.quickly:PFV
du'#CT
tąy'#trail:POSS
nts'ą̈'#and
hu-#3PL.PSR. nąą#mother
oh#oh
tsüü#edible.root
kol#NEGEX
ay#3SG
ǫǫ-#OPT:2SG.S:Ø. łe'#be:OPT
tah-#INC:AA.IPV:2PL.S:Ø. dak#PL.go:IPV:CUST
tl'aan#and
jah#here
y-#3SG.S>3SG.P. eh-#Ø.IPV:H. nih#say:IPV
hih-#3PL.S. del-#QUAL:DH.PFV:L. tth'ih#PL.stay:IPV
iin#PL
sts'aki-#IN.CIRCLE. tel-#3SG.S:INC:Ø.IPV:L. tthak#SG.run:IPV:CUST
ay#3SG
na-#CONT. ts'e-#1PL.S:Ø.IPV:Ø. 'aal#eat:IPV:NOM
ah-#NTRL. naat#across:PNCT
na-#IT. aa-#3SG.S:AA.IPV. daał#D:SG.go:IPV:PROG
heh-#3PL.S:Ø.IPV:H. tiadn#PL.sleep:FUT:NOM
y-#3SG.S>3SG.P. eh-#3SG.S:Ø.IPV:H. nąy#say:IPV:NOM
naxat#those
nee-#1PL.P. 'i-#PP. chi-#INDF:3SG.S:INC. nįl-#N.PFV:L. 'įį#hide:PFV
t'eey#ADVZR
nts'ąą'#how
hi-#?. ts'e-#PEJ. het-#3PL.S:Ø.IPV:D. niign#not.know:IPV
nts'aa'#what
hel-#3PL.S:Ø.IPV:L. t'eh#be.number:IPV
tl'aan#and
kon'#fire
tl'aan#and
naan'#across:ALL
k'ahdu'#now
u-#CON. kol#NEGEX
tl'aan#and
iin#PL
sh-#1SG.PSR. nąą#mother
mänh#lake
hǫǫ'#thus
hih-#3PL.S. dat-#QUAL:AA.PFV:D. sąyh#be.black:IPV
diign#do:IPV:CUST:NOM
t'eey#ADVZR
na-#IT. 'in-#3SG.S:N.PFV:D. shyaay#SG.go:PFV:NOM
ay#3SG
ddhał#mountain
uu-#3SG.S:CON:Ø.IPV:Ø. niik#grab:PFV
hu'-#3PL.O. ookol#NEGEX
t'eey#ADVZR
danh#at
sh-#1SG.PSR. nąą#mother
ah-#NTRL. noo'#ahead:ALL
nagn-#QUAL:Ø.PFV:1SG.S:Ø. jit#be.scared:IPV
hii-#3PL.S:Ø.PFV:Ø. tsuul#be.small:IPV
shyiit#in
ena'#no
ti-#OUT. 'uh-#OPT:1SG.S:Ø. shya'#SG.go:OPT
el-#3SG.S:DH.PFV:L. tsiin#appear:IPV:NOM
sh-#1SG.P. aa#to
dii.xah#WHY
nts'ą̈'#and
ee-#3SG.S:DH.PFV:Ø. gąy#be.dry:IPV:NOM
nąą#mother
iin#PL
that#that
ay#3SG
xah#because
t'odįht'ay#God
sta-#AWAY. a-#IT. tih-#INC:AA.IPV:1SG.S. daal#D:SG.go:FUT:NEG
įh-#Ø.IPV:2SG.S:H. tsänh#smell:IPV
s-#1SG.PSR. tsǫǫ#grandmother
ch'a#FOC
hel-#3PL.S:Ø.IPV:L. deel#eat:IPV:NOM
da-#INSIDE. nah-#N.IPV:2PL.S:Ø. deeł#PL.go:IPV
dzänh#muskrat
n-#2SG.PSR. ts'iikeey#children
mb-#3SG.P. aa#for
įį'eh.tah#AS.WELL
ch'a#FOC
na-#IT. 'e-#3SG.S:Ø.IPV. daak#D:SG.go:IPV:CUST
ni-#TERM. nih-#N.PFV:1SG.S:Ø. shyah#SG.go:PFV
mänh#lake
k'at'eey#NEG
ishyiit#there
that#that
nts'ąą'#how
än'#away:ALL
gaay#small
t'eey#ADVZR
k'eh#like
chi-#INDF:3SG.S:INC. nel-#QUAL:DH.PFV:L. 'įį#hide:PFV
u-#3SG.PSR. tth'an'#bone
k'at'eey#NEG
dą'#at:PNCT
ay.eh#AND.THEN
hih-#3PL.S. neh-#QUAL:Ø.IPV:H. tsayh#gather:IPV
hih-#3PL.S. del-#QUAL:Ø.IPV:L. xoo#play:IPV:NOM
na-#IT. 'įl-#3SG.S:N.PFV:L. shyah#handle.PL.O:PFV
dänh#at
da-#INSIDE. tthi-#HEAD. nįį-#3PL.S:N.PFV:Ø. tthayh#move.quickly:PFV
chih#also
k'at'eey#NEG
ts'änh#from
jah#here
nts'ąą'#how
dzel-#1PL.S:QUAL:Ø.IPV:L. tth'ih#PL.sit:IPV
tsät#wood
na-#IT. 'at-#3SG.S:AA.IPV:D. keeł#go.by.boat:IPV:PROG
m-#3SG.P. i-#PP. hǫǫ-#AR.S:Ø.PFV:Ø. łiin#be:IPV:NOM
iin#PL
iin#PL
y-#3SG.S>3SG.P. eh-#Ø.IPV:H. nih#say:IPV
įį-#AA.IPV:2SG.S:Ø. haał#SG.go:IPV:PROG
hǫǫ'#thus
eł#and
ay#3SG
ak-#Ø.IPV:1SG.S:H. tsan#smell:IPV:NOM
hugn#etc.
hǫǫ't'eey#still
nts'ąą'#how
xah#for
ch'itay#old.man
t'eey#ADVZR
ch'a#FOC
n-#2SG.PSR. tsay#grandfather
ay#3SG
ch'-#INDF.PSR. aadeh#older.sister
dii#what
nts'ą'#and
s-#1SG.P. ts'ą̈'#to
na-#IT. ch-#INDF:3SG.S:INC. 'įį-#Ø.IPV:2SG.S:Ø. 'aał#eat:IPV
yamaagn.teeshyaay#YAMAAGN.TEESHYAAY
dą'#at:PNCT
chuyh#down.feather
tsin'įį#thank.you
ay#3SG
nan'#earth
nday#where
ay.tl'aan#AND.THEN
nįį-#N.PFV:Ø. ts'eek#long
ti-#INC. dhih-#DH.PFV:1SG.S:Ø. shyah#SG.go:PFV
di-#REFL.PSR. nąą#mother
that#that
u-#3SG.S:CON. del-#QUAL:DH.PFV:L. kan#be.related:IPV:NOM
hǫǫ-#AR.S:Ø.PFV:Ø. łįį#be:IPV
u-#AR.O. tak-#INC:AA.IPV:1SG.S:H. tsayh#make.SG.O:FUT
ts'-#1PL.S. hǫǫ-#QUAL:QUAL:Ø.IPV:Ø. heey#speak:IPV:NOM
ch'itay#old.man
na-#IT. y-#3SG.S>3SG.O. įh-#AA.PFV:H. tįį#handle.AO:PFV
taatsąą'#raven
du'#CT
hu'-#3PL.O. ookol#NEGEX
ts'änh#from
hiiy-#3PL.S>3SG.O. uusi'#name
u-#3SG.PSR. shyah#house
tat'eey#also
nih#say:IPV
nah-#MED. 'ǫǫ#out:ABL
mb-#3SG.P. aa#for
eh#and
eh#and
da-#INSIDE. nįį-#3SG.S:N.PFV:Ø. shyah#SG.go:PFV
kol#NEGEX
mb-#3SG.P. i-#PP. -#1PL.S. nel-#QUAL:DH.PFV:L. jit#be.scared:IPV
eh-#3SG.S:Ø.IPV:H. sał#holler:IPV
keey#village
ayaa#mean
ay#3SG
sh-#1SG.P. aa#for
hel-#3PL.S:Ø.IPV:L. t'eh#be.number:IPV
shyiit#in
shyąą.t'eey#FOR.NOTHING
ch'a#FOC
u-#3SG.S:CON. del-#QUAL:DH.PFV:L. kan#be.related:IPV:NOM
y-#3SG.S>3SG.P. aa#for
ya-#CONT. he-#3PL.S:Ø.IPV:Ø. dak#PL.go:IPV:CUST
ch'i-#INDF. duu-#3SG.S:QUAL:OPT:Ø. ni'#say:PFV
du'#CT
ts'ayh#boat
u-#QUAL:Ø.IPV:Ø. dagn-#QUAL:AA.PFV:1SG.S:L. dįį'#learn:PFV
ch'ale#FOC
nih#say:IPV
ch'-#INDF.O. ookol#NEGEX
eh#and
i-#PP. dhagn-#DH.PFV:1SG.S:L. nüh#forget:PFV
sh-#1SG.PSR. ta'#father
ni-#TERM. he-#3PL.S:Ø.IPV:Ø. łeegn#handle.PL.O:IPV:CUST:NOM
iin#PL
t'eey#ADVZR
ts'i-#1PL.S:Ø.IPV:Ø. dloo#laugh:IPV:NOM
tagoh#swan
uu-#3SG.S:CON:Ø.IPV:Ø. niik#grab:PFV
teejuh#sympathy
tädn#night
eh-#3SG.S:DH.PFV:H. dayh#shoot:PFV
chih#also
ti-#INC. dįį-#3SG.S:QUAL:AA.PFV:Ø. duuh#crawl:PFV
chih#also
ts'ehkah#plainly
de'#if
eh#and
ay#3SG
ch'a#FOC
u-#AR.S. taa-#INC:AA.IPV:Ø. dįįł#do:FUT
nih#say:IPV
nił-#RECP.P. 'eł#with
k'it#on
ay#3SG
he-#3PL.S:Ø.IPV:Ø. nih#say:IPV
iin#PL
eh-#3SG.S:Ø.IPV:H. nąy#say:IPV:NOM
ts'ał#bush
ah-#OPT:2PL.S:Ø. keet#buy:IPV
ch'-#INDF.O. uh-#OPT:1SG.S:Ø. 'aal#eat:OPT
taa-#3SG.S:INC:AA.IPV:Ø. łeeł#be:FUT
ke-#UP. huu-#3PL.O. 'įį-#3SG.S:AA.PFV:Ø. dlah#handle.PL.O:PFV
dii-#3SG.S:QUAL:AA.PFV. tth'ak#hear:IPV
k'eh#like
ła'#tru
i-#3SG.S>3SG.O. neh-#QUAL:Ø.IPV:H. 'įh#see:IPV
ha-#ADJC. na-#IT. nal-#3SG.S:QUAL:AA.PFV:L. 'ah#extend:IPV
tth'ee#sinew
xayh#spruce.roots
ti-#OUT. xał-#SLED. nįį-#3SG.S:N.PFV:Ø. tąą#handle.LRO:PFV
tädn#night
danh#at
nih#say:IPV
ay#3SG
ch'a#FOC
del-#3SG.S:QUAL:DH.PFV:L. t'al#be.red:IPV:NOM
hu-#3PL.P. xah#for
tl'oh#grass
nts'ą'#and
t'eey#ADVZR
t'eey#ADVZR
ts'el-#1PL.S:Ø.IPV:L. deel#eat:IPV:NOM
ch'a#FOC
nts'ąą#how
tl'aan#and
ts'a-#PEJ. 'el-#3SG.S:DH.PFV:L. tsiin#appear:PFV:NOM
t'axoh#finally
he-#3PL.S:Ø.IPV:Ø. nih#say:IPV
ts'i-#1PL.S:Ø.IPV:Ø. dek#PL.go:IPV:CUST
iy-#3SG.S>3SG.P. eh-#Ø.IPV:H. nih#say:IPV
t'axoh#finally
ch'itay#old.man
kah#for
nts'ą'.t'eey#ADVZR
tet-#INC:Ø.IPV:D. deek#PL.fall:PFV
duugn#hereabouts
tse-#1PL.S:INC:Ø.IPV:Ø. neey#move.nomadically:IPV:NOM
na-#PRMB. tįį-#INC:AA.IPV:2SG.S. daał#D:SG.go:FUT
ni-#TERM. h-#3PL.S. nįį-#N.PFV:Ø. deel#PL.go:PFV:NOM
dineey#people
tay'#again
eh#and
na-#IT. hat-#3PL.S:AA.IPV:D. dal#PL.go:IPV:PROG:NOM
ni-#TERM. i-#IT. ts'-#1PL.S. nįį-#N.PFV:Ø. naa#move.nomadically:PFV
iin#PL
sh-#1SG.PSR. dia'#younger.sister
t'eey#ADVZR
nih#say:IPV
ha-#ADJC. ni-#TERM. t'ah#SG.fly:IPV:PROG
hah-#NTRL. 'ogn#out:AR
nt'eh#ASRT
ha'#SG.fetch:IPV
hii-#3PL.S>3PL.P. shyiit#in
tth'aak#plate
nee-#3PL.S:QUAL:DH.PFV:Ø. hi-#3PL.S>3PL.O. nih#say:IPV
nän#2SG
u-#CON. kol#NEGEX
ts'uu-#1PL.S:CON. dii-#QUAL:I.PFV:Ø. dlay#find.PL.O:PFV:NOM
iin#PL
ha-#NTRL. 'ogn#out:AR
ishyiit#then
łąą'#really
k'eh#like
manh#lake
hǫǫ-#3SG.S:QUAL:QUAL:Ø.IPV:Ø. tl'at#be.expensive:PFV
dindeey#people
t'eey#ADVZR
dii#what
na-#PRMB. h-#3PL.S. teh-#INC:Ø.IPV:H. mbik#flaunt:IPV:CUST
ch'a#FOC
tl'aan#and
du'#CT
el-#3SG.S:DH.PFV:L. tsiin#appear:IPV:NOM
nel-#3SG.S:QUAL:DH.PFV:L. jit#be.scared:IPV
dheh-#3SG.S:QUAL:DH.PFV:H. xįį#kill.SG.O:PFV
t'eey#ADVZR
hugn#etc.
ch'i-#INDF.PSR. dänh#at
nił-#RECP.P. ts'ą̈'#to
shyiit#in
nts'ą'#and
di-#REFL.PSR. nąą#mother
ay#3SG
he-#3PL.S:Ø.IPV:Ø. nih#say:IPV
m-#3SG.P. i-#PP. ish-#Ø.IPV:1SG.S:D. nay#remember:IPV:NEG
iin#PL
dänh#at
s-#1SG.PSR. tsǫǫ#grandmother
tl'aan#and
ts'ehłegn#one
tüh#over
t'eey#ADVZR
du'#CT
ch'ale#FOC
shyi'#meat
ch'ehłiik#song
shyign#down:ALL
tah#at:AR
na-#IT. tset-#1PL.S:DH.PFV:D. deeł#PL.go:PFV
i-#3SG.S:Ø.IPV:Ø. säł#holler:IPV
ena'#no
nee-#1PL.P. 'eh#with
hǫǫ'#thus
di-#REFL.PSR. 'eel'#trap:POSS
dii-#3SG.S:QUAL:AA.PFV. tth'ak#hear:IPV
sh-#1SG.P. ch'anoo'#lots.more.than
hu-#3PL.PSR. ǫǫsi'#name
uudih#all.long
eh#and
sh-#1SG.PSR. ee'eh#maternal.uncle
di-#REFL.PSR. ke'#foot
tah#at:AR
xayh#spruce.roots
eh#and
nts'ą̈'.t'eey#ADVZR
łuugn#fish
nts'¨ą'#to
ch'ale#FOC
kol#NEGEX
tah#at:AR
ch'-#INDF.PSR. aadeh#older.sister
jah#here
sh-#1SG.PSR. ta'#father
eh#and
ay.eh#AND.THEN
u-#3SG.P. dih-#QUAL:Ø.IPV:1SG.S:Ø. nih#say:IPV
mänh#lake
taatsąą'#raven
dį'#do:IPV
tah#at:AR
he-#3PL.S:Ø.IPV:Ø. dąy#do:IPV:NOM
ts'i-#1PL.S:Ø.IPV:Ø. 'iah#string:IPV
nih#say:IPV
ogn-#OPT:1SG.S:L. deel#eat.PL.O:OPT:NOM
ah-#NTRL. naat#across:PNCT
hi-#?. ts'e-#PEJ. het-#3PL.S:Ø.IPV:D. niign#not.know:IPV
laalil#butterfly
ay.eł#AND.THEN
hel-#3PL.S:Ø.IPV:L. t'eh#be.number:IPV
dineey#people
duka'#OK
t'eey#ADVZR
sh-#1SG.PSR. nąą#mother
hu-#AR.S. nii-#N.PFV:Ø. thaad#be.far:IPV:NOM
tah#at:AR
nts'ą̈'#to
iin#PL
del-#3SG.S:QUAL:Ø.IPV:L. xoo#play:IPV:NOM
shyii#in
ishyiit#there
tah#at:AR
ha-#NTRL. shyign'#down:ALL
keey#village
iin#PL
ishyiit#there
tl'aan#and
shyiit#in
ch'i-#INDF.O. deh-#3SG.S:QUAL:DH.PFV:H. xįį#kill.SG.O:PFV
y-#3SG.S>3SG.P. eh-#Ø.IPV:H. nih#say:IPV
hugn#etc.
ha-#OUT. na-#IT. 'at-#3SG.S:AA.IPV:D. shyay#SG.go.PFV:NOM
nih#say:IPV
jah#here
danh#at
ts'i-#1PL.S:Ø.IPV:Ø. nel-#QUAL:Ø.IPV:L. jit#be.scared:IPV
ts'exeh.gaay#GIRL
nahugn#there
hǫǫ-#AR.S:Ø.PFV:Ø. łįį#be:IPV
hǫǫ'#thus
łąą'#really
dhah-#DH.PFV:2PL.S:H. tiat#PL.sleep:IPV
dzel-#1PL.S:QUAL:DH.PFV:L. tth'iik#PL.stay:IPV:CUST
a-#NTRL. dogn#up:AR
hǫǫ't'eey#still
łuugn#fish
chuyh#down.feather
hǫǫ#thus
ay#3SG
hi-#3PL.S:Ø.IPV:Ø. ts'i-#PEJ. ish-#NEG.PFV:1SG.S:D. niign#not.know:IPV
jah#here
tah#at:AR
a-#NTRL. nogn#upland:AR
hi-#3PL.S:Ø.IPV:Ø. nih#say:IPV
hah-#NTRL. 'ogn#out:AR
ay#3SG
ina'#no
he-#3PL.S:Ø.IPV:Ø. nih#say:IPV
t'eey#ADVZR
tl'oh#grass
ts'iiniin#child
t'eey#ADVZR
ha-#NTRL. 'ogn#out:AR
nts'ą'#and
noo-#IT:AR. tet-#INC.DH.PFV:D. łe'#be:PFV
taagn#three
eh-#3SG.S:DH.PFV:H. tįį#SG.die:PFV
tah#at:AR
shyi'#meat
nday#where
nts'ą̈'#and
chaay#grandchild
t'axoh#finally
hu-#3PL.P. t'a-#CATCH. hee-#3PL.S:DH.PFV:Ø. deel#PL.go:PFV:NOM
kon'#fire
na-#IT. tsee-#1PL.S:INC:DH.PFV:Ø. 'aal#eat:FUT:NOM
oh#oh
hii-#3PL.S>3PL.P. 'eh#with
na-#MED. degn'#up:ALL
h-#3PL.S. tee-#INC:DH.PFV:Ø. naan#move.nomadically:PFV:NOM
eh#when
ishyiit#there
na-#IT. h-#3PL.S. del-#QUAL:DH.PFV:L. tth'ih#PL.sit:IPV
t'eey#ADVZR
dheh-#3SG.S:QUAL:DH.PFV:H. xįį#kill.SG.O:PFV
t'oot'eey#but
shyi'#meat
ǫǫ-#OPT:2SG.S:Ø. łe'#be:OPT
łąą'#really
ay#3SG
de'#when:FUT
ishyiit#there
iin#PL
k'ahmänn'#morning
na-#IT. hat-#3PL.S:AA.IPV:D. dal#PL.go:IPV:PROG:NOM
tsin'įį#thank.you
na-#IT. net-#3PL.S:QUAL:Ø.IPV:D. shyeey#grow:IPV:NOM
tl'aan#and
na-#PRMB. ti-#3SG.S:INC:Ø.IPV. daak#D:SG.go:IPV:CUST
hǫǫ-#AR.S:Ø.PFV:Ø. łįį#be:IPV
dänh#at
dii.xa#WHY
kelahdzeey#spider
dänh#at
tak-#INC:AA.IPV:1SG.S:H. teeł#bring:IPV?
k'eh#like
än'#away:ALL
iin#PL
eł#and
k'it#on
nts'ą̈'#to
ski-#ACROSS. i-#IT. hol-#3SG.S:QUAL:Ø.IPV:L. shyeek#handle.PL.O:IPV:CUST
shyiit#in
maagn#shore
gaay#small
t'axoh#finally
danh#at
chih#also
eh#and
ch'iik'on#necklace
chih#also
hah-#NTRL. 'ogn#out:AR
ts'al#loon
ts'iikeey#children
i-#3SG.S>3SG.PSR. dichinh#stick
eh#and
t'eey#ADVZR
t'axoh#finally
ch'i-#INDF.PSR. k'ah#fat
dziin#day
sh-#1SG.PSR. nąą#mother
hu'-#3PL.PSR. ǫǫnüü#older.brother
ni-#TERM. nįį-#3PL.S:N.PFV:Ø. shyay#SG.go.PFV:NOM
įh-#3SG.S:AA.PFV:H. dlaan#be.many:IPV:NOM
tįh-#INC:AA.IPV:2SG.S:H. tsayh#make.SG.O:FUT
ishyiit#there
iin#PL
ayah#yucky
ch'itay#old.man
t'eey#ADVZR
hii-#3PL.S>3SG.O. neh-#QUAL:Ø.IPV:H. tsiik#gather:IPV:CUST
godn#knee
k'at'eey#NEG
iin#PL
ee-#3SG.S:DH.PFV:Ø. 'ąą#classify.CO:IPV
ee-#3SG.S:DH.PFV:Ø. day#SG.stay:IPV:NOM
eł#when
negn'#upland:ALL
n-#2SG.P. ttheh#in.front
ay#3SG
nee-#1PL.P. ts'ą'#to
t'eey#ADVZR
yi-#3SG.S>3SG.O. hǫǫ-#3SG.S:QUAL:QUAL:Ø.IPV:Ø. keet#buy:IPV
nan-#BACK tah-#INC:AA.IPV:2PL.S:Ø. shye'#recover:PFV
nts'ą'#and
taagn#three
i-#PP. tal-#3SG.S:INC:AA.IPV:L. ch'ee#be.aloof:FUT
di-#REFL.PSR. łįįg'#dog:POSS
kelahdzeey#spider
e-#3SG.S:Ø.IPV:Ø. tsah#cry:IPV
nts'ą̈'#ADVZR
tuh-#INC:OPT:1SG.S:Ø. shya'#SG.go:OPT
ch'i-#INDF.PSR. dia'#younger.sister
heh-#3PL.S:Ø.IPV:H. xaan#make.PL.O:IPV:NOM
heh-#3PL.S:Ø.IPV:H. teegn#SG.die:IPV:CUST:NOM
nithoo#long.time
dą'#at:PST
ayshyįį'#that's.all
t'eey#ADVZR
mb-#3SG.O. aan#come.in
ts'exeey#women
t'eey#ADVZR
ay#3SG
nih-#QUAL:Ø.IPV:1SG.S:Ø. thän#want:IPV
k'at'eey#NEG
ts'uu-#1PL.S:CON. dii-#QUAL:I.PFV:Ø. dlay#find.PL.O:PFV:NOM
ii-#3SG.S:NEG.PFV:Ø. łąy#be:IPV:NOM
tl'aan#and
hǫǫsǫǫ#well
łaakay#two
hu-#3PL.P. hi-#3PL.S:Ø.IPV:Ø. nąy#CO.falls:PFV:NOM
ay#3SG
nih#say:IPV
ch'ittheh#first
ts'änh#from
dänh#at
tl'aan#and
iin#PL
kon'#fire
hǫǫ-#AR.S:Ø.PFV:Ø. łįį#be:IPV
t'eey#ADVZR
noo'#ahead:ALL
shi-#1SG.O. hi-#3PL.S:Ø.IPV:Ø. nih#say:IPV
iin#PL
keey#village
t'oot'eey#but
ay.eł#AND.THEN
chih#also
ni-#TERM. na-#IT. ts'in-#1PL.S:N.PFV:D. deeł#PL.go:PFV
ay#3SG
tąy#trail
tah#at:AR
tan#freeze:PFV:NEG
du'#CT
chih#also
na-#CONT. ts'-#1PL.S. hol-#QUAL:Ø.IPV:L. negn#tell.story:IPV:NOM
taatsąą'#raven
ay#3SG
jah#here
ay#3SG
n-#2SG.PSR. dia'#younger.sister
ła-#COMPLETELY. deh-#QUAL:DH.PFV:H. k'an'#be.burning:IPV
k'eh#like
nts'ą̈'#to
tl'aan#and
tah#at:AR
dänh#at
ts'iikeey#children
hǫǫ'#thus
hįį-#3PL.S:Ø.PFV:Ø. łįį#be:IPV
tl'aan#and
dąą'#thus
na-#PRMB. 'įh#see:IPV xeeł#get.dark:PFV
kįį'#subsisting.on
n-#2SG.PSR. tsǫǫ#grandmother
huug#and
hǫǫ#thus
t'eey#ADVZR
nee-#1PL.PSR. ts'iiniin'#child:POSS
ch'a'#away.from
eł#and
sǫ'#PROH
het-#3PL.S:Ø.IPV:D. dąy#do:IPV:NEG
ts'ist'e'#old.lady
haskeh#chief
ch'uukagn#ball
ch'ale'#FOC
t'eey#ADVZR
du'#CT
a-#NTRL. nogn#upland:AR
godn#knee
neexon#1PL
k'at'eey#NEG
du'#CT
dih-#QUAL:Ø.IPV:1SG.S:Ø. nąy#say:IPV:NOM
hul-#AR.S:Ø.PFV:L. tsįį#become:PFV
k'ahdu'#now
t'eey#ADVZR
eh-#3SG.S:Ø.IPV:H. sał#holler:IPV
t'eey#ADVZR
t'eey#ADVZR
y-#3SG.S>3SG.P. eh-#Ø.IPV:H. nih#say:IPV
hu-#3PL.P. shyah#house
ts'änh#from
t'eey#CMP
hu-#3PL.P. tah#among
hu-#3PL.P. 'eh-#3SG.S:Ø.IPV:H. nih#say:IPV
ch'-#INDF.PSR. aa-#3SG.S:AA.IPV:Ø. chinh#stump
dziin#day
t'axoh#finally
na-#IT. 'at-#3SG.S:AA.IPV:D. keel#go.by.boat:IPV:PROG:NOM
xah#for
aan#come.in
de'#APPR
t'eey#ADVZR
ay.tl'aan#AND.THEN
ha-#OUT. tthi-#HEAD. įį-#3SG.S:AA.PFV:Ø. 'ah#extend:IPV
sǫ'#PROH
sh-#1SG.P. 'eh#with
ha-#OUT. hu-#3PL.O. h-#3PL.S. taa-#INC:AA.IPV:Ø. łeeł#handle.PL.O:FUT
taathüh#tent
ndäl#white.winged.scoter
eh#and
eh#and
ay.tl'aan#AND.THEN
dą'#at:PNCT
taathüh#tent
ishyiit#there
taadziił#common.loon
t'eey#ADVZR
chih#also
eh#when
aayh#snowshoe
gaay#small
ishyiit#there
t'eey#ADVZR
chih#also
kitl'a-#ASHORE. ee-#3SG.S:DH.PFV:Ø. duu#slide:PFV
iin#PL
nts'ą'#and
hǫǫ-#AR.S:Ø.PFV:Ø. łįį#be:IPV
nts'ą'#and
ay.tl'aan#AND.THEN
hut-#3PL.S:OPT:D. ni-#TERM. deeyh#pray:IPV:NOM
tthi-#INTO.FIRE hii-#3PL.S>3SG.P. dįh-#QUAL:AA.PFV:H. xał#LRO.moves.quickly:PFV
ch'a#FOC
d-#PROX. uh-#AR. ts'ąy#side
iin#PL
k'at'eey#NEG
hǫǫ-#AR.S:Ø.PFV:Ø. łįį#be:IPV
t'eey#ADVZR
manh#lake
jah#there
jah#here
sh-#1SG.P. dia'#younger.sister
tuu#water
dah-#QUAL:Ø.IPV:2PL.S:Ø. dąy#do:IPV:NOM
eł#when
tl'aan#and
naan'#across:ALL
łįį#dog
ay#3SG
hǫǫ-#AR.S:Ø.PFV:Ø. łįį#be:IPV
nahk'ade#fish.trap
tl'uul'#rope:POSS
hǫǫ'#thus
t'eey#ADVZR
tl'aan#and
shyii#in
ha'#NEG
t'eey#ADVZR
s-#1SG.PSR. tsay#grandfather
tsüüh#edible.root
nih#say:IPV
tah#when
jign#blueberry
ishyiit#there
güh#dirt
gaay#small
sh-#1SG.PSR. aak'ay#maternal.aunt
u-#QUAL:Ø.IPV:Ø. taa-#INC:AA.IPV:Ø. niił#say:FUT:NOM
sh-#1SG.PSR. oonüü#older.brother
t-#D. nay#make.noise:IPV:NOM
k'eh#like
ch'a#FOC
k'at'eey#NEG
i-#PP. ts'e-#PEJ. het-#3PL.S:Ø.IPV:D. niign#not.know:IPV
shyiit#in
ni-#3SG.S:QUAL:Ø.IPV:Ø. shyeeh#grow:IPV
t'eey#ADVZR
s-#1SG.PSR. tsay#grandfather
hu-#3PL.P. 'i-#PP. shyiit#in
dąą'#thus
na-#IT. tsut-#1PL.S:INC:OPT:D. deeł#PL.go:OPT
keey#village
degn'#up:ALL
that#that
eh#and
shoh#black.bear
eekeh#halfway.up
iin#PL
sh-#1SG.P. aa#for
ay#and
iin#PL
nts'ą̈'#and
xah#for
iin#PL
hu-#3PL.P. ch'a'#away.from
ay#and
nąą#mother
t'eey#ADVZR
ch'aachin'#tree.stump
eł#and
tthi'#head
nts'ą̈'#and
that#that
eh#and
shyiit#in
ch'i-#INDF.PSR. dänh#at
dą'#at:PNCT
doo#who
nił-#RECP.P. k'i-#TRADE. dzel-#1PL.S:QUAL:DH.PFV:L. shyah#handle.PL.O:PFV
k'ii-#HOLE nųų-#OPT:2SG.S:Ø. ttheeł#chop:IPV
ch'a#FOC
sh-#1SG.PSR. nąą#mother
iin#PL
nee-#1PL.P. k'aa'#gun
t'eey#ADVZR
xah#because
tthi-#OUT. dįį-#3SG.S:QUAL:AA.PFV:Ø. duuh#crawl:PFV
that#that
na-#CONT. ts'e-#1PL.S:Ø.IPV:Ø. 'aal#eat:IPV:NOM
hi-#3PL.S>3PL.O. dį'#do:IPV
tah#when
jah#here
yamaagn.teeshyaay#YAMAAGN.TEESHYAAY
tl'aan#and
hǫǫsǫǫ#well
laa#NEG
t'eey#ADVZR
k'at'eey#NEG
hiy-#3PL.S>3SG.O. eh-#Ø.IPV:H. nih#say:IPV
nił-#RECP.O. ts'et-#1PL.S:Ø.IPV:D. niik#say:IPV:CUST
na-#CONT. 'i-#I.PFV:Ø. thät#SG:stand:IPV
that#that
sh-#1SG.PSR. ta'#father
nts'ąą'#how
nduugn#where:AR
tl'aan#and
ch'a#FOC
i-#3SG.S>3SG.O. na-#PRMB. tel-#INC:DH.PFV:L. 'ok#swim.on.surface:PFV
hugn#etc.
tl'aan#and
de'#if
nąą#mother
iin#PL
xah#because
jah#here
i-#3SG.S>3SG.O. dheh-#QUAL:DH.PFV:H. xįį#kill.SG.O:PFV
hǫǫ'#thus
nts'ą̈'#to
s-#1SG.PSR. tsay#grandfather
ch'-#INDF.PSR. uusi'#name
eh-#3SG.S:DH.PFV:H. tįį#SG.die:PFV
dishyįį'#by.herself
iin#PL
tl'aan#and
tuh-#INC:OPT:1SG.S:Ø. shya'#SG.go:OPT
eł#when
hanteey'#quickly
sh-#1SG.PSR. ta'#father
ay#3SG
dii#what
tl'aan#and
he-#3PL.S:Ø.IPV:Ø. nih#say:IPV
nee-#3SG.S:QUAL:DH.PFV:Ø. gąy#be.dry:IPV:NOM
t'eey#ADVZR
tl'aan#and
naxat#those
nts'ą̈'#ADVZR
jign#blueberry
iin#PL
tl'aan#and
t'eey#ADVZR
k'a#NEG
ch'ale#FOC
ts'ist'e'#old.lady
ts'ist'e'#old.lady
ay#3SG
t'eey#ADVZR
iin#PL
ush-#OPT:1SG.S:D. naan#drink:OPT
hih-#3PL.S. del-#QUAL:DH.PFV:L. tth'ih#PL.stay:IPV
tl'aan#and
nih#say:IPV
uu-#3SG.S:OPT:Ø. łe'#be:OPT
ts'ät#blanket
t'eey#ADVZR
ay#3SG
de'#if
mb-#3SG.P. i-#PP. 'ish-#Ø.PFV:1SG.S:D. nąy#know:IPV:NOM
dat-#3SG.S:QUAL:AA.PFV:D. nel-#QUAL:DH.PFV:L. got#punch:PFV
nih#say:IPV
tah#at:AR
ts'iikeey#children
n-#2SG.P. dih-#QUAL:Ø.IPV:1SG.S:Ø. nih#say:IPV
ts'eegn#long
le'#IGN
kah#for
tah#at:AR
t'eey#ADVZR
chaay#grandchild
ha-#OUT. nee-#1PL.O. 'įį-#3PL.S:AA.PFV:Ø. dlah#handle.PL.O:PFV
sh-#1SG.PSR. ta'#father
he-#3PL.S:Ø.IPV:Ø. nih#say:IPV
niithaadn#long.time
sh-#1SG.P. ih-#3SG.S:Ø.IPV:H. nay#say:IPV:NOM
eł#when
hǫǫ'#thus
dänh#at
hiiy-#3PL.S>3SG.O. eh-#Ø.IPV:H. gąy#dry:IPV:CUST
hii-#3PL.S>3SG.P. eh-#Ø.IPV:H. nih#say:IPV
gaay#small
y-#3SG.S>3SG.P. eh-#3SG.S:Ø.IPV:H. nih#say:IPV
uudih#all.long
hǫǫ'#thus
ay.eh#AND.THEN
ch'i-#INDF.PSR. ts'ą̈'#to
yiii#hey
ay.tl'aan#AND.THEN
nts'ą'#and
de'#if
dzänh#muskrat
s-#1SG.PSR. tsay#grandfather
hih-#3PL.S. del-#QUAL:DH.PFV:L. tth'iign#PL.sit:IPV:CUST:NOM
hǫǫ'#thus
s-#1SG.PSR. tsay#grandfather
sh-#1SG.PSR. nąą#mother
tl'aan#and
shyąą#for.nothing
di-#REFL:PL. shyįį'#only
nts'ą̈'.t'eey#ADVZR
ch'ale#FOC
k'ii-#SEVERING. 'e-#3SG.S:Ø.IPV:Ø. ttheeł#chop:IPV
hut-#AR.S:DH.PFV:D. shyaak#happen:PFV
ts'exeh.gaay#GIRL
t'eey#ADVZR
sh-#1SG.PSR. nąą#mother
xay#winter
ay#3SG
du'#CT
neexon#1PL
k'it#on
hǫǫ-#3SG.S:QUAL:QUAL:Ø.IPV:Ø. heey#speak:IPV:NOM
kah#for
iin#PL
ts'exeey#women
ch'i-#INDF.PSR. dia'#younger.sister
na-#IT. aa-#3SG.S:AA.IPV. daał#D:SG.go:FUT
sh-#1SG.O. dhįh-#QUAL:DH.PFV:2SG.S:H. shyiiy#save:PFV:NOM
y-#3SG.S>3SG.P. eh-#Ø.IPV:H. nih#say:IPV
nuh-#2PL.P. xah#to
nts'ąą'#how
chi-#PRETEND. ch'i-#INDF. del-#3SG.S:QUAL:DH.PFV:L. tįį#SG.sleep:IPV
y-#3SG.S>3SG.P. eh-#Ø.IPV:H. nih#say:IPV
ah-#AA.IPV:2PL.S:Ø. dał#PL.go:IPV:PROG
sh-#1SG.P. aa#for
t'eey#ADVZR
sǫ'#PROH
ay#and
choh#big
na-#IT. tush-#INC:OPT:1SG.S:D. shya'#SG.go:OPT
n-#2SG.PSR. nąą#mother
t'eey#ADVZR
k'ahdu'#now
u-#3SG.P. dih-#QUAL:Ø.IPV:1SG.S:Ø. nih#say:IPV
eh-#3SG.S:Ø.IPV:H. nih#say:IPV
hih-#3PL.S. neh-#QUAL:Ø.IPV:H. tsay#gather:IPV:NEG
t'axoh#finally
tah#at:AR
yamaagn.teeshyaay#YAMAAGN.TEESHYAAY
nee-#1PL.P. 'eh#with
ay#and
tay'#again
hǫǫ'#thus
m-#3SG.PSR. ǫǫnüü#older.brother
ch'ale#FOC
hǫǫ'#thus
ndee#where:PNCT
ndee#where:PNCT
sh-#1SG.P. aa#for
ya-#CONT. 'eh-#3SG.S:Ø.IPV:H. shyiik#jump:IPV:CUST
du'#CT
na-#IT. n-#2SG.O. ts-#1PL.S:INC. dhah-#QUAL:AA.IPV:H. xeh#kill.SG.O:FUT
eł#when
ay.eł#AND.THEN
doo#who
ah-#NTRL. noo'#ahead:ALL
xah#because
hah-#NTRL. ne'#upriver:ALL
t'eey#ADVZR
y-#3SG.S>3SG.P. eh-#Ø.IPV:H. nih#say:IPV
tthee#rock
noo'#ahead:ALL
ay#3SG
tl'aan#and
nih#say:IPV
nee-#1PL.P. 'eh-#3SG.S:Ø.IPV:H. nih#say:IPV
ay.tl'aan#AND.THEN
ta-#TO.SIDE. nel-#3SG.S:QUAL:DH.PFV:L. 'ah#extend:IPV
duu-#3SG.S:QUAL:OPT:Ø. ne'#do?:OPT
hǫǫ-#AR.S:Ø.PFV:Ø. łiin#be:IPV:NOM
hu-#3PL.P. 'eh-#3SG.S:Ø.IPV:H. nih#say:IPV
k'a#NEG
ay.tl'aan#AND.THEN
t'axoh#finally
gaay#small
nts'ą'#to
ih-#AA.IPV:1SG.S:Ø. haał#SG.go:IPV:PROG
gǫǫ#bugs
du-#PROX:AR. naan'#across:ALL
hih-#3PL.S. huh-#CON:OPT:H. 'üü#PL.animal.move:IPV:NOM
jah#here
chih#also
nah-#MED. dą'#at:PNCT
hi-#?. in-#Ø.IPV:2SG.S:D. nay#know:IPV:NOM
ishyiit#there
mb-#3SG.P. aa#for
choh#big
sh-#1SG.P. i-#PP. nǫl-#QUAL:OPT:2SG.S:L. jidn#be.scared:OPT
del-#3PL.S:QUAL:DH.PFV:L. tth'ih#PL.sit:IPV
hǫǫ'#thus
manh#lake
hǫǫ'#thus
ha-#NTRL. dogn#up:AR
hǫǫ't'eey#still
nts'ą̈'.t'eey#ADVZR
shiy#1SG
ay.tl'aan#AND.THEN
s-#1SG.PSR. tsay#grandfather
eh#and
du'#CT
t'eey#ADVZR
n-#2SG.PSR. tsay#grandfather
ch'ale#FOC
sh-#1SG.P. eh-#3SG.S:Ø.IPV:H. nih#say:IPV
nii-#N.PFV:Ø. 'ǫn-#OPT:2SG.S:D. shya'#SG.go:OPT
di-#REFL.PSR. kąy'#husband
chih#also
t'eey#ADVZR
dineh#person
uh-#OPT:1SG.S:Ø. ha'#SG.fetch:OPT
doo#who
shyiit#in
jah#here
got#punch:PFV
n-#2SG.PSR. tsay#grandfather
dą'#when:PST
u-#3SG.PSR. got#knee
nts'ą̈'#to
sta-#AWAY. a-#IT. nįį-#N.IPV:2SG.S. daay#D:SG.go:IPV:IMP
shyiit#there
u-#3SG.P. shyiit#in
łįį#dog
nts'ąą'#how
du'#CT
ts'ehkah#plainly
aa-#3SG.S:AA.IPV:Ø. haal#SG.go:FUT:NOM
t'axoh#finally
t'eey#ADVZR
id-#SG.REFL.O. net-#3SG.S:QUAL:DH.PFV:D. t'iah#rub:PFV??
ts'-#1PL.S. nįį-#N.PFV:Ø. deeł#PL.go:PFV
na-#IT. tset-#1PL.S:DH.PFV:D. deeł#PL.go:PFV
iin#PL
hǫǫ-#AR.S:Ø.PFV:Ø. teeł#be.wide:IPV
ishyiit#there
noo'#ahead:ALL
jign#blueberry
da-#MOUTH del-#3SG.S:QUAL:Ø.PFV:L. thoo#be.long.time:IPV:NOM
tay'#again
ina'#no
ha-#OUT. a-#IT. 'il-#3SG.S:N.PFV:L. tthiit#SG.run:IPV
shyiign#down:ALL
tl'aan#and
sh-#1SG.PSR. ta'#father
that#that
nee-#1PL.PSR. ts'ädn'#belongings:POSS
da-#SPEECH. hu-#AR.S. del-#QUAL:DH.PFV:L. tsiin#appear:IPV:NOM
de'#if
nah-#MED. tet-#INC:Ø.IPV:D. degn#up:ALL
łahtthagn.nts'ą'#ALL
tsin'įį#thank.you
ay#3SG
t'eey#ADVZR
nts'ą̈'#to
sh-#1SG.PSR. ee'eh#maternal.uncle
chih#also
tl'aan#and
eł#when
dih-#QUAL:Ø.PFV:1SG.S:Ø. tth'ak#hear:IPV
tl'aan#and
chih#also
nuh-#QUAL:OPT:H. deey#pray:IPV:NOM
sh-#1SG.O. aadeh#older.sister
s-#1SG.PSR. tsǫǫ#grandmother
ts'ant'ay#devil
k'eh#like
hugn#etc.
hi-#3PL.S:Ø.IPV:Ø. ttheel#chop:IPV:NOM
hiiy-#3PL.S>3SG.O. eh-#Ø.IPV:H. gąy#dry:IPV:CUST
t'a-#AGAINST?. ch'-#INDF.PSR. įį-#3SG.S:AA.PFV:Ø. shyiił#handle.LRO:quickly:PFV
gaay#small
ch'itay#old.man
sta-#AWAY. da-#MOUTH ho-#3SG.S:AR. dnįį-#QUAL:N.PFV:Ø. 'ąą#handle.CO:PFV
eh-#3SG.S:Ø.IPV:H. gąy#dry:PFV
na-#IT. hol-#3SG.S:QUAL:Ø.IPV:L. dagn#PL.go:IPV:CUST:NOM
tsi#wake. 'ah-#Ø.IPV:2PL.S:Ø. dek#PL.go:IPV:CUST
ch'a#FOC
k'it#on
ay#3SG
įh-#3SG.S:AA.PFV:H. xąą#kill:PL.O:PFV
hu-#3PL.P. 'eh#with
ts'ikeey#children
chuyh#down.feather
eł#when
u-#3SG.PSR. dayaan'#beard
neexon'#1PL
nah-#MED. 'ǫǫ#out:ABL
dą'#at:PNCT
sh-#1SG.PSR. nąą#mother
dineey#people
ch'itay#old.man
hu-#3PL.O. 'eh-#3SG.S:Ø.IPV:H. nih#say:IPV
ch'ah#FOC
tah#at:AR
łuugn#fish
hu-#3PL.P. 'eh#with
iin#PL
dah-#QUAL:Ø.IPV:2PL.S:Ø. nąy#say:IPV:NOM
hu-#AR.O. nah-#QUAL:Ø.IPV:2PL.S. 'įh#look:IPV
i-#3SG.S>3SG.P. k'it#on
diinah#while
hu-#3PL.PSR. ta'#father
hih-#3PL.S. tee-#INC:DH.PFV:Ø. deeł#PL.go:PFV
ch'a'#AVERT
jah#here
hu-#3SG.S:AR. neh-#QUAL:Ø.IPV:H. 'įh#look:IPV
ishyiit#there
noo'#ahead:ALL
u-#AR.O. neh-#3SG.S:QUAL:Ø.IPV:H. 'ąy#look.IPV:NOM
iin#PL
eh-#3SG.S:Ø.IPV:H. tiin#handle.AO:PFV:NOM
dih-#QUAL:Ø.PFV:1SG.S:Ø. t'eh#be:IPV
tah#when
n-#2SG.PSR. tth'an'#bone
ts'i-#1PL.S:Ø.IPV:Ø. dloo#laugh:IPV:NOM
t'axoh#finally
de'#if
ts'iikeey#children
hǫǫ-#AR.S:Ø.PFV:Ø. łįį#be:IPV
ch'itay#old.man
k'ahmän'#morning
ay#3SG
da-#INSIDE. nįį-#3SG.S:N.PFV:Ø. shyah#SG.go:PFV
nan'#earth
t'axoh#finally
ch'i-#INDF.P. tah#among
taa-#INC:AA.IPV:Ø. t'oo#but
he-#3PL.S:Ø.IPV:Ø. tsaa#cry:IPV:NOM
nduugn#hereabouts
ch'udzüüt#owl
ski-#ACROSS. i-#IT. hol-#3SG.S:QUAL:Ø.IPV:L. shyeek#handle.PL.O:IPV:CUST
ts'änh#from
na-#IT. 'el-#3PL.S:Ø.PFV:L. k'ah#be.fat:IPV
iin#PL
s-#1SG.PSR. tsay#grandfather
ch'itay#old.man
ch'a#FOC
at-#3PL.S:AA.PFV:D. shyąą#grow.old:PFV
de'.kah#TO.CHECK
dih-#QUAL:Ø.IPV:1SG.S:Ø. dį'#do:IPV
t'eey#ADVZR
nts'ąą'#what
ch'ale'#FOC
nts'ą'#and
ch'-#INDF.PSR. aadeh#older.sister
nia'#middle.of
nah-#MED. 'ǫǫ#out:ABL
ay#and
ts'ät#blanket
dahdzäł#rack
ay#3SG
ay.tl'aan#AND.THEN
sh-#1SG.PSR. ee'eh#maternal.uncle
hi-#3PL.S:Ø.IPV:Ø. nih#say:IPV
t'eey#ADVZR
t'eey#ADVZR
hǫǫ-#AR.S:Ø.PFV:Ø. łiin#be:IPV:NOM
hu-#3PL.P. nąą#mother
t'eey#ADVZR
eł#when
iin#PL
ts'exeh.gaay#GIRL
i-#PP. ts'it-#1PL.S:NEG.PFV:D. nąy#know:IPV:NOM
xah#for
naki-#TURN.AROUND. det-#3SG.S:QUAL:DH.PFV:D. dät#animal.runs:PFV
tuu#water
tl'uuł#rope
nah-#MED. 'ogn#out:AR
t'ah#also
that#that
nts'ą̈'#to
nuh-#2PL.PSR. shyah#house
t'eey#ADVZR
kol#NEGEX
na-#PRMB. tnet-#3PL.S:INC:QUAL:Ø.IPV:D. degn#PL.go:IPV:CUST:NOM
hugn#etc.
dii.xah#WHY
ne'#upriver:ALL
t'eey#ADVZR
t'eey#ADVZR
y-#3SG.S>3SG.O. uu-#CON:Ø.IPV:Ø. nih#think:IPV
shyiit#in
iin#PL
eh#and
y-#3SG.S>3SG.P. eh-#Ø.IPV:H. nih#say:IPV
ay#3SG
aa-#3SG.S:AA.IPV:Ø. haal#SG.go:FUT:NOM
hǫǫsǫǫ#well
k'a#NEG
ha-#OUT. hįį-#3PL.S:AA.PFV:Ø. 'ąą#handle.CO:PFV
ts'įį-#1PL.S:Ø.PFV:Ø. łįį#be:IPV
u-#3SG.P. dih-#QUAL:Ø.IPV:1SG.S:Ø. nih#say:IPV
aa-#3SG.S:AA.IPV:Ø. haał#SG.go:IPV:PROG
nts'ąą'#how
jin#this
uudih#all.long
ch'a#FOC
u-#AR.O. neh-#QUAL:Ø.IPV:H. 'ąy#look.IPV:NOM
y-#3SG.S>3SG.O. uu-#CON:Ø.IPV:Ø. nih#think:IPV
del-#3SG.S:QUAL:Ø.IPV:L. xoo#play:IPV:NOM
di-#REFL.PSR. tthi'#head
na-#IT. hin-#3PL.S:N.PFV:D. deeł#PL.go:PFV
ni-#TERM. h-#3PL.S. taa-#INC:AA.IPV:Ø. dał#PL.go:FUT
m-#3SG.PSR. ǫǫndaa#older.brother
eh#and
k'ahdu'#now
sǫ'#PROH
ła-#COMPLETELY. dee-#3SG.S:QUAL:DH.PFV:Ø. k'ąą#burn:IPV
that#that
t'axoh#finally
el-#3SG.S:DH.PFV:L. tsįį#seem:IPV
ch'ale#FOC
noodlee#white.person
ha-#OUT. hįį-#3PL.S:AA.PFV:Ø. deeł#PL.go:PFV
łįį#dog
nee-#1PL.P. k'įįl#through.fault
dits'än#duck
de'.kah#TO.CHECK
ay#3SG
u-#CON. 'et-#DH.PFV:D. sih#be.called:IPV
dahdzäł#rack
ts'änh#from
hi-#3PL.S. nįį-#N.PFV:Ø. thänh#want:IPV
duka'#OK
jah#here
ah-#NTRL. dǫǫ#up:ABL
sh-#1SG.P. eł#with
sh-#1SG.P. aa#for
chih#also
nt'eh#ASRT
iin#PL
nee-#1PL.P. 'eh#with
ah-#NTRL. noo'#ahead:ALL
t'axoh#finally
nts'ą'#at
hu-#AR.O. tnah-#INC:QUAL:AA.IPV:2PL.S:H. 'iil#see:FUT:NEG
tsee-#1PL.S:INC:DH.PFV:Ø. deel#PL.go:PFV:NOM
ina'#no
u-#3SG.P. tüh#over
ay.tl'aan#AND.THEN
k'at'eey#NEG
ay#3SG
ts'ehłegn#one
tuu#water
du'#CT
dįį-#3SG.S:QUAL:Ø.PFV:Ø. tsįį#be.hungry:IPV
al-#3SG.S:AA.PFV:L. deeł#eat:PFV
jah#here
t'oot'eey#but
danh#at
i-#PP. tdah-#INC:QUAL:AA.IPV:2PL.S:H. nįįł#say:FUT:NOM
ti-#OUT. na-#IT. ch'i-#INDF.O. nel-#3SG.S:QUAL:DH.PFV:L. 'įį'#sneak:PFV
hu-#AR.O. tah-#INC:AA.IPV:2PL.S:Ø. nąy#be.alive:FUT:NOM
dagn-#QUAL:Ø.IPV:1SG.S:L. xoh#play:IPV
ch'i-#INDF.PSR. bät#stomach
ah-#NTRL. dogn#up:AR
hǫǫ'#thus
tah#at:AR
ts'iikeey#children
nts'ą'#and
eł#when
tuu#water
tel-#3SG.S:INC:DH.PFV:L. tthät#SG.run:PFV
gaay#small
ts'i-#1PL.S:Ø.IPV:Ø. dek#PL.go:IPV:CUST
männ'#lake:POSS
iin#PL
k'a#NEG
gaay#small
ay#3SG
di-#REFL.PSR. xeel'#pack:POSS
s-#1SG.PSR. tsǫǫ#grandmother
duugn#hereabouts
k'it#on
ti-#OUT. y-#3SG.S>3SG.O. nįh-#QUAL:AA.PFV:H. tįį#handle.AO:PFV
jah#that
ndee#where:PNCT
sh-#1SG.O. chil#younger.brother
ay.eł#AND.THEN
tah#among
tah#among
ay#3SG
t'oot'eey#but
hu-#3PL.P. 'eh-#3SG.S:Ø.IPV:H. nih#say:IPV
t'eey#ADVZR
nah-#MED. 'ogn#out:AR
nts'ą̈'#to
gaay#small
hǫǫ'#thus
nel-#3SG.S:QUAL:DH.PFV:L. jidn#be.scared:IPV:NOM
guuy#tiny
shyiit#in
du'#CT
łaakeey#two
ay#3SG
t'axoh#finally
xay#winter
nee-#1PL.P. ts'ą̈'#to
tih-#INC:AA.IPV:1SG.S:Ø. diil#do:FUT:NEG
hu-#AR.S. tee-#INC:DH.PFV:Ø. łe'#be:PFV
eł#when
łahtthagn.nts'ą'#ALL
nił-#RECP.P. 'i-#PP. ts'e-#PEJ. het-#3PL.S:Ø.IPV:D. niign#not.know:IPV
t'eey#ADVZR
he-#3PL.S:Ø.IPV:Ø. sal#holler:IPV:NOM
nts'ą'#and
tah#at:AR
nts'ą̈'#and
du'#CT
ni-#TERM. h-#3PL.S. nįį-#N.PFV:Ø. deel#PL.go:PFV:NOM
t'ah#also
de'#if
tagoh#swan
tsat#wood
ay.tl'aan#AND.THEN
sh-#1SG.O. aadeh#older.sister
nuh-#2PL.P. 'eh#with
shyii#in
tl'aan#and
u-#3SG.PSR. naagn'#eye
nts'ą̈'.t'eey#ADVZR
k'ąy'#willow
hǫǫ'#thus
kol#NEGEX
du'#CT
t'oot'eey#but
ttheh#before
nuh-#2PL.P. 'eh#with
tąy#trail
noht'aagn#behind
t'eey#ADVZR
nah-#MED. 'aat#outside:PNCT
hanteey'#quickly
ti-#INC. dhih-#DH.PFV:1SG.S:Ø. te'#SG:sleep:PFV
nii-#3SG.S:QUAL:Ø.IPV:Ø. shyeey#grow:IPV:NOM
ha-#OUT. 'įh-#3SG.S:AA.PFV:H. chuut#save.food:PFV
t'eey#ADVZR
eh#and
iin#PL
nee-#1PL.P. xah#for
hu-#3PL.P. ch'a'#away.from
t'eey#ADVZR
e-#3SG.S:Ø.IPV:Ø. łeey#handle.PL.O:IPV:NOM
ts'igąąk#chickadee
sh-#1SG.PSR. dia'#younger.sister
tah#at:AR
uu-#3SG.S:OPT:Ø. łe'#be:OPT
nts'aa'#what
ch'itay#old.man
nuh-#2PL.P. xah#for
ndehde'#when:FUT
eh-#3SG.S:Ø.IPV:H. nih#say:IPV
hu-#3PL.P. dii-#QUAL:QUAL:Ø.PFV:Ø. dlay#handle.PL.O:PFV:NOM
sh-#1SG.PSR. nąą#mother
ay.eh#AND.THEN
di-#3SG.S:QUAL:Ø.PFV:Ø. chaa#be.big:IPV:NOM
t'eey#ADVZR
tthi-#OUT. gąą'-#ARM. dzel-#1PL.S:QUAL:DH.PFV:L. shyah#handle.PL.O:PFV
y-#3SG.S>3SG.P. eh-#Ø.IPV:H. nih#say:IPV
hih-#3PL.S. dii-#QUAL:QUAL:Ø.IPV:Ø. tth'ak#hear:IPV
t'eey#ADVZR
tl'aan#and
ni-#3SG.S:N.PFV:Ø. thoo#be.long.time:IPV:NOM
i-#3SG.S>3SG.O. dheh-#QUAL:DH.PFV:H. xįį#kill.SG.O:PFV
hǫǫ't'eey#still
na-#IT. hat-#3PL.S:AA.IPV:D. dal#PL.go:IPV:PROG:NOM
ay#3SG
hǫǫ-#AR.S:Ø.PFV:Ø. łįį#be:IPV
ddhał#mountain
ay#3SG
tthii-#INTO.FIRE tl'a-#TO. y-#3SG.S>3SG.O. dįį-#QUAL:AA.PFV:Ø. kąą#handle.OOC:PFV
ni-#TERM. i-#IT. het-#3PL.S:Ø.IPV:D. dek#PL.go:IPV:CUST
įį'eh.tah#AS.WELL
dzel-#1PL.S:QUAL:DH.PFV:L. tth'ih#PL.stay:IPV
t'axoh#finally
hǫǫ-#AR.S:Ø.PFV:Ø. łįį#be:IPV
eh-#3SG.S:Ø.IPV:H. nih#say:IPV
dzänh#muskrat
de'#if
t'eey#ADVZR
ni-#TERM. i-#IT. hiiy-#3PL.S>3PL.O. el-#Ø.IPV:L. shyeek#handle.PL.O:IPV:CUST
ha-#UP. taa-#3SG.S:INC:AA.IPV:Ø. mbeeł#swim:FUT
kah#for
an'#away:ALL
nän#2SG
na-#PRMB. tset-#1PL.S:INC:Ø.IPV:D. diik#do:IPV:CUST
ay#3
sh-#1SG.P. aa#for
taa-#3SG.S:INC:AA.IPV:Ø. dlaał#keep.PL.O:FUT
t'eey#ADVZR
du'#CT
nan'#earth
ay#3SG
du'#CT
tsee-#1PL.S:INC:DH.PFV:Ø. naa#move.nomadically:PFV
sǫ'#PROH
nts'ą'#to
ch'a#FOC
tl'aan#and
ay.eh#AND.THEN
nee-#3SG.S:INC:QUAL:DH.PFV:Ø. t'ak#SG.fly:PFV
nogn#upland:AR
y-#3SG.S>3SG.P. eh-#Ø.IPV:H. nih#say:IPV
el-#3SG.S:DH.PFV:L. tsiin#appear:PFV:NOM
ay.tl'aan#AND.THEN
t'eey#ADVZR
de'#if
tsät#wood
jah#here
ǫǫ#out:ABL
le'#IGN
k'ahdu'#now
hi-#3PL.S. hǫǫ-#QUAL:QUAL:Ø.IPV:Ø. heey#speak:IPV:NOM
na-#IT. tet-#3SG.S:INC:DH.PFV:D. shyah#SG.go:PFV
t'eey#ADVZR
hi-#?. ts'i-#PEJ. ish-#NEG.PFV:1SG.S:D. niign#not.know:IPV
hǫǫ't'eey#still
shyi'#meat
dih-#QUAL:Ø.IPV:1SG.S:Ø. nih#say:IPV
eh#and
k'ąy#willow
u-#QUAL:Ø.IPV:Ø. shyah#SG.go:PFV
eh-#3SG.S:DH.PFV:H. tįį#SG.die:PFV
ishyiit#then
m-#3SG.PSR. ǫǫsi'#name
hǫǫ'#thus
du'#CT
shiy#1SG
n-#3SG.S:Ø.PFV:Ø. chaa#be.big:IPV:NOM
s-#1SG.PSR. tsay#grandfather
dii.t'eey#ANYTHING
ch'itay#old.man
nde'#give.me
chief#Chief
jah#here
k'at'eey#NEG
nee-#1PL.P. haał#SG.go:IPV:PROG
ch'a#FOC
hǫǫ-#AR.S:Ø.PFV:Ø. heeyh#speak:IPV
dih-#QUAL:Ø.PFV:1SG.S:Ø. tth'egn#hear:IPV:NEG
ts'iiniin#child
k'at'eey#NEG
nts'ą'#and
tsaa-#1PL.S:INC:AA.IPV:Ø. neeł#move.nomadically:FUT
choh#big
na'#take.it
nt'eh#ASRT
t'eey#ADVZR
ay#3SG
u-#CON. he-#3PL.S:Ø.IPV:Ø. nih#say:IPV
ts'exeh#woman
ǫǫ#out:ABL
ha-#ADJC. a-#IT. hi-#3PL.S:Ø.IPV:Ø. łeek#handle.PL.O:IPV:CUST
ay#3SG
dih-#QUAL:Ø.PFV:1SG.S:Ø. t'eh#be:IPV
ay#3SG
iin#PL
ts'ant'ay#devil
s-#1SG.PSR. tsay#grandfather
hi-#?. hnįį-#3PL.S:N.PFV:Ø. deeł#PL.go:PFV
chaay#grandchild
nts'ą̈'#to
mb-#3SG.P. aandah#around
tl'aan#and
jign#blueberry
k'it#on
ni-#TERM. i-#IT. het-#3PL.S:Ø.IPV:D. dek#PL.go:IPV:CUST
k'it#on
iin#PL
a-#NTRL. dogn#up:AR
dineey#people
nee-#1PL.P. 'eh-#3SG.S:Ø.IPV:H. nih#say:IPV
u-#3SG.PSR. tsįį'#scent
ay#3SG
dänh#at
k'ahmann'#morning
ts'iiniin#child
nday#where
nee-#1PL.P. 'eh-#3SG.S:Ø.IPV:H. nih#say:IPV
ah-#NTRL. degn'#up:ALL
nel-#3SG.S:QUAL:DH.PFV:L. gąy#be.dry:IPV:NOM
a-#NTRL. nogn#upland:AR
ay#3SG
he-#3PL.S:Ø.IPV:Ø. dąy#do:IPV:NOM
ay#3SG
de'#if
le'#IGN
a-#NTRL. dogn#up:AR
y-#3SG.S>3SG.P. eh-#3SG.S:Ø.IPV:H. nih#say:IPV
niithaadn#long.time
nee-#1PL.P. k'e#like
shyii#in
hugn#etc.
ay.tl'aan#AND.THEN
y-#3SG.S>3SG.P. eh-#Ø.IPV:H. nih#say:IPV
nts'ą'#and
ch'a#FOC
ay.eh#AND.THEN
iin#PL
k'it#on
y-#3SG.S>3SG.P. eh-#Ø.IPV:H. nih#say:IPV
aa-#3SG.S:AA.IPV:Ø. haał#SG.go:IPV:PROG
hu-#3PL.P. ts'ą̈'#to
t'axoh#finally
ee-#3SG.S:DH.PFV:Ø. gąy#be.dry:IPV:NOM
a-#ADJC. na-#MED. dog#up:AR
tat'eey#also
s-#1SG.PSR. tsǫǫ#grandmother
łįį#dog
tiki-#OFF.TRAIL. 'ǫǫ-#OPT:2SG.S:Ø. shya'#SG.go:OPT
nts'ąą'#how
dhak-#DH.PFV:1SG.S:H. tįį#SG.die:PFV
hii-#3PL.S>3PL.P. 'eh#with
di-#REFL.PSR. che'#tail
sh-#1SG.P. eh-#3SG.S:Ø.IPV:H. nih#say:IPV
nii-#3SG.S:N.PFV:Ø. thoo#be.long.time:IPV:NOM
jan#DEM
naxat#that
noo-#IT:AR. tat-#3SG.S:INC:AA.IPV:D. łeel#be:FUT:NOM
k'a#NEG
nts'ą̈'#to
ch'-#INDF.PSR. aadeh#older.sister
eł#when
tl'aan#and
t'eey#ADVZR
ndee#where:PNCT
ah-#NTRL. dogn#up:AR
y-#3SG.S>3SG.P. eh-#Ø.IPV:H. nih#say:IPV
nee-#1PL.P. xa#for
he-#3PL.S:Ø.IPV:Ø. nih#say:IPV
ch'itay#old.man
nän#2SG
kah#for
sh-#1SG.PSR. tayy'#strength
eh-#3SG.S:Ø.IPV:H. k'aay#filet:PFV:NOM
eh#and
ena'#no
eh.tah#AND
ts'ayh#boat
d-#REFL.PSR. aadeh#older.sister
tsǫǫ#grandmother
hii-#3PL.S>3SG.P. ts'e-#PEJ. het-#3PL.S:Ø.IPV:D. niign#not.know:IPV
ti-#TIRED. at-#3SG.S:AA.PFV:D. nak#be.tired:IPV
eh-#3SG.S:DH.PFV:H. tįį#SG.die:PFV
nan'#earth
ay#3SG
łąą'#really
hu-#3PL.PSR. dziit#hearing
u-#3SG.PSR. 'aat#wife
nił-#RECP.P. 'eh#to
sh-#1SG.P. k'eh#following
dahdzäł#smokehouse
nah-#MED. 'än#out:ALL
ch'ale#FOC
n-#3SG.S:Ø.PFV:Ø. chaa#be.big:IPV:NOM
nee-#1PL.P. k'eh#like
di-#REFL.PSR. nąą#mother
ts'iikeey#children
xah#for
that#that
jah#here
ch'ale#FOC
na-#IT. hut-#AR.S:DH.PFV:D. łįį#become:PFV
ch'itay#old.man
tl'aan#and
xah#about
s-#1SG.PSR. tsǫǫ#grandmother
ha-#OUT. a-#IT. at-#3SG.S:AA.PFV:D. shyah#SG.go:PFV
u-#CON. dhih-#DH.PFV:1SG.S:Ø. niik#grab:PFV
nde'#give.me
ch'ik'eh#last
choh#big
t'eey#ADVZR
än'#away:ALL
elih#cold
sh-#1SG.P. k'eh#following
that#that
nts'ą'#and
di-#REFL.PSR. nąą#mother
gaay#small
tnih-#INC:QUAL:AA.IPV:1SG.S:Ø. hoł#spend.night:FUT
s-#1SG.PSR. tsǫǫ#grandmother
nts'ą'#to
ni-#3SG.S:QUAL:Ø.IPV:Ø. shyeeh#grow:IPV
eh#and
tąy#trail
gǫǫ#bugs
nts'ą̈'#to
tl'aan#and
du'#CT
mb-#3SG.O. ookol#NEGEX
ti-#TIRED. 'at-#3SG.S:AA.PFV:D. nagn#be.tired:PFV:NOM
k'ąy'#willow
iy-#3SG.S>3SG.P. eh-#Ø.IPV:H. nih#say:IPV
u-#3SG.PSR. t'ayy'#strength:POSS
sta-#AWAY. h-#3PL.S. jel-#INDF.S:QUAL:DH.PFV:L. shyah#SG.go:PFV
ch'itay#old.man
nts'ą̈'#to
dindiign#moose
nts'ą̈'.t'eey#ADVZR
mb-#3SG.O. ookol#NEGEX
eł#when
teejuh#kindness
tthi-#OUT. h-#3PL.S. dįį-#QUAL:Ø.PFV:Ø. deel#PL.go:PFV:NOM
y-#3SG.S>3SG.P. aa#for
hii-#3PL.S>3SG.P. eh-#Ø.IPV:H. nih#say:IPV
i-#PP. na-#IT. nii-#MIND. ch'ak-#INDF.O:Ø.PFV:1SG.S:H. thät#think:IPV
k'at'eey#NEG
nts'ą̈'#how
sta-#AWAY. a-#IT. ts'i-#1PL.S:Ø.IPV:Ø. łeegn#handle.PL.O:IPV:CUST:NOM
iin#PL
i-#3SG.S>3SG.O. tel-#INC:DH.PFV:L. tät#swallow:PFV
ǫǫ#out:ABL
du'#CT
t'eey#ADVZR
du'#CT
gaay#small
hih-#3PL.S. nįį-#N.PFV:Ø. deel#PL.go:PFV:NOM
nįį-#3SG.S:N.PFV:Ø. shyah#SG.go:PFV
a-#NTRL. dogn#up:AR
hǫǫ'#thus
hu-#3PL.P. 'a-#PP. tdah-#INC:QUAL:AA.IPV:2PL.S:H. niil#say:FUT:NOM
taadziił#common.loon
sh-#1SG.PSR. nąą#mother
that#that
hih-#3PL.S. teejuh#kindness
dih-#QUAL:Ø.PFV:1SG.S:Ø. t'eh#be:IPV
iy-#3SG.S>3SG.P. eh-#Ø.IPV:H. nih#say:IPV
n-#2SG.PSR. nąą#mother
y-#3SG.S>3SG.P. eh-#Ø.IPV:H. nih#say:IPV
n-#2SG.O. h-#3PL.S. taa-#INC:AA.IPV:Ø. t'üü#cut:IPV
ti-#INC. nįį-#3SG.S:QUAL:Ø.PFV:Ø. mįį#swim:PFV
ts'exeh#woman
dzi-#DANCE. hel-#3PL.S:Ø.IPV:L. shyeeh#do.mourning.dance:IPV
dineh#person
t'eey#ADVZR
iin#PL
tee-#3PL.S:INC:DH.PFV:Ø. deeł#PL.go:PFV
eh#and
łahtthegn.nts'¨ą'#ALL
sta-#AWAY. nuh-#2PL.O. taa-#3SG.S:INC:AA.IPV:Ø. łeel#handle.PL.O:FUT:NOM
ah-#NTRL. nǫǫ#ahead:ABL
eh#and
t'eey#ADVZR
tay'#again
du-#PROX:AR. naan'#across:ALL
noołuut#falltime
ch'itay#old.man
ay#3SG
ay#3SG
jah#here
y-#3SG.S>3SG.P. eh-#Ø.IPV:H. nih#say:IPV
hu#etc.
nu'#hole
ts'exeh#woman
m-#3SG.PSR. ǫǫsi'#name
haskeh#chief
nts'ą̈'#to
s-#1SG.PSR. tsay#grandfather
negn'#upland:ALL
hih-#3PL.S. del-#QUAL:Ø.IPV:L. 'aak#extend:IPV:CUST
na-#IT. aa-#3SG.S:AA.IPV. daał#D:SG.go:FUT
ts'ayh#boat
eh-#3SG.S:DH.PFV:H. ts'iik#be.sick:IPV
hu-#3PL.P. ts'ą̈'#to
sh-#1SG.PSR. ta'#father
eh#and
ch'i-#INDF.PSR. k'a'#fat
t'axoh#finally
tah#at:AR
u-#3SG.PSR. dzeey#heart
u-#3SG.PSR. nąą#mother
ina'#no
det-#3PL.S:QUAL:Ø.IPV:D shyaak#happen:PFV
hǫǫ'#thus
eh#with
di-#REFL.PSR. ts'iikeey#children
ts'e-#1PL.S:Ø.IPV:Ø. dį'#do:IPV
ch'a#FOC
eh#and
t'eey#ADVZR
sta-#AWAY. a-#IT. ch'i-#INDF.O. h-#3PL.S. deh-#QUAL:DH.PFV:H. tįį#handle.LRO:PFV
kah#for
įį-#Ø.IPV:2SG.S:Ø. dloh#laugh:IPV
keey#village
shiy#1SG
eh#and
k'at'eey#NEG
ch'-#INDF.PSR. aadeh#older.sister
jign#blueberry
dhih-#DH.PFV:1SG.S:Ø. dah#SG:stay:IPV
nts'ą̈'#to
ch'ale#FOC
hǫǫ-#AR.S:Ø.PFV:Ø. łįį#be:IPV
tah-#INC:AA.IPV:2PL.S:Ø. tiadn#PL.sleep:FUT:NOM
du'#CT
shiin#summer
ina'#no
ay#3SG
na-#IT. tįį-#INC:AA.IPV:2SG.S. daąy#D:SG.go:IPV:IMP
n-#2SG.PSR. tth'an'#bone
t'eey#ADVZR
t'eey#ADVZR
ti-#INC. nįį-#N.PFV:Ø. dlah#handle.PL.O:PFV
k'at'eey#NEG
jahxan#suddenly
tl'aan#and
hi-#?. 'et-#3PL.S:Ø.IPV:D. nayh#know:IPV
ts'änh#from
shoh#black.bear
ndee#where:PNCT
an#outside:ALL
ah-#NTRL. nǫǫ#ahead:ABL
t'oot'eey#but
t'eey#ADVZR
aa-#3SG.S:AA.IPV:Ø. haał#SG.go:IPV:PROG
ishyiit#there
oh#oh
iin#PL
i-#3SG.S>3SG.PSR. tthi'#head
t'axoh#finally
hǫǫ'#thus
tl'aan#and
k'it#on
t'axoh#finally
t'aat#under
t'eey#ADVZR
iin#PL
hǫǫ'#thus
y-#3SG.S>3SG.P. eh#with
hii-#3PL.S>3SG.P. k'a-#CARE neh-#QUAL:Ø.IPV:H. ta'#take.care:IPV
k'eh#like
tah#among
danch'og#raspberries
ni-#TERM. hut-#AR.S:DH.PFV:D. 'ąą#classify.CO:IPV
tah#at:AR
ch'ale#FOC
eł#when
ch'ale'#FOC
maagn#shore
ay#3SG
choh#big
ddhał#mountain
ha-#OUT. a-#IT. at-#3SG.S:AA.PFV:D. shyah#SG.go:PFV
iin#PL
dhah-#DH.PFV:2PL.S:H. tiat#PL.sleep:IPV
hugn#etc.
dahdzäł#rack
nts'ą'.t'eey#ADVZR
ena'#no
n-#2SG.O. dih-#QUAL:Ø.PFV:1SG.S:Ø. nay#say:IPV:NOM
ina'#no
t'eey#ADVZR
hel-#3PL.S:Ø.IPV:L. tsįį#seem:IPV
nts'ą̈'#to
ch'ishyaan#golden.eagle
nįį-#N.IPV:2SG.S:Ø. dat#twist:IPV
xał#sled
ni-#TERM. thaad#be.far:IPV:NOM
ch'a#FOC
tl'aan#and
ta-#INTO.WATER. y-#3SG.S>3SG.O. įh-#3SG.S:AA.PFV:H. xał#LRO.moves.quickly:PFV
da-#INSIDE. nah-#N.IPV:2PL.S:Ø. deeł#PL.go:IPV
shyiign#down:ALL
k'at'eey#NEG
na-#IT. hiiy-#3PL.S>3PL.O. e-#3SG.S:Ø.IPV:Ø. 'aał#eat:IPV
tat'eey#also
nday#where
nih#say:IPV
that#that
chaay#grandchild
xah#about
iin#PL
ay.tl'aan#AND.THEN
hu-#3PL.P. tl'a-#EXTERMINATE. ch'įį-#INDF.O:AA.PFV:Ø. xąą#kill:PL.O:PFV
gǫǫ#bugs
dineey#people
danh#at
ay#3
tąy#trail
jah#here
hiiy-#3PL.S>3PL.P. eh-#3SG.S:Ø.IPV:H. nąy#say:IPV:NOM
ts'iikeey#children
ay#3SG
chih#also
dii#what
n-#3SG.S:Ø.PFV:Ø. t'ay#be:IPV:NOM
k'eh#like
i-#3SG.S>3SG.O. dįį-#QUAL:AA.PFV:Ø. dlah#handle.PL.O:PFV
hii-#3PL.S>3SG.O. taa-#INC:AA.IPV:Ø. 'aal#eat:IPV:NOM
laa#NEG
dineh#person
iin#PL
du'#CT
i-#3SG.S>3SG.P. ts'ą̈'#to
eeł#traps
ne'#upriver:ALL
noo'#ahead:ALL
ishyiit#there
ti-#OUT. nįį-#N.PFV:Ø. shyah#SG.go:PFV
ih-#3SG.S:Ø.PFV:H. łįį#be:IPV
nday#where
tsüü#edible.root
hi-#?. in-#Ø.IPV:2SG.S:D. nay#know:IPV:NOM
nts'ą̈'#to
ishyiit#there
k'it#on
taathüh#tent
eh#and
nah-#MED. nel-#QUAL:DH.PFV:L. shyeek#handle.RO:IPV:CUST
ay.tl'aan#AND.THEN
na-#IT. n-#2SG.O. nak-#N.PFV:1SG.S:H. tiin#handle.AO:PFV:NOM
na-#IT. h-#3PL.S. tnet-#INC:QUAL:DH.PFV:D. deel#PL.go:PFV:NOM
ay#3SG
sh-#1SG.P. eh-#3SG.S:Ø.IPV:H. nay#say:IPV:NOM
tl'aan#and
y-#3SG.S>3SG.P. eh#to
tah#at:AR
t'odįht'ay#God
hah-#NTRL. 'ogn#out:AR
nih#say:IPV
na-#CONT. 'ih-#I.PFV:1SG.S:Ø. thät#SG:stand:IPV
n-#3SG.S:Ø.PFV:Ø. t'ay#be:IPV:NOM
n-#2SG.P. ełegn'#partner
eh#to
tl'uuł#rope
ch'a#FOC
na-#IT. tset-#1PL.S:INC:Ø.IPV:D. xeek#kill.SG.O:IPV:CUST
hǫǫ'#thus
k'at'eey#NEG
hǫǫ'#thus
shyiign#down:ALL
tl'uuł#rope
ts'exeh.gaay#GIRL
jah#here
ch'-#INDF.PSR. aadeh#older.sister
de'#if
chih#also
ła'#tru
sh-#1SG.PSR. ǫǫnüü#older.brother
k'at'eey#NEG
nih-#3SG.S:QUAL:I.PFV:H. tee-#INC:DH.PFV:Ø. dak#PL.go:FUT:CUST
tl'aan#and
t'axoh#finally
u-#3SG.PSR. ke'#foot
ni-#TERM. na-#IT. taa-#3SG.S:INC:AA.IPV:Ø. łeeł#handle.PL.O:FUT
dzel-#1PL.S:QUAL:DH.PFV:L. tth'iik#PL.stay:IPV:CUST
m-#3SG.PSR. ǫǫsi'#name
t'eey#ADVZR
hih-#3PL.S. deh-#QUAL:DH.PFV:H. k'an'#be.burning:IPV
le'#DUB
eh#when
t'eey#ADVZR
ts'i-#1PL.S:Ø.IPV:Ø. 'aał#eat:IPV
hǫǫ-#AR.S:Ø.PFV:Ø. łįį#be:IPV
thüh#skin
ishyiit#there
de'.kah#TO.CHECK
dee-#3SG.S:QUAL:DH.PFV:Ø. k'an'#be.burning:IPV
łą'#truly
eh#and
ts'exeh#woman
nih#say:IPV
n-#2SG.PSR. ee'eh#maternal.uncle
gaay#small
sh-#1SG.PSR. įį-#AA.PFV:Ø. ła'#hand
hǫǫ'#thus
suu#nice
shyii#in
yi-#3SG.S>3SG.O. nel-#QUAL:DH.PFV:L. jit#be.scared:IPV
t'eey#ADVZR
hih-#3PL.S. neh-#QUAL:Ø.IPV:H. tsiik#gather:IPV:CUST
na-#PRMB. teh-#INC:Ø.IPV:H. xeeł#get.dark:PFV
d-#REFL.P. aa#for
t'eey#ADVZR
t'axoh#finally
ts'exeh.gaay#GIRL
ay#3SG
łahtthegn'#ALL
nt'eh#ASRT
hǫǫ't'eey#still
sǫ'#PROH
xah#for
hah-#NTRL. degn'#up:ALL
iin#PL
hǫǫ-#AR.S:Ø.PFV:Ø. łįį#be:IPV
that#that
iin#PL
tah-#INC:AA.IPV:2PL.S:Ø. 'aal#eat:FUT:NOM
xay#winter
eł#when
hu-#3PL.PSR. ke'#foot
iin#PL
nts'ą'#and
tl'aan#and
iin#PL
tl'aan#and
that#that
eeł#traps
hu-#AR. 'ǫǫ#out:ABL
nih#say:IPV
tuu#water
na-#CONT. ch'i-#INDF.O. hi-#3PL.S:Ø.IPV:Ø. 'įįł#eat:IPV:CUST
heh-#3PL.S:Ø.IPV:H. tsay#make.SG.O:IPV:NOM
i-#3SG.S>3SG.O. deh-#QUAL:DH.PFV:H. nąyh#throw.CO:PFV
uudih#all.long
ay.tl'aan#AND.THEN
t'axoh#finally
hǫǫ-#AR.S:Ø.PFV:Ø. łįį#be:IPV
eh#and
hu-#AR.O. tah#among
ay.tl'aan#AND.THEN
tąy#trail
u-#3SG.PSR. kąy'#husband
t'eey#ADVZR
ch'a#FOC
ch'-#INDF.O. uh-#OPT:1SG.S:Ø. 'aal#eat:OPT
hiiy-#3PL.S>3SG.P. teh-#INC:Ø.IPV:H. chuudn#grab:PFV:NOM
ch'a#FOC
nih#say:IPV
na-#PRMB. tih-#INC:AA.IPV:1SG.S:Ø. daał#D:SG.go:FUT
eł#when
aanah#around
eh#and
du'#CT
kah#for
t'oot'eey#but
hanteey'#quickly
t'axoh#finally
jah#here
ay#3SG
łuugn#fish
y-#3SG.S>3SG.P. eh-#Ø.IPV:H. nih#say:IPV
na-#IT. ts'u-#1PL.S:QUAL. tal-#INC:AA.IPV:L. negn#tell.story:IPV:NOM
eł#when
k'at'eey#NEG
ni-#TERM. i-#IT. hit-#3PL.S:Ø.IPV:D. degn#PL.go:IPV:CUST:NOM
nah-#MED. 'än#outside:ALL
hǫǫ-#AR.S:Ø.PFV:Ø. łiin#be:IPV:NOM
t'eey#ADVZR
dii.xa#WHY
t'eey#ADVZR
hu-#AR.S. del-#QUAL:Ø.IPV:L. donh#be.noise:IPV
tay'#again
hǫǫ'#thus
gaay#small
y-#3SG.S>3SG.P. eh-#Ø.IPV:H. nih#say:IPV
deh-#3SG.S:QUAL:Ø.IPV:H. 'įh#do:IPV
hǫǫ-#AR.S:Ø.PFV:Ø. łįį#be:IPV
t'eey#ADVZR
t'oo#however
u-#3SG.PSR. ts'iiniin#child
-#1PL.S. hǫǫ-#QUAL:QUAL:Ø.IPV:Ø. heey#speak:IPV:NOM
dį'#do:IPV
that#that
hǫǫ-#AR.S:Ø.PFV:Ø. łįį#be:IPV
tl'aan#and
hi-#?. 'ish-#Ø.PFV:1SG.S:D. nąyh#know:IPV
t'eey#ADVZR
tthi'#head
n-#2SG.P. tl'a-#TO. hii-#3PL.S>3SG.O. taa-#INC:AA.IPV:Ø. 'aal#classify.CO:FUT:NOM
aan#come.in
na-#IT. 'eh-#3SG.S:Ø.IPV:H. gąy#be.dry:IPV:NOM
ay#3SG
dįį-#QUAL:Ø.IPV:2SG.S:Ø. nih#say:IPV
shyi'#meat
hugn#etc.
sh-#1SG.P. eh#with
dii.xa#WHY
nts'ą̈'#to
dį'#do:IPV
chinh#flat
ndugn#where:AR
iin#PL
hǫǫ't'eey#still
ee-#3PL.S:DH.PFV:Ø. dlah#classify.PL.O:IPV
t'eey#ADVZR
t'oot'eey#but
ee-#3SG.S:DH.PFV:Ø. gąy#be.dry:IPV:NOM
ay#3SG
hu-#3PL.P. 'eh-#3SG.S:Ø.IPV:H. nih#say:IPV
ayaah#yucky
sh-#1SG.P. eh#with
ndehdą'#when:PST
t'axoh#finally
łįį#dog
hu-#AR.S. ut-#3SG.S:OPT:D. shyah#SG.go:PFV
t'eey#ADVZR
t'eey#ADVZR
ndehde'#when:FUT
shyįį'#only
di-#REFL.PSR. nąą#mother
iin#PL
nah-#MED. 'ǫǫ#out:ABL
ts'änh#from
nih#say:IPV
k'a#NEG
ay.tl'aan#AND.THEN
eh-#3SG.S:Ø.IPV:H. nih#say:IPV
y-#3SG.S>3SG.P. eh-#Ø.IPV:H. nih#say:IPV
na-#IT. ta-#WATER. te-#3PL.S:INC:Ø.IPV:Ø. łeek#classify.PL.O:IPV:CUST
keey#village
hǫǫ-#AR.S:Ø.PFV:Ø. łįį#be:IPV
hugn#etc.
hii-#3PL.S>3SG.O. deh-#QUAL:Ø.IPV:H. 'aagn#sing:IPV:CUST:NOM
shyiit#in
ts'oo#spruce
hu-#3PL.P. taagn#meandering.through
ay#3SG
ch'a#FOC
shyiign#down:ALL
na'aay#bucket
tthee#rock
ay#3SG
ay#3SG
du'#CT
eh#and
eh-#3SG.S:Ø.IPV:H. ts'ay#be.windy:IPV:NOM
k'ahmann'#morning
u-#CON. ch'-#INDF.O. el-#3SG.S:Ø.IPV:L. deeł#eat:IPV
ay#3SG
hǫǫ-#AR.S:Ø.PFV:Ø. łįį#be:IPV
nts'ą'#at
nts'ą'.t'eey#ADVZR
t'axoh#finally
eh-#3SG.S:Ø.IPV:H. niik#say:IPV:CUST
du'#CT
ena'#no
teejuh#sympathy
shyiit#in
shyii#in
chuyh#down.feather
ch'i-#INDF.O. dhįh-#QUAL:DH.PFV:2SG.S:H. xįį#kill.SG.O:PFV
na-#IT. tset-#1PL.S:DH.PFV:D. deeł#PL.go:PFV
iin#PL
hi-#?. 'et-#3PL.S:Ø.IPV:D. nayh#know:IPV
k'ia'#on.account.of
ts'änh#from
nahk'ade#fish.trap
neexon'#1PL
he-#3PL.S:Ø.IPV:Ø. tsaa#cry:IPV:NOM
ts'iiniin#child
tąy#trail
uu-#3SG.S:OPT:Ø. łe'#be:OPT
naattheh#long.before
tthuugn#waterwards:AR
t'eey#ADVZR
xah#for
dįį-#QUAL:Ø.IPV:2SG.S:Ø. nay#say:IPV:NOM
eł#when
tsǫǫ#grandmother
hǫǫ-#AR.S:Ø.PFV:Ø. teel#be.wide:IPV:NOM
ntl'at#cranberry
nił-#RECP.P. 'eh#to
nday#where
s-#1SG.PSR. tsǫǫ#grandmother
tl'aan#and
iin#PL
hu-#3PL.PSR. ta'#father
y-#3SG.S>3SG.P. eh-#Ø.IPV:H. nih#say:IPV
ch'a#FOC
du'#CT
ay#3SG
he-#3PL.S. hu-#QUAL:Ø.IPV:Ø. tįįł#have.potlatch:IPV
s-#1SG.PSR. tsǫǫ#grandmother
hu#etc.
shyiit#in
dziin#day
huugn#and
ina'#no
tl'aan#and
a-#NTRL. dogn#up:AR
iin#PL
chih#also
nee-#1PL.P. i-#PP. ch'ih-#INDF.O:3SG.S:Ø.IPV:H. 'aał#feed:IPV
ch'itsay#spear
uu-#3SG.S:OPT:Ø. dla'#classify.PL.O:OPT
eh#and
nduu#where:AR
jah.dugn#THERE
di-#REFL.PSR. 'aat#wife
taagn#three
dindiign#moose
na-#DOWN. 'įį-#3SG.S:AA.PFV:Ø. 'ąą#handle.CO:PFV
le'#IGN
nts'ąą'#what
nts'ą̈'#to
ts'įį-#1PL.S:Ø.PFV:Ø. łįį#be:IPV
nt'eh#ASRT
tuu#water
iin#PL
hih-#3PL.S. del-#QUAL:DH.PFV:L. tth'ih#PL.stay:IPV
t'eey#ADVZR
dishyįį'#by.herself
hih-#3PL.S. del-#QUAL:DH.PFV:L. tth'iik#PL.stay:IPV:CUST
na-#IT. 'at-#3SG.S:AA.PFV:D. 'ąą#handle.CO:PFV
ay#3SG
oh#oh
k'it#on
iin#PL
i-#3SG.S>3SG.O. taa-#INC:AA.IPV:Ø. mbah#fight:FUT
ishyiit#there
he-#3PL.S:Ø.IPV:Ø. nih#say:IPV
tl'uuł#rope
nts'ą̈'#and
k'it#on
y-#3SG.S>3SG.P. aa#for
tthi-#OUT. dįį-#3SG.S:QUAL:AA.PFV:Ø. duuh#crawl:PFV
s-#1SG.PSR. tsay#grandfather
xay#winter
nts'ą̈'#to
tl'aan#and
chinhshyiit#pole.cache
n-#3SG.S:Ø.PFV:Ø. chaa#be.big:IPV:NOM
t'oot'eey#but
ay.tl'aan#AND.THEN
iin#PL
u-#AR. niign#the.way
t'eey#ADVZR
i-#3SG.S>3SG.P. k'eh#following
na-#IT. aa-#3SG.S:AA.IPV. daał#D:SG.go:FUT
ay#and
iin#PL
naalil#butterfly
hǫǫ#thus
eł#when
ishyiit#there
ch'a#FOC
ayt'oo#ok
eh#and
chih#also
that#that
hul-#3SG.S:AR:DH.PFV:L. 'įh#pretend:PFV
k'at'eey#NEG
ti-#INC. dhah-#DH.PFV:2PL.S:H. deeł#PL.go:PFV
nee-#1PL.O. nįh-#QUAL:Ø.IPV:2SG.S:H. 'įh#look:IPV
s-#1SG.PSR. tsǫǫ#grandmother
t'axoh#finally
na-#PRMB. tsi-#1PL.S:INC:Ø.IPV:Ø. tiign#handle.LRO:IPV:CUST:NEG
ch'i-#INDF. h-#3PL.S. dee-#QUAL:DH.PFV:Ø. 'aagn#sing:IPV:CUST:NOM
thaa-#FIGHTING. hih-#3PL.S. teh-#INC:DH.PFV:H. degn#PL.go:IPV:CUST:NOM
tąy#trail
xah#because
tsaa#cache
tl'aan#and
iin#PL
iin#PL
na-#IT. 'at-#3SG.S:AA.IPV:D. keeł#go.by.boat:IPV:PROG
tthee#rock
t'eey#ADVZR
naan'#across:ALL
iin#PL
ts'e-#1PL.S:Ø.IPV:Ø. dek#PL.go:IPV:CUST
dąą'#thus
nił-#RECP.P. 'eł#with
hǫǫ-#AR.S:Ø.PFV:Ø. łįį#be:IPV
manh#lake
nts'ą̈'#to
hu-#3PL.P. t'a-#CATCH. hee-#3PL.S:DH.PFV:Ø. deeł#PL.go:PFV:NOM
ay#3SG
ha-#ADJC. no-#MED:AR. shyugn#down:AR
manh#lake
ya-#CONT. nel-#3PL.S:N.IPV:L. xoot#PL.swim:IPV?
ts'iikeey#children
ni-#TERM. 'ih-#Ø.IPV:1SG.S:Ø. haagn#SG.go:IPV:CUST:NOM
sh-#1SG.P. aa#to
hugn#etc.
ay#3SG
du'#CT
jah#here
na-#PRMB. h-#3PL.S. tel-#3PL.S:INC:DH.PFV:L. 'üü#PL.animal.move:IPV:NOM
nts'ą'#and
ch'itay#old.man
łįį#dog
ha-#ADJC. 'aat#outside:PNCT
eh#and
ts'ayh#boat
nts'ą'#and
du'#CT
suu#nice
hǫǫ-#AR.S:Ø.PFV:Ø. chaa#be.big:IPV
tsät#wood
ay#3SG
t'eey#ADVZR
tl'aan#and
choh#big
chih#also
shyiit#there
shyi'#meat
t'axoh#finally
yi-#3SG.S>3SG.O. hǫǫ-#3SG.S:QUAL:QUAL:Ø.IPV:Ø. keet#buy:IPV
that#that
d-#PROX. uh-#AR. noo'#ahead:ALL
sh-#1SG.PSR. nąą#mother
hǫǫ'#thus
sǫ'#PROH
tsihtąy#bow
ay#3SG
t'oot'eey#but
gaay#small
shoh#black.bear
na-#IT. tset-#1PL.S:INC:Ø.IPV:D. dek#PL.go:IPV:CUST
ay#3SG
y-#3SG.S>3SG.P. aa#for
u-#3SG.PSR. ts'iiniin'#child:POSS
sh-#1SG.O. aadeh#older.sister
ch'itay#old.man
iin#PL
lah#Q
tl'aan#and
ch'ah#FOC
nih#say:IPV
nee-#1PL.O. hi-#3PL.S:Ø.IPV:Ø. dlaag#handle.PL.O:IPV:CUST:NEG
sh-#1SG.P. eł#with
hu-#3PL.PSR. shyi'#food
i-#PP. na-#SURROUNDING h-#3PL.S. dįh-#QUAL:AA.PFV:H. 'üüt#PL:animal.moves:PFV
t'eey#ADVZR
iin#PL
nts'ąą#what
nts'ą̈'.t'eey#ADVZR
tah#when
t'aat#under
ee-#3SG.S:DH.PFV:Ø. dah#SG.sit:IPV
t'axoh#finally
i-#PP. huu-#3SG.S:QUAL:DH.PFV:Ø. shyaak#happen:PFV
eh#and
nįį-#3SG.S:N.PFV:Ø. shyah#SG.go:PFV
de'#if
ay.eł#AND.THEN
tl'aan#and
that#that
hugn#etc.
u-#QUAL:Ø.IPV:Ø. dzeh'ogn#lung
taag#three
nih-#3PL.S:QUAL:Ø.IPV:H. shyeey#grow:IPV:NOM
eh#and
shyi'#food
ha-#NTRL. dogn#up:AR
tah#when
nee-#1PL.O. uu-#CON. 'et-#3PL.S:Ø.IPV:D. sii#name:PASS:IPV:NOM
tl'oh#grass
nih#say:IPV
de'.kah#TO.CHECK
ch'i-#INDF.O. dhįh-#QUAL:DH.PFV:2SG.S:H. shyii#save:PFV
dih-#3SG.S:QUAL:I.PFV:H. k'ąą#make.fire:PFV
d-#PROX. uh-#AR. noo'#ahead:ALL
nts'ą̈'#to
įh-#3SG.S:AA.PFV:H. tsayh#make.SG.O:FUT
nts'ą̈'#ADVZR
k'ahman'#morning
t'eey#ADVZR
eh#and
hi-#?. ts'i-#PEJ. et-#3SG.S:Ø.IPV:D. nayh#know:IPV
hu-#3PL.P. 'i-#PP. chi-#PRETEND. jel-#INDF.S:QUAL:DH.PFV:L. nih#say:IPV
tsin'įį#thank.you
sh-#1SG.P. eh-#3SG.S:Ø.IPV:H. nih#say:IPV
nay#say:IPV:NOM
shyiit#in
det-#3PL.S:QUAL:Ø.IPV:D shyoh#splash:IPV
na-#IT. tset-#1PL.S:INC:Ø.IPV:D. dek#PL.go:IPV:CUST
ch'i-#INDF.PSR. dänh#at
naak#eyes
degn'#up:ALL
a-#ADJC. na-#MED. shyuugn#down:AR
ee-#3SG.S:DH.PFV:Ø. dlah#classify.PL.O:IPV
tl'uuł#rope
hu-#3PL.P. 'i-#PP. huu-#3SG.S:QUAL:DH.PFV:Ø. shyay#SG.go.PFV:NOM
n-#2SG.PSR. dia'#younger.sister
ch'ale#FOC
choh#big
sta-#AWAY. a-#IT. het-#3PL.S:Ø.IPV:D. dek#PL.go:IPV:CUST
ay#3SG
du'#CT
eh#and
hii-#3PL.S>3SG.P. eh-#Ø.IPV:H. nih#say:IPV
ishyiit#there
ch'įįk'on'#dentalium
ha-#ADJC. noh-#MED:AR. shyuugn#down:AR
dą'#at:PST
t'eey#ADVZR
nił-#RECP.PSR. 'ehłaadn#paternal.relatives
na-#DOWN. y-#3SG.S>3SG.O. deh-#QUAL:DH.PFV:H. xay#drop:PFV:NOM
nts'ą̈'#and
nts'ą'#and
de'#APPR
nah-#MED. 'ogn#out:AR
sh-#1SG.PSR. ǫǫnüü#older.brother
tah#when
tl'aan#and
ishyiit#there
na-#IT. ul-#3SG.S:OPT:L. xįį#melt:OPT
ha-#OUT. al-#3SG.S:AA.IPV:L. dayh#shoot:IPV
ti-#INC. dhih-#DH.PFV:1SG.S:Ø. shyah#SG.go:PFV
sh-#1SG.P. eh#with
tl'aan#and
y-#3SG.S>3SG.P. eh-#Ø.IPV:H. nih#say:IPV
shyii#in
ayshyįį'#that's.all
nuh-#2PL.P. xah#for
y-#3SG.S>3SG.P. eh-#Ø.IPV:H. nih#say:IPV
eh-#3SG.S:Ø.IPV:H. nih#say:IPV
naxat#those
t'axoh#finally
jah#here
k'eh#like
t'eey#ADVZR
eh#and
ch'idanh#different
eh#and
nts'ą'#and
hu-#3PL.P. 'i-#PP. h-#3PL.S. huu-#3SG.S:QUAL:DH.PFV:Ø. shyaak#lost:PFV
nee-#1PL.P. naattheh#long.before
tl'aan#and
di-#REFL.PSR. 'aat#wife
k'it#on
nts'ą̈'#to
łįį#dog
hanteey'#quickly
iin#PL
jahxan#suddenly
säk#torso
k'it#on
eh#with
dii#what
k'at'eey#NEG
da-#UP. h-#3PL.S. taa-#INC:AA.IPV:Ø. dał#PL.go:FUT
tel-#3SG.S:INC:REFL:DH.PFV:L. tįį#handle.AO:PFV
na-#CONT. ch'i-#INDF.O. huu-#3PL.S:OPT:Ø. 'aal#eat:FUT:NOM
ni-#TERM. i-#IT. tset-#1PL.S:INC:Ø.IPV:D. degn#PL.go:IPV:CUST:NOM
na-#IT. shi-#1SG.O. h-#3PL.S. dheh-#QUAL:DH.PFV:H. xįį#kill.SG.O:PFV
na-#IT. huu-#3PL.O. ts'eh-#1PL.S:Ø.IPV:H. tsįį#make.SG.O:PFV
hii-#3PL.S>3PL.P. k'eh#following
y-#3SG.S>3SG.O. įh-#AA.PFV:H. kąą#be.burning:IPV
nel-#3SG.S:QUAL:DH.PFV:L. jit#be.scared:IPV
ay#3SG
ki-#UP. 'ih-#AA.IPV:1SG.S:Ø. shyah#SG.go:PFV
ǫǫ-#OPT:2SG.S:Ø. łe'#be:OPT
iin#PL
t'eey#ADVZR
duka'#OK
tthii-#INTO.FIRE dįh-#3SG.S:QUAL:Ø.PFV:H. tthay#move.LRO.quickly:PFV:NOM
de'#if
sh-#1SG.P. eh#with
he-#3PL.S:Ø.IPV:Ø. sal#holler:IPV:NOM
huug#and
sh-#1SG.P. ttheh#in.front
iin#PL
h-#3PL.S. dal-#QUAL:AA.PFV:L. tth'i'#PL.stay:PFV
eł#when
hih-#3PL.S. del-#QUAL:Ø.IPV:L. xoo#play:IPV:NOM
nts'anh'#from
du'#CT
łuugn#fish
ya-#CONT. he-#3PL.S:Ø.IPV:Ø. dak#PL.go:IPV:CUST
he-#3PL.S:Ø.IPV:Ø. tsah#cry:IPV
hǫǫ-#AR.S:Ø.PFV:Ø. shyąą#be.smart:IPV
du'#CT
ts'-#1PL.S. eh-#3SG.S:Ø.IPV:H. 'eel#trap:IPV
dinah#while
eh#and
ay#3SG
ishyiit#there
hǫǫ'#thus
dänh#at
sh-#1SG.PSR. ǫǫnüü#older.brother
k'at'eey#NEG
u-#3SG.PSR. nąą#mother
ay#3SG
i-#3SG.S>3SG.P. k'it#on
nts'ą̈'#to
dą'#when:PST
eh#with
nän'#earth
n-#2SG.O. tak-#INC:AA.IPV:1SG.S:H. dayh#shoot:FUT
u-#3SG.PSR. naagn'#eye
nih#say:IPV
łįį#dog
gaay#small
kah#for
t'eey#ADVZR
-#INDF.O:AA.PFV:D. xąą#kill.PL.O:PASS:PFV
aanah#around
tet-#3SG.S:INC:DH.PFV:D. dät#animal.runs:PFV
ay#3SG
t'eey#ADVZR
du'#CT
eh-#3SG.S:Ø.IPV:H. tii#SG.die:PFV
tl'aan#and
tl'aan#and
eh#and
tl'aan#and
t'axoh#finally
iin#PL
t'eey#ADVZR
ay#3SG
ay#3SG
de'#if
du'#CT
u-#3SG.PSR. dia'#younger.sister
hanteey'#quickly
sh-#1SG.P. eh-#3SG.S:Ø.IPV:H. nih#say:IPV
hǫǫ-#AR.S:Ø.PFV:Ø. t'eh#be:IPV
ta-#TO.SIDE. dhih-#DH.PFV:1SG.S:Ø. dah#SG.sit:IPV
nahuugn#etc.
nih-#QUAL:NEG.PFV:1SG.S:Ø. shyaay#SG.go:PFV:NOM
ay.tl'aan#AND.THEN
kon'#fire
ts'exeh.gaay#GIRL
guuy#tiny
nee-#1PL.P. ts'ą'#to
niithaadn#long.time
tüh#over
al-#Ø.IPV:2PL.S:L. deel#eat:IPV:NOM
nts'ą̈'#to
tl'uuł#rope
tl'aan#and
t'eey#ADVZR
dah#SG:stay:IPV
that#that
eh-#3SG.S:Ø.IPV:H. nih#say:IPV
mbeetsal#fish.knife
ski-#ACROSS. nii-#3SG.S:N.PFV:Ø. hąą#water.extend:IPV
ay#3SG
yi-#3SG.S>3SG.O. nel-#QUAL:DH.PFV:L. jit#be.scared:IPV
ah-#NTRL. dogn#up:AR
chih#also
ddhuugn#precious
hǫǫ-#AR.S:Ø.PFV:Ø. łįį#be:IPV
chįį'aay#axe
nah-#QUAL:Ø.IPV:2PL.S. teeyh#handle.LRO:IPV
gaay#small
ts'iikeey#children
hu-#3PL.P. 'eh#with
hi-#3PL.S:Ø.IPV:Ø. nih#say:IPV
iin#PL
ch'a#FOC
n-#3SG.S:Ø.PFV:Ø. t'ayh#be:IPV:NOM
ch'a#FOC
ts'exeey#women
jin#this
de'#if
tleegn#rotten
hah-#NTRL. 'ogn#out:AR
tah#at:AR
ts'ant'ay#devil
k'it#on
keey#village
tsin'įį#thank.you
ay#3SG
ha-#NTRL. daat#downriver:PNCT
na-#IT. hin-#3PL.S:N.PFV:D. deel#PL.go:PFV:NOM
tl'aan#and
t'axoh#finally
s-#1SG.PSR. tsǫǫ#grandmother