-i-#PST.ACY m-#MO.ACY ulih#return
mah#dan
belaha#Beleha
odu#siang
onu#apa
ouu#oh
gulu#dahulu
k-#NMLZR ingei#want -n#NMLZR
se-#SE ng-#LINKER olu#day
engat#reply
sulikng#suling;.bangsi;.seruling
nggien#di.mana
mansabm#bangsa;.macam
bakng#kalau
nubuh#kemudian
soid#di.dalam
n-#PST.ACH dabuh#fall
k-#NMLZR ingei#want -n#NMLZR
suad#story
di#di;.ke;.pada
ipus#ekor
==ga#=
lumak#lembut
ny==#=
matakng#datang
ndah#tidak
nti#ini
nu#engkau;.awak;.saudara;.anda
obu#bau
waris#keluarga
hai#juga
bunua#kampung;.benua
ndah#tidak
na#DEF
na#DEF
-supuh#menyumpit -adn#V.>.NMLZ
medoot#barang,.benda
sia#3SG.NOM
sia#3SG.NOM
ulu#kepala
nganggabm#grope.for
na.haah.na#SEKARANG
epaat#empat
ngi-#ISA.AV riaak#pull
==ga#=
si==#=
na#DEF
dii#sana
diaadn#saya
nda#mereka
inagah#naga
asu#anjing
nyu#2PL.POSS
tuadn.umur#spirit.name
aha#awak;.engkau;.saudara;.anda
nd==#BIDAK;.BUKAN= ara#ada
pisinah#Pisina
tembakng#payau,.rusa
keng-#DIR dii#sana
suub#esok,.besok
ngai#get
nu#AUX.UV -an#ISA.UV
m-#MO.ACY udukng#get.up
mekul#Michael
na#DEF
na#DEF
mah#dan
umpil#Umpil
n-#ISA.AV ouk#draw.water
malik#again
ringah#sebelum,.dahulu
i-#PST.ACY gi-#ACY.C2 libag#menghina
nti#ini
bakng#kalau
k-#ABILITY aap#dapat
ina#itu
di#di;.ke;.pada
kurakng#kurang
puruh#pulau
simbatu#one
ngai#get
miliug#tinggi
bulei#boleh
na#DEF
meg-#HAB langgar#crash
di#di;.ke;.pada
na.haah.na#SEKARANG
punga#COMPL
bakng#kalau
==a#=AWAK;.ENGKAU;.SAUDARA;.ANDA
hei#juga
diaadn#saya
bitakng#punggung
ki-#EXIST ara#ada
di#di;.ke;.pada
pudn#pun,.bahkan
manuk#ayam
mah#dan
jadi#jadi
asu#anjing
mi-#ATTR.ST sidukng#di.bawah
biag#hidup
di#di;.ke;.pada
suat#kena
i==#=
nubuh#kemudian
suhup#enough
-im-#MO.ACY -lidik#bersih.ladang
na#now
onu#apa
na#DEF
bali#rumah
sood#even.more
aha#awak;.engkau;.saudara;.anda
si==#=
ti#kita
ponuh#Ponuh
badih#parang
isah#satu
saa#isteri;.suami;.bini;.laki
ngelag#mengiris
libudn#woman
ina#itu
mv-#NPST.ACH ibis#selesai -adn#V.>.ADVRS
saa#isteri;.suami;.bini;.laki
i==#=
na#DEF
kiou#kayu
in-#PST.UV iit#bawa
na#DEF
in-#PST.UV obuh#operate.on
dia#sana
tetak#tinggal
hei#juga
ng-#ISA.AV -inggutu#cari.kutu
si==#=
ernah#tanah.datar,.dataran.rendah
daidn#jalan;.denai;.jalan.kecil
nu#engkau;.awak;.saudara;.anda
-i-#PST.ACL taruh#simpan;.bersembunyi
nd==#BIDAK;.BUKAN= ara#ada
kei#juga
m-#ISA.AV udulih#peduli
suub#esok,.besok
ny==#=
ny==#=
mengin#ingin
ng-#ISA.AV inum#minum
doot-doot#hantu.bangkit
na#DEF
i==#=
ina#itu
mah#dengan;.sama
-i-#PST.ACY matakng#datang
k-#ABILITY aap#dapat
paat#empat
di#di;.ke;.pada
mata#mata
gulu#dahulu
pelanduk#pelanduk
gulu#dahulu
na#DEF
ng-#ISA.AV eit#sabit
nu#engkau;.awak;.saudara;.anda
m-#MO.ACY buat#lakukan
pa#yet
di#di;.ke;.pada
keng-#DIR di#kepada
tangis#menangis
aa#itulah
pa#yet
na.haah.na#SEKARANG
==ga#=
se-#CONT saa#isteri;.suami;.bini;.laki
pa#yet
meng-#TOWARD arap#harap;.mengharapkan
koort#pemotong
ringah#sebelum,.dahulu
se-#SE ng-#LINKER olu#day
buh#lama;.lampau
arap#harap;.mengharapkan
na#DEF
agih#haji
tingih#Tingih
nu#AUX.UV -an#ISA.UV
babi#babi
baar-baar#sungguh
su-#CONT suad#bercakap;.mengata;.cakap
siga.lama.na#MEREKA
m-#ISA.AV ompodn#menggumpul
bali#rumah
-in-#PST.ACY m-#ISA.AV iaah#ikut;.mengikut;.berjalan.bersama.sama
ng-#ISA.AV uhubm#percobaan
na#DEF
di#di;.ke;.pada
anu#anu
teih#tapi
apuh#datuk,.kakek
aa#itulah
mati#mati;.meninggal.dunia
bangsa#ras,.suku
peg#HAVING.Xed duah#descend
diaadn#saya
ndah#tidak
dei#jangan
diaadn#saya
ginis#jenis
nga#seperti
hei#juga
tinggalukng#tangalung
saa#isteri;.suami;.bini;.laki
nubuh#kemudian
kui#kuih
li-#CONT liid#lihat;.tengok
si==#=
ringah#sebelum,.dahulu
na#DEF
na#DEF
leidn#lain;.bukan
na#DEF
dua#dua
simbatu#one
ng-#ISA.AV obuh#operate.on
hei#juga
kuiih#sana
nubuh#kemudian
ng-#ISA.AV igid#memarut
pandi#know
saa#isteri;.suami;.bini;.laki
-in-#PST.ACY g-#ACY.C2 uubm#bahasa
==ga#=
teih#tapi
mual#Mual
keng-#DIR di#kepada
hei#juga
meg-#HAB tomu#temu
otud#lutut
menoon#Menoon
umpil#Umpil
iudn#ayun
m-#MO.ACY panu#pergi.jalan
mah#dan
dii#sana
sultadn#sultan
na#nya
tembakng#payau,.rusa
m-#ISA.AV isiaa#percaya
mah#dan
ndah#tidak
sultadn#sultan
me-#ATTR.ST leid#lama
me-#NPST.ACH lou#malu
beig#air
ng-#ISA.AV uit#kulit
i-#PST.ACY g-#ACY.C2 ahut#bawa
oid#perahu
ba#EMPHATIC
na#DEF
m-#ISA.AV ori#give
-in-#PST.ACY g-#ACY.C2 isik#goyang
na#DEF
na#DEF
kiaardn.na#ada
ndah#tidak
saa#isteri;.suami;.bini;.laki
pupug#mendudukkan
uubm#berkata
na#DEF
n-#ISA.AV uart#surat
n-#ATTR.ST tuah#tua
dimpingir#sejenis.penyengat
barabm#banyak
na#DEF
ndah#tidak
gi-#CONT g-#ACY.C2 ilakng#lay.down
peg-#HAVING.XED datakng#datang
mah#dengan;.sama
==ga#=
n-#ATTR.ST tiligud#menoleh
==ga#=
si==#=
nge-#ISA.AV lanag#sadar
ihi#kami
kubukng#kubung
nubuh#kemudian
birta#khabar,.berita
obu#bau
bangsa#ras,.suku
m-#MO.ACY ulih#return
==ga#=
dii#sana
==ga#=
ny==#=
saa#isteri;.suami;.bini;.laki
sida#PLURAL
na#now
==ga#=
-m-#MO.ACY sili#replace
pi-#CAUS.AV n-#PST.ACL -iag#awake
barabm#banyak
siidn#duit;.wang
siga.lama.na#MEREKA
na#DEF
tumbuh#bertunas
berosi#dayung
inubuh#kemudian
nd==#BIDAK;.BUKAN= ou#saya;.aku
mah#dan
diaadn#saya
gah#oleh
surungan#petak
onu#apa
pandi#know
suruh#order
diaadn#saya
suad#bercakap;.mengata;.cakap
sia#3SG.NOM
ihi#kami
ng-#ISA.AV ompuh#sepupu
peranak#budak,.anak
diti#sini
ihi#kami
n-#ISA.AV -iun#memburu.dengan.anjing
di#di;.ke;.pada
-em-#MO.ACY loon#lawan
maap#boleh
suad#bercakap;.mengata;.cakap
bulei#boleh
ou#saya;.aku
tinaman#tanaman
na#DEF
su-#CONT suad#bercakap;.mengata;.cakap
==ga#=
ut#carry -ah#ISA.UV.IMP
di#di;.ke;.pada
pandi#know
dia#sana
mati#mati;.meninggal.dunia
diti#sini
belaha#Beleha
nubuh#kemudian
hei#juga
ig-#ACY.C2 boboh#mulut
suhup#enough
n-#ISA.AV -iluh#memburu.dengan.tombak
pe-#IMP.ACY g-#ACY.C2 ahut#bawa
buna#pada.sisi.lain
ndah#tidak
-i-#PST.UV belah#putus
kumut#sarung
berhei#benar
-i-#PST.ACY -m-#MO.ACY selehei#rise
m-#MO.ACY ohodn#makan
ou#saya;.aku
n-#PST.ACY ig-#ACY.C2 biakng#detached;.separated
keng-#DIR di#kepada
suluudn-luudn#selamanya
-i-#PST.ACY m-#MO.ACY ulih#return
di#kepada
na#DEF
sia#3SG.NOM
peranak#budak,.anak
nu#2SG.SUBJ.ACT
==mi#=KAMI
pasal#reason
tutung#terbakar;.membakar -un#ISA.UV
suad#bercakap;.mengata;.cakap
nubuh#kemudian
tutua#choice
mengin#ingin
na#DEF
tereib#Tereib
ng-#ISA.AV ueirt#mencubit
dihiti#kita
si==#=
m-#ATTR.ST olok#ketakutan
diaadn#saya
guna#guna
rigiodu#pagi
mentamang#ibu.mentua;.mertua;.bapa.mentua;.mertua
saa#isteri;.suami;.bini;.laki
na#DEF
-i-#PST.ACH mati#mati;.meninggal.dunia
mati#mati;.meninggal.dunia
n-#ISA.AV -ehat#cabut
gien#where
ki-#PET bori#give
na.haah.na#SEKARANG
tidi#dari
na#DEF
di#di;.ke;.pada
di#di;.ke;.pada
bali#rumah
-i-#PST.UV sugah#isi
==hu#=
iloodn#sangat;.berlebihan;.sangat,.berlebihan
na#DEF
dihi#kami
na#now
-in-#PST.AV n-#ISA.AV -uruk#clean.field.after.burning
punga#setelah
bonggi#Banggi
-in-#PST.ACH bori#give
ndah#tidak
haah.na#MENDEKATI
ina#itu
piriadn#pemetik.api
pandi#know
m-#MO.ACY panu#pergi.jalan
nga#seperti
bakng#kalau
saa#isteri;.suami;.bini;.laki
-i-#PST.UV p-#CAUS.AV -tabukng#fall.inside.of.smthg
ny==#=
n-#ISA.AV isih#sisik
si==#=
na#DEF
singgurua#seperti,.serupa..sebagai;.seperti;.seolah.olah
nubuh#kemudian
tembakng#payau,.rusa
tiaah#panggilan.sayang
onsi#isi
nu#engkau;.awak;.saudara;.anda
==a#=AWAK;.ENGKAU;.SAUDARA;.ANDA
totog#pasti
ki-#EXIST ara#ada
nubuh#kemudian
jadi#jadi
-i-#PST.ACY m-#MO.ACY ulih#return
buat#lakukan
naah#boleh
dioo#di.sana
betangan#call.
==ku#=
tau#know
di#di;.ke;.pada
ng-#ISA.AV inum#minum
ng-#ISA.AV ansak#menanam
m-#ISA.AV iag#hidup
na#DEF
-i-#PST.ACL km#ACL basah#basah
haah.na#MENDEKATI
mah#dan
mah#dan
na#DEF
asu#anjing
di#di;.ke;.pada
biaah#ikut;.mengikut;.berjalan.bersama.sama
ke-#ABILITY -door#hear
belaha#Beleha
sia#3SG.NOM
ayad#baik
k-#NMLZR epat#empat -adn#NMLZR
i==#=
punti#pisang
di#di;.ke;.pada
m-#ATTR.ST -panggar#sukar
saa#isteri;.suami;.bini;.laki
bali#rumah
ouu#oh
sinah#orang.Cina
na#DEF
-in-#PST.UV kiab#kipas
nubuh#kemudian
ndah.totog#BIMBANG
rua#condition
nu#2SG.SUBJ.ACT
==mi#=KAMI
diha#engkau
suat#kena
ruub#air.pasang
-in-#PST.AV ng-#ISA.AV ai#get
na#DEF
teih#tapi
na#DEF
i-#PST.AV n-#ISA.AV ipuh#fall.out
tagi#Tagi
suad#bercakap;.mengata;.cakap
sultadn#sultan
na#DEF
ki-#EXIST ara#ada
i==#=
pasal#reason
n-#ISA.AV etak#tinggal
simbatu#one
ndah#tidak
set#hanya
iskul#sekolah
siidn#duit;.wang
baah#well
jadi#jadi
na#DEF
ndah#tidak
inoo#itu
udap#lapar
utudn#bring
==a#=AWAK;.ENGKAU;.SAUDARA;.ANDA
lanjakng#periuk
ou#saya;.aku
sumbakng#sumbang
ina#itu
batag#ulat.kelapa
ndah#tidak
hei#juga
asu#anjing
paat#empat
ou#saya;.aku
ina#itu
deirdn.na#ALONE
kei#juga
ou#saya;.aku
tuni#badan,.tubuh
bakng#kalau
berhei#benar
na#DEF
si==#=
kirab#kelmarin;.semalam
suad#bercakap;.mengata;.cakap
turuk#tetangga;.jiran
sia#3SG.NOM
na#DEF
na#DEF
sida#PLURAL
osi#siapa
nd==#BIDAK;.BUKAN= ara#ada
ngai#get
engat#reply
babi#babi
hei#juga
na#DEF
nubuh#kemudian
pudn#pun,.bahkan
pa#yet
suhu#suku
==ga#=
na#DEF
gibiidn#petang.(lewat)
na#DEF
kirab#kelmarin;.semalam
==ga#=
rua#condition
deirdn.na#ALONE
tingguluh#perlihatkanlah
alih#bung
bakng#kalau
me-#NPST.ACH lou#malu
ou#saya;.aku
ndah#tidak
ou#saya;.aku
n-#ISA.AV ulus#follow
dihi#kami
i==#=
hei#juga
i==#=
ina#itu
i==#=
mah#termasuk
mi-#ATTR.ST gia#besar
m-#ISA.AV injarah#penjara
na#DEF
ou#saya;.aku
uubm#berkata
nu#engkau;.awak;.saudara;.anda
uubm#berkata
na#DEF
nentaadn.na#ALL
na#DEF
-in-#PST.ACY ge-#ACY.C2 saa#isteri;.suami;.bini;.laki
penah#meskipun
ng-#ISA.AV ohos#squeeze.to.death
m-#ISA.AV obod#memintal
beig#air
teih#tapi
soo#ular.sawa
siga.lama.na#MEREKA
otud#lutut
na#DEF
ringgit#ringgit
na#DEF
na#DEF
doudn#daun
rua#way
ndah#tidak
teih#tapi
sahit#sakit
koon#makanan
dii#sana
mengin#ingin
batag#ulat.kelapa
bunua#kampung;.benua
ki-#EXIST ara#ada
eyrat#alam.baka
deirdn.na#ALONE
na#DEF
ihi#kami
bakng#kalau
ou#saya;.aku
nubuh#kemudian
m-#ISA.AV ori#give
hiti#kita
-i-#PST.ACY m-#MO.ACY ulih#return
peg-#HAVING.XED esah#satu -adn#V.>.ADVRS
si==#=
na#DEF
m-#ISA.AV untal#throw
ndah#tidak
babi#babi
uubm#bahasa
jadi#jadi
ndah#tidak
m-#MO.ACY ulih#return
barabm#banyak
peg#HAVING.Xed santuk#bump
tina#nanti
in-#PST.UV -ega#abort
satu#satu
umpil#Umpil
pati-pati#keep.dying
nubuh#kemudian
ndah#tidak
apuh#datuk,.kakek
==ga#=
puhul#pukul
-i-#PST.ACY matakng#datang
==ku#=
ouu#oh
dua-mpuluh#dua.puluh
mata#mata
sia#3SG.NOM
kei#juga
dumah#dan
==mi#=KAMI
louk#fish
ng-#ISA.AV kuah#pergi.ke
pudulih#peduli
susuk#duri
onu#apa
leid#lama
uhubm#trial
kuit#kulit
na#DEF
dua#dua
aha#awak;.engkau;.saudara;.anda
gulu#dahulu
mual#Mual
puhul.sebelas#PUKUL.SEBELAS
na#DEF
petah#amat
ba#EMPHATIC
m-#ISA.AV iaah#ikut;.mengikut;.berjalan.bersama.sama
di#di;.ke;.pada
m-#ISA.AV -upuk#wash.(clothes)
na#DEF
doudn#daun
uubm#bahasa
==hu#=
sikiou#ubi.kayu
undakng-undakng#aturan
n-#PST.ACH dabuh#fall
kunu#kunau
urang.tuah#ketua.kampung,.kepala.desa
ng-#ISA.AV -indihut#merumputi;.menyiangi
bunua#kampung;.benua
limbuak.darat#LIMBUAK.DARAT
gah#oleh
na#DEF
bakng#kalau
na.haah.na#SEKARANG
hei#juga
upaya#upaya
mah#dan
-i-#PST.ACY m-#MO.ACY ulih#return
keng-#DIR di#kepada
na#DEF
siadn#penyu
pegah#Limbuak
poroh#mengatakan
na#DEF
tembakng#payau,.rusa
punga#setelah
na#DEF
pelanduk#pelanduk
na#DEF
inubuh#kemudian
pangan#kawan;.sahabat
m-#MO.ACY ohodn#makan
na#DEF
onu#apa
na.haah.na#SEKARANG
linggid#tombak
ki-#EXIST ara#ada
ou#saya;.aku
i==#=
di#di;.ke;.pada
nubuh#kemudian
n==#=
bali#rumah
jadi#jadi
na#DEF
di#di;.ke;.pada
di#di;.ke;.pada
mah#dan
teih#tapi
kigiaadn#Kagayan
nu#engkau;.awak;.saudara;.anda
i==#=
taik#huh
hei#juga
na#DEF
na#DEF
sikng#seperti
kimidiadn#belakang
engat#reply
na#DEF
nubuh#kemudian
poroh#mengatakan
n-#ISA.AV oluh#chase
keng-#DIR di#kepada
kusang#Kusang
anu#anu
na#DEF
separu-separu#some
m-#ISA.AV aja#pupuk,.baja
kuiih#sana
nubuh#kemudian
n==#=
g-#ACY.C2 abit#mengikatkan.
leid#lama
tetoog#agung
mata#mata
di#di;.ke;.pada
beg#kalau ina#itu
dakng#gadis
ontokng#type.of.medicinal.plant
sikiou#ubi.kayu
ndah#tidak
punti#pisang
hei#juga
loud#laut
m-#ISA.AV iaah#ikut;.mengikut;.berjalan.bersama.sama
su-#CONT suad#bercakap;.mengata;.cakap
-in-#PST.ACY k-#DESIDERATIVE ulih#return
na#DEF
padi#pokok.padi
ou#saya;.aku
tinuug#pour
betaan#call
bakng#kalau
na#DEF
ki-#EXIST ara#ada
simbatu#one
na#DEF
==ku#=
deirdn.mi#OURSELVES
-in-#PST.ACY m-#MO.ACY ilih#return
m-#ATTR.ST ayad#baik
piih#tangan
na#DEF
ki-#EXIST ara#ada
tolu#tiga
mah#dan
ambih#aih
berosi#dayung
ringah#sebelum,.dahulu
beig#air
nya#3SG.SUBJ
na#DEF
singgurua#seperti,.serupa..sebagai;.seperti;.seolah.olah
na#DEF
na#DEF
sia#3SG.NOM
nti#ini
ou#saya;.aku
peit#kran.air,.pipa
-i-#PST.ACY -m-#MO.ACY duah#descend
-m-#ACL togih#bunting;.hamil;.mengandung
kei#juga
mah#dan
nda#mereka
nubuh#kemudian
n-#PST.AV ig-#RECP tomu#temu
serangad#dasar.keranjang
dioo#di.sana
-in-#PST.AV pi-#IMP.AV biaar#bayar
mulah#zaman.dahulu
babi#babi
siidn#duit;.wang
puhul#pukul
pedang#pedang
ouu#oh
m-#ATTR.ST bisa#bisa
beig#air
sahit#sakit
na#DEF
na#DEF
mulah#zaman.dahulu
na#now
ina#itu
robi#malam;.pada.waktu.malam
in-#PST.UV ondih#buang
nu#engkau;.awak;.saudara;.anda
ihi#kami
turuh#tujuh
ndah#tidak
ou#saya;.aku
dei#jangan
m-#MO.ACY buah#lontong
romu#air.mata
in-#PST.UV ai#get
sikng#seperti
engat#reply
keng-#DIR di#kepada
na#DEF
musa#Musa
di#di;.ke;.pada
-i-#PST.ACY matakng#datang
suruh#order
n-#PST.ACH dubu#fall -adn#V.>.ADVRS
m-#MO.ACY ien#stay
i==#=
in-#PST.UV ohodn#makan
leidn#other
si==#=
ndah#tidak
na#DEF
siga#PLURAL
na#DEF
elih#anak.lelaki
mah#dan
ndah#tidak
na#DEF
==ga#=
m-#MO.ACY ulih#return
ki-#PET bori#give
meg-#HAB suad#bercakap;.mengata;.cakap
di#in
siabm#sembilan
nubuh#kemudian
simbatu#one
kiti#kita
ny==#=
mah#dan
dioo#di.sana
gien#where
sikng#seperti
na.haah.na#SEKARANG
na#DEF
malik#again
su-#CONT suad#bercakap;.mengata;.cakap
na.haah.na#SEKARANG
bubak#katak,.kodok
ndah#tidak
lanjakng#periuk
punga#COMPL
su-#CONT suad#bercakap;.mengata;.cakap
na#DEF
di#di;.ke;.pada
kerah#monyet
usikng#kucing
ihi#kami
ki-#NMLZR biag#hidup -adn#NMLZR
nggien#di.mana
m-#ISA.AV injarah#penjara
na#DEF
dioo#di.sana
bakng#kalau
deirdn.na#ALONE
na#DEF
tunggulun#Tunggulun
ihi#kami
==a#=AWAK;.ENGKAU;.SAUDARA;.ANDA
-i-#PST.ACY matakng#datang
na#DEF
m-#ISA.AV anas#memanaskan
-in-#PST.AV n-#ISA.AV uba#tuba
ndah#tidak
bali#rumah
nu#engkau;.awak;.saudara;.anda
padi#pokok.padi
na#DEF
na#DEF
pag#HAVING.Xed datakng#datang
siidn#duit;.wang
tingih#Tingih
nd==#BIDAK;.BUKAN= uhu#engkau.sekalian
sikiou#ubi.kayu
keng-#DIR di#kepada
me-#NPST.ACH damat#luka
keng-#DIR di#kepada
na.haah.na#SEKARANG
di#di;.ke;.pada
sia#3SG.NOM
ina#itu
ina#itu
i==#=
na#DEF
mah#dan
na#DEF
ba#EMPHATIC
na#DEF
==ku#=
-in-#PST.AV ng-#ISA.AV ahas#uncovered
m-#MO.ACY ulih#return
leidn#lain;.bukan
na#DEF
-i-#PST.ACY -m-#MO.ACY duah#descend
engat#reply
berengkali#mungkin
nubuh#kemudian
punti#pisang
ki-#POSS ara#ada
g-#ACY.C2 imung#gumpul;.campur;.menghimpunkan
kaah.na#MENDEKATI
na#DEF
ajukng#bahtera
na#DEF
kiaardn.na#ada
di#di;.ke;.pada
ny==#=
ou#saya;.aku
nd==#BIDAK;.BUKAN= ara#ada
onu#apa
ouu#oh
su-#CONT suad#bercakap;.mengata;.cakap
n-#ATTR.ST togih#bunting;.hamil;.mengandung
pa#yet
gien#where
-in-#PST.ACY gin-#ACY.C2 ohodn#makan
sia#3SG.NOM
na#DEF
ndah.pa#BELUM;.BELUM.LAGI;.
mata#mata
leidn-leidn#anything.different
punga#setelah
uubm#berkata
damak#damak
asal#asal
gien#where
==ga#=
na#DEF
na#DEF
ou#saya;.aku
mual#Mual
lumbuh#labu
na#DEF
==ga#=
asu#anjing
se-#CONT saa#isteri;.suami;.bini;.laki
na#DEF
tolu#tiga
na#DEF
onu#apa
na#DEF
puhi#puki
nti#ini
nubuh#kemudian
==ga#=
-i-#PST.ACY -m-#MO.ACY suak#enter
pelanduk#pelanduk
se-#SE ng-#LINKER olu#day
n-#ISA.AV utukng#terbakar;.membakar
hei#juga
bakng#kalau
si==#=
mistiih#mesti
engat#reply
ndah#tidak
-in-#PST.ACY panu#pergi.jalan
-in-#PST.AV n-#ISA.AV -iag#awake
nu#engkau;.awak;.saudara;.anda
ubiadn#Ubian
bas#pernah
tidi#dari
ou#saya;.aku
-i-#PST.UV bori#give
nti#ini
ndah#tidak
==ga#=
sikng#seperti
nu#engkau;.awak;.saudara;.anda
na#nya
na#DEF
peg#HAVING.Xed inum#minum
-in-#PST.ACY m-#ISA.AV iaah#ikut;.mengikut;.berjalan.bersama.sama
nga#seperti
m-#MO.ACY panu#pergi.jalan
n==#=
kudasan#Kudasan
na#DEF
se-#SE ng-#LINKER gerobi#semalam
ei#adu
n-#ISA.AV ibas#tetak
mentamang#ibu.mentua;.mertua;.bapa.mentua;.mertua
nd==#BIDAK;.BUKAN= ara#ada
pe-#IMP.AV nge-#ISA.AV saa#isteri;.suami;.bini;.laki
di#di;.ke;.pada
==ku#=
iit#bawa
tolu#tiga
hiti#kita