терези
це
лугь -уда
я -тӏа
нуьк -ер
чи да
лагь -ана
ча -з
кицӏ
ккӏ -ида
эвецӏ -на
берлин -ди -з
луьтквечи -ди -ни
и
кь -енва
вичин
ара да
хьи
чӏав а -л
лугь -уда
вичи -з
куьмек -да
хьа -нава
эвицӏдама -из
ана -й
нуьк -ер -ди -з
же зва
шив -ди -хъ -NULL
къач -унва -й
тухв -да
чими
за
и
фи -ин
хьа йи -ла
лагь -ана
чун
я
кьил
совсем
кьве
яда
къерех -ди -л -яй
лезги
шагьдагъ -ди -н
ча -з
ахпа
къен -ай
ма
лугь -узва
гъ -ана
ина
камран а -н
хъсан
базар -да -л -NULL
лезги
гьим
гьакӏ
а
кор-пешман
кьин
ат -ана
и
кьил
кӏан да
зу
ахъа -й зва -й -ди
ккӏ -ида
а
пачагь -ри -з
кьадар
ахъая
я
има
лугь -уда
им
гаф
за -з
пака
къапу
вич -и -н
воо
ибур -у
пачагь -ди -н
багъиш на
лугь -уда
яд-затӏ
нян -и -н
кут -ада
ахтынский
лагь -ана
ну
мукьвал
лугь -узва
стихотворение
и
за ва
са
гъ -ана
чун
къунши -яр -ни
ма
са
за -н -ни
вич -и
тамашава
рекъ -и -з
хкаж -ди -й
лугь -уда
лагь -ана
лагь -ана
иер
ак -уна
а бур а -л
чир -на
ибур -уьн
мурдар
исят да
са
ч -изва
има
хьа
кӏарас -ар
г -анва -й
за
ибур -у -ни
ава й
я
за
вефасуз
лагь -ана
ша
я
къач -уз
гьабур -и к -ай
чава ай
ма
тар а -NULL
гьа
чпин
за -з
гьа
хта -й -ла
лугь -уда
инри -з
гьуьл -уь -з
кӏан -зава -й
ак -уна
чан
кьил -е -л -NULL
акьа -из
лагь -ана
ки
хьа -нава й
а
буба -ди
ацукь -на
къенд
совет -ди -н
юлдаш -ди
хъсан
пек -ер
гьимаен -да
пата й
а
лагь -ана
араб -ар -ни
яр -ди -з
хьи
ана -й
лугь -уда
ава -й
фикир
хьуй
ви
ф -ида
сад а
лагь -ана
вири
са
пад
я
ава -тир
хьа на
ф -ида -й -вал
хьа на
ам
фикирайдалай
ф -изва
лагь -ана
луьткведаваз
лагь -ана
лугь -уда
азербайджан -ни
хта -нава
за -з
гила
хьа -ана
ракъ -уда
айван -ди к
та зва й -ди
икьрар -ди -л -ай
за -з
лугь -уда
гевгьер -ар -ни
къулдур -ни
хт -анва
ий -ин
стол -да -л -NULL
гъ -ана
чубан -ди в -ай
сакӏани
лугьу -рай
къарагъ -да
берлин -ди -з
я
и
винел
им
кан -и
хъсан
и
им
жув а
рахкъур -нава
са
лугь -уда
ч -ида -ш
буба -ди -н
хьайитӏа
ат -ана
американ -яр и
шоллар дай
гьана
акъат -на
хьа на
лагь -ана
иер
са
ижаза
а
накьв
акъат
къени -вал
ахьтин
г -ана
къе.йиф -из
ибур -ни
хьа -ана
и
лагь -ана
и
кӏвал -е -NULL
чи
за -з
эциг
гьада -ни
вун а
кар
гъел
ата й
за -з
бала
лагь -ана
чун
тахтун -а -л -NULL
гьа
жугъ да
булах -да -л -NULL
вун а
кӏан -зава
ваз
и
кукӏв а -л
мицид
са
и
хт -ана
ваъ
я
руш -яр
мад
ф -ена
же зва -ч
кӏан -зава
пулдал -ди
лугь -уда
аял -ар
гьалт -да
и
ф -ена
чун
я
лагьа на -й -ни
ахират -ди -н
хъсан -вил -ер
тир
эгекь ай -ла
пат а -з
ат -ана
кьве
сад лагьа.на
шуькуьр
дарман -ни
яд
мад -ни
руш -а -л -NULL
къени -н
велибег а
хкадар
гва -з
гьа
хт -ана
це
чна
и
халу
и
яд
зун -ни
са
лугь -узва
иер -ди
эхир
гьаят
экъецӏ -на
са
хьуь -из
ч -ида -й
же да -ч
молодой
иер
цӏыцӏ
хьа -нава
таран
ааа
са
вуч
сабурлу
дуьз
и
ва -з
ибур
диде -ди -н
чна
икьван
са
и да -з
кӏвал -е -NULL
и -м
хва
кицӏ
и
юкъ -у -з
ахпа
за -з
къарагъ -на
им
са
къатк -ана
я
и.вахтун да
вине -л ай
экъечӏ -на
ат -ана
тир
анжах
фи -ин
аял -да -л -NULL
йис -а -л -ай
за
гьикӏятӏана
гьеле.бил
элкъв -ена
машин -ди -з
зи
звериз-звериз
жагъур на
чир хьа на
мехъер -и -хъ -NULL
руш -а -л -NULL
бере -да -NULL
кӏадар
гьана
къеле -ди -з
алат -да
са
ӏ8
ава й
тамаш -на
ама
беес
и
седакъетли
гъил -и -н
и
ахъат на
белке
а
вахт
хьтин
зун @@@
чун
ягъ -ана
станция
шаир -ри -н
югъ
охран а
са
руш
акахь нава й
хт -анва
къе -н -и -н
ава -з
хуш.къве да
пармак -ни
диде -ди -з
тек
акъуд зава -й -ди
кьван
тарих -да
политика -ди -к -ай
гила
гьим
вири -ни
ф -ида -й -ла
буй
пачагь -ри -з
яр
гагьат -зава
накьв
зу
ягъ -ан
маса
буш
къеле -ди -в -NULL
фургъун -ни
гьа
ава й
хьи
экуьн -е -хъ -ди
гьалт на
садра -ни
ча -з
фе на й
мад
т- ак -урай
исабала -ди -н
за
гьа
ала
лугь -уда
шей -ни
гьана ра
руш
значит
ф -ена
и
ада
шуькӏуь
ава -й -ди
чна
я
я
туш ир
са
ала й
ани хъ
дастан
лугь -уда
лугьу -из лугьу -з
ана -й
бес
чун
акъах -на
ки
хъсан -ди к
ина
вах
экъецӏ -ай -ла
хьи
ам
ча -з
ани -з
рекъ е
седакъет
лагь -ана
лугь -уда
са
мугьубат -ди -н
ата -й -ди
хта -нава
накьв
пара
эрекь
за -з
ф -ена
тир
чӏугва -из
садрахъ -ни
лагь -ай -ла
гьикъван
пачагь -ди -н
жи
хьайи -ла
ата -й -ди
лагь -ана
гьат -на
муаллим -ди
я
эвера
вал -ар -я -й
ша
диде -ди -л -яй
я
гада -ди -з
руш
руш -а -л -NULL
за -з
я -тӏа
къалур на
домкультура -да -NULL
яргъал
гъил -е -NULL
ээээгь
гъ -ана
шикил
къ -уна
цай
ам
гьуьл -уь -н
гьана -л
демели
кӏвал-югъ
шей -ни
ава -й
фе -нава
ктаб да
ма
бес
хкве зва -ч
кӏараб -ни
ф -ида
ашукь -ди -з
хъув -уна
хуьр ей
и
къваз -на
и
хьа на -ч
ну
сувар -и -н
ви
лагь -ана
куьмек -да -тӏа
гьааа
ат -ана
ибур
гада -йр -и
ида
руш
ма
ий -изва
бес
рекь -е -й
безханум а
ат -ана
хьир
чун
лагь -ана
за
мизан -ди
бебир
пек -ни
кутӏура
ахкъач
ахпа
тапарар зава -тӏа
гьисаб -зава
я
ат -ана
ибур -и -з
чун
ковш
и бур
кицӏ
же да
чи
гьадисе ни
гьиниз
са
ки
кутунва й бур
хьа на
кьисмет -да -NULL
ма
конечно
ава -й -ди
же да -й тир
ф -ида
и бур -и -н
яд
фи -н
пуд кьуд
я
кицӏ
сонра
вич и -н
цав -а -л -ай
тахтун -а -л -NULL
има @@@
лугь -уда
г -анва
кӏел -ай -ла
ида -з
ама
гьахь из
сад лагьай
лагь -ана
жуз
гьада -з
гьа на
ана -р -из
гьахь -ин
гьич
лугь -уда
хт -ла
къвед
эциг ай -тӏа
рафик а -н
кавалерар
икьван
хпер
гьат -на
пака
хвеши
руш а -хъ -NULL
кьил -е -л -NULL
къуьне -л
ки
диде -ди -н
-ча -з
гъил -я -й
са
жув а -н
вич и -з
хкаж на
ибурни
гада -ди
луьткве
жуьт
хьа йи -ла
арзу
мез
исят да
хъсан
ат -ана
ана
ашукь
гьа
хьур ай
за
атӏ
и -м
вац -ра -NULL
буба -ди -хъ -NULL
вич
сутка
вак -ар
гьам
ацукьар -да
вун
руш
вил -и -к -ай
иеси
мама -ди -з -ни
цӏугъвена
агъи да й
хъ -ч
цай
и
балкӏан -ди -н
чукотский
лугь -узва
хьа на
хьа на
лагь -ана
сад
сад а -з -ни
ша
са
иеси
юкъ -у -з
граница -ди -з
къуьн -е -л -NULL
чан
гьа
лагь -ана
лагь -ана
гада
шей -ни
адет
ч -ида -ш
маса
ида @@@
къийи
кӏурцӏул
иви -ди
такси -ди -з
ма
лагь -ана
гада -ди -н
я
воо
тагиев
дастан
бес
мугьарибе
са
кӏан -зава -й
чун
гьада
и
са
къваз -на
ат -ана
лугь -уда
акур -ди
яб.акал -енма
вил -ер
газет -ди -н
акв -азва
жув а
тир
кӏан -зава
я
ки
ала -й тир
диде -ди
гваз
ама @@@
чи
лагь -ана
лагь -ана
хъфе -нава -ч
агакьара
и
инсан -ди
дуьз
по
яд
ат -ана
вуш
эхир
кӏан хьа й ила
эгьтибарсуз
я
акъат -зава -ч
кӏвал -е -NULL
вич и -з
йиф
къазах -ди -н
ханум а
рук а -з
я
жемят -ди -з -ни
къв -еда
гьа да л -ай
урожай
къакъуд -на
хкв -еда
эскервил -е
амни
за
ч -изва
гу да -й -ла
гада -ди -в -NULL
шапӏа -яр
куьне
за -л
дерд -и -н -ай
са
има
везият -ди -з
ф -ида
гьаят -да -NULL
икӏ
жедач
югъ
ругуд
эциг -да
т -ана
хьухь
кьван
цӏай
има -ни
коме
юлдаш
ав -уна
гьуьл -уь -н
зунжур -ди -в -NULL
а
са
вуч да
ахпа
я
ий -мир
я
къерехда -л
мама
гурвал
лугьу да -й
руш
кицӏ -ер
белке
маса
ат -ана
гила
бахшай бур
гъил -я -й
хъа на
ибурни
пачагь -ни
тереф
эхтилатар -на
ашукь -ди
жемят
хьайитӏа
абур -у -н
лугь -узва
ава -й -ди
чи
сер -ди -з
им
машин -ар
я
атана.агакьда
лагь -ана
г -анва
цӏуьд
туху зва -й
и да -н
хьтин
к -ур -вал
крар -да
са
хьуй
гъ -ида
кь -уна
военные
гьакъикъет да
вуна
къаравул -ни
къазах
лугь -уда
иеси
хьа на
г -ана
халу
и -м
аллагь -ди -з
гада -ди -ни
ахъах -ана
гада -ди -ни
руш а -хъ -NULL
г -ана
пачагь
хьа на -ч
къапина
пара
тӏимил.кьван
гьелбет да
хъфе -й да -ла -й
лагь -ана
чӏехи
еке
зи
чи
руш
хуш
шикил
жув а -з
безханум
са
лугь -уда
ф -ена
са
балкӏан -ди -н
изат на
ви
за -з
ий -ин
патав
чӏар -ни
за -н -ни
казарма -да -л -NULL
им
хт -ана
хьи
гьафте -ди -л ай
ак -ур -тӏа
руш
за
жаваб
я
буба -ди
яд @@@
хвеши
хьа
руш а -з
ама -ни
ава й
яма
зи
ван
вилик
свас
кӏвал -и -з
таран
стӏурви
чна
та- хьур -ай
лугь -уда
хьуй
и да -н
агъуз
кгъ да
пачагь -ди -н
хьа на
за
има
и
я -тӏа
кьуд-вад
солдат
маса да -н
ки
лугь -уда
хьа на
къач -уна
сонра
буба -ди -з
вуч -и -з
хьуьр -уь -н
кьимет
агакь -на
лайих
са
ноябрь декабрь -ди -н
агакь -да
эхир
я
къул -а -NULL
хт -ана
язух
а -бур
цл а -л -NULL
ахпа
ава -ни
кицӏ
къулухъ ай
зенги
агъуз
бала -яр
галаз -ни
уже
кан -зава
гьа
акъадар -на
г -айи
атӏ
чубан
пака
вун
инал
таажублу
я
сувар -и -з
лагь -ана
и
кӏан -да
лагь -ана
цӏуьд
тас
гъил -и -к -ай
т -ана
акв -азва -ч -ни
къулдур -ар
г -айи
мад
игьи зва -й
я
гьикьван
вуч -из
ана -й
и
эхир
куьче -да -NULL
кӏвал -ар -и -н
вич -и -з
зу
инра
хьа -нава -й тир
ат -ана
ф -ида -й -ла
хьи
са
бала -яр
лагер -ди -з
гьайван
кьве
лугь -узва
вилаят -ди -н
вахч
на
вуч
шагьдагъ -ди -н
кам
лагь -ана
хъсан
хта -нава
са
я
план
руш а -к -ай
пачагь -ди -н
лагь -ана
къеле
кӏан -да -ни
ава
я -тӏа
ча -л
билет -ар
чӏугва -из
кьве
тамаш -на
чна
алукӏ на
тухв -ана
чпи в -ай
и
лагь -ана
ида -з @@@
пачагь
ма
и
чна
лагь -ана
я
сад
куьзар -да
за -л
ва -з
жаваб
гьа
вун
вич -и -н
гьейет да -л
са
хьа на
чна
гьина -й
марф
вилаят -ди -з
еке
и
кьвед лагь -й
гъа -нава -й -ди
гаф -ар
гваз
пуд
хъсан
хьа на
и
кван
эвечӏ на
гьа -да -н
кат -да
суракьиз
кь -уна
элкъв -ена
ондокъкъуз -ди -з
хуьр яй
лугь -уда
за
акван
кан да
кӏвалах
вили
эвел
вуш -да
агъуз
къарагъ -на
кьулухъ
чун
гьар
за -л -яй
за -з
лугь -уда
яд
а
кагъаз
сувар -и -з
пай
а
кӏан -зава -й
аяр
себриллагь
пачагь
тир
кӏан а
руш
нур
кхь -енва
вич -и -з
ат -ана -че
ак -уна
акъуд -уьн
хва
ават
гада
талыш -ди
эвицӏ.хъийа
лугь -уда
мугьарибе
ат -ана
балкӏан -да -л -NULL
и.ара да
исят да
лугь -уда
лугь -уда
вил -ер -а -л -NULL
ша
вири
нуьмре.къве -з
рехъ
кьве
кьулухь
гада -ди
иер
яр
ч -изва -ч
ахпа
кьвед лагь -й
кӏцар
тир
катиз
чна
ак -уна
за
руш
жуьт
идани
галай
ахпа
мертеба -ди -з
зи
эгер
къвалах на
ада
чая -р
гьикӏ
ада -л -яй
лагь -ана
рекъ -е -л -ай
вич -и -н
пепе
ма
ат -анва
къваз -на
ава -й -ди
ковш
чун
вахт
зун -ни
ф -енва
кхьа на
пачагь -ди -н
лугь -уда
ф -из
ва -з
ибур
гьикӏ
ф -изва
вун а
ягъайтавур
гила
къач -уна
анжах
агъзур
аял -ар -и
ида ва -й
эвел
тамаш -на
къенд -ер
ам
чун
анал
лугь -уда
лугь -уда
хьир
и
лугь -уда
чун
зун -ни
ава -з
и да -н
патак ай
хьа -ана
къачу
ав -уна
гила
гьикӏин
я
хьуй
палкан
вун
ана
лагь -ана
патав
филан
самур
ава й -ла
хейли
рекь -из
во
вири
ама
мелим -ди
ви
муаллим -ни
накьв -ади -к -ай
луьтквечини
югъ
и
я
мад -ни
за
ахпа
ф -ида
хуьр -уь -н
руш
зи
зур -ар -ни
гьикӏ
руш -а -л -NULL
ават -ана
гада -ди
же да -й -валди
ма
лагь -ана
экъечӏ -нава
акъуд -на
зи
исят да
анжах
кӏан -да
кӏвалах -ар
эхир
вегь -ена
тир
гьа
лагь -ана
ибур -у -ни
зун -ни
тӏва
чукьуна
гъил
лагь -анва
гьам
ча -з
хьа на
вилик
лугь -уда
гьадисе -яр
ашкъи -ди к -ай
хъсан
свас -ни
ида -н
яран
вуч
ий -ида
лезги
хьа на
вич -и -н
г -ана
ак -ур -тӏа
рехъ
хьа -нава
вич -и в -ай
крар
рессам -ди -в -NULL
чӏарч -ни в
жи
куьтях -на
чун -ни
зав
палкан
а
гелер -и -хъ -NULL
лугь -уда
лагь -ана
гьада -н
ахпа
къе -ни
пата хъ
хьа на
зи
лагь -ана
кцӏар -и -з
гьуьл -уь -з
я
гъил -и -к -ай
ви
ки
и
ава -й
чира
лугь -уда
чан
жен
вири
за -ни
вич -и -н
кьакьан
купча
я
лагь -ана
са
за -ни
везир -ар
зи
къари
руш
фейитӏа
джагьан
хипер
а
лугь -уда
гьа
вак
т -уна
тӏвар -чи -з
кьве
ва -з
за -з
къерех -р -и в
яр -ди -з
хт -ана
хкв -езва -й
кицӏ
гада -ди -з -ни
ида -ни
вилик
г -ун
ида
гьа
вуч -и -з
кичӏ
и
ягъ -ана
я
пачагь
абур -у -н
гьана -л
пек -ер
къвегь -изва
ван
я
же да
диде -ни
за
за -з
лагь -ана
ибур
принцип
аял -ар
са
хъсан
лугь -уда
кьил
ана
же да -ч
руш
ак -уна
кӏватӏ
гада -йр -и
яхцур
уюн -ар
лугь -уз
ибур -ни
винел
гъил -и -к -ай
нупа да -л
яваш-яваш
ак -уна
лугь -уда
гада
илисар -да
тучир
сонра
тавур -тӏа
хъсан
пачагь
лугь -узва
ак на -ни
гьим
и
це
тамаш -на
хт -ана
бес
гьунар
гада -ди -з -ни
я
ак -ур -тӏа
лагь -ана
къач -уна
кӏан -зава
ацукь -на
ну
хьа на
шехь -ана
руш -а -л -NULL
ва
гъугъ
гьаджи
чи да
ван
вах
яхцӏур
гьана -л ай
месела
къен -ай
пара
абур -у
ахъай -на
талыш
кут -уна
ама
са
ахпа.хьиз да
ва -з
кӏвал -и -з
ашукь же да
метӏегъ
хьа на
руш
нур
лагь -ана
шумуд
вуш
хьи
кор-пешман
г -ана
чна
вад
къ -уна
мани -яр
ава -ч
ф -ида
диде -ди -з
лугь -узва -й
ида -з @@@
вутӏ
гьавайи
гъил -е -NULL
мама -ни
хьур ай
ахпа.хьиз да
за -з
сороковой
югъ
юкьв -а -й
лугь -уда
лугь -уда
гада
ама
гала -з
дуьз
гъ
ча
къуш
а -бур
къунши
хкв -еда
ша
вири
худат -ди -з
телефон
алман
вич -и -н
пуд
гьамиша
руш а -ни
ама й
лугь -уда
абур -и -з
диде
и
за
ибурузни
же да
бес
же да
пилте
руш
клуб да
хъф -ена
хкв -еда
цл а -л -ай
же да ай
кичӏе
а
ахпа
истифаде
сергьед да
гъуц -ар -и -з
эдебият -ди -з
гьа
ф -ида
ав -уна
ярх хьа на
кӏарас -ар
авуд -на
лугьу да -й
санихъ -ни
имни
гада
гада -ди -з
къв -еда
лугь -уда
кичӏе
акъуд -уьн
эвер -на
гьа
ма
мекьи
хьи
хъф -ена
зи
пачагь
сонра
рах -азва
лугь -уда
хт -ана
эхир
гьахьт -и -н
гьуьл -уь -н
ван акъуд зава й тир
хуьр -уь -н
я
за -з
яхцӏур
сонра
къалуртав -зава
эвел
бес
ам
ида -ни
лугь -уз
белке
кь -унва
ата -й -ла
я
я
зун -ни
вил -ер
къач -уда
эциг -нава
я
са
чан
гьич
пачагь -ни
накьв
лугь -уда
са
и
са
я
агъур -на
эрмени
са
чукотка да
кьимет
ма
кичӏе
жув а -н
цац -ар -а -й
мама
кӏвал -е -NULL
я
части
ава й
авайбур
т -ана
отуз-кьырх
чая -р
балкӏан -ди
гу д ай -вал
ашукь
бес
т -мир
хьа -нава
бере -да -NULL
тарих -ди -н
ахпа
руш
кьиса -ди -н
са
вич
лагь -ана
руш
ва -з
а -бур
был
гила
лугь -уда
фикир -да
я
хьа на
инри -з
гьикӏ
высоковольтный
къари
ида -ни
я
горе
муькуь
хьа на
лугь -уда
вилаят -ди -н
я
тарих -ди -н
вил
аллагь -ди -з
лугь -уда
яратмиш -ана
гьагьа
ида -н
лагь -ана
им
рекъ -и -н
тир
и
вич а -л
и -м
лугь -уда
кичӏе зва й -ди
капитан
гьефте д -л -ай
ч -изва -ч
за
аква да -й
лугь -уда
гада
гъил
дуьз
ихьтин
и
гьа
ида -н
гада -ди
гьина
гьа -да -з
са
рикӏ -е -NULL
лугь -уда
экъечӏ -на
лугь -уда
руша
хуьр -уь -н
ф -ида
ава й
и
яран
хьи
са
руш -ни
куьтягь
га -й -ди
къачу
лугь -узва
гьада -з
кьарас
фурумда
чукур ай -ла
же зва
вилаят -ди -в -NULL
зи
ибур -у
ф -ида -й -ла
служит ай -ди
гьакӏан
са
вуч
за
кӏан да й -бур
вилаят -ди -з
вегь -ида
я
эвечӏ на
чӏал -а -л -NULL
чашмиш хьа на
хьа -нава
хъув -уна
имни
гьикӏ
сонра
къерех -ди -з -ди
вирида
ама -ш
фи -ун
ала
сят -ди -з
къаз
ида @@@
ви
гьикӏ
им
лагь -ана
урус -яр
анаг
ахпа
чун
вири да
виликди
са
къулдур -ар
мухох -да -й
лагь -ана
гьабур -у
кут -унва
сырой
ооо
межлис -да -NULL
вуч
чукур -да
яд
хьа на
ф -ида
адрес
лугь -уз
галат -ана
азербайжанли -яр
лугь -уда
лугь -уда
яхцӏур
килиг ай -ла
кӏвал а
ат -ана
ибур -у
вили
ам
зун -ни
килига й -тӏа
талыш -ди
пис -вал
йисус
хьи
балкӏан -да -л -NULL
вахт -ни
гьат -да
вич
патахъ
ма
буба -ди -н
шей
араб -ар
мад
са
лугь -уда
тур
ида -ни
им
себрилла
ви
гьамам -ди -з
же да
яшайиш
хва
и
вич и -з
вуч зава
акъах -на
къач -уна
лагь -ана
тухва -нава
сура
зи
фидамаз
сонра
мад
баки -ди -з
диде -ди хъ
имни
ваъ
чир -на
хт -ана
он
ки
кака -яр
руш а -к -ай
ви
кьил
къагъ -ана
хьа на
ава й
ну
чан
ки
ий -изва
гада -ди -хъ -NULL
юкъ -у -з
пачагь
ибур -у -з
саягъ
ида -н
дуст -и -ни
ахъай -ин
пачагь -ди -н
туш
юкъ -у -з
кьуьзуь
ав -уна -ч
йис
кьан а -NULL
саягъ да
яхцур
пачагь
гьама -ни
яргъара
новгород да
балкӏан
хуьр
ина
за
я
жи
лугь -уда
къаз
мугьарибе
хьа -нава
гьан а -л
я
сабур
юкъ -у -з
катна
же да
хъв -аз
са
лагь -ана
кӏвал -ар а -NULL
хъф -ена
я
тухв -да
экъецӏ
рак
акъат -на -тӏа
акъв -аз
гьал да
къаравул -ни
и
ак -ур -тӏа
кьуд а -з
гала -з
има
сонра
ф -ена
гьабур @@@
руш
лугь -узва
ат -ана
инсан -ар
лугь -уда
ава й -ди
вири да -н
гила
ашукь хьа на
ава -ч
чӏехи д
акъат -на
гьина -й
я -ни
ягъ -ан
къазахстан -да -NULL
и
кӏарас -ар
муаллим
чан
истикан
руш
вич -и -н
лагь -ана
вахт
чна
диде -вал -ни
лугь -уда
ида -ни
вад
тир
лагь -ана
меденият -ди -н
я
руш
хкв -еда
шикил
а
ина -й
идани
ида -з
ибур -уьн
эхир
а -бур
шикаят да
свасни
гила
руш
за
алифб -ар -а -л -NULL
зун -ни
пачагь
декьикьа
пепе
са
гьат -на
инал
беш
бухгалтер
са
ленинград -ди -н
гьеле-меле
гьерекат -ар
и
ви
туш
шей
и
хъф -ена
балкӏан -ди
халкь -ди -з -ни
кцӏ -и -н
хьа йи -ди
же зва -ч ма
нефер
за -ни
лугь -уда
къене
ахъая
кицӏ
гьада
дастан -ар
хт -анва
ава -ни
пуд
ма
башламиш -на
вуш
иер
вич -и -н
са
къв -еда
ва
чун
ава ай -ди
исят да
самур
а
я
лугь -уда
папа -з
лагь -ана
туш
за -з
чун
же да
лугь -уда
кӏан -зава -й -ди
за -з
хьи
буба -ди -н
г -узва -й
са
иер
рушан бур
са
ида @@@
гьимаенда.йашамиш
кван
за
диде -ди -н
гьа
0ӏ
са
граница -да -NULL
гьикӏин
он
инсан -ди
за
самур
сад -ни
уьлуьхъар -на
самур
лагь -ана
фе йи -ди
хьи
лугь -уда
и
за
егь -езва
за -з
игила
ви
т -уна
и
кицӏ
жаван
винел
акьа -из
инсан
т -ана
эвера
бес
тухв -да
стха -яр
юзух
кӏан -зава
дяве
жуьйуьр
жаван
точно.дан
я
ани -з
хьи
и
г -уда
кьвед лагьай
за -з
сад
кӏурцӏул -ди -хъ -NULL
тӏ -уьна
ибур -и -н
пата
ну
и
гъил
чпи -з
мици
хкадар -да
чна
руш
дуьз -вал
гада
за
ви
я
фикирар -на фикирар -на
момент
кьвед лагь -й
хъувур
хьа на
и.арада
са
тир
чун
лугь -уда
ф -ена
са
призывник
са
чӏехи
мисмар -ди -к -ай
и
гъил -е -NULL
къахч -уз
элкъв -еда
чӏал -алди
тухв -ана
чун
кӏан да
лагь -ана
ава
капаш
ана -й
чан
патак ай
якьур -на
вун
я -тӏа
инрай
мах -ни
аква -ин
терези -ди -н
стрелка -ди -з
чими
са
хкве -р -ла
агакь -ар на
ава
эвичӏ -на
бес
кӏан да
залан
лезги -яр -ни
зурзун
кӏвач
са
вегь -ена
но
гада -ди -н
ва
вад
кицӏ -и -з -ни
т -уна
ана -й
жагъи зва -й
къунши -да -л -NULL
за
къажгъан -ар
за
вак
лугь -уда
хъайа
где-то
алачух -ар
мороз -ди -з
чун
гьана
ван
ф -ида
за -ни
я
накьв
кьвед.лагьай
ибур -у @@@
прямой
пара
ацукьар -да
ибур
бес
гаф
рехъ
баде
накьв -ар
ахпа
ава
гъ -ида
агала й -ди
элягъ -на
кс -ана
кьил -е -л -NULL
чун
гьаят -ди -з
муьстекъил
лопатка
вилаят -ди -з
лугь -уда
фейи -ла
югъ
вич -и -н
киник
лугь -уда
гьалт на
къерех -да -л -NULL
и
уьстуьн
лугь -уда
солдат -ар
гьакӏ
цуьлуь
кван
ахпа
гьуьл -у -н
гъил -я -й
ав -уна -ч
къуш
гьан а -л
жени
къулдур
кьил
квез
шагьдагъ -ди -н
хъсан
ава -ч
лугь -уда
лагь -ана
хьа -нава
къачагъ -ар
гъил -е -NULL
накьв -ади -к -ай
руш
эвер -да
немец -ар -и -н -ни
за
ф -ида
хв -ена
къач -уна
лагь -ана
шумуд -р а хъ
хъувур
фин
руш а -н
жер
йит -ар
ахпа
сагъ -рай
литва -ди -н
гагьат -зава
муьтлег
хта -й -ла
ча к -ай
руш
диде
гьиниз
руш
кьве
пачагь -ди -н
же да
цона
ки
лагь -ана
допрос
патахъ
же да -й
джуьт
ибур
лугь -уда
са
тамашатӏа
садан
вегь -ена
ацукьар -да
экъв -езва -й -тир
за
уборка
ин -и -з
франция дай
эрмени -ди -н
куь
чан
фикир -ди -з
тамам -ар на
тхв -ана
акъуд -на
гьада -н
лугь -узва
кьвед лагь -й
лугь -узва
ибур -у в -ай
руш -ни
тупӏал -ар -ни
и
чукур -да
ида -н
вилик
ава
кьуд-вад
мадани
ф -ена
вуч -из лагьа -й тӏа
ана
хьи
лагь -ана
инра
мирес
хьа на
тагиев а
ибретани
хуш
ибре
акъудир
вообще
хьа на
ма
за -з
анжах
лагь -ана
месела
ви
акв -азва
хьа на
телефон
тӏимил
ханум а
ахпа
ани -з
къагъ -ана
са
мад
стха -ди
имран
вахт
служит на
вач
и
лагь -ана
рехъ
за
я ни
диде -л -ай
бере -да -NULL
къари
балкӏан -да -л -NULL
сонра
чубан -ди в -ай
немец -ди
гьейет -да -й
лагь -ана
кьатӏ -изва
це
нуьк -ер -ди -з
элкъв -ена
сонра
ава -тӏа
экуьн -е л -ди
кӏан да
пачагь -ди -з -ни
экъ -езва
лугь -уда
хъф -ена
лагьа на -й -ни
амукь -на
лугь -уда
хьа на
ма
буьркьуь
кесиб
лагь -ана
палкан
лугь -уда
хъф -ена
иер
патак а ай
гъвечи да -з
къарагъ -ай -ла
кутӏан -на
тӏвар -ар
ча
лагь -ана
уьлуьхъ -из
вич
кӏан -зава
им
акур -ди
вич -и -з
ава й
гада -ди -з
вич -и
и
лагь -ана
са
вири
ят -ар
амна
са
я
хьа -ана
ки
кӏвал
ашукь -ди
эхъве на
пачагь
вил -ер
тӏвар
х -уьз
ибуру -н
чӏил -ар
са
аллагь
яхъ
хьа на
ф -ена
гаф -ар
кицӏ
руш
ча
патав
жаван
къв -еда
вун а
ава
гьабур -и -н
тир
икӏ
мехъерарна
йиф -и -з
гьат -на
я
гьа гьана -ра
сакӏани
лугь -уда
гьа
зи
кӏан да
элкъв -ена
абур -и
чак
и
цайлапан -ри -к -ай
рази
гада -ди -з -ни
а
я
лугь -уда
вахт -и -н да
къв -еда
чӏулав
чун
шеле-куьлени
пачагь
эрзе
им
ва к -яй
жуваз
ханум а
ама
яхцӏур
гада -ни
юкъ -у -з
ма
а
пачагь
вун
са
и
ф -ена
ава -з
гьуьл -уь -з
къапина
гила
х
я
элкъуьгъ
са
куь
чна
балкӏан -ди -ни
ф -изва
гуьзел-гуьрчек
айир
дуьз -ди к
ида
хьа нва
кӏвач
буба -ди -з
зейнеддин а -н
гьат нава й -ди
гьуьл -уь -н
зу
чара
йиф -и -з
хта -й -ла
тир
сонра
ибур
ты
лагь -ана
са
инсан
са
и
кьил -е -л -NULL
вуч -из лагьа -й тӏа
адаз
мад
о
имни
служит ай -ди
винел
тӏарамар -на
и
кӏурцӏул -ар
ва -з
зи
лагь -ана
я -тӏа
чка
чун -ни
ки
магадан да
акв -азва -ни
хъиж -еда
зи
гъил
лугь -уда
гьефте да
зал -да -NULL
хъф -изва
немец -ар -и -хъ -NULL
и
а
ак -уна
и
балкӏан -да -л -NULL
газет
къакъан -ди -з
юлдаш -ар -и
азербайджан
гъваш
ихьтин
ци
ихьтин
же -ди -ш
зу
лагь -ана
ибуруни
ва -з
порядок
и
экъечӏ -нава
сагъ -ар на
а -бур
мейдан -да -л -NULL
и.арада
фикир
гуьрмет -ар на
лагь -ай -ла
эрмени -ни
жуьре
лагь -ана
эвер -да
арадлай
кхьа -й -тӏа
чна
са
кӏан -и к
са
белке
руш
лагь -ана
гьа
эрзе
кь -ада -тӏа
имкан
хер
ма
тӏвар -ар
лугь -уда
кӏарас -ар
франция -ди -з
гьикӏ
хкве -р -ла
вутӏ
чун
хьи
ада -л
кицӏ -ер
кут -ада
къ -уна
куз-куз
а
ида
вич -и -н
шив
фе -нава -й
кхь -енва -й
гада
бере -да -NULL
ава -й
дакъикъа
им
звериз-звериз
кьве
чпиз.чпиз.мукьвал
гьуьл -уь -н
кӏан -зава
дахма
за
гьада -н
къ -уна
за
руш
анжах
фи зва -й
вич и -з
ктаб
жува
бес
икьван
хуьр -уь -н
рикӏ -е -л -ай
гьа
и
цва на
лугь -уда
чир.хьа на
чи
югъ
лугь -уда
а бур а -л
ив -и -з
буба -ни
хт -анва
саламат
ковш
лагь -ана
акъуд -на
чун
са
ф -ида
абунечияр
ава -й -ди
гада -ни
кьей
кицӏ
кхь -ида -й
артух
иер
лагь -ана
же да -й тир
абур
лугь -уда
хъф -ена
ава й
ки
дяве да
им
терсина
лезги
кӏан -зава
игирми
пуд
кицӏ -и -н
и
гагьат зава -ди
хьа на
вич -и
безханумаз
и
лагь -ана
ягъ -уьн
кан -и
ава
и
ваз
винел
за
кас
кӏан -зава -ч
хьуй
ара да
пачагьвал -да
хъсанди
акунгаз
гьабур -и
эскервил -е
боеприпас
ва
а
хьа на
къвед пуд
ци
кь -уна
вилик
мейдан -да -л -NULL
лагь -ана
кӏарас -ар
гьа
югъ
лагь -ана
ки -з
муькуь
гада -ди -ни
низ
кӏанагъ
гьа
гьеле
канивал
тамаш
зу
лагь -ана
чан
ча -з
лагь -ана
лугь -уда
г -ана
г -ана
вич -и -з
хт -ана
лугь -уда
запрос
агакь -на
кван
фад-фад
эгекь ай -ла
балкӏан -да -л -NULL -ни
йит -ар
затӏна
ана
иер -ди
сад.лагьа на
вич -ни
инал
са
хьи
яд
мад -ни
кӏукӏв а -л
гьуьл -е -л -ай
мани
кицӏ
руш а -н
гада
век -и -н
командир -ди
са
кӏватӏ
илиср -ин
вич
хт -ана
яраб
кӏвалах
руш
гьуьл -е -л -ай
лугь -уда
капаш -ди -н
шиле-куьле
лугь -уда
ам
комбинироват -на
за -з
инсан
вун
вич -и -з
аладар
ччувуд -ни
чун -ни
рикӏ -е -NULL
кут -уна
г -айи
кьил -е -л -NULL
са
за
же зва -ч
же зва
хуш
агъ -ана
югъ
дугъридан -ни
кьил
хьуй
им
ф -ида
тӏвар -чи -з
ама
гъил -е -NULL
ада
пел -е -л -NULL
руш
за
хъф -ида
гада
чун
вах а
куьн
хва
ава -й
ча в
гьадисе ни
ча -з
лагь -ана
хьуй
эдалет
капаш -да -NULL
лугь -уз
вири
ахвариз.фейи -ла
лугь -уда
я
хъ да -й -ла
лагь -ана
хкягъ -да
безханум
балкӏан -да -л -NULL
за -ни
шикил
девир -да -NULL
са
вич -и -н
вун а
зава
ий -ида -й
мад
булах
гьаят -да -л -NULL
акъадар -да
вуч -и -з
хуьррем
ваъ
са
лагь -ана
асул
лугь -уда
са
лагь -ана
хьа -нава
цл а -л -ай
гила
ма
и
гъваш
анай
ида -ни
лагь -ана
ат -ана
иер
я
иси
экуьн -е л -ди
тушир @@@
хкадар
къе
гьа да -н
къве -ди -й
фи -ун
стха -р -и -хъ -NULL
икьван
диван -ди -н
вил -ер
гьа
ма
къалуртав зава
чуьгъвен а ай
вич -и -н
асул
кь -уна
иер
икӏ
вили
гада
ама й
вун
ат
гада -ди -з
вилик
телефон
къапина
гевгьер -ар
мехъер -и -з
пачагь -ди -з -ни
руш
больница -да -NULL -ни
литва -ди -з
хьа на -ч
за -з
вич -и
афия
вуна
са
фе -нава -тир
къван
къваз -нава
чун
иер
ибуру в ай -ни
пачагьвализ
баку -да -NULL
ката
тир
бацӏ
гьамам -ди -з
кӏан -зава
гьуьл -уь -н
хъсан
и
и
къв -еда
рекьиз
чи да
динжар -на
векь -ер
бала -яр
бес
жуьре
тагьминан
руш а -к -ай
халкь
руш а -з
чун
зу
чи
застава -да -л -NULL
хуьр -у -з
лугь -узва
рикӏ
вири да -ла ай
къакъуд -на
ва -з
лагь -ана
хабар -ар
вич -и -н
хт -ана
арадлай
рекь -ида
тир
ацукь -да
алукӏ -да
тек
ф -ена
ибур -у @@@
са
за
гафариз
сад
я
чна
хт -ана
я
ими -ди -ни
квека й
гъ -ана
са
район -ди -з
дежурный да
а -бур
вуч -да -тӏа
я
кӏан да
лагь -ана
г -уда
кӏандатӏани
мугьубат
и
игъи да -й
ма
тфенг -ни
лагь
икьван
мама
ф -ида
агъуз
ва -з
ана
и
гьагъа да -л
са
ак -ур -тӏа
хьа йи
вун а
и
кафирдилайни
дуьз вил -и -з
я
мама
мад
анжах
чун
авур
пачагь -ди -н
чи
вич -и -н
я
же зва
са
руш а -к -ай
гьуьл -уь -н
же да -й -вал
миннетдар
ибур -ни
ава
зи
акур
чӏав -у -з
за
хвеши
куьч-кума
лагь
лугь -уда
чая -р
гвай -бур -у -н
гьалзавай
са
рекь -из
инсан
лугь -уда
накьв -ни
чая -р
гьул
куьне
чӏавуз
застава -ди -л -яй
лугь -уда
лугь -уда
ф -ида -й -ла
и
хуьр ре
чи
куьч кума -ни
лугь -уда
чун
т -ана
фидамаз
руш -ни
аял
безхануман
алата -й -ла
хьа йи -ла
цве -з
чирч да й
кьуьруьдаказ
кӏарас -ар
кӏвач
руш -ни
башда
ава ай
я
чка да -л
гьикӏ
хуьр -е -й
лугь -уда
це
къвалах -ар
граница -ди -з
ахпа
чна
магадан да
чил а -л -NULL
х -адалди
лагь -ана
лугь -уда
ани хъ
хъфе ай -ла
г -ана
хьа на
я
парк -ини -з
гьакӏ
пачагь
патав
дуьз
вич -и -з
накьв -ар
эээ
чан
бере
кутӏ -уна
пара
лагь -ана
гада
хьтин
в
ичӏер на
ава -ч
жув а
чун -ни
и
за
са
вине -л
дарман -ни
ахпа
аладар -да
арадлай
сегьне -да -NULL
ида @@@
йис -и -з
за -ни
бтр
я
къалуртав -мир
гъ -ана
т -мир
илис.хьухь
ламрал
туш
лугь -уда
лугь -уда
са
ий -изва
фин
и
галама й
агат -из
гьада
муьстекъил
ча -з
гила
акъат -на
пачагь -ди -н
севда
кӏан -зава
гъиш -ни
кут -ада
рекь -ида
хьа на
ида -з
ашукь -ди
вун а
зи
галай
хьи
къав -а -л -NULL
хьир
араб -р -и -н
къерар -ди -з
къ -уна
атана.агакьда
а -бур
анин
яр
илиср -ин
гагьат -зава
къерех -ди -з
отпуска
хт -ана
вахга на
ина -й
цӏуьлуь
же да -ш
кӏанчӏ -ина -л -ай
вад-ругуд
жибин -да -ай
са
балкӏан -да -л -NULL
чка -ди -к -яй
гъил -е -NULL
гада -ди -в -ай
ина -ра
чна
хьа -нава -й
философия
хкадар -зава
вун
хьа на
ахпа.хьиз да
им
меслят -ди -в -NULL
са
пачагь
отношение
за
ча -л
хьа на
ваъ
себриллагьахъ
рикӏ -е -л -ай
пака
патай
хьи
же зва -й тир
ина
меслят
кӏан хьа й ила
хъий -ида
гьуьзуьр -ди -н
ида @@@
акъадар -да
лугь -уда
къай -и
инсан -ар
ахпа
чна
вун
ава ай
муаллим
хейлаг
чпин
бебир
г -уда
за -з
муаллим
хуьр -уь -з
хейлаг
пака @@@
лугь -уда
тӏимил.кьван
вегьи -ун
кӏандатӏани
алат -ана
вич
це
диде -ди -з
дуьнья
инсан -ри -н
чка
чӏав -у -з
цӏукьуд
чан
са
яда
вич
лугьу да -й
ва -з
им
хьа -нава -тӏа
тӏва
икьван
гатфар
къвед
гевгьер -ар
рикӏ -е -NULL
са
пачагь
чан
чун -ни
лагь -ана
шей -ни
польша -ди -з
и
хьа на
са
эвецӏ -на
ф -ена
ара да
г -уз
хкв -еда
ибур
гила
гьарай на гьарай на
лагь -ана
же зва -ч
югъ
за -ни
рекь -ер
накьв
лугь -уда
ида
юлдаш -ар -и -хъ -NULL
лугь -уда
ида
ахъай -зава
кь -уна
кӏан -у -з
ва к -яй
ибур -у
винел
къари
чка -да -NULL
эвлендирмиш на
анава -й
хкв -еда
кар
къазахстан -да -NULL
чи
ша
туш
илисар -нава
г -ана
хьа -й -ла
балкӏан
гаф -ар
кювет -ди -з
яд
хве на
руш
я
ф -ида
же зва
хабар
къужахда
иникъ
ибур -у
ибурни
инсан
акъатайди
тӏимил
иси
ида
кьил -е -л -NULL
гевгьер -ар
ава -ч -из
пачагь
са
пуд
териф
лагь -ана
кутӏур
хьу -й
са
вун а -ни
руш
лопатка -ди -в -NULL
лагь -ана
руш
хьи
рикӏ -е -NULL
зи
яд
чун
хв -ена
къерех дай
лейли
аку
акъв -енва
зун -ни
хъв -ана
лагь -ана
пек
им
акъадра
лагь -ана
амукь -на
самур
лугьу да -й
вун
стха -яр
жув а хъ
вири
лугь -уда
къвед-пуд
са
отпуска
вахт-вахтинда
лугь -уда
муаллим
ав -уна
лугь -узва
ава й
лугьу -ун
зи
кан -зава
тир -тӏа
са
кӏан -зава
ава -з
бес
багъиш на
рессам -ди -в -NULL
вич -и
ф -ена
кьулухъ
мах -ни
мисал
лагь -ана
чан
къерех -да -NULL -ни
чубан -вал зава -й
-вал
стрелка
за
лугь -уда
чир
вах
ки
балкӏан -да -л -NULL
фергьад
чун
пачагь
вич
са
хьуй
ава й
къулдур
хуьр -уь -н
ина -ни
и
вилаят -ди -н
кьегьел
хьа на
кӏвал а
хуьр
а -бур
вуч
тир
териф
за
са
са
зун -ни
дуьз
еке
больница -да -NULL -ни
гьуьл -уь -н
чун
аку
хьа на
чна
тӏвар-ван
им
сувар -и -л -ай
за
гада
гевгьер -и -н
лагь -ана
чна
чна
хьу на -л
кӏил
хъф -ин
иер
юлдаш
тухв -з
я
ахпа
ф -изва
гаф -ни
ава -ч -ир -ни
дейинмиш
лагь -ана
экъве да
зи
ава -тӏа
асвальт -да -л -NULL
ашукь
пачагьвал -и -з
пепе -яр
немец -ар -и -н
чна
рекьи да -й
хъиж -еда
иер
мама
зи
и
лугь -уда
т- ак -урай
рази
ва -з
руш -ни
куьмек
гьарай
лугь -узва
гьуьл -уь -н
руш
акъат -на
лагь -ана
хьа на
фикир -ар @@@
цех
хьа на
а
хъа на
идан
яхцӏур
и
я
чан
хъсан
саат -ди -н
къеле
в
и
за -з -ни
эвера
ахъа
кицӏ
ава -з
икӏа
я
ахпа
хьа на -ч
икьван
за -з -ни
ва -з
са
ама -ш
ават -ана
г -ана
лагь -ана
ак -уна
иеси
кӏан -зава -й
гьикьван
чай -ди -з
шеъ
автобус -да -NULL
бес
тӏва
ахъай -на
лагь -ана
ада
интернет
лугь -уда
mугьарибе
ада
балкӏан -ди
чун
ава -й
иер
велибега -н
лагь -ана
ида -з
а
принцип
абур -ни
шагьдагъ -ди -н
мугьубат -ди -к -ай
ида -ни
ва -з
лагь -ана
ибур -ни
хурук-хурук
югъ
гъ -ида
май -ди -з
ф -ена
жамаат -ди
кьве
кӏват -из
миллет
хьи
фин
ийи -зава
за -з
лугь -уда
гада
я
пачагь -ди -з
къач -ун
вири да -з
за
сад -ни
жув а -н
т -уна
лагь -ана
чун
кӏан да
жув а -з
има
мина
хтар -ар
передовой -ди -з
лугь -уда
гаф -уна -л -NULL -ди
ча -з
ава
икьрар
гада -ди -н
лугь -уда
дили
кь -уна
амайбур @@@
игила
вахт
бес
хъф -ена
им
гьаа
ат -ана
назир
вилаят -ди -з
гьуьл -уь -н
хьи
кӏукӏв а -л
исят да
булах -да -л -NULL
ада
хуш
гада
капитан
адахлу
ман
же зва -й -ди
хт -ана
ат -ана
ида -з
гада -ди
абур -у
егье -зава
же да
и
фасон
за -л -ай
мукьвал
къе
чун
хьа на
экъв -езва -й -тир
ахъай -да
къал ай
бели
эхъве на
кьил -е -л -NULL
лугь -узва
я
хьа -ана
немец -ар -и -н -ни
чун
гьал зва -й
куьн
ада
икьван
за
бирден -ни
бина
исят да
регьмет -ди -з фе на
вуча
ф -ена
йис
пачагь
хьа на -ч
ни
гевгьер -ар -ни
жи
ана -й
ва -з
руш
вун а
кӏвал -и -з
но
са
гьикӏ
зун -ни
жи
ф -из
ата й
яхцӏур
сад а
элкъве -из
акъат -на -тӏа
за
гевгьер -ар
чир хьа -йидилай
кье йи
ала -й -ла
куьтягь
туш
хк -ана
амукь -на
чпин
тӏвар -ни
вун
учебка -да -NULL
ф -ена
лугь -уда
къал
ихьтин
ви
машин -ни
туш
ава
гъваш
г -уда
гьамам -да -NULL
хьа на
нефес
сефер -да -NULL
гьада -з
хьи
самур -ди -н
и
дастан
лугь -уда
а
ам
хве на
са
хьу р ай
ибур -и -н
хьа йи
эээ
хкадар -зава -й
ча -з
ван
чун
къваз -нава
дербент -ди -н
гъел
ата нава гу да
ахпа
элкведиз
ки
шумуд
са
хьа -ана
яд
тахтун -а -л -NULL
лагь -ана
лугь -уда
акв -азва -й
тагу да ай
и
ругь -ди -з
ат -ана
чун
кӏан -зава -й -ди
атӏ
ава @@@
кӏан -зава -й
я
чан
малумат -ар
за
руш
гьуьл -у -н
гъанва
са
халу
ида -ни
лагь -ай -ла
къалуртав -мир
командир -ди -з
нуьмре.къве -з
ашукь
гъ -ана
луьтквечини
ам
лагь -ана
гьул
фе -нава -й
жеш
ки
вил -ер
я -тӏа
я
и
за
чун -ни
йиф -е -н
кӏвал -е -NULL
и
хьи
чун
балхун -да -й
ат -ана
къуьн -е -л -NULL -ни
только
кицӏ
яхцӏур
кӏан -зава -й
и
гада -ди -з
гъил
къаз
уьлуьхтай -ида -вал
гаф -ар
тӏвар -ни
я
вуч
гада -ди -з
вич
пара
гьа~гьа
патав
гафариз
вуч
гала -з
ив -и -з
хкв -еда
гила
и -м
ну
ана -й @@@
маса
и
юкъ -у -з
хьа -нава
и
са
хъф -ена
лугь -уда
лугь -уда
гьат -на -ч
гьуьл -уь -н
ава -тӏа
кван
ак -уна
лугь -узва
безханум а -хъ -NULL
гьа.бере да
иер
ара да
булах -ар
чна
ваъ
гъел
сефер
гьар
чирад а -з
накьв
тир
им -ни
сад
кат -ана
туш
руш
за -з
хер
ада -н
лагь -ана -ч
рах -азва
кӏвал -и -н
ава -ч -ир да -з
мерека -ди -л -ай
лугь -уда
яру
аладри -з
хъв -ан
гада
кут -ада
винел
сержант
патака ай -ни
девлет
вич -и -н
кьвед лагь -й
за -з
лагь -ана
са
цай
кьисмет -да -NULL
икӏа
акв -азва
тхв -ана
т -мир
руш -ни
жедач
чна
себрилла
къач -уна
ава й
иер
гьамбал -ар
и
алцурар -на
ф -из
лугь -уда
ки
барзу
хьурай
ава -ч
къужах -та
хьа -ана -ч -тӏа -ни
ахпа
ихьтин
за
чун
вун
гьинвайда
лагь -ана
абур -у
къ -уна
тӏвар
лугь -уда
лув.гана
пата -л а й
мад -ни
гьаниз
лагь -ана
хьа -нава
руш -ни
ина
затӏ
ида
ама
зи
ф -ена
ида -ни
лагь -ана
лугь -уда
и
эхир
икьван
за
жува-жув
эхирни-эхир
кӏватӏ
вилаят -да -NULL
акв -азва -й
физвайди
ибур -ни
яд
вуч -и -з
эциг -на
ф -ена
хуш
са
экуьн -е -хъ -ди
папа -р а -л -NULL
къв -езва
лугь -уда
игила
ий -изва
гада -ди
я
ида -ни
и
ая
рехъ
жив
гьафте -да -NULL
вуч
гада
и
вун
за
и
кут -уна
лугь -уда
чун
и
ава
лагь -ана
луьтквечи -ди -з -ни
цац -ар -а -й
акъах -на
лагь
бес
же зва -ч
къвалах -ар
диде
вун
ша
бес
ну
зи
лугь -уз
гьана -л
ив -и -з
аял -р -а -л -NULL
са
гьан а л -ай
кьуьзуь
хьа -нава й -ди
сад
гада -ди -ни
хер
лугь -уда
гьада -л ай
ара да
гьакьван
ив -и -з
акъах -да
дуьз
къе
дуьмуьш зава -ди
лагь -ана
вич -и -ни
эвер -на
севастополь да
гаф
части -н -и -з
ала й
история -р
йиф -и -з
ви -ч
и
са
чка -ди -л -ай
югъ
т- ав -унва -й
ава зва
са
чун
зу
за
сят -ди -н
за -з
лагь -ана
чун
кьиса
ча -з
ахтынский
лугь -ун -из
гьава
хьа на
балкӏан -ди -ни
кьве
сонра
хъф -изва
гат да -уьнмаз
къатк -ана
кьулухъ
килиг ай -тӏа
ци
къван
хьа на
ва -з
ваз
кьуд-вад
хьир
ну
хутх -ана
хкаж.же зва
яхцӏур
къван -ер -и -н
ф -ена
руш
вири
руш а -з
къахч -уна
вун
чи
гьиниз
хьа -нава
и
дарман
пек -ер
тир
же да
эгьтибарсуз
ида -ни
вилаят -ди -з
бес
чӏахмах -ди -н
пара
кьвед.лагьай
патаг
лагь -ана
ина
метлеб -ди -н
ацукь -зава -ч
а
чӏув -а -л -NULL
и
я
кь -енва
кьил -е -л -NULL
и
ибур -у в -ай
зи
хъв -ана
мектеб -ди -н
вун
накьв
гьуьл -уь -н
ибур -и -н
сад
чна
кӏан -зава
вуч -и -з
ссср
кьил -е -л -NULL
гьуьл -уь -н
я
а -бур
ала -тӏа
са
ф -ида
гада
ибуру
ф -ена
зун -ни
за в -ай
ханум а
исабала
ахпа
ава -й -ди
хьа -нава
гьуьл и -н кӏан -у -з
агуд -ч
ахпа.хьиз да
диде -ди -н
бес
мин
кван
руш а -з
ф -енва
белке
руш
за
туш
и да -н
ваха -ни
лагь -ана
я
ф -ена
хт -ана
идани
са
са
кӏурцӏул -ар
ахвар -из
куьтягь.хьа на
шад
чун
за -з
и
ак -ун
гевгьер -ар
ки
авур
тх -уз
лугь -уда
ча -з
ма
тфенг
ам
лугь -уда
рекъ е
тӏва
яхцӏур
ча
зи
гьуьл -уь -н
къве да -й
муьжуьд
кӏан -зава
газет -ди -н
гуя
а
дербент -да -NULL
къ -унва
ама -й -ди
сувар -и -н
кан -зава
юкъ -у -з
ахпа
во
г -ун
и
кутӏан -на
ида -ни
докъкъузюз
мах
сад
кьил -е -л -NULL
иви
къул а -н
са
за
кӏан -зава
фе -ин
же зва -ч
лагь -ана
бахтавар
фи -ун
чун
пичин -а -л -NULL
чун
акъадра
хьи
ала й
и
за -з
лугь -уда
им
лугь -уда
тир
за
баки -да -NULL
хир
лагь -ана
г -уз
бере -да -NULL
варц -ар -л -ай
гьамиша
къван га на
са
зи
са
ва -з
кӏвал -е -NULL
кут -уна
не
икӏ
за
а
кӏвал -и -з
чуь -ди -з
зид
вун а
агакь -на
ял
ки
акъах -на
гъил
руш
акъваз да й
чира
я -из
къве
гьуьл -уь -н
я
кьван
ида
лагь -ана
бес
хуьлуьхъ
ибур
я
пачагь -ди -н
кат -да
къайинене -ди -ни
аш -ар
гьабурузни
ва -з
кьве
рехъ
кӏурцӏул -ди -з
кьван
ф -ена
са
гьуьл -е -л -ай
лув.гана
кеф
алукь на
гьим
гьам
вич -и
ина
патак ай
сара -яр
гаф -ар да -й
гьана
шагьдагъ -ди -н
же -н
лагь -ана
хьа на
хипреин-малар
гьутӏа
иер
гада -ди -н
граница -яр
садни
сонра
ф -ида
патав
гада -ди
ий да
гьуьл -уь -н
исят да
голландия -ди -з
хьи
къван
текче
литва -ди -н
ава -й
ам
яд
маса
пака
хала
кӏвал а
гьуьл -уь -н
егь -ез
кь -уна
тухв -да
ава
юкъ -у -з
къеле -ди -з
и
югъ
и
кьуьлер на
са
элягъ -на
окружения -да -NULL
къеле
уже
вуч
амукъназ
ала
чӏехи
са
ава -й
тарих -ди -н
и
буьркьуь
иер
руш -ни
дуьз -вал
ашукь -ди -з
хъсан -ди к
шей -ни
за -з
тунва
лугь -уз
кӏан -зава
ва -з
иер
йухламиш
ф -ена
са
гьагь
ярар дуст -ар -и -з
кь -ена
ва -з
низ
ибуру
хьа на
са
угъурсуз
ана
кь -ена
лагь -ана
чан
кь -уна
эскервил -е
ам -азма
къал ай
я -тӏа
хьа -ана
галат нава й тир
за
чун
хьа на
ихьтин
хьа на
эвел
регьмет -ди -з
къачу
ча -з
тир
эвицӏ.хъуву на
он
пака
къен е
чун
немец -ар -и
йисус
баде
лугь -узва
ф -ена
чан
ихьтин
чка да -л
хьи
са
т- ах -урай
гада -ди
мина
ахъая
вобщем
гила
и
мад -ни
руш -ни
и
и
элягъ -на
ваз
це
хьайитӏани
зи
вун
ада -н
стха -яр -ни
ана -й
чан
ф -ена
ки
хьухь
ава й
лугь -уда
лугь -уз
рикӏ -и -з
хьа на
са
са
хъф -ена
пара
лугь -уда
а -бур
вири
ида
шей
руш -а -л -NULL
ф -ена
анал
чи
вахгун
ини -з
вун
тухв -ана
тухв -да
са
чка -ди -з
седакъет
са
хьа
элкъв -ена
икьван
къе
чна
лугь -узва
жаван
къеле -ди -н
седакъет
къач -уда
шеъ
хва
кассет
хт -ана
вутӏ
гевгьер -ар
са
хпер -и -н
къв -езва
лагь -ана
лугьу да ай
пара
аял -ар
т- ий -ин
ахпа
им
гила
руш -ни
вири
ив -и -з
руш
же зва
лугьу да -й
жеда -ш -ни
лугь -узва
эхир
цӏыцӏ
вуч
кӏвал -и -з
за -з
хийир -ни
бере -да -NULL
къвед
гьа
ахпадиказ
ини -з
ибур
егье на
гьа
са
за
ватан -ди -з
а -бур
кьве
руш а к -ай -ни
ий -мир
тӏарар -да
но
гьат.тавур -ди
вахт
за
гада
фи -зава
ибуру
капаш
ва
вил
лагь -ана
хьа на
вуч
гьуьл -уь -н
отдыхат -из
элкв -ена
да
къуш
тир
дин
пачагь
беса
лагь -ана
хкер -ла
ада
акъве узва
эламет -ар
межнун
вич
алукӏир -ла
кӏан -зава
накьв -ни
чна
вине -л ай
кьуьзуь
ки
ибур -у -ни
ама -ч -ир
уже
мелим -ди
лайих
фад-фад
къе.йиф -из
а
вац -ра -NULL
хъсан
калтуг на
векил -ар
вил -ер
межлис
са
сонра
им
эсас
район -ди -з
вич -и -н
лугь -уда
мукьва
лугь -уда
кьил -е -л -NULL -ни
машин
я
зу
там
къен е
и
я
вахчама
саниз
кан -и
ял
кӏан да
пачагь -ди -н
кат -ана
ча -з
гьарай -зава
ава ай
гьуьл -и -в -NULL
лугь -уда
руш -ни
дарман
я
ша
винел
вун
лагь -ана
за хъ
лугь -уда
гьикьван
ки
гьат -на -ч
ф -ена
маса
са
къари -ди -н
я
им
гьайван -ар
цав -а -л -ай
эвера
вун
эциг -да
абунечияр
бес
им
хта -нава
и
са
лагь -ана
гада
тир
гъилев а -з
лугь -уда
кӏан -да
я
са
ман
гъ -ана
за -з
пад
юкъ -у -з
мугьубат -ди -н
аял -ар
ахьтин
рекьиз
къуш
хьиз
же зва -ч
кан -и
урожай
ва -з
дагъустан -ди -з
кан -и
кь -уна
гуьзел бур
звание
тарафар а -NULL
икьрар
я
лагь -ана
пачагь -ди -з
хвеши
им
квез
кьван
тир
инсан -ар
гьафте д -л -ай
хьайтӏани
же да -й тир
пачагь -ни
кӏарас -ар
къач -уна
вири
са
муаллим -ди
гьа
хъф -ена
сад
и
тухурла
къакъат -на
тахьу -р ай
са
жув а
лагь -ана
тухурла
краз
ва -з
я
жаван
я
дуьз
гъваш
диде
лагь -ана
пуд а
вуч
кхьи
гъвечӏи
ва -з
лагь -ана
т- ий -из
за -л
гьан
я
агъур -на
экечӏ -зава
мейдан -да -л -NULL
араб -р -и -з
хъсан
зи
вич -и -н
лагь -ана
руш а -в -NULL
лугь -уда
ама
ки
хьи
хьи
и
кьил -я -й
и
чун
я
гагьат -зава
ибур
гила
акван
т -ада -й
са
цац -ар -и -в -NULL
са
тӏа
къур -ай
акъуд -на
и
им
ханум а -в -NULL
гьарай
нек -еди -к -ай
ида -н
жив -еди -н
им
акъах -да
и.ара да
дежурный -ди -з
гада -ни
ам
ма
гудайла
гьана ра
тике
за
лагь -ана
руш
я
цуьгъвен -ла ай
цав -ар -и -з
я
эвер -на
хьа на
ихьтин
вахг -ана
г -уда
же да ай
ва -з
хъсан
и
и
лугь -уда
кье йи
ашукь хьанвай
верегъ -ар
хкаж
са
булах -да -л -NULL
къурмиш -да
сад
пек -ер
г -узва
чун
даха -ди -хъ -NULL
и
гуржистан -ди -з
экъецӏ -ай -ла
ф -ена
ваз
са
и
ваъ
гъил -я -й
алат -да
и
илисар -нава
г -узва -й
руш а -н
акв -ада
алкӏ -на
яд
амукъ зава
капаш -да -NULL
бацӏ
г -уз
ацукь -на
и
белке
эхирни-эхир
хвеши
за
ава
экъечӏ -на
я
гьа.бере да
инал -ни
къач -уна
къалай
лугь -уда
лагь -ана
хьа на й
хьа на
гьич
гьуьл -уь -н
ф -ида
хьи
ман
има @@@
акъат
лув.гана
ругуд
а да -з
эхир
г -уз
цва на
къери
г -ун
руш
тфу
гевгьер -ар
уьчуьн
алукӏир -ла
гьикӏ
за -з
ава
кӏукӏв а -л
са
вуч -и -н
ленинградом
г -ана
вич -ни
ахъай -ин
са
алат -ана
чун
лагь
къал -ди
вегьши
къачихъ
бес
я
вун
фикир -ар @@@
кут -унва
им -ни
ат -ана
жи
руш а -з
муаллим
лагь -ана
гьамам -ди -з
зун -ни
ав -уна
жи
ида к -яй
гъ -ида
экв -ез
ахпа
и
кӏарас -ар
ф -ида -й -вал
ф -ена
г -уз
туш
же зва -ч
за -з
цав -ар -и -з
кӏвал -е -NULL
ахпа
тӏун
хвеши
чӏехид
гаф -ни
ф -ена
вун
гила
руш
жемят -ди -з -ни
хт -ана
лагь -ана
аяр бур
хьа -ана
кицӏ
палкан
вич -и -н
къ -уна
таву р
хьуй
са
пара
гваз
жув а
векил -ар
шикил
саша
жув а -з -ни
хт -ана
пенжер -е -NULL
лагер -ди -з
гевгьер -и -н
ва -з
россия
и
югъ
гъел
акв -азва
ахъат -зава
исабала -ди в
зун @@@
гъил -я -й
гьин
яхцӏур
ялама -ди -ни
има @@@
вуч
ша
акв -азва
ак -тӏа
ихьти -н
жемят
ибур -у
цӏай
жув а -н
ахпа
азербайджан
я
я
еке
хьа
а
терсина
и
акуна
и
вири
инсан -ар
ава й
кицӏ
хьа на
са
ава й
специально
лугь -узва
гада
са
катин
лугь -уда
тир
лугь -уда
ак -уна
алцурар -да
лагь -ана
желб
гъил
дуьня -да -NULL
гаф
сонракиз
эхир
къуш
характер
т -ан
и
та зва й -ди
лагь -ана
за -з
вири
шумуд
яд
г -уз
и
къе
халу
план
юкъ -у -з
са
пек -ер
атана.агакь
кӏан -у -з
кут -унва -ш
лув.гана
чукур -да
ама -й
гевгьер -ар
вуш
и
тухв -да
гъваш
вич и -з
гада -ди -ни
ки
кӏан -да
къачихъ
пара
исабала -ди
бес
ча -л
вун а
ээээгь
са
кьил -и -хъ -NULL -ни
гьуьл -уь -н
диде -ни
ахпа
аллагь
афия
кӏурцӏул -ар
ахъай -да
немец -ар -и -хъ -NULL
хьа на
хьа йи -ди -ла ай
хипер
михьи -вал
йикъ а -л -ай
кьадар
@@@ да -л -ай -ни
ихьтин
муькуь
фейила
руш
са
ша
г -уда
вун а
т- ав -урай
ат -ана
и бур
ида
гъ -ана
чун
гаф
ахпа
къеле -ди -з
вилаят -да -NULL
са
хкве -р -ла
аладар -да
чубан -ди -н
кӏан зава -ч
чи
акъвазар -на
хьи
ибрагьимова
са
ак -уна
хьа на
ма
дуьз
я
лагь -ай -ла
лагь -ана
к -ана
хъсан
чун
са
тупӏал -ар -ни
кӏвал
туш
хьир
кака -яр
район -да -NULL
ленинград -ди -н
гьада к ай
ада
кака
ава й
тӏвар-ван
хъсан
зейиф
кицӏ
ава
жемят -ди
чна
гьайван -ар
ви
ава -й
фикир
сакӏани
тамаш -на
лугь -уда
вири
са
ахпа
руш
ава -ч
за @@@
гьим
ава -ни
дагъ
же да
ацукь -да
американ -яр и
куьн
гьундуьрда
лугь -уда
за хъ
и
рикӏ -е -NULL
яд
къач -уда
и
анжах
гьакӏ
илис.хьухь
ибур -у @@@
ава
вичин
киши -н зва
кап
регьет
раз
патакай
вун
мичӏи.бере да
ваъ
туькӏуьр -на
чун
лугь -уда
г -ана
ругь -ди -з -ни
са
машин -даваз
хьа на
юкъ -у -з
кӏвал -ар -и -н
экъечӏ зва
кӏвал а
зун -ни
къен я й
гьи
а
фад
лагь -ана
гьам
гьурмет -ди к
вич -и -н
руш а -з
лагь -ана
къуьне -л
гила
булах -ди -н
хьу на -л
руш
са
цай
йикь
ма
лугь -уда
ф -ена
куз-куз
имни
лагь -ана
гьана
а
вуш
мугьубат -ди -н
чир
кас -ди -з
им
чна
чӏалах
эчӏер
сада
крар
ина -ра
маса
хъухъ
магьал -да -NULL
хьи
гила
агат -ана
са
атӏурвал
ибур
хьу р ай
за
куьне
лугь -уда
за
нян -и -н
я
гьуьл -уь -н
ча -л
лув.гана
хьиз
лагь -ана
имни
абур -у
буба -ди -ни
къван
гваз
хьуй
чна
ругуд
и
ва -з
тӏвар
гевгьер -ар
и
им
хьий бур
ма
сив -и -з
акӏ
йис
ахпа
кхьа на
иер -ди
ам
ибуру
чан
чка -ди -л -ай
ви
пара
ци
афия
инрай
за -з
гьагьана
я
ма
за -з
сувар -ар
ахъай -на
рикӏ -е -л -NULL
за хъ
ма
хьи
са
юкъ -у -з
им -ни
и
хьи
же зва -й тир
хуьлуьхъ ай
им
гаф -ар
гьаят -ди -л ай
лугь -уда
цай
за
им
хьа на
эвер -на
эхьир
ман
зун @@@
турба
лугь -уда
нян -и -н
кагъаз
алукӏ на
я
ф -ида
хьа на
лагь -ана
гьин ай
куьче -да -NULL
фамилия
ахпа.хьиз да
еврей -ни
чун -ни
лагь -ай -бур -ни
за
тавунмаз
элкъв -ена
ида
ала -й
хьиз
цва -нава -й
лагь -ана
кхь -анва
хьир
вун
луьткве -да -NULL
чун
ат -анва
садан
хьуй
чирхчи -р -и -з
ци
тахьу -рай
эхьир
я
за
анжах
лугь -уда
мес -е -NULL
мад
гегьенш тир
мад
ну
гва й тир
я
гада -ди -з
рекь -ида
хьи
ат -ай ф -ей
ак -уна
лагь -ана
къулдур -ри -з -ни
ма
са
чка
вуч -и -з
къен я й
са
ат -ана
бере
са
лугь -уда
зу
хкягъ -да
мад
гада
ф -ена
и
ава -й
вун а
атӏутӏ
хьи
мугьубат -ди -к -ай
ва -з
и
лагь -ана
исят да
гила
мехъерар -да
сакӏани
кӏан -зава
самур
вири
эциг ай -тӏа
квез -ни
ви
тӏванлай
лагь -ана
хьа -нава
асеф
мад
ча -з
къал ай
ф -ена -ш
куьзар -да
чна
фе -ана -тӏа
велибег
кьиса
г -уда
шуьбяддин
къуру
хьи
тавур -тӏа
гафар -и к -ай
я
чи
векь -ер
квез
ки
г -ана
я зва
тир
хьи
гьуьл -уь -н
за
келле къенд -ер
и
гада -ди -ни
кӏан -да -ни
и.ара да
зи
тир
же да
а -бур
ӏ6
ахтынский
вообще
хьа на -ч
хт -ана
за -з
ча -л
ф -ида
кхьи
ви
къач -уна
ана
лугь -уда
вуч
лагь -ана
лагь -ана
ава зва
руш
вичи -н
хьа
хьа на
говорили
кьил -е -л -NULL
кӏарас -ар
лагь -ана
агъуз
сят -ди -н
лагь -ана
ацукь -зава -ч
ида -з -ни
лайих
мурдар
хара -да -л -NULL
хьанатӏани
фир -вал
стха -ни
лугь -уда
жаваб
хабар
а
кицӏ -и -хъ -NULL
тухв -ана
ана -й
яд
лагь -ана
къап -ар
ада -н
акъах -да
гаф
пара
къайгъу -ди -к -NULL
руш
чаз
свас
кӏан -зава -й
лагь -ана
хьа на
къари
цӏай
ихьти -н
г -уз
пара
руш а -н
са
техминан
лагь -ана
яхцур @@@
ашукь -ди -з
ая
яру
и
певица -яр -ни
чун
ида -ни
ибур
белке
а
ва -з
магадан -ди -з
я
ф -ена
акв -ада
са
уьлуьх -нава -ч
чӏув -а -л -NULL
пара
г -айи
уьлуьхъар -на
совпадение
ийизвай тир
ашукь хьа на
са
ф -ена
гьикьван
анава -й
мад
я
къе -н -и -н
лагь -ана
гьана -л
хьиз
пата -л а ай
са
исят да
ну
руш а -з
зи
чи
хкве да й -ла
бала
лугь -уда
ибур -у
лагь -ана
ава
лагь -ана
за -з
руш
фидамаз
лугь -уда
къулухъ ай
г -ана -ш
я
чан
рикӏ -а -л -NULL
кьил -из
я
са
чун
фронт
аял -ар
я
несил
руш
литва -ди -н
гат -из
кьил
гафар -на
за
ван
гьакӏ
пачагь
ида -з
а
ф -ена
лагь -анва
экечӏ -на
кицӏ
хьа на
я
акъах
чи да
ида -ни
лагь -ана
ибур -у -з -ни
руш
тухв -ана
кӏалуб
мизан
къари
йикъ а -л -NULL
са
яргъи
алукӏ -да
тегьер
ий -ин
хата
гьиниз
яшамиш -да
гьинватӏа @@@
акӏ
ава й
ава -ч
жеда
тир
рессам -ди -з
жамаат -ди -л ай
а
эциг -нава
кӏан зва
са
и
а
хъф -ена
гевгьер -ар
гулят на
ават -ана
кицӏ
гада -ди -н
гьахьта ай
лагь -ана
докъккъуз -ди -з
бес а
г -ана
маса
къе
ахпа
жив
ашукь хьанвай
мурад
рази
има
бала -яр
и
ва -з
хьуй
бесханум а -з
ак на -ни
йиф
а
хьа -нава
гьада к -ай
лугь -уда
гьайван
уьч
ак -ур -тӏа
идани
инсан -ри -н
сонра
хьайитӏа
гада
ихтилат да
вахт
авур -ла
ава
ибуруни
марф
квахь а й
и
и
са
за
гъи -з
кван
ва
кьиса
лугь -уда
не
пад
я
цӏуьд
яратмиша
зегьмет -да -л -ди
ихьтин -бур
ф -ена
хьа -нава
вич и -з
я -тӏа
кан -и -вил -и -н
руша
за -з
за
зейналабдин
ида
вуч -и -н
хъф -ена
буба -ди -н
кӏарас -ар
гуьгъуьна
мама
патав
эгер
нуьк -ер
вун а
къаравул
гьана ра
гаф
я
лагь -ана
кьуьзуь
яран
кут -уна
ада -н
хкат ай -ла
хтар -ар
вич
и
за -з
ихьтин
нефер
турба -яр
ак -уна
эциг
вун а
векь -ер
руш -ни
мама
лугь -уз
гила
чун
лагь -ана
къачал
хьа й
чи
чин ай
буба -ди -н
ваъ
за -з
войска
диде
эхир
динж -вал да
смена -да -л -NULL
тхв -ана
инсан -ди
ида @@@
гъваш
ки
зи
я
же зва -ч
са
фикир на
са
лугь -уда
экъецӏ -на
лугь -уда
пуд
ки
чун
жи
гада -ди
лагь -ана
къулдур -ни
лагь -ана
ала -й
кьил -е -л -NULL
амукь -да
чун
кат ай
ци
и
имни
гада -ди -хъ -NULL
эскервил -и -з
гьина -й
сад.лагьа на
вун
кут -уна
ки
сонра
ха
кицӏ
мицибур
гьар
техминен
за
ча
я
талыш -ди -н
и
пачагь -ди -н
ф -ена
къуьне -л
хьур ай
лагь -ай -вал
чӏавуз
ида -з
са
лагь -ана
ф -ена
садра
са
са
машин
шегьер
хуьр -уь -з
и
вич
аял -ар -и -хъ -NULL
иеси
ф -из
сонра
вад-ругуд
мици
дуьнья -ди -н
има
зун -ни
диде -ди -з
яц -ар
вун
ата -нава
рак
гьа
дастан
гала -з
пачагь -ни
ва -з
валлагь-биллагь
са
имни
сонра
хкве да й
лугь -уда
христиан
машин да ва -з
вефасуз
кӏар
гъел
зи
ада -н -ди
вун а
кхьа на
чун
маса
иер
кӏвач е -л
за -з
ф -ена
жуьре
лугь -уда
я
булах -да -л -NULL
плотина -да -л -NULL
а -бур
кат -да
хьа на
пуд
девлет -ар -и
хьа на
зу
кичӏе
ва -з
я
а -бур
сефер -ни
кӏан -зава -й
жува-жув
я
ибур
абур -и -з
рикӏ -а -л -NULL
чна
агат -из
я -тӏа
няни
муаллим
зун -ни
хер
принцип -ри -з
ава
эскервил -и -з
вахт
са
ча -з
кӏан -зава -й
застава
за
и
за
гада
тӏимил
иер
са
кӏан -да
ава -з
са
ихьтин
туш
фе на -ш та
ви
кӏвал -а -л -яй
и
пака
фе на й
ибуруни
баде
хуьр -уь -з
т- ав -унва -й
тухв -да
чка
лугь -узва
за -з
къван
аку
и
йикъ а -л -ди
хьа на
гьабур -и -н
ава
къил -е -л -NULL
за -л
пек -ни
акъат ай
лагь -ана
куьтях
сад @@@
ахпа.хьиз да
им
катин
лагь -ана
лугь -уда
кӏурцӏул
акъат -на
хьа на -ч
са
крар -и -к -ай
т- ий -из
лагь -ана
хва
эгекь ай -ла
мад -ни
има
гала -з
тухв -да
чан
я -тӏа
къуллугъ зава -ч -ир -ни
лагь -ана
вич -и -н
вот
са
гьамам -ди -з
чан
и
гьат -на
хьа -ана
ф -ена
гада -ни
чун
руш а -з
гьат -на
са
ма
им
гейчек
къачу
повреждения -р
муьтуьгъар -из
да
за
и
ак -ур -тӏа
рекь -из
ахьай
чӏав а -л -ди
ак -ур -тӏа
акъадар -да
гьана
са
са
бес
ацукь -да
мегьман а -н
абур -у
хьиз
а
пака
хъсан -ди к
безен
вири
тухв -ана
башламиш -да
капаш -да -NULL
вичин
вад
къв -езва
абур -у -з
и
са
эээ
кӏарас -ар
лагь -ана
вутӏ
вун а
куд на
са
за
ийи -зава
куьтях
тӏа
ф -ена
гьина -й
хуш
гада -ни
лугь -уда
ала й
ки
яргъал а ай
ава й
экъв -ена
къваз -нава -й
я
гада -ди -н
безханум
за
лугь -уда
зун -ни
кьил -е -л -NULL -ни
чун
ча -з
капаш -да -NULL
зу
свас
къе
ида -ни
экъечӏ -зама -че
хьа йи -ла
зун -ни
лугь -уда
лагь -ана
а
лугь -уда
лугь -уда
килиг ай -ла
ф -ена
вич -и -н
ам
баку да
дастан
тир
дуьз
вири -ни
ибурни
чун
ма
чи
гевгьер -ар
хьа нва
чун
куту р
руш
же зва
лагь -ана
маса
фу-затӏ
са
хьана-вуш
илисар -нава
ава -й
гагьат -на
яхцӏур
накьв
шумуд
зу
и -м
ада
лагь -ана
чун
иштирак на
уьлкве -ди -з
кӏан да
гьизяхъине
буба -ди -н
газет -ди -з
лугь -уда
им
са
гьада -л ай
сакит
хвеши
нян -и -н
кицӏ
чун
сад.лагьа на
сагъ.хьурай
вич -и -н
лагь -ана
я -ана
истифаде
ацӏур -на
пепе
са
хьа -ана
хуьр -я -й
ктӏун -ана
и -м
вич @@@
ий -ида -тир
пачагь
лагь -ана
ф -ена
иеси
зун -ни
я
гьа
чун
аламукьнава
за -з
вилаят -ра -NULL
жи
баде -ди -з -ни
т- ий -ин
ашукь
са
къакъуд -на
кьил
ма
хьиз
лугь -уда
къуш
лагь
хкаж.же зва
лагь -ана
ава
хкуд -на
чна
юкъ -у -з
пат а -з
билет -ар
ичӏи
ф -ена
алукь на
хьир
ф -ена
ча -з
гьуьл -уь -н
са
эцек -на
вич -и -н
са
туху зва -й
къв -еда
кь -уна
къай -и
мех -ер
я
ва
тир
я
эхир
хьи
гьинвайди
сад -ни
стха -да -л -NULL
хьа
хъфелахъди
лагь -ана
гила
аку
гада
за
халкь -да -л -NULL
гъил -я -й
лагь -ана
и
бес
жаван
луьтквечи
сад.лагьа на
и
а
лагь -ана
са
а
икьван
къевиз -ни
я
эрмени
гъиш -ни
чи
гьейет да -л
ф -ена
кут -уна
за
хъсандик
хуьр -уь -з
юлдаш -ар -и
сонра
балхун -да -NULL
за -з
чун
пуд
истифаде
гада -ди
т -уьна
немец -ар -и -з
ала й
кичӏ -и
са
фад
пачагь
гьам
вич
лугь -уда
лугь -уда
кӏан -тӏа -ни
ханум а
ф -ида
пата
сонра
и
лагь -ана
меслят
пачагь
вердиш зава ай -ди
яда
хьуй
везир -ди
жи
хьа -нава
и
лагь
ана -р -из
вил -ер -и -з
хьа на
кӏвал -е -NULL
акъах -на
гада -ди -хъ -NULL
гзаф
вуч -и -н
ф -ида
и
хьи
чун
къалур зава -ч
ихьтин
кьил -е -л -NULL
лугь -уда
тапара зава
кӏан да
же да
хьа -нава
юкъ -у -з
къ -ар -л ай
лайих
тӏ -уьна
чурч -азва -й -ди
кӏвач
пилте
гала -з
цӏай -ини -к -ай
акв -азва -й
ада к ай
вуч
ибурузни
ча -з
за
хъф -ида
ана -й
чна
ина -й
хабар
гьа
лугь -уда
и бур
за
кьил -ер
дагъви -йр -и -з
чан
сонра
кӏан -да
пара
жив
и
гада -ди
балкӏан -ди
егье на
и
чан
кьуьл
пачагь -ди
хьи
зи
бере -да -NULL
гьикӏ
хъсан -ди к
патак а ай
лугь -уда
хьа йи -ди -ла ай
ада -н
цл а -л -NULL
жаваб
чир -на
аял -да -л -NULL
жуьт
ма
мад -ни
сад-садахъ
тӏвар -чи -з
дуьз
хтул -ни
гада -ди -н
тӏварча
ама -ни
лугь -уда
кицӏ
хкадар -да
же да -ш
а -бур
вири
юкъ -у -з
мягьтел
ана
лугь -уда
къ -уна
кат -да
кӏарас -ар
къач -уна
я
икьрар
и
са
ада
эциг -на
идаз -л
за
ида
це
са
граница -да -NULL
и
кьил -е -л -NULL
базар -да -л -NULL
гьуьл -уь -н
ча -з
алуд
лагьа -й -тӏа
ацакь на
юкьв -а -й
вич
ваъ
пачагь -ди -н
муькуь
кьил -е -л -NULL
хьи
лайих -ди
лугь -уда
саламат
лугь -уда
хьа на
баде
чун
цӏуьлуь
сен-аллагь
хьи
къеле -ди -з
огонь.копида
исят да
цӏай -и -н
са
по-русски
лугь -уда
хьи
тахьана
рушан бур
дердинлай
хьа на
агъ -ана
тӏимил
ма
хьа на -ч
ала -й
сад -ни
гьакӏа
агъ -ана
лугь -уда
саат -ди -н
я
хьа на
кӏватӏ
хъф -ена
иер
гьа
лугьу да
лагь -ана
тавур -тӏа
къвез
гьакъикъет да -ай
акур
рагьуллагь
вилаят -да -NULL
хъф -изва
ацукь -на
кхь -анва
къизил
ахьтин
чун
хъсан
бес
жи
кӏел ай -ди
ча -з
кӏан -да -й
ий -изва -ш
и
ф -ена
гьада -з
пачагь -ди -з
я
обед
ам
руш
вилаят -ди -з
ида -з
руш а -н
лугь -уда
лугь -уда
за
ну
им -ни
лугь -уда
лугь -уда
и
хагьиш ая
лагь -ана
акъат -на
гаф
кьве
хуьр ре
эхир -ни
ала й
жемят -ди
кицӏ
акъадар -да
и
лагь -ана
чан
ишаре
фи- да й
хт -ана
къар л -ай
ки
са
ава
агат -на
чи
ахпа
рессам
ала -й
эхцигкъ
кар
хкв -еда
са
гьан ай
чун
хъсан
хьуьруьнви -йр -и -з
къар -л -ай
берейра
иер
ахпа
мектеб -да -й
къв -езва
ф -ена
ахъай -да
има
са
сура
ам -азма
куьмек -да -тӏа
лугь -уда
авария -ди -з
иер
гъил
хьайитӏа
вич -и -н
кард
лагь -ана
жагъур на
туш
и
им
а
луьтквечи -ди -ни
земляк -ар
тухв -ана
ва -з
хьи
темин зава й -тир
за ва
безханум а -з
яман
валенка -яр
кьван
ма
магаданский
хуьр ре
кве
вири да -з
шеъ
хьа -нава -ди
гъ -ана
тир
вахтун -да -NULL
са
ф -ена
кьван
кьил
йис
хала -ди
вуч
и
гьеле.бил
кӏан -зава
ял -на
гъи -ди -ин
гада -ди -ни
хьа на
лугь -уда
и бур
и
гада -ди -н
жемят -ди -з
вун а -ни
я @@@
гила
гьин ай
катна
экъецӏ -на
я
ава -тӏа
чун
лугь -уда
лугь -уда
и
г -ана
ида -н
вич и -з
мектеб -ди -з
лагь -ана
гьар
ий -изва
лагь -ана
иер -ди
тухв -ана
вучиз лагьайтӏа
ма
акуртӏа
цӏуд
къвазра
ча -з
акъуд -на
гьаван -ар -ни
бес
аляска -ди -н
хьтин
рехъ
къерех -ди -з
метӏигъ -ар зава ай -ди
им
батальон -ди -н
са
луьткве
ният
фендигар -вил -е -л -ди
а -бур
гьич
чукотка да
ахъа -й зва -й -ди
ина
хьа на
гъил -е -NULL
лугь -уда
г -ана
шагьдагъ -ди -н
хъсан
патав
куьне
хьи
фикир -да -й
тур
йис
ви
и
цӏарцӏар.язава
ч -изва
пачагь -ди -з
чун
а
ва хъ
бес
къвед-пуд
хьухь
кӏандинди
ооо
лугь -узва
вич и -н
я
чашмиш
эверир.кьван
туькӏуьр да ай
ф -изва
баку да
шумуд
зун -ни
ят -ар
гъил -и -к -ай
дастан
вич -и -н
яран
ваъ
эрзе
мугьарибе
жамаат -ди -н
элкъв -ена
вах
маса
гьа-гьам
гьикӏ
кӏвал -и -з
крар
кӏел -ди -ин
эвли
хьа на
стха -ди
лагь -ана
зу ни
акъах -на
незначительный
ки
алукь нава -й -ди
кьил
уькуьн -е -н
са
я
кам -у -з
ама
ч -изва -ч
сала
башламиш -на
чна
нумайенде -яр
хьи
и
акв -ада
хьи
эциг -да
тир
за -з
ат -ана
чир -на
къакъуд -на
за
лугь -уда
я
чӏав -у -з
ч -ида -ч
жен
буба -ди
вич
кьеайди
хуьр -уь -з
и кьван
а -бур
хт -ана
хва
кӏватӏ
шикил
лагьа -нава
хъф -изва
дастан
паспорт
и
икӏ
гъалиб
кицӏ
чун
лагь -ана
муаллим
хуьр -уь -н
баки -да -NULL
вун а
за
и
руш
зу
гьязим
шеъ -ни
район -ди -з
и
амукь -да
ягъ
лугьу да -й
кӏвал -и -з
зун -ни
имни
чӏав -ар
накьв
са
гъваш
я
а
лугь -уда
акъат -на
баш.уьсте
хьа
гада -ди -з
диде
гада
командир -ди
къенфет
югъ
ава -ш
ф -ена
къалур зва
шикил
абур -и к -ай
пачагь
амукь -на
чибриз
икьрар
кӏвал
кӏан -из
пек -ер
хьа -ана
пара
зу
хъий -ида
муьжуьд
хьа на
сонра
са
руш
я
а
чпин
севастополь да
эвеца
са
шикил
за -з
лагь -ана
йис а
за -з
а
я
и
ама -ни
вун а
тахьа ай -тӏа
цвез
ча -з
и
затӏ
хьа на
ма
чун
манат
ида
югъ
лайих
буба -ни
хьа нва
эвичӏ да
лагь -ана
ида к ай
са
миллет -ни
иеси
я
ава й
ий -изва
кьве
пачагь
фикир -да
лугь -уда
вахт
эцик зва -й -ди
и
везият -да -NULL
сонра
кхьа на
кат ай
лагь -ана
польша -ди -з
югъ
руш
це
вич
хьи
лугь -уда
гила
гьа.бере да -ни
акъат
самур
той
я
лагь -ана
кицӏ
затӏ -ди -н
са
жеда
са
хьи
же зва -й
же зва
бес
операция -ни
пуд
хуьр -уь -н
лугь -уда
базар -ри -з
я
гьабур -и
ава й
чна
бере
ават -ана
лагь -ана
мад -ни
кьил
гьарад
ам
хъсан
алад
ибур
чи
хьир
хер
са
концерт -ар
балкӏан
чун
гьабур -и -н
пай
дуьз
са
хьа -нава -тӏа
эвицӏ.хъийа
ва -з
йикъ -у -з
вири
бала
тир
лугь -уда
къач -уна
югъ
гьабур -и -з -ни
фикир -да -й
сад
лагь -ана
иер
къан -из
са
къ -ада
къв -езва
къв -еда
хъф -изва -й -тир
лугь -уда
ий -изва
ахпа.хьиз да
ахъай -да
во
гьагьам
ан -яй
гьиниз
вилаят -ди -з
вирида
гьада -з
икӏ
ий -мир
за -з
дарман
я
жаваб
ала -й -ла
г -ана
хьуь -из
аял -ни
шеъ -ни
кьил -е -л -NULL
вац -ра -NULL
агъуз
лагь -ана
йис а -н
зи
вак
са
лугь -уда
кь -уна
хва -яр
сонра
баде
ида
натаван
атана.агакь
анай
хиял -да -й
хьи
са
пепе
яхцӏур
кьван
чун
лугь -уда
же да
лугь -уда
вил -ер
ки
а
яргун
эгекь ай -ла
багъишламиш -зава
луьткве -да -NULL
во
она.гуьре
аял -ар
хьа на
же да
жаваб
вич -и в -ай
стха -ни
литва -да -NULL
эвецӏ -на -ша
ибуруни
инжиклу
ава
шей -ни
и
тӏун
руш
лугь -уда
пел -е -л -NULL
за
кь -уна
и
авуд -на
кафирдилайни
къапина
и
ав -унва
бес
хьи
хьа -ана
гваз
аку
ибур
дуьз
руш
ам
концерт -ар
цӏыцӏ
же да -ш
кабинка -да -NULL
рекъ е
вич -и -н
кӏан -зава -ч
баде
кӏар
за -з
гевгьер -ди -н
тир
къерех ай
югъ
къачур -ла
хьурай
же да
акъах -да
нагьахъ
бес
маса
и
има
са
исабала -ди
значит
дербент -ди -з
эвве
кьве
ив -и -з
гьабур -у
чун
кузнечик -ар
къерех да
лагь -ана
гьуьл -уь -н
я
ви
инихъ -ди
газет -да -NULL -ни
безханум
квез
вахт
мици
къевиз
гада
и
кь -азва
йаймиш на
килиг зава
ава
лагь -ана
вич
зу
къалур ай -ди
ам
хьа на -тӏа
хъсан
ама -зама
тӏва
за -з -ни
той
акв -азва -ч -ни
къачур -ла
ки
хъел
вуш
ида
накьв
юкъ -у -з
гьава
ки
аладри -з
векь -и -н
хара
гьа
район -ди -з
лугь -уда
гьада -ла й
-ча -з
шуьбяддин
акъв -аз
ма
ки
ацӏур -на
дарман
къерар
вич и к -яй
сонра
и
белке
муькуьбур -у -ни
руш а -ни
гъел
дуьз
икьван
руш
кьван
гада -ди -н
кас
а
вун а
илисар -да
цӏай -ни
тас
хуьр ай
лагь -ана
вак
ахпахъизда
ава й
гъел
лагь -ана
аллагь -ди -з
лугьу да
лугь -уда
хьа -ана
гьиниз
бес
агакь -да
акв -азва -ни
чи
инсан -ар
хкягъ -да
акӏ
чуь -н е
студент
ф -из
хьи
ва
гада
гила
зун -ни
ат -ана
гьым
гила
гала -з
ча в
безханум
гваз
я
кӏвач
яр
руш а -к -ай
гудайла
ви
сонра
акв -ада
ф -ена
лугь -узва
лагь -ана
рикӏ е -л ала ма
кьил -ина -NULL
хъ -ада
лугь -уда
чун
за
гада -ди -з
хабар
ала -ди -ла -й
пара
къаравул
акъатайди
им
лагь -ана
ибур -ни
са
гъваш
кас -ди
къахчу -нава
вич -и -з -ни
марф
мугьарибе -йр -а -NULL
вун а
лагь -ана
и
кицӏ -и -н
йетмиш
отказ
я
акьуллу
лугь -уда
къваз -зава
кӏвал -е -NULL
са
дахма
ча -з
а
ада -з
ф -изва
гада
вах
гада
луьткве
за
лугь -уда
кӏан -зава -й
вири
гала -з
я
палкан -ди -в -ай
гуд-гуд
имран а
дуст
хьи -з
войска
гада
им
куь
вич -ни
къунши
и
сад
зейналабдин
и
вич
инал
гила
ам
ат -ана
мелим -ди
ч -изва
гъил -е -NULL
хьа -й -ла
ф -изва
туш
лугь -уда
и.вахтун да
хуьр ре
аял
тахьа ай -тӏа
пуд
вун а
лугь -уда
ани -з
лугь -уда
ак -ур -тӏа
и
ча -з
лугь -уда
ина
ий -ида -ш
миллет
къапу
итем
бес
къалуртав зава
кӏвал
ахпа
къуш
куьмекар -да
твах
къваз -на
лагь -ана
кичӏ -и -з
вуч
кӏвал -и -н
галат нава й
и
хагьиш -зва
лагь -ана
чун
са
имкан
я
хьа на -ш
акв -ада
экечӏ зава й
экъецӏ
гьадисе
ида
лугь -узва
вил -ер -а -л -NULL
ва -з
т -уна
хве на
плен
садни
лагь -ана
руш
жемят -ди -з
я
за -з
тӏвар
лугь -уда
лайих
са
хъсан
кьван
ахпа
са
лагь -ана
къач -уда -ч -ни
кут -уна
лугь -уда
вун
гада
высоковольтный
пака @@@
ваз
сонра
тухв -ана
гевгьер -ар
лагь -ана
ф -ена
има
элчи -яр -ни
месела
хьи
кьил
сад
гьахьт ай
чип -и -н
кӏан -да
чна
вилик
лагь -ана
ф -ена
качал -ди в ай
хир
лугь -уда
и
лугь -уда
газет -ди -н
ашукь
газет -ди -н
тир
чай
ала -й
сефер -ни
акван
гила
ада
газет -ди -н
къуш
къакъуд -на
бес
хьиз
я
ак -ур -тӏа
ина
и
ий -ин
ф -ена
тир
и
лагь -ана
и
сакит
илисар -нава
хьа на
же да -ч
я
лазим
я
лугь -уда
кӏев нава й
хъий -ида
патав
мугьарибе -йр -а -NULL
лугь -уда
жамаат -ди -з
кан -и
жанавур -ри
жи
чпин
и
къач -унва -й
акакь -да
къв -езва
хт -ана
кицӏ
кхьи д
лугь -уда
алат -да
къван -ер -и -н
виликай
гъил
кван
хьи
лагь -ана
ада к ай
и
гваз
адан
г -уда
лагь -ана
са
лугь -уда
къеле
яшамиш.жез
накьв -ни
гьин
е
ак -ур -тӏа
къачу да -й -ди
кӏан -и к
са
къерех -да -NULL -ни
интересный
вуш
гада -ди
цай
лугь -уда
маставай
терсина
къав -ар и -ла -й
кь зва
бес
ада -з
давай
туш
руш
жени
са
за хъ
стха -яр
ав -уна
са
сад
бес
кӏвал -ар
сад
кӏан -у -з
документ -ар
вун а
ша
вутӏ
хьа на
аскан да
за -з
ада -н
сад.лагьа на
ама ай
и
гьал зва -й
качал -ди в ай
ий -ида
ты
баде -ди -з -ни
хьа -нава
хьуьруьнви -йр -и
ав -уна
лагь -ана
ибур
ахпа
ахъаюнма -з
лугь -уда
артух -ар -и -н
абур -у
безханум
эвер а
кьван
вич и
варц -ар
мейил
кат -да
я
чи -ун
лугь -уда
хьи
шад
ма
виня -й
лагь -ана
ида -н
ки
за
балкӏан -ди
хуьр ей
ф -ена
ки
лагь -ана
гада -йр -и -з
абур -у
гада -ди
хьа на
элкъв -ена
накьв
сакӏа -ни
и
ахпа
кут -унва
гьи-гьин
руш
гьа
фикирар -мир
польша -ди -з
лагь -ана
къв -еда
вилаят -ра -NULL
лугь -уда
пата в
гьисаб -зава
сад.лагьа на
гада -ди -з
гьа
кьвед а -з
са
гьал -ар -и -к -ай
ахпа.хьиз да
кицӏ
вири
за -з
ам
хъсан -вил -ер
лап
гьефте
авар
га -й да -л ай
гьа.бере да -ни
ида -ни
эхиримжи
гаф -ар
руш
лугь -уз
чил а -NULL
за -з
за -з
лагь -ана
ичӏер на
застава -л -NULL
ф -из
шумуд
ктад -мир
къван га на
гада -ни
ката
операция -ни
хьуй
хт -ана
хъув -уна
къуьн -е -л -NULL
руш а -к -ай
туш
балкӏан -ди -н
кицӏ
ак -уна
за -з
и
фикир -ди -з
вич -и
са
ахвар а
ха
къахч -уна
мицид а
гат
цуьк
кса -нава й
сонра
масан
акъат -на
ава -й -ди -ла -й -ни
айи р
рекьи да -й
кӏвал -е -NULL
пачагь
вич
гьааа
жи
кӏан -зава
эхир
бес
я
куьмек
хьа на
гумир
им
лугь -уда
хв -ена
ама ай -ди
руш -ни
гьуьл -уь -н
за
мелим -ди
эгер
чун
има
къваз -на
гьамам -ди -з
хьайи -ла
бес
ккӏ -ида
палкан
кьве
булах
а -бур
са
палкан
хьайи -ла
къакъуд -на
руш
иер
тфенг
къагъ -ана
кьве
ци
пачагь -ди -з
лугь -узва
ада -н
алат -да
ацукьра
сад лагьана
чир
хьа на
за
вич -и -н
хьи
гьада к ай
кицӏ
мама -ди -ни
туш
чир
сентябр -ди -з
гьина -л
ф -ида
къарагъ -на
ф -из
им
чун
айван -ди к
десте
гада
метлеб
ракъайтӏа
севастополь -ди -з
лагь -ана
паспорт
ибур
кӏвач
са
гьуьл -е -л -ай
лагь -ана
ф -ена
шегьер -да -NULL
же да -й
земляк
хъсан
фи -зава
и
на
къеле
руш а -н
ада
ахпа
им
са
къач -уна
са
эээ
чун
хкягъ -да
гада -ди -з
чи да
мехъерар -да
кӏвал
фейила
балкӏан -ди -н
хъв -ана
за
я
г -айи
лагь -ана
ки
хкягъа
лагь -ана
иеси
лагь -ана
лугь -уз
лугь -узва
миграгъ
къе
тарих
ча -з
хкягъи -н
немец -ар
акъат -на
лугь -уда
ва -з
ваъ
гьуьл -уь -н
чун
эчеӏр -зава -й -тир
кӏан -зава
акӏ
хьи
пул
зайиф
ата -й -ди
россия -ди -н
кӏарас -ар -ни
гьалзавай
вун а
ат -ана
къвер.кьван
кӏан -зава -ч
суьгьбет да
гьужум -на
къарагъ -на
асул
къулдур
буба -ди -н
пенжер -да -й
къерех -ди -з
пат а -л
хъийи -з
ма
хьа на
ана -й @@@
патака ай -ни
эээ
аял -ди -н
лугь -уда
ва -з
ава й
гада -ди -н
сада
са
лугь -уда
ак -ун
къгъа нава
лугь -уда
са
лугь -уз
туш
гьутӏа
кам -ни
вири да в -ай
ийизватӏани
я
ат -ана
чукотка -ди -з
анжах
лугь -уда
са
ахъай -зава
кӏан -зава -й
рус
и
ава -й -чир
кас
гьада -ни
вуна
лугь -уда
гьакӏан
ахпа
вич
ви
кье -нава -й
эвицӏ.хъийа -на
жи
вил -ер -а -л -NULL
буба -ди -з -ни
ат -ана
акьван
хьи
за -з
югъ
къерех -ар а -NULL
бельгия -ди -з
пуд
гада -ни
лугь -уз
ки
вахт
хьуй
хталахъ -ди
мадни
я
вун
лугь -уда
гъваш
гьетта
ки
са
анжах
накьв -ни
руш
шикил
лугь -уда
кьуд-вад
дуьз
вуш
ва
лугь -уда
ибурун
са
аку на
чи й -вал
гатазва
диде -ни
са
лугь -уда
руш
пат а -з
руш
руш
лагь -ана
я
гьам
осадок
гьаят -да -л -NULL
изагьат -ар
лугь -узва
г -ана
сад.лагьа на
гада
чир хьа йи -ла
и
тир
ф -ена
лагь
лагь -ана
вун
амукь зава й -ди
руш
лагь -ана
лазим
ана -й @@@
са
муаллим
куьмекар -да
жуьт
кард
хъф -ена
куьне
им
мици
гьа
ахъат -ай -ди -л -ай
же да
пепе -йр -и -к -ай
вах -вал -ни
ча хъ
ибур -у @@@
ав -унва
лагь -ана
ваъ
им
къв -езва
вун
тир
как.раз
ф -ена
алцурар -на
бала
гьибур
ани -з
и
ааа
и
вобщем
ама
терези -ди -в -NULL
хъсан
хьи
иер
рикӏ -е -NULL
икьван
мугьубат -ни
къ -уна
вун а -ни
гьуьл -уь -н
таву р
яӏта
вири да
и
история
къен е
г -ана
шагьвар
къарши -ди -з
та- хьур -ай
экъецӏ -на
вуч -и -з
кван
вил -ер
а
чи да
лугь -уда
гьикӏ
ихьтин
явашдиказ
мехъерарна
са
пачагь -ди -н
це
кӏел ай -ди
кӏвал -е -NULL
къеле -яр
хьа
къе -н -и -н
я
кӏвал -ар а -NULL
хьа на
ф -ена -ш
кьил -и -хъ -NULL
къач -уз
тафаат -ни
сагъ -рай
ибур -и -н
и да -н
са
кӏурцӏул -ди
руш
гада
балкӏан -да -л -NULL -ни
хийир -ни
ката -й -ди
къв -еда
фи -ун
чна
пепе
эдалет
шуькуьр
я
хъф -ена
хьайи
а
гада -ни
хьа -нава -й
тхв -ана
са
хьа -ана
гъ
гевгьер -ер -и -н
и
а
гада -ди
къ -уна
дагьи
новгород да
бала
лугь -уда
бала -ди -н
фин
ибуру
я
пармак -ни
лагь -ана
акьах -на
тӏимил
ча -з
за
лагь -ана
гьат -на
ишаре
клуб да
хуьр -уь -з
вун а
икӏа
истирагьатай -да -л -ай
кӏан -зава -й
эвецӏ -на
икӏа
фе нава -ч
ахпа.хьиз да
ава
илис же да
яргъа -з
хьиз
гада
хъф -ена
вуч -и -н
кӏан -да -ни
затӏ -на
дере -ди -н
пиларама -яр
са
къазах
польша -да -й
акъуд -зава
ыыы
къач -уна
хъий -ида
вуч
са
къачу да -й -ди
ат -ана
гагьат -на
ча
хьа на
гаф -ар
чох.сагъол
ава -з
дуьз
ала й
ваъ
гила
хт -анва
мез
ви
округ
катна ва -й -ди
гьуьл -уь -н
ч -ида -ч
чун
мицӏид-тӏвад
и бур
азербайджан -ар
за -з
гьамбал -ар
руш -ни
вуч -и -н
маса
имкан
вири
къуй
ий -ида -й
гьикӏ
сад а -н
са
ханум
низ
гала -з
акв -ада
гьа
купча -яр
дердинлай
чин а
т -ада
вири да -з
сад.лагьа на
гьисаб -зава
она.гуьре
икьван
ава
за -ни
хуьр ре
г -уз
руш -а -л -NULL
я
газет -ди -н
за в -яй
яд
вак
фи -н
зу
лагь -ана
гьемиша
тфенг -ар
ф -ена
и
руш -а -хъ -NULL -ни
за
има
уьлуьх нава й
ий -из
самур -ди -н
са
къуьн е -л
дуст -ун -и -з
хьа на
самур
я
зерир -ла
йашамиш -зава
кьван
кесиб
рекъ е
аваридиз
советрин
кицӏ
ибур
хьи
сад
руша
пачагь -ди -з
кӏан хьа на
лугь -уда
же зва -ч
ва -з
чан
балкӏан -да -л -NULL
лагь -ана
сагъ -ар на
вуна
я
дуствал
вуч
ахпа
ама
и
къвалах -ар
квека й
ахъа
я
хьу -й
дагьи
са
я
дели
за
фи -из хкве зва й
лагь -ана
лезги
агъуз
нумайенде -яр
къе
и
пек -ер
филан
и
вич -и -н
лагь -ана
хкадар -да
къирах -ди к
ча в
еке
лагь -ана
тухв -да
я @@@
вуч -да -тӏа
шикил
за
ыы
марф
гъил -е -NULL -ни
же зва
къач -уда -ч -ни
фу-затӏ
зу
кӏвал -ар -и -з къар -и -з
инсан -р -и -к -ай
лугь -уда
цай
гьада -з
дере -яр
хт -ана
ий -из
гвадар -да -й
ятӏани
балкӏан -ди
чна
гьам
дуьз
руш
лагь -ана
лугь -уда
куьтях
лагь -ана
къуьне -л
гьуьл -уь -н
и
гадар
чира
накьв
зи
военный
и
автокасса -ди -л -ай
гада -ни
исят да
экъечӏ -на
чуьгъенал
иеси
вун
я
ви
тухв -ана
ина
ва -з
лагь -ана
гваз
чи
гьарад а
пек -ни
кьабул -на
пачагь
зи
лугь -уда
руш а -н
хьи
я
са
ахъа -й да -й
вич -и -н
чи
ала й
лугь -уда
эвер -да
лагь -ана
чун
яни
ф -ена
арада
эхьир
мина -яр
фикирар -зава
ава -ч -ир
хуьр
а
вуч
чка
чӏав -у -з
автобусдаваз
къв -еда
ханум
ахвари -з
ибур -у
и
ван
квез
гьакӏ
я
лугь -уда
фидамаз
яру
вич -и к -яй
ацукьарна
сад
имкан
и
ана -л -ай
ават -ана
хъсан
къв -езва
ата й -ла
къул а -з
ида -з -ни
ини -з
къунши -да -л -NULL
вири да -з
и
г -ана
гада -ди -н
хъия
лагь -ана
ракъу зва
им
акъуд -на
лугь -уда
хьа
хкв -еда
тухв -да
хуш.къве да
советской
тир
я
а
анжах
стха -ни
пепе
гьуьл -у -н
гьада -з
гъ -ана
жи
за -л
метлеб
же да
са
кьван
эвецӏ -да
гъи -з
гьакӏ
чил -е -л -NULL
са
абур -у -з
хьа на
пуд
акьва зва
ман
са
чи -ун
лугь -уда
ча
ацукьра
за
са
лагь -ана
кичӏе
гъваш
яхцӏурни
пачагь
диде -ди -н
кӏан.хьа -нава -й -ди
бере -да -NULL
лугь -уда
гьамам -ди -з
гьейет -да -л -NULL -ни
лугь -уда
тир
а
са
геодезист
польша -да -й
ф -ида
зав
гьа
луьткве
и
за -з @@@
хъсан
миннетдар
ида @@@
гьуьл -уь -н
ки
ахпа
къырхбеш-элли
хьа на
я
насруллагь
аку
балкӏан
чан
халу
асул
гъил -е -NULL
ида
вилаят -ди -з
къач -уна
гьар
случай
ханум а
ида -ни
ча -з
хьа -нава
хтун -да
делил -ар
г -ана
куьн
шей -ни
чӏуг -урай
са
юкъ -у -з
кьуьзуь
къуз
зи
севда
къари
галат -на
машин
фи -ун
ки
исят да
гьа
чип -и -н
ахпа
пачагь -ди ни
и
тӏарар -да
ий -из
седакъет
рикӏ -е -NULL
къав -а -л -NULL
инсан -ар
лагь -ана
чубан -ди -н
лугь -уда
я
вилаят -ди -з
чуьгъвена
вун а
докъккъуз -ди -з
са
къуьн -е -л -NULL -ни
лугь -уда
гьи
кицӏ -ни
буба -ни
чан
пачагь -ди -з
пата в
диде -ди -н
зи
хьур ай
же да
безханум а
терези
чна
къе
ат -ана
урус
шуькуьр
чун
куьн -е
им
вахт
ида -н
чара
ма
и
агъ -ана
бес
и
ида -з
свасни
икӏа
гьуьл -уь -н
алата -й -ла
и
вун
акваг
массаж
я
ада -з
за
ава
къерех -ди -з
чна
а
ф -ида
ама туш
хьа на
ида к ай
луьтквечи -ни
я
хьа на
хьа на
хьа на
и
хт -ана
гада -ди -н
вад
гъ -ана
чӏехи
гутун -на
ара да
сонра
район -ди -з
хъсан
ахпа.хьиз да
гада
са
ак -ур -тӏа
кутва зва -й -ди
вич -и
я
арадай
жугва -из
тхв -ана
я
вилик
руш а -н
диде -ди -н
ихьтин
юкъ -у -з
лагь -ана
кицӏ
гьуьл -я -й
са
вилаят -ди -з
вил -ер
кӏан -и
ашукь -ди
къенд -ер
каф
абур -и -н
г -ана
диде -ди
ава
ва -з
я
кӏан -да -ни
ви
гелкъв на
ама -ш е
кьвед а -з
це
я
фикирар -на фикирар -на
ида -ни
са
им
лугь -уда
гьада -з -ни
къуран -да -л -NULL
хьур ай
ашкъи -ди к -ай
а
ф -енва -тӏа
руш
чун
лагь -ана
къгъа нава
артух
кӏан -зава
и
себеб -ри -к -ай
паекни
и
кьиса
вич -и
ава -ч -из
лугь -уда
къвалах а -л
ки
кьуьзуь
зун -ни
хьа на
ида -з @@@
кавалерар
ялама -ди @@@
вун а
куьтӏ.туву на
тир
рази
ида -з
ама -ш
винел
хьа на
же да
бере -да -NULL
тӏ -уьна
жеш
ам
гьикӏ
са
за
и
лап
балкӏан -ди -н
миллет
девир -да -NULL
шагьдагъ -ди -н
хкв -еда
бес
къулдур
пек -ер
жув а -з
а -бур
лугь -уда
ви
за -з
кьван
ийи да
патакай
чун
и
хъ да -й -ла
ашкъи -ди -н
пер
къач -уна
ава й -ди
къен
ибурун
ма
чка да -л
кьуд а -з
хуш
ша
эляна
эгер
ф -ида -й -тир
и
куд на
а
ибур -и -н
балкӏан -да -л -NULL
гелягъ на
за -з
вуч -и -н
кӏвал -е -NULL
гьич
и
ма
ви
лагь -ана
кицӏ -и -н
са
г -ана
америка -ди -н
вич и -з
са
я
зу
са
ч -изва
къалур
чна
зи
кхьа -ана
гумир
вегь -ена
и
пата -л а й
же д -е
яшамиш
лагь -ана
за
эрмени -ди -хъ -NULL
йиф
лагь -ана
руш
вил
пепе
рахк -уда
лугь -уда
аллагь
ф -ена
вун
вахга -нава
са
гьа
мал -ар
кас -ди -з
пачагьвал -и -з
къай -и
ат -ана
ава
кьуд-вад
давай
ана -й
ашукь же да
тахьа на
г -анва
гьа
хкаж.хьа на
ф -ена
гьуьл -уь -н
я
гьи
г -анва
хтар -ар
чун
ча -з
атӏу -з
юкъ -у -з
кӏурцӏул
ма
бес
лугь -уда
лугь -уда
гьар
йис -ар
аку
билесувар -ди -з
буба -ди
чун
чи -ида -й
метлеб
кицӏ
за
цл -ар -и -в -NULL
са
аниз
лугь -уда
рикӏ -е -NULL
хъф -ида
пӏуз -ар а -л
гила
гила
ида -з
арадлай
сергьед -да -л -NULL
и
джагьан
шумуд
къванж а -л ай
ахпа
ибуру
цӏувад
яратмиш -ана
за -л
тӏвар -ци -з
ки -з
ада -з
же зва -ш
кӏалуб -ди -в -NULL
гьар
ял -на
ф -ена
ахъа -я -ла
гъил -е -NULL -ни
кьил
гада -ни
эхтилат
литва -ди -з
за
бес
гьуьл -уь -н
шеъ
баки -да -NULL
чирад а -з
вун
ки
гада -ди -з
гьисят да
са
анриз
къвалах а -л
чара
анжах
цл а -л -ай
къач -уна
яр -ди -з
самур
лугь -уда
кьвед лагь -й
вач
киник
тике
за -з
палкан
пара
чун
руш -ни
акъуд -на
ат -ана
пачагь -ди -н
гьуьл -уь -н
зенг -на
ахътин
жемят -ди -з -ни
кут -уна
кьве
вун
им
гьым
миллет -да -й
лагь -ана
сегьне -да -NULL
лугь -уда
зу ни
лугь -уда
за
экъ -из экъ -из
руш
хьи
ида
самур
рекь -ер
им
лугь -уда
ва -з
кӏвал -е -NULL
хта -нава
лугь -уда
къач -уна
хьтин
не
кицӏ
хъф -ида
солдат -ди -к -яй
руш
гада -н
гъел
ф -ена
и
диде -ни
и
а да к -ай
руш
лугьу -ун
гьина
за -ни
ама @@@
юкъ -у -з
гьеле-меле
а
анадыр -ди -з
балкӏан
руш
и
ава -з
гьа гьа да
луьткведаваз
кӏанагъ
вав ай
буба -ди
чун
туш
ша
пачагь -ди -н
хъув -уна
ф -ида
и
хци -з
хв -ена
ахпа
зу
лугь -уда
иеси
седакъет
гьи
гьабур -у -н
хьи
бала -яр
кар
куьтни
хта -нава
лагь -ана
тухв -ана
балкӏан -да -л -NULL
район -ди -з
чӏулав
ам
кӏанай
кьве
ама -ни
анихъ -ни
са
муаллим -ди
седакъет
лугь -уда
рикӏ а -л -ай
винел
фу -ни
вахт
кьван
за
джагьан
ви
куьтягь
гьамиша
ф -ида
газет -ди -з
за -з
я
бес
ф -из
вац -ра -NULL
ихьтин
хьайи -тӏа
лагь -ана
жув а -н
къакъат -на
ина
пад
за -з
лагь -ана
затӏ -ар
гъил -е -NULL
гьар
жемят -ди -з
хырдалан да
лагь -ана
паекни
зи
пуд
чпин
за в -ай
пачагьвал -да
вун
жуваз
пачагь
и
вун а
пенжер -да -й
пепе -яр
а -бур
а
къеле -яр
бере -да -NULL
акъат -да
и
накьв
гьикӏ
лугь -уда
ава
чубан -ди
гьа да -н
хьа -нава
дуьз
накьв
за
чи
накьв -ни
ва
лугь -уда
мад -ни
кьил -я -й
пара
но
ман
ва
вуч -и -з
и
чан
хьу -й
лугь -уда
амукь -да
дуьз
акъах -на
назад
лугь -узва
гала -з
ида -з
сегьне -да -NULL
лагь -ана
хер
гъавурда.акьу на
вич
фикир
руш
лагь -ана
ча -з
гьада в
вутӏ -ана -тӏа -ни
ана
са
дере -ди -н
акъуд -на
зу
чун
ада
ви
эхир
лагь
а
же да
амни
лугь -уда
кь -уна
пек -ни
чка а -л ай
галат -нава -й -ди
им
хьа на
агакь -на
муаллим -ди
дежурный
ма
руша
и
са
гала -з
акв -ада
ада
чуьнуьхар зава
тӏвек
ама
гъвечи
хкат -ун
вич -и -н
са
я
ибур
лугь -уда
хьайи -тӏа
ат -ана
чна
къвазара
регьмет фе на
гада -ди -ни
чна
чахъ
кван
ак -ур -тӏа
лагь -ана
им
гьа
диде -ди
ида -ни
гьикӏ
зи
за
ак -унва -ч -ир
лагь -ана
ва -з
ф -ена
кӏан -тӏа -ни
за
са
хва -яр
ван
чан
ф -из
я тӏа
кицӏ -и
дейгъе -ди -л -ай
ката -й -ди
за -з
ругь
ава
лагь -ана
иер
гьуьл -уь -н
везир -ди -з
хьа на
руш
зак ай
стха -ни
жив
и
гьикӏ
къетне
чун
вич -ни
вилаят -ди -в -NULL
дяве -ди -н
рекъ е
им
гьабур
хва -ни
адан
ини -з
лагь -ана
гевгьер -ер -и -н
лагь -ана
акъат -на
пачагь
хьухь
фикирайдалай
ф -ена
за
лугь -уда
пел -е -л -NULL
лагь -ана
къанни
зак а -й
чи
абур
вун
лагь -ана
руш
лугь -уда
дамар -ар
ат -анва
вун
ава -й
ибур -ни
кӏан да
и
эвер -да
яхцӏур
же да
жув а
лугь -уда
же зва
лагь -ана
ава
ала -й
лугь -уда
касвил -и -з
алцурар -на
юсуф
вун
къве да -й
гаф
хьа на
кӏан -зава
нуьсрет
руш
са
шегьер -ди -з
са
хьа на
мукьва -л
вич -и -н
жер.кьван
тир
и
руш
кь -уна
хкв -еда
къуш
гада
экъецӏ
пачагь
яхцӏур
мад
бере -да -NULL
яхцӏур
патакай
туш
сонра
пара
туькӏуьр -на
ахпа.хьиз да
вил -ер
ссср
а
я
вахтинда амаз
я
къейд -на
шикил
за -з
серин -вал
къерехда -л
стӏур а -ни
гьабур -и хъ
франция -ди -з
чка
лугьу да
эвер -на
ида -ни
комиссоват -на
лугь -уда
ва -з
сонра
ахпа.хьиз да
лагь -ана
ки
кьве
ф -ена
г -ун
лагь -ана
же да
буба -ди
чка -ди -л -ай
лугь -уда
ф -изва
руш -ар -и
шумуд
чукур ай -ла
муькуьбур -у -ни
руш
ини -з
вакай
лагь -ана
а
хьухь
и бур
игила
за -ни
кьуд
пара
вахт -ар @@@
суьгьбет
гьана
вич -и -н
агъуз
кь -уна
са
яргъа -з тир
ф -ида
кӏвал -е -NULL
юкъ -у -з
катдай
хта -й -ла
ча
гъвечӏи
тир
кьве
пачагь
ава -й -ди
чна
вич -и -н
кӏан -зава -й
зи
седакъет
ф -ена
за
лугь -уз
са
и
хьа на
чи да
пачагь
хванахво
ават -да
балкӏан
а
вилаят -ди -з
са
истрагьет на
са
лагь -ана
гевгьер -ар
са
лагь -ана
кӏвал а
г -узва
чка -да -й
чуьнуьх.хьа на
досрочный
а
къугьум -ди -з
фейитӏа
марф
а
ам
са
дербент -ди -н
хуьр
а -бур -у к -ай
рази
руш
ат -ана
къунши -р -и -з
ци
и
экъв -ена
патав
километр
юкъ -у -з
къазанмиш -из
лагь -ана
санти
икьрар
куд на
чун
лугь -уда
лагь -ана
гьутӏана -л
гада
чка -д -л -яй
аладар -да
руш
чи
ки
ий -ин
ф -ена
дугъридан -ни
американ р и
т -ана
уьчуьн
ин -и -з
лагь -ана
ида -ни
патав
лугь -уда
экъечӏ -ай -ла
хъсан
пек -ер
гьагьам
кӏвал -а -NULL
чун
це
къваз -нава
а
кьегьел
хьа -ана
руш
са
вегь -ида
г -уда
ф -ена
ина -л ай
и
лугь -уда
хьа на й
мах
ада
ава й
акъуд -на
арадлай
зур -ар
чун
пачагь
г -уда -й
хкаж
чуьл -да -й
лугь -уда
чна
чара
адахлу
сада
ча -з
къизил
квез
ий да
везир -ар
ам
сада
пачагь
застава -ди -л -яй
адани
куьтях -на
рахк -ана
стха -яр -ни
сефер
чун
и
лагь -ана
вун
са
чун
ида
балкӏан -да -л -NULL
пачагь
са
къатка -нава
лугь -уда
яшамиш -да
гала -з
ида
хьа -нава
къач -уна
са
гъваш
лугь -уда
вич и -з
лагь -ана
им -ни
ихьтин
кьван
хкве да й
цӏай
ч -изва -ч
лагь -ана
чи зва й -ди
лагь -ана
булах -да -л -NULL -ни
хьа на
я
руш а -з
куьмек
гъалиб
тийи зва -й
балкӏан -да -л -NULL
хьайи -тӏа -ни
элягъ -на
са
вич и -з
це
и
мертебе -да -NULL
я -тӏа
рессам -ди -н
бес
эвера
оператор
за -з
идаз -л
очередь
ягъ
мад -ни
эвицӏ.хъуву на
хьи
ахпадаказ
я
а
ча
рук а -з
бере -да -NULL
ав -уна
седакъет
чна
и
запис -ар
я
ф -ида
лагь -ана
@@@ да -л -ай
акъат
гъил -ер -и -в -NULL
эвер -ана
цай
пачагь -ди -н
ама й
ида -н
чӏуг -нава
вуч
джафер
дерт
са
чна
са
маракьлы
хт -ана
башламиш -да
чубан
абур -у
акв -ада
асуьгьбетар -на
г -анва -й
хкадар -зава
самур
и -м
лугь -уда
алукӏ на
эн
ам
пара
ахпа
гужна
лугь -уда
и
чна
асул
лугь -уда
гаф
ада к ай
я
белке
чун
кьил -е -л -NULL
кӏурцӏул -ар -ни
вуч -и -н
я
за
ида
муаллим -ди
лугь -уда
ават -ана
мугьарибе
а
газет -ди -н
къвер.кьван
къачагъ -ар
эвер -на
же зва
я
хейли
яргъал
дуьз
кут -унва
халу
лагь -ана
вун
гьуьл -уь -н
гада -ди -ни
я
а
са
им
руш
руш
гьи
къач -уз
газет -ди -з
отношение
ак -ур -тӏа
патахъ
аладар -да
иер
чи
ханум а
тухв -ана
тафаат -ни
за
за в
ада -н
и
а
чир
цӏуьд
вичи -н
лагь -ана
хабар -ар
я
гьар
патав
дегьшет
леке
лугь -уда
бес
лугь -уда
югъ
ахпа
варз
станция -ди -н
лагь -ана
акъах -на
вуч
къв -ана
агакь -на
зу
кьил -е -л -NULL
галат нава й
еке
эдалет
ф -изва
я
има -ни
конфет -ди -л -ай
лугь -уда
хьа на
я -ни
ибур -у
чӏулав
сад
хъув -уна
чка да -л
рикӏ
гада -ди -н
смена -ди -з
це
йикъ а -л -ай
стха -ни
икьван
чӏав -ар а -й
вине
инай
жанавур -ри -н
гьакӏ а
лугь -уда
чка да -л
капаш -да -NULL
гьазим
лагь -ана
она.гуьре
ягъ
вич -и -н
талыш
лагь -ана
жервал
буба -ди -н
пуд
архаин
ат -анва
а
вил -ер -а -л -NULL
гъил
вири да
лугь -узва
руш а -н
са
граница -ди -з
кицӏ
лагь -ана
ф -ена
хкве -р -ла
девир -ди -з
яд
кьван
винел
булах
зейналабдин
г -уда
я -тӏа -ни
ава й
ибур
хьа на
лагь -ана
балкӏан -да -л -NULL
хьа -й -ла
юруьмуш
за -з
хьухь
х -уьз
хъая
кӏан а
лагь -ана
лагь -ана
хьи
ида
иси
ма
кӏан да
я
кичӏ
вахт
чая -р
са
гъ -ана
руш
ат -ана
акат да
гьакӏ
пек -ер
ибур -у
я
за -з
ав -уна
кран
са
гудий.вал
лугь -узва
ки
лагь -ана
зак ай
ава й
севастополь -ди -з
вал -ар -я -й
кран -ди -н
гьуьл -уь -н
ахпа
хер
хьа н
уъ
лугь -уда
хам
хьи
къерех -ди -з
зу
инал
лугь -уда
за -з
лугь -уда
зи
кьвед лагьай
кас
вун
къенд -ер
хьи
чна
пачагь -ди ни
туш
са
за в -яй
ий -ин
чи зва -й
катиз
им
кван
кӏан -зава -й
запись
назад
накьв
ада -н
вац -р -а -л -ай
зу
гьикӏ
лугь -уда
ихтилат
а
доггуз да
кицӏ
руш
къе -н -и -н
вуч
алад
кӏвал -е -NULL
вун а
сад
ида
гьава
ки
немец -ар
руш -ни
чаз -ди
хьа -нава й
икьван
лагь -ана
и
я
шив
жув а
гьуьл -уь -н
ава -з
руш -ни
кӏвал -а -л -яй
са
за
затӏа й -ла
американ -яр и
хъсан
лугь -уда
юкъ -у -з
я
вуш -ун
гьана
ий -ин
рикӏ а -л -ай
чпин
амукь -да
гила
за
ина
ат -ай ф -ей
вири да
гурвал
я
муаллим -ди -з
гьайван -ар
а -бур
кьве
хкв -еда
фи -ун
лагь -ана
ктаб да
ина -й
чпин
ча -з
ат -ана
лугь -уда
шикил
тегьер
акъат -на
шемседдин а -н
ктаб
абуне
кьулухъди
эвер -да
кицӏ -и
юкъ -у -з
хкв -еда
са
вуж
за
гьакӏ
хьи
чун
за
и
къв -еда
акьах -на
са
регьметлу
калтуг на
хкаж на
чуьхуь -из
къунши
гьамам -да -NULL
имкан
къапина
пек -ер
ктӏан
рикӏ -а -л -NULL
гъ -ида
чка да -л
уже
ва -з
къерех -ди -з
ракъу зва
оператор -ди
гаф
жив -еда -л -NULL
гевгьер -ар
са
чава ай
руш
и
гьим
къеле -ди -н
за
-кве -з
мад
части -н -и -з
къерар -ди -з
лугь -уда
руш -ар -и
ма
руш
гьич
эгер
са
вообще
лугь -уда
я
бигьуш
ктад -мир
тир
са
гада -ди -н
иеси
це
хьайи -ла
рах -аз
ковш да
таниш
лугь -уда
къван
кицӏ
кицӏ
материал
жув а -н
гьетта
чӏехи
лагь -ана
чӏав -а -л -ай
ф -изва
станция -да -л -NULL
я
я
чна
и
лагь -ана
лугь -уда
сада
ат -ана
мад -ни
за
ви
цай
балкӏан -да -л -NULL
кицӏ
накьв
ва -з
чӏехи
маса
каф
им
лугь -уда
за -з
вун а
проверка
бес
ав -уна
лагь -ана
югъ
и
куьтях
гъуьл -и -н
капаш -ди -н
ак -ур -тӏа
ва -з
гевгьер -ар
буба -ди -ни
вири
ам
я
яраб
амукь -да
хьиз
са
ибурун
гьана
гада -ди -н
я
кьил
аку
юкъ -у -з
я -тӏа -ни
за в -яй
хьа на
талыш
винел
ва -з
кхьихь
алат -да
луьтквечи
ки
гьа.бере да
хъсан
чӏав -у -з
молодой -ар
ат -анва
ак -ур -тӏа
лагь -ана
югъ
чи
мад
гафар -зава
я
гада
жеда -ч
и
гала -з
джагьан
хва
жазаландырмиширвал
лагь -ана
гаф
а
куьмек -ай -ди
кьве
нян -и -н
им
гьадисе -яр
чан
ада
всегда
гьуьл -и -в -NULL
вун а
гьат -на
кь -ена
асул
кьил
чан
на
за
г -уда
тир
гала -з
ат -ана
лагь -ана
хьуй
хьа йи
и
за хъ
хьиз
я
вун а -ни
бахширвал
гьаа
кве в -яй
машин -ди -н
стрела -ди -н
ван акъуд зава й тир
ида -л
ида
дарман
къул а -з
за
ава й
шегьер
са
куда
я
г -уз
лугь -уда
гъавурда.акьуна
гьикӏ
са
ибурни
са
гумир
къванж а -л ай
вич и -з
хта -нава
ина
лагь -ана
чна -ни
лугь -уда
имран
лагь -ана
стха -ди -хъ -NULL
арадлай
гада
докъкъузюз
гала -й
къе -н -и -н
вич -и -н
гада -ди
хъф -ена
къари
хьи
ама
чӏавуз @@@
зи
гила
г -уз
тагиев -а -з
ибур
лагь -ана
ки
кӏукӏв а -л
лугь -уда
алдатмиш -ар зава
ахпа
яргъал
ам
хъийи -з
ат -ана
ат -ана
джагьан
ахвар -из
ковш
я
гуьре
ида -з
дерин
фадамаз
та- г -ана
тир
фу -ни
къачу зва -й
я тӏа
къеле -ди -з
лугь -уда
мад
же да
и
югъ
гьахь -на
и
акӏ
хьа на
негъе -н
шоллар -ди -з
ва -з
саягъ
за
кхьи -з ай -ди
хьи
свободный
шеъер
хьи
я
къарагъ -на
чукуна
кван
винел
чун
и
за -з
гада
ан а -л
ина -й
хьа на
лагь -ана
лагь -ана
гала -з
килиг -на
амал -ди -в -NULL
ав -уна
акъадар -да
сегьви
жагъи зва -й
алат -да -ч ки
инихъ -ди
вич -и
кьуд а -з
же зва -ч
ава -й
дагъ -лар -и -в -NULL
ахпахъизда
ф -ена
гьа на
им
лагьа й -ди л -ай
велибег а -н
рекъ е
къв -еда
экъецӏ -на
чка
ахъай -на
ава -з
бере
кӏвал -и -з
т- ав -унва -й
киши -н -ни
лагь -ана
ашкъи -ни
крар -да
хъсан
лув.гана
лугь -уда
гьат.тавур -ди
тир
хуь да -й
гада -ни
и
са
чун
анадыр -ди -з
я
чир
сонра
ида -з
тар а -NULL
хуь зва -ч -ир -ни
ата -й -ди
лугь -уда
ани -з
и бур
тӏвар
за
километр
садра -ни
ава
ина -ра
мад
ида -н
хуьр ре
за
лугь -уда
вуч -ун
шуьбяддин
хт -ана
эрмени -ди -хъ -NULL
хьа на -ч
ахъа -й из
къар л -ай
кь -унва
ма
и
вун
гьуьл -уь -н
ам
пара
ки
гьа-гьа-гьа
еке
ф -изва
са
эвер -да
на
вич
хьиз
вилик
гьагь
я
кӏанчӏ -ина -л -NULL
кьван
г -уз
ида
руш
чи
имни
алат -ана
безханум
гьааа
цай
гвай
чпин
г -ана
хт -анва
хьа -ана
ф -ена
са
тӏ -уьна
вак
ам
гада -ди -н
кӏвал -е -NULL
сакӏани
кӏан -зава -й
шуьбяддин
къарши -ди -з
сакӏа -ни
г -ана -тӏа
рулун а -л -NULL
эвера
я
эвер -ана
пачагь -ди -з
ибур
тир
ци
за
лугь -уда
гьуьл -уь -н
лагь -ана
чи
чан
ават -ана
балкӏан -да -л -NULL
къалай
ава -з
пек -ер
вич и -з
са
ахъай -зава
лугьу -ун
амукь -на
лежет
лагь -ана
исабала -ди
я -ни
кицӏ -и -з
кам -ни
гада -ди -з
жи
кьин
тӏимил.кьван
твах
са
ида -н
хьуй
лагь -ана
иеси -ни
гьар
лагь -ана
руш
акъат
ашкъи
къеле
вич -и -н
жи бур -и
я
вич -и -з
лагь -ана
къизил
эвер -да
лугь -уда
руш
аял -ар
хьи
ат -ана
вун а
же зва
за -з
и
кӏвал -е -NULL
са
же зва -ч
чуь
маса
руш
икӏ -на
ханум
фе на @@@
рук а -з
кицӏ -и -з
цех
же да
ван
ма
лув
пачагь
хкв -еда
рехъ
жазаландырмиширвал
атӏу -з
вуч
къеле -ди -хъ -NULL
урус -яр
ф -ена
руш а -н
зи
же да -й
ама
лагь
ава ай -ди
хъуьт -и -хъ -ай
туькуьр -ун
ну
са
ахъа -я -ла
ша
а
пек -ни
вич -и -ни
лайих -ди
лугь -уда
гада
элчи -яр -ни
бацӏ
гьуьл -уь -н
юкъ -у -з
больница -ди -з
и
мехъер -и -з
эцек -на
гьамам -да -NULL
вич -и -з
ни
са
дежурный -ди -з
ида к ай
ида
ат -ана
ида -з -ни