a̱ ki
-hátoko̱
-hátoko̱
ish-
ohóyo -t
á -ttók
fokkáli -ka̱
ish-
sakki -áhí kíyo
pí
at
anóti
chá
tali
-chámo
i̱-
nána
alhíha -t
hachim-
nátah
yohmi
ish-
náhollo
náhollo
ít
tákoli
mihchi -li -kmat
kiyo
pí
il-
-ako̱
to̱ksa̱li
o̱t
falammi -li -ttók
nána
bi̱ka -h
-ma -k
-bíka -tok
kiyo
biyásha
áhopóni
tobi
-ya̱
-bíka -tok
chá
ano̱polí -l -áchi̱ -h
il-
kiyo
ilhkóho̱li -h
nani
a -ttók
iksho -hma̱
hicha
i̱-
-ka̱
ohóyo -t
a
tohchína
hicha
nátah
sakki -áhí kíyo
ná
kiyo
yohmi
-m -ato
okmanána
yohmi
illa
il-
pí
kati -k
kiyo
ish-
okl
hicha
ikkaná -li -h
nána
ásh
ninak
makáchi -t
ásh
ta̱chi
i̱-
ásh
ano̱ti
a̱
kiyo
o̱t
nána
mano
-ho̱
am
taposhshik
i̱pa -áchi̱ -kmat
pí
falammi -li -ttók
ish-
táhli
a̱ ki
na
a̱tta -li -h
kaníya -ttók
á -ttók
-hátoko̱
am
ná
-ka̱
iya -ttók
hapim-
tahli -li -ttók
-ako̱
ná
hicha
tobi
has- sam-
a̱ i̱tík
á -ttók
im- acho̱wa
-hátoko̱
o̱t
i̱-
-ka̱
pishokchi
a
kiyo
ano̱ti
á -ttók
i̱-
tali
sa-
mihchi -li -kmat
ano̱ti
faláma
anáto
nánaho̱
ma̱ya
nána
ná
taha
hachim-
-bíka -tok
tahli
-ak
nani
o̱t
shokshi
oski
pí
il-
a̱ya -li -h
ná
il-
-kat
ikka̱na
hicha
o̱t
sa- nakfish
bacháya
ish
am
nána
-kat
kiyo
anáto
il-
holisso
ishí -li -tok
anóti
-bíka -tok
iksho
sa- shki
tobi
il-
chishnáto
ish-
ikbi -t
yamm -ako̱
a̱
ná
-ma -k
alla
hóka̱
chim
naksika
mi̱ti
il-
pí
ná
il-
il-
anáto
am
-ak
kiyo -kásh
ásha -hma̱
ish-
kotcha
o̱t
o̱t
ano̱pol -ána -ttók
i̱-
-kat
tahli -li -ttók
náhollo
chishnáto
chahta
hachi-
ná
ish-
i̱-
ittiwáya -ttók
im-
-chámo
sa-
ála
wáya
nátah
taposhshik
il-
kotcha
nani
pisa -li -kmat
-ho̱
ikkiki̱ya -l -ahíka -ttók
anóti
a̱
kiyo
-akósh
a̱ya -li -h
anóti
-ak
ná
bacháya
kanohmi -ttók
nána
yamm -ako̱
kiyo
a̱tta -li
-ka̱
-ak
nána
táha -ttók
shokshi
kiyo
nána
a
sa-
siy- á -h
kíyo
basówa -chi -t
hikít
im-
pí
á
ta̱chi
il-
nána
osápa
hi -hma̱
o̱t
ta̱chi
o̱t
ish-
nátah
pí
alhto
il-
mihchi -li -kmat
pí
-ma -k
ish-
pí
sa-
ná
a̱tta -li
-kat
il-
iya
kaními
kiyo
hóka̱
ta̱chi
a -ttók
i̱-
ná
kaními
náhollo
il-
bacha̱ya
im-
o̱t
pí
hi -hma̱
náhollo
-ka̱
foha -ttók -o̱
ish-
il-
ikbi
am
-híka -ttók
iksho -h
pí
ish-
anáto
hi -hma̱
chohmi
mihchi -tok -o̱
-m -ato
áchih
o̱t
kaníya -li -ttók
im-
ikhana
yamm -ako̱
a̱
chishnáto
sa-
iko̱la
ish-
ayína
kanohmi
ittanówa -h
oklil
-ma -k
hikít
hi -hma̱
náhollo
okma̱
chishnáto
anáto
kiyo
il-
hi -hma̱
alla
iya -ttók
a̱ya -li -h
-bíka -tok
a
bók
iya
apíla
ish-
ná
chim
pisa -ttók
chá
-ya̱
sa- shki
si̱ti
sha̱hli
-ho̱
hi -hma̱
at
ish-
pila -ttók
o̱t
náhollo
alhlhi -ttók
hokchi -h
anáto
kaniyah
illi -ttók
ish-
hóka̱
hi -hma̱
anóti
alla
á
im-
ish-
yohmi
anáto
-ma -k
si̱ti
am
ásh
-híka -ttók
siy- ahni
ikbi
holisso
-kat
náhollo
anáto
anóti
pí
iya -ttók
áchih
hi -hma̱
nonáchi
-kat
iya -t
nani
ish-
nána
yohmi
ish-
ano̱ti
ano̱pol -ána -ttók
hi -hma̱
a
anóti
alla
ayína
na
ona
tana
pí
-ako̱
i̱-
il-
-ak
ná
iyá -li -tok -ósh
yamm -ako̱
ná
ohóyo -t
kíyo
-ka̱
malhlhih
fíhnah
ano̱poli -h
ikhaná -li -tok
chahta
ish-
-kat
toklo -sh
o̱t
ábachi -h
chokka
kíyo
-ak
oklil
to̱ksali -t
to̱ksali -t
a̱ ki
chá
na
ná
at
-ako̱
ano̱ti
kotcha
il-
sanna
o̱t
katimma -ako̱
kotcha
sa- shki
nokówa
hi -hma̱
-bíka -tok
-m -ato
ittiyápishi
o̱t
la̱wa
tahli -kmat
o̱t
hi -hma̱
a̱
am
-kat
hi -hma̱
pí
am
ish-
hachi-
ná
il-
nani
ano̱ti
haklo
taposhshik
hachim-
hopóni
banna -hma
nani
ittahobli -t
nani
a̱
-bíka -tok -o̱
oski
-ako̱
-m -ato
hi -hma̱
-ak
iya
to̱ksali -t
-kat
il-
ná
áchih
hilha
náhollo
to̱ksali -li
anáto
il-
a̱
siy- á -h
mihchi