-i-#PST.ACY m-#MO.ACY ulih#return
mah#dan
belaha#Beleha
odu#siang
onu#apa
ouu#oh
gulu#dahulu
k-#NMLZR ingei#want -n#NMLZR
se-#SE ng-#LINKER olu#day
engat#reply
sulikng#suling;.bangsi;.seruling
nggien#di.mana
mansabm#bangsa;.macam
bakng#kalau
nubuh#kemudian
soid#di.dalam
n-#PST.ACH dabuh#fall
k-#NMLZR ingei#want -n#NMLZR
suad#story
di#di;.ke;.pada
ipus#ekor
==ga#=
lumak#lembut
ny==#=
matakng#datang
ndah#tidak
nti#ini
nu#engkau;.awak;.saudara;.anda
obu#bau
waris#keluarga
hai#juga
bunua#kampung;.benua
ndah#tidak
na#DEF
na#DEF
-supuh#menyumpit -adn#V.>.NMLZ
medoot#barang,.benda
sia#3SG.NOM
sia#3SG.NOM
ulu#kepala
nganggabm#grope.for
na.haah.na#SEKARANG
epaat#empat
ngi-#ISA.AV riaak#pull
==ga#=
si==#=
na#DEF
dii#sana
diaadn#saya
nda#mereka
inagah#naga
asu#anjing
nyu#2PL.POSS
tuadn.umur#spirit.name
aha#awak;.engkau;.saudara;.anda
nd==#BIDAK;.BUKAN= ara#ada
pisinah#Pisina
tembakng#payau,.rusa
keng-#DIR dii#sana
suub#esok,.besok
ngai#get
nu#AUX.UV -an#ISA.UV
m-#MO.ACY udukng#get.up
mekul#Michael
na#DEF
na#DEF
mah#dan
umpil#Umpil
n-#ISA.AV ouk#draw.water
malik#again
ringah#sebelum,.dahulu
i-#PST.ACY gi-#ACY.C2 libag#menghina
nti#ini
bakng#kalau
k-#ABILITY aap#dapat
ina#itu
di#di;.ke;.pada
kurakng#kurang
puruh#pulau
simbatu#one
ngai#get
miliug#tinggi
bulei#boleh
na#DEF
meg-#HAB langgar#crash
di#di;.ke;.pada
na.haah.na#SEKARANG
punga#COMPL
bakng#kalau
==a#=AWAK;.ENGKAU;.SAUDARA;.ANDA
hei#juga
diaadn#saya
bitakng#punggung
ki-#EXIST ara#ada
di#di;.ke;.pada
pudn#pun,.bahkan
manuk#ayam
mah#dan
jadi#jadi
asu#anjing
mi-#ATTR.ST sidukng#di.bawah
biag#hidup
di#di;.ke;.pada
suat#kena
i==#=
nubuh#kemudian
suhup#enough
-im-#MO.ACY -lidik#bersih.ladang
na#now
onu#apa
na#DEF
bali#rumah
sood#even.more
aha#awak;.engkau;.saudara;.anda
si==#=
ti#kita
ponuh#Ponuh
badih#parang
isah#satu
saa#isteri;.suami;.bini;.laki
ngelag#mengiris
libudn#woman
ina#itu
mv-#NPST.ACH ibis#selesai -adn#V.>.ADVRS
saa#isteri;.suami;.bini;.laki
i==#=
na#DEF
kiou#kayu
in-#PST.UV iit#bawa
na#DEF
in-#PST.UV obuh#operate.on
dia#sana
tetak#tinggal
hei#juga
ng-#ISA.AV -inggutu#cari.kutu
si==#=
ernah#tanah.datar,.dataran.rendah
daidn#jalan;.denai;.jalan.kecil
nu#engkau;.awak;.saudara;.anda
-i-#PST.ACL taruh#simpan;.bersembunyi
nd==#BIDAK;.BUKAN= ara#ada
kei#juga
m-#ISA.AV udulih#peduli
suub#esok,.besok
ny==#=
ny==#=
mengin#ingin
ng-#ISA.AV inum#minum
doot-doot#hantu.bangkit
na#DEF
i==#=
ina#itu
mah#dengan;.sama
-i-#PST.ACY matakng#datang
k-#ABILITY aap#dapat
paat#empat
di#di;.ke;.pada
mata#mata
gulu#dahulu
pelanduk#pelanduk
gulu#dahulu
na#DEF
ng-#ISA.AV eit#sabit
nu#engkau;.awak;.saudara;.anda
m-#MO.ACY buat#lakukan
pa#yet
di#di;.ke;.pada
keng-#DIR di#kepada
tangis#menangis
aa#itulah
pa#yet
na.haah.na#SEKARANG
==ga#=
se-#CONT saa#isteri;.suami;.bini;.laki
pa#yet
meng-#TOWARD arap#harap;.mengharapkan
koort#pemotong
ringah#sebelum,.dahulu
se-#SE ng-#LINKER olu#day
buh#lama;.lampau
arap#harap;.mengharapkan
na#DEF
agih#haji
tingih#Tingih
nu#AUX.UV -an#ISA.UV
babi#babi
baar-baar#sungguh
su-#CONT suad#bercakap;.mengata;.cakap
siga.lama.na#MEREKA
m-#ISA.AV ompodn#menggumpul
bali#rumah
-in-#PST.ACY m-#ISA.AV iaah#ikut;.mengikut;.berjalan.bersama.sama
ng-#ISA.AV uhubm#percobaan
na#DEF
di#di;.ke;.pada
anu#anu
teih#tapi
apuh#datuk,.kakek
aa#itulah
mati#mati;.meninggal.dunia
bangsa#ras,.suku
peg#HAVING.Xed duah#descend
diaadn#saya
ndah#tidak
dei#jangan
diaadn#saya
ginis#jenis
nga#seperti
hei#juga
tinggalukng#tangalung
saa#isteri;.suami;.bini;.laki
nubuh#kemudian
kui#kuih
li-#CONT liid#lihat;.tengok
si==#=
ringah#sebelum,.dahulu
na#DEF
na#DEF
leidn#lain;.bukan
na#DEF
dua#dua
simbatu#one
ng-#ISA.AV obuh#operate.on
hei#juga
kuiih#sana
nubuh#kemudian
ng-#ISA.AV igid#memarut
pandi#know
saa#isteri;.suami;.bini;.laki
-in-#PST.ACY g-#ACY.C2 uubm#bahasa
==ga#=
teih#tapi
mual#Mual
keng-#DIR di#kepada
hei#juga
meg-#HAB tomu#temu
otud#lutut
menoon#Menoon
umpil#Umpil
iudn#ayun
m-#MO.ACY panu#pergi.jalan
mah#dan
dii#sana
sultadn#sultan
na#nya
tembakng#payau,.rusa
m-#ISA.AV isiaa#percaya
mah#dan
ndah#tidak
sultadn#sultan
me-#ATTR.ST leid#lama
me-#NPST.ACH lou#malu
beig#air
ng-#ISA.AV uit#kulit
i-#PST.ACY g-#ACY.C2 ahut#bawa
oid#perahu
ba#EMPHATIC
na#DEF
m-#ISA.AV ori#give
-in-#PST.ACY g-#ACY.C2 isik#goyang
na#DEF
na#DEF
kiaardn.na#ada
ndah#tidak
saa#isteri;.suami;.bini;.laki
pupug#mendudukkan
uubm#berkata
na#DEF
n-#ISA.AV uart#surat
n-#ATTR.ST tuah#tua
dimpingir#sejenis.penyengat
barabm#banyak
na#DEF
ndah#tidak
gi-#CONT g-#ACY.C2 ilakng#lay.down
peg-#HAVING.XED datakng#datang
mah#dengan;.sama
==ga#=
n-#ATTR.ST tiligud#menoleh
==ga#=
si==#=
nge-#ISA.AV lanag#sadar
ihi#kami
kubukng#kubung
nubuh#kemudian
birta#khabar,.berita
obu#bau
bangsa#ras,.suku
m-#MO.ACY ulih#return
==ga#=
dii#sana
==ga#=
ny==#=
saa#isteri;.suami;.bini;.laki
sida#PLURAL
na#now
==ga#=
-m-#MO.ACY sili#replace
pi-#CAUS.AV n-#PST.ACL -iag#awake
barabm#banyak
siidn#duit;.wang
siga.lama.na#MEREKA
na#DEF
tumbuh#bertunas
berosi#dayung
inubuh#kemudian
nd==#BIDAK;.BUKAN= ou#saya;.aku
mah#dan
diaadn#saya
gah#oleh
surungan#petak
onu#apa
pandi#know
suruh#order
diaadn#saya
suad#bercakap;.mengata;.cakap
sia#3SG.NOM
ihi#kami
ng-#ISA.AV ompuh#sepupu
peranak#budak,.anak
diti#sini
ihi#kami
n-#ISA.AV -iun#memburu.dengan.anjing
di#di;.ke;.pada
-em-#MO.ACY loon#lawan
maap#boleh
suad#bercakap;.mengata;.cakap
bulei#boleh
ou#saya;.aku
tinaman#tanaman
na#DEF
su-#CONT suad#bercakap;.mengata;.cakap
==ga#=
ut#carry -ah#ISA.UV.IMP
di#di;.ke;.pada
pandi#know
dia#sana
mati#mati;.meninggal.dunia
diti#sini
belaha#Beleha
nubuh#kemudian
hei#juga
ig-#ACY.C2 boboh#mulut
suhup#enough
n-#ISA.AV -iluh#memburu.dengan.tombak
pe-#IMP.ACY g-#ACY.C2 ahut#bawa
buna#pada.sisi.lain
ndah#tidak
-i-#PST.UV belah#putus
kumut#sarung
berhei#benar
-i-#PST.ACY -m-#MO.ACY selehei#rise
m-#MO.ACY ohodn#makan
ou#saya;.aku
n-#PST.ACY ig-#ACY.C2 biakng#detached;.separated
keng-#DIR di#kepada
suluudn-luudn#selamanya
-i-#PST.ACY m-#MO.ACY ulih#return
di#kepada
na#DEF
sia#3SG.NOM
peranak#budak,.anak
nu#2SG.SUBJ.ACT
==mi#=KAMI
pasal#reason
tutung#terbakar;.membakar -un#ISA.UV
suad#bercakap;.mengata;.cakap
nubuh#kemudian
tutua#choice
mengin#ingin
na#DEF
tereib#Tereib
ng-#ISA.AV ueirt#mencubit
dihiti#kita
si==#=
m-#ATTR.ST olok#ketakutan
diaadn#saya
guna#guna
rigiodu#pagi
mentamang#ibu.mentua;.mertua;.bapa.mentua;.mertua
saa#isteri;.suami;.bini;.laki
na#DEF
-i-#PST.ACH mati#mati;.meninggal.dunia
mati#mati;.meninggal.dunia
n-#ISA.AV -ehat#cabut
gien#where
ki-#PET bori#give
na.haah.na#SEKARANG
tidi#dari
na#DEF
di#di;.ke;.pada
di#di;.ke;.pada
bali#rumah
-i-#PST.UV sugah#isi
==hu#=
iloodn#sangat;.berlebihan;.sangat,.berlebihan
na#DEF
dihi#kami
na#now
-in-#PST.AV n-#ISA.AV -uruk#clean.field.after.burning
punga#setelah
bonggi#Banggi
-in-#PST.ACH bori#give
ndah#tidak
haah.na#MENDEKATI
ina#itu
piriadn#pemetik.api
pandi#know
m-#MO.ACY panu#pergi.jalan
nga#seperti
bakng#kalau
saa#isteri;.suami;.bini;.laki
-i-#PST.UV p-#CAUS.AV -tabukng#fall.inside.of.smthg
ny==#=
n-#ISA.AV isih#sisik
si==#=
na#DEF
singgurua#seperti,.serupa..sebagai;.seperti;.seolah.olah
nubuh#kemudian
tembakng#payau,.rusa
tiaah#panggilan.sayang
onsi#isi
nu#engkau;.awak;.saudara;.anda
==a#=AWAK;.ENGKAU;.SAUDARA;.ANDA
totog#pasti
ki-#EXIST ara#ada
nubuh#kemudian
jadi#jadi
-i-#PST.ACY m-#MO.ACY ulih#return
buat#lakukan
naah#boleh
dioo#di.sana
betangan#call.
==ku#=
tau#know
di#di;.ke;.pada
ng-#ISA.AV inum#minum
ng-#ISA.AV ansak#menanam
m-#ISA.AV iag#hidup
na#DEF
-i-#PST.ACL km#ACL basah#basah
haah.na#MENDEKATI
mah#dan
mah#dan
na#DEF
asu#anjing
di#di;.ke;.pada
biaah#ikut;.mengikut;.berjalan.bersama.sama
ke-#ABILITY -door#hear
belaha#Beleha
sia#3SG.NOM
ayad#baik
k-#NMLZR epat#empat -adn#NMLZR
i==#=
punti#pisang
di#di;.ke;.pada
m-#ATTR.ST -panggar#sukar
saa#isteri;.suami;.bini;.laki
bali#rumah
ouu#oh
sinah#orang.Cina
na#DEF
-in-#PST.UV kiab#kipas
nubuh#kemudian
ndah.totog#BIMBANG
rua#condition
nu#2SG.SUBJ.ACT
==mi#=KAMI
diha#engkau
suat#kena
ruub#air.pasang
-in-#PST.AV ng-#ISA.AV ai#get
na#DEF
teih#tapi
na#DEF
i-#PST.AV n-#ISA.AV ipuh#fall.out
tagi#Tagi
suad#bercakap;.mengata;.cakap
sultadn#sultan
na#DEF
ki-#EXIST ara#ada
i==#=
pasal#reason
n-#ISA.AV etak#tinggal
simbatu#one
ndah#tidak
set#hanya
iskul#sekolah
siidn#duit;.wang
baah#well
jadi#jadi
na#DEF
ndah#tidak
inoo#itu
udap#lapar
utudn#bring
==a#=AWAK;.ENGKAU;.SAUDARA;.ANDA
lanjakng#periuk
ou#saya;.aku
sumbakng#sumbang
ina#itu
batag#ulat.kelapa
ndah#tidak
hei#juga
asu#anjing
paat#empat
ou#saya;.aku
ina#itu
deirdn.na#ALONE
kei#juga
ou#saya;.aku
tuni#badan,.tubuh
bakng#kalau
berhei#benar
na#DEF
si==#=
kirab#kelmarin;.semalam
suad#bercakap;.mengata;.cakap
turuk#tetangga;.jiran
sia#3SG.NOM
na#DEF
na#DEF
sida#PLURAL
osi#siapa
nd==#BIDAK;.BUKAN= ara#ada
ngai#get
engat#reply
babi#babi
hei#juga
na#DEF
nubuh#kemudian
pudn#pun,.bahkan
pa#yet
suhu#suku
==ga#=
na#DEF
gibiidn#petang.(lewat)
na#DEF
kirab#kelmarin;.semalam
==ga#=
rua#condition
deirdn.na#ALONE
tingguluh#perlihatkanlah
alih#bung
bakng#kalau
me-#NPST.ACH lou#malu
ou#saya;.aku
ndah#tidak
ou#saya;.aku
n-#ISA.AV ulus#follow
dihi#kami
i==#=
hei#juga
i==#=
ina#itu
i==#=
mah#termasuk
mi-#ATTR.ST gia#besar
m-#ISA.AV injarah#penjara
na#DEF
ou#saya;.aku
uubm#berkata
nu#engkau;.awak;.saudara;.anda
uubm#berkata
na#DEF
nentaadn.na#ALL
na#DEF
-in-#PST.ACY ge-#ACY.C2 saa#isteri;.suami;.bini;.laki
penah#meskipun
ng-#ISA.AV ohos#squeeze.to.death
m-#ISA.AV obod#memintal
beig#air
teih#tapi
soo#ular.sawa
siga.lama.na#MEREKA
otud#lutut
na#DEF
ringgit#ringgit
na#DEF
na#DEF
doudn#daun
rua#way
ndah#tidak
teih#tapi
sahit#sakit
koon#makanan
dii#sana
mengin#ingin
batag#ulat.kelapa
bunua#kampung;.benua
ki-#EXIST ara#ada
eyrat#alam.baka
deirdn.na#ALONE
na#DEF
ihi#kami
bakng#kalau
ou#saya;.aku
nubuh#kemudian
m-#ISA.AV ori#give
hiti#kita
-i-#PST.ACY m-#MO.ACY ulih#return
peg-#HAVING.XED esah#satu -adn#V.>.ADVRS
si==#=
na#DEF
m-#ISA.AV untal#throw
ndah#tidak
babi#babi
uubm#bahasa
jadi#jadi
ndah#tidak
m-#MO.ACY ulih#return
barabm#banyak
peg#HAVING.Xed santuk#bump
tina#nanti
in-#PST.UV -ega#abort
satu#satu
umpil#Umpil
pati-pati#keep.dying
nubuh#kemudian
ndah#tidak
apuh#datuk,.kakek
==ga#=
puhul#pukul
-i-#PST.ACY matakng#datang
==ku#=
ouu#oh
dua-mpuluh#dua.puluh
mata#mata
sia#3SG.NOM
kei#juga
dumah#dan
==mi#=KAMI
louk#fish
ng-#ISA.AV kuah#pergi.ke
pudulih#peduli
susuk#duri
onu#apa
leid#lama
uhubm#trial
kuit#kulit
na#DEF
dua#dua
aha#awak;.engkau;.saudara;.anda
gulu#dahulu
mual#Mual
puhul.sebelas#PUKUL.SEBELAS
na#DEF
petah#amat
ba#EMPHATIC
m-#ISA.AV iaah#ikut;.mengikut;.berjalan.bersama.sama
di#di;.ke;.pada
m-#ISA.AV -upuk#wash.(clothes)
na#DEF
doudn#daun
uubm#bahasa
==hu#=
sikiou#ubi.kayu
undakng-undakng#aturan
n-#PST.ACH dabuh#fall
kunu#kunau
urang.tuah#ketua.kampung,.kepala.desa
ng-#ISA.AV -indihut#merumputi;.menyiangi
bunua#kampung;.benua
limbuak.darat#LIMBUAK.DARAT
gah#oleh
na#DEF
bakng#kalau
na.haah.na#SEKARANG
hei#juga
upaya#upaya
mah#dan
-i-#PST.ACY m-#MO.ACY ulih#return
keng-#DIR di#kepada
na#DEF
siadn#penyu
pegah#Limbuak
poroh#mengatakan
na#DEF
tembakng#payau,.rusa
punga#setelah
na#DEF
pelanduk#pelanduk
na#DEF
inubuh#kemudian
pangan#kawan;.sahabat
m-#MO.ACY ohodn#makan
na#DEF
onu#apa
na.haah.na#SEKARANG
linggid#tombak
ki-#EXIST ara#ada
ou#saya;.aku
i==#=
di#di;.ke;.pada
nubuh#kemudian
n==#=
bali#rumah
jadi#jadi
na#DEF
di#di;.ke;.pada
di#di;.ke;.pada
mah#dan
teih#tapi
kigiaadn#Kagayan
nu#engkau;.awak;.saudara;.anda
i==#=
taik#huh
hei#juga
na#DEF
na#DEF
sikng#seperti
kimidiadn#belakang
engat#reply
na#DEF
nubuh#kemudian
poroh#mengatakan
n-#ISA.AV oluh#chase
keng-#DIR di#kepada
kusang#Kusang
anu#anu
na#DEF
separu-separu#some
m-#ISA.AV aja#pupuk,.baja
kuiih#sana
nubuh#kemudian
n==#=
g-#ACY.C2 abit#mengikatkan.
leid#lama
tetoog#agung
mata#mata
di#di;.ke;.pada
beg#kalau ina#itu
dakng#gadis
ontokng#type.of.medicinal.plant
sikiou#ubi.kayu
ndah#tidak
punti#pisang
hei#juga
loud#laut
m-#ISA.AV iaah#ikut;.mengikut;.berjalan.bersama.sama
su-#CONT suad#bercakap;.mengata;.cakap
-in-#PST.ACY k-#DESIDERATIVE ulih#return
na#DEF
padi#pokok.padi
ou#saya;.aku
tinuug#pour
betaan#call
bakng#kalau
na#DEF
ki-#EXIST ara#ada
simbatu#one
na#DEF
==ku#=
deirdn.mi#OURSELVES
-in-#PST.ACY m-#MO.ACY ilih#return
m-#ATTR.ST ayad#baik
piih#tangan
na#DEF
ki-#EXIST ara#ada
tolu#tiga
mah#dan
ambih#aih
berosi#dayung
ringah#sebelum,.dahulu
beig#air
nya#3SG.SUBJ
na#DEF
singgurua#seperti,.serupa..sebagai;.seperti;.seolah.olah
na#DEF
na#DEF
sia#3SG.NOM
nti#ini
ou#saya;.aku
peit#kran.air,.pipa
-i-#PST.ACY -m-#MO.ACY duah#descend
-m-#ACL togih#bunting;.hamil;.mengandung
kei#juga
mah#dan
nda#mereka
nubuh#kemudian
n-#PST.AV ig-#RECP tomu#temu
serangad#dasar.keranjang
dioo#di.sana
-in-#PST.AV pi-#IMP.AV biaar#bayar
mulah#zaman.dahulu
babi#babi
siidn#duit;.wang
puhul#pukul
pedang#pedang
ouu#oh
m-#ATTR.ST bisa#bisa
beig#air
sahit#sakit
na#DEF
na#DEF
mulah#zaman.dahulu
na#now
ina#itu
robi#malam;.pada.waktu.malam
in-#PST.UV ondih#buang
nu#engkau;.awak;.saudara;.anda
ihi#kami
turuh#tujuh
ndah#tidak
ou#saya;.aku
dei#jangan
m-#MO.ACY buah#lontong
romu#air.mata
in-#PST.UV ai#get
sikng#seperti
engat#reply
keng-#DIR di#kepada
na#DEF
musa#Musa
di#di;.ke;.pada
-i-#PST.ACY matakng#datang
suruh#order
n-#PST.ACH dubu#fall -adn#V.>.ADVRS
m-#MO.ACY ien#stay
i==#=
in-#PST.UV ohodn#makan
leidn#other
si==#=
ndah#tidak
na#DEF
siga#PLURAL
na#DEF
elih#anak.lelaki
mah#dan
ndah#tidak
na#DEF
==ga#=
m-#MO.ACY ulih#return
ki-#PET bori#give
meg-#HAB suad#bercakap;.mengata;.cakap
di#in
siabm#sembilan
nubuh#kemudian
simbatu#one
kiti#kita
ny==#=
mah#dan
dioo#di.sana
gien#where
sikng#seperti
na.haah.na#SEKARANG
na#DEF
malik#again
su-#CONT suad#bercakap;.mengata;.cakap
na.haah.na#SEKARANG
bubak#katak,.kodok
ndah#tidak
lanjakng#periuk
punga#COMPL
su-#CONT suad#bercakap;.mengata;.cakap
na#DEF
di#di;.ke;.pada
kerah#monyet
usikng#kucing
ihi#kami
ki-#NMLZR biag#hidup -adn#NMLZR
nggien#di.mana
m-#ISA.AV injarah#penjara
na#DEF
dioo#di.sana
bakng#kalau
deirdn.na#ALONE
na#DEF
tunggulun#Tunggulun
ihi#kami
==a#=AWAK;.ENGKAU;.SAUDARA;.ANDA
-i-#PST.ACY matakng#datang
na#DEF
m-#ISA.AV anas#memanaskan
-in-#PST.AV n-#ISA.AV uba#tuba
ndah#tidak
bali#rumah
nu#engkau;.awak;.saudara;.anda
padi#pokok.padi
na#DEF
na#DEF
pag#HAVING.Xed datakng#datang
siidn#duit;.wang
tingih#Tingih
nd==#BIDAK;.BUKAN= uhu#engkau.sekalian
sikiou#ubi.kayu
keng-#DIR di#kepada
me-#NPST.ACH damat#luka
keng-#DIR di#kepada
na.haah.na#SEKARANG
di#di;.ke;.pada
sia#3SG.NOM
ina#itu
ina#itu
i==#=
na#DEF
mah#dan
na#DEF
ba#EMPHATIC
na#DEF
==ku#=
-in-#PST.AV ng-#ISA.AV ahas#uncovered
m-#MO.ACY ulih#return
leidn#lain;.bukan
na#DEF
-i-#PST.ACY -m-#MO.ACY duah#descend
engat#reply
berengkali#mungkin
nubuh#kemudian
punti#pisang
ki-#POSS ara#ada
g-#ACY.C2 imung#gumpul;.campur;.menghimpunkan
kaah.na#MENDEKATI
na#DEF
ajukng#bahtera
na#DEF
kiaardn.na#ada
di#di;.ke;.pada
ny==#=
ou#saya;.aku
nd==#BIDAK;.BUKAN= ara#ada
onu#apa
ouu#oh
su-#CONT suad#bercakap;.mengata;.cakap
n-#ATTR.ST togih#bunting;.hamil;.mengandung
pa#yet
gien#where
-in-#PST.ACY gin-#ACY.C2 ohodn#makan
sia#3SG.NOM
na#DEF
ndah.pa#BELUM;.BELUM.LAGI;.
mata#mata
leidn-leidn#anything.different
punga#setelah
uubm#berkata
damak#damak
asal#asal
gien#where
==ga#=
na#DEF
na#DEF
ou#saya;.aku
mual#Mual
lumbuh#labu
na#DEF
==ga#=
asu#anjing
se-#CONT saa#isteri;.suami;.bini;.laki
na#DEF
tolu#tiga
na#DEF
onu#apa
na#DEF
puhi#puki
nti#ini
nubuh#kemudian
==ga#=
-i-#PST.ACY -m-#MO.ACY suak#enter
pelanduk#pelanduk
se-#SE ng-#LINKER olu#day
n-#ISA.AV utukng#terbakar;.membakar
hei#juga
bakng#kalau
si==#=
mistiih#mesti
engat#reply
ndah#tidak
-in-#PST.ACY panu#pergi.jalan
-in-#PST.AV n-#ISA.AV -iag#awake
nu#engkau;.awak;.saudara;.anda
ubiadn#Ubian
bas#pernah
tidi#dari
ou#saya;.aku
-i-#PST.UV bori#give
nti#ini
ndah#tidak
==ga#=
sikng#seperti
nu#engkau;.awak;.saudara;.anda
na#nya
na#DEF
peg#HAVING.Xed inum#minum
-in-#PST.ACY m-#ISA.AV iaah#ikut;.mengikut;.berjalan.bersama.sama
nga#seperti
m-#MO.ACY panu#pergi.jalan
n==#=
kudasan#Kudasan
na#DEF
se-#SE ng-#LINKER gerobi#semalam
ei#adu
n-#ISA.AV ibas#tetak
mentamang#ibu.mentua;.mertua;.bapa.mentua;.mertua
nd==#BIDAK;.BUKAN= ara#ada
pe-#IMP.AV nge-#ISA.AV saa#isteri;.suami;.bini;.laki
di#di;.ke;.pada
==ku#=
iit#bawa
tolu#tiga
hiti#kita
ringah#sebelum,.dahulu
nga#seperti
na#DEF
badih#parang
dei#jangan
mistiih#mesti
ng-#ISA.AV irubm#look.for
pusud#saudara
ndah#tidak
pelanduk#pelanduk
ngai#get
i==#=
mengin#ingin
si==#=
na#DEF
nubuh#kemudian
libudn.bungu#Female.Rice.Demon
ou#saya;.aku
na#DEF
suad#bercakap;.mengata;.cakap
na#DEF
nu#engkau;.awak;.saudara;.anda
na#DEF
na#DEF
-i-#PST.ACY m-#MO.ACY uhad#leave
-in-#PST.ACY panu#pergi.jalan
kahah#kakak
mual#Mual
tenggabadn#tembakan
==a#=AWAK;.ENGKAU;.SAUDARA;.ANDA
m-#MO.ACY buah#lontong
su-#CONT suad#bercakap;.mengata;.cakap
giuk#ulat
baar-baar#sungguh
pasi#lagi
pe-#CAUS.AV panyap#pack.things
kereytah#kereta
na#DEF
toyuk#kecil;.sedikit
sei#just
leid#lama
kuiih#sana
belaha#Beleha
toidn#hutan
simbatu#one
di#di;.ke;.pada
mengin#ingin
deirdn.na#ALONE
ng-#ISA.AV g-#ACY.C2 iit#bawa;.membawa
diaadn#saya
dei#jangan
malik#again
na#DEF
amah#bapa;.ayah
kimpusadn#terakhir
menoon#Menoon
na#DEF
biikng#ujung,.pinggir
ng-#ISA.AV ahudn#sanggup
ng-#ISA.AV inum#minum
na#DEF
na#DEF
si==#=
na#DEF
gigiu#Gigiu
diaadn#saya
tiadn#perut
ng-#ISA.AV irah#ajar
nibalu#Gunung.Kinabalu
na#DEF
m-#ISA.AV -insari#mencari.ikan;.memburu;.penangkapan.ikan
api#api
walau.pudn#WALAUPUN
gulu#dahulu
i==#=
deirdn.na#ALONE
surunggarakng#type.of.vine
purah-purah#pura.pura
ouu#oh
dunyah#dunia,.bumi
si==#=
pasi#lagi
hei#juga
mati#mati;.meninggal.dunia
-em-#MO.ACY teis#tangis
ou#saya;.aku
keng-#DIR di#kepada
me-#NPST.ACH lou#malu
==ga#=
purah-purah#pura.pura
baa#mari.pergi
ilab#air.ludah -adn#ISA.UV
kerah#monyet
bakng#kalau
ubadn#uban
induh.amah#ibu.bapa
ou#saya;.aku
iskul#sekolah
kuman#pakcik;.bapa.saudara
ou#saya;.aku
suub#esok,.besok
nd==#BIDAK;.BUKAN= ou#saya;.aku
-in-#PST.AV ng-#ISA.AV uah#pergi.ke
k-#NMLZR epat#empat -adn#NMLZR
na#DEF
na#DEF
urakng#orang
nd==#BIDAK;.BUKAN= ara#ada
ambih#aih
mipah#bila
na#DEF
-i-#PST.ACH mati#mati;.meninggal.dunia
alih#bung
ari.buaidn#DATE
amah#bapa;.ayah
ombok#Ombok
na#DEF
na#DEF
ng-#ISA.AV iup#meniup
na#DEF
susa#sulit,.sukar
nga#seperti
na#DEF
bali#rumah
mual#Mual
biag#hidup
-i-#PST.ACH mati#mati;.meninggal.dunia
na#DEF
dioo#di.sana
ou#saya;.aku
miliug#tinggi
==mi#=KAMI
pisinah#Pisina
ti#kita
na#DEF
ou#saya;.aku
na#DEF
m-#MO.ACY ulih#return
ouu#oh
m-#ATTR.ST -panggar#sukar
surungan#petak
ina#itu
na#DEF
buh#lalu
padi#padi
bas#pernah
punga#COMPL
ki-#EXIST ara#ada
==ga#=
na#DEF
punga#COMPL
di#di;.ke;.pada
lahi#lelaki
na#DEF
walu-mpuluh-tolu#lapan.puluh.tiga
nti#ini
bonti#jembatan
==ku#=
pelanduk#pelanduk
mual#Mual
ou#saya;.aku
-em-#MO.ACY teis#tangis
deirdn.mi#OURSELVES
hei#juga
melik#lagi
pag#HAVING.Xed datakng#datang
sia#3SG.NOM
sapad#angkasa
reyda#Reyda
pasi#lagi
siga.lama.na#MEREKA
m-#ISA.AV ompodn#menggumpul
nubuh#kemudian
nti#ini
indonisia#Indonesia
nu#AUX.UV -an#ISA.UV
-in-#PST.ACY panu#pergi.jalan
ki-#EXIST ara#ada
m-#1ARG.ST odop#tidur
ny==#=
meg-#HAB ramai#kumpul,.acara
di#di;.ke;.pada
ba#EMPHATIC
sisih#sisik
amah#bapa;.ayah
-in-#PST.ACY panu#pergi.jalan
na#DEF
tengah#setengah
mekul#Michael
k-#ABILITY aap#dapat
pa#yet
subai#on.the.contrary
kei#juga
bakng#kalau
mistiih#mesti
kubal#kulit
m-#ISA.AV -upuk#wash.(clothes)
palikng#paling
ponuh#Ponuh
na#DEF
hei#juga
ina#itu
poroh#mengatakan
bonggi#Banggi
na#DEF
m-#NPST.ACH udap#lapar -adn#V.>.ADVRS
ny==#=
na#DEF
salakng#damar
tuni#badan,.tubuh
-in-#PST.AV nge-#ISA.AV dahap#seize
-i-#PST.UV -sabur#menabur;.menghamburkan;.menaburkan
kumbal#Kumbal
na#DEF
==ga#=
leid#lama
ina#itu
-in-#PST.AV ng-#ISA.AV ai#get
abih#Abih
punga#COMPL
luas#exit
engat#reply
ngasih.loobm#HUGE.DIFFICULTY
alih#bung
belaha#Beleha
ke-#MULT.NUM tolu#tiga
tobodn#pecah
na#DEF
baa#mari.pergi
-i-#PST.ACL -m-#ACL segah#merah
sabudn#sabun
==ga#=
ada#ada
tuni#body
-in-#PST.UV sipak#tandang;.menyepak
ouu#oh
mah#dan
nti#ini
ringah#sebelum,.dahulu
ndah#tidak
tentang#tentang
pusud#saudara
pandi#know
ibal#kawan
ina#itu
ooh#okay
siga#PLURAL
ba#EMPHATIC
nubuh#kemudian
bituha#perut
mah#dan
na#DEF
bonggi#Banggi
ndah#tidak
na#DEF
gulu#dahulu
pasi#lagi
na#DEF
m-#MO.ACY panu#pergi.jalan
api#api
di#di;.ke;.pada
puluh#sepuluh
-in-#PST.AV ng-#ISA.AV elu#mabuk
deirdn#self
onu-onu.ga#apa.apa
nu#2SG.SUBJ.ACT
ihi#kami
mata#mata
ndah#tidak
g-#ACY.C2 esak#tohor
==ga#=
na#DEF
ihi#kami
m-#MO.ACY panu#pergi.jalan
amah#bapa;.ayah
k-#MULT.NUM esa#satu
na#DEF
hei#juga
ndah#tidak
ny==#=
-in-#PST.UV timbak#memburu;.menembak
na#DEF
kirab#kelmarin;.semalam
bajuh#baju;.kemeja
ng-#ISA.AV irubm#look.for
n-#ISA.AV apu#atap
si==#=
kuub#dada
ou#saya;.aku
bonggi#Banggi
m-#ISA.AV ahi#pakai
aa#itulah
deirdn.na#ALONE
mati#mati;.meninggal.dunia
suad#bercakap;.mengata;.cakap
pa#yet
==ku#=
tingih#Tingih
di#di;.ke;.pada
==ga#=
ngai#get
peidn#juga
siga#PLURAL
ei#adu
g-#ACY.C2 ipad#berhenti
sapu#atap
kuiih#sana
ihi#kami
kaya#kaya
tiadn#perut
kita#kita.berdua
belaha#Beleha
ringah#sebelum,.dahulu
mati#mati;.meninggal.dunia
na#DEF
ge-#ACY.C2 saa#isteri;.suami;.bini;.laki
mentamang#ibu.mentua;.mertua;.bapa.mentua;.mertua
keng-#DIR di#kepada
mah#dan
diti#sini
mi-#ATTR.ST -rimbu#dangkal
pasi#lagi
barabm#banyak
ihi#kami
na#DEF
aha#awak;.engkau;.saudara;.anda
mual#Mual
kei#juga
m-#ISA.AV osi#pancing;.mata.kail
asal#asal
==ga#=
keng-#DIR di#kepada
m-#ATTR.ST olok#ketakutan
ng-#ISA.AV ipah#simpan;.menaruh;.meletakkan
m-#MO.ACY ulih#return
bonggi#Banggi
ajukng#bahtera
gulu#dahulu
ihi#kami
kei#juga
kelopis#type.tree
bakng#kalau
lahi#lelaki
lehad#puas
-m-#MO.ACY sili#replace
nelayan#kapal.yang.ada.pukat
amah#bapa;.ayah
suad#bercakap;.mengata;.cakap
-in-#PST.UV biaan#pengangkutan
ringgit#ringgit
mah#dan
na#DEF
ng-#ATTR.ST gulu#dahulu
ki-#EXIST ara#ada
m-#ATTR.ST onsobm#limau,.jeruk.limun
hei#juga
na#DEF
ou#saya;.aku
mah#dengan;.sama
nd==#BIDAK;.BUKAN= ou#saya;.aku
ki-#PET bori#give
nubuh#kemudian
ou#saya;.aku
uubm#berkata
iit#bawa;.membawa -on#ISA.UV
i-#PST.AV ngi-#ISA.AV dihit#light.fire
peg-#ITER liid-#LIHAT;.TENGOK liid#lihat;.tengok
jadi#jadi
na#DEF
pilipin#Filipin
na#DEF
otud#lutut
nibalu#Gunung.Kinabalu
n-#NPST.ACH suruadn#meminang
m-#NPST.CAUS.AV pe-#CAUS.AV -boli#beli
bansuk#.house.post
si==#=
engat#reply
api#api
na#DEF
-in-#PST.ACY g-#ACY.C2 api#api
ng-#ISA.AV obuh#operate.on
ng-#ISA.AV biidn#pesan
mah#dengan;.sama
louk#fish
mentamang#ibu.mentua;.mertua;.bapa.mentua;.mertua
k-#ABILITY aap#dapat
puudn#tree
keng-#DIR di#kepada
ny==#=
kahah#kakak
ooh#okay
di#di;.ke;.pada
libuat#on
oduh#nenek
ng-#ATTR.ST koon#makanan
kita#kita.berdua
daidn#jalan;.denai;.jalan.kecil
gah#oleh
nu#engkau;.awak;.saudara;.anda
==ga#=
suhu#suku
ouu#oh
di#di;.ke;.pada
buat#lakukan
ki-#PET bori#give
ina#itu
mata#mata
jadi#jadi
mati#mati;.meninggal.dunia
di#di;.ke;.pada
mulah#zaman.dahulu
meg-#HAB tomu#temu
keng-#DIR di#kepada
nubuh#kemudian
dei#jangan
na#DEF
ny==#=
duah#descend
babi#babi
ki-#EXIST ara#ada
aa#itulah
ny==#=
gah#oleh
diaadn#saya
hei#juga
saa#isteri;.suami;.bini;.laki
oduh#nenek
ari.buaidn#DATE
tuhad#tangga
ali#lain
na#DEF
m-#MO.ACY ulih#return
n-#ISA.AV -uurdn#ikut;.turun
na#DEF
m-#ISA.AV osol#memeras
ringah#sebelum,.dahulu
ihi#kami
bali#rumah
nu#engkau;.awak;.saudara;.anda
-i-#PST.ACY -m-#MO.ACY duah#descend
na#DEF
ihi#kami
bakng#kalau
sia#3SG.NOM
nu#AUX.UV -an#ISA.UV
amah#bapa;.ayah
pusud#saudara
suad#bercakap;.mengata;.cakap
i==#=
si==#=
==mi#=KAMI
nubuh#kemudian
mulah#zaman.dahulu
-i-#PST.ACY -m-#MO.ACY duah#descend
pasi#lagi
leid#lama
diaadn#saya
m-#NPST.ACH id#lihat;.tengok -adn#V.>.ADVRS
tapih#tetapi
peg#HAVING.Xed tupa#terjun;.meloncati.ke.bawah
dei#jangan
mah#dan
mulah#zaman.dahulu
sia#3SG.NOM
pu-#CAUS.AV luas#exit
sei#just
di#di;.ke;.pada
di#in
katih#di.sini
si==#=
bas#pernah
sabudn#sabun
nyu#2SG.NSUBJ.ACTOR
na#DEF
alih#bung
mah#dan
engat#reply
nubuh#kemudian
ou#saya;.aku
louk#fish
nd==#BIDAK;.BUKAN= ou#saya;.aku
sikng#seperti
barabm#banyak
di#di;.ke;.pada
-in-#PST.ACY g-#ACY.C2 uhubm#trial
nibalu#Gunung.Kinabalu
na#DEF
bakng#kalau
==ga#=
bonggi#Banggi
sapah#anak.sungai
dii#sana
na#DEF
keng-#DIR di#kepada
na#DEF
ina#itu
bali#rumah
m-#ISA.AV iag#hidup
ba#EMPHATIC
di.libuat#DI.ATAS
katih#di.sini
buh#lama;.lampau
ringah#sebelum,.dahulu
nentaadn.na#ALL
m-#ATTR.ST oduh#jauh
buat#lakukan
m-#ATTR.ST olok#ketakutan
ki-#POSS ladu#sakit
penggorokng#bunglun
pasi#lagi
-i-#PST.ACY m-#MO.ACY ulih#return
kiou#kayu
m-#MO.ACY ogot#look.after
in-#PST.UV ei#get
ngi#get -en#ISA.UV
uubm#berkata
na#DEF
silah#ubi.jalar,.ubi.rambat
mah#dan
nubuh#kemudian
ou#saya;.aku
nti#ini
baluh#pretend
ki-#EXIST ara#ada
babi#babi
k-#ABILITY aap#dapat
iit#bawa;.membawa -on#ISA.UV
nubuh#kemudian
biaa#ikut;.mengikut;.berjalan.bersama.sama -dn#ISA.UV
na#DEF
ngimomos#put.in.pot
di#di;.ke;.pada
mah#dan
tidi#dari
meg-#HAB panggil#panggil
ng-#ISA.AV irubm#look.for
nd==#BIDAK;.BUKAN= ara#ada
rua#condition
nti#ini
leidn#lain;.bukan
na#DEF
bakng#kalau
k-#ABILITY aap#dapat
ngai#get
poroh#mengatakan
n-#LINKER toudn#tahun
-in-#PST.ACL -bintut#mencabut
ou#saya;.aku
ndah#tidak
asal#asal
mual#Mual
amah#bapa;.ayah
hei#juga
na#DEF
sei#just
m-#MO.ACY panu#pergi.jalan
ina#itu
m-#MO.ACY ulih#return
ki-#PET bori#give
==ga#=
na#DEF
tindiangan#persimpangan
tau#know
i==#=
-in-#PST.AV n-#ISA.AV uhag#raise.up
pusud#saudara
tanah#tanah
aa#itulah
mah#dan
kiou#kayu
na#DEF
-i-#PST.ACY matakng#datang
kirab#kelmarin;.semalam
soord.suhadn#LEBAH.BERACUN
aa#itulah
-i-#PST.ACY matakng#datang
ng-#ISA.AV urtak#sayur
apuh.oduh#leluhur,.nenek.moyang
engat#reply
pasakng#helai
rua#condition
==ga#=
mah#dan
punga#setelah
-i-#PST.ACL -m-#ACL kotul#keras
nubuh#kemudian
ndah#tidak
i==#=
dawai#pagar.kawat
ndah#tidak
ou#saya;.aku
buaidn.sebelas#BULAN.NOVEMBER
obu#bau
di#kepada
ketangan#tentang
kirab#kelmarin;.semalam
mung-#TOWARD kuiih#sana
ati#heart
na#DEF
singgurua#seperti,.serupa..sebagai;.seperti;.seolah.olah
-in-#PST.ACH rari#lari
na#DEF
talabm#talam;.dulang
na#DEF
ki-#EXIST ara#ada
siga.lama.na#MEREKA
na#now
na#DEF
nge-#ISA.AV damak#damak
kosog#kuat
teih#tapi
lima#lima
di#in
-in-#PST.ACY k-#DESIDERATIVE ohodn#makan
kuiih#sana
pudn#pun,.bahkan
baah#well
na#DEF
na#DEF
tidi#dari
suruh#order
kusur#Kusur
na#DEF
mati#mati;.meninggal.dunia
nubuh#kemudian
sia#3SG.NOM
m-#ISA.AV oroh#mengatakan
sia#3SG.NOM
hei#juga
gandubm#jagung
n-#PST.ACY ig-#ACY.C2 turus#terus
n-#ISA.AV ahu#curi;.mencuri
teih#tapi
ny==#=
ng-#ISA.AV -uhut#garuk
esi#siapa
m-#MO.ACY ien#stay
sia#3SG.NOM
na#DEF
ke-#MULT.NUM tolu#tiga
nubuh#kemudian
alih#bung
keladih#ubi.keladi
m-#ATTR.ST olok#ketakutan
dii#sana
m-#ISA.AV oroh#mengatakan
bali#rumah
m-#MO.ACY ulih#return
leidn#lain;.bukan
kerah#monyet
alih#bung
na#DEF
diaadn#saya
na#DEF
-m-#ACL gia#besar
suad#bercakap;.mengata;.cakap
tiadn#perut
bali#rumah
kuub#dada
hei#juga
tigungguh#upacara.pengobatan
-i-#PST.ACL -m-#ACL togor#karat
hei#juga
kuiih#sana
di.libuat#DI.ATAS
ihi#kami
nagah#naga
gien#where
se-#SE m-#LINKER belah#separuh;.setengah
n-#ISA.AV -opuk#menyumpit
ina#itu
-in-#PST.ACY g-#ACY.C2 uubm#bahasa
n-#PST.ACH dedi#happen
na#FOCUS
nda#mereka
==ga#=
na#DEF
rua#condition
bali#rumah
baar-baar#sungguh
di#di;.ke;.pada
mistiih#mesti
mulak#muda
peidn#juga
api#api
di.tempak#DI.ATAS
haah.na#MENDEKATI
pandi#know
pelanduk#pelanduk
==mi#=KAMI
belaha#Beleha
ombok#Ombok
kei#juga
na#DEF
si==#=
siga#PLURAL
ringgit#ringgit
siga#PLURAL
temomu#meet
ou#saya;.aku
siga#PLURAL
nubuh#kemudian
susuk#duri
m-#ATTR.ST peit#pahit
bali.raya#BALAI.RAYA,.BALAI.KOTA
mekul#Michael
punga#setelah
diaadn#saya
ku-#MULT.NUM dua#dua
jadi#jadi
tina#nanti
nga#seperti
na#now
adat#adat
nubuh#kemudian
puhul#pukul
pa#yet
na#DEF
dolok#hujan
ponuh#Ponuh
na#DEF
poroh#mengatakan
ng-#ISA.AV kuah#pergi.ke
onu#apa
pudn#pun,.bahkan
na#DEF
na#DEF
anu#anu
nubuh#kemudian
-in-#PST.ACY gi-#ACY.C2 limut#fitnah
su-#SE m-#LINKER puudn#pokok,.pohon
kirab#kelmarin;.semalam
hei#juga
nubuh#kemudian
m-#ISA.AV iaah#ikut;.mengikut;.berjalan.bersama.sama
leksiadn#Laksian
m-#ISA.AV erook#kebun
diti#sekarang
be-#CONT balas#membalas.dendam
bakng#kalau
nti#ini
ina#itu
diring#Diring
mati#mati;.meninggal.dunia
na#now
suruh#order
tundungun#Tundungun
mati#mati;.meninggal.dunia
di#di;.ke;.pada
m-#ISA.AV oroh#mengatakan
kerah#monyet
m-#ISA.AV -onsuh#mandi
na#DEF
gangguh#kecapi.mulut
tumbuh#bertunas
onu#apa
i-#PST.ACY gi-#ACY.C2 libag#menghina
jadi#jadi
nyu#2PL.POSS
==ku#=
umpil#Umpil
na#DEF
baar-baar#sungguh
pungaan#finished
nubuh#kemudian
aha#awak;.engkau;.saudara;.anda
nuruhub#menyergap;.mengadang
nu#engkau;.awak;.saudara;.anda
tenggabadn#tembakan
n==#=
suart#surat
biaar#bayar -dn#ISA.UV
k-#ABILITY aap#dapat
na#DEF
pe-#CAUS.AV ng-#ISA.AV alag#membuka.mata
punga#COMPL
-in-#PST.AV ng-#ISA.AV atur#atur
suhup#enough
di.libuat#DI.ATAS
na#DEF
hei#juga
na#DEF
m-#ISA.AV ori#give
malik#again
sia#3SG.NOM
na#DEF
na#now
obu#bau
na#DEF
ny==#=
na#DEF
na#DEF
hei#juga
belaha#Beleha
kei#juga
mekul#Michael
na#DEF
==ku#=
se-#SE tengah#setengah
na#DEF
beig#air
-in-#PST.ACY g-#ACY.C2 olok#ketakutan
ng-#ISA.AV arap#harap;.mengharapkan
na#DEF
nubuh#kemudian
ndah#tidak
na#DEF
nu#AUX.UV -an#ISA.UV
g-#ACY.C2 esak#tohor
buid#bukit
nti#ini
nd==#BIDAK;.BUKAN= ara#ada
na#DEF
na#DEF
buh#lama;.lampau
tembakng#payau,.rusa
tapih#tetapi
==ga#=
onu#apa
bakng#kalau
mual#Mual
n-#ATTR.ST togih#bunting;.hamil;.mengandung
hei#juga
apuh#datuk,.kakek
mah#dan
botik#warna
hei#juga
mulei#mulanya
hei#juga
bali.raya#BALAI.RAYA,.BALAI.KOTA
induh.amah#ibu.bapa
nubuh#kemudian
m-#MO.ACY buat#lakukan
na.haah.na#SEKARANG
i==#=
rigiodu#pagi
tembakng#payau,.rusa
na#DEF
buat#lakukan
guai#kekasih,.belahan.jiwa
barabm#banyak
keng-#DIR di#kepada
pinsadn#saudara.sepupu
ndah#tidak
ndah#tidak
uhubm#trial
si==#=
==ga#=
nu#engkau;.awak;.saudara;.anda
tereib#Tereib
di#di;.ke;.pada
dindikng#dinding
ali#beberapa
su-#CONT suad#bercakap;.mengata;.cakap
na#DEF
pa#yet
di#di;.ke;.pada
ouu#oh
iding#Iding
pegogot#hold.on
ou#saya;.aku
diha#engkau
aha#awak;.engkau;.saudara;.anda
piriadn#pemetik.api
ndah#tidak
na#DEF
me-#ATTR.ST leid#lama
-i-#PST.ACY -m-#MO.ACY selehei#rise
ki-#EXIST ara#ada
ihi#kami
ig-#RECP biakng#detached;.separated
di#di;.ke;.pada
na#DEF
tinggabadn#tembakan
==ga#=
ng-#LINKER omol#gumpal
n-#PST.ACH sulukng#masuk
odu#hari
jadi#jadi
mah#dan
gibiidn#petang.(lewat)
di#di;.ke;.pada
deirdn.na#ALONE
pe-#IMP.AV nge-#ISA.AV ladu#sakit
onu#apa
k-#NMLZR ingei#want -n#NMLZR
upadn#umpan
hina#tadi
m-#MO.ACY ulih#return
-in-#PST.ACY ki-#PET lobokng#kubur
gia#besar
na#DEF
na#now
me-#NPST.ACH kehas#uncovered -adn#V.>.ADVRS
ng-#ISA.AV upadn#umpan
malik#again
bunua#kampung;.benua
uubm#berkata
peranak#budak,.anak
peg-#HAVING.XED bagi#bahagi;.membahagi
==ga#=
n-#PST.ACH dedi#happen
buat#lakukan
bali.raya#BALAI.RAYA,.BALAI.KOTA
bali#rumah
satu#satu
si==#=
m-#ISA.AV oroh#mengatakan
simbatu#one
ou#saya;.aku
uubm#berkata
na#DEF
ndah#tidak
rigiodu#pagi
na#DEF
bakng#kalau
bonggi#Banggi
hei#juga
diha#engkau
mbimbi.ga#mana.mana
matakng#datang
pelanduk#pelanduk
nubuh#kemudian
na#DEF
otud#lutut
ina#itu
onu#apa
m-#MO.ACY ohodn#makan
na#DEF
linda#Linda
mah#dan
ihi#kami
na#DEF
na#FOCUS
-in-#PST.AV n-#ISA.AV -uurt#follow
na#now
tinaman#tanaman
miliug#tinggi
nubuh#kemudian
ndah#tidak
n==#=
mekul#Michael
ou#saya;.aku
su-#CONT suad#bercakap;.mengata;.cakap
na#DEF
bakng#kalau
subai#on.the.contrary
na#DEF
pudn#pun,.bahkan
kahah#kakak
beig#air
kiristiadn#Kristen
soid#di.dalam
sia#3SG.NOM
m-#1ARG.ST -etadn#hate
na#DEF
ng-#ATTR.ST koon#makanan
na#DEF
m-#ATTR.ST bani#berani
ki-#EXIST ara#ada
simpurnah#sempurna
siga.lama.na#MEREKA
ng-#ISA.AV iskul#sekolah
m-#MO.ACY ien#stay
biag#hidup
mual#Mual
ba#EMPHATIC
na#DEF
==ga#=
nd==#BIDAK;.BUKAN= ara#ada
si==#=
ng-#ISA.AV uru#obat
suruar#seluar;.celana
simbatu#one
nubuh#kemudian
ny==#=
pasi#lagi
bengkali#barangkali
kuiih#sana
onu#whatever
umai#gadis
sia#3SG.NOM
matakng#datang
gien#where
ng-#ISA.AV inum#minum
ndah#tidak
di#di;.ke;.pada
siadn#penyu
dumah#dan
peranak#budak,.anak
-in-#PST.ACY m-#MO.ACY ilih#return
==ku#=
orob#belatik
pirinta#perintah;.kerajaan
mah#dan
bali#rumah
ou#saya;.aku
ng-#ISA.AV imun#cemburu.(orang)
==ku#=
si==#=
na#DEF
di#di;.ke;.pada
na#DEF
ambih#aih
-lepas#dibebaskan -adn#V.>.NMLZ
nubuh#kemudian
suad#bercakap;.mengata;.cakap
melik#lagi
n-#ATTR.ST tuah#tua
ubu#cut.open -udn#ISA.UV
ulakng#ular
bonggi#Banggi
na#now
bakng#kalau
kirab#kelmarin;.semalam
na#DEF
na#DEF
ba#EMPHATIC
nubuh#kemudian
turuh#tujuh
ihi#kami
mah#dan
sugah#isi
kiou#kayu
iskul#sekolah
deirdn.na#ALONE
siga.lama.na#MEREKA
ali#lain
na.haah.na#SEKARANG
na#DEF
letid#debak
nge-#ISA.AV lobokng#kubur
pandi#know
na#DEF
ndah.pa#BELUM;.BELUM.LAGI;.
-em-#MO.ACY lalu#melewati
deirdn.na#ALONE
n-#ISA.AV unu#bakar
nubuh#kemudian
kerai#work
pegah#Limbuak
ou#saya;.aku
toho#tiba.tiba
na#DEF
suruh#direct
pasi#lagi
nd==#BIDAK;.BUKAN= ou#saya;.aku
soid#di.dalam
si==#=
layut#Layut
ou#saya;.aku
irah#ajar
sia#3SG.NOM
di#di;.ke;.pada
ina#itu
ng-#ISA.AV uru#obat
ng-#ISA.AV irah#ajar
ny==#=
==ga#=
binatang#binatang,.hiwan
di#di;.ke;.pada
m-#ISA.AV ahi#pakai
se-#SE m-#LINKER belah#picah
hei#juga
dunyah#dunia,.bumi
pa#yet
engat#reply
mi-#ATTR.ST gia#besar
n-#ISA.AV iag#awake
-in-#PST.ACY m-#ISA.AV iaah#ikut;.mengikut;.berjalan.bersama.sama
na#DEF
ihi#kami
sultadn#sultan
na.haah.na#SEKARANG
na#DEF
katih#di.sini
saa#isteri;.suami;.bini;.laki
na#DEF
di#di;.ke;.pada
puruh#pulau
hei#juga
bali#rumah
onu#apa
m-#MO.ACY ohodn#makan
m-#NPST.ACH etak#tinggal
na#DEF
na#DEF
na#DEF
bangsa#ras,.suku
raah#darah
nti#ini
nubuh#kemudian
hita#kita.berdua
walau.pudn#WALAUPUN
n-#ISA.AV -iun#memburu.dengan.anjing
mulah#zaman.dahulu
-in-#PST.UV suruh#order
kuiih#sana
rati#erti,.arti
jadi#jadi
m-#ISA.AV ihit#matrilocal.residence
peis#pisau
kulubutadn#cumi.cumi
pandi#know
ndah#tidak
kapak#kapak
ndah#tidak
birta#khabar,.berita
nu#engkau;.awak;.saudara;.anda
siga.lama.na#MEREKA
hei#juga
nubuh#kemudian
m-#MO.ACY ohodn#makan
na#DEF
pag#HAVING.Xed datakng#datang
na#DEF
binatang#binatang,.hiwan
lahi#lelaki
ng-#ISA.AV orob#belatik
bonggi#Banggi
diaadn#saya
mah#dan
i==#=
diaadn#saya
bali#rumah
landuh#sangat
mah#dan
buaidn#bulan
k-#NMLZR ingei#want -n#NMLZR
ina#itu
keng-#DIR di#kepada
nd==#BIDAK;.BUKAN= ara#ada
bagi#bahagi;.membahagi
peg-#ITER liid-#LIHAT;.TENGOK liid#lihat;.tengok
keng-#DIR diti#sini
-um-#MO.ACY tulak#tolak
baar#betul;.penting;.benar;.tepat
saa#isteri;.suami;.bini;.laki
badih#parang
ke-#ABILITY -door#hear
ny==#=
bali#rumah
nubuh#kemudian
buat#lakukan
bunua#kampung;.benua
di#di;.ke;.pada
m-#MO.ACY buat#lakukan
abat#jawab
-em-#MO.ACY teis#tangis
siga#PLURAL
m-#NPST.CAUS.AV pu-#CAUS.AV kumut#kain
nubuh#kemudian
kirab#kelmarin;.semalam
nga#seperti
di#di;.ke;.pada
==ga#=
kerah#monyet
pusud#saudara
na#DEF
arag#belakang
bakng#kalau
bunua#kampung;.benua
-in-#PST.AV ng-#ISA.AV uah#pergi.ke
kiou#kayu
sulikng#suling;.bangsi;.seruling
ng-#ATTR.ST koon#makanan
di#di;.ke;.pada
uubm#berkata
m-#ATTR.ST peit#pahit
hei#juga
nti#ini
ki-#EXIST ara#ada
mingguh#minggu
mata#mata
nubuh#kemudian
punga#COMPL
ng-#ISA.AV irubm#look.for
babi#babi
badih#parang
na#DEF
kiaardn.na#ada
adat#adat
ou#saya;.aku
ndah#tidak
ngai#get
biarus-biarus#kelamkabut
-in-#PST.AV ng-#ISA.AV iup#meniup
ndah#tidak
tuah-mulah#legenda
di#di;.ke;.pada
keng-#DIR di#kepada
rua#condition
kerah#monyet
in-#PST.UV ohodn#makan
tuhad#tangga
bonggi#Banggi
ou#saya;.aku
belaha#Beleha
-in-#PST.ACH kompot#sampai
kentangan#tentang
di#di;.ke;.pada
na#DEF
mual#Mual
kuit#kulit
m-#ISA.AV iri#ignite
naa#sini
i==#=
dia#sana
ndah#tidak
pusud#saudara
bonggi#Banggi
pandi#know
nd==#BIDAK;.BUKAN= ara#ada
leid#lama
musa#Musa
ina#itu
k-#ABILITY aap#dapat
m-#ATTR.ST olok#ketakutan
hei#juga
==ku#=
su-#CONT suad#bercakap;.mengata;.cakap
mengin#ingin
na#DEF
bas#pernah
==ku#=
==ga#=
ngi#get -en#ISA.UV
nd==#BIDAK;.BUKAN= ou#saya;.aku
na.haah.na#SEKARANG
me-#NPST.ACH lou#malu
soid#di.dalam
punga#setelah
na#DEF
na#DEF
pudulih#peduli
leidn#lain;.bukan
libungan#puncak.gedung
set#hanya
nubuh#kemudian
dioo#di.sana
pa#yet
asal#asal
m-#1ARG.ST odop#tidur
nubuh#kemudian
ou#saya;.aku
susa#sulit,.sukar
pin-#INSTRV sigat#bundle
amah#bapa;.ayah
ng-#ISA.AV irah#ajar
==ku#=
ihi#kami
==ga#=
buh#lama;.lampau
kuiih#sana
suruh#order
ina#itu
selama-lama#very.long
pa#yet
asu#anjing
bori#give
m-#MO.ACY panu#pergi.jalan
nd==#BIDAK;.BUKAN= ara#ada
punga#setelah
na#DEF
n-#ATTR.ST tuah#tua
na#DEF
na#DEF
induh.amah#ibu.bapa
tuadn.umur#spirit.name
keng-#DIR di#kepada
eyrat#alam.baka
diaadn#saya
beig#air
mati#mati;.meninggal.dunia
na#DEF
di#di;.ke;.pada
-i-#PST.ACY matakng#datang
mah#dan
di#in
mual#Mual
buaidn#bulan
bi-#N.>.CHAR.NMLZ -dagakng#dagang
nd==#BIDAK;.BUKAN= ara#ada
onsi#isi
suad#bercakap;.mengata;.cakap
-in-#PST.ACY g-#ACY.C2 iit#bawa;.membawa
pudn#pun,.bahkan
taha#awak;.engkau;.saudara;.anda
-in-#PST.ACY m-#MO.ACY ouh#willing
na#DEF
si==#=
libudn#woman
deirdn.na#ALONE
romud#muram
-i-#PST.UV ranti#kalung;.rantai.leher
ng-#ISA.AV uhubm#legal.proceeding
di#di;.ke;.pada
na#DEF
na#DEF
na#DEF
di#di;.ke;.pada
tidi#dari
eyrat#alam.baka
-i-#PST.ACY m-#MO.ACY ulih#return
sikiou#ubi.kayu
hita#kita.berdua
adat#adat
hatih#di.sini
di#di;.ke;.pada
==a#=AWAK;.ENGKAU;.SAUDARA;.ANDA
su-#CONT suad#bercakap;.mengata;.cakap
nubuh#kemudian
kuiih#sana
ki-#POSS ara#ada
kirab#kelmarin;.semalam
na#DEF
adat#adat
buh#lama;.lampau
buh#lama;.lampau
dihu#engkau.sekalian,.kalian
me-#NPST.ACH dadi#become
simbiliaadn#cut.throat
mah#dan
nu#AUX.UV -an#ISA.UV
nu#engkau;.awak;.saudara;.anda
saa#isteri;.suami;.bini;.laki
mv-#NPST.ACH ansur#hancur
di#di;.ke;.pada
na#DEF
na#DEF
mah#dan
ou#saya;.aku
na#DEF
bulei#boleh
peis#pisau
kubukng#kubung
tidi#dari
-i-#PST.ACY -m-#MO.ACY selehei#rise
n-#PST.ACH dedi#happen
na#DEF
pekahas#parts
na#DEF
ari.buaidn#DATE
gulu#dahulu
bunua#kampung;.benua
sia#3SG.NOM
ndah#tidak
ombok#Ombok
==ga#=
na#DEF
punti#pisang
na#DEF
di#di;.ke;.pada
nd==#BIDAK;.BUKAN= ou#saya;.aku
sida#PLURAL
simbatu#one
n==#=
na#DEF
na#DEF
hei#juga
sikiou#ubi.kayu
manggas#type.of.animal
mah#dan
apuh#datuk,.kakek
tala#Allah
bali#rumah
puan-puan#little.curse
ndah#tidak
taik#huh
giil#penjara
m-#ISA.AV ahi#pakai
induh.amah#ibu.bapa
guai#kekasih,.belahan.jiwa
bakng#kalau
mekul#Michael
di#di;.ke;.pada
==ga#=
siga#PLURAL
su-#CONT suad#bercakap;.mengata;.cakap
m-#NPST.ACH udap#lapar -adn#V.>.ADVRS
na#DEF
aa#itulah
rua#way
m-#ISA.AV iaah#ikut;.mengikut;.berjalan.bersama.sama
irah#ajar
ina#itu
si==#=
buid#bukit
ng-#ATTR.ST gulu#dahulu
leidn#lain;.bukan
terjadi#become
di#di;.ke;.pada
tembakng#payau,.rusa
apuh#datuk,.kakek
naah#boleh
dei#jangan
pandi#know
in-#PST.ACH ibis#selesai -adn#V.>.ADVRS
diaadn#saya
dua#dua
punga#COMPL
na#DEF
teih#tapi
perook#kebun
berani#berani;.sanggup
na#DEF
n-#ATTR.ST togih#bunting;.hamil;.mengandung
-in-#PST.AV ng-#ISA.AV uah#pergi.ke
tindiangan#persimpangan
nd==#BIDAK;.BUKAN= ara#ada
seborokng#sisi.lain
m-#ATTR.ST oduh#jauh
na#DEF
sultadn#sultan
-in-#PST.ACY ki-#PET lobokng#kubur
kenoo#sana
ng-#ISA.AV biidn#pesan
sia#3SG.NOM
==hu#=
na#DEF
m-#MO.ACY ohodn#makan
na#DEF
==ku#=
gien#where
di#di;.ke;.pada
lahi#lelaki
ki-#EXIST ara#ada
kii#gather.from.beach
-im-#MO.ACY tiligud#menoleh
mah#dan
nentaadn.na#ALL
na#DEF
na#DEF
n-#ISA.AV -oog#panggil
katih#di.sini
deirdn.na#ALONE
m-#MO.ACY ulih#return
na#DEF
tinaman#tanaman
amah#bapa;.ayah
soid#di.dalam
na#DEF
hiti#kita
bakng#kalau
sia#3SG.NOM
n-#ATTR.ST tuhal#kurus
na.haah.na#SEKARANG
uubm#berkata
di#di;.ke;.pada
na#DEF
m-#MO.ACY buat#lakukan
n-#ISA.AV irabm#water.plant
ndah#tidak
ndah#tidak
sahit#sakit
poroh#mengatakan
di#di;.ke;.pada
m-#ISA.AV iag#hidup
di.libuat#DI.ATAS
nga#said
na#DEF
mah#dan
na#DEF
ou#saya;.aku
meraah#type.of.tree
na#DEF
==mi#=KAMI
bobu#bisu
aal#hal,.perihal
dumah#dengan
ou#saya;.aku
==ga#=
irah#ajar
upadn#umpan
na#DEF
bakng#kalau
ndah#tidak
nubuh#kemudian
m-#MO.ACY ohodn#makan
poroh#mengatakan
n-#PST.ACH dedi#happen
punga#setelah
na#DEF
uubm#berkata
tabakng#help
==ga#=
deri#sendiri
na#DEF
dioo#di.sana
na#DEF
siabm#sembilan
ouu#oh
punggah#bagaimana
na#DEF
nd==#BIDAK;.BUKAN= ara#ada
kerah#monyet
amah#bapa;.ayah
silabm#Islam
si==#=
rua#condition
nubuh#kemudian
onu#whatever
kiaardn.na#ada
na#DEF
ngi-#ISA.AV gipit#ball.of.food
nu#2SG.SUBJ.ACT
-in-#PST.AV nge-#ISA.AV labad#memukul;.pukul
teih#tapi
kuhut#gigi
na.haah.na#SEKARANG
na#DEF
hei#juga
k-#ABILITY aap#dapat
nu#AUX.UV -an#ISA.UV
tembouh#pamer
ndah#tidak
gubarah#bengkak
amah#bapa;.ayah
asal#asal
bali#rumah
soid#di.dalam
m-#ATTR.ST barabm#much
ny==#=
si==#=
m-#ISA.AV -urubut#menghunus
hei#juga
dua#dua
na#DEF
keng-#DIR di#kepada
na#DEF
se-#SE ng-#LINKER gerobi#semalam
==ga#=
teih#tapi
na#DEF
mual#Mual
selehei#rise
berahat#berkat
kum-#ACL punga#setelah
na#DEF
tuni#body
bakng#kalau
ndah#tidak
nubuh#kemudian
su-#CONT suad#bercakap;.mengata;.cakap
mistiih#mesti
nu#engkau;.awak;.saudara;.anda
pa#yet
na#DEF
ringah#sebelum,.dahulu
ouu#oh
jadi#jadi
nyu#2PL.POSS
nd==#BIDAK;.BUKAN= ara#ada
m-#MO.ACY buat#lakukan
oduh#nenek
na#DEF
kimpusadn#terakhir
leid#lama
sungulubak#pantai
peranak#budak,.anak
toyuk#kecil;.sedikit
diaadn#saya
ou#saya;.aku
barabm#banyak
i==#=
engat#reply
robi#malam;.pada.waktu.malam
si==#=
-i-#PST.ACY -m-#MO.ACY sanggad#land
kimidiadn#belakang
mulah#zaman.dahulu
seborokng#sisi.lain
suub#esok,.besok
m-#MO.ACY panu#pergi.jalan
engat#reply
ngu-#ISA.AV duaa#doa
si==#=
==ku#=
buul#time.of.confinement
su-#CONT suad#bercakap;.mengata;.cakap
hei#juga
m-#ISA.AV osi#pancing;.mata.kail
barabm#banyak
ou#saya;.aku
su-#CONT suad#bercakap;.mengata;.cakap
nubuh#kemudian
mah#dan
ndah#tidak
ngim-#DIR pelei#sihir
k-#ABILITY aap#dapat
nu#AUX.UV -an#ISA.UV
pudulih#peduli
deirdn.na#ALONE
nubuh#kemudian
nd==#BIDAK;.BUKAN= ara#ada
na#DEF
ba#EMPHATIC
na#DEF
sia#3SG.NOM
na#DEF
-i-#PST.ACH mati#mati;.meninggal.dunia
alakng-alakng#alang.alang
ajukng#bahtera
baar.api#BARA,.BARA.API
ai#wah
poroh#mengatakan
nd==#BIDAK;.BUKAN= ihi#kami
nga#seperti
di#di;.ke;.pada
nti#ini
na#DEF
beig#air
i==#=
ketogodn#certain
onu#apa
n-#PST.ACH aap#dapat
terapus#botol
ketangan#tentang
kirab#kelmarin;.semalam
suad#bercakap;.mengata;.cakap
na#DEF
==ga#=
sikng#seperti
lima#lima
ou#saya;.aku
saa#isteri;.suami;.bini;.laki
ki-#NMLZR biag#hidup -adn#NMLZR
ou#saya;.aku
nubuh#kemudian
ba#EMPHATIC
mah#dan
==ga#=
g-#ACY.C2 abit#mengikatkan.
==ga#=
kiou#kayu
bali#rumah
nti#ini
dii#sana
mah#dan
ina#itu
ou#saya;.aku
gubarah#bengkak
ng-#ATTR.ST gulu#dahulu
-in-#PST.ACY panu#pergi.jalan
ou#saya;.aku
sia#3SG.NOM
==ku#=
di#di;.ke;.pada
nubuh#kemudian
sia#3SG.NOM
n==#=
saa#isteri;.suami;.bini;.laki
babi#babi
nu#AUX.UV -an#ISA.UV
baru#baru
na#DEF
g-#ACY.C2 iit#angkat
mistiih#mesti
tagi#Tagi
saa#isteri;.suami;.bini;.laki
esi-esi.ga#siapa.sahaja
na.haah.na#SEKARANG
uhubm#trial
ai#wah
n-#ATTR.ST doot.guakng#HATI.BUSUK
peranak#budak,.anak
==ga#=
ndah#tidak
mulai-mulai#awalnya
na#DEF
nubuh#kemudian
hei#juga
ou#saya;.aku
ponuh#Ponuh
bunua#kampung;.benua
lugus#buah.pinang
m-#ATTR.ST barabm#much
pasi#lagi
ig-#RECP ohodnohodn#play.tag
n-#PST.ACY ig-#ACY.C2 -tiag#awake
na#DEF
m-#ATTR.ST odobm#hitam
sei#just
hei#juga
n-#ISA.AV inggulub#perangkap.(pelanduk)
ki-#POSS ara#ada
poroh#mengatakan
lehad#puas
kuiih#sana
na#DEF
gulu#dahulu
ny==#=
na.haah.na#SEKARANG
mekul#Michael
adat#adat
poroh#mengatakan
hei#juga
mi-#ATTR.ST gia#besar
ayad#baik
ny==#=
berhei#benar
buh#lama;.lampau
i-#PST.AV nge-#ISA.AV lambi#wave.good.bye
bunua#kampung;.benua
na#DEF
na#DEF
in-#PST.UV ohodn#makan
amah#bapa;.ayah
ponuh#Ponuh
==ga#=
-in-#PST.AV n-#ISA.AV unu#bakar
tapih#tetapi
beig#air
dii#sana
nubuh#kemudian
baa#mari.pergi
ndah.pa#BELUM;.BELUM.LAGI;.
na#DEF
i-#PST.ACY gi-#ACY.C2 libag#menghina
poroh#mengatakan
kirab#kelmarin;.semalam
puruh#pulau
na#DEF
hei#juga
rua#condition
m-#MO.ACY ohodn#makan
m-#ISA.AV -insari#mencari.ikan;.memburu;.penangkapan.ikan
mah#dan
punga#setelah
na#DEF
m-#ISA.AV -onsuh#mandi
nu#AUX.UV -an#ISA.UV
na#DEF
leidn#lain;.bukan
kiou#pokok
hei#juga
n-#PST.ACH togob#terbalik
i==#=
pa#yet
na#DEF
-in-#PST.ACY k-#DESIDERATIVE ohodn#makan
di#di;.ke;.pada
bonggi#Banggi
nd==#BIDAK;.BUKAN= ou#saya;.aku
tina#nanti
==ku#=
paabm#paham
m-#MO.ACY oun#emerge
ba#EMPHATIC
tenggabadn#tembakan
na#DEF
puhul#pukul
-um-#MO.ACY luas#exit
na#DEF
betaan#call
di#di;.ke;.pada
nd==#BIDAK;.BUKAN= ara#ada
-in-#PST.UV tibas#tetak
dua.atus#two.hundred
punga#setelah
kilibuan#perempuan
bali#rumah
baa#mari.pergi
asu#anjing
ndah#tidak
nd==#BIDAK;.BUKAN= ihi#kami
kudaadn#dua.hari
na#DEF
si==#=
bali#rumah
nubuh#kemudian
diaadn#saya
n-#PST.ACH tetak#tinggal
mual#Mual
anak#kecil
medoot#barang,.benda
menoon#Menoon
nubuh#kemudian
m-#ISA.AV osi#pancing;.mata.kail
i==#=
baar#betul;.penting;.benar;.tepat
tidi#dari
-im-#MO.ACY liaag#belayar
sia#3SG.NOM
ngai#get
-in-#PST.AV nge-#ISA.AV dahar#dahar
beg#kalau ina#itu
ambih#aih
punga#COMPL
kiou#kayu
keladih#ubi.keladi
m-#ATTR.ST oduh#jauh
na#DEF
genggi#janji
anu#anu
asal#asal
mengin#ingin
m-#MO.ACY ulih#return
di#kepada
ig-#RECP bagi#bahagi;.membahagi
k-#ABILITY aap#dapat
m-#MO.ACY pihir#fikir
diaadn#saya
-in-#PST.ACY g-#ACY.C2 iit#bawa;.membawa
nubuh#kemudian
m-#ISA.AV iaah#ikut;.mengikut;.berjalan.bersama.sama
ng-#ISA.AV asak#menanam
m-#MO.ACY ohodn#makan
-in-#PST.ACY g-#ACY.C2 api#api
aa#itulah
si==#=
berhei#benar
m-#ISA.AV -oli#beli
suhup#enough
i==#=
diaadn#saya
ba#EMPHATIC
mah#dan
-i-#PST.ACL taruh#simpan;.bersembunyi
m-#ISA.AV iaah#ikut;.mengikut;.berjalan.bersama.sama
m-#ISA.AV irta#khabar,.berita
turuh#tujuh
baa#mari.pergi
gien#where
buh#lalu
hei#juga
baar-baar#sungguh
m-#ATTR.ST olok#ketakutan
jimbatadn#jambatan
k-#NMLZR ingei#want -n#NMLZR
dii#sana
ari.buaidn#DATE
suad#bercakap;.mengata;.cakap
keng-#DIR di#kepada
-in-#PST.ACY panu#pergi.jalan
asal#asal
teih#tapi
in-#PST.UV -atad#hantar;.menghantar
se-#SE bagi#bahagi;.membahagi
m-#MO.ACY ohodn#makan
suad#story
linggid#tombak
m-#ISA.AV oroh#mengatakan
nubuh#kemudian
==ga#=
ou#saya;.aku
mati#mati;.meninggal.dunia
mengin#ingin
suad#bercakap;.mengata;.cakap
na#DEF
sedah#ikan
muntubut#perahu.mesin
waluh#lapan
-in-#PST.ACY g-#ACY.C2 isik#goyang
tininggat#kamar.tidur
na#nya
biikng#ujung,.pinggir
mekul#Michael
katih#di.sini
gudakng#gudang
na#DEF
na#DEF
ou#saya;.aku
siga.lama.na#MEREKA
-i-#PST.ACY m-#MO.ACY ulih#return
bakng#kalau
na#DEF
na#DEF
nu#engkau;.awak;.saudara;.anda
kuid#kunyit
m-#MO.ACY ulih#return
na#DEF
iuh#rela
na#DEF
na#DEF
pegudukng#upon.arising
saa#isteri;.suami;.bini;.laki
ou#saya;.aku
nti#ini
==mi#=KAMI
na#DEF
me-#ATTR.ST langgu#kepanjangan
masabm#bangsa;.macam
ou#saya;.aku
==ga#=
nd==#BIDAK;.BUKAN= ara#ada
dioo#di.sana
ombok#Ombok
i==#=
mual#Mual
doot-doot#hantu.bangkit
==ga#=
-in-#PST.AV n-#ISA.AV etak#tinggal
na#nya
uai#kaki
keng-#DIR di#kepada
ki-#EXIST ara#ada
i==#=
ubi#umbi
di#di;.ke;.pada
tina#nanti
na.haah.na#SEKARANG
ou#saya;.aku
ndah#tidak
punga#setelah
pa#yet
nti#ini
teih#tapi
ragah#keranjang;.bakul
loud#laut
aha#awak;.engkau;.saudara;.anda
si-#CONT sigat#bundle
m-#NPST.ACH etak#tinggal
di#di;.ke;.pada
m-#ATTR.ST olok#ketakutan
si==#=
aa#itulah
bas#pernah
-em-#MO.ACY teis#tangis
mulah#zaman.dahulu
mulah#zaman.dahulu
==ga#=
bunua#kampung;.benua
guai#kekasih,.belahan.jiwa
ndah#tidak
me-#NPST.ACH ladit#separate
na#DEF
anu#anu
ng-#ATTR.ST koon#makanan
-i-#PST.ACY m-#MO.ACY ohodn#makan
nti#ini
di#di;.ke;.pada
i==#=
tolu#tiga
asal#asal
mati#mati;.meninggal.dunia
na#DEF
i==#=
==mi#=KAMI
usikng#kucing
ke-#MULT.NUM tolu#tiga
na.haah.na#SEKARANG
dii#sana
kubukng#kubung
dioo#di.sana
ng-#ATTR.ST koon#makanan
ndah#tidak
ehi#kami
libuat#on
tapih#tetapi
siga#PLURAL
gigiu#Gigiu
suad.tuah-mulah#CERITA.DONGENG
matakng#datang
amah#bapa;.ayah
ei#adu
mah#dan
dioo#di.sana
kasau#kacau;.mengganggu;.mengusik
rua#condition
suad#bercakap;.mengata;.cakap
na#DEF
mati#mati;.meninggal.dunia
nu#AUX.UV -an#ISA.UV
peranak#budak,.anak
kangkukng#kangkung
m-#ISA.AV -onsuh#mandi
ringah#sebelum,.dahulu
kehoi#gigit,.menggigit -dn#ISA.UV
==hu#=SAYA
mati#mati;.meninggal.dunia
keladih#ubi.keladi
na#DEF
si==#=
gatakng#berian
onu#apa
m-#LINKER batu#batu;.ekor;.buah;.satu
n-#ISA.AV -uruk#clean.field.after.burning
n-#PST.ACY ig-#ACY.C2 kamas#kemas
m-#NPST.ACH id#lihat;.tengok -adn#V.>.ADVRS
m-#ISA.AV anggil#panggil
bunua#kampung;.benua
mengin#ingin
nd==#BIDAK;.BUKAN= ara#ada
na#DEF
undakng-undakng#aturan
oid#perahu
in-#PST.UV iit#bawa
diaadn#saya
dioo#di.sana
linggid#tombak
amah#bapa;.ayah
hei#juga
na#DEF
nubuh#kemudian
ooh#okay
na#DEF
di#di;.ke;.pada
nu#engkau;.awak;.saudara;.anda
abis#oleh.itu
si==#=
badih#parang
saa#isteri;.suami;.bini;.laki
puluh-lima#fifteen
na#DEF
hei#juga
sia#3SG.NOM
i==#=
ou#saya;.aku
n-#ISA.AV -anam#menanam
ny==#=
poroh#mengatakan
asal#asal
na#DEF
na#DEF
rigiodu#pagi
n-#ISA.AV unu#bakar
katih#di.sini
pasi#lagi
took#masak
na#DEF
ulu#kepala
pi-#IMP.ACY gi-#ACY.C2 taruh#simpan;.bersembunyi
piniit#mengirim
i==#=
na#DEF
i-#PST.ACY ge-#ACY.C2 lebas#telanjang
penat#capai,.lelah
na#DEF
ihi#kami
bonggi#Banggi
hei#juga
siga#PLURAL
ruub#air.pasang
ditah#racun
bunua#kampung;.benua
medoot#barang,.benda
ngu-#ISA.AV duah#descend
tau#know
suad#bercakap;.mengata;.cakap
lehad#puas
kubukng#kubung
bali#rumah
baar-baar#sungguh
gandubm#jagung
-in-#PST.ACY m-#ISA.AV iaah#ikut;.mengikut;.berjalan.bersama.sama
piasu#kelapa
mual#Mual
nunuk#type.of.tree
==ga#=
na#DEF
-i-#PST.ACY matakng#datang
sanga#ranting
keng-#DIR di#kepada
apuh#datuk,.kakek
punga#COMPL
sedah#ikan
nubuh#kemudian
libu#nyiru
in-#PST.UV -ipah#simpan;.menaruh;.meletakkan
selamat#selamat
na#DEF
-i-#PST.ACY m-#MO.ACY ohodn#makan
ndah#tidak
onu#whatever
nu#engkau;.awak;.saudara;.anda
na#DEF
mual#Mual
na#DEF
-in-#PST.ACY ge-#ACY.C2 saa#isteri;.suami;.bini;.laki
gien#where
gambidn#menggendong
dia#sana
hei#juga
na#DEF
di#di;.ke;.pada
apu#atap
na#DEF
ina#itu
leidn#lain;.bukan
onu#apa
na.haah.na#SEKARANG
na#DEF
na.haah.na#SEKARANG
n-#ISA.AV ajah#langgar
poroh#mengatakan
me-#NPST.ACH dadi#become
ndah#tidak
na#DEF
-in-#PST.AV ng-#ISA.AV uah#pergi.ke
buat#lakukan -adn#ISA.UV
m-#MO.ACY panu#pergi.jalan
malik#again
lahi#lelaki
na#DEF
mah#dan
mv-#NPST.ACH ibis#selesai -adn#V.>.ADVRS
nda#mereka
kirab#kelmarin;.semalam
atau#atau
kigiaadn#Kagayan
na#FOCUS
na#DEF
-in-#PST.ACY g-#ACY.C2 uhubm#trial
dua#dua
boul#penawar.racun
-i-#PST.UV tohop#cover
keng-#DIR di#kepada
nd==#BIDAK;.BUKAN= ara#ada
di#di;.ke;.pada
nti#ini
iup#meniup -udn#ISA.UV
tuah-mulah#legenda
na#DEF
na#DEF
na#DEF
siga#PLURAL
na#DEF
su-#CONT suad#bercakap;.mengata;.cakap
punggah.pa#TOO.BAD
na#DEF
na#DEF
ndah#tidak
ndah#tidak
-i-#PST.UV buntal#throw
ny==#=
buta#buta
amah#bapa;.ayah
ou#saya;.aku
lehad#puas
ndah#tidak
si==#=
si==#=
kidabak#tenang
toud#batu.kepala
rigiodu#pagi
i==#=
rigiodu#pagi
pudn#pun,.bahkan
mengin#ingin
si==#=
engat#reply
suruh#order
mulei#mulanya
maap-aap#keep.getting
n-#PST.ACH -desadn#befall
tidi#dari
asal#asal
nu#2SG.SUBJ.ACT
apuh#datuk,.kakek
lima-mpuluh#fifty
==ga#=
bonggi#Banggi
di#on
ina#itu
nyu#2PL.POSS
siabm#sembilan
salah#kesalahan
sei#just
hita#kita.berdua
ou#saya;.aku
hina#tadi
ou#saya;.aku
teng-#FROM kuiih#sana
kunu#kunau
tapih#tetapi
ina#itu
si==#=
-um-#MO.ACY suak#enter
lima#Lima
tidi#dari
ndah#tidak
ina#itu
beig#air
bonggi#Banggi
tina#nanti
m-#ISA.AV iag#hidup
m-#ATTR.ST olok#ketakutan
na#DEF
ngu-#ISA.AV duaa#doa
noo#there
bakng#kalau
tuba#tuba
kerai#work
==a#=AWAK;.ENGKAU;.SAUDARA;.ANDA
kahal#masih
keng-#DIR diti#sini
suala#argument
mual#Mual
ndah#tidak
koo#sayap
peg-#ITER liid-#LIHAT;.TENGOK liid#lihat;.tengok
datag#lantai
maap-aap#keep.getting
buaidn#bulan
sia#3SG.NOM
me-#NPST.ACH -teirdn#lost
si==#=
k-#ABILITY aap#dapat
buh#lalu
bakng#kalau
==ga#=
-in-#PST.AV ng-#ISA.AV ali#kurik;.menggali
surugah#surga
siga.lama.na#MEREKA
peg-#HAVING.XED liid#lihat;.tengok
in-#PST.UV iit#carry
engat#reply
n-#PST.ACH togob#terbalik
na#DEF
keng-#DIR di#kepada
n-#PST.ACY ig-#ACY.C2 kerai#kerja,.pekerjaan
onu-onu.ga#apa.apa
ndah#tidak
bakng#kalau
epaat#empat
na#DEF
sia#3SG.NOM
==ga#=
na#DEF
na#DEF
m-#ISA.AV iaah#ikut;.mengikut;.berjalan.bersama.sama
na#DEF
ouu#oh
nubuh#kemudian
m-#MO.ACY buat#lakukan
hita#kita.berdua
na.haah.na#SEKARANG
paa#paha
hei#juga
saa#isteri;.suami;.bini;.laki
pinsadn#saudara.sepupu
gien#where
nubuh.deirdn.na.hai#DI.KUMUDIAN
na#DEF
ina#itu
matakng#datang
diha#engkau
==mi#=
si==#=
na#FOCUS
mual#Mual
deirdn.na#ALONE
salakng#damar
nga#seperti
-i-#PST.ACY -m-#MO.ACY tulak#tolak
bakng#kalau
sia#3SG.NOM
ndah#tidak
mistiih#mesti
puhul#pukul
m-#ISA.AV ereit#koyak;.robek;.sobek
-i-#PST.ACY m-#MO.ACY ulih#return
m-#ISA.AV ahi#pakai
louk#fish
na#DEF
na#DEF
na.haah.na#SEKARANG
na#DEF
anu#anu
dii#sana
uya#Uya
su-#CONT suad#bercakap;.mengata;.cakap
koo#betul
nu#engkau;.awak;.saudara;.anda
walu-mpuluh#lapan.puluh
na#DEF
na#DEF
nti#ini
onu#apa
putah.mata#RHEUM
piasu#kelapa
nge-#ISA.AV ramut#small.root.hairs
na#now
seyda#Seyda
suah#hilir
na#DEF
dei#jangan
tuadn.umur#spirit.name
di#di;.ke;.pada
kahah#kakak
rua#condition
adat#adat
-in-#PST.ACY g-#ACY.C2 amah#bapa;.ayah
sumbakng#sumbang
gandubm#jagung
bitakng#punggung
pegolok#gugup
m-#ISA.AV oroh#mengatakan
ou#saya;.aku
ponuh#Ponuh
pasal#reason
na#DEF
nubuh#kemudian
m-#ISA.AV iaah#ikut;.mengikut;.berjalan.bersama.sama
di#di;.ke;.pada
saa#isteri;.suami;.bini;.laki
poroh#mengatakan
pe-#IMP.AV ng-#ISA.AV ai#get
barabm#banyak
ninduh#DEAD.MOTHER
na#DEF
m-#MO.ACY ohodn#makan
gulu#dahulu
mual#Mual
n-#ISA.AV ajah#langgar
bubu#bubu
mati#mati;.meninggal.dunia
ou#saya;.aku
aha#awak;.engkau;.saudara;.anda
me-#NPST.ACH dadi#become
ki-#PET bori#give
nu#AUX.UV -an#ISA.UV
==mi#=KAMI
tanah#tanah
pandi#know
==ga#=
ou#saya;.aku
m-#ISA.AV -iak#hancur
gatakng#berian
-i-#PST.ACH mati#mati;.meninggal.dunia
ndah#tidak
kurungan#kurungan
peg-#ITER liid-#LIHAT;.TENGOK liid#lihat;.tengok
apuh#datuk,.kakek
bilugadn#cicak
dadi#become
buh#lama;.lampau
sahit#sakit
na#nya
n==#=
kudat#Kudat
kirab#kelmarin;.semalam
matakng#datang
ngai#get
na#DEF
ina#itu
==a#=AWAK;.ENGKAU;.SAUDARA;.ANDA
ramai#kumpul,.acara
bali#rumah
mi-#ATTR.ST gia#besar
==a#=AWAK;.ENGKAU;.SAUDARA;.ANDA
ruub#air.pasang
diaadn#saya
robi#malam;.pada.waktu.malam
mi-#ATTR.ST gia#besar
hei#juga
-i-#PST.ACY m-#MO.ACY ohodn#makan
==ku#=
na.haah.na#SEKARANG
ayad#baik
bakng#kalau
gien#where
punti#pisang
berhei#benar
na#DEF
tidi#dari
belaha#Beleha
==ku#=
barabm#banyak
asal#asal
hei#juga
dii#sana
==a#=AWAK;.ENGKAU;.SAUDARA;.ANDA
m-#MO.ACY buat#lakukan
medoot#barang,.benda
ari.buaidn#DATE
aa#itulah
epaat#empat
di#di;.ke;.pada
na#DEF
i==#=
nd==#BIDAK;.BUKAN= ara#ada
panyap#pack.things
==mi#=KAMI
na#DEF
ulakng#ular
dii#sana
bonggi#Banggi
engat#reply
keng-#DIR di#kepada
induh.amah#ibu.bapa
na#DEF
su-#CONT suad#bercakap;.mengata;.cakap
g-#ACY.C2 iit#angkat
longon#lengan
naa#sini
gumbakng#ombak
ambih#aih
na#DEF
na#DEF
keng-#DIR di#kepada
kerah#monyet
m-#ISA.AV ahi#pakai
ndah#tidak
upadn#umpan
buh#lama;.lampau
di#di;.ke;.pada
m-#ISA.AV erook#kebun
lama.pilipin#FILIPINOS
na#DEF
mah#dan
pag#HAVING.Xed datakng#datang
na#DEF
nubuh#kemudian
-in-#PST.ACY panu#pergi.jalan
hei#juga
ki-#EXIST ara#ada
adi#adik
suruh#order
m-#ISA.AV oroh#mengatakan
hei#juga
na#nya
minyen#menantu.perempuan;.menantu.laki.laki
-i-#PST.ACY -m-#MO.ACY todik#climb.hill
mah#dan
munusiah#manusia
tembakng#payau,.rusa
ina#itu
batag#ulat.kelapa
nti#ini
na#DEF
na#DEF
dua#dua
timus#garam
siga#PLURAL
ombok#Ombok
di#di;.ke;.pada
na#DEF
ng-#ISA.AV uhubm#percobaan
keng-#DIR di#kepada
simbatu#one
gigiu#Gigiu
pe-#IMP.ACY g-#ACY.C2 ait#menunggu
na.haah.na#SEKARANG
apuh#datuk,.kakek
mah#dan
na#DEF
kuhut#gigi
ki-#EXIST ara#ada
-um-#MO.ACY suak#enter
-in-#PST.ACY ganad#belajar
na#DEF
mekul#Michael
keng-#DIR di#kepada
siga.lama.na#MEREKA
ina#itu
-in-#PST.AV n-#ISA.AV -uduk#pierce.smthg
nti#ini
ou#saya;.aku
ndah#tidak
na#DEF
bonggi#Banggi
ndah.pa#BELUM;.BELUM.LAGI;.
suad#bercakap;.mengata;.cakap
jadi#jadi
na#DEF
ng-#ATTR.ST koon#makanan
na#DEF
==hu#=
-in-#PST.ACY kiid#lihat
bas#bas
ehi#kami
singgurua#seperti,.serupa..sebagai;.seperti;.seolah.olah
di#di;.ke;.pada
-in-#PST.ACY g-#ACY.C2 uhubm#trial
bali#rumah
pa#yet
saa#isteri;.suami;.bini;.laki
na#DEF
meg-#HAB terai#try
m-#ISA.AV oroh#mengatakan
keng-#DIR di#kepada
deirdn.na#ALONE
punga#COMPL
nga#seperti
katih#di.sini
na#DEF
hei#juga
k-#MULT.NUM esa#satu
tuan#pelabuhan
-in-#PST.AV ngu-#ISA.AV -luat#buka
ki-#EXIST ara#ada
ombok#Ombok
poroh#mengatakan
nd==#BIDAK;.BUKAN= ara#ada
ihi#kami
tobos#pergi
ou#saya;.aku
-i-#PST.ACH kemaah#disembuhkan
na.haah.na#SEKARANG
pungaan#finished
induh.amah#ibu.bapa
saa#isteri;.suami;.bini;.laki
==ga#=
==a#=AWAK;.ENGKAU;.SAUDARA;.ANDA
ponuh#Ponuh
ba#EMPHATIC
hei#juga
ou#saya;.aku
na#DEF
alih#bung
bonggi#Banggi
m-#MO.ACY ogot#look.after
-in-#PST.ACY m-#ISA.AV iaah#ikut;.mengikut;.berjalan.bersama.sama
na#DEF
rua#condition
na#DEF
==a#=AWAK;.ENGKAU;.SAUDARA;.ANDA
gandubm#jagung
ng-#ISA.AV irah#ajar
bakng#kalau
me-#ATTR.ST leid#lama
ki-#EXIST ara#ada
dolok#hujan
hei#juga
bubu#bubu
adat#adat
siga.lama.na#MEREKA
tuan#pelabuhan
i-#PST.AV ng-#ISA.AV ai#ambil;.mengambil
n-#PST.AV ajah#langgar
ulu#kepala
-i-#PST.ACH mati#mati;.meninggal.dunia
iag#air.liur
baa#mari.pergi
na#DEF
-i-#PST.ACY m-#MO.ACY ulih#return
suruh#order
ouu#oh
i==#=
-in-#PST.AV n-#ISA.AV ulus#follow
engat#reply
lanjakng#periuk
ou#saya;.aku
m-#MO.ACY buat#lakukan
mata#mata
tirima#terima
siga.lama.na#MEREKA
pandi#know
na#DEF
penah#meskipun
keng-#DIR di#kepada
terlepas#terlepas
maap#boleh
dunyah#dunia,.bumi
nubuh#kemudian
puhul#pukul
na#DEF
n-#PST.ACH dedi#happen
hei#juga
peng-#INSTRV asah#asah
se-#SE ng-#LINKER olu#day
kirab#kelmarin;.semalam
dii#sana
tu-#CONT tuad#terbalik
mah#dan
na#DEF
na#DEF
dua#dua
nentaadn.na#ALL
tilina#Tilina
baah#well
mi-#ATTR.ST gia#besar
na#DEF
mengin#ingin
punga#COMPL
kerah#monyet
kii#gather.from.beach
sarah#cara
na#DEF
tanah#tanah
barabm#banyak
kilibuan#perempuan
-um-#MO.ACY luas#exit
libudn#woman
punsuudn#bathe
nu#AUX.UV -an#ISA.UV
ki-#POSS saa#isteri;.suami;.bini;.laki
-in-#PST.UV tipuh#fall.out
ndah#tidak
onu#apa
na#DEF
na#DEF
ig-#ACY.C2 suad#bercakap;.mengata;.cakap
na#DEF
na#DEF
mati#mati;.meninggal.dunia
n==#=
sampur#campur
ou#saya;.aku
toud#batu.kepala
oid#perahu
-i-#PST.ACL km-#ACL ponuh#penuh
==ku#=
bonggi#Banggi
na#DEF
biaah#ikut;.mengikut;.berjalan.bersama.sama
hei#juga
na#DEF
bas#pernah
robi#malam;.pada.waktu.malam
bulei#boleh
leidn#lain;.bukan
pa#yet
aa#itulah
ou#saya;.aku
ndah#tidak
ndah#tidak
hei#juga
tembakng#payau,.rusa
engat#reply
si==#=
hita#kita.berdua
hei#juga
si==#=
==mi#=KAMI
nubuh#kemudian
-in-#PST.ACY jaabm#jam
ringah#sebelum,.dahulu
rua#condition
i==#=
n==#=
nubuh.deirdn.na.hai#DI.KUMUDIAN
ndah#tidak
bali#rumah
bakng#kalau
nentaadn.na#ALL
onu-onu.ga#apa.apa
nga#seperti
nd==#BIDAK;.BUKAN= ara#ada
bakng#kalau
hei#juga
ou#saya;.aku
mual#Mual
banggi#carcass
sinsikng#cincin
na#DEF
ina#itu
mah#dengan;.sama
ny==#=
me-#ATTR.ST leid#lama
ndah#tidak
bali#rumah
m-#MO.ACY ulih#return
siumpa#bersumpah
ng-#ISA.AV -atad#hantar;.menghantar
kirab#kelmarin;.semalam
beig#air
na#DEF
adak#sikit.lagi;.hampir
mah#dan
na#DEF
ina#itu
na#DEF
poroh#mengatakan
ohodn#makan
n-#ISA.AV igat#bundle
pioukng#payung
buh#lama;.lampau
turuh#tujuh
na#DEF
nelayan#kapal.yang.ada.pukat
se-#SE bangsa#type
puudn#pokok,.pohon
bali#rumah
n-#PST.ACH dedi#happen
ihi#kami
na#DEF
induh.amah#ibu.bapa
bonggi#Banggi
ina#itu
na#DEF
budak#bunga
pasi#lagi
mekul#Michael
dua-belas#twelve
ng-#ISA.AV kuah#pergi.ke
dumah#dan
buh#lama;.lampau
alih#bung
na#DEF
-in-#PST.AV m-#ISA.AV adul#peduli
di#di;.ke;.pada
sida#PLURAL
sarah-sarah#cara.cara
nubuh#kemudian
na#DEF
amah#bapa;.ayah
pusud#saudara
-in-#PST.ACH taruh#simpan;.bersembunyi
sida#PLURAL
onu#apa
ngin-#DIR daidn#jalan;.denai;.jalan.kecil
ndah#tidak
ndah#tidak
si==#=
gulu#dahulu
keng-#DIR di#kepada
di#di;.ke;.pada
na#DEF
asal#asal
opod#sisanya
bunua#kampung;.benua
ndah#tidak
asu#anjing
i==#=
bali#rumah
kuiih#sana
na#DEF
ringah#sebelum,.dahulu
libudn#woman
adat#adat
lahi#lelaki
-in-#PST.AV m-#ISA.AV -urubut#menghunus
na#DEF
nubuh#kemudian
perook#kebun
peg-#ITER liid-#LIHAT;.TENGOK liid#lihat;.tengok
mah#dan
ina#itu
ku-#NMLZR lungga#jump.over -adn#NMLZR
gulu#dahulu
supakng#kecambah
sihu#siku
tinaman#tanaman
uubm#berkata
turuh#tujuh
na#DEF
m-#ATTR.ST olok#ketakutan
na#DEF
kerebi#semalam
na#DEF
k-#ABILITY aap#dapat
ig-#ACY.C2 boboh#mulut
ruub#air.pasang
maah#hasil
pusud#saudara
rigiodu#pagi
nti#ini
i==#=
tuhad#tangga
nu#AUX.UV -an#ISA.UV
ringah#sebelum,.dahulu
-em-#MO.ACY teis#tangis
di#di;.ke;.pada
mah#dan
biaah#ikut;.mengikut;.berjalan.bersama.sama
-in-#PST.ACY m-#MO.ACY ilih#return
n-#PST.ACY ig-#ACY.C2 bajuh#baju;.kemeja
mah#dan
leidn#lain;.bukan
pinsadn#saudara.sepupu
sumbakng#sumbang
alih#bung
ndah#tidak
ki-#EXIST ara#ada
m-#MO.ACY buat#lakukan
deirdn.na#ALONE
alih#bung
batad#type.of.vegetable
kudat#Kudat
suruh#order
==ku#=
n-#ISA.AV -anam#menanam
inggat#makan.sirih
di#di;.ke;.pada
pusud#saudara
pahat#akar
ou#saya;.aku
nti#ini
na#DEF
m-#ISA.AV iaah#ikut;.mengikut;.berjalan.bersama.sama
siabm#sembilan
n-#ISA.AV -iun#memburu.dengan.anjing
nd==#BIDAK;.BUKAN= ou#saya;.aku
ng-#ISA.AV igid#memarut
itala#Allah
beig#air
ringah#sebelum,.dahulu
amah#bapa;.ayah
rorog#tunas.pohon
kei#juga
tidi#dari
keng-#DIR di#kepada
mentamang#ibu.mentua;.mertua;.bapa.mentua;.mertua
==ku#=
na#DEF
su-#CONT suad#bercakap;.mengata;.cakap
m-#ATTR.ST pia#bagus;.baik
nubuh#kemudian
pudulih#peduli
siadn#penyu
nd==#BIDAK;.BUKAN= ou#saya;.aku
peg-#ITER liid-#LIHAT;.TENGOK liid#lihat;.tengok
kei#juga
n-#ISA.AV -impasag#menghentakkan
aha#awak;.engkau;.saudara;.anda
nubuh#kemudian
nubuh#kemudian
i-#PST.ACY g-#ACY.C2 indur#pindah;.memindah;.menggerakkan;.mengalihkan
elana#Alanna
gibiidn#petang.(lewat)
ng-#ISA.AV amul#hisap
si==#=
ng-#ISA.AV ohol#gigit,.menggigit
lipas#lipas,.kecoa
hei#juga
birisi#bersih
ari.buaidn#DATE
hei#juga
mestan#Mestan
n-#LINKER toudn#tahun
guakng#jiwa
kahal#masih
n-#ISA.AV -ehat#cabut
mual#Mual
ali#beberapa
kem-#ACL odobm#hitam
si==#=
oid#perahu
na#DEF
kerai#work
ponuh#Ponuh
melik#lagi
mata#blade
engat#reply
na#DEF
na#DEF
nu#engkau;.awak;.saudara;.anda
bali#rumah
eih#ouch
uubm#bahasa
m-#MO.ACY panu#pergi.jalan
libudn#woman
buh#lama;.lampau
aha#awak;.engkau;.saudara;.anda
nd==#BIDAK;.BUKAN= ara#ada
hei#juga
gah#oleh
peg#HAVING.Xed g-#ACY.C2 undas#cepat,.gerak.cepat
nti#ini
ki-#EXIST ara#ada
katih#di.sini
sahit#sakit
bakng#kalau
pungguah#hantu
-em-#MO.ACY teis#tangis
ndah#tidak
-tetang#jaga;.tatang -i#ISA.MRK.UV.IMP
ulakng#ular
asu#anjing
asal#asal
na#DEF
pa#yet
silabm#Islam
gah#oleh
jaruk#Jaruk
kina#dahulu;.tadi
g-#ACY.C2 ipad#berhenti
bonggi#Banggi
na#DEF
jadi#jadi
kasadn#pergelangan.tangan
engat#reply
dihu#engkau.sekalian,.kalian
kiou#kayu
kiou#kayu
m-#LINKER buaidn#bulan
tual#Tual
saa#isteri;.suami;.bini;.laki
na#DEF
-i-#PST.ACH mati#mati;.meninggal.dunia
iskul#sekolah
deirdn.na#ALONE
sida#PLURAL
dia#sana
si==#=
pihir#fikir
kusang#Kusang
==ga#=
sayad#Sayad
si==#=
suad.tuah-mulah#CERITA.DONGENG
ou#saya;.aku
maap#boleh
di#di;.ke;.pada
mah#dan
na#DEF
ndah#tidak
m-#ATTR.ST oduh#jauh
nggien#di.mana
-in-#PST.UV tipuh#fall.out
hei#juga
leksiadn#Laksian
hiti#kita
na#DEF
-in-#PST.ACY g-#ACY.C2 iit#bawa;.membawa
hei#juga
nu#engkau;.awak;.saudara;.anda
bas#pernah
ngai#get
n-#ISA.AV impus#habis
simbatu#one
tigoru#tenggorokan
leidn#lain;.bukan
i==#=
ndah#tidak
lahi#lelaki
lugus#buah.pinang
na#DEF
n==#=
nga#seperti
ng-#ISA.AV asak#menanam
gah#oleh
ngi-#ISA.AV ditah#racun
-i-#PST.ACY matakng#datang
lahi#lelaki
malaysia#Malaysia
ndah#tidak
uubm#berkata
uya#Uya
nu#AUX.UV -an#ISA.UV
gibiidn#petang.(lewat)
na#DEF
na#DEF
belas#membalas.dendam -adn#ISA.UV
si==#=
suad#bercakap;.mengata;.cakap
oid#perahu
ndah#tidak
batag#ulat.kelapa
na#DEF
abag.api#Unggun.Api
suub#esok,.besok
tamu#tamu
duah#descend
na#DEF
derami#jerami
sigup#tembakau
sahit#sakit
leidn#bukan
buaidn#bulan
==ga#=
uubm#bahasa
diaadn#saya
gulu#dahulu
nya#3SG.POSS
nubuh#kemudian
pudn#pun,.bahkan
na#DEF
-i-#PST.ACY -m-#MO.ACY selehei#rise
diaadn#saya
dei#jangan
-in-#PST.ACY g-#ACY.C2 ohodn#makan
nggien#di.mana
-in-#PST.ACH kompot#sampai
g-#ACY.C2 iit#angkat
mulah#zaman.dahulu
kiou#kayu
na#DEF
nerahah#neraka
-in-#PST.ACY m-#ISA.AV iaah#ikut;.mengikut;.berjalan.bersama.sama
amah#bapa;.ayah
kursus#course
intakng#napas
-in-#PST.AV n-#ISA.AV udukng#imitate
sarah-sarah#cara.cara
baa#mari.pergi
hei#juga
na#DEF
nubuh#kemudian
saksih#kesaksian
hei#juga
sumbakng#sumbang
matakng#datang
pi-#CAUS.AV n-#PST.ACL -iag#awake
na.haah.na#SEKARANG
nubuh#kemudian
ringah#sebelum,.dahulu
pasal#reason
singgurua#seperti,.serupa..sebagai;.seperti;.seolah.olah
mah#dan
ulakng#ular
ragah#keranjang;.bakul
pa#yet
na#DEF
uubm#berkata
ou#saya;.aku
na#DEF
pasi#lagi
nu#AUX.UV -an#ISA.UV
engat#reply
mentamang#ibu.mentua;.mertua;.bapa.mentua;.mertua
i-#PST.AV nge-#ISA.AV goguh#lubang
pusut#bungkus
mah#dan
nya#3SG.SUBJ
bonggi#Banggi
pegka#because
na#DEF
kuman#pakcik;.bapa.saudara
panu#walk
==ga#=
se-#SE m-#LINKER belah#picah
peg#HAVING.Xed sikng#seperti
ndah#tidak
saa#isteri;.suami;.bini;.laki
na#DEF
si==#=
silabm#Muslim
==mi#=KAMI
ringah#sebelum,.dahulu
ringah#sebelum,.dahulu
ndah#tidak
i==#=
bakng#kalau
na#DEF
haih#benar
bakng#kalau
dia#sana
ou#saya;.aku
punggah#bagaimana
nd==#BIDAK;.BUKAN= ara#ada
jadi#jadi
tupi#tupai,.bajing
dumah#dan
nge-#ISA.AV dahap#seize
nu#engkau;.awak;.saudara;.anda
bonggi#Banggi
bonggi#Banggi
baluh#pretend
mistiih#mesti
ihi#kami
==ga#=
m-#ISA.AV unuh#bergaduh
ndah#tidak
si==#=
m-#ISA.AV iaah#ikut;.mengikut;.berjalan.bersama.sama
na#DEF
mekul#Michael
diha#engkau
sida#PLURAL
buaidn#bulan
n-#ISA.AV -opuk#menyumpit
ndah#tidak
oid#perahu
puhul#pukul
leing#not
i-#PST.AV n-#ISA.AV oluh#chase
g-#ACY.C2 ipad#berhenti
na#DEF
ngai#get
i==#=
tidi#dari
ouu#oh
ahal#akal
anak#kecil
alih#bung
kudat#Kudat
bonggi#Banggi
uubm#bahasa
na#DEF
taik#huh
-i-#PST.UV boli#beli
nu#2SG.SUBJ.ACT
suad#bercakap;.mengata;.cakap
na#DEF
pasi#lagi
linsag#biji
na#DEF
hei#juga
ertah#ingin,.ambisi
ba#EMPHATIC
na#DEF
ouu#oh
uyung#Uyung
gubuluh#rotan.batu
daidn#jalan;.denai;.jalan.kecil
ou#saya;.aku
==ga#=
-in-#PST.ACH rari#lari
na#DEF
dolok#hujan
ng-#ISA.AV oun#emerge
bali#rumah
ihi#kami
supuh#menyumpit -udn#ISA.UV
na#DEF
pegka#since
-in-#PST.ACY m-#MO.ACY ilih#return
dii#sana
beig#air
tangga#from
di#di;.ke;.pada
si==#=
na#DEF
ba#EMPHATIC
n-#ISA.AV ugah#isi
n==#=
pedang#pedang
singgulub#perangkap.(pelanduk)
ndah#tidak
dii#sana
beig#air
tina#nanti
ndah#tidak
silah#ubi.jalar,.ubi.rambat
mah#dan
kuluak#peel
pinsadn#saudara.sepupu
diha#engkau
keng-#DIR dii#sana
uai#kaki
kirab#kelmarin;.semalam
oid#perahu
siga.lama.na#MEREKA
na#DEF
==ga#=
-in-#PST.ACY g-#ACY.C2 ala#alah
di#di;.ke;.pada
ng-#ISA.AV irubm#look.for
ou#saya;.aku
hei#juga
m-#MO.ACY ulih#return
bakng#kalau
n-#ISA.AV -impasag#menghentakkan
ki-#PET bori#give
mah#dan
siga#PLURAL
baar-baar#sungguh
goul#campur;.gaul
mah#dengan;.sama
ulu#kepala
nu#engkau;.awak;.saudara;.anda
languh#ipar
hei#juga
aha#awak;.engkau;.saudara;.anda
-i-#PST.ACY matakng#datang
ou#saya;.aku
ng-#ATTR.ST kasap#kasar
suruh#order
robi#malam;.pada.waktu.malam
nti#ini
saa#isteri;.suami;.bini;.laki
koon#makanan
alih#bung
nu#engkau;.awak;.saudara;.anda
biidn#pesan
bonggi#Banggi
na#DEF
==ga#=
n==#=
robi#malam;.pada.waktu.malam
engat#reply
gigiu#Gigiu
dihi#kami
na#DEF
maap#boleh
nd==#BIDAK;.BUKAN= ara#ada
bonggi#Banggi
nu#AUX.UV -an#ISA.UV
barakng#barang
siga#PLURAL
n-#PST.ACH tutukng#terbakar;.membakar
sia#3SG.NOM
-i-#PST.ACY -m-#MO.ACY duah#descend
na#DEF
m-#ATTR.ST ingad#dekat
==ga#=
maap#boleh
m-#ISA.AV oroh#mengatakan
nti#ini
buat#lakukan
mati#mati;.meninggal.dunia
na#DEF
soid#di.dalam
peidn#juga
na#DEF
ringah#sebelum,.dahulu
na#DEF
mengin#ingin
ba#EMPHATIC
rigiodu#pagi
hei#juga
pudulih#peduli
kudat#Kudat
di#on
nubuh#kemudian
penggorokng#bunglun
kibilu#uncertainly
-i-#PST.ACY -m-#MO.ACY abat#jawab
paat#empat
gubarah#bengkak
-supuh#menyumpit -adn#V.>.NMLZ
temamba#tambah
na#DEF
siga#PLURAL
na#DEF
asal#asal
atas#titik.berat;.sepanjang
beig#air
ambih#aih
gigiu#Gigiu
ai#wah
tolu#tiga
n-#ATTR.ST togih#bunting;.hamil;.mengandung
na#DEF
nubuh#kemudian
di#in
ali#lain
berhei#benar
pa#yet
bunua#kampung;.benua
hei#juga
in-#PST.UV iun#ayun
beig#air
hei#juga
na.haah.na#SEKARANG
dihi#kami
m-#ATTR.ST olok#ketakutan
nu#2SG.SUBJ.ACT
na#DEF
na#DEF
mekul#Michael
dihu#engkau.sekalian,.kalian
kiou#kayu
adat#adat
na#DEF
hei#juga
mah#dengan;.sama
==ga#=
-in-#PST.AV ng-#ISA.AV uah#pergi.ke
ki-#EXIST ara#ada
-in-#PST.AV m-#ISA.AV adul#peduli
na#DEF
bulubug#bubur
api#api
toyuk-toyuk#kecil;.sedikit
ina#itu
m-#NPST.ACH aap#dapat
ari#hari
katih#di.sini
m-#MO.ACY ohodn#makan
budak#bunga
si==#=
penat#capai,.lelah
-in-#PST.AV nge-#ISA.AV saa#isteri;.suami;.bini;.laki
ina#itu
sei#just
na#DEF
di#on
ina#itu
engat#reply
-i-#PST.ACY m-#MO.ACY uhad#leave
abag.api#Unggun.Api
podikng#small.hills
ihi#kami
m-#ISA.AV unggas#pull.back.smthg
ou#saya;.aku
nd==#BIDAK;.BUKAN= ara#ada
suruh#order
tangga#from
na#DEF
ng-#ISA.AV uhubm#percobaan
deirdn.na#ALONE
uubm#berkata
-i-#PST.ACL puduh#menyusui;.menyusukan
min-#TOWARD di#kepada
aa#itulah
punga#setelah
saa#isteri;.suami;.bini;.laki
dei#jangan
ba#EMPHATIC
na#DEF
ki-#EXIST ara#ada
ubiadn#Ubian
n==#=
katih#di.sini
mah#dan
deirdn.na#ALONE
n-#ISA.AV -opuk#menyumpit
na#DEF
==ga#=
nti#ini
m-#MO.ACY ohodn#makan
pusud#saudara
ou#saya;.aku
mung-#TOWARD kuiih#sana
tilina#Tilina
pangan#kawan;.sahabat
gien#where
sida#PLURAL
mulah#zaman.dahulu
di#di;.ke;.pada
==ga#=
gulu#dahulu
in-#PST.UV iit#carry
tapih#tetapi
orob#belatik
puluh#sepuluh
na#DEF
ny==#=
doudn#daun
pe-#IMP.AV nge-#ISA.AV doot#buruk
onu-onu.ga#apa.apa
na#DEF
rua#condition
ou#saya;.aku
walu-mpuluh#lapan.puluh
peg-#HAVING.XED ansur#hancur
n-#ISA.AV ugah#isi
libudn.bungu#Female.Rice.Demon
di#di;.ke;.pada
na#DEF
mulah#zaman.dahulu
na#DEF
puhul#pukul
-in-#PST.ACY buat#buat
tatakng#jaga;.tatang
nubuh#kemudian
ponuh#Ponuh
ng-#ISA.AV -atad#hantar;.menghantar
na#DEF
-i-#PST.ACH mati#mati;.meninggal.dunia
n-#ISA.AV -obokng#cut.down
in-#PST.UV ei#get
mah#dan
ouu#oh
mah#dan
na#DEF
na#DEF
==ga#=
didn#saya
turuh#tujuh
si==#=
na#DEF
hei#juga
ng-#ISA.AV imun#cemburu.(orang)
==ga#=
tidi#dari
dua.atus#two.hundred
==ga#=
korok#burung.merbah
ina#itu
na.haah.na#SEKARANG
mual#Mual
pa#yet
tangga#from
saa#isteri;.suami;.bini;.laki
kerah#monyet
na#DEF
hei#juga
ndah.pa#BELUM;.BELUM.LAGI;.
tobos#pergi
-i-#PST.ACY -m-#MO.ACY abat#jawab
jadi#jadi
-i-#PST.ACL taruh#simpan;.bersembunyi
i==#=
na#DEF
susa#sulit,.sukar
bitakng#punggung
-in-#PST.ACY m-#MO.ACY ouh#willing
tuhad#tangga
ou#saya;.aku
di#on
soid#di.dalam
ndah#tidak
mah#dan
lehad#puas
oid#perahu
punggah#bagaimana
surugah#surga
ouu#oh
rigiodu#pagi
-i-#PST.UV bori#give
dihi#kami
pasi#lagi
m-#ISA.AV iag#hidup
baar-baar#sungguh
na#DEF
sungai#Sungai
suruh#order
-i-#PST.ACY m-#MO.ACY ulih#return
tanah#tanah
na#DEF
na#DEF
na#DEF
piriadn#pemetik.api
nti#ini
-in-#PST.ACY ge-#ACY.C2 rapat#dekat
ihi#kami
-em-#MO.ACY teis#tangis
in-#PST.UV iit#carry
ou#saya;.aku
ugama#agama
ina#itu
m-#ISA.AV erook#kebun
kirab#kelmarin;.semalam
kiristiadn#Kristen
pungaan#finished
diaadn#saya
m-#MO.ACY panu#pergi.jalan
pirinta#perintah;.kerajaan
leidn#lain;.bukan
induh.amah#ibu.bapa
induh.amah#ibu.bapa
m-#1ARG.ST odop#tidur
na#DEF
kepayan#Kepayan
-in-#PST.AV ng-#ISA.AV ai#get
aha#awak;.engkau;.saudara;.anda
deirdn.mi#OURSELVES
na#DEF
ihi#kami
batag#ulat.kelapa
na#DEF
bakng#kalau
sing#timah
dia#sana
na#DEF
na#DEF
di#di;.ke;.pada
suad.tuah-mulah#CERITA.DONGENG
binatang#binatang,.hiwan
panas#panas
ndah#tidak
suad.tuah-mulah#CERITA.DONGENG
ndah#tidak
asal#asal
pudn#pun,.bahkan
-um-#MO.ACY -lunggah#jump.over
m-#ATTR.ST -pogodn#hard
tidi#dari
misit#mengupas
bali#rumah
deirdn.na#ALONE
mu-#NPST.ACH dubu#fall -adn#V.>.ADVRS
siga.lama.na#MEREKA
k-#ABILITY aap#dapat
pudulih#peduli
keng-#DIR di#kepada
mulah#zaman.dahulu
mah#dan
na#DEF
tilinga#telinga
ambih#aih
di#di;.ke;.pada
ringah#sebelum,.dahulu
ng-#ISA.AV -atad#hantar;.menghantar
mah#dan
ki-#POSS ladu#sakit
ou#saya;.aku
na.haah.na#SEKARANG
gaabm#lebih.baik;.tambahan.pula
ng-#ISA.AV ueirt#mencubit
ndah#tidak
-m-#MO.ACY surukng#take.responsibility.for.pregnancy
m-#ISA.AV ahi#pakai
satu#satu
na#DEF
gien#where
kerai#work
na#DEF
se-#SE tengah#setengah
tobos#pergi
ina#itu
dindikng#dinding
asu#anjing
di#in
nd==#BIDAK;.BUKAN= ara#ada
hatih#di.sini
nubuh#kemudian
bali#rumah
tereib#Tereib
mah#dan
punga#COMPL
sei#just
nubuh#kemudian
saa#isteri;.suami;.bini;.laki
di#di;.ke;.pada
pin-#INSTRV sigat#bundle
nu#AUX.UV -an#ISA.UV
onu#apa
==ga#=
na#DEF
uubm#berkata
pandi#know
saa#isteri;.suami;.bini;.laki
na#DEF
punggah.pa#TOO.BAD
diti#sini
na#DEF
na#DEF
nti#ini
m-#NPST.CAUS.AV pu-#CAUS.AV kumut#kain
na#DEF
oid#perahu
binatang#binatang,.hiwan
na#DEF
na#DEF
na.haah.na#SEKARANG
ng-#ISA.AV ondih#buang
na#nya
==ga#=
diaadn#saya
pupulih#kasih.balik
hei#juga
deirdn.na#ALONE
==mi#=KAMI
ulakng#ular
na#DEF
kei#juga
n-#ISA.AV ugah#isi
babi#babi
keng-#DIR di#kepada
na#DEF
nubuh#kemudian
n==#=
puhul#pukul
tiditi#dari.sini
i-#PST.AV ngi-#ISA.AV dihit#light.fire
ki-#EXIST ara#ada
na#DEF
su-#CONT suad#bercakap;.mengata;.cakap
-i-#PST.ACH mati#mati;.meninggal.dunia
kubukng#kubung
nd==#BIDAK;.BUKAN= ara#ada
nubuh#kemudian
si==#=
punga#setelah
na#DEF
poroh#mengatakan
ina#itu
nubuh#kemudian
gulu#dahulu
==ga#=
nd==#BIDAK;.BUKAN= ihi#kami
na#DEF
kesobodn#lusa
suad#bercakap;.mengata;.cakap
mah#dan
kumut#sarung
m-#MO.ACY ulih#return
ndah#tidak
nubuh#kemudian
temobuh#keluar
na#DEF
odu-odu#setiap.hari
kusur#Kusur
na#DEF
na#DEF
engat#reply
ansur#hancur
tinaman#tanaman
aal#hal,.perihal
umpil#Umpil
umpil#Umpil
di#kepada
==ga#=
ou#saya;.aku
asal#asal
suruh#order
badih#parang
adat#adat
ina#itu
m-#MO.ACY ohodn#makan
gambidn#menggendong
ou#saya;.aku
hei#juga
na#DEF
beranjah#belanja
na#DEF
m-#ATTR.ST barabm#much
m-#ISA.AV iaah#ikut;.mengikut;.berjalan.bersama.sama
toho#tiba.tiba
==ga#=
me-#NPST.ACH dedi#become
leid#lama
==ga#=
kei#juga
na#FOCUS
na#DEF
==ga#=
sikng#seperti
-in-#PST.ACH -rogo#worried
asal#asal
na#DEF
ndah.pa#BELUM;.BELUM.LAGI;.
diti#sini
n-#ATTR.ST -talu#pengecut
ringah#sebelum,.dahulu
mah#dan
amah#bapa;.ayah
nentaadn.na#ALL
m-#ISA.AV unuh#bergaduh
kumut#sarung
di#di;.ke;.pada
punga#COMPL
nyu#2PL.POSS
-in-#PST.AV m-#ISA.AV -intut#mencabut
i==#=
surugah#surga
ou#saya;.aku
kehaadn#oh.begitu
k-#ORD.NUM paat#empat
ngai#get
-in-#PST.AV ng-#ISA.AV ueirt#mencubit
duruh#sup;.sop
kei#juga
salah#kesalahan
na#DEF
uubm#berkata
m-#MO.ACY bunuh#bergaduh
ny==#=
su-#CONT suad#bercakap;.mengata;.cakap
gien#where
n-#ATTR.ST segah#merah
na#DEF
punggah#bagaimana
saa#isteri;.suami;.bini;.laki
ndah#tidak
sia#3SG.NOM
ragah#keranjang;.bakul
==ga#=
onu#apa
na#DEF
n-#ISA.AV uba#tuba
guakng#jiwa
-i-#PST.ACL -m-#ACL teronos#swallowed.up
siga.lama.na#MEREKA
diti#sini
pudn#pun,.bahkan
liaag#belayar
na#DEF
hei#juga
-m-#ACL konop#tambah
aa#itulah
amah#bapa;.ayah
==ga#=
pe-#IMP.ACY g-#ACY.C2 ait#menunggu
ringah#sebelum,.dahulu
tinaman#tanaman
-in-#PST.AV ng-#ISA.AV uah#pergi.ke
keng-#DIR di#kepada
na#DEF
nti#ini
hei#juga
tembakng#payau,.rusa
ladikng#pisau
-in-#PST.ACY kuah#pergi.ke
na#nya
gulu#dahulu
m-#MO.ACY buat#lakukan
nubuh#kemudian
dia#sana
ngelag#mengiris
berhei#benar
dia#sana
jadi#jadi
na#DEF
ina#itu
ina#itu
==hu#=
na#DEF
nubuh#kemudian
bakng#kalau
mah#dan
min-#TOWARD di#kepada
buh#lama;.lampau
ina#itu
m-#MO.ACY ohodn#makan
i-#PST.ACY gu-#ACY.C2 suruh#order
m-#ISA.AV udulih#peduli
hei#juga
pudn#pun,.bahkan
n-#ISA.AV -onggukng#mengusung
punga#COMPL
na#DEF
p-#CAUS.AV inum#minum
-in-#PST.ACY panu#pergi.jalan
senga#seperti
na#DEF
dei#jangan
na#DEF
beig#air
si==#=
siga.lama.na#MEREKA
mah#dan
nd==#BIDAK;.BUKAN= ou#saya;.aku
kuhut#gigi
kina#dahulu;.tadi
kimpusadn#terakhir
suah#hilir
nubuh#kemudian
aa#itulah
ou#saya;.aku
saa#isteri;.suami;.bini;.laki
n-#ATTR.ST tuah#tua
leidn#lain;.bukan
-in-#PST.UV buat#buat
su-#CONT sungad#terbalik
teih#tapi
nubuh#kemudian
sia#3SG.NOM
iit#bawa;.membawa -on#ISA.UV
api#api
nu#engkau;.awak;.saudara;.anda
paya#penting
na#nya
tidi#dari
deirdn.na#ALONE
tiadn#perut
tidi#dari
buh#lama;.lampau
guai#kekasih,.belahan.jiwa
na#DEF
==ku#=
lahi#lelaki
kerah#monyet
na#DEF
biag#hidup
kibilu#uncertainly
nubuh#kemudian
==ku#=
jadi#jadi
m-#ATTR.ST olok#ketakutan
na#DEF
giliu#sneak.out
ou#saya;.aku
hina#tadi
hei#juga
serapakng#sangkap;.serampang
na#DEF
mah#dan
ng-#ISA.AV kuah#pergi.ke
nga#seperti
di#di;.ke;.pada
ndah#tidak
na#DEF
n-#PST.ACH dabuh#fall
kuit#kulit
baar-baar#sungguh
hei#juga
nggien#where
pionsuh#bathe
m-#ISA.AV iaah#ikut;.mengikut;.berjalan.bersama.sama
m-#ATTR.ST olok#ketakutan
tapih#tetapi
orob#belatik
anu#anu
sei#just
su-#CONT suad#bercakap;.mengata;.cakap
gagi#gaji;.upah
berajar#belajar
nga#seperti
engat#reply
-in-#PST.AV ng-#ISA.AV uhubm#percobaan
set#hanya
na.haah.na#SEKARANG
usikng#kucing
buna#pada.sisi.lain
susuh#siput,.kiong
nubuh#kemudian
louk#fish
ou#saya;.aku
robi#malam;.pada.waktu.malam
nu#engkau;.awak;.saudara;.anda
na#DEF
beig#air
m-#ATTR.ST olok#ketakutan
ehi#kami
gien#where
ki-#EXIST ara#ada
nubuh#kemudian
mu-#NPST.ACH sulukng#masuk
sanga#ranting
simbatu#one
==ga#=
nd==#BIDAK;.BUKAN= ara#ada
ng-#ISA.AV biidn#pesan
==ku#=
api#api
di#di;.ke;.pada
amah#bapa;.ayah
poroh#mengatakan
tolu#tiga
na#DEF
mekul#Michael
nd==#BIDAK;.BUKAN= ara#ada
ina#itu
na#DEF
asal#asal
-i-#PST.ACY matakng#datang
==mi#=KAMI
piih#tangan
asu#anjing
ig-#RECP oput#tie
-i-#PST.ACL km#ACL ingad#dekat
m-#ATTR.ST barabm#much
sia#3SG.NOM
na#DEF
di#di;.ke;.pada
ndah#tidak
si==#=
nd==#BIDAK;.BUKAN= ara#ada
na#DEF
buat#lakukan
-i-#PST.ACY m-#MO.ACY ulih#return
adat#adat
mati#mati;.meninggal.dunia
penge-#INSTRV labad#memukul;.pukul
sia#3SG.NOM
me-#NPST.ACH dadi#become
leidn#lain;.bukan
hei#juga
diti#sini
-in-#PST.UV biri#give -adn#ISA.MRK.UV
guai#kekasih,.belahan.jiwa
buaidn.supuluh#BULAN.OKTOBER
peranak#budak,.anak
m-#MO.ACY ulih#return
nubuh#kemudian
-in-#PST.UV tibas#tetak
buh#lama;.lampau
na.haah.na#SEKARANG
na#DEF
tiopukng#tepung
kuiih#sana
nubuh#kemudian
na#DEF
na#DEF
peg#HAVING.Xed sugah#isi
saa#isteri;.suami;.bini;.laki
nti#ini
meng-#TOWARD katih#di.sini
amah#bapa;.ayah
na#DEF
raah#darah
doudn#daun
su-#CONT sugut#sama,.serupa
engat#reply
kem-#ACL ajar#ajar
m-#ATTR.ST barabm#much
tuhad#tangga
na#DEF
nd==#BIDAK;.BUKAN= uhu#engkau.sekalian
k-#MULT.NUM esa#satu
ndah#tidak
pandi#know
sirib#di.bawah
keng-#DIR di#kepada
saa#isteri;.suami;.bini;.laki
punga#setelah
letid#debak
m-#MO.ACY ulih#return
na#DEF
i==#=
na#DEF
berhei#benar
me-#NPST.ACH dadi#become
babi#babi
i-#PST.AV m-#ISA.AV obod#memintal
n-#ISA.AV oluh#chase
bunua#kampung;.benua
aa#itulah
p-#NMLZ beranja#belanja -adn#V.>.NMLZ
toyuk#kecil;.sedikit
ng-#ISA.AV irah#ajar
na#DEF
ki-#EXIST ara#ada
siga.lama.na#MEREKA
n-#PST.ACH abis#selesai
di#di;.ke;.pada
-in-#PST.AV m-#ISA.AV untal#throw
di#di;.ke;.pada
ina#itu
bunuh#bergaduh
sia#3SG.NOM
n-#ISA.AV -opuk#menyumpit
na#DEF
deirdn.na#ALONE
se-#SE m-#LINKER belah#picah
pa#yet
mah#dan
ou#saya;.aku
-in-#PST.AV nge-#ISA.AV saa#isteri;.suami;.bini;.laki
nubuh#kemudian
datag#lantai
saa#isteri;.suami;.bini;.laki
leidn#lain;.bukan
na#DEF
took#masak
pasig#pasir
nge-#ISA.AV -laak#jemur;.menjemur
dalabm#dalam
na#DEF
ndah#tidak
ng-#ISA.AV ipah#simpan;.menaruh;.meletakkan
mual#Mual
menoon#Menoon
mulah#zaman.dahulu
tuni#badan,.tubuh
dei#jangan
na#DEF
ba#EMPHATIC
oduh#nenek
-i-#PST.UV totok#memotong
na#DEF
puruh#pulau
si==#=
hei#juga
i-#PST.ACH bomboi#empangan -dn#V.>.ADVRS
languh#ipar
lahi#man
ng-#ISA.AV kuah#pergi.ke
mintohog#ular.kobra
keng-#DIR di#kepada
na#DEF
nu#engkau;.awak;.saudara;.anda
i==#=
nd==#BIDAK;.BUKAN= ara#ada
gibakng#kiri
belaha#Beleha
mah#dan
diaadn#saya
nga#seperti
n-#ISA.AV ibas#tetak
na#DEF
na#DEF
-in-#PST.AV ng-#ISA.AV uah#pergi.ke
na#DEF
-in-#PST.ACH kohot#dried.up
nd==#BIDAK;.BUKAN= ara#ada
baar#betul;.penting;.benar;.tepat
kumut#sarung
m-#MO.ACY ohodn#makan
kuiih#sana
nibalu#Gunung.Kinabalu
tidi#dari
na.haah.na#SEKARANG
na#DEF
beig#air
mah#dan
leidn#bukan
hei#juga
ponuh#Ponuh
punga#COMPL
n-#ISA.AV -ambukng#sambung
jadi#jadi
bas#pernah
na#DEF
puluh#sepuluh
nubuh#kemudian
bobo#mendukung
oid#perahu
na#DEF
tanah#ground
m-#MO.ACY ohodn#makan
taha#awak;.engkau;.saudara;.anda
sulikng#suling;.bangsi;.seruling
na#DEF
uubm#berkata
punggah#bagaimana
api-api#Kota.Kinabalu
nunga#Nunga
-i-#PST.ACY matakng#datang
esi#siapa
aa#itulah
di#di;.ke;.pada
na#DEF
ng-#ISA.AV irubm#look.for
sugah#isi
na#DEF
mekul#Michael
na#DEF
bitakng#punggung
buaidn#bulan
bas#pernah
ipus#ekor
ny==#=
ki-#EXIST ara#ada
gien#where
nubuh#kemudian
berhei#benar
saa#isteri;.suami;.bini;.laki
uubm#berkata
telak#terang.benderang
na#DEF
ndah#tidak
na#DEF
onu#apa
na#DEF
-i-#PST.UV kumut#sarung
diha#engkau
ny==#=
na.haah.na#SEKARANG
ina#itu
saa#isteri;.suami;.bini;.laki
ny==#=
bas#pernah
nga#seperti
gien#where
na.haah.na#SEKARANG
komit#menjaga
siga.lama.na#MEREKA
tempak#di.atas
biag#hidup
uhuman#cara.cara;.hukuman
poroh#mengatakan
asal#asal
aha#awak;.engkau;.saudara;.anda
==ku#=
asal#asal
na#DEF
singgurua#seperti,.serupa..sebagai;.seperti;.seolah.olah
na#DEF
i==#=
nubuh#kemudian
nyawa#nyawa
diaadn#saya
min-#TOWARD di#kepada
-i-#PST.UV totok#memotong
diaadn#saya
ou#saya;.aku
na#nya
nu#engkau;.awak;.saudara;.anda
mi-#ATTR.ST gia#besar
ndah#tidak
suad#bercakap;.mengata;.cakap
antan#Antan
kei#juga
tapih#tetapi
m-#ISA.AV oroh#mengatakan
ulakng#ular
ontokng#type.of.medicinal.plant
-i-#PST.UV lobokng#kubur
hei#juga
terapus#botol
tetak#tinggal
di#di;.ke;.pada
kiou#kayu
si==#=
na#DEF
si==#=
mengin#ingin
ihi#kami
supakng#kecambah
satu#satu
ngai#get
ngai#get
-in-#PST.AV ng-#ISA.AV uah#pergi.ke
lubah#ujung.damak
baar#betul;.penting;.benar;.tepat
di#di;.ke;.pada
pu-#IMP.ACY -gumbai#menginap
maap#boleh
diaadn#saya
barabm#banyak
i==#=
na#DEF
-in-#PST.ACY g-#ACY.C2 uubm#bahasa
nubuh#kemudian
na.haah.na#SEKARANG
na#now
bajuh#baju;.kemeja
m-#ATTR.ST olok#ketakutan
libudn#woman
peg#HAVING.Xed luas#exit
poroh#mengatakan
punga#COMPL
na#now
sultadn#sultan
suikng#flowerpecker
m-#ISA.AV -onsuh#mandi
na.haah.na#SEKARANG
bubu#bubu
-um-#MO.ACY suak#enter
-i-#PST.ACY matakng#datang
ndah#tidak
onu-onu.ga#anything
na#DEF
na#DEF
na#DEF
mi-#ATTR.ST gia#besar
m-#MO.ACY ohodn#makan
suad#bercakap;.mengata;.cakap
kiaardn.na#ada
ny==#=
ihi#kami
punga#COMPL
m-#ATTR.ST olok#ketakutan
daidn#jalan;.denai;.jalan.kecil
lipa#Lipa
me-#NPST.ACH -teirdn#lost
kaadn#datang;.pergi
di#di;.ke;.pada
m-#ATTR.ST inak#lemak
m-#ISA.AV iaah#ikut;.mengikut;.berjalan.bersama.sama
k-#MULT.NUM esa#satu
ei#adu
na#DEF
abih#Abih
odu#hari
sikng#seperti
supakng#kecambah
hei#juga
==mi#=KAMI
na#DEF
m-#MO.ACY panu#pergi.jalan
nubuh#kemudian
g-#ACY.C2 ipad#berhenti
==ku#=
misit#mengupas
munusiah#manusia
ali#lain
na#DEF
kupih#kopi
mah#dan
na#DEF
dunyah#dunia,.bumi
bas#bas
si==#=
ig-#RECP loon#lawan
dia#sana
singgurua#seperti,.serupa..sebagai;.seperti;.seolah.olah
in-#PST.ACH -ega#abort -adn#V.>.ADVRS
deirdn.na#ALONE
na#DEF
keng-#DIR di#kepada
rua#condition
buat#lakukan
m-#ISA.AV -intut#mencabut
anak.miringin#MOLLEANGAN.KECIL
tuan#pelabuhan
uubm#berkata
iit#bawa;.membawa -on#ISA.UV
m-#ISA.AV iaah#ikut;.mengikut;.berjalan.bersama.sama
libudn#woman
ina#itu
ki-#EXIST ara#ada
ki-#EXIST ara#ada
na#DEF
pungguah#hantu
na#DEF
kusang#Kusang
kerah#monyet
na#DEF
adak#sikit.lagi;.hampir
mah#dengan
==ga#=
gilin#ember
api#api
ny==#=
suad#bercakap;.mengata;.cakap
-in-#PST.ACY panu#pergi.jalan
lompud#run
na#FOCUS
beig#air
i==#=
deirdn.na#ALONE
uubm#berkata
paig#tapak.tangan
mual#Mual
penah#meskipun
-in-#PST.AV n-#ISA.AV ulus#follow
ki-#EXIST ara#ada
nda#mereka
suad#bercakap;.mengata;.cakap
totog#pasti
tirima#terima
gouk#harm
ku-#NMLZR susa#sulit,.sukar -adn#NMLZR
pa#yet
ki-#POSS ara#ada
si==#=
meng-#TOWARD katih#di.sini
ladikng#pisau
diti#sini
itala#Allah
beig#air
ng-#ISA.AV ompuh#sepupu
tuah#tua
==a#=AWAK;.ENGKAU;.SAUDARA;.ANDA
nggien#di.mana
hei#juga
ihi#kami
nyu#2PL.POSS
mah#dengan;.sama
ponuh#Ponuh
na#DEF
languh#ipar
punga#setelah
tiga#tiga
rua#condition
si==#=
g-#ACY.C2 ilakng#lay.down
-i-#PST.ACY matakng#datang
na#DEF
na#DEF
toyuk#Toyuk
na#DEF
i==#=
na#DEF
diti#sini
m-#MO.ACY apit#singgah
m-#MO.ACY panu#pergi.jalan
n-#ISA.AV oluh#chase
asal#asal
ngai#get
agih.lipa#HAJI.LIPA
pandi#know
na#DEF
ina#itu
simbatu#one
tangga#from
haah.na#MENDEKATI
ndah#tidak
mi-#ATTR.ST gia#besar
na#DEF
asal#asal
mual#Mual
aha#awak;.engkau;.saudara;.anda
bali#rumah
buh#lama;.lampau
na#DEF
duduh#buah.dada
nd==#BIDAK;.BUKAN= ara#ada
kibilu#uncertainly
na#DEF
mah#dan
m-#MO.ACY ulih#return
hei#juga
==hi#=KAMI
leksiadn#Laksian
banggi#bangkai,.mayat
na#DEF
na#DEF
peidn#juga
mah#dan
m-#ISA.AV -uru#take.down
-in-#PST.AV m-#ISA.AV ori#give
-i-#PST.ACY matakng#datang
-in-#PST.AV m-#ISA.AV osi#pancing;.mata.kail
nu#AUX.UV -an#ISA.UV
na#DEF
nubuh#kemudian
kahah#kakak
-in-#PST.ACY panu#pergi.jalan
na#DEF
na#DEF
-i-#PST.ACY m-#MO.ACY ulih#return
pinsagih#segi
simbatu#one
daidn#jalan;.denai;.jalan.kecil
adat#adat
si==#=
mulah#zaman.dahulu
n-#ISA.AV uart#surat
engat#reply
pe-#IMP.ACY ge-#ACY.C2 saa#isteri;.suami;.bini;.laki
-in-#PST.AV n-#ISA.AV unu#bakar
kuman#pakcik;.bapa.saudara
orob#belatik
dei#jangan
mah#dan
baar-baar#sungguh
bunua#kampung;.benua
punga#setelah
punga#setelah
==ga#=
buh#lama;.lampau
na#DEF
matakng#datang
bas#pernah
di#di;.ke;.pada
di#di;.ke;.pada
didn#saya
m-#MO.ACY buat#lakukan
-i-#PST.ACY m-#MO.ACY uhad#leave
na#DEF
pudn#pun,.bahkan
me-#NPST.ACH rari#lari
na#DEF
bali#rumah
na#DEF
na#DEF
ny==#=
ng-#ISA.AV amad#melubangi
aha#awak;.engkau;.saudara;.anda
ou#saya;.aku
-i-#PST.UV sugah#isi
-in-#PST.UV tolnon#telan
punga#COMPL
nd==#BIDAK;.BUKAN= ara#ada
==ku#=
mah#dan
ina#itu
==a#=AWAK;.ENGKAU;.SAUDARA;.ANDA
leidn#bukan
nelayan#kapal.yang.ada.pukat
-in-#PST.UV biaan#pengangkutan
na#DEF
diaadn#saya
nge-#ISA.AV -laak#jemur;.menjemur
turus#terus
ndah#tidak
buh#lama;.lampau
na#DEF
kuiih#sana
nge-#ISA.AV -radu#membajak
mengin#ingin
mah#dan
teih#tapi
mah#dan
na#DEF
di#di;.ke;.pada
diaadn#saya
ilal#Ilal
m-#ATTR.ST olok#ketakutan
bunua#kampung;.benua
punti#pisang
intakng#napas
hei#juga
belaha#Beleha
-in-#PST.ACY giaabm#jam
ndah#tidak
bakng#kalau
agih.lipa#HAJI.LIPA
nti#ini
baar-baar#sungguh
di#di;.ke;.pada
na#DEF
-i-#PST.UV sobit#attached.to.smthg
mati#mati;.meninggal.dunia
bunua#kampung;.benua
bakng#kalau
ndah#tidak
ba#EMPHATIC
ndah#tidak
==ga#=
sulikng#suling;.bangsi;.seruling
ba#EMPHATIC
sungad#terbalik
asu#anjing
na#DEF
beg#kalau ina#itu
adat#adat
mual#Mual
saa#isteri;.suami;.bini;.laki
==ga#=
mekul#Michael
ba#EMPHATIC
na#DEF
bilugadn#cicak
sia#3SG.NOM
m-#ISA.AV irta#khabar,.berita
ou#saya;.aku
malik#again
sia#3SG.NOM
mulah#zaman.dahulu
sia#3SG.NOM
==ga#=
adak#sikit.lagi;.hampir
hei#juga
sia#3SG.NOM
hei#juga
sahit#sakit
na#DEF
poroh#mengatakan
ndah#tidak
anggar#sirih;.daun.sirih
-i-#PST.ACY matakng#datang
engat#reply
m-#ISA.AV iaah#ikut;.mengikut;.berjalan.bersama.sama
jadi#jadi
padi#pokok.padi
-i-#PST.ACL -m-#ACL damah#kotor
-in-#PST.ACH loput#putus
hei#juga
urang.tuah#ketua.kampung,.kepala.desa
n-#PST.ACH tutukng#terbakar;.membakar
uhubm#trial
oid#perahu
nanak#ALMARHUM.ANAK
libudn#woman
na#DEF
na#DEF
==ga#=
nubuh#kemudian
na#DEF
katal.pam#rancangan
na.haah.na#SEKARANG
nentaadn.na#ALL
min-#TOWARD di#kepada
guakng#jiwa
odu-odu#setiap.hari
keng-#DIR di#kepada
rua#condition
na#DEF
ngai#get
kirab#kelmarin;.semalam
bali#rumah
hei#juga
ndah.pa#BELUM;.BELUM.LAGI;.
ki-#EXIST ara#ada
-i-#PST.UV p-#CAUS.AV inggat#makan.sirih
tapih#tetapi
bali.raya#BALAI.RAYA,.BALAI.KOTA
pusud#saudara
nd==#BIDAK;.BUKAN= ara#ada
obu#bau
na#DEF
nubuh#kemudian
==ga#=
m-#ISA.AV oroh#mengatakan
na#DEF
pasi#lagi
di#di;.ke;.pada
m-#ISA.AV irik#membongkar.sauh;.mengangkat.sauh m-#ISA.AV irik#membongkar.sauh;.mengangkat.sauh
ki-#EXIST ara#ada
jadi#jadi
punga#setelah
ina#itu
londukng#pondok
suad#bercakap;.mengata;.cakap
==ku#=
alih#bung
mah#dan
asu#anjing
tidi#dari
bonggi#Banggi
punga#COMPL
==ga#=
siga#PLURAL
na#DEF
m-#MO.ACY ohodn#makan
na#nya
dioo#di.sana
na#FOCUS
mati#mati;.meninggal.dunia
kuhut#gigi
na#DEF
mv-#NPST.ACH ibis#selesai -adn#V.>.ADVRS
==ga#=
-in-#PST.AV ng-#ISA.AV urnas#berisi;.gosok
na.haah.na#SEKARANG
na#DEF
pe-#IMP.ACY g-#ACY.C2 meykap#bedak,.dandan
m-#ISA.AV -onsuh#mandi
diha#engkau
na#DEF
ou#saya;.aku
buh#lama;.lampau
na#DEF
na#DEF
nd==#BIDAK;.BUKAN= ara#ada
m-#ATTR.ST oduh#jauh
-in-#PST.ACY gandakng#gendang
ina#itu
kirab#kelmarin;.semalam
bas#pernah
belaha#Beleha
na#DEF
tidi#dari
pelanduk#pelanduk
si==#=
penah#meskipun
guai#kekasih,.belahan.jiwa
mengin#ingin
ta#berdua
gatakng#berian
m-#ISA.AV oroh#mengatakan
duah#descend
hei#juga
asal#asal
koort#pemotong
alih#bung
ou#saya;.aku
di#di;.ke;.pada
bakng#kalau
-in-#PST.ACY m-#ISA.AV iaah#ikut;.mengikut;.berjalan.bersama.sama
baar-baar#sungguh
baru#young
nd==#BIDAK;.BUKAN= ara#ada
kei#juga
-em-#MO.ACY teis#tangis
mekul#Michael
na#DEF
ndah#tidak
m-#MO.ACY abat#jawab
turuh#tujuh
ny==#=
m-#NPST.CAUS.AV m-#ISA.AV -onsuh#mandi
tindiangan#persimpangan
belaha#Beleha
kudat#Kudat
keng-#DIR di#kepada
bali#rumah
m-#ISA.AV iaah#ikut;.mengikut;.berjalan.bersama.sama
su-#CONT suad#bercakap;.mengata;.cakap
na#DEF
ringah#sebelum,.dahulu
pandi#know
odu#hari
-in-#PST.ACY panu#pergi.jalan
ou#saya;.aku
==ga#=
m-#ISA.AV iaah#ikut;.mengikut;.berjalan.bersama.sama
sia#3SG.NOM
pakng.lima#KETUA.KAMPUNG,.KEPALA.DESA
poroh#mengatakan
na#DEF
ulu#kepala
-m-#ACL tuhal#kurus
na.haah.na#SEKARANG
ina#itu
musa#Musa
nagah#naga
gulu#dahulu
diaadn#saya
na#DEF
pandi#know
gaabm#lebih.baik;.tambahan.pula
pudn#pun,.bahkan
m-#ATTR.ST pia#bagus;.baik
na#nya
ina#itu
tolu#tiga
keng-#DIR di#kepada
diti#sini
na#DEF
na#DEF
m-#ISA.AV iaah#ikut;.mengikut;.berjalan.bersama.sama
mah#dan
siga.lama.na#MEREKA
ina#itu
turuh#tujuh
singgurua#seperti,.serupa..sebagai;.seperti;.seolah.olah
na#DEF
di#di;.ke;.pada
peg#HAVING.Xed -door#hear
na#DEF
na#DEF
==ga#=
punti#pisang
ali#beberapa
bunua#kampung;.benua
na#DEF
belaha#Beleha
ng-#ISA.AV ahap#berkunjung
na#DEF
kita#kita.berdua
tembakng#payau,.rusa
peis#pisau
gulu#dahulu
mah#dengan;.sama
apuh#datuk,.kakek
bakng#kalau
set#hanya
na#DEF
punga#setelah
kei#juga
nubuh#kemudian
bali#rumah
oid#perahu
be-#VBLZR guna#guna
-i-#PST.ACH mati#mati;.meninggal.dunia
-i-#PST.ACL km#ACL biru#biru
koo#sayap
-i-#PST.UV totok#memotong
eyrat#alam.baka
kibunggakng#hairan
m-#ISA.AV anggil#panggil
n-#ISA.AV -ingguluh#perlihatkanlah
robi#malam;.pada.waktu.malam
buaidn.sebelas#BULAN.NOVEMBER
na#DEF
punga#COMPL
na#DEF
-in-#PST.ACY g-#ACY.C2 api#api
m-#ATTR.ST pia#bagus;.baik
buaidn.paat#BULAN.APRIL
ng-#ISA.AV irubm#look.for
nd==#BIDAK;.BUKAN= ou#saya;.aku
gien#where
nti#ini
si==#=
ngu-#ISA.AV duaa#doa
deirdn.na#ALONE
lobokng#kubur
n-#ISA.AV ogih#bunting;.hamil;.mengandung
suruh#direct
ndah#tidak
leidn#bukan
na#FOCUS
diti#sini
na#DEF
na#DEF
nubuh#kemudian
pandi#know
n-#ATTR.ST togih#bunting;.hamil;.mengandung
ina#itu
nge-#ISA.AV -loos#bersi;.merambah
sikiou#ubi.kayu
onsi#daging
i-#PST.AV ngi-#ISA.AV dihit#light.fire
sodi#samping,.di.samping
ina#itu
nggien#di.mana
rumbur#angka
engat#reply
i-#PST.ACY gu-#ACY.C2 suruh#order
di.tempak#DI.ATAS
na#DEF
diaadn#saya
n==#=
dolok#hujan
m-#ISA.AV oroh#mengatakan
bonti#jembatan
-i-#PST.ACY -m-#MO.ACY duah#descend
-in-#PST.ACY ge-#ACY.C2 saa#isteri;.suami;.bini;.laki
nd==#BIDAK;.BUKAN= ara#ada
languh#ipar
na#DEF
==ku#=
nu#engkau;.awak;.saudara;.anda
buh#lama;.lampau
g-#ACY.C2 ipad#berhenti
matakng#datang
nubuh#kemudian
m-#MO.ACY ogot#pigang
ngim-#DIR pelei#sihir
toyuk#kecil;.sedikit
buna#pada.sisi.lain
na#DEF
ou#saya;.aku
leidn#lain;.bukan
biri#give -adn#ISA.MRK.UV
-in-#PST.AV m-#ISA.AV oroh#mengatakan
teih#tapi
ng-#ISA.AV ohol#gigit,.menggigit
hei#juga
tilug#telur
osi#siapa
medoot#barang,.benda
hei#juga
hei#juga
kemaah#disembuhkan
na.haah.na#SEKARANG
tiadn#perut
na#DEF
ndah#tidak
sia#3SG.NOM
buh#lalu
sedah#ikan
na#DEF
pudulih#peduli
bakng#kalau
dei#jangan
mulah#zaman.dahulu
belaha#Beleha
di#di;.ke;.pada
bakng#kalau
pe-#IMP.AV m-#ISA.AV ahi#pakai
punga#COMPL
ndah#tidak
-i-#PST.UV p-#CAUS.AV inggat#makan.sirih
si==#=
bakng#kalau
gulu#dahulu
hei#juga
di#di;.ke;.pada
sia#3SG.NOM
baris#baris
-i-#PST.ACY matakng#datang
siga#PLURAL
lahi#lelaki
si==#=
ou#saya;.aku
umpil#Umpil
hei#juga
na#DEF
na#nya
ina#itu
ny==#=
pin-#INSTRV sigat#bundle
na#DEF
na#DEF
kahah#kakak
alih#bung
peg-#ITER liid-#LIHAT;.TENGOK liid#lihat;.tengok
ngai#get
tina#nanti
i==#=
ng-#ISA.AV iup#meniup
na#DEF
guai#kekasih,.belahan.jiwa
-in-#PST.ACY m-#ISA.AV iaah#ikut;.mengikut;.berjalan.bersama.sama
tentang#tentang
tuurdn-munuurdn#turun.temurun
nentaadn.na#ALL
ndah#tidak
lahi#lelaki
nubuh#kemudian
gi-#ACY.C2 tau#know
mual#Mual
ringah#sebelum,.dahulu
==ga#=
n-#ISA.AV uug#tuang
ig-#ACY.C2 tomu#temu
langgu-langgu#approximate.length
na#DEF
hei#juga
hei#juga
n-#ISA.AV onduk#senduk
in-#PST.UV ihad#batuk
mulah#zaman.dahulu
na#nya
peg-#ITER liid-#LIHAT;.TENGOK liid#lihat;.tengok
ke-#ABILITY pati#kill
nubuh#kemudian
m-#MO.ACY abat#jawab
i==#=
sida#PLURAL
si==#=
gah#oleh
oid#perahu
ki-#EXIST ara#ada
siga#PLURAL
esi-esi.ga#siapa.sahaja
bobu#bisu
punga#setelah
adat#adat
simbatu#one
bali#rumah
punga#setelah
siga#PLURAL
singgurua#seperti,.serupa..sebagai;.seperti;.seolah.olah
==mi#=KAMI
nubuh#kemudian
m-#ATTR.ST olok#ketakutan
kuub#dada
pudulih#peduli
bali#rumah
tau#know
nentaadn.na#ALL
m-#MO.ACY ohodn#makan
ou#saya;.aku
dioo#di.sana
jadi#jadi
-in-#PST.ACY g-#ACY.C2 ohodn#makan
nu#AUX.UV -an#ISA.UV
suad.tuah-mulah#CERITA.DONGENG
-em-#MO.ACY teis#tangis
nubuh#kemudian
bunua#kampung;.benua
ndah#tidak
urakng#orang
n-#ISA.AV -anam#menanam
soid#di.dalam
na#DEF
m-#MO.ACY buat#lakukan
na#DEF
tetoog#agung
na#DEF
na#now
libungan#puncak.gedung
ina#itu
naah#boleh
ndah#tidak
na#DEF
m-#ISA.AV erook#kebun
amah#bapa;.ayah
i==#=
tentakng#tentang
puudn#tree
babi#babi
tentabadn#jejak.kebun
hina#tadi
m-#ISA.AV iaah#ikut;.mengikut;.berjalan.bersama.sama
balik#balik
nge-#ISA.AV gadah#make.exclamation
ngu-#ISA.AV duah#descend
nubuh#kemudian
na#DEF
i==#=
si==#=
i==#=
anu#anu
nubuh#kemudian
inagah#naga
bakng#kalau
gulu#dahulu
giliu#sneak.out
mah#dan
bunua#kampung;.benua
na#DEF
-i-#PST.ACY -m-#MO.ACY apit#singgah
languh#ipar
ina#itu
si==#=
poroh#mengatakan
pandi#know
na#DEF
ng==#=
mah#dan
ki-#EXIST ara#ada
sei#just
nd==#BIDAK;.BUKAN= ou#saya;.aku
na#DEF
hei#juga
gulu#dahulu
nga#seperti
lobokng#kubur
penah#meskipun
ouu#oh
pegah#Limbuak
ndah#tidak
-in-#PST.UV biri#give -adn#ISA.MRK.UV
==ga#=
ou#saya;.aku
-in-#PST.ACY gin-#ACY.C2 ohodn#makan
nti#ini
pandi#know
diaadn#saya
nubuh#kemudian
-in-#PST.ACY g-#ACY.C2 -ori#bercerai
lahi#lelaki
bunua#kampung;.benua
-i-#PST.ACY -m-#MO.ACY duah#descend
kiaardn.na#ada
menahadn#ponakan
lahi#lelaki
kiou#kayu
ou#saya;.aku
punga#COMPL
nge-#ISA.AV -reikng#mengerang
posok#pucuk
sida#PLURAL
gandubm#jagung
na#DEF
puruh#pulau
n==#=
mah#dan
m-#ISA.AV -onsuh#mandi
di#di;.ke;.pada
kiou#kayu
ng-#ISA.AV irah#ajar
kumut#sarung
na#DEF
katih#di.sini
mah#dan
bakng#kalau
ribut#tengkujuh
na#DEF
ng-#ISA.AV irubm#look.for
ina#itu
si==#=
ou#saya;.aku
m-#MO.ACY ohodn#makan
pandi#know.how
nubuh#kemudian
engat#reply
nubuh#kemudian
libudn#woman
diaadn#saya
pandi#know
musa#Musa
beranti#berhenti
na#DEF
bakng#kalau
ei#adu
tenggabadn#tembakan
apuh#datuk,.kakek
ina#itu
konu-onu#apa.sahaja
apuh.oduh#leluhur,.nenek.moyang
na#DEF
pirinta#perintah;.kerajaan
ou#saya;.aku
ng-#ISA.AV kuah#pergi.ke
nge-#ISA.AV dabuh#fall
ari.buaidn#DATE
in-#PST.UV ohodn#makan
kua#pergi.ke -adn#ISA.UV
pusud#saudara
pe-#IMP.ACY g-#ACY.C2 amah#bapa;.ayah
simbatu#one
apuh#datuk,.kakek
bonggi#Banggi
uhubm#trial
matakng#datang
supakng#kecambah
na#DEF
na#DEF
diaadn#saya
bonggi#Banggi
==a#=AWAK;.ENGKAU;.SAUDARA;.ANDA
mah#dan
menoon#Menoon
dei#jangan
m-#NPST.ACH id#lihat;.tengok -adn#V.>.ADVRS
kua#pergi.ke -adn#ISA.UV
nu#AUX.UV -an#ISA.UV
deirdn.na#ALONE
i==#=
birta#khabar,.berita
matus#seratus
bali#rumah
==ga#=
ig-#ACY.C2 balik-#CONTINUOUS.ASP balik#again
tundah#tansi
asal#asal
na#DEF
nge-#ISA.AV -laas#chop.smthg
simbatu#one
tapih#tetapi
pati-pati#keep.dying
nu#engkau;.awak;.saudara;.anda
tala#Allah
mah#dan
deirdn.na#ALONE
peranggih#nenas
nubuh#kemudian
kerah#monyet
suhu#suku
na#nya
-i-#PST.ACH mati#mati;.meninggal.dunia
na#nya
-m-#ACL togih#bunting;.hamil;.mengandung
ertah#ingin,.ambisi
aa#itulah
m-#ATTR.ST olok#ketakutan
deirdn.na#ALONE
ina#itu
na#DEF
n-#ISA.AV utukng#terbakar;.membakar
simbatu#one
-in-#PST.UV kiab#kipas
m-#ISA.AV anggil#panggil
nubuh#kemudian
jadi#jadi
guai#kekasih,.belahan.jiwa
ina#itu
==mi#=KAMI
buh#lama;.lampau
ny==#=
ari#hari
nubuh#kemudian
di#di;.ke;.pada
sia#3SG.NOM
na#DEF
n-#PST.ACY ig-#ACY.C2 -tatakng#jaga;.tatang
punga#setelah
nga#seperti
na#DEF
rumbur#angka
na#DEF
aha#awak;.engkau;.saudara;.anda
punga#setelah
kerah#monyet
mekul#Michael
ng-#ATTR.ST kasap#kasar
i==#=
se-#SE tengah#setengah
si==#=
keng-#DIR di#kepada
apuh#datuk,.kakek
nu#AUX.UV -an#ISA.UV
oduh#nenek
i==#=
batad#type.of.vegetable
di#di;.ke;.pada
min-#TOWARD di#kepada
iuh#rela
peg-#ITER liid-#LIHAT;.TENGOK liid#lihat;.tengok
m-#ATTR.ST olok#ketakutan
bunua#kampung;.benua
ou#saya;.aku
kei#juga
saa#isteri;.suami;.bini;.laki
ndah#tidak
sia#3SG.NOM
rarukng#peti.mati
mah#dan
man#mengapa
lima#lima
baa#mari.pergi
di#di;.ke;.pada
na#DEF
ina#itu
petah#amat
-i-#PST.ACL -m-#ACL utakng#buruk
mulah#zaman.dahulu
pa#yet
dolok#hujan
m-#MO.ACY ien#stay
ng-#ATTR.ST gulu#dahulu